status,title,authors,year,venue,doi,url,tags,abstract,provider,decision_source,llm_confidence,llm_review_outcome,llm_change_direction
discarded,Advocacy 20 years on from Hampel: is it time we revisited the postgraduate teaching of advocacy?,"Davies, Gemma Louise; Welsh, James",2017,LAW TEACHER,10.1080/03069400.2016.1201740,https://www.webofscience.com/wos/woscc/full-record/WOS:000424625000002,adjacent-subtopic; adjacent_constructivist_argument; advocacy_teaching; not_empirical_ps_i,"This paper seeks to discuss the teaching of advocacy as a discipline with specific reference to the way in which advocacy is taught on the Bar Professional Training Course in England and Wales. The Advocacy Training Council favours the Hampel Method of teaching advocacy first developed more than 20 years ago in Australia. The paper seeks to review theuse f the Hampel Method by offering a critique of behaviourist learning theory from a constructivist standpoint and putting forward alternative teaching techniques which are in harmony with the principles of constructivism, experiential learning and productive failure. We conclude that the teaching of advocacy can be improved and that greater scholarship is needed in this important area to ensure students are taught using the best techniques.",wos,llm,0.910,unreviewed,
discarded,Productive failure in a machine-centric universe,"Hesselberth, Pepita",2016,SHORT FILM STUDIES,10.1386/sfs.6.2.213_1,https://www.webofscience.com/wos/woscc/full-record/WOS:000381604800015,off-topic-false-hit; other_topic; film_studies; not_learning,"Drawing on the writings of Borgmann, Virilio and Lazzarato, this article comments on the prevalence of failure in Draft: the failure to communicate, the failure of technology, of perception, and arguably of war. Productive failure, I set out to demonstrate, is the key component of the film's cultural critique.",wos,llm,0.990,unreviewed,
discarded,Theorizing Failure in US Writing Assessments,"Inoue, Asao B.",2014,RESEARCH IN THE TEACHING OF ENGLISH,,https://www.webofscience.com/wos/woscc/full-record/WOS:000332262100005,adjacent-subtopic; adjacent_failure_in_writing; not_ps_i,"How do teachers define failure when learning to write? We don't ask the question often enough. In this article, I attempt to offer a definition and critique of the nature and production of failure in writing classrooms and programs. I argue that the production of failure in writing assessments can create more purposeful consequences, particularly for those historically most likely to suffer ""failure"" in writing classrooms: students of color, multilingual students, and working-class students. Drawing upon survey and grade data from California State University, Fresno, I examine two kinds of failure produced in writing classrooms, quality-failure and labor-failure. I argue that quality-failure (associated with judging the quality of drafts) is the least useful kind of failure for writing classrooms, while labor-failure (associated with work and effort) offers better consequences for student-writers and can help articulate a more robust writing construct by including noncognitive dimensions of writing. I conclude by proposing ""productive failure"" as a future possibility for writing classrooms.",wos,llm,0.970,unreviewed,
discarded,"Contrasts in student engagement, meaning-making, dislikes, and challenges in a discovery-based program of game design learning","Reynolds, Rebecca; Caperton, Idit Harel",2011,ETR&D-EDUCATIONAL TECHNOLOGY RESEARCH AND DEVELOPMENT,10.1007/s11423-011-9191-8,https://www.webofscience.com/wos/woscc/full-record/WOS:000290220200007,adjacent-subtopic; adjacent_discovery_learning; game_design; not_ps_i,"This implementation study explores middle school, high school and community college student experiences in Globaloria, an educational pilot program of game design offered in schools within the U. S. state of West Virginia, supported by a non-profit organization based in New York City called the World Wide Workshop Foundation. This study reports on student engagement, meaning making and critique of the program, in their own words. The study's data source was a mid-program student feedback survey implemented in Pilot Year 2 (2008/2009) of the 5 year design-based research initiative, in which the researchers posed a set of open-ended questions in an online survey questionnaire answered by 199 students. Responses were analyzed using inductive textual analysis. While the initial purpose for data collection was to elicit actionable program improvements as part of a design-based research process, several themes emergent in the data tie into recent debates in the education literature around discovery-based learning. In this paper, we draw linkages from the categories of findings that emerged in student feedback to this literature, and identify new scholarly research questions that can be addressed in the ongoing pilot, the investigation of which might contribute new empirical insights related to recent critiques of discovery based learning, self-determination theory, and the productive failure phenomenon.",wos,llm,0.950,unreviewed,
discarded,More vs. less cognitive offloading from ai assistants: impacts on novices’ collaborative performance and skill development,Ding H.,2027,Information Processing and Management,10.1016/j.ipm.2026.105046,https://www.scopus.com/inward/record.uri?partnerID=HzOxMe3b&scp=105044811356&origin=inward,off-topic-false-hit; other_ai_ml; ai_assistants; not_ps_i,,scopus,llm,0.970,unreviewed,
discarded,"Fluent, confident, wrong: Why LLMs' most underexploited pedagogical use is producing errors",Naser M.Z.,2026,Thinking Skills and Creativity,10.1016/j.tsc.2026.102307,https://www.scopus.com/inward/record.uri?partnerID=HzOxMe3b&scp=105044158058&origin=inward,adjacent-subtopic; adjacent_errors_with_ai; conceptual_piece; not_ps_i,,scopus,llm,0.900,unreviewed,
discarded,"Tool, tutor, or crutch?: A grounded theory of cognitive scaffolding and offloading in AI-assisted programming education",Liu D.,2026,International Journal of Stem Education,10.1186/s40594-025-00592-w,https://www.scopus.com/inward/record.uri?partnerID=HzOxMe3b&scp=105034340137&origin=inward,off-topic-false-hit; other_ai_ml; ai_programming_scaffolding; not_ps_i,,scopus,llm,0.970,unreviewed,
discarded,Five Educational-Psychology Lenses for Training and Evaluating AI Models,Wang P.,2026,Educational Psychology Review,10.1007/s10648-026-10195-8,https://www.scopus.com/inward/record.uri?partnerID=HzOxMe3b&scp=105043656133&origin=inward,off-topic-false-hit; other_ai_ml; ai_model_training; not_ps_i,,scopus,llm,0.980,unreviewed,
discarded,The impact of item-writing flaws on difficulty and discrimination in item response theory,Schmucker R.,2026,Computers and Education Artificial Intelligence,10.1016/j.caeai.2026.100632,https://www.scopus.com/inward/record.uri?partnerID=HzOxMe3b&scp=105043319677&origin=inward,off-topic-false-hit; other_ai_ml; item_response_theory; not_ps_i,,scopus,llm,0.980,unreviewed,
discarded,Assessing the short- and long-term impacts of safety training and education: a systematic literature review and meta-regression,Lovreglio R.,2026,Safety Science,10.1016/j.ssci.2026.107332,https://www.scopus.com/inward/record.uri?partnerID=HzOxMe3b&scp=105043979188&origin=inward,adjacent-subtopic; adjacent_systematic_review; safety_training; not_ps_i,,scopus,llm,0.980,unreviewed,
discarded,Listening as method: She speaks and the case for podcasting as a feminist research methodology in women's non-medicalised self-care,Lemon N.,2026,Women S Studies International Forum,10.1016/j.wsif.2026.103398,https://www.scopus.com/inward/record.uri?partnerID=HzOxMe3b&scp=105048018079&origin=inward,off-topic-false-hit; other_topic; research_methodology; not_ps_i,,scopus,llm,0.990,unreviewed,
discarded,What task to offload to GenAI in the writing feedback process? – Effects of task-offloading approaches on EFL learners’ writing skill development,Lai C.,2026,Computers and Education,10.1016/j.compedu.2026.105675,https://www.scopus.com/inward/record.uri?partnerID=HzOxMe3b&scp=105040537130&origin=inward,off-topic-false-hit; other_ai_ml; genai_writing_feedback; not_ps_i,,scopus,llm,0.960,unreviewed,
discarded,"Can asynchronous learning modules about generative AI increase students’ knowledge, skills, and self-efficacy for genAI?",Connell Pensky A.E.,2026,Computers and Education,10.1016/j.compedu.2026.105640,https://www.scopus.com/inward/record.uri?partnerID=HzOxMe3b&scp=105036450212&origin=inward,off-topic-false-hit; other_ai_ml; genai_modules; not_ps_i,,scopus,llm,0.970,unreviewed,
discarded,Which practice makes perfect? The role of variability and agency in learning adaptive problem solving,Planells H.,2026,Acta Psychologica,10.1016/j.actpsy.2026.107546,https://www.scopus.com/inward/record.uri?partnerID=HzOxMe3b&scp=105045940231&origin=inward,adjacent-subtopic; adjacent_problem_solving; adaptive_problem_solving; not_ps_i,,scopus,llm,0.920,unreviewed,
discarded,False understanding in AI-assisted physics problem solving: a theoretical framework,Balta N.,2026,European Journal of Physics,10.1088/1361-6404/ae68a7,https://www.scopus.com/inward/record.uri?partnerID=HzOxMe3b&scp=105045695358&origin=inward,off-topic-false-hit; other_ai_ml; theoretical_framework; physics_problem_solving; not_ps_i,,scopus,llm,0.960,unreviewed,
discarded,Beyond Play: Integrating Expressive Arts for Holistic Development in Jordanian Kindergartens,AL Khatib A.J.,2026,Early Childhood Education Journal,10.1007/s10643-026-02210-y,https://www.scopus.com/inward/record.uri?partnerID=HzOxMe3b&scp=105037323427&origin=inward,off-topic-false-hit; other_topic; kindergarten_arts; not_ps_i,,scopus,llm,0.980,unreviewed,
discarded,Confounding Components: Problems with Cognitive Load Surveys in Introductory Computer Science,Watkins A.,2026,Iticse 2026 Proceedings of the 31st ACM Conference on Innovation and Technology in Computer Science Education V 1,10.1145/3803400.3809387,https://www.scopus.com/inward/record.uri?partnerID=HzOxMe3b&scp=105045575281&origin=inward,adjacent-subtopic; adjacent_cognitive_load_measurement; computer_science; not_ps_i,,scopus,llm,0.960,unreviewed,
discarded,Conceptual Framework of Common Misconceptions Regarding Generative AI in Elementary School Students Using Concurrent Think-Aloud Protocols,Thode M.,2026,Computers,10.3390/computers15070443,https://www.scopus.com/inward/record.uri?partnerID=HzOxMe3b&scp=105045712479&origin=inward,off-topic-false-hit; other_ai_ml; misconceptions_about_ai; not_ps_i,,scopus,llm,0.960,unreviewed,
discarded,Evaluating the effectiveness of ChatGPT in rubric development,Aksu Dunya B.,2026,Assessing Writing,10.1016/j.asw.2026.101067,https://www.scopus.com/inward/record.uri?partnerID=HzOxMe3b&scp=105040613560&origin=inward,off-topic-false-hit; other_ai_ml; chatgpt_rubric_development; not_ps_i,,scopus,llm,0.980,unreviewed,
discarded,"Human-AI collaboration or obedient and often clueless AI in instruct, serve, repeat dynamics?",Saqr M.,2026,Internet and Higher Education,10.1016/j.iheduc.2026.101087,https://www.scopus.com/inward/record.uri?partnerID=HzOxMe3b&scp=105034619483&origin=inward,off-topic-false-hit; other_ai_ml; human_ai_collaboration; not_ps_i,,scopus,llm,0.970,unreviewed,
discarded,Gamification in education: Enhancing student engagement using AI and ML techniques,Nazarov A.,2026,Aip Conference Proceedings,10.1063/5.0330250,https://www.scopus.com/inward/record.uri?partnerID=HzOxMe3b&scp=105043745668&origin=inward,off-topic-false-hit; other_ai_ml; gamification_ai_ml; not_ps_i,,scopus,llm,0.990,unreviewed,
discarded,Human-AI Interaction for Accessible CS Learning: Co-Designing AI with Blind and Visually Impaired Learners,Ding S.,2026,Idc 2026 Proceedings the 25th Annual ACM Interaction Design and Children Conference,10.1145/3773077.3812141,https://www.scopus.com/inward/record.uri?partnerID=HzOxMe3b&scp=105043588899&origin=inward,off-topic-false-hit; other_ai_ml; accessible_cs_learning; not_ps_i,,scopus,llm,0.960,unreviewed,
discarded,Making It Worse: Productive Failure as Global Common Sense,Lisle D.,2026,International Political Sociology,10.1093/ips/olag007,https://www.scopus.com/inward/record.uri?partnerID=HzOxMe3b&scp=105037660825&origin=inward,off-topic-false-hit; other_topic; political_sociology; productive_failure_metaphor,,scopus,llm,0.990,unreviewed,
discarded,Teaching and learning matters: Designing a serious game with adaptive expertise in electrolyte cases,Gresko J.,2026,Currents in Pharmacy Teaching and Learning,10.1016/j.cptl.2026.102611,https://www.scopus.com/inward/record.uri?partnerID=HzOxMe3b&scp=105031557154&origin=inward,adjacent-subtopic; adjacent_adaptive_expertise; serious_game; not_ps_i,,scopus,llm,0.880,unreviewed,
discarded,Segmented Progressive Assessment in Mechanics Education: A Full-Process Model for Improving Learning Outcomes,Zhang K.,2026,IEEE Transactions on Education,10.1109/TE.2026.3682747,https://www.scopus.com/inward/record.uri?partnerID=HzOxMe3b&scp=105036702727&origin=inward,adjacent-subtopic; adjacent_assessment_model; mechanics_education; not_ps_i,,scopus,llm,0.950,unreviewed,
discarded,Exploring the Role of Errors in Programming Learning,Sha A.S.,2026,ACM Transactions on Computing Education,10.1145/3778857,https://www.scopus.com/inward/record.uri?partnerID=HzOxMe3b&scp=105034712940&origin=inward,adjacent-subtopic; adjacent_errors_in_programming; not_ps_i_specific,,scopus,llm,0.870,unreviewed,
discarded,Exploring Self-Efficacy and Perceived Learning from Failure in Healthcare Education,Clardy C.,2026,Techtrends,10.1007/s11528-026-01178-1,https://www.scopus.com/inward/record.uri?partnerID=HzOxMe3b&scp=105035342559&origin=inward,adjacent-subtopic; adjacent_learning_from_failure; healthcare_education; not_ps_i,,scopus,llm,0.900,unreviewed,
discarded,The advantages of deliberate errors in promoting college students' memory retention and transfer,Qiang X.,2026,British Journal of Educational Psychology,10.1111/bjep.70058,https://www.scopus.com/inward/record.uri?partnerID=HzOxMe3b&scp=105027783479&origin=inward,adjacent-subtopic; adjacent_deliberate_errors; memory_retention; not_ps_i,,scopus,llm,0.920,unreviewed,
discarded,Learning to be wrong: using Socratic Challenge to foster critical thinking,Flammia M.,2026,Thinking Skills and Creativity,10.1016/j.tsc.2025.102060,https://www.scopus.com/inward/record.uri?partnerID=HzOxMe3b&scp=105022837215&origin=inward,adjacent-subtopic; adjacent_socratic_challenge; critical_thinking; not_ps_i,,scopus,llm,0.950,unreviewed,
discarded,Learning From Errors in Simulations: How Individual Error Responses Shape Collaborative Problem-Solving Skills,Richters C.,2026,Journal of Computer Assisted Learning,10.1002/jcal.70251,https://www.scopus.com/inward/record.uri?partnerID=HzOxMe3b&scp=105037404470&origin=inward,adjacent-subtopic; adjacent_errors_in_simulations; collaborative_problem_solving; not_ps_i,,scopus,llm,0.900,unreviewed,
discarded,From Immediate Answers to Structured Inquiry: A Socratic Method-Enhanced ChatGPT System for Blended Learning Discussions,Lee H.Y.,2026,Journal of Educational Computing Research,10.1177/07356331261429306,https://www.scopus.com/inward/record.uri?partnerID=HzOxMe3b&scp=105030605619&origin=inward,off-topic-false-hit; other_ai_ml; chatgpt_system; not_ps_i,,scopus,llm,0.970,unreviewed,
discarded,Networking two theoretical frames of variation in a problem-solving-based mathematics instruction task design,Kassa B.G.,2026,Journal of Mathematics Teacher Education,10.1007/s10857-025-09722-1,https://www.scopus.com/inward/record.uri?partnerID=HzOxMe3b&scp=105016763352&origin=inward,adjacent-subtopic; adjacent_math_task_design; not_ps_i_evidence,,scopus,llm,0.890,unreviewed,
discarded,Scaffolding critical thinking with generative AI: Design principles for integrating large language models in higher education,Vendrell M.,2026,Computers and Education Artificial Intelligence,10.1016/j.caeai.2026.100572,https://www.scopus.com/inward/record.uri?partnerID=HzOxMe3b&scp=105032517593&origin=inward,off-topic-false-hit; other_ai_ml; critical_thinking_with_llms; not_ps_i,,scopus,llm,0.960,unreviewed,
discarded,Effects on the learning performance of elementary school students using a situation-based interactive e-book in a flipped mathematics classroom,Chen C.,2026,Educational Technology Research and Development,10.1007/s11423-026-10610-5,https://www.scopus.com/inward/record.uri?partnerID=HzOxMe3b&scp=105033628142&origin=inward,adjacent-subtopic; adjacent_flipped_math; interactive_ebook; not_ps_i,,scopus,llm,0.920,unreviewed,
discarded,The perfect storm: Exploring the impact of teaching styles on perfectionism and anxiety,Russell A.M.,2026,Current Research in Behavioral Sciences,10.1016/j.crbeha.2025.100201,https://www.scopus.com/inward/record.uri?partnerID=HzOxMe3b&scp=105025660902&origin=inward,off-topic-false-hit; other_topic; perfectionism_anxiety; not_ps_i,,scopus,llm,0.980,unreviewed,
discarded,"Emotion-aware learning analytics dashboards: Effects on metacognitive regulation, academic performance, and engagement in self-paced MOOCs",Namaziandost E.,2026,Computers and Education Open,10.1016/j.caeo.2026.100385,https://www.scopus.com/inward/record.uri?partnerID=HzOxMe3b&scp=105041303848&origin=inward,adjacent-subtopic; adjacent_learning_analytics; moocs; not_ps_i,,scopus,llm,0.970,unreviewed,
discarded,"Examining the Correlation between Mathematical Resilience, Achievement Goals, and Mathematics Performance of Engineering Students",Terano H.J.R.,2026,International Journal of Engineering Pedagogy,10.3991/ijep.v16i3.56151,https://www.scopus.com/inward/record.uri?partnerID=HzOxMe3b&scp=105039975335&origin=inward,off-topic-false-hit; other_topic; achievement_goals_correlational; not_ps_i,,scopus,llm,0.970,unreviewed,
discarded,The (Almost) Fall of the Legal Fiction of Extraterritoriality in the Nineteenth Century,Yoon J.P.,2026,Law and History Review,10.1017/S073824802610162X,https://www.scopus.com/inward/record.uri?partnerID=HzOxMe3b&scp=105036805101&origin=inward,off-topic-false-hit; other_topic; legal_history; not_learning,,scopus,llm,0.990,unreviewed,
kept,The preparatory effects of problem solving versus problem posing on learning from instruction,Manu Kapur,2015,Learning and Instruction,10.1016/j.learninstruc.2015.05.004,https://openalex.org/W388933039,adjacent-subtopic; problem_solving_vs_problem_posing; preparatory_effects; instruction,,openalex,llm,0.890,unreviewed,
kept,Cognitive Analysis of Composite Instructional Designs: New Directions for Research on Problem-Solving Prior to Instruction,Katharina Loibl; Timo Leuders; Inga Glogger‐Frey; Nikol Rummel,2023,Computer-supported collaborative learning/The Computer-Supported Collaborative Learning Conference,10.22318/cscl2023.638393,https://openalex.org/W4388195475,adjacent-subtopic; ps_i_review; composite_instructional_designs; mechanisms,"In problem-solving prior to instruction (PS-I), an initial problem-solving phase is followed by an explicit instruction phase. Research on PS-I designs has produced conflicting results that cannot be explained by the learning mechanisms discussed so far in this line of research. The present paper applies a recently developed framework, aimed atmore generally analyzing composite instructional designs (CID; i.e., designs that include multiple instructional phases) to PS-I research. The CID framework supports an understanding of PS-I effects by attending to the effects on intermediate knowledge (i.e., the knowledge state after the initial problem-solving phase) and discussing how this intermediate knowledge affects the learning processes that occur during subsequent explicit instruction. The analysis with CID also highlights that experimental variations of the instructional design (e.g., comparing PS-I with I-PS) often affect multiple learning processes and, thus, demonstrates the need for alternative research strategies when investigating the learning mechanisms of PS-I.",openalex,llm,0.940,unreviewed,
