status,title,authors,year,venue,doi,url,tags,abstract,provider,decision_source,llm_confidence,llm_review_outcome,llm_change_direction
kept,Advances in research on composite instructional designs – investigating intermediate knowledge and preparation effects,Loibl K.,2025,Instructional Science,10.1007/s11251-025-09751-6,https://www.scopus.com/inward/record.uri?partnerID=HzOxMe3b&scp=105019374067&origin=inward,adjacent-subtopic; ps_i_review; intermediate_knowledge; mechanisms,,scopus,llm,0.860,unreviewed,
discarded,Boosts are not Educative or System-2 Nudges,Grüne-Yanoff T.,2025,Mind and Society,10.1007/s11299-025-00324-1,https://www.scopus.com/inward/record.uri?partnerID=HzOxMe3b&scp=105006410214&origin=inward,off-topic-false-hit; other_topic; nudges; not_ps_i,,scopus,llm,0.980,unreviewed,
discarded,Beyond code: Redefining programming education beyond STEM,Plate D.,2025,Beyond Code Redefining Programming Education Beyond Stem,10.1201/9781003637738,https://www.scopus.com/inward/record.uri?partnerID=HzOxMe3b&scp=105013063657&origin=inward,off-topic-false-hit; other_topic; programming_education_general; not_ps_i,,scopus,llm,0.950,unreviewed,
discarded,State of the Art and Current Perspectives: Problem-Based Learning in Science Education,Misbah M.,2025,Aip Conference Proceedings,10.1063/5.0259792,https://www.scopus.com/inward/record.uri?partnerID=HzOxMe3b&scp=105013087485&origin=inward,adjacent-subtopic; adjacent_problem_based_learning; review; not_ps_i,,scopus,llm,0.940,unreviewed,
discarded,Failure beliefs in school and beyond: From the perspective of social and emotional learning,Akamatsu D.,2025,Social and Emotional Learning Research Practice and Policy,10.1016/j.sel.2025.100095,https://www.scopus.com/inward/record.uri?partnerID=HzOxMe3b&scp=105022707083&origin=inward,adjacent-subtopic; adjacent_failure_beliefs; social_emotional_learning; not_ps_i,,scopus,llm,0.960,unreviewed,
discarded,Engaging Latinx students in scientific inquiry and metacognition through authentic STEM experiences,Chapman A.,2025,SN Social Sciences,10.1007/s43545-025-01101-0,https://www.scopus.com/inward/record.uri?partnerID=HzOxMe3b&scp=105005070668&origin=inward,adjacent-subtopic; adjacent_stem_experiences; not_ps_i,,scopus,llm,0.930,unreviewed,
discarded,Shame Regulation in Learning: A Double-Edged Sword,Sinha T.,2025,Education Sciences,10.3390/educsci15040502,https://www.scopus.com/inward/record.uri?partnerID=HzOxMe3b&scp=105003412119&origin=inward,adjacent-subtopic; adjacent_emotion; shame_regulation; not_ps_i,,scopus,llm,0.950,unreviewed,
discarded,Design of a Digital Gamified Learning Activity for Relationship Education with Conceptual Scaffolding and Reflective Scaffolding,Chen Y.C.,2025,Asia Pacific Education Researcher,10.1007/s40299-024-00849-y,https://www.scopus.com/inward/record.uri?partnerID=HzOxMe3b&scp=85191178237&origin=inward,adjacent-subtopic; adjacent_gamified_learning; scaffolding; not_ps_i,,scopus,llm,0.920,unreviewed,
kept,Motivation and transfer: The role of achievement goals in preparation for future learning,Daniel M. Belenky; Timothy J. Nokes,2009,eScholarship (California Digital Library),,https://openalex.org/W171873011,supports-claim; supports_claim; invention_activities; transfer; motivation,"Knowledge transfer is critical for solving novel problems and performing new tasks.Recent work has shown that invention activities can promote flexible learning, leading to better transfer after instruction (Schwartz & Martin, 2004).The current project examines the role of achievement goals in promoting transfer.Results indicate that engaging in invention activities before being shown the correct method is beneficial for transfer, regardless of initial goal orientation (mastery versus performance), while a mastery orientation must be present for students to transfer from a direct instruction activity.Implications of these results for theories of learning and transfer are discussed.",openalex,llm,0.970,unreviewed,
kept,Outcomes and Mechanisms of Transfer in Invention Activities,Ido Roll; Vincent Aleven; Kenneth R. Koedinger,2011,eScholarship (California Digital Library),,https://openalex.org/W2573723437,supports-claim; supports_claim; invention_activities; adaptive_knowledge; transfer,"Invention activities are structured tasks in which students create mathematical methods that attempt to capture deep properties of data (e.g., variability), prior to receiving instruction on canonical methods (e.g., mean deviation).While experiments have demonstrated the learning benefits of invention activities, the mechanisms of transfer remain unknown.We address this question by evaluating the role of design in invention activities, identifying what knowledge is acquired during invention activities, and how it is applied in transfer tasks.A classroom experiment with 92 students compared the full invention process to one in which students evaluate predesigned methods.Results show that students in the full invention condition acquired more adaptive knowledge, yet not necessarily better procedural knowledge or invention skills.We suggest a mechanism that explains what knowledge invention attempts produce, how that knowledge is productively modified in subsequent instruction, and how it improves performance on some measures of transfer but not others.",openalex,llm,0.960,unreviewed,
kept,The invention support environment : using metacognitive scaffolding and interactive learning environments to improve learning from invention,N. G. Holmes,2011,cIRcle (University of British Columbia),10.14288/1.0072286,https://openalex.org/W2341098241,adjacent-subtopic; invention_activities; scaffolding; support_conditions,"Invention activities are discovery-learning activities that ask students to invent a solution to a problem before being taught the expert solution. The combination of invention activities and tell-and-practice methods has been shown to lead to better student learning and performance on transfer tasks, as compared to tell-and-practice methods alone. A computer-based interactive learning environment, called the Invention Support Environment (ISE), was built using Cognitive Tutor Authoring Tools to improve the in-class use of invention activities, and act as a research tool for studying the effects of the activities. The system was designed to support three levels of metacognitive scaffolding, using domain-general prompts. It also features a platform for creating new invention tasks within the system, requiring little to no programming experience. The ISE was used to evaluate how domain-general scaffolding of invention activities can best support acquisition of domain knowledge and scientific reasoning skills. Five invention activities in statistics and data-analysis domains were given to 134 undergraduate students in a physics lab course at the University of British Columbia. Students either received guidance in the form of faded metacognitive scaffolding or unguided inventions. It was found that faded metacognitive scaffolding did not improve learning of invention skills compared to unguided inventions. Faded metacognitive scaffolding was found to improve understanding of domain equations, as seen through higher performance on debugging items in a statistics diagnostic. Future experimental design and ISE improvements are discussed.",openalex,llm,0.920,unreviewed,
kept,Learning Transfer in the Differentiation Using the Chain Rule and its Relationship to Motivation and Performance,Damji Heo,2019,Purdue e-Pubs (Purdue University System),10.25394/pgs.11310521.v1,https://openalex.org/W3185612232,adjacent-subtopic; invention_activity; calculus; transfer,"Previous studies indicated that calculus courses are considered `weed-out' courses as a lot of students in STEM majors struggle to pass. Instructors and researchers explored various instructional methods to facilitate calculus learning, however, more tailored instructional strategies are still needed. Inventing Contrasting Case is a strategy that has been proven effective in transfer, yet, its effect when combined with the motivational factor and across various content areas should be investigated further. Therefore, this study investigated the relationship between participants' motivation, instruction condition, and the performance on the direct application and transfer problems using Calculus 1 content. The data was collected from undergraduate students in STEM majors at a Midwestern university who were required to complete a Calculus 1 course to attain their degree. Eighty-one students participated for the study. Participants were assigned to either the iCalCulus (iCC) group or the Tell and Practice (TP) group. The study consisted of two separate sessions. In Session 1, participants were provided with a motivation survey, calculus course experience survey, pre-requisite knowledge check test, ICC task or TP task, and post-test. Seven days later, participants took a delayed post-test (Sesson 2). Google Forms was used to create study materials. The results from Bayesian independent sample t-test analyses indicated that the iCC group did not outperform the TP group in direct application problems. In addition, the iCC group did not outperform the TP group in PFL problems in either test. However, the ICC group outperformed the TP group in the further PFL problems from the delayed post-test (BF01 = .096, p = .003). The results from Bayesian one-way ANCOVA analyses indicated that there was the moderate idence that supports the effect of group condition on direct application, Preparation for Future Learning (PFL) performance from the post-test, while controlling for the average pre-requisite knowledge check test score and motivational level. The results also indicated that there was from moderate to strong evidence to support that group condition had an e?ect on PFL performance from the delayed post-test (Session 2), and the further PFL performance from both post-test and delayed post-test while controlling for the average pre-requisite knowledge check test score. In addition, motivational level was shown to not be an effective moderator between instructional condition and performance in PFL problems. The results from GLM repeated measure analyses showed the ICC strategy had a more significant effect on the participants regarding PFL performance and further PFL performance over time as there was a significant cross-over interaction effect between the time and the instruction condition (p = .012, ηp2 = .08 for PFL performance and p = .003, ηp2 = .11 for further PFL performance). The direction for potential future studies is addressed in the conclusion section including the importance of developing curriculum to train students' transfer ability; and a new type of assessment to measure transfer is offered for consideration.",openalex,llm,0.880,unreviewed,
discarded,"Help Helps, But Only So Much: Research on Help Seeking with Intelligent Tutoring Systems",Vincent Aleven; Ido Roll; Bruce M. McLaren; Kenneth R. Koedinger,2016,International Journal of Artificial Intelligence in Education,10.1007/s40593-015-0089-1,https://openalex.org/W2237600160,adjacent-subtopic; adjacent_help_seeking; intelligent_tutoring_systems; not_ps_i,,openalex,llm,0.980,unreviewed,
discarded,Higher education students’ motivation to transfer learning: a scoping review,Doreen Bredenkamp; Yvonne Botma; Champion N. Nyoni,2022,Higher Education Skills and Work-based Learning,10.1108/heswbl-03-2022-0057,https://openalex.org/W4292004396,adjacent-subtopic; adjacent_transfer_motivation; scoping_review; not_ps_i,"Purpose There is a need for higher education to produce graduates who are motivated to transfer learning into the workplace. Motivated graduates are work-ready and associated with increased performance. Presently, the research field around motivation to transfer learning by students in higher education is not clear and is inconsistent. Design/methodology/approach This scoping review provides an overview of the characteristics of the literature, including key concepts, recommendations and gaps based on eight published articles on the motivation of students in higher education to transfer learning. Findings The results reflected a research field, which focused primarily on the influence of specific factors, namely student characteristics, educational design, the workplace environment, and on higher education students' motivation to transfer learning. The lack of a shared conceptual definition of motivation to transfer learning in higher education appears to influence the description of the results from the included studies. Most of the previous studies applied rigorous research designs. Originality/value This seemingly stunted research field related to higher education students' motivation to transfer learning needs to be amplified to influence the development of work-ready graduates from higher education. Approaches towards including all elements of motivation, expanding to other fields in higher education, including low-income countries, may be a proximal step in enhancing the trajectory of this research field.",openalex,llm,0.960,unreviewed,
kept,Exploratory learning activities in the physics classroom: contrasting cases versus a rich dataset.,Campbell R. Bego,2019,,10.18297/etd/3321,https://openalex.org/W3009881645,adjacent-subtopic; exploratory_learning; physics; sequence_comparison; mixed_results,"In exploratory learning, students engage in an exploration activity on a new topic prior to instruction. This inversion of the traditional tell-then-practice order has been shown to benefit learning outcomes, especially conceptual knowledge and preparation for future learning, but not always. In three studies, the current work examines whether the type of exploration activity impacts learning mechanisms and outcomes, on the topic of gravitational field in undergraduate physics classrooms. Activities using either contrasting cases (CC) or a rich dataset (RD) are compared in two instructional orders, explore-first (EF) and instruct-first (IF). Learning outcomes measured procedural knowledge, conceptual knowledge, and performance using a dynamic preparation for future learning (PFL) assessment that included a learning resource within the posttest. In addition, the current studies investigated process level measurements of interest and enjoyment, knowledge gap awareness, and cognitive load. Study 1 revealed that students in the EF-CC condition had better conceptual knowledge and PFL scores than students in the IF-CC condition. Study 2 investigated learning outcomes following an RD activity in EF and IF orders in two separate physics classrooms (algebra-based physics for pre-medicine majors, and calculus-based for engineering majors). Procedural and conceptual knowledge overall was improved by the EF order, but only in the calculus-based course; PFL showed no differences. Study 3 compared learning outcomes from the two activities directly in a 2 (order: EF, IF) × 2 (activity: CC, RD) study design. Overall, the CC activity resulted in better student learning than the RD activity. However, an effect of instructional order was not found, potentially due to a methodological error. Across the three studies, interest and enjoyment did not differ by condition and did not predict learning outcomes. Knowledge gap awareness was higher for students in the EF order than the IF order for both activities, and negatively predicted learning outcomes. Cognitive load was negatively correlated with conceptual and PFL learning outcomes, but only in Study 3. Overall, results indicate that the type of activity could moderate learning outcomes, with any instructional order. More work is needed to investigate the boundary conditions impacting the benefit of exploratory learning, including activity type, amount of guidance during the activity, and the type of instruction.",openalex,llm,0.950,unreviewed,
kept,"Inventing Prepares Learning Motivationally, but a Worked-out Solution Enhances Learning Outcomes",Inga Glogger‐Frey; Julian Kappich; Rolf Schwonke; Lars Holzäpfel; Matthias Nückles; Alexander Renkl,2013,eScholarship (California Digital Library),,https://openalex.org/W2401050271,qualifies-claim; qualifies_claim; worked_solution_better; inventing_vs_worked_example,"Solving an open problem as proposed by inventing and productive failure approaches has been shown to prepare learners effectively for subsequent direct instruction even though invented solutions are often suboptimal for the given problems.Inventing can make the learners aware of knowledge gaps (cognitive) and more curious about and interested in the learning contents (motivational effects).However, working on the same problem with a given (optimal) solution helps avoid misconceptions and disorganized knowledge, while providing useful basic knowledge.Therefore, a given solution could be more effective.In an experiment (N = 42), we tested to what extent working on an open problem (inventing) versus a solution prepares student teachers for learning strategy evaluation.The inventing group invented criteria to evaluate learning strategies while the worked solution group studied the same problem in a solved, worked-out version.We found differential effects: inventing enhanced knowledge-gap experience, curiosity, and interest.However, studying the worked-out solution enhanced learning outcomes.",openalex,llm,0.970,unreviewed,
kept,"Diversity, Collaboration, and Learning by Invention",Jennifer Wiley; Olga Goldenberg; Andrew F. Jarosz; Michael Wiedmann; Nikol Rummel,2013,eScholarship (California Digital Library),,https://openalex.org/W2399764632,adjacent-subtopic; invention_activities; collaboration; processes,"Learning-by-invention is an approach to mathematical instruction where small groups explore possible methods of solution before learning the ""right answer"" (e.g., Schwartz & Martin, 2004;Kapur & Bielaczyc, 2011).In a series of studies we have been investigating the effects of group composition in terms of math ability on learning by invention.An initial result showed that groups consisting of a mix of both high and low math ability students generated a broader range of solution attempts when asked to invent a formula for standard deviation compared to more homogeneous math ability groups.Moreover, this wider range of solution alternatives predicted better performance on quizzes following a lesson on the topic.Subsequent work is suggesting that who emerges as the leader of the group matters.Ongoing analyses are also exploring which features of the collaborative discourse are critical for students to take advantage of the affordances of learning by invention.",openalex,llm,0.870,unreviewed,
kept,Optimizing Learning Environments: An Individual Difference Approach to Learning and Transfer,Daniel M. Belenky; Timothy J. Nokes,2010,eScholarship (California Digital Library),,https://openalex.org/W2767372281,adjacent-subtopic; invention_activities; motivation; transfer; boundary_conditions,"Prior work has found that the type of learning activity (direct instruction or invention) interacts with achievement goals (mastery or performance-oriented) such that invention tasks can help facilitate mastery goal adoption and knowledge transfer (Belenky & Nokes, 2009).In the current study, we investigated how robust the effect is, and whether explicit manipulations of the task goals can produce a similar effect.We conducted an experiment with 98 college students in which achievement goals were measured, while task goals and task structure were manipulated between subjects.Results indicated that task structure was generally a more effective way of influencing which achievement goals are adopted within a learning activity.However, task goals that promoted an evaluative context interfered with transfer for masteryoriented learners from invention activities.The results are interpreted in relation to theories of regulatory fit and multiple goal hierarchies.",openalex,llm,0.930,unreviewed,
discarded,Challenging Misconceptions about Race in Undergraduate Genetics,Erin M. Ball; Robin A. Costello; Cissy J. Ballen; Rita M Graze; E. Burkholder,2024,CBE—Life Sciences Education,10.1187/cbe.23-12-0228,https://openalex.org/W4400448243,adjacent-subtopic; adjacent_misconceptions; biology_lab; not_ps_i,"Racial biases, which harm marginalized and excluded communities, may be combatted by clarifying misconceptions about race during biology lessons. We developed a human genetics laboratory activity that challenges the misconception that race is biological (biological essentialism). We assessed the relationship between this activity and student outcomes using a survey of students' attitudes about biological essentialism and color-evasive ideology and a concept inventory about phylogeny and human diversity. Students in the human genetics laboratory activity showed a significant decrease in their acceptance of biological essentialism compared with a control group, but did not show changes in color-evasive ideology. Students in both groups exhibited increased knowledge in both areas of the concept inventory, but the gains were larger in the human genetics laboratory. In the second iteration of this activity, we found that only white students' decreases in biological essentialist beliefs were significant and the activity failed to decrease color-evasive ideologies for all students. Concept inventory gains were similar and significant for both white and non-white students in this iteration. Our findings underscore the effectiveness of addressing misconceptions about the biological origins of race and encourage more research on ways to effectively change damaging student attitudes about race in undergraduate genetics education.",openalex,llm,0.950,unreviewed,
