status,title,authors,year,venue,doi,url,tags,abstract,provider,decision_source,llm_confidence,llm_review_outcome,llm_change_direction
discarded,Enhancing science achievement through inquiry activities: the critical role of perceived teacher support,Chi S.,2026,International Journal of Science Education,10.1080/09500693.2024.2413927,https://www.scopus.com/inward/record.uri?partnerID=HzOxMe3b&scp=85208986782&origin=inward,adjacent-subtopic; adjacent_inquiry_activities; teacher_support; not_ps_i,,scopus,llm,0.930,unreviewed,
discarded,Support for self-regulated learning in immersive virtual reality – An experimental design for science learning,Hsu Y.T.,2026,Education and Information Technologies,10.1007/s10639-025-13807-y,https://www.scopus.com/inward/record.uri?partnerID=HzOxMe3b&scp=105020425786&origin=inward,adjacent-subtopic; adjacent_vr_self_regulated_learning; not_ps_i,,scopus,llm,0.950,unreviewed,
discarded,Teacher Perspectives of Student Engagement in Data Practice Instruction: Two Classroom Conditions,Peters-Burton E.,2026,School Science and Mathematics,10.1111/ssm.70030,https://www.scopus.com/inward/record.uri?partnerID=HzOxMe3b&scp=105038127429&origin=inward,adjacent-subtopic; adjacent_teacher_perspectives; classroom_conditions; not_ps_i,,scopus,llm,0.930,unreviewed,
discarded,Understanding Chinese teachers’ CPD in international schools: A case study of teachers’ belief and classroom instruction change through CPD,DanLu W.,2026,International Schools and Education Futures in China and Beyond Exploring Purpose Identity and Social Contracts,10.4324/9781003773788-3,https://www.scopus.com/inward/record.uri?partnerID=HzOxMe3b&scp=105047258182&origin=inward,off-topic-false-hit; other_topic; teacher_cpd; not_ps_i,,scopus,llm,0.970,unreviewed,
discarded,Retrieval Practice: A Tool for Teaching the Control-of-Variables Strategy in Science Classrooms?,Kranz J.,2026,Journal of Experimental Education,10.1080/00220973.2024.2392684,https://www.scopus.com/inward/record.uri?partnerID=HzOxMe3b&scp=85211582332&origin=inward,adjacent-subtopic; adjacent_retrieval_practice; science_classrooms; not_ps_i,,scopus,llm,0.920,unreviewed,
discarded,LEARNING AND TEACHING EARLY MATH: The Learning Trajectories Approach: Fourth Edition,Clements D.H.,2026,Learning and Teaching Early Math the Learning Trajectories Approach Fourth Edition,10.4324/9781003582663,https://www.scopus.com/inward/record.uri?partnerID=HzOxMe3b&scp=105042016325&origin=inward,off-topic-false-hit; other_topic; math_trajectories_book; not_ps_i,,scopus,llm,0.980,unreviewed,
kept,Prior knowledge activation as preparation prior to instruction: does the coverage of relevant prior knowledge affect learning?,Brand C.,2025,Instructional Science,10.1007/s11251-025-09727-6,https://www.scopus.com/inward/record.uri?partnerID=HzOxMe3b&scp=105010581505&origin=inward,adjacent-subtopic; prior_knowledge_activation; preparation_prior_to_instruction; mechanisms,,scopus,llm,0.840,unreviewed,
discarded,Measuring Availability and Production of Primary Students' Self-Regulated Learning Strategies During Inquiry-Based Science Education,Sins P.H.M.,2025,Psychology in the Schools,10.1002/pits.70065,https://www.scopus.com/inward/record.uri?partnerID=HzOxMe3b&scp=105014596481&origin=inward,adjacent-subtopic; adjacent_inquiry_science; srl_measurement; not_ps_i,,scopus,llm,0.940,unreviewed,
kept,Investigating the order of example-problem sequences when learning experimental design and graphing competencies,Ganaiem E.,2025,Instructional Science,10.1007/s11251-025-09750-7,https://www.scopus.com/inward/record.uri?partnerID=HzOxMe3b&scp=105018314506&origin=inward,adjacent-subtopic; example_problem_sequences; instructional_order; competencies,,scopus,llm,0.850,unreviewed,
discarded,An exploratory process mining on students’ complex problem-solving behavior: The distinct patterns and related factors,Tan L.,2025,Computers and Education,10.1016/j.compedu.2025.105398,https://www.scopus.com/inward/record.uri?partnerID=HzOxMe3b&scp=105011146529&origin=inward,adjacent-subtopic; adjacent_process_mining; complex_problem_solving; not_ps_i,,scopus,llm,0.940,unreviewed,
discarded,Instructional strategies for enhancing students' problem-solving skills in physics: a systematic review,Musengimana T.,2025,Discover Education,10.1007/s44217-025-00733-x,https://www.scopus.com/inward/record.uri?partnerID=HzOxMe3b&scp=105017716582&origin=inward,adjacent-subtopic; adjacent_systematic_review; physics_problem_solving; not_ps_i_specific,,scopus,llm,0.930,unreviewed,
discarded,Integrating generative AI and load reduction instruction to individualize and optimize students' learning,Martin A.J.,2025,Learning and Individual Differences,10.1016/j.lindif.2025.102723,https://www.scopus.com/inward/record.uri?partnerID=HzOxMe3b&scp=105005075323&origin=inward,off-topic-false-hit; other_ai_ml; genai_and_load_reduction; not_ps_i,,scopus,llm,0.960,unreviewed,
discarded,The process and prediction of school completion: A six-year longitudinal examination,Collie R.J.,2025,Contemporary Educational Psychology,10.1016/j.cedpsych.2025.102367,https://www.scopus.com/inward/record.uri?partnerID=HzOxMe3b&scp=105002418646&origin=inward,off-topic-false-hit; other_topic; school_completion; not_ps_i,,scopus,llm,0.990,unreviewed,
discarded,What the Science of Learning Teaches Us About Arithmetic Fluency,McNeil N.M.,2025,Psychological Science in the Public Interest,10.1177/15291006241287726,https://www.scopus.com/inward/record.uri?partnerID=HzOxMe3b&scp=105004332064&origin=inward,adjacent-subtopic; adjacent_science_of_learning; arithmetic_fluency; not_ps_i,,scopus,llm,0.950,unreviewed,
discarded,Learning from errors versus explicit instruction in preparation for a test that counts,Metcalfe J.,2025,British Journal of Educational Psychology,10.1111/bjep.12651,https://www.scopus.com/inward/record.uri?partnerID=HzOxMe3b&scp=85182248429&origin=inward,adjacent-subtopic; adjacent_learning_from_errors; test_preparation; not_ps_i,,scopus,llm,0.900,unreviewed,
discarded,Teacher Guidance and On-the-Fly Scaffolding in Primary School Students' Inquiry Learning,Sasse H.,2025,Science Education,10.1002/sce.21921,https://www.scopus.com/inward/record.uri?partnerID=HzOxMe3b&scp=85209137369&origin=inward,adjacent-subtopic; adjacent_inquiry_learning; teacher_guidance; not_ps_i,,scopus,llm,0.940,unreviewed,
discarded,Learning basic mathematic skills in primary school: testing the effectiveness of socio-constructivist and explicit instruction,Guilmois C.,2025,School Effectiveness and School Improvement,10.1080/09243453.2025.2536485,https://www.scopus.com/inward/record.uri?partnerID=HzOxMe3b&scp=105011753896&origin=inward,adjacent-subtopic; adjacent_socioconstructivist_vs_explicit; not_ps_i_specific,,scopus,llm,0.920,unreviewed,
discarded,INSTRUCTION BASED ON ACTIVE LEARNING,Martella A.M.,2025,Handbook of Research on Learning and Instruction Third Edition,10.4324/9781003484776-19,https://www.scopus.com/inward/record.uri?partnerID=HzOxMe3b&scp=105039715526&origin=inward,adjacent-subtopic; adjacent_active_learning_handbook; not_ps_i,,scopus,llm,0.970,unreviewed,
discarded,Teaching Metaphors and Pedagogical Conceptions,Gvozdic K.,2025,Metaphors for Education,10.1002/9781394393695.ch3,https://www.scopus.com/inward/record.uri?partnerID=HzOxMe3b&scp=105017344649&origin=inward,off-topic-false-hit; other_topic; teaching_metaphors; not_ps_i,,scopus,llm,0.980,unreviewed,
discarded,Comparing Generating Predictions With Retrieval Practice as Learning Strategies for Primary School Children,Carvalho P.F.,2024,Journal of Experimental Psychology Applied,10.1037/xap0000523,https://www.scopus.com/inward/record.uri?partnerID=HzOxMe3b&scp=85207727026&origin=inward,adjacent-subtopic; adjacent_prediction_generation; retrieval_practice; not_ps_i,,scopus,llm,0.920,unreviewed,
discarded,Ten steps to complex learning: A systematic approach to four-component instructional design: Fourth edition,Van Merriënboer J.J.G.,2024,Ten Steps to Complex Learning A Systematic Approach to Four Component Instructional Design Fourth Edition,10.4324/9781003322481,https://www.scopus.com/inward/record.uri?partnerID=HzOxMe3b&scp=85202992153&origin=inward,adjacent-subtopic; adjacent_instructional_design_book; not_ps_i,,scopus,llm,0.980,unreviewed,
discarded,From Silos to Synergy in STEM Education: Promoting Interdisciplinary STEM Education to Enhance the Science Achievement of Students With Learning Disabilities,Hwang J.,2024,Learning Disabilities Research and Practice,10.1177/09388982241245452,https://www.scopus.com/inward/record.uri?partnerID=HzOxMe3b&scp=85202782984&origin=inward,adjacent-subtopic; adjacent_stem_education; learning_disabilities; not_ps_i,,scopus,llm,0.950,unreviewed,
discarded,The Worked-Example Effect and a Mastery Approach Goal Orientation,Lee H.M.,2024,Education Sciences,10.3390/educsci14060597,https://www.scopus.com/inward/record.uri?partnerID=HzOxMe3b&scp=85196819932&origin=inward,adjacent-subtopic; adjacent_worked_example_effect; achievement_goals; not_ps_i,,scopus,llm,0.930,unreviewed,
discarded,"A Comparative Study of the Impact of Explicit Instruction, Input Enhancement, and Guided Discovery on Iranian EFL Learners’ Passive Voice Production: A Computer-Assisted Language Learning Approach",Sakhaei S.R.,2024,Journal of Applied Linguistics and Applied Literature,10.22049/jalda.2024.28567.1539,https://www.scopus.com/inward/record.uri?partnerID=HzOxMe3b&scp=85216290022&origin=inward,adjacent-subtopic; adjacent_guided_discovery; language_learning; not_ps_i,,scopus,llm,0.940,unreviewed,
discarded,Using instructive simulations to teach young students simple science concepts: Evidence from electricity content,Maričić M.,2024,Journal of Research on Technology in Education,10.1080/15391523.2023.2196460,https://www.scopus.com/inward/record.uri?partnerID=HzOxMe3b&scp=85152421799&origin=inward,adjacent-subtopic; adjacent_simulations; young_students; not_ps_i,,scopus,llm,0.930,unreviewed,
kept,Effectiveness of invention tasks and explicit instruction in preparing intellectually gifted adolescents for learning,Lim S.a.,2023,Instructional Science,10.1007/s11251-023-09616-w,https://www.scopus.com/inward/record.uri?partnerID=HzOxMe3b&scp=85148055918&origin=inward,adjacent-subtopic; invention_tasks; gifted_adolescents; explicit_instruction; sequence_comparison,,scopus,llm,0.820,unreviewed,
discarded,Children’s Understanding of Scientific Inquiry: The Role of Instructional Support and Comparison Making,Schmerse D.,2023,Journal of Educational Psychology,10.1037/edu0000836,https://www.scopus.com/inward/record.uri?partnerID=HzOxMe3b&scp=85183086815&origin=inward,adjacent-subtopic; adjacent_scientific_inquiry; instructional_support; comparison_making; not_ps_i,,scopus,llm,0.900,unreviewed,
discarded,Let's talk evidence – The case for combining inquiry-based and direct instruction,de Jong T.,2023,Educational Research Review,10.1016/j.edurev.2023.100536,https://www.scopus.com/inward/record.uri?partnerID=HzOxMe3b&scp=85159213500&origin=inward,adjacent-subtopic; adjacent_review; inquiry_and_direct_instruction; not_ps_i_specific,,scopus,llm,0.920,unreviewed,
discarded,How Do Direct and Indirect Hands-on Instructions Strengthened by the Self-Explanation Effect Promote Learning? Evidence from Motion Content,Maričić M.,2023,Research in Science Education,10.1007/s11165-022-10054-w,https://www.scopus.com/inward/record.uri?partnerID=HzOxMe3b&scp=85127599988&origin=inward,adjacent-subtopic; adjacent_direct_indirect_hands_on; self_explanation; not_ps_i,,scopus,llm,0.900,unreviewed,
discarded,Load reduction instruction in mathematics and English classrooms: A multilevel study of student and teacher reports,Martin A.J.,2023,Contemporary Educational Psychology,10.1016/j.cedpsych.2023.102147,https://www.scopus.com/inward/record.uri?partnerID=HzOxMe3b&scp=85147122940&origin=inward,adjacent-subtopic; adjacent_load_reduction_instruction; classroom_reports; not_ps_i,,scopus,llm,0.960,unreviewed,
kept,DIY productive failure: boosting performance in a large undergraduate biology course,Sunita G. Chowrira; Karen Smith; Patrick J. Dubois; Ido Roll,2019,npj Science of Learning,10.1038/s41539-019-0040-6,https://openalex.org/W2921727697,supports-claim; supports_claim; productive_failure; biology; large_classroom,"Students in first-year university courses often focus on mimicking application of taught procedures and fail to gain adequate conceptual understanding. One potential approach to support meaningful learning is Productive Failure (PF). In PF, the conventional instruction process is reversed so that learners attempt to solve challenging problems ahead of receiving explicit instruction. While students often fail to produce satisfactory solutions (hence ""Failure""), these attempts help learners encode key features and learn better from subsequent instruction (hence ""Productive""). Effectiveness of PF was shown mainly in the context of statistical and intuitive concepts, and lessons that are designed and taught by learning scientists. We describe a quasi-experiment that evaluates the impact of PF in a large-enrollment introductory university-level biology course when designed and implemented by the course instructors. One course-section (295 students) learned two topics using PF; another section (279 students) learned the same topics using an active learning approach, which is the standard in this course. Performance was assessed on the subsequent midterm exam, after all students had ample opportunities for practice and feedback, and after some time has elapsed. PF students scored nearly five percentage-points higher on the relevant topics in the subsequent midterm exam. The effect was especially strong for low-performing students. Improvement on the final exam was only visible for low-performing students. We describe the intervention and its potential to transform large introductory university courses.",openalex,llm,0.970,unreviewed,
discarded,Understanding Difficulties and Resulting Confusion in Learning: An Integrative Review,Jason M. Lodge; Gregor Kennedy; Lori Lockyer; Amaël Arguel; Mariya Pachman,2018,Frontiers in Education,10.3389/feduc.2018.00049,https://openalex.org/W2807738726,adjacent-subtopic; adjacent_review; confusion_desirable_difficulties; not_ps_i_specific,"Difficulties are often an unavoidable but important part of the learning process. This seems particularly so for complex conceptual learning. Challenges in the learning process are, however, particularly difficult to detect and respond to in educational environments where growing class sizes and the increased use of digital technologies mean that teachers are unable to provide nuanced and personalised feedback and support to help students overcome their difficulties. Individual differences, the specifics of the learning activity, and the difficulty of giving individual feedback in large classes and digital environments all add to the challenge of responding to student difficulties and confusion. In this integrative review, we aim to explore difficulties and resulting emotional responses in learning. We will review the primary principles of cognitive disequilibrium and contrast these principles with work on desirable difficulties, productive failure, impasse driven learning and pure discovery-based learning. We conclude with a theoretical model of the zones of optimal and sub-optimal confusion as a way of conceptualising the parameters of productive and non-productive difficulties experienced by students while they learn.",openalex,llm,0.930,unreviewed,
kept,When failure fails to be productive: probing the effectiveness of productive failure for learning beyond STEM domains,Valentina Nachtigall; Katja Serova; Nikol Rummel,2020,Instructional Science,10.1007/s11251-020-09525-2,https://openalex.org/W3098271539,qualifies-claim; qualifies_claim; productive_failure_fails; non_stem; boundary_conditions; pf_domain,"Abstract The current work builds on research demonstrating the effectiveness of Productive Failure (PF) for learning. While the effectiveness of PF has been demonstrated for STEM learning, it has not yet been investigated whether PF is also beneficial for learning in non-STEM domains. Given this need to test PF for learning in domains other than mathematics or science, and the assumption that features embodied in a PF design are domain-independent, we investigated the effect of PF on learning social science research methods. We conducted two quasi-experimental studies with 212 and 152 10th graders. Following the paradigm of typical PF studies, we implemented two conditions: PF, in which students try to solve a complex problem prior to instruction, and Direct Instruction (DI), in which students first receive instruction followed by problem solving. In PF, students usually learn from their failure. Failing to solve a complex problem is assumed to prepare students for deeper learning from subsequent instruction. In DI, students usually learn through practice. Practicing and applying a given problem-solving procedure is assumed to help students to learn from previous instruction. In contrast to several studies demonstrating beneficial effects of PF on learning mathematics and science, in the present two studies, PF students did not outperform DI students on learning social science research methods. Thus, the findings did not replicate the PF effect on learning in a non-STEM domain. The results are discussed in light of mechanisms assumed to underlie the benefits of PF.",openalex,llm_reviewed,0.980,confirmed,
kept,Investigating learner characteristics and processes in Productive Failure and Vicarious Failure to design adaptive guidance,Charleen Brand; Christian Hartmann; Katharina Loibl; Nikol Rummel,2024,Learning and Instruction,10.1016/j.learninstruc.2024.102052,https://openalex.org/W4404522438,adjacent-subtopic; productive_failure; vicarious_failure; adaptive_guidance; mechanisms,"We investigate learner characteristics and learning processes in two instructional designs with preparatory activities prior to instruction: Productive Failure (PF) and Vicarious Failure (VF). The aim is to develop a first theoretical understanding of PF and VF learners that can inform directions for the design of adaptive support. Based on an experimental study with 110 secondary school students in mathematics, we examine the effect of students’ learner characteristics in PF (students generating own solution attempts) and VF (students studying these attempts). We assess the learning processes based on think-aloud data from 15 PF-VF-model-observer-pairs, analyzing frequencies and sequences of cognitive processes, using the HeuristicsMiner algorithm. Mathematical ability was related to PF and VF students' learning, prior knowledge and mathematical self-concept to their learning processes. While both groups showed large overlaps in the frequencies and sequences of learning processes, VF students displayed a more analytical and PF students a more solution-oriented approach to the task. Metacognitive planning and evaluation behavior was relevant for VF students’ learning, depending on prior knowledge and ability. For PF students, it depended on mathematical self-concept. PF and VF students’ learning as well as frequencies and sequences of their learning processes relates to cognitive and affective learner characteristics. Metacognitive planning and evaluation behavior may require adaptive guidance specifically for learners with low mathematical self-concept in PF or prior knowledge and ability in VF. • Productive Failure (PF) and Vicarious Failure (VF) activities are comparable. • PF students approach the task solution-oriented, VF students analytically. • Metacognitive planning and evaluation are relevant learning processes. • Low self-concept, low prior knowledge and ability learners may require support.",openalex,llm,0.960,unreviewed,
kept,Advancing the Guidance Debate: Lessons from Educational Psychology and Implications for Biochemistry Learning,Stephanie M. Halmo; Cheryl A. Sensibaugh; Peter Reinhart; Oleksandra Stogniy; Logan Fiorella; Paula P. Lemons,2020,CBE—Life Sciences Education,10.1187/cbe.19-11-0260,https://openalex.org/W3082046040,qualifies-claim; productive_failure; guided_inquiry; worked_examples; comparative_pedagogies; qualifies_claim,"Research in science, technology, engineering, and mathematics education supports a shift from traditional lecturing to evidence-based instruction in college courses, yet it is unknown whether particular evidence-based pedagogies are more effective than others for learning outcomes like problem solving. Research supports three distinct pedagogies: worked examples plus practice, productive failure, and guided inquiry. These approaches vary in the nature and timing of guidance, all while engaging the learner in problem solving. Educational psychologists debate their relative effectiveness, but the approaches have not been directly compared. In this study, we investigated the impact of worked examples plus practice, productive failure, and two forms of guided inquiry (unscaffolded and scaffolded guidance) on student learning of a foundational concept in biochemistry. We compared all four pedagogies for basic knowledge performance and near-transfer problem solving, and productive failure and scaffolded guidance for far-transfer problem solving. We showed that 1) the four pedagogies did not differentially impact basic knowledge performance; 2) worked examples plus practice, productive failure, and scaffolded guidance led to greater near-transfer performance compared with unscaffolded guidance; and 3) productive failure and scaffolded guidance did not differentially impact far-transfer performance. These findings offer insights for researchers and college instructors.",openalex,llm,0.970,unreviewed,
