status,title,authors,year,venue,doi,url,tags,abstract,provider,decision_source,llm_confidence,llm_review_outcome,llm_change_direction
kept,Designing for Productive Failure,Manu Kapur; Katerine Bielaczyc,2011,Journal of the Learning Sciences,10.1080/10508406.2011.591717,https://openalex.org/W2080548691,supports-claim; supports_claim; productive_failure; math; conceptual_understanding; transfer,"In this article, we describe the design principles undergirding productive failure (PF; M. Kapur, 2008 Kapur, M. 2008. Productive failure. Cognition and Instruction, 26: 379–424. [Taylor & Francis Online], [Web of Science ®] , [Google Scholar]). We then report findings from an ongoing program of research on PF in mathematical problem solving in 3 Singapore public schools with significantly different mathematical ability profiles, ranging from average to lower ability. In the 1st study, 7th-grade mathematics students from intact classes experienced 1 of 2 conditions: (a) PF, in which students collaboratively solved complex problems on average speed without any instructional support or scaffolds up until a teacher-led consolidation; or (b) direct instruction (DI), in which the teacher provided strong instructional support, scaffolding, and feedback. Findings suggested that although PF students generated a diversity of linked representations and methods for solving the complex problems, they were ultimately unsuccessful in their problem-solving efforts. Yet despite seemingly failing in their problem-solving efforts, PF students significantly outperformed DI students on the well-structured and complex problems on the posttest. They also demonstrated greater representation flexibility in solving average speed problems involving graphical representations, a representation that was not targeted during instruction. The 2nd and 3rd studies, conducted in schools with students of significantly lower mathematical ability, largely replicated the findings of the 1st study. Findings and implications of PF for theory, design of learning, and future research are discussed.",openalex,llm,0.970,unreviewed,
kept,A further study of productive failure in mathematical problem solving: unpacking the design components,Manu Kapur,2010,Instructional Science,10.1007/s11251-010-9144-3,https://openalex.org/W2004976651,adjacent-subtopic; productive_failure; design_components; boundary_conditions,,openalex,llm,0.830,unreviewed,
kept,Productive failure in learning from generation and invention activities,Manu Kapur; Nikol Rummel,2012,Instructional Science,10.1007/s11251-012-9235-4,https://openalex.org/W2007901903,adjacent-subtopic; productive_failure; generation_and_invention; review_or_theory,,openalex,llm,0.820,unreviewed,
discarded,Productive Failure in Stem Education,Rebecca J. Trueman,2014,Journal of Educational Technology Systems,10.2190/et.42.3.b,https://openalex.org/W1970395665,adjacent-subtopic; adjacent_productive_failure; no_instruction_first_comparison; transfer_only,"Science education is criticized because it often fails to support problem-solving skills in students. Instead, the instructional methods primarily emphasize didactic models that fail to engage students and reveal how the material can be applied to solve real problems. To overcome these limitations, this study asked participants in a general ecology course to operate an advanced environmental instrumentation (GC/MS), collect pollution samples, complete data analysis, develop an environmental assessment, and proffer a remediation plan for a local river during an ill-structured task. Students were then given a novel task to assess their transfer skills. The study specifically examined student attitudes, effectiveness, and outcomes toward the integration of laboratories into a science course. Results found that students rated their level of instrumentation confidence as low, but showed statistically significant differences on transfer task scores. Implications for research are discussed.",openalex,llm,0.860,unreviewed,
kept,Classroom-based Experiments in Productive Failure,Manu Kapur; Katerine Bielaczyc,2011,eScholarship (California Digital Library),,https://openalex.org/W2578309738,supports-claim; supports_claim; productive_failure; classroom_experiments; conceptual_insight,"We present evidence from three quasi-experimental studies on productive failure.In Experiment 1, students experienced either direct instruction (DI) or productive failure (PF), wherein they were first asked to generate a quantitative index for variance before receiving direct instruction on the concept.Experiment 2 examined if it was necessary for students to generate solutions or can these solutions be simply given to the students to study and evaluate.Experiment 3 examined if it was necessary for students to generate solutions before receiving the critical features of the targeted concept, or would simply telling the critical features without any such generation work just as well.In Experiment 1, PF students performed on par with DI students on procedural fluency, and significantly outperformed them on data analysis and conceptual insight items.In Experiment 2, only the effects on conceptual insight and near transfer were significant.In Experiment 3, only the effect on conceptual insight remained significant.Overall, these results challenge the claim that that direct instruction alone is the most effective approach for teaching novel concepts to learners.",openalex,llm,0.980,unreviewed,
kept,Schema abstraction with productive failure and analogical comparison: Learning designs for far across domain transfer,Michael J. Jacobson; Micah B. Goldwater; Lina Markauskaitė; Polly K. Lai; Manu Kapur; Gareth Roberts; Courtney B. Hilton,2019,Learning and Instruction,10.1016/j.learninstruc.2019.101222,https://openalex.org/W2965479521,adjacent-subtopic; productive_failure; analogical_comparison; far_transfer,,openalex,llm,0.800,unreviewed,
kept,Designing for productive failure in mathematical problem solving,Manu Kapur; June Lee,2009,eScholarship (California Digital Library),,https://openalex.org/W374294549,supports-claim; supports_claim; productive_failure; math; higher_order_application,"This paper describes two quasi-experimental studies of productive failure (Kapur, 2008) in Singapore public schools for the curricular unit on average speed.In the first study, seventh-grade mathematics students from intact classes experienced one of two conditions: a) productive failure, where students solved complex, ill-structured problems on average speed without any instructional support or scaffolds up until a teacher-led consolidation, or b) traditional lecture and practice.Despite seemingly failing in their collective and individual problem-solving efforts, students from the productive failure condition significantly outperformed their counterparts from the other two conditions on both the wellstructured and higher-order application problems on the posttest.The second study, conducted in another school with significantly lower academic ability students, replicated the findings of the first study.Findings and implications of productive failure for theory, design of learning, and future research are discussed.",openalex,llm,0.970,unreviewed,
kept,Productive Failure as strategy against the double curse of incompetence,Katharina Loibl; Nikol Rummel,2015,Learning Research and Practice,10.1080/23735082.2015.1071231,https://openalex.org/W1724416976,adjacent-subtopic; productive_failure; knowledge_gap_awareness; mechanism,"Learners who lack knowledge often also lack the ability to assess their limited competence correctly. Due to the incorrect self-assessment, they are unlikely to apply strategies that would help them to acquire relevant knowledge. This effect is known as the double curse of incompetence. When students solve problems prior to being taught the canonical solution in a so-called Productive Failure setting (PF), they usually come up with solution ideas that are erroneous or incomplete. Due to this struggle with the problem at hand, they may become aware of the limitations of their knowledge. Demonstrating how typical student solutions fail to solve the problem during subsequent instruction may further help students to assess their competence correctly. Improved awareness of limited competence, in turn, may foster fruitful learning strategies when learning the canonical solution. Indeed, our empirical study showed that students in PF conditions have a more realistic perception of their own knowledge than students in so-called direct instruction conditions (DI), and that they also ultimately learn more. The same pattern was true for students who were confronted with limitations of typical student solutions during instruction.",openalex,llm,0.920,unreviewed,
discarded,The Role of Creative Risk Taking and Productive Failure in Education and Technology Futures,Danah Henriksen; Punya Mishra; Edwin Creely; Michael Henderson,2021,TechTrends,10.1007/s11528-021-00622-8,https://openalex.org/W3176212921,adjacent-subtopic; adjacent_creative_risk_taking; technology_futures; not_ps_i,,openalex,llm,0.890,unreviewed,
discarded,Theorizing Failure in US Writing Assessments,Asao B. Inoue,2014,Research in the Teaching of English,10.58680/rte201424581,https://openalex.org/W2611288212,adjacent-subtopic; adjacent_failure_in_writing; not_ps_i,"How do teachers define failure when learning to write? We don’t ask the question often enough. In this article, I attempt to offer a definition and critique of the nature and production of failure in writing classrooms and programs. I argue that the production of failure in writing assessments can create more purposeful consequences, particularly for those historically most likely to suffer “failures” in writing classrooms: students of color, multilingual students, and working-class students. Drawing upon survey and grade data from California State University, Fresno, I examine two kinds of failure produced in writing classrooms, quality-failure and labor-failure. I argue that quality-failure (associated with judging the quality of drafts) is the least useful kind of failure for writing classrooms, while labor-failure (associated with work and effort) offers better consequences for student-writers and can help articulate a more robust writing construct by including noncognitive dimensions of writing. I conclude by proposing “productive failure” as a future possibility for writing classrooms.",openalex,llm,0.970,unreviewed,
discarded,Pedagogy of Productive Failure: Navigating the Challenges of Integrating VR into the Classroom,Marijel Melo; Elizabeth Bentley; Ken S. McAllister; J. Italo Cortez,2019,Journal of Virtual Worlds Research,10.4101/jvwr.v12i1.7318,https://openalex.org/W2914495065,adjacent-subtopic; adjacent_vr_reflection; productive_failure_metaphor; not_ps_i,"The surge of popular interest in virtual reality (VR), largely driven by recent advances making the hardware and software for VR development and use accessible to average consumers, is showing all the signs of a durable trend. One of those signs is active uptake in the academy, both for research (where it was pioneered) and in the classroom (where its footing is less certain). To be sure, VR offers exciting and relatively underdeveloped pedagogical terrain for teachers looking to enhance their curricula by deploying technologies that might optimize the learning process. This article offers a critical reflection on one such effort, specifically, our academic team’s grant-funded digital humanities research project called Focused Associational Thinking-Virtual Reality (FAT-VR). The main premise of the project was to create a virtual reality environment where students could cultivate creative fluency in divergent thinking. Such competencies are thought to afford students with a means of “thinking things together” in the service of transdisciplinary inquiry and problem solving. This essay recounts how, as we attempted to “move forward” by harnessing VR, we often found ourselves going “backward” and “in circles” due to technological glitches and challenging student feedback. Putting our digital pedagogy project in conversation with phenomenological philosophy and critical theory, we offer a provocation on how forward motion can sometimes set us back pedagogically, and how disorienting experiences—even failure—can become productive.",openalex,llm,0.930,unreviewed,
kept,Collaborative or Individual Learning within Productive Failure: Does the Social Form of Learning Make a Difference?,Claudia Mazziotti; Katharina Loibl; Nikol Rummel,2015,Computer Supported Collaborative Learning,10.22318/cscl2015.363,https://openalex.org/W2748678655,qualifies-claim; productive_failure; collaboration_vs_individual; qualifies_claim; young_learners,"Productive Failure (PF) – comprising initial problem solving and delayed instruction – has been proven effective for learning when compared to Direct Instruction (DI) in multiple studies with high school and university students. Although the problem-solving phase is usually implemented in a collaborative setting, the role of collaboration for the effectiveness of PF remains unclear. In two quasi-experimental studies we investigated whether collaborative as compared to individual learning in PF leads to more learning. We also tested whether the beneficial PF effect could be replicated with much younger students, namely 4 and 5 graders, than previous studies. Only our first study replicated the PF effect. While the first study did not reveal differences between collaborative and individual learning, in the second study individual learners even outperformed their collaborative counterparts in both PF and DI conditions. Against these findings, we discuss possible prerequisites for PF and propose an agenda for follow-up CSCL research.",openalex,llm,0.980,unreviewed,
discarded,"Design Thinking in Education: Perspectives, Opportunities and Challenges",Stefanie Panke,2019,Open Education Studies,10.1515/edu-2019-0022,https://openalex.org/W3009754167,adjacent-subtopic; adjacent_design_thinking_review; not_ps_i,"Abstract The article discusses design thinking as a process and mindset for collaboratively finding solutions for wicked problems in a variety of educational settings. Through a systematic literature review the article organizes case studies, reports, theoretical reflections, and other scholarly work to enhance our understanding of the purposes, contexts, benefits, limitations, affordances, constraints, effects and outcomes of design thinking in education. Specifically, the review pursues four questions: (1) What are the characteristics of design thinking that make it particularly fruitful for education? (2) How is design thinking applied in different educational settings? (3) What tools, techniques and methods are characteristic for design thinking? (4) What are the limitations or negative effects of design thinking? The goal of the article is to describe the current knowledge base to gain an improved understanding of the role of design thinking in education, to enhance research communication and discussion of best practice approaches and to chart immediate avenues for research and practice.",openalex,llm,0.970,unreviewed,
discarded,Designs for learning about climate change as a complex system,Michael J. Jacobson; Lina Markauskaitė; Alisha Portolese; Manu Kapur; Polly K. Lai; Gareth Roberts,2017,Learning and Instruction,10.1016/j.learninstruc.2017.03.007,https://openalex.org/W2605919976,adjacent-subtopic; adjacent_complex_systems_learning; not_ps_i,,openalex,llm,0.860,unreviewed,
discarded,Productive Failure as a Method for Learning about Effective Collaborative Problem Solving,Siem Buseyne; Amélie Vrijdags; Annelies Raes,2023,International Journal of Designs for Learning,10.14434/ijdl.v14i1.35221,https://openalex.org/W4327545972,adjacent-subtopic; adjacent_design_paper; productive_failure_general; not_comparison_study,"Collaborative Problem Solving (CPS) skills are receiving increased attention in the current workforce and in lifelong learning. In learning and labor contexts, successful teamwork is however not always guaranteed, due to several reasons, such as an unequal level of individual participation. Training in CPS for all groups is therefore needed. However, resources for CPS competence development are scarce. As part of our project entitled Supporting Teamwork in Ambient Learning Spaces (STEAMS), we, therefore, designed an interactive professional training on CPS, in which CPS is perceived both as a method and as a goal. In this paper, we outline the design process of our CPS training along with some crucial decisions we needed to make, and we aim to illustrate how implementing productive failure in the learning design can foster adults’ CPS-competencies development.",openalex,llm,0.900,unreviewed,
kept,Exploring Barriers in Productive Failure,Phil Steinhorst; Andrew Petersen; Bogdan Simion; Jan Vahrenhold,2023,,10.1145/3568813.3600111,https://openalex.org/W4386585044,adjacent-subtopic; productive_failure; computer_science; barriers; boundary_conditions,"Motivation and Objectives. Productive Failure is a problem-based learning technique where students attempt to solve a problem before receiving instruction in the topic. By design, students may not find a satisfying solution. Prior studies of Productive Failure in STEM contexts have been conducted in secondary or introductory college settings. Focusing primarily on exploring appropriate analysis and modeling techniques, these studies showed that a Productive Failure approach can lead to greater conceptual knowledge acquisition and transfer capabilities compared to »traditional«Direct Instruction techniques. In this study, we build on these studies along two dimensions: First, we report on the design and evaluation of a Productive Failure intervention in a more advanced undergraduate class: third-year Operating Systems. Second, our intervention targeted a more advanced skill: applying synchronization primitives, rather than selecting appropriate modeling and analysis techniques.",openalex,llm,0.940,unreviewed,
discarded,Engineering and humanitarian intervention: learning from failure,Adeela Arshad‐Ayaz; M. Ayaz Naseem; Dania Mohamad,2020,Journal of International Humanitarian Action,10.1186/s41018-020-00073-5,https://openalex.org/W3037808549,off-topic-false-hit; other_topic; humanitarian_engineering; not_instructional_sequence,"Abstract In this paper, we challenge the belief that failure is necessarily a bad outcome. Instead, we argue that failure—specifically articulated as productive failure—should rather be seen as an educational moment and learning opportunity. Furthermore, we examine the field of humanitarian engineering to argue that the failures of various humanitarian engineering interventions are not necessarily because of flaws in the design process but due to the dominance of the mainstream development discourse, which obscures the importance of local contexts, knowledge, and wisdom. We ground the discussion in the broader context of contemporary development discourses and examine some examples of the failure of engineering and humanitarian assistance/development projects that can be converted into “productive failures” and used as learning opportunities.",openalex,llm,0.970,unreviewed,
