status,title,authors,year,venue,doi,url,tags,abstract,provider,decision_source,llm_confidence,llm_review_outcome,llm_change_direction
discarded,Examining the Efficacy of Inquiry-based Approaches to Education,David Scott; Cameron W. Smith; Man-Wai Chu; Sharon Friesen,2018,Alberta Journal of Educational Research,10.55016/ojs/ajer.v64i1.56439,https://openalex.org/W4389324457,adjacent-subtopic; adjacent_inquiry_based_education; not_ps_i_specific,"Educational jurisdictions around the world have introduced curricular initiatives that emphasize the need for students to engage in inquiry-based education. This shift, has been met by significant public opposition, particularly in the Canadian context. Results from this study indicate that criticisms of inquiry-based approaches to education are largely directed at discovery learning, which has limited educational value. We note the significant affordances of guided forms of inquiry, such as problem-based learning, and approaches to inquiry aligned with the authentic education movement. Additionally, we highlight the specific instructional supports needed for processes of inquiry to promote elements, such as critical thinking skills and flexible problem solving abilities, necessary for success in a rapidly changing world.",openalex,llm,0.930,unreviewed,
discarded,Searching for buried treasure: uncovering discovery in discovery-based learning,Kiera Chase; Dor Abrahamson,2017,Instructional Science,10.1007/s11251-017-9433-1,https://openalex.org/W2767992046,adjacent-subtopic; adjacent_discovery_learning; conceptual_piece; not_ps_i,,openalex,llm,0.920,unreviewed,
discarded,Effectiveness of guided co-construction versus direct instruction for beginning reading instruction,Mirjam Snel; J. Terwel; C.A.J. Aarnoutse; J.F.J. van Leeuwe,2012,Educational Research and Evaluation,10.1080/13803611.2012.682803,https://openalex.org/W2005140866,adjacent-subtopic; adjacent_guided_co_construction; reading_instruction; not_ps_i,"In a field experiment with 178 first-grade pupils, the effects of an experimental beginning reading programme were investigated. Both an experimental and a control group worked with the most frequently used Dutch beginning reading programme, Learning to Read Safely. The instructional approach implemented in the experimental group was guided co-construction (GCC); the instructional approach implemented in the control group was direct instruction (DI). The results of an overall analysis of the development of word recognition (WR) over time (i.e., throughout the 1st grade) showed the pupils in the experimental group to outperform those in the control group. However, the better performance by the experimental group attenuated over time with better performance by the control group on the last measurement occasion. Majority pupils benefitted more from GCC but minority pupils more from DI. Minority pupils in the control group showed greatest progress.",openalex,llm,0.960,unreviewed,
discarded,Preschool Children’s Science Learning: Instructional Approaches and Individual Differences,Amanda Grenell; Jasmine R. Ernst; Stephanie M. Carlson,2024,Early Education and Development,10.1080/10409289.2024.2360884,https://openalex.org/W4399691585,qualifies-claim; qualifies_claim; explicit_instruction_vs_discovery; children; not_ps_i_specific,"Research Findings: =93; 47% female). Children were randomly assigned to an Explicit Instruction, Discovery Learning, or No-Instruction Control condition. A pre-post-test design was used to measure change in children's knowledge of sinking and floating using an assessment created for the current study. Participants also completed measures of executive function (i.e., Minnesota Executive Function Scale, Statue Task, Backward Word Span) and non-verbal and verbal IQ (i.e., Stanford-Binet Intelligence Scales). Results showed that children in the Explicit Instruction condition learned more than children in the other two groups. Additionally, individual differences in age, socioeconomic status, IQ, and executive function predicted learning, although only age and SES were uniquely predictive when all variables were included in the model. Lastly, children's sinking and floating pre-test scores significantly interacted with instructional condition to predict learning. Among children in the Discovery Learning condition, those with more prior knowledge gained more after instruction than children with less prior knowledge. Practice or Policy: These findings highlight the importance of considering how learner characteristics might influence the effectiveness of different instructional approaches.",openalex,llm,0.920,unreviewed,
discarded,Growing phonological and morphological knowledge and improving spelling outcomes in Year 2 primary school children through Explicit Instruction and contextualised dictation,Sally Robinson-Kooi,2019,Australasian Journal of Paramedicine,,https://openalex.org/W2961212694,off-topic-false-hit; other_topic; explicit_spelling_instruction; not_ps_i,"Using Explicit Instruction (EI) to teach spelling is controversial because teaching approaches vary considerably in the contemporary classroom. Teachers may privilege visual over linguistic strategies and include target words based around themes, rather than the phono-morphological structures of words. There is also little current research about the benefits of using sentence dictation to practise taught spelling skills and thus to increase the likelihood of developing spelling automaticity. Spelling automaticity is important because it complements crucial reading and writing skills. Developing fluent spelling through EI, followed by sentence dictation, was a specific focus of this study. Two primary schools in rural NSW and a total of 30 teachers were involved in this mixed methods research. One of the schools was used as a comparison school and the other was the intervention school. All 30 teachers involved in the study completed a knowledge survey about the components of the English spelling system considered essential to teach spelling explicitly. From this data, the specific knowledge of the teachers involved in the Year 2 intervention, the Learning Support Teacher and the Acting Principal, was extracted. The two Year 2 teachers in the comparison school received professional development on meaning-based approaches to spelling, whereas the five teachers at the intervention school received professional development on EI techniques and word level components of the English spelling system. Mid-intervention teacher interviews gathered data about their feelings on implementing EI techniques in practice. Post-intervention quantitative tests and interviews allowed in-depth and rich understandings of aspects that either enabled or hindered implementation of the intervention. The spelling competence of 60 students at the two schools was also assessed before any intervention took place. The 35 Year 2 students in the two classes at the intervention school received EI in the phonological and morphological aspects of words, editing, and contextualised sentence dictation during Term 3. The 25 students in the Year 2 class at the comparison school continued their established literacy routine. Interviews with randomly selected students from both schools facilitated an exploration of their feelings about spelling approaches used during the term. The findings showed that spelling results in both schools improved as expected. However, overall the intervention school had superior results to the comparison school; one class in the intervention school consistently outperformed all other classes in word spelling and dictation assessments with moderate to large effects. Many of the teachers demonstrated an increase in morpheme knowledge, but not in word structure. In this study the EI spelling Lesson elements were reinforced by teaching strategies that included contextualised editing tasks and daily sentence dictations. These tasks were embedded in the term science theme of Insects, which was chosen in collaboration with the intervention teachers. The dictation component, a previously underutilised tool, involved students writing two lines from a contextualised poem, each day. In Australia, current methods of teaching spelling remain varied and contentious. Teachers who are engaged in improving spelling knowledge may find that using EI strategies reinforced by contextualised dictation can improve outcomes for all students.",openalex,llm,0.970,unreviewed,
discarded,Using Similarities and Differences: A Meta‐Analysis of Its Effects and Emergent Patterns,Helen Apthorp; Charles Igel; Ceri B. Dean,2012,School Science and Mathematics,10.1111/j.1949-8594.2012.00139.x,https://openalex.org/W2147915955,adjacent-subtopic; adjacent_meta_analysis; similarities_and_differences; not_ps_i,"The purpose of the study was to update previous meta‐analytic findings on the effectiveness of using similarities and differences as an instructional strategy. The strategy includes facilitating student comparison, classification, use of analogies, and use of metaphors. Previously, Marzano, Pickering, and Pollock reported a mean effect size of 1.61. For the present meta‐analysis, literature was searched to locate experimental studies meeting the following inclusion criteria: published between 1998 and 2008; examined effects of facilitating student comparison, classification, use of analogies, and use of metaphors; measured student academic achievement as an outcome; involved students in kindergarten through grade 12; and provided data necessary to compute effect sizes. Based on the eligible research, the overall mean effect size (Hedges' g) was .65, confirming earlier results indicating that using similarities and differences positively influences student achievement. Type of control group, however, moderated the effect. Larger effect sizes were associated with control groups receiving textbook‐guided instruction versus those receiving interactive instruction. Emergent patterns were observed for the positive influence of long‐term instruction, systematic instruction, supportive cuing, and opportunity for reflection and discussion. Results support recommendations to guide students through analogical reasoning about, and classification of, important concepts and relationships in content‐area instruction.",openalex,llm,0.970,unreviewed,
discarded,Effects of individual versus online collaborative case study learning strategies on critical thinking of undergraduate students,Kathryn S. Lee,2004,Texas ScholarWorks (Texas Digital Library),,https://openalex.org/W1682257104,adjacent-subtopic; adjacent_case_study_learning; critical_thinking; not_ps_i,"In support of constructivist student-centered learning in higher education, this dissertation examined the effects of individual versus online collaborative case study learning on the development of critical thinking skills in undergraduate students. Case study learning was integrated into EDP 1350: Effective Learning, an undergraduate course designed to improve students’ potential for academic success. A technology readiness survey was administered to participants prior to the case study learning to assess their readiness to participate in the online component of the learning. Case studies related to self-regulation of behavior, motivation, and cognition for academic tasks were used as stimulus prompts. Facione & Facione’s (1996) holistic critical thinking rubric was used to measure the change in participants’ critical thinking over the completion of the case study learning analyses. A nonequivalent (pretest and posttest) control-group design was used to obtain statistical, quantitative results from the sample of eighty undergraduate students, and a process satisfaction questionnaire was used to survey students’satisfaction with various aspects of the case study learning analyses. Between-group repeated measures analysis detected no significant mean differences in critical thinking between the treatment group (online collaborative discussion) and the comparison group (traditional individual assignment) as measured by the holistic critical thinking scoring rubric. Repeated measures within-group analysis showed significant gains in critical thinking within both the treatment and comparison groups. A between-group technology readiness survey analysis showed no significant differences in technology readiness between the groups, and a between-groups process satisfaction questionnaire analysis showed no significant differences in process satisfaction between the groups. Overall, participants in both groups reported feeling satisfied with the case study learning analyses. The purpose of this research was to explore the use of asynchronous computer-mediated collaborative case study learning to promote critical thinking in undergraduate students and contribute to the field of instructional technology as a tool to enrich classroom learning.",openalex,llm,0.950,unreviewed,
discarded,Metaphor and Content: An Embodied Paradigm for Learning,Debbie Denise Reese,2003,VTechWorks (Virginia Tech),,https://openalex.org/W2285740289,adjacent-subtopic; adjacent_embodied_metaphor_learning; not_ps_i,"Through a direct application of two cognitive science theories, conceptual metaphor (Lakoff & Johnson, 1980, 1999) and structure mapping (Gentner, 1983, 1989; Gentner & Markman, 1995), this project defined an instructional design model for the design, development, and assessment of metaphor-enhanced, computer-mediated learning environments. It used the model to produce an instructional product with a metaphor-based interface. The project also built a parallel learning environment that employed a concept map interface. To test the metaphor-based product's effectiveness at enabling learners to build rich mental models of a complex, abstract concept, the project ran fifty-seven preservice teachers (55 female, 2 male; mean age of 21) through the instruction, randomly assigning half to the concept map interface environment and half to the metaphor-based interface environment. Participants completed four essay-type assessment questions. Trained raters, blind to participant assignment, isolated any of the 13 targeted concepts present within participants' protocols and, through consensus, constructed a concept map for each participant, representing that participant's mental model of the targeted domain. Map attributes were translated into four weighted subscores (nodes, branches, levels, and cross-links) and summed. Comparison across the two groups indicated no significant difference for richness of mental model, t(55)=-.72, p > .05, although the discussion suggests methods for increasing the power in subsequent experimental sessions. A significant interaction between Subscore and Achievement, F(3,51)=33.42, p < .01, suggests that concept map cross-links are much more sensitive to differences in domain integration and the general richness of a participant's mental model than the level and branch subscores. This result has implications for classroom application. Concept maps have taken a place as a learner's, a teacher's, and a researcher's tool. With cross-domain validation and domain-specific extensions, specification of the relative sensitivity of various subscales, that is, the structure of the concept map, will enable educators to justify weighting scales and identify learner achievement. Credible concept map weighting scales also enhance learners' self-reliant and impartial assessment of personal growth in domain-specific knowledge. Results suggest that learners who have difficulty integrating domain concepts require direct, explicit instruction to help them to make connections between disparate conceptual strands.",openalex,llm,0.950,unreviewed,
discarded,Assessing Instructional Cognitive Load in the Context of Students' Psychological Challenge and Threat Orientations: A Multi-Level Latent Profile Analysis of Students and Classrooms,Andrew J. Martin; Paul Ginns; Emma Burns; Roger Kennett; Vera Munro‐Smith; Rebecca J. Collie; Joel Pearson,2021,Frontiers in Psychology,10.3389/fpsyg.2021.656994,https://openalex.org/W3185180564,adjacent-subtopic; adjacent_cognitive_load_profiles; not_ps_i,"= 2,071 students in 188 high school science classrooms. Multilevel latent profile analysis (LPA) was used to identify student and classroom profiles based on students' reports of instructional cognitive load (load reduction instruction, LRI; using the LRIS-S) and their accompanying psychological challenge orientations (self-efficacy and growth goals), and psychological threat orientations (anxiety and failure avoidance goals). In phase 1 of analyses (investigating students; Level 1), we identified 5 instructional-psychological student profiles that represented different presentations of instructional load, challenge orientation, and threat orientation, ranging from the most maladaptive profile (the Instructionally-Overburdened & Psychologically-Resigned profile) to the most adaptive profile (Instructionally-Optimized & Psychologically-Self-Assured profile). The derived profiles revealed that similar levels of perceived instructional load can be accompanied by different levels of perceived challenge and threat. For example, we identified two profiles that were both instructionally-supported but who varied in their accompanying psychological orientations. Findings also identified profiles where students were dually motivated by both challenge and threat. In turn, these profiles (and their component scores) were validated through their significant associations with persistence, disengagement, and achievement. In phase 2 of analyses (investigating students and classrooms; Levels 1 and 2), we identified 3 instructional-psychological classroom profiles that varied in instructional cognitive load, challenge orientations, and threat orientations: Striving classrooms, Thriving classrooms, and Struggling classrooms. These three classroom profiles (and their component scores) were also validated through their significant associations with classroom-average persistence, disengagement, and achievement-with Struggling classrooms reflecting the most maladaptive outcomes and Thriving classrooms reflecting the most adaptive outcomes. Taken together, findings show that considering instructional cognitive load (and new approaches to empirically assessing it) in the context of students' accompanying psychological orientations can reveal unique insights about students' learning experiences and about important differences between classrooms in terms of the instructional load that is present.",openalex,llm,0.950,unreviewed,
