status,title,authors,year,venue,doi,url,tags,abstract,provider,decision_source,llm_confidence,llm_review_outcome,llm_change_direction
discarded,Evaluating Large Language Models Trained on Code,Mark Chen; Jerry Tworek; Heewoo Jun; Qiming Yuan; Henrique Pondé de Oliveira Pinto; Jared Kaplan; Harrison Edwards; Yuri Burda; Nicholas Joseph; Greg Brockman; Alex Ray; Raul Puri; Gretchen Krueger; Michael Petrov; Heidy Khlaaf; Girish Sastry; Pamela Mishkin; Brooke Chan; Scott Gray; Nick Ryder; Mikhail Pavlov; Alethea Power; Łukasz Kaiser; Mohammad Bavarian; Clemens Winter; Philippe Tillet; Felipe Petroski Such; Dave Cummings; Matthias Plappert; Fotios Chantzis; Elizabeth A. Barnes; Ariel Herbert-Voss; William H. Guss; Alex Nichol; Alex Paino; Nikolas Tezak; Jie Tang; I. Babuschkin; Suchir Balaji; Shantanu Jain; William S. Saunders; Christopher Hesse; Andrew N. Carr; Jan Leike; Joshua Achiam; Vedant Misra; Evan Morikawa; Alec Radford; Matthew M. Knight; Miles Brundage; Mira Murati; Katie Mayer; Peter Welinder; Bob McGrew; Dario Amodei; Sam McCandlish; Ilya Sutskever; Wojciech Zaremba,2021,arXiv (Cornell University),10.48550/arxiv.2107.03374,https://openalex.org/W3177813494,off-topic-false-hit,"I created a basic proof of concept of LMVM (Language Model Virtual Machine), a command line toolchain that English instructions into native binaries without intermediary high-level language compilation. The command line uses a large language model (LLM) as IR generation backend, producing LLVM Intermediate Representation (IR) directly from user instructions coding. The IR is compiled and linked to machine code (-o files) via `clang` (with an `llc`/`lld` fallback on POSIX hosts) and executed on bare metal, within Docker sandboxes, on AWS Lambda, or as standalone HTTP servers. How It Works (5 Steps) 1. You type an instruction - e.g. ""Create a rest api running on localhost port 3000 and return hello world"" 2. LMVM checks your computer - It figures out if you're on Windows/Mac/Linux, what CPU you have (Intel vs ARM), and makes sure clang (the compiler) is installed. If not, it offers to install it for you (with your permission). 3. An AI writes LLVM IR - Instead of writing C or Python, the LLM writes LLVM IR -- a low-level assembly-like language that sits between source code and machine code. The prompt includes your OS details so the AI generates code that works on your platform (e.g. Winsock on Windows vs POSIX sockets on Mac/Linux). 4. Clang turns IR into a native binary - clang compiles the IR and links it with system libraries (PostgreSQL, OpenSSL, SQLite, etc.) into a real executable. One step, no extra tools needed. 5. It runs - The binary executes directly on your CPU. If it's a Docker target, it runs sandboxed. If it's Lambda, it packages for AWS. 2. Why we care : Compiled native binaries outperform interpreted languages by 10-50x in CPU usage and 5-15x in memory for compute-heavy tasks, because interpreters add overhead with every instruction they process and their single-threaded execution model blocks true parallelism. Few runtimes that compile code on the fly, the gap narrows to 2-5x in CPU since those systems optimize hot code paths over time -- but native code still starts faster, uses less memory, and can run true parallel threads instead of juggling everything through a single event loop. The biggest gains show up in recursive and number-crunching workloads (where the cost of ""figuring out what to do next"" dominates) and memory-heavy tasks (where automatic garbage collection and wrapping every value in an object bloats memory usage). I/O-bound tasks show the smallest differences, because the operating system does the real work regardless of what language runtime sits on top. This also means we need to think carefully about maintainability, especially now that AI agents can generate code as a complete black box sometimes even producing low-level output that humans rarely inspect. 3. System Architecture [CLI] → [Toolchain] → [LLM Client] → [Compiler] → [Runner] → Output ↑ | Error Feedback | Self‑Correction Loop (x10) 3.1 CLI and Interactive Setup The command-line interface (built on Commander.js) exposes four commands: `run` (compile and execute), `compile` (IR generation only), `build` (compile existing IR), and `targets` (list output targets). 3.2 LLM Client The LLM client wraps an OpenAI-compatible API, supporting providers examples (OpenAI, Groq, Together AI, OpenRouter, and local llm instances). The command line agent constructs prompts from two sources: a system prompt (loaded from `Prompt.md`, ~4000 tokens) containing LLVM IR generation rules, security constraints, and code templates; and a user prompt containing a platform descriptor (host OS, exact target triple, sockets dialect), the instruction, target, and error context for retry attempts. A secondary method, is used by the toolchain bootstrapper to obtain package-manager commands for the detected host. 3.3 Platform Abstraction and Toolchain Bootstrapper Since LMVM builds real native programs, it has to know exactly what computer it's running on -- the same code won't work the same way on Windows vs Mac vs Linux. So a platform module figures out three things: 1. The ""target triple"" -- a label that tells the compiler exactly which OS and CPU to build for (like x86_64-pc-windows-msvc for 64-bit Windows, or arm64-apple-darwin for an M-series Mac). 2. How to do networking -- Windows uses its own socket system (Winsock), while Mac and Linux use the standard POSIX approach. The code has to match. 3. What package manager is available -- winget/choco/scoop on Windows, brew on Mac, apt/dnf/pacman on Linux. This matters if LMVM needs to install something. All of this gets described in plain text and injected into the AI's prompt, so it writes code that actually compiles on your machine instead of assuming you're on Linux. Before talking to the AI, LMVM runs a checklist to make sure your computer can actually compile things: 1. PATH fix - If you just installed clang but your terminal hasn't refreshed yet, LMVM detects the install location and patches its own PATH so it finds clang right away, no need to restart your terminal. 2. Is clang there? - It checks that the compiler is actually available. 3. Can clang actually build a program? (Windows only) -- On Windows, having clang isn't enough -- it also needs the MSVC linker and Windows SDK behind it. LMVM compiles a tiny test program to verify the full chain works. If it fails, the Visual Studio Build Tools are probably missing. 4. Install with user's permission - If anything is missing, LMVM asks the AI for the right install commands, shows them to you, and waits for your yes before running anything. Then it checks again. If the toolchain still can't work after all that, LMVM stops early and tells you exactly what to do (install manually, open a new terminal, or use Docker instead). It doesn't waste your AI API calls retrying something a code fix can't solve. 3.4 Code Compiler Compilation is driven by `clang`, which lowers the `.ll` and invokes the platform linker in a single step: Primary path (all platforms) - `clang output.ll -o `. Library flags are platform-aware: POSIX hosts use `-lpq`, `-lcurl`, `-lssl`, etc.; Windows links `ws2_32` for socket/server targets and relies on the MSVC C runtime. For the AWS Lambda target, static linking is applied. POSIX fallback - If `clang` is unavailable on macOS/Linux, the system falls back to the classic cascade: the LLVM Static Compiler (`llc -filetype=obj -relocation-model=pic`) to produce a position-independent object file, then `ld.lld` (`-flavor gnu`), the system C compiler (`cc`), or `clang` as a linker. A 60-second timeout bounds each invocation. The compiler maps library names to their respective linker flags through platform-specific lookup tables, covering PostgreSQL (libpq), HTTP (libcurl), JSON (cJSON), SSL/TLS (OpenSSL), image processing (libpng, libjpeg), databases (libsqlite3, libmysqlclient), compression (zlib), encryption (libcrypto), caching (hiredis), and message queues (librdkafka). 3.5 Execution Runner The runner dispatches binary execution based on the detected target like native , docker or AWS or GCR. 3.6 Self-Correction Loop When compilation or execution fails, the runtime updates a VM state object (`VMState`) with the error type (compiler/linker/runtime), error message, error line number, previous IR, and a compressed memory object (`VMMemory`) tracking accumulated errors and resolved dependencies. This enriched context is fed back to the LLM in the next attempt, enabling targeted correction. The loop terminates after a configurable maximum number of attempts (default: 10). 3.7 Security Layer LMVM employs defense-in-depth across three layers: 1. AI rules -- The instructions sent to the AI explicitly say: don't generate code that runs shell commands with user input, don't write files outside the allowed folder, don't read sensitive system files, don't hardcode passwords, and don't allocate unlimited memory. Think of this as a ""don't do bad things"" rulebook for the AI. 2. Sandbox -- When running in Docker, the program is locked down. A seccomp profile blocks the most dangerous system calls -- things like creating new processes, mounting drives, rebooting the machine, loading kernel modules, or snooping on other programs. Docker also limits the program to 512 MB of RAM and 1 CPU core, so it can't eat all your resources. This follows NIST security guidelines. 3. Input protection -- When LMVM runs the compiler or your program, it passes arguments as a structured list, not a single string. This means a hacker can't sneak in shell commands the way they might with string concatenation (the classic ""shell injection"" attack). The one exception is the toolchain installer, which does run shell commands -- but it always shows you the exact commands first and waits for your approval before running them. API keys are hidden in console output, and data buffers are capped at 10 MB to prevent memory explosions Appendix : As a demo using command LMVMcli command line we created a basic rest api directly as a machice code. Generated IR by GPT",openalex,llm,0.970,unreviewed,
discarded,Hello World! Building Computational Models to Represent Social and Organizational Theory,James A. Grand; Michael T. Braun; Goran Kuljanin,2024,Organizational Research Methods,10.1177/10944281241261913,https://openalex.org/W4400972001,off-topic-false-hit,"Computational modeling holds significant promise as a tool for improving how theory is developed, expressed, and used to inform empirical research and evaluation efforts. However, the knowledge and skillsets needed to build computational models are rarely developed in the training received by social and organizational scientists. The purpose of this manuscript is to provide an accessible introduction to and reference for building computational models to represent theory. We first discuss important principles and recommendations for “thinking about” theory and developing explanatory accounts in ways that facilitate translating their core assumptions, specifications, and ideas into a computational model. Next, we address some frequently asked questions related to building computational models that introduce several fundamental tasks/concepts involved in building models to represent theory and demonstrate how they can be implemented in the R programming language to produce executable model code. The accompanying supplemental materials describes additional considerations relevant to building and using computational models, provides multiple examples of complete computational model code written in R, and an interactive application offering guided practice on key model-building tasks/concepts in R.",openalex,llm,0.950,unreviewed,
discarded,„Hello World“ – Systemtheoretische Überlegungen zu einer Soziologie des Algorithmus,Jonathan Harth; Caspar-Fridolin Lorenz,2017,kommunikation gesellschaft,10.15460/kommges.2017.18.2.588,https://openalex.org/W2625390726,off-topic-false-hit,"Die Leistungsfähigkeit und Komplexität von Algorithmen scheint über eine bloße Steigerung wirtschaftlicher Automatisierungs- und Rationalisierungsprozesse hinauszuweisen. Der im Titel dieses Beitrags zitierte Ausspruch „Hello World“ bezeichnet somit nicht nur die ersten simplen Gehversuche beim Erlernen einer Pro-grammiersprache1, sondern zeigt, dass die von Algorithmen angeleiteten Computersysteme sich an der Konstitution gesellschaftlicher Realität beteiligen. Der vorliegende Beitrag versucht sich aus diesem Grund der Frage zu nähern, was eine Soziologie des Algorithmus aus systemtheoretischer Sicht bedeuten könnte. Ausgehend von dem Vorschlag, die Leistungen von Algorithmen testweise als produktive Irritation sinnförmiger Kommunikation zu verstehen, versuchen wir zunächst den kleinen, aber feinen Unterschied zwischen Computern und Algorithmen herauszuarbeiten. Anschließend rekapitulieren wir anhand verschiedener Positionen wie die soziologische Systemtheorie bislang jene möglichen Formen der Beteiligung von Computern an Kommunikation konzeptionell zu integrieren versuchte.",openalex,llm,0.970,unreviewed,
kept,"Hello, World!—Code Responsibly",Siddharth Kaza; Blair Taylor; Kyle Sherbert,2018,IEEE Security & Privacy,10.1109/msp.2018.1331035,https://openalex.org/W2785603259,supports-claim,"Many security exploits target vulnerabilities that are a result of poorly designed and implemented software. Despite its critical importance, secure coding is primarily taught in upper-level elective computer science (CS) classes. As a result, most students graduate with little or no exposure to secure coding techniques. We believe that it is important to teach responsible coding early, starting in the first programming course, and often, by repeating and reinforcing security concepts in advanced courses. At Towson University, we have developed modules that teach students to code securely and responsibly from the first class: the Security Injections @Towson project.",openalex,llm,0.900,unreviewed,
kept,"""Hey IDE, Display Hello World"": Integrating a Voice Coding Approach in Hands-on Computer Programming Activities",Manuel B. Garcia; John Benedic R. Enriquez; Rossana T. Adao; Ari Happonen,2022,,10.1109/hnicem57413.2022.10109412,https://openalex.org/W4367663996,supports-claim,"Following recent advancements in automatic speech recognition (ASR) technologies, we replicated an experiment four decades ago that utilized voice as an input modality for computer programming. We also extended this experiment by investigating the pedagogical effectiveness of ‘programming by voice’ in terms of attitude, self-efficacy, code correctness, and coding speed. A total of 96 students from an institute of technology in the capital region of the Philippines were randomly selected to participate in a quasi-experimental study using a one-group pretest-posttest design. We subjected students to programming activities with different levels of difficulty to compare voice and keyboard. Our results show that although voice decreases negativity, it likewise decreases control, which means that both attitude and self-efficacy are positively and negatively affected, respectively. Using voice as an input modality also allows students to code faster when the activities are easy but not when they are moderate or difficult. Code correctness analysis shows that voice is only preferable for easy and moderate machine problems. With the deviation of our findings from an experiment four decades ago, we can now conclude that ASR technologies and voice as input modality provide substantial implications and new opportunities for teaching and learning computer programming.",openalex,llm,0.940,unreviewed,
discarded,Implementing first-class polymorphic delimited continuations by a type-directed selective CPS-transform,Tiark Rompf; Ingo Maier; Martin Odersky,2009,,10.1145/1596550.1596596,https://openalex.org/W2133051483,off-topic-false-hit,"We describe the implementation of first-class polymorphic delimited continuations in the programming language Scala. We use Scala's pluggable typing architecture to implement a simple type and effect system, which discriminates expressions with control effects from those without and accurately tracks answer type modification incurred by control effects. To tackle the problem of implementing first-class continuations under the adverse conditions brought upon by the Java VM, we employ a selective CPS transform, which is driven entirely by effect-annotated types and leaves pure code in direct style. Benchmarks indicate that this high-level approach performs competitively.",openalex,llm,0.970,unreviewed,
discarded,Modeling Information Diffusion in Social Media as Provenance with W3C PROV,Io Taxidou; Tom De Nies; Ruben Verborgh; Peter M. Fischer; Erik Mannens; Rik Van de Walle,2015,,10.1145/2740908.2742475,https://openalex.org/W1987558907,off-topic-false-hit,"In recent years, research in information diffusion in social media has attracted a lot of attention, since the produced data is fast, massive and viral. Additionally, the provenance of such data is equally important because it helps to judge the relevance and trustworthiness of the information enclosed in the data. However, social media currently provide insufficient mechanisms for provenance, while models of information diffusion use their own concepts and notations, targeted to specific use cases. In this paper, we propose a model for information diffusion and provenance, based on the W3C PROV Data Model. The advantage is that PROV is a Web-native and interoperable format that allows easy publication of provenance data, and minimizes the integration effort among different systems making use of PROV.",openalex,llm,0.970,unreviewed,
discarded,"Hello World! I am Charlie, an Artificially Intelligent Conference Panelist",Patrick J. Cummings; Ryan Mullins; Manuel Moquete; Nathan Schurr,2021,Proceedings of the ... Annual Hawaii International Conference on System Sciences/Proceedings of the Annual Hawaii International Conference on System Sciences,10.24251/hicss.2021.045,https://openalex.org/W3127809569,off-topic-false-hit,"In recent years, advances in artificial intelligence (AI) have far outpaced our ability to understand and leverage them. In no domain has this been more true than in conversational agents (CAs). Transformer-based generative language models, such as GPT-2, significantly advance CAs' ability to generate creative and relevant content. It is critical to start exploring collaboration with these CAs. In this paper, we focus on an initial step by enabling a human-augmented, AI-driven CA to contribute to a panel discussion. Key questions include training a transformer-based AI to talk like a panelist, effectively embodying the CA to interact with panel participants, and defining the operational requirements and challenges to a CA gaining acceptance from its peers. Our results highlight the benefits that varied training, equal and dynamic representation, and fluid operation can have for AI applications. While acknowledging limitations, we present a path forward to richer, more natural human-AI collaboration.",openalex,llm,0.980,unreviewed,
discarded,Building a “Hello World” for self-driving labs: The Closed-loop Spectroscopy Lab Light-mixing demo,Sterling G. Baird; Taylor D. Sparks,2023,STAR Protocols,10.1016/j.xpro.2023.102329,https://openalex.org/W4378801491,off-topic-false-hit,"Learn how to build a Closed-loop Spectroscopy Lab: Light-mixing demo (CLSLab:Light) to perform color matching via RGB LEDs and a light sensor for under 100 USD and less than an hour of setup. Our tutorial covers ordering parts, verifying prerequisites, software setup, sensor mounting, testing, and an optimization algorithm comparison tutorial. We use secure IoT-style communication via MQTT, MicroPython firmware on a pre-soldered Pico W microcontroller, and the self-driving-lab-demo Python package. A video tutorial is available at https://youtu.be/D54yfxRSY6s. For complete details on the use and execution of this protocol, please refer to Baird et al.1",openalex,llm,0.980,unreviewed,
discarded,"Two-Dimensional Parson’s Puzzles: The Concept, Tools, and First Observations",Petri Ihantola; Ville Karavirta,2011,Journal of Information Technology Education Innovations in Practice,10.28945/1394,https://openalex.org/W136770786,adjacent-subtopic,"An international association advancing the multidisciplinary study of informing systems. Founded in 1998, the Informing Science Institute (ISI) is a global community of academics shaping the future of informing science.",openalex,llm,0.790,unreviewed,
kept,"Teaching programming by immersion, reading and writing",William M. Campbell; Ethan D. Bolker,2002,,10.1109/fie.2002.1158015,https://openalex.org/W2121473846,qualifies-claim,"In the introductory programming course at UMass Boston we teach Java/spl trade/ by immersion. Instead of starting with the traditional ""Hello, world"", students read, modify and write about a 200 line bank ATM simulation program consisting of two cooperating classes. By the end of the semester they are working with a 3500-line application that models a command line shell and a hierarchical file system. Our students learn programming the same way one best learns a spoken language: by immersion. We focus immediately on questions of interfaces, architecture and design. We spend little time on syntactic details, which students simply absorb as they need them. So in this first course, students get a taste of and an appreciation for what real programming is all about.",openalex,llm,0.990,unreviewed,
