status,title,authors,year,venue,doi,url,tags,abstract,provider,decision_source,llm_confidence,llm_review_outcome,llm_change_direction
discarded,Findings on Teaching Machine Learning in High School: A Ten - Year Systematic Literature Review,Ramon Mayor Martins; Christiane Gresse von Wangenheim,2022,Informatics in Education,10.15388/infedu.2023.18,https://openalex.org/W4295219506,off-topic-false-hit,"Machine Learning (ML) is becoming increasingly present in our lives. Thus, it is important to introduce ML already in High School, enabling young people to become conscious users and creators of intelligent solutions. Yet, as typically ML is taught only in higher education, there is still a lack of knowledge on how to properly teach younger students. Therefore, in this systematic literature review, we analyze findings on teaching ML in High School with regard to content, pedagogical strategy, and technology. Results show that High School students were able to understand and apply basic ML concepts, algorithms and tasks. Pedagogical strategies focusing on active problem/project-based hands-on approaches were successful in engaging students and demonstrated positive learning effects. Visual as well as text-based programming environments supported students to build ML models in an effective way. Yet, the review also identified the need for more rigorous evaluations on how to teach ML.",openalex,llm,0.970,unreviewed,
discarded,AI Art: Machine Visions and Warped Dreams,Joanna Żylińska,2020,Goldsmiths (University of London),,https://openalex.org/W3043949589,off-topic-false-hit,"Can computers be creative? Is algorithmic art just a form of Candy Crush? Cutting through the smoke and mirrors surrounding computation, robotics and artificial intelligence, Joanna Zylinska argues that, to understand the promise of AI for the creative fields, we must not confine ourselves solely to the realm of aesthetics. Instead, we need to address the role and position of the human in the current technical setup – including the associated issues of labour, robotisation and, last but not least, extinction. Offering a critique of the socio-political underpinnings of AI, AI Art: Machine Visions and Warped Dreams raises poignant questions about the conditions of art making and creativity today. \n \nThe book critically examines artworks that use AI, be it in the form of visual style transfer, algorithmic experiment or critical commentary. It also engages with their predecessors, including robotic art and net art. AI Art includes a project from Zylinska’s own art practice titled ‘View from the Window’, which explores human and nonhuman forms of intelligence, perception and action. The book closes with speculation on future art – and on art’s future.",openalex,llm,0.980,unreviewed,
discarded,An Overview of Computational Thinking,Fatih Kürşat Cansu; Sibel Cansu,2019,International Journal of Computer Science Education in Schools,10.21585/ijcses.v3i1.53,https://openalex.org/W2941380451,adjacent-subtopic,"Computers and smart devices have become ubiquitous staples of our lives. Computers and computer-controlled devices are used in all industries from medicine to engineering, and textile production. One field where computers have inevitably spread into is education, and one pre-requisite of controlling computers, or increasing the level and efficiency of our control over them, is making human-computer interaction as efficient as possible. This process of efficient and effective computer use, known as “Computer-like Thinking” or “Computational Thinking”, is seen as a field with the potential to support individual and societal development in our rapidly progressing world and to provide significant economic benefits. The fundamental concepts and scope of this field have been delineated in diverse manners by different researchers. Similarly, researchers have also advanced distinct critical viewpoints towards and potential benefits of computational thinking. This study aims to first define the concept of computational thinking by referencing source literature, then analyze the aims of certain criticisms of the field, and discuss the fundamental elements of computational thinking and contemporary research on these elements.",openalex,llm,0.920,unreviewed,
discarded,CriticBench: Benchmarking LLMs for Critique-Correct Reasoning,Zicheng Lin; Zhibin Gou; Liang Tian; Ruilin Luo; Haowei Liu; Yujiu Yang,2024,,10.18653/v1/2024.findings-acl.91,https://openalex.org/W4402670898,off-topic-false-hit,"The ability of Large Language Models (LLMs) to critique and refine their reasoning is crucial for their application in evaluation, feedback provision, and self-improvement.This paper introduces CRITICBENCH, a comprehensive benchmark designed to assess LLMs' abilities to critique and rectify their reasoning across a variety of tasks.CRITICBENCH encompasses five reasoning domains: mathematical, commonsense, symbolic, coding, and algorithmic.It compiles 15 datasets and incorporates responses from three LLM families.Utilizing CRITICBENCH, we evaluate and dissect the performance of 17 LLMs in generation, critique, and correction reasoning, i.e., GQC reasoning, and analyze the key factors affecting LLM critical reasoning.Our findings reveal: (1) a linear relationship in GQC capabilities, with critiquefocused training markedly enhancing performance; (2) a task-dependent variation in critique and correction effectiveness, with logicoriented tasks being more amenable to correction; (3) GQC knowledge inconsistencies that decrease as model size increases; and (4) an intriguing inter-model critiquing pattern, where stronger models are better at critiquing weaker ones, while weaker models can surprisingly surpass stronger ones in their self-critique.We hope these insights into the nuanced critiquecorrect reasoning of LLMs will foster further research in LLM critique and self-improvement 1 .",openalex,llm,0.980,unreviewed,
discarded,Pyro,Douglas Blank; Deepak Kumar; Lisa Meeden; Holly A. Yanco,2003,Journal on Educational Resources in Computing,10.1145/1083310.1047569,https://openalex.org/W2125236613,off-topic-false-hit,"In this article we describe a programming framework called Pyro, which provides a set of abstractions that allows students to write platform-independent robot programs. This project is unique because of its focus on the pedagogical implications of teaching mobile robotics via a top-down approach. We describe the background of the project, its novel abstractions, its library of objects, and the many learning modules that have been created from which curricula for different types of courses can be drawn. Finally, we explore Pyro from the students' perspective in a case study.",openalex,llm,0.880,unreviewed,
discarded,Cybersecurity Enhancement through Blockchain Training (CEBT) – A serious game approach,A.P. Mittal; Monika Gupta; Manmohan Chaturvedi; Shailesh R. Chansarkar; Sameer Gupta,2021,International Journal of Information Management Data Insights,10.1016/j.jjimei.2020.100001,https://openalex.org/W3128395326,off-topic-false-hit,"Blockchain technology is increasingly finding traction in diverse areas such as finance, supply-chain management, and cloud services because of its ability to provide robust cybersecurity inherent in its system of having decentralized data storage. The rising complexity in the architecture of popular blockchain platforms create barriers to correct adoption of the technology. It becomes imperative that pedagogical tools are inducted in the blockchain ecosystem to address this perceived or real impediments for the uptake of the technology. We propose one of the first such pedagogical tool for training in blockchain using an adversarial sandbox adaptive serious game approach for students and technology professionals. We further propose use of AI to enhance NPC interactivity based on player’s responses. We plan to evaluate this serious game on a subjective metrics that is based on a game experience questionnaire.",openalex,llm,0.960,unreviewed,
discarded,Homomorphic Encryption,Monique Ogburn; Claude Turner; Pushkar Dahal,2013,Procedia Computer Science,10.1016/j.procs.2013.09.310,https://openalex.org/W4244373353,off-topic-false-hit,"The study of homomorphic encryption techniques has led to significant advancements in the computing domain, particularly in the sphere of cloud computing. Homomorphic encryption provides a means for securely transmitting and storing confidential information across and in a computer system. The aim of this paper is to discuss the concepts and significance of homomorphic encryption along with the subdivisions and limitations associated with this type of encryption scheme. Recent studies conducted on the topic of homomorphic encryption are highlighted and some customary models of homomorphism are demonstrated. We also developed a proof of concept algorithm that demonstrates a practical use for a homomorphic encryption technique, the results of our algorithm are provided. The applications of homomorphic encryption methods are vast outside of the computational realm, and its purpose in other fields will be explored.",openalex,llm,0.980,unreviewed,
discarded,"Analyse critique et féminismes matérialistes. Travail, sexualité(s), culture",Annie Bidet-Mordrel; Elsa Galerand; Danièle Kergoat,2016,Cahiers du Genre,10.3917/cdge.hs04.0005,https://openalex.org/W2529208797,off-topic-false-hit,"Analyse critique et féminismes matérialistes. Travail, sexualité(s), cultureCentré sur les féminismes matérialistes, leurs développements, leurs différences et leurs formes de renouvellements, ce numéro voudrait contribuer à mettre au jour quelques-unes des tensions qui marquent actuellement la réflexion sur le genre ou sur les rapports sociaux de sexe et les relations qu'ils entretiennent aux autres rapports de pouvoir (de classe, de race, de colonialité, de sexualité) ; tensions qui participent aussi du questionnement sur l'émancipation.La revendication d'un féminisme matérialiste apparaît pour la première fois, en 1975, sous la plume de Christine Delphy dans « Pour un féminisme matérialiste » 1 (Delphy 1998(Delphy [1975]]), avant d'être collectivement reprise 2 et, par là-même, constituée en tant que courant théorique et politique de la pensée féministe.C'est à ce courant, auquel sont le plus souvent associés les travaux de Guillaumin (1978aGuillaumin ( , 1978b)), Mathieu (1991Mathieu ( , 2014)), Delphy (1998, 2001), Tabet (1998, 2004) et Wittig (2001 [1992]), qu'il est couramment fait référence lorsqu'il est question du féminisme matérialiste au singulier.En dépit de ses différences et débats internes, et bien que ses frontières, clôtures ou exclusions puissent être matière à discussion, l'ensemble désigné par cet usage au singulier ('le' féminisme matérialiste) peut se lire comme un travail collectif de théorisation des catégories de sexe : en termes 1 « L'ennemi principal » (Delphy 1970) donnait cependant déjà « des bases pour une analyse matérialiste de l'oppression des femmes ». 2 Notamment dans le cadre des revues Questions féministes puis Nouvelles questions féministes. Association Féminin",openalex,llm,0.990,unreviewed,
kept,From Hello World to Interface Design in Three Days: Teaching Non-technical Students to Use an API,George M. Wyner; Benjamin Lubin,2011,Journal of the Association for Information Systems,,https://openalex.org/W170389982,supports-claim,"In this preliminary report we describe ongoing research aimed at developing an effective method forgiving business students the experience of using an API. Specifically, we seek a method that isaccessible and useful even to students with no technical background. The approach we have taken is toteach students a small but sufficient amount of the Python language and then provide them with the APIto a restaurant information system that we have developed specifically for the course. Student teamsuse the API to implement a simple information system tailored to the specific work flow of a restaurantof their choice. Anecdotal evidence suggests that students have found the programming experienceuseful and that further investigation of the proposed method is warranted. This paper describes theapproach taken and the reasons behind the approach in enough detail so that the reader can assess itspotential relevance to his or her own curriculum and find some guidance on how to develop similarapproaches.",openalex,llm,0.920,unreviewed,
discarded,"How to feel about emotionalized artificial intelligence? When robot pets, holograms, and chatbots become affective partners",Eva Weber‐Guskar,2021,Ethics and Information Technology,10.1007/s10676-021-09598-8,https://openalex.org/W3164613214,off-topic-false-hit,"Interactions between humans and machines that include artificial intelligence are increasingly common in nearly all areas of life. Meanwhile, AI-products are increasingly endowed with emotional characteristics. That is, they are designed and trained to elicit emotions in humans, to recognize human emotions and, sometimes, to simulate emotions (EAI). The introduction of such systems in our lives is met with some criticism. There is a rather strong intuition that there is something wrong about getting attached to a machine, about having certain emotions towards it, and about getting involved in a kind of affective relationship with it. In this paper, I want to tackle these worries by focusing on the last aspect: in what sense could it be problematic or even wrong to establish an emotional relationship with EAI-systems? I want to show that the justifications for the widespread intuition concerning the problems are not as strong as they seem at first sight. To do so, I discuss three arguments: the argument from self-deception, the argument from lack of mutuality, and the argument from moral negligence.",openalex,llm,0.980,unreviewed,
discarded,A Philosophical Treatise of Universal Induction,Samuel Rathmanner; Marcus Hütter,2011,Entropy,10.3390/e13061076,https://openalex.org/W2165552039,off-topic-false-hit,"Understanding inductive reasoning is a problem that has engaged mankind for thousands of years. This problem is relevant to a wide range of fields and is integral to the philosophy of science. It has been tackled by many great minds ranging from philosophers to scientists to mathematicians, and more recently computer scientists. In this article we argue the case for Solomonoff Induction, a formal inductive framework which combines algorithmic information theory with the Bayesian framework. Although it achieves excellent theoretical results and is based on solid philosophical foundations, the requisite technical knowledge necessary for understanding this framework has caused it to remain largely unknown and unappreciated in the wider scientific community. The main contribution of this article is to convey Solomonoff induction and its related concepts in a generally accessible form with the aim of bridging this current technical gap. In the process we examine the major historical contributions that have led to the formulation of Solomonoff Induction as well as criticisms of Solomonoff and induction in general. In particular we examine how Solomonoff induction addresses many issues that have plagued other inductive systems, such as the black ravens paradox and the confirmation problem, and compare this approach with other recent approaches.",openalex,llm,0.970,unreviewed,
discarded,Using BlueJ to Introduce Programming,Michael Kölling,2008,Lecture notes in computer science,10.1007/978-3-540-77934-6_9,https://openalex.org/W1605249642,adjacent-subtopic,,openalex,llm,0.720,unreviewed,
discarded,Text sentiment analysis using frequency-based vigorous features,Abdul Razzaq; Muhammad Asim; Zulqrnain Ali; Salman Qadri; Imran Mumtaz; Dost Muhammad Khan; Qasim Niaz,2019,China Communications,10.23919/JCC.2019.12.011,https://ieeexplore.ieee.org/document/8968730/,off-topic-false-hit,"Sentiment Analysis, an un-abating research area in text mining, requires a computational method for extracting useful information from text. In recent days, social media has become a really rich source to get information about the behavioral state of people (opinion) through reviews and comments. Numerous techniques have been aimed to analyze the sentiment of the text, however, they were unable to come up to the complexity of the sentiments. The complexity requires novel approach for deep analysis of sentiments for more accurate prediction. This research presents a three-step Sentiment Analysis and Prediction (SAP) solution of Text Trend through K-Nearest Neighbor (KNN). At first, sentences are transformed into tokens and stop words are removed. Secondly, polarity of the sentence, paragraph and text is calculated through contributing weighted words, intensity clauses and sentiment shifters. The resulting features extracted in this step played significant role to improve the results. Finally, the trend of the input text has been predicted using KNN classifier based on extracted features. The training and testing of the model has been performed on publically available datasets of twitter and movie reviews. Experiments results illustrated the satisfactory improvement as compared to existing solutions. In addition, GUI (Hello World) based text analysis framework has been designed to perform the text analytics.",ieee,llm,0.990,unreviewed,
kept,From Hello World to Interface Design in Three Days: Teaching Non-technical Students to Use an API,"Wyner, George M.; Lubin, Benjamin",2011,AMCIS 2011 PROCEEDINGS,,https://www.webofscience.com/api/gateway?GWVersion=2&SrcApp=scholar-cli-kth&SrcAuth=WosAPI&KeyUT=WOS:000891632502002&DestLinkType=FullRecord&DestApp=WOS_CPL,supports-claim,,wos,llm,0.880,unreviewed,
discarded,"Hello World! I am Charlie, an Artificially Intelligent Conference Panelist","Cummings, Patrick; Mullins, Ryan; Moquete, Manuel; Schurr, Nathan",2021,PROCEEDINGS OF THE 54TH ANNUAL HAWAII INTERNATIONAL CONFERENCE ON SYSTEM SCIENCES,,https://www.webofscience.com/api/gateway?GWVersion=2&SrcApp=scholar-cli-kth&SrcAuth=WosAPI&KeyUT=WOS:001300419500043&DestLinkType=FullRecord&DestApp=WOS_CPL,off-topic-false-hit,,wos,llm,0.980,unreviewed,
discarded,"Hello World! I am Charlie, an artificially intelligent conference panelist",Cummings P.,2021,Proceedings of the Annual Hawaii International Conference on System Sciences,,https://www.scopus.com/inward/record.uri?partnerID=HzOxMe3b&scp=85108336420&origin=inward,off-topic-false-hit,,scopus,llm,0.980,unreviewed,
kept,"“Hello, World!”: Starting a Coding Group for Librarians",de la Cruz J.,2016,Public Services Quarterly,10.1080/15228959.2016.1197082,https://www.scopus.com/inward/record.uri?partnerID=HzOxMe3b&scp=84984604027&origin=inward,supports-claim,"Column description. The Technology column examines current and developing technology topics in libraries. The column's focus is creative uses of technology, introductions to new technologies, and critiques of current technologies, their uses, or their future. Readers interested in contributing ideas or writings to this column may contact column co-editors Suzanne Townsdin and Susan Whitmer.",scopus,llm,0.860,unreviewed,
kept,From hello world to interface design in three days: Teaching non-technical students to use an API,Wyner G.M.,2011,17th Americas Conference on Information Systems 2011 Amcis 2011,,https://www.scopus.com/inward/record.uri?partnerID=HzOxMe3b&scp=84870375665&origin=inward,supports-claim,,scopus,llm,0.880,unreviewed,
kept,"Hello, World Considered Harmful",Westfall R.,2001,Communications of the ACM,10.1145/383845.383874,https://www.scopus.com/inward/record.uri?partnerID=HzOxMe3b&scp=0042693077&origin=inward,qualifies-claim,No abstract available.,scopus,llm,0.970,unreviewed,
discarded,Teaching Introductory Programming,Theodora Koulouri; Stanislao Lauria; Robert D. Macredie,2014,ACM Transactions on Computing Education,10.1145/2662412,https://openalex.org/W1968208229,adjacent-subtopic,"Teaching programming to beginners is a complex task. In this article, the effects of three factors—choice of programming language, problem-solving training, and the use of formative assessment—on learning to program were investigated. The study adopted an iterative methodological approach carried out across 4 consecutive years. To evaluate the effects of each factor (implemented as a single change in each iteration) on students’ learning performance, the study used quantitative, objective metrics. The findings revealed that using a syntactically simple language (Python) instead of a more complex one (Java) facilitated students’ learning of programming concepts. Moreover, teaching problem solving before programming yielded significant improvements in student performance. These two factors were found to have variable effects on the acquisition of basic programming concepts. Finally, it was observed that effective formative feedback in the context of introductory programming depends on multiple parameters. The article discusses the implications of these findings, identifies avenues for further research, and argues for the importance of studies in computer science education anchored on sound research methodologies to produce generalizable results.",openalex,llm,0.840,unreviewed,
