status,title,authors,year,venue,doi,url,tags,abstract,provider,decision_source,llm_confidence,llm_review_outcome,llm_change_direction
kept,Your First Program,Jo Van Hoey,2019,Apress eBooks,10.1007/978-1-4842-5076-1_1,https://openalex.org/W2982294447,supports-claim,"Generations of programmers have started their programming careers by learning how to display hello, world on a computer screen. It is a tradition that was started in the seventies by Brian W. Kernighan in the book he wrote with Dennis Ritchie, The C Programming Language . Kernighan developed the C programming language at Bell Labs. Since then, the C language has changed a lot but has remained the language that every self-respecting programmer should be familiar with. The majority of “modern” and “fancy” programming languages have their roots in C. C is sometimes called a portable assembly language, and as an aspiring assembly programmer, you should get familiar with C. To honor the tradition, we will start with an assembler program to put hello, world on your screen. Listing 1-1 shows the source code for an assembly language version of the hello, world program, which we will analyze in this chapter. ;hello.asm section .data msg db ""hello, world"",0 section .bss section .text global main main: mov rax, 1 ; 1 = write mov rdi, 1 ; 1 = to stdout mov rsi, msg ; string to display in rsi mov rdx, 12 ; length of the string, without 0 syscall ; display the string mov rax, 60 ; 60 = exit mov rdi, 0 ; 0 = success exit code syscall ; quit",openalex,llm,0.920,unreviewed,
kept,Our First Program,Slobodan Dmitrović,2024,Apress eBooks,10.1007/979-8-8688-0224-9_2,https://openalex.org/W4392637156,supports-claim,"This chapter describes the main program entry point, how to work with comments, and how to write a simple ""Hello World"" program.",openalex,llm,0.900,unreviewed,
kept,Our First Program,Slobodan Dmitrović,2021,Apress eBooks,10.1007/978-1-4842-6643-4_2,https://openalex.org/W4235136468,supports-claim,"This section describes the main program entry point, how to work with comments, and how to write a simple ""Hello World"" program.",openalex,llm,0.900,unreviewed,
discarded,"Activepapers: Hello, World",Pierre de Buyl,2016,INFM-OAR (INFN Catania),10.5281/zenodo.55268,https://openalex.org/W2463512353,off-topic-false-hit,"ActivePapers examples for my blog post ""ActivePapers: hello, world""",openalex,llm,0.960,unreviewed,
kept,Hello World: An Instance Rhetoric in Computer Science,John Mount,2008,,,https://openalex.org/W2553488296,supports-claim; ursprung-och-etablering,"Computer scientists have usually dodged questions of intent, purpose or meaning. While there are theories that assign deep mathematical meaning to computer programs[11] we computer scientists usually avoid discussion of meaning and talk more about utility and benefit. Discussions of the rhetorical meaning of programs is even less common. However, there is a famous computer program that has a clean an important rhetorical point. This program is called “hello world” and its entire action is to write out the phrase “hello world.” The action is simple but the “hello world” program actually has a fairly significant purpose and meaning. I would like to briefly trace the known history of “hello world” and show how the rhetorical message it presents differs from the rhetoric embodied in earlier programs. In this sense we can trace a change in the message computer scientists felt they needed to communicate (most likely due to changes in the outside world). Since the late 1970’s it has been a tradition in computer science that when facing a new system to start by writing the traditional “first program”, which is called “hello world.” The history of this tradition is not well documented, but WikiBooks claims the origin is in Brain Kerninghan’s 1974 tutorial for the computer language “B.”[12, 7] The program itself is as follows:",openalex,human,0.980,unreviewed,
discarded,"Hello, World v1.0: The Consistency of the Open System — A Positive Axiomatics for the Person, Synergy, and Grace | Utilitarismus 404, Part III/IV",Artiom Kovnatsky,2026,Zenodo (CERN European Organization for Nuclear Research),10.5281/zenodo.21498664,https://openalex.org/W7170079744,off-topic-false-hit,"Position preprint. Final paper of the SVE series (Watchmen → Bankruptcy → Good Bye, Lenin v3.0 → Hello, World v1.0). The first paper of this series argued that ethical evaluation requires an external invariant kernel Φ; the second proved that the utilitarian arithmetic of persons has no coherent model; the third proved the same for the balance-of-power arithmetic of states. Two rooms, both sealed, both collapsed. The remaining obligation is constructive: to show that what survives — the person as subject, openness, synergy, the negative floor, the external anchor — is not a wish-list but a consistent axiom system. We state the five dual axioms A1–A5 and discharge the obligation three ways. Formally: an explicit finite model satisfies all five simultaneously, so the open architecture is consistent — and by Gödel's completeness theorem, consistency and model-existence are the same fact, making completeness the positive twin of the incompleteness wielded destructively earlier. A Maximality Theorem (after Sen) shows that partial orders plus a ""do not do wrong"" floor yield non-empty choice without any scalar — ethics without totalization does not paralyze. A Totalization Lemma unifies the Fungibility and Misanthropy Lemmas of the companions: any architecture that scalarizes, optimizes, and self-certifies erases the subject — trolley calculus and Realpolitik are one object in two categories. Geometrically: where objectification gave negative curvature and Anosov divergence, covenant gives positive Ricci curvature, and Bonnet–Myers yields compactness: estrangement has bounded diameter, and conjugate points guarantee reunion — the geometry of the Prodigal Son. Philosophically and theologically (premises stated as premises): the partial order is generated by ordo amoris, the subject axiom is Buber's I–Thou against I–It, the whole series is a formalization of Levinas's verdict on totality, and the kernel Φ admits a two-generator presentation: the Great Commandment. The series then applies its own termination protocol to itself and halts. The first program of the new ontology prints what first programs print. Design principle: one figure and one table carry the argument; every bridge premise is numbered and criticisable. S.V.E. Meta-License v4.0 (share-alike)[CC BY-NC-SA 4.0 + Symmetric Addendum]",openalex,llm,0.990,unreviewed,
discarded,"Hello, World v1.0: The Consistency of the Open System — A Positive Axiomatics for the Person, Synergy, and Grace | Utilitarismus 404, Part III/IV",Artiom Kovnatsky,2026,Zenodo (CERN European Organization for Nuclear Research),10.5281/zenodo.21498665,https://openalex.org/W7170056305,off-topic-false-hit,"Position preprint. Final paper of the SVE series (Watchmen → Bankruptcy → Good Bye, Lenin v3.0 → Hello, World v1.0). The first paper of this series argued that ethical evaluation requires an external invariant kernel Φ; the second proved that the utilitarian arithmetic of persons has no coherent model; the third proved the same for the balance-of-power arithmetic of states. Two rooms, both sealed, both collapsed. The remaining obligation is constructive: to show that what survives — the person as subject, openness, synergy, the negative floor, the external anchor — is not a wish-list but a consistent axiom system. We state the five dual axioms A1–A5 and discharge the obligation three ways. Formally: an explicit finite model satisfies all five simultaneously, so the open architecture is consistent — and by Gödel's completeness theorem, consistency and model-existence are the same fact, making completeness the positive twin of the incompleteness wielded destructively earlier. A Maximality Theorem (after Sen) shows that partial orders plus a ""do not do wrong"" floor yield non-empty choice without any scalar — ethics without totalization does not paralyze. A Totalization Lemma unifies the Fungibility and Misanthropy Lemmas of the companions: any architecture that scalarizes, optimizes, and self-certifies erases the subject — trolley calculus and Realpolitik are one object in two categories. Geometrically: where objectification gave negative curvature and Anosov divergence, covenant gives positive Ricci curvature, and Bonnet–Myers yields compactness: estrangement has bounded diameter, and conjugate points guarantee reunion — the geometry of the Prodigal Son. Philosophically and theologically (premises stated as premises): the partial order is generated by ordo amoris, the subject axiom is Buber's I–Thou against I–It, the whole series is a formalization of Levinas's verdict on totality, and the kernel Φ admits a two-generator presentation: the Great Commandment. The series then applies its own termination protocol to itself and halts. The first program of the new ontology prints what first programs print. Design principle: one figure and one table carry the argument; every bridge premise is numbered and criticisable. S.V.E. Meta-License v4.0 (share-alike)[CC BY-NC-SA 4.0 + Symmetric Addendum]",openalex,llm,0.990,unreviewed,
discarded,Executable workflows,Hemang Lavana; Amit Khetawat; F. Brglez; Krzysztof Koźmiński,1997,,10.1145/266021.266283,https://openalex.org/W1963818557,off-topic-false-hit,"This paper introduces a directed hypergraph modelthat supports (1) workflow composition and reconfigurationwhile accessing and executing programs, data, and computingresources across the Internet, (2) synchronous and asynchronouspeer-to-peer interaction between members of anyteam during workflow composition and execution, (3) synchronousand asynchronous peer-to-workflow interaction betweenany team member and any object in the workflow.Given a library of program and data nodes, editing theworkflow and its execution is as intuitive as the hierarchicalschematic design capture and simulation.Examples of multi-sitemulti-user applications demonstrate that the proposedworkflow implementation provides a user-friendly paradigmfor distracted and collaborative team design.",openalex,llm,0.950,unreviewed,
kept,Getting Started with JavaScript and the Web Audio API,William Turner; Steve Leonard,2017,,10.1201/9781315659732-8,https://openalex.org/W2581219037,supports-claim,"Hello Sound Program In an introduction to a programming language, the first program you write is often called “Hello World,” which prints the words “Hello World” on the screen . Because we are using the Web Audio API to create sounds, this section explains how to create a “Hello Sound” application that immediately plays a sound when you run it .",openalex,llm,0.950,unreviewed,
discarded,Introduction,Tevfik Bultan; Fang Yu; Muath Alkhalaf; Abdulbaki Aydin,2017,,10.1007/978-3-319-68670-7_1,https://openalex.org/W4247328063,off-topic-false-hit,,openalex,llm,0.930,unreviewed,
kept,Hello World! Goodbye Skills!,Mahesh H. Dodani,2003,The Journal of Object Technology,10.5381/jot.2003.2.1.c3,https://openalex.org/W2320236038,qualifies-claim; kritik,"Apply yourself.Get all the education you can, but then...do something.Don't just stand there, make it happen.""-Lee Iacocca Building skills is difficult.Building ""do level"" skills that can be applied on complex application development projects are even more difficult.Building skills that establishes the foundation for continual change and enhancement is extremely difficult.Skill building is very dependent on hands-on exercises or labs that are part of the training program.Most training companies boast 50% hands-on exercises as part of their courses, suggesting that having that ratio of exercises to lectures is the only ingredient in determining the effectiveness of the skill-building program.In reality this simple characterization of exercises hides the complexity of designing and delivering effective skill building programs.Since the inception of programming and application development, there has been an ongoing discussion of what is the best way to build skills.For example, consider the issue of how difficult should the exercises be?Exercises can range in difficulty from the obligatory ""Hello World"" introductions to programming and concepts (see http://www2.latech.edu/~acm/HelloWorld.shtml for descriptions of such an exercise for almost any computer language/environment) to immersion in a complex simulation or environment where the student can experience and learn through scenarios which mimic the actual projects that they will apply their skills to.Besides the obvious pros/cons of each extreme (e.g.""Hello World"" exercises are real good to get a basic understanding while ""immersion"" exercises are real good to learn how to apply the skill in a particular context), the main problem with tackling this issue of complexity is based on considerations such as learner type, instruction style, pedagogical design and skill level.So, for example, the ""Hello World"" exercises might be suitable for beginners who like to be ""hand held"" through the exercises, in a ""sage on the stage"" type of instruction targeting ""do with assistance"" skills.This complexity is further exacerbated by the many dimensions of the design and delivery of exercises for skill building that must all be taken into consideration.Lets start by establishing the ground rules for the discussion by enumerating the requirements for skill building labs/exercises:",openalex,human,0.880,unreviewed,
discarded,A Pedagogical Analysis of Online Coding Tutorials,Ada S. Kim; Amy J. Ko,2017,,10.1145/3017680.3017728,https://openalex.org/W2592537823,off-topic-false-hit,"Online coding tutorials are increasingly popular among learners, but we still have little knowledge of their quality. To address this gap, we derived several dimensions of pedagogical effectiveness from the learning sciences and education literature and analyzed a large sample of tutorials against these dimensions. We sampled 30 popular and diverse online coding tutorials, and analyzed what and how they taught learners. We found that tutorials largely taught similar content, organized content bottom-up, and provided goal-directed practices with immediate feedback. However, few were tailored to learners' prior coding knowledge and only a few informed learners how to transfer and apply learned knowledge. Based on these results, we discuss strengths and weaknesses of online coding tutorials, opportunities for improvement, and recommend that educators point their students to educational games and interactive tutorials over other tutorial genres.",openalex,llm,0.820,unreviewed,
discarded,The Robots Are Here: Navigating the Generative AI Revolution in Computing Education,James Prather; Paul Denny; Juho Leinonen; Brett A. Becker; Ibrahim Albluwi; Michelle Craig; Hieke Keuning; Natalie Kiesler; Tobias Kohn; Andrew Luxton-Reilly; Stephen MacNeil; Andrew Petersen; Raymond Pettit; Brent N. Reeves; Jaromír Šavelka,2023,,10.1145/3623762.3633499,https://openalex.org/W4390315357,off-topic-false-hit,"Recent advancements in artificial intelligence (AI) and specifically generative AI (GenAI) are threatening to fundamentally reshape computing and society. Largely driven by large language models (LLMs), many tools are now able to interpret and generate both natural language instructions and source code. These capabilities have sparked urgent questions in the computing education community around how educators should adapt their pedagogy to address the challenges and to leverage the opportunities presented by this new technology. In this working group report, we undertake a comprehensive exploration of generative AI in the context of computing education and make five significant contributions. First, we provide a detailed review of the literature on LLMs in computing education and synthesise findings from 71 primary articles, nearly 80% of which have been published in the first 8 months of 2023. Second, we report the findings of a survey of computing students and instructors from across 20 countries, capturing prevailing attitudes towards GenAI/LLMs and their use in computing education contexts. Third, to understand how pedagogy is already changing, we offer insights collected from in-depth interviews with 22 computing educators from five continents. Fourth, we use the ACM Code of Ethics to frame a discussion of ethical issues raised by the use of large language models in computing education, and we provide concrete advice for policy makers, educators, and students. Finally, we benchmark the performance of several current GenAI models/tools on various computing education datasets, and highlight the extent to which the capabilities of current models are rapidly improving.",openalex,llm,0.900,unreviewed,
kept,I/O considered harmful (at least for the first few weeks),John Rosenberg; Michael Kölling,1996,,10.1145/299359.299390,https://openalex.org/W2063925730,qualifies-claim; kritik,"One of the major difficulties with teaching the first programming course is input/output. It is desirable to show students how to input data and output results early in the course in order to motivate the students and so that they can see the results of their programs. Output is also a useful tool for testing programs. However, in most programming languages input and output are esoteric and the techniques for performing input and output must be learnt by the students at an early stage, precisely when they are trying to understand the basics of programming. We argue that input/output operations need not be taught in the early stages of a course if the language environment provides appropriate tools for testing programs. This assertion is demonstrated by reference to the Blue objectoriented language and environment.",openalex,human,0.940,unreviewed,
discarded,Artificial intelligence in the creative industries: a review,Nantheera Anantrasirichai; David Bull,2021,Artificial Intelligence Review,10.1007/s10462-021-10039-7,https://openalex.org/W3044960932,off-topic-false-hit,"Abstract This paper reviews the current state of the art in artificial intelligence (AI) technologies and applications in the context of the creative industries. A brief background of AI, and specifically machine learning (ML) algorithms, is provided including convolutional neural networks (CNNs), generative adversarial networks (GANs), recurrent neural networks (RNNs) and deep Reinforcement Learning (DRL). We categorize creative applications into five groups, related to how AI technologies are used: (i) content creation, (ii) information analysis, (iii) content enhancement and post production workflows, (iv) information extraction and enhancement, and (v) data compression. We critically examine the successes and limitations of this rapidly advancing technology in each of these areas. We further differentiate between the use of AI as a creative tool and its potential as a creator in its own right. We foresee that, in the near future, ML-based AI will be adopted widely as a tool or collaborative assistant for creativity. In contrast, we observe that the successes of ML in domains with fewer constraints, where AI is the ‘creator’, remain modest. The potential of AI (or its developers) to win awards for its original creations in competition with human creatives is also limited, based on contemporary technologies. We therefore conclude that, in the context of creative industries, maximum benefit from AI will be derived where its focus is human-centric—where it is designed to augment, rather than replace, human creativity.",openalex,llm,0.980,unreviewed,
discarded,"""Hello World""",Kyle Overton,2015,,10.1145/2702613.2732492,https://openalex.org/W1997695568,off-topic-false-hit,"This animated film postulates how a sentient robot might reify the concept of human as creator. The artificially intelligent narrator attributes deity status to humans, and wrestles with the consequences of an illogical god. Exaltation, condemnation, praise, belittlement, status, worth, and self-actualization are all themes in this short. The film is neither a direct criticism nor tribute to the work of practitioners. Rather, it is an examination of the dynamic exchange between the role of human and the ability of machine, for the purpose of illustrating the philosophical paradoxes related to intelligence, and theory of mind.",openalex,llm,0.990,unreviewed,
discarded,"Large language models (LLMs): survey, technical frameworks, and future challenges",Pranjal Kumar,2024,Artificial Intelligence Review,10.1007/s10462-024-10888-y,https://openalex.org/W4401671778,off-topic-false-hit,"Artificial intelligence (AI) has significantly impacted various fields. Large language models (LLMs) like GPT-4, BARD, PaLM, Megatron-Turing NLG, Jurassic-1 Jumbo etc., have contributed to our understanding and application of AI in these domains, along with natural language processing (NLP) techniques. This work provides a comprehensive overview of LLMs in the context of language modeling, word embeddings, and deep learning. It examines the application of LLMs in diverse fields including text generation, vision-language models, personalized learning, biomedicine, and code generation. The paper offers a detailed introduction and background on LLMs, facilitating a clear understanding of their fundamental ideas and concepts. Key language modeling architectures are also discussed, alongside a survey of recent works employing LLM methods for various downstream tasks across different domains. Additionally, it assesses the limitations of current approaches and highlights the need for new methodologies and potential directions for significant advancements in this field.",openalex,llm,0.980,unreviewed,
