status,title,authors,year,venue,doi,url,tags,abstract,provider,decision_source,llm_confidence,llm_review_outcome,llm_change_direction
kept,The Definitive Guide to JSF in Java EE 8: Building Web Applications with JavaServer Faces,Bauke Scholtz; Arjan Tijms,2018,,,https://openalex.org/W3003169431,supports-claim,1. History -- 2. From Zero To Hello World -- 3. Components -- 4. Form Components -- 5. Validation and Conversion -- 6. Output Components -- 7. Facelets Templating -- 8. Backing Beans -- 9. Exception Handling -- 10. WebSocket Push -- 11. Custom Components -- 12. Search Expressions -- 13. Security -- 14. Localization -- 15. Extensions.,openalex,llm,0.900,unreviewed,
discarded,Everything old is new again: quoted domain-specific languages,Shayan Najd; Sam Lindley; Josef Svenningsson; Philip Wadler,2016,,10.1145/2847538.2847541,https://openalex.org/W2122339407,off-topic-false-hit,"We describe a new approach to implementing Domain-Specific Languages(DSLs), called Quoted DSLs (QDSLs), that is inspired by two old ideas:quasi-quotation, from McCarthy's Lisp of 1960, and the subformula principle of normal proofs, from Gentzen's natural deduction of 1935. QDSLs reuse facilities provided for the host language, since host and quoted terms share the same syntax, type system, and normalisation rules. QDSL terms are normalised to a canonical form, inspired by the subformula principle, which guarantees that one can use higher-order types in the source while guaranteeing first-order types in the target, and enables using types to guide fusion. We test our ideas by re-implementing Feldspar, which was originally implemented as an Embedded DSL (EDSL), as a QDSL; and we compare the QDSL and EDSL variants. The two variants produce identical code.",openalex,llm,0.960,unreviewed,
discarded,"The ancestry and magmatic evolution of Archaean TTG rocks of the Quadrilátero Ferrífero province, southeast Brazil",Cristiano Lana; Fernando F. Alkmim; Richard Armstrong; Ricardo Scholz; Rafael Romano; Hermínio Arias Nalini Júnior,2013,Precambrian Research,10.1016/j.precamres.2013.03.008,https://openalex.org/W2009525078,off-topic-false-hit,"Combined LA-ICP-MS and SHRIMP U-Pb ages from Quadrilatero Ferrifero (QF) province reveals for the first time three main periods of TTG magmatism in the southern part of the Sao Francisco Craton (Brazil). These periods - described here as the Santa Barbara (SB), Rio das Velhas I (RVI) and Rio das Velhas II (RVII) events - embody a significant part of a protracted tectonomagmatic history of the Craton, spanning from 3220 to 2770 Ma. The initial stages of TTG magmatism (the SB event) led to formation of a core of Palaeoarchaean TTG crust via magmatic additions of juvenile felsic rocks into mafic-ultramafic rocks, at ca. 3212-3210 Ma. The following event (RVI event) saw the growth of this Palaeoarchaean core into a more composite, polydefomed continental segment through magmatic additions of juvenile TTG rocks and tectonic accretion of mafic-ultramafic greenstone belt terrains. Our U-Pb data and regional constraints suggest that much of the TTG crust exposed in the QF region today was produced during the RVI event, between 2930 and 2900 Ma. The final stages of TTG crust production (RV II event) were marked by convergence-related magmatism, affecting an extensive Palaeo- to Mesoarchaean continental block (The RVI block). The timing and duration of the latest TUG event coincides with the felsic volcanism and deposition of turbiditic wackes of the main greenstone belt sequence. (c) 2013 Elsevier B.V. All rights reserved.",openalex,llm,0.990,unreviewed,
discarded,Grounds for Trust: Essential Epistemic Opacity and Computational Reliabilism,Juan M. Durán; Nico Formanek,2018,Minds and Machines,10.1007/s11023-018-9481-6,https://openalex.org/W2898854870,off-topic-false-hit,"Several philosophical issues in connection with computer simulations rely on the assumption that results of simulations are trustworthy. Examples of these include the debate on the experimental role of computer simulations (Parker in Synthese 169(3):483–496, 2009 ; Morrison in Philos Stud 143(1):33–57, 2009 ), the nature of computer data (Barberousse and Vorms, in: Durán, Arnold (eds) Computer simulations and the changing face of scientific experimentation, Cambridge Scholars Publishing, Barcelona, 2013 ; Humphreys, in: Durán, Arnold (eds) Computer simulations and the changing face of scientific experimentation, Cambridge Scholars Publishing, Barcelona, 2013 ), and the explanatory power of computer simulations (Krohs in Int Stud Philos Sci 22(3):277–292, 2008 ; Durán in Int Stud Philos Sci 31(1):27–45, 2017 ). The aim of this article is to show that these authors are right in assuming that results of computer simulations are to be trusted when computer simulations are reliable processes. After a short reconstruction of the problem of epistemic opacity , the article elaborates extensively on computational reliabilism , a specified form of process reliabilism with computer simulations located at the center. The article ends with a discussion of four sources for computational reliabilism, namely, verification and validation, robustness analysis for computer simulations, a history of (un)successful implementations, and the role of expert knowledge in simulations.",openalex,llm,0.970,unreviewed,
discarded,Cutting hacking: breaking from tradition,Rick Duley; Stanislaw Maj,2003,,10.1109/csee.2002.995214,https://openalex.org/W2150509925,adjacent-subtopic,"Code construction is the one inescapable phase of the software development cycle yet educators seem unable to escape the mind-set which equates programming with syntax and semantics. Accumulated coding wisdom of more than four decades, now being codified in the SWEBOK, should smooth the process of learning to develop software if presented early in the student's career. Typically, however, it continues to be presented in advanced programming units rather than as fundamental understanding. As a consequence, code hacking is the norm in undergraduate years. This paper examines current practice and presents the view that what is needed is not a return to basics but rather an advance to basics - that syntax and semantics should be seen as a means of expression of formulated ideas and that student software engineers should be exposed immediately to the notion of code construction as the application of basic concepts rather than fluency in a language - thereby potentially bringing together programming practice and software engineering theory",openalex,llm,0.850,unreviewed,
discarded,An empirical investigation into the impact of refactoring on regression testing,Napol Rachatasumrit; Miryung Kim,2012,,10.1109/icsm.2012.6405293,https://openalex.org/W2041703907,off-topic-false-hit,"It is widely believed that refactoring improves software quality and developer's productivity by making it easier to maintain and understand software systems. On the other hand, some believe that refactoring has the risk of functionality regression and increased testing cost. This paper investigates the impact of refactoring edits on regression tests using the version history of Java open source projects: (1) Are there adequate regression tests for refactoring in practice? (2) How many of existing regression tests are relevant to refactoring edits and thus need to be re-run for the new version? (3) What proportion of failure-inducing changes are relevant to refactorings? By using a refactoring reconstruction analysis and a change impact analysis in tandem, we investigate the relationship between the types and locations of refactoring edits identified by RefFinder and the affecting changes and affected tests identified by the FaultTracer change impact analysis. The results on three open source projects, JMeter, XMLSecurity, and ANT, show that only 22% of refactored methods and fields are tested by existing regression tests. While refactorings only constitutes 8% of atomic changes, 38% of affected tests are relevant to refactorings. Furthermore, refactorings are involved in almost half of the failed test cases. These results call for new automated regression test augmentation and selection techniques for validating refactoring edits.",openalex,llm,0.970,unreviewed,
discarded,Distributed Data Management for Grid Computing,Michael Di Stefano,2005,,10.1002/0471738220,https://openalex.org/W654608162,off-topic-false-hit,"Foreword. Preface. Acknowledgements. PART I: AN OVERVIEW OF GRID COMPUTING. 1. What is Grid Computing? The Basics of Grid Computing. Leveling the Playing Field of Buzzword Mania. Paradigm Shift. Beyond Client/Server. New Topology. 2. Why Are Businesses Looking at Grid Computing? History Repeats Itself. Early Needs. Artists and Engineers. The Whys and Wherefores of Grid. Financial Factors. Business Drivers. Technology's Role. 3. Service-Oriented Architectures. What is Service-Oriented Architecture (SOA)? Driving Forces Behind SOA. Maturing Technology. Business. World Events. Enter Basic Supply and Demand Economics. Fundamental Shift in Computing. 4. Parallel Grid Planes. Using Art to Describe Life: Grid is the Borg. Grid Planes. Compute Grids. Data Grids. Compute and Data Grid - Parallel Planes. True Grid Must Include Data Management. Basic Data Management Requirements. Evolving the Data Grid. PART II: DATA MANAGEMENT IN GRID COMPUTING. 5. Scaling in the Grid Topology. Evolution in Data Management. Client/Server Evolution. Grid Evolution. Different Implementations of a Data Grid. Level Zero Data Grids. FTP in Grid. Distributed Filing Systems. Faster Servers. MetaData Hubs and Distributed Data Integration. Level 1 Data Grids. Foundations. Case Study: Integrasoft Grid Fabric (IGF). Application Characteristics for Grid. 6. Traditional Data Management. Data Management. History. Features. Key for Usability. 7. Relational Data Management as a Baseline for Understanding Data Grid. Evolution of the Relational Model. Parallels to Data Management in Grid. Analysis of the Functional Tiers. Engines Determine the Type of Data Grid. Data Management Features. 8. Foundation of Comparing Data Grids. Core Engine Determines Performance and Flexibility. Replicated vs. Distributed. Centralized vs. Peer-to-Peer Synchronization. Access to the Data Grid. Support for Traditional Data Management Features. Support for Data Management Features Specific to Grid. 9. Data Regionalization. What are Data Regions? Data Regions in Traditional Terms. Data Management in a Data Grid. Data Distribution Policy. Data Distribution Policy Expression. Data Replication Policy. Data Replication Policy Expression. Synchronization Policy. Load and Store Policy. Data Load Policy Expression. Data Store Policy Expression. Event Notification Policy. Event Notification Policy Expression. Quality of Service (QoS) Levels. 10. Data Synchronization. Intra-Region Synchronization. Inter-Region Synchronization. Synchronization Architectures. Centralized Synchronization Manager. Peer-to-Peer Synchronization. Synchronization Patterns. Synchronization Granularity. Synchronization Policy Expression. Synchronization Pattern Simulations. Synchronization Policy as a Standard Interface. 11. Data Integration. Enterprise Application/Information Integration in Grid. STP, EAI, and EII. EII in Grid. Natural Separation of Process and Data. Data Load Policy. Data Store Policy. Load, Store, and Synchronization. Enterprise Data Grid Integration. 12. Data Affinity. A Measurable Quantity. What to Expect from Data Affinity. How to Achieve Data Affinity. Regionalization, Synchronization, Distribution and Data Affinity. Data Distribution is Key to Data Affinity. Data Affinity and Task Routing. Integration of Compute and Data Grids. Examples. PART III: PRACTICAL APPLICATIONS OF GRID COMPUTING. 13. Which Applications are Good Candidates for the Grid. Grid Enabling Application Chrematistics. Grid'able Applications. Use Case Presentations. 14. Calculation Intensive Applications. Description. Use Cases. General Architecture. Data Grid Analysis. 15. Data Mining, Data Warehouses. Description. Use Cases. General Architecture. Data Grid Analysis. Benefits and Data Grid Specifics. 16. Geographic Boundary Problems. Description. Business Use Cases. General Architecture. Data Grid Analysis. Benefits and Data Grid Specifics. 17. Command and Control. Problem Description. Solution Architecture. Data Grid Analysis. Application Spin Offs. 18. Web Services's Role in the SOA/SONA Evolution. Definition of Web Services. Description. Data Management: The Key Stone to Web Services. Web Services, Grid Infrastructures, and SONA. The Undiscovered Past. The SONA Model. 19. The Compute Utility. Overview. Architecture. PART IV: REFERENCE MATERIAL. 20. Language Interface. Programmatic. Query Based. XML Based. 21. Basic Programming Examples. Hello World Example. Coarse Granularity. Coarse Data Atom. Writer Program. Reader Program. Fine Granularity Example. Writer Program. Reader Program. Random Number Surface Example. 22. Additional Reading. Useful Information Sources. White Papers. Grid. GridFTP. Distributed File Systems. Standards Bodies. Globus - Data Grid. Global Grid Forum. W3C. Public and University Grid Efforts. Scientific Research Use of Grid. Web Services. Distributed Computing. Compute Utility. Service Oriented Architectures. Data Affinity. 23. White Paper: Natural Attraction Forces of Data Bodies within a Data Grid to Describe Efficient Data Distribution Patterns. Introduction. Observation. Hypothesis. Laws of Attraction. How does this fit in with Data Distribution Patterns of Single Data Bodies within a Data Grid Fabric? Collision of Single Data Bodies. The Effects of the Data Grid on Single Data Body. Conclusions. 24. Glossary of Terms. References. Index.",openalex,llm,0.970,unreviewed,
kept,Teaching of Programming with a Programmer's Theory of Programming,Juris Reinfelds,2003,IFIP advances in information and communication technology,10.1007/978-0-387-35619-8_5,https://openalex.org/W1533493503,qualifies-claim,,openalex,llm,0.880,unreviewed,
kept,Ein erstes Beispielprogramm,Jörg Witte,2004,,10.1007/978-3-322-80073-2_3,https://openalex.org/W99611548,supports-claim,"Seitdem 1977 das Buch „The C Programming Language“ von Kemighan und Ritchie erschienen ist, ist es in nahezu jeder Einführung einer Programmiersprache üblich, ein einfaches Programm vorzustellen, dass auf dem Bildschirm den Text „Hello World“ ausgibt. Auch wir wollen uns an die bewährte Tradition halten. Dadurch wird ein erster Eindruck der Programmiersprache C# gewonnen. Die nachfolgende Theorie bleibt nicht grau, sondern erhellt die C#-Programmierung. Der Quellcode für diese C#-Anwendung ist im folgenden Beispiel dargestellt:",openalex,llm,0.990,unreviewed,
discarded,The Anti-Chain Store Movement and the Politics of Consumption,Daniel Scroop,2008,American Quarterly,10.1353/aq.0.0047,https://openalex.org/W2076796140,off-topic-false-hit,"This essay examines the anti-chain store movement of the 1920s and 1930s in order to contribute to debates about the origins and nature of modern US consumer politics. It argues that this movement of independent merchants and their followers is best understood as an expression of populist antimonopolism. Opponents of the chains saw themselves as speaking for ‘the people’ and were virulently hostile to large aggregations of economic and political power. Concerned about the likely impact of chain stores on their communities, merchants lobbied their trade associations, wrote to their congressmen, and launched local grassroots campaigns. They also worked through the courts, securing anti-chain tax legislation in most states, and attracting the support of Supreme Court Justice Louis D. Brandeis. The essay has a comparative dimension, comparing the anti-chain crusades of the 1920s and 1930s with the protests against ‘big-box’ retail which have proliferated in the US and elsewhere since the 1980s. Reflecting on the recurrence in the age of globalization of a form of protest historians once thought dead, the essay questions the assumption—deep-rooted in US historiography—that antimonopoly ceased to be a significant feature of the US politics of reform after the New Deal. Accordingly the final part of the essay traces connections between pre-New Deal anti-chain campaigners and post-New Deal consumer activists, noting the centrality of antimonopoly to the careers of leading consumer politicians of the post-war era, Estes Kefauver and Ralph Nader. Arguing that the anti-chain store movement of the 1920s and 1930s was constitutive of the modern US politics of consumption, the study concludes by considering the implications of the persistence of the antimonopoly tradition for current and future scholarship. It suggests that the study of the politics of consumption is still in its infancy, and that given the important role antimonopoly thought has played in the US politics of reform, the temptation to dismiss out of hand as necessarily futile and reactionary anti-chain store movements past and present should be resisted.",openalex,llm,0.990,unreviewed,
discarded,Redux,Nicholas Nethercote; Alan Mycroft,2003,Electronic Notes in Theoretical Computer Science,10.1016/s1571-0661(04)81047-8,https://openalex.org/W1603941001,off-topic-false-hit,"Redux is a tool that generates dynamic dataflow graphs. It generates these graphs by tracing a program's execution and recording every value-producing operation that takes place, building up a complete computational history of every value produced. For that execution, by considering the parts of the graph reachable from system call inputs, we can choose to see only the dataflow that affects the outside world. Redux works with program binaries, and thus is not restricted to programs written in any particular language. We explain how Redux works, and show how dynamic dataflow graphs give the essence of a program's computation. We show how Redux can be used for debugging and program slicing, and consider a range of other possible uses.",openalex,llm,0.970,unreviewed,
discarded,AI in the media and creative industries,Baptiste Caramiaux; Fabien Lotte; Joost Geurts; Giuseppe Amato; Malte Behrmann; Frédéric Bimbot; Fabrizio Falchi; Ander Garcia; Jaume Gibert; Guillaume Gravier; Hadmut Holken; Hartmut Koenitz; Sylvain Lefebvre; Antoine Liutkus; Andrew Perkis; Rafael Redondo; Enrico Turrin; Thierry Viéville; Emmanuel M. Vincent,2019,arXiv (Cornell University),10.48550/arXiv.1905.04175,https://openalex.org/W2944153131,off-topic-false-hit,"Thanks to the Big Data revolution and increasing computing capacities, Artificial Intelligence (AI) has made an impressive revival over the past few years and is now omnipresent in both research and industry. The creative sectors have always been early adopters of AI technologies and this continues to be the case. As a matter of fact, recent technological developments keep pushing the boundaries of intelligent systems in creative applications: the critically acclaimed movie ""Sunspring"", released in 2016, was entirely written by AI technology, and the first-ever Music Album, called ""Hello World"", produced using AI has been released this year. Simultaneously, the exploratory nature of the creative process is raising important technical challenges for AI such as the ability for AI-powered techniques to be accurate under limited data resources, as opposed to the conventional ""Big Data"" approach, or the ability to process, analyse and match data from multiple modalities (text, sound, images, etc.) at the same time. The purpose of this white paper is to understand future technological advances in AI and their growing impact on creative industries. This paper addresses the following questions: Where does AI operate in creative Industries? What is its operative role? How will AI transform creative industries in the next ten years? This white paper aims to provide a realistic perspective of the scope of AI actions in creative industries, proposes a vision of how this technology could contribute to research and development works in such context, and identifies research and development challenges.",openalex,llm,0.980,unreviewed,
discarded,"Hello, World! [Back Story]",,2017,IEEE Spectrum,10.1109/MSPEC.2017.7951702,https://ieeexplore.ieee.org/document/7951702/,off-topic-false-hit,"Now that everyone uses the Internet daily, it’s getting hard to recall the magic of logging on to an online service back when they were new. Happily enough, we've got Julien Mailland [standing] and Kevin Driscoll, who’ve been researching the history of France's pioneering Minitel telematics system and who wrote ""The French Connection Machine"" in this issue.",ieee,llm,0.980,unreviewed,
