status,title,authors,year,venue,doi,url,tags,abstract,provider,decision_source,llm_confidence,llm_review_outcome,llm_change_direction
discarded,Real-time Java : platform programming,Peter Dibble,2002,International Linear Collider,,https://openalex.org/W1549668409,off-topic-false-hit,"Preface. Introduction. 1. Landscape. Java Technology and Real Time. Real-Time Programming Requirements. Java and Embedded Real Time. Definition of Real Time. Precision of Measurement. Consistency. Utility Function Curve. Java's Problem Domain. Real-Time Java's Problem Domain. Summary. 2. Architecture of the Java Virtual Machine. Write Once, Run Anywhere: Maybe. JVM Components. Class Loading. Bytecode Interpreter. Security Manager. Garbage Collector. Thread Management. Input/Output. Graphics. Interpreter Implementation. Standard Interpreter. Optimized Interpreter. JIT. Snippets. Compilation to Independent Process. Native Methods. Compilation to a Native Method. Compilation to the JIT Interface. 3. Hardware Architecture. Worst-Case Execution of One Instruction. Worst-Case Scenario. Practical Measures. Management of Troublesome Hardware. Managing Demand Paging. Managing DMA. Managing Cache. Managing Address Translation Cache. Managing Interrupts. Effects on the JVM. 4. Garbage Collection. Reference Counting. Basic Garbage Collection. Mark and Sweep. Defragmentation. Copying Collectors. Incremental Collection. Incremental Garbage Collection in Practice. Generational Garbage Collection. Intergenerational References. Large Object Store. Real-Time Issues. 5. Priority Scheduling. Scheduling Terms. Execution Sequences. Preemption. The Seductive Charm of Nonpreemptive Scheduling. Fixed versus Dynamic Priority. Priority Inversion. Why 32 Priorities? Problems with Priority Scheduling. 6. Scheduling with Deadlines. Underlying Mechanism. Scope of the Scheduler. Some Systems. Earliest Deadline First (EDF). Least Laxity. Periodic Scheduling. Aperiodic Servers. Handling Overload. Timing Is Usually Probabilistic. 7. Rate Monotonic Analysis. Theorems. Liu and Layland's Theorem. A Graphical Approach. Lehoczky, Sha, and Ding's Theorem. Restrictions. Independent Tasks. Deadlines Equal to Periods. Multiprocessor Systems. 8. Introduction to the Real-Time Java Platform. A Brief History of Real-Time Java. Major Features of the Specification. Threads and Scheduling. Garbage Collection. Asynchronous Event Handlers. Asynchronous Transfer of Control. Memory Allocation. Memory Access. Implementation. RTSJ Hello World. 9. Closures. The Language Construct. Java Closures. Closure Structure. Closures in the RTSJ. Limitations of Closures. Readability. Local Variables. Constructors. Nesting. 10. High-Resolution Time. Resolution. The clock. HighResolutionTime Base Class. Absolute Time. Relative Time. Rational Time. 11. Async Events. Binding a Happening to an Event. Basic Async Event Operation. Async Events without Happenings. Time Triggering. Fault Triggering. Software Event Triggering. Implementation Discussion. 12. Real-Time Threads. Creation. Scheduling. Inversion Handling. Fixed Priority. Feasibility. Periodic Threads without Handlers. Feasibility Analysis. Periodic Threads with Handlers. Interactions with Normal Threads. Changing the Scheduler. 13. Non-Heap Memory. The Advantage of Non-Heap Memory. The Allocation Regimes. Rules. Mechanisms for Allocating Immortal Memory. Mechanisms for Allocating from Scoped Memory. Allocation Time. Creating Scoped Memory. Allocation Mechanisms. Finalizers. Using Nested Scoped Memory. The Scope Stack (Tree). The DAG. Practical Use of Nested Scopes. Every Nested Scope Involves Two Memory Areas. Pitfalls. Using executeInArea. Using Standard Classes. Using Shared Scoped Memory. The Scope Stack Revisited. Scope Portals. Fine Print. Quick Examples. 14. Non-Heap Access. Interaction with Scheduler. Rules. Samples. Final Remarks. Notes. 15. More Async Events. Async Events and the Scheduler. The createReleaseParameters Method. Bound Async Event Handlers. Async Event Handlers and Non-Heap Memory. No-Heap Event Handlers vs. No-Heap Threads. Scheduling. Minimum Interarrival Time. Async Event Handlers and Threads. Special Async Events. 16. Reusing Immortal Memory. Using Fixed-Object Allocators. Carrier Objects. Limitations. Recycling RT Threads. Recycling Async Event Handlers. 17. Asynchronous Transfer of Control. Thread Interrupt in Context. Asynchronous Interrupt Firing. The Timed Class. The interrupt Method. The fire Method. In Summary. Replacement Rules. Rules for Async Exception Propagation. Oblivious catch. Nonmatching doInterruptible. Matching doInterruptible. Internals. Application Handling for Asynchronous Interrupts. Noninterruptible Code. Special Issues for Synchronized blocks. Legacy Code. Use of ATC for Thread Termination. 18. Physical Memory. Physical and Virtual Memory. Physical Memory Manager. Memory Type. Removable Memory. Immortal Physical Memory. Scoped Physical Memory. 19. Raw Memory Access. Security. Peek and Poke. Get/Set Methods. Mapping. The RawMemoryFloatAccess Class. 20. Synchronization without Locking. Principles of Wait-Free Queues. Constructors. Common Methods. The Wait-Free Write Queue. Methods. Sharing the Wait-Free Queue. The Wait-Free Read Queue. The Extra Constructor. Methods. The Wait-Free Double-Ended Queue. Methods. No-Wait Queues and Memory. Implementation Notes. 21. Recommended Practice. Powerful and Easy-to-Use Features of the RTSJ. Real-Time Threads. Periodic Threads. Asynchronous Event Handlers. High-Resolution Time. Happenings. Very Powerful and Dangerous Features of the RTSJ. Simple. Leaky. Viral. Very Powerful and Finicky Features of the RTSJ. Scoped Memory. No-Heap Asynchronous Event Handlers. No-Heap Real-Time Threads. Asynchronously Interrupted Exceptions. Selection of Priorities. Index.",openalex,llm,0.960,unreviewed,
discarded,FoodSQRBlock: Digitizing Food Production and the Supply Chain with Blockchain and QR Code in the Cloud,Somdip Dey; Suman Saha; Amit Kumar Singh; Klaus D. McDonald-Maier,2021,Sustainability,10.3390/su13063486,https://openalex.org/W3138859894,off-topic-false-hit,"Food safety is an important issue in today’s world. The traditional agri-food production system does not offer easy traceability of the produce at any point of the supply chain, and hence, during a food-borne outbreak, it is very difficult to sift through food production data to track produce and the origin of the outbreak. In recent years, the blockchain based food production system has resolved this challenge; however, none of the proposed methodologies makes the food production data easily accessible, traceable and verifiable by consumers or producers using mobile/edge devices. In this paper, we propose FoodSQRBlock (Food Safety Quick Response Block), a blockchain technology based framework that digitises the food production information and makes it easily accessible, traceable and verifiable by the consumers and producers by using QR codes. We also propose a large-scale integration of FoodSQRBlock in the cloud to show the feasibility and scalability of the framework, as well as give an experimental evaluation to prove this.",openalex,llm,0.980,unreviewed,
discarded,Invisible interpretations: reflections on the digital humanities and intellectual history,Mark J. Hill,2016,Global Intellectual History,10.1080/23801883.2017.1304162,https://openalex.org/W2609368371,off-topic-false-hit,"Much has been made of the digital humanities, yet it remains an underexplored field in relation to intellectual history. This paper aims to add to the little literature which does exist by offering a survey of the ideas and issues facing would-be practitioners. This includes: an overview of what the digital humanities are; reflections on what they offer intellectual history and how they may be problematic in regard to, first, accessing texts, and second, analysing source material; and a conclusion with three reflections on future best practices – to be sceptical of digital sources, to be reflective of methodologies and how they may need to be modified when engaging with the digital humanities, and to embrace more directly the methodological, statistical, and technical aspects behind digital humanities. The aim is not to provide all the answers – at this stage that is impossible – but to be part of an emerging and ongoing discussion.",openalex,llm,0.970,unreviewed,
discarded,An overview of Trilinos.,K.R. Long; Raymond S. Tuminaro; Roscoe Bartlett; Robert J. Hoekstra; Eric Phipps; Tamara G. Kolda; Richard B. Lehoucq; Heidi Thornquist; Jonathan Joseph Hu; Alan Williams; Andrew G. Salinger; Victoria E. Howle; Roger P. Pawlowski; James Willenbring; Michael A. Heroux,2003,,10.2172/918383,https://openalex.org/W92933111,off-topic-false-hit,"The Trilinos Project is an effort to facilitate the design, development, integration and ongoing support of mathematical software libraries. In particular, our goal is to develop parallel solver algorithms and libraries within an object-oriented software framework for the solution of large-scale, complex multi-physics engineering and scientific applications. Our emphasis is on developing robust, scalable algorithms in a software framework, using abstract interfaces for flexible interoperability of components while providing a full-featured set of concrete classes that implement all abstract interfaces. Trilinos uses a two-level software structure designed around collections of packages. A Trilinos package is an integral unit usually developed by a small team of experts in a particular algorithms area such as algebraic preconditioners, nonlinear solvers, etc. Packages exist underneath the Trilinos top level, which provides a common look-and-feel, including configuration, documentation, licensing, and bug-tracking. Trilinos packages are primarily written in C++, but provide some C and Fortran user interface support. We provide an open architecture that allows easy integration with other solver packages and we deliver our software to the outside community via the Gnu Lesser General Public License (LGPL). This report provides an overview of Trilinos, discussing the objectives, history, current development and future plans of the project.",openalex,llm,0.970,unreviewed,
kept,Core Python Programming,Wesley J. Chun,2006,,,https://openalex.org/W1493950367,supports-claim,"I. CORE PYTHON. 1. WELCOME TO PYTHON! What Is Python? History of Python. Features of Python. Obtaining Python. Obtaining Python. Installing Python. Running Python. Python Documentation. Comparing Python. JPython and Some Nomenclature. Exercises. 2. GETTING STARTED. Program Output, the print Statement, and Hello World! Program Input and the raw_input() Built-in Function. Comments. Operators. Variables and Assignment. Numbers. Strings. Lists and Tuples. Dictionaries. Code Blocks Use Indentation. if Statement. while Loop. for Loop and the range() Built-in Function. Files and the open() Built-in Function. Errors and Exceptions. Functions. Classes. Modules. Exercises. 3. SYNTAX AND STYLE. Statements and Syntax. Variable Assignment. Identifiers. Basic Style Guidelines. Memory Management. First Python Application. Exercises. 4. PYTHON OBJECTS. Python Objects. Standard Types. Other Built-in Types. Internal Types. Standard Type Operators. Standard Type Built-in Functions. Categorizing the Standard Types. Unsupported Types. Exercises. 5. NUMBERS. Introduction to Numbers. Integers. Floating Point Real Numbers. Complex Numbers. Operators. Built-in Functions. Related Modules. Exercises. 6. SEQUENCES: STRINGS, LISTS, AND TUPLES. Sequences. Strings. Strings and Operators. String-only Operators. Built-in Functions. String Built-in Methods. Special Features of Strings. Related Modules. Summary of String Highlights. Lists. Operators. Built-in Functions. List Type Built-in Methods. Special Features of Lists. Tuples. Tuple Operators and Built-in Functions. Special Features of Tuples. Related Modules. *Shallow and Deep Copies. Exercises. 7. DICTIONARIES. Introduction to Dictionaries. Operators. Built-in Functions. Built-in Methods. Dictionary Keys. Exercises. 8. CONDITIONALS AND LOOPS. if statement. else Statement. elif (a.k.a else-if) Statement. while Statement. for Statement. break Statement. continue Statement. pass Statement. else Statement Take Two. Exercises. 9. FILES AND INPUT/OUTPUT. File Objects. File Built-in Function [open()]. File Built-in Methods. File Built-in Attributes. Standard Files. Command-line Arguments. File System. File Execution. Persistent Storage Modules. Related Modules. Exercises. 10. ERRORS AND EXCEPTIONS. What Are Exceptions? Exceptions in Python. Detecting and Handling Exceptions. *Exceptions as Strings. *Exceptions as Classes. Raising Exceptions. Assertions. Standard Exceptions. *Creating Exceptions. Why Exceptions (Now)? Why Exceptions at All? Exceptions and the sys Module. Related Modules. Exercises. 11. FUNCTIONS. What are Functions? Calling Functions. Creating Functions. Passing Functions. Formal Arguments. Variable-length Arguments. Functional Programming. Variable Scope. *Recursion. Exercises. 12. MODULES. What are Modules? Modules and Files. Namespaces. Importing Modules. Importing Module Attributes. Module Built-in Functions. Packages. Other Features of Modules. Exercises. 13. CLASSES AND OOP. Introduction. Object-oriented Programming. Classes. Class Attributes. Instances. Instance Attributes. Binding and Method Invocation. Composition. Subclassing and Derivation. Inheritance. Built-in Functions for Classes, Instances, and Other Objects. Type vs Classes/Instances. Customizing Classes with Special Methods. Privacy. Delegation. Related Modules and Documentation. Exercises. 14. EXECUTION ENVIRONMENT. Callable Objects. Code Objects. Executable Object Statements and Built-in Functions. Executing Other (Python) Programs. Executing Other (Non-Python) Programs. Restricted Execution. Terminating Execution. Related Modules. Exercises. II. ADVANCED TOPICS. 15. REGULAR EXPRESSIONS. Introduction/Motivation. Special Symbols and Characters for REs. REs and Python. Regular Expression Adventures. Exercises. 16. NETWORK PROGRAMMING. Introduction. Sockets: Communication Endpoints. Network Programming in Python. Related Modules. Exercises. 17. MULTITHREADED PROGRAMMING. Introduction/Motivation. Threads and Processes. Threads and Python. thread Module. threading Module. Exercises. 18. GUI PROGRAMMING WITH TKINTER. Introduction. Tkinter and Python Programming. Tkinter Examples. Related Modules and Other GUIs. Exercises. 19. WEB PROGRAMMING. Introduction. Web Surfing with Python: Creating Simple Web Clients. Advanced Web Clients. CGI: Helping Web Servers Process Client Data. Building CGI Application. Advanced CGI. Web (HTTP) Servers. Related Modules. Exercises. 20. EXTENDING PYTHON. Introduction/Motivation. Extending Python by Writing Extensions. Related Topics. Exercises. Answers to Selected Exercises. Other Reading and References. Other Printed References. Online References. Python Operator Summary. What's New in Python 2.0? Appendix A. Appendix B. Appendix C. Appendix D. Index. About the Author.",openalex,llm,0.950,unreviewed,
discarded,“Where is history”: Toward Designing a Voice Assistant to help Older Adults locate Interface Features quickly,Ja Eun Yu; Natalie Parde; Debaleena Chattopadhyay,2023,,10.1145/3544548.3581447,https://openalex.org/W4366551350,off-topic-false-hit,"Older adults often struggle to locate a function quickly in feature-rich user interfaces (UIs). Mobile UIs not only pack a ton of features in a small screen but also get frequent updates to their visual layouts—thereby exacerbating the problem. This paper explores a design solution where users could search for a UI feature using spoken-word queries. We investigated: 1) what type of questions older users ask when facing interaction challenges in unfamiliar scenarios, 2) how those query types compare with younger users’ inquiries, and 3) how older adults use a voice assistant design probe in a Wizard-of-Oz (WoZ) study. Results reveal five query types when verbally articulating interaction issues: validation, directed and undirected informational, navigational, and conceptual. In the WoZ study, older users typically asked for help following a series of non-unique or off-task feature selections (n = 13/15), and in 77% of those instances, they completed the task in the next interaction.",openalex,llm,0.980,unreviewed,
kept,WCL: Delivering efficient Common Lisp applications under Unix,Wade Hennessey,1992,,10.1145/141471.141560,https://openalex.org/W2131881429,supports-claim,"Common Lisp implementations for Unix have traditionally provided a rich development environment at the expense of an inefficient delivery environment. The goal of WCL is to allow hundreds of Lisp applications to be realistically available at once, while allowing several of them to run concurrently. WCL accomplishes this by providing Common Lisp as a UNIX shared library that can be linked with Lisp and C code to produce efficient applications. For example, the executable for a Lisp version of the canonical “Hello World!” program requires only 40k bytes under SunOS 4.1 for SPARC. WCL also supports a full development environment, including dynamic file loading and debugging. A modified version of GDB, the GNU Debugger, is used to debug WCL programs, providing support for mixed language debugging. The techniques used in WCL should also be applicable to other high-level languages that allow runtime mappings from names to objects.",openalex,llm,0.900,unreviewed,
discarded,"CULTURAL IDENTITY, TRADITION, AND THE RITUAL KILLING OF BULLS – A NOTE ON A RECENT DECISION OF THE FRENCH CONSTITUTIONAL COUNCIL ON THE LEGALITY OF BULLFIGHTING",Stephen Allister Peté; Angela Diane Crocker,2021,Obiter,10.17159/obiter.v34i2.12039,https://openalex.org/W2290190107,off-topic-false-hit,"In a recent two-part article in this journal, the authors of this note analysed the controversy surrounding the ritual bull-killing which takes place during the Ukweshwama “first fruits” ceremony held each year in northern KwaZulu-Natal, South Africa. While much of the Ukweshwama ceremony is uncontroversial, the ritual killing of a bull by young Zulu warriors with their bare hands attracted strong opposition from certain animal-rights groups, which resulted in legal action and public controversy. The authors attempted to disentangle the different legal, historical, political and philosophical strands which combined to make up a complex story about the place of ancient rituals in the modern world, particularly those involving animal sacrifice. They also attempted to situate the controversy around the Ukweshwama bull-killing ritual within a contemporary global context, by comparing and contrasting the Zulu bull-killing ceremony on the one hand, and Spanish bullfighting on the other. The purpose of the present note is to report on recent developments in what is a global debate on the place of ancient rituals which involve the ritual killing of animals, within modern constitutional democracies. In particular, this note will examine and discuss the outcome of a recent legal challenge brought before the Constitutional Council of the Republic of France by certain animal-welfare groups in that country. The challenge was directed at bringing an end to a legal exception which operates in certain parts of the country – that is, those with an uninterrupted local tradition of bullfighting – excluding bullfighting from the provisions of animal-welfare legislation. The legal, political and cultural issues which arise as a result of this legal challenge are of relevance to those in South Africa who are concerned, one way or the other, about the future of the annual Ukweshwama bull-killing ritual in KwaZulu-Natal. Like it or not, although the bull-killing rituals which take place in the South of France and in KwaZulu-Natal South Africa are very different, the similarities between the rituals and their impact on broader society (legally, politically and culturally), are such that they cannot be ignored. The authors make a similar point in relation to the links between Spanish bullfighting and the Ukweshwama bull-killing ritual.",openalex,llm,0.990,unreviewed,
discarded,Implementing TLS with Verified Cryptographic Security,Karthikeyan Bhargavan; Cédric Fournet; Markulf Kohlweiss; A. Pironti; Pierre-Yves Strub,2013,,10.1109/sp.2013.37,https://openalex.org/W2070775894,off-topic-false-hit,"TLS is possibly the most used protocol for secure communications, with a 18-year history of flaws and fixes, ranging from its protocol logic to its cryptographic design, and from the Internet standard to its diverse implementations. We develop a verified reference implementation of TLS 1.2. Our code fully supports its wire formats, ciphersuites, sessions and connections, re-handshakes and resumptions, alerts and errors, and data fragmentation, as prescribed in the RFCs; it interoperates with mainstream web browsers and servers. At the same time, our code is carefully structured to enable its modular, automated verification, from its main API down to computational assumptions on its cryptographic algorithms. Our implementation is written in F# and specified in F7. We present security specifications for its main components, such as authenticated stream encryption for the record layer and key establishment for the handshake. We describe their verification using the F7 typechecker. To this end, we equip each cryptographic primitive and construction of TLS with a new typed interface that captures its security properties, and we gradually replace concrete implementations with ideal functionalities. We finally typecheck the protocol state machine, and obtain precise security theorems for TLS, as it is implemented and deployed. We also revisit classic attacks and report a few new ones.",openalex,llm,0.980,unreviewed,
