status,title,authors,year,venue,doi,url,tags,abstract,provider,decision_source,llm_confidence,llm_review_outcome,llm_change_direction
discarded,Walking through an application with visual C++,Whipple W.,1996,Electro International Conference Proceedings,,https://www.scopus.com/inward/record.uri?partnerID=HzOxMe3b&scp=0029708784&origin=inward,off-topic-false-hit,,scopus,llm,0.900,unreviewed,
discarded,Hello World Deep Learning in Medical Imaging,Paras Lakhani; Daniel L. Gray; Carl R. Pett; Paul Nagy; George Shih,2018,Journal of Imaging Informatics in Medicine,10.1007/s10278-018-0079-6,https://openalex.org/W2799845958,off-topic-false-hit,"There is recent popularity in applying machine learning to medical imaging, notably deep learning, which has achieved state-of-the-art performance in image analysis and processing. The rapid adoption of deep learning may be attributed to the availability of machine learning frameworks and libraries to simplify their use. In this tutorial, we provide a high-level overview of how to build a deep neural network for medical image classification, and provide code that can help those new to the field begin their informatics projects.",openalex,llm,0.990,unreviewed,
discarded,"Hello, World! VIVA+: A Human Body Model lineup to evaluate Sex-Differences in Crash Protection",Jobin John; Corina Klug; Matej Kranjec; Erik Svenning; Johan Iraeus,2022,,10.31219/osf.io/uvkjc,https://openalex.org/W4225146152,off-topic-false-hit,"Finite element Human Body Models are increasingly becoming vital tools for injury assessment and are expected to play an important role in virtual vehicle safety testing. With the aim of realizing models to study sex-differences seen in the injury- and fatality-risks from epidemiology, we developed models that represent an average female and an average male. The models were developed with an objective to allow tissue-based skeletal injury assessment, and thus non-skeletal organs and joints were defined with simplified characterizations to enhance computational efficiency and robustness. The model lineup comprises female and male representations of (seated) vehicle occupants and (standing) vulnerable road users, enabling the safety assessment of broader segments of the road user population. In addition, a new workflow utilized in the model development is presented. In this workflow, one model (the seated female) served as the base model while all the other models were generated as closely-linked derivative models, differing only in terms of node coordinates and mass distribution. This approach opens new possibilities to develop and maintain further models as part of the model lineup, representing different types of road users to reflect the ongoing transitions in mobility patterns (like bicyclists and e-scooter users). In this paper, we evaluate the kinetic and kinematic responses of the occupant and standing models to blunt impacts, mainly on the torso, in different directions (front, lateral, and back). The front and lateral impacts to the thorax showed responses comparable to the experiments, while the back impact varied with the location of impact (T1 and T8). Abdomen bar impact showed a stiffer load-deflection response at higher intrusions beyond 40 mm, because of simplified representation of internal organs. The lateral shoulder impact responses were also slightly stiffer, presumably from the simplified shoulder joint definition. This paper is the first in a series describing the development and validation of the new Human Body Model lineup, VIVA+. With the inclusion of an average-sized female model as a standard model in the lineup, we seek to foster an equitable injury evaluation in future virtual safety assessments.",openalex,llm,0.990,unreviewed,
discarded,Concepts and paradigms of object-oriented programming,Peter Wegner,1990,ACM SIGPLAN OOPS Messenger,10.1145/382192.383004,https://openalex.org/W2012408028,off-topic-false-hit,"We address the following questions for object-oriented programming: What is it? What are its goals? What are its origins? What are its paradigms? What are its design alternatives? What are its models of concurrency? What are its formal computational models? What comes after object-oriented programming? Starting from software engineering goals, we examine the origins and paradigms of object-oriented programming, explore its language design alternatives, consider its models of concurrency, and review its mathematical models to make them accessible to nonmathematical readers. Finally, we briefly speculate on what may come after object-oriented programming and conclude that it is a robust component-based modeling paradigm that is both effective and fundamental. This paper expands on the OOPSLA 89 keynote talk.",openalex,llm,0.940,unreviewed,
discarded,On Digital History,Gerben Zaagsma,2013,BMGN - Low Countries Historical Review,10.18352/bmgn-lchr.9344,https://openalex.org/W2132140832,off-topic-false-hit,"Digital humanities seem to be omnipresent these days and the discipline of history is no exception. This introduction is concerned with the changing practice of ‘doing’ history in the digital age, seen within a broader historical context of developments in the digital humanities and ‘digital history’. It argues that there is too much emphasis on tools and data while too little attention is being paid to how doing history in the digital age is changing as a result of the digital turn. This tendency towards technological determinism needs to be balanced by more attention to methodological and epistemological considerations. The article offers a short survey of history and computing since the 1960s with particular attention given to the situation in the Netherlands, considers various definitions of ‘digital history’ and argues for an integrative view of historical practice in the digital age that underscores hybridity as its main characteristic. It then discusses some of the major changes in historical practice before outlining the three major themes that are explored by the various articles in this thematic issue – digitisation and the archive, digital historical analysis, and historical knowledge (re)presentation and audiences. This article is part of the special issue 'Digital History'.",openalex,llm,0.970,unreviewed,
discarded,„Hello world!“!,Jörg Bewersdorff,2018,,10.1007/978-3-658-21077-9_1,https://openalex.org/W4255725492,off-topic-false-hit,,openalex,llm,0.700,unreviewed,
kept,Speaking Code,Geoff Cox; Alex McLean,2012,The MIT Press eBooks,10.7551/mitpress/8193.001.0001,https://openalex.org/W4252620750,supports-claim,"The aesthetic and political implications of working with code as procedure, expression, and action. Speaking Code begins by invoking the “Hello World” convention used by programmers when learning a new language, helping to establish the interplay of text and code that runs through the book. Interweaving the voice of critical writing from the humanities with the tradition of computing and software development, in Speaking Code Geoff Cox formulates an argument that aims to undermine the distinctions between criticism and practice and to emphasize the aesthetic and political implications of software studies. Not reducible to its functional aspects, program code mirrors the instability inherent in the relationship of speech to language; it is only interpretable in the context of its distribution and network of operations. Code is understood as both script and performance, Cox argues, and is in this sense like spoken language—always ready for action. Speaking Code examines the expressive and performative aspects of programming; alternatives to mainstream development, from performances of the live-coding scene to the organizational forms of peer production; the democratic promise of social media and their actual role in suppressing political expression; and the market's emptying out of possibilities for free expression in the public realm. Cox defends language against its invasion by economics, arguing that speech continues to underscore the human condition, however paradoxical this may seem in an era of pervasive computing.",openalex,llm,0.930,unreviewed,
discarded,The early history of F#,Don Syme,2020,Proceedings of the ACM on Programming Languages,10.1145/3386325,https://openalex.org/W3035158397,off-topic-false-hit,"This paper describes the genesis and early history of the F# programming language. I start with the origins of strongly-typed functional programming (FP) in the 1970s, 80s and 90s. During the same period, Microsoft was founded and grew to dominate the software industry. In 1997, as a response to Java, Microsoft initiated internal projects which eventually became the .NET programming framework and the C# language. From 1997 the worlds of academic functional programming and industry combined at Microsoft Research, Cambridge. The researchers engaged with the company through Project 7, the initial effort to bring multiple languages to .NET, leading to the initiation of .NET Generics in 1998 and F# in 2002. F# was one of several responses by advocates of strongly-typed functional programming to the ""object-oriented tidal wave"" of the mid-1990s. The development of the core features of F# 1.0 happened from 2004-2007, and I describe the decision-making process that led to the ""productization"" of F# by Microsoft in 2007-10 and the release of F# 2.0. The origins of F#'s characteristic features are covered: object programming, quotations, statically resolved type parameters, active patterns, computation expressions, async, units-of-measure and type providers. I describe key developments in F# since 2010, including F# 3.0-4.5, and its evolution as an open source, cross-platform language with multiple delivery channels. I conclude by examining some uses of F# and the influence F# has had on other languages so far.",openalex,llm,0.920,unreviewed,
kept,Hello World: 17 habilidades para exercitar desde o início da graduação em computação,Roberto Pereira; Letícia Mara Peres; Fabiano Silva,2021,,10.5753/educomp.2021.14485,https://openalex.org/W3144659917,supports-claim,"Reconhecendo diferentes desafios do ensino de Computação e conscientes do contexto situado em que atuamos, oferecemos uma disciplina de Introdução à Ciência da Computação, como disciplina curricular obrigatória, no primeiro semestre do nosso curso de Bacharelado em Ciência da Computação. Nessa disciplina, a ementa, o conteúdo programático e as estratégias didáticas têm o propósito de exercitar 17 habilidades que consideramos essenciais para profissionais da computação (tanto no sentido técnico quanto social e ético), além de situar estudantes na área e no curso escolhidos. Neste artigo, apresentamos a disciplina, as 17 habilidades que ela se propõe a exercitar, nossa estratégia didática, e relatamos os resultados de nossa experiência com a sua aplicação de forma totalmente remota. Com base na observação docente e na opinião discente obtida por meio de um questionário, identificamos que a disciplina foi efetiva em promover o exercício das diferentes habilidades, que ela foi capaz de ampliar o entendimento discente sobre o curso e sobre a responsabilidade profissional, e que o formato remoto apresentou mais vantagens do que desvantagens para a estratégia didática empregada. Os resultados também revelaram aspectos da estratégia didática que foram bem sucedidos e aspectos que ainda precisam ser aprimorados.",openalex,llm,0.780,unreviewed,
discarded,Making AI Intelligible,Herman Cappelen; Josh Dever,2021,,10.1093/oso/9780192894724.001.0001,https://openalex.org/W4248419300,off-topic-false-hit,"Abstract Can humans and artificial intelligences share concepts and communicate? One aim of Making AI Intelligible is to show that philosophical work on the metaphysics of meaning can help answer these questions. Cappelen and Dever use the externalist tradition in philosophy of to create models of how AIs and humans can understand each other. In doing so, they also show ways in which that philosophical tradition can be improved: our linguistic encounters with AIs revel that our theories of meaning have been excessively anthropocentric. The questions addressed in the book are not only theoretically interesting, but the answers have pressing practical implications. Many important decisions about human life are now influenced by AI. In giving that power to AI, we presuppose that AIs can track features of the world that we care about (e.g. creditworthiness, recidivism, cancer, and combatants.) If AIs can share our concepts, that will go some way towards justifying this reliance on AI. The book can be read as a proposal for how to take some first steps towards achieving interpretable AI. Making AI Intelligible is of interest to both philosophers of language and anyone who follows current events or interacts with AI systems. It illustrates how philosophy can help us understand and improve our interactions with AI.",openalex,llm,0.970,unreviewed,
discarded,Hello World! Building computational models to represent social and organizational theory,James A. Grand; Michael T. Braun; Goran Kuljanin,2023,,10.31234/osf.io/rxgsj,https://openalex.org/W4316041228,off-topic-false-hit,"Computational modeling holds significant promise as a tool for improving how theory is developed, expressed, and used to inform empirical research and evaluation efforts. However, the knowledge and skillsets needed to build computational models are rarely developed in the training received by social and organizational scientists. The purpose of this manuscript is to provide an accessible introduction to and reference for building computational models to represent theory. We first discuss important principles and recommendations for “thinking about” theory and developing explanatory accounts in ways that facilitate translating their core assumptions, specifications, and ideas into a computational model. Next, we address some frequently asked questions related to building computational models that introduce several fundamental tasks/concepts involved in building models to represent theory and demonstrate how they can be implemented in the R programming language to produce executable model code. The accompanying supplemental materials describes additional considerations relevant to building and using computational models, provides multiple examples of complete computational model code written in R, and an interactive application offering guided practice on key model-building tasks/concepts in R.",openalex,llm,0.950,unreviewed,
discarded,The NIST RS274NGS interpreter - version 3,Thomas Krämer; Frederick M. Proctor; Elena Messna,2000,,10.6028/nist.ir.6556,https://openalex.org/W2144137528,off-topic-false-hit,"This report describes an interpreter which reads numerical control code and produces calls to a set of canonical machining functions. The interpreter is a software system written in the C++ programming language. The output of the interpreter may be used to drive 3-axis to 6-axis machining centers. Input to the interpreter is RS274 code in the dialect defined by the Next Generation Controller (NGC) project, with modifications. The interpreter may be compiled as a stand-alone computer program or may be integrated with the NIST Enhanced Machine Controller (EMC) control system. Input can come from a file or from a user typing on a computer keyboard. Output commands can either be printed for future use or be executed directly on a machining center. The report includes a full description of the RS274/NGC input language and the canonical machining functions called by the interpreter. It is a complete users manual.",openalex,llm,0.980,unreviewed,
discarded,Hello world! Teaching an interdisciplinary understanding of climate modelling,Ulrike Proske; Martin Staab,2026,,10.5194/egusphere-2025-6313,https://openalex.org/W7118258676,off-topic-false-hit,"Abstract. Climate models are not just physics translated into computer code. They are powerful actors influencing and influenced by humans. Thus modelers need to learn and modeling courses need to teach not only the techniques of numerical discretisation and the physical understanding of the climate system, but also the underlying motivations, the uncertainties and the societal embededness of the modeling approach. Following a design-based research approach, this study develops a course at Bachelor level that aims to teach students such interdisciplinary perspectives. With a reflective open-ended exercise, we elicit students' learning process through challenging climate modeling topics. We find that the students learn to appreciate the complexity of climate models and the intricacies of scientific practice itself, highlighting for example the role of values in science. The exercise reveals few misconceptions and no major hurdles in the students' learning that may have been expected from the interdisciplinary nature of the material. We thus conclude that the course is a practice-proven approach to teaching the physical basis of climate modeling as well as its critical reflection. Together with the openly shared material, it supplies an inspiration and practical template for lecturers to include more interdisciplinary content and reflection into their modeling courses.",openalex,llm,0.940,unreviewed,
discarded,Algorithms and Mathematics Education A Response and Review of Hannah Fry’s Hello World: Being Human in the Age of Algorithms,Joshua T. Hertel,2022,The Mathematics Enthusiast,10.54870/1551-3440.1599,https://openalex.org/W4308329103,off-topic-false-hit,"At the outset, Dr. Hannah Fry’s book Hello World: Being Human in the Age of Algorithms is an engaging survey of how algorithms are being used in modern life. The book is written for a general audience with a focus on concepts and principles. As such, the narrative does not dig deeply into the details of any particular topic but instead offers a snapshot of how algorithms reside within a variety of contexts in the modern world. Through relatable examples, Dr. Fry builds a narrative that explains how algorithms are used as tools to predict, influence, augment, and mimic human behavior. Woven throughout the narrative are stories that reveal the power and pitfalls of algorithms. We learn about algorithms used by advertisers, data brokers, judges, chess masters, and healthcare workers. Along the way, Dr. Fry reveals how algorithms are being used to identify cancerous cells, build driverless vehicles, influence an online behavior, and create art. After reading the book, I was left asking practical questions such as, did that recent grocery store advertisement arrive by chance or is it based on my previous shopping behavior? How is my online browsing influencing the advertisements I see on social media? At the same time, the book inspired broader questions such as, how are algorithms being used for sentencing within the local court system? In what ways is care at the nearby hospital influenced by algorithms? In what follows, I have sought to craft a response to the book from my own lens of mathematics education rather than a detailed analysis of the particular merits. For those seeking a recommendation on whether or not to read the book, my response is: Read it. It is inextricably connected to the work that you do.",openalex,llm,0.980,unreviewed,
discarded,From ‘Hello World’ to ‘How are We Doing?’: fostering collective sensemaking with and about the unidirectional conversationality of code,Jennifer Edmond; Shaun Ussher,2026,AI & Society,10.1007/s00146-026-02991-1,https://openalex.org/W7154036932,off-topic-false-hit,"Abstract The manner in which the software platforms and tools that surround us are built and marketed is designed to lead us not into conversations, but silences. It has been 20 years since Cass Sunstein first warned us of the manner in which new media lead us to choose as consumers, rather than citizens, and yet we still find that the dominant paradigm for technology adoption primes us to consider our decision-making around ICT tools as independent and neutral, needing only to meet a measure of value for money. Because of the all-pervasive nature of code and its compiled products, however, this particular socio-technical imaginary brings with it an exceptional power to alienate us not just from each other, but, in a post-Marxian twist, from the very tools, we might use to manage this deterioration in interpersonal exchange. This is, in particular, the case with artificial intelligence, due to the opacity and complexity of the methods deployed, and the dark ethical underbelly of its effects on power, labour, and rights. This article will look at this and other imaginaries that hold us back from forging a cultural relationship to AI and other forms of coded culture that is not just human-centred, but community aware, embodying the oft-cited values of human-centredness and trustworthiness. To do this, it will propose strategies by which to recentre code as a site for the discursive activity of collective sensemaking. Starting from the roots of the human-readable in code, the argument coalesces around the details of two experimental cases that have sought to foster human conversations that include code as an active participant.",openalex,llm,0.960,unreviewed,
