status,title,authors,year,venue,doi,url,tags,abstract,provider,decision_source,llm_confidence,llm_review_outcome,llm_change_direction
kept,Getting Started with Java Programming,Perry Xiao,2019,"Practical Java Programming for IoT, AI, and Blockchain",10.1002/9781119560050.ch2,https://ieeexplore.ieee.org/document/9822229/,supports-claim,"This chapter shows how to download and install the Java Development Kit (JDK) software. It introduces popular Java text editors/integrated development environments (IDEs) and shows how they handle simple Java Hello World programs. As technology professionals do with any programming language, to write a Java program they need an IDE, which can make programming much easier. In addition to the text editors and IDEs, there are many online compilers, which means technology professionals don't need to download and install the Java JDK or an IDE onto their computer. Online code converters can translate an application's source code from one programming language into the source code of another programming language. Many free Java resources are available online. The Java comprehensive tutorials from Oracle show technology professionals how to create applications in an easy and simple way. For software developers, version control means maintaining a history of the software development.",ieee,llm,0.940,unreviewed,
discarded,"Hello, World? Domestic Software Patent Protection Stands Alone Due to Uncertain Subject Matter Eligibility Jurisprudence","Terry, Maxwell H.",2023,MINNESOTA LAW REVIEW,,https://www.webofscience.com/api/gateway?GWVersion=2&SrcApp=scholar-cli-kth&SrcAuth=WosAPI&KeyUT=WOS:001185282600002&DestLinkType=FullRecord&DestApp=WOS_CPL,off-topic-false-hit,,wos,llm,0.990,unreviewed,
discarded,'Hello world': Tracing the early development of computer music in Brazil (1962-1980),Damião A.,2026,Organised Sound,10.1017/S1355771825100794,https://www.scopus.com/inward/record.uri?partnerID=HzOxMe3b&scp=105037768630&origin=inward,off-topic-false-hit,"Abstract The development of computing in Brazil followed a peculiar path, shaping cultural production since the earliest encounters between artists and technology. Beginning in the 1960s, musicians and computer scientists made initial attempts to use computers for artistic purposes, at a time when it was still possible to keep pace with developments in Computer Music in North America and Europe. However, restricted access to foreign technologies and the political context following the 1964 military coup—two deeply interrelated factors—made it unfeasible to establish a national system capable of sustaining continuous production in Music & Computing before the early 1990s. Such development would have required both strong institutional support and freedom of artistic expression, conditions that were not present. This article traces these trajectories through key artistic experiments and public policies related to computing. Rather than offering a comprehensive catalogue, it presents a transversal perspective that highlights the relationship between the formation of the Computer Music field and state policies up to the mid-1980s. By interweaving these parallel narratives—linking cultural practices and political frameworks—the study sheds light on how computer-mediated artistic production contributed to the constitution of Electronic Music in Brazil.",scopus,llm,0.990,unreviewed,
discarded,"Hello, World? Domestic Software Patent Protection Stands Alone Due to Uncertain Subject Matter Eligibility Jurisprudence",Terry M.H.,2023,Minnesota Law Review,,https://www.scopus.com/inward/record.uri?partnerID=HzOxMe3b&scp=85183990526&origin=inward,off-topic-false-hit,,scopus,llm,0.990,unreviewed,
discarded,Who's Driving Innovation?: New Technologies and the Collaborative State,Stilgoe J.,2019,Who S Driving Innovation New Technologies and the Collaborative State,10.1007/978-3-030-32320-2,https://www.scopus.com/inward/record.uri?partnerID=HzOxMe3b&scp=85151695894&origin=inward,off-topic-false-hit,,scopus,llm,0.960,unreviewed,
kept,Learn JavaFX 8: Building User Experience and Interfaces with Java 8,Sharan K.,2015,Learn Javafx 8 Building User Experience and Interfaces with Java 8,10.1007/978-1-4842-1142-7,https://www.scopus.com/inward/record.uri?partnerID=HzOxMe3b&scp=105014040867&origin=inward,supports-claim,"Learn JavaFX 8 shows you how to start developing rich-client desktop applications using your Java skills and provides comprehensive coverage of JavaFX 8's features. Each chapter starts with an introduction to the topic at hand, followed by a step-by-step discussion of the topic with small snippets of code. The book contains numerous figures aiding readers in visualizing the GUI that is built at every step in the discussion. The book starts with an introduction to JavaFX and its history. It lists the system requirements and the steps to start developing JavaFX applications. It shows you how to create a Hello World application in JavaFX, explaining every line of code in the process. Later in the book, author Kishori Sharan discusses advanced topics such as 2D and 3D graphics, charts, FXML, advanced controls, and printing. Some of the advanced controls such as TableView, TreeTableView and WebView are covered at length in separate chapters. This book provides complete and comprehensive coverage of JavaFX 8 features; uses an incremental approach to teach JavaFX, assuming no prior GUI knowledge; includes code snippets, complete programs, and pictures; covers MVC patterns using JavaFX; and covers advanced topics such as FXML, effects, transformations, charts, images, canvas, audio and video, DnD, and more. So, after reading and using this book, you'll come away with a comprehensive introduction to the JavaFX APIs as found in the new Java 8 platform.",scopus,llm,0.910,unreviewed,
discarded,The Python Quick Syntax Reference,Walters G.,2014,Python Quick Syntax Reference,10.1007/978-1-4302-6479-8,https://www.scopus.com/inward/record.uri?partnerID=HzOxMe3b&scp=105043671864&origin=inward,off-topic-false-hit,"The Python Quick Syntax Reference is the “go to” book that contains an easy to read and useguide to Python programming and development. This condensed code and syntaxreference presents the Python language in a well-organized format designed tobe used time and again. You won't find jargon, bloated samples, case studies, or history of Hello Worldand computer theory in this handy reference. This Python syntax reference ispacked with useful information and is a must-have for any Python developer.",scopus,llm,0.940,unreviewed,
discarded,Back to the future?,Mander K.,2004,SIGCSE Bulletin Association for Computing Machinery Special Interest Group on Computer Science Education,10.1145/1026487.1007998,https://www.scopus.com/inward/record.uri?partnerID=HzOxMe3b&scp=33646849259&origin=inward,adjacent-subtopic,"The way in which universities moved from an elite system of education in the 1960s to a more inclusive system of education in the 1990s has been a great success story. Computer Science has played its part, becoming a subject taught in some form in almost every university in the developed world. Those of us who were in the subject at the start of its significant growth remember the battles to get Computer Science recognised as an acceptable academic subject, and the ways in which it subsequently came to dominate many of the more traditional subjects in a university's portfolio. But as we move into the 21st century universities are entering the most volatile and turbulent time for higher education since the early 1980s, and the dangers for Computer Science are acute.For the first time in its history Computer Science is not expanding; other disciplines are encroaching on its territory; the science base (at least in English schools) is in decline; the computing industry is tentative. We are now seeing 18-year-old students with at least 10 years computing experience, who can write flawless code while holding a dozen simultaneous e-conversations and watching the TV. In their highly parallel universe, they find ""hello world"" uninteresting (even if it has a browser interface). They are natural collaborators - wired, extrovert and hyper-social; they are digital natives whereas their teachers are digital immigrants.How will Computer Science survive the current turmoil? What can the past tell us about the future?",scopus,llm,0.890,unreviewed,
kept,WCL: Delivering efficient Common Lisp applications under Unix,Hennessey W.,1992,undefined,,https://www.scopus.com/inward/record.uri?partnerID=HzOxMe3b&scp=0026998599&origin=inward,supports-claim,,scopus,llm,0.800,unreviewed,
discarded,Edge Machine Learning for AI-Enabled IoT Devices: A Review,Massimo Merenda; Carlo Porcaro; Demetrio Iero,2020,Sensors,10.3390/s20092533,https://openalex.org/W3023935494,off-topic-false-hit,"In a few years, the world will be populated by billions of connected devices that will be placed in our homes, cities, vehicles, and industries. Devices with limited resources will interact with the surrounding environment and users. Many of these devices will be based on machine learning models to decode meaning and behavior behind sensors' data, to implement accurate predictions and make decisions. The bottleneck will be the high level of connected things that could congest the network. Hence, the need to incorporate intelligence on end devices using machine learning algorithms. Deploying machine learning on such edge devices improves the network congestion by allowing computations to be performed close to the data sources. The aim of this work is to provide a review of the main techniques that guarantee the execution of machine learning models on hardware with low performances in the Internet of Things paradigm, paving the way to the Internet of Conscious Things. In this work, a detailed review on models, architecture, and requirements on solutions that implement edge machine learning on Internet of Things devices is presented, with the main goal to define the state of the art and envisioning development requirements. Furthermore, an example of edge machine learning implementation on a microcontroller will be provided, commonly regarded as the machine learning ""Hello World"".",openalex,llm,0.980,unreviewed,
discarded,"Hello, world! VIVA+: A human body model lineup to evaluate sex-differences in crash protection",Jobin John; Corina Klug; Matej Kranjec; Erik Svenning; Johan Iraeus,2022,Frontiers in Bioengineering and Biotechnology,10.3389/fbioe.2022.918904,https://openalex.org/W4285796484,off-topic-false-hit,"Finite element Human Body Models are increasingly becoming vital tools for injury assessment and are expected to play an important role in virtual vehicle safety testing. With the aim of realizing models to study sex-differences seen in the injury- and fatality-risks from epidemiology, we developed models that represent an average female and an average male. The models were developed with an objective to allow tissue-based skeletal injury assessment, and thus non-skeletal organs and joints were defined with simplified characterizations to enhance computational efficiency and robustness. The model lineup comprises female and male representations of (seated) vehicle occupants and (standing) vulnerable road users, enabling the safety assessment of broader segments of the road user population. In addition, a new workflow utilized in the model development is presented. In this workflow, one model (the seated female) served as the base model while all the other models were generated as closely-linked derivative models, differing only in terms of node coordinates and mass distribution. This approach opens new possibilities to develop and maintain further models as part of the model lineup, representing different types of road users to reflect the ongoing transitions in mobility patterns (like bicyclists and e-scooter users). In this paper, we evaluate the kinetic and kinematic responses of the occupant and standing models to blunt impacts, mainly on the torso, in different directions (front, lateral, and back). The front and lateral impacts to the thorax showed responses comparable to the experiments, while the back impact varied with the location of impact (T1 and T8). Abdomen bar impact showed a stiffer load-deflection response at higher intrusions beyond 40 mm, because of simplified representation of internal organs. The lateral shoulder impact responses were also slightly stiffer, presumably from the simplified shoulder joint definition. This paper is the first in a series describing the development and validation of the new Human Body Model lineup, VIVA+. With the inclusion of an average-sized female model as a standard model in the lineup, we seek to foster an equitable injury evaluation in future virtual safety assessments.",openalex,llm,0.990,unreviewed,
discarded,Hello world,Preetha Moorthy; Michaela Honauer; Eva Hornecker; Andreas Mühlenberend,2017,,10.1145/3152832.3157811,https://openalex.org/W2775929632,off-topic-false-hit,"A variety of interactive books, including 'touch and feel books', enable children to physically learn and develop knowledge. We developed an interactive touch and feel book for children that integrates sound and LED light to enhance the child's interaction. Our project explores the development of textile-based electronic touch and feel books, integrating textiles with ready-made and self-made sensors and actuators in a book format. It is called 'Hello World' as this is the common name of the very first program by someone new to software or hardware development, and thought ta good metaphor for children exploring their very first touch-and-feel book enhanced with interactive features.",openalex,llm,0.960,unreviewed,
kept,Early relational reasoning and the novice programmer: swapping as the hello world of relational reasoning,Malcolm Corney; Raymond Lister; Donna Teague,2011,QUT ePrints (Queensland University of Technology),,https://openalex.org/W2141929780,adjacent-subtopic,"We report on a longitudinal research study of the development of novice programmers in their first semester of programming. In the third week, almost half of our sample of students could not answer an explain-in-plain-English question, for code consisting of just three assignment statements, which swapped the values in two variables. We regard code that swaps the values of two variables as the simplest case of where a programming student can manifest a SOLO relational response. Our results demonstrate that the problems many students face with understanding code can begin very early, on relatively trivial code. However, using traditional programming exercises, these problems often go undetected until late in the semester. New approaches are required to detect and fix these problems earlier.",openalex,llm,0.940,unreviewed,
discarded,First Things First,James Prather; Raymond Pettit; Brett A. Becker; Paul Denny; Dastyni Loksa; Alani Peters; Zachary Albrecht; Krista Masci,2019,,10.1145/3287324.3287374,https://openalex.org/W2916601118,adjacent-subtopic,"When solving programming problems, novices are often not aware of where they are in the problem-solving process. For instance, students who misinterpret the problem prompt will most likely not form a valid conceptual model of the task and fail to make progress towards a working solution. Avoiding such errors, and recovering from them once they occur, requires metacognitive skills that enable students to reflect on their problem-solving processes. For these reasons, developing metacognitive awareness is crucially important for novice students. Previous research has shown that explicitly teaching key steps of programming problem-solving, and having students reflect on where they are in the problem-solving process, can help students complete future programming assignments. Such metacognitive awareness training can be done through personal tutoring, but can be difficult to implement without a high ratio of instructors to students. We explore a more scalable approach, making use of an automated assessment tool, and conduct a controlled experiment to see whether scaffolding the problem-solving process would increase metacognitive awareness and improve student performance. We collected all code submissions by students in both control and experimental groups, as well as data from direct observation using a think-aloud protocol. We found that students who received the intervention showed a higher degree of understanding of the problem prompt and were more likely to complete the programming task successfully.",openalex,llm,0.870,unreviewed,
discarded,Hello World: Travels In Virtuality,Sue Thomas,2004,DMU Open Research Archive (De Montfort University),,https://openalex.org/W614028858,off-topic-false-hit,"Hello World: travels in virtuality draws together perspectives from environmental writing (Thoreau, Grey Owl), phenomenology (Bachelard, Romanyshyn, Leder), and new media (Turkle, Haraway, Kroker and others) to interrogate the development of cyberculture. It contends that cyberspace is a consciousness that we make together, the outcome of a complex sequencing of collective imagination such as the embodied objectivity described by Haraway and comprising ‘the joining of partial views and halting voices into a collective subject position that promotes a vision of the means of ongoing finite embodiment.’ (Haraway 1991: 196). Hello World is in many ways a sequel to Thomas’s earlier fictional attempts to take hold of the implications of digital experience, although the later book was informed by eight years of navigating hypermedia spaces and so the text, the printed volume, and the accompanying website were all designed to reflect that awareness. As such, it is one of the first UK print books of its kind to launch with a companion website at http://travelsinvirtuality.typepad.com. Hello World has been used as a set text on several graduate courses, most notably ‘Landscape and the Social Imaginary: Romantic Landscape and Cyberspace’ at the University of California, Santa Barbara.",openalex,llm,0.990,unreviewed,
discarded,Saying Hello World with Epsilon – A Solution to the 2011 Instructive Case,Louis M. Rose; Antonio García‐Domínguez; James R. Williams; Dimitrios S. Kolovos; Richard F. Paige; Fiona Polack,2011,Electronic Proceedings in Theoretical Computer Science,10.4204/eptcs.74.27,https://openalex.org/W2156474295,off-topic-false-hit,"Epsilon is an extensible platform of integrated and task-specific languages for model management. With solutions to the 2011 TTC Hello World case, this paper demonstrates some of the key features of the Epsilon Object Language (an extension and reworking of OCL), which is at the core of Epsilon. In addition, the paper introduces several of the task-specific languages provided by Epsilon including the Epsilon Generation Language (for model-to-text transformation), the Epsilon Validation Language (for model validation) and Epsilon Flock (for model migration).",openalex,llm,0.950,unreviewed,
discarded,Nationwide Implementation of Hello World: A Dutch Email-Based Health Promotion Program for Pregnant Women,Mariska Bot; I.E.J. Milder; Wanda JE Bemelmans,2009,Journal of Medical Internet Research,10.2196/jmir.1183,https://openalex.org/W1999283711,off-topic-false-hit,"BACKGROUND: In November 2006, an email-based health promotion program for pregnant women was implemented nationally in the Netherlands. The program consisted of emails containing quizzes with pregnancy-related questions tailored to the number of weeks of pregnancy. Emails were sent out once every 4 weeks, up to a maximum of nine emails. OBJECTIVES: The aims of the study were (1) to assess the recruitment of participants and their representativeness of the Dutch population and (2) to study differences in recruitment, program use, and program appreciation among women with different levels of education. METHODS: Data from 13,946 pregnant women who enrolled during the first year of the program were included. Upon registration, participants were asked how they found out about the program and subsequently received an email questionnaire to assess demographic, lifestyle, and Internet characteristics. Program use was tracked, and participants were classified into five user groups (inactive to very active). Program appreciation (low, intermediate, and high) was assessed twice with an email questionnaire that was sent after the woman had received her third and sixth quiz email. Information about pregnant women and their characteristics was obtained from Dutch registries to assess representativeness of the study population. RESULTS: About 8% of the pregnant women in the Netherlands enrolled in the program. Immigrants were underrepresented, and women with a low level of education seemed to be slightly underrepresented. Most women knew about the program from a promotional email sent by the organization (32%), followed by the Internet (22%) and midwives (16%). Women with little education were more often inactive users of the program than were highly educated women (15% vs 11%, P < .001), whereas highly educated women were more often very active users compared with women with little education (25% vs 20%, P< .001). However, women with less education were more likely than women with more education to have a high appreciation of the program after receiving three quiz emails (52% vs 44%, P = .001). CONCLUSIONS: In this real-life setting, pregnant women can be reached through an email-based health promotion program. Selective engagement by education level remains a challenge.",openalex,llm,0.990,unreviewed,
