status,title,authors,year,venue,doi,url,tags,abstract,provider,decision_source,llm_confidence,llm_review_outcome,llm_change_direction
discarded,“Hello World!” Gwenpool: Marvel’s Camusian absurd hero,Paylor A.J.,2020,Journal of Graphic Novels and Comics,10.1080/21504857.2018.1556174,https://www.scopus.com/inward/record.uri?partnerID=HzOxMe3b&scp=85059583702&origin=inward,off-topic-false-hit,"ABSTRACT Existentialism and comic books have a long association. Existentialist themes within comic books have often been identified and explored by scholars. Such examinations have, however, generally neglected the ideas of Albert Camus. This is perhaps surprising given the popularity of superhero comic books and the fact that one of Camus’s most famous works examines what constitutes an existentialist, absurd, hero. This article seeks to redress this relative neglect. The intention of this article is to demonstrate that the Marvel Comics character Gwenpool embodies the qualities which Camus prescribed to an absurd hero in his philosophical essay ‘The Myth of Sisyphus.’ To achieve this, this article examines Gwenpool’s awareness of what Camus describes as the absurd. That is to say, Gwenpool’s recognition of the antinomy which exists between her desire to live a meaningful life and the meaninglessness of the universe she inhabits. This article then examines Gwenpool’s rejection of two possible responses to the “absurd”: suicide and philosophical suicide. Following this, Gwenpool’s adherence to the third response to the absurd which Camus outlines, and the only response of which he approves, is explored: revolt.",scopus,llm,0.990,unreviewed,
