status,title,authors,year,venue,doi,url,tags,abstract,provider,decision_source,llm_confidence,llm_review_outcome,llm_change_direction
discarded,"‘Hello, world’: GCHQ, Twitter and social media engagement",Liam McLoughlin; Stephen J. A. Ward; Daniel W. B. Lomas,2020,Intelligence & National Security,10.1080/02684527.2020.1713434,https://openalex.org/W3002930097,off-topic-false-hit,"In May 2016, Britain’s signals intelligence agency the Government Communications Headquarters (GCHQ) joined the social media platform Twitter to considerable press fanfare. But to date, no analysis has been undertaken regarding the use and outcomes of social media by the agency - once referred to as Britain's 'most secret'. This article posits that, while the use of social media has allowed the agency to reach out to a new tech-savvy generation, its presence on the platform can sometimes stoke and amplify conspiracy theories affecting issues such as brand identity as GCHQ adopts a new, media friendly approach.",openalex,llm,0.990,unreviewed,
discarded,printf(“hello world\n”);,Michael D. Twa,2015,Optometry and Vision Science,10.1097/opx.0000000000000793,https://openalex.org/W2701927681,off-topic-false-hit,"Hello world is one of the most simple computer programs traditionally run as the first test of a new system.1 I use this title here as a personal introduction and also to announce the launch of several new ventures for Optometry and Vision Science (OVS). First, let me say what an honor and privilege it is to serve as the Editor in Chief. It has been a humbling experience to become better acquainted with the giants who have built the reputation of this journal: Carel Koch, Monroe Hirsch, Mert Flom, Bill Lyle, Mark Bullimore, and Tony Adams. Through their collective vision and achievements, OVS has become an essential part of the global scientific community, with a solid reputation for excellence. As previous editors, teachers, and mentors, Mark Bullimore and Tony Adams have been inspiring leaders for many in optometry. Their passion for science and service to the profession have had a great influence on my career. Their dedication and valuable time invested in the journal are the reasons that OVS is in good standing and poised to grow. It has been my good fortune to know Tony Adams for more than 25 years, but I can honestly say that working closely with Tony during this editorial transition has been one of the highlights of my career. Tony, thank you. WHERE IS OVS NOW? The influence of the journal is undeniably worldwide. Optometry and Vision Science currently has nearly 3500 institutional subscriptions in more than 50 different nations around the world. The journal’s community of readers, authors, reviewers, and editors has grown far beyond the humble beginnings of a regional professional society publication.2 It is no exaggeration to say that clinicians, scientists, educators, and patients around the world have come to depend on the journal, and this important perspective must guide how we move forward from here. A broader community of stakeholders also brings a wider range of topical interests. The scope of discoveries published in the journal currently spans from cellular disease mechanisms to public health policy. Recent discoveries in optical and environmental factors that influence refractive error development have the potential for profound impact.3 Likewise, The Brain Initiative,4 advances in stem cell technology, genetics, adaptive optics, and optical coherence tomography will influence vision science and patient care for decades to come. The journal will continue to publish all areas of discovery that can advance our understanding of vision and patient care. The publication landscape continues to evolve and, although content is highly valuable, quality content is key to the journal’s continued success. Moreover, quality content must also be visible. There are an ever-increasing number of ways to spotlight and showcase content, and we must embrace these. As competition for funding and publishing biomedical research increases, ethical challenges are more frequent too. Predatory publishing, peer-review scandals, plagiarism, and scientific misconduct are all too frequent realities. Maintaining trust and public confidence in research integrity is an essential part of the journal’s broader responsibilities. As the number of submissions to the journal continues to grow, the standards for publication necessarily rise higher. These facts will require evolution in the current review and publication processes while guarding against the potential for scientific misconduct. WHAT DOES THE FUTURE OF OVS LOOK LIKE? From its inception in 1924, what distinguished the journal from other contemporary optometric publications was its founding purpose: to establish a professional journal that will primarily publish scientific papers.2 Excellence in this endeavor will continue to be the primary objective. One fundamental change is the move to publish OVS online. This decision was carefully considered for a period of several years, with input from many stakeholders. Some concerns were loud and clear. The society membership has a strong preference for electronic access to the journal. Moreover, that access must not be overly complicated or burdensome to obtain. To ensure access that is both simple and secure, the publisher is working closely with Academy staff to help make this transition as easy as possible. With online content also comes new ways to explore, communicate, and dynamically interact. An exciting way to explore these possibilities now is to access the newly expanded journal archives. This collection now covers all content published from 1926 to present (http://journals.lww.com/optvissci). As digital content continues to grow and the publishing landscape evolves and adapts, the number and type of metrics designed to quantify journal quality and scientific impact have also expanded. In general, there are metrics designed to capture scientific influence and others that quantify broader media attention. Both have potential value and meaning to investigators, funding agencies, and institutions. The journal will continue to work with our publisher to bring additional visibility to OVS content in multiple ways, e.g., Twitter (@OPTVISSCI) and Facebook. In the coming year, OVS will revise its guidelines for clinical case report submissions. The journal remains committed to clinical content, and any revisions will be designed to increase the depth and relevance for clinical practitioners. What helps OVS stand apart from other journals is not only the scientific quality of its content but also the community that we collectively have fostered. The scientific talent of our reviewers is top-notch. The positive and constructive dialog among our Editorial Board members, scientific reviewers, and authors is unlike almost every other journal. The ownership that this community has for the journal and its important mission are what will continue to differentiate OVS from a growing and competitive field. Michael Twa Editor in Chief Optometry and Vision Science",openalex,llm,0.980,unreviewed,
kept,"Hello, Android: Introducing Google's Mobile Development Platform",Ed Burnette,2009,CERN Document Server (European Organization for Nuclear Research),,https://openalex.org/W1745789731,supports-claim,"is a new software toolkit for mobile phones, created by Google and the Open Handset Alliance. In a few years, it's expected to be found inside millions of cell phones and other mobile devices, making a major platform for application developers. That could be your own program running on all those devices. Getting started developing with is easy. You don't even need access to an phone, just a computer where you can install the SDK and the phone emulator that comes with it. Within minutes, Hello, Android will get you creating your first working application: Android's version of Hello, World. From there, you'll build up a more substantial example: an Sudoku game. By gradually adding features to the game throughout the course of the book, you'll learn about many aspects of programming including user interfaces, multimedia, and the life cycle. If you're a busy developer who'd rather be coding than reading about coding, this book is for you. To help you find what you need to know fast, each chapter ends with Fast forward section. These sections provide guidance for where you should go next when you need to read the book out of order.",openalex,llm,0.950,unreviewed,
kept,Hello World!: Computer Programming for Kids and Other Beginners,Warren Sande; Carter Sande,2009,CERN Document Server (European Organization for Nuclear Research),,https://openalex.org/W310164098,supports-claim,"SUMMARY A gentle but thorough introduction to the world of computer programming, it's written in language a 12-year-old can follow, but anyone who wants to learn how to program a computer can use it. Even adults. Written by Warren Sande and his son, Carter, and reviewed by professional educators, this book is kid-tested and parent-approved. ABOUT THIS BOOK Learn to talk to your computer in its own language! Whether you want to create a game, start a business, or solve an important problem, the first step is learning to write your own programs. Programming is a fun challenge, and it's easy to get started! This updated and revised edition of Hello World! introduces the world of computer programming in a clear and engaging style. Written by Warren Sande and his son, Carter, it is full of examples that will get you thinking and learning. Reviewed by professional educators, this book is kid-tested and parent-approved. You don't need to know about programming to use the book, just the basics of using a computer. If you can start a program and save a file, you'll be off and running! Purchase of the print book includes a free eBook in PDF, Kindle, and ePub formats from Manning Publications. WHAT'S INSIDEExplains concepts in clear language Lots of pictures, cartoons, and fun examples Complete set of practice questions and exercises Illustrated in full colorHello World! uses Python, a programming language designed to be easy to learn. Using fun examples, it brings to life concepts of computing looping, decisions, input and output, data structures, graphicsand many more. ABOUT THE AUTHORS Warren Sande is an electronic systems engineer who uses Python both as a do anything scripting language and as a way to teach computers and programming. Carter Sande is a high school student who is passionate about technology. When he's not fixing his school's network and helping his classmates recover lost homework, he likes to ride his bike and write retro video games. TABLE OF CONTENTSGetting Started Remember This: Memory and Variables Basic Math Types of Data Input GUIsGraphical User Interfaces Decisions, Decisions Loop the Loop Just for YouComments Game Time Nested and Variable Loops Collecting Things TogetherLists and Dictionaries Functions Objects Modules Graphics Sprites and Collision Detection A New Kind of InputEvents Sound More GUIs Print Formatting and Strings File Input and Output Take a ChanceRandomness Computer Simulations Skier Explained Python Battle What's Next?",openalex,llm,0.870,unreviewed,
discarded,Looking Inside the Black-Box: Capturing Data Provenance Using Dynamic Instrumentation,Manolis Stamatogiannakis; Paul Groth; Herbert Bos,2015,Lecture notes in computer science,10.1007/978-3-319-16462-5_12,https://openalex.org/W1577933227,off-topic-false-hit,"Knowing the provenance of a data item helps in ascertaining its trustworthiness. Various approaches have been proposed to track or infer data provenance. However, these approaches either treat an executing program as a black-box, limiting the fidelity of the captured provenance, or require developers to modify the program to make it provenance-aware. In this paper, we introduce DataTracker, a new approach to capturing data provenance based on taint tracking, a technique widely used in the security and reverse engineering fields. Our system is able to identify data provenance relations through dynamic instrumentation of unmodified binaries, without requiring access to, or knowledge of, their source code. Hence, we can track provenance for a variety of well-known applications. Because DataTracker looks inside the executing program, it captures high-fidelity and accurate data provenance.",openalex,llm,0.960,unreviewed,
kept,"Swapping as the Hello World of relational reasoning: replications, reflections and extensions",Donna Teague; Malcolm Corney; Alireza Ahadi; Raymond Lister,2012,QUT ePrints (Queensland University of Technology),,https://openalex.org/W2272461176,adjacent-subtopic,"At the previous conference in this series, Corney, Lister and Teague presented research results showing relationships between code writing, code tracing and code explaining, from as early as week 3 of semester. We concluded that the problems some students face in learning to program start very early in the semester. In this paper we report on our replication of that experiment, at two institutions, where one is the same as the original institution. In some cases, we did not find the same relationship between explaining code and writing code, but we believe this was because our teachers discussed the code in lectures between the two tests. Apart from that exception, our replication results at both institutions are consistent with our original study.",openalex,llm,0.920,unreviewed,
