status,title,authors,year,venue,doi,url,tags,abstract,provider,decision_source,llm_confidence,llm_review_outcome,llm_change_direction
discarded,Python to learn programming,Andrey Bogdanchikov; Meirambek Zhaparov; Rassim Suliyev,2013,Journal of Physics Conference Series,10.1088/1742-6596/423/1/012027,https://openalex.org/W2085661008,adjacent-subtopic,"Today we have a lot of programming languages that can realize our needs, but the most important question is how to teach programming to beginner students. In this paper we suggest using Python for this purpose, because it is a programming language that has neatly organized syntax and powerful tools to solve any task. Moreover it is very close to simple math thinking. Python is chosen as a primary programming language for freshmen in most of leading universities. Writing code in python is easy. In this paper we give some examples of program codes written in Java, C++ and Python language, and we make a comparison between them. Firstly, this paper proposes advantages of Python language in relation to C++ and JAVA. Then it shows the results of a comparison of short program codes written in three different languages, followed by a discussion on how students understand programming. Finally experimental results of students' success in programming courses are shown.",openalex,llm,0.890,unreviewed,
discarded,Students’ Experiences of Using ChatGPT in an Undergraduate Programming Course,Philipp Haindl; Gerald Weinberger,2024,IEEE Access,10.1109/access.2024.3380909,https://openalex.org/W4393065879,off-topic-false-hit,"Increasing use of artificial intelligence tools in programming education calls for a deeper understanding of their effect on students’ learning. This paper presents a study that investigates the experiences of part-time undergraduate students using ChatGPT in a five-week Java programming course. After each exercise, students provided feedback via anonymous surveys in which they rated different suitability aspects of ChatGPT. The majority viewed ChatGPT positively and suitable for learning programming concepts. However, its suitability for specific implementation tasks received mixed reviews. Students found it easy to adapt ChatGPT’s generated code to the exercises’ implementation tasks. The students primarily used it for acquiring background knowledge, learning syntax and programming concepts and suggesting suitable algorithms. Yet, some abstained from using it due to concerns to not garner sufficient programming proficiency, retrieving partially incorrect or misleading generated code, preferring an independent working style, or general skepticism about its benefits. Finally, in response to our findings, we also discuss three perspective directions for improving the suitability of LLM chatbots for students in programming education.",openalex,llm,0.920,unreviewed,
discarded,Teaching and learning introductory programming : a model-based approach,Jens Bennedsen,2008,Duo Research Archive (University of Oslo),,https://openalex.org/W2466857371,adjacent-subtopic,"The dissertation identifies and discusses impact of a model-based approach to teaching and learning introductory object-oriented programming both for practitioners and for computer science education research.Learning to program is notoriously difficult. This dissertation investigates ways to teach introductory object-oriented programming at the university level. It focuses on a model-based approach, describes and argues for this approach and investigates several of its aspects. It gives an overview of the research in teaching introductory programming in an objects-first way. The dissertation also investigates ways for university teachers to share and document best practices in teaching introductory object-oriented programming through pedagogical patterns. The dissertation addresses both traditional young full-time students and experienced programmers (although not in object-orientation) participating in part-time education. It examines whether the same success factors for learning programming apply to a model-based approach as to introductory programming courses in general for full-time students and gives a general overview of research in success factors for introductory programming. Some factors are the same, because students‘ math competence is positively correlated with their success. The dissertation examines how experienced programmers link a model-based programming course to their professional practices. The general answer is that the part-time students do not need to have a direct link to their specific work-practice, they expect to create the link themselves; but the teacher must be aware of the conditions facing the part-time students in industry. Furthermore, the dissertation addresses interaction patterns for part-time students learning model-based introductory programming in a net-based environment. A previously prepared solution to an exercise is found to mediate the interaction in three different ways. Design patterns have had a major impact on the quality of object-oriented software. Inspired by this, researchers have suggested pedagogical patterns for sharing best practices in teaching introductory object-oriented programming. It was expected that university teachers‘ knowledge of pedagogical patterns was limited, but this research proved that to be wrong; about half of the teachers know pedagogical patterns. One of the problems this dissertation identifies is the lack of a structuring principle for pedagogical patterns; potential users have problems identifying the correct patterns to apply. An alternative structuring principle based on a constructivist learning theory is suggested and analysed.",openalex,llm,0.870,unreviewed,
kept,"Hello, World",Meredith Broussard,2018,Artificial Unintelligence: How Computers Misunderstand the World,,https://ieeexplore.ieee.org/document/8555348/,supports-claim,"To understand what computers don't do, we need to start by understanding what computers do well and how they work. To do this, we'll write a simple computer program. Every time a programmer learns a new language, she does the same thing first: she writes a “Hello, world” program. If you study programming at coding boot camp or at Stanford or at community college or online, you'll likely be asked to write one. “Hello, world” is a reference to the first program in the iconic 1978 book The C Programming Language by Brian Kernighan and Dennis Ritchie, in which the reader learns how to create a program (using the C programming language) to print “Hello, world.” Kernighan and Ritchie worked at Bell Labs, the think tank that is to modern computer science what Hershey is to chocolate. (AT&T Bell Labs was also kind enough to employ me for several years.) A huge number of innovations originated there, including the laser and the microwave and Unix (which Ritchie also helped develop, in addition to the C programming language). C got its name because it is the language that the Bell Labs crew invented after they wrote a language called “B.” C++, a still-popular language, and its cousin C# are both descendants of C.",ieee,llm,0.980,unreviewed,
discarded,Alternative Software Stacks for OGSA-based Grids,M. Humphrey; G. Wasson; Y. Kiryakov; S.-M. Park; D. Del Vecchio; N. Beekwilder,2005,SC '05: Proceedings of the 2005 ACM/IEEE Conference on Supercomputing,10.1109/SC.2005.9,https://ieeexplore.ieee.org/document/1559972/,off-topic-false-hit,"The Open Grid Services Architecture (OGSA) has been a major step forward for Grid Computing, but its de facto reliance on the Web Services Resource Framework (WSRF) and WS-Notification have left some in the community questioning if the Grid software and protocols have become too complex. In this paper, we consider the feasibility of an ""alternative"" software stack, based on WS-Transfer and WS-Eventing. We compare and evaluate WSRF/WS-Notification vs. WS-Transfer/WSEventing, first via a ""hello world"" service and then via a more complete Grid scenario for remote execution called ""Grid-in-a-Box"". By qualitatively and quantitatively evaluating each approach, we find that while subtle differences exist (e.g., the naming of resources, the creation of resources), the stacks are overwhelmingly equivalent in their functionality and implied performance. Overall, this paper uniquely shows that there could be alternative software stacks for OGSA-based Grids.",ieee,llm,0.960,unreviewed,
kept,Critical Code Studies: A Manifesto,Mark C. Marino,2020,Critical Code Studies,,https://ieeexplore.ieee.org/document/9085518/,supports-claim,"“Hello, World” is one of the first programs that students customarily write in a programming language they are attempting to learn. The program, usually only a few lines of code, causes the computer to output a greeting, as if it were speaking. The LISP (list-processing language) version of such a program, for example, looks like this:",ieee,llm,0.970,unreviewed,
discarded,Front Matter,Noam Nisan; Shimon Schocken,2008,The Elements of Computing Systems: Building a Modern Computer from First Principles,,https://ieeexplore.ieee.org/document/6300249/,off-topic-false-hit,"This chapter contains sections titled: Half Title, Title, Copyright, Dedication, Contents, Preface, Introduction: Hello, World Below",ieee,llm,0.950,unreviewed,
discarded,Walking through an application with visual C++,W.L. Whipple,1996,Professional Program Proceedings. ELECTRO '96,10.1109/ELECTR.1996.501254,https://ieeexplore.ieee.org/document/501254/,off-topic-false-hit,"This paper is a brief tutorial for the development process for the most common windows application type using Microsoft's Visual C++ development environment for Windows '95. It is intended as a lead-in to a demonstration and walkthrough of an application. There are many excellent books on the subject, among them David Kruglinkski's Inside Visual C++ (versions 1-4 corresponding to VC++ versions). VC++ writes the skeleton of a C++ windows application; the developer must then fill in the details to achieve the desired behaviour. The application developed here is significantly less than even a simple application and more than a typical Hello World! application. Its purpose is to show how to navigate through the common features of the Microsoft Visual C++ Version 4.0 workspace to construct the skeleton of an application.",ieee,llm,0.910,unreviewed,
kept,SvelteKit Up and Running: Leverage the power of a next-generation web framework to build high-performance web apps with ease,Dylan Hildenbrand,2023,SvelteKit Up and Running: Leverage the power of a next-generation web framework to build high-performance web apps with ease,,https://ieeexplore.ieee.org/document/10251285/,supports-claim,"Learn how to leverage the officially supported Svelte framework to build faster and more powerful web applications by following along with real-world scenarios.Key FeaturesDevelop JavaScript applications with an intuitive and beginner-friendly frameworkGrasp the core concepts of SvelteKit effortlessly with real-world examplesDiscover how SvelteKit minimizes obstacles in building modern web applications, enhancing productivity and efficiencyBook DescriptionThe JavaScript ecosystem has grown vast, complex, and daunting for newcomers. Fortunately, SvelteKit has emerged, simplifying the process of building JavaScript-based web applications. This book aims to demystify SvelteKit, making it as approachable as it makes web app development. With SvelteKit Up and Running you’ll be introduced to the philosophy and technologies underlying SvelteKit. First, you’ll follow a standard educational programming approach, progressing to a 'Hello World' application. Next, you’ll explore the fundamental routing techniques, data loading management, and user submission, all through real-world scenarios commonly encountered in day-to-day development, before discovering various adapters employed by SvelteKit to seamlessly integrate with diverse environments. You’ll also delve into advanced concepts like dynamic route management, error handling, and leveraging SvelteKit to optimize SEO and accessibility. By the end of this book, you’ll have mastered SvelteKit and will be well-equipped to navigate the complexities of web app development.What you will learnGain a comprehensive understanding of the core technologies of SvelteKitDive deep into SvelteKit's file-based routing system and uncover basic and advanced conceptsMaster code organization in SvelteKit through effective data-loading techniquesElevate your application's visibility by incorporating SEO and accessibilityStreamline the deployment process of your SvelteKit apps by using adaptersOptimize your SvelteKit app by exploring various configuration and tooling optionsWho this book is forThis book is for web developers aiming to enhance their SvelteKit skills. Whether you're selecting your first JavaScript framework or seeking to stand out among job applicants by adding the latest technology to your resume, this book is your ultimate guide to becoming a SvelteKit master. A solid understanding of HTML, CSS, JavaScript, and Svelte is a must.",ieee,llm,0.870,unreviewed,
kept,Mastering Transformers: Build state-of-the-art models from scratch with advanced natural language processing techniques,Savaş Yıldırım; Meysam Asgari- Chenaghlu,2021,Mastering Transformers: Build state-of-the-art models from scratch with advanced natural language processing techniques,,https://ieeexplore.ieee.org/document/10163524/,supports-claim,"Take a problem-solving approach to learning all about transformers and get up and running in no time by implementing methodologies that will build the future of NLPKey FeaturesExplore quick prototyping with up-to-date Python libraries to create effective solutions to industrial problemsSolve advanced NLP problems such as named-entity recognition, information extraction, language generation, and conversational AIMonitor your model's performance with the help of BertViz, exBERT, and TensorBoardBook DescriptionTransformer-based language models have dominated natural language processing (NLP) studies and have now become a new paradigm. With this book, you'll learn how to build various transformer-based NLP applications using the Python Transformers library. The book gives you an introduction to Transformers by showing you how to write your first hello-world program. You'll then learn how a tokenizer works and how to train your own tokenizer. As you advance, you'll explore the architecture of autoencoding models, such as BERT, and autoregressive models, such as GPT. You'll see how to train and fine-tune models for a variety of natural language understanding (NLU) and natural language generation (NLG) problems, including text classification, token classification, and text representation. This book also helps you to learn efficient models for challenging problems, such as long-context NLP tasks with limited computational capacity. You'll also work with multilingual and cross-lingual problems, optimize models by monitoring their performance, and discover how to deconstruct these models for interpretability and explainability. Finally, you'll be able to deploy your transformer models in a production environment. By the end of this NLP book, you'll have learned how to use Transformers to solve advanced NLP problems using advanced models.What you will learnExplore state-of-the-art NLP solutions with the Transformers libraryTrain a language model in any language with any transformer architectureFine-tune a pre-trained language model to perform several downstream tasksSelect the right framework for the training, evaluation, and production of an end-to-end solutionGet hands-on experience in using TensorBoard and Weights & BiasesVisualize the internal representation of transformer models for interpretabilityWho this book is forThis book is for deep learning researchers, hands-on NLP practitioners, as well as ML/NLP educators and students who want to start their journey with Transformers. Beginner-level machine learning knowledge and a good command of Python will help you get the best out of this book.",ieee,llm,0.820,unreviewed,
discarded,ISMAR demo chairs,Andreas Simon; Daniel Wagner; Sean White,2011,2011 10th IEEE International Symposium on Mixed and Augmented Reality,10.1109/ISMAR.2011.6092345,https://ieeexplore.ieee.org/document/6162846/,off-topic-false-hit,"We are very happy to present the ISMAR 2011 Demonstrations Program. Demos embody ""hello world"" - the slogan of this year's ISMAR conference - and have a special place in the consciousness of the community. They provide us with our first glimpse of new ideas, a venue for directly interacting with implemented versions of novel concepts, and an opportunity to engage with the people of this community in the context of their work.",ieee,llm,0.980,unreviewed,
discarded,"The Missing Link: Explaining ELF Static Linking, Semantically","Kell, Stephen; Mulligan, Dominic P.; Sewell, Peter",2016,ACM SIGPLAN NOTICES,10.1145/3022671.2983996,https://www.webofscience.com/wos/woscc/full-record/WOS:000393581000035,off-topic-false-hit,"Beneath the surface, software usually depends on complex linker behaviour to work as intended. Even linking hello_world. c is surprisingly involved, and systems software such as libc and operating system kernels rely on a host of linker features. But linking is poorly understood by working programmers and has largely been neglected by language researchers.

In this paper we survey the many use-cases that linkers support and the poorly specified linker speak by which they are controlled: metadata in object files, command-line options, and linker-script language. We provide the first validated formalisation of a realistic executable and linkable format (ELF), and capture aspects of the Application Binary Interfaces for four mainstream platforms (AArch64, AMD64, Power64, and IA32). Using these, we develop an executable specification of static linking, covering (among other things) enough to link small C programs (we use the example of bzip2) into a correctly running executable. We provide our specification in Lem and Isabelle/HOL forms. This is the first formal specification of mainstream linking. We have used the Isabelle/HOL version to prove a sample correctness property for one case of AMD64 ABI relocation, demonstrating that the specification supports formal proof, and as a first step towards the much more ambitious goal of verified linking. Our work should enable several novel strands of research, including linker-aware verified compilation and program analysis, and better languages for controlling linking.",wos,llm,0.970,unreviewed,
kept,A SIMPLE GRAPHICAL FRAMEWORK FOR THE ACQUISITION OF BASIC C PROGRAMMING SKILLS,"Mihic, Srdan; Ivetic, Dragan",2012,"LEVERAGING TECHNOLOGY FOR LEARNING, VOL II",10.5682/2066-026X-12-138,https://www.webofscience.com/wos/woscc/full-record/WOS:000316711900047,qualifies-claim,"The introductory (and only) C programming course at the freshmen's year of Animation Engineering (AE) degree proved to be a challenge, despite 20 years of experience in teaching programming courses. Examples of data abstraction and understanding of control structures and expressions in the C programming language had to be brought closer to students who have shown interest in computer graphics and animation, and thus have chosen to pursue AE degree. Instead of a classical first program - ""Hello world"", their first program should show a simple graphical object even it is just a single point. Specifically, students will programmatically control the execution of C program from a console window, whereas graphical window will be used as program's output. We have chosen to use the Microsoft Visual Studio 2010 integrated development environment (IDE) for this course as it is commonly used in our other C programming courses. Therefore, it had to be adapted to the needs and skills of the AE students. This was accomplished by enabling students to draw graphical objects on a simple 2D graphics canvas but without the need to possess any knowledge of computer graphics. For that purpose, several graphical libraries, including: openBGI, GDI, OpenGL and DirectX, were considered to accommodate the graphical component in the chosen IDE. They were compared according to ease of use, debugging support and documentation availability, from the perspective of absolute programming beginners. We have found that none of them are suitable for first time programmers. Because of this, we have implemented a lightweight wrapper graphical framework that abstracts and hides the underlying complexity of libraries used for drawing on a graphical canvas and window management. The framework offers clean design and ease of use. It provides only a small subset of 2D drawing and window management functions. All framework functions have a reduced number of parameters compared to their underlying counterparts as they set as many parameters as possible to predefined values. In addition, the names of functions are shorter than their counterparts. This way, students have to memorize less and can produce working code faster which should enhance their productivity. This framework, combined with compelling examples and assignments, should help students learn programming with ease.",wos,llm,0.980,unreviewed,
