status,title,authors,year,venue,doi,url,tags,abstract,provider,decision_source,llm_confidence,llm_review_outcome,llm_change_direction
kept,Mail merge as a first programming language,Jeffrey L. Popyack; Nira Herrmann,1993,ACM SIGCSE Bulletin,10.1145/169073.169367,https://openalex.org/W4233905109,qualifies-claim,"The 'mail merge' or 'form letter' feature prevalent in most word processors provides many features which make it desirable for a first introduction to the art of computer programming. We demonstrate how key concepts are introduced in an environment easily understood by the student, including variables and identifiers, the importance of order in specifying input, data files, output files, IF/THEN/ELSE statements, nested and compound IF statements, issues of syntax vs. semantics, garbage in/garbage out, debugging, and the creation of output through specifications written in a language understood by the computer.",openalex,llm,0.940,unreviewed,
kept,Smart Contracts and Dapps: From Theory to Practice,Brian Wu; Bridget Wu,2022,Apress eBooks,10.1007/978-1-4842-8808-5_5,https://openalex.org/W4312201661,supports-claim,"Brian Kernighan, a computer scientist, wrote the first ""Hello, World!"" program in 1972 for the language B to be used internally at Bell Labs. Brian wrote a manual titled A Tutorial Introduction to the Language B to demonstrate how to use B's language. From there, this popular text spread quickly. It was used in a Bell Laboratories memo in 1974, as well as The C Programming Language in 1978. ""Hello, World!"" remains popular to this day. It became a standard for new programmers for their first program. This particular piece of code proves your code syntax, compiles, and executes to consistently produce the desired output. ""Hello, World!"" offers the code in more than 60 programming languages.",openalex,llm,0.990,unreviewed,
kept,Working with Scilab,Sandeep Nagar,2017,Apress eBooks,10.1007/978-1-4842-3192-0_2,https://openalex.org/W2767314133,supports-claim,"As explained in Chapter 1, there are two ways to work within Scilab. The first way is to work at the command line by typing one command at a time. The partition titled ”Scilab 6.0.0 Console” (shown in the middle part of Figure 1-1) presents the command line where the cursor is shaped as −− > . You can write commands here for immediate execution. As an example, let’s start with writing the first program of any programming language—printing the words Hello World at the command prompt.",openalex,llm,0.970,unreviewed,
kept,Flowgorithm: Principles for Teaching Introductory Programming Using Flowcharts,Devin D. Cook,2025,,10.18260/1-2-1153-54443,https://openalex.org/W4409667897,qualifies-claim,"For students, the task of learning their first programming language can be compounded by the challenges of syntax, semantics and superfluous code.Historically, programming languages had a gentle learning curve requiring little syntactic or semantic overhead.Modern object-oriented languages, however, create a conceptual hurdle.Even the trivial Hello World program contains syntactic and semantic complexity far beyond the level of a beginning student.This paper introduces Flowgorithma programming environment which allows students, with little to no programming experience, create programs using the visual metaphor of flowcharts.These flowcharts can be executed directly by the built-in interpreter allowing students to learn programming concepts before being confronted with language-specific syntax and semantics.Flowgorithm provides an integrated learning path so students can apply their knowledge to a ""real"" programming language.The flowcharts can be interactively translated to over 10 programming languages.These include: C#, C++, Delphi/Pascal, Java, JavaScript, Lua, Python, Ruby, Visual Basic .NET, and Visual Basic for Applications.This allows a natural transition from the simple procedural logic of flowcharts to the more common object oriented languages used by universities today.",openalex,llm,0.960,unreviewed,
discarded,Teaching Programming Principles through a Game Engine,Cristiane Camilo Hernandez; Luciano Silva; Rafael Alencar Segura; Juliano Schimiguel; Manuel Fernández Paradela Ledón; Luis Naito Mendes Bezerra; Ismar Frango Silveira,2010,CLEI electronic journal,10.19153/cleiej.13.2.3,https://openalex.org/W2134461069,adjacent-subtopic,"Teaching fundamental programming to freshmen is a hard task to be performed, given the high level of abstraction and logical reasoning that are required for these students to develop in a very early stage of their course. This paper presents a discussion about this topic, along with a case study where computer games are meant to be developed by students in a first programming course, through the use of a game engine which allow students to develop fundamental programming skills without having to learn syntax and idiosyncrasies of any programming language.",openalex,llm,0.800,unreviewed,
kept,Introducing C++/CLI,,2007,Apress eBooks,10.1007/978-1-4302-0282-0_1,https://openalex.org/W4255419852,supports-claim,"This chapter introduces the C++/CLI language extensions to C++ and shows you the classic “Hello, World” example in C++/CLI. You’ll learn just enough about the runtime environment that executes your C++/CLI programs to get started with your first program. You’ll also learn some of the features available in that environment, including access to the .NET Framework (or the CLI class libraries), the common type system, and other helpful features such as garbage collection. These keywords were added by machine and not by the authors. This process is experimental and the keywords may be updated as the learning algorithm improves.",openalex,llm,0.950,unreviewed,
discarded,Testing object-oriented programs,John Rosenberg; Michael Kölling,1997,,10.1145/268084.268115,https://openalex.org/W2032255374,adjacent-subtopic,"One of the major diJ%xdties facing anyone trying to teach the first programming course is how to encourage students to thoroughly test their programs. We would argue that the main reasons for this are the lack of suitable tools for testing and the need to write extra ""debug"" code in order to verify correct operation. Wefurther argue that the problem is even worse with object-oriented languages because of multiple classes and encapsulation. In this paper we describe the testing tools within the Blue programming environment which allow object-oriented programs to be thoroughly tested without writing a single line of new code,",openalex,llm,0.840,unreviewed,
discarded,Testing object-oriented programs,John Rosenberg; Michael Kölling,1997,ACM SIGCSE Bulletin,10.1145/268085.268115,https://openalex.org/W3031922254,adjacent-subtopic,"One of the major difficulties facing anyone trying to teach the first programming course is how to encourage students to thoroughly test their programs. We would argue that the main reasons for this are the lack of suitable tools for testing and the need to write extra ""debug"" code in order to verify correct operation. We further argue that the problem is even worse with object-oriented languages because of multiple classes and encapsulation. In this paper we describe the testing tools within the Blue programming environment which allow object-oriented programs to be thoroughly tested without writing a single line of new code.",openalex,llm,0.840,unreviewed,
discarded,ASPA : a static analyser to support learning and continuous feedback on the first programming course,Roope Luukkainen,2020,LUTPub (LUT University),,https://openalex.org/W3048004608,adjacent-subtopic,"For decades there have been arguments how to teach programming in the first programming course (CS1). In addition, supportive intervention methods to improve students' learning and methods to improve assessment process have been widely studied. There are various successful methods to each topic separately, but only a few of them fit for both. In general, varying software tools have been beneficial for both, but they are usually in English and dedicated for a specific course. In LUT University CS1 course with Python is lectured in Finnish. Therefore, ASPA (Abstrakti SyntaksiPuu Analysaattori) was created to satisfy needs for both Finnish and English feedback. ASPA is a static analyser tool, which utilises abstract syntax trees to detect coding convention violations from students' Python file submissions. Feedback is beneficial for the student while studying programming topics and for course staff while assessing student submissions. ASPA and its functionality were validated by expert evaluations, user testing and analysing course submissions.",openalex,llm,0.860,unreviewed,
discarded,SELECTING A FIRST PROGRAMMING LANGUAGE TO TEACH PROSPECTIVE TEACHERS CASE EXAMPLES FROM TWO PROGRAMS,,2009,Issues in Information Systems,10.48009/2_iis_2009_128-137,https://openalex.org/W2106075228,adjacent-subtopic,"The purpose of this paper is to identify the factors that influence the decision to select a programming language to teach students enrolled in a graduate level course in education. The paper illustrates the experience of two degree programs: First, the master degree of business education (M.Ed.) at",openalex,llm,0.820,unreviewed,
discarded,Choosing the First Educational Programming Language,Vladyslav Kruglyk; M. S. Lvov,2012,,10.55056/ceur-ws.org/vol-848/icteri-2012-ceur-ws-paper-37-p-188-198.pdf,https://openalex.org/W2402309474,adjacent-subtopic,The article describes requirements to educational programming languages and considers the use of Python as the first programming language. The issues of introduction of this programming language into teaching and replacing Pascal by Python are examined. The advantages of such approach are regarded. The comparison of popular programming languages is represented from the point of view of their convenience of use for teaching algorithmization and programming.,openalex,llm,0.840,unreviewed,
discarded,New tools and methodologies for programming languages learning using the scribbler robot and Alice,Sebastian Londono Salcedo; Ana Maria Orozco Idrobo,2011,,10.1109/fie.2011.6142923,https://openalex.org/W1985489019,adjacent-subtopic,"Today is often raised the question, what happened to engineering? Each day are less aspiring to such programs, and we need to find innovative ways to motivate students, encouraging learning fun, and that his time, guaranteeing a solid covering topics that are usually evaluated in the first programming courses, some of the tools that were used during the experience at the University Icesi for teaching programming and Alice were Scribble robot, the which allowed students to interact with the fast world of programming. The teaching methodology had proven that through it the student can interact with a friendly interface that let users explore and use the concepts seen in the programming courses, encouraging students to improve their capacity through algorithmic understanding. Working with new strategies in the teaching of computer courses, is a fundamental pillar in the education of future engineers, given that capacity building fosters algorithmic analysis and problem solving skills as required by engineers. This paper will present the progress and results obtained using different programming interfaces and robots, as a complement to the basic algorithms and programming languages. It also will review the differences between traditional teachings vs. new tools for learning.",openalex,llm,0.780,unreviewed,
discarded,Making algorithms work for us,Arlindo L. Oliveira,2018,Nature Electronics,10.1038/s41928-018-0138-5,https://openalex.org/W2891963645,off-topic-false-hit,,openalex,llm,0.910,unreviewed,
kept,Hello World!,,2007,Apress eBooks,10.1007/978-1-4302-0303-2_3,https://openalex.org/W4235431997,supports-claim,"There is a tradition in the world of programming for the first program you write to display the words “Hello World!” on the screen. In keeping with tradition, I’m going to show you how to create a simple version of this program for SPOT. This will allow me to demonstrate one of the simplest blocks included with the NXT software—the DISPLAY block. Once we’ve taken care of tradition, I’ll show you the rest of the DISPLAY block’s features. These keywords were added by machine and not by the authors. This process is experimental and the keywords may be updated as the learning algorithm improves.",openalex,llm,0.980,unreviewed,
kept,Hello World!,,2010,Apress eBooks,10.1007/978-1-4302-2977-3_3,https://openalex.org/W4241377762,supports-claim,"There is a tradition in the world of programming for the first program you write to display the words “Hello World!” on the screen. In keeping with tradition, I’m going to show you how to create a simple version of this program for SPOT. This will allow me to demonstrate one of the simplest blocks included with the NXT software—the DISPLAY block. Once you’ve taken care of tradition, I’ll show you the rest of the DISPLAY block’s features. These keywords were added by machine and not by the authors. This process is experimental and the keywords may be updated as the learning algorithm improves.",openalex,llm,0.980,unreviewed,
kept,"Hello, World!",Chris Minnick,2022,,10.1002/9781119685630.ch1,https://openalex.org/W4210984149,supports-claim,"Since the beginning of time, the first program anyone learns to build in any new programming language is a program that displays the words “Hello, World.” This chapter helps the readers to learn how to use React without a toolchain, how to write first React application, and how to make and modify a React application built with Create React App. Most React application development uses a build toolchain running in Node as its foundation. Although it's possible to use React without a toolchain by including the UMD build into an HTML file, this is far from an ideal way to do anything but a simple application. The history of React has been one of gradually refining the methods and tools used to write React to make it easier for developers.",openalex,llm,0.960,unreviewed,
kept,Hello World!,Syed R. Rizvi,2016,,10.1201/b11682-7,https://openalex.org/W4233785049,supports-claim,"This chapter aims to understand a typical assembly program development environment. It also aims to develop conversion programs such as hexadecimal to corresponding ASCII value. One of the simplest programs possible in most of the programming languages is a “Hello World!” program. This program prints out “Hello World!” on a display device such as a computer monitor. A “Hello World!” program has become the traditional first program that many people learn. Experienced programmers learning new languages can gain information about a given language’s syntax and structure from a “Hello World!” program. The chapter provides hands-on assembly coding exposure so that the theoretical knowledge of instructions, decision making, loops, and subroutines, can be utilized in executing microcontroller programs on the EVBU. Many assemblers allow several command-line options, so using a MAKE utility or batch file can be used to assemble programs.",openalex,llm,0.980,unreviewed,
discarded,Self-reference is an illustrative essential,Owen Astrachan,1994,ACM SIGCSE Bulletin,10.1145/191033.191131,https://openalex.org/W3080473850,adjacent-subtopic,"This paper includes an abstract, a discussion of the usefulness of self-reference in early computer science courses, and some examples to illustrate this usefulness. Most readers will not be troubled by this example of self-referential writing. Why then is self-reference, usually in the form of recursive subprograms, thought to be so onerous as to be placed in its own left-until-the-end-and-often-uncovered chapter in most introductory texts? Self-reference is one of the cornerstones of computer science from the unsolvability of the halting problem, to writing a Pascal compiler in Pascal, to reveling in the beauty of Quicksort. We argue that the notion of self-reference should permeate first courses in computer science. If this is to be the case such courses should take a view far broader than “Wow, I can average 10 numbers with the skills I learned in my first programming course!”",openalex,llm,0.810,unreviewed,
kept,Teach yourself Borland Delphi 4 in 21 days,Kent Reisdorph,1998,Sams Pub. eBooks,,https://openalex.org/W628045371,supports-claim,"WEEK 1 - AT A GLANCE. 1. Getting Started With Delphi. What Is Delphi? A Quick Look at the Delphi IDE. Your First Program: Hello World. Your Second Program: Hello World, Part II. Object Pascal Language Overview. Summary. Workshop. 2. More On Pascal. if, then, else. Using Loops. The case Statement. Scope. Records. Functions, Procedures, and Methods. Summary. Workshop. 3. Classes And Object-Oriented Programming. Sets. Casting. Pointers. What's a Class? Anatomy of a Class. Inheritance. Summary. Workshop. 4. The Delphi IDE Explored. The Delphi IDE. Projects in Delphi. The Delphi Main Menu and Toolbar. Using the Component Palette. A Multiple-Form Application. Compiling and Building Other Object Pascal Programs. More About Delphi Forms. The Object Inspector. The Events Page. Dockable IDE Windows. An MDI Sample Program. Summary. Workshop. 5. The Visual Component Model. Frameworks Fundamentals. The Visual Component Library. VCL Explored. Summary. Workshop. 6. Working With The Form Designer and The Menu Designer. Working with the Form Designer. Building an Example Application. May I See a Menu, Please? Pop-Up Menus (Context Menus). Summary. Workshop. 7. VCL Components. A Review of Components. The Name Property. Important Common Properties. Primary Methods of Components. Common Events. TStrings. Standard Windows Control Components. The Panel Component. And That's Not All. The Common Dialog Boxes. Summary. Workshop. WEEK 1 - IN REVIEW. WEEK 2 - AT A GLANCE. 8. Creating Applications In Delphi. Working with the Object Repository. Building Forms and Applications with the Wizards. Adding Methods and Data Fields to Code. Creating Component Templates. Using Resource Files. Using Packages. Summary. Workshop. 9. Projects, The Code Editor, and The Code Explorer. Everyone Needs a Project. Using the Project Manager. Understanding Project Options. The Delphi Code Editor. The Code Explorer. Summary. Workshop. 10. Debugging Your Applications. Why Use the Debugger? The Debugging Menu Items. Using Breakpoints. Simple Breakpoints. Watching Variables. The Debug Inspector. Other Debugging Tools. Stepping Through Your Code. Debugging a DLL. The Event Log Window. The Module Window. Debugging Techniques. Debugger Options. Summary. Workshop. 11. Delphi Tools and Options. Using the Image Editor. WinSight: Spying on Windows. TDUMP. The Package Collection Editor. Configuring the Delphi Tools Menu. Setting the Environment Options. Summary. Workshop. 12. Graphics and Multimedia Programming. Graphics the Easy Way. Device Contexts and TCanvas. GDI Objects. Basic Drawing Operations. Offscreen Bitmaps. Multimedia Programming. CD Audio. Summary. Workshop. 13. Beyond The Basics. Creating Window Decorations. Adding Functionality with Command Enabling. Command Enabling with TActionList and TAction. Printing in Delphi Applications. Using Cursors. Summary. Workshop. 14. Advanced Programming. Implementing Context-Sensitive Help. Checking Errors with Exception Handling. Using the Registry. Implementing Specialized Message Handling. Summary. Workshop. WEEK 2 - IN REVIEW. WEEK 3 - AT A GLANCE. 15. COM and ActiveX. Understanding COM. Understanding ActiveX. Web Deploying ActiveX Controls and ActiveForms. Summary. Workshop. 16. Delphi Database Architecture. Database Basics. The Borland Database Engine. Delphi Database Components. Client/Server Database Components. Creating a BDE Alias. Summary. Workshop. 17. Building Database Forms. The Database Form Wizard. Creating Database Forms by Hand. A Closer Look at the Data Components. The DBCheckBox Component. Summary. Workshop. 18. Building Database Applications. Nonvisual Database Programming. Using Data Modules. Creating Reports. Deploying a Delphi Database Application. Summary. Workshop. 19. Creating and Using DLLs. DLL Overview. Anatomy of a DLL Unit. The Basics of DLL Writing. Loading DLLs. Calling Functions and Procedures Located in DLLs. Creating a DLL Project with the Object Repository. Using Forms in DLLs. Using Resources in DLLs. Creating a Resource DLL. Summary. Workshop. 20. Creating Components. Creating a New Component. Component Properties and Methods. Adding Functionality to TFlashingLabel. Testing the Component. Adding the Component to the Component Palette. Writing Events for Components. Putting It All Together. Summary. Workshop. 21. Delphi and C++Builder. Similarities Between Delphi and C++Builder. Differences Between Delphi and C++Builder. Converting from Delphi to C++Builder. Summary. Workshop. WEEK 3 - IN REVIEW. BONUS DAY - Building Internet Applications. Internet Components Available in Delphi. Building a Web Browser. Using Internet Explorer as an ActiveX Control. Sending Mail. Deploying Internet Applications. Summary. Workshop. APPENDIXES. A. Answers to The Quiz Questions. Day 1. Day 2. Day 3. Day 4. Day 5. Day 6. Day 7. Day 8. Day 9. Day 10. Day 11. Day 12. Day 13. Day 14. Day 15. Day 16. Day 17. Day 18. Day 19. Day 20. Day 21. Bonus Day. B. Delphi Internet Resources. INPRISE Corporation. Commercial Web Sites. User Web Sites. Newsgroups. Publications. Index.",openalex,llm,0.930,unreviewed,
discarded,"On Software, or the Persistence of Visual Knowledge",Wendy Hui Kyong Chun,2005,Grey Room,10.1162/1526381043320741,https://openalex.org/W2119905147,off-topic-false-hit,,openalex,llm,0.730,unreviewed,
