status,title,authors,year,venue,doi,url,tags,abstract,provider,decision_source,llm_confidence,llm_review_outcome,llm_change_direction
discarded,"Hello, Worlds: A Ludic Theory of Cognition",Steve Wilcox,2024,Games and Culture,10.1177/15554120241303322,https://openalex.org/W4405259783,off-topic-false-hit,"This article lays the foundation for a ludic theory of cognition. At the core of this approach are two theories of mind and world brought into dialogue with one another: enactive cognition and ludic sociology. Combining these two approaches results in a theory of cognition in which social agents and game players alike rely on cognitive play to enact and inhabit worlds of meaning and significance. In the first section of the article, I draw out the relationship between enactive cognition and cultural theorist Pierre Bourdieu's ludic sociology, consolidating them into a ludic theory of cognition. In the second section, I examine how the ludic nature of cognition facilitates and inhibits understanding between agents and players, such that cognitive play itself is seen as the means by which we understand ourselves, each other, and the worlds around us.",openalex,llm,0.990,unreviewed,
discarded,AspectC++ – An AOP Extension for C++,Olaf Spinczyk; Daniel Lohmann; Matthias Urban,2005,,,https://openalex.org/W164100725,off-topic-false-hit,"More and more software developers get in touch with aspect-oriented programming (AOP). By providing means to modularize the implementation of crosscutting concerns, it stands for more reusability, less coupling between modules, and better separation of concerns in general. Today, solid tool support for AOP is available, for instance, by JBoss (JBoss AOP), BEA (AspectWerkz), and IBM (AspectJ and the AJDT for Eclipse). However, all these products are based on the Java language. For C and C++ developers none of the key players offers AOP support, yet. This article introduces AspectC++, which is an aspectoriented language extension for C++. A compiler for AspectC++, which transforms the source code into ordinary C++ code, is developed as an open source project. The AspectC++ project began with a research prototype in 2001 that has gained maturity over the years. Today, the AspectC++ language and weaver has been successfully applied in a number of real-world projects in industry and academia and IDE integration into Eclipse and Microsoft VisualStudio.NET makes the first steps a child’s play. Our AspectC++ introduction will start with an example that can be considered the “Hello World” of AOP. It will illustrate the basic language elements like aspects, pointcuts, and advice, which some readers might already know from the AspectJ language. We will then quickly step beyond these AspectJ-like language elements by looking into an AspectC++ version of the well-known observer pattern and into “Generic Advice”. This unique AspectC++ feature combines the power of aspects with generic and generative programming in C++.",openalex,llm,0.970,unreviewed,
kept,"Hello, world",Komal Aheer; A. Cameron Macdonell,2021,ACM SIGCAS Computers and Society,10.1145/3447892.3447896,https://openalex.org/W3124281909,supports-claim,We have created a cross-institution activity to explore the outcomes of an Internationalization at Home (IaH) initiative conducted to expose first year computer science students to the concept of computing for social good in an international context. In doing so we explore how differences in culture can influence students' perceptions and approaches to computing for social good.,openalex,llm,0.800,unreviewed,
discarded,Revised 6 Report on the Algorithmic Language Scheme,Michael Sperber; R. Kent Dybvig; Matthew Flatt; ANTON VAN STRAATEN; Robby Findler; Jacob Matthews,2009,Journal of Functional Programming,10.1017/s0956796809990074,https://openalex.org/W2101225843,off-topic-false-hit,"Abstract Programming languages should be designed not by piling feature on top of feature, but by removing the weaknesses and restrictions that make additional features appear necessary. Scheme demonstrates that a very small number of rules for forming expressions, with no restrictions on how they are composed, suffice to form a practical and efficient programming language that is flexible enough to support most of the major programming paradigms in use today. Scheme was one of the first programming languages to incorporate first-class procedures as in the lambda calculus, thereby proving the usefulness of static scope rules and block structure in a dynamically typed language. Scheme was the first major dialect of Lisp to distinguish procedures from lambda expressions and symbols, to use a single lexical environment for all variables, and to evaluate the operator position of a procedure call in the same way as an operand position. By relying entirely on procedure calls to express iteration, Scheme emphasized the fact that tail-recursive procedure calls are essentially gotos that pass arguments. Scheme was the first widely used programming language to embrace first-class escape procedures, from which all previously known sequential control structures can be synthesized. A subsequent version of Scheme introduced the concept of exact and inexact number objects, an extension of Common Lisp's generic arithmetic. More recently, Scheme became the first programming language to support hygienic macros, which permit the syntax of a block-structured language to be extended in a consistent and reliable manner.",openalex,llm,0.960,unreviewed,
discarded,"Exploring the reach and program use of hello world, an email-based health promotion program for pregnant women in the Netherlands",Johanna M. van Dongen; Mireille N. M. van Poppel; I.E.J. Milder; Hans van Oers; Johannes Brug,2012,BMC Research Notes,10.1186/1756-0500-5-514,https://openalex.org/W2120078833,off-topic-false-hit,"BACKGROUND: In 2006, the Dutch government initiated Hello World, an email-based program promoting healthy lifestyles among pregnant women through quizzes with pregnancy-related questions. In 2008, an updated version was released.The present study aimed to (1) examine the reach of Hello World and the representativeness of its users for all pregnant women in the Netherlands, (2) explore the relationship between program engagement and lifestyle characteristics, and (3) explore the relationship between the program content participants accessed (content on smoking, physical activity, and nutrition) and their lifestyle characteristics. METHODS: Data from 4,363 pregnant women were included. After registration, women received an online questionnaire with demographic and lifestyle questions. To evaluate their representativeness, their demographic characteristics were compared with existing data for Dutch (pregnant) women. Women were classified on the following lifestyle characteristics: smoking, nutrition, physical activity, and pre-pregnancy weight status. Program use was tracked and the relationships between lifestyle characteristics, program engagement, and the percentage of smoking, physical activity, and nutrition questions accessed after opening a quiz were explored using Mann-Whitney U tests and Kruskal-Wallis tests. RESULTS: Hello World reached ±4% of its target population. Ten percent of participants were low educated and 22% immigrants. On average, women received 6.1 (SD:2.8) quiz emails and opened 32% of the associated quizzes (2.0, SD:2.1). A significant positive association was found between the number of quizzes opened and the number of healthy lifestyle characteristics. After opening a quiz, women accessed most smoking, nutrition, and physical activity questions. Significant relationships were found between several lifestyle characteristics and the percentage of smoking, physical activity, and nutrition questions accessed. However, between-group differences were small, quiz topics were largely unrelated to their lifestyle characteristics, and inconsistencies were found regarding the directions of these associations. CONCLUSIONS: Hello World reached ±4% of its target population, which is lower than the reach of its previous version (±8%). Relatively few low educated and immigrant women registered for the program. Active participation in the program was positively associated with the number of healthy behaviours participants engaged in. The program content participants chose to access was largely unrelated to their lifestyle characteristics.",openalex,llm,0.990,unreviewed,
kept,"Hello, worlds: an introduction to mobile application development for IOS and Android",Roberta Anderson; Paul Gestwicki,2011,Journal of computing sciences in colleges,,https://openalex.org/W1537618679,supports-claim,"The popularity and proliferation of mobile applications is undeniable, and the tools are available for undergraduates to explore mobile application development within the curriculum. In a sense, mobile application development is like any other kind of software development: there are platform-specific languages, tools, and constraints that one must learn in order to create high-quality products. This tutorial is designed to help instructors make that important first step into mobile application development.

The presenters will demonstrate all of the required steps to configure a development environment, including operating system, integrated development environment, and mobile device. We will show iOS configuration for iPhone, iPad, and iPod Touch platforms as well as Eclipse configuration for Android development. Following the demonstrations, we will lead a roundtable discussion of the pros and cons of the two platforms, focusing specifically on their integration with the undergraduate Computer Science learning experience.",openalex,llm,0.870,unreviewed,
discarded,A survey and comparison of transformation tools based on the transformation tool contest,Edgar Jakumeit; Sebastian Buchwald; Dennis Wagelaar; Dan Li; Ábel Hegedüs; Markus Herrmannsdörfer; Tassilo Horn; Elīna Kalniņa; Christian Krause; Kevin Lano; Markus Lepper; Arend Rensink; Louis M. Rose; Sebastian Wätzoldt; Steffen Mazanek,2013,Science of Computer Programming,10.1016/j.scico.2013.10.009,https://openalex.org/W2101706889,off-topic-false-hit,"Model transformation is one of the key tasks in model-driven engineering and relies on the efficient matching and modification of graph-based data structures; its sibling graph rewriting has been used to successfully model problems in a variety of domains. Over the last years, a wide range of graph and model transformation tools have been developed all of them with their own particular strengths and typical application domains. In this paper, we give a survey and a comparison of the model and graph transformation tools that participated at the Transformation Tool Contest 2011. The reader gains an overview of the field and its tools, based on the illustrative solutions submitted to a Hello World task, and a comparison alongside a detailed taxonomy. The article is of interest to researchers in the field of model and graph transformation, as well as to software engineers with a transformation task at hand who have to choose a tool fitting to their needs. All solutions referenced in this article provide a SHARE demo. It supported the peer-review process for the contest, and now allows the reader to test the tools online.",openalex,llm,0.960,unreviewed,
kept,Teaching Java-objects first with BlueJ,Xuemin Chen; David Olowokere; G. Neil Thomas,2008,,10.18260/1-2--3789,https://openalex.org/W2624879518,qualifies-claim,"The traditional way to teach computer languages such as C, C++ is to start with a simple program ""Hello, world!"". Java derives much of its syntax from C and C++ but has a simpler object model and fewer low-level facilities. But Java uses the object-oriented programming methodology. To start teaching ""Hello, world!"" will not help students understand the objectoriented programming concept of Java. Therefore, it will be difficult for students to take advantage of object-oriented programming concepts. In this paper, an objects first Java teaching method with BlueJ, a simplified and virtualized development environment, is presented. A postcourse assessment is conducted. The interpretation of the assessment results is also discussed.",openalex,llm,0.990,unreviewed,
discarded,An Evaluation Framework and Comparative Analysis of the Widely Used First Programming Languages,Muhammad Shoaib Farooq; Sher Afzal Khan; Hafiz Farooq Ahmad; Saeed Islam; Adnan Abid,2014,PLoS ONE,10.1371/journal.pone.0088941,https://openalex.org/W2126663952,adjacent-subtopic,"Computer programming is the core of computer science curriculum. Several programming languages have been used to teach the first course in computer programming, and such languages are referred to as first programming language (FPL). The pool of programming languages has been evolving with the development of new languages, and from this pool different languages have been used as FPL at different times. Though the selection of an appropriate FPL is very important, yet it has been a controversial issue in the presence of many choices. Many efforts have been made for designing a good FPL, however, there is no ample way to evaluate and compare the existing languages so as to find the most suitable FPL. In this article, we have proposed a framework to evaluate the existing imperative, and object oriented languages for their suitability as an appropriate FPL. Furthermore, based on the proposed framework we have devised a customizable scoring function to compute a quantitative suitability score for a language, which reflects its conformance to the proposed framework. Lastly, we have also evaluated the conformance of the widely used FPLs to the proposed framework, and have also computed their suitability scores.",openalex,llm,0.900,unreviewed,
discarded,Saying Hello World with Henshin - A Solution to the TTC 2011 Instructive Case,Stefan Jurack; Johannes Tietje,2011,Electronic Proceedings in Theoretical Computer Science,10.4204/eptcs.74.22,https://openalex.org/W2022289758,off-topic-false-hit,"This paper gives an overview of the HENSHIN solution to the Hello World case study of the Transformation Tool Contest 2011, intended to show basic language concepts and constructs.",openalex,llm,0.960,unreviewed,
discarded,The risks and benefits of teaching purely functional programming in first year,Manuel M. T. Chakravarty; Gabriele Keller,2004,Journal of Functional Programming,10.1017/s0956796803004805,https://openalex.org/W2163873997,adjacent-subtopic,"We argue that teaching purely functional programming as such in freshman courses is detrimental to both the curriculum as well as to promoting the paradigm. Instead, we need to focus on the more general aims of teaching elementary techniques of programming and essential concepts of computing. We support this viewpoint with experience gained during several semesters of teaching large first-year classes (up to 600 students) in Haskell. These classes consisted of computer science students as well as students from other disciplines. We have systematically gathered student feedback by conducting surveys after each semester. This article contributes an approach to the use of modern functional languages in first year courses and, based on this, advocates the use of functional languages in this setting.",openalex,llm,0.880,unreviewed,
discarded,"Goodbye, Justification. Hello World",Michaël Bishop; Benett Bootz,2007,Croatian Journal of Philosophy,,https://openalex.org/W78272768,off-topic-false-hit,"There are simple rules for making important judgments that are more reliable than experts, but people to use them. People even when they are told that these rules are more reliable than they are. When we say that people refuse to use the rule, we do not mean that people stubbornly to carry out the steps indicated by the rule. Rather, people defect from the rule (i.e., they overturn the rule's judgment) so often that they end up reasoning about as reliably as they would have without the rule, and less reliably than the rule all by itself. We have two aims in this paper. First, we will explain why (at least some) simple rules are so reliable and why people too often defect from them. And second, we will argue that this selective defection phenomenon raises a serious problem for all epistemological theories of justification. We will suggest that the best way to escape this problem is to change the focus of contemporary epistemology.",openalex,llm,0.990,unreviewed,
kept,Creating Applications with Mozilla,David Boswell; Brian King; E. J. Murphy; Ian Oescheger; Pete Collins,2002,,,https://openalex.org/W1648862764,supports-claim,"From the Publisher:
Mozilla is not just a browser. Mozilla provides a framework that allows developers to create cross-platform applications by utilizing its accessible components, including JavaScript, CSS (Cascading Style Sheets), and Mozilla's XUL (XML-based User-interface Language), as well as the Gecko rendering engine, XBL (eXtensible Binding Language), and XPCOM (Mozilla's component model). Imagine the innovative applications you can create, such as a text editor, chat client, or MP3 player, by using a combination of easy-to-understand technologies.
Creating Applications with Mozilla provides step-by-step information about how you can create your own programs using Mozilla's powerful cross-platform development framework. After you understand the basic workings of the Mozilla building blocks, you'll create a simple Hello World application and progress to the point of adding more advanced features and functionality to your programs.
Working through the book, the first several chapters serve as an introduction to the Mozilla development environment and impart the knowledge necessary to quickly learn to create simple programs. After obtaining the initial satisfaction of developing your own applications, you'll be ready to branch into topics on modular development and other advanced subjects. In order for you to be able to build more complex applications, the second half of the book explores UI enhancements, localization, datasources, and remote distribution.",openalex,llm,0.950,unreviewed,
discarded,Robustness Verification of Quantum Classifiers,Ji Guan; Wang Fang; Mingsheng Ying,2021,Lecture notes in computer science,10.1007/978-3-030-81685-8_7,https://openalex.org/W3169231649,off-topic-false-hit,"Abstract Several important models of machine learning algorithms have been successfully generalized to the quantum world, with potential speedup to training classical classifiers and applications to data analytics in quantum physics that can be implemented on the near future quantum computers. However, quantum noise is a major obstacle to the practical implementation of quantum machine learning. In this work, we define a formal framework for the robustness verification and analysis of quantum machine learning algorithms against noises. A robust bound is derived and an algorithm is developed to check whether or not a quantum machine learning algorithm is robust with respect to quantum training data. In particular, this algorithm can find adversarial examples during checking. Our approach is implemented on Google’s TensorFlow Quantum and can verify the robustness of quantum machine learning algorithms with respect to a small disturbance of noises, derived from the surrounding environment. The effectiveness of our robust bound and algorithm is confirmed by the experimental results, including quantum bits classification as the “Hello World” example, quantum phase recognition and cluster excitation detection from real world intractable physical problems, and the classification of MNIST from the classical world.",openalex,llm,0.980,unreviewed,
discarded,"Artificial Intelligence & Popular Music: SKYGGE, Flow Machines, and the Audio Uncanny Valley","Avdeeff, Melissa",2019,ARTS,10.3390/arts8040130,https://www.webofscience.com/wos/woscc/full-record/WOS:000506640300008,off-topic-false-hit,"This article presents an overview of the first AI-human collaborated album, Hello World, by SKYGGE, which utilizes Sony's Flow Machines technologies. This case study is situated within a review of current and emerging uses of AI in popular music production, and connects those uses with myths and fears that have circulated in discourses concerning the use of AI in general, and how these fears connect to the idea of an audio uncanny valley. By proposing the concept of an audio uncanny valley in relation to AIPM (artificial intelligence popular music), this article offers a lens through which to examine the more novel and unusual melodies and harmonization made possible through AI music generation, and questions how this content relates to wider speculations about posthumanism, sincerity, and authenticity in both popular music, and broader assumptions of anthropocentric creativity. In its documentation of the emergence of a new era of popular music, the AI era, this article surveys: (1) The current landscape of artificial intelligence popular music focusing on the use of Markov models for generative purposes; (2) posthumanist creativity and the potential for an audio uncanny valley; and (3) issues of perceived authenticity in the technologically mediated ""voice"".",wos,llm,0.990,unreviewed,
