status,title,authors,year,venue,doi,url,tags,abstract,provider,decision_source,llm_confidence,llm_review_outcome,llm_change_direction
kept,Hello World,,2009,PRACTICAL COMPUTING ON THE CELL BROADBAND ENGINE,10.1007/978-1-4419-0308-2_8,https://www.webofscience.com/wos/woscc/full-record/WOS:000268404000008,supports-claim,"In this chapter we discuss the following (a) writing first application on the CELL Processor using native development tools, and gee, (b) putting the PPC core through its paces, learning what it can, cannot do, (c) understanding EMT, integer performance, compiler capabilities, alignment, using disk, huge-memory page tables, Ethernet, (d) 32-bit and 64-bit development, memory management, (e) remote program launching on the CELL, (f) using the SPUs for simple tasks, communications, pthreads.",wos,llm,0.880,unreviewed,
kept,Teaching of Programming with a Programmer's Theory of Programming,"Reinfelds, J",2003,INFORMATICS CURRICULA AND TEACHING METHODS,,https://www.webofscience.com/wos/woscc/full-record/WOS:000182158800005,qualifies-claim,"We review the introductory programming courses of the widely accepted Curricula '68, '78, '1991 and '2001. We note that a one-language, imperative-paradigm approach still prevails, although multi-language programming systems are already available. We discuss the Kernel Language Approach, which provides a programmer's theory of programming that permits a widening of introductory courses to multi-language, multi-thread programming without loss of depth. We suggest two broad outlines for the removal of the one-language constriction from introductory programming courses. We observe that because of the introduction of dotNET and because of student exposure to net-centric multimedia applications, text-based ""Hello World!"" examples disappoint the expectations of today's students.",wos,llm,0.950,unreviewed,
discarded,Teaching Reproducibility and Embracing Variability: From Floating-Point Experiments to Replicating Research,Acher M.,2025,Proceedings of the 3rd ACM Conference on Reproducibility and Replicability ACM Rep 2025,10.1145/3736731.3746162,https://www.scopus.com/inward/record.uri?partnerID=HzOxMe3b&scp=105022204627&origin=inward,off-topic-false-hit,"Reproducibility is often discussed but rarely practiced in undergraduate computer science education. In this paper, we present the design, implementation, and evaluation of a 24-hour hands-on course entirely dedicated to reproducibility and variability in computational experiments. Taught to fourth- and fifth-year students at INSA Rennes in Fall 2024, the course combines scientific thinking, software engineering practices, and variability analysis. Students first explored the non-associativity of floating-point arithmetic as a reproducibility ""Hello World"" using Docker, GitHub Actions, and templated experimentation to analyze sources of variability across programming languages, compiler flags, and numerical precision. The second half of the course focused on reproducing and replicating actual research papers, including studies on large language models playing chess, home advantage in football during COVID-19, and energy efficiency across programming languages. Students successfully reproduced key results, identified subtle reproducibility issues such as changes in library defaults, and designed replications that extended or challenged original findings. We describe the course structure, pedagogical strategies, and lessons learned, including when students found reproducibility flaws in the instructor’s own prior work. Our experience suggests that reproducibility and variability deserve a central place in computer science education and can be taught in a way that is both technically rigorous and scientifically engaging.",scopus,llm,0.900,unreviewed,
kept,"Interfacing Programming Language Semantics and Pragmatics: What Does “Hello, World” Mean?",Sack W.,2025,Philosophies,10.3390/philosophies10040086,https://www.scopus.com/inward/record.uri?partnerID=HzOxMe3b&scp=105014430854&origin=inward,supports-claim; ursprung-och-etablering,"In 1978, Brian Kernighan and Dennis Ritchie insisted that the first program to write in a new language is one to print the words “hello, world.” From then until now, “hello, world” has frequently been the first exercise in introductory programming courses. On one hand, this does seem like a good first program because it makes something familiar—a greeting—appear on the screen. On the other hand, it is extremely strange. How can it be understood as a greeting? Who is greeting whom? Unfortunately, the bulk of formal means for defining programming languages provides very little help for assigning a meaning to the “hello, world” program. It is argued that the weakness of older theories and methods of programming language semantics is due to the historical, disciplinary segregation (in logic, semiotics, and linguistics) of semantics as a study apart from syntax and pragmatics. Drawing from both more recent work in programming language semantics that addresses side effects and on speech-act-based programming language design, this paper proposes a possible reintegration of semantics and pragmatics in order to better define the meaning of “hello, world” and the programming languages used to produce speech acts more generally.",scopus,human,0.990,unreviewed,
kept,Goodbye Hello World - Research Questions for a Future CS1 Curriculum,Keuning H.,2024,ACM International Conference Proceeding Series,10.1145/3699538.3699591,https://www.scopus.com/inward/record.uri?partnerID=HzOxMe3b&scp=85214152822&origin=inward,qualifies-claim; kritik,"Generative AI (GenAI) is currently capable of generating correct code for introductory level programming problems, and its performance is improving. We believe that this capability can be leveraged to improve student motivation, broaden students’ understanding of software development, and engage them in more authentic learning. We defined a set of assumptions about GenAI’s future capabilities (e.g., the ability to generate small pieces of code and to compose these pieces of code via user prompts) and engaged in a backcasting exercise to identify what else is needed to develop a CS1 course that places GenAI in a central role. Undertaking this thought experiment immediately revealed that aspects of the software development process usually reserved for later in the curriculum, such as requirements elicitation and design, could be introduced earlier in the process. With GenAI tools bearing the load of generating correct code snippets, students could focus on higher-level software design and construction skills and practice them in an authentic environment. Our thought experiment identified a set of questions that need to be addressed for such a course to actually exist, including questions about student preparation, and the ability of students to decompose problems effectively and to resolve problems that arise when integrating pieces of code. We also identified questions related to the design of a GenAI centered course, such as the impact on student motivation of using GenAI instead of engaging directly with code, the extent to which social learning theories apply to interactions with GenAI, and how existing pedagogies can integrate GenAI tools.",scopus,human,0.940,unreviewed,
discarded,Playful Learning in Robotics: A Case Study with Smart Motors Workshops,Dahal M.,2024,Proceedings Frontiers in Education Conference Fie,10.1109/FIE61694.2024.10892854,https://www.scopus.com/inward/record.uri?partnerID=HzOxMe3b&scp=105000663278&origin=inward,off-topic-false-hit,"In this innovative practice paper, we present case studies of participants using a trainable robotics tool called Smart Motors from two workshops: one with participants from elementary schools in a robotics camp and the second with students from a high school. We designed the workshops to help us observe two key aspects: how students engage with the tool as new users from different age groups and the variability in levels of enjoyment and iterative thinking with an engineering design task while using the tool. Learning robotics can be complex as it can involve learning programming, mechanical design, and electrical circuits simultaneously. Some existing robotics kits support beginners with mechanical design tasks via easy-to-integrate sensor kits, motors, and control hubs, and some support beginners with alternative programming methods like web-based block coding languages and QR codes. However, cost, availability, and ease of use make integrating robotics into the curriculum difficult for some classes. Smart Motors are easy-to-use, low-cost alternatives to lower those barriers to bringing robotics into the classroom. Smart Motors simplifies mechanical “set-up” by packaging the user interface, motor, and sensor in one unit. They use training and a machine learning algorithm called the nearest neighbor to make decisions. Since they do not require coding to generate desired outcomes, students can use them in classrooms without computers or internet access. We allowed first-time Smart Motor users to learn the tool while participating in a play-based design activity with three sessions. The first session of the workshop was a discussion of Artificial Intelligence and Machine Learning. The second session was an introduction to Smart Motors, in which the participants built a “hello-world” waving contraption using Smart Motors and LEGO® pieces. The third session consisted of an activity derived from Tufts University's Novel Engineering curriculum, where the participants listened to a story, chose a character, and designed solutions for them. We analyzed their work with the help of field notes and video data. Using the Learning through Play Experience Tool, we looked for evidence of two of the five characteristics of playful learning: Joyful and Iterative. We transcribed the video data in detail and coded for the states of play in two-minute chunks, where we looked at and analyzed the play trends. We found that Smart Motors supports playful learning in engineering design workshops, allowing participants from different ages and experience levels to engage creatively to design products of various complexity.",scopus,llm,0.860,unreviewed,
kept,Empowering Novice Programmers with Visual Problem Solving tools,Murali R.,2023,ACM International Conference Proceeding Series,10.1145/3627217.3627232,https://www.scopus.com/inward/record.uri?partnerID=HzOxMe3b&scp=85180412551&origin=inward,qualifies-claim,"Learning one’s first programming language includes challenges of syntax, surplus code and semantics. The learning can be easy or quite hard for a novice programmer depending on the programming language. Even the small “Hello World” program code contains semantic and syntactic complexity. This paper discusses the pros and cons of multiple tools that may be used for syntax independent implementation of solutions. Based on the shortcomings of existing tools, Flowgramming – a platform independent flowcharting software for the novice programmer / problem solver and their instructor, is also proposed in the paper. Flowcharts developed using Flowgramming can be executed by the built-in interpreter which helps the novice programmer focus on understanding the problem solving strategy in a visually appealing manner and also allows for a language independent learning of solution strategies.",scopus,llm,0.970,unreviewed,
kept,"115 Ways Not to Say Hello, World!: Syntax Errors Observed in a Large-Scale Online CS0 Python Course",Jeffries B.,2022,Annual Conference on Innovation and Technology in Computer Science Education Iticse,10.1145/3502718.3524809,https://www.scopus.com/inward/record.uri?partnerID=HzOxMe3b&scp=85134427906&origin=inward,supports-claim; nyborjarfel,"Online programming courses can provide detailed automatic feedback for code that fails to meet various test conditions, but novice students often struggle with syntax errors and are unable to write valid testable code. Even for very simple exercises, the range of incorrect code can be surprising to educators with mastery of a programming language. This research paper presents an analysis of the error messages from code run by students in an introductory Python~3 programming course, participated in by 8680 primary and high-school students from 680 institutions. The invalid programs demonstrate a wide diversity of mistakes: even for a one-line ""Hello World!'' exercise there were 115 unique invalid programs. The most common errors are identified and compared to the topics introduced in the course. The most generic errors in selected exercises are investigated in greater detail to understand the underlying causes. While the majority of students attempting an exercise reach a successful outcome, many students encounter at least one error in their code. Of these, many such errors indicate basic mistakes, such as unquoted string literals, even in exercises late in the course for which some proficiency of earlier concepts is assumed. These observations suggest there is significant scope to provide greater reinforcement of students' understanding of earlier concepts.",scopus,human,0.990,unreviewed,
discarded,"AMCIS: Teaching Programming to 1,400 Business Students per Year",Doyle M.,2022,28th Americas Conference on Information Systems Amcis 2022,,https://www.scopus.com/inward/record.uri?partnerID=HzOxMe3b&scp=85192550433&origin=inward,adjacent-subtopic,,scopus,llm,0.800,unreviewed,
kept,Exploiting Arduino Features to Develop Programming Competencies,Tupac-Yupanqui M.,2022,IEEE Access,10.1109/ACCESS.2022.3150101,https://www.scopus.com/inward/record.uri?partnerID=HzOxMe3b&scp=85124722411&origin=inward,qualifies-claim,"Developing programming competencies is essential for systems, information science, computer science, and electrical engineering students. Engineering students usually face the complexity of working with programming languages that demand compliance with syntactic and semantic rules, which typically represent a daunting task for novice students. Watching textual messages on the screen only, like the classic “hello world,” is no longer attractive in the current information society, a missing motivation and possible obstacle to developing programming competencies. Students would like to interact with hardware and appreciate environmental reactions. Arduino board permits developing solutions like that. This article presents the academic experience of first-year students of Ingeniería de Sistemas e Informática at the Universidad Continental (ISI-UC) of Huancayo, Perú, using the Arduino microcontroller board for the teaching-learning process to develop programming competencies. The results obtained show a positive impact regarding the experience of previous using traditional text-based programming languages. Using Arduino, students create digital circuits and computational electronics competencies, another significant benefit. This experience used an online simulator, and the results obtained permit us to plan future online education strategies for this major. The next step will be the application of Arduino and the online simulator to deepen programming skills, including recursivity, real-time constraints, multitasking features, data structure, data-oriented programming, and object-oriented programming. The primary limitations encountered in this experiment were the students’ lack of experience with electronics concepts to build circuits and, in some cases, the low internet speeds to assist in the programming process of online education. Realizing simulated experiences in classroom experiences was not a significant challenge for teachers and most students. However, problems could arise when students perform practical experiences using real Arduino boards in traditional classes for the availability requirement of Arduino and other electronic components.",scopus,llm,0.980,unreviewed,
kept,Enhancing CS1 with mobile apps,Ilinkin I.,2020,Ace 2020 Proceedings of the 22nd Australasian Computing Education Conference Held in Conjunction with Australasian Computer Science Week,10.1145/3373165.3373189,https://www.scopus.com/inward/record.uri?partnerID=HzOxMe3b&scp=85079319873&origin=inward,supports-claim,"This workshop will introduce an Android library that is designed to fit seamlessly in a traditional CS1 course and to provide an opportunity for instructors to introduce the fundamental computer science concepts in fun and creative ways. During the workshop the participants will build apps of various levels of complexity ranging from Hello World-like apps that can be used in the first week to simple board games that incorporate advanced programming constructs at the end of the semester. No knowledge of Android and event-driven programming is required to use the library, yet students are able to create apps that run on mobile devices using only CS1 constructs. The intended audience is college and high school instructors teaching CS1. Support code, documentation, and examples are at: http://www.cs.gettysburg.edu/~ilinkin/cs1android.",scopus,llm,0.900,unreviewed,
kept,Introducing Vala Programming: A Language and Techniques to Boost Productivity,Lauer M.,2019,Introducing Vala Programming A Language and Techniques to Boost Productivity,10.1007/978-1-4842-5380-9,https://www.scopus.com/inward/record.uri?partnerID=HzOxMe3b&scp=85168860650&origin=inward,supports-claim,"Get an introduction into the Vala programming language and learn about its syntax, semantics, and idioms in this book. Introducing Vala Programming starts from Hello World and goes up to graphical user interfaces using GTK+, covering DBus interprocess communication, network programming, and more.",scopus,llm,0.900,unreviewed,
discarded,Introducing Vala Programming: A Language and Techniques to Boost Productivity,Lauer M.,2019,Introducing Vala Programming A Language and Techniques to Boost Productivity,10.1007/9781484253809,https://www.scopus.com/inward/record.uri?partnerID=HzOxMe3b&scp=105009202801&origin=inward,off-topic-false-hit,,scopus,llm,0.740,unreviewed,
discarded,"Learn RStudio IDE: Quick, Effective, and Productive Data Science",Campbell M.,2019,Learn Rstudio Ide Quick Effective and Productive Data Science,10.1007/978-1-4842-4511-8,https://www.scopus.com/inward/record.uri?partnerID=HzOxMe3b&scp=105009172939&origin=inward,off-topic-false-hit,"Discover how to use the popular RStudio IDE as a professional tool that includes code refactoring support, debugging, and Git version control integration. This book gives you a tour of RStudio and shows you how it helps you do exploratory data analysis and build data visualizations with ggplot.",scopus,llm,0.960,unreviewed,
discarded,Coding with a piano: The first phase of the CodeKlavier's development,Veinberg A.,2018,Icmc 2018 Proceedings of the 2018 International Computer Music Conference,,https://www.scopus.com/inward/record.uri?partnerID=HzOxMe3b&scp=85060247984&origin=inward,off-topic-false-hit,,scopus,llm,0.900,unreviewed,
kept,Using virtual reality for scaffolding computer programming learning,Singh G.,2017,Proceedings of the ACM Symposium on Virtual Reality Software and Technology VRST,10.1145/3139131.3141225,https://www.scopus.com/inward/record.uri?partnerID=HzOxMe3b&scp=85038585905&origin=inward,supports-claim,"Learning how to analyze computational problems, to think critically, and to transfer algorithmic logic into language-specific code is central to computer programming. A critical step towards acquiring these skills is analyzing and debugging existing code usually starting with the famous ""Hello World"" program.",scopus,llm,0.950,unreviewed,
discarded,Implementing smart applications using genetic algorithms,Băicoianu A.,2017,Bulletin of the Transilvania University of Brasov Series III Mathematics Informatics Physics,,https://www.scopus.com/inward/record.uri?partnerID=HzOxMe3b&scp=85041377274&origin=inward,off-topic-false-hit,,scopus,llm,0.940,unreviewed,
discarded,"The missing link: Explaining ELF static linking, semantically",Kell S.,2016,Proceedings of the Conference on Object Oriented Programming Systems Languages and Applications OOPSLA,10.1145/2983990.2983996,https://www.scopus.com/inward/record.uri?partnerID=HzOxMe3b&scp=84995600662&origin=inward,off-topic-false-hit,"Beneath the surface, software usually depends on complex linker behaviour to work as intended. Even linking hello_world.c is surprisingly involved, and systems software such as libc and operating system kernels rely on a host of linker features. But linking is poorly understood by working programmers and has largely been neglected by language researchers.",scopus,llm,0.970,unreviewed,
kept,"Early Relational Reasoning and the Novice Programmer: Swapping as the ""Hello World"" of Relational Reasoning",Corney M.,2011,Conferences in Research and Practice in Information Technology Series,,https://www.scopus.com/inward/record.uri?partnerID=HzOxMe3b&scp=84872772322&origin=inward,adjacent-subtopic,,scopus,llm,0.810,unreviewed,
discarded,Using a microcoded data path to introduce the data path and controller paradigm,Hill J.,2010,ASEE Annual Conference and Exposition Conference Proceedings,,https://www.scopus.com/inward/record.uri?partnerID=HzOxMe3b&scp=85029076330&origin=inward,off-topic-false-hit,,scopus,llm,0.900,unreviewed,
kept,Teaching Java-objects first with BlueJ,Chen X.,2008,ASEE Annual Conference and Exposition Conference Proceedings,,https://www.scopus.com/inward/record.uri?partnerID=HzOxMe3b&scp=85029093994&origin=inward,qualifies-claim,,scopus,llm,0.910,unreviewed,
kept,"Teaching programming by immersion, reading and writing",Campbell W.,2002,Proceedings Frontiers in Education Conference,,https://www.scopus.com/inward/record.uri?partnerID=HzOxMe3b&scp=0036949788&origin=inward,qualifies-claim,,scopus,llm,0.860,unreviewed,
