status,title,authors,year,venue,doi,url,tags,abstract,provider,decision_source,llm_confidence,llm_review_outcome,llm_change_direction
discarded,Automatic Generation of Programming Exercises and Code Explanations Using Large Language Models,Sami Sarsa; Paul Denny; Arto Hellas; Juho Leinonen,2022,,10.1145/3501385.3543957,https://openalex.org/W4283705032,off-topic-false-hit,"This article explores the natural language generation capabilities of large language models with application to the production of two types of learning resources common in programming courses. Using OpenAI Codex as the large language model, we create programming exercises (including sample solutions and test cases) and code explanations, assessing these qualitatively and quantitatively. Our results suggest that the majority of the automatically generated content is both novel and sensible, and in some cases ready to use as is. When creating exercises we find that it is remarkably easy to influence both the programming concepts and the contextual themes they contain, simply by supplying keywords as input to the model. Our analysis suggests that there is significant value in massive generative machine learning models as a tool for instructors, although there remains a need for some oversight to ensure the quality of the generated content before it is delivered to students. We further discuss the implications of OpenAI Codex and similar tools for introductory programming education and highlight future research streams that have the potential to improve the quality of the educational experience for both teachers and students alike.",openalex,llm,0.920,unreviewed,
discarded,NLTK,Steven Bird; Edward Loper,2004,,10.3115/1219044.1219075,https://openalex.org/W4245267204,off-topic-false-hit,"The Natural Language Toolkit is a suite of program modules, data sets, tutorials and exercises, covering symbolic and statistical natural language processing. NLTK is written in Python and distributed under the GPL open source license. Over the past three years, NLTK has become popular in teaching and research. We describe the toolkit and report on its current state of development.",openalex,llm,0.910,unreviewed,
discarded,Reducing withdrawal and failure rates in introductory programming with subgoal labeled worked examples,Lauren E. Margulieux; Briana B. Morrison; Adrienne Decker,2020,International Journal of STEM Education,10.1186/s40594-020-00222-7,https://openalex.org/W3028280248,adjacent-subtopic,"Abstract Background Programming a computer is an increasingly valuable skill, but dropout and failure rates in introductory programming courses are regularly as high as 50%. Like many fields, programming requires students to learn complex problem-solving procedures from instructors who tend to have tacit knowledge about low-level procedures that they have automatized. The subgoal learning framework has been used in programming and other fields to breakdown procedural problem solving into smaller pieces that novices can grasp more easily, but it has only been used in short-term interventions. In this study, the subgoal learning framework was implemented throughout a semester-long introductory programming course to explore its longitudinal effects. Of 265 students in multiple sections of the course, half received subgoal-oriented instruction while the other half received typical instruction. Results Learning subgoals consistently improved performance on quizzes, which were formative and given within a week of learning a new procedure, but not on exams, which were summative. While exam performance was not statistically better, the subgoal group had lower variance in exam scores and fewer students dropped or failed the course than in the control group. To better understand the learning process, we examined students’ responses to open-ended questions that asked them to explain the problem-solving process. Furthermore, we explored characteristics of learners to determine how subgoal learning affected students at risk of dropout or failure. Conclusions Students in an introductory programming course performed better on initial assessments when they received instructions that used our intervention, subgoal labels. Though the students did not perform better than the control group on exams on average, they were less likely to get failing grades or to drop the course. Overall, subgoal labels seemed especially effective for students who might otherwise struggle to pass or complete the course.",openalex,llm,0.900,unreviewed,
discarded,Ranking programming languages by energy efficiency,Rui Pereira; Marco Couto; Francisco Ribeiro; Rui Rua; Jácome Cunha; João Paulo Fernandes; João Saraiva,2021,Science of Computer Programming,10.1016/j.scico.2021.102609,https://openalex.org/W3119404638,off-topic-false-hit,"This paper compares a large set of programming languages regarding their eﬃciency, including from an energetic point-of-view. Indeed, we seek to establish and analyze different rankings for programming languages based on their energy eﬃciency. The goal of being able to rank programming languages based on their energy eﬃciency is both recent, and certainly deserves further studies. We have taken rigorous and strict solutions to 10 well deﬁned programming problems, expressed in (up to) 27 programming languages, from the well known Computer Language Benchmark Game repository. This repository aims to compare programming languages based on a strict set of implementation rules and conﬁgurations for each benchmarking problem. We have also built a framework to automatically, and systematically, run, measure and compare the energy, time, and memory eﬃciency of such solutions. Ultimately, it is based on such comparisons that we propose a series of eﬃciency rankings, based on single and multiple criteria. Our results show interesting ﬁndings, such as how slower/faster languages can consume less/more energy, and how memory usage inﬂuences energy consumption. We also present a simple way to use our results to provide software engineers and practitioners support in",openalex,llm,0.970,unreviewed,
discarded,"Curriculum, Teaching and Learning, and Assessments for Introductory Programming Course",Erum Mehmood; Adnan Abid; Muhammad Shoaib Farooq; Naeem A. Nawaz,2020,IEEE Access,10.1109/access.2020.3008321,https://openalex.org/W3041712829,adjacent-subtopic,"Learning to program involves acquisition of various skills including problem solving, fundamental design techniques as well as critical thinking. Generally, most of the novice programmers struggle to develop all these important skill. The research community has addressed the problem in many different ways while involving improvisations in curriculum, pedagogical methods, cognitive aspects, supporting tools, and in designing assessments. This research aims to analyze and synthesize the existing literature in the aforementioned areas. Research articles pertaining to the area of Introductory Programming Courses (IPC) have been found using appropriate search queries, while nearly 60 research articles, published in last ten years, have been carefully selected by employing a systematic filtering process. The scope of this work only covers the research conducted for IPC in higher education. Main findings of this study show that “solution proposal” and “evaluation research” have been reported as two main research types adopted by these studies. Moreover, pedagogy, language choice and students' performance analysis are the most frequently addressed aspects of IPC; whereas, curriculum contents, assessment design, and teaching/learning through tools have appeared as less addressed aspects of IPC. Furthermore, a taxonomy of IPC has been presented based on the studied literature. Lastly, general considerations and future research directions have been presented for the practitioners and researchers in this area.",openalex,llm,0.890,unreviewed,
discarded,Solving PDEs in Python: The FEniCS Tutorial I,Hans Petter Langtangen; Anders Logg,2017,OAPEN (The OAPEN Foundation),10.1007/978-3-319-52462-7,https://openalex.org/W2752758543,off-topic-false-hit,"This book offers a concise and gentle introduction to finite element programming in Python based on the popular FEniCS software library. Using a series of examples, including the Poisson equation, the equations of linear elasticity, the incompressible Navier–Stokes equations, and systems of nonlinear advection–diffusion–reaction equations, it guides readers through the essential steps to quickly solving a PDE in FEniCS, such as how to define a finite variational problem, how to set boundary conditions, how to solve linear and nonlinear systems, and how to visualize solutions and structure finite element Python programs.",openalex,llm,0.950,unreviewed,
discarded,Programming: Pick up Python,Jeffrey M. Perkel,2015,Nature,10.1038/518125a,https://openalex.org/W2037100030,off-topic-false-hit,,openalex,llm,0.860,unreviewed,
discarded,A gentle introduction to Haskell,Paul Hudak; Joseph H. Fasel,1992,ACM SIGPLAN Notices,10.1145/130697.130698,https://openalex.org/W2020784851,adjacent-subtopic,"Our purpose in writing this tutorial is not to teach programming, nor even to teach functional programming. Rather, it is intended to serve as a supplement tothe Haskell Report [4], which is otherwise a rather dense technical exposition. Our goal is to provide a gentle introduction to Haskell for someone who has experience with at least one other language, preferably a functional language (even if only an \\almost-functional"" language such as ML orScheme). If the reader wishes to learn more about the functional programming style, we highly recommend Bird's text Introduction to Functional Programming [1] or Davie's An Introduction to Functional Programming Systems Using Haskell [2]. For a useful survey of functional programming languages and techniques, including some of the language design principles used in Haskell, see [3].",openalex,llm,0.920,unreviewed,
discarded,Teaching an Introductory Programming Language in a General Education Course,Azad Ali; David T. Smith,2014,Journal of Information Technology Education Innovations in Practice,10.28945/1992,https://openalex.org/W2188657826,adjacent-subtopic,"An international association advancing the multidisciplinary study of informing systems. Founded in 1998, the Informing Science Institute (ISI) is a global community of academics shaping the future of informing science.",openalex,llm,0.770,unreviewed,
discarded,A Self-Paced Introductory Programming Course,Grandon Gill; Carolyn F. Holton,2006,Journal of Information Technology Education Research,10.28945/236,https://openalex.org/W1869228057,adjacent-subtopic,"An international association advancing the multidisciplinary study of informing systems. Founded in 1998, the Informing Science Institute (ISI) is a global community of academics shaping the future of informing science.",openalex,llm,0.780,unreviewed,
discarded,Programming Language Concepts,Field Cady,2024,,10.1002/9781394234523.ch20,https://openalex.org/W4404172550,adjacent-subtopic,"Beyond any particular language, this chapter gives an overview of the key concepts behind them and what they mean for your project. There is a treatment of the main programming paradigms – imperative, object-oriented, and functional – their most important concepts, and what they look like in Python. Compiled and interpreted languages are covered, along with the gray areas of JIT compilation and bytecode. Finally, there is a discussion of type systems and the performance advantages they unlock.",openalex,llm,0.930,unreviewed,
discarded,Developing Assessments to Determine Mastery of Programming Fundamentals,Andrew Luxton-Reilly; Brett A. Becker; Yingjun Cao; Roger McDermott; Claudio Mirolo; Andreas Mühling; Andrew Petersen; Kate Sanders; Simon; Jacqueline Whalley,2018,,10.1145/3174781.3174784,https://openalex.org/W2786754195,adjacent-subtopic,"Current learning outcomes for introductory programming courses are relatively general, specifying tasks such as designing, implementing, testing and debugging programs that use some fundamental programming constructs. These outcomes impact what we teach, our expectations, and our assessments. Although prior work has demonstrated the utility of single concept assessments, most assessments used in formal examinations combine numerous heterogeneous concepts, resulting in complex and difficult tasks.",openalex,llm,0.890,unreviewed,
discarded,FeatureIDE: An extensible framework for feature-oriented software development,Thomas Thüm; Christian Kästner; Fabian Benduhn; Jens Meinicke; Gunter Saake; Thomas Leich,2012,Science of Computer Programming,10.1016/j.scico.2012.06.002,https://openalex.org/W2144179818,off-topic-false-hit,"FeatureIDE is an open-source framework for feature-oriented software development (FOSD) based on Eclipse. FOSD is a paradigm for the construction, customization, and synthesis of software systems. Code artifacts are mapped to features, and a customized software system can be generated given a selection of features. The set of software systems that can be generated is called a software product line (SPL). FeatureIDE supports several FOSD implementation techniques such as feature-oriented programming, aspect-oriented programming, delta-oriented programming, and preprocessors. All phases of FOSD are supported in FeatureIDE, namely domain analysis, requirements analysis, domain implementation, and software generation. (C) 2012 Elsevier B.V. All rights reserved.",openalex,llm,0.970,unreviewed,
discarded,jFuzzyLogic: a Java Library to Design Fuzzy Logic Controllers According to the Standard for Fuzzy Control Programming,Pablo E. Cingolani; Jesús Alcalá‐Fdez,2013,International Journal of Computational Intelligence Systems,10.1080/18756891.2013.818190,https://openalex.org/W2134005047,off-topic-false-hit,"Fuzzy Logic Controllers are a specific model of Fuzzy Rule Based Systems suitable for engineering applications for which classic control strategies do not achieve good results or for when it is too difficult to obtain a mathematical model.Recently, the International Electrotechnical Commission has published a standard for fuzzy control programming in part 7 of the IEC 61131 norm in order to offer a well defined common understanding of the basic means with which to integrate fuzzy control applications in control systems.In this paper, we introduce an open source Java library called jFuzzyLogic which offers a fully functional and complete implementation of a fuzzy inference system according to this standard, providing a programming interface and Eclipse plugin to easily write and test code for fuzzy control applications.A case study is given to illustrate the use of jFuzzyLogic.",openalex,llm,0.970,unreviewed,
discarded,"VeriFast: A Powerful, Sound, Predictable, Fast Verifier for C and Java",Bart Jacobs; Jan Smans; Pieter Philippaerts; Frédéric Vogels; Willem Penninckx; Frank Piessens,2011,Lecture notes in computer science,10.1007/978-3-642-20398-5_4,https://openalex.org/W1565541828,off-topic-false-hit,,openalex,llm,0.950,unreviewed,
discarded,Programming with narrowing: A tutorial,Sergio Antoy,2010,Journal of Symbolic Computation,10.1016/j.jsc.2010.01.006,https://openalex.org/W2135378214,adjacent-subtopic,"Narrowing is a computation implemented by some declarative programming languages. Research in the last decade has produced significant results on the theory and foundation of narrowing, but little has been published on the use of narrowing in programming. This paper introduces narrowing from a programmer's viewpoint; shows, by means of examples, when, why and how to use narrowing in a program; and discusses the impact of narrowing on software development activities such as design and maintenance. The examples are coded in the programming language Curry, which provides narrowing as a first class feature. (C) 2010 Elsevier Ltd. All rights reserved.",openalex,llm,0.940,unreviewed,
discarded,The Effects of Teaching Programming via Scratch on Problem Solving Skills: A Discussion from Learners' Perspective,Fılız Kalelıoğlu; Yasemin Gülbahar,2014,Informatics in Education,10.15388/infedu.2014.03,https://openalex.org/W2255615127,adjacent-subtopic,"Computer programming is perceived as an important competence for the development of problem solving skills in addition to logical reasoning. Hence, its integration throughout all educational levels, as well as the early ages, is considered valuable and research studies are carried out to explore the phenomenon in more detail. In light of these facts, this study is an exploratory effort to investigate the effect of Scratch programming on 5th grade primary school students' problem solving skills. Moreover, the researchers wondered what 5th grade primary school students think about programming. This study was carried out in an explanatory sequential mixed methods design with the participation of 49 primary school students. According to the quantitative results, programming in Scratch platform did not cause any significant differences in the problem solving skills of the primary school students. There is only a non-significant increase in the mean of the factor of ""self- confidence in their problem solving ability"". When the thoughts of the primary students were considered, it can be clearly stated that all the students liked programming and wanted to improve their programming. Finally, most of the students found the Scratch platform easy to use.",openalex,llm,0.900,unreviewed,
discarded,Programming and symbolic computation in Maude,Francisco Durán; Steven Eker; Santiago Escobar; Narciso Martí-Oliet; José Meseguer; Rubén Rubio; Carolyn Talcott,2019,Journal of Logical and Algebraic Methods in Programming,10.1016/j.jlamp.2019.100497,https://openalex.org/W2979518100,off-topic-false-hit,"Rewriting logic is both a flexible semantic framework within which widely different concurrent systems can be naturally specified and a logical framework in which widely different logics can be specified. Maude programs are exactly rewrite theories. Maude has also a formal environment of verification tools. Symbolic computation is a powerful technique for reasoning about the correctness of concurrent systems and for increasing the power of formal tools. We present several new symbolic features of Maude that enhance formal reasoning about Maude programs and the effectiveness of formal tools. They include: (i) very general unification modulo user-definable equational theories, and (ii) symbolic reachability analysis of concurrent systems using narrowing. The paper does not focus just on symbolic features: it also describes several other new Maude features, including: (iii) Maude's strategy language for controlling rewriting, and (iv) external objects that allow flexible interaction of Maude object-based concurrent systems with the external world. In particular, meta-interpreters are external objects encapsulating Maude interpreters that can interact with many other objects. To make the paper self-contained and give a reasonably complete language overview, we also review the basic Maude features for equational rewriting and rewriting with rules, Maude programming of concurrent object systems, and reflection. Furthermore, we include many examples illustrating all the Maude notions and features described in the paper. (C) 2019 Elsevier Inc. All rights reserved.",openalex,llm,0.960,unreviewed,
discarded,The Scheme Programming Language,Smita Desai et al. Smita Desai et al.; TJPRC,2019,International journal of computer science engineering and information technology research,10.24247/ijcseitrjun20191,https://openalex.org/W2911336663,off-topic-false-hit,programming language to the programmers.,openalex,llm,0.930,unreviewed,
discarded,Gradually Learning Programming Supported by a Growable Programming Language,Walter Cazzola; Diego Mathias Olivares,2015,IEEE Transactions on Emerging Topics in Computing,10.1109/tetc.2015.2446192,https://openalex.org/W2289530592,adjacent-subtopic,"Learning programming is a difficult task. The learning process is particularly disorienting when you are approaching programming for the first time. As a student you are exposed to several new concepts (control flow, variable, etc. but also coding, compiling, etc.) and new ways to think (algorithms). Teachers try to expose the students gradually to the new concepts by presenting them one-by-one but the tools at student's disposal do not help: they provide support, suggestion, and documentation for the full programming language of choice hampering the teacher's efforts. On the other side, students need to learn real languages and not didactic languages. In this paper, we propose an approach to gradually teach programming supported by a programming language that grows-together with its implementation-along with the number of concepts presented to the students. The proposed approach can be applied to the teaching of any programming language, and some experiments with Javascript are reported.",openalex,llm,0.880,unreviewed,
