status,title,authors,year,venue,doi,url,tags,abstract,provider,decision_source,llm_confidence,llm_review_outcome,llm_change_direction
A strategy that addresses the difficulties experienced by novice programmers in introductory programming courses is one that modifies the teaching model, specifically within the context of technological support. One way of implementing this strategy is with the use of visual programming languages, of which the iconic flowchart approach is one. Further, iconic programming environments traditionally attempt to simplify the programming task by reducing the level of precision and manual typing usually required in the conventional textual programming languages. These environments also attempt to increase the speed at which problem-solving and implementation efforts occur. Consequently, B# was developed in order to provide an environment in which programs can be developed using iconic flowcharts. Basic programming concepts such as assignments, conditions, loops, inputs and outputs are supported. Automatic code generation, debugging and program execution is also supported by the system.

This paper reports on the development of B#, focussing on insights that were obtained concerning iconic programming tools. The use of B# by novice programmers in an introductory programming course is discussed and assessed. Recommendations are made as to how an iconic programming environment like B# could contribute to the successful completion of an introductory programming course.",wos,llm,0.830,unreviewed,
kept,TOWARDS A TAXONOMY OF NOVICES MISCONCEPTIONS OF THE PROLOG INTERPRETER,"FUNG, P; BRAYSHAW, M; DUBOULAY, B; ELSOMCOOK, M",1990,INSTRUCTIONAL SCIENCE,,https://www.webofscience.com/wos/woscc/full-record/WOS:A1990EX57600004,adjacent-subtopic,,wos,llm,0.960,unreviewed,
kept,Quantifying Student Mistakes and Misconceptions of the Run-Time Memory Layout of Java Programs,Pham M.L.,2026,Iticse 2026 Proceedings of the 31st ACM Conference on Innovation and Technology in Computer Science Education V 1,10.1145/3803400.3809331,https://www.scopus.com/inward/record.uri?partnerID=HzOxMe3b&scp=105045568168&origin=inward,adjacent-subtopic,"Novice programmers often have flawed mental models of program execution, and knowing what misconceptions they are likely to hold can help instructors to prevent and correct these misconceptions. Recently, tools have emerged which task students with simulating a program's execution and constructing the run-time memory layout. Such tools create new opportunities to systematically log student errors and identify flaws in their mental models --- including low-level misconceptions that may not be visible when looking at other artifacts such as student-written programs. This paper analyzes log data that was collected by instrumenting one such tool. We identify the most common mistakes that students made, as well as mistakes that were particularly likely to persist even in the face of targeted feedback. We also present the results of a conceptual pretest-posttest designed to help contextualize these mistakes.",scopus,llm,0.970,unreviewed,
kept,Teaching Introductory Functional Programming Using Haskelite,Vasconcelos P.,2025,Electronic Proceedings in Theoretical Computer Science Eptcs,10.4204/EPTCS.424.3,https://www.scopus.com/inward/record.uri?partnerID=HzOxMe3b&scp=105013082103&origin=inward,supports-claim,"Learning functional programming requires learning a substitution-based computational model. While substitution should be a familiar concept from high-school algebra, students often have difficulty applying it to new settings, such as recursive definitions, algebraic data types and higher-order functions. Step-by-step interpreters have been shown to help beginners by clarifying misconceptions and improving understanding. This paper reports on the experience of using a step-by-step tracing interpreter for a subset of Haskell while teaching an introductory functional programming course at the University of Porto. We describe the use of the interpreter, present some feedback obtained from students, reflect on the lessons learned and point directions for further work.",scopus,llm,0.960,unreviewed,
kept,MemStep: An Interactive Tool for Constructing and Visualizing the Run-Time Memory Layout of Java Programs,Pham M.L.,2024,Annual Conference on Innovation and Technology in Computer Science Education Iticse,10.1145/3649217.3653532,https://www.scopus.com/inward/record.uri?partnerID=HzOxMe3b&scp=85198903327&origin=inward,adjacent-subtopic,"Novice programmers often struggle to build accurate mental models of computation, which hinders their ability to understand, debug, and optimize programs. This paper presents MemStep, an interactive visualization tool designed to help students develop robust and accurate mental models of computation. MemStep enables students to ""step'' through the execution of Java programs and visualize the run-time layout of memory. It actively involves students in the process of constructing these visualizations by requiring that they identify each memory operation --- such as allocating an object on the heap, allocating a new stack frame, or adding a variable to the stack --- that occurs during the execution of each line of code. When a student correctly completes an operation, the stack or heap is visually updated to reflect the operation that was performed. If a student makes a mistake, they receive targeted feedback and can retry until they reach the correct answer. MemStep was piloted in a sophomore-level course on program design and evaluated using a controlled experiment, where it was found to be at least as effective and more engaging as compared to traditional learning activities.",scopus,llm,0.980,unreviewed,
kept,Computational Thinking and Notional Machines: The Missing Link,Munasinghe B.,2023,ACM Transactions on Computing Education,10.1145/3627829,https://www.scopus.com/inward/record.uri?partnerID=HzOxMe3b&scp=85180995305&origin=inward,adjacent-subtopic,"In learning to program and understanding how a programming language controls a computer, learners develop both insights and misconceptions whilst their mental models are gradually refined. It is important that the learner is able to distinguish the different elements and roles of a computer (compiler, interpreter, memory, etc.), which novice programmers may find difficult to comprehend. Forming accurate mental models is one of the potential sources of difficulty inextricably linked to mastering computing concepts and processes, and for learning computer programming. It is common to use some form of representation (e.g., an abstract machine or a Computational Agent (CA)) to support technical or pedagogic explanations. The Notional Machine (NM) is a pedagogical device that entails one or more computational concepts, originally described as an idealised computer operating with the constructs of a particular programming language. It can be used to support specific or general learning goals and will typically have some concrete representation that can be referred to. Computational Thinking (CT), which is defined as a way of thinking that is used for [computational] problem solving, is often presented as using a CA to carry out information processing presented by a solution. In CT, where the typical goal is to produce an algorithm or a computer program, the CA seemingly serves a purpose very similar to an NM. Although it changes through the different stages of development (of the learner and of the curriculum), the roles of CAs and NMs can be seen as versatile tools that connect a learner’s mental model with the conceptual model of a program. In this article, we look at this relationship between CAs and NMs, and indicate how they would look at different stages of learning. We traverse the range of definitions and usages of these concepts, and articulate models that clarify how these are viewed in the literature. This includes exploring the nature of machines and agents, and how historical views of these relate to modern pedagogy for computation. We argue that the CA can be seen as an abstract, simplified variant of an NM that provides a useful perspective to the learner to support them to form robust mental models of NMs more efficiently and effectively. We propose that teaching programming should make use of the idea of a CA at different stages of learning, as a link that connects a learner’s mental model to a full NM.",scopus,llm,0.990,unreviewed,
kept,Modular Educational Languages,Hoobergs J.,2023,Splash Companion 2023 Companion Proceedings of the 2023 ACM SIGPLAN International Conference on Systems Programming Languages and Applications Software for Humanity,10.1145/3618305.3623596,https://www.scopus.com/inward/record.uri?partnerID=HzOxMe3b&scp=85178324818&origin=inward,supports-claim,"Teaching novices to program is an unsolved problem. One part of the problem lies in the fact that industrial languages are used for teaching novices, while they were not made for this purpose. I am designing a Programming Education Runtime System to easily create modular languages for education. This system utilizes object algebras, trampolining and algebraic effects and handlers. It has been used to implement an interpreter for the Hedy programming language. This implementation has several important advantages over the existing one, such as better debugging support and better integration with the Hedy platform.",scopus,llm,0.840,unreviewed,
kept,"""How does the computer carry out digitalRead()?"" Notional Machines Mediated Learner Conceptual Agency within an Introductory High School Electronic Textiles Unit",Jayathirtha G.,2022,Icer 2022 Proceedings of the 2022 ACM Conference on International Computing Education Research,10.1145/3501385.3543964,https://www.scopus.com/inward/record.uri?partnerID=HzOxMe3b&scp=85137117254&origin=inward,adjacent-subtopic,"Learners in computing classrooms must develop and adopt viable conceptions of program dynamics to read, write, and debug programs within a given programming context. Learners find support in notional machines, or simplified notions about underlying program behavior within a programming context, that educators provide them. While prior studies have examined students’ use of notional machines to trace program execution during interviews or quizzes, learners’ interactions with them within classrooms is understudied. Framing learning with notional machines as a sociocultural process, I conducted an interaction analysis of high school students’ learning across eight class periods during a 14-week introductory computing electronic textiles online unit to answer the questions: (1) How did students interact with program dynamics during the unit? (2) Did notional machines support students with computing conceptual agency? If so, how? Findings revealed that learners interacted with program dynamics in agentic ways as they adopted notional machines to reason, ask questions about, reveal and revise their notions of program execution. While prior studies have explored notional machines’ affordance for mental model development, this study revealed their situated nature and their role in making program dynamics visible and accessible for sustained joint exploration within classrooms. Findings from this analysis make a three-fold contribution: they highlight the mediating role of notional machines in supporting agentic learner interaction with program dynamics, their role in sustaining joint meaning-making within computing classrooms, and their evolving nature as a result of continuous interactions between the learners and the teacher.",scopus,llm,0.970,unreviewed,
discarded,Through (Tracking) Their Eyes: Abstraction and Complexity in Program Comprehension,Kather P.,2022,ACM Transactions on Computing Education,10.1145/3480171,https://www.scopus.com/inward/record.uri?partnerID=HzOxMe3b&scp=85127197118&origin=inward,adjacent-subtopic,"Previous studies on writing and understanding programs presented evidence that programmers beyond a novice stage utilize plans or plan-like structures. Other studies on code composition showed that learners have difficulties with writing, reading, and debugging code where interacting plans are merged into a short piece of code. In this article, we focus on the question of how different code-composition strategies and the familiarity with code affect program comprehension on a more abstract, i.e., algorithmic level. Using an eye-tracking setup, we explored how advanced students comprehend programs and their underlying algorithms written in either a merged or abutted (sequenced) composition of code blocks of varying familiarity. The effects of familiarity and code composition were studied both isolated and in combination. Our analysis of the quantitative data adds to our understanding of the behavior reported in previous studies and the effects of plans and their composition on the programs’ difficulty. Using this data along with retrospective interviews, we analyze students’ reading patterns and provide support that subjects were able to form mental models of program execution during task performance. Furthermore, our results suggest that subjects are able to retrieve and create schemata when the program is composed of familiar templates, which may improve their performance; we found indicators for a higher element-interactivity for programs with a merged code composition compared to abutted code composition.",scopus,llm,0.800,unreviewed,
kept,LMC + Scratch: A recipe to construct a mental model of program execution,Javed N.,2022,ACM International Conference Proceeding Series,10.1145/3498343.3498353,https://www.scopus.com/inward/record.uri?partnerID=HzOxMe3b&scp=85122636049&origin=inward,adjacent-subtopic,"Understanding how programs execute is one of the critical activities in the learning journey of a programmer. A novice constructs a mental model of program execution while learning programming. Any misconceptions at this stage lead to the development of a discrepant mental model. If left untreated, learning in advanced subjects like data structures and compiler construction may suffer. One of the ways to prevent the situation is carefully and explicitly unveiling the details of program execution. We employed Little Man Computer (LMC) for this purpose. Its interactive visual interface helped them internalise how software interacted with the hardware to achieve the programmer’s objective. After spending a few sessions on the programming of LMC, we moved to Scratch. Scratch is a much higher-level language than the LMC assembly. So, while introducing Scratch programming constructs, we mapped the LMC equivalents of these instructions. The strategy helped evade several misconceptions by developing a deep understanding of the program execution model. It also served as a building block for introducing other concepts like state, abstraction, the need for higher-level languages and the role of compilers etc. We tried this approach in an Introduction to Computer Science module where most students had zero or very minimal exposure to programming. We received positive feedback from students and other fellow teachers teaching in the subsequent semesters.",scopus,llm,0.950,unreviewed,
discarded,"Proceedings - 6th Conference on Computing Education Practice, CEP 2022",,2022,ACM International Conference Proceeding Series,,https://www.scopus.com/inward/record.uri?partnerID=HzOxMe3b&scp=85122628388&origin=inward,off-topic-false-hit,,scopus,llm,0.990,unreviewed,
kept,Is there Method in Your Mistakes? Capturing Error Contexts by Graph Mining for Targeted Feedback,Jahnke M.,2022,Proceedings of the 15th International Conference on Educational Data Mining Edm 2022,10.5281/zenodo.6853193,https://www.scopus.com/inward/record.uri?partnerID=HzOxMe3b&scp=85174820068&origin=inward,adjacent-subtopic,"The value of an instructor is that she exactly recognizes what the learner is struggling with and provides constructive feedback straight to the point. This work aims at a step towards this type of feedback in the context of an introductory programming course, where students perform program execution tracing to align their understanding of Java instructions with reality. The students' submissions are analyzed for repeating mistakes across different exercises by representing the context surrounding the error by a graph and applying graph mining techniques to discover their common grounds. The patterns need to be annotated only once and help to address misconceptions of individual students. They may also be used to select follow-up exercises automatically, that contain the same intricacy.",scopus,llm,0.950,unreviewed,
kept,Making the Invisible Visible in Computational Notebooks,Merino M.V.,2022,Proceedings of IEEE Symposium on Visual Languages and Human Centric Computing Vl Hcc,10.1109/VL/HCC53370.2022.9833148,https://www.scopus.com/inward/record.uri?partnerID=HzOxMe3b&scp=85147016169&origin=inward,supports-claim,"—Notebooks are increasingly popular programming tools adopted by a diverse range of users, including professional and novice users, from various fields not necessarily skilled in software engineering, to experiment with programming and develop software. Notebooks are often used within interactive and exploratory programming settings; however, some of their main use cases are not naturally supported by their design. For example, users can only get insights into the program’s state by executing program fragments and updating one’s mental model. This paper discusses the possibility of defining widgets to improve notebooks by providing direct insights into the program state. The widgets are developed upon previous work in which a novel approach to incremental programming is suggested based on the notion of an exploring interpreter. As example, we present widgets for visualizing execution history and variable assignments, thereby reducing the cognitive load on users.",scopus,llm,0.860,unreviewed,
kept,The impact of using program visualization techniques on learning basic programming concepts at the K–12 level,Mladenović M.,2021,Computer Applications in Engineering Education,10.1002/cae.22315,https://www.scopus.com/inward/record.uri?partnerID=HzOxMe3b&scp=85089297101&origin=inward,adjacent-subtopic,"Novices enrolled in introductory programming courses often face many difficulties. These difficulties are more emphasized when novices are K–12 students. Many new visual programming languages have primarily been designed to provide a smooth introduction to programming for children. However, at some point, a general‐purpose text‐based programming language should be used. A well‐known and studied method is to visualize program execution to assist novices in forming correct mental models. Although many studies have investigated the effects of using visualizations in teaching and learning, most of them focus on courses taught at the university level. Studies that focus on investigating the impact of program visualizations at the K–12 level are, to the best of our knowledge, scarce. Therefore, we investigated the impact of using program visualizations with a group of K–12 students. Because of the underrepresentation of girls in computer science and known gender stereotypes, we additionally investigated student performance based on gender. Our research included 98 fifth‐grade students from three elementary schools. The lectures in the experimental group included different visualization techniques, including a program visualization tool and PowerPoint animations, whereas the control group had no program visualizations. All students learned Python as part of their curriculum. We present the results of our research in this paper.",scopus,llm,0.930,unreviewed,
kept,Measuring instruction comprehension by mining memory traces for early formative feedback in Java courses,Höppner F.,2019,Annual Conference on Innovation and Technology in Computer Science Education Iticse,10.1145/3304221.3325529,https://www.scopus.com/inward/record.uri?partnerID=HzOxMe3b&scp=85070890376&origin=inward,adjacent-subtopic,"To support students in a computer science programme in their first steps with programming in Java, we provide a tool for early formative feedback regarding the comprehension of the instruction types. The tool asks the students to enter memory traces for ordinary Java programs. To increase the effectiveness, we consider how to provide substantial hints to the students, where exactly they have to change their mental model of program execution. This requires the detection of co-occurring problems across multiple Java programs. We present a data mining approach that allows to automatically detect code fragments that cause systematic difficulties in the group of students. First results are promising and the desired effective feedback seems within reach.",scopus,llm,0.970,unreviewed,
