status,title,authors,year,venue,doi,url,tags,abstract,provider,decision_source,llm_confidence,llm_review_outcome,llm_change_direction
discarded,STROBOSCOPE: State and Resource Based Simulation of Construction Processes,Julio C. Martínez,1996,Deep Blue (University of Michigan),10.7302/26756,https://openalex.org/W2464994113,off-topic-false-hit,"Construction processes range from the very simple to the very complex. Complex processes are difficult to analyze and optimize using standard mathematical methods. Simulation is an alternative method of analysis that offers numerous benefits. The construction simulation systems previously available could not model typical construction processes with the necessary level of detail. General purpose simulation systems, generally based on the process interaction strategy, cannot easily model the multiple resource requirements and dynamic complexity of construction processes. The purpose of this research was to remedy this situation and address the simulation modeling requirements of construction processes. The end result of this effort is Stroboscope, an acronym for STate and ResOurce Based Simulation of COnstruction ProcEsses. It is a general purpose simulation programming language specifically designed to model construction operations. Stroboscope models consist of a series of programming statements that define a network of interconnected modeling elements, give the elements unique behavior, and control the simulation. Stroboscope's ability to dynamically access the state of the simulation and the properties of the resources involved in an operation differentiate it from other construction simulation tools. The state of the simulation refers to such things as the number of trucks waiting to be loaded; the current simulation time; the number of times an activity has occurred; and the last time a particular activity started. Access to the properties of resources means that operations can be sensitive to resource properties - such as size, weight, and cost - on an individual (the size of the specific loader used in an operation) or an aggregate basis (the sum of the weights of a set of steel shapes waiting to be erected). Stroboscope modeling elements have attributes - defined through programming statements - that define how they behave throughout a simulation. Attributes represent such things as the duration or priority of an activity, the discipline of a queue, and the amount of resource that flows from one element to another. It is possible to specify most attributes with expressions. Attributes have default values that provide the most common and expected behavior. Expressions are composed of constants; system-maintained variables that access the state of the simulation and the properties of resources; user-defined variables; logical, arithmetic, and conditional operators; and scientific, statistical, and mathematical functions. Stroboscope simulation models can consider uncertainty in any aspect of the real system being represented (and not just time). A typical example is the uncertainty in the quantities of resources produced or consumed (e.g., the volume of rock resulting from a dynamite blast). Stroboscope models can also select the routing of resources and the sequence of operations dynamically; allocate resources to activities based on complex selection schemes; combine resources and dynamically assign properties to the resulting compound resource; and activate operations subject to complex startup conditions not directly related to resource availability (e.g., do not blast rock until all crews of all trades have left the vicinity, the wiring has been inspected, and there are less than 10 minutes left in the current shift). The Stroboscope language includes most of the capabilities desirable of general purpose simulation languages such as multiple random number streams; sophisticated stream management; antithetic variates; built-in functions that sample from a wide range of probability distributions; the ability to reset statistical registers or the model itself; a source level flow control language; and a statement pre-processor that allows the parameterized generation of code (i.e., code that writes code). Stroboscope also has some of the characteristics of general purpose programming languages such as built-in logarithmic and trigonometric functions; conventional variables and arrays; and structured flow control with while-wend and if-elseif-else-endif blocks. In addition, Stroboscope can be seamlessly extended with Add-Ons. Add-Ons are dynamic link libraries written according to the Stroboscope Add-On Interface with conventional compiled languages such as C, C++, Pascal, and Fortran.",openalex,llm,0.940,unreviewed,
discarded,CIGALE: a python Code Investigating GALaxy Emission,M. Boquien; D. Burgarella; Y. Roehlly; V. Buat; L. Ciesla; D. Corre; Akio Inoue; H. Salas,2018,Astronomy and Astrophysics,10.1051/0004-6361/201834156,https://openalex.org/W2899552690,off-topic-false-hit,"Context . Measuring how the physical properties of galaxies change across cosmic times is essential to understand galaxy formation and evolution. With the advent of numerous ground-based and space-borne instruments launched over the past few decades we now have exquisite multi-wavelength observations of galaxies from the far-ultraviolet (FUV) to the radio domain. To tap into this mine of data and obtain new insight into the formation and evolution of galaxies, it is essential that we are able to extract information from their spectral energy distribution (SED). Aims . We present a completely new implementation of Code Investigating GALaxy Emission ( CIGALE ). Written in python , its main aims are to easily and efficiently model the FUV to radio spectrum of galaxies and estimate their physical properties such as star formation rate, attenuation, dust luminosity, stellar mass, and many other physical quantities. Methods . To compute the spectral models, CIGALE builds composite stellar populations from simple stellar populations combined with highly flexible star formation histories, calculates the emission from gas ionised by massive stars, and attenuates both the stars and the ionised gas with a highly flexible attenuation curve. Based on an energy balance principle, the absorbed energy is then re-emitted by the dust in the mid- and far-infrared domains while thermal and non-thermal components are also included, extending the spectrum far into the radio range. A large grid of models is then fitted to the data and the physical properties are estimated through the analysis of the likelihood distribution. Results . CIGALE is a versatile and easy-to-use tool that makes full use of the architecture of multi-core computers, building grids of millions of models and analysing samples of thousands of galaxies, both at high speed. Beyond fitting the SEDs of galaxies and parameter estimations, it can also be used as a model-generation tool or serve as a library to build new applications.",openalex,llm,0.970,unreviewed,
discarded,The hippocampus and the flexible use and processing of language,Melissa C. Duff; Sarah Brown‐Schmidt,2012,Frontiers in Human Neuroscience,10.3389/fnhum.2012.00069,https://openalex.org/W2026405123,off-topic-false-hit,"Fundamental to all human languages is an unlimited expressive capacity and creative flexibility that allow speakers to rapidly generate novel and complex utterances. In turn, listeners interpret language ""on-line,"" incrementally integrating multiple sources of information as words unfold over time. A challenge for theories of language processing has been to understand how speakers and listeners generate, gather, integrate, and maintain representations in service of language processing. We propose that many of the processes by which we use language place high demands on and receive contributions from the hippocampal declarative memory system. The hippocampal declarative memory system is long known to support relational binding and representational flexibility. Recent findings demonstrate that these same functions are engaged during the real-time processes that support behavior in-the-moment. Such findings point to the hippocampus as a potentially key contributor to cognitive functions that require on-line integration of multiple sources of information, such as on-line language processing. Evidence supporting this view comes from findings that individuals with hippocampal amnesia show deficits in the use of language flexibly and on-line. We conclude that the relational binding and representational flexibility afforded by the hippocampal declarative memory system positions the hippocampus as a key contributor to language use and processing.",openalex,llm,0.990,unreviewed,
discarded,Finding Our Way through Phenotypes,Andrew Deans; Suzanna Lewis; Eva Huala; Salvatore S. Anzaldo; Michael Ashburner; James P. Balhoff; David C. Blackburn; Judith A. Blake; J. Gordon Burleigh; Bruno Chanet; Laurel Cooper; Mélanie Courtot; Sándor Csősz; Hong Cui; Wasila Dahdul; Sandip Das; T. Alexander Dececchi; Agnès Dettaı̈; Rui Diogo; Robert E. Druzinsky; Michel Dumontier; Nico M. Franz; Frank Friedrich; George V. Gkoutos; Melissa Haendel; Luke J. Harmon; Terry F. Hayamizu; Yongqun He; Heather M. Hines; Nizar Ibrahim; Laura M. Jackson; Pankaj Jaiswal; Christina James‐Zorn; Sebastian Köhler; Guillaume Lecointre; Hilmar Lapp; Carolyn J. Lawrence; Nicolas Le Novère; John G. Lundberg; James Macklin; Austin Mast; Peter Midford; István Mikó; Chris Mungall; Anika Oellrich; David Osumi-Sutherland; Helen Parkinson; Martín J. Ramiréz; Stefan Richter; Peter N. Robinson; Alan Ruttenberg; Katja Schulz; Erik Segerdell; Katja C. Seltmann; Michael J. Sharkey; Aaron D. Smith; Barry Smith; Chelsea D. Specht; R. Burke Squires; Robert Thacker; Anne Thessen; José Fernández-Triana; Mauno Vihinen; Peter D. Vize; Lars Vogt; Christine E. Wall; Ramona Walls; Westerfeld Monte; Robert A. Wharton; Christian S. Wirkner; James B. Woolley; Matthew Yoder; Aaron M. Zorn; Paula Mabee,2015,PLoS Biology,10.1371/journal.pbio.1002033,https://openalex.org/W1964255443,off-topic-false-hit,"Despite a large and multifaceted effort to understand the vast landscape of phenotypic data, their current form inhibits productive data analysis. The lack of a community-wide, consensus-based, human- and machine-interpretable language for describing phenotypes and their genomic and environmental contexts is perhaps the most pressing scientific bottleneck to integration across many key fields in biology, including genomics, systems biology, development, medicine, evolution, ecology, and systematics. Here we survey the current phenomics landscape, including data resources and handling, and the progress that has been made to accurately capture relevant data descriptions for phenotypes. We present an example of the kind of integration across domains that computable phenotypes would enable, and we call upon the broader biology community, publishers, and relevant funding agencies to support efforts to surmount today's data barriers and facilitate analytical reproducibility.",openalex,llm,0.970,unreviewed,
discarded,On Learning Interpreted Languages with Recurrent Models,Denis Paperno,2022,Computational Linguistics,10.1162/coli_a_00431,https://openalex.org/W4206243471,off-topic-false-hit,"Abstract Can recurrent neural nets, inspired by human sequential data processing, learn to understand language? We construct simplified data sets reflecting core properties of natural language as modeled in formal syntax and semantics: recursive syntactic structure and compositionality. We find LSTM and GRU networks to generalize to compositional interpretation well, but only in the most favorable learning settings, with a well-paced curriculum, extensive training data, and left-to-right (but not right-to-left) composition.",openalex,llm,0.990,unreviewed,
discarded,Transformations and Categories in Syntax,Joan Bresnan,1977,,10.1007/978-94-017-0837-1_16,https://openalex.org/W1016149200,off-topic-false-hit,,openalex,llm,0.980,unreviewed,
discarded,Decoder-Only or Encoder-Decoder? Interpreting Language Model as a Regularized Encoder-Decoder,Zihao Fu; Wai Lam; Qian Yu; Anthony Man–Cho So; Shengding Hu; Zhiyuan Liu; Nigel Collier,2023,arXiv (Cornell University),10.48550/arxiv.2304.04052,https://openalex.org/W4364382977,off-topic-false-hit,"The sequence-to-sequence (seq2seq) task aims at generating the target sequence based on the given input source sequence. Traditionally, most of the seq2seq task is resolved by the Encoder-Decoder framework which requires an encoder to encode the source sequence and a decoder to generate the target text. Recently, a bunch of new approaches have emerged that apply decoder-only language models directly to the seq2seq task. Despite the significant advancements in applying language models to the seq2seq task, there is still a lack of thorough analysis on the effectiveness of the decoder-only language model architecture. This paper aims to address this gap by conducting a detailed comparison between the encoder-decoder architecture and the decoder-only language model framework through the analysis of a regularized encoder-decoder structure. This structure is designed to replicate all behaviors in the classical decoder-only language model but has an encoder and a decoder making it easier to be compared with the classical encoder-decoder structure. Based on the analysis, we unveil the attention degeneration problem in the language model, namely, as the generation step number grows, less and less attention is focused on the source sequence. To give a quantitative understanding of this problem, we conduct a theoretical sensitivity analysis of the attention output with respect to the source input. Grounded on our analysis, we propose a novel partial attention language model to solve the attention degeneration problem. Experimental results on machine translation, summarization, and data-to-text generation tasks support our analysis and demonstrate the effectiveness of our proposed model.",openalex,llm,0.990,unreviewed,
kept,Programming Language Concepts,Field Cady,2024,,10.1002/9781394234523.ch20,https://openalex.org/W4404172550,qualifies-claim,"Beyond any particular language, this chapter gives an overview of the key concepts behind them and what they mean for your project. There is a treatment of the main programming paradigms – imperative, object-oriented, and functional – their most important concepts, and what they look like in Python. Compiled and interpreted languages are covered, along with the gray areas of JIT compilation and bytecode. Finally, there is a discussion of type systems and the performance advantages they unlock.",openalex,llm,0.950,unreviewed,
discarded,Sustainability and Collaboration: Crossdisciplinary and Cross-Sector Horizons,Julie Thompson Klein,2020,Sustainability,10.3390/su12041515,https://openalex.org/W3006901507,off-topic-false-hit,"The title of this article signals increasing collaboration across boundaries aimed at understanding and solving complex scientific and societal problems. The article is a reflective analysis of five intersecting keywords in discussions of sustainability and boundary crossing. This genre of discourse studies interprets language use, drawing in this case on a representative sample of authoritative definitions, case studies, and state-of-the-art accounts. The Introduction situates the discussion around the increasing number and size of teams as well as research across both academic disciplines and other sectors, followed by the five keywords that structure the overall argument. Section 2 examines the first of the five keywords, defining interdisciplinarity by marking its alignment with integration, confluence, interdependence, interaction, and balance. Section 3 considers the second keyword—transdisciplinarity—by tracing evolution of a problem-focused connotation, links to sustainability, inclusion of stakeholders, the imperative of critique, and transdisciplinary action research. Section 4 brings together insights on inter- and trans-disciplinarity in a composite “crossdisciplinary” alignment with collaboration, factoring in the nature of teamwork, public engagement, and translation. Section 5 then turns to learning, noting the difference between education and training then emphasizing transformative capacity, double- and triple-loop learning, reflexivity, and a transdisciplinary orientation. Section 6 takes up the final keyword—knowledge—by calling attention to inclusion, indigenous and local perspectives, nomothetic versus idiographic perspectives, the question of fit, and the nature of crossdisciplinary knowledge. The article concludes by identifying future research needs.",openalex,llm,0.990,unreviewed,
discarded,Automatic generation of finite-element code by simultaneous optimization of expressions,Jože Korelc,1997,Theoretical Computer Science,10.1016/s0304-3975(97)00067-4,https://openalex.org/W2090219761,off-topic-false-hit,"Abstract The paper presents a MATHEMATICA package SMS (Symbolic Mechanics System) for the automatic derivation of formulas needed in nonlinear finite element analysis. Symbolic generation of the characteristic arrays of nonlinear finite elements (e.g. nodal force vectors, stiffness matrices, sensitivity vectors) leads to exponential behavior, both in time and space. A new approach, implemented in SMS, avoids this problem by combining several techniques: symbolic capabilities of Mathematica, automatic differentiation technique, simultaneous optimization of expressions and a stochastic evaluation of the formulas instead of a conventional pattern matching technique. SMS translates the derived symbolic formulas into an efficient compiled language (FORTRAN or C). The generated code is then incorporated into an existing finite element analysis environment. SMS was already used to developed several new, geometrically and materially nonlinear finite elements with up to 72 degrees of freedom. The design and implementation of SMS are presented. Efficiency of the new approach is compared with the efficiency of the manually written code on an example.",openalex,llm,0.950,unreviewed,
discarded,Correcting Students' Misconceptions in Physics Using Experiments Designed by ChatGPT,Konstantinos Τ. Kotsis,2024,European Journal of Contemporary Education and E-Learning,10.59324/ejceel.2024.2(2).07,https://openalex.org/W4396494744,off-topic-false-hit,"This study examines the impact of using ChatGPT in a physics classroom on correcting students' misconceptions via ChatGPT creation and experiment procedures. By incorporating artificial intelligence chatbots such as ChatGPT into education, teachers and students may have in-depth conversations to enhance their comprehension of physics ideas and put their knowledge into practice in real-life situations. This method provides individualised feedback and support, helping students correct misconceptions promptly and gain a more profound comprehension of the topic. ChatGPT facilitates experiment-designing activities for students to actively engage in the scientific process, test ideas, and improve their thinking based on results. Integrating ChatGPT in the classroom may improve student learning outcomes in physics by developing critical thinking abilities, boosting cooperation, and building a greater understanding of the scientific process.",openalex,llm,0.990,unreviewed,
discarded,Exploring genre variation and simplification in interpreted language from comparable and intermodal perspectives,Cui Xu; Dechao Li,2022,Babel Revue internationale de la traduction / International Journal of Translation / Revista Internacional de Traducción,10.1075/babel.00289.cui,https://openalex.org/W4297383944,off-topic-false-hit,"Abstract This article explores genre variation and simplification in interpreted language from both comparable (interpreted vs. non-interpreted/non-mediated) and intermodal (interpreted vs. translated) perspectives. It draws on a newly built unidirectional comparable and intermodal corpus named the LegCo+, which features legislative proceedings in the Legislative Council of Hong Kong (including originals and their translations and interpretations from Cantonese to English), as well as original plenary speeches delivered by native English speakers in the UK Parliament. It investigates the variation patterns of four simplification features in three dimensions, namely, standardized type-token ratio (STTR) and list heads for lexical diversity, lexical density for informativeness, and average sentence length for lexical sophistication. It aims to uncover the effects of mediation and genre, as well as their interaction effects on linguistic variation. The results indicate that texts of different mediation statuses and genre categories vary with respect to simplification patterns. From a comparable perspective, interpretations rely on a narrower range of vocabulary than non-interpretations, but they are also more informative, and such informativeness is dependent on genre categories. Intermodally speaking, interpretations exhibit consistent patterns of simplification, indicating a strong modality (or mode of mediation) effect.",openalex,llm,1.000,unreviewed,
