status,title,authors,year,venue,doi,url,tags,abstract,provider,decision_source,llm_confidence,llm_review_outcome,llm_change_direction
discarded,Towards Measuring Supply Chain Attacks on Package Managers for Interpreted Languages,Ruian Duan; Omar Alrawi; Ranjita Pai Kasturi; Ryan Elder; Brendan Saltaformaggio; Wenke Lee,2021,,10.14722/ndss.2021.23055,https://openalex.org/W3138230581,off-topic-false-hit,"organizations that rely on open-source interpreted programming languages for different internal and external applications. Attackers can infiltrate well-defended organization by simply subverting the software supply chain of registries. For example, eslint-scope [4], a package with millions of weekly downloads in Npm, was compromised to steal credentials from developers. Similarly, rest-client These attacks demonstrate how miscreants can covertly gain access to a wide-range of organizations by carrying out a software supply chain attack.",openalex,llm,0.970,unreviewed,
discarded,MERRILL: Micromagnetic Earth Related Robust Interpreted Language Laboratory,Pádraig Ó Conbhuí; Wyn Williams; Karl Fabian; P.H.W. Ridley; Lesleis Nagy; Adrian R. Muxworthy,2018,Geochemistry Geophysics Geosystems,10.1002/2017gc007279,https://openalex.org/W2794440902,off-topic-false-hit,"Complex magnetic domain structures and the energy barriers between them are responsible for pseudo-single-domain phenomena in rock magnetism and contribute significantly to the magnetic remanence of paleomagnetic samples. This article introduces MERRILL, an open source software package for three-dimensional micromagnetics optimized and designed for the calculation of such complex structures. MERRILL has a simple scripting user interface that requires little computational knowledge to use but provides research strength algorithms to model complex, inhomogeneous domain structures in magnetic materials. It uses a finite element/boundary element numerical method, optimally suited for calculating magnetization structures of local energy minima (LEM) in irregular grain geometries that are of interest to the rock and paleomagnetic community. MERRILL is able to simulate the magnetic characteristics of LEM states in both single grains, and small assemblies of interacting grains, including saddle-point paths between nearby LEMs. Here the numerical model is briefly described, and an overview of the scripting language and available commands is provided. The open source nature of the code encourages future development of the model by the scientific community.",openalex,llm,0.950,unreviewed,
discarded,"Macromolecular structure determination using X-rays, neutrons and electrons: recent developments in Phenix",Dorothée Liebschner; Pavel V. Afonine; Matthew L. Baker; Gàbor Bunkòczi; Vincent B. Chen; Tristan I. Croll; Bradley J. Hintze; Li‐Wei Hung; Swati Jain; Airlie J. McCoy; Nigel W. Moriarty; Robert D. Oeffner; Billy K. Poon; Michael G. Prisant; Randy J. Read; Jane S. Richardson; David Richardson; Massimo Sammito; Oleg V. Sobolev; Duncan H. Stockwell; Thomas C. Terwilliger; Alexandre Urzhumtsev; Lizbeth L. Videau; Christopher J. Williams; Paul D. Adams,2019,Acta Crystallographica Section D Structural Biology,10.1107/s2059798319011471,https://openalex.org/W2973457155,off-topic-false-hit,"Diffraction (X-ray, neutron and electron) and electron cryo-microscopy are powerful methods to determine three-dimensional macromolecular structures, which are required to understand biological processes and to develop new therapeutics against diseases. The overall structure-solution workflow is similar for these techniques, but nuances exist because the properties of the reduced experimental data are different. Software tools for structure determination should therefore be tailored for each method. Phenix is a comprehensive software package for macromolecular structure determination that handles data from any of these techniques. Tasks performed with Phenix include data-quality assessment, map improvement, model building, the validation/rebuilding/refinement cycle and deposition. Each tool caters to the type of experimental data. The design of Phenix emphasizes the automation of procedures, where possible, to minimize repetitive and time-consuming manual tasks, while default parameters are chosen to encourage best practice. A graphical user interface provides access to many command-line features of Phenix and streamlines the transition between programs, project tracking and re-running of previous tasks.",openalex,llm,0.980,unreviewed,
discarded,Myths we live and speak by,Winifred V. Davies,2012,Multilingualism and diversity management,10.1075/mdm.1.04dav,https://openalex.org/W2543703848,off-topic-false-hit,"This chapter examines beliefs about language(s), showing how they are rooted in and help maintain a standard language ideology, i.e. the conviction that certain languages exist in uniform standardised forms and that such forms are desirable. Such an ideology is widespread, although not universal, and has influenced lay and expert approaches to the study of language(s), as I show for example in a discussion of the concepts “vernacular” and “variety”. Characteristics of the standard, like uniformity and determinacy, are postulated as ideal characteristics of all varieties. Speakers influenced by standard language ideology often interpret language contact and language “mixing” negatively as incompetent or sloppy language use. I discuss alternative ways of conceptualising language that might encourage a more positive view of multilingualism.",openalex,llm,0.990,unreviewed,
discarded,The kindergarten-path effect: studying on-line sentence processing in young children,John C. Trueswell; Irina A. Sekerina; Nicole M. Hill; Marian L. Logrip,1999,Cognition,10.1016/s0010-0277(99)00032-3,https://openalex.org/W1975046435,off-topic-false-hit,"A great deal of psycholinguistic research has focused on the question of how adults interpret language in real time. This work has revealed a complex and interactive language processing system capable of rapidly coordinating linguistic properties of the message with information from the context or situation (e.g. Altmann & Steedman, 1988; Britt, 1994; Tanenhaus, Spivey-Knowlton, Eberhard & Sedivy, 1995; Trueswell & Tanenhaus, 1991). In the study of language acquisition, however, surprisingly little is known about how children process language in real time and whether they coordinate multiple sources of information during interpretation. The lack of child research is due in part to the fact that most existing techniques for studying language processing have relied upon the skill of reading, an ability that young children do not have or are only beginning to acquire. We present here results from a new method for studying children's moment-by-moment language processing abilities, in which a head-mounted eye-tracking system was used to monitor eye movements as participants responded to spoken instructions. The results revealed systematic differences in how children and adults process spoken language: Five Year Olds did not take into account relevant discourse/pragmatic principles when resolving temporary syntactic ambiguities, and showed little or no ability to revise initial parsing commitments. Adults showed sensitivity to these discourse constraints at the earliest possible stages of processing, and were capable of revising incorrect parsing commitments. Implications for current models of sentence processing are discussed.",openalex,llm,1.000,unreviewed,
discarded,Theft Is Property!,Robert Nichols,2020,Directory of Open access Books (OAPEN Foundation),10.1215/9781478090250,https://openalex.org/W4214850670,off-topic-false-hit,"Drawing on Indigenous peoples' struggles against settler colonialism, Theft Is Property! reconstructs the concept of dispossession as a means of explaining how shifting configurations of law, property, race, and rights have functioned as modes of governance, both historically and in the present. Through close analysis of arguments by Indigenous scholars and activists from the nineteenth century to the present, Robert Nichols argues that dispossession has come to name a unique recursive process whereby systematic theft is the mechanism by which property relations are generated. In so doing, Nichols also brings long-standing debates in anarchist, Black radical, feminist, Marxist, and postcolonial thought into direct conversation with the frequently overlooked intellectual contributions of Indigenous peoples.",openalex,llm,1.000,unreviewed,
discarded,Pybel: a Python wrapper for the OpenBabel cheminformatics toolkit,Noel M. O’Boyle; Chris Morley; Geoffrey Hutchison,2008,Chemistry Central Journal,10.1186/1752-153x-2-5,https://openalex.org/W2114326383,off-topic-false-hit,"BACKGROUND: Scripting languages such as Python are ideally suited to common programming tasks in cheminformatics such as data analysis and parsing information from files. However, for reasons of efficiency, cheminformatics toolkits such as the OpenBabel toolkit are often implemented in compiled languages such as C++. We describe Pybel, a Python module that provides access to the OpenBabel toolkit. RESULTS: Pybel wraps the direct toolkit bindings to simplify common tasks such as reading and writing molecular files and calculating fingerprints. Extensive use is made of Python iterators to simplify loops such as that over all the molecules in a file. A Pybel Molecule can be easily interconverted to an OpenBabel OBMol to access those methods or attributes not wrapped by Pybel. CONCLUSION: Pybel allows cheminformaticians to rapidly develop Python scripts that manipulate chemical information. It is open source, available cross-platform, and offers the power of the OpenBabel toolkit to Python programmers.",openalex,llm,0.910,unreviewed,
kept,Prototyping symbolic execution engines for interpreted languages,Ștefan Bucur; Johannes Kinder; George Candea,2014,,10.1145/2541940.2541977,https://openalex.org/W2112448454,supports-claim,"Symbolic execution is being successfully used to automatically test statically compiled code. However, increasingly more systems and applications are written in dynamic interpreted languages like Python. Building a new symbolic execution engine is a monumental effort, and so is keeping it up-to-date as the target language evolves. Furthermore, ambiguous language specifications lead to their implementation in a symbolic execution engine potentially differing from the production interpreter in subtle ways.",openalex,llm,0.910,unreviewed,
discarded,Interpreting Language Models with Contrastive Explanations,Kayo Yin; Graham Neubig,2022,,10.18653/v1/2022.emnlp-main.14,https://openalex.org/W4385572952,off-topic-false-hit,"Model interpretability methods are often used to explain NLP model decisions on tasks such as text classification, where the output space is relatively small. However, when applied to language generation, where the output space often consists of tens of thousands of tokens, these methods are unable to provide informative explanations. Language models must consider various features to predict a token, such as its part of speech, number, tense, or semantics. Existing explanation methods conflate evidence for all these features into a single explanation, which is less interpretable for human understanding.",openalex,llm,1.000,unreviewed,
discarded,Interpreted Languages and Compositionality,Marcus Kracht,2011,Studies in linguistics and philosophy,10.1007/978-94-007-2108-1,https://openalex.org/W354880293,off-topic-false-hit,,openalex,llm,0.980,unreviewed,
discarded,Generalized Feedback Shift Register Pseudorandom Number Algorithm,T. Lewis; William H. Payne,1973,Journal of the ACM,10.1145/321765.321777,https://openalex.org/W2020736457,off-topic-false-hit,"The generalized feedback shift register pseudorandom number algorithm has several advantages over all other pseudorandom number generators. These advantages are: (1) it produces multidimensional pseudorandom numbers; (2) it has an arbitrarily long period independent of the word size of the computer on which it is implemented; (3) it is faster than other pseudorandom number generators; (4) the “same” floating-point pseudorandom number sequence is obtained on any machine, that is, the high order mantissa bits of each pseudorandom number agree on all machines— examples are given for IBM 360, Sperry-Rand-Univac 1108, Control Data 6000, and Hewlett-Packard 2100 series computers; (5) it can be coded in compiler languages (it is portable); (6) the algorithm is easily implemented in microcode and has been programmed for an Interdata computer.",openalex,llm,0.990,unreviewed,
discarded,Understanding POWER multiprocessors,Susmit Sarkar; Peter Sewell; Jade Alglave; Luc Maranget; Derek Williams,2011,ACM SIGPLAN Notices,10.1145/1993316.1993520,https://openalex.org/W2111858071,adjacent-subtopic,"Exploiting today's multiprocessors requires high-performance and correct concurrent systems code (optimising compilers, language runtimes, OS kernels, etc.), which in turn requires a good understanding of the observable processor behaviour that can be relied on. Unfortunately this critical hardware/software interface is not at all clear for several current multiprocessors. In this paper we characterise the behaviour of IBM POWER multiprocessors, which have a subtle and highly relaxed memory model (ARM multiprocessors have a very similar architecture in this respect). We have conducted extensive experiments on several generations of processors: POWER G5, 5, 6, and 7. Based on these, on published details of the microarchitectures, and on discussions with IBM staff, we give an abstract-machine semantics that abstracts from most of the implementation detail but explains the behaviour of a range of subtle examples. Our semantics is explained in prose but defined in rigorous machine-processed mathematics; we also confirm that it captures the observable processor behaviour, or the architectural intent, for our examples with an executable checker. While not officially sanctioned by the vendor, we believe that this model gives a reasonable basis for reasoning about current POWER multiprocessors. Our work should bring new clarity to concurrent systems programming for these architectures, and is a necessary precondition for any analysis or verification. It should also inform the design of languages such as C and C++, where the language memory model is constrained by what can be efficiently compiled to such multiprocessors.",openalex,llm,0.990,unreviewed,
discarded,Language contact outcomes as the result of bilingual optimization strategies,Pieter Muysken,2013,Bilingualism Language and Cognition,10.1017/s1366728912000727,https://openalex.org/W1997011521,off-topic-false-hit,"This paper sketches a comprehensive framework for modeling and interpreting language contact phenomena, with speakers’ bilingual strategies in specific scenarios of language contact as its point of departure. Bilingual strategies are conditioned by social factors, processing constraints of speakers’ bilingual competence, and perceived language distance. In a number of domains of language contact studies important progress has been made, including Creole studies, code-switching, language development, linguistic borrowing, and areal convergence. Less attention has been paid to the links between these fields, so that results in one domain can be compared with those in another. These links are approached here from the perspective of speaker optimization strategies. Four strategies are proposed: maximize structural coherence of the first language (L1); maximize structural coherence of the second language (L2); match between L1 and L2 patterns where possible; and rely on universal principles of language processing. These strategies can be invoked to explain outcomes of language contact. Different outcomes correspond to different interactions of these strategies in bilingual speakers and their communities.",openalex,llm,0.990,unreviewed,
discarded,"In Babel's Shadow: Language, Philology, and the Nation in Nineteenth-Century Germany",Tuska Benes,2008,,,https://openalex.org/W417427348,off-topic-false-hit,"This book presents a comprehensive cultural history of the language sciences in nineteenth-century Germany.In contrast to fields like anthropology, the history of linguistics has received remarkably little attention outside of its own discipline despite the undeniable impact language study has had on the modern period. In Babel's Shadow situates German language scholarship in relation to European nationalism, nineteenth-century notions of race and ethnicity, the methodologies of humanistic inquiry, and debates over the interpretation of scripture. Author Tuska Benes investigates how the German nation came to be defined as a linguistic community and argues that the 'linguistic turn' in today's social sciences and humanities can be traced to the late eighteenth century, emerging within a German tradition of using language to critique the production of knowledge.In this volume, Benes suggests that nineteenth-century philologists interpreted language as evidence of ethnic descent and created influential myths of cultural origin around the perceived starting points of their mother tongue. She argues that the origin paradigm so prevalent in German linguistic thought reinforced the historical and ethnic focus of German nationhood, with important implications for German theologians, cultural critics, philosophers, and racial theorists. In Babel's Shadow also contextualizes the importance of linguistics to modern cultural studies by arguing that the cultural significance attributed to language in twentieth-century French philosophy dates to the late eighteenth century and has clear precedents in theology. Benes links the German tradition of reflecting on the autonomous powers of language to the work of the fathers of structuralist and poststructuralist thought, Ferdinand de Saussure and Friedrich Nietzsche.In Babel's Shadow makes clear that comparative philology helped make language an important model and informing metaphor for other modes of thinking in the modern human sciences. Cultural and intellectual historians, scholars of German language and literature, and linguists will enjoy this illuminating volume.",openalex,llm,1.000,unreviewed,
