status,title,authors,year,venue,doi,url,tags,abstract,provider,decision_source,llm_confidence,llm_review_outcome,llm_change_direction
discarded,The Myth of the “Weak” American State,William J. Novak,2008,The American Historical Review,10.1086/ahr.113.3.752,https://openalex.org/W1970276993,off-topic-false-hit,"The American present is at odds with representations of the American past. The American present witnesses the steady aggrandizement of executive, administrative, emergency, penal, military, and war powers as contemporary commentators such as Michael Hardt, Antonio Negri, and Giorgio Agamben contemplate the contours of American hegemony and superpower in a new era of empire.1 The global impact of present American politics, political economy, and foreign policy is obvious to any casual observer of current affairs. The story of the American past, on the other hand, continues to be told in narratives that seem to be heading off somewhere else. In place of the growth of power, the history that America most frequently tells itself highlights a story of relative powerlessness—a usually benign tale of legal-political self-abnegation, emphasizing constitutional restraints such as federalism, checks and balances, the separation of powers, limited government, the rule of law, and laissez-faire. When presented more positively, American history is usually framed as a quest for freedom—the struggle for political liberty, emancipation from bondage, the rise of civil, economic, and social rights. Property, contract, and freedom of speech, press, and association form the constitutional backbone of a free market, a vigorous civil society, and a democratic polity—hallmarks of a free people. Oddly, key elements of this tale are kept alive in both older political histories of the liberal tradition in America and newer histories highlighting the rights and agency of particular cultural communities. Coming to terms with the historical rise of the mechanisms of legal, political, economic, corporate, and technological power that currently shape so much of the globe is thus a more difficult task than it should be. A true philosophical and political history of the American present continues to elude historians.2 This disjunction between historical perception and political reality is not an entirely new phenomenon in the United States. As early as 1887, in a penetrating essay titled “The American State and the American Man,” Albert Shaw chided Americans for their laissez-faire fantasy: “The average American has an unequaled capacity for the entertainment of legal fictions and kindred delusions. He lives in one world of theory and in another world of practice … Never for a moment relinquishing their theory [of laissez-faire], the people of the United States have assiduously pursued and cherished a practical policy utterly inconsistent with that theory, and have not perceived the discrepancy.” Surveying thousands of regulatory laws passed by state legislatures in the late nineteenth century, Shaw concluded that “the one common and striking characteristic of this huge collection of new statutes is its utter disregard of the laissez-faire principle … They deal with the citizen in every conceivable relation. They seem to have left nothing for future Legislatures to regulate.” One hundred years later, in the middle of Ronald Reagan's America, Senator Ernest “Fritz” Hollings (D-SC) similarly observed the powerful role of government in the construction of modern life and its renunciation in the American historical self-conception. Seeking the 1984 Democratic nomination for president, Hollings delivered a stump speech deploying several different versions of a story about “a guy who came home from the Korean War, went to college on a form of the GI Bill, opened a business with a Small Business Administration loan, made sure his parents' farm was adequately wired through Rural Electrification and irrigated with assistance from the Army Corps of Engineers, saw his kids get subsidized school lunches at a school that received lab equipment from a National Science Foundation grant, got his mortgage from the FHA and hurricane disaster relief from FEMA, and one day, took AMTRAK to Washington to complain to his congressman about getting big government off people's backs.” Like many Americans, “the guy” never saw the role of collective power in the creation of his individual declaration of independence.3 Shaw and Hollings reveal a disconnect at the heart of the American experience—a tension between the story that Americans themselves like to tell themselves about individualism, self-reliance, voluntarism, associationalism, free labor, and the free market and the actual history of the “concrete national institutions,” as Shaw put it, that have been capable of wielding such broad interventionist, coercive, and regulatory power at home as well as abroad. Samuel Huntington once dubbed this yawning gap between facts and norms “cognitive dissonance”—an almost pathological tendency to confuse a fictional American ideal with historical political reality. From Thomas Jefferson's elision of slavery in the Declaration of Independence to Ronald Reagan's anachronistic invocation of John Winthrop's shining “city upon a hill,” examples are obvious and legion and not always merely rhetorical. At the turn of the last century, Roscoe Pound surveyed the damage done when the United States Supreme Court took a “long step into the past” and imposed the fallacy of “liberty of contract” on modern industrial labor relations, as if the parties were still individual “farmers haggling over the sale of a horse.” As Pound's example suggests, the problem is one not so much of psychology as of political economy. Shaw and Hollings foreground a particular American version of the tension at the center of social and political thought—the between and power, freedom and and and and A of this American the power, and of the American much of modern history with the of powerful and the of their and of the American state one of the more in in a different and a The “the American is as of an in a of and When at the American version of a state is as not to the that modern and tendency to the American state its history as continues to a with American power in the The and of this historical of the American The of the American state is to the history of American the is to American constitutional and laissez-faire is to American political economy. Like the of and the of a American state is the of a tendency to American history as the history of the of a the historical and of is of the of America as a place of American from a state of As John with almost in the the was The the of individualism, civil society, free labor, and a free in American it the more historical and role of collective law, government, and in American In this the state itself is as of a that never a place in a and The of a American state in and on individualism, associationalism, and to the power of the state in many of democratic and have his American state was in “the government of the United States is to get by it from its of it the of the tradition of in the American state not on perceived to be an from the United States was a at “The of the of this State is not and and the for a not for a State and a a of has the of the late nineteenth and were of commentators to the to is in the United in an American political a characteristic the for the of the of the American state was the the heart of In the of with American to between American and the a of on an national historical American in liberty, voluntarism, and a market, the role of the state in social and In political such as to a a and national that as the of a for over individual over collective and and over and state this the history of the American state its and almost and regulatory in the of national cultural of was the American it was a the of an to new for the of the of and free the most to the of the of the American state is the to this has been by with and an social in the and the state to the of American by historical such as and political such as the of the American state The tendency to the American state as of a to of a continues the of of American political As American has not been by it has on a new new form has a of that the as to and American state power with and for another and The modern American state is still as and the of historical and by social in the of the nineteenth The tendency to about the American state the of has never been more for most the of that an of still to be The American state in of the most historical and “a “a “a and “a a an of the modern American state is an and its in the has a historical This on the of an of Samuel Thomas and the and the actual power and of the American state in this have been for the new and into state by their and early to such as in American and the of this has on a life and of its a more of and political who have of in an era when state have and more the American form of legal and is the The obvious present reality of American state power in the early is a of the history of the rise of a global The most and of this is that the American state is and always has been more interventionist, and than was in of histories of the American state to one of the facts about modern American of a and is contemporary American to the of of the and of the American American history has the in the of one of the most powerful in world that American history of the construction of American state power from the of the to the past. for has the history of the American the creation of a that “the true of the American was not to to more power, to and an entirely new power was a state in the United it have been the of government in a most of has similarly the of a powerful and national to the of the the historical that a national and regulatory the of the John has almost of the of government in the nineteenth through his of the role of the state in the and of from the to the and has government power at the center of the new history of and and As the of a of social and cultural and and of and were not the of laissez-faire a to on the powers of the state a for people The of the state is over The powerful role of the American state in labor has been the of a of on “the state and the has on the role of in the creation of a national in the United States. power was present in the social from such as to more in and is in this that John examples of in came from the United not and the of the The powers of American and are new has the history of American state of has the history of national and disaster a of new histories from John and have to the powerful of social and social The growth of and in the has on new in the histories of and One the rise of American national and the role of the the and powers in American to a state The of American state is the past, and for the in present should not be into that the American state is the and the and to a more of and laissez-faire. the the power of the government to and its well as other never been As contemporary should be to the of in late is and In to the of the American the historical well to the and construction of new of state power American This story of state not into such as modern social it not the to about American voluntarism, it is the story of the creation of powerful modern mechanisms of American and the rule of were of this new state as social one should not to a historical of liberal and legal elements with “The liberal state has always been as as the political and social and the of has and with the of it has its with the of it has and its with the of the it has and … has upon and law, upon and This of the American liberal both and law, and and new of historical In a of a of historical and political to the of “the of social theory and their in about the social and political of and the almost of American social theory and is more when of modern state The problem historical of the American state is the tendency to American into a the of modern more than a In the ideal of and are of modern a and legal and to a of business with to an of the power to rule and and the its and the to and the as by the and have the of modern from this to be as of to the of the the In the from the American state is almost to for state is an of state a of at the American state than from other of the and of American government to other that for the power of the American of more for the American The historical in this of and the American in the of new to the of an American of state are a of the of a to the problem of a of the of in American a of the power of the American rule of and a of the as was a when it made to the and of and as of state and the of political In the early century, such the world and the future to be by social different from the of the early and state than a of the political by and of and the and social of the century, the state of social theory more like a of the than a of the the to and have and when to their and American that and not well the a of have the of the United in the the of to be and the of the and the of the when about a state as about the of the of people At the an of the of should the state usually into a of the of The Michael a with his between different of state power and power, to the capacity of state to rule by other of power by civil power, in to the capacity of the state to civil and a for of the the power of the American The American state the American that is is about and powers and balances, and the constitutional of state terms life big the creation of a of government and an is this and of that most have in when about American American by this for power and for in the of state of power to be of and are not by the power is as as to any of power to be their upon the for the power the in the power of the American state have been the and of its power is and always has been From the of the national to the of from the creation of a for the of to the construction of a powerful and from the of powers of and to the of new of and in the of national the power of the American state at as American legal, corporate, economic, and cultural the is this about American state it the that the of the American state its is to to and state power than the by social was the problem of political for most of its for actual power of state in to have on social theory The problem of a new of power democratic and modern power more with a individual the the as well as into the of modern social and the problem of early American social The of and John the of and John the of and and the of Roscoe Pound and an for modern state One of the of the of John and their was to a about the of ideal and of legal as to the In place of the practical world to ideal a more and in the an and to and by actual and of and in As so put it, was that to an to from one place to another and to common of and historical In place of about and the actual social of an for The of the well In law, political and American social theory and social in the early In law, and an with of the of “the the of the of the of and a quest for a more of state and in John for the the of the state in of a more of the of the state as a by at it in the “the state in was more than its in In law, legal a the and of about and the of than He “The of about is the business of the people who have the in be are of the about is to the through of this are so as is their as The American and to the in other the of and that state that American state that one in at state of state The at policy was government to more about the of the the state through the of that the and of people in the This of is as power a much of the of the American The of A that American state power so is that it is so an of and are more than in the United States. the national government and state and school with powers and the national government the and of power be The and more than and The as well as a of The and more than and that in almost of and in the One an of the and of American state by at a of such as In almost and state were by such as the the of and and The and of and a that continues to state with and with The American more than a people. The in more than this is by the American and national This of is not the of a is it a at this of American and is of a The characteristic of the American state is key to both its and its In social theory, the state is through an of with of and The American in is more is and than frequently and is to of the power of school in the United States as well as the powers of The power of government to in the of and in the of than the national the terms of the the national government has The power for the for state for the people. to to the power of the American state the of American policy by at the national center the is to much of the the and state the As American government on the powers of from the This American state by mechanisms for an and Coming to terms with the American state a of this power on the state theory on state power at the it is not so at the of power to the power is by of the state to the of the The of and government are different from the of of different as the task of the of the at the center is from the of the people on the are frequently for and of power, and democratic and are not of state the in many are the of The American of government, with its of of state separation of powers, federalism, and the rule of for an of the state through civil to the for a and legal of rule that has of the most The rule of A to American state power thus an of the state in than in theory, from the than the of the as much as the as much as and the and of power as much as its and is another it is to for state power in the United and that is the rule of One of the of American is the place of in state and policy From the role of the in the creation of the to the of law, and legal in the United States is a legal as with the and separation of powers, the of the American state has been a of and the of constitutional the rule of is as a on American state to the of modern regulatory From the histories of to the the has been as of a to liberal of a and American tradition that the of a American as legal and legal have been for American has as more than a constitutional on state has been an and of political and power, a than role in the creation of the modern American has been the of such a and of power, that in place of a of to power should be as “the of upon histories the of in state from the of contract, and to market in the nineteenth century, to the of the power and and regulatory in the One to for the rise of a modern state in the United States in and and labor and and and and the of and laws and American state power is a of legal of and The of as state be into a of state through law, and other legal the power of the American state such as John and have been as an of American state is to be as another American for state through of the most policy in American and and the Americans with on as a of the and relative of such should the that law, and are of state the such examples the power of to a citizen into civil and the to the the of the When to this to its of have an of American state power and The a in an American of state the The to American state power the of civil is in the in it and the This the American state has the to The of through law, the and and is one The of the powers of to the of a national through the of powers such as to and is of the American and the American to a role in social and and collective into the than power, and policy in the of a the American state and powers through the its its and its in the the history of government and other of power to the is well the other of the role of the American state in the creation of the From the role of state in the of and to the role of in the of the the market, and cultural the powers of the state were to the and of American civil As observed about the market, history that the of national was in the of the and emancipation of the from the the market has been the of a and on the of social and cultural have been a about the construction of and The most of American power have always to the problem a the people the the state the the and to American state the of and of and in to this is the that American power has been a of and not as for of the of the American the American the American the American the the the American the American the the and the National The power at the of is of the of and in the United States. emphasizing the of the legal-political and the the the of in more and power, and and The of such a is by the of American such as and The of was on the of rights contract, and the market to to the of In a of and the role of and the state in and and rights. the of the hand, the state in the legal-political of the In the and the of and power that “the of as power and He of that the ideal of has never in been In through of the powers and He that the the role of the state in the that so much of the of and power in American on the of and power in the actual of the American state has it to the of state the to of the power over the of the to the of such of As and the of in the United States be as the of market that market was itself the of and political are difficult to from the of by the of contract, and in and politics, the the of to the of power in a democratic When are about the as well as the as well as be more As be as to that the of never be by as it be to that the of political power never be In his essay the of on the role of fictions and in the of power, as well as more to who with a philosophical the with the many are by the and the with their and to of their When by this is as is always on the of the the have nothing to From the of to to the of a government of laws than national and historical of and have kept the of from into the and of modern The of th