status,title,authors,year,venue,doi,url,tags,abstract,provider,decision_source,llm_confidence,llm_review_outcome,llm_change_direction
kept,Eye Movements in Code Reading: Relaxing the Linear Order,Teresa Busjahn; Roman Bednarik; Andrew Begel; Martha E. Crosby; James H. Paterson; Carsten Schulte; Bonita Sharif; Sascha Tamm,2015,,10.1109/icpc.2015.36,https://openalex.org/W4214843451,adjacent-subtopic,"Code reading is an important skill in programming. Inspired by the linearity that people exhibit while natural language text reading, we designed local and global gaze-based measures to characterize linearity (left-to-right and top-to-bottom) in reading source code. Unlike natural language text, source code is executable and requires a specific reading approach. To validate these measures, we compared the eye movements of novice and expert programmers who were asked to read and comprehend short snippets of natural language text and Java programs. Our results show that novices read source code less linearly than natural language text. Moreover, experts read code less linearly than novices. These findings indicate that there are specific differences between reading natural language and source code, and suggest that non-linear reading skills increase with expertise. We discuss the implications for practitioners and educators.",openalex,llm,0.750,unreviewed,
kept,EROSI—visualising recursion and discovering new errors,Carlisle George,2000,,10.1145/330908.331875,https://openalex.org/W1987895641,adjacent-subtopic,"This paper introduces a novel software visualisation aid, the EROSI (Explicit Representer Of Subprogram Invocations) tutor, hypothesised to support the acquisition (by novice programmers) of a mental model to facilitate the comprehension and use of recursion as a problem solving technique. Novices found the EROSI tutor easy to use, interesting and a valuable visualisation aid to forming correct mental models of recursive processes. Studies concluded that although novices many have a correct mental model of recursion, various errors and misconceptions (identified) due to exogenous factors affect their ability to complete recursive tasks.",openalex,llm,0.890,unreviewed,
kept,Design and Evaluation of a Web-based Dynamic Algorithm Visualization Environment for Novices,Euripides Vrachnos; Athanassios Jimoyiannis,2014,Procedia Computer Science,10.1016/j.procs.2014.02.026,https://openalex.org/W2048916938,adjacent-subtopic,"Teaching basic algorithmic concepts to novices is not an easy task. Existing research has given considerable information about students’ alternative conceptions and faulty mental models about abstract programming concepts and constructs, as well as their difficulties in solving programming problems. Various algorithm visualization systems are proposed as alternative and efficient instructional environments for introductory programming courses. They include dynamic features, based on animation techniques, aiming at illustrating the behavior of basic algorithms and fostering students’ experimentation and algorithmic knowledge construction. This paper presents DAVE, a web-based dynamic algorithm visualization environment designed to support secondary education students’ learning about basic algorithms. DAVE facilitates students’ experimentation with array algorithms by allowing the modification of both code and data. The presentation of preliminary results, obtained from an evaluation study, provided evidence of the usability of the system and its potential to support students’ development of efficient mental models regarding basic array algorithms.",openalex,llm,0.810,unreviewed,
discarded,Dynamic Neural Program Embedding for Program Repair,Ke Wang; Rishabh Singh; Zhendong Su,2017,arXiv (Cornell University),10.48550/arxiv.1711.07163,https://openalex.org/W2769343112,off-topic-false-hit,"Neural program embeddings have shown much promise recently for a variety of program analysis tasks, including program synthesis, program repair, fault localization, etc. However, most existing program embeddings are based on syntactic features of programs, such as raw token sequences or abstract syntax trees. Unlike images and text, a program has an unambiguous semantic meaning that can be difficult to capture by only considering its syntax (i.e. syntactically similar pro- grams can exhibit vastly different run-time behavior), which makes syntax-based program embeddings fundamentally limited. This paper proposes a novel semantic program embedding that is learned from program execution traces. Our key insight is that program states expressed as sequential tuples of live variable values not only captures program semantics more precisely, but also offer a more natural fit for Recurrent Neural Networks to model. We evaluate different syntactic and semantic program embeddings on predicting the types of errors that students make in their submissions to an introductory programming class and two exercises on the CodeHunt education platform. Evaluation results show that our new semantic program embedding significantly outperforms the syntactic program embeddings based on token sequences and abstract syntax trees. In addition, we augment a search-based program repair system with the predictions obtained from our se- mantic embedding, and show that search efficiency is also significantly improved.",openalex,llm,0.940,unreviewed,
kept,A cognitive study of learning to program in introductoryprogramming courses.,Saeed Dehnadi,2009,,,https://openalex.org/W1539335314,adjacent-subtopic,"Programming is notoriously hard for novices to learn and a substantial number of learners fail in introduction to programming courses. It is not just a UK problem: a number of multi-institutional and multi-national studies reveal that the problem is well-known and is widespread. There is no general agreement about the causes or the remedies. The major factors which can be hypothesised as a cause of this phenomenon are: learners' psychology; teaching methods; complexity of programming. In this study, learners' common mistakes, bugs, misconceptions, frequencies and type of errors (syntactic and semantic) in the early stages of learning programming were studied. Noticing the patterns of rationales behind novices' mistakes swayed the study toward investigating novices' mental ability which was found to have a great effect on their learning performance. It was observed that novices
reported a recognisable set of models of program execution each of which was logically acceptable as a possible answer and it appeared that some students even used these models systematically. It was suspected that the intellectual strategies behind their reasoning could have been built up from their programming background knowledge and it was surprising when it was found that some of those
novices had not even seen a program before. A diagnostic questionnaire was designed that apparently examined a student's understanding of assignments and sequence but in fact was capturing the reasoning strategy behind their interpretation of each question, regardless of a correct
or wrong answer. The questionnaire was administered in the first week of an
introductory programming course, without giving any explanation of what the questions were about. A full response from most participants was received, despite
the fact that the questions were unexplained. Confronted with a simple program, about half of novices seem to spontaneously invent and consistently apply a mental model of program execution. They were called the consistent subgroup. The other half are either unable to build a
model or to apply one consistently. They were called the inconsistent subgroup. The first group perform very much better in their end-of-course examination than the rest. Meta-analysis of the results of six experiments in UK and Australia confirmed a strong effect of consistency on success which is highly significant (p < 0:001). A strong eect persisted in every group of candidates, sliced by background factors of programming experience (with/ without), relevant programming experience(with/without), and prior programming course (with/without) which might
be thought to have had an effect on success. This result confirms that consistency is not simply provided by prior programming background. Despite the tendency in institutions to rely on students' prior programming
background as a positive predictor for success, this study revealed that prior programming education did not have a noticeable eect on novices' success. A weak positive eect of prior programming experience was observed overall which appeared to be driven by one experiment with a programming-skilful population. This study shows that students in the consistent subgroup have the ability to
build a mental model, something that follows rules like a mechanical construct. It also seems that when programming skill is measured by a weak assessment mechanism, the eect of consistency on success is reduced.",openalex,llm,0.970,unreviewed,
kept,Program visualization as a debugging tool for novices,Peter Brusilovsky,1993,,10.1145/259964.260031,https://openalex.org/W2054002147,adjacent-subtopic,No abstract available.,openalex,llm,0.740,unreviewed,
kept,Notional Machines and Programming Language Semantics in Education (Dagstuhl Seminar 19281),Mark Guzdial; Shriram Krishnamurthi; Juha Sorva; Jan Vahrenhold,2019,DROPS (Schloss Dagstuhl – Leibniz Center for Informatics),10.4230/dagrep.9.7.1,https://openalex.org/W2996950498,adjacent-subtopic,"A formal semantics of a language serves many purposes. It can help debug the language's design, be used to prove type soundness, and guide optimizers to confirm that their work is correctness-preserving. Formal semantics are evaluated by several criteria: full abstraction, adequacy, soundness and completeness, faithfulness to an underlying implementation, and so on. Unfortunately, we know relatively little about how non-experts, such as students, actually employ a semantics. Which models are they able to grasp? How useful are these as they explain or debug programs? How does their use of models evolve with the kinds of programs they write? And does studying these kinds of questions yield any new insights into forms of semantics? This Dagstuhl Seminar intended to bridge this gap. It brought together representatives of the two communities-who usually travel in non-intersecting circles-to enable mutual understanding and cross-pollination. The Programming Languages community uses mathematics and focuses on formal results; the Computing Education Research community uses social science methods and focuses on the impact on humans. Neither is superior: both are needed to arrive at a comprehensive solution to creating tools for learning.",openalex,llm,0.980,unreviewed,
kept,Investigating the Impact of Using a Live Programming Environment in a CS1 Course,Ruanqianqian Huang; Kasra Ferdowsi; Ana Selvaraj; Adalbert Gerald Soosai Raj; Sorin Lerner,2022,Proceedings of the 53rd ACM Technical Symposium on Computer Science Education,10.1145/3478431.3499305,https://openalex.org/W4293227338,adjacent-subtopic,"Novice programmers often struggle with code understanding and debugging. Live Programming environments visualize the runtime values of a program each time it is modified to provide immediate feedback, which help with tracing the program execution. This paper presents the use of a Live Programming tool in a CS1 course to better understand the impact of Live Programming on novices' learning metrics and their perceptions of the tool. We conducted a within-subjects study at a large public university in a CS1 course in Python (N=237) where students completed tasks in a lab setting, in some cases with a Live Programming environment, and in some cases without. Through post-lab surveys and open-ended feedback, we measured how well students understood the material and how students perceived the programming environment. To understand the impact of Live Programming, we compared the collected data for students who used Live Programming with the data for students who did not. We found that while learning outcomes were the same regardless of whether Live Programming was used or not, students who used the Live Programming tool completed some code tracing tasks faster. Furthermore, students liked the Live Programming environment more, and rated it as more helpful for their learning.",openalex,llm,0.950,unreviewed,
kept,Observing Mental Models in Novice Programmers.,Richard Bornat; Saeed Dehnadi; David N. Barton,2012,,,https://openalex.org/W2811317108,adjacent-subtopic,"Abstract. A test which partitions subjects into those who appear to use an algorithmic model of program execution and those who do not has been automated. Experiments have been conducted in a UK school with a year cohort of students aged 13-14 and in a Mexican university with a cohort of novice computer scientists. In the school about a third of subjects appeared to use an algorithmic model, which we find surprisingly many; in the university there were around half in the same category, which is in line with university results in the UK. Operation of the online test and the analysis tool is described. Interviews with subjects in the school revealed some ways in which the algorithmic classification may be expanded. End-of-course results are not yet available for the test subjects, so statistical associations have not yet been explored. 1",openalex,llm,0.970,unreviewed,
kept,Experiences Implementing and Utilizing a Notional Machine in the Classroom,Paul E. Dickson; Tim Richards; Brett A. Becker,2022,Proceedings of the 53rd ACM Technical Symposium on Computer Science Education,10.1145/3478431.3499320,https://openalex.org/W4300185858,adjacent-subtopic,"In the computing education community, discussion is growing about the benefits of teaching programming by explicitly using notional machines to help students. To-date most work is largely theoretical and little work addresses actually using them in a classroom. This paper documents our experience of creating a notional machine for a specific course and using it in that classroom. A key point we learned while creating this notional machine is that many of the difficulties encountered were due to the concept of a notional machine being tightly coupled to students' mental models. Although not surprising, the numerous complications this brings are important to overcome. The potential amount of detail included in the notional machine is enormously influenced by the students' mental models, which are likely specific to a course, and also change throughout a semester -- and certainly across several semesters. We present lessons learned from this experience, among them that implementing a notional machine and using it in class is a non-trivial yet possibly beneficial exercise.",openalex,llm,0.980,unreviewed,
kept,Kick-Start Activation to Novice Programming — A Visualization-Based Approach,Essi Lahtinen; Tuukka Ahoniemi,2009,Electronic Notes in Theoretical Computer Science,10.1016/j.entcs.2008.12.056,https://openalex.org/W2088509268,adjacent-subtopic,"In the beginning of learning programming students have misconceptions of what programming is. We have used a kick-start activation in the beginning of an introductory programming course (CS1) to set the record straight. A kick-start activation means introducing the deep structure of programming before the surface structure by making the students solve a certain type of problem in the first lecture. The problem is related to a realistic computer program, simple enough for everyone to understand and allow students to participate in debugging. A visualization-based approach helps making the example more concrete for students. In this article we present the concept kick-start activation and one concrete example. To support the example, we have also developed a visualization using the visualization tool JHAVÉ. We got positive feedback on the example and suggest further development of kick-start activations in order to make the beginning of learning programming more motivating for students.",openalex,llm,0.900,unreviewed,
kept,"The design and implementation of a table driven, interactive diagnostic programming system",Thomas R. Wilcox; Alan M. Davis; Michael H. Tindall,1976,Communications of the ACM,10.1145/360363.360367,https://openalex.org/W2041449128,supports-claim,"CAPS is a highly interactive diagnostic compiler/interpreter that allows beginning programmers to prepare, debug, and execute fairly simple programs at a graphics display terminal. Complete syntax checking and most semantic analysis is performed as the program is entered and as it is subsequently edited. Analysis is performed character by character. The most remarkable feature of CAPS is its ability to automatically diagnose errors both at compile time and at run time. Errors are not automatically corrected. Instead, CAPS interacts with the student to help him find the cause of his error. Most components of CAPS are table driven, both to reduce the space needed for implementation and to increase the flexibility of the multilingual system. Over 500 students have used CAPS to learn Fortran, PL/I, or Cobol in conjunction with a computer assisted course on introductory computer science.",openalex,llm,0.840,unreviewed,
discarded,Teaching Data Structures Using Competitive Games,Richard D. Lawrence,2004,IEEE Transactions on Education,10.1109/te.2004.825053,https://openalex.org/W2149242086,off-topic-false-hit,"A motivated student is more likely to be a successful learner. Interesting assignments encourage student learning by actively engaging them in the material. Active student learning is especially important in an introductory data structures course where students learn the fundamentals of programming. In this paper, the author describes a project for a data structures course based on the idea of competitive programming. Competitive programming motivates student learning by allowing students to evaluate and improve their programs throughout an assignment by competing their code against instructor-defined code and the code of other students in a tournament environment. Pedagogical results indicate that the combination of game development and friendly student competition is a significant motivator for increased student performance.",openalex,llm,0.970,unreviewed,
discarded,Towards Giving Timely Formative Feedback and Hints to Novice Programmers,Johan Jeuring; Hieke Keuning; Samiha Marwan; Dennis Bouvier; Cruz Izu; Natalie Kiesler; Teemu Lehtinen; Dominic Lohr; Andrew Peterson; Sami Sarsa,2022,,10.1145/3571785.3574124,https://openalex.org/W4313288661,off-topic-false-hit,"Every year, millions of students learn how to write programs. Learning activities for beginners almost always include programming tasks that require a student to write a program to solve a particular problem. When learning how to solve such a task, many students need feedback on their previous actions, and hints on how to proceed. For tasks such as programming, which are most often solved stepwise, the feedback should take the steps a student has taken towards implementing a solution into account, and the hints should help a student to complete or improve a possibly partial solution.",openalex,llm,0.870,unreviewed,
kept,The Transterpreter: A Transputer Interpreter,Christian L. Jacobsen; Matthew C. Jadud,2004,Kent Academic Repository (University of Kent),,https://openalex.org/W2133645156,supports-claim,"We have written the Transterpreter, a virtual machine for executing the transputer instruction set. This interpreter is a small, portable, and extensible run-time, intended to be easily ported to handheld computers, mobile phones, and other embedded contexts. In striving for this level of portability, occam programs compiled to Transputer byte-code can currently be run on desktop computers, handhelds, and even the LEGO Mindstorms robotics kit.",openalex,llm,0.820,unreviewed,
kept,An evaluation of APT: an Animated Program Tracer for novice Prolog programmers,Tim Rajan,1991,Instructional Science,10.1007/bf00120878,https://openalex.org/W2049639654,adjacent-subtopic,,openalex,llm,0.780,unreviewed,
kept,Thinking out of the box,Felienne Hermans; Alaaeddin Swidan; Efthimia Aivaloglou; Marileen Smit,2018,,10.1145/3265757.3265765,https://openalex.org/W2895634692,adjacent-subtopic,"When teaching novices programming, misconceptions can occur. Misconception are incorrect beliefs about certain programming concept. For example, some novices think that a variable can hold multiple values, in the case of two consecutive assignment statements, such as x = 5; x = 7. While explaining variables introductory materials often use the metaphor of a box for a variable, which might contribute to the 'multiple values' hypothesis. To investigate this, we design and run a controlled experiment with 496 novice programmers, both children and adults. Half of our participants receive an introductory programming lesson in which we explain a variable as a box, while the other half of participants receive the explanation of a variable as being a label. They are subsequently questioned about their understanding of variables. Our results show that, for the simple questions involving one assignment, the box group performs better. However, for questions involving the misconception - with two consecutive assignment statements - the label group outperforms the box group. This however primarily occurs when considering variables of type string, for integers subjects interpret the statements as numeric values to be added.",openalex,llm,0.960,unreviewed,
