status,title,authors,year,venue,doi,url,tags,abstract,provider,decision_source,llm_confidence,llm_review_outcome,llm_change_direction
discarded,iotbx.cif: a comprehensive CIF toolbox,Richard J. Gildea; Luc J. Bourhis; Oleg V. Dolomanov; Ralf W. Grosse‐Kunstleve; Horst Puschmann; Paul D. Adams; Judith A. K. Howard,2011,Journal of Applied Crystallography,10.1107/s0021889811041161,https://openalex.org/W2166000509,off-topic-false-hit,"iotbx.cif is a new software module for the development of applications that make use of the CIF format. Comprehensive tools are provided for input, output and validation of CIFs, as well as for interconversion with high-level cctbx [Grosse-Kunstleve, Sauter, Moriarty & Adams (2002). J. Appl. Cryst.35, 126-136] crystallographic objects. The interface to the library is written in Python, whilst parsing is carried out using a compiled parser, combining the performance of a compiled language (C++) with the benefits of using an interpreted language.",openalex,llm,0.910,unreviewed,
discarded,Evaluating Large Language Models Trained on Code,Mark Chen; Jerry Tworek; Heewoo Jun; Qiming Yuan; Henrique Pondé de Oliveira Pinto; Jared Kaplan; Harrison Edwards; Yuri Burda; Nicholas Joseph; Greg Brockman; Alex Ray; Raul Puri; Gretchen Krueger; Michael Petrov; Heidy Khlaaf; Girish Sastry; Pamela Mishkin; Brooke Chan; Scott Gray; Nick Ryder; Mikhail Pavlov; Alethea Power; Łukasz Kaiser; Mohammad Bavarian; Clemens Winter; Philippe Tillet; Felipe Petroski Such; Dave Cummings; Matthias Plappert; Fotios Chantzis; Elizabeth A. Barnes; Ariel Herbert-Voss; William H. Guss; Alex Nichol; Alex Paino; Nikolas Tezak; Jie Tang; I. Babuschkin; Suchir Balaji; Shantanu Jain; William S. Saunders; Christopher Hesse; Andrew N. Carr; Jan Leike; Joshua Achiam; Vedant Misra; Evan Morikawa; Alec Radford; Matthew M. Knight; Miles Brundage; Mira Murati; Katie Mayer; Peter Welinder; Bob McGrew; Dario Amodei; Sam McCandlish; Ilya Sutskever; Wojciech Zaremba,2021,arXiv (Cornell University),10.48550/arxiv.2107.03374,https://openalex.org/W3177813494,off-topic-false-hit,"I created a basic proof of concept of LMVM (Language Model Virtual Machine), a command line toolchain that English instructions into native binaries without intermediary high-level language compilation. The command line uses a large language model (LLM) as IR generation backend, producing LLVM Intermediate Representation (IR) directly from user instructions coding. The IR is compiled and linked to machine code (-o files) via `clang` (with an `llc`/`lld` fallback on POSIX hosts) and executed on bare metal, within Docker sandboxes, on AWS Lambda, or as standalone HTTP servers. How It Works (5 Steps) 1. You type an instruction - e.g. ""Create a rest api running on localhost port 3000 and return hello world"" 2. LMVM checks your computer - It figures out if you're on Windows/Mac/Linux, what CPU you have (Intel vs ARM), and makes sure clang (the compiler) is installed. If not, it offers to install it for you (with your permission). 3. An AI writes LLVM IR - Instead of writing C or Python, the LLM writes LLVM IR -- a low-level assembly-like language that sits between source code and machine code. The prompt includes your OS details so the AI generates code that works on your platform (e.g. Winsock on Windows vs POSIX sockets on Mac/Linux). 4. Clang turns IR into a native binary - clang compiles the IR and links it with system libraries (PostgreSQL, OpenSSL, SQLite, etc.) into a real executable. One step, no extra tools needed. 5. It runs - The binary executes directly on your CPU. If it's a Docker target, it runs sandboxed. If it's Lambda, it packages for AWS. 2. Why we care : Compiled native binaries outperform interpreted languages by 10-50x in CPU usage and 5-15x in memory for compute-heavy tasks, because interpreters add overhead with every instruction they process and their single-threaded execution model blocks true parallelism. Few runtimes that compile code on the fly, the gap narrows to 2-5x in CPU since those systems optimize hot code paths over time -- but native code still starts faster, uses less memory, and can run true parallel threads instead of juggling everything through a single event loop. The biggest gains show up in recursive and number-crunching workloads (where the cost of ""figuring out what to do next"" dominates) and memory-heavy tasks (where automatic garbage collection and wrapping every value in an object bloats memory usage). I/O-bound tasks show the smallest differences, because the operating system does the real work regardless of what language runtime sits on top. This also means we need to think carefully about maintainability, especially now that AI agents can generate code as a complete black box sometimes even producing low-level output that humans rarely inspect. 3. System Architecture [CLI] → [Toolchain] → [LLM Client] → [Compiler] → [Runner] → Output ↑ | Error Feedback | Self‑Correction Loop (x10) 3.1 CLI and Interactive Setup The command-line interface (built on Commander.js) exposes four commands: `run` (compile and execute), `compile` (IR generation only), `build` (compile existing IR), and `targets` (list output targets). 3.2 LLM Client The LLM client wraps an OpenAI-compatible API, supporting providers examples (OpenAI, Groq, Together AI, OpenRouter, and local llm instances). The command line agent constructs prompts from two sources: a system prompt (loaded from `Prompt.md`, ~4000 tokens) containing LLVM IR generation rules, security constraints, and code templates; and a user prompt containing a platform descriptor (host OS, exact target triple, sockets dialect), the instruction, target, and error context for retry attempts. A secondary method, is used by the toolchain bootstrapper to obtain package-manager commands for the detected host. 3.3 Platform Abstraction and Toolchain Bootstrapper Since LMVM builds real native programs, it has to know exactly what computer it's running on -- the same code won't work the same way on Windows vs Mac vs Linux. So a platform module figures out three things: 1. The ""target triple"" -- a label that tells the compiler exactly which OS and CPU to build for (like x86_64-pc-windows-msvc for 64-bit Windows, or arm64-apple-darwin for an M-series Mac). 2. How to do networking -- Windows uses its own socket system (Winsock), while Mac and Linux use the standard POSIX approach. The code has to match. 3. What package manager is available -- winget/choco/scoop on Windows, brew on Mac, apt/dnf/pacman on Linux. This matters if LMVM needs to install something. All of this gets described in plain text and injected into the AI's prompt, so it writes code that actually compiles on your machine instead of assuming you're on Linux. Before talking to the AI, LMVM runs a checklist to make sure your computer can actually compile things: 1. PATH fix - If you just installed clang but your terminal hasn't refreshed yet, LMVM detects the install location and patches its own PATH so it finds clang right away, no need to restart your terminal. 2. Is clang there? - It checks that the compiler is actually available. 3. Can clang actually build a program? (Windows only) -- On Windows, having clang isn't enough -- it also needs the MSVC linker and Windows SDK behind it. LMVM compiles a tiny test program to verify the full chain works. If it fails, the Visual Studio Build Tools are probably missing. 4. Install with user's permission - If anything is missing, LMVM asks the AI for the right install commands, shows them to you, and waits for your yes before running anything. Then it checks again. If the toolchain still can't work after all that, LMVM stops early and tells you exactly what to do (install manually, open a new terminal, or use Docker instead). It doesn't waste your AI API calls retrying something a code fix can't solve. 3.4 Code Compiler Compilation is driven by `clang`, which lowers the `.ll` and invokes the platform linker in a single step: Primary path (all platforms) - `clang output.ll -o `. Library flags are platform-aware: POSIX hosts use `-lpq`, `-lcurl`, `-lssl`, etc.; Windows links `ws2_32` for socket/server targets and relies on the MSVC C runtime. For the AWS Lambda target, static linking is applied. POSIX fallback - If `clang` is unavailable on macOS/Linux, the system falls back to the classic cascade: the LLVM Static Compiler (`llc -filetype=obj -relocation-model=pic`) to produce a position-independent object file, then `ld.lld` (`-flavor gnu`), the system C compiler (`cc`), or `clang` as a linker. A 60-second timeout bounds each invocation. The compiler maps library names to their respective linker flags through platform-specific lookup tables, covering PostgreSQL (libpq), HTTP (libcurl), JSON (cJSON), SSL/TLS (OpenSSL), image processing (libpng, libjpeg), databases (libsqlite3, libmysqlclient), compression (zlib), encryption (libcrypto), caching (hiredis), and message queues (librdkafka). 3.5 Execution Runner The runner dispatches binary execution based on the detected target like native , docker or AWS or GCR. 3.6 Self-Correction Loop When compilation or execution fails, the runtime updates a VM state object (`VMState`) with the error type (compiler/linker/runtime), error message, error line number, previous IR, and a compressed memory object (`VMMemory`) tracking accumulated errors and resolved dependencies. This enriched context is fed back to the LLM in the next attempt, enabling targeted correction. The loop terminates after a configurable maximum number of attempts (default: 10). 3.7 Security Layer LMVM employs defense-in-depth across three layers: 1. AI rules -- The instructions sent to the AI explicitly say: don't generate code that runs shell commands with user input, don't write files outside the allowed folder, don't read sensitive system files, don't hardcode passwords, and don't allocate unlimited memory. Think of this as a ""don't do bad things"" rulebook for the AI. 2. Sandbox -- When running in Docker, the program is locked down. A seccomp profile blocks the most dangerous system calls -- things like creating new processes, mounting drives, rebooting the machine, loading kernel modules, or snooping on other programs. Docker also limits the program to 512 MB of RAM and 1 CPU core, so it can't eat all your resources. This follows NIST security guidelines. 3. Input protection -- When LMVM runs the compiler or your program, it passes arguments as a structured list, not a single string. This means a hacker can't sneak in shell commands the way they might with string concatenation (the classic ""shell injection"" attack). The one exception is the toolchain installer, which does run shell commands -- but it always shows you the exact commands first and waits for your approval before running them. API keys are hidden in console output, and data buffers are capped at 10 MB to prevent memory explosions Appendix : As a demo using command LMVMcli command line we created a basic rest api directly as a machice code. Generated IR by GPT",openalex,llm,0.990,unreviewed,
discarded,The Java memory model,Jeremy Manson; William Pugh; Sarita V. Adve,2005,,10.1145/1040305.1040336,https://openalex.org/W2091085450,off-topic-false-hit,"This paper describes the new Java memory model, which has been revised as part of Java 5.0. The model specifies the legal behaviors for a multithreaded program; it defines the semantics of multithreaded Java programs and partially determines legal implementations of Java virtual machines and compilers.The new Java model provides a simple interface for correctly synchronized programs -- it guarantees sequential consistency to data-race-free programs. Its novel contribution is requiring that the behavior of incorrectly synchronized programs be bounded by a well defined notion of causality. The causality requirement is strong enough to respect the safety and security properties of Java and weak enough to allow standard compiler and hardware optimizations. To our knowledge, other models are either too weak because they do not provide for sufficient safety/security, or are too strong because they rely on a strong notion of data and control dependences that precludes some standard compiler transformations.Although the majority of what is currently done in compilers is legal, the new model introduces significant differences, and clearly defines the boundaries of legal transformations. For example, the commonly accepted definition for control dependence is incorrect for Java, and transformations based on it may be invalid.In addition to providing the official memory model for Java, we believe the model described here could prove to be a useful basis for other programming languages that currently lack well-defined models, such as C++ and C#.",openalex,llm,0.990,unreviewed,
kept,Computing in Operations Research Using Julia,Miles Lubin; Iain Dunning,2015,INFORMS journal on computing,10.1287/ijoc.2014.0623,https://openalex.org/W2105198154,qualifies-claim,"The state of numerical computing is currently characterized by a divide between highly efficient yet typically cumbersome low-level languages such as C, C++, and Fortran and highly expressive yet typically slow high-level languages such as Python and MATLAB. This paper explores how Julia, a modern programming language for numerical computing that claims to bridge this divide by incorporating recent advances in language and compiler design (such as just-in-time compilation), can be used for implementing software and algorithms fundamental to the field of operations research, with a focus on mathematical optimization. In particular, we demonstrate algebraic modeling for linear and nonlinear optimization and a partial implementation of a practical simplex code. Extensive cross-language benchmarks suggest that Julia is capable of obtaining state-of-the-art performance. Data, as supplemental material, are available at http://dx.doi.org/10.1287/ijoc.2014.0623 .",openalex,llm,0.840,unreviewed,
kept,An introduction to partial evaluation,Neil D. Jones,1996,ACM Computing Surveys,10.1145/243439.243447,https://openalex.org/W2077436409,supports-claim,"Partial evaluation provides a unifying paradigm for a broad spectrum of work in program optimization compiling interpretation and the generation of automatic program generators [Bjørner et al. 1987; Ershov 1992; and Jones et al. 1993]. It is a program optimization technique, perhaps better called program specialization , closely related to but different from Jørring and Scherlis' staging transformations [1986]. It emphasizes, in comparison with Burstall and Darlington [1977] and Jørring and Scherlis [1986] and other program transformation work, full automation and the generation of program generators as well as transforming single programs. Much partial evaluation work to date has concerned automatic compiler generation from an interpretive definition of programming language, but it also has important applications to scientific computing, logic programming, metaprogramming, and expert systems; some pointers are given later.",openalex,llm,0.830,unreviewed,
discarded,Experiments with a Heuristic Compiler,Herbert A. Simon,1963,Journal of the ACM,10.1145/321186.321192,https://openalex.org/W1977384182,off-topic-false-hit,"article Free Access Share on Experiments with a Heuristic Compiler Author: Herbert A. Simon Carnegie Institute of Technology, Pittsburgh, Pennsylvania and The RAND Corporation, Santa Monica, California Carnegie Institute of Technology, Pittsburgh, Pennsylvania and The RAND Corporation, Santa Monica, CaliforniaView Profile Authors Info & Claims Journal of the ACMVolume 10Issue 4Oct. 1963 pp 493–506https://doi.org/10.1145/321186.321192Published:01 October 1963Publication History 48citation616DownloadsMetricsTotal Citations48Total Downloads616Last 12 Months57Last 6 weeks1 Get Citation AlertsNew Citation Alert added!This alert has been successfully added and will be sent to:You will be notified whenever a record that you have chosen has been cited.To manage your alert preferences, click on the button below.Manage my Alerts New Citation Alert!Please log in to your account Save to BinderSave to BinderCreate a New BinderNameCancelCreateExport CitationPublisher SiteeReaderPDF",openalex,llm,0.940,unreviewed,
discarded,gprMax: Open source software to simulate electromagnetic wave propagation for Ground Penetrating Radar,Craig Warren; Antonios Giannopoulos; Iraklis Giannakis,2016,Computer Physics Communications,10.1016/j.cpc.2016.08.020,https://openalex.org/W2518909974,off-topic-false-hit,"gprMax is open source software that simulates electromagnetic wave propagation, using the Finite-Difference Time-Domain (FDTD) method, for the numerical modelling of Ground Penetrating Radar (GPR). gprMax was originally developed in 1996 when numerical modelling using the FDTD method and, in general, the numerical modelling of GPR were in their infancy. Current computing resources offer the opportunity to build detailed and complex FDTD models of GPR to an extent that was not previously possible. To enable these types of simulations to be more easily realised, and also to facilitate the addition of more advanced features, gprMax has been redeveloped and significantly modernised. The original C-based code has been completely rewritten using a combination of Python and Cython programming languages. Standard and robust file formats have been chosen for geometry and field output files. New advanced modelling features have been added including: an unsplit implementation of higher order Perfectly Matched Layers (PMLs) using a recursive integration approach; diagonally anisotropic materials; dispersive media using multi-pole Debye, Drude or Lorenz expressions; soil modelling using a semi-empirical formulation for dielectric properties and fractals for geometric characteristics; rough surface generation; and the ability to embed complex transducers and targets. Program title: gprMax Catalogue identifier: AFBG_v1_0 Program summary URL:http://cpc.cs.qub.ac.uk/summaries/AFBG_v1_0.html Program obtainable from: CPC Program Library, Queen’s University, Belfast, N. Ireland Licensing provisions: GNU GPL v3 No. of lines in distributed program, including test data, etc.: 627180 No. of bytes in distributed program, including test data, etc.: 26762280 Distribution format: tar.gz Programming language: Python. Computer: Any computer with a Python interpreter and a C compiler. Operating system: Microsoft Windows, Mac OS X, and Linux. RAM: Problem dependent Classification: 10. External routines: Cython[1], h5py[2], matplotlib[3], NumPy[4], mpi4py[5] Nature of problem: Classical electrodynamics Solution method: Finite-Difference Time-Domain (FDTD) Running time: Problem dependent References: Cython, http://www.cython.org h5py, http://www.h5py.org matplotlib, http://www.matplotlib.org NumPy, http://www.numpy.org mpi4py, http://mpi4py.scipy.org",openalex,llm,0.950,unreviewed,
kept,JIT Leaks: Inducing Timing Side Channels through Just-In-Time Compilation,Tegan Brennan; Nicolás Rosner; Tevfik Bultan,2020,,10.1109/sp40000.2020.00007,https://openalex.org/W3015912954,qualifies-claim,"Side-channel vulnerabilities in software are caused by an observable imbalance in resource usage across different program paths. We show that just-in-time (JIT) compilation, which is crucial to the runtime performance of modern interpreted languages, can introduce timing side channels in cases where the input distribution to the program is non-uniform. Such timing channels can enable an attacker to infer potentially sensitive information about predicates on the program input.We define three attack models under which such side channels are harnessable and five vulnerability templates to detect susceptible code fragments and predicates. We also propose profiling algorithms to generate the representative statistical information necessary for the attacker to perform accurate inference.We systematically evaluate the strength of these JIT-based side channels on the java.lang.String, java.lang.Math, and java.math.BigInteger classes from the Java standard library, and on the JavaScript built-in objects String, Math, and Array. We carry out our evaluation using two widely adopted, open-source, JIT-enhanced runtime engines for the Java and JavaScript languages: the Oracle HotSpot Java Virtual Machine and the Google V8 JavaScript engine, respectively.Finally, we demonstrate a few examples of JIT-based side channels in the Apache Shiro security framework and the GraphHopper route planning server, and show that they are observable over the public Internet.",openalex,llm,0.870,unreviewed,
