status,title,authors,year,venue,doi,url,tags,abstract,provider,decision_source,llm_confidence,llm_review_outcome,llm_change_direction
kept,Using Data to Understand Difficulties of Learning to Program: A Study with Chinese Middle School Students,Qian Y.,2019,Comped 2019 Proceedings of the ACM Conference on Global Computing Education,10.1145/3300115.3309521,https://www.scopus.com/inward/record.uri?partnerID=HzOxMe3b&scp=85065981569&origin=inward,adjacent-subtopic,"Computing education has been expanding into K-12 schools in many countries. The new national curriculum standards in China are going to include computational thinking as a core literacy for every student and make computer programming as a required module in the information technology course. Hence, it is imperative to understand the difficulties Chinese students may face when learning to program. This study investigated Chinese middle students' difficulties in learning to program in Python using the student data in an automated assessment system. Our results showed that the students struggled with fundamental Python syntax and programming rules. We also found that Chinese students faced a special difficulty, which was using correct punctuation symbols in code. We noted that many syntax errors students made were due to the use of Chinese punctuation symbols, which look almost identical to the English equivalents but are invalid to the Python interpreter. Our results suggest that when teaching a programming course to Chinese middle school students, teachers should first help students develop certain typing skills (e.g., switching input methods, distinguishing Chinese and English punctuation symbols, etc.). Such preparation may reduce students' mistakes in code. Finally, future research directions are discussed, including examining the effects of the typing skill training, designing feedback components for the automated assessment system, and so forth.",scopus,llm,0.910,unreviewed,
kept,Comprehension first: Evaluating a novel pedagogy and tutoring system for program tracing in CS1,Nelson G.L.,2017,Icer 2017 Proceedings of the 2017 ACM Conference on International Computing Education Research,10.1145/3105726.3106178,https://www.scopus.com/inward/record.uri?partnerID=HzOxMe3b&scp=85030150756&origin=inward,adjacent-subtopic,"What knowledge does learning programming require? Prior work has focused on theorizing program writing and problem solving skills. We examine program comprehension and propose a formal theory of program tracing knowledge based on control flow paths through an interpreter program's source code. Because novices cannot understand the interpreter's programming language notation, we transform it into causal relationships from code tokens to instructions to machine state changes. To teach this knowledge, we propose a comprehension-first pedagogy based on causal inference, by showing, explaining, and assessing each path by stepping through concrete examples within many example programs. To assess this pedagogy, we built PLTutor, a tutorial system with a fixed curriculum of example programs. We evaluate learning gains among self-selected CS1 students using a block randomized lab study comparing PLTutor with Codecademy, a writing tutorial. In our small study, we find some evidence of improved learning gains on the SCS1, with average learning gains of PLTutor 60% higher than Codecademy (gain of 3.89 vs. 2.42 out of 27 questions). These gains strongly predicted midterms (R2=.64) only for PLTutor participants, whose grades showed less variation and no failures.",scopus,llm,0.980,unreviewed,
kept,"Extending the object-oriented notional machine notation with inheritance, polymorphism, and GUI events",Cuvic M.A.,2017,2017 40th International Convention on Information and Communication Technology Electronics and Microelectronics Mipro 2017 Proceedings,10.23919/MIPRO.2017.7973530,https://www.scopus.com/inward/record.uri?partnerID=HzOxMe3b&scp=85027684558&origin=inward,adjacent-subtopic,"Learning to program is a challenging task. Novices need to have an accurate understanding of the program execution at the conceptual level provided by the programming language. This level of execution is often referred to as the notional machine, which is often easier to understand through program visualizations. Currently one of the most popular programming paradigms is object-oriented programming, which introduces a number of advanced concepts. In addition, in order to increase student engagement, teachers have started to introduce graphical user interface (GUI) applications into programming courses. This brings its own set of challenges, mostly related to a significantly larger number of application states, which are more difficult to keep track of. However, most existing programming visualizations do not cover all necessary concepts for teaching object-oriented programming, nor have they considered visualizing complex GUI applications. For this reason, we present our own concept of a visualization system that addresses these shortcomings. In this paper, we have: i) extended an existing notation for a notional machine to support learning of advanced objectoriented concepts inheritance and polymorphism; ii) presented our own concept of a visualization system that introduces the source code into the notional machine, thereby making the relationship between source code and the visual representation more concrete; and iii) proposed solutions for reducing the cognitive overload introduced by GUI applications.",scopus,llm,0.960,unreviewed,
kept,Object-oriented design and programming: An investigation of novices' conceptions on objects and classes,Xinogalos S.,2015,ACM Transactions on Computing Education,10.1145/2700519,https://www.scopus.com/inward/record.uri?partnerID=HzOxMe3b&scp=84941337071&origin=inward,adjacent-subtopic,"The Object-Oriented Programming (OOP) technique is nowadays the most popular programming technique among tertiary education institutions. However, learning OOP is a cognitively demanding task for undergraduate students. Several difficulties and misconceptions have been recorded in the literature for both OOP concepts and languages, mainly Java. This article focuses on reviewing and advancing research on the most fundamental OOP concepts, namely, the concepts of “object” and “class” and their role during program execution. The results of a long-term investigation on the subject are presented, focusing on a study exploring undergraduate students’ conceptions on “objects” and “classes.” The study advances related research on categories of conceptions on “objects” and “classes” by providing quantitative results, in addition to qualitative results, regarding the frequency of the recorded conceptions. Nearly half the students seem to comprehend the modeling and static/dynamic aspects of the concepts “object” and “class.” Implications for achieving a deep conceptual understanding of text, action, and modeling aspects of these fundamental concepts are also discussed. Information regarding the programming environments utilized in the course and key features of the applied teaching approach are presented, in order to facilitate both a better understanding of the context and a better employment of the results of the presented study. Finally, proposals for enhancing the contribution of this and similar studies are made.",scopus,llm,0.890,unreviewed,
kept,Notional machines and introductory programming education,Sorva J.,2013,ACM Transactions on Computing Education,10.1145/2483710.2483713,https://www.scopus.com/inward/record.uri?partnerID=HzOxMe3b&scp=84880204596&origin=inward,adjacent-subtopic; notionell-maskin,"This article brings together, summarizes, and comments on several threads of research that have contributed to our understanding of the challenges that novice programmers face when learning about the runtime dynamics of programs and the role of the computer in program execution. More specifically, the review covers the literature on programming misconceptions, the cognitive theory of mental models, constructivist theory of knowledge and learning, phenomenographic research on experiencing programming, and the theory of threshold concepts. These bodies of work are examined in relation to the concept of a “notional machine”—an abstract computer for executing programs of a particular kind. As a whole, the literature points to notional machines as a major challenge in introductory programming education. It is argued that instructors should acknowledge the notional machine as an explicit learning objective and address it in teaching. Teaching within some programming paradigms, such as object-oriented programming, may benefit from using multiple notional machines at different levels of abstraction. Pointers to some promising pedagogical techniques are provided.",scopus,human,1.000,unreviewed,
kept,Intelligent tutoring system for learning programming,Dadić T.,2010,Intelligent Tutoring Systems in E Learning Environments Design Implementation and Evaluation,10.4018/978-1-61692-008-1.ch009,https://www.scopus.com/inward/record.uri?partnerID=HzOxMe3b&scp=84860503494&origin=inward,adjacent-subtopic,"Tutoring systems for programming help students understand features of target programming languages, and develop their general problem solving skills. Our system guides novices in learning syntax and semantics of programming language, problem decomposition, program design and testing. It is language independent, automatically adjusting course material to the language - subject of learning. Semantic analysis of student’s programs is based on comparison of abstract semantics trees of student’s and model-program. Model-program is coded by innovative programming language describing goals and variants of possible solutions. The notional machine defined by programming language, its verbal description of instruction actions and visualization of program execution, helps students to understand semantics of teaching language. Advancement through the course material controlled by computer teacher supports connection of new concepts to the present student’s knowledge. The system applies distinct teaching strategies to stoppers and movers.",scopus,llm,0.940,unreviewed,
kept,B#: The development and assessment of an iconic programming tool for novice programmers,Greyling J.H.,2006,7th International Conference on Information Technology Based Higher Education and Training Ithet,10.1109/ITHET.2006.339788,https://www.scopus.com/inward/record.uri?partnerID=HzOxMe3b&scp=46949089310&origin=inward,adjacent-subtopic,"The higher incidence of under-prepared students in the South African education institutions has a particular significance for introductory programming courses which rely heavily on the use of technological tools as components of the teaching model. Difficulties experienced by novice programmers in introductory programming courses include deficiencies in problem-solving strategies, misconceptions relating to programming language constructs and the use of traditional programming environments. An introductory programming course should offer students problem solving analysis and design experience as well as exposure to the basic ideas of algorithmic thinking. Generally, introductory programming courses tend to concentrate on the syntax of a programming language at the expense of developing problem solving skills. Coupled to this are the ever-increasing complexity of modern programming languages and the user interfaces of their IDEs. A strategy that addresses the difficulties experienced by novice programmers in introductory programming courses is one that modifies the teaching model, specifically within the context of technological support. One way of implementing this strategy is with the use of visual programming languages, of which the iconic flowchart approach is one. Further, iconic programming environments traditionally attempt to simplify the programming task by reducing the level of precision and manual typing usually required in the conventional textual programming languages. These environments also attempt to increase the speed at which problem-solving and implementation efforts occur. Consequently, B# was developed in order to provide an environment in which programs can be developed using iconic flowcharts. Basic programming concepts such as assignments, conditions, loops, inputs and outputs are supported. Automatic code generation, debugging and program execution is also supported by the system. This paper reports on the development of B#, focusing on insights that were obtained concerning iconic programming tools. The use of B# by novice programmers in an introductory programming course is discussed and assessed. Recommendations are made as to how an iconic programming environment like B# could contribute to the successful completion of an introductory programming course",scopus,llm,0.830,unreviewed,
kept,Using visualization to aid program construction tasks,George C.E.,2002,SIGCSE Bulletin Association for Computing Machinery Special Interest Group on Computer Science Education,10.1145/563517.563413,https://www.scopus.com/inward/record.uri?partnerID=HzOxMe3b&scp=0036373601&origin=inward,adjacent-subtopic,"This paper discusses how novices exposed to an execution model of recursion (similar to an expert's mental model and visualised in the EROSI tutor) performed on the task of constructing an embedded recursive solution to a given problem specification. Empirical observations showed that after using the EROSI tutor, novices employed a variety of methods during program construction including the use of their understanding of the execution process of recursion from their visualisation experiences. Using our findings we provide some useful suggestions to inform teaching practice. We conclude that when teaching about recursion: visualising program execution models can be a useful aid to program construction, by providing a mental framework for reasoning about the behaviour of program code fragments both before and after coding; visualisation methods may not always be a sufficient condition for developing programming skills; and the teaching of techniques for program construction may be necessary.",scopus,llm,0.910,unreviewed,
discarded,Intelligent discovery programming system,Ramadhan H.,1992,Applied Computing Technological Challenges of the 1990 S,10.1145/143559.143630,https://www.scopus.com/inward/record.uri?partnerID=HzOxMe3b&scp=0026993118&origin=inward,off-topic-false-hit,"Article Free Access Share on An intelligent discovery programming system Author: Haider Ramadhan View Profile Authors Info & Claims SAC '92: Proceedings of the 1992 ACM/SIGAPP Symposium on Applied computing: technological challenges of the 1990'sApril 1992 Pages 149–159https://doi.org/10.1145/143559.143630Published:01 April 1992Publication History 6citation443DownloadsMetricsTotal Citations6Total Downloads443Last 12 Months52Last 6 weeks2 Get Citation AlertsNew Citation Alert added!This alert has been successfully added and will be sent to:You will be notified whenever a record that you have chosen has been cited.To manage your alert preferences, click on the button below.Manage my AlertsNew Citation Alert!Please log in to your account Save to BinderSave to BinderCreate a New BinderNameCancelCreateExport CitationPublisher SiteeReaderPDF",scopus,llm,0.740,unreviewed,
