status,title,authors,year,venue,doi,url,tags,abstract,provider,decision_source,llm_confidence,llm_review_outcome,llm_change_direction
discarded,Prospects for Improving the Performance of Parallel Computing Using Python Subinterpreter Technology,"Sinitsyn, R. D.",2025,AUTOMATIC DOCUMENTATION AND MATHEMATICAL LINGUISTICS,10.3103/S0005105525700785,https://www.webofscience.com/wos/woscc/full-record/WOS:001609343000005,off-topic-false-hit,"The problem of the impact of global interpreter locking on the performance of multithreaded applications in Python is considered. The concept of subinterpreters is described as a solution that circumvents the limitations of the GIL and ensure efficient parallel code execution. A comparative analysis of subinterpreters with traditional methods of parallel computing, such as the use of processes and threads, is carried out. Experimental results have shown that subinterpreters significantly increase performance in conditions of high computing loads. In addition, the possibilities of using subinterpreters in web development are explored. The advantages of using this approach for query processing and resource management in modern web applications are indicated, which can significantly improve their scalability and responsiveness. The novelty of this research lies in the in-depth analysis of subinterpreters in the context of specific use cases, which had not previously received sufficient coverage in the scientific literature. The results of the work emphasize the need for further study of subinterpreters as an alternative approach in Python and the interest of developers and researchers in the field of high-performance computing in this.",wos,llm,0.840,unreviewed,
kept,Low-level Probe of Programs Regarding Different Languages and Compilers,"Bac, Jaka; Slivnik, Bostjan",2019,IPSI BGD TRANSACTIONS ON INTERNET RESEARCH,,https://www.webofscience.com/wos/woscc/full-record/WOS:000473335500008,supports-claim,"This is a study about how programs that are performing the same computation but are written in different programming languages and compiled with different compilers produce different execution traces, i.e., streams of executed instructions. The experimental results are made using C, Java, and Python on the x86-64 architecture, but the approach is not limited to this selection. As demonstrated in this paper, these languages differ significantly in terms of an execution at the binary level. When instructions found in execution traces are categorised, a difference between these three programming languages are visible: different (optimised) C programs differ from one another regardless of the compiler while all Python programs show the same categorisation results indicating that most of the time it is CPython interpreter running instead of the program. Furthermore, it is shown that the experimental analysis of an algorithm can be augmented if only a specified class of instructions is filtered.",wos,llm,0.880,unreviewed,
discarded,What You See Is Not What You Execute: Memory-Based Runtime SBOM Generation for Supply Chain Security,Ali H.,2026,Computers and Security,10.1016/j.cose.2026.105125,https://www.scopus.com/inward/record.uri?partnerID=HzOxMe3b&scp=105048469781&origin=inward,off-topic-false-hit,,scopus,llm,0.980,unreviewed,
discarded,Practical Python FPGA Acceleration with Fast Just-In-Time Compilation and Configuration,Dickerson M.,2026,ACM Transactions on Architecture and Code Optimization,10.1145/3797265,https://www.scopus.com/inward/record.uri?partnerID=HzOxMe3b&scp=105034841156&origin=inward,off-topic-false-hit,"Field-programmable gate arrays (FPGAs) are a powerful resource for accelerating critical parts of application code, but their potential has not yet been fully realized. A major reason for this is that current approaches to FPGA acceleration can be inflexible, difficult to use, and require specialized knowledge. Although recent work on High-Level Synthesis (HLS) has reduced the need for programmers to acquire specialized knowledge of FPGA internals, this has often come at the cost of significant toolchain-induced turnaround times and even execution performance penalties. Recent research has worked toward making the use of FPGAs by non-specialists easier, for example, by masking long compilation times with interpreted execution of Verilog code, and by avoiding the significant hardware reconfiguration delays that are intrinsic to many FPGA architectures through the use of overlays that emulate a software defined virtual FPGA architecture on top of the hardware-defined physical FPGA architecture. The latter approach also overcomes many of the constraints imposed by proprietary FPGA toolchains and encrypted configuration formats. In this article, we present PyJIT2FPGA, an approach that combines just-in-time (JIT) compilation with a virtual FPGA overlay to automatically accelerate loops in Python, resulting in a practical system for utilizing FPGA resources without the need for specialized knowledge about the underlying hardware. Our combination of JIT compilation and overlays makes it possible to create, load onto the overlay, and commence execution of newly accelerated kernels from Python in mere milliseconds, many orders of magnitude faster than previous solutions. Once these kernels have been JIT-compiled and loaded onto the overlay, they are cached for repeated execution. The run-time performance of such accelerated kernels running on the FPGA overlay is up to 1280x faster than CPython 3.9 and up to 4.2x faster than optimized and statically pre-compiled C code.",scopus,llm,0.940,unreviewed,
discarded,Runtime Defense Against Malicious Model Deserialization via eBPF,Zhang T.,2026,2026 9th International Conference on Advanced Electronic Technology Computers and Software Engineering Aetcse 2026,10.1109/AETCSE69203.2026.11504322,https://www.scopus.com/inward/record.uri?partnerID=HzOxMe3b&scp=105041639405&origin=inward,off-topic-false-hit,"The machine learning supply chain faces a critical vulnerability through the widespread distribution of pre-trained models using Python’s insecure pickle format. Existing defenses that rely on static scanning are easily bypassed by obfuscation, while standard runtime tracing tools cannot observe execution flow inside native C extensions used during pickle deserialization. We present a novel runtime defense system that bridges this visibility gap by combining a modified CPython interpreter with eBPF-based enforcement. By injecting User Statically-Defined Tracing (USDT) probes at universal callable dispatch points, our system achieves complete visibility into all function invocations, including C native calls. An associated eBPF monitor leverages these signals to define the deserialization window, enforcing deny-list policies on system calls only during unpickling. Evaluation confirms that our instrumentation preserves interpreter correctness and significantly outperforms standard library tracing mechanisms in terms of throughput. Security testing against real-world malicious datasets demonstrates that the system effectively blocks actionable malicious payloads. Furthermore, the system maintains normal operation for legitimate benign models.",scopus,llm,0.960,unreviewed,
kept,Python Under the Microscope: A Comparative Energy Analysis of Execution Methods,Turja M.F.S.,2025,IEEE Access,10.1109/ACCESS.2025.3630507,https://www.scopus.com/inward/record.uri?partnerID=HzOxMe3b&scp=105021128661&origin=inward,qualifies-claim,"As environmental awareness grows and the world heads toward carbon neutrality, the energy efficiency of software systems has become an increasingly major topic of research. Python, known for its readability and vast ecosystem, is widely used in many domains, from data science to back-end development, despite ongoing concerns about its execution speed and energy consumption. Although there are various optimization methods and alternative interpreters available for Python, there still remains a lack of in-depth research directly comparing their runtime performance and energy efficiency. To bridge this gap, our research has evaluated five widely used Python execution approaches: standard interpretation with CPython, ahead-of-time compilation through Cython, just-in-time compilation using PyPy, bytecode compilation via py_compile, and the foreign function interface method using ctypes. Using 15 benchmark algorithms adapted from the Computer Language Benchmarks Game and a suite of software profiling tools, we introduced GreenScore a composite metric that integrates normalized carbon emissions, execution time, and energy consumption. Our findings reveal that FFI-based execution through ctypes achieved the best results, with the lowest energy use (17.9 J), fastest runtime (2.88 s) and smallest carbon footprint (0.009 gCO2eq), outperforming the CPython baseline. PyPy and Cython also performed well, whereas py_compile offered minimal improvement. To ensure the robustness and reliability of these findings, statistical significance testing, standard deviation analysis, and both real and synthetic survey-based validations were conducted. These validations reinforce the consistency and practical credibility of the results, offering actionable insights for developing energy-efficient and sustainable Python applications.",scopus,llm,0.920,unreviewed,
discarded,Development of a Yoruba-Based Programming Language,Obe O.O.,2025,2025 IEEE Connecting the Unconnected Europe Middle East and Africa Regional Summit Ctus Emea 2025,10.1109/CTUS-EMEA68989.2025.11592290,https://www.scopus.com/inward/record.uri?partnerID=HzOxMe3b&scp=105045928689&origin=inward,off-topic-false-hit,"Programming languages predominantly use English keywords, which creates barriers for non-native English speakers. In Nigeria, where Yoruba is spoken by over 40 million people, a programming language that incorporates Yoruba vocabulary could enhance accessibility. This paper presents the development of a Yoruba-based programming language for native Yoruba speakers. The language integrates Yoruba grammar, syntax, and semantics with native keywords and structures that reflect Yoruba linguistic patterns. Implemented in $\mathbf{C}$ and compiled into WebAssembly, it features an interpreter that translates Yoruba code into bytecode executed by a custom stack-based virtual machine (VM). Key constructs, including dynamic typing, arithmetic operations, control flow, and function declarations, are supported. Usability is enhanced by a Visual Studio Code extension with syntax highlighting and auto-completion, and a WebAssembly web interface for direct browser execution. Performance benchmarks on the Gregory series, Fibonacci, and Ackermann functions show that the language performs competitively, completing the Gregory series faster than both AWK and Python, and achieving similar results to Python on the Fibonacci and Ackermann tests. While not exhaustive, these benchmarks suggest that the Yoruba-based language is sufficiently efficient for practical use, marking a significant step towards reducing language barriers in programming for Yorubaspeaking communities.",scopus,llm,0.890,unreviewed,
discarded,On enhancing memory forensics with FAME: Framework for advanced monitoring and execution,Gharaibeh T.,2024,Forensic Science International Digital Investigation,10.1016/j.fsidi.2024.301757,https://www.scopus.com/inward/record.uri?partnerID=HzOxMe3b&scp=85198514652&origin=inward,off-topic-false-hit,"Memory Forensics (MF) is an essential aspect of digital investigations, but practitioners often face time-consuming challenges when using popular tools like the Volatility Framework (VF). VF, a widely-adopted Python-based memory forensics tool, presents difficulties for practitioners due to its slow performance. Thus, in this study, we evaluated methods to accelerate VF without modifying its code by testing four alternative Python Just In Time (JIT) interpreters - CPython, Pyston, PyPy, and Pyjion - using CPython as our baseline. Tests were conducted on 14 memory samples, totaling 173 GB, using a search-intensive VF plugin for Windows hosts. Employing our custom Framework for Advanced Monitoring and Execution (FAME), we deployed interpreters in Docker containers and monitored their real-time performance. A statistically significant difference was observed between the Python JIT interpreters and the standard interpreter. With PyPy emerging as the best interpreter, yielding a 15–20 % performance increase compared to the standard interpreter. Implementing PyPy has the potential to save significant time (many hours) when processing substantial memory samples. FAME enhances the efficiency of deploying and monitoring robust forensic tool testing, fostering reproducible research and yielding reliable results in both MF and the broader field of digital forensics.",scopus,llm,0.940,unreviewed,
discarded,Performance Comparison of Bagging Classifiers Between Multi-Core And Single-Core Processors Using Python Multiprocessing,Rawat A.,2024,2024 2nd International Conference on Advancements and Key Challenges in Green Energy and Computing Akgec 2024,10.1109/AKGEC62572.2024.10867840,https://www.scopus.com/inward/record.uri?partnerID=HzOxMe3b&scp=85219126197&origin=inward,off-topic-false-hit,"In recent years, the demand for efficient and scalable machine learning algorithms has surged. Bagging (Bootstrap Aggregating) stands out as a widely used ensemble technique that combines multiple base classifiers to enhance predictive accuracy and mitigate over fitting. However, when implementing bagging classifiers in Python, a crucial consideration lies in their effective utilization of multi-core processors. Python, as a language, faces parallelism limitations due to the Global Interpreter Lock (GIL) present in its C implementation (cPython). The GIL restricts Python threads from fully exploiting multiple CPU cores, thereby limiting their concurrency. Consequently, relying solely on regular threads for concurrency would not fully harness the potential of multi-core processors. Python, as a language, faces parallelism limitations due to the Global Interpreter Lock (GIL) present in its C implementation (cPython). The GIL restricts Python threads from fully exploiting multiple CPU cores, thereby limiting their concurrency. Consequently, relying solely on regular threads for concurrency would not fully harness the potential of multi-core processors. To overcome this limitation, we recommend leveraging Python’s multiprocessing module. Unlike threads, which share the same memory space and are subject to the GIL, multiprocessing creates separate processes, each with its own Python interpreter instance. As a result, these processes can run in parallel, effectively utilizing multiple CPU cores. Our study delves into the performance comparison of bagging classifiers on multi-core processors versus single-core using Python multiprocessing. Our experiments reveal that multiprocessing significantly improves execution time, particularly for CPU-bound tasks. By leveraging multiple cores, bagging classifiers can better generalize to unseen data and achieve enhanced predictive accuracy.",scopus,llm,0.890,unreviewed,
kept,CHERI Performance Enhancement for a Bytecode Interpreter,Lowther D.,2023,Vmil 2023 Proceedings of the 15th ACM SIGPLAN International Workshop on Virtual Machines and Intermediate Languages Co Located with Splash 2023,10.1145/3623507.3623552,https://www.scopus.com/inward/record.uri?partnerID=HzOxMe3b&scp=85177646549&origin=inward,supports-claim,"During our port of the MicroPython bytecode interpreter to the CHERI-based Arm Morello platform, we encountered a number of serious performance degradations. This paper explores several of these performance issues in detail, in each case we characterize the cause of the problem, the fix, and the corresponding interpreter performance improvement over a set of standard Python benchmarks. While we recognize that Morello is a prototypical physical instantiation of the CHERI concept, we show that it is possible to eliminate certain kinds of software-induced runtime overhead that occur due to the larger size of CHERI capabilities (128 bits) relative to native pointers (generally 64 bits). In our case, we reduce a geometric mean benchmark slowdown from 5x (before optimization) to 1.7x (after optimization) relative to AArch64, non-capability, execution. The worst-case slowdowns are greatly improved, from 100x (before optimization) to 2x (after optimization). The key insight is that implicit pointer size presuppositions pervade systems code; whereas previous CHERI porting projects highlighted compile-time and execution-time errors exposed by pointer size assumptions, we instead focus on the performance implications of such assumptions.",scopus,llm,0.950,unreviewed,
discarded,POSTER: On searching information leakage of Python model execution to detect adversarial examples,Guo C.Y.,2023,Proceedings of the ACM Conference on Computer and Communications Security,10.1145/3579856.3592828,https://www.scopus.com/inward/record.uri?partnerID=HzOxMe3b&scp=85168138398&origin=inward,off-topic-false-hit,"The predictive capabilities of machine learning models have improved significantly in recent years, leading to their widespread use in various fields. However, these models remain vulnerable to adversarial attacks, where carefully crafted inputs can mislead predictions and compromise the security of critical systems. Therefore, it is crucial to develop effective methods for detecting and preventing such attacks. Given that many neural network models are implemented using Python, this study addresses the issue of detecting adversarial examples from a new perspective by investigating information leakage in their Python model executions. To realize this objective, we propose a novel Python interpreter that utilizes Python bytecode instrumentation to profile layer-wise instruction-level program executions. We then search for information leakage on both legal and adversarial inputs, identifying their side-channel differences in call executions (i.e., call count, return values, and execution time) and synthesize the detection rule accordingly. Our approach is evaluated against TorchAttacks, AdvDoor, and RNN-Test attacks, targeting various models and applications. Our findings indicate that while there is call-return-value leakage on TorchAttacks images, there is no leakage to detect AdvDoor and RNN-Test attacks based on execution time or return values of string, integer, float, and Boolean type functions.",scopus,llm,0.900,unreviewed,
discarded,Detecting Interpreter Bugs via Filling Function Calls in Skeletal Program Enumeration,Xia X.,2023,Proceedings International Symposium on Software Reliability Engineering ISSRE,10.1109/ISSRE59848.2023.00066,https://www.scopus.com/inward/record.uri?partnerID=HzOxMe3b&scp=85178011208&origin=inward,off-topic-false-hit,"Skeletal Program Enumeration (SPE) is one of the state-of-the-art techniques for generating programs and validating the correctness of compilers/interpreters. However, existing SPE approaches neglect the enumeration of function calls, thereby overlooking a crucial feature of modern programming languages. To address this gap, this paper proposes an approach that integrates function calls into SPE techniques. Our approach first defines function skeletons and then employs the staged enumeration of variables and arguments. Consequently, our approach can eliminate equivalent programs on-the-fly. To address the test oracle problem in SPE, it takes a differential strategy to identify interpreter bugs, i.e., differentially comparing program execution results across various interpreters. Hence it can effectively detect crash bugs, behavior bugs, and miscompilation bugs. To evaluate the effectiveness, we have implemented the proposed approach into an open-source tool, i.e., FcFuzzer, for testing Python interpreters. The evaluation is conducted on seven Python interpreters: CPython, RustPython, IronPython, Pyston, PyPy, Codon, and GPython. Using the same seeds, FcFuzzer can detect, on average, 1.6 times more bugs than the state-of-the-art SPE technique. In a one-month fuzzing experiment, FcFuzzer successfully identified 35 Python interpreter bugs, of which 16 were confirmed to be unknown, and six have been fixed.",scopus,llm,0.880,unreviewed,
discarded,Design and Implementation of a Virtual Machine for a Dynamic Object-Oriented Programming Language,Marevac E.,2023,Lecture Notes in Networks and Systems,10.1007/978-3-031-17697-5_59,https://www.scopus.com/inward/record.uri?partnerID=HzOxMe3b&scp=85141667531&origin=inward,off-topic-false-hit,,scopus,llm,0.820,unreviewed,
