status,title,authors,year,venue,doi,url,tags,abstract,provider,decision_source,llm_confidence,llm_review_outcome,llm_change_direction
discarded,SciPy 1.0: fundamental algorithms for scientific computing in Python,Pauli Virtanen; Ralf Gommers; Travis E. Oliphant; Matt Haberland; Tyler Reddy; David Cournapeau; Evgeni Burovski; Pearu Peterson; Warren Weckesser; Jonathan Bright; Stéfan J. van der Walt; Matthew Brett; Joshua Wilson; K. Jarrod Millman; Nikolay Mayorov; Andrew R. J. Nelson; Eric Jones; Robert Kern; Eric Larson; C J Carey; İlhan Polat; Yu Feng; Eric W. Moore; Jake VanderPlas; Denis Laxalde; Josef Perktold; Robert Cimrman; Ian Henriksen; E. A. Quintero; Charles R. Harris; Anne M. Archibald; Antônio H. Ribeiro; Fabian Pedregosa; Paul van Mulbregt; SciPy 1.0 Contributors; Aditya Vijaykumar; Alessandro Pietro Bardelli; Alex Rothberg; Andreas Hilboll; Andreas Kloeckner; Anthony Scopatz; Antony Lee; Ariel Rokem; C. Nathan Woods; Chad Fulton; Charles Masson; Christian Häggström; Clark Fitzgerald; David A. Nicholson; David R. Hagen; Dmitrii V. Pasechnik; Emanuele Olivetti; Eric Martin; Eric Wieser; Fabrice Silva; Felix Lenders; Florian Wilhelm; G. Young; Gavin A. Price; Gert-Ludwig Ingold; Gregory E. Allen; Gregory R. Lee; Hervé Audren; Irvin Probst; Jörg P. Dietrich; Jacob Silterra; James T Webber; Janko Slavič; Joel Nothman; Johannes Buchner; Johannes Kulick; Johannes L. Schönberger; José Vinícius de Miranda Cardoso; Joscha Reimer; Joseph Harrington; Juan Luis Cano Rodríguez; Juan Nunez-Iglesias; Justin Kuczynski; Kevin Tritz; Martin Thoma; Matthew Newville; Matthias Kümmerer; Maximilian Bolingbroke; Michael Tartre; Mikhail Pak; Nathaniel J. Smith; Nikolai Nowaczyk; Nikolay Shebanov; Oleksandr Pavlyk; Per A. Brodtkorb; Perry Lee; Robert T. McGibbon; Roman Feldbauer; Sam Lewis; Sam Tygier; Scott Sievert; Sebastiano Vigna; Stefan Peterson; Surhud More; Tadeusz Pudlik,2020,Nature Methods,10.1038/s41592-019-0686-2,https://openalex.org/W3003257820,off-topic-false-hit,"SciPy is an open-source scientific computing library for the Python programming language. Since its initial release in 2001, SciPy has become a de facto standard for leveraging scientific algorithms in Python, with over 600 unique code contributors, thousands of dependent packages, over 100,000 dependent repositories and millions of downloads per year. In this work, we provide an overview of the capabilities and development practices of SciPy 1.0 and highlight some recent technical developments.",openalex,llm,0.980,unreviewed,
discarded,SciPy 1.0: fundamental algorithms for scientific computing in Python,Pauli Virtanen; Ralf Gommers; Travis E. Oliphant; Matt Haberland; Tyler Reddy; David Cournapeau; Evgeni Burovski; Pearu Peterson; Warren Weckesser; Jonathan Bright; Stéfan van der Walt; Matthew Brett; Joshua Wilson; K. Jarrod Millman; Nikolay Mayorov; Andrew Nelson; Eric D. Jones; Robert Kern; Eric R. Larson; CJ Carey; İlhan Polat; Yu Feng; Eric Moore; Jake Vanderplas; Denis Laxalde; Josef Perktold; Robert Cimrman; Ian Henriksen; E. A. Quintero; C. R. Harris; Anne M. Archibald; Antônio H. Ribeiro; Fabian Pedregosa; Paul van Mulbregt; A. Vijaykumar; Alessandro Pietro Bardelli; Alex Rothberg; Andreas Hilboll; Andreas Kloeckner; Anthony Scopatz; Antony Lee; Ariel Rokem; Charles Woods; Chad Fulton; Charles Masson; Christian Häggström; C Fitzgerald; David Nicholson; David Hagen; Dmitrii V. Ṗasechnik; Emanuele Olivetti; Éric Martin; Eric Wieser; Fabrice Silva; Felix Lenders; Florian Wilhelm; George S. Young; Gavin A Price; Gert‐Ludwig Ingold; Gregory E. Allen; Gregory R. Lee; Hervé Audren; Irvin Probst; J. P. Dietrich; Jacob Silterra; James T. Webber; Janko Slavič; Joel Nothman; Johannes Büchner; Johannes Kulick; Johannes L. Schönberger; José Vinícius de Miranda Cardoso; Joscha Reimer; Joseph Harrington; Juan Luis Cano; Juan Nunez-Iglesias; Justin Kuczynski; K. Tritz; Martin Thoma; M. Newville; Matthias Kümmerer; Maximilian Bolingbroke; Michael Tartre; M. Pak; Nathaniel J. Smith; Nikolai Nowaczyk; Nikolay Shebanov; Oleksandr Pavlyk; Per A. Brodtkorb; Perry Lee; Robert T. McGibbon; Roman Feldbauer; Sam Lewis; Sam Tygier; Scott Sievert; Sebastiano Vigna; Stefan Peterson; Surhud More; Tadeusz Pudlik; 拓也 大嶋,2019,Monash University Research Portal (Monash University),10.17863/cam.64134,https://openalex.org/W3103145119,off-topic-false-hit,"Abstract: SciPy is an open-source scientific computing library for the Python programming language. Since its initial release in 2001, SciPy has become a de facto standard for leveraging scientific algorithms in Python, with over 600 unique code contributors, thousands of dependent packages, over 100,000 dependent repositories and millions of downloads per year. In this work, we provide an overview of the capabilities and development practices of SciPy 1.0 and highlight some recent technical developments.",openalex,llm,0.980,unreviewed,
discarded,"PyTorch: An Imperative Style, High-Performance Deep Learning Library",Adam Paszke; Sam Gross; Francisco Massa; Adam Lerer; James Bradbury; Gregory Chanan; Trevor Killeen; Zeming Lin; Natalia Gimelshein; Luca Antiga; Alban Desmaison; Andreas Köpf; Edward Z. Yang; Zachary DeVito; Martin Raison; Alykhan Tejani; Sasank Chilamkurthy; Benoit Steiner; Lu Fang; Junjie Bai; Soumith Chintala,2019,arXiv (Cornell University),10.48550/arxiv.1912.01703,https://openalex.org/W2970971581,off-topic-false-hit,"Deep learning frameworks have often focused on either usability or speed, but not both. PyTorch is a machine learning library that shows that these two goals are in fact compatible: it provides an imperative and Pythonic programming style that supports code as a model, makes debugging easy and is consistent with other popular scientific computing libraries, while remaining efficient and supporting hardware accelerators such as GPUs. In this paper, we detail the principles that drove the implementation of PyTorch and how they are reflected in its architecture. We emphasize that every aspect of PyTorch is a regular Python program under the full control of its user. We also explain how the careful and pragmatic implementation of the key components of its runtime enables them to work together to achieve compelling performance. We demonstrate the efficiency of individual subsystems, as well as the overall speed of PyTorch on several common benchmarks.",openalex,llm,0.950,unreviewed,
discarded,Proceedings of the 8th Python in Science Conference,,2009,Proceedings of the Python in Science Conferences,10.25080/rjfg8479,https://openalex.org/W4401946486,off-topic-false-hit,"SciPy 2009 marks our eighth annual Python in Science conference and the second edition of the conference proceedings.The conference and these proceedings highlight the ongoing focus of the community on providing practical software tools, created to address real scientific problems.As in previous years, topics at the conference ranged from the presentation of tools and techniques for scientific work with the Python language, to reports on scientific achievement using Python.Interestingly, several people noticed that something important happened in the Scientific Python world during the last year: we are no longer constantly comparing our software with commercial packages, nor justifying the need for Python in Science.Python has now reached the level of adoption where this sort of justification is no longer necessary.The exact moment when this shift in focus occurred is difficult to identify, but that it happened was apparent during the conference. Recurring scientific themesThis year the conference spanned two days, and each day commenced with a keynote address.The first keynote was delivered by Peter Norvig, the Director of Research at Google; the second by Jonathan Guyer, a materials scientist in the Thermodynamics and Kinetics Group at the National Institute of Standards and Technology (NIST).Peter Norvig's talk was titled ""What to demand from a Scientific Computing Language-even if you don't care about computing or languages"", where he discussed a number of desired characteristics in a scientific computing environment.Such a platform should have the ability to share code and data with other researchers easily, provide extremely fast computations and stateof-the-art algorithms to researchers in the field, and be as easy as possible to use in a time-efficient manner.He also stressed the importance of having code that read like the mathematical ideas it expressed.Jonathan Guyer's keynote centred around ""Modeling of Materials with Python"".He expanded on several of the above-mentioned characteristics as he discussed the development of FiPy, a framework for solving partial differential equations based on a finite volume approach.Jonathan explained how FiPy was created to provide the most advanced numerical techniques to scientists, so that they could focus on the scientific questions at hand, while having a standard platform for sharing codes with colleagues.Importantly, FiPy has become a critical tool in Jonathan's research group and has been adopted by many of their colleagues for both research as well as teaching. Proceedings of the 8 th Python in Science Conference (SciPy 2009)Cython tutorial",openalex,llm,0.960,unreviewed,
discarded,Nengo: a Python tool for building large-scale functional brain models,Trevor Bekolay; James Bergstra; Eric Hunsberger; Travis DeWolf; Terrence C. Stewart; Daniel Rasmussen; Xuan Choo; Aaron R. Voelker; Chris Eliasmith,2014,Frontiers in Neuroinformatics,10.3389/fninf.2013.00048,https://openalex.org/W2065125569,off-topic-false-hit,"Neuroscience currently lacks a comprehensive theory of how cognitive processes can be implemented in a biological substrate. The Neural Engineering Framework (NEF) proposes one such theory, but has not yet gathered significant empirical support, partly due to the technical challenge of building and simulating large-scale models with the NEF. Nengo is a software tool that can be used to build and simulate large-scale models based on the NEF; currently, it is the primary resource for both teaching how the NEF is used, and for doing research that generates specific NEF models to explain experimental data. Nengo 1.4, which was implemented in Java, was used to create Spaun, the world's largest functional brain model (Eliasmith et al., 2012). Simulating Spaun highlighted limitations in Nengo 1.4's ability to support model construction with simple syntax, to simulate large models quickly, and to collect large amounts of data for subsequent analysis. This paper describes Nengo 2.0, which is implemented in Python and overcomes these limitations. It uses simple and extendable syntax, simulates a benchmark model on the scale of Spaun 50 times faster than Nengo 1.4, and has a flexible mechanism for collecting simulation results.",openalex,llm,0.970,unreviewed,
kept,A fast in-place interpreter for WebAssembly,Ben L. Titzer,2022,Proceedings of the ACM on Programming Languages,10.1145/3563311,https://openalex.org/W4307886860,supports-claim,"WebAssembly (Wasm) is a compact, well-specified bytecode format that offers a portable compilation target with near-native execution speed. The bytecode format was specifically designed to be fast to parse, validate, and compile, positioning itself as a portable alternative to native code. It was pointedly not designed to be interpreted directly. Instead, design considerations at the time focused on competing with native code, utilizing optimizing compilers as the primary execution tier. Yet, in JIT scenarios, compilation time and memory consumption critically impact application startup, leading many Wasm engines to later deploy faster single-pass (baseline) compilers. Though faster, baseline compilers still take time and waste code space for infrequently executed code. A typical interpreter being infeasible, some engines resort to compiling Wasm not to machine code, but to a more compact, but easy to interpret format. This still takes time and wastes memory. Instead, we introduce in this article a fast in-place interpreter for WebAssembly, where no rewrite and no separate format is necessary. Our evaluation shows that in-place interpretation of Wasm code is space-efficient and fast, achieving performance on-par with interpreting a custom-designed internal format. This fills a hole in the execution tier space for Wasm, allowing for even faster startup and lower memory footprint than previous engine configurations.",openalex,llm,0.870,unreviewed,
discarded,KEVM: A Complete Semantics of the Ethereum Virtual Machine,Everett Hildenbrandt; Manasvi Saxena; Xiaoran Zhu; Nishant Rodrigues; Philip Daian; Dwight Guth; Grigore Roşu,2017,Illinois Digital Environment for Access to Learning and Scholarship (University of Illinois at Urbana-Champaign),,https://openalex.org/W2741675276,off-topic-false-hit,"A developing field of interest for the distributed systems and applied cryptography community is that of smart contracts: self-executing financial instruments that synchronize their state, often through a blockchain. One such smart contract system that has seen widespread practical adoption is Ethereum, which has grown to secure approximately 30 billion USD of currency value and in excess of 300,000 daily transactions. \n \nUnfortunately, the rise of these technologies has been marred by a repeated series of security vulnerabilities and high pro file contract failures. To address these failures, the Ethereum community has turned to formal verification and program analysis which show great promise due to the computational simplicity and bounded-time execution inherent to smart contracts. Despite this, no fully formal, rigorous, comprehensive, and executable semantics of the EVM (Ethereum Virtual Machine) currently exists, leaving a lack of rigor on which to base such tools. \n \nIn this work, we present KEVM, the first fully executable formal semantics of the EVM, the bytecode language in which smart contracts are executed. We create this semantics in a framework for executable \nsemantics, the K framework. We show that our semantics not only passes the official 40,683-test stress test suite for EVM implementations, but also reveals ambiguities and potential sources of error in the existing \non-paper formalization of EVM semantics on which our work is based. \n These properties make KEVM an ideal formal reference implementation against which other implementations can be evaluated. \n \nWe proceed to argue for a semantics-first formal verification approach for EVM contracts, and demonstrate its practicality by using KEVM to verify practically important properties over the arithmetic operation of an \nexample smart contract and the correct operation of a token transfer function in a second contract. We show that our approach is feasible and not computationally restrictive. We hope that our work serves as the base for the development of a wide range of useful formally derived tools for Ethereum, including model checkers, certified compilers, and program equivalence checkers.",openalex,llm,0.940,unreviewed,
discarded,TaintDroid,William Enck; Peter Gilbert; Seungyeop Han; Vasant Tendulkar; Byung-Gon Chun; Landon P. Cox; Jaeyeon Jung; Patrick McDaniel; Anmol Sheth,2014,ACM Transactions on Computer Systems,10.1145/2619091,https://openalex.org/W2060692877,off-topic-false-hit,"Today’s smartphone operating systems frequently fail to provide users with visibility into how third-party applications collect and share their private data. We address these shortcomings with TaintDroid, an efficient, system-wide dynamic taint tracking and analysis system capable of simultaneously tracking multiple sources of sensitive data. TaintDroid enables realtime analysis by leveraging Android’s virtualized execution environment. TaintDroid incurs only 32% performance overhead on a CPU-bound microbenchmark and imposes negligible overhead on interactive third-party applications. Using TaintDroid to monitor the behavior of 30 popular third-party Android applications, in our 2010 study we found 20 applications potentially misused users’ private information; so did a similar fraction of the tested applications in our 2012 study. Monitoring the flow of privacy-sensitive data with TaintDroid provides valuable input for smartphone users and security service firms seeking to identify misbehaving applications.",openalex,llm,0.970,unreviewed,
discarded,PyCOMPSs: Parallel computational workflows in Python,Enric Tejedor; Yolanda Becerra; Guillem Alomar; Anna Queralt; Rosa M. Badia; Jordi Torres; Toni Cortés; Jesús Labarta,2015,The International Journal of High Performance Computing Applications,10.1177/1094342015594678,https://openalex.org/W1168671556,off-topic-false-hit,"The use of the Python programming language for scientific computing has been gaining momentum in the last years. The fact that it is compact and readable and its complete set of scientific libraries are two important characteristics that favour its adoption. Nevertheless, Python still lacks a solution for easily parallelizing generic scripts on distributed infrastructures, since the current alternatives mostly require the use of APIs for message passing or are restricted to embarrassingly parallel computations. In that sense, this paper presents PyCOMPSs, a framework that facilitates the development of parallel computational workflows in Python. In this approach, the user programs her script in a sequential fashion and decorates the functions to be run as asynchronous parallel tasks. A runtime system is in charge of exploiting the inherent concurrency of the script, detecting the data dependencies between tasks and spawning them to the available resources. Furthermore, we show how this programming model can be built on top of a Big Data storage architecture, where the data stored in the backend is abstracted and accessed from the application in the form of persistent objects.",openalex,llm,0.950,unreviewed,
discarded,ImageJ2: ImageJ for the next generation of scientific image data,Curtis Rueden; Johannes Schindelin; Mark Hiner; Barry E. DeZonia; Alison E. Walter; Ellen T. Arena; Kevin W. Eliceiri,2017,BMC Bioinformatics,10.1186/s12859-017-1934-z,https://openalex.org/W2580035316,off-topic-false-hit,"BACKGROUND: ImageJ is an image analysis program extensively used in the biological sciences and beyond. Due to its ease of use, recordable macro language, and extensible plug-in architecture, ImageJ enjoys contributions from non-programmers, amateur programmers, and professional developers alike. Enabling such a diversity of contributors has resulted in a large community that spans the biological and physical sciences. However, a rapidly growing user base, diverging plugin suites, and technical limitations have revealed a clear need for a concerted software engineering effort to support emerging imaging paradigms, to ensure the software's ability to handle the requirements of modern science. RESULTS: We rewrote the entire ImageJ codebase, engineering a redesigned plugin mechanism intended to facilitate extensibility at every level, with the goal of creating a more powerful tool that continues to serve the existing community while addressing a wider range of scientific requirements. This next-generation ImageJ, called ""ImageJ2"" in places where the distinction matters, provides a host of new functionality. It separates concerns, fully decoupling the data model from the user interface. It emphasizes integration with external applications to maximize interoperability. Its robust new plugin framework allows everything from image formats, to scripting languages, to visualization to be extended by the community. The redesigned data model supports arbitrarily large, N-dimensional datasets, which are increasingly common in modern image acquisition. Despite the scope of these changes, backwards compatibility is maintained such that this new functionality can be seamlessly integrated with the classic ImageJ interface, allowing users and developers to migrate to these new methods at their own pace. CONCLUSIONS: Scientific imaging benefits from open-source programs that advance new method development and deployment to a diverse audience. ImageJ has continuously evolved with this idea in mind; however, new and emerging scientific requirements have posed corresponding challenges for ImageJ's development. The described improvements provide a framework engineered for flexibility, intended to support these requirements as well as accommodate future needs. Future efforts will focus on implementing new algorithms in this framework and expanding collaborations with other popular scientific software suites.",openalex,llm,0.970,unreviewed,
