status,title,authors,year,venue,doi,url,tags,abstract,provider,decision_source,llm_confidence,llm_review_outcome,llm_change_direction
discarded,A JC-BioAPI Compliant smart card with biometrics for secure access control,Osborne M.,2003,Lecture Notes in Computer Science Including Subseries Lecture Notes in Artificial Intelligence and Lecture Notes in Bioinformatics,10.1007/3-540-44887-x_105,https://www.scopus.com/inward/record.uri?partnerID=HzOxMe3b&scp=35048888716&origin=inward,off-topic-false-hit,,scopus,llm,0.840,unreviewed,
kept,Students’ Misconceptions and Other Difficulties in Introductory Programming,Yizhou Qian; James Daniel Lehman,2017,ACM Transactions on Computing Education,10.1145/3077618,https://openalex.org/W2766624855,adjacent-subtopic,"Efforts to improve computer science education are underway, and teachers of computer science are challenged in introductory programming courses to help learners develop their understanding of programming and computer science. Identifying and addressing students’ misconceptions is a key part of a computer science teacher's competence. However, relevant research on this topic is not as fully developed in the computer science education field as it is in mathematics and science education. In this article, we first review relevant literature on general definitions of misconceptions and studies about students’ misconceptions and other difficulties in introductory programming. Next, we investigate the factors that contribute to the difficulties. Finally, strategies and tools to address difficulties including misconceptions are discussed. Based on the review of literature, we found that students exhibit various misconceptions and other difficulties in syntactic knowledge, conceptual knowledge, and strategic knowledge. These difficulties experienced by students are related to many factors including unfamiliarity of syntax, natural language, math knowledge, inaccurate mental models, lack of strategies, programming environments, and teachers’ knowledge and instruction. However, many sources of students’ difficulties have connections with students’ prior knowledge. To better understand and address students’ misconceptions and other difficulties, various instructional approaches and tools have been developed. Nevertheless, the dissemination of these approaches and tools has been limited. Thus, first, we suggest enhancing the dissemination of existing tools and approaches and investigating their long-term effects. Second, we recommend that computing education research move beyond documenting misconceptions to address the development of students’ (mis)conceptions by integrating conceptual change theories. Third, we believe that developing and enhancing instructors’ pedagogical content knowledge (PCK), including their knowledge of students’ misconceptions and ability to apply effective instructional approaches and tools to address students’ difficulties, is vital to the success of teaching introductory programming.",openalex,llm,0.900,unreviewed,
discarded,Studying the effect of AI Code Generators on Supporting Novice Learners in Introductory Programming,Majeed Kazemitabaar; Justin Chow; Carl Ka To; Barbara Ericson; David Weintrop; Tovi Grossman,2023,,10.1145/3544548.3580919,https://openalex.org/W4321162272,adjacent-subtopic,"AI code generators like OpenAI Codex have the potential to assist novice programmers by generating code from natural language descriptions, however, over-reliance might negatively impact learning and retention. To explore the implications that AI code generators have on introductory programming, we conducted a controlled experiment with 69 novices (ages 10-17). Learners worked on 45 Python code-authoring tasks, for which half of the learners had access to Codex, each followed by a code-modification task. Our results show that using Codex significantly increased code-authoring performance (1.15x increased completion rate and 1.8x higher scores) while not decreasing performance on manual code-modification tasks. Additionally, learners with access to Codex during the training phase performed slightly better on the evaluation post-tests conducted one week later, although this difference did not reach statistical significance. Of interest, learners with higher Scratch pre-test scores performed significantly better on retention post-tests, if they had prior access to Codex.",openalex,llm,0.950,unreviewed,
discarded,Introductory programming: a systematic literature review,Andrew Luxton-Reilly; Simon; Ibrahim Albluwi; Brett A. Becker; Michail N. Giannakos; Amruth N. Kumar; Linda Ott; James H. Paterson; Michael Scott; Judy Sheard; Claudia Szabo,2018,,10.1145/3293881.3295779,https://openalex.org/W2910880405,off-topic-false-hit,"As computing becomes a mainstream discipline embedded in the school curriculum and acts as an enabler for an increasing range of academic disciplines in higher education, the literature on introductory programming is growing. Although there have been several reviews that focus on specific aspects of introductory programming, there has been no broad overview of the literature exploring recent trends across the breadth of introductory programming.",openalex,llm,0.830,unreviewed,
kept,Visual program simulation in introductory programming education,Juha Sorva,2012,Aaltodoc (Aalto University),,https://openalex.org/W2727220479,adjacent-subtopic,"This thesis formulates and evaluates a pedagogical technique whose goal is to help beginners learn the basics of computer programming. The technique, visual program simulation (VPS), involves the learner in interactive simulations in which the learner takes on the role of the computer as the executor of a program. The student uses a given visualization of a so-called notional machine, an abstract computer, to illustrate what happens in memory as the computer processes the program. The purpose of these simulations is to help the beginner learn to reason about program execution, a skill whose development has been identified as a major challenge in introductory programming education. VPS promotes effective learning by seeking to cognitively engage the learner with a visualization. It can be made practical through visualization software. VPS software may also automatically assess students' simulations and provide personal feedback, which is a valuable asset especially in the large classes that are typical of introductory courses. \n \nThe thesis contributes to VPS in four ways. First, it formulates the concept of visual program simulation and outlines its underpinnings in terms of learning theory. Second, it presents a new software prototype that facilitates the use of VPS in practice. Third, it reports on a preliminary empirical evaluation of VPS and the software in the context of an introductory programming course. Fourth, it makes recommendations on the use of VPS in teaching and the further development of VPS tools, which arise from the empirical work. \n \nThe findings from a mixed-methods evaluation of VPS suggest that it is a promising pedagogical approach that helps many students learn programming. At the same time, the evaluation highlights certain important weaknesses. The purpose of VPS is not obvious to many students. Care must be taken to ensure that students develop a rich understanding of what VPS is and what they stand to gain from it. For best results, it is recommended that VPS be tightly integrated into the teaching and learning environment. The results from a controlled experiment further indicate that the short-term learning benefits of a VPS assignment are heavily dependent on which interactions the assignment demands from students. This implies that extreme care must be taken in the design of VPS systems and specific assignments so that required user interactions are aligned with intended learning goals. \n \nOn a more general level, the thesis serves as an example of educational tool development that is grounded in learning theory and informed by empirical evaluations. A fairly broad review of the literature on learning and teaching introductory programming is also contributed.",openalex,llm,0.990,unreviewed,
kept,A diagnosis of beginning programmers' misconceptions of BASIC programming statements,Piraye Bayman; Richard E. Mayer,1983,Communications of the ACM,10.1145/358172.358408,https://openalex.org/W2039883913,adjacent-subtopic,"In the process of learning a computer language, beginning programmers may develop mental models for the language. A mental model refers to the user's conception of the “invisible” information processing that occurs inside the computer between input and output. In this study, 30 undergraduate students learned BASIC through a self-paced, mastery manual and simultaneously had hands-on access to an Apple II computer. After instruction, the students were tested on their mental models for the execution of each of nine BASIC statements. The results show that beginning programmers—although able to perform adequately on mastery tests in program generation—possessed a wide range of misconceptions concerning the statements they had learned. This paper catalogs beginning programmers' conceptions of “what goes on inside the computer” for each of nine BASIC statements.",openalex,llm,0.990,unreviewed,
kept,Novice mistakes: are the folk wisdoms correct?,Jim Spohrer; Elliot Soloway,1986,Communications of the ACM,10.1145/6138.6145,https://openalex.org/W2058580210,adjacent-subtopic,"An evaluation of two folk wisdoms serves to elucidate the underlying or ""deep-structure"" reasons for novice errors.",openalex,llm,0.830,unreviewed,
kept,The design and implementation of a notional machine for teaching introductory programming,Michael J. Berry; Michael Kölling,2013,,10.1145/2532748.2532765,https://openalex.org/W2026930327,adjacent-subtopic,"Comprehension of programming and programs is known to be a difficult task for many beginning students, with many computing courses showing significant drop out and failure rates. In this paper, we present a new notional machine design and implementation to help with understanding of programming and its dynamics for beginning learners. The notional machine offers an abstraction of the physical machine designed for comprehension and learning purposes. We introduce the notional machine and describe an implementation in BlueJ.",openalex,llm,0.990,unreviewed,
discarded,Using Large Language Models to Enhance Programming Error Messages,Juho Leinonen; Arto Hellas; Sami Sarsa; Brent N. Reeves; Paul Denny; James Prather; Brett A. Becker,2023,,10.1145/3545945.3569770,https://openalex.org/W4323033692,adjacent-subtopic,"A key part of learning to program is learning to understand programming error messages. They can be hard to interpret and identifying the cause of errors can be time-consuming. One factor in this challenge is that the messages are typically intended for an audience that already knows how to program, or even for programming environments that then use the information to highlight areas in code. Researchers have been working on making these errors more novice friendly since the 1960s, however progress has been slow. The present work contributes to this stream of research by using large language models to enhance programming error messages with explanations of the errors and suggestions on how to fix them. Large language models can be used to create useful and novice-friendly enhancements to programming error messages that sometimes surpass the original programming error messages in interpretability and actionability. These results provide further evidence of the benefits of large language models for computing educators, highlighting their use in areas known to be challenging for students. We further discuss the benefits and downsides of large language models and highlight future streams of research for enhancing programming error messages.",openalex,llm,0.930,unreviewed,
discarded,"Curriculum, Teaching and Learning, and Assessments for Introductory Programming Course",Erum Mehmood; Adnan Abid; Muhammad Shoaib Farooq; Naeem A. Nawaz,2020,IEEE Access,10.1109/access.2020.3008321,https://openalex.org/W3041712829,off-topic-false-hit,"Learning to program involves acquisition of various skills including problem solving, fundamental design techniques as well as critical thinking. Generally, most of the novice programmers struggle to develop all these important skill. The research community has addressed the problem in many different ways while involving improvisations in curriculum, pedagogical methods, cognitive aspects, supporting tools, and in designing assessments. This research aims to analyze and synthesize the existing literature in the aforementioned areas. Research articles pertaining to the area of Introductory Programming Courses (IPC) have been found using appropriate search queries, while nearly 60 research articles, published in last ten years, have been carefully selected by employing a systematic filtering process. The scope of this work only covers the research conducted for IPC in higher education. Main findings of this study show that “solution proposal” and “evaluation research” have been reported as two main research types adopted by these studies. Moreover, pedagogy, language choice and students' performance analysis are the most frequently addressed aspects of IPC; whereas, curriculum contents, assessment design, and teaching/learning through tools have appeared as less addressed aspects of IPC. Furthermore, a taxonomy of IPC has been presented based on the studied literature. Lastly, general considerations and future research directions have been presented for the practitioners and researchers in this area.",openalex,llm,0.860,unreviewed,
kept,Misconception-Driven Feedback,Luke Gusukuma; Austin Cory Bart; Dennis Kafura; Jeremy V. Ernst,2018,,10.1145/3230977.3231002,https://openalex.org/W2886150761,adjacent-subtopic,"The feedback given to novice programmers can be substantially improved by delivering advice focused on learners' cognitive misconceptions contextualized to the instruction. Building on this idea, we present Misconception-Driven Feedback (MDF); MDF uses a cognitive student model and program analysis to detect mistakes and uncover underlying misconceptions. To evaluate the impact of MDF on student learning, we performed a quasi-experimental study of novice programmers that compares conventional run-time and output check feedback against MDF over three semesters. Inferential statistics indicates MDF supports significantly accelerated acquisition of conceptual knowledge and practical programming skills. Additionally, we present descriptive analysis from the study indicating the MDF student model allows for complex analysis of student mistakes and misconceptions that can suggest improvements to the feedback, the instruction, and to specific students.",openalex,llm,0.900,unreviewed,
discarded,Computer Science Curricula 2013: Curriculum Guidelines for Undergraduate Degree Programs in Computer Science,Mehran Sahami; Steve Roach; Ernesto Cuadros-Vargas; Andrea Danyluk; Ronald Dodge; Kathleen Fisher; Robert France; Dan Grossman; Beth Hawthorne; Randy Katz; Amruth Kumar; Rich LeBlanc; Dave Reed; Brian H. Robinson; Remzi Seker; Alfred Thompson,2013,,10.1145/2534860,https://openalex.org/W2128886782,off-topic-false-hit,"White S and Vafopoulos M Web Science: Expanding the Notion of Computer Science, SSRN Electronic Journal, 10.2139/ssrn.1919393",openalex,llm,0.980,unreviewed,
kept,Engage Against the Machine: Rise of the Notional Machines as Effective Pedagogical Devices,Paul E. Dickson; Neil C. C. Brown; Brett A. Becker,2020,,10.1145/3341525.3387404,https://openalex.org/W3033106251,adjacent-subtopic,"The term ""the machine"" is commonly used to refer to the complicated physical hardware running similarly complex software that ultimately executes programs. The idea that programmers write programs for a notional machine - an abstract model of an execution environment - not the machine itself, has risen to the point of gaining acceptance as a useful device in computing education. This has seeded a growing discussion about how explicitly utilizing notional machines in teaching can help students construct more accurate mental models, which is essential for learning programming. Much of the existing literature necessarily involves specific languages, visualization, and/or facilitating tools, and is not very accessible to many practitioners. Less focus has been put on how teachers can make explicit use of notional machines in their teaching. In this paper we describe notional machines and their use in a manner that is more accessible to a general educator audience in order to facilitate more effective computing education at all levels. We advocate explicitly delineating between visualization tools and the notional machines they depict, isolating and clarifying the notional machine so that it is conspicuous, apparent and useful. We present examples of how this approach can facilitate a more consistent method of teaching computing, and be used in more effective pedagogical practice for teaching computing.",openalex,llm,0.980,unreviewed,
kept,Learning Resources and Tools to Aid Novices Learn Programming,Stuart Garner,2003,Informing Science and IT Education Conference,10.28945/2613,https://openalex.org/W1568484718,adjacent-subtopic,"It is well known that learning introductory software development is a difficult task for many students. This paper discusses some of the resources and tools that are available, or have been experimented with, that might be of interest to instructional designers of programming. The resources and tools are discussed in the context of the four phases of the software lifecycle, these being: analyse the problem; design and develop a solution / algorithm; implement the algorithm; and test and revise the algorithm. The tools that are discussed include microworlds, videoclips, flowchart interpreters, and program animators.",openalex,llm,0.760,unreviewed,
kept,DrScheme: a programming environment for Scheme,Robert Bruce Findler; John Clements; Cormac Flanagan; Matthew Flatt; Shriram Krishnamurthi; Paul Steckler; Matthias Felleisen,2002,Journal of Functional Programming,10.1017/s0956796801004208,https://openalex.org/W2015077407,supports-claim,"DrScheme is a programming environment for Scheme. It fully integrates a graphics-enriched editor, a parser for multiple variants of Scheme, a functional read-eval-print loop, and an algebraic printer. The environment is especially useful for students, because it has a tower of syntactically restricted variants of Scheme that are designed to catch typical student mistakes and explain them in terms the students understand. The environment is also useful for professional programmers, due to its sophisticated programming tools, such as the static debugger, and its advanced language features, such as units and mixins. Beyond the ordinary programming environment tools, DrScheme provides an algebraic stepper, a context-sensitive syntax checker, and a static debugger. The stepper reduces Scheme programs to values, according to the reduction semantics of Scheme. It is useful for explaining the semantics of linguistic facilities and for studying the behavior of small programs. The syntax checker annotates programs with font and color changes based on the syntactic structure of the program. On demand, it draws arrows that point from bound to binding occurrences of identifiers. It also supports α-renaming. Finally, the static debugger provides a type inference system that explains specific inferences in terms of a value-flow graph, selectively overlaid on the program text.",openalex,llm,0.850,unreviewed,
kept,CrossCode: Multi-level Visualization of Program Execution,Devamardeep Hayatpur; Daniel Wigdor; Haijun Xia,2023,,10.1145/3544548.3581390,https://openalex.org/W4363671822,adjacent-subtopic,"Program visualizations help to form useful mental models of how programs work, and to reason and debug code. But these visualizations exist at a fixed level of abstraction, e.g., line-by-line. In contrast, programmers switch between many levels of abstraction when inspecting program behavior. Based on results from a formative study of hand-designed program visualizations, we designed CrossCode, a web-based program visualization system for JavaScript that leverages structural cues in syntax, control flow, and data flow to aggregate and navigate program execution across multiple levels of abstraction. In an exploratory qualitative study with experts, we found that CrossCode enabled participants to maintain a strong sense of place in program execution, was conducive to explaining program behavior, and helped track changes and updates to the program state.",openalex,llm,0.820,unreviewed,
