status,title,authors,year,venue,doi,url,tags,abstract,provider,decision_source,llm_confidence,llm_review_outcome,llm_change_direction
discarded,Interpreting language-learning data,,2020,Refubium (Universitätsbibliothek der Freien Universität Berlin),10.17169/refubium-28560,https://openalex.org/W3101633128,off-topic-false-hit,"This book provides a forum for methodological discussions emanating from researchers engaged in studying how individuals acquire an additional language. Whereas publications in the field of second language acquisition generally report on empirical studies with relatively little space dedicated to questions of method, the current book gave authors the opportunity to more fully develop a discussion piece around a methodological issue in connection with the interpretation of language-learning data. The result is a set of seven thought-provoking contributions from researchers with diverse interests. Three main topics are addressed in these chapters: the role of native-speaker norms in second-language analyses, the impact of epistemological stance on experimental design and/or data interpretation, and the challenges of transcription and annotation of language-learning data, with a focus on data ambiguity. Authors expand on these crucial issues, reflect on best practices, and provide in many instances concrete examples of the impact they have on data interpretation.",openalex,llm,0.990,unreviewed,
discarded,Limitations in learning an interpreted language with recurrent models,Denis Paperno,2018,,10.18653/v1/w18-5456,https://openalex.org/W2889636732,off-topic-false-hit,"In this submission I report work in progress on learning simplified interpreted languages by means of recurrent models. The data is constructed to reflect core properties of natural language as modeled in formal syntax and semantics. Preliminary results suggest that LSTM networks do generalise to compositional interpretation, albeit only in the most favorable learning setting.",openalex,llm,0.990,unreviewed,
discarded,A practical method for transforming free-text eligibility criteria into computable criteria,Samson W. Tu; Mor Peleg; Simona Carini; Michael Bobak; J Cosbie Ross; Daniel L. Rubin; Ida Sim,2010,Journal of Biomedical Informatics,10.1016/j.jbi.2010.09.007,https://openalex.org/W2139736061,off-topic-false-hit,"Formalizing eligibility criteria in a computer-interpretable language would facilitate eligibility determination for study subjects and the identification of studies on similar patient populations. Because such formalization is extremely labor intensive, we transform the problem from one of fully capturing the semantics of criteria directly in a formal expression language to one of annotating free-text criteria in a format called ERGO Annotation. The annotation can be done manually, or it can be partially automated using natural-language processing techniques. We evaluated our approach in three ways. First, we assessed the extent to which ERGO Annotations capture the semantics of 1000 eligibility criteria randomly drawn from ClinicalTrials.gov. Second, we demonstrated the practicality of the annotation process in a feasibility study. Finally, we demonstrate the computability of ERGO Annotation by using it to (1) structure a library of eligibility criteria, (2) search for studies enrolling specified study populations, and (3) screen patients for potential eligibility for a study. We therefore demonstrate a new and practical method for incrementally capturing the semantics of free-text eligibility criteria into computable form.",openalex,llm,0.970,unreviewed,
kept,Embedding an interpreted language using higher-order functions and types,Norman F. Ramsey,2011,Journal of Functional Programming,10.1017/s0956796811000219,https://openalex.org/W2164852587,supports-claim,"Abstract Using an embedded, interpreted language to control a complicated application can have significant software-engineering benefits. But existing interpreters are designed for embedding into C code. To embed an interpreter into a different language requires an API suited to that language. This paper presents Lua-ML, a new API that is suited to languages that provide higher-order functions and types. The API exploits higher-order functions and types to reduce the amount of glue code needed to use an embedded interpreter. Where embedding in C requires a special-purpose “glue function” for every function to be embedded, embedding in Lua-ML requires only a description of each function's type. Lua-ML also makes it easy to define a Lua function whose behavior depends on the number and types of its arguments.",openalex,llm,0.920,unreviewed,
discarded,Grounded Language Learning in a Simulated 3D World,Karl Moritz Hermann; Felix Hill; Simon Green; Fumin Wang; Ryan Faulkner; Hubert Soyer; David Szepesvári; Wojciech Marian Czarnecki; Max Jaderberg; Denis Teplyashin; Marcus Wainwright; Chris Apps; Demis Hassabis; Phil Blunsom,2017,arXiv (Cornell University),10.48550/arxiv.1706.06551,https://openalex.org/W2627585944,off-topic-false-hit,"We are increasingly surrounded by artificially intelligent technology that takes decisions and executes actions on our behalf. This creates a pressing need for general means to communicate with, instruct and guide artificial agents, with human language the most compelling means for such communication. To achieve this in a scalable fashion, agents must be able to relate language to the world and to actions; that is, their understanding of language must be grounded and embodied. However, learning grounded language is a notoriously challenging problem in artificial intelligence research. Here we present an agent that learns to interpret language in a simulated 3D environment where it is rewarded for the successful execution of written instructions. Trained via a combination of reinforcement and unsupervised learning, and beginning with minimal prior knowledge, the agent learns to relate linguistic symbols to emergent perceptual representations of its physical surroundings and to pertinent sequences of actions. The agent's comprehension of language extends beyond its prior experience, enabling it to apply familiar language to unfamiliar situations and to interpret entirely novel instructions. Moreover, the speed with which this agent learns new words increases as its semantic knowledge grows. This facility for generalising and bootstrapping semantic knowledge indicates the potential of the present approach for reconciling ambiguous natural language with the complexity of the physical world.",openalex,llm,0.990,unreviewed,
discarded,The Oscillopathic Nature of Language Deficits in Autism: From Genes to Language Evolution,Antonio Benítez‐Burraco; Elliot Murphy,2016,Frontiers in Human Neuroscience,10.3389/fnhum.2016.00120,https://openalex.org/W2314386595,off-topic-false-hit,"Autism spectrum disorders (ASD) are pervasive neurodevelopmental disorders involving a number of deficits to linguistic cognition. The gap between genetics and the pathophysiology of ASD remains open, in particular regarding its distinctive linguistic profile. The goal of this article is to attempt to bridge this gap, focusing on how the autistic brain processes language, particularly through the perspective of brain rhythms. Due to the phenomenon of pleiotropy, which may take some decades to overcome, we believe that studies of brain rhythms, which are not faced with problems of this scale, may constitute a more tractable route to interpreting language deficits in ASD and eventually other neurocognitive disorders. Building on recent attempts to link neural oscillations to certain computational primitives of language, we show that interpreting language deficits in ASD as oscillopathic traits is a potentially fruitful way to construct successful endophenotypes of this condition. Additionally, we will show that candidate genes for ASD are overrepresented among the genes that played a role in the evolution of language. These genes include (and are related to) genes involved in brain rhythmicity. We hope that the type of steps taken here will additionally lead to a better understanding of the comorbidity, heterogeneity, and variability of ASD, and may help achieve a better treatment of the affected populations.",openalex,llm,0.990,unreviewed,
discarded,Equivalence in Bilingual Lexicography: Criticism and Suggestions*,Herbert Ernst Wiegand,2011,Lexikos,10.5788/12-0-772,https://openalex.org/W1987594655,off-topic-false-hit,"A reminder of general problems in the formation of terminology, as illustrated by theGerman Äquivalence (Eng. equivalence) and äquivalent (Eng. equivalent), is followed by a critical discussionof the concept of equivalence in contrastive lexicology. It is shown that especially the conceptof partial equivalence is contradictory in its different manifestations. Consequently attemptsare made to give a more precise indication of the concept of equivalence in the metalexicography,with regard to the domain of the nominal lexicon. The problems of especially the metalexicographicconcept of partial equivalence as well as that of divergence are fundamentally expounded.In conclusion the direction is indicated to find more appropriate metalexicographic versions of theconcept of equivalence.Keywords: EQUIVALENCE, LEXICOGRAPHIC EQUIVALENT, PARTIAL EQUIVALENCE,CONGRUENCE, DIVERGENCE, CONVERGENCE, POLYDIVERGENCE, SYNTAGM-EQUIVALENCE,ZERO EQUIVALENCE, CORRESPONDENCEAbstrakt: Äquivalenz in der zweisprachigen Lexikographie: Kritik und Vorschläge.Nachdem an allgemeine Probleme der Begriffsbildung am Beispiel von dt. Äquivalenzund dt. äquivalent erinnert wurde, wird zunächst auf Äquivalenzbegriffe in der kontrastiven Lexikologiekritisch eingegangen. Es wird gezeigt, dass insbesondere der Begriff der partiellen Äquivalenzin seinen verschiedenen Ausprägungen widersprüchlich ist. Sodann werden Präzisierungenzu den Äquivalenzbegriffen in der Metalexikographie versucht, die sich auf den Bereich der Nennlexikbeziehen. Insbesondere der metalexikographische Begriff der partiellen Äquivalenz sowie derder Divergenz werden grundsätzlich problematisiert. In welche Richtung man gehen kann, umangemessenere metalexikographische Fassungen des Äquivalenzbegriffs zu finden, wird abschließendangedeutet.Stichwörter: ÄQUIVALENZ, LEXIKOGRAPHISCHES ÄQUIVALENT, PARTIELLE ÄQUIVALENZ,KONGRUENZ, DIVERGENZ, KONVERGENZ, POLYDIVERGENZ, SYNTAGMENÄQUIVALENZ,NULLÄQUIVALENZ, KORRESPONDENZ",openalex,llm,0.990,unreviewed,
kept,Embedded interpreters,Nick Benton,2005,Journal of Functional Programming,10.1017/s0956796804005398,https://openalex.org/W2911279247,supports-claim,"This is a tutorial on using type-indexed embedding/projection pairs when writing interpreters in statically-typed functional languages. The method allows (higher-order) values in the interpreting language to be embedded in the interpreted language and values from the interpreted language may be projected back into the interpreting one. This is particularly useful when adding command-line interfaces or scripting languages to applications written in functional languages. We first describe the basic idea and show how it may be extended to languages with recursive types and applied to elementary meta-programming. We then show how the method combines with Filinski's continuation-based monadic reflection operations to define an [lsquor]extensional[rsquor] version of the call-by-value monadic translation and hence to allow values to be mapped bidirectionally between the levels of an interpreter for a functional language parameterized by an arbitrary monad. Finally, we show how SML functions may be embedded into, and projected from, an interpreter for an asynchronous $\pi$ -calculus via an ‘extensional’ variant of a standard translation from $\lambda$ into $\pi$ .",openalex,llm,0.910,unreviewed,
discarded,"COLOSSUS: A Python Toolkit for Cosmology, Large-scale Structure, and Dark Matter Halos",Benedikt Diemer,2018,The Astrophysical Journal Supplement Series,10.3847/1538-4365/aaee8c,https://openalex.org/W2771573390,off-topic-false-hit,"Abstract This paper introduces C olossus , a public, open-source python package for calculations related to cosmology, the large-scale structure (LSS) of matter in the universe, and the properties of dark matter halos. The code is designed to be fast and easy to use, with a coherent, well-documented user interface. The cosmology module implements Friedman–Lemaitre–Robertson–Walker cosmologies including curvature, relativistic species, and different dark energy equations of state, and provides fast computations of the linear matter power spectrum, variance, and correlation function. The LSS module is concerned with the properties of peaks in Gaussian random fields and halos in a statistical sense, including their peak height, peak curvature, halo bias, and mass function. The halo module deals with spherical overdensity radii and masses, density profiles, concentration, and the splashback radius. To facilitate the rapid exploration of these quantities, C olossus implements more than 40 different fitting functions from the literature. I discuss the core routines in detail, with particular emphasis on their accuracy. C olossus is available at bitbucket.org/bdiemer/colossus .",openalex,llm,0.980,unreviewed,
discarded,Myths we live and speak by: Ways of imagining and managing language and languages,Winifred V. Davies,2012,,,https://openalex.org/W1610774672,off-topic-false-hit,"This chapter examines beliefs about language(s), showing how they are rooted in and help maintain a standard language ideology, i.e. the conviction that certain languages exist in uniform standardised forms and that such forms are desirable. Such an ideology is widespread, although not universal, and has influenced lay and expert approaches to the study of language(s), as I show for example in a discussion of the concepts “vernacular” and “variety”. Characteristics of the standard, like uniformity and determinacy, are postulated as ideal characteristics of all varieties. Speakers influenced by standard language ideology often interpret language contact and language “mixing” negatively as incompetent or sloppy language use. I discuss alternative ways of conceptualising language that might encourage a more positive view of multilingualism.",openalex,llm,0.990,unreviewed,
discarded,phyloseq: An R Package for Reproducible Interactive Analysis and Graphics of Microbiome Census Data,Paul J. McMurdie; Susan Holmes,2013,PLoS ONE,10.1371/journal.pone.0061217,https://openalex.org/W2056279562,off-topic-false-hit,"BACKGROUND: the analysis of microbial communities through dna sequencing brings many challenges: the integration of different types of data with methods from ecology, genetics, phylogenetics, multivariate statistics, visualization and testing. With the increased breadth of experimental designs now being pursued, project-specific statistical analyses are often needed, and these analyses are often difficult (or impossible) for peer researchers to independently reproduce. The vast majority of the requisite tools for performing these analyses reproducibly are already implemented in R and its extensions (packages), but with limited support for high throughput microbiome census data. RESULTS: Here we describe a software project, phyloseq, dedicated to the object-oriented representation and analysis of microbiome census data in R. It supports importing data from a variety of common formats, as well as many analysis techniques. These include calibration, filtering, subsetting, agglomeration, multi-table comparisons, diversity analysis, parallelized Fast UniFrac, ordination methods, and production of publication-quality graphics; all in a manner that is easy to document, share, and modify. We show how to apply functions from other R packages to phyloseq-represented data, illustrating the availability of a large number of open source analysis techniques. We discuss the use of phyloseq with tools for reproducible research, a practice common in other fields but still rare in the analysis of highly parallel microbiome census data. We have made available all of the materials necessary to completely reproduce the analysis and figures included in this article, an example of best practices for reproducible research. CONCLUSIONS: The phyloseq project for R is a new open-source software package, freely available on the web from both GitHub and Bioconductor.",openalex,llm,0.970,unreviewed,
discarded,A JC-BioAPI compliant smart card with biometrics for secure access control,"Osborne, M; Ratha, NK",2003,"AUDIO-BASED AND VIDEO-BASED BIOMETRIC PERSON AUTHENTICATION, PROCEEDINGS",,https://www.webofscience.com/wos/woscc/full-record/WOS:000184940200105,off-topic-false-hit,"Smart cards play a very important and complimentary role in biometrics-based access control systems. While the most common application of the smart card in biometrics systems is as a platform for the secure storage of biometric data, matching on the smart card will enhance both the users privacy and the over all security of the system. However, the proprietary and non-standard smart card operating systems and development environments, make developing biometric matching on the card very difficult. Java Cards partially address this problem by ensuring inter-operability through the use of Java Virtual Machines (JVM). However, the use of an interpreted language like Java is not without a performance penalty and does not help biometric inter-operability at the application level. The objective of this paper is to provide a synthesis of current, smart card open standard development with respect to biometric applications. After introducing the current state of smart card open standards, we aim to highlight some of the more pertinent issues faced by biometric application developers. To aid this process we present two fingerprint-based applications for access control, both developed on an IBM JCOP31 smart card. The first example is our implementation of a storage-based fingerprint application using the contact-less interface available on the JCOP31. The second example is our implementation of a high performance, fingerprint-based match-on-card application using the new JC-BioAPI. We will conclude by presenting some performance figures that should help dispel the myth that Java Card biometric applications by nature have to be slow.",wos,llm,0.860,unreviewed,
discarded,Comparing high-order multivariate AD methods,Neidinger R.,2018,Optimization Methods and Software,10.1080/10556788.2018.1472256,https://www.scopus.com/inward/record.uri?partnerID=HzOxMe3b&scp=85047162819&origin=inward,off-topic-false-hit,"To compute every high-order multivariate derivative value, interpolation methods will be shown to be less accurate than a direct forward multivariate Taylor series method, becoming significant for degrees higher than 10. As order increases, interpolation methods rely on increasingly ill-conditioned matrices where simply rounding exact rational values produced corresponding error in some resulting derivative values. Both interpolation and direct methods use forward AD (algorithmic differentiation); the direct method propagates multivariate series coefficients of the original function, while interpolation methods propagate univariate series of the function in fixed directions and reconstruct the multivariate values. Such interpolation methods, differing in direction choices and reconstruction methods, have been shown to be theoretically more efficient than the direct method for high order. Four alternatives were implemented in MATLAB (interpreted and using random access arrays) on the same laptop. In our implementations, the direct method was competitive and often faster in run time, in addition to maintaining good accuracy. Since AD tools in compiled languages are much faster, more comparison is needed. Direct method efficiency depends on indexing subsets within the large non-rectangular data structure for multivariate series coefficients. We explain key implementation details of our direct method that uses a global reference array.",scopus,llm,0.900,unreviewed,
discarded,Ranking the performance of compiled and interpreted languages in genetic algorithms,Merelo-Guervós J.J.,2016,Ijcci 2016 Proceedings of the 8th International Joint Conference on Computational Intelligence,10.5220/0006048101640170,https://www.scopus.com/inward/record.uri?partnerID=HzOxMe3b&scp=85006515680&origin=inward,off-topic-false-hit,"Despite the existence and popularity of many new and classical computer languages, the evolutionary algorithm community has mostly exploited a few popular ones, avoiding them, especially if they are not compiled, under the asumption that compiled languages are always faster than interpreted languages. Wide-ranging performance analyses of implementation of evolutionary algorithms are usually focused on algorithmic implementation details and data structures, but these are usually limited to specific languages. In this paper we measure the execution speed of three common operations in genetic algorithms in many popular and emerging computer languages using different data structures and implementation alternatives, with several objectives: create a ranking for these operations, compare relative speeds taking into account different chromosome sizes and data structures, and dispel or show evidence for several hypotheses that underlie most popular evolutionary algorithm libraries and applications. We find that there is indeed basis to consider compiled languages, such as Java, faster in a general sense, but there are other languages, including interpreted ones, that can hold its ground against them.",scopus,llm,0.920,unreviewed,
