status,title,authors,year,venue,doi,url,tags,abstract,provider,decision_source,llm_confidence,llm_review_outcome,llm_change_direction
kept,Execution of UML models: a systematic review of research and practice,Federico Ciccozzi; Ivano Malavolta; Bran Selić,2018,Software & Systems Modeling,10.1007/s10270-018-0675-4,https://openalex.org/W2798066811,qualifies-claim,"Several research efforts from different areas have focused on the execution of UML models, resulting in a diverse and complex scientific body of knowledge. With this work, we aim at identifying, classifying, and evaluating existing solutions for the execution of UML models. We conducted a systematic review in which we selected 63 research studies and 19 tools among over 5400 entries by applying a systematic search and selection process. We defined a classification framework for characterizing solutions for UML model execution, and we applied it to the 82 selected entries. Finally, we analyzed and discussed the obtained data. From the analyzed data, we drew the following conclusions: (i) There is a growing scientific interest on UML model execution; (ii) solutions providing translational execution clearly outnumber interpretive solutions; (iii) model-level debugging is supported in very few cases; (iv) only a few research studies provide evidence of industrial use, with very limited empirical evaluations; (v) the most common limitation deals with coverage of the UML language. Based on these observations, we discuss potential research challenges and implications for the future of UML model execution. Our results provide a concise overview of states of the art and practice for UML model execution intended for use by both researchers and practitioners.",openalex,llm,0.790,unreviewed,
discarded,Cross-Modality Mutual Learning for Enhancing Smart Contract Vulnerability Detection on Bytecode,Peng Qian; Zhenguang Liu; Yifang Yin; Qinming He,2023,,10.1145/3543507.3583367,https://openalex.org/W4367047249,off-topic-false-hit,"Over the past couple of years, smart contracts have been plagued by multifarious vulnerabilities, which have led to catastrophic financial losses. Their security issues, therefore, have drawn intense attention. As countermeasures, a family of tools has been developed to identify vulnerabilities in smart contracts at the source-code level. Unfortunately, only a small fraction of smart contracts is currently open-sourced. Another spectrum of work is presented to deal with pure bytecode, but most such efforts still suffer from relatively low performance due to the inherent difficulty in restoring abundant semantics in the source code from the bytecode.",openalex,llm,0.980,unreviewed,
kept,How fast can we make interpreted Python?,Russell Power; Alex Rubinsteyn,2013,arXiv (Cornell University),10.48550/arxiv.1306.6047,https://openalex.org/W2126208283,supports-claim,"Python is a popular dynamic language with a large part of its appeal coming from powerful libraries and extension modules. These augment the language and make it a productive environment for a wide variety of tasks, ranging from web development (Django) to numerical analysis (NumPy). Unfortunately, Python's performance is quite poor when compared to modern implementations of languages such as Lua and JavaScript. Why does Python lag so far behind these other languages? As we show, the very same API and extension libraries that make Python a powerful language also make it very difficult to efficiently execute. Given that we want to retain access to the great extension libraries that already exist for Python, how fast can we make it? To evaluate this, we designed and implemented Falcon, a high-performance bytecode interpreter fully compatible with the standard CPython interpreter. Falcon applies a number of well known optimizations and introduces several new techniques to speed up execution of Python bytecode. In our evaluation, we found Falcon an average of 25% faster than the standard Python interpreter on most benchmarks and in some cases about 2.5X faster.",openalex,llm,0.980,unreviewed,
discarded,Proceedings of the 9th Python in Science Conference,,2010,Proceedings of the Python in Science Conferences,10.25080/majora-92bf1922-012,https://openalex.org/W4309520320,off-topic-false-hit,"The Chandra X-ray Observatory has been providing groundbreaking astronomical data since its launch by NASA in July of 1999. Now starting the second decade of science the Chandra operations team has been using Python to create predictive thermal models of key spacecraft components. These models are being used in the mission planning and command load review process to ensure that the series of planned observations and attitudes for each week will maintain a safe thermal environment. Speaking from my perspective as a scientist working to create and calibrate the models, I will discuss the process and the key off-the-shelf tools that made it all possible. This includes fitting many-parameter models with the Sherpa package, parallel computation with mpi4py/MPICH2, large table manipulations with pytables/HDF5, and of course fast array math with NumPy.",openalex,llm,0.970,unreviewed,
discarded,Foundations and Tools for the Static Analysis of Ethereum Smart Contracts,Ilya Grishchenko; Matteo Maffei; Clara Schneidewind,2018,Lecture notes in computer science,10.1007/978-3-319-96145-3_4,https://openalex.org/W2884898944,off-topic-false-hit,"The recent growth of the blockchain technology market puts its main cryptocurrencies in the spotlight. Among them, Ethereum stands out due to its virtual machine (EVM) supporting smart contracts, i.e., distributed programs that control the flow of the digital currency Ether. Being written in a Turing complete language, Ethereum smart contracts allow for expressing a broad spectrum of financial applications. The price for this expressiveness, however, is a significant semantic complexity, which increases the risk of programming errors. Recent attacks exploiting bugs in smart contract implementations call for the design of formal verification techniques for smart contracts. This, however, requires rigorous semantic foundations, a formal characterization of the expected security properties, and dedicated abstraction techniques tailored to the specific EVM semantics. This work will overview the state-of-the-art in smart contract verification, covering formal semantics, security definitions, and verification tools. We will then focus on EtherTrust [ 1 ], a framework for the static analysis of Ethereum smart contracts which includes the first complete small-step semantics of EVM bytecode, the first formal characterization of a large class of security properties for smart contracts, and the first static analysis for EVM bytecode that comes with a proof of soundness.",openalex,llm,0.970,unreviewed,
kept,Pythran: enabling static optimization of scientific Python programs,Serge Guelton; Pierrick Brunet; Mehdi Amini; Adrien Merlini; Xavier Corbillon; Alan Raynaud,2015,Computational Science & Discovery,10.1088/1749-4680/8/1/014001,https://openalex.org/W2146099733,qualifies-claim,"Pythran is an open source static compiler that turns modules written in a subset of Python language into native ones. Assuming that scientific modules do not rely much on the dynamic features of the language, it trades them for powerful, possibly inter-procedural, optimizations. These optimizations include detection of pure functions, temporary allocation removal, constant folding, Numpy ufunc fusion and parallelization, explicit thread-level parallelism through OpenMP annotations, false variable polymorphism pruning, and automatic vector instruction generation such as AVX or SSE. In addition to these compilation steps, Pythran provides a C++ runtime library that leverages the C++ STL to provide generic containers, and the Numeric Template Toolbox for Numpy support. It takes advantage of modern C++11 features such as variadic templates, type inference, move semantics and perfect forwarding, as well as classical idioms such as expression templates. Unlike the Cython approach, Pythran input code remains compatible with the Python interpreter. Output code is generally as efficient as the annotated Cython equivalent, if not more, but without the backward compatibility loss.",openalex,llm,0.940,unreviewed,
kept,RegCPython: A Register-based Python Interpreter for Better Performance,Qiang Zhang; Lei Xu; Baowen Xu,2022,ACM Transactions on Architecture and Code Optimization,10.1145/3568973,https://openalex.org/W4307168806,supports-claim,"Interpreters are widely used in the implementation of many programming languages, such as Python, Perl, and Java. Even though various JIT compilers emerge in an endless stream, interpretation efficiency still plays a critical role in program performance. Does a stack-based interpreter or a register-based interpreter perform better? The pros and cons of the pair of architectures have long been discussed. The stack architecture is attractive for its concise model and compact bytecode, but our study finds that the register-based interpreter can also be implemented easily and that its bytecode size only grows by a small margin. Moreover, the latter turns out to be appreciably faster. Specifically, we implemented an open source Python interpreter named RegCPython based on CPython v3.10.1. The former is register based, while the latter is stack based. Without changes in syntax, Application Programming Interface, and Application Binary Interface, RegCPython is excellently compatible with CPython, as it does not break existing syntax or interfaces. It achieves a speedup of 1.287 on the most favorable benchmark and 0.977 even on the most unfavorable benchmark. For all Python-intensive benchmarks, the average speedup reaches 1.120 on x86 and 1.130 on ARM. Our evaluation work, which also serves as an empirical study, provides a detailed performance survey of both interpreters on modern hardware. It points out that the register-based interpreters are more efficient mainly due to the elimination of machine instructions needed, while changes in branch mispredictions and cache misses have a limited impact on performance. Additionally, it confirms that the register-based implementation is also satisfactory in terms of memory footprint, compilation cost, and implementation complexity.",openalex,llm,0.980,unreviewed,
discarded,Proceedings of the 15th Python in Science Conference,,2016,Proceedings of the Python in Science Conferences,10.25080/majora-629e541a-014,https://openalex.org/W4302317665,off-topic-false-hit,"A topic of interest in experimental psychology and cognitive neuroscience is to understand how humans make decisions. A common approach involves using computational models to represent the decision making process, and use the model parameters to analyze brain imaging data. These computational models are based on the Reinforcement Learning (RL) paradigm, where an agent learns to make decisions based on the difference between what it expects and what it gets each time it interacts with the environment. In the typical experimental setup, subjects are presented with a set of options, each one associated to different numerical rewards. The task for each subject is to learn, by taking a series of sequential actions, which option maximizes their total reward. The sequence of actions made by the subject and the obtained rewards are used to fit a parametric RL model. The model is fit by maximizing the likelihood of the parameters given the experiment data. In this work we present a Python implementation of this model fitting procedure. We extend the implementation to fit a model of the experimental setup known as the ""contextual bandit"", where the probabilities of the outcome change from trial to trial depending on a predictive cue. We also developed an artificial agent that can simulate the behavior of a human making decisions under the RL paradigm. We use this artificial agent to validate the model fitting by comparing the parameters estimated from the data with the known agent parameters. We also present the results of a model fitted with experimental data. We use the standard scientific Python stack (NumPy/SciPy) to compute the likelihood function and to find its maximum. The code organization allows to easily change the RL model. We also use the Seaborn library to create a visualization with the behavior of all the subjects. The simulation results validate the correctness of the implementation. The experimental results shows the usefulness and simplicity of the program when working with experimental data. The source code of the program is available at https://github.com/aweinstein/FHDMM.",openalex,llm,0.960,unreviewed,
discarded,MatLab vs. Python vs. R,Ceyhun Ozgur; Taylor Colliau; Grace Rogers; Zachariah Hughes,2021,Journal of Data Science,10.6339/jds.201707_15(3).0001,https://openalex.org/W2886940188,off-topic-false-hit,"Matlab, Python and R have all been used successfully in teaching college students fundamentals of mathematics & statistics. In today’s data driven environment, the study of data through big data analytics is very powerful, especially for the purpose of decision making and using data statistically in this data rich environment. MatLab can be used to teach introductory mathematics such as calculus and statistics. Both Python and R can be used to make decisions involving big data. On the one hand, Python is perfect for teaching introductory statistics in a data rich environment. On the other hand, while R is a little more involved, there are many customizable programs that can make somewhat involved decisions in the context of prepackaged, preprogrammed statistical analysis.",openalex,llm,0.900,unreviewed,
kept,Morello MicroPython: A Python Interpreter for CHERI,Duncan Lowther; Dejice Jacob; Jeremy Singer,2023,,10.1145/3617651.3622991,https://openalex.org/W4387781802,supports-claim,"Arm Morello is a prototype system that supports CHERI hardware capabilities for improving runtime security. As Morello becomes more widely available, there is a growing effort to port open source code projects to this novel platform. Although high-level applications generally need minimal code refactoring for CHERI compatibility, low-level systems code bases require significant modification to comply with the stringent memory safety constraints that are dynamically enforced by Morello. In this paper, we describe our work on porting the MicroPython interpreter to Morello with the CheriBSD OS. Our key contribution is to present a set of generic lessons for adapting managed runtime execution environments to CHERI, including (1) a characterization of necessary source code changes, (2) an evaluation of runtime performance of the interpreter on Morello, and (3) a demonstration of pragmatic memory safety bug detection. Although MicroPython is a lightweight interpreter, mostly written in C, we believe that the changes we have implemented and the lessons we have learned are more widely applicable. To the best of our knowledge, this is the first published description of meaningful experience for scripting language runtime engineering with CHERI and Morello.",openalex,llm,0.950,unreviewed,
discarded,Comparative Analysis of C++ and Python in Terms of Memory and Time,Farzeen Zehra; Maha Javed; Darakhshan Khan; Maria Pasha,2020,Preprints.org,10.20944/preprints202012.0516.v1,https://openalex.org/W3114249932,off-topic-false-hit,"In this era of technology, programming has become more significant than ever before. Python and C++ are both widely used programming languages. Python, the most popular programming language in today’s world, is a high-level object-oriented language whereas C++, the language behind most operating systems, is a low-level object-oriented language. In this paper, we present a comparative study of Python and C++. This paper discusses the introduction to these languages, their memory management techniques, and the reasons behind their program execution speed. Furthermore, we analyzed the execution time and memory used by multiple algorithms in both the languages with best, average, and worst cases. They are also compared with respect to the benefits and issues related to them. Results indicate that C++ is faster than Python in execution speed but Python serves as a better language for beginners due to its simplicity. Moreover, for the best results, the language should be selected according to the type of project.",openalex,llm,0.890,unreviewed,
kept,"Qualitative Assessment of Compiled, Interpreted and Hybrid Programming Languages",Ampomah Ernest; Ezekiel Mensah; A. M. Gilbert,2017,Communications on Applied Electronics,10.5120/cae2017652685,https://openalex.org/W2767159269,qualifies-claim,"Programmers use programming languages to develop software. But how efficiently programmers can write software depends on the translation mode that is used by them. In computing, the general modes of execution for modern highlevel languages are interpretation, compilation and hybrid. The selection of these general modes of execution is dependent on the choice of programming language. In this paper, the study compared compiled, interpreted and hybrid programming languages under translation process, execution, efficiency, portability, maintainability, and security. The paper contains idea about how software development are influenced by the decision to use compiler, interpreter or hybrid as a mode of translation hence purpose of this research. It was observed that compiled, interpreted and hybrid programming languages have their strengths and weakness, hence the need for programmers to critically analyzed their goal and how the various programming languages will help to achieve that goal before choosing a language.",openalex,llm,0.930,unreviewed,
discarded,A comparison of common programming languages used in bioinformatics,Mathieu Fourment; Michael R. Gillings,2008,BMC Bioinformatics,10.1186/1471-2105-9-82,https://openalex.org/W2083612007,off-topic-false-hit,"BACKGROUND: The performance of different programming languages has previously been benchmarked using abstract mathematical algorithms, but not using standard bioinformatics algorithms. We compared the memory usage and speed of execution for three standard bioinformatics methods, implemented in programs using one of six different programming languages. Programs for the Sellers algorithm, the Neighbor-Joining tree construction algorithm and an algorithm for parsing BLAST file outputs were implemented in C, C++, C#, Java, Perl and Python. RESULTS: Implementations in C and C++ were fastest and used the least memory. Programs in these languages generally contained more lines of code. Java and C# appeared to be a compromise between the flexibility of Perl and Python and the fast performance of C and C++. The relative performance of the tested languages did not change from Windows to Linux and no clear evidence of a faster operating system was found. Source code and additional information are available from http://www.bioinformatics.org/benchmark/. CONCLUSION: This benchmark provides a comparison of six commonly used programming languages under two different operating systems. The overall comparison shows that a developer should choose an appropriate language carefully, taking into account the performance expected and the library availability for each language.",openalex,llm,0.950,unreviewed,
discarded,A water resource simulator in Python,James Tomlinson; John Arnott; Julien Harou,2020,Environmental Modelling & Software,10.1016/j.envsoft.2020.104635,https://openalex.org/W3003035426,off-topic-false-hit,"A new generalised water resource network modelling Python library, Pywr, is presented. Given hydrological inflows, Pywr simulates customisable water allocation and operation rules throughout complex multi-purpose managed water systems at each user-defined time-step. The model uses a low-level interface to existing linear programming solvers for fast priority-based optimisation-driven simulation. The library uses an object based system for users to provide input data and record simulation outputs. A novel multi-scenario simulation method provides an almost 4-fold improvement in model run-times and supports calculating robustness metrics across scenarios. A flexible interface to specify multi-objective optimisation formulations as part of a model’s input file is included. These features enable analysts to apply advanced water planning approaches, such as robust decision making and robust optimisation, to real systems. The library is available under the GPLv3 open source licence, includes several examples and a regression test suite.",openalex,llm,0.980,unreviewed,
discarded,Finding Errors in Python Programs Using Dynamic Symbolic Execution,Samir Sapra; Marius Minea; Sagar Chaki; Arie Gurfinkel; Edmund M. Clarke,2013,Lecture notes in computer science,10.1007/978-3-642-41707-8_20,https://openalex.org/W34311366,off-topic-false-hit,,openalex,llm,0.860,unreviewed,
