status,title,authors,year,venue,doi,url,tags,abstract,provider,decision_source,llm_confidence,llm_review_outcome,llm_change_direction
discarded,Operational semantics for multi-language programs,Jacob Matthews; Robert Bruce Findler,2009,ACM Transactions on Programming Languages and Systems,10.1145/1498926.1498930,https://openalex.org/W2020899082,off-topic-false-hit,"Interoperability is big business, a fact to which .NET, the JVM, and COM can attest. Language designers are well aware of this, and they are designing programming languages that reflect it—for instance, SML.NET, F#, Mondrian, and Scala all treat interoperability as a central design feature. Still, current multi-language research tends not to focus on the semantics of these features, but only on how to implement them efficiently. In this article, we attempt to rectify that by giving a technique for specifying the operational semantics of a multi-language system as a composition of the models of its constituent languages. Our technique abstracts away the low-level details of interoperability like garbage collection and representation coherence, and lets us focus on semantic properties like type-safety, equivalence, and termination behavior. In doing so it allows us to adapt standard theoretical techniques such as subject-reduction, logical relations, and operational equivalence for use on multi-language systems. Generally speaking, our proofs of properties in a multi-language context are mutually referential versions of their single language counterparts. We demonstrate our technique with a series of strategies for embedding a Scheme-like language into an ML-like language. We start by connecting very simple languages with a very simple strategy, and work our way up to languages that interact in sophisticated ways and have sophisticated features such as polymorphism and effects. Along the way, we prove relevant results such as type-soundness and termination for each system we present using adaptations of standard techniques. Beyond giving simple expressive models, our studies have uncovered several interesting facts about interoperability. For example, higher-order function contracts naturally emerge as the glue to ensure that interoperating languages respect each other's type systems. Our models also predict that the embedding strategy where foreign values are opaque is as expressive as the embedding strategy where foreign values are translated to corresponding values in the other language, and we were able to experimentally verify this behavior using PLT Scheme's foreign function interface.",openalex,llm,0.900,unreviewed,
discarded,PyRTFuzz: Detecting Bugs in Python Runtimes via Two-Level Collaborative Fuzzing,Wen Li; Haoran Yang; Xiapu Luo; Long Cheng; Haipeng Cai,2023,,10.1145/3576915.3623166,https://openalex.org/W4388867344,off-topic-false-hit,"Given the widespread use of Python and its sustaining impact, the security and reliability of the Python runtime system is highly and broadly critical. Yet with real-world bugs in Python runtimes being continuously and increasingly reported, technique/tool support for automated detection of such bugs is still largely lacking. In this paper, we present PyRTFuzz, a novel fuzzing technique/tool for holistically testing Python runtimes including the language interpreter and its runtime libraries. PyRTFuzz combines generationand mutation-based fuzzing at the compiler- and application-testing level, respectively, as enabled by static/dynamic analysis for extracting runtime API descriptions, a declarative, specification language for valid and diverse Python code generation, and a custom type-guided mutation strategy for format/structure-aware application input generation. We implemented PyRTFuzz for the primary Python implementation (CPython) and applied it to three versions of the runtime. Our experiments revealed 61 new, demonstrably exploitable bugs including those in the interpreter and most in the runtime libraries. Our results also demonstrated the promising scalability and cost-effectiveness of PyRTFuzz and its great potential for further bug discovery. The two-level collaborative fuzzing methodology instantiated in PyRTFuzz may also apply to other language runtimes especially those of interpreted languages.",openalex,llm,0.940,unreviewed,
discarded,VulHunter: Hunting Vulnerable Smart Contracts at EVM Bytecode-Level via Multiple Instance Learning,Zhaoxuan Li; Siqi Lu; Rui Zhang; Ziming Zhao; Rujin Liang; Rui Xue; Wenhao Li; Fan Zhang; Sheng Gao,2023,IEEE Transactions on Software Engineering,10.1109/tse.2023.3317209,https://openalex.org/W4386952226,off-topic-false-hit,"With the economic development of Ethereum, the frequent security incidents involving smart contracts running on this platform have caused billions of dollars in losses. Consequently, there is a pressing need to identify the vulnerabilities in contracts, while the state-of-the-art (SOTA) detection methods have been limited in this regard as they cannot overcome three challenges at the same time. (i) Meet the requirements of detecting the source code, bytecode, and opcode of contracts simultaneously; (ii) reduce the reliance on manual pre-defined rules/patterns and expert involvement; (iii) assist contract developers in completing the contract lifecycle more safely,e.g., vulnerability repair and abnormal monitoring. With the development of machine learning (ML), using it to detect the contract runtime execution sequences (called instances) has made it possible to address these challenges. However, the lack of datasets with fine-grained sequence labels poses a significant obstacle, given the unreadability of bytecode/opcode. To this end, we propose a method named VulHunter that extracts the instances by traversing the Control Flow Graph built from contract opcodes. Based on the hybrid attention and multi-instance learning mechanisms, VulHunter reasons the instance labels and designs an optional classifier to automatically capture the subtle features of both normal and defective contracts, thereby identifying the vulnerable instances. Then, it combines the symbolic execution to construct and solve symbolic constraints to validate their feasibility. Finally, we implement a prototype of VulHunter with 15K lines of code and compare it with 9 SOTA methods on five open source datasets including 52,042 source codes and 184,289 bytecodes. The results indicate that VulHunter can detect contract vulnerabilities more accurately (90.04% accurate rate and 85.60% F1 score), efficiently (only took 4.4 seconds per contract), and robustly (0% analysis failed rate) than the SOTA methods. Also, it can focus on specific metrics such as precision and recall by employing different baseline models and hyperparameters to meet the various user requirements,e.g., vulnerability discovery and misreport mitigation. More importantly, compared with the previous ML-based arts, it can not only provide classification results, defective contract source code statements, key opcode fragments, and vulnerable execution paths, but also eliminate misreports and facilitate more operations such as vulnerability repair and attack simulation during the contract lifecycle.",openalex,llm,0.980,unreviewed,
kept,AST vs. Bytecode: Interpreters in the Age of Meta-Compilation,Octave Larose; Sophie Kaleba; Humphrey Burchell; Stefan Marr,2023,Proceedings of the ACM on Programming Languages,10.1145/3622808,https://openalex.org/W4387667014,qualifies-claim,"Thanks to partial evaluation and meta-tracing, it became practical to build language implementations that reach state-of-the-art peak performance by implementing only an interpreter. Systems such as RPython and GraalVM provide components such as a garbage collector and just-in-time compiler in a language-agnostic manner, greatly reducing implementation effort. However, meta-compilation-based language implementations still need to improve further to reach the low memory use and fast warmup behavior that custom-built systems provide. A key element in this endeavor is interpreter performance. Folklore tells us that bytecode interpreters are superior to abstract-syntax-tree (AST) interpreters both in terms of memory use and run-time performance. This work assesses the trade-offs between AST and bytecode interpreters to verify common assumptions and whether they hold in the context of meta-compilation systems. We implemented four interpreters, each an AST and a bytecode one using RPython and GraalVM. We keep the difference between the interpreters as small as feasible to be able to evaluate interpreter performance, peak performance, warmup, memory use, and the impact of individual optimizations. Our results show that both systems indeed reach performance close to Node.js/V8. Looking at interpreter-only performance, our AST interpreters are on par with, or even slightly faster than their bytecode counterparts. After just-in-time compilation, the results are roughly on par. This means bytecode interpreters do not have their widely assumed performance advantage. However, we can confirm that bytecodes are more compact in memory than ASTs, which becomes relevant for larger applications. However, for smaller applications, we noticed that bytecode interpreters allocate more memory because boxing avoidance is not as applicable, and because the bytecode interpreter structure requires memory, e.g., for a reified stack. Our results show AST interpreters to be competitive on top of meta-compilation systems. Together with possible engineering benefits, they should thus not be discounted so easily in favor of bytecode interpreters.",openalex,llm,0.970,unreviewed,
kept,"Reflections on the compatibility, performance, and scalability of parallel Python",Remigius Meier; Thomas R. Gross,2019,,10.1145/3359619.3359747,https://openalex.org/W2980225691,supports-claim,"Today's hardware is increasingly parallel, and to increase performance, applications must be able to use this parallelism. Hence, programming languages must provide the means for parallel execution. The language Python offers a multithreading, shared-memory model for concurrency. However, simultaneous execution of threads, i.e., parallel execution, is not a standard feature of current virtual machines (VM) for Python. Instead, the predominant Python VMs depend on a global interpreter lock, which serializes the execution.",openalex,llm,0.860,unreviewed,
discarded,"Benchmarking Python Interpreters : Measuring Performance of CPython, Cython, Jython and PyPy",Alexander Roghult,2016,KTH Publication Database DiVA (KTH Royal Institute of Technology),,https://openalex.org/W2301783009,off-topic-false-hit,"For the Python programming language there are several different interpreters and implementations. In this thesis project the performance regarding execution time is evaluated for four of these; CPython, Cython, Jython and PyPy. The performance was measured in a test suite, created during the project, comprised of tests for Python dictionaries, lists, tuples, generators and objects. Each test was run with both integers and objects as test data with varying problem size. Each test was implemented using Python code. For Cython and Jython separate versions of the test were also implemented which contained syntax and data types specific for that interpreter. The results showed that Jython and PyPy were fastest for a majority of the tests when running code with only Python syntax and data types. Cython uses the Python C/API and is therefore dependent on CPython. The performance of Cython was therefore often similar to CPython. Cython did perform better on some of the tests when using Cython syntax and data types, as it could therefore decrease its reliance to CPython. Each interpreter was able to perform fastest on at least one test, showing that there is not an interpreter that is best for all problems.",openalex,llm,0.950,unreviewed,
discarded,MadMax: surviving out-of-gas conditions in Ethereum smart contracts,Neville Grech; Michael Kong; Anton Jurisevic; Lexi Brent; Bernhard Scholz; Yannis Smaragdakis,2018,Proceedings of the ACM on Programming Languages,10.1145/3276486,https://openalex.org/W2898569715,off-topic-false-hit,"Ethereum is a distributed blockchain platform, serving as an ecosystem for smart contracts: full-fledged inter-communicating programs that capture the transaction logic of an account. Unlike programs in mainstream languages, a gas limit restricts the execution of an Ethereum smart contract: execution proceeds as long as gas is available. Thus, gas is a valuable resource that can be manipulated by an attacker to provoke unwanted behavior in a victim's smart contract (e.g., wasting or blocking funds of said victim). Gas-focused vulnerabilities exploit undesired behavior when a contract (directly or through other interacting contracts) runs out of gas. Such vulnerabilities are among the hardest for programmers to protect against, as out-of-gas behavior may be uncommon in non-attack scenarios and reasoning about it is far from trivial. In this paper, we classify and identify gas-focused vulnerabilities, and present MadMax: a static program analysis technique to automatically detect gas-focused vulnerabilities with very high confidence. Our approach combines a control-flow-analysis-based decompiler and declarative program-structure queries. The combined analysis captures high-level domain-specific concepts (such as ""dynamic data structure storage"" and ""safely resumable loops"") and achieves high precision and scalability. MadMax analyzes the entirety of smart contracts in the Ethereum blockchain in just 10 hours (with decompilation timeouts in 8% of the cases) and flags contracts with a (highly volatile) monetary value of over $2.8B as vulnerable. Manual inspection of a sample of flagged contracts shows that 81% of the sampled warnings do indeed lead to vulnerabilities, which we report on in our experiment.",openalex,llm,0.980,unreviewed,
discarded,SigRec: Automatic Recovery of Function Signatures in Smart Contracts,Ting Chen; Zihao Li; Xiapu Luo; Xiaofeng Wang; Ting Wang; Zheyuan He; Kezhao Fang; Yufei Zhang; Hang Zhu; Hongwei Li; Yan Cheng; Xiaosong Zhang,2021,IEEE Transactions on Software Engineering,10.1109/tse.2021.3078342,https://openalex.org/W3160746813,off-topic-false-hit,"Millions of smart contracts have been deployed onto Ethereum for providing various services, whose functions can be invoked. For this purpose, the caller needs to know thefunction signatureof a callee, which includes its function id and parameter types. Such signatures arecriticalto many applications focusing on smart contracts, e.g., reverse engineering, fuzzing, attack detection, and profiling. Unfortunately, it is challenging to recover the function signatures from contract bytecode, since neither debug information nor type information is present in the bytecode. To address this issue, prior approaches rely on source code, or a collection of known signatures from incomplete databases or incomplete heuristic rules, which, however, are far from adequate and cannot cope with the rapid growth of new contracts. In this paper, we propose a novel solution that leverages how functions are handled by Ethereum virtual machine (EVM) to automatically recover function signatures. In particular, we exploit how smart contracts determine the functions to be invoked to locate and extract function ids, and propose a new approach namedtype-awaresymbolic execution (TASE) that utilizes the semantics of EVM operations on parameters to identify the number and the types of parameters. Moreover, we developSigRec, a new tool for recovering function signatures from contract bytecode without the need of source code and function signature databases. The extensive experimental results show thatSigRecoutperforms all existing tools, achieving an unprecedented 98.7 percent accuracy within 0.074 seconds. We further demonstrate that the recovered function signatures are useful in attack detection, fuzzing and reverse engineering of EVM bytecode.",openalex,llm,0.980,unreviewed,
kept,Compiling symbolic execution with staging and algebraic effects,Guannan Wei; Oliver Bračevac; Shangyin Tan; Tiark Rompf,2020,Proceedings of the ACM on Programming Languages,10.1145/3428232,https://openalex.org/W3109485936,qualifies-claim,"Building effective symbolic execution engines poses challenges in multiple dimensions: an engine must correctly model the program semantics, provide flexibility in symbolic execution strategies, and execute them efficiently. This paper proposes a principled approach to building correct, flexible, and efficient symbolic execution engines, directly rooted in the semantics of the underlying language in terms of a high-level definitional interpreter. The definitional interpreter induces algebraic effects to abstract over semantic variants of symbolic execution, e.g., collecting path conditions as a state effect and path exploration as a nondeterminism effect. Different handlers of these effects give rise to different symbolic execution strategies, making execution strategies orthogonal to the symbolic execution semantics, thus improving flexibility. Furthermore, by annotating the symbolic definitional interpreter with binding-times and specializing it to the input program via the first Futamura projection, we obtain a ""symbolic compiler"", generating efficient instrumented code having the symbolic execution semantics. Our work reconciles the interpretation- and instrumentation-based approaches to building symbolic execution engines in a uniform framework. We illustrate our approach on a simple imperative language step-by-step and then scale up to a significant subset of LLVM IR. We also show effect handlers for common path selection strategies. Evaluating our prototype's performance shows speedups of 10~30x over the unstaged counterpart, and ~2x over KLEE, a state-of-the-art symbolic interpreter for LLVM IR.",openalex,llm,0.890,unreviewed,
discarded,Software review: DEAP (Distributed Evolutionary Algorithm in Python) library,Jin-Han Kim; Shin Yoo,2018,Genetic Programming and Evolvable Machines,10.1007/s10710-018-9341-4,https://openalex.org/W2901346198,off-topic-false-hit,,openalex,llm,0.970,unreviewed,
discarded,PyReload: Dynamic Updating of Python Programs by Reloading,Wei Tang; Min Zhang,2018,2018 25th Asia-Pacific Software Engineering Conference (APSEC),10.1109/APSEC.2018.00037,https://ieeexplore.ieee.org/document/8719499/,off-topic-false-hit,"Dynamic Software Updating (DSU) is a promising technique for updating running software systems without incurring downtime. It is particularly useful to those systems which need to provide 24x7 services. Many efforts have been made to dynamic updating of the programs developed in mainstreaming languages such as C and Java. With the popularity of Python, many software servers are developed using Python and therefore they are desired to be dynamically updatable. However, there are few studies on dynamic updating of Python. To our knowledge, there exists only one updating approach for Python programs. The approach requires a dedicated Python interpreter in order to manipulate threads for updating, and consequently, it cannot be directly applied to mainstreaming Python interpreters. In this paper, we propose a novel dynamic updating approach to Python based on the built-in reloading mechanism that is supported by most of Python interpreters. Our approach is generic in that it is applicable to ordinary Python interpreters without any change to them. We implement a prototype called PyReload based on the proposed approach. PyReload is compatible with several mainstreaming Python interpreters such as CPython, Pypy and Jython. A case study is conducted to show the usage of PyReload. For performance, experimental results show that PyReload needs a shorter time for updating than the existing approach does.",ieee,llm,0.880,unreviewed,
kept,Performance research and optimization on CPython's interpreter,Huaxiong Cao; Naijie Gu; Kaixin Ren; Yi Li,2015,2015 Federated Conference on Computer Science and Information Systems (FedCSIS),10.15439/2015F139,https://ieeexplore.ieee.org/document/7321477/,supports-claim,"In this paper, the performance research on CPython's latest interpreter is presented, concluding that bytecode dispatching takes about 25 percent of total execution time on average. Based on this observation, a novel bytecode dispatching mechanism is proposed to reduce the time spent on this phase to a minimum. With this mechanism, the blocks associated with each kind of bytecodes are rewritten in hand-tuned assembly, their opcodes are renumbered, and their memory spaces are rescheduled. With these preparations, this new bytecode dispatching mechanism replaces the time-consuming memory reading operations with rapid operations on registers. This mechanism is implemented in CPython-3.3.0. Experiments on lots of benchmarks demonstrate its correctness and efficiency. The comparison between original CPython and optimized CPython shows that this new mechanism achieves about 8.5 percent performance improvement on average. For some particular benchmarks, the maximum improvement is up to 18 percentages.",ieee,llm,0.970,unreviewed,
