status,title,authors,year,venue,doi,url,tags,abstract,provider,decision_source,llm_confidence,llm_review_outcome,llm_change_direction
discarded,ADAtools: Automatic Detection and Classification of Active Deformation Areas from PSI Displacement Maps,José A. Navarro; Roberto Tomás; Anna Barra; José Ignacio Pagán; Cristina Reyes‐Carmona; Pier Lorenzo Solari; J. L. Vinielles; Salvatore Falco; Michele Crosetto,2020,ISPRS International Journal of Geo-Information,10.3390/ijgi9100584,https://openalex.org/W3091812483,off-topic-false-hit,"This work describes the set of tools developed, tested, and put into production in the context of the H2020 project Multi-scale Observation and Monitoring of Railway Infrastructure Threats (MOMIT). This project, which ended in 2019, aimed to show how the use of various remote sensing techniques could help to improve the monitoring of railway infrastructures, such as tracks or bridges, and thus, consequently, improve the detection of ground instabilities and facilitate their management. Several lines of work were opened by MOMIT, but the authors of this work concentrated their efforts in the design of tools to help the detection and identification of ground movements using synthetic aperture radar interferometry (InSAR) data. The main output of this activity was a set of tools able to detect the areas labelled active deformation areas (ADA), with the highest deformation rates and to connect them to a geological or anthropogenic process. ADAtools is the name given to the aforementioned set of tools. The description of these tools includes the definition of their targets, inputs, and outputs, as well as details on how the correctness of the applications was checked and on the benchmarks showing their performance. The ADAtools include the following applications: ADAfinder, los2hv, ADAclassifier, and THEXfinder. The toolset is targeted at the analysis and interpretation of InSAR results. Ancillary information supports the semi-automatic interpretation and classification process. Two real use-cases illustrating this statement are included at the end of this paper to show the kind of results that may be obtained with the ADAtools.",openalex,llm,0.980,unreviewed,
kept,A microprogrammed implementation of EULER on IBM system/360 model 30,Helmut Weber,1967,Communications of the ACM,10.1145/363566.363682,https://openalex.org/W2133045033,supports-claim,"An experimental processing system for the algorithmic ~anguage EULER has been implemented in microprogramming on an IBM System/360 Model 30 using a second Read-Only Storage unit. The system consists of a mlcroprogrammed compiler and a microprogrammed String Language Interpreter, and of an I/O control program written in 360 machine language.",openalex,llm,0.870,unreviewed,
discarded,"Towards Hybrid Intensional Programming with JLucid, Objective Lucid, and General Imperative Compiler Framework in the GIPSY",Serguei A. Mokhov,2009,Spectrum Research Repository (Concordia University),10.48550/arxiv.0907.2640,https://openalex.org/W1878304346,off-topic-false-hit,"Pure Lucid programs are concurrent with very fine granularity. Sequential Threads (STs) are functions introduced to enlarge the grain size; they are passed from server to workers by Communication Procedures (CPs) in the General Intensional Programming System (GIPSY). A JLucid program combines Java code for the STs with Lucid code for parallel control. Thus first, in this thesis, we describe the way in which the new JLucid compiler generates STs and CPs. JLucid also introduces array support. Further exploration goes through the additional transformations that the Lucid family of languages has undergone to enable the use of Java objects and their members, in the Generic Intensional Programming Language (GIPL), and Indexical Lucid: first, in the form of JLucid allowing the use of pseudo-objects, and then through the specifically-designed the Objective Lucid language. The syntax and semantic definitions of Objective Lucid and the meaning of Java objects within an intensional program are provided with discussions and examples. Finally, there are many useful scientific and utility routines written in many imperative programming languages other than Java, for example in C, C++, Fortran, Perl, etc. Therefore, it is wise to provide a framework to facilitate inclusion of these languages into the GIPSY and their use by Lucid programs. A General Imperative Compiler Framework and its concrete implementation is proposed to address this issue.",openalex,llm,0.940,unreviewed,
discarded,Stan : A Probabilistic Programming Language,Bob Carpenter; Andrew Gelman; Matthew D. Hoffman; Daniel C. Lee; Ben Goodrich; Michael Betancourt; Marcus A. Brubaker; Jiqiang Guo; Peter Li; Allen Riddell,2017,Journal of Statistical Software,10.18637/jss.v076.i01,https://openalex.org/W2577537660,off-topic-false-hit,"Stan is a probabilistic programming language for specifying statistical models. A Stan program imperatively defines a log probability function over parameters conditioned on specified data and constants. As of version 2.14.0, Stan provides full Bayesian inference for continuous-variable models through Markov chain Monte Carlo methods such as the No-U-Turn sampler, an adaptive form of Hamiltonian Monte Carlo sampling. Penalized maximum likelihood estimates are calculated using optimization methods such as the limited memory Broyden-Fletcher-Goldfarb-Shanno algorithm. Stan is also a platform for computing log densities and their gradients and Hessians, which can be used in alternative algorithms such as variational Bayes, expectation propagation, and marginal inference using approximate integration. To this end, Stan is set up so that the densities, gradients, and Hessians, along with intermediate quantities of the algorithm such as acceptance probabilities, are easily accessible. Stan can be called from the command line using the cmdstan package, through R using the rstan package, and through Python using the pystan package. All three interfaces support sampling and optimization-based inference with diagnostics and posterior analysis. rstan and pystan also provide access to log probabilities, gradients, Hessians, parameter transforms, and specialized plotting.",openalex,llm,0.960,unreviewed,
discarded,Code Generation in Computational Neuroscience: A Review of Tools and Techniques,Inga Blundell; Romain Brette; Thomas A. Cleland; Thomas Close; Daniel Coca; Andrew P. Davison; Sandra Diaz-Pier; Carlos Fernandez Musoles; Padraig Gleeson; Dan F. M. Goodman; Michael L. Hines; Michael Hopkins; Pramod Kumbhar; David Lester; Bóris Marin; Abigail Morrison; Eric Müller; Thomas Nowotny; Alexander Peyser; Dimitri Plotnikov; Paul Richmond; Andrew Rowley; Bernhard Rumpe⋆; Marcel Stimberg; Alan B. Stokes; Adam Tomkins; Guido Trensch; Marmaduke Woodman; Jochen Martin Eppler,2018,Frontiers in Neuroinformatics,10.3389/fninf.2018.00068,https://openalex.org/W2900311786,off-topic-false-hit,"Advances in experimental techniques and computational power allowing researchers to gather anatomical and electrophysiological data at unprecedented levels of detail have fostered the development of increasingly complex models in computational neuroscience. Large-scale, biophysically detailed cell models pose a particular set of computational challenges, and this has led to the development of a number of domain-specific simulators. At the other level of detail, the ever growing variety of point neuron models increases the implementation barrier even for those based on the relatively simple integrate-and-fire neuron model. Independently of the model complexity, all modeling methods crucially depend on an efficient and accurate transformation of mathematical model descriptions into efficiently executable code. Neuroscientists usually publish model descriptions in terms of the mathematical equations underlying them. However, actually simulating them requires they be translated into code. This can cause problems because errors may be introduced if this process is carried out by hand, and code written by neuroscientists may not be very computationally efficient. Furthermore, the translated code might be generated for different hardware platforms, operating system variants or even written in different languages and thus cannot easily be combined or even compared. Two main approaches to addressing this issues have been followed. The first is to limit users to a fixed set of optimized models, which limits flexibility. The second is to allow model definitions in a high level interpreted language, although this may limit performance. Recently, a third approach has become increasingly popular: using code generation to automatically translate high level descriptions into efficient low level code to combine the best of previous approaches. This approach also greatly enriches efforts to standardize simulator-independent model description languages. In the past few years, a number of code generation pipelines have been developed in the computational neuroscience community, which differ considerably in aim, scope and functionality. This article provides an overview of existing pipelines currently used within the community and contrasts their capabilities and the technologies and concepts behind them.",openalex,llm,0.930,unreviewed,
kept,Novice Reflections During the Transition to a New Programming Language,Paul Denny; Brett A. Becker; Nigel Bosch; James Prather; Brent N. Reeves; Jacqueline Whalley,2022,Proceedings of the 53rd ACM Technical Symposium on Computer Science Education,10.1145/3478431.3499314,https://openalex.org/W4300023581,supports-claim,"As computing students progress through their studies they become proficient with multiple programming languages. Prior work investigating language transitions for novices has tended to analyze program artifacts rather than explore the benefits and difficulties as perceived by students in their own words, and has often overlooked problems that may arise in switching paradigms or where familiar syntax has a different meaning in the new language. In this paper, we ask students to reflect on the transition from an interpreted language and environment (MATLAB) to a compiled language (C), prompting comments on the aspects of learning the new language that they found both easier and harder. Analysis of over 70,000 words written by 771 students revealed that the highest-performing students expressed more negative sentiments towards the language transition -- a surprising result that we hypothesize is explained by their generally stronger metacognitive skills. We also report the most common difficulties described by students, which include challenges with syntax, error messages, and the process of compilation, and suggest teaching practices that might help students as they transition to a new programming language.",openalex,llm,0.930,unreviewed,
discarded,A MATLAB subset to C compiler targeting embedded systems,João Bispo; João M. P. Cardoso,2016,Software Practice and Experience,10.1002/spe.2408,https://openalex.org/W2412474092,off-topic-false-hit,"This paper describes MATISSE, a compiler able to translate a MATLAB subset to C targeting embedded systems. MATISSE uses LARA, an aspect-oriented programming language, to specify additional information and transformations to the input MATLAB code, for example, insertion of code for initialization of variables, and specification of types and shapes of variables. The compiler is being developed bearing in mind flexibility, multitarget and multitoolchain support, allowing for the generation of several implementations in C from the same reference code in MATLAB. In this paper, we also present a number of techniques being employed in MATLAB to C compilation, such as element-wise mapping operations, matrix views, weak types, and intrinsics. We validate these techniques using MATISSE and a set of representative benchmarks. More specifically, we evaluate the compiler with a set of 31 benchmarks using an embedded system board and a desktop computer. The results show speedups up to 1.8× by employing information provided by LARA aspects, when compared with C code generated without additional user information. When compared with the execution time of the original code running on MATLAB, the execution time of the generated C code achieved a geometric mean speedup of 13×. Copyright © 2016 John Wiley & Sons, Ltd.",openalex,llm,0.970,unreviewed,
discarded,Method for Continuous Integration and Deployment Using a Pipeline Generator for Agile Software Projects,Ionut-Catalin Donca; Ovidiu Stan; Marius Misaroş; Dan-Ioan Gota; Liviu Miclea,2022,Sensors,10.3390/s22124637,https://openalex.org/W4283214145,off-topic-false-hit,"Lately, the software development industry is going through a slow but real transformation. Software is increasingly a part of everything, and, software developers, are trying to cope with this exploding demand through more automation. The pipelining technique of continuous integration (CI) and continuous delivery (CD) has developed considerably due to the overwhelming demand for the deployment and deliverability of new features and applications. As a result, DevOps approaches and Agile principles have been developed, in which developers collaborate closely with infrastructure engineers to guarantee that their applications are deployed quickly and reliably. Thanks to pipeline approach thinking, the efficiency of projects has greatly improved. Agile practices represent the introduction to the system of new features in each sprint delivery. Those practices may contain well-developed features or can contain bugs or failures which impact the delivery. The pipeline approach, depicted in this paper, overcomes the problems of delivery, improving the delivery timeline, the test load steps, and the benchmarking tasks. It decreases system interruption by integrating multiple test steps and adds stability and deliverability to the entire process. It provides standardization which means having an established, time-tested process to use, and can also decrease ambiguity and guesswork, guarantee quality and boost productivity. This tool is developed with an interpreted language, namely Bash, which offers an easier method to integrate it into any platform. Based on the experimental results, we demonstrate the value that this solution currently creates. This solution provides an effective and efficient way to generate, manage, customize, and automate Agile-based CI and CD projects through automated pipelines. The suggested system acts as a starting point for standard CI/CD processes, caches Docker layers for subsequent usage, and implements highly available deliverables in a Kubernetes cluster using Helm. Changing the principles of this solution and expanding it into multiple platforms (windows) will be addressed in a future discussion.",openalex,llm,0.990,unreviewed,
discarded,Scalable machine learning in c++ (camel),Sharma M.,2021,Advances in Intelligent Systems and Computing,10.1007/978-981-15-5148-2_91,https://www.scopus.com/inward/record.uri?partnerID=HzOxMe3b&scp=85089619615&origin=inward,off-topic-false-hit,,scopus,llm,0.930,unreviewed,
discarded,Ground control segment automated deployment and configuration with ansible and git,Pieplu R.,2018,15th International Conference on Space Operations 2018,10.2514/6.2018-2337,https://www.scopus.com/inward/record.uri?partnerID=HzOxMe3b&scp=85066485444&origin=inward,off-topic-false-hit,,scopus,llm,0.990,unreviewed,
kept,"Parallelism, persistence and meta-cleanliness in the Symmetric Lisp interpreter",Gelernter D.,1987,Papers of the Symposium on Interpreters and Interpretive Techniques SIGPLAN 1987,10.1145/29650.29679,https://www.scopus.com/inward/record.uri?partnerID=HzOxMe3b&scp=85036453344&origin=inward,supports-claim,"Symmetric Lisp is a programming language designed around first-class environments, where an environment is a dictionary that associates names with definitions or values. In this paper we describe the logical structure of the Symmetric Lisp interpreter. In other interpreted languages, the interpreter is a virtual machine that evaluates user input on the basis of its own internal state. The Symmetric Lisp interpreter, on the other hand, is a simple finite-state machine with no internal state. Its role is to attach user input to whatever environment the user has specified; such environments are transparent objects created by, maintained by and fully accessible to the user. The interpreter's semantics are secondary to the semantics of environments in Symmetric Lisp: it is the environment-object to which an expression is attached, not the interpreter, that controls the evaluation of expressions.This arrangement has several consequences. Because environments in Symmetric Lisp are governed by a parallel evaluation rule, the Symmetric Lisp interpreter is a parallel interpreter. A Symmetric Lisp environment evaluates to another environment; a session with the interpreter therefore yields a well-defined environment object as its result. Users are free to write routines that manage these interpreter-created objects - routines that list the elements of a namespace, coalesce environments, maintain multiple name definitions and so on precisely because environment objects may be freely inspected and manipulated. Because a named environment may contain other named environments as elements, interpreter-created objects may be regarded as hierarchical file systems. Because of the parallel evaluation semantics of environments, the interpreter is well-suited as an interface to a concurrent, language-based computer system that uses Symmetric Lisp as its base language. We argue that - in short - a basic semantic simplification in Symmetric Lisp promises a correspondingly basic increase in power at the user-interpreter interface.",scopus,llm,0.880,unreviewed,
kept,"Parallelism, Persistence and Meta-Cleanliness in the Symmetric Lisp Interpreter",Gelernter D.,1987,ACM SIGPLAN Notices,10.1145/960114.29679,https://www.scopus.com/inward/record.uri?partnerID=HzOxMe3b&scp=84976859182&origin=inward,supports-claim,"Symmetric Lisp is a programming language designed around first-class environments, where an environment is a dictionary that associates names with definitions or values. In this paper we describe the logical structure of the Symmetric Lisp interpreter. In other interpreted languages, the interpreter is a virtual machine that evaluates user input on the basis of its own internal state. The Symmetric Lisp interpreter, on the other hand, is a simple finite-state machine with no internal state. Its role is to attach user input to whatever environment the user has specified; such environments are transparent objects created by, maintained by and fully accessible to the user. The interpreter's semantics are secondary to the semantics of environments in Symmetric Lisp: it is the environment-object to which an expression is attached, not the interpreter, that controls the evaluation of expressions.This arrangement has several consequences. Because environments in Symmetric Lisp are governed by a parallel evaluation rule, the Symmetric Lisp interpreter is a parallel interpreter. A Symmetric Lisp environment evaluates to another environment; a session with the interpreter therefore yields a well-defined environment object as its result. Users are free to write routines that manage these interpreter-created objects - routines that list the elements of a namespace, coalesce environments, maintain multiple name definitions and so on precisely because environment objects may be freely inspected and manipulated. Because a named environment may contain other named environments as elements, interpreter-created objects may be regarded as hierarchical file systems. Because of the parallel evaluation semantics of environments, the interpreter is well-suited as an interface to a concurrent, language-based computer system that uses Symmetric Lisp as its base language. We argue that - in short - a basic semantic simplification in Symmetric Lisp promises a correspondingly basic increase in power at the user-interpreter interface.",scopus,llm,0.880,unreviewed,
