status,title,authors,year,venue,doi,url,tags,abstract,provider,decision_source,llm_confidence,llm_review_outcome,llm_change_direction
discarded,Natch: Detecting Attack Surface for Multi-Service Systems with Hybrid Introspection,Dovgalyuk P.,2023,Proceedings 2023 IEEE 23rd International Conference on Software Quality Reliability and Security Companion Qrs C 2023,10.1109/QRS-C60940.2023.00023,https://www.scopus.com/inward/record.uri?partnerID=HzOxMe3b&scp=85186744299&origin=inward,off-topic-false-hit,"Attack surface is the set of code and data that can be changed, stolen, or exploited by the user of the system. Attack surface of the complex systems may consist of functions on different programming languages and data files within web servers, Python/JS backends, databases, firewalls, and other services. Having the attack surface description, one can remove un-needed dependencies of the scripts, modules, and programs, or improve testing (e.g., make more fuzzing), as it is needed for security development lifecycle (SDL). Attack surface de-scription may also be required in the process of software certification. In this paper we focus on finding program code that processes the input data and therefore can be treated as an attack surface. This analysis is performed in the virtual machine (VM), and application properties can be extracted using VM introspection. Existing introspection methods can be applied only to binary code, and not for scripts. When script interpreter runs a program, this script, and its functions should also be treated as an attack surface. Runtime architecture of the system, i.e., loaded binary mod-ules, executed scripts, open web sockets, accessed files, application interactions, and so on, also may be used for analysis of the attack surface. Therefore the aim of this paper is extending introspection and VM analysis methods for recovering the attack surface of the complex system, executed in the virtual machines. Our contribution is the following: new method for recovering the runtime architecture of the system, new approach for finding executables in the virtual machine memory, and new hybrid introspection method for analyzing the execution of interacting compiled and interpreted programs. We implemented these new approaches for QEMU emulator running Linux-based OSes with CPython interpreters, as they widely used for creating complex multi-component systems.",scopus,llm,0.900,unreviewed,
kept,An Empirical Study on Bugs in Python Interpreters,Wang Z.,2022,IEEE Transactions on Reliability,10.1109/TR.2022.3159812,https://www.scopus.com/inward/record.uri?partnerID=HzOxMe3b&scp=85128635566&origin=inward,supports-claim,"Python is an interpreted programming language that has been widely used in many fields. The successful execution of a Python program depends on both the correctness of Python program and the correctness of Python interpreter. As an infrastructure software, there are many bugs in the Python interpreter. Exploring the bugs in Python interpreters can help developers and maintainers of Python interpreters detect and fix bugs and help users of Python avoid risks. In this article, we conduct an empirical study on the bugs in two mainstream Python interpreters: CPython and PyPy. By analyzing 25 958 fixed bugs, 18 824 revisions, 2 116 test cases, and root causes of randomly sampled 510 bugs, we have summarized the following findings. <list list-type=""ordered""><list-item><label>1)</label><p>The distribution of bugs in the Python interpreter is so uneven that the vast majority of bugs are distributed in a few components and source files.</p></list-item> <list-item><label>2)</label><p>The scales of the testing programs that reveal bugs are small.</p></list-item> <list-item><label>3)</label><p>The fixing works seem to be not complicated since the number of modified source files and lines of code are limited; however, most bugs need a long time to be fixed; nearly 15% of the bugs need more than one year to fix.</p></list-item> <list-item><label>4)</label><p>The priorities of bugs are independent of their locations, but they significantly correlate with duration of bugs.</p></list-item> <list-item><label>5)</label><p>Semantic bugs are the most frequent root causes of bugs, and their proportion exceeds other types of root causes.</p></list-item> </list> These results could indicate some potential problems during the detecting and fixing of Python interpreter’s bugs, and provide some assistance to developers and maintainers of Python interpreters, users of Python, as well as researchers in related fields.",scopus,llm,0.930,unreviewed,
discarded,An In-memory Embedding of CPython for Offensive Use,Sharfuddin A.,2021,Proceedings 2021 IEEE Symposium on Security and Privacy Workshops Spw 2021,10.1109/SPW53761.2021.00055,https://www.scopus.com/inward/record.uri?partnerID=HzOxMe3b&scp=85112860289&origin=inward,off-topic-false-hit,"We offer an embedding of CPython that runs entirely in memory without “touching” the disk. This in-memory embedding can load Python scripts directly from memory instead these scripts having to be loaded from files on disk. Malware that resides only in memory is harder to detect or mitigate against. We intend for our work to be used by security researchers to rapidly develop and deploy offensive techniques that is difficult for security products to analyze given these instructions are in bytecode and only translated to machine-code by the interpreter immediately prior to execution. Our work helps security researchers and enterprise Red Teams who play offense. Red Teams want to rapidly prototype malware for their periodic campaigns and do not want their malware to be detected by the Incident Response (IR) teams prior to accomplishing objectives. Red Teams also have difficulty running malware in production from files on disk as modern enterprise security products emulate, inspect, or quarantine such executables given these files have no reputation. Our work also helps enterprise Hunt and IR teams by making them aware of the viability of this type of attack. Our approach has been in use in production for over a year and meets our customers’ needs to quickly emulate threat-actors’ tasks, techniques, and procedures (TTPs).",scopus,llm,0.900,unreviewed,
discarded,A Rigorous Benchmarking and Performance Analysis Methodology for Python Workloads,Crape A.,2020,Proceedings 2020 IEEE International Symposium on Workload Characterization Iiswc 2020,10.1109/IISWC50251.2020.00017,https://www.scopus.com/inward/record.uri?partnerID=HzOxMe3b&scp=85097840291&origin=inward,off-topic-false-hit,"Computer architecture and computer systems research and development is heavily driven by benchmarking and performance analysis. It is thus of paramount importance that rigorous methodologies are used to draw correct conclusions and steer research and development in the right direction. While rigorous methodologies are widely used for native and managed programming language workloads, scripting language workloads are subject to ad-hoc methodologies which lead to incorrect and misleading conclusions. In particular, we find incorrect public statements regarding different virtual machines for Python, the most popular scripting language. The incorrect conclusion is a result of using the geometric mean speedup and not making a distinction between start-up and steady-state performance. In this paper, we propose a statistically rigorous benchmarking and performance analysis methodology for Python workloads, which makes a distinction between start-up and steady-state performance and which summarizes average performance across a set of benchmarks using the harmonic mean speedup. We find that a rigorous methodology makes a difference in practice. In particular, we find that the PyPy JIT compiler outperforms the CPython interpreter by 1.76 × for steady-state while being 2% slower for start-up, which refutes the statement on the PyPy website that ‘PyPy outperforms CPython by 4.4× on average’ based on the geometric mean speedup and not making a distinction between start-up and steady-state. We use the proposed methodology to analyze Python workloads which yields several interesting findings regarding PyPy versus CPython performance, start-up versus steady-state performance, the impact of a workload's input size, and Python workload execution characteristics at the microarchitecture level.",scopus,llm,0.930,unreviewed,
discarded,Assessing and optimizing the performance impact of the just-in-time configuration parameters - a case study on PyPy,Li Y.,2019,Empirical Software Engineering,10.1007/s10664-019-09691-z,https://www.scopus.com/inward/record.uri?partnerID=HzOxMe3b&scp=85062714161&origin=inward,off-topic-false-hit,,scopus,llm,0.880,unreviewed,
discarded,Alpyna: Acceleration of loops in python for novel architectures,Jacob D.,2019,Proceedings of the ACM SIGPLAN Conference on Programming Language Design and Implementation PLDI,10.1145/3315454.3329956,https://www.scopus.com/inward/record.uri?partnerID=HzOxMe3b&scp=85068004512&origin=inward,off-topic-false-hit,"We present ALPyNA, an automatic loop parallelization framework for Python, which analyzes data dependences within nested loops and dynamically generates CUDA kernels for GPU execution. The ALPyNA system applies classical dependence analysis techniques to discover and exploit potential parallelism. The skeletal structure of the dependence graph is determined statically (if possible) or at runtime; this is combined with type and bounds information discovered at runtime, to auto-generate high-performance kernels for offload to GPU. We demonstrate speedups of up to 1000x relative to the native CPython interpreter across four array-intensive numerical Python benchmarks. Performance improvement is related to both iteration domain size and dependence graph complexity. Nevertheless, this approach promises to bring the benefits of manycore parallelism to application developers.",scopus,llm,0.910,unreviewed,
discarded,Bytecode corruption attacks are real—and how to defend against them,Park T.,2018,Lecture Notes in Computer Science Including Subseries Lecture Notes in Artificial Intelligence and Lecture Notes in Bioinformatics,10.1007/978-3-319-93411-2_15,https://www.scopus.com/inward/record.uri?partnerID=HzOxMe3b&scp=85049322367&origin=inward,off-topic-false-hit,,scopus,llm,0.870,unreviewed,
discarded,Improving the start-up time of python applications on large scale HPC systems,Maclean C.A.,2017,Proceedings of Hpcsyspros 2017 HPC Systems Professionals Workshop Held in Conjunction with Sc 2017 the International Conference for High Performance Computing Networking Storage and Analysis,10.1145/3155105.3155107,https://www.scopus.com/inward/record.uri?partnerID=HzOxMe3b&scp=85040004558&origin=inward,off-topic-false-hit,"research-article Public Access Share on Improving the Start-Up Time of Python Applications on Large Scale HPC Systems Authors: Colin A. MacLean National Center for Supercomputing Applications, Urbana, Illinois National Center for Supercomputing Applications, Urbana, IllinoisView Profile , HonWai Leong National Center for Supercomputing Applications, Urbana, Illinois National Center for Supercomputing Applications, Urbana, IllinoisView Profile , Jeremy Enos National Center for Supercomputing Applications, Urbana, Illinois National Center for Supercomputing Applications, Urbana, IllinoisView Profile Authors Info & Claims HPCSYSPROS'17: Proceedings of the HPC Systems Professionals WorkshopNovember 2017 Article No.: 2Pages 1–8https://doi.org/10.1145/3155105.3155107Published:12 November 2017Publication History 2citation331DownloadsMetricsTotal Citations2Total Downloads331Last 12 Months106Last 6 weeks24 Get Citation AlertsNew Citation Alert added!This alert has been successfully added and will be sent to:You will be notified whenever a record that you have chosen has been cited.To manage your alert preferences, click on the button below.Manage my AlertsNew Citation Alert!Please log in to your account Save to BinderSave to BinderCreate a New BinderNameCancelCreateExport CitationPublisher SiteeReaderPDF",scopus,llm,0.910,unreviewed,
discarded,High-performance python-C++ bindings with PyPy and cling,Lavrijsen W.T.L.P.,2016,Proceedings of Pyhpc 2016 6th Workshop on Python for High Performance and Scientific Computing Held in Conjunction with Sc16 the International Conference for High Performance Computing Networking Storage and Analysis,10.1109/PyHPC.2016.008,https://www.scopus.com/inward/record.uri?partnerID=HzOxMe3b&scp=85015288108&origin=inward,off-topic-false-hit,"The use of Python as a high level productivity language on top of high performance libraries written in C++ requires efficient, highly functional, and easy-to-use cross-language bindings. C++ was standardized in 1998 and up until 2011 it saw only one minor revision. Since then, the pace of revisions has increased considerably, with a lot of improvements made to expressing semantic intent in interface definitions. For automatic Python-C++ bindings generators it is both the worst of times, as parsers need to keep up, and the best of times, as important information such as object ownership and thread safety can now be expressed. We present cppyy, which uses Cling, the Clang/LLVM-based C++ interpreter, to automatically generate Python-C++ bindings for PyPy. Cling provides dynamic access to a modern C++ parser and PyPy brings a full toolbox of dynamic optimizations for high performance. The use of Cling for parsing, provides up-to-date C++ support now and in the foreseeable future. We show that with PyPy the overhead of calls to C++ functions from Python can be reduced by an order of magnitude compared to the equivalent in CPython, making it sufficiently low to be unmeasurable for all but the shortest C++ functions. Similarly, access to data in C++ is reduced by two orders of magnitude over access from CPython. Our approach requires no intermediate language and more pythonistic presentations of the C++ libraries can be written in Python itself, with little performance cost due to inlining by PyPy. This allows for future dynamic optimizations to be fully transparent.",scopus,llm,0.880,unreviewed,
discarded,A bytecode interpreter for secure program execution in untrusted main memory,Seitzer M.,2015,Lecture Notes in Computer Science Including Subseries Lecture Notes in Artificial Intelligence and Lecture Notes in Bioinformatics,10.1007/978-3-319-24177-7_19,https://www.scopus.com/inward/record.uri?partnerID=HzOxMe3b&scp=84951822670&origin=inward,off-topic-false-hit,,scopus,llm,0.860,unreviewed,
kept,The effect of unrolling and inlining for python bytecode optimizations,Asher Y.B.,2009,ACM International Conference Proceeding Series,10.1145/1534530.1534550,https://www.scopus.com/inward/record.uri?partnerID=HzOxMe3b&scp=70350688075&origin=inward,qualifies-claim,"In this study, we consider bytecode optimizations for Python, a programming language which combines object-oriented concepts with features of scripting languages, such as dynamic dictionaries. Due to its design nature, Python is relatively slow compared to other languages. It operates through compiling the code into powerful bytecode instructions that are executed by an interpreter. Python's speed is limited due to its interpreter design, and thus there is a significant need to optimize the language. In this paper, we discuss one possible approach and limitations in optimizing Python based on bytecode transformations. In the first stage of the proposed optimizer, the bytecode is expanded using function inline and loop unrolling. The second stage of transformations simplifies the bytecode by applying a complete set of data-flow optimizations, including constant propagation, algebraic simplifications, dead code elimination, copy propagation, common sub expressions elimination, loop invariant code motion and strength reduction. While these optimizations are known and their implementation mechanism (data flow analysis) is well developed, they have not been successfully implemented in Python due to its dynamic features which prevent their use. In this work we attempt to understand the dynamic features of Python and how these features affect and limit the implementation of these optimizations. In particular, we consider the significant effects of first unrolling and then inlining on the ability to apply the remaining optimizations. The results of our experiments indicate that these optimizations can indeed be implemented and dramatically improve execution times.",scopus,llm,0.980,unreviewed,
kept,RPython: A step towards reconciling dynamically and statically typed OO languages,Ancona D.,2007,Proceedings of the Conference on Object Oriented Programming Systems Languages and Applications OOPSLA,10.1145/1297081.1297091,https://www.scopus.com/inward/record.uri?partnerID=HzOxMe3b&scp=41149148138&origin=inward,supports-claim,"Although the C-based interpreter of Python is reasonably fast, implementations on the CLI or the JVM platforms offers some advantages in terms of robustness and interoperability. Unfortunately, because the CLI and JVM are primarily designed to execute statically typed, object-oriented languages, most dynamic language implementations cannot use the native bytecodes for common operations like method calls and exception handling; as a result, they are not able to take full advantage of the power offered by the CLI and JVM.",scopus,llm,0.840,unreviewed,
discarded,Advanced capabilities for materials modelling with Q uantum ESPRESSO,P Giannozzi; O Andreussi; T Brumme; O Bunau; M Buongiorno Nardelli; M Calandra; R Car; C Cavazzoni; D Ceresoli; M Cococcioni; N Colonna; I Carnimeo; A Dal Corso; S de Gironcoli; P Delugas; R A DiStasio; A Ferretti; A Floris; G Fratesi; G Fugallo; R Gebauer; U Gerstmann; F Giustino; T Gorni; J Jia; M Kawamura; H-Y Ko; A Kokalj; E Küçükbenli; M Lazzeri; M Marsili; N Marzari; F Mauri; N L Nguyen; H-V Nguyen; A Otero-de-la-Roza; L Paulatto; S Poncé; D Rocca; R Sabatini; B Santra; M Schlipf; A P Seitsonen; A Smogunov; I Timrov; T Thonhauser; P Umari; N Vast; X Wu; S Baroni,2017,Journal of Physics Condensed Matter,10.1088/1361-648x/aa8f79,https://openalex.org/W2757803490,off-topic-false-hit,"Quantum EXPRESSO is an integrated suite of open-source computer codes for quantum simulations of materials using state-of-the-art electronic-structure techniques, based on density-functional theory, density-functional perturbation theory, and many-body perturbation theory, within the plane-wave pseudopotential and projector-augmented-wave approaches. Quantum EXPRESSO owes its popularity to the wide variety of properties and processes it allows to simulate, to its performance on an increasingly broad array of hardware architectures, and to a community of researchers that rely on its capabilities as a core open-source development platform to implement their ideas. In this paper we describe recent extensions and improvements, covering new methodologies and property calculators, improved parallelization, code modularization, and extended interoperability both within the distribution and with external software.",openalex,llm,0.980,unreviewed,
