status,title,authors,year,venue,doi,url,tags,abstract,provider,decision_source,llm_confidence,llm_review_outcome,llm_change_direction
discarded,Information security policy as a governance capability in politically complex legislative organizations: a tridimensional configurational model,"Amaral dos Santos, Elias; Cremona Parma, Gabriel Oscar",2026,TRANSFORMING GOVERNMENT- PEOPLE PROCESS AND POLICY,10.1108/TG-04-2026-0195,https://www.webofscience.com/wos/woscc/full-record/WOS:001850980700001,adjacent-subtopic,"Purpose This conceptual paper aims to examine information security policy (ISP) in Brazilian state legislative assemblies as a formal document that may operate as an institutional governance device and, under specific conditions, become a governance capability. Design/methodology/approach The paper integrates sociological institutionalism, network governance and state-capacity perspectives, in dialogue with governance-oriented information security scholarship, to theorize the conditions under which ISP may become institutionalized. Findings It develops the tridimensional model of legislative information governance (MTGIL), structured around institutional legitimacy, cross-functional coordination and political-administrative capacity and proposes three ideal-type configurations: symbolic compliance, institutional transition and substantive governance. Five testable propositions are derived. Research limitations/implications MTGIL is conceptual and untested. Its propositions, profile classifications and portability beyond Brazilian state legislative assemblies require comparative validation. Practical implications MTGIL offers legislative organizations a diagnostic lens for comparing formal ISP adoption with observable evidence of sponsorship, cross-functional routines, reporting channels, training uptake and continuity mechanisms, thereby informing policy redesign, coordination and continuity planning. Social implications By treating ISP as a governance capability, the paper suggests how legislative organizations may diagnose vulnerabilities affecting citizens' data rights, democratic accountability and the transparency-confidentiality balance. Originality/value The paper distinguishes ISP as a formal document, an institutional governance device and a potential governance capability. MTGIL theorizes why similar policy documents, control frameworks or compliance scores may follow different institutionalization trajectories when legitimacy, coordination and capacity are configured differently.",wos,llm,0.980,unreviewed,
discarded,Hybrid Differential Evolution-Based Neural Network for Improved and Accurate Recognition of Telugu Handwritten Text,"Kumar, Buddha Hari; Perumal, Chitra",2026,JOURNAL OF CIRCUITS SYSTEMS AND COMPUTERS,10.1142/S0218126626502385,https://www.webofscience.com/wos/woscc/full-record/WOS:001851506900001,off-topic-false-hit,"Recognition of Telugu handwritten texts is challenging because the script has intricate morphology, different salient character combinations and predominant dimensions. Existing techniques and methodologies, such as traditional conformist machine learning and deep learning, do not adequately solve these Telugu language script problems and usually only provide poor accuracy and limited scalability. This paper proposes a hybrid differential evolution neural network that will help to improve ameliorate feature selection and classification of Telugu handwritten characters, such as compound names such as Guninthamulu and Othulu. The new model takes advantage of Kingpin Differential Evolution's superior advantages to optimize features dynamically, eliminating redundancy and preserving information necessary for accurate recognition. An exhaustive encyclopedic set of 1,924 Telugu characters, comprising different types of writing, was created and utilized for the testing of the proposed model. The findings show that the proposed model provides a highly consistent accuracy of 98%, far surpassing current methods. The active feature selection system not only increases accuracy, but also boosts the model's scalability to accommodate various handwriting patterns and multidimensional character sets. This research contributes to a revolution in handwritten text recognition for scripts with low representation and fills the gap in dataset coverage, feature augmentation and recognition performance. This model proposes a hybrid novel architecture to enhance digital archiving, document digitization, and Optical Character Recognition (OCR) for similarly complex languages. Future work might explore the model's portability to other Indic scripts and further enhance its computation efficiency for large-scale processing.",wos,llm,0.990,unreviewed,
discarded,"Electrochemical sensing of food additives and food contaminants: fundamentals, nanomaterial strategies, and applications in food safety","Hegde, Sonali; Dodamani, Anula Anil; Shetty, Akshatha R.; Somashekara, Divyashree; Rai, Ranjitha; Aroor, Ganesha; Navada, Meghana K.",2026,JOURNAL OF FOOD MEASUREMENT AND CHARACTERIZATION,10.1007/s11694-026-04745-5,https://www.webofscience.com/wos/woscc/full-record/WOS:001847433600001,off-topic-false-hit,"Food additives are widely used to enhance food quality, safety, and shelf life; however, excessive or unauthorized use may pose health risks, requiring accurate and continuous monitoring. Conventional analytical techniques such as chromatography and spectroscopy provide high sensitivity but often involve complex sample preparation, expensive instrumentation, and skilled personnel, limiting rapid and on-site analysis. Electrochemical sensing has emerged as an effective alternative due to its simplicity, low cost, rapid response, portability, and high sensitivity. This review presents electrochemical sensing strategies for food additive detection, emphasizing nanomaterial-enabled performance enhancement. The classification of food additives, health impacts, and regulatory aspects are discussed, followed by fundamental electrochemical sensing principles. The influence of nanomaterial properties on electrocatalytic activity, sensitivity, and selectivity is examined. Recent advances in nanomaterial-based electrochemical sensors for detecting food additives, including colorants, preservatives, antioxidants, and flavoring agents, as well as selected food contaminants relevant to food safety, are summarized, highlighting fabrication strategies, analytical performance, and real-sample applications.",wos,llm,0.990,unreviewed,
discarded,Neuroimaging in Addiction: Principles of Functional Near-infrared Spectroscopy and Its Emerging Role in De-addiction: A Narrative Review,"Kalpana, Medala; Maheshkumar, K.; Umesh, Madhusudhan; Ganji, Vidya; Gaur, Archana; Singhal, Anish; Taranikanti, Madhuri; John, Nitin Ashok; Ravi, Naveen; Singaravelu, Vidya",2026,ANNALS OF NEUROSCIENCES,10.1177/09727531261460949,https://www.webofscience.com/wos/woscc/full-record/WOS:001846933500001,off-topic-false-hit,"Background Substance use disorders (SUDs) remain a major global health challenge with high relapse rates. Functional near-infrared spectroscopy (fNIRS), a non-invasive, portable modality enabling real-time monitoring of cortical haemodynamic changes, is well suited to studying addiction neurobiology in ecologically valid settings. This review examines fNIRS principles and applications in addiction research and de-addiction therapy.Summary PubMed, Scopus and Web of Science were searched (2000-2025) using terms including fNIRS, addiction, substance use disorder, prefrontal cortex, neurofeedback and de-addiction. fNIRS reliably detects altered prefrontal cortex (PFC) haemodynamic responses during cue-reactivity and cognitive tasks in addiction. Findings include reduced dorsolateral PFC activation with prolonged abstinence, differential orbitofrontal cortex activation across substances, and use as a treatment-response biomarker. Emerging applications include neurofeedback and machine-learning-based classification. fNIRS offers portability and ecological validity over conventional neuroimaging. Future research should standardise protocols, validate biomarkers in multicentre trials, and integrate fNIRS with EEG and fMRI.Key Message fNIRS is a portable, non-invasive tool that reliably detects altered prefrontal cortex activation in substance use disorders. Cue-reactivity and cognitive paradigms identify biomarkers of craving, executive dysfunction and relapse risk. fNIRS-based neurofeedback shows early promise for improving self-regulation and reducing relapse. Wearable fNIRS with machine learning and multimodal integration enables personalised addiction monitoring.",wos,llm,0.990,unreviewed,
discarded,Automation and the Present of Work: Interrogating the Discourse of Decline,"Cole, Matthew",2025,HISTORICAL MATERIALISM-RESEARCH IN CRITICAL MARXIST THEORY,10.1163/1569206X-bja10080,https://www.webofscience.com/wos/woscc/full-record/WOS:001677771900010,off-topic-false-hit,"Much popular discourse on automation is deterministic, engages at only a high level of abstraction, and assumes that technologies are neutral and autonomous rather than socially shaped. This popular discourse blames technology for worsening working conditions. A critique of this `automation discourse' by Aaron Benanav maintains that low-paid work is growing not due to technology, but because of manufacturing overcapacity and underinvestment, which ruined capitalism's growth engine. Similarly, Jason Smith argues that the growth of low-waged service work indicates terminal stagnation. So called `smart machines' have failed to deliver on their promised productivity gains. This article interrogates the foundations of these theses in Robert Brenner's work. I argue that these approaches misdiagnose the problem, replacing technological determinism with economic determinism. Further, they misinterpret the recomposition of global capitalism and labour institutions while neglecting class struggle. I then question what the global rise of services, the institutional decoupling of productivity and wage gains, and AI-driven technologies mean for the present of work. Is global competition responsible for the stagnation of capitalist growth or something else? Are services inherently doomed to low wages? By addressing these questions through class antagonisms, this article offers an account of the present and future of work that is neither technologically nor economically determinist.",wos,llm,0.970,unreviewed,
discarded,"Reoccupied eschatologies: AI futurism, Umbesetzung, and the limits of modernity's self-assertion","Singh, Ranvir; Dogra, Vikas",2026,AI & SOCIETY,10.1007/s00146-026-03300-6,https://www.webofscience.com/wos/woscc/full-record/WOS:001847470600001,off-topic-false-hit,"Existing scholarship in religion and technology has noted that the discourse of AI futurism, and especially the cluster of ideas constituting the Technological Singularity, exhibits striking structural resemblance to Christian eschatology. From Geraci's ""Apocalyptic AI"" to Tirosh-Samuelson's account of transhumanism as a ""secularist faith"", the resemblance has been extensively catalogued. This article argues that resemblance, though real, is descriptively insufficient: by itself it cannot distinguish deep historical inheritance from accidental likeness, and it leaves defenders of the discourse free to concede surface similarity while denying its significance. Drawing on Hans Blumenberg's concept of Umbesetzung (reoccupation), the refilling of structurally vacated answer-positions whose underlying questions persist and situating it within the L & ouml;with-Blumenberg debate on secularisation, we recast the relation as functional and structural rather than merely analogical. We advance three claims. First, AI futurism reoccupies, in Blumenberg's sense, the answer-positions vacated by Christian eschatology: analogy is the symptom and reoccupation the mechanism that explains it. Second, this reoccupation involves the reformulation of the underlying questions and not merely the substitution of new answers; the philosophically distinctive feature of Blumenberg's account. Third, and centrally, we argue that reoccupation itself admits of degrees of autonomous self-assertion, and that Blumenberg's defence of modernity holds-by his own admission-only ""in all but a few recognizable and specific instances."" Measured by how thickly it reformulates its inherited questions and how autonomously it generates its own content, AI futurism, once its genuinely technical problems are totalised into a drama of ultimate destiny, does so little autonomous work that it approaches the boundary at which, on Blumenberg's own terms, the secularisation description recovers its purchase. It is in this sense a limit case: not a refutation of Blumenberg, but a candidate for the class of exceptions his thesis concedes, one that returns qualified, local force to L & ouml;with's secularisation thesis for this discursive formation without overturning Blumenberg's general defence of modernity's legitimacy. Throughout, we distinguish AI futurism as a cultural-eschatological imaginary from AI safety as a heterogeneous technical field. The paper situates its arguments alongside Coeckelbergh's recent revision of Blumenberg's myth-anthropology and clarifies how reoccupation-analysis operates at a different and complementary level of abstraction from myth-analysis.",wos,llm,0.970,unreviewed,
discarded,"The National FEE-FREE Uni Ready (FFUR) Project, Report on Policy Settings and Best Practice Guide.<i> </i><i>A Good Practice Report</i>","Bennett, Anna; Allen, Kristen; Mansfield, Michelle; Garske, Nicole; Way, Georgia",2026,STUDENT SUCCESS,10.63608/ssj.4172,https://www.webofscience.com/wos/woscc/full-record/WOS:001845697500001,off-topic-false-hit,"This good practice report outlines findings from the recently completed National FEE-FREE Uni Ready (FFUR) Project (2026) to share the work and recommendations on FFUR policy settings and principles. Together, these aim to strengthen transitions into higher education for underrepresented cohorts. We focus on introducing the Best Practice Guide and FFUR Framework elements, highlighting the importance of place-based and cohort-tailored contextualisation. We outline key elements of the taxonomy of FFUR offerings, common learning outcomes, and governance guidelines that collectively enable portability, quality, and equity. We contextualise FFUR offerings within Australia's evolving pathways ecosystem and show how the FFUR Framework can be adapted across place and tailored to specific cohorts. This good practice report contributes a practical architecture to both understand and operationalise equitable pathways, with scalable concepts and evaluation principles aligned to the Student Success conference theme of 'Transitions: pathways to tertiary education'.",wos,llm,0.980,unreviewed,
discarded,Bio-based self-powered triboelectric sensor for intelligent early-warning monitoring in rhythmic gymnastics,"Chen, Yingying; Zheng, Min; Lv, Songjian; Yu, Xinbai; Sun, Chunting; Shen, Tingyong; Sun, Liuna; Liu, Dongsheng",2026,APPLIED PHYSICS LETTERS,10.1063/5.0348612,https://www.webofscience.com/wos/woscc/full-record/WOS:001843607900001,off-topic-false-hit,"Rhythmic gymnastics is characterized by high flexibility, explosive power, and multi-joint coordination; during vertical jumps (VG), kick leg (KL), split leap (SL), and landing, the lower limbs are readily exposed to complex mechanical loads and injury. To address the limitations of current motion-capture systems, force platforms, and inertial sensing technologies in portability, continuous monitoring, and power supply, this study develops a bio-based fiber/graphene-enhanced triboelectric nanogenerator (BG-TENG). The graphene conductive network, in concert with a Kapton elastic layer, Cu electrode, and PTFE negative tribolayer, forms a flexible contact-separation sensor. The device achieves optimal output at 3 wt. % graphene loading and exhibits stable voltage responses and favorable cycling performance under varied velocities, loads, and bending angles. When deployed on the plantar region, ankle joint, and knee joint and validated in conjunction with an IMU, the BG-TENG effectively characterizes ankle acceleration, knee flexion-extension angle, and plantar deformation. Using multichannel signals, a recognition model was established for correct and injury-state movements involving VG, KL, and SL, enabling accurate classification of six action categories and real-time visualized early warning through an upper computer system. This system offers a green, flexible, and wearable intelligent-monitoring strategy for early warning of sports injuries, movement-quality assessment, and personalized training feedback.",wos,llm,0.990,unreviewed,
discarded,Artificial Intelligence Pilot Vision: Contextual Cockpit Readout for VR/MR Training,"Polcak, Marek; Hajek, Jan; Frantis, Petr; Rozenberg, Robert; Polishchuk, Inna",2026,IEEE ACCESS,10.1109/ACCESS.2026.3715823,https://www.webofscience.com/wos/woscc/full-record/WOS:001841864300020,adjacent-subtopic,"The rapid adoption of virtual and mixed reality technologies (VR/MR) in pilot training has led to an increased use of eye tracking as an objective source of information about visual attention, situational awareness and workload. However, conventional gaze visualizations, such as heatmaps, primarily indicate where a trainee looked while providing limited information about what cockpit data were visually accessible at the moment of fixation. This paper presents the detection stage of a broader artificial intelligence (AI)-driven framework designed to infer cockpit information accessibility directly from image-based eye-tracking recordings without requiring simulator APIs or proprietary avionics interfaces. The proposed approach operates purely on image inputs, supporting portability across different VR/MR ecosystems and potential applicability in both virtual and physical cockpit environments. The complete framework combines real-time cockpit instrument localization with subsequent semantic readout modules for instrument interpretation, including OCR for digital displays, regression-based estimation for analog gauges, and classification of binary indicators. The present work focuses exclusively on the detection stage. A dataset of 2,750 annotated cockpit frames covering 21 instrument classes was created from high-resolution flight simulator recordings using a semi-automatic annotation workflow. To reduce temporal data leakage, the dataset was partitioned using a temporally separated train-validation strategy. Two state-of-the-art object detectors, YOLOv7 and RT-DETRv2, were trained and evaluated for real-time cockpit instrument detection. Both models achieved an mAP@0.5 exceeding 0.99, while RT-DETRv2 achieved superior localization performance with an mAP@0.5:0.95 of 0.855 compared to 0.780 for YOLOv7. Inference benchmarks on commodity GPU hardware (NVIDIA RTX 5060 Ti) demonstrated real-time operation for both models, with TensorRT-accelerated latency of 2.3 ms for RT-DETRv2 and 3.3 ms for YOLOv7 at FP16 precision, well within the 90 fps performance budget of VR/MR training systems. The results demonstrate that accurate real-time cockpit instrument detection is feasible on standard gaming GPU hardware and suitable for integration into future gaze-aware pilot training frameworks.",wos,llm,0.980,unreviewed,
