status,title,authors,year,venue,doi,url,tags,abstract,provider,decision_source,llm_confidence,llm_review_outcome,llm_change_direction
discarded,Parsing and compiling using Prolog,Jacques Cohen; Timothy J. Hickey,1987,ACM Transactions on Programming Languages and Systems,10.1145/22719.22946,https://openalex.org/W2037452894,adjacent-subtopic,"This paper presents the material needed for exposing the reader to the advantages of using Prolog as a language for describing succinctly most of the algorithms needed in prototyping and implementing compilers or producing tools that facilitate this task. The available published material on the subject describes one particular approach in implementing compilers using Prolog. It consists of coupling actions to recursive descent parsers to produce syntax-trees which are subsequently utilized in guiding the generation of assembly language code. Although this remains a worthwhile approach, there is a host of possibilities for Prolog usage in compiler construction. The primary aim of this paper is to demonstrate the use of Prolog in parsing and compiling. A second, but equally important, goal of this paper is to show that Prolog is a labor-saving tool in prototyping and implementing many non-numerical algorithms which arise in compiling, and whose description using Prolog is not available in the literature. The paper discusses the use of unification and nondeterminism in compiler writing as well as means to bypass these (costly) features when they are deemed unnecessary. Topics covered include bottom-up and top-down parsers, syntax-directed translation, grammar properties, parser generation, code generation, and optimizations. Newly proposed features that are useful in compiler construction are also discussed. A knowledge of Prolog is assumed.","openalex, dblp, ieee",llm,0.850,unreviewed,
discarded,Applied logic : its use and implementation as a programming tool,David H. Warren,1978,ERA,,https://openalex.org/W1571035569,adjacent-subtopic,"The first Part of the thesis explains from first principles the concept of ""logic programming"" and its practical application in the programming language Prolog. Prolog is a simple but powerful language which encourages rapid, error-free programming and clear, readable, concise programs. The basic computational mechanism is a pattern matching process (""unification"") operating on general record structures (""terms"" of logic). IThe ideas are illustrated by describing in detail one sizable Prolog program which implements a simple compiler. The advantages and practicability of using Prolog for ""real"" compiler implementation are discussed. The second Part of the thesis describes techniques for implementing Prolog efficiently. In particular it is shown how to compile the patterns involved in the matching process into instructions of a low-level language. This idea has actually been implemented in a compiler (written in Prolog) from Prolog to DECsystem-10 assembly language. However the principles involved are explained more abstractly in terms of a ""Prolog Machine"". The code generated is comparable in speed with that produced by existing DEC10 Lisp compilers. Comparison is possible since pure Lisp can be viewed as a (rather restricted) subset of Prolog. It is argued that structured data objects, such as lists and trees, can be manipulated by pattern matching using a ""structure 'sharing"" representation as efficiently as by conventional selector and constructor functions operating on linked records in ""heap"" storage. Moreover the pattern matching formulation actually helps the implementor to produce a better implementation.","openalex, dblp, ieee",llm,0.820,unreviewed,
discarded,Application of Visual Knowledge Graph in Assembly Language Programming Teaching,Ying Liu; Honglin Wu,2022,International Journal of Education and Humanities,10.54097/ijeh.v3i1.395,https://openalex.org/W4281711641,adjacent-subtopic,"Assembly Language Programming is a compulsory course for information related majors in colleges and universities. It plays a basic role in cultivating students' professional ability. Based on the teaching experience accumulated by the authors' teaching team for many years, visual knowledge graph is used for teaching application, the fragmented knowledge points are correlated, and the knowledge system has been formed. Through the knowledge points network of the course, the teaching advantages are better brought into play, which not only promotes the students' mastery of Assembly Language Programming, but also lays a solid foundation for the students' subsequent hardware course learning.","openalex, dblp, ieee",llm,0.950,unreviewed,
discarded,"Genome sequence of a rice pest, the white-backed planthopper (Sogatella furcifera)",Lin Wang; Nan Tang; Xinlei Gao; Zhaoxia Chang; Liqin Zhang; Guohui Zhou; Dongyang Guo; Zhen Zeng; Wenjie Li; Ibukun A. Akinyemi; Huanming Yang; Qingfa Wu,2017,GigaScience,10.1093/gigascience/giw004,https://openalex.org/W2587733035,off-topic-false-hit,"Background: Sogatella furcifera is an important phloem sap-sucking and plant virus-transmitting migratory insect of rice. Because of its high reproductive potential, dispersal capability and transmission of plant viral diseases, S. furcifera causes considerable damage to rice grain production and has great economical and agricultural impacts. Comprehensive studies into ecological aspects and virus-host interactions of S. furcifera have been limited because of the lack of a well-assembled genome sequence. Findings: A total of 241.3 Gb of raw reads from the whole genome of S. furcifera were generated by Illumina sequencing using different combinations of mate-pair and paired-end libraries from 17 insert libraries ranging between 180 bp and 40 kbp. The final genome assembly (0.72 Gb), with average N50 contig size of 70.7 kb and scaffold N50 of 1.18 Mb, covers 98.6 % of the estimated genome size of S. furcifera . Genome annotation, assisted by eight different developmental stages (embryos, 1 st -5 th instar nymphs, 5-day-old adults and 10-day-old adults), generated 21 254 protein-coding genes, which captured 99.59 % (247/248) of core CEGMA genes and 91.7 % (2453/2675) of BUSCO genes. Conclusions: We report the first assembled and annotated whole genome sequence and transcriptome of S. furcifera . The assembled draft genome of S. furcifera will be a valuable resource for ecological and virus-host interaction studies of this pest.","openalex, dblp, ieee",llm,0.990,unreviewed,
discarded,A Review of Anomaly Detection Strategies to Detect Threats to Cyber-Physical Systems,Nicholas Jeffrey; Qing Tan; José R. Villar,2023,Electronics,10.3390/electronics12153283,https://openalex.org/W4385423342,adjacent-subtopic,"Cyber-Physical Systems (CPS) are integrated systems that combine software and physical components. CPS has experienced rapid growth over the past decade in fields as disparate as telemedicine, smart manufacturing, autonomous vehicles, the Internet of Things, industrial control systems, smart power grids, remote laboratory environments, and many more. With the widespread integration of Cyber-Physical Systems (CPS) in various aspects of contemporary society, the frequency of malicious assaults carried out by adversaries has experienced a substantial surge in recent times. Incidents targeting vital civilian infrastructure, such as electrical power grids and oil pipelines, have become alarmingly common due to the expanded connectivity to the public internet, which significantly expands the vulnerability of CPS. This article presents a comprehensive review of existing literature that examines the latest advancements in anomaly detection techniques for identifying security threats in Cyber-Physical Systems. The primary emphasis is placed on addressing life safety concerns within industrial control networks (ICS). A total of 296 papers are reviewed, with common themes and research gaps identified. This paper makes a novel contribution by identifying the key challenges that remain in the field, which include resource constraints, a lack of standardized communication protocols, extreme heterogeneity that hampers industry consensus, and different information security priorities between Operational Technology (OT) and Information Technology (IT) networks. Potential solutions and/or opportunities for further research are identified to address these selected challenges.","openalex, dblp, ieee",llm,0.980,unreviewed,
discarded,Computer System Architecture,Victor Benevent Raj A; S. Kevin Andrews,2023,,10.47716/978-93-92090-10-3,https://openalex.org/W4322745888,adjacent-subtopic,"System Architecture is a comprehensive book that provides a detailed understanding of computer systems and their organization. The book is divided into five units, each of which deals with a specific topic related to computer architecture. In Unit I, the book covers Data Representation, which includes topics like data types, complements, register transfer language, register transfer bus, and memory transfers. Additionally, it explains Arithmetic, Logic, and Shift unit along with the introduction of basic computer organization and design, which covers instruction codes, computer registers, computer instructions, timing and control, and instruction cycle. Unit II focuses on Memory Reference Instructions, Input-Output, and Interrupt. Furthermore, the book introduces programming the basic computer, machine language, assembly language, the assembler, program loops, programming arithmetic, and logic operations and subroutines. Unit III covers Central Processing Unit, including General Register Organization, Stack Organization, Instruction Formats, addressing modes, data transfer, and manipulation, and Reduced Instruction Set Computer (RISC). In Unit IV, the book explains computer arithmetic, such as addition and subtraction, multiplication algorithms, division algorithms, input-output interface, priority interrupt-direct memory access, and input-output processor. Finally, Unit V concentrates on Memory Organization, including memory hierarchy, main memory, auxiliary memory, associative memory, cache memory, virtual memory, and the characteristics of multiprocessors. In conclusion, System Architecture is an excellent resource for computer science students and professionals interested in understanding the design, organization, and functioning of computer systems. Keywords: Data Representation, Central Processing Unit, Memory Organization, Instruction Formats, Arithmetic and Logic, Input-Output Interface. Keywords: Architecture, Data Representation, Data Types, Complements, Register Transfer Language, Register Transfer Bus, Memory Transfers, Arithmetic, Logic, Shift unit, Basic Computer Organization, Instruction Codes, Computer Registers, Computer Instructions, Timing and Control, Instruction Cycle, Memory Reference Instructions, Input-Output, Interrupt, Machine Language, Assembly Language, Assembler, Program Loops, Programming Arithmetic, Logic Operations, Subroutines, Central Processing Unit.","openalex, dblp, ieee",llm,0.950,unreviewed,
discarded,User Experience in Using MOOC of Assembly Language Programming,Nur Idawati Md Enzai; Norhayati Ahmad; Syazilawati Mohamed; Mohd Amir Hamzah Ab. Ghani; Nuraiza Ismail,2019,2019 IEEE 11th International Conference on Engineering Education (ICEED),10.1109/ICEED47294.2019.8994917,https://ieeexplore.ieee.org/document/8994917/,adjacent-subtopic,"ECE354 (Microprocessor Systems) is a compulsory course offered by Faculty of Electrical Engineering, UiTM for final semester students. This course covers the topics on general purpose microprocessor, its architecture and system organization. Then single chip microcomputer is taught and all aspects of the chip will be covered, from internal architecture, programming up to interfacing. The programming language used for this course is HCS12 Assembly Language. However, this interesting course was available only for the registered on-campus students. Therefore, we take advantage of MOOC (Massive Open Online Course) which allows unlimited worldwide free of charge online participation as well as open access via the web. To realize the MOOC implementation, OpenLearning platform is used. By using this platform, the course modules based on ECE354 syllabus are prepared which include assessment and active interaction tools with students. An online survey was then given to the students who took the course since 2017 to obtain their views in experiencing MOOC usage.","openalex, dblp, ieee",llm,0.950,unreviewed,
discarded,Simulation of APDUs exchanged between a microcontroller smart card and a reader,Karima Dichou; Victor Tourtchine; Faycal Rahmoune,2015,"2015 7th International Conference on Modelling, Identification and Control (ICMIC)",10.1109/ICMIC.2015.7409426,https://ieeexplore.ieee.org/document/7409426/,adjacent-subtopic,"This paper presents the simulation of Application Protocol data Unit (APDU) exchanged between a microcontroller smart card and its reader/terminal, that are made according to the Standard ISO 7816, allowing to get basic understanding of how easy it can be to access smart cards from any reader. Programming APDUs commands and responses are made in assembly language to enable a better understanding of this exchange. Moreover, it saves the memory space in the microcontroller. We used PROTEUS Professional Software V7 to simulate and MPLAB IDE software V.8.56 to code the Microcontrollers in assembly language.","openalex, dblp, ieee",llm,0.950,unreviewed,
discarded,A dynamic programming approach to complex allocation in a DSP pipelined processor,R. Muresan; C. Gebotys,2001,Canadian Conference on Electrical and Computer Engineering 2001. Conference Proceedings (Cat. No.01TH8555),10.1109/CCECE.2001.933608,https://ieeexplore.ieee.org/document/933608/,adjacent-subtopic,"This paper describes a deterministic non-serial dynamic programming technique applicable to a code optimization problem for the Star Core 140 (SC140) DSP processor. The code optimization problem analyzed is an optimal register allocation problem that minimizes the expected number of execution sets with a two-word prefix for the SC140 core applications based on two probabilistic allocation policies. We introduce two basic algorithms, a linear bridging algorithm and a non-linear bridging algorithm (supporting loops), that solve the specific register allocation problem for an assembly language code block. All algorithms and methods are applied to a variety of SC140 assembly code applications. The optimized assembly language codes generated show an average of 68%, improvement in overheads and an average of 4.44% code size reduction at a very small increase in the CPU time costs. The basic principles and methods developed throughout this research are general and are applicable to other pipelined processors.","openalex, dblp, ieee",llm,0.930,unreviewed,
discarded,The NRL-Isochronous Cyclotron Multi-User On-Line Data Acquisition System,J. Doede; D. Buchler; R. Allas; M. Smith,1967,IEEE Transactions on Nuclear Science,10.1109/TNS.1967.4324478,https://ieeexplore.ieee.org/document/4324478/,adjacent-subtopic,"The operating features of the SOPHYA (Supervisor of Physics Analysis) system as implemented for an EMR Advance Series 6050 computer at the Naval Research Laboratory's Isochronous Cyclotron are explained. Several independent experiments may be run concurrently with additional capability for a batch processing shadow time job. Each experimenter has acceses to the full library of general routines. The special purpose routines may be coded in Fortran or Assembly Language and included in the library. Standard package includes MATRIX SLICE routines, CRT display routines for single parameter and two parameter contour map or isometric display. Light pen control allows such operations as background subtraction, rotation of axes, etc. A digital method of particle identification is discussed in which an algorithm for evaluation of an identification constant is computed in realtime.","openalex, dblp, ieee",llm,0.900,unreviewed,
discarded,Teaching Microcomputer Programming with Application-Oriented Problems,Dane D. Barlow; Dharma P. Agrawal,1981,IEEE Transactions on Education,10.1109/TE.1981.4321436,https://ieeexplore.ieee.org/document/4321436/,adjacent-subtopic,"The objective of this paper is to describe application-oriented problems so that microcomputer programming courses could be made as effective as possible. These problems are seen in our daily life and thus they make the course more attractive and increase student enthusiasm, motivation, and patience with learning programming in assembly language. These problems and the corresponding laboratory assignments are given in this paper. The sequence starts with simpler problems and goes up to questions as complex as can be expected in an introductory microprocessor programming course.","openalex, dblp, ieee",llm,0.940,unreviewed,
discarded,Using computer history as innovation for computer organization subjects,Xavier Molero; Ana Pont; Antonio Robles; Milagros Martínez,2015,2015 International Conference on Information Technology Based Higher Education and Training (ITHET),10.1109/ITHET.2015.7217966,https://ieeexplore.ieee.org/document/7217966/,adjacent-subtopic,"One of the main difficulties when teaching basic subjects related with computer fundamentals and organization to computer engineering undergraduate students is to provide an applied vision close to the current real word in order to motivate and encourage them to study this subject. Learning about the basic principles about how computers work interaction between main hardware components and fundamental assembly language programming has currently become of minor interest for our students because of the use of many simplifications and abstractions that are far from the technological reality of today. In this paper, we show how a group of teachers of the Universitat Politecnica de Valencia (UPV) have included computer history as an additional activity of the Computer Organization subject. Our main objective has been to increase the student motivation and also to spread the history of computers among young people. To this end an active visit to the Museum of Informatics of the UPV is organized as a part of the contents of the subject. This activity is designed to establish and emphasize relationships between the museum collection and the topics used as representative examples for teaching. The main concern in the organization of this activity is the large number of students involved (more than 400). This paper describes how the experience has been carried out in the present and the previous academic year; the way we have made an evaluation to improve it according the students opinion and the results achieved; lessons learned and new challenges for the future.","openalex, dblp, ieee",llm,0.910,unreviewed,
discarded,The transputer T414 instruction set,J.-D. Nicoud; A.M. Tyrrell,1989,IEEE Micro,10.1109/40.31478,https://ieeexplore.ieee.org/document/31478/,adjacent-subtopic,"Describes the instruction set of the T414 transputer. Assembly-language notations that are more familiar to microprocessor-system designers than the Inmos documentation are included. The discussion covers transputer types, registers, memory, communication, addressing modes, data types, programming philosophy, concurrent processes, and the instruction set.<>","openalex, dblp, ieee",llm,0.900,unreviewed,
discarded,Computer-aided engineering for computer architecture laboratories,R.J. Reid,1991,IEEE Transactions on Education,10.1109/13.79882,https://ieeexplore.ieee.org/document/79882/,adjacent-subtopic,"Students coming to senior-level computer architecture courses generally have a substantial background in introductory computer organization, assembly-language programming, and digital-logic design. With this background they are ready to embark on sizable design and implementation projects in computer architecture. The author describes an engineering workstation environment that supports student laboratories in computer architecture. The backbone of this environment is a digital simulator that gives each first-term architecture student the necessary power to produce their own working (simulated) computer.<>","openalex, dblp, ieee",llm,0.950,unreviewed,
discarded,Programming Languages for Real-Time Systems,Phillip A. Laplante; Seppo J. Ovaska,2012,Real-Time Systems Design and Analysis: Tools for the Practitioner,10.1002/9781118136607.ch4,https://ieeexplore.ieee.org/document/6168903/,adjacent-subtopic,<![CDATA[<P>This chapter contains sections titled: <UL> <LI> <P>Coding of Real-Time Software</P> </LI> <LI> <P>Assembly Language</P> </LI> <LI> <P>Procedural Languages</P> </LI> <LI> <P>Object-Oriented Languages</P> </LI> <LI> <P>Overview of Programming Languages</P> </LI> <LI> <P>Automatic Code Generation</P> </LI> <LI> <P>Compiler Optimizations of Code</P> </LI> <LI> <P>Summary</P> </LI> <LI> <P>Exercises</P> </LI> <LI> <P>References</P> </LI> </UL> </P>]]>,"openalex, dblp, ieee",llm,0.830,unreviewed,
