status,title,authors,year,venue,doi,url,tags,abstract,provider,decision_source,llm_confidence,llm_review_outcome,llm_change_direction
discarded,The Gradient Projection Method for Nonlinear Programming. Part II. Nonlinear Constraints,J. B. Rosen,1961,Journal of the Society for Industrial and Applied Mathematics,10.1137/0109044,https://openalex.org/W2264885058,off-topic-false-hit,"Previous article Next article The Gradient Projection Method for Nonlinear Programming. Part II. Nonlinear ConstraintsJ. B. RosenJ. B. Rosenhttps://doi.org/10.1137/0109044PDFBibTexSections ToolsAdd to favoritesExport CitationTrack CitationsEmail SectionsAbout[1] V. N. Faddeeva, Computational methods of linear algebra, Dover Publications Inc., New York, 1959, 59– MR0100344 0086.10802 Google Scholar[2] J. E. Kelley, Jr., The cutting-plane method for solving convex programs, J. Soc. Indust. Appl. Math., 8 (1960), 703–712 10.1137/0108053 MR0118538 0098.12104 LinkISIGoogle Scholar[3] J. B. Rosen, The gradient projection method for nonlinear programming. I. Linear constraints, J. Soc. Indust. Appl. Math., 8 (1960), 181–217 10.1137/0108011 MR0112750 0099.36405 LinkISIGoogle Scholar[4] J. B. Rosen, The gradient projection method for nonlinear programming. Part II. Non-linear constraints, Presented at RAND Symposium on Mathematical Programming, 1959, March Google Scholar[5] J. B. Rosen, Stability of differential equations and equivalent nonlinear programming problem, Notices Amer. Math. Soc., 7 (1960), 996– Google Scholar[6] Peter Wegner, A non-linear extension of the simplex method, Management. Sci., 7 (1960/1961), 43–55 MR0115828 0995.90624 CrossrefISIGoogle Scholar[7] G. Zoutendijk, Methods of feasible directions: A study in linear and non-linear programming, Elsevier Publishing Co., Amsterdam-London-New York-Princeton, N.J., 1960ii+127 MR0129119 0097.35408 Google Scholar[8] H. W. Kuhn and , A. W. Tucker, Nonlinear programming, Proceedings of the Second Berkeley Symposium on Mathematical Statistics and Probability, 1950, University of California Press, Berkeley and Los Angeles, 1951, 481–492 MR0047303 0044.05903 Google Scholar[9] O. L. Mangasarian, Equivalence of the Kuhn-Tucker and gradient projection conditions for constrained maxima, to be published Google Scholar Previous article Next article FiguresRelatedReferencesCited byDetails Riemannian Multigrid Line Search for Low-Rank ProblemsMarco Sutti and Bart Vandereycken20 May 2021 | SIAM Journal on Scientific Computing, Vol. 43, No. 3AbstractPDF (1015 KB)A Projected Gradient and Constraint Linearization Method for Nonlinear Model Predictive ControlGiampaolo Torrisi, Sergio Grammatico, Roy S. Smith, and Manfred Morari31 May 2018 | SIAM Journal on Control and Optimization, Vol. 56, No. 3AbstractPDF (641 KB)Modulus Methods for Nonnegatively Constrained Image Restoration30 August 2016 | SIAM Journal on Imaging Sciences, Vol. 9, No. 3AbstractPDF (669 KB)Inexact Restoration Method for Derivative-Free Optimization with Smooth Constraints20 June 2013 | SIAM Journal on Optimization, Vol. 23, No. 2AbstractPDF (447 KB)An Optimal Algorithm for Minimization of Quadratic Functions with Bounded Spectrum Subject to Separable Convex Inequality and Linear Equality Constraints7 October 2010 | SIAM Journal on Optimization, Vol. 20, No. 6AbstractPDF (336 KB)Dynamic Control of Infeasibility in Equality Constrained Optimization19 November 2008 | SIAM Journal on Optimization, Vol. 19, No. 3AbstractPDF (319 KB)Explicit Algorithms for a New Time Dependent Model Based on Level Set Motion for Nonlinear Deblurring and Noise Removal25 July 2006 | SIAM Journal on Scientific Computing, Vol. 22, No. 2AbstractPDF (884 KB)Sliding Modes in Solving Convex Programming Problems26 July 2006 | SIAM Journal on Control and Optimization, Vol. 36, No. 2AbstractPDF (712 KB)Global and Asymptotic Convergence Rate Estimates for a Class of Projected Gradient Processes1 August 2006 | SIAM Journal on Control and Optimization, Vol. 19, No. 3AbstractPDF (2616 KB)On the Use of Approximations in Algorithms for Optimization Problems with Equality and Inequality Constraints14 July 2006 | SIAM Journal on Numerical Analysis, Vol. 15, No. 4AbstractPDF (2118 KB)Efficiently Converging Minimization Methods Based on the Reduced Gradient3 August 2006 | SIAM Journal on Control and Optimization, Vol. 14, No. 1AbstractPDF (1951 KB)An Arc Method for Nonlinear Programming18 July 2006 | SIAM Journal on Control, Vol. 13, No. 6AbstractPDF (2307 KB)Constrained Optimization Using a Nondifferentiable Penalty Function14 July 2006 | SIAM Journal on Numerical Analysis, Vol. 10, No. 4AbstractPDF (1833 KB)Best Summation Formulae and Discrete Splines14 July 2006 | SIAM Journal on Numerical Analysis, Vol. 10, No. 3AbstractPDF (1020 KB)An Historical Survey of Computational Methods in Optimal Control2 August 2006 | SIAM Review, Vol. 15, No. 2AbstractPDF (3413 KB)A Convergence Theory for a Class of Nonlinear Programming Problems14 July 2006 | SIAM Journal on Numerical Analysis, Vol. 10, No. 1AbstractPDF (2034 KB)On the Convergence of the Conjugate Gradient Method for Singular Linear Operator Equations1 August 2006 | SIAM Journal on Numerical Analysis, Vol. 9, No. 1AbstractPDF (1764 KB)On the Convergence of Some Feasible Direction Algorithms for Nonlinear Programming18 July 2006 | SIAM Journal on Control, Vol. 5, No. 2AbstractPDF (1369 KB)A Ricocheting Gradient Method for Nonlinear Optimization28 July 2006 | SIAM Journal on Applied Mathematics, Vol. 14, No. 3AbstractPDF (1155 KB)Optimization, a Moment Problem, and Nonlinear Programming18 July 2006 | Journal of the Society for Industrial and Applied Mathematics Series A Control, Vol. 2, No. 1AbstractPDF (2032 KB)Contributions to the Theory of Generalized Inverses13 July 2006 | Journal of the Society for Industrial and Applied Mathematics, Vol. 11, No. 3AbstractPDF (2636 KB)A Review of Minimization Techniques for Nonlinear Functions18 July 2006 | SIAM Review, Vol. 4, No. 4AbstractPDF (2112 KB)The Gradient Projection Method for Nonlinear Programming. Part I. Linear ConstraintsJ. B. Rosen10 July 2006 | Journal of the Society for Industrial and Applied Mathematics, Vol. 8, No. 1AbstractPDF (3437 KB) Volume 9, Issue 4| 1961Journal of the Society for Industrial and Applied Mathematics History Submitted:27 January 1961Published online:10 July 2006 InformationCopyright © 1961 Society for Industrial and Applied MathematicsPDF Download Article & Publication DataArticle DOI:10.1137/0109044Article page range:pp. 514-532ISSN (print):0368-4245ISSN (online):2168-3484Publisher:Society for Industrial and Applied Mathematics","openalex, ieee",llm,0.970,unreviewed,
discarded,Exosomes,D. Michiel Pegtel; Stephen J. Gould,2019,Annual Review of Biochemistry,10.1146/annurev-biochem-013118-111902,https://openalex.org/W4249579699,off-topic-false-hit,"Exosomes are small, single-membrane, secreted organelles of ∼30 to ∼200 nm in diameter that have the same topology as the cell and are enriched in selected proteins, lipids, nucleic acids, and glycoconjugates. Exosomes contain an array of membrane-associated, high-order oligomeric protein complexes, display pronounced molecular heterogeneity, and are created by budding at both plasma and endosome membranes. Exosome biogenesis is a mechanism of protein quality control, and once released, exosomes have activities as diverse as remodeling the extracellular matrix and transmitting signals and molecules to other cells. This pathway of intercellular vesicle traffic plays important roles in many aspects of human health and disease, including development, immunity, tissue homeostasis, cancer, and neurodegenerative diseases. In addition, viruses co-opt exosome biogenesis pathways both for assembling infectious particles and for establishing host permissiveness. On the basis of these and other properties, exosomes are being developed as therapeutic agents in multiple disease models.","openalex, ieee",llm,0.990,unreviewed,
