status,title,authors,year,venue,doi,url,tags,abstract,provider,decision_source,llm_confidence,llm_review_outcome,llm_change_direction
discarded,De novo transcriptome assembly and annotation of the third stage larvae of the zoonotic parasite <i>Anisakis pegreffii</i>,"Palomba, Marialetizia; Libro, Pietro; Di Martino, Jessica; Rughetti, Aurelia; Santoro, Mario; Mattiucci, Simonetta; Castrignano, Tiziana",2022,BMC RESEARCH NOTES,10.1186/s13104-022-06099-9,https://www.webofscience.com/wos/woscc/full-record/WOS:000815628500005,off-topic-false-hit,"Objectives Anisakis pegreffii is a zoonotic parasite requiring marine organisms to complete its life-history. Human infection (anisakiasis) occurs when the third stage larvae (L3) are accidentally ingested with raw or undercooked infected fish or squids. A new de novo transcriptome of A. pegreffii was here generated aiming to provide a robust bulk of data to be used for a comprehensive ""ready-to-use"" resource for detecting functional studies on genes and gene products of A. pegreffii involved in the molecular mechanisms of parasite-host interaction. Data description A RNA-seq library of A. pegreffii L3 was here newly generated by using Illumina TruSeq platform. It was combined with other five RNA-seq datasets previously gathered from L3 of the same species stored in SRA of NCBI. The final dataset was analyzed by launching three assembler programs and two validation tools. The use of a robust pipeline produced a high-confidence protein-coding transcriptome of A. pegreffii. These data represent a more robust and complete transcriptome of this species with respect to the actually existing resources. This is of importance for understanding the involved adaptive and immunomodulatory genes implicated in the ""cross talk"" between the parasite and its hosts, including the accidental one (humans).",wos,llm,1.000,unreviewed,
discarded,The haplotype-resolved chromosome pairs of a heterozygous diploid African cassava cultivar reveal novel pan-genome and allele-specific transcriptome features,"Qi, Weihong; Lim, Yi-Wen; Patrignani, Andrea; Schlapfer, Pascal; Bratus-Neuenschwander, Anna; Gruter, Simon; Chanez, Christelle; Rodde, Nathalie; Prat, Elisa; Vautrin, Sonia; Fustier, Margaux-Alison; Pratas, Diogo; Schlapbach, Ralph; Gruissem, Wilhelm",2022,GIGASCIENCE,10.1093/gigascience/giac028,https://www.webofscience.com/wos/woscc/full-record/WOS:000846739000042,off-topic-false-hit,"Background Cassava (Manihot esculenta) is an important clonally propagated food crop in tropical and subtropical regions worldwide. Genetic gain by molecular breeding has been limited, partially because cassava is a highly heterozygous crop with a repetitive and difficult-to-assemble genome.
Findings Here we demonstrate that Pacific Biosciences high-fidelity (HiFi) sequencing reads, in combination with the assembler hifiasm, produced genome assemblies at near complete haplotype resolution with higher continuity and accuracy compared to conventional long sequencing reads. We present 2 chromosome-scale haploid genomes phased with Hi-C technology for the diploid African cassava variety TME204. With consensus accuracy >QV46, contig N50 >18 Mb, BUSCO completeness of 99%, and 35k phased gene loci, it is the most accurate, continuous, complete, and haplotype-resolved cassava genome assembly so far. Ab initio gene prediction with RNA-seq data and Iso-Seq transcripts identified abundant novel gene loci, with enriched functionality related to chromatin organization, meristem development, and cell responses. During tissue development, differentially expressed transcripts of different haplotype origins were enriched for different functionality. In each tissue, 20-30% of transcripts showed allele-specific expression (ASE) differences. ASE bias was often tissue specific and inconsistent across different tissues. Direction-shifting was observed in <2% of the ASE transcripts. Despite high gene synteny, the HiFi genome assembly revealed extensive chromosome rearrangements and abundant intra-genomic and inter-genomic divergent sequences, with large structural variations mostly related to LTR retrotransposons. We use the reference-quality assemblies to build a cassava pan-genome and demonstrate its importance in representing the genetic diversity of cassava for downstream reference-guided omics analysis and breeding.
Conclusions The phased and annotated chromosome pairs allow a systematic view of the heterozygous diploid genome organization in cassava with improved accuracy, completeness, and haplotype resolution. They will be a valuable resource for cassava breeding and research. Our study may also provide insights into developing cost-effective and efficient strategies for resolving complex genomes with high resolution, accuracy, and continuity.",wos,llm,1.000,unreviewed,
discarded,Microbial community analysis using high-throughput sequencing technology: a beginner's guide for microbiologists,"Jo, Jihoon; Oh, Jooseong; Park, Chungoo",2020,JOURNAL OF MICROBIOLOGY,10.1007/s12275-020-9525-5,https://www.webofscience.com/wos/woscc/full-record/WOS:000519389300002,off-topic-false-hit,"Microbial communities present in diverse environments from deep seas to human body niches play significant roles in the complex ecosystem and human health. Characterizing their structural and functional diversities is indispensable, and many approaches, such as microscopic observation, DNA fingerprinting, and PCR-based marker gene analysis, have been successfully applied to identify microorganisms. Since the revolutionary improvement of DNA sequencing technologies, direct and high-throughput analysis of genomic DNA from a whole environmental community without prior cultivation has become the mainstream approach, overcoming the constraints of the classical approaches. Here, we first briefly review the history of environmental DNA analysis applications with a focus on profiling the taxonomic composition and functional potentials of microbial communities. To this end, we aim to introduce the shotgun metagenomic sequencing (SMS) approach, which is used for the untargeted (""shotgun"") sequencing of all (""meta"") microbial genomes (""genomic"") present in a sample. SMS data analyses are performed in silico using various software programs; however, in silico analysis is typically regarded as a burden on wet-lab experimental microbiologists. Therefore, in this review, we present microbiologists who are unfamiliar with in silico analyses with a basic and practical SMS data analysis protocol. This protocol covers all the bioinformatics processes of the SMS analysis in terms of data preprocessing, taxonomic profiling, functional annotation, and visualization.",wos,llm,1.000,unreviewed,
discarded,LVI: Hijacking Transient Execution through Microarchitectural Load Value Injection,"Van Bulck, Jo; Moghimi, Daniel; Schwarz, Michael; Lipp, Moritz; Minkin, Marina; Genkin, Daniel; Yarom, Yuval; Sunar, Berk; Gruss, Daniel; Piessens, Frank",2020,2020 IEEE SYMPOSIUM ON SECURITY AND PRIVACY (SP 2020),10.1109/SP40000.2020.00089,https://www.webofscience.com/wos/woscc/full-record/WOS:000618063500004,adjacent-subtopic,"The recent Spectre attack first showed how to inject incorrect branch targets into a victim domain by poisoning microarchitectural branch prediction history. In this paper, we generalize injection-based methodologies to the memory hierarchy by directly injecting incorrect, attacker-controlled values into a victim's transient execution. We propose Load Value Injection (LVI) as an innovative technique to reversely exploit Meltdown-type microarchitectural data leakage. LVI abuses that faulting or assisted loads, executed by a legitimate victim program, may transiently use dummy values or poisoned data from various microarchitectural buffers, before eventually being re-issued by the processor. We show how LVI gadgets allow to expose victim secrets and hijack transient control flow. We practically demonstrate LVI in several proof-of-concept attacks against Intel SGX enclaves, and we discuss implications for traditional user process and kernel isolation.
State-of-the-art Meltdown and Spectre defenses, including widespread silicon-level and microcode mitigations, are orthogonal to our novel LVI techniques. LVI drastically widens the spectrum of incorrect transient paths. Fully mitigating our attacks requires serializing the processor pipeline with lfence instructions after possibly every memory load. Additionally and even worse, due to implicit loads, certain instructions have to be blacklisted, including the ubiquitous x86 ret instruction. Intel plans compiler and assembler-based full mitigations that will allow at least SGX enclave programs to remain secure on LVI-vulnerable systems. Depending on the application and optimization strategy, we observe extensive overheads of factor 2 to 19 for prototype implementations of the full mitigation.",wos,llm,0.900,unreviewed,
discarded,Platanus-allee is a de novo haplotype assembler enabling a comprehensive access to divergent heterozygous regions,"Kajitani, Rei; Yoshimura, Dai; Okuno, Miki; Minakuchi, Yohei; Kagoshima, Hiroshi; Fujiyama, Asao; Kubokawa, Kaoru; Kohara, Yuji; Toyoda, Atsushi; Itoh, Takehiko",2019,NATURE COMMUNICATIONS,10.1038/s41467-019-09575-2,https://www.webofscience.com/wos/woscc/full-record/WOS:000464338100013,off-topic-false-hit,"The ultimate goal for diploid genome determination is to completely decode homologous chromosomes independently, and several phasing programs from consensus sequences have been developed. These methods work well for lowly heterozygous genomes, but the manifold species have high heterozygosity. Additionally, there are highly divergent regions (HDRs), where the haplotype sequences differ considerably. Because HDRs are likely to direct various interesting biological phenomena, many genomic analysis targets fall within these regions. However, they cannot be accessed by existing phasing methods, and we have to adopt costly traditional methods. Here, we develop a de novo haplotype assembler, Platanus-allee (http://platanus.bio.titech.ac.jp/platanus2), which initially constructs each haplotype sequence and then untangles the assembly graphs utilizing sequence links and synteny information. A comprehensive benchmark analysis reveals that Platanus-allee exhibits high recall and precision, particularly for HDRs. Using this approach, previously unknown HDRs are detected in the human genome, which may uncover novel aspects of genome variability.",wos,llm,1.000,unreviewed,
discarded,Norgal: extraction and de novo assembly of mitochondrial DNA from whole-genome sequencing data,"Al-Nakeeb, Kosai; Petersen, Thomas Nordahl; Sicheritz-Ponten, Thomas",2017,BMC BIOINFORMATICS,10.1186/s12859-017-1927-y,https://www.webofscience.com/wos/woscc/full-record/WOS:000416050300001,off-topic-false-hit,"Background: Whole-genome sequencing (WGS) projects provide short read nucleotide sequences from nuclear and possibly organelle DNA depending on the source of origin. Mitochondrial DNA is present in animals and fungi, while plants contain DNA from both mitochondria and chloroplasts. Current techniques for separating organelle reads from nuclear reads in WGS data require full reference or partial seed sequences for assembling.
Results: Norgal (de Novo ORGAneLle extractor) avoids this requirement by identifying a high frequency subset of k-mers that are predominantly of mitochondrial origin and performing a de novo assembly on a subset of reads that contains these k-mers. The method was applied to WGS data from a panda, brown algae seaweed, butterfly and filamentous fungus. We were able to extract full circular mitochondrial genomes and obtained sequence identities to the reference sequences in the range from 98.5 to 99.5%. We also assembled the chloroplasts of grape vines and cucumbers using Norgal together with seed-based de novo assemblers.
Conclusion: Norgal is a pipeline that can extract and assemble full or partial mitochondrial and chloroplast genomes from WGS short reads without prior knowledge. The program is available at: https://bitbucket.org/kosaidtu/norgal.",wos,llm,1.000,unreviewed,
discarded,Embedding a Sense of History in the Computing Curriculum: Historic Influences on a Custom CPU Instruction Set,"Wolfer, James",2017,2017 IEEE WORLD ENGINEERING EDUCATION CONFERENCE (EDUNINE),,https://www.webofscience.com/wos/woscc/full-record/WOS:000405905100008,adjacent-subtopic,"History can serve as a connecting thread bonding students to their professional community and intellectual heritage. Many STEM disciplines, such as physics and biology, consistently integrate historic figures into the curriculum. Computer Science, on the other hand, often omits history from the instructional landscape. As a step to mitigate the situation, this work explores some of the historic design influences behind a custom, robot enabled, CPU and corresponding instruction set. The CPU design has been the basis for student-implemented emulators to control robots in a Computer Organization course. By featuring a sampling of the men, women, machines, and instruction sets from history we provide a design context for the custom CPU. Knowing this history may help students develop a sense of why things work the way they do in modern computers, as well as instilling a sense of the enormous contribution pioneering men and women have made to their discipline.",wos,llm,0.900,unreviewed,
discarded,A novice's guide to analyzing NGS-derived organelle and metagenome data,"Song, Hae Jung; Lee, JunMo; Graf, Louis; Rho, Mina; Qiu, Huan; Bhattacharya, Debashish; Yoon, Hwan Su",2016,ALGAE,10.4490/algae.2016.31.6.5,https://www.webofscience.com/wos/woscc/full-record/WOS:000383246500006,off-topic-false-hit,"Next generation sequencing (NGS) technologies have revolutionized many areas of biological research due to the sharp reduction in costs that has led to the generation of massive amounts of sequence information. Analysis of large genome data sets is however still a challenging task because it often requires significant computer resources and knowledge of bioinformatics. Here, we provide a guide for an uninitiated who wish to analyze high-throughput NGS data. We focus specifically on the analysis of organelle genome and metagenome data and describe the current bioinformatic pipelines suited for this purpose.",wos,llm,0.990,unreviewed,
discarded,Using computer history as innovation for computer organization subjects,"Molero, Xavier; Pont, Ana; Robles, Antonio; Martinez, Milagros",2015,2015 INTERNATIONAL CONFERENCE ON INFORMATION TECHNOLOGY BASED HIGHER EDUCATION AND TRAINING (ITHET),,https://www.webofscience.com/wos/woscc/full-record/WOS:000380450800011,adjacent-subtopic,"One of the main difficulties when teaching basic subjects related with computer fundamentals and organization to computer engineering undergraduate students is to provide an applied vision close to the current real word in order to motivate and encourage them to study this subject. Learning about the basic principles about how computers work interaction between main hardware components and fundamental assembly language programming has currently become of minor interest for our students because of the use of many simplifications and abstractions that are far from the technological reality of today.
In this paper, we show how a group of teachers of the Universitat Politecnica de Valencia (UPV) have included computer history as an additional activity of the Computer Organization subject. Our main objective has been to increase the student motivation and also to spread the history of computers among young people. To this end an active visit to the Museum of Informatics of the UPV is organized as a part of the contents of the subject. This activity is designed to establish and emphasize relationships between the museum collection and the topics used as representative examples for teaching.
The main concern in the organization of this activity is the large number of students involved (more than 400). This paper describes how the experience has been carried out in the present and the previous academic year; the way we have made an evaluation to improve it according the students opinion and the results achieved; lessons learned and new challenges for the future.",wos,llm,0.910,unreviewed,
discarded,Sequence Comparative Analysis Using Networks: Software for Evaluating De Novo Transcript Assembly from Next-Generation Sequencing,"Misner, Ian; Bicep, Cedric; Lopez, Philippe; Halary, Sebastien; Bapteste, Eric; Lane, Christopher E.",2013,MOLECULAR BIOLOGY AND EVOLUTION,10.1093/molbev/mst087,https://www.webofscience.com/wos/woscc/full-record/WOS:000321820400021,off-topic-false-hit,"DNA sequencing technology is becoming more accessible to a variety of researchers as costs continue to decline. As researchers begin to sequence novel transcriptomes, most of these data sets lack a reference genome and will have to rely on de novo assemblers. Making comparisons across assemblies can be difficult: each program has its strengths and weaknesses, and no tool exists to comparatively evaluate these data sets. We developed software in R, called Sequence Comparative Analysis using Networks (SCAN), to perform statistical comparisons between distinct assemblies. SCAN uses a reference data set to identify the most accurate de novo assembly and the ""good"" transcripts in the user's data. We tested SCAN on three publicly available transcriptomes, each assembled using three assembly programs. Moreover, we sequenced the transcriptome of the oomycete Achlya hypogyna and compared de novo assemblies from Velvet, ABySS, and the CLC Genomics Workbench assembly algorithms. One thousand one hundred twenty-eight of the CLC transcripts were statistically similar to the reference, compared with 49 of the Velvet transcripts and 937 of the ABySS transcripts. SCAN's strength is providing statistical support for transcript assemblies in a biological context. However, SCAN is designed to compare distinct node sets in networks, therefore it can also easily be extended to perform statistical comparisons on any network graph regardless of what the nodes represent.",wos,llm,0.990,unreviewed,
discarded,Compiler Techniques to Improve Dynamic Branch Prediction for Indirect Jump and Call Instructions,"Mccandless, Jason; Gregg, David",2012,ACM TRANSACTIONS ON ARCHITECTURE AND CODE OPTIMIZATION,10.1145/2086696.2086703,https://www.webofscience.com/wos/woscc/full-record/WOS:000299995000007,adjacent-subtopic,"Indirect jump instructions are used to implement multiway branch statements and virtual function calls in object-oriented languages. Branch behavior can have significant impact on program performance, but fortunately hardware predictors can alleviate much of the risk. Modern processors include indirect branch predictors which use part of the target address to update a global history. We present a code generation technique to maximize the branch history information available to the predictor. We implement our optimization as an assembly language transformation, and evaluate it for SPEC benchmarks and interpreters using simulated and real hardware, showing indirect branch misprediction decreases.",wos,llm,0.890,unreviewed,
discarded,"Design, Implementation and Realization of On-board Base Band Processor & Switching System for Advanced communication Payload","Mehta, Sanjay; Khot, Gopichand; Bhatt, Varsha; Ram, T. V. S.",2009,2009 INTERNATIONAL CONFERENCE ON EMERGING TRENDS IN ELECTRONIC AND PHOTONIC DEVICES AND SYSTEMS (ELECTRO-2009),,https://www.webofscience.com/wos/woscc/full-record/WOS:000290184600065,adjacent-subtopic,"The Base Band Processor and Switching System is one of the important Subsystem of GSAT-4 satellite. This paper discusses unique approach to handle multiple interrupts on system having constraint on limited external interrupts of micro-controller. The system also has to be optimized with limited resources available on board in terms of memory, power consumption and speed. This is an embedded system with program development in assembly language with careful selection of hardware and software partition of system. GSAT-4 Ka band payload with Regenerative transponder is a unique mission in the history of Indian Space Program. This Regenerative payload will lead ISRO into a new era of Advanced Communication Satellite Systems.",wos,llm,0.940,unreviewed,
