status,title,authors,year,venue,doi,url,tags,abstract,provider,decision_source,llm_confidence,llm_review_outcome,llm_change_direction
kept,Correctness by construction,Roderick Chapman,2007,ACM SIGAda Ada Letters,10.1145/1315607.1315605,https://openalex.org/W3161213506,adjacent-subtopic,"This presentation will look at the many problems of designing and building high-integrity software and the processes, languages and tools that are currently used. The need to ""engineer"" our software implies that discipline and reasoning are required, yet most processes and languages seem to obstruct rather than assist such attempts. To help understand why, we consider the history of programming language design, and how this has shaped the way we think about software and constrained our ability to engineer it. In this generally gloomy picture some good news can be found: the emergence of design-by-contract facilities in languages such as Eiffel and SPARK has made a strong impact in some niche areas. In those areas, we have made a rather unusual observation: customers (some having ""flirted"" with this week's fashionable approach) are ""coming back to Ada"", recognizing the language's strengths, particularly for high-integrity applications. The presentation will close by considering why Praxis still uses (and chooses) Ada, and the role that Ada has to play in the future of high-integrity software.","openalex, dblp, ieee",human,0.870,unreviewed,
discarded,An interactive environment for beginning Java programmers,Kenneth J. Goldman,2004,Science of Computer Programming,10.1016/j.scico.2004.02.002,https://openalex.org/W2148104156,adjacent-subtopic,,"openalex, dblp, ieee",llm,0.950,unreviewed,
kept,"""What It Wants Me To Say"": Bridging the Abstraction Gap Between End-User Programmers and Code-Generating Large Language Models",Michael Xieyang Liu; Advait Sarkar; Carina Negreanu; Benjamin G. Zorn; Jack M. Williams; Neil Toronto; Andrew D. Gordon,2023,,10.1145/3544548.3580817,https://openalex.org/W4365601419,adjacent-subtopic,"Code-generating large language models map natural language to code. However, only a small portion of the infinite space of naturalistic utterances is effective at guiding code generation. For non-expert end-user programmers, learning this is the challenge of abstraction matching. We examine this challenge in the specific context of data analysis in spreadsheets, in a system that maps the user’s natural language query to Python code using the Codex generator, executes the code, and shows the result. We propose grounded abstraction matching, which bridges the abstraction gap by translating the code back into a systematic and predictable naturalistic utterance. In a between-subjects, think-aloud study (n=24), we compare grounded abstraction matching to an ungrounded alternative based on previously established query framing principles. We find that the grounded approach improves end-users’ understanding of the scope and capabilities of the code-generating model, and the kind of language needed to use it effectively.","openalex, dblp, ieee",human,0.810,unreviewed,
kept,Evolusi Bahasa Pemrograman (Evolution Of Programming Language),Muhammad Taufiq Pratama,2014,COMPUTECH & BUSINESS JOURNAL,10.55281/jcb.v8i1.112,https://openalex.org/W2139973717,supports-claim,"Programming language, such a technology, always change from time to time. Evolution of programming language can’t be released from its history. There have been always revision of a programming language, or any new programming language each decade, to fulfill human’s need which is getting complex. Thus, the quantity of revisions or new languages occured can’t be counted as easily anymore, hence reconstructing its history wouldn’t be an easy thing to do as well. Resoluting this case, the Conference on the History of Programming Languages (HOPL) were held twice in USA in 1978 and 1993. On the first conference, the conference committee decides thirteen languages which fulfill criteria such as: having been in use for at least 10 years, had significant influence, and were still in use. On the second conference, the chosen programming languages were presented by the author of each chosen programming language to be documented in detail, which the result becomes an internationally approved history base of programming language. Yet of course the documented programming languages range are only those which occurred ten years before the second conference were held, hence the programming languages which occurred after then weren’t documented by HOPL. Keywords: hopl; selection; conference","openalex, dblp, ieee",llm,0.890,unreviewed,
discarded,Principles of lazy and incremental program generation,Jan Heering; Paul Klint; J. Rekers,1987,"Centrum Wiskunde & Informatica (CWI), the national research institute for mathematics and computer science in the Netherlands",,https://openalex.org/W2594269535,adjacent-subtopic,The Centre for Mathematics and Computer Science is a research,"openalex, dblp, ieee",llm,0.830,unreviewed,
kept,"Logic and the development of programming languages, 1930-1975",P. M. Priestley,2008,"Doctoral thesis, UCL (University College London).",,https://openalex.org/W2763176634,supports-claim; qualifies-claim; hopl-historiografi,"Compared with the history' of computing hardware, the history of software is in a relatively unde veloped state. In particular, the history of programming languages still consists for the most part of technical accounts presenting a rather Whiggish perspective on developments. Given the importance of software in the contemporary world, however, it is important to develop a more sophisticated un derstanding of the medium in which it is expressed. This thesis considers some aspects of this history with the aim of examining the influence of formal logic on the evolution of notations for expressing computer programs. It is argued that this was not a natural or inev itable application of theory to practice, as is sometimes suggested, but a complex and contingent process with a rich history of its own. Two introductory chapters discuss the work on computability carried out by logicians in the mid-1930s. and the controversial topic of the role of logic in the invention of the computer. The body of the thesis proceeds chronologically, considering machine codes, the introduction of higher level notations, structured progTamrning and software engineering, and the early object-oriented languages. The picture that emerges is that formal logic was deliberately employed by programming lan guage designers to provide a model for a theoretical understanding of programming languages and the process of program development. This led to a flourishing research programme in the 1960s and 1970s, many of whose results are of lasting significance and value. The thesis concludes by exam ining the early history of object-oriented languages, arguing that this episode shows the emergence of limits to the applicability of the logical research programme.","openalex, dblp, ieee",human,0.960,unreviewed,
kept,Draining the Swamp: Micro Virtual Machines as Solid Foundation for Language Development,Kunshan Wang; Yi Lin; Stephen M. Blackburn; Michael Norrish; Antony L. Hosking,2015,DROPS (Schloss Dagstuhl -- Leibniz Center for Informatics),10.4230/lipics.snapl.2015.321,https://openalex.org/W2163331932,adjacent-subtopic,"Many of today's programming languages are broken. Poor performance, lack of features and hard-to-reason-about semantics can cost dearly in software maintenance and inefficient execution. The problem is only getting worse with programming languages proliferating and hardware becoming more complicated. An important reason for this brokenness is that much of language design is implementation-driven. The difficulties in implementation and insufficient understanding of concepts bake bad designs into the language itself. Concurrency, architectural details and garbage collection are three fundamental concerns that contribute much to the complexities of implementing managed languages. We propose the micro virtual machine, a thin abstraction designed specifically to relieve implementers of managed languages of the most fundamental implementation challenges that currently impede good design. The micro virtual machine targets abstractions over memory (garbage collection), architecture (compiler backend), and concurrency. We motivate the micro virtual machine and give an account of the design and initial experience of a concrete instance, which we call Mu, built over a two year period. Our goal is to remove an important barrier to performant and semantically sound managed language design and implementation.","openalex, dblp, ieee",human,0.860,unreviewed,
kept,How functional programming mattered,Zhenjiang Hu; John Hughes; Meng Wang,2015,National Science Review,10.1093/nsr/nwv042,https://openalex.org/W2103628211,supports-claim,"Abstract In 1989 when functional programming was still considered a niche topic, Hughes wrote a visionary paper arguing convincingly ‘why functional programming matters’. More than two decades have passed. Has functional programming really mattered? Our answer is a resounding ‘Yes!’. Functional programming is now at the forefront of a new generation of programming technologies, and enjoying increasing popularity and influence. In this paper, we review the impact of functional programming, focusing on how it has changed the way we may construct programs, the way we may verify programs, and fundamentally the way we may think about programs.","openalex, dblp, ieee",llm,0.900,unreviewed,
discarded,Teaching history of programming languages to undergraduate students,M.A. Perez-Quinones,1998,FIE '98. 28th Annual Frontiers in Education Conference. Moving from 'Teacher-Centered' to 'Learner-Centered' Education. Conference Proceedings (Cat. No.98CH36214),10.1109/FIE.1998.736853,https://ieeexplore.ieee.org/document/736853/,adjacent-subtopic,"More emphasis should be placed on the history of computing in university curricula. The area of programming languages is no exception and has lots of history to study. This paper discusses the approach followed to study the history of programming languages in the Computer Engineering Program at the University of Puerto Rico-Mayaguez. The proceedings for History of Programming Languages (HOPL) Conferences are used as reference for a term paper. This paper describes the parts of the term paper, some of the comments given by students, future changes to the methodology and some observations in general about teaching history of programming languages.","openalex, dblp, ieee",llm,0.920,unreviewed,
discarded,A Nano-Pattern Language for Java,"Gil, Yossi; Marcovitch, Ori; Orru, Matteo",2019,JOURNAL OF COMPUTER LANGUAGES,10.1016/j.cola.2019.100905,https://www.webofscience.com/wos/woscc/full-record/WOS:000497818100005,adjacent-subtopic,"Patterns, micro-patterns, and nano-patterns have many applications: program comprehension, code transformations, documentation aids, improving code robustness, etc. This work revisits the notion of nano-patterns-originally an obiter dictum of the work on micro-patterns. Nano-patterns here are taken as more general than their previous definition in the literature: predicates on short code snippets that represent some common and elementary programming missions such as ""for each m is an element of M do ..."", or, ""use x (but if x is null, y is a substitute)"", which represent small and recurring programming idioms.
With this generalization, we offer a taxonomized languageof nanos nano-patterns for Java. We also describe the process of pattern harvesting we used and the underlying rationale, including our proposed prevalence threshold criterion, which, by capitalizing on Hirsch's famous h-index, makes a robust yard-stick of the pattern's significance.
An empirical survey of 78 Open Source Java projects indicates that the nano-patterns of our proposed language described here have a substantial prevalence in the code. About a third of the commands (executable statements) and half of the methods are instances of nano-patterns in the proposed language. Also, the language's prevalence is typically higher than that of languages harvested in a project specific, automated machine learning process.
Nano-patterns are implementation/language level details for most high level software engineering purposes. One contribution made by the present paper is in identifying the clutter made by the snippets, appreciating its presence, and imposing order on it. The language, the nano-patterns in it, and the contributed automatic tool for tracing nano-patterns in code may help to deal systematically with this low level, yet significant, portion of code.",wos,llm,0.840,unreviewed,
kept,FROM BABBAGE TO BABEL AND BEYOND - A BRIEF-HISTORY OF PROGRAMMING-LANGUAGES,"FRIEDMAN, LW",1992,COMPUTER LANGUAGES,,https://www.webofscience.com/wos/woscc/full-record/WOS:A1992GL92400001,supports-claim,"The history of computer programming languages is reviewed, with emphasis on the influences of early languages on later efforts. Four generations of software are presented, beginning with machine code, and continuing through fourth generation languages, paradigms, and environments.",wos,llm,0.950,unreviewed,
kept,"SOME APPROACHES TO, AND ILLUSTRATIONS OF, PROGRAMMING LANGUAGE HISTORY","SAMMET, JE",1991,ANNALS OF THE HISTORY OF COMPUTING,,https://www.webofscience.com/wos/woscc/full-record/WOS:A1991FB45000002,supports-claim,"This paper describes some factors in, approaches to, and specific elements of, programming language history.  It first lists a number of general factors and approaches which can be used to discuss the history of programming languages.  After presenting a life cycle for programming language development, it provides numerous illustrations of programming language history and chronology from many of the viewpoints indicated earlier.  There is a brief discussion of relevant literature and a section indicating some of the reasons for the vast proliferation of programming languages.  Various charts and lists are included.  This paper should be viewed as one approach to considering the history of programming languages, rather than as a history of programming languages per se.",wos,llm,0.980,unreviewed,
discarded,Programming Language Design and Implementation,Mogensen T.Æ.,2026,Texts in Computer Science,10.1007/978-3-031-93299-1,https://www.scopus.com/inward/record.uri?partnerID=HzOxMe3b&scp=105036955950&origin=inward,adjacent-subtopic,,scopus,llm,0.860,unreviewed,
kept,Design of Software Representation Languages: A Historical Perspective,Wasserman A.I.,2024,Sle 2024 Proceedings of the 17th ACM SIGPLAN International Conference on Software Language Engineering Co Located with Splash 2024,10.1145/3687997.3695649,https://www.scopus.com/inward/record.uri?partnerID=HzOxMe3b&scp=85210893114&origin=inward,supports-claim,,scopus,llm,0.790,unreviewed,
discarded,"Maszyny Matematyczne, women, and computing: The birth of computers in the Polish communist era",Petrocelli C.,2023,History of Science,10.1177/00732753221121502,https://www.scopus.com/inward/record.uri?partnerID=HzOxMe3b&scp=85138390244&origin=inward,adjacent-subtopic,,scopus,llm,0.880,unreviewed,
discarded,From Models_For_Programming to Modelling_To_Program and Towards Models_As_A_Program,Thalheim B.,2021,Communications in Computer and Information Science,10.1007/978-3-030-72696-6_1,https://www.scopus.com/inward/record.uri?partnerID=HzOxMe3b&scp=85107444450&origin=inward,adjacent-subtopic,,scopus,llm,0.930,unreviewed,
discarded,A Brief History of Computing: Third Edition,O'Regan G.,2021,A Brief History of Computing Third Edition,10.1007/978-3-030-66599-9,https://www.scopus.com/inward/record.uri?partnerID=HzOxMe3b&scp=105008160736&origin=inward,adjacent-subtopic,,scopus,llm,0.840,unreviewed,
kept,JavaScript: The first 20 years,Wirfs-Brock A.,2020,Proceedings of the ACM on Programming Languages,10.1145/3386327,https://www.scopus.com/inward/record.uri?partnerID=HzOxMe3b&scp=85091289634&origin=inward,supports-claim; sprakursprung,,scopus,human,1.000,unreviewed,
discarded,Evolution of Emacs Lisp,Monnier S.,2020,Proceedings of the ACM on Programming Languages,10.1145/3386324,https://www.scopus.com/inward/record.uri?partnerID=HzOxMe3b&scp=85091278974&origin=inward,adjacent-subtopic,,scopus,llm,0.840,unreviewed,
kept,Understanding the development of modern programming languages in an evolutionary framework,Crafa S.,2016,Mondo Digitale,,https://www.scopus.com/inward/record.uri?partnerID=HzOxMe3b&scp=84979461901&origin=inward,supports-claim,,scopus,llm,0.860,unreviewed,
discarded,Computer science and translation: Natural languages and machine translation,Giammarresi S.,2016,Benjamins Translation Library,10.1075/btl.126.10gia,https://www.scopus.com/inward/record.uri?partnerID=HzOxMe3b&scp=85053785926&origin=inward,off-topic-false-hit,,scopus,llm,0.960,unreviewed,
kept,Staking claims: A history of programming language design claims and evidence: A positional work in progress,Markstrum S.,2010,Evaluation and Usability of Programming Languages and Tools Plateau 10,10.1145/1937117.1937124,https://www.scopus.com/inward/record.uri?partnerID=HzOxMe3b&scp=79952377541&origin=inward,qualifies-claim,,scopus,llm,0.910,unreviewed,
discarded,"Evaluation and Usability of Programming Languages and Tools, PLATEAU'10",,2010,Evaluation and Usability of Programming Languages and Tools Plateau 10,,https://www.scopus.com/inward/record.uri?partnerID=HzOxMe3b&scp=79952435009&origin=inward,adjacent-subtopic,,scopus,llm,0.980,unreviewed,
kept,A pattern of language evolution,Gabriel R.P.,2008,ACM International Conference Proceeding Series,10.1145/1529966.1529967,https://www.scopus.com/inward/record.uri?partnerID=HzOxMe3b&scp=77955153234&origin=inward,supports-claim; qualifies-claim,,scopus,llm,0.880,unreviewed,
discarded,50 in 50,Steele G.L.,2007,Proceedings of the Conference on Object Oriented Programming Systems Languages and Applications OOPSLA,10.1145/1297846.1297850,https://www.scopus.com/inward/record.uri?partnerID=HzOxMe3b&scp=42149139038&origin=inward,adjacent-subtopic,,scopus,llm,0.760,unreviewed,
kept,"Proceedings - Third ACM SIGPLAN History of Programming Languages Conference, HOPL-III",,2007,Proceedings Third ACM SIGPLAN History of Programming Languages Conference Hopl III,,https://www.scopus.com/inward/record.uri?partnerID=HzOxMe3b&scp=36348929975&origin=inward,supports-claim,,scopus,llm,0.950,unreviewed,
discarded,Active oberon for .NET: An exercise in object model mapping,Gutknecht J.,2001,Electronic Notes in Theoretical Computer Science,10.1016/S1571-0661(05)80457-8,https://www.scopus.com/inward/record.uri?partnerID=HzOxMe3b&scp=18944390007&origin=inward,adjacent-subtopic,,scopus,llm,0.870,unreviewed,
kept,"2nd ACM SIGPLAN Conference on History of Programming Languages, HOPL 1993",,1993,2nd ACM SIGPLAN Conference on History of Programming Languages Hopl 1993,,https://www.scopus.com/inward/record.uri?partnerID=HzOxMe3b&scp=85033236612&origin=inward,supports-claim,,scopus,llm,0.950,unreviewed,
kept,From Babbage to Babel and beyond: A brief history of programming languages,Friedman L.,1992,Computer Languages,10.1016/0096-0551(92)90019-J,https://www.scopus.com/inward/record.uri?partnerID=HzOxMe3b&scp=0026587671&origin=inward,supports-claim,,scopus,llm,0.950,unreviewed,
kept,"Some Approaches to, and Illustrations of, Programming Language History",Sammet J.E.,1991,Annals of the History of Computing,10.1109/MAHC.1991.10001,https://www.scopus.com/inward/record.uri?partnerID=HzOxMe3b&scp=79953746256&origin=inward,supports-claim,,scopus,llm,0.980,unreviewed,
kept,Programming semantics for multiprogrammed computations,Jack B. Dennis; Earl C. Van Horn,1966,Communications of the ACM,10.1145/365230.365252,https://openalex.org/W4249212548,adjacent-subtopic,"The semantics are defined for a number of meta-instructions which perform operations essential to the writing of programs in multiprogrammed computer systems. These meta-instructions relate to parallel processing, protecting of separate computations, program debugging, and the sharing among users of memory segments and other computing objects, the names of which are hierarchically structured. The language sophistication contemplated is midway between an assembly language and an advanced algebraic language.","openalex, dblp, ieee",human,0.820,unreviewed,
discarded,Phylogenetically-Informed Priorities for Amphibian Conservation,Nick J. B. Isaac; David W. Redding; Helen Meredith; Kamran Safi,2012,PLoS ONE,10.1371/journal.pone.0043912,https://openalex.org/W2168069631,off-topic-false-hit,"The amphibian decline and extinction crisis demands urgent action to prevent further large numbers of species extinctions. Lists of priority species for conservation, based on a combination of species' threat status and unique contribution to phylogenetic diversity, are one tool for the direction and catalyzation of conservation action. We describe the construction of a near-complete species-level phylogeny of 5713 amphibian species, which we use to create a list of evolutionarily distinct and globally endangered species (EDGE list) for the entire class Amphibia. We present sensitivity analyses to test the robustness of our priority list to uncertainty in species' phylogenetic position and threat status. We find that both sources of uncertainty have only minor impacts on our 'top 100' list of priority species, indicating the robustness of the approach. By contrast, our analyses suggest that a large number of Data Deficient species are likely to be high priorities for conservation action from the perspective of their contribution to the evolutionary history.","openalex, dblp, ieee",llm,1.000,unreviewed,
