status,title,authors,year,venue,doi,url,tags,abstract,provider,decision_source,llm_confidence,llm_review_outcome,llm_change_direction
kept,The Airy tape: an early chapter in the history of debugging,M. Campbell-Kelly,1992,IEEE Annals of the History of Computing,10.1109/85.194051,https://ieeexplore.ieee.org/document/194051/,supports-claim,"The discovery of a paper-tape relic consisting of an undebugged program written for the EDSAC computer in 1949 is described. It is believed that this program is the first real, nontrivial application ever written for a stored-program computer. An examination of the program sheds new light on the extent to which the debugging problem was unanticipated by early computer programmers, and the motivation for the development at Cambridge of systematic programming practices and debugging aids. The impact of these early developments on programming elsewhere is discussed.<>","openalex, ieee",llm,0.990,unreviewed,
discarded,Adaptive Distributionally Robust Planning for Renewable-Powered Fast Charging Stations Under Decision-Dependent EV Diffusion Uncertainty,Yujia Li; Feng Qiu; Yixuan Chen; Yunhe Hou,2024,IEEE Transactions on Smart Grid,10.1109/TSG.2024.3410910,https://ieeexplore.ieee.org/document/10551435/,adjacent-subtopic,"When deploying fast charging stations (FCSs) to support long-distance trips of electric vehicles (EVs), there exist indirect network effects: while the gradual diffusion of EVs directly influences the timing and capacities of FCS allocation, the decisions for FCS allocations, in turn, impact the drivers’ willingness to adopt EVs. This interplay, if neglected, can result in uncovered EVs and security issues and even hinder the effective diffusion of EVs. In this paper, we explicitly incorporate this interdependence by quantifying EV adoption rates as decision-dependent uncertainties (DDUs) using decision-dependent ambiguity sets (DDASs). Then, a two-stage decision-dependent distributionally robust FCS planning (D3R-FCSP) model is developed for adaptively deploying FCSs with on-site sources and expanding the coupled distribution network. A multi-period capacitated arc cover-path cover (MCACPC) model is incorporated to capture the EVs’ recharging patterns to ensure the feasibility of FCS locations and capacities. To resolve the nonlinearity and nonconvexity, the D3R-FCSP model is equivalently reformulated into a single-level mixed-integer linear programming by exploiting its strong duality and applying the McCormick envelope. Finally, case studies highlight the superior out-of-sample performances of our model in terms of security and cost-efficiency. Furthermore, the byproduct of accelerated EV adoption through an implicit positive feedback loop is highlighted.","openalex, ieee",llm,0.980,unreviewed,
discarded,Efficient Computation for Sparse Load Shifting in Demand Side Management,Chaojie Li; Xinghuo Yu; Wenwu Yu; Guo Chen; Jianhui Wang,2017,IEEE Transactions on Smart Grid,10.1109/TSG.2016.2521377,https://ieeexplore.ieee.org/document/7406760/,adjacent-subtopic,"This paper introduces a distributed algorithm for sparse load shifting in demand-side management with a focus on the scheduling problem of residential smart appliances. By the sparse load shifting strategy, customers' discomfort is reduced. Although there are many game theoretic models for the demand-side management problem, the computational efficiency of finding Nash equilibrium that globally minimizes the total energy consumption cost and the peak-to-average ratio is still an outstanding issue. We develop a bidirectional framework for solving the demand-side management problem in a distributed way to substantially improve the search efficiency. A Newton method is employed to accelerate the centralized coordination of demand side management strategies that superlinearly converge to a better Nash equilibrium minimizing the peak-to-average ratio. Furthermore, dual fast gradient and convex relaxation are applied to tackle the sub-problem for customers' best response, which is able to relieve customers' discomfort from load shifting or interrupting. Detailed results from illustrative case studies are presented and discussed, which shows the costs of energy consumption and daily peak demand by our algorithm are reduced. Finally, some conclusions are drawn.","openalex, ieee",llm,0.980,unreviewed,
discarded,Coordinated Real-Time Voltage Control in Active Distribution Networks: An Incentive-Based Fairness Approach,Xianzhuo Sun; Jing Qiu; Yuechuan Tao; Yuan Ma; Junhua Zhao,2022,IEEE Transactions on Smart Grid,10.1109/TSG.2022.3162909,https://ieeexplore.ieee.org/document/9744024/,adjacent-subtopic,"This paper proposes a three-stage incentive-based fair voltage control strategy to mitigate fast voltage violations in distribution networks while ensuring the benefits of both distribution system operators (DSO) and photovoltaics (PV) customers. In the first stage, optimal power flow (OPF) is formulated as a mixed-integer second-order cone programming (MISOCP) and performed in the central controller (CC) to obtain day-ahead dispatch of on-load tap changers (OLTC) and capacitor banks (CBs) based on forecasting data of PV and load. In the second stage, two voltage control modes namely optimal voltage control mode (OVM) and fair voltage control mode (FVM) are first formulated. The incentive-based mode selection method is then developed to make a decision by comparing the total benefits in each mode. In the third stage, a multi-dimensional adaptive local voltage control strategy is proposed to sequentially regulate reactive power output and active power curtailment of PVs in real time. The control curve is designed with an adaptive voltage dead band to activate voltage regulation in time. The multi-dimensional characteristics also help track the optimal operating points with varying PV and load to further reduce network power losses. Moreover, the fairness is guaranteed by providing economic compensation for each PV from the DSO, which is estimated in the second stage and corrected in the third stage. The proposed approach is tested on the IEEE 33-bus distribution system and simulation results verify the effectiveness both in addressing voltage problems and ensuring the fairness of PVs in economic benefits.","openalex, ieee",llm,0.980,unreviewed,
kept,THE EDSAC - ORIGINS AND DESIGN DECISIONS,"WILKES, MV",1994,"INFORMATION PROCESSING '94, VOL II",,https://www.webofscience.com/wos/woscc/full-record/WOS:A1994BB29R00042,supports-claim,"When work on the the design of the EDSAC began in late 1946, no stored program computers were running and there was no experience to draw on. Nevertheless, design decisions had to be taken. The paper recounts what the principal design decisions were and describes the background against which they were taken.",wos,llm,1.000,unreviewed,
discarded,From Computors to Computers: The Early History of Econometric Computation at the University of Cambridge,Cheng C.T.,2023,Oeconomia,10.4000/oeconomia.14950,https://www.scopus.com/inward/record.uri?partnerID=HzOxMe3b&scp=85179494703&origin=inward,adjacent-subtopic,,scopus,llm,0.860,unreviewed,
kept,"From theory to practice: The invention of programming, 1947-51",Campbell-Kelly M.,2011,Lecture Notes in Computer Science Including Subseries Lecture Notes in Artificial Intelligence and Lecture Notes in Bioinformatics,10.1007/978-3-642-24541-1_4,https://www.scopus.com/inward/record.uri?partnerID=HzOxMe3b&scp=84856458136&origin=inward,supports-claim; assemblerhistoria,,scopus,human,0.970,unreviewed,
