status,title,authors,year,venue,doi,url,tags,abstract,provider,decision_source,llm_confidence,llm_review_outcome,llm_change_direction
discarded,Chasing Stars: The Myth of Talent and the Portability of Performance,Boris Groysberg,2010,Chasing Stars: The Myth of Talent and the Portability of Performance,,https://ieeexplore.ieee.org/document/9452395/,off-topic-false-hit,"Why corporate stars often lose their luster after changing jobsIt is taken for granted in the knowledge economy that companies must employ the most talented performers to compete and succeed. Many firms try to buy stars by luring them away from competitors. But Boris Groysberg shows what an uncertain and disastrous practice this can be.After examining the careers of more than a thousand star analysts at Wall Street investment banks, and conducting more than two hundred frank interviews, Groysberg comes to a striking conclusion: star analysts who change firms suffer an immediate and lasting decline in performance. Their earlier excellence appears to have depended heavily on their former firms' general and proprietary resources, organizational cultures, networks, and colleagues. There are a few exceptions, such as stars who move with their teams and stars who switch to better firms. Female stars also perform better after changing jobs than their male counterparts do. But most stars who switch firms turn out to be meteors, quickly losing luster in their new settings.Groysberg also explores how some Wall Street research departments are successfully growing, retaining, and deploying their own stars. Finally, the book examines how its findings apply to many other occupations, from general managers to football players.Chasing Stars offers profound insights into the fundamental nature of outstanding performance. It also offers practical guidance to individuals on how to manage their careers strategically, and to companies on how to identify, develop, and keep talent.","openalex, dblp, ieee",llm,0.990,unreviewed,
discarded,Business strategy taxonomy and solution patterns for the circular economy,Michel Scholtysik; Malte Rohde; Chrsitian Koldewey; Roman Dumitrescu,2023,"2023 IEEE International Conference on Technology Management, Operations and Decisions (ICTMOD)",10.1109/ICTMOD59086.2023.10438163,https://ieeexplore.ieee.org/document/10438163/,off-topic-false-hit,"The increasing importance of sustainable development confronts companies with various disruptive challenges. It requires them to design their products with environmental considerations, such as reducing emissions, in mind. In this context, the circular economy has emerged as a promising approach. However, a comprehensive transformation of the existing business is required to comply with the principles of the circular economy. Undertaking the circular transformation in a structured and systematic way requires defining the envisioned strategic positioning of the company first. However, companies lack concrete design knowledge on the aspects necessary for strategic positioning in the circular economy. Therefore, this paper aims to develop a holistic taxonomy for describing circular business strategies and suitable solution patterns. A design science approach was chosen as the overarching research approach that orchestrates the research methods for taxonomy and pattern development. The resulting taxonomy for business strategies comprises ten dimensions, such as product design or take-back system, with 31 characteristics. Based on the taxonomy, appropriate solution patterns representing a thrust for strategic positioning in the circular economy were derived. The results enable companies to integrate circular transformation into their strategic planning early.","openalex, dblp, ieee",llm,0.980,unreviewed,
discarded,Dyadic Multi-resolution Analysis-Based Deep Learning for Arabic Handwritten Character Classification,Asma ElAdel; Ridha Ejbali; Mourad Zaied; Chokri Ben Amar,2015,2015 IEEE 27th International Conference on Tools with Artificial Intelligence (ICTAI),10.1109/ICTAI.2015.119,https://ieeexplore.ieee.org/document/7372215/,adjacent-subtopic,"The problem addressed in this paper is the classification and recognition of Arabic handwritten characters. As a solution, we present a Neural Network (NN) architecture based on Fast Wavelet Transform (FWT) and Adaboost algorithm. FWT is used to extract character's features, based on Multi-Resolution Analysis (MRA) at different levels of abstraction. These features are used to calculate inputs of hidden layer. After this first step, the features are filtered, using Adaboost algorithm, to select the best corresponding ones to each shape of input characters. The reported results are tested on Arabic handwritten characters dataset with 6000 characters. The classification rate for the different groups of characters are 93.92%. Additionally, the speed of the classification algorithm is tested and reported.","openalex, dblp, ieee",llm,0.980,unreviewed,
discarded,Research on Speech Dialogue Text Classification Based on Albert-BiLSTM Model Multi-label,Yanyan Li; Ping Sheng; Nuo Tian; Xiaojin Du; Zhaolong Hu,2022,2022 4th International Conference on Frontiers Technology of Information and Computer (ICFTIC),10.1109/ICFTIC57696.2022.10075129,https://ieeexplore.ieee.org/document/10075129/,adjacent-subtopic,"In order to solve the complex customer demands of the State Grid customer service center, we identified the various business types corresponding to the user's telephone demands based on the massive 95598 telephone voice text data set, and constructed a multi-label text classification model. This paper combines the pre-trained language model ALBERT and bidirectional long short-term memory network to design a text classification model Albert-BilSTM for multi-label speech dialogue. The model adopts the ALBERT pre-trained language model for dynamic word vector representation. In addition, BiLSTM model is introduced to construct multi-label classifiers to extract semantic information features at different abstraction levels. Through the control experiment, the text classification model based on Albert-BilSTM multi-label speech dialogue constructed in this paper can effectively improve the accuracy of text classification, and the classification effect of this model is significantly better than other models on text datasets.","openalex, dblp, ieee",llm,0.980,unreviewed,
discarded,A Comparative Study of Software Security Pattern Classifications,Aleem Khalid Alvi; Mohammad Zulkernine,2012,"2012 Seventh International Conference on Availability, Reliability and Security",10.1109/ARES.2012.43,https://ieeexplore.ieee.org/document/6329234/,adjacent-subtopic,"Software security patterns can be the building blocks of secure software systems. They provide reliable solutions for recurring security problems. The rapid increase in the number of security patterns creates difficulty in the selection of appropriate security patterns for particular security problems. Researchers provide several classification schemes based on unique selection criteria for choosing appropriate security patterns. These schemes are very helpful for software designers to select security patterns for particular security problems. In this paper, we survey various security pattern classification schemes. Further, we compare and contrast these classification schemes using their classification objectives, attributes, dimensions, and quality metrics. The result is helpful for selecting a suitable classification scheme based on the desirable classification attributes and quality metrics. The right selection of classification improves the capability of software designers to select appropriate security patterns for recurring security problems in a specific security context.","openalex, dblp, ieee",llm,0.960,unreviewed,
discarded,A taxonomy and survey of self-protecting software systems,Eric Yuan; Sam Malek,2012,2012 7th International Symposium on Software Engineering for Adaptive and Self-Managing Systems (SEAMS),10.1109/SEAMS.2012.6224397,https://ieeexplore.ieee.org/document/6224397/,adjacent-subtopic,"Self-protecting software systems are a class of autonomic systems capable of detecting and mitigating security threats at runtime. They are growing in importance, as the stovepipe static methods of securing software systems have shown inadequate for the challenges posed by modern software systems. While existing research has made significant progress towards autonomic and adaptive security, gaps and challenges remain. In this paper, we report on an extensive study and analysis of the literature in this area. The crux of our contribution is a comprehensive taxonomy to classify and characterize research efforts in this arena. We also describe our experiences with applying the taxonomy to numerous existing approaches. This has shed light on several challenging issues and resulted in interesting observations that could guide the future research.","openalex, dblp, ieee",llm,0.970,unreviewed,
discarded,An improved random decision trees algorithm with application to land cover classification,Haiwei Xu; Minhua Yang; Liang Liang,2010,2010 18th International Conference on Geoinformatics,10.1109/GEOINFORMATICS.2010.5567531,https://ieeexplore.ieee.org/document/5567531/,adjacent-subtopic,"Random decision trees algorithm, which is no need to count images and has good portability, is a great prospective method for land cover remote sensing classification at present. An improved random decision trees algorithm with application to land cover remote sensing classification was proposed in this paper. Firstly, in accordance with the low operation efficiency of random decision trees algorithm, an improved random decision trees algorithm was presented by adding tree balance factor, setting node impurity and distinguishing sample types. Secondly, by taking the ALOS images of Longmen city of Guangdong Province in China as study object, the remote sensing classification was conducted using the improved random decision trees algorithm. Finally, a comparison study was proceeded to compare the improved random decision trees algorithm with maximum likelihood classification method. The results indicate that the classification precision is improved from 81.46% to 87.53% and Kappa coefficient is up to 0.8524. By taking extreme imbalanced decision trees, node impurity and distinguishing sample types into consideration, the improved random decision trees algorithm can improve the efficiency and accuracy of land cover remote sensing classification.","openalex, dblp, ieee",llm,0.980,unreviewed,
discarded,Vehicle Classification on Multi-Sensor Smart Cameras Using Feature- and Decision-Fusion,Andreas Klausner; Allan Tengg; Bernhard Rinner,2007,2007 First ACM/IEEE International Conference on Distributed Smart Cameras,10.1109/ICDSC.2007.4357507,https://ieeexplore.ieee.org/document/4357507/,adjacent-subtopic,"In the proposed project we are working towards multi-sensor smart cameras, i.e., we augment vision-based cameras by additional sensors such as infrared and audio and, thus, transform a single smart camera into an embedded multi-sensor node. Our software framework for embedded online data fusion, called I-SENSE, which supports data fusion on different levels of data abstraction is presented. Further our fusion model is presented with the focus set on four main parts, namely (i) the acoustic and visual feature extraction, (ii) feature based data fusion and the feature selection algorithm, (iii) feature based decision modeling based on support vector machines (SVM) and (iv) decision modeling based on a modified Dempster-Shafer approach is discussed. Finally we demonstrate the feasibility of our multilevel data fusion approach with experimental results of our ""vehicle classification"" case study.","openalex, dblp, ieee",llm,0.970,unreviewed,
discarded,eBPF-based cybersecurity mechanisms: a systematic literature review,"Kostopoulos, Stamatios; Tsakonas, Panagiotis; Markakis, Evangelos K.",2026,INTERNATIONAL JOURNAL OF INFORMATION SECURITY,10.1007/s10207-026-01326-x,https://www.webofscience.com/wos/woscc/full-record/WOS:001862451800001,adjacent-subtopic,"Extended Berkeley Packet Filter (eBPF) has emerged as a kernel-level programmable framework enabling dynamic security enforcement in modern operating systems. While eBPF's potential for cybersecurity applications has attracted significant research attention, existing work remains fragmented across disparate domains, evaluation methodologies, and deployment contexts. This systematic literature review applies PRISMA methodology to identify, categorize, and synthesize peer-reviewed research on eBPF-based cybersecurity mechanisms. Following structured screening of 3735 records from six databases, 54 primary studies published between 2018-2026 were analyzed and organized into a seven-domain taxonomy spanning DDoS mitigation, intrusion detection, Internet-of-Things (IoT) security, container security, microservice protection, networking, and security tools and frameworks. Analysis reveals that eBPF enables low-overhead security enforcement (median 2.4% overhead [1.1-8.6%] of the average CPU usage, ranging from negligible nanosecond-scale costs for infrequently used hooks to higher 10-20% CPU percentages for kernel hot paths) with high detection accuracy (94-99%) across domains, particularly excelling in kernel-level monitoring, real-time packet processing, and cloud-native workload protection. However, significant challenges persist: verifier-imposed constraints limit algorithm complexity, 85.1% (46/54) of studies require low-level programming expertise, kernel version fragmentation hinders portability, and 96.2% (52/54) of research fails to address eBPF's own security vulnerabilities. The review identifies critical research gaps in multi-tenant isolation, adversarial machine learning (ML) robustness, production validation, and standardized evaluation frameworks. By consolidating fragmented knowledge and highlighting architectural trade-offs between safety and expressiveness, this work provides a foundation for next-generation eBPF security systems and outlines actionable directions for kernel programmability research.",wos,llm,0.980,unreviewed,
discarded,Terrain Controls on the Portability of Rainfall Prediction Models: A Framework for Transferability and Adaptability Across Tropical and Temperate Climates,"Ejike, Ogochukwu; Ndzi, David; Shakir, Muhammad",2026,FORECASTING,10.3390/forecast8040069,https://www.webofscience.com/wos/woscc/full-record/WOS:001860027200001,off-topic-false-hit,"Highlights What are the main findings? What are the implications of the main findings?Highlights What are the main findings? What are the implications of the main findings?Abstract Rainfall prediction models often lose skill when transferred across regions, particularly in data-sparse settings where local recalibration is not feasible. This study investigates whether topographically analogous landscapes exhibit consistent patterns of model portability in next-day rainfall occurrence prediction across contrasting climates. Random Forest and Logistic Regression classifiers trained on multi-year daily atmospheric data were evaluated across three hydrogeomorphic classes, Alluvial/Valley, Delta/Marsh, and Coastal Plain, using paired temperate sites in the United States and tropical sites in Malaysia. Portability was quantified using Transferability, representing a model's ability to export predictive skill, and Adaptability, representing a site's receptivity to externally trained models. Performance, sensitivity, and stability metrics were synthesized within a Behaviour Grid to support systematic interpretation. Results reveal a robust terrain-driven hierarchy: Delta/Marsh models are the strongest exporters, Alluvial/Valley sites the most adaptable receivers, and Coastal Plain sites are stable generalists. This general hierarchy is preserved across climates and years when evaluated using Area Under the Receiver Operating Characteristics Curve, indicating strong terrain structuring of portability, although fixed-threshold performance metrics show sensitivity to temporal variability. These findings indicate that terrain class provides a useful basis for evaluating cross-regional model transfer, supporting more informed regionalisation and deployment decisions across heterogeneous environmental settings.",wos,llm,0.990,unreviewed,
discarded,A structure and function-based complete mutational map of human hemoglobin using AI,"Salvatore, Franco; Brunello, Franco G.; Schuster, Claudio D.; Marti, Marcelo A.",2026,FRONTIERS IN CHEMISTRY,10.3389/fchem.2026.1862613,https://www.webofscience.com/wos/woscc/full-record/WOS:001860875100001,off-topic-false-hit,"Hemoglobin (Hb), a well-characterized protein central to oxygen transport and molecular medicine, serves as a model for studying how sequence variations influence protein structure and function. Its precise activity depends on tightly regulated structural dynamics, which can be disrupted by mutations that give rise to structural hemoglobinopathies, including sickle cell disease, unstable hemoglobins, methemoglobins, and hemoglobins with altered oxygen affinity, each associated with distinct functional and clinical consequences. Among genetic variants, missense mutations are the most widely studied in clinical settings. Accurately predicting their clinical impact remains challenging, requiring integration of evolutionary, biochemical, and structural data. While broad deep learning models like AlphaMissense show promise, they often lack interpretability and protein-specific precision. This motivates the development of focused models that leverage detailed knowledge of individual proteins, like hemoglobin, to improve both predictive power and mechanistic understanding. In this work, we conducted a comprehensive analysis of all known and potential human adult hemoglobin (HbA) variants, guided by the hypothesis that a deep understanding of the sequence-structure-function relationship in Hb can yield interpretable and predictive insights into the functional and clinical consequences of single amino acid substitutions. We curated an updated dataset of HbA variants annotated with their clinical classifications, Benign, Pathogenic, or of Uncertain Significance (VUS), and systematically mapped each to a range of features, including structural location and classification, predicted impact on folding stability, and evolutionary conservation. Using this data, we developed a pathogenicity prediction model and benchmarked it against AlphaMissense, demonstrating strong and complementary performance. Additionally, we generated a complete mutational landscape of all possible single amino acid substitutions (SAS) in HbA, providing a resource for future clinical interpretation. Our findings provide insight into the molecular basis for variant effects in HbA and highlight the utility of combining structure-informed features with Machine Learning (ML) for variant interpretation. Moreover, our results offer a framework for evaluating the portability and interpretability of variant effect predictors across structurally dynamic systems, with implications in the improvement of variant classification in other protein families.",wos,llm,0.990,unreviewed,
