status,title,authors,year,venue,doi,url,tags,abstract,provider,decision_source,llm_confidence,llm_review_outcome,llm_change_direction
discarded,"Sequencing of 53,831 diverse genomes from the NHLBI TOPMed Program",Daniel Taliun; Daniel Harris; Michael D. Kessler; Jedidiah Carlson; Zachary A. Szpiech; Raúl Torres; Sarah A. Gagliano Taliun; André Corvelo; Stephanie M. Gogarten; Hyun Min Kang; Achilleas Pitsillides; Jonathon LeFaive; Seung-been Lee; Xiaowen Tian; Brian L. Browning; Sayantan Das; Anne-Katrin Emde; Wayne E. Clarke; Douglas P. Loesch; Amol C. Shetty; Thomas W. Blackwell; Albert V. Smith; Quenna Wong; Xiaoming Liu; Matthew P. Conomos; Dean Bobo; François Aguet; Christine M. Albert; Álvaro Alonso; Kristin Ardlie; Dan E. Arking; Stella Aslibekyan; Paul L. Auer; John Barnard; R. Graham Barr; Lucas Barwick; Lewis C. Becker; Rebecca Beer; Emelia J. Benjamin; Lawrence F. Bielak; John Blangero; Michael Boehnke; Donald W. Bowden; Jennifer A. Brody; Esteban G. Burchard; Brian E. Cade; James F. Casella; Brandon Chalazan; Daniel I. Chasman; Yii-Der Ida Chen; Michael H. Cho; Seung Hoan Choi; Mina K. Chung; Clary B. Clish; Adolfo Correa; Joanne E. Curran; Brian Custer; Dawood Darbar; Michelle Daya; Mariza de Andrade; Dawn L. DeMeo; Susan K. Dutcher; Patrick T. Ellinor; Leslie S. Emery; Celeste Eng; Diane Fatkin; Tasha E. Fingerlin; Lukas Forer; Myriam Fornage; Nora Franceschini; Christian Fuchsberger; Stephanie M. Fullerton; Søren Germer; Mark T. Gladwin; Daniel J. Gottlieb; Xiuqing Guo; Michael E. Hall; Jiang He; Nancy L. Heard-Costa; Susan R. Heckbert; Marguerite R. Irvin; Jill M. Johnsen; Andrew D. Johnson; Robert C. Kaplan; Sharon L. R. Kardia; Tanika N. Kelly; Shannon Kelly; Eimear E. Kenny; Douglas P. Kiel; Robert Klemmer; Barbara A. Konkle; Charles Kooperberg; Anna Köttgen; Leslie A. Lange; Jessica Lasky-Su; Daniel Levy; Xihong Lin; Keng-Han Lin; Chunyu Liu; Ruth J. F. Loos,2021,Nature,10.1038/s41586-021-03205-y,https://openalex.org/W3126160703,off-topic-false-hit,"Abstract The Trans-Omics for Precision Medicine (TOPMed) programme seeks to elucidate the genetic architecture and biology of heart, lung, blood and sleep disorders, with the ultimate goal of improving diagnosis, treatment and prevention of these diseases. The initial phases of the programme focused on whole-genome sequencing of individuals with rich phenotypic data and diverse backgrounds. Here we describe the TOPMed goals and design as well as the available resources and early insights obtained from the sequence data. The resources include a variant browser, a genotype imputation server, and genomic and phenotypic data that are available through dbGaP (Database of Genotypes and Phenotypes) 1 . In the first 53,831 TOPMed samples, we detected more than 400 million single-nucleotide and insertion or deletion variants after alignment with the reference genome. Additional previously undescribed variants were detected through assembly of unmapped reads and customized analysis in highly variable loci. Among the more than 400 million detected variants, 97% have frequencies of less than 1% and 46% are singletons that are present in only one individual (53% among unrelated individuals). These rare variants provide insights into mutational processes and recent human evolutionary history. The extensive catalogue of genetic variation in TOPMed studies provides unique opportunities for exploring the contributions of rare and noncoding sequence variants to phenotypic variation. Furthermore, combining TOPMed haplotypes with modern imputation methods improves the power and reach of genome-wide association studies to include variants down to a frequency of approximately 0.01%.","openalex, dblp, ieee",llm,1.000,unreviewed,
discarded,A map of rice genome variation reveals the origin of cultivated rice,Xuehui Huang; Nori Kurata; Xinghua Wei; Zi-Xuan Wang; Ahong Wang; Qiang Zhao; Yan Zhao; Kunyan Liu; Hengyun Lu; Wenjun Li; Yunli Guo; Yiqi Lu; Congcong Zhou; Danlin Fan; Qijun Weng; Chuanrang Zhu; Tao Huang; Lei Zhang; Yongchun Wang; Lei Feng; Hiroyasu Furuumi; Takahiko Kubo; Toshie Miyabayashi; Xiaoping Yuan; Qun Xu; Guojun Dong; Qilin Zhan; Canyang Li; Asao Fujiyama; Atsushi Toyoda; Tingting Lu; Qi Feng; Qian Qian; Jiayang Li; Bin Han,2012,Nature,10.1038/nature11532,https://openalex.org/W2006066143,off-topic-false-hit,"Crop domestications are long-term selection experiments that have greatly advanced human civilization. The domestication of cultivated rice (Oryza sativa L.) ranks as one of the most important developments in history. However, its origins and domestication processes are controversial and have long been debated. Here we generate genome sequences from 446 geographically diverse accessions of the wild rice species Oryza rufipogon, the immediate ancestral progenitor of cultivated rice, and from 1,083 cultivated indica and japonica varieties to construct a comprehensive map of rice genome variation. In the search for signatures of selection, we identify 55 selective sweeps that have occurred during domestication. In-depth analyses of the domestication sweeps and genome-wide patterns reveal that Oryza sativa japonica rice was first domesticated from a specific population of O. rufipogon around the middle area of the Pearl River in southern China, and that Oryza sativa indica rice was subsequently developed from crosses between japonica rice and local wild rice as the initial cultivars spread into South East and South Asia. The domestication-associated traits are analysed through high-resolution genetic mapping. This study provides an important resource for rice breeding and an effective genomics approach for crop domestication research. Whole-genome sequences of wild rice and cultivated rice varieties are used to produce a map of rice genome variation, and show that rice was probably first domesticated in southern China. Cultivated rice (Oryza sativa) is thought to have been domesticated from wild rice (Oryza rufipogon) thousands of years ago. This Chinese/Japanese collaboration reports whole-genome sequences from 446 wild rice isolates from across Asia and Oceana, and from more than 1,000 indica and japonica subspecies of cultivated rice. The resulting map of genome variation will be an important resource for rice breeding and for crop-domestication research.","openalex, dblp, ieee",llm,1.000,unreviewed,
discarded,On Maxwell's displacement current for energy and sensors: the origin of nanogenerators,Zhong Lin Wang,2017,Materials Today,10.1016/j.mattod.2016.12.001,https://openalex.org/W2567728595,off-topic-false-hit,"Self-powered system is a system that can sustainably operate without an external power supply for sensing, detection, data processing and data transmission. Nanogenerators were first developed for self-powered systems based on piezoelectric effect and triboelectrification effect for converting tiny mechanical energy into electricity, which have applications in internet of things, environmental/infrastructural monitoring, medical science and security. In this paper, we present the fundamental theory of the nanogenerators starting from the Maxwell equations. In the Maxwell's displacement current, the first term ε0∂E∂t gives the birth of electromagnetic wave, which is the foundation of wireless communication, radar and later the information technology. Our study indicates that the second term ∂P∂t in the Maxwell's displacement current is directly related to the output electric current of the nanogenerator, meaning that our nanogenerators are the applications of Maxwell's displacement current in energy and sensors. By contrast, electromagnetic generators are built based on Lorentz force driven flow of free electrons in a conductor. This study presents the similarity and differences between pieozoelectric nanogenerator and triboelectric nanogenerator, as well as the classical electromagnetic generator, so that the impact and uniqueness of the nanogenerators can be clearly understood. We also present the three major applications of nanogenerators as micro/nano-power source, self-powered sensors and blue energy.","openalex, dblp, ieee",llm,0.990,unreviewed,
discarded,The genome sequence of Rickettsia prowazekii and the origin of mitochondria,Siv G. E. Andersson; Alireza Zomorodipour; Jan O. Andersson; Thomas Sicheritz-Pontén; U. Cecilia M. Alsmark; Raf M. Podowski; A. Kristina Näslund; Ann-Sofie Eriksson; Herbert H. Winkler; C. G. Kurland,1998,Nature,10.1038/24094,https://openalex.org/W1569904835,off-topic-false-hit,,"openalex, dblp, ieee",llm,1.000,unreviewed,
discarded,De novo bacterial genome sequencing: Millions of very short reads assembled on a desktop computer,David Hernández; Patrice François; Laurent Farinelli; Magne Østerås; Jacques Schrenzel,2008,Genome Research,10.1101/gr.072033.107,https://openalex.org/W2023911006,off-topic-false-hit,"Novel high-throughput DNA sequencing technologies allow researchers to characterize a bacterial genome during a single experiment and at a moderate cost. However, the increase in sequencing throughput that is allowed by using such platforms is obtained at the expense of individual sequence read length, which must be assembled into longer contigs to be exploitable. This study focuses on the Illumina sequencing platform that produces millions of very short sequences that are 35 bases in length. We propose a de novo assembler software that is dedicated to process such data. Based on a classical overlap graph representation and on the detection of potentially spurious reads, our software generates a set of accurate contigs of several kilobases that cover most of the bacterial genome. The assembly results were validated by comparing data sets that were obtained experimentally for Staphylococcus aureus strain MW2 and Helicobacter acinonychis strain Sheeba with that of their published genomes acquired by conventional sequencing of 1.5- to 3.0-kb fragments. We also provide indications that the broad coverage achieved by high-throughput sequencing might allow for the detection of clonal polymorphisms in the set of DNA molecules being sequenced.","openalex, dblp, ieee",llm,1.000,unreviewed,
discarded,"Cell-of-Origin Patterns Dominate the Molecular Classification of 10,000 Tumors from 33 Types of Cancer",Katherine A. Hoadley; Christina Yau; Toshinori Hinoue; Denise M. Wolf; Alexander J. Lazar; Esther Drill; Ronglai Shen; Alison M. Taylor; Andrew D. Cherniack; Vésteinn Thórsson; Rehan Akbani; Reanne Bowlby; Christopher K. Wong; Maciej Wiznerowicz; Francisco Sánchez-Vega; Lewis R. Roberts; Barbara Schneider; Michael S. Lawrence; Houtan Noushmehr; Tathiane M. Malta; Rory Johnson; John A. Demchok; Ina Felau; Melpomeni Kasapi; Martin L. Ferguson; Carolyn M. Hutter; Heidi J. Sofia; Roy Tarnuzzer; Zhining Wang; Liming Yang; Jean C. Zenklusen; Jiashan Zhang; Sudha Chudamani; Jia Liu; Laxmi Lolla; Rashi Naresh; Todd Pihl; Qiang Sun; Yunhu Wan; Ye Wu; Juok Cho; Timothy Defreitas; Scott Frazer; Nils Gehlenborg; Gad Getz; David I. Heiman; Jaegil Kim; Michael S. Lawrence; Pei Lin; Sam Meier; Michael S. Noble; Gordon Saksena; Doug Voet; Hailei Zhang; Brady Bernard; Nyasha Chambwe; Varsha Dhankani; Theo Knijnenburg; Roger Kramer; Kalle Leinonen; Yuexin Liu; Michael Miller; Sheila M. Reynolds; Ilya Shmulevich; Vésteinn Thórsson; Wei Zhang; Rehan Akbani; Bradley M. Broom; Apurva M. Hegde; Zhenlin Ju; Rupa S. Kanchi; Anil Korkut; Jun Li; Han Liang; Shiyun Ling; Wenbin Liu; Yiling Lu; Gordon B. Mills; Kwok-Shing Ng; Arvind Rao; Michael P. Ryan; Jing Wang; John N. Weinstein; Jiexin Zhang; Adam Abeshouse; Joshua Armenia; Debyani Chakravarty; Walid K. Chatila; Ino de Bruijn; Galen F. Gao; Benjamin Groß; Zachary Heins; Ritika Kundra; Konnor La; Marc Ladanyi; Augustin Luna; Moriah G. Nissan; Angelica Ochoa; Sarah Phillips; Ed Reznik,2018,Cell,10.1016/j.cell.2018.03.022,https://openalex.org/W2796153844,off-topic-false-hit,"We conducted comprehensive integrative molecular analyses of the complete set of tumors in The Cancer Genome Atlas (TCGA), consisting of approximately 10,000 specimens and representing 33 types of cancer. We performed molecular clustering using data on chromosome-arm-level aneuploidy, DNA hypermethylation, mRNA, and miRNA expression levels and reverse-phase protein arrays, of which all, except for aneuploidy, revealed clustering primarily organized by histology, tissue type, or anatomic origin. The influence of cell type was evident in DNA-methylation-based clustering, even after excluding sites with known preexisting tissue-type-specific methylation. Integrative clustering further emphasized the dominant role of cell-of-origin patterns. Molecular similarities among histologically or anatomically related cancer types provide a basis for focused pan-cancer analyses, such as pan-gastrointestinal, pan-gynecological, pan-kidney, and pan-squamous cancers, and those related by stemness features, which in turn may inform strategies for future therapeutic development.","openalex, dblp, ieee",llm,1.000,unreviewed,
discarded,Recommendations for Cardiac Chamber Quantification by Echocardiography in Adults: An Update from the American Society of Echocardiography and the European Association of Cardiovascular Imaging,Roberto M. Lang; Luigi P. Badano; Victor Mor-Avi; Jonathan Afilalo; Anderson da Costa Armstrong; Laura Ernande; Frank A. Flachskampf; Elyse Foster; Steven A. Goldstein; Tatiana Kuznetsova; Patrizio Lancellotti; Denisa Muraru; Michael H. Picard; Ernst Rietzschel; Lawrence Rudski; Kirk T. Spencer; Wendy Tsang; Jens-Uwe Voigt,2015,European Heart Journal - Cardiovascular Imaging,10.1093/ehjci/jev014,https://openalex.org/W4249896096,off-topic-false-hit,"Abstract The rapid technological developments of the past decade and the changes in echocardiographic practice brought about by these developments have resulted in the need for updated recommendations to the previously published guidelines for cardiac chamber quantification, which was the goal of the joint writing group assembled by the American Society of Echocardiography and the European Association of Cardiovascular Imaging. This document provides updated normal values for all four cardiac chambers, including three-dimensional echocardiography and myocardial deformation, when possible, on the basis of considerably larger numbers of normal subjects, compiled from multiple databases. In addition, this document attempts to eliminate several minor discrepancies that existed between previously published guidelines.","openalex, dblp, ieee",llm,1.000,unreviewed,
discarded,The thermodynamics of computation---a review,Charles H. Bennett,1982,International Journal of Theoretical Physics,10.1007/bf02084158,https://openalex.org/W2149158279,adjacent-subtopic,,"openalex, dblp, ieee",llm,0.720,unreviewed,
discarded,The Natural History of Nitrogen Fixation,Jason Raymond; Janet L. Siefert; Christopher R. Staples; Robert E. Blankenship,2004,Molecular Biology and Evolution,10.1093/molbev/msh047,https://openalex.org/W2003437633,off-topic-false-hit,"In recent years, our understanding of biological nitrogen fixation has been bolstered by a diverse array of scientific techniques. Still, the origin and extant distribution of nitrogen fixation has been perplexing from a phylogenetic perspective, largely because of factors that confound molecular phylogeny such as sequence divergence, paralogy, and horizontal gene transfer. Here, we make use of 110 publicly available complete genome sequences to understand how the core components of nitrogenase, including NifH, NifD, NifK, NifE, and NifN proteins, have evolved. These genes are universal in nitrogen fixing organisms-typically found within highly conserved operons-and, overall, have remarkably congruent phylogenetic histories. Additional clues to the early origins of this system are available from two distinct clades of nitrogenase paralogs: a group composed of genes essential to photosynthetic pigment biosynthesis and a group of uncharacterized genes present in methanogens and in some photosynthetic bacteria. We explore the complex genetic history of the nitrogenase family, which is replete with gene duplication, recruitment, fusion, and horizontal gene transfer and discuss these events in light of the hypothesized presence of nitrogenase in the last common ancestor of modern organisms, as well as the additional possibility that nitrogen fixation might have evolved later, perhaps in methanogenic archaea, and was subsequently transferred into the bacterial domain.","openalex, dblp, ieee",llm,1.000,unreviewed,
discarded,Genomics and the origin of species,Ole Seehausen; Roger K. Butlin; Irene Keller; Catherine E. Wagner; Janette W. Boughman; Paul A. Hohenlohe; Catherine L. Peichel; Glenn-Peter Sætre; Claudia Bank; Åke Brännström; Alan Brelsford; Chris S. Clarkson; Fabrice Eroukhmanoff; Jeffrey L. Feder; Martin C. Fischer; Andrew D. Foote; Paolo Franchini; Chris D. Jiggins; Felicity C. Jones; Anna K. Lindholm; Kay Lucek; Martine E. Maan; David A. Marques; Simon H. Martin; Blake Matthews; Joana I. Meier; Markus Möst; Michael W. Nachman; Etsuko Nonaka; Diana J. Rennison; Julia Schwarzer; Eric T. Watson; Anja M. Westram; Alex Widmer,2014,Nature Reviews Genetics,10.1038/nrg3644,https://openalex.org/W1964587468,off-topic-false-hit,,"openalex, dblp, ieee",llm,1.000,unreviewed,
discarded,Ultralight nanofibre-assembled cellular aerogels with superelasticity and multifunctionality,Yang Si; Jianyong Yu; Xiaomin Tang; Jianlong Ge; Bin Ding,2014,Nature Communications,10.1038/ncomms6802,https://openalex.org/W2040588591,off-topic-false-hit,,"openalex, dblp, ieee",llm,0.990,unreviewed,
discarded,R: A Language and Environment for Statistical Computing,R Core Team,2000,,10.32614/r.manuals,https://openalex.org/W2582743722,adjacent-subtopic,This introduction to R is derived from an original set of notes describing the S and S-Plus environments written in 1990-2 by Bill Venables and David M,"openalex, dblp, ieee",llm,0.830,unreviewed,
discarded,Expanded sequence dependence of thermodynamic parameters improves prediction of RNA secondary structure,David H. Mathews; Jeffrey Sabina; Michael Zuker; Douglas H. Turner,1999,Journal of Molecular Biology,10.1006/jmbi.1999.2700,https://openalex.org/W2009818318,off-topic-false-hit,"An improved dynamic programming algorithm is reported for RNA secondary structure prediction by free energy minimization. Thermodynamic parameters for the stabilities of secondary structure motifs are revised to include expanded sequence dependence as revealed by recent experiments. Additional algorithmic improvements include reduced search time and storage for multibranch loop free energies and improved imposition of folding constraints. An extended database of 151,503 nt in 955 structures? determined by comparative sequence analysis was assembled to allow optimization of parameters not based on experiments and to test the accuracy of the algorithm. On average, the predicted lowest free energy structure contains 73 % of known base-pairs when domains of fewer than 700 nt are folded; this compares with 64 % accuracy for previous versions of the algorithm and parameters. For a given sequence, a set of 750 generated structures contains one structure that, on average, has 86 % of known base-pairs. Experimental constraints, derived from enzymatic and flavin mononucleotide cleavage, improve the accuracy of structure predictions.","openalex, dblp, ieee",llm,0.990,unreviewed,
discarded,Curriculum '78: recommendations for the undergraduate program in computer science--- a report of the ACM curriculum committee on computer science,Richard H. Austing; Bruce H. Barnes; Della Bonnette; Gerald L. Engel; Gordon E. Stokes,1979,Communications of the ACM,10.1145/359080.359083,https://openalex.org/W2052325477,adjacent-subtopic,"Contained in this report are the recommendations for the undergraduate degree program in Computer Science of the Curriculum Committee on Computer Science (C 3 S) of the Association for Computing Machinery (ACM). The core curriculum common to all computer science undergraduate programs is presented in terms of elementary level topics and courses, and intermediate level courses. Elective courses, used to round out an undergraduate program, are then discussed, and the entire program including the computer science component and other material is presented. Issues related to undergraduate computer science education, such as service courses, supporting areas, continuing education, facilities, staff, and articulation are presented.","openalex, dblp, ieee",llm,0.920,unreviewed,
discarded,A programmable two-qubit quantum processor in silicon,Thomas F. Watson; Stephan G. J. Philips; Erika Kawakami; Daniel R. Ward; Pasquale Scarlino; Menno Veldhorst; D. E. Savage; M. G. Lagally; Mark Friesen; S. N. Coppersmith; M. A. Eriksson; Lieven M. K. Vandersypen,2018,Nature,10.1038/nature25766,https://openalex.org/W2746656048,adjacent-subtopic,,"openalex, dblp, ieee",llm,0.970,unreviewed,
