status,title,authors,year,venue,doi,url,tags,abstract,provider,decision_source,llm_confidence,llm_review_outcome,llm_change_direction
discarded,Doubler-tevatron μp quench protection system,Robert H. Flora; Gerald S. Tool,1979,IEEE Transactions on Nuclear Science,10.1109/TNS.1979.4330066,https://ieeexplore.ieee.org/document/4330066/,adjacent-subtopic,"1014 superconducting magnets, distributed around a four mile ring and storing a total energy of 1/3 GJ, are to be protected by six microprocessor monitors. During a quench, the monitors initiate global shutdown and selectively activate individual protection heaters. During normal operation, they actively test major protection components for proper operation and aid in the cooldown and warmup process. The high priority safety scan assembly language programs are time sliced with the low priority BASIC language operator and central computer inferface programs. The monitors themselves are continuously checked for proper operation by ""heartbeat"" detectors.","openalex, dblp, ieee",llm,0.890,unreviewed,
discarded,ISO/IEC/IEEE International Standard - Systems and software engineering -- Vocabulary,,2010,ISO/IEC/IEEE 24765:2010(E),10.1109/IEEESTD.2010.5733835,https://ieeexplore.ieee.org/document/5733835/,adjacent-subtopic,"ISO/IEC/IEEE 24765:2010 provides a common vocabulary applicable to all systems and software engineering work. It was prepared to collect and standardize terminology. ISO/IEC/IEEE 24765:2010 is intended to serve as a useful reference for those in the information technology field, and to encourage the use of systems and software engineering standards prepared by ISO and liaison organizations IEEE Computer Society and Project Management Institute. ISO/IEC/IEEE 24765:2010 includes references to the active source standards for each definition so that the use of the term can be further explored.","openalex, dblp, ieee",llm,0.980,unreviewed,
discarded,IEEE Standard Glossary of Software Engineering Terminology,,1990,IEEE Std 610.12-1990,10.1109/IEEESTD.1990.101064,https://ieeexplore.ieee.org/document/159342/,adjacent-subtopic,This IEEE Standards product is part of the family on Software Engineering. This standard identifies terms currently in use in the field of Software Engineering. Standard definitions for those terms are established.,"openalex, dblp, ieee",llm,0.980,unreviewed,
discarded,Methodology for Unique Questions Generation to Prevent Plagiarism in Lab Assignments,"Chan, Wai Kok; Wong, Keng Tuck; Anuar, Khairil",2025,"2025 10TH INTERNATIONAL STEM EDUCATION CONFERENCE, ISTEM-ED",10.1109/iSTEM-ED65612.2025.11129374,https://www.webofscience.com/wos/woscc/full-record/WOS:001597072200071,adjacent-subtopic,"In this paper, we describe our operational experience in preventing plagiarism in computer science lab assignments while minimizing student disputes. Plagiarism is a prevalent issue in take-home lab assignments. The effort dedicated to plagiarism prevention is relatively minor compared to that of plagiarism detection. Most existing literature on plagiarism prevention only briefly outlines the necessary steps, with very few providing detailed, actionable guidelines. Additionally, some of the methods discussed are tailored for online tests rather than take-home laboratory assignments. This paper presents multiple strategies for generating unique questions for students. We also address various challenges related to question assignment, generation, grading, and future enhancements of questions. The generated topics in computer science encompass digital systems, microprocessor assembly language, operating systems, and computer networks. Furthermore, we outline best practices to mitigate plagiarism. In stateful question assignment, the questions are evenly distributed to all students. Our results show that when the number of questions is less than number of students, stateless question assignment has a better plagiarism control than stateful question assignment. Finally, we discuss the implications of unique question generation for student grading and propose several workarounds.",wos,llm,0.970,unreviewed,
kept,Assembly Language in Modern Technologies still Faster than HLL: Myth or Reality,"Micic, Milos; Etinski, Maja; Milutinovic, Veljko",2006,IPSI BGD TRANSACTIONS ON INTERNET RESEARCH,,https://www.webofscience.com/wos/woscc/full-record/WOS:000421324300003,supports-claim; qualifies-claim,"When technologies change, realities change, as well. Many believe that advances in the technology of optimizing compilers cause the programming in a high-level language to create a faster code (compared to assembly language programming), due to the fact that individual programmers can never optimize their handwritten code as successfully as the optimizing compilers do it. This paper demonstrates that it is not always the case, and clarifies the issue for the case of a selected algorithm of importance for a number of modern applications. Architectural changes demonstrate how powerful can be the usage of advanced assembly instructions [1].",wos,llm,0.900,unreviewed,
discarded,CANopen network for μcontroller-based real time distributed control systems,"Portillo, Javier; Estevez, Elisabet; Cabanes, Itziar; Marcos, Marga",2006,"IECON 2006 - 32ND ANNUAL CONFERENCE ON IEEE INDUSTRIAL ELECTRONICS, VOLS 1-11",,https://www.webofscience.com/wos/woscc/full-record/WOS:000245905009074,adjacent-subtopic,"This paper describes the design (hardware and software) and implementation of a modular communication system based on CAN network. The motivation of the work is related to the real-time distributed control systems field. The goal is to own the complete control of the communication stack when building embedded distributed prototypes. This would allow managing those communication issues that affect real time performance (i.e. computation of worst case execution times and priority assignment to tasks and messages). This CAN implementation (rtfCANopen) is modular, inexpensive, auto-downloadable and self-configurable. A case study, consisting in an autonomous mobile robot that uses rtfCANopen, is described. This prototype is designed and analysed using the Real-Time Framework developed by authors. This framework consists of a set of tools for developing real-time distributed systems and it covers all the phases: specification, analysis, simulation and code generation of distributed applications.",wos,llm,0.960,unreviewed,
discarded,Instruction mapping techniques for processors with very long instruction word architectures,Mego R.,2022,Journal of Electrical Engineering,10.2478/jee-2022-0053,https://www.scopus.com/inward/record.uri?partnerID=HzOxMe3b&scp=85144973397&origin=inward,adjacent-subtopic,,scopus,llm,0.940,unreviewed,
discarded,Infusing raspberry pi in computer science curriculum for enhanced learning,Khan F.,2020,ASEE Annual Conference and Exposition Conference Proceedings,,https://www.scopus.com/inward/record.uri?partnerID=HzOxMe3b&scp=85095762041&origin=inward,adjacent-subtopic,,scopus,llm,0.950,unreviewed,
discarded,Using Assembler for microcontroller study on arduino-based platform,Vostrukhin A.,2017,Engineering for Rural Development,10.22616/ERDev2017.16.N115,https://www.scopus.com/inward/record.uri?partnerID=HzOxMe3b&scp=85033378894&origin=inward,adjacent-subtopic,,scopus,llm,0.950,unreviewed,
discarded,Designing a media of active learning (AL) strategy of micro controller 8051 multiple interrupts handling teaching by using the MCU 8051 IDE-integrated development environment and Asem-51 in supporting the implementation of active learning in higher education-ALFHE (active learning for higher education)[1][2][5][6][7][8],Sihombing P.,2015,International Journal of Applied Engineering Research,,https://www.scopus.com/inward/record.uri?partnerID=HzOxMe3b&scp=84926512842&origin=inward,adjacent-subtopic,,scopus,llm,0.950,unreviewed,
discarded,"7th International Conference on Software Language Engineering, SLE 2014",,2014,Lecture Notes in Computer Science Including Subseries Lecture Notes in Artificial Intelligence and Lecture Notes in Bioinformatics,,https://www.scopus.com/inward/record.uri?partnerID=HzOxMe3b&scp=85030483138&origin=inward,adjacent-subtopic,,scopus,llm,0.980,unreviewed,
discarded,New approach for teaching a microcontrollers systems design course for engineering technology,Rios-Gutierrez F.,2010,ASEE Annual Conference and Exposition Conference Proceedings,,https://www.scopus.com/inward/record.uri?partnerID=HzOxMe3b&scp=85029064021&origin=inward,adjacent-subtopic,,scopus,llm,0.950,unreviewed,
discarded,Response time analysis for the abort-and-restart event handlers of the Priority-Based Functional Reactive Programming (P-FRP) paradigm,Ras J.,2009,Proceedings 15th IEEE International Conference on Embedded and Real Time Computing Systems and Applications Rtcsa 2009,10.1109/RTCSA.2009.64,https://www.scopus.com/inward/record.uri?partnerID=HzOxMe3b&scp=72349088444&origin=inward,adjacent-subtopic,,scopus,llm,0.920,unreviewed,
discarded,A report on the progress of GNU Modula-2 and its potential integration into GCC,Mulley G.,2006,Proceedings of the Gcc Developers Summit 2006,,https://www.scopus.com/inward/record.uri?partnerID=HzOxMe3b&scp=33749572626&origin=inward,adjacent-subtopic,,scopus,llm,0.890,unreviewed,
discarded,CANopen network for μcontroller-based real time distributed control systems,Portillo J.,2006,IECON Proceedings Industrial Electronics Conference,10.1109/IECON.2006.348148,https://www.scopus.com/inward/record.uri?partnerID=HzOxMe3b&scp=50249154216&origin=inward,adjacent-subtopic,,scopus,llm,0.960,unreviewed,
discarded,Rapid simulation and analysis of isotopomer distributions using constraints based on enzyme mechanisms: An example from HT29 cancer cells,Selivanov V.A.,2005,Bioinformatics,10.1093/bioinformatics/bti573,https://www.scopus.com/inward/record.uri?partnerID=HzOxMe3b&scp=24144498480&origin=inward,off-topic-false-hit,,scopus,llm,0.990,unreviewed,
discarded,An ECE freshman microcontroller course at the University of Maine,Beenfeldt D.,2002,ASEE Annual Conference Proceedings,,https://www.scopus.com/inward/record.uri?partnerID=HzOxMe3b&scp=8744304858&origin=inward,adjacent-subtopic,,scopus,llm,0.940,unreviewed,
discarded,A case study of interdisciplinary teaching at Kansas state university,Mizuno M.,2002,ASEE Annual Conference Proceedings,,https://www.scopus.com/inward/record.uri?partnerID=HzOxMe3b&scp=8744306985&origin=inward,adjacent-subtopic,,scopus,llm,0.970,unreviewed,
discarded,Target detection through image processing and resilient propagation algorithms,Patnaik L.M.,2000,Neurocomputing,10.1016/S0925-2312(00)00301-5,https://www.scopus.com/inward/record.uri?partnerID=HzOxMe3b&scp=0034331225&origin=inward,adjacent-subtopic,,scopus,llm,0.970,unreviewed,
discarded,A novel method for producing stimulation patterns to assess skeletal muscle contractility,Adler M.,1998,Toxicology Methods,10.1080/105172398242899,https://www.scopus.com/inward/record.uri?partnerID=HzOxMe3b&scp=11744340931&origin=inward,off-topic-false-hit,,scopus,llm,0.990,unreviewed,
discarded,A low-cost VGA-based visual stimulus generation and control system,Amamoto D.Y.,1993,Journal of Neuroscience Methods,10.1016/0165-0270(93)90150-P,https://www.scopus.com/inward/record.uri?partnerID=HzOxMe3b&scp=0027461663&origin=inward,off-topic-false-hit,,scopus,llm,0.980,unreviewed,
discarded,Try single-slope A-D conversion for a low-cost 12-bit solution,Daugherty K.,1992,Electronic Design,,https://www.scopus.com/inward/record.uri?partnerID=HzOxMe3b&scp=0026679166&origin=inward,off-topic-false-hit,,scopus,llm,0.980,unreviewed,
discarded,A fast 80X86 assembly language module to low-pass filter digital data,Núñez-Durán H.,1991,International Journal of Bio Medical Computing,10.1016/0020-7101(91)90014-6,https://www.scopus.com/inward/record.uri?partnerID=HzOxMe3b&scp=0026040433&origin=inward,off-topic-false-hit,,scopus,llm,0.920,unreviewed,
discarded,Software filter for detecting spikes superimposed on a fluctuating baseline,Marion-Poll F.,1991,Journal of Neuroscience Methods,10.1016/0165-0270(91)90015-R,https://www.scopus.com/inward/record.uri?partnerID=HzOxMe3b&scp=0025806006&origin=inward,off-topic-false-hit,,scopus,llm,0.980,unreviewed,
discarded,"Construction and evaluation of an automated flow injection-stopped flow analyser for multipoint reaction rate spectrophotometric methods. Determination of ammonia nitrogen, creatinine and phosphate",Georgiern C.,1991,Journal of Automatic Chemistry,10.1155/S1463924691000342,https://www.scopus.com/inward/record.uri?partnerID=HzOxMe3b&scp=0025985557&origin=inward,off-topic-false-hit,,scopus,llm,0.980,unreviewed,
discarded,Efficient simulation of multiprogramming,Dawkins W.P.,1990,undefined,10.1145/98457.98762,https://www.scopus.com/inward/record.uri?partnerID=HzOxMe3b&scp=105033855161&origin=inward,adjacent-subtopic,,scopus,llm,0.920,unreviewed,
discarded,Eight-Parameter PC-AT based flow cytometric data system,Kachel V.,1990,Cytometry,10.1002/cyto.990110706,https://www.scopus.com/inward/record.uri?partnerID=HzOxMe3b&scp=0025026003&origin=inward,off-topic-false-hit,,scopus,llm,0.980,unreviewed,
discarded,Computerized estimation of spontaneous and evoked acetylcholine release at the neuromuscular junction,Re L.,1989,Journal of Pharmacological Methods,10.1016/0160-5402(89)90002-8,https://www.scopus.com/inward/record.uri?partnerID=HzOxMe3b&scp=0024818412&origin=inward,off-topic-false-hit,,scopus,llm,0.980,unreviewed,
discarded,Topographical brain electrical activity mapping on an IBM-compatible personal computer,McCullagh P.,1989,Journal of Biomedical Engineering,10.1016/0141-5425(89)90124-6,https://www.scopus.com/inward/record.uri?partnerID=HzOxMe3b&scp=0024636953&origin=inward,off-topic-false-hit,,scopus,llm,0.980,unreviewed,
discarded,Enhancing high-speed digitization of single-unit neuronal activity on a microcomputer using a hybrid software-hardware technique,Aldridge J.W.,1989,Journal of Neuroscience Methods,10.1016/0165-0270(89)90037-X,https://www.scopus.com/inward/record.uri?partnerID=HzOxMe3b&scp=0024551617&origin=inward,off-topic-false-hit,,scopus,llm,0.980,unreviewed,
discarded,Calibration of ion-selective microelectrodes: flow-system and analysis program for the IBM PC,Barolet A.W.,1989,Journal of Neuroscience Methods,10.1016/0165-0270(89)90137-4,https://www.scopus.com/inward/record.uri?partnerID=HzOxMe3b&scp=0024341154&origin=inward,off-topic-false-hit,,scopus,llm,0.980,unreviewed,
discarded,A high-speed multichannel neural data acquisition system for IBM PC compatibles,Novak J.L.,1989,Journal of Neuroscience Methods,10.1016/0165-0270(89)90122-2,https://www.scopus.com/inward/record.uri?partnerID=HzOxMe3b&scp=0024540906&origin=inward,off-topic-false-hit,,scopus,llm,0.980,unreviewed,
discarded,Real time executive for digital signal processor employed in process control,Cavalcanti J.H.F.,1988,Proceedings IECON 1988 Control and Simulation 1988 International Conference on Industrial Electronics,10.1109/IECON.1988.665172,https://www.scopus.com/inward/record.uri?partnerID=HzOxMe3b&scp=85068318564&origin=inward,adjacent-subtopic,,scopus,llm,0.930,unreviewed,
discarded,A microcomputer aided control system for visual tracking task of monkey,Muramoto K.,1987,Brain Research Bulletin,10.1016/0361-9230(87)90045-1,https://www.scopus.com/inward/record.uri?partnerID=HzOxMe3b&scp=0023139743&origin=inward,off-topic-false-hit,,scopus,llm,0.980,unreviewed,
discarded,A device for spike train sampling with built-in memory,Schmid K.,1987,Journal of Neuroscience Methods,10.1016/0165-0270(87)90029-X,https://www.scopus.com/inward/record.uri?partnerID=HzOxMe3b&scp=0023113608&origin=inward,off-topic-false-hit,,scopus,llm,0.980,unreviewed,
discarded,Reference master: A microcomputer-based storage and retrieval system for bibliographic references,Schmid K.,1987,International Journal of Bio Medical Computing,10.1016/0020-7101(87)90019-5,https://www.scopus.com/inward/record.uri?partnerID=HzOxMe3b&scp=0023264980&origin=inward,off-topic-false-hit,,scopus,llm,0.980,unreviewed,
discarded,Quantitative microscopy: I. A computer-assisted approach to the study of polymorphonuclear leukocyte (PMN) chemotaxis,Cheung A.,1987,Journal of Leukocyte Biology,10.1002/jlb.41.6.481,https://www.scopus.com/inward/record.uri?partnerID=HzOxMe3b&scp=0023216010&origin=inward,off-topic-false-hit,,scopus,llm,0.980,unreviewed,
discarded,Computer analysis of human esophageal peristalsis and lower esophageal sphincter pressure - II. An interactive system for on-line data collection and analysis,Castell J.,1986,Digestive Diseases and Sciences,10.1007/BF01296521,https://www.scopus.com/inward/record.uri?partnerID=HzOxMe3b&scp=0022973962&origin=inward,off-topic-false-hit,,scopus,llm,0.980,unreviewed,
discarded,A distributed microcomputer-controlled system for data acquisition and power spectral analysis of EEG,Vo T.,1986,Journal of Neuroscience Methods,10.1016/0165-0270(86)90046-4,https://www.scopus.com/inward/record.uri?partnerID=HzOxMe3b&scp=0022887139&origin=inward,off-topic-false-hit,,scopus,llm,0.980,unreviewed,
discarded,Application of a computer-controlled infrared beam device to behavioral research,Wada H.,1986,Pharmacology Biochemistry and Behavior,10.1016/0091-3057(86)90522-8,https://www.scopus.com/inward/record.uri?partnerID=HzOxMe3b&scp=0022468499&origin=inward,off-topic-false-hit,,scopus,llm,0.980,unreviewed,
discarded,The silent ischemia profile-a new quantitative method for the analysis of st-segment changes in ambulatory recordings,Stein I.,1986,Journal of Clinical Engineering,10.1097/00004669-198611000-00009,https://www.scopus.com/inward/record.uri?partnerID=HzOxMe3b&scp=0022804906&origin=inward,off-topic-false-hit,,scopus,llm,0.980,unreviewed,
discarded,BACOMP- Database of bioactive compounds for structure-activity relationship,Pajeva I.,1986,International Journal of Bio Medical Computing,10.1016/0020-7101(86)90041-3,https://www.scopus.com/inward/record.uri?partnerID=HzOxMe3b&scp=0022635616&origin=inward,off-topic-false-hit,,scopus,llm,0.980,unreviewed,
discarded,"Two freshman courses which introduce digital electronics, programming, computers, and interfacing",Seligmann P.,1985,American Journal of Physics,10.1119/1.14163,https://www.scopus.com/inward/record.uri?partnerID=HzOxMe3b&scp=84955039718&origin=inward,adjacent-subtopic,,scopus,llm,0.940,unreviewed,
discarded,Designing a priority driven multi-frame rate flight executive,Smith-Taylor R.,1985,Alaa 23rd Aerospace Sciences Meeting 1985,,https://www.scopus.com/inward/record.uri?partnerID=HzOxMe3b&scp=84999027775&origin=inward,adjacent-subtopic,,scopus,llm,0.950,unreviewed,
discarded,DESIGNING A PRIORITY DRIVEN MULTI-FRAME RATE FLIGHT EXECUTIVE.,Smith-Taylor R.,1985,AIAA Paper,10.2514/6.1985-309,https://www.scopus.com/inward/record.uri?partnerID=HzOxMe3b&scp=85087252801&origin=inward,adjacent-subtopic,,scopus,llm,0.950,unreviewed,
discarded,A program to measure time intervals between R wave peaks in real-time mode,Okada M.,1985,Computer Methods and Programs in Biomedicine,10.1016/0169-2607(85)90081-1,https://www.scopus.com/inward/record.uri?partnerID=HzOxMe3b&scp=0021883852&origin=inward,off-topic-false-hit,,scopus,llm,0.980,unreviewed,
discarded,"Explainable Artificial Intelligence (XAI): Concepts, taxonomies, opportunities and challenges toward responsible AI",Alejandro Barredo Arrieta; Natalia Díaz-Rodríguez; Javier Del Ser; Adrien Bennetot; Siham Tabik; Alberto Barbado; Salvador García; Sergio Gil-López; Daniel Molina; Richard Benjamins; Raja Chatila; Francisco Herrera,2019,Information Fusion,10.1016/j.inffus.2019.12.012,https://openalex.org/W2981731882,adjacent-subtopic,,"openalex, dblp, ieee",llm,0.970,unreviewed,
discarded,Basic objects in natural categories,Eleanor Rosch; Carolyn Β. Mervis; Wayne D. Gray; David M. Johnson; Penny Boyes-Braem,1976,Cognitive Psychology,10.1016/0010-0285(76)90013-x,https://openalex.org/W2059799772,off-topic-false-hit,,"openalex, dblp, ieee",llm,0.980,unreviewed,
discarded,Data clustering,Anil K. Jain; M. Narasimha Murty; Patrick J. Flynn,1999,ACM Computing Surveys,10.1145/331499.331504,https://openalex.org/W1992419399,adjacent-subtopic,"Clustering is the unsupervised classification of patterns (observations, data items, or feature vectors) into groups (clusters). The clustering problem has been addressed in many contexts and by researchers in many disciplines; this reflects its broad appeal and usefulness as one of the steps in exploratory data analysis. However, clustering is a difficult problem combinatorially, and differences in assumptions and contexts in different communities has made the transfer of useful generic concepts and methodologies slow to occur. This paper presents an overview of pattern clustering methods from a statistical pattern recognition perspective, with a goal of providing useful advice and references to fundamental concepts accessible to the broad community of clustering practitioners. We present a taxonomy of clustering techniques, and identify cross-cutting themes and recent advances. We also describe some important applications of clustering algorithms such as image segmentation, object recognition, and information retrieval.","openalex, dblp, ieee",llm,0.970,unreviewed,
