status,title,authors,year,venue,doi,url,tags,abstract,provider,decision_source,llm_confidence,llm_review_outcome,llm_change_direction
discarded,A coding scheme for additive noise channels with feedback--I: No bandwidth constraint,J. Schalkwijk; T. Kailath,1966,IEEE Transactions on Information Theory,10.1109/tit.1966.1053879,https://openalex.org/W2157875630,adjacent-subtopic,"In some communication problems, it is a good assumption that the channel consists of an additive white Gaussian noise forward link and an essentially noiseless feedback link. In this paper, we study channels where no bandwidth constraint is placed on the transmitted signals. Such channels arise in space communications. It is known that the availability of the feedback link cannot increase the channel capacity of the noisy forward link, but it can considerably reduce the coding effort required to achieve a given level of performance. We present a coding scheme that exploits the feedback to achieve considerable reductions in coding and decoding complexity and delay over what would be needed for comparable performance with the best known (simplex) codes for the one-way channel. Our scheme, which was motivated by the Robbins-Monro stochastic approximation technique, can also be used over channels where the additive noise is not Gaussian but is still independent from instant to instant. An extension of the scheme for channels with limited signal bandwidth is presented in a companion paper (Part II).","openalex, ieee",llm,0.900,unreviewed,
discarded,Insights into the tectonic evolution of the North China Craton through comparative tectonic analysis: A record of outward growth of Precambrian continents,Timothy Kusky; Ali Polat; Brian F. Windley; Kevin Burke; John Dewey; W. S. F. Kidd; S. Maruyama; Junpeng Wang; Hao Deng; Zhuosheng Wang; Cong Wang; Dong Fu; Xiuti Li; Hongtao Peng,2016,Earth-Science Reviews,10.1016/j.earscirev.2016.09.002,https://openalex.org/W2507354539,off-topic-false-hit,"Archean cratons have map patterns and rock associations that are diagnostic of the Wilson Cycle. The North China Craton (NCC) consists of several distinctly different tectonic units, but the delineation and understanding of the significance of individual sutures and the rocks between them has been controversial. We present an actualistic tectonic division and evolution of the North China Craton based on Wilson Cycle and comparative tectonic analysis that uses a multi-disciplinary approach in order to define sutures, their ages, and the nature of the rocks between them, to determine their mode of formation and means of accretion or exhumation, and propose appropriate modern analogues. The eastern unit of the craton consists of several different small blocks assembled between 2.6 and 2.7 Ga ago, that resemble fragments of accreted arcs from an assembled archipelago similar to those in the extant SW Pacific. A thick Atlantic-type passive margin developed on the western side of the newly assembled Eastern Block by 2.6–2.5 Ga. A > 1300 km-long arc and accretionary prism collided with the margin of the Eastern Block at 2.5 Ga, obducting ophiolites and ophiolitic mélanges onto the block, and depositing a thick clastic wedge in a foreland basin farther into the Eastern Block. This was followed by an arc-polarity reversal, which led to a short-lived injection of mantle wedge-derived melts to the base of the crust that led to the intrusion of mafic dikes and arc-type granitoid (TTG) plutons with associated metamorphism. By 2.43 Ga, the remaining open ocean west of the accreted arc closed with the collision of an oceanic plateau now preserved as the Western Block with the collision-modified margin of the Eastern Block, causing further deformation in the Central Orogenic Belt. 2.4–2.35 Ga rifting of the newly amalgamated continental block formed a rift along its center, and new oceans within the other two rift arms, which removed a still-unknown continental fragment from its northern margin. By 2.3 Ga an arc collided with a new Atlantic-type margin developed over the rift sequence along the northern margin of the craton, and thus was converted to an Andean margin through arc-polarity reversal. Andean margin tectonics affected much of the continental block from 2.3 to 1.9 Ga, giving rise to a broad E-W swath of continental margin magmas, and retro-arc sedimentary basins including a foreland basin superimposed on the passive northern margin. The horizontal extent of these tectonic components is similar to that across the present-day Andes in South America. From 1.88 to 1.79 Ga a granulite facies metamorphic event was superimposed across the entire continental block with high-pressure granulites and eclogites in the north, and medium-pressure granulites across the whole craton to the south. The scale and duration of this post-collisional event is similar to that in Central Asia that resulted from the Cenozoic India-Asia collision. The deep crustal granulites and volcanic rocks on the surface today, interpreted to be anatectic melts from deep crustal granulites, are similar to high-grade metamorphic rocks and partial melts presently forming at mid-crustal levels beneath Tibet. Structural fabrics in lower-crustal migmatites related to this event reveal that they flowed laterally parallel to the collision boundary, in a way comparable to what is speculated to be happening in the deep crust of the Himalayan/Tibetan foreland. We relate this continent-continent collision to the collision of the North China Craton with the postulated Columbia (Nuna) Continent. The NCC broke out of the Columbia Continent between 1753–1673 Ma, as shown by the formation of a suite of anorthosite, mangerite, charnockite, and alkali-feldspar granites in an ENE-striking belt along the northern margin of the craton, whose intrusion was followed by the development of rifts and graben, mafic dike swarms, and eventually an Atlantic-type passive margin that signaled the beginning of a long period of tectonic quiescence and carbonate deposition for the NCC during Sinian times, which persisted into the Paleozoic. The style of tectonic accretion in the NCC changed at circa 2.5 Ga, from an earlier phase of accretion of arcs that are presently preserved in horizontal lengths of several hundred kilometers, to the accretion and preservation of linear arcs several thousand kilometers long with associated oceanic plateaus, microcontinents, and accretionary prisms. The style of progressively younger and westward outward accretion of different tectonic components is reminiscent of the style of accretion in the Superior Craton, and may signal the formation of progressively larger landmasses at the end of the Archean (perhaps like the Kenorland Continent), then into the Paleoproterozoic, culminating in the assembly of the Columbia (Nuna) Continent at 1.9–1.8 Ga.","openalex, ieee",llm,0.990,unreviewed,
discarded,,Steven J. Whitmeyer,2007,Geosphere,10.1130/ges00055.1,https://openalex.org/W2141472067,off-topic-false-hit,"This paper presents a plate-scale model for the Precambrian growth and evolution of the North American continent. The core of the North American continent (Canadian shield) came together in the Paleoproterozoic (2.0-1.8 Ga) by plate collisions of Archean continents (Slave with Rae-Hearne, then Rae-Hearne with Superior) as well as smaller Archean continental fragments (Wyoming, Medicine Hat, Sask, Marshfi eld, Nain cratons). The resulting Trans-Hudson orogen was a collisional belt similar in scale to the modern Himalayas. It contains mainly reworked Archean crust, but remnants of juvenile volcanic belts are preserved between Archean masses. The thick, buoyant, and compositionally depleted mantle lithosphere that now underlies North America, although dominantly of Archean age, took its present shape by processes of collisional orogenesis and likely has a scale of mantle heterogeneity similar to that exhibited in the overlying crust. In marked contrast, lithosphere of southern North America (much of the conti nental United States) was built by progressive addition of a series of dominantly juvenile vol canic arcs and oceanic terranes accreted along a long-lived southern (present coordinates) plate margin. Early juvenile additions ( Pembine-Wausau, Elves Chasm arcs) formed at the same time (1.84-1.82 Ga) the core was assembling. Following fi nal assembly of the Archean and Paleoproterozoic core of North America by 1.8 Ga, major accretionary provinces (defi ned mainly by isotopic model ages) were added by arc-continent accretion, analogous to present-day convergence between Australia and Indonesia. Also similar to Indonesia, some accreted terranes contain older continental crustal material [Archean(?) Mojavia], but the extent and geometry of older crust are not well known. Accretion-ary provinces are composed of numerous 10 to 100 km scale terranes or blocks, separated by shear zones, some of which had compound histories as terrane sutures and later crustalassembly structures. Major northeast-trending provinces are the Yavapai province (1.80-1.70 Ga), welded to North America during the 1.71-1.68 Ga Yavapai orogeny; the Mazatzal province (1.70-1.65 Ga), added during the 1.65-1.60 Ga Mazatzal orogeny; the Granite-Rhyolite province (1.50-1.30 Ga), added during the 1.45-1.30 Ga tectonic event associated with A-type intracratonic magmatism; and the Llano-Grenville province (1.30-1.00 Ga), added during the 1.30-0.95 Ga broader Grenville orogeny. During each episode of addition of juvenile lithosphere, the transformation of juvenile crust into stable continental lithosphere was facilitated by voluminous granitoid plutonism that stitched new and existing orogenic boundaries. Slab roll back created transient extensional basins (1.70 and 1.65 Ga) in which Paleoproterozoic quartziterhyolite successions were deposited, then thrust imbricated as basins were inverted. The lithospheric collage that formed from dominantly juvenile terrane accretion and stabilization (1.8-1.0 Ga) makes up about half of the present-day North American continent. Throughout (and as a result of) this long-lived convergent cycle, mantle lithosphere below the accretionary provinces was more hydrous, fertile, and relatively weak compared to mantle lithosphere under the Archean core.","openalex, ieee",llm,0.990,unreviewed,
discarded,"The Fungal Cell Wall: Structure, Biosynthesis, and Function",Neil A. R. Gow; Jean-Paul Latgé; Carol A. Munro,2017,Microbiology Spectrum,10.1128/microbiolspec.funk-0035-2016,https://openalex.org/W2614664430,off-topic-false-hit,"The molecular composition of the cell wall is critical for the biology and ecology of each fungal species. Fungal walls are composed of matrix components that are embedded and linked to scaffolds of fibrous load-bearing polysaccharides. Most of the major cell wall components of fungal pathogens are not represented in humans, other mammals, or plants, and therefore the immune systems of animals and plants have evolved to recognize many of the conserved elements of fungal walls. For similar reasons the enzymes that assemble fungal cell wall components are excellent targets for antifungal chemotherapies and fungicides. However, for fungal pathogens, the cell wall is often disguised since key signature molecules for immune recognition are sometimes masked by immunologically inert molecules. Cell wall damage leads to the activation of sophisticated fail-safe mechanisms that shore up and repair walls to avoid catastrophic breaching of the integrity of the surface. The frontiers of research on fungal cell walls are moving from a descriptive phase defining the underlying genes and component parts of fungal walls to more dynamic analyses of how the various components are assembled, cross-linked, and modified in response to environmental signals. This review therefore discusses recent advances in research investigating the composition, synthesis, and regulation of cell walls and how the cell wall is targeted by immune recognition systems and the design of antifungal diagnostics and therapeutics.","openalex, ieee",llm,0.990,unreviewed,
discarded,Rifting and the Volcanic-Tectonic Evolution of the Izu-Bonin-Mariana Arc,Brian Taylor,1992,,10.2973/odp.proc.sr.126.163.1992,https://openalex.org/W2506090427,off-topic-false-hit,"This paper focuses on the processes of arc rifting in the context of the volcanic, structural, and sedimentologic evolution of the Izu-Bonin-Mariana arc-trench system. Middle and late Eocene supra-subduction zone magmatism formed a vast terrane of boninites and island arc tholeiites (>300 3000 km) that is unlike active arc systems but is similar to many ophiolites. A modern-style volcanic arc developed by the Oligocene, along which intense tholeiitic and calc-alkaline volcanism continued until 29 (Mariana) and 27 Ma (Izu-Bonin). The Eocene-Oligocene arc massif was stretched during protracted Oligocene rifting, creating sags and half graben in the forearc and backarc. Minima in arc volcanism (29-27 Ma in the Marianas and 23-20 Ma in the Izu-Bonins) occurred during early phases of backarc spreading in the Parece Vela and Shikoku basins, respectively. Western Shikoku Basin oceanic crust previously identified as formed during Subchrons 6C (25 Ma) to 6A, may instead have formed during Subchrons 6A (22 Ma) to 5D, with a spreading jump over the eastern 5D and 5E magnetic lineations, leaving only 6A lineations east of the axial 5B-5C lineations. Middle Miocene to Holocene Izu-Bonin volcanism developed a volcanic front oriented 3c ounterclockwise from the Oligocene frontal arc and has increased in intensity to a Pliocene-Quaternary maximum. Neogene magmatism along the volcanic front has been focused on bimodally spaced (27 and 47 km), long-lived centers, but arc tholeiites have occasionally intruded the thermally cool forearc, and cross-chains of mostly submarine volcanoes occur in the backarc immediately west of the frontal arc volcanoes as well as further west, on the edge of the rifted Oligocene arc crust. The present rifting of the central Izu-Bonin arc began about 2 Ma. At 30 55'N, in Sumisu Rift, 1.1 0.4 km of subsidence of the inner rift basement and 1.1 0.5 km of uplift of the rift flank are associated with the 2-2.5 km throw on the eastern border fault zone. A zigzag pattern of half-graben-bounding normal faults characterizes both the Oligocene and Quaternary rifts. Except for the greater extent (Basin and Range style) of the Oligocene structures, the two fault patterns appear similar and little-influenced by pre-existing structures. Many of the border faults and rift flank uplifts developed early in the rift history. Syn-rift sediments are pervasively faulted and often intruded. Both the Sumisu Rift at Sites 790 and 791 and the forearc basin at Site 793 are floored with syn-rift volcanics that are geochemically distinct from their contemporary frontal arc volcanics. The oldest (> 1.1 Ma) to the youngest (Holocene) Sumisu Rift lavas are backarc basin basalts, whereas pre-and syn-rift arc volcanism is mostly low-K, subalkaline, rhyolite and andesite. The Oligocene forearc volcanics are dominantly high-Mg, low-Ti, two-pyroxene, basaltic andesites and andesites, similar to the Eocene volcanics of the outer arc high. Coarse volcanogenic sediments, derived from contemporaneous frontal arc volcanism, dominate both the Sumisu Rift and the Oligocene forearc basin fill. They were rapidly (>250 m/m.y.) deposited by turbidity currents and debris flows onto rift-floor sediment plains. Sedimentation patterns were directly influenced by the productivity of the proximal arc volcanoes, with volcanic lulls recorded by hemipelagic interbeds. Many arc segments go through a cycle of (1) frequent volcanism before and during rifting;","openalex, ieee",llm,0.990,unreviewed,
discarded,"Petrology and Geochemistry of West Philippine Basin Basalts and Early Palau--Kyushu Arc Volcanic Clasts from ODP Leg 195, Site 1201D: Implications for the Early History of the Izu--Bonin--Mariana Arc",Ivan P. Savov; Rosemary L. Hickey-Vargas; Massimo D'Antonio; Jeffrey G. Ryan; Piera Spadea,2005,Journal of Petrology,10.1093/petrology/egi075,https://openalex.org/W2164480870,off-topic-false-hit,"Site 1201D of Ocean Drilling Program Leg 195 recovered basaltic and volcaniclastic units from the West Philippine Basin that document the earliest history of the Izu–Bonin–Mariana convergent margin. The stratigraphic section recovered at Site 1201D includes 90 m of pillow basalts, representing the West Philippine Basin basement, overlain by 459 m of volcaniclastic turbidites that formed from detritus shed from the Eocene–Oligocene proto-Izu–Bonin–Mariana island arc. Basement basalts are normal mid-ocean ridge basalt (N-MORB), based on their abundances of immobile trace elements, although fluid-mobile elements are enriched, similar to back-arc basin basalts (BABB). Sr, Nd, Pb and Hf isotopic compositions of the basement basalts are similar to those of basalts from other West Philippine Basin locations, and show an overall Indian Ocean MORB signature, marked by high 208Pb/204Pb for a given 206Pb/204Pb and high 176Hf/177Hf for a given 143Nd/144Nd. Trace element and isotopic differences between the basement and overlying arc-derived volcaniclastics are best explained by the addition of subducted sediment or sediment melt, together with hydrous fluids from subducted oceanic crust, into the mantle source of the arc lavas. In contrast to tectonic models suggesting that a mantle hotspot was a source of heat for the early Izu–Bonin–Mariana arc magmatism, the geochemical data do not support an enriched, ocean island basalt (OIB)-like source for either the basement basalts or the arc volcanic section.","openalex, ieee",llm,0.990,unreviewed,
discarded,Functions of graphemic and phonemic codes in visual word-recognition,David E. Meyer; Roger W. Schvaneveldt; Margaret G. Ruddy,1974,Memory & Cognition,10.3758/bf03209002,https://openalex.org/W2011292679,off-topic-false-hit,,"openalex, ieee",llm,0.980,unreviewed,
discarded,Magmatic Response to Subduction Initiation: Part 1. Fore-arc Basalts of the Izu-Bonin Arc From IODP Expedition 352,John W. Shervais; Mark K. Reagan; Emily Haugen; Renat Almeev; Julian A. Pearce; Julie Prytulak; Jeffrey G. Ryan; Scott Whattam; Marguerite Godard; Timothy Chapman; Hongyan Li; Walter Kurz; Wendy R. Nelson; Daniel E. Heaton; Maria Kirchenbaur; Kenji Shimizu; Tetsuya Sakuyama; Yibing Li; Scott K. Vetter,2018,Geochemistry Geophysics Geosystems,10.1029/2018gc007731,https://openalex.org/W2904082105,off-topic-false-hit,"Abstract The Izu‐Bonin‐Mariana (IBM) fore arc preserves igneous rock assemblages that formed during subduction initiation circa 52 Ma. International Ocean Discovery Program (IODP) Expedition 352 cored four sites in the fore arc near the Ogasawara Plateau in order to document the magmatic response to subduction initiation and the physical, petrologic, and chemical stratigraphy of a nascent subduction zone. Two of these sites (U1440 and U1441) are underlain by fore‐arc basalt (FAB). FABs have mid‐ocean ridge basalt (MORB)‐like compositions, however, FAB are consistently lower in the high‐field strength elements (TiO2, P2O5, Zr) and Ni compared to MORB, with Na2O at the low end of the MORB field and FeO* at the high end. Almost all FABs are light rare earth element depleted, with low total REE, and have low ratios of highly incompatible to less incompatible elements (Ti/V, Zr/Y, Ce/Yb, and Zr/Sm) relative to MORB. Chemostratigraphic trends in Hole U1440B are consistent with the uppermost lavas forming off axis, whereas the lower lavas formed beneath a spreading center axis. Axial magma of U1440B becomes more fractionated upsection; overlying off‐axis magmas return to more primitive compositions. Melt models require a two‐stage process, with early garnet field melts extracted prior to later spinel field melts, with up to 23% melting to form the most depleted compositions. Mantle equilibration temperatures are higher than normal MORB (1,400 °C–1,480 °C) at relatively low pressures (1–2 GPa), which may reflect an influence of the Manus plume during subduction initiation. Our data support previous models of FAB origin by decompression melting but imply a source more depleted than normal MORB source mantle.","openalex, ieee",llm,0.990,unreviewed,
