status,title,authors,year,venue,doi,url,tags,abstract,provider,decision_source,llm_confidence,llm_review_outcome,llm_change_direction
discarded,Multi-Modal AI Approach in Depression Detection and Treatment: A Systematic Review of Last Decade,"Khare, Smith K.; Nadimi, Esmaeil S.; Acharya, U. Rajendra; Blanes-Vidal, Victoria",2026,WILEY INTERDISCIPLINARY REVIEWS-DATA MINING AND KNOWLEDGE DISCOVERY,10.1002/widm.70106,https://www.webofscience.com/wos/woscc/full-record/WOS:001857554300001,off-topic-false-hit,"Depression is a common and devastating mental health illness with serious personal and societal consequences. Despite advancing treatment techniques, there are still hurdles in the effective diagnosis and treatment of depression, such as prompt diagnosis, personalized medication, and continuous monitoring. In recent years, artificial intelligence (AI) has emerged as a potential tool in mental health treatment, providing novel solutions to these difficulties. This systematic study aims to comprehensively assess the existing AI systems for depression detection and treatment. The paper presents a systematic and comprehensive review of the last decade for depression detection, prediction, and treatment. One hundred eighty journal articles fulfilling preset inclusion criteria were found and analyzed using Preferred Reporting Items for Systematic Reviews and Meta-Analyses from major academic databases. This review used a variety of detection modalities (physical, physiological, repetitive transcranial magnetic stimulation, and pharmacological treatment response) and AI approaches, including machine learning (ML) and deep learning (DL), to address various areas of depression care, including detection, diagnosis, prediction, and treatment. Key findings demonstrate that AI offers tremendous promise in boosting depression care across the continuum, from early identification to individualized therapy optimization and remote monitoring. ML and DL models demonstrate promising accuracy in predicting depression onset, severity, and treatment response based on diverse data sources, including electroencephalogram, electrocardiogram, photoplethysmography, electrodermal activity, electronic healthcare records, facial, speech, text, and pharmaceutical data. The paper highlights the important research challenges in current automated depression decision-making models. Finally, we emphasize the prospects for developing effective and robust AI-based depression models incorporating data and model fusion, the model's trust, portability, privacy preservation, and security features. This article is categorized under: Fundamental Concepts of Data and Knowledge > Explainable AI Technologies > Machine Learning Technologies > Artificial Intelligence",wos,llm,0.990,unreviewed,
discarded,A survey charting trust models and systems in self-sovereign identity,"Turco, Calogero; De Salve, Andrea; Maesa, Damiano Di Francesco; Mori, Paolo; Ricci, Laura",2027,COMPUTER SCIENCE REVIEW,10.1016/j.cosrev.2026.101048,https://www.webofscience.com/wos/woscc/full-record/WOS:001856194400001,adjacent-subtopic,"Self-Sovereign Identity (SSI) is widely positioned as the decentralized future of digital identity. However, although traditional SSI literature emphasizes architecture and privacy, it largely overlooks a systematic analysis of how trust is formed, propagated, and managed. Trust is fundamental because, without it, the actions performed by key actors, including credential issuers, lose much of their practical value. In this landscape, trust is the ground on which SSI systems stand; when that ground is absent or unstable, any structure built on it crumbles. Against this backdrop, we chart the landscape of trust through a comprehensive survey of Trust Models (TMs) and Trust Management Systems (TMSs) in SSI. At the abstract level, we analyze TMs by examining the types of trust relationships among SSI actors and how trust is defined and represented. At the implementation level, we discuss TMSs in terms of how trust is represented, stored, and protected in the systems proposed in the literature. We analyzed 26 sources (24 peer-reviewed papers plus the Sovrin whitepaper and governance framework document), consolidated into 24 approaches, benchmarking 16 features across these dimensions. Based on this analysis, we identify five open challenges: enabling cross-chain trust portability; designing a hybrid TM that blends Web of Trust and hierarchies; supporting heterogeneous actors such as IoT devices and humans; implementing privacypreserving feedback mechanisms; and TM and TMS interoperability in emerging settings, including delegated AI agents. Our analysis offers a compass to guide researchers and developers in selecting trust models and advancing SSI systems.",wos,llm,0.970,unreviewed,
discarded,RSTD-KD: A Task-Cost-Aware Approach for UAV Communication Risk Warning via Knowledge Distillation,"Li, Caiyun; Liu, Xiaowen; Tang, Binhui; Lu, Tingting; Xiao, Daibo; Chen, Li",2026,CMC-COMPUTERS MATERIALS & CONTINUA,10.32604/cmc.2026.086522,https://www.webofscience.com/wos/woscc/full-record/WOS:001855790900001,adjacent-subtopic,"Unmanned aerial vehicle (UAV) communication links in low-altitude operations support mission control, status feedback, and data transmission. Abnormal communication states may affect mission continuity and risk response. However, conventional anomaly detection usually determines only whether a communication anomaly exists, making it difficult to support risk-state assessment and alert-threshold decision-making. To address this problem, this paper proposes Risk Stratification and Task-cost-aware Decision via Knowledge Distillation (RSTD-KD), a task-cost-aware UAV communication risk warning approach that integrates risk stratification, probability calibration, and threshold decision-making. RSTD-KD aggregates fine-grained communication records into window-level behavior samples, constructs low-, medium-, and high-risk reference states, and introduces distillation-guided risk stratification to transfer binary anomaly-boundary information and soft attack-probability supervision into three-level risk-state learning. The estimated attack probabilities are then calibrated for threshold search and cost calculation. Cross-sea logistics and general aviation inspection are used as representative task-cost scenarios to examine the effect of false-positive and false-negative costs on alert-threshold selection. Experiments on the public ECU-IoFT dataset show that RSTD-KD achieves 93.75% Accuracy, 96.44% Balanced Accuracy, and 94.65% Macro-F1. Platt Scaling reduces the Brier Score from 0.0762 to 0.0113. In the additional external-dataset portability evaluation on UAVIDS-2025, RSTD-KD achieves 94.92% Accuracy and 94.38% Macro-F1 across five random seeds, providing further evidence of the portability of RSTD-KD under different UAV communication data granularity and attack taxonomy. These results show that RSTD-KD provides an effective path for converting UAV communication detection outputs into risk states, calibrated attack probabilities, and task-oriented alert decisions.",wos,llm,0.980,unreviewed,
discarded,"Long-Term Stability, Rapid Response, and Low-Hysteretic Conductive Composite Hydrogels for Real-Time Sign Language Translation","Zhou, Hongxing; Liu, Guanshi; Cheng, Zirui; Liu, Le; Ouyang, Lei; Tang, Qingxin; Jia, Shiyue; Jing, Chenxi; Li, Deliang; Tian, Ye",2026,ADVANCED FUNCTIONAL MATERIALS,10.1002/adfm.77899,https://www.webofscience.com/wos/woscc/full-record/WOS:001856423100001,off-topic-false-hit,"Sign language recognition is a vital communication aid for the hearing-impaired. Existing wearable sign language recognition systems suffer from poor real-time performance and recognition accuracy due to limitations in multimodal sensing capabilities and sensor performance. As the core sensing material, traditional hydrogels are prone to mechanical hysteresis and residual strain under cyclic loading, leading to signal drift and distortion. Additionally, they are susceptible to dehydration and failure, which severely compromise the system's long-term stable operation. To address these bottlenecks, we developed a composite hydrogel with outstanding water retention (73.4% water content after 60 days at 25 degrees C), low hysteresis, ultra-fast response (64 ms), and recovery (66 ms). It enables highly sensitive, durable bidirectional tensile/pressure sensing for real-time multimodal mechanical monitoring. Integrated with an IMU, this hydrogel was applied to a lightweight wearable glove to reliably acquire multichannel signals and accelerations. When combined with a dual-branch LSTM model, the glove achieved 98.90% accuracy in sign language classification, demonstrating strong potential for home rehabilitation and daily communication assistance. This integrated multimodal sensing platform enables diverse wireless intelligent interactions across complex applications such as sign language recognition, robotic control, and assisted rehabilitation, delivering outstanding accuracy, real-time responsiveness, portability, and scalability.",wos,llm,0.990,unreviewed,
discarded,Improved motor imagery BCI performance via task-unaware compression in the BELT Bayesian Edge-Cloud architecture,"Danayi, Abolfazl; Soltanian-Zadeh, Hamid",2026,PLOS ONE,10.1371/journal.pone.0354976,https://www.webofscience.com/wos/woscc/full-record/WOS:001855680800007,off-topic-false-hit,"Brain-computer interface (BCI) systems have advanced with deep learning, but they are still limited by designs tied to specific applications, poor scalability, weak portability, the need for user-specific adaptation, and privacy concerns. We present BELT, a modular Bayesian Edge-Cloud architecture based on three principles: (i) Bayesian priors and posteriors to balance generalization and subject-specific learning, (ii) lightweight classifiers suitable for embedded devices, and (iii) task-aware compression to reduce bandwidth and improve privacy in edge-cloud communication. To show feasibility, we implement BELT-lite as an instantiation of BELT, a lightweight version built only from linear time-invariant operations, making it directly compatible with digital signal processing hardware. Using the BCI Competition IV-2a and IV-2b motor imagery datasets (18 subjects total, ten-fold cross-validation), BELT-lite achieved strong posterior performance after subject-specific fine-tuning: mean accuracy of 87.9 % +/- 6.8 % on Dataset B and 80.6 % +/- 8.6 % on Dataset A with data augmentation. After adaptation, four subjects from Dataset B and two from Dataset A exceeded 90% accuracy. On ARM Cortex-A7 hardware, BELT-lite achieved a mean latency of 6.75 ms per sample, significantly faster than EEGNet's 8.36 ms (p < 10(-17))-a 21% speed improvement-at the cost of a modest but statistically significant accuracy reduction of approximately 2.7 percentage points compared to EEGNet. Network Tuning Blocks allowed partial parameter freezing: classifier-only fine-tuning incurred a modest 2-5% accuracy drop while substantially reducing training cost. Compression via the task-unaware autoencoder reduced data size by 3.3 & times; while maintaining high accuracy: prior-model performance stayed within approximate to 1 % of the uncompressed baseline (with slight improvements in some configurations), full posterior fine-tuning showed a approximate to 1 % drop, and classifier-only fine-tuning incurred a approximate to 3 % drop-an acceptable trade-off for privacy-preserving edge-cloud communication, where only a compressed latent representation is transmitted instead of raw EEG. Notably, this task-unaware autoencoder (trained solely to reconstruct the input) consistently outperformed autoencoders that also incorporated classification objectives (task-aware or task-only), providing the best accuracy-compression trade-off across all fine-tuning scenarios. These findings show that BELT provides a principled design for modular and scalable BCIs, while BELT-lite demonstrates that the approach supports accurate, efficient, and portable implementations. Together, they point toward BCI systems that are more practical, mass-producible, and privacy-aware, enabling wider use in real-world settings.",wos,llm,0.990,unreviewed,
discarded,Synaptic plasticity based on photo-activated materials for mobile neuromorphic computing,"Bastos, Ana R.; Dias, Lilia M. S.; Fu, Lianshe; Ferreira, Rute A. S.; Andre, Paulo S. B.",2026,"OPTICS, PHOTONICS, AND DIGITAL TECHNOLOGIES FOR IMAGING APPLICATIONS IX",10.1117/12.3104699,https://www.webofscience.com/wos/woscc/full-record/WOS:001818796200026,off-topic-false-hit,"In the era of artificial intelligence, neuromorphic computing systems that emulate the efficiency of the human brain have emerged as promising alternatives to conventional architectures. The exploration of novel materials capable of low-power, high-speed optical operation is becoming increasingly critical. Among these, stimulus-responsive photoluminescent materials have attracted interest due to optical behaviors that resemble synaptic plasticity. We present a photonic computing layer based on carbon nanomaterials exhibiting dual fluorescence-phosphorescence emission and photoactivation dynamics, mimicking short- and long-term memory as well as synaptic potentiation. The layer was engineered to convert optical inputs into characteristic visible emission time decays. To evaluate its computational capability, the MNIST digit classification task was employed. Due to the material's brightness, the optical responses were recorded using a mobile device by sampling discrete time points from the emission dynamics. These readouts were used as inputs to an artificial neural network for offline training and inference. The system achieved a maximum training accuracy of 95.3% and a testing accuracy of 93.5%. These results demonstrate that the proposed photonic layer can perform optical computation suitable for neuromorphic information processing. Furthermore, mobile-based implementation highlights the system's accessibility and portability, enabling low-cost deployment with consumer-grade devices.",wos,llm,0.990,unreviewed,
discarded,An approach to using Self-Supervised Learning for Spike Sorting,"Iclodean, Andrei-George; Ardelean, Eugen Richard; Moca, Vasile Vlad; Muresan, Raul Cristian; Dinsoreanu, Mihaela",2025,"2025 IEEE 21ST INTERNATIONAL CONFERENCE ON INTELLIGENT COMPUTER COMMUNICATION AND PROCESSING, ICCP",10.1109/ICCP68926.2025.11427108,https://www.webofscience.com/wos/woscc/full-record/WOS:001801559200024,adjacent-subtopic,"Spike sorting is the process of assigning extracellularly recorded action-potential waveforms to their putative neuronal sources; it is an inherently unsupervised yet mission-critical step in large-scale electrophysiology. Handcrafted features and clustering heuristics have long limited spike-sorting accuracy, portability and scalability. In this work, we reformulate spike sorting as a self-supervised representation-learning problem and introduce a reconfigured Self-Supervised Audio Spectrogram Transformer (SSAST). The proposed multi-branch architecture converts one-dimensional neural signals into two-dimensional representations through three complementary pathways-Continuous Wavelet Transform (CWT), short-time Fourier transform (STFT) and direct signal remodelling-and fuses mid- and high-level features by means of MultiLayer Pooling Fusion. Relative to the original SSAST, the modified model expands the embedding dimensionality from 768 to 3072, boosts classification accuracy from 64.4% to 76.3%, and shortens training by 24%. These results demonstrate that multi-scale self-supervised learning can generate reliable labels and substantially improve spike-sorting performance.",wos,llm,0.980,unreviewed,
discarded,"Providers' and pregnant women's perspectives on obstetric point-of-care ultrasound use in peri-urban Karachi, Pakistan: a qualitative study","Hussain, Laeba; Yazdani, Nida Salman; Khalid, Ayesha; Ahmed, Fariya; Javed, Hamna; Fatima, Ishrat; Nisar, Imran; Jehan, Fyezah; Rittenhouse, Katelyn; Freeman, Bethany L.; Stringer, Jeffery; Hoodbhoy, Zahra",2026,BMC DIGITAL HEALTH,10.1186/s44247-026-00295-4,https://www.webofscience.com/wos/woscc/full-record/WOS:001854351200001,off-topic-false-hit,"Background Ultrasound is essential for antenatal care (ANC), yet access remains limited in many low- and middle-income countries (LMICs) due to shortages of equipment and trained personnel. Point-of-care ultrasound (POCUS) offers a feasible solution for gestational dating, detection of high-risk conditions, and referral decision-making in these settings. Understanding the perspectives of both healthcare providers (HCPs) and pregnant women is important for successful integration of POCUS into routine antenatal care. This study aimed to explore the perceptions of obstetric POCUS use among HCPs and pregnant women at a peri-urban community in Karachi, Pakistan.Methods A qualitative study was conducted at a peri-urban site in Karachi, Pakistan to explore the perceptions of obstetric POCUS among HCPs and pregnant women. Purposive sampling was employed and in-depth interviews (IDIs) were conducted with pregnant women and HCPs from an ongoing POCUS cohort study until thematic saturation was achieved, yielding a total of nine participants (six pregnant women and three HCPs). Interviews were audio recorded, transcribed, translated, and analyzed using a thematic analysis framework.Results The five common themes identified were role of ultrasound, perceived utility of POCUS, limitations and areas of improvement, myths and misconceptions, and recommendations for future use. POCUS was perceived as a valuable and feasible tool for ANC due to its portability and ability to perform rapid assessment closer to communities. Women valued reduced travel times while HCPs highlighted its user-friendly design and short learning curve for basic obstetric assessment and referral decisions. However, concerns regarding technical difficulties and diagnostic limitations were also noted. Moreover, pregnant women and providers appraised POCUS from different vantage points: women's confidence was largely driven by the reassurance of seeing the fetus directly, while providers held a more cautious view of what the device could diagnose. Findings were consistent with key constructs of the Technology Acceptance Model (TAM), as both women and providers recognized POCUS as a practical and beneficial addition to antenatal care. Both groups supported expanding POCUS use in community-based antenatal care.Conclusions Targeted interventions focusing on structured training and community education may support effective integration of POCUS into routine ANC and improve access to obstetric imaging in underserved communities, with the potential to improve maternal and neonatal outcomes.",wos,llm,0.990,unreviewed,
discarded,Flexible Sensor Array Based on Polythiophene/Cu-MOF-Derived CuO and Polyaniline/MXene Composites for Room-Temperature Detection of Hydrogen Sulfide and Ammonia,"Zhao, Kuo; Shi, Yunbo; Niu, Haodong; Liu, Jinzhou; Yang, Xiaohui; Tang, Bolun",2026,ACS SENSORS,10.1021/acssensors.6c01015,https://www.webofscience.com/wos/woscc/full-record/WOS:001854617100001,off-topic-false-hit,"Real-time detection of hydrogen sulfide (H2S) and ammonia (NH3) is important for occupational safety in humid, mixed-gas environments, yet conventional chemiresistive sensors remain limited by cross-sensitivity, humidity dependence, and poor portability at room temperature. Here, we report a flexible dual-channel sensor array coupled with a gated recurrent unit-convolutional neural network (GRU-CNN). A polythiophene/Cu-MOF-derived CuO composite (PTh/CuO) targets H2S through sulfur-affinitive CuO surface sites, whereas a polyaniline/Ti3C2Tx MXene composite (PANI/MXene) targets NH3 through PANI deprotonation and interfacial charge modulation. At 25 +/- 1 degrees C, the optimized PTh/CuO and PANI/MXene channels exhibited responses of 87.5% to 100 ppm H2S and 189% to 100 ppm NH3, respectively, together with linear responses over 1-10 ppm (R 2 = 0.997 and 0.998) and theoretical limits of detection of 73.3 and 40.4 ppb. Distinct responses were retained at 300 ppb H2S and 200 ppb NH3, with response/recovery times of 15/22 and 25/43 s, respectively. A GRU-CNN model trained using dynamic four-channel signals supported gas classification and concentration estimation across 0-10 ppm and 30%-80% relative humidity within the tested dataset; the maximum concentration-prediction mean squared errors were 0.020 for H2S and 0.015 for NH3. The channels retained 98.4% and 98.1% of their initial responses under 30 degrees bending. Integration with a wireless wristband enabled remote signal acquisition and a wearable monitoring demonstration. This work combines chemically differentiated sensing channels, humidity-inclusive data analysis, and flexible wireless readout within a single room-temperature platform.",wos,llm,0.990,unreviewed,
