status,title,authors,year,venue,doi,url,tags,abstract,provider,decision_source,llm_confidence,llm_review_outcome,llm_change_direction
discarded,What is land? Assembling a resource for global investment,Tania Murray Li,2014,Transactions of the Institute of British Geographers,10.1111/tran.12065,https://openalex.org/W2125931397,off-topic-false-hit,"The so‐called global land rush has drawn new attention to land, its uses and value. But land is a strange object. Although it is often treated as a thing and sometimes as a commodity, it is not like a mat: you cannot roll it up and take it away. To turn it to productive use requires regimes of exclusion that distinguish legitimate from illegitimate uses and users, and the inscribing of boundaries through devices such as fences, title deeds, laws, zones, regulations, landmarks and story‐lines. Its very ‘resourceness’ is not an intrinsic or natural quality. It is an assemblage of materialities, relations, technologies and discourses that have to be pulled together and made to align. To render it investible, more work is needed. ThisTransactions of the Institute of British GeographersPlenary Lecture uses an analytic of assemblage to examine the practices that make up land as a resource. It focuses especially on the ‘statistical picturing’ devices and other graphic forms that make large‐scale investments in land thinkable, and the practices through which relevant actors (experts, investors, villagers, governments) are enrolled. It also considers some of the risks that follow when these large‐scale investments land in particular places, as land they must.","openalex, dblp, ieee",llm,1.000,unreviewed,
discarded,GetOrganelle: a fast and versatile toolkit for accurate de novo assembly of organelle genomes,Jian-Jun Jin; Wen-Bin Yu; Jun-Bo Yang; Yu Song; Claude W. dePamphilis; Ting-Shuang Yi; Li D,2020,Genome biology,10.1186/s13059-020-02154-5,https://openalex.org/W3084201551,off-topic-false-hit,"GetOrganelle is a state-of-the-art toolkit to accurately assemble organelle genomes from whole genome sequencing data. It recruits organelle-associated reads using a modified ""baiting and iterative mapping"" approach, conducts de novo assembly, filters and disentangles the assembly graph, and produces all possible configurations of circular organelle genomes. For 50 published plant datasets, we are able to reassemble the circular plastomes from 47 datasets using GetOrganelle. GetOrganelle assemblies are more accurate than published and/or NOVOPlasty-reassembled plastomes as assessed by mapping. We also assemble complete mitochondrial genomes using GetOrganelle. GetOrganelle is freely released under a GPL-3 license ( https://github.com/Kinggerm/GetOrganelle ).","openalex, dblp, ieee",llm,1.000,unreviewed,
discarded,The Origins of Technology-Skill Complementarity,Claudia Goldin; Lawrence F. Katz,1998,The Quarterly Journal of Economics,10.1162/003355398555720,https://openalex.org/W2103419131,off-topic-false-hit,"Current concern with the impact of new technologies on the wage structure motivates this study. We offer evidence that technology-skill and capital-skill (relative) complementarities existed in manufacturing early in this century and were related to the adoption of electric motors and particular production methods. Industries, from 1909 to 1929, with more capital per worker and a greater proportion of motive energy coming from purchased electricity employed relatively more educated blue-collar workers in 1940 and paid their production workers substantially more. We also find a strong positive association between changes in capital intensity and the nonproduction worker wage bill from 1909–1919 implying capital-skill complementarity as large as in recent years.","openalex, dblp, ieee",llm,0.990,unreviewed,
discarded,The Draft Genome of Ciona intestinalis : Insights into Chordate and Vertebrate Origins,Paramvir Dehal; Yutaka Satou; R. Keith Campbell; Jarrod Chapman; Bernard M. Degnan; Anthony De Tomaso; Brad Davidson; Anna Di Gregorio; Maarten D. Sollewijn Gelpke; David Goodstein; Naoe Harafuji; Kenneth E.M. Hastings; Isaac Ho; Kohji Hotta; Wayne Huang; Takeshi Kawashima; Patrick Lemaire; Diego Martínez; Ian A. Meinertzhagen; Simona Necula; Masaru Nonaka; Nik Putnam; Sam Rash; Hidetoshi Saiga; Masanobu Satake; Astrid Terry; Lixy Yamada; Hong-Gang Wang; Satoko Awazu; Kaoru Azumi; Jeffrey L. Boore; Margherita Branno; Stephen T. Chin-Bow; Rosaria Desantis; Sharon A. Doyle; M. Pilar Francino; David N. Keys; Shinobu Haga; Hiroko Hayashi; Kyosuke Hino; Kaoru S. Imai; Kazuo Inaba; Shungo Kano; Kenji Kobayashi; Mari Kobayashi; Byung-In Lee; Kazuhiro W. Makabe; Chitra Manohar; Giorgio Matassi; Mónica Medina; Yasuaki Mochizuki; Steve Mount; Tomomi Morishita; Sachiko Miura; A. Nakayama; Satoko Nishizaka; Hisayo Nomoto; Fumiko Ohta; Kazuko Oishi; Isidore Rigoutsos; Masako Sano; Akane Sasaki; Yasunori Sasakura; Eiichi Shoguchi; Tadasu Shin-I; Antonietta Spagnuolo; Didier Y. R. Stainier; Miho Suzuki; Olivier Tassy; Naohito Takatori; Miki Tokuoka; Kasumi Yagi; Fumiko Yoshizaki; Shuichi Wada; Cindy Zhang; P. Douglas Hyatt; Frank W. Larimer; Chris Detter; Norman A. Doggett; Tijana Glavina; Trevor Hawkins; Paul Richardson; Susan Lucas; Yuji Kohara; Michael Levine; Nori Satoh; Daniel S. Rokhsar,2002,Science,10.1126/science.1080049,https://openalex.org/W2170258388,off-topic-false-hit,"The first chordates appear in the fossil record at the time of the Cambrian explosion, nearly 550 million years ago. The modern ascidian tadpole represents a plausible approximation to these ancestral chordates. To illuminate the origins of chordate and vertebrates, we generated a draft of the protein-coding portion of the genome of the most studied ascidian, Ciona intestinalis. The Ciona genome contains approximately 16,000 protein-coding genes, similar to the number in other invertebrates, but only half that found in vertebrates. Vertebrate gene families are typically found in simplified form in Ciona, suggesting that ascidians contain the basic ancestral complement of genes involved in cell signaling and development. The ascidian genome has also acquired a number of lineage-specific innovations, including a group of genes engaged in cellulose metabolism that are related to those in bacteria and fungi.","openalex, dblp, ieee",llm,1.000,unreviewed,
discarded,Scientific Discovery Learning with Computer Simulations of Conceptual Domains,Ton de Jong; Wouter van Joolingen,1998,Review of Educational Research,10.3102/00346543068002179,https://openalex.org/W2151715145,adjacent-subtopic,"Scientific discovery learning is a highly self-directed and constructivistic form of learning. A computer simulation is a type of computer-based environment that is well suited for discovery learning, the main task of the learner being to infer, through experimentation, characteristics of the model underlying the simulation. In this article we give a review of the observed effectiveness and efficiency of discovery learning in simulation environments together with problems that learners may encounter in discovery learning, and we discuss how simulations may be combined with instructional support in order to overcome these problems.","openalex, dblp, ieee",llm,0.900,unreviewed,
kept,"Sperry Rand's first-generation computers, 1955-1960: hardware and software",G.T. Gray; R.Q. Smith,2004,IEEE Annals of the History of Computing,10.1109/MAHC.2004.34,https://ieeexplore.ieee.org/document/1369138/,supports-claim,Sperry Rand Corporation was formed in 1955 by the merger of Remington Rand and Sperry Gyroscope. Remington Rand was an early entrant in the computer industry through its acquisitions of Engineering Research Associates and Eckert-Mauchly Computer Corporation. The article describes the major vacuum tube computers and the supporting software developed by Sperry Rand during the later 1950s.,"openalex, dblp, ieee",llm,0.870,unreviewed,
discarded,Real-Time Stereo by using Dynamic Programming,S. Forstmann; Y. Kanou; Jun Ohya; S. Thuering; A. Schmitt,2004,2004 Conference on Computer Vision and Pattern Recognition Workshop,10.1109/CVPR.2004.428,https://ieeexplore.ieee.org/document/1384820/,adjacent-subtopic,"A Dynamic Programming (DP) based algorithm that achieves real-time, high quality stereo-matching is presented. A special coarse to fine approach as well as the MMX based assembler implementation mainly contribute to the reached computation speed. A novel vertical smoothing approach by re-integrating paths inside the DP matching allows the avoidance of noisy horizontal strokes, so that high quality stereo-matching is achieved. The current implementation capable of running at about 30 FPS on an 2.2GHz PC, which is sufficient for the utilization in real-time applications.","openalex, dblp, ieee",llm,0.960,unreviewed,
discarded,Do you trust your compiler?,J.M. Boyle; R.D. Resler; V.L. Winter,1999,Computer,10.1109/2.762804,https://ieeexplore.ieee.org/document/762804/,adjacent-subtopic,"As our society becomes more technologically complex, computer systems are finding an alarming number of uses in safety-critical applications. In many such systems, the software component's reliability is essential to the system's safe operation, so it becomes natural to ask, ""How can software be made to behave correctly when executed?"" Using program transformations to produce trusted software simplifies verification. Program transformations use proven laws to manipulate programs in a manner analogous to algebraic transformations. The authors sketch how a formal method based on program transformations can be used to construct a verified compiler. Such a compiler has been proved to correctly compile any correct program into assembly language. While the compiler itself may not execute efficiently-after all, you need only use the verified compiler the last time you compile a program-the transformational approach should enable the verified compiler to produce efficient assembly code.","openalex, dblp, ieee",llm,0.840,unreviewed,
discarded,The assembly-language translation of the operational flight program for a tactical fighter plane's radar data processor,C.K. Cole; J.P. Murray; T.E. Tibbitts; E.S. Warlick,1995,Proceedings of the IEEE 1995 National Aerospace and Electronics Conference. NAECON 1995,10.1109/NAECON.1995.522047,https://ieeexplore.ieee.org/document/522047/,adjacent-subtopic,"As military budgets shrink, military contractors are under increasing pressure to produce high performance systems for the lowest possible cost. For new weapons systems, this pressure generally has meant exploiting the economies of scale of standardized, military-approved microprocessor chips. As currently-deployed systems age, an equal need exists to tap these same economies of scale to extend the useful lives of older defense systems in a cost-effective manner. Upgrading a processor-based component of a defense system involves both hardware and software migration tasks. The software migration task typically requires the translation of assembly-language programs from older complex instruction set computers (CISC) to the native code of the reduced instruction set computers (RISC) used in designs today. Although the migration of hardware is not without its difficulties, it is aided by the fact that CPU speeds and complexities provide tremendous flexibility to hardware designers of today compared with their counterparts of 20 to 30 years ago. However, the translation of assembly-language programs written for proprietary systems of 20+ years ago still presents tremendous difficulties and is often the primary reason why such hardware/software upgrades are not attempted. This paper discusses the software upgrade methodology used to translate the operational flight program (OFF) of the fielded radar data processor (RDP) unit of an advanced radar system aboard a tactical fighter plane. In particular, the paper concentrates on the translation and debugging processes used to re-host the OFF of the RDP onto a new hardware platform designed around the Intel i960 RISC microprocessor architecture.","openalex, dblp, ieee",llm,0.950,unreviewed,
kept,The History of Language Processor Technology in IBM,F. E. Allen,1981,IBM Journal of Research and Development,10.1147/rd.255.0535,https://ieeexplore.ieee.org/document/5390587/,supports-claim,"The history of language processor technology in IBM is described in this paper. Most of the paper is devoted to compiler technology; interpreters, assemblers, and macro systems are discussed briefly. The emphasis is on scientific contributions and technological advances from a historical perspective. The synergistic relationship between theory and practice is a subtheme.","openalex, dblp, ieee",llm,0.950,unreviewed,
discarded,Re-hosting the operational flight program for a tactical fighter plane's radar data processor: a software upgrade methodology,J.P. Murray; C.K. Cole; E.S. Warlick,1996,Proceedings of the IEEE 1996 National Aerospace and Electronics Conference NAECON 1996,10.1109/NAECON.1996.517694,https://ieeexplore.ieee.org/document/517694/,adjacent-subtopic,"As military budgets shrink, military contractors are under increasing pressure to produce high performance systems for the lowest possible cost. Upgrading a processor-based component of a defense system involves both hardware and software migration tasks. The software migration task typically requires the re-hosting of assembly-language programs from older complex instruction set computers (CISC) to the native code of the reduced instruction set computers (RISC) used in designs today. Two distinct phases can be identified in this re-hosting effort: the initial translation of the software, and the debugging of the resulting code. This paper discusses the software upgrade methodology used to re-host the operational flight program (OFF) of the fielded radar data processor (RDP) unit of a radar system aboard a tactical fighter plane. In particular, the paper concentrates on the streamlining and debugging processes used to re-host the previously translated OFF of the RDP onto a new hardware platform designed around the Intel i960 RISC microprocessor architecture. The initial translation of the software from its proprietary assembly language to i960 code has been previously described; this paper will discuss the techniques used to test and debug that translated code, as well as those techniques used to upgrade from that baseline code to a later release of the proprietary OFF. All of the debugging and verification was accomplished by a team of three full-time engineers in approximately one calendar year. The techniques described provide an effective software upgrade ""attack plan"" that can be applied to a vast number of aging systems.","openalex, dblp, ieee",llm,0.950,unreviewed,
discarded,The COLUMBUS approach,Jan Witt,1975,IEEE Transactions on Software Engineering,10.1109/TSE.1975.6312865,https://ieeexplore.ieee.org/document/6312865/,adjacent-subtopic,"This paper describes an interactive system-COLUMBUS-for the development of well-structured programs in assembly language, Cobol, and PL/I. One of the basic concepts employed is the use of Nassi/Shneiderman charts as the unique reference document. For specifying the control structures of a program, the programmer uses a set of control primitives which are common for all languages used. Data declarations and executable statements are taken from the individual language. This mixture is called the COLUMBUS source form. From this source form Nassi/Shneiderman diagrams and cross-reference matrices can be produced in a language-independent fashion; pure source for the individual languages is produced by a set of preprocessors in a language-dependent fashion. This paper illustrates the mechanisms involved by giving some small examples for the individual languages, and it also gives a brief history of the project and reports on quantitative and qualitative results obtained so far. The plans for future extensions are also explained.","openalex, dblp, ieee",llm,0.900,unreviewed,
kept,Tower of Babel,Nathan L. Ensmenger,2010,"The Computer Boys Take Over: Computers, Programmers, and the Politics of Technical Expertise",,https://ieeexplore.ieee.org/document/6277849/,supports-claim,"This chapter contains sections titled: Automatic Programmers, Assemblers, Compilers, and the Origins of the Subroutine, FORTRAN, COBOL, ALGOL, Pascal, ADA, and Beyond","openalex, dblp, ieee",llm,0.960,unreviewed,
kept,A tale of assembly,N. Holmes,1997,IEEE Annals of the History of Computing,10.1109/85.627899,https://ieeexplore.ieee.org/document/627899/,supports-claim,The author takes us back to the days when assembly language programming was still a large part of the computing scene with a story of how the user group Share influenced IBM on assembly languages just when the company had decided to concentrate on the new high-level languages.,"openalex, dblp, ieee",llm,0.930,unreviewed,
discarded,Rapid exploration of multimedia system-on-chips with automatically generated software performance models,C.M. Kirchsteiger; H. Schweitzer; C. Trummer; C. Steger; R. Weiss; M. Pistauer,2008,2008 IEEE/ACM/IFIP Workshop on Embedded Systems for Real-Time Multimedia,10.1109/ESTMED.2008.4696988,https://ieeexplore.ieee.org/document/4696988/,adjacent-subtopic,"A challenge in the design space exploration of todays' multimedia system-on-chip (SoC) designs is to rapidly evaluate the large number of different processor types. This limitation is resolved by our methodology, originated from the SIMBA1 project. It automatically generates a Sys- temC performance model of the software code with respect to the chosen processor type. The generated performance model consists of the original software C-code annotated with SystemC wait statements to consider the execution time on the target processor. These wait statements are automatically determined by the target cross-compiler's assembler code and the processor datasheet and consider also memory accesses and pipeline effects. In our experiments we automatically generate both a performance model of an ARM and a TI processor. This only requires the target cross-compiler and the processor datasheet and is widely applicable to various processor types. We show that our models can be used easily to compare the software performance on these platforms. We also demonstrate that the models can be smoothly integrated into an existing multimedia SoC for a rapid software-driven architecture exploration.","openalex, dblp, ieee",llm,0.930,unreviewed,
discarded,Efficiency system for DSP algorithms on embedded ARM PXA processors,Jamal A. Madni; Sum Yin Wong,2012,World Automation Congress 2012,,https://ieeexplore.ieee.org/document/6320953/,adjacent-subtopic,"Energy awareness and management are two vital concepts essential to the successful operation and application of embedded computing systems. Furthermore, embedded systems need to be equipped with high performance processors under specific embedded environmental conditions. The purpose of this project is an in-depth technical comparison of energy and performance for the ARM PXA processor operation vs. Conventional DSPs, via digital signal processing code development. The parameters and tools for our comparison included: memory and cache management (primarily the effects various data set sizes have on the use and misuse of cache). We will quantify these metrics using In-Line Assembler to access the ARM PXA Performance Monitoring Registers. Initially we tested out these parameters via a basic FIR filter design. Our testing scenarios then involved a more elaborate signal processing algorithm, namely, a fixed point 1-D and 2-D FFT, thereby conclusively proving the origins and strategies for optimization within this reference frame.","openalex, dblp, ieee",llm,0.940,unreviewed,
discarded,Retargeting and enhancing a compact multitasking kernel for the Altera Nios II processor,Naraig Manjikian,2016,2016 IEEE Canadian Conference on Electrical and Computer Engineering (CCECE),10.1109/CCECE.2016.7726796,https://ieeexplore.ieee.org/document/7726796/,adjacent-subtopic,"This paper describes the retargeting and further enhancement of a compact multitasking kernel for the 32-bit Altera Nios II processor. The kernel, called QUERK for Queen's University Educational Real-time Kernel, was originally written in assembly language and then the C language for the Motorola (and then Freescale) 68HC11 processor. Consisting of less than 200 lines of assembly-language instructions, the kernel was intended for educational purposes on undergraduate laboratory equipment in use at the time it was created. The software also supported undergraduate capstone project activity. To migrate the software to the 32-bit Altera Nios II processor that subsequently replaced the 8-bit 68HC11 in undergraduate laboratory activity, and to investigate issues arising from differences between the two instruction sets, this paper describes the retargeting of the kernel at the level of assembly language. The results reveal that the number of assembly-language source instructions for the base kernel with relinquish, block, and unblock services increased by less than 9% for the Nios II in comparison to the 68HC11. Although many additional instructions are needed to save and restore the larger number of registers for the Nios II, reductions in the number of instructions needed in other parts of the kernel aid in offsetting that increase in instructions. Further enhancements of the kernel are also described with support for timer delay requests, dynamic memory management, and interprocess communication with message passing. Potential future enhancements are also described.","openalex, dblp, ieee",llm,0.910,unreviewed,
