status,title,authors,year,venue,doi,url,tags,abstract,provider,decision_source,llm_confidence,llm_review_outcome,llm_change_direction
discarded,New Capabilities of the FLUKA Multi-Purpose Code,C. Ahdida; Davide Bozzato; Daniele Calzolari; F. Cerutti; N. Charitonidis; A. Cimmino; Andrea Coronetti; Gian Luigi D'Alessandro; A. Donadon Servelle; Luigi Salvatore Esposito; Robert Froeschl; Rubén García Alía; A. Gerbershagen; S. Gilardoni; D. Horváth; G. Hugo; Angelo Infantino; V. Kouskoura; Anton Lechner; B. Lefebvre; Giuseppe Lerner; Matteo Magistris; A. Manousos; G. Moryc; Francisco Ogallar Ruiz; Fabio Pozzi; Daniel Prelipcean; S. Roesler; R. Rossi; M. Sabaté-Gilarte; Francesc Salvat--Pujol; P. Schoofs; Vojtěch Stránský; Chris Theis; A. Tsinganis; R. Versaci; V. Vlachoudis; Andreas Waets; M. Widorski,2022,Frontiers in Physics,10.3389/fphy.2021.788253,https://openalex.org/W4210779870,adjacent-subtopic,"FLUKA is a general purpose Monte Carlo code able to describe the transport and interaction of any particle and nucleus type in complex geometries over an energy range extending from thermal neutrons to ultrarelativistic hadron collisions. It has many different applications in accelerator design, detector studies, dosimetry, radiation protection, medical physics, and space research. In 2019, CERN and INFN, as FLUKA copyright holders, together decided to end their formal collaboration framework, allowing them henceforth to pursue different pathways aimed at meeting the evolving requirements of the FLUKA user community, and at ensuring the long term sustainability of the code. To this end, CERN set up the FLUKA.CERN Collaboration 1 . This paper illustrates the physics processes that have been newly released or are currently implemented in the code distributed by the FLUKA.CERN Collaboration 2 under new licensing conditions that are meant to further facilitate access to the code, as well as intercomparisons. The description of coherent effects experienced by high energy hadron beams in crystal devices, relevant to promising beam manipulation techniques, and the charged particle tracking in vacuum regions subject to an electric field, overcoming a former lack, have already been made available to the users. Other features, namely the different kinds of low energy deuteron interactions as well as the synchrotron radiation emission in the course of charged particle transport in vacuum regions subject to magnetic fields, are currently undergoing systematic testing and benchmarking prior to release. FLUKA is widely used to evaluate radiobiological effects, with the powerful support of the Flair graphical interface, whose new generation (Available at http://flair.cern ) offers now additional capabilities, e.g., advanced 3D visualization with photorealistic rendering and support for industry-standard volume visualization of medical phantoms. FLUKA has also been playing an extensive role in the characterization of radiation environments in which electronics operate. In parallel, it has been used to evaluate the response of electronics to a variety of conditions not included in radiation testing guidelines and standards for space and accelerators, and not accessible through conventional ground level testing. Instructive results have been obtained from Single Event Effects (SEE) simulations and benchmarks, when possible, for various radiation types and energies. The code has reached a high level of maturity, from which the FLUKA.CERN Collaboration is planning a substantial evolution of its present architecture. Moving towards a modern programming language allows to overcome fundamental constraints that limited development options. Our long term goal, in addition to improving and extending its physics performances with even more rigorous scientific oversight, is to modernize its structure to integrate independent contributions more easily and to formalize quality assurance through state-of-the-art software deployment techniques. This includes a continuous integration pipeline to automatically validate the codebase as well as automatic processing and analysis of a tailored physics-case test suite. With regard to the aforementioned objectives, several paths are currently envisaged, like finding synergies with Geant4, both at the core structure and interface level, this way offering the user the possibility to run with the same input different Monte Carlo codes and crosscheck the results.","openalex, ieee",llm,0.970,unreviewed,
discarded,First M87 Event Horizon Telescope Results. I. The Shadow of the Supermassive Black Hole,Kazunori Akiyama; A. Alberdi; W. Alef; Keiichi Asada; Rebecca Azulay; Anne-Kathrin Baczko; David Ball; Mislav Baloković; John Barrett; Dan Bintley; Lindy Blackburn; W. Boland; Katherine L. Bouman; Geoffrey C. Bower; Michael Bremer; Christiaan D. Brinkerink; Roger Brissenden; S. Britzen; Avery E. Broderick; Dominique Broguière; Thomas Bronzwaer; Do-Young Byun; J. E. Carlstrom; Andrew Chael; Chi-kwan Chan; Shami Chatterjee; Koushik Chatterjee; Ming-Tang Chen; Xiaopeng Cheng; Ilje Cho; Pierre Christian; J. E. Conway; J. M. Cordes; G. Crew; Yuzhu Cui; Jordy Davelaar; Mariafelicia De Laurentis; Roger Deane; Jessica Dempsey; G. Desvignes; Jason Dexter; Sheperd S. Doeleman; Ralph P. Eatough; H. Falcke; Vincent L. Fish; Ed Fomalont; Raquel Fraga-Encinas; William T. Freeman; Per Friberg; Christian M. Fromm; José L. Gómez; Peter Galison; Charles F. Gammie; Roberto García; Olivier Gentaz; Boris Georgiev; C. Goddi; Roman Gold; Minfeng Gu; Mark Gurwell; Kazuhiro Hada; M. H. Hecht; Ronald Hesper; Luis C. Ho; Paul T. P. Ho; Mareki Honma; Chih-Wei L. Huang; Lei 磊 Huang 黄; D. H. Hughes; Shiro Ikeda; Makoto Inoue; Sara Issaoun; D. J. James; Buell T. Jannuzi; Michaël Janssen; Britton Jeter; Wu Jiang; Michael D. Johnson; Svetlana G. Jorstad; Taehyun Jung; Mansour Karami; R. Karuppusamy; Tomohisa Kawashima; Garrett K. Keating; Mark Kettenis; Jae-Young Kim; Junhan Kim; Jongsoo Kim; Motoki Kino; Jun Yi Koay; Patrick M. Koch; Shoko Koyama; Michael Kramer; C. Krämer; T. P. Krichbaum; Cheng-Yu Kuo; Tod R. Lauer; Sang-Sung Lee; Yanrong Li; Zhiyuan 志远 Li 李,2019,The Astrophysical Journal Letters,10.3847/2041-8213/ab0ec7,https://openalex.org/W2936349953,adjacent-subtopic,"Abstract When surrounded by a transparent emission region, black holes are expected to reveal a dark shadow caused by gravitational light bending and photon capture at the event horizon. To image and study this phenomenon, we have assembled the Event Horizon Telescope, a global very long baseline interferometry array observing at a wavelength of 1.3 mm. This allows us to reconstruct event-horizon-scale images of the supermassive black hole candidate in the center of the giant elliptical galaxy M87. We have resolved the central compact radio source as an asymmetric bright emission ring with a diameter of 42 ± 3 μ as, which is circular and encompasses a central depression in brightness with a flux ratio ≳10:1. The emission ring is recovered using different calibration and imaging schemes, with its diameter and width remaining stable over four different observations carried out in different days. Overall, the observed image is consistent with expectations for the shadow of a Kerr black hole as predicted by general relativity. The asymmetry in brightness in the ring can be explained in terms of relativistic beaming of the emission from a plasma rotating close to the speed of light around a black hole. We compare our images to an extensive library of ray-traced general-relativistic magnetohydrodynamic simulations of black holes and derive a central mass of M = (6.5 ± 0.7) × 10 9 M ⊙ . Our radio-wave observations thus provide powerful evidence for the presence of supermassive black holes in centers of galaxies and as the central engines of active galactic nuclei. They also present a new tool to explore gravity in its most extreme limit and on a mass scale that was so far not accessible.","openalex, ieee",llm,0.980,unreviewed,
discarded,The Security of Triple Encryption and a Framework for Code-Based Game-Playing Proofs,Mihir Bellare; Phillip Rogaway,2006,Lecture notes in computer science,10.1007/11761679_25,https://openalex.org/W2167606175,adjacent-subtopic,,"openalex, ieee",llm,0.940,unreviewed,
discarded,African genomes illuminate the early history and transition to selfing in Arabidopsis thaliana,Arun Durvasula; Andrea Fulgione; Rafał M. Gutaker; Selen Irez Alacakaptan; Pádraic J. Flood; Célia Neto; Takashi Tsuchimatsu; Hernán A. Burbano; F. Xavier Picó; Carlos Alonso-Blanco; Angela M. Hancock,2017,Proceedings of the National Academy of Sciences,10.1073/pnas.1616736114,https://openalex.org/W2611622824,off-topic-false-hit,"Significance The principal plant model species, Arabidopsis thaliana , is central to our understanding of how molecular variants lead to phenotypic change. In this genome-sequencing effort focused on accessions from Africa, we show that African populations represent the most ancient lineages and provide new clues about the origin of selfing and the species itself. Population history in Africa contrasts sharply with the pattern in Eurasia, where the vast majority of samples result from the recent expansion of a single clade. This previously unexplored reservoir of variation is remarkable given the large number of genomic studies conducted previously in this well-studied species and implies that assaying variation in Africa may often be necessary for understanding population history in diverse species.","openalex, ieee",llm,0.990,unreviewed,
discarded,A duality theorem for non-linear programming,Philip Wolfe,1961,Quarterly of Applied Mathematics,10.1090/qam/135625,https://openalex.org/W2561178549,off-topic-false-hit,A dual problem is formulated for the mathematical programming problem of minimizing a convex function under convex constraints which reduces to the classical dual problem in the case of linear programming problems. Duality theorems are proved regarding the relationship between the problem and its dual.,"openalex, ieee",llm,0.970,unreviewed,
discarded,Version 3 of the Global Aridity Index and Potential Evapotranspiration Database,Robert J. Zomer; Jianchu Xu; Antonio Trabucco,2022,Scientific Data,10.1038/s41597-022-01493-1,https://openalex.org/W4285590095,off-topic-false-hit,"Abstract The “Global Aridity Index and Potential Evapotranspiration Database - Version 3” (Global-AI_PET_v3) provides high-resolution (30 arc-seconds) global hydro-climatic data averaged (1970–2000) monthly and yearly, based upon the FAO Penman-Monteith Reference Evapotranspiration (ET 0 ) equation. An overview of the methods used to implement the Penman-Monteith equation geospatially and a technical evaluation of the results is provided. Results were compared for technical validation with weather station data from the FAO “CLIMWAT 2.0 for CROPWAT” ( ET 0 : r 2 = 0 .85; AI: r 2 = 0.90 ) and the U.K. “Climate Research Unit: Time Series v 4.04” ( ET 0 : r 2 = 0 .89; AI: r 2 = 0 .83 ), while showing significant differences to an earlier version of the database. The current version of the Global-AI_PET_v3 supersedes previous versions, showing a higher correlation to real world weather station data. Developed using the generally agreed upon standard methodology for estimation of reference ET 0 , this database and notably, the accompanying source code, provide a robust tool for a variety of scientific applications in an era of rapidly changing climatic conditions.","openalex, ieee",llm,0.990,unreviewed,
kept,Programming the EDSAC: early programming activity at the University of Cambridge,Martin Campbell-Kelly,1998,IEEE Annals of the History of Computing,10.1109/85.728229,https://openalex.org/W2163639333,supports-claim,"The EDSAC computer was completed at Cambridge University, England, in May 1949. By early 1950, a programming system had been set up, and the EDSAC began to attract a number of regular users. The article describes the development of the programming system between the first operation of the machine in May 1949 and the end of that year. Subsequent programming developments in 1950-1952 are also described. The paper concludes with an assessment of this programming activity.","openalex, ieee",llm,1.000,unreviewed,
kept,Programming the EDSAC: Early Programming Activity at the University of Cambridge,Martin Campbell-Kelly,1980,IEEE Annals of the History of Computing,10.1109/mahc.1980.10009,https://openalex.org/W3150885665,supports-claim,"The EDSAC computer was completed at Cambridge University, England, in May 1949. By early 1950 a programming system had been set up and the EDSAC began to attract a number of regular users. This article describes the development of the programming system between the first operation of the machine in May 1949 and the end of that year. Subsequent programming developments in 1950-1952 are also described. The paper concludes with an assessment of this programming activity.","openalex, ieee",llm,1.000,unreviewed,
discarded,Reproducibility in density functional theory calculations of solids,Kurt Lejaeghere; Gustav Bihlmayer; Torbjörn Björkman; Peter Blaha; Stefan Blügel; Volker Blüm; Damien Caliste; Ivano E. Castelli; Stewart J. Clark; Andrea Dal Corso; Stefano de Gironcoli; Thierry Deutsch; J. K. Dewhurst; Igor Di Marco; Claudia Draxl; Marcin Dułak; Olle Eriksson; José A. Flores-Livas; Kevin F. Garrity; Luigi Genovese; Paolo Giannozzi; Matteo Giantomassi; Stefan Goedecker; Xavier Gonze; Oscar Grånäs; E. K. U. Gross; Andris Guļāns; François Gygi; D. R. Hamann; P. J. Hasnip; N. A. W. Holzwarth; Diana Iuşan; Dominik B. Jochym; F. Jollet; Daniel R. Jones; Georg Kresse; Klaus Koepernik; Emine Küçükbenli; Y. O. Kvashnin; Inka L. M. Locht; S. Lübeck; Martijn Marsman; Nicola Marzari; Ulrike Nitzsche; Lars Nordström; Taisuke Ozaki; Lorenzo Paulatto; Chris J. Pickard; Ward Poelmans; Matt Probert; Keith Refson; Manuel Richter; Gian-Marco Rignanese; Santanu Saha; Matthias Scheffler; Martin Schlipf; Karlheinz Schwarz; S. Sharma; Francesca Tavazza; Patrik Thunström; Alexandre Tkatchenko; Marc Torrent; David Vanderbilt; Michiel J. van Setten; Véronique Van Speybroeck; J. M. Wills; Jonathan R. Yates; Guoxu Zhang; Stefaan Cottenier,2016,Science,10.1126/science.aad3000,https://openalex.org/W2310703973,adjacent-subtopic,"The widespread popularity of density functional theory has given rise to an extensive range of dedicated codes for predicting molecular and crystalline properties. However, each code implements the formalism in a different way, raising questions about the reproducibility of such predictions. We report the results of a community-wide effort that compared 15 solid-state codes, using 40 different potentials or basis set types, to assess the quality of the Perdew-Burke-Ernzerhof equations of state for 71 elemental crystals. We conclude that predictions from recent codes and pseudopotentials agree very well, with pairwise differences that are comparable to those between different high-precision experiments. Older methods, however, have less precise agreement. Our benchmark provides a framework for users and developers to document the precision of new applications and methodological improvements.","openalex, ieee",llm,0.930,unreviewed,
discarded,A standard international socio-economic index of occupational status,Harry B. G. Ganzeboom; P.M. de Graaf; Donald J. Treiman,1992,Social Science Research,10.1016/0049-089x(92)90017-b,https://openalex.org/W2115585814,off-topic-false-hit,,"openalex, ieee",llm,0.990,unreviewed,
discarded,Heat flow in the Lesser Antilles island arc and adjacent back arc Grenada basin,Michael Manga; Matthew J. Hornbach; Anne Le Friant; Osamu Ishizuka; Nicole A. Stroncik; T. Adachi; Mohammed H. Aljahdali; Georges Boudon; Christoph Breitkreuz; Andrew Fraass; Akihiko Fujinawa; Robert G. Hatfield; Martin Jutzeler; Kyoko S. Kataoka; Sara Lafuerza; Fukashi Maeno; Michael Martínez-Colón; M. C. McCanta; Sally Morgan; Martin R. Palmer; Takeshi Saito; Angela L. Slagle; A. Stinton; K.S.V. Subramanyam; Yoshihiko Tamura; Peter J. Talling; Benoı̂t Villemant; Deborah Wall-Palmer; Fei Wang,2012,Geochemistry Geophysics Geosystems,10.1029/2012gc004260,https://openalex.org/W1772521552,off-topic-false-hit,"Using temperature gradients measured in 10 holes at 6 sites, we generate the first high fidelity heat flow measurements from Integrated Ocean Drilling Program drill holes across the northern and central Lesser Antilles arc and back arc Grenada basin. The implied heat flow, after correcting for bathymetry and sedimentation effects, ranges from about 0.1 W/m2 on the crest of the arc, midway between the volcanic islands of Montserrat and Guadeloupe, to <0.07 W/m2 at distances >15 km from the crest in the back arc direction. Combined with previous measurements, we find that the magnitude and spatial pattern of heat flow are similar to those at continental arcs. The heat flow in the Grenada basin to the west of the active arc is 0.06 W/m2, a factor of 2 lower than that found in the previous and most recent study. There is no thermal evidence for significant shallow fluid advection at any of these sites. Present‐day volcanism is confined to the region with the highest heat flow.","openalex, ieee",llm,0.990,unreviewed,
discarded,Recommendations for Improving Serum Creatinine Measurement: A Report from the Laboratory Working Group of the National Kidney Disease Education Program,Gary L. Myers,2005,Clinical Chemistry,10.1373/clinchem.2005.0525144,https://openalex.org/W2104443849,off-topic-false-hit,"BACKGROUND: Reliable serum creatinine measurements in glomerular filtration rate (GFR) estimation are critical to ongoing global public health efforts to increase the diagnosis and treatment of chronic kidney disease (CKD). We present an overview of the commonly used methods for the determination of serum creatinine, method limitations, and method performance in conjunction with the development of analytical performance criteria. Available resources for standardization of serum creatinine measurement are discussed, and recommendations for measurement improvement are given. METHODS: The National Kidney Disease Education Program (NKDEP) Laboratory Working Group reviewed problems related to serum creatinine measurement for estimating GFR and prepared recommendations to standardize and improve creatinine measurement. RESULTS: The NKDEP Laboratory Working Group, in collaboration with international professional organizations, has developed a plan that enables standardization and improved accuracy (trueness) of serum creatinine measurements in clinical laboratories worldwide that includes the use of the estimating equation for GFR based on serum creatinine concentration that was developed from the Modification of Diet in Renal Disease (MDRD) study. CONCLUSIONS: The current variability in serum creatinine measurements renders all estimating equations for GFR, including the MDRD Study equation, less accurate in the normal and slightly increased range of serum creatinine concentrations [<133 micromol/L (1.5 mg/dL)], which is the relevant range for detecting CKD [<60 mL.min(-1).(1.73 m2)(-1)]. Many automated routine methods for serum creatinine measurement meet or exceed the required precision; therefore, reduction of analytical bias in creatinine assays is needed. Standardization of calibration does not correct for analytical interferences (nonspecificity bias). The bias and nonspecificity problems associated with some of the routine methods must be addressed.","openalex, ieee",llm,0.990,unreviewed,
discarded,"Experience-Dependent Gene Expression in the Rat Hippocampus after Spatial Learning: A Comparison of the Immediate-Early Genes Arc , c- fos , and zif268",John F. Guzowski; Barry Setlow; Edward K. Wagner; James L. McGaugh,2001,Journal of Neuroscience,10.1523/jneurosci.21-14-05089.2001,https://openalex.org/W1488313827,off-topic-false-hit,"Neuronal immediate-early gene (IEG) expression is regulated by synaptic activity and plays an important role in the neuroplastic mechanisms critical to memory consolidation. IEGs can be divided into two functional classes: (1) regulatory transcription factors (RTFs), which can broadly influence cell function depending on the ""downstream"" genes they regulate, and (2) ""effector"" proteins, which may directly modulate specific cellular functions. The objective of the current study was to determine whether the expression of an effector IEG (Arc) was similar to, or different from, that of two well characterized RTF IEGs (c-fos and zif268) after learning. IEG RNA levels from rats trained in spatial and nonspatial water tasks were determined using RNase protection assays and in situ hybridization. Overall, the regulation of the three IEGs was similar in the hippocampus and the entorhinal and primary visual cortices. Consequently, IEG RNA levels were positively correlated within a structure. By contrast, Arc and zif268 RNA levels were not correlated or only weakly correlated across structures, although c-fos RNA levels were moderately correlated across structures. Arc RNA expression differed from that of zif268 and c-fos in two regards: (1) hippocampal Arc RNA levels were correlated with learning of the hippocampal-dependent spatial, but not hippocampal-independent cued response, water task, and (2) Arc RNA levels in the hippocampus and entorhinal cortex increased after spatial reversal learning relative to an asymptotic performance group. Thus, although the expression of Arc, zif268, and c-fos exhibited many similarities, Arc was most responsive to differences in behavioral task demands.","openalex, ieee",llm,0.990,unreviewed,
