status,title,authors,year,venue,doi,url,tags,abstract,provider,decision_source,llm_confidence,llm_review_outcome,llm_change_direction
discarded,A taxonomy-based classification model by using abstraction and aggregation,Alice Tang; Simon Fong,2010,2010 6th International Conference on Advanced Information Management and Service (IMS),,https://ieeexplore.ieee.org/document/5713492/,adjacent-subtopic,"Data preprocessing is an important data manipulation process prior to mining actions. Various techniques that include feature selection and data transformation have been studied in the past, with the aim of producing a compact and efficient decision tree. They all have their respective strengths, but in general they commonly lack of preserving the meanings of the attributes. The concept of Attribute Value Taxonomies (AVT) that is a value set of a particular attribute which is specified at different levels of precision and can be represented as a tree-structure was originally proposed by Honavar in year 2003. AVT has the advantages of naturally and easily understanding the attributes in a hierarchy of resolutions. In this paper, we extend the concept of AVT into the domain of data preprocessing for building decision trees based on attributes that are abstracted in different levels. The result is a series of decision trees with each specifically built pertaining to an abstract level of concept. A visualization tool is also programmed that shows both the significances of the attributes and the predictive powers in each tree. A live dataset of e-Bay transactions was used as a case study. The experimental results indicate that by applying appropriate abstraction and aggregation techniques, the decision tree can be made simpler, and accuracy can be improved. The resultant trees can be mapped across to AVT for easy interpretation by human.","openalex, dblp, ieee",llm,0.970,unreviewed,
discarded,Towards a Classification of Aspects,Chunhua Yang; Haiyang Wang,2009,2009 First International Workshop on Education Technology and Computer Science,10.1109/ETCS.2009.121,https://ieeexplore.ieee.org/document/4958824/,adjacent-subtopic,"With the aim for promoting separation of crosscutting concerns, the notion of aspects are currently introduced throughout the lifecycle of software development, even to other domains. Many aspects are found, designed or implemented thereby. As the concrete specification and implementation mechanisms vary greatly among aspects, it is relatively complex and difficult to compare them. This paper provides a frame for classifying different aspects. The frame characterizes aspects through multi-dimensions at the more abstract level. Based on the frame, this work classifies many typical aspects proposed in the literature.","openalex, dblp, ieee",llm,0.950,unreviewed,
discarded,Reverse engineering and design recovery: a taxonomy,E.J. Chikofsky; J.H. Cross,1990,IEEE Software,10.1109/52.43044,https://ieeexplore.ieee.org/document/43044/,adjacent-subtopic,"The key to applying computer-aided software engineering to the maintenance and enhancement of existing systems lies in applying reverse-engineering approaches. However, there is considerable confusion over the terminology used in both technical and marketplace discussions. The authors define and relate six terms: forward engineering, reverse engineering, redocumentation, design recovery, restructuring, and reengineering. The objective is not to create new terms but to rationalize the terms already in use. The resulting definitions apply to the underlying engineering processes, regardless of the degree of automation applied.<>","openalex, dblp, ieee",llm,0.950,unreviewed,
discarded,"Critique of ""Productivity, Portability, Performance Data-Centric Python"" by SCC Team From Sun Yat-sen University",Han Huang; Tengyang Zheng; Tianxing Yang; Yang Ye; Siran Liu; Zhe Tang; Shengyou Lu; Guangnan Feng; Zhiguang Chen; Dan Huang,2025,IEEE Transactions on Parallel and Distributed Systems,10.1109/TPDS.2024.3372291,https://ieeexplore.ieee.org/document/10457928/,adjacent-subtopic,"In SC21, Ziogas et al. proposedData-Centric (DaCe) Python. It attains high performance and portability, and further extends the original productivity of Python. This paper analyzes the reproducibility of the DaCe paper as part of the SC22 Student Cluster Competition (SCC). The reproduction experiments are conducted on the Azure CycleCloud. Different from the DaCe paper, we use AMD EPYC 7V73X processors for CPU-based experiments. We successfully reproduce most of the results of the DaCe paper. The remaining results are also explainable.","openalex, dblp, ieee",llm,0.760,unreviewed,
discarded,"Critique of ""Productivity, Portability, Performance: Data-Centric Python"" by SCC Team From Zhejiang University",Zihan Yang; Yi Chen; Kaiqi Chen; Xingjian Qian; Shaojun Xu; Yun Pan; Chong Zeng; Jianhai Chen; Yin Zhang; Zeke Wang,2025,IEEE Transactions on Parallel and Distributed Systems,10.1109/TPDS.2023.3333805,https://ieeexplore.ieee.org/document/10321691/,adjacent-subtopic,"In SC’21, Alexandros Nikolaos Ziogas et al. proposed a Data-Centric Python workflow in their DaCe paper. DaCe provides high productivity, performance, and portability with language extensions and automatic optimizations. We reproduce the performance evaluation results from the paper on both CPU and GPU on the Azure CycleCloud cluster. We also reproduce the scaling results with up to 32 nodes and 64 processes. Our results show that the proposed workflow in that paper has outstanding performance and scalability in the provided cluster, in accordance with the SC paper.","openalex, dblp, ieee",llm,0.760,unreviewed,
discarded,Supervised adapted factor analysis algorithm for multimodal data classification,Ping Wang; Hong Zhang,2017,2017 12th IEEE Conference on Industrial Electronics and Applications (ICIEA),10.1109/ICIEA.2017.8283147,https://ieeexplore.ieee.org/document/8283147/,adjacent-subtopic,"In recent years, multimodal data processing has enjoyed an increasing attention. Multimodal document means different modal multimedia data representing the same semantics. In this paper, the problem of multimodal document classification is studied. As the text features have more obvious advantages than the image features over the classification problem, on the basis of factor analysis, the paper proposes a supervised algorithm which projects image space into text space and then learns a linear classifier for classification in the text space. Encouraging experiment results on three benchmark datasets demonstrate the superiority and effectiveness of proposed methods over most existing algorithms.","openalex, dblp, ieee",llm,0.980,unreviewed,
discarded,An agent design pattern classification scheme: capturing the notions of agency in agent design patterns,A. Oluyomi; S. Karunasekera; L. Sterling,2004,11th Asia-Pacific Software Engineering Conference,10.1109/APSEC.2004.19,https://ieeexplore.ieee.org/document/1371949/,adjacent-subtopic,"Agent technology is increasingly being used to develop software systems in different domains. Hence particular design problems are recurring in different multiagent systems development projects. In order to enhance the reuse of proven solutions to recurring design problems, agent design patterns are being identified and documented. Understandably, most of the available work on agent design patterns reflect object oriented concepts (classes, objects, inheritance, etc) and exhibit an implementation bias. It is preferable for these patterns to reflect the notions of agency and be described at the right level of abstraction. In this paper, we present a new agent design pattern classification scheme that is structured to better reflect the notions of agency and allow varying levels of abstraction in describing agent design patterns. We also show how four different agent design patterns fit into our classification scheme.","openalex, dblp, ieee",llm,0.960,unreviewed,
discarded,Formal verification of hardware: misconception and reality,R. Kumar,1998,Wescon/98. Conference Proceedings (Cat. No.98CH36265),10.1109/WESCON.1998.716435,https://ieeexplore.ieee.org/document/716435/,adjacent-subtopic,"Formal verification in hardware, is a novel technique for validating the functional correctness of designs through the various phases of the design process, starting from the first specification. Simulation, the present industrial standard tool for verification, relies on propagating a set of input test vectors through the design and manually observing the validity of the outputs corresponding to the inputs. In contrast, formal verification does not require any input vectors and at the same time guarantees 100% correctness. The idea behind the formal verification engines is to use mathematical techniques to exercise all possible inputs and automatically check for outputs that are not in order. The use of formal verification for equivalence checking, especially at the lower levels of abstraction, is of real advantage. In spite of the various informalities which creep into the verification process it is definitely a boon for coping with the complexity of today's design. However, giant strides need to be taken by the FV tool vendors in developing an adequate environment for performing sequential equivalence checking and property checking on large industrial designs.","openalex, dblp, ieee",llm,0.910,unreviewed,
discarded,AIDD: A novel generic attack modeling approach,Samih Souissi; Ahmed Serhrouchni,2014,2014 International Conference on High Performance Computing & Simulation (HPCS),10.1109/HPCSim.2014.6903738,https://ieeexplore.ieee.org/document/6903738/,adjacent-subtopic,"In recent years, information systems have become more diverse and complex making them a privileged target of network and computer attacks. These attacks have increased tremendously and turned out to be more sophisticated and evolving in an unpredictable manner. This work presents an attack model called AIDD (Attacks Identification Description and Defense). It offers a generic attack modeling to classify, help identify and defend against computer and network attacks. Our approach takes into account several attack properties in order to simplify attack handling and aggregate defense mechanisms. The originality in our work is that it introduces a target centric classification which increases the level of abstraction in order to offer a generic model to describe complex attacks.","openalex, dblp, ieee",llm,0.980,unreviewed,
discarded,An Empirical Research of Multi-Classifier Fusion Methods and Diversity Measure in Remote Sensing Classification,Hongchao Ma; Wei Zhou; Xinyi Dong; Honggen Xu,2008,First International Workshop on Knowledge Discovery and Data Mining (WKDD 2008),10.1109/WKDD.2008.66,https://ieeexplore.ieee.org/document/4470356/,adjacent-subtopic,"In this paper, Multi-Classifier System (MCS) is applied to the automatic classification of remote sensing images, and some effective multi-classifier fusion methods with relatively high accuracy are proposed based on substantive experiments. The classification accuracy of MCS has been remarkably improved compared to single classifier with an average increment of 5%. In addition, a diversity measure named EPD is presented, and the paper proves that its ability in predicting the performance of classifiers combining can be used to assist the construction of multiple classifier systems.","openalex, dblp, ieee",llm,0.980,unreviewed,
discarded,A taxonomy for technology extrapolation,A.V. Biest; F. Robert; D. Verkest; S. Vernalde,2005,2005 NORCHIP,10.1109/NORCHP.2005.1596998,https://ieeexplore.ieee.org/document/1596998/,off-topic-false-hit,"Having analyzed recent papers, we present some new concepts helping to classify and understand the different kinds of models used in technology extrapolation, the specific discipline aimed at early technological bottlenecks detection and a priori performance estimation. We introduce several criteria allowing to organize explicitly the various relations and models proposed in literature and highlight some key properties that help to understand the challenges and limits of technology extrapolation.","openalex, dblp, ieee",llm,0.980,unreviewed,
discarded,Learning mid-level features from object hierarchy for image classification,Somayah Albaradei; Yang Wang; Liangliang Cao; Li-Jia Li,2014,IEEE Winter Conference on Applications of Computer Vision,10.1109/WACV.2014.6836095,https://ieeexplore.ieee.org/document/6836095/,adjacent-subtopic,We propose a new approach for constructing mid-level visual features for image classification. We represent an image using the outputs of a collection of binary classifiers. These binary classifiers are trained to differentiate pairs of object classes in an object hierarchy. Our feature representation implicitly captures the hierarchical structure in object classes. We show that our proposed approach outperforms other baseline methods in image classification.,"openalex, dblp, ieee",llm,0.980,unreviewed,
discarded,Coping with abstraction in object orientation with a special focus on application errors,Rami Rashkovits; Ilana Lavy,2010,2010 5th International Conference on Computer Science & Education,10.1109/ICCSE.2010.5593634,https://ieeexplore.ieee.org/document/5593634/,adjacent-subtopic,"In this study we present and discuss various solution strategies used by students concerning error-handling. Our data is based on accumulated instruction experience gained during several years of advanced OOP course with Java. Analysis the provided solutions according to a set of categories based on constructive principles concerning software programming and on a classification of abstraction levels concerning error handling. The obtained results reveals that majority of students have difficulties in utilizing the advanced error-handling mechanism offered by modern programming languages (i.e., exception mechanism). The students have also difficulties in exhibiting high level of abstraction concerning a proper design of exceptions' hierarchy.","openalex, dblp, ieee",llm,0.900,unreviewed,
discarded,Hierarchy-Aware Representation Learning for Industrial IoT Vulnerability Classification,Sicong Cao; Xiaobing Sun; Xinye Yang; Xiaoxue Wu; Wei Liu; Bin Li,2024,IEEE Transactions on Industrial Informatics,10.1109/TII.2024.3413305,https://ieeexplore.ieee.org/document/10574217/,adjacent-subtopic,"As with anything connected to the internet, industrial Internet of Things (IIoT) devices are also subject to severe cybersecurity threats because an adversary could exploit vulnerabilities in their internal software to perform malicious attacks. Despite the promising results of deep learning-based approaches, most solutions can only detect the presence of a vulnerability but fail to pinpoint its corresponding type. Recently, TreeVul formalizes the task as a hierarchical multilabel classification problem to predict complete coarse-to-fine vulnerability type hierarchy. Yet, the TreeVul approach is still inaccurate and neglects samples labeled at coarse categories. In this article, we propose HierVul, a novel hierarchy-aware representation learning approach for IIoT vulnerability classification. Specifically, to make full use of vulnerable samples labeled at any granularity, HierVul constructs hierarchy-specific extractors as well as classifiers to disentangle level-wise vulnerability features from the code representation learning network backbone, and maximizes their marginal probability in the probability space constrained by the Common Weakness Enumeration tree hierarchy. Furthermore, considering that the distinction between two vulnerability types at the same level of abstraction becomes smaller and smaller as the refinement of classification granularity, HierVul leverages residual connections to add parent-level coarser-grained features to child-level finer-grained features to transfer hierarchical knowledge across levels. The experimental results show that HierVul achieves 15.25%, 45.16%, and 14.52% relative improvement over TreeVul on Weight F1, Macro F1, and PF, respectively, indicating the effectiveness of HierVul in the practical scenario.","openalex, dblp, ieee",llm,0.980,unreviewed,
discarded,Hierarchical Classification Fusion framework,Asmar A. Khan; Costas Xydeas; Hassan Ahmed,2013,"2013 IEEE International Conference on Acoustics, Speech and Signal Processing",10.1109/ICASSP.2013.6638295,https://ieeexplore.ieee.org/document/6638295/,adjacent-subtopic,"This paper presents a novel hierarchical Classification Fusion (CF) framework which operates on Abstract and Measurement levels simultaneously and thus exploits information patterns resulting from the output labels and posterior beliefs of individual classifiers. Furthermore the proposed classification fusion methodology allows for the decomposition of the input data, which is used to design individual classifiers, into subsets. This in turn permits individual classifiers to be re-designed per subset and in a manner that increases overall system classification performance. Experimental results are presented which demonstrate the potential of the proposed methodology in the case of multi-modal, multi-feature binary data classification problems. In addition the proposed CF design framework can be applied to multi class problems and is independent of the type of classifiers employed in the system.","openalex, dblp, ieee",llm,0.980,unreviewed,
discarded,Deep learning with shallow architecture for image classification,Asma ElAdel; Ridha Ejbali; Mourad Zaied; Chokri Ben Amar,2015,2015 International Conference on High Performance Computing & Simulation (HPCS),10.1109/HPCSim.2015.7237069,https://ieeexplore.ieee.org/document/7237069/,adjacent-subtopic,"This paper presents a new scheme for image classification. The proposed scheme depicts a shallow architecture of Convolutional Neural Network (CNN) providing deep learning: For each image, we calculated the connection weights between the input layer and the hidden layer based on MultiResolution Analysis (MRA) at different levels of abstraction. Then, we selected the best features, representing well each class of images, with their corresponding weights using Adaboost algorithm. These weights are used as the connection weights between the hidden layer and the output layer, and will be used in the test phase to classify a given query image. The proposed approach was tested on different datasets and the obtained results prove the efficiency and the speed of the proposed approach.","openalex, dblp, ieee",llm,0.980,unreviewed,
discarded,Differential Feature-Enhanced Fusion Network for Hyperspectral Image Classification,Qingwang Wang; Jiangbo Huang; Pengcheng Jin; Yebo Gu; Tao Shen,2024,IGARSS 2024 - 2024 IEEE International Geoscience and Remote Sensing Symposium,10.1109/IGARSS53475.2024.10642935,https://ieeexplore.ieee.org/document/10642935/,adjacent-subtopic,"Recently, some hybrid networks, combining graph convolutional network (GCN) and convolutional neural network (CNN) into a unified framework, have drawn increasing attention in hyperspectral image (HSI) classification. Compared with the single CNN or GCN architecture, hybrid networks can simultaneously perform feature learning on pixel-level and superpixel-level regions and generate complementary spectral-spatial features. However, existing methods primarily employ simple fusion strategies such as linear combination or concatenation, resulting in the extracted complementary features not being fully exploited and utilized. In this work, we propose a differential feature-enhanced fusion network (DFEFN) for HSI classification. Specifically, DFEFN consists of two different convolutional network architectures, (i.e. GCN and CNN), and a differential feature enhancement fusion (DFEF) module. The features extracted by CNN and GCN can be enhanced and fused through the DFEF module. Experiments results on two benchmark HSI datasets demonstrate that DFEFN achieves better classification performance compared with state-of-the-art methods.","openalex, dblp, ieee",llm,0.980,unreviewed,
