status,title,authors,year,venue,doi,url,tags,abstract,provider,decision_source,llm_confidence,llm_review_outcome,llm_change_direction
discarded,Graphical Methods for Defense Against False-Data Injection Attacks on Power System State Estimation,Suzhi Bi; Ying Jun Zhang,2014,IEEE Transactions on Smart Grid,10.1109/TSG.2013.2294966,https://ieeexplore.ieee.org/document/6787030/,adjacent-subtopic,"The normal operation of power system relies on accurate state estimation that faithfully reflects the physical aspects of the electrical power grids. However, recent research shows that carefully synthesized false-data injection attacks can bypass the security system and introduce arbitrary errors to state estimates. In this paper, we use graphical methods to study defending mechanisms against false-data injection attacks on power system state estimation. By securing carefully selected meter measurements, no false data injection attack can be launched to compromise any set of state variables. We characterize the optimal protection problem, which protects the state variables with minimum number of measurements, as a variant Steiner tree problem in a graph. Based on the graphical characterization, we propose both exact and reduced-complexity approximation algorithms. In particular, we show that the proposed tree-pruning based approximation algorithm significantly reduces computational complexity, while yielding negligible performance degradation compared with the optimal algorithms. The advantageous performance of the proposed defending mechanisms is verified in IEEE standard power system testcases.","openalex, ieee",llm,0.980,unreviewed,
discarded,Flexible Operation of Batteries in Power System Scheduling With Renewable Energy,Nan Li; Canan Uçkun; Emil M. Constantinescu; John R. Birge; Kory W. Hedman; Audun Botterud,2016,IEEE Transactions on Sustainable Energy,10.1109/TSTE.2015.2497470,https://ieeexplore.ieee.org/document/7355371/,adjacent-subtopic,"The fast growing expansion of renewable energy increases the complexities in balancing generation and demand in the power system. The energy-shifting and fast-ramping capability of energy storage has led to increasing interests in batteries to facilitate the integration of renewable resources. In this paper, we present a two-step framework to evaluate the potential value of energy storage in power systems with renewable generation. First, we formulate a stochastic unit commitment approach with wind power forecast uncertainty and energy storage. Second, the solution from the stochastic unit commitment is used to derive a flexible schedule for energy storage in economic dispatch where the look-ahead horizon is limited. Analysis is conducted on the IEEE 24-bus system to demonstrate the benefits of battery storage in systems with renewable resources and the effectiveness of the proposed battery operation strategy.","openalex, ieee",llm,0.980,unreviewed,
discarded,Benefits of Home Energy Storage Utilization: An Australian Case Study of Demand Charge Practices in Residential Sector,Weicong Kong; Fengji Luo; Youwei Jia; Zhao Yang Dong; Junwei Liu,2021,IEEE Transactions on Smart Grid,10.1109/TSG.2021.3054126,https://ieeexplore.ieee.org/document/9349106/,adjacent-subtopic,"There are ongoing industrial practices on promoting demand charge tariffs, a kind of tariff charging the customer's peak power demand over a billing cycle, in the residential sector. This article provides a comprehensive investigation of the benefits of utilizing home Battery Energy Storage Systems (BESSs) to reduce the demand charge penalty risk for residential customers. This article firstly proposes a dynamic programming-based control scheme for residential BESSs; the control scheme determines the optimal charging/discharging decisions of the BESS over a billing cycle, aiming to minimize the customer's home energy cost subjected to a certain tariff structure (time-of-use, demand charge, or the combination of the two). This article then conducts a comprehensive evaluation on cost-saving and load re-shaping effects the BESS can bring to residential customers in presence of demand charge tariffs, based on real Australian network tariffs and 8,000+ residents' energy consumption data collected by the Australian “Smart Grid, Smart City” project. The work in this article is expected to provide useful references to the practice of demand charge tariffs in the residential sector.","openalex, ieee",llm,0.980,unreviewed,
discarded,Customized Coordinated Voltage Regulation and Voyage Scheduling for All-Electric Ships in Seaport Microgrids,Xianzhuo Sun; Jing Qiu; Yuechuan Tao; Huichuan Liu; Junhua Zhao,2024,IEEE Transactions on Sustainable Energy,10.1109/TSTE.2024.3354933,https://ieeexplore.ieee.org/document/10400806/,adjacent-subtopic,"This paper proposes a customized coordinated voltage regulation and voyage scheduling strategy for all-electric ships (AES) to find a trade-off between minimizing operation cost during cruising and reducing power losses of microgrids, which also guarantees system voltage security. Based on a predefined sea route with minimum added resistance, the optimal voyage scheduling is first performed to achieve energy management and speed adjustment of AES. This process also obtains multiple AES arrival time-state of charge (Ta-SOCa) pairs and sends them to the microgrid central controller (MGCC). The MGCC then performs optimal voltage regulation to minimize power losses through the dispatch of on-load tap changers (OLTC), photovoltaic inverters (PVs) and berthed-in AES. The voltage regulation model is an extension of the conventional volt/var optimization by incorporating berth allocation problems and Ta-SOCa constraints. To achieve effective solutions, both the voyage scheduling and voltage regulation problems are converted to mixed-integer linear programs (MILP) with linearization methods. Moreover, a customized coordinated optimization procedure embedded with a satisfactory index (SI) is proposed to solve the problem, which helps select Ta-SOCa pairs for each AES and ensures an acceptable operation cost during the voyage scheduling. The simulation results verify that the proposed method achieves secure and optimal operation in seaport microgrids. It can also find a trade-off between minimizing the operation cost of AES and reducing power losses in microgrids.","openalex, ieee",llm,0.980,unreviewed,
discarded,Planning and Integration of a Multi-Robot Adaptive Charging Network for Voltage Regulation via Unscented Kalman Filter-Based Deep Reinforcement Learning,Sihai An; Jing Qiu; Jiafeng Lin; Xianzhuo Sun; Boxuan Liu; Zhe Yuan,2026,IEEE Transactions on Smart Grid,10.1109/TSG.2025.3618899,https://ieeexplore.ieee.org/document/11195829/,adjacent-subtopic,"High levels of electric vehicle (EV) penetration and load uncertainty pose significant challenges to traditional voltage regulation in distribution systems (DS), particularly concerning voltage drops. This study investigates the potential of a dual-service mode (V2V/V2G) for mobile charging using multiple charging robots, cooperating with conventional DS voltage regulation methods to enhance performance. Specifically, we propose a multi-robot adaptive charging network (MRACN) embedded in a three-level voltage regulation framework to address voltage violations. At the low level, we introduce a voltage security rule-based dispatch strategy for MRACN to mitigate EV-induced voltage drops. At the mid-level, we optimize day-ahead scheduling of on-load tap changers and capacitor banks via optimal power flow for long-term voltage regulation. At the high level, we employ an unscented Kalman filter-based deep reinforcement learning (UKF-DRL) approach to integrate MRACN into DSs for real-time voltage control. Experimental results demonstrate that MRACN effectively reduces voltage violations and enhances the flexibility of conventional voltage control systems. Moreover, the UKF-DRL method accelerates DRL training by nearly an order of magnitude compared to full AC power-flow solutions, with the overwhelming majority of state estimates deviating by no more than 2%.","openalex, ieee",llm,0.980,unreviewed,
discarded,Economic Model Predictive Control of a Point Absorber Wave Energy Converter,Yubin Jia; Ke Meng; Lu Dong; Tongming Liu; Changyin Sun; Zhao Yang Dong,2021,IEEE Transactions on Sustainable Energy,10.1109/TSTE.2020.3012755,https://ieeexplore.ieee.org/document/9152139/,adjacent-subtopic,"In this paper, we propose an economic model predictive control (EMPC) strategy for the constrained optimization problem of the wave energy converter system. Unlike standard model predictive control (MPC) that uses the tracking cost function, in EMPC, a general economic cost function that directly reflects the economic objective of the system is established. In the wave energy converter (WEC), the general economic cost function aims to maximize the energy extracted from ocean waves and minimize the operation cost. The terminal equality constraint in the optimization problem is used to steer the system state to the steady-state at the end of the optimization horizon. Then the controller solves the non-convex optimization problem in real-time. The auxiliary optimization problem is used for the stability analysis, and the convergence of the system can be proved via the Lyapunov technique. Several simulation results are presented to demonstrate the effectiveness of the proposed strategy.","openalex, ieee",llm,0.980,unreviewed,
discarded,Customized Critical Peak Rebate Pricing Mechanism for Virtual Power Plants,Wen Chen; Jing Qiu; Qingmian Chai,2021,IEEE Transactions on Sustainable Energy,10.1109/TSTE.2021.3084211,https://ieeexplore.ieee.org/document/9443080/,adjacent-subtopic,"To address the increasing impact of extreme temperatures (ETs) on the power system and electricity supply, demand response (DR) programs are widely used to reduce peak demands at ETs. The customized pricing mechanisms are required for an effective DR to target the potential consumers accurately. This paper proposes a frequency control ancillary service and critical peak rebate (FCAS-CPR) strategy based on cumulative prospect theory (CPT) for a virtual power plant (VPP) in coupled FCAS and DR markets. In order to develop a customized pricing model in the proposed strategy, the load clustering technique is applied. This aims to classify the loads based on the typical characteristics of consumers’ reactions to ETs. The consumers’ load reactions to ETs are described by the peak temperature sensitivity and the lag length. Then, the subjective decisions of irrational consumers are reflected based on the CPT. Last, the interaction between VPP consumers and the retailer is modeled as a Stackelberg game and solved by the Salp Swarm Algorithm (SSA). The simulation results verify the effectiveness of the proposed FCAS-CPR pricing mechanism, which can efficiently reduce the peak loads to mitigate impacts of ETs on power systems, while achieving a win-win outcome in maximizing the utilities of both the retailer and VPP consumers.","openalex, ieee",llm,0.980,unreviewed,
discarded,Coordinated Planning of Dynamic Wireless Charging Systems and Electricity Networks Considering Range Anxiety of Electric Vehicles,Yuechuan Tao; Jing Qiu; Shuying Lai; Guibing Wang; Huichuan Liu; Xianzhuo Sun,2024,IEEE Transactions on Smart Grid,10.1109/TSG.2024.3355183,https://ieeexplore.ieee.org/document/10402092/,adjacent-subtopic,"Travel range anxiety has been a big obstacle to the popularization of electric vehicles (EVs). On the other hand, with the increasing penetration of EVs, dynamic wireless charging has become an emerging application in terms of intelligent transportation systems and smart grids. In this paper, a planning model for dynamic wireless charging systems (DWCS) is proposed. First, a DWCS-integrated user-equilibrium (UE) model is proposed to assign the traffic flow in transportation networks. The traffic assignment model considers the charging requirement and range anxiety of EVs. Range anxiety refers to concerns about the potential for running out of battery power. Then, the DWCS-integrated UE model is embedded in the DWCS planning scheme. The placement of dynamic wireless power transfer (DWPT) facilities and the scale of inverters are determined by the formulated bi-level optimization. The coordinated planning model of DWCS and electricity networks is proposed by comprehensively considering the geographical and electrical characteristics of the DWPT facilities and the inverters. The formulated nonlinear mixed-integer bi-level optimization problem is solved according to a branch and bound algorithm, and the  $\boldsymbol{\varepsilon }$  convergence to the global optimality will be guaranteed. The proposed method is verified in case studies. According to the simulation results, the proposed planning model can effectively reduce the range anxiety of EVs while alleviating traffic conditions.","openalex, ieee",llm,0.980,unreviewed,
discarded,Distributed Electric Vehicle Assignment and Charging Navigation in Cyber-Physical Systems,Yuechuan Tao; Jing Qiu; Shuying Lai; Xianzhuo Sun; Huichuan Liu; Junhua Zhao,2024,IEEE Transactions on Smart Grid,10.1109/TSG.2023.3293251,https://ieeexplore.ieee.org/document/10175582/,adjacent-subtopic,"With a large-scale penetration of electric vehicles (EVs) in the transportation sector, it becomes challenging to guide all EVs heading to the suitable fast-charging stations (FCSs) with the largest satisfaction efficiently. In this paper, a distributed EV assignment and charging navigation framework is proposed under the context of cyber-physical systems. Making full use of sensing, information, communication, and control technologies, multiple agents, including EV drivers, FCSs, EV assignment centers, and distribution network operators, can cooperate with each to formulate the final decision efficiently. First, a distributed crowd-sensing technology is proposed to help each EV assignment center perceive the traffic conditions of the whole transportation system without obtaining private information of EVs. Then, an EV assignment and charging navigation model is formulated based on crowd-sensing results, a queueing model considering impatient leaving and the electricity network operation. To solve the EV assignment and charging navigation model efficiently, a distributed solution is proposed based on generalized benders decomposition and distributed biased min-consensus. The proposed framework and methodologies are verified in case studies. It can be concluded that compared with the conventional centralized optimization strategy, the computational time of the proposed method is improved significantly. Compared with the nearby assignment strategy, the proposed strategy can increase the charging utility for EV owners, relieve transportation network congestion, improve charging utilization for FCSs and enhance stability for distribution networks.","openalex, ieee",llm,0.980,unreviewed,
discarded,Cost-Effective Scheduling of Steel Plants With Flexible EAFs,Xiao Zhang; Gabriela Hug; Iiro Harjunkoski,2017,IEEE Transactions on Smart Grid,10.1109/TSG.2016.2575000,https://ieeexplore.ieee.org/document/7482812/,adjacent-subtopic,"Electric arc furnaces (EAFs) in steel plants consume a large amount of electric energy, and the energy cost constitutes a significant proportion of the total costs in producing steel. However, a steel plant can take advantage of time-based electricity prices by optimally arranging energy-consuming activities to avoid peak hours. Besides, the EAFs' power rate can be adjusted by switching transformers' taps, which offers additional flexibility for arranging energy consumption and minimizing the cost of electricity. In this paper, we propose scheduling models based on resource-task network formulations that incorporate the EAFs' flexibilities to reduce the electricity cost. The effectiveness of the model is demonstrated in multiple case studies.","openalex, ieee",llm,0.980,unreviewed,
discarded,Distributed Adaptive Robust Voltage/VAR Control With Network Partition in Active Distribution Networks,Peishuai Li; Cuo Zhang; Zaijun Wu; Yan Xu; Minqiang Hu; Zhaoyang Dong,2020,IEEE Transactions on Smart Grid,10.1109/TSG.2019.2950120,https://ieeexplore.ieee.org/document/8887238/,adjacent-subtopic,"This paper proposes a distributed adaptive robust voltage/var control (DAR-VVC) method in active distribution networks to minimize power loss while keeping operating constraints under uncertainties. The DAR-VVC aims to coordinate on-load tap changers, capacitor banks and PV inverters in multiple operation stages through a distributed algorithm. To improve efficiency of the distributed algorithm, an affinity propagation clustering algorithm is employed to divide the distribution network by aggregating “the close nodes” together and setting “the far nodes” apart, leading to the network partition where the information exchange between adjacent sub-networks is reduced. Moreover, the virtual load which describes load characteristics of the sub-networks is applied to enhance the boundary conditions. To fully deal with the uncertainties, the proposed DAR-VVC is formulated in a robust optimization model which considers the worst case to guarantee solution robustness against uncertainty realization. Besides, this paper develops an alternating optimization procedure integrating a column-and-constraint generation algorithm and an alternating direction method of multipliers to solve the DAR-VVC problem. The proposed approach is tested on IEEE 33 and IEEE 123 bus distribution test system and numerical simulations verify high efficiency and full solution robustness of the DAR-VVC.","openalex, ieee",llm,0.980,unreviewed,
discarded,Data-Driven Distributionally Robust Hierarchical Coordination for Home Energy Management,Hossein Saberi; Cuo Zhang; Zhao Yang Dong,2021,IEEE Transactions on Smart Grid,10.1109/TSG.2021.3088433,https://ieeexplore.ieee.org/document/9452037/,adjacent-subtopic,"Home energy management (HEM) is conventionally formulated using central control or local control methods assuming known accurate probability distributions of uncertainties. Without coordination between the central and the local control hierarchies, mutual impacts cannot be properly considered and addressed, which undermine operation efficiency of HEM. Moreover, the probability distributions always have errors, even in emerging data-based methods. To address these unsolved issues, firstly, this paper proposes a new hierarchical coordination method for HEM. On the central hierarchy, a central controller optimizes schedule of non-thermal loads to minimize daily operating cost. On the local hierarchy, automatic local controllers respond to real-time variations of their corresponding thermal zone temperatures to fulfill customer thermal comfort requirements. Secondly, using a finite training dataset, a data-driven distributionally robust optimization (DRO) method is proposed to guarantee solution robustness against worst probability distribution of multiple uncertainties. The hierarchical coordination method is formulated as a DRO model using the Wasserstein metric, which can be solved with high computing efficiency. Numerical simulations validate high solution robustness and overall optimum of the proposed method, fully addressing mutual impacts and uncertainties. Moreover, the proposed method could efficiently save the daily electricity bill by 11%, compared to conventional methods.","openalex, ieee",llm,0.980,unreviewed,
discarded,Optimal Power Dispatching for Local Area Packetized Power Network,Jinghuan Ma; Lingyang Song; Yonghui Li,2018,IEEE Transactions on Smart Grid,10.1109/TSG.2017.2669907,https://ieeexplore.ieee.org/document/7857075/,adjacent-subtopic,"DC power packet transmission enables a large penetration of distributed energy resources and reliable end-to-end power dispatching. In this paper, we consider a local area packetized power network (LAPPN), where a multi-channel power router links all the subscribers and allows multiple demander-supplier pairs to interchange power packets simultaneously. To realize an efficient power dispatching in a dc packetized power network, effective subscriber matching, and transmission scheduling need to be developed. We design a packetized power dispatching protocol to regulate the LAPPN operation, where the involved subscribers are matched into demander-supplier pairs first, and the matched pairs' transmission tasks are then orderly scheduled onto multiple power channels of the router. Based on the matching theory, we formulate the subscriber matching as a standard matching problem to maximize each subscriber's benefit and develop a deferred acceptance algorithm to solve the problem. We also formulate the transmission scheduling problem and propose a heuristic solution to obtain the real-time balance between load and generation within an LAPPN, taking into account the urgency of power transmission and the fairness among the subscribers. Simulation results confirm the effectiveness of the proposed protocol in realizing a highly utilized and efficient LAPPN power dispatching.","openalex, ieee",llm,0.980,unreviewed,
