status,title,authors,year,venue,doi,url,tags,abstract,provider,decision_source,llm_confidence,llm_review_outcome,llm_change_direction
discarded,Collective Classification in Network Data,Prithviraj Sen; Galileo Namata; Mustafa Bilgic; Lise Getoor; Brian Gallagher; Tina Eliassi-Rad,2008,AI Magazine,10.1609/aimag.v29i3.2157,https://openalex.org/W2153959628,adjacent-subtopic,"Many real‐world applications produce networked data such as the worldwide web (hypertext documents connected through hyperlinks), social networks (such as people connected by friendship links), communication networks (computers connected through communication links), and biological networks (such as protein interaction networks). A recent focus in machine‐learning research has been to extend traditional machine‐learning classification techniques to classify nodes in such networks. In this article, we provide a brief introduction to this area of research and how it has progressed during the past decade. We introduce four of the most widely used inference algorithms for classifying networked data and empirically compare them on both synthetic and real‐world data.","openalex, dblp, ieee",llm,0.970,unreviewed,
discarded,Machine learning in automated text categorization,Fabrizio Sebastiani,2002,ACM Computing Surveys,10.1145/505282.505283,https://openalex.org/W2118020653,adjacent-subtopic,"The automated categorization (or classification) of texts into predefined categories has witnessed a booming interest in the last 10 years, due to the increased availability of documents in digital form and the ensuing need to organize them. In the research community the dominant approach to this problem is based on machine learning techniques: a general inductive process automatically builds a classifier by learning, from a set of preclassified documents, the characteristics of the categories. The advantages of this approach over the knowledge engineering approach (consisting in the manual definition of a classifier by domain experts) are a very good effectiveness, considerable savings in terms of expert labor power, and straightforward portability to different domains. This survey discusses the main approaches to text categorization that fall within the machine learning paradigm. We will discuss in detail issues pertaining to three different problems, namely, document representation, classifier construction, and classifier evaluation.","openalex, dblp, ieee",llm,0.970,unreviewed,
discarded,Improved metagenomic analysis with Kraken 2,Derrick E. Wood; Jennifer Lu; Ben Langmead,2019,Genome biology,10.1186/s13059-019-1891-0,https://openalex.org/W2990618091,off-topic-false-hit,"Although Kraken's k-mer-based approach provides a fast taxonomic classification of metagenomic sequence data, its large memory requirements can be limiting for some applications. Kraken 2 improves upon Kraken 1 by reducing memory usage by 85%, allowing greater amounts of reference genomic data to be used, while maintaining high accuracy and increasing speed fivefold. Kraken 2 also introduces a translated search mode, providing increased sensitivity in viral metagenomics analysis.","openalex, dblp, ieee",llm,0.990,unreviewed,
discarded,"Mabberley's plant-book: a portable dictionary of plants, their classifications and uses.",D. J. Mabberley,2008,,,https://openalex.org/W2961549061,off-topic-false-hit,,"openalex, dblp, ieee",llm,1.000,unreviewed,
discarded,A survey of hierarchical classification across different application domains,Carlos N. Silla; Alex A. Freitas,2010,Data Mining and Knowledge Discovery,10.1007/s10618-010-0175-9,https://openalex.org/W2150766729,adjacent-subtopic,,"openalex, dblp, ieee",llm,0.970,unreviewed,
discarded,The therapeutic misconception: Informed consent in psychiatric research,Paul S. Appelbaum; Loren H. Roth; Charles W. Lidz,1982,International Journal of Law and Psychiatry,10.1016/0160-2527(82)90026-7,https://openalex.org/W1973942757,off-topic-false-hit,,"openalex, dblp, ieee",llm,0.990,unreviewed,
kept,The Method of Levels of Abstraction,Luciano Floridi,2008,Minds and Machines,10.1007/s11023-008-9113-7,https://openalex.org/W2079455354,supports-claim; qualifies-claim,,"openalex, dblp, ieee",llm,0.840,unreviewed,
discarded,"CRISPRCasFinder, an update of CRISRFinder, includes a portable version, enhanced performance and integrates search for Cas proteins",David Couvin; Aude Bernheim; Claire Toffano-Nioche; Marie Touchon; Juraj Michálik; Bertrand Néron; Eduardo P. C. Rocha; Gilles Vergnaud; Daniel Gautheret; Christine Pourcel,2018,Nucleic Acids Research,10.1093/nar/gky425,https://openalex.org/W2803245377,off-topic-false-hit,"CRISPR (clustered regularly interspaced short palindromic repeats) arrays and their associated (Cas) proteins confer bacteria and archaea adaptive immunity against exogenous mobile genetic elements, such as phages or plasmids. CRISPRCasFinder allows the identification of both CRISPR arrays and Cas proteins. The program includes: (i) an improved CRISPR array detection tool facilitating expert validation based on a rating system, (ii) prediction of CRISPR orientation and (iii) a Cas protein detection and typing tool updated to match the latest classification scheme of these systems. CRISPRCasFinder can either be used online or as a standalone tool compatible with Linux operating system. All third-party software packages employed by the program are freely available. CRISPRCasFinder is available at https://crisprcas.i2bc.paris-saclay.fr.","openalex, dblp, ieee",llm,0.990,unreviewed,
discarded,"How to Do a Systematic Review: A Best Practice Guide for Conducting and Reporting Narrative Reviews, Meta-Analyses, and Meta-Syntheses",Andy P. Siddaway; Alex M. Wood; Larry V. Hedges,2018,Annual Review of Psychology,10.1146/annurev-psych-010418-102803,https://openalex.org/W2885869279,adjacent-subtopic,"Systematic reviews are characterized by a methodical and replicable methodology and presentation. They involve a comprehensive search to locate all relevant published and unpublished work on a subject; a systematic integration of search results; and a critique of the extent, nature, and quality of evidence in relation to a particular research question. The best reviews synthesize studies to draw broad theoretical conclusions about what a literature means, linking theory to evidence and evidence to theory. This guide describes how to plan, conduct, organize, and present a systematic review of quantitative (meta-analysis) or qualitative (narrative review, meta-synthesis) information. We outline core standards and principles and describe commonly encountered problems. Although this guide targets psychological scientists, its high level of abstraction makes it potentially relevant to any subject area or discipline. We argue that systematic reviews are a key methodology for clarifying whether and how research findings replicate and for explaining possible inconsistencies, and we call for researchers to conduct systematic reviews to help elucidate whether there is a replication crisis.","openalex, dblp, ieee",llm,0.990,unreviewed,
discarded,The Portable Nietzsche,Friedrich Nietzsche,1954,,,https://openalex.org/W1576466549,off-topic-false-hit,Letter to his sister fragment of a critique of Schopenhauer on ethics note (I870-71) from Homer's Contest notes (1873) from On Truth and Lie in an Extra-Moral Sense notes about Wagner notes (1874) notes (1875) from Mixed Opinions and Maxims from Wanderer and His Shadow letter to Overbeck notes (1880-81) from Dawn Postcard to Overbeck From Gay Science draft of a letter to Paul Ree. Thus spoke Zarathustra: first part second part third part fourth and last part note (1884). Letters: to Overbeck to his sister to Overbeck notes from a Draft for a Preface from Beyond Good and Evil from Gay Science: Book V from Toward a Genealogy of Morals letter to Overbeck notes (1887) letter to his sister notes (1888) from Wagner Case. Twilight of the idols. The Antichrist: from Ecce Homo. Nietzche contra Wagner. Letters (1889): to Gast to Jacob Burckhardt to Overbeck.,"openalex, dblp, ieee",llm,1.000,unreviewed,
discarded,A classification system for seed dormancy,Jerry M. Baskin; Carol C. Baskin,2004,Seed Science Research,10.1079/ssr2003150,https://openalex.org/W2119219548,off-topic-false-hit,"The proposal is made that seed scientists need an internationally acceptable hierarchical system of classification for seed dormancy. Further, we suggest that a modified version of the scheme of the Russian seed physiologist Marianna G. Nikolaeva be adopted. The modified system includes three hierarchical layers – class, level and type; thus, a class may contain levels and types, and a level may contain only types. The system includes five classes of dormancy: physiological dormancy (PD), morphological dormancy (MD), morphophysiological dormancy (MPD), physical dormancy (PY) and combinational dormancy (PY + PD). The most extensive classification schemes are for PD, which contains three levels and five types (in the non-deep level), and MPD, which contains eight levels but no types. PY is not subdivided at all but probably should be, for reasons given. Justifications are presented for not including mechanical dormancy or chemical dormancy in the modified scheme. PD (non-deep level) is the most common kind of dormancy, and occurs in gymnosperms ( Coniferales , Gnetales ) and in all major clades of angiosperms. Since, first, this is the class and level of dormancy in seeds of wild populations of Arabidopsis thaliana and, secondly, Type 1 (to which seeds of A. thaliana belong) is also common, and geographically and phylogenetically widespread, it seems that biochemical, molecular and genetic studies on seed dormancy in this model species might have rather broad application in explaining the basic mechanism(s) of physiological dormancy in seeds.","openalex, dblp, ieee",llm,1.000,unreviewed,
discarded,"Mabberley's plant-book: a portable dictionary of plants, their classification and uses",,2009,Choice Reviews Online,10.5860/choice.46-2425,https://openalex.org/W1502434891,off-topic-false-hit,Introduction How to use this book The dictionary Appendix Acknowledgement of sources Abbreviations and symbols (used in this book).,"openalex, dblp, ieee",llm,1.000,unreviewed,
discarded,Nursing theorists and their work,Martha Raile Alligood,1986,,,https://openalex.org/W1570280833,off-topic-false-hit,,"openalex, dblp, ieee",llm,0.990,unreviewed,
discarded,The critiques and criticisms of positive psychology: a systematic review,Llewellyn E. van Zyl; Jaclyn Gaffaney; Leoni van der Vaart; Bryan J. Dik; Stewart I. Donaldson,2023,The Journal of Positive Psychology,10.1080/17439760.2023.2178956,https://openalex.org/W4321605637,off-topic-false-hit,"The purpose of this systematic literature review was to explore the current critiques and criticisms of positive psychology and to provide a consolidated view of the main challenges facing the third wave of research. The review identified 32 records that posed 117 unique criticisms and critiques of various areas of the discipline. These could be grouped into 21 categories through conventional content analysis, culminating in six overarching themes or ‘broad criticisms/critiques’. The findings suggested that positive psychology (a) lacked proper theorizing and conceptual thinking, (b) was problematic as far as measurement and methodologies were concerned, (c) was seen as a pseudoscience that lacked evidence and had poor replication, (d) lacked novelty and self-isolated itself from mainstream psychology, (e) was a decontextualized neoliberalist ideology that caused harm, and (f) was a capitalistic venture. We briefly reflect on the findings and highlight the opportunities these criticisms and critiques present.","openalex, dblp, ieee",llm,0.990,unreviewed,
discarded,A Taxonomy of Model Transformation,Tom Mens; Pieter Van Gorp,2006,Electronic Notes in Theoretical Computer Science,10.1016/j.entcs.2005.10.021,https://openalex.org/W2026586559,adjacent-subtopic,"This article proposes a taxonomy of model transformation, based on the discussions of a working group on model transformation of the Dagstuhl seminar on Language Engineering for Model-Driven Software Development. This taxonomy can be used, among others, to help developers in deciding which model transformation language or tool is best suited to carry out a particular model transformation activity.","openalex, dblp, ieee",llm,0.950,unreviewed,
discarded,The Taxonomy of Telemedicine,Rashid L. Bashshur; Gary W. Shannon; Elizabeth A. Krupinski; Jim Grigsby,2011,Telemedicine Journal and e-Health,10.1089/tmj.2011.0103,https://openalex.org/W2070016267,off-topic-false-hit,"The purpose of this article is to present a taxonomy for telemedicine. The field has markedly grown, with an increasing number of applications, a variety of technologies, and newly introduced terminology. A taxonomy would serve to bring conceptual clarity to this burgeoning set of alternatives to in-person healthcare delivery. The article starts with a brief discussion of the importance of taxonomy as an information management strategy to improve knowledge sharing, facilitate research and policy initiatives, and provide some guidance for the orderly development of telemedicine. We provide a conceptual context for the proliferation of related concepts, such as telehealth, e-health, and m-health, as well as a classification of the content of these concepts. Our main concern is to develop an explicit taxonomy of telemedicine and to demonstrate how it can be used to provide definitive information about the true effects of telemedicine in terms of cost, quality, and access. Taxonomy development and refinement is an iterative process. If this initial attempt at classification proves useful, subject matter experts could enhance the development and proliferation of telemedicine by testing, revising, and verifying this taxonomy.","openalex, dblp, ieee",llm,0.990,unreviewed,
discarded,"A systematic literature review of blockchain-based applications: Current status, classification and open issues",Fran Casino; Thomas K. Dasaklis; Constantinos Patsakis,2018,Telematics and Informatics,10.1016/j.tele.2018.11.006,https://openalex.org/W2901598045,off-topic-false-hit,"This work provides a systematic literature review of blockchain-based applications across multiple domains. The aim is to investigate the current state of blockchain technology and its applications and to highlight how specific characteristics of this disruptive technology can revolutionise “business-as-usual” practices. To this end, the theoretical underpinnings of numerous research papers published in high ranked scientific journals during the last decade, along with several reports from grey literature as a means of streamlining our assessment and capturing the continuously expanding blockchain domain, are included in this review. Based on a structured, systematic review and thematic content analysis of the discovered literature, we present a comprehensive classification of blockchain-enabled applications across diverse sectors such as supply chain, business, healthcare, IoT, privacy, and data management, and we establish key themes, trends and emerging areas for research. We also point to the shortcomings identified in the relevant literature, particularly limitations the blockchain technology presents and how these limitations spawn across different sectors and industries. Building on these findings, we identify various research gaps and future exploratory directions that are anticipated to be of significant value both for academics and practitioners.","openalex, dblp, ieee",llm,0.990,unreviewed,
discarded,Unsupervised Deep Feature Extraction for Remote Sensing Image Classification,Adriana Romero; Carlo Gatta; Gustau Camps-Valls,2015,IEEE Transactions on Geoscience and Remote Sensing,10.1109/tgrs.2015.2478379,https://openalex.org/W2179290474,adjacent-subtopic,"This paper introduces the use of single-layer and deep convolutional networks for remote sensing data analysis. Direct application to multi- and hyperspectral imagery of supervised (shallow or deep) convolutional networks is very challenging given the high input data dimensionality and the relatively small amount of available labeled data. Therefore, we propose the use of greedy layerwise unsupervised pretraining coupled with a highly efficient algorithm for unsupervised learning of sparse features. The algorithm is rooted on sparse representations and enforces both population and lifetime sparsity of the extracted features, simultaneously. We successfully illustrate the expressive power of the extracted representations in several scenarios: classification of aerial scenes, as well as land-use classification in very high resolution or land-cover classification from multi- and hyperspectral images. The proposed algorithm clearly outperforms standard principal component analysis (PCA) and its kernel counterpart (kPCA), as well as current state-of-the-art algorithms of aerial classification, while being extremely computationally efficient at learning representations of data. Results show that single-layer convolutional networks can extract powerful discriminative features only when the receptive field accounts for neighboring pixels and are preferred when the classification requires high resolution and detailed results. However, deep architectures significantly outperform single-layer variants, capturing increasing levels of abstraction and complexity throughout the feature hierarchy.","openalex, dblp, ieee",llm,0.980,unreviewed,
discarded,Decoding Actions at Different Levels of Abstraction,Moritz F. Wurm; Angelika Lingnau,2015,Journal of Neuroscience,10.1523/jneurosci.0188-15.2015,https://openalex.org/W1652911851,off-topic-false-hit,"Brain regions that mediate action understanding must contain representations that are action specific and at the same time tolerate a wide range of perceptual variance. Whereas progress has been made in understanding such generalization mechanisms in the object domain, the neural mechanisms to conceptualize actions remain unknown. In particular, there is ongoing dissent between motor-centric and cognitive accounts whether premotor cortex or brain regions in closer relation to perceptual systems, i.e., lateral occipitotemporal cortex, contain neural populations with such mapping properties. To date, it is unclear to which degree action-specific representations in these brain regions generalize from concrete action instantiations to abstract action concepts. However, such information would be crucial to differentiate between motor and cognitive theories. Using ROI-based and searchlight-based fMRI multivoxel pattern decoding, we sought brain regions in human cortex that manage the balancing act between specificity and generality. We investigated a concrete level that distinguishes actions based on perceptual features (e.g., opening vs closing a specific bottle), an intermediate level that generalizes across movement kinematics and specific objects involved in the action (e.g., opening different bottles with cork or screw cap), and an abstract level that additionally generalizes across object category (e.g., opening bottles or boxes). We demonstrate that the inferior parietal and occipitotemporal cortex code actions at abstract levels whereas the premotor cortex codes actions at the concrete level only. Hence, occipitotemporal, but not premotor, regions fulfill the necessary criteria for action understanding. This result is compatible with cognitive theories but strongly undermines motor theories of action understanding.","openalex, dblp, ieee",llm,0.990,unreviewed,
