status,title,authors,year,venue,doi,url,tags,abstract,provider,decision_source,llm_confidence,llm_review_outcome,llm_change_direction
kept,MIPS16 : High-density MIPS for the embedded market,K. D Kissell,1997,,,https://openalex.org/W2146227467,adjacent-subtopic,"The invention of RISC, or Reduced Instruction Set Computer technology, has been credited to several people. Certainly a great deal of the credit must go to John Cocke of IBM’s Yorktown research labs, where a processor called the 801 (named for the building in which Cocke and his team worked) pioneered the concept of designing processors and compilers in tandem. In the days when most applications were coded in assembly language, there was some programmer productivity to be gained in providing powerful machine instructions that handled complex tasks, such as single instructions that search memory for a particular value or even solve polynomial equations. The earliest 16-bit microprocessors, such as the 8086, 68000, Z8000 and NS32016 inherited this legacy from the minicomputers they were intended to replace.","openalex, dblp, ieee",human,0.830,unreviewed,
discarded,Capitoline Jupiter and the Historiography of Roman World Rule,Alexander Thein,2014,Histos,10.29173/histos263,https://openalex.org/W4402503567,off-topic-false-hit,"This article examines the origins of the idea of Roman world rule and the foundation myths of the Capitoline temple of Jupiter Optimus Maximus. The temple is associated with world rule by the mid-1st century BC. By the Augustan period its foundation myths are linked with the idea that Rome had been destined, from the time of the Tarquins, to exercise dominion over Italy and the world. The most important of the Capitoline foundation myths describes the prodigy of a human head which was discovered in the ground during the construction of the temple and interpreted as an omen of empire. In its earliest form the story of the caput humanum served as an etymological aetiology to explain why Rome's most important temple was called the Capitolium. This article argues that it was transformed into a myth of empire, with the addition of the prophecy of Rome's imperial destiny, in the mid- to late third century. At first it proclaimed Rome to be 'head of Italy'. The language of empire was inflated after the conquest of the Greek East, and by the late first century it was claimed that Rome had been destined to become 'head of the world'.","openalex, dblp, ieee",llm,1.000,unreviewed,
discarded,Supersymmetric Gauge Theories and the AdS/CFT Correspondence,Eric D'Hoker; Daniel Z. Freedman,2002,arXiv (Cornell University),10.48550/arxiv.hep-th/0201253,https://openalex.org/W2068191795,adjacent-subtopic,"In these lecture notes we first assemble the basic ingredients of supersymmetric gauge theories (particularly N=4 super-Yang-Mills theory), supergravity, and superstring theory. Brane solutions are surveyed. The geometry and symmetries of anti-de Sitter space are discussed. The AdS/CFT correspondence of Maldacena and its application to correlation functions in the the conformal phase of N=4 SYM are explained in considerable detail. A pedagogical treatment of holographic RG flows is given including a review of the conformal anomaly in four-dimensional quantum field theory and its calculation from five-dimensional gravity. Problem sets and exercises await the reader.","openalex, dblp, ieee",llm,0.970,unreviewed,
discarded,A classical view on nonclassical nucleation,Paul J. M. Smeets; Aaron R. Finney; Wouter J. E. M. Habraken; Fabio Nudelman; Heiner Friedrich; Jozua Lavèn; James J. De Yoreo; P. Mark Rodger; Nico A. J. M. Sommerdijk,2017,Proceedings of the National Academy of Sciences,10.1073/pnas.1700342114,https://openalex.org/W2753512891,off-topic-false-hit,"Significance Nucleation is the process by which constituent building blocks first assemble to form a new substance. In the case of mineral formation from initially free ions in solution, the emergence of intermediary phases often determines the thermodynamics and kinetics of formation for the most stable phase. Our work on CaCO 3 mineralization reevaluates a topic of intense discussion: Can nucleation be explained by theories established over a century ago, or should new physical concepts, as recently proposed, be adopted? Our data show that classical theories can indeed be used to describe complex mechanisms of crystallization. In addition, we provide information about the properties of intermediate phases, which will aid in the design of additives to control mineralization.","openalex, dblp, ieee",llm,0.990,unreviewed,
discarded,Rhododendron diversity patterns and priority conservation areas in China,Fangyuan Yu; Andrew K. Skidmore; Tiejun Wang; Jihong Huang; Keping Ma; T.A. Groen,2017,Diversity and Distributions,10.1111/ddi.12607,https://openalex.org/W2742173643,off-topic-false-hit,"Abstract Aim To predict Rhododendron diversity patterns and identify Rhododendron hotspots and priority areas for their conservation. Location China. Methods We predicted the distribution of 212 Rhododendron species by applying a spatially explicit species assemblage modelling ( SESAM ) framework on a 10 × 10 km grid across China. We evaluated Rhododendron diversity based on species richness, β‐diversity and weighted endemism (also known as range‐size rarity), and then identified hotspots formed by the top 1%, 5%, 25% and 50% of record‐containing grid cells for each diversity metric separately and for the combination of the three diversity metrics. We determined the priority conservation areas for Rhododendrons by overlaying the hotspots with the map of the 2139 nature reserves existing in China, and calculated the percentage of hotspots that is protected. The same analysis was also applied to threatened Rhododendron species. Results Rhododendron species richness, β‐diversity and weighted endemism decrease within China from the south‐west to the north‐east, mainly along mountain ranges. In total, 12 general hotspots for Rhododendron species are detected, covering 1.4% of China's land area. Five separately discerned hotspots (i.e. southern Chongqing, south‐eastern Tibet, north‐western Yunnan, south‐western Sichuan and northern Guangdong) comprising threatened Rhododendron species largely overlap (86.3%) with the general hotspots, and form priority areas for conservation. However, the remaining hotspots, especially southern Zhejiang and north‐eastern Guizhou, need more protection. Main conclusions To the best of our knowledge, this is the first comprehensive study of Rhododendron diversity patterns across the whole of China in terms of species richness, β‐diversity and weighted endemism, thereby offering a sound basis for the conservation of Rhododendrons in China. We demonstrate that as much attention should be paid to the small hotspots in south‐western and south‐eastern China, as to the largest hotspot (i.e. Mt Hengduan), to achieve conservation of Rhododendrons.","openalex, dblp, ieee",llm,1.000,unreviewed,
discarded,The Woman Who Invented Notepaper: Towards a Comparative Historiography of Paper and Print,T. H. Barrett,2011,Journal of the Royal Asiatic Society of Great Britain & Ireland,10.1017/s1356186311000186,https://openalex.org/W2321306875,off-topic-false-hit,"Abstract Comparative writing about the history of science and technology in different cultures tends to assume that differences in the ways in which these cultures write their histories are not important. But this is unlikely to be the case. The comparative lack of historical writing about printing in China by European standards should not in itself lead us to conclude that print only played a minor role there, any more than the tendency to downplay the importance of paper among historians of the European book means that its use in Europe was less significant than in other cultures. That in China the relative balance of the historical record is the opposite of the one that we tend to assume on the basis of the European experience is demonstrated here by contrasting the dearth of information about early printing with the commemoration even of relatively marginal cultural figures through the traditional Chinese historiography of paper making. But only tentative suggestions can be made as to why these differences in historical writing may have occurred.","openalex, dblp, ieee",llm,1.000,unreviewed,
discarded,Supporting Interview Analysis with Autocoding,Andreas Kaufmann; Ann Barcomb; Dirk Riehle,2020,Proceedings of the ... Annual Hawaii International Conference on System Sciences/Proceedings of the Annual Hawaii International Conference on System Sciences,10.24251/hicss.2020.094,https://openalex.org/W3004597283,adjacent-subtopic,"Interview analysis is a technique employed in qualitative research. Researchers annotate (code) interview transcriptions, often with the help of Computer-Assisted Qualitative Data Analysis Software (CAQDAS). The tools available today largely replicate the manual process of annotation. In this article, we demonstrate how to use natural language processing (NLP) to increase the reproducibility and traceability of the process of applying codes to text data. We integrated an existing commercial machine--learning (ML) based concept extraction service into an NLP pipeline independent of domain specific rules. We applied our prototype in three qualitative studies to evaluate its capabilities of supporting researchers by providing recommendations consistent with their initial work. Unlike rule based approaches, our process can be applied to interviews from any domain, without additional burden to the researcher for creating a new ruleset. Our work using three example data sets shows that this approach shows promise for a real--life application, but further research is needed.","openalex, dblp, ieee",llm,0.970,unreviewed,
discarded,Parallel processing strategies in the application of microcomputers to the behavioral laboratory,David Spencer; M. W. Emmett-Oglesby,1985,"Behavior Research Methods, Instruments, & Computers",10.3758/bf03214399,https://openalex.org/W1982114367,adjacent-subtopic,,"openalex, dblp, ieee",llm,0.930,unreviewed,
discarded,CONSTRUCTIONS IN COGNITIVE GRAMMAR,Ronald W. Langacker,2003,ENGLISH LINGUISTICS,10.9793/elsj1984.20.41,https://openalex.org/W2065409497,off-topic-false-hit,"Cognitive Grammar claims that grammatical structure is symbolic in nature and that constructions are the primary objects of description. A construction is an assembly of symbolic structures (form-meaning pairings) linked by correspondences. While constructions have certain characteristic features, various kinds of departure from this prototype are also common. Grammatical patterns are captured by constructional schemas (schematic symbolic assemblies). Grammatical dependencies reside in correspondences between semantic elements, with the consequence that constituency is non-essential and often variable. The symbolic view of grammar offers a viable alternative to the autonomy thesis.","openalex, dblp, ieee",llm,0.990,unreviewed,
kept,A practical tool kit for making portable compilers,Andrew S. Tanenbaum; Hans van Staveren; Ed G. Keizer; Johan W. Stevenson,1983,Communications of the ACM,10.1145/358172.358182,https://openalex.org/W2167159769,supports-claim,"The Amsterdam Compiler Kit is an integrated collection of programs designed to simplify the task of producing portable (cross) compilers and interpreters. For each language to be compiled, a program (called a front end) must be written to translate the source program into a common intermediate code. This intermediate code can be optimized and then either directly interpreted or translated to the assembly language of the desired target machine. The paper describes the various pieces of the tool kit in some detail, as well as discussing the overall strategy.","openalex, dblp, ieee",llm,0.950,unreviewed,
kept,Using Peephole Optimization on Intermediate Code,Andrew S. Tanenbaum; Hans van Staveren; Johan W. Stevenson,1982,ACM Transactions on Programming Languages and Systems,10.1145/357153.357155,https://openalex.org/W2100087302,adjacent-subtopic,"Many portable compilers generate an intermediate code that is subsequently translated into the target machine's assembly language. In this paper a stack-machine-based intermediate code suitable for algebraic languages (e.g., PASCAL, C, FORTRAN) and most byte-addressed mini-and microcomputers is described. A table-driven peephole optimizer that improves this intermediate code is then discussed in detail and compared with other local optimization methods. Measurements show an improvement of about 15 percent, depending on the precise metric used.","openalex, dblp, ieee",human,0.910,unreviewed,
discarded,Foundational Typed Assembly Language for Grid Computing,Joseph C. Vanderwaart; Karl Crary,2018,Figshare,10.1184/r1/6605852,https://openalex.org/W1600803309,adjacent-subtopic,"Abstract: ""This report describes a type theory for certified code, called TALT-R, in which type safety guarantees cooperation with a mechanism to limit the CPU usage of untrusted code. At its core is the foundational typed assembly lanuage TALT, extended with an instruction-counting mechanism, or 'virtual clock', intended to bound the number of non-yielding instructions a program may execute in a row. The type theory also contains a form of dependent refinement that allows reasoning about integer values to be reflected in the typing of a program; in particular, the refinement system enables a simple but effective dynamic checking scheme for the clock, which we predict will greatly improve the performance of TALT-R programs. We exhibit a translation from a clock-ignorant source language into a form of TALT-R, demonstrating that the type system is expressive enough to write general programs in.""","openalex, dblp, ieee",llm,0.840,unreviewed,
discarded,The Software Optimization Cookbook,R. Gerber,2002,Intel Press eBooks,,https://openalex.org/W157328770,adjacent-subtopic,"From the Publisher:
Revealing the secrets of the software tuning process, The Software Optimization Cookbook provides recipes for high-performance applications on the Intel® Pentium® III and Pentium® 4 processors. Simple explanations and C language examples show you how to address performance issues with algorithms, memory access, branching, SIMD instructions, multiple threads, and floating-point calculations. With this book, you need not be a processor architect or assembly language expert to get the full power out of your software on the 32-bit Intel® Architecture.
Learn how to: 
Use performance tools and tested concepts to analyze and improve applications. Determine which portions of an application should be given highest priority for optimizations. Identify the reasons that certain portions of your application are slower than they should be. Improve an application by working directly on the root cause of a software bottleneck. Design an application from the ground up for maximum performance.","openalex, dblp, ieee",llm,0.900,unreviewed,
discarded,The pitfalls of verifying floating-point computations,David Monniaux,2008,ACM Transactions on Programming Languages and Systems,10.1145/1353445.1353446,https://openalex.org/W2130084210,adjacent-subtopic,"Current critical systems often use a lot of floating-point computations, and thus the testing or static analysis of programs containing floating-point operators has become a priority. However, correctly defining the semantics of common implementations of floating-point is tricky, because semantics may change according to many factors beyond source-code level, such as choices made by compilers. We here give concrete examples of problems that can appear and solutions for implementing in analysis software.","openalex, dblp, ieee",llm,0.880,unreviewed,
discarded,Imagining is Not Doing but Involves Specific Motor Commands: A Review of Experimental Data Related to Motor Inhibition,Aymeric Guillot; Franck Di Rienzo; Tadhg MacIntyre; Aidan Moran; Christian Collet,2012,Frontiers in Human Neuroscience,10.3389/fnhum.2012.00247,https://openalex.org/W2162075766,off-topic-false-hit,"There is now compelling evidence that motor imagery (MI) and actual movement share common neural substrate. However, the question of how MI inhibits the transmission of motor commands into the efferent pathways in order to prevent any movement is largely unresolved. Similarly, little is known about the nature of the electromyographic activity that is apparent during MI. In addressing these gaps in the literature, the present paper argues that MI includes motor execution commands for muscle contractions which are blocked at some level of the motor system by inhibitory mechanisms. We first assemble data from neuroimaging studies that demonstrate that the neural networks mediating MI and motor performance are not totally overlapping, thereby highlighting potential differences between MI and actual motor execution. We then review MI data indicating the presence of subliminal muscular activity reflecting the intrinsic characteristics of the motor command as well as increased corticomotor excitability. The third section not only considers the inhibitory mechanisms involved during MI but also examines how the brain resolves the problem of issuing the motor command for action while supervising motor inhibition when people engage in voluntary movement during MI. The last part of the paper draws on imagery research in clinical contexts to suggest that some patients move while imagining an action, although they are not aware of such movements. In particular, experimental data from amputees as well as from patients with Parkinson's disease are discussed. We also review recent studies based on comparing brain activity in tetraplegic patients with that from healthy matched controls that provide insights into inhibitory processes during MI. We conclude by arguing that based on available evidence, a multifactorial explanation of motor inhibition during MI is warranted.","openalex, dblp, ieee",llm,0.990,unreviewed,
discarded,Assembly language courses in transition,Richard Little; Mark Smotherman,1988,,10.1145/52964.52989,https://openalex.org/W2034724420,adjacent-subtopic,"Although the CS 3 course of the ACM Curriculum '78 was defined almost a decade ago, the broader perspectives that are desired for that course have not been present in many undergraduate programs. Only recently has the pivotal role of this course begun to attract the attention of computer science faculties. This development is prompted by the increasing awareness in our profession of the need to convey basic principles along with programming skills in introductory courses, and is accompanied by the increasing availability of more well-rounded textbooks. This paper describes the transition at Clemson University from a skills-oriented “assembly language course” to a principles-oriented “introduction to computer systems” course. The course that has resulted will better prepare students for subsequent studies in languages, operating systems, and applications support software.","openalex, dblp, ieee",llm,0.930,unreviewed,
discarded,Biomimetic gelatin/chitosan/polyvinyl alcohol/nano-hydroxyapatite scaffolds for bone tissue engineering,Pengfei Ma; Wenjing Wu; Yu Wei; Le Ren; Shuxian Lin; Junhua Wu,2021,Materials & Design,10.1016/j.matdes.2021.109865,https://openalex.org/W3167392862,off-topic-false-hit,"Multi-component bone tissue engineering scaffolds are the dominant trend to address complex requirements of bone defect repair. In this study, to mimic component and microstructure of natural bone, polymers (natural and synthetic) and nano-hydroxyapatite (nHAp) were fabricated to form a porous composite scaffold. Gelatin (Gel), chitosan (CS) and polyvinyl alcohol (PVA) were first assembled to simulate extracellular matrix. The simulated matrix exhibited tunable pore size, porosity, swelling, pH, degradation and mechanical strength. After the incorporation of nHAp, the composite scaffolds showed improved compression resistance, pH adaptability, improved surface bioactivity and biomimetic structure. In addition, the composite scaffolds can effectively promote cell proliferation and adhesion, of which, scaffolds containing 12.5% of nHAp were demonstrated to have high osteogenic differentiation ability. Hence, these results suggest that Gel/CS/PVA/nHAp composite scaffolds could be a promising biomimetic scaffold for bone tissue engineering.","openalex, dblp, ieee",llm,0.990,unreviewed,
discarded,An automatic grading scheme for simple programming exercises,J. B. Hext; J. W. Winings,1969,Communications of the ACM,10.1145/362946.362981,https://openalex.org/W1988335552,adjacent-subtopic,"A discussion is given of alterations that were made to a typical university operating system to record the results of programming exercises in three different languages, includeing assembly language. In this computer-controlled grading scheme provision is made for testing with programmer-supplied data and for final runs with system-supplied data. Exercises run under the scheme may be mixed with other programs, and no special recognition of exercises by the operators is necessary.","openalex, dblp, ieee",llm,0.890,unreviewed,
discarded,Digital Signal Processing: A Computer Science Perspective,Jonathan Stein,2000,,10.1002/047120059x,https://openalex.org/W61885107,adjacent-subtopic,"From the Publisher:
Get a working knowledge of digital signal processing for computer science applications 
