status,title,authors,year,venue,doi,url,tags,abstract,provider,decision_source,llm_confidence,llm_review_outcome,llm_change_direction
discarded,Splitting bits for lossless compression of microarray images,Basar Koc; Ziya Arnavut; Dilip Sarkar; Huseyin Kocak,2017,2017 14th International Conference on Smart Cities: Improving Quality of Life Using ICT & IoT (HONET-ICT),10.1109/HONET.2017.8102221,https://ieeexplore.ieee.org/document/8102221/,adjacent-subtopic,"In an earlier publication we reported on the effectiveness of the Burrows-Wheeler transformation followed by inversion coder (BWIC) in the lossless compression of DNA microarray images where we obtained gains of average 6.5% over generic image compressors. In this work, we propose an enhancement of our previous technique by exploiting the bit distribution of images. Using a simple statistical test, we first decide if it will be gainful to split a 16-bit microarray image into two 8-bit images. In case of splitting, it turns out that the first 8-bit image is highly compressible and we use BWIC to compress it. The second 8-bit image most often contains noise and the bit distribution can become nearly random. We use the Wald-Wolfowitz runs test of randomness to decide whether to compress the second 8-bit image with BWIC or not at all since attempting to compress random data usually results in a larger file size. On select microarray images, by splitting a 16-bit microarray image into 8-bit pieces and selectively compressing the pieces with BWIC, we can achieve upward of 3% compression gain over our previous work.","openalex, ieee",llm,0.970,unreviewed,
discarded,Lossless compression of DNA Microarray images with Inversion Coder,Basar Koc; Ziya Arnavut; Huseyin Kocak,2014,2014 11th Annual High Capacity Optical Networks and Emerging/Enabling Technologies (Photonics for Energy),10.1109/HONET.2014.7029387,https://ieeexplore.ieee.org/document/7029387/,adjacent-subtopic,"DNA Microarray images are used to identify and monitor gene activity, or expression. In a single experiment, a large number of microarray images may be produced. Storage and archiving of these images are an important problem for researchers. Since microarray images can have a wide variety of nearly random patterns with no discernible structures, general entropy coders, e.g. Bzip2, or generic image compressors, e.g. JPEG-LS, do not perform well. In this work, we investigate performance of the inversion coding technique in lossless compression of DNA microarray images. We show that inversion coding outperforms commonly used entropy coders and image compressors.","openalex, ieee",llm,0.970,unreviewed,
discarded,Hierarchical Voltage Control Strategy in Distribution Networks Considering Customized Charging Navigation of Electric Vehicles,Xianzhuo Sun; Jing Qiu,2021,IEEE Transactions on Smart Grid,10.1109/TSG.2021.3094891,https://ieeexplore.ieee.org/document/9475447/,adjacent-subtopic,"This paper proposes a three-layer hierarchical voltage control strategy for distribution networks considering the customized charging navigation of electric vehicles (EVs). In the first layer, optimal power flow (OPF) is performed to determine the day-ahead dispatch of on-load tap changer (OLTC) and capacitor banks (CBs). The optimization problem is formulated as a mixed-integer second-order cone programming (MISOCP) which can be effectively solved. In the second layer, a customized charging navigation strategy is proposed to conduct the charging behaviors of EVs based on their own preferences. The novel preference modes are designed for different types of EV users to include not only the charge and time cost, but also the willingness to participate in voltage regulation service (VRS). The navigation problem is formulated as a mixed-integer linear programming (MILP), which is then solved by CPLEX solvers embedded with Dijkstra algorithm. In the third layer, charging stations measure local voltage and regulate the charging power of EVs to mitigate voltage violation. The charging selection and power allocation process are performed dynamically considering the mutual effect between the second and third layers. The economic compensation mechanism is also designed for both EV users and charging stations. The proposed approach is tested on the IEEE 33-bus distribution system coupled with a 24-bus transportation system, and simulation results verify the effectiveness both in charging navigation and mitigating voltage violation.","openalex, ieee",llm,0.980,unreviewed,
discarded,A Practical and Open Source Implementation of IEC 61850-7-2 for IED Monitoring Applications,Steven M. Blair; Campbell D. Booth,2015,IEEE Transactions on Smart Grid,10.1109/TSG.2015.2394495,https://ieeexplore.ieee.org/document/7031959/,adjacent-subtopic,"A new open source mapping of IEC 61850-7-2 to web services has been defined and implemented. This letter describes work which is useful for rapidly implementing user interfaces—particularly web-based interfaces—for monitoring and controlling intelligent electronic devices from multiple vendors. The web service mapping has been implemented using the Hypertext Transfer Protocol, with a message format in JavaScript Object Notation. This approach requires a simple and ubiquitous software stack for its implementation, which is a significant advantage over existing client-server communications mappings. The use of an open source paradigm allows for the rapid iteration and refinement of the design, implementation, and testing of the internal details of the proposed protocol stack in a collaborative manner. These developments are of immediate interest to users of IEC 61850, and are particularly relevant to the IEC 61850 standardization process.","openalex, ieee",llm,0.950,unreviewed,
discarded,Distributed Optimal Voltage Control and Berth Allocation of All-Electric Ships in Seaport Microgrids,Xianzhuo Sun; Jing Qiu; Yuechuan Tao; Yu Yi; Junhua Zhao,2022,IEEE Transactions on Smart Grid,10.1109/TSG.2022.3161647,https://ieeexplore.ieee.org/document/9740219/,adjacent-subtopic,"The uncoordinated berth allocation of all-electric ships (AES) will impose great challenges on voltage profiles in seaport microgrids. This paper proposes a distributed optimal voltage control and berth allocation strategy to mitigate voltage violations while balancing the benefits between microgrids and AES. The voltage control problem is formulated as a second-order cone program (SOCP) to minimize network power loss, while the berth allocation problem is formulated as a mixed-integer linear program (MILP) to minimize total service time. To build the bridge between microgrids and berthed-in AES, the power interaction model at the seaport is proposed. The proposed model introduces a time-cost factor to evaluate the economic cost of service time and also unifies the timescales between voltage control and berth allocation. Considering different system operators and objectives of microgrids and AES, this paper develops an alternating direction of multipliers (ADMM)-based distributed optimization algorithm to solve the problem. The method can help reach the convergence of ADMM in solving models with discrete variables. The proposed approach is tested on the EU 16-bus microgrid embedded with a seaport and simulation results verify the effectiveness both in mitigating voltage violations and maximizing the total benefits of microgrids and AES.","openalex, ieee",llm,0.980,unreviewed,
discarded,Cost-Effective Coordinated Voltage Control in Active Distribution Networks With Photovoltaics and Mobile Energy Storage Systems,Xianzhuo Sun; Jing Qiu; Yu Yi; Yuechuan Tao,2022,IEEE Transactions on Sustainable Energy,10.1109/TSTE.2021.3118404,https://ieeexplore.ieee.org/document/9566829/,adjacent-subtopic,"High penetration of intermittent renewable energy resources (RES) will impose great challenges on the conventional voltage control in distribution networks. This paper proposes a two-stage cost-effective coordinated voltage control strategy to mitigate fast voltage violations while minimizing the total voltage regulation cost. In the first stage, the optimal power flow (OPF) is performed to determine the day-ahead dispatch results of on-load tap changers (OLTC) and capacitor banks (CBs). The hourly charging schedule of mobile energy storage systems (MESS) is also obtained through a spatial-temporal decision model embedded in the optimization problem. In the second stage, the real-time voltage control strategy is implemented to regulate the power output of photovoltaics (PVs) and MESS with one minute resolution. A novel fine-tuning control method is proposed to adjust the power output, which can further reduce voltage regulation cost within a certain voltage dead band. To reserve more fast-response power resources for PVs and MESS, the voltage regulation cost curves are designed as a piecewise linear function with different per unit cost in each range. The proposed approach is tested on the IEEE 33-bus and 123-bus distribution systems and comparative simulation results show the enhanced control effect in mitigating voltage violations and saving costs.","openalex, ieee",llm,0.980,unreviewed,
discarded,A Multi-Mode Data-Driven Volt/Var Control Strategy With Conservation Voltage Reduction in Active Distribution Networks,Xianzhuo Sun; Jing Qiu; Yuechuan Tao; Yuan Ma; Junhua Zhao,2022,IEEE Transactions on Sustainable Energy,10.1109/TSTE.2022.3149267,https://ieeexplore.ieee.org/document/9707859/,adjacent-subtopic,"This paper proposes a two-stage multi-mode data-driven Volt/Var optimization-based conservation voltage reduction (VVO/CVR) strategy to reduce total energy consumption while mitigating fast voltage violations in distribution networks. In the first stage, optimal power flow (OPF) is performed in the central controller (CC) to obtain day-ahead dispatch results of on-load tap changers (OLTC) and capacitor banks (CBs) based forecasting data of PV and load. In the second stage, a multi-mode data-driven local control strategy is designed in real-time Volt/Var control (VVC) with three operation modes, which are energy saving mode, reactive power reservation mode and security operation mode respectively. The coordination and transition among different control modes allow system operators to achieve both energy savings and voltage security under various conditions. The flexible reactive power margin of PVs can also be adaptively improved through cooperation with CBs. Moreover, a data-driven deep convolution neural network (CNN) is developed and trained as a local controller (LC) to regulate the reactive power of PVs based on local measurements. The influence of input selections on training losses is analyzed in detail, and a clustering-based data preprocessing method is also proposed to simplify the training process without compromising the training performance. The proposed approach is tested on the IEEE 33-bus distribution system and simulation results verify the effectiveness both in saving energy and addressing voltage problems.","openalex, ieee",llm,0.980,unreviewed,
discarded,Data-Driven Combined Central and Distributed Volt/Var Control in Active Distribution Networks,Xianzhuo Sun; Jing Qiu; Yuechuan Tao; Junhua Zhao,2023,IEEE Transactions on Smart Grid,10.1109/TSG.2022.3213587,https://ieeexplore.ieee.org/document/9916057/,adjacent-subtopic,"This paper proposes a two-stage combined central and distributed Volt/Var control (VVC) strategy to coordinate both utility-scale and customer-owned photovoltaics (PVs) for voltage regulation in active distribution networks (ADN). In the first stage, with day-ahead PV and load predictions, the central controller (CC) performs optimal power flow (OPF) to determine the hourly dispatch of on-load tap changers (OLTC) and capacitor banks (CBs). In the second stage, the ADN is partitioned into different zones only based on PV and load types. The zone controllers (ZC), which is formulated by deep neural networks (DNN), then communicate with their neighbors and track the optimal total reactive power support of PVs in each zone. In the offline training process, an analytical derivation to minimize power losses is also provided that can help the input and output selection of DNN. To online dispatch reactive power for individual utility-scale and customer-owned PVs in corresponding zones, a multi-mode reactive power allocation strategy is proposed. Three different modes namely loss reduction mode (LRM), fair power sharing mode (FPM) and voltage security mode (VSM) are designed to meet varying operation requirements, which can mitigate voltage violations with fair participation for customers and reduced power losses for system operators. Numerical simulations are performed on the IEEE 33-bus distribution system to demonstrate the effectiveness of the proposed method in finding a trade-off between voltage security and loss minimization with fairness.","openalex, ieee",llm,0.980,unreviewed,
discarded,Robust Regional Coordination of Inverter-Based Volt/Var Control via Multi-Agent Deep Reinforcement Learning,Hangyue Liu; Cuo Zhang; Qingmian Chai; Ke Meng; Qinglai Guo; Zhao Yang Dong,2021,IEEE Transactions on Smart Grid,10.1109/TSG.2021.3104139,https://ieeexplore.ieee.org/document/9511622/,adjacent-subtopic,"Inverter-based Volt/Var control (VVC) methods can effectively address issues of voltage deviations and constraint violations, as well as reduce network power losses in active distribution networks. Conventional VVC mainly relies on rule-based, mathematical, or heuristic methods. However, these methods can be inefficient or even infeasible for large-scale systems, especially when operational uncertainties are considered at both spatial and temporal scales. To this end, firstly, this paper formulates a multi-region coordinated VVC optimization problem to simultaneously minimize bus voltage deviations and network power losses. Furthermore, with the problem being formulated as a partially observable Markov Game, a multi-agent deep deterministic policy gradient (MADDPG) algorithm is modified to solve this problem. Each region, which is a sub-network with a control center, is modeled as an agent and learns to optimize inverter reactive power output setpoints through exploration in virtual environment and improved neural network training procedure. Spatial and temporal uncertainties of photovoltaic power generation and loads are modeled by stochastic programming as scenarios in the MADDPG algorithm. This algorithm can address the uncertainties to guarantee solution robustness. Thus, this paper eventually proposes a robust regionally coordinated VVC method, and numerical simulations indicate high computing efficiency and robust optimum.","openalex, ieee",llm,0.980,unreviewed,
discarded,PV Inverter Reliability-Constrained Volt/Var Control of Distribution Networks,Qingmian Chai; Cuo Zhang; Yan Xu; Zhao Yang Dong,2021,IEEE Transactions on Sustainable Energy,10.1109/TSTE.2021.3065451,https://ieeexplore.ieee.org/document/9376655/,adjacent-subtopic,"The increasing penetration of photovoltaic (PV) systems promotes utilization of PV inverters for volt/var control (VVC) in distribution networks. However, PV inverters are vulnerable and their reliability is one of the most critical concerns for sustainable PV energy utilization. To enhance PV inverter reliability, this paper proposes a PV inverter reliability-constrained VVC method of distribution networks under uncertainties. Firstly, a full reliability analysis procedure for PV inverters is developed to estimate the lifetimes of core devices inside inverters. Secondly, considering the impacts of VVC on PV inverter reliability, reliability constraints are proposed based on regulation of inverter apparent power and application of a PV curtailment scheme. Thirdly, a multi-objective PV inverter reliability-constrained VVC optimization model is proposed, which aims to minimize network power loss and PV curtailed power, simultaneously. Accordingly, the nonconvex model is relaxed by a second-order cone programming method, and the uncertainties such as PV power generation and loads are addressed by a scenario-based stochastic optimization method. The proposed VVC method is tested on the 33-bus and 69-bus distribution networks, and the simulation results verify high efficiency of the proposed method in energy loss reduction and inverter reliability enhancement.","openalex, ieee",llm,0.980,unreviewed,
discarded,Multi-Objective Hierarchically-Coordinated Volt/Var Control for Active Distribution Networks With Droop-Controlled PV Inverters,Ruipeng Xu; Cuo Zhang; Yan Xu; Zhaoyang Dong; Rui Zhang,2022,IEEE Transactions on Smart Grid,10.1109/TSG.2021.3126761,https://ieeexplore.ieee.org/document/9609090/,adjacent-subtopic,"Due to increasing installation of photovoltaic (PV) units, reactive power compensation from PV inverters contributes significantly to Volt/Var control (VVC) for active distribution networks. While PV inverters support VVC functions, lack of systematic coordination and heavily varying PV power generation lead to low control efficiency. To maximize benefits of the inverter-based VVC, this paper proposes a multi-objective hierarchically-coordinated VVC method with droop-controlled PV inverters. This method aims to minimize both average bus voltage deviation and network power loss, by simultaneously optimizing PV inverter reactive power setpoints for central control and droop control functions for local control. The droop control characteristics of PV inverters are fully modeled, including voltage ranges of the dead band and control zones, as well as droop slope gradients. In addition, this paper applies a Taguchi’s orthogonal array testing technique to handle random variations of PV power generation in the optimization problem. Moreover, to efficiently solve this optimization problem with integer variables, this paper proposes a solution algorithm based on model relaxation and a feasibility pump method. The proposed method is tested on two distribution systems, and simulation results verify highly efficient control performance in comparison with existing methods.","openalex, ieee",llm,0.980,unreviewed,
discarded,Power and Transport Nexus: Routing Electric Vehicles to Promote Renewable Power Integration,Hongcai Zhang; Zechun Hu; Yonghua Song,2020,IEEE Transactions on Smart Grid,10.1109/TSG.2020.2967082,https://ieeexplore.ieee.org/document/8962325/,adjacent-subtopic,"Increasing plug-in electric vehicle (PEV) charging stations are coupling the power and transportation systems tightly together. The distribution of PEV traffic flows will be constrained by and inversely affect both systems. In this paper, we study the PEV routing problem on a coupled transportation and power network from the perspective of a social coordinator. We formulate an interdisciplinary second order cone programming model that optimizes PEVs' driving paths and charging locations to minimize the system's social costs, which include driving and charging time costs of PEV drivers and power supply costs. The model employs: 1) an expanded transportation network model to explicitly describe PEVs' driving range constraints on the transportation network; 2) the AC power flow model to describe the electrical constraints of the power system. We then design an iterative column generation algorithm to efficiently solve it. We validate the proposed method on a coupled transportation and power network with distributed renewable generation. Numerical simulation results show that routing PEV traffic flows adopting the proposed strategy can effectively improve social welfare and promote renewable generation integration.","openalex, ieee",llm,0.980,unreviewed,
discarded,Train Diagram for Optimal Evacuation With Self-Adaptive Voltage Loss and Multi-Train Organization Constraints in Autotransformer Supply Systems,Junshan Liu; Haolin Li; Linbo Zhang; Zaibin Jiao; Haoran Geng,2025,IEEE Transactions on Smart Grid,10.1109/TSG.2025.3559714,https://ieeexplore.ieee.org/document/10962320/,adjacent-subtopic,"Power systems in remote areas are highly vulnerable, often leading to outages that disrupt traction power supply systems (TPSSs). This paper proposes a scheme to optimize the evacuation of electric locomotives within supply sections fed by an interconnected microgrid following the disconnection of the external power supply system (EPSS). Specifically, this paper begins by presenting a multi-train operational organization (MTOO) constraint, based on a velocity-time mesh, to create a train evacuation diagram that leverages a moving block system to prevent collisions. Next, it formulates self-adaptive voltage loss constraints tailored for high-capacity routes to maintain safe voltage levels. Finally, the paper brings forward device models, including Vv transformers, diesel generators, and energy storage systems considering negative sequence current (NSC) endurance, and establishes three-phase power flow constraints to ensure coordinated and optimal evacuation. The entire model is linearized into a mixed-integer linear programming (MILP) framework, and numerical results from two arms of a traction substation (TS) in a single-track autotransformer (AT) TPSS demonstrate the effectiveness of the well-crafted scheme.","openalex, ieee",llm,0.980,unreviewed,
