status,title,authors,year,venue,doi,url,tags,abstract,provider,decision_source,llm_confidence,llm_review_outcome,llm_change_direction
discarded,A Survey on LLM-based Code Generation for Low-Resource and Domain-Specific Programming Languages,Sathvik Joel; Jie JW Wu; Fatemeh H. Fard,2025,ACM Transactions on Software Engineering and Methodology,10.1145/3770084,https://openalex.org/W4414913062,adjacent-subtopic,"Large Language Models (LLMs) have shown remarkable capabilities in code generation for popular programming languages. However, their performance in Low-Resource Programming Languages (LRPLs) and Domain-Specific Languages (DSLs) remains a critical challenge. This gap affects millions of developers - with Rust alone having 3.5 million users - who are currently unable to fully leverage LLM capabilities. LRPLs and DSLs face unique challenges, including severe data scarcity and, for DSLs, highly specialized syntax and semantics that are poorly represented in general-purpose datasets. Addressing these challenges is crucial as LRPLs and DSLs significantly enhance development efficiency in specialized domains and applications, including financial and scientific works. While several surveys on LLMs for software engineering and code exist, none comprehensively address the challenges and opportunities specific to LRPLs and DSLs. Our survey fills this gap by providing a systematic review of the current state, methodologies, and challenges in leveraging LLMs for code generation in LRPL and DSL. We filtered 111 papers from over 27,000 published studies from 2020 – 2024 to understand the capabilities and limitations of LLMs in these specialized domains. We also expanded our literature search to include 5 recent papers from 2024 – 2025. We report LLMs used, benchmarks, and metrics to evaluate code generation in LRPLs and DSLs, as well as strategies used to enhance LLM performance, and the collected datasets and curation methods in this context. We identified four main evaluation techniques used in the literature, along with several metrics to assess code generation in LRPL and DSL. We categorized the methods used for LLM improvement into six main groups and summarized the novel methods and architectures proposed by the researchers. We also classified different approaches used for data collection and preparation. While different techniques, metrics, and datasets are used, there is a lack of a standard approach and a benchmark dataset to evaluate code generation in several LRPLs and DSLs. We discuss several distinctions of the studied approaches with the ones used in high-resource programming languages (HRPLs), as well as several challenges unique to these languages, especially DSLs. The challenges stem from the scarcity of data, the unique requirements, and specialized domains, which often need expertise guidelines or domain-specific tools. Accordingly, we provide insights into different research opportunities for the studied aspects. This survey serves as a comprehensive resource for researchers and practitioners working at the intersection of LLMs, software engineering, and specialized programming languages, providing a foundation for future advancements in LRPL and DSL code generation. A GitHub repository was created to organize the papers of this survey at https://github.com/jie-jw-wu/Survey-CodeLLM4LowResource-DSL .","openalex, dblp, ieee",llm,0.910,unreviewed,
kept,"COPYING, SHARING, AND ALIASING",Peter Grogono; Patrice Chalin,1995,WORLD SCIENTIFIC eBooks,10.1142/9789812831163_0006,https://openalex.org/W1503818804,adjacent-subtopic,"Study of the history of programming languages reveals a subtle interplay between semantics and implementation. Early languages, designed for maximum efficiency, provided simple abstractions of the underlying hardware. These languages were followed by languages that were ""problem oriented"" in that they attempted to hide the grosser details of the underlying hardware. Yet confusion between semantics and implementation persists, encouraged by the survival of low-level features that are deemed to be essential for efficiency. Copying, sharing, and aliasing are examples of concepts that render the task of the programmer more difficult by confusing semantics and implementation. For object oriented programs, the important distinction is not between values and references, but between mutable and immutable objects. This distinction is the basis for a model of computation that is untainted by implementation considerations and that provides the necessary foundation for object oriented modeling. 1 ...","openalex, dblp, ieee",human,0.900,unreviewed,
discarded,Surfing the AI waves: the historical evolution of artificial intelligence in management and organizational studies and practices,Matteo Cristofaro; Pier Luigi Giardino,2025,Journal of Management History,10.1108/jmh-01-2025-0002,https://openalex.org/W4408577666,adjacent-subtopic,"Purpose This paper aims to explore the historical evolution of artificial intelligence (AI) in management and organizational studies and practices, highlighting the cyclical patterns of technological advancements, scholarly contributions and organizational adoptions. Design/methodology/approach This paper proposes a wave metaphor and related framework to capture the dynamic and cyclical nature of AI’s evolution into theory and practice. This paper accessed relevant scholarly sources about AI’s technological and practical development over the decades. Findings This study uncovers the recurring misalignments between technological advancements, scholarly contributions and organizational adoptions by identifying five distinct waves in AI history – symbolic AI, the AI Winter, the machine learning renaissance, the big data era and the emerging phase of human–AI collaboration. Each wave reflects distinct challenges and opportunities, providing insights into how management theory and practices shaped and have been shaped by AI. This framework also highlights the role of theory-practice misalignment – both as a barrier and a driver of progress – in shaping the trajectory of AI’s integration into management and organizational studies. Originality/value This work challenges linear views of technological progress and emphasizes the interplay (and misalignments) between scholarly contributions and practice. For academics, it offers comprehensive research directions for investigating AI in management and organization studies. For practitioners, it provides guidance on navigating technological adoptions.","openalex, dblp, ieee",llm,0.970,unreviewed,
kept,"""History is touchy"" Die History-of-Programming-Languages-Konferenz, 1978",Amelie Mittlmeier,2024,Berichte zur Wissenschaftsgeschichte,10.1002/bewi.202300032,https://openalex.org/W4400999446,supports-claim; qualifies-claim; hopl-historiografi,"Abstract Less than twenty years after computer science was able to establish itself as an academic discipline, a group of US computer scientists organized a conference on the history of programming languages. The conference is distinguished from other self‐historicization projects by the organizer's claim to present an “accurate” account of their own discipline's history. However, the actors encountered challenges in terms of how to present their own history “objectively.” How to deal with incomplete memories? How to avoid putting others in a bad light? There was far from agreement on these points and heated discussions ensued. Strategies had to be developed and compromises made to make the project a reality. The conference was intended to contribute to the history of computer science and the organizers sought exchange with professional historians. However, the project met with little interest among them. Rather, the discussion between the computer scientists and the historians shows how the history of science also struggled with questions of how to deal suitably with the past. In this respect, the Computer Scientists’ Conference not only illuminates the history of computer science, but also offers a new perspective on the history of the history of science.","openalex, dblp, ieee",human,0.930,unreviewed,
discarded,Local Search and the Evolution of World Models,Neil R Bramley; Bonan Zhao; Tadeg Quillien; Christopher G. Lucas,2023,Topics in Cognitive Science,10.1111/tops.12703,https://openalex.org/W4387729666,adjacent-subtopic,"An open question regarding how people develop their models of the world is how new candidates are generated for consideration out of infinitely many possibilities. We discuss the role that evolutionary mechanisms play in this process. Specifically, we argue that when it comes to developing a global world model, innovation is necessarily incremental, involving the generation and selection among random local mutations and recombinations of (parts of) one's current model. We argue that, by narrowing and guiding exploration, this feature of cognitive search is what allows human learners to discover better theories, without ever grappling directly with the problem of finding a ""global optimum,"" or best possible world model. We suggest this aspect of cognitive processing works analogously to how blind variation and selection mechanisms drive biological evolution. We propose algorithms developed for program synthesis provide candidate mechanisms for how human minds might achieve this. We discuss objections and implications of this perspective, finally suggesting that a better process-level understanding of how humans incrementally explore compositional theory spaces can shed light on how we think, and provide explanatory traction on fundamental cognitive biases, including anchoring, probability matching, and confirmation bias.","openalex, dblp, ieee",llm,0.940,unreviewed,
discarded,Describing Prolog by its interpretation and compilation,Jacques Cohen,1985,Communications of the ACM,10.1145/214956.214960,https://openalex.org/W2079874801,adjacent-subtopic,"Since its conception, Prolog has followed a developmental course similar to the early evolution of LISP. Although the version of Prolog described here typifies that currently in use, it should be considered within the framework of language evolution.","openalex, dblp, ieee",llm,0.790,unreviewed,
discarded,From Homo Sapiens to Robo Sapiens: The Evolution of Intelligence,Anat Ringel Raveh; Boaz Tamir,2018,Information,10.3390/info10010002,https://openalex.org/W2904982342,adjacent-subtopic,"In this paper, we present a review of recent developments in artificial intelligence (AI) towards the possibility of an artificial intelligence equal that of human intelligence. AI technology has always shown a stepwise increase in its capacity and complexity. The last step took place several years ago with the increased progress in deep neural network technology. Each such step goes hand in hand with our understanding of ourselves and our understanding of human cognition. Indeed, AI was always about the question of understanding human nature. AI percolates into our lives, changing our environment. We believe that the next few steps in AI technology, and in our understanding of human behavior, will bring about much more powerful machines that are flexible enough to resemble human behavior. In this context, there are two research fields: Artificial Social Intelligence (ASI) and General Artificial Intelligence (AGI). The authors also allude to one of the main challenges for AI, embodied cognition, and explain how it can be viewed as an opportunity for further progress in AI research.","openalex, dblp, ieee",llm,0.970,unreviewed,
discarded,Pyramidal Framework: Guidance for the Next Generation of GIS Spatial-Temporal Models,Cyril Carré; Younes Hamdani,2021,ISPRS International Journal of Geo-Information,10.3390/ijgi10030188,https://openalex.org/W3137389323,adjacent-subtopic,"Over the last decade, innovative computer technologies and the multiplication of geospatial data acquisition solutions have transformed the geographic information systems (GIS) landscape and opened up new opportunities to close the gap between GIS and the dynamics of geographic phenomena. There is a demand to further develop spatio-temporal conceptual models to comprehensively represent the nature of the evolution of geographic objects. The latter involves a set of considerations like those related to managing changes and object identities, modeling possible causal relations, and integrating multiple interpretations. While conventional literature generally presents these concepts separately and rarely approaches them from a holistic perspective, they are in fact interrelated. Therefore, we believe that the semantics of modeling would be improved by considering these concepts jointly. In this work, we propose to represent these interrelationships in the form of a hierarchical pyramidal framework and to further explore this set of concepts. The objective of this framework is to provide a guideline to orient the design of future generations of GIS data models, enabling them to achieve a better representation of available spatio-temporal data. In addition, this framework aims at providing keys for a new interpretation and classification of spatio-temporal conceptual models. This work can be beneficial for researchers, students, and developers interested in advanced spatio-temporal modeling.","openalex, dblp, ieee",llm,0.960,unreviewed,
discarded,Language Models of Code are Few-Shot Commonsense Learners,Aman Madaan; Shuyan Zhou; Uri Alon; Yiming Yang; Graham Neubig,2022,,10.18653/v1/2022.emnlp-main.90,https://openalex.org/W4385567216,adjacent-subtopic,"We address the general task of structured commonsense reasoning: given a natural language input, the goal is to generate a graph such as an event or a reasoning-graph. To employ large language models (LMs) for this task, existing approaches ""serialize"" the output graph as a flat list of nodes and edges. Although feasible, these serialized graphs strongly deviate from the natural language corpora that LMs were pre-trained on, hindering LMs from generating them correctly. In this paper, we show that when we instead frame structured commonsense reasoning tasks as code generation tasks, pre-trained LMs of code are better structured commonsense reasoners than LMs of natural language, even when the downstream task does not involve source code at all. We demonstrate our approach across three diverse structured commonsense reasoning tasks. In all these natural language tasks, we show that using our approach, a code generation LM (CODEX) outperforms natural-LMs that are fine-tuned on the target task (e.g., T5) and other strong LMs such as GPT-3 in the few-shot setting. Our code and data are available at https: //github.com/madaan/CoCoGen .","openalex, dblp, ieee",llm,0.860,unreviewed,
discarded,Teaching Machine Learning in K--12 Classroom: Pedagogical and Technological Trajectories for Artificial Intelligence Education,Matti Tedre; Tapani Toivonen; Juho Kahila; Henriikka Vartiainen; Teemu Valtonen; Ilkka Jormanainen; Arnold Pears,2021,IEEE Access,10.1109/access.2021.3097962,https://openalex.org/W3192744758,adjacent-subtopic,"Over the past decades, numerous practical applications of machine learning techniques have shown the potential of AI-driven and data-driven approaches in a large number of computing fields. Machine learning is increasingly included in computing curricula in higher education, and a quickly growing number of initiatives are expanding it in K-12 computing education, too. As machine learning enters K-12 computing education, understanding how intuition and agency in the context of such systems is developed becomes a key research area. But as schools and teachers are already struggling with integrating traditional computational thinking and traditional artificial intelligence into school curricula, understanding the challenges behind teaching machine learning in K-12 is an even more daunting challenge for computing education research. Despite the central position of machine learning and AI in the field of modern computing, the computing education research body of literature contains remarkably few studies of how people learn to train, test, improve, and deploy machine learning systems. This is especially true of the K-12 curriculum space. This article charts the emerging trajectories in educational practice, theory, and technology related to teaching machine learning in K-12 education. The article situates the existing work in the context of computing education in general, and describes some differences that K-12 computing educators should take into account when facing this challenge. The article focuses on key aspects of the paradigm shift that will be required in order to successfully integrate machine learning into the broader K-12 computing curricula. A crucial step is abandoning the belief that rule-based “traditional” programming is a central aspect and building block in developing next generation computational thinking.","openalex, dblp, ieee",llm,0.970,unreviewed,
discarded,Developing a reflective model of collaborative systems,Paul Dourish,1995,ACM Transactions on Computer-Human Interaction,10.1145/200968.200970,https://openalex.org/W2121155696,adjacent-subtopic,"Recent years have seen a shift in perception of the nature of HCI and interactive systems. As interface work has increasingly become a focus of attention for the social sciences, we have expanded our appreciation of the importance of issues such as work practice, adaptation, and evolution in interactive systems. The reorientation in our view of interactive systems has been accompanied by a call for a new model of design centered around user needs and participation. This article argues that a new process of design is not enough and that the new view necessitates a similar reorientation in the structure of the systems we build. It outlines some requirements for systems that support a deeper conception of interaction and argues that the traditional system design techniques are not suited to creating such systems. Finally, using examples from ongoing work in the design of an open toolkit for collaborative applications, it illustrates how the principles of computational reflection and metaobject protocols can lead us toward a new model based on open abstraction that holds great promise in addressing these issues.","openalex, dblp, ieee",llm,0.950,unreviewed,
discarded,Event Loops as First-Class Values: A Case Study in Pedagogic Language Design,Joe Politz; Benjamin Lerner; Sorawee Porncharoenwase; Shriram Krishnamurthi,2019,The Art Science and Engineering of Programming,10.22152/programming-journal.org/2019/3/11,https://openalex.org/W2911960176,adjacent-subtopic,"The World model is an existing functional input-output mechanism for event-driven programming.It is used in numerous popular textbooks and curricular settings.The World model conflates two different tasks-the definition of an event processor and its execution-into one.This conflation imposes a significant (even unacceptable) burden on student users in several educational settings where we have tried to use it, e.g., for teaching physics.While it was tempting to pile on features to address these issues, we instead used the Scheme language design dictum of removing weaknesses that made them seem necessary.By separating the two tasks above, we arrived at a slightly different primitive, the reactor, as our basis.This only defines the event processor, and a variety of execution operators dictate how it runs.The new design enables programmatic control over event-driven programs.This simplifies reflecting on program behavior, and eliminates many unnecessary curricular dependencies imposed by the old design.This work has been implemented in the Pyret programming language.The separation of concerns has enabled new curricula, such as the Bootstrap:Physics curriculum, to take flight.Thousands of students use this new mechanism every year.We believe that reducing impedance mismatches improves their educational experience.","openalex, dblp, ieee",llm,0.840,unreviewed,
kept,Correctness by construction,Roderick Chapman,2007,,10.1145/1315580.1315605,https://openalex.org/W2024801234,adjacent-subtopic,"This presentation will look at the many problems of designing and building high-integrity software and the processes, languages and tools that are currently used. The need to ""engineer"" our software implies that discipline and reasoning are required, yet most processes and languages seem to obstruct rather than assist such attempts. To help understand why, we consider the history of programming language design, and how this has shaped the way we think about software and constrained our ability to engineer it. In this generally gloomy picture some good news can be found: the emergence of design-by-contract facilities in languages such as Eiffel and SPARK has made a strong impact in some niche areas. In those areas, we have made a rather unusual observation: customers (some having ""flirted"" with this week's fashionable approach) are ""coming back to Ada"", recognizing the language's strengths, particularly for high-integrity applications. The presentation will close by considering why Praxis still uses (and chooses) Ada, and the role that Ada has to play in the future of high-integrity software.","openalex, dblp, ieee",human,0.870,unreviewed,
