status,title,authors,year,venue,doi,url,tags,abstract,provider,decision_source,llm_confidence,llm_review_outcome,llm_change_direction
discarded,Automated B-cell and plasma cell identification using unsupervised clustering by FlowSOM and an excel-based classification model,"Gantana, Ethan James; Musekwa, Ernest; Nell, Erica-Mari; Chapanduka, Zivanai Cuthbert",2026,CYTOMETRY PART B-CLINICAL CYTOMETRY,10.1002/cyto.b.70058,https://www.webofscience.com/wos/woscc/full-record/WOS:001838012600001,off-topic-false-hit,"Manual gating for plasma cell (PC) identification in multiparametric flow cytometry (MFC) is time-consuming and operator-dependent, especially when PCs are scarce. Artificial intelligence approaches such as unsupervised clustering (e.g., FlowSOM) map high-dimensional data that still require expert interpretation. The primary aim of this work was to develop a lightweight, transparent, spreadsheet-based algorithm for a classification model that integrates with automated clustering outputs for standardized B-cell and PC identification in research flow cytometry datasets. Bone marrow aspirates were stained with a standard BD OneFlow (TM) PC screening tube (CD38, CD56, beta 2-microglobulin, CD19, cyIg kappa, cyIg lambda, CD45, CD138) and acquired on a BD FACSLyric (TM) flow cytometer. FCS files were exported to CellEngine cytometry software and singlet nucleated events underwent FlowSOM clustering (8 clusters/sample). Cluster-level median fluorescence intensities (MFIs) were exported to an Excel ""PC Trainer Classifier"" that (i) normalizes markers to an in-sample B-cell anchor, (ii) computes a PCscore with CD138 as a hard gate and CD38 as a soft gate, plus secondary features (CD19 down arrow, CD45 down arrow, CD56 up arrow), (iii) applies a forced core fallback (highest CD38/CD138 core score) when strict criteria yield no PCs, and (iv) derives a NEOscore (CD56 up arrow, CD19 down arrow, CD45 down arrow) for neoplastic phenotype. The rule-based classifier was trained on expert assigned PC and B-cell clusters from 40 samples (30 clonal and 10 polyclonal). Validation was done on a new set of 52 samples, independent of the model. Elements of the Excel formula design and error-proofing were co-developed with ChatGPT (OpenAI); all outputs were verified by the authors. Across 52 validation cases (8 clusters/case; 416 clusters total), B-cell detection achieved: Sensitivity 0.902 (0.79-0.96), Specificity 0.984 (0.96-0.99), Precision 0.885 (0.77-0.94), Accuracy 0.973 (0.95-0.99) and F1 0.893. PC identification achieved: Sensitivity 0.651 (0.54-0.75), Specificity 0.828 (0.79-0.86), Precision 0.458 (0.37-0.55), Accuracy 0.796 (0.76-0.83) and F1 0.537. A transparent Excel-based classifier integrated with FlowSOM clustering enables highly reproducible B-cell identification and provides a structured approach to PC classification in research flow cytometry datasets. While the B-cell classifier demonstrated excellent discriminatory performance, PC identification yielded moderate sensitivity and precision, likely reflecting underlying biological and phenotypic heterogeneity. Consequently, the PC classification component is best interpreted as a triage or augmented-intelligence tool intended to support, rather than replace, expert assessment. This approach provides a structured and auditable framework that reduces operator dependency and improves inter-case harmonization. Its interpretability, low cost and portability make it particularly suited to research laboratories operating in resource-variable settings. Further optimisation and prospective validation may refine PC classification performance.",wos,llm,0.990,unreviewed,
discarded,Leveraging Symbolic Encoding for Performance Anomaly Classification in Dynamic IoT Pipelines,"Patel, Maanav; Mukhopadhyay, Sumona; Mukherjee, Joydeep",2025,"2025 IEEE INTERNATIONAL CONFERENCE ON COLLABORATIVE ADVANCES IN SOFTWARE AND COMPUTING, CASCON",10.1109/CASCON66301.2025.00062,https://www.webofscience.com/wos/woscc/full-record/WOS:001806778900046,adjacent-subtopic,"As IoT devices proliferate, maintaining consistent system performance is critical. A major challenge is detecting performance anomalies-such as latency spikes, resource bottlenecks, and throughput degradation-that threaten system reliability and Quality-of-Service (QoS). These anomalies often stem from faulty sensors, network congestion, hardware failures, or intermittent connectivity. Existing anomaly detection methods typically use ML models trained on hardware metrics from specific IoT pipelines. However, modern IoT infrastructures are dynamic and frequently reconfigured to adapt to varying levels of IoT traffic volume and cost optimization strategies, making such models ineffective when input features no longer match the original training environment. We propose a novel method using Symbolic Aggregate Approximation (SAX) to encode temporal patterns in key performance indicators (KPIs) into symbolic sequences, which serve as robust inputs for an LSTM model. This enables accurate anomaly detection regardless of underlying system changes. To validate real-world applicability, we built a high-fidelity IoT Testbed emulating Industry 4.0 pipelines with MQTT Broker, Apache Kafka, and Apache Cassandra, while tracking end-to-end QoS. Experiments achieved detection accuracies of 95.87%, 87.33%, and 87.47% across three pipeline configurations, demonstrating strong portability and generalizability.",wos,llm,0.980,unreviewed,
discarded,Nanopore sequencing in suitcase lab enables improved detection of <i>β</i>-lactamase genes in food-borne <i>E. coli</i>,"Ghosh, Prakash; Binsker, Ulrike; Kobialka, Rea Maja; Ceruti, Arianna; Asaduzzaman, Muhammad; Joardar, Siddhartha Narayan; Asad, Asaduzzaman; Savareh, Behrouz Alizadeh; Frimpong, Michael; Taneja, Bhupesh; Siegel, Martin; Dieye, Yakhya; Truyen, Uwe; El Wahed, Ahmed Abd",2026,FRONTIERS IN MICROBIOLOGY,10.3389/fmicb.2026.1854040,https://www.webofscience.com/wos/woscc/full-record/WOS:001835758200001,off-topic-false-hit,"Background The application of next-generation sequencing (NGS) is rapidly expanding for antimicrobial resistance (AMR) surveillance and clinical decision-making. However, despite a high AMR burden, many low- and middle-income countries lack the infrastructure and technical capacity required to implement sequencing-based approaches. To address this gap and demonstrate the practical application of the technology, we compared the performance of nanopore sequencing combined with real-time analysis using the EPI2ME platform in a mobile laboratory with that of a hybrid sequencing approach integrating Illumina short reads and nanopore long reads.Methods In this exploratory diagnostic evaluation study, 25 Escherichia coli isolates obtained through the German annual national AMR monitoring program were included. Isolates resistant to at least one beta-lactam antibiotic were considered as resistant isolate. Genomic DNA was subjected to both Illumina and nanopore sequencing. Following the sequencing, the EPI2ME whole genome sequencing pipeline was used to detect and identify beta-lactamase genes in E. coli isolates. As the comparator, both long and short read-based hybrid assemblies were used to detect and identify the beta-lactamase genes. The sensitivity, specificity, positive predictive value (PPV), and negative predictive value (NPV) of the sequencing approaches were calculated against the phenotypic classification of E. coli isolates, treating the presence or absence of beta-lactamase-encoding genes as the genotypic predictor of beta-lactam resistance.Results A total of 36 beta-lactamase-encoding genes, predominantly from the blaCTX-M, blaSHV, and blaTEM families, were detected. Both analytical approaches achieved a promising accuracy towards predicting beta-lactam resistance. Moderate agreement was observed between methods, with an overall concordance of 68.9%. A distinct distribution pattern of beta-lactamase genes was observed across the MIC ranges of the isolates for third-generation cephalosporins and the carbapenems.Discussion These findings support the feasibility of deploying nanopore sequencing in mobile suitcase laboratories to strengthen AMR surveillance in food production systems. Given its portability, rapid turnaround time, and minimal infrastructure requirements, the approach may also have broader applications for One Health based AMR surveillance, clinical decision-making, and outbreak investigations in resource-limited settings.",wos,llm,0.990,unreviewed,
discarded,A Raspberry Pi-based digital stethoscope: Advancing real-time heart and lung sound diagnostics with IoT and machine learning integration,"Haqe, Nurul Azwaani Salehuddin; Ramasamy, R. Kanesaraj; Thanjappan, Sivasutha; Jamal, Shamsuriani Md; Hamzah, Faizal Amri; Rajendran, Venushini",2026,SOUND AND VIBRATION,10.59400/sv1707,https://www.webofscience.com/wos/woscc/full-record/WOS:001835617900006,off-topic-false-hit,"Digital transformation is reshaping auscultation by moving the stethoscope from a purely acoustic instrument to an intelligent, data-driven diagnostic platform. This review critically examines Raspberry Pi 3-based digital stethoscope technologies for heart and lung sound monitoring, with an emphasis on system architecture, sensor integration, signal acquisition, real-time processing, storage, playback, and connectivity. The paper synthesizes current designs and implementation strategies, highlighting how low-cost embedded platforms can improve the repeatability, accessibility, and objectivity of cardiopulmonary assessment compared with conventional acoustic stethoscopes. Particular attention is given to technical performance factors, including filtering, signal-to-noise ratio, latency, audio distortion, noise suppression, and time-frequency analysis, which are essential for detecting clinically significant acoustic features such as heart murmurs, crackles, and wheezes. The review also identifies key limitations affecting clinical translation, including power consumption, device portability, casing size, environmental noise, hardware constraints, and the need for robust validation in real-world settings. Future directions include optimized embedded processing, wireless and IoT-enabled tele-auscultation, cloud-assisted data management, and machine learning models for automated classification and decision support. Overall, Raspberry Pi 3-based digital stethoscopes represent a promising pathway toward affordable, scalable, and clinically meaningful cardiopulmonary monitoring, particularly for point-of-care, remote, and resource-limited healthcare environments. By integrating acoustic sensing, edge computing, and intelligent analytics, these systems can strengthen diagnostic workflows and support the next generation of connected digital healthcare.",wos,llm,0.990,unreviewed,
discarded,RF-MLP hybrid approach for the positioning and classification of magnetic targets,"Wang, Yixin; Kong, Ming; Gao, Zibo; Xiang, Zhaoyang; Liu, Lu; Yu, Hang",2026,ENGINEERING RESEARCH EXPRESS,10.1088/2631-8695/ae698e,https://www.webofscience.com/wos/woscc/full-record/WOS:001828234300001,off-topic-false-hit,"Magnetic target positioning (MP) technology has emerged as a pivotal positioning technique owing to its inherent advantages of non-contact operation, high precision, and excellent portability. However, conventional methods (e.g. magnetic dipoles, standalone neural networks) lack target classification capability, suffer low accuracy in complex regions, and adapt poorly to multi-scenarios, limiting their practical application. To address this, we propose a hybrid random forest-multi-layer perceptron (RF-MLP) method for simultaneous MP classification and localization. The framework uses RF for efficient target classification and MLP for high-precision regression positioning, enabling automatic extraction of discriminative features while simplifying the network structure. A space multi-plane magnetic sensor array is deployed to capture rich spatial target information, further boosting the model's performance. Experiments show it achieves 100% classification accuracy, tenfold faster computation than standalone MLP, and triaxial RMSEs of 0.474, 2.787, 5.540 mm, outperforming classical algorithms. This work resolves key limitations of conventional MP, providing a reliable solution for high-precision, multi-functional positioning in complex scenarios.",wos,llm,0.990,unreviewed,
discarded,Classifying Summer Atmospheric States from Single-Site Vertical Profiling,"Park, Seongyoung; Moon, Woosok",2026,ATMOSPHERE-KOREA,10.14191/Atmos.2026.36.2.147,https://www.webofscience.com/wos/woscc/full-record/WOS:001823840400004,off-topic-false-hit,"This study classifies summer atmospheric states using single-point vertical profiling from the Boseong Meteorological Tower (June similar to August, 2015 similar to 2021) and links the resulting clusters to precipitation characteristics and large-scale circulation patterns. Principal component analysis (PCA) and K-means clustering were applied independently to monthly anomaly profiles of potential temperature (0), relative humidity (RH), and zonal and meridional wind components (u', v'), yielding three clusters per month (nine clusters in total). The nine clusters were subsequently categorized into four precipitation regimes - Favorable, Frequency-type, Intensity-type, and Dry - based on precipitation occurrence probability and the 90th-percentile precipitation amount. Composite analysis using ERA5 reanalysis data revealed that the Favorable regime is characterized by negative 500-hPa geopotential height anomalies coupled with southwesterly low-level moisture transport, forming a canonical precipitation-enhancing structure. In contrast, certain Dry-regime clusters exhibited a paradoxical suppression of precipitation despite strong dynamical forcing, attributable to a thermodynamic moisture deficit in the lower troposphere. Some of the Frequency-type clusters showed anomalously high precipitation frequency despite upper-level anticyclonic circulation, underscoring the dominant role of low-level moisture convergence. The Intensity-type regime demonstrated that dynamical forcing can preferentially amplify precipitation intensity rather than frequency, suggesting that these two aspects of precipitation are governed by distinct atmospheric mechanisms. The profiling-based classifications were linked to precipitation characteristics, and ERA5 composites showed distinct largescale circulation patterns for each regime. The proposed framework holds potential for portability to other observation sites and for integration with numerical prediction systems, offering a cost-effective approach to precipitation diagnosis in observation-limited regions.",wos,llm,0.990,unreviewed,
discarded,MVRFDet: Malicious package detection in PyPI ecosystem using multi-view representation fusion,Yan J.,2027,Information Fusion,10.1016/j.inffus.2026.104698,https://www.scopus.com/inward/record.uri?partnerID=HzOxMe3b&scp=105047040419&origin=inward,adjacent-subtopic,,scopus,llm,0.980,unreviewed,
discarded,A methodology to perform cross-ecosystems case-control security studies: Java/Maven vs Python/PyPI,Feng Y.,2027,Empirical Software Engineering,10.1007/s10664-026-10873-9,https://www.scopus.com/inward/record.uri?partnerID=HzOxMe3b&scp=105044932247&origin=inward,adjacent-subtopic,,scopus,llm,0.970,unreviewed,
discarded,CodedTrace: An Information-Theoretic Collusion-Resistant Fingerprinting System for Hyperspectral Image Classification Models,Chen H.,2027,Lecture Notes in Computer Science,10.1007/978-981-92-3423-3_20,https://www.scopus.com/inward/record.uri?partnerID=HzOxMe3b&scp=105046413188&origin=inward,adjacent-subtopic,,scopus,llm,0.980,unreviewed,
discarded,AI-Powered Autonomous Surveillance Robot with Real-Time Object Detection and Threat Classification,Sangisetti B.R.,2027,Lecture Notes in Networks and Systems,10.1007/978-3-032-32483-2_23,https://www.scopus.com/inward/record.uri?partnerID=HzOxMe3b&scp=105047065224&origin=inward,adjacent-subtopic,,scopus,llm,0.980,unreviewed,
discarded,CamemBERT Based Architecture for Automated Essay Scoring in French Language Testing,Faye R.M.,2027,IFIP Advances in Information and Communication Technology,10.1007/978-3-032-30612-8_16,https://www.scopus.com/inward/record.uri?partnerID=HzOxMe3b&scp=105045704503&origin=inward,off-topic-false-hit,,scopus,llm,0.980,unreviewed,
discarded,IC-EO: Interpretable Code-Based Assistant for Earth Observation,Lahouel L.,2027,Lecture Notes in Computer Science,10.1007/978-3-032-31397-3_14,https://www.scopus.com/inward/record.uri?partnerID=HzOxMe3b&scp=105047660203&origin=inward,adjacent-subtopic,,scopus,llm,0.980,unreviewed,
discarded,AudioSet-tools: a Python framework for taxonomy-aware AudioSet curation and reproducible audio research,Giacomelli S.,2026,Eurasip Journal on Audio Speech and Music Processing,10.1186/s13636-025-00436-z,https://www.scopus.com/inward/record.uri?partnerID=HzOxMe3b&scp=105026859016&origin=inward,off-topic-false-hit,,scopus,llm,0.980,unreviewed,
discarded,Automatic classification of kidney stone components based on smartphone microscopy and the GoogLeNet model,Du Y.,2026,BMC Urology,10.1186/s12894-026-02080-x,https://www.scopus.com/inward/record.uri?partnerID=HzOxMe3b&scp=105033817502&origin=inward,off-topic-false-hit,,scopus,llm,0.990,unreviewed,
discarded,Determination of consumers attitudes towards health and sustainability and the frequency of paper cup use in rural and urban areas,Kaner G.,2026,Discover Public Health,10.1186/s12982-026-02106-7,https://www.scopus.com/inward/record.uri?partnerID=HzOxMe3b&scp=105040523337&origin=inward,off-topic-false-hit,,scopus,llm,0.990,unreviewed,
discarded,Diagnosis and characterization of stroke using EEG and deep learning: emerging methods and clinical outlook,Ghiyabi E.,2026,Discover Artificial Intelligence,10.1007/s44163-026-00926-9,https://www.scopus.com/inward/record.uri?partnerID=HzOxMe3b&scp=105033645014&origin=inward,off-topic-false-hit,,scopus,llm,0.990,unreviewed,
discarded,High-performance wearable sensor for sports injury monitoring,Zhang P.Z.,2026,Network Modeling Analysis in Health Informatics and Bioinformatics,10.1007/s13721-026-00822-3,https://www.scopus.com/inward/record.uri?partnerID=HzOxMe3b&scp=105043219270&origin=inward,off-topic-false-hit,,scopus,llm,0.990,unreviewed,
discarded,A smart hoodie integrally knitted by multi-functional electronic fibers for human emotion recognition and regulation,Liu H.,2026,Npj Flexible Electronics,10.1038/s41528-026-00585-x,https://www.scopus.com/inward/record.uri?partnerID=HzOxMe3b&scp=105044511851&origin=inward,off-topic-false-hit,,scopus,llm,0.990,unreviewed,
discarded,Wearable EEG devices in the detection of mild cognitive impairment: a systematic review,He C.,2026,Npj Digital Medicine,10.1038/s41746-026-02342-w,https://www.scopus.com/inward/record.uri?partnerID=HzOxMe3b&scp=105035254575&origin=inward,off-topic-false-hit,,scopus,llm,0.990,unreviewed,
discarded,Java academic benchmark: Exam-based evaluation of LLMs on object-oriented programming,Cocchieri A.,2026,Journal of Systems and Software,10.1016/j.jss.2026.113033,https://www.scopus.com/inward/record.uri?partnerID=HzOxMe3b&scp=105045702081&origin=inward,adjacent-subtopic,,scopus,llm,0.930,unreviewed,
discarded,Ethical AI in healthcare: insights from European policy discourses,Iannuzzi E.,2026,BMC Medical Ethics,10.1186/s12910-026-01403-9,https://www.scopus.com/inward/record.uri?partnerID=HzOxMe3b&scp=105044481159&origin=inward,off-topic-false-hit,,scopus,llm,0.990,unreviewed,
discarded,Improving motor imagery decoding methods for an EEG-based mobile brain-computer interface in the context of the 2024 Cybathlon,Tscherniak I.W.,2026,Journal of Neuroengineering and Rehabilitation,10.1186/s12984-026-01969-w,https://www.scopus.com/inward/record.uri?partnerID=HzOxMe3b&scp=105036030444&origin=inward,off-topic-false-hit,,scopus,llm,0.990,unreviewed,
discarded,Characterization of S&P 500 companies by sector using artificial intelligence: Statistical evidence and machine learning application,Forradellas R.R.,2026,Journal of Finance and Data Science,10.1016/j.jfds.2026.100193,https://www.scopus.com/inward/record.uri?partnerID=HzOxMe3b&scp=105042647562&origin=inward,off-topic-false-hit,,scopus,llm,0.990,unreviewed,
discarded,Energy-efficient neuromorphic computing for ultra-low latency cognitive radio: a hardware-software co-design framework for 6 G spectrum intelligence,Semerikov S.O.,2026,Discover Artificial Intelligence,10.1007/s44163-026-01093-7,https://www.scopus.com/inward/record.uri?partnerID=HzOxMe3b&scp=105037429985&origin=inward,adjacent-subtopic,,scopus,llm,0.980,unreviewed,
discarded,Real-time breath analysis for COPD risk assessment in smokers using a ZnO/SnO₂ heterojunction sensor integrated with support vector machine,Chellamuthu P.,2026,Scientific Reports,10.1038/s41598-026-35583-6,https://www.scopus.com/inward/record.uri?partnerID=HzOxMe3b&scp=105029502131&origin=inward,off-topic-false-hit,,scopus,llm,0.990,unreviewed,
discarded,CIA: unveiling cellular identities with cluster-independent annotation in single-cell RNA sequencing data for comprehensive cell type characterization and exploration,Ferrari I.,2026,BMC Bioinformatics,10.1186/s12859-025-06320-z,https://www.scopus.com/inward/record.uri?partnerID=HzOxMe3b&scp=105029467144&origin=inward,off-topic-false-hit,,scopus,llm,0.990,unreviewed,
discarded,"Drinking water quality evaluation and machine learning regression based analysis for surface water quality assessment in the Rourkela City, Odisha (India)",Das A.,2026,Discover Environment,10.1007/s44274-026-00654-y,https://www.scopus.com/inward/record.uri?partnerID=HzOxMe3b&scp=105034372954&origin=inward,off-topic-false-hit,,scopus,llm,0.990,unreviewed,
