status,title,authors,year,venue,doi,url,tags,abstract,provider,decision_source,llm_confidence,llm_review_outcome,llm_change_direction
discarded,Portable automatic text classification for adverse drug reaction detection via multi-corpus training,Abeed Sarker; Graciela Gonzalez-Hernandez,2014,Journal of Biomedical Informatics,10.1016/j.jbi.2014.11.002,https://openalex.org/W2071478164,off-topic-false-hit,"OBJECTIVE: Automatic detection of adverse drug reaction (ADR) mentions from text has recently received significant interest in pharmacovigilance research. Current research focuses on various sources of text-based information, including social media-where enormous amounts of user posted data is available, which have the potential for use in pharmacovigilance if collected and filtered accurately. The aims of this study are: (i) to explore natural language processing (NLP) approaches for generating useful features from text, and utilizing them in optimized machine learning algorithms for automatic classification of ADR assertive text segments; (ii) to present two data sets that we prepared for the task of ADR detection from user posted internet data; and (iii) to investigate if combining training data from distinct corpora can improve automatic classification accuracies. METHODS: One of our three data sets contains annotated sentences from clinical reports, and the two other data sets, built in-house, consist of annotated posts from social media. Our text classification approach relies on generating a large set of features, representing semantic properties (e.g., sentiment, polarity, and topic), from short text nuggets. Importantly, using our expanded feature sets, we combine training data from different corpora in attempts to boost classification accuracies. RESULTS: Our feature-rich classification approach performs significantly better than previously published approaches with ADR class F-scores of 0.812 (previously reported best: 0.770), 0.538 and 0.678 for the three data sets. Combining training data from multiple compatible corpora further improves the ADR F-scores for the in-house data sets to 0.597 (improvement of 5.9 units) and 0.704 (improvement of 2.6 units) respectively. CONCLUSIONS: Our research results indicate that using advanced NLP techniques for generating information rich features from text can significantly improve classification accuracies over existing benchmarks. Our experiments illustrate the benefits of incorporating various semantic features such as topics, concepts, sentiments, and polarities. Finally, we show that integration of information from compatible corpora can significantly improve classification performance. This form of multi-corpus training may be particularly useful in cases where data sets are heavily imbalanced (e.g., social media data), and may reduce the time and costs associated with the annotation of data in the future.","openalex, dblp, ieee",llm,0.990,unreviewed,
discarded,Prokaryotic taxonomy and phylogeny in the genomic era: advancements and challenges ahead,Konstantinos T. Konstantinidis; James M. Tiedje,2007,Current Opinion in Microbiology,10.1016/j.mib.2007.08.006,https://openalex.org/W1998824347,off-topic-false-hit,,"openalex, dblp, ieee",llm,0.990,unreviewed,
discarded,Using Bloom's Taxonomy of learning to make engineering courses comparable,Michael H. W. Hoffmann,2008,2008 19th EAEEIE Annual Conference,10.1109/EAEEIE.2008.4610187,https://ieeexplore.ieee.org/document/4610187/,adjacent-subtopic,"In order to increase studentspsila mobility, it is necessary to make courses comparable, since otherwise, students could not transfer their acquired credit points from the sending to the receiving university. The European Credit Transfer System does not provide enough functionality to contribute to this purpose. It is therefore suggested to use an adapted Bloompsilas taxonomy of learning and new measures derived from it to overcome this obstacle. The novel measures are then applied to an example to demonstrate their usefulness.","openalex, dblp, ieee",llm,0.970,unreviewed,
discarded,Classification of CSCW proposals based on a taxonomy,William J. Giraldo; Ana I. Molina; Jesus Gallardo; Cesar A. Collazos; Manuel Ortega; Miguel A. Redondo,2009,2009 13th International Conference on Computer Supported Cooperative Work in Design,10.1109/CSCWD.2009.4968045,https://ieeexplore.ieee.org/document/4968045/,adjacent-subtopic,"In this paper we propose a conceptual framework for the design the groupware user interface. It supports the interface design enabling integration with software development processes through UML notation. We studied relevant proposals in the domain of CSCW and HCI. Taxonomy is defined in order to classify concepts from those proposals. Finally, the taxonomy is populated for defining main concepts of the conceptual framework.","openalex, dblp, ieee",llm,0.970,unreviewed,
discarded,A Taxonomy for Program Metamodels in Program Reverse Engineering,Hironori Washizaki; Yann-Gaël Guéhéneuc; Foutse Khomh,2016,2016 IEEE International Conference on Software Maintenance and Evolution (ICSME),10.1109/ICSME.2016.82,https://ieeexplore.ieee.org/document/7816453/,adjacent-subtopic,"To support program comprehension, maintenance, and evolution, metamodels are frequently used during program reverse engineering activities to describe and analyze constituents of a program and their relations. Reverse engineering tools often define their own metamodels according to the intended purposes and features. Although each metamodel has its own advantages, its limitations may be addressed by other metamodels. Existing works have evaluated and compared metamodels and tools, but none have considered all the possible characteristics and limitations to provide a comprehensive guideline for classifying, comparing, reusing, and extending program metamodels. To aid practitioners and researchers in classifying, comparing, reusing, and extending program metamodels and their corresponding reverse engineering tools according to the intended goals, we establish a conceptual framework with definitions of program metamodels and related concepts. Then this framework is used to provide a comprehensive taxonomy, named Program Metamodel TAxonomy (ProMeTA), which incorporates newly identified characteristics into those stated in previous works, which were identified via a systematic literature survey on program metamodels, while keeping the orthogonality of the entire taxonomy. Additionally, we validate the taxonomy in terms of its orthogonality and usefulness through the classification of popular metamodels.","openalex, dblp, ieee",llm,0.950,unreviewed,
discarded,A failure modes and mechanisms naming taxonomy,Bryan M. O'Halloran; Robert B. Stone; Irem Y. Tumer,2012,2012 Proceedings Annual Reliability and Maintainability Symposium,10.1109/RAMS.2012.6175455,https://ieeexplore.ieee.org/document/6175455/,off-topic-false-hit,"This research addresses the need to improve the accuracy of reliability analyses during the early stages of design. A failure modes and mechanisms taxonomy, similar to the hierarchical Functional Basis used in conceptual design, has been developed. In addition, a methodology is provided to classify failures. Current failure taxonomies lack a hierarchical structure, which results in a poor classification of failure where large and often inaccurate assumptions are required. The correct classification of failure is a critical piece to many analyses in reliability engineering. Failure Modes Effects Analysis (FMEA), Function-Failure Design Method (FFDM) [1], and many other analyses will directly benefit from a hierarchical failure mode and mechanism taxonomy and the ability to correctly classify failures. Results show that a failure is more precisely and accurately defined using the proposed failure statement. This is shown using examples and discussion. The frequent and important question concerning taxonomy completeness is discussed, and is further addressed by providing a simple process to update the taxonomy.","openalex, dblp, ieee",llm,0.980,unreviewed,
discarded,Dynamic taxonomies: a model for large information bases,G. Sacco,2000,IEEE Transactions on Knowledge and Data Engineering,10.1109/69.846296,https://ieeexplore.ieee.org/document/846296/,adjacent-subtopic,"A novel taxonomic model for structuring and accessing large heterogeneous information bases is presented. The model is designed to simplify both classification and access by computer-illiterate people. It defines simple and intuitive operations to access large information bases at the conceptual level and at different levels of abstraction, in a totally assisted way, through a simple, yet effective visual interface. The model can also be used to summarize result sets computed by other query methods, such as information retrieval, shape retrieval, etc., and to provide user maps for complex hypermedia networks. The experience gained by applying this model to commercial applications is reported.","openalex, dblp, ieee",llm,0.960,unreviewed,
discarded,Bloom's taxonomy: a framework for assessing programmers' knowledge of software systems,J. Buckley; C. Exton,2003,"11th IEEE International Workshop on Program Comprehension, 2003.",10.1109/WPC.2003.1199200,https://ieeexplore.ieee.org/document/1199200/,adjacent-subtopic,"Programmers must attain knowledge about a system before they can perform specific software maintenance tasks on it. Traditionally, computer scientists have described the activity of attaining this knowledge as 'software comprehension'. However, if we look at the educational literature, attainable knowledge has been described with much finer granularity. Bloom's (1956) taxonomy identifies six separate levels of knowledge within the cognitive domain, one of which refers to a (more constricted) definition of comprehension. Several other levels in Bloom's taxonomy seem to correlate more directly to specific software maintenance tasks. This article reviews Bloom's taxonomy as a richer descriptive framework for programmers' knowledge of code and illustrates how various software maintenance tasks map to knowledge levels in this hierarchy. A pilot study is presented showing how participants' knowledge of software may differ at various levels of this hierarchy.","openalex, dblp, ieee",llm,0.900,unreviewed,
discarded,Classification and characterization of host network interface architectures,Bo-Kyun Na; S. Hariri,1998,"1998 IEEE Information Technology Conference, Information Environment for the Future (Cat. No.98EX228)",10.1109/IT.1998.713409,https://ieeexplore.ieee.org/document/713409/,adjacent-subtopic,"The recent advances in high speed network technologies have made parallel and distributed computing over a Network of Workstations (NOW) an attractive and a cost effective computing environment. However, the performance of parallel and distributed applications running on NOW resources suffers from high latency and low throughput even when the network speed is in Megabit or Gegabit per second range. The main reasons for the low performance can be contributed to the design of the host network interface (HNI) and the software mechanisms used to transmit data from the host to the network and vice versa. We review HNI designs and propose a hierarchical taxonomy to characterize and describe the architectures of HNI. The taxonomy consists of two levels of characterization: architectural level and protocol level. In the architectural level, we describe the main components used to implement any HNI and how they interact with each other to perform the HNI functions. In the protocol level, we describe how the software functions (data copying, transport protocol functions, etc.) are mapped into the main HNI components identified at the architecture level. We provide several examples that show how our taxonomy can accurately describe the architectures of HNI and also characterize the performance limitations of any HNI design.","openalex, dblp, ieee",llm,0.980,unreviewed,
discarded,Leadership and the portability myth: research and implications on talent portability,David Burkus,2015,IEEE Engineering Management Review,10.1109/EMR.2015.7433686,https://ieeexplore.ieee.org/document/7433686/,off-topic-false-hit,This publication contains reprint articles for which IEEE does not hold copyright. Full text is not available on IEEE Xplore for these articles.,"openalex, dblp, ieee",llm,0.990,unreviewed,
discarded,A Task Taxonomy for Temporal Graph Visualisation,Natalie Kerracher; Jessie Kennedy; Kevin Chalmers,2015,IEEE Transactions on Visualization and Computer Graphics,10.1109/TVCG.2015.2424889,https://ieeexplore.ieee.org/document/7091028/,adjacent-subtopic,"By extending and instantiating an existing formal task framework, we define a task taxonomy and task design space for temporal graph visualisation. We discuss the process involved in their generation, and describe how the design space can be ‘sliced and diced’ into multiple overlapping task categories, requiring distinct visual techniques for their support. The approach addresses deficiencies in the task literature, offering domain independence, greater task coverage, and unambiguous task specification. The taxonomy and design space capture tasks for temporal graphs, and also static graphs, multivariate graphs, and graph comparison, and will be of value in the design and evaluation of temporal graph visualisation systems.","openalex, dblp, ieee",llm,0.970,unreviewed,
discarded,Object model and two-stage classification for automated object-based analysis of remote sensing imagery,Markus Reinhold; Peter Selsam,2009,2009 IEEE International Geoscience and Remote Sensing Symposium,10.1109/IGARSS.2009.5417628,https://ieeexplore.ieee.org/document/5417628/,adjacent-subtopic,"With IMALYS, a software prototype that integrates various methods of object-based image analysis is introduced. Two key concepts — image segmentation and classification — are focused. With regard to image segmentation, IMALYS implements a method that was developed as combination of region-growing and watershed transformation approaches and is able to conduct image segmentation solely based on image parameters. Concerning classification, IMALYS applies a two-stage process combining an unsupervised method based on the concept of self-organizing maps (SOM) and a supervised method applying principles of support vector machines (SVM) in order to extract real-world objects and information from previously segmented remote sensing imagery. During this process an object model is utilized that examines (1) adjacent pairs of image segments, (2) the spatial proximity of image segments and (3) the context of image segments in regard to the desired classification scheme. By this means, IMALYS is currently developed to provide automated analysis procedures for up-to-date retrieval of thematic information from remotely sensed data.","openalex, dblp, ieee",llm,0.980,unreviewed,
discarded,Taxonomic Dimensionality Reduction in Bayesian Text Classification,Richard McAllister; John Sheppard,2012,2012 11th International Conference on Machine Learning and Applications,10.1109/ICMLA.2012.93,https://ieeexplore.ieee.org/document/6406664/,adjacent-subtopic,"Lexical abstraction hierarchies can be leveraged to provide semantic information that characterizes features of text corpora as a whole. This information may be used to determine the classification utility of the dimensions that describe a dataset. This paper presents a new method for preparing a dataset for probabilistic classification by determining, a priori, the utility of a very small subset of taxonomically-related dimensions via a Discriminative Multinomial Naive Bayes process. We show that this method yields significant improvements over both Discriminative Multinomial Naive Bayes and Bayesian network classifiers alone.","openalex, dblp, ieee",llm,0.980,unreviewed,
discarded,Remote sensing image classification based on multiple classifiers fusion,Quanhua Zhao; Weidong Song,2010,2010 3rd International Congress on Image and Signal Processing,10.1109/CISP.2010.5647897,https://ieeexplore.ieee.org/document/5647897/,adjacent-subtopic,"There are many methods for Remote Sensing (RS) image classification at present. Different classifiers can obtain diverse accuracies for different RS images or different feature types. Now, the research on RS image classification is focusing on developing new classifiers. Little research has been conducted on making full use of the complementation of different classifiers which may obtain more precise result than single classifier. In the paper, a weighted multiple classifiers fusion method on abstract level was proposed. Firstly, five classifiers were selected to classify one TM image. Then the classification experiment based on weighted multiple classifiers fusion on abstract level and on measurement level was finished. At last, the comparison of classification precision of single classifiers and fusion classifiers was done. Test result proved that the classification accuracy based on fused classifier is higher than single classifier obviously.","openalex, dblp, ieee",llm,0.980,unreviewed,
discarded,Fostering the Comprehension of the Object-Oriented Programming Paradigm by a Virtual Lab Exercise,Veronika Thurner,2019,2019 5th Experiment International Conference (exp.at'19),10.1109/EXPAT.2019.8876484,https://ieeexplore.ieee.org/document/8876484/,adjacent-subtopic,"While object-oriented programming offers an almost unlimited number of possibilities to solve a certain task, only a small subset of these solutions is really adequate from a technical perspective. Novices in the art usually find it rather hard to realize which of the design decisions they took are good, and which violate the principles of object-orientation and thus will lead to low quality code on the long run. To support students in learning to truly comprehend the object-oriented programming paradigm, we designed a virtual lab session that visualizes the effects of different design and implementation decisions. This immediate visual feedback is easy to understand in an intuitive way. Thus it allows students to realize for themselves which aspects or their solution are adequate, and to identify any problems that they still have to resolve. Three years of experience with this virtual lab session indicate that its design is well suited to provoke, and thus make visible, typical misconceptions and error patterns that occur at early stages of learning the object-oriented programming paradigm.","openalex, dblp, ieee",llm,0.900,unreviewed,
discarded,Remote sensing classification based on hybrid multi-classifier combination algorithm,Yang Haibo; Zhao Hongling; Wang Zongmin,2010,"2010 International Conference on Audio, Language and Image Processing",10.1109/ICALIP.2010.5685145,https://ieeexplore.ieee.org/document/5685145/,adjacent-subtopic,"To improve the precision of remote sensing image classification, hybrid multi-classifier combination method is proposed. Taking the characteristic of abstract level and measurement level into consideration, the optimal sub-classifier, bagging algorithm and the most large confidence algorithm are combined. By using this model, respective advantages of different sub-classifiers are gathered. This method used in Beijing-1 and ETM image classification shows a better enhancement, and also results indicate that the hybrid multi-classifier combination algorithm is an effective algorithm for medium-high precision remote sensing image classification.","openalex, dblp, ieee",llm,0.980,unreviewed,
discarded,Contributing Factor Map: A Taxonomy of Influences on Human Performance and Health in Space,Jennifer A. Mindock; David M. Klaus,2014,IEEE Transactions on Human-Machine Systems,10.1109/THMS.2014.2328971,https://ieeexplore.ieee.org/document/6851879/,off-topic-false-hit,"The ability of crewmembers to perform critical functions during spacecraft operations is widely recognized as essential to mission success. This necessity motivates the characterization of factors influencing crewmember performance so that those with positive effects can be enhanced, and those with negative impacts can be minimized. Risk analysis techniques support such characterization, and whether qualitative or quantitative, they require a model of the system of interest. In human reliability analysis (HRA) applications, performance-shaping factors (PSFs) represent the model of the environment influencing human performance within a given scenario. Sets of PSFs in existing HRA methods are terrestrially based and, therefore, do not address additional factors relevant to spaceflight. This paper focuses on the development of a taxonomy, or qualitative model, of factors specific to spaceflight. The development as influenced by software and system modeling concepts and data availability constraints is discussed. A visual representation of the taxonomy, the contributing factor map (CFM), is also presented. We discuss current benefits resulting from the two contributions of the taxonomy and CFM. These include the existence of a set of PSFs specific to spaceflight, a framework for relating data at various levels of abstraction, and the CFM as a visual communication tool supporting horizontal and vertical integration across disciplines and throughout organizational structures. This paper includes an example application based on the risk of bone fracture in spaceflight. It also suggests follow-on applications of the CFM as a quantitative model framework and a “menu” of factors to consider in risk analysis and management activities.","openalex, dblp, ieee",llm,0.980,unreviewed,
