status,title,authors,year,venue,doi,url,tags,abstract,provider,decision_source,llm_confidence,llm_review_outcome,llm_change_direction
discarded,Students' Misconceptions and Other Difficulties in Introductory Programming,Yizhou Qian; James Daniel Lehman,2017,ACM Transactions on Computing Education,10.1145/3077618,https://openalex.org/W2766624855,adjacent-subtopic,"Efforts to improve computer science education are underway, and teachers of computer science are challenged in introductory programming courses to help learners develop their understanding of programming and computer science. Identifying and addressing students’ misconceptions is a key part of a computer science teacher's competence. However, relevant research on this topic is not as fully developed in the computer science education field as it is in mathematics and science education. In this article, we first review relevant literature on general definitions of misconceptions and studies about students’ misconceptions and other difficulties in introductory programming. Next, we investigate the factors that contribute to the difficulties. Finally, strategies and tools to address difficulties including misconceptions are discussed. Based on the review of literature, we found that students exhibit various misconceptions and other difficulties in syntactic knowledge, conceptual knowledge, and strategic knowledge. These difficulties experienced by students are related to many factors including unfamiliarity of syntax, natural language, math knowledge, inaccurate mental models, lack of strategies, programming environments, and teachers’ knowledge and instruction. However, many sources of students’ difficulties have connections with students’ prior knowledge. To better understand and address students’ misconceptions and other difficulties, various instructional approaches and tools have been developed. Nevertheless, the dissemination of these approaches and tools has been limited. Thus, first, we suggest enhancing the dissemination of existing tools and approaches and investigating their long-term effects. Second, we recommend that computing education research move beyond documenting misconceptions to address the development of students’ (mis)conceptions by integrating conceptual change theories. Third, we believe that developing and enhancing instructors’ pedagogical content knowledge (PCK), including their knowledge of students’ misconceptions and ability to apply effective instructional approaches and tools to address students’ difficulties, is vital to the success of teaching introductory programming.","openalex, dblp, ieee",llm,0.880,unreviewed,
discarded,The lexical approach to personality: A historical review of trait taxonomic research,Oliver P. John; Alois Angleitner; Fritz Ostendorf,1988,European Journal of Personality,10.1002/per.2410020302,https://openalex.org/W2128517183,off-topic-false-hit,"We review research aimed at the development of a compelling taxonomy of personality‐descriptive terms. We identify five issues central to the construction of personality taxonomies and discuss the advantages and limitations of the lexical approach. Our review of research stimulated by this approach begins with Allport and Odbert's trait names, retraces the procedures that led to Cattell's personality factors, and summarizes contemporary work in English and in Dutch. Taxonomers and lay people alike view stable traits as the most fundamental personality concepts. At the broadest level of abstraction, this domain is often represented by five dimensions related to Power (or Surgency), Love (Agreeableness), Work (Conscientiousness), Affect (Emotional Stability), and Intellect (Culture). However, given that their number and interpretation are still debated, these dimensions should not be considered final but as a heuristically useful framework. Indeed, if the fifth dimension represents Intellect, our review suggests that Culture, Values and even Autonomy‐Conformity might be additional dimensions. Some researchers, such as Goldberg and Wiggins, have constructed more narrow categories to permit a differentiated mapping of trait descriptors. Taxonomies of states, activities, and social roles and effects still need to be developed; a broad conception of personality might also include health, fitness, and physical attractiveness. A comprehensive taxonomy would provide a common framework for research guided by different theoretical orientations and could guide the selection of variables for research. Ultimately, the value of a taxonomy depends on its success in predicting important outcomes in people's lives.","openalex, dblp, ieee",llm,0.990,unreviewed,
discarded,A survey on deep learning in medical image analysis,Geert Litjens; Thijs Kooi; Babak Ehteshami Bejnordi; Arnaud A. A. Setio; Francesco Ciompi; Mohsen Ghafoorian; Jeroen van der Laak; Bram van Ginneken; Clara I. Sá‎nchez,2017,Medical Image Analysis,10.1016/j.media.2017.07.005,https://openalex.org/W2592929672,off-topic-false-hit,,"openalex, dblp, ieee",llm,0.990,unreviewed,
discarded,X-ray photoelectron spectroscopy: Towards reliable binding energy referencing,Grzegorz Greczyński; Lars Hultman,2019,Progress in Materials Science,10.1016/j.pmatsci.2019.100591,https://openalex.org/W2965295081,off-topic-false-hit,"With more than 9000 papers published annually, X-ray photoelectron spectroscopy (XPS) is an indispensable technique in modern surface and materials science for the determination of chemical bonding. The accuracy of chemical-state determination relies, however, on a trustworthy calibration of the binding energy (BE) scale, which is a nontrivial task due to the lack of an internal BE reference. One approach, proposed in the early days of XPS, employs the C 1s spectra of an adventitious carbon layer, which is present on all surfaces exposed to air. Despite accumulating criticism, pointing to the unknown origin and composition of the adventitious carbon, this is by far the most commonly used method today for all types of samples, not necessarily electrically insulating. Alarmingly, as revealed by our survey of recent XPS literature, the calibration procedure based on the C 1s peak of adventitious carbon is highly arbitrary, which results in incorrect spectral interpretation, contradictory results, and generates a large spread in reported BE values for elements even present in the same chemical state. The purpose of this review is to critically evaluate the status quo of XPS with a historical perspective, provide the technique’s operating principles, resolve myths associated with C 1s referencing, and offer a comprehensive account of recent findings. Owing to the huge volume of XPS literature produced each year, the consequences of improper referencing are dramatic. Our intention is to promote awareness within a growing XPS community as to the problems reported over the last six decades and present a guide with best practice for using the C 1s BE referencing method.","openalex, dblp, ieee",llm,0.990,unreviewed,
discarded,Interactive metagenomic visualization in a Web browser,Brian Ondov; Nicholas H. Bergman; Adam M. Phillippy,2011,BMC Bioinformatics,10.1186/1471-2105-12-385,https://openalex.org/W2085926377,off-topic-false-hit,"BACKGROUND: A critical output of metagenomic studies is the estimation of abundances of taxonomical or functional groups. The inherent uncertainty in assignments to these groups makes it important to consider both their hierarchical contexts and their prediction confidence. The current tools for visualizing metagenomic data, however, omit or distort quantitative hierarchical relationships and lack the facility for displaying secondary variables. RESULTS: Here we present Krona, a new visualization tool that allows intuitive exploration of relative abundances and confidences within the complex hierarchies of metagenomic classifications. Krona combines a variant of radial, space-filling displays with parametric coloring and interactive polar-coordinate zooming. The HTML5 and JavaScript implementation enables fully interactive charts that can be explored with any modern Web browser, without the need for installed software or plug-ins. This Web-based architecture also allows each chart to be an independent document, making them easy to share via e-mail or post to a standard Web server. To illustrate Krona's utility, we describe its application to various metagenomic data sets and its compatibility with popular metagenomic analysis tools. CONCLUSIONS: Krona is both a powerful metagenomic visualization tool and a demonstration of the potential of HTML5 for highly accessible bioinformatic visualizations. Its rich and interactive displays facilitate more informed interpretations of metagenomic analyses, while its implementation as a browser-based application makes it extremely portable and easily adopted into existing analysis packages. Both the Krona rendering code and conversion tools are freely available under a BSD open-source license, and available from: http://krona.sourceforge.net.","openalex, dblp, ieee",llm,0.970,unreviewed,
discarded,Organizational agility: ill-defined and somewhat confusing? A systematic literature review and conceptualization,Anna-Theresa Walter,2020,Management Review Quarterly,10.1007/s11301-020-00186-6,https://openalex.org/W3016293050,off-topic-false-hit,"Abstract Superior business performance is a central objective of any firm in an unpredictable environment. Organizational agility (OA) constitutes one option for prospering in this environment. Although research confirms a positive effect of OA on business performance, studies show conceptual imprecision. I systematically review and compile previous findings and provide a coherent view of OA. A search in three databases yielded a final sample of 75 articles. From a qualitative analysis, I identify four agility categories: agility drivers, agility enablers, agility capabilities, and agility dimensions. Based on findings from each category, I develop a conceptual map of OA that (i) connects the agility categories and clarifies how they work, and (ii) proposes a framework for the tasks and responsibilities of management within an agile organization. As part of the conceptualization, I also consider the business environment and the impact of an increased OA level. Viewed from a dynamic capability perspective, changing internal and external agility drivers necessitate the development of agility capabilities. These are realized by a specific set of interdependent enablers. Within this concept of an agile organization, management assumes various responsibilities, in particular, engaging in monitoring and decision-making functions. Conceptual clarity of OA at the organizational level facilitates a systematic development of agility research and provides guidance for practitioners. This article contributes to agility research by integrating insights from various research streams on OA. By highlighting the close ties to strategic management and the derivation of a model to agile management, this research also contributes to strategic management research.","openalex, dblp, ieee",llm,0.990,unreviewed,
discarded,EDA: Easy Data Augmentation Techniques for Boosting Performance on Text Classification Tasks,Jason Wei; Kai Zou,2019,,10.18653/v1/d19-1670,https://openalex.org/W2971296908,adjacent-subtopic,"Jason Wei, Kai Zou. Proceedings of the 2019 Conference on Empirical Methods in Natural Language Processing and the 9th International Joint Conference on Natural Language Processing (EMNLP-IJCNLP). 2019.","openalex, dblp, ieee",llm,0.980,unreviewed,
discarded,PyNAST: a flexible tool for aligning sequences to a template alignment,J. Gregory Caporaso; Kyle Bittinger; Frederic D. Bushman; Todd Z. DeSantis; Gary L. Andersen; Rob Knight,2009,Bioinformatics,10.1093/bioinformatics/btp636,https://openalex.org/W2104318549,off-topic-false-hit,"MOTIVATION: The Nearest Alignment Space Termination (NAST) tool is commonly used in sequence-based microbial ecology community analysis, but due to the limited portability of the original implementation, it has not been as widely adopted as possible. Python Nearest Alignment Space Termination (PyNAST) is a complete reimplementation of NAST, which includes three convenient interfaces: a Mac OS X GUI, a command-line interface and a simple application programming interface (API). RESULTS: The availability of PyNAST will make the popular NAST algorithm more portable and thereby applicable to datasets orders of magnitude larger by allowing users to install PyNAST on their own hardware. Additionally because users can align to arbitrary template alignments, a feature not available via the original NAST web interface, the NAST algorithm will be readily applicable to novel tasks outside of microbial community analysis. AVAILABILITY: PyNAST is available at http://pynast.sourceforge.net.","openalex, dblp, ieee",llm,0.990,unreviewed,
discarded,Multiple sequence alignment with the Clustal series of programs,R. Chenna,2003,Nucleic Acids Research,10.1093/nar/gkg500,https://openalex.org/W2095724872,off-topic-false-hit,"The Clustal series of programs are widely used in molecular biology for the multiple alignment of both nucleic acid and protein sequences and for preparing phylogenetic trees. The popularity of the programs depends on a number of factors, including not only the accuracy of the results, but also the robustness, portability and user-friendliness of the programs. New features include NEXUS and FASTA format output, printing range numbers and faster tree calculation. Although, Clustal was originally developed to run on a local computer, numerous Web servers have been set up, notably at the EBI (European Bioinformatics Institute) (http://www.ebi.ac.uk/clustalw/).","openalex, dblp, ieee",llm,0.990,unreviewed,
discarded,Random Walks and Electric Networks,Peter G. Doyle; J. Laurie Snell,1984,The Carus mathematical monographs,10.5948/upo9781614440222,https://openalex.org/W2167064216,off-topic-false-hit,"Probability theory, like much of mathematics, is indebted to physics as a source of problems and intuition for solving these problems. Unfortunately, the level of abstraction of current mathematics often makes it difficult for anyone but an expert to appreciate this fact. Random Walks and Electric Networks looks at the interplay of physics and mathematics in terms of an example  the relation between elementary electric network theory and random walks where the mathematics involved is at the college level.","openalex, dblp, ieee",llm,0.980,unreviewed,
discarded,Heterogeneity in Mobile Cloud Computing: Taxonomy and Open Challenges,Zohreh Sanaei; Saeid Abolfazli; Abdullah Gani; Rajkumar Buyya,2013,IEEE Communications Surveys & Tutorials,10.1109/surv.2013.050113.00090,https://openalex.org/W2160886020,off-topic-false-hit,"The unabated flurry of research activities to augment various mobile devices by leveraging heterogeneous cloud resources has created a new research domain called Mobile Cloud Computing (MCC). In the core of such a non-uniform environment, facilitating interoperability, portability, and integration among heterogeneous platforms is nontrivial. Building such facilitators in MCC requires investigations to understand heterogeneity and its challenges over the roots. Although there are many research studies in mobile computing and cloud computing, convergence of these two areas grants further academic efforts towards flourishing MCC. In this paper, we define MCC, explain its major challenges, discuss heterogeneity in convergent computing (i.e. mobile computing and cloud computing) and networking (wired and wireless networks), and divide it into two dimensions, namely vertical and horizontal. Heterogeneity roots are analyzed and taxonomized as hardware, platform, feature, API, and network. Multidimensional heterogeneity in MCC results in application and code fragmentation problems that impede development of cross-platform mobile applications which is mathematically described. The impacts of heterogeneity in MCC are investigated, related opportunities and challenges are identified, and predominant heterogeneity handling approaches like virtualization, middleware, and service oriented architecture (SOA) are discussed. We outline open issues that help in identifying new research directions in MCC.","openalex, dblp, ieee",llm,0.990,unreviewed,
discarded,Explaining nonlinear classification decisions with deep Taylor decomposition,Grégoire Montavon; Sebastian Lapuschkin; Alexander Binder; Wojciech Samek; Klaus-Robert Müller,2016,Pattern Recognition,10.1016/j.patcog.2016.11.008,https://openalex.org/W2195388612,adjacent-subtopic,"Nonlinear methods such as Deep Neural Networks (DNNs) are the gold standard for various challenging machine learning problems such as image recognition. Although these methods perform impressively well, they have a significant disadvantage, the lack of transparency, limiting the interpretability of the solution and thus the scope of application in practice. Especially DNNs act as black boxes due to their multilayer nonlinear structure. In this paper we introduce a novel methodology for interpreting generic multilayer neural networks by decomposing the network classification decision into contributions of its input elements. Although our focus is on image classification, the method is applicable to a broad set of input data, learning tasks and network architectures. Our method called deep Taylor decomposition efficiently utilizes the structure of the network by backpropagating the explanations from the output to the input layer. We evaluate the proposed method empirically on the MNIST and ILSVRC data sets.","openalex, dblp, ieee",llm,0.980,unreviewed,
discarded,A Taxonomy of Blockchain Technologies: Principles of Identification and Classification,Paolo Tasca; Claudio J. Tessone,2019,Ledger,10.5195/ledger.2019.140,https://openalex.org/W2621187651,off-topic-false-hit,"A comparative study across the most widely known blockchain technologies is conducted with a bottom-up approach. Blockchains are deconstructed into their building blocks. Each building block is then hierarchically classified into main and subcomponents. Then, varieties of the subcomponents are identified and compared. A taxonomy tree is used to summarise the study and provide a navigation tool across different blockchain architectural configurations.","openalex, dblp, ieee",llm,0.990,unreviewed,
discarded,"Generic tasks for knowledge-based reasoning: the ""right"" level of abstraction for knowledge acquisition",Tom Bylander; Bharath Chandrasekaran,1987,International Journal of Man-Machine Studies,10.1016/s0020-7373(87)80093-7,https://openalex.org/W2040672389,off-topic-false-hit,,"openalex, dblp, ieee",llm,0.950,unreviewed,
discarded,A Higher Level Classification of All Living Organisms,Michael A. Ruggiero; Dennis P.‏ Gordon; Thomas Orrell; Nicolas Bailly; Thierry Bourgoin; Richard C. Brusca; Thomas Cavalier-Smith; Michael D. Guiry; Paul M. Kirk,2015,PLoS ONE,10.1371/journal.pone.0119248,https://openalex.org/W2005951061,off-topic-false-hit,"We present a consensus classification of life to embrace the more than 1.6 million species already provided by more than 3,000 taxonomists' expert opinions in a unified and coherent, hierarchically ranked system known as the Catalogue of Life (CoL). The intent of this collaborative effort is to provide a hierarchical classification serving not only the needs of the CoL's database providers but also the diverse public-domain user community, most of whom are familiar with the Linnaean conceptual system of ordering taxon relationships. This classification is neither phylogenetic nor evolutionary but instead represents a consensus view that accommodates taxonomic choices and practical compromises among diverse expert opinions, public usages, and conflicting evidence about the boundaries between taxa and the ranks of major taxa, including kingdoms. Certain key issues, some not fully resolved, are addressed in particular. Beyond its immediate use as a management tool for the CoL and ITIS (Integrated Taxonomic Information System), it is immediately valuable as a reference for taxonomic and biodiversity research, as a tool for societal communication, and as a classificatory ""backbone"" for biodiversity databases, museum collections, libraries, and textbooks. Such a modern comprehensive hierarchy has not previously existed at this level of specificity.","openalex, dblp, ieee",llm,0.990,unreviewed,
discarded,Older adult loneliness: myths and realities,Pearl A. Dykstra,2009,European Journal of Ageing,10.1007/s10433-009-0110-3,https://openalex.org/W2046141868,off-topic-false-hit,"The focus in this paper is on the social domain of quality of life, and more particularly loneliness. The empirical literature on older adult loneliness is reviewed, thereby challenging three often-held assumptions that figure prominently in public debates on loneliness. The first assumption that loneliness is a problem specifically for older people finds only partial support. Loneliness is common only among the very old. The second assumption is that people in individualistic societies are most lonely. Contrary to this belief, findings show that older adults in northern European countries tend to be less lonely than those in the more familialistic southern European countries. The scarce data on Central and Eastern Europe suggest a high prevalence of older adult loneliness in those countries. The third assumption that loneliness has increased over the past decades finds no support. Loneliness levels have decreased, albeit slightly. The review notes the persistence of ageist attitudes, and underscores the importance of considering people's frame of reference and normative orientation in analyses of loneliness.","openalex, dblp, ieee",llm,0.990,unreviewed,
