status,title,authors,year,venue,doi,url,tags,abstract,provider,decision_source,llm_confidence,llm_review_outcome,llm_change_direction
discarded,A structured spectral illumination approach for multianalyte field sensing,Chew J.X.Y.,2026,Sensors and Actuators B Chemical,10.1016/j.snb.2026.140348,https://www.scopus.com/inward/record.uri?partnerID=HzOxMe3b&scp=105041393839&origin=inward,off-topic-false-hit,,scopus,llm,0.990,unreviewed,
discarded,Artificial intelligence in miniaturized systems Point-of-Care and forensic approach,Bonczyk A.,2026,Talanta,10.1016/j.talanta.2026.130001,https://www.scopus.com/inward/record.uri?partnerID=HzOxMe3b&scp=105039496300&origin=inward,off-topic-false-hit,,scopus,llm,0.990,unreviewed,
discarded,An empirical study of LLM-based refactoring consistency,Zhang Y.,2026,Empirical Software Engineering,10.1007/s10664-026-10911-6,https://www.scopus.com/inward/record.uri?partnerID=HzOxMe3b&scp=105043028205&origin=inward,adjacent-subtopic,,scopus,llm,0.970,unreviewed,
discarded,Toward object-centric spatial abstraction for probabilistic environment understanding,Choi W.S.,2026,Neurocomputing,10.1016/j.neucom.2026.134435,https://www.scopus.com/inward/record.uri?partnerID=HzOxMe3b&scp=105044575929&origin=inward,adjacent-subtopic,,scopus,llm,0.980,unreviewed,
discarded,A sparse reverse nearest neighbors discriminant analytic approach for major depressive disorder identification,Gan W.,2026,Biomedical Signal Processing and Control,10.1016/j.bspc.2026.110914,https://www.scopus.com/inward/record.uri?partnerID=HzOxMe3b&scp=105043991108&origin=inward,off-topic-false-hit,,scopus,llm,0.990,unreviewed,
discarded,Oversampling method using large language model for malicious JavaScript code detection,Mimura M.,2026,Engineering Applications of Artificial Intelligence,10.1016/j.engappai.2026.115821,https://www.scopus.com/inward/record.uri?partnerID=HzOxMe3b&scp=105046476506&origin=inward,adjacent-subtopic,,scopus,llm,0.870,unreviewed,
discarded,Hierarchies and networks: Toward heterarchical predictive coding,Nowakowski P.R.,2026,Studies in History and Philosophy of Science,10.1016/j.shpsa.2026.102188,https://www.scopus.com/inward/record.uri?partnerID=HzOxMe3b&scp=105048027538&origin=inward,off-topic-false-hit,,scopus,llm,0.970,unreviewed,
discarded,GRENet: A 17k-parameters RAWtoRGB model pursuing visual artifacts mitigation,Helas P.,2026,Signal Processing Image Communication,10.1016/j.image.2026.117657,https://www.scopus.com/inward/record.uri?partnerID=HzOxMe3b&scp=105045940181&origin=inward,adjacent-subtopic,,scopus,llm,0.980,unreviewed,
discarded,Towards portable cost-saving spoilage detection: A smartphone imaging sensor-based framework for beef freshness prediction via video analytics,Qu S.,2026,Microchemical Journal,10.1016/j.microc.2026.119456,https://www.scopus.com/inward/record.uri?partnerID=HzOxMe3b&scp=105048592640&origin=inward,off-topic-false-hit,,scopus,llm,0.990,unreviewed,
discarded,Integrated microfluidic sensor array based on mixed-valence cerium metal organic framework for machine learning-assisted identification of antioxidant biomarkers,Jin R.,2026,Journal of Colloid and Interface Science,10.1016/j.jcis.2026.140540,https://www.scopus.com/inward/record.uri?partnerID=HzOxMe3b&scp=105036407462&origin=inward,off-topic-false-hit,,scopus,llm,0.990,unreviewed,
discarded,Deep learning-assisted intelligent fluorescence sensor incorporating perovskite quantum dots with dual-recognition imprinting polymers for ultrasensitive and high-selectivity kanamycin detection,Zhang S.,2026,Chemical Engineering Journal,10.1016/j.cej.2026.178416,https://www.scopus.com/inward/record.uri?partnerID=HzOxMe3b&scp=105044392485&origin=inward,off-topic-false-hit,,scopus,llm,0.990,unreviewed,
discarded,Highly Sensitive and Selective Colorimetric Sensing of Hg2+ Using Aspartic Acid Functionalized Gold Nanoparticles and Portable Smartphone-Assisted Machine Learning Analysis,Kang L.,2026,Food Analytical Methods,10.1007/s12161-026-03190-w,https://www.scopus.com/inward/record.uri?partnerID=HzOxMe3b&scp=105043969564&origin=inward,off-topic-false-hit,,scopus,llm,0.990,unreviewed,
discarded,ASWmark: A copyright protection approach for audio classification datasets,Fan X.,2026,Expert Systems with Applications,10.1016/j.eswa.2026.132743,https://www.scopus.com/inward/record.uri?partnerID=HzOxMe3b&scp=105038709469&origin=inward,adjacent-subtopic,,scopus,llm,0.980,unreviewed,
discarded,Functional Intelligence without Closure. A Reply to Mariusz Mazurek,Conversano S.,2026,Philosophy and Technology,10.1007/s13347-026-01151-z,https://www.scopus.com/inward/record.uri?partnerID=HzOxMe3b&scp=105047894830&origin=inward,off-topic-false-hit,,scopus,llm,0.970,unreviewed,
discarded,Improving transfer accuracy of qualitative analysis models between two LIBS instruments by Dual-Branch Dual-Cross-Entropy Domain Adversarial Network (DDAN),Zhou J.,2026,Spectrochimica Acta Part B Atomic Spectroscopy,10.1016/j.sab.2026.107566,https://www.scopus.com/inward/record.uri?partnerID=HzOxMe3b&scp=105041038977&origin=inward,off-topic-false-hit,,scopus,llm,0.990,unreviewed,
discarded,Portable Radar for Noncontact Heart Rate Monitoring and Estrus Detection in Dairy Cows,Li Y.,2026,Ieej Transactions on Electrical and Electronic Engineering,10.1002/tee.70233,https://www.scopus.com/inward/record.uri?partnerID=HzOxMe3b&scp=105026398980&origin=inward,off-topic-false-hit,,scopus,llm,0.990,unreviewed,
discarded,Robot-Assisted Cross-Modal Synthetic Augmentation of mmWave Datasets for Sign Language Recognition,Tang Z.,2026,IEEE Transactions on Mobile Computing,10.1109/TMC.2026.3689215,https://www.scopus.com/inward/record.uri?partnerID=HzOxMe3b&scp=105037526655&origin=inward,off-topic-false-hit,,scopus,llm,0.990,unreviewed,
discarded,Who owns my AI twin? Data ownership in a new world of simulated identities,Jurcys P.,2026,Computer Law and Security Review,10.1016/j.clsr.2026.106347,https://www.scopus.com/inward/record.uri?partnerID=HzOxMe3b&scp=105041011388&origin=inward,adjacent-subtopic,,scopus,llm,0.970,unreviewed,
discarded,BiLSTM and LSTM networks: an efficient alternative to large language models for python syntax error correction,Dikici S.,2026,Software Quality Journal,10.1007/s11219-026-09769-0,https://www.scopus.com/inward/record.uri?partnerID=HzOxMe3b&scp=105043789954&origin=inward,adjacent-subtopic,,scopus,llm,0.860,unreviewed,
discarded,ELIZA---a computer program for the study of natural language communication between man and machine,Joseph Weizenbaum,1966,Communications of the ACM,10.1145/365153.365168,https://openalex.org/W4236521339,adjacent-subtopic,"article Free Access Share on ELIZA—a computer program for the study of natural language communication between man and machine Author: Joseph Weizenbaum Massachusetts Institute of Technology, Cambridge Massachusetts Institute of Technology, CambridgeView Profile Authors Info & Claims Communications of the ACMVolume 9Issue 1Jan. 1966 pp 36–45https://doi.org/10.1145/365153.365168Published:01 January 1966Publication History 2,074citation19,466DownloadsMetricsTotal Citations2,074Total Downloads19,466Last 12 Months5,621Last 6 weeks843 Get Citation AlertsNew Citation Alert added!This alert has been successfully added and will be sent to:You will be notified whenever a record that you have chosen has been cited.To manage your alert preferences, click on the button below.Manage my AlertsNew Citation Alert!Please log in to your account Save to BinderSave to BinderCreate a New BinderNameCancelCreateExport CitationPublisher SiteeReaderPDF","openalex, ieee",llm,0.780,unreviewed,
discarded,Codes for Natural History Collections in Ichthyology and Herpetology,Mark H. Sabaj,2020,Copeia,10.1643/asihcodons2020,https://openalex.org/W3092888074,off-topic-false-hit,"Assembled here is a reasonably complete list of annotated codes for historical and modern natural history collections associated with lost and extant specimens of fossil and Recent fishes, amphibians, and reptiles. A total of 3,845 codes are anchored to about 2,064 distinct collections and/or institutions in 155 countries. At least 633 of those collections are exclusively paleontological or include fossil specimens. The list is primarily derived from the scientific literature and may serve as a resource for plainly citing specimens in publications and for linking such citations to records in online databases.","openalex, ieee",llm,1.000,unreviewed,
discarded,Assembling an actin cytoskeleton for cell attachment and movement,J. Victor Small; Klemens Rottner; Irina Kaverina; Kurt I. Anderson,1998,Biochimica et Biophysica Acta (BBA) - Molecular Cell Research,10.1016/s0167-4889(98)00080-9,https://openalex.org/W2098345553,off-topic-false-hit,,"openalex, ieee",llm,0.990,unreviewed,
kept,Notes on Structured Programming,Edsger W. Dijkstra,1970,TU/e Research Portal,10.26153/tsw/53177,https://openalex.org/W1577384748,supports-claim; qualifies-claim,"On our inability to do much.I am fac ed with a b asic problem of presentati on.What I am reall y concerned about i s t he compo s ition of large pr og rams , the text of which may be, s a y , of t he s ame s ize as the who l e text of thi s booklet .Al so I have to include e xamples to illu s trate the various techniqu e s .For prac tical re as on s , the demon str ation programs mu st be smal l , many time s s maller than the "" l ife-size programs "" I have in mind.M y basi c probl e m i s that prec isel y this differen ce in scale is on e of the major sources of ou r difficulties in programming !It would be very nice if I cou ld illustrate the various techniqu es with small demo n stration programs a nd cou l d co nclude wit h H • • • and wh en faced with a program a thou san d time s as l arg e , you comJXlse it i n the same way .1IThi s common educ a t ional dev ic e , howe ve r, would be sel f-defeatin g as one of my cen tral theme s wi l l be that any two t hings that differ in some respe ct by a factor of already a hund re d or more, are utterly in compar able.Histo ry has s hown that this t ru t h is very hard to believe.Apparent ly we are t oo muc h train e d to di sreg ard diffe r ences in scale , to treat them as ""g radual di f fere nces that are not essential n .W e tell ourse lve s that what we can do once, we can also do twice and by induction we fool ours elves into believing that we can do it as man y t im es as needed , but this is just not t rue~ A fac tor of a thousand i s a l re ady fa r beyond our powers of imagination!Let me give you two examples to ru b this in.A one-year old child will crawl o n all fo urs with a speed of, say, on e mile per hou r .But a speed of a thousand mil es per hour i s that of a super s on i c jet. Con s ider ed as ob jects with moving abili ty the child and the jet are incomparable, for whatever one can do the other can not and viCE vers a. Also: one can close one' s eye s and imagine how it feels to be s tanding in an open place, a prairie or a sea s hare, while far away a big, reinless horse i s approaching at a gallop , one can ""s ee "" it approac hi ng and passing.To do the same wi t h a phalan x of a t hou s and of the s e big beas t s i s me ntal l y impo ss ible: your heart would miss a n umber of beats b y pure panic, if you could !To complicate matters stil l furt her, problems of si ze do not on ly cause me probl ems of pre s entation, but they lie at the heart of the subject: wide s pread","openalex, ieee",llm,0.900,unreviewed,
discarded,Recent developments in the P y SCF program package,Qiming Sun; Xing Zhang; Samragni Banerjee; Peng Bao; Marc Barbry; Nick S. Blunt; Nikolay A. Bogdanov; George H. Booth; Jia Chen; Zhi-Hao Cui; Janus J. Eriksen; Yang Gao; Sheng Guo; Jan Hermann; Matthew R. Hermes; Kevin J. Koh; Peter Koval; Susi Lehtola; Zhendong Li; Junzi Liu; Narbe Mardirossian; James McClain; Mário Motta; Bastien Mussard; Hung Q. Pham; Artem Pulkin; Wirawan Purwanto; Paul J. Robinson; Enrico Ronca; Elvira R. Sayfutyarova; Maximilian Scheurer; Henry F. Schurkus; James E. T. Smith; Chong Sun; Shi-Ning Sun; Shiv Upadhyay; Lucas K. Wagner; Xiao Wang; Alec F. White; James Whitfield; Mark J. Williamson; Sebastian Wouters; Jun Yang; Jason M. Yu; Tianyu Zhu; Timothy C. Berkelbach; Sandeep Sharma; Alexander Yu. Sokolov; Garnet Kin-Lic Chan,2020,The Journal of Chemical Physics,10.1063/5.0006074,https://openalex.org/W3007178273,off-topic-false-hit,"PySCF is a Python-based general-purpose electronic structure platform that supports first-principles simulations of molecules and solids as well as accelerates the development of new methodology and complex computational workflows. This paper explains the design and philosophy behind PySCF that enables it to meet these twin objectives. With several case studies, we show how users can easily implement their own methods using PySCF as a development environment. We then summarize the capabilities of PySCF for molecular and solid-state simulations. Finally, we describe the growing ecosystem of projects that use PySCF across the domains of quantum chemistry, materials science, machine learning, and quantum information science.","openalex, ieee",llm,0.950,unreviewed,
discarded,Climatologies at high resolution for the earth's land surface areas,Dirk Nikolaus Karger; Olaf Conrad; Jürgen Böhner; Tobias Kawohl; Holger Kreft; Rodrigo Wilber Soria-Auza; Niklaus E. Zimmermann; H. Peter Linder; Michael Kessler,2017,Scientific Data,10.1038/sdata.2017.122,https://openalex.org/W2463201722,off-topic-false-hit,"High-resolution information on climatic conditions is essential to many applications in environmental and ecological sciences. Here we present the CHELSA (Climatologies at high resolution for the earth's land surface areas) data of downscaled model output temperature and precipitation estimates of the ERA-Interim climatic reanalysis to a high resolution of 30 arc sec. The temperature algorithm is based on statistical downscaling of atmospheric temperatures. The precipitation algorithm incorporates orographic predictors including wind fields, valley exposition, and boundary layer height, with a subsequent bias correction. The resulting data consist of a monthly temperature and precipitation climatology for the years 1979-2013. We compare the data derived from the CHELSA algorithm with other standard gridded products and station data from the Global Historical Climate Network. We compare the performance of the new climatologies in species distribution modelling and show that we can increase the accuracy of species range predictions. We further show that CHELSA climatological data has a similar accuracy as other products for temperature, but that its predictions of precipitation patterns are better.","openalex, ieee",llm,0.990,unreviewed,
discarded,Climatologies at high resolution for the earth's land surface areas,Dirk Nikolaus Karger; Olaf Conrad; Jürgen Böhner; Tobias Kawohl; Holger Kreft; Rodrigo Wilber Soria-Auza; Niklaus E. Zimmermann; H. Peter Linder; Michael Kessler,2017,Zurich Open Repository and Archive (University of Zurich),10.5167/uzh-139381,https://openalex.org/W3104895181,off-topic-false-hit,"High resolution information of climatic conditions is essential to many application in environmental sciences. Here we present the CHELSA algorithm to downscale temperature and precipitation estimates from the European Centre for Medium-Range Weather Forecast (ECMWF) climatic reanalysis interim (ERA-Interim) to a high resolution of 30 arc sec. The algorithm for temperature is based on a statistical downscaling of atmospheric temperature from the ERA-Interim climatic reanalysis. The precipitation algorithm incorporates orographic predictors such as wind fields, valley exposition, and boundary layer height, and a bias correction using Global Precipitation Climatology Center (GPCC) gridded and Global Historical Climate Network (GHCN) station data. The resulting data consist of a monthly temperature and precipitation climatology for the years 1979-2013. We present a comparison of data derived from the CHELSA algorithm with two other high resolution gridded products with overlapping temporal resolution (Tropical Rain Measuring Mission (TRMM) for precipitation, Moderate Resolution Imaging Spectroradiometer (MODIS) for temperature) and station data from the Global Historical Climate Network (GHCN). We show that the climatological data from CHELSA has a similar accuracy to other products for temperature, but that the predictions of orographic precipitation patterns are both better and at a high spatial resolution.","openalex, ieee",llm,0.990,unreviewed,
kept,"A science of operations: machines, logic and the invention of programming",,2011,Choice Reviews Online,10.5860/choice.48-6956,https://openalex.org/W20464340,supports-claim,"Today, computers fulfil a dazzling array of roles, a flexibility resulting from the great range of programs that can be run on them.A Science of Operations examines the history of what we now call programming, defined not simply as computer programming, but more broadly as the definition of the steps involved in computations and other information-processing activities. This unique perspective highlights how the history of programming is distinct from the history of the computer, despite the close relationship between the two in the 20th century. The book also discusses how the development of programming languages is related to disparate fields which attempted to give a mechanical account of language on the one hand, and a linguistic account of machines on the other.Topics and features: Covers the early development of automatic computing, including Babbages mechanical calculating engines and the applications of punched-card technology, examines the theoretical work of mathematical logicians such as Kleene, Church, Post and Turing, and the machines built by Zuse and Aiken in the 1930s and 1940s, discusses the role that logic played in the development of the stored program computer, describes the standard model of machine-code programming popularised by Maurice Wilkes, presents the complete table for the universal Turing machine in the Appendices, investigates the rise of the initiatives aimed at developing higher-level programming notations, and how these came to be thought of as languages that could be studied independently of a machine, examines the importance of the Algol 60 language, and the framework it provided for studying the design of programming languages and the process of software development and explores the early development of object-oriented languages, with a focus on the Smalltalk project.This fascinating text offers a new viewpoint for historians of science and technology, as well as for the general reader. The historical narrative builds the story in a clear and logical fashion, roughly following chronological order.","openalex, ieee",llm,0.930,unreviewed,
discarded,Early history of the eastern Sibao Orogen (South China) during the assembly of Rodinia: New mica 40Ar/39Ar dating and SHRIMP U--Pb detrital zircon provenance constraints,Zheng-Xiang Li; Jo-Anne Wartho; Sandra Occhipinti; Chuan-Lin Zhang; Xian-Hua Li; Jian Wang; Chaomin Bao,2007,Precambrian Research,10.1016/j.precamres.2007.05.003,https://openalex.org/W2089187322,off-topic-false-hit,,"openalex, ieee",llm,1.000,unreviewed,
discarded,REFMAC 5 for the refinement of macromolecular crystal structures,Garib N. Murshudov; Pavol Skubák; Andrey A. Lebedev; Navraj S. Pannu; Roberto A. Steiner; Robert A. Nicholls; Martyn Winn; Fei Long; Alexei A. Vagin,2011,Acta Crystallographica Section D Biological Crystallography,10.1107/s0907444911001314,https://openalex.org/W2159211495,off-topic-false-hit,"This paper describes various components of the macromolecular crystallographic refinement program REFMAC5, which is distributed as part of the CCP4 suite. REFMAC5 utilizes different likelihood functions depending on the diffraction data employed (amplitudes or intensities), the presence of twinning and the availability of SAD/SIRAS experimental diffraction data. To ensure chemical and structural integrity of the refined model, REFMAC5 offers several classes of restraints and choices of model parameterization. Reliable models at resolutions at least as low as 4 Å can be achieved thanks to low-resolution refinement tools such as secondary-structure restraints, restraints to known homologous structures, automatic global and local NCS restraints, `jelly-body' restraints and the use of novel long-range restraints on atomic displacement parameters (ADPs) based on the Kullback-Leibler divergence. REFMAC5 additionally offers TLS parameterization and, when high-resolution data are available, fast refinement of anisotropic ADPs. Refinement in the presence of twinning is performed in a fully automated fashion. REFMAC5 is a flexible and highly optimized refinement package that is ideally suited for refinement across the entire resolution spectrum encountered in macromolecular crystallography.","openalex, ieee",llm,0.990,unreviewed,
