status,title,authors,year,venue,doi,url,tags,abstract,provider,decision_source,llm_confidence,llm_review_outcome,llm_change_direction
discarded,Computer-modeling origin of a simple genetic apparatus,"Kuhn, C",2001,PROCEEDINGS OF THE NATIONAL ACADEMY OF SCIENCES OF THE UNITED STATES OF AMERICA,,https://www.webofscience.com/wos/woscc/full-record/WOS:000169967000075,off-topic-false-hit,"This computer simulation is based on a model of the origin of life proposed by H. Kuhn and J. Waser, where the evolution of short molecular strands is assumed to take place in a distinct spatiotemporal structured environment. In their model, the prebiotic situation is strongly simplified to grasp essential features of the evolution of the genetic apparatus without attempts to trace the historic path. With the tool of computer implementation confining to principle aspects and focused on critical features of the model, a deeper understanding of the model's premises is achieved. Each generation consists of three steps: (0 construction of devices (entities exposed to selection) presently available; (ii) selection; and (iii) multiplication of the isolated strands (R oligomers) by complementary copying with occasional variation by copying mismatch. In the beginning, the devices are single strands with random sequences; later, increasingly complex aggregates of strands form devices such as a hairpin-assembler device which develop in favorable cases. A monomers interlink by binding to the hairpin-assembler device, and a-translation machinery, called the hairpin-assembler-enzyme device, emerges, which translates the sequence of R-1 and R-2 monomers in the assembler strand to the sequence of A(1) and A(2) monomers in the A oligomer, working as an enzyme.",wos,llm,1.000,unreviewed,
discarded,Using a PDP-11/10 to teach content and history in computer organization courses,"Harms, D; Berque, D",2001,PROCEEDINGS OF THE THIRTY-SECOND SIGCSE TECHNICAL SYMPOSIUM ON COMPUTER SCIENCE EDUCATION,,https://www.webofscience.com/wos/woscc/full-record/WOS:000168192400043,adjacent-subtopic,"This paper describes our use of a 1970's era PDP-11/10 to support an hour long module which we have incorporated into our computer organization course for the past few semesters. The module is designed to reinforce standard concepts such as number systems and two-pass assemblers while at the same time exposing the students to some historical issues. After providing some background information about the PDP-11/10 we explain the motivation for our approach. Then we describe a fifteen minute instructional video which we have produced on the topic of developing programs on the PDP/11-10. The video is available from the authors either on VHS tape or as a QuickTime file, thereby allowing instructors at other schools to try our approach by showing the video to their students.",wos,llm,0.900,unreviewed,
discarded,Visualizing evolutionary activity of genotypes,"Bedau, MA; Brown, CT",1999,ARTIFICIAL LIFE,,https://www.webofscience.com/wos/woscc/full-record/WOS:000082317300002,adjacent-subtopic,"We introduce a method for visualizing evolutionary activity of genotypes. Following a proposal of Bedau and Packard [11], we define a genotype's evolutionary activity in terms of the history of its concentration in the evolving population. To visualize this evolutionary activity we graph the distribution of evolutionary activity in the population of genotypes as a function of time. Adaptively significant genotypes trace a salient line or ""wave"" in these graphs. The quality of these waves indicates a variety of evolutionary phenomena, such as competitive exclusion, neutral variation, and random genetic drift. We apply this method in an evolutionary model of self-replicating assembly language programs competing for room in a two-dimensional space. Comparison with fitness graphs and with a nonadaptive analogue of this model shows how this method highlights adaptively significant events.",wos,llm,0.830,unreviewed,
kept,Interfacing to legacy and object-oriented environments,"Healton, B",1998,TWENTY-SECOND ANNUAL INTERNATIONAL COMPUTER SOFTWARE & APPLICATIONS CONFERENCE - PROCEEDINGS,,https://www.webofscience.com/wos/woscc/full-record/WOS:000076439500013,adjacent-subtopic,This history of programming paradigm evolution is presented showing what practices evolved from the assembler languages to the current object-oriented environments. The continuing evolution and enhancement of applications compels current practitioners to work with the realities of the legacy application paradigms. A set of methods and processes are described that reduce the risk of project failures when an interface between legacy and object-oriented applications is required.,wos,human,0.840,unreviewed,
discarded,LENMODEL - A FORWARD MODEL FOR CALCULATING LENGTH DISTRIBUTIONS AND FISSION-TRACK AGES IN APATITE,"CROWLEY, KD",1993,COMPUTERS & GEOSCIENCES,,https://www.webofscience.com/wos/woscc/full-record/WOS:A1993LE13300001,off-topic-false-hit,"The program LENMODEL is a forward model for annealing of fission tracks in apatite. It provides estimates of the track-length distribution, fission-track age, and areal track density for any user-supplied thermal history. The program approximates the thermal history, in which temperature is represented as a continuous function of time, by a series of isothermal steps of various durations. Equations describing the production of tracks as a function of time and annealing of tracks as a function of time and temperature are solved for each step. The step calculations are summed to obtain estimates for the entire thermal history. Computational efficiency is maximized by performing the step calculations backwards in model time. The program incorporates an intuitive and easy-to-use graphical interface. Thermal history is input to the program using a mouse. Model options are specified by selecting context-sensitive commands from a bar menu. The program allows for considerable selection of equations and parameters used in the calculations. The program was written for PC-compatible computers running DOS(TM) 3.0 and above (and Windows(TM) 3.0 or above) with VGA or SVGA graphics and a Microsoft(TM)-compatible mouse. Single copies of a runtime version of the program are available from the author by written request as explained in the last section of this paper.",wos,llm,0.990,unreviewed,
discarded,"A NOVEL SINGLE BEAM OPTICAL SPECTROPHOTOMETER FOR FAST LUMINESCENCE, ABSORPTION, AND REFLECTION MEASUREMENTS OF TURBID MATERIALS","SCHMIDT, W",1993,TRAC-TRENDS IN ANALYTICAL CHEMISTRY,,https://www.webofscience.com/wos/woscc/full-record/WOS:A1993KT52600009,adjacent-subtopic,"A novel spectrophotometer has been developed for measuring highly turbid materials, particularly of biological origin, within the millisecond time range. The number of optical components of the monochromator is reduced to the absolute minimum required, the only part being a concave holographic grating. This results in excellent light-throughput and a reasonable stray-light level, as required for the conceived purpose. A computer program providing data acquisition and all control functions, as well as numerous analytical capabilities has been developed using the compiler language Power Basic. Fast routines, where required, are written in assembler language. The spectrophotometer has been designed to allow spectral measurements of absorption, transmission, reflection and luminescence: examples are given.",wos,llm,0.880,unreviewed,
discarded,Invasive Haemophilus influenzae Type b (Hib) Infection in a Fully Vaccinated Child: A Case Report,Lam H.Y.,2026,Diseases,10.3390/diseases14060204,https://www.scopus.com/inward/record.uri?partnerID=HzOxMe3b&scp=105044349258&origin=inward,off-topic-false-hit,,scopus,llm,1.000,unreviewed,
discarded,"""If You Can See Something for its True Essence"": Exploring the Origins of the Personal Computer in TIS-100",Phipps G.,2024,Game Studies,,https://www.scopus.com/inward/record.uri?partnerID=HzOxMe3b&scp=85198839606&origin=inward,adjacent-subtopic,,scopus,llm,0.740,unreviewed,
discarded,Optimizing Convolutional Image Processing on RISC-V Using Branch Prediction on FPGA,Bhargavi M.B.,2024,IEEE Region 10 Annual International Conference Proceedings TENCON,10.1109/TENCON61640.2024.10902699,https://www.scopus.com/inward/record.uri?partnerID=HzOxMe3b&scp=105000282322&origin=inward,adjacent-subtopic,,scopus,llm,0.880,unreviewed,
discarded,On Minimizers and Convolutional Filters: Theoretical Connections and Applications to Genome Analysis,Yu Y.W.,2024,Journal of Computational Biology,10.1089/cmb.2024.0483,https://www.scopus.com/inward/record.uri?partnerID=HzOxMe3b&scp=85192054573&origin=inward,off-topic-false-hit,,scopus,llm,0.990,unreviewed,
discarded,X-ray computer densitometry in the diagnosis of fat hepatosis,Druzhinin V.N.,2020,Meditsina Truda I Promyshlennaya Ekologiya,10.31089/1026-9428-2020-60-10-681-686,https://www.scopus.com/inward/record.uri?partnerID=HzOxMe3b&scp=85100572956&origin=inward,off-topic-false-hit,,scopus,llm,1.000,unreviewed,
discarded,Patterns of Competition in Emerging Industries from the Automobile to the Personal Computer: An Abstract,McDonald R.E.,2019,Developments in Marketing Science Proceedings of the Academy of Marketing Science,10.1007/978-3-030-02568-7_117,https://www.scopus.com/inward/record.uri?partnerID=HzOxMe3b&scp=85125186156&origin=inward,off-topic-false-hit,,scopus,llm,0.980,unreviewed,
discarded,An abstract stack based approach to verified compositional compilation to machine code,Wang Y.,2019,Proceedings of the ACM on Programming Languages,10.1145/3290375,https://www.scopus.com/inward/record.uri?partnerID=HzOxMe3b&scp=85083968607&origin=inward,adjacent-subtopic,,scopus,llm,0.860,unreviewed,
discarded,What Is an Operating System? A Historical Investigation (1954--1964),Bullynck M.,2018,Philosophical Studies Series,10.1007/978-3-319-97226-8_3,https://www.scopus.com/inward/record.uri?partnerID=HzOxMe3b&scp=85103727893&origin=inward,adjacent-subtopic,,scopus,llm,0.870,unreviewed,
discarded,"Reality, fantasy and civility in molecular assemblers",Toumey C.,2018,Nature Nanotechnology,10.1038/s41565-017-0050-6,https://www.scopus.com/inward/record.uri?partnerID=HzOxMe3b&scp=85040576613&origin=inward,off-topic-false-hit,,scopus,llm,0.990,unreviewed,
discarded,Embedding a sense of history in the computing curriculum: Historic influences on a custom CPU instruction set,Wolfer J.,2017,Edunine 2017 IEEE World Engineering Education Conference Engineering Education Balancing Generalist and Specialist Formation in Technological Carriers A Current Challenge Proceedings,10.1109/EDUNINE.2017.7918177,https://www.scopus.com/inward/record.uri?partnerID=HzOxMe3b&scp=85020032735&origin=inward,adjacent-subtopic,,scopus,llm,0.900,unreviewed,
kept,In Search of the Original Fortran Compiler,McJones P.,2017,IEEE Annals of the History of Computing,10.1109/MAHC.2017.20,https://www.scopus.com/inward/record.uri?partnerID=HzOxMe3b&scp=85024882718&origin=inward,supports-claim,,scopus,llm,0.960,unreviewed,
discarded,I Would Think of Myself as Sitting Inside the Computer: Mary Dee Harris and Julianne Nyhan,Nyhan J.,2016,Springer Series on Cultural Computing,10.1007/978-3-319-20170-2_8,https://www.scopus.com/inward/record.uri?partnerID=HzOxMe3b&scp=85067993353&origin=inward,adjacent-subtopic,,scopus,llm,0.780,unreviewed,
kept,"Hardware, Software, Humans: Truth, Fiction and Abstraction",White G.,2015,History and Philosophy of Logic,10.1080/01445340.2015.1059992,https://www.scopus.com/inward/record.uri?partnerID=HzOxMe3b&scp=84952717604&origin=inward,supports-claim,,scopus,llm,0.830,unreviewed,
discarded,Grid-Assembly: An oligonucleotide composition-based partitioning strategy to aid metagenomic sequence assembly,Ghosh T.S.,2015,Journal of Bioinformatics and Computational Biology,10.1142/S0219720015410048,https://www.scopus.com/inward/record.uri?partnerID=HzOxMe3b&scp=84929517401&origin=inward,off-topic-false-hit,,scopus,llm,1.000,unreviewed,
discarded,Analysis on English value and the effect of computer language,Zhang L.,2014,Wit Transactions on Engineering Sciences,10.2495/AMITP20131181,https://www.scopus.com/inward/record.uri?partnerID=HzOxMe3b&scp=84896042582&origin=inward,off-topic-false-hit,,scopus,llm,0.970,unreviewed,
discarded,The arpanet IMP program: Retrospective and resurrection,Walden D.,2014,IEEE Annals of the History of Computing,10.1109/MAHC.2014.30,https://www.scopus.com/inward/record.uri?partnerID=HzOxMe3b&scp=84902954535&origin=inward,adjacent-subtopic,,scopus,llm,0.860,unreviewed,
discarded,Extending the generalized Fermat prime number search beyond one million digits using GPUs,Bethune I.,2014,Lecture Notes in Computer Science Including Subseries Lecture Notes in Artificial Intelligence and Lecture Notes in Bioinformatics,10.1007/978-3-642-55224-3_11,https://www.scopus.com/inward/record.uri?partnerID=HzOxMe3b&scp=84901287913&origin=inward,adjacent-subtopic,,scopus,llm,0.950,unreviewed,
discarded,An information-carrying and knowledge-producing molecular machine. A Monte-Carlo simulation,Kuhn C.,2012,Journal of Molecular Modeling,10.1007/s00894-011-1081-9,https://www.scopus.com/inward/record.uri?partnerID=HzOxMe3b&scp=84861232940&origin=inward,off-topic-false-hit,,scopus,llm,0.990,unreviewed,
discarded,"On production for digital culture: IPhone Girl, electronics assembly, and the material forms of aspiration",Perlow S.,2011,Convergence,10.1177/1354856511405604,https://www.scopus.com/inward/record.uri?partnerID=HzOxMe3b&scp=80052736382&origin=inward,off-topic-false-hit,,scopus,llm,1.000,unreviewed,
discarded,Reasoning about digital artifacts with ACL2,Moore J.S.,2011,Plpv 11 Proceedings of the 5th ACM Workshop on Programming Languages Meets Program Verification,10.1145/1929529.1929538,https://www.scopus.com/inward/record.uri?partnerID=HzOxMe3b&scp=79952169671&origin=inward,adjacent-subtopic,,scopus,llm,0.820,unreviewed,
discarded,A brief history of optical navigation at JPL,Owen W.M.,2008,Advances in the Astronautical Sciences,,https://www.scopus.com/inward/record.uri?partnerID=HzOxMe3b&scp=62949207994&origin=inward,off-topic-false-hit,,scopus,llm,0.980,unreviewed,
discarded,Discovery and assembly of repeat family pseudomolecules from sparse genomic sequence data using the Assisted Automated Assembler of Repeat Families (AAARF) algorithm,DeBarry J.D.,2008,BMC Bioinformatics,10.1186/1471-2105-9-235,https://www.scopus.com/inward/record.uri?partnerID=HzOxMe3b&scp=44849114374&origin=inward,off-topic-false-hit,,scopus,llm,1.000,unreviewed,
discarded,A history of programming and music,Wang G.,2007,Cambridge Companion to Electronic Music,10.1017/CCOL9780521868617.006,https://www.scopus.com/inward/record.uri?partnerID=HzOxMe3b&scp=84880300894&origin=inward,adjacent-subtopic,,scopus,llm,0.800,unreviewed,
discarded,Use of simulated data sets to evaluate the fidelity of metagenomic processing methods,Mavromatis K.,2007,Nature Methods,10.1038/nmeth1043,https://www.scopus.com/inward/record.uri?partnerID=HzOxMe3b&scp=34249794257&origin=inward,off-topic-false-hit,,scopus,llm,0.990,unreviewed,
discarded,Forensic memory analysis: From stack and code to execution history,Arasteh A.R.,2007,Digital Investigation,10.1016/j.diin.2007.06.010,https://www.scopus.com/inward/record.uri?partnerID=HzOxMe3b&scp=34447500190&origin=inward,adjacent-subtopic,,scopus,llm,0.900,unreviewed,
discarded,Ten years of forth in ACM Sigplan notices: Part 2,Frenger P.,2006,ACM SIGPLAN Notices,10.1145/1147214.1147216,https://www.scopus.com/inward/record.uri?partnerID=HzOxMe3b&scp=33746594137&origin=inward,adjacent-subtopic,,scopus,llm,0.840,unreviewed,
discarded,Supporting refactoring activities using histories of program modification,Hayashi S.,2006,IEICE Transactions on Information and Systems,10.1093/ietisy/e89-d.4.1403,https://www.scopus.com/inward/record.uri?partnerID=HzOxMe3b&scp=33646238928&origin=inward,adjacent-subtopic,,scopus,llm,0.940,unreviewed,
discarded,A computer-glimpse of the origin of life,Kuhn C.,2005,Journal of Biological Physics,10.1007/s10867-005-6163-4,https://www.scopus.com/inward/record.uri?partnerID=HzOxMe3b&scp=28744443262&origin=inward,off-topic-false-hit,,scopus,llm,0.990,unreviewed,
discarded,Accuracy of cost estimates in re-engineering projects - Experiences from a COBOL transposition,Borchers J.,2005,Informatik Forschung Und Entwicklung,10.1007/s00450-005-0178-8,https://www.scopus.com/inward/record.uri?partnerID=HzOxMe3b&scp=19044389593&origin=inward,adjacent-subtopic,,scopus,llm,0.890,unreviewed,
discarded,WCRE 12th Working Conference on Reverse Engineering 2005,,2005,Proceedings Working Conference on Reverse Engineering Wcre,,https://www.scopus.com/inward/record.uri?partnerID=HzOxMe3b&scp=33846145104&origin=inward,adjacent-subtopic,,scopus,llm,0.990,unreviewed,
discarded,Technology education for Kids: Cultivating technology professionals of tomorrow and today,Gannod B.,2003,ASEE Annual Conference Proceedings,,https://www.scopus.com/inward/record.uri?partnerID=HzOxMe3b&scp=8744263908&origin=inward,adjacent-subtopic,,scopus,llm,0.950,unreviewed,
discarded,A PDP-8 Emulator Program,Shelburne B.,2002,ACM Journal on Educational Resources in Computing,10.1145/545197.545200,https://www.scopus.com/inward/record.uri?partnerID=HzOxMe3b&scp=0038030956&origin=inward,adjacent-subtopic,,scopus,llm,0.900,unreviewed,
discarded,Smaller and faster is not always better: Using old hardware to teach content and history to computer science students,Harms D.,2001,Journal of the Association for History and Computing,,https://www.scopus.com/inward/record.uri?partnerID=HzOxMe3b&scp=3242787197&origin=inward,adjacent-subtopic,,scopus,llm,0.900,unreviewed,
discarded,Computer-modeling origin of a simple genetic apparatus,Kuhn C.,2001,Proceedings of the National Academy of Sciences of the United States of America,10.1073/pnas.141379398,https://www.scopus.com/inward/record.uri?partnerID=HzOxMe3b&scp=0035902575&origin=inward,off-topic-false-hit,,scopus,llm,1.000,unreviewed,
discarded,Using a PDP-11/10 to teach content and history in computer organization courses,Harms D.,2001,SIGCSE Bulletin Association for Computing Machinery Special Interest Group on Computer Science Education,10.1145/366413.364586,https://www.scopus.com/inward/record.uri?partnerID=HzOxMe3b&scp=0034980207&origin=inward,adjacent-subtopic,,scopus,llm,0.900,unreviewed,
discarded,Visualizing evolutionary activity of genotypes,Bedau M.A.,1999,Artificial Life,10.1162/106454699568665,https://www.scopus.com/inward/record.uri?partnerID=HzOxMe3b&scp=0033428654&origin=inward,adjacent-subtopic,,scopus,llm,0.830,unreviewed,
kept,Interfacing to legacy and object-oriented environments,Healton B.,1998,Proceedings IEEE Computer Society S International Computer Software and Applications Conference,,https://www.scopus.com/inward/record.uri?partnerID=HzOxMe3b&scp=0032299120&origin=inward,adjacent-subtopic,,scopus,human,0.840,unreviewed,
kept,Interfacing to legacy and object-oriented environments,Healton B.,1998,Proceedings International Computer Software and Applications Conference,10.1109/CMPSAC.1998.716640,https://www.scopus.com/inward/record.uri?partnerID=HzOxMe3b&scp=85046019983&origin=inward,adjacent-subtopic,,scopus,human,0.840,unreviewed,
