status,title,authors,year,venue,doi,url,tags,abstract,provider,decision_source,llm_confidence,llm_review_outcome,llm_change_direction
The field of digital signal processing (DSP) is rapidly exploding, yet most books on the subject do not reflect the real world of algorithm development, coding for applications, and software engineering. This important new work fills the gap in the field, providing computer professionals with a comprehensive introduction to those aspects of DSP essential for working on todays cutting-edge applications in speech compression and recognition and modem design. The author walks readers through a variety of advanced topics, clearly demonstrating how even such areas as spectral analysis, adaptive and nonlinear filtering, or communications and speech signal processing can be made readily accessible through clear presentations and a practical hands-on approach. In a light, reader-friendly style, Digital Signal Processing: A Computer Science Perspective provides: 
*A unified treatment of the theory and practice of DSP at a level sufficient for exploring the contemporary professional literature 
*Thorough coverage of the fundamental algorithms and structures needed for designing and coding DSP applications in a high level language 
*Detailed explanations of the principles of digital signal processors that will allow readers to investigate assembly languages of specific processors 
*A review of special algorithms used in several important areas of DSP, including speech compression/recognition and digital communications 
*More than 200 illustrations as well as an appendix containing the essential mathematical background","openalex, dblp, ieee",llm,0.960,unreviewed,
discarded,Typing methods based on whole genome sequencing data,Laura Uelze; Josephine Grützke; Maria Borowiak; Jens A. Hammerl; Katharina Juraschek; Carlus Deneke; Simon H. Tausch; Burkhard Malorny,2020,One Health Outlook,10.1186/s42522-020-0010-1,https://openalex.org/W3029397429,off-topic-false-hit,"Whole genome sequencing (WGS) of foodborne pathogens has become an effective method for investigating the information contained in the genome sequence of bacterial pathogens. In addition, its highly discriminative power enables the comparison of genetic relatedness between bacteria even on a sub-species level. For this reason, WGS is being implemented worldwide and across sectors (human, veterinary, food, and environment) for the investigation of disease outbreaks, source attribution, and improved risk characterization models. In order to extract relevant information from the large quantity and complex data produced by WGS, a host of bioinformatics tools has been developed, allowing users to analyze and interpret sequencing data, starting from simple gene-searches to complex phylogenetic studies. Depending on the research question, the complexity of the dataset and their bioinformatics skill set, users can choose between a great variety of tools for the analysis of WGS data. In this review, we describe the relevant approaches for phylogenomic studies for outbreak studies and give an overview of selected tools for the characterization of foodborne pathogens based on WGS data. Despite the efforts of the last years, harmonization and standardization of typing tools are still urgently needed to allow for an easy comparison of data between laboratories, moving towards a one health worldwide surveillance system for foodborne pathogens.","openalex, dblp, ieee",llm,0.990,unreviewed,
discarded,Later credits: resourceful reasoning for the later modality,Simon Spies; Lennard Gäher; Joseph Tassarotti; Ralf Jung; Robbert Krebbers; Lars Birkedal; Derek Dreyer,2022,Proceedings of the ACM on Programming Languages,10.1145/3547631,https://openalex.org/W4293812585,adjacent-subtopic,"In the past two decades, step-indexed logical relations and separation logics have both come to play a major role in semantics and verification research. More recently, they have been married together in the form of step-indexed separation logics like VST, iCAP, and Iris, which provide powerful tools for (among other things) building semantic models of richly typed languages like Rust. In these logics, propositions are given semantics using a step-indexed model, and step-indexed reasoning is reflected into the logic through the so-called “later” modality. On the one hand, this modality provides an elegant, high-level account of step-indexed reasoning; on the other hand, when used in sufficiently sophisticated ways, it can become a nuisance, turning perfectly natural proof strategies into dead ends. In this work, we introduce later credits , a new technique for escaping later-modality quagmires. By leveraging the second ancestor of these logics—separation logic—later credits turn “the right to eliminate a later” into an ownable resource, which is subject to all the traditional modular reasoning principles of separation logic. We develop the theory of later credits in the context of Iris, and present several challenging examples of proofs and proof patterns which were previously not possible in Iris but are now possible due to later credits.","openalex, dblp, ieee",llm,0.870,unreviewed,
discarded,A bilingual systematic review of South Korean medical tourism: a need to rethink policy and priorities for public health?,Qing Xu; Vidya Purushothaman; Raphael Cuomo; Tim K. Mackey,2021,BMC Public Health,10.1186/s12889-021-10642-x,https://openalex.org/W3144397881,off-topic-false-hit,"BACKGROUND: In 2016, the ""Act on Support for Overseas Expansion of Healthcare System and Attraction of International Patients"" was enacted by the South Korean government in an attempt to accelerate growth of its medical tourism industry. However, only a few years after its implementation, the benefits are not well understood, nor have the positive or negative impacts of expanding Korea's medical tourism sector been properly evaluated. OBJECTIVE: We aimed to systematically review and summarize existing literature describing South Korea's medical tourism policy and legislative history, while also assessing the impact of this domestic policy approach on the country's public health systems. METHODS: A bilingual systematic literature review was conducted per PRISMA guidelines for all South Korean medical tourism legislative and policy literature using MeSH terms and other related keywords in two academic databases, PubMed and JSTOR. Published studies were included if they directly addressed South Korean medical tourism policy. To supplement results from the peer-review, the grey literature was also searched using Google search engine for relevant policy documents, information from government websites, and national statistics on medical tourism-related data. RESULTS: This review included 14 peer-reviewed journal articles and 9 websites. The majority of literature focused on the legislative history of South Korea's pro-medical tourism policy, economic considerations associated with industry growth, and the specific experiences of medical tourists. There was a lack of studies, analytical or commentary-based, conducting in-depth analysis of the healthcare impact of these policies or comparing benefits and costs compared to other medical tourism destinations. Proponents of medical tourism continue to advocate the government for increased deregulation and investment in the sector. CONCLUSION: This systematic review suggests that policy decisions may prioritize economic growth offered by medical tourism over negative effects on the healthcare workforce, access and equity, and its potential to undermine Universal Health Coverage. South Korea continues to examine ways to further amend the Act and grow this sector, but these actions should be taken with caution by critically examining how other countries have adapted their policymaking based on the real-world costs associated with medical tourism.","openalex, dblp, ieee",llm,1.000,unreviewed,
discarded,Genome-wide quantification of homeolog expression ratio revealed nonstochastic gene regulation in synthetic allopolyploid Arabidopsis,Satoru Akama; Rie Shimizu-Inatsugi; Kentaro K. Shimizu; Jun Sese,2014,Nucleic Acids Research,10.1093/nar/gkt1376,https://openalex.org/W2142180311,off-topic-false-hit,"Genome duplication with hybridization, or allopolyploidization, occurs commonly in plants, and is considered to be a strong force for generating new species. However, genome-wide quantification of homeolog expression ratios was technically hindered because of the high homology between homeologous gene pairs. To quantify the homeolog expression ratio using RNA-seq obtained from polyploids, a new method named HomeoRoq was developed, in which the genomic origin of sequencing reads was estimated using mismatches between the read and each parental genome. To verify this method, we first assembled the two diploid parental genomes of Arabidopsis halleri subsp. gemmifera and Arabidopsis lyrata subsp. petraea (Arabidopsis petraea subsp. umbrosa), then generated a synthetic allotetraploid, mimicking the natural allopolyploid Arabidopsis kamchatica. The quantified ratios corresponded well to those obtained by Pyrosequencing. We found that the ratios of homeologs before and after cold stress treatment were highly correlated (r = 0.870). This highlights the presence of nonstochastic polyploid gene regulation despite previous research identifying stochastic variation in expression. Moreover, our new statistical test incorporating overdispersion identified 226 homeologs (1.11% of 20 369 expressed homeologs) with significant ratio changes, many of which were related to stress responses. HomeoRoq would contribute to the study of the genes responsible for polyploid-specific environmental responses.","openalex, dblp, ieee",llm,0.990,unreviewed,
discarded,Typed assembly language for implementing OS kernels in SMP/multi-core environments with interrupts,Toshiyuki Maeda; Akinori Yonezawa,2010,International Conference on Systems,,https://openalex.org/W87050269,adjacent-subtopic,"Although many people still think that it is difficult or even impossible to implement OS kernels in a strictly typed programming language, we dispelled the myth in our previous works by designing and implementing a typed assembly language which is flexible enough to implement essential functionalities of OS kernels (e.g., memory and multi-thread management facilities).
Taking a step further, in this paper, we show an extended typed assembly language which supports SMP/multi-core environments with CPU hardware interrupts and illustrate how to implement synchronization primitives, which are essential for implementing OS kernels in the environments.","openalex, dblp, ieee",llm,0.850,unreviewed,
discarded,Metaphor in computer science,Timothy Colburn; Gary Shute,2008,Journal of Applied Logic,10.1016/j.jal.2008.09.005,https://openalex.org/W2052969768,adjacent-subtopic,,"openalex, dblp, ieee",llm,0.840,unreviewed,
discarded,Fundamental Science and Engineering Questions in Planetary Cave Exploration,J. Judson Wynne; T. N. Titus; Ali--akbar Agha--mohammadi; Armando Azúa-Bustos; Penelope J. Boston; Pablo de León; Cansu Demirel-Floyd; Jo De Waele; Heather Jones; Michael J. Malaska; Ana Z. Miller; H. M. Sapers; Francesco Sauro; Derek L. Sonderegger; Kyle Uckert; Uland Wong; E. Calvin Alexander; Leroy Chiao; G. E. Cushing; John DeDecker; Alberto González Fairén; Amos Frumkin; Gary Harris; Michelle L. Kearney; L. Kerber; Richard Léveillé; Kavya Manyapu; Matteo Massironi; John E. Mylroie; Bogdan P. Onac; Scott Parazynski; C. M. Phillips-Lander; T. H. Prettyman; Dirk Schulze-Makuch; R. V. Wagner; William Whittaker; K. E. Williams,2022,Journal of Geophysical Research Planets,10.1029/2022je007194,https://openalex.org/W4225406278,adjacent-subtopic,"Nearly half a century ago, two papers postulated the likelihood of lunar lava tube caves using mathematical models. Today, armed with an array of orbiting and fly-by satellites and survey instrumentation, we have now acquired cave data across our solar system-including the identification of potential cave entrances on the Moon, Mars, and at least nine other planetary bodies. These discoveries gave rise to the study of planetary caves. To help advance this field, we leveraged the expertise of an interdisciplinary group to identify a strategy to explore caves beyond Earth. Focusing primarily on astrobiology, the cave environment, geology, robotics, instrumentation, and human exploration, our goal was to produce a framework to guide this subdiscipline through at least the next decade. To do this, we first assembled a list of 198 science and engineering questions. Then, through a series of social surveys, 114 scientists and engineers winnowed down the list to the top 53 highest priority questions. This exercise resulted in identifying emerging and crucial research areas that require robust development to ultimately support a robotic mission to a planetary cave-principally the Moon and/or Mars. With the necessary financial investment and institutional support, the research and technological development required to achieve these necessary advancements over the next decade are attainable. Subsequently, we will be positioned to robotically examine lunar caves and search for evidence of life within Martian caves; in turn, this will set the stage for human exploration and potential habitation of both the lunar and Martian subsurface.","openalex, dblp, ieee",llm,0.980,unreviewed,
discarded,Fusing feature engineering and deep learning: A case study for malware classification,Daniel Gibert; Jordi Planes; Carles Mateu; Quan Le,2022,Expert Systems with Applications,10.1016/j.eswa.2022.117957,https://openalex.org/W4282929420,adjacent-subtopic,"Machine learning has become an appealing signature-less approach to detect and classify malware because of its ability to generalize to never-before-seen samples and to handle large volumes of data. While traditional feature-based approaches rely on the manual design of hand-crafted features based on experts’ knowledge of the domain, deep learning approaches replace the manual feature engineering process by an underlying system, typically consisting of a neural network with multiple layers, that perform both feature learning and classification altogether. However, the combination of both approaches could substantially enhance detection systems. In this paper we present an hybrid approach to address the task of malware classification by fusing multiple types of features defined by experts and features learned through deep learning from raw data. In particular, our approach relies on deep learning to extract N-gram like features from the assembly language instructions and the bytes of malware, and texture patterns and shapelet-based features from malware’s grayscale image representation and structural entropy, respectively. These deep features are later passed as input to a gradient boosting model that combines the deep features and the hand-crafted features using an early-fusion mechanism. The suitability of our approach has been evaluated on the Microsoft Malware Classification Challenge benchmark and results show that the proposed solution achieves state-of-the-art performance and outperforms gradient boosting and deep learning methods in the literature.","openalex, dblp, ieee",llm,0.910,unreviewed,
discarded,Organellar genome assembly methods and comparative analysis of horticultural plants,Xuelin Wang; Feng Cheng; Dekai Rohlsen; Changwei Bi; Chunyan Wang; Yiqing Xu; Suyun Wei; Qiaolin Ye; Tongming Yin; Ning Ye,2018,Horticulture Research,10.1038/s41438-017-0002-1,https://openalex.org/W2784242714,off-topic-false-hit,"Although organellar genomes (including chloroplast and mitochondrial genomes) are smaller than nuclear genomes in size and gene number, organellar genomes are very important for the investigation of plant evolution and molecular ecology mechanisms. Few studies have focused on the organellar genomes of horticultural plants. Approximately 1193 chloroplast genomes and 199 mitochondrial genomes of land plants are available in the National Center for Biotechnology Information (NCBI), of which only 39 are from horticultural plants. In this paper, we report an innovative and efficient method for high-quality horticultural organellar genome assembly from next-generation sequencing (NGS) data. Sequencing reads were first assembled by Newbler, Amos, and Minimus software with default parameters. The remaining gaps were then filled through BLASTN search and PCR. The complete DNA sequence was corrected based on Illumina sequencing data using BWA (Burrows–Wheeler Alignment tool) software. The advantage of this approach is that there is no need to isolate organellar DNA from total DNA during sample preparation. Using this procedure, the complete mitochondrial and chloroplast genomes of an ornamental plant, Salix suchowensis, and a fruit tree, Ziziphus jujuba, were identified. This study shows that horticultural plants have similar mitochondrial and chloroplast sequence organization to other seed plants. Most horticultural plants demonstrate a slight bias toward A+T rich features in the mitochondrial genome. In addition, a phylogenetic analysis of 39 horticultural plants based on 15 protein-coding genes showed that some mitochondrial genes are horizontally transferred from chloroplast DNA. Our study will provide an important reference for organellar genome assembly in other horticultural plants. Furthermore, phylogenetic analysis of the organellar genomes of horticultural plants could accurately clarify the unanticipated relationships among these plants.","openalex, dblp, ieee",llm,1.000,unreviewed,
discarded,Property rights and western United States water markets*,Zachary Donohew,2008,Australian Journal of Agricultural and Resource Economics,10.1111/j.1467-8489.2007.00427.x,https://openalex.org/W2034575091,off-topic-false-hit,"This paper addresses water scarcity issues in the American West and examines the allocation of water through the appropriative rights system and the extent markets are used to reallocate water from low‐ to high‐valued uses. The unique physical properties of water make it difficult to bound and measure, which makes defining property rights difficult. Markets are also impeded by disputes over third‐party effects due to the interdependencies of water users and complex institutional arrangements that dilute decision‐making authority. Analysis of water trading in the western United States indicates that the rate of permanent transfers is increasing over time and urban users are paying higher prices relative to agricultural users.","openalex, dblp, ieee",llm,1.000,unreviewed,
discarded,Optimization of horizontal microcode within and beyond basic blocks: an application of processor scheduling with resources,Joseph A. Fisher,1979,,10.2172/5752434,https://openalex.org/W1590358180,adjacent-subtopic,"Microprogram optimization is the rearrangement of microcode written vertically, with one operation issued per step, into legal horizontal microinstructions, in which several operations are issued each instruction cycle. The rearrangement is done in a way that approximately minimizes the running time of the code. This problem is identified with the problem of processor scheduling with resource constraints. Thus, the problem of optimizing basic blocks of microcode can be seen to be np-complete; however, approximate methods for basic blocks which have good records in other, similar scheduling environments can be used. In priority list scheduling the tasks are ordered according to some evaluation function, and then schedules are found by repeated scans of the list. Several evaluation functions are shown to perform very well on large samples of various classes of random data-precedence graphs with characteristics similar to those derived from microprograms. A method of spotting resource bottlenecks in the derived data-precedence graph enables one to obtain a resource-considerate evaluation function, in which tasks which contribute directly to or precede bottlenecks have their priorities raised. The complexity of the calculations necessary to compute the lower bound was greatly reduced. A method is suggested for optimizing beyond basic blocks. Groups of basic blocks are treated as if they were one block; the information necessary to control the motion of tasks between blocks is encoded as data-precedence constraints on the conditional tasks. Long paths of code can thus be optimized, with no back branches, by the same methods used for basic blocks. 9 figures, 6 tables.","openalex, dblp, ieee",llm,0.860,unreviewed,
discarded,Is prediction of species richness from stacked species distribution models biased by habitat saturation?,Matthias Grenié; Cyrille Violle; François Munoz,2019,Ecological Indicators,10.1016/j.ecolind.2019.105970,https://openalex.org/W2996390843,off-topic-false-hit,,"openalex, dblp, ieee",llm,1.000,unreviewed,
