status,title,authors,year,venue,doi,url,tags,abstract,provider,decision_source,llm_confidence,llm_review_outcome,llm_change_direction
discarded,Design and Implementation of an Automated Online Liquid Scintillation Monitoring Process for Tritium in Nuclear Power Plant Liquid Effluents,"Ren, Jie; Wang, Peng; Gu, Ao-Tian; Gong, Chun-Hui; Yang, Yi",2026,PROCESSES,10.3390/pr14162643,https://www.webofscience.com/wos/woscc/full-record/WOS:001859702100001,off-topic-false-hit,"Real-time monitoring of radioactive liquid effluents from nuclear power plants (NPPs) is essential for environmental safety assurance, yet existing liquid scintillation counting (LSC) instruments are bulky (>200 kg), laboratory-bound, and incapable of autonomous online deployment. This paper presents the design and implementation of a fully automated online LSC monitoring process integrating seawater sampling, distillation pre-treatment, liquid scintillator mixing, dual photomultiplier tube (PMT) coincidence detection, field-programmable gate array (FPGA)-based digital signal processing, and 4G remote data transmission in a single portable unit weighing 21.59 kg. The automated process executes a complete sample-to-result cycle in approximately 45 min without human intervention. The signal processing chain comprises a dual-PMT coincidence system, a custom two-stage pre-amplifier, a 14-bit 40 MSPS analogue-to-digital converter (ADC; AD9245, Analog Devices, Norwood, MA, USA), and a five-stage FPGA pipeline implementing anti-coincidence rejection, pulse amplitude discrimination, charge comparison method (CCM) waveform discrimination, and convolutional neural network (CNN)-based alpha/beta classification achieving 97.4% accuracy on a Geant4-simulated test set. System performance was validated against a PerkinElmer 1220 QUANTULUS reference spectrometer across a five-point calibration range (0-400 Bq/L; R-2 = 0.9987, recovery 99.4-101.6%), confirmed via third-party environmental testing (-10 degrees C to +50 degrees C, GB/T 2423.1-2008), and verified in field measurements at Tianwan Nuclear Power Plant. The experimentally determined system background is (1.83 +/- 0.12) cpm; the calculated minimum detectable activity (MDA) for tritium is 0.073 Bq/mL at 30 min counting time (eta = 3.4%, V = 10 mL, T-s = 1800 s per the Currie formulation), satisfying the GB 14587 (the Chinese national standard: Limits of Radioactivity for Liquid Effluents from Nuclear Power Plant) regulatory reference limit of 0.5 Bq/mL with a 7 & times; safety margin. The proposed system is, to the authors' knowledge, the first reported instrument combining full process automation (including distillation pre-treatment), single-person portability, and real-time 4G remote data transmission for continuous NPP liquid effluent surveillance in high-salinity seawater environments.",wos,llm,0.990,unreviewed,
discarded,Multi-Mode Integrated Bioinspired Electronic Tongue for Point-of-Care Tear Diagnosis,"Liang, Xiao-Xin; Wu, Haochen; Wang, Yong",2026,BIOSENSORS-BASEL,10.3390/bios16080402,https://www.webofscience.com/wos/woscc/full-record/WOS:001859313300001,off-topic-false-hit,"Tear analysis plays a crucial role in the early screening and diagnosis of ophthalmic diseases. However, conventional methods are often limited by poor real-time performance, low portability, and insufficient capability for multi-parameter detection. Here, we present a bioinspired triboelectric electronic tongue integrated with a microfluidic chip for multimodal detection of tear pH and disease-related biomarkers. The system combines three triboelectric nanogenerator (TENG) modes, including droplet-based, dual-electrode sliding, and single-electrode sliding configurations. The droplet-based TENG converts gravitational potential energy into electrical energy, generating a maximum output voltage of 65 V. The sliding TENG further expands the sensing dimensions by characterizing droplet flow behavior and viscosity-related properties. Benefiting from the high sensitivity of the dual-electrode mode and the waveform differentiation capability of the single-electrode mode, the platform enables enhanced sample discrimination. After optimizing key parameters, including droplet height and chip inclination angle, the output stability errors for all three TENG modes were maintained within +/- 10%. Combined with a random forest algorithm, the multimodal sensing system achieved a classification accuracy exceeding 96.6% for artificial tears with different pH values. Moreover, distinct electrical response patterns were observed for ophthalmic disease-related biomarkers, including Lysozyme, Interleukin-6 (IL-6), and Chlamydia, demonstrating excellent type identification and concentration detection capability. This work provides a self-powered and miniaturized strategy for intelligent tear analysis and multiple-parameter sensing, offering significant potential for ophthalmic disease diagnosis.",wos,llm,0.990,unreviewed,
discarded,A Metabolomics-Driven Integrated Machine Learning Framework for Early Prediction of Recurrent Acute Pancreatitis,"Huang, Qing; Shen, Xiaoyan; Li, Ying; Wu, Haoxi; Huang, Xiangxiang; Li, Guangming; Wang, Di",2026,METABOLITES,10.3390/metabo16080575,https://www.webofscience.com/wos/woscc/full-record/WOS:001859557600001,off-topic-false-hit,"Background/Objective: Recurrent acute pancreatitis (RAP) can progress to chronic pancreatitis and ultimately pancreatic ductal adenocarcinoma; therefore, early identification of patients at high recurrence risk is clinically important. However, the high dimensionality, inherent variability, and susceptibility to outliers of metabolomic data pose challenges for reliable biomarker identification. Methods: Here, we propose an integrated framework that combines Isolation Forest-based outlier handling to systematically assess the influence of aberrant samples, a dual-pathway adaptive Lasso feature selection strategy incorporating stability-oriented and sparsity-oriented pathways, and statistical significance filtering to reduce false positives. Results: When applied to a cohort of 63 patients, Random Forest (RF) achieved the highest mean outer-fold area under the receiver operating characteristic curve (AUC) among the five classifiers evaluated (0.933 +/- 0.133). In an exploratory modality analysis incorporating 11 prespecified baseline clinical covariates, the clinical-only, metabolomics-only, and combined clinical-metabolomic RF models achieved mean outer-fold AUCs of 0.712 +/- 0.265, 0.933 +/- 0.133, and 0.986 +/- 0.029, respectively. Although the combined model showed the highest numerical AUC, it did not significantly outperform the metabolomics-only model based on pooled out-of-fold predictions. Notably, in this small-sample setting, the dual-pathway selection strategy recurrently identified orotic acid as a candidate metabolite with the most consistent fold-wise statistical support across outer training partitions. Re-execution of the workflow on a public gastric cancer metabolomics dataset demonstrated its technical portability to a distinct classification task. Conclusions: Together, these findings provide a framework that distinguishes internal predictive performance and feature stability from biochemical validation, offering a reproducible basis for prioritizing RAP-associated metabolic signals and guiding future multicenter targeted validation studies.",wos,llm,0.990,unreviewed,
discarded,MSA-CNN: A Multi-Scale Attention Convolutional Neural Network for fNIRS-Based Emotion Recognition,"Huang, Deping; Zhang, Xiu; Li, Ye; Wu, Jingfu; Yue, Youzhi",2026,BIOSENSORS-BASEL,10.3390/bios16080434,https://www.webofscience.com/wos/woscc/full-record/WOS:001859209300001,off-topic-false-hit,"Functional near-infrared spectroscopy (fNIRS) has attracted increasing attention in affective brain-computer interface research due to its non-invasive nature, portability, and robustness to motion artifacts. However, substantial inter-subject variability in neural responses remains a major challenge for subject-independent emotion recognition. To address this issue, this work presents an effective integration of multi-scale temporal convolution and dual-attention mechanisms for subject-independent fNIRS emotion recognition evaluated under the leave-one-subject-out protocol within a single dataset. The proposed framework employs multi-scale temporal convolutions to capture hemodynamic characteristics at different temporal resolutions and incorporates channel and temporal attention mechanisms to adaptively emphasize informative brain regions and critical temporal segments. Experiments were conducted on both a self-collected fNIRS emotion dataset and the publicly available ENTER dataset using the Leave-One-Subject-Out (LOSO) evaluation protocol. On the self-collected dataset, MSA-CNN achieved an accuracy of 65.06 +/- 7.10% with an F1-score of 0.605. On the ENTER dataset, the proposed model obtained an accuracy of 68.91% and an F1-score of 0.621, outperforming conventional machine learning approaches and several representative deep learning baselines. Ablation studies further demonstrated the positive contributions of both the multi-scale convolutional structure and the dual-attention mechanism. Experimental results on both the self-collected and ENTER datasets demonstrate that the proposed MSA-CNN achieves competitive emotion recognition performance under the LOSO protocol. Class-wise evaluation using precision, recall, and the F1-score further provides a comprehensive assessment of the model's classification behavior. These results indicate the effectiveness of the proposed framework for cross-subject fNIRS-based emotion recognition under the current experimental settings. The results indicate that multi-scale temporal feature learning combined with attention mechanisms can effectively enhance fNIRS-based emotion recognition performance and provides a promising framework for within-dataset cross-subject evaluation in fNIRS-based emotion recognition. Future work will focus on expanding the subject population, conducting cross-dataset train-test evaluations, and incorporating multimodal neural signals to further improve robustness and generalization.",wos,llm,0.990,unreviewed,
discarded,Advances in Non-Destructive Detection Technologies for Seed Quality: A Review,"Jiang, Zexing; Sun, Jun; Ji, Xingyu; Zhu, Li; Dai, Chunxia; Zhang, Bing; Yuan, Shuai; Yao, Kunshan",2026,AGRICULTURE-BASEL,10.3390/agriculture16161778,https://www.webofscience.com/wos/woscc/full-record/WOS:001858517500001,off-topic-false-hit,"Seed quality profoundly affects productivity, marketability, and food security, yet conventional evaluation methods are destructive, slow, and unsuited to high-throughput screening. Non-destructive techniques, being rapid, non-invasive, and capable of measuring multiple indicators, have therefore gained substantial momentum. This review critically surveys the principles, applications, and limitations of major non-destructive techniques for seed quality assessment. Near-infrared spectroscopy (NIRS) enables fast, simultaneous multi-component analysis in portable formats, but its shallow penetration and poor sensitivity to subtle chemical shifts restrict single-seed vigor tests. Hyperspectral imaging (HSI) uniquely merges spectral with spatial data to map composition and surface defects, though large data volumes, high cost, and limited portability hinder practical use. Machine vision offers low-cost, high-throughput external sorting but captures only surface traits and is illumination-sensitive. X-ray/CT imaging visualizes internal cracks and insect damage, yet radiation safety and bulky hardware preclude field deployment. Complementary tools (NMR, electronic nose, Raman, dielectric, fluorescence, acoustic) address niche needs but face stability, sensitivity, or dimensionality trade-offs. Future breakthroughs demand multi-sensor data fusion, deep learning optimization, and ruggedized low-cost hardware. Bridging laboratory innovation and industrial reality requires concurrent algorithmic, optical, and engineering advances, ultimately transforming seed testing into a reliable, intelligent, and deployable ecosystem.",wos,llm,0.990,unreviewed,
discarded,Classification of Kinematics Problems Using Artificial Intelligence for Design Tests in Physics Education in Engineering,"Catana-Castellanos, J. A.; Cervantes-Juarez, E.; Sanchez-Guzman, D.; Gallegos, G. M.",2025,"2025 IEEE FRONTIERS IN EDUCATION CONFERENCE, FIE",10.1109/FIE63693.2025.11328164,https://www.webofscience.com/wos/woscc/full-record/WOS:001792342800038,off-topic-false-hit,"This research WIP paper describes the development of a digital tool aimed at enhancing the teaching and assessment of kinematics in engineering education. The system is based on a database of problems extracted from widely used physics textbooks and classified through Artificial Intelligence (AI) techniques. Each problem, formatted as natural-language text, is processed by the classifier to assign a difficulty level based on four main dimensions: mathematical complexity, number of solution steps, interpretative difficulty, and level of analytical reasoning. These dimensions are derived from a custom rubric created in collaboration with physics educators, including the notion level of abstraction, defined as the degree to which a problem requires conceptual versus procedural understanding. The classifier generates labeled outputs that categorize the problems according to difficulty. An adaptive system is being implemented to adjust difficulty levels based on student performance, creating a feedback loop for continuous improvement. A web platform is also under development to support automatic problem selection for exams or practice and to allow instructors to upload and categorize new problems. Future stages will involve the deployment of pre- and post-tests aligned with the LSEESC didactic model. These tests will be validated through statistical metrics such as Concentration Factor, Normalized Conceptual Gain, and the Rasch Index. The goal of this initiative is to provide a validated framework for problem classification that supports equitable, scalable, and personalized learning trajectories-paving the way for AI-integrated instruction in physics education..",wos,llm,0.980,unreviewed,
discarded,Rasterization with Data-Parallel Primitives,"Buckley, Makani; Moreland, Kenneth; Childs, Hank",2026,EGPGV26: EUROGRAPHICS SYMPOSIUM ON PARALLEL GRAPHICS AND VISUALIZATION,10.2312/egpgv.20261000,https://www.webofscience.com/wos/woscc/full-record/WOS:001830436400001,adjacent-subtopic,"Parallel rasterization can suffer from race conditions during fragment generation, which is traditionally addressed by using specialized hardware accessible via vendor graphics APIs. Unfortunately, graphics APIs are increasingly problematic on high-performance computers, either because they are not provided or because of concerns about dependencies with in situ visualization. In response, we present a hardware-agnostic rasterization algorithm that handles race conditions using only data-parallel primitives (DPPs), enabling efficient rendering on HPC systems without graphics API dependencies and aligning with recent efforts to deliver visualization software with DPPs. Our evaluation consists of three phases: (1) evaluating portability across different CPU and GPU architectures, (2) evaluating competitiveness with a community standard, and (3) evaluating performance across varying workloads and available parallelism. The supporting experiments run on both AMD and NVIDIA GPUs, considering data sets as large as 460 million triangles and 160 million pixels. While performance generally falls short of graphics API baselines, it achieves interactive frame rates on most workloads. As a result, we conclude our approach is a viable solution for rasterization on high-performance computers since our approach is portably performant across different architectures without the need for specialized vendor support.",wos,llm,0.930,unreviewed,
discarded,Policy comparison and qualitative analysis of Professional Engineering (PE) licensure between the United States and the US Territories,"Kaufman-Ortiz, Kevin Jay",2025,"2025 IEEE FRONTIERS IN EDUCATION CONFERENCE, FIE",10.1109/FIE63693.2025.11328413,https://www.webofscience.com/wos/woscc/full-record/WOS:001792342800280,off-topic-false-hit,"This research-to-practice paper compares professional engineer (PEs) policies that are important to consider when moving across states. PEs safeguard the public health and safety of the people for whom they sign projects. Complying with all the requirements to become a professional engineer is not easy. These requirements vary between states and territories and can cause issues for internal and colonial engineering migrants. In this study, the author engages in subnational comparative policy analysis and incorporates qualitative interview data from several studies to add a rich discussion to the results of the comparison. Testing center access, residential requirements, exam costs, and a complete lack of licensing policies on one of the U.S. territories add to the PEs portable complexity, especially for people who have goals related to relocating in the near or far future. This complexity between states and territories can lead to policy confusion, unclear planning, and provoke unintended mistakes along the path of becoming a PE in new locations. This policy analysis offers critiques of policy differences and offers suggestions on how to be more mindful of migrant populations within the Greater United States.",wos,llm,0.990,unreviewed,
discarded,Accuracy of real-time sepsis-3 surveillance across ten inpatient facilities - a prospective cohort study,"Winroth, Andreas; Karlsson Valik, John; Fjallstrom, Peter; Kadamani, Tahane; Naucler, Pontus; Johansson, Anders F.",2026,INFECTIOUS DISEASES,10.1080/23744235.2026.2720196,https://www.webofscience.com/wos/woscc/full-record/WOS:001857480600001,off-topic-false-hit,"Objective To evaluate portability and diagnostic performance of an automated sepsis surveillance algorithm applying objective Sepsis-3 clinical criteria across an entire adult population.Methods In this prospective cohort study, a Sepsis-3 algorithm developed in one region in Sweden, was implemented across ten inpatient facilities in another region, covering all adult admissions. Classifications were compared against blinded expert chart review (reference standard) in a random sample. Diagnostic accuracy, incidence, bloodstream infection (BSI), and 30-day mortality were assessed.Results Between July 2022 and December 2024, 82,112 admissions (49,574 adults) were included. The algorithm identified 5,101 sepsis events (59.6% occurred in men). Most were community-onset (CO; 84.0%), whereas hospital-onset (HO) sepsis carried higher 30-day mortality (17.6% vs 12.1%). In validation (700 patients; 1087 admissions), sensitivity was 90.5% (95% CI 80.4-96.4) and specificity 98.4% (95% CI 97.5-99.1). Sepsis incidence was 850/100,000 population/year (95% CI 662-1,084). BSI did not increase mortality in CO sepsis, whereas HO sepsis was associated with increased hazards irrespective of BSI (with BSI HR 2.36, 95% CI 1.64-3.40; without BSI HR 2.20, 95% CI 1.83-2.63).Conclusion Objective automated Sepsis-3 surveillance is scalable and transferable, representing a critical next step in infection surveillance to improve sepsis care quality.",wos,llm,0.990,unreviewed,
