status,title,authors,year,venue,doi,url,tags,abstract,provider,decision_source,llm_confidence,llm_review_outcome,llm_change_direction
discarded,Memory-Efficient Assembly Using Flye,Borja Freire; Susana Ladra; José R. Paramá,2022,IEEE/ACM Transactions on Computational Biology and Bioinformatics,10.1109/TCBB.2021.3108843,https://ieeexplore.ieee.org/document/9527151/,off-topic-false-hit,"In the past decade, next-generation sequencing (NGS) enabled the generation of genomic data in a cost-effective, high-throughput manner. The most recent third-generation sequencing technologies produce longer reads; however, their error rates are much higher, which complicates the assembly process. This generates time- and space- demanding long-read assemblers. Moreover, the advances in these technologies have allowed portable and real-time DNA sequencing, enabling in-field analysis. In these scenarios, it becomes crucial to have more efficient solutions that can be executed in computers or mobile devices with minimum hardware requirements. We re-implemented an existing assembler devoted for long reads, more concretely Flye, using compressed data structures. We then compare our version with the original software using real datasets, and evaluate their performance in terms of memory requirements, execution speed, and energy consumption. The assembly results are not affected, as the core of the algorithm is maintained, but the usage of advanced compact data structures leads to improvements in memory consumption that range from 22% to 47% less space, and in the processing time, which range from being on a par up to decreases of 25%. These improvements also cause reductions in energy consumption of around 3–8%, with some datasets obtaining decreases up to 26%.","openalex, dblp, ieee",llm,1.000,unreviewed,
discarded,Envisioning year 2000's digital impact,G.W. Zobrist,1998,IEEE Potentials,10.1109/45.645818,https://ieeexplore.ieee.org/document/645818/,adjacent-subtopic,"The origin of the year 2000 problem is outlined. Its possible forms-data rejection, wrong results, and system failure-are listed. A lack of documentation in early programs is noted. Costs of correction are discussed. The possibility of using assembler code to correct COBOL programs by using spare bits in the year byte is discussed. Insurance against effects of the problem is considered.","openalex, dblp, ieee",llm,0.880,unreviewed,
discarded,"Design, implementation and realization of on-board Base Band Processor & Switching System for advanced communication payload",Sanjay Mehta; Gopichand Khot; Varsha Bhatt; T.V.S. Ram,2009,2009 International Conference on Emerging Trends in Electronic and Photonic Devices & Systems,10.1109/ELECTRO.2009.5441122,https://ieeexplore.ieee.org/document/5441122/,adjacent-subtopic,"The Base Band Processor and Switching System is one of the important Subsystem of GSAT-4 satellite. This paper discusses unique approach to handle multiple interrupts on system having constraint on limited external interrupts of micro-controller. The system also has to be optimized with limited resources available on board in terms of memory, power consumption and speed. This is an embedded system with program development in assembly language with careful selection of hardware and software partition of system. GSAT-4 Ka band payload with Regenerative transponder is a unique mission in the history of Indian Space Program. This Regenerative payload will lead ISRO into a new era of Advanced Communication Satellite Systems.","openalex, dblp, ieee",llm,0.940,unreviewed,
kept,The 701 Project as Seen by Its Chief Architect,Nathaniel Rochester,1983,Annals of the History of Computing,10.1109/MAHC.1983.10022,https://ieeexplore.ieee.org/document/4640454/,supports-claim,"Editor's Note: The architecture of the 701 has been described in previously published papers and is mentioned by several authors in this issue. The references in the following paper by Nathaniel Rochester (especially Bashe et al., 1981, and Astrahan and Rochester, 1952) are recommended for readers who want further details. Rochester mentions assemblers and refers to William F. McClelland, so we asked McClelland to provide the accompanying remarks on assemblers.","openalex, dblp, ieee",llm,0.970,unreviewed,
discarded,Version control systems,D. Spinellis,2005,IEEE Software,10.1109/MS.2005.140,https://ieeexplore.ieee.org/document/1504674/,adjacent-subtopic,"Sane programmers don't write production code without the help of an editor and an interpreter or a compiler, yet the author has seen many software projects limping along without using a version control system. We can explain this contrast if we think in terms of the increased start-up costs and delayed gratification associated with adopting a VCS. We humans typically discount the future, and therefore implementing version control in a project appears to be a fight against human nature. It's true that you can't beat the productivity boost that compilers and editors provide, but four decades after punched-card programming in assembly language has gone out of fashion, we must now look elsewhere for our next efficiency gains. And if you or your project isn't using a VCS, adopting one might well be the single most important tooling improvement you can undertake.","openalex, dblp, ieee",llm,0.870,unreviewed,
discarded,How can supply chain optimization and improvement be achieved in an automotive sector modular consortium?,"Gomes, Leonardo de Carvalho; da Silveira, Giovani Jose Caetano; Kliemann Neto, Francisco; Chiappetta Jabbour, Charbel Jose; Lermen, Fernando Henrique",2025,SUPPLY CHAIN MANAGEMENT-AN INTERNATIONAL JOURNAL,10.1108/SCM-07-2024-0472,https://www.webofscience.com/wos/woscc/full-record/WOS:001470738200001,off-topic-false-hit,"PurposeAnchored in transaction cost theory and the resource-based view, this study aims to present original insights from primary data on optimizing and improving supply chain management methods within a modular consortium in the automotive industry of an emerging economy (Brazil). Thus, this study explores aspects of supply chain firms and transactions that facilitate optimization and improvement in a modular consortium.Design/methodology/approachThis study carried out a significant case study on a modular consortium from the automotive industry with a leading automotive assembler and ten of its leading suppliers in Brazil. This study interviewed the key stakeholders, such as the plant's supply chain manager, managers of the leading automotive assembler and ten suppliers. This study performed the data analysis and coding using best practices for the selected content analysis method.FindingsThis study research presents several significant findings, such as: it elucidates the distinction between the concepts of optimization and improvement, demonstrating the specific techniques applied in the case study for each concept; it emphasizes the critical role of continuous improvement methodologies, particularly lean practices, within the context of a modular consortium; it reveals that the complexity of processes and the size of suppliers considerably impact the adoption and efficacy of optimization and improvement methods in such a consortium, offering valuable insights for supply chain managers in the automotive industry; and it provides a theoretical framework for managing suppliers based on their contribution, indicating that higher contributions warrant greater attention from the lead company.Research limitations/implicationsThis paper indicates that the adoption and effectiveness of optimization and improvement programs in a modular consortium may depend on the supplier size and process complexity of supply chain transactions.Originality/valueThis study introduces a novel framework to evaluate the degree of supplier contribution to supply chain improvement and optimization. This framework is underpinned by two robust theoretical perspectives in transaction cost theory and the resource-based view, adding to the academic discourse on supply chain management in the automotive industry.Company:A.1 Supplier instrument interviewA.1.1 General information(A) Position, job description, responsibilities and goals.(B) Products.(C) Information and history of the organization within GM.(D) Individual and joint objectives within the GM.A.1.2 Process(A) Please describe your customer's (GM) approach to supplier management, supply chain optimization and improvement.(B) What optimization and improvement initiatives, methods and tools do you use? What is used in customer collaboration (GM)?(C) How did the improvement and optimization initiatives come about? Since the beginning of its plant in the GM complex.(D) What were these optimization and improvement methods used for? Where were they used? And currently? And how often?(E) Are the improvement methods or tools continuous or incremental improvement? Does radical improvement exist? When, who and how do you do it? Does optimization exist? When, who and how do you do it?(F) What results were achieved, and to what do you attribute these results?(G) Describe facts during the implementation of these methods or initiatives that were relevant to achieving or not the goals.(H) How do you currently deal with this issue of chain improvement and optimization? Strategies.
(I) What is the role of IT in this optimization and improvement process?(J) Is there similar work for other processes in the complex, such as planning and HR?(K) How important are the optimizations and improvements created collaboratively for you? You really need it. Is it important, or is it just making CIAG easier and it's not new to you?A.1.3 Collaboration between systemists(A) Does your customer have a formal group with system experts for supply chain optimization and improvement? Cite examples and results.(B) What are the purposes of the meetings? Current goals and results over time.(C) Is there any performance ranking or benchmarking associated with these activities? How are the results of these rankings communicated? What is the award like?(D) what is the role of IT in this process?A.1.4 Technology transfer(A) Are there technology transfer activities from your customer to you and vice versa aimed at optimizing and improving the SC? Please describe how (e.g. sending your experts as consultants, organizing seminars and workshops, etc.).(B) Who participates in these activities?(C) How do you evaluate these activities?(D) Are there formal goals? How are they publicized?(E) What results were achieved, and what do you attribute to them? How are they published?(I) What is the role of IT in this process?Originality/valueThis study introduces a novel framework to evaluate the degree of supplier contribution to supply chain improvement and optimization. This framework is underpinned by two robust theoretical perspectives in transaction cost theory and the resource-based view, adding to the academic discourse on supply chain management in the automotive industry.Company:A.1 Supplier instrument interviewA.1.1 General information(A) Position, job description, responsibilities and goals.(B) Products.(C) Information and history of the organization within GM.(D) Individual and joint objectives within the GM.A.1.2 Process(A) Please describe your customer's (GM) approach to supplier management, supply chain optimization and improvement.(B) What optimization and improvement initiatives, methods and tools do you use? What is used in customer collaboration (GM)?(C) How did the improvement and optimization initiatives come about? Since the beginning of its plant in the GM complex.(D) What were these optimization and improvement methods used for? Where were they used? And currently? And how often?(E) Are the improvement methods or tools continuous or incremental improvement? Does radical improvement exist? When, who and how do you do it? Does optimization exist? When, who and how do you do it?(F) What results were achieved, and to what do you attribute these results?(G) Describe facts during the implementation of these methods or initiatives that were relevant to achieving or not the goals.(H) How do you currently deal with this issue of chain improvement and optimization? Strategies.(I) What is the role of IT in this optimization and improvement process?(J) Is there similar work for other processes in the complex, such as planning and HR?(K) How important are the optimizations and improvements created collaboratively for you? You really need it. Is it important, or is it just making CIAG easier and it's not new to you?A.1.3 Collaboration between systemists(A) Does your customer have a formal group with system experts for supply chain optimization and improvement? Cite examples and results.(B) What are the purposes of the meetings? Current goals and results over time.
(C) Is there any performance ranking or benchmarking associated with these activities? How are the results of these rankings communicated? What is the award like?(D) what is the role of IT in this process?A.1.4 Technology transfer(A) Are there technology transfer activities from your customer to you and vice versa aimed at optimizing and improving the SC? Please describe how (e.g. sending your experts as consultants, organizing seminars and workshops, etc.).(B) Who participates in these activities?(C) How do you evaluate these activities?(D) Are there formal goals? How are they publicized?(E) What results were achieved, and what do you attribute to them? How are they published?(I) What is the role of IT in this process?Originality/valueThis study introduces a novel framework to evaluate the degree of supplier contribution to supply chain improvement and optimization. This framework is underpinned by two robust theoretical perspectives in transaction cost theory and the resource-based view, adding to the academic discourse on supply chain management in the automotive industry.Company:A.1 Supplier instrument interviewA.1.1 General information(A) Position, job description, responsibilities and goals.(B) Products.(C) Information and history of the organization within GM.(D) Individual and joint objectives within the GM.A.1.2 Process(A) Please describe your customer's (GM) approach to supplier management, supply chain optimization and improvement.(B) What optimization and improvement initiatives, methods and tools do you use? What is used in customer collaboration (GM)?(C) How did the improvement and optimization initiatives come about? Since the beginning of its plant in the GM complex.(D) What were these optimization and improvement methods used for? Where were they used? And currently? And how often?(E) Are the improvement methods or tools continuous or incremental improvement? Does radical improvement exist? When, who and how do you do it? Does optimization exist? When, who and how do you do it?(F) What results were achieved, and to what do you attribute these results?(G) Describe facts during the implementation of these methods or initiatives that were relevant to achieving or not the goals.(H) How do you currently deal with this issue of chain improvement and optimization? Strategies.(I) What is the role of IT in this optimization and improvement process?(J) Is there similar work for other processes in the complex, such as planning and HR?(K) How important are the optimizations and improvements created collaboratively for you? You really need it. Is it important, or is it just making CIAG easier and it's not new to you?A.1.3 Collaboration between systemists(A) Does your customer have a formal group with system experts for supply chain optimization and improvement? Cite examples and results.(B) What are the purposes of the meetings? Current goals and results over time.(C) Is there any performance ranking or benchmarking associated with these activities? How are the results of these rankings communicated? What is the award like?(D) what is the role of IT in this process?A.1.4 Technology transfer(A) Are there technology transfer activities from your customer to you and vice versa aimed at optimizing and improving the SC? Please describe how (e.g. sending your experts as consultants, organizing seminars and workshops, etc.).
(B) Who participates in these activities?(C) How do you evaluate these activities?(D) Are there formal goals? How are they publicized?(E) What results were achieved, and what do you attribute to them? How are they published?(I) What is the role of IT in this process?Originality/valueThis study introduces a novel framework to evaluate the degree of supplier contribution to supply chain improvement and optimization. This framework is underpinned by two robust theoretical perspectives in transaction cost theory and the resource-based view, adding to the academic discourse on supply chain management in the automotive industry.Company:A.1 Supplier instrument interviewA.1.1 General information(A) Position, job description, responsibilities and goals.(B) Products.(C) Information and history of the organization within GM.(D) Individual and joint objectives within the GM.A.1.2 Process(A) Please describe your customer's (GM) approach to supplier management, supply chain optimization and improvement.(B) What optimization and improvement initiatives, methods and tools do you use? What is used in customer collaboration (GM)?(C) How did the improvement and optimization initiatives come about? Since the beginning of its plant in the GM complex.(D) What were these optimization and improvement methods used for? Where were they used? And currently? And how often?(E) Are the improvement methods or tools continuous or incremental improvement? Does radical improvement exist? When, who and how do you do it? Does optimization exist? When, who and how do you do it?(F) What results were achieved, and to what do you attribute these results?(G) Describe facts during the implementation of these methods or initiatives that were relevant to achieving or not the goals.(H) How do you currently deal with this issue of chain improvement and optimization? Strategies.(I) What is the role of IT in this optimization and improvement process?(J) Is there similar work for other processes in the complex, such as planning and HR?(K) How important are the optimizations and improvements created collaboratively for you? You really need it. Is it important, or is it just making CIAG easier and it's not new to you?A.1.3 Collaboration between systemists(A) Does your customer have a formal group with system experts for supply chain optimization and improvement? Cite examples and results.(B) What are the purposes of the meetings? Current goals and results over time.(C) Is there any performance ranking or benchmarking associated with these activities? How are the results of these rankings communicated? What is the award like?(D) what is the role of IT in this process?A.1.4 Technology transfer(A) Are there technology transfer activities from your customer to you and vice versa aimed at optimizing and improving the SC? Please describe how (e.g. sending your experts as consultants, organizing seminars and workshops, etc.).(B) Who participates in these activities?(C) How do you evaluate these activities?(D) Are there formal goals? How are they publicized?(E) What results were achieved, and what do you attribute to them? How are they published?(I) What is the role of IT in this process?Originality/valueThis study introduces a novel framework to evaluate the degree of supplier contribution to supply chain improvement and optimization. This framework is underpinned by two robust theoretical perspectives in transaction cost theory and the resource-based view, adding to the academic discourse on supply chain management in the automotive industry.Company:A.1 Supplier instrument interviewA.1.
