status,title,authors,year,venue,doi,url,tags,abstract,provider,decision_source,llm_confidence,llm_review_outcome,llm_change_direction
(C) Is there any performance ranking or benchmarking associated with these activities? How are the results of these rankings communicated? What is the award like?(D) what is the role of IT in this process?A.1.4 Technology transfer(A) Are there technology transfer activities from your customer to you and vice versa aimed at optimizing and improving the SC? Please describe how (e.g. sending your experts as consultants, organizing seminars and workshops, etc.).(B) Who participates in these activities?(C) How do you evaluate these activities?(D) Are there formal goals? How are they publicized?(E) What results were achieved, and what do you attribute to them? How are they published?(I) What is the role of IT in this process?Originality/valueThis study introduces a novel framework to evaluate the degree of supplier contribution to supply chain improvement and optimization. This framework is underpinned by two robust theoretical perspectives in transaction cost theory and the resource-based view, adding to the academic discourse on supply chain management in the automotive industry.Company:A.1 Supplier instrument interviewA.1.1 General information(A) Position, job description, responsibilities and goals.(B) Products.(C) Information and history of the organization within GM.(D) Individual and joint objectives within the GM.A.1.2 Process(A) Please describe your customer's (GM) approach to supplier management, supply chain optimization and improvement.(B) What optimization and improvement initiatives, methods and tools do you use? What is used in customer collaboration (GM)?(C) How did the improvement and optimization initiatives come about? Since the beginning of its plant in the GM complex.(D) What were these optimization and improvement methods used for? Where were they used? And currently? And how often?(E) Are the improvement methods or tools continuous or incremental improvement? Does radical improvement exist? When, who and how do you do it? Does optimization exist? When, who and how do you do it?(F) What results were achieved, and to what do you attribute these results?(G) Describe facts during the implementation of these methods or initiatives that were relevant to achieving or not the goals.(H) How do you currently deal with this issue of chain improvement and optimization? Strategies.(I) What is the role of IT in this optimization and improvement process?(J) Is there similar work for other processes in the complex, such as planning and HR?(K) How important are the optimizations and improvements created collaboratively for you? You really need it. Is it important, or is it just making CIAG easier and it's not new to you?A.1.3 Collaboration between systemists(A) Does your customer have a formal group with system experts for supply chain optimization and improvement? Cite examples and results.(B) What are the purposes of the meetings? Current goals and results over time.(C) Is there any performance ranking or benchmarking associated with these activities? How are the results of these rankings communicated? What is the award like?(D) what is the role of IT in this process?A.1.4 Technology transfer(A) Are there technology transfer activities from your customer to you and vice versa aimed at optimizing and improving the SC? Please describe how (e.g. sending your experts as consultants, organizing seminars and workshops, etc.).
(B) Who participates in these activities?(C) How do you evaluate these activities?(D) Are there formal goals? How are they publicized?(E) What results were achieved, and what do you attribute to them? How are they published?(I) What is the role of IT in this process?Originality/valueThis study introduces a novel framework to evaluate the degree of supplier contribution to supply chain improvement and optimization. This framework is underpinned by two robust theoretical perspectives in transaction cost theory and the resource-based view, adding to the academic discourse on supply chain management in the automotive industry.Company:A.1 Supplier instrument interviewA.1.1 General information(A) Position, job description, responsibilities and goals.(B) Products.(C) Information and history of the organization within GM.(D) Individual and joint objectives within the GM.A.1.2 Process(A) Please describe your customer's (GM) approach to supplier management, supply chain optimization and improvement.(B) What optimization and improvement initiatives, methods and tools do you use? What is used in customer collaboration (GM)?(C) How did the improvement and optimization initiatives come about? Since the beginning of its plant in the GM complex.(D) What were these optimization and improvement methods used for? Where were they used? And currently? And how often?(E) Are the improvement methods or tools continuous or incremental improvement? Does radical improvement exist? When, who and how do you do it? Does optimization exist? When, who and how do you do it?(F) What results were achieved, and to what do you attribute these results?(G) Describe facts during the implementation of these methods or initiatives that were relevant to achieving or not the goals.(H) How do you currently deal with this issue of chain improvement and optimization? Strategies.(I) What is the role of IT in this optimization and improvement process?(J) Is there similar work for other processes in the complex, such as planning and HR?(K) How important are the optimizations and improvements created collaboratively for you? You really need it. Is it important, or is it just making CIAG easier and it's not new to you?A.1.3 Collaboration between systemists(A) Does your customer have a formal group with system experts for supply chain optimization and improvement? Cite examples and results.(B) What are the purposes of the meetings? Current goals and results over time.(C) Is there any performance ranking or benchmarking associated with these activities? How are the results of these rankings communicated? What is the award like?(D) what is the role of IT in this process?A.1.4 Technology transfer(A) Are there technology transfer activities from your customer to you and vice versa aimed at optimizing and improving the SC? Please describe how (e.g. sending your experts as consultants, organizing seminars and workshops, etc.).(B) Who participates in these activities?(C) How do you evaluate these activities?(D) Are there formal goals? How are they publicized?(E) What results were achieved, and what do you attribute to them? How are they published?(I) What is the role of IT in this process?Originality/valueThis study introduces a novel framework to evaluate the degree of supplier contribution to supply chain improvement and optimization. This framework is underpinned by two robust theoretical perspectives in transaction cost theory and the resource-based view, adding to the academic discourse on supply chain management in the automotive industry.Company:A.1 Supplier instrument interviewA.1.
1 General information(A) Position, job description, responsibilities and goals.(B) Products.(C) Information and history of the organization within GM.(D) Individual and joint objectives within the GM.A.1.2 Process(A) Please describe your customer's (GM) approach to supplier management, supply chain optimization and improvement.(B) What optimization and improvement initiatives, methods and tools do you use? What is used in customer collaboration (GM)?(C) How did the improvement and optimization initiatives come about? Since the beginning of its plant in the GM complex.(D) What were these optimization and improvement methods used for? Where were they used? And currently? And how often?(E) Are the improvement methods or tools continuous or incremental improvement? Does radical improvement exist? When, who and how do you do it? Does optimization exist? When, who and how do you do it?(F) What results were achieved, and to what do you attribute these results?(G) Describe facts during the implementation of these methods or initiatives that were relevant to achieving or not the goals.(H) How do you currently deal with this issue of chain improvement and optimization? Strategies.(I) What is the role of IT in this optimization and improvement process?(J) Is there similar work for other processes in the complex, such as planning and HR?(K) How important are the optimizations and improvements created collaboratively for you? You really need it. Is it important, or is it just making CIAG easier and it's not new to you?A.1.3 Collaboration between systemists(A) Does your customer have a formal group with system experts for supply chain optimization and improvement? Cite examples and results.(B) What are the purposes of the meetings? Current goals and results over time.(C) Is there any performance ranking or benchmarking associated with these activities? How are the results of these rankings communicated? What is the award like?(D) what is the role of IT in this process?A.1.4 Technology transfer(A) Are there technology transfer activities from your customer to you and vice versa aimed at optimizing and improving the SC? Please describe how (e.g. sending your experts as consultants, organizing seminars and workshops, etc.).(B) Who participates in these activities?(C) How do you evaluate these activities?(D) Are there formal goals? How are they publicized?(E) What results were achieved, and what do you attribute to them? How are they published?(I) What is the role of IT in this process?Originality/valueThis study introduces a novel framework to evaluate the degree of supplier contribution to supply chain improvement and optimization. This framework is underpinned by two robust theoretical perspectives in transaction cost theory and the resource-based view, adding to the academic discourse on supply chain management in the automotive industry.Company:A.1 Supplier instrument interviewA.1.1 General information(A) Position, job description, responsibilities and goals.(B) Products.(C) Information and history of the organization within GM.(D) Individual and joint objectives within the GM.A.1.2 Process(A) Please describe your customer's (GM) approach to supplier management, supply chain optimization and improvement.(B) What optimization and improvement initiatives, methods and tools do you use? What is used in customer collaboration (GM)?(C) How did the improvement and optimization initiatives come about? Since the beginning of its plant in the GM complex.
(D) What were these optimization and improvement methods used for? Where were they used? And currently? And how often?(E) Are the improvement methods or tools continuous or incremental improvement? Does radical improvement exist? When, who and how do you do it? Does optimization exist? When, who and how do you do it?(F) What results were achieved, and to what do you attribute these results?(G) Describe facts during the implementation of these methods or initiatives that were relevant to achieving or not the goals.(H) How do you currently deal with this issue of chain improvement and optimization? Strategies.(I) What is the role of IT in this optimization and improvement process?(J) Is there similar work for other processes in the complex, such as planning and HR?(K) How important are the optimizations and improvements created collaboratively for you? You really need it. Is it important, or is it just making CIAG easier and it's not new to you?A.1.3 Collaboration between systemists(A) Does your customer have a formal group with system experts for supply chain optimization and improvement? Cite examples and results.(B) What are the purposes of the meetings? Current goals and results over time.(C) Is there any performance ranking or benchmarking associated with these activities? How are the results of these rankings communicated? What is the award like?(D) what is the role of IT in this process?A.1.4 Technology transfer(A) Are there technology transfer activities from your customer to you and vice versa aimed at optimizing and improving the SC? Please describe how (e.g. sending your experts as consultants, organizing seminars and workshops, etc.).(B) Who participates in these activities?(C) How do you evaluate these activities?(D) Are there formal goals? How are they publicized?(E) What results were achieved, and what do you attribute to them? How are they published?(I) What is the role of IT in this process?Originality/valueThis study introduces a novel framework to evaluate the degree of supplier contribution to supply chain improvement and optimization. This framework is underpinned by two robust theoretical perspectives in transaction cost theory and the resource-based view, adding to the academic discourse on supply chain management in the automotive industry.Company:A.1 Supplier instrument interviewA.1.1 General information(A) Position, job description, responsibilities and goals.(B) Products.(C) Information and history of the organization within GM.(D) Individual and joint objectives within the GM.A.1.2 Process(A) Please describe your customer's (GM) approach to supplier management, supply chain optimization and improvement.(B) What optimization and improvement initiatives, methods and tools do you use? What is used in customer collaboration (GM)?(C) How did the improvement and optimization initiatives come about? Since the beginning of its plant in the GM complex.(D) What were these optimization and improvement methods used for? Where were they used? And currently? And how often?(E) Are the improvement methods or tools continuous or incremental improvement? Does radical improvement exist? When, who and how do you do it? Does optimization exist? When, who and how do you do it?(F) What results were achieved, and to what do you attribute these results?(G) Describe facts during the implementation of these methods or initiatives that were relevant to achieving or not the goals.(H) How do you currently deal with this issue of chain improvement and optimization? Strategies.
(I) What is the role of IT in this optimization and improvement process?(J) Is there similar work for other processes in the complex, such as planning and HR?(K) How important are the optimizations and improvements created collaboratively for you? You really need it. Is it important, or is it just making CIAG easier and it's not new to you?A.1.3 Collaboration between systemists(A) Does your customer have a formal group with system experts for supply chain optimization and improvement? Cite examples and results.(B) What are the purposes of the meetings? Current goals and results over time.(C) Is there any performance ranking or benchmarking associated with these activities? How are the results of these rankings communicated? What is the award like?(D) what is the role of IT in this process?A.1.4 Technology transfer(A) Are there technology transfer activities from your customer to you and vice versa aimed at optimizing and improving the SC? Please describe how (e.g. sending your experts as consultants, organizing seminars and workshops, etc.).(B) Who participates in these activities?(C) How do you evaluate these activities?(D) Are there formal goals? How are they publicized?(E) What results were achieved, and what do you attribute to them? How are they published?(I) What is the role of IT in this process?Originality/valueThis study introduces a novel framework to evaluate the degree of supplier contribution to supply chain improvement and optimization. This framework is underpinned by two robust theoretical perspectives in transaction cost theory and the resource-based view, adding to the academic discourse on supply chain management in the automotive industry.Company:A.1 Supplier instrument interviewA.1.1 General information(A) Position, job description, responsibilities and goals.(B) Products.(C) Information and history of the organization within GM.(D) Individual and joint objectives within the GM.A.1.2 Process(A) Please describe your customer's (GM) approach to supplier management, supply chain optimization and improvement.(B) What optimization and improvement initiatives, methods and tools do you use? What is used in customer collaboration (GM)?(C) How did the improvement and optimization initiatives come about? Since the beginning of its plant in the GM complex.(D) What were these optimization and improvement methods used for? Where were they used? And currently? And how often?(E) Are the improvement methods or tools continuous or incremental improvement? Does radical improvement exist? When, who and how do you do it? Does optimization exist? When, who and how do you do it?(F) What results were achieved, and to what do you attribute these results?(G) Describe facts during the implementation of these methods or initiatives that were relevant to achieving or not the goals.(H) How do you currently deal with this issue of chain improvement and optimization? Strategies.(I) What is the role of IT in this optimization and improvement process?(J) Is there similar work for other processes in the complex, such as planning and HR?(K) How important are the optimizations and improvements created collaboratively for you? You really need it. Is it important, or is it just making CIAG easier and it's not new to you?A.1.3 Collaboration between systemists(A) Does your customer have a formal group with system experts for supply chain optimization and improvement? Cite examples and results.(B) What are the purposes of the meetings? Current goals and results over time.
(C) Is there any performance ranking or benchmarking associated with these activities? How are the results of these rankings communicated? What is the award like?(D) what is the role of IT in this process?A.1.4 Technology transfer(A) Are there technology transfer activities from your customer to you and vice versa aimed at optimizing and improving the SC? Please describe how (e.g. sending your experts as consultants, organizing seminars and workshops, etc.).(B) Who participates in these activities?(C) How do you evaluate these activities?(D) Are there formal goals? How are they publicized?(E) What results were achieved, and what do you attribute to them? How are they published?(I) What is the role of IT in this process?",wos,llm,0.990,unreviewed,
discarded,PromeTrans: Bootstrap binary functionality classification with knowledge transferred from pre-trained models,"Sha, Zihan; Zhang, Chao; Wang, Hao; Gao, Zeyu; Zhang, Bolun; Lan, Yang; Shu, Hui",2024,EMPIRICAL SOFTWARE ENGINEERING,10.1007/s10664-024-10593-y,https://www.webofscience.com/wos/woscc/full-record/WOS:001364966000001,adjacent-subtopic,"Pre-trained models have witnessed significant progress in nature language (including source code) and binary code comprehension. However, none of them are suitable for binary functionality classification (BFC). In this paper, we present the first pre-trained model-based solution to BFC, namely PromeTrans, by fusing the knowledge of pre-trained models. Specifically, it overcomes the token size limitation of pre-trained models with a novel function outlining scheme and utilizes existing pre-trained assembly language models (AsmLMs) to generate embeddings for binary functions. Then, it utilizes a Graph Attention Network (GAT) to aggregate function embeddings following the call graph into a functionality embedding for each function. Lastly, it leverages existing pre-trained large natural language models (LLMs, e.g., GPT-3.5) to classify the functionality of source code functions and align the labels to binary functions. Based on the functionality embedding provided by AsmLMs and GAT and the functionality label knowledge provided by LLMs, a simple multi-layer perceptron (MLP) model is trained to classify the functionality of binary functions. Our prototype PromeTrans yields state-of-the-art (SOTA) performance on various datasets and achieves low overhead. PromeTrans also exhibits exceptional results in real-world applications (e.g., malware analysis). Additionally, by analyzing PromeTrans's training history, we confirm the quality of knowledge transferred from LLMs is high. It shows that transferring knowledge from pre-trained models has a strong potential to bootstrap binary program comprehension tasks beyond BFC.",wos,llm,0.860,unreviewed,
