status,title,authors,year,venue,doi,url,tags,abstract,provider,decision_source,llm_confidence,llm_review_outcome,llm_change_direction
discarded,Design and operation of the wide angular-range chopper spectrometer ARCS at the Spallation Neutron Source,D. L. Abernathy; M. B. Stone; M. J. Loguillo; M. S. Lucas; Olivier Delaire; Xiaoli Tang; Jiao Lin; Brent Fultz,2012,Review of Scientific Instruments,10.1063/1.3680104,https://openalex.org/W2048790693,off-topic-false-hit,"The wide angular-range chopper spectrometer ARCS at the Spallation Neutron Source (SNS) is optimized to provide a high neutron flux at the sample position with a large solid angle of detector coverage. The instrument incorporates modern neutron instrumentation, such as an elliptically focused neutron guide, high speed magnetic bearing choppers, and a massive array of (3)He linear position sensitive detectors. Novel features of the spectrometer include the use of a large gate valve between the sample and detector vacuum chambers and the placement of the detectors within the vacuum, both of which provide a window-free final flight path to minimize background scattering while allowing rapid changing of the sample and sample environment equipment. ARCS views the SNS decoupled ambient temperature water moderator, using neutrons with incident energy typically in the range from 15 to 1500 meV. This range, coupled with the large detector coverage, allows a wide variety of studies of excitations in condensed matter, such as lattice dynamics and magnetism, in both powder and single-crystal samples. Comparisons of early results to both analytical and Monte Carlo simulation of the instrument performance demonstrate that the instrument is operating as expected and its neutronic performance is understood. ARCS is currently in the SNS user program and continues to improve its scientific productivity by incorporating new instrumentation to increase the range of science covered and improve its effectiveness in data collection.","openalex, ieee",llm,0.990,unreviewed,
discarded,The EGS Code System: Computer Programs for the Monte Carlo Simulation of Electromagnetic Cascade Showers (V.3),R. L. Ford; USDOE Office of Science (SC); Walter Nelson,1978,,10.2172/1104725,https://openalex.org/W1671807325,adjacent-subtopic,"The EGS* Code System (Version 3) is a package of computer programs that simulate the development of electromagnetic cascade showers in various media using the Monte Carlo method. A number of shower codes have been written during the last 10 to 15 years and a short summary of these codes, as well as the historical development of EGS, is presented in the following paragraphs. The Monte Carlo method was originally suggested by Ulam and von Neumann (1947), and was first used by Goldberger (1948) in order to study nuclear disintegrations produced by high-energy particles. The first application of the Monte Carlo technique to study shower production was done by Wilson (1952). Wilson's approach was a simple graphical- mechanical one that was apparently quite tedious, but was still an improvement over analytical methods available at the time --- particularly in studying the average behavior of showers and fluctuations about the average (Rossi 1952).","openalex, ieee",llm,0.870,unreviewed,
discarded,"Immediate Early Genes, Memory and Psychiatric Disorders: Focus on c-Fos, Egr1 and Arc",Francisco Tomás Gallo; Cynthia Katche; Juan Facundo Morici; Jorge H. Medina; Noelia Weisstaub,2018,Frontiers in Behavioral Neuroscience,10.3389/fnbeh.2018.00079,https://openalex.org/W2802172273,off-topic-false-hit,"Many psychiatric disorders, despite their specific characteristics, share deficits in the cognitive domain including executive functions, emotional control, and memory. However, memory deficits have been in many cases undervalued compared with other characteristics. The expression of IEGs such as , c-fos,Egr1 and arc are selectively and promptly upregulated in learning and memory among neuronal subpopulations in regions associated with these processes. Changes in expression in these genes have been observed in recognition, working and fear related memories across the brain. Despite the enormous amount of data supporting changes in their expression during learning and memory and the importance of those cognitive processes in psychiatric conditions, there are very few studies analyzing the direct implication of the IEGs in mental illnesses. In this review, we discuss the role of some of the most relevant IEGs in relation with memory processes affected in psychiatric conditions.","openalex, ieee",llm,0.990,unreviewed,
discarded,Age of Izu--Bonin--Mariana arc basement,Osamu Ishizuka; Rosemary L. Hickey-Vargas; Richard Arculus; Gene M. Yogodzinski; Ivan P. Savov; Yuki Kusano; Anders J. McCarthy; Philipp A. Brandl; Masafumi Sudo,2017,Earth and Planetary Science Letters,10.1016/j.epsl.2017.10.023,https://openalex.org/W2765359368,off-topic-false-hit,"Documenting the early tectonic and magmatic evolution of the Izu–Bonin–Mariana (IBM) arc system in the Western Pacific is critical for understanding the process and cause of subduction initiation along the current convergent margin between the Pacific and Philippine Sea plates. Forearc igneous sections provide firm evidence for seafloor spreading at the time of subduction initiation (52 Ma) and production of “forearc basalt”. Ocean floor drilling (International Ocean Discovery Program Expedition 351) recovered basement-forming, low-Ti tholeiitic basalt crust formed shortly after subduction initiation but distal from the convergent margin (nominally reararc) of the future IBM arc (Amami Sankaku Basin: ASB). Radiometric dating of this basement gives an age range (49.3–46.8 Ma with a weighted average of 48.7 Ma) that overlaps that of basalt in the present-day IBM forearc, but up to 3.3 m.y. younger than the onset of forearc basalt activity. Similarity in age range and geochemical character between the reararc and forearc basalts implies that the ocean crust newly formed by seafloor spreading during subduction initiation extends from fore- to reararc of the present-day IBM arc. Given the age difference between the oldest forearc basalt and the ASB crust, asymmetric spreading caused by ridge migration might have taken place. This scenario for the formation of the ASB implies that the Mesozoic remnant arc terrane of the Daito Ridges comprised the overriding plate at subduction initiation. The juxtaposition of a relatively buoyant remnant arc terrane adjacent to an oceanic plate was more favourable for subduction initiation than would have been the case if both downgoing and overriding plates had been oceanic. • 40 Ar/ 39 Ar dating reveals a 48.7 ± 0.3 Ma age for the basement of the Izu–Bonin–Mariana arc. • The arc basement is oceanic crust formed at or soon after subduction initiation. • A spreading ridge following subduction initiation migrated away from the trench. • Subduction initiation occurred between a remnant arc terrane and ocean crust.","openalex, ieee",llm,0.990,unreviewed,
discarded,The genome of the pear ( Pyrus bretschneideri Rehd.),Jun Wu; Zhiwen Wang; Zebin Shi; Shu Zhang; Ray Ming; Shilin Zhu; Muhammad Awais Khan; Shutian Tao; Schuyler S. Korban; Hao Wang; Nancy J. Chen; Takeshi Nishio; Xun Xu; Lin Cong; Kaijie Qi; Xiaosan Huang; Yingtao Wang; Xiang Zhao; Juyou Wu; Cao Deng; Caiyun Gou; Weili Zhou; Hao Yin; Gaihua Qin; Yuhui Sha; Ye Tao; Hui Chen; Ya-Nan Yang; Yue Song; Dongliang Zhan; Juan Wang; Leiting Li; Meisong Dai; Chao Gu; Yuezhi Wang; Daihu Shi; Xiaowei Wang; Huping Zhang; Liang Zeng; Danman Zheng; Chunlei Wang; Maoshan Chen; Guangbiao Wang; Lin Xie; Valpuri Sovero; Shoufeng Sha; Wenjiang Huang; Shujun Zhang; Mingyue Zhang; Jiangmei Sun; Lin-Lin Xu; Yuan Li; Xing Liu; Qingsong Li; Jiahui Shen; Junyi Wang; Robert E. Paull; Jeffrey L. Bennetzen; Jun Wang; Shaoling Zhang,2012,Genome Research,10.1101/gr.144311.112,https://openalex.org/W2100362302,off-topic-false-hit,"The draft genome of the pear (Pyrus bretschneideri) using a combination of BAC-by-BAC and next-generation sequencing is reported. A 512.0-Mb sequence corresponding to 97.1% of the estimated genome size of this highly heterozygous species is assembled with 194× coverage. High-density genetic maps comprising 2005 SNP markers anchored 75.5% of the sequence to all 17 chromosomes. The pear genome encodes 42,812 protein-coding genes, and of these, ~28.5% encode multiple isoforms. Repetitive sequences of 271.9 Mb in length, accounting for 53.1% of the pear genome, are identified. Simulation of eudicots to the ancestor of Rosaceae has reconstructed nine ancestral chromosomes. Pear and apple diverged from each other ~5.4-21.5 million years ago, and a recent whole-genome duplication (WGD) event must have occurred 30-45 MYA prior to their divergence, but following divergence from strawberry. When compared with the apple genome sequence, size differences between the apple and pear genomes are confirmed mainly due to the presence of repetitive sequences predominantly contributed by transposable elements (TEs), while genic regions are similar in both species. Genes critical for self-incompatibility, lignified stone cells (a unique feature of pear fruit), sorbitol metabolism, and volatile compounds of fruit have also been identified. Multiple candidate SFB genes appear as tandem repeats in the S-locus region of pear; while lignin synthesis-related gene family expansion and highly expressed gene families of HCT, C3'H, and CCOMT contribute to high accumulation of both G-lignin and S-lignin. Moreover, alpha-linolenic acid metabolism is a key pathway for aroma in pear fruit.","openalex, ieee",llm,0.990,unreviewed,
kept,Arithmetic on the EDSAC,M.V. Wilkes,1997,IEEE Annals of the History of Computing,10.1109/85.560726,https://ieeexplore.ieee.org/document/560726/,supports-claim,"The Electronic Delay Storage Automatic Calculator (EDSAC) was a serial binary computer with an ultrasonic delay memory. It was designed and built at the University of Cambridge in England. Work on the project started at the end of 1946, and the machine began to work in May 1949. The paper describes how the programmer handled fixed point arithmetic and emphasizes the merits of having a double length accumulator.","openalex, ieee",llm,0.950,unreviewed,
discarded,Programming without Programming Languages New Graphic Polyglot Concept of Programming,Igor Velbitskiy,2016,2016 6th International Conference on IT Convergence and Security (ICITCS),10.1109/ICITCS.2016.7740364,https://ieeexplore.ieee.org/document/7740364/,adjacent-subtopic,"The problems of IT convergence and security have arisen due to the complexity of the existing programming concepts. In this paper, for the first time since 1947 it is proposed to use a simpler and mathematically more rigorous concept of programming with the graphs loaded only through horizontal arcs. Such graph is a polyglot, it has ISO 8631:1989 certificate, and the single can be used along the entire lifecycle of programming process and working on a computer. To record a program in the new concept does not require programming languages. The new concept has HUNDREDS(!) times better characteristics from the standpoint of program compactness, memory use, promptness of entering and execution. Processes of designing the algorithms and software, processes of programming, evidence of correctness and self-documenting of software projects are significantly simplified, improved and accelerated. For the first time programming receives a rigorous mathematical basis (culture), wherein natural succession of the best practices in programming (OOP, AOP, WEB, CLOUD etc.) and, above all, continuity of the program libraries are ensured. The larger and the more logically complex is the program project, the greater is the effect of applying the new polyglot- concept. The new concept is so simple that it makes it possible to program for ANYONE, not just for programmers. This article describes the history of development and proving of the new polyglot concept of programming, its description, advantages, implemented graphical programming environment, and perspectives for application.","openalex, ieee",llm,0.840,unreviewed,
discarded,Comparative Analysis of Data Compression and Communication Algorithms,Andrew D'Arms; Lexi Dunsmore; Samuel Ferguson; Samuel Richards; Yousef Fazea,2024,"2024 7th International Conference on Internet Applications, Protocols, and Services (NETAPPS)",10.1109/NETAPPS63333.2024.10823593,https://ieeexplore.ieee.org/document/10823593/,adjacent-subtopic,"Efficient data compression methods are critical for optimizing storage, accelerating data transfer, and improving system performance. This study gives a comprehensive comparison of three data compression algorithms: Run-Length Encoding (RLE), Lempel-Ziv-Welch (LZW), and Burrows-Wheeler Transform (BWT). Each technique was assessed in terms of time efficiency, geographical complexity, and feasibility. According to our findings, LZW typically outperforms other approaches, although RLE and BWT perform very well in some cases. We thoroughly evaluate each algorithm to identify its merits, limitations, and potential areas for development.","openalex, ieee",llm,0.980,unreviewed,
discarded,New Graphic Polyglot Concept of Programming,Igor Velbitskiy; Gary Ushakov,2016,2016 IEEE 40th Annual Computer Software and Applications Conference (COMPSAC),10.1109/COMPSAC.2016.160,https://ieeexplore.ieee.org/document/7552195/,adjacent-subtopic,"For the first time since 1947 it is proposed to use a simpler and mathematically more rigorous concept of programming with the graphs loaded only through horizontal arcs. Such graph is a polyglot, it has ISO 8631:1989 certificate, and can be used along the entire lifecycle of programming process and working on a computer. The new concept has HUNDREDS(!) times better characteristics from the standpoint of program compactness, memory use, promptness of entering and execution. Processes of designing the algorithms and software, processes of programming, evidence of correctness and self-documenting of software projects are significantly simplified, improved and accelerated. For the first time programming receives a rigorous mathematical basis (culture), wherein natural succession of the best practices in programming (OOP, AOP, WEB, CLOUD etc.) and, above all, continuity of the program libraries are ensured. The larger and the more logically complex is the program project, the greater is the effect of applying the new polyglot-concept. The new concept is so simple that it makes it possible to program for ANYONE, not just for programmers. This article describes the history of development and proving of the new polyglot concept of programming, its description, advantages, implemented graphical programming environment, and perspectives for application.","openalex, ieee",llm,0.840,unreviewed,
discarded,Programming into graphs of a new generation and the single graphical shell for all languages,Igor Velbitskiy,2015,2015 Computer Science and Information Technologies (CSIT),10.1109/CSITechnol.2015.7358261,https://ieeexplore.ieee.org/document/7358261/,adjacent-subtopic,"Programming into graphs of a new generation offers not to write, but to draw the programs throughout their entire lifetime using the graphs from mathematics in which only horizontal arcs are loaded (ISO 8631:1989). Drawing is easier and faster, especially for the touch screen. All the traditional (since 1947) machine-oriented operators like if, for, while, repeat, case, goto, and labels and brackets like begin-end are excluded from programming. They became outdated. They are too many, complicated, empirical (not strictly defined) and low capacious for a human, and provide a primitive mechanical technology of programming. To neutralize their drawbacks a human makes much efforts creating a huge amount of languages, systems and programming environments that are ""supposedly easier,"" but in fact divide the specialists and make programming extremely complicated, not evolutional and inaccessible to many people. Instead of all these things, the only one (mathematically rigorous) graphical and human-oriented entity (R-scheme) is offered. In average, less than one (less than 0.2) click on mouth button or the keyboard is required for entering this entity to a machine. As a result, up to 60% of superfluous symbols, keywords, punctuation marks, typographic symbols etc. are excluded from the traditional program. Graphics program in R-schemes is 100 or more times compact and incomparably more visual compared with the traditionally recorded programs. Consequently, the process of programming is simplified, accelerated and improved repeatedly, has a proof of correctness, self-documentation and documentation of motivation of the decisions made, mathematical derivation and automatic generation of the programs and tests for these programs. Continuity with in the first place of program libraries is maintained. New horizons of industrial development of the large programs are open. For the first time programming receives the mathematical basis (culture) and becomes accessible to everyone, but not only to the computer programmers.","openalex, ieee",llm,0.840,unreviewed,
discarded,Gaussian Approximation-Based Lossless Compression of Smart Meter Readings,Alsharif Abuadbba; Ibrahim Khalil; Xinghuo Yu,2018,IEEE Transactions on Smart Grid,10.1109/TSG.2017.2679111,https://ieeexplore.ieee.org/document/7873355/,off-topic-false-hit,"Automation metering services, load forecasting, and energy feedback are among the great benefits of smart meters. These meters are usually connected using Narrowband power line communication to transmit the collected waveform readings. The huge volume of these streams, the limited-bandwidth, energy, and required storage space pose a unique management challenge. Compression of these streams has a significant opportunity to solve these issues. Therefore, this paper proposes a new lossless smart meter readings compression algorithm. The uniqueness is in representing smart meter streams using few parameters. This is effectively achieved using Gaussian approximation based on dynamic-nonlinear learning technique. The margin space between the approximated and the actual readings is measured. The significance is that the compression will be only for margin space limited points rather than the entire stream of readings. The margin space values are then encoded using burrow-wheeler transform followed by move-to-front and run-length to eliminate the redundancy. Entropy encoding is finally applied. Both mathematical and empirical experiments have been thoroughly conducted to prove the significant enhancement of the entropy (i.e., almost reduced by half) and the resultant compression ratio (i.e., 3.8:1) which is higher than any known lossless algorithm in this domain.","openalex, ieee",llm,0.980,unreviewed,
discarded,Series DC Arc Fault Detection in DC Microgrids Based on Distributed Unknown Input Observers,Ge Yang; Lalit Kishore Marepalli; Luis Herrera; Xiu Yao,2024,IEEE Transactions on Transportation Electrification,10.1109/TTE.2023.3318430,https://ieeexplore.ieee.org/document/10262374/,adjacent-subtopic,"Series dc arc faults detection in large-scale dc microgrids can be challenging due to high frequency noise crosstalk and large computational load. This article proposes a distributed unknown input observer (UIO) scheme to detect series arc faults in large-scale dc microgrids. The microgrid network is divided into subsystems and modeled as linear systems using graph information and oriented incidence matrix. The inputs to each subsystem are loads and sources, and interconnections between neighboring subsystems. The series dc arc fault is modeled as a disturbance that can occur at different lines and subsystems. To detect various line faults, a set of distributed UIOs is developed for each line. An optimization method is then used to compute the observer gain and threshold using linear matrix inequalities. The proposed UIOs are validated through simulation and experimental case studies. The results demonstrate that the proposed filters can effectively detect and locate dc arc faults in large-scale dc microgrids with multiple zones.","openalex, ieee",llm,0.980,unreviewed,
discarded,Parallel lossless compression of color-mapped images,Basar Koc; Ziya Arnavut; Huseyin Kocak,2013,2013 High Capacity Optical Networks and Emerging/Enabling Technologies,10.1109/HONET.2013.6729771,https://ieeexplore.ieee.org/document/6729771/,adjacent-subtopic,"The pseudo-distance technique (PDT) in lossless compression of color-mapped images has proved to be effective. We showed previously that by utilizing the PDT along with the Burrows-Wheeler transformation and an entropy coder, we obtained better compression gain than other well-known generic image compressors e.g. Portable Network Graphics (PNG). Most of these techniques have been designed as sequential image compression algorithms. In this paper, we propose a method for the PDT which allows to the parallelization of the PDT and reduces the compression time significantly.","openalex, ieee",llm,0.970,unreviewed,
