status,title,authors,year,venue,doi,url,tags,abstract,provider,decision_source,llm_confidence,llm_review_outcome,llm_change_direction,paper_id
discarded,Teaching Machines to Code: Smart Contract Translation with LLMs,Rabimba Karanjai; Lei Xu; Weidong Shi,2024,cs.SE,10.1145/3664646.3664771,http://arxiv.org/abs/2403.09740v1,off-topic-false-hit,"The advent of large language models (LLMs) has marked a significant milestone in the realm of artificial intelligence, with their capabilities often matching or surpassing human expertise in various domains. Among these achievements, their adeptness in translation tasks stands out, closely mimicking the intricate and preliminary processes undertaken by human translators to ensure the fidelity and quality of the translated content. Despite the advancements in utilizing LLMs for translating programming code across different languages, the domain of smart contract translation, particularly into languages not previously encountered by the LLM, remains largely unexplored. In our research, we present a pioneering approach, SolMover, which harnesses the synergy of two distinct LLMs within a unified framework. This framework is designed to grasp coding principles and apply this understanding to the translation of code into an unfamiliar language. Our study delves into the capacity of LLMs to mimic human learning processes, offering an in-depth evaluation of our methodology for converting smart contracts written in Solidity to Move, a language with limited resources. The framework employs one LLM to decipher coding conventions for the new language, creating a blueprint for the second LLM, which, lacking planning abilities, possesses coding expertise. The empirical evidence from our experiments suggests that SolMover substantially enhances performance compared to gpt-3.5-turbo-1106, and achieves superior results over competitors such as Palm2 and Mixtral-8x7B-Instruct. Additionally, our analysis highlights the efficacy of our bug mitigation strategy in elevating code quality across all models, even outside the SolMover framework.",arxiv,llm,0.980,unreviewed,,doi:10.1145/3664646.3664771
discarded,Human-AI Synergy in Agentic Code Review,Suzhen Zhong; Shayan Noei; Ying Zou; Bram Adams,2026,cs.SE,10.48550/arXiv.2603.15911,http://arxiv.org/abs/2603.15911v1,off-topic-false-hit,"Code review is a critical software engineering practice where developers review code changes before integration to ensure code quality, detect defects, and improve maintainability. In recent years, AI agents that can understand code context, plan review actions, and interact with development environments have been increasingly integrated into the code review process. However, there is limited empirical evidence to compare the effectiveness of AI agents and human reviewers in collaborative workflows. To address this gap, we conduct a large-scale empirical analysis of 278,790 code review conversations across 300 open-source GitHub projects. In our study, we aim to compare the feedback differences provided by human reviewers and AI agents. We investigate human-AI collaboration patterns in review conversations to understand how interaction shapes review outcomes. Moreover, we analyze the adoption of code suggestions provided by human reviewers and AI agents into the codebase and how adopted suggestions change code quality. We find that human reviewers provide additional feedback than AI agents, including understanding, testing, and knowledge transfer. Human reviewers exchange 11.8% more rounds when reviewing AI-generated code than human-written code. Moreover, code suggestions made by AI agents are adopted into the codebase at a significantly lower rate than suggestions proposed by human reviewers. Over half of unadopted suggestions from AI agents are either incorrect or addressed through alternative fixes by developers. When adopted, suggestions provided by AI agents produce significantly larger increases in code complexity and code size than suggestions provided by human reviewers. Our findings suggest that while AI agents can scale defect screening, human oversight remains critical for ensuring suggestion quality and providing contextual feedback that AI agents lack.",arxiv,llm,0.960,unreviewed,,doi:10.48550/arxiv.2603.15911
discarded,Feature-Guided Analysis of Neural Networks,"Gopinath, Divya; Lungeanu, Luca; Mangal, Ravi; Pasareanu, Corina; Xie, Siqi; Yu, Huafeng",2023,"FUNDAMENTAL APPROACHES TO SOFTWARE ENGINEERING, FASE 2023",10.1007/978-3-031-30826-0_7,https://www.webofscience.com/wos/woscc/full-record/WOS:001284136600007,off-topic-false-hit,"Applying standard software engineering practices to neural networks is challenging due to the lack of high-level abstractions describing a neural network's behavior. To address this challenge, we propose to extract high-level task-specific features from the neural network internal representation, based on monitoring the neural network activations. The extracted feature representations can serve as a link to high-level requirements and can be leveraged to enable fundamental software engineering activities, such as automated testing, debugging, requirements analysis, and formal verification, leading to better engineering of neural networks. Using two case studies, we present initial empirical evidence demonstrating the feasibility of our ideas.",wos,llm,0.990,unreviewed,,doi:10.1007/978-3-031-30826-0_7
discarded,Quality Evaluation of Modern Code Reviews Through Intelligent Biometric Program Comprehension,Haytham Hijazi; João Durães; Ricardo Couceiro; João Castelhano; Raul Barbosa; Júlio Medeiros; Miguel Castelo‐Branco; P. Carvalho; Henrique Madeira,2022,IEEE Transactions on Software Engineering,10.1109/tse.2022.3158543,https://openalex.org/W4226423392,off-topic-false-hit,"Code review is an essential practice in software engineering to spot code defects in the early stages of software development. Modern code reviews (e.g., acceptance or rejection of pull requests with Git) have become less formal than classic Fagan's inspections, lightweight, and more reliant on individuals (i.e., reviewers). However, reviewers may encounter mentally demanding challenges during the code review, such as code comprehension difficulties or distractions that might affect the code review quality. This work proposes a novel approach that evaluates the quality of code reviews in terms of bug-finding effectiveness and provides the reviewers with a clear message of whether the review should be repeated, indicating the code regions that may not have been well-reviewed. The proposed approach utilizes biometric information collected from the reviewer during the review process using non-intrusive biofeedback devices (e.g., smartwatches). Biometric measures such as Heart Rate Variability (HRV) and task-evoked pupillary response are captured as a surrogate of the cognitive state of the reviewer (e.g., mental workload) and inexpensive desktop eye-trackers compatible with the software development settings. This work uses Artificial Intelligence techniques to predict the cognitive load from the extracted biomarkers and classify each code region according to a set of features. The final evaluation considers various factors such as code complexity, time of the code review, the experience level of the reviewer, and other factors. Our experimental results show the approach could predict the review quality with 87.77%±4.65 accuracy and a Spearman correlation coefficient of 0.85 (p-value < 0.001) between the predicted and the actual review performance. This evaluation validates the cognitive load measurement using electroencephalography (EEG) signals as ground truth for the HRV and pupil signals.",openalex,llm,0.930,unreviewed,,doi:10.1109/tse.2022.3158543
discarded,From Code Complexity Metrics to Program Comprehension,Dror G. Feitelson,2023,Communications of the ACM,10.1145/3546576,https://openalex.org/W4366728571,qualifies-claim,Understanding code depends not only on the code but also on the brain.,openalex,llm,0.700,unreviewed,,doi:10.1145/3546576
discarded,Collaborative program comprehension via software visualization in extended reality,Alexander Krause-Glau; Malte Hansen; Wilhelm Hasselbring,2022,Information and Software Technology,10.1016/j.infsof.2022.107007,https://openalex.org/W4285404765,off-topic-false-hit,"In software visualization research, various approaches strive to create immersive environments by employing extended reality devices. In that context, only few research has been conducted on the effect of collaborative, i.e., multi-user, extended reality environments. We present our journey toward a web-based approach to enable (location-independent) collaborative program comprehension using desktop, virtual reality, and mobile augmented reality devices. We designed and implemented three multi-user modes in our web-based live trace visualization tool ExplorViz. Users can employ desktop, mobile, and virtual reality devices to collaboratively explore software visualizations. We conducted two preliminary user studies in which subjects evaluated our VR and AR modes after solving common program comprehension tasks. The VR and AR environments can be suitable for collaborative work in the context of program comprehension. The analyzed feedback revealed problems regarding the usability, e.g., readability of visualized entities and performance issues. Nonetheless, our approach can be seen as a blueprint for other researchers to replicate or build upon these modes and results. ExplorViz’s multi-user modes are our approach to enable heterogeneous collaborative software visualizations. The preliminary results indicate the need for more research regarding effectiveness, usability, and acceptance. Unlike related work, we approach the latter by introducing a multi-user augmented reality environment for software visualizations based on off-the-shelf mobile devices.",openalex,llm,0.920,unreviewed,,doi:10.1016/j.infsof.2022.107007
discarded,Supporting Multiple Program Comprehension Strategies During Software Maintenance,Susan Elliott Sim,1998,Library and Archives Canada (Government of Canada),,https://openalex.org/W103261664,off-topic-false-hit,grantor: University of Toronto,openalex,llm,0.940,unreviewed,,hash:f9a374f46de1c7bb
discarded,Framework for measuring program comprehension,Janet Siegmund,2012,Digitalen Hochschulbibliothek Sachsen-Anhalt (Universitäts- und Landesbibliothek Sachsen-Anhalt),10.25673/3877,https://openalex.org/W2896615772,qualifies-claim,"how background colors speed up program comprehension in terms of locating code fragments.Furthermore, we evaluate whether a claimed benefit for program comprehension, which is separation of code along features, really improves program comprehension.",openalex,llm,0.770,unreviewed,,doi:10.25673/3877
discarded,Software landscape and application visualization for system comprehension with ExplorViz,Florian Fittkau; Alexander Krause; Wilhelm Hasselbring,2016,Information and Software Technology,10.1016/j.infsof.2016.07.004,https://openalex.org/W2500543712,adjacent-subtopic,"Context: The number of software applications deployed in organizations is constantly increasing. Those applications – often several hundreds – form large software landscapes. Objective: The comprehension of such landscapes and their applications is often impeded by, for instance, architectural erosion, personnel turnover, or changing requirements. Therefore, an efficient and effective way to comprehend such software landscapes is required. Method: In our ExplorViz visualization, we introduce hierarchical abstractions aiming at solving system comprehension tasks fast and accurately for large software landscapes. Besides hierarchical visualization on the landscape level, ExplorViz provides multi-level visualization from the landscape to the level of individual applications. The 3D application-level visualization is empirically evaluated with a comparison to the Extravis approach, with physical models and in virtual reality. To evaluate ExplorViz, we conducted four controlled experiments. We provide packages containing all our experimental data to facilitate the verifiability, reproducibility, and further extensibility of our results. Results: We observed a statistical significant increase in task correctness of the hierarchical visualization compared to the flat visualization. The time spent did not show any significant differences. For the comparison with Extravis, we observed that solving program comprehension tasks using ExplorViz leads to a significant increase in correctness and in less or similar time spent. The physical models improved the team-based program comprehension process for specific tasks by initiating gesture-based interaction, but not for all tasks. The participants of our virtual reality experiment with ExplorViz rated the realized gestures for translation, rotation, and selection as highly usable. However, our zooming gesture was less favored. Conclusion: The results backup our claim that our hierarchical and multi-level approach enhances the current state of the art in landscape and application visualization for better software system comprehension, including new forms of interaction with physical models and virtual reality.",openalex,llm,0.840,unreviewed,,doi:10.1016/j.infsof.2016.07.004
discarded,Experimental investigations of the utility of detailed flowcharts in programming,Ben Shneiderman; Richard E. Mayer; Don McKay; P.N. Heller,1977,Communications of the ACM,10.1145/359605.359610,https://openalex.org/W2054922473,qualifies-claim,"This paper describes previous research on flowcharts and a series of controlled experiments to test the utility of detailed flowcharts as an aid to program composition, comprehension, debugging, and modification. No statistically significant difference between flowchart and nonflowchart groups has been shown, thereby calling into question the utility of detailed flowcharting. A program of further research is suggested.",openalex,llm,0.940,unreviewed,,doi:10.1145/359605.359610
discarded,Comprehensibility of system models during test design: a controlled experiment comparing UML activity diagrams and state machines,Michael Felderer; Andrea Herrmann,2018,Software Quality Journal,10.1007/s11219-018-9407-9,https://openalex.org/W2800064293,off-topic-false-hit,"UML activity diagrams and state machines are both used for modeling system behavior from the user perspective and are frequently the basis for deriving system test cases. In practice, system test cases are often derived manually from UML activity diagrams or state machines. For this task, comprehensibility of respective models is essential and a relevant question for practice to support model selection and design, as well as subsequent test derivation. Therefore, the objective of this paper is to compare the comprehensibility of UML activity diagrams and state machines during manual test case derivation. We investigate the comprehensibility of UML activity diagrams and state machines in a controlled student experiment. Three measures for comprehensibility have been investigated: (1) the self-assessed comprehensibility, (2) the actual comprehensibility measured by the correctness of answers to comprehensibility questions, and (3) the number of errors made during test case derivation. The experiment was performed and internally replicated with overall 84 participants divided into three groups at two institutions. Our experiment indicates that activity diagrams are more comprehensible but also more error-prone with regard to manual test case derivation and discusses how these results can improve system modeling and test case design.",openalex,llm,0.980,unreviewed,,doi:10.1007/s11219-018-9407-9
discarded,"Replication of Studies in Empirical Software Engineering: A Systematic Mapping Study, From 2013 to 2018",Margarita Cruz; Beatriz Bernárdez; Amador Durán; José Á. Galindo; Antonio Ruiz–Cortés,2019,IEEE Access,10.1109/access.2019.2952191,https://openalex.org/W2988548898,off-topic-false-hit,"Context: In any discipline, replications of empirical studies are necessary to consolidate the acquired knowledge. In Software Engineering, replications have been reported since the 1990s, although their number is still small. The difficulty in publishing, the lack of guidelines, and the unavailability of replication packages are pointed out by the community as some of the main causes. Objective: Understanding the current state of replications in Software Engineering studies by evaluating current trends and evolution during the last 6 years. Method: A Systematic Mapping Study including articles published in the 2013-2018 period that report at least one replication of an empirical study in Software Engineering. Results: 137 studies were selected and analysed, identifying: i) forums; ii) authors, co-authorships and institutions; iii) most cited studies; iv) research topics addressed; v) empirical methods used; vi) temporal distribution of publications; and vii) distribution of studies according to research topics and empirical methods. Conclusions: According to our results, the most relevant forums are the Empirical Software Engineering and Information and Software Technology journals, and the Empirical Software Engineering and Measurement conference. We observed that, as in previous reviews by other researchers, most of the studies were carried out by European institutions, especially Italian, Spanish, and German researchers and institutions. The studies attracting more citations were published mainly in journals and in the International Conference on Software Engineering. Testing, requirements, and software construction were the most frequent topics of replication studies, whereas the usual empirical method was the controlled experiment. On the other hand, we identified research gaps in areas such as software engineering process, software configuration management, and software engineering economics. When analysed together with previous reviews, there is a clear increasing trend in the number of published replications in the 2013-2018 period.",openalex,llm,0.960,unreviewed,,doi:10.1109/access.2019.2952191
discarded,First Things First,James Prather; Raymond Pettit; Brett A. Becker; Paul Denny; Dastyni Loksa; Alani Peters; Zachary Albrecht; Krista Masci,2019,,10.1145/3287324.3287374,https://openalex.org/W2916601118,off-topic-false-hit,"When solving programming problems, novices are often not aware of where they are in the problem-solving process. For instance, students who misinterpret the problem prompt will most likely not form a valid conceptual model of the task and fail to make progress towards a working solution. Avoiding such errors, and recovering from them once they occur, requires metacognitive skills that enable students to reflect on their problem-solving processes. For these reasons, developing metacognitive awareness is crucially important for novice students. Previous research has shown that explicitly teaching key steps of programming problem-solving, and having students reflect on where they are in the problem-solving process, can help students complete future programming assignments. Such metacognitive awareness training can be done through personal tutoring, but can be difficult to implement without a high ratio of instructors to students. We explore a more scalable approach, making use of an automated assessment tool, and conduct a controlled experiment to see whether scaffolding the problem-solving process would increase metacognitive awareness and improve student performance. We collected all code submissions by students in both control and experimental groups, as well as data from direct observation using a think-aloud protocol. We found that students who received the intervention showed a higher degree of understanding of the problem prompt and were more likely to complete the programming task successfully.",openalex,llm,0.920,unreviewed,,doi:10.1145/3287324.3287374
