status,title,authors,year,venue,doi,url,tags,abstract,provider,decision_source,llm_confidence,llm_review_outcome,llm_change_direction,paper_id
discarded,Effect of interfacial microstructure on TiAl-Ti3Al biphase alloy was studied via molecular dynamics,Zheng M.,2025,Applied Physics A Materials Science and Processing,10.1007/s00339-024-08173-4,https://www.scopus.com/inward/record.uri?partnerID=HzOxMe3b&scp=85212585095&origin=inward,off-topic-false-hit,,scopus,llm,0.960,unreviewed,,doi:10.1007/s00339-024-08173-4
discarded,Molecular dynamics simulation to investigate effect of deformation of copper-based graphene for continuous/adjacent indentation,Zhang J.,2024,Materials Today Communications,10.1016/j.mtcomm.2024.110642,https://www.scopus.com/inward/record.uri?partnerID=HzOxMe3b&scp=85205592646&origin=inward,off-topic-false-hit,,scopus,llm,0.970,unreviewed,,doi:10.1016/j.mtcomm.2024.110642
discarded,Effect of crystallographic orientation on the deformation and mechanical behavior of CoCrFeNi in Berkovich nanoindentation,Zhu F.,2024,Materials Science and Engineering A,10.1016/j.msea.2024.147106,https://www.scopus.com/inward/record.uri?partnerID=HzOxMe3b&scp=85201632777&origin=inward,off-topic-false-hit,,scopus,llm,0.970,unreviewed,,doi:10.1016/j.msea.2024.147106
discarded,Leveraging Visual Rhetoric in Python Programming: Enhancing Technical Communication Through Pedagogical Strategies and Design Principles,Al-Hassan M.A.,2024,Proceedings of the 42nd ACM International Conference on Design of Communication SIGDOC 2024,10.1145/3641237.3691692,https://www.scopus.com/inward/record.uri?partnerID=HzOxMe3b&scp=85212200262&origin=inward,off-topic-false-hit,,scopus,llm,0.460,unreviewed,,doi:10.1145/3641237.3691692
discarded,Evolving the Whale Optimization Algorithm: The Development and Analysis of MISWOA,Li C.,2024,Biomimetics,10.3390/biomimetics9100639,https://www.scopus.com/inward/record.uri?partnerID=HzOxMe3b&scp=85207672081&origin=inward,off-topic-false-hit,,scopus,llm,0.990,unreviewed,,doi:10.3390/biomimetics9100639
discarded,Machining mechanism and residual stress of AlCuCrFeNi alloy,Nguyen H.G.,2024,International Journal of Mechanical Sciences,10.1016/j.ijmecsci.2024.109429,https://www.scopus.com/inward/record.uri?partnerID=HzOxMe3b&scp=85194711171&origin=inward,off-topic-false-hit,,scopus,llm,0.990,unreviewed,,doi:10.1016/j.ijmecsci.2024.109429
discarded,Nanomechanical characterization of BiFeO3 ferroelectric ceramics,Žiberna K.,2024,Journal of the European Ceramic Society,10.1016/j.jeurceramsoc.2024.05.011,https://www.scopus.com/inward/record.uri?partnerID=HzOxMe3b&scp=85192757698&origin=inward,off-topic-false-hit,,scopus,llm,0.990,unreviewed,,doi:10.1016/j.jeurceramsoc.2024.05.011
discarded,Photomodulation of the Mechanical Properties and Photo-Actuation of Chitosan-Based Thin Films Modified with an Azobenzene-Derivative,von Seggern N.,2024,Small,10.1002/smll.202308939,https://www.scopus.com/inward/record.uri?partnerID=HzOxMe3b&scp=85178488796&origin=inward,off-topic-false-hit,,scopus,llm,0.990,unreviewed,,doi:10.1002/smll.202308939
discarded,Meso-mechanics of packed C-S-H colloids by nanoindentation: A coarse-grained molecular dynamics study,Kai M.F.,2024,Construction and Building Materials,10.1016/j.conbuildmat.2024.135856,https://www.scopus.com/inward/record.uri?partnerID=HzOxMe3b&scp=85188421960&origin=inward,off-topic-false-hit,,scopus,llm,0.990,unreviewed,,doi:10.1016/j.conbuildmat.2024.135856
kept,A metric for software readability,Raymond P.L. Buse; Westley Weimer,2008,,10.1145/1390630.1390647,https://openalex.org/W1981108270,supports-claim,"In this paper, we explore the concept of code readability and investigate its relation to software quality. With data collected from human annotators, we derive associations between a simple set of local code features and human notions of readability. Using those features, we construct an automated readability measure and show that it can be 80% effective, and better than a human on average, at predicting readability judgments. Furthermore, we show that this metric correlates strongly with two traditional measures of software quality, code changes and defect reports. Finally, we discuss the implications of this study on programming language design and engineering practice. For example, our data suggests that comments, in of themselves, are less important than simple blank lines to local judgments of readability.",openalex,llm,0.990,unreviewed,,doi:10.1145/1390630.1390647
discarded,"Metrics for evaluating 3D medical image segmentation: analysis, selection, and tool",Abdel Aziz Taha; Allan Hanbury,2015,BMC Medical Imaging,10.1186/s12880-015-0068-x,https://openalex.org/W1909740415,off-topic-false-hit,"BACKGROUND: Medical Image segmentation is an important image processing step. Comparing images to evaluate the quality of segmentation is an essential part of measuring progress in this research area. Some of the challenges in evaluating medical segmentation are: metric selection, the use in the literature of multiple definitions for certain metrics, inefficiency of the metric calculation implementations leading to difficulties with large volumes, and lack of support for fuzzy segmentation by existing metrics. RESULT: First we present an overview of 20 evaluation metrics selected based on a comprehensive literature review. For fuzzy segmentation, which shows the level of membership of each voxel to multiple classes, fuzzy definitions of all metrics are provided. We present a discussion about metric properties to provide a guide for selecting evaluation metrics. Finally, we propose an efficient evaluation tool implementing the 20 selected metrics. The tool is optimized to perform efficiently in terms of speed and required memory, also if the image size is extremely large as in the case of whole body MRI or CT volume segmentation. An implementation of this tool is available as an open source project. CONCLUSION: We propose an efficient evaluation tool for 3D medical image segmentation using 20 evaluation metrics and provide guidelines for selecting a subset of these metrics that is suitable for the data and the segmentation task.",openalex,llm,0.990,unreviewed,,doi:10.1186/s12880-015-0068-x
discarded,"FQC Dashboard: integrates FastQC results into a web-based, interactive, and extensible FASTQ quality control tool",Joseph Brown; Meg Pirrung; Lee Ann McCue,2017,Bioinformatics,10.1093/bioinformatics/btx373,https://openalex.org/W2623802615,off-topic-false-hit,"Summary: FQC is software that facilitates quality control of FASTQ files by carrying out a QC protocol using FastQC, parsing results, and aggregating quality metrics into an interactive dashboard designed to richly summarize individual sequencing runs. The dashboard groups samples in dropdowns for navigation among the data sets, utilizes human-readable configuration files to manipulate the pages and tabs, and is extensible with CSV data. Availability and Implementation: FQC is implemented in Python 3 and Javascript, and is maintained under an MIT license. Documentation and source code is available at: https://github.com/pnnl/fqc . Contact: joseph.brown@pnnl.gov.",openalex,llm,0.950,unreviewed,,doi:10.1093/bioinformatics/btx373
kept,A simpler model of software readability,Daryl Posnett; Abram Hindle; Prémkumar Dévanbu,2011,,10.1145/1985441.1985454,https://openalex.org/W2043662475,qualifies-claim,"Software readability is a property that influences how easily a given piece of code can be read and understood. Since readability can affect maintainability, quality, etc., programmers are very concerned about the readability of code. If automatic readability checkers could be built, they could be integrated into development tool-chains, and thus continually inform developers about the readability level of the code. Unfortunately, readability is a subjective code property, and not amenable to direct automated measurement. In a recently published study, Buse et al. asked 100 participants to rate code snippets by readability, yielding arguably reliable mean readability scores of each snippet; they then built a fairly complex predictive model for these mean scores using a large, diverse set of directly measurable source code properties. We build on this work: we present a simple, intuitive theory of readability, based on size and code entropy, and show how this theory leads to a much sparser, yet statistically significant, model of the mean readability scores produced in Buse's studies. Our model uses well-known size metrics and Halstead metrics, which are easily extracted using a variety of tools. We argue that this approach provides a more theoretically well-founded, practically usable, approach to readability measurement.",openalex,llm,0.960,unreviewed,,doi:10.1145/1985441.1985454
discarded,A New Metric for Code Readability,Rajendar Namani,2012,IOSR Journal of Computer Engineering,10.9790/0661-0664448,https://openalex.org/W2324985893,adjacent-subtopic,"Code readability is very important in software development process. It has relationship with software quality. In this paper we define a new readability metric that can be used to measure the readability of given source code. From senior software engineers we collected some rules and then deduced them into a metric which can be used to measure the readability of code. Moreover we implemented some of the existing readability metrics such as Automated Readability Index (ARI), Gunning's Fox Index (FOG) and SMOG programmatically. The results of these metrics are compared with the each other. We have developed a prototype application that takes source code as input and applies metric. The metric generates readability statistics. The input code is given to 50 software engineers and asked them to provide the percentage of readability of code. The percentage given by them is compared with the proposed application generated statistics. The results revealed that both are closely matching and the proposed metric can be used in the real world applications.",openalex,llm,0.770,unreviewed,,doi:10.9790/0661-0664448
discarded,CLIPScore: A Reference-free Evaluation Metric for Image Captioning,Jack Hessel; Ari Holtzman; Maxwell Forbes; Ronan Le Bras; Yejin Choi,2021,Proceedings of the 2021 Conference on Empirical Methods in Natural Language Processing,10.18653/v1/2021.emnlp-main.595,https://openalex.org/W3153469116,off-topic-false-hit,"Image captioning has conventionally relied on reference-based automatic evaluations, where machine captions are compared against captions written by humans. This is in contrast to the reference-free manner in which humans assess caption quality.",openalex,llm,0.990,unreviewed,,doi:10.18653/v1/2021.emnlp-main.595
discarded,Code Readability: A Review of Metrics for Software Quality,Ankit Pahal; Rajender S. Chillar,2017,International Journal of Computer Trends and Technology,10.14445/22312803/ijctt-v46p101,https://openalex.org/W2712964562,adjacent-subtopic,,openalex,llm,0.830,unreviewed,,doi:10.14445/22312803/ijctt-v46p101
discarded,Analyst Report Readability,Gus De Franco; Ole‐Kristian Hope; Dushyantkumar Vyas; Yibin Zhou,2013,Contemporary Accounting Research,10.1111/1911-3846.12062,https://openalex.org/W3121615672,off-topic-false-hit,"Using an extensive database of 356,463 sell‐side equity analysts' reports from 2002 to 2009, this study is one of the first to analyze the readability of analysts' reports. We first examine the determinants of variations in analyst report readability. Using several proxies for ability, we show that reports are more readable when issued by analysts with higher ability. Second, we test the relation between analysts' report readability and stock trading volume reactions. We find that trading volume reactions increase with the readability of analysts' text, consistent with theoretical models that predict that more precise information (and hence more informative signals) results in investors' initiating trades. These results support the view that the readability of analysts' reports is important to analysts and capital market participants.",openalex,llm,0.990,unreviewed,,doi:10.1111/1911-3846.12062
kept,Improving Source Code Readability: Theory and Practice,Sarah Fakhoury; Devjeet Roy; Sk Adnan Hassan; Vernera Arnaoudova,2019,,10.1109/icpc.2019.00014,https://openalex.org/W2955240862,qualifies-claim,"There are several widely accepted metrics to measure code quality that are currently being used in both research and practice to detect code smells and to find opportunities for code improvement. Although these metrics have been proposed as a proxy of code quality, recent research suggests that more often than not, state-of-the-art code quality metrics do not successfully capture quality improvements in the source code as perceived by developers. More specifically, results show that there may be inconsistencies between, on the one hand, the results from metrics for cohesion, coupling, complexity, and readability, and, on the other hand, the interpretation of these metrics in practice. As code improvement tools rely on these metrics, there is a clear need to identify and resolve the aforementioned inconsistencies. This will allow for the creation of tools that are more aligned with developers' perception of quality, and can more effectively help source code improvement efforts. In this study, we investigate 548 instances of source code readability improvements, as explicitly stated by internal developers in practice, from 63 engineered software projects. We show that current readability models fail to capture readability improvements. We also show that tools to calculate additional metrics, to detect refactorings, and to detect style problems are able to capture characteristics that are specific to readability changes and thus should be considered by future readability models.",openalex,llm,0.860,unreviewed,,doi:10.1109/icpc.2019.00014
discarded,"Sensor Mania! The Internet of Things, Wearable Computing, Objective Metrics, and the Quantified Self 2.0",Melanie Swan,2012,Journal of Sensor and Actuator Networks,10.3390/jsan1030217,https://openalex.org/W2118615835,off-topic-false-hit,"The number of devices on the Internet exceeded the number of people on the Internet in 2008, and is estimated to reach 50 billion in 2020. A wide-ranging Internet of Things (IOT) ecosystem is emerging to support the process of connecting real-world objects like buildings, roads, household appliances, and human bodies to the Internet via sensors and microprocessor chips that record and transmit data such as sound waves, temperature, movement, and other variables. The explosion in Internet-connected sensors means that new classes of technical capability and application are being created. More granular 24/7 quantified monitoring is leading to a deeper understanding of the internal and external worlds encountered by humans. New data literacy behaviors such as correlation assessment, anomaly detection, and high-frequency data processing are developing as humans adapt to the different kinds of data flows enabled by the IOT. The IOT ecosystem has four critical functional steps: data creation, information generation, meaning-making, and action-taking. This paper provides a comprehensive review of the current and rapidly emerging ecosystem of the Internet of Things (IOT).",openalex,llm,0.990,unreviewed,,doi:10.3390/jsan1030217
discarded,Zero-Shot Learning with Semantic Output Codes,Mark Palatucci; Dean Pomerleau; Geoffrey E. Hinton; Tom M. Mitchell,2018,Figshare,10.1184/r1/6476456.v1,https://openalex.org/W2150295085,off-topic-false-hit,"We consider the problem of zero-shot learning, where the goal is to learn a classifier f: X → Y that must predict novel values of Y that were omitted from the training set. To achieve this, we define the notion of a semantic output code classifier (SOC) which utilizes a knowledge base of semantic properties of Y to extrapolate to novel classes. We provide a formalism for this type of classifier and study its theoretical properties in a PAC framework, showing conditions under which the classifier can accurately predict novel classes. As a case study, we build a SOC classifier for a neural decoding task and show that it can often predict words that people are thinking about from functional magnetic resonance images (fMRI) of their neural activity, even without training examples for those words.",openalex,llm,0.980,unreviewed,,doi:10.1184/r1/6476456.v1
discarded,CodeT5: Identifier-aware Unified Pre-trained Encoder-Decoder Models for Code Understanding and Generation,Yue Wang; Weishi Wang; Shafiq Joty; Steven C. H. Hoi,2021,Proceedings of the 2021 Conference on Empirical Methods in Natural Language Processing,10.18653/v1/2021.emnlp-main.685,https://openalex.org/W3198685994,adjacent-subtopic,"Pre-trained models for Natural Languages (NL) like BERT and GPT have been recently shown to transfer well to Programming Languages (PL) and largely benefit a broad set of code-related tasks.Despite their success, most current methods either rely on an encoder-only (or decoder-only) pre-training that is suboptimal for generation (resp.understanding) tasks or process the code snippet in the same way as NL, neglecting the special characteristics of PL such as token types.We present CodeT5, a unified pre-trained encoder-decoder Transformer model that better leverages the code semantics conveyed from the developer-assigned identifiers.Our model employs a unified framework to seamlessly support both code understanding and generation tasks and allows for multi-task learning.Besides, we propose a novel identifier-aware pre-training task that enables the model to distinguish which code tokens are identifiers and to recover them when they are masked.Furthermore, we propose to exploit the user-written code comments with a bimodal dual generation task for better NL-PL alignment.Comprehensive experiments show that CodeT5 significantly outperforms prior methods on understanding tasks such as code defect detection and clone detection, and generation tasks across various directions including PL-NL, NL-PL, and PL-PL.Further analysis reveals that our model can better capture semantic information from code.Our code and pre-trained models are released at https: //github.com/salesforce/CodeT5.",openalex,llm,0.970,unreviewed,,doi:10.18653/v1/2021.emnlp-main.685
discarded,Toward a catalog of software quality metrics for infrastructure code,Stefano Dalla Palma; Dario Di Nucci; Fabio Palomba; Damian A. Tamburri,2020,Journal of Systems and Software,10.1016/j.jss.2020.110726,https://openalex.org/W3041762618,adjacent-subtopic,"Infrastructure-as-code (IaC) is a practice to implement continuous deployment by allowing management and provisioning of infrastructure through the definition of machine-readable files and automation around them, rather than physical hardware configuration or interactive configuration tools. On the one hand, although IaC represents an ever-increasing widely adopted practice nowadays, still little is known concerning how to best maintain, speedily evolve, and continuously improve the code behind the IaC practice in a measurable fashion. On the other hand, source code measurements are often computed and analyzed to evaluate the different quality aspects of the software developed. However, unlike general-purpose programming languages (GPLs), IaC scripts use domain-specific languages, and metrics used for GPLs may not be applicable for IaC scripts. This article proposes a catalog consisting of 46 metrics to identify IaC properties focusing on Ansible, one of the most popular IaC language to date, and shows how they can be used to analyze IaC scripts.",openalex,llm,0.950,unreviewed,,doi:10.1016/j.jss.2020.110726
discarded,A benchmark of gene expression tissue-specificity metrics,Nadezda Kryuchkova-Mostacci; Marc Robinson‐Rechavi,2016,Briefings in Bioinformatics,10.1093/bib/bbw008,https://openalex.org/W2280788332,off-topic-false-hit,"One of the major properties of genes is their expression pattern. Notably, genes are often classified as tissue specific or housekeeping. This property is of interest to molecular evolution as an explanatory factor of, e.g. evolutionary rate, as well as a functional feature which may in itself evolve. While many different methods of measuring tissue specificity have been proposed and used for such studies, there has been no comparison or benchmarking of these methods to our knowledge, and little justification of their use. In this study, we compare nine measures of tissue specificity. Most methods were established for ESTs and microarrays, and several were later adapted to RNA-seq. We analyse their capacity to distinguish gene categories, their robustness to the choice and number of tissues used and their capture of evolutionary conservation signal.",openalex,llm,0.990,unreviewed,,doi:10.1093/bib/bbw008
