status,title,authors,year,venue,doi,url,tags,abstract,provider,decision_source,llm_confidence,llm_review_outcome,llm_change_direction,paper_id
discarded,Sttcnerf: Style Transfer of Neural Radiance Fields for 3d Scene Based on Texture Consistency Constraint,Wudi Chen; Chao Zhang; Cheng Han; Yanjie Ma; Yongqing Cai,2024,2024 IEEE International Conference on Multimedia and Expo (ICME),10.1109/ICME57554.2024.10688223,https://ieeexplore.ieee.org/document/10688223/,off-topic-false-hit,"Neural radiance fields (NeRF) have been successfully applied to many visual tasks. Due to the limitations of traditional style transfer methods in the 3D domain, style transfer methods based on NeRF have emerged. However, existing methods fail to generate stylized images with clear scene textures and high cross-view consistency. Therefore, we design STTCNeRF, a novel method for 3D scene style transfer. We propose a texture consistency loss based on our framework's Merge Net to capture the source textures and inherent consistency, achieving clear and consistent stylized effects. Meanwhile, we propose comprehensive latent style codes as conditional features, remapping them through our proposed Style Net to obtain style vectors conforming to the distributions of 2D stylized images. We utilize the Merge Net to render stylized images that are both reasonable and natural. Extensive experimental results show that STTCNeRF outperforms existing methods in terms of visual perception, image quality and cross-view consistency.",ieee,llm,0.990,unreviewed,,doi:10.1109/icme57554.2024.10688223
discarded,StylizedNeRF: Consistent 3D Scene Stylization as Stylized NeRF via 2D-3D Mutual Learning,Yi-Hua Huang; Yue He; Yu-Jie Yuan; Yu-Kun Lai; Lin Gao,2022,2022 IEEE/CVF Conference on Computer Vision and Pattern Recognition (CVPR),10.1109/CVPR52688.2022.01780,https://ieeexplore.ieee.org/document/9879792/,off-topic-false-hit,"3D scene stylization aims at generating stylized images of the scene from arbitrary novel views following a given set of style examples, while ensuring consistency when rendered from different views. Directly applying methods for image or video stylization to 3D scenes cannot achieve such consistency. Thanks to recently proposed neural radiance fields (NeRF), we are able to represent a 3D scene in a consistent way. Consistent 3D scene stylization can be effectively achieved by stylizing the corresponding NeRF. However, there is a significant domain gap between style examples which are 2D images and NeRF which is an implicit volumetric representation. To address this problem, we propose a novel mutual learning framework for 3D scene stylization that combines a 2D image stylization network and NeRF to fuse the stylization ability of 2D stylization network with the 3D consistency of NeRF. We first pre-train a standard NeRF of the 3D scene to be stylized and replace its color prediction module with a style network to obtain a stylized NeRF. It is followed by distilling the prior knowledge of spatial consistency from NeRF to the 2D stylization network through an introduced consistency loss. We also introduce a mimic loss to supervise the mutual learning of the NeRF style module and fine-tune the 2D stylization decoder. In order to further make our model handle ambiguities of 2D stylization results, we introduce learnable latent codes that obey the probability distributions conditioned on the style. They are attached to training samples as conditional inputs to better learn the style module in our novel stylized NeRF. Experimental results demonstrate that our method is superior to existing approaches in both visual quality and long-range consistency.",ieee,llm,0.990,unreviewed,,doi:10.1109/cvpr52688.2022.01780
discarded,Cross-Domain Adversarial Autoencoder for Fine Grained Category Preserving Image Translation,Haodi Hou; Jing Huo; Yang Gao,2020,2020 International Joint Conference on Neural Networks (IJCNN),10.1109/IJCNN48605.2020.9207421,https://ieeexplore.ieee.org/document/9207421/,off-topic-false-hit,"Cross-domain image translation attempt to translate images from one domain to another domain, with the content of images preserved. Current approaches treat image’s content as the underlying spatial structure, and translation only change image’s style of color and texture. These methods can generate realistic results, but may not be able to preserve image’s fine grained semantic category information and suffer from the lack of diversity in objects’ shapes and viewing angles. In this paper, we propose the problem of fine grained category preserving image translation that aims at preserving image’s fine grained category information in cross-domain translation. A novel framework called Cross-Domain Adversarial AutoEncoder (CDAAE) is proposed to solve the problem. CDAAE assumes that cross-domain images have shared content-latent-code space and separate style-latent-code spaces. The content latent code encodes image’s basic category information, while the style latent code represents other domain-specific properties, including color, texture, shape, etc. Our experiments evaluate models from aspects of image’s quality, diversity as well as category preserving ability, showing CDAAE’s advantages over current methods. We also design an algorithm to apply CDAAE to domain adaptation. Experiments on benchmark datasets demonstrate that the proposed method achieves state-of-the-art results.",ieee,llm,0.990,unreviewed,,doi:10.1109/ijcnn48605.2020.9207421
discarded,SketchAging: Face Photo-Sketch Synthesis and Aging With Multi-Scale Feature Extraction,Chunlei Peng; Zhuang Tang; Decheng Liu; Nannan Wang; Ruimin Hu; Xinbo Gao,2025,IEEE Transactions on Image Processing,10.1109/TIP.2025.3627854,https://ieeexplore.ieee.org/document/11231090/,off-topic-false-hit,"With the rapid development of Generative Adversarial Networks (GANs), facial sketch generation and age transformation have advanced considerably. These technologies show great potential in digital media, entertainment, and forensic applications, particularly in helping law enforcement reconstruct the appearance of long-term fugitives. However, current methodologies exhibit notable limitations: existing approaches typically specialize in either facial sketch generation or age progression independently, lacking an effective integration for cross-domain synthesis. Moreover, preserving identity information while ensuring high-quality image generation remains a challenge. This paper proposes Multi-Scale Feature Extraction Networks (MSFE), an image-to-image translation framework that enables continuous age transformation while maintaining the stylistic characteristics of sketch domains. The core of the MSFS network uses a Dual Conditional Normalization Attention (DCNA) architecture to extract sketch features and encode facial images into the latent space of a pre-trained StyleGAN based on the desired age change. Experimental results on public datasets demonstrate that our approach outperforms existing methods, achieving superior facial photo-sketch synthesis with enhanced realism, identity preservation, and age accuracy.",ieee,llm,0.990,unreviewed,,doi:10.1109/tip.2025.3627854
discarded,SCMIT: Style-Consistent Multi-Domain Image-to-Image Translation,Anh Q. Nguyen; Byeongkeun Kang; Yeejin Lee,2026,IEEE Access,10.1109/ACCESS.2026.3669208,https://ieeexplore.ieee.org/document/11417780/,off-topic-false-hit,"Multi-domain image-to-image translation has become increasingly prominent in computer vision, addressing the demand for versatile models that can transform images across various domains. However, current image-to-image translation methods are often limited to transforming images between specific domains, making it difficult to extend these models to additional domains. In addition, existing methods using disentangled representation learning often fail to accurately separate features, resulting in low-quality generated images. To address these challenges, we propose a novel framework for multi-domain image-to-image translation that uses multi-scale feature extraction to improve the quality of disentanglement learning. Our framework introduces a novel loss function, called style consistency loss, which more accurately maps style features to style space. We evaluate the effectiveness of our framework using standard evaluation metrics for image-to-image translation by comparing it to benchmark models. Experimental results show that our framework can produce high-quality, artifact-free images on various datasets.",ieee,llm,0.990,unreviewed,,doi:10.1109/access.2026.3669208
discarded,NeRF-Art: Text-Driven Neural Radiance Fields Stylization,Can Wang; Ruixiang Jiang; Menglei Chai; Mingming He; Dongdong Chen; Jing Liao,2024,IEEE Transactions on Visualization and Computer Graphics,10.1109/TVCG.2023.3283400,https://ieeexplore.ieee.org/document/10144678/,off-topic-false-hit,"As a powerful representation of 3D scenes, the neural radiance field (NeRF) enables high-quality novel view synthesis from multi-view images. Stylizing NeRF, however, remains challenging, especially in simulating a text-guided style with both the appearance and the geometry altered simultaneously. In this paper, we present NeRF-Art, a text-guided NeRF stylization approach that manipulates the style of a pre-trained NeRF model with a simple text prompt. Unlike previous approaches that either lack sufficient geometry deformations and texture details or require meshes to guide the stylization, our method can shift a 3D scene to the target style characterized by desired geometry and appearance variations without any mesh guidance. This is achieved by introducing a novel global-local contrastive learning strategy, combined with the directional constraint to simultaneously control both the trajectory and the strength of the target style. Moreover, we adopt a weight regularization method to effectively suppress cloudy artifacts and geometry noises which arise easily when the density field is transformed during geometry stylization. Through extensive experiments on various styles, we demonstrate that our method is effective and robust regarding both single-view stylization quality and cross-view consistency.",ieee,llm,0.990,unreviewed,,doi:10.1109/tvcg.2023.3283400
discarded,Use of HDL code checkers to support the IP entrance check - a requirement analysis,R. Frevert; S. Rulke; T. Schafer; F. Dresig,2002,"Proceedings Euromicro Symposium on Digital System Design. Architectures, Methods and Tools",10.1109/DSD.2002.1115393,https://ieeexplore.ieee.org/document/1115393/,adjacent-subtopic,"Systems for coding style analysis, so called hardware description languages (HDL) code checkers, can accomplish an important contribution for the IP entrance check, that means selection, compliance test and quality estimation of reusable components for the system design. This paper summarizes the related requirements on HDL code checkers derived from a concrete industrial environment. A proposed evaluation table will help to evaluate and select HDL code checkers for particular requirements.",ieee,llm,0.880,unreviewed,,doi:10.1109/dsd.2002.1115393
discarded,Learning software engineering principles using open source software,Jagadeesh Nandigam; Venkat N. Gudivada; Abdelwahab Hamou-Lhadj,2008,2008 38th Annual Frontiers in Education Conference,10.1109/FIE.2008.4720643,https://ieeexplore.ieee.org/document/4720643/,adjacent-subtopic,"Traditional lectures espousing software engineering principles hardly engage studentspsila attention due to the fact that students often view software engineering principles as mere academic concepts without a clear understanding of how they can be used in practice. Some of the issues that contribute to this perception include lack of experience in writing and understanding large programs, and lack of opportunities for inspecting and maintaining code written by others. To address these issues, we have worked on a project whose overarching goal is to teach students a subset of basic software engineering principles using source code exploration as the primary mechanism. We attempted to espouse the following software engineering principles and concepts: role of coding conventions and coding style, programming by intention to develop readable and maintainable code, assessing code quality using software metrics, refactoring, and reverse engineering to recover design elements. Student teams have examined the following open source Java code bases: ImageJ, Apache Derby, Apache Lucene, Hibernate, and JUnit. We have used Eclipse IDE and relevant plug-ins in this project.",ieee,llm,0.830,unreviewed,,doi:10.1109/fie.2008.4720643
discarded,Detection of LLM-Paraphrased Code and Identification of the Responsible LLM Using Coding Style Features,Shinwoo Park; Hyundong Jin; Jeong-won Cha; Yo-Sub Han,2025,cs.AI,10.48550/arXiv.2502.17749,http://arxiv.org/abs/2502.17749v3,adjacent-subtopic,"Recent progress in large language models (LLMs) for code generation has raised serious concerns about intellectual property protection. Malicious users can exploit LLMs to produce paraphrased versions of proprietary code that closely resemble the original. While the potential for LLM-assisted code paraphrasing continues to grow, research on detecting it remains limited, underscoring an urgent need for detection system. We respond to this need by proposing two tasks. The first task is to detect whether code generated by an LLM is a paraphrased version of original human-written code. The second task is to identify which LLM is used to paraphrase the original code. For these tasks, we construct a dataset LPcode consisting of pairs of human-written code and LLM-paraphrased code using various LLMs.
  We statistically confirm significant differences in the coding styles of human-written and LLM-paraphrased code, particularly in terms of naming consistency, code structure, and readability. Based on these findings, we develop LPcodedec, a detection method that identifies paraphrase relationships between human-written and LLM-generated code, and discover which LLM is used for the paraphrasing. LPcodedec outperforms the best baselines in two tasks, improving F1 scores by 2.64% and 15.17% while achieving speedups of 1,343x and 213x, respectively. Our code and data are available at https://github.com/Shinwoo-Park/detecting_llm_paraphrased_code_via_coding_style_features.",arxiv,llm,0.880,unreviewed,,doi:10.48550/arxiv.2502.17749
discarded,Does Code Quality Affect Pull Request Acceptance? An empirical study,Valentina Lenarduzzi; Vili Nikkola; Nyyti Saarimäki; Davide Taibi,2019,cs.SE,10.48550/arXiv.1908.09321,http://arxiv.org/abs/1908.09321v1,adjacent-subtopic,"Background. Pull requests are a common practice for contributing and reviewing contributions, and are employed both in open-source and industrial contexts. One of the main goals of code reviews is to find defects in the code, allowing project maintainers to easily integrate external contributions into a project and discuss the code contributions. Objective. The goal of this paper is to understand whether code quality is actually considered when pull requests are accepted. Specifically, we aim at understanding whether code quality issues such as code smells, antipatterns, and coding style violations in the pull request code affect the chance of its acceptance when reviewed by a maintainer of the project. Method. We conducted a case study among 28 Java open-source projects, analyzing the presence of 4.7 M code quality issues in 36 K pull requests. We analyzed further correlations by applying Logistic Regression and seven machine learning techniques (Decision Tree, Random Forest, Extremely Randomized Trees, AdaBoost, Gradient Boosting, XGBoost). Results. Unexpectedly, code quality turned out not to affect the acceptance of a pull request at all. As suggested by other works, other factors such as the reputation of the maintainer and the importance of the feature delivered might be more important than code quality in terms of pull request acceptance. Conclusions. Researchers already investigated the influence of the developers' reputation and the pull request acceptance. This is the first work investigating if quality of the code in pull requests affects the acceptance of the pull request or not. We recommend that researchers further investigate this topic to understand if different measures or different tools could provide some useful measures.",arxiv,llm,0.920,unreviewed,,doi:10.48550/arxiv.1908.09321
discarded,STYLE-ANALYZER: fixing code style inconsistencies with interpretable unsupervised algorithms,Vadim Markovtsev; Waren Long; Hugo Mougard; Konstantin Slavnov; Egor Bulychev,2019,cs.LG,10.48550/arXiv.1904.00935,http://arxiv.org/abs/1904.00935v1,adjacent-subtopic,"Source code reviews are manual, time-consuming, and expensive. Human involvement should be focused on analyzing the most relevant aspects of the program, such as logic and maintainability, rather than amending style, syntax, or formatting defects. Some tools with linting capabilities can format code automatically and report various stylistic violations for supported programming languages. They are based on rules written by domain experts, hence, their configuration is often tedious, and it is impractical for the given set of rules to cover all possible corner cases. Some machine learning-based solutions exist, but they remain uninterpretable black boxes. This paper introduces STYLE-ANALYZER, a new open source tool to automatically fix code formatting violations using the decision tree forest model which adapts to each codebase and is fully unsupervised. STYLE-ANALYZER is built on top of our novel assisted code review framework, Lookout. It accurately mines the formatting style of each analyzed Git repository and expresses the found format patterns with compact human-readable rules. STYLE-ANALYZER can then suggest style inconsistency fixes in the form of code review comments. We evaluate the output quality and practical relevance of STYLE-ANALYZER by demonstrating that it can reproduce the original style with high precision, measured on 19 popular JavaScript projects, and by showing that it yields promising results in fixing real style mistakes. STYLE-ANALYZER includes a web application to visualize how the rules are triggered. We release STYLE-ANALYZER as a reusable and extendable open source software package on GitHub for the benefit of the community.",arxiv,llm,0.950,unreviewed,,doi:10.48550/arxiv.1904.00935
discarded,Safety and Risk Pathways in Cooperative Generative Multi-Agent Systems: A Telecom Perspective,Zeinab Nezami; Shehr Bano; Abdelaziz Salama; Maryam Hafeez; Syed Ali Raza Zaidi,2025,eess.SY,10.48550/arXiv.2511.17730,http://arxiv.org/abs/2511.17730v1,off-topic-false-hit,"Generative multiagent systems are rapidly emerging as transformative tools for scalable automation and adaptive decisionmaking in telecommunications. Despite their promise, these systems introduce novel risks that remain underexplored, particularly when agents operate asynchronously across layered architectures. This paper investigates key safety pathways in telecomfocused Generative MultiAgent Systems (GMAS), emphasizing risks of miscoordination and semantic drift shaped by persona diversity. We propose a modular safety evaluation framework that integrates agentlevel checks on code quality and compliance with systemlevel safety metrics. Using controlled simulations across 32 persona sets, five questions, and multiple iterative runs, we demonstrate progressive improvements in analyzer penalties and AllocatorCoder consistency, alongside persistent vulnerabilities such as policy drift and variability under specific persona combinations. Our findings provide the first domaingrounded evidence that persona design, coding style, and planning orientation directly influence the stability and safety of telecom GMAS, highlighting both promising mitigation strategies and open risks for future deployment.",arxiv,llm,0.910,unreviewed,,doi:10.48550/arxiv.2511.17730
discarded,Design of Chain-of-Thought in Math Problem Solving,Zhanming Jie; Trung Quoc Luong; Xinbo Zhang; Xiaoran Jin; Hang Li,2023,cs.CL,10.48550/arXiv.2309.11054,http://arxiv.org/abs/2309.11054v2,off-topic-false-hit,"Chain-of-Thought (CoT) plays a crucial role in reasoning for math problem solving. We conduct a comprehensive examination of methods for designing CoT, comparing conventional natural language CoT with various program CoTs, including the self-describing program, the comment-describing program, and the non-describing program. Furthermore, we investigate the impact of programming language on program CoTs, comparing Python and Wolfram Language. Through extensive experiments on GSM8K, MATHQA, and SVAMP, we find that program CoTs often have superior effectiveness in math problem solving. Notably, the best performing combination with 30B parameters beats GPT-3.5-turbo by a significant margin. The results show that self-describing program offers greater diversity and thus can generally achieve higher performance. We also find that Python is a better choice of language than Wolfram for program CoTs. The experimental results provide a valuable guideline for future CoT designs that take into account both programming language and coding style for further advancements. Our datasets and code are publicly available.",arxiv,llm,0.960,unreviewed,,doi:10.48550/arxiv.2309.11054
