status,title,authors,year,venue,doi,url,tags,abstract,provider,decision_source,llm_confidence,llm_review_outcome,llm_change_direction,paper_id
discarded,Modern code review,Caitlin Sadowski; Emma Söderberg; Luke Church; Michal Sipko; Alberto Bacchelli,2018,,10.1145/3183519.3183525,https://openalex.org/W2808429234,adjacent-subtopic,"Employing lightweight, tool-based code review of code changes (aka modern code review) has become the norm for a wide variety of open-source and industrial systems. In this paper, we make an exploratory investigation of modern code review at Google. Google introduced code review early on and evolved it over the years; our study sheds light on why Google introduced this practice and analyzes its current status, after the process has been refined through decades of code changes and millions of code reviews. By means of 12 interviews, a survey with 44 respondents, and the analysis of review logs for 9 million reviewed changes, we investigate motivations behind code review at Google, current practices, and developers' satisfaction and challenges.",openalex,llm,0.840,unreviewed,,doi:10.1145/3183519.3183525
discarded,User's manual for the ORIGEN2 computer code,"USDOE National Nuclear Security Administration (NNSA), Nuclear Criticality Safety Program (NCSP); A. Croff; Oak Ridge National Lab., TN (USA)",1980,,10.2172/5285077,https://openalex.org/W2028309132,off-topic-false-hit,"This report describes how to use a revised version of the ORIGEN computer code, designated ORIGEN2. Included are a description of the input data, input deck organization, and sample input and output. ORIGEN2 can be obtained from the Radiation Shielding Information Center at ORNL.",openalex,llm,0.990,unreviewed,,doi:10.2172/5285077
discarded,Assessing the Readability of ChatGPT Code Snippet Recommendations: A Comparative Study,Carlos Dantas; Adriano M. Rocha; Marcelo de Almeida Maia,2023,,10.1145/3613372.3613413,https://openalex.org/W4387007125,adjacent-subtopic,"Developers often rely on code search engines to find high-quality and reusable code snippets online, such as those available on Stack Overflow. Recently, ChatGPT, a language model trained for dialog tasks, has been gaining attention as a promising approach for code snippet generation. However, there is still a need for in-depth analysis of the quality of its recommendations. In this work, we propose the evaluation of the readability of code snippets generated by ChatGPT, comparing them with those recommended by CROKAGE, a state-of-the-art code search engine for Stack Overflow. We compare the recommended snippets of both approaches using readability issues raised by the automated static analysis tool (ASAT) SonarQube. Our results show that ChatGPT can generate cleaner code snippets and more consistent naming and code conventions than those written by humans and recommended by CROKAGE. However, in some cases, ChatGPT generates code that lacks recent features from Java API such as try-with-resources, lambdas, and others. Overall, our findings suggest that ChatGPT can provide valuable assistance to developers searching for didactic and high-quality code snippets online. However, it is still important for developers to review the generated code, either manually or assisted by an ASAT, to prevent potential readability issues, as the correctness of the generated code snippets.",openalex,llm,0.870,unreviewed,,doi:10.1145/3613372.3613413
discarded,Readability and Understandability of Snippets Recommended by General-purpose Web Search Engines: a Comparative Study,Carlos Eduardo C. Dantas; Marcelo A. Maia,2021,cs.SE,10.48550/arXiv.2110.07087,http://arxiv.org/abs/2110.07087v1,adjacent-subtopic,"Developers often search for reusable code snippets on general-purpose web search engines like Google, Yahoo! or Microsoft Bing. But some of these code snippets may have poor quality in terms of readability or understandability. In this paper, we propose an empirical analysis to analyze the readability and understandability score from snippets extracted from the web using three independent variables: ranking, general-purpose web search engine, and recommended site. We collected the top-5 recommended sites and their respective code snippet recommendations using Google, Yahoo!, and Bing for 9,480 queries, and evaluate their readability and understandability scores. We found that some recommended sites have significantly better readability and understandability scores than others. The better-ranked code snippet is not necessarily more readable or understandable than a lower-ranked code snippet for all general-purpose web search engines. Moreover, considering the readability score, Google has better-ranked code snippets compared to Yahoo! or Microsoft Bing",arxiv,llm,0.890,unreviewed,,doi:10.48550/arxiv.2110.07087
discarded,The Fewer Splits are Better: Deconstructing Readability in Sentence Splitting,Tadashi Nomoto,2023,cs.CL,10.48550/arXiv.2302.00937,http://arxiv.org/abs/2302.00937v1,off-topic-false-hit,"In this work, we focus on sentence splitting, a subfield of text simplification, motivated largely by an unproven idea that if you divide a sentence in pieces, it should become easier to understand. Our primary goal in this paper is to find out whether this is true. In particular, we ask, does it matter whether we break a sentence into two or three? We report on our findings based on Amazon Mechanical Turk.
  More specifically, we introduce a Bayesian modeling framework to further investigate to what degree a particular way of splitting the complex sentence affects readability, along with a number of other parameters adopted from diverse perspectives, including clinical linguistics, and cognitive linguistics. The Bayesian modeling experiment provides clear evidence that bisecting the sentence leads to enhanced readability to a degree greater than what we create by trisection.",arxiv,llm,0.990,unreviewed,,doi:10.48550/arxiv.2302.00937
kept,Assessing Consensus of Developers' Views on Code Readability,Agnia Sergeyuk; Olga Lvova; Sergey Titov; Anastasiia Serova; Farid Bagirov; Timofey Bryksin,2024,cs.SE,10.48550/arXiv.2407.03790,http://arxiv.org/abs/2407.03790v1,qualifies-claim,"The rapid rise of Large Language Models (LLMs) has changed software development, with tools like Copilot, JetBrains AI Assistant, and others boosting developers' productivity. However, developers now spend more time reviewing code than writing it, highlighting the importance of Code Readability for code comprehension. Our previous research found that existing Code Readability models were inaccurate in representing developers' notions and revealed a low consensus among developers, highlighting a need for further investigations in this field.
  Building on this, we surveyed 10 Java developers with similar coding experience to evaluate their consensus on Code Readability assessments and related aspects. We found significant agreement among developers on Code Readability evaluations and identified specific code aspects strongly correlated with Code Readability. Overall, our study sheds light on Code Readability within LLM contexts, offering insights into how these models can align with developers' perceptions of Code Readability, enhancing software development in the AI era.",arxiv,llm,0.860,unreviewed,,doi:10.48550/arxiv.2407.03790
kept,Personalized Code Readability Assessment: Are We There Yet?,Antonio Vitale; Emanuela Guglielmi; Rocco Oliveto; Simone Scalabrino,2025,cs.SE,10.48550/arXiv.2503.07870,http://arxiv.org/abs/2503.07870v1,qualifies-claim,"Unreadable code could be a breeding ground for errors. Thus, previous work defined approaches based on machine learning to automatically assess code readability that can warn developers when some code artifacts (e.g., classes) become unreadable. Given datasets of code snippets manually evaluated by several developers in terms of their perceived readability, such approaches (i) establish a snippet-level ground truth, and (ii) train a binary (readable/unreadable) or a ternary (readable/neutral/unreadable) code readability classifier. Given this procedure, all existing approaches neglect the subjectiveness of code readability, i.e., the possible different developer-specific nuances in the code readability perception. In this paper, we aim to understand to what extent it is possible to assess code readability as subjectively perceived by developers through a personalized code readability assessment approach. This problem is significantly more challenging than the snippet-level classification problem: We assume that, in a realistic scenario, a given developer is keen to provide only a few code readability evaluations, thus less data is available. For this reason, we adopt an LLM with few-shot learning to achieve our goal. Our results, however, show that such an approach achieves worse results than a state-of-the-art feature-based model that is trained to work at the snippet-level. We tried to understand why this happens by looking more closely at the quality of the available code readability datasets and assessed the consistency of the inter-developer evaluations. We observed that up to a third of the evaluations are self-contradictory. Our negative results call for new and more reliable code readability datasets.",arxiv,llm,0.880,unreviewed,,doi:10.48550/arxiv.2503.07870
discarded,Do AI Agents Really Improve Code Readability?,Kyogo Horikawa; Kosei Horikawa; Yutaro Kashiwa; Hidetake Uwano; Hajimu Iida,2026,cs.SE,10.48550/arXiv.2603.13723,http://arxiv.org/abs/2603.13723v1,adjacent-subtopic,"Code readability is fundamental to software quality and maintainability. Poor readability extends development time, increases bug-inducing risks, and contributes to technical debt. With the rapid advancement of Large Language Models, AI agent-based approaches have emerged as a promising paradigm for automated refactoring, capable of decomposing complex tasks through autonomous planning and execution. While prior studies have examined refactoring by AI agents, these analyses cover all forms of refactoring, including performance optimization and structural improvement. As a result, the extent to which AI agent-based refactoring specifically improves code readability remains unclear.
  This study investigates the impact of AI agent-based refactoring on code readability. We extracted commits containing readability-related keywords from the AIDev dataset and analyzed changes in readability metrics before and after each commit, covering 403 commits evaluated using multiple quantitative metrics. Our results indicate that AI agents primarily target logic complexity (42.4%) and documentation improvements (24.2%) rather than surface-level aspects like naming conventions or formatting. However, contrary to expectations, readability-focused commits often degraded traditional quality metrics: the Maintainability Index decreased in 56.1% of commits, while Cyclomatic Complexity increased in 42.7%.",arxiv,llm,0.800,unreviewed,,doi:10.48550/arxiv.2603.13723
kept,How Readable is Model-generated Code? Examining Readability and Visual Inspection of GitHub Copilot,Naser Al Madi,2022,cs.SE,10.1145/3551349.3560438,http://arxiv.org/abs/2208.14613v2,qualifies-claim,"Background: Recent advancements in large language models have motivated the practical use of such models in code generation and program synthesis. However, little is known about the effects of such tools on code readability and visual attention in practice.
  Objective: In this paper, we focus on GitHub Copilot to address the issues of readability and visual inspection of model generated code. Readability and low complexity are vital aspects of good source code, and visual inspection of generated code is important in light of automation bias.
  Method: Through a human experiment (n=21) we compare model generated code to code written completely by human programmers. We use a combination of static code analysis and human annotators to assess code readability, and we use eye tracking to assess the visual inspection of code.
  Results: Our results suggest that model generated code is comparable in complexity and readability to code written by human pair programmers. At the same time, eye tracking data suggests, to a statistically significant level, that programmers direct less visual attention to model generated code.
  Conclusion: Our findings highlight that reading code is more important than ever, and programmers should beware of complacency and automation bias with model generated code.",arxiv,llm,0.890,unreviewed,,doi:10.1145/3551349.3560438
kept,To What Extent Cognitive-Driven Development Improves Code Readability?,Leonardo Barbosa; Victor Hugo Santiago; Alberto Luiz Oliveira Tavares de Souza; Gustavo Pinto,2022,cs.SE,10.48550/arXiv.2206.10655,http://arxiv.org/abs/2206.10655v1,qualifies-claim,"Cognitive-Driven Development (CDD) is a coding design technique that aims to reduce the cognitive effort that developers place in understanding a given code unit (e.g., a class). By following CDD design practices, it is expected that the coding units to be smaller, and, thus, easier to maintain and evolve. However, it is so far unknown whether these smaller code units coded using CDD standards are, indeed, easier to understand. In this work we aim to assess to what CDD improves code readability. To achieve this goal, we conducted a two-phase study. We start by inviting professional software developers to vote (and justify their rationale) on the most readable pair of code snippets (from a set of 10 pairs); one of the pairs was coded using CDD practices. We received 133 answers. In the second phase, we applied the state-of-the art readability model on the 10-pairs of CDD-guided refactorings.
  We observed some conflicting results. On the one hand, developers perceived that seven (out of 10) CDD-guided refactorings were more readable than their counterparts; for two other CDD-guided refactorings, developers were undecided, while only in one of the CDD-guided refactorings, developers preferred the original code snippet. On the other hand, we noticed that only one CDD-guided refactorings have better performance readability, assessed by state-of-the-art readability models. Our results provide initial evidence that CDD could be an interesting approach for software design.",arxiv,llm,0.930,unreviewed,,doi:10.48550/arxiv.2206.10655
kept,Investigating the Readability of Test Code: Combining Scientific and Practical Views,Dietmar Winkler; Pirmin Urbanke; Rudolf Ramler,2024,cs.SE,10.1007/s10664-023-10390-z,http://arxiv.org/abs/2403.16639v1,qualifies-claim,"The readability of source code is key for understanding and maintaining software systems and tests. Several studies investigate the readability of source code, but there is limited research on the readability of test code and related influence factors. We investigate the factors that influence the readability of test code from an academic perspective complemented by practical views. First, we perform a Systematic Mapping Study (SMS) with a focus on scientific literature. Second, we extend this study by reviewing grey literature sources for practical aspects on test code readability and understandability. Finally, we conduct a controlled experiment on the readability of a selected set of test cases to collect additional knowledge on influence factors discussed in practice. The result set of the SMS includes 19 primary studies from the scientific literature. The grey literature search reveals 62 sources for information on test code readability. Based on an analysis of these sources, we identified a combined set of 14 factors that influence the readability of test code. 7 of these factors were found in scientific and grey literature, while some factors were mainly discussed in academia (2) or industry (5) with limited overlap. The controlled experiment on practically relevant influence factors showed that the investigated factors have a significant impact on readability for half of the selected test cases. Our review of scientific and grey literature showed that test code readability is of interest for academia and industry with a consensus on key influence factors. However, we also found factors only discussed by practitioners. For some of these factors we were able to confirm an impact on readability in a first experiment. Therefore, we see the need to bring together academic and industry viewpoints to achieve a common view on the readability of software test code.",arxiv,llm,0.830,unreviewed,,doi:10.1007/s10664-023-10390-z
kept,An Empirical Study of the Relationships between Code Readability and Software Complexity,Duaa Alawad; Manisha Panta; Minhaz Zibran; Md Rakibul Islam,2019,cs.SE,10.48550/arXiv.1909.01760,http://arxiv.org/abs/1909.01760v1,supports-claim,"Code readability and software complexity are important software quality metrics that impact other software metrics such as maintainability, reusability, portability and reliability. This paper presents an empirical study of the relationships between code readability and program complexity. The results are derived from an analysis of 35 Java programs that cover 23 distinct code constructs. The analysis includes six readability metrics and two complexity metrics. Our study empirically confirms the existing wisdom that readability and complexity are negatively correlated. Applying a machine learning technique, we also identify and rank those code constructs that substantially affect code readability.",arxiv,llm,0.880,unreviewed,,doi:10.48550/arxiv.1909.01760
discarded,Toward Reusable Science with Readable Code and Reproducibility,Layan Bahaidarah; Ethan Hung; Andreas F. De Melo Oliveira; Jyotsna Penumaka; Lukas Rosario; Ana Trisovic,2021,cs.DL,10.48550/arXiv.2109.10387,http://arxiv.org/abs/2109.10387v1,adjacent-subtopic,"An essential part of research and scientific communication is researchers' ability to reproduce the results of others. While there have been increasing standards for authors to make data and code available, many of these files are hard to re-execute in practice, leading to a lack of research reproducibility. This poses a major problem for students and researchers in the same field who cannot leverage the previously published findings for study or further inquiry. To address this, we propose an open-source platform named RE3 that helps improve the reproducibility and readability of research projects involving R code. Our platform incorporates assessing code readability with a machine learning model trained on a code readability survey and an automatic containerization service that executes code files and warns users of reproducibility errors. This process helps ensure the reproducibility and readability of projects and therefore fast-track their verification and reuse.",arxiv,llm,0.900,unreviewed,,doi:10.48550/arxiv.2109.10387
discarded,On the Importance and Shortcomings of Code Readability Metrics: A Case Study on Reactive Programming,Gustaf Holst; Felix Dobslaw,2021,cs.SE,10.48550/arXiv.2110.15246,http://arxiv.org/abs/2110.15246v1,qualifies-claim,"Well structured and readable source code is a pre-requisite for maintainable software and successful collaboration among developers. Static analysis enables the automated extraction of code complexity and readability metrics which can be leveraged to highlight potential improvements in code to both attain software of high quality and reinforce good practices for developers as an educational tool. This assumes reliable readability metrics which are not trivial to obtain since code readability is somewhat subjective. Recent research has resulted in increasingly sophisticated models for predicting readability as perceived by humans primarily with a procedural and object oriented focus, while functional and declarative languages and language extensions advance as they often are said to lead to more concise and readable code. In this paper, we investigate whether the existing complexity and readability metrics reflect that wisdom or whether the notion of readability and its constituents requires overhaul in the light of programming language changes. We therefore compare traditional object oriented and reactive programming in terms of code complexity and readability in a case study. Reactive programming is claimed to increase code quality but few studies have substantiated these claims empirically. We refactored an object oriented open source project into a reactive candidate and compare readability with the original using cyclomatic complexity and two state-of-the-art readability metrics. More elaborate investigations are required, but our findings suggest that both cyclomatic complexity and readability decrease significantly at the same time in the reactive candidate, which seems counter-intuitive. We exemplify and substantiate why readability metrics may require adjustment to better suit popular programming styles other than imperative and object-oriented to better match human expectations.",arxiv,llm,0.880,unreviewed,,doi:10.48550/arxiv.2110.15246
