status,title,authors,year,venue,doi,url,tags,abstract,provider,decision_source,llm_confidence,llm_review_outcome,llm_change_direction,paper_id
kept,Tool assisted identifier naming for improved software readability: An empirical study,"Relf, PA",2005,"2005 INTERNATIONAL SYMPOSIUM ON EMPIRICAL SOFTWARE ENGINEERING (ISESE), PROCEEDINGS",,https://www.webofscience.com/wos/woscc/full-record/WOS:000236352200006,supports-claim,"This paper describes an empirical study investigating whether programmers improve the readability of their source code if they have support from a source code editor that offers dynamic feedback on their identifier naming practices. An experiment, employing both students and professional software engineers, and requiring the maintenance and production of software, demonstrated a statistically significant improvement in source code readability oiler that of the control.",wos,llm,0.990,unreviewed,,hash:6f82db8b38f44796
discarded,Concise and consistent naming,"Deissenböck, F; Pizka, M",2005,"13TH INTERNATIONAL WORKSHOP ON PROGRAM COMPREHENSION, PROCEEDINGS",,https://www.webofscience.com/wos/woscc/full-record/WOS:000229933100010,adjacent-subtopic,"Approximately 70% of the source code of a software system consists of identifiers. Hence, the names chosen as identifiers are of paramount importance for the readability of computer programs and therewith their comprehensibility, However virtually every programming language allows programmers to use almost arbitrary sequences of characters as identifiers which far too often results in more or less meaningless or even misleading naming. Coding style guides address this problem but are usually limited to general and hard to enforce rules like ""identifiers should be self-describing"". This paper renders adequate identifier naming far more precisely. A formal model, based on bijective mappings between concepts and names, provides a solid foundation for the definition of precise rules for concise and consistent naming. The enforcement of these rules is supported by a tool that incrementally builds and maintains a complete identifier dictionary while the system is being developed. The identifier dictionary explains the language used in the software system, aids in consistent naming, and improves productivity of programmers by proposing suitable names depending on the current context.",wos,llm,0.910,unreviewed,,hash:2677f5df76c52634
discarded,"Proceedings - 2026 IEEE/ACM 34th International Conference on Program Comprehension, ICPC 2026",,2026,Proceedings 2026 IEEE ACM 34th International Conference on Program Comprehension Icpc 2026,,https://www.scopus.com/inward/record.uri?partnerID=HzOxMe3b&scp=105047121240&origin=inward,off-topic-false-hit,,scopus,llm,1.000,unreviewed,,hash:838428f5be625bd6
discarded,RefineID: A Developer-Centric IDE Assistant for Better Identifiers,Jeljli E.,2026,Proceedings 2026 IEEE International Conference on Software Analysis Evolution and Reengineering Saner 2026,10.1109/SANER67736.2026.00110,https://www.scopus.com/inward/record.uri?partnerID=HzOxMe3b&scp=105045150967&origin=inward,adjacent-subtopic,,scopus,llm,0.710,unreviewed,,doi:10.1109/saner67736.2026.00110
discarded,Leveraging Large Language Models for Enhancing the Understandability of Generated Unit Tests,Deljouyi A.,2025,Proceedings International Conference on Software Engineering,10.1109/ICSE55347.2025.00032,https://www.scopus.com/inward/record.uri?partnerID=HzOxMe3b&scp=105010300945&origin=inward,adjacent-subtopic,,scopus,llm,0.760,unreviewed,,doi:10.1109/icse55347.2025.00032
discarded,IDEAL: An Open-Source Identifier Name Appraisal Tool,Peruma A.,2021,Proceedings 2021 IEEE International Conference on Software Maintenance and Evolution Icsme 2021,10.1109/ICSME52107.2021.00064,https://www.scopus.com/inward/record.uri?partnerID=HzOxMe3b&scp=85117699101&origin=inward,adjacent-subtopic,,scopus,llm,0.900,unreviewed,,doi:10.1109/icsme52107.2021.00064
discarded,Spatial Locality Based Identifier Name Recommendation,Kasegn S.A.,2021,2021 International Conference on Information and Communication Technology for Development for Africa Ict4da 2021,10.1109/ICT4DA53266.2021.9672214,https://www.scopus.com/inward/record.uri?partnerID=HzOxMe3b&scp=85125357048&origin=inward,adjacent-subtopic,,scopus,llm,0.920,unreviewed,,doi:10.1109/ict4da53266.2021.9672214
discarded,"On the generation, structure, and semantics of grammar patterns in source code identifiers",Newman C.D.,2020,Journal of Systems and Software,10.1016/j.jss.2020.110740,https://www.scopus.com/inward/record.uri?partnerID=HzOxMe3b&scp=85087986700&origin=inward,adjacent-subtopic,,scopus,llm,0.940,unreviewed,,doi:10.1016/j.jss.2020.110740
kept,From Obfuscation to Comprehension,Avidan E.,2015,IEEE International Conference on Program Comprehension,10.1109/ICPC.2015.27,https://www.scopus.com/inward/record.uri?partnerID=HzOxMe3b&scp=84961294600&origin=inward,adjacent-subtopic; supports-claim,,scopus,llm_reviewed,0.620,changed,discarded->kept,doi:10.1109/icpc.2015.27
discarded,Collaborative learning environment for identifier naming in source codes,Shikimi R.,2012,Proceedings of the IASTED International Conference on Computers and Advanced Technology in Education Cate 2012,10.2316/P.2012.774-040,https://www.scopus.com/inward/record.uri?partnerID=HzOxMe3b&scp=84866657262&origin=inward,off-topic-false-hit,,scopus,llm,0.930,unreviewed,,doi:10.2316/p.2012.774-040
discarded,ESEC/FSE Doctoral Symposium'09 - Proceedings of the Doctoral Symposium for ESEC/FSE,,2009,Esec Fse Doctoral Symposium 09 Proceedings of the Doctoral Symposium for Esec Fse,,https://www.scopus.com/inward/record.uri?partnerID=HzOxMe3b&scp=77950546899&origin=inward,off-topic-false-hit,,scopus,llm,1.000,unreviewed,,hash:a48296c0095c5bbd
discarded,Relating identifier naming flaws and code quality: An empirical study,Butler S.,2009,Proceedings Working Conference on Reverse Engineering Wcre,10.1109/WCRE.2009.50,https://www.scopus.com/inward/record.uri?partnerID=HzOxMe3b&scp=73449146983&origin=inward,adjacent-subtopic,,scopus,llm,0.860,unreviewed,,doi:10.1109/wcre.2009.50
discarded,Analyse the Readability of LINQ Code using an Eye-Tracking-based Evaluation,József Katona,2021,Acta Polytechnica Hungarica,10.12700/aph.18.1.2021.1.12,https://openalex.org/W3167601550,off-topic-false-hit,"Nowadays, in addition to traditional procedures, the use of eye movement tracking systems can be an alternative possibility, to analyse the effectiveness of different programming technologies. Tracking the gaze route by analysing eye movement parameters also allows the study of a complex cognitive process. In this research an eyetracking system is presented besides the traditional knowledge level test to analyse the readability of the two semantically identical but syntactically different options of the Language-Integrated-Query (LINQ) abstraction layer, the query and the method syntax. Each query operator and extension method were compared besides the complete query expressions in different syntaxes. The observed and recorded results are evaluated with descriptive statistics. Based on the obtained results, it can be stated that the application of eye movement tracking systems, in the study of complex cognitive processes, such as, programming, is well applicable and can also provide additional information for teachers, developers or researchers concerning adequate syntax, to present or write more efficient, maintainable and further developable source code.",openalex,llm,0.920,unreviewed,,doi:10.12700/aph.18.1.2021.1.12
discarded,Taupe : Visualizing and analyzing eye-tracking data,Benoît De Smet; Lorent Lempereur; Zohreh Sharafi; Yann‐Gaël Guéhéneuc; Giuliano Antoniol; Naji Habra,2012,Science of Computer Programming,10.1016/j.scico.2012.01.004,https://openalex.org/W1999284448,off-topic-false-hit,,openalex,llm,1.000,unreviewed,,doi:10.1016/j.scico.2012.01.004
discarded,Titta: A toolbox for creating PsychToolbox and Psychopy experiments with Tobii eye trackers,Diederick C. Niehorster; Richard Andersson; Marcus Nyström,2020,Behavior Research Methods,10.3758/s13428-020-01358-8,https://openalex.org/W3010369009,off-topic-false-hit,"We present Titta, an open-source toolbox for controlling eye trackers manufactured by Tobii AB from MATLAB and Python. The toolbox provides a wrapper around the Tobii Pro SDK, providing a convenient graphical participant setup, calibration and validation interface implemented using the PsychToolbox and PsychoPy toolboxes. The toolbox furthermore enables MATLAB and Python experiments to communicate with Tobii Pro Lab through the TalkToProLab tool. This enables experiments to be created and run using the freedom of MATLAB and Python, while the recording can be visualized and analyzed in Tobii Pro Lab. All screen-mounted Tobii eye trackers that are supported by the Tobii Pro SDK are also supported by Titta. At the time of writing, these are the Spectrum, Nano, TX300, T60XL, X3-120, X2-60, X2-30, X60, X120, T60 and T120 from Tobii Pro, and the 4C from Tobii Tech.",openalex,llm,1.000,unreviewed,,doi:10.3758/s13428-020-01358-8
discarded,Coding activities for children: Coupling eye-tracking with qualitative data to investigate gender differences,Sofia Papavlasopoulou; Kshitij Sharma; Michail N. Giannakos,2019,Computers in Human Behavior,10.1016/j.chb.2019.03.003,https://openalex.org/W2918603673,off-topic-false-hit,"Computational thinking and coding are becoming an integral part of K-12 education, with female students being underrepresented in such subjects. The proliferation of technological tools and programming environments offers the opportunity for creative coding activities for children and increases the need for appropriate instructional practices. In this study, we design and evaluate a coding workshop for children. Our goal is to examine differences between boys and girls using eye-tracking as an objective measure and triangulating the findings with qualitative data coming from children's interviews. The results show no statistically significant difference between female and male gaze and learning gain during the coding activity; interestingly, the qualitative data show differences in the strategies and implemented practices during coding, and in perceptions about those coding activities. Our results highlight that further studies need to utilize objective measures and unveil necessary differences in the design and implementation of coding activities. Furthermore, our results provide objective evidence that female students do not lack in competences compared to boys, but simply that they have a different approach during coding activities and different perspectives about coding, an approach that needs to be cultivated and nurtured.",openalex,llm,0.980,unreviewed,,doi:10.1016/j.chb.2019.03.003
discarded,A Bibliometric Study on Eye-Tracking Research in Tourism,Eniser ATABAY; Cem Oktay Güzeller,2021,Tourism,10.37741/t.69.4.8,https://openalex.org/W3217106581,off-topic-false-hit,"The purpose of this paper is to determine the position of eye-tracking studies in the tourism literature and to provide a panoramic perspective of social and intellectual structures of eye-tracking studies in tourism. Bibliometric methods have been used to analyze 64 studies published from 2013 – 2019. Descriptive, network, and cluster analyses were applied in the R statistics program. The annual growth rate on eye-tracking research in tourism was 38.31%. Most of the authors preferred to cite articles from tourism journals. Effective researchers preferred to use “eye-tracking” and “visual attention” as author keywords in their research. Most of the studies took place in a laboratory environment. The studies discussed many dimensions such as culture, language, website design, advertising strategies, satisfaction, and usability. However, the effect of marketing and behavior studies is remarkable. Institutions and countries with close geographical links tended to publish together, but countries such as the USA, the UK, China, and Australia come to the fore in the collaboration network. Scopus-indexed English publications, most of which are articles, and proceedings were analyzed. Future studies may use different academic databases and publication types. This study is one of the first bibliometric analyses of eye-tracking studies in tourism.",openalex,llm,1.000,unreviewed,,doi:10.37741/t.69.4.8
discarded,Evaluating the Code Comprehension of Novices with Eye Tracking,José Aldo Silva da Costa; Rohit Gheyi,2023,,10.1145/3629479.3629490,https://openalex.org/W4389400029,off-topic-false-hit,"Code comprehension is essential for software evolution, but it can be hindered by structural problems in the code. Despite its importance, researchers often rely on static code metrics to investigate code comprehension, without considering dynamic aspects such as the visual effort involved. Therefore, we aim to fill this gap by examining code comprehension using eye-tracking metrics. We conducted three controlled eye-tracking studies with a total of 128 novices in three distinct programming languages: C, Python, and Java. We used constructions with different granularity levels, namely atoms of confusion, refactorings, and #ifdef annotations. With respect to atoms of confusion, we found that the clarified version of the code reduced the time and number of attempts by 38.6% and 28%, respectively. The use of the Extract Method refactoring significantly reduced the time of two tasks by 70% to 78.8%, while increasing the accuracy of three tasks by 20% to 34.4%. The use of #ifdef annotations presented reductions in the modified region by 46.9% in time, 44.7% in the fixation duration, 48.4% in the fixation count, and 60.5% in the regressions count. In addition, we also identified patterns in our data by observing several visual transitions going forward and backward between specific code elements which allowed us to infer confusion in the code, such as when adding the particle not before the variable. These results provide educators, practitioners, and researchers with valuable information on certain transformations and their potential to ease or hinder code comprehension. The study also highlights the potential of visual metrics to reveal the impact of transformations that cannot be captured by static code metrics. Our results also pave the way for the development of more advanced tools that track the eye movements of developers and assist them with helpful suggestions.",openalex,llm,0.880,unreviewed,,doi:10.1145/3629479.3629490
discarded,Using Eye-Tracking Data to Compare Differences in Code Comprehension and Code Perceptions between Expert and Novice Programmers,Sarah A. Jessup; Sasha Willis; Gene M. Alarcon; Michael A. Lee,2021,Proceedings of the ... Annual Hawaii International Conference on System Sciences/Proceedings of the Annual Hawaii International Conference on System Sciences,10.24251/hicss.2021.013,https://openalex.org/W3126162568,off-topic-false-hit,"Previous research has examined how eye-tracking metrics can serve as a proxy for directly measuring the amount of cognitive effort and processing required for comprehending computer code. We conducted a pilot study comprising expert (n = 10) and novice (n = 10) computer programmers to examine group differences in code comprehension abilities and perceptions. Programmers were asked to read two pieces of computer code, rate the code on various attributes, and then describe what the code does. Results indicate that experts and novices significantly differ in terms of their fixation counts made during the task, such that experts had more fixations than novices. This was counter to our hypothesis that experts would have fewer fixations than novices. We found no evidence that experts and novices differed in their average fixation durations, trustworthiness and performance perceptions, or willingness to reuse the code.",openalex,llm,0.910,unreviewed,,doi:10.24251/hicss.2021.013
discarded,On Eye Tracking in Software Engineering,Lisa Grabinger; Florian Häuser; Christian Wolff; Jürgen Mottok,2024,SN Computer Science,10.1007/s42979-024-03045-3,https://openalex.org/W4401057282,off-topic-false-hit,"Abstract Eye tracking is becoming more and more important as a research method within the field of software engineering (SE). Existing meta-analyses focus on the design or conduct of SE eye tracking studies rather than the analysis phase. This article attempts to fill this gap; it presents a systematic literature review of eye tracking studies in the field of SE—focusing mainly on the data analysis methods used. From the IEEE Xplore and ACM digital libraries we gather 125 papers up to the first quarter of 2024. Detailed evaluation provides information on the number of papers that use specific methods of analysis (i.e., descriptive or inferential statistics, and gaze visualization) or settings (e.g., sample size, technical setup, and selected aspects of research design). With the data obtained we can infer the popularity of specific analysis methods in the field. Those results enable efficient work on data analysis tools or education of aspiring researchers and can serve as basis for standardization or guidelines within the community—providing for methods to include as well as current inconsistencies.",openalex,llm,0.970,unreviewed,,doi:10.1007/s42979-024-03045-3
discarded,Evaluating refactorings for disciplining #ifdef annotations: An eye tracking study with novices,José Aldo Silva da Costa; Rohit Gheyi; Márcio Ribeiro; Sven Apel; Vander Alves; Baldoíno Fonseca; Flávio Medeiros; Alessandro Garcia,2021,Empirical Software Engineering,10.1007/s10664-021-10002-8,https://openalex.org/W3177497926,off-topic-false-hit,,openalex,llm,0.840,unreviewed,,doi:10.1007/s10664-021-10002-8
discarded,EMIP: The eye movements in programming dataset,Roman Bednarik; Teresa Busjahn; Agostino Gibaldi; Alireza Ahadi; Mária Bieliková; Martha E. Crosby; Kai Essig; Fabian Fagerholm; Ahmad Jbara; Raymond Lister; Pavel Orlov; James H. Paterson; Bonita Sharif; Teemu Sirkiä; Jan Stelovsky; Jozef Tvarožek; Hana Vrzáková; Ian van der Linde,2020,Science of Computer Programming,10.1016/j.scico.2020.102520,https://openalex.org/W3047109247,off-topic-false-hit,A large dataset that contains the eye movements of N=216 programmers of different experience levels captured during two code comprehension tasks is presented. Data are grouped in terms of programming expertise (from none to high) and other demographic descriptors. Data were collected through an international collaborative effort that involved eleven research teams across eight countries on four continents. The same eye tracking apparatus and software was used for the data collection. The Eye Movements in Programming (EMIP) dataset is freely available for download. The varied metadata in the EMIP dataset provides fertile ground for the analysis of gaze behavior and may be used to make novel insights about code comprehension.,openalex,llm,0.970,unreviewed,,doi:10.1016/j.scico.2020.102520
discarded,Development of Program Comprehension Skills by Novice Programmers – Longitudinal Eye Tracking Studies,Magdalena Andrzejewska; Paweł KOTONIAK,2020,Informatics in Education,10.15388/infedu.2020.23,https://openalex.org/W3111993545,off-topic-false-hit,"The article discusses the findings of longitudinal studies (three stages spanning 6 months) which were to investigate the process of acquiring the ability to comprehension program code by the computer science students having started to learn to program. The studies were conducted with the use of a knowledge measurement test, the diagnostic survey, and eye tracking technology that enabled the recording of movement of the subjects’ eyes and an analysis of the patterns of information processing during solving programming problems. The obtained results have shown that the students solved the tasks most effectively in the last stage of the research during which they obtained the highest indicator of correct answers in the significantly shortest time. In the last stage of the research the dominant form of the algorithmic problem analysis was code, in two previous it was flowchart. The eye tracking data have shown that regardless of the research stage the code analysis was definitely connected with a greater number of fixations, with very near values of time devoted to solving those two forms of the algorithm. The participants who increased their competences in a scope of the program code analysis had a significantly greater saccade amplitude average (SAA) and a significantly shorter fixation duration average (FDA) in the last stage of the research comparing to previous ones. The results suggest that the FDA and SAA are parameters sensitive to the development of program comprehension skills.",openalex,llm,0.960,unreviewed,,doi:10.15388/infedu.2020.23
discarded,The Use of Eye Tracking in Software Development,Bonita Sharif; Tim Shaffer,2015,Lecture notes in computer science,10.1007/978-3-319-20816-9_77,https://openalex.org/W837022369,off-topic-false-hit,,openalex,llm,0.950,unreviewed,,doi:10.1007/978-3-319-20816-9_77
