status,title,authors,year,venue,doi,url,tags,abstract,provider,decision_source,llm_confidence,llm_review_outcome,llm_change_direction,paper_id
discarded,Geometry of generated groups with metrics induced by their Cayley color graphs,Teerapong Suksumran,2018,math.MG,10.1515/agms-2019-0002,http://arxiv.org/abs/1810.08762v2,off-topic-false-hit,"Let $G$ be a group and let $S$ be a generating set of $G$. In this article, we introduce a metric $d_C$ on $G$ with respect to $S$, called the cardinal metric. We then compare geometric structures of $(G, d_C)$ and $(G, d_W)$, where $d_W$ denotes the word metric. In particular, we prove that if $S$ is finite, then $(G, d_C)$ and $(G, d_W)$ are not quasi-isometric in the case when $(G, d_W)$ has infinite diameter and they are bi-Lipschitz equivalent otherwise. We also give an alternative description of cardinal metrics by using Cayley color graphs. It turns out that color-permuting and color-preserving automorphisms of Cayley digraphs are isometries with respect to cardinal metrics.",arxiv,llm,0.990,unreviewed,,doi:10.1515/agms-2019-0002
discarded,Rethinking Cognitive Complexity for Unit Tests: Toward a Readability-Aware Metric Grounded in Developer Perception,"Ouedraogo, Wendkuuni C.; Li, Yinghua; Dang, Xueqi; Zhou, Xin; Koyuncu, Anil; Klein, Jacques; Lo, David; Bissyande, Tegawende F.",2025,"2025 IEEE INTERNATIONAL CONFERENCE ON SOFTWARE MAINTENANCE AND EVOLUTION, ICSME",10.1109/ICSME64153.2025.00082,https://www.webofscience.com/wos/woscc/full-record/WOS:001831819900072,adjacent-subtopic,"Automatically generated unit tests-from search-based tools like EvoSuite or LLMs-vary significantly in structure and readability. Yet most evaluations rely on metrics like Cyclomatic Complexity and Cognitive Complexity, designed for functional code rather than test code. Recent studies have shown that SonarSource's Cognitive Complexity metric assigns nearzero scores to LLM-generated tests, yet its behavior on EvoSuitegenerated tests and its applicability to test-specific code structures remain unexplored. We introduce CCTR, a Test-Aware Cognitive Complexity metric tailored for unit tests. CCTR integrates structural and semantic features like assertion density, annotation roles, and test composition patterns-dimensions ignored by traditional complexity models but critical for understanding test code. We evaluate 15,750 test suites generated by EvoSuite, GPT4o, and Mistral Large-1024 across 350 classes from Defects4J and SF110. Results show CCTR effectively discriminates between structured and fragmented test suites, producing interpretable scores that better reflect developer-perceived effort. By bridging structural analysis and test readability, CCTR provides a foundation for more reliable evaluation and improvement of generated tests. We publicly release all data, prompts, and evaluation scripts to support replication.",wos,llm,0.910,unreviewed,,doi:10.1109/icsme64153.2025.00082
discarded,Tracing Code Quality Evolution: Insights from a Data Structures and Algorithms Course,"Prajapati, Devanshi; Acufia, Ruben",2025,"2025 IEEE FRONTIERS IN EDUCATION CONFERENCE, FIE",10.1109/FIE63693.2025.11328661,https://www.webofscience.com/wos/woscc/full-record/WOS:001792342800520,adjacent-subtopic,"This full research paper investigates the evolution of code quality in student submissions within a second-year Data Structures and Algorithms (DS&A) course taught in Java. Poorly written code in the industry often leads to significant technical debt, making future modifications and scalability challenging. To address this issue at the educational level, our study aims to understand how students' coding practices naturally progress throughout our course and identify patterns that can inform pedagogical strategies for enhancing programming skills. A set of code quality metrics, forms the basis of this analysis. We analyze student submissions across multiple course modules and track select code quality metrics tailored to their second-year level. These results are analyzed at various granularities - module-wise and metric-wise trends - to capture the nuances of students' coding evolution. Our findings show that, without additional guidance, code quality improves over time, with reductions in readability and maintainability errors as the course progresses. Formatting errors, such as whitespace violations, remain high, comprising nearly half of all detected issues. The analysis reveals correlations between automated feedback on the assignment's technical requirements and subsequent improvements in code quality metrics, highlighting the natural evolution of students' practices as they adapt to increasingly complex programming tasks. The findings contribute to an understanding of students' learning behaviors in a DS&A course and provide insights for engineering educators to improve instructional approaches while establishing a framework for integrating code quality into computer science and software engineering education that can be adapted by institutions teaching fundamental programming concepts.",wos,llm,0.860,unreviewed,,doi:10.1109/fie63693.2025.11328661
discarded,How Does Test Code Differ From Production Code in Terms of Refactoring? An Empirical Study,"Horikawa, Kosei; Kashiwa, Yutaro; Lin, Bin; Fujiwara, Kenji; Iida, Hajimu",2025,"2025 IEEE INTERNATIONAL CONFERENCE ON SOFTWARE MAINTENANCE AND EVOLUTION, ICSME",10.1109/ICSME64153.2025.00079,https://www.webofscience.com/wos/woscc/full-record/WOS:001831819900069,adjacent-subtopic,"Refactoring is a widely applied practice for improving the internal structure of source code without altering its external behavior. Researchers have proposed approaches to detect refactoring operations and investigated their impact on the code quality. However, these studies often focus on production code, paying little attention to test code. It is still unclear whether developers perform refactoring on test code in the same way or for the same purpose. To fill this gap, we first investigate the types and prevalence of refactoring applied in production and test code, and then examine whether these refactorings impact the code quality in a different way. Our results show that certain refactorings are less common in the test code. Besides, while refactoring-related changes in production and/or test code improved readability, they had limited impact on most design smells. We also find that some specific refactoring types do impact certain design smells. These findings indicate the special attention needed for test code when analyzing refactorings.",wos,llm,0.890,unreviewed,,doi:10.1109/icsme64153.2025.00079
discarded,Beyond the Drug Label: Regulatory-Induced Complexities in Health Information,"Yeh, Marie A.; Walker, Kristen L.; Legocki, Kimberly V.; Torres, Molly; Eilert, Meike",2026,JOURNAL OF CONSUMER AFFAIRS,10.1111/joca.70046,https://www.webofscience.com/wos/woscc/full-record/WOS:001857378500001,off-topic-false-hit,"We investigate how content-centric regulation obligates pharmaceutical companies to provide material information that includes balanced information about a drug's benefits and risks to consumers. Paradoxically, this regulatory compliant information results in information so complex it leaves a vacuum of easy-to-digest and useful consumer information. This research compares company-provided information regulated by the Food and Drug Administration (patient package inserts) with consumer-to-consumer provided information, user-generated content in the form of prescription drug reviews (UGC), coded for risk and benefit and calculating readability and linguistic metrics. We apply a consumer-centric information complexity framework which identifies the disconnect between pharmaceutical company practices (as regulated) and UGC (relatively unregulated). Analyses show that UGC drug reviews present risks and benefits in a more balanced manner than manufacturer-created patient labels. Findings identify regulatory complexity as a driver of information inadequacy that may push consumers to UGC, indicating a need for information co-production between consumers, producers and regulators.",wos,llm,0.990,unreviewed,,doi:10.1111/joca.70046
discarded,Readability of AI-Generated Patient Visit Summaries in Orthopedic Surgery: Retrospective Analysis,"Major III, Edward Lee; Shah, Vivek P.; Carroll, Amber N.; Goetz, James R.; Malempati, Chaitu; Badarudeen, Sameer",2026,JOURNAL OF MEDICAL INTERNET RESEARCH,10.2196/87283,https://www.webofscience.com/wos/woscc/full-record/WOS:001856099100002,off-topic-false-hit,"Background: Patient visit summaries (PVS) are patient-facing documents intended to reinforce communication and promote patient education after clinical encounters. Despite national recommendations that patient education materials be written at or below a sixth-grade reading level, most orthopedic materials substantially exceed this threshold. Current visit summaries are also time-consuming to generate, lack personalization, and often fail to meet patient literacy needs. AI-based scribes can generate personalized PVS in real time directly from patient-provider conversations, offering a potential solution. Objective: This study aimed to evaluate the readability of AI-generated PVS produced by a commercial AI scribe platform in an orthopedic surgery setting and determine their alignment with established literacy standards for patient-facing materials. Methods: A total of 1007 consecutive AI-generated PVS from an academic orthopedic surgery outpatient clinic between December 2023 and May 2024 were reviewed. Following standardized preprocessing, including restoration of original section headings and removal of diagnosis label headers, summaries identified as incomplete were excluded (n=25), yielding a final study cohort of 982 summaries. Readability was assessed using 5 validated indices: the Flesch-Kincaid Grade Level (FKGL), Flesch Reading Ease Score (FRES), Gunning Fog Index (GFI), Coleman-Liau Index (CLI), and Simple Measure of Gobbledygook (SMOG) Index. The proportions of PVS meeting the sixth-and eighth-grade benchmarks were calculated. Spearman's rank correlation (rho) assessed associations between word count and readability metrics. The Kendall Coefficient of Concordance (W) was used to evaluate agreement among indices after reverse-coding FRES for directional alignment. Statistical significance was set at P<.05. Results: Among 982 analyzed PVS, the mean FKGL was 9.3 (SD 1.2, 95% CI 9.2-9.4) and the mean FRES was 57.6 (SD 7.9, 95% CI 57.1-58.1), corresponding to ""fairly difficult."" Mean scores for secondary indices were 12.4 (SD 1.6) for GFI, 11.0 (SD 1.5) for CLI, and 12.4 (SD 1.2) for SMOG. Only 0.4% (4/982) of PVS met the sixth-grade benchmark and 14.2% (139/982) met the eighth-grade threshold. Word count was not significantly correlated with FKGL (rho=0.012, P=.70), suggesting that sentence structure and vocabulary rather than document length drive reading complexity. Readability indices demonstrated strong agreement across all 5 metrics (W=0.882, P<.001). Conclusions: In this orthopedic outpatient setting, AI-generated PVS consistently exceeded recommended patient literacy thresholds, with a mean ninth-grade reading level and only 14.2% of summaries meeting the eighth-grade standard. In the absence of a concurrent comparison group, the present study was not designed to evaluate improvement over traditional methods. These findings establish a quantitative readability baseline for AI scribe output in orthopedic surgery and highlight the need for algorithmic refinement, plain language optimization, and prospective patient comprehension testing to improve health communication.",wos,llm,0.990,unreviewed,,doi:10.2196/87283
discarded,Beyond the Oracle Problem: A Framework to Decouple Technical Alignment Debt from Human Cognitive Offloading in LLMs,"Condori-Bustincio, Karina Flor",2026,REVISTA PUBLICACIONES,10.30827/publicaciones.v56i1.36849,https://www.webofscience.com/wos/woscc/full-record/WOS:001854586900001,off-topic-false-hit,"Introduction: Generative AI in education presents the ""Oracle Problem,"" driven by two interconnected risks: Human Cognitive Offloading and Technical Alignment Debt. While over-reliance on AI is linked to decreased neural connectivity in Alpha and Theta bands-creating ""cognitive debt""-standard RLHF safety paradigms instill a subservience bias that prioritiz-es user distress reduction over essential pedagogical friction Method: Using a Socratic Tutor Architecture based on the ICAP paradigm, three models (GPT-5.1, Gemini 3 Pro, and DeepSeek-V3) were evaluated across STEAM domains, including Mathematics, Coding, and Arts. The experiment was conducted in Spanish, utilizing the Fern & aacute;ndez-Huerta Readability Index to ensure linguistic validity. We employed an Exploratory Stress-Test Framework where synthetic students escalated through five levels of psychometric stress-from confusion to aggressive coercion-to force a pedagogical collapse. Results: Under maximum stress, high-reasoning models exhibited ""Compassionate Col-lapse,"" leaking direct solutions to appease user emotional pain. While Gemini 3 Pro and DeepSeek-V3 maintained higher rigor, they displayed ""Scaffolding Degradation"" by simplifying problems into trivial hints. Metrics such as the Interrogative Ratio IRand Direct Answer Risk DAR confirmed the structural decay of socratic guidance at higher stress gradients. Conclusions: The findings demonstrate that superior reasoning capabilities (or high-reasoning models) do not automatically guarantee pedagogical safety, as standard safety alignment protocols fundamentally conflict with long-term educational goals. To reconcile the tension between safety and rigor, a paradigm shift toward domain-specific fine-tuning-specifically Pedagogical Reinforcement Learning from Human Feedback (P-RLHF)-is required to ensure AI tutors maintain the necessary cognitive burden rather than yielding to instant user gratification.",wos,llm,0.970,unreviewed,,doi:10.30827/publicaciones.v56i1.36849
discarded,Application of Large Language Models in Chronic Disease Care: Mixed Methods Systematic Review and Thematic Synthesis,"Zhang, Linghui; Huai, Panpan; Xu, Rui; Sun, Jingjing; Jin, Ruihua; Lv, Huimei",2026,JOURNAL OF MEDICAL INTERNET RESEARCH,10.2196/90744,https://www.webofscience.com/wos/woscc/full-record/WOS:001849562900004,off-topic-false-hit,"Background: Chronic diseases account for nearly three-quarters of global deaths and demand continuous, personalized long-term management; yet traditional care models often fall short in delivering such sustained support. Large language models, with advanced conversational and analytical capabilities, present promising opportunities to address the problem by offering scalable, interactive support. However, a comprehensive synthesis of evidence across diverse study designs, which moves beyond isolated technical metrics to evaluate large language models through a structured, theory-driven lens, remains limited. Objective: This study aimed to synthesize quantitative, qualitative, and mixed methods evidence on technical performance, application scenarios, and documented challenges of large language models in chronic disease care, and to critically evaluate these findings through a theory-driven, 3D framework informed by Orem's Self-Care Theory. Methods: The mixed methods systematic review adhered to the PRISMA (Preferred Reporting Items for Systematic Reviews and Meta-Analyses) 2020 and SWiM (Synthesis Without Meta-Analysis) guidelines. A comprehensive computer-based search was conducted across PubMed, Web of Science, Embase, Cochrane Library, CINAHL, Wiley Online Library, SpringerLink, ScienceDirect, China National Knowledge Infrastructure, Wanfang Data, VIP Database, and the China Biology Medicine Disc from inception to April 2026. Two independent researchers performed study screening, data extraction, and quality appraisal using the Mixed Methods Appraisal Tool 2018. Given significant clinical and methodological heterogeneity across the included studies, a quantitative meta-analysis was not appropriate; instead, thematic synthesis was used following Thomas and Harden's 3-step approach, with NVivo 14 (Lumivero) used for line-by-line coding and theme development, all informed by Orem's 3D framework. Results: A total of 20 studies were included, all rated as moderate or high quality. The thematic synthesis revealed three core themes aligned with the proposed framework: (1) foundational safety, privacy, and fairness (hallucination risks and data concerns); (2) self-care enablement through perceived usefulness (patient education, decision support, and self-management); and (3) design and system integration challenges (readability mismatches and workflow gaps). Patient education and clinical decision support were the most common application scenarios. Key technical enhancements (retrieval-augmented generation [RAG] and fine-tuning) primarily strengthened the second theme, while barriers such as content readability, hallucination risks, and ethical ambiguities limited real-world readiness. Conclusions: This review is the first to integrate Orem's Self-Care Theory into a 3D evaluative framework for large language models in chronic care, thereby moving beyond fragmented, technology-centric assessments toward a structured, nursing-informed, and theory-driven synthesis. Unlike prior reviews that primarily focused on isolated technical metrics or broad feasibility, this synthesis provides a layered, discipline-grounded evaluation distinguishing foundational safety, self-care enablement, and system integration. These findings show evidence mainly supports the intermediate layer, while safeguards and operational integration remain deficient, guiding nursing research toward safety assurances, health-literacy-adaptive design, and implementation science for equitable, patient-centered care.",wos,llm,0.990,unreviewed,,doi:10.2196/90744
discarded,PromoCraft plus : a human-in-the-loop framework for auditing AI-generated insurance promotions,"Saxena, Anshul",2026,MARKETING INTELLIGENCE & PLANNING,10.1108/MIP-03-2025-0273,https://www.webofscience.com/wos/woscc/full-record/WOS:001818591700001,off-topic-false-hit,"Purpose-This paper examines how generative AI is reshaping financial-services marketing by focusing on the information quality of AI-generated insurance SMS messages. It addresses three gaps: how recipients evaluate relevance and soundness, how these perceptions relate to quantitative text metrics, and how human oversight can be structured to reduce communication risk in a regulated context through the PromoCraft+ framework. Design/methodology/approach-A mixed-methods design was used. A total of 450 insurance promotional SMS messages were generated using three LLMs under zero-shot, one-shot, and few-shot conditions. Quantitative evaluation was conducted at the model level using readability, formality, concreteness, and ROUGE, with ANOVA used to test differences across models. Qualitative evidence was collected through 19 semi-structured interviews and analysed using the Gioia methodology, guided by Eppler's relevance and soundness dimensions. Findings-The results show significant model-level differences in linguistic quality across readability, formality, concreteness, and ROUGE. However, the qualitative findings show that recipient judgments depend on more than linguistic fluency. Messages were valued when they were clear, concise, and internally consistent, but were judged less favourably when they lacked context, appeared exaggerated, or did not feel personally useful. The findings therefore indicate only partial convergence between machine-evaluated metrics and human judgments, supporting the need for structured human oversight in regulated marketing communication. Research limitations/implications-The findings are based on insurance SMS and may not generalize directly to other industries, channels, or longer-form content. Practical implications-The study offers a replicable framework for assessing AI-generated marketing content in high-trust, compliance-sensitive settings. Social implications-The framework supports more ethical, transparent, and audience-sensitive deployment of AI in marketing communication. Originality/value-The paper introduces PromoCraft+, a human-in-the-loop audit framework that connects automated screening with recipient-level evaluation and coded interpretation. It also contributes a domain-specific INK-10 dataset and extends Eppler's Information Quality Model into the context of AI-generated insurance promotions.",wos,llm,0.980,unreviewed,,doi:10.1108/mip-03-2025-0273
