status,title,authors,year,venue,doi,url,tags,abstract,provider,decision_source,llm_confidence,llm_review_outcome,llm_change_direction,paper_id
discarded,scikit-image: image processing in Python,Stéfan van der Walt; Johannes L. Schönberger; Juan Nunez-Iglesias; François Boulogne; Joshua Warner; Neil Yager; Emmanuelle Gouillart; Tony Yu,2014,PeerJ,10.7717/peerj.453,https://openalex.org/W2015159529,off-topic-false-hit,"scikit-image is an image processing library that implements algorithms and utilities for use in research, education and industry applications. It is released under the liberal Modified BSD open source license, provides a well-documented API in the Python programming language, and is developed by an active, international team of collaborators. In this paper we highlight the advantages of open source to achieve the goals of the scikit-image library, and we showcase several real-world image processing applications that use scikit-image. More information can be found on the project homepage, http://scikit-image.org.",openalex,llm,1.000,unreviewed,,doi:10.7717/peerj.453
discarded,Code Style Sheets: CSS for Code,Sam Cohen; Ravi Chugh,2025,Proceedings of the ACM on Programming Languages,10.1145/3720421,https://openalex.org/W4409311147,adjacent-subtopic,"Program text is rendered using impoverished typographic styles. Beyond choice of fonts and syntax-highlighting colors, code editors and related tools utilize very few text decorations. These limited styles are, furthermore, applied in monolithic fashion, regardless of the programs and tasks at hand. We present the notion of code style sheets for styling program text. Motivated by analogy to cascading style sheets (CSS) for styling HTML documents, code style sheets provide mechanisms for defining rules to select elements from an abstract syntax tree (AST) in order to style their corresponding visual representation. Technically, our selector language generalizes essential constructs from CSS to a programming-language setting with algebraic data types (such as ASTs). Practically, code style sheets allow ASTs to be styled granularly, based on semantic information—such as the structure of abstract syntax, static type information, and corresponding run-time values—as well as design choices on the part of authors and readers of a program. Because programs are heavily nested in structure, a key aspect of our design is a layout algorithm that renders nested, multiline text blocks more compactly than in existing box-based layout systems such as HTML. In this paper, we design and implement a code style sheets system for a subset of Haskell, using it to illustrate several code presentation and visualization tasks. These examples demonstrate that code style sheets provide a uniform framework for rendering programs in multivarious ways, which could be employed in future designs for text-based as well as structure editors.",openalex,llm,0.910,unreviewed,,doi:10.1145/3720421
discarded,An empirical study of novice program comprehension in the imperative and object-oriented styles,V. Ramalingam; Susan Wiedenbeck,1997,,10.1145/266399.266411,https://openalex.org/W2093017147,off-topic-false-hit,"The objective of this study was to determine whether the mental representation of object-oriented programs differs from imperative programs for novice programmers. In our study novices who had little or no previous programming experience studied and answered questions about three imperative and three object-oriented programs. The questions targeted information categories making up the program model and the domain model representations of the programs. It was found that there was a sharp contrast between the mental representations of the imperative and object-oriented programs. While the comprehension of the imperative programs was better overall than that of the object-oriented programs, the mental representations of the imperative programs focused on program-level knowledge. On the other hand, the mental representations of the objectoriented programs focused more strongly on domain-level knowledge. The results tend to support the view that language notations differ in how well they support the extraction of various kinds of information.",openalex,llm,0.870,unreviewed,,doi:10.1145/266399.266411
discarded,Early Identification of Novice Programmers' Challenges in Coding Using Machine Learning Techniques,Alireza Ahadi,2016,,10.1145/2960310.2960339,https://openalex.org/W2514985160,off-topic-false-hit,"It is well known that many first year undergraduate university students struggle with learning to program. Educational Data Mining (EDM) applies machine learning and statistics to information generated from educational settings. In this PhD project, EDM is used to study first semester novice programmers, using data collected from students as they work on computers to complete their normal weekly laboratory exercises. Analysis of the generated snapshots has shown the potential for early identification of students who later struggle in the course. The aim of this study is to propose a method for early identification of ""at risk"" students while providing suggestions on how they can improve their coding style. This PhD project is within its final year.",openalex,llm,0.910,unreviewed,,doi:10.1145/2960310.2960339
discarded,PROGRAMMING STYLE ON SOURCE CODE PLAGIARISM AND COLLUSION DETECTION,Oscar Karnalim; Gisela Kurniawati,2020,International Journal of Computing,10.47839/ijc.19.1.1690,https://openalex.org/W3016372390,adjacent-subtopic,"This paper utilises programming style on a source code plagiarism and collusion detection to both capture obvious attempts of such academic dishonesty (which characteristics are ignored on most detection techniques) and prioritise non-coincidental similarity to the coincidental one (as only the former can raise suspicion). The technique relies on pairwise programming style similarity to deal with the former and dishonesty probability (how significant is the programming style change between the author’s current submission and previous submissions) to deal with the latter. According to our evaluation, programming style similarity can increase precision since when a code is copied, the programming style can be unconsciously shared (especially for novice students). Dishonesty probability increases not only precision but also recall, f-score, and the resulted similarity degree of suspected pairs; the copied code commonly has different programming style in comparison with the student’s usual style (captured from previous submissions). Our detection technique is comparable to a common technique in academia except that it takes longer processing time as more hints are generated and considered.",openalex,llm,0.950,unreviewed,,doi:10.47839/ijc.19.1.1690
discarded,Learning Code-Edit Embedding to Model Student Debugging Behavior,Hasnain Heickal; Andrew Lan,2025,cs.SE,10.48550/arXiv.2502.19407,http://arxiv.org/abs/2502.19407v2,off-topic-false-hit,"Providing effective feedback for programming assignments in computer science education can be challenging: students solve problems by iteratively submitting code, executing it, and using limited feedback from the compiler or the auto-grader to debug. Analyzing student debugging behavior in this process may reveal important insights into their knowledge and inform better personalized support tools. In this work, we propose an encoder-decoder-based model that learns meaningful code-edit embeddings between consecutive student code submissions, to capture their debugging behavior. Our model leverages information on whether a student code submission passes each test case to fine-tune large language models (LLMs) to learn code editing representations. It enables personalized next-step code suggestions that maintain the student's coding style while improving test case correctness. Our model also enables us to analyze student code-editing patterns to uncover common student errors and debugging behaviors, using clustering techniques. Experimental results on a real-world student code submission dataset demonstrate that our model excels at code reconstruction and personalized code suggestion while revealing interesting patterns in student debugging behavior.",arxiv,llm,0.970,unreviewed,,doi:10.48550/arxiv.2502.19407
discarded,Teaching Program Decomposition in CS1: A Conceptual Framework for Improved Code Quality,Georgiana Haldeman; Judah Robbins Bernal; Alec Wydra; Paul Denny,2024,cs.SE,10.48550/arXiv.2411.09463,http://arxiv.org/abs/2411.09463v2,adjacent-subtopic,"Program decomposition is essential for developing maintainable and efficient software, yet it remains a challenging skill to teach and learn in introductory programming courses. What does program decomposition for procedural CS1 programs entail? How can CS1 students improve the decomposition of their programs? What scaffolded exercises can instructors use to teach program decomposition skills? We aim to answer all these questions by presenting a conceptual framework that (1) is grounded in the established code style principles, (2) provides a systematic approach that can be taught to students as an actionable strategy to improve the program decomposition of their programs, and (3) includes scaffolded exercises to be used in classroom activities. In addition, this systematic approach is automatable and can further be used to implement visualizers, automated feedback generators and digital tutors.",arxiv,llm,0.820,unreviewed,,doi:10.48550/arxiv.2411.09463
discarded,CodeGENCAT: Generative Computerized Adaptive Testing for Open-ended Coding Problems,Wanyong Feng; Alexander Scarlatos; Ruochen Sun; Andrew Lan,2026,cs.CL,10.48550/arXiv.2602.20020,http://arxiv.org/abs/2602.20020v2,off-topic-false-hit,"Existing Computerized Adaptive Testing (CAT) frameworks typically select questions based on the predicted likelihood that the student will answer correctly. This design ignores information contained in students' open-ended responses, especially in domains such as programming education, where code structures and bugs contain rich information on student knowledge. In this work, we propose \textbf{Code} \textbf{GEN}erative \textbf{CAT} (\textbf{CodeGENCAT}), a generative CAT framework that selects questions using predicted student code responses. First, we develop a Generative Item Response Theory (GIRT) model that generates code responses conditioned on estimated student knowledge, trained with supervised fine-tuning followed by direct preference optimization for knowledge-response alignment. Second, we introduce three question-selection algorithms that measure uncertainty, coding style diversity, and information from predicted student code responses. Experiments on two real-world programming education datasets show that CodeGENCAT outperforms all CAT baselines, achieving an AUC improvement of up to 4.32\% over the strongest baseline in the early stages of adaptive testing.",arxiv,llm,0.980,unreviewed,,doi:10.48550/arxiv.2602.20020
discarded,AI-enhanced Auto-correction of Programming Exercises: How Effective is GPT-3.5?,Imen Azaiz; Oliver Deckarm; Sven Strickroth,2023,cs.CY,10.3991/ijep.v13i8.45621,http://arxiv.org/abs/2311.10737v1,adjacent-subtopic,"Timely formative feedback is considered as one of the most important drivers for effective learning. Delivering timely and individualized feedback is particularly challenging in large classes in higher education. Recently Large Language Models such as GPT-3 became available to the public that showed promising results on various tasks such as code generation and code explanation. This paper investigates the potential of AI in providing personalized code correction and generating feedback. Based on existing student submissions of two different real-world assignments, the correctness of the AI-aided e-assessment as well as the characteristics such as fault localization, correctness of hints, and code style suggestions of the generated feedback are investigated. The results show that 73 % of the submissions were correctly identified as either correct or incorrect. In 59 % of these cases, GPT-3.5 also successfully generated effective and high-quality feedback. Additionally, GPT-3.5 exhibited weaknesses in its evaluation, including localization of errors that were not the actual errors, or even hallucinated errors. Implications and potential new usage scenarios are discussed.",arxiv,llm,0.880,unreviewed,,doi:10.3991/ijep.v13i8.45621
discarded,How far are AI-powered programming assistants from meeting developers' needs?,Xin Tan; Xiao Long; Xianjun Ni; Yinghao Zhu; Jing Jiang; Li Zhang,2024,cs.SE,10.48550/arXiv.2404.12000,http://arxiv.org/abs/2404.12000v2,off-topic-false-hit,"Recent In-IDE AI coding assistant tools (ACATs) like GitHub Copilot have significantly impacted developers' coding habits. While some studies have examined their effectiveness, there lacks in-depth investigation into the actual assistance process. To bridge this gap, we simulate real development scenarios encompassing three typical types of software development tasks and recruit 27 computer science students to investigate their behavior with three popular ACATs. Our goal is to comprehensively assess ACATs' effectiveness, explore characteristics of recommended code, identify reasons for modifications, and understand users' challenges and expectations. To facilitate the study, we develop an experimental platform that includes a data collection plugin for VSCode IDE and provides functions for screen recording, code evaluation, and automatic generation of personalized interview and survey questions. Through analysis of the collected data, we find that ACATs generally enhance task completion rates, reduce time, improve code quality, and increase self-perceived productivity. However, the improvement is influenced by both the nature of coding tasks and users' experience level. Notably, for experienced participants, the use of ACATs may even increase completion time. We observe that ""edited line completion"" is the most frequently recommended way, while ""comments completion"" and ""string completion"" have the lowest acceptance rates. The primary reasons for modifying recommended code are disparities between output formats and requirements, flawed logic, and inconsistent code styles. In terms of challenges and expectations, optimization of service access and help documentation is also concerned by participants except for functionality and performance. Our study provides valuable insights into the effectiveness and usability of ACATs, informing further improvements in their design and implementation.",arxiv,llm,0.950,unreviewed,,doi:10.48550/arxiv.2404.12000
discarded,Raven: Rethinking Automated Assessment for Scratch Programs via Video-Grounded Evaluation,Donglin Li; Daming Li; Hanyuan Shi; Jialu Zhang,2026,cs.SE,10.48550/arXiv.2604.17820,http://arxiv.org/abs/2604.17820v1,off-topic-false-hit,"Block-based programming environments such as Scratch are widely used in introductory computing education, yet scalable and reliable automated assessment remains elusive. Scratch programs are highly heterogeneous, event-driven, and visually grounded, which makes traditional assertion-based or test-based grading brittle and difficult to scale. As a result, assessment in real Scratch classrooms still relies heavily on manual inspection and delayed feedback, introducing inconsistency across instructors and limiting scalability.
  We present Raven, an automated assessment framework for Scratch that replaces program-specific state assertions with instructor-specified, task-level video generation rules shared across all student submissions. Raven integrates large language models with video analysis to evaluate whether a program's observed visual and interactive behaviors satisfy grading criteria, without requiring explicit test cases or predefined outputs. This design enables consistent evaluation despite substantial diversity in implementation strategies and interaction sequences.
  We evaluate Raven on 13 real Scratch assignments comprising over 140 student submissions with ground-truth labels from human graders. The results show that Raven significantly outperforms prior automated assessment tools in both grading accuracy and robustness across diverse programming styles. A classroom study with 30 students and 10 instructors further demonstrates strong user acceptance and practical applicability. Together, these findings highlight the effectiveness of task-level behavioral abstractions for scalable assessment of open-ended, event-driven programs.",arxiv,llm,0.990,unreviewed,,doi:10.48550/arxiv.2604.17820
discarded,SlsReuse: LLM-Powered Serverless Function Reuse,Jinfeng Wen; Yuehan Sun,2025,cs.SE,10.48550/arXiv.2511.17262,http://arxiv.org/abs/2511.17262v1,off-topic-false-hit,"Serverless computing has rapidly emerged as a popular cloud computing paradigm. It enables developers to implement function-level tasks, i.e., serverless functions, without managing infrastructure. While reducing operational overhead, it poses challenges, especially for novice developers. Developing functions from scratch requires adapting to heterogeneous, platform-specific programming styles, making the process time-consuming and error-prone. Function reuse offers a promising solution to address these challenges. However, research on serverless computing lacks a dedicated approach for function recommendation. Existing techniques from traditional contexts remain insufficient due to the semantic gap between task descriptions and heterogeneous function implementations. Advances in large language models (LLMs), pre-trained on large-scale corpora, create opportunities to bridge this gap by aligning developer requirements with function semantics.
  This paper presents SlsReuse, the first LLM-powered framework for serverless function reuse. Specifically, SlsReuse first constructs a reusable function repository serving as a foundational knowledge base. Then, it learns unified semantic-enhanced representations of heterogeneous functions through effective prompt engineering with few-shot prompting, capturing implicit code intent, target platforms, programming languages, and cloud services. Finally, given a natural language task query, SlsReuse performs intent-aware discovery combined with a multi-level pruning strategy and similarity matching. We evaluate SlsReuse on a curated dataset of 110 task queries. Built on ChatGPT-4o, one of the most representative LLMs, SlsReuse achieves Recall@10 of 91.20%, exceeding the state-of-the-art baseline by 24.53 percentage points.",arxiv,llm,0.990,unreviewed,,doi:10.48550/arxiv.2511.17262
discarded,A Controlled Experiment of Different Code Representations for\n Learning-Based Bug Repair,Marjane Namavar; Noor Nashid; Ali Mesbah,2021,arXiv (Cornell University),10.48550/arxiv.2110.14081,https://openalex.org/W4285787561,adjacent-subtopic,"Training a deep learning model on source code has gained significant traction\nrecently. Since such models reason about vectors of numbers, source code needs\nto be converted to a code representation before vectorization. Numerous\napproaches have been proposed to represent source code, from sequences of\ntokens to abstract syntax trees. However, there is no systematic study to\nunderstand the effect of code representation on learning performance. Through a\ncontrolled experiment, we examine the impact of various code representations on\nmodel accuracy and usefulness in deep learning-based program repair. We train\n21 different generative models that suggest fixes for name-based bugs,\nincluding 14 different homogeneous code representations, four mixed\nrepresentations for the buggy and fixed code, and three different embeddings.\nWe assess if fix suggestions produced by the model in various code\nrepresentations are automatically patchable, meaning they can be transformed to\na valid code that is ready to be applied to the buggy code to fix it. We also\nconduct a developer study to qualitatively evaluate the usefulness of inferred\nfixes in different code representations. Our results highlight the importance\nof code representation and its impact on learning and usefulness. Our findings\nindicate that (1) while code abstractions help the learning process, they can\nadversely impact the usefulness of inferred fixes from a developer's point of\nview; this emphasizes the need to look at the patches generated from the\npractitioner's perspective, which is often neglected in the literature, (2)\nmixed representations can outperform homogeneous code representations, (3) bug\ntype can affect the effectiveness of different code representations; although\ncurrent techniques use a single code representation for all bug types, there is\nno single best code representation applicable to all bug types.\n",openalex,llm,0.940,unreviewed,,doi:10.48550/arxiv.2110.14081
discarded,Harnessing Rule-Based Chatbots to Support Teaching Python Programming Best Practices,Juan Carlos Farah; Basile Spaenlehauer; Sandy Ingram; Aditya Kumar Purohit; Adrian Holzer; Denis Gillet,2024,Lecture notes in networks and systems,10.1007/978-3-031-51979-6_47,https://openalex.org/W4391389122,adjacent-subtopic,,openalex,llm,0.840,unreviewed,,doi:10.1007/978-3-031-51979-6_47
