status,title,authors,year,venue,doi,url,tags,abstract,provider,decision_source,llm_confidence,llm_review_outcome,llm_change_direction,paper_id
discarded,Relationship between Family Variables and Career Adaptability: A Meta-Analysis,"Wang, Zhuoxi; Dong, Wei",2024,BEHAVIORAL SCIENCES,10.3390/bs14090840,https://www.webofscience.com/wos/woscc/full-record/WOS:001323723200001,off-topic-false-hit,"This study aimed to examine the relationship between family variables (i.e., family support, family SES, parental career-related behavior (PCB) support, PCB interference, and a PCB lack of engagement) and career adaptability through a meta-analysis. A systematic search for relevant studies was conducted using research databases. Twenty-four quantitative studies were yielded from 1684 records on the association between family variables and CA that were published between 1981 and 2024. Two researchers conducted data extraction independently, following coding standards. Comprehensive Meta-Analysis Version 3.3 was used in this study. The result showed that PCB support demonstrated a moderately significant correlation with CA and the largest effect size (r = 0.325). A non-significant result was found only for the correlation between PCB interference and CA. Except for gender, the moderating effects of region, age, CA measure, and publication year were found in the relationship between some family variables and CA. One limitation is the restricted range of the samples due to few studies investigating samples from regions other than Asia. The findings can highlight future directions for family studies and career research and hold practical implications for institutes, companies, and communities related to career development. This study was registered in the Open Science Framework (10.17605/OSF.IO/76HNQ).",wos,llm,0.990,unreviewed,,doi:10.3390/bs14090840
discarded,Object Segmentation-Assisted Inter Prediction for Versatile Video Coding,"Li, Zhuoyuan; Yuan, Zikun; Li, Li; Liu, Dong; Tang, Xiaohu; Wu, Feng",2024,IEEE TRANSACTIONS ON BROADCASTING,10.1109/TBC.2024.3434520,https://www.webofscience.com/wos/woscc/full-record/WOS:001290234000001,off-topic-false-hit,"In modern video coding standards, block-based inter prediction is widely adopted, which brings high compression efficiency. However, in natural videos, there are usually multiple moving objects of arbitrary shapes, resulting in complex motion fields that are difficult to represent compactly. This problem has been tackled by more flexible block partitioning methods in the Versatile Video Coding (VVC) standard, but the more flexible partitions require more overhead bits to signal and still cannot be made arbitrarily shaped. To address this limitation, we propose an object segmentation-assisted inter prediction method (SAIP), where objects in the reference frames are segmented by some advanced technologies. With a proper indication, the object segmentation mask is translated from the reference frame to the current frame as the arbitrary-shaped partition of different regions without any extra signal. Using the segmentation mask, motion compensation is separately performed for different regions, achieving higher prediction accuracy. The segmentation mask is further used to code the motion vectors of different regions more efficiently. Moreover, the segmentation mask is considered in the joint rate-distortion optimization for motion estimation and partition estimation to derive the motion vector of different regions and partition more accurately. The proposed method is implemented into the VVC reference software, VTM version 12.0. Experimental results show that the proposed method achieves up to 1.98%, 1.14%, 0.79%, and on average 0.82%, 0.49%, 0.37% BD-rate reduction for common test sequences, under the Low-delay P, Low-delay B, and Random Access configurations, respectively.",wos,llm,1.000,unreviewed,,doi:10.1109/tbc.2024.3434520
discarded,The future of grading programming assignments in education: The role of ChatGPT in automating the assessment and feedback process,"Jukiewicz, Marcin",2024,THINKING SKILLS AND CREATIVITY,10.1016/j.tsc.2024.101522,https://www.webofscience.com/wos/woscc/full-record/WOS:001202188600001,adjacent-subtopic,"This research evaluated ChatGPT's potential as a tool for grading programming tasks, exploring its capability to understand and assess code quality. The study took place over a 15-week Python programming course with 67 students of the Cognitive Science program. Nine different assignments were assessed by both a teacher and the ChatGPT system, and the grading differences were recorded. The teacher's grades were higher than those generated by ChatGPT. Despite this, there was a strong positive correlation between these grades, suggesting consistency in grading. Nonetheless, the repeatability of ChatGPT's evaluations was excellent, and the observed differences in successive evaluations during grading iterations were negligible. The study concludes that ChatGPT could be a beneficial tool for grading programming assignments, providing several advantages such as time efficiency, quality assessment, unbiased grading, enforcement of coding standards, and the ability to generate feedback. However, the system has limitations such as cost, potential hallucinations, lack of absolute agreement reproducible results, and the occasional need for teacher intervention. The study suggests that the artificial intelligence model could complement or even substitute human grading but requires careful usage and potential verification by a human teacher.",wos,llm,0.860,unreviewed,,doi:10.1016/j.tsc.2024.101522
discarded,POINT CLOUD GEOMETRY AND COLOR CODING IN A LEARNING-BASED ECOSYSTEM FOR JPEG CODING STANDARDS,"Guarda, Andre F. R.; Rodrigues, Nuno M. M.; Pereira, Fernando",2023,"2023 IEEE INTERNATIONAL CONFERENCE ON IMAGE PROCESSING, ICIP",10.1109/ICIP49359.2023.10222190,https://www.webofscience.com/wos/woscc/full-record/WOS:001106821002135,off-topic-false-hit,"Despite its novelty, learning-based coding for images and point clouds is already outperforming some of the best long-standing conventional codecs. In addition to its rising compression performance, learning-based coding has opened new opportunities, notably the use of a single compressed domain representation to provide both high fidelity reconstructions for human visualization as well as effective performance for computer vision tasks, effectively unifying the visual language for man and machine. This paper proposes a new double learning-based static point cloud geometry and color coding solution, which targets point cloud component scalability, rate control flexibility at coding time, and a unified compressed domain representation. The proposed solution exploits the synergies between learning-based coding for images and point clouds, through the current JPEG PCC standard for geometry coding and the JPEG AI standard for image/color coding, establishing a learning-based ecosystem for JPEG coding standards. The proposed solution is able to overcome some design limitations of the current JPEG PCC Verification Model, and significantly improve its RD performance, becoming competitive with MPEG PCC standards.",wos,llm,1.000,unreviewed,,doi:10.1109/icip49359.2023.10222190
discarded,An End-to-End Video Coding Method via Adaptive Vision Transformer,"Yang, Haoyan; Zhou, Mingliang; Shang, Zhaowei; Pu, Huayan; Luo, Jun; Huang, Xiaoxu; Wang, Shilong; Cao, Huajun; Wei, Xuekai; Xian, Weizhi",2024,INTERNATIONAL JOURNAL OF PATTERN RECOGNITION AND ARTIFICIAL INTELLIGENCE,10.1142/S021800142354023X,https://www.webofscience.com/wos/woscc/full-record/WOS:001154032400004,off-topic-false-hit,"Deep learning-based video coding methods have demonstrated superior performance compared to classical video coding standards in recent years. The vast majority of the existing deep video coding (DVC) networks are based on convolutional neural networks (CNNs), and their main drawback is that since CNNs are affected by the size of the receptive field, they cannot effectively handle long-range dependencies and local detail recovery. Therefore, how to better capture and process the overall structure as well as local texture information in the video coding task is the core issue. Notably, the transformer employs a self-attention mechanism that captures dependencies between any two positions in the input sequence without being constrained by distance limitations. This is an effective solution to the problem described above. In this paper, we propose end-to-end transformer-based adaptive video coding (TAVC). First, we compress the motion vector and residuals through a compression network built on the vision transformer (ViT) and design the motion compensation network based on ViT. Second, based on the requirement of video coding to adapt to different resolution inputs, we introduce a position encoding generator (PEG) as adaptive position encoding (APE) to maintain its translation invariance across different resolution video coding tasks. The experiment shows that for multiscale structural similarity index measurement (MS-SSIM) metrics, this method exhibits significant performance gaps compared to conventional engineering codecs, such as x 264, x 265, and VTM-15.2. We also achieved a good performance improvement compared to the CNN-based DVC methods. In the case of peak signal-to-noise ratio (PSNR) evaluation metrics, TAVC also achieves good performance.",wos,llm,1.000,unreviewed,,doi:10.1142/s021800142354023x
discarded,Coarse-to-Fine Network-Based Intra Prediction in Versatile Video Coding,"Park, Dohyeon; Moon, Gihwa; Oh, Byung Tae; Kim, Jae-Gon",2023,SENSORS,10.3390/s23239452,https://www.webofscience.com/wos/woscc/full-record/WOS:001116080800001,off-topic-false-hit,"After the development of the Versatile Video Coding (VVC) standard, research on neural network-based video coding technologies continues as a potential approach for future video coding standards. Particularly, neural network-based intra prediction is receiving attention as a solution to mitigate the limitations of traditional intra prediction performance in intricate images with limited spatial redundancy. This study presents an intra prediction method based on coarse-to-fine networks that employ both convolutional neural networks and fully connected layers to enhance VVC intra prediction performance. The coarse networks are designed to adjust the influence on prediction performance depending on the positions and conditions of reference samples. Moreover, the fine networks generate refined prediction samples by considering continuity with adjacent reference samples and facilitate prediction through upscaling at a block size unsupported by the coarse networks. The proposed networks are integrated into the VVC test model (VTM) as an additional intra prediction mode to evaluate the coding performance. The experimental results show that our coarse-to-fine network architecture provides an average gain of 1.31% Bjontegaard delta-rate (BD-rate) saving for the luma component compared with VTM 11.0 and an average of 0.47% BD-rate saving compared with the previous related work.",wos,llm,1.000,unreviewed,,doi:10.3390/s23239452
discarded,Optimization of the Generative Multi-Symbol Architecture of the Binary Arithmetic Coder for UHDTV Video Encoders,"Pastuszak, Grzegorz",2023,ELECTRONICS,10.3390/electronics12224643,https://www.webofscience.com/wos/woscc/full-record/WOS:001118093000001,off-topic-false-hit,"Previous studies have shown that the application of the M-coder in the H.264/AVC and H.265/HEVC video coding standards allows for highly parallel implementations without decreasing maximal frequencies. Although the primary limitation on throughput, originating from the range register update, can be eliminated, other limitations are associated with low register processing. Their negative impact is revealed at higher degrees of parallelism, leading to a gradual throughput saturation. This paper presents optimizations introduced to the generative hardware architecture to increase throughputs and hardware efficiencies. Firstly, it can process more than one bypass-mode subseries in one clock cycle. Secondly, aggregated contributions to the codestream are buffered before the low register update. Thirdly, the number of contributions used to update the low register in one clock cycle is decreased to save resources. Fourthly, the maximal one-clock-cycle renormalization shift of the low register is increased from 32 to 64 bit positions. As a result of these optimizations, the binary arithmetic coder, configured for series lengths of 27 and 2 symbols, increases the throughput from 18.37 to 37.42 symbols per clock cycle for high-quality H.265/HEVC compression. The logic consumption increases from 205.6k to 246.1k gates when synthesized on 90 nm TSMC technology. The design can operate at 570 MHz.",wos,llm,1.000,unreviewed,,doi:10.3390/electronics12224643
discarded,UQpy v4.1: Uncertainty quantification with Python,"Tsapetis, Dimitrios; Shields, Michael D.; Giovanis, Dimitris G.; Olivier, Audrey; Novak, Lukas; Chakroborty, Promit; Sharma, Himanshu; Chauhan, Mohit; Kontolati, Katiana; Vandanapu, Lohit; Loukrezis, Dimitrios; Gardner, Michael",2023,SOFTWAREX,10.1016/j.softx.2023.101561,https://www.webofscience.com/wos/woscc/full-record/WOS:001109858000001,adjacent-subtopic,"This paper presents the latest improvements introduced in Version 4 of the UQpy, Uncertainty Quantification with Python, library. In the latest version, the code was restructured to conform with the latest Python coding conventions, refactored to simplify previous tightly coupled features, and improve its extensibility and modularity. To improve the robustness of UQpy, software engineering best practices were adopted. A new software development workflow significantly improved collaboration between team members, and continuous integration and automated testing ensured the robustness and reliability of software performance. Continuous deployment of UQpy allowed its automated packaging and distribution in system agnostic format via multiple channels, while a Docker image enables the use of the toolbox regardless of operating system limitations.",wos,llm,0.900,unreviewed,,doi:10.1016/j.softx.2023.101561
discarded,"Decoding Dental Insurance Claims Data for Oral Health Research and Policy: Challenges, Validation, and Opportunities in Biomedical Informatics—A Scoping Review",Virupakshappa D.,2026,Data,10.3390/data11080193,https://www.scopus.com/inward/record.uri?partnerID=HzOxMe3b&scp=105048318165&origin=inward,off-topic-false-hit,,scopus,llm,0.990,unreviewed,,doi:10.3390/data11080193
discarded,MSTF-Net: A Multi-Scale Transformer and Frequency-Spatial Fusion Network for compressed video frame quality enhancement (ChinaMM),Wang J.,2026,Displays,10.1016/j.displa.2025.103333,https://www.scopus.com/inward/record.uri?partnerID=HzOxMe3b&scp=105026132191&origin=inward,off-topic-false-hit,,scopus,llm,0.990,unreviewed,,doi:10.1016/j.displa.2025.103333
discarded,PRACTICAL ASPECTS OF CREATING A DATA TRANSMISSION SYSTEM FOR CONTROLLING UNMANNED SURFACE VEHICLES IN UNSTABLE COMMUNICATION CHANNELS,Kurdiuk S.V.,2026,System Research and Information Technologies,10.20535/SRIT.2308-8893.2026.1.05,https://www.scopus.com/inward/record.uri?partnerID=HzOxMe3b&scp=105036711271&origin=inward,off-topic-false-hit,,scopus,llm,0.990,unreviewed,,doi:10.20535/srit.2308-8893.2026.1.05
discarded,TransVFC: A transformable video feature compression framework for machines,Sun Y.,2026,Pattern Recognition,10.1016/j.patcog.2025.112091,https://www.scopus.com/inward/record.uri?partnerID=HzOxMe3b&scp=105010679517&origin=inward,off-topic-false-hit,,scopus,llm,0.990,unreviewed,,doi:10.1016/j.patcog.2025.112091
discarded,Enhancement of TIMD in ECM with skipped non-Angular fusion,Kim K.,2026,Proceedings of SPIE the International Society for Optical Engineering,10.1117/12.3102501,https://www.scopus.com/inward/record.uri?partnerID=HzOxMe3b&scp=105038620010&origin=inward,off-topic-false-hit,,scopus,llm,0.990,unreviewed,,doi:10.1117/12.3102501
discarded,MDFI: A Multi-Domain Features Integration for Compressed Video Quality Enhancement,NguyenQuang S.,2026,IEEE Transactions on Consumer Electronics,10.1109/TCE.2026.3725873,https://www.scopus.com/inward/record.uri?partnerID=HzOxMe3b&scp=105048703530&origin=inward,off-topic-false-hit,,scopus,llm,0.990,unreviewed,,doi:10.1109/tce.2026.3725873
discarded,A Method for Source to Object Code Traceability Analysis in Model-Based Development,Chen L.,2026,2026 8th International Conference on Software Engineering and Computer Science Csecs 2026 Conference Proceedings,10.1109/CSECS69124.2026.11541861,https://www.scopus.com/inward/record.uri?partnerID=HzOxMe3b&scp=105042190630&origin=inward,off-topic-false-hit,,scopus,llm,0.900,unreviewed,,doi:10.1109/csecs69124.2026.11541861
discarded,A Rate-Distortion Optimized Skip Mode Coding Framework for Neural Video Compression in AVS,Jiang Y.,2026,IEEE Transactions on Circuits and Systems for Video Technology,10.1109/TCSVT.2026.3700407,https://www.scopus.com/inward/record.uri?partnerID=HzOxMe3b&scp=105041230291&origin=inward,off-topic-false-hit,,scopus,llm,0.990,unreviewed,,doi:10.1109/tcsvt.2026.3700407
discarded,Optimization of Image Compression Coding Based on Deep Learning,Zhang Y.,2026,2026 3rd International Conference on Digital Image Processing and Computer Applications Dipca 2026,10.1109/DIPCA70202.2026.11565919,https://www.scopus.com/inward/record.uri?partnerID=HzOxMe3b&scp=105043980315&origin=inward,off-topic-false-hit,,scopus,llm,0.990,unreviewed,,doi:10.1109/dipca70202.2026.11565919
discarded,Susceptibility of Assessment Types to AI-Generated Content in Digital Health and Health Information Management Education: Quasi-Experimental Pilot Study,Wani T.A.,2026,Jmir Medical Education,10.2196/82988,https://www.scopus.com/inward/record.uri?partnerID=HzOxMe3b&scp=105036306341&origin=inward,off-topic-false-hit,,scopus,llm,0.980,unreviewed,,doi:10.2196/82988
discarded,Evolution and future directions of video coding standards and emerging compression technologies,Badawy W.,2025,Multimedia Tools and Applications,10.1007/s11042-025-21108-2,https://www.scopus.com/inward/record.uri?partnerID=HzOxMe3b&scp=105015976581&origin=inward,off-topic-false-hit,,scopus,llm,0.990,unreviewed,,doi:10.1007/s11042-025-21108-2
discarded,Dynamic Bit-Plane Arithmetic Coding Method for Quantized Spectral Coefficients in USAC,Kim S.,2025,IEEE Journal on Selected Topics in Signal Processing,10.1109/JSTSP.2025.3617849,https://www.scopus.com/inward/record.uri?partnerID=HzOxMe3b&scp=105018044487&origin=inward,off-topic-false-hit,,scopus,llm,0.990,unreviewed,,doi:10.1109/jstsp.2025.3617849
discarded,Optimization of real-time transmission and coding algorithm for high quality film and television content based on 6G wireless communication technology,Fu J.,2025,Egyptian Informatics Journal,10.1016/j.eij.2025.100745,https://www.scopus.com/inward/record.uri?partnerID=HzOxMe3b&scp=105010537204&origin=inward,off-topic-false-hit,,scopus,llm,0.990,unreviewed,,doi:10.1016/j.eij.2025.100745
discarded,Learning to Predict Code Review Rounds in Modern Code Review Using Multi-Objective Genetic Programming,Chouchen M.,2025,Gecco 2025 Companion Proceedings of the 2025 Genetic and Evolutionary Computation Conference Companion,10.1145/3712255.3726730,https://www.scopus.com/inward/record.uri?partnerID=HzOxMe3b&scp=105014588777&origin=inward,off-topic-false-hit,,scopus,llm,0.920,unreviewed,,doi:10.1145/3712255.3726730
discarded,BioLLM: A standardized framework for integrating and benchmarking single-cell foundation models,Qiu P.,2025,Patterns,10.1016/j.patter.2025.101326,https://www.scopus.com/inward/record.uri?partnerID=HzOxMe3b&scp=105012201483&origin=inward,off-topic-false-hit,,scopus,llm,0.990,unreviewed,,doi:10.1016/j.patter.2025.101326
discarded,Content-Symmetrical Multidimensional Transpose of Image Sequences for the High Efficiency Video Coding (HEVC) All-Intra Configuration,Shanableh T.,2025,Symmetry,10.3390/sym17040598,https://www.scopus.com/inward/record.uri?partnerID=HzOxMe3b&scp=105003598919&origin=inward,off-topic-false-hit,,scopus,llm,0.990,unreviewed,,doi:10.3390/sym17040598
discarded,A novel deep learning-based approach for video quality enhancement,Zilouchian Moghaddam P.,2025,Engineering Applications of Artificial Intelligence,10.1016/j.engappai.2025.110118,https://www.scopus.com/inward/record.uri?partnerID=HzOxMe3b&scp=85216515063&origin=inward,off-topic-false-hit,,scopus,llm,0.990,unreviewed,,doi:10.1016/j.engappai.2025.110118
discarded,Investigating Violations of Coding Standards in Large Language Models,Park Y.B.,2025,2025 Global Congress on Emerging Technologies Gcet 2025,10.1109/GCET68529.2025.11450900,https://www.scopus.com/inward/record.uri?partnerID=HzOxMe3b&scp=105036377947&origin=inward,adjacent-subtopic,,scopus,llm,0.780,unreviewed,,doi:10.1109/gcet68529.2025.11450900
discarded,Frequency Domain Intra Pattern Copy for JPEG XS Screen Content Coding,Li Y.,2025,IEEE Transactions on Circuits and Systems for Video Technology,10.1109/TCSVT.2025.3562963,https://www.scopus.com/inward/record.uri?partnerID=HzOxMe3b&scp=105003641542&origin=inward,off-topic-false-hit,,scopus,llm,0.990,unreviewed,,doi:10.1109/tcsvt.2025.3562963
discarded,Semantic-Constrained GAN-Based Joint Description-Feature Transmission Method for Image Semantic Communication,Ding Y.,2025,2025 8th International Conference on Computer Information Science and Application Technology Cisat 2025,10.1109/CISAT66811.2025.11181889,https://www.scopus.com/inward/record.uri?partnerID=HzOxMe3b&scp=105019303817&origin=inward,off-topic-false-hit,,scopus,llm,0.990,unreviewed,,doi:10.1109/cisat66811.2025.11181889
