status,title,authors,year,venue,doi,url,tags,abstract,provider,decision_source,llm_confidence,llm_review_outcome,llm_change_direction,paper_id
discarded,Understanding Codebase like a Professional! Human-AI Collaboration for Code Comprehension,Jie Gao; Yue Xue; Xiaofei Xie; SoeMin Thant; Erika Lee; Bowen Xu,2025,cs.HC,10.48550/arXiv.2504.04553,http://arxiv.org/abs/2504.04553v3,adjacent-subtopic,"Understanding an unfamiliar codebase is an essential task for developers in various scenarios, such as during the onboarding process. Especially when the codebase is large and time is limited, achieving a decent level of comprehension remains challenging for both experienced and novice developers, even with the assistance of LLMs. Existing studies have shown that LLMs often fail to support users in understanding code structures or to provide user-centered, adaptive, and dynamic assistance in real-world settings. To address this, we propose learning from the perspective of a unique role, code auditors, whose work often requires them to quickly familiarize themselves with new code projects on a weekly or even daily basis. To achieve this, we recruited and interviewed 8 code auditing practitioners to understand how they master codebase understanding. We identified four design opportunities for an LLM-based codebase understanding system: supporting cognitive alignment through automated codebase information extraction, decomposition, and representation, as well as reducing manual effort and conversational distraction through interaction design. To validate these four design opportunities, we designed a system prototype, CodeMap, that provides dynamic information extraction and representation aligned with the human cognitive flow and enables interactive switching among hierarchical codebase visualizations. We then conducted a user study with nine experienced developers and six novice developers. Our results demonstrate that CodeMap significantly improved users' perceived intuitiveness, ease of use, and usefulness in supporting code comprehension, while reducing their reliance on reading and interpreting LLM responses by 79% and increasing map usage time by 90% compared to the static visualization analysis tool.",arxiv,llm,0.810,unreviewed,,doi:10.48550/arxiv.2504.04553
discarded,Spherical indentation on biological films with surface energy,Yue Ding; Wei-Ke Yuan; Gang-Feng Wang,2017,cond-mat.mtrl-sci,10.1088/1361-6463/aacaec,http://arxiv.org/abs/1711.07764v1,off-topic-false-hit,"Micro-/nano-indentations have been widely used to measure the mechanical properties of biological cells and tissues, but direct application of classical Hertzian contact model would lead to overestimation of elastic modulus due to the influence of finite thickness and surface energy. In this work, we analyze spherical indentation of biological films considering both large deformation and surface energy. The hyperelastic behavior of biological films is characterized by neo-Hookean model, and the influence of surface energy is addressed through finite element simulation. Based on dimensional analysis, the explicit expressions of load-depth relation accounting for film thickness, large deformation and surface energy are achieved for bonded or non-bonded films. Under a specific load, the consideration of large deformation increases the indent depth, while the finite thickness of films tends to decrease the indent depth, compared to the linear elastic Hertzian solution. More importantly, surface energy evidently alters the load-depth relation for micro-/nano-indentations, which reduces the indent depth and makes the films seemingly stiffer. These results provide a fundamental relationship to accurately extract the mechanical properties of biological films from indentation tests.",arxiv,llm,0.990,unreviewed,,doi:10.1088/1361-6463/aacaec
discarded,Axisymmetric Ridges and Circumferential Buckling of Indented Shells of Revolution,Matteo Taffetani; Martin G. Walker,2022,cond-mat.soft,10.1103/PhysRevE.105.065003,http://arxiv.org/abs/2205.15282v1,off-topic-false-hit,"When poking a thin shell-like structure, like a plastic water bottle, experience shows that an initial axisymmetric dimple forms around the indentation point. The ridge of this dimple, with increasing indentation, eventually buckles into a polygonal shape. The polygon order generally continues to increase with further indentation. In the case of spherical shells, both the underlying axisymmetric deformation and the buckling evolution have been studied in detail. However, little is known about the behaviour of general geometries. In this work we describe the geometrical and mechanical features of the axisymmetric ridge that forms in indented general shells of revolution with non-negative Gaussian curvature and the conditions for circumferential buckling of this ridge. We show that, under the assumption of `mirror buckling' a single unified description of this ridge can be written if the problem is non-dimensionalised using the local slope of the undeformed shell mid-profile at the ridge radial location. In dimensional form the ridge properties evolve in quite different ways for different mid-profiles. Focusing on the indentation of shallow shells of revolution with constant Gaussian curvature, we use our theoretical framework to study the properties of the ridge at the circumferential buckling threshold and evaluate the validity of the mirror buckling assumption against a linear stability analysis on the shallow shell equations, showing very good agreement. Our results highlight that circumferential buckling in indented thin shells is controlled by a complex interplay between the geometry and the stress state in the ridge. The results of our study will provide greater insight into the mechanics of thin shells. This could enable indentation to be used to measure the mechanical properties of a wide range of shell geometries or used to design shells with specific mechanical behaviours.",arxiv,llm,0.990,unreviewed,,doi:10.1103/physreve.105.065003
discarded,A note on thermomechanical coupling effects in the indentation of pseudoelastic shape memory alloys,Mohsen Rezaee-Hajidehi; Mahdi Neghabi; Stanislaw Stupkiewicz,2024,cond-mat.mtrl-sci,10.1007/s40830-025-00569-2,http://arxiv.org/abs/2411.05814v3,off-topic-false-hit,"While macroscopic experiments on polycrystalline shape memory alloys (SMAs) reveal significant thermomechanical coupling effects arising from the latent heat of transformation, the relevance of thermomechanical couplings in indentation tests remains ambiguous. This ambiguity is further emphasized by the rate effects observed in a number of micro/nano-indentation experiments, thus highlighting the need for a more careful investigation of the thermomechanical interactions at such small scales. With this in mind, the present study aims to demonstrate the role of thermomechanical couplings in indentation-induced martensitic transformation in SMAs. To this end, a simple phenomenological model of pseudoelasticity is employed and finite-element simulations are performed to address two key questions. (1) At which spatial and temporal scales do the thermomechanical couplings arising from the latent heat become effective? (2) To what extent do these couplings influence the indentation response? In connection with the latter, our analysis quantifies the maximal thermal effects that emerge during adiabatic indentation and compares them with those of isothermal indentation.",arxiv,llm,0.990,unreviewed,,doi:10.1007/s40830-025-00569-2
discarded,Automatic Generation and Evaluation of Reading Comprehension Test Items with Large Language Models,Andreas Säuberli; Simon Clematide,2024,cs.CL,10.48550/arXiv.2404.07720,http://arxiv.org/abs/2404.07720v2,off-topic-false-hit,"Reading comprehension tests are used in a variety of applications, reaching from education to assessing the comprehensibility of simplified texts. However, creating such tests manually and ensuring their quality is difficult and time-consuming. In this paper, we explore how large language models (LLMs) can be used to generate and evaluate multiple-choice reading comprehension items. To this end, we compiled a dataset of German reading comprehension items and developed a new protocol for human and automatic evaluation, including a metric we call text informativity, which is based on guessability and answerability. We then used this protocol and the dataset to evaluate the quality of items generated by Llama 2 and GPT-4. Our results suggest that both models are capable of generating items of acceptable quality in a zero-shot setting, but GPT-4 clearly outperforms Llama 2. We also show that LLMs can be used for automatic evaluation by eliciting item reponses from them. In this scenario, evaluation results with GPT-4 were the most similar to human annotators. Overall, zero-shot generation with LLMs is a promising approach for generating and evaluating reading comprehension test items, in particular for languages without large amounts of available data.",arxiv,llm,0.980,unreviewed,,doi:10.48550/arxiv.2404.07720
discarded,Indentation of a floating elastic sheet: Geometry versus applied tension,Finn Box; Dominic Vella; Robert Style; Jerome A. Neufeld,2017,cond-mat.soft,10.1098/rspa.2017.0335,http://arxiv.org/abs/1709.00477v1,off-topic-false-hit,"The localized loading of an elastic sheet floating on a liquid bath occurs at scales from a frog sitting on a lily pad to a volcano supported by the Earth's tectonic plates. The load is supported by a combination of the stresses within the sheet (which may include applied tensions from, for example, surface tension) and the hydrostatic pressure in the liquid. At the same time, the sheet deforms, and may wrinkle, because of the load. We study this problem in terms of the (relatively weak) applied tension and the indentation depth. For small indentation depths, we find that the force--indentation curve is linear with a stiffness that we characterize in terms of the applied tension and bending stiffness of the sheet. At larger indentations the force--indentation curve becomes nonlinear and the sheet is subject to a wrinkling instability. We study this wrinkling instability close to the buckling threshold and calculate both the number of wrinkles at onset and the indentation depth at onset, comparing our theoretical results with experiments. Finally, we contrast our results with those previously reported for very thin, highly bendable membranes.",arxiv,llm,0.990,unreviewed,,doi:10.1098/rspa.2017.0335
discarded,SMIE: Weakness is Power!: Auto-indentation with incomplete information,Stefan Monnier,2020,cs.PL,10.22152/programming-journal.org/2021/5/1,http://arxiv.org/abs/2006.03103v1,adjacent-subtopic,"Automatic indentation of source code is fundamentally a simple matter of parsing the code and then applying language- and style-specific rules about relative indentation of the various constructs.  Yet, in practice, full parsing is not always an option, either because of quirks of the language, or because the code is temporarily syntactically incorrect, or because of an incomplete or broken grammar.
I present the design of Emacs's Simple-Minded Indentation Engine (SMIE), which gets its power from the weakness of the underlying parsing technique.  It makes it possible to perform local parsing, which is hence unaffected by irrelevant surrounding code.  This provides a form of graceful degradation in the face of incomplete, erroneous, or just plain problematic information.",arxiv,llm,0.970,unreviewed,,doi:10.22152/programming-journal.org/2021/5/1
discarded,A complete Raman mapping of phase transitions in Si under indentation,C. R. Das; H. C. Hsu; S. Dhara; A. K. Bhaduri; B. Raj; L. C. Chen; K. H. Chen; S. K. Albert; A. Ray; Y. Tzeng,2008,cond-mat.mtrl-sci,10.48550/arXiv.0807.0843,http://arxiv.org/abs/0807.0843v2,off-topic-false-hit,"  Crystalline Si substrates are studied for pressure induced phase transformation under indentation at room temperature using Berkovich tip. Raman scattering study is used for the identification of the transformed phases. Raman line as well as area mapping are used for locating the phases in the indented region. Calculation of pressure contours in the indented region is used for understanding the phase distribution. We report here a comprehensive study of all the phases of Si, reported so far, leading to possible understanding of material properties useful for possible electromechanical applications. As a major finding, distribution of amorphous phase in the indented region deviates from the conventional wisdom of being in the central region alone. We present phase mapping results for both Si(100) and Si(111) substrates.",arxiv,llm,0.990,unreviewed,,doi:10.48550/arxiv.0807.0843
discarded,Poroelastic indentation of mechanically confined hydrogel layers,Jessica Delavoipière; Emilie Verneuil; Yvette Tran; A. Chateauminois,2017,cond-mat.soft,10.1039/c6sm01448h,http://arxiv.org/abs/1701.01380v1,off-topic-false-hit,"We report on the poroelastic indentation response of hydrogel thin films geometrically confined within contacts with rigid spherical probes of radii in the millimeter range. Poly(PEGMA) (poly(ethylene glycol)) methyl ether methacrylate), poly(DMA) (dimethylacrylamide) and poly(NIPAM) (\textit{N}-isopropylacrylamide) gel films with thickness less than 15 $μ$m were grafted onto glass substrates using a thiol-ene click chemistry route. Changes in the indentation depth under constant applied load were monitored over time as a function of the film thickness and the radius of curvature of the probe using an interferometric method. In addition, shear properties of the indented films were measured using a lateral contact method. In the case of poly(PEGMA) films, we show that poroelastic indentation behavior is adequately described within the framework of an approximate contact model derived within the limits of confined contact geometries. This model provides simple scaling laws for the characteristic poroelastic time and the equilibrium indentation depth. Conversely, deviations from this model are evidenced for poly(DMA) and poly(NIPAM) films. From lateral contact experiments, these deviations are found to result from strong changes in the shear properties as a result of glass transition (poly(DMA)) or phase separation (poly(NIPAM)) phenomena induced by the drainage of the confined films squeezed between the rigid substrates.",arxiv,llm,0.990,unreviewed,,doi:10.1039/c6sm01448h
discarded,Flux Penetration in Superconducting Strip with Edge-Indentation,J. I. Vestgarden; D. V. Shantsev; Y. M. Galperin; T. H. Johansen,2007,cond-mat.supr-con,10.1103/PhysRevB.76.174509,http://arxiv.org/abs/0706.0631v2,off-topic-false-hit,"The flux penetration near a semicircular indentation at the edge of a thin superconducting strip placed in a transverse magnetic field is investigated. The flux front distortion due to the indentation is calculated numerically by solving the Maxwell equations with a highly nonlinear $E(j)$ law. We find that the excess penetration, $Δ$, can be significantly ($\sim$ 50%) larger than the indentation radius $r_0$, in contrast to a bulk supercondutor in the critical state where $Δ=r_0$. It is also shown that the flux creep tends to smoothen the flux front, i.e. reduce $Δ$. The results are in very good agreement with magneto-optical studies of flux penetration into an YBa$_2$Cu$_3$O$_x$ film having an edge defect.",arxiv,llm,0.990,unreviewed,,doi:10.1103/physrevb.76.174509
discarded,Finite element analysis of the indentation test on rocks with microstructure,Jean Sulem; Miguel Cerrolaza,2008,physics.class-ph,10.48550/arXiv.0808.2011,http://arxiv.org/abs/0808.2011v1,off-topic-false-hit,"  Strength parameters of rocks are currently determined from indentation tests. In this paper, a finite element analysis of this test is presented and scale effect is studied. The rock is modelled as an elasto-plastic medium with Cosserat microstructure and consequently possesses an internal length. The response of the indentation curve is studied for various values of the size of the indentor as compared to the internal length of the rock in order to assess the scale effect.",arxiv,llm,0.990,unreviewed,,doi:10.48550/arxiv.0808.2011
discarded,Linguistically-Driven Text Formatting Improves Reading Comprehension: Evidence From 4th and 5th Graders,"Van Dyke, Julie A.; Dempsey, Jack",2026,JOURNAL OF EDUCATIONAL PSYCHOLOGY,10.1037/edu0001054,https://www.webofscience.com/wos/woscc/full-record/WOS:001805422800001,off-topic-false-hit,"Reading comprehension ability is highly correlated with grammatical knowledge (Catts et al., 2006; Nation et al., 2010); however, many poor comprehenders cannot accurately identify grammatical constituents (Breen et al., 2024; Groen et al., 2019). We present a computational linguistics-based method for generating a new text format that cues grammatical relationships via line breaks and indentations. This study provides preliminary evidence regarding its effects on comprehension and attitudes toward its use. We evaluated this format with 87 fourth and fifth graders attending a U.S. public school (Primary Language: English; 46 female; M-age = 9.6 years; 36% White, 30% Black, 21% Hispanic, 6% more than two, and 7% Asian). Over a 12-week period, an experimental (Linguistically Driven Text Formatting) and a control (traditional format) group read passages matched to their Lexile reading level for 5 weeks, and then switched formats for the remainder of the study. Accuracy to comprehension questions was significantly improved for readers at the 25th-50th percentiles for their grade, based on Lexile norms. These students reported that Linguistically Driven Text Formatting helped them ""hear how the sentence would sound if it were read aloud."" Gains remained significant for students in the 25th percentile upon returning to traditional formatting and were numerically better for those in the 50th percentile. Students in the 10th percentile reported ""feeling more confident about answers,"" although accuracy gains were not significant. We discuss how visual cueing of syntactic relationships supports fluent reading through scaffolding natural phrasing and creation of an accurate situation model.",wos,llm,0.980,unreviewed,,doi:10.1037/edu0001054
discarded,Investigation of the contact pressure distribution between TBM disc cutter and rock surface using the 3D discrete element method,"Lu, Jing-Ke; Zhang, Xiao-Ping; Zhang, Han; Liu, Quan-Sheng; Liu, Yong-Bin; Ji, Pei-Qi",2026,TUNNELLING AND UNDERGROUND SPACE TECHNOLOGY,10.1016/j.tust.2026.107741,https://www.webofscience.com/wos/woscc/full-record/WOS:001768274100001,off-topic-false-hit,"The contact pressure distribution at the disc cutter-rock interface is fundamental to estimating rock cutting force, optimizing cutter head design, and predicting tunnel boring machine (TBM) performance. In the present study, pre-existing microcracks were explicitly incorporated into a three-dimensional discrete element method (DEM) model to simulate the rock material more realistically. The linear cutting tests (LCTs) were simulated using cuboid numerical specimens containing distributed microcracks. First, to simulate the continuous cutting process accurately, three different numerical preprocessing methods were compared, and the most representative approach was selected. Second, three probability distribution functions, namely the Gaussian distribution, Lorentzian distribution and Extreme distribution, were employed to fit the contact pressure distribution between the disc cutter and the rock surface. This approach enables quantitative characterization of both the magnitude (p0) and position (xc) of the maximum contact pressure. Based on the fitting performance, the Gaussian function was selected for describing the stress distribution in the present study. Third, LCT simulations were conducted under various conditions, including different cutting velocities, tip widths, penetration depths, and rock strengths. Both the magnitude and position of the maximum contact pressure (p0 and xc) are significantly influenced by disc cutter geometry, cutting parameters, and rock strength. Furthermore, the maximum contact pressure (p0) showed a positive correlation with both the normal force and the rolling force. These findings may enhance understanding of the fragmentation mechanism under the cutting tool and advance the comprehension of cutting force prediction in practical field operations.",wos,llm,0.990,unreviewed,,doi:10.1016/j.tust.2026.107741
