status,title,authors,year,venue,doi,url,tags,abstract,provider,decision_source,llm_confidence,llm_review_outcome,llm_change_direction,paper_id
discarded,pymovements: A Python Package for Eye Movement Data Processing,Daniel G. Krakowczyk; David R. Reich; Jakob Chwastek; Deborah N. Jakobi; Paul Prasse; Assunta Süss; Oleksii Turuta; Paweł Kasprowski; Lena A. Jäger,2023,cs.HC,10.1145/3588015.3590134,http://arxiv.org/abs/2304.09859v1,off-topic-false-hit,"We introduce pymovements: a Python package for analyzing eye-tracking data that follows best practices in software development, including rigorous testing and adherence to coding standards. The package provides functionality for key processes along the entire preprocessing pipeline. This includes parsing of eye tracker data files, transforming positional data into velocity data, detecting gaze events like saccades and fixations, computing event properties like saccade amplitude and fixational dispersion and visualizing data and results with several types of plotting methods. Moreover, pymovements also provides an easily accessible interface for downloading and processing publicly available datasets. Additionally, we emphasize how rigorous testing in scientific software packages is critical to the reproducibility and transparency of research, enabling other researchers to verify and build upon previous findings.",arxiv,llm,0.970,unreviewed,,doi:10.1145/3588015.3590134
discarded,A Study of the Composition of Ultra High Energy Cosmic Rays Using the High Resolution Fly's Eye,The High Resolution Fly's Eye Collaboration,2004,astro-ph,10.1086/427931,http://arxiv.org/abs/astro-ph/0407622v3,off-topic-false-hit,  The composition of Ultra High Energy Cosmic Rays (UHECR) is measured with the High Resolution Fly's Eye cosmic ray observatory (HiRes) data using the Xmax technique. Data were collected in stereo between 1999 November and 2001 September. The data are reconstructed with well-determined geometry. Measurements of the atmospheric transmission are incorporated in the reconstruction. The detector resolution is found to be 30 g cm^-2 in Xmax and 13% in Energy. The Xmax elongation rate between 10^18.0 eV and 10^19.4 eV is measured to be 54.5 +/- 6.5 (stat) +/- 4.5 (sys) g cm^-2 per decade. This is compared to predictions using the QGSJet01 and SIBYLL 2.1 hadronic interaction models for both protons and iron nuclei. CORSIKA-generated Extensive Air Showers (EAS) are incorporated directly into a detailed detector Monte Carlo program. The elongation rate and the Xmax distribution widths are consistent with a constant or slowly changing and predominantly light composition. A simple model containing only protons and iron nuclei is compared to QGSJet and SIBYLL. The best agreement between the model and the data is at 80% protons for QGSJet and 60% protons for SIBYLL.,arxiv,llm,0.990,unreviewed,,doi:10.1086/427931
discarded,Hierarchical HMM for Eye Movement Classification,Ye Zhu; Yan Yan; Oleg Komogortsev,2020,cs.CV,10.48550/arXiv.2008.07961,http://arxiv.org/abs/2008.07961v1,off-topic-false-hit,"In this work, we tackle the problem of ternary eye movement classification, which aims to separate fixations, saccades and smooth pursuits from the raw eye positional data. The efficient classification of these different types of eye movements helps to better analyze and utilize the eye tracking data. Different from the existing methods that detect eye movement by several pre-defined threshold values, we propose a hierarchical Hidden Markov Model (HMM) statistical algorithm for detecting fixations, saccades and smooth pursuits. The proposed algorithm leverages different features from the recorded raw eye tracking data with a hierarchical classification strategy, separating one type of eye movement each time. Experimental results demonstrate the effectiveness and robustness of the proposed method by achieving competitive or better performance compared to the state-of-the-art methods.",arxiv,llm,0.990,unreviewed,,doi:10.48550/arxiv.2008.07961
discarded,Visual Multi-Metric Grouping of Eye-Tracking Data,Ayush Kumar; Rudolf Netzel; Michael Burch; Daniel Weiskopf; Klaus Mueller,2019,cs.HC,10.16910/jemr.10.5.10,http://arxiv.org/abs/1910.04273v1,off-topic-false-hit,"We present an algorithmic and visual grouping of participants and eye-tracking metrics derived from recorded eye-tracking data. Our method utilizes two well-established visualization concepts. First, parallel coordinates are used to provide an overview of the used metrics, their interactions, and similarities, which helps select suitable metrics that describe characteristics of the eye-tracking data. Furthermore, parallel coordinates plots enable an analyst to test the effects of creating a combination of a subset of metrics resulting in a newly derived eye-tracking metric. Second, a similarity matrix visualization is used to visually represent the affine combination of metrics utilizing an algorithmic grouping of subjects that leads to distinct visual groups of similar behavior. To keep the diagrams of the matrix visualization simple and understandable, we visually encode our eye-tracking data into the cells of a similarity matrix of participants. The algorithmic grouping is performed with a clustering based on the affine combination of metrics, which is also the basis for the similarity value computation of the similarity matrix. To illustrate the usefulness of our visualization, we applied it to an eye-tracking data set involving the reading behavior of metro maps of up to 40 participants. Finally, we discuss limitations and scalability issues of the approach focusing on visual and perceptual issues.",arxiv,llm,0.980,unreviewed,,doi:10.16910/jemr.10.5.10
discarded,eye2vec: Learning Distributed Representations of Eye Movement for Program Comprehension Analysis,Haruhiko Yoshioka; Kazumasa Shimari; Hidetake Uwano; Kenichi Matsumoto,2025,cs.SE,10.1145/3715669.3726801,http://arxiv.org/abs/2510.11722v2,adjacent-subtopic,"This paper presents eye2vec, an infrastructure for analyzing software developers' eye movements while reading source code. In common eye-tracking studies in program comprehension, researchers must preselect analysis targets such as control flow or syntactic elements, and then develop analysis methods to extract appropriate metrics from the fixation for source code. Here, researchers can define various levels of AOIs like words, lines, or code blocks, and the difference leads to different results. Moreover, the interpretation of fixation for word/line can vary across the purposes of the analyses. Hence, the eye-tracking analysis is a difficult task that depends on the time-consuming manual work of the researchers. eye2vec represents continuous two fixations as transitions between syntactic elements using distributed representations. The distributed representation facilitates the adoption of diverse data analysis methods with rich semantic interpretations.",arxiv,llm,0.930,unreviewed,,doi:10.1145/3715669.3726801
discarded,How do eyes and brain search a randomly structured uninformative scene? Exploiting a basic interplay of attention and memory,Lorenzo Resca; Pamela M. Greenwood; Terrance D. Keech,2020,q-bio.NC,10.48550/arXiv.2004.02873,http://arxiv.org/abs/2004.02873v1,off-topic-false-hit,"We tracked the eye movements of seven young and seven older adults performing a conjunctive visual search task similar to that performed by two highly trained monkeys in an original influential study of Motter and Belky (1998a, 1998b). We obtained results consistent with theirs regarding elements of perception, selection, attention and object recognition, but we found a much greater role played by long-range memory. A design inadequacy in the original Motter-Belky study is not sufficient to explain such discrepancy, nor is the high level of training of their monkeys. Perhaps monkeys and humans do not use mnemonic resources compatibly already in basic visual search tasks, contrary to a common expectation, further supported by cortical representation studies. We also found age-related differences in various measures of eye movements, consistently indicating slightly reduced conspicuity areas for the older adults, hence, correspondingly reduced processing and memory capacities. However, because of sample size and age differential limitations, statistically significant differences were found only for a few variables, most notably overall reaction times. Results reported here provide the basis for demonstrating the formation of spiraling or circulating patterns in the eye movement trajectories and for developing corresponding computational models and simulations.",arxiv,llm,0.980,unreviewed,,doi:10.48550/arxiv.2004.02873
discarded,Semi-Supervised Visual Tracking of Marine Animals using Autonomous Underwater Vehicles,Levi Cai; Nathan E. McGuire; Roger Hanlon; T. Aran Mooney; Yogesh Girdhar,2023,cs.CV,10.1007/s11263-023-01762-5,http://arxiv.org/abs/2302.07344v1,off-topic-false-hit,"In-situ visual observations of marine organisms is crucial to developing behavioural understandings and their relations to their surrounding ecosystem. Typically, these observations are collected via divers, tags, and remotely-operated or human-piloted vehicles. Recently, however, autonomous underwater vehicles equipped with cameras and embedded computers with GPU capabilities are being developed for a variety of applications, and in particular, can be used to supplement these existing data collection mechanisms where human operation or tags are more difficult. Existing approaches have focused on using fully-supervised tracking methods, but labelled data for many underwater species are severely lacking. Semi-supervised trackers may offer alternative tracking solutions because they require less data than fully-supervised counterparts. However, because there are not existing realistic underwater tracking datasets, the performance of semi-supervised tracking algorithms in the marine domain is not well understood. To better evaluate their performance and utility, in this paper we provide (1) a novel dataset specific to marine animals located at http://warp.whoi.edu/vmat/, (2) an evaluation of state-of-the-art semi-supervised algorithms in the context of underwater animal tracking, and (3) an evaluation of real-world performance through demonstrations using a semi-supervised algorithm on-board an autonomous underwater vehicle to track marine animals in the wild.",arxiv,llm,0.990,unreviewed,,doi:10.1007/s11263-023-01762-5
discarded,Functional near-infrared spectroscopy (fNIRS) and Eye tracking for Cognitive Load classification in a Driving Simulator Using Deep Learning,Mehshan Ahmed Khan; Houshyar Asadi; Mohammad Reza Chalak Qazani; Chee Peng Lim; Saied Nahavandi,2024,cs.HC,10.48550/arXiv.2408.06349,http://arxiv.org/abs/2408.06349v3,off-topic-false-hit,"Motion simulators allow researchers to safely investigate the interaction of drivers with a vehicle. However, many studies that use driving simulator data to predict cognitive load only employ two levels of workload, leaving a gap in research on employing deep learning methodologies to analyze cognitive load, especially in challenging low-light conditions. Often, studies overlook or solely focus on scenarios in bright daylight. To address this gap and understand the correlation between performance and cognitive load, this study employs functional near-infrared spectroscopy (fNIRS) and eye-tracking data, including fixation duration and gaze direction, during simulated driving tasks in low visibility conditions, inducing various mental workloads. The first stage involves the statistical estimation of useful features from fNIRS and eye-tracking data. ANOVA will be applied to the signals to identify significant channels from fNIRS signals. Optimal features from fNIRS, eye-tracking and vehicle dynamics are then combined in one chunk as input to the CNN and LSTM model to predict workload variations. The proposed CNN-LSTM model achieved 99% accuracy with neurological data and 89% with vehicle dynamics to predict cognitive load, indicating potential for real-time assessment of driver mental state and guide designers for the development of safe adaptive systems.",arxiv,llm,0.980,unreviewed,,doi:10.48550/arxiv.2408.06349
discarded,"A Comparative Study on Textual Saliency of Styles from Eye Tracking, Annotations, and Language Models",Karin de Langis; Dongyeop Kang,2022,cs.CL,10.48550/arXiv.2212.09873,http://arxiv.org/abs/2212.09873v2,off-topic-false-hit,"There is growing interest in incorporating eye-tracking data and other implicit measures of human language processing into natural language processing (NLP) pipelines. The data from human language processing contain unique insight into human linguistic understanding that could be exploited by language models. However, many unanswered questions remain about the nature of this data and how it can best be utilized in downstream NLP tasks. In this paper, we present eyeStyliency, an eye-tracking dataset for human processing of stylistic text (e.g., politeness). We develop a variety of methods to derive style saliency scores over text using the collected eye dataset. We further investigate how this saliency data compares to both human annotation methods and model-based interpretability metrics. We find that while eye-tracking data is unique, it also intersects with both human annotations and model-based importance scores, providing a possible bridge between human- and machine-based perspectives. We propose utilizing this type of data to evaluate the cognitive plausibility of models that interpret style. Our eye-tracking data and processing code are publicly available.",arxiv,llm,0.980,unreviewed,,doi:10.48550/arxiv.2212.09873
discarded,Iris Style Transfer: Enhancing Iris Recognition with Style Features and Privacy Preservation through Neural Style Transfer,Mengdi Wang; Efe Bozkir; Enkelejda Kasneci,2025,cs.CV,10.1145/3729413,http://arxiv.org/abs/2503.04707v2,off-topic-false-hit,"Iris texture is widely regarded as a gold standard biometric modality for authentication and identification. The demand for robust iris recognition methods, coupled with growing security and privacy concerns regarding iris attacks, has escalated recently. Inspired by neural style transfer, an advanced technique that leverages neural networks to separate content and style features, we hypothesize that iris texture's style features provide a reliable foundation for recognition and are more resilient to variations like rotation and perspective shifts than traditional approaches. Our experimental results support this hypothesis, showing a significantly higher classification accuracy compared to conventional features. Further, we propose using neural style transfer to obfuscate the identifiable iris style features, ensuring the protection of sensitive biometric information while maintaining the utility of eye images for tasks like eye segmentation and gaze estimation. This work opens new avenues for iris-oriented, secure, and privacy-aware biometric systems.",arxiv,llm,0.990,unreviewed,,doi:10.1145/3729413
kept,Assessing Python Style Guides: An Eye-Tracking Study with Novice Developers,Pablo Roberto; Rohit Gheyi; José Aldo Silva da Costa; Márcio Ribeiro,2024,cs.SE,10.48550/arXiv.2408.14566,http://arxiv.org/abs/2408.14566v1,supports-claim; pep8; qualifies-claim,"The incorporation and adaptation of style guides play an essential role in software development, influencing code formatting, naming conventions, and structure to enhance readability and simplify maintenance. However, many of these guides often lack empirical studies to validate their recommendations. Previous studies have examined the impact of code styles on developer performance, concluding that some styles have a negative impact on code readability. However, there is a need for more studies that assess other perspectives and the combination of these perspectives on a common basis through experiments. This study aimed to investigate, through eye-tracking, the impact of guidelines in style guides, with a special focus on the PEP8 guide in Python, recognized for its best practices. We conducted a controlled experiment with 32 Python novices, measuring time, the number of attempts, and visual effort through eye-tracking, using fixation duration, fixation count, and regression count for four PEP8 recommendations. Additionally, we conducted interviews to explore the subjects' difficulties and preferences with the programs. The results highlighted that not following the PEP8 Line Break after an Operator guideline increased the eye regression count by 70% in the code snippet where the standard should have been applied. Most subjects preferred the version that adhered to the PEP8 guideline, and some found the left-aligned organization of operators easier to understand. The other evaluated guidelines revealed other interesting nuances, such as the True Comparison, which negatively impacted eye metrics for the PEP8 standard, although subjects preferred the PEP8 suggestion. We recommend practitioners selecting guidelines supported by experimental evaluations.",arxiv,llm_reviewed,0.990,confirmed,,doi:10.48550/arxiv.2408.14566
discarded,Bayesian Eye Tracking,Qiang Ji; Kang Wang,2021,cs.CV,10.48550/arXiv.2106.13387,http://arxiv.org/abs/2106.13387v1,off-topic-false-hit,"Model-based eye tracking has been a dominant approach for eye gaze tracking because of its ability to generalize to different subjects, without the need of any training data and eye gaze annotations. Model-based eye tracking, however, is susceptible to eye feature detection errors, in particular for eye tracking in the wild. To address this issue, we propose a Bayesian framework for model-based eye tracking. The proposed system consists of a cascade-Bayesian Convolutional Neural Network (c-BCNN) to capture the probabilistic relationships between eye appearance and its landmarks, and a geometric eye model to estimate eye gaze from the eye landmarks. Given a testing eye image, the Bayesian framework can generate, through Bayesian inference, the eye gaze distribution without explicit landmark detection and model training, based on which it not only estimates the most likely eye gaze but also its uncertainty. Furthermore, with Bayesian inference instead of point-based inference, our model can not only generalize better to different sub-jects, head poses, and environments but also is robust to image noise and landmark detection errors. Finally, with the estimated gaze uncertainty, we can construct a cascade architecture that allows us to progressively improve gaze estimation accuracy. Compared to state-of-the-art model-based and learning-based methods, the proposed Bayesian framework demonstrates significant improvement in generalization capability across several benchmark datasets and in accuracy and robustness under challenging real-world conditions.",arxiv,llm,0.990,unreviewed,,doi:10.48550/arxiv.2106.13387
discarded,Eye Tracking for Everyone,Kyle Krafka; Aditya Khosla; Petr Kellnhofer; Harini Kannan; Suchendra Bhandarkar; Wojciech Matusik; Antonio Torralba,2016,cs.CV,10.48550/arXiv.1606.05814,http://arxiv.org/abs/1606.05814v1,off-topic-false-hit,"From scientific research to commercial applications, eye tracking is an important tool across many domains. Despite its range of applications, eye tracking has yet to become a pervasive technology. We believe that we can put the power of eye tracking in everyone's palm by building eye tracking software that works on commodity hardware such as mobile phones and tablets, without the need for additional sensors or devices. We tackle this problem by introducing GazeCapture, the first large-scale dataset for eye tracking, containing data from over 1450 people consisting of almost 2.5M frames. Using GazeCapture, we train iTracker, a convolutional neural network for eye tracking, which achieves a significant reduction in error over previous approaches while running in real time (10-15fps) on a modern mobile device. Our model achieves a prediction error of 1.71cm and 2.53cm without calibration on mobile phones and tablets respectively. With calibration, this is reduced to 1.34cm and 2.12cm. Further, we demonstrate that the features learned by iTracker generalize well to other datasets, achieving state-of-the-art results. The code, data, and models are available at http://gazecapture.csail.mit.edu.",arxiv,llm,0.990,unreviewed,,doi:10.48550/arxiv.1606.05814
