status,title,authors,year,venue,doi,url,tags,abstract,provider,decision_source,llm_confidence,llm_review_outcome,llm_change_direction,paper_id
discarded,The Hidden Cost of Readability: How Code Formatting Silently Consumes Your LLM Budget,Dangfeng Pan; Zhensu Sun; Cenyuan Zhang; David Lo; Xiaoning Du,2025,cs.SE,10.48550/arXiv.2508.13666,http://arxiv.org/abs/2508.13666v1,adjacent-subtopic,"Source code is usually formatted with elements like indentation and newlines to improve readability for human developers. However, these visual aids do not seem to be beneficial for large language models (LLMs) in the same way since the code is processed as a linear sequence of tokens. Furthermore, these additional tokens can lead to increased computational costs and longer response times for LLMs. If such formatting elements are non-essential to LLMs, we can reduce such costs by removing them from the code. To figure out the role played by formatting elements, we conduct a comprehensive empirical study to evaluate the impact of code formatting on LLM performance and efficiency. Through large-scale experiments on Fill-in-the-Middle Code Completion tasks across four programming languages (Java, Python, C++, C\#) and ten LLMs-including both commercial and open-source models-we systematically analyze token count and performance when formatting elements are removed. Key findings indicate that LLMs can maintain performance across formatted code and unformatted code, achieving an average input token reduction of 24.5\% with negligible output token reductions. This makes code format removal a practical optimization strategy for improving LLM efficiency. Further exploration reveals that both prompting and fine-tuning LLMs can lead to significant reductions (up to 36.1\%) in output code length without compromising correctness. To facilitate practical applications, we develop a bidirectional code transformation tool for format processing, which can be seamlessly integrated into existing LLM inference workflows, ensuring both human readability and LLM efficiency.",arxiv,llm,0.970,unreviewed,,doi:10.48550/arxiv.2508.13666
discarded,Reinforcement Learning Assisted Load Test Generation for E-Commerce Applications,Golrokh Hamidi,2020,cs.PF,10.48550/arXiv.2007.12094,http://arxiv.org/abs/2007.12094v1,off-topic-false-hit,"Background: End-user satisfaction is not only dependent on the correct functioning of the software systems but is also heavily dependent on how well those functions are performed. Therefore, performance testing plays a critical role in making sure that the system responsively performs the indented functionality. Load test generation is a crucial activity in performance testing. Existing approaches for load test generation require expertise in performance modeling, or they are dependent on the system model or the source code.
  Aim: This thesis aims to propose and evaluate a model-free learning-based approach for load test generation, which doesn't require access to the system models or source code.
  Method: In this thesis, we treated the problem of optimal load test generation as a reinforcement learning (RL) problem. We proposed two RL-based approaches using q-learning and deep q-network for load test generation. In addition, we demonstrated the applicability of our tester agents on a real-world software system. Finally, we conducted an experiment to compare the efficiency of our proposed approaches to a random load test generation approach and a baseline approach.
  Results: Results from the experiment show that the RL-based approaches learned to generate effective workloads with smaller sizes and in fewer steps. The proposed approaches led to higher efficiency than the random and baseline approaches.
  Conclusion: Based on our findings, we conclude that RL-based agents can be used for load test generation, and they act more efficiently than the random and baseline approaches.",arxiv,llm,0.990,unreviewed,,doi:10.48550/arxiv.2007.12094
discarded,Fixing Function-Level Code Generation Errors for Foundation Large Language Models,Hao Wen; Yueheng Zhu; Chao Liu; Xiaoxue Ren; Weiwei Du; Meng Yan,2024,cs.SE,10.48550/arXiv.2409.00676,http://arxiv.org/abs/2409.00676v2,adjacent-subtopic,"Function-level code generation leverages foundation Large Language Models (LLMs) to automatically produce source code with expected functionality. It has been widely investigated and applied in intelligent programming assistants, such as GitHub Copilot, to enhance software development productivity. Despite advancements in foundation LLMs, the generation involves many errors. Existing studies leverage static analysis tools (e.g., TBar) or add another fixing LLM (i.e., LDB) to post-process these errors. However, there are still many errors remaining to be solved because their root causes have not been investigated yet, making it challenging to design better fixing tools. In this paper, we first conducted an empirical study on the generation errors. Specifically, we reproduced 14 representative LLMs on the HumanEval dataset and verified their correctness. We obtained 12,837 code generation errors and conducted an analysis of their causes, leading to 19 categories of error causes. Our empirical analysis indicated that three of these causes can be directly fixed. Based on the findings, we proposed a fixing method called LlmFix, which addresses these three types of errors through a three-step process: filtering code for indentation correction, truncating redundant generated code, and importing missing modules. Evaluations of LlmFix are conducted from two perspectives: its performance on error-fixing tasks and its impact on improving function-level code generation tasks. For error fixing performance, we built an evaluation dataset LlmErrorEval. Experimental results show that LlmFix achieves a fix rate of 17.1% outperforming the best LDB by 8.9%. For code generation improvements, evaluations of LlmFix on both the HumanEval and MBPP datasets demonstrate its effectiveness, improving code generation accuracy by an average of 7.5% across 14 LLMs.",arxiv,llm,0.930,unreviewed,,doi:10.48550/arxiv.2409.00676
discarded,HOW RELIABLE IS MEASUREMENT OF THE ANORECTAL ANGLE BY VIDEOPROCTOGRAPHY,"YOSHIOKA, K; PINHO, M; ORTIZ, J; OYA, M; HYLAND, G; KEIGHLEY, MRB",1991,DISEASES OF THE COLON & RECTUM,,https://www.webofscience.com/wos/woscc/full-record/WOS:A1991GP63000012,off-topic-false-hit,"The anorectal angle can be determined either by constructing a straight line along the lower border of the rectum (Method A) or by using the central longitudinal axis of the lower rectum (Method B). We have used a computer program to derive the centroid of the rectum for Method B. The coefficients of variation for angles measured at rest, during maximum pelvic floor contraction, and during attempted defecation were 0.616, 0.351, and 0.358, respectively, compared with 0.993, 0.972, and 0.968 for Method B. The presence of a rectocele had no influence on the measurement of the anorectal angle in incontinence, but there was a significant difference in assessment of the angle between constipated patients (P < 0.05) and controls (P < 0.05). Posterior indentation of the rectum had no significant influence on measurement of the angle in any group. These data indicate that a computer-derived centroid is more reliable for measurement of angles, but a correction factor for anterior rectocele is needed in constipated patients and controls.",wos,llm,1.000,unreviewed,,hash:3ba7912aab8e3b92
discarded,Effect of artificial aging and different surface finishing protocols on the flexural strength and surface hardness of a photopolymer for manufacturing monolithic polychromatic complete dentures using PolyJet 3D printing,Azpiazu-Flores F.X.,2024,Journal of Prosthodontics,10.1111/jopr.13963,https://www.scopus.com/inward/record.uri?partnerID=HzOxMe3b&scp=85205910233&origin=inward,off-topic-false-hit,,scopus,llm,1.000,unreviewed,,doi:10.1111/jopr.13963
kept,On the Investigation of Empirical Contradictions - Aggregated Results of Local Studies on Readability and Comprehensibility of Source Code,Ribeiro T.V.,2023,Empirical Software Engineering,10.1007/s10664-023-10360-5,https://www.scopus.com/inward/record.uri?partnerID=HzOxMe3b&scp=85176138312&origin=inward,qualifies-claim,,scopus,llm,0.860,unreviewed,,doi:10.1007/s10664-023-10360-5
kept,Who is right? Evaluating empirical contradictions in the readability & comprehensibility of source code,Ribeiro T.V.,2017,Cibse 2017 Xx Ibero American Conference on Software Engineering,,https://www.scopus.com/inward/record.uri?partnerID=HzOxMe3b&scp=85026681125&origin=inward,qualifies-claim,,scopus,llm,0.900,unreviewed,,hash:88f60eed96462b63
discarded,Shear modulus estimation on Vastus Intermedius of elderly and young females over the entire range of isometric contraction,Wang C.Z.,2014,Plos One,10.1371/journal.pone.0101769,https://www.scopus.com/inward/record.uri?partnerID=HzOxMe3b&scp=84903763074&origin=inward,off-topic-false-hit,,scopus,llm,1.000,unreviewed,,doi:10.1371/journal.pone.0101769
kept,Impact of maintainability defects on code inspections,Albayrak O.,2010,Esem 2010 Proceedings of the 2010 ACM IEEE International Symposium on Empirical Software Engineering and Measurement,10.1145/1852786.1852850,https://www.scopus.com/inward/record.uri?partnerID=HzOxMe3b&scp=78149250915&origin=inward,supports-claim,,scopus,llm,0.700,unreviewed,,doi:10.1145/1852786.1852850
discarded,How reliable is measurement of the anorectal angle by videoproctography?,Yoshioka K.,1991,Diseases of the Colon Rectum,10.1007/BF02049966,https://www.scopus.com/inward/record.uri?partnerID=HzOxMe3b&scp=0025837138&origin=inward,off-topic-false-hit,,scopus,llm,1.000,unreviewed,,doi:10.1007/bf02049966
discarded,MPEG Immersive Video Coding Standard,Jill M. Boyce; Renaud Doré; Adrian Dziembowski; Julien Fleureau; Joël Jung; Bart Kroon; Basel Salahieh; Vinod Kumar Malamal Vadakital; Lu Yu,2021,Proceedings of the IEEE,10.1109/jproc.2021.3062590,https://openalex.org/W3138152222,off-topic-false-hit,"This article introduces the ISO/IEC MPEG Immersive Video (MIV) standard, MPEG-I Part 12, which is undergoing standardization. The draft MIV standard provides support for viewing immersive volumetric content captured by multiple cameras with six degrees of freedom (6DoF) within a viewing space that is determined by the camera arrangement in the capture rig. The bitstream format and decoding processes of the draft specification along with aspects of the Test Model for Immersive Video (TMIV) reference software encoder, decoder, and renderer are described. The use cases, test conditions, quality assessment methods, and experimental results are provided. In the TMIV, multiple texture and geometry views are coded as atlases of patches using a legacy 2-D video codec, while optimizing for bitrate, pixel rate, and quality. The design of the bitstream format and decoder is based on the visual volumetric video-based coding (V3C) and video-based point cloud compression (V-PCC) standard, MPEG-I Part 5.",openalex,llm,1.000,unreviewed,,doi:10.1109/jproc.2021.3062590
discarded,"The role of RFID in agriculture: Applications, limitations and challenges",Luis Ruiz-García; Loredana Lunadei,2011,Computers and Electronics in Agriculture,10.1016/j.compag.2011.08.010,https://openalex.org/W2114049530,off-topic-false-hit,,openalex,llm,1.000,unreviewed,,doi:10.1016/j.compag.2011.08.010
discarded,"Contrasting Classic, Straussian, and Constructivist Grounded Theory: Methodological and Philosophical Conflicts",Méabh Kenny; Robert Fourie,2015,The Qualitative Report,10.46743/2160-3715/2015.2251,https://openalex.org/W1414280156,off-topic-false-hit,"Grounded Theory (GT) is an innovative research methodology, consisting of three prevailing traditions: Classic, Straussian, and Constructivist GT. Despite arising from the same root, and sharing a number of the original methodological techniques, Classic, Straussian, and Constructivist GT have nevertheless diverged to such an extent that they are neither homogenous nor interchangeable methodologies. They are differentiated by contrasting philosophical frameworks and conflicting methodological directives. Through a careful analysis of the literature, the authors propose that the incongruity of the three GT traditions hinges on three principal and paramount demarcations: Firstly, their contending coding procedures; secondly, their opposing philosophical positions; and thirdly, their conflicting use of literature. The authors argue that these three areas of contention represent the quintessential distinction between the three GT traditions. Accordingly, this article will illustrate and contrast the contending coding conventions, uncover the underlying philosophical positions, and explore the contrasting uses of literature embedded within Classic, Straussian, and Constructivist GT.",openalex,llm,0.990,unreviewed,,doi:10.46743/2160-3715/2015.2251
kept,Assessing the value of coding standards: An empirical study,Cathal Boogerd; Leon Moonen,2008,,10.1109/icsm.2008.4658076,https://openalex.org/W2103910676,qualifies-claim; konvention,"In spite of the widespread use of coding standards and tools enforcing their rules, there is little empirical evidence supporting the intuition that they prevent the introduction of faults in software. Not only can compliance with a set of rules having little impact on the number of faults be considered wasted effort, but it can actually result in an increase in faults, as any modification has a non-zero probability of introducing a fault or triggering a previously concealed one. Therefore, it is important to build a body of empirical knowledge, helping us understand which rules are worthwhile enforcing, and which ones should be ignored in the context of fault reduction. In this paper, we describe two approaches to quantify the relation between rule violations and actual faults, and present empirical data on this relation for the MISRA C 2004 standard on an industrial case study.",openalex,llm_reviewed,0.970,confirmed,,doi:10.1109/icsm.2008.4658076
kept,Does code review really remove coding convention violations?,DongGyun Han; Chaiyong Ragkhitwetsagul; Jens Krinke; Matheus Paixão; Giovanni Rosa,2020,,10.1109/scam51674.2020.00010,https://openalex.org/W3106134356,qualifies-claim,"Many software developers perceive technical debt as the biggest problems in their projects. They also perceive code reviews as the most important process to increase code quality. As inconsistent coding style is one source of technical debt, it is no surprise that coding convention violations can lead to patch rejection during code review. However, as most research has focused on developer's perception, it is not clear whether code reviews actually prevent the introduction of coding convention violations and the corresponding technical debt.Therefore, we investigated how coding convention violations are introduced, addressed, and removed during code review by developers. To do this, we analysed 16,442 code review requests from four projects of the Eclipse community for the introduction of convention violations. Our result shows that convention violations accumulate as code size increases despite changes being reviewed. We also manually investigated 1,268 code review requests in which convention violations disappear and observed that only a minority of them have been removed because a convention violation has been flagged in a review comment. The investigation results also highlight that one can speed up the code review process by adopting tools for code convention violation detection.",openalex,llm,0.930,unreviewed,,doi:10.1109/scam51674.2020.00010
discarded,Overview of the Versatile Video Coding (VVC) Standard and its Applications,Benjamin Bross; Ye-Kui Wang; Yan Ye; Shan Liu; Jianle Chen; Gary J. Sullivan; Jens-Rainer Ohm,2021,IEEE Transactions on Circuits and Systems for Video Technology,10.1109/tcsvt.2021.3101953,https://openalex.org/W3202918664,off-topic-false-hit,"Versatile Video Coding (VVC) was finalized in July 2020 as the most recent international video coding standard. It was developed by the Joint Video Experts Team (JVET) of the ITU-T Video Coding Experts Group (VCEG) and the ISO/IEC Moving Picture Experts Group (MPEG) to serve an ever-growing need for improved video compression as well as to support a wider variety of today’s media content and emerging applications. This paper provides an overview of the novel technical features for new applications and the core compression technologies for achieving significant bit rate reductions in the neighborhood of 50% over its predecessor for equal video quality, the High Efficiency Video Coding (HEVC) standard, and 75% over the currently most-used format, the Advanced Video Coding (AVC) standard. It is explained how these new features in VVC provide greater versatility for applications. Highlighted applications include video with resolutions beyond standard- and high-definition, video with high dynamic range and wide color gamut, adaptive streaming with resolution changes, computer-generated and screen-captured video, ultralow-delay streaming, 360° immersive video, and multilayer coding e.g., for scalability. Furthermore, early implementations are presented to show that the new VVC standard is implementable and ready for real-world deployment.",openalex,llm,1.000,unreviewed,,doi:10.1109/tcsvt.2021.3101953
discarded,Traffic and Quality Characterization of Single-Layer Video Streams Encoded with the H.264/MPEG-4 Advanced Video Coding Standard and Scalable Video Coding Extension,Geert Van der Auwera; Prasanth T. David; Martin Reisslein,2008,IEEE Transactions on Broadcasting,10.1109/tbc.2008.2000422,https://openalex.org/W2151869582,off-topic-false-hit,"The recently developed H.264/AVC video codec with Scalable Video Coding (SVC) extension, compresses non-scalable (single-layer) and scalable video significantly more efficiently than MPEG-4 Part 2. Since the traffic characteristics of encoded video have a significant impact on its network transport, we examine the bit rate-distortion and bit rate variability-distortion performance of single-layer video traffic of the H.264/AVC codec and SVC extension using long CIF resolution videos. We also compare the traffic characteristics of the hierarchical B frames (SVC) versus classical B frames. In addition, we examine the impact of frame size smoothing on the video traffic to mitigate the effect of bit rate variabilities. We find that compared to MPEG-4 Part 2, the H.264/AVC codec and SVC extension achieve lower average bit rates at the expense of significantly increased traffic variabilities that remain at a high level even with smoothing. Through simulations we investigate the implications of this increase in rate variability on(i)frame losses when transmitting a single video, and(ii)on a bufferless statistical multiplexing scenario with restricted link capacity and information loss. We find increased frame losses, and rate-distortion/rate-variability/encoding complexity tradeoffs. We conclude that solely assessing bit rate-distortion improvements of video encoder technologies is not sufficient to predict the performance in specific networked application scenarios.",openalex,llm,1.000,unreviewed,,doi:10.1109/tbc.2008.2000422
discarded,Are Statewide Trauma Registries Comparable? Reaching for a National Trauma Dataset,N. Clay Mann; Karen Guice; Laura D. Cassidy; Dagan Wright; Julie Koury,2006,Academic Emergency Medicine,10.1197/j.aem.2006.04.019,https://openalex.org/W2138534161,off-topic-false-hit,"BACKGROUND: Statewide trauma registries have proliferated in the last decade, suggesting that information could be aggregated to provide an accurate depiction of serious injury in the United States. OBJECTIVES: To determine whether variability exists in the composition and content of statewide trauma registries, specifically addressing case-acquisition, case-definition (inclusion criteria), and registry-coding conventions. METHODS: A cross-sectional, two-part survey was administered to managers of all statewide trauma registries. State trauma registrars also provided inclusion and exclusion criteria from their state registry and abstracted a clinical vignette designed to identify coding inconsistencies. RESULTS: Thirty-two states maintain a centralized registry, but requirements for data submission vary significantly. Inclusion and exclusion criteria also vary, particularly for nontraumatic injuries. Coding conventions adopted by states for vague or missing information are dissimilar. When abstractions of the clinical vignette are compared, only 19% and 47% of states provided similar quantity or content for injury e-coding and diagnostic coding, respectively. Injury severity scores (based on diagnostic coding) demonstrated a range from 2 to 18. CONCLUSIONS: Statewide trauma registries are prevalent but vary significantly in composition and content. Standardizing inclusion criteria, variable definitions, and coding conventions would greatly enhance the usability of an aggregated, national trauma registry.",openalex,llm,1.000,unreviewed,,doi:10.1197/j.aem.2006.04.019
