status,title,authors,year,venue,doi,url,tags,abstract,provider,decision_source,llm_confidence,llm_review_outcome,llm_change_direction,paper_id
discarded,Design Flaws Prediction for Impact on Software Maintainability using Extreme Learning Machine,Patcharapan Thongkum; Sakorn Mekruksavanich,2020,"2020 Joint International Conference on Digital Arts, Media and Technology with ECTI Northern Section Conference on Electrical, Electronics, Computer and Telecommunications Engineering (ECTI DAMT & NCON)",10.1109/ECTIDAMTNCON48261.2020.9090717,https://ieeexplore.ieee.org/document/9090717/,off-topic-false-hit,"The software that contains flaws in its design is an indication that the design and coding standards have been violated by the developer during the software system’s development. It has been observed in recent empirical studies that classes with flaws in the design flaws have a higher probability of change proneness or fault proneness when compared to classes without flaws in the design. There is an exponential increase in terms of the effort required to remove bugs due to design flaws in cases where the flaws are not detected in the early stages of the development of the software. The use of source code metrics for the prediction of design flaws can be implemented in the initial stages of the life cycle of the software development for the reduction of the testing effort and the maintenance of the software as well as the improvement of its quality. This empirical research study examines and assesses a variety of techniques for classification, feature selection, and data sampling in order to deal with the imbalance data for prediction of several categories of design flaws. The assessment of more than 20 application packages is the basis of the conclusions of this study. The results of the experiments indicate that the estimating capability of various classifiers, feature selection, and data imbalance techniques for the development of prediction models for design flaws can be confirmed. In addition, it was also revealed that the models that were developed through the use of one particular technique were found to be superior to the models that were developed with the use of other techniques, according to our analysis.",ieee,llm,0.950,unreviewed,,doi:10.1109/ectidamtncon48261.2020.9090717
kept,Does the modern code inspection have value?,H. Siy; L. Votta,2001,Proceedings IEEE International Conference on Software Maintenance. ICSM 2001,10.1109/ICSM.2001.972741,https://ieeexplore.ieee.org/document/972741/,supports-claim,"For years, it was believed that the value of inspections is in finding and fixing defects early in the development process. Otherwise, the cost to find and fix them later is much higher However in examining code inspection data, we are finding that inspections are beneficial for an additional reason. They make the code easier to understand and change. An analysis of data from a recent code inspection experiment shows that 60% of all issues raised in the code inspections are not problems that could have been uncovered by latter phases of testing or field usage because they have little or nothing to do with the visible execution behavior of the software. Rather they improve the maintainability of the code by making the code conform to coding standards, minimizing redundancies, improving language proficiency, improving safety and portability, and raising the quality of the documentation. We conclude that even if advances in software technology have diminished the value of inspections as a defect detection tool, in most cases, it continues to be of value as a maintenance tool.",ieee,llm,0.920,unreviewed,,doi:10.1109/icsm.2001.972741
discarded,A Metrics Tracking Program for Promoting High-Quality Software Development,Khaled Slhoub; Fitzroy Nembhard; Marco Carvalho,2019,2019 SoutheastCon,10.1109/SoutheastCon42311.2019.9020395,https://ieeexplore.ieee.org/document/9020395/,adjacent-subtopic,"There has been substantial focus on software metrics over the last few decades. However, many activities within software engineering are often qualitative and are not consonant with automated approaches. Consequently, there are few tools to measure software development quality or to assess teamwork contribution. This paper uses ideas from the Goal-Questions-Metrics (GQM) paradigm to propose a set of metrics to track product and process quality throughout the software development process. The proposed metrics program consists of a set of quality metrics and associated standards that will encourage software development teams to produce high-quality products. We also propose a framework for a tool that implements the metrics tracking program and demonstrate its utility by developing an Eclipse plugin based on the proposed quality metrics.",ieee,llm,0.870,unreviewed,,doi:10.1109/southeastcon42311.2019.9020395
kept,Code Convention Adherence in Research Data Infrastructure Software: An Exploratory Study,Michael Smit,2019,2019 IEEE International Conference on Big Data (Big Data),10.1109/BigData47090.2019.9006130,https://ieeexplore.ieee.org/document/9006130/,qualifies-claim,"Science is rapidly evolving, incorporating technology like autonomous vehicles, high-throughput scientific instruments, high-fidelity numerical models, and sensor networks, all generating data with increasing frequency, variety, and volume. Scientists committed to open science are interested in sharing this data, which requires research data infrastructure (RDI). The software underlying RDI is often created and/or deployed by people who have not received formal training in software engineering, or at organizations with primary mandates that do not include software development. Our understanding of software engineering as a field and practice does not universally translate to this software. As RDI software is pushed to handle larger data sets, and used to share data more widely, it is important to understand the maintainability, the resilience of the development community, and other indicators of long-term software project health. While there is a body of research on scientific software, and on free and open source software, it is not known if existing approaches to assessing these properties are effective for RDI software. In this exploratory study, we calculate one proxy measure for maintainability (code convention adherence) for a popular ocean data management system, and compare the results with four open source projects, and with the apparent experience of users as captured in public mailing lists and an issue tracker. The results advance our limited understanding of this type of software, and inform hypothesis generation and future research design.",ieee,llm,0.780,unreviewed,,doi:10.1109/bigdata47090.2019.9006130
discarded,Using a coding standard to improve program quality,Xuefen Fang,2001,Proceedings Second Asia-Pacific Conference on Quality Software,10.1109/APAQS.2001.990004,https://ieeexplore.ieee.org/document/990004/,off-topic-false-hit,"Program quality represents the most significant part of software quality control that assures all characteristics of software products to satisfy the user's explicit and implicit needs. Though software processes have to be improved to enhance software quality. We address the problems of software products at the source code level, and deal with those problems by using a coding standard. We describe a quality assurance method using coding standards in program design and implementation, and report our program quality improvement practices and observations using a Java programming coding standard.",ieee,llm,0.870,unreviewed,,doi:10.1109/apaqs.2001.990004
discarded,Reliability-growth analysis for an Ada-coding process,J.H. Bailey; R.A. Kowalski,1992,Annual Reliability and Maintainability Symposium 1992 Proceedings,10.1109/ARMS.1992.187837,https://ieeexplore.ieee.org/document/187837/,off-topic-false-hit,"In a recent software development effort, an ARINC Research Corporation development team translated 500 system transactions into 11000 lines of code in Ada-compilable program design language (PDL). The team established rigorous data collection and review processes to collect and classify defect data and identify reliability growth in the PDL being produced. Two classes of defects for the coding process were defined: minor defects and logic defects. Data were collected by transaction, by defect type, and by lines of PDL. The defect analysis indicated that the learning process, and thus reliability growth, were different for the two defect classes. In addition, a period of reduced work load and changes in coding standards affected the observed defect rates for each class differently. As a result of this analysis effort, a database was established to track the coding process and to provide a basis for estimating various parameters of future efforts (e.g., time and cost) as well as the impact of process changes.<>",ieee,llm,0.960,unreviewed,,doi:10.1109/arms.1992.187837
discarded,Predicting Developers' Negative Feelings about Code Review,Carolyn D. Egelman; Emerson Murphy-Hill; Elizabeth Kammer; Margaret Morrow Hodges; Collin Green; Ciera Jaspan; James Lin,2020,2020 IEEE/ACM 42nd International Conference on Software Engineering (ICSE),,https://ieeexplore.ieee.org/document/9283927/,off-topic-false-hit,"During code review, developers critically examine each others' code to improve its quality, share knowledge, and ensure conformance to coding standards. In the process, developers may have negative interpersonal interactions with their peers, which can lead to frustration and stress; these negative interactions may ultimately result in developers abandoning projects. In this mixed-methods study at one company, we surveyed 1,317 developers to characterize the negative experiences and cross-referenced the results with objective data from code review logs to predict these experiences. Our results suggest that such negative experiences, which we call “pushback”, are relatively rare in practice, but have negative repercussions when they occur. Our metrics can predict feelings of pushback with high recall but low precision, making them potentially appropriate for highlighting interactions that may benefit from a self-intervention.",ieee,llm,0.920,unreviewed,,hash:90a7971c05cbed76
discarded,Still Manual? Automated Linter Configuration via DSL-Based LLM Compilation of Coding Standards,Zejun Zhang; Yixin Gan; Zhenchang Xing; Tian Zhang; Yi Li; Xiwei Xu; Qinghua Lu; Liming Zhu,2026,cs.SE,10.48550/arXiv.2602.07783,http://arxiv.org/abs/2602.07783v1,adjacent-subtopic,"Coding standards are essential for maintaining consistent and high-quality code across teams and projects. Linters help developers enforce these standards by detecting code violations. However, manual linter configuration is complex and expertise-intensive, and the diversity and evolution of programming languages, coding standards, and linters lead to repetitive and maintenance-intensive configuration work. To reduce manual effort, we propose LintCFG, a domain-specific language (DSL)-driven, LLM-based compilation approach to automate linter configuration generation for coding standards, independent of programming languages, coding standards, and linters. Inspired by compiler design, we first design a DSL to express coding rules in a tool-agnostic, structured, readable, and precise manner. Then, we build linter configurations into DSL configuration instructions. For a given natural language coding standard, the compilation process parses it into DSL coding standards, matches them with the DSL configuration instructions to set configuration names, option names and values, verifies consistency between the standards and configurations, and finally generates linter-specific configurations. Experiments with Checkstyle for Java coding standard show that our approach achieves over 90% precision and recall in DSL representation, with accuracy, precision, recall, and F1-scores close to 70% (with some exceeding 70%) in fine-grained linter configuration generation. Notably, our approach outperforms baselines by over 100% in precision. A user study further shows that our approach improves developers' efficiency in configuring linters for coding standards. Finally, we demonstrate the generality of the approach by generating ESLint configurations for JavaScript coding standards, showcasing its broad applicability across other programming languages, coding standards, and linters.",arxiv,llm,0.950,unreviewed,,doi:10.48550/arxiv.2602.07783
discarded,Overview of Cross-Component In-loop Filters in Video Coding Standards,Zhaoyu Li; Xuewei Meng; Jiaqi Zhang; Cheng Huang; Chuanmin Jia; Siwei Ma; Yun Jiang,2026,cs.CV,10.48550/arXiv.2607.12186,http://arxiv.org/abs/2607.12186v1,off-topic-false-hit,"In-loop filters have been comprehensively explored during the development of video coding standards due to their remarkable noise-reduction capability. In the early stage of video coding, in-loop filters, such as Deblocking Filter, Sample Adaptive Offset, and Adaptive Loop Filter, were performed separately for each component. Recently, cross-component filters were studied to improve the chroma fidelity by exploiting correlations between the luma and chroma channels. This paper summarizes the cross-component filters used in the state-of-the-art video coding standard. Specifically, it includes the Cross-Component Adaptive Loop Filter and Cross-Component Sample Adaptive Offset. Cross-component filters aim to reduce compression artifacts based on the correlation between different components and provide more accurate pixel reconstruction values. In this paper, we introduce the origin, development, and status of cross-component filters in the current video coding standards. Finally, we had some discussions on the further evolutions of cross-component filters.",arxiv,llm,0.990,unreviewed,,doi:10.48550/arxiv.2607.12186
discarded,QUPER-MAn: Benchmark-Guided Target Setting for Maintainability Requirements,Markus Borg; Martin Larsson; Philip Breid; Nadim Hagatulah,2025,cs.SE,10.48550/arXiv.2508.15512,http://arxiv.org/abs/2508.15512v1,adjacent-subtopic,"Maintainable source code is essential for sustainable development in any software organization. Unfortunately, many studies show that maintainability often receives less attention than its importance warrants. We argue that requirements engineering can address this gap the problem by fostering discussions and setting appropriate targets in a responsible manner. In this preliminary work, we conducted an exploratory study of industry practices related to requirements engineering for maintainability. Our findings confirm previous studies: maintainability remains a second-class quality concern. Explicit requirements often make sweeping references to coding conventions. Tools providing maintainability proxies are common but typically only used in implicit requirements related to engineering practices. To address this, we propose QUPER-MAn, a maintainability adaption of the QUPER model, which was originally developed to help organizations set targets for performance requirements. Developed using a design science approach, QUPER-MAn, integrates maintainability benchmarks and supports target setting. We posit that it can shift maintainability from an overlooked development consequence to an actively managed goal driven by informed and responsible engineering decisions.",arxiv,llm,0.810,unreviewed,,doi:10.48550/arxiv.2508.15512
discarded,DevReplay: Automatic Repair with Editable Fix Pattern,Yuki Ueda; Takashi Ishio; Akinori Ihara; Kenichi Matsumoto,2020,cs.SE,10.48550/arXiv.2005.11040,http://arxiv.org/abs/2005.11040v1,adjacent-subtopic,"Static analysis tools, or linters, detect violation of source code conventions to maintain project readability. Those tools automatically fix specific violations while developers edit the source code. However, existing tools are designed for the general conventions of programming languages. These tools do not check the project/API-specific conventions. We propose a novel static analysis tool DevReplay that generates code change patterns by mining the code change history, and we recommend changes using the matched patterns. Using DevReplay, developers can automatically detect and fix project/API-specific problems in the code editor and code review. Also, we evaluate the accuracy of DevReplay using automatic program repair tool benchmarks and real software. We found that DevReplay resolves more bugs than state-of-the-art APR tools. Finally, we submitted patches to the most popular open-source projects that are implemented by different languages, and project reviewers accepted 80% (8 of 10) patches. DevReplay is available on https://devreplay.github.io.",arxiv,llm,0.930,unreviewed,,doi:10.48550/arxiv.2005.11040
discarded,"UAV Immersive Video Streaming: A Comprehensive Survey, Benchmarking, and Open Challenges",Mohit K. Sharma; Chen-Feng Liu; Ibrahim Farhat; Nassim Sehad; Wassim Hamidouche; Merouane Debbah,2023,eess.IV,10.48550/arXiv.2311.00082,http://arxiv.org/abs/2311.00082v1,off-topic-false-hit,"Over the past decade, the utilization of UAVs has witnessed significant growth, owing to their agility, rapid deployment, and maneuverability. In particular, the use of UAV-mounted 360-degree cameras to capture omnidirectional videos has enabled truly immersive viewing experiences with up to 6DoF. However, achieving this immersive experience necessitates encoding omnidirectional videos in high resolution, leading to increased bitrates. Consequently, new challenges arise in terms of latency, throughput, perceived quality, and energy consumption for real-time streaming of such content. This paper presents a comprehensive survey of research efforts in UAV-based immersive video streaming, benchmarks popular video encoding schemes, and identifies open research challenges. Initially, we review the literature on 360-degree video coding, packaging, and streaming, with a particular focus on standardization efforts to ensure interoperability of immersive video streaming devices and services. Subsequently, we provide a comprehensive review of research efforts focused on optimizing video streaming for timevarying UAV wireless channels. Additionally, we introduce a high resolution 360-degree video dataset captured from UAVs under different flying conditions. This dataset facilitates the evaluation of complexity and coding efficiency of software and hardware video encoders based on popular video coding standards and formats, including AVC/H.264, HEVC/H.265, VVC/H.266, VP9, and AV1. Our results demonstrate that HEVC achieves the best trade-off between coding efficiency and complexity through its hardware implementation, while AV1 format excels in coding efficiency through its software implementation, specifically using the libsvt-av1 encoder. Furthermore, we present a real testbed showcasing 360-degree video streaming over a UAV, enabling remote control of the drone via a 5G cellular network.",arxiv,llm,0.990,unreviewed,,doi:10.48550/arxiv.2311.00082
discarded,PyHealth 2.0: A Comprehensive Open-Source Toolkit for Accessible and Reproducible Clinical Deep Learning,John Wu; Yongda Fan; Zhenbang Wu; Paul Landes; Eric Schrock; Sayeed Sajjad Razin; Arjun Chatterjee; Naveen Baskaran; Joshua Steier; Andrea Fitzpatrick; Bilal Arif; Rian Atri; Jathurshan Pradeepkumar; Siddhartha Laghuvarapu; Junyi Gao; Adam R. Cross; Jimeng Sun,2026,cs.LG,10.48550/arXiv.2601.16414,http://arxiv.org/abs/2601.16414v2,off-topic-false-hit,"Difficulty replicating baselines, high computational costs, and required domain expertise create persistent barriers to clinical AI research. To address these challenges, we introduce PyHealth 2.0, an enhanced clinical deep learning toolkit that enables predictive modeling in as few as 7 lines of code. PyHealth 2.0 offers three key contributions: (1) a comprehensive toolkit addressing reproducibility and compatibility challenges by unifying 15+ datasets, 20+ clinical tasks, 25+ models, 5+ interpretability methods, and uncertainty quantification including conformal prediction within a single framework that supports diverse clinical data modalities - signals, imaging, and electronic health records - with translation of 5+ medical coding standards; (2) accessibility-focused design accommodating multimodal data and diverse computational resources with up to 39x faster processing and 20x lower memory usage, enabling work from 16GB laptops to production systems; and (3) an active open-source community of 400+ members lowering domain expertise barriers through extensive documentation, reproducible research contributions, and collaborations with academic health systems and industry partners, including multi-language support via RHealth. PyHealth 2.0 establishes an open-source foundation and community advancing accessible, reproducible healthcare AI. Available at pip install pyhealth.",arxiv,llm,0.980,unreviewed,,doi:10.48550/arxiv.2601.16414
