status,title,authors,year,venue,doi,url,tags,abstract,provider,decision_source,llm_confidence,llm_review_outcome,llm_change_direction,paper_id
discarded,Semantic relation based expansion of abbreviations,Jiang Y.,2019,Esec Fse 2019 Proceedings of the 2019 27th ACM Joint Meeting European Software Engineering Conference and Symposium on the Foundations of Software Engineering,10.1145/3338906.3338929,https://www.scopus.com/inward/record.uri?partnerID=HzOxMe3b&scp=85071906275&origin=inward,adjacent-subtopic,,scopus,llm,0.820,unreviewed,,doi:10.1145/3338906.3338929
discarded,"Preserving medical correctness, readability and consistency in de-identified health records",Pantazos K.,2017,Health Informatics Journal,10.1177/1460458216647760,https://www.scopus.com/inward/record.uri?partnerID=HzOxMe3b&scp=85034637745&origin=inward,off-topic-false-hit,,scopus,llm,1.000,unreviewed,,doi:10.1177/1460458216647760
discarded,Bayesian unigram-based inference for expanding abbreviations in source code,Alatawi A.,2017,Proceedings International Conference on Tools with Artificial Intelligence Ictai,10.1109/ICTAI.2017.00088,https://www.scopus.com/inward/record.uri?partnerID=HzOxMe3b&scp=85048463225&origin=inward,adjacent-subtopic,,scopus,llm,0.810,unreviewed,,doi:10.1109/ictai.2017.00088
discarded,On expanding abbreviated identifiers in the source code,Yang H.,2016,Lecture Notes in Computer Science Including Subseries Lecture Notes in Artificial Intelligence and Lecture Notes in Bioinformatics,10.1007/978-3-319-46257-8_63,https://www.scopus.com/inward/record.uri?partnerID=HzOxMe3b&scp=84989920876&origin=inward,adjacent-subtopic,,scopus,llm,0.820,unreviewed,,doi:10.1007/978-3-319-46257-8_63
discarded,Abbreviation identification in clinical notes with level-wise feature engineering and supervised learning,Vo T.N.C.,2016,Lecture Notes in Computer Science Including Subseries Lecture Notes in Artificial Intelligence and Lecture Notes in Bioinformatics,10.1007/978-3-319-42706-5_1,https://www.scopus.com/inward/record.uri?partnerID=HzOxMe3b&scp=84984799142&origin=inward,off-topic-false-hit,,scopus,llm,1.000,unreviewed,,doi:10.1007/978-3-319-42706-5_1
discarded,Investigating naming convention adherence in Java references,Butler S.,2015,2015 IEEE 31st International Conference on Software Maintenance and Evolution Icsme 2015 Proceedings,10.1109/ICSM.2015.7332450,https://www.scopus.com/inward/record.uri?partnerID=HzOxMe3b&scp=84961594125&origin=inward,adjacent-subtopic,,scopus,llm,0.930,unreviewed,,doi:10.1109/icsm.2015.7332450
discarded,A Survey of the Forms of Java Reference Names,Butler S.,2015,IEEE International Conference on Program Comprehension,10.1109/ICPC.2015.30,https://www.scopus.com/inward/record.uri?partnerID=HzOxMe3b&scp=84961321234&origin=inward,adjacent-subtopic,,scopus,llm,0.870,unreviewed,,doi:10.1109/icpc.2015.30
discarded,The species Severe acute respiratory syndrome-related coronavirus: classifying 2019-nCoV and naming it SARS-CoV-2,Alexander E. Gorbalenya; Susan C. Baker; Ralph S. Baric; Raoul J. de Groot; Christian Drosten; Anastasia Gulyaeva; Bart L. Haagmans; Chris Lauber; A. M. Leontovich; Benjamin W. Neuman; Dmitry Penzar; Stanley Perlman; Leo L. M. Poon; Dmitry V. Samborskiy; Igor A. Sidorov; Isabel Sola; John Ziebuhr,2020,Nature Microbiology,10.1038/s41564-020-0695-z,https://openalex.org/W3009906937,off-topic-false-hit,"The present outbreak of a coronavirus-associated acute respiratory disease called coronavirus disease 19 (COVID-19) is the third documented spillover of an animal coronavirus to humans in only two decades that has resulted in a major epidemic. The Coronaviridae Study Group (CSG) of the International Committee on Taxonomy of Viruses, which is responsible for developing the classification of viruses and taxon nomenclature of the family Coronaviridae, has assessed the placement of the human pathogen, tentatively named 2019-nCoV, within the Coronaviridae. Based on phylogeny, taxonomy and established practice, the CSG recognizes this virus as forming a sister clade to the prototype human and bat severe acute respiratory syndrome coronaviruses (SARS-CoVs) of the species Severe acute respiratory syndrome-related coronavirus, and designates it as SARS-CoV-2. In order to facilitate communication, the CSG proposes to use the following naming convention for individual isolates: SARS-CoV-2/host/location/isolate/date. While the full spectrum of clinical manifestations associated with SARS-CoV-2 infections in humans remains to be determined, the independent zoonotic transmission of SARS-CoV and SARS-CoV-2 highlights the need for studying viruses at the species level to complement research focused on individual pathogenic viruses of immediate significance. This will improve our understanding of virus–host interactions in an ever-changing environment and enhance our preparedness for future outbreaks.",openalex,llm,1.000,unreviewed,,doi:10.1038/s41564-020-0695-z
discarded,"Identifying Quality, Novel, and Creative Ideas: Constructs and Scales for Idea Evaluation",Douglas L. Dean; Jillian Hender; Thomas L. Rodgers; Eric Santanen,2006,Journal of the Association for Information Systems,10.17705/1jais.00106,https://openalex.org/W2168697680,off-topic-false-hit,"Researchers and practitioners have an abiding interest in improving tools and methods to support idea generation. In studies that go beyond merely enumerating ideas, researchers typically select one or more of the following three constructs, which are often operationalized as the dependent variable(s): 1) idea quality, 2) idea novelty, which is sometimes referred to as rarity or unusualness, and 3) idea creativity. It has been chronically problematic to compare findings across studies because these evaluation constructs have been variously defined and the constructs have been sampled in different ways. For example, some researchers term an idea 'creative' if it is novel, while others consider an idea to be creative only if it is also applicable, effective, and implementable. This paper examines 90 studies on creativity and idea generation. Within the creativity studies considered here, the novelty of ideas was always measured, but in some cases the ideas had to also meet additional requirements to be considered creative. Some studies that examined idea quality also assessed novelty, while others measured different quality attributes, such as effectiveness and implementability, instead. This paper describes a method for evaluating ideas with regard to four dimensions--novelty, workability, relevance, and specificity--and has identified two measurable sub-dimensions for each of the four main dimensions. An action-research approach was used to develop ordinal scales anchored by clearly differentiable descriptions for each sub-dimension. Confirmatory factor analysis revealed high loadings among the sub-dimensions that comprise each dimension as well as high discriminant validity between dimensions. Application of this method resulted in high inter-rater reliability even when the method was applied by different raters to different problems and to ideas produced by both manual methods and group support systems (GSS).",openalex,llm,1.000,unreviewed,,doi:10.17705/1jais.00106
discarded,A naming convention for atmospheric organic aerosol,Benjamin N. Murphy; Neil M. Donahue; Allen L. Robinson; Spyros Ν. Pandis,2014,Atmospheric chemistry and physics,10.5194/acp-14-5825-2014,https://openalex.org/W2159911101,off-topic-false-hit,"Abstract. While the field of atmospheric organic aerosol scientific research has experienced thorough and insightful progress over the last half century, this progress has been accompanied by the evolution of a communicative and detailed yet, at times, complex and inconsistent language. The menagerie of detailed classification that now exists to describe organic compounds in our atmosphere reflects the wealth of observational techniques now at our disposal as well as the rich information provided by state-of-the-science instrumentation. However, the nomenclature in place to communicate these scientific gains is growing disjointed to the point that effective communication within the scientific community and to the public may be sacrificed. We propose standardizing a naming convention for organic aerosol classification that is relevant to laboratory studies, ambient observations, atmospheric models, and various stakeholders for air-quality problems. Because a critical aspect of this effort is to directly translate the essence of complex physico-chemical phenomena to a much broader, policy-oriented audience, we recommend a framework that maximizes comprehension among scientists and non-scientists alike. For example, to classify volatility, it relies on straightforward alphabetic terms (e.g., semivolatile, SV; intermediate volatility, IV; etc.) rather than possibly ambiguous numeric indices. This framework classifies organic material as primary or secondary pollutants and distinguishes among fundamental features important for science and policy questions including emission source, chemical phase, and volatility. Also useful is the addition of an alphabetic suffix identifying the volatility of the organic material or its precursor for when emission occurred. With this framework, we hope to introduce into the community a consistent connection between common notation for the general public and detailed nomenclature for highly specialized discussion. In so doing, we try to maintain consistency with historical, familiar naming schemes, unify much of the scattered nomenclature presented in recent literature, reduce the barrier of comprehension to outside audiences, and construct a scaffold into which insights from future scientific discoveries can be incorporated.",openalex,llm,1.000,unreviewed,,doi:10.5194/acp-14-5825-2014
discarded,Change What? Identifying Quality Improvement Targets by Investigating Usual Mental Health Care,Ann F. Garland; Leonard Bickman; Bruce F. Chorpita,2010,Administration and Policy in Mental Health and Mental Health Services Research,10.1007/s10488-010-0279-y,https://openalex.org/W2084650569,off-topic-false-hit,"Efforts to improve community-based children's mental health care should be based on valid information about effective practices and current routine practices. Emerging research on routine care practices and outcomes has identified discrepancies between evidence-based practices and ""usual care."" These discrepancies highlight potentially potent quality improvement interventions. This article reviews existing research on routine or ""usual care"" practice, identifies strengths and weaknesses in routine psychotherapeutic care, as well as gaps in knowledge, and proposes quality improvement recommendations based on existing data to improve the effectiveness of children's mental health care. The two broad recommendations for bridging the research-practice gap are to implement valid, feasible measurement feedback systems and clinician training in common elements of evidence-based practice.",openalex,llm,1.000,unreviewed,,doi:10.1007/s10488-010-0279-y
discarded,A community-maintained standard library of population genetic models,Jeffrey R. Adrion; C. B. Cole; Noah Dukler; Jared Galloway; Ariella Gladstein; Graham Gower; Christopher C. Kyriazis; Aaron P. Ragsdale; Georgia Tsambos; Franz Baumdicker; Jedidiah Carlson; Reed A. Cartwright; Arun Durvasula; Ilan Gronau; Bernard Kim; Patrick McKenzie; Philipp W. Messer; Ekaterina Noskova; Diego Ortega‐Del Vecchyo; Fernando Racimo; Travis J. Struck; Simon Gravel; Ryan N. Gutenkunst; Kirk E. Lohmueller; Peter L. Ralph; Daniel R. Schrider; Adam Siepel; Jerome Kelleher; Andrew D. Kern,2020,eLife,10.7554/elife.54967,https://openalex.org/W3037441421,off-topic-false-hit,"The explosion in population genomic data demands ever more complex modes of analysis, and increasingly, these analyses depend on sophisticated simulations. Recent advances in population genetic simulation have made it possible to simulate large and complex models, but specifying such models for a particular simulation engine remains a difficult and error-prone task. Computational genetics researchers currently re-implement simulation models independently, leading to inconsistency and duplication of effort. This situation presents a major barrier to empirical researchers seeking to use simulations for power analyses of upcoming studies or sanity checks on existing genomic data. Population genetics, as a field, also lacks standard benchmarks by which new tools for inference might be measured. Here, we describe a new resource, stdpopsim, that attempts to rectify this situation. Stdpopsim is a community-driven open source project, which provides easy access to a growing catalog of published simulation models from a range of organisms and supports multiple simulation engine backends. This resource is available as a well-documented python library with a simple command-line interface. We share some examples demonstrating how stdpopsim can be used to systematically compare demographic inference methods, and we encourage a broader community of developers to contribute to this growing resource.",openalex,llm,0.990,unreviewed,,doi:10.7554/elife.54967
discarded,THE EXTRAGALACTIC DISTANCE DATABASE,R. Brent Tully; L. Rizzi; E. Shaya; H. M. Courtois; D. I. Makarov; B.A. onder red. van E. Jacobs,2009,The Astronomical Journal,10.1088/0004-6256/138/2/323,https://openalex.org/W2159478752,off-topic-false-hit,"A database can be accessed on the Web at http://edd.ifa.hawaii.edu that was developed to promote access to information related to galaxy distances. The database has three functional components. First, tables from many literature sources have been gathered and enhanced with links through a distinct galaxy naming convention. Second, comparisons of results both at the levels of parameters and of techniques have begun and are continuing, leading to increasing homogeneity and consistency of distance measurements. Third, new material is presented arising from ongoing observational programs at the University of Hawaii 2.2 m telescope, radio telescopes at Green Bank, Arecibo, and Parkes and with the Hubble Space Telescope . This new observational material is made available in tandem with related material drawn from archives and passed through common analysis pipelines.",openalex,llm,1.000,unreviewed,,doi:10.1088/0004-6256/138/2/323
discarded,Debugging Method Names,Einar W. Høst; Bjarte M. Østvold,2009,Lecture notes in computer science,10.1007/978-3-642-03013-0_14,https://openalex.org/W1608271177,adjacent-subtopic,,openalex,llm,0.880,unreviewed,,doi:10.1007/978-3-642-03013-0_14
discarded,A unified phylogeny-based nomenclature for histone variants,Paul B. Talbert; Kami Ahmad; Geneviève Almouzni; Juan Ausió; Frédéric Berger; Prem L. Bhalla; William M. Bonner; W. Zacheus Cande; Brian P. Chadwick; Wan Chan; George Cross; Liwang Cui; Stéfan Dimitrov; Detlef Doenecke; José M. Eirín‐López; Martin A. Gorovsky; Sandra B. Hake; Barbara A. Hamkalo; Sarah Holec; Steven E. Jacobsen; Kinga Kamieniarz-Gdula; Saadi Khochbin; Andreas G. Ladurner; David Landsman; John Latham; Benjamin Loppin; Harmit S. Malik; William F. Marzluff; John R. Pehrson; Jan Postberg; Robert J. Schneider; Mohan B. Singh; M. Mitchell Smith; Eric M. Thompson; Maria‐Elena Torres‐Padilla; David J. Tremethick; Bryan M. Turner; Jakob H. Waterborg; Heike Wollmann; Ramesh Yelagandula; Bing Zhu; Steven Henikoff,2012,Epigenetics & Chromatin,10.1186/1756-8935-5-7,https://openalex.org/W2169782046,off-topic-false-hit,"Histone variants are non-allelic protein isoforms that play key roles in diversifying chromatin structure. The known number of such variants has greatly increased in recent years, but the lack of naming conventions for them has led to a variety of naming styles, multiple synonyms and misleading homographs that obscure variant relationships and complicate database searches. We propose here a unified nomenclature for variants of all five classes of histones that uses consistent but flexible naming conventions to produce names that are informative and readily searchable. The nomenclature builds on historical usage and incorporates phylogenetic relationships, which are strong predictors of structure and function. A key feature is the consistent use of punctuation to represent phylogenetic divergence, making explicit the relationships among variant subtypes that have previously been implicit or unclear. We recommend that by default new histone variants be named with organism-specific paralog-number suffixes that lack phylogenetic implication, while letter suffixes be reserved for structurally distinct clades of variants. For clarity and searchability, we encourage the use of descriptors that are separate from the phylogeny-based variant name to indicate developmental and other properties of variants that may be independent of structure.",openalex,llm,1.000,unreviewed,,doi:10.1186/1756-8935-5-7
discarded,Many Microbe Microarrays Database: uniformly normalized Affymetrix compendia with structured experimental metadata,Jeremiah J. Faith; Michael E. Driscoll; Vincent A. Fusaro; Elissa J. Cosgrove; Boris Hayete; Frank Juhn; S. J. Schneider; Timothy S. Gardner,2007,Nucleic Acids Research,10.1093/nar/gkm815,https://openalex.org/W2106945333,off-topic-false-hit,"Many Microbe Microarrays Database (M3D) is designed to facilitate the analysis and visualization of expression data in compendia compiled from multiple laboratories. M3D contains over a thousand Affymetrix microarrays for Escherichia coli, Saccharomyces cerevisiae and Shewanella oneidensis. The expression data is uniformly normalized to make the data generated by different laboratories and researchers more comparable. To facilitate computational analyses, M3D provides raw data (CEL file) and normalized data downloads of each compendium. In addition, web-based construction, visualization and download of custom datasets are provided to facilitate efficient interrogation of the compendium for more focused analyses. The experimental condition metadata in M3D is human curated with each chemical and growth attribute stored as a structured and computable set of experimental features with consistent naming conventions and units. All versions of the normalized compendia constructed for each species are maintained and accessible in perpetuity to facilitate the future interpretation and comparison of results published on M3D data. M3D is accessible at http://m3d.bu.edu/.",openalex,llm,1.000,unreviewed,,doi:10.1093/nar/gkm815
discarded,A proposed nomenclature system for the cytosolic sulfotransferase (SULT) superfamily,Rebecca Blanchard; Robert R. Freimuth; Jochen Buck; Richard M. Weinshilboum; Michael W.H. Coughtrie,2004,Pharmacogenetics,10.1097/00008571-200403000-00009,https://openalex.org/W2026833351,off-topic-false-hit,"A nomenclature system for the cytosolic sulfotransferase (SULT) superfamily has been developed. The nomenclature guidelines were applied to 65 SULT cDNAs and 18 SULT genes that were characterized from eukaryotic organisms. SULT cDNA and gene sequences were identified by querying the GenBank databases and from published reports of their identification and characterization. These sequences were evaluated and named on the basis of encoded amino acid sequence identity and, in a few cases, a necessity to maintain historical naming convention. Family members share at least 45% amino acid sequence identity whereas subfamily members are at least 60% identical. cDNAs which encode amino acid sequences of at least 97% identity to each other were assigned identical isoform names. We also attempted to categorize orthologous enzymes between various species, where these have been identified, and the nomenclature includes a species descriptor. We present recommendations for the naming of allelic variants of SULT genes and their derived allozymes arising from single nucleotide polymorphisms and other genetic variation. The superfamily currently comprises 47 mammalian SULT isoforms, one insect isoform and eight plant enzymes, and collectively these sequences represent nine separate SULT families and 14 subfamilies. It is hoped that this nomenclature system will be widely adopted and that, as novel SULTs are identified and characterized, investigators will name their discoveries according to these guidelines.",openalex,llm,1.000,unreviewed,,doi:10.1097/00008571-200403000-00009
