status,title,authors,year,venue,doi,url,tags,abstract,provider,decision_source,llm_confidence,llm_review_outcome,llm_change_direction,paper_id
discarded,Golden-Retriever: High-Fidelity Agentic Retrieval Augmented Generation for Industrial Knowledge Base,Zhiyu An; Xianzhong Ding; Yen-Chun Fu; Cheng-Chung Chu; Yan Li; Wan Du,2024,cs.IR,10.48550/arXiv.2408.00798,http://arxiv.org/abs/2408.00798v1,off-topic-false-hit,"This paper introduces Golden-Retriever, designed to efficiently navigate vast industrial knowledge bases, overcoming challenges in traditional LLM fine-tuning and RAG frameworks with domain-specific jargon and context interpretation. Golden-Retriever incorporates a reflection-based question augmentation step before document retrieval, which involves identifying jargon, clarifying its meaning based on context, and augmenting the question accordingly. Specifically, our method extracts and lists all jargon and abbreviations in the input question, determines the context against a pre-defined list, and queries a jargon dictionary for extended definitions and descriptions. This comprehensive augmentation ensures the RAG framework retrieves the most relevant documents by providing clear context and resolving ambiguities, significantly improving retrieval accuracy. Evaluations using three open-source LLMs on a domain-specific question-answer dataset demonstrate Golden-Retriever's superior performance, providing a robust solution for efficiently integrating and querying industrial knowledge bases.",arxiv,llm,1.000,unreviewed,,doi:10.48550/arxiv.2408.00798
discarded,SQUID: Deep Feature In-Painting for Unsupervised Anomaly Detection,Tiange Xiang; Yixiao Zhang; Yongyi Lu; Alan L. Yuille; Chaoyi Zhang; Weidong Cai; Zongwei Zhou,2021,cs.CV,10.48550/arXiv.2111.13495,http://arxiv.org/abs/2111.13495v3,off-topic-false-hit,"Radiography imaging protocols focus on particular body regions, therefore producing images of great similarity and yielding recurrent anatomical structures across patients. To exploit this structured information, we propose the use of Space-aware Memory Queues for In-painting and Detecting anomalies from radiography images (abbreviated as SQUID). We show that SQUID can taxonomize the ingrained anatomical structures into recurrent patterns; and in the inference, it can identify anomalies (unseen/modified patterns) in the image. SQUID surpasses 13 state-of-the-art methods in unsupervised anomaly detection by at least 5 points on two chest X-ray benchmark datasets measured by the Area Under the Curve (AUC). Additionally, we have created a new dataset (DigitAnatomy), which synthesizes the spatial correlation and consistent shape in chest anatomy. We hope DigitAnatomy can prompt the development, evaluation, and interpretability of anomaly detection methods.",arxiv,llm,1.000,unreviewed,,doi:10.48550/arxiv.2111.13495
discarded,Improving Sequential Recommendations via Bidirectional Temporal Data Augmentation with Pre-training,Juyong Jiang; Peiyan Zhang; Yingtao Luo; Chaozhuo Li; Jae Boum Kim; Kai Zhang; Senzhang Wang; Sunghun Kim; Philip S. Yu,2021,cs.IR,10.48550/arXiv.2112.06460,http://arxiv.org/abs/2112.06460v6,off-topic-false-hit,"Sequential recommendation systems are integral to discerning temporal user preferences. Yet, the task of learning from abbreviated user interaction sequences poses a notable challenge. Data augmentation has been identified as a potent strategy to enhance the informational richness of these sequences. Traditional augmentation techniques, such as item randomization, may disrupt the inherent temporal dynamics. Although recent advancements in reverse chronological pseudo-item generation have shown promise, they can introduce temporal discrepancies when assessed in a natural chronological context. In response, we introduce a sophisticated approach, Bidirectional temporal data Augmentation with pre-training (BARec). Our approach leverages bidirectional temporal augmentation and knowledge-enhanced fine-tuning to synthesize authentic pseudo-prior items that retain user preferences and capture deeper item semantic correlations, thus boosting the model's expressive power. Our comprehensive experimental analysis on five benchmark datasets confirms the superiority of BARec across both short and elongated sequence contexts. Moreover, theoretical examination and case study offer further insight into the model's logical processes and interpretability. The source code for our study is publicly available at https://github.com/juyongjiang/BARec.",arxiv,llm,1.000,unreviewed,,doi:10.48550/arxiv.2112.06460
discarded,AdaNeg: Adaptive Negative Proxy Guided OOD Detection with Vision-Language Models,Yabin Zhang; Lei Zhang,2024,cs.CV,10.48550/arXiv.2410.20149,http://arxiv.org/abs/2410.20149v1,off-topic-false-hit,"Recent research has shown that pre-trained vision-language models are effective at identifying out-of-distribution (OOD) samples by using negative labels as guidance. However, employing consistent negative labels across different OOD datasets often results in semantic misalignments, as these text labels may not accurately reflect the actual space of OOD images. To overcome this issue, we introduce \textit{adaptive negative proxies}, which are dynamically generated during testing by exploring actual OOD images, to align more closely with the underlying OOD label space and enhance the efficacy of negative proxy guidance. Specifically, our approach utilizes a feature memory bank to selectively cache discriminative features from test images, representing the targeted OOD distribution. This facilitates the creation of proxies that can better align with specific OOD datasets. While task-adaptive proxies average features to reflect the unique characteristics of each dataset, the sample-adaptive proxies weight features based on their similarity to individual test samples, exploring detailed sample-level nuances. The final score for identifying OOD samples integrates static negative labels with our proposed adaptive proxies, effectively combining textual and visual knowledge for enhanced performance. Our method is training-free and annotation-free, and it maintains fast testing speed. Extensive experiments across various benchmarks demonstrate the effectiveness of our approach, abbreviated as AdaNeg. Notably, on the large-scale ImageNet benchmark, our AdaNeg significantly outperforms existing methods, with a 2.45\% increase in AUROC and a 6.48\% reduction in FPR95. Codes are available at \url{https://github.com/YBZh/OpenOOD-VLM}.",arxiv,llm,1.000,unreviewed,,doi:10.48550/arxiv.2410.20149
discarded,ARCLIN: Automated API Mention Resolution for Unformatted Texts,Yintong Huo; Yuxin Su; Hongming Zhang; Michael R. Lyu,2022,cs.SE,10.1145/3510003.3510158,http://arxiv.org/abs/2201.01459v2,adjacent-subtopic,"Online technical forums (e.g., StackOverflow) are popular platforms for developers to discuss technical problems such as how to use specific Application Programming Interface (API), how to solve the programming tasks, or how to fix bugs in their codes. These discussions can often provide auxiliary knowledge of how to use the software that is not covered by the official documents. The automatic extraction of such knowledge will support a set of downstream tasks like API searching or indexing. However, unlike official documentation written by experts, discussions in open forums are made by regular developers who write in short and informal texts, including spelling errors or abbreviations. There are three major challenges for the accurate APIs recognition and linking mentioned APIs from unstructured natural language documents to an entry in the API repository: (1) distinguishing API mentions from common words; (2) identifying API mentions without a fully qualified name; and (3) disambiguating API mentions with similar method names but in a different library. In this paper, to tackle these challenges, we propose an ARCLIN tool, which can effectively distinguish and link APIs without using human annotations. Specifically, we first design an API recognizer to automatically extract API mentions from natural language sentences by a Conditional Random Field (CRF) on the top of a Bi-directional Long Short-Term Memory (Bi-LSTM) module, then we apply a context-aware scoring mechanism to compute the mention-entry similarity for each entry in an API repository. Compared to previous approaches with heuristic rules, our proposed tool without manual inspection outperforms by 8% in a high-quality dataset Py-mention, which contains 558 mentions and 2,830 sentences from five popular Python libraries.",arxiv,llm,0.920,unreviewed,,doi:10.1145/3510003.3510158
discarded,A General and Flexible Multi-concept Parsing Framework for Multilingual Semantic Matching,Dong Yao,2024,cs.CL,10.48550/arXiv.2403.02975,http://arxiv.org/abs/2403.02975v2,off-topic-false-hit,"Sentence semantic matching is a research hotspot in natural language processing, which is considerably significant in various key scenarios, such as community question answering, searching, chatbot, and recommendation. Since most of the advanced models directly model the semantic relevance among words between two sentences while neglecting the \textit{keywords} and \textit{intents} concepts of them, DC-Match is proposed to disentangle keywords from intents and utilizes them to optimize the matching performance. Although DC-Match is a simple yet effective method for semantic matching, it highly depends on the external NER techniques to identify the keywords of sentences, which limits the performance of semantic matching for minor languages since satisfactory NER tools are usually hard to obtain. In this paper, we propose to generally and flexibly resolve the text into multi concepts for multilingual semantic matching to liberate the model from the reliance on NER models. To this end, we devise a \underline{M}ulti-\underline{C}oncept \underline{P}arsed \underline{S}emantic \underline{M}atching framework based on the pre-trained language models, abbreviated as \textbf{MCP-SM}, to extract various concepts and infuse them into the classification tokens. We conduct comprehensive experiments on English datasets QQP and MRPC, and Chinese dataset Medical-SM. Besides, we experiment on Arabic datasets MQ2Q and XNLI, the outstanding performance further prove MCP-SM's applicability in low-resource languages.",arxiv,llm,1.000,unreviewed,,doi:10.48550/arxiv.2403.02975
discarded,Attribute-Based Semantic Type Detection and Data Quality Assessment,Marcelo Valentim Silva; Hannes Herrmann; Valerie Maxville,2024,cs.DB,10.48550/arXiv.2410.14692,http://arxiv.org/abs/2410.14692v1,off-topic-false-hit,"The reliance on data-driven decision-making across sectors highlights the critical need for high-quality data; despite advancements, data quality issues persist, significantly impacting business strategies and scientific research. Current data quality methods fail to leverage the semantic richness embedded in words inside attribute labels (or column names/headers in tables) across diverse datasets and domains, leaving a crucial gap in comprehensive data quality evaluation. This research addresses this gap by introducing an innovative methodology centered around Attribute-Based Semantic Type Detection and Data Quality Assessment. By leveraging semantic information within attribute labels, combined with rule-based analysis and comprehensive Formats and Abbreviations dictionaries, our approach introduces a practical semantic type classification system comprising approximately 23 types, including numerical non-negative, categorical, ID, names, strings, geographical, temporal, and complex formats like URLs, IP addresses, email, and binary values plus several numerical bounded types, such as age and percentage. A comparative analysis with Sherlock, a state-of-the-art Semantic Type Detection system, shows the advantages of our approach in terms of classification robustness and applicability to data quality assessment tasks. Our research focuses on well-known data quality issues and their corresponding data quality dimension violations, grounding our methodology in a robust academic framework. Detailed analysis of fifty distinct datasets from the UCI Machine Learning Repository showcases our method's proficiency in identifying potential data quality issues. Compared to established tools like YData Profiling, our method exhibits superior accuracy, detecting 81 missing values across 922 attributes where YData identified only one.",arxiv,llm,1.000,unreviewed,,doi:10.48550/arxiv.2410.14692
discarded,NiuTrans.LMT: Toward Inclusive and Scalable Multilingual Machine Translation with LLMs,Yingfeng Luo; Ziqiang Xu; Yuxuan Ouyang; Murun Yang; Dingyang Lin; Kaiyan Chang; Tong Zheng; Bei Li; Peinan Feng; Quan Du; Tong Xiao; Jingbo Zhu,2025,cs.CL,10.48550/arXiv.2511.07003,http://arxiv.org/abs/2511.07003v2,off-topic-false-hit,"Large language models have significantly advanced Multilingual Machine Translation (MMT), yet scaling to many languages while keeping quality robust across directions remains challenging. In this paper, we identify a failure mode of multilingual supervised fine-tuning (SFT) on multi-way parallel data: when such data are reused symmetrically around a pivot language (e.g., English), performance on reverse directions (X $\to$ pivot) can drop substantially. We term this phenomenon Directional Degeneration and attribute it to excessive many-to-one mappings, which encourage shortcut learning. We propose Strategic Downsampling (SD), a simple yet effective method to mitigate this degeneration. In addition, we introduce Parallel Multilingual Prompting (PMP), which augments translation instructions with an auxiliary parallel sentence to promote cross-lingual transfer during training and enables optional test-time enhancement when auxiliary translations are available. We further develop \textbf{NiuTrans.LMT} (\textbf{L}arge-scale \textbf{M}ultilingual \textbf{T}ranslation, abbreviated as \textbf{LMT}), a Chinese-English-centric suite of multilingual translation models spanning four sizes (0.6B/1.7B/4B/8B) and covering 60 languages and 234 directions. Comprehensive evaluations show that LMT is competitive among open-source MMT systems, and that our 4B LMT model performs on par with or better than substantially larger baselines. We release our models and project resources to support inclusive and scalable MMT.",arxiv,llm,1.000,unreviewed,,doi:10.48550/arxiv.2511.07003
discarded,Robust Modality-incomplete Anomaly Detection: A Modality-instructive Framework with Benchmark,Bingchen Miao; Wenqiao Zhang; Juncheng Li; Wangyu Wu; Siliang Tang; Zhaocheng Li; Haochen Shi; Jun Xiao; Yueting Zhuang,2024,cs.CV,10.48550/arXiv.2410.01737,http://arxiv.org/abs/2410.01737v2,off-topic-false-hit,"Multimodal Industrial Anomaly Detection (MIAD), which utilizes 3D point clouds and 2D RGB images to identify abnormal regions in products, plays a crucial role in industrial quality inspection. However, traditional MIAD settings assume that all 2D and 3D modalities are paired, ignoring the fact that multimodal data collected from the real world is often imperfect due to missing modalities. Additionally, models trained on modality-incomplete data are prone to overfitting. Therefore, MIAD models that demonstrate robustness against modality-incomplete data are highly desirable in practice. To address this, we introduce a pioneering study that comprehensively investigates Modality-Incomplete Industrial Anomaly Detection (MIIAD), and under the guidance of experts, we construct the MIIAD Bench with rich modality-missing settings to account for imperfect learning environments with incomplete multimodal information. As expected, we find that most existing MIAD methods perform poorly on the MIIAD Bench, leading to significant performance degradation. To tackle this challenge, we propose a novel two-stage Robust modAlity-aware fusing and Detecting framewoRk, abbreviated as RADAR. Specifically: i) We propose Modality-incomplete Instruction to guide the multimodal Transformer to robustly adapt to various modality-incomplete scenarios, and implement adaptive parameter learning based on HyperNetwork. ii) Then, we construct a Double-Pseudo Hybrid Module to highlight the uniqueness of modality combinations, mitigating overfitting issues and further enhancing the robustness of the MIIAD model. Our experimental results demonstrate that the proposed RADAR significantly outperforms traditional MIAD methods on our newly created MIIAD dataset, proving its practical application value.",arxiv,llm,1.000,unreviewed,,doi:10.48550/arxiv.2410.01737
discarded,Large language models management of medications: three performance analyses,Kelli Henry; Steven Xu; Kaitlin Blotske; Moriah Cargile; Erin F. Barreto; Brian Murray; Susan Smith; Seth R. Bauer; Xingmeng Zhao; Adeleine Tilley; Yanjun Gao; Tianming Liu; Sunghwan Sohn; Andrea Sikora,2025,cs.CL,10.48550/arXiv.2509.22926,http://arxiv.org/abs/2509.22926v2,off-topic-false-hit,"Purpose: Large language models (LLMs) have proven performance for certain diagnostic tasks, however limited studies have evaluated their consistency in recommending appropriate medication regimens for a given diagnosis. Medication management is a complex task that requires synthesis of drug formulation and complete order instructions for safe use. Here, the performance of GPT 4o, an LLM available with ChatGPT, was tested for three medication management tasks. Methods: GPT-4o performance was tested using three medication tasks: identifying available formulations for a given generic drug name, identifying drug-drug interactions (DDI) for a given medication regimen, and preparing a medication order for a given generic drug name. For each experiment, the models raw text response was captured exactly as returned and evaluated using clinician evaluation in addition to standard LLM metrics, including Term Frequency-Inverse Document Frequency (TF IDF) vectors, normalized Levenshtein similarity, and Recall-Oriented Understudy for Gisting Evaluation (ROUGE 1/ROUGE L F1) between each response and its reference string. Results: For the first task of drug-formulation matching, GPT-4o had 49% accuracy for generic medications being matched to all available formulations, with an average of 1.23 omissions per medication and 1.14 hallucinations per medication. For the second task of drug-drug interaction identification, the accuracy was 54.7% for identifying the DDI pair. For the third task, GPT-4o generated order sentences containing no medication or abbreviation errors in 65.8% of cases. Conclusions: Model performance for basic medication tasks was consistently poor. This evaluation highlights the need for domain-specific training through clinician-annotated datasets and a comprehensive evaluation framework for benchmarking performance.",arxiv,llm,1.000,unreviewed,,doi:10.48550/arxiv.2509.22926
discarded,An Empirical Study on Deployment Faults of Deep Learning Based Mobile Applications,Zhenpeng Chen; Huihan Yao; Yiling Lou; Yanbin Cao; Yuanqiang Liu; Haoyu Wang; Xuanzhe Liu,2021,cs.SE,10.48550/arXiv.2101.04930,http://arxiv.org/abs/2101.04930v2,off-topic-false-hit,"Deep Learning (DL) is finding its way into a growing number of mobile software applications. These software applications, named as DL based mobile applications (abbreviated as mobile DL apps) integrate DL models trained using large-scale data with DL programs. A DL program encodes the structure of a desirable DL model and the process by which the model is trained using training data. Due to the increasing dependency of current mobile apps on DL, software engineering (SE) for mobile DL apps has become important. However, existing efforts in SE research community mainly focus on the development of DL models and extensively analyze faults in DL programs. In contrast, faults related to the deployment of DL models on mobile devices (named as deployment faults of mobile DL apps) have not been well studied. Since mobile DL apps have been used by billions of end users daily for various purposes including for safety-critical scenarios, characterizing their deployment faults is of enormous importance. To fill the knowledge gap, this paper presents the first comprehensive study on the deployment faults of mobile DL apps. We identify 304 real deployment faults from Stack Overflow and GitHub, two commonly used data sources for studying software faults. Based on the identified faults, we construct a fine-granularity taxonomy consisting of 23 categories regarding to fault symptoms and distill common fix strategies for different fault types. Furthermore, we suggest actionable implications and research avenues that could further facilitate the deployment of DL models on mobile devices.",arxiv,llm,0.960,unreviewed,,doi:10.48550/arxiv.2101.04930
