status,title,authors,year,venue,doi,url,tags,abstract,provider,decision_source,llm_confidence,llm_review_outcome,llm_change_direction,paper_id
  We propose STRIDE, a lightweight technique that predicts variable names and types by matching sequences of decompiler tokens to those found in training data. We evaluate it on three benchmark datasets and find that STRIDE achieves comparable performance to state-of-the-art machine learning models for both variable retyping and renaming while being much simpler and faster. We perform a detailed comparison with two recent SOTA transformer-based models in order to understand the specific factors that make our technique effective. We implemented STRIDE in fewer than 1000 lines of Python and have open-sourced it under a permissive license at https://github.com/hgarrereyn/STRIDE.",arxiv,llm,0.960,unreviewed,,doi:10.48550/arxiv.2407.02733
discarded,What Is Copyrightable in Software?,"Duan, Charles",2026,GEORGE WASHINGTON LAW REVIEW,,https://www.webofscience.com/wos/woscc/full-record/WOS:001824545400003,adjacent-subtopic,"For five decades, copyright law has been internally inconsistent. Computer code receives copyright protection-the statute says so. But the statute also excludes methods of operation from copyright. Given that computer code is a method of operating a computer, these two blackletter doctrines contradict each other. To avoid this doctrinal conflict, courts and commentators have for years controversially disregarded or at least bent one of the doctrines. The Supreme Court has twice ducked the issue as too difficult to resolve, most recently in the 2021 Google v. Oracle case, and the circuits continue to be split. Yet there is a simple solution. Computer science concepts, so far not explored in the legal literature, show that software contains numerous elements with no effect on a computer's operation: comments, syntactic alternatives, bound variable names, and ordering of variable declarations and subroutines. These elements instead serve a purely communicative purpose, helping other humans understand computer code. Computer scientists have long valued these communicative elements as vehicles for expression. Communicative elements in code reconcile the doctrines, fully satisfying the exclusion of methods of operation while nevertheless providing a basis for copyright protection in software. And they are the strongest basis for copyright in computer code. Protection based on these elements is consistent with copyright rationales and doctrines. It offers a solid foundation for answering the trickiest questions in software copyright law, including application programming interfaces and generative artificial intelligence. And it would resolve, after half a century, the internal contradiction in the Copyright Act.",wos,llm,0.750,unreviewed,,hash:b2811e1417ba82ba
discarded,"Correction: Epidemiological attribution of knee and ankle injuries in firefighters (Scientific Reports, (2025), 15, 1, (37779), 10.1038/s41598-025-20026-5)",Wang H.,2026,Scientific Reports,10.1038/s41598-026-45416-1,https://www.scopus.com/inward/record.uri?partnerID=HzOxMe3b&scp=105034379999&origin=inward,off-topic-false-hit,,scopus,llm,1.000,unreviewed,,doi:10.1038/s41598-026-45416-1
discarded,What Is Copyrightable in Software?,Duan C.,2026,George Washington Law Review,,https://www.scopus.com/inward/record.uri?partnerID=HzOxMe3b&scp=105046118732&origin=inward,adjacent-subtopic,,scopus,llm,0.720,unreviewed,,hash:d4b1dff2b93490f4
discarded,Meaningful variable names for decompiled code: A machine translation approach,Jaffe A.,2018,Proceedings International Conference on Software Engineering,10.1145/3196321.3196330,https://www.scopus.com/inward/record.uri?partnerID=HzOxMe3b&scp=85051632684&origin=inward,adjacent-subtopic,,scopus,llm,0.950,unreviewed,,doi:10.1145/3196321.3196330
kept,Effects of Variable Names on Comprehension: An Empirical Study,Avidan E.,2017,IEEE International Conference on Program Comprehension,10.1109/ICPC.2017.27,https://www.scopus.com/inward/record.uri?partnerID=HzOxMe3b&scp=85025157791&origin=inward,supports-claim; namngivning; qualifies-claim,,scopus,llm_reviewed,0.840,confirmed,,doi:10.1109/icpc.2017.27
discarded,StyleSpace Analysis: Disentangled Controls for StyleGAN Image Generation,Zongze Wu; Dani Lischinski; Eli Shechtman,2021,,10.1109/cvpr46437.2021.01267,https://openalex.org/W3173241699,off-topic-false-hit,"We explore and analyze the latent style space of Style-GAN2, a state-of-the-art architecture for image generation, using models pretrained on several different datasets. We first show that StyleSpace, the space of channel-wise style parameters, is significantly more disentangled than the other intermediate latent spaces explored by previous works. Next, we describe a method for discovering a large collection of style channels, each of which is shown to control a distinct visual attribute in a highly localized and dis-entangled manner. Third, we propose a simple method for identifying style channels that control a specific attribute, using a pretrained classifier or a small number of example images. Manipulation of visual attributes via these StyleSpace controls is shown to be better disentangled than via those proposed in previous works. To show this, we make use of a newly proposed Attribute Dependency metric. Finally, we demonstrate the applicability of StyleSpace controls to the manipulation of real images. Our findings pave the way to semantically meaningful and well-disentangled image manipulations via simple and intuitive interfaces.",openalex,llm,1.000,unreviewed,,doi:10.1109/cvpr46437.2021.01267
discarded,"Style investing, comovement and return predictability",Sunil Wahal; M. Deniz Yavuz,2012,Journal of Financial Economics,10.1016/j.jfineco.2012.08.005,https://openalex.org/W3121136954,off-topic-false-hit,,openalex,llm,1.000,unreviewed,,doi:10.1016/j.jfineco.2012.08.005
discarded,A Transformer-based Approach for Source Code Summarization,Wasi Uddin Ahmad; Saikat Chakraborty; Baishakhi Ray; Kai-Wei Chang,2020,,10.18653/v1/2020.acl-main.449,https://openalex.org/W3034689979,adjacent-subtopic,"Generating a readable summary that describes the functionality of a program is known as source code summarization. In this task, learning code representation by modeling the pairwise relationship between code tokens to capture their long-range dependencies is crucial. To learn code representation for summarization, we explore the Transformer model that uses a self-attention mechanism and has shown to be effective in capturing long-range dependencies. In this work, we show that despite the approach is simple, it outperforms the state-of-the-art techniques by a significant margin. We perform extensive analysis and ablation studies that reveal several important findings, e.g., the absolute encoding of source code tokens' position hinders, while relative encoding significantly improves the summarization performance. We have made our code publicly available 1 to facilitate future research.",openalex,llm,0.950,unreviewed,,doi:10.18653/v1/2020.acl-main.449
discarded,Reference Architectural Styles for Service-Oriented Computing,Tharam S. Dillon; Chen Wu; Elizabeth Chang,2007,Lecture notes in computer science,10.1007/978-3-540-74784-0_57,https://openalex.org/W1861054332,off-topic-false-hit,,openalex,llm,0.990,unreviewed,,doi:10.1007/978-3-540-74784-0_57
discarded,A Stylometric Inquiry into Hyperpartisan and Fake News,Martin Potthast; Johannes Kiesel; Kevin Reinartz; Janek Bevendorff; Benno Stein,2018,,10.18653/v1/p18-1022,https://openalex.org/W2593408211,off-topic-false-hit,"We report on a comparative style analysis of hyperpartisan (extremely one-sided) news and fake news. A corpus of 1,627 articles from 9 political publishers, three each from the mainstream, the hyperpartisan left, and the hyperpartisan right, have been fact-checked by professional journalists at BuzzFeed: 97% of the 299 fake news articles identified are also hyperpartisan. We show how a style analysis can distinguish hyperpartisan news from the mainstream (F 1 = 0.78), and satire from both (F 1 = 0.81). But stylometry is no silver bullet as style-based fake news detection does not work (F 1 = 0.46). We further reveal that left-wing and right-wing news share significantly more stylistic similarities than either does with the mainstream. This result is robust: it has been confirmed by three different modeling approaches, one of which employs Unmasking in a novel way. Applications of our results include partisanship detection and pre-screening for semi-automatic fake news detection.",openalex,llm,1.000,unreviewed,,doi:10.18653/v1/p18-1022
discarded,TSEV-GAN: Generative Adversarial Networks with Target-aware Style Encoding and Verification for facial makeup transfer,Zhen Xu; Si Wu; Qianfen Jiao; Hau−San Wong,2022,Knowledge-Based Systems,10.1016/j.knosys.2022.109958,https://openalex.org/W4300981378,off-topic-false-hit,,openalex,llm,1.000,unreviewed,,doi:10.1016/j.knosys.2022.109958
discarded,Contextual Factors Impact Styles of Play in the English Premier League.,Stuart Gollan; Clint R. Bellenger; Kevin Norton,2020,PubMed,,https://openalex.org/W2999387200,off-topic-false-hit,"The aim of this study was to evaluate the influence of contextual factors on game styles in professional soccer. Interactions between styles and different playing venues, opposition quality, total match goals, and competing styles, were investigated using logistic regression and odds ratios. Game styles were characterised using the moments of play framework where three distinct styles have been identified: Style 1 - moderate strength in defence; Style 2 - dominance in transition, and Style 3 - strength in attacking phases of play. Results revealed that when playing at home against teams identified by Style 1, teams were more likely to play Style 2 (p < 0.05) or Style 3 (p < 0.001). Against top 10 opposition, teams were less likely to play Style 3 compared to either Style 1 (p < 0.001) or Style 2 (p < 0.001). Regardless of venue, teams were more likely to play Style 3 against bottom 10 sides compared to either Style 1 (p < 0.001) or Style 2 (p < 0.001), suggesting a hierarchical order between contextual factors. Competing game styles significantly impacted total match goals scored, whilst match results were also influenced by game style combinations. Overall, this study showed the significant effects of various contextual variables on game styles played by teams in the EPL.",openalex,llm,1.000,unreviewed,,hash:9889fe8f65f565f0
discarded,"Using human judgments to examine the validity of automated grammar, syntax, and mechanical errors in writing",Scott A. Crossley,2019,Journal of Writing Research,10.17239/jowr-2019.11.02.01,https://openalex.org/W2979629418,off-topic-false-hit,"This study introduces GAMET, which was developed to help writing researchers examine the types and percentages of structural and mechanical errors in texts. GAMET is a desktop application that expands LanguageTool v3.2 through a user-friendly, graphic user interface that affords the automatic assessment of writing samples for structural and mechanical errors. GAMET is freely available, works on a variety of operating systems, affords document batch processing, and groups errors into a number of structural and mechanical error categories. This study also tests LanguageTool’s validity using hand-coded assessment for accuracy and meaningfulness on first language (L1) and second language (L2) writing corpora. The study also examines how well LanguageTool replicates human coding of structural and mechanical errors in an L1 corpus as well as assesses associations between GAMET and human ratings of essay quality. Results indicate that LanguageTool can be used to successful locate errors within text. However, while the accuracy of LanguageTool is high, the recall of errors is low, especially in terms of punctuation errors. Nevertheless, the errors coded by LanguageTool show significant correlations with human ratings of writing and grammar and mechanics errors. Overall, the results indicate that while LanguageTool fails to flag a number of errors, the errors flagged provide an accurate profile of the structural and mechanical errors made by writers.",openalex,llm,0.990,unreviewed,,doi:10.17239/jowr-2019.11.02.01
discarded,"Transgressive systems tract development and incised-valley fills within a Quaternary estuary-shelf system: Virginia inner shelf, USA",Anthony M. Foyle; George F. Oertel,1997,Marine Geology,10.1016/s0025-3227(96)00092-8,https://openalex.org/W2109599663,off-topic-false-hit,,openalex,llm,1.000,unreviewed,,doi:10.1016/s0025-3227(96)00092-8
discarded,Content creation or interpolation: AI generative digital art in the classroom,James Hutson; Martin Lang,2023,Metaverse,10.54517/m.v4i1.2158,https://openalex.org/W4372201319,off-topic-false-hit,"The integration of generative artificial intelligence (AI) tools in art and design has disrupted the traditional creative landscape, leading to debates on the legitimacy of AI-generated art and the emergence of new markets such as non-fungible tokens (NFTs). The US Copyright Office’s February 21, 2023, ruling withdrawing copyright protection for AI-generated comic artwork, while protecting the accompanying text and arrangement, highlights the contested nature of AI art and suggests that significant human intervention in the creative process will be required for monetization. Whether considered content interpolation or content creation, AI generative content for the creation of art and design is here with human-AI collaboration. To explore the potential of AI tools in creative practice, this study introduced students in a digital art course to Craiyon and Midjourney generative AI tools, with DALL-E 2 selected as the primary tool due to its varied output. The students were tasked with selecting a preferred prompt from one tool and then reproducing the output from both tools. The results revealed significant variations in replicating the outputs of different AI tools and limited exploration of prompt engineering, leading to restrictions in the iterative process of artmaking. The students agreed that generative AI tools are not a substitute for human creativity and should be used for final projects. The study demonstrates the potential and limitations of integrating AI tools in art and design and suggests the need for further research in developing effective prompt engineering strategies.",openalex,llm,0.990,unreviewed,,doi:10.54517/m.v4i1.2158
discarded,A Survey of Identifiers and Labels in OWL Ontologies,Nor Azlinayati Abdul Manaf; Sean Bechhofer; Robert Stevens,2010,Research Explorer (The University of Manchester),,https://openalex.org/W2168836429,off-topic-false-hit,"We present a survey of the usage and style of identifiers and labels of named entities in a corpus of OWL ontologies. We investigated the frequency of use of both labels and meaningful or meaningless identiers in those ontologies. We also surveyed common practices of lexical encoding styles for identifiers. We found that most ontologies do not use labels for named entities. When they do use labels, those labels are mostly meaningful and most ontologies also used meaningful identifiers. CamelCase style appears to be the most widely used style of lexical encoding for identifiers. We observed, however, that the majority of the ontologies use a mixture of two or more lexical encoding styles. The result of this survey is useful when considering strategies, for example, natural language generation from ontologies or converting artefacts, such as OWL ontologies, into languages like the Simple Knowledge Representation System (SKOS), where the notion of label is important. Given that labels are optional in OWL ontologies, what is the best way to handle the label selection when converting them into SKOS? Merging multiple entities may require selection from labels or identifiers assigned to these entities for skos:prefLabel and skos:altLabel.",openalex,llm,0.970,unreviewed,,hash:c27b6d673e98d286
discarded,"Modelling the sensory space of varietal wines: Mining of large, unstructured text data and visualisation of style patterns",Carlo Cesar Valente; Florian F. Bauer; Fritz Venter; Bruce W. Watson; H.H. Nieuwoudt,2018,Scientific Reports,10.1038/s41598-018-23347-w,https://openalex.org/W2803135474,off-topic-false-hit,"The increasingly large volumes of publicly available sensory descriptions of wine raises the question whether this source of data can be mined to extract meaningful domain-specific information about the sensory properties of wine. We introduce a novel application of formal concept lattices, in combination with traditional statistical tests, to visualise the sensory attributes of a big data set of some 7,000 Chenin blanc and Sauvignon blanc wines. Complexity was identified as an important driver of style in hereto uncharacterised Chenin blanc, and the sensory cues for specific styles were identified. This is the first study to apply these methods for the purpose of identifying styles within varietal wines. More generally, our interactive data visualisation and mining driven approach opens up new investigations towards better understanding of the complex field of sensory science.",openalex,llm,1.000,unreviewed,,doi:10.1038/s41598-018-23347-w
discarded,Enhancing Software Co-Change Prediction: Leveraging Hybrid Approaches for Improved Accuracy,Mohammed Zagane; Mamdouh Alenezi,2024,IEEE Access,10.1109/access.2024.3399101,https://openalex.org/W4396754439,adjacent-subtopic,"Accurate prediction of co-changes in software systems is crucial for efficient development and maintenance, especially as systems grow in complexity. While deep learning-based approaches have shown promise, they often struggle with diverse and complex data. In this paper, we present a novel hybrid approach that combines traditional software engineering methods with deep learning techniques to improve co-change prediction accuracy. Our approach leverages software metrics and deep learning models, incorporating the unique characteristics induced by naming conventions, such as PascalCase and camelCase, used by developers for naming consistency. By utilizing char n-gram embedding and sub-token context, we enrich the vector representations of source file names, capturing relationships and dependencies between files. We comprehensively evaluate our hybrid approach using three open-source software projects. The findings of this study have significant implications for the development of more effective software co-change prediction tools and techniques, enabling better decision-making in software development and maintenance processes. Our approach outperforms traditional software engineering methods and deep learning-based approaches, demonstrating its potential to significantly improve software development and maintenance efficiency.",openalex,llm,0.940,unreviewed,,doi:10.1109/access.2024.3399101
discarded,Efficacy of Theory-Based Activities for Behavioral Symptoms of Dementia,Ann Kolanowski; Mark S. Litaker; Linda L. Buettner,2005,Nursing Research,10.1097/00006199-200507000-00003,https://openalex.org/W2016677689,off-topic-false-hit,"BACKGROUND: Agitation and passivity are behavioral symptoms exhibited by 90% of nursing home residents with dementia. They account for many poor health outcomes, caregiver burden, and increased costs of long-term care. OBJECTIVES: This study tested the efficacy of recreational activities derived from the Need-driven Dementia-compromised Behavior (NDB) model: activities matched to skill level only; activities matched to style of interest only; and a combination of both (NDB-derived) for responding to the behavioral symptoms of dementia. METHODS: Thirty participants were randomly assigned to 1 of 6 possible order-of-condition presentations in this crossover experimental design with repeated measures of dependent variables. Trained research assistants, blind to condition match, implemented each condition for 12 consecutive days. Measures of engagement (time on task and participation), affect, and behavioral symptoms (agitation and passivity) were taken from videotape recordings of each session. Mood was measured with the Dementia Mood Picture Test. The primary analysis method was mixed-model analysis of variance. RESULTS: Significantly more time on task, greater participation, more positive affect, and less passivity were found under NDB-derived and matched to interest only treatments compared with the matched to skill level only treatment or baseline. Agitation and negative affect improved under all treatments compared with baseline. There was no significant change in mood. DISCUSSION: The NDB-derived activities are tailored to meet individual needs and improve behavioral symptoms associated with dementia. These findings help to explain factors that produce behavioral symptoms and the mechanisms that underlie their successful treatment.",openalex,llm,1.000,unreviewed,,doi:10.1097/00006199-200507000-00003
discarded,Mutual Fund's R2 as Predictor of Performance,Yakov Amihud; Ruslan Goyenko,2008,SSRN Electronic Journal,10.2139/ssrn.1319786,https://openalex.org/W2127347509,off-topic-false-hit,,openalex,llm,1.000,unreviewed,,doi:10.2139/ssrn.1319786
