status,title,authors,year,venue,doi,url,tags,abstract,provider,decision_source,llm_confidence,llm_review_outcome,llm_change_direction,paper_id
discarded,Machine vs Machine: Using AI to Tackle Generative AI Threats in Assessment,Mohammad Saleh Torkestani; Taha Mansouri,2025,cs.CY,10.48550/arXiv.2506.02046,http://arxiv.org/abs/2506.02046v1,off-topic-false-hit,"This paper presents a theoretical framework for addressing the challenges posed by generative artificial intelligence (AI) in higher education assessment through a machine-versus-machine approach. Large language models like GPT-4, Claude, and Llama increasingly demonstrate the ability to produce sophisticated academic content, traditional assessment methods face an existential threat, with surveys indicating 74-92% of students experimenting with these tools for academic purposes. Current responses, ranging from detection software to manual assessment redesign, show significant limitations: detection tools demonstrate bias against non-native English writers and can be easily circumvented, while manual frameworks rely heavily on subjective judgment and assume static AI capabilities. This paper introduces a dual strategy paradigm combining static analysis and dynamic testing to create a comprehensive theoretical framework for assessment vulnerability evaluation. The static analysis component comprises eight theoretically justified elements: specificity and contextualization, temporal relevance, process visibility requirements, personalization elements, resource accessibility, multimodal integration, ethical reasoning requirements, and collaborative elements. Each element addresses specific limitations in generative AI capabilities, creating barriers that distinguish authentic human learning from AI-generated simulation. The dynamic testing component provides a complementary approach through simulation-based vulnerability assessment, addressing limitations in pattern-based analysis. The paper presents a theoretical framework for vulnerability scoring, including the conceptual basis for quantitative assessment, weighting frameworks, and threshold determination theory.",arxiv,llm,0.980,unreviewed,,doi:10.48550/arxiv.2506.02046
discarded,Teaching Code Refactoring Using LLMs,Anshul Khairnar; Aarya Rajoju; Edward F. Gehringer,2025,cs.SE,10.48550/arXiv.2508.09332,http://arxiv.org/abs/2508.09332v1,adjacent-subtopic,"This Innovative Practice full paper explores how Large Language Models (LLMs) can enhance the teaching of code refactoring in software engineering courses through real-time, context-aware feedback. Refactoring improves code quality but is difficult to teach, especially with complex, real-world codebases. Traditional methods like code reviews and static analysis tools offer limited, inconsistent feedback. Our approach integrates LLM-assisted refactoring into a course project using structured prompts to help students identify and address code smells such as long methods and low cohesion. Implemented in Spring 2025 in a long-lived OSS project, the intervention is evaluated through student feedback and planned analysis of code quality improvements. Findings suggest that LLMs can bridge theoretical and practical learning, supporting a deeper understanding of maintainability and refactoring principles.",arxiv,llm,0.840,unreviewed,,doi:10.48550/arxiv.2508.09332
discarded,CodeStylist: Supporting Early Undergraduate Programmers with Course-Aware Code Style Feedback,Ethan Dickey; Libra Vento; Peter Kurto; Andres Bejarano,2026,cs.CY,10.48550/arXiv.2608.00839,http://arxiv.org/abs/2608.00839v1,adjacent-subtopic,"This innovative practice full paper presents CodeStylist, a web application that provides course-standard-aware code style feedback for early undergraduate programming courses. CodeStylist addresses a common instructional gap: students are expected to follow local conventions for naming, formatting, comments, organization, and readability, but feedback on these expectations is often delayed or inconsistent. Unlike generic linters or general-purpose LLM prompts, CodeStylist supports course-specific standards, multi-file submissions, and file- and line-localized explanations intended to guide revision rather than grade correctness. We report a formative expert review with 18 instructional staff from one early undergraduate programming course. Participants explored the prototype using self-selected code artifacts and completed a survey about response quality, anticipated student use, and redesign priorities. Ratings indicated modest perceived utility but limited trust: perceived correctness averaged 60.7%, response helpfulness averaged 3.50/5, response usefulness averaged 3.33/5, and anticipated student learning averaged 2.61/5. Despite these concerns, 17/18 respondents expected students to use the tool primarily for style checking, often at least weekly.
  Open-ended feedback showed that respondents valued CodeStylist for making implicit course standards more visible, but were concerned about unreliable output, overreliance, and latency or cost. We interpret these findings as evidence that course-aware style feedback is promising as a pre-submission revision aid, but that future versions should combine deterministic rule checks with LLM-generated explanations, rule citations, and stronger verification support.",arxiv,llm,0.880,unreviewed,,doi:10.48550/arxiv.2608.00839
discarded,Anomaly Detection in Scratch Assignments,Nina Körber,2021,cs.SE,10.48550/arXiv.2103.08261,http://arxiv.org/abs/2103.08261v1,off-topic-false-hit,"For teachers, automated tool support for debugging and assessing their students' programming assignments is a great help in their everyday business. For block-based programming languages which are commonly used to introduce younger learners to programming, testing frameworks and other software analysis tools exist, but require manual work such as writing test suites or formal specifications. However, most of the teachers using languages like Scratch are not trained for or experienced in this kind of task. Linters do not require manual work but are limited to generic bugs and therefore miss potential task-specific bugs in student solutions. In prior work, we proposed the use of anomaly detection to find project-specific bugs in sets of student programming assignments automatically, without any additional manual labour required from the teachers' side. Evaluation on student solutions for typical programming assignments showed that anomaly detection is a reliable way to locate bugs in a data set of student programs. In this paper, we enhance our initial approach by lowering the abstraction level. The results suggest that the lower abstraction level can focus anomaly detection on the relevant parts of the programs.",arxiv,llm,0.960,unreviewed,,doi:10.48550/arxiv.2103.08261
discarded,Security Incentivization: An Empirical Study of how Micropayments Impact Code Security,Stefan Rass; Martin Pinzger; Rainer W. Alexandrowicz; Georg Sengstbratl; Johann Glock; Alexander Lercher; Fabian Oraze; Christoph Wedenig,2026,cs.CR,10.48550/arXiv.2605.13100,http://arxiv.org/abs/2605.13100v1,off-topic-false-hit,"Security often receives insufficient developer attention because it does not directly generate visible value, leading to underinvestment in practice. We evaluate a countermeasure by team-level incentives tied to measurable security improvements over time. Our semi-automated mechanism aggregates static analysis findings from Bearer, Detekt, and mobsfscan, computes security issue density, and rewards teams based on the relative improvement ratio across sprints, enabling repeatable, scriptable reporting at scale.
  In a controlled course experiment with 84 students across 14 teams, we compared a security-incentivized condition, in which bonus points were linked to security scanner results, against a control condition with an otherwise identical grading scheme. The treatment group achieved significantly lower security issue density overall (beta regression: $β= -0.396, p = 0.0342$), indicating improved measurable security under incentivization. After controlling for platform, we observed a marked front-end/back-end disparity, with back-ends showing fewer issues and higher improvement ratios under incentives, highlighting heterogeneous effects across stack layers. Notably, these gains were not the byproduct of inflated code volume, as lines of code increased similarly across groups over time. The measurement pipeline and toolchain proved feasible for scripting and automation, supporting scalable adoption in practice.
  Our results suggest that aligning rewards with automated security metrics can measurably improve code security and merit follow-up in professional contexts and longer development lifecycles.",arxiv,llm,0.970,unreviewed,,doi:10.48550/arxiv.2605.13100
discarded,Explicit Vulnerability Generation with LLMs: An Investigation Beyond Adversarial Attacks,Emir Bosnak; Sahand Moslemi; Mayasah Lami; Anil Koyuncu,2025,cs.SE,10.48550/arXiv.2507.10054,http://arxiv.org/abs/2507.10054v2,off-topic-false-hit,"Large Language Models (LLMs) are increasingly used as code assistants, yet their behavior when explicitly asked to generate insecure code remains poorly understood. While prior research has focused on unintended vulnerabilities, this study examines a more direct threat: open-source LLMs generating vulnerable code when prompted. We propose a dual experimental design: (1) Dynamic Prompting, which systematically varies vulnerability type, user persona, and prompt phrasing across structured templates; and (2) Reverse Prompting, which derives natural-language prompts from real vulnerable code samples. We evaluate three open-source 7B-parameter models (Qwen2, Mistral, Gemma) using static analysis to assess both the presence and correctness of generated vulnerabilities. Our results show that all models frequently generate the requested vulnerabilities, though with significant performance differences. Gemma achieves the highest correctness for memory vulnerabilities under Dynamic Prompting (e.g., 98.6% for buffer overflows), while Qwen2 demonstrates the most balanced performance across all tasks. We find that professional personas (e.g., ""DevOps Engineer"") consistently elicit higher success rates than student personas, and that the effectiveness of direct versus indirect phrasing is inverted depending on the prompting strategy. Vulnerability reproduction accuracy follows a non-linear pattern with code complexity, peaking in a moderate range. Our findings expose how LLMs' reliance on pattern recall over semantic reasoning creates significant blind spots in their safety alignments, particularly for requests framed as plausible professional tasks.",arxiv,llm,0.980,unreviewed,,doi:10.48550/arxiv.2507.10054
discarded,Knowledge distillation-driven commit-aware multimodal learning for software vulnerability detection,"Mahouachi, Rim",2026,AUTOMATED SOFTWARE ENGINEERING,10.1007/s10515-026-00595-z,https://www.webofscience.com/wos/woscc/full-record/WOS:001666732600001,off-topic-false-hit,"Software vulnerabilities are a major concern in cybersecurity, as even small flaws can expose systems to serious risks. Most automated detection methods focus on a single source-usually code-limiting their ability to capture the diverse ways vulnerabilities can appear and leaving complementary information underused. To address this limitation, this work investigates how heterogeneous modalities contribute to vulnerability detection and proposes a multimodal deep learning framework that integrates code semantics, commit messages, static metrics, and syntactic structures through an attention-based fusion mechanism. To ensure deployability in real-world scenarios where commit information is often unavailable at inference time, a teacher-student knowledge distillation scheme is employed. The multimodal teacher model, using all modalities, transfers its knowledge to a lightweight student model that relies solely on code features. Experiments on multiple vulnerability datasets show that multimodal fusion significantly improves detection performance and that knowledge distillation preserves much of this gain while enabling practical deployment. Our findings highlight the importance of cross-modal integration and distillation for building robust and scalable vulnerability detection systems.",wos,llm,0.980,unreviewed,,doi:10.1007/s10515-026-00595-z
discarded,DEVELOPMENT OF A BIO-INSPIRED HOPPING LEG FOR LUNAR EXPLORATION ROVER,"Nguyen, Mary; Salai, Elizabeth; Smith, Andrew; Barth, Andrew; Dong, Janet; Ma, Ou",2022,"PROCEEDINGS OF ASME 2022 INTERNATIONAL MECHANICAL ENGINEERING CONGRESS AND EXPOSITION, IMECE2022, VOL 5",,https://www.webofscience.com/wos/woscc/full-record/WOS:001215417000029,off-topic-false-hit,"The goal of this project is to develop and build a jumping robotic leg to be mounted in a rover for lunar terrain exploration. As we may know that most rovers are using wheels for locomotion, the purpose of replacing the wheels with a jumping robotic leg in this project is to enhance the ability of rovers to travel further distances in a shorter time. The improved speed and distance will make lunar missions more efficient on resources and time. The leg design also helps prevent a rover from getting stuck on the exploration due to geographic obstacles such as mountains, canyons, and other miscellaneous terrains. While this idea is not new, this project attempted to create a unique design using the biomechanics of a kangaroo leg to improve jump capabilities such as height and speed. It is expected that a kangaroo- inspired rover model offers a faster speed and better locomotive capacity in the low gravitational environment and allows the rover to navigate the rough lunar terrain more efficiently in comparison to a wheeled rover.

Three student teams have been working on this project in different academic years. This year's team focuses on improving jumping height through energy conservation and reduction of weight. The new three-link leg spring mechanism model is designed, built, and tested. The hop is generated by an actuation system that includes three springs and a pull cable. In the design phase, a CAD model was created, and the jumping leg's static analysis and dynamic simulation were conducted. The jumping heights were calculated and compared with theoretical calculation and simulation. The conservation of energy law was applied to solve the jump height for the theoretical calculation. In the dynamic simulation, the jump height was measured and recorded by adjusting several leg parameters. The jump heights from the calculation and dynamic simulation were compared. The optimum design of the leg, therefore, was determined to achieve the best jumping height.

This paper will discuss the process of this year's senior team to develop this bio-inspired hopping rover for lunar exploration. The leg prototype was built and made of ABS plastic, and it stands 50 cm high with a weight of 1.56 kg. A testing rig was also developed to measure the leg's jumping height. This bio-inspired rover could pave the way for improved mobility in unknown, rugged terrains and low gravity environments by overcoming the limitations of the wheeled rovers altogether. This model could lead to the pioneering of using the flexibility of locomotion and miniaturization for lunar exploration.",wos,llm,1.000,unreviewed,,hash:e67511d2941b0bb7
discarded,GRace: A Low-Overhead Mechanism for Detecting Data Races in GPU Programs,"Zheng, Mai; Ravi, Vignesh T.; Qin, Feng; Agrawal, Gagan",2011,ACM SIGPLAN NOTICES,,https://www.webofscience.com/wos/woscc/full-record/WOS:000296264900015,off-topic-false-hit,"In recent years, GPUs have emerged as an extremely cost-effective means for achieving high performance. Many application developers, including those with no prior parallel programming experience, are now trying to scale their applications using GPUs. While languages like CUDA and OpenCL have eased GPU programming for non-graphical applications, they are still explicitly parallel languages. All parallel programmers, particularly the novices, need tools that can help ensuring the correctness of their programs.

Like any multithreaded environment, data races on GPUs can severely affect the program reliability. Thus, tool support for detecting race conditions can significantly benefit GPU application developers. Existing approaches for detecting data races on CPUs or CPUs have one or more of the following limitations: 1) being ill-suited for handling non-lock synchronization primitives on GPUs; 2) lacking of scalability due to the state explosion problem; 3) reporting many false positives because of simplified modeling; and/or 4) incurring prohibitive runtime and space overhead.

In this paper, we propose GRace, a new mechanism for detecting races in GPU programs that combines static analysis with a carefully designed dynamic checker for logging and analyzing information at runtime. Our design utilizes GPUs memory hierarchy to log runtime data accesses efficiently. To improve the performance, GRace leverages static analysis to reduce the number of statements that need to be instrumented. Additionally, by exploiting the knowledge of thread scheduling and the execution model in the underlying GPUs, GRace can accurately detect data races with no false positives reported.

Based on the above idea, we have built a prototype of GRace with two schemes, i.e., GRace-stmt and GRace-addr, for NVIDIA GPUs. Both schemes are integrated with the same static analysis. We have evaluated GRace-stmt and GRace-addr with three data race bugs in three GPU kernel functions and also have compared them with the existing approach, referred to as B-tool. Our experimental results show that both schemes of GRace are effective in detecting all evaluated cases with no false positives, whereas B-tool reports many false positives for one evaluated case. On the one hand, GRace-addr incurs low runtime overhead, i.e., 22-116%, and low space overhead, i.e., 9-18 MB, for the evaluated kernels. On the other hand, GRace-stmt offers more help in diagnosing data races with larger overhead.",wos,llm,0.980,unreviewed,,hash:8001f788b16c0787
discarded,COMPUTER-BASED ASSESSMENT SYSTEM FOR E-LEARNING APPLIED TO PROGRAMMING EDUCATION,"Coelho, Antonio; Xavier, Joao",2011,"2011 4TH INTERNATIONAL CONFERENCE OF EDUCATION, RESEARCH AND INNOVATION (ICERI)",,https://www.webofscience.com/wos/woscc/full-record/WOS:000317080003111,off-topic-false-hit,"The e-learning systems are, currently, extremely useful tools in education, helping to reduce the distance between students and teachers and providing better methods for monitoring the learning process. These systems can play a particularly important role in programming courses, due to the need that students master new programming languages to code algorithms. This is usually achieved by solving a high number of exercises that allow them to learn from their mistakes.

The overall learning process can be improved by the use of an automated assessing tool, since it is very important to present the student with the feedback he needs to refine his programming skills. Moreover, teachers will benefit from not having to carry these tasks manually, which allows them to provide immediate feedback and more frequent assessment.

In this paper a new Computer-Based Assessment (CBA) system is proposed, based on Moodle and the DOMjudge platform, and developed for supporting the programming components of the courses of the Faculty of Engineering of the University of Porto (FEUP). From an initial prototype that had been implemented with a set of essential features, improvements were introduced in order to provide more complex functionalities that increase the effectiveness of this tool.

This paper starts by presenting a study of state-of-the-art CBA systems in order to compare the most advanced features they implement on top of the basic functionality of a CBA system, followed by an identification of the main points which needed to be addressed to assure its effectiveness. Between the advanced features outlined, the ones that distinguish themselves are the plagiarism detection and the static analysis of code quality. The former aims to motivate students to learn by themselves, while the latter to help students improve their programming style and skill.

The architecture of the CBA system is also presented, bearing in mind modularity and scalability. The system currently supports grading parameters such as the definition of the start and end time, maximum number of submissions and configuring the level of feedback on a per exercise basis. This section covers details of the CBA system implementation as well as the advanced modules developed, with emphasis on the plagiarism detection, static analysis of code quality, feedback system and assessment creation possibilities.

The CBA system was used in an assignment activity proposed by the teachers of a course unit and a report on this case study is also presented in the following section, yielding important information on the feedback of teachers and students, as well as some limitations that were found on system hardware. Since the developed modules were implemented, tested and integrated with extensibility in mind, the section also provides guidelines on how they can be expanded and how to improve a few incomplete advanced features.

Finally, it was concluded that the CBA system can be used in a real working environment, providing it is installed in production servers and all users are warned that the platform is still in test. However, in order to further unleash the educational potential of the system, the advanced modules could benefit from some optimizations and extended functionalities.",wos,llm,0.970,unreviewed,,hash:965af3f279b1c2b1
