status,title,authors,year,venue,doi,url,tags,abstract,provider,decision_source,llm_confidence,llm_review_outcome,llm_change_direction,paper_id
discarded,HTML Document Error Detector and Visualiser for Novice Programmers,Steven Schmoll; Anith Vishwanath; Mohammad Ammar Siddiqui; Boppaiah Koothanda Subbaiah; Caslon Chua,2018,2018 IEEE Symposium on Visual Languages and Human-Centric Computing (VL/HCC),10.1109/VLHCC.2018.8506569,https://ieeexplore.ieee.org/document/8506569/,adjacent-subtopic,"Learning HTML poses similar challenges as learning conventional programming language by novice programmer. Apart from the HTML validator, there are limited tools to help novice programmer address errors in their HTML code. In this study, we employ visualisation techniques to display the structural and contextual information of the HTML code. We look at condensing and visually representing the important aspects of the HTML code. This is to enable novice programmers gain insights on the HTML code structure and locate any underlying syntax and semantic errors.",ieee,llm,0.800,unreviewed,,doi:10.1109/vlhcc.2018.8506569
discarded,Applying Software Development Lifecycles in Teaching Introductory Programming Courses,S.M. Rahman; P.L. Juell,2006,19th Conference on Software Engineering Education & Training (CSEET'06),10.1109/CSEET.2006.7,https://ieeexplore.ieee.org/document/1617326/,adjacent-subtopic,"In this paper, we introduce a new software development method that emphasizes software testing cycles and makes a cultural change in program development. In our approach, students follow the software lifecycles to develop their programs; specifically, a student who is to write a program begins by writing a test suite and completes other development cycles. Students in programming courses usually develop ""toy"" programs that are superficially tested, graded, and eventually discarded. Generally, students are not worried about the quality or maintenance of their products. We believe this style of teaching programming courses leaves students unprepared for developing reliable software. Industry leaders also claimed that more than 50% of a software project's budget was spent on activities related to improving software quality. They stated the reason was the inadequate attention paid to software quality in the development phase. Our approach integrates into the existing programming courses without changing the course contents, syllabus, policies, or loads, and our model improves the students' program quality, in terms of black-box testing. Students indicated that our method helped them in understanding the problems and writing the programs, made the code easier to debug, and improved the students' code reliability and quality",ieee,llm,0.800,unreviewed,,doi:10.1109/cseet.2006.7
kept,Enhancing Practice and Achievement in Introductory Programming With a Robot Olympics,Michael James Scott; Steve Counsell; Stanislao Lauria; Stephen Swift; Allan Tucker; Martin Shepperd; Gheorghita Ghinea,2015,IEEE Transactions on Education,10.1109/TE.2014.2382567,https://ieeexplore.ieee.org/document/7006692/,supports-claim,"Computer programming is notoriously difficult to learn. To this end, regular practice in the form of application and reflection is an important enabler of student learning. However, educators often find that first-year B.Sc. students do not readily engage in such activities. Providing each student with a programmable robot, however, could be used to facilitate application and reflection since, potentially, robots facilitate engaging learning experiences while providing immediate and intuitive feedback. This paper explores whether an introductory course centered upon programming personal robots in preparation for an end-of-course event day-a Robot Olympics-can help students to, first, engage in programming practice more frequently and, second, improve the quality of their code. A survey was conducted to examine the students' programming practice behavior, and students' final coursework submissions were also reviewed for aspects of program quality. The findings from this cohort were compared to a reference group from a previous cohort that shared similar learning objectives and entry requirements, but had focused on Web programming instead of using robots. The results reveal statistically significant increases in programming practice compared to the reference group. Furthermore, being enrolled in the course that culminated in the Robot Olympics was a significant predictor of two aspects of program quality: functional coherence and sophistication. This suggests that robot-centered courses can promote engagement with, and enhance some aspects of, programming practice.",ieee,llm,0.760,unreviewed,,doi:10.1109/te.2014.2382567
discarded,Programming environments for blocks need first-class software refactoring support: A position paper,Peeratham Techapalokul; Eli Tilevich,2015,2015 IEEE Blocks and Beyond Workshop (Blocks and Beyond),10.1109/BLOCKS.2015.7369015,https://ieeexplore.ieee.org/document/7369015/,adjacent-subtopic,"Block-based programming languages and their development environments have become a widely used educational platform for novices to learn how to program. In addition, these languages and environments have been increasingly embraced by domain experts to develop end-user software. Though popular for having a ""low floor"" (easy to get started), programs written in block-based languages often become unwieldy as projects grow progressively more complex. Software refactoring - improving the design quality of a codebase while preserving its external functionality - has been shown highly effective as a means of improving the quality of software written in text-based languages. Unfortunately, programming environments for blocks lack systematic software refactoring support. In this position paper, we argue that first-class software refactoring support must become an essential feature in programming environments for blocks; we present our research vision and concrete research directions, including program analysis to detect ""code smells,"" automated transformations for block-based programs to support common refactoring techniques, and integration of refactoring into introductory computing curricula.",ieee,llm,0.840,unreviewed,,doi:10.1109/blocks.2015.7369015
kept,Impact of AI Debugging on Student Code Complexity and Readability: A Literature Review,Ha Viet Thang; Truong Loi Vi,2025,2025 10th International STEM Education Conference (iSTEM-Ed),10.1109/iSTEM-Ed65612.2025.11129285,https://ieeexplore.ieee.org/document/11129285/,qualifies-claim,"Debugging is a critical yet challenging skill for novice programmers. This literature review examines how Al-assisted debugging influences the complexity and readability of student-written code, compared to traditional human-guided debugging. We present a historical overview of instructor-led debugging pedagogy and contrast it with emerging Al debugging assistants. We then analyze the general impacts of Al-assisted debugging tools on coding practices, focusing on qualitative factors such as code maintainability, clarity, and student perceptions. The review spans various educational contexts, from university courses to high school classes and coding bootcamps, to assess how different learner populations are affected. We find that Al assistants can accelerate the debugging process and sometimes produce code of similar complexity and readability to human-developed code. However, concerns remain about overreliance, superficial understanding, and maintaining code clarity. Comparisons with traditional debugging highlight trade-offs between efficiency and learning depth. This review sheds light on the current findings and offers an analytical perspective on integrating Al-assisted debugging into programming education.",ieee,llm,0.830,unreviewed,,doi:10.1109/istem-ed65612.2025.11129285
discarded,"Work-in-Progress: Python Code Critiquer, a Machine Learning Approach",Laura Albrant; Pradnya Pendse; Daniel Masker; Laura E. Brown; Jon Sticklen; Michelle Jarvie-Eggart; Leo C. Ureel,2023,2023 IEEE Frontiers in Education Conference (FIE),10.1109/FIE58773.2023.10343017,https://ieeexplore.ieee.org/document/10343017/,adjacent-subtopic,"This research is part of a larger development project that is working on a multi-programming language code critiquer called WebTA. The WebTA code-critiquing software is designed to be used in courses for novice programmers, e.g., CS1 a first engineering course. The authors report on a component of the project that makes initial steps towards a automating the identification of common student mistakes, or antipatterns in code. Antipatterns can be errors, inefficiencies, or incorrect style choices in the code. This works is aimed at Python and uses the machine learning algorithm, Random Forests, to identify a stylistic antipattern of crowded operators.",ieee,llm,0.890,unreviewed,,doi:10.1109/fie58773.2023.10343017
kept,The Role of Source Code Vocabulary in Programming Teaching and Learning,Marcos Nascimento; Eliane Araújo; Dalton Serey; Jorge Figueiredo,2020,2020 IEEE Frontiers in Education Conference (FIE),10.1109/FIE44824.2020.9274137,https://ieeexplore.ieee.org/document/9274137/,supports-claim,"This full paper, categorized as Research-to-Practice, presents an investigation on the role of source code vocabulary in introductory programming learning practices. According to software engineering literature, source code vocabulary is a fundamental aspect of software quality as it contributes to software readability and eases maintenance and evolution tasks. Furthermore, some studies show that identifier naming and comments in the code tend to use terms that reflect the software problem domain specification and can be used, for instance, to localize feature. In this paper, we build upon this knowledge of software engineering and investigate how we can take advantage of it in computer science education, specially on the teaching of programming. We conducted a twofold empirical study in an introductory programming course to investigate: (1) How to give automated feedback about identifier naming, aiming to improve software readability, and (2) To what extent source code vocabulary reflects problem specification comprehension, which is crucial to effective programming problem-solving. In the first study, we found that 51.7% of the students improved their source code vocabulary, after receiving such feedback. In the second study, the results showed that students tend to manage to better comprehend the programming problem being solved when their code identifier names are connected to the related description. It is a promising indicative that we can use this information to assess the problem requirements comprehension, which is a fundamental step in the programming problem-solving cycle. The main contribution of this paper is to shed light on the source code vocabulary and promote its role in the programming teaching and learning scenario. We present some evidence that students' source code vocabulary is a rich information source about their understanding and we can use it to produce formative feedback.",ieee,llm,0.800,unreviewed,,doi:10.1109/fie44824.2020.9274137
discarded,Enhancing Software Engineering Productivity Through AI-Scrum Framework: A Case Study in Libyan Contexts,Samia Abdalhamid; Amna Faraj,2025,2025 International Conference on Electrical and Computer Engineering Researches (ICECER),10.1109/ICECER65523.2025.11401204,https://ieeexplore.ieee.org/document/11401204/,off-topic-false-hit,"This paper presents AI-Scrum as an architecture that strategically incorporates available AI tools into Agile processes in support of software engineering productivity. Validated through comparative case studies in professional and academic teams in resource constrained settings, the framework realized large efficiency gains in three empirically validated AI-building stages, i.e., backlog refinement, daily standups, and defect reduction. Significantly, Novice teams saved 22% additional time more than professionals, because of their higher control, than their lesser Scrum knowledge. Findings confirmed team experience and tool use as important predictors of outcomes. Barriers to implementation included professional concerns about security and a lack of fit with the academic context. The study offers a proven framework for supplementing Scrum with AI by retaining Agile principles, but spreading away productivity benefits among teams with cost-effective aids.",ieee,llm,0.950,unreviewed,,doi:10.1109/icecer65523.2025.11401204
kept,Automated style feedback for advanced beginner Java programmers,Hannah Blau; Samantha Kolovson; W. Richards Adrion; Robert Moll,2016,2016 IEEE Frontiers in Education Conference (FIE),10.1109/FIE.2016.7757728,https://ieeexplore.ieee.org/document/7757728/,supports-claim,"We created an Eclipse plug-in called FrenchPress that offers students feedback on their Java programming style. It is designed not for novices but for students taking their second or third Java course. Advanced beginner students know enough to produce a program with the desired input/output behavior, but fail to understand it could still be poorly written. Large class sizes in introductory courses make it difficult for instructors to give their students individualized attention. FrenchPress automates a small subset of the feedback students might have received from educators. The system diagnoses issues characteristic of programmers who have not yet assimilated the object-oriented paradigm, such as misuse of the public modifier, fields that should have been local variables, and instance variables that should have been class constants. We conducted a classroom trial of the plug-in covering four assignments in data structures and algorithms. Among students whose code triggered one or more diagnostic rules, the percentage who modified their program in response to FrenchPress feedback varied from a high of 59% on the first project to a low of 23% on the second and fourth projects. On the user surveys following each assignment, 56-66% of respondents said they were satisfied with FrenchPress performance.",ieee,llm,0.830,unreviewed,,doi:10.1109/fie.2016.7757728
discarded,A Tool-Assisted Training Approach for Empowering Localization and Internationalization Testing Proficiency,Maria Couto; Breno Miranda; Kiev Gama,2025,"2025 IEEE Conference on Software Testing, Verification and Validation (ICST)",10.1109/ICST62969.2025.10988966,https://ieeexplore.ieee.org/document/10988966/,off-topic-false-hit,"Software testing is an important area in the Software Engineering domain, yet it faces significant gaps within Computer Science education. In that context, there is an even less addressed topic: internationalization (i18n) and localization (l10n) tests, which are essential for ensuring software quality in global markets, supporting multiple languages. A key challenge for both large and small companies is the onboarding of new testers without adequate skills, often resulting in insufficient real-world preparation. This paper proposes a tool-assisted training approach designed to enhance the proficiency of l10n and i18n testers through practical, hands-on exercises using real-world failure examples. The effectiveness of our approach was evaluated from two complementary perspectives: i) To assess the effectiveness of the training approach, a case study was conducted within a software industry training setting, comparing novice testers trained with our tool against those receiving conventional training. Results indicated a 150% improvement in fault identification and resolution for testers using the tool, underscoring its effectiveness in enhancing testing skills and overall software quality. ii) To evaluate the perceived usability of the tool developed to support the training activities, a System Usability Scale (SUS) questionnaire was given to five technical leaders responsible for training novice testers. The tool achieved a score of 94.5, positioning its usability between “excellent” and “best imaginable”. This paper highlights the tool's design, deployment context, and its potential for adoption by other practitioners, aiming to address the current gaps in i18n and l10n tester training, being a promising approach to be used in Software Engineering education.",ieee,llm,0.940,unreviewed,,doi:10.1109/icst62969.2025.10988966
discarded,Exploring the Educational Benefits of Introducing Aspect-Oriented Programming Into a Programming Course,Ivica Boticki; Marija Katic; Sergio Martin,2013,IEEE Transactions on Education,10.1109/TE.2012.2209119,https://ieeexplore.ieee.org/document/6259821/,adjacent-subtopic,"This paper explores the educational benefits of introducing the aspect-oriented programming paradigm into a programming course in a study on a sample of 75 undergraduate software engineering students. It discusses how using the aspect-oriented paradigm, in addition to the object-oriented programming paradigm, affects students' programs, their exam results, and their overall perception of the theoretically claimed benefits of aspect-oriented programming. The research methodology, consisting of automating the analysis of student-created computer programs, administering surveys, and collecting exam results, provided an objective measurement of the benefits of the paradigm for novice programmers, as well as evaluating their perception of its usefulness. The results show that the use of aspect-oriented programming as a supplement to object-oriented programming enhances the productivity of novice program code software engineering students and leads to increased understanding of theoretical concepts. Students readily accepted the new paradigm and recognized its benefits.",ieee,llm,0.820,unreviewed,,doi:10.1109/te.2012.2209119
discarded,Exploring the Effects of Urgency and Reputation in Code Review An Eye-Tracking Study,Sara Yabesi; Mahta Amini; Jelena Ristic; Zohreh Sharafi,2024,2024 IEEE/ACM 32nd International Conference on Program Comprehension (ICPC),,https://ieeexplore.ieee.org/document/10556466/,off-topic-false-hit,"The Pull-Based development model, a fundamental mechanism of collaboration in modern software engineering (SE), initiates the code review process when a contributor submits pull requests (PRs) for evaluation. Although the decision to approve or decline PRs is often perceived as grounded in their technical quality, prior research presents a more intricate narrative where both non technical factors-beyond the code itself and technical factors influence the acceptance. This study, uniquely integrating cues of urgency (represented by code priority level) and reputation (represented by the experience level of the code’s author), delves into these biases, leveraging eye-tracking technology to illuminate the cognitive processes underpinning the evaluation of PRs.In an experimentally-controlled study involving 37 participants reviewing Java code PRs, we found that perceived priority level of a PR impacted both the time spent on tasks and the associated cognitive load. Moreover, while participants’ behaviors reflected the influence of the priority level and the author’s experience, they remained largely unaware of these effects on their decision-making, highlighting the critical importance of understanding these implicit biases in code reviews. Interestingly, despite variations in attention when reviewing contributions from novice versus senior authors, there was no discernible difference in acceptance outcomes based on the author’s experience. This study takes the next step toward a better understanding of urgency and reputation in SE and may inform future research about code review platforms and guidelines, code reuse, and automated code generation.CCS CONCEPTS• Software and its engineering $\rightarrow$ Software creation and management.",ieee,llm,0.880,unreviewed,,hash:9fafd8496393e387
discarded,A Common Framework for Automatically Assessing Computational Thinking Skills,Lilliana Sancho-Chavarria; Isaac Alpizar-Chacon; Herson Esquivel-Vargas; Jorge Monge-Fallas; Antonio Gonzalez-Torres; Ignacio Trejos-Zelaya,2025,2025 IEEE 43rd Central America and Panama Convention (CONCAPAN XLIII),10.1109/CONCAPAN66820.2025.11512501,https://ieeexplore.ieee.org/document/11512501/,adjacent-subtopic,"Approaching problems in a logical and structured way is currently considered a key skill for finding appropriate solutions to complex problems. Particularly in Computer Science degrees, introductory programming courses aim to teach programming methods and techniques, as well as to develop a way of thinking that enables students to generate good solutions to diverse problems. The term computational thinking (CT) encompasses a set of mental processes for solving problems using skills such as abstraction, algorithmic thinking, and problem decomposition, among others. While CT research has largely focused on primary and secondary education, often using tools like Scratch or Bebras tasks, studies targeting university-level students remain limited. Training and assessment of CT in higher education, therefore, present an open area of interest for research. This paper proposes a novel approach for automatically analyzing students’ source code to evaluate their development of CT skills. We introduce a framework grounded in software engineering metrics and validate it through an initial case study. The findings underscore the need for a second study involving intentionally designed exercises to assess CT competencies more effectively.",ieee,llm,0.820,unreviewed,,doi:10.1109/concapan66820.2025.11512501
