status,title,authors,year,venue,doi,url,tags,abstract,provider,decision_source,llm_confidence,llm_review_outcome,llm_change_direction,paper_id
discarded,High-Mass X-ray binaries in the Small Magellanic Cloud,Frank Haberl; Richard Sturm,2015,astro-ph.GA,10.1051/0004-6361/201527326,http://arxiv.org/abs/1511.00445v2,off-topic-false-hit,"The last comprehensive catalogue of high-mass X-ray binaries in the Small Magellanic Cloud (SMC) was published about ten years ago. Since then new such systems were discovered, mainly by X-ray observations with Chandra and XMM-Newton. For the majority of the proposed HMXBs in the SMC no X-ray pulsations were discovered as yet, and unless other properties of the X-ray source and/or the optical counterpart confirm their HMXB nature, they remain only candidate HMXBs. From a literature search we collected a catalogue of 148 confirmed and candidate HMXBs in the SMC and investigated their properties to shed light on their real nature. Based on the sample of well-established HMXBs (the pulsars), we investigated which observed properties are most appropriate for a reliable classification. We defined different levels of confidence for a genuine HMXB based on spectral and temporal characteristics of the X-ray sources and colour-magnitude diagrams from the optical to the infrared of their likely counterparts. We also took the uncertainty in the X-ray position into account. We identify 27 objects that probably are misidentified because they lack an infrared excess of the proposed counterpart. They were mainly X-ray sources with a large positional uncertainty. This is supported by additional information obtained from more recent observations. Our catalogue comprises 121 relatively high-confidence HMXBs (the vast majority with Be companion stars). About half of the objects show X-ray pulsations, while for the rest no pulsations are known as yet. A comparison of the two subsamples suggests that long pulse periods in excess of a few 100 s are expected for the ""non-pulsars"", which are most likely undetected because of aperiodic variability on similar timescales and insufficiently long X-ray observations. (abbreviated)",arxiv,llm,1.000,unreviewed,,doi:10.1051/0004-6361/201527326
discarded,The Hubble Catalog of Variables (HCV),A. Z. Bonanos; M. Yang; K. V. Sokolovsky; P. Gavras; D. Hatzidimitriou; I. Bellas-Velidis; G. Kakaletris; D. J. Lennon; A. Nota; R. L. White; B. C. Whitmore; K. A. Anastasiou; M. Arévalo; C. Arviset; D. Baines; T. Budavari; V. Charmandaris; C. Chatzichristodoulou; E. Dimas; J. Durán; I. Georgantopoulos; A. Karampelas; N. Laskaris; S. Lianou; A. Livanis; S. Lubow; G. Manouras; M. I. Moretti; E. Paraskeva; E. Pouliasis; A. Rest; J. Salgado; P. Sonnentrucker; Z. T. Spetsieri; P. Taylor; K. Tsinganos,2019,astro-ph.SR,10.1051/0004-6361/201936026,http://arxiv.org/abs/1909.10757v1,off-topic-false-hit,"The Hubble Space Telescope (HST) has obtained multi-epoch observations providing the opportunity for a comprehensive variability search aiming to uncover new variables. We have therefore undertaken the task of creating a catalog of variable sources based on version 3 of the Hubble Source Catalog (HSC), which relies on publicly available images obtained with the WFPC2, ACS, and WFC3 instruments onboard the HST. We adopted magnitude-dependent thresholding in median absolute deviation (a robust measure of light curve scatter) combined with sophisticated preprocessing techniques and visual quality control to identify and validate variable sources observed by Hubble with the same instrument and filter combination five or more times. The Hubble Catalog of Variables (HCV) includes 84,428 candidate variable sources (out of 3.7 million HSC sources that were searched for variability) with $V \leq 27$ mag; for 11,115 of them the variability is detected in more than one filter. The data points in the light curves of the variables in the HCV catalog range from five to 120 points (typically having less than ten points); the time baseline ranges from under a day to over 15 years; while $\sim$8% of all variables have amplitudes in excess of 1 mag. Visual inspection performed on a subset of the candidate variables suggests that at least 80% of the candidate variables that passed our automated quality control are true variable sources rather than spurious detections resulting from blending, residual cosmic rays, and calibration errors. The HCV is the first, homogeneous catalog of variable sources created from archival HST data and currently is the deepest catalog of variables available. The catalog includes variable stars in our Galaxy and nearby galaxies, as well as transients and variable active galactic nuclei. (abbreviated)",arxiv,llm,1.000,unreviewed,,doi:10.1051/0004-6361/201936026
discarded,A Magnetic Confinement vs. Rotation Classification of Massive-Star Magnetospheres,V. Petit; S. P. Owocki; G. A. Wade; D. H. Cohen; J. O. Sundqvist; M. Gagné; J. Maíz Apellániz; M. E. Oksala; D. A. Bohlender; Th. Rivinius; H. F. Henrichs; E. Alecian; R. H. D. Townsend; A. ud-Doula; the MiMeS Collaboration,2012,astro-ph.SR,10.1093/mnras/sts344,http://arxiv.org/abs/1211.0282v1,off-topic-false-hit,"Building on results from the Magnetism in Massive Stars (MiMeS) project, this paper shows how a two-parameter classification of massive-star magnetospheres in terms of the magnetic wind confinement (which sets the Alfvén radius RA) and stellar rotation (which sets the Kepler co-rotation radius RK) provides a useful organisation of both observational signatures and theoretical predictions. We compile the first comprehensive study of inferred and observed values for relevant stellar and magnetic parameters of 64 confirmed magnetic OB stars with Teff > 16 kK. Using these parameters, we locate the stars in the magnetic confinement-rotation diagram, a log-log plot of RK vs. RA. This diagram can be subdivided into regimes of centrifugal magnetospheres (CM), with RA > RK, vs. dynamical magnetospheres (DM), with RK > RA. We show how key observational diagnostics, like the presence and characteristics of Halpha emission, depend on a star's position within the diagram, as well as other parameters, especially the expected wind mass-loss rates. In particular, we identify two distinct populations of magnetic stars with Halpha emission: namely, slowly rotating O-type stars with narrow emission consistent with a DM, and more rapidly rotating B-type stars with broader emission associated with a CM. For O-type stars, the high mass-loss rates are sufficient to accumulate enough material for line emission even within the relatively short free-fall timescale associated with a DM: this high mass-loss rate also leads to a rapid magnetic spindown of the stellar rotation. For the B-type stars, the longer confinement of a CM is required to accumulate sufficient emitting material from their relatively weak winds, which also lead to much longer spindown timescales. [abbreviated]",arxiv,llm,1.000,unreviewed,,doi:10.1093/mnras/sts344
kept,The Effect of Information Content and Length on Name Recollection,"Etgar, Asaf; Friedman, Ram; Haiman, Shaked; Perez, Dana; Feitelson, Dror G.",2022,30TH IEEE/ACM INTERNATIONAL CONFERENCE ON PROGRAM COMPREHENSION (ICPC 2022),10.1145/3524610.3529159,https://www.webofscience.com/wos/woscc/full-record/WOS:000850204200014,supports-claim; qualifies-claim,"Memorable function and variable names are useful for developers: they reduce the need to re-check how objects are named when one wants to use them, and they enhance comprehension when encountered when reading code. We look at the possible interplay between the information contained in names and how memorable they are. We show in two independent experiments involving a total of 190 subjects that informative names are usually easier to recollect than similar-length names which contain less focused information. Interestingly, we find that less-experienced and female participants are better at remembering the less informative names. We also find that short names, which are not just abbreviated but actually contain less information, are significantly more memorable. Hence a good choice would be to use the the shortest name that includes the most focused and pertinent information.",wos,llm,0.970,unreviewed,,doi:10.1145/3524610.3529159
discarded,Automated Expansion of Abbreviations Based on Semantic Relation and Transfer Expansion,"Jiang, Yanjie; Liu, Hui; Jin, Jiahao; Zhang, Lu",2022,IEEE TRANSACTIONS ON SOFTWARE ENGINEERING,10.1109/TSE.2020.2995736,https://www.webofscience.com/wos/woscc/full-record/WOS:000756796100010,adjacent-subtopic,"Although the negative impact of abbreviations in source code is well-recognized, abbreviations are common for various reasons. To this end, a number of approaches have been proposed to expand abbreviations in identifiers. However, such approaches are either inaccurate or confined to specific identifiers. To this end, in this paper, we propose a generic and accurate approach to expand identifier abbreviations by leveraging both semantic relation and transfer expansion. One of the key insights of the approach is that abbreviations in the name of software entity e have a great chance to find their full terms in names of software entities that are semantically related to e. Consequently, the proposed approach builds a knowledge graph to represent such entities and their relationships with c and searches the graph for full terms. Another key insight is that literally identical abbreviations within the same application are likely (but not necessary) to have identical expansions, and thus the semantics-based expansion in one place may be transferred to other places. To investigate when abbreviation expansion could be transferred safely, we conduct a case study on three open-source applications. The results suggest that a significant part (75 percent) of expansions could be transferred among lexically identical abbreviations within the same application. However, the risk of transfer varies according to various factors, e.g., length of abbreviations, the physical distance between abbreviations, and semantic relations between abbreviations. Based on these findings, we design nine heuristics for transfer expansion and propose a learning-based approach to prioritize both transfer heuristics and semantic-based expansion heuristics. Evaluation results on nine open-source applications suggest that the proposed approach significantly improves the state of the art, improving recall from 29 to 89 percent and precision from 39 to 92 percent.",wos,llm,0.950,unreviewed,,doi:10.1109/tse.2020.2995736
kept,Fixing Faults in C and Java Source Code: Abbreviated vs. Full-Word Identifier Names,"Scanniello, Giuseppe; Risi, Michele; Tramontana, Porfirio; Romano, Simone",2017,ACM TRANSACTIONS ON SOFTWARE ENGINEERING AND METHODOLOGY,10.1145/3104029,https://www.webofscience.com/wos/woscc/full-record/WOS:000414315700002,qualifies-claim; namngivning,"We carried out a family of controlled experiments to investigate whether the use of abbreviated identifier names, with respect to full-word identifier names, affects fault fixing in C and Java source code. This family consists of an original (or baseline) controlled experiment and three replications. We involved 100 participants with different backgrounds and experiences in total. Overall results suggested that there is no difference in terms of effort, effectiveness, and efficiency to fix faults, when source code contains either only abbreviated or only full-word identifier names. We also conducted a qualitative study to understand the values, beliefs, and assumptions that inform and shape fault fixing when identifier names are either abbreviated or full-word. We involved in this qualitative study six professional developers with 1-3 years of work experience. A number of insights emerged from this qualitative study and can be considered a useful complement to the quantitative results from our family of experiments. One of the most interesting insights is that developers, when working on source code with abbreviated identifier names, adopt a more methodical approach to identify and fix faults by extending their focus point and only in a few cases do they expand abbreviated identifiers.",wos,llm_reviewed,0.990,confirmed,,doi:10.1145/3104029
kept,Shorter Identifier Names Take Longer to Comprehend,"Hofmeister, Johannes; Siegmund, Janet; Holt, Daniel V.",2017,"2017 IEEE 24TH INTERNATIONAL CONFERENCE ON SOFTWARE ANALYSIS, EVOLUTION, AND REENGINEERING (SANER)",,https://www.webofscience.com/wos/woscc/full-record/WOS:000402557000020,supports-claim,"Developers spend the majority of their time comprehending code, a process in which identifier names play a key role. Although many identifier naming styles exist, they often lack an empirical basis and it is not quite clear whether short or long identifier names facilitate comprehension. In this paper, we investigate the effect of different identifier naming styles (letters, abbreviations, words) on program comprehension, and whether these effects arise because of their length or their semantics. We conducted an experimental study with 72 professional C# developers, who looked for defects in source-code snippets. We used a within-subjects design, such that each developer saw all three versions of identifier naming styles and we measured the time it took them to find a defect. We found that words lead to, on average, 19% faster comprehension speed compared to letters and abbreviations, but we did not find a significant difference in speed between letters and abbreviations. The results of our study suggest that defects in code are more difficult to detect when code contains only letters and abbreviations. Words as identifier names facilitate program comprehension and can help to save costs and improve software quality.",wos,llm,0.990,unreviewed,,hash:9a7c7e3d50a74cb5
discarded,COMT Val 158 Met polymorphism is associated with nonverbal cognition following mild traumatic brain injury,"Winkler, Ethan A.; Yue, John K.; McAllister, Thomas W.; Temkin, Nancy R.; Oh, Sam S.; Burchard, Esteban G.; Hu, Donglei; Ferguson, Adam R.; Lingsma, Hester F.; Burke, John F.; Sorani, Marco D.; Rosand, Jonathan; Yuh, Esther L.; Barber, Jason; Tarapore, Phiroz E.; Gardner, Raquel C.; Sharma, Sourabh; Satris, Gabriela G.; Eng, Celeste; Puccio, Ava M.; Wang, Kevin K. W.; Mukherjee, Pratik; Valadka, Alex B.; Okonkwo, David O.; Diaz-Arrastia, Ramon; Manley, Geoffrey T.",2016,NEUROGENETICS,10.1007/s10048-015-0467-8,https://www.webofscience.com/wos/woscc/full-record/WOS:000367695300005,off-topic-false-hit,"Mild traumatic brain injury (mTBI) results in variable clinical outcomes, which may be influenced by genetic variation. A single-nucleotide polymorphism in catechol-o-methyltransferase (COMT), an enzyme which degrades catecholamine neurotransmitters, may influence cognitive deficits following moderate and/or severe head trauma. However, this has been disputed, and its role in mTBI has not been studied. Here, we utilize the Transforming Research and Clinical Knowledge in Traumatic Brain Injury Pilot (TRACK-TBI Pilot) study to investigate whether the COMT Val (158) Met polymorphism influences outcome on a cognitive battery 6 months following mTBI-Wechsler Adult Intelligence Test Processing Speed Index Composite Score (WAIS-PSI), Trail Making Test (TMT) Trail B minus Trail A time, and California Verbal Learning Test, Second Edition Trial 1-5 Standard Score (CVLT-II). All patients had an emergency department Glasgow Coma Scale (GCS) of 13-15, no acute intracranial pathology on head CT, and no polytrauma as defined by an Abbreviated Injury Scale (AIS) score of a parts per thousand yen3 in any extracranial region. Results in 100 subjects aged 40.9 (SD 15.2) years (COMT Met (158) /Met (158) 29 %, Met (158) /Val (158) 47 %, Val (158) /Val (158) 24 %) show that the COMT Met (158) allele (mean 101.6 +/- SE 2.1) associates with higher nonverbal processing speed on the WAIS-PSI when compared to Val (158) /Val (158) homozygotes (93.8 +/- SE 3.0) after controlling for demographics and injury severity (mean increase 7.9 points, 95 % CI [1.4 to 14.3], p = 0.017). The COMT Val (158) Met polymorphism did not associate with mental flexibility on the TMT or with verbal learning on the CVLT-II. Hence, COMT Val (158) Met may preferentially modulate nonverbal cognition following uncomplicated mTBI.

Registry: ClinicalTrials.gov Identifier NCT01565551.",wos,llm,1.000,unreviewed,,doi:10.1007/s10048-015-0467-8
discarded,Evaluating and Improving GPT-Based Expansion of Abbreviations,Jiang Y.,2025,IEEE Transactions on Software Engineering,10.1109/TSE.2025.3623625,https://www.scopus.com/inward/record.uri?partnerID=HzOxMe3b&scp=105019777681&origin=inward,adjacent-subtopic,,scopus,llm,0.810,unreviewed,,doi:10.1109/tse.2025.3623625
discarded,Toward Accurate Abbreviation Disambiguation in Medical Texts: A Comparative Study of AI Models.,Pandey A.,2025,Textual Intelligence Large Language Models and their Real World Applications,,https://www.scopus.com/inward/record.uri?partnerID=HzOxMe3b&scp=105023269331&origin=inward,off-topic-false-hit,,scopus,llm,1.000,unreviewed,,hash:5bbe854ef66db3e0
discarded,"Erratum: Methodology for the Positive Voices 2022 Survey of People With HIV Accessing Care in England, Wales, and Scotland: Cross-Sectional Questionnaire Study (JMIR Research Protocols (2025) 14 (e58531) DOI: 10.2196/58531)",,2025,Jmir Research Protocols,10.2196/72512,https://www.scopus.com/inward/record.uri?partnerID=HzOxMe3b&scp=105000192454&origin=inward,off-topic-false-hit,,scopus,llm,1.000,unreviewed,,doi:10.2196/72512
discarded,Nonsense Variable Names Detection Method Based on Lexical Features and Data Mining,Jiang Y.,2024,Computer Science,10.11896/jsjkx.231100030,https://www.scopus.com/inward/record.uri?partnerID=HzOxMe3b&scp=105019526122&origin=inward,adjacent-subtopic,,scopus,llm,0.820,unreviewed,,doi:10.11896/jsjkx.231100030
discarded,"Lutein and Zeaxanthin Supplementation Improves Dynamic Visual and Cognitive Performance in Children: A Randomized, Double-Blind, Parallel, Placebo-Controlled Study",Parekh R.,2024,Advances in Therapy,10.1007/s12325-024-02785-1,https://www.scopus.com/inward/record.uri?partnerID=HzOxMe3b&scp=85185147208&origin=inward,off-topic-false-hit,,scopus,llm,1.000,unreviewed,,doi:10.1007/s12325-024-02785-1
discarded,US Generic Antiseizure Medication Supply Chain: Observations from Analysis of US Government Databases,Javarayee P.,2024,Seizure,10.1016/j.seizure.2024.02.003,https://www.scopus.com/inward/record.uri?partnerID=HzOxMe3b&scp=85185563222&origin=inward,off-topic-false-hit,,scopus,llm,1.000,unreviewed,,doi:10.1016/j.seizure.2024.02.003
discarded,Beyond Literal Meaning: Uncover and Explain Implicit Knowledge in Code Through Wikipedia-Based Concept Linking,Wang C.,2023,IEEE Transactions on Software Engineering,10.1109/TSE.2023.3250029,https://www.scopus.com/inward/record.uri?partnerID=HzOxMe3b&scp=85149417839&origin=inward,adjacent-subtopic,,scopus,llm,0.780,unreviewed,,doi:10.1109/tse.2023.3250029
discarded,BEQAIN: An Effective and Efficient Identifier Normalization Approach With BERT and the Question Answering System,Zhang J.,2023,IEEE Transactions on Software Engineering,10.1109/TSE.2022.3227559,https://www.scopus.com/inward/record.uri?partnerID=HzOxMe3b&scp=85144769494&origin=inward,adjacent-subtopic,,scopus,llm,0.790,unreviewed,,doi:10.1109/tse.2022.3227559
discarded,Effects of aerobic exercise and dietary flavonoids on cognition: a systematic review and meta-analysis,Joseph D.K.,2023,Frontiers in Physiology,10.3389/fphys.2023.1216948,https://www.scopus.com/inward/record.uri?partnerID=HzOxMe3b&scp=85169602835&origin=inward,off-topic-false-hit,,scopus,llm,1.000,unreviewed,,doi:10.3389/fphys.2023.1216948
discarded,Design of thesauri as a didactic strategy to strengthen comprehension,Thenaglia G.,2022,Palabra Clave La Plata,10.24215/18539912e174,https://www.scopus.com/inward/record.uri?partnerID=HzOxMe3b&scp=85168432180&origin=inward,off-topic-false-hit,,scopus,llm,1.000,unreviewed,,doi:10.24215/18539912e174
discarded,Which abbreviations should be expanded?,Jiang Y.,2021,Esec Fse 2021 Proceedings of the 29th ACM Joint Meeting European Software Engineering Conference and Symposium on the Foundations of Software Engineering,10.1145/3468264.3468616,https://www.scopus.com/inward/record.uri?partnerID=HzOxMe3b&scp=85116287997&origin=inward,adjacent-subtopic,,scopus,llm,0.790,unreviewed,,doi:10.1145/3468264.3468616
discarded,A hybrid deep-learning approach for complex biochemical named entity recognition[Formula presented],Liu J.,2021,Knowledge Based Systems,10.1016/j.knosys.2021.106958,https://www.scopus.com/inward/record.uri?partnerID=HzOxMe3b&scp=85103426329&origin=inward,off-topic-false-hit,,scopus,llm,1.000,unreviewed,,doi:10.1016/j.knosys.2021.106958
discarded,Automatic and Accurate Expansion of Abbreviations in Parameters,Jiang Y.,2020,IEEE Transactions on Software Engineering,10.1109/TSE.2018.2868762,https://www.scopus.com/inward/record.uri?partnerID=HzOxMe3b&scp=85052905697&origin=inward,adjacent-subtopic,,scopus,llm,0.800,unreviewed,,doi:10.1109/tse.2018.2868762
discarded,An Empirical Study of Abbreviations and Expansions in Software Artifacts,Newman C.D.,2019,Proceedings 2019 IEEE International Conference on Software Maintenance and Evolution Icsme 2019,10.1109/ICSME.2019.00040,https://www.scopus.com/inward/record.uri?partnerID=HzOxMe3b&scp=85077206448&origin=inward,adjacent-subtopic,,scopus,llm,0.830,unreviewed,,doi:10.1109/icsme.2019.00040
