status,title,authors,year,venue,doi,url,tags,abstract,provider,decision_source,llm_confidence,llm_review_outcome,llm_change_direction,paper_id
discarded,An Accurate Identifier Renaming Prediction and Suggestion Approach,"Zhang, Jingxuan; Luo, Junpeng; Liang, Jiahui; Gong, Lina; Huang, Zhiqiu",2023,ACM TRANSACTIONS ON SOFTWARE ENGINEERING AND METHODOLOGY,10.1145/3603109,https://www.webofscience.com/wos/woscc/full-record/WOS:001085699500015,adjacent-subtopic,"Identifiers play an important role in helping developers analyze and comprehend source code. However, many identifiers exist that are inconsistent with the corresponding code conventions or semantic functions, leading to flawed identifiers. Hence, identifiers need to be renamed regularly. Even though researchers have proposed several approaches to identify identifiers that need renaming and further suggest correct identifiers for them, these approaches only focus on a single or a limited number of granularities of identifiers without universally considering all the granularities and suggest a series of sub-tokens for composing identifiers without completely generating new identifiers. In this article, we propose a novel identifier renaming prediction and suggestion approach. Specifically, given a set of training source code, we first extract all the identifiers in multiple granularities. Then, we design and extract five groups of features from identifiers to capture inherent properties of identifiers themselves and the relationships between identifiers and code conventions, as well as other related code entities, enclosing files, and change history. By parsing the change history of identifiers, we can figure out whether specific identifiers have been renamed or not. These identifier features and their renaming history are used to train a Random Forest classifier, which can be further used to predict whether a given new identifier needs to be renamed or not. Subsequently, for the identifiers that need renaming, we extract all the related code entities and their renaming change history. Based on the intuition that identifiers are co-evolved as their relevant code entities with similar patterns and renaming sequences, we could suggest and recommend a series of new identifiers for those identifiers. We conduct extensive experiments to validate our approach in both the Java projects and the Android projects. Experimental results demonstrate that our approach could identify identifiers that need renaming with an average F-measure of more than 89%, which outperforms the state-of-the-art approach by 8.30% in the Java projects and 21.38% in the Android projects. In addition, our approach achieves a Hit@10 of 48.58% and 40.97% in the Java and Android projects in suggesting correct identifiers and outperforms the state-of-the-art approach by 29.62% and 15.75%, respectively.",wos,llm,0.940,unreviewed,,doi:10.1145/3603109
discarded,Unambiguity of Python Language Elements for Static Analysis,"Nagy, Bence; Brunner, Tibor; Porkolab, Zoltan",2021,IEEE 21ST INTERNATIONAL WORKING CONFERENCE ON SOURCE CODE ANALYSIS AND MANIPULATION (SCAM 2021),10.1109/SCAM52516.2021.00017,https://www.webofscience.com/wos/woscc/full-record/WOS:000742037400009,adjacent-subtopic,"Static analysis is a technique for gathering some meaningful information during compilation-time and using it for further processing. This technique is applied in bug finding, code comprehension and in many other areas. However, static analysis gives a static view of the source and provides limited information about the dynamic behavior of a program. This limitation is generally considered to be a major barrier for dynamically typed languages, like Python, since in many situations it is hard to derive the most basic properties of variables or functions, sometimes we can't even find the location of their definition. In this paper we present our experimental results that show this is not necessary a hard barrier in practical industrial projects. We analyzed open-source Python libraries, including the Python Standard Library itself as part of the CodeCompass code comprehension framework, and found that in a high number of the cases it was possible to decide the mentioned important features in unambiguous way. The consistent coding conventions make it possible to reduce unambiguity in static analysis of dynamic languages.",wos,llm,0.850,unreviewed,,doi:10.1109/scam52516.2021.00017
discarded,A GQM Approach to Evaluation of the Quality of SmartThings Applications Using Static Analysis,"Chang, Byeong-Mo; Son, Janine Cassandra; Choi, Kwanghoon",2020,KSII TRANSACTIONS ON INTERNET AND INFORMATION SYSTEMS,10.3837/tiis.2020.06.003,https://www.webofscience.com/wos/woscc/full-record/WOS:000548364300004,adjacent-subtopic,"SmartThings is one of the most popular open platforms for home automation IoT solutions that allows users to create their own applications called SmartApps for personal use or for public distribution. The nature of openness demands high standards on the quality of SmartApps, but there have been few studies that have evaluated this thoroughly yet. As part of software quality practice, code reviews are responsible for detecting violations of coding standards and ensuring that best practices are followed. The purpose of this research is to propose systematically designed quality metrics under the well-known Goal/Question/Metric methodology and to evaluate the quality of SmartApps through automatic code reviews using a static analysis. We first organize our static analysis rules by following the GQM methodology, and then we apply the rules to real-world SmartApps to analyze and evaluate them. A study of 105 officially published and 74 community-created real-world SmartApps found a high ratio of violations in both types of SmartApps, and of all violations, security violations were most common. Our static analysis tool can effectively inspect reliability, maintainability, and security violations. The results of the automatic code review indicate the common violations among SmartApps.",wos,llm,0.880,unreviewed,,doi:10.3837/tiis.2020.06.003
discarded,CocoQa: Question Answering for Coding Conventions over Knowledge Graphs,"Du, Tianjiao; Cao, Junming; Wu, Qinyue; Li, Wei; Shen, Beijun; Chen, Yuting",2019,34TH IEEE/ACM INTERNATIONAL CONFERENCE ON AUTOMATED SOFTWARE ENGINEERING (ASE 2019),10.1109/ASE.2019.00108,https://www.webofscience.com/wos/woscc/full-record/WOS:000533303400101,adjacent-subtopic,"Coding convention plays an important role in guaranteeing software quality. However, coding conventions are usually informally presented and inconvenient for programmers to use. In this paper, we present CocoQa, a system that answers programmer's questions about coding conventions. CocoQa answers questions by querying a knowledge graph for coding conventions. It employs 1) a subgraph matching algorithm that parses the question into a SPARQL query, and 2) a machine comprehension algorithm that uses an end-to-end neural network to detect answers from searched paragraphs. We have implemented CocoQa, and evaluated it on a coding convention QA dataset. The results show that CocoQa can answer questions about coding conventions precisely. In particular, CocoQa can achieve a precision of 82.92% and a recall of 91.10%. Repository: https://github.com/14dtj/CocoQa/Video: https://youtu.be./VQaXi1WydAU",wos,llm,0.930,unreviewed,,doi:10.1109/ase.2019.00108
discarded,A Look into Programmers' Heads,"Peitek, Norman; Siegmund, Janet; Apel, Sven; Kastner, Christian; Parnin, Chris; Bethmann, Anja; Leich, Thomas; Saake, Gunter; Brechmann, Andre",2020,IEEE TRANSACTIONS ON SOFTWARE ENGINEERING,10.1109/TSE.2018.2863303,https://www.webofscience.com/wos/woscc/full-record/WOS:000530128200001,off-topic-false-hit,"Program comprehension is an important, but hard to measure cognitive process. This makes it difficult to provide suitable programming languages, tools, or coding conventions to support developers in their everyday work. Here, we explore whether functional magnetic resonance imaging (fMRI) is feasible for soundly measuring program comprehension. To this end, we observed 17 participants inside an fMRI scanner while they were comprehending source code. The results show a clear, distinct activation of five brain regions, which are related to working memory, attention, and language processing, which all fit well to our understanding of program comprehension. Furthermore, we found reduced activity in the default mode network, indicating the cognitive effort necessary for program comprehension. We also observed that familiarity with Java as underlying programming language reduced cognitive effort during program comprehension. To gain confidence in the results and the method, we replicated the study with 11 new participants and largely confirmed our findings. Our results encourage us and, hopefully, others to use fMRI to observe programmers and, in the long run, answer questions, such as: How should we train programmers? Can we train someone to become an excellent programmer? How effective are new languages and tools for program comprehension?",wos,llm,0.720,unreviewed,,doi:10.1109/tse.2018.2863303
discarded,A Comparative study of PHP frameworks performance,"Laaziri, Majida; Benmoussa, Khaoula; Khoulji, Samira; Larbi Kerkeb, Mohamed",2019,12TH INTERNATIONAL CONFERENCE INTERDISCIPLINARITY IN ENGINEERING (INTER-ENG 2018),10.1016/j.promfg.2019.02.295,https://www.webofscience.com/wos/woscc/full-record/WOS:000471295800120,off-topic-false-hit,"The increased demand for Web development has led to a high demand for efficiency, reliability, maintainability and scalability, which is why a PHP framework is an essential part of the web development toolbox. PHP frameworks are meant to facilitate software development and are becoming more and more popular in web-based projects, as they speed up the development process and reduce time, thus helping to meet coding standards. Bullet-proof and maintainable code. The fmal web applications created by the PHP framework will be more stable and secure. \

Today, there are hundreds of PHP frameworks. Each of these frameworks has its own advantages over others, however, selecting the best PHP framework for the developer can be tricky, which requires a good understanding of the different PHP frameworks. For this reason, this research has conducted a method of evaluation and performance testing to compare three PHP frameworks most used in web development to help the developer to better choose the most effective PHP framework for future web development. (C) 2019 The Authors. Published by Elsevier Ltd.",wos,llm,0.960,unreviewed,,doi:10.1016/j.promfg.2019.02.295
discarded,The Benefits of the Coding Standards Enforcement and it's Influence on the Developers' Coding Behaviour: A Case Study on Two Small Projects,"Popic, Srdan; Velikic, Gordana; Jaroslav, Hlavac; Spasic, Zvjezdan; Vulic, Marko",2018,2018 26TH TELECOMMUNICATIONS FORUM (TELFOR),,https://www.webofscience.com/wos/woscc/full-record/WOS:000459714200176,adjacent-subtopic,"A respectance of the coding standards has been proved to contribute to self-improvement of many realms of Software Development Process. In particular, this is true for the Software Quality, with focus on maintaining and porting; Robustness, with a focus on stability and endurance; Safety, with a focus on reliability; and Software Security. The Coding Standards are salient for the development and their importance and benefits are not questionable. The problem is that the coding standards vary between projects and developers need to adjust to different standards when switching between the projects. This paper enumerates all the fields that have benefits of the coding standards implementation while answering the question: What is the impact of the software coding compliance on the developer's work?",wos,llm,0.770,unreviewed,,hash:0ae069ac00c796dd
discarded,Empirically Examining the Quality of Source Code in Engineering Software Systems,"Carter, Jens K.; Alnaeli, Saleh M.; Vaz, Warren S.",2018,2018 IEEE INTERNATIONAL CONFERENCE ON ELECTRO/INFORMATION TECHNOLOGY (EIT),,https://www.webofscience.com/wos/woscc/full-record/WOS:000627374800134,adjacent-subtopic,"In Engineering and Scientific computing, a significant number of software systems that are being commonly used by the Engineering community are developed and deployed as Open Source Systems (OSS). This collaborative development model has been widely accepted in both academia and industry. As these systems are typically developed by developers who are experts in their fields (e.g., Engineering), some of those programmers may be lacking an essential skillset today's software quality and engineering concepts (e.g., source code maintainability and analyz ability, source code vulnerability, paralleliz ation, etc.). An empirical study is presented that examines some of the source code quality aspects and programming practices (e.g., jumps statements, usage of recursion) from software engineering perspective in ten open source Engineering software systems. The studied systems are written in the C/C++ programming languages and comprised of over ten million lines of code, and present numerous tasks of the engineering community, including computer-aided design, computational fluid dynamics, and finite element analysis. Static analysis methods are applied to each system to determine the number of jump statements (Goto and Break statements) and functions that are recursively invoked. Functions that contain direct or indirect recursive calls are determined and counted. The results show that number of the used jump statements and functions that have recursive calls are significant and thus pose more of a roadblock to effectively and automatically maintain, comprehend, analyze, and re-engineer systems. Lastly, this leads to inefficiencies in a software engineer's ability to accomplish these common tasks. The study showed that issues in source code stemming from the lack of coding standards have increased over time and are prevalent.",wos,llm,0.870,unreviewed,,hash:7a1cb2e5cda56f34
kept,On Method Ordering,"Geffen, Yorai; Maoz, Shahar",2016,2016 IEEE 24TH INTERNATIONAL CONFERENCE ON PROGRAM COMPREHENSION (ICPC),,https://www.webofscience.com/wos/woscc/full-record/WOS:000386302200008,supports-claim,"As the order of methods in a Java class has no effect on its semantics, an engineer can choose any order she prefers. Which code conventions regarding methods ordering are common in practice, if any? Are some orders better than others in making the code easier to understand? Can good orders be computed and applied automatically?

In this work we address these questions. First, we present a study of method orders in a large body of open source projects, where we identify existing common practices. Second, we present four method ordering strategies, which we automate and provide in an Eclipse plugin, as a form of refactoring. Finally, we present the results of a user study, which evaluates the effect of our methods ordering strategies on engineers' code comprehension in terms of correctness and time spent on answering.",wos,llm,0.950,unreviewed,,hash:1f5868d27000b9eb
discarded,NSTX-U Control System Upgrades,"Erickson, K. G.; Gates, D. A.; Gerhardt, S. P.; Lawson, J. E.; Mozulay, R.; Sichta, P.; Tchilinguirian, G. J.",2014,FUSION ENGINEERING AND DESIGN,10.1016/j.fusengdes.2014.04.069,https://www.webofscience.com/wos/woscc/full-record/WOS:000339601700010,adjacent-subtopic,"The National Spherical Tokamak Experiment (NSTX) is undergoing a wealth of upgrades (NSTX-U). These upgrades, especially including an elongated pulse length, require broad changes to the control system that has served NSTX well. A new fiber serial Front Panel Data Port input and output (I/O) stream will supersede the aging copper parallel version. Driver support for the new I/O and cyber security concerns require updating the operating system from Redhat Enterprise Linux (RHEL) v4 to RedHawk (based on RHEL) v6. While the basic control system continues to use the General Atomics Plasma Control System (GA PCS), the effort to forward port the entire software package to run under 64-bit Linux instead of 32-bit Linux included PCS modifications subsequently shared with GA and other PCS users. Software updates focused on three key areas: (1) code modernization through coding standards (C99/C11), (2) code portability and maintainability through use of the GA PCS code generator, and (3) support of 64-bit platforms. Central to the control system upgrade is the use of a complete real time (RT) Linux platform provided by Concurrent Computer Corporation, consisting of a computer (iHawk), an operating system and drivers (RedHawk), and RT tools (NightStar). Strong vendor support coupled with an extensive RT toolset influenced this decision. The new real-time Linux platform, I/O, and software engineering will foster enhanced capability and performance for NSTX-U plasma control. (C) 2014 The Authors. Published by Elsevier B.V.",wos,llm,0.880,unreviewed,,doi:10.1016/j.fusengdes.2014.04.069
discarded,Understanding Understanding Source Code with Functional Magnetic Resonance Imaging,"Siegmund, Janet; Kaestner, Christian; Apel, Sven; Parnin, Chris; Bethmann, Anja; Leich, Thomas; Saake, Gunter; Brechmann, Andre",2014,36TH INTERNATIONAL CONFERENCE ON SOFTWARE ENGINEERING (ICSE 2014),10.1145/2568225.2568252,https://www.webofscience.com/wos/woscc/full-record/WOS:000387829200034,off-topic-false-hit,"Program comprehension is an important cognitive process that inherently eludes direct measurement. Thus, researchers are struggling with providing suitable programming languages, tools, or coding conventions to support developers in their everyday work. In this paper, we explore whether functional magnetic resonance imaging (fMRI), which is well established in cognitive neuroscience, is feasible to soundly measure program comprehension. In a controlled experiment, we observed 17 participants inside an fMRI scanner while they were comprehending short source-code snippets, which we contrasted with locating syntax errors. We found a clear, distinct activation pattern of five brain regions, which are related to working memory, attention, and language processing all processes that fit well to our understanding of program comprehension. Our results encourage us and, hopefully, other researchers to use fMRI in future studies to measure program comprehension and, in the long run, answer questions, such as: Can we predict whether someone will be an excellent programmer? How effective are new languages and tools for program understanding? How should we train programmers?",wos,llm,0.720,unreviewed,,doi:10.1145/2568225.2568252
discarded,Automating best-practice refactoring in Java via multi-agent planning and verification,Yang J.,2026,Software Quality Journal,10.1007/s11219-026-09782-3,https://www.scopus.com/inward/record.uri?partnerID=HzOxMe3b&scp=105047012453&origin=inward,adjacent-subtopic,,scopus,llm,0.670,unreviewed,,doi:10.1007/s11219-026-09782-3
discarded,Modeling Code Understandability,Kushwaha V.,2026,Proceedings of the 19th Innovations in Software Engineering Conference Isec 2026,10.1145/3796563.3796585,https://www.scopus.com/inward/record.uri?partnerID=HzOxMe3b&scp=105038953155&origin=inward,adjacent-subtopic,,scopus,llm,0.640,unreviewed,,doi:10.1145/3796563.3796585
discarded,Assessing the Quality of Control Software Style Guides Used by Machine and Plant Manufacturers,Steuter L.,2026,12th 2026 International Conference on Control Decision and Information Technologies Codit 2026,10.1109/CoDIT70676.2026.11630855,https://www.scopus.com/inward/record.uri?partnerID=HzOxMe3b&scp=105047838906&origin=inward,adjacent-subtopic,,scopus,llm,0.700,unreviewed,,doi:10.1109/codit70676.2026.11630855
discarded,CodeHarbor: A Code Analysis Tool,Dewmin T.Y.,2026,Lecture Notes in Networks and Systems,10.1007/978-3-032-18913-4_17,https://www.scopus.com/inward/record.uri?partnerID=HzOxMe3b&scp=105039029128&origin=inward,adjacent-subtopic,,scopus,llm,0.630,unreviewed,,doi:10.1007/978-3-032-18913-4_17
discarded,Justification of a Set of Parameters for Software Source Code Analysis,Alooeff E.,2026,Lecture Notes in Networks and Systems,10.1007/978-3-032-16791-0_26,https://www.scopus.com/inward/record.uri?partnerID=HzOxMe3b&scp=105040575282&origin=inward,adjacent-subtopic,,scopus,llm,0.660,unreviewed,,doi:10.1007/978-3-032-16791-0_26
discarded,QUPER-MAn: Benchmark-Guided Target Setting for Maintainability Requirements,Borg M.,2025,Responsiblese 2025 Proceedings of the 1st International Workshop on Responsible Software Engineering,10.1145/3711919.3728680,https://www.scopus.com/inward/record.uri?partnerID=HzOxMe3b&scp=105012244044&origin=inward,adjacent-subtopic,,scopus,llm,0.800,unreviewed,,doi:10.1145/3711919.3728680
discarded,Research on Software Defect Prediction Models Combining Static Analysis Warnings,Wu H.,2025,Journal of Frontiers of Computer Science and Technology,10.3778/j.issn.1673-9418.2402003,https://www.scopus.com/inward/record.uri?partnerID=HzOxMe3b&scp=85219034005&origin=inward,adjacent-subtopic,,scopus,llm,0.770,unreviewed,,doi:10.3778/j.issn.1673-9418.2402003
discarded,An Analysis of the Impact of Automatically-Generated Patches on Coding Standard Violation.,Noguchi Y.,2025,Computer Software,10.11309/jssst.42.1_54,https://www.scopus.com/inward/record.uri?partnerID=HzOxMe3b&scp=105001676004&origin=inward,adjacent-subtopic,,scopus,llm,0.790,unreviewed,,doi:10.11309/jssst.42.1_54
