status,title,authors,year,venue,doi,url,tags,abstract,provider,decision_source,llm_confidence,llm_review_outcome,llm_change_direction,paper_id
discarded,What's DAT Smell? Untangling and Weaving the Disjoint Assertion Tangle Test Smell,"Narang, Monil; Du, Hang; Jones, James A.",2025,"2025 40TH IEEE/ACM INTERNATIONAL CONFERENCE ON AUTOMATED SOFTWARE ENGINEERING, ASE",10.1109/ASE63991.2025.00108,https://www.webofscience.com/wos/woscc/full-record/WOS:001706323100100,adjacent-subtopic,"In this work, we characterize a novel test-code smell-Disjoint Assertion Tangle (DAT)-which occurs when a test method verifies multiple, logically unrelated behaviors that can be separated. We propose a program analysis-based approach that automatically detects DAT and refactors DAT tests into separate focused test methods. We implemented this approach as a tool called U2W. By separating unrelated testing logic, U2W enhances readability, maintainability, and fault localization, while exposing hidden test clones and duplicated code. It then seizes these opportunities by converting structurally similar tests into compact, parameterized unit tests (PUTs), reducing redundancy and enabling more scalable, extensible test designs. To evaluate our approach and tool, we conducted a number of evaluations: (1) a large-scale, quantitative study to study the prevalence of the test smell and the effects of their refactoring, (2) a user survey to assess developers' opinions and preferences of the unrefactored and refactored test code, and (3) pull requests that were issued to original project maintainers to assess the acceptability of our refactorings. Our quantitative study was conducted on 42,334 tests across 49 open-source projects. We found the DAT smell in 95.9% of the subject projects, affecting an average of 8.59% of analyzed tests. In total, we identified and refactored 3,638 smelly tests, untangled them into 31,837 test-execution logics, and then weaved 14,343 of them into 1,713 extensible PUT methods. These refactorings reduced the executable test-code lines in smelly tests by an average of 36.33%. Our user survey involving 49 industrial and academic participants demonstrated strong preference for our refactored test cases over their original, unrefactored versions. Additionally, we submitted 19 pull requests based on our automated refactorings; 16 of these were accepted by project maintainers. These results suggest that U2W effectively improves test-suite quality, and validate our novel test smell aligns closely with developers' intuitions and practices.",wos,llm,0.840,unreviewed,,doi:10.1109/ase63991.2025.00108
discarded,Systematic Review of Code Smell Patterns and Their Impact on Software Technical Debt,"Ponce, Claudia de las Mercedes Rodriguez; Salgado, Rene Santaolaya; Robles, Blanca Dina Valenzuela; Garcia, Humberto Hernandez",2026,INTERNATIONAL JOURNAL OF COMBINATORIAL OPTIMIZATION PROBLEMS AND INFORMATICS,10.61467/2007.1558.2025.v16i1.947,https://www.webofscience.com/wos/woscc/full-record/WOS:001656051500017,adjacent-subtopic,"The accumulation of technical debt in legacy software is primarily manifested through the recurring need to modify code in order to correct defects, adapt it to new requirements, or alter existing functionalities. This situation reduces the useful lifespan of software systems by increasing their fragility, as a consequence of the continuous interventions required for maintenance and correction. Code smells constitute one of the principal contributors to this problem in software development. Consequently, it is essential to address this issue through appropriate design and coding practices in order to enhance code quality, maintainability, and readability. The objective of the present research is to identify the relative frequency of practices employed by developers during the design and coding phases that lead to the generation of malformed code, thereby contributing to entropy and increased technical debt in legacy systems. The study focuses on evaluating factors related to structural design and programming practices, while also conducting statistical analyses to identify recurring patterns associated with code smells. The results provide a detailed understanding of the most common practices and their impact on current software engineering research and development, suggesting potential directions for future investigations aimed at addressing these shortcomings.",wos,llm,0.820,unreviewed,,doi:10.61467/2007.1558.2025.v16i1.947
discarded,"Exploring the Impacts of Antipatterns on Object-Oriented, Service-Oriented, and Mobile-Oriented Systems","Mahmood, Khalid; Minani, Jean Baptiste; Rasool, Ghulam; Sabir, Fatima; Jaafar, Fehmi; Gueheneuc, Yann-gael",2026,SOFTWARE-PRACTICE & EXPERIENCE,10.1002/spe.70030,https://www.webofscience.com/wos/woscc/full-record/WOS:001611544100001,adjacent-subtopic,"Objective Antipatterns (APs) represent potential issues in software systems stemming from poor design choices, coding practices, and undisciplined development. This systematic literature review analyzes 97 primary studies (PSs) from 2005 to 2024, exploring the impact of APs on Object-Oriented (OO), Service-Oriented (SO), and Mobile-Oriented (MO) systems across various quality attributes.Methods PSs are classified by techniques, datasets, evaluation measures, and tool support.Result Findings highlight the association of APs with increased maintenance costs (27.8%), fault-proneness (26.8%), change-proneness (12.3%), and evolution challenges (25.7%). Most studies employ descriptive statistics, regression analysis, and Pearson correlation, with limited datasets and tool support for SO and MO systems compared to OO systems. Intermediate source code representations and program comprehension strategies are commonly used for analysis.Conclusion These findings emphasize the need for further research on the impact of APs, particularly in MO systems, and their negative effects on software quality attributes.",wos,llm,0.820,unreviewed,,doi:10.1002/spe.70030
discarded,Copilot-in-the-Loop: Fixing Code Smells in Copilot-Generated Python Code using Copilot,"Zhang, Beiqi; Liang, Peng; Feng, Qiong; Fu, Yujia; Li, Zengyang",2024,"PROCEEDINGS OF 2024 39TH ACM/IEEE INTERNATIONAL CONFERENCE ON AUTOMATED SOFTWARE ENGINEERING, ASE 2024",10.1145/3691620.3695290,https://www.webofscience.com/wos/woscc/full-record/WOS:001353105400186,adjacent-subtopic,"As one of the most popular dynamic languages, Python experiences a decrease in readability and maintainability when code smells are present. Recent advancements in Large Language Models have sparked growing interest in AI-enabled tools for both code generation and refactoring. GitHub Copilot is one such tool that has gained widespread usage. Copilot Chat, released in September 2023, functions as an interactive tool aimed at facilitating natural language-powered coding. However, limited attention has been given to understanding code smells in Copilot-generated Python code and Copilot Chat's ability to fix the code smells. To this end, we built a dataset comprising 102 code smells in Copilot-generated Python code. Our aim is to first explore the occurrence of code smells in Copilot-generated Python code and then evaluate the effectiveness of Copilot Chat in fixing these code smells employing different prompts. The results show that 8 out of 10 types of code smells can be detected in Copilot-generated Python code, among which Multiply-Nested Container is the most common one. For these code smells, Copilot Chat achieves a highest fixing rate of 87.1%, showing promise in fixing Python code smells generated by Copilot itself. In addition, the effectiveness of Copilot Chat in fixing these smells can be improved by providing more detailed prompts.",wos,llm,0.880,unreviewed,,doi:10.1145/3691620.3695290
discarded,Practitioners' expectations on code smell detection,"Zhang, Zexian; Yin, Shuang; Wei, Wenliu; Ma, Xiaoxue; Keung, Jacky Wai; Li, Fuyang; Hu, Wenhua",2024,"2024 IEEE 48TH ANNUAL COMPUTERS, SOFTWARE, AND APPLICATIONS CONFERENCE, COMPSAC 2024",10.1109/COMPSAC61105.2024.00175,https://www.webofscience.com/wos/woscc/full-record/WOS:001308581200166,adjacent-subtopic,"Code smell detection can automatically identify code smells in software source code to help developers to improve code maintainability, readability, and overall code quality. Currently, a wide variety of code smell detection techniques/tools are proposed for practical use. However, it is unclear what practitioners expect for code smell detection tools and whether the existing research meets their needs. To fill the gap, we conduct an empirical study. We first interview 10 software development professionals and subsequently survey 310 software practitioners about their practices and expectations of code smell detection tools. In addition, we conduct an extensive literature review of code smell detection papers published in major publications from 2014 to 2024, and compare current research findings with practitioners' expectations. From this comparison, we highlight the direction in which researchers need to work to develop code smell detection techniques that are important to practitioners.",wos,llm,0.850,unreviewed,,doi:10.1109/compsac61105.2024.00175
discarded,Detection of Unused Native Methods code smells in Multi-Language Systems,"Ansari, Md. Shahrukh; Moiz, Salman Abdul",2024,"2024 4TH INTERNATIONAL CONFERENCE ON INFORMATION COMMUNICATION AND SOFTWARE ENGINEERING, ICICSE 2024",10.1109/ICICSE61805.2024.10625688,https://www.webofscience.com/wos/woscc/full-record/WOS:001300421500009,adjacent-subtopic,"It is common practice in software development to use multiple programming languages within a single project, known as multilingual development. While it offers substantial advantages like legacy integration and performance optimization, integrating code from various languages can introduce code smells that adversely affect the overall readability, maintainability, and performance of these systems. These code smells are called multi-language code smells. Unused Native Method declaration and Unused Native Method Implementation are two of the multi-language code smells that are related to unused code. These code smells unnecessarily increase the volume of the codebase, which leads to difficulties in understanding and maintaining the code. Since these smells negatively impact the non-functional requirement of a software system, they must be detected and refactored. The detection approach proposed in the literature had many limitations, which is why the results presented in the literature about the prevalence of these two smells were incorrect. This paper addresses the identified limitations and assesses the existence of these two smells in open-source projects. Our results show that 9.34% of JNI files are affected by Unused Native Method Declaration code smell, and 46.18% of JNI files are affected by Unused Native Method Implementation code smell, which confirms the existence of these two code smells in open source multi-language systems.",wos,llm,0.830,unreviewed,,doi:10.1109/icicse61805.2024.10625688
discarded,Hybrid Model with Multi-Level Code Representation for Multi-Label Code Smell Detection (077),"Li, Yichen; Liu, An; Zhao, Lei; Zhang, Xiaofang",2022,INTERNATIONAL JOURNAL OF SOFTWARE ENGINEERING AND KNOWLEDGE ENGINEERING,10.1142/S0218194022500723,https://www.webofscience.com/wos/woscc/full-record/WOS:000893359700001,adjacent-subtopic,"Code smell is an indicator of potential problems in a software design that have a negative impact on readability and maintainability. Hence, detecting code smells in a timely and effective manner can provide guides for developers in refactoring. Fortunately, many approaches like metric-based, heuristic-based, machine-learning-based and deep-learning-based have been proposed to detect code smells. However, existing methods, using the simple code representation to describe different code smells unilaterally, cannot efficiently extract enough rich information from source code. In addition, one code snippet often has several code smells at the same time and there is a lack of multi-label code smell detection based on deep learning. In this paper, we present a large-scale dataset for the multi-label code smell detection task since there is still no publicly sufficient dataset for this task. The release of this dataset would push forward the research in this field. Based on it, we propose a hybrid model with multi-level code representation to further optimize the code smell detection. First, we parse the code into the abstract syntax tree (AST) with control and data flow edges and the graph convolution network is applied to get the prediction at the syntactic and semantic level. Then we use the bidirectional long-short term memory network with attention mechanism to analyze the code tokens at the token-level in the meanwhile. Finally, we get the fusion prediction result of the models. Experimental results illustrate that our proposed model outperforms the state-of-the-art methods not only in single code smell detection but also in multi-label code smell detection.",wos,llm,0.840,unreviewed,,doi:10.1142/s0218194022500723
discarded,Improving Machine Learning-based Code Smell Detection via Hyper-parameter Optimization,"Shen, Lei; Liu, Wangshu; Chen, Xiang; Gu, Qing; Liu, Xuejun",2020,2020 27TH ASIA-PACIFIC SOFTWARE ENGINEERING CONFERENCE (APSEC 2020),10.1109/APSEC51365.2020.00036,https://www.webofscience.com/wos/woscc/full-record/WOS:000662668700029,adjacent-subtopic,"Unlike code errors, the presence of code smell often does not affect the behavior of the software system, but it will cause quality problems in terms of readability, understandability, and efficiency. To improve the software quality and reduce the maintenance costs, the developers need to detect code smells rapidly and make corresponding code refactoring. In code smell detection, recently, machine learning-based methods become more prevalent and can overcome the shortcomings of the heuristic-based methods, which mainly rely on manually designed rules. However, to our best knowledge, there is little research to analyze whether using hyper-parameter optimization can improve the performance of machine learning-based methods. In this study, we mainly focus on two classical code smells (i.e., Data Class and Feature Envy). First, we consider four optimizers for hyper-parameter optimization, and six commonly used classifiers for machine-learning-based methods. Second, we use AUC as the performance measure to evaluate the performance of constructed models. Based on final empirical results, we find that (1) Using hyper-parameter optimization can significantly improve the performance of code smell detection. (2) Differential evolution (DE) optimizer can achieve better performance than the other three optimizers when using the random forest classifier. (3) We can further improve the performance of code smell detection when performing parameter optimization on the DE optimizer.",wos,llm,0.840,unreviewed,,doi:10.1109/apsec51365.2020.00036
discarded,Studying Duplicate Logging Statements and Their Relationships With Code Clones,"Li, Zhenhao; Chen, Tse-Hsun; Yang, Jinqiu; Shang, Weiyi",2021,IEEE TRANSACTIONS ON SOFTWARE ENGINEERING,10.1109/TSE.2021.3060918,https://www.webofscience.com/wos/woscc/full-record/WOS:000825973700001,adjacent-subtopic,"Developers rely on software logs for a variety of tasks, such as debugging, testing, program comprehension, verification, and performance analysis. Despite the importance of logs, prior studies show that there is no industrial standard on how to write logging statements. In this paper, we focus on studying duplicate logging statements, which are logging statements that have the same static text message. Such duplications in the text message are potential indications of logging code smells, which may affect developers' understanding of the dynamic view of the system. We manually studied over 4K duplicate logging statements and their surrounding code in five large-scale open source systems: Hadoop, CloudStack, Elasticsearch, Cassandra, and Flink. We uncovered five patterns of duplicate logging code smells. For each instance of the duplicate logging code smell, we further manually identify the potentially problematic (i.e., require fixes) and justifiable (i.e., do not require fixes) cases. Then, we contact developers to verify our manual study result. We integrated our manual study result and developers' feedback into our automated static analysis tool, DLFinder, which automatically detects problematic duplicate logging code smells. We evaluated DLFinder on the five manually studied systems and three additional systems: Camel, Kafka and Wicket. In total, combining the results of DLFinder and our manual analysis, we reported 91 problematic duplicate logging code smell instances to developers and all of them have been fixed. We further study the relationship between duplicate logging statements, including the problematic instances of duplicate logging code smells, and code clones. We find that 83 percent of the duplicate logging code smell instances reside in cloned code, but 17 percent of them reside in micro-clones that are difficult to detect using automated clone detection tools. We also find that more than half of the duplicate logging statements reside in cloned code snippets, and a large portion of them reside in very short code blocks which may not be effectively detected by existing code clone detection tools. Our study shows that, in addition to general source code that implements the business logic, code clones may also result in bad logging practices that could increase maintenance difficulties.",wos,llm,0.830,unreviewed,,doi:10.1109/tse.2021.3060918
discarded,DLFinder: Characterizing and Detecting Duplicate Logging Code Smells,"Li, Zhenhao; Chen, Tse-Hsun (Peter); Yang, Jinqiu; Shang, Weiyi",2019,2019 IEEE/ACM 41ST INTERNATIONAL CONFERENCE ON SOFTWARE ENGINEERING (ICSE 2019),10.1109/ICSE.2019.00032,https://www.webofscience.com/wos/woscc/full-record/WOS:000560373200014,adjacent-subtopic,"Developers rely on software logs for a wide variety of tasks, such as debugging, testing, program comprehension, verification, and performance analysis. Despite the importance of logs, prior studies show that there is no industrial standard on how to write logging statements. Recent research on logs often only considers the appropriateness of a log as an individual item (e.g., one single logging statement); while logs are typically analyzed in tandem. In this paper, we focus on studying duplicate logging statements, which are logging statements that have the same static text message. Such duplications in the text message are potential indications of logging code smells, which may affect developers' understanding of the dynamic view of the system. We manually studied over 3K duplicate logging statements and their surrounding code in four large-scale open source systems: Hadoop, CloudStack, ElasticSearch, and Cassandra. We uncovered five patterns of duplicate logging code smells. For each instance of the code smell, we further manually identify the problematic (i.e., require fixes) and justifiable (i.e., do not require fixes) cases. Then, we contact developers in order to verify our manual study result. We integrated our manual study result and developers' feedback into our automated static analysis tool, DLFinder, which automatically detects problematic duplicate logging code smells. We evaluated DLFinder on the four manually studied systems and two additional systems: Camel and Wicket. In total, combining the results of DLFinder and our manual analysis, we reported 82 problematic code smell instances to developers and all of them have been fixed.",wos,llm,0.830,unreviewed,,doi:10.1109/icse.2019.00032
discarded,Leveraging Code Language Models for Code Smells Detection,Zellagui S.,2026,Applied Sciences Switzerland,10.3390/app16147040,https://www.scopus.com/inward/record.uri?partnerID=HzOxMe3b&scp=105045947833&origin=inward,adjacent-subtopic,,scopus,llm,0.810,unreviewed,,doi:10.3390/app16147040
discarded,3D visualization of code smells: A scalable multi-level metaphoric approach for software developers,Hasantha C.,2026,Advances in Science and Technology Research Journal,10.12913/22998624/214373,https://www.scopus.com/inward/record.uri?partnerID=HzOxMe3b&scp=105030855855&origin=inward,adjacent-subtopic,,scopus,llm,0.790,unreviewed,,doi:10.12913/22998624/214373
discarded,Pioneering agentic retrieval-augmented generation in software quality: a novel framework for code smell detection via dynamic retrieval,Aljohani B.,2026,Peerj Computer Science,10.7717/peerj-cs.3642,https://www.scopus.com/inward/record.uri?partnerID=HzOxMe3b&scp=105035032039&origin=inward,adjacent-subtopic,,scopus,llm,0.790,unreviewed,,doi:10.7717/peerj-cs.3642
kept,An Empirical Investigation on Source Code Comprehension Performance Between Naming and Structural Issues with and without Generative AI Assistance,Inoue S.,2026,IEEE Transactions on Software Engineering,10.1109/TSE.2026.3702933,https://www.scopus.com/inward/record.uri?partnerID=HzOxMe3b&scp=105041973533&origin=inward,supports-claim,,scopus,llm,0.710,unreviewed,,doi:10.1109/tse.2026.3702933
discarded,Detection of code smells in react with TypeScript applications,Nunes M.,2025,Information and Software Technology,10.1016/j.infsof.2025.107835,https://www.scopus.com/inward/record.uri?partnerID=HzOxMe3b&scp=105011949704&origin=inward,adjacent-subtopic,,scopus,llm,0.810,unreviewed,,doi:10.1016/j.infsof.2025.107835
