status,title,authors,year,venue,doi,url,tags,abstract,provider,decision_source,llm_confidence,llm_review_outcome,llm_change_direction,paper_id
kept,To CamelCase or under_score,David W. Binkley; Marcia Davis; Dawn J. Lawrie; Christopher Morrell,2019,2019 IEEE/ACM 27th International Conference on Program Comprehension (ICPC),10.1109/ICPC.2019.00035,https://ieeexplore.ieee.org/document/8813280/,supports-claim,"Summary form only given, as follows. The complete presentation was not made available for publication as part of the conference proceedings. Naming conventions are generally adopted in an effort to improve program comprehension. Two of the most popular conventions are alternatives for composing multi-word identifiers: the use of underscores and the use of camel casing. While most programmers have a personal opinion as to which style is better, empirical study forms a more appropriate basis for choosing between them. The central hypothesis considered herein is that identifier style affects the speed and accuracy of manipulating programs. An empirical study of 135 programmers and non-programmers was conducted to better understand the impact of identifier style on code readability. The experiment builds on past work of others who study how readers of natural language perform such tasks. Results indicate that camel casing leads to higher accuracy among all subjects regardless of training, and those trained in camel casing are able to recognize identifiers in the camel case style faster than identifiers in the underscore style.",ieee,llm,0.960,unreviewed,,doi:10.1109/icpc.2019.00035
discarded,Architecture for all?: Universal Design for Learning in instructional practices for EMI students,"Nijakowska, Joanna; Kaldonek-Crnjakovic, Agnieszka; Walenta, Magdalena",2026,INTERNATIONAL REVIEW OF PRAGMATICS,10.1163/18773109-01801001,https://www.webofscience.com/wos/woscc/full-record/WOS:001690216400003,off-topic-false-hit,"As English-medium instruction (EMI) continues to expand globally, meeting the needs of diverse student cohorts in multilingual and multicultural settings remains a major challenge. This study investigates the inclusivity of EMI at the Faculty of Architec-ture (FoA) at one of Poland's leading public universities. Drawing on interview data from 11 architecture students, we conducted Reflexive Thematic Analysis to explore their experiences and perceptions of lecturers' instructional practices, with particular attention to their alignment with Universal Design for Learning (UDL) principles-an intersection previously unexplored in EMI research. Three themes were identified: disciplinary knowledge development, language practices, and the social-affective envi-ronment. This article focuses on the first two. Findings reveal that UDL principles are only partially reflected in the EMI programme. Students are rarely offered meaningful choice in content, topics, or tools for assignments and assessment. Instruction remains largely teacher-centred, with limited use of varied presentation modes to accommo-date diverse learning preferences. Major concerns also include poor accessibility of teaching materials and insufficient English proficiency of some lecturers, which hin-ders content comprehension. In addition, the frequent use of Polish-by both staff and local students-leaves international students feeling excluded. These findings under-score the urgent need to adapt instructional and language practices in EMI to better support student diversity and foster more inclusive, universally designed learning envi-ronments, in turn enhancing the overall quality of EMI.",wos,llm,1.000,unreviewed,,doi:10.1163/18773109-01801001
discarded,Can Better Identifier Splitting Techniques Help Feature Location?,"Dit, Bogdan; Guerrouj, Latifa; Poshyvanyk, Denys; Antoniol, Giuliano",2011,2011 IEEE 19TH INTERNATIONAL CONFERENCE ON PROGRAM COMPREHENSION (ICPC),10.1109/ICPC.2011.47,https://www.webofscience.com/wos/woscc/full-record/WOS:000297734300002,adjacent-subtopic,"The paper presents an exploratory study of two feature location techniques utilizing three strategies for splitting identifiers: CamelCase, Samurai and manual splitting of identifiers. The main research question that we ask in this study is if we had a perfect technique for splitting identifiers, would it still help improve accuracy of feature location techniques applied in different scenarios and settings? In order to answer this research question we investigate two feature location techniques, one based on Information Retrieval and the other one based on the combination of Information Retrieval and dynamic analysis, for locating bugs and features using various configurations of preprocessing strategies on two open-source systems, Rhino and jEdit. The results of an extensive empirical evaluation reveal that feature location techniques using Information Retrieval can benefit from better preprocessing algorithms in some cases, and that their improvement in effectiveness while using manual splitting over state-of-the-art approaches is statistically significant in those cases. However, the results for feature location technique using the combination of Information Retrieval and dynamic analysis do not show any improvement while using manual splitting, indicating that any preprocessing technique will suffice if execution data is available. Overall, our findings outline potential benefits of putting additional research efforts into defining more sophisticated source code preprocessing techniques as they can still be useful in situations where execution information cannot be easily collected.",wos,llm,0.970,unreviewed,,doi:10.1109/icpc.2011.47
kept,To CamelCase or Under_score,"Binkley, Dave; Davis, Marcia; Lawrie, Dawn; Morrell, Christopher",2009,ICPC: 2009 IEEE 17TH INTERNATIONAL CONFERENCE ON PROGRAM COMPREHENSION,,https://www.webofscience.com/wos/woscc/full-record/WOS:000274369800018,supports-claim,"Naming conventions are generally adopted in an effort to improve program comprehension. Two of the most popular conventions are alternatives for composing multi-word identifiers: the use of underscores and the use of camel casing. While most programmers have a personal opinion as to which style is better, empirical study forms a more appropriate basis for choosing between them.

The central hypothesis considered herein is that identifier style affects the speed and accuracy of manipulating programs. An empirical study of 135 programmers and non-programmers was conducted to better understand the impact of identifier style on code readability. The experiment builds on past work of others who study how readers of natural language perform such tasks. Results indicate that camel casing leads to higher accuracy among all subjects regardless of training, and those trained in camel casing are able to recognize identifiers in the camel case style faster than identifiers in the underscore style.",wos,llm,0.990,unreviewed,,hash:734a70ef29a43e80
discarded,"THE SISTERS OF NOSTRA DONA DE MONTSERRAT IN ROME (1506-1522): PRESENCE, PIETY, AND ART",Garnelo I.R.,2024,Specula Revista De Humanidades Y Espiritualidad,10.46583/specula_2024.9.1138,https://www.scopus.com/inward/record.uri?partnerID=HzOxMe3b&scp=85200392023&origin=inward,off-topic-false-hit,,scopus,llm,1.000,unreviewed,,doi:10.46583/specula_2024.9.1138
discarded,Contemporary Biomarkers in Severe Asthma Management,Indolfi C.,2024,Journal of Biological Regulators and Homeostatic Agents,10.23812/j.biol.regul.homeost.agents.20243805.284,https://www.scopus.com/inward/record.uri?partnerID=HzOxMe3b&scp=85216434628&origin=inward,off-topic-false-hit,,scopus,llm,1.000,unreviewed,,doi:10.23812/j.biol.regul.homeost.agents.20243805.284
discarded,An Empirical Study on the Usage and Evolution of Identifier Styles in Practice,Zhang J.,2021,Proceedings Asia Pacific Software Engineering Conference APSEC,10.1109/APSEC53868.2021.00025,https://www.scopus.com/inward/record.uri?partnerID=HzOxMe3b&scp=85126185872&origin=inward,adjacent-subtopic,,scopus,llm,0.820,unreviewed,,doi:10.1109/apsec53868.2021.00025
discarded,"2012 20th IEEE International Conference on Program Comprehension, ICPC 2012 - Proceedings",,2012,IEEE International Conference on Program Comprehension,,https://www.scopus.com/inward/record.uri?partnerID=HzOxMe3b&scp=84865036979&origin=inward,off-topic-false-hit,,scopus,llm,1.000,unreviewed,,hash:12e170c66686e915
kept,To camelcase or under-score,Binkley D.,2009,IEEE International Conference on Program Comprehension,10.1109/ICPC.2009.5090039,https://www.scopus.com/inward/record.uri?partnerID=HzOxMe3b&scp=70349980457&origin=inward,supports-claim,,scopus,llm,0.800,unreviewed,,doi:10.1109/icpc.2009.5090039
discarded,The role of cognitive fit in the relationship between software comprehension and modification,Teresa M. Shaft; Iris Vessey,2006,SHAREOK (University of Oklahoma; Oklahoma State University; Central Oklahoma University),10.5555/2017284.2017288,https://openalex.org/W2160756984,off-topic-false-hit,"Although there is a long tradition of empirical studies of software developers, few studies have focused on software maintenance. Prior work is predicated on the belief that higher levels of software comprehension are associated with higher levels of performance on modification tasks. This study provides a more complete understanding of the relationship between software comprehension and modification. We conceptualize software maintenance as interlinking comprehension and modification, and argue that the relationship between the two is moderated by cognitive fit. Specifically, cognitive fit exists when the software maintainer's dominant mental representation of the software and their mental representation of the modification task emphasize the same type of knowledge. We hypothesize that when cognitive fit exists, greater improvements in comprehension are associated with higher levels of performance on a modification task. When cognitive fit does not exist, however, the software maintainer's mental representations of the software and of the modification task do not emphasize the same type of knowledge, which may mean that attention is devoted to comprehension at the expense of modification, resulting in lower performance on the modification task. In these circumstances, comprehension and modification tasks may interfere with each other, an effect known as dual-task interference. We therefore hypothesize that performance on a modification task is moderated by the fit between the mental representation of the software and that of the modification task. We tested our theory by varying cognitive fit to create matched and mismatched conditions in a single experiment that used IT professionals as subjects. Our findings support our theory: cognitive fit moderates the relationship between comprehension and modification. Specifically, changes in software comprehension and modification performance are positively related when cognitive fit exists and negatively related when cognitive fit does not exist. Our findings demonstrate the need to examine more complex relationships among the numerous types of tasks involved in software development rather than examining software comprehension alone.",openalex,llm,0.950,unreviewed,,doi:10.5555/2017284.2017288
kept,Mnemonic Variable Names in Parsons Puzzles,Amruth N. Kumar,2019,,10.1145/3300115.3309509,https://openalex.org/W2943137947,qualifies-claim,"In Parsons Puzzles, students are asked to arrange the lines of a program in their correct order. We investigated the effect of using mnemonic variable names in the program on the ease with which students solved the puzzles - whether students were able to solve puzzles containing mnemonic variable names with fewer actions or in less time than single-character variable names. We conducted a controlled study with cross-over design over four semesters. Much to our surprise, we found no statistically significant difference between students solving puzzles with mnemonic variable names versus single-character variable names - either in terms of the number of actions taken, the grade earned or the time spent per puzzle. In this paper, we will describe the experimental setup and data analysis and present the results of the study. We will discuss some hypotheses as to why the readability of the variable names did not impact students' ability to solve Parsons puzzles.",openalex,llm,0.980,unreviewed,,doi:10.1145/3300115.3309509
discarded,Why Machine Reading Comprehension Models Learn Shortcuts?,Yuxuan Lai; Chen Zhang; Yansong Feng; Quzhe Huang; Dongyan Zhao,2021,,10.18653/v1/2021.findings-acl.85,https://openalex.org/W3174409617,off-topic-false-hit,"Recent studies report that many machine reading comprehension (MRC) models can perform closely to or even better than humans on benchmark datasets.However, existing works indicate that many MRC models may learn shortcuts to outwit these benchmarks, but the performance is unsatisfactory in real-world applications.In this work, we attempt to explore, instead of the expected comprehension skills, why these models learn the shortcuts.Based on the observation that a large portion of questions in current datasets have shortcut solutions, we argue that larger proportion of shortcut questions in training data make models rely on shortcut tricks excessively.To investigate this hypothesis, we carefully design two synthetic datasets with annotations that indicate whether a question can be answered using shortcut solutions.We further propose two new methods to quantitatively analyze the learning difficulty regarding shortcut and challenging questions, and revealing the inherent learning mechanism behind the different performance between the two kinds of questions.A thorough empirical analysis shows that MRC models tend to learn shortcut questions earlier than challenging questions, and the high proportions of shortcut questions in training sets hinder models from exploring the sophisticated reasoning skills in the later stage of training.",openalex,llm,1.000,unreviewed,,doi:10.18653/v1/2021.findings-acl.85
discarded,Seeing confusion through a new lens: on the impact of atoms of confusion on novices’ code comprehension,José Aldo Silva da Costa; Rohit Gheyi; Fernando Castor; Pablo Roberto Fernandes de Oliveira; Márcio Ribeiro; Baldoíno Fonseca,2023,Empirical Software Engineering,10.1007/s10664-023-10311-0,https://openalex.org/W4377028986,off-topic-false-hit,,openalex,llm,0.860,unreviewed,,doi:10.1007/s10664-023-10311-0
discarded,Moving towards objective measures of program comprehension,Sarah Fakhoury,2018,,10.1145/3236024.3275426,https://openalex.org/W2899084096,off-topic-false-hit,"Traditionally, program comprehension research relies heavily on indirect measures of comprehension, where subjects report on their own comprehension levels or summarize part of an artifact so that researchers can instead deduce the level of comprehension. However, there are several potential issues that can result from using these indirect measures because they are prone to participant biases and implicitly deduce comprehension based on various factors.",openalex,llm,0.920,unreviewed,,doi:10.1145/3236024.3275426
discarded,REST vs GraphQL: A Controlled Experiment,Gleison Brito; Marco Túlio Valente,2020,,10.1109/icsa47634.2020.00016,https://openalex.org/W3012399509,off-topic-false-hit,"GraphQL is a novel query language for implementing service-based software architectures. The language is gaining momentum and it is now used by major software companies, such as Facebook and GitHub. However, we still lack empirical evidence on the real gains achieved by GraphQL, particularly in terms of the effort required to implement queries in this language. Therefore, in this paper we describe a controlled experiment with 22 students (10 undergraduate and 12 graduate), who were asked to implement eight queries for accessing a web service, using GraphQL and REST. Our results show that GraphQL requires less effort to implement remote service queries when compared to REST (9 vs 6 minutes, median times). These gains increase when REST queries include more complex endpoints, with several parameters. Interestingly, GraphQL outperforms REST even among more experienced participants (as is the case of graduate students) and among participants with previous experience in REST, but no previous experience in GraphQL.",openalex,llm,0.980,unreviewed,,doi:10.1109/icsa47634.2020.00016
discarded,"Determinants of naming latencies, object comprehension times, and new norms for the Russian standardized set of the colorized version of the Snodgrass and Vanderwart pictures",Patrick Bonin; Diana Guillemard-Tsaparina; Alain Méot,2012,Behavior Research Methods,10.3758/s13428-012-0279-9,https://openalex.org/W2030419056,off-topic-false-hit,,openalex,llm,1.000,unreviewed,,doi:10.3758/s13428-012-0279-9
discarded,Visualising data science workflows to support third-party notebook comprehension: an empirical study,Dhivyabharathi Ramasamy; Cristina Sarasua; Alberto Bacchelli; Abraham Bernstein,2023,Empirical Software Engineering,10.1007/s10664-023-10289-9,https://openalex.org/W4360614990,off-topic-false-hit,"Abstract Data science is an exploratory and iterative process that often leads to complex and unstructured code. This code is usually poorly documented and, consequently, hard to understand by a third party. In this paper, we first collect empirical evidence for the non-linearity of data science code from real-world Jupyter notebooks, confirming the need for new approaches that aid in data science code interaction and comprehension. Second, we propose a visualisation method that elucidates implicit workflow information in data science code and assists data scientists in navigating the so-called garden of forking paths in non-linear code. The visualisation also provides information such as the rationale and the identification of the data science pipeline step based on cell annotations. We conducted a user experiment with data scientists to evaluate the proposed method, assessing the influence of (i) different workflow visualisations and (ii) cell annotations on code comprehension. Our results show that visualising the exploration helps the users obtain an overview of the notebook, significantly improving code comprehension. Furthermore, our qualitative analysis provides more insights into the difficulties faced during data science code comprehension.",openalex,llm,0.900,unreviewed,,doi:10.1007/s10664-023-10289-9
discarded,A Survey of Concepts Location Enhancement for Program Comprehension and Maintenance,Nouh Alhindawi; Jamal Alsakran; Ali Rodan; Hossam Faris,2014,Journal of Software Engineering and Applications,10.4236/jsea.2014.75038,https://openalex.org/W2035168045,off-topic-false-hit,"When correcting a fault, adding a new concept or feature, or adapting a system to conform to a new platform, software engineers must first find the relevant parts of the code that correspond to a particular change. This is termed as concept or feature location process. Several techniques have been introduced which automate some or all of the process of concept location. Those techniques rely heavily on code comprehension as it is considered a prerequisite when attempting to maintain any software system. It provides a comprehensive overview of large body work which is beneficial to researchers and practitioners. This paper presents an overview of code comprehension categorization and consequence. A systematic literature survey of concept location enhancement techniques is also presented. Moreover, the paper presents an overview of the role of concept location in program comprehension and maintenance and discusses information retrieval techniques to advance concept location.",openalex,llm,0.970,unreviewed,,doi:10.4236/jsea.2014.75038
discarded,Special issue on information retrieval for program comprehension,Letha H. Etzkorn; Tim Menzies,2008,Empirical Software Engineering,10.1007/s10664-008-9097-1,https://openalex.org/W2094589051,off-topic-false-hit,,openalex,llm,0.970,unreviewed,,doi:10.1007/s10664-008-9097-1
