status,title,authors,year,venue,doi,url,tags,abstract,provider,decision_source,llm_confidence,llm_review_outcome,llm_change_direction,paper_id
discarded,LINSEN: An efficient approach to split identifiers and expand abbreviations,Anna Corazza; Sergio Di Martino; Valerio Maggio,2012,2012 28th IEEE International Conference on Software Maintenance (ICSM),10.1109/ICSM.2012.6405277,https://ieeexplore.ieee.org/document/6405277/,adjacent-subtopic,"Information Retrieval (IR) techniques are being exploited by an increasing number of tools supporting Software Maintenance activities. Indeed the lexical information embedded in the source code can be valuable for tasks such as concept location, clustering or recovery of traceability links. The application of such IR-based techniques relies on the consistency of the lexicon available in the different artifacts, and their effectiveness can worsen if programmers introduce abbreviations (e.g: rect) and/or do not strictly follow naming conventions such as Camel Case (e.g: UTFtoASCII). In this paper we propose an approach to automatically split identifiers in their composing words, and expand abbreviations. The solution is based on a graph model and performs in linear time with respect to the size of the dictionary, taking advantage of an approximate string matching technique. The proposed technique exploits a number of different dictionaries, referring to increasingly broader contexts, in order to achieve a disambiguation strategy based on the knowledge gathered from the most appropriate domain. The approach has been compared to other splitting and expansion techniques, using freely available oracles for the identifiers extracted from 24 C/C++ and Java open source systems. Results show an improvement in both splitting and expanding performance, in addition to a strong enhancement in the computational efficiency.",ieee,llm,0.960,unreviewed,,doi:10.1109/icsm.2012.6405277
discarded,TRIS: A Fast and Accurate Identifiers Splitting and Expansion Algorithm,Latifa Guerrouj; Philippe Galinier; Yann-Gaël Guéhéneuc; Giuliano Antoniol; Massimiliano Di Penta,2012,2012 19th Working Conference on Reverse Engineering,10.1109/WCRE.2012.20,https://ieeexplore.ieee.org/document/6385106/,adjacent-subtopic,"Understanding source code identifiers, by identifying words composing them, is a necessary step for many program comprehension, reverse engineering, or redocumentation tasks. To this aim, researchers have proposed several identifier splitting and expansion approaches such as Samurai, TIDIER and more recently GenTest. The ultimate goal of such approaches is to help disambiguating conceptual information encoded in compound (or abbreviated) identifiers. This paper presents TRIS, TRee-based Identifier Splitter, a two-phases approach to split and expand program identifiers. First, TRIS pre-compiles transformed dictionary words into a tree representation, associating a cost to each transformation. In a second phase, it maps the identifier splitting/expansion problem into a minimization problem, i.e., the search of the shortest path (optimal split/expansion) in a weighted graph. We apply TRIS to a sample of 974 identifiers extracted from JHotDraw, 3,085 from Lynx, and to a sample of 489 identifiers extracted from 340 C programs. Also, we compare TRIS with GenTest on a set of 2,663 mixed Java, C and C++ identifiers. We report evidence that TRIS split (and expansion) is more accurate than state-of-the-art approaches and that it is also efficient in terms of computation time.",ieee,llm,0.960,unreviewed,,doi:10.1109/wcre.2012.20
discarded,A Lightweight Approach to Uncover Technical Artifacts in Unstructured Data,Nicolas Bettenburg; Bram Adams; Ahmed E. Hassan; Michel Smidt,2011,2011 IEEE 19th International Conference on Program Comprehension,10.1109/ICPC.2011.36,https://ieeexplore.ieee.org/document/5970153/,adjacent-subtopic,"Developer communication through email, chat, or issue report comments consists mostly of largely unstructured data, i.e., natural language text, mixed with technical artifacts such as project-specific jargon, abbreviations, source code patches, stack traces and identifiers. These technical artifacts represent a valuable source of knowledge on the technical part of the system, with a wide range of applications from establishing traceability links to creating project-specific vocabularies. However, the lack of well-defined boundaries between natural language and technical content make the automated mining of technical artifacts challenging. As a first step towards a general-purpose technique to extracting technical artifacts from unstructured data, we present a lightweight approach to untangle technical artifacts and natural language text. Our approach is based on existing spell checking tools, which are well-understood, fast, readily available across platforms and impartial to different kinds of textual data. Through a handcrafted benchmark, we demonstrate that our approach is able to successfully uncover a wide range of technical artifacts in unstructured data.",ieee,llm,0.930,unreviewed,,doi:10.1109/icpc.2011.36
discarded,PANDA - Discovering Part Name in Noisy Text Data,Anne Kao; Nobal B Niraula; Daniel Whyatt,2018,2018 IEEE International Conference on Prognostics and Health Management (ICPHM),10.1109/ICPHM.2018.8448708,https://ieeexplore.ieee.org/document/8448708/,off-topic-false-hit,"Part identification plays a key role in vehicle prognostics and health management. Part identifiers are often expressed as nomenclature and buried in noisy free text data found in maintenance reports, supply chain management records, service and support communication logs, and manufacturing quality data. There is little consistency in how part names are actually described in noisy free text, with variations spawned by typos, ad hoc abbreviations, acronyms, and incomplete names. This makes search and analysis of parts involved in this data extremely challenging. In this paper, we will discuss our method and tool PANDA (PArt Name Discovery Analytics), based on a unique method that exploits statistical, linguistic and machine learning techniques in a unique way to discover part names in noisy free text. The algorithm is very scalable and efficient, and provides actionable results for analysis of vehicle health management.",ieee,llm,1.000,unreviewed,,doi:10.1109/icphm.2018.8448708
discarded,Dealing with Abbreviations in the Slovenian Biographical Lexicon,Angel Daza; Antske Fokkens; Tomaž Erjavec,2022,cs.CL,10.48550/arXiv.2211.02429,http://arxiv.org/abs/2211.02429v1,off-topic-false-hit,"Abbreviations present a significant challenge for NLP systems because they cause tokenization and out-of-vocabulary errors. They can also make the text less readable, especially in reference printed books, where they are extensively used. Abbreviations are especially problematic in low-resource settings, where systems are less robust to begin with. In this paper, we propose a new method for addressing the problems caused by a high density of domain-specific abbreviations in a text. We apply this method to the case of a Slovenian biographical lexicon and evaluate it on a newly developed gold-standard dataset of 51 Slovenian biographies. Our abbreviation identification method performs significantly better than commonly used ad-hoc solutions, especially at identifying unseen abbreviations. We also propose and present the results of a method for expanding the identified abbreviations in context.",arxiv,llm,1.000,unreviewed,,doi:10.48550/arxiv.2211.02429
discarded,Evaluating and Improving ChatGPT-Based Expansion of Abbreviations,Yanjie Jiang; Hui Liu; Lu Zhang,2024,cs.SE,10.48550/arXiv.2410.23866,http://arxiv.org/abs/2410.23866v1,adjacent-subtopic,"Source code identifiers often contain abbreviations. Such abbreviations may reduce the readability of the source code, which in turn hinders the maintenance of the software applications. To this end, accurate and automated approaches to expanding abbreviations in source code are desirable and abbreviation expansion has been intensively investigated. However, to the best of our knowledge, most existing approaches are heuristics, and none of them has even employed deep learning techniques, let alone the most advanced large language models (LLMs). LLMs have demonstrated cutting-edge performance in various software engineering tasks, and thus it has the potential to expand abbreviation automatically. To this end, in this paper, we present the first empirical study on LLM-based abbreviation expansion. Our evaluation results on a public benchmark suggest that ChatGPT is substantially less accurate than the state-of-the-art approach, reducing precision and recall by 28.2\% and 27.8\%, respectively. We manually analyzed the failed cases, and discovered the root causes for the failures: 1) Lack of contexts and 2) Inability to recognize abbreviations. In response to the first cause, we investigated the effect of various contexts and found surrounding source code is the best selection. In response to the second cause, we designed an iterative approach that identifies and explicitly marks missed abbreviations in prompts. Finally, we proposed a post-condition checking to exclude incorrect expansions that violate commonsense. All such measures together make ChatGPT-based abbreviation expansion comparable to the state of the art while avoiding expensive source code parsing and deep analysis that are indispensable for state-of-the-art approaches.",arxiv,llm,0.950,unreviewed,,doi:10.48550/arxiv.2410.23866
discarded,Atypical lexical abbreviations identification in Russian medical texts,Anna Berdichevskaia,2022,cs.CL,10.48550/arXiv.2206.01987,http://arxiv.org/abs/2206.01987v1,off-topic-false-hit,"Abbreviation is a method of word formation that aims to construct the shortened term from the first letters of the initial phrase. Implicit abbreviations frequently cause the comprehension difficulties for unprepared readers. In this paper, we propose an efficient ML-based algorithm which allows to identify the abbreviations in Russian texts. The method achieves ROC AUC score 0.926 and F1 score 0.706 which are confirmed as competitive in comparison with the baselines. Along with the pipeline, we also establish first to our knowledge Russian dataset that is relevant for the desired task.",arxiv,llm,1.000,unreviewed,,doi:10.48550/arxiv.2206.01987
discarded,Adaptive Just-in-time Value Class Optimization for Lowering Memory Consumption and Improving Execution Time Performance,Tobias Pape; Carl Friedrich Bolz; Robert Hirschfeld,2016,cs.PL,10.1016/j.scico.2016.08.003,http://arxiv.org/abs/1606.06726v1,off-topic-false-hit,"The performance of value classes is highly dependent on how they are represented in the virtual machine. Value class instances are immutable, have no identity, and can only refer to other value objects or primitive values and since they should be very lightweight and fast, it is important to optimize them carefully. In this paper we present a technique to detect and compress common patterns of value class usage to improve memory usage and performance. The technique identifies patterns of frequent value object references and introduces abbreviated forms for them. This allows to store multiple inter-referenced value objects in an inlined memory representation, reducing the overhead stemming from meta-data and object references. Applied to a small prototype and an implementation of the Racket language, we found improvements in memory usage and execution time for several micro-benchmarks.",arxiv,llm,0.990,unreviewed,,doi:10.1016/j.scico.2016.08.003
discarded,Automated Python Translation,Joshua Otten; Antonios Anastasopoulos; Kevin Moran,2025,cs.CL,10.48550/arXiv.2504.11290,http://arxiv.org/abs/2504.11290v2,off-topic-false-hit,"Python is one of the most commonly used programming languages in industry and education. Its English keywords and built-in functions/modules allow it to come close to pseudo-code in terms of its readability and ease of writing. However, those who do not speak English may not experience these advantages. In fact, they may even be hindered in their ability to understand Python code, as the English nature of its terms creates an additional layer of overhead. To that end, we introduce the task of automatically translating Python's natural modality (keywords, error types, identifiers, etc.) into other human languages. This presents a unique challenge, considering the abbreviated nature of these forms, as well as potential untranslatability of advanced mathematical/programming concepts across languages. We therefore create an automated pipeline to translate Python into other human languages, comparing strategies using machine translation and large language models. We then use this pipeline to acquire translations from five common Python libraries (pytorch, pandas, tensorflow, numpy, and random) in seven languages, and do a quality test on a subset of these terms in French, Greek, and Bengali. We hope this will provide a clearer path forward towards creating a universal Python, accessible to anyone regardless of nationality or language background.",arxiv,llm,0.880,unreviewed,,doi:10.48550/arxiv.2504.11290
discarded,User-Oriented Smart General AI System under Causal Inference,Huimin Peng,2021,cs.LG,10.48550/arXiv.2103.14561,http://arxiv.org/abs/2103.14561v2,off-topic-false-hit,"General AI system solves a wide range of tasks with high performance in an automated fashion. The best general AI algorithm designed by one individual is different from that devised by another. The best performance records achieved by different users are also different. An inevitable component of general AI is tacit knowledge that depends upon user-specific comprehension of task information and individual model design preferences that are related to user technical experiences. Tacit knowledge affects model performance but cannot be automatically optimized in general AI algorithms. In this paper, we propose User-Oriented Smart General AI System under Causal Inference, abbreviated as UOGASuCI, where UOGAS represents User-Oriented General AI System and uCI means under the framework of causal inference. User characteristics that have a significant influence upon tacit knowledge can be extracted from observed model training experiences of many users in external memory modules. Under the framework of causal inference, we manage to identify the optimal value of user characteristics that are connected with the best model performance designed by users. We make suggestions to users about how different user characteristics can improve the best model performance achieved by users. By recommending updating user characteristics associated with individualized tacit knowledge comprehension and technical preferences, UOGAS helps users design models with better performance.",arxiv,llm,1.000,unreviewed,,doi:10.48550/arxiv.2103.14561
discarded,A hybrid deep-learning approach for complex biochemical named entity recognition,Jian Liu; Lei Gao; Sujie Guo; Rui Ding; Xin Huang; Long Ye; Qinghua Meng; Asef Nazari; Dhananjay Thiruvady,2020,cs.CL,10.48550/arXiv.2012.10824,http://arxiv.org/abs/2012.10824v1,off-topic-false-hit,"Named entity recognition (NER) of chemicals and drugs is a critical domain of information extraction in biochemical research. NER provides support for text mining in biochemical reactions, including entity relation extraction, attribute extraction, and metabolic response relationship extraction. However, the existence of complex naming characteristics in the biomedical field, such as polysemy and special characters, make the NER task very challenging. Here, we propose a hybrid deep learning approach to improve the recognition accuracy of NER. Specifically, our approach applies the Bidirectional Encoder Representations from Transformers (BERT) model to extract the underlying features of the text, learns a representation of the context of the text through Bi-directional Long Short-Term Memory (BILSTM), and incorporates the multi-head attention (MHATT) mechanism to extract chapter-level features. In this approach, the MHATT mechanism aims to improve the recognition accuracy of abbreviations to efficiently deal with the problem of inconsistency in full-text labels. Moreover, conditional random field (CRF) is used to label sequence tags because this probabilistic method does not need strict independence assumptions and can accommodate arbitrary context information. The experimental evaluation on a publicly-available dataset shows that the proposed hybrid approach achieves the best recognition performance; in particular, it substantially improves performance in recognizing abbreviations, polysemes, and low-frequency entities, compared with the state-of-the-art approaches. For instance, compared with the recognition accuracies for low-frequency entities produced by the BILSTM-CRF algorithm, those produced by the hybrid approach on two entity datasets (MULTIPLE and IDENTIFIER) have been increased by 80% and 21.69%, respectively.",arxiv,llm,1.000,unreviewed,,doi:10.48550/arxiv.2012.10824
discarded,NameGuess: Column Name Expansion for Tabular Data,Jiani Zhang; Zhengyuan Shen; Balasubramaniam Srinivasan; Shen Wang; Huzefa Rangwala; George Karypis,2023,cs.CL,10.48550/arXiv.2310.13196,http://arxiv.org/abs/2310.13196v1,off-topic-false-hit,"Recent advances in large language models have revolutionized many sectors, including the database industry. One common challenge when dealing with large volumes of tabular data is the pervasive use of abbreviated column names, which can negatively impact performance on various data search, access, and understanding tasks. To address this issue, we introduce a new task, called NameGuess, to expand column names (used in database schema) as a natural language generation problem. We create a training dataset of 384K abbreviated-expanded column pairs using a new data fabrication method and a human-annotated evaluation benchmark that includes 9.2K examples from real-world tables. To tackle the complexities associated with polysemy and ambiguity in NameGuess, we enhance auto-regressive language models by conditioning on table content and column header names -- yielding a fine-tuned model (with 2.7B parameters) that matches human performance. Furthermore, we conduct a comprehensive analysis (on multiple LLMs) to validate the effectiveness of table content in NameGuess and identify promising future opportunities. Code has been made available at https://github.com/amazon-science/nameguess.",arxiv,llm,1.000,unreviewed,,doi:10.48550/arxiv.2310.13196
discarded,Explicit form of relaxation tensor for isotropic extended Burgers model and its spectral inversion,Youjun Deng; Ching-Lung Lin; Gen Nakamura,2026,math.AP,10.48550/arXiv.2602.10636,http://arxiv.org/abs/2602.10636v1,off-topic-false-hit,"Concerning the anelastic nature of Earth, the quasi-static extended Burgers model (abbreviated by q-EBM), an integro-differential system, is used to study the free oscillation of Earth (abbreviated by FOE). In this paper, we first provide a general method to obtain an explicit form of the relaxation tensor for inhomogeneous isotropic q-EBM. Then, we apply it to compute the eigenvalues of the free oscillation of Earth, assuming that Earth is a unit ball modeled as a homogeneous and isotropic q-EBM. So far, an analytical and systematic way to compute the eigenvalues of the FOE has been missing when modeling Earth as a q-EBM. In particular, we compute some clusters of eigenvalues (abbreviated by C-ev's). To be more precise, integrating by parts with respect to time of the q-EBM under the assumption that the initial strain is zero, the q-EBM becomes the sum of two terms. The first term, called the instantaneous term, doesn't have any integration with respect to time, but the second term, called the memory term, has such an integration. Then, consider the eigenvalues of the instantaneous part of the q-EBM. The eigenfunctions of C-ev's share the same eigenfunctions of the instantaneous part. However, the C-ev's may be shifted from the eigenvalues of the instantaneous part. Further, we analyze the structure of C-ev's and provide an inversion formula identifying the q-EBM from the C-ev's.",arxiv,llm,1.000,unreviewed,,doi:10.48550/arxiv.2602.10636
discarded,Exploiting Structural Consistency of Chest Anatomy for Unsupervised Anomaly Detection in Radiography Images,Tiange Xiang; Yixiao Zhang; Yongyi Lu; Alan Yuille; Chaoyi Zhang; Weidong Cai; Zongwei Zhou,2024,eess.IV,10.48550/arXiv.2403.08689,http://arxiv.org/abs/2403.08689v1,off-topic-false-hit,"Radiography imaging protocols focus on particular body regions, therefore producing images of great similarity and yielding recurrent anatomical structures across patients. Exploiting this structured information could potentially ease the detection of anomalies from radiography images. To this end, we propose a Simple Space-Aware Memory Matrix for In-painting and Detecting anomalies from radiography images (abbreviated as SimSID). We formulate anomaly detection as an image reconstruction task, consisting of a space-aware memory matrix and an in-painting block in the feature space. During the training, SimSID can taxonomize the ingrained anatomical structures into recurrent visual patterns, and in the inference, it can identify anomalies (unseen/modified visual patterns) from the test image. Our SimSID surpasses the state of the arts in unsupervised anomaly detection by +8.0%, +5.0%, and +9.9% AUC scores on ZhangLab, COVIDx, and CheXpert benchmark datasets, respectively. Code: https://github.com/MrGiovanni/SimSID",arxiv,llm,1.000,unreviewed,,doi:10.48550/arxiv.2403.08689
