status,title,authors,year,venue,doi,url,tags,abstract,provider,decision_source,llm_confidence,llm_review_outcome,llm_change_direction,paper_id
discarded,A Machine Learning Approach to Optimal Inverse Discrete Cosine Transform (IDCT) Design,Yifan Wang; Zhanxuan Mei; Chia-Yang Tsai; Ioannis Katsavounidis; C. -C. Jay Kuo,2021,cs.MM,10.48550/arXiv.2102.00502,http://arxiv.org/abs/2102.00502v1,off-topic-false-hit,"The design of the optimal inverse discrete cosine transform (IDCT) to compensate the quantization error is proposed for effective lossy image compression in this work. The forward and inverse DCTs are designed in pair in current image/video coding standards without taking the quantization effect into account. Yet, the distribution of quantized DCT coefficients deviate from that of original DCT coefficients. This is particularly obvious when the quality factor of JPEG compressed images is small. To address this problem, we first use a set of training images to learn the compound effect of forward DCT, quantization and dequantization in cascade. Then, a new IDCT kernel is learned to reverse the effect of such a pipeline. Experiments are conducted to demonstrate that the advantage of the new method, which has a gain of 0.11-0.30dB over the standard JPEG over a wide range of quality factors.",arxiv,llm,1.000,unreviewed,,doi:10.48550/arxiv.2102.00502
discarded,Text2Node: a Cross-Domain System for Mapping Arbitrary Phrases to a Taxonomy,Rohollah Soltani; Alexandre Tomberg,2019,cs.CL,10.48550/arXiv.1905.01958,http://arxiv.org/abs/1905.01958v1,off-topic-false-hit,"Electronic health record (EHR) systems are used extensively throughout the healthcare domain. However, data interchangeability between EHR systems is limited due to the use of different coding standards across systems. Existing methods of mapping coding standards based on manual human experts mapping, dictionary mapping, symbolic NLP and classification are unscalable and cannot accommodate large scale EHR datasets.
  In this work, we present Text2Node, a cross-domain mapping system capable of mapping medical phrases to concepts in a large taxonomy (such as SNOMED CT). The system is designed to generalize from a limited set of training samples and map phrases to elements of the taxonomy that are not covered by training data. As a result, our system is scalable, robust to wording variants between coding systems and can output highly relevant concepts when no exact concept exists in the target taxonomy. Text2Node operates in three main stages: first, the lexicon is mapped to word embeddings; second, the taxonomy is vectorized using node embeddings; and finally, the mapping function is trained to connect the two embedding spaces. We compared multiple algorithms and architectures for each stage of the training, including GloVe and FastText word embeddings, CNN and Bi-LSTM mapping functions, and node2vec for node embeddings. We confirmed the robustness and generalisation properties of Text2Node by mapping ICD-9-CM Diagnosis phrases to SNOMED CT and by zero-shot training at comparable accuracy.
  This system is a novel methodological contribution to the task of normalizing and linking phrases to a taxonomy, advancing data interchangeability in healthcare. When applied, the system can use electronic health records to generate an embedding that incorporates taxonomical medical knowledge to improve clinical predictive models.",arxiv,llm,0.990,unreviewed,,doi:10.48550/arxiv.1905.01958
discarded,Comparing Human and LLM Generated Code: The Jury is Still Out!,Sherlock A. Licorish; Ansh Bajpai; Chetan Arora; Fanyu Wang; Kla Tantithamthavorn,2025,cs.SE,10.48550/arXiv.2501.16857,http://arxiv.org/abs/2501.16857v1,adjacent-subtopic,"Much is promised in relation to AI-supported software development. However, there has been limited evaluation effort in the research domain aimed at validating the true utility of such techniques, especially when compared to human coding outputs. We bridge this gap, where a benchmark dataset comprising 72 distinct software engineering tasks is used to compare the effectiveness of large language models (LLMs) and human programmers in producing Python software code. GPT-4 is used as a representative LLM, where for the code generated by humans and this LLM, we evaluate code quality and adherence to Python coding standards, code security and vulnerabilities, code complexity and functional correctness. We use various static analysis benchmarks, including Pylint, Radon, Bandit and test cases. Among the notable outcomes, results show that human-generated code recorded higher ratings for adhering to coding standards than GPT-4. We observe security flaws in code generated by both humans and GPT-4, however, code generated by humans shows a greater variety of problems, but GPT-4 code included more severe outliers. Our results show that although GPT-4 is capable of producing coding solutions, it frequently produces more complex code that may need more reworking to ensure maintainability. On the contrary however, our outcomes show that a higher number of test cases passed for code generated by GPT-4 across a range of tasks than code that was generated by humans. That said, GPT-4 frequently struggles with complex problem-solving that involve in-depth domain knowledge. This study highlights the potential utility of LLMs for supporting software development, however, tasks requiring comprehensive, innovative or unconventional solutions, and careful debugging and error correction seem to be better developed by human programmers. We plot an agenda for the software engineering community.",arxiv,llm,0.880,unreviewed,,doi:10.48550/arxiv.2501.16857
discarded,From Patches to Trajectories: Privileged Process Supervision for Software-Engineering Agents,Murong Ma; Tianyu Chen; Yun Lin; Shuai Lu; Qinglin Zhu; Yeyun Gong; Zhiyong Huang; Peng Cheng; Yan Lu; Jin Song Dong,2026,cs.SE,10.48550/arXiv.2605.21996,http://arxiv.org/abs/2605.21996v1,adjacent-subtopic,"Supervised fine-tuning (SFT) on long teacher trajectories is the dominant way to instill investigation and reasoning in open software-engineering (SWE) agents. Since every retained response becomes an imitation target, the student inherits the final outcome and intermediate flaws, including ungrounded leaps and redundant loops. High-quality training data must be effective(each step is grounded and narrows the agent's epistemic gap to the correct fix) and efficient(each step is information-bearing rather than redundant or looping). Existing recipes filter or relabel teacher rollouts using only a binary terminal verifier, which does not directly target these axes and provides no supervision on instances where the teacher fails.
  Most real issue includes a developer-authored reference patch, $p^\star$, revealing the file paths, runtime behaviors, and coding conventions presupposed by the correct fix, yet standard pipelines discard it. We propose Patches-to-Trajectories (P2T), which uses $p^\star$ as privileged information during curation and formulates trajectory construction as bi-objective optimization over per-step effectiveness and trajectory length. A reverse phase distills $p^\star$ into a latent process graph, $G^\star$, of contextual facts and solution milestones. A forward phase curates trajectories from blinded teacher continuations by scoring per-step progress against $G^\star$ under a leakage-blocking groundedness check and retaining the shortest effective segments.
  Using only 1.8k curated SWE-Gym instances, P2T improves effectiveness and efficiency over outcome-filtered SFT and its tool-error-masking variant. On SWE-bench Verified, it raises Pass@1 by up to 10.8 points while reducing per-instance inference cost by ~15%, with consistent gains on SWE-bench Lite. Size-matched ablations and qualitative analysis further isolate trajectory quality from data scale.",arxiv,llm,0.900,unreviewed,,doi:10.48550/arxiv.2605.21996
discarded,Compressed Video Quality Enhancement: Classifying and Benchmarking over Standards,Xiem HoangVan; Dang BuiDinh; Sang NguyenQuang; Wen-Hsiao Peng,2025,cs.CV,10.48550/arXiv.2509.10407,http://arxiv.org/abs/2509.10407v2,off-topic-false-hit,"Compressed video quality enhancement (CVQE) is crucial for improving user experience with lossy video codecs like H.264/AVC, H.265/HEVC, and H.266/VVC. While deep learning based CVQE has driven significant progress, existing surveys still suffer from limitations: lack of systematic classification linking methods to specific standards and artifacts, insufficient comparative analysis of architectural paradigms across coding types, and underdeveloped benchmarking practices. To address these gaps, this paper presents three key contributions. First, it introduces a novel taxonomy classifying CVQE methods across architectural paradigms, coding standards, and compressed-domain feature utilization. Second, it proposes a unified benchmarking framework integrating modern compression protocols and standard test sequences for fair multi-criteria evaluation. Third, it provides a systematic analysis of the critical trade-offs between reconstruction performance and computational complexity observed in state-of-the-art methods and highlighting promising directions for future research. This comprehensive review aims to establish a foundation for consistent assessment and informed model selection in CVQE research and deployment.",arxiv,llm,1.000,unreviewed,,doi:10.48550/arxiv.2509.10407
discarded,In-Loop Filtering Using Learned Look-Up Tables for Video Coding,Zhuoyuan Li; Jiacheng Li; Yao Li; Jialin Li; Li Li; Dong Liu; Feng Wu,2025,eess.IV,10.48550/arXiv.2509.09494,http://arxiv.org/abs/2509.09494v1,off-topic-false-hit,"In-loop filtering (ILF) is a key technology in video coding standards to reduce artifacts and enhance visual quality. Recently, neural network-based ILF schemes have achieved remarkable coding gains, emerging as a powerful candidate for next-generation video coding standards. However, the use of deep neural networks (DNN) brings significant computational and time complexity or high demands for dedicated hardware, making it challenging for general use. To address this limitation, we study a practical ILF solution by adopting look-up tables (LUTs). After training a DNN with a restricted reference range for ILF, all possible inputs are traversed, and the output values of the DNN are cached into LUTs. During the coding process, the filtering process is performed by simply retrieving the filtered pixel through locating the input pixels and interpolating between the cached values, instead of relying on heavy inference computations. In this paper, we propose a universal LUT-based ILF framework, termed LUT-ILF++. First, we introduce the cooperation of multiple kinds of filtering LUTs and propose a series of customized indexing mechanisms to enable better filtering reference perception with limited storage consumption. Second, we propose the cross-component indexing mechanism to enable the filtering of different color components jointly. Third, in order to make our solution practical for coding uses, we propose the LUT compaction scheme to enable the LUT pruning, achieving a lower storage cost of the entire solution. The proposed framework is implemented in the VVC reference software. Experimental results show that the proposed framework achieves on average 0.82%/2.97%/1.63% and 0.85%/4.11%/2.06% bitrate reduction for common test sequences, under the AI and RA configurations, respectively. Compared to DNN-based solutions, our proposed solution has much lower time complexity and storage cost.",arxiv,llm,1.000,unreviewed,,doi:10.48550/arxiv.2509.09494
discarded,A Trustworthy Translation Method for Synchronous Data Flow Language that eliminates Implicit Type Conversions,"Hua, Yuetong; Jia, Zhangtao; Li, Fuchuan; Zhang, Xiaoxiao",2024,"2024 4TH INTERNATIONAL CONFERENCE ON DIGITAL SOCIETY AND INTELLIGENT SYSTEMS, DSINS",10.1109/DSINS64146.2024.10992107,https://www.webofscience.com/wos/woscc/full-record/WOS:001508458900088,adjacent-subtopic,"This paper addresses the security vulnerabilities present in current translation tools for synchronous data flow languages and proposes a trustworthy translation method designed to eliminate implicit type conversions. First, the paper identifies and analyzes limitations in existing tools, particularly regarding secure coding standards. An enhanced translation algorithm is then developed using the Coq theorem prover, which modifies the Ctemp abstract syntax tree to eliminate implicit type conversions in the generated code. Subsequently, formal verification is applied to the translation functions to establish the correctness of the translation process. Finally, the implementation of a trusted translation tool for synchronous data flow languages is completed and tested rigorously. Experimental results demonstrate that this approach effectively eliminates implicit types in the generated code, significantly improving code security. This work integrates secure coding standards with synchronous data flow language translation, offering new approaches and methodologies for trusted compilation in the synchronous data flow language domain.",wos,llm,0.890,unreviewed,,doi:10.1109/dsins64146.2024.10992107
discarded,NEURAL RADIANCE FIELD-ASSISTED STATIC-SCENE VIDEO CODING,"Yang, Runyu; Liu, Dong; Wu, Feng; Gao, Wen",2024,"2024 IEEE INTERNATIONAL CONFERENCE ON IMAGE PROCESSING, ICIP",10.1109/ICIP51287.2024.10647411,https://www.webofscience.com/wos/woscc/full-record/WOS:001442947000266,off-topic-false-hit,"We investigate how to compress static-scene videos efficiently, where each video captures a static scene from different viewpoints. These videos are an essential component of virtual and augmented reality. Current video coding standards like H.265/HEVC have limited compression efficiency due to the limited number of reference frames available, which prevents the full utilization of the abundant temporal redundancy in static-scene videos. To address this limitation, we propose a compression scheme that uses Neural Radiance Fields (NeRF). In our proposed scheme, the encoder derives and encodes the camera parameters, and compresses selected keyframes. The decoder uses an efficient NeRF algorithm to construct an implicit scene model for reconstructing all frames. The experimental results show that our proposed scheme achieves both objective and subjective quality improvement compared to H.265/HEVC, especially at low bit rates.",wos,llm,1.000,unreviewed,,doi:10.1109/icip51287.2024.10647411
discarded,In-Loop Filtering via Trained Look-Up Tables,"Li, Zhuoyuan; Li, Jiacheng; Li, Yao; Li, Li; Liu, Dong; Wu, Feng",2024,"2024 IEEE INTERNATIONAL CONFERENCE ON VISUAL COMMUNICATIONS AND IMAGE PROCESSING, VCIP",10.1109/VCIP63160.2024.10849824,https://www.webofscience.com/wos/woscc/full-record/WOS:001431710700023,off-topic-false-hit,"In-loop filtering (ILF) is a key technology in image/video coding for reducing the artifacts. Recently, neural network-based in-loop filtering methods achieve remarkable coding gains beyond the capability of advanced video coding standards, establishing themselves a promising candidate tool for future standards. However, the utilization of deep neural networks (DNN) brings high computational complexity and raises high demand of dedicated hardware, which is challenging to apply into general use. To address this limitation, we study an efficient in-loop filtering scheme by adopting look-up tables (LUTs). After training a DNN with a predefined reference range for in-loop filtering, we cache the output values of the DNN into a LUT via traversing all possible inputs. In the coding process, the filtered pixel is generated by locating the input pixels (to-be-filtered pixel and reference pixels) and interpolating between the cached values. To further enable larger reference range within the limited LUT storage, we introduce an enhanced indexing mechanism in the filtering process, and a clipping/finetuning mechanism in the training. The proposed method is implemented into the Versatile Video Coding (VVC) reference software, VTM-11.0. Experimental results show that the proposed method, with three different configurations, achieves on average 0.13%similar to 0.51%, and 0.10%similar to 0.39% BD-rate reduction under the all-intra (AI) and random-access (RA) configurations respectively. The proposed method incurs only 1%similar to 8% time increase, an additional computation of 0.13 similar to 0.93 kMAC/pixel, and 164 similar to 1148 KB storage cost for a single model. Our method has explored a new and more practical approach for neural network-based ILF.",wos,llm,1.000,unreviewed,,doi:10.1109/vcip63160.2024.10849824
discarded,PFT-ILF: In-loop Filter with Partition Feature Transform for Versatile Video Coding,"Cui, Xin-Yi; Liu, Zhikai; Zhou, Zhidao; Chen, Li; Liang, Fan",2024,"2024 IEEE INTERNATIONAL CONFERENCE ON VISUAL COMMUNICATIONS AND IMAGE PROCESSING, VCIP",10.1109/VCIP63160.2024.10849854,https://www.webofscience.com/wos/woscc/full-record/WOS:001431710700053,off-topic-false-hit,"The new generation of video coding standards, Versatile Video Coding (VVC), integrates a range of loop filter mechanisms, notably the De-Blocking Filter (DBF), Sample Adaptive Offset (SAO), and Adaptive Loop Filter (ALF). However, these traditional tools are handcrafted empirically and have limitations. Thus many CNN-based loop filters have been proposed to achieve better image quality. In this paper, we propose a novel network based on Coding Unit (CU) partition feature transformation, called PFT-ILF. Considering that the CU partition map contains image distortion information, our approach innovatively utilizes the CU partition map as prior information to guide filtering. And we design a Partition Feature Transform (PFT) layer, which uses partition features to generate modulation parameters pair for adjusting the features of several intermediate layers in the network. We integrate our proposed filter into the NNVC standard software VTM11.0_NNVC-4.0 and conduct ablation experiments. Under the all intra configuration, our method achieves Bjontegaard-Delta Bit-Rate (BD-BR) reductions of 7.52%, 17.36%, and 18.65% for Y, U, and V components, respectively.",wos,llm,1.000,unreviewed,,doi:10.1109/vcip63160.2024.10849854
discarded,Multi-Type Self-Attention-Based Convolutional-Neural-Network Post-Filtering for AV1 Codec,"Gwun, Woowoen; Choi, Kiho; Park, Gwang Hoon",2024,MATHEMATICS,10.3390/math12182874,https://www.webofscience.com/wos/woscc/full-record/WOS:001322937400001,off-topic-false-hit,"Over the past few years, there has been substantial interest and research activity surrounding the application of Convolutional Neural Networks (CNNs) for post-filtering in video coding. Most current research efforts have focused on using CNNs with various kernel sizes for post-filtering, primarily concentrating on High-Efficiency Video Coding/H.265 (HEVC) and Versatile Video Coding/H.266 (VVC). This narrow focus has limited the exploration and application of these techniques to other video coding standards such as AV1, developed by the Alliance for Open Media, which offers excellent compression efficiency, reducing bandwidth usage and improving video quality, making it highly attractive for modern streaming and media applications. This paper introduces a novel approach that extends beyond traditional CNN methods by integrating three different self-attention layers into the CNN framework. Applied to the AV1 codec, the proposed method significantly improves video quality by incorporating these distinct self-attention layers. This enhancement demonstrates the potential of self-attention mechanisms to revolutionize post-filtering techniques in video coding beyond the limitations of convolution-based methods. The experimental results show that the proposed network achieves an average BD-rate reduction of 10.40% for the Luma component and 19.22% and 16.52% for the Chroma components compared to the AV1 anchor. Visual quality assessments further validated the effectiveness of our approach, showcasing substantial artifact reduction and detail enhancement in videos.",wos,llm,1.000,unreviewed,,doi:10.3390/math12182874
