status,title,authors,year,venue,doi,url,tags,abstract,provider,decision_source,llm_confidence,llm_review_outcome,llm_change_direction,paper_id
discarded,Compressed Video Quality Enhancement: Classifying and Benchmarking over Standards,Hoangvan X.,2025,International Conference on Advanced Technologies for Communications,10.1109/ATC67618.2025.11268589,https://www.scopus.com/inward/record.uri?partnerID=HzOxMe3b&scp=105030652325&origin=inward,off-topic-false-hit,,scopus,llm,0.990,unreviewed,,doi:10.1109/atc67618.2025.11268589
discarded,FUSE74 : Unified Fault Code of Heterogeneous Equipment for LLM-Based Health Management,Peng S.,2025,IECON Proceedings Industrial Electronics Conference,10.1109/IECON58223.2025.11221517,https://www.scopus.com/inward/record.uri?partnerID=HzOxMe3b&scp=105024665868&origin=inward,off-topic-false-hit,,scopus,llm,0.990,unreviewed,,doi:10.1109/iecon58223.2025.11221517
discarded,Fast VVC Affine Motion Estimation Using a Hardware-Friendly Machine Learning Method,Viana R.,2025,Proceedings 2025 38th Sbc Sbmicro IEEE Symposium on Integrated Circuits and Systems Design Sbcci 2025,10.1109/SBCCI66862.2025.11218687,https://www.scopus.com/inward/record.uri?partnerID=HzOxMe3b&scp=105023827357&origin=inward,off-topic-false-hit,,scopus,llm,0.990,unreviewed,,doi:10.1109/sbcci66862.2025.11218687
discarded,Collaborative Human-machine Perception for Cross-modal Image Compression,Tang Z.,2025,2025 IEEE International Symposium on Machine Learning and Media Computing Mlmc 2025 Proceedings,10.1109/MLMC65154.2025.11189315,https://www.scopus.com/inward/record.uri?partnerID=HzOxMe3b&scp=105022052922&origin=inward,off-topic-false-hit,,scopus,llm,0.990,unreviewed,,doi:10.1109/mlmc65154.2025.11189315
discarded,Collaborative Decoder-side Motion Vector Refinement for Video Coding,Li J.,2025,Proceedings IEEE International Symposium on Circuits and Systems,10.1109/ISCAS56072.2025.11043848,https://www.scopus.com/inward/record.uri?partnerID=HzOxMe3b&scp=105010635289&origin=inward,off-topic-false-hit,,scopus,llm,0.990,unreviewed,,doi:10.1109/iscas56072.2025.11043848
discarded,Program comprehension as fact finding,Thomas D. LaToza; David Garlan; James D. Herbsleb; Brad A. Myers,2007,,10.1145/1287624.1287675,https://openalex.org/W1990863537,off-topic-false-hit,"Little is known about how developers think about design during code modification tasks or how experienced developers' design knowledge helps them work more effectively. We performed a lab study in which thirteen developers worked for 3 hours under-standing the design of a 54 KLOC open source application. Par-ticipants had from 0 to 10.5 years of industry experience and were grouped into three ""experts"" and ten ""novices."" We observed that participants spent their time seeking, learning, critiquing, explain-ing, proposing, and implementing facts about the code such as ""getFoldLevel has effects"". These facts served numerous roles, such as suggesting changes, constraining changes, and predicting the amount of additional investigation necessary to make a change. Differences between experts and novices included that the experts explained the root cause of the design problem and made changes to address it, while novice changes addressed only the symptoms. Experts did not read more methods but also did not visit some methods novices wasted time understanding. Experts talked about code in terms of abstractions such as ""caching"" while novices more often described code statement by statement. Ex-perts were able to implement a change faster than novices. Experts perceived problems novices did not and were able to explain facts novices could not. These findings have interesting implications for future tools.",openalex,llm,0.740,unreviewed,,doi:10.1145/1287624.1287675
discarded,Towards a theory of the comprehension of computer programs,Ruven Brooks,1983,International Journal of Man-Machine Studies,10.1016/s0020-7373(83)80031-5,https://openalex.org/W2120704737,off-topic-false-hit,,openalex,llm,0.720,unreviewed,,doi:10.1016/s0020-7373(83)80031-5
discarded,Analysis of code reading to gain more insight in program comprehension,Teresa Busjahn; Carsten Schulte; Andreas Busjahn,2011,,10.1145/2094131.2094133,https://openalex.org/W2015480071,off-topic-false-hit,"Code reading, although an integral part of program comprehension, is rarely reflected. In this paper, we want to argue for a research approach and direction exploiting the potential that lies in the analysis of reading processes. Based on the vast experience compiled in psychology and some studies in computing, eye tracking and think aloud were elaborated as a viable research instrument for code reading studies. We conducted a feasibility study, designed to examine the actual process of code reading as the sensory starting point of comprehension. Computational and statistical tools were developed to facilitate data capture and analysis for eye tracking experiments. Results do not just provide proof of concept but already emphasize differences between reading natural language text and source code, as well as a distinct attention allocation within different code elements like keywords and operators.",openalex,llm,0.780,unreviewed,,doi:10.1145/2094131.2094133
discarded,Using Sex Differences to Link Spatial Cognition and Program Comprehension,Maryanne L. Fisher; Anthony Cox; Lin Zhao,2006,,10.1109/icsm.2006.72,https://openalex.org/W2158446792,off-topic-false-hit,"Spatial cognition and program development have both been examined using contrasting models. We suggest that sex-based differences in one's perception of risk is the key to relating these models. Specifically, the survey map approach to navigation and the top-down development/comprehension strategy use similar and related high risk cognitive skills that males show a preference towards. Conversely, the route-based approach to navigation and the bottom-up development/comprehension strategy use similar and related low risk cognitive skills that women show a preference towards. On the assumption that programmers are consistent in their risk-taking behaviours, we believe that they, as much as possible, tend to use the same strategy when performing program development and comprehension. In an experimental setting, we compare programmer's performance on spatial cognition and program comprehension tasks. The correlations that we found suggest that programmers use equivalently risky strategies for program comprehension and spatial cognition. Thus, there is evidence that similar cognitive skills are used for spatial cognition and program comprehension/development, and that the similarities are a consequence of sex-based differences in risk-taking behaviour",openalex,llm,0.800,unreviewed,,doi:10.1109/icsm.2006.72
discarded,Individual differences in program comprehension strategies in unfamiliar programming systems,Amy J. Ko; Bob Uttl,2003,,10.1109/wpc.2003.1199201,https://openalex.org/W2156428374,off-topic-false-hit,"This study examines the effect of individual differences on the program comprehension strategies of users working with an unfamiliar programming system. Participants of varying programming expertise were given a battery of psychological tests, a brief introduction to a statistical programming environment, and a 20-minute debugging task. Our data show three distinct comprehension strategies that were related to programming experience, but individuals with stronger domain knowledge for specific bugs tended to succeed.",openalex,llm,0.790,unreviewed,,doi:10.1109/wpc.2003.1199201
discarded,How does code readability change during software evolution?,Valentina Piantadosi; Fabiana Fierro; Simone Scalabrino; Alexander Serebrenik; Rocco Oliveto,2020,Empirical Software Engineering,10.1007/s10664-020-09886-9,https://openalex.org/W3049497371,adjacent-subtopic,,openalex,llm,0.860,unreviewed,,doi:10.1007/s10664-020-09886-9
discarded,Program comprehension for domain-specific languages,Maria João Varanda Pereira; Marjan Mernik; Cruz da; Pedro Rangel Henriques,2008,Computer Science and Information Systems,10.2298/csis0802001p,https://openalex.org/W1977813563,off-topic-false-hit,"In the past, we have been looking for program comprehension tools that are able to interconnect operational and behavioral views, aiming at aiding the software analyst to relate problem and program domains in order to reach a full understanding of software systems. In this paper we are concerned with Program Comprehension issues applied to Domain Specific Languages (DSLs). We are now willing to understand how techniques and tools for the comprehension of traditional programming languages fit in the understanding of DSLs. Being the language tailored for the description of problems in a specific domain, we believe that specific visualizations (at a higher abstraction level, closer to the problem level) could and should be defined to enhance the comprehension of the descriptions in that particular domain. .",openalex,llm,0.830,unreviewed,,doi:10.2298/csis0802001p
kept,Brain activity measurement during program comprehension with NIRS,Yoshiharu Ikutani; Hidetake Uwano,2014,,10.1109/snpd.2014.6888727,https://openalex.org/W2174068427,supports-claim,"Near infrared spectroscopy (NIRS) has been used as a low cost, noninvasive method to measure brain activity. In this paper, we experiment to measure the effects of variables and controls in a source code to the brain activity in program comprehension. The measurement results are evaluated after noise reduction and normalization to statistical analysis. As the result of the experiment, significant differences in brain activity were observed at a task that requires memorizing variables to understand a code snippet. On the other hand, no significant differences between different levels of mental arithmetic tasks were observed. We conclude that the frontal pole reflects workload to short-term memory caused by variables without affected from calculation.",openalex,llm,0.900,unreviewed,,doi:10.1109/snpd.2014.6888727
kept,Brain Activity Measurement during Program Comprehension with NIRS,Yoshiharu Ikutani; Hidetake Uwano,2014,The International journal of networked and distributed computing,10.2991/ijndc.2014.2.4.7,https://openalex.org/W2124453301,supports-claim,"Near infrared spectroscopy (NIRS) has been used as a low cost, noninvasive method to measure brain activity.In this paper, we measure the effects of variables and controls in a source code on brain activity during program comprehension.The measurement results are evaluated after noise reduction and normalization to statistical analysis.As the result of the experiment, significant differences in brain activity were observed at a task that requires memorizing variables to understand a code snippet.On the other hand, no significant difference was observed between different levels of mental arithmetic tasks.We conclude that the frontal pole reflects workload to short-term memory caused by variables without affected from calculation.",openalex,llm,0.900,unreviewed,,doi:10.2991/ijndc.2014.2.4.7
kept,"Does the ""Refactor to Understand"" Reverse Engineering Pattern Improve Program Comprehension?",Bart Du Bois; Serge Demeyer; Jan Verelst,2005,,10.1109/csmr.2005.25,https://openalex.org/W2127833339,supports-claim,"Program comprehension is a fundamental requirement for all but the most trivial maintenance activities. Previous research has demonstrated key principles for improving comprehension. Among others, these consist of the introduction of beacons as indexes into knowledge, and the chunking of low-level structures into higher-level abstractions. These principles are naturally reflected in the reverse engineering pattern Refactor to Understand, which uses incremental renaming and extracting of program elements as the means to decipher cryptic code. In this paper, we discuss a controlled experiment to explore differences in program comprehension between the application of Refactor to Understand and the traditional Read to Understand pattern. Our results support added value of Refactor to Understand regarding specific aspects of program comprehension and specific types of source code. These findings illustrate the need for further experiments to provide clear guidelines on the application of refactorings for improving program comprehension.",openalex,llm,0.950,unreviewed,,doi:10.1109/csmr.2005.25
discarded,Simultaneous measurement of program comprehension with fMRI and eye tracking,Norman Peitek; Janet Siegmund; Chris Parnin; Sven Apel; Johannes C. Hofmeister; André Brechmann,2018,,10.1145/3239235.3240495,https://openalex.org/W2895073034,off-topic-false-hit,"Background Researchers have recently started to validate decades-old program-comprehension models using functional magnetic resonance imaging (fMRI). While fMRI helps us to understand neural correlates of cognitive processes during program comprehension, its comparatively low temporal resolution (i.e., seconds) cannot capture fast cognitive subprocesses (i.e., milliseconds).",openalex,llm,0.930,unreviewed,,doi:10.1145/3239235.3240495
discarded,Evaluating Dynamic Analysis Techniques for Program Comprehension,S.G.M. Cornelissen,2009,Research Repository (Delft University of Technology),,https://openalex.org/W1593780309,off-topic-false-hit,"Program comprehension is an essential part of software development and software maintenance, as software must be sufficiently understood before it can be properly modified. One of the common approaches in getting to understand a program is the study of its execution, also known as dynamic analysis. While many such approaches have been proposed in the literature, their empirical evaluation is often missing or inconclusive, and their added values to existing solutions are seldomly quantified. This dissertation aims to characterize, and extend upon, the existing work on program comprehension through dynamic analysis. A strong emphasis in our research is put on empirical evaluation. To structure the current state of the art and to identify research opportunities, we first conduct a systematic survey of all publications on this topic in the past decades. We then propose both a traditional and a more advanced visualization technique, experiment with the necessary abstraction techniques, and provide tool implementations. Our approaches are validated through extensive case studies and a controlled experiment. Finally, we conclude with a set of recommendations for future directions.",openalex,llm,0.950,unreviewed,,hash:85f3ae6ccf8c3224
discarded,Two program comprehension tools for automatic parallelization,Beniamino Di Martino; Christoph Keßler,2000,IEEE Concurrency,10.1109/4434.824311,https://openalex.org/W1551642212,off-topic-false-hit,"The authors compare two program-comprehension systems targeted to support automatic parallelization: PARAMAT (PARAllelization by pattern MATching) and the PAP (Parallelizable Algorithmic Patterns) Recognizer. The authors illuminate the main differences of each method, discussing the tradeoff between the speed of the first and the generality of the second.",openalex,llm,0.970,unreviewed,,doi:10.1109/4434.824311
discarded,Exploring Software Measures to Assess Program Comprehension,Janet Feigenspan; Sven Apel; Jörg Liebig; Christian Kästner,2011,,10.1109/esem.2011.21,https://openalex.org/W1979836908,qualifies-claim,"Software measures are often used to assess program comprehension, although their applicability is discussed controversially. Often, their application is based on plausibility arguments, which, however, is not sufficient to decide whether software measures are good predictors for program comprehension. Our goal is to evaluate whether and how software measures and program comprehension correlate. To this end, we carefully designed an experiment. We used four different measures that are often used to judge the quality of source code: complexity, lines of code, concern attributes, and concern operations. We measured how subjects understood two comparable software systems that differ in their implementation, such that one implementation promised considerable benefits in terms of better software measures. We did not observe a difference in program comprehension of our subjects as the software measures suggested it. To explore how software measures and program comprehension could correlate, we used several variants of computing the software measures. This brought them closer to our observed result, however, not as close as to confirm a relationship between software measures and program comprehension. Having failed to establish a relationship, we present our findings as an open issue to the community and initiate a discussion on the role of software measures as comprehensibility predictors.",openalex,llm,0.730,unreviewed,,doi:10.1109/esem.2011.21
discarded,Exploring differences in self-regulated learning strategy use between high- and low-performing students in introductory programming: An analysis of eye-tracking and retrospective think-aloud data from program comprehension,Gary Cheng; Di Zou; Haoran Xie; Fu Lee Wang,2023,Computers & Education,10.1016/j.compedu.2023.104948,https://openalex.org/W4387674710,off-topic-false-hit,"Previous studies have reported mixed results regarding the relationship between students' use of self-regulated learning (SRL) strategies and their performance in introductory programming courses. These studies were constrained by their reliance on self-report questionnaires as a means of collecting and analysing data. To address this limitation, this study aimed to employ eye-tracking and retrospective think-aloud techniques to identify differences in SRL strategy use for program comprehension tasks between high-performing students (N = 31) and low-performing students (N = 31) in an undergraduate programming course. All participants attended individual eye-tracking sessions to comprehend two Python program codes with different constructs. Their eye-tracking data and video-recalled retrospective think-aloud data were captured and recorded for analysis. The findings reveal that higher-order cognitive skills, such as elaboration and critical thinking, were mostly adopted by high-performing students, while basic cognitive and resource management strategy, such as rehearsal and help-seeking, were mostly employed by low-performing students when comprehending the program codes. This study not only demonstrates the design of combining eye-tracking and retrospective think-aloud data to explore students' use of SRL strategies but also provides evidence to support the notion that program comprehension is a complex process that cannot be effectively addressed by employing merely rudimentary strategies, such as repetitively reading the same code segment. In the future, researchers could explore the possibility of using a webcam to monitor and assess students’ online programming processes and provide feedback based on their eye movements. They could also examine the effects of SRL strategies training on students' motivation, engagement, and performance in various types of programming activities.",openalex,llm,0.940,unreviewed,,doi:10.1016/j.compedu.2023.104948
discarded,Understanding Collaborative Program Comprehension: Interlacing Gaze and Dialogues,Kshitij Sharma; Patrick Jermann; Marc-Antoine Nüssli; Pierre Dillenbourg,2013,Infoscience (Ecole Polytechnique Fédérale de Lausanne),,https://openalex.org/W1585338711,off-topic-false-hit,We study the interaction of the participants in a pair program comprehension task across different time scales in a dual eye-tracking setup. We identify four layers of interaction episodes at different time scales. Each layer spans across the whole interaction. The present study concerns the relationship between different layers at different time scales. The first and third layers are based on the utterances of the participants while the second and fourth layers are based on participants' gaze.,openalex,llm,0.950,unreviewed,,hash:8bd28fef93404a0e
discarded,Do visualizations improve program comprehensibility? experiments with control structure diagrams for Java,T. Dean Hendrix; James H. Cross; Saeed Maghsoodloo; Matthew L. McKinney,2000,,10.1145/330908.331890,https://openalex.org/W2165558875,off-topic-false-hit,"Recently, the first in a series of planned comprehension experiments was performed to measure the effect of the control structure diagram (CSD) on program comprehensibility. Upper-division computer science students were asked to respond to questions regarding the structure and execution of a source code module written in Java. Statistical analysis of the data collected from this experiment revealed that the CSD was highly significant in enhancing the subjects' performance in this program comprehension task. The results of this initial experiment along with the planned follow-on experiments promise to shed light on fundamental questions regarding the effect of software visualizations on program comprehensibility.",openalex,llm,0.910,unreviewed,,doi:10.1145/330908.331890
