status,title,authors,year,venue,doi,url,tags,abstract,provider,decision_source,llm_confidence,llm_review_outcome,llm_change_direction,paper_id
discarded,Effects of low-frequency rTMS combined with speech and language therapy on Broca's aphasia in subacute stroke patients,"Gan, Li; Huang, Litao; Zhang, Yin; Yang, Xin; Li, Lijuan; Meng, Lijiao; Wei, Quan",2024,FRONTIERS IN NEUROLOGY,10.3389/fneur.2024.1473254,https://www.webofscience.com/wos/woscc/full-record/WOS:001353485500001,off-topic-false-hit,"Introduction: Broca's aphasia is a crushing syndrome after stroke. Although there are multiple therapies, the recovery of a considerable number of patients is still not ideal. Repetitive transcranial magnetic stimulation (rTMS) combined with speech and language therapy has been a promising combination regimen in recent years. However, the efficacy and persistent effects thereof remain unclear. We aimed to determine the immediate and long-term effects of rTMS combined with speech and language therapy on subacute stroke patients with Broca's aphasia and explore relevant mechanisms in the picture-naming task via functional near-infrared spectroscopy (fNIRS). Materials and methods: This was a prospective clinical study. In accordance with the inclusion criteria, 18 patients with post-stroke were recruited and randomly divided into either the rTMS group or the sham-rTMS group. Patients in both groups received low-frequency rTMS therapy for 20 min a day and then speech and language therapy for 30 min a day, 5 days a week, for a total of 4 weeks. Two groups of patients underwent the Western Aphasia Battery Revised (WAB-R), the Stroke and Aphasia Quality of Life Scale-39 (SAQOL-39), and non-language-based cognitive assessment (NLCA) before treatment and at 2 weeks, 4 weeks, and 3 months after treatment. Meanwhile, we collected fNIRS task state data while naming images before and after 4 weeks of treatment. The primary outcome was WAB-R changes. The secondary outcomes include the SAQOL-39, NLCA, as well as the difference in activation status of brain regions in the cortical language function network. Results: For the index scores of the two groups, the results of repeated-measures ANOVA indicated an increasing trend at three time points, i.e., after 2 weeks of treatment, 4 weeks after treatment, and 3 months after the end of treatment (p < 0.001); in terms of intergroup effects, there was a statistically significant difference between the two groups in WAB naming scores (F = 4.865, p = 0.042); and the aphasia quotient (AQ), listening comprehension, and naming scores of the two groups had interactive effects (FAQ = 11.316, PAQ = 0.000; F-listening = 8.205, P-listening = 0.002; F-naming = 27.46, P-naming = 0.000). Independent sample t-tests also showed that until 4 weeks after the end of treatment, there were significant differences in information volume and naming scores between the two groups (t(information) = 2.352, P-information = 0.032; t(naming) = 3.164, P-naming = 0.006). Three months after the end of treatment, there were significant differences in information volume, naming, AQ and repetition scores (t(information) = 2.824, P-information = 0.012; t(naming) = 5.090, P-naming = 0.000; tAQ = 2.924, PAQ = 0.010; t(repetition) = 2.721, P-repetition = 0.015). In the picture-naming task, fNIRS analysis found that in the rTMS group after treatment, the activation in the left superior temporal gyrus (STG), middle temporal gyrus (MTG), premotor cortex (PM), supplementary motor area (SMA), pars triangularis Broca's area, and dorsolateral prefrontal lobe (DLPFC) decreased (p < 0.05). Conclusion: The language function of patients was improved after 4 weeks of treatment, and there was a long-term effect (3 months follow-up), especially in naming gains.

Moreover, by analyzing cortical activation during a picture-naming task with fNIRS, we found that rTMS could downgrade the activation level in the left MTG, STG, PM and SMA, DLPFC, and pars triangularis Broca's area, whereas the sham-rTMs group only showed downgraded activation levels in the right PM and SMA. This demonstrates the unique mechanism of rTMS. Clinical trial registration: ChiCTR.org.cn, identifier, ChiCTR2300067703.",wos,llm,0.990,unreviewed,,doi:10.3389/fneur.2024.1473254
kept,Towards a Cognitive Model of Dynamic Debugging: Does Identifier Construction Matter?,"Hu, Danniell; Santiesteban, Priscila; Endres, Madeline; Weimer, Westley",2024,IEEE TRANSACTIONS ON SOFTWARE ENGINEERING,10.1109/TSE.2024.3465222,https://www.webofscience.com/wos/woscc/full-record/WOS:001369099900014,qualifies-claim,"Debugging is a vital and time-consuming process in software engineering. Recently, researchers have begun using neuroimaging to understand the cognitive bases of programming tasks by measuring patterns of neural activity. While exciting, prior studies have only examined small sub-steps in isolation, such as comprehending a method without writing any code or writing a method from scratch without reading any already-existing code. We propose a simple multi-stage debugging model in which programmers transition between Task Comprehension, Fault Localization, Code Editing, Compiling, and Output Comprehension activities. We conduct a human study of $n=28$n=28 participants using a combination of functional near-infrared spectroscopy and standard coding measurements (e.g., time taken, tests passed, etc.). Critically, we find that our proposed debugging stages are both neurally and behaviorally distinct. To the best of our knowledge, this is the first neurally-justified cognitive model of debugging. At the same time, there is significant interest in understanding how programmers from different backgrounds, such as those grappling with challenges in English prose comprehension, are impacted by code features when debugging. We use our cognitive model of debugging to investigate the role of one such feature: identifier construction. Specifically, we investigate how features of identifier construction impact neural activity while debugging by participants with and without reading difficulties. While we find significant differences in cognitive load as a function of morphology and expertise, we do not find significant differences in end-to-end programming outcomes (e.g., time, correctness, etc.). This nuanced result suggests that prior findings on the cognitive importance of identifier naming in isolated sub-steps may not generalize to end-to-end debugging. Finally, in a result relevant to broadening participation in computing, we find no behavioral outcome differences for participants with reading difficulties.",wos,llm,0.760,unreviewed,,doi:10.1109/tse.2024.3465222
discarded,Towards Generating Summaries for Lexically Confusing Code through Code Erosion,"Yan, Fan; Li, Ming",2021,"PROCEEDINGS OF THE THIRTIETH INTERNATIONAL JOINT CONFERENCE ON ARTIFICIAL INTELLIGENCE, IJCAI 2021",,https://www.webofscience.com/wos/woscc/full-record/WOS:001202335503110,adjacent-subtopic,"Code summarization aims to summarize code functionality as high-level nature language descriptions to assist in code comprehension. Recent approaches in this field mainly focus on generating summaries for code with precise identifier names, in which meaningful words can be found indicating code functionality. When faced with lexically confusing code, current approaches are likely to fail since the correlation between code lexical tokens and summaries is scarce. To tackle this problem, we propose a novel summarization framework named VECOS. VECOS introduces an erosion mechanism to conquer the model's reliance on precisely defined lexical information. To facilitate learning the eroded code's functionality, we force the representation of the eroded code to align with the representation of its original counterpart via variational inference. Experimental results show that our approach outperforms the state-of-the-art approaches to generate coherent and reliable summaries for various lexically confusing code.",wos,llm,0.970,unreviewed,,hash:db4bce1d05feb949
discarded,An Empirical Investigation of How and Why Developers Rename Identifiers,"Peruma, Anthony; Mkaouer, Mohamed Wiem; Decker, Michael J.; Newman, Christian D.",2018,"PROCEEDINGS OF THE 2ND INTERNATIONAL WORKSHOP ON REFACTORING, IWOR 2018",10.1145/3242163.3242169,https://www.webofscience.com/wos/woscc/full-record/WOS:001317488600005,adjacent-subtopic,"Renaming is vital to software maintenance and evolution. Developers rename entities when their original names no longer fit their behavioral role within the program. This may happen if the entity's original name was of poor quality or if the system has evolved such that the original name needs to be updated to reflect some of this evolution. In the end, the reason for the rename ultimately falls under increasing understandability and comprehension. Because comprehension is so important, and identifiers are the primary way developers comprehend code, it is critical to understand empirically how and why identifier names evolve. Armed with an understanding of these two facets of identifier evolution, researchers will be able to train algorithms to recognize, recommend, or even automatically generate high-quality identifier names. We present an empirical study of how method, class and package identifier names evolve to better understand the motives of their evolution. The empirical validation involves a set of 524,113 rename refactorings, performed on 3,795 Java systems. In a nutshell, our findings demonstrate that most rename refactorings narrow the meaning of the identifiers for which they are applied. Further, we analyze commit messages to contextualize these renames.",wos,llm,0.970,unreviewed,,doi:10.1145/3242163.3242169
discarded,Neurologic music therapy for non-fluent aphasia: a systematic review and meta-analysis of randomized controlled trials,"Gu, Jiayi; Long, Wei; Zeng, Siqin; Li, Chengjuan; Fang, Cuini; Zhang, Xiaoying",2024,FRONTIERS IN NEUROLOGY,10.3389/fneur.2024.1395312,https://www.webofscience.com/wos/woscc/full-record/WOS:001242999800001,off-topic-false-hit,"Introduction: The efficacy of neurologic music therapy (NMT) techniques for the treatment of non-fluent aphasia has been widely accepted by the rehabilitation medical community. However, consensus on which dimensions of speech function can be improved by NMT techniques and standardized intervention dosage remains elusive. This study aimed to provide evidence regarding the efficacy of NMT in improving speech function and explore the optimal intervention dose. A systematic review and meta-analysis were conducted to search for randomized clinical trials and open-label trials that evaluated speech functions after NMT. Methods: We searched all papers and reviews published from database inception to July 2023, including PubMed, Cochrane Library, Web of Science, Embase, and CNKI. Statistical analyses were mainly carried out on RevManV5.4.1 and pooled using a random-effects model. The primary outcome was the standardized mean difference (SMD) in speech functions, determined by calculating the change in speech functions score from baseline to the primary endpoint in the NMT group versus the control arm. Results: A total of 11 studies with 329 patients were included. NMT had a positive effect on repetition ability (SMD = 0.37, 95%CI [0.12, 0.62], p < 0.05), but did not lead to significant differences in naming, comprehension, spontaneous speech, or communication. When the intervention time was >20 h, NMT exhibited a significant advantage at improving repetition ability (SMD = 0.43, 95%CI [0.06, 0.79], p < 0.05). Discussion: This study provides evidence supporting the NMT enhancement of repetition ability in patients with non-fluent aphasia. Future large-sample studies are required to determine the optimal intervention dose of music therapy for different subtypes of non-fluent aphasia. Systematic review registration: PROSPERO, identifier CRD42023470313.",wos,llm,0.990,unreviewed,,doi:10.3389/fneur.2024.1395312
discarded,An Extractive-and-Abstractive Framework for Source Code Summarization,"Sun, Weisong; Fang, Chunrong; Chen, Yuchen; Zhang, Quanjun; Tao, Guanhong; You, Yudu; Han, Tingxu; Ge, Yifei; Hu, Yuling; Luo, Bin; Chen, Zhenyu",2024,ACM TRANSACTIONS ON SOFTWARE ENGINEERING AND METHODOLOGY,10.1145/3632742,https://www.webofscience.com/wos/woscc/full-record/WOS:001208684200014,adjacent-subtopic,"(Source) Code summarization aims to automatically generate summaries/comments for given code snippets in the form of natural language. Such summaries play a key role in helping developers understand and maintain source code. Existing code summarization techniques can be categorized into extractive methods and abstractive methods. The extractive methods extract a subset of important statements and keywords from the code snippet using retrieval techniques and generate a summary that preserves factual details in important statements and keywords. However, such a subset may miss identifier or entity naming, and consequently, the naturalness of the generated summary is usually poor. The abstractive methods can generate human-written-like summaries leveraging encoder-decoder models. However, the generated summaries often miss important factual details.

To generate human-written-like summaries with preserved factual details, we propose a novel extractive-and-abstractive framework. The extractive module in the framework performs the task of extractive code summarization, which takes in the code snippet and predicts important statements containing key factual details. The abstractivemodule in the framework performs the task of abstractive code summarization, which takes in the code snippet and important statements in parallel and generates a succinct and human-written-like natural language summary. We evaluate the effectiveness of our technique, called EACS, by conducting extensive experiments on three datasets involving six programming languages. Experimental results show that EACS significantly outperforms state-of-the-art techniques for all three widely used metrics, including BLEU, METEOR, and ROUGH-L. In addition, the human evaluation demonstrates that the summaries generated by EACS have higher naturalness and informativeness and are more relevant to given code snippets.",wos,llm,0.950,unreviewed,,doi:10.1145/3632742
kept,Eye-Tracking Insights into the Effects of Type Annotations and Identifier Naming,Alznauer N.,2026,Proceedings 2026 IEEE ACM 34th International Conference on Program Comprehension Icpc 2026,10.1145/3794763.3794801,https://www.scopus.com/inward/record.uri?partnerID=HzOxMe3b&scp=105047005495&origin=inward,supports-claim,,scopus,llm,0.860,unreviewed,,doi:10.1145/3794763.3794801
discarded,Variable Semantic Representation: A Replication Study and Hyper-Parameter Optimization Using Taguchi Methods,Custura S.O.,2026,International Conference on Agents and Artificial Intelligence,10.5220/0014454800004052,https://www.scopus.com/inward/record.uri?partnerID=HzOxMe3b&scp=105041722239&origin=inward,adjacent-subtopic,,scopus,llm,0.820,unreviewed,,doi:10.5220/0014454800004052
discarded,Combining Static Code Analysis and Large Language Models Improves Correctness and Performance of Algorithm Recognition,Neumuller D.,2026,Proceedings 2026 IEEE International Conference on Software Analysis Evolution and Reengineering Saner 2026,10.1109/SANER67736.2026.00068,https://www.scopus.com/inward/record.uri?partnerID=HzOxMe3b&scp=105044806876&origin=inward,adjacent-subtopic,,scopus,llm,0.780,unreviewed,,doi:10.1109/saner67736.2026.00068
discarded,PiCo: Privacy-Preserving Code Sanitization for Cloud-Based LLMs,Zhang X.,2026,Proceedings 2026 IEEE International Conference on Software Analysis Evolution and Reengineering Saner 2026,10.1109/SANER67736.2026.00040,https://www.scopus.com/inward/record.uri?partnerID=HzOxMe3b&scp=105044845182&origin=inward,off-topic-false-hit,,scopus,llm,0.880,unreviewed,,doi:10.1109/saner67736.2026.00040
discarded,"Quality, readability, and clinical-risk signals of default public-interface LLM responses to vascular and perioperative patient questions: a cross-sectional snapshot",Zhong W.,2026,Frontiers in Public Health,10.3389/fpubh.2026.1905883,https://www.scopus.com/inward/record.uri?partnerID=HzOxMe3b&scp=105048159116&origin=inward,off-topic-false-hit,,scopus,llm,0.990,unreviewed,,doi:10.3389/fpubh.2026.1905883
discarded,On the structure and semantics of identifier names containing closed syntactic category words,Newman C.D.,2025,Empirical Software Engineering,10.1007/s10664-025-10699-x,https://www.scopus.com/inward/record.uri?partnerID=HzOxMe3b&scp=105011415383&origin=inward,adjacent-subtopic,,scopus,llm,0.830,unreviewed,,doi:10.1007/s10664-025-10699-x
discarded,Toward Better Comprehension of Breaking Changes in the NPM Ecosystem,Kong D.,2025,ACM Transactions on Software Engineering and Methodology,10.1145/3702991,https://www.scopus.com/inward/record.uri?partnerID=HzOxMe3b&scp=105005176662&origin=inward,off-topic-false-hit,,scopus,llm,0.880,unreviewed,,doi:10.1145/3702991
discarded,Identifier Name Similarities: An Exploratory Study,Wong C.,2025,International Symposium on Empirical Software Engineering and Measurement,10.1109/ESEM64174.2025.00034,https://www.scopus.com/inward/record.uri?partnerID=HzOxMe3b&scp=105032699355&origin=inward,adjacent-subtopic,,scopus,llm,0.900,unreviewed,,doi:10.1109/esem64174.2025.00034
discarded,Scalar: A Part-of-Speech Tagger for Identifiers,Newman C.D.,2025,IEEE International Conference on Program Comprehension,10.1109/ICPC66645.2025.00045,https://www.scopus.com/inward/record.uri?partnerID=HzOxMe3b&scp=105009083412&origin=inward,adjacent-subtopic,,scopus,llm,0.950,unreviewed,,doi:10.1109/icpc66645.2025.00045
discarded,Exploring Large Language Models for Analyzing and Improving Method Names in Scientific Code,Larsen G.,2025,International Symposium on Empirical Software Engineering and Measurement,10.1109/ESEM64174.2025.00030,https://www.scopus.com/inward/record.uri?partnerID=HzOxMe3b&scp=105032660555&origin=inward,adjacent-subtopic,,scopus,llm,0.900,unreviewed,,doi:10.1109/esem64174.2025.00030
discarded,Knowledge mining of brain connectivity in massive literature based on transfer learning,Chai X.,2024,Bioinformatics,10.1093/bioinformatics/btae648,https://www.scopus.com/inward/record.uri?partnerID=HzOxMe3b&scp=85211977653&origin=inward,off-topic-false-hit,,scopus,llm,0.990,unreviewed,,doi:10.1093/bioinformatics/btae648
discarded,PNER: Applying the Pipeline Method to Resolve Nested Issues in Named Entity Recognition,Yang H.,2024,Applied Sciences Switzerland,10.3390/app14051717,https://www.scopus.com/inward/record.uri?partnerID=HzOxMe3b&scp=85190707030&origin=inward,off-topic-false-hit,,scopus,llm,0.990,unreviewed,,doi:10.3390/app14051717
kept,"Identifier Names, Comprehension and Code Metrics: Literature Review",Herka I.,2024,Advances in Cognitive Psychology,10.5709/acp-0479-3,https://www.scopus.com/inward/record.uri?partnerID=HzOxMe3b&scp=105041956238&origin=inward,qualifies-claim,,scopus,llm,0.870,unreviewed,,doi:10.5709/acp-0479-3
discarded,Generating Function Names to Improve Comprehension of Synthesized Programs,Nazari A.,2024,Proceedings of IEEE Symposium on Visual Languages and Human Centric Computing Vl Hcc,10.1109/VL/HCC60511.2024.00035,https://www.scopus.com/inward/record.uri?partnerID=HzOxMe3b&scp=85207819005&origin=inward,adjacent-subtopic,,scopus,llm,0.900,unreviewed,,doi:10.1109/vl/hcc60511.2024.00035
discarded,Two Sides of the Same Coin: Exploiting the Impact of Identifiers in Neural Code Comprehension,Gao S.,2023,Proceedings International Conference on Software Engineering,10.1109/ICSE48619.2023.00164,https://www.scopus.com/inward/record.uri?partnerID=HzOxMe3b&scp=85162755434&origin=inward,adjacent-subtopic,,scopus,llm,0.970,unreviewed,,doi:10.1109/icse48619.2023.00164
kept,Identifier Names in Computer Programs: Literature Review,Herka I.,2023,Advances in Cognitive Psychology,10.5709/acp-0417-2,https://www.scopus.com/inward/record.uri?partnerID=HzOxMe3b&scp=85193454960&origin=inward,qualifies-claim,,scopus,llm,0.860,unreviewed,,doi:10.5709/acp-0417-2
discarded,Automated variable renaming: are we there yet?,Mastropaolo A.,2023,Empirical Software Engineering,10.1007/s10664-022-10274-8,https://www.scopus.com/inward/record.uri?partnerID=HzOxMe3b&scp=85148288439&origin=inward,adjacent-subtopic,,scopus,llm,0.910,unreviewed,,doi:10.1007/s10664-022-10274-8
discarded,Understanding Digits in Identifier Names: An Exploratory Study,Peruma A.,2023,Proceedings 1st International Workshop on Natural Language Based Software Engineering Nlbse 2022,10.1145/3528588.3528657,https://www.scopus.com/inward/record.uri?partnerID=HzOxMe3b&scp=85135171881&origin=inward,adjacent-subtopic,,scopus,llm,0.960,unreviewed,,doi:10.1145/3528588.3528657
discarded,Method name recommendation based on source code metrics,Parsa S.,2023,Journal of Computer Languages,10.1016/j.cola.2022.101177,https://www.scopus.com/inward/record.uri?partnerID=HzOxMe3b&scp=85143605135&origin=inward,adjacent-subtopic,,scopus,llm,0.920,unreviewed,,doi:10.1016/j.cola.2022.101177
discarded,HexT5: Unified Pre-Training for Stripped Binary Code Information Inference,Xiong J.,2023,Proceedings 2023 38th IEEE ACM International Conference on Automated Software Engineering Ase 2023,10.1109/ASE56229.2023.00099,https://www.scopus.com/inward/record.uri?partnerID=HzOxMe3b&scp=85178996262&origin=inward,adjacent-subtopic,,scopus,llm,0.860,unreviewed,,doi:10.1109/ase56229.2023.00099
discarded,Visualization of Source Code Similarity Using 2.5D Semantic Software Maps,Atzberger D.,2023,Communications in Computer and Information Science,10.1007/978-3-031-25477-2_8,https://www.scopus.com/inward/record.uri?partnerID=HzOxMe3b&scp=85149701732&origin=inward,adjacent-subtopic,,scopus,llm,0.880,unreviewed,,doi:10.1007/978-3-031-25477-2_8
