status,title,authors,year,venue,doi,url,tags,abstract,provider,decision_source,llm_confidence,llm_review_outcome,llm_change_direction,paper_id
discarded,Making the Most of Repetitive Mistakes: An Investigation into Heuristics for Selecting and Applying Feedback to Programming Coursework,Roger Howell; Shun Ha Sylvia Wong,2018,"2018 IEEE International Conference on Teaching, Assessment, and Learning for Engineering (TALE)",10.1109/TALE.2018.8615128,https://ieeexplore.ieee.org/document/8615128/,adjacent-subtopic,"In the acquisition of software-development skills, feedback that pinpoints errors and explains means of improvement is important in achieving a good student learning experience. However, it is not feasible to manually provide timely, consistent, and helpful feedback for large or complex coursework tasks, and/or to large cohorts of students. While tools exist to provide feedback to student submissions, their automation is typically limited to reporting either test pass or failure or generating feedback to very simple programming tasks. Anecdotal experience indicates that clusters of students tend to make similar mistakes and/or successes within their coursework. Do feedback comments applied to students' work support this claim and, if so, to what extent is this the case? How might this be exploited to improve the assessment process and the quality of feedback given to students? To help answer these questions, we have examined feedback given to coursework submissions to a UK level 5, university-level, data structures and algorithms course to determine heuristics used to trigger particular feedback comments that are common between submissions and cohorts. This paper reports our results and discusses how the identified heuristics may be used to promote timeliness and consistency of feedback without jeopardising the quality.",ieee,llm,0.860,unreviewed,,doi:10.1109/tale.2018.8615128
discarded,Towards an automatic assessment system in introductory programming courses,Soundous Zougari; Mariam Tanana; Abdelouahid Lyhyaoui,2016,2016 International Conference on Electrical and Information Technologies (ICEIT),10.1109/EITech.2016.7519649,https://ieeexplore.ieee.org/document/7519649/,adjacent-subtopic,"Nowadays, automatic assessment of programming assignments has become an important topic in academic research. In fact, the increasing number of enrolled students in programming courses created the need of a system providing immediate feedback to the learners and saving teachers from manually managing all the students' solutions. This paper presents an attempt to conduct programming exercises assessment both dynamically and statically to ensure a reliable and objective evaluation job. While dynamic analysis is based on xUnit framework, the static analysis is performed on the graph representation of the programs.",ieee,llm,0.870,unreviewed,,doi:10.1109/eitech.2016.7519649
discarded,Automated Evaluation System for Software Development Assignments,Bernhard Wallisch,2025,2025 IEEE Global Engineering Education Conference (EDUCON),10.1109/EDUCON62633.2025.11016647,https://ieeexplore.ieee.org/document/11016647/,adjacent-subtopic,"As software and IT systems have increased, also their complexity grew rapidly and even more boosted through AI integration. This heightens the need for skilled software engineers to avoid reliance on opaque black-box or AI-driven solutions. However, rising student numbers in programming courses exceed teaching capacity, creating larger groups. Improving teaching efficiency without reducing quality is more important than ever. In this paper, we present an evaluation system that is used to generate fast and accurate feedback for student submission in, but not limited to, software development courses. It is the evolution and extension of the system called “EsPrESSO-IT”, which can be used to get a first feedback to outline the students how far they got in their implementation and where problems exist in their code. The prototypes allow the lecturers to return the tool's feedback to the students to give them the opportunity to analyze and correct their errors. Provided in a feedback loop also the students are supported in their learning process. We present the current implementation of the system and analyze its deployment in a software development lecture. The analysis was done by means of surveys of the lecturers and students as well as by a statistical analysis of the student submission results. The results show that lecturers and students made use of the automated feedback and even would prefer to have these features available instantly and in other engineering lectures as well.",ieee,llm,0.830,unreviewed,,doi:10.1109/educon62633.2025.11016647
discarded,ASPA: A Static Analyser to Support Learning and Continuous Feedback on Programming Courses. An Empirical Validation,Roope Luukkainen; Jussi Kasurinen; Uolevi Nikula; Valentina Lenarduzzi,2022,2022 IEEE/ACM 44th International Conference on Software Engineering: Software Engineering Education and Training (ICSE-SEET),10.1145/3510456.3514149,https://ieeexplore.ieee.org/document/9794188/,adjacent-subtopic,"For decades there have been arguments how to teach programming in the basic courses. Supportive intervention methods to improve students’ learning and methods to improve assessment process have been widely studied. There are various successful methods to each topic separately, but only a few of them fit for both. In this work, we aimed at validating ASPA a static analyser tool that supports learning and continuous feedback on programming courses. For this purpose, we designed and conduct an empirical study among 236 students enrolled in the basic programming course, that voluntary adopted the tools during the project development activities. We first profiled the students, then, evaluated the attitude toward using ASPA, the perceived ease of use, and the perceived usefulness. Results showed that ASPA is a good helper for the entire course and especially the student’s programming assignments, and it also helps to improve the students’ grades.",ieee,llm,0.880,unreviewed,,doi:10.1145/3510456.3514149
discarded,Supporting better formative feedback in task-oriented portfolio assessment,Jake Renzella; Andrew Cain,2017,"2017 IEEE 6th International Conference on Teaching, Assessment, and Learning for Engineering (TALE)",10.1109/TALE.2017.8252362,https://ieeexplore.ieee.org/document/8252362/,adjacent-subtopic,"Task-oriented portfolio assessment is an innovative teaching and learning system that aims to support, encourage, and reward students in engaging in deep approaches to learning. Within this teaching and learning system, the need for teaching staff to provide frequent formative feedback is essential. In this paper, we reflect upon the use of task-oriented portfolio assessment in supporting introductory programming units, and propose some methods to measure and improve quality, as well as decrease time required to provide formative feedback. Furthermore, we explore how the Doubtfire Learning Management system is currently supporting this approach, and provide prospective improvements & research for such systems.",ieee,llm,0.840,unreviewed,,doi:10.1109/tale.2017.8252362
discarded,Automated Program Analysis for Novice Programmers,Tim Blok; Ansgar Fehnker,2017,cs.SE,10.4995/HEAD17.2017.5533,http://arxiv.org/abs/1710.00163v1,adjacent-subtopic,"This paper describes how to adapt a static code analyzer to help novice programmers. Current analyzers have been built to give feedback to experienced programmers who build new applications or systems. The type of feedback and the type of analysis of these tools focusses on mistakes that are relevant within that context, and help with debugging the system. When teaching novice programmers this type of advice is often not particularly useful. It would be instead more useful to use these techniques to find problem in the understanding of students of important programming concepts. This paper first explores in what respect static analyzers support the learning and teaching of programming can be implemented based on existing static analysis technology. It presents an extension to static analyzer PMD was made so that feedback messages appear which are easier to understand for novice programmers. To answer the question if these techniques are able to find conceptual mistakes that are characteristic for novice programmers make, we ran it over a number of student projects, and compared these results with publicly available mature software projects.",arxiv,llm,0.880,unreviewed,,doi:10.4995/head17.2017.5533
discarded,CRScore++: Reinforcement Learning with Verifiable Tool and AI Feedback for Code Review,Manav Nitin Kapadnis; Atharva Naik; Carolyn Rose,2025,cs.SE,10.48550/arXiv.2506.00296,http://arxiv.org/abs/2506.00296v1,adjacent-subtopic,"Reinforcement learning (RL) to improve code review comment generation requires handling unstructured outputs, making reinforcement learning (RL) feedback challenging. The two main RL approaches, namely RL with Verifiable Feedback (RLVR) and RL with AI Feedback (RLAIF), offer trade-offs: RLVR provides reliable feedback for structured tasks like code generation, while RLAIF works for unstructured outputs but is subjective. We bridge this gap with CRScore++, an RL framework that leverages both LLM-based subjective feedback and verifiable signals for training. Extending CRScore, a code review evaluation metric integrating LLMs with verifiers like linters and code smell detectors, CRScore++ transforms these signals into training rewards. We show that CRScore++ improves a weaker student model through a combination of supervised fine-tuning and RL critique from a stronger teacher model, thus enabling generalization to novel programming languages.",arxiv,llm,0.900,unreviewed,,doi:10.48550/arxiv.2506.00296
discarded,AutoGrad: Automated Grading Software for Mobile Game Assignments in SuaCode Courses,Prince Steven Annor; Samuel Boateng; Edwin Pelpuo Kayang; George Boateng,2021,cs.HC,10.48550/arXiv.2107.12244,http://arxiv.org/abs/2107.12244v1,adjacent-subtopic,"Automatic grading systems have been in existence since the turn of the half-century. Several systems have been developed in the literature with either static analysis and dynamic analysis or a hybrid of both methodologies for computer science courses. This paper presents AutoGrad, a novel portable cross-platform automatic grading system for graphical Processing programs developed on Android smartphones during an online course. AutoGrad uses Processing, which is used in the emerging Interactive Media Arts, and pioneers grading systems utilized outside the sciences to assist tuition in the Arts. It also represents the first system built and tested in an African context across over thirty-five countries across the continent. This paper first explores the design and implementation of AutoGrad. AutoGrad employs APIs to download the assignments from the course platform, performs static and dynamic analysis on the assignment to evaluate the graphical output of the program, and returns the grade and feedback to the student. It then evaluates AutoGrad by analyzing data collected from the two online cohorts of 1000+ students of our SuaCode smartphone-based course. From the analysis and students' feedback, AutoGrad is shown to be adequate for automatic assessment, feedback provision to students, and easy integration for both cloud and standalone usage by reducing the time and effort required in grading the 4 assignments required to complete the course.",arxiv,llm,0.860,unreviewed,,doi:10.48550/arxiv.2107.12244
kept,Acknowledging Good Java Code with Code Perfumes,Philipp Straubinger; Florian Obermüller; Gordon Fraser,2024,cs.SE,10.48550/arXiv.2406.16348,http://arxiv.org/abs/2406.16348v1,supports-claim,"Java remains one of the most popular programming languages in education. Although Java programming education is well supported by study materials, learners also need more immediate support on the problems they face in their own code. When this support cannot be offered by educators personally, learners can resort to automated program analysis tools such as linters, which provide feedback on potential bugs or code issues. This is constructive feedback, but it may nevertheless feel like criticism. This paper introduces code perfumes for Java, a simple program analysis technique similar to linting, but commending the correct application of good programming practices. We present a catalogue of 20 Java code perfumes related to common Java language constructs for beginner to immediate learners. Our evaluation shows that these code perfumes occur frequently in learners' code, and programs with more code perfume instances tend to have better functionality and readability. Moreover, students who incorporate more code perfumes tend to achieve higher grades. Thus, code perfumes serve as a valuable tool to acknowledge learners' successes, and as a means to inform instructors about their learners' progress.",arxiv,llm,0.870,unreviewed,,doi:10.48550/arxiv.2406.16348
discarded,Enhancing Operating Systems Courses Through Automated Assessment,"Buckner, Mitchell; Prajapati, Devanshi; Acuna, Ruben",2025,"2025 IEEE FRONTIERS IN EDUCATION CONFERENCE, FIE",10.1109/FIE63693.2025.11328229,https://www.webofscience.com/wos/woscc/full-record/WOS:001792342800102,adjacent-subtopic,"This innovative practice full paper describes the challenges of teaching operating systems programming and how automated assessment can be introduced to address them. Operating systems courses help students understand the role of run-time environments in executing software and often introduce topics like thread management and terminal application development. To teach the fundamentals of operating systems, these courses are usually taught in a language like C that provides low-level access to resources. Based on the challenges of using a low-level language, we have developed an automated assessment framework using code instrumentation and static analysis techniques that extend the commonly used unit testing style methodology wherein various test cases are created for student functions. Our techniques allow the assessment of additional requirements such as effective memory management. Although there is substantial work on applying automated assessment in introductory courses (often taught in Java), it has yet to gain prominence in advanced courses. It has been shown to improve student performance, further motivating its use in more advanced courses. As a step towards leveraging automated assessment, we discuss the design of an automated assessment tool for a programming assignment that focuses on practicing memory management. We perform an initial evaluation of its use in the operating systems course at our university to demonstrate the assessment accuracy. Our work contributes a discussion of the challenges involved in teaching operating systems programming, how those challenges can be addressed with automated assessment, and a framework for integrating automated assessment into low-level course assignments.",wos,llm,0.830,unreviewed,,doi:10.1109/fie63693.2025.11328229
discarded,Cognitive-Aware Generative AI System for Intelligent Code Debugging and Programming Instruction,"Zhang, Yingying; Li, Xudong; Liu, Runze; Huang, Xuefei; Sheng, Hao; Yang, Da; Li, Ying; Zhu, Tongyu; Zhu, Haogang",2025,"2025 IEEE INTERNATIONAL CONFERENCE ON TEACHING, ASSESSMENT, AND LEARNING FOR ENGINEERING, TALE",10.1109/TALE66047.2025.11346746,https://www.webofscience.com/wos/woscc/full-record/WOS:001800602200122,adjacent-subtopic,"This study proposes a generative AI- based system for programming error detection and heuristic correction, aiming to address instruction challenges in programming courses and promote a cognitive science-oriented transformation in programming education. Technically, the system adopts a threedimensional collaborative mechanism- static analysis, dynamic tracing, and large model inference-to overcome traditional onedimensional detection methods and accurately identify students' cognitive blind spots. Pedagogically, it pioneers a chain-of-thought heuristic strategy that guides students through a progressive hint sequence of ""error attribution, logic reconstruction, and optimization validation,"" fostering a complete cognitive process from ""requirement analysis"" to ""algorithm design"" and ""code implementation."" Equipped with a dynamic cognitive support engine, the system generates personalized feedback strategies based on learner profiling, achieving a shift from mechanical error correction to cognitive restructuring. Experimental validation demonstrates that the framework effectively promotes knowledge internalization and skill enhancement. Future developments will extend to the creation of visualization training modules for complex programming paradigms such as recursion and concurrency, continuously advancing the intelligent transformation of programming education.",wos,llm,0.810,unreviewed,,doi:10.1109/tale66047.2025.11346746
discarded,Student Research Abstract: Automatic Functions Annotations through Concrete Procedural Debugging and ELF Libification,"Brossard, Jonathan",2025,40TH ANNUAL ACM SYMPOSIUM ON APPLIED COMPUTING,10.1145/3672608.3707995,https://www.webofscience.com/wos/woscc/full-record/WOS:001497934400253,off-topic-false-hit,"In this article, we present a novel approach to program analysis through selective concrete execution. While static analysis of ELF binaries is necessarily limited by the theoretical undecidability of control-flow and data-flow analysis algorithms, we detail a new approach to reverse engineering through selective concrete execution of arbitrary functions within a x86_64 GNU/Linux binary by transforming ELF applications into shared libraries. This approach, named ""procedural debugging"", allows us to empirically recover information about function parameters and return values without resorting to any disassembly or decompilation, which are undecidable in general. In turn, this dynamic approach may be used as a feedback loop into existing program analyzers, being them static, fuzzing, symbolic, or concolic, to enrich their understanding of application interfaces. We publish an open-source framework, named the Witchcraft Compiler Collection, under a permissive MIT/BSD license, implementing binary libification, procedural debugging, and automatic function prototype annotations with the hope of benefiting the security community.",wos,llm,0.950,unreviewed,,doi:10.1145/3672608.3707995
discarded,Fault Localization for Novice Programs Combining Static Analysis and Dynamic Detection,"Wan, Han; Nie, Wenhao; Yue, Shiyang; Luo, Xiaoyan",2024,"2024 IEEE 48TH ANNUAL COMPUTERS, SOFTWARE, AND APPLICATIONS CONFERENCE, COMPSAC 2024",10.1109/COMPSAC61105.2024.00023,https://www.webofscience.com/wos/woscc/full-record/WOS:001308581200013,adjacent-subtopic,"In programming teaching, teachers or teaching assistants often need to spend a lot of energy helping students solve the problems they face when doing programming. It will be helpful to provide students with valuable programming feedback, such as information on faulty lines. However, most existing algorithms do not perform well on novice programs. Therefore, considering the background in programming teaching, we proposed a novel approach combining static analysis with dynamic detection by using the correct programs submitted by previous students and coverage information for the incorrect program. In particular, the core of the static analysis module is to locate specific faulty lines through syntax tree difference comparison, which includes matching similar programs, variable mapping and replacement, and fault localization based on abstract syntax tree differences. The core of the module on dynamic detection is to perform traditional Spectrum-based Fault Localization. To evaluate the effectiveness of our proposed approach, we conducted some empirical studies on 223 student-failure programs in the real world. The experimental results indicate that our approach outperforms other baselines regarding TOP-1 and TOP-3. Furthermore, we analyzed the performance of our method on different categories of programming problems as well as the effectiveness of the combination of static analysis and dynamic detection.",wos,llm,0.860,unreviewed,,doi:10.1109/compsac61105.2024.00023
discarded,PYNBLINT: A quality assurance tool to improve the quality of Python Jupyter notebooks,"Quaranta, Luigi; Calefato, Fabio; Lanubile, Filippo",2024,SOFTWAREX,10.1016/j.softx.2024.101959,https://www.webofscience.com/wos/woscc/full-record/WOS:001356781200001,adjacent-subtopic,"Jupyter Notebook is widely recognized as a crucial tool for data science professionals and students. Its interactive and self-documenting nature makes it particularly suitable for data-driven programming tasks. Nonetheless, it faces criticism for its limited support for software engineering best practices and its tendency to encourage bad programming habits, such as non-linear code execution. These issues often result in nonreproducible, poorly documented, and low-quality notebook code. In this paper, we introduce PYNBLINT, a static analyzer for Python Jupyter notebooks. PYNBLINT is designed to help data scientists write better notebooks, easy to understand and reproduce. We report on how we validated PYNBLINT with both professional data scientists and students, receiving overall positive feedback. Additionally, we discuss the potential of PYNBLINT to facilitate research inquiries into computational notebooks.",wos,llm,0.920,unreviewed,,doi:10.1016/j.softx.2024.101959
