status,title,authors,year,venue,doi,url,tags,abstract,provider,decision_source,llm_confidence,llm_review_outcome,llm_change_direction,paper_id
In this paper, we define the first holistic readability-improving approach. As a first contribution, we introduce a methodology for automatically identifying readability-improving commits, and we use it to build a large dataset of 122k commits by mining the whole revision history of all the projects hosted on GitHub between 2015 and 2022. We show that such a methodology has similar to 86% accuracy. As a second contribution, we train and test the T5 model to emulate what developers did to improve readability. We show that our model achieves a perfect prediction accuracy between 21% and 28%. The results of a manual evaluation we performed on 500 predictions shows that when the model does not change the behavior of the input and it applies changes (34% of the cases), in the large majority of the cases (79.4%) it allows to improve code readability.",wos,llm,0.940,unreviewed,,doi:10.1109/ase56229.2023.00112
discarded,iSCREAM: a suite for Smart Contract REAdability assessMent,"Canfora, Gerardo; Di Sorbo, Andrea; Fredella, Michele; Vacca, Anna; Visaggio, Corrado A.",2021,2021 IEEE INTERNATIONAL CONFERENCE ON SOFTWARE MAINTENANCE AND EVOLUTION (ICSME 2021),10.1109/ICSME52107.2021.00060,https://www.webofscience.com/wos/woscc/full-record/WOS:000790782500054,adjacent-subtopic,"Blockchain is increasingly revolutionizing a variety of sectors, from finance to healthcare. Indeed, the availability of public blockchain platforms, such as Ethereum, has stimulated the development of hundreds of decentralized apps (dApps) that combine smart contract(s) and a front-end user interface. Smart contracts are software, as well, and, as traditional software, they require to be developed and maintained or evolved. Among all the quality properties that must be assessed and guaranteed, readability is a key aspect of source code: a highly readable code facilitates its maintainability, portability, and reusability. This is especially true when considering smart contracts, where code reuse is widely adopted. Indeed, smart contract developers often integrate code portions from other smart contracts in their artifacts. To help developers and researchers more easily estimating and monitoring the code readability of smart contracts, in this demo, we present iSCREAM. iSCREAM automatically inspects Solidity smart contracts and computes a set of metrics that previous research demonstrated being related to code readability. We evaluated iSCREAM on 90 real-world smart contract functions, showing that our tool correctly computes all the aforementioned metrics. Demo webpage: https://github.com/mfredella/iSCREAM",wos,llm,0.920,unreviewed,,doi:10.1109/icsme52107.2021.00060
discarded,Validating the knowledge bank approach for personalized prediction of survival in acute myeloid leukemia: a reproducibility study,"Xu, Yujun; Mansmann, Ulrich",2022,HUMAN GENETICS,10.1007/s00439-022-02455-8,https://www.webofscience.com/wos/woscc/full-record/WOS:000782874500001,off-topic-false-hit,"Reproducibility is not only essential for the integrity of scientific research but is also a prerequisite for model validation and refinement for the future application of predictive algorithms. However, reproducible research is becoming increasingly challenging, particularly in high-dimensional genomic data analyses with complex statistical or algorithmic techniques. Given that there are no mandatory requirements in most biomedical and statistical journals to provide the original data, analytical source code, or other relevant materials for publication, accessibility to these supplements naturally suggests a greater credibility of the published work. In this study, we performed a reproducibility assessment of the notable paper by Gerstung et al. (Nat Genet 49:332-340, 2017) by rerunning the analysis using their original code and data, which are publicly accessible. Despite an open science setting, it was challenging to reproduce the entire research project; reasons included: incomplete data and documentation, suboptimal code readability, coding errors, limited portability of intensive computing performed on a specific platform, and an R computing environment that could no longer be re-established. We learn that the availability of code and data does not guarantee transparency and reproducibility of a study; paradoxically, the source code is still liable to error and obsolescence, essentially due to methodological and computational complexity, a lack of reproducibility checking at submission, and updates for software and operating environment. The complex code may also hide problematic methodological aspects of the proposed research. Building on the experience gained, we discuss the best programming and software engineering practices that could have been employed to improve reproducibility, and propose practical criteria for the conduct and reporting of reproducibility studies for future researchers.",wos,llm,0.990,unreviewed,,doi:10.1007/s00439-022-02455-8
discarded,Towards Automatically Generating a Personalized Code Formatting Mechanism,"Karanikiotis, Thomas; Chatzidimitriou, Kyriakos C.; Symeonidis, Andreas L.",2021,PROCEEDINGS OF THE 16TH INTERNATIONAL CONFERENCE ON SOFTWARE TECHNOLOGIES (ICSOFT),10.5220/0010579900900101,https://www.webofscience.com/wos/woscc/full-record/WOS:000777981500008,adjacent-subtopic,"Source code readability and comprehensibility are continuously gaining interest, due to the wide adoption of component-based software development and the (re)use of software residing in code hosting platforms. Consistent code styling and formatting across a project tend to improve readability, while most code formatting approaches rely on a set of rules defined by experts, that aspire to model a commonly accepted formatting. This approach is usually based on the experts' expertise, is time-consuming and does not take into account the way a team develops software. Thus, it becomes too intrusive and, in many cases, is not adopted. In this work we present an automated mechanism, that, given a set of source code files, can be trained to recognize the formatting style used across a project and identify deviations, in a completely unsupervised manner. At first, source code is transformed into small meaningful pieces, called tokens, which are used to train the models of our mechanism, in order to predict the probability of a token being wrongly positioned. Preliminary evaluation on various axes indicates that our approach can effectively detect formatting deviations from the project's code styling and provide actionable recommendations to the developer.",wos,llm,0.950,unreviewed,,doi:10.5220/0010579900900101
discarded,PromiseAwait: A Dataset of JavaScript Migrations from Promises to Async/Await,Magesty R.A.,2026,Proceedings 2026 IEEE ACM 3rd International Conference on AI Foundation Models and Software Engineering Forge 2026,10.1145/3793655.3793714,https://www.scopus.com/inward/record.uri?partnerID=HzOxMe3b&scp=105046228871&origin=inward,off-topic-false-hit,,scopus,llm,0.850,unreviewed,,doi:10.1145/3793655.3793714
discarded,Accelerating the A2D Ocean Model With Standard Language Parallelism,Chen B.,2026,IEEE Access,10.1109/ACCESS.2026.3668413,https://www.scopus.com/inward/record.uri?partnerID=HzOxMe3b&scp=105031588032&origin=inward,off-topic-false-hit,,scopus,llm,0.980,unreviewed,,doi:10.1109/access.2026.3668413
discarded,TMH: A TRANSFORMER-MARKOV HYBRID MODEL FOR BEHAVIOR-AWARE CODE SUMMARIZATION,Benyamina Z.,2025,Journal of Engineering and Technology for Industrial Applications,10.5935/jetia.v11i56.2687,https://www.scopus.com/inward/record.uri?partnerID=HzOxMe3b&scp=105028202193&origin=inward,adjacent-subtopic,,scopus,llm,0.900,unreviewed,,doi:10.5935/jetia.v11i56.2687
discarded,A comparison of code quality metrics and best practices in non-IoT and IoT systems,Khezemi N.,2025,Internet of Things the Netherlands,10.1016/j.iot.2025.101803,https://www.scopus.com/inward/record.uri?partnerID=HzOxMe3b&scp=105020317402&origin=inward,adjacent-subtopic,,scopus,llm,0.840,unreviewed,,doi:10.1016/j.iot.2025.101803
discarded,A tool for measuring program comprehensibility using readability-driven metrics,Rahman M.M.,2025,Software Impacts,10.1016/j.simpa.2025.100782,https://www.scopus.com/inward/record.uri?partnerID=HzOxMe3b&scp=105014391877&origin=inward,adjacent-subtopic,,scopus,llm,0.880,unreviewed,,doi:10.1016/j.simpa.2025.100782
discarded,Enabling Lightweight Performance Analysis of Complex Scientific Workflows with PerfFlowAspect,Lisan A.,2025,Scalable Scientific Data Management 37th International Conference Ssdbm 2025 Proceedings,10.1145/3733723.3733734,https://www.scopus.com/inward/record.uri?partnerID=HzOxMe3b&scp=105036531903&origin=inward,off-topic-false-hit,,scopus,llm,0.980,unreviewed,,doi:10.1145/3733723.3733734
discarded,Improving Code Readability: A Machine Learning Approach to Classifying Valuable Source Code Comments,Agrawal S.,2025,Ceur Workshop Proceedings,,https://www.scopus.com/inward/record.uri?partnerID=HzOxMe3b&scp=105019040645&origin=inward,off-topic-false-hit,,scopus,llm,0.860,unreviewed,,hash:80c9282b04aa0017
discarded,Code Summarization Beyond Function Level,Makharev V.,2025,Proceedings 2025 IEEE ACM International Workshop on Large Language Models for Code Llm4code 2025,10.1109/LLM4Code66737.2025.00024,https://www.scopus.com/inward/record.uri?partnerID=HzOxMe3b&scp=105009094889&origin=inward,adjacent-subtopic,,scopus,llm,0.900,unreviewed,,doi:10.1109/llm4code66737.2025.00024
discarded,Towards Efficient Code Documentation: A Dataset for Automated Comment Generation in Java,Cherradi M.,2025,Lecture Notes in Networks and Systems,10.1007/978-3-031-94623-3_25,https://www.scopus.com/inward/record.uri?partnerID=HzOxMe3b&scp=105015663847&origin=inward,off-topic-false-hit,,scopus,llm,0.880,unreviewed,,doi:10.1007/978-3-031-94623-3_25
discarded,Machine Learning Techniques for Automatic Program Repair: A Systematic Literature Mapping,Domínguez-Isidro S.,2025,Studies in Computational Intelligence,10.1007/978-3-031-90310-6_32,https://www.scopus.com/inward/record.uri?partnerID=HzOxMe3b&scp=105015054321&origin=inward,off-topic-false-hit,,scopus,llm,0.950,unreviewed,,doi:10.1007/978-3-031-90310-6_32
discarded,PseudoFix: Refactoring Distorted Structures in Decompiled C Pseudocode,Li G.,2025,Proceedings 2025 40th IEEE ACM International Conference on Automated Software Engineering Ase 2025,10.1109/ASE63991.2025.00075,https://www.scopus.com/inward/record.uri?partnerID=HzOxMe3b&scp=105034683927&origin=inward,adjacent-subtopic,,scopus,llm,0.870,unreviewed,,doi:10.1109/ase63991.2025.00075
discarded,DLCoG: A Novel Framework for Dual-Level Code Comment Generation Based on Semantic Segmentation and In-Context Learning,Zhang Z.,2025,IEEE International Conference on Program Comprehension,10.1109/ICPC66645.2025.00036,https://www.scopus.com/inward/record.uri?partnerID=HzOxMe3b&scp=105009034288&origin=inward,off-topic-false-hit,,scopus,llm,0.900,unreviewed,,doi:10.1109/icpc66645.2025.00036
discarded,Evaluating Source Code Quality with Large Languagem Models: a comparative study,da Silva Simões I.R.,2024,ACM International Conference Proceeding Series,10.1145/3701625.3701650,https://www.scopus.com/inward/record.uri?partnerID=HzOxMe3b&scp=85216212447&origin=inward,off-topic-false-hit,,scopus,llm,0.880,unreviewed,,doi:10.1145/3701625.3701650
discarded,Automatic Naming of Source Code Based on Information Retrieval,Li X.,2024,Jisuanji Gongcheng Computer Engineering,10.19678/j.issn.1000-3428.0068041,https://www.scopus.com/inward/record.uri?partnerID=HzOxMe3b&scp=85202777862&origin=inward,adjacent-subtopic,,scopus,llm,0.890,unreviewed,,doi:10.19678/j.issn.1000-3428.0068041
discarded,"Efficient Test Case Generation Using Model-Based Testing, and Model Paradigm Approach",Jadhav P.,2024,Lecture Notes in Networks and Systems,10.1007/978-981-97-1724-8_70,https://www.scopus.com/inward/record.uri?partnerID=HzOxMe3b&scp=85200776933&origin=inward,off-topic-false-hit,,scopus,llm,0.970,unreviewed,,doi:10.1007/978-981-97-1724-8_70
discarded,Towards development of an effective AI-based system for relevant comment generation,Kumari T.,2023,ACM International Conference Proceeding Series,10.1145/3632754.3632770,https://www.scopus.com/inward/record.uri?partnerID=HzOxMe3b&scp=85185397641&origin=inward,off-topic-false-hit,,scopus,llm,0.900,unreviewed,,doi:10.1145/3632754.3632770
discarded,Snippet Comment Generation Based on Code Context Expansion,Guo H.,2023,ACM Transactions on Software Engineering and Methodology,10.1145/3611664,https://www.scopus.com/inward/record.uri?partnerID=HzOxMe3b&scp=85183757913&origin=inward,off-topic-false-hit,,scopus,llm,0.910,unreviewed,,doi:10.1145/3611664
discarded,A graph-based code representation method to improve code readability classification,Mi Q.,2023,Empirical Software Engineering,10.1007/s10664-023-10319-6,https://www.scopus.com/inward/record.uri?partnerID=HzOxMe3b&scp=85160003449&origin=inward,adjacent-subtopic,,scopus,llm,0.950,unreviewed,,doi:10.1007/s10664-023-10319-6
discarded,What makes a readable code? A causal analysis method,Mi Q.,2023,Software Practice and Experience,10.1002/spe.3192,https://www.scopus.com/inward/record.uri?partnerID=HzOxMe3b&scp=85148532220&origin=inward,adjacent-subtopic,,scopus,llm,0.860,unreviewed,,doi:10.1002/spe.3192
discarded,DiverseVul: A New Vulnerable Source Code Dataset for Deep Learning Based Vulnerability Detection,Yizheng Chen; Zhoujie Ding; Lamya Alowain; Xinyun Chen; David Wagner,2023,,10.1145/3607199.3607242,https://openalex.org/W4387298393,off-topic-false-hit,"We propose and release a new vulnerable source code dataset. We curate the dataset by crawling security issue websites, extracting vulnerability-fixing commits and source codes from the corresponding projects. Our new dataset contains 18,945 vulnerable functions spanning 150 CWEs and 330,492 non-vulnerable functions extracted from 7,514 commits. Our dataset covers 295 more projects than all previous datasets combined.",openalex,llm,0.980,unreviewed,,doi:10.1145/3607199.3607242
discarded,,Miltiadis Allamanis; Earl T. Barr; Prémkumar Dévanbu; Charles Sutton,,Edinburgh Research Explorer (University of Edinburgh),,https://openalex.org/W2963935794,adjacent-subtopic,"Research at the intersection of machine learning, programming languages, and software engineering has recently taken important steps in proposing learnable probabilistic models of source code that exploit the abundance of patterns of code. In this article, we survey this work. We contrast programming languages against natural languages and discuss how these similarities and differences drive the design of probabilistic models. We present a taxonomy based on the underlying design principles of each model and use it to navigate the literature. Then, we review how researchers have adapted these models to application areas and discuss cross-cutting and application-specific challenges and opportunities.",openalex,llm,0.910,unreviewed,,hash:d1a62a9792f2c252
discarded,Big code != big vocabulary,Rafael-Michael Karampatsis; Hlib Babii; Romain Robbes; Charles Sutton; Andrea Janes,2020,,10.1145/3377811.3380342,https://openalex.org/W3011564318,adjacent-subtopic,"Statistical language modeling techniques have successfully been applied to large source code corpora, yielding a variety of new software development tools, such as tools for code suggestion, improving readability, and API migration. A major issue with these techniques is that code introduces new vocabulary at a far higher rate than natural language, as new identifier names proliferate. Both large vocabularies and out-of-vocabulary issues severely affect Neural Language Models (NLMs) of source code, degrading their performance and rendering them unable to scale.",openalex,llm,0.900,unreviewed,,doi:10.1145/3377811.3380342
discarded,Code Flows: Visualizing Structural Evolution of Source Code,Alexandru Telea; David Auber,2008,Computer Graphics Forum,10.1111/j.1467-8659.2008.01214.x,https://openalex.org/W2115890908,off-topic-false-hit,"Abstract Understanding detailed changes done to source code is of great importance in software maintenance. We present Code Flows, a method to visualize the evolution of source code geared to the understanding of fine and mid‐level scale changes across several file versions. We enhance an existing visual metaphor to depict software structure changes with techniques that emphasize both following unchanged code as well as detecting and highlighting important events such as code drift, splits, merges, insertions and deletions. The method is illustrated with the analysis of a real‐world C++ code system.",openalex,llm,0.930,unreviewed,,doi:10.1111/j.1467-8659.2008.01214.x
discarded,A survey on machine learning techniques applied to source code,Tushar Sharma; Maria Kechagia; Stefanos Georgiou; Rohit Tiwari; Indira Vats; Hadi Moazen; Federica Sarro,2023,Journal of Systems and Software,10.1016/j.jss.2023.111934,https://openalex.org/W4389980560,adjacent-subtopic,"The advancements in machine learning techniques have encouraged researchers to apply these techniques to a myriad of software engineering tasks that use source code analysis, such as testing and vulnerability detection. Such a large number of studies hinders the community from understanding the current research landscape. This paper aims to summarize the current knowledge in applied machine learning for source code analysis. We review studies belonging to twelve categories of software engineering tasks and corresponding machine learning techniques, tools, and datasets that have been applied to solve them. To do so, we conducted an extensive literature search and identified 494 studies. We summarize our observations and findings with the help of the identified studies. Our findings suggest that the use of machine learning techniques for source code analysis tasks is consistently increasing. We synthesize commonly used steps and the overall workflow for each task and summarize machine learning techniques employed. We identify a comprehensive list of available datasets and tools useable in this context. Finally, the paper discusses perceived challenges in this area, including the availability of standard datasets, reproducibility and replicability, and hardware resources. Editor’s note: Open Science material was validated by the Journal of Systems and Software Open Science Board.",openalex,llm,0.900,unreviewed,,doi:10.1016/j.jss.2023.111934
discarded,WebSRC: A Dataset for Web-Based Structural Reading Comprehension,Xingyu Chen; Zihan Zhao; Lu Chen; Jiabao Ji; Danyang Zhang; Ao Luo; Yuxuan Xiong; Kai Yu,2021,Proceedings of the 2021 Conference on Empirical Methods in Natural Language Processing,10.18653/v1/2021.emnlp-main.343,https://openalex.org/W3121976951,off-topic-false-hit,"Web search is an essential way for humans to obtain information, but it's still a great challenge for machines to understand the contents of web pages. In this paper, we introduce the task of structural reading comprehension (SRC) on web. Given a web page and a question about it, the task is to find the answer from the web page. This task requires a system not only to understand the semantics of texts but also the structure of the web page. Moreover, we proposed Web-SRC, a novel Web-based Structural Reading Comprehension dataset. WebSRC consists of 400K question-answer pairs, which are collected from 6.4K web pages. Along with the QA pairs, corresponding HTML source code, screenshots, and metadata are also provided in our dataset. Each question in WebSRC requires a certain structural understanding of a web page to answer, and the answer is either a text span on the web page or yes/no. We evaluate various baselines on our dataset to show the difficulty of our task. We also investigate the usefulness of structural information and visual features. Our dataset and baselines have been publicly available 1 .",openalex,llm,0.990,unreviewed,,doi:10.18653/v1/2021.emnlp-main.343
