status,title,authors,year,venue,doi,url,tags,abstract,provider,decision_source,llm_confidence,llm_review_outcome,llm_change_direction,paper_id
discarded,Video Quality Assessment and Coding Complexity of the Versatile Video Coding Standard,Thomas Amestoy; Naty Sidaty; Wassim Hamidouche; Pierrick Philippe; Daniel Menard,2023,eess.IV,10.48550/arXiv.2310.13093,http://arxiv.org/abs/2310.13093v1,off-topic-false-hit,"In recent years, the proliferation of multimedia applications and formats, such as IPTV, Virtual Reality (VR, 360-degree), and point cloud videos, has presented new challenges to the video compression research community. Simultaneously, there has been a growing demand from users for higher resolutions and improved visual quality. To further enhance coding efficiency, a new video coding standard, Versatile Video Coding (VVC), was introduced in July 2020. This paper conducts a comprehensive analysis of coding performance and complexity for the latest VVC standard in comparison to its predecessor, High Efficiency Video Coding (HEVC). The study employs a diverse set of test sequences, covering both High Definition (HD) and Ultra High Definition (UHD) resolutions, and spans a wide range of bit-rates. These sequences are encoded using the reference software encoders of HEVC (HM) and VVC (VTM). The results consistently demonstrate that VVC outperforms HEVC, achieving bit-rate savings of up to 40% on the subjective quality scale, particularly at realistic bit-rates and quality levels. Objective quality metrics, including PSNR, SSIM, and VMAF, support these findings, revealing bit-rate savings ranging from 31% to 40%, depending on the video content, spatial resolution, and the selected quality metric. However, these improvements in coding efficiency come at the cost of significantly increased computational complexity. On average, our results indicate that the VVC decoding process is 1.5 times more complex, while the encoding process becomes at least eight times more complex than that of the HEVC reference encoder. Our simultaneous profiling of the two standards sheds light on the primary evolutionary differences between them and highlights the specific stages responsible for the observed increase in complexity.",arxiv,llm,0.990,unreviewed,,doi:10.48550/arxiv.2310.13093
discarded,ContextCov: Deriving and Enforcing Executable Constraints from Agent Instruction Files,Reshabh K Sharma,2026,cs.SE,10.48550/arXiv.2603.00822,http://arxiv.org/abs/2603.00822v2,adjacent-subtopic,"As Large Language Model (LLM) agents increasingly execute complex, autonomous software engineering tasks, developers rely on natural language instruction files such as AGENTS.md to express project-specific coding conventions, tooling restrictions, and architectural boundaries. However, because these instructions remain passive text, agents frequently violate documented constraints due to context window saturation or conflicting local context. In autonomous settings without real-time human supervision, such violations rapidly compound into technical debt.
  To ground autonomous agents in repository constraints, we introduce ContextCov, a framework that transforms passive natural language instructions into executable guardrails. Unlike prompt-only or reflection-only compliance approaches, ContextCov compiles documented constraints into three complementary checks: static AST queries for code patterns, runtime shell shims that intercept prohibited commands, and architectural validators that enforce structural rules. Acting as an automated, continuous reviewer, ContextCov intercepts agent actions and returns immediate, reproducible violation traces, enabling self-correction before non-compliant changes are finalized.
  We evaluate ContextCov on SWE-bench Lite (12 repositories, 300 tasks). Compared to prompt-only and LLM reflection baselines, ContextCov achieves 88.3% constraint compliance (vs. 67.0% and 50.3%) with 3.4x lower feedback cost, while maintaining functional correctness. The source code and evaluation results are available at https://github.com/reSHARMA/ContextCov.",arxiv,llm,0.900,unreviewed,,doi:10.48550/arxiv.2603.00822
discarded,Improving Code Review with GitHub Issue Tracking,Abduljaleel Al-Rubaye; Gita Sukthankar,2022,cs.SI,10.48550/arXiv.2210.04434,http://arxiv.org/abs/2210.04434v1,adjacent-subtopic,"Software quality is an important problem for technology companies, since it substantially impacts the efficiency, usefulness, and maintainability of the final product; hence, code review is a must-do activity for software developers. During the code review process, senior engineers monitor other developers' work to spot possible problems and enforce coding standards. One of the most widely used open-source software platforms, GitHub, attracts millions of developers who use it to store their projects. This study aims to analyze code quality on GitHub from the standpoint of code reviews. We examined the code review process using GitHub's Issues Tracker, which allows team members to evaluate, discuss, and share their opinions on the proposed code before it is approved. Based on our analysis, we present a novel approach for improving the code review process by promoting regularity and community involvement.",arxiv,llm,0.840,unreviewed,,doi:10.48550/arxiv.2210.04434
discarded,Do Code LLMs Understand Design Patterns?,Zhenyu Pan; Xuefeng Song; Yunkun Wang; Rongyu Cao; Binhua Li; Yongbin Li; Han Liu,2025,cs.SE,10.48550/arXiv.2501.04835,http://arxiv.org/abs/2501.04835v1,adjacent-subtopic,"Code Large Language Models (LLMs) demonstrate great versatility in adapting to various downstream tasks, including code generation and completion, as well as bug detection and fixing. However, Code LLMs often fail to capture existing coding standards, leading to the generation of code that conflicts with the required design patterns for a given project. As a result, developers must post-process to adapt the generated code to the project's design norms. In this work, we empirically investigate the biases of Code LLMs in software development. Through carefully designed experiments, we assess the models' understanding of design patterns across recognition, comprehension, and generation. Our findings reveal that biases in Code LLMs significantly affect the reliability of downstream tasks.",arxiv,llm,0.870,unreviewed,,doi:10.48550/arxiv.2501.04835
discarded,PELLI: Framework to effectively integrate LLMs for quality software generation,Rasmus Krebs; Somnath Mazumdar,2026,cs.SE,10.48550/arXiv.2602.10808,http://arxiv.org/abs/2602.10808v1,adjacent-subtopic,"Recent studies have revealed that when LLMs are appropriately prompted and configured, they demonstrate mixed results. Such results often meet or exceed the baseline performance. However, these comparisons have two primary issues. First, they mostly considered only reliability as a comparison metric and selected a few LLMs (such as Codex and ChatGPT) for comparision. This paper proposes a comprehensive code quality assessment framework called Programmatic Excellence via LLM Iteration (PELLI). PELLI is an iterative analysis-based process that upholds high-quality code changes. We extended the state-of-the-art by performing a comprehensive evaluation that generates quantitative metrics for analyzing three primary nonfunctional requirements (such as maintainability, performance, and reliability) while selecting five popular LLMs. For PELLI's applicability, we selected three application domains while following Python coding standards. Following this framework, practitioners can ensure harmonious integration between LLMs and human developers, ensuring that their potential is fully realized. PELLI can serve as a practical guide for developers aiming to leverage LLMs while adhering to recognized quality standards. This study's outcomes are crucial for advancing LLM technologies in real-world applications, providing stakeholders with a clear understanding of where these LLMs excel and where they require further refinement. Overall, based on three nonfunctional requirements, we have found that GPT-4T and Gemini performed slightly better. We also found that prompt design can influence the overall code quality. In addition, each application domain demonstrated high and low scores across various metrics, and even within the same metrics across different prompts.",arxiv,llm,0.860,unreviewed,,doi:10.48550/arxiv.2602.10808
discarded,Enhancing the Non-Functional Quality Compliance of LLM-Generated Code through Quality-Aware Preference Learning,Liang Lu; Yuan Jiang; Christoph Treude; Shuzheng Gao; Jingyu Xiao; Xiaohong Su; Michael R. Lyu,2025,cs.SE,10.48550/arXiv.2503.09020,http://arxiv.org/abs/2503.09020v3,adjacent-subtopic,"Large Language Models (LLMs) have been widely adopted in commercial code completion engines, significantly enhancing coding efficiency and productivity. However, even functionally correct LLM-generated code may exhibit non-functional quality issues that violate coding standards and best practices, such as poor style and limited maintainability. To address this, we propose a framework for quality-aware preference learning that guides LLMs toward generating criteria-compliant code. Our approach consists of three phases. First, we construct a dataset of paired criteria-violating and criteria-compliant samples, where each pair contains code exhibiting a specific non-functional quality issue and its repaired version that resolves the issue. Second, we design an adaptive token weighting mechanism to emphasize quality-sensitive code regions. Third, we introduce a hybrid optimization objective that combines ranking loss with language modeling loss and KL divergence to enable effective comparative optimization. Extensive experiments on DeepSeek-Coder and Qwen2.5-Coder show that our method substantially improves compliance with the targeted non-functional quality criteria while maintaining functional correctness, achieving a 75.7% relative increase in Quality Reciprocal Score (QRS) on MBPP-sanitized for Qwen2.5-Coder. Fine-tuning a 7B model requires less than three hours, indicating strong practical viability. Ablation studies and a user study further support the effectiveness of the proposed framework.",arxiv,llm,0.910,unreviewed,,doi:10.48550/arxiv.2503.09020
discarded,Wavefront Parallelization for Efficient Learned Image Compression,Shimon Murai; Fangzheng Lin; Kasidis Arunruangsirilert; Jiro Katto,2026,eess.IV,10.48550/arXiv.2607.19082,http://arxiv.org/abs/2607.19082v1,off-topic-false-hit,"Autoregressive context models are foundational for learned image compression,but they suffer from slow serial inference. Existing acceleration methods such as checkerboard context require architectural changes and retraining, thus are inapplicable to pre-trained models. We propose a completely training-free inference-time acceleration algorithm inspired by wavefront parallelism in video coding standards. Our method reorganizes inference into an optimal ``staggered'' wavefront order, minimizing sequential steps while maintaining exact autoregressive dependencies. Experimental results show our approach accelerates pre-trained autoregressive models (e.g., Cheng et al.) by more than $13\times$ while preserving the original rate-distortion performance. We also demonstrate that faster decoding is possible by trading off precise context dependencies. Source code will be available at https://github.com/tokkiwa/compressai-wavefront.",arxiv,llm,0.990,unreviewed,,doi:10.48550/arxiv.2607.19082
discarded,SynH-Rank: Quality-Aware Code Search via Diverse Data Synthesis and Hierarchical Ranking Training,Keyu Liang; Haoye Wang; Yanfu Yan; Zhiyuan Wan; Zhongxin Liu,2026,cs.SE,10.48550/arXiv.2607.17139,http://arxiv.org/abs/2607.17139v1,adjacent-subtopic,"Code search enhances developer productivity by enabling efficient code reuse. Current code search systems often use a retrieve-then-rerank pipeline, where rerankers focus on modeling semantic relevance between queries and code. However, these rerankers overlook critical non-functional qualities like execution speed, memory usage, and maintainability, which are essential for practical software development. Studies reveal developers expect results to maintain high coding standards and satisfy specific needs, such as resource optimization, highlighting the importance of quality-aware code search.
  Achieving quality-aware code search faces two major challenges: the scarcity of quality-annotated datasets for effective training and the limitations of standard contrastive learning objectives, which fail to capture the ordinal relationships among high-quality, low-quality, and irrelevant code. Although contrastive learning excels in distinguishing relevant from irrelevant code, its binary objective does not support nuanced quality distinctions.To address these challenges, we propose SynH-Rank, a quality-aware code reranking framework that combines LLM-driven diverse data synthesis with hierarchical ranking training. SynH-Rank employs a three-level labeling scheme to explicitly model the hierarchy: high-quality relevant > low-quality relevant > irrelevant. Additionally, we introduce a new benchmark with 4,209 pairs and two novel metrics: Quality Preference Accuracy (QPA) for assessing prioritization of high-quality code and Multi-Condition Accuracy (MCA) for evaluating performance under complex constraints.Experimental results show SynH-Rank improves QPA by 20.15\% over backbone models and outperforms standard relevance-only contrastive training by 15.80\%, while simultaneously enhancing traditional relevance metrics and multi-condition generalizability.",arxiv,llm,0.880,unreviewed,,doi:10.48550/arxiv.2607.17139
discarded,Benchmark of Benchmarks: Unpacking Influence and Code Repository Quality in LLM Safety Benchmarks,Junjie Chu; Xinyue Shen; Ye Leng; Michael Backes; Yun Shen; Yang Zhang,2026,cs.CR,10.48550/arXiv.2603.04459,http://arxiv.org/abs/2603.04459v3,adjacent-subtopic,"The rapid expansion of research in LLM safety presents challenges in tracking advancements, making benchmarks important evaluation infrastructures for identifying key trends and facilitating systematic comparisons. Yet no systematic assessment exists of their code quality and runnability, nor of what factors are associated with the community's adoption of certain benchmarks over others. To address this gap, we conduct a systematic measurement study of 31 LLM safety benchmarks (covering prompt injection, jailbreak, and hallucination) with 382 non-benchmark papers as a control group, combining automated static analysis, human runnability testing (220+ person-hours), and bibliometric analysis. We find that only 39\% of benchmark repositories can run without modification, only 16\% provide flawless installation guides, and a mere 6\% include ethical considerations despite containing potentially harmful content. These deficiencies persist across the study period with no significant improvement. Analyzing adoption factors, we find that benchmark adoption correlates with author prominence and code runnability, but not with code quality standards such as Pylint score and maintainability, suggesting that the community's benchmark selection does not reward higher coding standards. Based on these results, we identify potential safety and reliability concerns. Some safety benchmark repositories openly expose harmful content, such as successful jailbreak responses, without any ethical warning or access control, effectively serving as unguarded attack resources. Furthermore, when benchmarks require ad-hoc modifications to run, downstream safety evaluations across different papers may not be comparable. We present case studies illustrating these concrete consequences and propose a targeted checklist to help benchmark contributors improve code quality, documentation, and ethical practices.",arxiv,llm,0.820,unreviewed,,doi:10.48550/arxiv.2603.04459
discarded,Recent Advances in Rate Control: From Optimisation to Implementation and Beyond,Xuekai Wei; Mingliang Zhou; Heqiang Wang; Haoyan Yang; Lei Chen; Sam Kwong,2022,cs.MM,10.1109/TCSVT.2023.3287561,http://arxiv.org/abs/2205.10815v2,off-topic-false-hit,"Video coding is a video compression technique that compresses the original video sequence to produce a smaller archive file or reduce the transmission bandwidth under constraints on the visual quality loss. Rate control (RC) plays a critical role in video coding. It can achieve stable stream output in practical applications, especially real-time video applications such as video conferencing or game live streaming. Most RC algorithms either directly or indirectly characterise the relationship between the bit rate (R) and quantisation (Q) and then allocate bits to every coding unit so as to guarantee the global bit rate and video quality level. This paper comprehensively reviews the classic RC technologies used in international video standards of past generations, analyses the mathematical models and implementation mechanisms of various schemes, and compares the performance of recent state-of-the-art RC algorithms. Finally, we discuss future directions and new application areas for RC methods. We hope that this review can help support the development, implementation, and application of RC for new video coding standards.",arxiv,llm,0.990,unreviewed,,doi:10.1109/tcsvt.2023.3287561
discarded,An Empirical Study of Automated Machine Learning Python Libraries Using Source Code Analysis,"O'Leary, Christian; Lynch, Conor; Toosi, Farshad Ghassemi",2026,APPLIED COMPUTER SYSTEMS,10.2478/acss-2026-0009,https://www.webofscience.com/wos/woscc/full-record/WOS:001783930700001,adjacent-subtopic,"The growth of Automated Machine Learning (AutoML) has expanded access to machine learning workflows by enabling the automation of tasks and reducing the technical barrier to entry. However, the reliability and maintainability of these libraries depend on the quality of their underlying source code. This study presents a novel, systematic analysis of 16 Python AutoML libraries utilising SonarQube - an industry-standard SCA platform - and Python analysis tools: Bandit, Coverage.py, Prospector, Pylint, Radon, and Ruff. The AutoML Libraries are evaluated using software quality metrics, which collectively reflect overall code complexity, maintainability, security, and adherence to Python coding standards.Strong agreement was observed between SonarQube-based rankings and rankings derived from Python-based tools. Based on median SCA rankings, the libraries were ordered (highest to lowest estimated code quality) as follows: Hyperopt-sklearn, AutoKeras, GAMA, MLBox, FEDOT, TPOT, MLJAR, LightAutoML, Auto-sklearn, PyCaret, FLAML, Auto-PyTorch, Ludwig, EvalML, AutoTS, and AutoGluon.An additional exploratory Spearman rank correlation analysis examined the relationship between SCA metrics and forecasting performance measures from a prior electricity price prediction benchmark (n = 7). Several SCA metrics exhibit strong monotonic relationships with forecasting error measures, e.g., SonarQube Violations and Code Smells correlate positively with mean absolute error (rho = 0.86), while Class Cyclomatic Complexity (rho = -0.89) and Duplicated Files (rho = - 0.86) correlate negatively with library execution time. Due to the limited sample size, these findings are descriptive and non-parametric. The results suggest that code quality scores may relate to lower-bound predictive performance and computational efficiency, warranting further validation.",wos,llm,0.900,unreviewed,,doi:10.2478/acss-2026-0009
