status,title,authors,year,venue,doi,url,tags,abstract,provider,decision_source,llm_confidence,llm_review_outcome,llm_change_direction,paper_id
discarded,Effects of Expertise and Strategies on Program Comprehension in Maintenance of Object-Oriented Systems: A Controlled Experiment with Professional Developers,Kaja Kværn,2006,NORA - Norwegian Open Research Archives,,https://openalex.org/W2469510690,off-topic-false-hit,"The research presented in this thesis identifies the comprehension strategies used by professional programmers with different expertise during maintenance tasks on a previously unknown application in Java. Furthermore the effects of the strategies on performance and the effects of expertise on strategies and performance are investigated. The skill to comprehend a program is useful, especially in relation to software maintenance. In order to improve software maintenance, knowledge of how professional programmers comprehend a program is important. This knowledge can be used to develop techniques to support the process, or to improve education.\n\nWe conducted a controlled experiment with 24 professional developers from five companies. The participants were introduced to a 3600 LOC Java application on which to perform three maintenance tasks. Their actions were logged and we have developed a data analysis tool to get a detailed picture of the participants’ actions. Our further development of GRUMPS made it possible to see the participants’ use of documentation, classes visited, when they compiled and how they executed the application. The data analysis tool can be reused by researchers in similar studies and contribute to improve the understanding of developers’ program comprehension strategies. In addition to the GRUMPS data, feedback was collected through the feedback-collection method.\n\nTwo different approaches to the task solving were identified. In the first one, called systematic strategy, the participants tried to get an overview of the application before performing the maintenance tasks, by reading the system documentation or running the application. 75% of the participants applied this strategy. In the second one, called as-needed strategy, the participants went straight to the task solving, without trying to acquire any knowledge of the system on which to perform the tasks. This strategy was applied by 25% of the participants.\n\nWe compared the performance of the participants applying the two strategies with respect to the correctness of solution, use of documentation, use of compilation and execution facilities and the solution time. The assessment of the solutions showed that there was a correlation between modifying Task 2 successfully and using the systematic strategy. However, in Task 3 and Task 4 those who used the as-needed strategy also performed well. The participants who used the systematic strategy spent more time solving Task 2, but for Task 3 and Task 4 the results were reversed.\n\nThree levels of programming expertise were identified and from the total number of 24 participants, eight participants were object-oriented novice, four participants were procedural expert and twelve participants were object-oriented expert. It was a clear difference in the comprehension approaches between the three groups of participants. The as-needed strategy was applied most by the object-oriented novices who also compiled more. These participants showed weaker results both in Task 2 and Task 4. Thus, novices should learn from the experts in order to maintain a system successfully.",openalex,llm,0.950,unreviewed,,hash:dc06c062caa558a4
discarded,Sharing Developers' Mental Models through Source Code Annotations,Matúš Sulír; Milan Nosáľ,2015,Annals of Computer Science and Information Systems,10.15439/2015f301,https://openalex.org/W1940770334,off-topic-false-hit,"Context: Developers possess mental models containing information far beyond what is explicitly captured in the source code. Objectives: We investigate the possibility to use source code annotations to capture parts of the developers' mental models and later reuse them by other programmers during program comprehension and maintenance. Method: We performed two studies and a controlled experiment. Results: Developers' mental models overlap and thus can be shared. Possible use cases of shared annotations are hypotheses confirmation, feature location, obtaining new knowledge, finding relationships and maintenance notes. In the experiment, the presence of annotations reduced program comprehension and maintenance time by 34%. Conclusion: Annotations are a viable way to share programmers' thoughts.",openalex,llm,0.950,unreviewed,,doi:10.15439/2015f301
discarded,Computer Science Education in ChatGPT Era: Experiences from an Experiment in a Programming Course for Novice Programmers,Tomaž Kosar; Dragana Ostojić; Yu David Liu; Marjan Mernik,2024,Mathematics,10.3390/math12050629,https://openalex.org/W4392013691,off-topic-false-hit,"The use of large language models with chatbots like ChatGPT has become increasingly popular among students, especially in Computer Science education. However, significant debates exist in the education community on the role of ChatGPT in learning. Therefore, it is critical to understand the potential impact of ChatGPT on the learning, engagement, and overall success of students in classrooms. In this empirical study, we report on a controlled experiment with 182 participants in a first-year undergraduate course on object-oriented programming. Our differential study divided students into two groups, one using ChatGPT and the other not using it for practical programming assignments. The study results showed that the students’ performance is not influenced by ChatGPT usage (no statistical significance between groups with a p-value of 0.730), nor are the grading results of practical assignments (p-value 0.760) and midterm exams (p-value 0.856). Our findings from the controlled experiment suggest that it is safe for novice programmers to use ChatGPT if specific measures and adjustments are adopted in the education process.",openalex,llm,0.980,unreviewed,,doi:10.3390/math12050629
discarded,Research perspective on supporting software engineering via physical 3D models,Florian Fittkau; Erik Koppenhagen; Wilhelm Hasselbring,2015,,10.1109/vissoft.2015.7332422,https://openalex.org/W2150791294,off-topic-false-hit,"Building architects, but also civil or mechanical engineers often build from their designs physical 3D models for a better presentation, comprehension, and communication among stakeholders. Software engineers usually create visualizations of their software designs as digital objects to be presented on a screen only. 3D software visualization metaphors, such as the software city metaphor, provide a basis for exporting those on-screen software visualizations into physical models. This can be achieved by 3D-printers to transfer the advantages of real, physical, tangible architecture models from traditional engineering disciplines to software engineering. We present a new research perspective of using physical models to support software engineering. Furthermore, we describe four envisioned usage scenarios for physical models which provide a plethora of new research topics. To examine the benefits of our concept, we investigate the first usage scenario by evaluating the impact of using physical models on program comprehension in teams through a first controlled experiment. Since the usage of physical models had a diverging influence for our chosen task set, we report on the qualitative results in this paper. We observed that the physical models improved the team-based program comprehension process for specific tasks by initiating gesture-based interaction.",openalex,llm,0.950,unreviewed,,doi:10.1109/vissoft.2015.7332422
discarded,Understanding security tactics in microservice APIs using annotated software architecture decomposition models – a controlled experiment,Patric Genfer; Souhaila Serbout; Georg Simhandl; Uwe Zdun; Cesare Pautasso,2025,Empirical Software Engineering,10.1007/s10664-024-10601-1,https://openalex.org/W4407559492,off-topic-false-hit,"While microservice architectures have become a widespread option for designing distributed applications, designing secure microservice systems remains challenging. Although various security-related guidelines and practices exist, these systems' sheer size, complex communication structures, and polyglot tech stacks make it difficult to manually validate whether adequate security tactics are applied throughout their architecture. To address these challenges, we have devised a novel solution that involves the automatic generation of security-annotated software decomposition models and the utilization of security-based metrics to guide software architectures through the assessment of security tactics employed within microservice systems. To evaluate the effectiveness of our artifacts, we conducted a controlled experiment where we asked 60 students from two universities and ten experts from the industry to identify and assess the security features of two microservice reference systems. During the experiment, we tracked the correctness of their answers and the time they needed to solve the given tasks to measure how well they could understand the security tactics applied in the reference systems. Our results indicate that the supplemental material significantly improved the correctness of the participants' answers without requiring them to consult the documentation more. Most participants also stated in a self-assessment that their understanding of the security tactics used in the systems improved significantly because of the provided material, with the additional diagrams considered very helpful. In contrast, the perception of architectural metrics varied widely. We could also show that novice developers benefited most from the supplementary diagrams. In contrast, senior developers could rely on their experience to compensate for the lack of additional help. Contrary to our expectations, we found no significant correlation between the time spent solving the tasks and the overall correctness score achieved, meaning that participants who took more time to read the documentation did not automatically achieve better results. As far as we know, this empirical study is the first analysis that explores the influence of security annotations in component diagrams to guide software developers when assessing microservice system security.",openalex,llm,0.960,unreviewed,,doi:10.1007/s10664-024-10601-1
discarded,Investigating factors that affect the human perception on god class detection: an analysis based on a family of four controlled experiments,José Amâncio Macedo Santos; João B. Rocha-Junior; Manoel Mendonça,2017,Journal of Software Engineering Research and Development,10.1186/s40411-017-0042-0,https://openalex.org/W2769990580,off-topic-false-hit,"Evaluation of design problems in object oriented systems, which we call code smells, is mostly a human-based task. Several studies have investigated the impact of code smells in practice. Studies focusing on human identification of code smells have shown low agreement among developers. Unfortunately, those studies do not attempt to investigate the reasons behind this phenomenon. This paper aims to investigate factors affecting human perception of code smells. Specifically, it focuses on factors affecting god class detection, one of the most known code smells. The investigation encompassed a family of four controlled experiments, covering potential factors affecting human detection of code smells. The method is incremental. In other words, each experiment produces insights to the next one. This allows the investigators to control specific factors affecting the agreement on god class detection. The factors addressed in this study are: i) developer experience, ii) developer knowledge, iii) developer training, iv) tool support for design comprehension, and v) software size. Our findings show that tool support for design comprehension is the only factor that does not affect the human perception of god class. The other factors impact this perception in some way. The area still needs more investigation and discussion on what we call the code smell conceptualization problem , to ensure similar criteria and thresholds on human-based code smell detection.",openalex,llm,0.920,unreviewed,,doi:10.1186/s40411-017-0042-0
discarded,Answering software evolution questions: An empirical evaluation,Lile Hattori; Marco D’Ambros; Michele Lanza; Mircea Lungu,2012,Information and Software Technology,10.1016/j.infsof.2012.09.001,https://openalex.org/W2040441647,off-topic-false-hit,,openalex,llm,0.750,unreviewed,,doi:10.1016/j.infsof.2012.09.001
discarded,On the Assessment of Interactive Detection of Code Smells in Practice: A Controlled Experiment,Danyllo Albuquerque; Everton Guimarães; Mirko Perkusich; Thiago Rique; Felipe Cunha; Hyggo Almeida; Ângelo Perkusich,2023,IEEE Access,10.1109/access.2023.3302260,https://openalex.org/W4385569644,off-topic-false-hit,"[Context] Code smells are structures in a program that often indicate the presence of deeper maintainability problems. Code smells should be detected as soon as they are introduced, enabling refactoring actions with less effort and time. Non-Interactive Detection (NID) techniques traditionally support code smells detection, enabling developers to reveal smells in later software program versions. NID techniques do not support developers’ progressive interaction with smelly code, revealing smells in the entire source code upon an explicit developer request, which might lead to the accumulation of code smells and, consequently, the degradation of software quality. [Problem statement] Interactive Detection (ID) has emerged as a solution to overcome NID’s limitations. By revealing code smell as soon as they are introduced, developers can detect smell instances earlier, resulting in more effective refactoring actions and improved code quality. However, despite its promising potential, there is a lack of evidence regarding the ID impact on code smell detection and refactoring actions during coding analysis. [Goal] Our research focused on evaluating the effectiveness of an ID technique in code smell detection. Besides, we analyzed the aid of an ID technique in performing effective refactoring actions during coding analysis. [Method] To this end, we conducted a controlled experiment with 16 subjects that underwent tasks related to detecting code smells and judging refactoring actions. [Results] The experimental tasks revealed that using the ID technique led to an increase of 60% in recall and up to 13% in precision when detecting code smells. Additionally, developers have effectively identified about 55% more code smells instances using the ID technique. [Conclusion] Our study results revealed that using ID can improve the effectiveness of code smells detection, as developers can identify opportunities for refactoring actions earlier when compared to NID.",openalex,llm,0.940,unreviewed,,doi:10.1109/access.2023.3302260
discarded,Automated bug assignment: Ensemble-based machine learning in large scale industrial contexts,Leif Jonsson; Markus Borg; David Broman; Kristian Sandahl; Sigrid Eldh; Per Runeson,2015,Empirical Software Engineering,10.1007/s10664-015-9401-9,https://openalex.org/W1912151884,off-topic-false-hit,,openalex,llm,0.970,unreviewed,,doi:10.1007/s10664-015-9401-9
discarded,"Should Explanations of Program Code Use Audio, Text, or Both? A Replication Study",Albina Zavgorodniaia; Arto Hellas; Otto Seppälä; Juha Sorva,2020,,10.1145/3428029.3428050,https://openalex.org/W3109586032,off-topic-false-hit,"Studies in educational psychology suggest that people learn better when visual learning materials are accompanied by audio explanations rather than textual ones. Research on how this modality effect applies to computing education is scarce and inconclusive. We explore whether modality of instruction affects learning from videos that use a series of example programs to explain how variables work in Python. Learners (n=186) were crowdsourced from the internet and randomized in three groups, who received explanations as audio, text, or both, respectively. We did not find significant differences between the groups in near transfer to code-tracing tasks or perceived cognitive load. The result affirms the need to further investigate instructional modalities in programming education. There are a number of theoretical, methodological, and instructional-design factors that may explain these and earlier findings; we trace out future research that could explore those factors.",openalex,llm,0.980,unreviewed,,doi:10.1145/3428029.3428050
discarded,"Modeling compliance specifications in linear temporal logic, event processing language and property specification patterns: a controlled experiment on understandability",Christoph Czepa; Amirali Amiri; Evangelos Ntentos; Uwe Zdun,2019,Software & Systems Modeling,10.1007/s10270-019-00721-4,https://openalex.org/W2918124209,off-topic-false-hit,"Mature verification and monitoring approaches, such as complex event processing and model checking, can be applied for checking compliance specifications at design time and runtime. Little is known about the understandability of the different formal and technical languages associated with these approaches. This uncertainty regarding understandability might be a major obstacle for the broad practical adoption of those techniques. This article reports a controlled experiment with 215 participants on the understandability of modeling compliance specifications in representative modeling languages, namely linear temporal logic (LTL), the complex event processing-based event processing language (EPL) and property specification patterns (PSP). The formalizations in PSP were overall more correct. That is, the pattern-based approach provides a higher level of understandability than EPL and LTL. More advanced users, however, seemingly are able to cope equally well with PSP and EPL in modeling compliance specifications.",openalex,llm,0.970,unreviewed,,doi:10.1007/s10270-019-00721-4
discarded,Studying the co-evolution of production and test code in open source and industrial developer test processes through repository mining,Andy Zaidman; Bart Van Rompaey; Arie van Deursen; Serge Demeyer,2010,Empirical Software Engineering,10.1007/s10664-010-9143-7,https://openalex.org/W2127938826,off-topic-false-hit,"Many software production processes advocate rigorous development testing alongside functional code writing, which implies that both test code and production code should co-evolve. To gain insight in the nature of this co-evolution, this paper proposes three views (realized by a tool called TeMo) that combine information from a software project’s versioning system, the size of the various artifacts and the test coverage reports. We validate these views against two open source and one industrial software project and evaluate our results both with the help of log messages, code inspections and the original developers of the software system. With these views we could recognize different co-evolution scenarios (i.e., synchronous and phased) and make relevant observations for both developers as well as test engineers.",openalex,llm,0.960,unreviewed,,doi:10.1007/s10664-010-9143-7
