status,title,authors,year,venue,doi,url,tags,abstract,provider,decision_source,llm_confidence,llm_review_outcome,llm_change_direction,paper_id
discarded,Impact of tracheostomy on clinical outcomes in ventilated patients with severe pneumonia: a propensity-matched cohort study,"Seong, Hayoung; Jang, Hyojin; Yoo, Wanho; Kim, Saerom; Kim, Soo Han; Lee, Kwangha",2025,KOREAN JOURNAL OF INTERNAL MEDICINE,10.3904/kjim.2024.248,https://www.webofscience.com/wos/woscc/full-record/WOS:001440508000013,off-topic-false-hit,"Background/Aims: Tracheostomy is a crucial intervention for severe pneumonia patients requiring prolonged mechanical ventilation (MV). However, debate persists regarding the influence of tracheostomy timing and performance on long-term survival outcomes. This study utilized propensity score matching to assess the impact of tracheostomy timing and performance on patient survival outcomes. Methods: A retrospective observational study employing propensity score matching was conducted of respiratory intensive care unit (ICU) patients who underwent prolonged acute MV due to severe pneumonia from 2008 to 2023. The primary outcome was the 90-day cumulative mortality rate, with secondary outcomes including ICU medical resource utilization rates. Results: Out of 1,078 patients, 545 underwent tracheostomy with a median timing of 7 days. The tracheostomy group exhibited lower 90-day cumulative mortality and a higher survival probability (hazard ratio [HR] 0.52, 95% confidence interval [CI] 0.43-0.63) than the no-tracheostomy group. The tracheostomy group had higher ICU medical resource utilization rates and medical expenditures. The early tracheostomy group (<= 7 days) had lower ICU medical resource utilization rates and medical expenditures than the late tracheostomy group (> 7 days). However, there were no significant differences in the 90-day cu- mulative mortality rate and survival probability based on tracheostomy timing (HR 0.94, 95% CI 0.70-1.28). Conclusions: Tracheostomy in patients with severe pneumonia requiring prolonged MV significantly reduced the 90-day mortality rate, and early tracheostomy may offer additional benefits for resource utilization efficiency. These findings under- score the importance of considering tracheostomy timing in optimizing patient outcomes and healthcare resource allocation.",wos,llm,1.000,unreviewed,,doi:10.3904/kjim.2024.248
discarded,Empathy and self-regulation in prosocial accountability: gender and genetic (OXTR SNP rs53576) pathways,"Witvliet, Charlotte V. O.; Hayden, Ashley N.; Beltz, Katrina V.; Griffin, Gerald D.",2024,JOURNAL OF POSITIVE PSYCHOLOGY,10.1080/17439760.2023.2230474,https://www.webofscience.com/wos/woscc/full-record/WOS:001022395800001,off-topic-false-hit,"Empathy and self-regulation play key roles in prosocial accountability. Meta-analytic evidence for empathy-in relation to gender and a particular genetic variable (OXTR SNP rs53576) - guided design and power analysis to determine the size of this United States sample. We assessed 311 participants (51.4% female; 19% racial or ethnic minority). We conducted tests of hypothesized indirect effects of gender and genotype through empathy to trait and state accountability - reporting replication and extension tests of gratitude, forgivingness and relational repair in a supplement (https://doi.org/10.17605/OSF.IO/KZDF8). Gender tests controlled for SNP group and vice versa. Gender had indirect effects on accountability via empathy (higher in women than men). SNP group indirect effects on accountability via empathy (higher in GGs than A-carriers) showed roles of gender, race/ethnicity and self-regulation. SNP group also had indirect effects on accountability through self-regulation (higher in A-carriers than GGs). Findings under-score empathy and self-regulation in relational accountability and positive psychology.",wos,llm,1.000,unreviewed,,doi:10.1080/17439760.2023.2230474
discarded,Context-Aware Malware Metamorphosis for Stealth AV Evasion,Vayadande K.,2025,Lecture Notes in Networks and Systems,10.1007/978-981-96-4880-1_27,https://www.scopus.com/inward/record.uri?partnerID=HzOxMe3b&scp=105019318116&origin=inward,off-topic-false-hit,,scopus,llm,0.980,unreviewed,,doi:10.1007/978-981-96-4880-1_27
discarded,The Risk of Dementia after Anesthesia Differs according to the Mode of Anesthesia and Individual Anesthetic Agent,Lee S.H.,2025,Clinical Psychopharmacology and Neuroscience,10.9758/cpn.24.1181,https://www.scopus.com/inward/record.uri?partnerID=HzOxMe3b&scp=85216068766&origin=inward,off-topic-false-hit,,scopus,llm,1.000,unreviewed,,doi:10.9758/cpn.24.1181
discarded,Cs + ADC in rat brain decreases markedly at death,Goodman J.A.,2008,Magnetic Resonance in Medicine,10.1002/mrm.21418,https://www.scopus.com/inward/record.uri?partnerID=HzOxMe3b&scp=37549031725&origin=inward,off-topic-false-hit,,scopus,llm,1.000,unreviewed,,doi:10.1002/mrm.21418
discarded,Comparison of in vivo lymphocyte proliferation between allogeneic and xenogeneic heart transplantation in mice,Kellersmann R.,2003,Microsurgery,10.1002/micr.10183,https://www.scopus.com/inward/record.uri?partnerID=HzOxMe3b&scp=0142213744&origin=inward,off-topic-false-hit,,scopus,llm,1.000,unreviewed,,doi:10.1002/micr.10183
discarded,Wannier90 as a community code: new features and applications,Giovanni Pizzi; Valerio Vitale; Ryotaro Arita; Stefan Blügel; Frank Freimuth; Guillaume Géranton; Marco Gibertini; Dominik Gresch; Charles Johnson; Takashi Koretsune; Julen Ibañez-Azpiroz; Hyungjun Lee; Jae-Mo Lihm; Daniel Marchand; Antimo Marrazzo; Yuriy Mokrousov; Jamal I Mustafa; Yoshiro Nohara; Yusuke Nomura; Lorenzo Paulatto; Samuel Poncé; Thomas Ponweiser; Junfeng Qiao; Florian Thöle; Stepan S Tsirkin; Małgorzata Wierzbowska; Nicola Marzari; David Vanderbilt; Ivo Souza; Arash A Mostofi; Jonathan R Yates,2019,Journal of Physics Condensed Matter,10.1088/1361-648x/ab51ff,https://openalex.org/W2982683571,off-topic-false-hit,"Wannier90 is an open-source computer program for calculating maximally-localised Wannier functions (MLWFs) from a set of Bloch states. It is interfaced to many widely used electronic-structure codes thanks to its independence from the basis sets representing these Bloch states. In the past few years the development of Wannier90 has transitioned to a community-driven model; this has resulted in a number of new developments that have been recently released in Wannier90 v3.0. In this article we describe these new functionalities, that include the implementation of new features for wannierisation and disentanglement (symmetry-adapted Wannier functions, selectively-localised Wannier functions, selected columns of the density matrix) and the ability to calculate new properties (shift currents and Berry-curvature dipole, and a new interface to many-body perturbation theory); performance improvements, including parallelisation of the core code; enhancements in functionality (support for spinor-valued Wannier functions, more accurate methods to interpolate quantities in the Brillouin zone); improved usability (improved plotting routines, integration with high-throughput automation frameworks), as well as the implementation of modern software engineering practices (unit testing, continuous integration, and automatic source-code documentation). These new features, capabilities, and code development model aim to further sustain and expand the community uptake and range of applicability, that nowadays spans complex and accurate dielectric, electronic, magnetic, optical, topological and transport properties of materials.",openalex,llm,0.980,unreviewed,,doi:10.1088/1361-648x/ab51ff
discarded,Wannier90 as a community code: New features and applications,Giovanni Pizzi; Valerio Vitale; Ryotaro Arita; Stefan Blügel; Frank Freimuth; Guillaume Géranton; Marco Gibertini; Dominik Gresch; Charles Johnson; Takashi Koretsune; Julen Ibañez-Azpiroz; Hyungjun Lee; Jae-Mo Lihm; Daniel Marchand; Antimo Marrazzo; Yuriy Mokrousov; Jamal I. Mustafa; Yoshiro Nohara; Yusuke Nomura; Lorenzo Paulatto; Samuel Poncé; Thomas Ponweiser; Junfeng Qiao; Florian Thöle; Stepan S. Tsirkin; Małgorzata Wierzbowska; Nicola Marzari; David Vanderbilt; Ivo Souza; Arash A. Mostofi; Jonathan R. Yates,2019,Zurich Open Repository and Archive (University of Zurich),10.17863/cam.48267,https://openalex.org/W3102157866,off-topic-false-hit,"Wannier90 is an open-source computer program for calculating maximally-localised Wannier functions (MLWFs) from a set of Bloch states. It is interfaced to many widely used electronic-structure codes thanks to its independence from the basis sets representing these Bloch states. In the past few years the development of Wannier90 has transitioned to a community-driven model; this has resulted in a number of new developments that have been recently released in Wannier90 v3.0. In this article we describe these new functionalities, that include the implementation of new features for wannierisation and disentanglement (symmetry-adapted Wannier functions, selectively-localised Wannier functions, selected columns of the density matrix) and the ability to calculate new properties (shift currents and Berry-curvature dipole, and a new interface to many-body perturbation theory); performance improvements, including parallelisation of the core code; enhancements in functionality (support for spinor-valued Wannier functions, more accurate methods to interpolate quantities in the Brillouin zone); improved usability (improved plotting routines, integration with high-throughput automation frameworks), as well as the implementation of modern software engineering practices (unit testing, continuous integration, and automatic source-code documentation). These new features, capabilities, and code development model aim to further sustain and expand the community uptake and range of applicability, that nowadays spans complex and accurate dielectric, electronic, magnetic, optical, topological and transport properties of materials.",openalex,llm,0.980,unreviewed,,doi:10.17863/cam.48267
discarded,Representing concerns in source code,Martin P. Robillard; Gail C. Murphy,2007,ACM Transactions on Software Engineering and Methodology,10.1145/1189748.1189751,https://openalex.org/W2153546999,off-topic-false-hit,"A software modification task often addresses several concerns . A concern is anything a stakeholder may want to consider as a conceptual unit, including features, nonfunctional requirements, and design idioms. In many cases, the source code implementing a concern is not encapsulated in a single programming language module, and is instead scattered and tangled throughout a system. Inadequate separation of concerns increases the difficulty of evolving software in a correct and cost-effective manner. To make it easier to modify concerns that are not well modularized, we propose an approach in which the implementation of concerns is documented in artifacts, called concern graphs. Concern graphs are abstract models that describe which parts of the source code are relevant to different concerns. We present a formal model for concern graphs and the tool support we developed to enable software developers to create and use concern graphs during software evolution tasks. We report on five empirical studies, providing evidence that concern graphs support views and operations that facilitate the task of modifying the code implementing scattered concerns, are cost-effective to create and use, and robust enough to be used with different versions of a software system.",openalex,llm,0.910,unreviewed,,doi:10.1145/1189748.1189751
discarded,PaLM: Scaling Language Modeling with Pathways,"Aakanksha Chowdhery; Sharan Narang; Jacob Devlin; Maarten Bosma; Gaurav Mishra; Adam Roberts; Paul Barham; Hyung Won Chung; Charles Sutton; Sebastian Gehrmann; Parker Schuh; Kensen Shi; Sasha Tsvyashchenko; Joshua Maynez; Abhishek S. Rao; Parker Barnes; Yi Tay; Noam Shazeer; Vinodkumar Prabhakaran; Emily Reif; Nan Du; Ben Hutchinson; Reiner Pope; James T. Bradbury; Jacob Austin; Michael Isard; Guy Gur-Ari; Pengcheng Yin; Toju Duke; Anselm Levskaya; Sanjay Ghemawat; Sunipa Dev; Henryk Michalewski; Xavier García; Vedant Misra; Kevin Robinson; Liam Fedus; Denny Zhou; Daphne Ippolito; David Luan; Hyeontaek Lim; Barret Zoph; Alexander Spiridonov; Ryan Sepassi; D. Dohan; Shivani Agrawal; Mark Omernick; Andrew M. Dai; Thanumalayan Sankaranarayana Pillai; Marie Pellat; Aitor Lewkowycz; Érica Rodrigues Moreira; Rewon Child; Oleksandr Polozov; Katherine Lee; Zongwei Zhou; Xuezhi Wang; Brennan Saeta; Mark Díaz; Orhan Fırat; Michele Catasta; Wei, Jason; Meier-Hellstern, Kathy; Douglas Eck; Jeff Dean; Slav Petrov; Noah Fiedel",2022,arXiv (Cornell University),10.48550/arxiv.2204.02311,https://openalex.org/W4224308101,off-topic-false-hit,"Large language models have been shown to achieve remarkable performance across a variety of natural language tasks using few-shot learning, which drastically reduces the number of task-specific training examples needed to adapt the model to a particular application. To further our understanding of the impact of scale on few-shot learning, we trained a 540-billion parameter, densely activated, Transformer language model, which we call Pathways Language Model PaLM. We trained PaLM on 6144 TPU v4 chips using Pathways, a new ML system which enables highly efficient training across multiple TPU Pods. We demonstrate continued benefits of scaling by achieving state-of-the-art few-shot learning results on hundreds of language understanding and generation benchmarks. On a number of these tasks, PaLM 540B achieves breakthrough performance, outperforming the finetuned state-of-the-art on a suite of multi-step reasoning tasks, and outperforming average human performance on the recently released BIG-bench benchmark. A significant number of BIG-bench tasks showed discontinuous improvements from model scale, meaning that performance steeply increased as we scaled to our largest model. PaLM also has strong capabilities in multilingual tasks and source code generation, which we demonstrate on a wide array of benchmarks. We additionally provide a comprehensive analysis on bias and toxicity, and study the extent of training data memorization with respect to model scale. Finally, we discuss the ethical considerations related to large language models and discuss potential mitigation strategies.",openalex,llm,0.980,unreviewed,,doi:10.48550/arxiv.2204.02311
discarded,Software Forensics: Extending Authorship Analysis Techniques to Computer Programs,Stephen G. MacDonell; Donna W. Buckingham; Andrew Gray; Philip Sallis,2002,Tuwhera (Auckland University of Technology),,https://openalex.org/W2144270983,adjacent-subtopic,"Software forensics is the analysis of the syntactic, structural and semantic form of software in order to identify, characterise and discriminate between the authors of software products for some legal purpose. Determining software authorship may be important in several contexts: civil litigation involving allegations of software theft or plagiarism or apportioning liability for software failure; criminal litigation in relation to computer fraud or software attacks on computer systems using viruses and other similar means. Our focus is on forensic analysis of software source code, the structured English-like implementation of the algorithm selected to undertake the task at hand. We use a fictionalised version of a recent case to illustrate the potential of software forensics to provide evidence and also review in detail the judicial reception of such material.",openalex,llm,0.900,unreviewed,,hash:26de34094572415f
discarded,Classifying Change Types for Qualifying Change Couplings,Beat Fluri; Harald C. Gall,2006,,10.1109/icpc.2006.16,https://openalex.org/W2099291492,off-topic-false-hit,"Current change history analysis approaches rely on information provided by versioning systems such as CVS. Therefore, changes are not related to particular source code entities such as classes or methods but rather to text lines added and/or removed. For analyzing whether some change coupling between source code entities is significant or only minor textual adjustments have been checked in, it is essential to reflect the changes to the source code entities. We have developed an approach for analyzing and classifying change types based on code revisions. We can differentiate between several types of changes on the method or class level and assess their significance in terms of the impact of the change types on other source code entities and whether a change may be functionality-modifying or functionality-preserving. We applied our change taxonomy to a case study and found out that in many cases large numbers of lines added and/or deleted are not accompanied by significant changes but small textual adaptations (such as indentation, etc.). Furthermore, our approach allows us to relate all change couplings to the significance of the identified change types. As a result, change couplings between code entities can be qualified and less relevant couplings can be filtered out",openalex,llm,0.950,unreviewed,,doi:10.1109/icpc.2006.16
discarded,Language-Agnostic Representation Learning of Source Code from Structure and Context,Daniel Zügner; Tobias Kirschstein; Michele Catasta; Jure Leskovec; Stephan Günnemann,2021,arXiv (Cornell University),10.48550/arxiv.2103.11318,https://openalex.org/W3125488228,adjacent-subtopic,"Source code (Context) and its parsed abstract syntax tree (AST; Structure) are two complementary representations of the same computer program. Traditionally, designers of machine learning models have relied predominantly either on Structure or Context. We propose a new model, which jointly learns on Context and Structure of source code. In contrast to previous approaches, our model uses only language-agnostic features, i.e., source code and features that can be computed directly from the AST. Besides obtaining state-of-the-art on monolingual code summarization on all five programming languages considered in this work, we propose the first multilingual code summarization model. We show that jointly training on non-parallel data from multiple programming languages improves results on all individual languages, where the strongest gains are on low-resource languages. Remarkably, multilingual training only from Context does not lead to the same improvements, highlighting the benefits of combining Structure and Context for representation learning on code.",openalex,llm,0.940,unreviewed,,doi:10.48550/arxiv.2103.11318
discarded,Source Code Authorship Analysis For Supporting the Cybercrime Investigation Process,Georgia Frantzeskou; Stephen G. MacDonell; Efstathios Stamatatos,2010,"Advances in digital crime, forensics, and cyber terrorism book series",10.4018/978-1-60566-836-9.ch020,https://openalex.org/W1540672006,adjacent-subtopic,"Nowadays, in a wide variety of situations, source code authorship identification has become an issue of major concern. Such situations include authorship disputes, proof of authorship in court, cyber attacks in the form of viruses, trojan horses, logic bombs, fraud, and credit card cloning. Source code author identification deals with the task of identifying the most likely author of a computer program, given a set of predefined author candidates. We present a new approach, called the SCAP (Source Code Author Profiles) approach, based on byte-level n-grams in order to represent a source code author’s style. Experiments on data sets of different programming-language (Java,C++ and Common Lisp) and varying difficulty (6 to 30 candidate authors) demonstrate the effectiveness of the proposed approach. A comparison with a previous source code authorship identification study based on more complicated information shows that the SCAP approach is language independent and that n-gram author profiles are better able to capture the idiosyncrasies of the source code authors. It is also demonstrated that the effectiveness of the proposed model is not affected by the absence of comments in the source code, a condition usually met in cyber-crime cases.",openalex,llm,0.910,unreviewed,,doi:10.4018/978-1-60566-836-9.ch020
discarded,Analysis and transformation of source code by parsing and rewriting,Jurgen Vinju,2005,"Centrum Wiskunde & Informatica (CWI), the national research institute for mathematics and computer science in the Netherlands",,https://openalex.org/W1487564513,off-topic-false-hit,"Before consuming this manuscript the reader should know that I owe gratitude to many people.First of all, it is a family accomplishment",openalex,llm,0.890,unreviewed,,hash:2287a8597c938633
