status,title,authors,year,venue,doi,url,tags,abstract,provider,decision_source,llm_confidence,llm_review_outcome,llm_change_direction,paper_id
discarded,An Inception Architecture-Based Model for Improving Code Readability Classification,Qing Mi; Jacky Keung; Yan Xiao; Solomon Mensah; Xiupei Mei,2018,,10.1145/3210459.3210473,https://openalex.org/W2806627899,adjacent-subtopic,"The process of classifying a piece of source code into a Readable or Unreadable class is referred to as Code Readability Classification. To build accurate classification models, existing studies focus on handcrafting features from different aspects that intuitively seem to correlate with code readability, and then exploring various machine learning algorithms based on the newly proposed features. On the contrary, our work opens up a new way to tackle the problem by using the technique of deep learning. Specifically, we propose IncepCRM, a novel model based on the Inception architecture that can learn multi-scale features automatically from source code with little manual intervention. We apply the information of human annotators as the auxiliary input for training IncepCRM and empirically verify the performance of IncepCRM on three publicly available datasets. The results show that: 1) Annotator information is beneficial for model performance as confirmed by robust statistical tests (i.e., the Brunner-Munzel test and Cliff's delta); 2) IncepCRM can achieve an improved accuracy against previously reported models across all datasets. The findings of our study confirm the feasibility and effectiveness of deep learning for code readability classification.",openalex,llm,0.970,unreviewed,,doi:10.1145/3210459.3210473
discarded,Measuring the Extent of Source Code Readability Using Regression Analysis,Sangchul Choi; Suntae Kim; Jeong-Hyu Lee; Jeong‐Ah Kim; Jae-Young Choi,2018,Lecture notes in computer science,10.1007/978-3-319-95171-3_32,https://openalex.org/W2810057064,adjacent-subtopic,,openalex,llm,0.900,unreviewed,,doi:10.1007/978-3-319-95171-3_32
discarded,Probing Pretrained Models of Source Codes,Sergey Troshin; Nadezhda Chirkova,2022,,10.18653/v1/2022.blackboxnlp-1.31,https://openalex.org/W4385572925,adjacent-subtopic,"Deep learning models are widely used for solving challenging code processing tasks, such as code generation or code summarization. Traditionally, a specific model architecture was carefully built to solve a particular code processing task. However, recently general pretrained models such as CodeBERT or CodeT5 have been shown to outperform task-specific models in many applications. While pretrained models are known to learn complex patterns from data, they may fail to understand some properties of source code. To test diverse aspects of code understanding, we introduce a set of diagnostic probing tasks. We show that pretrained models of code indeed contain information about code syntactic structure, the notions of identifiers, and namespaces, but they may fail to recognize more complex code properties such as semantic equivalence. We also investigate how probing results are affected by using code-specific pretraining objectives, varying the model size, or finetuning.",openalex,llm,0.940,unreviewed,,doi:10.18653/v1/2022.blackboxnlp-1.31
discarded,A Metrics Suite for code annotation assessment,Phyllipe Lima; Eduardo Guerra; Paulo Meirelles; Lucas Kanashiro; Hélio Silva; Fábio Fagundes Silveira,2017,Journal of Systems and Software,10.1016/j.jss.2017.11.024,https://openalex.org/W2773961756,off-topic-false-hit,,openalex,llm,0.860,unreviewed,,doi:10.1016/j.jss.2017.11.024
discarded,Deep Just-In-Time Inconsistency Detection Between Comments and Source Code,Sheena Panthaplackel; Junyi Jessy Li; Milos Gligoric; Raymond J. Mooney,2021,AAAI Publications (The Association for the Advancement of Artificial Intelligence (AAAI)),10.1609/aaai.v35i1.16119,https://openalex.org/W3176914858,off-topic-false-hit,"Natural language comments convey key aspects of source code such as implementation, usage, and pre- and post-conditions. Failure to update comments accordingly when the corresponding code is modified introduces inconsistencies, which is known to lead to confusion and software bugs. In this paper, we aim to detect whether a comment becomes inconsistent as a result of changes to the corresponding body of code, in order to catch potential inconsistencies just-in-time, i.e., before they are committed to a code base. To achieve this, we develop a deep-learning approach that learns to correlate a comment with code changes. By evaluating on a large corpus of comment/code pairs spanning various comment types, we show that our model outperforms multiple baselines by significant margins. For extrinsic evaluation, we show the usefulness of our approach by combining it with a comment update model to build a more comprehensive automatic comment maintenance system which can both detect and resolve inconsistent comments based on code changes.",openalex,llm,0.920,unreviewed,,doi:10.1609/aaai.v35i1.16119
discarded,Eye Movements in Code Reading: Relaxing the Linear Order,Teresa Busjahn; Roman Bednarik; Andrew Begel; Martha E. Crosby; James H. Paterson; Carsten Schulte; Bonita Sharif; Sascha Tamm,2015,,10.1109/icpc.2015.36,https://openalex.org/W4214843451,off-topic-false-hit,"Code reading is an important skill in programming. Inspired by the linearity that people exhibit while natural language text reading, we designed local and global gaze-based measures to characterize linearity (left-to-right and top-to-bottom) in reading source code. Unlike natural language text, source code is executable and requires a specific reading approach. To validate these measures, we compared the eye movements of novice and expert programmers who were asked to read and comprehend short snippets of natural language text and Java programs. Our results show that novices read source code less linearly than natural language text. Moreover, experts read code less linearly than novices. These findings indicate that there are specific differences between reading natural language and source code, and suggest that non-linear reading skills increase with expertise. We discuss the implications for practitioners and educators.",openalex,llm,0.830,unreviewed,,doi:10.1109/icpc.2015.36
discarded,An Approach for Rapid Source Code Development Based on ChatGPT and Prompt Engineering,Youjia Li; Jianjun Shi; Zheng Zhang,2024,IEEE Access,10.1109/access.2024.3385682,https://openalex.org/W4394564312,off-topic-false-hit,"Code generation stands as a powerful technique in modern software development, improving development efficiency, reducing errors, and fostering standardization and consistency. Recently, ChatGPT has exhibited immense potential in automatic code generation. However, existing researches on code generation lack guidance for practical software development process. In this study, we utilized ChatGPT to develop a web-based code generation platform consisting of key components: User Interface, Prompt Builder, and Backend Service. Specifically, Prompt Builder dynamically generated comprehensive prompts to enhance model generation performance. We conducted experiments on 2 datasets to evaluate the performance of code generation in our approach. through 8 widely used metrics. The results demonstrate that (1) our Prompt Builder is effective, resulting in a 65.06% improvement in the exact match (EM), a 38.45% improvement in Bilingual Evaluation Understudy (BLEU), a 15.70% improvement in CodeBLEU, and a 50.64% improvement in Pass@1. (2) In real development scenarios, 98.5% of test cases can be validated through manual validation, highlighting the genuine assistance provided by the ChatGPT-based code generation approach.",openalex,llm,0.950,unreviewed,,doi:10.1109/access.2024.3385682
discarded,"On ""Sourcery,"" or Code as Fetish",Wendy Hui Kyong Chun,2008,Configurations,10.1353/con.0.0064,https://openalex.org/W2005018541,off-topic-false-hit,"This essay offers a sympathetic interrogation of the move within new media studies toward ""software studies."" Arguing against theoretical conceptions of programming languages as the ultimate performative utterance, it contends that source code is never simply the source of any action; rather, source code is only source code after the fact: its effectiveness depends on a whole imagined network of machines and humans. This does not mean that source code does nothing, but rather that it serves as a kind of fetish, and that the notion of the user as super agent, buttressed by real-time computation, is the obverse, not the opposite of this ""sourcery.""",openalex,llm,0.980,unreviewed,,doi:10.1353/con.0.0064
discarded,Metric and Tool Support for Instant Feedback of Source Code Readability,Sangchul Choi; Suntae Kim; Jeong‐Ah Kim; Sooyong Park,2020,Tehnicki vjesnik - Technical Gazette,10.17559/tv-20181030091239,https://openalex.org/W3007512216,adjacent-subtopic,"In the software maintenance phase, comprehending the legacy source code is inevitable, which consumes most of the time of the phase.The better the code is readable, the easier it is for code readers to comprehend the system based on the source code.This paper proposes an enhanced source code readability metric to quantitatively measure the extent of code readability.In addition, we developed a tool support named Instant R. Gauge to update the code on the fly based on the readability feedback of the current code.The tool also provides the history of the readability change so that developers recognize the more readable code and gradually change their coding habit without any annoying advice.The suggested readability metric achieves 75.74% of explanatory power, and our experiment showed that readability of most of the methods authored in our tool is higher than that of the methods without our approach.",openalex,llm,0.930,unreviewed,,doi:10.17559/tv-20181030091239
discarded,EGAN: An Effective Code Readability Classification using Ensemble Generative Adversarial Networks,Shashank Sharma; Sumit Srivastava,2020,"2020 International Conference on Computation, Automation and Knowledge Management (ICCAKM)",10.1109/ICCAKM46823.2020.9051555,https://ieeexplore.ieee.org/document/9051555/,adjacent-subtopic,"Classification of code script readability (which corresponds to categorizing a source code as either readable or unreadable) has prompted severe concern in academia and industry. To construct accurate classification models, previous studies depended mainly upon handcrafted features. However, the manual feature engineering process is usually labor-intensive and can capture only partial information about the source code, which is likely to limit the model performance. To improve this, we propose the use of GAN's (Generative Adversarial Networks). First, we present a representation approach (with multiple granularities) to encode source codes as the input to GAN's into integer matrices. Then we propose an EGAN based on GAN's for the code readability classification. EGAN consists of three separate GANs with identical architectures that are trained on data preprocessed in different ways. We evaluate our approach against five state-of-the-art code readability models. The findings of the tests demonstrate that RGA can surpass previous approaches. The quality increase varies from 2% to 15%. EGAN offers reasonably improved performance by removing the need for manual interface design, demonstrating the usefulness of GAN's approaches in code readability classification tasks.",ieee,llm,0.960,unreviewed,,doi:10.1109/iccakm46823.2020.9051555
discarded,High-Accuracy Automatic Comment Generation using NLP in Gen AI for Enhanced Code Readability,T. Sathish Kumar; G. Singaravel; K. Balamurugan; R. Aravindan; S. Rishanthi; K. Vignesh,2026,2026 4th International Conference on Sustainable Computing and Smart Systems (ICSCSS),10.1109/ICSCSS69635.2026.11645719,https://ieeexplore.ieee.org/document/11645719/,off-topic-false-hit,"Aim: The aim of this research is to develop an accurate Automatic Comment Generation System based on NLP solutions of Generative AI and compare its efficacy with existing solutions for code comment generations that enhance code readability. Materials and Methods: In this research, there are two groups. Group 1 represents the Existing ALSI-Transformer Model, which was trained on the smart contract dataset of 57,676 method and comment pairs. Group 2 represents the Proposed NLP-Based Automatic Comment Generation Model, which performed well with its accuracy of 89%, the mean score of 0.799, and the standard deviation of 0.446. Result: The proposed model based on NLP clearly demonstrates a remarkable improvement in performance over the existing model of ALSI. The NLP model demonstrates improved performance compared to the ALSI model. This is evident because the values obtained for NLP are more precise, as there are greater measures of recall and F1-score Conclusion: The conclusion drawn from the analysis is that the hybrid model of NLP proposed performs better than the current model of ALSI NLP for the purpose of developing correct and consistent code comments. This model is appropriate for improving the readability of the code as well as the documentation of the software.",ieee,llm,0.920,unreviewed,,doi:10.1109/icscss69635.2026.11645719
discarded,A Model to Detect Readability Improvements in Incremental Changes,Devjeet Roy; Sarah Fakhoury; John Lee; Venera Arnaoudova,2020,2020 IEEE/ACM 28th International Conference on Program Comprehension (ICPC),10.1145/3387904.3389255,https://ieeexplore.ieee.org/document/10186832/,adjacent-subtopic,"Identifying source code that has poor readability allows developers to focus maintenance efforts on problematic code. Therefore, the effort to develop models that can quantify the readability of a piece of source code has been an area of interest for software engineering researchers for several years. However, recent research questions the usefulness of these readability models in practice. When applying these models to readability improvements that are made in practice, i.e., commits, they are unable to capture these incremental improvements, despite a clear perceived improvement by the developers. This results in a discrepancy between the models we have built to measure readability, and the actual perception of readability in practice. In this work, we propose a model that is able to detect incremental readability improvements made by developers in practice with an average precision of 79.2% and an average recall of 67% on an unseen test set. We then investigate the metrics that our model associates with developer perceived readability improvements as well as non-readability changes. Finally, we compare our model to existing state-of-the-art readability models, which our model outperforms by at least 23% in terms of precision and 42% in terms of recall.",ieee,llm,0.930,unreviewed,,doi:10.1145/3387904.3389255
kept,Reordering Program Statements for Improving Readability,Yui Sasaki; Yoshiki Higo; Shinji Kusumoto,2013,2013 17th European Conference on Software Maintenance and Reengineering,10.1109/CSMR.2013.50,https://ieeexplore.ieee.org/document/6498489/,supports-claim,"In order to understand source code, humans sometimes execute the program in their mind. When they illustrate the program execution in their mind, it is necessary to memorize what values all the variables are along with the execution. If there are many variables in the program, it is hard to their memorization. However, it is possible to ease to memorize them by shortening the distance between the definition of a variable and its reference if they are separated in the source code. This paper proposes a technique reordering statements in a module by considering how far the definition of a variable is from its references. We applied the proposed technique to a Java OSS and collected human evaluations for the reordered methods. As a result, we could confirm that the reordered methods had better readability than their originals. Moreover, we obtained some knowledge of human consideration about the order of statements.",ieee,llm,0.950,unreviewed,,doi:10.1109/csmr.2013.50
discarded,The Expansion of Source Code Abbreviations Using a Language Model,Abdulrahman Alatawi; Weifeng Xu; Jie Yan,2018,2018 IEEE 42nd Annual Computer Software and Applications Conference (COMPSAC),10.1109/COMPSAC.2018.10260,https://ieeexplore.ieee.org/document/8377888/,adjacent-subtopic,"Programmers often abbreviate identifiers names in source code to represent single words, i.e. unigrams, or phrases, i.e. multigrams. However, the difficulty to retrieve the original word(s) of an abbreviation during the maintenance phase makes the source code more problematic to comprehend. Incorrect abbreviations expansion may lead to introducing defects in the code. There are many approaches that that automatically expand abbreviations to their original words, unfortunately, they are based on predefined patterns and single-words dictionaries which cannot address abbreviations that are expandable to phrases. In this paper, we describe a bigram-based inference model which utilizes unigrams statistical properties as evidence to retrieve the original word automatically. We evaluated our approach on a set of 100 abbreviations randomly picked from eight open source projects and found that our approach correctly expands 78% of the set.",ieee,llm,0.940,unreviewed,,doi:10.1109/compsac.2018.10260
discarded,Automated Extract Method Refactoring with Open-Source LLMs: A Comparative Study,Sivajeet Chand; Melih Kilic; Roland Würsching; Sushant Kumar Pandey; Alexander Pretschner,2025,2025 2nd IEEE/ACM International Conference on AI-powered Software (AIware),10.1109/AIware69974.2025.00020,https://ieeexplore.ieee.org/document/11334415/,adjacent-subtopic,"Automating the Extract Method refactoring (EMR) remains challenging and largely manual despite its importance in improving code readability and maintainability. Recent advances in open-source, resource-efficient Large Language Models (LLMs) offer promising new approaches for automating such high-level tasks. In this work, we critically evaluate five state-of-the-art open-source LLMs, spanning 3B to 8B parameter sizes, on the EMR task for Python code. We systematically assess functional correctness and code quality using automated metrics and investigate the impact of prompting strategies by comparing one-shot prompting to a Recursive criticism and improvement (RCI) approach. RCI-based prompting consistently outperforms one-shot prompting in test pass rates and refactoring quality. The best-performing models, Deepseek-Coder-RCI and Qwen2.5-Coder-RCI, achieve test pass percentage (TPP) scores of 0.829 and 0.808, while reducing lines of code (LOC) per method from 12.103 to 6.192 and 5.577, and cyclomatic complexity (CC) from 4.602 to 3.453 and 3.294, respectively. A developer survey on RCI-generated refactorings shows over $\mathbf{7 0 \%}$ acceptance, with Qwen2.5-Coder rated highest across all evaluation criteria. In contrast, the original code scored below neutral, particularly in readability and maintainability, underscoring the benefits of automated refactoring guided by quality prompts. While traditional metrics like CC and LOC provide useful signals, they often diverge from human judgments, emphasizing the need for human-in-the-loop evaluation. Our open-source benchmark offers a foundation for future research on automated refactoring with LLMs.",ieee,llm,0.890,unreviewed,,doi:10.1109/aiware69974.2025.00020
discarded,How Effectively Do Code Language Models Understand Poor-Readability Code?,Chao Hu; Yitian Chai; Hao Zhou; Fandong Meng; Jie Zhou; Xiaodong Gu,2024,2024 39th IEEE/ACM International Conference on Automated Software Engineering (ASE),,https://ieeexplore.ieee.org/document/10764959/,adjacent-subtopic,"Code language models such as CodeT5 and CodeLlama have demonstrated substantial achievement in code comprehension. While the majority of research efforts have focused on improving model architectures and training processes, we find that the current benchmarks used for evaluating code comprehension models are confined to high-readability code, regardless of the popularity of low-readability code in reality. As such, they are inadequate to demonstrate the full spectrum of the model’s ability, particularly the robustness to varying readability degrees. In this paper, we analyze the robustness of code summarization models to code with varying readability, including seven obfuscated datasets derived from existing benchmarks. Our findings indicate that current code summarization models are vulnerable to code with poor readability. In particular, their performance predominantly depends on semantic cues within the code, often neglecting the syntactic aspects. Existing benchmarks are biased toward evaluating semantic features, thereby overlooking the models’ ability to understand non-sensitive syntactic features. Based on the findings, we present PoorCodeSumEval, a new evaluation benchmark on code summarization tasks. PoorCodeSumEval innovatively introduces readability into the testing process, considering semantic, syntactic, and their cross-obfuscation, thereby providing a more comprehensive and rigorous evaluation of code summarization models. Our studies also provide more insightful suggestions for future research, such as constructing multi-readability benchmarks to evaluate the robustness of models on poor-readability code, proposing readability-awareness metrics, and automatic methods for code data cleaning and normalization.",ieee,llm,0.940,unreviewed,,hash:5ec29fc4d478efad
