status,title,authors,year,venue,doi,url,tags,abstract,provider,decision_source,llm_confidence,llm_review_outcome,llm_change_direction,paper_id
discarded,"Clean Code, Better Models: Enhancing LLM Performance with Smell-Cleaned Dataset",Zhipeng Xue; Xiaoting Zhang; Zhipeng Gao; Xing Hu; Shan Gao; Xin Xia; Shanping Li,2025,cs.SE,10.48550/arXiv.2508.11958,http://arxiv.org/abs/2508.11958v1,adjacent-subtopic,"The Large Language Models (LLMs) have demonstrated great potential in code-related tasks. However, most research focuses on improving the output quality of LLMs (e.g., correctness), and less attention has been paid to the LLM input (e.g., the training code quality). Given that code smells are widely existed in practice and can negatively impact software maintainability and readability, this study takes the first systematic research to assess and improve dataset quality in terms of code smells. In this work, we first conduct a preliminary study to explore the presence of code smells in a popular benchmark dataset (i.e., CodeSearchNet-Python}) and evaluate the output of several popular LLMs (i.e., DeepSeek-Coder, CodeLlama, and MagiCoder), revealing that code smell issues extensively exist in LLM's input (e.g., benchmark dataset) and output (e.g., generated code). We then conduct our systematic research by taking three main steps: Firstly, we propose an LLM-based code smell cleaning tool, named SmellCC, which automatically refactors and removes code smells. To evaluate the correctness of the code refactoring, we construct a test set of 50 repositories sourced from the CodeSearchNet-Python benchmark for functional testing. Then we apply our curated smell-cleaned dataset to fine-tune two LLMs (i.e., DeepSeek-V2 and Qwen-Coder) to explore their potential for generating high-quality code. Thirdly, we investigate the impact of code smells on two downstream tasks: code completion and code search. Lastly, we derive several actionable implications for software engineering researchers and industry practitioners from our findings.",arxiv,llm,0.850,unreviewed,,doi:10.48550/arxiv.2508.11958
discarded,A Catalogue of Game-Specific Software Nuggets,Vartika Agrahari; Sridhar Chimalakonda,2020,cs.SE,10.48550/arXiv.2006.13129,http://arxiv.org/abs/2006.13129v2,adjacent-subtopic,"With the ever-increasing use of games, game developers are expected to write efficient code supporting several qualities such as security, maintainability, and performance. However, the continuous need to update the features of games in less duration might compel the developers to use anti-patterns, code smells and quick-fix solutions that may affect the functional and non-functional requirements of the game. These bad practices may lead to technical debt, poor program comprehension, and can cause several issues during software maintenance. Here, in this paper, we introduce ""Software Nuggets"" as a concept that affects software quality in a negative way and as a superset of anti-patterns, code smells, bugs, software bad practices. We call these Software Nuggets as ""G-Nuggets"" in the context of games. While there exists empirical research on games, we are not aware of any work on understanding and cataloguing these G-Nuggets. Thus, we propose a catalogue of G-Nuggets by mining and analyzing 892 commits, 189 issues, and 104 pull requests from 100 open-source GitHub game repositories. We use regular expressions and thematic analysis on this dataset for cataloguing game-specific Software Nuggets. We present a catalogue of ten G-Nuggets and provide examples for them present online at: https://phoebs88.github.io/A-Catalogue-of-Game-Specific-Software-Nuggets. We believe this catalogue might be helpful for researchers for further empirical research in the domain of games as well as for game developers to improve quality of games.",arxiv,llm,0.810,unreviewed,,doi:10.48550/arxiv.2006.13129
discarded,Automating Source Code Refactoring in the Classroom,Eman Abdullah AlOmar; Mohamed Wiem Mkaouer; Ali Ouni,2023,cs.CY,10.48550/arXiv.2311.10753,http://arxiv.org/abs/2311.10753v1,adjacent-subtopic,"Refactoring is the practice of improving software quality without altering its external behavior. Developers intuitively refactor their code for multiple purposes, such as improving program comprehension, reducing code complexity, dealing with technical debt, and removing code smells. However, no prior studies have exposed the students to an experience of the process of antipatterns detection and refactoring correction, and provided students with toolset to practice it. To understand and increase the awareness of refactoring concepts, in this paper, we aim to reflect on our experience with teaching refactoring and how it helps students become more aware of bad programming practices and the importance of correcting them via refactoring. This paper discusses the results of an experiment in the classroom that involved carrying out various refactoring activities for the purpose of removing antipatterns using JDeodorant, an Eclipse plugin that supports antipatterns detection and refactoring. The results of the quantitative and qualitative analysis with 171 students show that students tend to appreciate the idea of learning refactoring and are satisfied with various aspects of the JDeodorant plugin's operation. Through this experiment, refactoring can turn into a vital part of the computing educational plan. We envision our findings enabling educators to support students with refactoring tools tuned towards safer and trustworthy refactoring.",arxiv,llm,0.820,unreviewed,,doi:10.48550/arxiv.2311.10753
discarded,SmellBench: Towards Fine-Grained Evaluation of Code Agents on Refactoring Tasks,Fake Lin; Binbin Hu; Xi Zhu; Ziwei Zhao; Zhi Zheng; Ziqi Liu; Zhiqiang Zhang; Jun Zhou; Tong Xu,2026,cs.SE,10.48550/arXiv.2606.05574,http://arxiv.org/abs/2606.05574v1,adjacent-subtopic,"Code Agents have achieved remarkable advances in recent years, exhibiting strong capabilities across a wide range of software engineering tasks. However, their misuse often produces bloated and disorganized code that impairing readability, extensibility, and robustness. Despite this risk, existing benchmarks largely evaluate functional correctness rather than long-term maintainability of code agents. In this paper, we propose SmellBench, an extensible code refactoring benchmark that proactively injects code smells into clean code snippets from real-world repositories. This design enables the generation of controlled, high-quality, and diverse refactoring cases with human-written ground truth. Specifically, it contains 294 cases spanning 7 popular smell types, 3 difficulty levels, 2 instruction settings across 7 real-world repositories. We further design 3 evaluation aspects covering functional correctness, localization ability, and refactoring quality assessment. Experiments with 2 popular agents and 6 large langauge models (LLMs) show that the best combination - Qwen Code + Claude Sonnet 4.5 - achieved only a 50.34 score of smell elimination. Further analysis reveals that this gap arises from a focus on local code smells and a lack of cross-file understanding, which hinders comprehensive smell elimination.",arxiv,llm,0.840,unreviewed,,doi:10.48550/arxiv.2606.05574
discarded,Why We Refactor? Confessions of GitHub Contributors,Danilo Silva; Nikolaos Tsantalis; Marco Tulio Valente,2016,cs.SE,10.1145/2950290.2950305,http://arxiv.org/abs/1607.02459v1,adjacent-subtopic,"Refactoring is a widespread practice that helps developers to improve the maintainability and readability of their code. However, there is a limited number of studies empirically investigating the actual motivations behind specific refactoring operations applied by developers. To fill this gap, we monitored Java projects hosted on GitHub to detect recently applied refactorings, and asked the developers to ex- plain the reasons behind their decision to refactor the code. By applying thematic analysis on the collected responses, we compiled a catalogue of 44 distinct motivations for 12 well-known refactoring types. We found that refactoring activity is mainly driven by changes in the requirements and much less by code smells. Extract Method is the most versatile refactoring operation serving 11 different purposes. Finally, we found evidence that the IDE used by the developers affects the adoption of automated refactoring tools.",arxiv,llm,0.830,unreviewed,,doi:10.1145/2950290.2950305
discarded,Toward Refactoring of DMARF and GIPSY Case Studies a Team 7 SOEN6471-S14 Project Report,Abdulrhman Albeladi; Ahmed Almessabi; Aber Abozkhar; Huda Mohamed; Jilson Thomas; Zakaria Alomari,2014,cs.SE,10.48550/arXiv.1412.6494,http://arxiv.org/abs/1412.6494v1,off-topic-false-hit,"Software architecture is defined as the process of a well-structured solution that meets all of the technical and operational requirements, as well as improving the quality attributes of the system such as readability, Reliability, maintainability, and performance. It involves a series of design decisions that can have a considerable impact on the systems quality attributes, and on the overall success of the application. In this work, we start with analysis and investigation of two open source software (OSS) platforms DMARF and GIPSY, predominantly implemented in Java. Many research papers have been studied in order to gain more insights and clear background about their architectures, enhancement, evolution, challenges, and features. Subsequently, we extract and find their needs, high-level requirements, and architectural structures which lead to important design decisions and thus influence their quality attributes. Primarily, we reversed engineering each system0s source code to reconstruct its domain model and class diagram model. We tried to achieve the traceability between requirements and other design artifacts to be consistent. Additionally, we conducted both manual and automated refactoring techniques to get rid of some existing code smells to end up with more readable and understandable code without affecting its observable behavior.",arxiv,llm,0.860,unreviewed,,doi:10.48550/arxiv.1412.6494
discarded,Does ISO-Grounded NFR Specification Improve LLM Code Generation? A Comparison of Rich and Structured Interventions against a Natural-Language Baseline,Joào Pedro Monteiro Pereira; Vinicius Cardoso Garcia,2026,cs.SE,10.48550/arXiv.2608.13742,http://arxiv.org/abs/2608.13742v1,adjacent-subtopic,"In LLM-based code generation, Non-Functional Requirements (NFRs) are often specified as terse one-line phrases. We ask whether grounding those specifications in ISO/IEC 25010 Quality Model, either as rich natural-language prose (NL-rich) or as structured JSON (Structured), improves code generated on HumanEval/HumanEval-ET compared to a RobuNFR-style one-line baseline (NL-simple). We evaluate four NFRs (performance, error handling, code smell, readability) with ten prompt variations per condition under a fixed model snapshot and paired non-parametric analysis. Primary finding: ISO-grounded enrichment improves static quality proxies (unreadability density falls across all four NFRs (e.g., Performance 0.88 -> 0.69 for NL-rich)) and reduces sensitivity to prompt wording, but does not reliably improve functional correctness; for error handling, extended-test pass rate decreases, suggesting tension between defensive coding patterns and exact-output benchmarks. Secondary finding: when ISO content is held constant, NL-rich and Structured differ negligibly in correctness (|delta| <= 0.023), indicating that semantic content matters more than JSON-vs-prose format. Practitioners should invest in standard-grounded NFR content rather than serialization form. A fully traceable replication package is provided.",arxiv,llm,0.910,unreviewed,,doi:10.48550/arxiv.2608.13742
discarded,Comparing the Quality of Code Generated by Vibe Coding Tools,Gustavo da Mota; Kiev Gama,2026,cs.SE,10.48550/arXiv.2608.16302,http://arxiv.org/abs/2608.16302v1,adjacent-subtopic,"The use of AI agents for automatic code generation has become increasingly common in software development. However, concerns remain about the quality of the generated code, including aspects of maintainability, readability, and long-term evolution. This study compares the structural quality of code produced by three widely adopted vibe coding tools --- Lovable, v0, and Replit --- starting from a single generation prompt. We generate three independent projects per tool, totalling nine web applications, and submit them to static analysis with SonarQube. We collect metrics such as the number of issues, severity distribution, estimated remediation effort, cyclomatic and cognitive complexity, and code duplication. Preliminary results show that the tools exhibit distinct qualitative profiles: Lovable concentrates issues of lower severity but presents a substantially higher density of code smells per KLOC, while v0 and Replit produce more code with more aggressive severity profiles. These findings suggest that choosing between vibe coding tools involves structural trade-offs that go beyond perceived productivity.",arxiv,llm,0.870,unreviewed,,doi:10.48550/arxiv.2608.16302
discarded,Benefits of Applying Software Design Patterns to Backend Rust Applications,Leon Heuer,2026,cs.SE,10.48550/arXiv.2607.02744,http://arxiv.org/abs/2607.02744v1,adjacent-subtopic,"Software design patterns' effects on code quality have mostly been studied in the context of object-oriented languages. In the programming language Rust, which comes with novel language concepts, compile-time safety guarantees and a distinct type system, there has been little research on design patterns. This work investigates how patterns affect software quality and compile-time enforcement of invariants through a case study on three representative components of production backend applications. An evaluation framework based on criteria derived from the SQuaRE quality model, incorporating benchmarking, static code analysis and expert interviews, is developed to assess the refactored code. The patterns typestate and newtype are applied to address existing code smells in the selected use cases. While the typestate pattern improves faultlessness and testability significantly, it comes at the cost of more structural code that can degrade readability. Code with extensive branching logic and a high number of invariants is likely to benefit most from the pattern. The newtype pattern combined with the ""Parse, don't validate"" principle offers high returns in software quality at a low cost and prevents invalid states during runtime. Overall, this work provides an initial empirical assessment of design patterns in Rust and establishes a foundation for further studies involving additional use cases and patterns.",arxiv,llm,0.830,unreviewed,,doi:10.48550/arxiv.2607.02744
discarded,Checkstyle+: Reducing Technical Debt Through The Use of Linters with LLMs,Ella Dodor; Cristina V. Lopes,2025,cs.SE,10.48550/arXiv.2510.23068,http://arxiv.org/abs/2510.23068v1,adjacent-subtopic,"Good code style improves program readability, maintainability, and collaboration, and is an integral component of software quality. Developers, however, often cut corners when following style rules, leading to the wide adoption of tools such as linters in professional software development projects. Traditional linters like Checkstyle operate using rigid, rule-based mechanisms that effectively detect many surface-level violations. However, in most programming languages, there is a subset of style rules that require a more nuanced understanding of code, and fall outside the scope of such static analysis. In this paper, we propose Checkstyle+, a hybrid approach that augments Checkstyle with large language model (LLM) capabilities, to identify style violations that elude the conventional rule-based analysis. Checkstyle+ is evaluated on a sample of 380 Java code files, drawn from a broader dataset of 30,800 real-world Java programs sourced from accepted Codeforces submissions. The results show that Checkstyle+ achieves superior performance over standard Checkstyle in detecting violations of the semantically nuanced rules.",arxiv,llm,0.890,unreviewed,,doi:10.48550/arxiv.2510.23068
discarded,"A Causal Perspective on Measuring, Explaining and Mitigating Smells in LLM-Generated Code",Alejandro Velasco; Daniel Rodriguez-Cardenas; Dipin Khati; David N. Palacio; Luftar Rahman Alif; Denys Poshyvanyk,2025,cs.SE,10.1145/3744916.3773164,http://arxiv.org/abs/2511.15817v7,adjacent-subtopic,"Recent advances in large language models (LLMs) have accelerated their adoption in software engineering contexts. However, concerns persist about the structural quality of the code they produce. In particular, LLMs often replicate poor coding practices, introducing code smells (i.e., patterns that hinder readability, maintainability, or design integrity). Although prior research has examined the detection or repair of smells, we still lack a clear understanding of how and when these issues emerge in generated code.
  This paper addresses this gap by systematically measuring, explaining and mitigating smell propensity in LLM-generated code. We build on the Propensity Smelly Score (PSC), a probabilistic metric that estimates the likelihood of generating particular smell types, and establish its robustness as a signal of structural quality. Using PSC as an instrument for causal analysis, we identify how generation strategy, model size, model architecture and prompt formulation shape the structural properties of generated code. Our findings show that prompt design and architectural choices play a decisive role in smell propensity and motivate practical mitigation strategies that reduce its occurrence. A user study further demonstrates that PSC helps developers interpret model behavior and assess code quality, providing evidence that smell propensity signals can support human judgement. Taken together, our work lays the groundwork for integrating quality-aware assessments into the evaluation and deployment of LLMs for code.",arxiv,llm,0.870,unreviewed,,doi:10.1145/3744916.3773164
discarded,RobuNFR: Evaluating the Robustness of Large Language Models on Non-Functional Requirements Aware Code Generation,Feng Lin; Dong Jae Kim; Zhenhao Li; Jinqiu Yang;  Tse-Hsun;  Chen,2025,cs.SE,10.48550/arXiv.2503.22851,http://arxiv.org/abs/2503.22851v2,adjacent-subtopic,"When using LLMs to address Non-Functional Requirements (NFRs), developers may behave differently (e.g., expressing the same NFR in different words). Robust LLMs should output consistent results across these variations; however, this aspect remains underexplored. We propose RobuNFR for evaluating the robustness of LLMs in NFR-aware code generation across four NFR dimensions: design, readability, reliability, and performance, using three methodologies: prompt variation, regression testing, and diverse workflows. Our experiments show that RobuNFR reveals robustness issues in the tested LLMs when considering NFRs in code generation. Specifically, under prompt variation, including NFRs leads to a decrease in Pass@1 by up to 39 percent and an increase in the standard deviation from 0.48 to 2.48 compared to the baseline without NFRs (i.e., Function-Only). While incorporating NFRs generally improves overall NFR metrics, it also results in higher prompt sensitivity. In regression settings, some LLMs exhibit differences across versions, with improvements in one aspect (e.g., reduced code smells) often accompanied by regressions in another (e.g., decreased correctness), revealing inconsistencies that challenge their robustness. When varying workflows, the tested LLMs show significantly different NFR-aware code generation capabilities between two workflows: (1) integrating NFRs and functional requirements into the initial prompt and (2) enhancing Function-Only-generated code with the same NFR.",arxiv,llm,0.880,unreviewed,,doi:10.48550/arxiv.2503.22851
