status,title,authors,year,venue,doi,url,tags,abstract,provider,decision_source,llm_confidence,llm_review_outcome,llm_change_direction,paper_id
discarded,Trauma registries. Current status and future prospects,Daniel A. Pollock,1989,JAMA,10.1001/jama.262.16.2280,https://openalex.org/W2008167560,off-topic-false-hit,"Hospital trauma registries are evolving rapidly as a result of a renewed focus on trauma care evaluation and recent advances in microcomputer technology. In theory, trauma registries can serve as the principal tool for the systematic audit of the quality of patient care provided by a hospital or a trauma system and as a potential source of part of the data needed for injury surveillance. In practice, however, there is a tendency to underestimate the resources needed to initiate and maintain a registry. Herein, we describe the purposes, resource requirements, and limitations of trauma registries. We conclude that standardization of case criteria, core data content, data definitions, and coding conventions can enhance the utility of trauma registries.",openalex,llm,1.000,unreviewed,,doi:10.1001/jama.262.16.2280
discarded,Communication Systems Engineering,J.G. Proakis; Masoud Salehi,1994,,,https://openalex.org/W1923769013,off-topic-false-hit,(NOTE: Each chapter concludes with Further Reading and Problems.) 1. Introduction. Historical Review. Elements of an Electrical Communication System. Communication Channels and Their Characteristics. Mathematical Models for Communication Channels. Organization of the Book. 2. Frequency Domain Analysis of Signals and Systems. Fourier Series. Fourier Transforms. Power and Energy. Sampling of Bandlimited Signals. Bandpass Signals. 3. Analog Signal Transmission and Reception. Introduction to Modulation. Amplitude Modulation (AM). Angle Modulation. Radio and Television Broadcasting. Mobile Radio Stations. 4. Random Processes. Probability and Random Variables. Random Processes: Basic Concepts. Random Processes in the Frequency Domain. Gaussian and White Processes. Bandlimited Processes and Sampling. Bandpass Processes. 5. Effect of Noise on Analog Communication Systems. Effect of Noise on Linear-Modulation Systems. Carrier-Phase Estimation with a Phase-Locked Loop (PLL). Effect of Noise on Angle Modulation. Comparison of Analog-Modulation Systems. Effects of Transmission Losses and Noise in Analog Communication Systems. 6. Information Sources and Source Coding. Modeling of Information Sources. Source-Coding Theorem. Source-Coding Algorithms. Rate-Distortion Theory. Quantization. Waveform Coding. Analysis-Synthesis Techniques. Digital Audio Transmission and Digital Audio Recording. The JPEG Image-Coding Standard. 7. Digital Transmission through the Additive White Gaussian Noise Channel. Geometric Representation of Signal Waveforms. Pulse Amplitude Modulation. Two-Dimensional Signal Waveforms. Multidimensional Signal Waveforms. Optimum Receiver for Digitally Modulated Signals in Additive White Gaussian Noise. Probability of Error for Signal Detection in Additive White Gaussian Noise. Performance Analysis for Wireline and Radio Communication Channels. Symbol Synchronization. 8. Digital Transmission through Bandlimited AWGN Channels. Digital Transmission through Bandlimited Channels. The Power Spectrum of Digitally Modulated Signals. Signal Design for Bandlimited Channels. Probability of Error in Detection of Digital PAM. Digitally Modulated Signals with Memory. System Design in the Presence of Channel Distortion. Multicarrier Modulation and OFDM. 9. Channel Capacity and Coding. Modeling of Communication Channels. Channel Capacity. Bounds on Communication. Coding for Reliable Communication. Linear Block Codes. Cyclic Codes. Convolutional Codes. Complex Codes Based on Combination of Simple Codes. Coding for Bandwidth-Constrained Channels. Practical Applications of Coding. 10. Wireless Communications. Digital Transmission on Fading Multipath Channels. Continuous Carrier-Phase Modulation. Spread-Spectrum Communication Systems. Digital Cellular Communication Systems. Appendix A: The Probability of Error for Multichannel Reception of Binary Signals. References. Index.,openalex,llm,1.000,unreviewed,,hash:6dfb027fe9370229
discarded,The Limitations of QALY: A Literature Review,Pettitt DA; Syed Muhammad Muslim Raza,2016,Journal of Stem Cell Research & Therapy,10.4172/2157-7633.1000334,https://openalex.org/W2524204436,off-topic-false-hit,The Quality Adjusted Life Year (QALY) is a recognised metric used to evaluate new and innovative healthcare treatments and optimise resource allocation via rational and explicit methodologies. This review examines present limitations of the QALY metric and foreseeable challenges linked to the advancement of regenerative medicine.,openalex,llm,1.000,unreviewed,,doi:10.4172/2157-7633.1000334
discarded,HEVC: The New Gold Standard for Video Compression: How Does HEVC Compare with H.264/AVC?,Mahsa T. Pourazad; Colin Doutre; Maryam Azimi; Panos Nasiopoulos,2012,IEEE Consumer Electronics Magazine,10.1109/mce.2012.2192754,https://openalex.org/W2153010305,off-topic-false-hit,"Digital video has become ubiquitous in our everyday lives; everywhere we look, there are devices that can display, capture, and transmit video. The recent advances in technology have made it possible to capture and display video material with ultrahigh definition (UHD) resolution. Now is the time when the current Internet and broadcasting networks do not even have sufficient capacity to transmit large amounts of HD content-Let alone UHD. The need for an improved transmission system is more pronounced in the mobile sector because of the introduction of lightweight HD resolutions (such as 720 pixel) for mobile applications. The limitations of current technologies prompted the International Standards Organization/International Electrotechnical Commission Moving Picture Experts Group (MPEG) and International Telecommunication Union-Telecommunication Standardization Sector Video Coding Experts Group (VCEG) to establish the Joint Collaborative Team on Video Coding (JCT-VC), with the objective to develop a new high-performance video coding standard.",openalex,llm,1.000,unreviewed,,doi:10.1109/mce.2012.2192754
discarded,Cool pavements for urban heat island mitigation: A synthetic review,Chenghao Wang; Zhi‐Hua Wang; Kamil E. Kaloush; Joseph Shacat,2021,Renewable and Sustainable Energy Reviews,10.1016/j.rser.2021.111171,https://openalex.org/W3160082257,off-topic-false-hit,,openalex,llm,0.990,unreviewed,,doi:10.1016/j.rser.2021.111171
discarded,Subblock-Based Motion Derivation and Inter Prediction Refinement in the Versatile Video Coding Standard,Haitao Yang; Huanbang Chen; Jianle Chen; Semih Esenlik; Sriram Sethuraman; Xiaoyu Xiu; Elena Alshina; Jiancong Luo,2021,IEEE Transactions on Circuits and Systems for Video Technology,10.1109/tcsvt.2021.3100744,https://openalex.org/W3186764622,off-topic-false-hit,"Efficient representation and coding of fine-granular motion information is one of the key research areas for exploiting inter-frame correlation in video coding. Representative techniques towards this direction are affine motion compensation (AMC), decoder-side motion vector refinement (DMVR), and subblock-based temporal motion vector prediction (SbTMVP). Fine-granular motion information is derived at subblock level for all the three coding tools. In addition, the obtained inter prediction can be further refined by two optical flow-based coding tools, the bi-directional optical flow (BDOF) for bi-directional inter prediction and the prediction refinement with optical flow (PROF) exclusively used in combination with AMC. The aforementioned five coding tools have been extensively studied and finally adopted in the Versatile Video Coding (VVC) standard. This paper presents technical details of each tool and highlights the design elements with the consideration of typical hardware implementations. Following the common test conditions defined by Joint Video Experts Team (JVET) for the development of VVC, 5.7% bitrate reduction on average is achieved by the five tools. For test sequences characterized by large and complex motion, up to 13.4% bitrate reduction is observed. Additionally, visual quality improvement is demonstrated and analyzed.",openalex,llm,1.000,unreviewed,,doi:10.1109/tcsvt.2021.3100744
kept,Evaluating the relation between coding standard violations and faultswithin and across software versions,Cathal Boogerd; Leon Moonen,2009,,10.1109/msr.2009.5069479,https://openalex.org/W2154869337,qualifies-claim,"In spite of the widespread use of coding standards and tools enforcing their rules, there is little empirical evidence supporting the intuition that they prevent the introduction of faults in software. In previous work, we performed a pilot study to assess the relation between rule violations and actual faults, using the MISRA C 2004 standard on an industrial case. In this paper, we investigate three different aspects of the relation between violations and faults on a larger case study, and compare the results across the two projects. We find that 10 rules in the standard are significant predictors of fault location.",openalex,llm,0.960,unreviewed,,doi:10.1109/msr.2009.5069479
discarded,Trauma Registries,Daniel A. Pollock,1989,JAMA,10.1001/jama.1989.03430160102039,https://openalex.org/W4238444315,off-topic-false-hit,"Hospital trauma registries are evolving rapidly as a result of a renewed focus on trauma care evaluation and recent advances in microcomputer technology. In theory, trauma registries can serve as the principal tool for the systematic audit of the quality of patient care provided by a hospital or a trauma system and as a potential source of part of the data needed for injury surveillance. In practice, however, there is a tendency to underestimate the resources needed to initiate and maintain a registry. Herein, we describe the purposes, resource requirements, and limitations of trauma registries. We conclude that standardization of case criteria, core data content, data definitions, and coding conventions can enhance the utility of trauma registries. (JAMA. 1989;262:2280-2283)",openalex,llm,1.000,unreviewed,,doi:10.1001/jama.1989.03430160102039
discarded,"Characterizing Functional Limitations in Children Using the International Classification of Functioning, Disability and Health-Children and Youth Version (ICF-CY)",The University of North Carolina at Chapel Hill University Libraries,2019,Carolina Digital Repository (University of North Carolina at Chapel Hill),10.17615/v8y6-0764,https://openalex.org/W2287152268,off-topic-false-hit,"This project was designed to create and pilot test a checklist for use with populations of children that present challenges for evaluators. The World Health Organization's International Classification of Functioning, Disability, and Health-Children and Youth (ICF-CY) system was used to create a checklist to better characterize functional limitations in children. The checklist evaluates Body Structures and Functions, limitations in Activities and Participation resulting from speech-language difficulties, and relevant Environmental factors. Seven children with rare disorders and ten native Spanish-speaking children in Guatemala were evaluated using formal (standardized and non-standardized) tools and the pilot version of the ICF-CY based checklist. The results of testing and case studies demonstrate the clinical utility of the checklist. The main benefit of the ICF-CY checklist was identifying how children's speech-language impairments impacted their participation in daily activities. As a result, the checklist was also used to make functional treatment recommendations.",openalex,llm,0.990,unreviewed,,doi:10.17615/v8y6-0764
discarded,An Experimental Investigation of UML Modeling Conventions,Christian F. J. Lange; Bart Dubois; Michel R. V. Chaudron; Serge Demeyer,2006,Lecture notes in computer science,10.1007/11880240_3,https://openalex.org/W1995234006,off-topic-false-hit,,openalex,llm,0.840,unreviewed,,doi:10.1007/11880240_3
discarded,The Tyranny of Diagnosis: Specific Entities and Individual Experience,Charles E. Rosenberg,2002,Milbank Quarterly,10.1111/1468-0009.t01-1-00003,https://openalex.org/W2158813480,off-topic-false-hit,"Diagnosis has always played a pivotal role in medical practice, but in the past two centuries, that role has been reconfigured and has become more central as medicine—like Western society in general—has become increasingly technical, specialized, and bureaucratized. Disease explanations and clinical practices have incorporated, paralleled, and, in some measure, constituted these larger structural changes. This modern history of diagnosis is inextricably related to disease specificity, to the notion that diseases can and should be thought of as entities existing outside the unique manifestations of illness in particular men and women. During the past century especially, diagnosis, prognosis, and treatment have been linked ever more tightly to specific, agreed‐upon disease categories, in both concept and everyday practice. In fact, this essay might have been entitled “Diagnosis Mediates an Invisible Revolution: The Social and Intellectual Significance of Specific Disease Concepts.” It would have been even more precise, if rather less arresting. The articulation and acceptance of specific disease entities constitute one of the most important intellectual and cultural events of the past two centuries. This notion is central to how we organize health care delivery, think about ourselves, debate and formulate social policy, and define and manage deviance. Diagnosis is indispensable to linking specific disease concepts with doctor and patient and the social and economic institutions shaping such clinical interactions. Disease is a social entity, not an array of ideal types. The history of medicine is partly the story of how disease entities have become social entities, accumulating the flesh of diagnostic and therapeutic practice, social expectation, and bureaucratic reification. Despite criticism of reductionist medicine in the West and less focus on disease entities and mechanisms, our social response still depends on this concept of sickness. But this concept can no longer remain invisible if we are to understand contemporary medicine as both a social and a technological system.The articulation and acceptance of specific disease entities constitute one of the most important intellectual and cultural events of the past two centuries. This notion is central to how we organize health care delivery, think about ourselves, debate and formulate social policy, and define and manage deviance. Diagnosis is indispensable to linking specific disease concepts with doctor and patient and the social and economic institutions shaping such clinical interactions. Disease is a social entity, not an array of ideal types. The history of medicine is partly the story of how disease entities have become social entities, accumulating the flesh of diagnostic and therapeutic practice, social expectation, and bureaucratic reification. Despite criticism of reductionist medicine in the West and less focus on disease entities and mechanisms, our social response still depends on this concept of sickness. But this concept can no longer remain invisible if we are to understand contemporary medicine as both a social and a technological system.The articulation and acceptance of specific disease entities constitute one of the most important intellectual and cultural events of the past two centuries. This notion is central to how we organize health care delivery, think about ourselves, debate and formulate social policy, and define and manage deviance. Diagnosis is indispensable to linking specific disease concepts with doctor and patient and the social and economic institutions shaping such clinical interactions. Disease is a social entity, not an array of ideal types. The history of medicine is partly the story of how disease entities have become social entities, accumulating the flesh of diagnostic and therapeutic practice, social expectation, and bureaucratic reification. Despite criticism of reductionist medicine in the West and less focus on disease entities and mechanisms, our social response still depends on this concept of sickness. But this concept can no longer remain invisible if we are to understand contemporary medicine as both a social and a technological system.The articulation and acceptance of specific disease entities constitute one of the most important intellectual and cultural events of the past two centuries. This notion is central to how we organize health care delivery, think about ourselves, debate and formulate social policy, and define and manage deviance. Diagnosis is indispensable to linking specific disease concepts with doctor and patient and the social and economic institutions shaping such clinical interactions. Disease is a social entity, not an array of ideal types. The history of medicine is partly the story of how disease entities have become social entities, accumulating the flesh of diagnostic and therapeutic practice, social expectation, and bureaucratic reification. Despite criticism of reductionist medicine in the West and less focus on disease entities and mechanisms, our social response still depends on this concept of sickness. But this concept can no longer remain invisible if we are to understand contemporary medicine as both a social and a technological system.",openalex,llm,0.990,unreviewed,,doi:10.1111/1468-0009.t01-1-00003
discarded,"Digital Pictures: Representation, Compression, and Standards",Barry G. Haskell; Arun N. Netravali,1995,Medical Entomology and Zoology,,https://openalex.org/W1586131326,off-topic-false-hit,"From the Publisher:
Since the first edition of Digital Pictures in 1988, several international standards have been established for digitization of bilevel images, color pictures, videoconferencing, and television. In Digital Pictures, Second Edition, Arun N. Netravali and Barry G. Haskell address these modern innovations and review recently established international standards for digital imagery. They discuss the current state of the art, including JBIG, JPEG, H.261, CCIR601, CCIR723, MPEG1, MPEG2, and HDTV technology. Their book also thoroughly covers the fundamentals and practical algorithms of image digitization and compression. The text's new chapters feature examples and questions designed to stimulate greater understanding of the topics which describe: basic aspects of the JBIG algorithm and different JPEG operating modes; some methodologies used for video codecs operating at subprimary bit-rates; a generic coding standard that can be used in many digital video implementations; and the main characteristics of HDTV; its current state in Europe, Japan, and the United States; and expected future developments. Digital Pictures, Second Edition, concludes with a review of source encoding limitations and brief descriptions of two approaches to model-based coding of video. Its comprehensive coverage of progress in the field will be valuable for communication systems engineers and researchers working in the areas of image compression, communication, and processing. Advanced undergraduate and graduate students will find it an essential text on image digitization, processing, coding, and compression.",openalex,llm,1.000,unreviewed,,hash:c34ee7e88ab6afa9
discarded,MPEG coding for variable bit rate video transmission,P. Pancha; Magda El Zarki,1994,IEEE Communications Magazine,10.1109/35.281579,https://openalex.org/W2035387652,off-topic-false-hit,"For real-time transmission of broadcast-quality video on ATM-based B-ISDN, the intraframe to interframe ratio and the quantizer scale are two key parameters that can be used to control a video source in a network environment. Their impact on the traffic characteristics of the coder provides insights into the cell arrival process for an MPEG source. The authors obtain video source models for coders that utilize a standard algorithm that can be applied to a multitude of video services. The output stream of a video coder, which complies with the Motion Pictures Expert Group (MPEG) coding standard, is studied with an National Television Systems Committee (NTSC) quality video sequence as the input. Because the MPEG video coding algorithm has been proposed for a variety of applications, they also investigate the effect of changing the coding parameters on the statistics of interest. >",openalex,llm,1.000,unreviewed,,doi:10.1109/35.281579
