status,title,authors,year,venue,doi,url,tags,abstract,provider,decision_source,llm_confidence,llm_review_outcome,llm_change_direction,paper_id
discarded,InterEvo-TR: Interactive Evolutionary Test Generation With Readability Assessment,Pedro Delgado‐Pérez; Aurora Ramírez; Kevin J. Valle‐Gómez; Inmaculada Medina‐Bulo; José Raúl Romero,2022,IEEE Transactions on Software Engineering,10.1109/tse.2022.3227418,https://openalex.org/W4313059319,adjacent-subtopic,"Automated test case generation has proven to be useful to reduce the usually high expenses of software testing. However, several studies have also noted the skepticism of testers regarding the comprehension of generated test suites when compared to manually designed ones. This fact suggests that involving testers in the test generation process could be helpful to increase their acceptance of automatically-produced test suites. In this paper, we propose incorporating interactive readability assessments made by a tester into EvoSuite, a widely-known evolutionary test generation tool. Our approach,InterEvo-TR, interacts with the tester at different moments during the search and shows different test cases covering the same coverage target for their subjective evaluation. The design of such an interactive approach involves a schedule of interaction, a method to diversify the selected targets, a plan to save and handle the readability values, and some mechanisms to customize the level of engagement in the revision, among other aspects. To analyze the potential and practicability of our proposal, we conduct a controlled experiment in which 39 participants, including academics, professional developers, and student collaborators, interact withInterEvo-TR. Our results show that the strategy to select and present intermediate results is effective for the purpose of readability assessment. Furthermore, the participants’ actions and responses to a questionnaire allowed us to analyze the aspects influencing test code readability and the benefits and limitations of an interactive approach in the context of test case generation, paving the way for future developments based on interactivity.",openalex,llm,0.860,unreviewed,,doi:10.1109/tse.2022.3227418
discarded,Do Extracted State Machine Models Help to Understand Embedded Software?,Wasim Said; Jochen Quante; Rainer Koschke,2019,2019 IEEE/ACM 27th International Conference on Program Comprehension (ICPC),10.1109/ICPC.2019.00038,https://ieeexplore.ieee.org/document/8813256/,off-topic-false-hit,"Program understanding is a prerequisite for several software activities, such as maintenance, evolution, and reengineering. Code in itself is so detailed that it is often hard to understand. More abstract models describing its behaviour may ease program understanding. Manually building understandable abstractions from complex source code – as an explicit or just mental model – requires in-depth analysis of the code in the first place. Therefore, it is a time-consuming and tedious activity for developers. Model mining can support program comprehension by semi-automatically extracting high-level models from code. One helpful model is a state machine, which is an established formalism for specifying the behaviour of a software component. In this paper, we report on a controlled experiment that investigates the question: Do semi-automatically extracted state machines make understanding of complex embedded code more effective? The experiment was conducted with 30 participants on two industrial embedded C code functions. The results show that the share of correct answers increases and the required time to solve the tasks decreases significantly when extracted state machines are available. We conclude that mined state machines do in fact help in program understanding.",ieee,llm,0.930,unreviewed,,doi:10.1109/icpc.2019.00038
kept,"Is ""notDone"" the Same as ""!done""? The Effect of Different Ways for Expressing Negation","Baron, Aviad; Feitelson, Dror G.",2025,"PROCEEDINGS OF THE ACM CONFERENCE ON INTERNATIONAL COMPUTING EDUCATION RESEARCH V. 1, ICER 2025",10.1145/3702652.3744213,https://www.webofscience.com/wos/woscc/full-record/WOS:001593084100012,supports-claim,"Negation has been studied extensively in the fields of linguistics, psychology, and logic. However, it has been almost entirely overlooked in the realm of code comprehension research and the teaching of programming. Negations in code are interesting for several reasons. First, negations can be expressed either using logic operators (like ! or !=) or else by words embedded in variable names (as in notDone). Second, different types of negations can be combined together in the same expression. To explore whether using different negative expressions affects code comprehension, we conducted a controlled experiment involving 268 participants. The task was to understand short code snippets containing various logical expressions and types of negations. The results showed significant differences between the comprehension of different code snippets, both in terms of time needed and in terms of the correctness achieved. This illustrates a cognitive complexity that has important implications for writing inure readable code and for guiding refactoring practices. In particular, we suggest that students be taught to avoid negations if possible, e.g. by using len > 0 rather than len != 0 to verify that an array is not empty.",wos,llm,0.940,unreviewed,,doi:10.1145/3702652.3744213
discarded,Clinical diagnosis of Alzheimer's disease,Guy M. McKhann; David A. Drachman; Marshall Folstein; Robert Katzman; Donald D. Price; Emanuel M. Stadlan,1984,Neurology,10.1212/wnl.34.7.939,https://openalex.org/W2156220037,off-topic-false-hit,"Clinical criteria for the diagnosis of Alzheimer's disease include insidious onset and progressive impairment of memory and other cognitive functions. There are no motor, sensory, or coordination deficits early in the disease. The diagnosis cannot be determined by laboratory tests. These tests are important primarily in identifying other possible causes of dementia that must be excluded before the diagnosis of Alzheimer's disease may be made with confidence. Neuropsychological tests provide confirmatory evidence of the diagnosis of dementia and help to assess the course and response to therapy. The criteria proposed are intended to serve as a guide for the diagnosis of probable, possible, and definite Alzheimer's disease; these criteria will be revised as more definitive information become available.",openalex,llm,1.000,unreviewed,,doi:10.1212/wnl.34.7.939
discarded,Mfold web server for nucleic acid folding and hybridization prediction,Michael Zuker,2003,Nucleic Acids Research,10.1093/nar/gkg595,https://openalex.org/W2141157874,off-topic-false-hit,"The abbreviated name, 'mfold web server', describes a number of closely related software applications available on the World Wide Web (WWW) for the prediction of the secondary structure of single stranded nucleic acids. The objective of this web server is to provide easy access to RNA and DNA folding and hybridization software to the scientific community at large. By making use of universally available web GUIs (Graphical User Interfaces), the server circumvents the problem of portability of this software. Detailed output, in the form of structure plots with or without reliability information, single strand frequency plots and 'energy dot plots', are available for the folding of single sequences. A variety of 'bulk' servers give less information, but in a shorter time and for up to hundreds of sequences at once. The portal for the mfold web server is http://www.bioinfo.rpi.edu/applications/mfold. This URL will be referred to as 'MFOLDROOT'.",openalex,llm,1.000,unreviewed,,doi:10.1093/nar/gkg595
discarded,Functional connectome fingerprinting: identifying individuals using patterns of brain connectivity,Emily S. Finn; Xilin Shen; Dustin Scheinost; Monica D. Rosenberg; Jessica S. Huang; Marvin M. Chun; Xenophon Papademetris; R. Todd Constable,2015,Nature Neuroscience,10.1038/nn.4135,https://openalex.org/W2111902267,off-topic-false-hit,,openalex,llm,1.000,unreviewed,,doi:10.1038/nn.4135
discarded,The Generality of Working Memory Capacity: A Latent-Variable Approach to Verbal and Visuospatial Memory Span and Reasoning.,Michael J. Kane; David Z. Hambrick; Stephen W. Tuholski; Oliver Wilhelm; Tabitha W. Payne; Randall W Engle,2004,Journal of Experimental Psychology General,10.1037/0096-3445.133.2.189,https://openalex.org/W2048613949,off-topic-false-hit,"A latent-variable study examined whether verbal and visuospatial working memory (WM) capacity measures reflect a primarily domain-general construct by testing 236 participants in 3 span tests each of verbal WM. visuospatial WM, verbal short-term memory (STM), and visuospatial STM. as well as in tests of verbal and spatial reasoning and general fluid intelligence (Gf). Confirmatory' factor analyses and structural equation models indicated that the WM tasks largely reflected a domain-general factor, whereas STM tasks, based on the same stimuli as the WM tasks, were much more domain specific. The WM construct was a strong predictor of Gf and a weaker predictor of domain-specific reasoning, and the reverse was true for the STM construct. The findings support a domain-general view of WM capacity, in which executive-attention processes drive the broad predictive utility of WM span measures, and domain-specific storage and rehearsal processes relate more strongly to domain-specific aspects of complex cognition.",openalex,llm,1.000,unreviewed,,doi:10.1037/0096-3445.133.2.189
discarded,Uniform Resource Identifiers (URI): Generic Syntax,Tim Berners‐Lee; Roy T. Fielding; Larry Masinter,1998,,10.17487/rfc2396,https://openalex.org/W2046166587,off-topic-false-hit,"This paper describes a ""superset"" of operations that can be applied to URI. It consists of both a grammar and a description of basic functionality for URI. To understand what is a valid URI, both the grammar and the associated description have to be studied. Some of the functionality described is not applicable to all URI schemes, and some operations are only possible when certain media types are retrieved using the URI, regardless of the scheme used.",openalex,llm,1.000,unreviewed,,doi:10.17487/rfc2396
discarded,The Distributed Nature of Working Memory,Thomas B. Christophel; P. Christiaan Klink; Bernhard Spitzer; Pieter R. Roelfsema; John­–Dylan Haynes,2017,Trends in Cognitive Sciences,10.1016/j.tics.2016.12.007,https://openalex.org/W2568841898,off-topic-false-hit,,openalex,llm,1.000,unreviewed,,doi:10.1016/j.tics.2016.12.007
discarded,The Corticosteroid Receptor Hypothesis of Depression,Florian Holsboer,2000,Neuropsychopharmacology,10.1016/s0893-133x(00)00159-7,https://openalex.org/W2055747883,off-topic-false-hit,,openalex,llm,1.000,unreviewed,,doi:10.1016/s0893-133x(00)00159-7
discarded,"Mathematics Anxiety, Working Memory, and Mathematics Performance in Secondary-School Children",Maria Chiara Passolunghi; Sara Caviola; Ruggero De Agostini; Chiara Perin; Irene C. Mammarella,2016,Frontiers in Psychology,10.3389/fpsyg.2016.00042,https://openalex.org/W2285902070,off-topic-false-hit,"Mathematics anxiety (MA) has been defined as ""a feeling of tension and anxiety that interferes with the manipulation of numbers and the solving of math problems in a wide variety of ordinary life and academic situations."" Previous studies have suggested that a notable proportion of children in primary and secondary school suffer from MA, which is negatively correlated with calculation skills. The processing efficiency and attentional control theories suggest that working memory (WM) also plays an important part in such anxious feelings. The present study aimed to analyze the academic achievement and cognitive profiles of students with high math anxiety (HMA) and low math anxiety (LMA). Specifically, 32 students with HMA and 34 with LMA matched for age, gender, generalized anxiety, and vocabulary attending sixth to eighth grades were selected from a larger sample. The two groups were tested on reading decoding, reading comprehension, mathematics achievement, and on verbal short-term memory and WM. Our findings showed that HMA students were weak in several measures of mathematics achievement, but not in reading and writing skills, and that students with HMA reported lower scores on short-term memory and WM performances (with associated difficulties in inhibiting irrelevant information) than children with LMA. In addition, a logistic regression showed that weaknesses in inhibitory control and fact retrieval were the strongest variables for classifying children as having HMA or LMA.",openalex,llm,1.000,unreviewed,,doi:10.3389/fpsyg.2016.00042
discarded,Reactome pathway analysis: a high-performance in-memory approach,Antonio Fabregat; Konstantinos Sidiropoulos; Guilherme Viteri; Oscar Forner; Pablo Marín-García; Vicente Arnau; Peter D’Eustachio; Lincoln Stein; Henning Hermjakob,2017,BMC Bioinformatics,10.1186/s12859-017-1559-2,https://openalex.org/W2594844287,off-topic-false-hit,"BACKGROUND: Reactome aims to provide bioinformatics tools for visualisation, interpretation and analysis of pathway knowledge to support basic research, genome analysis, modelling, systems biology and education. Pathway analysis methods have a broad range of applications in physiological and biomedical research; one of the main problems, from the analysis methods performance point of view, is the constantly increasing size of the data samples. RESULTS: Here, we present a new high-performance in-memory implementation of the well-established over-representation analysis method. To achieve the target, the over-representation analysis method is divided in four different steps and, for each of them, specific data structures are used to improve performance and minimise the memory footprint. The first step, finding out whether an identifier in the user's sample corresponds to an entity in Reactome, is addressed using a radix tree as a lookup table. The second step, modelling the proteins, chemicals, their orthologous in other species and their composition in complexes and sets, is addressed with a graph. The third and fourth steps, that aggregate the results and calculate the statistics, are solved with a double-linked tree. CONCLUSION: Through the use of highly optimised, in-memory data structures and algorithms, Reactome has achieved a stable, high performance pathway analysis service, enabling the analysis of genome-wide datasets within seconds, allowing interactive exploration and analysis of high throughput data. The proposed pathway analysis approach is available in the Reactome production web site either via the AnalysisService for programmatic access or the user submission interface integrated into the PathwayBrowser. Reactome is an open data and open source project and all of its source code, including the one described here, is available in the AnalysisTools repository in the Reactome GitHub ( https://github.com/reactome/ ).",openalex,llm,1.000,unreviewed,,doi:10.1186/s12859-017-1559-2
discarded,Development and Testing of an Abbreviated Numeracy Scale: A Rasch Analysis Approach,Joshua A. Weller; Nathan F. Dieckmann; Martin Tusler; C. K. Mertz; William J. Burns; Ellen Peters,2012,Journal of Behavioral Decision Making,10.1002/bdm.1751,https://openalex.org/W2163662064,off-topic-false-hit,"Research has demonstrated that individual differences in numeracy may have important consequences for decision making. In the present paper, we develop a shorter, psychometrically improved measure of numeracy-the ability to understand, manipulate, and use numerical information, including probabilities. Across two large independent samples that varied widely in age and educational level, participants completed 18 items from existing numeracy measures. In Study 1, we conducted a Rasch analysis on the item pool and created an eight-item numeracy scale that assesses a broader range of difficulty than previous scales. In Study 2, we replicated this eight-item scale in a separate Rasch analysis using data from an independent sample. We also found that the new Rasch-based numeracy scale, compared with previous measures, could predict decision-making preferences obtained in past studies, supporting its predictive validity. In Study, 3, we further established the predictive validity of the Rasch-based numeracy scale. Specifically, we examined the associations between numeracy and risk judgments, compared with previous scales. Overall, we found that the Rasch-based scale was a better linear predictor of risk judgments than prior measures. Moreover, this study is the first to present the psychometric properties of several popular numeracy measures across a diverse sample of ages and educational level. We discuss the usefulness and the advantages of the new scale, which we feel can be used in a wide range of subject populations, allowing for a more clear understanding of how numeracy is associated with decision processes. Copyright © 2012 John Wiley & Sons, Ltd.",openalex,llm,1.000,unreviewed,,doi:10.1002/bdm.1751
discarded,Learning and memory in the honeybee,Martin Hammer; Randolf Menzel,1995,Journal of Neuroscience,10.1523/jneurosci.15-03-01617.1995,https://openalex.org/W1845007212,off-topic-false-hit,"Insects are favorable subjects for neuroethological studies. Their nervous systems are relatively small and contain many individually identifiable cells. The CNS is highly compartmentalized with clear separations between multisensory higher order neuropiles in the brain and neuropiles serving sensory-motor routines in the ventral cord (Huber, 1974). The rich behavior of insects includes orientation in space and time, visual, chemical, and mechanical communication, and complex motor routines for flying, walking, swimming, nest building, defense, and attack. Learning and memory, though, are not usually considered to be a strong point of insects. Rather, insect behavior is often regarded as highly stereotyped and under tight control of genetically programmed neural circuits. This view, however, does not do justice to the insect order of Hymenoptera (bees, wasps, ants). Most Hymenopteran species care for their brood either as individual females or as a social group of females. Consequently, they regularly return to their nest site to feed, protect, and nurse the larvae, store food, and hide from adverse environmental conditions. Since they search for food (prey; nectar and pollen on flowers) at unpredictable sites, they have to learn the celestial and terrestrial cues that guide their foraging trips over long distances and allow them to find their nest sites (central place foraging; von Frisch, 1967; Seeley, 1985). They learn to relate the sun's position and sky pattern of polarized light to the time of the day (Lindauer, 1959), and landmarks are learned in relationship to the nest site within the framework of the time-compensated sun compass. The honeybee communicates direction and distance of a feeding place to hive mates by performing a ritualized body movement, the waggle dance (von Frisch, 1967). Associative learning is an essential component of the bee's central place foraging behavior and dance communication. Hive mates attending a dance performance learn the odor emanating from the dancing bee and seek it at the indicated food site. The odor, color, and shape of flowers are learned when the bee experiences these stimuli shortly before it finds food (nectar, pollen). This appetitive learning in bees has many characteristics of associative learning well known from mammalian learning studies (Menzel, 1985, 1990; Bitterman, 1988). It follows the rules of classical and operant conditioning, respectively, so that stimuli or behavioral acts are associated with evaluating stimuli. Since associative learning, especially of the classical type, is well described at the phenomenological and operational level (Rescorla, 1988), it provides a favorable approach in the search for the neural substrate underlying learning and memory.(ABSTRACT TRUNCATED AT 400 WORDS)",openalex,llm,1.000,unreviewed,,doi:10.1523/jneurosci.15-03-01617.1995
discarded,Human amnesia and the medial temporal region: enduring memory impairment following a bilateral lesion limited to field CA1 of the hippocampus,Stuart Zola‐Morgan; LR Squire; DG Amaral,1986,Journal of Neuroscience,10.1523/jneurosci.06-10-02950.1986,https://openalex.org/W1598800837,off-topic-false-hit,"During the past 100 years clinical studies of amnesia have linked memory impairment to damage of the hippocampus. Yet the damage in these cases has not usually been confined to the hippocampus, and the status of memory functions has often been based on incomplete neuropsychological information. Thus, the human cases have until now left some uncertainty as to whether lesions limited to the hippocampus are sufficient to cause amnesia. Here we report a case of amnesia in a patient (R.B.) who developed memory impairment following an ischemic episode. During the 5 years until his death, R.B. exhibited marked anterograde amnesia, little if any retrograde amnesia, and showed no signs of cognitive impairment other than memory. Thorough histological examination revealed a circumscribed bilateral lesion involving the entire CA1 field of the hippocampus. Minor pathology was found elsewhere in the brain (e.g., left globus pallidus, right postcentral gyrus, left internal capsule), but the only damage that could be reasonably associated with the memory defect was the lesion in the hippocampus. To our knowledge, this is the first reported case of amnesia following a lesion limited to the hippocampus in which extensive neuropsychological and neuropathological analyses have been carried out.",openalex,llm,1.000,unreviewed,,doi:10.1523/jneurosci.06-10-02950.1986
