status,title,authors,year,venue,doi,url,tags,abstract,provider,decision_source,llm_confidence,llm_review_outcome,llm_change_direction,paper_id
discarded,Deep Generation of Coq Lemma Names Using Elaborated Terms,Pengyu Nie; Karl Palmskog; Junyi Jessy Li; Milos Gligoric,2020,cs.PL,10.48550/arXiv.2004.07761,http://arxiv.org/abs/2004.07761v2,adjacent-subtopic,"Coding conventions for naming, spacing, and other essentially stylistic properties are necessary for developers to effectively understand, review, and modify source code in large software projects. Consistent conventions in verification projects based on proof assistants, such as Coq, increase in importance as projects grow in size and scope. While conventions can be documented and enforced manually at high cost, emerging approaches automatically learn and suggest idiomatic names in Java-like languages by applying statistical language models on large code corpora. However, due to its powerful language extension facilities and fusion of type checking and computation, Coq is a challenging target for automated learning techniques. We present novel generation models for learning and suggesting lemma names for Coq projects. Our models, based on multi-input neural networks, are the first to leverage syntactic and semantic information from Coq's lexer (tokens in lemma statements), parser (syntax trees), and kernel (elaborated terms) for naming; the key insight is that learning from elaborated terms can substantially boost model performance. We implemented our models in a toolchain, dubbed Roosterize, and applied it on a large corpus of code derived from the Mathematical Components family of projects, known for its stringent coding conventions. Our results show that Roosterize substantially outperforms baselines for suggesting lemma names, highlighting the importance of using multi-input models and elaborated terms.",arxiv,llm,0.950,unreviewed,,doi:10.48550/arxiv.2004.07761
discarded,UQpy v4.1: Uncertainty Quantification with Python,Dimitrios Tsapetis; Michael D. Shields; Dimitris G. Giovanis; Audrey Olivier; Lukas Novak; Promit Chakroborty; Himanshu Sharma; Mohit Chauhan; Katiana Kontolati; Lohit Vandanapu; Dimitrios Loukrezis; Michael Gardner,2023,cs.SE,10.48550/arXiv.2305.09572,http://arxiv.org/abs/2305.09572v1,adjacent-subtopic,"This paper presents the latest improvements introduced in Version 4 of the UQpy, Uncertainty Quantification with Python, library. In the latest version, the code was restructured to conform with the latest Python coding conventions, refactored to simplify previous tightly coupled features, and improve its extensibility and modularity. To improve the robustness of UQpy, software engineering best practices were adopted. A new software development workflow significantly improved collaboration between team members, and continous integration and automated testing ensured the robustness and reliability of software performance. Continuous deployment of UQpy allowed its automated packaging and distribution in system agnostic format via multiple channels, while a Docker image enables the use of the toolbox regardless of operating system limitations.",arxiv,llm,0.900,unreviewed,,doi:10.48550/arxiv.2305.09572
discarded,Effectiveness of learning-based image codecs on fingerprint storage,Daniele Mari; Saverio Cavasin; Simone Milani; Mauro Conti,2024,eess.IV,10.48550/arXiv.2409.18730,http://arxiv.org/abs/2409.18730v1,off-topic-false-hit,"The success of learning-based coding techniques and the development of learning-based image coding standards, such as JPEG-AI, point towards the adoption of such solutions in different fields, including the storage of biometric data, like fingerprints. However, the peculiar nature of learning-based compression artifacts poses several issues concerning their impact and effectiveness on extracting biometric features and landmarks, e.g., minutiae. This problem is utterly stressed by the fact that most models are trained on natural color images, whose characteristics are very different from usual biometric images, e.g, fingerprint or iris pictures. As a matter of fact, these issues are deemed to be accurately questioned and investigated, being such analysis still largely unexplored.
  This study represents the first investigation about the adaptability of learning-based image codecs in the storage of fingerprint images by measuring its impact on the extraction and characterization of minutiae. Experimental results show that at a fixed rate point, learned solutions considerably outperform previous fingerprint coding standards, like JPEG2000, both in terms of distortion and minutiae preservation. Indeed, experimental results prove that the peculiarities of learned compression artifacts do not prevent automatic fingerprint identification (since minutiae types and locations are not significantly altered), nor do compromise image quality for human visual inspection (as they gain in terms of BD rate and PSNR of 47.8% and +3.97dB respectively).",arxiv,llm,0.990,unreviewed,,doi:10.48550/arxiv.2409.18730
discarded,MulVuln: Enhancing Pre-trained LMs with Shared and Language-Specific Knowledge for Multilingual Vulnerability Detection,Van Nguyen; Surya Nepal; Xingliang Yuan; Tingmin Wu; Fengchao Chen; Carsten Rudolph,2025,cs.CR,10.48550/arXiv.2510.04397,http://arxiv.org/abs/2510.04397v1,adjacent-subtopic,"Software vulnerabilities (SVs) pose a critical threat to safety-critical systems, driving the adoption of AI-based approaches such as machine learning and deep learning for software vulnerability detection. Despite promising results, most existing methods are limited to a single programming language. This is problematic given the multilingual nature of modern software, which is often complex and written in multiple languages. Current approaches often face challenges in capturing both shared and language-specific knowledge of source code, which can limit their performance on diverse programming languages and real-world codebases. To address this gap, we propose MULVULN, a novel multilingual vulnerability detection approach that learns from source code across multiple languages. MULVULN captures both the shared knowledge that generalizes across languages and the language-specific knowledge that reflects unique coding conventions. By integrating these aspects, it achieves more robust and effective detection of vulnerabilities in real-world multilingual software systems. The rigorous and extensive experiments on the real-world and diverse REEF dataset, consisting of 4,466 CVEs with 30,987 patches across seven programming languages, demonstrate the superiority of MULVULN over thirteen effective and state-of-the-art baselines. Notably, MULVULN achieves substantially higher F1-score, with improvements ranging from 1.45% to 23.59% compared to the baseline methods.",arxiv,llm,0.910,unreviewed,,doi:10.48550/arxiv.2510.04397
discarded,Semantic Source Code Models Using Identifier Embeddings,Vasiliki Efstathiou; Diomidis Spinellis,2019,cs.SE,10.1109/MSR.2019.00015,http://arxiv.org/abs/1904.06929v1,adjacent-subtopic,"The emergence of online open source repositories in the recent years has led to an explosion in the volume of openly available source code, coupled with metadata that relate to a variety of software development activities. As an effect, in line with recent advances in machine learning research, software maintenance activities are switching from symbolic formal methods to data-driven methods. In this context, the rich semantics hidden in source code identifiers provide opportunities for building semantic representations of code which can assist tasks of code search and reuse. To this end, we deliver in the form of pretrained vector space models, distributed code representations for six popular programming languages, namely, Java, Python, PHP, C, C++, and C#. The models are produced using fastText, a state-of-the-art library for learning word representations. Each model is trained on data from a single programming language; the code mined for producing all models amounts to over 13.000 repositories. We indicate dissimilarities between natural language and source code, as well as variations in coding conventions in between the different programming languages we processed. We describe how these heterogeneities guided the data preprocessing decisions we took and the selection of the training parameters in the released models. Finally, we propose potential applications of the models and discuss limitations of the models.",arxiv,llm,0.960,unreviewed,,doi:10.1109/msr.2019.00015
discarded,Analysing Python Machine Learning Notebooks with Moose,Marius Mignard; Steven Costiou; Nicolas Anquetil; Anne Etien,2025,cs.SE,10.48550/arXiv.2509.11748,http://arxiv.org/abs/2509.11748v1,adjacent-subtopic,"Machine Learning (ML) code, particularly within notebooks, often exhibits lower quality compared to traditional software. Bad practices arise at three distinct levels: general Python coding conventions, the organizational structure of the notebook itself, and ML-specific aspects such as reproducibility and correct API usage. However, existing analysis tools typically focus on only one of these levels and struggle to capture ML-specific semantics, limiting their ability to detect issues. This paper introduces Vespucci Linter, a static analysis tool with multi-level capabilities, built on Moose and designed to address this challenge. Leveraging a metamodeling approach that unifies the notebook's structural elements with Python code entities, our linter enables a more contextualized analysis to identify issues across all three levels. We implemented 22 linting rules derived from the literature and applied our tool to a corpus of 5,000 notebooks from the Kaggle platform. The results reveal violations at all levels, validating the relevance of our multi-level approach and demonstrating Vespucci Linter's potential to improve the quality and reliability of ML development in notebook environments.",arxiv,llm,0.930,unreviewed,,doi:10.48550/arxiv.2509.11748
discarded,Coding Guidelines and Undecidability,Roberto Bagnara; Abramo Bagnara; Patricia M. Hill,2022,cs.PL,10.48550/arXiv.2212.13933,http://arxiv.org/abs/2212.13933v1,adjacent-subtopic,"The C and C++ programming languages are widely used for the implementation of software in critical systems. They are complex languages with subtle features and peculiarities that might baffle even the more expert programmers. Hence, the general prescription of language subsetting, which occurs in most functional safety standards and amounts to only using a ""safer"" subset of the language, is particularly applicable to them. Coding guidelines are the preferred way of expressing language subsets. Some guidelines are formulated in terms of the programming language and its implementation only: in this case they are amenable to automatic checking. However, due to fundamental limitations of computing, some guidelines are undecidable, that is, they are based on program properties that no current and future algorithm can capture in all cases. The most mature and widespread coding standards, the MISRA ones, explicitly tag guidelines with undecidable or decidable. It turns out that this information is not of secondary nature and must be taken into account for a full understanding of what the guideline is asking for. As a matter of fact, undecidability is a common source of confusion affecting many users of coding standards and of the associated checking tools. In this paper, we recall the notions of decidability and undecidability in terms that are understandable to any C/C++ programmer. The paper includes a systematic study of all the undecidable MISRA C:2012 guidelines, discussing the reasons for the undecidability and its consequences. We pay particular attention to undecidable guidelines that have decidable approximations whose enforcement would not overly constrain the source code. We also discuss some coding guidelines for which compliance is hard, if not impossible, to prove, even beyond the issue of decidability.",arxiv,llm,0.900,unreviewed,,doi:10.48550/arxiv.2212.13933
discarded,Comparative Analysis of the Code Generated by Popular Large Language Models (LLMs) for MISRA C++ Compliance,Malik Muhammad Umer,2025,cs.SE,10.1109/ACCESS.2025.3633086,http://arxiv.org/abs/2506.23535v2,adjacent-subtopic,"Safety-critical systems are engineered systems whose failure or malfunction could result in catastrophic consequences. The software development for safety-critical systems necessitates rigorous engineering practices and adherence to certification standards like DO-178C for avionics. DO-178C is a guidance document which requires compliance to well-defined software coding standards like MISRA C++ to enforce coding guidelines that prevent the use of ambiguous, unsafe, or undefined constructs. Large Language Models (LLMs) have demonstrated significant capabilities in automatic code generation across a wide range of programming languages, including C++. Despite their impressive performance, code generated by LLMs in safety-critical domains must be carefully analyzed for conformance to MISRA C++ coding standards. In this paper, I have conducted a comparative analysis of the C++ code generated by popular LLMs including: OpenAI ChatGPT, Google Gemini, DeepSeek, Meta AI, and Microsoft Copilot for compliance with MISRA C++. The study revealed that none of the evaluated LLMs generated MISRA-compliant code despite clear prompts, with DeepSeek showing the fewest violations and Meta AI the most. While all models could correct individual violations when explicitly instructed, only ChatGPT consistently identified and resolved all targeted rule violations across complete code snippets, whereas others achieved partial success. Overall, LLMs show promise as aids for initial code generation, but they are not yet dependable for producing fully MISRA-compliant code required in safety-critical domains.",arxiv,llm,0.920,unreviewed,,doi:10.1109/access.2025.3633086
discarded,Lossless Image and Intra-frame Compression with Integer-to-Integer DST,Fatih Kamisli,2017,cs.MM,10.1109/TCSVT.2017.2787638,http://arxiv.org/abs/1708.07154v1,off-topic-false-hit,"Video coding standards are primarily designed for efficient lossy compression, but it is also desirable to support efficient lossless compression within video coding standards using small modifications to the lossy coding architecture. A simple approach is to skip transform and quantization, and simply entropy code the prediction residual. However, this approach is inefficient at compression. A more efficient and popular approach is to skip transform and quantization but also process the residual block with DPCM, along the horizontal or vertical direction, prior to entropy coding. This paper explores an alternative approach based on processing the residual block with integer-to-integer (i2i) transforms. I2i transforms can map integer pixels to integer transform coefficients without increasing the dynamic range and can be used for lossless compression. We focus on lossless intra coding and develop novel i2i approximations of the odd type-3 DST (ODST-3). Experimental results with the HEVC reference software show that the developed i2i approximations of the ODST-3 improve lossless intra-frame compression efficiency with respect to HEVC version 2, which uses the popular DPCM method, by an average 2.7% without a significant effect on computational complexity.",arxiv,llm,1.000,unreviewed,,doi:10.1109/tcsvt.2017.2787638
discarded,In-Loop Filtering via Trained Look-Up Tables,Zhuoyuan Li; Jiacheng Li; Yao Li; Li Li; Dong Liu; Feng Wu,2024,eess.IV,10.48550/arXiv.2407.10926,http://arxiv.org/abs/2407.10926v2,off-topic-false-hit,"In-loop filtering (ILF) is a key technology for removing the artifacts in image/video coding standards. Recently, neural network-based in-loop filtering methods achieve remarkable coding gains beyond the capability of advanced video coding standards, which becomes a powerful coding tool candidate for future video coding standards. However, the utilization of deep neural networks brings heavy time and computational complexity, and high demands of high-performance hardware, which is challenging to apply to the general uses of coding scene. To address this limitation, inspired by explorations in image restoration, we propose an efficient and practical in-loop filtering scheme by adopting the Look-up Table (LUT). We train the DNN of in-loop filtering within a fixed filtering reference range, and cache the output values of the DNN into a LUT via traversing all possible inputs. At testing time in the coding process, the filtered pixel is generated by locating input pixels (to-be-filtered pixel with reference pixels) and interpolating cached filtered pixel values. To further enable the large filtering reference range with the limited storage cost of LUT, we introduce the enhanced indexing mechanism in the filtering process, and clipping/finetuning mechanism in the training. The proposed method is implemented into the Versatile Video Coding (VVC) reference software, VTM-11.0. Experimental results show that the ultrafast, very fast, and fast mode of the proposed method achieves on average 0.13%/0.34%/0.51%, and 0.10%/0.27%/0.39% BD-rate reduction, under the all intra (AI) and random access (RA) configurations. Especially, our method has friendly time and computational complexity, only 101%/102%-104%/108% time increase with 0.13-0.93 kMACs/pixel, and only 164-1148 KB storage cost for a single model. Our solution may shed light on the journey of practical neural network-based coding tool evolution.",arxiv,llm,1.000,unreviewed,,doi:10.48550/arxiv.2407.10926
discarded,Learning to Format Coq Code Using Language Models,Pengyu Nie; Karl Palmskog; Junyi Jessy Li; Milos Gligoric,2020,cs.HC,10.48550/arXiv.2006.16743,http://arxiv.org/abs/2006.16743v1,adjacent-subtopic,"Should the final right bracket in a record declaration be on a separate line? Should arguments to the rewrite tactic be separated by a single space? Coq code tends to be written in distinct manners by different people and teams. The expressiveness, flexibility, and extensibility of Coq's languages and notations means that Coq projects have a wide variety of recognizable coding styles, sometimes explicitly documented as conventions on naming and formatting. In particular, even inexperienced users can distinguish vernacular using the standard library and plain Ltac from idiomatic vernacular using the Mathematical Components (MathComp) library and SSReflect.
  While coding conventions are important for comprehension and maintenance, they are costly to document and enforce. Rule-based formatters, such as Coq's beautifier, have limited flexibility and only capture small fractions of desired conventions in large verification projects. We believe that application of language models - a class of Natural Language Processing (NLP) techniques for capturing regularities in corpora - can provide a solution to this conundrum. More specifically, we believe that an approach based on automatically learning conventions from existing Coq code, and then suggesting idiomatic code to users in the proper context, can be superior to manual approaches and static analysis tools - both in terms of effort and results.
  As a first step, we here outline initial models to learn and suggest space formatting in Coq files, with a preliminary implementation for Coq 8.10, and evaluated on a corpus based on MathComp 1.9.0 which comprises 164k lines of Coq code from four core projects.",arxiv,llm,0.950,unreviewed,,doi:10.48550/arxiv.2006.16743
discarded,An End-to-End Compression Framework Based on Convolutional Neural Networks,Feng Jiang; Wen Tao; Shaohui Liu; Jie Ren; Xun Guo; Debin Zhao,2017,cs.CV,10.48550/arXiv.1708.00838,http://arxiv.org/abs/1708.00838v1,off-topic-false-hit,"Deep learning, e.g., convolutional neural networks (CNNs), has achieved great success in image processing and computer vision especially in high level vision applications such as recognition and understanding. However, it is rarely used to solve low-level vision problems such as image compression studied in this paper. Here, we move forward a step and propose a novel compression framework based on CNNs. To achieve high-quality image compression at low bit rates, two CNNs are seamlessly integrated into an end-to-end compression framework. The first CNN, named compact convolutional neural network (ComCNN), learns an optimal compact representation from an input image, which preserves the structural information and is then encoded using an image codec (e.g., JPEG, JPEG2000 or BPG). The second CNN, named reconstruction convolutional neural network (RecCNN), is used to reconstruct the decoded image with high-quality in the decoding end. To make two CNNs effectively collaborate, we develop a unified end-to-end learning algorithm to simultaneously learn ComCNN and RecCNN, which facilitates the accurate reconstruction of the decoded image using RecCNN. Such a design also makes the proposed compression framework compatible with existing image coding standards. Experimental results validate that the proposed compression framework greatly outperforms several compression frameworks that use existing image coding standards with state-of-the-art deblocking or denoising post-processing methods.",arxiv,llm,1.000,unreviewed,,doi:10.48550/arxiv.1708.00838
