status,title,authors,year,venue,doi,url,tags,abstract,provider,decision_source,llm_confidence,llm_review_outcome,llm_change_direction,paper_id
discarded,Design and validation of Segment - freely available software for cardiovascular image analysis,Einar Heiberg; Jane Sjögren; Martin Ugander; Marcus Carlsson; Henrik Engblom; Håkan Arheden,2010,BMC Medical Imaging,10.1186/1471-2342-10-1,https://openalex.org/W1988934276,off-topic-false-hit,"BACKGROUND: Commercially available software for cardiovascular image analysis often has limited functionality and frequently lacks the careful validation that is required for clinical studies. We have already implemented a cardiovascular image analysis software package and released it as freeware for the research community. However, it was distributed as a stand-alone application and other researchers could not extend it by writing their own custom image analysis algorithms. We believe that the work required to make a clinically applicable prototype can be reduced by making the software extensible, so that researchers can develop their own modules or improvements. Such an initiative might then serve as a bridge between image analysis research and cardiovascular research. The aim of this article is therefore to present the design and validation of a cardiovascular image analysis software package (Segment) and to announce its release in a source code format. RESULTS: Segment can be used for image analysis in magnetic resonance imaging (MRI), computed tomography (CT), single photon emission computed tomography (SPECT) and positron emission tomography (PET). Some of its main features include loading of DICOM images from all major scanner vendors, simultaneous display of multiple image stacks and plane intersections, automated segmentation of the left ventricle, quantification of MRI flow, tools for manual and general object segmentation, quantitative regional wall motion analysis, myocardial viability analysis and image fusion tools. Here we present an overview of the validation results and validation procedures for the functionality of the software. We describe a technique to ensure continued accuracy and validity of the software by implementing and using a test script that tests the functionality of the software and validates the output. The software has been made freely available for research purposes in a source code format on the project home page http://segment.heiberg.se. CONCLUSIONS: Segment is a well-validated comprehensive software package for cardiovascular image analysis. It is freely available for research purposes provided that relevant original research publications related to the software are cited.",openalex,llm,0.980,unreviewed,,doi:10.1186/1471-2342-10-1
discarded,Domain-specific languages,Arie van Deursen; Paul Klint; Joost Visser,2000,ACM SIGPLAN Notices,10.1145/352029.352035,https://openalex.org/W2155028447,off-topic-false-hit,"We survey the literature available on the topic of domain-specific languages as used for the construction and maintenance of software systems. We list a selection of 75 key publications in the area, and provide a summary for each of the papers. Moreover, we discuss terminology, risks and benefits, example domain-specific languages, design methodologies, and implementation techniques.",openalex,llm,0.940,unreviewed,,doi:10.1145/352029.352035
discarded,"PyMC: a modern, and comprehensive probabilistic programming framework in Python",Oriol Abril; Virgile Andreani; Colin Carroll; Larry Dong; Christopher Fonnesbeck; Maxim Kochurov; Ravin Kumar; Junpeng Lao; Christian C. Luhmann; Osvaldo A. Martin; Michael Osthege; Ricardo Vieira; Thomas V. Wiecki; Robert Zinkov,2023,PeerJ Computer Science,10.7717/peerj-cs.1516,https://openalex.org/W4386373863,off-topic-false-hit,"PyMC is a probabilistic programming library for Python that provides tools for constructing and fitting Bayesian models. It offers an intuitive, readable syntax that is close to the natural syntax statisticians use to describe models. PyMC leverages the symbolic computation library PyTensor, allowing it to be compiled into a variety of computational backends, such as C, JAX, and Numba, which in turn offer access to different computational architectures including CPU, GPU, and TPU. Being a general modeling framework, PyMC supports a variety of models including generalized hierarchical linear regression and classification, time series, ordinary differential equations (ODEs), and non-parametric models such as Gaussian processes (GPs). We demonstrate PyMC's versatility and ease of use with examples spanning a range of common statistical models. Additionally, we discuss the positive role of PyMC in the development of the open-source ecosystem for probabilistic programming.",openalex,llm,0.950,unreviewed,,doi:10.7717/peerj-cs.1516
discarded,Summarizing Source Code with Transferred API Knowledge,Xing Hu; Ge Li; Xin Xia; David Lo; Shuai Lu; Zhi Jin,2018,,10.24963/ijcai.2018/314,https://openalex.org/W2807964941,adjacent-subtopic,"Code summarization, aiming to generate succinct natural language description of source code, is extremely useful for code search and code comprehension. It has played an important role in software maintenance and evolution. Previous approaches generate summaries by retrieving summaries from similar code snippets. However, these approaches heavily rely on whether similar code snippets can be retrieved, how similar the snippets are, and fail to capture the API knowledge in the source code, which carries vital information about the functionality of the source code. In this paper, we propose a novel approach, named TL-CodeSum, which successfully uses API knowledge learned in a different but related task to code summarization. Experiments on large-scale real-world industry Java projects indicate that our approach is effective and outperforms the state-of-the-art in code summarization.",openalex,llm,0.950,unreviewed,,doi:10.24963/ijcai.2018/314
discarded,"Pretty-Printing Converting List to Linear Structure,",Ira Goldstein,1973,DSpace@MIT (Massachusetts Institute of Technology),,https://openalex.org/W2148229345,adjacent-subtopic,Pretty-printing is the conversion of the list structure to a readable format. This paper outlines the computational problems encountered in such a task and documents the current algorithm in use.,openalex,llm,0.970,unreviewed,,hash:a868cb43367ac1f4
discarded,How do program understanding tools affect how programmers understand programs?,M.-A. Storey; Kevin Wong; Hausi Müller,2000,Science of Computer Programming,10.1016/s0167-6423(99)00036-2,https://openalex.org/W2126063715,off-topic-false-hit,,openalex,llm,0.720,unreviewed,,doi:10.1016/s0167-6423(99)00036-2
discarded,"Stable, flexible, peephole pretty-printing",Stoney Jackson; Prémkumar Dévanbu; Kwan‐Liu Ma,2008,Science of Computer Programming,10.1016/j.scico.2007.11.002,https://openalex.org/W2143447336,adjacent-subtopic,,openalex,llm,0.970,unreviewed,,doi:10.1016/j.scico.2007.11.002
discarded,Readactor: Practical Code Randomization Resilient to Memory Disclosure,Stephen Crane; Christopher Liebchen; Andrei Homescu; Lucas Davi; Per Larsen; Ahmad‐Reza Sadeghi; Stefan Brunthaler; Michael Franz,2015,,10.1109/sp.2015.52,https://openalex.org/W1605557845,off-topic-false-hit,"Code-reuse attacks such as return-oriented programming (ROP) pose a severe threat to modern software. Designing practical and effective defenses against code-reuse attacks is highly challenging. One line of defense builds upon fine-grained code diversification to prevent the adversary from constructing a reliable code-reuse attack. However, all solutions proposed so far are either vulnerable to memory disclosure or are impractical for deployment on commodity systems. In this paper, we address the deficiencies of existing solutions and present the first practical, fine-grained code randomization defense, called Read actor, resilient to both static and dynamic ROP attacks. We distinguish between direct memory disclosure, where the attacker reads code pages, and indirect memory disclosure, where attackers use code pointers on data pages to infer the code layout without reading code pages. Unlike previous work, Read actor resists both types of memory disclosure. Moreover, our technique protects both statically and dynamically generated code. We use a new compiler-based code generation paradigm that uses hardware features provided by modern CPUs to enable execute-only memory and hide code pointers from leakage to the adversary. Finally, our extensive evaluation shows that our approach is practical -- we protect the entire Google Chromium browser and its V8 JIT compiler -- and efficient with an average SPEC CPU2006 performance overhead of only 6.4%.",openalex,llm,0.990,unreviewed,,doi:10.1109/sp.2015.52
discarded,Influences of building design and site design on physical activity,Craig Zimring; Anjali Joseph; Gayle Nicoll; Sharon Tsepas,2005,American Journal of Preventive Medicine,10.1016/j.amepre.2004.10.025,https://openalex.org/W1977331752,off-topic-false-hit,,openalex,llm,1.000,unreviewed,,doi:10.1016/j.amepre.2004.10.025
discarded,"Linear, Online, Functional Pretty Printing (corrected and extended version)",S. Doaitse Swierstra,2004,Utrecht University Repository (Utrecht University),,https://openalex.org/W2168540663,adjacent-subtopic,"We present yet another implementation of Oppen's pretty printing solution in Haskell.The algorithm is linear in the size of the input, independent of the line width, uses limited look ahead, and has online behaviour.",openalex,llm,0.970,unreviewed,,hash:2f906b9fd51fa326
discarded,Input and Output for Specified Visual Languages,T. B. Dinesh; Suzan Üsküdarlı,1998,,10.1007/978-1-4612-1676-6_12,https://openalex.org/W44879697,off-topic-false-hit,,openalex,llm,0.930,unreviewed,,doi:10.1007/978-1-4612-1676-6_12
discarded,Pretty Printing with Delimited Continuations,Olaf Chitil,2006,Kent Academic Repository (University of Kent),,https://openalex.org/W2273622077,adjacent-subtopic,"Abstract Pretty printing is the task of nicely formatting tree structured data within a given line width limit. In 1980 Oppen published a pretty printing algorithm that takes time linear in the size of the input, independent of the line width, and uses only limited look-ahead. This work inspired the development of a number of purely functional pretty printing libraries in Haskell. Here I present a new functional pretty printing algorithm that has all the nice properties of Oppen’s and is surprisingly simple. A double-ended queue of delimited continuations is the key to addressing all aspects of the problem explicitly. Copyright c © 2006 University of Kent",openalex,llm,0.970,unreviewed,,hash:045d47fcffc66f0b
discarded,Cost-effective maintenance tools for proprietary languages,M. de Jonge; R. Monajemi,2002,,10.1109/icsm.2001.972737,https://openalex.org/W2146933117,adjacent-subtopic,"Maintenance of proprietary languages and corresponding tooling is expensive. Postponing maintenance to reduce these costs is an often applied, short-term solution which eventually may lead to an unoperational toolset. The paper describes a case study carried out in cooperation with Lucent Technologies where maintenance cost is decreased by simplifying the development process of languages and tools. The development process is simplified by using a language-centered software engineering approach which increases software reuse and language dependent code generation. The case study was concerned with Lucent's proprietary SDL dialect and involved the re-engineering of an SDL grammar and the construction of an SDL documentation generator.",openalex,llm,0.880,unreviewed,,doi:10.1109/icsm.2001.972737
discarded,High-Fidelity C/C++ Code Transformation,Daniel Waddington; Bin Yao,2005,Electronic Notes in Theoretical Computer Science,10.1016/j.entcs.2005.04.037,https://openalex.org/W2046704096,adjacent-subtopic,"As software systems become increasingly massive, the advantages of automated transformation tools are clearly evident. These tools allow the machine to both reason about and manipulate high-level source code. They enable off-loading of mundane and laborious programming tasks from human developer to machine, thereby reducing cost and development timeframes. Although there has been much academic work in software transformation, there still exists many hurdles in realising this technology in a commercial domain. From our own experience, there are two significant problems that must be addressed before transformation technology can be usefully applied in a commercial setting. These are: 1.) avoiding disruption of style (i.e. layout and commenting) and the introduction of any undesired modifications which occur as a side effect of the transformation process. 2.) correct handling of C preprocessing and the presentation of a semantically correct view of the program during transformation. Many existing automated transformation tools inherently disrupt style through the use of pretty printing and the need to perform preprocessing before any transformation. Some also require source to be modified so that it conforms to a subset of the grammar. In this paper we describe our own C/C++ transformation system, Proteus, that is able to meet the stringent criteria laid out by Lucent's own software developers.",openalex,llm,0.920,unreviewed,,doi:10.1016/j.entcs.2005.04.037
discarded,Implementation of a Graphical Modelica Editor with Preserved Source Code Formatting,Tobias Mattsson; Jon Sten; Tove Bergdahl; Jesper Mattsson; Johan Åkesson,2012,Linköping electronic conference proceedings,10.3384/ecp12076375,https://openalex.org/W2093420766,adjacent-subtopic,"When an Integrated Development Environment (IDE) is developed, the support for multiple views of the same document is often essential. An example of this is Modelica models, where it should be possible to view and edit the same model in both its textual and graphical representation.",openalex,llm,0.910,unreviewed,,doi:10.3384/ecp12076375
discarded,GHood -- Graphical Visualisation and Animation of Haskell Object Observations,Claus Reinke,2001,Kent Academic Repository (University of Kent),,https://openalex.org/W1482689271,off-topic-false-hit,"... The visualisation of program behaviour via animations of data structure observations has uses for program comprehension and exposition, in development, debugging and education. We find that the graphical structure facilitates orientation even when textual labels are no longer readable due to scaling, suggesting advantages over a purely textual visualisation. A novel application area is opened by the use of GHood as an applet on web pages- discussions of Haskell program behaviour, e.g., in educational online material or in explanations of functional algorithms, can now easily be augmented with graphical animations of the issues being discussed.",openalex,llm,0.910,unreviewed,,hash:c0b7c5aad6557dc0
discarded,Pretty-printing for software reengineering,M. de Jonge,2002,"International Conference on Software Maintenance, 2002. Proceedings.",10.1109/ICSM.2002.1167816,https://ieeexplore.ieee.org/document/1167816/,adjacent-subtopic,"Automatic software reengineering changes or repairs existing software systems. They are usually tailor-made for a specific customer and language dependent. Maintaining similar reengineering for multiple customers and different language dialects may, therefore, soon become problematic unless advanced language technology is used. Generic pretty-printing is part of such technology and is the subject of this paper. We discuss specific pretty-print aspects of software reengineering such as fulfilling customer-specific format conventions, preserving existing layout, and producing multiple output formats. In addition, we describe pretty-print techniques that help to reduce maintenance effort of tailor-made reengineering supporting multiple language dialects. Applications such as COBOL reengineering and SDL documentation generation show that our techniques, implemented in the generic pretty-printer GPP, are feasible.",ieee,llm,0.970,unreviewed,,doi:10.1109/icsm.2002.1167816
discarded,NICAD: Accurate Detection of Near-Miss Intentional Clones Using Flexible Pretty-Printing and Code Normalization,Chanchal K. Roy; James R. Cordy,2008,2008 16th IEEE International Conference on Program Comprehension,10.1109/ICPC.2008.41,https://ieeexplore.ieee.org/document/4556129/,adjacent-subtopic,"This paper examines the effectiveness of a new language- specific parser-based but lightweight clone detection approach. Exploiting a novel application of a source transformation system, the method accurately finds near-miss clones using an efficient text line comparison technique. The transformation system assists the method in three ways. First, using agile parsing it provides user-specified flexible pretty- printing to remove noise, standardize formatting and break program statements into parts such that potential changes can be detected as simple linewise text differences. Second, it provides efficient flexible extraction of potential clones to be compared using island grammars and agile parsing to select granularities and enumerate potential clones. Third, using transformation rules it provides flexible code normalization to allow for local editing differences between similar code segments and filtering out of uninteresting parts of potential clones. In this paper we introduce the theory and practice of the framework and demonstrate its use in finding function clones in C code. Early experiments indicate that the method is capable of finding near-miss clones with high precision and recall, and with reasonable performance.",ieee,llm,0.940,unreviewed,,doi:10.1109/icpc.2008.41
discarded,Visual representation of the power plant network using a metagraph model,Sergey Oleynikov; Ivan Petrov; Alexey Molchanov; Ovannes Sargsian; Marina Ponomareva; Yuriy Gapanyuk,2026,2026 International Conference on Integrated Intelligence and Cognitive Engineering (ICIICE),10.1109/ICIICE69672.2026.11565079,https://ieeexplore.ieee.org/document/11565079/,off-topic-false-hit,"The problem of visualizing two-dimensional power grid maps lies in the impossibility of optimally displaying the original graph with high edge density due to visual clutter. This paper proposes a method based on two-stage processing: geographical clustering of power plants by cities with the construction of a metagraph and its subsequent spatial visualization based on OpenStreetMap. The key evaluation criterion was the Vertex Overlap Ratio (VOR) metric. The results showed that aggregating 6,737 power plants into 329 urban clusters provides a 6.1× reduction in the vertex overlap ratio (from 0.11% to 0.018%), forming a structurally clear macromodel of a complex power grid.",ieee,llm,1.000,unreviewed,,doi:10.1109/iciice69672.2026.11565079
discarded,Pretty-printing of visual sentences,T.B. Dinesh; S.M. Uskudarh,1997,Proceedings. 1997 IEEE Symposium on Visual Languages (Cat. No.97TB100180),10.1109/VL.1997.626589,https://ieeexplore.ieee.org/document/626589/,adjacent-subtopic,"When input sentences are processed in some manner, say evaluated with some set of rules, the resulting sentence must be pretty-printed in order to be presented to the user. We introduce a technique called ""Share-Where maintenance"" which is used to preserve layout information by annotating abstract representations of visual sentences. The annotations in the abstract representation point to the presentation where sub-terms originated which were created either by the user (initial term) or by the language specifier (equations, as in introduced terms). Both kinds are visual presentations which are used for presenting the new term.",ieee,llm,0.960,unreviewed,,doi:10.1109/vl.1997.626589
discarded,Improving Refactoring Speed by 10X,Jongwook Kim; Don Batory; Danny Dig; Maider Azanza,2016,2016 IEEE/ACM 38th International Conference on Software Engineering (ICSE),10.1145/2884781.2884802,https://ieeexplore.ieee.org/document/7886987/,adjacent-subtopic,"Refactoring engines are standard tools in today's Integrated Development Environments (IDEs). They allow programmers to perform one refactoring at a time, but programmers need more. Most design patterns in the Gang-of-Four text can be written as a refactoring script - a programmatic sequence of refactorings. In this paper, we present R3, a new Java refactoring engine that supports refactoring scripts. It builds a main-memory, non-persistent database to encode Java entity declarations (e.g., packages, classes, methods), their containment relationships, and language features such as inheritance and modifiers. Unlike classical refactoring engines that modify Abstract Syntax Trees (ASTs), R3 refactorings modify only the database; refactored code is produced only when pretty-printing ASTs that reference database changes. R3 performs comparable precondition checks to those of the Eclipse Java Development Tools (JDT) but R3's codebase is about half the size of the JDT refactoring engine and runs an order of magnitude faster. Further, a user study shows that R3 improved the success rate of retrofitting design patterns by 25% up to 50%.",ieee,llm,0.870,unreviewed,,doi:10.1145/2884781.2884802
