status,title,authors,year,venue,doi,url,tags,abstract,provider,decision_source,llm_confidence,llm_review_outcome,llm_change_direction,paper_id
discarded,An Initial Controlled Experiment to Evaluate the Effect of UML Design Documentation on the Maintainability of Object-Oriented Software in a Realistic Programming Environment,Samera Afsheen Ali,2004,NORA - Norwegian Open Research Archives,,https://openalex.org/W2287856721,off-topic-false-hit,"The Unified Modeling Language (UML) is becoming the standard notation for expressing object-oriented analysis and design models. However, to date, there are only very few empirical studies that have attempted to evaluate UML, that is, to evaluate the potential costs, benefits and appropriate use of UML. For example, a common claim is that the UML documentation will improve the ease of understanding how to perform changes to the software it represents. This might be very important as the cost of maintaining software is very high. However, there are only a few studies attempting to evaluate the actual benefits of UML during program comprehension. Most of these existing studies have been based on subjective assessments of the value of UML as opposed to more objective indicators of the benefits such as development time savings or improved quality during actual software development in a controlled setting. Furthermore, using UML may incur additional costs, because the UML documents need to be developed and maintained. Thus, the tradeoffs between the costs and benefits of using UML need to be investigated.\n\nThis thesis describes a controlled experiment to evaluate the effect of UML documentation on the maintainability of object-oriented software. In the experiment, 20 students designed and coded several Java maintenance tasks. About half of them received UML documentation, whereas the other half did not. The subjects who received UML documentation also had to update the documentation using a tool, Tau UML.\n\nThe primary goal of the experiment was to evaluate to which extent the access to UML class and sequence diagrams improves the ease of understanding and changing object-oriented software. To assess the costs and benefits of using UML in object-oriented development projects, the experiment also attempted to assess the additional costs associated with updating the UML documentation. The dependent variables of the study were effort (in minutes spent to solve the tasks) and correctness. The effort data was reported by each subject using a task questionnaire. The correctness of the task solutions was assessed by the researchers. The subjects spent between five and eight hours solving tasks. Five observers were present during the experiment.\n\nThe results of the experiment reported in this thesis indicate that having UML documentation may increase the chance of producing correct solutions by as much as 50 percent for the most complex tasks, that is, for the tasks that require an in-depth understanding of the system to perform the changes to the code. For simpler maintenance tasks, the effect of having access to UML on program correctness is much smaller but still positive. The subjects who received UML documentation also spent less time on coding. However, because they also had to update the UML documents, the total effort to perform the changes was about 20 percent higher than for the subjects who did not receive UML documents. \n\nIn summary, the results of this thesis suggest that UML may have a positive effect on the maintainability of object-oriented software. The suggested 20 percent increase in change effort seem to be an acceptable amount of overhead as the benefits (savings) associated with less faulty software probably more than outweigh the additional costs incurred by updating the UML documentation. However, further research through replications is required to assess the extent, to which the results can be generalized outside the experimental conditions, e.g., to professional developers solving real maintenance tasks: In this experiment, the subjects were students. Furthermore, the tasks and systems were small and perhaps not representative of “typical” maintenance tasks.",openalex,llm,0.960,unreviewed,,hash:351f9f9273ee87b3
discarded,,,,,,,off-topic-false-hit,,scopus,llm,0.400,unreviewed,,hash:cbe5cfdf7c2118a9
discarded,An integrated theory of language production and comprehension,Martin J. Pickering; Simon Garrod,2013,Behavioral and Brain Sciences,10.1017/s0140525x12001495,https://openalex.org/W2098212071,off-topic-false-hit,"Currently, production and comprehension are regarded as quite distinct in accounts of language processing. In rejecting this dichotomy, we instead assert that producing and understanding are interwoven, and that this interweaving is what enables people to predict themselves and each other. We start by noting that production and comprehension are forms of action and action perception. We then consider the evidence for interweaving in action, action perception, and joint action, and explain such evidence in terms of prediction. Specifically, we assume that actors construct forward models of their actions before they execute those actions, and that perceivers of others' actions covertly imitate those actions, then construct forward models of those actions. We use these accounts of action, action perception, and joint action to develop accounts of production, comprehension, and interactive language. Importantly, they incorporate well-defined levels of linguistic representation (such as semantics, syntax, and phonology). We show (a) how speakers and comprehenders use covert imitation and forward modeling to make predictions at these levels of representation, (b) how they interweave production and comprehension processes, and (c) how they use these predictions to monitor the upcoming utterances. We show how these accounts explain a range of behavioral and neuroscientific data on language processing and discuss some of the implications of our proposal.",openalex,llm,0.990,unreviewed,,doi:10.1017/s0140525x12001495
discarded,Other minds in the brain: a functional imaging study of “theory of mind” in story comprehension,Paul C. Fletcher,1995,Cognition,10.1016/0010-0277(95)00692-r,https://openalex.org/W2048517502,off-topic-false-hit,,openalex,llm,0.990,unreviewed,,doi:10.1016/0010-0277(95)00692-r
kept,Whats in a Name? A Study of Identifiers,Dawn Lawrie; Christopher H. Morrell; H. Feild; David Binkley,2006,,10.1109/icpc.2006.51,https://openalex.org/W2113697305,supports-claim,"Readers of programs have two main sources of domain information: identifier names and comments. When functions are uncommented, as many are, comprehension is almost exclusively dependent on the identifier names. Assuming that writers of programs want to create quality identifiers (e.g., include relevant domain knowledge) how should they go about it? For example, do the initials of a concept name provide enough information to represent the concept? If not, and a longer identifier is needed, is an abbreviation satisfactory or does the concept need to be captured in an identifier that includes full words? Results from a study designed to investigate these questions are reported. The study involved over 100 programmers who were asked to describe twelve different functions. The functions used three different ""levels"" of identifiers: single letters, abbreviations, and full words. Responses allow the level of comprehension associated with the different levels to be studied. The functions include standard algorithms studied in computer science courses as well as functions extracted from production code. The results show that full word identifiers lead to the best comprehension; however, in many cases, there is no statistical difference between full words and abbreviations",openalex,llm,0.990,unreviewed,,doi:10.1109/icpc.2006.51
kept,Lesion analysis of the brain areas involved in language comprehension,Nina F. Dronkers; David P. Wilkins; Robert D. Van Valin; Brenda B. Redfern; Jeri J. Jaeger,2004,Cognition,10.1016/j.cognition.2003.11.002,https://openalex.org/W2125711977,supports-claim,,openalex,llm,0.970,unreviewed,,doi:10.1016/j.cognition.2003.11.002
discarded,NewsQA: A Machine Comprehension Dataset,Adam Trischler; Tong Wang; Xingdi Yuan; Justin Harris; Alessandro Sordoni; Philip Bachman; Kaheer Suleman,2017,,10.18653/v1/w17-2623,https://openalex.org/W2557764419,off-topic-false-hit,"We present NewsQA, a challenging machine comprehension dataset of over 100,000 human-generated question-answer pairs. Crowdworkers supply questions and answers based on a set of over 10,000 news articles from CNN, with answers consisting of spans of text in the articles. We collect this dataset through a four-stage process designed to solicit exploratory questions that require reasoning. Analysis confirms that NewsQA demands abilities beyond simple word matching and recognizing textual entailment. We measure human performance on the dataset and compare it to several strong neural models. The performance gap between humans and machines (13.3% F1) indicates that significant progress can be made on NewsQA through future research. The dataset is freely available online.",openalex,llm,0.990,unreviewed,,doi:10.18653/v1/w17-2623
discarded,Reading Comprehension Tests Vary in the Skills They Assess: Differential Dependence on Decoding and Oral Comprehension,Janice M. Keenan; Rebecca S. Betjemann; Richard K. Olson,2008,Scientific Studies of Reading,10.1080/10888430802132279,https://openalex.org/W2089975905,off-topic-false-hit,"Comprehension tests are often used interchangeably, suggesting an implicit assumption that they are all measuring the same thing. We examine the validity of this assumption by comparing some of the most popular reading comprehension measures used in research and clinical practice in the United States: the Gray Oral Reading Test (GORT), the two assessments (retellings and comprehension questions) from the Qualitative Reading Inventory (QRI), the Woodcock–Johnson Passage Comprehension subtest (WJPC), and the Reading Comprehension test from the Peabody Individual Achievement Test (PIAT). Modest intercorrelations among the tests suggested that they were measuring different skills. Regression analyses showed that decoding, not listening comprehension, accounts for most of the variance in both the PIAT and the WJPC; the reverse holds for the GORT and both QRI measures. Large developmental differences in what the tests measure were found for the PIAT and the WJPC, but not the other tests, both when development was measured by chronological age and by word reading ability. We discuss the serious implications for research and clinical practice of having different comprehension tests measure different skills and of having the same test assess different skills depending on developmental level.",openalex,llm,0.990,unreviewed,,doi:10.1080/10888430802132279
discarded,"SQuAD: 100,000+ Questions for Machine Comprehension of Text",Pranav Rajpurkar; Jian Zhang; Konstantin Lopyrev; Percy Liang,2016,arXiv (Cornell University),10.48550/arxiv.1606.05250,https://openalex.org/W2427527485,off-topic-false-hit,"We present the Stanford Question Answering Dataset (SQuAD), a new reading comprehension dataset consisting of 100,000+ questions posed by crowdworkers on a set of Wikipedia articles, where the answer to each question is a segment of text from the corresponding reading passage. We analyze the dataset to understand the types of reasoning required to answer the questions, leaning heavily on dependency and constituency trees. We build a strong logistic regression model, which achieves an F1 score of 51.0%, a significant improvement over a simple baseline (20%). However, human performance (86.8%) is much higher, indicating that the dataset presents a good challenge problem for future research. The dataset is freely available at https://stanford-qa.com",openalex,llm,0.990,unreviewed,,doi:10.48550/arxiv.1606.05250
discarded,"BART: Denoising Sequence-to-Sequence Pre-training for Natural Language Generation, Translation, and Comprehension",Mike Lewis; Yinhan Liu; Naman Goyal; Marjan Ghazvininejad; Abdelrahman Mohamed; Omer Levy; Ves Stoyanov; Luke Zettlemoyer,2020,,10.18653/v1/2020.acl-main.703,https://openalex.org/W2982399380,off-topic-false-hit,"Mike Lewis, Yinhan Liu, Naman Goyal, Marjan Ghazvininejad, Abdelrahman Mohamed, Omer Levy, Veselin Stoyanov, Luke Zettlemoyer. Proceedings of the 58th Annual Meeting of the Association for Computational Linguistics. 2020.",openalex,llm,0.990,unreviewed,,doi:10.18653/v1/2020.acl-main.703
discarded,Semantic clustering: Identifying topics in source code,Adrian Kuhn; Sté́phane Ducasse; Tudor Gîrba,2007,Information and Software Technology,10.1016/j.infsof.2006.10.017,https://openalex.org/W2109144580,adjacent-subtopic,,openalex,llm,0.840,unreviewed,,doi:10.1016/j.infsof.2006.10.017
discarded,What's meaning got to do with it: The role of vocabulary in word reading and reading comprehension.,Gene P. Ouellette,2006,Journal of Educational Psychology,10.1037/0022-0663.98.3.554,https://openalex.org/W2100223901,off-topic-false-hit,"There is at present no clear consensus as to the nature of the relations between oral vocabulary and specific literacy skills.The present study distinguished between vocabulary breadth and depth of vocabulary knowledge to better explain the role of oral vocabulary in various reading skills.A sample of 60 typically developing Grade 4 students was assessed on measures of receptive and expressive vocabulary breadth, depth of vocabulary knowledge, decoding, visual word recognition, and reading comprehension.Concurrent analyses revealed that each distinct reading skill was related to the vocabulary measures in a unique manner.Receptive vocabulary breadth was the only oral vocabulary variable that predicted decoding performance after controlling for age and nonverbal intelligence.In contrast, expressive vocabulary breadth predicted visual word recognition, whereas depth of vocabulary knowledge predicted reading comprehension.The results are discussed in terms of interrelations between phonological and semantic factors in the acquisition of distinct reading skills.",openalex,llm,0.990,unreviewed,,doi:10.1037/0022-0663.98.3.554
discarded,Semantic impairment in stroke aphasia versus semantic dementia: a case-series comparison,Elizabeth Jefferies; Matthew A. Lambon Ralph,2006,Brain,10.1093/brain/awl153,https://openalex.org/W2096923310,off-topic-false-hit,"Different neuropsychological populations implicate diverse cortical regions in semantic memory: semantic dementia (SD) is characterized by atrophy of the anterior temporal lobes whilst poor comprehension in stroke aphasia is associated with prefrontal or temporal-parietal infarcts. This study employed a case-series design to compare SD and comprehension-impaired stroke aphasic patients directly on the same battery of semantic tests. Although the two groups obtained broadly equivalent scores, they showed qualitatively different semantic deficits. The SD group showed strong correlations between different semantic tasks--regardless of input/output modality--and substantial consistency when a set of items was assessed several times. They were also highly sensitive to frequency/familiarity and made coordinate and superordinate semantic errors in picture naming. These findings support the notion that amodal semantic representations degrade in SD. The stroke aphasia group also showed multimodal deficits and consistency across different input modalities, but inconsistent performance on tasks requiring different types of semantic processing. They were insensitive to familiarity/frequency--instead, tests of semantic association were influenced by the ease with which relevant semantic relationships could be identified and distractors rejected. In addition, the aphasic patients made associative semantic errors in picture naming that SD patients did not make. The aphasic patients' picture naming performance improved considerably with phonemic cues suggesting that these patients retained knowledge that could not be accessed without contextual support. We propose that semantic cognition is supported by two interacting principal components: (i) a set of amodal representations (which progressively degrade in SD) and (ii) executive processes that help to direct and control semantic activation in a task-appropriate fashion (which are dysfunctional in comprehension-impaired stroke aphasic patients).",openalex,llm,0.990,unreviewed,,doi:10.1093/brain/awl153
discarded,The Neural Mechanisms of Speech Comprehension: fMRI studies of Semantic Ambiguity,Jennifer M. Rodd; Matthew H. Davis; Ingrid S. Johnsrude,2005,Cerebral Cortex,10.1093/cercor/bhi009,https://openalex.org/W2159512568,off-topic-false-hit,"A number of regions of the temporal and frontal lobes are known to be important for spoken language comprehension, yet we do not have a clear understanding of their functional role(s). In particular, there is considerable disagreement about which brain regions are involved in the semantic aspects of comprehension. Two functional magnetic resonance studies use the phenomenon of semantic ambiguity to identify regions within the fronto-temporal language network that subserve the semantic aspects of spoken language comprehension. Volunteers heard sentences containing ambiguous words (e.g. 'the shell was fired towards the tank') and well-matched low-ambiguity sentences (e.g. 'her secrets were written in her diary'). Although these sentences have similar acoustic, phonological, syntactic and prosodic properties (and were rated as being equally natural), the high-ambiguity sentences require additional processing by those brain regions involved in activating and selecting contextually appropriate word meanings. The ambiguity in these sentences goes largely unnoticed, and yet high-ambiguity sentences produced increased signal in left posterior inferior temporal cortex and inferior frontal gyri bilaterally. Given the ubiquity of semantic ambiguity, we conclude that these brain regions form an important part of the network that is involved in computing the meaning of spoken sentences.",openalex,llm,0.990,unreviewed,,doi:10.1093/cercor/bhi009
discarded,Response to Instruction as a Means of Identifying Students with Reading/Learning Disabilities,Sharon Vaughn; Sylvia Linan‐Thompson; Peggy Hickman,2003,Exceptional Children,10.1177/001440290306900401,https://openalex.org/W1941516561,off-topic-false-hit,"To examine a response to treatment model as a means for identifying students with reading/learning disabilities, 45 second-grade students at risk for reading problems were provided daily supplemental reading instruction and assessed after 10 weeks to determine if they met a prior criteria for exit. Students who met criteria no longer received supplemental instruction. Those who did not were regrouped and supplemental instruction was continued for another 10 weeks. After 20 weeks of supplemental instruction, students who still had not met criteria were provided another 10 weeks of supplemental instruction. Students who never met criteria were classified as no exit. Pretest scores on fluency, passage comprehension, and rapid naming were the significant predictors of students who did not meet exit criteria.",openalex,llm,0.990,unreviewed,,doi:10.1177/001440290306900401
discarded,MCTest: A Challenge Dataset for the Open-Domain Machine Comprehension of Text,Matthew Richardson; Christopher J. C. Burges; Erin Renshaw,2013,,10.18653/v1/d13-1020,https://openalex.org/W2125436846,off-topic-false-hit,"We present MCTest, a freely available set of stories and associated questions intended for research on the machine comprehension of text.Previous work on machine comprehension (e.g., semantic modeling) has made great strides, but primarily focuses either on limited-domain datasets, or on solving a more restricted goal (e.g., open-domain relation extraction).In contrast, MCTest requires machines to answer multiple-choice reading comprehension questions about fictional stories, directly tackling the high-level goal of open-domain machine comprehension.Reading comprehension can test advanced abilities such as causal reasoning and understanding the world, yet, by being multiple-choice, still provide a clear metric.By being fictional, the answer typically can be found only in the story itself.The stories and questions are also carefully limited to those a young child would understand, reducing the world knowledge that is required for the task.We present the scalable crowd-sourcing methods that allow us to cheaply construct a dataset of 500 stories and 2000 questions.By screening workers (with grammar tests) and stories (with grading), we have ensured that the data is the same quality as another set that we manually edited, but at one tenth the editing cost.By being open-domain, yet carefully restricted, we hope MCTest will serve to encourage research and provide a clear metric for advancement on the machine comprehension of text.",openalex,llm,0.990,unreviewed,,doi:10.18653/v1/d13-1020
