status,title,authors,year,venue,doi,url,tags,abstract,provider,decision_source,llm_confidence,llm_review_outcome,llm_change_direction,paper_id
discarded,GRace,Mai Zheng; Vignesh T. Ravi; Feng Qin; Gagan Agrawal,2011,,10.1145/1941553.1941574,https://openalex.org/W2117444998,off-topic-false-hit,"In recent years, GPUs have emerged as an extremely cost-effective means for achieving high performance. Many application developers, including those with no prior parallel programming experience, are now trying to scale their applications using GPUs. While languages like CUDA and OpenCL have eased GPU programming for non-graphical applications, they are still explicitly parallel languages. All parallel programmers, particularly the novices, need tools that can help ensuring the correctness of their programs. Like any multithreaded environment, data races on GPUs can severely affect the program reliability. Thus, tool support for detecting race conditions can significantly benefit GPU application developers. Existing approaches for detecting data races on CPUs or GPUs have one or more of the following limitations: 1) being illsuited for handling non-lock synchronization primitives on GPUs; 2) lacking of scalability due to the state explosion problem; 3) reporting many false positives because of simplified modeling; and/or 4) incurring prohibitive runtime and space overhead. In this paper, we propose GRace, a new mechanism for detecting races in GPU programs that combines static analysis with a carefully designed dynamic checker for logging and analyzing information at runtime. Our design utilizes GPUs memory hierarchy to log runtime data accesses efficiently. To improve the performance, GRace leverages static analysis to reduce the number of statements that need to be instrumented. Additionally, by exploiting the knowledge of thread scheduling and the execution model in the underlying GPUs, GRace can accurately detect data races with no false positives reported. Based on the above idea, we have built a prototype of GRace with two schemes, i.e., GRace-stmt and GRace-addr, for NVIDIA GPUs. Both schemes are integrated with the same static analysis. We have evaluated GRace-stmt and GRace-addr with three data race bugs in three GPU kernel functions and also have compared them with the existing approach, referred to as B-tool. Our experimental results show that both schemes of GRace are effective in detecting all evaluated cases with no false positives, whereas Btool reports many false positives for one evaluated case. On the one hand, GRace-addr incurs low runtime overhead, i.e., 22-116%, and low space overhead, i.e., 9-18MB, for the evaluated kernels. On the other hand, GRace-stmt offers more help in diagnosing data races with larger overhead.",openalex,llm,0.980,unreviewed,,doi:10.1145/1941553.1941574
discarded,Behavioral and electrophysiological evidence for configural processing in fingerprint experts,Thomas A. Busey; John R. Vanderkolk,2004,Vision Research,10.1016/j.visres.2004.08.021,https://openalex.org/W1983592142,off-topic-false-hit,,openalex,llm,1.000,unreviewed,,doi:10.1016/j.visres.2004.08.021
discarded,Effect of Lint on Whole Cottonseed Passage and Digestibility and Diet Choice on Intake of Whole Cottonseed by Holstein Cows,C.E. Coppock; Jaime R. Moyá; J.W. West; D.H. Nave; J.M. Labore; Charles E. Gates,1985,Journal of Dairy Science,10.3168/jds.s0022-0302(85)80947-4,https://openalex.org/W2072223603,off-topic-false-hit,"Effects of rolling whole linted cottonseed and whole acid-delinted cottonseed on whole seed passage and digestibility were determined using 24 lactating Holstein cows. Whole seed passage averaged .74% in all cows fed whole linted seed during the standardization period and .45% in 6 cows fed whole linted seed during a comparison period, contrasted to 11.3% in 6 cows fed acid-delinted seed. Digestibility of ether extract was less in the 6 cows fed whole acid-delinted cottonseed. No advantage was for rolling whole linted cottonseed before feeding, but rolling was beneficial for whole acid-delinted cottonseed. Individual consumption of whole linted cottonseed by 18 nonpregnant, dry Holstein cows varied from .04 to 5.05 kg/day when two-choice options were given for cottonseed versus chopped coastal bermudagrass hay or corn silage, or a complete ration of 75% corn silage and 25% concentrate. No indication of gossypol toxicity was seen, but the large variation in each choice situation suggests it is desirable to blend cottonseed with other ingredients to ensure more uniform consumption.",openalex,llm,1.000,unreviewed,,doi:10.3168/jds.s0022-0302(85)80947-4
discarded,How Does the Entrepreneurship Education Influence the Students’ Innovation? Testing on the Multiple Mediation Model,Xingjian Wei; Xiaolang Liu; Sha Jian,2019,Frontiers in Psychology,10.3389/fpsyg.2019.01557,https://openalex.org/W2960452686,off-topic-false-hit,"This study aims to explore the multiple mediating effects of political skills and entrepreneurial opportunity recognition between perceived entrepreneurship education and innovation. Structural equation is used to analyze data collected from 269 Chinese student entrepreneurs. Results showed that (1) there is a positive relationship between perceptions of entrepreneurship education and perceptions of innovation, (2) political skills and entrepreneurial opportunity recognition individually play a mediating role between perceived entrepreneurship education and innovation, and (3) political skills and entrepreneurial opportunity recognition play a chain mediating effect between perceived entrepreneurship education and innovation.",openalex,llm,1.000,unreviewed,,doi:10.3389/fpsyg.2019.01557
kept,Code Quality Issues in Student Programs,Hieke Keuning; Bastiaan Heeren; Johan Jeuring,2017,,10.1145/3059009.3059061,https://openalex.org/W2728220450,supports-claim; pep8; qualifies-claim,"Because low quality code can cause serious problems in software systems, students learning to program should pay attention to code quality early. Although many studies have investigated mistakes that students make during programming, we do not know much about the quality of their code. This study examines the presence of quality issues related to program flow, choice of programming constructs and functions, clarity of expressions, decomposition and modularization in a large set of student Java programs. We investigated which issues occur most frequently, if students are able to solve these issues over time and if the use of code analysis tools has an effect on issue occurrence. We found that students hardly fix issues, in particular issues related to modularization, and that the use of tooling does not have much effect on the occurrence of issues.",openalex,llm_reviewed,0.880,confirmed,,doi:10.1145/3059009.3059061
discarded,"Software Testing – Goals, Principles, and Limitations",S. M. K. Quadri; Sheikh Umar Farooq,2010,International Journal of Computer Applications,10.5120/1343-1448,https://openalex.org/W2170741679,off-topic-false-hit,"Software testing is an activity which is aimed for evaluating quality of a program and also for improving it, by identifying defects and problems. Software testing strives for achieving its goals (both implicit and explicit) but it does have certain limitations, still testing can be done more effectively if certain established principles are be followed. In spite of having limitations, software testing continues to dominate other verification techniques like static analysis, model checking, and proofs. So it is indispensable to understand the goals, principles and limitations of software testing so that the effectiveness of software testing could be maximized.",openalex,llm,0.990,unreviewed,,doi:10.5120/1343-1448
discarded,Survey of Approaches for Postprocessing of Static Analysis Alarms,Tukaram Muske; Alexander Serebrenik,2022,ACM Computing Surveys,10.1145/3494521,https://openalex.org/W3207032983,off-topic-false-hit,"Static analysis tools have showcased their importance and usefulness in automated detection of defects. However, the tools are known to generate a large number of alarms which are warning messages to the user. The large number of alarms and cost incurred by their manual inspection have been identified as two major reasons for underuse of the tools in practice. To address these concerns plentitude of studies propose postprocessing of alarms: processing the alarms after they are generated. These studies differ greatly in their approaches to postprocess alarms. A comprehensive overview of the postprocessing approaches is, however, missing. In this article, we review 130 primary studies that propose postprocessing of alarms. The studies are collected by combining keywords-based database search and snowballing. We categorize approaches proposed by the collected studies into six main categories: clustering, ranking, pruning, automated elimination of false positives, combination of static and dynamic analyses, and simplification of manual inspection. We provide overview of the categories and sub-categories identified for them, their merits and shortcomings, and different techniques used to implement the approaches. Furthermore, we provide (1) guidelines for selection of the postprocessing techniques by the users/designers of static analysis tools; and (2) directions that can be explored by the researchers.",openalex,llm,0.980,unreviewed,,doi:10.1145/3494521
discarded,Towards Giving Timely Formative Feedback and Hints to Novice Programmers,Johan Jeuring; Hieke Keuning; Samiha Marwan; Dennis Bouvier; Cruz Izu; Natalie Kiesler; Teemu Lehtinen; Dominic Lohr; Andrew Peterson; Sami Sarsa,2022,,10.1145/3571785.3574124,https://openalex.org/W4313288661,off-topic-false-hit,"Every year, millions of students learn how to write programs. Learning activities for beginners almost always include programming tasks that require a student to write a program to solve a particular problem. When learning how to solve such a task, many students need feedback on their previous actions, and hints on how to proceed. For tasks such as programming, which are most often solved stepwise, the feedback should take the steps a student has taken towards implementing a solution into account, and the hints should help a student to complete or improve a possibly partial solution.",openalex,llm,0.960,unreviewed,,doi:10.1145/3571785.3574124
discarded,Supporting secure programming in web applications through interactive static analysis,Jun Zhu; Jing Xie; Heather Richter Lipford; Bill Chu,2013,Journal of Advanced Research,10.1016/j.jare.2013.11.006,https://openalex.org/W1965274158,off-topic-false-hit,"Many security incidents are caused by software developers' failure to adhere to secure programming practices. Static analysis tools have been used to detect software vulnerabilities. However, their wide usage by developers is limited by the special training required to write rules customized to application-specific logic. Our approach is interactive static analysis, to integrate static analysis into Integrated Development Environment (IDE) and provide in-situ secure programming support to help developers prevent vulnerabilities during code construction. No additional training is required nor are there any assumptions on ways programs are built. Our work is motivated in part by the observation that many vulnerabilities are introduced due to failure to practice secure programming by knowledgeable developers. We implemented a prototype interactive static analysis tool as a plug-in for Java in Eclipse. Our technical evaluation of our prototype detected multiple zero-day vulnerabilities in a large open source project. Our evaluations also suggest that false positives may be limited to a very small class of use cases.",openalex,llm,0.960,unreviewed,,doi:10.1016/j.jare.2013.11.006
discarded,Effect Of Gender Difference On Visual Reaction Time : A Study On Medical Students Of Bhavnagar Region,Ritesh M. Karia,2012,IOSR Journal of Pharmacy (IOSRPHR),10.9790/3013-0230452454,https://openalex.org/W2004421977,off-topic-false-hit,"The measurement of visual reaction time has been used to evaluate the processing speed of Central Nervous System and the co-ordination between the sensory and motor systems. Reaction time is influenced by different factors. Effect of gender difference on visual reaction time has been observed in this study. Present study was carried out on 100 medical students of Bhavnagar medical college between the age of 17-20. Out of them 50 were boys and 50 were girls. Study was done under three module. In first module detail medical history of subject were taken, in second module visual reaction time of subjects was measured using reaction time instrument and in third module statical analysis was done by unpaired 't' test. From study it was concluded that reaction time is less in boys than girls.",openalex,llm,1.000,unreviewed,,doi:10.9790/3013-0230452454
discarded,Multistrategy Discovery and Detection of Novice Programmer Errors,Raymund Sison; Masayuki Numao; Masamichi Shimura,2000,Machine Learning,10.1023/a:1007690108308,https://openalex.org/W2128407432,off-topic-false-hit,,openalex,llm,0.950,unreviewed,,doi:10.1023/a:1007690108308
discarded,Phoenix: automated data-driven synthesis of repairs for static analysis violations,Rohan Bavishi; Hiroaki Yoshida; Mukul R. Prasad,2019,,10.1145/3338906.3338952,https://openalex.org/W2968109196,off-topic-false-hit,"Traditional automatic program repair (APR) tools rely on a test-suite as a repair specification. But test suites even when available are not of specification quality, limiting the performance and hence viability of test-suite based repair. On the other hand, static analysis-based bug finding tools are seeing increasing adoption in industry but still face challenges since the reported violations are viewed as not easily actionable. We propose a novel solution that solves both these challenges through a technique for automatically generating high-quality patches for static analysis violations by learning from examples. Our approach uses the static analyzer as an oracle and does not require a test suite. We realize our solution in a system, Phoenix, that implements a fully-automated pipeline that mines and cleans patches for static analysis violations from the wild, learns generalized executable repair strategies as programs in a novel Domain Specific Language (DSL), and then instantiates concrete repairs from them on new unseen violations. Using Phoenix we mine a corpus of 5,389 unique violations and patches from 517 Github projects. In a cross-validation study on this corpus Phoenix successfully produced 4,596 bug-fixes, with a recall of 85% and a precision of 54%. When applied to the latest revisions of a further5 Github projects, Phoenix produced 94 correct patches to previously unknown bugs, 19 of which have already been accepted and merged by the development teams. To the best of our knowledge this constitutes, by far the largest application of any automatic patch generation technology to large-scale real-world systems",openalex,llm,0.970,unreviewed,,doi:10.1145/3338906.3338952
discarded,Automated Code-Smell Detection in Microservices Through Static Analysis: A Case Study,Andrew Walker; Dipta Das; Tomas Cerny,2020,Applied Sciences,10.3390/app10217800,https://openalex.org/W3095933780,off-topic-false-hit,"Microservice Architecture (MSA) is becoming the predominant direction of new cloud-based applications. There are many advantages to using microservices, but also downsides to using a more complex architecture than a typical monolithic enterprise application. Beyond the normal poor coding practices and code smells of a typical application, microservice-specific code smells are difficult to discover within a distributed application setup. There are many static code analysis tools for monolithic applications, but tools to offer code-smell detection for microservice-based applications are lacking. This paper proposes a new approach to detect code smells in distributed applications based on microservices. We develop an MSANose tool to detect up to eleven different microservice specific code smells and share it as open-source. We demonstrate our tool through a case study on two robust benchmark microservice applications and verify its accuracy. Our results show that it is possible to detect code smells within microservice applications using bytecode and/or source code analysis throughout the development process or even before its deployment to production.",openalex,llm,0.970,unreviewed,,doi:10.3390/app10217800
discarded,Supporting novice usability practitioners with usability engineering tools,Jonathan R. Howarth; Tonya L. Smith‐Jackson; Rex Hartson,2009,International Journal of Human-Computer Studies,10.1016/j.ijhcs.2009.02.003,https://openalex.org/W2088571885,off-topic-false-hit,,openalex,llm,0.990,unreviewed,,doi:10.1016/j.ijhcs.2009.02.003
discarded,Static analysis of shells,James Munro,1979,Applied Mathematical Modelling,10.1016/0307-904x(79)90077-5,https://openalex.org/W2321934355,off-topic-false-hit,,openalex,llm,1.000,unreviewed,,doi:10.1016/0307-904x(79)90077-5
discarded,Automated Critique of Early Programming Antipatterns,Leo C. Ureel; Charles Wallace,2019,,10.1145/3287324.3287463,https://openalex.org/W2916594277,adjacent-subtopic,"The introductory programming lab, with small cycles of teaching, coding, testing, and critique from instructors, is an extraordinarily productive learning experience for novice programmers. We wish to extend the availability of such critique through automation, capturing the essence of interaction between student and instructor as closely as possible. Integrated Development Environments and Automated Grading Systems provide constant feedback through static analysis and unit testing. But we also wish to tailor automated feedback to acknowledge commonly recurring issues with novice programmers, in keeping with the practice of a human instructor. We argue that the kinds of mistakes that novice programmers make, and the way they are reported to the novices, deserve special care. In this paper we provide examples of early programming antipatterns that have arisen from our teaching experience, and describe different ways of identifying and dealing with them automatically through our tool WebTA. Novice students may produce code that is close to a correct solution but contains syntactic errors; WebTA attempts to salvage the promising portions of the student's submission and suggest repairs that are more meaningful than typical compiler error messages. Alternatively, a student misunderstanding may result in well-formed code that passes unit tests yet contains clear design flaws; through additional analysis, WebTA can identify and flag them. Finally, certain types of antipattern can be anticipated and flagged by the instructor, based on the context of the course and the programming exercise; WebTA allows for customizable critique triggers and messages.",openalex,llm,0.870,unreviewed,,doi:10.1145/3287324.3287463
discarded,Security Misconfigurations in Open Source Kubernetes Manifests: An Empirical Study,Akond Rahman; Shazibul Islam Shamim; Dibyendu Brinto Bose; Rahul Pandita,2023,ACM Transactions on Software Engineering and Methodology,10.1145/3579639,https://openalex.org/W4315480688,off-topic-false-hit,"Context: Kubernetes has emerged as the de-facto tool for automated container orchestration. Business and government organizations are increasingly adopting Kubernetes for automated software deployments. Kubernetes is being used to provision applications in a wide range of domains, such as time series forecasting, edge computing, and high-performance computing. Due to such a pervasive presence, Kubernetes-related security misconfigurations can cause large-scale security breaches. Thus, a systematic analysis of security misconfigurations in Kubernetes manifests, i.e., configuration files used for Kubernetes, can help practitioners secure their Kubernetes clusters. Objective: The goal of this paper is to help practitioners secure their Kubernetes clusters by identifying security misconfigurations that occur in Kubernetes manifests . Methodology: We conduct an empirical study with 2,039 Kubernetes manifests mined from 92 open-source software repositories to systematically characterize security misconfigurations in Kubernetes manifests. We also construct a static analysis tool called Security Linter for Kubernetes Manifests ( SLI-KUBE ) to quantify the frequency of the identified security misconfigurations. Results: In all, we identify 11 categories of security misconfigurations, such as absent resource limit, absent securityContext , and activation of hostIPC . Specifically, we identify 1,051 security misconfigurations in 2,039 manifests. We also observe the identified security misconfigurations affect entities that perform mesh-related load balancing, as well as provision pods and stateful applications. Furthermore, practitioners agreed to fix 60% of 10 misconfigurations reported by us. Conclusion: Our empirical study shows Kubernetes manifests to include security misconfigurations, which necessitates security-focused code reviews and application of static analysis when Kubernetes manifests are developed.",openalex,llm,0.980,unreviewed,,doi:10.1145/3579639
