status,title,authors,year,venue,doi,url,tags,abstract,provider,decision_source,llm_confidence,llm_review_outcome,llm_change_direction,paper_id
discarded,Aspect Level Sentiment Classification with Deep Memory Network,Duyu Tang; Bing Qin; Ting Liu,2016,,10.18653/v1/d16-1021,https://openalex.org/W2963168371,off-topic-false-hit,"We introduce a deep memory network for aspect level sentiment classification. Unlike feature-based SVM and sequential neural models such as LSTM, this approach explicitly captures the importance of each context word when inferring the sentiment polarity of an aspect. Such importance degree and text representation are calculated with multiple computational layers, each of which is a neural attention model over an external memory. Experiments on laptop and restaurant datasets demonstrate that our approach performs comparable to state-of-art feature based SVM system, and substantially better than LSTM and attention-based LSTM architectures. On both datasets we show that multiple computational layers could improve the performance. Moreover, our approach is also fast. The deep memory network with 9 layers is 15 times faster than LSTM with a CPU implementation.",openalex,llm,1.000,unreviewed,,doi:10.18653/v1/d16-1021
discarded,Reaction-rate theory: fifty years after Kramers,Peter Hänggi; Peter Talkner; Michal Borkovec,1990,Reviews of Modern Physics,10.1103/revmodphys.62.251,https://openalex.org/W2092144432,off-topic-false-hit,"The calculation of rate coefficients is a discipline of nonlinear science of importance to much of physics, chemistry, engineering, and biology. Fifty years after Kramers' seminal paper on thermally activated barrier crossing, the authors report, extend, and interpret much of our current understanding relating to theories of noise-activated escape, for which many of the notable contributions are originating from the communities both of physics and of physical chemistry. Theoretical as well as numerical approaches are discussed for single- and many-dimensional metastable systems (including fields) in gases and condensed phases. The role of many-dimensional transition-state theory is contrasted with Kramers' reaction-rate theory for moderate-to-strong friction; the authors emphasize the physical situation and the close connection between unimolecular rate theory and Kramers' work for weakly damped systems. The rate theory accounting for memory friction is presented, together with a unifying theoretical approach which covers the whole regime of weak-to-moderate-to-strong friction on the same basis (turnover theory). The peculiarities of noise-activated escape in a variety of physically different metastable potential configurations is elucidated in terms of the mean-first-passage-time technique. Moreover, the role and the complexity of escape in driven systems exhibiting possibly multiple, metastable stationary nonequilibrium states is identified. At lower temperatures, quantum tunneling effects start to dominate the rate mechanism. The early quantum approaches as well as the latest quantum versions of Kramers' theory are discussed, thereby providing a description of dissipative escape events at all temperatures. In addition, an attempt is made to discuss prominent experimental work as it relates to Kramers' reaction-rate theory and to indicate the most important areas for future research in theory and experiment.",openalex,llm,1.000,unreviewed,,doi:10.1103/revmodphys.62.251
discarded,Using Imagination to Understand the Neural Basis of Episodic Memory,Demis Hassabis; Dharshan Kumaran; Eleanor A. Maguire,2007,Journal of Neuroscience,10.1523/jneurosci.4549-07.2007,https://openalex.org/W1982298223,off-topic-false-hit,"Functional MRI (fMRI) studies investigating the neural basis of episodic memory recall, and the related task of thinking about plausible personal future events, have revealed a consistent network of associated brain regions. Surprisingly little, however, is understood about the contributions individual brain areas make to the overall recollective experience. To examine this, we used a novel fMRI paradigm in which subjects had to imagine fictitious experiences. In contrast to future thinking, this results in experiences that are not explicitly temporal in nature or as reliant on self-processing. By using previously imagined fictitious experiences as a comparison for episodic memories, we identified the neural basis of a key process engaged in common, namely scene construction, involving the generation, maintenance and visualization of complex spatial contexts. This was associated with activations in a distributed network, including hippocampus, parahippocampal gyrus, and retrosplenial cortex. Importantly, we disambiguated these common effects from episodic memory-specific responses in anterior medial prefrontal cortex, posterior cingulate cortex and precuneus. These latter regions may support self-schema and familiarity processes, and contribute to the brain's ability to distinguish real from imaginary memories. We conclude that scene construction constitutes a common process underlying episodic memory and imagination of fictitious experiences, and suggest it may partially account for the similar brain networks implicated in navigation, episodic future thinking, and the default mode. We suggest that additional brain regions are co-opted into this core network in a task-specific manner to support functions such as episodic memory that may have additional requirements.",openalex,llm,1.000,unreviewed,,doi:10.1523/jneurosci.4549-07.2007
discarded,Where Is the Semantic System? A Critical Review and Meta-Analysis of 120 Functional Neuroimaging Studies,Jeffrey R. Binder; Rutvik H. Desai; William W. Graves; Lisa L. Conant,2009,Cerebral Cortex,10.1093/cercor/bhp055,https://openalex.org/W2112891119,off-topic-false-hit,"Semantic memory refers to knowledge about people, objects, actions, relations, self, and culture acquired through experience. The neural systems that store and retrieve this information have been studied for many years, but a consensus regarding their identity has not been reached. Using strict inclusion criteria, we analyzed 120 functional neuroimaging studies focusing on semantic processing. Reliable areas of activation in these studies were identified using the activation likelihood estimate (ALE) technique. These activations formed a distinct, left-lateralized network comprised of 7 regions: posterior inferior parietal lobe, middle temporal gyrus, fusiform and parahippocampal gyri, dorsomedial prefrontal cortex, inferior frontal gyrus, ventromedial prefrontal cortex, and posterior cingulate gyrus. Secondary analyses showed specific subregions of this network associated with knowledge of actions, manipulable artifacts, abstract concepts, and concrete concepts. The cortical regions involved in semantic processing can be grouped into 3 broad categories: posterior multimodal and heteromodal association cortex, heteromodal prefrontal cortex, and medial limbic regions. The expansion of these regions in the human relative to the nonhuman primate brain may explain uniquely human capacities to use language productively, plan, solve problems, and create cultural and technological artifacts, all of which depend on the fluid and efficient retrieval and manipulation of semantic knowledge.",openalex,llm,1.000,unreviewed,,doi:10.1093/cercor/bhp055
discarded,Reversible Defects in Natural Killer and Memory Cd8 T Cell Lineages in Interleukin 15–Deficient Mice,Mary K. Kennedy; Moira Glaccum; Sandra N. Brown; Eric Butz; Joanne L. Viney; Monica E. Embers; Naoto Matsuki; K Charrier; Lisa M. Sedger; Cynthia R. Willis; Kenneth Brasel; Philip Morrissey; Kim L. Stocking; JoAnn C. L. Schuh; Sebastian Joyce; Jacques J. Peschon,2000,The Journal of Experimental Medicine,10.1084/jem.191.5.771,https://openalex.org/W2142285575,off-topic-false-hit,"C57BL/6 mice genetically deficient in interleukin 15 (IL-15(-/-) mice) were generated by gene targeting. IL-15(-/-) mice displayed marked reductions in numbers of thymic and peripheral natural killer (NK) T cells, memory phenotype CD8(+) T cells, and distinct subpopulations of intestinal intraepithelial lymphocytes (IELs). The reduction but not absence of these populations in IL-15(-/-) mice likely reflects an important role for IL-15 for expansion and/or survival of these cells. IL-15(-/-) mice lacked NK cells, as assessed by both immunophenotyping and functional criteria, indicating an obligate role for IL-15 in the development and functional maturation of NK cells. Specific defects associated with IL-15 deficiency were reversed by in vivo administration of exogenous IL-15. Despite their immunological defects, IL-15(-/-) mice remained healthy when maintained under specific pathogen-free conditions. However, IL-15(-/-) mice are likely to have compromised host defense responses to various pathogens, as they were unable to mount a protective response to challenge with vaccinia virus. These data reveal critical roles for IL-15 in the development of specific lymphoid lineages. Moreover, the ability to rescue lymphoid defects in IL-15(-/-) mice by IL-15 administration represents a powerful means by which to further elucidate the biological roles of this cytokine.",openalex,llm,1.000,unreviewed,,doi:10.1084/jem.191.5.771
discarded,Coupled neural systems underlie the production and comprehension of naturalistic narrative speech,Lauren J. Silbert; Christopher J. Honey; Erez Simony; David Poeppel; Uri Hasson,2014,Proceedings of the National Academy of Sciences,10.1073/pnas.1323812111,https://openalex.org/W2120773224,off-topic-false-hit,"Neuroimaging studies of language have typically focused on either production or comprehension of single speech utterances such as syllables, words, or sentences. In this study we used a new approach to functional MRI acquisition and analysis to characterize the neural responses during production and comprehension of complex real-life speech. First, using a time-warp based intrasubject correlation method, we identified all areas that are reliably activated in the brains of speakers telling a 15-min-long narrative. Next, we identified areas that are reliably activated in the brains of listeners as they comprehended that same narrative. This allowed us to identify networks of brain regions specific to production and comprehension, as well as those that are shared between the two processes. The results indicate that production of a real-life narrative is not localized to the left hemisphere but recruits an extensive bilateral network, which overlaps extensively with the comprehension system. Moreover, by directly comparing the neural activity time courses during production and comprehension of the same narrative we were able to identify not only the spatial overlap of activity but also areas in which the neural activity is coupled across the speaker's and listener's brains during production and comprehension of the same narrative. We demonstrate widespread bilateral coupling between production- and comprehension-related processing within both linguistic and nonlinguistic areas, exposing the surprising extent of shared processes across the two systems.",openalex,llm,1.000,unreviewed,,doi:10.1073/pnas.1323812111
discarded,The who's who of T ‐cell differentiation: Human memory T ‐cell subsets,Yolanda D. Mahnke; Tess M. Brodie; Federica Sallusto; Mario Roederer; Enrico Lugli,2013,European Journal of Immunology,10.1002/eji.201343751,https://openalex.org/W1572743872,off-topic-false-hit,"Following antigen encounter and subsequent resolution of the immune response, a single naïve T cell is able to generate multiple subsets of memory T cells with different phenotypic and functional properties and gene expression profiles. Single-cell technologies, first and foremost flow cytometry, have revealed the complex heterogeneity of the memory T-cell compartment and its organization into subsets. However, a consensus has still to be reached, both at the semantic (nomenclature) and phenotypic level, regarding the identification of these subsets. Here, we review recent developments in the characterization of the heterogeneity of the memory T-cell compartment, and propose a unified classification of both human and nonhuman primate T cells on the basis of phenotypic traits and in vivo properties. Given that vaccine studies and adoptive cell transfer immunotherapy protocols are influenced by these recent findings, it is important to use uniform methods for identifying and discussing functionally distinct subsets of T cells.",openalex,llm,1.000,unreviewed,,doi:10.1002/eji.201343751
discarded,WGCNA: an R package for weighted correlation network analysis,Peter Langfelder; Steve Horvath,2008,BMC Bioinformatics,10.1186/1471-2105-9-559,https://openalex.org/W1966327575,off-topic-false-hit,"BACKGROUND: Correlation networks are increasingly being used in bioinformatics applications. For example, weighted gene co-expression network analysis is a systems biology method for describing the correlation patterns among genes across microarray samples. Weighted correlation network analysis (WGCNA) can be used for finding clusters (modules) of highly correlated genes, for summarizing such clusters using the module eigengene or an intramodular hub gene, for relating modules to one another and to external sample traits (using eigengene network methodology), and for calculating module membership measures. Correlation networks facilitate network based gene screening methods that can be used to identify candidate biomarkers or therapeutic targets. These methods have been successfully applied in various biological contexts, e.g. cancer, mouse genetics, yeast genetics, and analysis of brain imaging data. While parts of the correlation network methodology have been described in separate publications, there is a need to provide a user-friendly, comprehensive, and consistent software implementation and an accompanying tutorial. RESULTS: The WGCNA R software package is a comprehensive collection of R functions for performing various aspects of weighted correlation network analysis. The package includes functions for network construction, module detection, gene selection, calculations of topological properties, data simulation, visualization, and interfacing with external software. Along with the R package we also present R software tutorials. While the methods development was motivated by gene expression data, the underlying data mining approach can be applied to a variety of different settings. CONCLUSION: The WGCNA package provides R functions for weighted correlation network analysis, e.g. co-expression network analysis of gene expression data. The R package along with its source code and additional material are freely available at http://www.genetics.ucla.edu/labs/horvath/CoexpressionNetwork/Rpackages/WGCNA.",openalex,llm,1.000,unreviewed,,doi:10.1186/1471-2105-9-559
discarded,Belief and recollection of autobiographical memories,David C. Rubin; Robert W. Schrauf; Daniel L. Greenberg,2003,Memory & Cognition,10.3758/bf03196443,https://openalex.org/W2065247877,off-topic-false-hit,,openalex,llm,1.000,unreviewed,,doi:10.3758/bf03196443
kept,Impact of Limited Memory Resources,Dave Binkley; Dawn Lawrie; Steve Maex; Christopher Morrell,2008,2008 16th IEEE International Conference on Program Comprehension,10.1109/ICPC.2008.31,https://ieeexplore.ieee.org/document/4556120/,qualifies-claim,"Since early variable mnemonics were limited to as few as six to eight characters, many early programmers abbreviated concepts in their variable names. The past thirty years has seen a steady increase in permitted name length and, slowly, an increase in the actual length of identifiers. However, in theory names can be too long. Most obviously, in object-oriented programs, names often involve chaining of method calls and field selectors (e.g., class.firstAssignment().name.trim()). While longer names bring the potential for easier comprehension through more embedded sub-words, there are practical limits to length given limited human memory resources. The central hypothesis studied herein is that names used in modern programs have reached this limit. Statistical models derived from an experiment involving 158 programmers of varying degrees of experience show that longer names extracted from production code take more time to process and reduce correctness in a simple recall activity. This has clear negative implications for any attempt to read, and hence comprehend or manipulate, the source code of modern software. The experiment also evaluates the advantage of identifiers having ties to a programmer's persistent memory. Combined these results reinforce past proposals advocating the use of limited, consistent, and regular vocabulary in identifier names. In particular, good naming limits length and reduces the need for specialized vocabulary.",ieee,llm,0.990,unreviewed,,doi:10.1109/icpc.2008.31
discarded,Extracting Meaning from Abbreviated Identifiers,Dawn Lawrie; Henry Feild; David Binkley,2007,Seventh IEEE International Working Conference on Source Code Analysis and Manipulation (SCAM 2007),10.1109/SCAM.2007.17,https://ieeexplore.ieee.org/document/4362915/,adjacent-subtopic,"Informative identifiers are made up of full (natural language) words and (meaningful) abbreviations. Readers of programs typically have little trouble understanding the purpose of identifiers composed of full words. In addition, those familiar with the code can (most often) determine the meaning of abbreviations used in identifiers. However, when faced with unfamiliar code, abbreviations often carry little useful information. Furthermore, tools that focus on the natural language used in the code have a hard time in the presence of abbreviations. One approach to providing meaning to programmers and tools is to translate (expand) abbreviations into full words. This paper presents a methodology for expanding identifiers and evaluates the process on a code based of just over 35 million lines of code. For example, using phrase extraction, fs_exists is expanded to file_status_exists illustrating how the expansion process can facilitate comprehension. On average, 16 percent of the identifiers in a program are expanded. Finally, as an example application, the approach is used to improve the syntactic identification of violations to Deissenbock and Pizka's rules for concise and consistent identifier construction.",ieee,llm,0.970,unreviewed,,doi:10.1109/scam.2007.17
discarded,Normalizing source code vocabulary to support program comprehension and software quality,Latifa Guerrouj,2013,2013 35th International Conference on Software Engineering (ICSE),10.1109/ICSE.2013.6606723,https://ieeexplore.ieee.org/document/6606723/,adjacent-subtopic,"The literature reports that source code lexicon plays a paramount role in program comprehension, especially when software documentation is scarce, outdated or simply not available. In source code, a significant proportion of vocabulary can be either acronyms and-or abbreviations or concatenation of terms that can not be identified using consistent mechanisms such as naming conventions. It is, therefore, essential to disambiguate concepts conveyed by identifiers to support program comprehension and reap the full benefit of Information Retrieval-based techniques (e.g., feature location and traceability) whose linguistic information (i.e., source code identifiers and comments) used across all software artifacts (e.g., requirements, design, change requests, tests, and source code) must be consistent. To this aim, we propose source code vocabulary normalization approaches that exploit contextual information to align the vocabulary found in the source code with that found in other software artifacts. We were inspired in the choice of context levels by prior works and by our findings. Normalization consists of two tasks: splitting and expansion of source code identifiers. We also investigate the effect of source code vocabulary normalization approaches on software maintenance tasks. Results of our evaluation show that our contextual-aware techniques are accurate and efficient in terms of computation time than state of the art alternatives. In addition, our findings reveal that feature location techniques can benefit from vocabulary normalization when no dynamic information is available.",ieee,llm,0.940,unreviewed,,doi:10.1109/icse.2013.6606723
