status,title,authors,year,venue,doi,url,tags,abstract,provider,decision_source,llm_confidence,llm_review_outcome,llm_change_direction,paper_id
discarded,"Synthesis and Evaluation of Novel68Ga-Labeled GRPR-Targeted PET Tracers Derived from [d-Phe6,Pro14]Bombesin(6–14) and [d-Phe6,des-Met14]Bombesin(6–14) Sequences",Jozi S.,2026,Molecular Pharmaceutics,10.1021/acs.molpharmaceut.5c01683,https://www.scopus.com/inward/record.uri?partnerID=HzOxMe3b&scp=105031523270&origin=inward,off-topic-false-hit,,scopus,llm,0.980,unreviewed,,doi:10.1021/acs.molpharmaceut.5c01683
discarded,Bridging the Python Training Gap for Bioscientists in Brazil: Improvements and Challenges,Crestana G.S.,2026,Biochemistry and Molecular Biology Education,10.1002/bmb.70071,https://www.scopus.com/inward/record.uri?partnerID=HzOxMe3b&scp=105046196845&origin=inward,adjacent-subtopic,,scopus,llm,0.710,unreviewed,,doi:10.1002/bmb.70071
discarded,Formation and function of a novel Atg21-retromer complex in S. cerevisiae,Strubel N.,2026,Autophagy,10.1080/15548627.2026.2671342,https://www.scopus.com/inward/record.uri?partnerID=HzOxMe3b&scp=105039106936&origin=inward,off-topic-false-hit,,scopus,llm,0.980,unreviewed,,doi:10.1080/15548627.2026.2671342
discarded,Human neutrophils recognize group B streptococci via formylated peptide receptors and toll-like receptor 8,Fiore L.,2026,Frontiers in Immunology,10.3389/fimmu.2026.1828994,https://www.scopus.com/inward/record.uri?partnerID=HzOxMe3b&scp=105039743527&origin=inward,off-topic-false-hit,,scopus,llm,0.980,unreviewed,,doi:10.3389/fimmu.2026.1828994
discarded,Frozen-ground-fem: A practical and open Python 3 package for thermo-hydro-mechanical coupled modelling of soils in cold regions,Pekinasova A.,2025,Softwarex,10.1016/j.softx.2025.102280,https://www.scopus.com/inward/record.uri?partnerID=HzOxMe3b&scp=105011499075&origin=inward,adjacent-subtopic,,scopus,llm,0.790,unreviewed,,doi:10.1016/j.softx.2025.102280
discarded,Patients with cystic fibrosis do not have an increased risk of adverse events after endoscopic retrograde cholangiopancreatography: a propensity-matched analysis,Madi M.Y.,2025,Annals of Gastroenterology,10.20524/aog.2025.0983,https://www.scopus.com/inward/record.uri?partnerID=HzOxMe3b&scp=105013489734&origin=inward,off-topic-false-hit,,scopus,llm,0.980,unreviewed,,doi:10.20524/aog.2025.0983
discarded,Generative AI in Programming Education: Evaluating ChatGPT’s Effect on Computational Thinking,Sivasakthi M.,2025,SN Computer Science,10.1007/s42979-025-04051-9,https://www.scopus.com/inward/record.uri?partnerID=HzOxMe3b&scp=105007639474&origin=inward,adjacent-subtopic,,scopus,llm,0.780,unreviewed,,doi:10.1007/s42979-025-04051-9
discarded,In Vivo Studies of Anticancer Peptides for Breast Cancer Therapy,Golestannejad P.,2025,Jundishapur Journal of Natural Pharmaceutical Products,10.5812/jjnpp-160754,https://www.scopus.com/inward/record.uri?partnerID=HzOxMe3b&scp=105004898990&origin=inward,off-topic-false-hit,,scopus,llm,0.980,unreviewed,,doi:10.5812/jjnpp-160754
kept,Distilling PEP 8 for Teaching Introductory Programming,Kirk D.,2025,Ace 2025 Proceedings of the 27th Australasian Computing Education Conference Held in Conjunction with Australasian Computer Science Week,10.1145/3716640.3716644,https://www.scopus.com/inward/record.uri?partnerID=HzOxMe3b&scp=105007411262&origin=inward,qualifies-claim; pep8,,scopus,llm_reviewed,0.840,confirmed,,doi:10.1145/3716640.3716644
discarded,Identifying promising peptide targets for leprosy serological tests: From prediction to ELISA,Parreiras de Jesus A.C.,2025,Journal of Genetic Engineering and Biotechnology,10.1016/j.jgeb.2025.100475,https://www.scopus.com/inward/record.uri?partnerID=HzOxMe3b&scp=85219557531&origin=inward,off-topic-false-hit,,scopus,llm,0.980,unreviewed,,doi:10.1016/j.jgeb.2025.100475
discarded,Evaluating Readability and Accessibility of Code Generated by Large Language Models,Zakharov Y.,2025,Proceedings of the 17th International Scientific and Technical Conference Actual Problems of Electronic Instrument Engineering Apeie 2025,10.1109/APEIE66761.2025.11289297,https://www.scopus.com/inward/record.uri?partnerID=HzOxMe3b&scp=105031770570&origin=inward,adjacent-subtopic,,scopus,llm,0.820,unreviewed,,doi:10.1109/apeie66761.2025.11289297
discarded,Enhancing thermal stability of pectinase using thermal titration molecular dynamics and density functional theory approach,Huwaimel B.,2025,Journal of Biomolecular Structure and Dynamics,10.1080/07391102.2025.2505100,https://www.scopus.com/inward/record.uri?partnerID=HzOxMe3b&scp=105005572737&origin=inward,off-topic-false-hit,,scopus,llm,0.980,unreviewed,,doi:10.1080/07391102.2025.2505100
discarded,Python programming environment,Sun Q.,2025,Theoretical and Computational Chemistry,10.1016/B978-0-44-323837-6.00009-0,https://www.scopus.com/inward/record.uri?partnerID=HzOxMe3b&scp=105001049830&origin=inward,off-topic-false-hit,,scopus,llm,0.860,unreviewed,,doi:10.1016/b978-0-44-323837-6.00009-0
discarded,Software sustainability of global impact models,Nyenah E.,2024,Geoscientific Model Development,10.5194/gmd-17-8593-2024,https://www.scopus.com/inward/record.uri?partnerID=HzOxMe3b&scp=85211599893&origin=inward,adjacent-subtopic,,scopus,llm,0.720,unreviewed,,doi:10.5194/gmd-17-8593-2024
discarded,"Knowledge, uptake and intention to use antibiotic post-exposure prophylaxis and meningococcal B vaccine (4CMenB) for gonorrhoea among a large, online community sample of men and gender-diverse individuals who have sex with men in the UK",Ogaz D.,2024,Plos Global Public Health,10.1371/journal.pgph.0003807,https://www.scopus.com/inward/record.uri?partnerID=HzOxMe3b&scp=85211729264&origin=inward,off-topic-false-hit,,scopus,llm,0.990,unreviewed,,doi:10.1371/journal.pgph.0003807
discarded,In silico and in vitro evaluation of the immunogenic potential of Leishmania donovani ascorbate peroxidase and its derived peptides,Kumari S.,2024,Acta Tropica,10.1016/j.actatropica.2024.107381,https://www.scopus.com/inward/record.uri?partnerID=HzOxMe3b&scp=85204420572&origin=inward,off-topic-false-hit,,scopus,llm,0.990,unreviewed,,doi:10.1016/j.actatropica.2024.107381
kept,Catalog of Code Quality Defects in Introductory Programming,Rechtáčková A.,2024,Annual Conference on Innovation and Technology in Computer Science Education Iticse,10.1145/3649217.3653638,https://www.scopus.com/inward/record.uri?partnerID=HzOxMe3b&scp=85198902765&origin=inward,qualifies-claim,,scopus,llm,0.850,unreviewed,,doi:10.1145/3649217.3653638
discarded,Engineering Enhanced Antimicrobial Properties in α-Conotoxin RgIA through D-Type Amino Acid Substitution and Incorporation of Lysine and Leucine Residues,Wang M.,2024,Molecules,10.3390/molecules29051181,https://www.scopus.com/inward/record.uri?partnerID=HzOxMe3b&scp=85187802625&origin=inward,off-topic-false-hit,,scopus,llm,0.990,unreviewed,,doi:10.3390/molecules29051181
discarded,Automatic code assessment in Robotics higher education courses,García-Pérez L.,2024,International Conference on Higher Education Advances,10.4995/HEAd24.2024.17362,https://www.scopus.com/inward/record.uri?partnerID=HzOxMe3b&scp=85200778646&origin=inward,adjacent-subtopic,,scopus,llm,0.860,unreviewed,,doi:10.4995/head24.2024.17362
discarded,Ability-training-oriented automated assessment in introductory programming course,Tiantian Wang; Xiaohong Su; Peijun Ma; Yuying Wang; Kuanquan Wang,2010,Computers & Education,10.1016/j.compedu.2010.08.003,https://openalex.org/W2004496903,adjacent-subtopic,,openalex,llm,0.880,unreviewed,,doi:10.1016/j.compedu.2010.08.003
discarded,Static analysis of students' Java programs,Nghi Truong; Paul Roe; Peter Bancroft,2004,,,https://openalex.org/W2130066447,adjacent-subtopic,"A recent industry survey (Townhidnejad and Hilburn, 2002) has reported that more than fifty percent of a software project’s budget is spent on activities related to improving software quality. Industry leaders claim that this is caused by the inadequate attention paid to software quality in the development phase. This paper introduces a static analysis framework which can be used to give beginning students practice in writing better quality Java programs and to assist teaching staff in the marking process. The framework uses both software engineering metrics and relative comparison to judge the quality of students ’ programs and provide feedback about how solutions might be improved..",openalex,llm,0.900,unreviewed,,hash:490ff24602f90f0d
discarded,Select-a-Kibitzer: A Computer Tool that Gives Meaningful Feedback on Student Compositions,Peter Hastings; Arthur C. Graesser,2000,Interactive Learning Environments,10.1076/1049-4820(200008)8:2;1-b;ft149,https://openalex.org/W2079988780,off-topic-false-hit,"Select-a-Kibitzer is a computerized tool that gives feedback to students on their compositions in a unique way. The feedback is based on composition research which describes the process of writing as one of simultaneously solving multiple, possibly conflicting, constraints. In Select-a-Kibitzer, each constraint is personified by a different character. A student enters a composition into the tool and then asks for feedback. A variety of natural language processing techniques are used to analyze the text. Then, each of the characters gives feedback on the text from its particular point of view. Select-a-Kibitzer differs greatly from standard “style checker” mechanisms that focus on surface features of the text. By using Latent Semantic Analysis, Select-a-Kibitzer can address a wide range of meaning-oriented composition issues, including coherence, purpose, topic, and overall quality. This paper describes the composition research that forms the basis of the projec t, and the interaction and implementation of Select-a-Kibitzer. It focuses on techniques for using LSA to provide feedback about the meaning of the composition.",openalex,llm,0.970,unreviewed,,doi:10.1076/1049-4820(200008)8:2;1-b;ft149
discarded,Understanding semantic style by analysing student code,Giuseppe De Ruvo; Ewan Tempero; Andrew Luxton-Reilly; Gerard Rowe; Nasser Giacaman,2018,,10.1145/3160489.3160500,https://openalex.org/W2782627508,adjacent-subtopic,"Good coding style is recognised by the software engineering profession as being important, and this is reflected in the standard computing curricula. Feedback on some aspects of coding style is now commonly provided by IDEs and by tools such as Checkstyle, but this feedback focuses on coding standards that are largely based on syntax. However, some aspects of coding style relate to the semantics of code --- of the many ways to achieve some functionality, some are preferred because they are simpler, yet students struggle to create them. In this paper, we introduce the concept of semantic style, and in particular semantic style indicators that may be manifestations of poor knowledge of some programming concepts. We describe 16 semantic style indicators and demonstrate their prevalence in almost 19,000 code samples submitted by over 900 novice students. Half the students submitted code exhibiting two or more of these indicators, demonstrating the potential value to learn by providing feedback on semantic style. We also find many indicators are present in the code of students attending their fourth year of a highly competitive Software Engineering programme, demonstrating the need for more attention to teaching of semantic style issues.",openalex,llm,0.860,unreviewed,,doi:10.1145/3160489.3160500
discarded,Writing Reusable Code Feedback at Scale with Mixed-Initiative Program Synthesis,Andrew Head; Elena L. Glassman; Gustavo Soares; Ryo Suzuki; Lucas Figueredo; Loris D’Antoni; Björn Hartmann,2017,,10.1145/3051457.3051467,https://openalex.org/W2605403059,adjacent-subtopic,"In large introductory programming classes, teacher feedback on individual incorrect student submissions is often infeasible. Program synthesis techniques are capable of fixing student bugs and generating hints automatically, but they lack the deep domain knowledge of a teacher and can generate functionally correct but stylistically poor fixes. We introduce a mixed-initiative approach which combines teacher expertise with data-driven program synthesis techniques. We demonstrate our novel approach in two systems that use different interaction mechanisms. Our systems use program synthesis to learn bug-fixing code transformations and then cluster incorrect submissions by the transformations that correct them. The MistakeBrowser system learns transformations from examples of students fixing bugs in their own submissions. The FixPropagator system learns transformations from teachers fixing bugs in incorrect student submissions. Teachers can write feedback about a single submission or a cluster of submissions and propagate the feedback to all other submissions that can be fixed by the same transformation. Two studies suggest this approach helps teachers better understand student bugs and write reusable feedback that scales to a massive introductory programming classroom.",openalex,llm,0.870,unreviewed,,doi:10.1145/3051457.3051467
discarded,A case study of the static analysis of the quality of novice student programs,Susan Mengel; Vinay Yerramilli,1999,,10.1145/299649.299689,https://openalex.org/W2067970771,adjacent-subtopic,"Helping students to understand the quality of their programs is a difficult task hampered by the time instructors have for grading. When the number of programs to grade are in the hundreds, instructors may be able to handle dynamic analysis of the programs and possibly a cursory glance at the code itself. Automated solutions may appear attractive, but few exist in the literature. Further, not enough examples exist to help instructors choose what metrics would be useful for helping students to visualize how they program. In this study, a collection of static metrics data obtained with Verilog Logiscope is correlated to an estimate of program quality to determine which metrics would show students at least the instructor's idea of quality. The study results are encouraging and show that definite correlations exist so that static analysis is a viable methodology for assessing student work. Further work is considered to help to confirm the study's results and their practical application.",openalex,llm,0.880,unreviewed,,doi:10.1145/299649.299689
discarded,An Intelligent Assessment Tool for Students’ Java Submissions in Introductory Programming Courses,Fatima Al Shamsi; Ashraf Elnagar,2012,Journal of Intelligent Learning Systems and Applications,10.4236/jilsa.2012.41006,https://openalex.org/W1999735680,adjacent-subtopic,"This paper presents a graph-based grading system for Java introductory programming courses, eGrader. This system grades submission both dynamically and statically to ensure a complete and through grading job. While dynamic analysis is based on JUnit framework, the static analysis is based on the graph representation of the program and its quality which is measured by software metrics. The graph representation is based on the Control Dependence Graphs (CDG) and Method Call Dependencies (MCD). eGrader outperforms existing systems in two ways: the ability of grading submission with semantic-errors, effectively, and generating reports for students, as a feedback on their performance, and instructors on the overall performance of the class. eGrader is well received by instructors not only for saving time and effort but also for its high success rate that is measured by four performance indicators which are sensitivity (97.37%), specificity (98.1%), precision (98.04%) and accuracy (97.07%).",openalex,llm,0.860,unreviewed,,doi:10.4236/jilsa.2012.41006
discarded,Next-Step Hint Generation for Introductory Programming Using Large Language Models,Lianne Roest; Hieke Keuning; Johan Jeuring,2024,,10.1145/3636243.3636259,https://openalex.org/W4390490752,adjacent-subtopic,"Large Language Models possess skills such as answering questions, writing essays or solving programming exercises. Since these models are easily accessible, researchers have investigated their capabilities and risks for programming education. This work explores how LLMs can contribute to programming education by supporting students with automated next-step hints. We investigate prompt practices that lead to effective next-step hints and use these insights to build our StAP-tutor. We evaluate this tutor by conducting an experiment with students, and performing expert assessments. Our findings show that most LLM-generated feedback messages describe one specific next step and are personalised to the student’s code and approach. However, the hints may contain misleading information and lack sufficient detail when students approach the end of the assignment. This work demonstrates the potential for LLM-generated feedback, but further research is required to explore its practical implementation.",openalex,llm,0.820,unreviewed,,doi:10.1145/3636243.3636259
discarded,Explaining Individual and Collective Programming Students’ Behavior by Interpreting a Black-Box Predictive Model,Filipe Dwan Pereira; Samuel C. Fonseca; Elaine Oliveira; Alexandra I. Cristea; Henrik Bellhäuser; Luiz Rodrigues; David Braga Fernandes de Oliveira; Seiji Isotani; Leandro Silva Galvão de Carvalho,2021,IEEE Access,10.1109/access.2021.3105956,https://openalex.org/W3193293194,adjacent-subtopic,"Predicting student performance as early as possible and analysing to which extent initial student behaviour could lead to failure or success is critical in introductory programming (CS1) courses, for allowing prompt intervention in a move towards alleviating their high failure rate. However, in CS1 performance prediction, there is a serious lack of studies that interpret the predictive model’s decisions. In this sense, we designed a long-term study using very fine-grained log-data of 2056 students, collected from the first two weeks of CS1 courses. We extract features that measure how students deal with deadlines, how they fix errors, how much time they spend programming, and so forth. Subsequently, we construct a predictive model that achieved cutting-edge results with area under the curve (AUC) of.89, and an average accuracy of 81.3%. To allow an effective intervention and to facilitate human-AI collaboration towards prescriptive analytics, we, for the first time, to the best of our knowledge, go a step further than the prediction itself and leverage this field by proposing an approach to explaining our predictive model decisions individually and collectively using a game-theory based framework (SHAP), (Lundberg et al. , 2020) that allows interpreting our black-box non-linear model linearly. In other words, we explain the feature effects, clearly by visualising and analysing individual predictions, the overall importance of features, and identification of typical prediction paths. This method can be further applied to other emerging competitive models, as the CS1 prediction field progresses, ensuring transparency of the process for key stakeholders: administrators, teachers, and students.",openalex,llm,0.880,unreviewed,,doi:10.1109/access.2021.3105956
discarded,Students’ Perceptions and Preferences of Generative Artificial Intelligence Feedback for Programming,Zhengdong Zhang; Zihan Dong; Yang Shi; Thomas Price; Noboru Matsuda; Dongkuan Xu,2024,Proceedings of the AAAI Conference on Artificial Intelligence,10.1609/aaai.v38i21.30372,https://openalex.org/W4393161262,adjacent-subtopic,"The rapid evolution of artificial intelligence (AI), specifically large language models (LLMs), has opened opportunities for various educational applications. This paper explored the feasibility of utilizing ChatGPT, one of the most popular LLMs, for automating feedback for Java programming assignments in an introductory computer science (CS1) class. Specifically, this study focused on three questions: 1) To what extent do students view LLM-generated feedback as formative? 2) How do students see the comparative affordances of feedback prompts that include their code, vs. those that exclude it? 3) What enhancements do students suggest for improving LLM-generated feedback? To address these questions, we generated automated feedback using the ChatGPT API for four lab assignments in a CS1 class. The survey results revealed that students perceived the feedback as aligning well with formative feedback guidelines established by Shute. Additionally, students showed a clear preference for feedback generated by including the students' code as part of the LLM prompt, and our thematic study indicated that the preference was mainly attributed to the specificity, clarity, and corrective nature of the feedback. Moreover, this study found that students generally expected specific and corrective feedback with sufficient code examples, but had diverged opinions on the tone of the feedback. This study demonstrated that ChatGPT could generate Java programming assignment feedback that students perceived as formative. It also offered insights into the specific improvements that would make the ChatGPT-generated feedback useful for students.",openalex,llm,0.840,unreviewed,,doi:10.1609/aaai.v38i21.30372
