status,title,authors,year,venue,doi,url,tags,abstract,provider,decision_source,llm_confidence,llm_review_outcome,llm_change_direction,paper_id
discarded,An Approach to Automatically Assess Method Names,Alsuhaibani R.S.,2022,IEEE International Conference on Program Comprehension,10.1145/3524610.3527780,https://www.scopus.com/inward/record.uri?partnerID=HzOxMe3b&scp=85133201660&origin=inward,adjacent-subtopic,,scopus,llm,0.940,unreviewed,,doi:10.1145/3524610.3527780
discarded,Namesake: A Checker of Lexical Similarity in Identifier Names,Al Madi N.,2022,ACM International Conference Proceeding Series,10.1145/3551349.3560441,https://www.scopus.com/inward/record.uri?partnerID=HzOxMe3b&scp=85146962662&origin=inward,adjacent-subtopic,,scopus,llm,0.950,unreviewed,,doi:10.1145/3551349.3560441
discarded,An Ensemble Approach for Annotating Source Code Identifiers with Part-of-Speech Tags,Newman C.D.,2022,IEEE Transactions on Software Engineering,10.1109/TSE.2021.3098242,https://www.scopus.com/inward/record.uri?partnerID=HzOxMe3b&scp=85111066809&origin=inward,adjacent-subtopic,,scopus,llm,0.960,unreviewed,,doi:10.1109/tse.2021.3098242
discarded,A breadth-first survey of eye-tracking applications,Andrew T. Duchowski,2002,"Behavior Research Methods, Instruments, & Computers",10.3758/bf03195475,https://openalex.org/W2150497272,off-topic-false-hit,,openalex,llm,0.990,unreviewed,,doi:10.3758/bf03195475
discarded,Using eye-tracking technology to identify learning styles: Behaviour patterns and identification accuracy,Zhanni Luo,2021,Education and Information Technologies,10.1007/s10639-021-10468-5,https://openalex.org/W3135805175,off-topic-false-hit,,openalex,llm,0.990,unreviewed,,doi:10.1007/s10639-021-10468-5
discarded,Eye tracking in virtual reality,Viviane Clay; Peter König; Sabine U. König,2019,Journal of Eye Movement Research,10.16910/jemr.12.1.3,https://openalex.org/W3080078178,off-topic-false-hit,"The intent of this paper is to provide an introduction into the bourgeoning field of eye tracking in Virtual Reality (VR). VR itself is an emerging technology on the consumer market, which will create many new opportunities in research. It offers a lab environment with high immersion and close alignment with reality. An experiment which is using VR takes place in a highly controlled environment and allows for a more in-depth amount of information to be gathered about the actions of a subject. Techniques for eye tracking were introduced more than a century ago and are now an established technique in psychological experiments, yet recent development makes it versatile and affordable. In combination, these two techniques allow unprecedented monitoring and control of human behavior in semi-realistic conditions. This paper will explore the methods and tools which can be applied in the implementation of experiments using eye tracking in VR following the example of one case study. Accompanying the technical descriptions, we present research that displays the effectiveness of the technology and show what kind of results can be obtained when using eye tracking in VR. It is meant to guide the reader through the process of bringing VR in combination with eye tracking into the lab and to inspire ideas for new experiments.",openalex,llm,0.990,unreviewed,,doi:10.16910/jemr.12.1.3
discarded,Identifying learning style through eye tracking technology in adaptive learning systems,Inssaf El Guabassi; Zakaria Bousalem; Mohammed Al Achhab; Ismail Jellouli; Badr Eddine El Mohajir,2019,International Journal of Power Electronics and Drive Systems/International Journal of Electrical and Computer Engineering,10.11591/ijece.v9i5.pp4408-4416,https://openalex.org/W2982476049,off-topic-false-hit,"Learner learning style represents a key principle and core value of the adaptive learning systems (ALS). Moreover, understanding individual learner learning styles is a very good condition for having the best services of resource adaptation. However, the majority of the ALS, which consider learning styles, use questionnaires in order to detect it, whereas this method has a various disadvantages, For example, it is unsuitable for some kinds of respondents, time-consuming to complete, it may be misunderstood by respondent, etc. In the present paper, we propose an approach for automatically detecting learning styles in ALS based on eye tracking technology, because it represents one of the most informative characteristics of gaze behavior. The experimental results showed a high relationship among the Felder-Silverman Learning Style and the eye movements recorded whilst learning.",openalex,llm,0.990,unreviewed,,doi:10.11591/ijece.v9i5.pp4408-4416
discarded,Facial Emotion Recognition in Autism Spectrum Disorders: A Review of Behavioral and Neuroimaging Studies,Madeline B. Harms; Alex Martin; Gregory L. Wallace,2010,Neuropsychology Review,10.1007/s11065-010-9138-6,https://openalex.org/W2012614016,off-topic-false-hit,,openalex,llm,0.990,unreviewed,,doi:10.1007/s11065-010-9138-6
discarded,Cultural variation in eye movements during scene perception,Hannah Faye Chua; Julie E. Boland; Richard E. Nisbett,2005,Proceedings of the National Academy of Sciences,10.1073/pnas.0506162102,https://openalex.org/W1785085542,off-topic-false-hit,"In the past decade, cultural differences in perceptual judgment and memory have been observed: Westerners attend more to focal objects, whereas East Asians attend more to contextual information. However, the underlying mechanisms for the apparent differences in cognitive processing styles have not been known. In the present study, we examined the possibility that the cultural differences arise from culturally different viewing patterns when confronted with a naturalistic scene. We measured the eye movements of American and Chinese participants while they viewed photographs with a focal object on a complex background. In fact, the Americans fixated more on focal objects than did the Chinese, and the Americans tended to look at the focal object more quickly. In addition, the Chinese made more saccades to the background than did the Americans. Thus, it appears that differences in judgment and memory may have their origins in differences in what is actually attended as people view a scene.",openalex,llm,0.990,unreviewed,,doi:10.1073/pnas.0506162102
discarded,Influence of rational and intuitive thinking styles on food choice: Preliminary evidence from an eye-tracking study with yogurt labels,Gastón Ares; Franco Mawad; Ana Giménez; Alejandro Maiche,2013,Food Quality and Preference,10.1016/j.foodqual.2013.07.005,https://openalex.org/W2079671276,off-topic-false-hit,,openalex,llm,0.990,unreviewed,,doi:10.1016/j.foodqual.2013.07.005
discarded,Personal tracking as lived informatics,John Rooksby; Mattias Rost; Alistair Morrison; Matthew Chalmers,2014,,10.1145/2556288.2557039,https://openalex.org/W2091177731,off-topic-false-hit,"This paper characterises the use of activity trackers as ""lived informatics"". This characterisation is contrasted with other discussions of personal informatics and the quantified self. The paper reports an interview study with activity tracker users. The study found: people do not logically organise, but interweave various activity trackers, sometimes with ostensibly the same functionality; that tracking is often social and collaborative rather than personal; that there are different styles of tracking, including goal driven tracking and documentary tracking; and that tracking information is often used and interpreted with reference to daily or short term goals and decision making. We suggest there will be difficulties in personal informatics if we ignore the way that personal tracking is enmeshed with everyday life and people's outlook on their future.",openalex,llm,0.980,unreviewed,,doi:10.1145/2556288.2557039
discarded,"Digital eye strain: prevalence, measurement and amelioration",Amy L. Sheppard; James S. Wolffsohn,2018,BMJ Open Ophthalmology,10.1136/bmjophth-2018-000146,https://openalex.org/W2800705505,off-topic-false-hit,"Digital device usage has increased substantially in recent years across all age groups, so that extensive daily use for both social and professional purposes is now normal. Digital eye strain (DES), also known as computer vision syndrome, encompasses a range of ocular and visual symptoms, and estimates suggest its prevalence may be 50% or more among computer users. Symptoms fall into two main categories: those linked to accommodative or binocular vision stress, and external symptoms linked to dry eye. Although symptoms are typically transient, they may be frequent and persistent, and have an economic impact when vocational computer users are affected. DES may be identified and measured using one of several available questionnaires, or objective evaluations of parameters such as critical flicker-fusion frequency, blink rate and completeness, accommodative function and pupil characteristics may be used to provide indices of visual fatigue. Correlations between objective and subjective measures are not always apparent. A range of management approaches exist for DES including correction of refractive error and/or presbyopia, management of dry eye, incorporating regular screen breaks and consideration of vergence and accommodative problems. Recently, several authors have explored the putative role of blue light-filtering spectacle lenses on treating DES, with mixed results. Given the high prevalence of DES and near-universal use of digital devices, it is essential that eye care practitioners are able to provide advice and management options based on quality research evidence.",openalex,llm,0.990,unreviewed,,doi:10.1136/bmjophth-2018-000146
discarded,TurkerGaze: Crowdsourcing Saliency with Webcam based Eye Tracking,Pingmei Xu; Krista A. Ehinger; Yinda Zhang; Adam Finkelstein; Sanjeev R. Kulkarni; Jianxiong Xiao,2015,arXiv (Cornell University),10.48550/arxiv.1504.06755,https://openalex.org/W1831674524,off-topic-false-hit,"Traditional eye tracking requires specialized hardware, which means collecting gaze data from many observers is expensive, tedious and slow. Therefore, existing saliency prediction datasets are order-of-magnitudes smaller than typical datasets for other vision recognition tasks. The small size of these datasets limits the potential for training data intensive algorithms, and causes overfitting in benchmark evaluation. To address this deficiency, this paper introduces a webcam-based gaze tracking system that supports large-scale, crowdsourced eye tracking deployed on Amazon Mechanical Turk (AMTurk). By a combination of careful algorithm and gaming protocol design, our system obtains eye tracking data for saliency prediction comparable to data gathered in a traditional lab setting, with relatively lower cost and less effort on the part of the researchers. Using this tool, we build a saliency dataset for a large number of natural images. We will open-source our tool and provide a web server where researchers can upload their images to get eye tracking results from AMTurk.",openalex,llm,0.990,unreviewed,,doi:10.48550/arxiv.1504.06755
discarded,Visualizers versus verbalizers: Effects of cognitive style on learning with texts and pictures – An eye-tracking study,Marta Koć‐Januchta; Tim N. Höffler; Gun‐Brit Thoma; Helmut Prechtl; Detlev Leutner,2016,Computers in Human Behavior,10.1016/j.chb.2016.11.028,https://openalex.org/W2556396084,off-topic-false-hit,"This study was conducted in order to examine the differences between visualizers and verbalizers in the way they gaze at pictures and texts while learning. Using a collection of questionnaires, college students were classified according to their visual or verbal cognitive style and were asked to learn about two different, in terms of subject and type of knowledge, topics by means of text-picture combinations. Eye-tracking was used to investigate their gaze behavior. The results show that visualizers spent significantly more time inspecting pictures than verbalizers, while verbalizers spent more time inspecting texts. Results also suggest that both visualizers' and verbalizers' way of learning is active but mostly within areas providing the source of information in line with their cognitive style (pictures or text). Verbalizers tended to enter non-informative, irrelevant areas of pictures sooner than visualizers. The comparison of learning outcomes showed that the group of visualizers achieved better results than the group of verbalizers on a comprehension test.",openalex,llm,0.990,unreviewed,,doi:10.1016/j.chb.2016.11.028
discarded,"The Coordinated Interplay of Scene, Utterance, and World Knowledge: Evidence From Eye Tracking",Pia Knoeferle; Matthew W. Crocker,2006,Cognitive Science,10.1207/s15516709cog0000_65,https://openalex.org/W2170796869,off-topic-false-hit,"Two studies investigated the interaction between utterance and scene processing by monitoring eye movements in agent-action-patient events, while participants listened to related utterances. The aim of Experiment 1 was to determine if and when depicted events are used for thematic role assignment and structural disambiguation of temporarily ambiguous English sentences. Shortly after the verb identified relevant depicted actions, eye movements in the event scenes revealed disambiguation. Experiment 2 investigated the relative importance of linguistic/world knowledge and scene information. When the verb identified either only the stereotypical agent of a (nondepicted) action, or the (nonstereotypical) agent of a depicted action as relevant, verb-based thematic knowledge and depicted action each rapidly influenced comprehension. In contrast, when the verb identified both of these agents as relevant, the gaze pattern suggested a preferred reliance of comprehension on depicted events over stereotypical thematic knowledge for thematic interpretation. We relate our findings to language comprehension and acquisition theories.",openalex,llm,0.990,unreviewed,,doi:10.1207/s15516709cog0000_65
discarded,When Art Moves the Eyes: A Behavioral and Eye-Tracking Study,Davide Massaro; Federica Savazzi; Cinzia Di Dio; David Freedberg; Vittorio Gallese; Gabriella Gilli; Antonella Marchetti,2012,PLoS ONE,10.1371/journal.pone.0037285,https://openalex.org/W2074262960,off-topic-false-hit,"The aim of this study was to investigate, using eye-tracking technique, the influence of bottom-up and top-down processes on visual behavior while subjects, naïve to art criticism, were presented with representational paintings. Forty-two subjects viewed color and black and white paintings (Color) categorized as dynamic or static (Dynamism) (bottom-up processes). Half of the images represented natural environments and half human subjects (Content); all stimuli were displayed under aesthetic and movement judgment conditions (Task) (top-down processes). Results on gazing behavior showed that content-related top-down processes prevailed over low-level visually-driven bottom-up processes when a human subject is represented in the painting. On the contrary, bottom-up processes, mediated by low-level visual features, particularly affected gazing behavior when looking at nature-content images. We discuss our results proposing a reconsideration of the definition of content-related top-down processes in accordance with the concept of embodied simulation in art perception.",openalex,llm,0.990,unreviewed,,doi:10.1371/journal.pone.0037285
discarded,Visual landscape exploration as revealed by eye movement tracking,José V. de Lucio; M. Mohamadian; Julie Ruiz; J. Banayas; Fernando González Bernáldez,1996,Landscape and Urban Planning,10.1016/0169-2046(95)00208-1,https://openalex.org/W2060308980,off-topic-false-hit,,openalex,llm,0.990,unreviewed,,doi:10.1016/0169-2046(95)00208-1
discarded,Near‐Eye Display and Tracking Technologies for Virtual and Augmented Reality,George Alex Koulieris; Kaan Akşit; Michael Stengel; Rafał Mantiuk; Katerina Mania; Christian Richardt,2019,Computer Graphics Forum,10.1111/cgf.13654,https://openalex.org/W2932489395,off-topic-false-hit,"Abstract Virtual and augmented reality (VR/AR) are expected to revolutionise entertainment, healthcare, communication and the manufacturing industries among many others. Near‐eye displays are an enabling vessel for VR/AR applications, which have to tackle many challenges related to ergonomics, comfort, visual quality and natural interaction. These challenges are related to the core elements of these near‐eye display hardware and tracking technologies. In this state‐of‐the‐art report, we investigate the background theory of perception and vision as well as the latest advancements in display engineering and tracking technologies. We begin our discussion by describing the basics of light and image formation. Later, we recount principles of visual perception by relating to the human visual system. We provide two structured overviews on state‐of‐the‐art near‐eye display and tracking technologies involved in such near‐eye displays. We conclude by outlining unresolved research questions to inspire the next generation of researchers.",openalex,llm,0.990,unreviewed,,doi:10.1111/cgf.13654
discarded,Brain-to-Brain Synchrony Tracks Real-World Dynamic Group Interactions in the Classroom,Suzanne Dikker; Lu Wan; Ido Davidesco; Lisa Kaggen; Matthias Oostrik; James McClintock; Jess Rowland; Georgios Michalareas; Jay J. Van Bavel; Mingzhou Ding; David Poeppel,2017,Current Biology,10.1016/j.cub.2017.04.002,https://openalex.org/W2609275912,off-topic-false-hit,"The human brain has evolved for group living [1]. Yet we know so little about how it supports dynamic group interactions that the study of real-world social exchanges has been dubbed the ""dark matter of social neuroscience"" [2]. Recently, various studies have begun to approach this question by comparing brain responses of multiple individuals during a variety of (semi-naturalistic) tasks [3-15]. These experiments reveal how stimulus properties [13], individual differences [14], and contextual factors [15] may underpin similarities and differences in neural activity across people. However, most studies to date suffer from various limitations: they often lack direct face-to-face interaction between participants, are typically limited to dyads, do not investigate social dynamics across time, and, crucially, they rarely study social behavior under naturalistic circumstances. Here we extend such experimentation drastically, beyond dyads and beyond laboratory walls, to identify neural markers of group engagement during dynamic real-world group interactions. We used portable electroencephalogram (EEG) to simultaneously record brain activity from a class of 12 high school students over the course of a semester (11 classes) during regular classroom activities (Figures 1A-1C; Supplemental Experimental Procedures, section S1). A novel analysis technique to assess group-based neural coherence demonstrates that the extent to which brain activity is synchronized across students predicts both student class engagement and social dynamics. This suggests that brain-to-brain synchrony is a possible neural marker for dynamic social interactions, likely driven by shared attention mechanisms. This study validates a promising new method to investigate the neuroscience of group interactions in ecologically natural settings.",openalex,llm,0.990,unreviewed,,doi:10.1016/j.cub.2017.04.002
discarded,Measuring Cognitive Load using Eye Tracking Technology in Visual Computing,Johannes Zagermann; Ulrike Pfeil; Harald Reiterer,2016,,10.1145/2993901.2993908,https://openalex.org/W2529275262,off-topic-false-hit,"In this position paper we encourage the use of eye tracking measurements to investigate users' cognitive load while interacting with a system. We start with an overview of how eye movements can be interpreted to provide insight about cognitive processes and present a descriptive model representing the relations of eye movements and cognitive load. Then, we discuss how specific characteristics of human-computer interaction (HCI) interfere with the model and impede the application of eye tracking data to measure cognitive load in visual computing. As a result, we present a refined model, embedding the characteristics of HCI into the relation of eye tracking data and cognitive load. Based on this, we argue that eye tracking should be considered as a valuable instrument to analyze cognitive processes in visual computing and suggest future research directions to tackle outstanding issues.",openalex,llm,0.980,unreviewed,,doi:10.1145/2993901.2993908
discarded,An Eye-Tracking Study of Tourism Photo Stimuli,Ying Wang; Beverley Sparks,2014,Journal of Travel Research,10.1177/0047287514564598,https://openalex.org/W2138059282,off-topic-false-hit,"As tourism’s intangibility leads tourism marketers to rely heavily on visuals such as photographic images, the selection of visual stimuli that attract the target audience’s attention is critical. This study used a triangulated approach that included both self-reports and observational eye-tracking data. Australian and Chinese participants were recruited to view a series of photographic tourism images that depicted either high or low arousal activities and natural or built environments. Australian participants fixated more frequently, and for longer durations, than Chinese. Fixation also varied with the image conditions, with the Chinese group having particularly low fixation durations and counts for the low arousal or natural condition. This study fills the void in visual attention research in tourism and presents a novel approach to understanding the appeal of tourism images to potential tourists.",openalex,llm,0.990,unreviewed,,doi:10.1177/0047287514564598
