status,title,authors,year,venue,doi,url,tags,abstract,provider,decision_source,llm_confidence,llm_review_outcome,llm_change_direction,paper_id
kept,Does ChatGPT Help Novice Programmers Write Better Code? Results From Static Code Analysis,Philipp Haindl; Gerald Weinberger,2024,IEEE Access,10.1109/ACCESS.2024.3445432,https://ieeexplore.ieee.org/document/10638538/,supports-claim,"In the realm of AI-enhanced programming education, there is growing interest in using such tools to help students understand good coding principles. This study investigates the impact of ChatGPT on code quality among part-time undergraduate students in introductory Java programming courses, who lack prior Java experience. The source code of 16 students from the control group (without ChatGPT) and 22 students from the treatment group (with ChatGPT) who completed identical programming exercises focused on coding conventions was analyzed. Static code analysis tools assessed adherence to a common coding convention ruleset and calculated cyclomatic and cognitive complexity metrics. The comparative analysis shows that the ChatGPT-assisted group significantly improved code quality, with fewer rule violations and reduced cyclomatic and cognitive complexities. The treatment group adhered more closely to coding standards and produced less complex code. Violations primarily occurred in line length, final parameters, and the extensibility of object-oriented programming (OOP). These findings suggest that ChatGPT can be beneficial in programming education by helping students write cleaner, less complex code and adhere to coding conventions. However, the study’s limitations, such as the small sample size and novice status of participants, call for further research with larger, more diverse populations and different educational contexts.",ieee,llm,0.900,unreviewed,,doi:10.1109/access.2024.3445432
discarded,How to Teach Software Testing? Experiences with a Sandwich Approach,Leen Lambers,2020,"2020 IEEE International Conference on Software Testing, Verification and Validation Workshops (ICSTW)",10.1109/ICSTW50294.2020.00076,https://ieeexplore.ieee.org/document/9155648/,off-topic-false-hit,"We report on our experience with teaching software testing to graduate students. This experience was gained within a course offered yearly each winter term from 2015 till today. The course does not solely entail software testing as a topic, but also addresses briefly static analysis first (i.e. before testing) and verification afterwards (i.e. after testing). This is the reason for calling it with a twist from the testing perspective a sandwich approach. We motivate and present the overall structure and format of the course w.r.t. its learning objectives. We moreover describe some illustrative examples for structured interactions with students during the lecture as well as for project assignments, putting these into perspective w.r.t. the sandwich approach.",ieee,llm,0.980,unreviewed,,doi:10.1109/icstw50294.2020.00076
discarded,A Machine Learning-Based Adaptive Feedback System to Enhance Programming Skill Using Computational Thinking,Muhammad Kaleem; Muhammad Awais Hassan; Syed Khaldoon Khurshid,2024,IEEE Access,10.1109/ACCESS.2024.3391873,https://ieeexplore.ieee.org/document/10506466/,off-topic-false-hit,"The solution of a typical programming task involves algorithmic thinking, pattern recognition, decomposition, and abstraction skills. These skills are basic pillars of Computational thinking (CT) and are essential for a computer programmer. Therefore, a programming teacher needs to take these skills into account for the evaluation of students. Existing methods for improving programming competency don’t consider the Computational Thinking of students and perform grading of students without taking these skills into account. Due to this limitation, deficiencies of these skills in students remain unrevealed, posing difficulties for educators to provide need-oriented feedback. The performance of programming students is thus hindered by a lack of interventions. This study proposes a method to evaluate programming students in terms of CT skill components and group them based on their skill set. In this study, 780 students of object-oriented programming (OOP) class were given programming assignments for assessment of programming competencies. These students were then given small programming tasks requiring different computational thinking skill components for their solutions. A machine learning approach was used to perform grouping of these students based on their scores. Six groups of programming students, each having its own set of skill deficiencies, were identified as a result of clustering. One of the groups had an empty set of skill deficiencies and consisted of students proficient in programming. Each of the other five groups had a non-empty set of skill deficiencies and comprised non-proficient programming students. A group-specific skill development plan was built for the groups having skill deficiencies. It was found that such feedback was very effective and improved the CT skill deficiencies of 82% of students.",ieee,llm,0.970,unreviewed,,doi:10.1109/access.2024.3391873
discarded,AI-Driven Automated Assessment and Evaluation System Using NLP and Machine Learning,Yashas D; Kaviya Shri P; M Shivani Kashyap; Sahana Ravi; Sumehra Banu S; Yazhini T S,2025,"2025 2nd International Conference on New Frontiers in Communication, Automation, Management and Security (ICCAMS)",10.1109/ICCAMS65118.2025.11234507,https://ieeexplore.ieee.org/document/11234507/,off-topic-false-hit,"Automated Evaluation and Assessment System is aimed at changing the way educational assessment is viewed. The assessment will be automated through artificial intelligence, machine learning, and natural language processing for various types of content in grading; hence it will be efficient, scalable, and fair. Some of the major features of this system include dynamic as well as static analysis, comparative methods like abstract syntax trees and control flow graphs, and real-time feedback for supporting customized learning. The AESA is intended to eliminate all the relevant limitations of a manual mode such as bias, subjectivity, and time inefficiencies. Such a structure enables the modularized architecture to coup with user-friendly interfaces, delay-aggravated data management, and advanced evaluation models to give up a better overall assessment experience. The program is also thorough with features such as plagiarism detection, which leads to an enhanced integrity of academic work. This system combines automation and human oversight in order to bring forward better learning outcomes, lesser strain on the administrative card, and fairer educational practices. Rainier's study is an indication of the promise that AEAS (Automated Evaluation and Assessment Systems) holds in shaping the future of modern education.",ieee,llm,0.990,unreviewed,,doi:10.1109/iccams65118.2025.11234507
discarded,Visualizing Complexity: A Dynamic Approach to Reverse Engineering,Ketki Balde; Lalji Prasad; Rashmi Yadav,2024,2024 International Conference on Advances in Computing Research on Science Engineering and Technology (ACROSET),10.1109/ACROSET62108.2024.10743279,https://ieeexplore.ieee.org/document/10743279/,off-topic-false-hit,"Reverse engineering extracts insights from code to reproduce systems or products, crucial for understanding legacy systems or updating outdated technology. This research emphasizes dynamic code visualization, overcoming the limitations of static analysis tools. Our solution enhances security and software development by improving understanding, documentation, debugging, and visualizing code execution flow, essential for identifying vulnerabilities and ensuring system integrity. Additionally, our tool generates UML-compliant class and sequence diagrams, providing a comprehensive view of both the static structure and dynamic behavior of the system.",ieee,llm,0.980,unreviewed,,doi:10.1109/acroset62108.2024.10743279
discarded,ExFAURL Scanner: A Framework for Malware Detection in Binary files and URLs using Machine Learning Techniques,Juhi Kailash Ajwani; Ranjanbala Jain; Abhishek Badhe; Jyeshtha Prabhu; Atharva Narkhede,2022,"2022 IEEE International Students' Conference on Electrical, Electronics and Computer Science (SCEECS)",10.1109/SCEECS54111.2022.9740790,https://ieeexplore.ieee.org/document/9740790/,off-topic-false-hit,"With the evolution of technology, the power of massive production of data is leveraged for strengthening and growing business, research organizations, national intelligence, and individuals. Sensitive data which is meant to be secluded and kept safe is often sensed as vulnerable to exploitation through unintended users and malware attackers. With the means of traditional security techniques which are signature-based, the risks from polymorphic viruses and zero-day attacks are inconceivable and severe. Hence, the need for machine learning-based predictive modeling arises. A downloaded file even if malicious might not appear so at a glance but when installed and run might infect the entire system. Similarly, URLs can also host unsolicited content which when accessed by unsuspecting users bait trap to various types of scams. This paper focuses on developing a Web application that can distinguish a malicious or legitimate binary executable file and a URL using Machine Learning Algorithms.",ieee,llm,1.000,unreviewed,,doi:10.1109/sceecs54111.2022.9740790
discarded,GitHub-OSS Fixit: Fixing Bugs at Scale in a Software Engineering Course,Shin Hwei Tan; Chunfeng Hu; Ziqiang Li; Xiaowen Zhang; Ying Zhou,2021,2021 IEEE/ACM 43rd International Conference on Software Engineering: Software Engineering Education and Training (ICSE-SEET),10.1109/ICSE-SEET52601.2021.00009,https://ieeexplore.ieee.org/document/9402190/,off-topic-false-hit,"Many studies have shown the benefits of introducing open-source projects into teaching Software Engineering (SE) courses. However, there are several limitations of existing studies that limit the wide adaptation of open-source projects in a classroom setting, including (1) the selected project is limited to one particular project, (2) most studies only investigated on its effect on teaching a specific SE concept, and (3) students may make mistakes in their contribution which leads to poor quality code. Meanwhile, software companies have successfully launched programs like Google Summer of Code (GSoC) and FindBugs ""fixit"" to contribute to open-source projects. Inspired by the success of these programs, we propose GitHub-OSS Fixit, a team-based course project where students are taught to contribute to open-source Java projects by fixing bugs reported in GitHub. We described our course outline to teach students SE concepts by encouraging the usages of several automated program analysis tools. We also included the carefully designed instructions that we gave to students for participating in GitHub-OSS Fixit. As all lectures and labs are conducted online, we think that our course design could help in guiding future online SE courses. Overall, our survey results show that students think that GitHub-OSS Fixit could help them to improve many skills and apply the knowledge taught in class. In total, 154 students have submitted 214 pull requests to 24 different Java projects, in which 93 of them have been merged, and 46 have been closed by developers.",ieee,llm,0.970,unreviewed,,doi:10.1109/icse-seet52601.2021.00009
discarded,Improving Feedback on GitHub Pull Requests: A Bots Approach,Zhewei Hu; Edward F. Gehringer,2019,2019 IEEE Frontiers in Education Conference (FIE),10.1109/FIE43999.2019.9028685,https://ieeexplore.ieee.org/document/9028685/,adjacent-subtopic,"Rising enrollments make it difficult for instructors and teaching assistants to give adequate feedback on each student's work. Our course projects require students to submit GitHub pull requests as deliverables for their open-source software (OSS) projects. We have set up a static code analyzer and a continuous integration service on GitHub to help students check different aspects of the code. However, these tools have some limitations. In this paper, we discuss how we bypass the limitations of existing tools by implementing three Internet bots. These bots are either open source or free for OSS projects and can be easily integrated with any GitHub repositories. One-hundred one Computer Science and Computer Engineering masters students participated in our study. The survey results showed that more than 84% of students thought bots can help them to contribute code with better quality. We analyzed 396 pull requests. Results revealed that bots can provide more timely feedback than teaching staff. The Danger Bot is associated with a significant reduction system-specific guideline violations (by 39%), and the Code Climate Bot is associated with a significant 60% decrease of code smells in student contributions. However, we found that the Travis CI Bot did not help student contributions pass automated tests.",ieee,llm,0.840,unreviewed,,doi:10.1109/fie43999.2019.9028685
discarded,Automatic Grading of Linux Commands Using String Similarity Measures,Kanegelo Phuduhudu; Michael Moeti; Tlou Ramabu; Dan Masethe,2025,2025 IST-Africa Conference (IST-Africa),10.23919/IST-Africa67297.2025.11060501,https://ieeexplore.ieee.org/document/11060501/,off-topic-false-hit,"An education sector is faced with a challenge of a manual grading process that is prone to partiality, subjective influence and other human errors. There are many grading systems in the body of knowledge, however the area of Linux commands hands-on assessments is still under investigation. To advance developments in this area, existing automatic grading systems and their limitations are discussed in this paper. Having discussed existing systems, we argue that the use of history command output provides enough details to measure the correctness of student's executed commands. We further argue that the weighted-average from the combination of token-based similarity algorithm and character-based similarity algorithm can make an ideal tool for auto grading Linux commands hands-on labs. The grading tool is named Command-line History Grader (CoLHiG) for ease of reference and have substantiated its components.",ieee,llm,0.990,unreviewed,,doi:10.23919/ist-africa67297.2025.11060501
discarded,A Suite of Software Tools for Executing Formal Specifications,S. Ekambareshwar,1991,"TENCON '91. Region 10 International Conference on EC3-Energy, Computer, Communication and Control Systems",10.1109/TENCON.1991.729669,https://ieeexplore.ieee.org/document/729669/,off-topic-false-hit,This paper presents a suite of tools that have been implemented - to facilitate the execution of formal specifications written in the non-executable Z language. Such tools assist the system developer towards ensuring whether the functional requirements as specified (in Z) are reflected in the implementation (in Prolog). The specification technique used in this work is explained with an example specification. The transformation of some Z specifications into Prolog are provided using our development environment. The limitations of our approach and further work in this area are addressed.,ieee,llm,0.990,unreviewed,,doi:10.1109/tencon.1991.729669
discarded,Polymorphic malware detection using topological feature extraction with data mining,James B. Fraley; Marco Figueroa,2016,SoutheastCon 2016,10.1109/SECON.2016.7506685,https://ieeexplore.ieee.org/document/7506685/,off-topic-false-hit,"In just a few short years, the number of polymorphic and metamorphic malware samples seen in the wild has grown exponentially, and the automated malware detection apparatus which is largely signature-based finds itself virtually and practically useless for these new types of attacks. New detection methods are needed in order to better defend networks, protect data and preserve overall internet operations. This paper offers a novel approach to extract, analyze and combine multiple high level factors to determine “malicious or benign” files. These factors include file characteristics, internal file properties and dynamic run-time relationships. This paper presents a unique approach leveraging topological examination using static and dynamic analysis. Belief Propagation (BP) is achieved through data mining techniques in order to uncover and spotlight the properties of malicious files. The proposed approach directly captures the file-properties and can therefore identify malicious files with impressive detection rates (.9999) and low false positives (.0001). This novel approach should prove to be faster than a large reputation database and performs well for small sample sizes.",ieee,llm,1.000,unreviewed,,doi:10.1109/secon.2016.7506685
discarded,How Junior Developers Deal with Their Technical Debt?,Fabian Gilson; Miguel Morales-Trujillo; Moffat Mathews,2020,2020 IEEE/ACM International Conference on Technical Debt (TechDebt),,https://ieeexplore.ieee.org/document/10206633/,adjacent-subtopic,"Technical debt is a metaphor that measures the additional effort needed to continue to add more features in a software due to its inherent decrease in code quality. Most software systems suffer from technical debt at some point so that dedicated tools and metrics have been developed to monitor such debt. Alongside tools, appropriate engineering practices must be put in place by the development team to keep that debt at an acceptable level. In this empirical study, we observed and surveyed Scrum development teams composed of experienced students in order to understand their quality-related processes on a year-long academic project. We found that (1) students do use static analysis tools of many forms, but their actual usage is limited due to time pressure; (2) retrospective and non-constraining feedback on code quality has little to no effect, even when given regularly during the course of the project; and (3) junior developers value composite quality indicators (e.g., maintainability, reliability in SonarQube), even if they do not fully understand their meaning. From our findings, we propose a series of recommendations, both technical and methodological, on how to train junior developers to understand and manage technical debt.",ieee,llm,0.760,unreviewed,,hash:7b974e5fb357d346
discarded,A Conceptual Model for Diploma Verification in Education: Leveraging NFTs and Dynamic Smart Contracts,Andi Saryoko; Irwansyah Saputra; Sumanto; Cahyani Budihartanti; Siti Masturoh; Mochamad Wahyudi; Esron Rikardo Nainggolan; Siti Nurlela; Indrajani Sutedja,2024,2024 International Conference on Information Technology Research and Innovation (ICITRI),10.1109/ICITRI62858.2024.10699024,https://ieeexplore.ieee.org/document/10699024/,off-topic-false-hit,"In the modern era of digital education, ensuring the authenticity and security of academic credentials is crucial for maintaining trust and efficiency. Blockchain technology, with its secure, transparent, and immutable nature, offers promising solutions, but static smart contracts have limitations in dynamic environments. This paper proposes a novel approach utilizing dynamic smart contracts and non-fungible tokens (NFTs) to revolutionize diploma verification systems. Dynamic smart contracts provide the flexibility needed to adapt to changing educational policies and requirements without redeploying the entire contract, while NFTs ensure each diploma is uniquely identifiable and tamper-proof. Our proposed system leverages smart contract interaction to automate and streamline the complex processes between educational institutions, students, and employers. Empirical assessments demonstrate significant improvements in processing speed and accuracy, confirming the practical benefits of this approach. This study provides new insights into how blockchain technology can be effectively applied in the education sector to enhance the integrity and reliability of academic credentials. By focusing on a conceptual model and demonstrating its potential through testing and evaluation, this research lays the groundwork for future implementations that could significantly outperform traditional methods in terms of efficiency, security, and adaptability.",ieee,llm,1.000,unreviewed,,doi:10.1109/icitri62858.2024.10699024
discarded,A Comparative Study on the Consistency of GPT-Based AI Grading Using Human-Developed Assessment Criteria,Shubair Abdullah; AlSaeed AlShamy; Aisha Al-Harthi,2025,2025 11th International Conference on Education and Technology (ICET),10.1109/ICET67257.2025.11291030,https://ieeexplore.ieee.org/document/11291030/,off-topic-false-hit,"The integration of Artificial Intelligence (AI) into educational assessment presents both promising opportunities and notable challenges in evaluating student performance. This study conducts a comparative analysis of ChatGPT-based AI grading systems versus human grading, using structured rubrics as a common framework. Data were collected from two distinct assignments in a computer programming course. Both AI and human graders assessed 20 student submissions. The study utilizes three statistical methods: Intraclass-Correlation Coefficient to evaluate grading consistency, Bland-Altman analysis to measure the agreement between AI and human grades, and paired t-tests to identify significant differences. Results indicate a moderate to high grading consistency for the AI system. While overall agreement with human graders was observed, some discrepancies emerged in specific evaluation criteria. These findings offer valuable insights into the capabilities and current limitations of AI-assisted grading in educational settings.",ieee,llm,0.990,unreviewed,,doi:10.1109/icet67257.2025.11291030
