status,title,authors,year,venue,doi,url,tags,abstract,provider,decision_source,llm_confidence,llm_review_outcome,llm_change_direction,paper_id
discarded,IntelliSA: An Intelligent Static Analyzer for IaC Security Smell Detection Using Symbolic Rules and Neural Inference,Mei Q.,2026,Proceedings 2026 IEEE ACM 23rd International Conference on Mining Software Repositories MSR 2026,10.1145/3793302.3793340,https://www.scopus.com/inward/record.uri?partnerID=HzOxMe3b&scp=105047046045&origin=inward,off-topic-false-hit,,scopus,llm,0.970,unreviewed,,doi:10.1145/3793302.3793340
discarded,EduLint: a Versatile Tool for Code Quality Feedback,Řechtáčková A.,2026,SIGCSE TS 2026 Proceedings of the 57th ACM Technical Symposium on Computer Science Education V 1,10.1145/3770762.3772554,https://www.scopus.com/inward/record.uri?partnerID=HzOxMe3b&scp=105031880533&origin=inward,adjacent-subtopic,,scopus,llm,0.840,unreviewed,,doi:10.1145/3770762.3772554
discarded,CodeQual-Agent: An Intelligent LLM-Agent Framework for Automated Software Quality Assessment with Explainable Predictions and Real-Time Analysis,Mohammad F.,2026,Proceedings 2026 IEEE International Conference on Software Testing Verification and Validation Workshops Icstw 2026,10.1109/ICSTW72326.2026.00035,https://www.scopus.com/inward/record.uri?partnerID=HzOxMe3b&scp=105045598681&origin=inward,adjacent-subtopic,,scopus,llm,0.820,unreviewed,,doi:10.1109/icstw72326.2026.00035
discarded,Malware Analysis Education Meets LLMs: Understanding Student Use of LLMs in Malware Analysis Education,Çetin O.,2026,International Journal of Information and Education Technology,10.18178/ijiet.2026.16.3.2550,https://www.scopus.com/inward/record.uri?partnerID=HzOxMe3b&scp=105033655923&origin=inward,off-topic-false-hit,,scopus,llm,0.980,unreviewed,,doi:10.18178/ijiet.2026.16.3.2550
discarded,Affective Politics of Belonging to STEM: Some Conceptual and Methodological Considerations,El Halwany S.,2026,Science Education,10.1002/sce.21951,https://www.scopus.com/inward/record.uri?partnerID=HzOxMe3b&scp=85216544266&origin=inward,off-topic-false-hit,,scopus,llm,1.000,unreviewed,,doi:10.1002/sce.21951
discarded,CGrader: A Configurable Python-Based Automated Grading System for C Programming Assignments with Structured Input Parsing and Weighted Output Scoring,Dirgantoro B.,2026,Proceedings of the 2026 IEEE International Conference on Industry 4 0 Artificial Intelligence and Communications Technology Iaict 2026,10.1109/IAICT71158.2026.11620755,https://www.scopus.com/inward/record.uri?partnerID=HzOxMe3b&scp=105046917752&origin=inward,off-topic-false-hit,,scopus,llm,0.980,unreviewed,,doi:10.1109/iaict71158.2026.11620755
discarded,Static analysis of plantar pressures and kinetic parameters in pes cavus versus normal feet: a case–control study,Martínez-Salvador L.,2026,Frontiers in Physics,10.3389/fphy.2026.1724946,https://www.scopus.com/inward/record.uri?partnerID=HzOxMe3b&scp=105045829677&origin=inward,off-topic-false-hit,,scopus,llm,1.000,unreviewed,,doi:10.3389/fphy.2026.1724946
discarded,Automated Grading Through Contrastive Learning: A Gradient Analysis and Feature Ablation Approach,Sokač M.,2025,Machine Learning and Knowledge Extraction,10.3390/make7020041,https://www.scopus.com/inward/record.uri?partnerID=HzOxMe3b&scp=105009290759&origin=inward,off-topic-false-hit,,scopus,llm,0.980,unreviewed,,doi:10.3390/make7020041
discarded,MSWT: Multi-Scale Wavelet Transformer for Dynamic Feature-Based Student Program Error Identification,Yu L.,2025,Proceedings Asia Pacific Software Engineering Conference APSEC,10.1109/APSEC66846.2025.00098,https://www.scopus.com/inward/record.uri?partnerID=HzOxMe3b&scp=105035224878&origin=inward,off-topic-false-hit,,scopus,llm,0.960,unreviewed,,doi:10.1109/apsec66846.2025.00098
discarded,ASTRO: A Semi-Automated Grading and Feedback System for Programming Assignments,Browning J.W.,2025,Proceedings Frontiers in Education Conference Fie,10.1109/FIE63693.2025.11328280,https://www.scopus.com/inward/record.uri?partnerID=HzOxMe3b&scp=105033050539&origin=inward,off-topic-false-hit,,scopus,llm,0.970,unreviewed,,doi:10.1109/fie63693.2025.11328280
discarded,MuKD: Multi-Stream CNN and Knowledge Distillation for Behavioral Ransomware Detection,Chiewnawintawat N.,2025,IEEE Globecom Workshops GC Wkshps,10.1109/GCWkshps68340.2025.11591044,https://www.scopus.com/inward/record.uri?partnerID=HzOxMe3b&scp=105045446818&origin=inward,off-topic-false-hit,,scopus,llm,1.000,unreviewed,,doi:10.1109/gcwkshps68340.2025.11591044
discarded,Development of an Autonomous Surface System for Permanent and Persistent Monitoring of Vehicles in the Water Column,Gomes R.F.M.,2024,Lecture Notes in Networks and Systems,10.1007/978-3-031-59167-9_16,https://www.scopus.com/inward/record.uri?partnerID=HzOxMe3b&scp=85193209235&origin=inward,off-topic-false-hit,,scopus,llm,1.000,unreviewed,,doi:10.1007/978-3-031-59167-9_16
discarded,On the use of static analysis to engage students with software quality improvement: An experience with PMD,Alomar E.A.,2023,Proceedings International Conference on Software Engineering,10.1109/ICSE-SEET58685.2023.00023,https://www.scopus.com/inward/record.uri?partnerID=HzOxMe3b&scp=85171802111&origin=inward,adjacent-subtopic,,scopus,llm,0.870,unreviewed,,doi:10.1109/icse-seet58685.2023.00023
discarded,Bot with Interactions: Improving GitHub Pull-Request Feedback Through Two-Way Communication,Hu Z.,2023,Proceedings 2023 IEEE ACM 5th International Workshop on Bots in Software Engineering Botse 2023,10.1109/BotSE59190.2023.00014,https://www.scopus.com/inward/record.uri?partnerID=HzOxMe3b&scp=85168687148&origin=inward,adjacent-subtopic,,scopus,llm,0.840,unreviewed,,doi:10.1109/botse59190.2023.00014
discarded,Intake Manifold Material Selection and Fluid Flow Analysis for Formula Society of Automotive Engineers (FSAE) Race Car,Halim S.S.,2023,Cfd Letters,10.37934/cfdl.15.5.1828,https://www.scopus.com/inward/record.uri?partnerID=HzOxMe3b&scp=85153587793&origin=inward,off-topic-false-hit,,scopus,llm,1.000,unreviewed,,doi:10.37934/cfdl.15.5.1828
discarded,"Benefits, challenges, and usability evaluation of DeloreanJS: a back-in-time debugger for JavaScript",Leger P.,2023,Peerj Computer Science,10.7717/PEERJ-CS.1238,https://www.scopus.com/inward/record.uri?partnerID=HzOxMe3b&scp=85153359243&origin=inward,off-topic-false-hit,,scopus,llm,0.960,unreviewed,,doi:10.7717/peerj-cs.1238
discarded,DEVELOPMENT OF A BIO-INSPIRED HOPPING LEG FOR LUNAR EXPLORATION ROVER,Nguyen M.,2022,ASME International Mechanical Engineering Congress and Exposition Proceedings Imece,10.1115/IMECE2022-95975,https://www.scopus.com/inward/record.uri?partnerID=HzOxMe3b&scp=85148328898&origin=inward,off-topic-false-hit,,scopus,llm,1.000,unreviewed,,doi:10.1115/imece2022-95975
discarded,A Static Analysis Framework for Detecting Bugs in Introductory Programs,Xu W.,2021,Proceedings 2021 IEEE International Symposium on Software Reliability Engineering Workshops Issrew 2021,10.1109/ISSREW53611.2021.00078,https://www.scopus.com/inward/record.uri?partnerID=HzOxMe3b&scp=85126976034&origin=inward,adjacent-subtopic,,scopus,llm,0.880,unreviewed,,doi:10.1109/issrew53611.2021.00078
discarded,Customizable and scalable automated assessment of C/C++ programming assignments,Delgado-Pérez P.,2020,Computer Applications in Engineering Education,10.1002/cae.22317,https://www.scopus.com/inward/record.uri?partnerID=HzOxMe3b&scp=85089393769&origin=inward,off-topic-false-hit,,scopus,llm,0.960,unreviewed,,doi:10.1002/cae.22317
discarded,How junior developers deal with their technical debt?,Gilson F.,2020,Proceedings 2020 IEEE ACM International Conference on Technical Debt Techdebt 2020,10.1145/3387906.3388624,https://www.scopus.com/inward/record.uri?partnerID=HzOxMe3b&scp=85093085706&origin=inward,adjacent-subtopic,,scopus,llm,0.750,unreviewed,,doi:10.1145/3387906.3388624
discarded,"10th International Conference on Information Science and Applications, ICISA 2019",,2020,Lecture Notes in Electrical Engineering,,https://www.scopus.com/inward/record.uri?partnerID=HzOxMe3b&scp=85077548388&origin=inward,off-topic-false-hit,,scopus,llm,1.000,unreviewed,,hash:d366ade584a3b8a8
discarded,Enabling static security vulnerability analysis in PHP applications for novice developers with SSVChecker,Smith M.,2014,Proceedings of the 2014 Research in Adaptive and Convergent Systems Racs 2014,10.1145/2663761.2664213,https://www.scopus.com/inward/record.uri?partnerID=HzOxMe3b&scp=84910012766&origin=inward,off-topic-false-hit,,scopus,llm,0.960,unreviewed,,doi:10.1145/2663761.2664213
discarded,GMRace: Detecting data races in GPU programs via a low-overhead scheme,Zheng M.,2014,IEEE Transactions on Parallel and Distributed Systems,10.1109/TPDS.2013.44,https://www.scopus.com/inward/record.uri?partnerID=HzOxMe3b&scp=84901248633&origin=inward,off-topic-false-hit,,scopus,llm,0.980,unreviewed,,doi:10.1109/tpds.2013.44
discarded,Hairball: Lint-inspired static analysis of scratch projects,Boe B.,2013,SIGCSE 2013 Proceedings of the 44th ACM Technical Symposium on Computer Science Education,10.1145/2445196.2445265,https://www.scopus.com/inward/record.uri?partnerID=HzOxMe3b&scp=84876279082&origin=inward,adjacent-subtopic,,scopus,llm,0.920,unreviewed,,doi:10.1145/2445196.2445265
discarded,Symbolic analysis of concurrency errors in OpenMP programs,Ma H.,2013,Proceedings of the International Conference on Parallel Processing,10.1109/ICPP.2013.63,https://www.scopus.com/inward/record.uri?partnerID=HzOxMe3b&scp=84893323087&origin=inward,off-topic-false-hit,,scopus,llm,0.980,unreviewed,,doi:10.1109/icpp.2013.63
discarded,Representing ethnic groups in space: A new dataset,Nils B. Weidmann; Jan Ketil Rød; Lars‐Erik Cederman,2010,Journal of Peace Research,10.1177/0022343310368352,https://openalex.org/W2048306071,off-topic-false-hit,"Abstract Whether qualitative or quantitative, contemporary civil-war studies have a tendency to over-aggregate empirical evidence. In order to open the black box of the state, it is necessary to pinpoint the location of key conflict parties. As a contribution to this task, this article describes a data project that geo-references ethnic groups around the world. Relying on maps and data drawn from the classical Soviet Atlas Narodov Mira (ANM), the ‘Geo-referencing of ethnic groups’ (GREG) dataset employs geographic information systems (GIS) to represent group territories as polygons. This article introduces the structure of the GREG dataset and gives an example for its application by examining the impact of group concentration on conflict. In line with previous findings, the authors show that groups with a single territorial cluster according to GREG have a significantly higher risk of conflict. This example demonstrates how the GREG dataset can be processed in the R statistical package without specific skills in GIS. The authors also provide a detailed discussion of the shortcomings of the GREG dataset, resulting from the datedness of the ANM and its unclear coding conventions. In comparing GREG to other datasets on ethnicity, the article makes an attempt to illustrate the strengths and weaknesses associated with the GREG database.",openalex,llm,1.000,unreviewed,,doi:10.1177/0022343310368352
discarded,"Software engineering practices for machine learning — Adoption, effects, and team assessment",Alex Serban; Koen van der Blom; Holger H. Hoos; Joost Visser,2023,Journal of Systems and Software,10.1016/j.jss.2023.111907,https://openalex.org/W4389068312,off-topic-false-hit,"Machine learning (ML) is extensively used in production-ready applications, calling for mature engineering techniques to ensure robust development, deployment and maintenance. Given the potential negative impact machine learning (ML) can have on people, society or the environment, engineering techniques that can ensure robustness against technical errors and adversarial attacks are of considerable importance. In this work, we investigate how teams of experts develop, deploy and maintain software with ML components. Moreover, we link what teams do to the effects they aim to achieve and provide means for improvement. Towards this goal, we performed a mixed-methods study with a sequential exploratory strategy. First, we performed a systematic literature review through which we mined both academic and grey literature, and compiled a catalogue of engineering practices for ML. Second, we validated this catalogue using a large-scale survey, which measured the degree of adoption of the practices and their perceived effects. Third, we ran validation interviews with practitioners to add depth to the survey results. The catalogue covers a broad range of practices for engineering software systems with ML components and for ensuring non-functional properties that fall under the umbrella of trustworthy ML, such as fairness, security or accountability. Here, we present the results of our study, which indicate, for example, that larger and more experienced teams tend to adopt more practices, but that trustworthiness practices tend to be neglected. Moreover, we show that the effects measured in our survey, such as team agility or accountability, can be predicted quite accurately from groups of practices. This allowed us to contrast the importance of the practices for these effects as well as adoption rates, revealing, for example, that widely adopted practices are, in reality, less important with respect to some effects. For instance, writing reusable scripts for data cleaning and merging is highly adopted, but has a limited impact on reproducibility. Overall, our study provides a quantitative assessment of ML engineering practices and their impact on desirable properties of software with ML components, by which we open multiple avenues for improving the adoption of useful practices. Editor’s note: Open Science material was validated by the Journal of Systems and Software Open Science Board.",openalex,llm,0.970,unreviewed,,doi:10.1016/j.jss.2023.111907
discarded,What Support do Systematic Reviews Provide for Evidence-informed Teaching about Software Engineering Practice?,David Budgen; Pearl Brereton; Nikki Williams; Sarah Drummond,2020,e-Informatica Software Engineering Journal,10.37190/e-inf200101,https://openalex.org/W3005586235,off-topic-false-hit,"Background: The adoption of the evidence-based research paradigm by software engineering researchers has created a growing knowledge base provided by the outcomes from systematic reviews. Aim: We set out to identify and catalogue a sample of the knowledge provided by systematic reviews, to determine what support they can provide for an evidence-informed approach to teaching about software engineering practice. Method: We undertook a tertiary study (a mapping study of systematic reviews) covering the period to the end of 2015. We identified and catalogued those reviews that had findings or made recommendations that were considered relevant to teaching about industry practice. Results: We examined a sample of 276 systematic reviews, selecting 49 for which we could clearly identify practice-oriented findings and recommendations that were supported by the data analysis provided in the review. We have classified these against established software engineering education knowledge categories and discuss the extent and forms of knowledge provided for each category. Conclusion: While systematic reviews can provide knowledge that can inform teaching about practice, relatively few systematic reviews present the outcomes in a form suitable for this purpose. Using a suitable format for presenting a summary of outcomes could improve this. Additionally, the increasing number of published systematic reviews suggests that there is a need for greater coordination regarding the cataloguing of their findings and recommendations.",openalex,llm,0.950,unreviewed,,doi:10.37190/e-inf200101
discarded,Automatic Software Repair: A Survey,Luca Gazzola; Daniela Micucci; Leonardo Mariani,2017,IEEE Transactions on Software Engineering,10.1109/tse.2017.2755013,https://openalex.org/W3208407575,off-topic-false-hit,"Despite their growing complexity and increasing size, modern software applications must satisfy strict release requirements that impose short bug fixing and maintenance cycles, putting significant pressure on developers who are responsible for timely producing high-quality software. To reduce developers workload, repairing and healing techniques have been extensively investigated as solutions for efficiently repairing and maintaining software in the last few years. In particular, repairing solutions have been able to automatically produce useful fixes for several classes of bugs that might be present in software programs. A range of algorithms, techniques, and heuristics have been integrated, experimented, and studied, producing a heterogeneous and articulated research framework where automatic repair techniques are proliferating. This paper organizes the knowledge in the area by surveying a body of 108 papers about automatic software repair techniques, illustrating the algorithms and the approaches, comparing them on representative examples, and discussing the open challenges and the empirical evidence reported so far.",openalex,llm,0.980,unreviewed,,doi:10.1109/tse.2017.2755013
discarded,Scraping innovativeness from corporate websites: Empirical evidence on Italian manufacturing SMEs,Carlo Bottai; Lisa Crosato; Josep Domènech; Marco Guerzoni; Caterina Liberati,2024,Technological Forecasting and Social Change,10.1016/j.techfore.2024.123597,https://openalex.org/W4401331307,off-topic-false-hit,"Research in innovation studies usually relies on financial statements, surveys, or patents as primary data sources, although these sources of information show some limitations when applied to Small and Medium Enterprises (SMEs). Our paper explores whether the HTML code of a company’s website is a further source to better inform innovation policies, under the assumption that how HTML is employed in crafting a corporate website provides insights into the company’s innovation capabilities. In particular, we leverage HTML tags and their associations to empirically show that the websites of innovative SMEs are different from non-innovative ones both in terms of their size and coding practices. Our findings, based on a sample of Italian companies, indicate that the features of the HTML code of corporate websites reflect unobservable characteristics related to the skills and creativity present in businesses. • It is explained why the HTML code of an SME’s website may capture its innovativeness. • The website of innovative SMEs is bigger than that of similar, non-innovative ones. • Innovative SMEs use more up-to-date coding styles for their websites. • HTML-based indicators help build real-time, granular measures for innovation policy. • HTML-based indicators are suited for cross-country and temporal comparisons.",openalex,llm,1.000,unreviewed,,doi:10.1016/j.techfore.2024.123597
discarded,Towards Regulatory-Compliant MLOps: Oravizio’s Journey from a Machine Learning Experiment to a Deployed Certified Medical Product,Tuomas Granlund; Vlad Stirbu; Tommi Mikkonen,2021,SN Computer Science,10.1007/s42979-021-00726-1,https://openalex.org/W3173148850,off-topic-false-hit,"Abstract Agile software development embraces change and manifests working software over comprehensive documentation and responding to change over following a plan. The ability to continuously release software has enabled a development approach where experimental features are put to use, and, if they stand the test of real use, they remain in production. Examples of such features include machine learning (ML) models, which are usually pre-trained, but can still evolve in production. However, many domains require more plan-driven approach to avoid hazard to environment and humans, and to mitigate risks in the process. In this paper, we start by presenting continuous software engineering practices in a regulated context, and then apply the results to the emerging practice of MLOps, or continuous delivery of ML features. Furthermore, as a practical contribution, we present a case study regarding Oravizio, first CE-certified medical software for assessing the risks of joint replacement surgeries. Towards the end of the paper, we also reflect the Oravizio experiences to MLOps in regulatory context.",openalex,llm,0.990,unreviewed,,doi:10.1007/s42979-021-00726-1
discarded,Software development in startup companies: A systematic mapping study,Nicolò Paternoster; Carmine Giardino; Michael Unterkalmsteiner; Tony Gorschek; Pekka Abrahamsson,2014,Information and Software Technology,10.1016/j.infsof.2014.04.014,https://openalex.org/W2036625200,off-topic-false-hit,,openalex,llm,0.980,unreviewed,,doi:10.1016/j.infsof.2014.04.014
