status,title,authors,year,venue,doi,url,tags,abstract,provider,decision_source,llm_confidence,llm_review_outcome,llm_change_direction,paper_id
discarded,BugTor: A Feedback-Driven Static Analysis Tailored for Novice Java Programmers,Imhmed E.,2026,Communications in Computer and Information Science,10.1007/978-3-032-22202-2_2,https://www.scopus.com/inward/record.uri?partnerID=HzOxMe3b&scp=105039879321&origin=inward,adjacent-subtopic,,scopus,llm,0.800,unreviewed,,doi:10.1007/978-3-032-22202-2_2
discarded,Experiences with test-driven elaborated feedback for teaching introductory programming,Garcia-Dominguez A.,2026,Computer Science Education,10.1080/08993408.2025.2554497,https://www.scopus.com/inward/record.uri?partnerID=HzOxMe3b&scp=105016748948&origin=inward,adjacent-subtopic,,scopus,llm,0.780,unreviewed,,doi:10.1080/08993408.2025.2554497
discarded,Feedback Systems on Computer Programming Courses: A Systematic Literature Review,Castellanos H.,2026,IEEE Access,10.1109/ACCESS.2026.3665047,https://www.scopus.com/inward/record.uri?partnerID=HzOxMe3b&scp=105031756910&origin=inward,adjacent-subtopic,,scopus,llm,0.800,unreviewed,,doi:10.1109/access.2026.3665047
discarded,Enhancing graduate engineering education: The development and assessment of interactive web tools for teaching Hertzian contact mechanics and surface fatigue failure,Karaky H.,2026,International Journal of Mechanical Engineering Education,10.1177/03064190261424652,https://www.scopus.com/inward/record.uri?partnerID=HzOxMe3b&scp=105030613646&origin=inward,off-topic-false-hit,,scopus,llm,0.970,unreviewed,,doi:10.1177/03064190261424652
kept,From Code Smells to Curriculum Interventions: Clean Code Deficiencies in Undergraduate Software Engineering Projects,Stapic Z.,2026,2026 49th Mipro ICT and Electronics Convention Mipro 2026 Proceedings,10.1109/MIPRO70003.2026.11591594,https://www.scopus.com/inward/record.uri?partnerID=HzOxMe3b&scp=105046237049&origin=inward,qualifies-claim,,scopus,llm,0.740,unreviewed,,doi:10.1109/mipro70003.2026.11591594
discarded,Development and Classroom Evaluation of a Static-Assessment Programming Practice Platform: Scaffolding Intensity and Subsequent-Task Performance,Jeon J.,2026,IEEE Access,10.1109/ACCESS.2026.3686194,https://www.scopus.com/inward/record.uri?partnerID=HzOxMe3b&scp=105036572975&origin=inward,adjacent-subtopic,,scopus,llm,0.780,unreviewed,,doi:10.1109/access.2026.3686194
discarded,Personalized learning path optimization based on enhanced deep neural network: higher education teaching model integrating learner behavior and cognitive style,Ding X.,2025,Discover Artificial Intelligence,10.1007/s44163-025-00467-7,https://www.scopus.com/inward/record.uri?partnerID=HzOxMe3b&scp=105012922934&origin=inward,off-topic-false-hit,,scopus,llm,0.980,unreviewed,,doi:10.1007/s44163-025-00467-7
discarded,Validating the Effectiveness of CAE Visualization Teaching in Enhancing Students' Practical and Innovative Skills Using the Random Forest Algorithm,Liang X.,2025,Proceedings of 2025 International Conference on Simulation Modeling and Big Data Smbd 2025,10.1145/3768740.3768759,https://www.scopus.com/inward/record.uri?partnerID=HzOxMe3b&scp=105023382588&origin=inward,off-topic-false-hit,,scopus,llm,0.980,unreviewed,,doi:10.1145/3768740.3768759
discarded,Automatically Generating Questions About Scratch Programs,Obermüller F.,2025,Comped 2025 Proceedings of the ACM Global Computing Education Conference 2025,10.1145/3736181.3747131,https://www.scopus.com/inward/record.uri?partnerID=HzOxMe3b&scp=105021398057&origin=inward,adjacent-subtopic,,scopus,llm,0.830,unreviewed,,doi:10.1145/3736181.3747131
discarded,Autograding of Computer Programs,Sudhakar Reddy C.,2025,Lecture Notes in Electrical Engineering,10.1007/978-981-97-8043-3_176,https://www.scopus.com/inward/record.uri?partnerID=HzOxMe3b&scp=85208177022&origin=inward,adjacent-subtopic,,scopus,llm,0.840,unreviewed,,doi:10.1007/978-981-97-8043-3_176
kept,A Retrospective Study to Understand Student Coding Style Quality via Static Analysis,Pereira F.T.S.S.,2025,Proceedings Frontiers in Education Conference Fie,10.1109/FIE63693.2025.11328179,https://www.scopus.com/inward/record.uri?partnerID=HzOxMe3b&scp=105033029371&origin=inward,qualifies-claim,,scopus,llm,0.880,unreviewed,,doi:10.1109/fie63693.2025.11328179
discarded,Pedalogical: Feedback Tool to Reduce Software Vulnerabilities in Non-Security Computer Science Courses,Sanders A.,2025,Proceedings Frontiers in Education Conference Fie,10.1109/FIE63693.2025.11328325,https://www.scopus.com/inward/record.uri?partnerID=HzOxMe3b&scp=105032991950&origin=inward,adjacent-subtopic,,scopus,llm,0.830,unreviewed,,doi:10.1109/fie63693.2025.11328325
discarded,Teaching Code Refactoring using LLMs,Khairnar A.,2025,Proceedings Frontiers in Education Conference Fie,10.1109/FIE63693.2025.11328650,https://www.scopus.com/inward/record.uri?partnerID=HzOxMe3b&scp=105033067727&origin=inward,adjacent-subtopic,,scopus,llm,0.800,unreviewed,,doi:10.1109/fie63693.2025.11328650
discarded,CodeMaster - Automatic Assessment and Grading of App Inventor and Snap! Programs,Christiane Gresse von Wangenheim; Jean Carlo Rossa Hauck; Matheus Faustino DEMETRIO; Rafael Pelle; Nathalia da Cruz Alves; Heliziane Barbosa; Luiz Felipe Azevedo,2018,Informatics in Education,10.15388/infedu.2018.08,https://openalex.org/W2799461297,adjacent-subtopic,"The development of computational thinking is a major topic in K-12 education. Many of these experiences focus on teaching programming using block-based languages. As part of these activities, it is important for students to receive feedback on their assignments. Yet, in practice it may be difficult to provide personalized, objective and consistent feedback. In this context, automatic assessment and grading has become important. While there exist diverse graders for text-based languages, support for block-based programming languages is still scarce. This article presents CodeMaster, a free web application that in a problem-based learning context allows to automatically assess and grade projects programmed with App Inventor and Snap!. It uses a rubric measuring computational thinking based on a static code analysis. Students can use the tool to get feedback to encourage them to improve their programming competencies. It can also be used by teachers for assessing whole classes easing their workload.",openalex,llm,0.880,unreviewed,,doi:10.15388/infedu.2018.08
discarded,Rethinking computer science education from a test-first perspective,Stephen H. Edwards,2003,,10.1145/949344.949390,https://openalex.org/W1988063143,adjacent-subtopic,"Despite our best efforts and intentions as educators, student programmers continue to struggle in acquiring comprehension and analysis skills. Students believe that once a program runs on sample data, it is correct; most programming errors are reported by the compiler; when a program misbehaves, shuffling statements and tweaking expressions to see what happens is the best debugging approach. This paper presents a new vision for computer science education centered around the use of test-driven development in all programming assignments, from the beginning of CS1. A key element to the strategy is comprehensive, automated evaluation of student work, in terms of correctness, the thoroughness and validity of the student's tests, and an automatic coding style assessment performed using industrial-strength tools. By systematically applying the strategy across the curriculum as part of a student's regular programming activities, and by providing rapid, concrete, useful feedback that students find valuable, it is possible to induce a cultural shift in how students behave.",openalex,llm,0.840,unreviewed,,doi:10.1145/949344.949390
discarded,"ChatGPT for Education and Research: Opportunities, Threats, and Strategies",Md. Mostafizer Rahman; Yutaka Watanobe,2023,Applied Sciences,10.3390/app13095783,https://openalex.org/W4381982883,adjacent-subtopic,"In recent years, the rise of advanced artificial intelligence technologies has had a profound impact on many fields, including education and research. One such technology is ChatGPT, a powerful large language model developed by OpenAI. This technology offers exciting opportunities for students and educators, including personalized feedback, increased accessibility, interactive conversations, lesson preparation, evaluation, and new ways to teach complex concepts. However, ChatGPT poses different threats to the traditional education and research system, including the possibility of cheating on online exams, human-like text generation, diminished critical thinking skills, and difficulties in evaluating information generated by ChatGPT. This study explores the potential opportunities and threats that ChatGPT poses to overall education from the perspective of students and educators. Furthermore, for programming learning, we explore how ChatGPT helps students improve their programming skills. To demonstrate this, we conducted different coding-related experiments with ChatGPT, including code generation from problem descriptions, pseudocode generation of algorithms from texts, and code correction. The generated codes are validated with an online judge system to evaluate their accuracy. In addition, we conducted several surveys with students and teachers to find out how ChatGPT supports programming learning and teaching. Finally, we present the survey results and analysis.",openalex,llm,0.860,unreviewed,,doi:10.3390/app13095783
discarded,A semi-automated approach to online assessment,David K. Jackson,2000,,10.1145/343048.343160,https://openalex.org/W1981006850,adjacent-subtopic,"Desirable though fully automated assessment of student programming assignments is, it is an area that is beset by difficulties. While it is not contested that some aspects of assessment can be performed much more efficiently and accurately by computer, there are many others that still require human involvement. We have therefore designed a system that combines the strengths of the two approaches, the assessment software calling upon the skills of the human tutor where necessary to make sensible judgements. The technique has been used successfully on a systems programming course for several years, and student feedback has been supportive.",openalex,llm,0.840,unreviewed,,doi:10.1145/343048.343160
discarded,Building a Comprehensive Automated Programming Assessment System,Igor Mekterović; Ljiljana Brkić; Boris Milašinović; Mirta Baranović,2020,IEEE Access,10.1109/access.2020.2990980,https://openalex.org/W3022044005,adjacent-subtopic,"Automated Programming Assessment Systems (APAS) are used for overcoming problems associated with manually managed programming assignments, such as objective and efficient assessing in large classes and providing timely and helpful feedback. In this paper we survey the literature and software in this field and identify the set of necessary features that make APAS comprehensive - such that it can support all key stages in the assessment process. Put differently, comprehensive APAS is generic enough to meet the demands of “any” computer science course. Despite the vast number of publications, the choice of software turns out to be very limited. We contribute by developing Edgar, a comprehensive open-source APAS which, to the best of our knowledge, exceeds any other similar free and/or open-source tool. Edgar is the result of three years of development and usage in, for the time being, eight courses dealing with various programming languages and paradigms (C, Java, SQL, etc.). Edgar supports various text-based programming languages, multi-correct multiple-choice questions, provides rich exam logging and monitoring infrastructure to prevent potential fraudulent behaviour, and subsequent data analysis and visualization of students' scores, exams, question quality, etc. It can be deployed on all major operating systems and is written in a modular fashion so that it can be adjusted and scaled to a custom fit. We comment on the architecture and present data from real-world use-cases to support these claims. Edgar is in active use today (1000+ students per semester) and it is being constantly developed with new features.",openalex,llm,0.860,unreviewed,,doi:10.1109/access.2020.2990980
discarded,Automatic assessment aids for Pascal programs,Michael Rees,1982,ACM SIGPLAN Notices,10.1145/948086.948088,https://openalex.org/W1973423365,adjacent-subtopic,"Practical programming courses in the Pascal Language inevitably include the need to assess programs submitted by the students. Part of this assessment usually involves awarding marks for the style of the program listing. The philosophy behind a program designed to asses the style of Pascal programs and award marks automatically is presented. The results obtained on actual student courses are discussed, and some extensions which could lead to further assessment aids are suggested.",openalex,llm,0.900,unreviewed,,doi:10.1145/948086.948088
discarded,Automatic programming assessment,Sheung-Lun Hung; Iam-For Kwok; Raymond Chan,1993,Computers & Education,10.1016/0360-1315(93)90086-x,https://openalex.org/W2004260052,adjacent-subtopic,,openalex,llm,0.790,unreviewed,,doi:10.1016/0360-1315(93)90086-x
discarded,Drop Project: An automatic assessment tool for programming assignments,Bruno Pereira Cipriano; Nuno Fachada; Pedro Alves,2022,SoftwareX,10.1016/j.softx.2022.101079,https://openalex.org/W4224256078,adjacent-subtopic,"Automated assessment tools (AATs) are software systems used in teaching environments to automate the evaluation of computer programs implemented by students. These tools can be used to stimulate the interest of computer science students in programming courses by providing quick feedback on their work and highlighting their mistakes. Despite the abundance of such tools, most of them are developed for a specific course and are not production-ready. Others lack advanced features that are required for certain pedagogical goals (e.g. Git integration) and/or are not flexible enough to be used with students having different computer literacy levels, such as first year and second year students. In this paper we present Drop Project (DP), an automated assessment tool built on top of the Maven build automation software. We have been using DP in our teaching activity since 2018, having received more than fifty thousand submissions between projects, classroom exercises, tests and homework assignments. The tool's automated feedback has allowed us to raise the difficulty level of the course's projects, while the grading process has become more efficient and consistent between different teachers. DP is an extensively tested, production-ready tool. The software's code and documentation are available in GitHub under an open-source software license.",openalex,llm,0.860,unreviewed,,doi:10.1016/j.softx.2022.101079
discarded,A new marking technique in semi-automated assessment,Selim Buyrukoglu; Firat Batmaz; Russell Lock,2017,2017 12th International Conference on Computer Science and Education (ICCSE),10.1109/ICCSE.2017.8085551,https://ieeexplore.ieee.org/document/8085551/,adjacent-subtopic,"The number of students learning programming languages in higher education and secondary schools has substantially increased, especially in the last decade. The increasing number of (novice) programmers makes code script assessment more important. Thus, this study proposes a new marking technique based on a semi-automated assessment approach. It advocates providing detailed and consistent feedback for novice programmers based on formative assessment. An experiment was carried out to check the feasibility of the proposed marking technique. The initial results and findings show that this is a potentially valuable approach.",ieee,llm,0.830,unreviewed,,doi:10.1109/iccse.2017.8085551
kept,Promoting Code Quality via Automated Feedback on Student Submissions,Oscar Karnalim; Simon,2021,2021 IEEE Frontiers in Education Conference (FIE),10.1109/FIE49875.2021.9637193,https://ieeexplore.ieee.org/document/9637193/,supports-claim,"This research-to-practice work-in-progress paper presents an automated feedback tool that can be used in many teaching environments by integrating it with a web-based assessment submission system. Each time a student submits their work, they will automatically get feedback about aspects of the code quality. Automated feedback tools have been developed to educate students about code quality. However, integrating such a tool into an existing teaching environment can be challenging as these tools can depend on particular working environments, can be separate from the assessment submission system, or can require historical data. Our initial evaluation shows that the tool can be helpful as students do sometimes neglect to satisfy all code quality requirements. However, some false results are expected for spelling correction as student programs are not written in natural language. According to our quasi-experiments, the tool substantially reduces the number of word misspellings in comments due to their substantial frequency of occurrence.",ieee,llm,0.830,unreviewed,,doi:10.1109/fie49875.2021.9637193
discarded,Quantitative Evaluation of Student Engagement in a Large-Scale Introduction to Programming Course using a Cloud-based Automatic Grading System,Narges Norouzi; Ryan Hausen,2018,2018 IEEE Frontiers in Education Conference (FIE),10.1109/FIE.2018.8658833,https://ieeexplore.ieee.org/document/8658833/,adjacent-subtopic,"In this WIP Research to Practice paper, we explored the impact of integrating the university's learning management system and an automatic grading system in delivering a large-scale introduction to programming course in 2 consecutive quarters. Our initial approach utilizes an on-demand standalone automatic grading system and a separate assignment submission portal on Canvas. After evaluating our performance and specific student feedback, we integrated the assignment submission portal with the autograder system to provide a real-time objective assessment of assignments.The main improvement after enforcing assignment submission through the autograder (Stepik) was the noticeable improvement in the class average of assignment scores by 20.5% even though most of the test cases were hidden. Another interesting observation was the effect of our approach in decreasing the DFW rate to 12.5% from 46% and a considerable increase in the passing rate of female students, by 22%. We also noticed that in the second iteration of the course students who took the course as an elective were able to perform comparably and even better than students who took it as a requirement. It is also worth mentioning that using autograder helped students increase their code quality.",ieee,llm,0.830,unreviewed,,doi:10.1109/fie.2018.8658833
discarded,Design Principles for Generating and Presenting Automated Formative Feedback on Code Quality Using Software Metrics,Eddy Van Den Aker; Ebrahim Rahimi,2024,2024 IEEE/ACM 46th International Conference on Software Engineering: Software Engineering Education and Training (ICSE-SEET),10.1145/3639474.3640051,https://ieeexplore.ieee.org/document/10554701/,adjacent-subtopic,"Code quality and maintainability are among under-emphasized and often neglected topics in the curriculum of software engineering (SE) in higher education.This neglect tends to overlook research findings that demonstrate SE students' programming submissions most often exhibit severe code quality issues, which are frequently left unaddressed by the students.Furthermore, it can result in the software engineering curriculum becoming indifferent to the essential requirements of the software development industry, where code quality and maintainability play a crucial role in the software's cost throughout its life cycle. Therefore, SE students in higher education should be trained to master the knowledge and skills of writing high-quality code. One possible approach to improving students' understanding of code quality issues is to provide automatically generated formative feedback about the code quality aspects of their programming submissions throughout the code development process. However, while there are tools available for generating automated feedback on the code quality aspects of programming submissions, they often lack a set of theory-driven design principles to underpin the content and presentation of their provided feedback. This lack of theoretical foundation makes it difficult to follow a systematic approach to designing and developing such tools, reasoning about their quality, and evaluating the effectiveness of their generated feedback. To address this lack, this study provides nine contextualized design principles for generating automated formative feedback on code quality. These design principles are rooted in solid educational constructs about feedback and learning dashboards, and empirically validated and contextualized by two focus group sessions consisting of 8 senior SE students and 2 teachers. This approach has resulted in a set of contextualized design principles. These design principles can be used to guide the implementation of tools that provide automated feedback on code quality using software metrics.",ieee,llm,0.880,unreviewed,,doi:10.1145/3639474.3640051
