status,title,authors,year,venue,doi,url,tags,abstract,provider,decision_source,llm_confidence,llm_review_outcome,llm_change_direction,paper_id
kept,Static Analyses in Python Programming Courses,David Liu; Andrew Petersen,2019,,10.1145/3287324.3287503,https://openalex.org/W2916351062,qualifies-claim,"Students learning to program often rely on feedback from the compiler and from instructor-provided test cases to help them identify errors in their code. This feedback focuses on functional correctness, and the output, which is often phrased in technical language, may be difficult to for novices to understand or effectively use. Static analyses may be effective as a complementary aid, as they can highlight common errors that may be potential sources of problems. In this paper, we introduce PyTA, a wrapper for pylint that provides custom checks for common novice errors as well as improved messages to help students fix the errors that are found. We report on our experience integrating PyTA into an existing online system used to deliver programming exercises to CS1 students and evaluate it by comparing exercise submissions collected from the integrated system to previously collected data. This analysis demonstrates that, for students who chose to read the PyTA output, we observed a decrease in time to solve errors, occurrences of repeated errors, and submissions to complete a programming problem. This suggests that PyTA, and static analyses in general, may help students identify functional issues in their code not highlighted by compiler feedback and that static analysis output may help students more quickly identify debug their code.",openalex,llm,0.800,unreviewed,,doi:10.1145/3287324.3287503
discarded,Feedback-Generation for Programming Exercises With GPT-4,Imen Azaiz; Natalie Kiesler; Sven Strickroth,2024,,10.1145/3649217.3653594,https://openalex.org/W4392617381,adjacent-subtopic,"Ever since Large Language Models (LLMs) and related applications have become broadly available, several studies investigated their potential for assisting educators and supporting students in higher education. LLMs such as Codex, GPT-3.5, and GPT 4 have shown promising results in the context of large programming courses, where students can benefit from feedback and hints if provided timely and at scale. This paper explores the quality of GPT-4 Turbo's generated output for prompts containing both the programming task specification and a student's submission as input. Two assignments from an introductory programming course were selected, and GPT-4 was asked to generate feedback for 55 randomly chosen, authentic student programming submissions. The output was qualitatively analyzed regarding correctness, personalization, fault localization, and other features identified in the material. Compared to prior work and analyses of GPT-3.5, GPT-4 Turbo shows notable improvements. For example, the output is more structured and consistent. GPT-4 Turbo can also accurately identify invalid casing in student programs' output. In some cases, the feedback also includes the output of the student program. At the same time, inconsistent feedback was noted such as stating that the submission is correct but an error needs to be fixed. The present work increases our understanding of LLMs' potential, limitations, and how to integrate them into e-assessment systems, pedagogical scenarios, and instructing students who are using applications based on GPT-4.",openalex,llm,0.840,unreviewed,,doi:10.1145/3649217.3653594
kept,A Static Analysis Tool in CS1: Student Usage and Perceptions of PythonTA,David Liu; Jonathan Calver; Michelle Craig,2024,,10.1145/3636243.3636262,https://openalex.org/W4390490588,supports-claim,"Static analysis tools help programmers write better code. In computer science education, such tools can help students identify common style and coding errors, and lead students to fixing them. However, static analysis tools should be deployed in the classroom with care, so that all students—especially novice programmers—are empowered to act on the feedback they receive from these tools. For the past several years, our department has been integrating PythonTA, an educational static analysis tool, into a large CS1 course to provide students regular formative feedback and as part of the grading of programming assignments. This paper reports on a study of over 800 students conducted in the September 2022 offering of this course. Using both quantitative and qualitative methods, we investigate how students used PythonTA and their perceptions of its helpfulness. Overall, students across all levels of prior programming experience report that this static analysis tool was helpful. Though students with prior experience reported being more confident using the tool than novice programmers, this gap in confidence shrank over the semester. A thematic analysis of student comments on PythonTA found that many students appreciated the tool for improving the quality of their code and their own programming habits, but others responded more negatively, including mentioning frustration or confusion caused by PythonTA’s error messages. We discuss our findings and provide recommendations for educators considering the adoption of static analysis tools in their classrooms.",openalex,llm,0.780,unreviewed,,doi:10.1145/3636243.3636262
discarded,Assessing student perceptions and use of instructor versus AI ‐generated feedback,Erkan Er; Gökhan Akçapınar; Alper Bayazıt; Omid Noroozi; Seyyed Kazem Banihashem,2024,British Journal of Educational Technology,10.1111/bjet.13558,https://openalex.org/W4405868861,adjacent-subtopic,"Abstract Despite the growing research interest in the use of large language models for feedback provision, it still remains unknown how students perceive and use AI‐generated feedback compared to instructor feedback in authentic settings. To address this gap, this study compared instructor and AI‐generated feedback in a Java programming course through an experimental research design where students were randomly assigned to either condition. Both feedback providers used the same assessment rubric, and students were asked to improve their work based on the feedback. The feedback perceptions scale and students' laboratory assignment scores were compared in both conditions. Results showed that students perceived instructor feedback as significantly more useful than AI feedback. While instructor feedback was also perceived as more fair, developmental and encouraging, these differences were not statistically significant. Importantly, students receiving instructor feedback showed significantly greater improvements in their lab scores compared to those receiving AI feedback, even after controlling for their initial knowledge levels. Based on the findings, we posit that AI models potentially need to be trained on data specific to educational contexts and hybrid feedback models that combine AI's and instructors' strengths should be considered for effective feedback practices. Practitioner notes What is already known about this topic Feedback is crucial for student learning in programming education. Providing detailed personalised feedback is challenging for instructors. AI‐powered solutions like ChatGPT can be effective in feedback provision. Existing research is limited and shows mixed results about AI‐generated feedback. What this paper adds The effectiveness of AI‐generated feedback was compared to instructor feedback. Both feedback types received positive perceptions, but instructor feedback was seen as more useful. Instructor feedback led to greater score improvements in the programming task. Implications for practice and/or policy AI should not be the sole source of feedback, as human expertise is crucial. AI models should be trained on context‐specific data to improve feedback actionability. Hybrid feedback models should be considered for a scalable and effective approach.",openalex,llm,0.850,unreviewed,,doi:10.1111/bjet.13558
discarded,DeBERTaV3: Improving DeBERTa using ELECTRA-Style Pre-Training with Gradient-Disentangled Embedding Sharing,Pengcheng He; Jianfeng Gao; Weizhu Chen,2021,arXiv (Cornell University),10.48550/arxiv.2111.09543,https://openalex.org/W3211686893,off-topic-false-hit,"This paper presents a new pre-trained language model, DeBERTaV3, which improves the original DeBERTa model by replacing mask language modeling (MLM) with replaced token detection (RTD), a more sample-efficient pre-training task. Our analysis shows that vanilla embedding sharing in ELECTRA hurts training efficiency and model performance. This is because the training losses of the discriminator and the generator pull token embeddings in different directions, creating the ""tug-of-war"" dynamics. We thus propose a new gradient-disentangled embedding sharing method that avoids the tug-of-war dynamics, improving both training efficiency and the quality of the pre-trained model. We have pre-trained DeBERTaV3 using the same settings as DeBERTa to demonstrate its exceptional performance on a wide range of downstream natural language understanding (NLU) tasks. Taking the GLUE benchmark with eight tasks as an example, the DeBERTaV3 Large model achieves a 91.37% average score, which is 1.37% over DeBERTa and 1.91% over ELECTRA, setting a new state-of-the-art (SOTA) among the models with a similar structure. Furthermore, we have pre-trained a multi-lingual model mDeBERTa and observed a larger improvement over strong baselines compared to English models. For example, the mDeBERTa Base achieves a 79.8% zero-shot cross-lingual accuracy on XNLI and a 3.6% improvement over XLM-R Base, creating a new SOTA on this benchmark. We have made our pre-trained models and inference code publicly available at https://github.com/microsoft/DeBERTa.",openalex,llm,0.980,unreviewed,,doi:10.48550/arxiv.2111.09543
discarded,Styler: learning formatting conventions to repair Checkstyle violations,Benjamin Loriot; Fernanda Madeiral; Martin Monperrus,2022,Empirical Software Engineering,10.1007/s10664-021-10107-0,https://openalex.org/W4289977462,adjacent-subtopic,"Abstract Ensuring the consistent usage of formatting conventions is an important aspect of modern software quality assurance. To do so, the source code of a project should be checked against the formatting conventions (or rules) adopted by its development team, and then the detected violations should be repaired if any. While the former task can be automatically done by format checkers implemented in linters, there is no satisfactory solution for the latter. Manually fixing formatting convention violations is a waste of developer time and code formatters do not take into account the conventions adopted and configured by developers for the used linter. In this paper, we present Styler, a tool dedicated to fixing formatting rule violations raised by format checkers using a machine learning approach. For a given project, Styler first generates training data by injecting violations of the project-specific rules in violation-free source code files. Then, it learns fixes by feeding long short-term memory neural networks with the training data encoded into token sequences. Finally, it predicts fixes for real formatting violations with the trained models. Currently, Styler supports a single checker, Checkstyle, which is a highly configurable and popular format checker for Java. In an empirical evaluation, Styler repaired 41% of 26,791 Checkstyle violations mined from 104 GitHub projects. Moreover, we compared Styler with the IntelliJ plugin CheckStyle-IDEA and the machine-learning-based code formatters Naturalize and CodeBuff. We found out that Styler fixes violations of a diverse set of Checkstyle rules (24/25 rules), generates smaller repairs in comparison to the other systems, and predicts repairs in seconds once trained on a project. Through a manual analysis, we identified cases in which Styler does not succeed to generate correct repairs, which can guide further improvements in Styler. Finally, the results suggest that Styler can be useful to help developers repair Checkstyle formatting violations.",openalex,llm,0.940,unreviewed,,doi:10.1007/s10664-021-10107-0
discarded,Towards crowdsourced large-scale feedback for novice programmers,Michelle Ichinco,2014,2014 IEEE Symposium on Visual Languages and Human-Centric Computing (VL/HCC),10.1109/VLHCC.2014.6883049,https://ieeexplore.ieee.org/document/6883049/,adjacent-subtopic,"I propose a crowdsourced large-scale feedback system for novice programmers powered by experienced programmers, or code reviewers (who I will refer to as “reviewers”). Reviewers have two jobs: making suggestions to improve novice programs and authoring rules that generalize when a program should receive their suggestion. A rule is a heuristic program that can be run on a novice program to determine whether the system should present the suggestion to the novice programmer. For example, imagine a novice program that contains a certain method call repeated three times in a row. A reviewer might suggest to improve the program by replacing the three identical method calls with a loop. The reviewer would then author a rule that checks whether code in other novice programs also contains repeated lines of code. If the rule determines that a novice program does have repeated code, the system would present the suggestion to the novice programmer to use a loop by showing an example of correct loop usage.",ieee,llm,0.840,unreviewed,,doi:10.1109/vlhcc.2014.6883049
discarded,A tool for authoring programs that automatically distribute feedback to novice programmers,Michelle Ichinco; Yoanna Dosouto; Caitlin Kelleher,2014,2014 IEEE Symposium on Visual Languages and Human-Centric Computing (VL/HCC),10.1109/VLHCC.2014.6883058,https://ieeexplore.ieee.org/document/6883058/,adjacent-subtopic,"One way to provide feedback to independent novice programmers is by leveraging experienced programmers as code reviewers. To provide this feedback at a large scale, experienced programmers can author heuristic programs, or rules, that automatically determine whether a novice program should receive certain feedback. This work presents the lessons learned from designing a tool to enable rule authoring.",ieee,llm,0.840,unreviewed,,doi:10.1109/vlhcc.2014.6883058
discarded,Static analysis of source code written by novice programmers,Tomche Delev; Dejan Gjorgjevikj,2017,2017 IEEE Global Engineering Education Conference (EDUCON),10.1109/EDUCON.2017.7942942,https://ieeexplore.ieee.org/document/7942942/,adjacent-subtopic,"In this paper we are reporting the finding on the use of a static analysis of C source code written by students learning to program. Two different tools for static code analysis were used to analyze the solutions submitted by the students on the partial exams and exams from the introductory course in programming in a three year period. We have collected, analyzed and compared most common errors reported by both tools. We further investigate if the available checks provided by these tools, often used in professional software development practices to find bugs and improve the code quality, can also help novice programmers in tracking down and resolving their problems in the code or have any other value in the process of learning programming.",ieee,llm,0.870,unreviewed,,doi:10.1109/educon.2017.7942942
discarded,End-to-End Automation of Feedback on Student Assembly Programs,Zikai Liu; Tingkai Liu; Qi Li; Wenqing Luo; Steven S. Lumetta,2021,2021 36th IEEE/ACM International Conference on Automated Software Engineering (ASE),10.1109/ASE51524.2021.9678837,https://ieeexplore.ieee.org/document/9678837/,adjacent-subtopic,"We developed a set of tools designed to provide rapid feedback to students as they learn to write programs in assembly language (LC-3, a RISC-like educational instruction set architecture). At the heart of the system is an extended version of KLEE, KLC3, that enables us to both identify issues and perform equivalence checking between student code and a gold (correct) version of each assignment. Feedback begins when students edit their code using a VSCode extension that leverages static analysis to perform a variety of correctness and style checks, encouraging students to improve their code quality. Each time a student commits code to their Git repository, our system triggers. Using KLC3 (KLEE), the student code is executed along with the gold version, and issues and behavioral differences are delivered back to the student through their Git repository as a human-readable report, test cases, and scripts. A queueing system allows students to monitor progress, but responses are generally available within minutes. We also extended the LC-3 simulation tools to support reverse debugging, making the process of finding complex bugs much more tractable for students, and used Emscripten to develop a browser-based interface for use in testing and debugging. Finally, our system maintains an individual regression test suite for each student and requires a submission to pass all previous tests before re-evaluation in KLC3, thus avoiding encouraging programming-by-guesswork. We deployed the system to provide feedback for the assembly programming assignments in a class of over 100 students in Fall 2020. Students wrote a median of around 700 lines of assembly for these assignments, making heavy use of our tools to understand and eliminate their bugs. Anonymous student feedback on the tools was uniformly positive. Since that semester, we have continued to refine and expand our tools’ analysis capabilities and performance, and plan to deploy the system again in the near future (the class is offered every Fall).",ieee,llm,0.870,unreviewed,,doi:10.1109/ase51524.2021.9678837
discarded,Software Analytics to Support Students in Object-Oriented Programming Tasks: An Empirical Study,Pasquale Ardimento; Mario Luca Bernardi; Marta Cimitile,2020,IEEE Access,10.1109/ACCESS.2020.3010172,https://ieeexplore.ieee.org/document/9143077/,adjacent-subtopic,"The computing education community has shown a long-time interest in how to analyze the Object-Oriented (OO) source code developed by students to provide them with useful formative tips. Instructors need to understand the student's difficulties to provide precise feedback on most frequent mistakes and to shape, design and effectively drive the course. This paper proposes and evaluates an approach allowing to analyze student's source code and to automatically generate feedback about the more common violations of the produced code. The approach is implemented through a cloud-based tool allowing to monitor how students use language constructs based on the analysis of the most common violations of the Object-Oriented paradigm in the student source code. Moreover, the tool supports the generation of reports about student's mistakes and misconceptions that can be used to improve the students' education. The paper reports the results of a quasi-experiment performed in a class of a CS1 course to investigate the effects of the provided reports in terms of coding ability (concerning the correctness and the quality of the produced source code). Results show that after the course the treatment group obtained higher scores and produced better source code than the control group following the feedback provided by the teachers.",ieee,llm,0.840,unreviewed,,doi:10.1109/access.2020.3010172
discarded,Will you Trust me More Than Chatgpt? Evaluating LLM-Generated Code Feedback for Mock Technical Interviews,Swanand Vaishampayan; Chris Brown,2025,2025 IEEE/ACM 18th International Conference on Cooperative and Human Aspects of Software Engineering (CHASE),10.1109/CHASE66643.2025.00018,https://ieeexplore.ieee.org/document/11024488/,adjacent-subtopic,"Technical interviews are an opportunity for candidates to showcase their technical proficiency to employers. Despite social aspects of tech interviews, preparation for these assessments is often done in isolation. Cooperative preparation methods, such as mock interviews—or simulated interviews between peers—can provide useful feedback and reveal candidates' technical deficiencies. However, this process is rarely used by candidates in practice. Further, current technical interviews lack authentic feedback for candidates on technical evaluation criteria, such as code correctness, optimality, and complexity. To resolve this, we designed a website to facilitate mock technical interviews and provide users with LLM-generated feedback on code using ChatGPT. We devised a between-subjects study with 46 participants across two settings: human-administered (a live human sharing generated feedback) and automated (direct LLMgenerated feedback). Our results show that candidates perceive coding feedback as useful—however, we found participants regard automated feedback as less trustworthy compared to feedback provided by humans. In light of our findings, we discuss implications and guidelines for incorporating trustworthy AI in technical interview feedback systems.",ieee,llm,0.840,unreviewed,,doi:10.1109/chase66643.2025.00018
