status,title,authors,year,venue,doi,url,tags,abstract,provider,decision_source,llm_confidence,llm_review_outcome,llm_change_direction,paper_id
kept,Tool assisted identifier naming for improved software readability: an empirical study,P.A. Relf,2005,"2005 International Symposium on Empirical Software Engineering, 2005.",10.1109/ISESE.2005.1541814,https://ieeexplore.ieee.org/document/1541814/,supports-claim,"This paper describes an empirical study investigating whether programmers improve the readability of their source code if they have support from a source code editor that offers dynamic feedback on their identifier naming practices. An experiment, employing both students and professional software engineers, and requiring the maintenance and production of software, demonstrated a statistically significant improvement in source code readability over that of the control.",ieee,llm,0.990,unreviewed,,doi:10.1109/isese.2005.1541814
discarded,Concise and consistent naming [software system identifier naming],F. Deissenbock; M. Pizka,2005,13th International Workshop on Program Comprehension (IWPC'05),10.1109/WPC.2005.14,https://ieeexplore.ieee.org/document/1421019/,adjacent-subtopic,"Approximately 70% of the source code of a software system consists of identifiers. Hence, the names chosen as identifiers are of paramount importance for the readability of computer programs and therewith their comprehensibility. However, virtually every programming language allows programmers to use almost arbitrary sequences of characters as identifiers which far too often results in more or less meaningless or even misleading naming. Coding style guides address this problem but are usually limited to general and hard to enforce rules like ""identifiers should be self-describing"". This paper renders adequate identifier naming far more precisely. A formal model, based on bijective mappings between concepts and names, provides a solid foundation for the definition of precise rules for concise and consistent naming. The enforcement of these rules is supported by a tool that incrementally builds and maintains a complete identifier dictionary while the system is being developed. The identifier dictionary explains the language used in the software system, aids in consistent naming, and improves productivity of programmers by proposing suitable names depending on the current context.",ieee,llm,0.910,unreviewed,,doi:10.1109/wpc.2005.14
kept,Descriptive Compound Identifier Names Improve Source Code Comprehension,Andrea Schankin; Annika Berger; Daniel V. Holt; Johannes C. Hofmeister; Till Riedel; Michael Beigl,2018,2018 IEEE/ACM 26th International Conference on Program Comprehension (ICPC),,https://ieeexplore.ieee.org/document/8973056/,supports-claim,"Reading and understanding source code is a major task in software development. Code comprehension depends on the quality of code, which is impacted by code structure and identifier naming. In this paper we empirically investigated whether longer but more descriptive identifier names improve code comprehension compared to short names, as they represent useful information in more detail. In a web-based study 88 Java developers were asked to locate a semantic defect in source code snippets. With descriptive identifier names, developers spent more time in the lines of code before the actual defect occurred and changed their reading direction less often, finding the semantic defect about 14% faster than with shorter but less descriptive identifier names. These effects disappeared when developers searched for a syntax error, i.e., when no in-depth understanding of the code was required. Interestingly, the style of identifier names had a clear impact on program comprehension for more experienced developers but not for less experienced developers.",ieee,llm,1.000,unreviewed,,hash:01a938260e0d42e9
discarded,Exploring Large Language Models for Analyzing and Improving Method Names in Scientific Code,Gunnar Larsen; Carol Wong; Anthony Peruma,2025,cs.SE,10.48550/arXiv.2507.16439,http://arxiv.org/abs/2507.16439v1,adjacent-subtopic,"Research scientists increasingly rely on implementing software to support their research. While previous research has examined the impact of identifier names on program comprehension in traditional programming environments, limited work has explored this area in scientific software, especially regarding the quality of method names in the code. The recent advances in Large Language Models (LLMs) present new opportunities for automating code analysis tasks, such as identifier name appraisals and recommendations. Our study evaluates four popular LLMs on their ability to analyze grammatical patterns and suggest improvements for 496 method names extracted from Python-based Jupyter Notebooks. Our findings show that the LLMs are somewhat effective in analyzing these method names and generally follow good naming practices, like starting method names with verbs. However, their inconsistent handling of domain-specific terminology and only moderate agreement with human annotations indicate that automated suggestions require human evaluation. This work provides foundational insights for improving the quality of scientific code through AI automation.",arxiv,llm,0.890,unreviewed,,doi:10.48550/arxiv.2507.16439
discarded,On the Effect of Semantically Enriched Context Models on Software Modularization,Amir Saeidi; Jurriaan Hage; Ravi Khadka; Slinger Jansen,2017,cs.SE,10.22152/programming-journal.org/2018/2/2,http://arxiv.org/abs/1708.01680v1,adjacent-subtopic,"Many of the existing approaches for program comprehension rely on the linguistic information found in source code, such as identifier names and comments. Semantic clustering is one such technique for modularization of the system that relies on the informal semantics of the program, encoded in the vocabulary used in the source code. Treating the source code as a collection of tokens loses the semantic information embedded within the identifiers. We try to overcome this problem by introducing context models for source code identifiers to obtain a semantic kernel, which can be used for both deriving the topics that run through the system as well as their clustering. In the first model, we abstract an identifier to its type representation and build on this notion of context to construct contextual vector representation of the source code. The second notion of context is defined based on the flow of data between identifiers to represent a module as a dependency graph where the nodes correspond to identifiers and the edges represent the data dependencies between pairs of identifiers. We have applied our approach to 10 medium-sized open source Java projects, and show that by introducing contexts for identifiers, the quality of the modularization of the software systems is improved. Both of the context models give results that are superior to the plain vector representation of documents. In some cases, the authoritativeness of decompositions is improved by 67%. Furthermore, a more detailed evaluation of our approach on JEdit, an open source editor, demonstrates that inferred topics through performing topic analysis on the contextual representations are more meaningful compared to the plain representation of the documents. The proposed approach in introducing a context model for source code identifiers paves the way for building tools that support developers in program comprehension tasks such as application and domain concept location, software modularization and topic analysis.",arxiv,llm,0.950,unreviewed,,doi:10.22152/programming-journal.org/2018/2/2
discarded,Rename Chains: An Exploratory Study on the Occurrence and Characteristics of Identifiers Undergoing Multiple Renamings,Anthony Peruma; Christian D. Newman,2023,cs.SE,10.48550/arXiv.2302.11632,http://arxiv.org/abs/2302.11632v2,adjacent-subtopic,"Identifier names play a significant role in program comprehension activities, with high-quality names improving developer productivity and system quality. To correct poor-quality names, developers rename identifiers to reflect their intended purpose better. However, renames do not always result in high-quality, long-lasting names; in many cases, developers perform multiple rename operations on the same identifier throughout the system's lifetime. In this paper, we report on a large-scale empirical study that examines the occurrence of identifiers undergoing multiple renames (i.e., rename chains). Our findings show the presence of rename chains in almost every project, with methods typically having more rename chains than other identifier types. Furthermore, it is usually the same developer responsible for creating all renames within a chain, with most names maintaining the same grammatical structure. Understanding rename chains can help us provide stronger advice, and targeted research, on how to craft high-quality, long-lasting identifiers.",arxiv,llm,0.930,unreviewed,,doi:10.48550/arxiv.2302.11632
discarded,A Neural Model for Generating Natural Language Summaries of Program Subroutines,Alexander LeClair; Siyuan Jiang; Collin McMillan,2019,cs.SE,10.48550/arXiv.1902.01954,http://arxiv.org/abs/1902.01954v1,adjacent-subtopic,"Source code summarization -- creating natural language descriptions of source code behavior -- is a rapidly-growing research topic with applications to automatic documentation generation, program comprehension, and software maintenance. Traditional techniques relied on heuristics and templates built manually by human experts. Recently, data-driven approaches based on neural machine translation have largely overtaken template-based systems. But nearly all of these techniques rely almost entirely on programs having good internal documentation; without clear identifier names, the models fail to create good summaries. In this paper, we present a neural model that combines words from code with code structure from an AST. Unlike previous approaches, our model processes each data source as a separate input, which allows the model to learn code structure independent of the text in code. This process helps our approach provide coherent summaries in many cases even when zero internal documentation is provided. We evaluate our technique with a dataset we created from 2.1m Java methods. We find improvement over two baseline techniques from SE literature and one from NLP literature.",arxiv,llm,0.900,unreviewed,,doi:10.48550/arxiv.1902.01954
discarded,Plagiarism and AI Assistance Misuse in Web Programming: Unfair Benefits and Characteristics,Oscar Karnalim; Hapnes Toba; Meliana Christianti Johan; Erico Darmawan Handoyo; Yehezkiel David Setiawan; Josephine Alvina Luwia,2023,cs.AI,10.48550/arXiv.2310.20104,http://arxiv.org/abs/2310.20104v1,off-topic-false-hit,"In programming education, plagiarism and misuse of artificial intelligence (AI) assistance are emerging issues. However, not many relevant studies are focused on web programming. We plan to develop automated tools to help instructors identify both misconducts. To fully understand the issues, we conducted a controlled experiment to observe the unfair benefits and the characteristics. We compared student performance in completing web programming tasks independently, with a submission to plagiarize, and with the help of AI assistance (ChatGPT). Our study shows that students who are involved in such misconducts get comparable test marks with less completion time. Plagiarized submissions are similar to the independent ones except in trivial aspects such as color and identifier names. AI-assisted submissions are more complex, making them less readable. Students believe AI assistance could be useful given proper acknowledgment of the use, although they are not convinced with readability and correctness of the solutions.",arxiv,llm,0.740,unreviewed,,doi:10.48550/arxiv.2310.20104
discarded,Combining Static Code Analysis and Large Language Models Improves Correctness and Performance of Algorithm Recognition,Denis Neumüller; Sebastian Boll; David Schüler; Matthias Tichy,2026,cs.SE,10.48550/arXiv.2604.03048,http://arxiv.org/abs/2604.03048v1,adjacent-subtopic,"Context: Since it is well-established that developers spend a substantial portion of their time understanding source code, the ability to automatically identify algorithms within source code presents a valuable opportunity. This capability can support program comprehension, facilitate maintenance, and enhance overall software quality. Objective: We empirically evaluate how combining LLMs with static code analysis can improve the automated recognition of algorithms, while also evaluating their standalone performance and dependence on identifier names. Method: We perform multiple experiments evaluating the combination of LLMs with static analysis using different filter patterns. We compare this combined approach against their standalone performance under various prompting strategies and investigate the impact of systematic identifier obfuscation on classification performance and runtime. Results: The combination of LLMs with lightweight static analysis performs surprisingly well, reducing required LLM calls by 72.39-97.50% depending on the filter pattern. This not only lowers runtime significantly but also improves F1-scores by up to 12 percentage points (pp) compared to the baseline. Regarding the different prompting strategies, in-context learning with two examples provides an effective trade-off between classification performance and runtime efficiency, achieving F1-scores of 75-77% with only a modest increase in inference time. Lastly, we find that LLMs are not solely dependent on name-information as they are still able to identify most algorithm implementations when identifiers are obfuscated. Conclusion: By combining LLMs with static analysis, we achieve substantial reductions in runtime while simultaneously improving F1-scores, underscoring the value of a hybrid approach.",arxiv,llm,0.900,unreviewed,,doi:10.48550/arxiv.2604.03048
discarded,Maybe Deep Neural Networks are the Best Choice for Modeling Source Code,Rafael-Michael Karampatsis; Charles Sutton,2019,cs.SE,10.48550/arXiv.1903.05734,http://arxiv.org/abs/1903.05734v1,adjacent-subtopic,"Statistical language modeling techniques have successfully been applied to source code, yielding a variety of new software development tools, such as tools for code suggestion and improving readability. A major issue with these techniques is that code introduces new vocabulary at a far higher rate than natural language, as new identifier names proliferate. But traditional language models limit the vocabulary to a fixed set of common words. For code, this strong assumption has been shown to have a significant negative effect on predictive performance. But the open vocabulary version of the neural network language models for code have not been introduced in the literature. We present a new open-vocabulary neural language model for code that is not limited to a fixed vocabulary of identifier names. We employ a segmentation into subword units, subsequences of tokens chosen based on a compression criterion, following previous work in machine translation. Our network achieves best in class performance, outperforming even the state-of-the-art methods of Hellendoorn and Devanbu that are designed specifically to model code. Furthermore, we present a simple method for dynamically adapting the model to a new test project, resulting in increased performance. We showcase our methodology on code corpora in three different languages of over a billion tokens each, hundreds of times larger than in previous work. To our knowledge, this is the largest neural language model for code that has been reported.",arxiv,llm,0.960,unreviewed,,doi:10.48550/arxiv.1903.05734
discarded,Decaf: Improving Neural Decompilation with Automatic Feedback and Search,Alexander Shypula; Osbert Bastani; Edward Schwartz,2026,cs.SE,10.48550/arXiv.2605.11501,http://arxiv.org/abs/2605.11501v1,adjacent-subtopic,"Decompilers are useful tools used in reverse engineering to understand compiled source code. Reconstructing source code from compiled binaries is a challenging task, because high-level syntax, identifiers, and custom data types are generally lost as the compiler translates human-readable code to low-level machine code. Deterministic decompilers are useful tools for binary analysis, but can struggle to infer idiomatic syntax and identifier names. Generative AI models are a natural fit for reconstructing high-level syntax, identifiers, and types, but they can still suffer by hallucinating improper programming constructs and semantics. Instead of attempting to improve neural decompilers with more data and more training, we argue that compiler feedback can be used to dramatically improve the semantic correctness of neural decompiler outputs via search. Our system, Decaf (DECompilation with Automated Feedback), raises the neural decompilation rate from 26.0% on ExeBench to 83.9% on the Real -O2 split without sacrificing similarity to the original source code. We also find our automatic feedback methodology is highly effective for improving weaker neural decompilation models.",arxiv,llm,0.900,unreviewed,,doi:10.48550/arxiv.2605.11501
kept,The Role of Source Code Vocabulary in Programming Teaching and Learning,"Nascimento, Marcos; Araujo, Eliane; Serey, Dalton; Figueiredo, Jorge",2020,2020 IEEE FRONTIERS IN EDUCATION CONFERENCE (FIE 2020),,https://www.webofscience.com/wos/woscc/full-record/WOS:000646660800257,supports-claim,"This full paper, categorized as Research-to-Practice, presents an investigation on the role of source code vocabulary in introductory programming learning practices. According to software engineering literature, source code vocabulary is a fundamental aspect of software quality as it contributes to software readability and eases maintenance and evolution tasks. Furthermore, some studies show that identifier naming and comments in the code tend to use terms that reflect the software problem domain specification and can be used, for instance, to localize feature. In this paper, we build upon this knowledge of software engineering and investigate how we can take advantage of it in computer science education, specially on the teaching of programming. We conducted a twofold empirical study in an introductory programming course to investigate: (1) How to give automated feedback about identifier naming, aiming to improve software readability, and (2) To what extent source code vocabulary reflects problem specification comprehension, which is crucial to effective programming problem-solving. In the first study, we found that 51.7% of the students improved their source code vocabulary, after receiving such feedback. In the second study, the results showed that students tend to manage to better comprehend the programming problem being solved when their code identifier names are connected to the related description. It is a promising indicative that we can use this information to assess the problem requirements comprehension, which is a fundamental step in the programming problem-solving cycle. The main contribution of this paper is to shed light on the source code vocabulary and promote its role in the programming teaching and learning scenario. We present some evidence that students' source code vocabulary is a rich information source about their understanding and we can use it to produce formative feedback.",wos,llm,0.930,unreviewed,,hash:4a55ccc46c6f8501
discarded,The Effect of Identifier Naming on Source Code Readability and Quality,"Butler, Simon",2009,ESEC-FSE DOCTORAL SYMPOSIUM 2009,,https://www.webofscience.com/wos/woscc/full-record/WOS:000282709900012,adjacent-subtopic,"Identifier names are natural language representations of program concepts in source code, which play an important role in program comprehension. Ill-considered, or poor quality, identifier names may hinder program comprehension, but is it possible they may also indicate problems in the source code, including bugs? We outline methods used to evaluate identifier quality, and propose the development of a more sophisticated understanding of identifier name quality, which will facilitate further exploration of the possible implications of poor quality identifier names.",wos,llm,0.900,unreviewed,,hash:2c869ae402d6ba98
discarded,Concise and consistent naming,"Deissenboeck, Florian; Pizka, Markus",2006,SOFTWARE QUALITY JOURNAL,10.1007/s11219-006-9219-1,https://www.webofscience.com/wos/woscc/full-record/WOS:000239300800005,adjacent-subtopic,"Approximately 70% of the source code of a software system consists of identifiers. Hence, the names chosen as identifiers are of paramount importance for the readability of computer programs and therewith their comprehensibility. However, virtually every programming language allows programmers to use almost arbitrary sequences of characters as identifiers which far too often results in more or less meaningless or even misleading naming. Coding style guides somehow address this problem but are usually limited to general and hard to enforce rules like ""identifiers should be self-describing"". This paper renders adequate identifier naming far more precisely. A formal model, based on bijective mappings between concepts and names, provides a solid foundation for the definition of precise rules for concise and consistent naming. The enforcement of these rules is supported by a tool that incrementally builds and maintains a complete identifier dictionary while the system is being developed. The identifier dictionary explains the language used in the software system, aids in consistent naming, and supports programmers by proposing suitable names depending on the current context.",wos,llm,0.910,unreviewed,,doi:10.1007/s11219-006-9219-1
