status,title,authors,year,venue,doi,url,tags,abstract,provider,decision_source,llm_confidence,llm_review_outcome,llm_change_direction,paper_id
discarded,Unsupervised Translation of Programming Languages,"Roziere, Baptiste; Lachaux, Marie-Anne; Chanussot, Lowik; Lample, Guillaume",2020,"ADVANCES IN NEURAL INFORMATION PROCESSING SYSTEMS 33, NEURIPS 2020",,https://www.webofscience.com/wos/woscc/full-record/WOS:001207696406078,adjacent-subtopic,"A transcompiler, also known as source-to-source translator, is a system that converts source code from a high-level programming language (such as C++ or Python) to another. Transcompilers are primarily used for interoperability, and to port codebases written in an obsolete or deprecated language (e.g. COBOL, Python 2) to a modern one. They typically rely on handcrafted rewrite rules, applied to the source code abstract syntax tree. Unfortunately, the resulting translations often lack readability, fail to respect the target language conventions, and require manual modifications in order to work properly. The overall translation process is time-consuming and requires expertise in both the source and target languages, making code-translation projects expensive. Although neural models significantly outper-form their rule-based counterparts in the context of natural language translation, their applications to transcompilation have been limited due to the scarcity of parallel data in this domain. In this paper, we propose to leverage recent approaches in unsupervised machine translation to train a fully unsupervised neural transcompiler. We train our model on source code from open source GitHub projects, and show that it can translate functions between C++, Java, and Python with high accuracy. Our method relies exclusively on monolingual source code, requires no expertise in the source or target languages, and can easily be generalized to other programming languages. We also build and release a test set composed of 852 parallel functions, along with unit tests to check the correctness of translations. We show that our model outperforms rule-based commercial baselines by a significant margin.",wos,llm,0.880,unreviewed,,hash:0ebb7d8db6ede648
kept,What's in a Display Name? An Empirical Study on the Use of Display Names in Open-Source JUnit Tests,"Qiao, Yining; Rojas, Jose Miguel",2024,"PROCEEDINGS 2024 ACM/IEEE INTERNATIONAL WORKSHOP ON NL-BASED SOFTWARE ENGINEERING, NLBSE 2024",10.1145/3643787.3648037,https://www.webofscience.com/wos/woscc/full-record/WOS:001313494100003,supports-claim,"Readability is an important aspect of any production or test code artefact. During development, testing and maintenance, the readability of a unit test can be a key contributor to its usefulness for a range of tasks, including refactoring, debugging, and test augmentation. Several strategies have been proposed both in academia and in industry to build readability into unit tests, e.g., test code summarisation and test naming conventions. Display names constitute an industry-led effort to incorporate natural language descriptions into unit tests. In this paper, we investigate the use of display names in a large dataset of open-source Java projects. Our study reveals that despite being a stable feature of the JUnit framework for at least five years, display names are not widely used in open-source projects yet. We analyse existing display names in terms of length, language and grammatical structure, explore the use of a large language model to generate display names similar to those open-source developers write, and develop a taxonomy of display name smells aimed at fostering a more cohesive and coherent use of the feature by developers.",wos,llm,0.760,unreviewed,,doi:10.1145/3643787.3648037
kept,Towards Inclusive Source Code Readability Based on the Preferences of Programmers with Visual Impairments,"Pandey, Maulishree; Oney, Steve; Begel, Andrew",2024,PROCEEDINGS OF THE 2024 CHI CONFERENCE ON HUMAN FACTORS IN COMPUTING SYTEMS (CHI 2024),10.1145/3613904.3642512,https://www.webofscience.com/wos/woscc/full-record/WOS:001259864902011,qualifies-claim,"Code readability is crucial for program comprehension, maintenance, and collaboration. However, many of the standards for writing readable code are derived from sighted developers' readability needs. We conducted a qualitative study with 16 blind and visually impaired (BVI) developers to better understand their readability preferences for common code formatting rules such as identifier naming conventions, line length, and the use of indentation. Our findings reveal how BVI developers' preferences contrast with those of sighted developers and how we can expand the existing rules to improve code readability on screen readers. Based on the findings, we contribute an inclusive understanding of code readability and derive implications for programming languages, development environments, and style guides. Our work helps broaden the meaning of readable code in software engineering and accessibility research.",wos,llm,0.960,unreviewed,,doi:10.1145/3613904.3642512
kept,Teachers' Beliefs and Practices on the Naming of Variables in Introductory Python Programming Courses,"van der Werf, Vivian; Swidan, Alaaeddin; Hermans, Felienne; Specht, Marcus; Aivaloglou, Efthimia",2024,"2024 ACM/IEEE 44TH INTERNATIONAL CONFERENCE ON SOFTWARE ENGINEERING: SOFTWARE ENGINEERING EDUCATION AND TRAINING, ICSE-SEET 2024",10.1145/3639474.3640069,https://www.webofscience.com/wos/woscc/full-record/WOS:001234855400036,supports-claim; pep8; qualifies-claim,"Motivation. Variable naming practices are part of the software developer's profession, influencing program comprehension and code quality. Yet, little is known about how variable naming practices are taught in beginner courses. Objective. This paper investigates naming beliefs, self-reported teaching practices, and observations regarding variable naming practices of teachers of introductory Python programming courses. Methods. We adopted an in-depth qualitative approach by interviewing ten teachers from secondary education and higher education and developed several themes in order to answer our research questions. Results. Among various opinions and practices, we found that teachers agree on using meaningful names, but have conflicting beliefs about what is meaningful. Moreover, the described teaching practices do not always match teacher's views on meaningful names, and teachers rarely encourage students to use them. Instead, they express that naming practices should not be enforced and that students will develop them by example. Whereas some teachers report focusing solely on conventions, others deliberately dedicate time for students to engage with naming, create their own guidelines, provide continuous feedback, or include naming exercises on exams. Discussion. Naming practices do not seem to be deliberately taught, even though they influence program understanding and code quality. We also identified inconsistencies in teachers' self-reported naming practices. As such, we encourage intentional conversations about naming practices in educational settings, specifically linking naming to code quality and readability. We see room for group and peer activities as a means to this end, as well as providing formative feedback dedicated to naming.",wos,llm_reviewed,0.880,confirmed,,doi:10.1145/3639474.3640069
kept,Naming Practices in Java Projects: An Empirical Study,"Gresta, Remo; Durelli, Vinicius; Cirilo, Elder",2021,"PROCEEDINGS OF THE 20TH BRAZILIAN SYMPOSIUM ON SOFTWARE QUALITY, SBOS 2021",10.1145/3493244.3493258,https://www.webofscience.com/wos/woscc/full-record/WOS:001074431600012,supports-claim,"Investigating the properties of identifier names and their role in software systems have been central to software engineering. Research in naming identifiers shows that informative names are crucial to improving the readability and maintainability of programs: essentially, intention-revealing names make code easier to understand and act as a basic form of documentation. Poorly named identifiers tend to hurt the comprehensibility and maintainability of software systems. However, most computer science curricula emphasize programming concepts and language syntax over naming guidelines and conventions. Consequently, programmers lack knowledge about naming practices. We carried out a study to explore the naming practices of Java programmers. We analyzed 1,421,607 identifier names (i.e., attributes, parameters, and variables names) from 40 open-source Java projects and categorized these names into eight naming practices. We examined the occurrence and prevalence of the categories across projects, and our results also highlight in which contexts identifiers following each naming practice tend to appear more regularly. The results can be helpful to enhance programmers' awareness and contribute to improving educational materials and code review methods.",wos,llm,0.820,unreviewed,,doi:10.1145/3493244.3493258
discarded,How is IF Statement Fixed Through Code Review? - A case study of Qt project,"Ueda, Yuki; Ihara, Akinori; Hirao, Toshiki; Ishio, Takashi; Matsumoto, Kenichi",2017,2017 IEEE 28TH INTERNATIONAL SYMPOSIUM ON SOFTWARE RELIABILITY ENGINEERING WORKSHOPS (ISSREW 2017),10.1109/ISSREW.2017.32,https://www.webofscience.com/wos/woscc/full-record/WOS:000418465000051,adjacent-subtopic,"Peer code review is key to ensuring the absence of software defects. To improve the review process, many code review tools provide OSS(Open Source Software) project CI(Continuous Integration) tests that automatically verify code quality issues such as code convention issues. However, these tests do not cover project policy issues and code readability issues. In this study, our main goal is to understand how a code owner fixes conditional statement issues based on reviewers feedback. We conduct an empirical study to understand if statement changes after review. Using 69,325 review requests in the Qt project, we analyze changes of the if conditional statements that (1) are requested to be reviewed, and (2) that are implemented after review. As a result, we find the most common symbolic changes are ""(""and "")"" (35%), ""!"" operator (20%) and ""->"" operator (12%). Also, ""!"" operator is frequently replaced with ""(""and "")"".",wos,llm,0.760,unreviewed,,doi:10.1109/issrew.2017.32
discarded,GRADUALNESS OF ICONICITY IN SEMIOTIC DISCOURSE,"Ariton-Gelan, Cristina",2015,"REDEFINING COMMUNITY IN INTERCULTURAL CONTEXT, RCIC'15",,https://www.webofscience.com/wos/woscc/full-record/WOS:000381319700005,off-topic-false-hit,"The contemporary world is pregnant under the sign of the image that dominates various social practices, like advertising, propaganda and the media. The exponential growth of information involves the use of iconic encoding; when it comes to knowledge transmission this codification is successful economic storage, synthetic and readability of the data. Some perceptual grids, social and cultural, which orients the production or reproduction of iconic signs (by schematization and eliminating of non-relevant traits or identification based on some pertinent traits) were established in what was called the degree of convention or coding of iconic signs. Therefore, any iconic sign, coding effect of a perceptual experience, requires a learning process because often we see the object what we have learned to see, or what we orientate see. In this respect, the aim of the paper that we propose is to early out an analysis on the principles that determine the birth of symbolic occurrences.",wos,llm,0.990,unreviewed,,hash:ee28c5cee40bbb5d
kept,Investigating Naming Convention Adherence in Java References,"Butler, Simon; Wermelinger, Michel; Yu, Yijun",2015,2015 31ST INTERNATIONAL CONFERENCE ON SOFTWARE MAINTENANCE AND EVOLUTION (ICSME) PROCEEDINGS,,https://www.webofscience.com/wos/woscc/full-record/WOS:000380398300005,supports-claim,"Naming conventions can help the readability and comprehension of code, and thus the onboarding of new developers. Conventions also provide cues that help developers and tools extract information from identifier names to support software maintenance. Tools exist to automatically check naming conventions but they are often limited to simple checks, e.g. regarding typography. The adherence to more elaborate conventions, such as the use of noun and verbal phrases in names, is not checked.

We present NOMINAL, a naming convention checking library for Java that allows the declarative specification of conventions regarding typography and the use of abbreviations and phrases. To test NOMINAL, and to investigate the extent to which developers follow conventions, we extract 3.5 million reference - field, formal argument and local variable - name declarations from 60 FLOSS projects and determine their adherence to two well-known Java naming convention guidelines that give developers scope to choose a variety of forms of name, and sometimes offer conflicting advice. We found developers largely follow naming conventions, but adherence to specific conventions varies widely.",wos,llm,0.840,unreviewed,,hash:5d791aa4a7caa6db
discarded,Do AI Agents Really Improve Code Readability?,Horikawa K.,2026,Proceedings 2026 IEEE ACM 23rd International Conference on Mining Software Repositories MSR 2026,10.1145/3793302.3793590,https://www.scopus.com/inward/record.uri?partnerID=HzOxMe3b&scp=105046973828&origin=inward,adjacent-subtopic,,scopus,llm,0.680,unreviewed,,doi:10.1145/3793302.3793590
discarded,From scroll to screen: Cultivating critical digital literacy through algorithm-aware writing pedagogies in EAP,Wang S.,2026,Journal of English for Academic Purposes,10.1016/j.jeap.2026.101676,https://www.scopus.com/inward/record.uri?partnerID=HzOxMe3b&scp=105035011798&origin=inward,off-topic-false-hit,,scopus,llm,0.970,unreviewed,,doi:10.1016/j.jeap.2026.101676
discarded,Rhetorical Structure in Abstracts of Linguistics and Persian Language and Lit­erature Articles: A Step Towards Enhancing Impact and Scientific Indexing,Taqvaei A.,2026,Scientometrics Research Journal,10.22070/rsci.2025.20519.1814,https://www.scopus.com/inward/record.uri?partnerID=HzOxMe3b&scp=105039435567&origin=inward,off-topic-false-hit,,scopus,llm,0.980,unreviewed,,doi:10.22070/rsci.2025.20519.1814
discarded,Towards Explainable Code Readability Classification With Graph Neural Networks,Mi Q.,2025,Journal of Software Evolution and Process,10.1002/smr.70048,https://www.scopus.com/inward/record.uri?partnerID=HzOxMe3b&scp=105015149199&origin=inward,adjacent-subtopic,,scopus,llm,0.900,unreviewed,,doi:10.1002/smr.70048
discarded,Exploring Code Comprehension in Scientific Programming: Preliminary Insights from Research Scientists,Chen A.,2025,IEEE International Conference on Program Comprehension,10.1109/ICPC66645.2025.00043,https://www.scopus.com/inward/record.uri?partnerID=HzOxMe3b&scp=105009138181&origin=inward,adjacent-subtopic,,scopus,llm,0.780,unreviewed,,doi:10.1109/icpc66645.2025.00043
discarded,Fine-Tuning Large Language Models for Code-Style Analysis: The Significance of Dataset Size,Holovko A.,2025,International Journal of Computing,10.47839/ijc.24.1.3885,https://www.scopus.com/inward/record.uri?partnerID=HzOxMe3b&scp=105003319550&origin=inward,adjacent-subtopic,,scopus,llm,0.910,unreviewed,,doi:10.47839/ijc.24.1.3885
discarded,Shortening Overlong Method Names with Abbreviations,Jiang Y.,2024,ACM Transactions on Software Engineering and Methodology,10.1145/3676959,https://www.scopus.com/inward/record.uri?partnerID=HzOxMe3b&scp=85212928475&origin=inward,adjacent-subtopic,,scopus,llm,0.860,unreviewed,,doi:10.1145/3676959
discarded,Enhancing Code Readability through Automated Consistent Formatting,Kanoutas T.,2024,Electronics Switzerland,10.3390/electronics13112073,https://www.scopus.com/inward/record.uri?partnerID=HzOxMe3b&scp=85195802955&origin=inward,adjacent-subtopic,,scopus,llm,0.720,unreviewed,,doi:10.3390/electronics13112073
discarded,A Robust and Automatic Approach for Matching Algorithms,Midolo A.,2023,Ceur Workshop Proceedings,,https://www.scopus.com/inward/record.uri?partnerID=HzOxMe3b&scp=85172864211&origin=inward,off-topic-false-hit,,scopus,llm,0.930,unreviewed,,hash:34e5bf0f472d4fea
kept,A large-scale comparative analysis of Coding Standard conformance in Open-Source Data Science projects,Simmons A.J.,2020,International Symposium on Empirical Software Engineering and Measurement,10.1145/3382494.3410680,https://www.scopus.com/inward/record.uri?partnerID=HzOxMe3b&scp=85093925437&origin=inward,qualifies-claim,,scopus,llm,0.720,unreviewed,,doi:10.1145/3382494.3410680
kept,Evaluating Code Readability and Legibility: An Examination of Human-centric Studies,Oliveira D.,2020,Proceedings 2020 IEEE International Conference on Software Maintenance and Evolution Icsme 2020,10.1109/ICSME46990.2020.00041,https://www.scopus.com/inward/record.uri?partnerID=HzOxMe3b&scp=85096655684&origin=inward,qualifies-claim,,scopus,llm,0.810,unreviewed,,doi:10.1109/icsme46990.2020.00041
discarded,Towards a structured specification of coding conventions,Rodrigues E.,2019,Proceedings of IEEE Pacific Rim International Symposium on Dependable Computing Prdc,10.1109/PRDC47002.2019.00047,https://www.scopus.com/inward/record.uri?partnerID=HzOxMe3b&scp=85078404236&origin=inward,adjacent-subtopic,,scopus,llm,0.940,unreviewed,,doi:10.1109/prdc47002.2019.00047
discarded,A Need for Change! A Coding Framework for Improving Transparency in Decision Modeling,Alarid-Escudero F.,2019,Pharmacoeconomics,10.1007/s40273-019-00837-x,https://www.scopus.com/inward/record.uri?partnerID=HzOxMe3b&scp=85073975899&origin=inward,off-topic-false-hit,,scopus,llm,0.920,unreviewed,,doi:10.1007/s40273-019-00837-x
discarded,Constructing a knowledge base of coding conventions from online resources,Cao J.,2019,Proceedings of the International Conference on Software Engineering and Knowledge Engineering Seke,10.18293/SEKE2019-123,https://www.scopus.com/inward/record.uri?partnerID=HzOxMe3b&scp=85071357399&origin=inward,adjacent-subtopic,,scopus,llm,0.930,unreviewed,,doi:10.18293/seke2019-123
discarded,How are IF-conditional statements fixed through peer code review?,Ueda Y.,2018,IEICE Transactions on Information and Systems,10.1587/transinf.2018EDP7004,https://www.scopus.com/inward/record.uri?partnerID=HzOxMe3b&scp=85056146057&origin=inward,adjacent-subtopic,,scopus,llm,0.800,unreviewed,,doi:10.1587/transinf.2018edp7004
discarded,An automated assessment system for analysis of coding convention violations in Java programming assignments*,Chen H.M.,2018,Journal of Information Science and Engineering,10.6688/JISE.201809_34(5).0006,https://www.scopus.com/inward/record.uri?partnerID=HzOxMe3b&scp=85052879111&origin=inward,adjacent-subtopic,,scopus,llm,0.900,unreviewed,,doi:10.6688/jise.201809_34(5).0006
kept,Impacts of coding practices on readability,Dos Santos R.M.,2018,Proceedings International Conference on Software Engineering,10.1145/3196321.3196342,https://www.scopus.com/inward/record.uri?partnerID=HzOxMe3b&scp=85051644751&origin=inward,qualifies-claim; layout; supports-claim,,scopus,llm_reviewed,0.860,confirmed,,doi:10.1145/3196321.3196342
discarded,Do Java programmers write better python? Studying off-language code quality on GitHub,Horschig S.,2018,ACM International Conference Proceeding Series,10.1145/3191697.3214341,https://www.scopus.com/inward/record.uri?partnerID=HzOxMe3b&scp=85053665363&origin=inward,adjacent-subtopic,,scopus,llm,0.790,unreviewed,,doi:10.1145/3191697.3214341
discarded,Gamification for enforcing coding conventions,Jarke M.,2015,2015 10th Joint Meeting of the European Software Engineering Conference and the ACM SIGSOFT Symposium on the Foundations of Software Engineering Esec Fse 2015 Proceedings,10.1145/2786805.2786806,https://www.scopus.com/inward/record.uri?partnerID=HzOxMe3b&scp=84960369546&origin=inward,adjacent-subtopic,,scopus,llm,0.860,unreviewed,,doi:10.1145/2786805.2786806
kept,Effect analysis of coding convention violations on readability of post-delivered code,Lee T.,2015,IEICE Transactions on Information and Systems,10.1587/transinf.2014EDP7327,https://www.scopus.com/inward/record.uri?partnerID=HzOxMe3b&scp=84937546683&origin=inward,supports-claim; konvention,,scopus,llm_reviewed,0.830,confirmed,,doi:10.1587/transinf.2014edp7327
discarded,Learning NATURAL coding conventions,Allamanis M.,2014,Proceedings of the ACM SIGSOFT Symposium on the Foundations of Software Engineering,10.1145/2635868.2635883,https://www.scopus.com/inward/record.uri?partnerID=HzOxMe3b&scp=84986880422&origin=inward,adjacent-subtopic,,scopus,llm,0.900,unreviewed,,doi:10.1145/2635868.2635883
kept,A study of different coding styles affecting code readability,Lee T.,2013,International Journal of Software Engineering and Its Applications,10.14257/ijseia.2013.7.5.36,https://www.scopus.com/inward/record.uri?partnerID=HzOxMe3b&scp=84886432837&origin=inward,supports-claim,,scopus,llm,0.820,unreviewed,,doi:10.14257/ijseia.2013.7.5.36
discarded,Code convention adherence in evolving software,Smit M.,2011,IEEE International Conference on Software Maintenance Icsm,10.1109/ICSM.2011.6080819,https://www.scopus.com/inward/record.uri?partnerID=HzOxMe3b&scp=83455200846&origin=inward,adjacent-subtopic,,scopus,llm,0.910,unreviewed,,doi:10.1109/icsm.2011.6080819
discarded,Design patterns for GNSS software receivers,Fernández-Prades C.,2010,Programme and Abstract Book 5th ESA Workshop on Satellite Navigation Technologies and European Workshop on Gnss Signals and Signal Processing Navitec 2010,10.1109/NAVITEC.2010.5707981,https://www.scopus.com/inward/record.uri?partnerID=HzOxMe3b&scp=79952504169&origin=inward,off-topic-false-hit,,scopus,llm,0.940,unreviewed,,doi:10.1109/navitec.2010.5707981
