status,title,authors,year,venue,doi,url,tags,abstract,provider,decision_source,llm_confidence,llm_review_outcome,llm_change_direction,paper_id
discarded,Selected Code-Quality Characteristics and Metrics for Internet of Things Systems,Matej Klima; Miroslav Bures; Karel Frajtak; Vaclav Rechtberger; Michal Trnka; Xavier Bellekens; Tomas Cerny; Bestoun S. Ahmed,2022,IEEE Access,10.1109/ACCESS.2022.3170475,https://ieeexplore.ieee.org/document/9762941/,adjacent-subtopic,"Software code is present on multiple levels within current Internet of Things (IoT) systems. The quality of this code impacts system reliability, safety, maintainability, and other quality aspects. In this paper, we provide a comprehensive overview of code quality-related metrics, specifically revised for the context of IoT systems. These metrics are divided into main code quality categories: Size, redundancy, complexity, coupling, unit test coverage and effectiveness, cohesion, code readability, security, and code heterogeneity. The metrics are then linked to selected general quality characteristics from the ISO/IEC 25010:2011 standard by their possible impact on the quality and reliability of an IoT system, the principal layer of the system, the code levels and the main phases of the project to which they are relevant. This analysis is followed by a discussion of code smells and their relation to the presented metrics. The overview presented in the paper is the result of a thorough analysis and discussion of the author’s team with the involvement of external subject-matter experts in which a defined decision algorithm was followed. The primary result of the paper is an overview of the metrics accompanied by applicability notes related to the quality characteristics, the system layer, the level of the code, and the phase of the IoT project.",ieee,llm,0.910,unreviewed,,doi:10.1109/access.2022.3170475
discarded,Classifying Code Comments via Pre-trained Programming Language Model,Ying Li; Haibo Wang; Huaien Zhang; Shin Hwei Tan,2023,2023 IEEE/ACM 2nd International Workshop on Natural Language-Based Software Engineering (NLBSE),10.1109/NLBSE59153.2023.00013,https://ieeexplore.ieee.org/document/10189150/,off-topic-false-hit,"Previous studies have categorized code comments for various programming languages to produce high-quality code comments that can improve code readability and benefit maintenance. However, it still requires more effort to identify the main information contained in code comments. Pre-trained language model has shown promising results for solving software engineering tasks. In this paper, we propose a model for code comment classified using the recent pre-trained language model specialized for code-specific tasks (i.e., CodeT5). We introduce expert-predefined features to enhance the model's classification performance. Our evaluation on the official dataset shows that it outperforms the baseline by improving the precision (+65.9 %), recall (+147.3%) and the Fl-score (+112.5%) of the classification.",ieee,llm,0.910,unreviewed,,doi:10.1109/nlbse59153.2023.00013
discarded,"CISR-ODE, A C++ Framework with ODE Solver for Code Based System Dynamics Simulation",Arash Mohammadi; Shady Mohamed; Saeid Nahavandi; Karsten Ahnert,2015,"2015 IEEE International Conference on Systems, Man, and Cybernetics",10.1109/SMC.2015.81,https://ieeexplore.ieee.org/document/7379213/,off-topic-false-hit,"Ordinary differential equations are used for modelling a wide range of dynamic systems. Even though there are many graphical software applications for this purpose, a fully customised solution for all problems is code-level programming of the model and solver. In this project, a free and open source C++ framework is designed to facilitate modelling in native code environment and fulfill the common simulation needs of control and many other engineering and science applications. The solvers of this project are obtained from ODEINT and specialised for Armadillo matrix library to provide an easy syntax and a fast execution. The solver code is minimised and its modification for users have become easier. There are several features added to the solvers such as controlling maximum step size, informing the solver about sudden input change and forcing custom times into the results and calling a custom method at these points. The comfort of the model designer, code readability, extendibility and model isolation have been considered in the structure of this framework. The application manages the output results, exporting and plotting them. Modifying the model has become more practical and a portion of corresponding codes are updated automatically. A set of libraries is provided for generation of output figures, matrix hashing, control system functions, profiling, etc. In this paper, an example of using this framework for a classical washout filter model is explained.",ieee,llm,0.930,unreviewed,,doi:10.1109/smc.2015.81
discarded,Code Summarization Beyond Function Level,Vladimir Makharev; Vladimir Ivanov,2025,cs.CL,10.48550/arXiv.2502.16704,http://arxiv.org/abs/2502.16704v1,adjacent-subtopic,"Code summarization is a critical task in natural language processing and software engineering, which aims to generate concise descriptions of source code. Recent advancements have improved the quality of these summaries, enhancing code readability and maintainability. However, the content of a repository or a class has not been considered in function code summarization. This study investigated the effectiveness of code summarization models beyond the function level, exploring the impact of class and repository contexts on the summary quality. The study involved revising benchmarks for evaluating models at class and repository levels, assessing baseline models, and evaluating LLMs with in-context learning to determine the enhancement of summary quality with additional context. The findings revealed that the fine-tuned state-of-the-art CodeT5+ base model excelled in code summarization, while incorporating few-shot learning and retrieved code chunks from RAG significantly enhanced the performance of LLMs in this task. Notably, the Deepseek Coder 1.3B and Starcoder2 15B models demonstrated substantial improvements in metrics such as BLEURT, METEOR, and BLEU-4 at both class and repository levels. Repository-level summarization exhibited promising potential but necessitates significant computational resources and gains from the inclusion of structured context. Lastly, we employed the recent SIDE code summarization metric in our evaluation. This study contributes to refining strategies for prompt engineering, few-shot learning, and RAG, addressing gaps in benchmarks for code summarization at various levels. Finally, we publish all study details, code, datasets, and results of evaluation in the GitHub repository available at https://github.com/kilimanj4r0/code-summarization-beyond-function-level.",arxiv,llm,0.930,unreviewed,,doi:10.48550/arxiv.2502.16704
discarded,"Code for All: Educational Applications of the ""Vibe Coding"" Hackathon in Programming Education across All Skill Levels",Ashley J. Chen; Yijia Cao; Minghao Shao; Ramesh Karri; Muhammad Shafique,2026,cs.SE,10.48550/arXiv.2604.22747,http://arxiv.org/abs/2604.22747v1,off-topic-false-hit,"The emergence of large language models has enabled vibe coding, a natural language approach to programming in which users describe intent and AI generates or revises code, potentially broadening access to programming while preserving meaningful learning outcomes. We investigate its educational value through a month-long online hackathon that welcomed participants from multiple countries, ranging from complete beginners to experienced developers. The hackathon offered three tracks with increasing technical demands. Spark emphasized basic frontend functionality and dynamic features such as buttons, forms, and API calls. Build required backend or database integration. Launch targeted production ready web applications, including deployment. Participants were required to develop projects using only LLM generated code without manual edits and submitted complete chat histories, source code, demo videos, and functionality reports. We assessed educational effectiveness with a mixed methods design that combined standardized project evaluations across functionality, user interface and user experience design, impact, prompt quality, and code readability, along with post-hackathon surveys of perceived learning outcomes and thematic analysis of open-ended feedback. Our findings describe how participants with different backgrounds engage with vibe coding as task complexity increases, how the no manual editing constraint shapes prompting and debugging practices, and what these patterns imply for integrating AI assisted development into programming education and competitive learning environments.",arxiv,llm,0.880,unreviewed,,doi:10.48550/arxiv.2604.22747
discarded,Idioms: Neural Decompilation With Joint Code and Type Definition Prediction,Luke Dramko; Claire Le Goues; Edward J. Schwartz,2025,cs.SE,10.48550/arXiv.2502.04536,http://arxiv.org/abs/2502.04536v2,adjacent-subtopic,"Decompilers are important tools for reverse engineers that help them analyze software at a higher level of abstraction than assembly code. Unfortunately, because compilation is lossy, deterministic decompilers produce code that is missing many of the details that make source code readable in the first place, like variable names and types. Neural decompilers, on the other hand, offer the ability to statistically fill in these details. Existing work in neural decompilation, however, suffers from substantial limitations that preclude its use on real code, such as the inability to define composite types, which is essential to fully specify function semantics. In this work, we introduce a new dataset, Realtype, that includes substantially more complicated and realistic types than existing neural decompilation benchmarks, and Idioms, a new neural decompilation approach to finetune any LLM into a neural decompiler capable of generating the appropriate user-defined type definitions alongside the decompiled code. We show that our approach yields state-of-the-art results in neural decompilation. On the most challenging existing benchmark, ExeBench, our model achieves 54.4% accuracy vs. 46.3% for LLM4Decompile and 37.5% for Nova; on Realtype, our model performs at least 95% better.",arxiv,llm,0.890,unreviewed,,doi:10.48550/arxiv.2502.04536
discarded,Enhancing Code Quality Through Automated Refactoring Using Transformer-Based Language Models,"Lakshmi, A. Sri; Sigamany, E. S. Sharmila; Traisa, Roopa; Kumar, Raman; Reddy, Karaka Ramakrishna; Chohan, Jasgurpreet Singh; Smerat, Aseel",2025,INTERNATIONAL JOURNAL OF ADVANCED COMPUTER SCIENCE AND APPLICATIONS,,https://www.webofscience.com/wos/woscc/full-record/WOS:001592952500001,adjacent-subtopic,"Maintaining high-quality source code is crucial for software reliability, scalability, and maintainability. Traditional refactoring methods, which involve manual code improvement or rule-based automation, often fall short due to their inability to understand the contextual semantics of code. These approaches are rigid, language-specific, and prone to inconsistencies, especially in large and complex codebases. As a result, developers spend significant time and effort identifying code smells, restructuring poorly written segments, and ensuring behavior preservation shows an accuracy of 97%. To address these limitations, this study proposes an automated code refactoring framework powered by Transformer-based language models. Leveraging models such as CodeT5, which are pre-trained on massive code corpora, this approach captures both syntax and semantic patterns to suggest intelligent, context-aware code transformations. The model is fine-tuned using a curated dataset of original and refactored code pairs to learn efficient refactoring strategies. The methodology involves preprocessing raw source code, tokenizing it for model input, and generating improved versions of the code using the trained Transformer model. Output suggestions are validated using Abstract Syntax Tree (AST) analysis and unit testing to ensure behavioral equivalence. Code quality improvements are quantified using metrics like maintainability index, cyclomatic complexity, and duplication rate. Experimental results demonstrate that the proposed method significantly enhances code readability and maintainability while reducing developer effort, outperforming traditional rule-based refactoring tools.",wos,llm,0.870,unreviewed,,hash:a64723c74e977125
discarded,CodeComClassify: Automating Code Comments Classification using BERT-based Language Models,"Alam, Khubaib Amjad; Ali, Wajid; Aziz, Summan; Haroon, Muhammad; Khan, Meer Hashaam; Ahmad, Zahoor; Abbas, Nadeem",2025,"2025 IEEE/ACM INTERNATIONAL WORKSHOP ON NATURAL LANGUAGE-BASED SOFTWARE ENGINEERING, NLBSE",10.1109/NLBSE66842.2025.00017,https://www.webofscience.com/wos/woscc/full-record/WOS:001554509700012,off-topic-false-hit,"Code comments are pivotal in enhancing code readability, maintainability, and team work in software development. As volume of code comments escalates in large software projects, it becomes impractical to manage and understand code comments, which prompts the need of exploring automated approaches for reliable handling of code comments. This paper introduces CodeComClassify, an automated code comments classification approach which is built on the Transformer-based pretrained model, distilbert-base-uncased model. CodeComClassify proficiently classifies code comments into 19 distinct categories across three languages: Java (7 categories), Python (5 categories), and Pharo (7 categories). The workflow involves cleaning and preprocessing datasets provided by NLBSE'24 Tool Competition, hyperparameter tuning, fine tuning pre-trained Transformer model, distilbert-base-uncased, and training a custom multi-label model for each language. Multi-label models for Java, Python, and Pharo are trained and evaluated on 10,555, 2,555 and 1,765 class-level code comments, respectively, extracted from 20 open source projects. The results indicate that distilbert-base-uncased model demonstrates a promising level of performance by achieving a 81% average F1-score (weighted average).",wos,llm,0.910,unreviewed,,doi:10.1109/nlbse66842.2025.00017
discarded,"Towards using visual, semantic and structural features to improve code readability classification","Mi, Qing; Hao, Yiqun; Ou, Liwei; Ma, Wei",2022,JOURNAL OF SYSTEMS AND SOFTWARE,10.1016/j.jss.2022.111454,https://www.webofscience.com/wos/woscc/full-record/WOS:000967989300015,adjacent-subtopic,"Context: Code readability, which correlates strongly with software quality, plays a critical role in software maintenance and evolvement. Although existing deep learning-based code readability models have reached a rather high classification accuracy, only structural features are utilized which inevitably limits their model performance.

Objective: To address this problem, we propose to extract readability-related features from visual, semantic, and structural aspects from source code in an attempt to further improve code readability classification.

Method: First, we convert a code snippet into a RGB matrix (for visual feature extraction), a token sequence (for semantic feature extraction) and a character matrix (for structural feature extraction). Then, we input them into a hybrid neural network that is composed of BERT, CNN, and BiLSTM for feature extraction. Finally, the extracted features are concatenated and input into a classifier to make a code readability classification.

Result: A series of experiments are conducted to evaluate our method. The results show that the average accuracy could reach 85.3%, which outperforms all existing models.

Conclusion: As an innovative work of extracting readability-related features automatically from visual, semantic, and structural aspects, our method is proved to be effective for the task of code readability classification. (c) 2022 Elsevier Inc. All rights reserved.",wos,llm,0.950,unreviewed,,doi:10.1016/j.jss.2022.111454
discarded,On the relationship between source-code metrics and cognitive load: A systematic tertiary review,"Abbad-Andaloussi, Amine",2023,JOURNAL OF SYSTEMS AND SOFTWARE,10.1016/j.jss.2023.111619,https://www.webofscience.com/wos/woscc/full-record/WOS:000926719000001,adjacent-subtopic,"The difficulty of software development tasks depends on several factors including the characteristics of the underlying source-code. These characteristics can be captured and measured using source -code metrics, which, in turn, can provide indications about the difficulty of the source-code. From a cognitive perspective, this difficulty is due to an increase in developers' cognitive load, which can be estimated using psycho-physiological measures. Based on these measures, a handful of studies investigated the relationship between source-code metrics and cognitive load. For most of the metrics, such a relationship could not be established. While these studies used a small subset of metrics, the literature comprises hundreds of other metrics. Despite the existing reviews surveying these metrics, a consolidated overview is still needed to understand their properties and leverage their potential to align with cognitive load. This need is addressed in this paper through a Systematic Tertiary Review (STR) covering the full spectrum of source-code metrics, studying their properties and investigating their potential relationship to cognitive load. The outcome of this STR is intended to guide practitioners in choosing appropriate metrics, set the grounds for conceptualizing the relationship between source-code metrics and cognitive load and raise new research challenges for the future. (c) 2023 The Author. Published by Elsevier Inc. This is an open access article under the CC BY license (http://creativecommons.org/licenses/by/4.0/).",wos,llm,0.880,unreviewed,,doi:10.1016/j.jss.2023.111619
discarded,A Personalized Code Formatter: Detection and Fixing,"Karanikiotis, Thomas; Chatzidimitriou, Kyriakos C.; Symeonidis, Andreas L.",2022,"SOFTWARE TECHNOLOGIES, ICSOFT 2021",10.1007/978-3-031-11513-4_8,https://www.webofscience.com/wos/woscc/full-record/WOS:000922636000008,adjacent-subtopic,"The wide adoption of component-based software development and the (re)use of software residing in code hosting platforms have led to an increased interest shown towards source code readability and comprehensibility. One factor that can undeniably improve readability is the consistent code styling and formatting used across a project. To that end, many code formatting approaches usually define a set of rules, in order to model a commonly accepted formatting. However, this approach is mostly based on the experts' expertise, is time-consuming and ignores the specific styling and formatting a team selects to use. Thus, it becomes too intrusive and may be not adopted. In this work, we present an automated mechanism that can be trained to identify deviations from the selected formatting style of a given project, given a set of source code files, and provide recommendations towards maintaining a common styling across all files of the project. At first, source code is transformed into small meaningful pieces, called tokens, which are used to train the models of our mechanism, in order to predict the probability of a token being wrongly positioned. Then, a number of possible fixes are examined as replacements of the wrongly positioned token and, based on a scoring function, the most suitable fixes are given as recommendations to the developer. Preliminary evaluation on various axes indicates that our approach can effectively detect formatting deviations from the project's code styling and provide actionable recommendations to the developer.",wos,llm,0.950,unreviewed,,doi:10.1007/978-3-031-11513-4_8
discarded,Using Deep Learning to Automatically Improve Code Readability,"Vitale, Antonio; Piantadosi, Valentina; Scalabrino, Simone; Oliveto, Rocco",2023,"2023 38TH IEEE/ACM INTERNATIONAL CONFERENCE ON AUTOMATED SOFTWARE ENGINEERING, ASE",10.1109/ASE56229.2023.00112,https://www.webofscience.com/wos/woscc/full-record/WOS:001103357200046,adjacent-subtopic,"Reading source code occupies most of developer's daily activities. Any maintenance and evolution task requires developers to read and understand the code they are going to modify. For this reason, previous research focused on the definition of techniques to automatically assess the readability of a given snippet. However, when many unreadable code sections are detected, developers might be required to manually modify them all to improve their readability. While existing approaches aim at solving specific readability-related issues, such as improving variable names or fixing styling issues, there is still no approach to automatically suggest which actions should be taken to improve code readability.

