status,title,authors,year,venue,doi,url,tags,abstract,provider,decision_source,llm_confidence,llm_review_outcome,llm_change_direction,paper_id
discarded,An Open Source Interactive Visual Analytics Tool for Comparative Programming Comprehension,Ayush Kumar; Ashish Kumar; Aakanksha Prasad; Michael Burch; Shenghui Cheng; Klaus Mueller,2022,cs.HC,10.48550/arXiv.2208.00102,http://arxiv.org/abs/2208.00102v1,adjacent-subtopic,"This paper proposes an open source visual analytics tool consisting of several views and perspectives on eye movement data collected during code reading tasks when writing computer programs. Hence the focus of this work is on code and program comprehension. The source code is shown as a visual stimulus. It can be inspected in combination with overlaid scanpaths in which the saccades can be visually encoded in several forms, including straight, curved, and orthogonal lines, modifiable by interaction techniques. The tool supports interaction techniques like filter functions, aggregations, data sampling, and many more. We illustrate the usefulness of our tool by applying it to the eye movements of 216 programmers of multiple expertise levels that were collected during two code comprehension tasks. Our tool helped to analyze the difference between the strategic program comprehension of programmers based on their demographic background, time taken to complete the task, choice of programming task, and expertise.",arxiv,llm,0.890,unreviewed,,doi:10.48550/arxiv.2208.00102
discarded,Identifying Effective Program Comprehension Strategies through Gaze Transitions over Syntactic Elements,Kyogo Horikawa; Hidetake Uwano; Haruhiko Yoshioka,2026,cs.SE,10.1145/3797246.3806012,http://arxiv.org/abs/2607.01042v1,off-topic-false-hit,"Program comprehension is a central research topic in software engineering, focusing on how developers understand a program's structure, behavior, and intent. Eye-tracking studies have traditionally relied on display-based measurements, where gaze positions are represented as screen coordinates. However, syntax-based analyses have recently emerged. Prior work proposed methods to convert eye movements into transitions between nodes in an abstract syntax tree, but the relationship between task correctness and eye-movement features for specific syntactic elements remains unclear. This study converts eye-tracking data into transitions between syntactic nodes and analyzes fixation proportions and gaze transition patterns. We investigate the relationship between these patterns and task correctness, comparing correct and incorrect groups. Our results reveal distinct differences in gaze transition patterns between the two groups. In particular, successful participants exhibit more systematic transitions across syntactic elements, suggesting the use of structured reading strategies.",arxiv,llm,0.890,unreviewed,,doi:10.1145/3797246.3806012
discarded,MESIA: Understanding and Leveraging Supplementary Nature of Method-level Comments for Automatic Comment Generation,Xinglu Pan; Chenxiao Liu; Yanzhen Zou; Tao Xie; Bing Xie,2024,cs.SE,10.48550/arXiv.2403.17357,http://arxiv.org/abs/2403.17357v1,adjacent-subtopic,"Code comments are important for developers in program comprehension. In scenarios of comprehending and reusing a method, developers expect code comments to provide supplementary information beyond the method signature. However, the extent of such supplementary information varies a lot in different code comments. In this paper, we raise the awareness of the supplementary nature of method-level comments and propose a new metric named MESIA (Mean Supplementary Information Amount) to assess the extent of supplementary information that a code comment can provide. With the MESIA metric, we conduct experiments on a popular code-comment dataset and three common types of neural approaches to generate method-level comments. Our experimental results demonstrate the value of our proposed work with a number of findings. (1) Small-MESIA comments occupy around 20% of the dataset and mostly fall into only the WHAT comment category. (2) Being able to provide various kinds of essential information, large-MESIA comments in the dataset are difficult for existing neural approaches to generate. (3) We can improve the capability of existing neural approaches to generate large-MESIA comments by reducing the proportion of small-MESIA comments in the training set. (4) The retrained model can generate large-MESIA comments that convey essential meaningful supplementary information for methods in the small-MESIA test set, but will get a lower BLEU score in evaluation. These findings indicate that with good training data, auto-generated comments can sometimes even surpass human-written reference comments, and having no appropriate ground truth for evaluation is an issue that needs to be addressed by future work on automatic comment generation.",arxiv,llm,0.950,unreviewed,,doi:10.48550/arxiv.2403.17357
discarded,A Large Scale Empirical Study of the Impact of Spaghetti Code and Blob Anti-patterns on Program Comprehension,Cristiano Politowski; Foutse Khomh; Simone Romano; Giuseppe Scanniello; Fabio Petrillo; Yann-Gaël Guéhéneuc; Abdou Maiga,2020,cs.SE,10.1016/j.infsof.2020.106278,http://arxiv.org/abs/2009.02438v1,qualifies-claim,"Context: Several studies investigated the impact of anti-patterns (i.e., ""poor"" solutions to recurring design problems) during maintenance activities and reported that anti-patterns significantly affect the developers' effort required to edit files. However, before developers edit files, they must understand the source code of the systems. This source code must be easy to understand by developers. Objective: In this work, we provide a complete assessment of the impact of two instances of two anti-patterns, Blob or Spaghetti Code, on program comprehension. Method: We analyze the impact of these two anti-patterns through three empirical studies conducted at Polytechnique Montréal (Canada) with 24 participants; at Carlton University (Canada) with 30 participants; and at University Basilicata (Italy) with 79 participants. Results: We collect data from 372 tasks obtained thanks to 133 different participants from the three universities. We use three metrics to assess the developers' comprehension of the source code: (1) the duration to complete each task; (2) their percentage of correct answers; and, (3) the NASA task load index for their effort. Conclusions: We report that, although single occurrences of Blob or Spaghetti code anti-patterns have little effect on code comprehension, two occurrences of either Blob or Spaghetti Code significantly increases the developers' time spent in their tasks, reduce their percentage of correct answers, and increase their effort. Hence, we recommend that developers act on both anti-patterns, which should be refactored out of the source code whenever possible. We also recommend further studies on combinations of anti-patterns rather than on single anti-patterns one at a time.",arxiv,llm,0.680,unreviewed,,doi:10.1016/j.infsof.2020.106278
discarded,Automated Test Suite Enhancement Using Large Language Models with Few-shot Prompting,Alex Chudic; Gül Çalıklı,2026,cs.SE,10.48550/arXiv.2602.12256,http://arxiv.org/abs/2602.12256v1,off-topic-false-hit,"Unit testing is essential for verifying the functional correctness of code modules (e.g., classes, methods), but manually writing unit tests is often labor-intensive and time-consuming. Unit tests generated by tools that employ traditional approaches, such as search-based software testing (SBST), lack readability, naturalness, and practical usability. LLMs have recently provided promising results and become integral to developers' daily practices. Consequently, software repositories now include a mix of human-written tests, LLM-generated tests, and those from tools employing traditional approaches such as SBST. While LLMs' zero-shot capabilities have been widely studied, their few-shot learning potential for unit test generation remains underexplored. Few-shot prompting enables LLMs to learn from examples in the prompt, and automatically retrieving such examples could enhance test suites. This paper empirically investigates how few-shot prompting with different test artifact sources, comprising human, SBST, or LLM, affects the quality of LLM-generated unit tests as program comprehension artifacts and their contribution to improving existing test suites by evaluating not only correctness and coverage but also readability, cognitive complexity, and maintainability in hybrid human-AI codebases. We conducted experiments on HumanEval and ClassEval datasets using GPT-4o, which is integrated into GitHub Copilot and widely used among developers. We also assessed retrieval-based methods for selecting relevant examples. Our results show that LLMs can generate high-quality tests via few-shot prompting, with human-written examples producing the best coverage and correctness. Additionally, selecting examples based on the combined similarity of problem description and code consistently yields the most effective few-shot prompts.",arxiv,llm,0.980,unreviewed,,doi:10.48550/arxiv.2602.12256
discarded,Investigating the Impact of Vocabulary Difficulty and Code Naturalness on Program Comprehension,Bin Lin; Gregorio Robles,2023,cs.SE,10.48550/arXiv.2308.13429,http://arxiv.org/abs/2308.13429v1,adjacent-subtopic,"Context: Developers spend most of their time comprehending source code during software development. Automatically assessing how readable and understandable source code is can provide various benefits in different tasks, such as task triaging and code reviews. While several studies have proposed approaches to predict software readability and understandability, most of them only focus on local characteristics of source code. Besides, the performance of understandability prediction is far from satisfactory.
  Objective: In this study, we aim to assess readability and understandability from the perspective of language acquisition. More specifically, we would like to investigate whether code readability and understandability are correlated with the naturalness and vocabulary difficulty of source code.
  Method: To assess code naturalness, we adopted the cross-entropy metric, while we use a manually crafted list of code elements with their assigned advancement levels to assess the vocabulary difficulty. We will conduct a statistical analysis to understand their correlations and analyze whether code naturalness and vocabulary difficulty can be used to improve the performance of code readability and understandability prediction methods. The study will be conducted on existing datasets.",arxiv,llm,0.880,unreviewed,,doi:10.48550/arxiv.2308.13429
discarded,Comprehension of Ads-supported and Paid Android Applications: Are They Different?,Rubén Saborido; Foutse Khomh; Yann-Gaël Guéhéneuc; Giuliano Antoniol,2017,cs.SE,10.48550/arXiv.1703.03017,http://arxiv.org/abs/1703.03017v1,off-topic-false-hit,"The Android market is a place where developers offer paid and-or free apps to users. Free apps are interesting to users because they can try them immediately without incurring a monetary cost. However, free apps often have limited features and-or contain ads when compared to their paid counterparts. Thus, users may eventually need to pay to get additional features and-or remove ads. While paid apps have clear market values, their ads-supported versions are not entirely free because ads have an impact on performance.
  In this paper, first, we perform an exploratory study about ads-supported and paid apps to understand their differences in terms of implementation and development process. We analyze 40 Android apps and we observe that (i) ads-supported apps are preferred by users although paid apps have a better rating, (ii) developers do not usually offer a paid app without a corresponding free version, (iii) ads-supported apps usually have more releases and are released more often than their corresponding paid versions, (iv) there is no a clear strategy about the way developers set prices of paid apps, (v) paid apps do not usually include more functionalities than their corresponding ads-supported versions, (vi) developers do not always remove ad networks in paid versions of their ads-supported apps, and (vii) paid apps require less permissions than ads-supported apps. Second, we carry out an experimental study to compare the performance of ads-supported and paid apps and we propose four equations to estimate the cost of ads-supported apps. We obtain that (i) ads-supported apps use more resources than their corresponding paid versions with statistically significant differences and (ii) paid apps could be considered a most cost-effective choice for users because their cost can be amortized in a short period of time, depending on their usage.",arxiv,llm,0.980,unreviewed,,doi:10.48550/arxiv.1703.03017
discarded,Analyzing Code Comments to Boost Program Comprehension,Yusuke Shinyama; Yoshitaka Arahori; Katsuhiko Gondow,2019,cs.SE,10.1109/APSEC.2018.00047,http://arxiv.org/abs/1905.02050v2,adjacent-subtopic,"We are trying to find source code comments that help programmers understand a nontrivial part of source code. One of such examples would be explaining to assign a zero as a way to ""clear"" a buffer. Such comments are invaluable to programmers and identifying them correctly would be of great help. Toward this goal, we developed a method to discover explanatory code comments in a source code. We first propose eleven distinct categories of code comments. We then developed a decision-tree based classifier that can identify explanatory comments with 60% precision and 80% recall. We analyzed 2,000 GitHub projects that are written in two languages: Java and Python. This task is novel in that it focuses on a microscopic comment (""local comment"") within a method or function, in contrast to the prior efforts that focused on API- or method-level comments. We also investigated how different category of comments is used in different projects. Our key finding is that there are two dominant types of comments: preconditional and postconditional. Our findings also suggest that many English code comments have a certain grammatical structure that are consistent across different projects.",arxiv,llm,0.930,unreviewed,,doi:10.1109/apsec.2018.00047
discarded,CADV: A software visualization approach for code annotations distribution,Phyllipe Lima; Jorge Melegati; Everaldo Gomes; Nathalya Stefhany Pereira; Eduardo Guerra; Paulo Meirelles,2021,cs.SE,10.1016/j.infsof.2022.107089,http://arxiv.org/abs/2112.10938v3,adjacent-subtopic,"Code annotations is a widely used feature in Java systems to configure custom metadata on programming elements. Their increasing presence creates the need for approaches to assess and comprehend their usage and distribution. In this context, software visualization has been studied and researched to improve program comprehension in different aspects. This study aimed at designing a software visualization approach that graphically displays how code annotations are distributed and organized in a software system and developing a tool, as a reference implementation of the approach, to generate views and interact with users. We conducted an empirical evaluation through questionnaires and interviews to evaluate our visualization approach considering four aspects: effectiveness for program comprehension, perceived usefulness, perceived ease of use, and suitability for the intended audience. The resulting data was used to perform a qualitative and quantitative analysis. The tool identifies package responsibilities providing visual information about their annotations at different levels. Using the developed tool, the participants achieved a high correctness rate in the program comprehension tasks and performed very well in questions about the overview of the system under analysis. Finally, participants perceived that the tool outperforms existing approaches for code inspection when searching for information related to code annotations. The results show that the visualization approach using the developed tool is effective in program comprehension tasks related to code annotations, which can also be used to identify responsibilities in the application packages. Moreover, it was evaluated as suitable for newcomers to overview the usage of annotations in the system and for architects to perform a deep analysis that can potentially detect misplaced annotations and abnormal growths on their usage.",arxiv,llm,0.850,unreviewed,,doi:10.1016/j.infsof.2022.107089
discarded,Developers' Visuo-spatial Mental Model and Program Comprehension,Abir Bouraffa; Gian-Luca Fuhrmann; Walid Maalej,2023,cs.SE,10.48550/arXiv.2304.09301,http://arxiv.org/abs/2304.09301v1,off-topic-false-hit,"Previous works from research and industry have proposed a spatial representation of code in a canvas, arguing that a navigational code space confers developers the freedom to organise elements according to their understanding. By allowing developers to translate logical relatedness into spatial proximity, this code representation could aid in code navigation and comprehension. However, the association between developers' code comprehension and their visuo-spatial mental model of the code is not yet well understood. This mental model is affected on the one hand by the spatial code representation and on the other by the visuo-spatial working memory of developers.
  We address this knowledge gap by conducting an online experiment with 20 developers following a between-subject design. The control group used a conventional tab-based code visualization, while the experimental group used a code canvas to complete three code comprehension tasks. Furthermore, we measure the participants' visuo-spatial working memory using a Corsi Block test at the end of the tasks. Our results suggest that, overall, neither the spatial representation of code nor the visuo-spatial working memory of developers has a significant impact on comprehension performance. However, we identified significant differences in the time dedicated to different comprehension activities such as navigation, annotation, and UI interactions.",arxiv,llm,0.880,unreviewed,,doi:10.48550/arxiv.2304.09301
discarded,Tables or Sankey Diagrams? Investigating User Interaction with Different Representations of Simulation Parameters,Choro Ulan uulu; Mikhail Kulyabin; Katharina M Zeiner; Jan Joosten; Nuno Miguel Martins Pacheco; Filippos Petridis; Rebecca Johnson; Jan Bosch; Helena Holmström Olsson,2026,cs.HC,10.48550/arXiv.2601.10232,http://arxiv.org/abs/2601.10232v1,off-topic-false-hit,"Understanding complex parameter dependencies is critical for effective configuration and maintenance of software systems across diverse domains - from Computer-Aided Engineering (CAE) to cloud infrastructure and database management. However, legacy tabular interfaces create a major bottleneck: engineers cannot easily comprehend how parameters relate across the system, leading to inefficient workflows, costly configuration errors, and reduced system trust - a fundamental program comprehension challenge in configuration-intensive software. This research evaluates whether interactive Sankey diagrams can improve comprehension of parameter dependencies compared to traditional spreadsheet interfaces. We employed a heuristic evaluation using the PURE method with three expert evaluators (UX design, simulation, and software development specialists) to compare a Sankey-based prototype to traditional tabular representations for core engineering tasks. Our key contribution demonstrates that flow-based parameter visualizations significantly reduce cognitive load (51% lower PURE scores) and interaction complexity (56% fewer steps) compared to traditional tables, while making parameter dependencies immediately visible rather than requiring mental reconstruction. By explicitly visualizing parameter relationships, Sankey diagrams address a core software visualization challenge: helping users comprehend complex system configurations without requiring deep tool-specific knowledge. While demonstrated through CAE software, this research contributes to program comprehension and software visualization by showing that dependency-aware visualizations can significantly improve understanding of configuration-intensive systems. The findings have implications for any software domain where comprehending complex parameter relationships is essential for effective system use and maintenance.",arxiv,llm,0.990,unreviewed,,doi:10.48550/arxiv.2601.10232
