status,title,authors,year,venue,doi,url,tags,abstract,provider,decision_source,llm_confidence,llm_review_outcome,llm_change_direction,paper_id
discarded,Finding Misleading Identifiers in Novice Code Using LLMs,Řechtáčková A.,2025,SIGCSE TS 2025 Proceedings of the 56th ACM Technical Symposium on Computer Science Education,10.1145/3641555.3705282,https://www.scopus.com/inward/record.uri?partnerID=HzOxMe3b&scp=86000247412&origin=inward,adjacent-subtopic,,scopus,llm,0.880,unreviewed,,doi:10.1145/3641555.3705282
kept,Introducing Code Quality at CS1 Level: Examples and Activities,Izu C.,2025,Annual Conference on Innovation and Technology in Computer Science Education Iticse,10.1145/3689187.3709615,https://www.scopus.com/inward/record.uri?partnerID=HzOxMe3b&scp=85219525965&origin=inward,supports-claim,,scopus,llm,0.800,unreviewed,,doi:10.1145/3689187.3709615
kept,WIP: Exploratory Analysis of Code Quality Issues in CS1,Rodrigues I.V.,2025,Proceedings Frontiers in Education Conference Fie,10.1109/FIE63693.2025.11328215,https://www.scopus.com/inward/record.uri?partnerID=HzOxMe3b&scp=105033033937&origin=inward,qualifies-claim,,scopus,llm,0.740,unreviewed,,doi:10.1109/fie63693.2025.11328215
discarded,An Empirical Study of Generative AI for CRUD Code: A PHP Case with Tutorial Based Novice Baselines,Magfira F.,2025,Proceedings of 2025 IEEE International Conference on Data and Software Engineering Icodse 2025,10.1109/ICoDSE68111.2025.11351822,https://www.scopus.com/inward/record.uri?partnerID=HzOxMe3b&scp=105033624647&origin=inward,adjacent-subtopic,,scopus,llm,0.790,unreviewed,,doi:10.1109/icodse68111.2025.11351822
kept,Code Style != Code Quality,Kirk D.,2024,SIGCSE Virtual 2024 Proceedings of the 2024 ACM Virtual Global Computing Education Conference V 1,10.1145/3649165.3703621,https://www.scopus.com/inward/record.uri?partnerID=HzOxMe3b&scp=85215513390&origin=inward,qualifies-claim; pep8,,scopus,llm_reviewed,0.850,confirmed,,doi:10.1145/3649165.3703621
kept,Introducing Code Quality in the CS1 Classroom,Izu C.,2024,Annual Conference on Innovation and Technology in Computer Science Education Iticse,10.1145/3649405.3659535,https://www.scopus.com/inward/record.uri?partnerID=HzOxMe3b&scp=85198638608&origin=inward,supports-claim,,scopus,llm,0.790,unreviewed,,doi:10.1145/3649405.3659535
discarded,Growth in Knowledge of Programming Patterns: A Comparison Study of CS1 vs. CS2 Students,Nurollahian S.,2024,SIGCSE 2024 Proceedings of the 55th ACM Technical Symposium on Computer Science Education,10.1145/3626252.3630865,https://www.scopus.com/inward/record.uri?partnerID=HzOxMe3b&scp=85189313054&origin=inward,adjacent-subtopic,,scopus,llm,0.810,unreviewed,,doi:10.1145/3626252.3630865
kept,Fixing Your Own Smells: Adding a Mistake-Based Familiarisation Step When Teaching Code Refactoring,Tan I.,2024,SIGCSE 2024 Proceedings of the 55th ACM Technical Symposium on Computer Science Education,10.1145/3626252.3630856,https://www.scopus.com/inward/record.uri?partnerID=HzOxMe3b&scp=85189297509&origin=inward,supports-claim,,scopus,llm,0.780,unreviewed,,doi:10.1145/3626252.3630856
discarded,Assessing the Promise and Pitfalls of ChatGPT for Automated CS1-driven Code Generation,Akbar Khan M.F.,2024,Proceedings of the International Conference on Educational Data Mining,10.5281/zenodo.12729778,https://www.scopus.com/inward/record.uri?partnerID=HzOxMe3b&scp=105023322122&origin=inward,adjacent-subtopic,,scopus,llm,0.800,unreviewed,,doi:10.5281/zenodo.12729778
kept,Exploring CS1 Student's Notions of Code Quality,Izu C.,2023,Annual Conference on Innovation and Technology in Computer Science Education Iticse,10.1145/3587102.3588808,https://www.scopus.com/inward/record.uri?partnerID=HzOxMe3b&scp=85166232059&origin=inward,supports-claim,,scopus,llm,0.820,unreviewed,,doi:10.1145/3587102.3588808
kept,Common Code Quality Issues of Novice Java Programmers: A Comprehensive Analysis of Student Assignments,Kohlbacher C.J.,2023,International Conference on Computer Supported Education Csedu Proceedings,10.5220/0011715400003470,https://www.scopus.com/inward/record.uri?partnerID=HzOxMe3b&scp=85160857885&origin=inward,qualifies-claim,,scopus,llm,0.820,unreviewed,,doi:10.5220/0011715400003470
kept,Developing students' code style skills,Prokop Y.,2023,International Scientific and Technical Conference on Computer Sciences and Information Technologies,10.1109/CSIT61576.2023.10324182,https://www.scopus.com/inward/record.uri?partnerID=HzOxMe3b&scp=85179850157&origin=inward,supports-claim,,scopus,llm,0.800,unreviewed,,doi:10.1109/csit61576.2023.10324182
kept,A Resource to Support Novices Refactoring Conditional Statements,Izu C.,2022,Annual Conference on Innovation and Technology in Computer Science Education Iticse,10.1145/3502718.3524810,https://www.scopus.com/inward/record.uri?partnerID=HzOxMe3b&scp=85134430754&origin=inward,supports-claim,,scopus,llm,0.780,unreviewed,,doi:10.1145/3502718.3524810
discarded,Sprinter: A Didactic Linter for Structured Programming,Alfredo F.,2022,Openaccess Series in Informatics,10.4230/OASIcs.ICPEC.2022.2,https://www.scopus.com/inward/record.uri?partnerID=HzOxMe3b&scp=85134626700&origin=inward,adjacent-subtopic,,scopus,llm,0.860,unreviewed,,doi:10.4230/oasics.icpec.2022.2
kept,Meaningful Identifier Names: The Case of Single-Letter Variables,Gal Beniamini; Sarah Gingichashvili; Alon Klein Orbach; Dror G. Feitelson,2017,,10.1109/icpc.2017.18,https://openalex.org/W2727300901,qualifies-claim; namngivning,"It is widely accepted that variable names in computer programs should be meaningful, and that this aids program comprehension. ""Meaningful"" is commonly interpreted as favoring long descriptive names. However, there is at least some use of short and even single-letter names: using 'i' in loops is very common, and we show (by extracting variable names from 1000 popular github projects in 5 languages) that some other letters are also widely used. In addition, controlled experiments with different versions of the same functions (specifically, different variable names) failed to show significant differences in ability to modify the code. Finally, an online survey showed that certain letters are strongly associated with certain types and meanings. This implies that a single letter can in fact convey meaning. The conclusion from all this is that single letter variables can indeed be used beneficially in certain cases, leading to more concise code.",openalex,llm_reviewed,0.990,confirmed,,doi:10.1109/icpc.2017.18
kept,Shorter identifier names take longer to comprehend,Johannes C. Hofmeister; Janet Siegmund; Daniel V. Holt,2017,,10.1109/saner.2017.7884623,https://openalex.org/W3008773848,supports-claim,"Developers spend the majority of their time comprehending code, a process in which identifier names play a key role. Although many identifier naming styles exist, they often lack an empirical basis and it is not quite clear whether short or long identifier names facilitate comprehension. In this paper, we investigate the effect of different identifier naming styles (letters, abbreviations, words) on program comprehension, and whether these effects arise because of their length or their semantics. We conducted an experimental study with 72 professional C# developers, who looked for defects in source-code snippets. We used a within-subjects design, such that each developer saw all three versions of identifier naming styles and we measured the time it took them to find a defect. We found that words lead to, on average, 19% faster comprehension speed compared to letters and abbreviations, but we did not find a significant difference in speed between letters and abbreviations. The results of our study suggest that defects in code are more difficult to detect when code contains only letters and abbreviations. Words as identifier names facilitate program comprehension and can help to save costs and improve software quality.",openalex,llm,0.990,unreviewed,,doi:10.1109/saner.2017.7884623
kept,Shorter identifier names take longer to comprehend,Johannes C. Hofmeister; Janet Siegmund; Daniel V. Holt,2018,Empirical Software Engineering,10.1007/s10664-018-9621-x,https://openalex.org/W2597465230,supports-claim,,openalex,llm,0.960,unreviewed,,doi:10.1007/s10664-018-9621-x
discarded,Bidirectional LSTM-CRF Models for Sequence Tagging,"Huang, Zhiheng; Xu, Wei; Kai Yu",2015,arXiv (Cornell University),10.4230/oasics.slate.2021.8,https://openalex.org/W1940872118,off-topic-false-hit,"At the moment, the vast majority of Portuguese archives with an online presence use a software solution to manage their finding aids: e.g. Digitarq or Archeevo. Most of these finding aids are written in natural language without any annotation that would enable a machine to identify named entities, geographical locations or even some dates. That would allow the machine to create smart browsing tools on top of those record contents like entity linking and record linking. In this work we have created a set of datasets to train Machine Learning algorithms to find those named entities and geographical locations. After training several algorithms we tested them in several datasets and registered their precision and accuracy. These results enabled us to achieve some conclusions about what kind of precision we can achieve with this approach in this context and what to do with the results: do we have enough precision and accuracy to create toponymic and anthroponomic indexes for archival finding aids? Is this approach suitable in this context? These are some of the questions we intend to answer along this paper.",openalex,llm,0.990,unreviewed,,doi:10.4230/oasics.slate.2021.8
discarded,"A Practical Guide to Calculating Cohen’s f2, a Measure of Local Effect Size, from PROC MIXED",Arielle Selya; Jennifer Rose; Lisa Dierker; Donald Hedeker; Robin J. Mermelstein,2012,Frontiers in Psychology,10.3389/fpsyg.2012.00111,https://openalex.org/W2006393891,off-topic-false-hit,"Reporting effect sizes in scientific articles is increasingly widespread and encouraged by journals; however, choosing an effect size for analyses such as mixed-effects regression modeling and hierarchical linear modeling can be difficult. One relatively uncommon, but very informative, standardized measure of effect size is Cohen's f(2), which allows an evaluation of local effect size, i.e., one variable's effect size within the context of a multivariate regression model. Unfortunately, this measure is often not readily accessible from commonly used software for repeated-measures or hierarchical data analysis. In this guide, we illustrate how to extract Cohen's f(2) for two variables within a mixed-effects regression model using PROC MIXED in SAS(®) software. Two examples of calculating Cohen's f(2) for different research questions are shown, using data from a longitudinal cohort study of smoking development in adolescents. This tutorial is designed to facilitate the calculation and reporting of effect sizes for single variables within mixed-effects multiple regression models, and is relevant for analyses of repeated-measures or hierarchical/multilevel data that are common in experimental psychology, observational research, and clinical or intervention studies.",openalex,llm,0.990,unreviewed,,doi:10.3389/fpsyg.2012.00111
discarded,Fuel Efficiency and Motor Vehicle Travel: The Declining Rebound Effect,Kenneth A. Small; Kurt Van Dender,2007,The Energy Journal,10.5547/issn0195-6574-ej-vol28-no1-2,https://openalex.org/W1966889903,off-topic-false-hit,"We estimate the rebound effect for motor vehicles, by which improved fuel efficiency causes additional travel, using a pooled cross section of US states for 1966-2001. Our model accounts for endogenous changes in fuel efficiency, distinguishes between autocorrelation and lagged effects, includes a measure of the stringency of fuel-economy standards, and allows the rebound effect to vary with income, urbanization, and the fuel cost of driving. At sample averages of variables, our simultaneous-equations estimates of the short- and long-run rebound effect are 4.5% and 22.2%. But rising real income caused it to diminish substantially over the period, aided by falling fuel prices. With variables at 1997-2001 levels, our estimates are only 2.2% and 10.7%, considerably smaller than values typically assumed for policy analysis. With income and starting fuel efficiency at 1997-2001 levels and fuel prices 58 percent higher, the estimates are still only 3.1% and 15.3%, respectively.",openalex,llm,0.990,unreviewed,,doi:10.5547/issn0195-6574-ej-vol28-no1-2
discarded,Dealing with endogeneity bias: The generalized method of moments (GMM) for panel data,Subhan Ullah; Pervaiz Akhtar; Ghasem Zaefarian,2018,Industrial Marketing Management,10.1016/j.indmarman.2017.11.010,https://openalex.org/W2780744508,off-topic-false-hit,,openalex,llm,0.980,unreviewed,,doi:10.1016/j.indmarman.2017.11.010
discarded,"A set of 400 pictures standardized for French: Norms for name agreement, image agreement, familiarity, visual complexity, image variability, and age of acquisition",F.‐Xavier Alario; Ludovic Ferrand,1999,"Behavior Research Methods, Instruments, & Computers",10.3758/bf03200732,https://openalex.org/W2001706122,off-topic-false-hit,,openalex,llm,0.980,unreviewed,,doi:10.3758/bf03200732
discarded,The Effect of the TseTse Fly on African Development,Marcella Alsan,2015,American Economic Review,10.1257/aer.20130604,https://openalex.org/W2131411430,off-topic-false-hit,"The TseTse fly is unique to Africa and transmits a parasite harmful to humans and lethal to livestock. This paper tests the hypothesis that the TseTse reduced the ability of Africans to generate an agricultural surplus historically. Ethnic groups inhabiting TseTse-suitable areas were less likely to use domesticated animals and the plow, less likely to be politically centralized, and had a lower population density. These correlations are not found in the tropics outside of Africa, where the fly does not exist. The evidence suggests current economic performance is affected by the TseTse through the channel of pre colonial political centralization. (JEL I12, N57, O13, O17, Q12, Q16, Q18)",openalex,llm,0.990,unreviewed,,doi:10.1257/aer.20130604
discarded,How to perform a meta-analysis with R: a practical tutorial,Sara Balduzzi; Gerta Rücker; Guido Schwarzer,2019,Evidence-Based Mental Health,10.1136/ebmental-2019-300117,https://openalex.org/W2975424845,off-topic-false-hit,"OBJECTIVE: Meta-analysis is of fundamental importance to obtain an unbiased assessment of the available evidence. In general, the use of meta-analysis has been increasing over the last three decades with mental health as a major research topic. It is then essential to well understand its methodology and interpret its results. In this publication, we describe how to perform a meta-analysis with the freely available statistical software environment R, using a working example taken from the field of mental health. METHODS: R package meta is used to conduct standard meta-analysis. Sensitivity analyses for missing binary outcome data and potential selection bias are conducted with R package metasens. All essential R commands are provided and clearly described to conduct and report analyses. RESULTS: The working example considers a binary outcome: we show how to conduct a fixed effect and random effects meta-analysis and subgroup analysis, produce a forest and funnel plot and to test and adjust for funnel plot asymmetry. All these steps work similar for other outcome types. CONCLUSIONS: R represents a powerful and flexible tool to conduct meta-analyses. This publication gives a brief glimpse into the topic and provides directions to more advanced meta-analysis methods available in R.",openalex,llm,0.990,unreviewed,,doi:10.1136/ebmental-2019-300117
discarded,Post-hoc Probing of Significant Moderational and Mediational Effects in Studies of Pediatric Populations,Grayson N. Holmbeck,2002,Journal of Pediatric Psychology,10.1093/jpepsy/27.1.87,https://openalex.org/W2170123630,off-topic-false-hit,"OBJECTIVE: To provide examples of post-hoc probing of significant moderator and mediator effects in research on children with pediatric conditions. METHODS: To demonstrate post-hoc probing of moderational effects, significant two-way interaction effects (dichotomous variable x continuous variable; continuous variable x continuous variable) were probed with regressions that included conditional moderator variables. Regression lines were plotted based on the resulting regression equations that included simple slopes and y-intercepts. To demonstrate probing of mediational effects, the significance of the indirect effect was tested (i.e., the drop in the total predictor --> outcome effect when the mediator is included in the model), using Sobel's (1988) equation for computing the standard error of the indirect effect. RESULTS: All significant moderator and mediator effects are presented in figure form. CONCLUSIONS: The computational examples demonstrate the importance of conducting post-hoc probes of moderational and mediational effects.",openalex,llm,0.990,unreviewed,,doi:10.1093/jpepsy/27.1.87
discarded,A Beginner's Guide to Structural Equation Modeling,Randall E. Schumacker; Tiffany A. Whittaker,2015,,10.4324/9781003640219,https://openalex.org/W1836311887,off-topic-false-hit,"Noted for its crystal clear explanations, this book is considered the most comprehensive introductory text to structural equation modeling (SEM). Noted for its thorough review of basic concepts and a wide variety of models, this book better prepares readers to apply SEM to a variety of research questions. Programming details and the use of algebra are kept to a minimum to help readers easily grasp the concepts so they can conduct their own analysis and critique related research. Featuring a greater emphasis on statistical power and model validation than other texts, each chapter features key concepts, examples from various disciplines, tables and figures, a summary, and exercises. Highlights of the extensively revised 4th edition include: -Uses different SEM software (not just Lisrel) including Amos, EQS, LISREL, Mplus, and R to demonstrate applications. -Detailed introduction to the statistical methods related to SEM including correlation, regression, and factor analysis to maximize understanding (Chs. 1 – 6). -The 5 step approach to modeling data (specification, identification, estimation, testing, and modification) is now covered in more detail and prior to the modeling chapters to provide a more coherent view of how to create models and interpret results (ch. 7). -More discussion of hypothesis testing, power, sampling, effect sizes, and model fit, critical topics for beginning modelers (ch. 7). - Each model chapter now focuses on one technique to enhance understanding by providing more description, assumptions, and interpretation of results, and an exercise related to analysis and output (Chs. 8 -15). -The use of SPSS AMOS diagrams to describe the theoretical models. -The key features of each of the software packages (Ch. 1). -Guidelines for reporting SEM research (Ch. 16). -www.routledge.com/9781138811935 which provides access to data sets that can be used with any program, links to other SEM examples, related readings, and journal articles, and more. Reorganized, the new edition begins with a more detailed introduction to SEM including the various software packages available, followed by chapters on data entry and editing, and correlation which is critical to understanding how missing data, non-normality, measurement, and restriction of range in scores affects SEM analysis. Multiple regression, path, and factor models are then reviewed and exploratory and confirmatory factor analysis is introduced. These chapters demonstrate how observed variables share variance in defining a latent variables and introduce how measurement error can be removed from observed variables. Chapter 7 details the 5 SEM modeling steps including model specification, identification, estimation, testing, and modification along with a discussion of hypothesis testing and the related issues of power, and sample and effect sizes.Chapters 8 to 15 provide comprehensive introductions to different SEM models including Multiple Group, Second-Order CFA, Dynamic Factor, Multiple-Indicator Multiple-Cause, Mixed Variable and Mixture, Multi-Level, Latent Growth, and SEM Interaction Models. Each of the 5 SEM modeling steps is explained for each model along with an application. Chapter exercises provide practice with and enhance understanding of the analysis of each model. The book concludes with a review of SEM guidelines for reporting research. Designed for introductory graduate courses in structural equation modeling, factor analysis, advanced, multivariate, or applied statistics, quantitative techniques, or statistics II taught in psychology, education, business, and the social and healthcare sciences, this practical book also appeals to researchers in these disciplines. Prerequisites include an introduction to intermediate statistics that covers correlation and regression principles.",openalex,llm,0.980,unreviewed,,doi:10.4324/9781003640219
discarded,R 2 effect-size measures for mediation analysis,Amanda J. Fairchild; David P. MacKinnon; Marcia P. Taborga; Aaron B. Taylor,2009,Behavior Research Methods,10.3758/brm.41.2.486,https://openalex.org/W2025333675,off-topic-false-hit,,openalex,llm,0.980,unreviewed,,doi:10.3758/brm.41.2.486
