status,title,authors,year,venue,doi,url,tags,abstract,provider,decision_source,llm_confidence,llm_review_outcome,llm_change_direction,paper_id
discarded,Comparing the Cost-Effectiveness of Statically Analysing and Model Checking Concurrent Java Components for Deadlocks,John Ngui; Paul Strooper; Luke Wildman; Margaret Wojcicki,2007,2007 Australian Software Engineering Conference (ASWEC'07),10.1109/ASWEC.2007.16,https://ieeexplore.ieee.org/document/4159675/,off-topic-false-hit,"Verifying concurrent Java programs is difficult due to the many possible interleavings of threads and a number of specific concurrency defects such as interference and deadlock. To verify concurrent Java components, the TestCon method combines code inspection, static analysis and dynamic analysis. The deadlock detection steps of TestCon include static analysis (using Jlint) that may result in false positives or false negatives; therefore code inspection is combined with Jlint, but inspection can be time-consuming and depends on the inspector's skills. In this paper, we evaluate the cost-effectiveness of the Java PathFinder 2 (JPF 2) model checker for the detection of deadlocks in the context of the TestCon method. The results of the study show that using JPF 2 can improve TestCon's effectiveness but a trade-off has to be made in terms of cost in the development of the driver and analysis of its output. General conclusions cannot be drawn since the study was exploratory and small-scale; however the observations highlight some of the strengths and weaknesses of using JPF 2 compared to static analysis and code inspection.",ieee,llm,0.980,unreviewed,,doi:10.1109/aswec.2007.16
discarded,4 From the Detection of Cyber-Attacks to Self-Healing Industry 4.0,Sergei Petrenko,2020,Developing a Cybersecurity Immune System for Industry 4.0,,https://ieeexplore.ieee.org/document/9227655/,off-topic-false-hit,"Cyber immune systems try to mimic the adaptive immune system of humans and animals because of its capability to detect and fend off new, unseen pathogens. Today's current cyber security systems provide an effective defense mechanism against known cyber-attacks but are not so good when it comes to defending against unknown attacks. This book describes the possible development and organization of self-healing computing based on cyber immunity techniques and aimed at working in the new realm of Industry 4.0. Industry 4.0 is the trend towards automation and data exchange in manufacturing technologies and processes which include cyber-physical systems (CPS), the internet of things (IoT), industrial internet of things (IIOT), cloud computing, cognitive computing and artificial intelligence. The book describes the author's research and development of cyber-immunity systems that will prevent the destruction of critical information infrastructure by future unknown cyber-attacks and thus avoid the significant or catastrophic consequences of such attacks. The book is designed for undergraduate and post-graduate students, for engineers in related fields as well as managers of corporate and state structures, chief information officers (CIO), chief information security officers (CISO), architects, and research engineers in the field of cybersecurity. This book contains four chapters 1. Cyber Immunity Concept of the Industry 4.0; 2. Mathematical Framework for Immune Protection of Industry 4.0; 3. Trends and prospects of the development of Immune Protection of Industry 4.0; 4. From detecting cyber-attacks to self-healing Industry 4.0;",ieee,llm,1.000,unreviewed,,hash:b64a765106dbe8e8
discarded,AelE: A Versatile Tool for Teaching Programming and Robotics Using Arduino,Gonzalo Pablo Fernández; Christian Cossio-Mercado,2024,2024 L Latin American Computer Conference (CLEI),10.1109/CLEI64178.2024.10700288,https://ieeexplore.ieee.org/document/10700288/,off-topic-false-hit,"There is agreement on the importance of teaching programming as part of the mandatory basic education (i.e., initial, primary and secondary school), as it gives tools to problem solving and abstract thinking, among other things. There are several programming tools that are usually used in schools, Scratch being one of the most famous. In general, Arduino boards are widely used in educational contexts, given their open hardware design as well as the myriad of technical and educational resources that are available freely, and that they allow to work with physical programming as well as with full scale projects. Arduino boards are usually programmed using the Arduino IDE, that is text-based, as well as with block based tools such as mBlock, proprietary tools for Arduino-compatible boards and even extensions of Scratch. Those tools have limitations in order to be used in schools, given that they require the learning of text or block syntax, even when the latter has a softer learning curve. Particularly, some block programming tools are specific to certain kits or boards, do not include a variety of blocks for generic sensors and actuators, have very few blocks that facilitate the programming or are not available in widely used languages such as Spanish. In this work we present the block based Arduino programming Arduino en la Escuela (AelE, that could be translated from Spanish as “Arduino at the School”), that excels in versatility, given that it was used with students from ages, sociocultural context, as well as previous knowledge. The tool was used for courses mostly with secondary school students, but it was also applied in other contexts as with younger children and adults, as well as with teachers and even as part of a prison education program. In all these experiences AelE was well accepted by the students, and the tool was totally suitable in order to complete the required class assignments as well as to work with projects of different kinds.",ieee,llm,0.970,unreviewed,,doi:10.1109/clei64178.2024.10700288
discarded,Large Language Models-Aided Program Debloating,Bo Lin; Shangwen Wang; Yihao Qin; Liqian Chen; Xiaoguang Mao,2025,IEEE Transactions on Software Engineering,10.1109/TSE.2025.3594673,https://ieeexplore.ieee.org/document/11106926/,off-topic-false-hit,"As software grows in complexity to accommodate diverse features and platforms, software bloating has emerged as a significant challenge, adversely affecting performance and security. However, existing approaches inadequately address the dual objectives of debloating: maintaining functionality by preserving essential features and enhancing security by reducing security issues. Specifically, current software debloating techniques often rely on input-based analysis, using user inputs as proxies for the specifications of desired features. However, these approaches frequently overfit provided inputs, leading to functionality loss and potential security vulnerabilities. To address these limitations, we propose LEADER, a program debloating framework enhanced by Large Language Models (LLMs), which leverages their semantic understanding, generative capabilities, and decision-making strengths. LEADER mainly consists of two modules: (1) a documentation-guided test augmentation module designed to preserve functionality, which leverages LLMs to comprehend program documentation and generates sufficient tests to cover the desired features comprehensively, and (2) a multi-advisor-aided program debloating module that employs a neuro-symbolic pipeline to ensure that the security of the software can be perceived during debloating. This module combines debloating and security advisors for analysis and employs an LLM as a decision-maker to eliminate undesired code securely. Extensive evaluations on widely used benchmarks demonstrate the efficacy of LEADER. It achieves a 95.5% test case pass rate and reduces program size by 42.5%. Notably, it reduces the introduction of vulnerabilities during debloating by 79.1% and decreases pre-existing vulnerabilities by 16.5% more than CovA. These results demonstrate that LEADER surpasses the state-of-the-art tool CovA in functionality and security. These results underscore the potential of LEADER to set a new standard in program debloating by effectively balancing functionality and security.",ieee,llm,0.970,unreviewed,,doi:10.1109/tse.2025.3594673
kept,On the Use of Static Analysis to Engage Students with Software Quality Improvement: An Experience with PMD,Eman Abdullah AlOmar; Salma Abdullah AlOmar; Mohamed Wiem Mkaouer,2023,cs.SE,10.48550/arXiv.2302.05554,http://arxiv.org/abs/2302.05554v2,supports-claim,"Static analysis tools are frequently used to scan the source code and detect deviations from the project coding guidelines. Given their importance, linters are often introduced to classrooms to educate students on how to detect and potentially avoid these code anti-patterns. However, little is known about their effectiveness in raising students awareness, given that these linters tend to generate a large number of false positives. To increase the awareness of potential coding issues that violate coding standards, in this paper, we aim to reflect on our experience with teaching the use of static analysis for the purpose of evaluating its effectiveness in helping students with respect to improving software quality. This paper discusses the results of an experiment in the classroom over a period of 3 academic semesters, involving 65 submissions that carried out code review activity of 690 rules using PMD. The results of the quantitative and qualitative analysis shows that the presence of a set of PMD quality issues influence the acceptance or rejection of the issues, design, and best practices-related categories that take a longer time to be resolved, and students acknowledge the potential of using static analysis tools during code review. Through this experiment, code review can turn into a vital part of the educational computing plan. We envision our findings enabling educators to support students with code review strategies to raise students awareness about static analysis tools and scaffolding their coding skills.",arxiv,llm,0.780,unreviewed,,doi:10.48550/arxiv.2302.05554
discarded,An Empirical Investigation on the Challenges of Creating Custom Static Analysis Rules for Defect Localization,Diogo Silveira Mendonça; Marcos Kalinowski,2020,cs.SE,10.48550/arXiv.2011.12886,http://arxiv.org/abs/2011.12886v3,off-topic-false-hit,"Background: Custom static analysis rules, i.e., rules specific for one or more applications, have been successfully applied to perform corrective and preventive software maintenance. Pattern-Driven Maintenance (PDM) is a method designed to support the creation of such rules during software maintenance. However, as PDM was recently proposed, few maintainers have reported on its usage. Hence, the challenges and skills needed to apply PDM properly are unknown. Aims: In this paper, we investigate the challenges faced by maintainers on applying PDM for creating custom static analysis rules for defect localization. Method: We conducted an observational study on novice maintainers creating custom static analysis rules by applying PDM. The study was divided into three tasks: (i) identifying a defect pattern, (ii) programming a static analysis rule to locate instances of the pattern, and (iii) verifying the located instances. We analyzed the efficiency and acceptance of maintainers on applying PDM and their comments on task challenges. Results: We observed that previous knowledge on debugging, the subject software, and related technologies influenced the performance of maintainers as well as the time to learn the technology involved in rule programming. Conclusions: The results strengthen our confidence that PDM can help maintainers in producing custom static analysis rules for locating defects. However, a proper selection and training of maintainers is needed to apply PDM effectively. Also, using a higher level of abstraction can ease static analysis rule programming for novice maintainers.",arxiv,llm,0.950,unreviewed,,doi:10.48550/arxiv.2011.12886
discarded,Rookie Mistakes: Measuring Software Quality in Student Projects to Guide Educational Enhancement,Marco De Luca; Sergio Di Martino; Sergio Di Meglio; Anna Rita Fasolino; Luigi Libero Lucio Starace; Porfirio Tramontana,2025,cs.CY,10.48550/arXiv.2507.12488,http://arxiv.org/abs/2507.12488v1,adjacent-subtopic,"When teaching Programming and Software Engineering in Bachelor's Degree programs, the emphasis on creating functional software projects often overshadows the focus on software quality, a trend that aligns with ACM curricula recommendations. Software Engineering courses are typically introduced later in the curriculum, and can generally allocate only limited time to quality-related topics, leaving educators with the challenge of deciding which quality aspects to prioritize. In this decision, the literature offers limited guidance, as most existing studies focus on code written by novice students and small code units, making it unclear whether those findings extend to intermediate-level students with foundational object-oriented programming skills working on more complex software projects. To address this gap, we analyze 83 object-oriented team projects developed by 172 university students across 4 different editions of the Object-Oriented Programming course. We apply a static analysis pipeline used in prior research to assess software quality, combining SonarQube and ArchUnit to detect code smells and architectural anti-patterns. Our findings highlight recurring quality issues and offer concrete evidence of the challenges students face at this stage, providing valuable guidance for educators aiming to continuously improve Software Engineering curricula and promote quality-oriented development practices.",arxiv,llm,0.830,unreviewed,,doi:10.48550/arxiv.2507.12488
discarded,How Do Code Smells Affect Skill Growth in Scratch Novice Programmers?,Ricardo Hidalgo Aragón; Jesús M. González-Barahona; Gregorio Robles,2025,cs.SE,10.48550/arXiv.2507.17314,http://arxiv.org/abs/2507.17314v2,adjacent-subtopic,"Context. Code smells, which are recurring anomalies in design or style, have been extensively researched in professional code. However, their significance in block-based projects created by novices is still largely unknown. Block-based environments such as Scratch offer a unique, data-rich setting to examine how emergent design problems intersect with the cultivation of computational-thinking (CT) skills. Objective. This research explores the connection between CT proficiency and design-level code smells--issues that may hinder software maintenance and evolution--in programs created by Scratch developers. We seek to identify which CT dimensions align most strongly with which code smells and whether task context moderates those associations. Method. A random sample of aprox. 2 million public Scratch projects is mined. Using open-source linters, we extract nine CT scores and 40 code smell indicators from these projects. After rigorous pre-processing, we apply descriptive analytics, robust correlation tests, stratified cross-validation, and exploratory machine-learning models; qualitative spot-checks contextualize quantitative patterns. Impact. The study will deliver the first large-scale, fine-grained map linking specific CT competencies to concrete design flaws and antipatterns. Results are poised to (i) inform evidence-based curricula and automated feedback systems, (ii) provide effect-size benchmarks for future educational interventions, and (iii) supply an open, pseudonymized dataset and reproducible analysis pipeline for the research community. By clarifying how programming habits influence early skill acquisition, the work advances both computing-education theory and practical tooling for sustainable software maintenance and evolution.",arxiv,llm,0.870,unreviewed,,doi:10.48550/arxiv.2507.17314
discarded,REST in Pieces: RESTful Design Rule Violations in Student-Built Web Apps,Sergio Di Meglio; Valeria Pontillo; Luigi Libero Lucio Starace,2025,cs.SE,10.48550/arXiv.2507.11689,http://arxiv.org/abs/2507.11689v1,adjacent-subtopic,"In Computer Science Bachelor's programs, software quality is often underemphasized due to limited time and a focus on foundational skills, leaving many students unprepared for industry expectations. To better understand the typical quality of student code and inform both education and hiring practices, we analyze 40 full-stack web applications developed in a third-year Web Technologies course. Using an automated static analysis pipeline, we assess adherence to REST API design rules. Results reveal frequent violations of foundational conventions, such as missing hyphens in endpoint paths (98%), incorrect pluralization (88%), and misuse of HTTP methods (83%). These findings highlight the need for more focused instruction on API design and support the adoption of automated tools to improve code quality in student projects.",arxiv,llm,0.900,unreviewed,,doi:10.48550/arxiv.2507.11689
discarded,The Effects of Structured LLM-Generated Feedback on Programming Assignment Performance,Tsvetomila Mihaylova; Evanfiya Logacheva; Arto Hellas; Jing Fan; Francisco Castro; Bita Akram; Narges Norouzi; Peter Brusilovsky; Juho Leinonen,2026,cs.HC,10.48550/arXiv.2605.16933,http://arxiv.org/abs/2605.16933v1,off-topic-false-hit,"When programming students encounter errors in their code, compiler messages or static analysis output often provide limited guidance, particularly for novice programmers. Personalized feedback from instructors can be effective but does not scale well. Recent advances in large language models (LLMs) enable automated feedback generation at scale. This study examines whether LLM-generated feedback with different levels of guidance is associated with differences in students' problem-solving behavior. We analyze effects on time to solution and number of attempts, and examine whether these effects differ by programming experience. We design three feedback types and compare them to a baseline in which students receive only compiler error messages. Results from an online programming course show that LLM-generated feedback is associated with faster time to solution compared to the no-feedback baseline, with less guided feedback showing slightly stronger effects. Overall, the findings suggest that feedback structure plays an important role in how students progress toward correct solutions and motivate further work on adaptive feedback designs and longer-term learning outcomes.",arxiv,llm,0.950,unreviewed,,doi:10.48550/arxiv.2605.16933
discarded,Assessment of ChatGPT for Engineering Statics Analysis,Benjamin Hope; Jayden Bracey; Sahar Choukir; Derek Warner,2025,cs.CE,10.48550/arXiv.2502.00562,http://arxiv.org/abs/2502.00562v1,off-topic-false-hit,"Large language models (LLMs) such as OpenAI's ChatGPT hold potential for automating engineering analysis, yet their reliability in solving multi-step statics problems remains uncertain. This study evaluates the performance of ChatGPT-4o and ChatGPT-o1-preview on foundational statics tasks, from simple calculations of Newton's second law of motion to beam and truss analyses and compares their results to first-year engineering students on a typical statics exam. To enhance accuracy, we developed a Custom GPT, embedding refined prompts directly into its instructions. This optimized model achieved an 82% score, surpassing the 75% student average, demonstrating the impact of tailored guidance. Despite these improvements, LLMs continued to exhibit errors in nuanced or open-ended problems, such as misidentifying tension and compression in truss members. These findings highlight both the promise and current limitations of AI in structural analysis, emphasizing the need for improved reasoning, multimodal capabilities, and targeted training data for future AI-driven automation in civil and mechanical engineering.",arxiv,llm,1.000,unreviewed,,doi:10.48550/arxiv.2502.00562
discarded,Forming Teams for Teaching Programming based on Static Code Analysis,Davis Arosemena-Trejos; Sergio Crespo; Clifton Clunie,2012,cs.SE,10.48550/arXiv.1205.6399,http://arxiv.org/abs/1205.6399v1,adjacent-subtopic,"The use of team for teaching programming can be effective in the classroom because it helps students to generate and acquire new knowledge in less time, but these groups to be formed without taking into account some respects, may cause an adverse effect on the teaching-learning process. This paper proposes a tool for the formation of team based on the semantics of source code (SOFORG). This semantics is based on metrics extracted from the preferences, styles and good programming practices. All this is achieved through a static analysis of code that each student develops. In this way, you will have a record of students with the information extracted; it evaluates the best formation of teams in a given course. The team's formations are based on programming styles, skills, pair programming or with leader.",arxiv,llm,0.900,unreviewed,,doi:10.48550/arxiv.1205.6399
