status,title,authors,year,venue,doi,url,tags,abstract,provider,decision_source,llm_confidence,llm_review_outcome,llm_change_direction,paper_id
discarded,Unified Pre-training for Program Understanding and Generation,Wasi Uddin Ahmad; Saikat Chakraborty; Baishakhi Ray; Kai-Wei Chang,2021,cs.CL,10.48550/arXiv.2103.06333,http://arxiv.org/abs/2103.06333v2,adjacent-subtopic,"Code summarization and generation empower conversion between programming language (PL) and natural language (NL), while code translation avails the migration of legacy code from one PL to another. This paper introduces PLBART, a sequence-to-sequence model capable of performing a broad spectrum of program and language understanding and generation tasks. PLBART is pre-trained on an extensive collection of Java and Python functions and associated NL text via denoising autoencoding. Experiments on code summarization in the English language, code generation, and code translation in seven programming languages show that PLBART outperforms or rivals state-of-the-art models. Moreover, experiments on discriminative tasks, e.g., program repair, clone detection, and vulnerable code detection, demonstrate PLBART's effectiveness in program understanding. Furthermore, analysis reveals that PLBART learns program syntax, style (e.g., identifier naming convention), logical flow (e.g., if block inside an else block is equivalent to else if block) that are crucial to program semantics and thus excels even with limited annotations.",arxiv,llm,0.930,unreviewed,,doi:10.48550/arxiv.2103.06333
discarded,Poisoned Identifiers Survive LLM Deobfuscation: A Case Study on Claude Opus 4.6,Luis Guzmán Lorenzo,2026,cs.CR,10.48550/arXiv.2604.04289,http://arxiv.org/abs/2604.04289v1,adjacent-subtopic,"When an LLM deobfuscates JavaScript, can poisoned identifier names in the string table survive into the model's reconstructed code, even when the model demonstrably understands the correct semantics? Using Claude Opus 4.6 across 192 inference runs on two code archetypes (force-directed graph simulation, A* pathfinding; 50 conditions, N=3-6), we found three consistent patterns: (1) Poisoned names persisted in every baseline run on both artifacts (physics: 8/8; pathfinding: 5/5). Matched controls showed this extends to terms with zero semantic fit when the string table does not form a coherent alternative domain. (2) Persistence coexisted with correct semantic commentary: in 15/17 runs the model wrote wrong variable names while correctly describing the actual operation in comments. (3) Task framing changed persistence: explicit verification prompts had no effect (12/12 across 4 variants), but reframing from ""deobfuscate this"" to ""write a fresh implementation"" reduced propagation from 100% to 0-20% on physics and to 0% on pathfinding, while preserving the checked algorithmic structure. Matched-control experiments showed zero-fit terms persist at the same rate when the replacement table lacks a coherent alternative-domain signal. Per-term variation in earlier domain-gradient experiments is confounded with domain-level coherence and recoverability. These observations are from two archetypes on one model family (Opus 4.6 primary; Haiku 4.5 spot-check). Broader generalization is needed",arxiv,llm,0.920,unreviewed,,doi:10.48550/arxiv.2604.04289
kept,Improving the Readability of Automatically Generated Tests using Large Language Models,Matteo Biagiola; Gianluca Ghislotti; Paolo Tonella,2024,cs.SE,10.1109/ICST62969.2025.10989020,http://arxiv.org/abs/2412.18843v1,supports-claim,"Search-based test generators are effective at producing unit tests with high coverage. However, such automatically generated tests have no meaningful test and variable names, making them hard to understand and interpret by developers. On the other hand, large language models (LLMs) can generate highly readable test cases, but they are not able to match the effectiveness of search-based generators, in terms of achieved code coverage.
  In this paper, we propose to combine the effectiveness of search-based generators with the readability of LLM generated tests. Our approach focuses on improving test and variable names produced by search-based tools, while keeping their semantics (i.e., their coverage) unchanged.
  Our evaluation on nine industrial and open source LLMs show that our readability improvement transformations are overall semantically-preserving and stable across multiple repetitions. Moreover, a human study with ten professional developers, show that our LLM-improved tests are as readable as developer-written tests, regardless of the LLM employed.",arxiv,llm,0.930,unreviewed,,doi:10.1109/icst62969.2025.10989020
discarded,Embedding Java Classes with code2vec: Improvements from Variable Obfuscation,Rhys Compton; Eibe Frank; Panos Patros; Abigail Koay,2020,cs.LG,10.1145/3379597.3387445,http://arxiv.org/abs/2004.02942v1,adjacent-subtopic,"Automatic source code analysis in key areas of software engineering, such as code security, can benefit from Machine Learning (ML). However, many standard ML approaches require a numeric representation of data and cannot be applied directly to source code. Thus, to enable ML, we need to embed source code into numeric feature vectors while maintaining the semantics of the code as much as possible. code2vec is a recently released embedding approach that uses the proxy task of method name prediction to map Java methods to feature vectors. However, experimentation with code2vec shows that it learns to rely on variable names for prediction, causing it to be easily fooled by typos or adversarial attacks. Moreover, it is only able to embed individual Java methods and cannot embed an entire collection of methods such as those present in a typical Java class, making it difficult to perform predictions at the class level (e.g., for the identification of malicious Java classes). Both shortcomings are addressed in the research presented in this paper. We investigate the effect of obfuscating variable names during the training of a code2vec model to force it to rely on the structure of the code rather than specific names and consider a simple approach to creating class-level embeddings by aggregating sets of method embeddings. Our results, obtained on a challenging new collection of source-code classification problems, indicate that obfuscating variable names produces an embedding model that is both impervious to variable naming and more accurately reflects code semantics. The datasets, models, and code are shared for further ML research on source code.",arxiv,llm,0.960,unreviewed,,doi:10.1145/3379597.3387445
discarded,Fast Changeset-based Bug Localization with BERT,Agnieszka Ciborowska; Kostadin Damevski,2021,cs.SE,10.48550/arXiv.2112.14169,http://arxiv.org/abs/2112.14169v2,adjacent-subtopic,"Automatically localizing software bugs to the changesets that induced them has the potential to improve software developer efficiency and to positively affect software quality. To facilitate this automation, a bug report has to be effectively matched with source code changes, even when a significant lexical gap exists between natural language used to describe the bug and identifier naming practices used by developers. To bridge this gap, we need techniques that are able to capture software engineering-specific and project-specific semantics in order to detect relatedness between the two types of documents that goes beyond exact term matching. Popular transformer-based deep learning architectures, such as BERT, excel at leveraging contextual information, hence appear to be a suitable candidate for the task. However, BERT-like models are computationally expensive, which precludes them from being used in an environment where response time is important. In this paper, we describe how BERT can be made fast enough to be applicable to changeset-based bug localization. We also explore several design decisions in using BERT for this purpose, including how best to encode changesets and how to match bug reports to individual changes for improved accuracy. We compare the accuracy and performance of our model to a non-contextual baseline (i.e., vector space model) and BERT-based architectures previously used in software engineering. Our evaluation results demonstrate advantages in using the proposed BERT model compared to the baselines, especially for bug reports that lack any hints about related code elements.",arxiv,llm,0.960,unreviewed,,doi:10.48550/arxiv.2112.14169
discarded,Rarefaction effects in head-on collision of two identical droplets,Tao Chen; Lei Wu; Lianping Wang; Shiyi Chen,2022,physics.flu-dyn,10.48550/arXiv.2205.03604,http://arxiv.org/abs/2205.03604v1,off-topic-false-hit,"The head-on collision of two identical droplets is investigated based on the BGK-Boltzmann equation. Gauss-Hermite quadratures with different degree of precision are used to solve the kinetic equation, so that the continuum (solution truncated at the Navier-Stokes order) and non-continuum (rarefied gas dynamics) solutions can be compared. When the kinetic equation is solved with adequate accuracy, prominent variations of the vertical velocity (the collision is in the horizontal direction), the viscous stress components, and droplet morphology are observed during the formation of liquid bridge, which demonstrates the importance of the rarefaction effects and the failure of the Navier-Stokes equation. The rarefaction effects change the topology of streamlines near the droplet surface, suppress the high-magnitude vorticity concentration inside the interdroplet region, and promote the vorticity diffusion around outer droplet surface. Two physical mechanisms responsible for the local energy conversion between the free and kinetic energies are identified, namely, the total pressure-dilatation coupling effect and the interaction between the density gradient and strain rate tensor. An energy conversion analysis is performed to show that the rarefaction effects can enhance the conversion from free energy to kinetic energy and facilitate the discharge of interdroplet gas film along the vertical direction, thereby boosting droplet coalescence.",arxiv,llm,1.000,unreviewed,,doi:10.48550/arxiv.2205.03604
discarded,Additive-Effect Assisted Learning,Jiawei Zhang; Yuhong Yang; Jie Ding,2024,stat.ML,10.48550/arXiv.2405.08235,http://arxiv.org/abs/2405.08235v1,off-topic-false-hit,"It is quite popular nowadays for researchers and data analysts holding different datasets to seek assistance from each other to enhance their modeling performance. We consider a scenario where different learners hold datasets with potentially distinct variables, and their observations can be aligned by a nonprivate identifier. Their collaboration faces the following difficulties: First, learners may need to keep data values or even variable names undisclosed due to, e.g., commercial interest or privacy regulations; second, there are restrictions on the number of transmission rounds between them due to e.g., communication costs. To address these challenges, we develop a two-stage assisted learning architecture for an agent, Alice, to seek assistance from another agent, Bob. In the first stage, we propose a privacy-aware hypothesis testing-based screening method for Alice to decide on the usefulness of the data from Bob, in a way that only requires Bob to transmit sketchy data. Once Alice recognizes Bob's usefulness, Alice and Bob move to the second stage, where they jointly apply a synergistic iterative model training procedure. With limited transmissions of summary statistics, we show that Alice can achieve the oracle performance as if the training were from centralized data, both theoretically and numerically.",arxiv,llm,0.990,unreviewed,,doi:10.48550/arxiv.2405.08235
discarded,Recanting witness and natural direct effects: Violations of assumptions or definitions?,Ian Shrier,2024,stat.ME,10.48550/arXiv.2402.19346,http://arxiv.org/abs/2402.19346v1,off-topic-false-hit,"There have been numerous publications on the advantages and disadvantages of estimating natural (pure) effects compared to controlled effects. One of the main criticisms of natural effects is that it requires an additional assumption for identifiability, namely that the exposure does not cause a confounder of the mediator-outcome relationship. However, every analysis in every study should begin with a research question expressed in ordinary language. Researchers then develop/use mathematical expressions or estimators to best answer these ordinary language questions. When a recanting witness is present, the paper illustrates that there are no violations of assumptions. Rather, using directed acyclic graphs, the typical estimators for natural effects are simply no longer answering any meaningful question. Although some might view this as semantics, the proposed approach illustrates why the more recent methods of path-specific effects and separable effects are more valid and transparent compared to previous methods for decomposition analysis.",arxiv,llm,0.990,unreviewed,,doi:10.48550/arxiv.2402.19346
discarded,Data Augmentation for Mathematical Objects,Tereso del Rio; Matthew England,2023,cs.SC,10.48550/arXiv.2307.06984,http://arxiv.org/abs/2307.06984v1,off-topic-false-hit,"This paper discusses and evaluates ideas of data balancing and data augmentation in the context of mathematical objects: an important topic for both the symbolic computation and satisfiability checking communities, when they are making use of machine learning techniques to optimise their tools. We consider a dataset of non-linear polynomial problems and the problem of selecting a variable ordering for cylindrical algebraic decomposition to tackle these with. By swapping the variable names in already labelled problems, we generate new problem instances that do not require any further labelling when viewing the selection as a classification problem. We find this augmentation increases the accuracy of ML models by 63% on average. We study what part of this improvement is due to the balancing of the dataset and what is achieved thanks to further increasing the size of the dataset, concluding that both have a very significant effect. We finish the paper by reflecting on how this idea could be applied in other uses of machine learning in mathematics.",arxiv,llm,0.980,unreviewed,,doi:10.48550/arxiv.2307.06984
discarded,Using LSTMs to Model the Java Programming Language,Brendon Boldt,2019,cs.SE,10.1007/978-3-319-68612-7_31,http://arxiv.org/abs/1908.11685v1,adjacent-subtopic,"Recurrent neural networks (RNNs), specifically long-short term memory networks (LSTMs), can model natural language effectively. This research investigates the ability for these same LSTMs to perform next ""word"" prediction on the Java programming language. Java source code from four different repositories undergoes a transformation that preserves the logical structure of the source code and removes the code's various specificities such as variable names and literal values. Such datasets and an additional English language corpus are used to train and test standard LSTMs' ability to predict the next element in a sequence. Results suggest that LSTMs can effectively model Java code achieving perplexities under 22 and accuracies above 0.47, which is an improvement over LSTM's performance on the English language which demonstrated a perplexity of 85 and an accuracy of 0.27. This research can have applicability in other areas such as syntactic template suggestion and automated bug patching.",arxiv,llm,0.950,unreviewed,,doi:10.1007/978-3-319-68612-7_31
discarded,Symmetry-Aware Transformer Training for Automated Planning,Markus Fritzsche; Elliot Gestrin; Jendrik Seipp,2025,cs.AI,10.48550/arXiv.2508.07743,http://arxiv.org/abs/2508.07743v2,off-topic-false-hit,"While transformers excel in many settings, their application in the field of automated planning is limited. Prior work like PlanGPT, a state-of-the-art decoder-only transformer, struggles with extrapolation from easy to hard planning problems. This in turn stems from problem symmetries: planning tasks can be represented with arbitrary variable names that carry no meaning beyond being identifiers. This causes a combinatorial explosion of equivalent representations that pure transformers cannot efficiently learn from. We propose a novel contrastive learning objective to make transformers symmetry-aware and thereby compensate for their lack of inductive bias. Combining this with architectural improvements, we show that transformers can be efficiently trained for either plan-generation or heuristic-prediction. Our results across multiple planning domains demonstrate that our symmetry-aware training effectively and efficiently addresses the limitations of PlanGPT.",arxiv,llm,0.980,unreviewed,,doi:10.48550/arxiv.2508.07743
discarded,"Leveraging Large Language Models for Causal Discovery: a Constraint-based, Argumentation-driven Approach",Zihao Li; Fabrizio Russo,2026,cs.AI,10.48550/arXiv.2602.16481,http://arxiv.org/abs/2602.16481v2,off-topic-false-hit,"Causal discovery seeks to uncover causal relations from data, typically represented as causal graphs, and is essential for predicting the effects of interventions. While expert knowledge is required to construct principled causal graphs, many statistical methods have been proposed to leverage observational data with varying formal guarantees. Causal Assumption-based Argumentation (ABA) is a framework that uses symbolic reasoning to ensure correspondence between input constraints and output graphs, while offering a principled way to combine data and expertise. We explore the use of large language models (LLMs) as imperfect experts for Causal ABA, eliciting semantic structural priors from variable names and descriptions and integrating them with conditional-independence evidence. Experiments on standard benchmarks and semantically grounded synthetic graphs demonstrate state-of-the-art performance, and we additionally introduce an evaluation protocol to mitigate memorisation bias when assessing LLMs for causal discovery.",arxiv,llm,0.980,unreviewed,,doi:10.48550/arxiv.2602.16481
discarded,Context-Based Adversarial Attacks on AI Code Generators: Vulnerability Analysis and Implications,Walther A. Del Orbe; John D. Hastings; Varghese Vaidyan,2026,cs.CR,10.48550/arXiv.2606.10945,http://arxiv.org/abs/2606.10945v1,adjacent-subtopic,"AI-powered code generation systems have transformed software development but introduce critical inference-time security vulnerabilities. This research presents a systematic investigation of context-based adversarial attacks, where strategically crafted contextual inputs, including comments, documentation, variable names, bias large language models toward generating exploitable code. Through 2,800 controlled experiments across CodeT5+, CodeLlama, GPT-3.5-Turbo, and GPT-4, we quantify attack effectiveness and defense mechanisms. Results demonstrate that adversarial conditions increase vulnerability generation 10.7x (from 3.5% to 37.4%), with direct instruction attacks achieving 100% success on GPT-3.5-Turbo. Cross-model transferability reaches 60-100%, indicating systemic architectural vulnerabilities rather than model-specific flaws. Our dual-layer defense framework achieves 89.1% detection rate with 0.3% false positives and 520ms latency, demonstrating practical feasibility for real-time deployment in development environments.",arxiv,llm,0.940,unreviewed,,doi:10.48550/arxiv.2606.10945
discarded,"Fast, Fine-Grained Equivalence Checking for Neural Decompilers",Luke Dramko; Claire Le Goues; Edward J. Schwartz,2025,cs.LG,10.48550/arXiv.2501.04811,http://arxiv.org/abs/2501.04811v1,adjacent-subtopic,"Neural decompilers are machine learning models that reconstruct the source code from an executable program. Critical to the lifecycle of any machine learning model is an evaluation of its effectiveness. However, existing techniques for evaluating neural decompilation models have substantial weaknesses, especially when it comes to showing the correctness of the neural decompiler's predictions. To address this, we introduce codealign, a novel instruction-level code equivalence technique designed for neural decompilers. We provide a formal definition of a relation between equivalent instructions, which we term an equivalence alignment. We show how codealign generates equivalence alignments, then evaluate codealign by comparing it with symbolic execution. Finally, we show how the information codealign provides-which parts of the functions are equivalent and how well the variable names match-is substantially more detailed than existing state-of-the-art evaluation metrics, which report unitless numbers measuring similarity.",arxiv,llm,0.960,unreviewed,,doi:10.48550/arxiv.2501.04811
discarded,STRIDE: Simple Type Recognition In Decompiled Executables,Harrison Green; Edward J. Schwartz; Claire Le Goues; Bogdan Vasilescu,2024,cs.CR,10.48550/arXiv.2407.02733,http://arxiv.org/abs/2407.02733v1,adjacent-subtopic,"Decompilers are widely used by security researchers and developers to reverse engineer executable code. While modern decompilers are adept at recovering instructions, control flow, and function boundaries, some useful information from the original source code, such as variable types and names, is lost during the compilation process. Our work aims to predict these variable types and names from the remaining information.
