status,title,authors,year,venue,doi,url,tags,abstract,provider,decision_source,llm_confidence,llm_review_outcome,llm_change_direction,paper_id
discarded,Combining software visualization paradigms to support software comprehension activities,Carneiro G.,2008,Softvis 2008 Proceedings of the 4th ACM Symposium on Software Visualization,10.1145/1409720.1409755,https://www.scopus.com/inward/record.uri?partnerID=HzOxMe3b&scp=63149180889&origin=inward,off-topic-false-hit,,scopus,llm,0.900,unreviewed,,doi:10.1145/1409720.1409755
discarded,Evaluating the usefulness of software visualization in supporting software comprehension activities,Carneiro G.D.F.,2008,Esem 08 Proceedings of the 2008 ACM IEEE International Symposium on Empirical Software Engineering and Measurement,10.1145/1414004.1414050,https://www.scopus.com/inward/record.uri?partnerID=HzOxMe3b&scp=62949096045&origin=inward,off-topic-false-hit,,scopus,llm,0.900,unreviewed,,doi:10.1145/1414004.1414050
discarded,The Roter interaction analysis system (RIAS): utility and flexibility for analysis of medical interactions,Debra Roter; Susan Larson,2002,Patient Education and Counseling,10.1016/s0738-3991(02)00012-5,https://openalex.org/W1992942093,off-topic-false-hit,,openalex,llm,1.000,unreviewed,,doi:10.1016/s0738-3991(02)00012-5
kept,Maintainability and Source Code Conventions: An Analysis of Open Source Projects,Barry Gergel; Eleni Stroulia; Michael Smit; H. James Hoover,2011,University of Alberta Library,10.7939/r3639kb6k,https://openalex.org/W2590040183,supports-claim,,openalex,llm,0.810,unreviewed,,doi:10.7939/r3639kb6k
discarded,The National Population Health Survey--its longitudinal nature.,Larry Swain; Gary Catlin; M. Beaudet,1999,PubMed,,https://openalex.org/W201771418,off-topic-false-hit,"OBJECTIVES: This article discusses some of the benefits and challenges of data from a longitudinal panel as exemplified by the National Population Health Survey (NPHS). DATA SOURCE: The NPHS collects both cross-sectional and longitudinal data from a sample of randomly selected individuals. The longitudinal sample will be reinterviewed every 2 years for up to 20 years. Two NPHS cycles have been completed: cycle 1 in 1994/95 and cycle 2 in 1996/97. SUMMARY: Selected findings from the NPHS are presented to illustrate the benefits of longitudinal data. An overview of questionnaire content, collection methods follows, and sample design is provided. A summary of response rates is followed by a discussion of the methods used to maintain response and to adjust the survey weights in order to reduce nonresponse bias. Confidentiality, dissemination, inconsistencies in reporting, proxy reporting and changes in coding conventions are also discussed.",openalex,llm,1.000,unreviewed,,hash:b62b0630489696c4
discarded,Metadata invariants: checking and inferring metadata coding conventions,Myoungkyu Song; Eli Tilevich,2012,,10.5555/2337223.2337305,https://openalex.org/W2140260446,adjacent-subtopic,"Abstract—As the prevailing programming model of enter-prise applications is becoming more declarative, programmers are spending an increasing amount of their time and efforts writing and maintaining metadata, such as XML or annota-tions. Although metadata is a cornerstone of modern software, automatic bug finding tools cannot ensure that metadata main-tains its correctness during refactoring and enhancement. To address this shortcoming, this paper presents metadata invari-ants, a new abstraction that codifies various naming and typing relationships between metadata and the main source code of a program. We reify this abstraction as a domain-specific language. We also introduce algorithms to infer likely metadata invariants and to apply them to check metadata correctness in the presence of program evolution. We demonstrate how metadata invariant checking can help ensure that metadata remains consistent and correct during program evolution; it finds metadata-related inconsistencies and recommends how they should be corrected. Similar to static bug finding tools, a metadata invariant checker identifies metadata-related bugs as a program is being refactored and enhanced. Because metadata is omnipresent in modern software applications, our approach can help ensure the overall consistency and correctness of software as it evolves. Keywords-software maintenance; bug finding; refactoring; enhancement; frameworks; domain-specific languages; meta-data; invariants. I.",openalex,llm,0.930,unreviewed,,doi:10.5555/2337223.2337305
discarded,Metadata invariants: Checking and inferring metadata coding conventions,Myoungkyu Song; Eli Tilevich,2012,,10.1109/icse.2012.6227148,https://openalex.org/W3149183743,adjacent-subtopic,"As the prevailing programming model of enterprise applications is becoming more declarative, programmers are spending an increasing amount of their time and efforts writing and maintaining metadata, such as XML or annotations. Although metadata is a cornerstone of modern software, automatic bug finding tools cannot ensure that metadata maintains its correctness during refactoring and enhancement. To address this shortcoming, this paper presents metadata invariants, a new abstraction that codifies various naming and typing relationships between metadata and the main source code of a program. We reify this abstraction as a domain-specific language. We also introduce algorithms to infer likely metadata invariants and to apply them to check metadata correctness in the presence of program evolution. We demonstrate how metadata invariant checking can help ensure that metadata remains consistent and correct during program evolution; it finds metadata-related inconsistencies and recommends how they should be corrected. Similar to static bug finding tools, a metadata invariant checker identifies metadata-related bugs as a program is being refactored and enhanced. Because metadata is omnipresent in modern software applications, our approach can help ensure the overall consistency and correctness of software as it evolves.",openalex,llm,0.930,unreviewed,,doi:10.1109/icse.2012.6227148
discarded,Training for and maintaining interviewer consistency with the ASI,Ian Fureman; A. Thomas McLellan; Arthur I. Alterman,1994,Journal of Substance Abuse Treatment,10.1016/0740-5472(94)90080-9,https://openalex.org/W2150432064,off-topic-false-hit,,openalex,llm,1.000,unreviewed,,doi:10.1016/0740-5472(94)90080-9
discarded,Building a high-level dataflow system on top of Map-Reduce,Alan Gates; Olga Natkovich; Shubham Chopra; PRADEEP KAMATH; Shravan Narayanamurthy; Christopher Olston; Benjamin Reed; Santhosh Srinivasan; Utkarsh Srivastava,2009,Proceedings of the VLDB Endowment,10.14778/1687553.1687568,https://openalex.org/W2142031898,off-topic-false-hit,"Increasingly, organizations capture, transform and analyze enormous data sets. Prominent examples include internet companies and e-science. The Map-Reduce scalable dataflow paradigm has become popular for these applications. Its simple, explicit dataflow programming model is favored by some over the traditional high-level declarative approach: SQL. On the other hand, the extreme simplicity of Map-Reduce leads to much low-level hacking to deal with the many-step, branching dataflows that arise in practice. Moreover, users must repeatedly code standard operations such as join by hand. These practices waste time, introduce bugs, harm readability, and impede optimizations. Pig is a high-level dataflow system that aims at a sweet spot between SQL and Map-Reduce. Pig offers SQL-style high-level data manipulation constructs, which can be assembled in an explicit dataflow and interleaved with custom Map- and Reduce-style functions or executables. Pig programs are compiled into sequences of Map-Reduce jobs, and executed in the Hadoop Map-Reduce environment. Both Pig and Hadoop are open-source projects administered by the Apache Software Foundation. This paper describes the challenges we faced in developing Pig, and reports performance comparisons between Pig execution and raw Map-Reduce execution.",openalex,llm,0.910,unreviewed,,doi:10.14778/1687553.1687568
discarded,Fortran 77 coding conventions,Michael Metcalf,1983,ACM SIGPLAN Fortran Forum,10.1145/1040938.1040939,https://openalex.org/W2033124378,off-topic-false-hit,"In this note we follow the scheme of Vapne [Ref. 1], classifying each point according to its position in the language and its relevance, either to portability or to programming style. Points marked with two asterisks should be regarded as mandatory for readable, portable code, one asterisk indicates that the point is important, and unmarked points are to be considered only as desirable.",openalex,llm,0.860,unreviewed,,doi:10.1145/1040938.1040939
discarded,Software documentation and readability,Nuzhat J. Haneef,1998,ACM SIGSOFT Software Engineering Notes,10.1145/279437.279470,https://openalex.org/W1971895315,off-topic-false-hit,"The paper is based on the premise that the productivity and quality of software development and maintenance, particularly in large and long term projects, is related to software readability. Software readability depends on such things as coding conventions and system overview documentation. Existing mechanisms to ensure readability --- for example, peer reviews --- are not sufficient. The paper proposes that software organizations or projects institute a readability/documentation group, similar to a test or usability group. This group would be composed of programmers and would produce overview documentation and ensure code and documentation readability. The features and functions of this group are described. Its benefits and possible objections to it are discussed.",openalex,llm,0.880,unreviewed,,doi:10.1145/279437.279470
discarded,Rate control in DCT video coding for low-delay communications,J. Ribas-Corbera; Shawmin Lei,1999,IEEE Transactions on Circuits and Systems for Video Technology,10.1109/76.744284,https://openalex.org/W2145049389,off-topic-false-hit,"An important motivation for the development of the emerging H.263+ and MPEG-4 coding standards is to enhance the quality of highly compressed video for two-way, real-time communications. In these applications, the delay produced by bits accumulated in the encoder buffer must be very small, typically below 100 ms, and the rate control strategy is responsible for encoding the video with high quality and maintaining a low buffer delay. In this work, we present a simple rate control technique that achieves these two objectives by smartly selecting the values of the quantization parameters in typical discrete cosine transform video coders. To do this, we derive models for bit rate and distortion in this type of coders, in terms of the quantization parameters. Using Lagrange optimization, we minimize distortion subject to the target bit constraint, and obtain formulas that indicate how to choose the quantization parameters. We implement our technique in H.263 and MPEG-4 coders, and compare its performance to TMN7 and VM7 rate control when the encoder buffer is small, for a variety of video sequences and bit rates. This new method has been adopted as a rate control tool in the test model TMN8 of H.263+ and (with some modifications) in the verification model VM8 of MPEG-4.",openalex,llm,1.000,unreviewed,,doi:10.1109/76.744284
discarded,Suggesting accurate method and class names,Miltiadis Allamanis; Earl T. Barr; Christian Bird; Charles Sutton,2015,,10.1145/2786805.2786849,https://openalex.org/W2010608861,adjacent-subtopic,"Descriptive names are a vital part of readable, and hence maintainable, code. Recent progress on automatically suggesting names for local variables tantalizes with the prospect of replicating that success with method and class names. However, suggesting names for methods and classes is much more difficult. This is because good method and class names need to be functionally descriptive, but suggesting such names requires that the model goes beyond local context. We introduce a neural probabilistic language model for source code that is specifically designed for the method naming problem. Our model learns which names are semantically similar by assigning them to locations, called embeddings, in a high-dimensional continuous space, in such a way that names with similar embeddings tend to be used in similar contexts. These embeddings seem to contain semantic information about tokens, even though they are learned only from statistical co-occurrences of tokens. Furthermore, we introduce a variant of our model that is, to our knowledge, the first that can propose neologisms, names that have not appeared in the training corpus. We obtain state of the art results on the method, class, and even the simpler variable naming tasks. More broadly, the continuous embeddings that are learned by our model have the potential for wide application within software engineering.",openalex,llm,0.940,unreviewed,,doi:10.1145/2786805.2786849
discarded,JBIG2-the ultimate bi-level image coding standard,Fumie Ono; W.J. Rucklidge; R. Arps; C. Constantinescu,2002,,10.1109/icip.2000.900914,https://openalex.org/W2123862301,off-topic-false-hit,"JBIG2 is a new standard for lossy and lossless compression of bi-level images. It exploits model-based coding for text and halftones; as well as nearby neighbor based coding for generic bi-level images. It can achieve compression ratios of up to three times those of existing standards for lossless textual image compression. JBIG2 also allows loss to be introduced while maintaining ""visually lossless"" quality for textual images, for which it can yield compression ratios of up to eight times those of existing standards. It produces even greater compression ratios when exploiting similarities between multiple pages and efficiently codes and integrates both scanned and generated bi-level images. JBIG2 was developed for applications having widely differing requirements such as facsimile, document storage and archiving, Web image coding, wireless data transmission, print spooling, and even teleconferencing. Accordingly, JBIG2 is structured as a ""toolkit"" of alternate capabilities to be selected based on the requirements of such applications.",openalex,llm,1.000,unreviewed,,doi:10.1109/icip.2000.900914
kept,Inference-based and expectation-based processing in program comprehension,M.P. O'Brien; J. Buckley,2001,Proceedings 9th International Workshop on Program Comprehension. IWPC 2001,10.1109/WPC.2001.921715,https://ieeexplore.ieee.org/document/921715/,qualifies-claim,"This paper formally distinguishes between two variants of top-down comprehension (as originally described by Brooks (1983) and Soloway (1984)). The first is inference-based comprehension, where the programmer derives meaning from cliched implementations in the code. The second is expectation-based comprehension, where the programmer has pre-generated expectations of the code's meaning. The paper describes the distinguishing features of the two variants, and uses these characteristics as the basis for an empirical study. This study establishes their existence, and identifies their relationship with programmers' domain and coding standards familiarity.",ieee,llm,0.710,unreviewed,,doi:10.1109/wpc.2001.921715
discarded,The Benefits of the Coding Standards Enforcement and it's Influence on the Developers' Coding Behaviour: A Case Study on Two Small Projects,Srdan Popić; Gordana Velikić; Hlavač Jaroslav; Zvjezdan Spasić; Marko Vulić,2018,2018 26th Telecommunications Forum (TELFOR),10.1109/TELFOR.2018.8612149,https://ieeexplore.ieee.org/document/8612149/,off-topic-false-hit,"A respectance of the coding standards has been proved to contribute to self-improvement of many realms of Software Development Process. In particular, this is true for the Software Quality, with focus on maintaining and porting; Robustness, with a focus on stability and endurance; Safety, with a focus on reliability; and Software Security. The Coding Standards are salient for the development and their importance and benefits are not questionable. The problem is that the coding standards vary between projects and developers need to adjust to different standards when switching between the projects. This paper enumerates all the fields that have benefits of the coding standards implementation while answering the question: What is the impact of the software coding compliance on the developer's work?",ieee,llm,0.860,unreviewed,,doi:10.1109/telfor.2018.8612149
discarded,Analysis of coding tools and improvement of text readability for screen content,Holger Meuel; Julia Schmidt; Marco Munderloh; Jörn Ostermann,2012,2012 Picture Coding Symposium,10.1109/PCS.2012.6213256,https://ieeexplore.ieee.org/document/6213256/,off-topic-false-hit,"Current video coding standards perform well for video sequences captured by a real camera. The aperture of the camera's optical system smooths the content and attenuates higher frequencies. New application scenarios, enabled by the growing number of high bit rate internet gateways, however, make it necessary to take a closer look at the efficiency of such standards in handling artificial content. Remote desktop applications for example often include text parts. As a consequence, these content types contain sharp edges or high frequencies, which are considered less important in natural video and are therefore treated less carefully. The frequent result is an increased occurrence of artefacts or the loss of information that is actually important to the user. This paper gives an analysis of such artificially created video sequences, evaluates the performance of current coding tools for this type of content and proposes a simple, yet effective way to maintain readability of text within video material using only well considered encoder control and without the need of large additional modules.",ieee,llm,1.000,unreviewed,,doi:10.1109/pcs.2012.6213256
discarded,Coding standards for high-confidence embedded systems,Paul Anderson,2008,MILCOM 2008 - 2008 IEEE Military Communications Conference,10.1109/MILCOM.2008.4753206,https://ieeexplore.ieee.org/document/4753206/,off-topic-false-hit,"Adopting a coding standard can increase system reliability, safety, and security. Popular standards include Misra C, the JSF C++ rules, and Holzmannpsilas ten rules developed at JPL. Checking rules manually is tedious, so automated review is desirable. However, behind many rules lie hidden assumptions and potential complexity that makes comprehensive automation difficult. Three rules sets and the rationale behind them are discussed. Technologies for detecting violations are described. Recommendations for how to best apply these rules are given.",ieee,llm,0.880,unreviewed,,doi:10.1109/milcom.2008.4753206
discarded,Creating a Java design and code convention mentor using evolutionary computation,C. Depradine,2001,IJCNN'01. International Joint Conference on Neural Networks. Proceedings (Cat. No.01CH37222),10.1109/IJCNN.2001.939119,https://ieeexplore.ieee.org/document/939119/,adjacent-subtopic,"Code and design conventions can be considered to be rules-of-thumb or best-practices that improve the maintainability of software applications. Generally, each programming language has its own conventions. For example, the Java language has a set of code and design conventions that have been documented by its creators. In general, these conventions are maintained manually by the programmer since automated support is usually restricted to the automatic generation of code. The Design and Code Convention Checker system, DChk (pronounced D-Check) enables the maintenance of various object oriented design principles and code conventions during the development of Java programs. It scans Java code, listing any discovered violations of specific design and code conventions as well as recommended actions, associated reasoning and relevant reading material. The paper discusses this system, its associated tools and the relevant methodology involved in its use.",ieee,llm,0.910,unreviewed,,doi:10.1109/ijcnn.2001.939119
discarded,Injection of business coding standards practices to embedded software courses,Donald V. MacKellar,2016,2016 IEEE Frontiers in Education Conference (FIE),10.1109/FIE.2016.7757469,https://ieeexplore.ieee.org/document/7757469/,off-topic-false-hit,"This paper details the process to inject and measure the understanding of student's knowledge and application of software coding standards. As with most other educational processes, consistent repetition enforces the learned concept. This process and techniques to reinforce the use of coding standards can be applied from freshman through graduate level embedded software courses.",ieee,llm,0.840,unreviewed,,doi:10.1109/fie.2016.7757469
kept,On method ordering,Yorai Geffen; Shahar Maoz,2016,2016 IEEE 24th International Conference on Program Comprehension (ICPC),10.1109/ICPC.2016.7503711,https://ieeexplore.ieee.org/document/7503711/,supports-claim,"As the order of methods in a Java class has no effect on its semantics, an engineer can choose any order she prefers. Which code conventions regarding methods ordering are common in practice, if any? Are some orders better than others in making the code easier to understand? Can good orders be computed and applied automatically? In this work we address these questions. First, we present a study of method orders in a large body of open source projects, where we identify existing common practices. Second, we present four method ordering strategies, which we automate and provide in an Eclipse plugin, as a form of refactoring. Finally, we present the results of a user study, which evaluates the effect of our methods ordering strategies on engineers' code comprehension in terms of correctness and time spent on answering.",ieee,llm,0.950,unreviewed,,doi:10.1109/icpc.2016.7503711
