status,title,authors,year,venue,doi,url,tags,abstract,provider,decision_source,llm_confidence,llm_review_outcome,llm_change_direction,paper_id
discarded,An Identification System Using Eye Detection Based On Wavelets And Neural Networks,Mohamed A. El-Sayed; Mohamed A. Khafagy,2014,cs.CV,10.48550/arXiv.1401.5108,http://arxiv.org/abs/1401.5108v1,off-topic-false-hit,"The randomness and uniqueness of human eye patterns is a major breakthrough in the search for quicker, easier and highly reliable forms of automatic human identification. It is being used extensively in security solutions. This includes access control to physical facilities, security systems and information databases, Suspect tracking, surveillance and intrusion detection and by various Intelligence agencies through out the world. We use the advantage of human eye uniqueness to identify people and approve its validity as a biometric. . Eye detection involves first extracting the eye from a digital face image, and then encoding the unique patterns of the eye in such a way that they can be compared with pre-registered eye patterns. The eye detection system consists of an automatic segmentation system that is based on the wavelet transform, and then the Wavelet analysis is used as a pre-processor for a back propagation neural network with conjugate gradient learning. The inputs to the neural network are the wavelet maxima neighborhood coefficients of face images at a particular scale. The output of the neural network is the classification of the input into an eye or non-eye region. An accuracy of 90% is observed for identifying test images under different conditions included in training stage.",arxiv,llm,0.990,unreviewed,,doi:10.48550/arxiv.1401.5108
discarded,A Synthetic Eye Movement Dataset for Script Reading Detection: Real Trajectory Replay on a 3D Simulator,Kidus Zewde; Yuchen Zhou; Dennis Ng; Neo Tiangratanakul; Tommy Duong; Ankit Raj; Yuxin Zhang; Xingyu Shen; Simiao Ren,2026,cs.CV,10.48550/arXiv.2604.05475,http://arxiv.org/abs/2604.05475v1,off-topic-false-hit,"Large vision-language models have achieved remarkable capabilities by training on massive internet-scale data, yet a fundamental asymmetry persists: while LLMs can leverage self-supervised pretraining on abundant text and image data, the same is not true for many behavioral modalities. Video-based behavioral data -- gestures, eye movements, social signals -- remains scarce, expensive to annotate, and privacy-sensitive. A promising alternative is simulation: replace real data collection with controlled synthetic generation to produce automatically labeled data at scale.
  We introduce infrastructure for this paradigm applied to eye movement, a behavioral signal with applications across vision-language modeling, virtual reality, robotics, accessibility systems, and cognitive science. We present a pipeline for generating synthetic labeled eye movement video by extracting real human iris trajectories from reference videos and replaying them on a 3D eye movement simulator via headless browser automation. Applying this to the task of script-reading detection during video interviews, we release final_dataset_v1: 144 sessions (72 reading, 72 conversation) totaling 12 hours of synthetic eye movement video at 25fps.
  Evaluation shows that generated trajectories preserve the temporal dynamics of the source data (KS D < 0.14 across all metrics). A matched frame-by-frame comparison reveals that the 3D simulator exhibits bounded sensitivity at reading-scale movements, attributable to the absence of coupled head movement -- a finding that informs future simulator design. The pipeline, dataset, and evaluation tools are released to support downstream behavioral classifier development at the intersection of behavioral modeling and vision-language systems.",arxiv,llm,0.970,unreviewed,,doi:10.48550/arxiv.2604.05475
discarded,Trade-Offs in Privacy-Preserving Eye Tracking Through Iris Obfuscation: A Benchmarking Study,Wang M.,2025,International Conference on Digital Signal Processing DSP,10.1109/DSP65409.2025.11074919,https://www.scopus.com/inward/record.uri?partnerID=HzOxMe3b&scp=105012215040&origin=inward,off-topic-false-hit,,scopus,llm,0.970,unreviewed,,doi:10.1109/dsp65409.2025.11074919
kept,The impact of identifier style on effort and comprehension,Binkley D.,2013,Empirical Software Engineering,10.1007/s10664-012-9201-4,https://www.scopus.com/inward/record.uri?partnerID=HzOxMe3b&scp=84880698340&origin=inward,supports-claim,,scopus,llm,0.900,unreviewed,,doi:10.1007/s10664-012-9201-4
kept,Women and men - Different but equal: On the impact of identifier style on source code reading,Sharafi Z.,2012,IEEE International Conference on Program Comprehension,10.1109/ICPC.2012.6240505,https://www.scopus.com/inward/record.uri?partnerID=HzOxMe3b&scp=84864991885&origin=inward,qualifies-claim,,scopus,llm,0.900,unreviewed,,doi:10.1109/icpc.2012.6240505
kept,An eye tracking study on camelcase and under-score identifier styles,Sharif B.,2010,IEEE International Conference on Program Comprehension,10.1109/ICPC.2010.41,https://www.scopus.com/inward/record.uri?partnerID=HzOxMe3b&scp=77956133285&origin=inward,supports-claim; namngivning; qualifies-claim,,scopus,llm_reviewed,0.980,confirmed,,doi:10.1109/icpc.2010.41
kept,Program indentation and comprehensibility,Richard J. Miara; Joyce A. Musselman; Juan Antonio Navarro; Ben Shneiderman,1983,Communications of the ACM,10.1145/182.358437,https://openalex.org/W1969685458,supports-claim; layout,"The consensus in the programming community is that indentation aids program comprehension, although many studies do not back this up. We tested program comprehension on a Pascal program. Two styles of indentation were used--blocked and nonblocked--in addition to four passible levels of indentation (0, 2, 4, 6 spaces). Both experienced and novice subjects were used. Although the blocking style made no difference, the level of identation had a significant effect on program comprehension. (2--4 spaces had the highest mean score for program comprehension.) We recommend that a moderate level of indentation be used to increase program comprehension and user satisfaction.",openalex,llm_reviewed,0.990,confirmed,,doi:10.1145/182.358437
discarded,Nano-indentation of ion-irradiated nuclear structural materials: A review,Xiazi Xiao; Long Yu,2019,Nuclear Materials and Energy,10.1016/j.nme.2019.100721,https://openalex.org/W2995283275,off-topic-false-hit,"Ion irradiation offers a promising strategy to emulate the irradiation damage induced by energetic neutrons. However, the characterization of the mechanical properties of ion-irradiated materials is not easy considering the limited irradiation depth and inhomogeneous distribution of irradiation-induced defects. Over the last decades, nano-indentation has been recognized as a valid technique to investigate the localized mechanical responses at micro-scale. Therefore, the combination of ion irradiation and nano-indentation has been extensively developed in recent years to study the mechanical behaviors of nuclear structural materials with irradiation effect. In this review, current developments of experimental observations, numerical simulations and theoretical models are summarized concerning both microstructural evolution and macroscopic deformation. Corresponding analysis and discussion could help obtain a sophisticated comprehension of the fundamental deformation mechanisms resulting in mechanical degradation of ion-irradiated materials, and further assist the development of next-generation nuclear structural materials.",openalex,llm,0.990,unreviewed,,doi:10.1016/j.nme.2019.100721
discarded,Reassessing spherical indentation: Contact regimes and mechanical property extractions,Jorge Alcalá; D. Esqué-de los Ojos,2010,International Journal of Solids and Structures,10.1016/j.ijsolstr.2010.05.025,https://openalex.org/W2033986169,off-topic-false-hit,,openalex,llm,0.990,unreviewed,,doi:10.1016/j.ijsolstr.2010.05.025
discarded,Cleft-like indentations in myxomatous mitral valves by three-dimensional echocardiographic imaging,Francesca Mantovani; Marie‐Annick Clavel; Ori Vatury; Rakesh M. Suri; Sunil Mankad; Joseph F. Malouf; Héctor I. Michelena; Sonia Jain; Luigi P. Badano; Maurice Enriquez‐Sarano,2015,Heart,10.1136/heartjnl-2014-307016,https://openalex.org/W2140772652,off-topic-false-hit,"OBJECTIVES: Cleft-like indentations (CLI) are deep separations between scallops of the mitral posterior leaflet observed in myxomatous mitral valve disease (MMVD), but their diagnosis, mechanisms and implications are unknown. Using 3D transoesophageal echocardiography (3DTOC), we aimed at assessing diagnostic accuracy and defining mechanisms of CLI in patients undergoing surgery for MMVD. METHODS: 3DTOC of mitral valve was acquired in 49 patients with MMVD and severe regurgitation prior to valve repair. Qualitative review compared 3DTOC diagnosis of CLI with surgical inspection. Mitral, annular and leaflet dimensions were quantified with dedicated software and compared between those with and without CLI. RESULTS: Diagnosis of CLI was made by 3DTOC in 17 (35%) while none was identified by 2D and was confirmed in 15 (88%) by surgical inspection. Mechanistically, LV diameters and mitral regurgitant volume (RVol) were similar with and without CLI (p>0.49). Conversely, mitral annulus was smaller with CLI (anteroposterior diameter 42.2±7.1 vs 47.0±7.5 mm, p=0.04; circumference 133±16 vs 148±19 mm, p=0.009; area 1289±326 vs 1619±427 mm(2), p=0.008). Prolapse volume tended to be smaller with CLI (1.9±1.2 vs 4.0±4.3 mL, p=0.06) involving single posterior scallop at surgery (82% vs 44%, p=0.007) with smaller 3DTOC leaflet area (1574±409 vs 2019±652 mm(2), p=0.01). During valve repair, surgical closure of all surgically diagnosed CLI was required. CONCLUSIONS: Posterior leaflet CLI are frequent in MMVD, are identified by 3DTOC with high accuracy and require closure during valve repair. CLI are mechanistically not related to excess annular enlargement or excess prolapse. Conversely, CLI occur in the context of single scallop prolapse with tissue paucity causing excess separation of scallops. These 3DTOC data enhance diagnostic and mechanistic comprehension of the diversity of MMVD phenotypical presentation.",openalex,llm,0.990,unreviewed,,doi:10.1136/heartjnl-2014-307016
discarded,Simulation of Vickers indentation of silica glass,Mohamed Jebahi; Damien André; Frédéric Dau; Jean‐Luc Charles; Ivan Iordanoff,2013,Journal of Non-Crystalline Solids,10.1016/j.jnoncrysol.2013.06.007,https://openalex.org/W2048060157,off-topic-false-hit,,openalex,llm,0.990,unreviewed,,doi:10.1016/j.jnoncrysol.2013.06.007
discarded,Cross-sectional nano-indentation of ion-irradiated steels: Finite element simulations based on the strain-gradient crystal plasticity theory,Xiazi Xiao; Long Yu,2019,International Journal of Engineering Science,10.1016/j.ijengsci.2019.06.015,https://openalex.org/W2949824928,off-topic-false-hit,,openalex,llm,0.990,unreviewed,,doi:10.1016/j.ijengsci.2019.06.015
discarded,An experimental study of the effect of four speech variables on listener comprehension∗,K. C. Beighley,1952,Speech Monographs,10.1080/03637755209375068,https://openalex.org/W1965010987,off-topic-false-hit,Comparisons of Mean Comprehension Scores of Groups Exposed to Skilled-Unskilled Speakers 83 Comparison of Mean Comprehension Scores of Groups Exposed to Easy or Hard Materials . .85 Comparison of Mean Comprehension Scores of Groups Exposed by Hearing to Easy or Hard Materials 86 Comparison of Mean Comprehension Scores of Groups Exposed by Seeing to Easy or Hard Materials 87 Comparison of Mean Comprehension Scores of Groups Exposed to Easy or Hard Materials from Skilled Speakers 88 Comparison of Mean Comprehension Scores of Groups Exposed to Easy or Hard Materials from Unskilled Speakers 89 Comparison of Mean Comprehension Scores of Groups Exposed to Organized Easy or Hard Materials.90 Comparison of Mean Comprehension Scores of Groups Exposed to Disorganized Easy or Hard Materials 91 TABLE XXVI.,openalex,llm,0.990,unreviewed,,doi:10.1080/03637755209375068
discarded,The Effect of Reading Code Aloud on Comprehension,Alaaeddin Swidan; Felienne Hermans,2019,,10.1145/3300115.3309504,https://openalex.org/W2943410156,off-topic-false-hit,"In recent times, programming is increasingly taught to younger students in schools. While learning programming is known to be difficult, we can lighten the learning experience of this age group by adopting pedagogies that are common to them, but not as common in CS education. One of these pedagogies is Reading Aloud (RA), a familiar strategy when young children and beginners start learning how to read in their natural language. RA is linked with a better comprehension of text for beginner readers. We hypothesize that reading code aloud during introductory lessons will lead to better code comprehension. To this end, we design and execute a controlled experiment with the experimental group participants reading the code aloud during the lessons. The participants are 49 primary school students between 9 and 13 years old, who follow three lessons in programming in Python. The lessons are followed by a comprehension assessment based on Bloom's taxonomy. The results show that the students of the experimental group scored significantly higher in the Remembering-level questions compared to the ones in the control group. There is no significant difference between the two groups in their answers to the Understanding-level questions. Furthermore, the participants in both groups followed some of the instructed vocalizations more frequently such as the variable's assignment (is). Vocalizing the indentation spaces in a for -loop was among the least followed. Our paper suggests that using RA for teaching programming in schools will contribute to improving code comprehension with its effect on syntax remembering.",openalex,llm,0.900,unreviewed,,doi:10.1145/3300115.3309504
discarded,The effect of semantic complexity on the comprehension of program modules,Barbee T. Mynatt,1984,International Journal of Man-Machine Studies,10.1016/s0020-7373(84)80060-7,https://openalex.org/W2038546277,off-topic-false-hit,,openalex,llm,0.700,unreviewed,,doi:10.1016/s0020-7373(84)80060-7
discarded,Study on irradiation effect in stress-strain response with CPFEM during nano-indentation,Pan-dong Lin; Junfeng Nie; Meidan Liu,2020,Nuclear Materials and Energy,10.1016/j.nme.2020.100737,https://openalex.org/W3004604209,off-topic-false-hit,"The influence of irradiation on the constitutive stress-strain response of A508-3 steel is investigated by a series of nano-indentation simulations with Crystal Plasticity Finite Element Model (CPFEM). In this regard, the crystal plasticity constitutive model based on the densities of dislocations and irradiation defects for body-centered cubic (BCC) crystal of concern is summarized and numerically implemented at first. Moreover, the method that converts hardness vs. half-angle (θ) into stress vs. strain is introduced briefly. Based on the model, numerical results are challenged in comparison with experimental data and found in excellent agreement with the reported results, from which, the validity is verified. Meanwhile, we further analyze the depth-dependent irradiation damage distribution of ion irradiation and offer the equivalent value of irradiation damage in terms of displacement per atom (dpa) in the uniform fashion, which can definitely deepen the comprehension of the depth-dependent irradiation hardening of ion-irradiated A508-3 steel and guide relevant experimental work.",openalex,llm,0.990,unreviewed,,doi:10.1016/j.nme.2020.100737
discarded,Comprehension and retention of prose : a literature review,Lynne M. Reder,1978,Illinois Digital Environment for Access to Learning and Scholarship (University of Illinois at Urbana-Champaign),,https://openalex.org/W2223558589,off-topic-false-hit,,openalex,llm,0.990,unreviewed,,hash:03aaae82874485c9
discarded,40 Years of Designing Code Comprehension Experiments: A Systematic Mapping Study,Marvin Wyrich; Justus Bogner; Stefan Wagner,2023,ACM Computing Surveys,10.1145/3626522,https://openalex.org/W4387496047,qualifies-claim,"The relevance of code comprehension in a developer’s daily work was recognized more than 40 years ago. Consequently, many experiments were conducted to find out how developers could be supported during code comprehension and which code characteristics contribute to better comprehension. Today, such studies are more common than ever. While this is great for advancing the field, the number of publications makes it difficult to keep an overview. Additionally, designing rigorous code comprehension experiments with human participants is a challenging task, and the multitude of design options can make it difficult for researchers, especially newcomers to the field, to select a suitable design. We therefore conducted a systematic mapping study of 95 source code comprehension experiments published between 1979 and 2019. By structuring the design characteristics of code comprehension studies, we provide a basis for subsequent discussion of the huge diversity of design options in the face of a lack of basic research on their consequences and comparability. We describe what topics have been studied, as well as how these studies have been designed, conducted, and reported. Frequently chosen design options and deficiencies are pointed out to support researchers of all levels of domain expertise in designing their own studies.",openalex,llm,0.780,unreviewed,,doi:10.1145/3626522
discarded,NOTETAKING STRATEGIES AND THEIR RELATIONSHIP TO PERFORMANCE ON LISTENING COMPREHENSION AND COMMUNICATIVE ASSESSMENT TASKS,Patricia L. Carrell,2007,ETS Research Report Series,10.1002/j.2333-8504.2007.tb02043.x,https://openalex.org/W2013892632,off-topic-false-hit,"ABSTRACT Utilizing a pre‐ and posttest research design, with an instructional intervention of good practices in notetaking, the notes taken by examinees during a computer‐based listening comprehension test prior to and following the instructional intervention were examined for particular notetaking strategies. Questionnaires probed perceptions of the frequency of use and helpfulness of the notetaking strategies. Also investigated were relationships between the strategies and performance on a multiple‐choice listening comprehension measure and integrated listening/writing and listening/speaking tasks and whether the brief instructional intervention affected examinees' notes and performance on the three tasks. Results showed that examinees made little use of efficiency and marked organizational notetaking strategies. While the intervention had no effect on examinees' notetaking strategies or on their task performance, students' posttest notetaking strategies and task performance were significantly related to their pretest notetaking strategies and task performance. Moreover, notetaking and test performance were moderately related: Two notetaking strategies that most consistently related to performance on all three tasks were the number of content words in the notes and the number of test answers recorded in the notes. Efficiency strategies represented a cognitively complex category worthy of further investigation.",openalex,llm,0.990,unreviewed,,doi:10.1002/j.2333-8504.2007.tb02043.x
discarded,Reading beside the lines: Using indentation to rank revisions by complexity,Abram Hindle; Michael W. Godfrey; Richard C. Holt,2009,Science of Computer Programming,10.1016/j.scico.2009.02.005,https://openalex.org/W2150207557,adjacent-subtopic,,openalex,llm,0.950,unreviewed,,doi:10.1016/j.scico.2009.02.005
discarded,Force-distance curves by atomic force microscopy,Brunero Cappella; Giovanni Dietler,1999,Surface Science Reports,10.1016/s0167-5729(99)00003-5,https://openalex.org/W2093192991,off-topic-false-hit,,openalex,llm,0.990,unreviewed,,doi:10.1016/s0167-5729(99)00003-5
discarded,Role of indenter angle on the plastic deformation underneath a sharp indenter and on representative strains: An experimental and numerical study,K. Eswar Prasad; Nuwong Chollacoop; Upadrasta Ramamurty,2011,Acta Materialia,10.1016/j.actamat.2011.03.058,https://openalex.org/W2009993314,off-topic-false-hit,,openalex,llm,0.990,unreviewed,,doi:10.1016/j.actamat.2011.03.058
discarded,Finite element modeling of indentation and adhesive wear in sliding of carbon fiber reinforced thermoplastic polymer against metallic counterpart,Israr Ud Din; S. Panier; P. Hao; Gérald Franz; Jayashree Bijwe; Hui Li,2019,Tribology International,10.1016/j.triboint.2019.03.010,https://openalex.org/W2921567239,off-topic-false-hit,,openalex,llm,0.990,unreviewed,,doi:10.1016/j.triboint.2019.03.010
discarded,Nanoindentation of crystalline silicon pillars fabricated by soft UV nanoimprint lithography and cryogenic deep reactive ion etching,Gerry Hamdana; Prabowo Puranto; Jannick Langfahl‐Klabes; Zhi Li; Frank Pohlenz; Min Xu; Tony Granz; Maik Bertke; Hutomo Suryo Wasisto; Uwe Brand; Erwin Peiner,2018,Sensors and Actuators A Physical,10.1016/j.sna.2018.09.035,https://openalex.org/W2892008047,off-topic-false-hit,,openalex,llm,0.990,unreviewed,,doi:10.1016/j.sna.2018.09.035
