status,title,authors,year,venue,doi,url,tags,abstract,provider,decision_source,llm_confidence,llm_review_outcome,llm_change_direction,paper_id
discarded,Towards Using Continuous Integration Tools to Teach Programming Courses,Erik Kral; Petr Capek,2015,2015 International Conference on Computational Science and Computational Intelligence (CSCI),10.1109/CSCI.2015.78,https://ieeexplore.ieee.org/document/7424225/,adjacent-subtopic,This work proposes a study focused on Continuous Integration (CI) tools in teaching programming courses as well as for automatically grading student assignments. There are many automatic grading tools for students' programming assignments which share most of their functionalities with CI tools. We would like to provide a methodology on how to implement this tool in teaching programming languages. We will evaluate and compare common CI tools and run experiments with students in programming courses.,ieee,llm,0.840,unreviewed,,doi:10.1109/csci.2015.78
discarded,Applying Large Language Models to Enhance the Assessment of Parallel Functional Programming Assignments,Skyler Grandel; Douglas C. Schmidt; Kevin Leach,2024,2024 IEEE/ACM International Workshop on Large Language Models for Code (LLM4Code),,https://ieeexplore.ieee.org/document/10734431/,adjacent-subtopic,"Courses in computer science (CS) often assess student programming assignments manually, with the intent of providing in-depth feedback to each student regarding correctness, style, efficiency, and other quality attributes. As class sizes increase, however, it is hard to provide detailed feedback consistently, especially when multiple assessors are required to handle a larger number of assignment submissions. Large language models (LLMs), such as ChatGPT, offer a promising alternative to help automate this process in a consistent, scalable, and minimally-biased manner.This paper explores ChatGPT-4’s scalablility and accuracy in assessing programming assignments based on predefined rubrics in the context of a case study we conducted in an upper-level undergraduate and graduate CS course at Vanderbilt University. In this case study, we employed a method that compared assessments generated by ChatGPT-4 against human graders to measure the accuracy, precision, and recall associated with identifying programming mistakes. Our results show that when ChatGPT-4 is used properly (e.g., with appropriate prompt engineering and feature selection) it can improve objectivity and grading efficiency, thereby acting as a complementary tool to human graders for advanced computer science graduate and undergraduate students.CCS CONCEPTS• Software and its engineering → Software maintenance tools; • Applied computing → Computer-assisted instruction.",ieee,llm,0.850,unreviewed,,hash:dcb706a1c26a7c26
kept,SOBO: A Feedback Bot to Nudge Code Quality in Programming Courses,Sofia Bobadilla; Richard Glassey; Alexandre Bergel; Martin Monperrus,2023,cs.SE,10.1109/ms.2023.3298729,http://arxiv.org/abs/2303.07187v1,supports-claim,"Recent research has shown the great potential of automatic feedback in education. This paper presents SOBO, a bot we designed to automatically provide feedback on code quality to undergraduate students. SOBO has been deployed in a course at the KTH Royal Institute of Technology in Sweden with 130+ students. Overall, SOBO has analyzed 1687 GitHub repositories and produced 8443 tailored code quality feedback messages to students. The quantitative and qualitative results indicate that SOBO effectively nudges students into adopting code quality best practices without interfering with pedagogical objectives or adding a teaching burden. From this experience, we provide guidelines into how to design and deploy teaching bots in programming courses.",arxiv,llm,0.770,unreviewed,,doi:10.1109/ms.2023.3298729
kept,Who Introduces and Who Fixes? Analyzing Code Quality in Collaborative Student's Projects,Rafael Corsi Ferrao; Igor dos Santos Montagner; Rodolfo Azevedo,2025,cs.SE,10.48550/arXiv.2505.14315,http://arxiv.org/abs/2505.14315v1,qualifies-claim,"This paper investigates code quality education by analyzing how errors are introduced and corrected in group projects within an embedded systems course. We identify who introduces errors, who fixes them, and when these actions occur. Students learn code quality rules for C and embedded systems.
  We address three questions: RQ1: What is the impact of group formation on code quality? RQ2: How do students interact to fix code issues? RQ3: When are issues introduced and resolved?
  We analyzed data from eight individual labs and two group projects involving 34 students. The course provides continuous, automated feedback on code quality.
  Findings show that the most active contributors often introduce the most issues. Many issues are fixed late in the project. Individual labs tend to have fewer issues due to their structured nature. Most problems are fixed by the original author, while cross-student fixes take longer, especially in shared code. Critical issues are fixed quickly, but non-critical ones may be ignored, showing a focus on functionality over quality.",arxiv,llm,0.860,unreviewed,,doi:10.48550/arxiv.2505.14315
discarded,StepGrade: Grading Programming Assignments with Context-Aware LLMs,Mohammad Akyash; Kimia Zamiri Azar; Hadi Mardani Kamali,2025,cs.SE,10.48550/arXiv.2503.20851,http://arxiv.org/abs/2503.20851v1,adjacent-subtopic,"Grading programming assignments is a labor-intensive and time-consuming process that demands careful evaluation across multiple dimensions of the code. To overcome these challenges, automated grading systems are leveraged to enhance efficiency and reduce the workload on educators. Traditional automated grading systems often focus solely on correctness, failing to provide interpretable evaluations or actionable feedback for students. This study introduces StepGrade, which explores the use of Chain-of-Thought (CoT) prompting with Large Language Models (LLMs) as an innovative solution to address these challenges. Unlike regular prompting, which offers limited and surface-level outputs, CoT prompting allows the model to reason step-by-step through the interconnected grading criteria, i.e., functionality, code quality, and algorithmic efficiency, ensuring a more comprehensive and transparent evaluation. This interconnectedness necessitates the use of CoT to systematically address each criterion while considering their mutual influence. To empirically validate the efficiency of StepGrade, we conducted a case study involving 30 Python programming assignments across three difficulty levels (easy, intermediate, and advanced). The approach is validated against expert human evaluations to assess its consistency, accuracy, and fairness. Results demonstrate that CoT prompting significantly outperforms regular prompting in both grading quality and interpretability. By reducing the time and effort required for manual grading, this research demonstrates the potential of GPT-4 with CoT prompting to revolutionize programming education through scalable and pedagogically effective automated grading systems.",arxiv,llm,0.840,unreviewed,,doi:10.48550/arxiv.2503.20851
discarded,Nudging Students Toward Better Software Engineering Behaviors,Chris Brown; Chris Parnin,2021,cs.SE,10.48550/arXiv.2103.09685,http://arxiv.org/abs/2103.09685v1,adjacent-subtopic,"Student experiences in large undergraduate Computer Science courses are increasingly impacted by automated systems. Bots, or agents of software automation, are useful for efficiently grading and generating feedback. Current efforts at automation in CS education focus on supporting instructional tasks, but do not address student struggles due to poor behaviors, such as procrastination. In this paper, we explore using bots to improve the software engineering behaviors of students using developer recommendation choice architectures, a framework incorporating behavioral science concepts in recommendations to improve the actions of programmers. We implemented this framework in class-bot, a novel system designed to nudge students to make better choices while working on programming assignments. This work presents a preliminary evaluation integrating this tool in an introductory programming course. Our results show that class-bot is beneficial for improving student development behaviors increasing code quality and productivity.",arxiv,llm,0.820,unreviewed,,doi:10.48550/arxiv.2103.09685
discarded,WIP: Leveraging LLMs for Enforcing Design Principles in Student Code: Analysis of Prompting Strategies and RAG,Dhruv Kolhatkar; Soubhagya Akkena; Edward F. Gehringer,2025,cs.SE,10.48550/arXiv.2508.11717,http://arxiv.org/abs/2508.11717v1,adjacent-subtopic,"This work-in-progress research-to-practice paper explores the integration of Large Language Models (LLMs) into the code-review process for open-source software projects developed in computer science and software engineering courses. The focus is on developing an automated feedback tool that evaluates student code for adherence to key object-oriented design principles, addressing the need for more effective and scalable methods to teach software design best practices. The innovative practice involves leveraging LLMs and Retrieval-Augmented Generation (RAG) to create an automated feedback system that assesses student code for principles like SOLID, DRY, and design patterns. It analyzes the effectiveness of various prompting strategies and the RAG integration. Preliminary findings show promising improvements in code quality. Future work will aim to improve model accuracy and expand support for additional design principles.",arxiv,llm,0.840,unreviewed,,doi:10.48550/arxiv.2508.11717
discarded,Can ChatGPT Play the Role of a Teaching Assistant in an Introductory Programming Course?, Anishka; Atharva Mehta; Nipun Gupta; Aarav Balachandran; Dhruv Kumar; Pankaj Jalote,2023,cs.HC,10.48550/arXiv.2312.07343,http://arxiv.org/abs/2312.07343v2,adjacent-subtopic,"The emergence of Large language models (LLMs) is expected to have a major impact on education. This paper explores the potential of using ChatGPT, an LLM, as a virtual Teaching Assistant (TA) in an Introductory Programming Course. We evaluate ChatGPT's capabilities by comparing its performance with that of human TAs in some of the important TA functions. The TA functions which we focus on include (1) grading student code submissions, and (2) providing feedback to undergraduate students in an introductory programming course. Firstly, we assess ChatGPT's proficiency in grading student code submissions using a given grading rubric and compare its performance with the grades assigned by human TAs. Secondly, we analyze the quality and relevance of the feedback provided by ChatGPT. This evaluation considers how well ChatGPT addresses mistakes and offers suggestions for improvement in student solutions from both code correctness and code quality perspectives. We conclude with a discussion on the implications of integrating ChatGPT into computing education for automated grading, personalized learning experiences, and instructional support.",arxiv,llm,0.860,unreviewed,,doi:10.48550/arxiv.2312.07343
discarded,Finding Anomalies in Scratch Assignments,Nina Körber; Katharina Geldreich; Andreas Stahlbauer; Gordon Fraser,2021,cs.SE,10.48550/arXiv.2102.07446,http://arxiv.org/abs/2102.07446v1,adjacent-subtopic,"In programming education, teachers need to monitor and assess the progress of their students by investigating the code they write. Code quality of programs written in traditional programming languages can be automatically assessed with automated tests, verification tools, or linters. In many cases these approaches rely on some form of manually written formal specification to analyze the given programs. Writing such specifications, however, is hard for teachers, who are often not adequately trained for this task. Furthermore, automated tool support for popular block-based introductory programming languages like Scratch is lacking. Anomaly detection is an approach to automatically identify deviations of common behavior in datasets without any need for writing a specification. In this paper, we use anomaly detection to automatically find deviations of Scratch code in a classroom setting, where anomalies can represent erroneous code, alternative solutions, or distinguished work. Evaluation on solutions of different programming tasks demonstrates that anomaly detection can successfully be applied to tightly specified as well as open-ended programming tasks.",arxiv,llm,0.880,unreviewed,,doi:10.48550/arxiv.2102.07446
discarded,"LLMs Still Can't Avoid Instanceof: An Investigation Into GPT-3.5, GPT-4 and Bard's Capacity to Handle Object-Oriented Programming Assignments",Bruno Pereira Cipriano; Pedro Alves,2024,cs.SE,10.1145/3639474.3640052,http://arxiv.org/abs/2403.06254v1,adjacent-subtopic,"Large Language Models (LLMs) have emerged as promising tools to assist students while solving programming assignments. However, object-oriented programming (OOP), with its inherent complexity involving the identification of entities, relationships, and responsibilities, is not yet mastered by these tools. Contrary to introductory programming exercises, there exists a research gap with regard to the behavior of LLMs in OOP contexts. In this study, we experimented with three prominent LLMs - GPT-3.5, GPT-4, and Bard - to solve real-world OOP exercises used in educational settings, subsequently validating their solutions using an Automatic Assessment Tool (AAT). The findings revealed that while the models frequently achieved mostly working solutions to the exercises, they often overlooked the best practices of OOP. GPT-4 stood out as the most proficient, followed by GPT-3.5, with Bard trailing last. We advocate for a renewed emphasis on code quality when employing these models and explore the potential of pairing LLMs with AATs in pedagogical settings. In conclusion, while GPT-4 showcases promise, the deployment of these models in OOP education still mandates supervision.",arxiv,llm,0.860,unreviewed,,doi:10.1145/3639474.3640052
discarded,WIP: Leveraging LLMs for Enforcing Design Principles in Student Code: Analysis of Prompting Strategies and RAG,"Kolhatkar, Dhruv; Akkena, Soubhagya; Gehringer, Edward F.",2025,"2025 IEEE FRONTIERS IN EDUCATION CONFERENCE, FIE",10.1109/FIE63693.2025.11328445,https://www.webofscience.com/wos/woscc/full-record/WOS:001792342800312,adjacent-subtopic,"This work-in-progress research-to-practice paper explores the integration of Large Language Models (LLMs) into the code-review process for open-source software projects developed in computer science and software engineering courses. The focus is on developing an automated feedback tool that evaluates student code for adherence to key object-oriented design principles, addressing the need for more effective and scalable methods to teach software design best practices. The innovative practice involves leveraging LLMs and Retrieval-Augmented Generation (RAG) to create an automated feedback system that assesses student code for principles like SOLID, DRY, and design patterns. It analyzes the effectiveness of various prompting strategies and the RAG integration. Preliminary findings show promising improvements in code quality. Future work will aim to improve model accuracy and expand support for additional design principles.",wos,llm,0.840,unreviewed,,doi:10.1109/fie63693.2025.11328445
discarded,WIP: CodeInspector: Automated LLM-Supported CS1-Level Code Assessment,"Imhmed, Essa; Ceh-Varela, Edgar; Scherer, Ludwig; Candal, George; Sanjaya, Ivan",2025,"2025 IEEE FRONTIERS IN EDUCATION CONFERENCE, FIE",10.1109/FIE63693.2025.11328429,https://www.webofscience.com/wos/woscc/full-record/WOS:001792342800296,adjacent-subtopic,"This research-to-practice WIP paper presents CodeInspector-an automated assessment system for CS1-level Java assignments. Designed for scalability and modularity, CodeInspector streamlines and standardizes code assessment, promoting a more equitable learning environment. Our preliminary findings suggest that CodeInspector is promising. It reduces instructors' assessment workload while providing students with immediate, formative feedback that supports an iterative learning process. Additionally, CodeInspector offers students insights into their performance through error-weighted densities benchmarked against class-wide averages.",wos,llm,0.820,unreviewed,,doi:10.1109/fie63693.2025.11328429
kept,Who Introduces and Who Fixes? Code Quality Dynamics in Collaborative Embedded Systems Projects,"Ferrao, Rafael Corsi; Montagner, Igor Dos Santos; Azevedo, Roldofo",2025,"2025 IEEE FRONTIERS IN EDUCATION CONFERENCE, FIE",10.1109/FIE63693.2025.11328685,https://www.webofscience.com/wos/woscc/full-record/WOS:001792342800544,qualifies-claim,"In this full research paper, we investigate code quality education by analyzing how errors are introduced and corrected in group projects. Specifically, we identify which students introduce errors, who corrects them, and when these errors occur throughout the project timeline. The study is set within an embedded systems course, where students are exposed to code quality rules both for the C language and more specific guidelines related to embedded systems. This research explores the dynamics of introducing and correcting code quality errors in group projects, focusing on three key questions: RQ1: What impact does group formation have on code quality? RQ2: How students interact in the process of correcting code quality issues? RQ3: When are code quality issues introduced and fixed during project development?

We conducted a qualitative study of data from eight individual lab assessments and two group projects over one course cohort (N=34) of an undergraduate embedded systems course. The course integrates code quality evaluation by providing continuous, automated feedback. After the course ended, we cloned the repositories for all assignments and projects and ran a local analysis tool on every commit, storing the results in a database. We then used git blame to attribute each detected issue to a specific student. When needed, we applied clustering techniques to group students and address the research questions.

Our findings indicate that students who contribute the most code also tend to introduce the highest number of issues. Additionally, issue resolution is frequently postponed until the final stages of project development. We observed no direct correlation between the number of issues in individual lab activities and those introduced in group projects. This may be due to the more structured nature of individual labs, which typically result in fewer issues compared to the open-ended format of group projects, where issue counts are generally higher. Most issues are resolved by the same student who introduced them; in contrast, crossstudent fixes-particularly in shared or boilerplate code tend to take longer. Critical issues are usually addressed promptly, while non-critical ones often persist, suggesting that students prioritize functionality over code quality.",wos,llm,0.840,unreviewed,,doi:10.1109/fie63693.2025.11328685
discarded,Data Driven Insights: Pull Request Visualizations and Static Code Analysis in Multi-Git Repo Classrooms,"Koh, Rui Jie; Tjan, Kevin Eng Ger; Wang, Xinyi; Rasnayaka, Sanka; Iyer, Ganesh Neelakanta",2025,"2025 IEEE INTERNATIONAL CONFERENCE ON TEACHING, ASSESSMENT, AND LEARNING FOR ENGINEERING, TALE",10.1109/TALE66047.2025.11346588,https://www.webofscience.com/wos/woscc/full-record/WOS:001800602200018,adjacent-subtopic,"Managing large software engineering classes with large project components presents a significant challenge due to the sheer volume of student repositories and the diverse needs for monitoring and evaluating progress.

This paper presents the Classroom Repository Interaction and Status Platform (CRISP), a scalable web-based dashboard that integrates real-time repository analytics, automated code quality assessment, and collaborative workflow visualization to address the demands of modern software engineering education. CRISP's architecture combines GitHub API integration for continuous repository monitoring, graph-based visualization and SonarQube-powered static analysis pipelines. The platform implements a multi-tier data aggregation system that processes individual data, synthesizes team-level metrics, and generates cohort-wide performance distributions, enabling instructors to identify at-risk students and teams.

Quantitative analysis of our frameworks and qualitative studies of our users following a semester-long deployment in a 150-student course demonstrated numerous improvements, including higher grading efficiency and accuracy, improved feedback quality, and strong user satisfaction, which highlights CRISP's potential as a comprehensive platform for modern software engineering education.",wos,llm,0.840,unreviewed,,doi:10.1109/tale66047.2025.11346588
