status,title,authors,year,venue,doi,url,tags,abstract,provider,decision_source,llm_confidence,llm_review_outcome,llm_change_direction,paper_id
discarded,Investigating multi-diamond grit interactions in sawing granitic rocks: crack propagation and material removal mechanisms,"Sun, Depeng; Chang, Xiang; Zhang, Jinsheng",2025,JOURNAL OF THE BRAZILIAN SOCIETY OF MECHANICAL SCIENCES AND ENGINEERING,10.1007/s40430-025-05573-2,https://www.webofscience.com/wos/woscc/full-record/WOS:001488306500003,off-topic-false-hit,"Granite is a material that is frequently utilised in architectural settings for decorative purposes, as well as in the fabrication of highly precise testing apparatus. Nevertheless, the high hardness of granite presents a significant challenge in terms of its processing efficiency when subjected to sawing into slabs. The material removal process is predominantly reliant upon the stress-driven effect of interwoven cutting of lateral cracks. In this paper, an modified crack length and depth model is proposed considering the Rayleigh wave velocity and crack propagation velocity of granite, the material removal mechanism and crack propagation were analyzed by experimental and theoretical models. The amplitude of principal stress, stress sigma zr\documentclass[12pt]{minimal} \usepackage{amsmath} \usepackage{wasysym} \usepackage{amsfonts} \usepackage{amssymb} \usepackage{amsbsy} \usepackage{mathrsfs} \usepackage{upgreek} \setlength{\oddsidemargin}{-69pt} \begin{document}$$\sigma_{z}<^>{r}$$\end{document}, and the size of lateral cracks were analyzed by theoretical models. Then, multi-scratching tests were carried out on the surface of the workpiece by variable scratch depth to understand the lateral crack propagation and scratch force. The results showed that the observation of the size of lateral cracks of workpieces is consistent with the results of the theoretical analysis. In addition, the scratch speed has little influence on the scratch force. The study of multi-scratching in particular revealed that the interaction of adjacent lateral cracks promotes the propagation of lateral cracks. Fundamentally, the force of multi-scratching is smaller than that of a single scratch, and the reduced amplitude is related to the mechanical properties of granite. Theoretical analysis is in agreement with experimental observations. These findings contribute to a more profound comprehension of interference effects on crack propagation and offer a foundational framework for the optimization of segment design.",wos,llm,0.980,unreviewed,,doi:10.1007/s40430-025-05573-2
kept,An eye tracking study assessing source code readability rules for program comprehension,"Park, Kang-il; Johnson, Jack; Peterson, Cole S.; Yedla, Nishitha; Baysinger, Isaac; Aponte, Jairo; Sharif, Bonita",2024,EMPIRICAL SOFTWARE ENGINEERING,10.1007/s10664-024-10532-x,https://www.webofscience.com/wos/woscc/full-record/WOS:001326448800001,supports-claim,"ContextWhile developing software, developers must first read and understand source code in order to work on change requests such as bug fixes or feature additions. The easier it is for them to understand what the code does, the faster they can get to working on change tasks. Source code is meant to be consumed by humans, and hence, the human factor of how readable the code is plays an important role. During the past decade, software engineering researchers have used eye trackers to see how developers comprehend code. The eye tracker enables us to see exactly what parts of the code the developer is reading (and for how long) in an objective manner without prompting them.ObjectiveIn this paper, we leverage eye tracking technology to replicate a prior online questionnaire-based controlled experiment (Johnson et al. 2019) to determine the visual effort needed to read code presented in different readability rule styles. As in the prior study, we assess two readability rules - minimize nesting and avoid do-while loops. Each rule is evaluated on code snippets that are correct and incorrect with respect to a requirement.MethodThis study was conducted in a lab setting with the Tobii X-60 eye tracker where each of the 46 participants. 21 undergraduate students, 24 graduate students, and 6 professional developers (part-time or full-time)) participated and were given eight Java methods from a total set of 32 Java methods in four categories: ones that follow/do not follow the readability rule and that are correct/incorrect. After reading each code snippet, they were asked to answer a multiple-choice comprehension question about the code and some questions related to logical correctness and confidence. In addition to comparing the time and accuracy of answering the questions with the prior study, we also report on the visual effort of completing the tasks via gaze-based metrics.ResultsThe results of this study concur with the online study, in that following the minimize nesting rule showed higher confidence (14.8%\documentclass[12pt]{minimal} \usepackage{amsmath} \usepackage{wasysym} \usepackage{amsfonts} \usepackage{amssymb} \usepackage{amsbsy} \usepackage{mathrsfs} \usepackage{upgreek} \setlength{\oddsidemargin}{-69pt} \begin{document}$$14.8\%$$\end{document}) decreased time spent reading programming tasks (7.1%\documentclass[12pt]{minimal} \usepackage{amsmath} \usepackage{wasysym} \usepackage{amsfonts} \usepackage{amssymb} \usepackage{amsbsy} \usepackage{mathrsfs} \usepackage{upgreek} \setlength{\oddsidemargin}{-69pt} \begin{document}$$7.1\%$$\end{document}), and decreased accuracy in finding bugs (5.4%\documentclass[12pt]{minimal} \usepackage{amsmath} \usepackage{wasysym} \usepackage{amsfonts} \usepackage{amssymb} \usepackage{amsbsy} \usepackage{mathrsfs} \usepackage{upgreek} \setlength{\oddsidemargin}{-69pt} \begin{document}$$5.4\%$$\end{document}). However, the decrease in accuracy was not significant. For method analysis tasks showing one Java method at a time, participants spent proportionally less time fixating on code lines (9.9%\documentclass[12pt]{minimal} \usepackage{amsmath} \usepackage{wasysym} \usepackage{amsfonts} \usepackage{amssymb} \usepackage{amsbsy} \usepackage{mathrsfs} \usepackage{upgreek} \setlength{\oddsidemargin}{-69pt} \begin{document}$$9.9\%$$\end{document}) and had fewer fixations on code lines (3.

5%\documentclass[12pt]{minimal} \usepackage{amsmath} \usepackage{wasysym} \usepackage{amsfonts} \usepackage{amssymb} \usepackage{amsbsy} \usepackage{mathrsfs} \usepackage{upgreek} \setlength{\oddsidemargin}{-69pt} \begin{document}$$3.5\%$$\end{document}) when a snippet is not following the minimize-nesting rule. However, the opposite is true when the snippet is logically incorrect (3.4% and 3.9%, respectively), regardless of whether the rule was followed. The avoid do-while rule, however, did not have as significant of an effect. Following the avoid do-while rule did result in higher accuracy in task performance albeit with lower fixation counts. We also note a lower rate for a majority of the gaze-based linearity metrics on the rule-breaking code snippet when the rule-following and rule-breaking code snippets are displayed side-by-side.ConclusionsThe results of this study show strong support for the use of the minimize nesting rule. All participants considered the minimize nesting rule to be important and considered the avoid do-while rule to be less important. This was despite the results showing that the participants were more accurate when the avoid do-while rule was followed. Overall, participants ranked the snippets following the readability rules to be higher than the snippets that do not follow the rules. We discuss the implications of these results for advancing the state of the art for reducing visual effort and cognitive load in code readability research.",wos,llm,0.990,unreviewed,,doi:10.1007/s10664-024-10532-x
discarded,Numerical simulations and analytical approach for three-component coupled NLS-type equations in fiber optics,"Abbas, Naseem; Shakeel, Muhammad; Fouly, Ahmed; Ahmadian, Hossein",2025,MODERN PHYSICS LETTERS B,10.1142/S0217984924503901,https://www.webofscience.com/wos/woscc/full-record/WOS:001231169000002,off-topic-false-hit,"This work aims to look into the dynamic research of coupled NLS-type equations with three components. The optical solitons, including the periodic function, trigonometric function, exponential function, solitary wave, and elliptic function solutions are built using the Jacobi elliptic function (JEF) method. The investigations will aid in improving comprehension of the soliton dynamics system's overall illustration. Using Mathematica software, we visually represent some solutions found in 3D, contour, and 2D graphs for tangible demonstration and visual presentation. These results are helpful in optical fiber, signal processing and data transmission.",wos,llm,0.980,unreviewed,,doi:10.1142/s0217984924503901
discarded,Geometric effects on impact mitigation in architected auxetic metamaterials,"Gartner, T.; van den Boom, S. J.; Weerheijm, J.; Sluys, L. J.",2024,MECHANICS OF MATERIALS,10.1016/j.mechmat.2024.104952,https://www.webofscience.com/wos/woscc/full-record/WOS:001194091800001,off-topic-false-hit,"Lightweight materials used for impact mitigation must be able to resist impact and absorb the maximum amount of energy from the impactor. Auxetic materials have the potential to achieve high resistance by drawing material into the impact zone and providing higher indentation and shear resistance. However, these materials must be artificially designed, and the large deformation dynamic effects of the created structures must be taken into consideration when deciding on a protection concept. Despite their promise, little attention has been given to understanding the working mechanisms of high -rate and finite deformation effects of architected auxetic lattice structures. This study compares the static and dynamic elastic properties of different auxetic structures with a honeycomb structure, a typical non-auxetic lattice, at equivalent mass and stiffness levels. In this study, we limit the investigation to elastic material behavior and do not consider contact between the beams of the lattices. It is demonstrated that the equivalent static and dynamic properties of individual lattices at an undeformed state are insufficient to explain the variations observed in impact situations. In particular, the initial Poisson's ratio does not determine the ability of a structure to resist impact. To gain a thorough comprehension of the overall behavior of these structures during localized, high rate compression, the evolution of the elastic tangent properties under compression and shear deformation was monitored, leading to a more profound understanding. Observations made in one configuration of stiffness and mass are replicated and analyzed in related configurations.",wos,llm,0.980,unreviewed,,doi:10.1016/j.mechmat.2024.104952
discarded,Biomechanics of the Human Osteochondral Unit: A Systematic Review,"Berni, Matteo; Marchiori, Gregorio; Baleani, Massimiliano; Giavaresi, Gianluca; Lopomo, Nicola Francesco",2024,MATERIALS,10.3390/ma17071698,https://www.webofscience.com/wos/woscc/full-record/WOS:001201189200001,off-topic-false-hit,"The damping system ensured by the osteochondral (OC) unit is essential to deploy the forces generated within load-bearing joints during locomotion, allowing furthermore low-friction sliding motion between bone segments. The OC unit is a multi-layer structure including articular cartilage, as well as subchondral and trabecular bone. The interplay between the OC tissues is essential in maintaining the joint functionality; altered loading patterns can trigger biological processes that could lead to degenerative joint diseases like osteoarthritis. Currently, no effective treatments are available to avoid degeneration beyond tissues' recovery capabilities. A thorough comprehension on the mechanical behaviour of the OC unit is essential to (i) soundly elucidate its overall response to intra-articular loads for developing diagnostic tools capable of detecting non-physiological strain levels, (ii) properly evaluate the efficacy of innovative treatments in restoring physiological strain levels, and (iii) optimize regenerative medicine approaches as potential and less-invasive alternatives to arthroplasty when irreversible damage has occurred. Therefore, the leading aim of this review was to provide an overview of the state-of-the-art-up to 2022-about the mechanical behaviour of the OC unit. A systematic search is performed, according to PRISMA standards, by focusing on studies that experimentally assess the human lower-limb joints' OC tissues. A multi-criteria decision-making method is proposed to quantitatively evaluate eligible studies, in order to highlight only the insights retrieved through sound and robust approaches. This review revealed that studies on human lower limbs are focusing on the knee and articular cartilage, while hip and trabecular bone studies are declining, and the ankle and subchondral bone are poorly investigated. Compression and indentation are the most common experimental techniques studying the mechanical behaviour of the OC tissues, with indentation also being able to provide information at the micro- and nanoscales. While a certain comparability among studies was highlighted, none of the identified testing protocols are currently recognised as standard for any of the OC tissues. The fibril-network-reinforced poro-viscoelastic constitutive model has become common for describing the response of the articular cartilage, while the models describing the mechanical behaviour of mineralised tissues are usually simpler (i.e., linear elastic, elasto-plastic). Most advanced studies have tested and modelled multiple tissues of the same OC unit but have done so individually rather than through integrated approaches. Therefore, efforts should be made in simultaneously evaluating the comprehensive response of the OC unit to intra-articular loads and the interplay between the OC tissues. In this regard, a multidisciplinary approach combining complementary techniques, e.g., full-field imaging, mechanical testing, and computational approaches, should be implemented and validated. Furthermore, the next challenge entails transferring this assessment to a non-invasive approach, allowing its application in vivo, in order to increase its diagnostic and prognostic potential.",wos,llm,0.980,unreviewed,,doi:10.3390/ma17071698
discarded,Investigation of edge effect on wurtzite gallium nitride in nanoindentation using molecular dynamics simulation,"Liu, Huan; Zhao, Pengyue; Zhu, Wendong; Pan, Jiansheng; Wang, Ziyun; Gao, Xifeng; Wang, Shunbo; Tan, Jiubin",2024,MATERIALS TODAY COMMUNICATIONS,10.1016/j.mtcomm.2023.107748,https://www.webofscience.com/wos/woscc/full-record/WOS:001128528300001,off-topic-false-hit,"In practical applications, block materials frequently experience edge collapse, yet our grasp of this phenomenon at the nanoscale remains limited. Understanding this is crucial, as nanoscale material behaviors can trigger intricate microscale effects that elude easy observation or comprehension at the macroscopic level. This work researched the edge effect of the wurtzite GaN with {0001} surface crystal orientation at different nanoindentation distances by molecular dynamics simulation. The results show that the GaN indentation edge effect is anisotropic. The atomic displacement directions prolonged [2-1-10], [-12-10], and [-1-120], which is hexagonal distributing, similar to the crystal structure. The dislocations are around the indenter and close to the upper surface, similar to the negative von Mises stress distributions. The closer the indenter is to the edge of the sample, the more atoms are extruded from the specimen edge, and the more serious the damage is to the edge generally. However, analysis of the mechanical response and phase transition shows that the damage to the edge can be weakened while the crystal structure is destroyed more severely at some specific locations of the indenter. This work reveals the evolution of GaN crystal structure under different nanoindentation distances and the mechanism of squeeze-out atoms from the edge at the atomic scale.",wos,llm,0.990,unreviewed,,doi:10.1016/j.mtcomm.2023.107748
discarded,Highlighting strain rate dependent vibrational behavior of electrospun bundles for tendon/ligament and enthesis fascicle tissue regeneration,Di Lorenzo A.,2026,Biomaterials Advances,10.1016/j.bioadv.2026.214966,https://www.scopus.com/inward/record.uri?partnerID=HzOxMe3b&scp=105039790078&origin=inward,off-topic-false-hit,,scopus,llm,0.950,unreviewed,,doi:10.1016/j.bioadv.2026.214966
discarded,Eye-tracking evidence for benefits from linguistically-driven text formatting while reading,Dempsey J.,2026,Reading and Writing,10.1007/s11145-025-10716-x,https://www.scopus.com/inward/record.uri?partnerID=HzOxMe3b&scp=105021841474&origin=inward,off-topic-false-hit,,scopus,llm,0.970,unreviewed,,doi:10.1007/s11145-025-10716-x
discarded,"Dynamic mechanical properties of the rat aged spinal cord tissue: Characterization of elasticity, viscoelasticity, and non-linearity",Jin C.,2026,Biomedical Technology,10.1016/j.bmt.2026.100150,https://www.scopus.com/inward/record.uri?partnerID=HzOxMe3b&scp=105037043763&origin=inward,off-topic-false-hit,,scopus,llm,0.950,unreviewed,,doi:10.1016/j.bmt.2026.100150
discarded,Anisotropy deformation behavior of multi-layer black phosphorus,Li Z.,2026,Nanoscale,10.1039/d5nr04117a,https://www.scopus.com/inward/record.uri?partnerID=HzOxMe3b&scp=105028110094&origin=inward,off-topic-false-hit,,scopus,llm,0.950,unreviewed,,doi:10.1039/d5nr04117a
discarded,Interpreters' note layout and coherence building in consecutive interpreting: A rhetorical structure theory approach,Zhang W.,2026,Acta Psychologica,10.1016/j.actpsy.2025.106192,https://www.scopus.com/inward/record.uri?partnerID=HzOxMe3b&scp=105026704649&origin=inward,off-topic-false-hit,,scopus,llm,0.950,unreviewed,,doi:10.1016/j.actpsy.2025.106192
discarded,Robustness Evaluation of Automatic Problem and Feedback Generation from Student Code for Program Trace Learning Support System,Mogi T.,2026,Lecture Notes in Computer Science,10.1007/978-3-032-29178-3_9,https://www.scopus.com/inward/record.uri?partnerID=HzOxMe3b&scp=105045464497&origin=inward,off-topic-false-hit,,scopus,llm,0.880,unreviewed,,doi:10.1007/978-3-032-29178-3_9
discarded,A Comprehensive Empirical Evaluation of Token-Oriented Object Notation (TOON) for Large Language Model Applications,Ahaidous K.,2026,IEEE Access,10.1109/ACCESS.2026.3707409,https://www.scopus.com/inward/record.uri?partnerID=HzOxMe3b&scp=105043643875&origin=inward,off-topic-false-hit,,scopus,llm,0.860,unreviewed,,doi:10.1109/access.2026.3707409
discarded,Investigation of dislocation mobility on the cast-grown β-Ga2O3:(100) by nanoindentation,Liu D.,2025,Journal of Alloys and Compounds,10.1016/j.jallcom.2025.185317,https://www.scopus.com/inward/record.uri?partnerID=HzOxMe3b&scp=105023147498&origin=inward,off-topic-false-hit,,scopus,llm,0.970,unreviewed,,doi:10.1016/j.jallcom.2025.185317
discarded,An improved NG-F model for capturing the three types of indentation size effect,Wang P.,2025,Scientific Reports,10.1038/s41598-025-23495-w,https://www.scopus.com/inward/record.uri?partnerID=HzOxMe3b&scp=105020923876&origin=inward,off-topic-false-hit,,scopus,llm,0.970,unreviewed,,doi:10.1038/s41598-025-23495-w
discarded,(In)efficacy of architected auxetic materials for impact mitigation,Gärtner T.,2025,International Journal of Impact Engineering,10.1016/j.ijimpeng.2025.105402,https://www.scopus.com/inward/record.uri?partnerID=HzOxMe3b&scp=105008212425&origin=inward,off-topic-false-hit,,scopus,llm,0.970,unreviewed,,doi:10.1016/j.ijimpeng.2025.105402
discarded,Atomic-scale investigation of the mechanical properties of WC grains and interfaces in cemented carbide WC-Co,Wang S.,2025,Journal of Alloys and Compounds,10.1016/j.jallcom.2025.184928,https://www.scopus.com/inward/record.uri?partnerID=HzOxMe3b&scp=105021017965&origin=inward,off-topic-false-hit,,scopus,llm,0.970,unreviewed,,doi:10.1016/j.jallcom.2025.184928
discarded,Prediction of residual stress in LPBF using a finite volume–based thermo-fluid-metallurgical-mechanical model,Yang X.,2025,International Communications in Heat and Mass Transfer,10.1016/j.icheatmasstransfer.2025.108714,https://www.scopus.com/inward/record.uri?partnerID=HzOxMe3b&scp=85217770625&origin=inward,off-topic-false-hit,,scopus,llm,0.960,unreviewed,,doi:10.1016/j.icheatmasstransfer.2025.108714
discarded,Regional mechanical properties of spinal cord gray and white matter in transverse section,Bailly N.,2025,Journal of the Mechanical Behavior of Biomedical Materials,10.1016/j.jmbbm.2025.106898,https://www.scopus.com/inward/record.uri?partnerID=HzOxMe3b&scp=85215082241&origin=inward,off-topic-false-hit,,scopus,llm,0.960,unreviewed,,doi:10.1016/j.jmbbm.2025.106898
discarded,"Correlation between Hardness Behavior, Shape Memory, and Superelasticity in Ni-Rich NiTi Shape Memory Alloy",Ben Fraj B.,2025,Journal of Materials Engineering and Performance,10.1007/s11665-024-09313-w,https://www.scopus.com/inward/record.uri?partnerID=HzOxMe3b&scp=105001076273&origin=inward,off-topic-false-hit,,scopus,llm,0.960,unreviewed,,doi:10.1007/s11665-024-09313-w
discarded,Auditory Cues for Enhanced Code Structure Recognition by Visually Impaired Individuals,Takamatsu N.,2025,15th International Workshop on Computer Science and Engineering Wcse 2025,10.18178/wcse.2025.06.026,https://www.scopus.com/inward/record.uri?partnerID=HzOxMe3b&scp=105017971533&origin=inward,off-topic-false-hit,,scopus,llm,0.830,unreviewed,,doi:10.18178/wcse.2025.06.026
