status,title,authors,year,venue,doi,url,tags,abstract,provider,decision_source,llm_confidence,llm_review_outcome,llm_change_direction,paper_id
discarded,Detecting and comparing brain activity in short program comprehension using EEG,Martin K.‐C. Yeh; Dan Gopstein; Yan Yu; Yanyan Zhuang,2017,,10.1109/fie.2017.8190486,https://openalex.org/W2771584655,off-topic-false-hit,"Program comprehension is a common task in software development. Programmers perform program comprehension at different stages of the software development life cycle. Detecting when a programmer experiences problems or confusion can be difficult. Self-reported data may be useful, but not reliable. More importantly, it is hard to use the self-reported feedback in real time. In this study, we use an inexpensive, non-invasive EEG device to record 8 subjects' brain activity in short program comprehension. Subjects were presented either confusing or non-confusing C/C++ code snippets. Paired sample t-tests are used to compare the average magnitude in alpha and theta frequency bands. The results show that the differences in the average magnitude in both bands are significant comparing confusing and non-confusing questions. We then use ANOVA to detect whether such difference also presented in the same type of questions. We found that there is no significant difference across questions of the same difficulty level. Our outcome, however, shows alpha and theta band powers both increased when subjects are under the heavy cognitive workload. Other research studies reported a negative correlation between (upper) alpha and theta band powers.",openalex,llm,0.920,unreviewed,,doi:10.1109/fie.2017.8190486
discarded,A Comparison of Program Comprehension Strategies by Blind and Sighted Programmers,Ameer Armaly; Paige Rodeghero; Collin McMillan,2017,IEEE Transactions on Software Engineering,10.1109/tse.2017.2729548,https://openalex.org/W2738662416,off-topic-false-hit,"Programmers who are blind use a screen reader to speak source code one word at a time, as though the code were text. This process of reading is in stark contrast to sighted programmers, who skim source code rapidly with their eyes. At present, it is not known whether the difference in these processes has effects on the program comprehension gained from reading code. These effects are important because they could reduce both the usefulness of accessibility tools and the generalizability of software engineering studies to persons with low vision. In this paper, we present an empirical study comparing the program comprehension of blind and sighted programmers. We found that both blind and sighted programmers prioritize reading method signatures over other areas of code. Both groups obtained an equal and high degree of comprehension, despite the different reading processes.",openalex,llm,0.900,unreviewed,,doi:10.1109/tse.2017.2729548
discarded,A brief survey of program slicing,Baowen Xu; Ju Qian; Xiaofang Zhang; Zhongqiang Wu; Lin Chen,2005,ACM SIGSOFT Software Engineering Notes,10.1145/1050849.1050865,https://openalex.org/W2007121005,off-topic-false-hit,"Program slicing is a technique to extract program parts with respect to some special computation. Since Weiser first proposed the notion of slicing in 1979, hundreds of papers have been presented in this area. Tens of variants of slicing have been studied, as well as algorithms to compute them. Different notions of slicing have different properties and different applications. These notions vary from Weiser's syntax-preserving static slicing to amorphous slicing which is not syntax-preserving, and the algorithms can be based on dataflow equations, information-flow relations or dependence graphs.Slicing was first-developed to facilitate debugging, but it is then found helpful in many aspects of the software development life cycle, including program debugging, software testing, software measurement, program comprehension, software maintenance, program parallelization and so on.Over the last two decades, several surveys on program slicing have been presented. However, most of them only reviewed parts of researches on program slicing or have now been out of date. People who are interested in program slicing need more information about the up to date researches. Our survey fills this gap. In this paper, we briefly review most of existing slicing techniques including static slicing, dynamic slicing and the latest slicing techniques. We also discuss the contribution of each work and compare the major difference between them. Researches on slicing are classified by the research hot spots such that people can be kept informed of the overall program slicing researches.",openalex,llm,0.980,unreviewed,,doi:10.1145/1050849.1050865
discarded,Reading the documentation of invoked API functions in program comprehension,Uri Dekel; James D. Herbsleb,2009,,10.1109/icpc.2009.5090040,https://openalex.org/W2111882670,off-topic-false-hit,"Comprehending an unfamiliar code fragment requires an awareness of explicit usage directives that may be present in the documentation of some invoked functions. Since it is not practical for developers to thoroughly investigate every call, directives may be missed and errors may occur. We previously reported on a tool called eMoose, which highlights calls to methods with associated directives, and on a controlled comparative lab study in which eMoose users were more successful at fixing bugs in given code fragments. In this paper we attempt to shed light on the factors behind these differences with a detailed analysis of videos from the study. We argue that information foraging theory may explain the subjects' reading choices and the impact of our tool. We also suggest ways to structure documentation to increase the prospects of knowledge acquisition.",openalex,llm,0.910,unreviewed,,doi:10.1109/icpc.2009.5090040
kept,How do Developers Improve Code Readability? An Empirical Study of Pull Requests,Carlos Eduardo C. Dantas; Adriano M. Rocha; Marcelo de Almeida Maia,2023,,10.1109/icsme58846.2023.00022,https://openalex.org/W4389544453,supports-claim,"Readability models and tools have been proposed to measure the effort to read code. However, these models are not completely able to capture the quality improvements in code as perceived by developers. To investigate possible features for new readability models and production-ready tools, we aim to better understand the types of readability improvements performed by developers when actually improving code readability, and identify discrepancies between suggestions of automatic static tools and the actual improvements performed by developers. We collected 370 code readability improvements from 284 Merged Pull Requests (PRs) under 109 GitHub repositories and produce a catalog with 26 different types of code readability improvements, where in most of the scenarios, the developers improved the code readability to be more intuitive, modular, and less verbose. Surprisingly, SonarQube only detected 26 out of the 370 code readability improvements. This suggests that some of the catalog produced has not yet been addressed by SonarQube rules, highlighting the potential for improvement in Automatic static analysis tools (ASAT) code readability rules as they are perceived by developers.",openalex,llm,0.860,unreviewed,,doi:10.1109/icsme58846.2023.00022
discarded,Comparing Programming Language Comprehension between Novice and Expert Programmers Using EEG Analysis,Seolhwa Lee; Andrew Stuart Matteson; Danial Hooshyar; SongHyun Kim; Jaebum Jung; GiChun Nam; Heuiseok Lim,2016,,10.1109/bibe.2016.30,https://openalex.org/W2563587725,off-topic-false-hit,"For programming language comprehension, high cognitive skills (e.g., reading, writing, working memory, etc.) and information processing are required. However, there are few papers that approach this from a neuroscientific perspective. In this paper, we examine program comprehension neuroscientifically and also observe the differences between novice and expert programmers. We designed an EEG (electroencephalogram) experiment and observed 18 participants during a series of program comprehension tasks. We found clear differences in program comprehension ability between novice and expert programmers. Experts exhibited higher brainwave activation than novices in electrodes F3 and P8. These results indicate that experts have outstanding program comprehension-associated abilities such as digit encoding, coarse coding, short-term memory, and subsequent memory effect. Our findings can serve as a foundation for future research in this pioneering field.",openalex,llm,0.930,unreviewed,,doi:10.1109/bibe.2016.30
discarded,Checking App Behavior Against App Descriptions: What If There are No App Descriptions?,Md. Shamsujjoha; John Grundy; Li Li; Hourieh Khalajzadeh; Qinghua Lu,2021,2021 IEEE/ACM 29th International Conference on Program Comprehension (ICPC),10.1109/ICPC52881.2021.00050,https://ieeexplore.ieee.org/document/9463043/,off-topic-false-hit,"Classifying mobile apps based on their description is beneficial for several purposes. However, many app descriptions do not reflect app functionalities, whether accidentally or on purpose. Most importantly, these app classification methods do not work if the app description is unavailable. This paper investigates a Reverse Engineering-based Approach to Classify mobile apps using The data that exists in the app, called REACT. To validate the proposed REACT method, we use a large set of Android apps (24,652 apps in total). We also show REACTs’ extendibility for malware/anomaly detection and prove its reliability and scalability. However, our analysis shows some limitations in REACT procedure and implementation, especially for similar feature based app grouping. We discuss the root cause of these failures, our key lessons learned, and some future enhancement ideas. We also share our REACT tools and reproduced datasets for the app market analyst, mobile app developers and software engineering research communities for further research purposes.",ieee,llm,0.990,unreviewed,,doi:10.1109/icpc52881.2021.00050
discarded,Do Machines and Humans Focus on Similar Code? Exploring Explainability of Large Language Models in Code Summarization,Jiliang Li; Yifan Zhang; Zachary Karas; Collin McMillan; Kevin Leach; Yu Huang,2024,2024 IEEE/ACM 32nd International Conference on Program Comprehension (ICPC),,https://ieeexplore.ieee.org/document/10556481/,adjacent-subtopic,"Recent language models have demonstrated proficiency in summarizing source code. However, as in many other domains of machine learning, language models of code lack sufficient explainability informally, we lack a formulaic or intuitive understanding of what and how models learn from code. Explainability of language models can be partially provided if, as the models learn to produce higher-quality code summaries, they also align in deeming the same code parts important as those identified by human programmers. In this paper, we report negative results from our investigation of explainability of language models in code summarization through the lens of human comprehension. We measure human focus on code using eye-tracking metrics such as fixation counts and duration in code summarization tasks. To approximate language model focus, we employ a state-of-the-art model-agnostic, black-box, perturbation-based approach, SHAP (SHapley Additive exPlanations), to identify which code tokens influence that generation of summaries. Using these settings, we find no statistically significant relationship between language models’ focus and human programmers’ attention. Furthermore, alignment between model and human foci in this setting does not seem to dictate the quality of the LLM-generated summaries. Our study highlights an inability to align human focus with SHAP-based model focus measures. This result calls for future investigation of multiple open questions for explainable language models for code summarization and software engineering tasks in general, including the training mechanisms of language models for code, whether there is an alignment between human and model attention on code, whether human attention can improve the development of language models, and what other model focus measures are appropriate for improving explainability. CCS CONCEPTS • Computing methodologies $\rightarrow$ Artificial intelligence.",ieee,llm,0.860,unreviewed,,hash:082c4619a473ad95
discarded,Negative Results Track Program Committee,,2019,2019 IEEE/ACM 27th International Conference on Program Comprehension (ICPC),10.1109/ICPC.2019.00007,https://ieeexplore.ieee.org/document/8813279/,off-topic-false-hit,Provides a listing of current committee members and society officers.,ieee,llm,0.990,unreviewed,,doi:10.1109/icpc.2019.00007
discarded,Message from the ICPC 2022 Chairs,Gabriele Bavota; Venera Arnaoudova; Sonia Haiduc,2022,2022 IEEE/ACM 30th International Conference on Program Comprehension (ICPC),,https://ieeexplore.ieee.org/document/9796164/,off-topic-false-hit,"We are delighted to introduce the program of the 30th IEEE/ACM International Conference on Program Comprehension, collocated with the 44th International Conference on Software Engineering (ICSE 2022)! ICPC is the premier venue for research on program comprehension. Starting as a workshop in 1992, it is now a wellestablished conference at its 30th edition and recently became an “A” conference in the CORE ranking. Program comprehension is a vital activity in software development, maintenance, and evolution, and is necessary to facilitate the reuse, inspection, maintenance, reengineering, migration, and evolution of existing software systems. The research on program comprehension encompasses both human activities for comprehending the software and technologies for supporting such comprehension. ICPC 2022 has five tracks. In addition to the main research track, it includes an Early Research Achievements (ERA) track, a Tool Demonstration track, a Replications and Negative results (RENE) track, and a Journal First track.",ieee,llm,0.990,unreviewed,,hash:a23d10f021561ad3
discarded,Partial Evaluation for Program Comprehension,Sandrine Blazy,2006,cs.SE,10.48550/arXiv.cs/0610096,http://arxiv.org/abs/cs/0610096v1,off-topic-false-hit,"  Program comprehension is the most tedious and time consuming task of software maintenance, an important phase of the software life cycle. This is particularly true while maintaining scientific application programs that have been written in Fortran for decades and that are still vital in various domains even though more modern languages are used to implement their user interfaces. Very often, programs have evolved as their application domains increase continually and have become very complex due to extensive modifications. This generality in programs is implemented by input variables whose value does not vary in the context of a given application. Thus, it is very interesting for the maintainer to propagate such information, that is to obtain a simplified program, which behaves like the initial one when used according to the restriction. We have adapted partial evaluation for program comprehension. Our partial evaluator performs mainly two tasks: constant propagation and statements simplification. It includes an interprocedural alias analysis. As our aim is program comprehension rather than optimization, there are two main differences with classical partial evaluation. We do not change the original",arxiv,llm,0.950,unreviewed,,doi:10.48550/arxiv.cs/0610096
discarded,Predicting Program Comprehension with Foundation Models of Human Cognition,Yannick Lehmen; Marvin Wyrich; Anna-Maria Maurer; Norman Peitek; Sven Apel,2026,cs.SE,10.48550/arXiv.2607.11372,http://arxiv.org/abs/2607.11372v2,adjacent-subtopic,"Software engineering depends on the ability of developers to understand code, yet predicting how they do so remains an open challenge despite decades of research. Existing approaches rely either on simplified proxy measures that limit accuracy or on non-trivial measurements requiring elaborate experimental setups that are difficult to scale and apply in practice. In contrast, recent work in psychology suggests an alternative perspective: Instead of modeling task-specific phenomena directly, human behavior can be captured through cognitive regularities learned from large-scale behavioral data. This idea treats complex human behavior as the observable outcome of underlying cognitive processes that manifest consistently across tasks and domains. In this paper, we explore this perspective in the context of program comprehension. We evaluate Centaur, a foundation model trained on 160 general psychological experiments, on 9 previously published program-comprehension studies. We assess how well its predicted response distributions align with human response data and compare Centaur's performance to its base model, Llama 3.1. To better understand the source of its performance, we conduct ablation studies to isolate the contribution of different sources of information, such as the code artifacts, task-related context, and prior trials and participant responses. In a nutshell, we find that Centaur more closely aligns with human response patterns than its base model, is significantly less reliant on information from prior trials and responses, and benefits more from task-related information. These findings suggest that behavioral patterns learned from general psychological data can transfer to complex software engineering tasks such as program comprehension. More broadly, they point toward foundation models of human cognition as a basis for modeling developer behavior in software engineering.",arxiv,llm,0.830,unreviewed,,doi:10.48550/arxiv.2607.11372
discarded,"Object-Oriented Program Comprehension: Effect of Expertise, Task and Phase",Jean-Marie Burkhardt; Françoise Détienne; Susan Wiedenbeck,2006,cs.HC,10.48550/arXiv.cs/0612004,http://arxiv.org/abs/cs/0612004v2,off-topic-false-hit,"  The goal of our study is to evaluate the effect on program comprehension of three factors that have not previously been studied in a single experiment. These factors are programmer expertise (expert vs. novice), programming task (documentation vs. reuse), and the development of understanding over time (phase 1 vs. phase 2). This study is carried out in the context of the mental model approach to comprehension based on van Dijk and Kintsch's model (1983). One key aspect of this model is the distinction between two kinds of representation the reader might construct from a text: 1) the textbase, which refers to what is said in the text and how it is said, and 2) the situation model, which represents the situation referred to by the text. We have evaluated the effect of the three factors mentioned above on the development of both the textbase (or program model) and the situation model in object-oriented program comprehension. We found a four-way interaction of expertise, phase, task and type of model. For the documentation group we found that experts and novices differ in the elaboration of their situation model but not their program model. There was no interaction of expertise with phase and type of model in the documentation group. For the reuse group, there was a three-way interaction between phase, expertise and type of model. For the novice reuse group, the effect of the phase was to increase the construction of the situation model but not the program model. With respect to the task, our results show that novices do not spontaneously construct a strong situation model but are able to do so if the task demands it.",arxiv,llm,0.920,unreviewed,,doi:10.48550/arxiv.cs/0612004
discarded,From Restructuring to Stabilization: A Large-Scale Experiment on Iterative Code Readability Refactoring with Large Language Models,Norman Peitek; Julia Hess; Sven Apel,2026,cs.SE,10.48550/arXiv.2602.21833,http://arxiv.org/abs/2602.21833v1,adjacent-subtopic,"Large language models (LLMs) are increasingly used for automated code refactoring tasks. Although these models can quickly refactor code, the quality may exhibit inconsistencies and unpredictable behavior. In this article, we systematically study the capabilities of LLMs for code refactoring with a specific focus on improving code readability.
  We conducted a large-scale experiment using GPT5.1 with 230 Java snippets, each systematically varied and refactored regarding code readability across five iterations under three different prompting strategies. We categorized fine-grained code changes during the refactoring into implementation, syntactic, and comment-level transformations. Subsequently, we investigated the functional correctness and tested the robustness of the results with novel snippets.
  Our results reveal three main insights: First, iterative code refactoring exhibits an initial phase of restructuring followed by stabilization. This convergence tendency suggests that LLMs possess an internalized understanding of an ""optimally readable"" version of code. Second, convergence patterns are fairly robust across different code variants. Third, explicit prompting toward specific readability factors slightly influences the refactoring dynamics.
  These insights provide an empirical foundation for assessing the reliability of LLM-assisted code refactoring, which opens pathways for future research, including comparative analyses across models and a systematic evaluation of additional software quality dimensions in LLM-refactored code.",arxiv,llm,0.780,unreviewed,,doi:10.48550/arxiv.2602.21833
