status,title,authors,year,venue,doi,url,tags,abstract,provider,decision_source,llm_confidence,llm_review_outcome,llm_change_direction,paper_id
discarded,pycefr: Python Competency Level through Code Analysis,Gregorio Robles; Raula Gaikovina Kula; Chaiyong Ragkhitwetsagul; Tattiya Sakulniwat; Kenichi Matsumoto; Jesus M. Gonzalez-Barahona,2022,cs.SE,10.48550/arXiv.2203.15990,http://arxiv.org/abs/2203.15990v1,adjacent-subtopic,"Python is known to be a versatile language, well suited both for beginners and advanced users. Some elements of the language are easier to understand than others: some are found in any kind of code, while some others are used only by experienced programmers. The use of these elements lead to different ways to code, depending on the experience with the language and the knowledge of its elements, the general programming competence and programming skills, etc. In this paper, we present pycefr, a tool that detects the use of the different elements of the Python language, effectively measuring the level of Python proficiency required to comprehend and deal with a fragment of Python code. Following the well-known Common European Framework of Reference for Languages (CEFR), widely used for natural languages, pycefr categorizes Python code in six levels, depending on the proficiency required to create and understand it. We also discuss different use cases for pycefr: identifying code snippets that can be understood by developers with a certain proficiency, labeling code examples in online resources such as Stackoverflow and GitHub to suit them to a certain level of competency, helping in the onboarding process of new developers in Open Source Software projects, etc. A video shows availability and usage of the tool: https://tinyurl.com/ypdt3fwe.",arxiv,llm,0.860,unreviewed,,doi:10.48550/arxiv.2203.15990
discarded,Vulnerabilities in AI Code Generators: Exploring Targeted Data Poisoning Attacks,Domenico Cotroneo; Cristina Improta; Pietro Liguori; Roberto Natella,2023,cs.CR,10.1145/3643916.3644416,http://arxiv.org/abs/2308.04451v3,off-topic-false-hit,"AI-based code generators have become pivotal in assisting developers in writing software starting from natural language (NL). However, they are trained on large amounts of data, often collected from unsanitized online sources (e.g., GitHub, HuggingFace). As a consequence, AI models become an easy target for data poisoning, i.e., an attack that injects malicious samples into the training data to generate vulnerable code.
  To address this threat, this work investigates the security of AI code generators by devising a targeted data poisoning strategy. We poison the training data by injecting increasing amounts of code containing security vulnerabilities and assess the attack's success on different state-of-the-art models for code generation. Our study shows that AI code generators are vulnerable to even a small amount of poison. Notably, the attack success strongly depends on the model architecture and poisoning rate, whereas it is not influenced by the type of vulnerabilities. Moreover, since the attack does not impact the correctness of code generated by pre-trained models, it is hard to detect. Lastly, our work offers practical insights into understanding and potentially mitigating this threat.",arxiv,llm,0.990,unreviewed,,doi:10.1145/3643916.3644416
discarded,Personalized Code Readability Assessment: Are We There Yet?,Vitale A.,2025,IEEE International Conference on Program Comprehension,10.1109/ICPC66645.2025.00019,https://www.scopus.com/inward/record.uri?partnerID=HzOxMe3b&scp=105009115751&origin=inward,adjacent-subtopic,,scopus,llm,0.740,unreviewed,,doi:10.1109/icpc66645.2025.00019
discarded,On the comprehensibility of functional decomposition: An empirical study,Tempero E.,2024,IEEE International Conference on Program Comprehension,10.1145/3643916.3644432,https://www.scopus.com/inward/record.uri?partnerID=HzOxMe3b&scp=85197233156&origin=inward,off-topic-false-hit,,scopus,llm,0.620,unreviewed,,doi:10.1145/3643916.3644432
discarded,An eye tracking study assessing the impact of background styling in code editors on novice programmers' code understanding,Park K.I.,2023,Icer 2023 Proceedings of the 2023 ACM Conference on International Computing Education Research V 1,10.1145/3568813.3600133,https://www.scopus.com/inward/record.uri?partnerID=HzOxMe3b&scp=85174241724&origin=inward,qualifies-claim,,scopus,llm,0.840,unreviewed,,doi:10.1145/3568813.3600133
discarded,Naturalness in Source Code Summarization. How Significant is it?,Ferretti C.,2023,IEEE International Conference on Program Comprehension,10.1109/ICPC58990.2023.00027,https://www.scopus.com/inward/record.uri?partnerID=HzOxMe3b&scp=85166365210&origin=inward,adjacent-subtopic,,scopus,llm,0.900,unreviewed,,doi:10.1109/icpc58990.2023.00027
discarded,API + code = better code summary? Insights from an exploratory study,Sarmah P.P.,2022,Promise 2022 Proceedings of the 18th International Conference on Predictive Models and Data Analytics in Software Engineering Co Located with Esec Fse 2022,10.1145/3558489.3559075,https://www.scopus.com/inward/record.uri?partnerID=HzOxMe3b&scp=85143196490&origin=inward,off-topic-false-hit,,scopus,llm,0.950,unreviewed,,doi:10.1145/3558489.3559075
discarded,Automatically Assessing Code Understandability,Scalabrino S.,2021,IEEE Transactions on Software Engineering,10.1109/TSE.2019.2901468,https://www.scopus.com/inward/record.uri?partnerID=HzOxMe3b&scp=85062150146&origin=inward,adjacent-subtopic,,scopus,llm,0.930,unreviewed,,doi:10.1109/tse.2019.2901468
discarded,Automatically assessing code understandability: How far are we?,Scalabrino S.,2017,Ase 2017 Proceedings of the 32nd IEEE ACM International Conference on Automated Software Engineering,10.1109/ASE.2017.8115654,https://www.scopus.com/inward/record.uri?partnerID=HzOxMe3b&scp=85041431985&origin=inward,adjacent-subtopic,,scopus,llm,0.930,unreviewed,,doi:10.1109/ase.2017.8115654
kept,Does the discipline of preprocessor annotations matter? A controlled experiment,Schulze S.,2013,Splash Indianapolis 2013 Gpce 2013 Proceedings of the 12th International Conference on Generative Programming Concepts and Experiences,10.1145/2517208.2517215,https://www.scopus.com/inward/record.uri?partnerID=HzOxMe3b&scp=84889688193&origin=inward,supports-claim,,scopus,llm,0.760,unreviewed,,doi:10.1145/2517208.2517215
discarded,Redundant boxing elimination by a dynamic compiler for Java,Chiba Y.,2007,ACM International Conference Proceeding Series,10.1145/1294325.1294355,https://www.scopus.com/inward/record.uri?partnerID=HzOxMe3b&scp=41149124497&origin=inward,off-topic-false-hit,,scopus,llm,0.990,unreviewed,,doi:10.1145/1294325.1294355
discarded,Scale-Driven Automatic Hint Generation for Coding Style,Rohan Roy Choudhury; Hezheng Yin; Armando Fox,2016,Lecture notes in computer science,10.1007/978-3-319-39583-8_12,https://openalex.org/W2475454661,adjacent-subtopic,,openalex,llm,0.900,unreviewed,,doi:10.1007/978-3-319-39583-8_12
discarded,When Coding Style Survives Compilation: De-anonymizing Programmers from Executable Binaries,Aylin Caliskan; Fabian Yamaguchi; Edwin Dauber; Richard Harang; Konrad Rieck; Rachel Greenstadt; Arvind Narayanan,2018,,10.14722/ndss.2018.23304,https://openalex.org/W2205815960,adjacent-subtopic,"The ability to identify authors of computer programs based on their coding style is a direct threat to the privacy and anonymity of programmers. While recent work found that source code can be attributed to authors with high accuracy, attribution of executable binaries appears to be much more difficult. Many distinguishing features present in source code, e.g. variable names, are removed in the compilation process, and compiler optimization may alter the structure of a program, further obscuring features that are known to be useful in determining authorship. We examine programmer de-anonymization from the standpoint of machine learning, using a novel set of features that include ones obtained by decompiling the executable binary to source code. We adapt a powerful set of techniques from the domain of source code authorship attribution along with stylistic representations embedded in assembly, resulting in successful deanonymization of a large set of programmers.",openalex,llm,0.970,unreviewed,,doi:10.14722/ndss.2018.23304
kept,Teaching Students to Recognize and Implement Good Coding Style,Eliane S. Wiese; Michael T. Yen; Antares Chen; Lucas A. Santos; Armando Fox,2017,,10.1145/3051457.3051469,https://openalex.org/W2606564012,supports-claim,"Teaching students to write code with good style is important but difficult: in-depth feedback currently requires a human. AutoStyle, a style tutor that scales, offers adaptive, real-time holistic style feedback and hints as students improve their code. An in-situ study with 103 undergraduate students in a CS class compared AutoStyle to a control tutor which only offered ABC score. While students improved the style of their code in both cases, students working with AutoStyle were more likely to use an appropriate language idiom and to improve their recognition of good style. However, students struggled to implement style improvements, even when hints recommended specific functions.",openalex,llm,0.900,unreviewed,,doi:10.1145/3051457.3051469
kept,A paradigm for programming style research,Paul Oman; C. Cook,1988,ACM SIGPLAN Notices,10.1145/57669.57675,https://openalex.org/W2035781078,qualifies-claim,"Programming style guidelines and automated coding style analyzers have been developed without a solid experimental or theoretical basis. In this paper we make a distinction between typographic style characteristics and underlying structural style content and show that this distinction aids in assessing the influence of style factors. This distinction permits straightforward identification of specific style factors and a better understanding of their effect on program comprehension. The results of our studies have a direct impact on automated coding style assessment programs, programming standards, program maintainability, and code formatting tools.",openalex,llm,0.950,unreviewed,,doi:10.1145/57669.57675
discarded,Supporting Students in C++ Programming Courses with Automatic Program Style Assessment,Kirsti Ala-Mutka; Toni Uimonen; Hannu-Matti Järvinen,2004,Journal of Information Technology Education Research,10.28945/300,https://openalex.org/W1561264025,adjacent-subtopic,"An international association advancing the multidisciplinary study of informing systems. Founded in 1998, the Informing Science Institute (ISI) is a global community of academics shaping the future of informing science.",openalex,llm,0.780,unreviewed,,doi:10.28945/300
discarded,A Literature-Informed Model for Code Style Principles to Support Teachers of Text-Based Programming,Diana Kirk; Andrew Luxton-Reilly; Ewan Tempero,2024,,10.1145/3636243.3636258,https://openalex.org/W4390490730,qualifies-claim,"It is widely acknowledged that code style is an important aspect of text-based programming. This is because programs written with good style are considered easier to understand and change and so improve the maintainability of the delivered software product. However, it is difficult for educators to find appropriate guidance on teaching style concepts because the available advice is often conflicting or language-specific. In this paper, we describe an exploratory study to create a set of code style principles that can be used by educators to support their teaching.",openalex,llm,0.900,unreviewed,,doi:10.1145/3636243.3636258
discarded,Programming Style: Examples and Counterexamples,Brian W. Kernighan; P. J. Plauger,1974,ACM Computing Surveys,10.1145/356635.356641,https://openalex.org/W2101373721,off-topic-false-hit,"Computer programs can be written many different ways and still achieve the same effect Until recently, programmers have had little reason to favor one method of expressing code over another. We have come to learn, however, that functionally equivalent programs can have extremely important stylistic differences.",openalex,llm,0.860,unreviewed,,doi:10.1145/356635.356641
discarded,Refining ChatGPT-Generated Code: Characterizing and Mitigating Code Quality Issues,Yue Liu; Thanh Le-Cong; Ratnadira Widyasari; Chakkrit Tantithamthavorn; Li Li; Xuan-Bach D. Le; David Lo,2024,ACM Transactions on Software Engineering and Methodology,10.1145/3643674,https://openalex.org/W4391282616,adjacent-subtopic,"Since its introduction in November 2022, ChatGPT has rapidly gained popularity due to its remarkable ability in language understanding and human-like responses. ChatGPT, based on GPT-3.5 architecture, has shown great promise for revolutionizing various research fields, including code generation. However, the reliability and quality of code generated by ChatGPT remain unexplored, raising concerns about potential risks associated with the widespread use of ChatGPT-driven code generation. In this article, we systematically study the quality of 4,066 ChatGPT-generated programs of code implemented in two popular programming languages, i.e., Java and Python, for 2,033 programming tasks. The goal of this work is threefold. First, we analyze the correctness of ChatGPT on code generation tasks and uncover the factors that influence its effectiveness, including task difficulty, programming language, time that tasks are introduced, and program size. Second, we identify and characterize potential issues with the quality of ChatGPT-generated code. Last, we provide insights into how these issues can be mitigated. Experiments highlight that out of 4,066 programs generated by ChatGPT, 2,756 programs are deemed correct, 1,082 programs provide wrong outputs, and 177 programs contain compilation or runtime errors. Additionally, we further analyze other characteristics of the generated code through static analysis tools, such as code style and maintainability, and find that 1,930 ChatGPT-generated code snippets suffer from maintainability issues. Subsequently, we investigate ChatGPT’s self-repairing ability and its interaction with static analysis tools to fix the errors uncovered in the previous step. Experiments suggest that ChatGPT can partially address these challenges, improving code quality by more than 20%, but there are still limitations and opportunities for improvement. Overall, our study provides valuable insights into the current limitations of ChatGPT and offers a roadmap for future research and development efforts to enhance the code generation capabilities of artificial intelligence models such as ChatGPT.",openalex,llm,0.960,unreviewed,,doi:10.1145/3643674
kept,Utilizing programming traces to explore and model the dimensions of novices' code‐writing skill,Yingbin Zhang; Luc Paquette; Juan D. Pinto; Aysa Xuemo Fan,2023,Computer Applications in Engineering Education,10.1002/cae.22622,https://openalex.org/W4323925249,supports-claim,"Abstract Studies have found that most novice programmers have low proficiency in writing code. However, it is unclear what subskills compose code writing and which subskills novice programmers struggle with. This study utilizes programming traces to identify latent subskills that constitute code writing so that teachers can offer specific instruction on the weak subskills. Data were collected from an undergraduate course teaching introductory computer science in Java. Six hundred and fourteen students made submissions to homework programming questions in a web‐based learning system. Based on the submission traces, we computed 11 features related to correctness and time students spent on their submissions. We conducted an exploratory factor analysis on two‐thirds of students selected randomly and identified four factors. The first factor, code style proficiency, was mainly related to code style errors. The second, syntactic proficiency, concerned compiler errors. The third is semantic proficiency, which concerns runtime and logic errors. The fourth, syntactic debugging proficiency, concerned the success rate and time required for fixing compiler and code style errors. A confirmatory factor analysis conducted on the remaining one‐third of the data supported the four‐factor structure. The factor model showed measurement invariance between the data set where the model was developed and two new datasets, one from the same sample but collected at a different time point and another from a different sample and context (onsite course vs. online course). The factors were related to prior programming abilities, programming language familiarity, and future exam performance. These associations provided validity evidence for the factor model.",openalex,llm,0.760,unreviewed,,doi:10.1002/cae.22622
discarded,Beyond Functional Correctness: Investigating Coding Style Inconsistencies in Large Language Models,Yanlin Wang; Tianyue Jiang; Mingwei Liu; Jiachi Chen; Mingzhi Mao; Xilin Liu; Yuchi Ma; Zibin Zheng,2025,Proceedings of the ACM on software engineering.,10.1145/3715749,https://openalex.org/W4411450119,adjacent-subtopic,"Large language models (LLMs) have brought a paradigm shift to the field of code generation, offering the potential to enhance the software development process. However, previous research mainly focuses on the accuracy of code generation, while coding style differences between LLMs and human developers remain under-explored. In this paper, we empirically analyze the differences in coding style between the code generated by mainstream LLMs and the code written by human developers, and summarize coding style inconsistency taxonomy. Specifically, we first summarize the types of coding style inconsistencies by manually analyzing a large number of generation results. We then compare the code generated by LLMs with the code written by human programmers in terms of readability, conciseness, and robustness. The results reveal that LLMs and developers exhibit differences in coding style. Additionally, we study the possible causes of these inconsistencies and provide some solutions to alleviate the problem.",openalex,llm,0.820,unreviewed,,doi:10.1145/3715749
discarded,Data-Driven Hint Generation in Vast Solution Spaces: a Self-Improving Python Programming Tutor,Kelly Rivers; Kenneth R. Koedinger,2015,International Journal of Artificial Intelligence in Education,10.1007/s40593-015-0070-z,https://openalex.org/W2246775628,off-topic-false-hit,,openalex,llm,0.970,unreviewed,,doi:10.1007/s40593-015-0070-z
discarded,A Survey of Software Clone Detection Techniques,Abdullah Sheneamer; Jugal Kalita,2016,International Journal of Computer Applications,10.5120/ijca2016908896,https://openalex.org/W2334699878,off-topic-false-hit,"If two fragments of source code are identical or similar to each other, they are called code clones. Code clones introduce difficulties in software maintenance and cause bug propagation. Software clones occur due to several reasons such as code reuse by copying pre-existing fragments, coding style, and repeated computation using duplicated functions with slight changes in variables or data structures used. If a code fragment is edited, it will have to be checked against all related code clones to see if they need to be modified as well. Removal, avoidance or refactoring of cloned code are other important issues in software maintenance. However, several research studies have demonstrated that removal or refactoring of cloned code is sometimes harmful. In this study, code clones, common types of clones, phases of clone detection, the state-ofthe-art in code clone detection techniques and tools, and challenges faced by clone detection techniques are discussed.",openalex,llm,0.990,unreviewed,,doi:10.5120/ijca2016908896
discarded,Impact of Coding Style Checker on Code Review - A Case Study on the OpenStack Projects,Yuki Ueda; Akinori Ihara; Takashi Ishio; Kennichi Matsumoto,2018,,10.1109/iwesep.2018.00014,https://openalex.org/W2921162057,adjacent-subtopic,"Code review is key to ensuring the absence of potential issues in source code. Code review is changing from a costly manual check by reviewer to a cost-efficient automatic check by coding style checkers. So that patch authors can verify the changed code before submitting their patches. Although cost-efficiency, the checkers do not detect all potential issues, requiring reviewers to verify the submitted patches based on their knowledge. It would be most efficient if patch authors will learn potential issues and remove the same type of issues from patches prior to code review. This study investigates potential issues that patch authors have repeatedly introduced in their patch submissions despite receiving feedback. To understand the impact of adopting checkers to patch authors' coding style improvement, this study compares two types of potential issues: Automatically Detected Issues by checkers (ADIs) and Manually Detected Issues by reviewers (MDIs). In a case study using an OpenStack code review dataset, we found that the patch authors have repeatedly introduced the same type of MDIs, while they do not repeat ADIs. This result suggests that the introduction of code style checkers might promote the patch authors' effective potential issues learning.",openalex,llm,0.880,unreviewed,,doi:10.1109/iwesep.2018.00014
