status,title,authors,year,venue,doi,url,tags,abstract,provider,decision_source,llm_confidence,llm_review_outcome,llm_change_direction,paper_id
discarded,Deep Learning With Customized Abstract Syntax Tree for Bug Localization,Hongliang Liang; Lu Sun; Meilin Wang; Yuxing Yang,2019,IEEE Access,10.1109/access.2019.2936948,https://openalex.org/W2969229669,adjacent-subtopic,"Given a bug report, bug localization technique can help developers automatically locate potential buggy files. Information retrieval and deep learning approaches have been applied in bug localization by extracting lexical features in bug reports and syntactic features in source code files, though they fail to utilize the structural and semantic information of source code files. In this paper, we present a bug localization system CAST, which exploits deep learning and customized abstract syntax trees of programs to locate potential buggy source files automatically and effectively. Specifically, CAST extracts both lexical semantics in bug reports (e.g., words) and source files (e.g., method names) and program semantics in source files (e.g., abstract syntax tree, AST). Moreover, CAST enhances the tree-based convolutional neural network (TBCNN) model with customized ASTs, which distinguish between user-defined methods and system-provided ones to reflect their contributions leading to defects. Furthermore, customized ASTs group the syntactic entities with similar semantics and prune the ones with little or redundant semantics in order to facilitate the learning performance. Experimental results on four widely-used software projects show that CAST significantly outperforms the state-of-the-art methods in locating the buggy source files.",openalex,llm,0.950,unreviewed,,doi:10.1109/access.2019.2936948
discarded,Discriminate analysis gender public school principal servant leadership differences,Max Fridell; Rebecca Newcom Belcher; Phillip E. Messner,2009,Leadership & Organization Development Journal,10.1108/01437730911003894,https://openalex.org/W2056958268,off-topic-false-hit,"Purpose This paper seeks to apply discriminate analysis to determine principal's leadership styles differences between genders in USA Midwest public schools. A distinction is to be made between “servant” (seen as aligned with emotional intelligence) and “traditional” (or top‐down) leadership. The debate between the traditional (or, top‐down) leadership approach, versus the servant (which is seen as aligned with emotional intelligence) leadership approach is ripe for investigation. Design/methodology/approach E‐mail based surveys from 445 responding public school principals comprised of men (n=265) and women (n=180) were quantitatively analyzed. The self‐selected sample for the study was drawn from public schools in three Midwest states in the USA. The inventory contained 40 content items prepared on a five‐point Likert scale and one demographic question. Content and construct validity were evaluated and significant difference tests were performed. The study sought to clarify which cluster of items from the Servant‐leadership Styles Inventory (SSI) best described gender membership and, thereby, proffered possibly gender oriented servant‐leadership styles utilizing discriminant function analysis methods. Findings This study has established that SSI items identified with Servant‐leadership dimension are reliable and valid; however items aligned with Traditional leadership dimensions were found to be less reliable and valid. Additionally these results have shown that Servant‐leadership items can be effective in differentiating between men and women principals. It is important to note that both men and women equally reported that they were reluctant to use Traditional leadership styles. No differences between genders in Traditional leadership styles usage were found. However, there were significant differences between men's and women's Servant‐leadership style usage. Research limitations/implications Current research shows that men and women operate differently. What has been lacking, however, is an instrument that discriminated between male and female leadership styles. This study is bounded by the following limitations: by location, the study is restricted to USA Midwest practicing public school principals; to the gender based perceptions of principals in Midwest USA, other factors such a training, experience and longevity are unknown; and it is also unknown as to the instrument's cultural biases when applied to other countries and regions in the USA. However, the instrument may open opportunities for cultural and gender based leadership research studies when applied to new populations. Practical implications This paper reports the development of a new research instrument, the SSI. The instrument utilizes 20 traditional leadership styles and 20 servant leadership styles to query subjects. The instrument was found to be reliable and valid, especially the servant leadership items. Originality/value The paper shows that four Servant‐leadership styles lend understanding to the field, and help begin a discussion of feminine servant‐leadership style. These four newly identified styles are: daily reflection; consensus building; healing relationships; and drive sense of self worth. The feminine leader is more likely to hold and practice these values than male leaders.",openalex,llm,1.000,unreviewed,,doi:10.1108/01437730911003894
discarded,Car style-holon recognition in computer-aided design,Egon Ostrosi; Jean-Bernard Bluntzer; Zaifang Zhang; Josip Stjepandić,2018,Journal of Computational Design and Engineering,10.1016/j.jcde.2018.10.005,https://openalex.org/W2896326983,off-topic-false-hit,"Abstract Multi-scale design can presumably stimulate greater intelligence in computer-aided design (CAD). Using the style-holon concept, this paper proposes a computational approach to address multi-scale style recognition for automobiles. A style-holon is both a whole—it contains sub-styles of which it is composed—as well as a part of a broader style. In this paper, we first apply a variable precision rough set-based approach to car evaluation and ranking. Secondly, we extracted and subsequently computed the each car's characteristic lines from the CAD models. Finally, we identified style-holons using the property of a double-headed style-holon. A style-holon is necessarily included in a typical vertical arrangement with progressive accumulation and forms a nested hierarchical order called a holarchy of styles. We adopted an interactive cluster analysis to recognize style-holons. Our results demonstrate that car style depended on each brand's individual strategy: a car is a form endowed with some structural stability. The style-holon also demonstrated that the evolution of characteristic lines should preserve the property of functional homeostasis (the same functional states) as well as the property of homeorhesis (the same stable course of change). For many car companies, stable brand recognition is an important design specification. The proposed approach was used to analyse a set of car styles as well as to assist in the design of characteristic model lines. A designer can also use this approach to evaluate whether or not the strategic requirement—style alignment with the style-holon of benchmarked cars--is satisfied. Highlights A style-holon is double-headed: a part of a greater style that contains sub-styles. A car's characteristic lines preserve the properties of homeostasis and homeorhesis. The Chinese style offers a unique context to consider functionality of a whole style. Shift from functional to emotional performance demonstrated in Chinese car brands. Evaluates the strategic requirement of style alignment with the selected style-holon.",openalex,llm,1.000,unreviewed,,doi:10.1016/j.jcde.2018.10.005
discarded,Empirical assessment of UML class diagram layouts based on architectural importance,Bonita Sharif,2011,,10.1109/icsm.2011.6080828,https://openalex.org/W1965237437,off-topic-false-hit,"The paper presents a family of experiments that investigate the effectiveness of different layout techniques for class diagrams in the Unified Modeling Language (UML). Three different layout schemes are examined based on architectural importance of class stereotypes. The premise is that layout techniques for UML class diagrams significantly impact comprehension. Both traditional questionnaire-based studies as well as eye-tracking studies are done to quantitatively measure the performance of subjects solving specific software maintenance tasks. The main contribution is the detailed empirical validation of a set of layout techniques with respect to a variety of software maintenance tasks. Results indicate that layout plays a significant role in the comprehension of UML class diagrams. In particular, there is a significant improvement in accuracy, time, and visual effort for one particular layout scheme, namely multi-cluster. The end goal is to determine effective ways to adjust the layout of existing UML class diagrams to support program comprehension during maintenance.",openalex,llm,0.880,unreviewed,,doi:10.1109/icsm.2011.6080828
discarded,Wiki: A Technology for Conversational Knowledge Management and Group Collaboration,Christian Wagner,2004,Communications of the Association for Information Systems,10.17705/1cais.01319,https://openalex.org/W2104148195,off-topic-false-hit,"Wikis (from wikiwiki, meaning ""fast"" in Hawaiian) are a promising new technology that supports ""conversational"" knowledge creation and sharing. A Wiki is a collaboratively created and iteratively improved set of web pages, together with the software that manages the web pages. Because of their unique way of creating and managing knowledge, Wikis combine the best elements of earlier conversational knowledge management technologies, while avoiding many of their disadvantages. This article introduces Wiki technology, the behavioral and organizational implications of Wiki use, and Wiki applicability as groupware and help system software. The article concludes that organizations willing to embrace the ""Wiki way"" with collaborative, conversational knowledge management systems, may enjoy better than linear knowledge growth while being able to satisfy ad-hoc, distributed knowledge needs.",openalex,llm,0.990,unreviewed,,doi:10.17705/1cais.01319
discarded,Exploring Performance-Based Music Attributes For Stylometric Analysis,Abdellghani Bellaachia; Edward Jimenez,2009,Zenodo (CERN European Organization for Nuclear Research),10.5281/zenodo.1082539,https://openalex.org/W2242807492,off-topic-false-hit,Music Information Retrieval (MIR) and modern data mining techniques are applied to identify style markers in midi music for stylometric analysis and author attribution. Over 100 attributes are extracted from a library of 2830 songs then mined using supervised learning data mining techniques. Two attributes are identified that provide high informational gain. These attributes are then used as style markers to predict authorship. Using these style markers the authors are able to correctly distinguish songs written by the Beatles from those that were not with a precision and accuracy of over 98 per cent. The identification of these style markers as well as the architecture for this research provides a foundation for future research in musical stylometry.,openalex,llm,1.000,unreviewed,,doi:10.5281/zenodo.1082539
kept,A Systematic Literature Review on the Impact of Formatting Elements on Code Legibility,Delano Oliveira; Reydne Santos; Fernanda Madeiral; Hidehiko Masuhara; Fernando Castor,2022,cs.SE,10.1016/j.jss.2023.111728,http://arxiv.org/abs/2208.12141v3,qualifies-claim; layout,"Context: Software programs can be written in different but functionally equivalent ways. Even though previous research has compared specific formatting elements to find out which alternatives affect code legibility, seeing the bigger picture of what makes code more or less legible is challenging. Goal: We aim to find which formatting elements have been investigated in empirical studies and which alternatives were found to be more legible for human subjects. Method: We conducted a systematic literature review and identified 15 papers containing human-centric studies that directly compared alternative formatting elements. We analyzed and organized these formatting elements using a card-sorting method. Results: We identified 13 formatting elements (e.g., indentation) and 33 levels of formatting elements (e.g., two-space indentation), which are about formatting styles, spacing, block delimiters, long or complex code lines, and word boundary styles. While some levels were found to be statistically better than other equivalent ones in terms of code legibility, e.g., appropriate use of indentation with blocks, others were not, e.g., formatting layout. For identifier style, we found divergent results, where one study found a significant difference in favor of camel case, while another study found a positive result in favor of snake case. Conclusion: The number of identified papers, some of which are outdated, and the many null and contradictory results emphasize the relative lack of work in this area and underline the importance of more research. There is much to be understood about how formatting elements influence code legibility before the creation of guidelines and automated aids to help developers make their code more legible.",arxiv,llm_reviewed,0.990,confirmed,,doi:10.1016/j.jss.2023.111728
discarded,RIDE: Enhancing Large Language Model Alignment through Restyled In-Context Learning Demonstration Exemplars,Yuncheng Hua; Lizhen Qu; Zhuang Li; Hao Xue; Flora D. Salim; Gholamreza Haffari,2025,cs.CL,10.48550/arXiv.2502.11681,http://arxiv.org/abs/2502.11681v4,off-topic-false-hit,"Alignment tuning is crucial for ensuring large language models (LLMs) behave ethically and helpfully. Current alignment approaches require high-quality annotations and significant training resources. This paper proposes a low-cost, tuning-free method using in-context learning (ICL) to enhance LLM alignment. Through an analysis of high-quality ICL demos, we identified style as a key factor influencing LLM alignment capabilities and explicitly restyled ICL exemplars based on this stylistic framework. Additionally, we combined the restyled demos to achieve a balance between the two conflicting aspects of LLM alignment--factuality and safety. We packaged the restyled examples as prompts to trigger few-shot learning, improving LLM alignment. Compared to the best baseline approach, with an average score of 5.00 as the maximum, our method achieves a maximum 0.10 increase on the Alpaca task (from 4.50 to 4.60), a 0.22 enhancement on the Just-eval benchmark (from 4.34 to 4.56), and a maximum improvement of 0.32 (from 3.53 to 3.85) on the MT-Bench dataset. We release the code and data at https://github.com/AnonymousCode-ComputerScience/RIDE.",arxiv,llm,0.980,unreviewed,,doi:10.48550/arxiv.2502.11681
discarded,AnyPattern: Towards In-context Image Copy Detection,Wenhao Wang; Yifan Sun; Zhentao Tan; Yi Yang,2024,cs.CV,10.48550/arXiv.2404.13788,http://arxiv.org/abs/2404.13788v3,off-topic-false-hit,"This paper explores in-context learning for image copy detection (ICD), i.e., prompting an ICD model to identify replicated images with new tampering patterns without the need for additional training. The prompts (or the contexts) are from a small set of image-replica pairs that reflect the new patterns and are used at inference time. Such in-context ICD has good realistic value, because it requires no fine-tuning and thus facilitates fast reaction against the emergence of unseen patterns. To accommodate the ""seen $\rightarrow$ unseen"" generalization scenario, we construct the first large-scale pattern dataset named AnyPattern, which has the largest number of tamper patterns ($90$ for training and $10$ for testing) among all the existing ones. We benchmark AnyPattern with popular ICD methods and reveal that existing methods barely generalize to novel patterns. We further propose a simple in-context ICD method named ImageStacker. ImageStacker learns to select the most representative image-replica pairs and employs them as the pattern prompts in a stacking manner (rather than the popular concatenation manner). Experimental results show (1) training with our large-scale dataset substantially benefits pattern generalization ($+26.66 \%$ $μAP$), (2) the proposed ImageStacker facilitates effective in-context ICD (another round of $+16.75 \%$ $μAP$), and (3) AnyPattern enables in-context ICD, i.e., without such a large-scale dataset, in-context learning does not emerge even with our ImageStacker. Beyond the ICD task, we also demonstrate how AnyPattern can benefit artists, i.e., the pattern retrieval method trained on AnyPattern can be generalized to identify style mimicry by text-to-image models. The project is publicly available at https://anypattern.github.io.",arxiv,llm,0.990,unreviewed,,doi:10.48550/arxiv.2404.13788
discarded,Investigation of postoperative pulmonary complications in patients undergoing surgical lung biopsy with a preliminary diagnosis of interstitial lung disease,"Unal, Emin; Calis, Aliye Gamze; Uzer, Fatih; Keskin, Hakan",2026,EURASIAN JOURNAL OF PULMONOLOGY,10.14744/ejp.2025.18928,https://www.webofscience.com/wos/woscc/full-record/WOS:001688030800006,off-topic-false-hit,"BACKGROUND AND AIM: Interstitial lung disease (ILD) includes a spectrum of lung disorders with various causes, pathological changes, treatment strategies, and prognoses. Lung biopsy is often cru- cial for diagnosing ILD subtypes, especially in complex cases. However, biopsy procedures carry signif- icant risks due to potential postoperative complications. This study aimed to assess the rate and types of postoperative complications in ILD patients following lung biopsy and to examine their relationship with patient demographics, lung function, and comorbidities. METHODS: We conducted a retrospective, cross-sectional review of ILD patients who underwent surgi- cal lung biopsy at Akdeniz University Hospital between January 1, 2017 and December 31, 2022. Data collected included demographics, comorbidities, pulmonary function tests (forced expiratory volume in one second [FEV1] and forced vital capacity [FVC]), type of surgery (video-assisted thoracoscopic surgery [VATS] or thoracotomy), biopsy location, hospital stay duration, and postoperative complications (pneumonia, prolonged air leak, hypoxia, pneumothorax, subcutaneous emphysema, pleural effusion, and mortality). Statistical analyses were performed to identify factors associated with complication rates. RESULTS: Among the 140 patients analyzed, the mean age was 56.9 +/- 11.1 years, with 50.7% female. Postoperative complications occurred in 22.1% of patients, with hypoxia, pneumonia, and prolonged air leak being the most frequent. Lower FEV1 was significantly associated with higher complication rates (p=0.018), while hospital stays longer than five days were also associated with increased complication rates (p<0.001). Sex, body mass index (BMI), and comorbidities showed no significant associations with complication rates. CONCLUSIONS: Our findings reveal an increased risk of complications in ILD patients undergoing lung biopsy, particularly among those with lower FEV1 and longer hospital stays. These results under- score the importance of thorough preoperative evaluation and suggest that VATS may be preferable to more invasive methods for ILD diagnosis.",wos,llm,1.000,unreviewed,,doi:10.14744/ejp.2025.18928
discarded,Morphometric analysis of temporomandibular joint using cone beam computed tomography,"Christopher, Varusha Sharon; Patil, Karthikeya; Jogigowda, Sanjay Chikkarasinakere; Basavarajappa, Ritu",2025,EUROPEAN JOURNAL OF ANATOMY,10.52083/KMSR5053,https://www.webofscience.com/wos/woscc/full-record/WOS:001653532000006,off-topic-false-hit,"The morphometric analysis of the temporomandibular joint (TMJ) using cone-beam computed tomography (CBCT) provides valuable insights into joint morphology and potential sex-based variations, which are critical for clinical and forensic applications. Seventy subjects (35 males, 35 females) aged from 18 to 30 years underwent CBCT imaging. Mandibular fossa and condylar morphology were classified qualitatively. Quan-titative measurements included three linear parameters (distance from posterior fossa to articular eminence apex, vertical distance from fossa roof to articular eminence apex, and distance between intermediate point and apex of articular eminence) and one angular parameter. Statistical analysis was performed using Student's t-test and Chi-square test. Results revealed no significant gender differences in qualitative classifications of mandibular fossa and condyle. Morphological features predominantly included round fossa (60-64%) and flattened condyles (40-52%). Notably, significant sexual dimorphism emerged in the vertical distance from fossa roof to articular em- inence apex and articular eminence angle, with males consistently demonstrating larger measurements. Statistical significance was observed bilaterally, with p-values ranging from 0.001 to 0.033 for these parameters. The findings under-score that, while qualitative TMJ morphological classifications do not show gender predilection, specific quantitative morphometric parameters exhibit meaningful sexual dimorphism. These population-specific reference data hold substan-tial potential for advancing TMJ disorder diagnosis and for supporting forensic identification procedures, offering a nuanced understanding of joint structural variations across sexes.",wos,llm,1.000,unreviewed,,doi:10.52083/kmsr5053
