status,title,authors,year,venue,doi,url,tags,abstract,provider,decision_source,llm_confidence,llm_review_outcome,llm_change_direction,paper_id
discarded,Analyzing and Visualizing Software Quality of Code in GitHub Repositories Using AST-Based Metrics,Rathod D.,2026,Communications in Computer and Information Science,10.1007/978-3-032-08977-9_42,https://www.scopus.com/inward/record.uri?partnerID=HzOxMe3b&scp=105027155732&origin=inward,adjacent-subtopic,,scopus,llm,0.910,unreviewed,,doi:10.1007/978-3-032-08977-9_42
discarded,"Code Generation by Large Language Models: A Comparative Analysis of ChatGPT, Claude, and DeepSeek",Alraba’nah Y.,2026,International Journal of Electrical and Electronic Engineering and Telecommunications,10.18178/ijeetc.15.1.19-28,https://www.scopus.com/inward/record.uri?partnerID=HzOxMe3b&scp=105028250616&origin=inward,off-topic-false-hit,,scopus,llm,0.950,unreviewed,,doi:10.18178/ijeetc.15.1.19-28
discarded,Understanding Prompt Quality and Its Relation to LLM-based Code Generation,Della Porta A.,2026,IEEE Transactions on Software Engineering,10.1109/TSE.2026.3719766,https://www.scopus.com/inward/record.uri?partnerID=HzOxMe3b&scp=105046796869&origin=inward,off-topic-false-hit,,scopus,llm,0.940,unreviewed,,doi:10.1109/tse.2026.3719766
discarded,SciPy 1.0: fundamental algorithms for scientific computing in Python,Pauli Virtanen; Ralf Gommers; Travis E. Oliphant; Matt Haberland; Tyler Reddy; David Cournapeau; Evgeni Burovski; Pearu Peterson; Warren Weckesser; Jonathan Bright; Stéfan J. van der Walt; Matthew Brett; Joshua Wilson; K. Jarrod Millman; Nikolay Mayorov; Andrew R. J. Nelson; Eric Jones; Robert Kern; Eric Larson; C J Carey; İlhan Polat; Yu Feng; Eric W. Moore; Jake VanderPlas; Denis Laxalde; Josef Perktold; Robert Cimrman; Ian Henriksen; E. A. Quintero; Charles R. Harris; Anne M. Archibald; Antônio H. Ribeiro; Fabian Pedregosa; Paul van Mulbregt; SciPy 1.0 Contributors; Aditya Vijaykumar; Alessandro Pietro Bardelli; Alex Rothberg; Andreas Hilboll; Andreas Kloeckner; Anthony Scopatz; Antony Lee; Ariel Rokem; C. Nathan Woods; Chad Fulton; Charles Masson; Christian Häggström; Clark Fitzgerald; David A. Nicholson; David R. Hagen; Dmitrii V. Pasechnik; Emanuele Olivetti; Eric Martin; Eric Wieser; Fabrice Silva; Felix Lenders; Florian Wilhelm; G. Young; Gavin A. Price; Gert-Ludwig Ingold; Gregory E. Allen; Gregory R. Lee; Hervé Audren; Irvin Probst; Jörg P. Dietrich; Jacob Silterra; James T Webber; Janko Slavič; Joel Nothman; Johannes Buchner; Johannes Kulick; Johannes L. Schönberger; José Vinícius de Miranda Cardoso; Joscha Reimer; Joseph Harrington; Juan Luis Cano Rodríguez; Juan Nunez-Iglesias; Justin Kuczynski; Kevin Tritz; Martin Thoma; Matthew Newville; Matthias Kümmerer; Maximilian Bolingbroke; Michael Tartre; Mikhail Pak; Nathaniel J. Smith; Nikolai Nowaczyk; Nikolay Shebanov; Oleksandr Pavlyk; Per A. Brodtkorb; Perry Lee; Robert T. McGibbon; Roman Feldbauer; Sam Lewis; Sam Tygier; Scott Sievert; Sebastiano Vigna; Stefan Peterson; Surhud More; Tadeusz Pudlik,2020,Nature Methods,10.1038/s41592-019-0686-2,https://openalex.org/W3003257820,off-topic-false-hit,"SciPy is an open-source scientific computing library for the Python programming language. Since its initial release in 2001, SciPy has become a de facto standard for leveraging scientific algorithms in Python, with over 600 unique code contributors, thousands of dependent packages, over 100,000 dependent repositories and millions of downloads per year. In this work, we provide an overview of the capabilities and development practices of SciPy 1.0 and highlight some recent technical developments.",openalex,llm,0.970,unreviewed,,doi:10.1038/s41592-019-0686-2
discarded,SciPy 1.0: fundamental algorithms for scientific computing in Python,Pauli Virtanen; Ralf Gommers; Travis E. Oliphant; Matt Haberland; Tyler Reddy; David Cournapeau; Evgeni Burovski; Pearu Peterson; Warren Weckesser; Jonathan Bright; Stéfan van der Walt; Matthew Brett; Joshua Wilson; K. Jarrod Millman; Nikolay Mayorov; Andrew Nelson; Eric D. Jones; Robert Kern; Eric R. Larson; CJ Carey; İlhan Polat; Yu Feng; Eric Moore; Jake Vanderplas; Denis Laxalde; Josef Perktold; Robert Cimrman; Ian Henriksen; E. A. Quintero; C. R. Harris; Anne M. Archibald; Antônio H. Ribeiro; Fabian Pedregosa; Paul van Mulbregt; A. Vijaykumar; Alessandro Pietro Bardelli; Alex Rothberg; Andreas Hilboll; Andreas Kloeckner; Anthony Scopatz; Antony Lee; Ariel Rokem; Charles Woods; Chad Fulton; Charles Masson; Christian Häggström; C Fitzgerald; David Nicholson; David Hagen; Dmitrii V. Ṗasechnik; Emanuele Olivetti; Éric Martin; Eric Wieser; Fabrice Silva; Felix Lenders; Florian Wilhelm; George S. Young; Gavin A Price; Gert‐Ludwig Ingold; Gregory E. Allen; Gregory R. Lee; Hervé Audren; Irvin Probst; J. P. Dietrich; Jacob Silterra; James T. Webber; Janko Slavič; Joel Nothman; Johannes Büchner; Johannes Kulick; Johannes L. Schönberger; José Vinícius de Miranda Cardoso; Joscha Reimer; Joseph Harrington; Juan Luis Cano; Juan Nunez-Iglesias; Justin Kuczynski; K. Tritz; Martin Thoma; M. Newville; Matthias Kümmerer; Maximilian Bolingbroke; Michael Tartre; M. Pak; Nathaniel J. Smith; Nikolai Nowaczyk; Nikolay Shebanov; Oleksandr Pavlyk; Per A. Brodtkorb; Perry Lee; Robert T. McGibbon; Roman Feldbauer; Sam Lewis; Sam Tygier; Scott Sievert; Sebastiano Vigna; Stefan Peterson; Surhud More; Tadeusz Pudlik; 拓也 大嶋,2019,Monash University Research Portal (Monash University),10.17863/cam.64134,https://openalex.org/W3103145119,off-topic-false-hit,"Abstract: SciPy is an open-source scientific computing library for the Python programming language. Since its initial release in 2001, SciPy has become a de facto standard for leveraging scientific algorithms in Python, with over 600 unique code contributors, thousands of dependent packages, over 100,000 dependent repositories and millions of downloads per year. In this work, we provide an overview of the capabilities and development practices of SciPy 1.0 and highlight some recent technical developments.",openalex,llm,0.970,unreviewed,,doi:10.17863/cam.64134
discarded,"Annual Report Readability, Tone Ambiguity, and the Cost of Borrowing",Mine Ertugrul; Jin Lei; Jiaping Qiu; Chi Wan,2017,Journal of Financial and Quantitative Analysis,10.1017/s0022109017000187,https://openalex.org/W3123445444,off-topic-false-hit,This paper investigates the impact of a firm’s annual report readability and ambiguous tone on its borrowing costs. We find that firms with larger 10-K file sizes and a higher proportion of uncertain and weak modal words in 10-Ks have stricter loan contract terms and greater future stock price crash risk. Our results suggest that the readability and tone ambiguity of a firm’s financial disclosures are related to managerial information hoarding. Shareholders of firms with less readable and more ambiguous annual reports not only suffer from less transparent information disclosure but also bear the increased cost of external financing.,openalex,llm,0.990,unreviewed,,doi:10.1017/s0022109017000187
discarded,Astropy: A community Python package for astronomy,Thomas Robitaille; Erik Tollerud; P. Greenfield; Michael Droettboom; Erik M. Bray; Tom Aldcroft; M. Ryleigh Davis; Adam Ginsburg; Adrian M. Price-Whelan; Wolfgang Kerzendorf; Alexander Conley; Neil H. M. Crighton; K. Barbary; Demitri Muna; Henry C. Ferguson; Frédéric Grollier; Madhura M. Parikh; Prasanth H. Nair; Hans Moritz Günther; Christoph Deil; J. Woillez; Simon Conseil; Roban Hultman Kramer; James Turner; Leo Singer; Ryan Fox; Benjamin Alan Weaver; V. Zabalza; Zachary Edwards; K. Azalee Bostroem; D. J. Burke; Andrew R. Casey; Steven M. Crawford; Nadia Dencheva; Justin Ely; Tim Jenness; Kathleen Labrie; Pey Lian Lim; F. Pierfederici; Andrew Pontzen; Andy Ptak; Brian L. Refsdal; M. Servillat; O. Streicher,2013,Astronomy and Astrophysics,10.1051/0004-6361/201322068,https://openalex.org/W2135625048,off-topic-false-hit,"We present the first public version (v0.2) of the open-source and community-developed Python package, Astropy. This package provides core astronomy-related functionality to the community, including support for domain-specific file formats such as flexible image transport system (FITS) files, Virtual Observatory (VO) tables, and common ASCII table formats, unit and physical quantity conversions, physical constants specific to astronomy, celestial coordinate and time transformations, world coordinate system (WCS) support, generalized containers for representing gridded as well as tabular data, and a framework for cosmological transformations and conversions. Significant functionality is under activedevelopment, such as a model fitting framework, VO client and server tools, and aperture and point spread function (PSF) photometry tools. The core development team is actively making additions and enhancements to the current code base, and we encourage anyone interested to participate in the development of future Astropy versions.",openalex,llm,0.970,unreviewed,,doi:10.1051/0004-6361/201322068
discarded,Recipes for adjoint code construction,Ralf Giering; T. Kaminski,1998,ACM Transactions on Mathematical Software,10.1145/293686.293695,https://openalex.org/W1996852196,off-topic-false-hit,"Adjoint models are increasingly being developed for use in meteorology and oceanography. Typical applications are data assimilation, model tuning, sensitivity analysis, and determination of singular vectors. The adjoint model computes the gradient of a cost function with respect to control variables. Generation of adjoint code may be seen as the special case of differentiation of algorithms in reverse mode, where the dependent function is a scalar. The described method for adjoint code generation is based on a few basic principles, which permits the establishment of simple construction rules for adjoint statements and complete adjoint subprograms. These rules are presented and illustrated with some examples. Conflicts that occur due to loops and redefinition of variables are also discussed. Direct coding of the adjoint of a more sophisticated model is extremely time consuming and subject to errors. Hence, automatic generation of adjoint code represents a distinct advantage. An implementation of the method, described in this article, is the tangent linear and adjoint model compiler (TAMC).",openalex,llm,0.950,unreviewed,,doi:10.1145/293686.293695
discarded,International Code of Nomenclature of Prokaryotes,Charles Thomas Parker; Brian J. Tindall; George M Garrity,2015,INTERNATIONAL JOURNAL OF SYSTEMATIC AND EVOLUTIONARY MICROBIOLOGY,10.1099/ijsem.0.000778,https://openalex.org/W2291091413,off-topic-false-hit,"This volume contains the edition of the International Code of Nomenclature of Prokaryotes that was presented in draft form and available for comment at the Plenary Session of the Fourteenth International Congress of Bacteriology and Applied Microbiology (BAM), Montréal, 2014, together with updated lists of conserved and rejected bacterial names and of Opinions issued by the Judicial Commission. As in the past it brings together those changes accepted, published and documented by the ICSP and the Judicial Commission since the last revision was published. Several new appendices have been added to this edition. Appendix 11 addresses the appropriate application of the Candidatus concept, Appendix 12 contains the history of the van Niel Prize, and Appendix 13 contains the summaries of Congresses. The full-text version of this article contains chapters 1-4 of the Code, and their associated references. All other material, including foreword, prefaces, and appendices, can be found in the PDF version.",openalex,llm,1.000,unreviewed,,doi:10.1099/ijsem.0.000778
discarded,Features and development of Coot,Paul Emsley; Bernhard Lohkamp; W. G. Scott; Kevin Cowtan,2010,Acta Crystallographica Section D Biological Crystallography,10.1107/s0907444910007493,https://openalex.org/W2124026197,off-topic-false-hit,"Coot is a molecular-graphics application for model building and validation of biological macromolecules. The program displays electron-density maps and atomic models and allows model manipulations such as idealization, real-space refinement, manual rotation/translation, rigid-body fitting, ligand search, solvation, mutations, rotamers and Ramachandran idealization. Furthermore, tools are provided for model validation as well as interfaces to external programs for refinement, validation and graphics. The software is designed to be easy to learn for novice users, which is achieved by ensuring that tools for common tasks are 'discoverable' through familiar user-interface elements (menus and toolbars) or by intuitive behaviour (mouse controls). Recent developments have focused on providing tools for expert users, with customisable key bindings, extensions and an extensive scripting interface. The software is under rapid development, but has already achieved very widespread use within the crystallographic community. The current state of the software is presented, with a description of the facilities available and of some of the underlying methods employed.",openalex,llm,0.970,unreviewed,,doi:10.1107/s0907444910007493
discarded,"Avogadro: an advanced semantic chemical editor, visualization, and analysis platform",Marcus D. Hanwell; Donald Curtis; David Lonie; Tim Vandermeersch; Eva Zurek; Geoffrey Hutchison,2012,Journal of Cheminformatics,10.1186/1758-2946-4-17,https://openalex.org/W2028046413,off-topic-false-hit,"BACKGROUND: The Avogadro project has developed an advanced molecule editor and visualizer designed for cross-platform use in computational chemistry, molecular modeling, bioinformatics, materials science, and related areas. It offers flexible, high quality rendering, and a powerful plugin architecture. Typical uses include building molecular structures, formatting input files, and analyzing output of a wide variety of computational chemistry packages. By using the CML file format as its native document type, Avogadro seeks to enhance the semantic accessibility of chemical data types. RESULTS: The work presented here details the Avogadro library, which is a framework providing a code library and application programming interface (API) with three-dimensional visualization capabilities; and has direct applications to research and education in the fields of chemistry, physics, materials science, and biology. The Avogadro application provides a rich graphical interface using dynamically loaded plugins through the library itself. The application and library can each be extended by implementing a plugin module in C++ or Python to explore different visualization techniques, build/manipulate molecular structures, and interact with other programs. We describe some example extensions, one which uses a genetic algorithm to find stable crystal structures, and one which interfaces with the PackMol program to create packed, solvated structures for molecular dynamics simulations. The 1.0 release series of Avogadro is the main focus of the results discussed here. CONCLUSIONS: Avogadro offers a semantic chemical builder and platform for visualization and analysis. For users, it offers an easy-to-use builder, integrated support for downloading from common databases such as PubChem and the Protein Data Bank, extracting chemical data from a wide variety of formats, including computational chemistry output, and native, semantic support for the CML file format. For developers, it can be easily extended via a powerful plugin mechanism to support new features in organic chemistry, inorganic complexes, drug design, materials, biomolecules, and simulations. Avogadro is freely available under an open-source license from http://avogadro.openmolecules.net.",openalex,llm,0.960,unreviewed,,doi:10.1186/1758-2946-4-17
kept,Exploring the Influence of Identifier Names on Code Quality: An Empirical Study,Simon Butler; M. Wermelinger; Yijun Yu; Helen Sharp,2010,,10.1109/csmr.2010.27,https://openalex.org/W2157984409,supports-claim,"Given the importance of identifier names and the value of naming conventions to program comprehension, we speculated in previous work whether a connection exists between the quality of identifier names and software quality. We found that flawed identifiers in Java classes were associated with source code found to be of low quality by static analysis. This paper extends that work in three directions. First, we show that the association also holds at the finer granularity level of Java methods. This in turn makes it possible to, secondly, apply existing method-level quality and readability metrics, and see that flawed identifiers still impact on this richer notion of code quality and comprehension. Third, we check whether the association can be used in a practical way. We adopt techniques used to evaluate medical diagnostic tests in order to identify which particular identifier naming flaws could be used as a light-weight diagnostic of potentially problematic Java source code for maintenance.",openalex,llm,0.920,unreviewed,,doi:10.1109/csmr.2010.27
discarded,librosa: Audio and Music Signal Analysis in Python,Brian McFee; Colin Raffel; Dawen Liang; Daniel P. W. Ellis; Matt McVicar; Eric Battenberg; Oriol Nieto,2015,Proceedings of the Python in Science Conferences,10.25080/majora-7b98e3ed-003,https://openalex.org/W2191779130,off-topic-false-hit,"This document describes version 0.4.0 of librosa: a Python package for audio and music signal processing. At a high level, librosa provides implementations of a variety of common functions used throughout the field of music information retrieval. In this document, a brief overview of the library's functionality is provided, along with explanations of the design goals, software development practices, and notational conventions.",openalex,llm,0.960,unreviewed,,doi:10.25080/majora-7b98e3ed-003
discarded,Wrex: A Unified Programming-by-Example Interaction for Synthesizing Readable Code for Data Scientists,Ian Drosos; Titus Barik; Philip J. Guo; Robert DeLine; Sumit Gulwani,2020,,10.1145/3313831.3376442,https://openalex.org/W3011590361,adjacent-subtopic,"Data wrangling is a difficult and time-consuming activity in computational notebooks, and existing wrangling tools do not fit the exploratory workflow for data scientists in these environments. We propose a unified interaction model based on programming-by-example that generates readable code for a variety of useful data transformations, implemented as a Jupyter notebook extension called Wrex. User study results demonstrate that data scientists are significantly more effective and efficient at data wrangling with Wrex over manual programming. Qualitative participant feedback indicates that Wrex was useful and reduced barriers in having to recall or look up the usage of various data transform functions. The synthesized code allowed data scientists to verify the intended data transformation, increased their trust and confidence in Wrex, and fit seamlessly within their cell-based notebook workflows. This work suggests that presenting readable code to professional data scientists is an indispensable component of offering data wrangling tools in notebooks.",openalex,llm,0.720,unreviewed,,doi:10.1145/3313831.3376442
discarded,Conventions and workflows for using Situs,Willy Wriggers,2012,Acta Crystallographica Section D Biological Crystallography,10.1107/s0907444911049791,https://openalex.org/W2005567617,off-topic-false-hit,"Situs is a modular program package for the multi-scale modeling of atomic resolution structures and low-resolution biophysical data from electron microscopy, tomography or small-angle X-ray scattering. This article provides an overview of recent developments in the Situs package, with an emphasis on workflows and conventions that are important for practical applications. The modular design of the programs facilitates scripting in the bash shell that allows specific programs to be combined in creative ways that go beyond the original intent of the developers. Several scripting-enabled functionalities, such as flexible transformations of data type, the use of symmetry constraints or the creation of two-dimensional projection images, are described. The processing of low-resolution biophysical maps in such workflows follows not only first principles but often relies on implicit conventions. Situs conventions related to map formats, resolution, correlation functions and feature detection are reviewed and summarized. The compatibility of the Situs workflow with CCP4 conventions and programs is discussed.",openalex,llm,0.970,unreviewed,,doi:10.1107/s0907444911049791
discarded,The United Nations Convention on the Use of Electronic Communications in International Contracts : an Overview and Analysis,Henry Deeb Gabriel,2006,Uniform Law Review,10.1093/ulr/11.2.285,https://openalex.org/W2319335701,off-topic-false-hit,"Henry D. Gabriel; The United Nations Convention on the Use of Electronic Communications in International Contracts : an Overview and Analysis, Uniform Law Revie",openalex,llm,1.000,unreviewed,,doi:10.1093/ulr/11.2.285
discarded,"NMHDECAY: A Fortran Code for the Higgs Masses, Couplings and Decay Widths in the NMSSM",Ulrich Ellwanger; John F Gunion; Cyril Hugonie,2005,Journal of High Energy Physics,10.1088/1126-6708/2005/02/066,https://openalex.org/W2038654041,off-topic-false-hit,,openalex,llm,0.980,unreviewed,,doi:10.1088/1126-6708/2005/02/066
