status,title,authors,year,venue,doi,url,tags,abstract,provider,decision_source,llm_confidence,llm_review_outcome,llm_change_direction,paper_id
discarded,On the Concept of Transparency: A Systematic Literature Review,Paulinus Ofem; Bassey Isong; Francis Lugayizi,2022,IEEE Access,10.1109/access.2022.3200487,https://openalex.org/W4292387481,off-topic-false-hit,"Over a decade since transparency was introduced as a first-class concept in computing, transparency is still an emerging concept that is quite poorly understood. Also, despite existing research contributions, transparency is yet to be incorporated into the software engineering practice, and the promise it holds remains unfulfilled. Although there is evidence of increasing stakeholders’ demand for software and process transparency, the realization of such demand is yet to be fully witnessed within the software engineering practice. There is a need to uncover transparency and how it has so far been conceptualized, operationalized, and challenges faced. We applied a systematic literature review method in search of articles published between January 2006 and March 2022. This study reports a systematic review of the explicit conceptualization and application of transparency in 18 articles out of a total of 162 selected for review. Our study found that transparency remains an under-researched non-functional quality requirement concept, especially as it impacts information and software systems development. Of the 18 articles reviewed, only three studies representing 16.67% conceptualized transparency in software development and focused on the transparency of software artifacts. The remaining 83.33% of studies conceptualized transparency in information systems, focusing on general information and fully functional information systems. Transparency is yet to be fully explored from a theoretical gathering point of view and as a non-functional indicator of software quality hence its slow adoption and incorporation into mainstream software practice. Apart from providing a catalog of transparency factors that stakeholders can use to evaluate transparency achievement, the paper proposed a roadmap to enhance transparency implementation and also provides future research directions.",openalex,llm,0.990,unreviewed,,doi:10.1109/access.2022.3200487
discarded,How Scrum adds value to achieving software quality?,Adam Alami; Oliver Krancher,2022,Empirical Software Engineering,10.1007/s10664-022-10208-4,https://openalex.org/W4296396451,off-topic-false-hit,,openalex,llm,0.970,unreviewed,,doi:10.1007/s10664-022-10208-4
discarded,An empirical review of software process assessments,Khaled El Emam; Dennis R. Goldenson,2000,Advances in computers,10.1016/s0065-2458(00)80008-x,https://openalex.org/W1564596608,off-topic-false-hit,,openalex,llm,0.990,unreviewed,,doi:10.1016/s0065-2458(00)80008-x
discarded,An analysis of how many undiscovered vulnerabilities remain in information systems,Jonathan Spring,2023,Computers & Security,10.1016/j.cose.2023.103191,https://openalex.org/W4362455045,off-topic-false-hit,,openalex,llm,0.990,unreviewed,,doi:10.1016/j.cose.2023.103191
discarded,"""I know it when I see it"" Perceptions of Code Quality",Jürgen Börstler; Harald Störrle; Daniel Toll; Jelle van Assema; Rodrigo Duran; Sara Hooshangi; Johan Jeuring; Hieke Keuning; Carsten Kleiner; Bonnie MacKellar,2018,,10.1145/3174781.3174785,https://openalex.org/W2785752813,qualifies-claim,"Context. Code quality is a key issue in software development. The ability to develop high quality software is therefore a key learning goal of computing programs. However, there are no universally accepted measures to assess the quality of code and current standards are considered weak. Furthermore, there are many facets to code quality. Defining and explaining the concept of code quality is therefore a challenge faced by many educators.",openalex,llm,0.740,unreviewed,,doi:10.1145/3174781.3174785
discarded,"Publish or perish, but do not forget your software artifacts",Robert Heumüller; Sebastian Nielebock; Jacob Krüger; Frank Ortmeier,2020,Empirical Software Engineering,10.1007/s10664-020-09851-6,https://openalex.org/W3091970108,off-topic-false-hit,"Abstract Open-science initiatives have gained substantial momentum in computer science, and particularly in software-engineering research. A critical aspect of open-science is the public availability of artifacts (e.g., tools), which facilitates the replication, reproduction, extension, and verification of results. While we experienced that many artifacts are not publicly available, we are not aware of empirical evidence supporting this subjective claim. In this article, we report an empirical study on software artifact papers (SAPs) published at the International Conference on Software Engineering (ICSE), in which we investigated whether and how researchers have published their software artifacts, and whether this had scientific impact. Our dataset comprises 789 ICSE research track papers, including 604 SAPs (76.6 %), from the years 2007 to 2017. While showing a positive trend towards artifact availability, our results are still sobering. Even in 2017, only 58.5 % of the papers that stated to have developed a software artifact made that artifact publicly available. As we did find a small, but statistically significant, positive correlation between linking to artifacts in a paper and its scientific impact in terms of citations, we hope to motivate the research community to share more artifacts. With our insights, we aim to support the advancement of open science by discussing our results in the context of existing initiatives and guidelines. In particular, our findings advocate the need for clearly communicating artifacts and the use of non-commercial, persistent archives to provide replication packages.",openalex,llm,0.980,unreviewed,,doi:10.1007/s10664-020-09851-6
discarded,How software practitioners use informal local meetups to share software engineering knowledge,Claire Ingram; Anders Drachen,2020,,10.1145/3377811.3380333,https://openalex.org/W3022540347,off-topic-false-hit,"Informal technology 'meetups' have become an important aspect of the software development community, engaging many thousands of practitioners on a regular basis. However, although local technology meetups are well-attended by developers, little is known about their motivations for participating, the type or usefulness of information that they acquire, and how local meetups might differ from and complement other available communication channels for software engineering information. We interviewed the leaders of technology-oriented Meetup groups, and collected quantitative information via a survey distributed to participants in technology-oriented groups. Our findings suggest that participants in these groups are primarily experienced software practitioners, who use Meetup for staying abreast of new developments, building local networks and achieving transfer of rich tacit knowledge with peers to improve their practice. We also suggest that face to face meetings are useful forums for exchanging tacit knowledge and contextual information needed for software engineering practice.",openalex,llm,0.980,unreviewed,,doi:10.1145/3377811.3380333
discarded,Software product line scoping and requirements engineering in a small and medium-sized enterprise: An industrial case study,Ivonei Freitas da Silva; Paulo Anselmo da Mota Silveira Neto; Pádraig O’Leary; Eduardo Santana de Almeida; Sílvio Romero de Lemos Meira,2013,Journal of Systems and Software,10.1016/j.jss.2013.10.040,https://openalex.org/W2164886811,off-topic-false-hit,,openalex,llm,0.990,unreviewed,,doi:10.1016/j.jss.2013.10.040
discarded,Comparing business value modeling methods: A family of experiments,Eric Souza; Ana Moreira; Jo�ão Araújo; Silvia Abrahão; Emilio Insfrán; Denis Silva da Silveira,2018,Information and Software Technology,10.1016/j.infsof.2018.08.001,https://openalex.org/W2887633198,off-topic-false-hit,,openalex,llm,0.990,unreviewed,,doi:10.1016/j.infsof.2018.08.001
discarded,Evolution of Scrum Transcending Business Domains and the Future of Agile Project Management,Richard J. J. Oprins; Helena Anna Frijns; Christoph Johann Stettina,2019,Lecture notes in business information processing,10.1007/978-3-030-19034-7_15,https://openalex.org/W2944200645,off-topic-false-hit,"Abstract The growing popularity of Agile management methods has led to their application to a number of areas inside, but also outside, the software development domain. However, despite many practitioner reports, research exploring whether and how Agile practices have been applied in domains beyond software development has been rather patchy with little empirical evidence. What is there behind the hype and how can other domains learn from it? To address this gap in the research, we present the findings of our study on the application of Agile management practices in other domains, including an outlook towards a potential expansion enabling Business Agility. To practitioners, this study presents examples of Scrum applied outside the software development domain including concrete practices applied. To researchers, it presents an empirical starting point for further exploration.",openalex,llm,0.990,unreviewed,,doi:10.1007/978-3-030-19034-7_15
discarded,"Kolmogorov-Arnold Networks: A Critical Assessment of Claims, Performance, and Practical Viability","Hou, Yuntian; Ji, Tianrui; Zhang, Di; Stefanidis, Angelos",2024,arXiv (Cornell University),10.48550/arxiv.2407.11075,https://openalex.org/W4403622498,off-topic-false-hit,"Kolmogorov-Arnold Networks (KANs) have gained significant attention as an alternative to traditional multilayer perceptrons, with proponents claiming superior interpretability and performance through learnable univariate activation functions. However, recent systematic evaluations reveal substantial discrepancies between theoretical claims and empirical evidence. This critical assessment examines KANs' actual performance across diverse domains using fair comparison methodologies that control for parameters and computational costs. Our analysis demonstrates that KANs outperform MLPs only in symbolic regression tasks, while consistently underperforming in machine learning, computer vision, and natural language processing benchmarks. The claimed advantages largely stem from B-spline activation functions rather than architectural innovations, and computational overhead (1.36-100x slower) severely limits practical deployment. Furthermore, theoretical claims about breaking the ""curse of dimensionality"" lack rigorous mathematical foundation. We systematically identify the conditions under which KANs provide value versus traditional approaches, establish evaluation standards for future research, and propose a priority-based roadmap for addressing fundamental limitations. This work provides researchers and practitioners with evidence-based guidance for the rational adoption of KANs while highlighting critical research gaps that must be addressed for broader applicability.",openalex,llm,1.000,unreviewed,,doi:10.48550/arxiv.2407.11075
discarded,Drivers and influencers of blockchain and cloud-based business sustainability accounting in China: Enhancing practices and promoting adoption,Zhouyu Tian; Lening Qiu; L Wang,2024,PLoS ONE,10.1371/journal.pone.0295802,https://openalex.org/W4390495761,off-topic-false-hit,"The field of sustainability accounting aims to integrate environmental, social, and governance factors into financial reporting. With the growing importance of sustainability practices, emerging technologies have the potential to revolutionize reporting methods. However, there is a lack of research on the factors influencing the adoption of blockchain and cloud-based sustainability accounting in China. This study employs a mixed-methods approach to examine the key drivers and barriers to technology adoption for sustainability reporting among Chinese businesses. Through a systematic literature review, gaps in knowledge were identified. Primary data was collected through an online survey of firms, followed by in-depth case studies. The findings of the study reveal a positive relationship between company size and reporting behaviors. However, size alone is not sufficient to predict outcomes accurately. The industry type also has significant but small effects, although its impact on reporting behaviors varies. The relationship between profitability and reporting behaviors is intricate and contingent, requiring contextual examination. The adoption of blockchain technology is positively associated with capabilities, resources, skills, and regulatory factors. On the other hand, cloud computing adoption is linked to resources, management support, and risk exposures. However, the specific impacts of industry on adoption remain inconclusive. This study aims to offer empirical validation of relationships, shedding light on the intricate nature of interactions that necessitate nuanced conceptualizations incorporating contextual moderators. The findings underscore the importance of providing customized support and adaptable guidance to accommodate the evolving practices in sustainability accounting. Moreover, the assimilation of technology and organizational changes highlights the need for multifaceted stakeholder cooperation to drive responsible innovation and address the challenges posed by digital transformations in this field.",openalex,llm,1.000,unreviewed,,doi:10.1371/journal.pone.0295802
discarded,On the Relationship Between Linter Warning Density and Software Maintainability: An Empirical Study of JavaScript Projects,Tjaša Heričko; Boštjan Šumak,2023,,10.1145/3584871.3584884,https://openalex.org/W4382284039,adjacent-subtopic,"A common practice in software development is to include linters, static analysis tools that warn developers about potential issues in the code, in the software quality assurance process. Actionable warnings generated by linters upon violations of defined rules help detect, resolve, and reduce coding errors, quality flaws, code style inconsistencies, and deviations from best coding practices and conventions. However, little empirical evidence exists to fully understand the relationship between linter warnings and external software quality factors. To this end, an empirical investigation of the source code of 40 open-source JavaScript project releases was conducted to study whether there is a relation between software maintainability measured by the Maintainability Index and the density of linter warnings per Logical Lines of Code. The findings suggest a very weak to strong negative correlation between warning density and the value of the Index at a project- and a module-level. Changes in warning density between projects only slightly inversely correspond to changes in maintainability. Additionally, a statistically significant difference in maintainability was found between projects defining linters in their manifest file and those that do not, in favor of the former.",openalex,llm,0.910,unreviewed,,doi:10.1145/3584871.3584884
discarded,Experimentally investigating the effectiveness and effort of modeling conventions for the UML,Cfj Christian Lange; Bart Dubois; Mrv Michel Chaudron; Serge Demeyer,2006,TU/e Research Portal,,https://openalex.org/W1573760657,off-topic-false-hit,"Modelers tend to exploit the various degrees of freedom provided by the UML.The lack of uniformity and the large amount of defects contained in UML models result in miscommunication between different readers.To prevent for these problems we propose modeling conventions, analogue to coding conventions for programming.This work reports on a controlled experiment to explore the effect of modeling conventions on defect density and modeling effort.106 masters' students participated over a six-weeks-period.Our results indicate that decreased defect density is attainable at the cost of increased effort when using modeling conventions, and moreover, that this trade-off is stressed if tool-support is provided.Additionally we report observations on the subjects' adherence to and attitude towards modeling conventions.Our observations indicate that efficient integration of convention support in the modeling process, e.g. through training and seamless tool integration, forms a promising direction towards preventing defects.",openalex,llm,0.930,unreviewed,,hash:264588f433e324ad
discarded,Quantum Software Engineering: Roadmap and Challenges Ahead,Juan M. Murillo; José Garcí­a-Alonso; Enrique Moguel; Johanna Barzen; Frank Leymann; Shaukat Ali; Tao Yue; Paolo Arcaini; Ricardo Pérez‐Castillo; Ignacio García‐Rodríguez de Guzmán; Mario Piattini; Antonio Ruiz–Cortés; Antonio Brogi; Jianjun Zhao; Andriy Miranskyy; Manuel Wimmer,2024,arXiv (Cornell University),10.48550/arxiv.2404.06825,https://openalex.org/W4394736944,off-topic-false-hit,"As quantum computers advance, the complexity of the software they can execute increases as well. To ensure this software is efficient, maintainable, reusable, and cost-effective -key qualities of any industry-grade software-mature software engineering practices must be applied throughout its design, development, and operation. However, the significant differences between classical and quantum software make it challenging to directly apply classical software engineering methods to quantum systems. This challenge has led to the emergence of Quantum Software Engineering as a distinct field within the broader software engineering landscape. In this work, a group of active researchers analyse in depth the current state of quantum software engineering research. From this analysis, the key areas of quantum software engineering are identified and explored in order to determine the most relevant open challenges that should be addressed in the next years. These challenges help identify necessary breakthroughs and future research directions for advancing Quantum Software Engineering.",openalex,llm,0.990,unreviewed,,doi:10.48550/arxiv.2404.06825
discarded,Whom You Know Matters: Venture Capital Networks and Investment Performance,Yael V. Hochberg; Alexander Ljungqvist; Lu Yang,2007,The Journal of Finance,10.1111/j.1540-6261.2007.01207.x,https://openalex.org/W3122371828,off-topic-false-hit,"ABSTRACT Many financial markets are characterized by strong relationships and networks, rather than arm's‐length, spot market transactions. We examine the performance consequences of this organizational structure in the context of relationships established when VCs syndicate portfolio company investments. We find that better‐networked VC firms experience significantly better fund performance, as measured by the proportion of investments that are successfully exited through an IPO or a sale to another company. Similarly, the portfolio companies of better‐networked VCs are significantly more likely to survive to subsequent financing and eventual exit. We also provide initial evidence on the evolution of VC networks.",openalex,llm,1.000,unreviewed,,doi:10.1111/j.1540-6261.2007.01207.x
discarded,Naming the Pain in machine learning-enabled systems engineering,Marcos Kalinowski; Daniel Méndez; Görkem Giray; Antônio Pedro Santos Alves; Kelly Azevedo; Tatiana Escovedo; Hugo Villamizar; Hélio Lopes; María Teresa Baldassarre; Stefan Wagner; Stefan Biffl; Juergen Musil; Michael Felderer; Niklas Lavesson; Tony Gorschek,2025,Information and Software Technology,10.1016/j.infsof.2025.107866,https://openalex.org/W4413142955,off-topic-false-hit,"Machine learning (ML)-enabled systems are being increasingly adopted by companies aiming to enhance their products and operational processes. This paper aims to deliver a comprehensive overview of the current status quo of engineering ML-enabled systems and lay the foundation to steer practically relevant and problem-driven academic research. We conducted an international survey to collect insights from practitioners on the current practices and problems in engineering ML-enabled systems. We received 188 complete responses from 25 countries. We conducted quantitative statistical analyses on contemporary practices using bootstrapping with confidence intervals and qualitative analyses on the reported problems using open and axial coding procedures. Our survey results reinforce and extend existing empirical evidence on engineering ML-enabled systems, providing additional insights into typical ML-enabled systems project contexts, the perceived relevance and complexity of ML life cycle phases, and current practices related to problem understanding, model deployment, and model monitoring. Furthermore, the qualitative analysis provides a detailed map of the problems practitioners face within each ML life cycle phase and the problems causing overall project failure. The results contribute to a better understanding of the status quo and problems in practical environments. We advocate for the further adaptation and dissemination of software engineering practices to enhance the engineering of ML-enabled systems. • International survey gathering insights from 188 practitioners across 25 countries. • Overview of current practices and challenges in engineering ML-enabled systems. • Inferential quantitative analysis reporting the status quo with confidence intervals. • Qualitative analysis mapping ML life cycle challenges and causes of project failure.",openalex,llm,0.990,unreviewed,,doi:10.1016/j.infsof.2025.107866
