status,title,authors,year,venue,doi,url,tags,abstract,provider,decision_source,llm_confidence,llm_review_outcome,llm_change_direction,paper_id
discarded,Characterizing Readability Issue Patterns and the Role of Prompt Design in LLM-Generated Code,Hengzhi Ye; Fengyuan Ran; Weiwei Xu; Minghui Zhou,2026,cs.SE,10.48550/arXiv.2605.13280,http://arxiv.org/abs/2605.13280v2,adjacent-subtopic,"Large Language Models (LLMs) are increasingly changing how code is produced, but generated code still requires human review and validation before it can be adapted or integrated into real-world projects. This makes the readability of LLM-generated code a critical concern. Existing studies have mainly focused on functional correctness and task completion of LLM generated code, leaving open questions about whether it is readable, how its readability fails, and to what extent prompt design can improve it. We therefore investigate the readability of LLM-generated code. We first construct a readability assessment model that integrates textual, structural, program, and visual features. Using this model, we compare human-written code with code generated by representative frontier LLMs across 2,735 scenarios derived from World of Code (WoC) and LeetCode. We further characterize readability issue patterns using thematic analysis and examine prompt design associations through controlled prompt-variant experiments. Our results show that current LLMs produce code that is comparable to human-written code in overall readability. However, this aggregate similarity masks distinct issue patterns, including excessive complexity, redundant comments, and unknown API usage. Prompt analysis further shows that function signature, constraints, and style description are most strongly associated with code readability, although the overall role of prompt design remains bounded. These findings reveal latent readability debt in AI-assisted programming, identify prompt design as a lightweight starting point for improving generated-code readability, and motivate automated support for detecting and mitigating readability issues in future development workflows.",arxiv,llm,0.850,unreviewed,,doi:10.48550/arxiv.2605.13280
kept,How do Developers Improve Code Readability? An Empirical Study of Pull Requests,Carlos Eduardo C. Dantas; Adriano M. Rocha; Marcelo A. Maia,2023,cs.SE,10.48550/arXiv.2309.02594,http://arxiv.org/abs/2309.02594v1,supports-claim,"Readability models and tools have been proposed to measure the effort to read code. However, these models are not completely able to capture the quality improvements in code as perceived by developers. To investigate possible features for new readability models and production-ready tools, we aim to better understand the types of readability improvements performed by developers when actually improving code readability, and identify discrepancies between suggestions of automatic static tools and the actual improvements performed by developers. We collected 370 code readability improvements from 284 Merged Pull Requests (PRs) under 109 GitHub repositories and produce a catalog with 26 different types of code readability improvements, where in most of the scenarios, the developers improved the code readability to be more intuitive, modular, and less verbose. Surprisingly, SonarQube only detected 26 out of the 370 code readability improvements. This suggests that some of the catalog produced has not yet been addressed by SonarQube rules, highlighting the potential for improvement in Automatic static analysis tools (ASAT) code readability rules as they are perceived by developers.",arxiv,llm,0.860,unreviewed,,doi:10.48550/arxiv.2309.02594
discarded,Towards the Readability of LLM-Generated Codes through Multitask Representation Engineering,Huifan Gao; Liuhua He; Yinghui Pan; Shenbao Yu; Yifeng Zeng; Shengchao Qin; Weidi Sun,2026,cs.SE,10.48550/arXiv.2606.06214,http://arxiv.org/abs/2606.06214v1,adjacent-subtopic,"Correctness and readability are key measures of code quality, respectively ensuring functional fidelity and ease of comprehension. While most existing research focuses on improving the correctness of large language models~(LLMs) generated codes, readability remains under-addressed. Enhancing readability through targeted control is challenging due to its subjective nature. In this article, we employ representation engineering~(RepE) as the targeted control method given its characteristics of low data dependency and low computational cost. Prior work on RepE has primarily focused on the targeted control for a single task, but improving the code readability requires the control across multiple tasks. Accordingly we proposes the multitask RepE framework and theoretically discuss the impact of the multitask steering method on the tradeoff between the code readability and correctness. We further provide comprehensive experiments in support. All the relevant implementations are open-source and available upon request.",arxiv,llm,0.900,unreviewed,,doi:10.48550/arxiv.2606.06214
kept,Personalization of Code Readability Evaluation Based on LLM Using Collaborative Filtering,Buntaro Hiraki; Kensei Hamamoto; Ami Kimura; Masateru Tsunoda; Amjed Tahir; Kwabena Ebo Bennin; Akito Monden; Keitaro Nakasai,2024,cs.SE,10.48550/arXiv.2411.10583,http://arxiv.org/abs/2411.10583v2,qualifies-claim,"Code readability is an important indicator of software maintenance as it can significantly impact maintenance efforts. Recently, LLM (large language models) have been utilized for code readability evaluation. However, readability evaluation differs among developers, so personalization of the evaluation by LLM is needed. This study proposes a method which calibrates the evaluation, using collaborative filtering. Our preliminary analysis suggested that the method effectively enhances the accuracy of the readability evaluation using LLMs.",arxiv,llm,0.780,unreviewed,,doi:10.48550/arxiv.2411.10583
kept,Code Readability in the Age of Large Language Models: An Industrial Case Study from Atlassian,Wannita Takerngsaksiri; Chakkrit Tantithamthavorn; Micheal Fu; Jirat Pasuksmit; Kun Chen; Ming Wu,2025,cs.SE,10.48550/arXiv.2501.11264,http://arxiv.org/abs/2501.11264v3,qualifies-claim,"Software engineers spend a significant amount of time reading code during the software development process, especially in the age of large language models (LLMs) that can automatically generate code. However, little is known about the readability of the LLM-generated code and whether it is still important from practitioners' perspectives in this new era. In this paper, we conduct a survey to explore the practitioners' perspectives on code readability in the age of LLMs and investigate the readability of our LLM-based software development agents framework, HULA, by comparing its generated code with human-written code in real-world scenarios. Overall, the findings underscore that (1) readability remains a critical aspect of software development; (2) the readability of our LLM-generated code is comparable to human-written code, fostering the establishment of appropriate trust and driving the broad adoption of our LLM-powered software development platform.",arxiv,llm,0.840,unreviewed,,doi:10.48550/arxiv.2501.11264
kept,How do annotations affect Java code readability?,Eduardo Guerra; Everaldo Gomes; Jeferson Ferreira; Igor Wiese; Phyllipe Lima; Marco Gerosa; Paulo Meirelles,2024,cs.SE,10.48550/arXiv.2404.17417,http://arxiv.org/abs/2404.17417v1,qualifies-claim,"Context: Code annotations have gained widespread popularity in programming languages, offering developers the ability to attach metadata to code elements to define custom behaviors. Many modern frameworks and APIs use annotations to keep integration less verbose and located nearer to the corresponding code element. Despite these advantages, practitioners' anecdotal evidence suggests that annotations might negatively affect code readability. Objective: To better understand this effect, this paper systematically investigates the relationship between code annotations and code readability. Method: In a survey with software developers (n=332), we present 15 pairs of Java code snippets with and without code annotations. These pairs were designed considering five categories of annotation used in real-world Java frameworks and APIs. Survey participants selected the code snippet they considered more readable for each pair and answered an open question about how annotations affect the code's readability. Results: Preferences were scattered for all categories of annotation usage, revealing no consensus among participants. The answers were spread even when segregated by participants' programming or annotation-related experience. Nevertheless, some participants showed a consistent preference in favor or against annotations across all categories, which may indicate a personal preference. Our qualitative analysis of the open-ended questions revealed that participants often praise annotation impacts on design, maintainability, and productivity but expressed contrasting views on understandability and code clarity. Conclusions: Software developers and API designers can consider our results when deciding whether to use annotations, equipped with the insight that developers express contrasting views of the annotations' impact on code readability.",arxiv,llm,0.960,unreviewed,,doi:10.48550/arxiv.2404.17417
discarded,GF(2^m) Low-Density Parity-Check Codes Derived from Cyclotomic Cosets,C. Tjhai; M. Tomlinson; R. Horan; M. Ambroze; M. Ahmed,2005,cs.IT,10.48550/arXiv.cs/0502037,http://arxiv.org/abs/cs/0502037v2,off-topic-false-hit,"  Based on the ideas of cyclotomic cosets, idempotents and Mattson-Solomon polynomials, we present a new method to construct GF(2^m), where m>0 cyclic low-density parity-check codes. The construction method produces the dual code idempotent which is used to define the parity-check matrix of the low-density parity-check code. An interesting feature of this construction method is the ability to increment the code dimension by adding more idempotents and so steadily decrease the sparseness of the parity-check matrix. We show that the constructed codes can achieve performance very close to the sphere-packing-bound constrained for binary transmission.",arxiv,llm,0.990,unreviewed,,doi:10.48550/arxiv.cs/0502037
discarded,Partial Third-Party Information Exchange with Network Coding,Xiumin Wang; Chau Yuen,2013,cs.IT,10.48550/arXiv.1302.3705,http://arxiv.org/abs/1302.3705v1,off-topic-false-hit,"In this paper, we consider the problem of exchanging channel state information in a wireless network such that a subset of the clients can obtain the complete channel state information of all the links in the network. We first derive the minimum number of required transmissions for such partial third-party information exchange problem. We then design an optimal transmission scheme by determining the number of packets that each client should send, and designing a deterministic encoding strategy such that the subset of clients can acquire complete channel state information of the network with minimal number of transmissions. Numerical results show that network coding can efficiently reduce the number of transmissions, even with only pairwise encoding.",arxiv,llm,0.990,unreviewed,,doi:10.48550/arxiv.1302.3705
kept,Pythonic vs Refactorable Pythonic: On the relationship between Pythonic idioms and code quality in machine learning projects,"Festa, Gerardo; Giordano, Giammaria; Pontillo, Valeria; Di Penta, Massimiliano; Tamburri, Damian A.; Palomba, Fabio",2026,INFORMATION AND SOFTWARE TECHNOLOGY,10.1016/j.infsof.2025.108009,https://www.webofscience.com/wos/woscc/full-record/WOS:001794403200001,qualifies-claim,"Context: Python is increasingly becoming the lingua franca for developing Machine Learning (ML) systems, thanks to a rich ecosystem of libraries and an emphasis on readability. In this context, Pythonic idioms are seen as stylistic conventions that support maintainable and efficient code. Conversely, Refactorable-Pythonic idioms refer to patterns that can be refactored into more idiomatic Python, improving code quality in terms of maintainability, performance, and clarity. Objective: While the assumptions about idiomaticity are widely accepted in practice, the extent to which Pythonic or Refactorable-Pythonic idioms relate to software quality in ML projects has not been systematically validated. To address this lack of empirical evidence, this paper conducts a large-scale study to assess how Pythonic and Refactorable-Pythonic idioms are related to code quality in ML systems. Method: We analyze 303 open-source Python projects from the NICHE dataset, distinguishing between ""well-engineered"" (i.e., projects that adopt structured development practices such as testing, CI, documentation, and packaging) and ""non-engineered"" (i.e., projects that lack such characteristics). Our analysis proceeds in two main phases: (i) idiom detection, where we extract Pythonic and Refactorable-Pythonic code patterns using a combination of existing and custom detectors; and (ii) quality assessment, where we detect Python-specific smells and relate them to code metrics and other quality indicators. Result: Truth Value Test and Assign Multiple Targets are the most common Pythonic and Refactorable-Pythonic idioms, respectively. In ""well-engineered"" projects, both idiom types positively correlate with Python-specific code smells, suggesting that idiomatic usage does not always align with higher code quality. In contrast, in ""non-engineered"" projects, the presence of smells is more strongly influenced by structural factors such as the number of lines of code, complexity, and commit activity. Conclusion: We conclude by distilling lessons learned, implications, and future research directions.",wos,llm,0.830,unreviewed,,doi:10.1016/j.infsof.2025.108009
discarded,"La Marginalité Comme Stratégie Poétique et Politique: Insoumission, Illisibilité et Sabotage Symbolique Chez François Villon et Denis Vanier","Poliquin, Laurent",2026,NEOPHILOLOGUS,10.1007/s11061-025-09867-7,https://www.webofscience.com/wos/woscc/full-record/WOS:001699090700001,off-topic-false-hit,"This article offers a comparative reading of Fran & ccedil;ois Villon and Denis Vanier, two emblematic figures of poetic marginality. Through a transhistorical and sociopoetic approach, it explores how dissent becomes a political device expressed through language, form, and embodiment. Villon subverts testamentary codes to stage a disgraced and unreadable subjectivity, while Vanier dismantles literary conventions through typographic violence and obscene excess. Drawing from theories of transgression, illegibility, and symbolic sabotage, this study redefines marginality not as exclusion but as a strategy of aesthetic and political resistance. By confronting these two poetics of the edge, the article unveils a memory of dissent where poetry disrupts, unsettles, and resists normalization. Villon and Vanier demonstrate that poetry survives by exceeding norms, challenging readability, and reclaiming the right to disturb. Their marginality is not an accident, it is a performative gesture, a refusal to belong, and a radical reconfiguration of what poetic language can do.

Cet article propose une lecture comparative de Fran & ccedil;ois Villon et Denis Vanier, figures embl & eacute;matiques de la marginalit & eacute; po & eacute;tique. & Agrave; partir d'une approche transhistorique et sociopo & eacute;tique, il explore comment la dissidence devient un dispositif politique & agrave; travers la langue, le corps, et les formes textuelles. Villon d & eacute;tourne les codes testamentaires pour exprimer une subjectivit & eacute; illisible par les normes de son & eacute;poque ; Vanier pulv & eacute;rise les conventions litt & eacute;raires pour revendiquer un cri obsc & egrave;ne et indomptable. L'& eacute;tude mobilise les notions de transgression, d'illisibilit & eacute; et de sabotage symbolique afin de penser la marginalit & eacute; appara & icirc;t moins comme exclusion que comme strat & eacute;gie esth & eacute;tique et politique. En confrontant ces deux po & eacute;tiques du bord, l'article ravive une m & eacute;moire de la dissidence o & ugrave; la parole po & eacute;tique, loin d'& ecirc;tre d & eacute;corative, devient r & eacute;sistance active face & agrave; la normalisation contemporaine des discours. Villon et Vanier rappellent que la po & eacute;sie vit dans le d & eacute;bordement, l & agrave; o & ugrave; elle d & eacute;range, d & eacute;place, et transforme.",wos,llm,0.990,unreviewed,,doi:10.1007/s11061-025-09867-7
discarded,An Approach Based on Metadata to Implement Convention Over Configuration Decoupled From Framework Logic,"Gomes, Everaldo; Guerra, Eduardo; Lima, Phyllipe; Meirelles, Paulo",2025,JOURNAL OF SOFTWARE-EVOLUTION AND PROCESS,10.1002/smr.70028,https://www.webofscience.com/wos/woscc/full-record/WOS:001496173300003,adjacent-subtopic,"Frameworks are essential for software development, providing code design and facilitating reuse for their users. Well-known Java frameworks and APIs rely on metadata configuration through code annotations, using Reflection API to consume and process them. Code elements that share the same annotations often exhibit similarities, creating the opportunity to use conventions as a metadata source. This paper proposes a model for defining Convention over Configuration (CoC) for annotation usage, decoupled from the metadata reading logic. With this model, if a convention is present, the framework will automatically consider that element to be annotated. We implemented this model in the Esfinge Metadata API and evaluated it in an experiment where participants implemented the CoC pattern using two approaches: our proposed one and the Java Reflection API. As a result, 75% of participants implemented our approach faster than with just the Reflection API, and we observed a higher failure rate with the Reflection API than with the Esfinge API. Moreover, the code produced with our approach also resulted in fewer lines of code. Based on these results, we confirmed that the proposed approach fulfilled its goal of supporting the definition of conventions decoupled from the framework logic, thereby improving code readability and maintainability.",wos,llm,0.870,unreviewed,,doi:10.1002/smr.70028
kept,Understanding Test Convention Consistency as a Dimension of Test Quality,"Robillard, Martin P.; Nassif, Mathieu; Sohail, Muhammad",2024,ACM TRANSACTIONS ON SOFTWARE ENGINEERING AND METHODOLOGY,10.1145/3672448,https://www.webofscience.com/wos/woscc/full-record/WOS:001416758400002,supports-claim,"Unit tests must be readable to help developers understand and evolve production code. Most existing test quality metrics assess test code's ability to detect bugs. Few metrics focus on test code's readability. One standard approach to improve readability is the consistent application of conventions. We investigated test convention consistency as a dimension of test quality. We formalized test suite consistency as the extent to which alternatives are used within a code base and introduce two complementary metrics to capture this extent. We elaborated a catalog of over 30 test conventions for the Java language organized in 10 convention classes that group mutual alternatives. We developed tool support to detect occurrences of conventions, compute consistency metrics over a test suite, and view occurrences of conventions in the corresponding code. We applied our tools to study the consistency of the test suites of 20 large open source Java projects. The study validates the design of the test convention classes, provides descriptive statistics on the range of consistency values for 10 different convention classes, and enables us to link observed changes in consistency values to specific events in the change history of our target systems, thus providing evidence of the construct validity of the metrics. We conclude that analyzing test suite consistency via static analysis shows promise as a practical approach to help improve test suite quality.",wos,llm,0.910,unreviewed,,doi:10.1145/3672448
