status,title,authors,year,venue,doi,url,tags,abstract,provider,decision_source,llm_confidence,llm_review_outcome,llm_change_direction,paper_id
discarded,Adaptive and Fault Tolerant Simulation of Relativistic Particle Transport with Data-Level Checkpointing,Ruipeng Li; Hai Jiang; Hung-Chi Su; Bin Zhang; Jeff Jenness,2008,2008 11th IEEE International Conference on Computational Science and Engineering,10.1109/CSE.2008.54,https://ieeexplore.ieee.org/document/4578252/,off-topic-false-hit,"Many scientific applications exhibit high demands on memory storage and computing capability. Recent improvements in commodity processors and networks have provided an opportunity to support such scientific applications within an everyday computing infrastructure. Good applications need the ability to work in constantly changing environments. Adaptability and fault tolerance are essential. Based on simulation of relativistic particle transport, this paper proposes a data-level checkpointing scheme for common scientific applications. This scheme takes advantage of the regular program layout, dominant computing loops, and fine-grained iterations. Without handling stack and heap segments directly, only application data is saved and restored as the computation state. Checkpointing interval can be dynamically adjusted to satisfy sensitivity and efficiency requirements for feasible fault tolerance. With this periodic but fixed-location checkpointing scheme, the MPI-based simulation system can be reconfigured by being shut down first and then restarted on same or different computer clusters. Application data can be redistributed for the new configuration. Experimental results have demonstrated this scheme's efficiency and effectiveness.",ieee,llm,0.990,unreviewed,,doi:10.1109/cse.2008.54
discarded,Grammatical Aspects for Language Descriptions,Andrey Breslav,2010,cs.PL,10.48550/arXiv.1001.2817,http://arxiv.org/abs/1001.2817v1,adjacent-subtopic,"  For the purposes of tool development, computer languages are usually described using context-free grammars with annotations such as semantic actions or pretty-printing instructions.
  These descriptions are processed by generators which automatically build software, e.g., parsers, pretty-printers and editing support.
  In many cases the annotations make grammars unreadable, and when generating code for several tools supporting the same language, one usually needs to duplicate the grammar in order to provide different annotations for different generators.
  We present an approach to describing languages which improves readability of grammars and reduces the duplication. To achieve this we use Aspect-Oriented Programming principles. This approach has been implemented in an open-source tool named Grammatic. We show how it can be used to generate pretty-printers and syntax highlighters.",arxiv,llm,0.950,unreviewed,,doi:10.48550/arxiv.1001.2817
discarded,Extended Report on the Obfuscated Integration of Software Protections,Jens Van den Broeck; Bart Coppens; Bjorn De Sutter,2019,cs.CR,10.48550/arXiv.1907.01445,http://arxiv.org/abs/1907.01445v2,off-topic-false-hit,"To counter man-at-the-end attacks such as reverse engineering and tampering, software is often protected with techniques that require support modules to be linked into the application. It is well-known, however, that attackers can exploit the modular nature of applications and their protections to speed up the identification and comprehension process of the relevant code, the assets, and the applied protections. To counter that exploitation of modularity at different levels of granularity, the boundaries between the modules in the program need to be obfuscated. We propose to do so by combining three cross-boundary protection techniques that thwart the disassembly process and in particular the reconstruction of functions: code layout randomization, interprocedurally coupled opaque predicates, and code factoring with intraprocedural control flow idioms. By means of an elaborate experimental evaluation and an extensive sensitivity analysis on realistic use cases and state-of-the-art tools, we demonstrate our technique's potency and resilience to advanced attacks. All relevant code is publicly available online.",arxiv,llm,0.970,unreviewed,,doi:10.48550/arxiv.1907.01445
discarded,SNEG - Mathematica package for symbolic calculations with second-quantization-operator expressions,Rok Zitko,2011,quant-ph,10.1016/j.cpc.2011.05.013,http://arxiv.org/abs/1105.4697v1,off-topic-false-hit,"In many-particle problems involving interacting fermions or bosons, the most natural language for expressing the Hamiltonian, the observables, and the basis states is the language of the second-quantization operators. It thus appears advantageous to write numerical computer codes which allow the user to define the problem and the quantities of interest directly in terms of operator strings, rather than in some low-level programming language. Here I describe a Mathematica package which provides a flexible framework for performing the required translations between several different representations of operator expressions: condensed notation using pure ASCII character strings, traditional notation (""pretty printing""), internal Mathematica representation using nested lists (used for automatic symbolic manipulations), and various higher-level (""macro"") expressions. The package consists of a collection of transformation rules that define the algebra of operators and a comprehensive library of utility functions. While the emphasis is given on the problems from solid-state and atomic physics, the package can be easily adapted to any given problem involving non-commuting operators. It can be used for educational and demonstration purposes, but also for direct calculations of problems of moderate size.",arxiv,llm,0.950,unreviewed,,doi:10.1016/j.cpc.2011.05.013
discarded,VisCode: Embedding Information in Visualization Images using Encoder-Decoder Network,Peiying Zhang; Chenhui Li; Changbo Wang,2020,cs.CV,10.48550/arXiv.2009.03817,http://arxiv.org/abs/2009.03817v1,off-topic-false-hit,"We present an approach called VisCode for embedding information into visualization images. This technology can implicitly embed data information specified by the user into a visualization while ensuring that the encoded visualization image is not distorted. The VisCode framework is based on a deep neural network. We propose to use visualization images and QR codes data as training data and design a robust deep encoder-decoder network. The designed model considers the salient features of visualization images to reduce the explicit visual loss caused by encoding. To further support large-scale encoding and decoding, we consider the characteristics of information visualization and propose a saliency-based QR code layout algorithm. We present a variety of practical applications of VisCode in the context of information visualization and conduct a comprehensive evaluation of the perceptual quality of encoding, decoding success rate, anti-attack capability, time performance, etc. The evaluation results demonstrate the effectiveness of VisCode.",arxiv,llm,0.990,unreviewed,,doi:10.48550/arxiv.2009.03817
discarded,A Pretty Good Formatting Pipeline,"Bagge, Anya Helene; Hasu, Tero",2013,SOFTWARE LANGUAGE ENGINEERING (SLE 2013),,https://www.webofscience.com/wos/woscc/full-record/WOS:000341011900010,adjacent-subtopic,"Proper formatting makes the structure of a program apparent and aids program comprehension. The need to format code arises in code generation and transformation, as well as in normal reading and editing situations. Commonly used pretty-printing tools in transformation frameworks provide an easy way to produce indented code that is fairly readable for humans, without reaching the level of purpose-built reformatting tools, such as those built into IDEs. This paper presents a library of pluggable components, built to support style-based formatting and reformatting of code, and to enable further experimentation with code formatting.",wos,llm,0.950,unreviewed,,hash:1b0f1cc6613558a9
discarded,Grammatical Aspects for Language Descriptions,"Breslav, Andrey",2010,DATABASES AND INFORMATION SYSTEMS,,https://www.webofscience.com/wos/woscc/full-record/WOS:000396178700006,adjacent-subtopic,"For the purposes of tool development, computer languages are usually described using context-free grammars with annotations such as semantic actions or pretty-printing instructions. These descriptions are processed by generators which automatically build software, e.g., parsers, pretty-printers and editing support. In many cases the annotations make grammars unreadable, and when generating code for several tools supporting the same language, one usually needs to duplicate the grammar in order to provide different annotations for different generators. We present an approach to describing languages which improves readability of grammars and reduces the duplication. To achieve this we use Aspect-Oriented Programming principles. This approach has been implemented in an open-source tool named GRAMMATIC. We show how it can be used to generate pretty-printers and syntax highlighters.",wos,llm,0.950,unreviewed,,hash:2acfb1288550ec62
discarded,Pretty-printing for software reengineering,"de Jonge, M",2002,"INTERNATIONAL CONFERENCE ON SOFTWARE MAINTENANCE, PROCEEDINGS",,https://www.webofscience.com/wos/woscc/full-record/WOS:000178983800069,adjacent-subtopic,"Automatic software reengineerings change or repair existing software systems. They are usually tailor-made for a specific customer and language dependent. Maintaining similar reengineerings for multiple customers and different language dialects might therefore soon become problematic unless advanced language technology is being used.

Generic pretty-printing is part of such technology and is the subject of this paper We discuss specific pretty-print aspects of software reengineering such as fulfilling customer specific format conventions, preserving existing layout, and producing multiple output formats. In addition, we describe pretty-print techniques that help to reduce maintenance effort of tailor-made reengineerings supporting multiple language dialects.

Applications, such as COBOL reengineering and SDL documentation generation show that our techniques, implemented in the generic pretty-printer GPP, are feasible.",wos,llm,0.970,unreviewed,,hash:ef6915bddc42c8e6
discarded,KHEPERA: A system for rapid implementation of domain specific languages,"Faith, RE; Nyland, LS; Prins, JF",1997,PROCEEDINGS OF THE CONFERENCE ON DOMAIN-SPECIFIC LANGUAGES,,https://www.webofscience.com/wos/woscc/full-record/WOS:A1997BJ83E00019,adjacent-subtopic,"The KHEPERA system is a toolkit for the rapid implementation and long-term maintenance of domain specific languages (DSLs). Our viewpoint is that DSLs are most easily implemented via source-to-source translation from the DSL into another language and that this translation should be based on simple parsing, sophisticated tree-based analysis and manipulation, and source generation using pretty-printing techniques. KHEPERA emphasizes the use of familiar, pre-existing tools and provides support for transformation replay and debugging for the DSL processor and end-user programs. In this paper, we present an overview of our approach, including implementation details and a short example.",wos,llm,0.940,unreviewed,,hash:49e74c2993d416b6
discarded,Pretty-printing of visual sentences,"Dinesh, TB; Uskudarli, SM",1997,"1997 IEEE SYMPOSIUM ON VISUAL LANGUAGES, PROCEEDINGS",,https://www.webofscience.com/wos/woscc/full-record/WOS:A1997BJ69Q00037,adjacent-subtopic,"When input sentences are processed in some manner, say evaluated with some set of rules, the resulting sentence must be pretty-printed in order to be presented to the user. We introduce a technique called ''Share-Where maintenance'' which is used to preserve layout information by annotating abstract representations of visual sentences. The annotations in the abstract representation point to the presentation where sub-terms originated which were created either by the user (initial term) or by the language specifier (equations, as in introduced terms). Both kinds are visual presentations which are used for presenting the new term.",wos,llm,0.960,unreviewed,,hash:a0b6c0e43757c33b
discarded,"Programming Companion 2026 - Companion Proceedings of the 10th International Conference on the Art, Science, and Engineering of Programming",,2026,Programming Companion 2026 Companion Proceedings of the 10th International Conference on the Art Science and Engineering of Programming,,https://www.scopus.com/inward/record.uri?partnerID=HzOxMe3b&scp=105037518281&origin=inward,off-topic-false-hit,,scopus,llm,1.000,unreviewed,,hash:4318448293026dd2
discarded,Shallowly Embedded Functions,Rips B.M.,2025,Proceedings of the 27th International Symposium on Principles and Practice of Declarative Programming Ppdp 2025 Co Located with the 41st International Conference on Logic Programming,10.1145/3756907.3756923,https://www.scopus.com/inward/record.uri?partnerID=HzOxMe3b&scp=105025467306&origin=inward,off-topic-false-hit,,scopus,llm,0.840,unreviewed,,doi:10.1145/3756907.3756923
discarded,Estimating the Cost-Effectiveness of Communications Software Design for Networks,Jain G.,2025,Lecture Notes in Electrical Engineering,10.1007/978-981-97-8043-3_53,https://www.scopus.com/inward/record.uri?partnerID=HzOxMe3b&scp=85208183799&origin=inward,off-topic-false-hit,,scopus,llm,0.960,unreviewed,,doi:10.1007/978-981-97-8043-3_53
discarded,Benefits and Pitfalls of Token-Level SZZ: An Empirical Study on OSS Projects,Watanabe H.,2024,Proceedings 2024 IEEE International Conference on Software Analysis Evolution and Reengineering Saner 2024,10.1109/SANER60148.2024.00084,https://www.scopus.com/inward/record.uri?partnerID=HzOxMe3b&scp=85199806618&origin=inward,off-topic-false-hit,,scopus,llm,0.900,unreviewed,,doi:10.1109/saner60148.2024.00084
kept,"Eye Tracking Analysis of Code Layout, Crowding and Dyslexia - An Open Data Set",McChesney I.,2021,Eye Tracking Research and Applications Symposium ETRA,10.1145/3448018.3457420,https://www.scopus.com/inward/record.uri?partnerID=HzOxMe3b&scp=85107537076&origin=inward,qualifies-claim,,scopus,llm,0.780,unreviewed,,doi:10.1145/3448018.3457420
discarded,"Proceedings - ETRA 2021: ACM Symposium on Eye Tracking Research and Applications, Short Papers Proceedings",,2021,Eye Tracking Research and Applications Symposium ETRA,,https://www.scopus.com/inward/record.uri?partnerID=HzOxMe3b&scp=85107539659&origin=inward,off-topic-false-hit,,scopus,llm,1.000,unreviewed,,hash:1aa234f40711a21a
kept,The Effect of Crowding on the Reading of Program Code for Programmers with Dyslexia,McChesney I.,2021,IEEE International Conference on Program Comprehension,10.1109/ICPC52881.2021.00036,https://www.scopus.com/inward/record.uri?partnerID=HzOxMe3b&scp=85107573703&origin=inward,qualifies-claim,,scopus,llm,0.880,unreviewed,,doi:10.1109/icpc52881.2021.00036
discarded,Obfuscated integration of software protections,Van den Broeck J.,2021,International Journal of Information Security,10.1007/s10207-020-00494-8,https://www.scopus.com/inward/record.uri?partnerID=HzOxMe3b&scp=85082851149&origin=inward,off-topic-false-hit,,scopus,llm,0.970,unreviewed,,doi:10.1007/s10207-020-00494-8
discarded,Oopsle 2020: Open and original problems in software language engineering?,Zaytsev V.,2020,Ceur Workshop Proceedings,,https://www.scopus.com/inward/record.uri?partnerID=HzOxMe3b&scp=85095595007&origin=inward,off-topic-false-hit,,scopus,llm,0.900,unreviewed,,hash:d40e858ffd6b8e3f
discarded,A pretty good formatting pipeline,Bagge A.H.,2013,Lecture Notes in Computer Science Including Subseries Lecture Notes in Artificial Intelligence and Lecture Notes in Bioinformatics,10.1007/978-3-319-02654-1_10,https://www.scopus.com/inward/record.uri?partnerID=HzOxMe3b&scp=84891310866&origin=inward,adjacent-subtopic,,scopus,llm,0.940,unreviewed,,doi:10.1007/978-3-319-02654-1_10
discarded,Grammatical aspects: Coping with duplication and tangling in language specifications,Breslav A.,2011,Frontiers in Artificial Intelligence and Applications,10.3233/978-1-60750-688-1-197,https://www.scopus.com/inward/record.uri?partnerID=HzOxMe3b&scp=84884910952&origin=inward,adjacent-subtopic,,scopus,llm,0.930,unreviewed,,doi:10.3233/978-1-60750-688-1-197
discarded,Evo-indent interactive evolution of GNU indent options,Langdon W.B.,2009,Proceedings of the 11th Annual Genetic and Evolutionary Computation Conference Gecco 2009,10.1145/1570256.1570280,https://www.scopus.com/inward/record.uri?partnerID=HzOxMe3b&scp=84866923101&origin=inward,adjacent-subtopic,,scopus,llm,0.920,unreviewed,,doi:10.1145/1570256.1570280
discarded,"Transparency, holophrasting, and automatic layout applied to control structures for visual dataflow programming languages",Gauvin S.,2006,Proceedings Softvis 06 ACM Symposium on Software Visualization,10.1145/1148493.1148504,https://www.scopus.com/inward/record.uri?partnerID=HzOxMe3b&scp=36448965215&origin=inward,off-topic-false-hit,,scopus,llm,0.930,unreviewed,,doi:10.1145/1148493.1148504
discarded,Pretty-printing for software reengineering,De Jonge M.,2002,Conference on Software Maintenance,,https://www.scopus.com/inward/record.uri?partnerID=HzOxMe3b&scp=0036439969&origin=inward,adjacent-subtopic,,scopus,llm,0.970,unreviewed,,hash:2a0a84445c1c9d62
discarded,R.H. divertor maintenance - the divertor test platform,Damiani C.,2000,Fusion Engineering and Design,10.1016/S0920-3796(00)00427-0,https://www.scopus.com/inward/record.uri?partnerID=HzOxMe3b&scp=0034316450&origin=inward,off-topic-false-hit,,scopus,llm,1.000,unreviewed,,doi:10.1016/s0920-3796(00)00427-0
discarded,Pretty-printing of visual sentences,Dinesh T.,1997,IEEE Symposium on Visual Languages Proceedings,,https://www.scopus.com/inward/record.uri?partnerID=HzOxMe3b&scp=0031379270&origin=inward,adjacent-subtopic,,scopus,llm,0.960,unreviewed,,hash:64aa5a3fe7dc3da0
discarded,Share-where maintenance in visual algebraic specifications,Dinesh T.,1997,Lecture Notes in Computer Science Including Subseries Lecture Notes in Artificial Intelligence and Lecture Notes in Bioinformatics,10.1007/3-540-63875-X_60,https://www.scopus.com/inward/record.uri?partnerID=HzOxMe3b&scp=84957628803&origin=inward,adjacent-subtopic,,scopus,llm,0.950,unreviewed,,doi:10.1007/3-540-63875-x_60
discarded,KHEPERA: A system for rapid implementation of domain specific languages,Faith R.E.,1997,Proceedings of the Conference on Domain Specific Languages Dsl 1997,,https://www.scopus.com/inward/record.uri?partnerID=HzOxMe3b&scp=85094164960&origin=inward,adjacent-subtopic,,scopus,llm,0.940,unreviewed,,hash:5a2576d8bd39dbd0
kept,Typographic Style is More than Cosmetic,Oman P.W.,1990,Communications of the ACM,10.1145/78607.78611,https://www.scopus.com/inward/record.uri?partnerID=HzOxMe3b&scp=0025420833&origin=inward,supports-claim,,scopus,llm,0.870,unreviewed,,doi:10.1145/78607.78611
discarded,Control and Definition Modularization: An Improved Software Design Technique for Organizing Programs,Yadav S.B.,1990,IEEE Transactions on Software Engineering,10.1109/32.44367,https://www.scopus.com/inward/record.uri?partnerID=HzOxMe3b&scp=0025261562&origin=inward,off-topic-false-hit,,scopus,llm,0.820,unreviewed,,doi:10.1109/32.44367
discarded,Improving code readability classification using convolutional neural networks,Qing Mi; Jacky Keung; Yan Xiao; Solomon Mensah; Yujin Gao,2018,Information and Software Technology,10.1016/j.infsof.2018.07.006,https://openalex.org/W2830760308,adjacent-subtopic,,openalex,llm,0.960,unreviewed,,doi:10.1016/j.infsof.2018.07.006
discarded,Automatic detection of Long Method and God Class code smells through neural source code embeddings,Aleksandar Kovačević; Јелена Сливка; Dragan Vidaković; Katarina-Glorija Grujić; Nikola Luburić; Simona Prokić; Goran Sladić,2022,Expert Systems with Applications,10.1016/j.eswa.2022.117607,https://openalex.org/W4280612166,off-topic-false-hit,"Code smells are structures in code that often harm its quality. Manually detecting code smells is challenging, so researchers proposed many automatic detectors. Traditional code smell detectors employ metric-based heuristics, but researchers have recently adopted a Machine-Learning (ML) based approach. This paper compares the performance of multiple ML-based code smell detection models against multiple metric-based heuristics for detection of God Class and Long Method code smells. We assess the effectiveness of different source code representations for ML: we evaluate the effectiveness of traditionally used code metrics against code embeddings (code2vec, code2seq, and CuBERT). This study is the first to evaluate the effectiveness of pre-trained neural source code embeddings for code smell detection to the best of our knowledge. This approach helped us leverage the power of transfer learning – our study is the first to explore whether the knowledge mined from code understanding models can be transferred to code smell detection. A secondary contribution of our research is the systematic evaluation of the effectiveness of code smell detection approaches on the same large-scale, manually labeled MLCQ dataset. Almost every study that proposes a detection approach tests this approach on the dataset unique for the study. Consequently, we cannot directly compare the reported performances to derive the best-performing approach.",openalex,llm,0.940,unreviewed,,doi:10.1016/j.eswa.2022.117607
