status,title,authors,year,venue,doi,url,tags,abstract,provider,decision_source,llm_confidence,llm_review_outcome,llm_change_direction,paper_id
kept,A Systematic Literature Review on the Impact of Formatting Elements on Code Legibility,"Delano Oliveira; Santos, Reydne; Fernanda Madeiral; Hidehiko Masuhara; Fernando Castor",2022,arXiv (Cornell University),10.48550/arxiv.2208.12141,https://openalex.org/W4293342910,qualifies-claim,"Context: Software programs can be written in different but functionally equivalent ways. Even though previous research has compared specific formatting elements to find out which alternatives affect code legibility, seeing the bigger picture of what makes code more or less legible is challenging. Goal: We aim to find which formatting elements have been investigated in empirical studies and which alternatives were found to be more legible for human subjects. Method: We conducted a systematic literature review and identified 15 papers containing human-centric studies that directly compared alternative formatting elements. We analyzed and organized these formatting elements using a card-sorting method. Results: We identified 13 formatting elements (e.g., indentation) and 33 levels of formatting elements (e.g., two-space indentation), which are about formatting styles, spacing, block delimiters, long or complex code lines, and word boundary styles. While some levels were found to be statistically better than other equivalent ones in terms of code legibility, e.g., appropriate use of indentation with blocks, others were not, e.g., formatting layout. For identifier style, we found divergent results, where one study found a significant difference in favor of camel case, while another study found a positive result in favor of snake case. Conclusion: The number of identified papers, some of which are outdated, and the many null and contradictory results emphasize the relative lack of work in this area and underline the importance of more research. There is much to be understood about how formatting elements influence code legibility before the creation of guidelines and automated aids to help developers make their code more legible.",openalex,llm,0.990,unreviewed,,doi:10.48550/arxiv.2208.12141
discarded,How Modular Should Neural Module Networks Be for Systematic\n Generalization?,Vanessa D’Amario; Tomotake Sasaki; Xavier Boix,2021,arXiv (Cornell University),10.48550/arxiv.2106.08170,https://openalex.org/W4287119144,off-topic-false-hit,"Neural Module Networks (NMNs) aim at Visual Question Answering (VQA) via\ncomposition of modules that tackle a sub-task. NMNs are a promising strategy to\nachieve systematic generalization, i.e., overcoming biasing factors in the\ntraining distribution. However, the aspects of NMNs that facilitate systematic\ngeneralization are not fully understood. In this paper, we demonstrate that the\ndegree of modularity of the NMN have large influence on systematic\ngeneralization. In a series of experiments on three VQA datasets (VQA-MNIST,\nSQOOP, and CLEVR-CoGenT), our results reveal that tuning the degree of\nmodularity, especially at the image encoder stage, reaches substantially higher\nsystematic generalization. These findings lead to new NMN architectures that\noutperform previous ones in terms of systematic generalization.\n",openalex,llm,1.000,unreviewed,,doi:10.48550/arxiv.2106.08170
discarded,HSM: A Hybrid Storage Method Based on the Heat of Data and Global Disk Space Utilization,Ying Song; Wenxuan Zhao; Yingai Tian; Bo Wang,2024,IEEE Access,10.1109/access.2024.3382987,https://openalex.org/W4393325789,off-topic-false-hit,"In distributed systems, the method for data storage is crucial. Previous data storage work use the replication or Erasure Coding method to store data. Such single storage method leads to the excessive storage overheads for cold data with low access frequency or the low reading performance for hot data with high access frequency. Nowadays, the research on the hybrid storage has become a hot topic of concern for many scholars. Existing hybrid storage works take into account data reading performance and the storage overheads, and use the replication and Erasure Coding methods to store the hot data and cold data respectively. However, in the scenarios of sufficient disk space or low disk space, these fixed data storage methods will lead to the relatively low system data reading performance or the excessively low disk space of the system. In this paper, we propose HSM, a hybrid storage method based on the heat of data and global disk space utilization. HSM fully considers the system’s requirements for the data reading performance and storage overheads under different global disk space utilization scenarios, and adaptively selects appropriate storage methods for data whose heat is different through data deletion, data reconstruction, and data archiving. The experiment results show that when system disk space is sufficient, HSM reduces data reading time by up to 18%; when system disk space is low, although increasing storage overhead by up to 7%, HSM reduces cross-rack data transfer traffic by up to 20% and cross-rack data transfer time by up to 15% compared with ERP in the process of changing the storage methods.",openalex,llm,1.000,unreviewed,,doi:10.1109/access.2024.3382987
discarded,Scalability and Congestion Control in Broadband Intelligent and Mobile Networks,Georgios Karagiannis,2002,University of Twente Research Information,,https://openalex.org/W2126209091,off-topic-false-hit,"The use of mobile communication networks has increased rapidly in the last two decades. This growth is expected to continue at a high rate in the foreseeable future. Consequently, issues such as network scalability and overload/congestion control cannot be overlooked and must be taken into account in the design and operation of these networks. Scalability is the ability of the network to accommodate an increasing number of users, more and diversified services, expanding geographical coverage, etc., while maintaining high availability of network resources and preserving quality of service requirements. In the design process of a large network and its underlying protocols, several alternatives may be proposed to allow for scalable solutions. In the presence of a large number of potential active users, overload at parts of the network is likely to occur, at least occasionally, during busy hours or due to some unexpected events. In the absence of proper control to help avoid overloads and to quickly dissipate them when they occur, congestion may persist for extended periods of time, leading to unacceptable delays and high blocking rate of service requests. Therefore, it is crucial that the network be equipped with algorithms to protect critical network entities from becoming overloaded; i.e., congestion control algorithms. The first main focus of this thesis is network scalability. A methodology for the modeling and quantitative analysis of scalability is introduced and applied for the evaluation of a prototype Broadband Intelligent Network (B-IN) that has been developed in the European ACTS projects ""INSIGNIA"" and ""EXODUS"". The second main focus of this thesis is network congestion control. Novel congestion control algorithms are proposed for the same B-IN prototype developed in the ACTS projects ""INSIGNIA"" and ""EXODUS"". Important qualitative criteria are identified for the evaluation of these algorithms, and extensive performance experimentation is carried out to demonstrate their effectiveness and superiority in comparison with other known congestion control solutions.",openalex,llm,1.000,unreviewed,,hash:a6a8e1a26fbc269c
discarded,How are People with Disabilities Embraced in Software Development Teams? A Systematic Literature Review,Thayssa A. da Rocha; Luciano Arruda Teran; Giselle Lorrane Nobre Melo; Nicoly da Silva Menezes; Ingrid Moreira Miranda da Silva; Cleidson R. B. de Souza; Marcelle Pereira Mota,2025,Proceedings of the ACM on Human-Computer Interaction,10.1145/3757610,https://openalex.org/W4415250529,off-topic-false-hit,"Employability is one of the barriers that People with Disabilities (PWD) face to get included in society. Among other opportunities, the software development career can be an option to promote economic and job market inclusion. However, PWD participation in software development teams is still barely addressed in computing research compared to studies that address PWD as technology users. We conducted a systematic literature review to better understand the sociotechnical perspectives previous researchers presented on PWD engagement as software development team members. Out of the 572 papers identified in the last decade (2013 to 2023), thirty-nine were selected to be analyzed in depth. The results show that visual impairment is the most addressed disability, and programming is the most common role played by these professionals. The main challenges occur in the context of teamwork dynamics in mixed-ability teams and tool accessibility in daily work activities. Unveiling the work collaboration practices of PWD, challenges encountered, and the lack of research in other types of disabilities help us understand and consolidate opportunities for the academic community and industry to move towards effectively including these professionals.",openalex,llm,0.970,unreviewed,,doi:10.1145/3757610
discarded,The Truth is Out There: Reflections on Search in Software Engineering,Christopher L. Simons,2016,UWE Research Repository (UWE Bristol),10.13140/rg.2.1.3794.0725,https://openalex.org/W2511905479,off-topic-false-hit,"In the popular science fiction horror drama TV series ""The X-Files"", two FBI agents (Mulder and Skully) investigate unsolved case files relating to emerging paranormal phenomena and possible alien life. Many explanations and conspiracy theories abound. Although the intrepid investigators struggle to put the disparate pieces together, they believe that ""the truth is out there"". Search-based software engineering has attracted much research attention recently and many theories also abound relating to the application of metaheuristic search techniques to software engineering problems. Some 15 years since the term `search-based software engineering' was suggested, it is perhaps timely to reflect on some of these emerging phenomena in the field of search-based software engineering and examine some of the theories, fallacies and facts in a wider software engineering context. Is there truth out there? This presentation suggests some possible fallacies of search with respect to software engineering, before reviewing some more established facts about the progress of search-based software engineering, 15 years on. The application of search-based software engineering techniques within different phases of the software engineering life cycle is discussed, with a particular emphasis on agile development methodologies. Finally, attempts are made to put the disparate pieces together to speculate on areas of future industrial adoption of search-based software engineering.",openalex,llm,0.990,unreviewed,,doi:10.13140/rg.2.1.3794.0725
discarded,Program Comprehension Does Not Primarily Rely On the Language Centers of the Human Brain,Shashank Srikant; Anna Ivanova; Yotaro Sueoka; Hope Kean; Riva Dhamala; Evelina Fedorenko; Marina Umaschi Bers; Una-May O’Reilly,2023,arXiv (Cornell University),10.48550/arxiv.2304.12373,https://openalex.org/W4367060473,qualifies-claim,"Our goal is to identify brain regions involved in comprehending computer programs. We use functional magnetic resonance imaging (fMRI) to investigate two candidate systems of brain regions which may support this -- the Multiple Demand (MD) system, known to respond to a range of cognitively demanding tasks, and the Language system (LS), known to primarily respond to language stimuli. We devise experiment conditions to isolate the act of code comprehension, and employ a state-of-the-art method to locate brain systems of interest. We administer these experiments in Python (24 participants) and Scratch Jr. (19 participants) - which provides a visual interface to programming, thus eliminating the effect of text in code comprehension. From this robust experiment setup, we find that the Language system is not consistently involved in code comprehension, while the MD is. Further, we find no other brain regions beyond those in the MD to be responsive to code. We also find that variable names, the control flow used in the program, and the types of operations performed do not affect brain responses. We discuss the implications of our findings on the software engineering and CS education communities.",openalex,llm,0.780,unreviewed,,doi:10.48550/arxiv.2304.12373
discarded,Power System Stability and Control,P. Kundur,1994,,,https://openalex.org/W1763243278,off-topic-false-hit,"This is a comprehensive guide to power system stability and control, written as a professional and student reference.",openalex,llm,1.000,unreviewed,,hash:0d42663d4d381fdc
discarded,Evaluating and tuning a static analysis to find null pointer bugs,David Hovemeyer; Jaime Spacco; William Pugh,2005,ACM SIGSOFT Software Engineering Notes,10.1145/1108768.1108798,https://openalex.org/W2108827856,off-topic-false-hit,"Using static analysis to detect memory access errors, such as null pointer dereferences, is not a new problem. However, much of the previous work has used rather sophisticated analysis techniques in order to detect such errors.In this paper we show that simple analysis techniques can be used to identify many such software defects, both in production code and in student code. In order to make our analysis both simple and effective, we use a non-standard analysis which is neither complete nor sound. However, we find that it is effective at finding an interesting class of software defects.We describe the basic analysis we perform, as well as the additional errors we can detect using techniques such as annotations and inter-procedural analysis.In studies of both production software and student projects, we find false positive rates of around 20% or less. In the student code base, we find that our static analysis techniques are able to pinpoint 50% to 80% of the defects leading to a null pointer exception at runtime.",openalex,llm,0.990,unreviewed,,doi:10.1145/1108768.1108798
discarded,Evaluating and tuning a static analysis to find null pointer bugs,David Hovemeyer; Jaime Spacco; William Pugh,2005,,10.1145/1108792.1108798,https://openalex.org/W4247981256,off-topic-false-hit,"Using static analysis to detect memory access errors, such as null pointer dereferences, is not a new problem. However, much of the previous work has used rather sophisticated analysis techniques in order to detect such errors.In this paper we show that simple analysis techniques can be used to identify many such software defects, both in production code and in student code. In order to make our analysis both simple and effective, we use a non-standard analysis which is neither complete nor sound. However, we find that it is effective at finding an interesting class of software defects.We describe the basic analysis we perform, as well as the additional errors we can detect using techniques such as annotations and inter-procedural analysis.In studies of both production software and student projects, we find false positive rates of around 20% or less. In the student code base, we find that our static analysis techniques are able to pinpoint 50% to 80% of the defects leading to a null pointer exception at runtime.",openalex,llm,0.990,unreviewed,,doi:10.1145/1108792.1108798
discarded,"A Survey on Large Language Models: Applications, Challenges, Limitations, and Practical Usage",Muhammad Usman Hadi; qasem al tashi; Rizwan Qureshi; Abbas Shah; Amgad Muneer; Muhammad Irfan; Anas Zafar; Muhammad Bilal Shaikh; Naveed Akhtar; Syed Zohaib Hassan; Maged Shoman; Jia Wu; Seyedali Mirjalili; Mubarak Shah,2023,,10.36227/techrxiv.23589741.v1,https://openalex.org/W4383737134,off-topic-false-hit,"Within the vast expanse of computerized language processing, a revolutionary entity known as Large Language Models (LLMs) has emerged, wielding immense power in its capacity to comprehend intricate linguistic patterns and conjure coherent and contextually fitting responses. Large language models (LLMs) are a type of artificial intelligence (AI) that have emerged as powerful tools for a wide range of tasks, including natural language processing (NLP), machine translation, and question-answering. This survey paper provides a comprehensive overview of LLMs, including their history, architecture, training methods, applications, and challenges. The paper begins by discussing the fundamental concepts of generative AI and the architecture of generative pre- trained transformers (GPT). It then provides an overview of the history of LLMs, their evolution over time, and the different training methods that have been used to train them. The paper then discusses the wide range of applications of LLMs, including medical, education, finance, and engineering. It also discusses how LLMs are shaping the future of AI and how they can be used to solve real-world problems. The paper then discusses the challenges associated with deploying LLMs in real-world scenarios, including ethical considerations, model biases, interpretability, and computational resource requirements. It also highlights techniques for enhancing the robustness and controllability of LLMs, and addressing bias, fairness, and generation quality issues. Finally, the paper concludes by highlighting the future of LLM research and the challenges that need to be addressed in order to make LLMs more reliable and useful. This survey paper is intended to provide researchers, practitioners, and enthusiasts with a comprehensive understanding of LLMs, their evolution, applications, and challenges. By consolidating the state-of-the-art knowledge in the field, this survey serves as a valuable resource for further advancements in the development and utilization of LLMs for a wide range of real-world applications. The GitHub repo for this project is available at https://github.com/anas-zafar/LLM-Survey",openalex,llm,1.000,unreviewed,,doi:10.36227/techrxiv.23589741.v1
discarded,Why and how JavaScript developers use linters,Kristín Fjóla Tómasdóttir; Maurício Aniche; Arie van Deursen,2017,,10.1109/ase.2017.8115668,https://openalex.org/W2767603763,adjacent-subtopic,"Automatic static analysis tools help developers to automatically spot code issues in their software. They can be of extreme value in languages with dynamic characteristics, such as JavaScript, where developers can easily introduce mistakes which can go unnoticed for a long time, e.g. a simple syntactic or spelling mistake. Although research has already shown how developers perceive such tools for strongly-typed languages such as Java, little is known about their perceptions when it comes to dynamic languages. In this paper, we investigate what motivates and how developers make use of such tools in JavaScript projects. To that goal, we apply a qualitative research method to conduct and analyze a series of 15 interviews with developers responsible for the linter configuration in reputable OSS JavaScript projects that apply the most commonly used linter, ESLint. The results describe the benefits that developers obtain when using ESLint, the different ways one can configure the tool and prioritize its rules, and the existing challenges in applying linters in the real world. These results have direct implications for developers, tool makers, and researchers, such as tool improvements, and a research agenda that aims to increase our knowledge about the usefulness of such analyzers.",openalex,llm,0.910,unreviewed,,doi:10.1109/ase.2017.8115668
