status,title,authors,year,venue,doi,url,tags,abstract,provider,decision_source,llm_confidence,llm_review_outcome,llm_change_direction,paper_id
discarded,A scikit-based Python environment for performing multi-label classification,Piotr Szymański; Tomasz Kajdanowicz,2017,cs.LG,10.48550/arXiv.1702.01460,http://arxiv.org/abs/1702.01460v5,adjacent-subtopic,"scikit-multilearn is a Python library for performing multi-label classification. The library is compatible with the scikit/scipy ecosystem and uses sparse matrices for all internal operations. It provides native Python implementations of popular multi-label classification methods alongside a novel framework for label space partitioning and division. It includes modern algorithm adaptation methods, network-based label space division approaches, which extracts label dependency information and multi-label embedding classifiers. It provides python wrapped access to the extensive multi-label method stack from Java libraries and makes it possible to extend deep learning single-label methods for multi-label tasks. The library allows multi-label stratification and data set management. The implementation is more efficient in problem transformation than other established libraries, has good test coverage and follows PEP8. Source code and documentation can be downloaded from http://scikit.ml and also via pip. The library follows BSD licensing scheme.",arxiv,llm,0.900,unreviewed,,doi:10.48550/arxiv.1702.01460
discarded,scikit-dyn2sel -- A Dynamic Selection Framework for Data Streams,Lucca Portes Cavalheiro; Jean Paul Barddal; Alceu de Souza Britto; Laurent Heutte,2020,cs.LG,10.48550/arXiv.2008.08920,http://arxiv.org/abs/2008.08920v1,adjacent-subtopic,"Mining data streams is a challenge per se. It must be ready to deal with an enormous amount of data and with problems not present in batch machine learning, such as concept drift. Therefore, applying a batch-designed technique, such as dynamic selection of classifiers (DCS) also presents a challenge. The dynamic characteristic of ensembles that deal with streams presents barriers to the application of traditional DCS techniques in such classifiers. scikit-dyn2sel is an open-source python library tailored for dynamic selection techniques in streaming data. scikit-dyn2sel's development follows code quality and testing standards, including PEP8 compliance and automated high test coverage using codecov.io and circleci.com. Source code, documentation, and examples are made available on GitHub at https://github.com/luccaportes/Scikit-DYN2SEL.",arxiv,llm,0.900,unreviewed,,doi:10.48550/arxiv.2008.08920
discarded,scikit-hubness: Hubness Reduction and Approximate Neighbor Search,Roman Feldbauer; Thomas Rattei; Arthur Flexer,2019,cs.LG,10.21105/joss.01957,http://arxiv.org/abs/1912.00706v1,adjacent-subtopic,"This paper introduces scikit-hubness, a Python package for efficient nearest neighbor search in high-dimensional spaces. Hubness is an aspect of the curse of dimensionality, and is known to impair various learning tasks, including classification, clustering, and visualization. scikit-hubness provides algorithms for hubness analysis (""Is my data affected by hubness?""), hubness reduction (""How can we improve neighbor retrieval in high dimensions?""), and approximate neighbor search (""Does it work for large data sets?""). It is integrated into the scikit-learn environment, enabling rapid adoption by Python-based machine learning researchers and practitioners. Users will find all functionality of the scikit-learn neighbors package, plus additional support for transparent hubness reduction and approximate nearest neighbor search. scikit-hubness is developed using several quality assessment tools and principles, such as PEP8 compliance, unit tests with high code coverage, continuous integration on all major platforms (Linux, MacOS, Windows), and additional checks by LGTM. The source code is available at https://github.com/VarIr/scikit-hubness under the BSD 3-clause license. Install from the Python package index with $ pip install scikit-hubness.",arxiv,llm,0.890,unreviewed,,doi:10.21105/joss.01957
kept,The Prevalence of Code Smells in Machine Learning projects,Bart van Oort; Luís Cruz; Maurício Aniche; Arie van Deursen,2021,cs.SE,10.48550/arXiv.2103.04146,http://arxiv.org/abs/2103.04146v1,qualifies-claim,"Artificial Intelligence (AI) and Machine Learning (ML) are pervasive in the current computer science landscape. Yet, there still exists a lack of software engineering experience and best practices in this field. One such best practice, static code analysis, can be used to find code smells, i.e., (potential) defects in the source code, refactoring opportunities, and violations of common coding standards. Our research set out to discover the most prevalent code smells in ML projects. We gathered a dataset of 74 open-source ML projects, installed their dependencies and ran Pylint on them. This resulted in a top 20 of all detected code smells, per category. Manual analysis of these smells mainly showed that code duplication is widespread and that the PEP8 convention for identifier naming style may not always be applicable to ML code due to its resemblance with mathematical notation. More interestingly, however, we found several major obstructions to the maintainability and reproducibility of ML projects, primarily related to the dependency management of Python projects. We also found that Pylint cannot reliably check for correct usage of imported dependencies, including prominent ML libraries such as PyTorch.",arxiv,llm,0.820,unreviewed,,doi:10.48550/arxiv.2103.04146
discarded,Beyond Similarity: Task-Aligned Retrieval for Language Models,Zhixing Sun; Shenghe Xu; Tao Li,2026,cs.IR,10.48550/arXiv.2605.27951,http://arxiv.org/abs/2605.27951v1,adjacent-subtopic,"Retrieval-augmented generation (RAG) ranks passages by semantic similarity to the input, implicitly assuming that semantic similarity is a reliable indication of applicability in downstream tasks. This assumption breaks down when task success depends not on topical relevance but on applying the correct rules, constraints, or procedural guidance. In such settings, the most useful context may be the rule triggered by the input rather than the most semantically similar passage. We propose Task-Aligned Retrieval (TAG), a retrieval framework that replaces similarity-based retrieval with applicability-based rule selection. TAG transforms source documents into traceable condition-action rules, identifies which rules apply to a given input through pairwise LLM judgments, and generates the output conditioned only on the selected actions. We empirically observe that across Wikipedia NPOV rewriting, HumanEval with PEP~8 compliance, and NBA transaction reasoning on RuleArena, TAG consistently outperforms standard RAG, with the largest gains in high-mismatch settings (up to 12.2\%) while reducing retrieved context by up to 93\%. These results suggest that, in rule- and instruction-governed tasks, retrieval should optimize for applicability rather than for semantic similarity alone.",arxiv,llm,0.840,unreviewed,,doi:10.48550/arxiv.2605.27951
discarded,Programmed differently? Testing for gender differences in Python programming style and quality on GitHub,"Brooke, Sian",2024,JOURNAL OF COMPUTER-MEDIATED COMMUNICATION,10.1093/jcmc/zmad049,https://www.webofscience.com/wos/woscc/full-record/WOS:001156341500007,adjacent-subtopic,"The underrepresentation of women in open-source software is frequently attributed to women's lack of innate aptitude compared to men: natural gender differences in technical ability (). Approaching code as a form of communication, I conduct a novel empirical study of gender differences in Python programming on GitHub. Based on 1,728 open-source projects, I ask if there is a gender difference in the quality and style of Python code measured in adherence to PEP-8 guidelines. I found significant gender differences in structure and how Python files are organized. While there is gendered variation in programming style, there is no evidence of gender difference in code quality. Using a Random Forest model, I show that the gender of a programmer can be predicted from the style of their Python code. The study concludes that gender differences in Python code are a matter of style, not quality.

This study examines whether there is a difference in Python programming styles between gender groups. I examine available code on GitHub, a cloud-based hosting platform for collaboration known as version control, often used in open-source software development. First, I infer the gender of users from their usernames and the information provided on their profiles, labeling users as feminine, masculine, ambiguous, and anonymous. Anonymous users had no gender-based markers on their profiles, while ambiguous users had feminine and masculine characteristics. I then collect the publicly available projects of these users written in Python. Next, I analyze and generate statistics on Python files' adherence to style guidelines using a linter, an automated checking of source code for programmatic and stylistic errors. My findings reveal a gendered difference in the structure and components of Python files. However, I also discovered no gender difference regarding violations of Python style guidelines and code quality. This study shows gender difference in Python programming styles but not in the standard or quality of the code.",wos,llm,0.860,unreviewed,,doi:10.1093/jcmc/zmad049
discarded,Identification of a First-in-Class Small-Molecule Inhibitor of the EIF4E-RBM38 Complex That Enhances Wild-type TP53 Protein Translation for Tumor Growth Suppression,"Lucchesi, Christopher A.; Zhang, Jin; Gao, Mingchun; Shaw, Jared; Chen, Xinbin",2023,MOLECULAR CANCER THERAPEUTICS,10.1158/1535-7163.MCT-22-0627,https://www.webofscience.com/wos/woscc/full-record/WOS:001006510000001,off-topic-false-hit,"EIF4E, an mRNA cap-binding protein, is necessary for cap-dependent translation. Overexpression of EIF4E is known to pro-mote cancer development by preferentially translating a group of oncogenic mRNAs. Thus, 4EGI-1, a disruptor of EIF4E-EIF4G1 interaction, was developed to inhibit oncoprotein expression for cancer therapy. Interestingly, RBM38, an RNA-binding protein, interacts with EIF4E on TP53 mRNA, prevents EIF4E from binding to TP53 mRNA cap, and inhibits TP53 expression. Thus, Pep8, an eight amino acid peptide derived from RBM38, was developed to disrupt the EIF4E-RBM38 complex, leading to increased TP53 expression and decreased tumor cell growth. Herein, we have developed a first-in-class small-molecule compound 094, which interacts with EIF4E via the same pocket as does Pep8, dissociates RBM38 from EIF4E, and enhances TP53 translation in RBM38-and EIF4E-dependent manners. Structure-activity relationship studies identified that both the fluorobenzene and ethyl benza-mide are necessary for compound 094 to interact with EIF4E. Furthermore, we showed that compound 094 is capable of suppressing three-dimensional tumor spheroid growth in RBM38-and TP53-dependent manners. In addition, we found that compound 094 cooperates with the chemotherapeutic agent doxorubicin and EIF4E inhibitor 4EGI-1 to suppress tumor cell growth. Collectively, we showed that two distinct approaches can be used together to target EIF4E for cancer therapy by enhancing wild-type TP53 expression (094) and by suppressing oncoprotein expression (4EGI-1).",wos,llm,0.990,unreviewed,,doi:10.1158/1535-7163.mct-22-0627
discarded,Intelligent De Novo Design of Novel Antimicrobial Peptides against Antibiotic-Resistant Bacteria Strains,"Lin, Tzu-Tang; Yang, Li-Yen; Lin, Chung-Yen; Wang, Ching-Tien; Lai, Chia-Wen; Ko, Chi-Fong; Shih, Yang-Hsin; Chen, Shu-Hwa",2023,INTERNATIONAL JOURNAL OF MOLECULAR SCIENCES,10.3390/ijms24076788,https://www.webofscience.com/wos/woscc/full-record/WOS:000969689800001,off-topic-false-hit,"Because of the growing number of clinical antibiotic resistance cases in recent years, novel antimicrobial peptides (AMPs) may be ideal for next-generation antibiotics. This study trained a Wasserstein generative adversarial network with gradient penalty (WGAN-GP) based on known AMPs to generate novel AMP candidates. The quality of the GAN-designed peptides was evaluated in silico, and eight of them, named GAN-pep 1-8, were selected by an AMP Artificial Intelligence (AI) classifier and synthesized for further experiments. Disc diffusion testing and minimum inhibitory concentration (MIC) determinations were used to identify the antibacterial effects of the synthesized GAN-designed peptides. Seven of the eight synthesized GAN-designed peptides displayed antibacterial activity. Additionally, GAN-pep 3 and GAN-pep 8 presented a broad spectrum of antibacterial effects and were effective against antibiotic-resistant bacteria strains, such as methicillin-resistant Staphylococcus aureus and carbapenem-resistant Pseudomonas aeruginosa. GAN-pep 3, the most promising GAN-designed peptide candidate, had low MICs against all the tested bacteria. In brief, our approach shows an efficient way to discover AMPs effective against general and antibiotic-resistant bacteria strains. In addition, such a strategy also allows other novel functional peptides to be quickly designed, identified, and synthesized for validation on the wet bench.",wos,llm,0.990,unreviewed,,doi:10.3390/ijms24076788
discarded,NKp44-Derived Peptide Used in Combination Stimulates Antineoplastic Efficacy of Targeted Therapeutic Drugs,"Iraqi, Muhammed; Bolel, Priyanka; Sarkar, Rhitajit; Bhattacharya, Baisali; Abu Ahmad, Muhammad; Edri, Avishay; Roisman, Laila C.; Elkabets, Moshe; Shalata, Walid; Peled, Nir; Porgador, Angel",2022,INTERNATIONAL JOURNAL OF MOLECULAR SCIENCES,10.3390/ijms232214054,https://www.webofscience.com/wos/woscc/full-record/WOS:000887444700001,off-topic-false-hit,"Lung cancer cells in the tumor microenvironment facilitate immune evasion that leads to failure of conventional chemotherapies, despite provisionally decided on the genetic diagnosis of patients in a clinical setup. The current study follows three lung cancer patients who underwent ""personalized"" chemotherapeutic intervention. Patient-derived xenografts (PDXs) were subjected to tumor microarray and treatment screening with chemotherapies, either individually or in combination with the peptide R11-NLS-pep8; this peptide targets both membrane-associated and nuclear PCNA. Ex vivo, employing PDX-derived explants, it was found that combination with R11-NLS-pep8 stimulated antineoplastic effect of chemotherapies that were, although predicted based on the patient's genetic mutation, inactive on their own. Furthermore, treatment in vivo of PDX-bearing mice showed an exactly similar trend in the result, corroborating the finding to be translated into clinical setup.",wos,llm,0.990,unreviewed,,doi:10.3390/ijms232214054
discarded,Evaluation of multi-specificity of antibody G2 using its single-chain Fv and its covalently linked antigen peptides,"Hayashi, Takahiro; Kamatari, Yuji O.; Oda, Masayuki",2022,BIOPHYSICAL CHEMISTRY,10.1016/j.bpc.2022.106893,https://www.webofscience.com/wos/woscc/full-record/WOS:000863328200002,off-topic-false-hit,"The antibody G2 specifically binds to four peptides with different amino acid sequences: Pep18mer, Pep8, Pep395, and PepH4P6. To elucidate the multi-specificity of G2, we generated a G2 single-chain Fv (scFv) antibody and analyzed its binding thermodynamics and kinetics to antigen peptides. Our results clearly showed that the recognition of PepH4P6 was similar to that of Pep18mer, to which G2 could obtain binding ability through the deletion of Pro95 at light chain on the affinity maturation process. The covalent linking of peptides could increase the thermal stability of G2 scFv due to intramolecular antigen binding. In the effects of respective peptides, the increased thermal stability of G2 scFv linked to Pep8 was significant, possibly due to the rapid dissociation. Binding experiments of G2 scFv linked to peptides to other peptides showed decreased association rates relative to those of antigen-free G2 scFv while the dissociation rates were almost unchanged.",wos,llm,0.990,unreviewed,,doi:10.1016/j.bpc.2022.106893
discarded,Optimization of eIF4E-Binding Peptide Pep8 to Disrupt the RBM38-eIF4E Complex for Induction of p53 and Tumor Suppression,"Lucchesi, Christopher A.; Zhang, Jin; Vasilatis, Demitria M.; Yip, Elizabeth; Chen, Xinbin",2022,FRONTIERS IN ONCOLOGY,10.3389/fonc.2022.893062,https://www.webofscience.com/wos/woscc/full-record/WOS:000795864600001,off-topic-false-hit,"Interaction of RNA-binding protein RBM38 with eIF4E on p53 mRNA is known to suppress p53 mRNA translation, which can be disrupted by an 8-amino acid peptide (Pep8-YPYAASPA) derived from RBM38, leading to induction of p53 and tumor suppression. Here, we rationally designed multiple Pep8 derivatives and screened for their binding affinities towards eIF4E in silico. We showed that several key residues within Pep8 are necessary for its structure and function. We identified a shortened 7-amino acid peptide (Pep7-PSAASPV) that has the highest affinity towards eIF4E and is the most potent inducer of p53 expression. We found that iRGD is an effective vehicle to deliver Pep7 inside of cells for induction of p53 expression and growth suppression as compared to other cell penetrating peptides (Penetratin and Pep-1). We found that peptide cyclization enhances Pep8 affinity for eIF4E, induction of p53 and tumor cell growth suppression. We also found that the ability of Pep7 to induce p53 expression and growth suppression is conserved in cells derived from canine osteosarcoma, a spontaneous tumor model frequently used for testing the feasibility of a therapeutic agent for human cancer. Moreover, we showed that both human and canine osteosarcoma cells, which are notoriously resistant to radiation therapy, were sensitized by Pep7 to radiation-induced growth suppression and cell death. Together, our data suggest that Pep7 may be explored to sensitize tumors to radiation therapy.",wos,llm,0.990,unreviewed,,doi:10.3389/fonc.2022.893062
discarded,Survivin Expression Is Differentially Regulated by a Selective Cross-talk between RBM38 and miRNAs let-7b or miR-203a,"Lucchesi, Christopher A.; Zhang, Jin; Ma, Buyong; Nussinov, Ruth; Chen, Xinbin",2021,CANCER RESEARCH,10.1158/0008-5472.CAN-20-3157,https://www.webofscience.com/wos/woscc/full-record/WOS:000636972300019,off-topic-false-hit,"RNA-binding motif 38 (RBM38) is a member of a protein family with a highly conserved RNA-binding motif and has been shown to regulate mRNA processing, stability, and translation. Survivin is an essential modulator of apoptotic and nonapoptotic cell death as well as a stress responder. Survivin mRNA is the fourth most frequently overexpressed transcript in the human cancer transcriptome, and its aberrant expression is associated with chemo-/radioresistance and poor prognosis. In this study, we examined whether survivin expression is regulated by RBM38. RBM38 bound to survivin 3'-untranslated region and suppressed miRNA let-7b from binding to and degrading survivin mRNA, leading to increased survivin expression. RBM38 interacted with argonaute-2 (AGO2) and facilitated miR-203a-mediated degradation of survivin mRNA, leading to decreased survivin expression. Due to the abundance of let-7b over miR-203a, RBM38 ultimately increased survivin expression in HCT116 and MCF7 cells. In addition, Ser-195 in RBM38 interacted with Glu-73/-76 in AGO2, and Pep8, an eight-amino acid peptide spanning the region of Ser-195 in RBM38, blocked the RBM38-AGO2 interaction and inhibited miR-203a-mediated mRNA degradation, leading to enhanced survivin expression. Furthermore, Pep8 cooperated with YM155, an inhibitor of survivin, to suppress tumor spheroid growth and viability. Pep8 sensitized tumor cells to YM155-induced DNA damage in an RBM38-dependent manner. Together, our data indicate that RBM38 is a dual regulator of survivin and that Pep8/YM155 may be therapeutically explored for tumor suppression.

Significance: These findings show that RBM38 exerts opposing effects on survivin expression via two miRNAs, and disruption of the RBM38-AGO2 complex by an eight-amino acid peptide sensitizes tumor spheroids to survivin inhibitor YM155.",wos,llm,0.990,unreviewed,,doi:10.1158/0008-5472.can-20-3157
discarded,Rational design of k-casein peptides to modulate GSK-3B dynamics for Alzheimer’s therapy,Moghaddam N.,2026,Scientific Reports,10.1038/s41598-026-42103-z,https://www.scopus.com/inward/record.uri?partnerID=HzOxMe3b&scp=105036332129&origin=inward,off-topic-false-hit,,scopus,llm,0.960,unreviewed,,doi:10.1038/s41598-026-42103-z
discarded,Pseudo-MRM-QTOF mass spectrometry for identification and quantification of livestock and poultry meat adulteration in beef balls,Wang J.,2026,Applied Food Research,10.1016/j.afres.2026.102404,https://www.scopus.com/inward/record.uri?partnerID=HzOxMe3b&scp=105045011642&origin=inward,off-topic-false-hit,,scopus,llm,0.980,unreviewed,,doi:10.1016/j.afres.2026.102404
discarded,Empirical evaluation of LLMs capabilities for data pipeline generation on Databricks platform,Martina T.,2026,Future Generation Computer Systems,10.1016/j.future.2026.108587,https://www.scopus.com/inward/record.uri?partnerID=HzOxMe3b&scp=105039246387&origin=inward,adjacent-subtopic,,scopus,llm,0.740,unreviewed,,doi:10.1016/j.future.2026.108587
discarded,LiMO: Line-level Machine-generated Code Detection for Diverse Programming Languages,Kim T.,2026,Proceedings of the ACM Symposium on Applied Computing,10.1145/3748522.3779718,https://www.scopus.com/inward/record.uri?partnerID=HzOxMe3b&scp=105042744675&origin=inward,adjacent-subtopic,,scopus,llm,0.920,unreviewed,,doi:10.1145/3748522.3779718
