status,title,authors,year,venue,doi,url,tags,abstract,provider,decision_source,llm_confidence,llm_review_outcome,llm_change_direction,paper_id
discarded,"Initialization, Limitation, and Predictive Coding of the Depth and Texture Quadtree in 3D-HEVC",Elie Gabriel Mora; Joel Jung; Marco Cagnazzo; Beatrice Pesquet-Popescu,2014,IEEE Transactions on Circuits and Systems for Video Technology,10.1109/TCSVT.2013.2283110,https://ieeexplore.ieee.org/document/6606816/,off-topic-false-hit,"The 3D video extension of High Efficiency Video Coding (3D-HEVC) exploits texture-depth redundancies in 3D videos using intercomponent coding tools. It also inherits the same quadtree coding structure as HEVC for both components. The current software implementation of 3D-HEVC includes encoder shortcuts that speed up the quadtree construction process, but those are always accompanied by coding losses. Furthermore, since the texture and its associated depth represent the same scene, at the same time instant and view point, their quadtrees are closely linked. In this paper, an intercomponent tool is proposed in which this link is exploited to save both runtime and bits through a joint coding of the quadtrees. If depth is coded before the texture, the texture quadtree is initialized from the coded depth quadtree. Otherwise, the depth quadtree is limited to the coded texture quadtree. A 31% encoder runtime saving, a -0.3% gain for coded and synthesized views and a -1.8% gain for coded views are reported for the second method.",ieee,llm,1.000,unreviewed,,doi:10.1109/tcsvt.2013.2283110
discarded,Reducing Complexity on Intra Mode Decision in Video Coding: A Review,Ei Ei Tun; Supavadee Aramvith,2026,IEEE Access,10.1109/ACCESS.2026.3676338,https://ieeexplore.ieee.org/document/11449177/,off-topic-false-hit,"This article surveys low-complexity techniques for intra mode decision in modern video coding standards. The objective is to consolidate existing knowledge of intra prediction methods and clarify their computational impact in High Efficiency Video Coding (HEVC) and its successor, Versatile Video Coding (VVC). The survey reviews the evolution of intra coding frameworks, outlines the increasing complexity of prediction modes and partitioning structures, and analyzes representative solutions. These include statistical, optimization-based, learning-driven, and hardware-oriented approaches, each designed to reduce encoding time while maintaining rate–distortion performance. The trade-off between complexity reduction and coding efficiency is highlighted, along with the scalability challenges of applying fast algorithms at the coding tree unit level. The article concludes by identifying open challenges and outlining future research directions, providing a consolidated reference for advancing efficient intra coding in HEVC and VVC.",ieee,llm,1.000,unreviewed,,doi:10.1109/access.2026.3676338
discarded,A framework for fully configurable video coding,Iain Richardson; Sampath Kannangara; Maja Bystrom; James Philp; Manuel de Frutos Lopez,2009,2009 Picture Coding Symposium,10.1109/PCS.2009.5167425,https://ieeexplore.ieee.org/document/5167425/,off-topic-false-hit,"Video coding solutions based on fixed, pre-defined video coding standards have certain limitations. Dynamic reconfiguration has the potential to offer greater rate-distortion performance than fixed codecs, making it possible to rapidly implement new algorithms and efficiently support multiple coding formats on a single platform. In this paper we describe a framework for dynamic re-configuration of video codecs, fully configurable video coding, in which new or modified decoder designs are generated, transmitted and implemented by a Universal Video Decoder. We present initial results of a real-time software prototype.",ieee,llm,1.000,unreviewed,,doi:10.1109/pcs.2009.5167425
discarded,The Use and Implementation of Coding Standards for High-Confidence Embedded Systems,Paul Anderson; Michael McDougall; Mark Zarins,2008,2008 IEEE Aerospace Conference,10.1109/AERO.2008.4526570,https://ieeexplore.ieee.org/document/4526570/,adjacent-subtopic,"The use of coding standards in safety-critical embedded software development is growing because they reduce the risk of unsafe code escaping into production devices. Three prominent rule sets comprising 345 unique rules are studied. Each rule is classified by its rationale. Techniques for detecting violations of the rules are discussed, and each of the rules is further classified by the technology best suited for its enforcement. Many rules are found to be ambiguous or prone to subjective interpretations. This is a particular problem for automatic enforcement as tools require a precise specification. For some classes of rules, theoretical and technological limitations mean that tools may report violations where no such violations occur. Strategies for managing these false positives are discussed. Broad recommendations for adoption and enforcement of rules are given.",ieee,llm,0.920,unreviewed,,doi:10.1109/aero.2008.4526570
discarded,Pareto-Based Method for High Efficiency Video Coding With Limited Encoding Time,Guilherme Corrêa; Pedro A. Assunção; Luciano Volcan Agostini; Luis A. da Silva Cruz,2016,IEEE Transactions on Circuits and Systems for Video Technology,10.1109/TCSVT.2015.2469533,https://ieeexplore.ieee.org/document/7208812/,off-topic-false-hit,"Several different methods have been investigated in recent years, aiming at computational complexity reduction and scaling of High Efficiency Video Coding (HEVC) software implementations. However, maintaining the encoding time per frame or group of pictures (GOPs) below an adjustable upper bound is still an open research issue. A solution for this problem is devised in this paper based on a set of Pareto-efficient encoding configurations, identified through rate-distortion-complexity analysis. The proposed method combines a medium-granularity encoding time control with a fine-granularity encoding time control to accurately limit the HEVC encoding time below a predefined target for each GOP. It is shown that the encoding time can be kept below a desired target for a wide range of encoding time reductions, e.g., up to 90% in comparison with the original encoder. The results also show that compression efficiency loss (Bjøntegaard delta-rate) varies from negligible (0.16%) to moderate (9.83%) in the extreme case of 90% computational complexity reduction.",ieee,llm,1.000,unreviewed,,doi:10.1109/tcsvt.2015.2469533
discarded,An overview of available and emerging 3D video formats and depth enhanced stereo as efficient generic solution,Aljoscha Smolic; Karsten Mueller; Philipp Merkle; Peter Kauff; Thomas Wiegand,2009,2009 Picture Coding Symposium,10.1109/PCS.2009.5167358,https://ieeexplore.ieee.org/document/5167358/,off-topic-false-hit,"Recently, popularity of 3D video has been growing significantly and it may turn into a home user mass market in the near future. However, diversity of 3D video content formats is still hampering wide success. An overview of available and emerging 3D video formats and standards is given, which are mostly related to specific types of applications and 3D displays. This includes conventional stereo video, multiview video, video plus depth, multiview video plus depth and layered depth video. Features and limitations are explained. Finally, depth enhanced stereo (DES) is introduced as a flexible, generic, and efficient 3D video format that can unify all others and serve as universal 3D video format in the future.",ieee,llm,1.000,unreviewed,,doi:10.1109/pcs.2009.5167358
discarded,Modeling the energy consumption of HEVC intra decoding,Christian Herglotz; Dominic Springer; Andrea Eichenseer; André Kaup,2013,"2013 20th International Conference on Systems, Signals and Image Processing (IWSSIP)",10.1109/IWSSIP.2013.6623457,https://ieeexplore.ieee.org/document/6623457/,off-topic-false-hit,"Battery life is one of the major limitations to mobile device use, which makes research on energy efficient soft- and hardware an important task. This paper investigates the energy required by a CPU when decoding compressed bitstream videos on mobile platforms. A model is derived that describes the energy consumption of the new HEVC decoder for intra coded videos. We show that the relative estimation error of the model is smaller than 3.2% and that the model can be used to build encoders aiming at minimizing decoding energy.",ieee,llm,1.000,unreviewed,,doi:10.1109/iwssip.2013.6623457
discarded,Data audio compression lossless FLAC format to lossy audio MP3 format with Huffman Shift Coding algorithm,Luthfi Firmansah; Erwin Budi Setiawan,2016,2016 4th International Conference on Information and Communication Technology (ICoICT),10.1109/ICoICT.2016.7571951,https://ieeexplore.ieee.org/document/7571951/,off-topic-false-hit,"Nowadays, music has become a necessity. Technology in the field of music itself has been growing rapidly. It can be attested by the improvement of the quality of audio from generation to generation. As well as images and video data, audio data also require compression for storage and for the purposes of accessing the issues in real time. In the audio compression itself is almost similar to image compression, there are two kinds of audio data compression technique, which are lossy and lossless. For daily usage, lossy compression techniques are more widely used because the compression ratio is much larger compared to its original data, and any decline in the quality of audio data cannot be captured by the limitations of the human ear. One algorithm that can be used is Huffman, with the development of its algorithm is called Huffman Shift Coding. Huffman Shift Coding able to change any symbol held on audio data either lossy or lossless. Huffman Shift Coding method that has been tested, average compression ratio -50% above. But the results of the compression of audio data cannot be played back, but the support of compression application itself. In this research, the author tries to make a compression application that can change the nature of lossless audio data into a lossy, where later the output of the compression process will be smaller in order to save storage issues, and also still can be played in various music players that is currently available.",ieee,llm,1.000,unreviewed,,doi:10.1109/icoict.2016.7571951
discarded,Improved intra transform skip mode in HEVC,Liang Zhao; Jicheng An; Siwei Ma; Debin Zhao; Xiaopeng Fan,2013,2013 IEEE International Conference on Image Processing,10.1109/ICIP.2013.6738414,https://ieeexplore.ieee.org/document/6738414/,off-topic-false-hit,"Recent years we have witnessed a striking rise of the compound video, which is generated by computers. The High Efficiency Video Coding standard (HEVC) adopts the intra transform skip mode to improve the coding efficiency of compound video. In this paper, we improve the intra transform skip mode from two aspects. Firstly, we study the statistical character of the intra prediction residual and propose a separate coefficient scan order for the intra transform skip mode. Secondly, we analyze the probability of the intra transform skip mode for different coding unit (CU) sizes and prediction unit (PU) sizes, and then propose one limitation to reduce the applied range of intra transform skip mode. The experimental results show that the first method can achieve 1.6%, 1.1%, and 0.7% luma coding gains on average in terms of BD-rate for class F under HE10-AI, HE10-RA, and HE10-LB conditions respectively; the second method can bring 9% encoder run time reduction with almost the same BD-rate changes. The proposed methods have been partially adopted into HEVC standard.",ieee,llm,1.000,unreviewed,,doi:10.1109/icip.2013.6738414
discarded,Gaze-contingent interactive visualization of high-dynamic-range imagery,Mahmoud Kalash; Karishma Singh; Rasit Eskicioglu; Neil D.B. Bruce,2016,2016 IEEE Second Workshop on Eye Tracking and Visualization (ETVIS),10.1109/ETVIS.2016.7851159,https://ieeexplore.ieee.org/document/7851159/,off-topic-false-hit,"There exist many types of visual imagery that span a dynamic range that exceeds what typical displays are able to capture. This implies that some information is lost, and requires schemes for compressing the dynamic range so that images are amenable to viewing on standard display technology. In certain application domains, specialized displays that cover a wider dynamic range are employed including for the display of medical images for diagnostic purposes. In this paper, we present a means of locally adapting the dynamic range of the display as a function of gaze location to allow for visualization of high dynamic range media on standard displays. This allows for viewing visual media over a dynamic range that exceeds limitations of any display, and presents additional value for certain application domains. The implemented system also allows for control over dynamic range globally based on hand gestures.",ieee,llm,0.990,unreviewed,,doi:10.1109/etvis.2016.7851159
discarded,JPEG2000 compression for scintigraphic images of metastasis of the prostatic cancer,Boucar Ndong; Ousseynou Diop; El Hadji A. L. Bathily; Mamadou Mbodj; Sylvie Seck Gassama; Mamadou Lamine Mboup; Khaly Tall; Abdou Khadre Diop; Idy Diop; Sidi Mohamed Farssi; Pape Adama Mboup,2015,2015 2nd World Symposium on Web Applications and Networking (WSWAN),10.1109/WSWAN.2015.7210308,https://ieeexplore.ieee.org/document/7210308/,off-topic-false-hit,"A remote DICOM (Digital Imaging Communication in Medicine) server needs an important storage and a high-speed network of, at least, 100 Mbps. This is a limitation for the storage and for remote access to images and image processing softwares. Objective: We set up, in this study, a secondary server that saves medical images of prostatic cancer patients compressed by JPEG 2000, the new standard of image compression. This first study has to set up an intranet and a remote server. Method: We compress to JPEG2000 the images picked up in PNG and Bitmap formats from the DICOM server using the scientific software MATLAB. Results: JPEG 2000 compression save the contrast of bone scintigraphic images. For the lossless compression the results are, respectively, 1.66 and 9.86 for the PNG format and Bitmap format. The lossy compression gives a compression ratio of, respectively, 6.48 and 40.3 for the two formats. The minimum and maximum for images compressed in PNG are 2.0 and 10.5 corresponding to a Peak Signal-to-Noise Ratio (PSNR) of, respectively, 62.9 dB and 37.8 dB. That lossy compression reduces all the images at the weight of 58 Kibi-octet (Kio). Conclusion: These compression ratios work with a good interpretation of the whole body bone scintigraphic images we used. That is proved by the visual metric as well as the PSNR. It also permits the image transmission through a low speed network. This makes easy the access on patient data in the hospital and eventually from a remote location.",ieee,llm,1.000,unreviewed,,doi:10.1109/wswan.2015.7210308
discarded,Proposal for Broadcast High Dynamic Range Content Transmission,Diego Pajuelo; Paulo Cardoso; Raphael Barbieri; Silvio Carvalho; Yuzo Iano,2016,2016 IEEE International Symposium on Consumer Electronics (ISCE),10.1109/ISCE.2016.7797376,https://ieeexplore.ieee.org/document/7797376/,off-topic-false-hit,"Nowadays, the industry is discussing the different HDR Content Transmission proposals. There is no global standard of HDR Content Broadcast Transmission yet, which opens countless opportunities for global consumer's electronics in the future. For this reason, we propose an efficient Broadcast transmission with backwards compatibility with ISDB-Tb considering to actual standards. Additionally, each processing stage within a broadcast environment is further discussed, considering its limitations. Further objective measures are presented, evaluating a HDR test.",ieee,llm,1.000,unreviewed,,doi:10.1109/isce.2016.7797376
discarded,HEVStream: a framework for streaming and evaluation of high efficiency video coding (HEVC) content in loss-prone networks,James Nightingale; Qi Wang; Christos Grecos,2012,IEEE Transactions on Consumer Electronics,10.1109/TCE.2012.6227440,https://ieeexplore.ieee.org/document/6227440/,off-topic-false-hit,"High Efficiency Video Coding (HEVC) is the next generation video compression standard currently under development within the ITU-T/ISO sponsored Joint Collaborative Team on Video Coding (JCT-VC). The standardization, and eventual adoption, of HEVC will contribute significantly to the future development of many consumer devices. Areas such as broadcast television, multimedia streaming, mobile communications and multimedia/video content storage will all be impacted by implementation of the emerging HEVC standard. Up to this point in time the research focus of HEVC has been on improvements to video compression efficiency and little work has been conducted into streaming of HEVC. In this work we consider the practical barriers to HEVC streaming in realistic environments and propose HEVStream, a streaming and evaluation framework for HEVC encoded content. Our framework fills the current gap in enabling networked HEVC visual applications and permits the implementation, testing and evaluation of HEVC encoded video streaming under a range of packet loss, bandwidth restriction and network delay scenarios in a realistic testbed environment. We provide a basic error concealment method for HEVC to overcome limitations within the decoder and an RTP packetisation format for HEVC Network Abstraction Layer (NAL) units. Comprehensive results of HEVC streaming experiments under various network circumstances are reported. These results provide an insight into the reduction in picture quality, measured as peak signal to noise ratio (PSNR), that can be expected under a wide range of network constraint and packet loss conditions. We report an average loss of 3.61dB when a bandwidth reduction of 10% is applied. We believe that this work will be amongst the first to report on successful design and implementation of HEVC network applications, and evaluation of the effects of network constraints or limitations on the quality of HEVC encoded video streams.",ieee,llm,1.000,unreviewed,,doi:10.1109/tce.2012.6227440
discarded,On the Naming of Methods: A Survey of Professional Developers,Reem Alsuhaibani; Christian Newman; Michael Decker; Michael Collard; Jonathan Maletic,2021,2021 IEEE/ACM 43rd International Conference on Software Engineering (ICSE),10.1109/ICSE43902.2021.00061,https://ieeexplore.ieee.org/document/9401967/,adjacent-subtopic,"This paper describes the results of a large (+1100 responses) survey of professional software developers concerning standards for naming source code methods. The various standards for source code method names are derived from and supported in the software engineering literature. The goal of the survey is to determine if there is a general consensus among developers that the standards are accepted and used in practice. Additionally, the paper examines factors such as years of experience and programming language knowledge in the context of survey responses. The survey results show that participants very much agree about the importance of various standards and how they apply to names and that years of experience and the programming language has almost no effect on their responses. The results imply that the given standards are both valid and to a large degree complete. The work provides a foundation for automated method name assessment during development and code reviews.",ieee,llm,0.930,unreviewed,,doi:10.1109/icse43902.2021.00061
discarded,Efficient Mode Decision Schemes for HEVC Inter Prediction,Jarno Vanne; Marko Viitanen; Timo D. Hämäläinen,2014,IEEE Transactions on Circuits and Systems for Video Technology,10.1109/TCSVT.2014.2308453,https://ieeexplore.ieee.org/document/6748907/,off-topic-false-hit,"The emerging High Efficiency Video Coding (HEVC) standard reduces the bit rate by almost 40% over the preceding state-of-the-art Advanced Video Coding (AVC) standard with the same objective quality but at about 40% encoding complexity overhead. The main reason for HEVC complexity is inter prediction that accounts for 60%-70% of the whole encoding time. This paper analyzes the rate-distortion-complexity characteristics of the HEVC inter prediction as a function of different block partition structures and puts the analysis results into practice by developing optimized mode decision schemes for the HEVC encoder. The HEVC inter prediction involves three different partition modes: square motion partition, symmetric motion partition (SMP), and asymmetric motion partition (AMP) out of which the decision of SMPs and AMPs are optimized in this paper. The key optimization techniques behind the proposed schemes are: 1) a conditional evaluation of the SMP modes; 2) range limitations primarily in the SMP sizes and secondarily in the AMP sizes; and 3) a selection of the SMP and AMP ranges as a function of the quantization parameter. These three techniques can be seamlessly incorporated in the existing control structures of the HEVC reference encoder without limiting its potential parallelization, hardware acceleration, or speed-up with other existing encoder optimizations. Our experiments show that the proposed schemes are able to cut the average complexity of the HEVC reference encoder by 31%-51% at a cost of 0.2%-1.3% bit rate increase under the random access coding configuration. The respective values under the low-delay B coding configuration are 32%-50% and 0.3%-1.3%.",ieee,llm,1.000,unreviewed,,doi:10.1109/tcsvt.2014.2308453
