status,title,authors,year,venue,doi,url,tags,abstract,provider,decision_source,llm_confidence,llm_review_outcome,llm_change_direction,paper_id
discarded,Prevalence of Bad Smells in PL/SQL Projects,Francisco Gonçalves de Almeida Filho; Antônio Diogo Forte Martins; Tiago da Silva Vinuto; José Maria Monteiro; Ítalo Pereira de Sousa; Javam de Castro Machado; Lincoln Souza Rocha,2019,2019 IEEE/ACM 27th International Conference on Program Comprehension (ICPC),10.1109/ICPC.2019.00025,https://ieeexplore.ieee.org/document/8813267/,adjacent-subtopic,"Code Smell can be defined as any feature in the source code of a software that may indicate possible problems. In database languages, the term Bad Smell has been used as a generalization of Code Smell, once some features that are not directly related to code also can indicate problems, such as, for instance, the inappropriate type of an index structure or a SQL query written inefficiently. Bearing in mind the recurrence of different Bad Smell, they were catalogued. Along with these catalogs, tools were developed to automatically identify Bad Smell occurrences in a given code. With the help of these tools, it has become possible to perform quick and effective analysis. In this context, this paper proposes an exploratory study about Bad Smell in PL/SQL codes, from free software projects, published on GitHub. We analyzed 20 open-source PL/SQL projects and empirically study the prevalence of bad smells. Our results showed that some smells occur together. Besides, some smells are more frequent than others. Based on this principle, this paper has the potential to aid professionals from the databases area to avoid future problems during the development of a PL/SQL project.",ieee,llm,0.840,unreviewed,,doi:10.1109/icpc.2019.00025
discarded,Removal of Design Problems through Refactorings: Are We Looking at the Right Symptoms?,André Eposhi; Willian Oizumi; Alessandro Garcia; Leonardo Sousa; Roberto Oliveira; Anderson Oliveira,2019,2019 IEEE/ACM 27th International Conference on Program Comprehension (ICPC),10.1109/ICPC.2019.00032,https://ieeexplore.ieee.org/document/8813270/,adjacent-subtopic,"A design problem is the result of design decisions that negatively impact quality attributes. For example, a stakeholder introduces a design problem when he decides to addresses multiple unrelated responsibilities in a single class, impacting the modifiability and reusability of the system. Given their negative consequences, design problems should be identified and refactored. The literature still lacks evidence on which symptoms' characteristics can be used as strong indicators of design problems. For example, it is unknown if the density and diversity of certain symptoms (e.g., violations of object-oriented principles) are correlated with the occurrence of design problems. Thus, in this paper, we report a case study involving two C# systems. We evaluated the impact of refactoring, focused on removing design problems, on the density and diversity of symptoms. Results indicate that refactored classes usually present higher density and diversity of symptoms. However, the density and diversity of some symptoms, such as the violation of object-oriented principles, was not predominantly higher in refactored classes. Moreover, contrary to our expectations, refactorings caused almost no positive impact on the density and diversity of symptoms.",ieee,llm,0.830,unreviewed,,doi:10.1109/icpc.2019.00032
discarded,On the Equivalence of Information Retrieval Methods for Automated Traceability Link Recovery: A Ten-Year Retrospective,Rocco Oliveto; Malcom Gethers; Denys Poshyvanyk; Andrea De Lucia,2020,2020 IEEE/ACM 28th International Conference on Program Comprehension (ICPC),10.1145/3387904.3394491,https://ieeexplore.ieee.org/document/10186862/,off-topic-false-hit,"At ICPC 2010 we presented an empirical study to statistically analyze the equivalence of several traceability recovery methods based on Information Retrieval (IR) techniques [1]. We experimented the Vector Space Model (VSM) [2], Latent Semantic Indexing (LSI) [3], the Jensen-Shannon (JS) method [4], and Latent Dirichlet Allocation (LDA) [5]. Unlike previous empirical studies we did not compare the different IR based traceability recovery methods only using the usual precision and recall metrics. We introduced some metrics to analyze the overlap of the set of candidate links recovered by each method.We also based our analysis on Principal Component Analysis (PCA) to analyze the orthogonality of the experimented methods. The results showed that while the accuracy of LDA was lower than previously used methods, LDA was able to capture some information missed by the other exploited IR methods. Instead, JS, VSM, and LSI were almost equivalent. This paved the way to possible integration of IR based traceability recovery methods [6]. Our paper was one of the first papers experimenting LDA for traceability recovery. Also, the overlap metrics and PCA have been used later to compare and possibly integrate different recommendation approaches not only for traceability recovery, but also for other reverse engineering and software maintenance tasks, such as code smell detection, design pattern detection, and bug prediction.",ieee,llm,0.950,unreviewed,,doi:10.1145/3387904.3394491
discarded,Relevance Vector Machine for Code Smell Detection,Hanson Prihantoro Putro; Umi Laili Yuhana; Eko Mulyanto Yuniarno; Mauridhi Hery Purnomo,2024,2024 IEEE 22nd International Conference on Industrial Informatics (INDIN),10.1109/INDIN58382.2024.10774521,https://ieeexplore.ieee.org/document/10774521/,adjacent-subtopic,"Various approaches have been proposed to detect code smells, including machine learning models. However, there are still challenges to improving detection accuracy and selecting appropriate quality metrics. This research introduces the use of Relevance Vector Machine (RVM) for code smell detection, especially Magic Value smells, which often affect source code readability and maintainability in a software development industry. This approach utilizes source code analysis using two source code representations (raw source code and token stream) and feature extraction using two text mining techniques (Bag of Words/BoW and Term Frequency-Inverse Document Frequency/TF-IDF). The experiment involves analyzing 983 records of labeled source code datasets. The results show that RVM can detect code smells with a very high level of accuracy, reaching 99.9% on some kernel configurations, also nearly perfect precision, and F1 scores. This paper contributes to introducing the use of RVM for detecting code smells in source code, explores source code representation and feature extraction techniques, and shows that RVM can achieve high detection accuracy.",ieee,llm,0.850,unreviewed,,doi:10.1109/indin58382.2024.10774521
discarded,Feature Envy Detection with Deep Learning and Snapshot Ensemble,Minnan Zhang; Jingdong Jia,2022,2022 9th International Conference on Dependable Systems and Their Applications (DSA),10.1109/DSA56465.2022.00037,https://ieeexplore.ieee.org/document/9914414/,adjacent-subtopic,"Code Smell is a code symptom of deep-seated quality problems caused by design defects or improper coding habits in software. It may not directly affect the operation of program, but it affects the readability, understandability and maintainability of code. Therefore, the identification, location and reconstruction of code smell are becoming increasingly significant. Combined with the deep learning methods, based on the existing model for detecting Feature Envy, this paper optimizes it from three aspects: introducing the attention mechanism, expanding and modifying the model structure, and applying the snapshot ensemble. The experimental results show that compared with the standard results, the model proposed in this paper gets a better performance on four evaluation metrics: precision, recall, F1 measure and AUC. Based on the research results of this experiment, we can see the effectiveness of deep learning in the field of code smell detection and the prospect of theories in natural language processing to be utilized in code smell detection, which provides a practical cornerstone for the research of deep learning based smell detection methods in the future.",ieee,llm,0.850,unreviewed,,doi:10.1109/dsa56465.2022.00037
discarded,Application of Naïve Bayes classifiers for refactoring Prediction at the method level,Rasmita Panigrahi; Sanjay Kumar kuanar; Lov Kumar,2020,"2020 International Conference on Computer Science, Engineering and Applications (ICCSEA)",10.1109/ICCSEA49143.2020.9132849,https://ieeexplore.ieee.org/document/9132849/,adjacent-subtopic,"Software refactoring is a technique of redesigning the existing code without changing its functionality in order to improve on code readability, code adherence, maintainability and portability. Recent years have witnessed the advancement of research in the field of improvement in code quality. The challenges involved in the field has attracted many software practitioners to identify methods or classes that need refactoring. We propose a model to predict refactoring candidates by Naïve Bayes classifiers (Gaussian, Multinomial and Bernoulli (GNB, MNB, BNB)) at method level refactoring in terms of AUC and Accuracy. Method level refactoring is carried out on data set from the Tera-Promise repository and then validated. Min-max normalization and Imbalancing techniques are then applied. Then using the Wilcoxon rank test, 8 sets of significant features are drawn out of 103 sets of input features.The experimental results on the performance of 3 Naïve Bayes classifiers shows that the Bernoulli Naïve Bayes classifier gives more accuracy as compared to the other two classifiers. Statistical tests applied on all features (AF) and significant features (SF), shows that significant features gives more accurate prediction than all features.",ieee,llm,0.820,unreviewed,,doi:10.1109/iccsea49143.2020.9132849
discarded,Characterizing JavaScript Security Code Smells,Vikas Kambhampati; Nehaz Hussain Mohammed; Amin Milani Fard,2024,cs.CR,10.48550/arXiv.2411.19358,http://arxiv.org/abs/2411.19358v1,adjacent-subtopic,"JavaScript has been consistently among the most popular programming languages in the past decade. However, its dynamic, weakly-typed, and asynchronous nature can make it challenging to write maintainable code for developers without in-depth knowledge of the language. Consequently, many JavaScript applications tend to contain code smells that adversely influence program comprehension, maintenance, and debugging. Due to the widespread usage of JavaScript, code security is an important matter. While JavaScript code smells and detection techniques have been studied in the past, current work on security smells for JavaScript is scarce. Security code smells are coding patterns indicative of potential vulnerabilities or security weaknesses. Identifying security code smells can help developers to focus on areas where additional security measures may be needed. We present a set of 24 JavaScript security code smells, map them to a possible security awareness defined by Common Weakness Enumeration (CWE), explain possible refactoring, and explain our detection mechanism. We implement our security code smell detection on top of an existing open source tool that was proposed to detect general code smells in JavaScript.",arxiv,llm,0.830,unreviewed,,doi:10.48550/arxiv.2411.19358
discarded,Understanding Code Smell Detection via Code Review: A Study of the OpenStack Community,Xiaofeng Han; Amjed Tahir; Peng Liang; Steve Counsell; Yajing Luo,2021,cs.SE,10.48550/arXiv.2103.11446,http://arxiv.org/abs/2103.11446v1,adjacent-subtopic,"Code review plays an important role in software quality control. A typical review process would involve a careful check of a piece of code in an attempt to find defects and other quality issues/violations. One type of issues that may impact the quality of the software is code smells - i.e., bad programming practices that may lead to defects or maintenance issues. Yet, little is known about the extent to which code smells are identified during code reviews. To investigate the concept behind code smells identified in code reviews and what actions reviewers suggest and developers take in response to the identified smells, we conducted an empirical study of code smells in code reviews using the two most active OpenStack projects (Nova and Neutron). We manually checked 19,146 review comments obtained by keywords search and random selection, and got 1,190 smell-related reviews to study the causes of code smells and actions taken against the identified smells. Our analysis found that 1) code smells were not commonly identified in code reviews, 2) smells were usually caused by violation of coding conventions, 3) reviewers usually provided constructive feedback, including fixing (refactoring) recommendations to help developers remove smells, and 4) developers generally followed those recommendations and actioned the changes. Our results suggest that 1) developers should closely follow coding conventions in their projects to avoid introducing code smells, and 2) review-based detection of code smells is perceived to be a trustworthy approach by developers, mainly because reviews are context-sensitive (as reviewers are more aware of the context of the code given that they are part of the project's development team).",arxiv,llm,0.860,unreviewed,,doi:10.48550/arxiv.2103.11446
discarded,Code Smells in Elixir: Early Results from a Grey Literature Review,Lucas Francisco da Matta Vegi; Marco Tulio Valente,2022,cs.SE,10.1145/3524610.3527881,http://arxiv.org/abs/2203.08877v1,adjacent-subtopic,"Elixir is a new functional programming language whose popularity is rising in the industry. However, there are few works in the literature focused on studying the internal quality of systems implemented in this language. Particularly, to the best of our knowledge, there is currently no catalog of code smells for Elixir. Therefore, in this paper, through a grey literature review, we investigate whether Elixir developers discuss code smells. Our preliminary results indicate that 11 of the 22 traditional code smells cataloged by Fowler and Beck are discussed by Elixir developers. We also propose a list of 18 new smells specific for Elixir systems and investigate whether these smells are currently identified by Credo, a well-known static code analysis tool for Elixir. We conclude that only two traditional code smells and one Elixir-specific code smell are automatically detected by this tool. Thus, these early results represent an opportunity for extending tools such as Credo to detect code smells and then contribute to improving the internal quality of Elixir systems.",arxiv,llm,0.830,unreviewed,,doi:10.1145/3524610.3527881
discarded,An Eclipse Plugin to Support Code Smells Detection,Tiago Pessoa; Fernando Brito e Abreu; Miguel Pessoa Monteiro; Sergio Bryton,2012,cs.SE,10.48550/arXiv.1204.6492,http://arxiv.org/abs/1204.6492v1,adjacent-subtopic,"Eradication of code smells is often pointed out as a way to improve readability, extensibility and design in existing software. However, code smell detection in large systems remains time consuming and error-prone, partly due to the inherent subjectivity of the detection processes presently available. In view of mitigating the subjectivity problem, this paper presents a tool that automates a technique for the detection and assessment of code smells in Java source code, developed as an Eclipse plug-in. The technique is based upon a Binary Logistic Regression model and calibrated by expert's knowledge. A short overview of the technique is provided and the tool is described.",arxiv,llm,0.840,unreviewed,,doi:10.48550/arxiv.1204.6492
discarded,Copilot-in-the-Loop: Fixing Code Smells in Copilot-Generated Python Code using Copilot,Beiqi Zhang; Peng Liang; Qiong Feng; Yujia Fu; Zengyang Li,2024,cs.SE,10.48550/arXiv.2401.14176,http://arxiv.org/abs/2401.14176v2,adjacent-subtopic,"As one of the most popular dynamic languages, Python experiences a decrease in readability and maintainability when code smells are present. Recent advancements in Large Language Models have sparked growing interest in AI-enabled tools for both code generation and refactoring. GitHub Copilot is one such tool that has gained widespread usage. Copilot Chat, released in September 2023, functions as an interactive tool aimed at facilitating natural language-powered coding. However, limited attention has been given to understanding code smells in Copilot-generated Python code and Copilot Chat's ability to fix the code smells. To this end, we built a dataset comprising 102 code smells in Copilot-generated Python code. Our aim is to first explore the occurrence of code smells in Copilot-generated Python code and then evaluate the effectiveness of Copilot Chat in fixing these code smells employing different prompts. The results show that 8 out of 10 types of code smells can be detected in Copilot-generated Python code, among which Multiply-Nested Container is the most common one. For these code smells, Copilot Chat achieves a highest fixing rate of 87.1%, showing promise in fixing Python code smells generated by Copilot itself. In addition, the effectiveness of Copilot Chat in fixing these smells can be improved by providing more detailed prompts.",arxiv,llm,0.880,unreviewed,,doi:10.48550/arxiv.2401.14176
discarded,Measuring how changes in code readability attributes affect code quality evaluation by Large Language Models,Igor Regis da Silva Simoes; Elaine Venson,2025,cs.SE,10.5753/sbes.2025.9603,http://arxiv.org/abs/2507.05289v2,adjacent-subtopic,"Code readability is one of the main aspects of code quality, influenced by various properties like identifier names, comments, code structure, and adherence to standards. However, measuring this attribute poses challenges in both industry and academia. While static analysis tools assess attributes such as code smells and comment percentage, code reviews introduce an element of subjectivity. This paper explores using Large Language Models (LLMs) to evaluate code quality attributes related to its readability in a standardized, reproducible, and consistent manner. We conducted a quasi-experiment study to measure the effects of code changes on Large Language Model (LLM)s interpretation regarding its readability quality attribute. Nine LLMs were tested, undergoing three interventions: removing comments, replacing identifier names with obscure names, and refactoring to remove code smells. Each intervention involved 10 batch analyses per LLM, collecting data on response variability. We compared the results with a known reference model and tool. The results showed that all LLMs were sensitive to the interventions, with agreement with the reference classifier being high for the original and refactored code scenarios. The LLMs demonstrated a strong semantic sensitivity that the reference model did not fully capture. A thematic analysis of the LLMs reasoning confirmed their evaluations directly reflected the nature of each intervention. The models also exhibited response variability, with 9.37% to 14.58% of executions showing a standard deviation greater than zero, indicating response oscillation, though this did not always compromise the statistical significance of the results. LLMs demonstrated potential for evaluating semantic quality aspects, such as coherence between identifier names, comments, and documentation with code purpose.",arxiv,llm,0.900,unreviewed,,doi:10.5753/sbes.2025.9603
discarded,From Human to Machine Refactoring: Assessing GPT-4's Impact on Python Class Quality and Readability,Alessandro Midolo; Emiliano Tramontana; Massimiliano Di Penta,2026,cs.SE,10.48550/arXiv.2601.13139,http://arxiv.org/abs/2601.13139v1,adjacent-subtopic,"Refactoring is a software engineering practice that aims to improve code quality without altering program behavior. Although automated refactoring tools have been extensively studied, their practical applicability remains limited. Recent advances in Large Language Models (LLMs) have introduced new opportunities for automated code refactoring. The evaluation of such an LLM-driven approach, however, leaves unanswered questions about its effects on code quality. In this paper, we present a comprehensive empirical study on LLM-driven refactoring using GPT-4o, applied to 100 Python classes from the ClassEval benchmark. Unlike prior work, our study explores a wide range of class-level refactorings inspired by Fowler's catalog and evaluates their effects from three complementary perspectives: (i) behavioral correctness, verified through unit tests; (ii) code quality, assessed via Pylint, Flake8, and SonarCloud; and (iii) readability, measured using a state-of-the-art readability tool. Our findings show that GPT-4o generally produces behavior-preserving refactorings that reduce code smells and improve quality metrics, albeit at the cost of decreased readability. Our results provide new evidence on the capabilities and limitations of LLMs in automated software refactoring, highlighting directions for integrating LLMs into practical refactoring workflows.",arxiv,llm,0.860,unreviewed,,doi:10.48550/arxiv.2601.13139
