status,title,authors,year,venue,doi,url,tags,abstract,provider,decision_source,llm_confidence,llm_review_outcome,llm_change_direction,paper_id
discarded,Within-Project Defect Prediction of Infrastructure-as-Code Using Product and Process Metrics,Stefano Dalla Palma; Dario Di Nucci; Fabio Palomba; Damian A. Tamburri,2021,IEEE Transactions on Software Engineering,10.1109/tse.2021.3051492,https://openalex.org/W3118657661,adjacent-subtopic,"Infrastructure-as-code (IaC) is the DevOps practice enabling management and provisioning of infrastructure through the definition of machine-readable files, hereinafter referred to asIaC scripts. Similarly to other source code artefacts, these files may contain defects that can preclude their correct functioning. In this paper, we aim at assessing the role ofproductandprocessmetrics when predicting defective IaC scripts. We propose a fully integrated machine-learning framework for IaC Defect Prediction, that allows for repository crawling, metrics collection, model building, and evaluation. To evaluate it, we analyzed 104 projects and employed five machine-learning classifiers to compare their performance in flagging suspicious defective IaC scripts. The key results of the study reportRandom Forestas the best-performing model, with a median AUC-PR of 0.93 and MCC of 0.80. Furthermore, at least for the collected projects, product metrics identify defective IaC scripts more accurately than process metrics. Our findings put a baseline for investigating IaC Defect Prediction and the relationship between the product and process metrics, and IaC scripts’ quality.",openalex,llm,0.950,unreviewed,,doi:10.1109/tse.2021.3051492
kept,Improving Code: The (Mis) Perception of Quality Metrics,Jevgenija Pantiuchina; Michele Lanza; Gabriele Bavota,2018,,10.1109/icsme.2018.00017,https://openalex.org/W2901226836,qualifies-claim,"Code quality metrics are widely used to identify design flaws (e.g., code smells) as well as to act as fitness functions for refactoring recommenders. Both these applications imply a strong assumption: quality metrics are able to assess code quality as perceived by developers. Indeed, code smell detectors and refactoring recommenders should be able to identify design flaws/recommend refactorings that are meaningful from the developer's point-of-view. While such an assumption might look reasonable, there is limited empirical evidence supporting it. We aim at bridging this gap by empirically investigating whether quality metrics are able to capture code quality improvement as perceived by developers. While previous studies surveyed developers to investigate whether metrics align with their perception of code quality, we mine commits in which developers clearly state in the commit message their aim of improving one of four quality attributes: cohesion, coupling, code readability, and code complexity. Then, we use state-of-the-art metrics to assess the change brought by each of those commits to the specific quality attribute it targets. We found that, more often than not the considered quality metrics were not able to capture the quality improvement as perceived by developers (e.g., the developer states ""improved the cohesion of class C"", but no quality metric captures such an improvement).",openalex,llm,0.950,unreviewed,,doi:10.1109/icsme.2018.00017
discarded,Impact of Programming Features on Code Readability,Yahya Tashtoush; Zeinab Odat; Izzat Alsmadi; Maryan Yatim,2013,International Journal of Software Engineering and Its Applications,10.14257/ijseia.2013.7.6.38,https://openalex.org/W2170183092,adjacent-subtopic,"Readability is one important quality attributes for software source codes. Readability has also significant relation or impact with other quality attributes such as: reusability, maintainability, reliability, complexity, and portability metrics. This research develops a novel approach called Impact of Programming Features on Code Readability (IPFCR), to examine the influence of various programming features and the effect of these features on code readability. A code Readability Tool (CRT) is developed to evaluate the IPFCR readability features or attributes. In order to assess the level if impact that each one of the 25 proposed readability features may have, positively or negatively on the overall code readability, a survey was distributed to a random number of expert programmers. These experts evaluated the effect of each feature on code readability, based on their knowledge or experience. Expert programmers have evaluated readability features to be ordered then classified into positive and negative factors based on their impact on code readability or understanding. The survey responses were analyzed using SPSS statistical tool. Most of proposed code features showed to have significantly positive impact on enhancing readability including: meaningful names, consistency, and comments. On the other hand, fewer features such as arithmetic formulas, nested loops, and recursive functions showed to have a negative impact. Finally, few features showed to have neutral impact on readability.",openalex,llm,0.820,unreviewed,,doi:10.14257/ijseia.2013.7.6.38
discarded,Mind the Gap: A Readability-Aware Metric for Test Code Complexity.,Wendkûuni C. Ouédraogo; Yinghua Li; Xueqi Dang; Xin Zhou 0014; Anil Koyuncu; Jacques Klein; David Lo 0001; Tegawendé F. Bissyandé,2025,CoRR,10.48550/ARXIV.2506.06764,https://dblp.org/rec/journals/corr/abs-2506-06764,adjacent-subtopic,,dblp,llm,0.800,unreviewed,,doi:10.48550/arxiv.2506.06764
discarded,R2I: A Relative Readability Metric for Decompiled Code.,Haeun Eom; Dohee Kim; Sori Lim; Hyungjoon Koo; Sungjae Hwang,2024,Proc. ACM Softw. Eng.,10.1145/3643744,https://dblp.org/rec/journals/pacmse/EomKLKH24,adjacent-subtopic,,dblp,llm,0.730,unreviewed,,doi:10.1145/3643744
discarded,On the Importance and Shortcomings of Code Readability Metrics: A Case Study on Reactive Programming.,Gustaf Holst; Felix Dobslaw,2021,CoRR,,https://dblp.org/rec/journals/corr/abs-2110-15246,qualifies-claim,,dblp,llm,0.720,unreviewed,,hash:ee3951d3873a0e78
discarded,Code Readability Metric for PHP.,Cho Thet Mon; Su Su Hlaing; Mie Mie Tin; Mie Mie Khin; Tin Moh Moh Lwin; Khin Mar Myo,2019,GCCE,10.1109/GCCE46687.2019.9015229,https://dblp.org/rec/conf/gcce/MonHTKLM19,adjacent-subtopic,,dblp,llm,0.880,unreviewed,,doi:10.1109/gcce46687.2019.9015229
discarded,Learning a Metric for Code Readability.,Raymond P. L. Buse; Westley Weimer,2010,IEEE Trans. Software Eng.,10.1109/TSE.2009.70,https://dblp.org/rec/journals/tse/BuseW10,adjacent-subtopic,,dblp,llm,0.780,unreviewed,,doi:10.1109/tse.2009.70
discarded,Readability-Robust Code Summarization via Meta Curriculum Learning,Wenhao Zeng; Yitian Chai; Hao Zhou; Fandong Meng; Jie Zhou; Xiaodong Gu,2026,cs.SE,10.48550/arXiv.2601.05485,http://arxiv.org/abs/2601.05485v2,adjacent-subtopic,"Code summarization has emerged as a fundamental technique in the field of program comprehension. While code language models have shown significant advancements, the current models and benchmarks are confined to high-readability code, which contains sufficient semantic cues such as function and variable names. In the real world, however, code is often poorly structured or obfuscated, significantly degrading model performance. In this paper, we first empirically evaluate the robustness of state-of-the-art language models on poor-readability code for the task of code summarization, focusing on (1) their effectiveness, (2) the impact of prompt engineering, and (3) the robustness of different variants. Experimental results reveal that state-of-the-art models-including GPT-4o and DeepSeek-V3 experience a substantial performance drop when faced with poorly readable code, and that prompt engineering and reasoning-enhanced models offer limited improvements. Motivated by these findings, we propose RoFTCodeSum, a novel fine-tuning method that enhances the robustness of code summarization against poorly readable code. RoFTCodeSum marries the concepts of curriculum learning and meta-learning: based on the original dataset for fine-tuning, it creates curricular training sets, e.g., obfuscating function names and identifiers from the code, respectively, that have progressive difficulty in code comprehension. In each training step, the approach meta-updates the gradients using these progressively challenging datasets, thereby optimizing both accuracy and readability robustness simultaneously. Experimental results demonstrate that RoFTCodeSum exhibits increased robustness against semantic perturbation while enhancing performance on the original code.",arxiv,llm,0.960,unreviewed,,doi:10.48550/arxiv.2601.05485
discarded,Evaluating the Evaluators: Are readability metrics good measures of readability?,Isabel Cachola; Daniel Khashabi; Mark Dredze,2025,cs.CL,10.48550/arXiv.2508.19221,http://arxiv.org/abs/2508.19221v1,off-topic-false-hit,"Plain Language Summarization (PLS) aims to distill complex documents into accessible summaries for non-expert audiences. In this paper, we conduct a thorough survey of PLS literature, and identify that the current standard practice for readability evaluation is to use traditional readability metrics, such as Flesch-Kincaid Grade Level (FKGL). However, despite proven utility in other fields, these metrics have not been compared to human readability judgments in PLS. We evaluate 8 readability metrics and show that most correlate poorly with human judgments, including the most popular metric, FKGL. We then show that Language Models (LMs) are better judges of readability, with the best-performing model achieving a Pearson correlation of 0.56 with human judgments. Extending our analysis to PLS datasets, which contain summaries aimed at non-expert audiences, we find that LMs better capture deeper measures of readability, such as required background knowledge, and lead to different conclusions than the traditional metrics. Based on these findings, we offer recommendations for best practices in the evaluation of plain language summaries. We release our analysis code and survey data.",arxiv,llm,0.990,unreviewed,,doi:10.48550/arxiv.2508.19221
discarded,LLM Agent-Assisted Reverse Engineering with Quantitative Readability Metrics,Neil Archibald; Ruben Thijssen,2026,cs.SE,10.48550/arXiv.2606.06838,http://arxiv.org/abs/2606.06838v1,adjacent-subtopic,"Automatic decompilers produce functionally correct but often unreadable C code. This paper addresses one stage of the reverse engineering workflow: improving the readability of decompiled code using LLM agents guided by quantitative metrics.
  We present a three-phase research evolution. Phase 1 (tool-driven steering via Ghidra MCP) suffered from incomplete coverage and inconsistent improvements due to lack of quantitative guidance. Phase 2 (structural similarity validation alone) revealed that agents optimize for metrics in unintended ways, producing structurally equivalent but less readable code. Our contribution is the Quantitative Readability Score (QRS) framework, a composite metric combining a structural similarity gate with three independent readability sub-metrics (Lexical Surprisal, Structural Simplicity, and Idiomatic Quality).
  We demonstrate that QRS-guided refinement enables LLM agents to make targeted readability improvements without sacrificing correctness. We provide a discussion of the broader reverse engineering workflow (binary lifting, decompilation cleanup, and achieving functional equivalence) as context, however, it remains out of scope.",arxiv,llm,0.970,unreviewed,,doi:10.48550/arxiv.2606.06838
discarded,PyTorch Metric Learning,Kevin Musgrave; Serge Belongie; Ser-Nam Lim,2020,cs.CV,10.48550/arXiv.2008.09164,http://arxiv.org/abs/2008.09164v1,off-topic-false-hit,"Deep metric learning algorithms have a wide variety of applications, but implementing these algorithms can be tedious and time consuming. PyTorch Metric Learning is an open source library that aims to remove this barrier for both researchers and practitioners. The modular and flexible design allows users to easily try out different combinations of algorithms in their existing code. It also comes with complete train/test workflows, for users who want results fast. Code and documentation is available at https://www.github.com/KevinMusgrave/pytorch-metric-learning.",arxiv,llm,0.990,unreviewed,,doi:10.48550/arxiv.2008.09164
discarded,Weighted-Hamming Metric for Parallel Channels,Sebastian Bitzer; Alberto Ravagnani; Violetta Weger,2024,cs.IT,10.48550/arXiv.2401.17801,http://arxiv.org/abs/2401.17801v2,off-topic-false-hit,"Independent parallel q-ary symmetric channels are a suitable transmission model for several applications. The proposed weighted-Hamming metric is tailored to this setting and enables optimal decoding performance. We show that some weighted-Hamming-metric codes exhibit the unusual property that all errors beyond half the minimum distance can be corrected. Nevertheless, a tight relation between the error-correction capability of a code and its minimum distance can be established. Generalizing their Hamming-metric counterparts, upper and lower bounds on the cardinality of a code with a given weighted-Hamming distance are obtained. Finally, we propose a simple code construction with optimal minimum distance for specific parameters.",arxiv,llm,0.990,unreviewed,,doi:10.48550/arxiv.2401.17801
discarded,Coarse metric and uniform metric,Chi-Keung Ng,2020,math.MG,10.48550/arXiv.2012.07298,http://arxiv.org/abs/2012.07298v1,off-topic-false-hit,"We introduce the notion of coarse metric. Every coarse metric induces a coarse structure on the underlying set. Conversely, we observe that all coarse spaces come from a particular type of coarse metric in a unique way. In the case when the coarse structure $\mathcal{E}$ on a set $X$ is defined by a coarse metric that takes values in a meet-complete totally ordered set, we define the associated Hausdorff coarse metric on the set $\mathcal{P}_0(X)$ of non-empty subsets of $X$ and show that it induces the Hausdorff coarse structure on $\mathcal{P}_0(X)$.
  On the other hand, we define the notion of pseudo uniform metric. Each pseudo uniform metric induces a uniform structure on the underlying space. In the reverse direction, we show that a uniform structure $\mathcal{U}$ on a set $X$ is induced by a map $d$ from $X\times X$ to a partially ordered set (with no requirement on $d$) if and only if $\mathcal{U}$ admits a base $\mathcal{B}$ such that $\mathcal{B}\cup \{\bigcap \mathcal{U}\}$ is closed under arbitrary intersections. In this case, $\mathcal{U}$ is actually defined by a pseudo uniform metric. We also show that a uniform structures $\mathcal{U}$ comes from a pseudo uniform metric that takes values in a totally ordered set if and only if $\mathcal{U}$ admits a totally ordered base.
  Finally, a valuation ring will produce an example of a coarse and pseudo uniform metric that take values in a totally ordered set.",arxiv,llm,0.990,unreviewed,,doi:10.48550/arxiv.2012.07298
discarded,An isometric extensor of metrics,Yoshito Ishiki,2024,math.MG,10.48550/arXiv.2407.03030,http://arxiv.org/abs/2407.03030v4,off-topic-false-hit,"In this paper, for a metrizable space $Z$, we consider the space of metrics that generate the same topology of $Z$, and that space of metrics is equipped with the supremum metrics. For a metrizable space $X$ and a closed subset $A$ of it, we construct a map $E$ from the space of metrics on $A$ into the space of metrics on $X$ such that $E$ is an extension of metrics and preserves the supremum metrics between metrics.",arxiv,llm,0.990,unreviewed,,doi:10.48550/arxiv.2407.03030
discarded,Spectral calculus and Lipschitz extension for barycentric metric spaces,Manor Mendel; Assaf Naor,2013,math.MG,10.2478/agms-2013-0003,http://arxiv.org/abs/1301.3963v2,off-topic-false-hit,"The metric Markov cotype of barycentric metric spaces is computed, yielding the first class of metric spaces that are not Banach spaces for which this bi-Lipschitz invariant is understood. It is shown that this leads to new nonlinear spectral calculus inequalities, as well as a unified framework for Lipschitz extension, including new Lipschitz extension results for CAT(0) targets. An example that elucidates the relation between metric Markov cotype and Rademacher cotype is analyzed, showing that a classical Lipschitz extension theorem of Johnson, Lindenstrauss and Benyamini is asymptotically sharp.",arxiv,llm,0.990,unreviewed,,doi:10.2478/agms-2013-0003
discarded,A Unified Framework for Generalizing the Gromov-Hausdorff Metric,Ali Khezeli,2018,math.MG,10.1214/20-PS340,http://arxiv.org/abs/1812.03760v5,off-topic-false-hit,"In this paper, an approach for generalizing the Gromov-Hausdorff metric is presented, which applies to metric spaces equipped with some additional structure. A special case is the Gromov-Hausdorff-Prokhorov metric between measured metric spaces. This abstract framework unifies several existing Gromov-Hausdorff-type metrics for metric spaces equipped with a measure, a point, a closed subset, a curve, a tuple of such structures, etc. Along with reviewing these special cases in the literature, several new examples are also presented. Two frameworks are provided, one for compact metric spaces and the other for boundedly-compact pointed metric spaces. In both cases, a Gromov-Hausdorff-type metric is defined and its topological properties are studied. In particular, completeness and separability is proved under some conditions. This enables one to study random metric spaces equipped with additional structures, which is the main motivation of this work.",arxiv,llm,0.990,unreviewed,,doi:10.1214/20-ps340
discarded,On Decoding High-Order Interleaved Sum-Rank-Metric Codes,Thomas Jerkovits; Felicitas Hörmann; Hannes Bartz,2023,cs.IT,10.1007/978-3-031-29689-5,http://arxiv.org/abs/2303.17454v1,off-topic-false-hit,"We consider decoding of vertically homogeneous interleaved sum-rank-metric codes with high interleaving order $s$, that are constructed by stacking $s$ codewords of a single constituent code.
  We propose a Metzner--Kapturowski-like decoding algorithm that can correct errors of sum-rank weight $t <= d-2$, where $d$ is the minimum distance of the code, if the interleaving order $s > t$ and the error matrix fulfills a certain rank condition.
  The proposed decoding algorithm generalizes the Metzner--Kapturowski(-like) decoders in the Hamming metric and the rank metric and has a computational complexity of $\tilde{O}(\max(n^3, n^2 s))$ operations in $\mathbb{F}_{q^m}$, where $n$ is the length of the code.
  The scheme performs linear-algebraic operations only and thus works for any interleaved linear sum-rank-metric code.
  We show how the decoder can be used to decode high-order interleaved codes in the skew metric.
  Apart from error control, the proposed decoder allows to determine the security level of code-based cryptosystems based on interleaved sum-rank metric codes.",arxiv,llm,0.990,unreviewed,,doi:10.1007/978-3-031-29689-5
discarded,Characterizations of metric trees and Gromov hyperbolic spaces,Stefan Wenger,2006,math.MG,10.48550/arXiv.math/0603539,http://arxiv.org/abs/math/0603539v2,off-topic-false-hit,"  In a recent paper Chatterji and Niblo proved that a geodesic metric space is Gromov hyperbolic if and only if the intersection of any two closed balls has uniformly bounded eccentricity. In their paper, the authors raise the question whether a geodesic metric space with the property that the intersection of any two closed balls has eccentricity 0, is necessarily a real tree. The purpose of this note is to answer this question affirmatively. We also partially improve the main result of Chatterji and Niblo by showing that already sublinear eccentricity implies Gromov hyperbolicity.",arxiv,llm,0.990,unreviewed,,doi:10.48550/arxiv.math/0603539
discarded,Readability Reconsidered: A Cross-Dataset Analysis of Reference-Free Metrics,Catarina G Belem; Parker Glenn; Alfy Samuel; Anoop Kumar; Daben Liu,2025,cs.CL,10.48550/arXiv.2510.15345,http://arxiv.org/abs/2510.15345v1,off-topic-false-hit,"Automatic readability assessment plays a key role in ensuring effective and accessible written communication. Despite significant progress, the field is hindered by inconsistent definitions of readability and measurements that rely on surface-level text properties. In this work, we investigate the factors shaping human perceptions of readability through the analysis of 897 judgments, finding that, beyond surface-level cues, information content and topic strongly shape text comprehensibility. Furthermore, we evaluate 15 popular readability metrics across five English datasets, contrasting them with six more nuanced, model-based metrics. Our results show that four model-based metrics consistently place among the top four in rank correlations with human judgments, while the best performing traditional metric achieves an average rank of 8.6. These findings highlight a mismatch between current readability metrics and human perceptions, pointing to model-based approaches as a more promising direction.",arxiv,llm,0.990,unreviewed,,doi:10.48550/arxiv.2510.15345
