status,title,authors,year,venue,doi,url,tags,abstract,provider,decision_source,llm_confidence,llm_review_outcome,llm_change_direction,paper_id
discarded,Investigating the mechanical properties of zona pellucida of whole human oocytes by atomic force spectroscopy,Laura Andolfi; Elena Masiero; Elena Giolo; Monica Martinelli; Stefania Luppi; Simone Dal Zilio; Ines Delfino; Roberta Bortul; Marina Zweyer; Giuseppe Ricci; Marco Lazzarino,2016,Integrative Biology,10.1039/c6ib00044d,https://openalex.org/W2486083138,off-topic-false-hit,"The role of mechanics in numerous biological processes is nowadays recognized, while in others, such as the fertilization process, it is still neglected. In the case of oocytes the description of their mechanical properties could improve the comprehension of the oocyte-spermatozoon interaction and be helpful for application in in vitro fertilization (IVF) clinics. Herein the mechanical properties of whole human oocytes (HOs) immediately after retrieval are investigated by indentation measurements with atomic force spectroscopy under physiological conditions. Measurements are performed on immature (metaphase I - MI) and mature (metaphase II - MII) HOs. According to their morphological characteristics MII-HOs are classified as ""suitable"" and ""rejected""; these latter would be usually rejected for intracytoplasmic sperm injection (ICSI). For all maturation stages we observe that the elastic response of the zona pellucida (ZP) outer layer was different and distinguishable from the rest of the ZP-HO. The elasticity of this ZP outer layer varies with maturation and quality: stiffness decreases from immature MI to good quality MII, up to poor-quality rejected MII. An indirect analysis with IVF outcome indicates that the ZP outer layer of analysed HOs donated by women who achieved pregnancy is stiffer than that of HOs from women with negative outcome. Our findings suggest that mechanical properties can represent important oocyte quality indicators that may be exploited for the design of innovative ICSI dedicated cell sorters.",openalex,llm,0.990,unreviewed,,doi:10.1039/c6ib00044d
kept,Eye tracking analysis of computer program comprehension in programmers with dyslexia,Ian McChesney; Raymond Bond,2018,Empirical Software Engineering,10.1007/s10664-018-9649-y,https://openalex.org/W2890602480,qualifies-claim,"This paper investigates the impact of dyslexia on the reading and comprehension of computer program code. Drawing upon work from the fields of program comprehension, eye tracking, dyslexia, models of reading and dyslexia gaze behaviour, a set of hypotheses is developed with which to investigate potential differences in the gaze behaviour of programmers with dyslexia compared to typical programmers. The hypotheses posit that, in general terms, programmers with dyslexia will show gaze behaviour of longer duration and a greater number of fixations on program features than typical programmers. An experiment is described in which 28 programmers (14 with dyslexia, 14 without dyslexia) were asked to read and explain three simple computer programs. Eye tracking technology is used to capture the gaze behaviour of the programmers. Data analysis suggests that the code reading behaviour of programmers with dyslexia is not what would be expected based on the dyslexia literature relating to natural text. In conjunction with further exploratory analysis, observations are made in relation to spatial differences in how programmers with dyslexia read and scan code. The results show that the gaze behaviour of programmers with dyslexia requires further study to understand effects such as code layout, identifier naming and line length. A possible impact on dyslexia gaze behaviour is from the visual crowding of features in program code which might cause certain program features to receive less attention during a program comprehension task.",openalex,llm,0.860,unreviewed,,doi:10.1007/s10664-018-9649-y
discarded,An experiment using memorization/reconstruction as a measure of programmer ability,Tom Di Persio; Dan Isbister; Ben Shneiderman,1980,International Journal of Man-Machine Studies,10.1016/s0020-7373(80)80047-2,https://openalex.org/W2024165124,off-topic-false-hit,,openalex,llm,0.780,unreviewed,,doi:10.1016/s0020-7373(80)80047-2
kept,Indentation: A Simple Matter of Style or Support for Program Comprehension?,Jennifer Bauer; Johannes C. Hofmeister; Janet Siegmund; Sven Apel,2018,Softwaretechnik-Trends,,https://dblp.org/rec/journals/stt/BauerHSA18,supports-claim,,dblp,llm,0.840,unreviewed,,hash:c639d6012ebed7a3
kept,The Effect of Indentation on Program Comprehension.,Thomas E. Kesler; Randy B. Uram; Ferial Magareh-Abed; Ann Fritzsche; Carl Amport; Hubert E. Dunsmore,1984,Int. J. Man Mach. Stud.,10.1016/S0020-7373(84)80068-1,https://dblp.org/rec/journals/ijmms/KeslerUMFAD84,supports-claim,,dblp,llm,0.910,unreviewed,,doi:10.1016/s0020-7373(84)80068-1
kept,"Indentation, documentation and programmer comprehension.",Anthony F. Norcio,1982,CHI,10.1145/800049.801766,https://dblp.org/rec/conf/chi/Norcio82,supports-claim,,dblp,llm,0.830,unreviewed,,doi:10.1145/800049.801766
discarded,Impact of Indentation in Programming,Niranjan Kumar Parvatham,2013,cs.PL,10.5121/ijpla.2013.3403,http://arxiv.org/abs/1311.3130v1,adjacent-subtopic,"In computer programming languages, indentation formats program source code to improve readability. Programming languages make use of indentation to define program structure .Programmers use indentation to understand the structure of their programs to human readers. Especially, indentation is the better way to represent the relationship between control flow constructs such as selection statements or loops and code contained within and outside them. This paper describes about different indentation styles used in Programming and also describes context of each indentation style. It also describes indentation styles used for various programming constructs and the best practice for a particular programming construct. This paper helps the beginners to understand various indentation styles used in programming and also to choose suitable indentation style.",arxiv,llm,0.970,unreviewed,,doi:10.5121/ijpla.2013.3403
discarded,Nonlinear Indentation of Second-order Hyperelastic Materials,Yangkun Du; Peter Stewart; Nicholas A Hill; Huabing Yin; Raimondo Penta; Jakub Kory; Xiaoyu Luo; Raymond Ogden,2022,cond-mat.soft,10.1016/j.jmps.2022.105139,http://arxiv.org/abs/2209.05646v1,off-topic-false-hit,"The classical problem of indentation on an elastic substrate has found new applications in the field of the Atomic Force Microscopy. However, linearly elastic indentation models are not sufficiently accurate to predict the force-displacement relationship at large indentation depths. For hyperelastic materials, such as soft polymers and biomaterials, a nonlinear indentation model is needed. In this paper, we use second-order elasticity theory to capture larger amplitude deformations and material nonlinearity. We provide a general solution for the contact problem for deformations that are second-order in indentation amplitude with arbitrary indenter profiles. Moreover, we derive analytical solutions by using either parabolic or quartic surfaces to mimic a spherical indenter. The analytical prediction for a quartic surface agrees well with finite element simulations using a spherical indenter for indentation depths on the order of the indenter radius. In particular, the relative error between the two approaches is less than 1% for an indentation depth equal to the indenter radius, an order of magnitude less than that observed with models which are either first-order in indentation amplitude or those which are second-order in indentation amplitude but with a parabolic indenter profile.",arxiv,llm,0.990,unreviewed,,doi:10.1016/j.jmps.2022.105139
discarded,Axisymmetric Indentation of Curved Elastic Membranes by a Convex Rigid Indenter,Simon P Pearce; John R King; Michael J Holdsworth,2016,cond-mat.soft,10.1016/j.ijnonlinmec.2011.04.030,http://arxiv.org/abs/1604.00168v1,off-topic-false-hit,"Motivated by applications to seed germination, we consider the transverse deflection that results from the axisymmetric indentation of an elastic membrane by a rigid body. The elastic membrane is fixed around its boundary, with or without an initial pre-stretch, and may be initially curved prior to indentation. General indenter shapes are considered, and the load-indentation curves that result for a range of spheroidal tips are obtained for both flat and curved membranes. Wrinkling may occur when the membrane is initially curved, and a relaxed strain-energy function is used to calculate the deformed profile in this case. Applications to experiments designed to measure the mechanical properties of seed endosperms are discussed.",arxiv,llm,0.990,unreviewed,,doi:10.1016/j.ijnonlinmec.2011.04.030
discarded,Rebound indentation problem for a viscoelastic half-space and axisymmetric indenter - Solution by the method of dimensionality reduction,Ivan I. Argatov; Valentin L. Popov,2015,cond-mat.mtrl-sci,10.48550/arXiv.1508.04237,http://arxiv.org/abs/1508.04237v1,off-topic-false-hit,"The method of dimensionality reduction (MDR) is extended for the axisymmetric frictionless unilateral Hertz-type contact problem for a viscoelastic half-space and an arbitrary axisymmetric rigid indenter under the assumption that an arbitrarily evolving in time circular contact area remains singly connected during the whole process of indentation. In particular, the MDR is applied to study in detail the so-called rebound indentation problem, where the contact radius has a single maximum. It is shown that the obtained closed-form analytical solution for the rebound indentation displacement (recorded in the recovery phase, when the contact force vanishes) does not depend on the indenter shape.",arxiv,llm,0.990,unreviewed,,doi:10.48550/arxiv.1508.04237
discarded,A coupled approach to predict cone-cracks in spherical indentation tests with smooth or rough indenters,Maria Rosaria Marulli; Jacopo Bonari; Josè Reinoso; Marco Paggi,2023,cond-mat.mtrl-sci,10.1016/j.jmps.2023.105345,http://arxiv.org/abs/2306.13539v1,off-topic-false-hit,"Indentation tests are largely exploited in experiments to characterize the mechanical and fracture properties of the materials from the resulting crack patterns. This work proposes an efficient theoretical and computational framework, whose implementation is detailed for 2D axisymmetric and 3D geometries, to simulate indentation-induced cracking phenomena caused by non-conforming contacts with indenter profiles of arbitrary shape. The formulation hinges on the coupling of the MPJR (eMbedded Profile for Joint Roughness) interface finite elements which embed the indenter profile to solve the contact problem between non-planar bodies efficiently and the phase-field for brittle fracture to simulate crack evolution and nonlocal damage in the substrate. The novel framework is applied to predict cone-crack formation in the case of indentation tests with smooth spherical indenters, with validation against experimental data. Then, the methodology is employed for the very first time in the literature to assess the effect of surface roughness superimposed on the shape of the smooth spherical indenter. In terms of physical insights, numerical predictions quantify the dependencies of the critical load for crack nucleation and the crack radius on the amplitude of roughness in comparison with the behavior of smooth indenters. Again, the consistency with available experimental trends is noticed.",arxiv,llm,0.990,unreviewed,,doi:10.1016/j.jmps.2023.105345
discarded,Calculation of currents around a triangular indentation by the hodograph method,Jonathan I. Avila; Benoit Vanderheyden; Alejandro V. Silhanek; Sorin Melinte,2018,cond-mat.supr-con,10.48550/arXiv.1812.10798,http://arxiv.org/abs/1812.10798v2,off-topic-false-hit,"Border indentations in non-linear conductors, such as superconducting thin films in the creep regime, alter the distribution of currents and magnetic fields near and far from the indentation. One of such disturbances are the discontinuity lines, or \textit{d}-lines, a parabolic-like line originating from the indentation where the current density direction changes abruptly. Hodograph series results are obtained for the currents around a triangular indentation and its corresponding $d$-lines in a conducting stripe of finite width and in an infinite half plane, considering two cases: uniform creep exponent and mixed infinite and ohmic exponents. The mixed creep exponent case presents currents distributions resembling the purely ohmic case, with significant current disturbances only near the indentation. For uniform creep exponent, results similar to a planar indentation are obtained, with far ranged currents features and parabolic-like $d$-lines with shapes depending on the creep exponent. In particular, the same $d$-line asymptotic behaviour is obtained for the triangle indentation as that of the planar defect in the critical state, a result obtained here just on continuity considerations of the hodograph expansions. This equivalence is due to identical contributions to the Fourier series of the current stream-function in the hodograph space, obtained from an images method expansion.",arxiv,llm,0.990,unreviewed,,doi:10.48550/arxiv.1812.10798
discarded,Hyperelastic characterization via deep indentation,Mohammad Shojaeifard; Mattia Bacca,2025,cond-mat.soft,10.48550/arXiv.2506.05371,http://arxiv.org/abs/2506.05371v2,off-topic-false-hit,"Hyperelastic material characterization is crucial for understanding the behavior of soft materials -- such as tissues, rubbers, hydrogels, and polymers -- under quasi-static loading before failure. Traditional methods typically rely on uniaxial tensile tests, which require the cumbersome preparation of dumbbell-shaped samples for clamping in a uniaxial testing machine. In contrast, indentation-based methods, which can be conducted \textit{in-situ} without sample preparation, have been underexplored. To characterize the hyperelastic behavior of soft materials, deep indentation is required, where the material response extends beyond linear elasticity. In this study, we perform finite element analysis to link the force ($F$) versus indentation depth ($D$) curve with the hyperelastic behavior of a soft incompressible material, using a one-term Ogden model for simplicity. We identify three indentation regimes based on the ratio between indentation depth and the radius ($R$) of the spherical-tipped cylindrical indenter: the Hertzian regime ($D < 0.1R$), where $F = \frac{16}{9} E R^{0.5} D^{1.5}$; the parabolic regime ($D > 10R$), where $F = E D^2 β$ and the indenter radius becomes irrelevant; and an intermediate regime ($0.1R < D < 10R$) bridging the two extremes. We find that the Ogden strain-stiffening coefficient ($α$) increases the parabolic indentation coefficient ($β$), allowing for the estimation of $α$ from $β$. Furthermore, we observe that Coulomb friction increases $β$, potentially masking the effect of strain-stiffening for small $α$. However, for $α> 3$, friction has a negligible effect. Finally, our results show good agreement with experimental data, demonstrating that deep indentation can be an effective method for extracting hyperelastic properties from soft materials through \textit{in-situ} testing.",arxiv,llm,0.990,unreviewed,,doi:10.48550/arxiv.2506.05371
discarded,Indentation of concave power law profiles with arbitrary exponents,Valentin L. Popov; Markus Heß; Emanuel Willert; Qiang Li,2018,cond-mat.soft,10.48550/arXiv.1806.05872,http://arxiv.org/abs/1806.05872v1,off-topic-false-hit,"We study analytically and numerically the process of indentation of cylindrical rigid indenter with concave face in form of a power-law function. In the well-known case of a parabolic concave indenter, the contact starts at sharp edges of the indenter and spreads inwards with increasing indentation depth. For all profiles with the exponent larger than 2, the contact area first spreads from the boarder inwards, but then a contact is established in the center of the indenter. Finally, the outer ring spreads inwards and the central contact area outwards until the complete contact is achieved. The critical indentation depth for the full contact is calculated ones proceeding from the full contact and looking for the condition of vanishing pressure and also proceeding from incomplete contact (in this case numerically, using Boundary Element Method). The results of both approaches coincide.",arxiv,llm,0.990,unreviewed,,doi:10.48550/arxiv.1806.05872
discarded,Computational Indentation in Highly Cross-linked Polymer Networks,Manoj Kumar Maurya; Céline Ruscher; Debashish Mukherji; Manjesh Kumar Singh,2022,cond-mat.soft,10.1103/PhysRevE.106.014501,http://arxiv.org/abs/2202.04065v2,off-topic-false-hit,"Indentation is a common experimental technique to study the mechanics of polymeric materials. The main advantage of using indentation is because this provides a direct correlation between the microstructure and the small-scale mechanical response, which is otherwise difficult within the standard tensile testing. Here, majority of studies have investigated hydrogels, microgels and/or elastomers. However, a lesser investigated system is the indentation in highly cross-linked polymer (HCP) networks, where the complex network structure plays a key role in dictating their physical properties. In this work, we investigate the structure-property relationship in HCP networks using the computational indentation of a generic model. We establish a correlation between the local bond breaking, the network rearrangement, and the small-scale mechanics. The results are compared with the elastic-plastic deformation model. HCPs harden upon indentation.",arxiv,llm,0.990,unreviewed,,doi:10.1103/physreve.106.014501
discarded,Indentation of ultrathin elastic films and the emergence of asymptotic isometry,Dominic Vella; Jiangshui Huang; Narayanan Menon; Thomas P. Russell; Benny Davidovitch,2014,cond-mat.soft,10.1103/PhysRevLett.114.014301,http://arxiv.org/abs/1410.2795v2,off-topic-false-hit,"We study the indentation of a thin elastic film floating at the surface of a liquid. We focus on the onset of radial wrinkles at a threshold indentation depth and the evolution of the wrinkle pattern as indentation progresses far beyond this threshold. Comparison between experiments on thin polymer films and theoretical calculations shows that the system very quickly reaches the Far from Threshold (FT) regime, in which wrinkles lead to the relaxation of azimuthal compression. Furthermore, when the indentation depth is sufficiently large that the wrinkles cover most of the film, we recognize a novel mechanical response in which the work of indentation is transmitted almost solely to the liquid, rather than to the floating film. We attribute this unique response to a nontrivial isometry attained by the deformed film, and discuss the scaling laws and the relevance of similar isometries to other systems in which a confined sheet is subjected to weak tensile loads.",arxiv,llm,0.990,unreviewed,,doi:10.1103/physrevlett.114.014301
discarded,"Indentation, elasticity and surface tension",Christophe Fond,2019,physics.class-ph,10.48550/arXiv.1904.02155,http://arxiv.org/abs/1904.02155v1,off-topic-false-hit,"The classical models of Hertz, Sneddon and Boussinesq provide solutions for problems of indentation of a semi-infinite elastic massif by a sphere, a sphere or a cone and a flat punch. Although these models have been widely tested, it appears that at small scales and for flexible materials, surface tension can contribute to considerably to the mechanical response to indentation. The scales are typically those of the less than one micron for an elastomer and less than one millimetre for a gel. The exploitation of certain experimental results of microscopy or nanoindentation remain approximate due to the absence of models incorporating the effect of surface tension.",arxiv,llm,0.990,unreviewed,,doi:10.48550/arxiv.1904.02155
