status,title,authors,year,venue,doi,url,tags,abstract,provider,decision_source,llm_confidence,llm_review_outcome,llm_change_direction,paper_id
discarded,The effect of peer collaboration on children's problem‐solving ability,Lillian M. Fawcett; Alison F. Garton,2005,British Journal of Educational Psychology,10.1348/000709904x23411,https://openalex.org/W2106966265,off-topic-false-hit,"BACKGROUND: A Vygotskian framework links cognitive change to collaborative interaction with a more competent partner whereas a Piagetian perspective supports the view that cognitive conflict arising from peer interaction leads to cognitive change. AIMS: The study investigated the effect of collaborative learning on children's problem-solving ability and whether differences in knowledge status or the use of explanatory language were contributing factors. SAMPLE: Participants were 100 Year 2 children (aged between 6 and 7 years), from schools in high socio-economic areas, who individually completed a pre- and post-test comprising a block sorting task. METHOD: During the experimental phase, children completed a card sorting activity, either individually or in same-gender dyads. The dyads consisted of same or different ability children who operated under either a 'talk' or 'no-talk' condition. RESULTS: It was found that children who collaborated collectively obtained a significantly higher number of correct sorts than children who worked individually. However, post-testing indicated that only those children of lower sorting ability who collaborated with higher sorting ability peers showed a significant improvement in sorting ability from pre-test scores. In addition, it was found that when analysis was limited to this particular group, only those children who were required to explain the sort for their partner to carry out improved significantly from pre- to post-test. CONCLUSION: It is suggested that perhaps the two theoretical positions are not as mutually exclusive as they are often portrayed. Implications of these findings for teachers and children's learning are also discussed.",openalex,llm,0.990,unreviewed,,doi:10.1348/000709904x23411
discarded,Multi-objective crashworthiness optimization of tapered thin-walled square tubes with indentations,A. Asanjarani; Seyed Houssain Dibajian; Amir Mahdian,2017,Thin-Walled Structures,10.1016/j.tws.2017.03.015,https://openalex.org/W2597354599,off-topic-false-hit,,openalex,llm,1.000,unreviewed,,doi:10.1016/j.tws.2017.03.015
discarded,Studying the effect of AI Code Generators on Supporting Novice Learners in Introductory Programming,Majeed Kazemitabaar; Justin Chow; Carl Ka To; Barbara Ericson; David Weintrop; Tovi Grossman,2023,,10.1145/3544548.3580919,https://openalex.org/W4321162272,off-topic-false-hit,"AI code generators like OpenAI Codex have the potential to assist novice programmers by generating code from natural language descriptions, however, over-reliance might negatively impact learning and retention. To explore the implications that AI code generators have on introductory programming, we conducted a controlled experiment with 69 novices (ages 10-17). Learners worked on 45 Python code-authoring tasks, for which half of the learners had access to Codex, each followed by a code-modification task. Our results show that using Codex significantly increased code-authoring performance (1.15x increased completion rate and 1.8x higher scores) while not decreasing performance on manual code-modification tasks. Additionally, learners with access to Codex during the training phase performed slightly better on the evaluation post-tests conducted one week later, although this difference did not reach statistical significance. Of interest, learners with higher Scratch pre-test scores performed significantly better on retention post-tests, if they had prior access to Codex.",openalex,llm,0.890,unreviewed,,doi:10.1145/3544548.3580919
kept,Improving computer program readability to aid modification,James L. Elshoff; Michael Marcotty,1982,Communications of the ACM,10.1145/358589.358596,https://openalex.org/W2010837018,supports-claim,"The Modification CycleThe modification of computer programs is a costly and constant job.An informal survey conducted at General Motors and reported on by Elshoff [6] concluded that about 75 percent of all programmer/analysts' time in a commercial data processing installation is spent on program modification.This conclusion agrees with independent assessments made by Liu [16], Boehm [2], and Lientz and Swanson [15].Moreover, the reasons for modifying programs will not disappear.As pointed out by Lehman [14], all programs are models of some part of the real world and, as the world changes, programs must be modified to keep pace with these changes or they become progressively less relevant, less useful, and less cost-effective.As new software is developed, the inventory of programs to be maintained grows, and thus this high level of modification work is not expected to decrease.The modification cycle is composed of a sequence of steps such as:(l) The user requests that a program be changed.(2) The specifications for the change are written and the cost of the change estimated.(3) It is decided that the changes are worth being made.(4) The program is changed to meet the new specifications.Unfortunately, the modification environment is not as simple as this list.The frequency of change, the extent CR Categories and Subject Descriptors: D.",openalex,llm,0.940,unreviewed,,doi:10.1145/358589.358596
discarded,Plagiarism Detection in Computer Programming Using Feature Extraction From Ultra-Fine-Grained Repositories,Vedran Ljubovic; Enil Pajic,2020,IEEE Access,10.1109/access.2020.2996146,https://openalex.org/W3026091703,off-topic-false-hit,"Detecting instances of plagiarism in student homework, especially programming homework, is an important issue for practitioners. In the past decades, several tools have emerged that are able to effectively compare large corpora of homeworks and sort pairs by degree of similarity. However, those tools are available to students as well, allowing them to experiment and develop elaborate methods for evading detection. Also, such tools are unable to detect instances of “external plagiarism” where students obtained unethical help from sources not among other students of the same course. One way to battle this problem is to monitor student activity while solving their homeworks using a cloud-based integrated development environment (IDE) and detect suspicious behaviours. Each editing event in program source can be stored as a new commit to create a form of ultra-fine-grained source code repository. In this paper, the authors propose several new features that can be extracted from such repositories with the purpose of building a comprehensive profile of each individual developer. Machine learning techniques were used to detect suspicious behaviours, which allowed the authors to significantly improve upon the performance of more traditional plagiarism detection tools.",openalex,llm,0.950,unreviewed,,doi:10.1109/access.2020.2996146
discarded,The effect of hiatus hernia on gastro-oesophageal junction pressure,Peter J. Kahrilas; Shezhang Lin; Jiakuo Chen; Michael Manka,1999,Gut,10.1136/gut.44.4.476,https://openalex.org/W2156425129,off-topic-false-hit,"BACKGROUND: Hiatus hernia and lower oesophageal sphincter hypotension are often viewed as opposing hypotheses for gastro-oesophageal junction incompetence. AIMS: To examine the interaction between hiatus hernia and lower oesophageal sphincter hypotension. METHODS: In seven normal subjects and seven patients with hiatus hernia, the squamocolumnar junction and intragastric margin of the gastro-oesophageal junction were marked with endoscopically placed clips. Axial and radial characteristics of the gastro-oesophageal junction high pressure zone were mapped relative to the hiatus and clips during concurrent fluoroscopy and manometry. Responses to inspiration and abdominal compression were also analysed. RESULTS: In normal individuals the squamocolumnar junction was 0.5 cm below the hiatus and the gastro-oesophageal junction high pressure zone extended 1.1 cm distal to that. In those with hiatus hernia, the gastro-oesophageal junction high pressure zone had two discrete segments, one proximal to the squamocolumnar junction and one distal, attributable to the extrinsic compression within the hiatal canal. Inspiration and abdominal compression mainly augmented the distal one. Simulation of hernia reduction by algebraically summing the proximal segment pressures with the hiatal canal pressures restored normal maximal pressure, radial asymmetry, and dynamic responses of the gastro-oesophageal junction. CONCLUSIONS: Hiatus hernia reduces lower oesophageal sphincter pressure and alters its dynamic responsiveness by spatially separating pressure components derived from the intrinsic lower oesophageal sphincter and the extrinsic compression of the oesophagus within the hiatal canal.",openalex,llm,1.000,unreviewed,,doi:10.1136/gut.44.4.476
discarded,Examining the significance of high-level programming features in source code author classification,Georgia Frantzeskou; Stephen G. MacDonell; Efstathios Stamatatos; Stefanos Gritzalis,2007,Journal of Systems and Software,10.1016/j.jss.2007.03.004,https://openalex.org/W2163164637,adjacent-subtopic,,openalex,llm,0.900,unreviewed,,doi:10.1016/j.jss.2007.03.004
discarded,Traduction Non Supervisée de Langages de Programmation,Baptiste Rozière,2022,HAL (Le Centre pour la Communication Scientifique Directe),,https://openalex.org/W3098044990,adjacent-subtopic,"A transcompiler, also known as source-to-source translator, is a system that converts source code from a high-level programming language (such as C++ or Python) to another. Transcompilers are primarily used for interoperability, and to port codebases written in an obsolete or deprecated language (e.g. COBOL, Python2) to a modern one. They typically rely on handcrafted rewrite rules, applied to the source code abstract syntax tree. Unfortunately, the resulting translations often lack readability, fail to respect the target language conventions, and require manual modifications in order to work properly. The overall translation process is time-consuming and requires expertise in both the source and target languages, making code-translation projects expensive. Although neural models significantly outperform their rule-based counterparts in the context of natural language translation, their applications to transcompilation have been limited due to the scarcity of parallel data in this domain. In this thesis, we propose methods to train effective and fully unsupervised neural transcompilers.Natural language translators are evaluated with metrics based on token co-occurences between the translation and the reference. We identify that they do not capture the semantics of programming languages. Hence, we build and release a test set composed of 852 parallel functions, along with unit tests to check the semantic correctness of translations. We first leverage objectives designed for natural languages to learn multilingual representations of source code, and train a model to translate, using source code from open source GitHub projects. This model outperforms rule-based methods for translating functions between C++, Java, and Python. Then, we develop an improved pre-training method, which leads the model to learn deeper semantic representations of source code. It results in enhanced performances on several tasks including unsupervised code translation. Finally, we use automated unit tests to automatically create examples of program translations. Training on these examples leads to significant improvements in the performance of our neural transcompilers. Our methods rely exclusively on monolingual source code, require no expertise in the source or target languages, and can easily be generalized to other programming languages.",openalex,llm,0.920,unreviewed,,hash:0fd0121080218ce5
discarded,Analysis of the erosive effect of different dietary substances and medications,Adrian Lussi; B. Megert; Robert Peter Shellis; Xiaojie Wang,2011,British Journal Of Nutrition,10.1017/s0007114511002820,https://openalex.org/W2100778056,off-topic-false-hit,"Excessive consumption of acidic drinks and foods contributes to tooth erosion. The aims of the present in vitro study were twofold: (1) to assess the erosive potential of different dietary substances and medications; (2) to determine the chemical properties with an impact on the erosive potential. We selected sixty agents: soft drinks, an energy drink, sports drinks, alcoholic drinks, juice, fruit, mineral water, yogurt, tea, coffee, salad dressing and medications. The erosive potential of the tested agents was quantified as the changes in surface hardness (ΔSH) of enamel specimens within the first 2 min (ΔSH2-0 = SH2 min - SHbaseline) and the second 2 min exposure (ΔSH4-2 = SH4 min - SH2 min). To characterise these agents, various chemical properties, e.g. pH, concentrations of Ca, Pi and F, titratable acidity to pH 7·0 and buffering capacity at the original pH value (β), as well as degree of saturation (pK - pI) with respect to hydroxyapatite (HAP) and fluorapatite (FAP), were determined. Erosive challenge caused a statistically significant reduction in SH for all agents except for coffee, some medications and alcoholic drinks, and non-flavoured mineral waters, teas and yogurts (P < 0·01). By multiple linear regression analysis, 52 % of the variation in ΔSH after 2 min and 61 % after 4 min immersion were explained by pH, β and concentrations of F and Ca (P < 0·05). pH was the variable with the highest impact in multiple regression and bivariate correlation analyses. Furthermore, a high bivariate correlation was also obtained between (pK - pI)HAP, (pK - pI)FAP and ΔSH.",openalex,llm,1.000,unreviewed,,doi:10.1017/s0007114511002820
discarded,Retrieving and classifying instances of source code plagiarism,Debasis Ganguly; Gareth J. F. Jones; Aarón Ramírez-de-la-Cruz; Gabriela Ramírez-de-la-Rosa; Esaú Villatoro-Tello,2017,Information Retrieval,10.1007/s10791-017-9313-y,https://openalex.org/W2756118627,off-topic-false-hit,,openalex,llm,0.950,unreviewed,,doi:10.1007/s10791-017-9313-y
kept,Attributes Influencing the Reading and Comprehension of Source Code – Discussing Contradictory Evidence,Talita Vieira Ribeiro; Guilherme Horta Travassos,2018,CLEI electronic journal,10.19153/cleiej.21.1.5,https://openalex.org/W2799607937,qualifies-claim,"Background: Coding guidelines can be contradictory despite their intention of providing a universal perspective on source code quality. For instance, five attributes (code size, semantic complexity, internal documentation, layout style, and identifier length) out of 13 presented contradictions regarding their influence (positive or negative) on the source code readability and comprehensibility. Aims: To investigate source code attributes and their influence on readability and comprehensibility. Method: A literature review was used to identify source code attributes impacting the source code reading and comprehension, and an empirical study was performed to support the assessment of four attributes that presented empirical contradictions in the technical literature. Results: Regardless participants’ experience; all participants showed more positive comprehensibility perceptions for Python snippets with more lines of code. However, their readability perceptions regarding code size were contradictory. The less experienced participants preferred more lines of code while the more experienced ones preferred fewer lines of code. Long and complete-word identifiers presented better readability and comprehensibility according to both novices and experts. Comments contribute to better comprehension. Furthermore, four indentation spaces dominated the code reading preference. Conclusions: Coding guidelines contradictions still demand further investigation to provide indications on possible confounding factors explaining some of the inconclusive results.",openalex,llm,0.980,unreviewed,,doi:10.19153/cleiej.21.1.5
discarded,Unveiling Gating Behavior in Piezoionic Effect: toward Neuromimetic Tactile Sensing,Shuyu Wang; Tianyu Yang; D.Z. Zhang; Qilin Hua; Yuliang Zhao,2024,Advanced Materials,10.1002/adma.202405391,https://openalex.org/W4401034895,off-topic-false-hit,"The human perception system's information processing is intricately linked to the nonlinear response and gating effect of neurons. While piezoionics holds potential in emulating the pressure sensing capability of biological skin, the incorporation of information processing functions seems neglected. Here, ionic gating behavior in piezoionic hydrogels is uncovered as a notable extension beyond the previously observed linear responses. The hydrogel can generate remarkably high voltages (700 mV) and currents (7 mA) when indentation forces surpass the threshold. Through a comprehensive analysis involving simulations and experimental investigations, it is proposed that the gating behavior emerges due to significant diffusion differences between cations and anions. To showcase the practical implications of this breakthrough, the piezoionic hydrogels are successfully integrated with prostheses and robot hands, demonstrating that the gating effect enables accurate discrimination between gentle and harsh touch. The advancement in neuromimetic tactile sensing has significant potential for emerging applications such as humanoid robotics and biomedical engineering, offering valuable opportunities for further development of embodied neuromorphic intelligence.",openalex,llm,1.000,unreviewed,,doi:10.1002/adma.202405391
discarded,Visual augmentation of source code editors: A systematic mapping study,Matúš Sulír; Michaela Bačíková; Sergej Chodarev; Jaroslav Porubän,2018,Journal of Visual Languages & Computing,10.1016/j.jvlc.2018.10.001,https://openalex.org/W2898193680,adjacent-subtopic,,openalex,llm,0.860,unreviewed,,doi:10.1016/j.jvlc.2018.10.001
discarded,Substrate effect and nanoindentation fracture toughness based on pile up and failure,Arnab S. Bhattacharyya; R. Praveen Kumar; Rohit Mandal; Nikhil Kumar; N. Rajak; Abhishek Sharma; Shashi Kant,2016,cond-mat.mtrl-sci,10.48550/arXiv.1602.07657,http://arxiv.org/abs/1602.07657v2,off-topic-false-hit,"The effect of substrate was studied using nanoindentation on thin films. Soft films on hard substrate showed more pile up than usual which was attributed to the dislocation pile up at the film substrate interface. The effect of tip blunting on the load depth and hardness plots of nanoindentation was shown. The experimental date of variation of Vickers hardness with film thickness and loads were fitted and new parameters were analyzed. The delaminated area was analyzed using geometrical shapes using optical view of the failure region along with the load displacement Indentation fracture using Nanoindentation using Berkovich indenter has been studied. Indentation fracture toughness (KR) was analyzed based on computational programs. The contact mechanics during nanoindentation was studied with parameters related to indenter shape and tip sharpness. Elastic, plastic and total energies were computationally determined. The energy difference was related to shear stress being generated with elastic to plastic transition. Change in the nature of residual stress was related to film thickness.",arxiv,llm,1.000,unreviewed,,doi:10.48550/arxiv.1602.07657
discarded,"Learning to Program != ""One-Size-Fits-All"": Exploring Variations of Parsons Problems as Scaffolding",Carl Christopher Haynes-Magyar,2025,cs.HC,10.48550/arXiv.2512.22407,http://arxiv.org/abs/2512.22407v1,off-topic-false-hit,"Lowering the barriers to computer programming requires understanding how to scaffold learning. Parsons problems, which require learners to drag-and-drop blocks of code into the correct order and indentation, are proving to be beneficial for scaffolding learning how to write code from scratch. But little is known about the ability of other problem types to do so. This study explores learners' perceptions of a new programming environment called Codespec, which was developed to make computer programming more accessible and equitable by offering multiple means of engagement. Retrospective think-aloud interviews were conducted with nine programmers who were given the choice between Faded Parsons and Pseudocode Parsons problems as optional scaffolding toward solving write-code problems. The results showed that offering Faded and Pseudocode Parsons problems as optional scaffolds supported comprehension monitoring, strategy formation, and refinement of prior knowledge. Learners selectively used Faded Parsons problems for syntax/structure and Pseudocode Parsons problems for high-level reasoning. The costs noted included the time it takes to drag-and-drop the blocks and the confusion experienced when a solution diverges from a learners' mental model. Faded Parsons problems were also perceived as a desirable challenge. This study contributes to the field of computing education and human-computer interaction by extending the functionality of problem spaces that support Parsons problems and by providing empirical evidence of the effectiveness of using other problem types as scaffolding techniques.",arxiv,llm,0.800,unreviewed,,doi:10.48550/arxiv.2512.22407
