status,title,authors,year,venue,doi,url,tags,abstract,provider,decision_source,llm_confidence,llm_review_outcome,llm_change_direction,paper_id
discarded,Can programming be liberated from the von Neumann style?,John Backus,1978,Communications of the ACM,10.1145/359576.359579,https://openalex.org/W2172307690,off-topic-false-hit,"Conventional programming languages are growing ever more enormous, but not stronger. Inherent defects at the most basic level cause them to be both fat and weak: their primitive word-at-a-time style of programming inherited from their common ancestor—the von Neumann computer, their close coupling of semantics to state transitions, their division of programming into a world of expressions and a world of statements, their inability to effectively use powerful combining forms for building new programs from existing ones, and their lack of useful mathematical properties for reasoning about programs. An alternative functional style of programming is founded on the use of combining forms for creating programs. Functional programs deal with structured data, are often nonrepetitive and nonrecursive, are hierarchically constructed, do not name their arguments, and do not require the complex machinery of procedure declarations to become generally applicable. Combining forms can use high level programs to build still higher level ones in a style not possible in conventional languages. Associated with the functional style of programming is an algebra of programs whose variables range over programs and whose operations are combining forms. This algebra can be used to transform programs and to solve equations whose “unknowns” are programs in much the same way one transforms equations in high school algebra. These transformations are given by algebraic laws and are carried out in the same language in which programs are written. Combining forms are chosen not only for their programming power but also for the power of their associated algebraic laws. General theorems of the algebra give the detailed behavior and termination conditions for large classes of programs. A new class of computing systems uses the functional programming style both in its programming language and in its state transition rules. Unlike von Neumann languages, these systems have semantics loosely coupled to states—only one state transition occurs per major computation.",openalex,llm,0.890,unreviewed,,doi:10.1145/359576.359579
discarded,Recommendations for the classification and nomenclature of the DNA-β satellites of begomoviruses,R. W. Briddon; Judith K. Brown; Enrique Moriones; John Stanley; F. Murilo Zerbini; Xueping Zhou; C. Fauquet,2008,Archives of Virology,10.1007/s00705-007-0013-6,https://openalex.org/W2008913817,off-topic-false-hit,,openalex,llm,1.000,unreviewed,,doi:10.1007/s00705-007-0013-6
discarded,Database abstractions,John Miles Smith; Diane C. P. Smith,1977,ACM Transactions on Database Systems,10.1145/320544.320546,https://openalex.org/W2039601877,off-topic-false-hit,"Two kinds of abstraction that are fundamentally important in database design and usage are defined. Aggregation is an abstraction which turns a relationship between objects into an aggregate object. Generalization is an abstraction which turns a class of objects into a generic object. It is suggested that all objects (individual, aggregate, generic) should be given uniform treatment in models of the real world. A new data type, called generic, is developed as a primitive for defining such models. Models defined with this primitive are structured as a set of aggregation hierarchies intersecting with a set of generalization hierarchies. Abstract objects occur at the points of intersection. This high level structure provides a discipline for the organization of relational databases. In particular this discipline allows: (i) an important class of views to be integrated and maintained; (ii) stability of data and programs under certain evolutionary changes; (iii) easier understanding of complex models and more natural query formulation; (iv) a more systematic approach to database design; (v) more optimization to be performed at lower implementation levels. The generic type is formalized by a set of invariant properties. These properties should be satisfied by all relations in a database if abstractions are to be preserved. A triggering mechanism for automatically maintaining these invariants during update operations is proposed. A simple mapping of aggregation/generalization hierarchies onto owner-coupled set structures is given.",openalex,llm,0.920,unreviewed,,doi:10.1145/320544.320546
discarded,OntoCheck: verifying ontology naming conventions and metadata completeness in Protégé 4,Daniel Schober; Ilinca Tudose; Vojtěch Svátek; Martin Boeker,2012,Journal of Biomedical Semantics,10.1186/2041-1480-3-s2-s4,https://openalex.org/W2169257291,off-topic-false-hit,"BACKGROUND: Although policy providers have outlined minimal metadata guidelines and naming conventions, ontologies of today still display inter- and intra-ontology heterogeneities in class labelling schemes and metadata completeness. This fact is at least partially due to missing or inappropriate tools. Software support can ease this situation and contribute to overall ontology consistency and quality by helping to enforce such conventions. OBJECTIVE: We provide a plugin for the Protégé Ontology editor to allow for easy checks on compliance towards ontology naming conventions and metadata completeness, as well as curation in case of found violations. IMPLEMENTATION: In a requirement analysis, derived from a prior standardization approach carried out within the OBO Foundry, we investigate the needed capabilities for software tools to check, curate and maintain class naming conventions. A Protégé tab plugin was implemented accordingly using the Protégé 4.1 libraries. The plugin was tested on six different ontologies. Based on these test results, the plugin could be refined, also by the integration of new functionalities. RESULTS: The new Protégé plugin, OntoCheck, allows for ontology tests to be carried out on OWL ontologies. In particular the OntoCheck plugin helps to clean up an ontology with regard to lexical heterogeneity, i.e. enforcing naming conventions and metadata completeness, meeting most of the requirements outlined for such a tool. Found test violations can be corrected to foster consistency in entity naming and meta-annotation within an artefact. Once specified, check constraints like name patterns can be stored and exchanged for later re-use. Here we describe a first version of the software, illustrate its capabilities and use within running ontology development efforts and briefly outline improvements resulting from its application. Further, we discuss OntoChecks capabilities in the context of related tools and highlight potential future expansions. CONCLUSIONS: The OntoCheck plugin facilitates labelling error detection and curation, contributing to lexical quality assurance in OWL ontologies. Ultimately, we hope this Protégé extension will ease ontology alignments as well as lexical post-processing of annotated data and hence can increase overall secondary data usage by humans and computers.",openalex,llm,1.000,unreviewed,,doi:10.1186/2041-1480-3-s2-s4
discarded,Characterizing the replicability of cell types defined by single cell RNA-sequencing data using MetaNeighbor,Megan Crow; Anirban Paul; Sara Ballouz; Zhi Huang; Jesse Gillis,2018,Nature Communications,10.1038/s41467-018-03282-0,https://openalex.org/W2804847416,off-topic-false-hit,"Single-cell RNA-sequencing (scRNA-seq) technology provides a new avenue to discover and characterize cell types; however, the experiment-specific technical biases and analytic variability inherent to current pipelines may undermine its replicability. Meta-analysis is further hampered by the use of ad hoc naming conventions. Here we demonstrate our replication framework, MetaNeighbor, that quantifies the degree to which cell types replicate across datasets, and enables rapid identification of clusters with high similarity. We first measure the replicability of neuronal identity, comparing results across eight technically and biologically diverse datasets to define best practices for more complex assessments. We then apply this to novel interneuron subtypes, finding that 24/45 subtypes have evidence of replication, which enables the identification of robust candidate marker genes. Across tasks we find that large sets of variably expressed genes can identify replicable cell types with high accuracy, suggesting a general route forward for large-scale evaluation of scRNA-seq data.",openalex,llm,1.000,unreviewed,,doi:10.1038/s41467-018-03282-0
discarded,Detecting requirements defects with NLP patterns: an industrial experience in the railway domain,Alessio Ferrari; Gloria Gori; Benedetta Rosadini; Iacopo Trotta; Stefano Bacherini; Alessandro Fantechi; Stefania Gnesi,2018,Empirical Software Engineering,10.1007/s10664-018-9596-7,https://openalex.org/W2788267443,off-topic-false-hit,,openalex,llm,0.980,unreviewed,,doi:10.1007/s10664-018-9596-7
discarded,Geometrical defect detection for additive manufacturing with machine learning models,Rui Li; Mingzhou Jin; Vincent Paquit,2021,Materials & Design,10.1016/j.matdes.2021.109726,https://openalex.org/W3155154039,off-topic-false-hit,"This study proposed a scheme based on Machine Learning (ML) models to detect geometric defects of additively manufactured objects. The ML models are trained with synthetic 3D point clouds with defects and then applied to detect defects in actual production. Using synthetic 3D point clouds rather than experimental data could save a huge amount of training time and costs associated with many prints for each design. Besides distance differences of individual points between source and target point clouds, this scheme uses a new concept called “patch” to capture macro-level information about nearby points for ML training and implementation. Numerical comparisons of prediction results on experimental data with different shapes showed that the proposed scheme outperformed the existing Z-difference method in the literature. Five ML methods (Bagging of Trees, Gradient Boosting, Random Forest, K-nearest Neighbors and Linear Supported Vector Machine) were compared under various conditions, such as different point cloud densities and defect sizes. Bagging and Random Forest were found the two best models regarding predictability; and the right patch size was found to be at 20. The proposed ML-based scheme is applicable to in-situ defect detection during additive manufacturing with the aid of a proper 3D data acquisition system.",openalex,llm,1.000,unreviewed,,doi:10.1016/j.matdes.2021.109726
discarded,Understanding network failures in data centers,Phillipa Gill; Navendu Jain; Nachiappan Nagappan,2011,,10.1145/2018436.2018477,https://openalex.org/W2126969025,off-topic-false-hit,"We present the first large-scale analysis of failures in a data center network. Through our analysis, we seek to answer several fundamental questions: which devices/links are most unreliable, what causes failures, how do failures impact network traffic and how effective is network redundancy? We answer these questions using multiple data sources commonly collected by network operators. The key findings of our study are that (1) data center networks show high reliability, (2) commodity switches such as ToRs and AggS are highly reliable, (3) load balancers dominate in terms of failure occurrences with many short-lived software related faults,(4) failures have potential to cause loss of many small packets such as keep alive messages and ACKs, and (5) network redundancy is only 40% effective in reducing the median impact of failure.",openalex,llm,0.990,unreviewed,,doi:10.1145/2018436.2018477
discarded,Analyzing APIs Documentation and Code to Detect Directive Defects,Yu Zhou; Ruihang Gu; Taolue Chen; Zhiqiu Huang; Sebastiano Panichella; Harald C. Gall,2017,,10.1109/icse.2017.11,https://openalex.org/W2617604339,off-topic-false-hit,"Application Programming Interface (API) documents represent one of the most important references for API users. However, it is frequently reported that the documentation is inconsistent with the source code and deviates from the API itself. Such inconsistencies in the documents inevitably confuse the API users hampering considerably their API comprehension and the quality of software built from such APIs. In this paper, we propose an automated approach to detect defects of API documents by leveraging techniques from program comprehension and natural language processing. Particularly, we focus on the directives of the API documents which are related to parameter constraints and exception throwing declarations. A first-order logic based constraint solver is employed to detect such defects based on the obtained analysis results. We evaluate our approach on parts of well documented JDK 1.8 APIs. Experiment results show that, out of around 2000 API usage constraints, our approach can detect 1158 defective document directives, with a precision rate of 81.6%, and a recall rate of 82.0%, which demonstrates its practical feasibility.",openalex,llm,0.970,unreviewed,,doi:10.1109/icse.2017.11
discarded,Exotic hadron naming convention,LHCb collaboration,2022,arXiv (Cornell University),10.48550/arxiv.2206.15233,https://openalex.org/W4283780318,off-topic-false-hit,"Many new exotic hadrons, that do not fit into the existing naming scheme for hadrons, have been discovered over the past few years. A new scheme is set out, extending the existing protocol, in order to provide a consistent naming convention for these newly discovered states, and other new hadrons that may be discovered in future.",openalex,llm,1.000,unreviewed,,doi:10.48550/arxiv.2206.15233
discarded,The 5500‐km‐long boundary flow off western and southern Australia,Keith Ridgway; Scott A. Condie,2004,Journal of Geophysical Research Atmospheres,10.1029/2003jc001921,https://openalex.org/W2080209529,off-topic-false-hit,"The path of the shelf edge flow off southwestern Australia is documented using results from satellite altimetry and sea surface temperature (SST) and a climatogical in situ analysis. During Austral winter a continuous current is shown to extend from its origin at North West Cape to the southern tip of Tasmania, a distance of 5500 km. Satellite SST observations and surface buoy tracks confirm the location and continuity of the current trajectory. While the Leeuwin Current is forced by the strong alongshore pressure gradient associated with the meridional portion of the western Australian coastal boundary, our results suggest that the essentially zonal shelf edge flow along the southern Australian coast arises from the setup of coastal sea level by onshore Ekman flow driven by the winter westerly wind and possibly a further alongshore pressure gradient. The timing of these two different forcing mechanisms means that the west coast pressure gradient delivers the Leeuwin Current to the south coast just as the winds reverse and are thus able to maintain the eastward passage of the current. The shelf edge flow consists of two main water masses. A low‐salinity, warm water type of tropical origin associated with the Leeuwin Current and a high‐salinity, warm water inflow formed on the western end of the Great Australian Bight continental shelf. A naming convention is proposed, the Leeuwin Current representing flow from North West Cape to the Great Australian Bight (GAB); the South Australian Current, between the eastern GAB and western Bass Strait; and the Zeehan Current off western Tasmania.",openalex,llm,1.000,unreviewed,,doi:10.1029/2003jc001921
discarded,Digital twin enabled fault detection and diagnosis process for building HVAC systems,Xiang Xie; Jorge Merino; Nicola Moretti; Pieter Pauwels; Janet Chang; Ajith Kumar Parlikad,2022,Automation in Construction,10.1016/j.autcon.2022.104695,https://openalex.org/W4311780835,off-topic-false-hit,"The emerging concept of digital twins outlines the pathway towards intelligent buildings. Although abundant building data carries an overwhelming amount of information, if not well exploited, the redundant and irrelevant data dimensions result in the overfitting problem and heavy computational load. Taking the fault detection and diagnosis process for building HVAC systems as the case, this paper adopts a symbolic artificial intelligence technique to identify informative sensory dimensions for building-specific faults by exploring the symbolic representation of labelled time-series. To preserve this ad-hoc temporal knowledge in the digital twin ecosystem, machine-readable fault tags are defined to label corresponding sensor entities. A digital twin data platform is developed to annotate the real-time data with fault tags and produce filtered low-latency data streams associated with a specified tag to automate this process. This paper describes a digital twin-based approach to automatically identify and pick up informative data to support dynamic asset management.",openalex,llm,1.000,unreviewed,,doi:10.1016/j.autcon.2022.104695
discarded,Exploring the Benefits of Utilizing Conceptual Information in Test-to-Code Traceability,András Kicsi; László Tóth; László Vidács,2018,2018 IEEE/ACM 6th International Workshop on Realizing Artificial Intelligence Synergies in Software Engineering (RAISE),,https://ieeexplore.ieee.org/document/8452876/,off-topic-false-hit,"Striving for reliability of software systems often results in immense numbers of tests. Due to the lack of a generally used annotation, finding the parts of code these tests were meant to assess can be a demanding task. This is a valid problem of software engineering called test-to-code traceability. Recent research on the subject has attempted to cope with this problem applying various approaches and their combinations, achieving profound results. These approaches have involved the use of naming conventions during development processes and also have utilized various information retrieval (IR) methods often referred to as conceptual information. In this work we investigate the benefits of textual information located in software code and its value for aiding traceability. We evaluated the capabilities of the natural language processing technique called Latent Semantic Indexing (LSI) in the view of the results of the naming conventions technique on five real, medium sized software systems. Although LSI is already used for this purpose, we extend the viewpoint of one-to-one traceability approach to the more versatile view of LSI as a recommendation system. We found that considering the top 5 elements in the ranked list increases the results by 30% on average and makes LSI a viable alternative in projects where naming conventions are not followed systematically.",ieee,llm,0.950,unreviewed,,hash:818feb7fcb866810
discarded,Job Security,Diomidis Spinellis,2009,IEEE Software,10.1109/MS.2009.131,https://ieeexplore.ieee.org/document/5222787/,off-topic-false-hit,"In this paper, job security in code design is discussed. Techniques on how to make codes unreadable is mentioned. Like when naming variables, methods, fields, and classes, the readers can use some languages such as Java that is well-established naming conventions regarding capitalization and the joining of words. The author also suggest that the reader can make use of many IDEs that insert boilerplate comments at the beginning of each method and class. This column also suggest that the more unreadable the code the more indispensable a programmer with his job.",ieee,llm,0.840,unreviewed,,doi:10.1109/ms.2009.131
discarded,Identifying Code Quality Issues for Undergraduate Students Using Static Analysis and NLP,Essa Imhmed; Edgar Ceh-Varela; Scott Kilgore,2023,2023 International Conference on Computational Science and Computational Intelligence (CSCI),10.1109/CSCI62032.2023.00252,https://ieeexplore.ieee.org/document/10590588/,adjacent-subtopic,"This study presents a detailed analysis of coding standards in the context of university-level programming courses. Focusing on the challenges faced by students in understanding and applying these standards, the study utilized the CheckStyle tool for Java programming and Natural Language Processing (NLP) techniques, such as Doc2Vec, for error categorization. The analysis revealed common issues, such as spacing problems and non-compliance with naming conventions, exacerbated by factors like tight schedules and limited grading emphasis. Importantly, this paper serves as an exploratory study utilizing advanced natural language processing methods, shedding light on students' complexities in adhering to coding standards.",ieee,llm,0.870,unreviewed,,doi:10.1109/csci62032.2023.00252
