status,title,authors,year,venue,doi,url,tags,abstract,provider,decision_source,llm_confidence,llm_review_outcome,llm_change_direction,paper_id
discarded,How are identifiers named in open source software? About popularity and consistency,Yanqing Wang; Chong Wang; Xiaojie Li; Sijing Yun; Minjing Song,2014,cs.SE,10.48550/arXiv.1401.5300,http://arxiv.org/abs/1401.5300v2,adjacent-subtopic,"With the rapid increasing of software project size and maintenance cost, adherence to coding standards especially by managing identifier naming, is attracting a pressing concern from both computer science educators and software managers. Software developers mainly use identifier names to represent the knowledge recorded in source code. However, the popularity and adoption consistency of identifier naming conventions have not been revealed yet in this field. Taking forty-eight popular open source projects written in three top-ranking programming languages Java, C and C++ as examples, an identifier extraction tool based on regular expression matching is developed. In the subsequent investigation, some interesting findings are obtained. For the identifier naming popularity, it is found that Camel and Pascal naming conventions are leading the road while Hungarian notation is vanishing. For the identifier naming consistency, we have found that the projects written in Java have a much better performance than those written in C and C++. Finally, academia and software industry are urged to adopt the most popular naming conventions consistently in their practices so as to lead the identifier naming to a standard, unified and high-quality road.",arxiv,llm,0.980,unreviewed,,doi:10.48550/arxiv.1401.5300
kept,Does Code Structure Affect Comprehension? On Using and Naming Intermediate Variables,Roee Cates; Nadav Yunik; Dror G. Feitelson,2021,cs.SE,10.48550/arXiv.2103.11008,http://arxiv.org/abs/2103.11008v1,qualifies-claim,"Intermediate variables can be used to break complex expressions into more manageable smaller expressions, which may be easier to understand. But it is unclear when and whether this actually helps. We conducted an experiment in which subjects read 6 mathematical functions and were supposed to give them meaningful names. 113 subjects participated, of which 58% had 3 or more years of programming work experience. Each function had 3 versions: using a compound expression, using intermediate variables with meaningless names, or using intermediate variables with meaningful names. The results were that in only one case there was a significant difference between the two extreme versions, in favor of the one with intermediate variables with meaningful names. This case was the function that was the hardest to understand to begin with. In two additional cases using intermediate variables with meaningless names appears to have caused a slight decrease in understanding. In all other cases the code structure did not make much of a difference. As it is hard to anticipate what others will find difficult to understand, the conclusion is that using intermediate variables is generally desirable. However, this recommendation hinges on giving them good names.",arxiv,llm,0.970,unreviewed,,doi:10.48550/arxiv.2103.11008
discarded,Semantic Identifiers and DNS Names for IoT,Simon Fernandez; Michele Amoretti; Fabrizio Restori; Maciej Korczynski; Andrzej Duda,2021,cs.NI,10.1109/ICCCN52240.2021.9522285,http://arxiv.org/abs/2110.11766v1,off-topic-false-hit,"In this paper, we propose a scheme for representing semantic metadata of IoT devices in compact identifiers and DNS names to enable simple discovery and search with standard DNS servers. Our scheme defines a binary identifier as a sequence of bits: a Context to use and several bits of fields corresponding to semantic properties specific to the Context. The bit string is then encoded as base32 characters and registered in DNS. Furthermore, we use the compact semantic DNS names to offer support for search and discovery. We propose to take advantage of the DNS system as the basic functionality for querying and discovery of semantic properties related to IoT devices. We have defined three specific Contexts for hierarchical semantic properties as well as logical and geographical locations. For this last part, we have developed two prototypes for managing geo-identifiers in LoRa networks, one based on Node and the Redis in-memory database, the other one based on the CoreDNS server.",arxiv,llm,0.990,unreviewed,,doi:10.1109/icccn52240.2021.9522285
discarded,Neural Variable Name Repair: Learning to Rename Identifiers for Readability,Muhammad Yousuf; Akshat Bagade; Chhittebbayi Penugonda; Maanas Baraya,2025,cs.SE,10.48550/arXiv.2512.01141,http://arxiv.org/abs/2512.01141v1,adjacent-subtopic,"Developers routinely work with source files whose variable names are generic or misleading, and with teams moving quickly, many functions are left undocumented. This slows comprehension, increases the risk of subtle bugs, and makes it harder for both humans and large language models (LLMs) to reason about code. We study variable name repair: given a real C++ function where all occurrences of one local or parameter name have been replaced by a placeholder (e.g. ID 1), the goal is to generate a natural, descriptive replacement name. We automatically construct this task from the C++ portion of BigCode's The Stack by parsing functions with Tree-sitter, masking a single identifier, and treating the original name as supervision. On top of Llama 3.1-8B, we build a pipeline with (i) warmup and dropout schedules for more stable fine-tuning, (ii) LoRA adapters for efficient specialization on identifier repair, and (iii) a dual-encoder reranker over top-k generator candidates. We evaluate using exact match, Top-5 Hit, and an embedding-based partial similarity score (0-100) that gives credit for near synonyms and format variants (e.g., jsonValue vs. json). On a held-out set of 200 C++ functions, a zero-shot Llama 3.1 baseline reaches 6.1 percent exact match. Our best LoRA-tuned model (with warmup and dropout) achieves 43.1 percent exact match, 50.2 percent Top-5 Hit, and an 82.03 partial-match score. A dual encoder reranker further improves selection quality without modifying the underlying generator, suggesting that task-specific fine-tuning plus reranking is a promising approach for practical identifier repair tools.",arxiv,llm,0.980,unreviewed,,doi:10.48550/arxiv.2512.01141
discarded,Collaborative Filtering Ensemble for Personalized Name Recommendation,Bernat Coma-Puig; Ernesto Diaz-Aviles; Wolfgang Nejdl,2014,cs.IR,10.48550/arXiv.1407.4832,http://arxiv.org/abs/1407.4832v1,off-topic-false-hit,"Out of thousands of names to choose from, picking the right one for your child is a daunting task. In this work, our objective is to help parents making an informed decision while choosing a name for their baby. We follow a recommender system approach and combine, in an ensemble, the individual rankings produced by simple collaborative filtering algorithms in order to produce a personalized list of names that meets the individual parents' taste. Our experiments were conducted using real-world data collected from the query logs of 'nameling' (nameling.net), an online portal for searching and exploring names, which corresponds to the dataset released in the context of the ECML PKDD Discover Challenge 2013. Our approach is intuitive, easy to implement, and features fast training and prediction steps.",arxiv,llm,0.990,unreviewed,,doi:10.48550/arxiv.1407.4832
discarded,DIRE: A Neural Approach to Decompiled Identifier Naming,Jeremy Lacomis; Pengcheng Yin; Edward J. Schwartz; Miltiadis Allamanis; Claire Le Goues; Graham Neubig; Bogdan Vasilescu,2019,cs.SE,10.48550/arXiv.1909.09029,http://arxiv.org/abs/1909.09029v2,adjacent-subtopic,"The decompiler is one of the most common tools for examining binaries without corresponding source code. It transforms binaries into high-level code, reversing the compilation process. Decompilers can reconstruct much of the information that is lost during the compilation process (e.g., structure and type information). Unfortunately, they do not reconstruct semantically meaningful variable names, which are known to increase code understandability. We propose the Decompiled Identifier Renaming Engine (DIRE), a novel probabilistic technique for variable name recovery that uses both lexical and structural information recovered by the decompiler. We also present a technique for generating corpora suitable for training and evaluating models of decompiled code renaming, which we use to create a corpus of 164,632 unique x86-64 binaries generated from C projects mined from GitHub. Our results show that on this corpus DIRE can predict variable names identical to the names in the original source code up to 74.3% of the time.",arxiv,llm,0.980,unreviewed,,doi:10.48550/arxiv.1909.09029
discarded,Exploiting Method Names to Improve Code Summarization: A Deliberation Multi-Task Learning Approach,Rui Xie; Wei Ye; Jinan Sun; Shikun Zhang,2021,cs.CL,10.48550/arXiv.2103.11448,http://arxiv.org/abs/2103.11448v2,adjacent-subtopic,"Code summaries are brief natural language descriptions of source code pieces. The main purpose of code summarization is to assist developers in understanding code and to reduce documentation workload. In this paper, we design a novel multi-task learning (MTL) approach for code summarization through mining the relationship between method code summaries and method names. More specifically, since a method's name can be considered as a shorter version of its code summary, we first introduce the tasks of generation and informativeness prediction of method names as two auxiliary training objectives for code summarization. A novel two-pass deliberation mechanism is then incorporated into our MTL architecture to generate more consistent intermediate states fed into a summary decoder, especially when informative method names do not exist. To evaluate our deliberation MTL approach, we carried out a large-scale experiment on two existing datasets for Java and Python. The experiment results show that our technique can be easily applied to many state-of-the-art neural models for code summarization and improve their performance. Meanwhile, our approach shows significant superiority when generating summaries for methods with non-informative names.",arxiv,llm,0.960,unreviewed,,doi:10.48550/arxiv.2103.11448
discarded,IDEAL: An Open-Source Identifier Name Appraisal Tool,Anthony Peruma; Venera Arnaoudova; Christian D. Newman,2021,cs.SE,10.48550/arXiv.2107.08344,http://arxiv.org/abs/2107.08344v1,adjacent-subtopic,"Developers must comprehend the code they will maintain, meaning that the code must be legible and reasonably self-descriptive. Unfortunately, there is still a lack of research and tooling that supports developers in understanding their naming practices; whether the names they choose make sense, whether they are consistent, and whether they convey the information required of them. In this paper, we present IDEAL, a tool that will provide feedback to developers about their identifier naming practices. Among its planned features, it will support linguistic anti-pattern detection, which is what will be discussed in this paper. IDEAL is designed to, and will, be extended to cover further anti-patterns, naming structures, and practices in the near future. IDEAL is open-source and publicly available, with a demo video available at: https://youtu.be/fVoOYGe50zg",arxiv,llm,0.970,unreviewed,,doi:10.48550/arxiv.2107.08344
discarded,How to systematically and quantifiably remove meaning?,"Proschinger Astrom, Frida; Hintze, Arend",2026,FRONTIERS IN ARTIFICIAL INTELLIGENCE,10.3389/frai.2026.1783410,https://www.webofscience.com/wos/woscc/full-record/WOS:001776866800001,off-topic-false-hit,"Large language models increasingly mediate real-world tasks, yet we lack systematic ways to quantify how their performance degrades when the meaning of their inputs is eroded. To bridge this gap, we developed a framework to semantically erode meaning and quantify its intensity, grounded in discourse analysis, psycholinguistics, and software engineering, comprising five theoretically motivated methods: omission of key information and context, lexical substitution with near-synonyms, increased abstraction, structural obfuscation and renaming, and injection of logical errors. We applied these erosion operators across five domains and quantified their effects on model performance using a publicly available language model. A two-way Analysis of Variance (ANOVA) revealed significant main effects of both domain and erosion method, as well as a significant interaction, indicating that the impact of semantic degradation depends jointly on how text is eroded and how domain-specific information is encoded. Logical error erosions proved especially damaging for code generation, whereas structural obfuscation most strongly impaired news and instruction tasks. Epistasis analysis of pairwise erosion unions showed that some combinations produced super-additive degradation while others exhibited compensatory effects. These domain-by-erosion profiles provide diagnostic insight into where multi-step large language model (LLM) pipelines are most likely to fail and suggest that robustness benchmarks should probe models along domain-specific vulnerability dimensions rather than relying on generic perturbations. Semantic erosion thus offers a principled tool for turning model failure into evidence about how language models structure and degrade meaning.",wos,llm,0.950,unreviewed,,doi:10.3389/frai.2026.1783410
discarded,fNIRS-Guided neuronavigated rTMS augments naming recovery in subacute post-stroke aphasia: a double-blind randomized controlled trial,"Li, Haozheng; Fang, Dongxiang; Chen, Yihao; Xu, Shuqi; Wang, Ying; Wei, Wenwen; Zhao, Ruofan; Lai, Yixian; Wu, Yi; Yang, Qing; Hu, Ruiping",2026,FRONTIERS IN HUMAN NEUROSCIENCE,10.3389/fnhum.2026.1810169,https://www.webofscience.com/wos/woscc/full-record/WOS:001757641400001,off-topic-false-hit,"Background Selecting an optimal stimulation target is a persistent barrier to maximizing the efficacy of repetitive transcranial magnetic stimulation (rTMS) for subacute post-stroke aphasia. This trial evaluated an individualized, fNIRS-based targeting strategy derived from task-evoked activation during picture naming. Methods We conducted a double-blind, randomized, sham-controlled clinical trial. Patients with first-ever left-hemispheric stroke and subacute aphasia (1-6 months post-onset; 35-80 years) were recruited at Huashan Hospital (2021-2023) and randomized 1:1 to receive fNIRS-guided active rTMS or fNIRS-guided sham stimulation, in addition to 3 weeks of intensive speech-language therapy. Individual targets were defined as the fNIRS channel showing the strongest picture-naming task activation and were delivered under neuronavigation. Active stimulation used 10 Hz, 80% resting motor threshold, 2,000 pulses per session, for 15 sessions (3 weeks); sham used an identical schedule with a sham configuration. Primary/secondary outcomes included the Chinese Boston Naming Test (BNT), WAB-R indices, picture-naming behavioral performance, and task/resting-state fNIRS measures. Results Twenty-eight participants were enrolled and 27 completed the protocol (active rTMS: n = 14; sham: n = 13). Language performance improved over time in both groups; however, active rTMS produced significantly larger gains in confrontation naming on the BNT (Time & times; Group: F = 16.04, p < 0.01) and higher picture-naming accuracy (Time & times; Group: F = 20.10, p < 0.01), with an additional advantage on the WAB-R naming subscore (Time & times; Group: F = 4.44, p < 0.05). Neurophysiologically, task-based fNIRS indicated increased activation in the left dorsolateral prefrontal cortex and left Broca's area after active treatment, accompanied by strengthened resting-state connectivity between these regions; connectivity change was positively correlated with BNT improvement (r = 0.6405, p < 0.05). Conclusion fNIRS-guided rTMS protocol based on individualized, task-evoked activation mapping is a safe and effective approach for improving picture-naming performance in patients with subacute post-stroke aphasia. The intervention yields promising short-term therapeutic benefits and is associated with enhanced activation in the left dorsolateral prefrontal cortex and Broca's area, as well as strengthened functional connectivity between these language-related regions. Clinical trial registration https://www.chictr.org.cn/showproj.html?proj=61768, Unique identifier: ChiCTR2000038515.",wos,llm,0.990,unreviewed,,doi:10.3389/fnhum.2026.1810169
discarded,Enhancing Identifier Naming Through Multi-Mask Fine-tuning of Language Models of Code,"Vijayvargiya, Sanidhya; Saa, Mootez; Sharma, Tushar",2024,"2024 IEEE INTERNATIONAL CONFERENCE ON SOURCE CODE ANALYSIS AND MANIPULATION, SCAM 2024",10.1109/SCAM63643.2024.00017,https://www.webofscience.com/wos/woscc/full-record/WOS:001593224500007,adjacent-subtopic,"Code readability strongly influences code comprehension and, to some degree, code quality. Unreadable code makes software maintenance more challenging and is prone to more bugs. To improve the readability, using good identifier names is crucial. Existing studies on automatic identifier renaming have not considered aspects such as the code context. Additionally, prior research has done little to address the typical challenges inherent in the identifier renaming task. In this paper, we propose a new approach for renaming identifiers in source code by fine-tuning a transformer model. Through the use of perplexity as an evaluation metric, our results demonstrate a significant decrease in the perplexity values for the fine-tuned approach compared to the baseline, reducing them from 363 to 36. To further validate our method, we conduct a developers' survey to gauge the suitability of the generated identifiers, comparing original identifiers with identifiers generated with our approach as well as two state-of-the-art large language models, GPT-4 Turbo and Gemini Pro. Our approach generates better identifier names than the original names and exhibits competitive performance with state-of-the-art commercial large language models. The proposed method carries significant implications for software developers, tool vendors, and researchers. Software developers may use our proposed approach to generate better variable names, increasing the clarity and readability of the software. Researchers in the field may use and build upon the proposed approach for variable renaming.",wos,llm,0.910,unreviewed,,doi:10.1109/scam63643.2024.00017
discarded,Functional neuroplasticity in chronic post-stroke aphasia following a singing intervention in a cross-over randomised trial,"Martinez-Molina, Noelia; Pitkaniemi, Anni; Siponkoski, Sini-Tuuli; Moisseinen, Nella; Kuusela, Linda; Laitinen, Sari; Sarkamo, Essi-Reetta; Pekkola, Johanna; Melkas, Susanna; Schlaug, Gottfried; Kleber, Boris; Sihvonen, Aleksi J.; Sarkamo, Teppo",2025,SCIENTIFIC REPORTS,10.1038/s41598-025-11288-0,https://www.webofscience.com/wos/woscc/full-record/WOS:001540729400001,off-topic-false-hit,"Group-based singing has been shown to improve language outcomes and induce structural neuroplasticity in chronic post-stroke aphasia (PSA). However, the functional neuroplasticity changes induced by such interventions remain unknown. Here our main aim was to determine these changes using a cross-over randomised trial. Nineteen patients with PSA were randomly allocated to a 4-month multicomponent singing-based intervention (singing group) or standard care (control group). With a pre-post design, we pooled data from both groups and analysed verbal learning and task-based fMRI activation of two novel songs (trained or untrained during intervention) at two time points (pre- and post-intervention). Post-intervention, patients with PSA produced more correct syllables from the trained song and for the trained relative to the untrained song. fMRI results revealed increased activation when singing along to the trained song in the right postcentral gyrus, and in the right posterior superior temporal gyrus (pSTG) when singing along to the trained vs. untrained song. Notably, right pSTG activation increases correlated with improved naming abilities. Collectively, these findings indicate that group-based singing is associated with verbal learning and induces functional neuroplasticity changes in the singing network, derived from demographically matched healthy controls, which are associated to improved naming abilities in chronic PSA. https://www.clinicaltrials.gov, Unique identifier: NCT03501797.",wos,llm,0.990,unreviewed,,doi:10.1038/s41598-025-11288-0
