status,title,authors,year,venue,doi,url,tags,abstract,provider,decision_source,llm_confidence,llm_review_outcome,llm_change_direction,paper_id
discarded,Financial and Legal Constraints to Growth: Does Firm Size Matter?,Thorsten Beck; Asli Demirgüç‐Kunt; Vojislav Maksimovic,2005,The Journal of Finance,10.1111/j.1540-6261.2005.00727.x,https://openalex.org/W2032305868,off-topic-false-hit,"ABSTRACT Using a unique firm‐level survey database covering 54 countries, we investigate the effect of financial, legal, and corruption problems on firms' growth rates. Whether these factors constrain growth depends on firm size. It is consistently the smallest firms that are most constrained. Financial and institutional development weakens the constraining effects of financial, legal, and corruption obstacles and it is again the small firms that benefit the most. There is only a weak relation between firms' perception of the quality of the courts in their country and firm growth. We also provide evidence that the corruption of bank officials constrains firm growth.",openalex,llm,0.990,unreviewed,,doi:10.1111/j.1540-6261.2005.00727.x
discarded,A system for identifying named entities in biomedical text: how results from two evaluations reflect on both the system and the evaluations,Shipra Dingare; Malvina Nissim; Jenny Rose Finkel; Christopher D. Manning; Claire Grover,2005,Comparative and Functional Genomics,10.1002/cfg.457,https://openalex.org/W2091898001,off-topic-false-hit,"We present a maximum entropy-based system for identifying named entities (NEs) in biomedical abstracts and present its performance in the only two biomedical named entity recognition (NER) comparative evaluations that have been held to date, namely BioCreative and Coling BioNLP. Our system obtained an exact match F-score of 83.2% in the BioCreative evaluation and 70.1% in the BioNLP evaluation. We discuss our system in detail, including its rich use of local features, attention to correct boundary identification, innovative use of external knowledge resources, including parsing and web searches, and rapid adaptation to new NE sets. We also discuss in depth problems with data annotation in the evaluations which caused the final performance to be lower than optimal.",openalex,llm,0.990,unreviewed,,doi:10.1002/cfg.457
kept,Dealing with Faults in Source Code: Abbreviated vs. Full-Word Identifier Names,Giuseppe Scanniello; Michele Risi,2013,,10.1109/icsm.2013.30,https://openalex.org/W2054094410,qualifies-claim,"We carried out a controlled experiment to investigate whether the use of abbreviated identifier names affects the ability of novice software developers to identify and fix faults in source code. The experiment was conducted with 49 students in Computer Science. The results of the statistical analyses indicate that there was not a significant difference to identify and to fix faults, when source code contains either abbreviated and full-word identifier names. In other words, it seems that abbreviated identifiers provide the same information as full-word identifiers on the solution domain and the implementation.",openalex,llm,0.990,unreviewed,,doi:10.1109/icsm.2013.30
discarded,Combining laboratory data sets from multiple institutions using the logical observation identifier names and codes (LOINC),David Baorto; James J. Cimino; Curtis A. Parvin; Michael G. Kahn,1998,International Journal of Medical Informatics,10.1016/s1386-5056(98)00089-6,https://openalex.org/W1994398170,off-topic-false-hit,"A standard set of names and codes for laboratory test results is critical for any endeavor requiring automated data pooling, including multi-institutional research and cross-facility patient care. This need has led to the development of the logical observation identifier names and codes (LOINC) database and its test-naming convention. This study is an expansion of a pilot study using LOINC to exchange laboratory data between Columbia University Medical Center in New York and Barnes Hospital at Washington University in St. Louis, where we described complexities and ambiguities that arose in the LOINC coding process (D.M. Baorto, J.J. Cimino, C.A. Parvin, M.G. Kahn, Proc. Am. Med. Inf. Assoc. 1997). For the present study, we required the same two medical centers to again extract raw laboratory data from their local information system for a defined patient population, translate tests into LOINC and provide aggregate data which could then be used to compare laboratory utilization. Here we examine a larger number of tests from each site which have been recoded using an updated version of the LOINC database. We conclude that the coding of local tests into LOINC can often be complex, especially the 'Kind of Property' field and apparently trivial differences in choices made by individual institutions can result in nonmatches in electronically pooled data. In the present study, 75% of failures to match the same tests between different institutions using LOINC codes were due to differences in local coding choices. LOINC has the potential to eliminate the need for detailed human inspection during the pooling of laboratory data from diverse sites and perhaps even a built-in capability to adjust matching stringency by selecting subsets of LOINC fields required to match. However, a quality standard coding procedure is required and examples highlighted in this paper may require special attention while mapping to LOINC.",openalex,llm,0.990,unreviewed,,doi:10.1016/s1386-5056(98)00089-6
discarded,The effect of identifier naming on source code readability and quality,Simon Butler,2009,,10.1145/1595782.1595796,https://openalex.org/W1976708233,adjacent-subtopic,"Identifier names are natural language representations of program concepts in source code, which play an important role in program comprehension. Ill-considered, or poor quality, identifier names may hinder program comprehension, but is it possible they may also indicate problems in the source code, including bugs? We outline methods used to evaluate identifier quality, and propose the development of a more sophisticated understanding of identifier name quality, which will facilitate further exploration of the possible implications of poor quality identifier names.",openalex,llm,0.790,unreviewed,,doi:10.1145/1595782.1595796
discarded,Meaningful Variable Names for Decompiled Code: A Machine Translation Approach,Alan Jaffe; Jeremy Lacomis; Edward J. Schwartz; Claire Le Goues; Bogdan Vasilescu,2018,2018 IEEE/ACM 26th International Conference on Program Comprehension (ICPC),,https://ieeexplore.ieee.org/document/8973072/,adjacent-subtopic,"When code is compiled, information is lost, including some of the structure of the original source code as well as local identifier names. Existing decompilers can reconstruct much of the original source code, but typically use meaningless placeholder variables for identifier names. Using variable names which are more natural in the given context can make the code much easier to interpret, despite the fact that variable names have no effect on the execution of the program. In theory, it is impossible to recover the original identifier names since that information has been lost. However, most code is natural: it is highly repetitive and predictable based on the context. In this paper we propose a technique that assigns variables meaningful names by taking advantage of this naturalness property. We consider decompiler output to be a noisy distortion of the original source code, where the original source code is transformed into the decompiler output. Using this noisy channel model, we apply standard statistical machine translation approaches to choose natural identifiers, combining a translation model trained on a parallel corpus with a language model trained on unmodified C code. We generate a large parallel corpus from 1.2 TB of C source code obtained from GitHub. Under the most conservative assumptions, our technique is still able to recover the original variable names up to 16.2% of the time, which represents a lower bound for performance.",ieee,llm,0.970,unreviewed,,hash:df4d52641437aba9
discarded,Recommending Variable Names for Extract Local Variable Refactorings,Taiming Wang; Hui Liu; Yuxia Zhang; Yanjie Jiang,2025,cs.SE,10.1145/3712191,http://arxiv.org/abs/2507.00413v1,adjacent-subtopic,"Extract local variable is one of the most popular refactorings, and most IDEs and refactoring tools provide automated support for this refactoring. However, we find approximately 70% of the names recommended by these IDEs are different from what developers manually constructed, adding additional renaming burdens to developers and providing limited assistance. In this paper, we introduce VarNamer, an automated approach designed to recommend variable names for extract local variable refactorings. Through a large-scale empirical study, we identify key contexts that are useful for composing variable names. Leveraging these insights, we developed a set of heuristic rules through program static analysis techniques and employ data mining techniques to recommend variable names effectively. Notably, some of our heuristic rules have been successfully integrated into Eclipse, where they are now distributed with the latest releases of the IDE. Evaluation demonstrates its superiority over state-of-the-art IDEs. Specifically, VarNamer significantly increases the chance of exact match by 52.6% compared to Eclipse and 40.7% compared to IntelliJ IDEA. We also evaluated the proposed approach with real-world extract local variable refactorings conducted in C++ projects, and the results suggest that the approach can achieve comparable performance on programming languages besides Java. It may suggest the generalizability of VarNamer. Finally, we designed and conducted a user study and the results of the user study suggest that our approach can speed up the refactoring by 27.8% and reduce 49.3% edits on the recommended variable names.",arxiv,llm,0.970,unreviewed,,doi:10.1145/3712191
discarded,IdBench: Evaluating Semantic Representations of Identifier Names in Source Code,Yaza Wainakh; Moiz Rauf; Michael Pradel,2019,cs.LG,10.48550/arXiv.1910.05177,http://arxiv.org/abs/1910.05177v2,adjacent-subtopic,"Identifier names convey useful information about the intended semantics of code. Name-based program analyses use this information, e.g., to detect bugs, to predict types, and to improve the readability of code. At the core of name-based analyses are semantic representations of identifiers, e.g., in the form of learned embeddings. The high-level goal of such a representation is to encode whether two identifiers, e.g., len and size, are semantically similar. Unfortunately, it is currently unclear to what extent semantic representations match the semantic relatedness and similarity perceived by developers. This paper presents IdBench, the first benchmark for evaluating semantic representations against a ground truth created from thousands of ratings by 500 software developers. We use IdBench to study state-of-the-art embedding techniques proposed for natural language, an embedding technique specifically designed for source code, and lexical string distance functions. Our results show that the effectiveness of semantic representations varies significantly and that the best available embeddings successfully represent semantic relatedness. On the downside, no existing technique provides a satisfactory representation of semantic similarities, among other reasons because identifiers with opposing meanings are incorrectly considered to be similar, which may lead to fatal mistakes, e.g., in a refactoring tool. Studying the strengths and weaknesses of the different techniques shows that they complement each other. As a first step toward exploiting this complementarity, we present an ensemble model that combines existing techniques and that clearly outperforms the best available semantic representation.",arxiv,llm,0.900,unreviewed,,doi:10.48550/arxiv.1910.05177
discarded,What Builds Effective In-Context Examples for Code Generation?,Dongze Li; Songqiang Chen; Jialun Cao; Shing-Chi Cheung,2025,cs.SE,10.48550/arXiv.2508.06414,http://arxiv.org/abs/2508.06414v1,adjacent-subtopic,"In-Context Learning (ICL) has emerged as a promising solution to enhance the code generation capabilities of Large Language Models (LLMs), which incorporates code examples inside the prompt to let LLMs learn from demonstrations. However, despite the substantial effectiveness of the code example-based ICL approach, the specific features (e.g., identifier naming styles, code formatting, solution insight) within the ICL-provided code examples that significantly contribute to the ICL's effectiveness remain unclear. This paper systematically investigates the impact of various code features on ICL with code examples through controlled ablation studies. Our findings reveal that the appropriate naming of variables and functions is crucial for effective code generation, with their elimination leading to performance decreases of up to 30 percentage points. We further demonstrate that LLMs prioritize semantically meaningful identifier names over formatting conventions, with language-specific preferences regarding identifier verbosity. Additionally, our investigation into ICL's potential for enhancing reflection and inference capabilities reveals that current LLMs struggle to extract generalizable problem-solving insights from similar code solutions, despite being capable of utilizing direct information effectively. These findings are expected to provide valuable insights for optimizing ICL systems in code generation applications and highlight fundamental challenges in reflection-based learning for code generation tasks.",arxiv,llm,0.940,unreviewed,,doi:10.48550/arxiv.2508.06414
discarded,SK2Decompile: LLM-based Two-Phase Binary Decompilation from Skeleton to Skin,Hanzhuo Tan; Weihao Li; Xiaolong Tian; Siyi Wang; Jiaming Liu; Jing Li; Yuqun Zhang,2025,cs.SE,10.48550/arXiv.2509.22114,http://arxiv.org/abs/2509.22114v1,adjacent-subtopic,"Large Language Models (LLMs) have emerged as a promising approach for binary decompilation. However, the existing LLM-based decompilers still are somewhat limited in effectively presenting a program's source-level structure with its original identifiers. To mitigate this, we introduce SK2Decompile, a novel two-phase approach to decompile from the skeleton (semantic structure) to the skin (identifier) of programs. Specifically, we first apply a Structure Recovery model to translate a program's binary code to an Intermediate Representation (IR) as deriving the program's ""skeleton"", i.e., preserving control flow and data structures while obfuscating all identifiers with generic placeholders. We also apply reinforcement learning to reward the model for producing program structures that adhere to the syntactic and semantic rules expected by compilers. Second, we apply an Identifier Naming model to produce meaningful identifiers which reflect actual program semantics as deriving the program's ""skin"". We train the Identifier Naming model with a separate reinforcement learning objective that rewards the semantic similarity between its predictions and the reference code. Such a two-phase decompilation process facilitates advancing the correctness and readability of decompilation independently. Our evaluations indicate that SK2Decompile, significantly outperforms the SOTA baselines, achieving 21.6% average re-executability rate gain over GPT-5-mini on the HumanEval dataset and 29.4% average R2I improvement over Idioms on the GitHub2025 benchmark.",arxiv,llm,0.960,unreviewed,,doi:10.48550/arxiv.2509.22114
kept,Effect of Range Naming Conventions on Reliability and Development Time for Simple Spreadsheet Formulas,Ruth McKeever; Kevin McDaid,2011,cs.SE,10.48550/arXiv.1111.6872,http://arxiv.org/abs/1111.6872v1,qualifies-claim,"Practitioners often argue that range names make spreadsheets easier to understand and use, akin to the role of good variable names in traditional programming languages, yet there is no supporting scientific evidence. The authors previously published experiments that disproved this theory in relation to debugging, and now turn their focus to development. This paper presents the results of two iterations of a new experiment, which measure the effect of range names on the correctness of, and the time it takes to develop, simple summation formulas. Our findings, supported by statistically significant results, show that formulas developed by non-experts using range names are more likely to contain errors and take longer to develop. Taking these findings with the findings from previous experiments, we conclude that range names do not improve the quality of spreadsheets developed by novice and intermediate users. This paper is important in that it finds that the choice of naming convention can have a significant impact on novice and intermediate users' performance in formula development, with less structured naming conventions resulting in poorer performance by users.",arxiv,llm,0.950,unreviewed,,doi:10.48550/arxiv.1111.6872
discarded,Context2Name: A Deep Learning-Based Approach to Infer Natural Variable Names from Usage Contexts,Rohan Bavishi; Michael Pradel; Koushik Sen,2018,cs.SE,10.48550/arXiv.1809.05193,http://arxiv.org/abs/1809.05193v1,adjacent-subtopic,"Most of the JavaScript code deployed in the wild has been minified, a process in which identifier names are replaced with short, arbitrary and meaningless names. Minified code occupies less space, but also makes the code extremely difficult to manually inspect and understand. This paper presents Context2Name, a deep learningbased technique that partially reverses the effect of minification by predicting natural identifier names for minified names. The core idea is to predict from the usage context of a variable a name that captures the meaning of the variable. The approach combines a lightweight, token-based static analysis with an auto-encoder neural network that summarizes usage contexts and a recurrent neural network that predict natural names for a given usage context. We evaluate Context2Name with a large corpus of real-world JavaScript code and show that it successfully predicts 47.5% of all minified identifiers while taking only 2.9 milliseconds on average to predict a name. A comparison with the state-of-the-art tools JSNice and JSNaughty shows that our approach performs comparably in terms of accuracy while improving in terms of efficiency. Moreover, Context2Name complements the state-of-the-art by predicting 5.3% additional identifiers that are missed by both existing tools.",arxiv,llm,0.980,unreviewed,,doi:10.48550/arxiv.1809.05193
discarded,VarCLR: Variable Semantic Representation Pre-training via Contrastive Learning,Qibin Chen; Jeremy Lacomis; Edward J. Schwartz; Graham Neubig; Bogdan Vasilescu; Claire Le Goues,2021,cs.SE,10.48550/arXiv.2112.02650,http://arxiv.org/abs/2112.02650v1,adjacent-subtopic,"Variable names are critical for conveying intended program behavior. Machine learning-based program analysis methods use variable name representations for a wide range of tasks, such as suggesting new variable names and bug detection. Ideally, such methods could capture semantic relationships between names beyond syntactic similarity, e.g., the fact that the names average and mean are similar. Unfortunately, previous work has found that even the best of previous representation approaches primarily capture relatedness (whether two variables are linked at all), rather than similarity (whether they actually have the same meaning).
  We propose VarCLR, a new approach for learning semantic representations of variable names that effectively captures variable similarity in this stricter sense. We observe that this problem is an excellent fit for contrastive learning, which aims to minimize the distance between explicitly similar inputs, while maximizing the distance between dissimilar inputs. This requires labeled training data, and thus we construct a novel, weakly-supervised variable renaming dataset mined from GitHub edits. We show that VarCLR enables the effective application of sophisticated, general-purpose language models like BERT, to variable name representation and thus also to related downstream tasks like variable name similarity search or spelling correction. VarCLR produces models that significantly outperform the state-of-the-art on IdBench, an existing benchmark that explicitly captures variable similarity (as distinct from relatedness). Finally, we contribute a release of all data, code, and pre-trained models, aiming to provide a drop-in replacement for variable representations used in either existing or future program analyses that rely on variable names.",arxiv,llm,0.950,unreviewed,,doi:10.48550/arxiv.2112.02650
