status,title,authors,year,venue,doi,url,tags,abstract,provider,decision_source,llm_confidence,llm_review_outcome,llm_change_direction,paper_id
discarded,A language independent framework for context-sensitive formatting,Van Den Brandy M.,2006,Proceedings of the European Conference on Software Maintenance and Reengineering CSMR,10.1109/CSMR.2006.4,https://www.scopus.com/inward/record.uri?partnerID=HzOxMe3b&scp=34547714071&origin=inward,adjacent-subtopic,,scopus,llm,0.930,unreviewed,,doi:10.1109/csmr.2006.4
discarded,Array programming with NumPy,Charles R. Harris; K. Jarrod Millman; Stéfan J. van der Walt; Ralf Gommers; Pauli Virtanen; David Cournapeau; Eric Wieser; Julian Taylor; Sebastian Berg; Nathaniel J. Smith; Robert Kern; Matti Picus; Stephan Hoyer; Marten H. van Kerkwijk; Matthew Brett; Allan Haldane; Jaime Fernández del Río; Mark Wiebe; Pearu Peterson; Pierre Gérard-Marchant; Kevin Sheppard; Tyler Reddy; Warren Weckesser; Hameer Abbasi; Christoph Gohlke; Travis E. Oliphant,2020,Nature,10.1038/s41586-020-2649-2,https://openalex.org/W3035965352,off-topic-false-hit,"Abstract Array programming provides a powerful, compact and expressive syntax for accessing, manipulating and operating on data in vectors, matrices and higher-dimensional arrays. NumPy is the primary array programming library for the Python language. It has an essential role in research analysis pipelines in fields as diverse as physics, chemistry, astronomy, geoscience, biology, psychology, materials science, engineering, finance and economics. For example, in astronomy, NumPy was an important part of the software stack used in the discovery of gravitational waves 1 and in the first imaging of a black hole 2 . Here we review how a few fundamental array concepts lead to a simple and powerful programming paradigm for organizing, exploring and analysing scientific data. NumPy is the foundation upon which the scientific Python ecosystem is constructed. It is so pervasive that several projects, targeting audiences with specialized needs, have developed their own NumPy-like interfaces and array objects. Owing to its central position in the ecosystem, NumPy increasingly acts as an interoperability layer between such array computation libraries and, together with its application programming interface (API), provides a flexible framework to support the next decade of scientific and industrial analysis.",openalex,llm,0.970,unreviewed,,doi:10.1038/s41586-020-2649-2
discarded,Array programming with NumPy,Cr Harris; KJ Millman; SJ van der Walt; R Gommers; P Virtanen; D Cournapeau; E Wieser; J Taylor; S Berg; NJ Smith; R Kern; M Picus; S Hoyer; MH van Kerkwijk; M Brett; A Haldane; JF Rio; M Wiebe; P Peterson; P Gérard-Marchant; K Sheppard; T Reddy; W Weckesser; H Abbasi; C Gohlke; TE Oliphant,2020,TUScholarShare (Temple University),,https://openalex.org/W3099878876,off-topic-false-hit,"© 2020, The Author(s). Array programming provides a powerful, compact and expressive syntax for accessing, manipulating and operating on data in vectors, matrices and higher-dimensional arrays. NumPy is the primary array programming library for the Python language. It has an essential role in research analysis pipelines in fields as diverse as physics, chemistry, astronomy, geoscience, biology, psychology, materials science, engineering, finance and economics. For example, in astronomy, NumPy was an important part of the software stack used in the discovery of gravitational waves1 and in the first imaging of a black hole2. Here we review how a few fundamental array concepts lead to a simple and powerful programming paradigm for organizing, exploring and analysing scientific data. NumPy is the foundation upon which the scientific Python ecosystem is constructed. It is so pervasive that several projects, targeting audiences with specialized needs, have developed their own NumPy-like interfaces and array objects. Owing to its central position in the ecosystem, NumPy increasingly acts as an interoperability layer between such array computation libraries and, together with its application programming interface (API), provides a flexible framework to support the next decade of scientific and industrial analysis.",openalex,llm,0.970,unreviewed,,hash:bf90b327d735a8c2
discarded,Student engagement with teacher and automated feedback on L2 writing,Zhe Zhang; Ken Hyland,2018,Assessing Writing,10.1016/j.asw.2018.02.004,https://openalex.org/W2793493211,off-topic-false-hit,,openalex,llm,0.980,unreviewed,,doi:10.1016/j.asw.2018.02.004
discarded,Automating the design of graphical presentations of relational information,Jock D. Mackinlay,1986,ACM Transactions on Graphics,10.1145/22949.22950,https://openalex.org/W2132881639,off-topic-false-hit,"The goal of the research described in this paper is to develop an application-independent presentation tool that automatically designs effective graphical presentations (such as bar charts, scatter plots, and connected graphs) of relational information. Two problems are raised by this goal: The codification of graphic design criteria in a form that can be used by the presentation tool, and the generation of a wide variety of designs so that the presentation tool can accommodate a wide variety of information. The approach described in this paper is based on the view that graphical presentations are sentences of graphical languages. The graphic design issues are codified as expressiveness and effectiveness criteria for graphical languages. Expressiveness criteria determine whether a graphical language can express the desired information. Effectiveness criteria determine whether a graphical language exploits the capabilities of the output medium and the human visual system. A wide variety of designs can be systematically generated by using a composition algebra that composes a small set of primitive graphical languages. Artificial intelligence techniques are used to implement a prototype presentation tool called APT (A Presentation Tool), which is based on the composition algebra and the graphic design criteria.",openalex,llm,0.970,unreviewed,,doi:10.1145/22949.22950
discarded,Automated essay evaluation: the criterion online writing service,Jill Burstein; Martin Chodorow; Claudia Leacock,2004,,10.1609/aimag.v25i3.1774,https://openalex.org/W2154446588,off-topic-false-hit,"Evaluation Service, a web-based system that provides automated scoring and evaluation of student essays. Criterion has two complementary applications: (1) Critique Writing Analysis Tools, a suite of programs that detect errors in grammar, usage, and mechanics, that identify discourse elements in the essay, and that recognize potentially undesirable elements of style, and (2) e-rater version 2.0, an automated essay scoring system. Critique and e-rater provide students with feedback that is specific to their writing in order to help them improve their writing skills and is intended to be used under the instruction of a classroom teacher. Both applications employ natural language processing and machine learning techniques. All of these capabilities outperform baseline algorithms, and some of the tools agree with human judges in their evaluations as often as two judges agree with each other. The best way to improve one’s writing skills is to write, receive feedback from an instructor, revise based on the feedback, and then repeat the whole process as often as possible. Unfortunately, this puts an enormous load on the classroom teacher, who is faced with reading and providing feedback for perhaps 30 essays or more every time a topic is assigned. As a result, teachers are not able to give writing assignments as often as they would wish. With this in mind, researchers have sought to develop applications that automate essay",openalex,llm,0.990,unreviewed,,doi:10.1609/aimag.v25i3.1774
discarded,Automated Grading and Feedback Tools for Programming Education: A Systematic Review,Marcus Messer; Neil C. C. Brown; Michael Kölling; Miaojing Shi,2023,ACM Transactions on Computing Education,10.1145/3636515,https://openalex.org/W4381586920,adjacent-subtopic,"We conducted a systematic literature review on automated grading and feedback tools for programming education. We analysed 121 research papers from 2017 to 2021 inclusive and categorised them based on skills assessed, approach, language paradigm, degree of automation, and evaluation techniques. Most papers assess the correctness of assignments in object-oriented languages. Typically, these tools use a dynamic technique, primarily unit testing, to provide grades and feedback to the students or static analysis techniques to compare a submission with a reference solution or with a set of correct student submissions. However, these techniques’ feedback is often limited to whether the unit tests have passed or failed, the expected and actual output, or how they differ from the reference solution. Furthermore, few tools assess the maintainability, readability, or documentation of the source code, with most using static analysis techniques, such as code quality metrics, in conjunction with grading correctness. Additionally, we found that most tools offered fully automated assessment to allow for near-instantaneous feedback and multiple resubmissions, which can increase student satisfaction and provide them with more opportunities to succeed. In terms of techniques used to evaluate the tools’ performance, most papers primarily use student surveys or compare the automatic assessment tools to grades or feedback provided by human graders. However, because the evaluation dataset is frequently unavailable, it is more difficult to reproduce results and compare tools to a collection of common assignments.",openalex,llm,0.870,unreviewed,,doi:10.1145/3636515
discarded,Stop! Grammar time: University students’ perceptions of the automated feedback program Grammarly,Ruth O'Neill; Alex Russell,2018,Australasian Journal of Educational Technology,10.14742/ajet.3795,https://openalex.org/W2793658793,off-topic-false-hit,"Universities are increasingly looking towards online technology to assist their students. Grammarly advertises itself as the world’s most accurate online grammar checker, yet little research exists on its performance as a feedback tool in universities. This paper reports on a study investigating students’ perceptions of Grammarly when used in conjunction with advice from an academic learning advisor. Using a mixed methods sequential explanatory design, the study compared one group of students’ responses to the feedback they received from Grammarly (n = 54) with another group’s responses to the traditional non-automated grammar feedback they received from the Academic Learning Centre at CQUniversity (n = 42). Results show that students receiving feedback from Grammarly responded more positively to 9 of the 15 survey items and were significantly more satisfied with the grammar advice that they received compared with non-Grammarly students. No significant differences were registered between cohorts or delivery mode, which suggests that Grammarly can be used effectively by academic learning advisors to provide grammar support for both international and domestic students, online and on campus. It is recommended, however, that the program be used in conjunction with academic learning advisor input as the program is currently not accurate enough for independent use to be justified.",openalex,llm,0.990,unreviewed,,doi:10.14742/ajet.3795
discarded,AI-generated feedback on writing: insights into efficacy and ENL student preference,Juan Escalante; Austin Pack; Alex Barrett,2023,International Journal of Educational Technology in Higher Education,10.1186/s41239-023-00425-2,https://openalex.org/W4387954002,off-topic-false-hit,"Abstract The question of how generative AI tools, such as large language models and chatbots, can be leveraged ethically and effectively in education is ongoing. Given the critical role that writing plays in learning and assessment within educational institutions, it is of growing importance for educators to make thoughtful and informed decisions as to how and in what capacity generative AI tools should be leveraged to assist in the development of students’ writing skills. This paper reports on two longitudinal studies. Study 1 examined learning outcomes of 48 university English as a new language (ENL) learners in a six-week long repeated measures quasi experimental design where the experimental group received writing feedback generated from ChatGPT (GPT-4) and the control group received feedback from their human tutor. Study 2 analyzed the perceptions of a different group of 43 ENLs who received feedback from both ChatGPT and their tutor. Results of study 1 showed no difference in learning outcomes between the two groups. Study 2 results revealed a near even split in preference for AI-generated or human-generated feedback, with clear advantages to both forms of feedback apparent from the data. The main implication of these studies is that the use of AI-generated feedback can likely be incorporated into ENL essay evaluation without affecting learning outcomes, although we recommend a blended approach that utilizes the strengths of both forms of feedback. The main contribution of this paper is in addressing generative AI as an automatic essay evaluator while incorporating learner perspectives.",openalex,llm,0.990,unreviewed,,doi:10.1186/s41239-023-00425-2
discarded,Students’ Misconceptions and Other Difficulties in Introductory Programming,Yizhou Qian; James Daniel Lehman,2017,ACM Transactions on Computing Education,10.1145/3077618,https://openalex.org/W2766624855,off-topic-false-hit,"Efforts to improve computer science education are underway, and teachers of computer science are challenged in introductory programming courses to help learners develop their understanding of programming and computer science. Identifying and addressing students’ misconceptions is a key part of a computer science teacher's competence. However, relevant research on this topic is not as fully developed in the computer science education field as it is in mathematics and science education. In this article, we first review relevant literature on general definitions of misconceptions and studies about students’ misconceptions and other difficulties in introductory programming. Next, we investigate the factors that contribute to the difficulties. Finally, strategies and tools to address difficulties including misconceptions are discussed. Based on the review of literature, we found that students exhibit various misconceptions and other difficulties in syntactic knowledge, conceptual knowledge, and strategic knowledge. These difficulties experienced by students are related to many factors including unfamiliarity of syntax, natural language, math knowledge, inaccurate mental models, lack of strategies, programming environments, and teachers’ knowledge and instruction. However, many sources of students’ difficulties have connections with students’ prior knowledge. To better understand and address students’ misconceptions and other difficulties, various instructional approaches and tools have been developed. Nevertheless, the dissemination of these approaches and tools has been limited. Thus, first, we suggest enhancing the dissemination of existing tools and approaches and investigating their long-term effects. Second, we recommend that computing education research move beyond documenting misconceptions to address the development of students’ (mis)conceptions by integrating conceptual change theories. Third, we believe that developing and enhancing instructors’ pedagogical content knowledge (PCK), including their knowledge of students’ misconceptions and ability to apply effective instructional approaches and tools to address students’ difficulties, is vital to the success of teaching introductory programming.",openalex,llm,0.920,unreviewed,,doi:10.1145/3077618
discarded,Highly accurate protein structure prediction with AlphaFold,John Jumper; Richard Evans; Alexander Pritzel; Tim Green; Michael Figurnov; Olaf Ronneberger; Kathryn Tunyasuvunakool; Russ Bates; Augustin Žídek; Anna Potapenko; Alex Bridgland; Clemens Meyer; Simon Köhl; Andrew J. Ballard; Andrew Cowie; Bernardino Romera‐Paredes; Stanislav Nikolov; Rishub Jain; Jonas Adler; Trevor Back; Stig Petersen; David Reiman; Ellen Clancy; Michał Zieliński; Martin Steinegger; Michalina Pacholska; Tamas Berghammer; Sebastian W. Bodenstein; David Silver; Oriol Vinyals; Andrew Senior; Koray Kavukcuoglu; Pushmeet Kohli; Demis Hassabis,2021,Nature,10.1038/s41586-021-03819-2,https://openalex.org/W3177828909,off-topic-false-hit,"Abstract Proteins are essential to life, and understanding their structure can facilitate a mechanistic understanding of their function. Through an enormous experimental effort 1–4 , the structures of around 100,000 unique proteins have been determined 5 , but this represents a small fraction of the billions of known protein sequences 6,7 . Structural coverage is bottlenecked by the months to years of painstaking effort required to determine a single protein structure. Accurate computational approaches are needed to address this gap and to enable large-scale structural bioinformatics. Predicting the three-dimensional structure that a protein will adopt based solely on its amino acid sequence—the structure prediction component of the ‘protein folding problem’ 8 —has been an important open research problem for more than 50 years 9 . Despite recent progress 10–14 , existing methods fall far short of atomic accuracy, especially when no homologous structure is available. Here we provide the first computational method that can regularly predict protein structures with atomic accuracy even in cases in which no similar structure is known. We validated an entirely redesigned version of our neural network-based model, AlphaFold, in the challenging 14th Critical Assessment of protein Structure Prediction (CASP14) 15 , demonstrating accuracy competitive with experimental structures in a majority of cases and greatly outperforming other methods. Underpinning the latest version of AlphaFold is a novel machine learning approach that incorporates physical and biological knowledge about protein structure, leveraging multi-sequence alignments, into the design of the deep learning algorithm.",openalex,llm,0.990,unreviewed,,doi:10.1038/s41586-021-03819-2
