status,title,authors,year,venue,doi,url,tags,abstract,provider,decision_source,llm_confidence,llm_review_outcome,llm_change_direction,paper_id
discarded,A large empirical assessment of the role of data balancing in machine-learning-based code smell detection,Fabiano Pecorelli; Dario Di Nucci; Coen De Roover; Andrea De Lucia,2020,Journal of Systems and Software,10.1016/j.jss.2020.110693,https://openalex.org/W3035156651,adjacent-subtopic,"Code smells can compromise software quality in the long term by inducing technical debt. For this reason, many approaches aimed at identifying these design flaws have been proposed in the last decade. Most of them are based on heuristics in which a set of metrics is used to detect smelly code components. However, these techniques suffer from subjective interpretations, a low agreement between detectors, and threshold dependability. To overcome these limitations, previous work applied Machine-Learning that can learn from previous datasets without needing any threshold definition. However, more recent work has shown that Machine-Learning is not always suitable for code smell detection due to the highly imbalanced nature of the problem. In this study, we investigate five approaches to mitigate data imbalance issues to understand their impact on Machine Learning-based approaches for code smell detection in Object-Oriented systems and those implementing the Model-View-Controller pattern. Our findings show that avoiding balancing does not dramatically impact accuracy. Existing data balancing techniques are inadequate for code smell detection leading to poor accuracy for Machine-Learning-based approaches. Therefore, new metrics to exploit different software characteristics and new techniques to effectively combine them are needed.",openalex,llm,0.850,unreviewed,,doi:10.1016/j.jss.2020.110693
discarded,Code Smell Detection Using Ensemble Machine Learning Algorithms,Seema Dewangan; Rajwant Singh Rao; Alok Mishra; Manjari Gupta,2022,Applied Sciences,10.3390/app122010321,https://openalex.org/W4306149605,adjacent-subtopic,"Code smells are the result of not following software engineering principles during software development, especially in the design and coding phase. It leads to low maintainability. To evaluate the quality of software and its maintainability, code smell detection can be helpful. Many machine learning algorithms are being used to detect code smells. In this study, we applied five ensemble machine learning and two deep learning algorithms to detect code smells. Four code smell datasets were analyzed: the Data class, the God class, the Feature-envy, and the Long-method datasets. In previous works, machine learning and stacking ensemble learning algorithms were applied to this dataset and the results found were acceptable, but there is scope of improvement. A class balancing technique (SMOTE) was applied to handle the class imbalance problem in the datasets. The Chi-square feature extraction technique was applied to select the more relevant features in each dataset. All five algorithms obtained the highest accuracy—100% for the Long-method dataset with the different selected sets of metrics, and the poorest accuracy, 91.45%, was achieved by the Max voting method for the Feature-envy dataset for the selected twelve sets of metrics.",openalex,llm,0.850,unreviewed,,doi:10.3390/app122010321
discarded,MORE: A multi‐objective refactoring recommendation approach to introducing design patterns and fixing code smells,Ali Ouni; Marouane Kessentini; Mel Ó Cinnéide; Houari Sahraoui; Kalyanmoy Deb; Katsuro Inoue,2017,Journal of Software Evolution and Process,10.1002/smr.1843,https://openalex.org/W2592568457,adjacent-subtopic,"Refactoring is widely recognized as a crucial technique applied when evolving object‐oriented software systems. If applied well, refactoring can improve different aspects of software quality including readability, maintainability, and extendibility. However, despite its importance and benefits, recent studies report that automated refactoring tools are underused much of the time by software developers. This paper introduces an automated approach for refactoring recommendation, called MORE, driven by 3 objectives: (1) to improve design quality (as defined by software quality metrics), (2) to fix code smells, and (3) to introduce design patterns. To this end, we adopt the recent nondominated sorting genetic algorithm, NSGA‐III, to find the best trade‐off between these 3 objectives. We evaluated the efficacy of our approach using a benchmark of 7 medium and large open‐source systems, 7 commonly occurring code smells (god class, feature envy, data class, spaghetti code, shotgun surgery, lazy class, and long parameter list), and 4 common design pattern types (visitor, factory method, singleton, and strategy). Our approach is empirically evaluated through a quantitative and qualitative study to compare it against 3 different state‐of‐the art approaches, 2 popular multiobjective search algorithms, and random search. The statistical analysis of the results confirms the efficacy of our approach in improving the quality of the studied systems while successfully fixing 84% of code smells and introducing an average of 6 design patterns. In addition, the qualitative evaluation shows that most of the suggested refactorings (an average of 69%) are considered by developers to be relevant and meaningful.",openalex,llm,0.830,unreviewed,,doi:10.1002/smr.1843
discarded,On experimenting refactoring tools to remove code smells,Francesca Arcelli Fontana; Marco Mangiacavalli; Domenico Pochiero; Marco Zanoni,2015,,10.1145/2764979.2764986,https://openalex.org/W2015418718,adjacent-subtopic,"When we develop a software project of a certain complexity, source code maintainability could become a problem, in particular if developers do not use a consolidate development process that simplifies the management of the entire project. When source code becomes very complex, it is difficult for developers to share and modify it. We can improve internal software qualities such as reusability, maintainability and readability through refactoring. Refactoring can be applied to remove possible problems in the code, as code smells. Identifying code smells and removing them through refactoring results in better code maintainability, but it can be an overwhelming task. In this paper, we describe our experimentation on using four refactoring tools to remove code smells in four systems, with the aim to outline advantages and disadvantages of the tools with respect to the accomplishment of this task, and to identify the smells easier to be removed among the ones we considered in this paper.",openalex,llm,0.830,unreviewed,,doi:10.1145/2764979.2764986
discarded,A large scale study on how developers discuss code smells and anti-pattern in Stack Exchange sites,Amjed Tahir; Jens Dietrich; Steve Counsell; Sherlock A. Licorish; Aiko Yamashita,2020,Information and Software Technology,10.1016/j.infsof.2020.106333,https://openalex.org/W3022798049,adjacent-subtopic,,openalex,llm,0.800,unreviewed,,doi:10.1016/j.infsof.2020.106333
discarded,Code smells for machine learning applications,Haiyin Zhang; Luís Cruz; Arie van Deursen,2022,,10.1145/3522664.3528620,https://openalex.org/W4312432177,adjacent-subtopic,"The popularity of machine learning has wildly expanded in recent years. Machine learning techniques have been heatedly studied in academia and applied in the industry to create business value. However, there is a lack of guidelines for code quality in machine learning applications. In particular, code smells have rarely been studied in this domain. Although machine learning code is usually integrated as a small part of an overarching system, it usually plays an important role in its core functionality. Hence ensuring code quality is quintessential to avoid issues in the long run. This paper proposes and identifies a list of 22 machine learning-specific code smells collected from various sources, including papers, grey literature, GitHub commits, and Stack Overflow posts. We pinpoint each smell with a description of its context, potential issues in the long run, and proposed solutions. In addition, we link them to their respective pipeline stage and the evidence from both academic and grey literature. The code smell catalog helps data scientists and developers produce and maintain high-quality machine learning application code.",openalex,llm,0.830,unreviewed,,doi:10.1145/3522664.3528620
discarded,Detection of naming convention violations in process models for different languages,Henrik Leopold; Rami-Habib Eid-Sabbagh; Jan Mendling; Leonardo Guerreiro Azevedo; Fernanda Baião,2013,Decision Support Systems,10.1016/j.dss.2013.06.014,https://openalex.org/W2102556303,off-topic-false-hit,,openalex,llm,0.900,unreviewed,,doi:10.1016/j.dss.2013.06.014
discarded,Improving change prediction models with code smell-related information,Gemma Catolino; Fabio Palomba; Francesca Arcelli Fontana; Andrea De Lucia; Andy Zaidman; Filomena Ferrucci,2019,Empirical Software Engineering,10.1007/s10664-019-09739-0,https://openalex.org/W2946009226,adjacent-subtopic,,openalex,llm,0.830,unreviewed,,doi:10.1007/s10664-019-09739-0
discarded,Understanding Code Smell Detection via Code Review: A Study of the OpenStack Community,Xiaofeng Han; Amjed Tahir; Peng Liang; Steve Counsell; Yajing Luo,2021,2021 IEEE/ACM 29th International Conference on Program Comprehension (ICPC),10.1109/ICPC52881.2021.00038,https://ieeexplore.ieee.org/document/9463021/,adjacent-subtopic,"Code review plays an important role in software quality control. A typical review process would involve a careful check of a piece of code in an attempt to find defects and other quality issues/violations. One type of issues that may impact the quality of the software is code smells - i.e., bad programming practices that may lead to defects or maintenance issues. Yet, little is known about the extent to which code smells are identified during code reviews. To investigate the concept behind code smells identified in code reviews and what actions reviewers suggest and developers take in response to the identified smells, we conducted an empirical study of code smells in code reviews using the two most active OpenStack projects (Nova and Neutron). We manually checked 19,146 review comments obtained by keywords search and random selection, and got 1,190 smell-related reviews to study the causes of code smells and actions taken against the identified smells. Our analysis found that 1) code smells were not commonly identified in code reviews, 2) smells were usually caused by violation of coding conventions, 3) reviewers usually provided constructive feedback, including fixing (refactoring) recommendations to help developers remove smells, and 4) developers generally followed those recommendations and actioned the changes. Our results suggest that 1) developers should closely follow coding conventions in their projects to avoid introducing code smells, and 2) review-based detection of code smells is perceived to be a trustworthy approach by developers, mainly because reviews are context-sensitive (as reviewers are more aware of the context of the code given that they are part of the project's development team).",ieee,llm,0.860,unreviewed,,doi:10.1109/icpc52881.2021.00038
discarded,A Preliminary Study on Using Code Smells to Improve Bug Localization,Aoi Takahashi; Natthawute Sae-Lim; Shinpei Hayashi; Motoshi Saeki,2018,2018 IEEE/ACM 26th International Conference on Program Comprehension (ICPC),,https://ieeexplore.ieee.org/document/8973028/,adjacent-subtopic,"Bug localization is a technique that has been proposed to support the process of identifying the locations of bugs specified in a bug report. A traditional approach such as information retrieval (IR)-based bug localization calculates the similarity between the bug description and the source code and suggests locations that are likely to contain the bug. However, while many approaches have been proposed to improve the accuracy, the likelihood of each module having a bug is often overlooked or they are treated equally, whereas this may not be the case. For example, modules having code smells have been found to be more prone to changes and faults. Therefore, in this paper, we explore a first step toward leveraging code smells to improve bug localization. By combining the code smell severity with the textual similarity from IR-based bug localization, we can identify the modules that are not only similar to the bug description but also have a higher likelihood of containing bugs. Our preliminary evaluation on four open source projects shows that our technique can improve the baseline approach by 142.25% and 30.50% on average for method and class levels, respectively.",ieee,llm,0.820,unreviewed,,hash:6694f53277955c93
discarded,Comparing Heuristic and Machine Learning Approaches for Metric-Based Code Smell Detection,Fabiano Pecorelli; Fabio Palomba; Dario Di Nucci; Andrea De Lucia,2019,2019 IEEE/ACM 27th International Conference on Program Comprehension (ICPC),10.1109/ICPC.2019.00023,https://ieeexplore.ieee.org/document/8813271/,adjacent-subtopic,"Code smells represent poor implementation choices performed by developers when enhancing source code. Their negative impact on source code maintainability and comprehensibility has been widely shown in the past and several techniques to automatically detect them have been devised. Most of these techniques are based on heuristics, namely they compute a set of code metrics and combine them by creating detection rules; while they have a reasonable accuracy, a recent trend is represented by the use of machine learning where code metrics are used as predictors of the smelliness of code artefacts. Despite the recent advances in the field, there is still a noticeable lack of knowledge of whether machine learning can actually be more accurate than traditional heuristic-based approaches. To fill this gap, in this paper we propose a large-scale study to empirically compare the performance of heuristic-based and machine-learning-based techniques for metric-based code smell detection. We consider five code smell types and compare machine learning models with DECOR, a state-of-the-art heuristic-based approach. Key findings emphasize the need of further research aimed at improving the effectiveness of both machine learning and heuristic approaches for code smell detection: while DECOR generally achieves better performance than a machine learning baseline, its precision is still too low to make it usable in practice.",ieee,llm,0.850,unreviewed,,doi:10.1109/icpc.2019.00023
discarded,Tuning Code Smell Prediction Models: A Replication Study,Henrique Gomes Nunes; Amanda Santana; Eduardo Figueiredo; Heitor Costa,2024,2024 IEEE/ACM 32nd International Conference on Program Comprehension (ICPC),,https://ieeexplore.ieee.org/document/10556462/,adjacent-subtopic,"Identifying code smells in projects is a non-trivial task, and it is often a subjective activity since developers have different understandings about them. The use of machine learning techniques to predict code smells is gaining attention. In this replication study, our goals are: (i) verify if previous model’s performance maintain when we extract data from updated systems; and (ii) explore and provide evidences of how the use of different feature engineering and resampling techniques can enhance code smell prediction model’s performance. For these purposes, we evaluate four smells: God Class, Refused Bequest, Feature Envy and Long Method. We first replicate a previous study that focus on the algorithm’s performance to identify the best models for each smell using a different dataset composed of 30 Java systems. This first experiment provides us a baseline model that is used in the second experiment. In the second experiment, we compare the performance of the baseline model with other models tuned with polynomial features and resample techniques. Our main results are: for datasets with imbalances lower than a ratio of $1: 100$, such as God Class and Long Method, the use of oversample techniques yielded better results. For datasets with more severe imbalance, like Refused Bequest and Feature Envy, the undersample techniques performed better. The feature selection technique, despite a minor impact on the results, provided insights. For instance, we need new features to represent some code smells, such as Long Method and Feature Envy.",ieee,llm,0.840,unreviewed,,hash:5024d7ce6dfe9ae6
discarded,Developer-Driven Code Smell Prioritization,Fabiano Pecorelli; Fabio Palomba; Foutse Khomh; Andrea De Lucia,2020,2020 IEEE/ACM 17th International Conference on Mining Software Repositories (MSR),10.1145/3379597.3387457,https://ieeexplore.ieee.org/document/10148747/,adjacent-subtopic,"Code smells are symptoms of poor implementation choices applied during software evolution. While previous research has devoted effort in the definition of automated solutions to detect them, still little is known on how to support developers when prioritizing them. Some works attempted to deliver solutions that can rank smell instances based on their severity, computed on the basis of software metrics. However, this may not be enough since it has been shown that the recommendations provided by current approaches do not take the developer's perception of design issues into account. In this paper, we perform a first step toward the concept of developer-driven code smell prioritization and propose an approach based on machine learning able to rank code smells according to the perceived criticality that developers assign to them. We evaluate our technique in an empirical study to investigate its accuracy and the features that are more relevant for classifying the developer's perception. Finally, we compare our approach with a state-of-the-art technique. Key findings show that the our solution has an F-Measure up to 85% and outperforms the baseline approach.",ieee,llm,0.840,unreviewed,,doi:10.1145/3379597.3387457
discarded,How Does Incomplete Composite Refactoring Affect Internal Quality Attributes?,Ana Carla Bibiano; Vinicius Soares; Daniel Coutinho; Eduardo Fernandes; João Lucas Correia; Kleber Santos; Anderson Oliveira; Alessandro Garcia; Rohit Gheyi; Baldoino Fonseca; Márcio Ribeiro; Caio Barbosa; Daniel Oliveira,2020,2020 IEEE/ACM 28th International Conference on Program Comprehension (ICPC),10.1145/3387904.3389264,https://ieeexplore.ieee.org/document/10186840/,adjacent-subtopic,"Program refactoring consists of code changes applied to improve the internal structure of a program and, as a consequence, its comprehensibility. Recent studies indicate that developers often perform composite refactorings, i.e., a set of two or more interrelated single refactorings. Recent studies also recommend certain patterns of composite refactorings to fully remove poor code structures, i.e, code smells, thus further improving the program comprehension. However, other recent studies report that composite refactorings often fail to fully remove code smells. Given their failure to achieve this purpose, these composite refactorings are considered incomplete, i.e, they are not able to entirely remove a smelly structure. Unfortunately, there is no study providing an in-depth analysis of the incompleteness nature of many composites and their possibly partial impact on improving, maybe decreasing, internal quality attributes. This paper identifies the most common forms of incomplete composites, and their effect on quality attributes, such as coupling and cohesion, which are known to have an impact on program comprehension. We analyzed 353 incomplete composite refactorings in 5 software projects, two common code smells (Feature Envy and God Class), and four internal quality attributes. Our results reveal that incomplete composite refactorings with at least one Extract Method are often (71%) applied without Move Methods on smelly classes. We have also found that most incomplete composite refactorings (58%) tended to at least maintain the internal structural quality of smelly classes, thereby not causing more harm to program comprehension. We also discuss the implications of our findings to the research and practice of composite refactoring.",ieee,llm,0.830,unreviewed,,doi:10.1145/3387904.3389264
discarded,An Empirical Analysis on Fault-Proneness of Well-Commented Modules,Hirohisa Aman,2012,2012 Fourth International Workshop on Empirical Software Engineering in Practice,10.1109/IWESEP.2012.12,https://ieeexplore.ieee.org/document/6363289/,adjacent-subtopic,"Comment statements are useful to enhance the readability and/or understandability of software modules. However, some comments may adjust the readability/understandability of code fragments that are too complicated and hard to understand-a kind of code smell. Consequently, some well-written comments may be signs of poorquality modules. This paper focuses on the lines of comments written in modules, and performs an empirical analysis with three major open source software and their fault data. The empirical results show that the risk of being faulty in wellcommented modules is about 2 to 8 times greater than noncommented modules.",ieee,llm,0.800,unreviewed,,doi:10.1109/iwesep.2012.12
