status,title,authors,year,venue,doi,url,tags,abstract,provider,decision_source,llm_confidence,llm_review_outcome,llm_change_direction,paper_id
discarded,Python Coding Style Compliance on Stack Overflow,Nikolaos Bafatakis; Niels Boecker; Wenjie Boon; Martin Cabello Salazar; Jens Krinke; Gazi Oznacar; Robert White,2019,,10.1109/msr.2019.00042,https://openalex.org/W2954553057,adjacent-subtopic,"Software developers all over the world use Stack Overflow (SO) to interact and exchange code snippets. Research also uses SO to harvest code snippets for use with recommendation systems. However, previous work has shown that code on SO may have quality issues, such as security or license problems. We analyse Python code on SO to determine its coding style compliance. From 1,962,535 code snippets tagged with 'python', we extracted 407,097 snippets of at least 6 statements of Python code. Surprisingly, 93.87% of the extracted snippets contain style violations, with an average of 0.7 violations per statement and a huge number of snippets with a considerably higher ratio. Researchers and developers should, therefore, be aware that code snippets on SO may not representative of good coding style. Furthermore, while user reputation seems to be unrelated to coding style compliance, for posts with vote scores in the range between -10 and 20, we found a strong correlation (r = -0.87, p <; 10^-7) between the vote score a post received and the average number of violations per statement for snippets in such posts.",openalex,llm,0.960,unreviewed,,doi:10.1109/msr.2019.00042
discarded,Conformational Changes in the α- and β-Subunits of the Insulin Receptor Identified by Anti-peptide Antibodies,R.K. Perlman; Donald P. Bottaro; Morris F. White; C. Ronald Kahn,1989,Journal of Biological Chemistry,10.1016/s0021-9258(18)81885-3,https://openalex.org/W115701967,off-topic-false-hit,"The structure of the insulin receptor was studied with polyclonal antibodies obtained from rabbits which were immunized with synthetic peptides having a sequence identity to three regions of the alpha-subunit and five regions of the beta-subunit. None of the alpha-subunit antibodies including alpha-Pep8 (residues 40-49 (Ullrich, A., Bell, J.R., Chen, E.Y., Herrera, R., Petruzzelli, L.M., Dull, T.J., Gray, A., Coussens, L., Liao, Y.-C., Tsubokawa, M., Mason, A., Seeburg, P.H., Grunfeld, C., Rosen, O.M., and Ramachandran, J. (1985) Nature 313, 756-761), alpha-Pep7 (12 amino acid C-terminal extension (Ebina, Y., Ellis, L., Jarnagin, K., Ederly, M., Graf, L., Clauser, E., Ou, J.-H., Masiar, F., Kan, Y.W., Goldfine, I.D., Roth, R.A., and Rutter, W.J. (1985) Cell 313, 747-758], or alpha-Pep6 (residues 1-7, 9) immunoprecipitated the human insulin receptor solubilized from IM-9 lymphocytes; however, alpha-Pep8 immunoprecipitated the dithiothreitol-reduced receptor. Antibodies prepared against the N terminus of the beta-subunit (alpha-Pep5, residues 780-790) and the ATP binding site (alpha-Pep3, residues 1013-1022) did not react with the intact receptor under any conditions; however, antibodies to the C terminus of the beta-subunit (alpha-Pep1, residues 1314-1324) and to the juxta-membrane region (alpha-Pep3, residues 952-962) immunoprecipitated the solubilized receptor in both its phosphorylated and nonphosphorylated forms. In contrast, the antibody reactive with the regulatory region of the beta-subunit which contains the major autophosphorylation sites (alpha-Pep2, residues 1143-1154) only precipitated the phosphorylated form. Thus the conformation of the extracellular domain of the receptor is rigid and stabilized by disulfide bonds, whereas several regions of the intracellular domain are accessible to antibodies and undergo conformational changes during autophosphorylation.",openalex,llm,1.000,unreviewed,,doi:10.1016/s0021-9258(18)81885-3
discarded,Information-Theoretical Analysis of EEG Microstate Sequences in Python,Frederic von Wegner; Helmut Laufs,2018,Frontiers in Neuroinformatics,10.3389/fninf.2018.00030,https://openalex.org/W2799845610,off-topic-false-hit,"We present an open-source Python package to compute information-theoretical quantities for electroencephalographic data. Electroencephalography (EEG) measures the electrical potential generated by the cerebral cortex and the set of spatial patterns projected by the brain's electrical potential on the scalp surface can be clustered into a set of representative maps called EEG microstates. Microstate time series are obtained by competitively fitting the microstate maps back into the EEG data set, i.e., by substituting the EEG data at a given time with the label of the microstate that has the highest similarity with the actual EEG topography. As microstate sequences consist of non-metric random variables, e.g., the letters A-D, we recently introduced information-theoretical measures to quantify these time series. In wakeful resting state EEG recordings, we found new characteristics of microstate sequences such as periodicities related to EEG frequency bands. The algorithms used are here provided as an open-source package and their use is explained in a tutorial style. The package is self-contained and the programming style is procedural, focusing on code intelligibility and easy portability. Using a sample EEG file, we demonstrate how to perform EEG microstate segmentation using the modified K-means approach, and how to compute and visualize the recently introduced information-theoretical tests and quantities. The time-lagged mutual information function is derived as a discrete symbolic alternative to the autocorrelation function for metric time series and confidence intervals are computed from Markov chain surrogate data. The software package provides an open-source extension to the existing implementations of the microstate transform and is specifically designed to analyze resting state EEG recordings.",openalex,llm,0.950,unreviewed,,doi:10.3389/fninf.2018.00030
discarded,OOPNET: An object-oriented EPANET in Python,David Steffelbauer; Daniela Fuchs-Hanusch,2015,Procedia Engineering,10.1016/j.proeng.2015.08.924,https://openalex.org/W1811699023,off-topic-false-hit,Several attempts of the past aimed to convert EPANET into a bigger open-source project by rewriting EPANET in an object-oriented way. We introduce a Python based object-oriented EPANET (OOPNET) with the purpose to address water engineers that might be not so familiar with complex programming languages like C++ or Java. EPANET input files are translated into the object oriented structure of OOPNET and manipulated and simulated with EPANET's command-line interface through Python. The replacement of EPANET by a hydraulic solver in Python is still ongoing and has the purpose to provide a solution completely written in one programing language.,openalex,llm,0.920,unreviewed,,doi:10.1016/j.proeng.2015.08.924
discarded,"DOPA-Negative Melanocytes in the Outer Root Sheath of Human Hair Follicles Express Premelanosomal Antigens But Not a Melanosomal Antigen or the Melanosome-Associated Glycoproteins Tyrosinase, TRP-1, and TRP-2",Tatsuya Horikawa; David A. Norris; Tom Johnson; Tamara Zekman; Nancy Dunscomb; Scott D. Bennion; Ronald L. Jackson; Joseph G. Morelli,1996,Journal of Investigative Dermatology,10.1111/1523-1747.ep12326989,https://openalex.org/W1972091291,off-topic-false-hit,,openalex,llm,0.990,unreviewed,,doi:10.1111/1523-1747.ep12326989
discarded,The pep/8 memory tracer,J. Stanley Warford; Chris Dimpfl,2010,,10.1145/1734263.1734389,https://openalex.org/W2021451816,off-topic-false-hit,"This paper presents a virtual machine simulator with a memory trace facility having two unique features. First, the machine is designed to illustrate the translation from C/C++ to assembly language and from thence to machine language. Instead of the more common memory dump labeled by address, the tracer displays a graphic representation of the cell labeled by its symbol. Second, the simulator displays in real time the growth of the run-time stack on function activation, detects and displays the boundaries of the activation record, and displays all the cells on the run-time stack labeled by symbol. The paper includes download information for the open-source application.",openalex,llm,0.980,unreviewed,,doi:10.1145/1734263.1734389
discarded,Experimenting with reproducibility: a case study of robustness in bioinformatics,Yang-Min Kim; Jean‐Baptiste Poline; Guillaume Dumas,2018,GigaScience,10.1093/gigascience/giy077,https://openalex.org/W2810419619,off-topic-false-hit,"Reproducibility has been shown to be limited in many scientific fields. This question is a fundamental tenet of scientific activity, but the related issues of reusability of scientific data are poorly documented. Here, we present a case study of our difficulties in reproducing a published bioinformatics method even though code and data were available. First, we tried to re-run the analysis with the code and data provided by the authors. Second, we reimplemented the whole method in a Python package to avoid dependency on a MATLAB license and ease the execution of the code on a high-performance computing cluster. Third, we assessed reusability of our reimplementation and the quality of our documentation, testing how easy it would be to start from our implementation to reproduce the results. In a second section, we propose solutions from this case study and other observations to improve reproducibility and research efficiency at the individual and collective levels.While finalizing our code, we created case-specific documentation and tutorials for the associated Python package StratiPy. Readers are invited to experiment with our reproducibility case study by generating the two confusion matrices (see more in section ""Robustness: from MATLAB to Python, language and organization""). Here, we propose two options: a step-by-step process to follow in a Jupyter/IPython notebook or a Docker container ready to be built and run.",openalex,llm,0.900,unreviewed,,doi:10.1093/gigascience/giy077
discarded,MLPro 1.0 - Standardized reinforcement learning and game theory in Python,Detlef Arend; Steve Yuwono; Mochammad Rizky Diprasetya; Andreas Schwung,2022,Machine Learning with Applications,10.1016/j.mlwa.2022.100341,https://openalex.org/W4281669285,off-topic-false-hit,"Nowadays there are numerous powerful software packages available for most areas of machine learning (ML). These can be roughly divided into frameworks that solve detailed aspects of ML and those that pursue holistic approaches for one or two learning paradigms. For the implementation of own ML applications, several packages often have to be involved and integrated through individual coding. The latter aspect in particular makes it difficult for newcomers to get started. It also makes a comparison with other works difficult, if not impossible. Especially in the area of reinforcement learning (RL), there is a lack of frameworks that fully implement the current concepts up to multi-agents (MARL) and model-based agents (MBRL). For the related field of game theory (GT), there are hardly any packages available that aim to solve real-world applications. Here we would like to make a contribution and propose the new framework MLPro, which is designed for the holistic realization of hybrid ML applications across all learning paradigms. This is made possible by an additional base layer in which the fundamentals of ML (interaction, adaptation, training, hyperparameter optimization) are defined on an abstract level. In contrast, concrete learning paradigms are implemented in higher sub-frameworks that build on the conventions of this additional base layer. This ensures a high degree of standardization and functional recombinability. Proven concepts and algorithms of existing frameworks can still be used. The first version of MLPro includes sub-frameworks for RL and cooperative GT.",openalex,llm,0.920,unreviewed,,doi:10.1016/j.mlwa.2022.100341
discarded,Implementation of Graphical User Interface using Virtual Assistants based on LLMs,Lenka Bajčetić; Dražen Drašković; Dragan Bojić,2023,2023 31st Telecommunications Forum (TELFOR),10.1109/TELFOR59449.2023.10372613,https://ieeexplore.ieee.org/document/10372613/,adjacent-subtopic,"This paper describes the process of implementing a graphical user interface (GUI) using two currently popular virtual assistants: ChatGPT 3.5 (OpenAI) and Bard (Google). The implementation process was divided into three phases: in the first phase, we defined the features of our GUI and selected Python Tkinter as the framework for building the application; in the second phase the user interface was implemented, and in the third phase the generated code was refactored and evaluated using the Flake8 linter. We have shown that virtual assistants can be efficient and convenient in the process of implementing a user interface, but they occasionally make unpredictable errors, so it is necessary to critically assess the software code they generate. ChatGPT proved to be easier to use because it less frequently produces unpredictable errors, but linting analysis showed that Bard generates code that adheres better to the PEP8 standard.",ieee,llm,0.890,unreviewed,,doi:10.1109/telfor59449.2023.10372613
discarded,Do Code Quality and Style Issues Differ Across (Non-)Machine Learning Notebooks? Yes!,Md Saeed Siddik; Cor-Paul Bezemer,2023,2023 IEEE 23rd International Working Conference on Source Code Analysis and Manipulation (SCAM),10.1109/SCAM59687.2023.00018,https://ieeexplore.ieee.org/document/10356405/,adjacent-subtopic,"The popularity of computational notebooks is rapidly increasing because of their interactive code-output visualization and on-demand non-sequential code block execution. These notebook features have made notebooks especially popular with machine learning developers and data scientists. However, as prior work shows, notebooks generally contain low quality code. In this paper, we investigate whether the low quality code is inherent to the programming style in notebooks, or whether it is correlated with the use of machine learning techniques. We present a large-scale empirical analysis of 246,599 opensource notebooks to explore how machine learning code quality in Jupyter Notebooks differs from non-machine learning code, thereby focusing on code style issues. We explored code style issues across the Error, Convention, Warning, and Refactoring categories. We found that machine learning notebooks are of lower quality regarding PEP-8 code standards than non-machine learning notebooks, and their code quality distributions significantly differ with a small effect size. We identified several code style issues with large differences in occurrences between machine learning and non-machine learning notebooks. For example, package and import-related issues are more prevalent in machine learning notebooks. Our study shows that code quality and code style issues differ significantly across machine learning and non-machine learning notebooks.",ieee,llm,0.900,unreviewed,,doi:10.1109/scam59687.2023.00018
discarded,Planetary influence on the young Sun's evolution: the solar neutrino probe,Ilídio Lopes; Joseph Silk,2013,Monthly Notices of the Royal Astronomical Society,10.1093/mnras/stt1427,https://ieeexplore.ieee.org/document/8184698/,off-topic-false-hit,"Recent observations of solar twin stars with planetary systems, like the Sun, have uncovered that these present a peculiar surface chemical composition. This is believed to be related to the formation of earth-like planets. This suggests that twin stars have a radiative interior that is richer in heavy elements than their envelopes. Moreover, the current standard solar model does not fully agree with the helioseismology data and solar neutrino flux measurements. In this work, we find that this agreement can improve if the Sun has mass-loss during the pre-main sequence, as was previously shown by other groups. Despite this better agreement, the internal composition of the Sun is still uncertain, especially for elements heavier than helium. With the goal of inferring the chemical abundance of the solar interior, we tested several chemical compositions. We found that heavy element abundances influence the sound speed and solar neutrinos equally. Nevertheless, the carbon–nitrogen–oxygen (CNO; 13N, 15O and 17F) neutrino fluxes are the most affected; this is due to the fact that contrarily to proton–proton (pp, pep, 8B and 7Be) neutrino fluxes, the CNO neutrino fluxes are less dependent on the total luminosity of the star. Furthermore, if the central solar metallicity increases by 30 per cent, as hinted by the solar twin stars observations, this new solar model predicts that 13N, 15O and 17F neutrino fluxes increase by 25–80 per cent relative to the standard solar model. Finally, we highlight that the next generation of solar neutrino experiments will not only put constraints on the abundances of carbon, oxygen and nitrogen, but will also give some information about their radial distribution.",ieee,llm,1.000,unreviewed,,doi:10.1093/mnras/stt1427
kept,The Prevalence of Code Smells in Machine Learning projects,Bart van Oort; Luís Cruz; Maurício Aniche; Arie van Deursen,2021,2021 IEEE/ACM 1st Workshop on AI Engineering - Software Engineering for AI (WAIN),10.1109/WAIN52551.2021.00011,https://ieeexplore.ieee.org/document/9474395/,qualifies-claim,"Artificial Intelligence (AI) and Machine Learning (ML) are pervasive in the current computer science landscape. Yet, there still exists a lack of software engineering experience and best practices in this field. One such best practice, static code analysis, can be used to find code smells, i.e., (potential) defects in the source code, refactoring opportunities, and violations of common coding standards. Our research set out to discover the most prevalent code smells in ML projects. We gathered a dataset of 74 open-source ML projects, installed their dependencies and ran Pylint on them. This resulted in a top 20 of all detected code smells, per category. Manual analysis of these smells mainly showed that code duplication is widespread and that the PEP8 convention for identifier naming style may not always be applicable to ML code due to its resemblance with mathematical notation. More interestingly, however, we found several major obstructions to the maintainability and reproducibility of ML projects, primarily related to the dependency management of Python projects. We also found that Pylint cannot reliably check for correct usage of imported dependencies, including prominent ML libraries such as PyTorch.",ieee,llm,0.820,unreviewed,,doi:10.1109/wain52551.2021.00011
discarded,PyTPU: Migration of Python Code for Heterogenous Acceleration with Automated Test Generation,Arghya Kundu; Uyen Trang Nguyen,2023,"2023 IEEE/ACIS 8th International Conference on Big Data, Cloud Computing, and Data Science (BCD)",10.1109/BCD57833.2023.10466329,https://ieeexplore.ieee.org/document/10466329/,adjacent-subtopic,"Software applications are increasingly built to take advantage of heterogeneous architectures as specialised hardware accelerators take centre stage in today’s computing environment. Tensor processing units (TPUs), the latest hardware addition, have demonstrated orders of magnitude improvement in computing efficiency over CPUs and GPUs for heterogeneous deep learning applications. However, despite the trend of incorporating heterogeneity and specialization in hardware, the creation of heterogeneous applications is confined to a handful of engineers. We propose a framework called PyTPU that takes Python code written in the PyTorch framework as input and automatically migrates it to its TPU compatible counterpart with test behaviour preservation and increased performance. First, PyTPU generates unit test cases to ensure test behavior compatibility. Second, using the abstract syntax tree and a manually curated exhaustive knowledge base, PyTPU migrates the original code to its TPU compatible version. Finally, PyTPU ensures the migrated code is readable and maintainable by adding necessary comments and conforming to PEP8 standard if needed. We evaluated PyTPU on four real-world Python applications with TPU v2 kernels. On average the migrated heterogeneous code is 19.103% faster than the original code while safeguarding test behavior preservation.",ieee,llm,0.860,unreviewed,,doi:10.1109/bcd57833.2023.10466329
discarded,Scikit-Multiflow: A Multi-output Streaming Framework,Jacob Montiel; Jesse Read; Albert Bifet; Talel Abdessalem,2018,cs.LG,10.5555/3291125.3309634,http://arxiv.org/abs/1807.04662v1,adjacent-subtopic,"Scikit-multiflow is a multi-output/multi-label and stream data mining framework for the Python programming language. Conceived to serve as a platform to encourage democratization of stream learning research, it provides multiple state of the art methods for stream learning, stream generators and evaluators. scikit-multiflow builds upon popular open source frameworks including scikit-learn, MOA and MEKA. Development follows the FOSS principles and quality is enforced by complying with PEP8 guidelines and using continuous integration and automatic testing. The source code is publicly available at https://github.com/scikit-multiflow/scikit-multiflow.",arxiv,llm,0.910,unreviewed,,doi:10.5555/3291125.3309634
