status,title,authors,year,venue,doi,url,tags,abstract,provider,decision_source,llm_confidence,llm_review_outcome,llm_change_direction,paper_id
discarded,Enhancing Code Quality Through Automated Refactoring Using Transformer-Based Language Models,Lakshmi A.S.,2025,International Journal of Advanced Computer Science and Applications,10.14569/IJACSA.2025.0160951,https://www.scopus.com/inward/record.uri?partnerID=HzOxMe3b&scp=105019234564&origin=inward,adjacent-subtopic,,scopus,llm,0.800,unreviewed,,doi:10.14569/ijacsa.2025.0160951
discarded,On the Need to Clean Student’s Duplicated and Verbose Code: The Arrows Problem,Izu C.,2025,Ace 2025 Proceedings of the 27th Australasian Computing Education Conference Held in Conjunction with Australasian Computer Science Week,10.1145/3716640.3716648,https://www.scopus.com/inward/record.uri?partnerID=HzOxMe3b&scp=105007412325&origin=inward,adjacent-subtopic,,scopus,llm,0.720,unreviewed,,doi:10.1145/3716640.3716648
discarded,Do Software Refactoring Reflects Developers’ Perception About Software’s Code Smells and Its Quality: An Empirical Study,Nandini A.,2025,Communications in Computer and Information Science,10.1007/978-3-031-84062-3_6,https://www.scopus.com/inward/record.uri?partnerID=HzOxMe3b&scp=105002375894&origin=inward,adjacent-subtopic,,scopus,llm,0.800,unreviewed,,doi:10.1007/978-3-031-84062-3_6
discarded,SmellDetector: Multi-Label Code Smell Detection and Refactoring with Large Language Models,Liang W.,2025,Proceedings of the International Joint Conference on Neural Networks,10.1109/IJCNN64981.2025.11227837,https://www.scopus.com/inward/record.uri?partnerID=HzOxMe3b&scp=105023964051&origin=inward,adjacent-subtopic,,scopus,llm,0.810,unreviewed,,doi:10.1109/ijcnn64981.2025.11227837
discarded,Do Experts Agree About Smelly Infrastructure?,Masoumzadeh S.,2025,IEEE Transactions on Software Engineering,10.1109/TSE.2025.3553383,https://www.scopus.com/inward/record.uri?partnerID=HzOxMe3b&scp=105000931559&origin=inward,adjacent-subtopic,,scopus,llm,0.800,unreviewed,,doi:10.1109/tse.2025.3553383
discarded,"Expanding the Catalogue of Code Smells in Multi-language Systems: Definition, Consequences, Detection, and Empirical Analysis",Ansari M.S.,2025,Lecture Notes in Networks and Systems,10.1007/978-981-97-9529-1_27,https://www.scopus.com/inward/record.uri?partnerID=HzOxMe3b&scp=105002150565&origin=inward,adjacent-subtopic,,scopus,llm,0.800,unreviewed,,doi:10.1007/978-981-97-9529-1_27
discarded,Repository-Level Code Smell Detection Based on Multi-Scale Code Information and LLM Assistance,Liang W.,2025,Proceedings of the International Joint Conference on Neural Networks,10.1109/IJCNN64981.2025.11228932,https://www.scopus.com/inward/record.uri?partnerID=HzOxMe3b&scp=105029304024&origin=inward,adjacent-subtopic,,scopus,llm,0.810,unreviewed,,doi:10.1109/ijcnn64981.2025.11228932
discarded,Energy-Aware Computing: Cutting CPU Cycles through Intelligent Thread Management and Code Smell Optimization,Jolly S.,2025,2025 17th International Conference on Contemporary Computing Ic3 2025,10.1109/IC366947.2025.11290127,https://www.scopus.com/inward/record.uri?partnerID=HzOxMe3b&scp=105032191908&origin=inward,adjacent-subtopic,,scopus,llm,0.760,unreviewed,,doi:10.1109/ic366947.2025.11290127
discarded,CodeScent: A Deep Ensemble and LLM-Based Framework for Python and Java Code Smell Detection with Android Integration,Kheya T.H.,2025,2025 28th International Conference on Computer and Information Technology Iccit 2025,10.1109/ICCIT68739.2025.11490402,https://www.scopus.com/inward/record.uri?partnerID=HzOxMe3b&scp=105041640026&origin=inward,adjacent-subtopic,,scopus,llm,0.800,unreviewed,,doi:10.1109/iccit68739.2025.11490402
discarded,A Maintainability Framework to Ensure the Software Quality in Object-Oriented Programming,Rochimah S.,2025,IEEE Access,10.1109/ACCESS.2025.3633265,https://www.scopus.com/inward/record.uri?partnerID=HzOxMe3b&scp=105022629019&origin=inward,adjacent-subtopic,,scopus,llm,0.790,unreviewed,,doi:10.1109/access.2025.3633265
discarded,Proceedings of the 7th Python in Science Conference,,2008,Proceedings of the Python in Science Conferences,10.25080/pfvc8793,https://openalex.org/W4401946675,off-topic-false-hit,How the Large Synoptic Survey Telescope (LSST) is using Python 39,openalex,llm,0.970,unreviewed,,doi:10.25080/pfvc8793
discarded,Proceedings of the 15th Python in Science Conference,,2016,Proceedings of the Python in Science Conferences,10.25080/majora-629e541a-014,https://openalex.org/W4302317665,off-topic-false-hit,"A topic of interest in experimental psychology and cognitive neuroscience is to understand how humans make decisions. A common approach involves using computational models to represent the decision making process, and use the model parameters to analyze brain imaging data. These computational models are based on the Reinforcement Learning (RL) paradigm, where an agent learns to make decisions based on the difference between what it expects and what it gets each time it interacts with the environment. In the typical experimental setup, subjects are presented with a set of options, each one associated to different numerical rewards. The task for each subject is to learn, by taking a series of sequential actions, which option maximizes their total reward. The sequence of actions made by the subject and the obtained rewards are used to fit a parametric RL model. The model is fit by maximizing the likelihood of the parameters given the experiment data. In this work we present a Python implementation of this model fitting procedure. We extend the implementation to fit a model of the experimental setup known as the ""contextual bandit"", where the probabilities of the outcome change from trial to trial depending on a predictive cue. We also developed an artificial agent that can simulate the behavior of a human making decisions under the RL paradigm. We use this artificial agent to validate the model fitting by comparing the parameters estimated from the data with the known agent parameters. We also present the results of a model fitted with experimental data. We use the standard scientific Python stack (NumPy/SciPy) to compute the likelihood function and to find its maximum. The code organization allows to easily change the RL model. We also use the Seaborn library to create a visualization with the behavior of all the subjects. The simulation results validate the correctness of the implementation. The experimental results shows the usefulness and simplicity of the program when working with experimental data. The source code of the program is available at https://github.com/aweinstein/FHDMM.",openalex,llm,0.970,unreviewed,,doi:10.25080/majora-629e541a-014
discarded,Scikit-Multiflow: A Multi-output Streaming Framework,Jacob Montiel; Jesse Read; Albert Bifet; Talel Abdessalem,2018,arXiv (Cornell University),10.48550/arxiv.1807.04662,https://openalex.org/W2847284300,adjacent-subtopic,"Scikit-multiflow is a multi-output/multi-label and stream data mining framework for the Python programming language. Conceived to serve as a platform to encourage democratization of stream learning research, it provides multiple state of the art methods for stream learning, stream generators and evaluators. scikit-multiflow builds upon popular open source frameworks including scikit-learn, MOA and MEKA. Development follows the FOSS principles and quality is enforced by complying with PEP8 guidelines and using continuous integration and automatic testing. The source code is publicly available at https://github.com/scikit-multiflow/scikit-multiflow.",openalex,llm,0.910,unreviewed,,doi:10.48550/arxiv.1807.04662
discarded,"Characterization of nail matrix melanocytes with anti-PEP1, anti-PEP8, TMH-1, and HMB-45 antibodies",Antonellá Tosti; Norma Cameli; Bianca Maria Piraccini; P A Fanti; J P Ortonne,1994,Journal of the American Academy of Dermatology,10.1016/s0190-9622(94)70144-x,https://openalex.org/W2050339458,off-topic-false-hit,,openalex,llm,1.000,unreviewed,,doi:10.1016/s0190-9622(94)70144-x
discarded,Disruption of the Rbm38-eIF4E Complex with a Synthetic Peptide Pep8 Increases p53 Expression,Christopher A. Lucchesi; Jin Zhang; Buyong Ma; Mingyi Chen; Xinbin Chen,2018,Cancer Research,10.1158/0008-5472.can-18-2209,https://openalex.org/W2908003276,off-topic-false-hit,"Rbm38 is a p53 target and an RNA-binding protein known to suppress p53 translation by preventing eukaryotic translation initiation factor 4E (eIF4E) from binding to p53 mRNA. In this study, we show that synthetic peptides corresponding to the binding interface between Rbm38 and eIF4E, including an 8 amino acid peptide (Pep8) derived from Rbm38, are effective in relieving Rbm38-mediated repression of p53. Molecular simulations showed that Ser-6 in Pep8 forms a hydrogen bond with Asp-202 in eIF4E. Substitution of Ser-6 with Lys, but not with Asp, enhanced the ability of Pep8 to inhibit the Rbm38-eIF4E complex. Importantly, Pep8 alone or together with a low dose of doxorubicin potently induced p53 expression and suppressed colony and tumor sphere formation and xenograft tumors in Rbm38- and p53-dependent manners. Together, we conclude that modulating the Rbm38-eIF4E complex may be explored as a therapeutic strategy for cancers that carry wild-type p53. SIGNIFICANCE: Disruption of the Rbm38-eIF4E complex via synthetic peptides induces wild-type p53 expression, suppresses tumor growth and progression, and may serve as a novel cancer therapeutic strategy.",openalex,llm,1.000,unreviewed,,doi:10.1158/0008-5472.can-18-2209
discarded,scikit‐maad: An open‐source and modular toolbox for quantitative soundscape analysis in Python,Juan Sebastián Ulloa; Sylvain Haupert; Juan Felipe Latorre; Thierry Aubin; Jérôme Sueur,2021,Methods in Ecology and Evolution,10.1111/2041-210x.13711,https://openalex.org/W3198443173,off-topic-false-hit,"Abstract Passive acoustic monitoring is increasingly being applied to terrestrial, marine and freshwater environments, providing cost‐efficient methods for surveying biodiversity. However, processing the avalanche of audio recordings remains challenging, and represents nowadays a major bottleneck that slows down its application in research and conservation. We present scikit‐maad, an open‐source Python package dedicated to the analysis of environmental audio recordings. This package was designed to (a) load and process digital audio, (b) segment and find regions of interest, (c) compute acoustic features and (d) estimate sound pressure levels. The package also provides field recordings and a comprehensive online documentation that includes practical examples with step‐by‐step instructions for beginners and advanced users. scikit‐maad opens the possibility to efficiently scan large audio datasets and easily integrate additional machine learning Python packages into the analysis, allowing to measure acoustic properties and identify key patterns in all kinds of soundscapes. To support reproducible research, the package is released under the BSD open‐source licence, which allows unrestricted redistribution for commercial and private use. This development will create synergies between the community of ecoacousticians, such as engineers, data scientists, ecologists, biologists and conservation practitioners, to explore and understand the processes underlying the acoustic diversity of ecological systems.",openalex,llm,0.950,unreviewed,,doi:10.1111/2041-210x.13711
discarded,An artificial cell-cycle inhibitor isolated from a combinatorial library,Barak A. Cohen; Pierre Colas; Roger Brent,1998,Proceedings of the National Academy of Sciences,10.1073/pnas.95.24.14272,https://openalex.org/W2050003729,off-topic-false-hit,"Understanding the genetic networks that operate inside cells will require the dissection of interactions among network members. Here we describe a peptide aptamer isolated from a combinatorial library that distinguishes among such interactions. This aptamer binds to cyclin-dependent kinase 2 (Cdk2) and inhibits its kinase activity. In contrast to naturally occurring inhibitors, such as p21(Cip1), which inhibit the activity of Cdk2 on all its substrates, inhibition by pep8 has distinct substrate specificity. We show that the aptamer binds to Cdk2 at or near its active site and that its mode of inhibition is competitive. Expression of pep8 in human cells retards their progression through the G1 phase of the cell cycle. Our results suggest that the aptamer inhibits cell-cycle progression by blocking the activity of Cdk2 on substrates needed for the G1-to-S transition. This work demonstrates the feasibility of selection of artificial proteins to perform functions not developed during evolution. The ability to select proteins that block interactions between a gene product and some partners but not others should make sophisticated genetic manipulations possible in human cells and other currently intractable systems.",openalex,llm,1.000,unreviewed,,doi:10.1073/pnas.95.24.14272
discarded,pyiron: An integrated development environment for computational materials science,Jan Janßen; Sudarsan Surendralal; Yury Lysogorskiy; Mira Todorova; Tilmann Hickel; Ralf Drautz; Jörg Neugebauer,2019,Computational Materials Science,10.1016/j.commatsci.2018.07.043,https://openalex.org/W2921869462,off-topic-false-hit,"To support and accelerate the development of simulation protocols in atomistic modelling, we introduce an integrated development environment (IDE) for computational materials science called pyiron (http://pyiron.org). The pyiron IDE combines a web based source code editor, a job management system for build automation, and a hierarchical data management solution. The core components of the pyiron IDE are pyiron objects based on an abstract class, which links application structures such as atomistic structures, projects, jobs, simulation protocols and computing resources with persistent storage and an interactive user environment. The simulation protocols within the pyiron IDE are constructed using the Python programming language. To highlight key concepts of this tool as well as to demonstrate its ability to simplify the implementation and testing of simulation protocols we discuss two applications. In these examples we show how pyiron supports the whole life cycle of a typical simulation, seamlessly combines ab initio with empirical potential calculations, and how complex feedback loops can be implemented. While originally developed with focus on ab initio thermodynamics simulations, the concepts and implementation of pyiron are general thus allowing to employ it for a wide range of simulation topics.",openalex,llm,0.930,unreviewed,,doi:10.1016/j.commatsci.2018.07.043
discarded,From source code identifiers to natural language terms,Nuno Ramos Carvalho; José João Almeida; Pedro Rangel Henriques; Maria João Varanda Pereira,2014,Journal of Systems and Software,10.1016/j.jss.2014.10.013,https://openalex.org/W2018360580,adjacent-subtopic,,openalex,llm,0.900,unreviewed,,doi:10.1016/j.jss.2014.10.013
discarded,Snakes on a Spaceship—An Overview of Python in Heliophysics,A. G. Burrell; A. Halford; J. Klenzing; R. A. Stoneback; S. K. Morley; A. M. Annex; K. M. Laundal; A. C. Kellerman; D. Stansby; J. Ma,2018,Journal of Geophysical Research Space Physics,10.1029/2018ja025877,https://openalex.org/W2901930079,off-topic-false-hit,"Abstract Computational analysis has become ubiquitous within the heliophysics community. However, community standards for peer review of codes and analysis have lagged behind these developments. This absence has contributed to the reproducibility crisis, where inadequate analysis descriptions and loss of scientific data have made scientific studies difficult or impossible to replicate. The heliophysics community has responded to this challenge by expressing a desire for a more open, collaborative set of analysis tools. This article summarizes the current state of these efforts and presents an overview of many of the existing Python heliophysics tools. It also outlines the challenges facing community members who are working toward the goal of an open, collaborative, Python heliophysics toolkit and presents guidelines that can ease the transition from individualistic data analysis practices to an accountable, communalistic environment.",openalex,llm,0.930,unreviewed,,doi:10.1029/2018ja025877
discarded,"Peer Review #2 of ""scikit-image: image processing in Python (v0.1)""",,2014,,10.7287/peerj.453v0.1/reviews/2,https://openalex.org/W4245551807,off-topic-false-hit,"scikit-image is an image processing library that implements algorithms and utilities for use in research, education and industry applications. It is released under the liberal Modified BSD open source license, provides a well-documented API in the Python programming language, and is developed by an active, international team of collaborators. In this paper we highlight the advantages of open source to achieve the goals of the scikit-image library, and we showcase several real-world image processing applications that use scikit-image.",openalex,llm,0.940,unreviewed,,doi:10.7287/peerj.453v0.1/reviews/2
discarded,NKp44-Derived Peptide Binds Proliferating Cell Nuclear Antigen and Mediates Tumor Cell Death,Avishai Shemesh; Kiran Kundu; Refael Peleg; Rami Yossef; Irena Kaplanov; Susmita Ghosh; Yana Khrapunsky; Orly Gershoni‐Yahalom; Tatiana Rabinski; Adelheid Cerwenka; Roee Atlas; Angel Porgador,2018,Frontiers in Immunology,10.3389/fimmu.2018.01114,https://openalex.org/W2802400872,off-topic-false-hit,"Proliferating Cell Nuclear Antigen (PCNA) is considered as a hub protein and is a key regulator of DNA replication, repair, cell cycle control and apoptosis. PCNA is over-expressed in many cancer types and PCNA-overexpression is correlated with cancer virulence. Membrane-associated PCNA is a ligand for the NKp44 (NCR2) innate immune receptor. The purpose of this study was to characterize the PCNA binding site within NKp44. We have identified NKp44-derived linear peptide (pep8), which can specifically interact with PCNA and partly block the NKp44-PCNA interaction. We then tested whether NKp44-derived pep8 fused to cell-penetrating peptides can be employed for targeting the intracellular PCNA for the purpose of anti-cancer therapy. Treatment of tumor cells with NKp44-derived pep8, fused to R11-NLS cell penetrating peptide (R11-NLS-pep8), reduced cell viability and promoted cell death, in a variety of murine and human cancer cell lines. Administration of R11-NLS-pep8 to tumor-bearing mice suppressed tumor growth in the 4T1 breast cancer and the B16 melanoma in vivo models. We therefore identified the NKp44 binding site to PCNA and further developed an NKp44-peptide based agent that can inhibit tumor growth through interfering with the function of intracellular PCNA in the tumor cell.",openalex,llm,1.000,unreviewed,,doi:10.3389/fimmu.2018.01114
discarded,HiClass: a Python library for local hierarchical classification compatible with scikit-learn,Fábio Malcher Miranda; Niklas Köhnecke; Bernhard Y. Renard,2021,arXiv (Cornell University),10.48550/arxiv.2112.06560,https://openalex.org/W4226083381,off-topic-false-hit,"HiClass is an open-source Python library for local hierarchical classification entirely compatible with scikit-learn. It contains implementations of the most common design patterns for hierarchical machine learning models found in the literature, that is, the local classifiers per node, per parent node and per level. Additionally, the package contains implementations of hierarchical metrics, which are more appropriate for evaluating classification performance on hierarchical data. The documentation includes installation and usage instructions, examples within tutorials and interactive notebooks, and a complete description of the API. HiClass is released under the simplified BSD license, encouraging its use in both academic and commercial environments. Source code and documentation are available at https://github.com/scikit-learn-contrib/hiclass.",openalex,llm,0.940,unreviewed,,doi:10.48550/arxiv.2112.06560
discarded,PyMT5: multi-mode translation of natural language and Python code with transformers,Colin B. Clement; Dawn Drain; Jonathan Timcheck; A. Svyatkovskiy; Neel Sundaresan,2020,,10.18653/v1/2020.emnlp-main.728,https://openalex.org/W3091798252,adjacent-subtopic,"Simultaneously modeling source code and natural language has many exciting applications in automated software development and understanding. Pursuant to achieving such technology, we introduce PYMT5, the PYTHON method text-to-text transfer transformer, which is trained to translate between all pairs of PYTHON method feature combinations: a single model that can both predict whole methods from natural language documentation strings (docstrings) and summarize code into docstrings of any common style. We present an analysis and modeling effort of a large-scale parallel corpus of 26 million PYTHON methods and 7.7 million method-docstring pairs, demonstrating that for docstring and method generation, PYMT5 outperforms similarlysized auto-regressive language models (GPT2) which were English pre-trained or randomly initialized. On the CODE-SEARCHNET test set, our best model predicts 92.1% syntactically correct method bodies, achieved a BLEU score of 8.59 for method generation and 16.3 for docstring",openalex,llm,0.870,unreviewed,,doi:10.18653/v1/2020.emnlp-main.728
