status,title,authors,year,venue,doi,url,tags,abstract,provider,decision_source,llm_confidence,llm_review_outcome,llm_change_direction,paper_id
discarded,GEMA-Score: Granular Explainable Multi-Agent Scoring Framework for Radiology Report Evaluation,"Zhang, Zhenxuan; Lee, KinHei; Jing, Peiyuan; Deng, Weihang; Zhou, Huichi; Jin, Zihao; Huang, Jiahao; Gao, Zhifan; Marshall, Dominic C.; Fang, Yingying; Yang, Guang",2026,"FORTIETH AAAI CONFERENCE ON ARTIFICIAL INTELLIGENCE, AAAI-26, VOL 40 NO 15",,https://www.webofscience.com/wos/woscc/full-record/WOS:001768176000087,off-topic-false-hit,"Automatic medical report generation has the potential to support clinical diagnosis, reduce the workload of radiologists, and demonstrate potential for enhancing diagnostic consistency. However, current evaluation metrics often fail to reflect the clinical reliability of generated reports. Overlap-based methods overlook fine-grained details (e.g., location, severity), diagnostic metrics are constrained by fixed vocabularies. Some diagnostic metrics are limited by fixed vocabularies or templates, reducing their ability to capture diverse clinical expressions. LLM-based metrics lack interpretable reasoning, limiting trust in clinical settings. Therefore, we propose a Granular Explainable Multi-Agent Score (GEMA-Score) in this paper, which conducts both objective quantification and subjective evaluation through a large language model-based multi-agent workflow. Our GEMA-Score parses structured reports and employs stable calculations through interactive exchanges of information among agents to assess disease diagnosis, location, severity, and uncertainty. Additionally, an LLM-based scoring agent evaluates completeness, readability, and clinical terminology while providing explanatory feedback. Extensive experiments show that GEMA-Score achieves the highest correlation with human experts on public datasets (Kendall = 0.69 on ReXVal; 0.45 on RadEvalX), demonstrating improved clinical scoring reliability. Code- https://github.com/Zhenxuan-Zhang/GEMA_score",wos,llm,0.980,unreviewed,,hash:3c2ae6b3f66b7c73
discarded,Explainability of Technical Debt: An Analysis on the Role of Refactoring in Software Systems,"Aversano, Lerina; Iammarino, Martina; Madau, Antonella; Montano, Debora; Verdone, Chiara",2025,2025 INTERNATIONAL JOINT CONFERENCE ON NEURAL NETWORKS (IJCNN),10.1109/IJCNN64981.2025.11228813,https://www.webofscience.com/wos/woscc/full-record/WOS:001734954400105,adjacent-subtopic,"Technical Debt (TD) is one of the main obstacles to the quality and sustainability of software in the long term, accumulating ""interest"" that increases maintenance costs and reduces the productivity of development teams. Among the strategies to manage TD, refactoring stands out for its ability to improve the internal structure of the code without changing its external behavior, contributing to improving the readability, maintainability, and extensibility of the software. This study analyzes the impact of refactoring on TD using metrics extracted from SonarQube and RefactoringMiner at the class level. TD is represented by the ""sqale_debt_ratio"" and stratified in quartiles to model its levels. The analysis focuses both on the presence or absence of refactoring and on the influence of specific types and levels of applications. Evaluating the role of refactoring is fundamental to understanding how these practices can reduce TD, improve software quality, and optimize maintenance. To ensure the robustness of the models, metrics directly related to TD were removed and collinearity-based selection techniques were applied. The validation of the approach was performed on six open-source software systems available on GitHub. The predictive models, built with machine learning techniques, were analyzed with SHAP (Shapley Additive exPlanations) to identify the most relevant features. The results of the study are promising and demonstrate how the adoption of targeted refactoring practices can effectively reduce TD. The combined approach of prediction and explainability helps to fill a gap in the literature and offers practical guidance for managing TD and optimizing refactoring practices in software systems.",wos,llm,0.890,unreviewed,,doi:10.1109/ijcnn64981.2025.11228813
discarded,Impact of Code Smells on Software Quality: A Systematic Literature Review,"Ameer, Zaineb; Yaseen, Muhammad; Rahman, Gohar; Khattak, Umar Farooq; Ali, Sikandar; Alkhayyat, Ahmed; Makhmudov, Samariddin; Ashurov, Mirjalol",2026,JOURNAL OF SOFTWARE-EVOLUTION AND PROCESS,10.1002/smr.70091,https://www.webofscience.com/wos/woscc/full-record/WOS:001751312100003,adjacent-subtopic,"Context Code smells are issues in the code that can damage the code quality and adversely impact software quality attributes. The real effect of code smells on software development remains a subject of ongoing research.Objective The main purpose of this study is to analyze and uncover the previous studies on how different code smells affect software quality. This study targets the most common factors of code smell.Method This study provides a systematic review on the code smells. SLR Protocol is designed and executed accordingly.Results As a result of SLR, data were extracted from 42 research papers and as a result, a total of 11 code smells were identified. Identified code smells were analyzed based on their impact on different factors such as factors that are caused by these code smells such as why code smells are developed in software systems, how code smells generate other code smells, and which code smells still need to be addressed.Conclusion This study provided a systematic examination into the observation of code smells and their impacts on software development. The most affected factors from code smells are addressed in this research. The purpose of this research is to provide software developers and engineers with a complete understanding of code smells via SLR. Each study defines specific code smells and examines their effects on particular aspects of the code in previous research. The basic context to seeing the code smell is to find the nature and reliance of the code smell. In light of existing studies, a common issue identified by software professionals is that code smells have a significant impact on software quality, thereby degrading the overall quality of software products.",wos,llm,0.910,unreviewed,,doi:10.1002/smr.70091
discarded,Unveiling Code Smells: A Machine Learning-Based Approach for Improved Software Development and Maintenance,"Islam, Md. Samiul; Islam, Kamrul; Nishu, Najnin Sultana; Chowdhury, Md. Tanvir; Rahman, Habibur; Sumon, Monjurul Islam",2025,"DATA MINING AND INFORMATION SECURITY, ICDMIS 2024, VOL 3",10.1007/978-981-96-6060-5_4,https://www.webofscience.com/wos/woscc/full-record/WOS:001705204400004,adjacent-subtopic,"In software development, code smells introduce challenges in program quality, readability, and maintainability. This study explores the integration of machine learning (ML) techniques for automated code smell detection. In this study, a diverse dataset of software metrics is being used. It is implemented thorough preprocessing in order to handle missing values and remove redundant features, outliers, and class imbalances. Three feature selection techniques are evaluated in this study. These techniques are correlation-based, select from model, and recursive feature elimination. Four classifiers are introduced alongside these feature selection techniques, such as random forest, bagging, KNN, and XGBoost. After comparing the performance of these models, specifically random forest and XGBoost, we achieve accuracy rates exceeding 80%, which aligns with previous researches (Dewangan et al. in Appl Sci 12:10,321, 2022; Di Nucci, D., Palomba, F., Tamburri, D. A., Serebrenik, A., & De Lucia, A. (2018). ""Detecting Code Smells using Machine Learning Techniques: Are We There Yet?"" 2018 IEEE 25th International Conference on Software Analysis, Evolution and Reengineering (SANER) https://doi.org/ 10.1109/SANER.2018.8330266.;Guggulothu and Abdul Moiz in Software Qual J 28:1063-1086, 2020;). The bagging classifier reflects the findings and patters of the existing research trends (Fontana, F. A., Zanoni, M., Marino, A., & Mantyla, M. V. (2013). ""Code Smell Detection: Towards a Machine Learning-based Approach."" 2013 IEEE International Conference on Software Maintenance https://doi.org/10. 1109/ICSM.2013.56). Strategic feature selection is also pivotal and guided by knowledge from Grujic et al. (Grujic, K.-G., Prokic, S., Kovacevic, A., Luburic, N., Vidakovic, D., & Slivka, J. (Year). ""Machine Learning Techniques for Code Smell Detection: A Systematic Literature Review and Meta-analysis."" Information and Software Technology, Volume 108, April 2019, Pages 115-138. DOI: https://doi. org/10.1016/j.infsof.2018.12.00). In spite of some challenges, this study offers practical implications for software developers. This implication helps to emphasize the visible benefits of incorporating smart machine learning tools. This helps to improve the code quality. This study is not only focused about code, rather than it is a complete roadmap for real-world developers who seeks enhanced code quality through the strategic integration of machine learning methodologies.",wos,llm,0.940,unreviewed,,doi:10.1007/978-981-96-6060-5_4
discarded,Method Name Recommendation Based on Large Language Model,"Chen, Qianguo; Liu, Kui; Liu, Zhe",2025,"2025 25TH INTERNATIONAL CONFERENCE ON SOFTWARE QUALITY, RELIABILITY AND SECURITY, QRS",10.1109/QRS65678.2025.00020,https://www.webofscience.com/wos/woscc/full-record/WOS:001701524100009,adjacent-subtopic,"The quality of method names is crucial for the readability and maintainability of programs. However, constructing high-quality method names often presents a significant challenge. To address this issue, numerous method name recommendation approaches have been proposed in existing research. These approaches typically require large-scale, high-quality software projects to build benchmark function libraries to recommend or generate method names for given method bodies. They generally rely on extracted function features (including function parameters, return values, etc.) as feature vectors. However, these approaches have limited success rates and accuracy in practical applications. To overcome these limitations, we propose a method name recommendation approach, called LMMName, based on large-language models. This approach considers not only the method body but also its interacting functions (i.e., code context), including called and calling functions, and uses this as input to the large language model to generate method names. Our versatile approach implements LMMName using the state-of-the-art large-language model ChatGPT (4.0). Experimental validation in two medium-sized open-source Java projects demonstrates that method name recommendations using this approach have a success rate of 100%. This represents an improvement of 9. 86% and 12. 54% compared to the recommendation of the method name based on the source code repository and feature matching, regardless of whether the code context is considered. Taking into account the code context relationships, this approach recommends method names that are completely identical to the original project method names at a rate of 55.54% and 53.99%, respectively. This marks an increase of 27.76% and 29.60% compared to when code context information is not considered. Furthermore, after factoring in the code context, the F1 metrics of this approach are 74. 90% and 67. 69%, respectively. These figures represent improvements of 37.17% and 21.08% compared to the machine learning-based code2vec approach, and 50.61% and 33.26% compared to the HeMa heuristic search-based approach. This demonstrates the effectiveness of our proposed approach.",wos,llm,0.950,unreviewed,,doi:10.1109/qrs65678.2025.00020
discarded,The Effect of Comments on Program Comprehension: An Eye-tracking Study,"Abdelsalam, Youssef; Peitek, Norman; Bergum, Annabelle; Apel, Sven",2026,EMPIRICAL SOFTWARE ENGINEERING,10.1007/s10664-025-10721-2,https://www.webofscience.com/wos/woscc/full-record/WOS:001714065400001,adjacent-subtopic,"Programmers rely on code documentation and comments to understand source code, with program comprehension tasks consuming a significant portion of development time. Despite their importance, the impact of comments on program comprehension remains debated. Our study addresses this gap by investigating the influence of comments on program comprehension. Employing a mixed-methods approach, we conducted an eye-tracking study involving 20 computer science students to explore the influence of code comments on program comprehension. By analyzing both quantitative and qualitative data, we aim at comprehensively assessing the influence of comments on various aspects of program comprehension. The quantitative data collected consists of behavioral metrics assessing program comprehension in terms of correctness and response time, along with gaze data providing insights into visual attention, linearity of reading order, and gaze strategies. This was complemented by the participants' ratings on the perceived difficulty and contribution of comments. Additionally, we gathered participants' experiences through a post-questionnaire, enriching the analysis with qualitative insights into the effectiveness of comments, navigation strategies, and overall experiences with comments. Our findings reveal that the effect of comments on supporting program comprehension varies significantly across code snippets, ranging from a 30% decrease to a 34% increase in performance. Comments significantly guide visual attention, accounting for up to 23% of fixations, and promoted a more linear reading approach. Participants predominantly adhered to a ""code-first"" strategy. Moreover, comments were rated positively for clarifying complex segments of code and contributing to program comprehension. However, this favorable perception did not consistently translate into improved performance or reduced perceived difficulty across snippets. Based on our findings, we propose avenues for future research, including comparative studies on automated versus human-generated comments and the development of predictive models for assessing comment usefulness.",wos,llm,0.740,unreviewed,,doi:10.1007/s10664-025-10721-2
discarded,Revisiting code readability improvement with LLMs: A critical assessment of fine-tuned models,Vitale A.,2027,Empirical Software Engineering,10.1007/s10664-026-10933-0,https://www.scopus.com/inward/record.uri?partnerID=HzOxMe3b&scp=105045363663&origin=inward,adjacent-subtopic,,scopus,llm,0.700,unreviewed,,doi:10.1007/s10664-026-10933-0
discarded,CodeSmellSynergy hybrid ensemble learning framework for detecting python code smells,Kumar C.,2026,Discover Computing,10.1007/s10791-026-10055-7,https://www.scopus.com/inward/record.uri?partnerID=HzOxMe3b&scp=105034948568&origin=inward,adjacent-subtopic,,scopus,llm,0.940,unreviewed,,doi:10.1007/s10791-026-10055-7
discarded,StatLLM: A Dataset for Evaluating the Performance of Large Language Models in Statistical Analysis,Song X.,2026,Scientific Data,10.1038/s41597-026-06731-4,https://www.scopus.com/inward/record.uri?partnerID=HzOxMe3b&scp=105033507965&origin=inward,off-topic-false-hit,,scopus,llm,0.980,unreviewed,,doi:10.1038/s41597-026-06731-4
discarded,Spatial All-Azimuth Versus Single-Sided Planar Identifiers for Warehouse Robot Navigation: A Factorial Simulation Study,Kušnirák K.,2026,Eng,10.3390/eng7080394,https://www.scopus.com/inward/record.uri?partnerID=HzOxMe3b&scp=105048222573&origin=inward,off-topic-false-hit,,scopus,llm,0.980,unreviewed,,doi:10.3390/eng7080394
discarded,Readability of AI-Generated Pull Request Descriptions Across Pull Request Types,Tobar A.,2026,Proceedings 2026 IEEE ACM 23rd International Conference on Mining Software Repositories MSR 2026,10.1145/3793302.3793607,https://www.scopus.com/inward/record.uri?partnerID=HzOxMe3b&scp=105047049439&origin=inward,off-topic-false-hit,,scopus,llm,0.950,unreviewed,,doi:10.1145/3793302.3793607
discarded,"More Code, Less Reuse: Investigation on Code Quality and Reviewer Sentiment towards AI-generated Pull Requests",Huang H.,2026,Proceedings 2026 IEEE ACM 23rd International Conference on Mining Software Repositories MSR 2026,10.1145/3793302.3793622,https://www.scopus.com/inward/record.uri?partnerID=HzOxMe3b&scp=105047086242&origin=inward,adjacent-subtopic,,scopus,llm,0.670,unreviewed,,doi:10.1145/3793302.3793622
discarded,To GOTO or Not to GOTO: Measuring Structural Complexity of (Decompiled) Code,Enders S.,2026,Proceedings 2026 IEEE ACM 34th International Conference on Program Comprehension Icpc 2026,10.1145/3794763.3794827,https://www.scopus.com/inward/record.uri?partnerID=HzOxMe3b&scp=105047029793&origin=inward,adjacent-subtopic,,scopus,llm,0.890,unreviewed,,doi:10.1145/3794763.3794827
discarded,From Human to Machine Refactoring: Assessing GPT-4's Impact on Python Class Quality and Readability,Midolo A.,2026,Proceedings 2026 IEEE ACM 3rd International Conference on AI Foundation Models and Software Engineering Forge 2026,10.1145/3793655.3793733,https://www.scopus.com/inward/record.uri?partnerID=HzOxMe3b&scp=105046190733&origin=inward,adjacent-subtopic,,scopus,llm,0.770,unreviewed,,doi:10.1145/3793655.3793733
discarded,"Circadian and color analysis of programming themes: effects of theme design, ambient lighting, and viewing distance on developer visual ergonomics",Senyer N.,2026,Displays,10.1016/j.displa.2026.103417,https://www.scopus.com/inward/record.uri?partnerID=HzOxMe3b&scp=105035660229&origin=inward,off-topic-false-hit,,scopus,llm,0.970,unreviewed,,doi:10.1016/j.displa.2026.103417
discarded,Refactoring for novices in Java: An eye tracking study on the extract vs. inline methods,Silva Da Costa J.A.,2026,Journal of Systems and Software,10.1016/j.jss.2026.112825,https://www.scopus.com/inward/record.uri?partnerID=HzOxMe3b&scp=105031770457&origin=inward,adjacent-subtopic,,scopus,llm,0.840,unreviewed,,doi:10.1016/j.jss.2026.112825
discarded,Prompt engineering in LLMs for automated unit test generation: A large-scale study,Ouédraogo W.C.,2026,Empirical Software Engineering,10.1007/s10664-026-10840-4,https://www.scopus.com/inward/record.uri?partnerID=HzOxMe3b&scp=105035038844&origin=inward,off-topic-false-hit,,scopus,llm,0.940,unreviewed,,doi:10.1007/s10664-026-10840-4
discarded,Designing with Dev-X: A systematic mapping of Developer Experience interventions and their business impact,Qayum A.,2026,Information and Software Technology,10.1016/j.infsof.2026.108091,https://www.scopus.com/inward/record.uri?partnerID=HzOxMe3b&scp=105034424741&origin=inward,off-topic-false-hit,,scopus,llm,0.940,unreviewed,,doi:10.1016/j.infsof.2026.108091
discarded,AI-Powered Knowledge Extraction from Source Code Developing Natural Language Processing Models to Enhance Software Documentation and Understanding,Gogula S.,2026,Aip Conference Proceedings,10.1063/5.0342522,https://www.scopus.com/inward/record.uri?partnerID=HzOxMe3b&scp=105043905055&origin=inward,off-topic-false-hit,,scopus,llm,0.930,unreviewed,,doi:10.1063/5.0342522
discarded,Technical Debt Analysis In Software Systems: Implications For System Performance And Maintainability,Vala B.,2026,International Journal of Artificial Intelligence and Machine Learning,10.51483/IJAIML.6.5s.2026.920-928,https://www.scopus.com/inward/record.uri?partnerID=HzOxMe3b&scp=105046165608&origin=inward,adjacent-subtopic,,scopus,llm,0.830,unreviewed,,doi:10.51483/ijaiml.6.5s.2026.920-928
discarded,"Textual Financial Data Repository for Machine Learning, Artificial Intelligence, and Textual Analyses: Major Sections from 10-K, 10-Q, and Financial Statement Notes Extracted Using Shared Python Code",Codesso M.M.,2026,Journal of Information Systems,10.2308/ISYS-2024-084,https://www.scopus.com/inward/record.uri?partnerID=HzOxMe3b&scp=105044325184&origin=inward,off-topic-false-hit,,scopus,llm,0.970,unreviewed,,doi:10.2308/isys-2024-084
discarded,Semantic code smell detection from raw source code using transformers with chunking and data augmentation,Werawatganon T.,2026,Machine Learning with Applications,10.1016/j.mlwa.2026.100908,https://www.scopus.com/inward/record.uri?partnerID=HzOxMe3b&scp=105037455562&origin=inward,adjacent-subtopic,,scopus,llm,0.940,unreviewed,,doi:10.1016/j.mlwa.2026.100908
discarded,Deobfuscation of JavaScript code and identification of security weaknesses through large language models,Benedetti G.,2026,Future Generation Computer Systems,10.1016/j.future.2025.108318,https://www.scopus.com/inward/record.uri?partnerID=HzOxMe3b&scp=105030114983&origin=inward,adjacent-subtopic,,scopus,llm,0.880,unreviewed,,doi:10.1016/j.future.2025.108318
discarded,Effect of software refactoring on code complexity: An exploratory study,Almogahed A.,2026,Aip Conference Proceedings,10.1063/5.0318456,https://www.scopus.com/inward/record.uri?partnerID=HzOxMe3b&scp=105041233238&origin=inward,adjacent-subtopic,,scopus,llm,0.860,unreviewed,,doi:10.1063/5.0318456
discarded,Evaluating Large Language Models for Arduino Code Generation,Jabrw S.K.,2026,Aro the Scientific Journal of Koya University,10.14500/aro.12344,https://www.scopus.com/inward/record.uri?partnerID=HzOxMe3b&scp=105029732647&origin=inward,off-topic-false-hit,,scopus,llm,0.950,unreviewed,,doi:10.14500/aro.12344
discarded,Evaluating Code Readability in Java-to-Kotlin Migration Using Large Language Models and Static Analysis,Ibarra N.M.M.,2026,International Conference on Artificial Intelligence Computer Data Sciences and Applications Acdsa 2026,10.1109/ACDSA67686.2026.11467819,https://www.scopus.com/inward/record.uri?partnerID=HzOxMe3b&scp=105037611067&origin=inward,adjacent-subtopic,,scopus,llm,0.840,unreviewed,,doi:10.1109/acdsa67686.2026.11467819
