status,title,authors,year,venue,doi,url,tags,abstract,provider,decision_source,llm_confidence,llm_review_outcome,llm_change_direction,paper_id
discarded,Do Code LLMs Understand Design Patterns?,Pan Z.,2025,Proceedings 2025 IEEE ACM International Workshop on Large Language Models for Code Llm4code 2025,10.1109/LLM4Code66737.2025.00031,https://www.scopus.com/inward/record.uri?partnerID=HzOxMe3b&scp=105009059293&origin=inward,adjacent-subtopic,,scopus,llm,0.860,unreviewed,,doi:10.1109/llm4code66737.2025.00031
discarded,An Empirical Study on Quantifying and Evaluating Coupling in Open Source Software,Hsiang C.E.,2025,Proceedings 2025 12th International Conference on Dependable Systems and their Applications Dsa 2025,10.1109/DSA66321.2025.00032,https://www.scopus.com/inward/record.uri?partnerID=HzOxMe3b&scp=105032938640&origin=inward,adjacent-subtopic,,scopus,llm,0.780,unreviewed,,doi:10.1109/dsa66321.2025.00032
discarded,Analyzing and Detecting Code Design Smells: A Comprehensive Survey,Nashaat N.R.,2025,Csase 2025 International Conference on Computer Science and Software Engineering,10.1109/CSASE63707.2025.11054036,https://www.scopus.com/inward/record.uri?partnerID=HzOxMe3b&scp=105011098571&origin=inward,adjacent-subtopic,,scopus,llm,0.830,unreviewed,,doi:10.1109/csase63707.2025.11054036
discarded,Evaluating Source Code Comment Quality: The Need for Comprehensive Indexes in Software Development,Adak M.F.,2024,Proceedings 2024 International Conference on Artificial Intelligence Metaverse and Cybersecurity Icamac 2024,10.1109/ICAMAC62387.2024.10829019,https://www.scopus.com/inward/record.uri?partnerID=HzOxMe3b&scp=85217384992&origin=inward,adjacent-subtopic,,scopus,llm,0.850,unreviewed,,doi:10.1109/icamac62387.2024.10829019
discarded,Improving Software Engineering Practices: AI-Driven Adoption of Design Patterns,Supekar V.,2024,Proceedings 2024 2nd International Conference on Advanced Computing and Communication Technologies Icacctech 2024,10.1109/ICACCTech65084.2024.00128,https://www.scopus.com/inward/record.uri?partnerID=HzOxMe3b&scp=105001420886&origin=inward,adjacent-subtopic,,scopus,llm,0.800,unreviewed,,doi:10.1109/icacctech65084.2024.00128
discarded,pyMPSLib: A robust and scalable open-source Python library for mutiple-point statistical simulation,Chen Q.,2023,Earth Science Informatics,10.1007/s12145-023-01086-5,https://www.scopus.com/inward/record.uri?partnerID=HzOxMe3b&scp=85168857810&origin=inward,off-topic-false-hit,,scopus,llm,0.950,unreviewed,,doi:10.1007/s12145-023-01086-5
discarded,Correspondence of OOP Refactoring Techniques in PL\SQL Environment: A Case Study of Agile Project Code,Mashaqbeh K.,2023,Applied Mathematics and Information Sciences,10.18576/amis/170605,https://www.scopus.com/inward/record.uri?partnerID=HzOxMe3b&scp=85174903069&origin=inward,adjacent-subtopic,,scopus,llm,0.820,unreviewed,,doi:10.18576/amis/170605
discarded,Language Agnostic Program Conformance Analysis,Reddy M.,2023,2023 4th International Conference for Emerging Technology Incet 2023,10.1109/INCET57972.2023.10170698,https://www.scopus.com/inward/record.uri?partnerID=HzOxMe3b&scp=85166380775&origin=inward,adjacent-subtopic,,scopus,llm,0.750,unreviewed,,doi:10.1109/incet57972.2023.10170698
discarded,Advancements in Code Restructuring: Enhancing System Quality through Object-Oriented Coding Practices,Ngetich M.K.Y.,2023,Ines 2023 27th IEEE International Conference on Intelligent Engineering Systems 2023 Proceedings,10.1109/INES59282.2023.10297764,https://www.scopus.com/inward/record.uri?partnerID=HzOxMe3b&scp=85178577734&origin=inward,adjacent-subtopic,,scopus,llm,0.770,unreviewed,,doi:10.1109/ines59282.2023.10297764
discarded,"Pro T-SQL 2022: Toward Speed, Scalability, and Standardization for SQL Server Developers, Second Edition",Noble E.,2023,Pro T Sql 2022 Toward Speed Scalability and Standardization for Sql Server Developers Second Edition,10.1007/978-1-4842-9256-3,https://www.scopus.com/inward/record.uri?partnerID=HzOxMe3b&scp=105007955468&origin=inward,off-topic-false-hit,,scopus,llm,0.930,unreviewed,,doi:10.1007/978-1-4842-9256-3
discarded,Improving Code Review with GitHub Issue Tracking,Al-Rubaye A.,2022,Proceedings of the 2022 IEEE ACM International Conference on Advances in Social Networks Analysis and Mining Asonam 2022,10.1109/ASONAM55673.2022.10068709,https://www.scopus.com/inward/record.uri?partnerID=HzOxMe3b&scp=85152036267&origin=inward,adjacent-subtopic,,scopus,llm,0.840,unreviewed,,doi:10.1109/asonam55673.2022.10068709
discarded,Generating program identifier dictionary for maintaining legacy systems,Soga R.,2021,Frontiers in Artificial Intelligence and Applications,10.3233/FAIA210003,https://www.scopus.com/inward/record.uri?partnerID=HzOxMe3b&scp=85116430929&origin=inward,adjacent-subtopic,,scopus,llm,0.880,unreviewed,,doi:10.3233/faia210003
discarded,"The Esterel synchronous programming language: design, semantics, implementation",Gérard Berry; Georges Gonthier,1992,Science of Computer Programming,10.1016/0167-6423(92)90005-v,https://openalex.org/W2081938726,off-topic-false-hit,,openalex,llm,0.990,unreviewed,,doi:10.1016/0167-6423(92)90005-v
discarded,Sustainable data analysis with Snakemake,Felix Mölder; Kim Philipp Jablonski; Brice Letcher; Michael B. Hall; Peter C. van Dyken; Christopher H. Tomkins-Tinch; Vanessa Sochat; Jan Förster; Filipe G. Vieira; Christian Meesters; Soohyun Lee; Sven Twardziok; Alexander Kanitz; Jake VanCampen; Venkat Malladi; Andreas Wilm; Manuel Holtgrewe; Sven Rahmann; Sven Nahnsen; Johannes Köster,2021,F1000Research,10.12688/f1000research.29032.2,https://openalex.org/W3122109253,off-topic-false-hit,"Data analysis often entails a multitude of heterogeneous steps, from the application of various command line tools to the usage of scripting languages like R or Python for the generation of plots and tables. It is widely recognized that data analyses should ideally be conducted in a reproducible way. Reproducibility enables technical validation and regeneration of results on the original or even new data. However, reproducibility alone is by no means sufficient to deliver an analysis that is of lasting impact (i.e., sustainable) for the field, or even just one research group. We postulate that it is equally important to ensure adaptability and transparency. The former describes the ability to modify the analysis to answer extended or slightly different research questions. The latter describes the ability to understand the analysis in order to judge whether it is not only technically, but methodologically valid. Here, we analyze the properties needed for data analysis to become reproducible, adaptable, and transparent. We show how the popular workflow management system Snakemake can be used to guarantee this, and how it enables an ergonomic, combined, unified representation of all steps involved in data analysis, ranging from raw data processing, to quality control and fine-grained, interactive exploration and plotting of final results.",openalex,llm,0.900,unreviewed,,doi:10.12688/f1000research.29032.2
discarded,Ten simple rules on writing clean and reliable open-source scientific software,Haley Hunter-Zinck; Alexandre Fioravante de Siqueira; Váleri Vásquez; Richard Barnes; Ciera Martinez,2021,PLoS Computational Biology,10.1371/journal.pcbi.1009481,https://openalex.org/W3214383379,adjacent-subtopic,"Functional, usable, and maintainable open-source software is increasingly essential to scientific research, but there is a large variation in formal training for software development and maintainability. Here, we propose 10 ""rules"" centered on 2 best practice components: clean code and testing. These 2 areas are relatively straightforward and provide substantial utility relative to the learning investment. Adopting clean code practices helps to standardize and organize software code in order to enhance readability and reduce cognitive load for both the initial developer and subsequent contributors; this allows developers to concentrate on core functionality and reduce errors. Clean coding styles make software code more amenable to testing, including unit tests that work best with modular and consistent software code. Unit tests interrogate specific and isolated coding behavior to reduce coding errors and ensure intended functionality, especially as code increases in complexity; unit tests also implicitly provide example usages of code. Other forms of testing are geared to discover erroneous behavior arising from unexpected inputs or emerging from the interaction of complex codebases. Although conforming to coding styles and designing tests can add time to the software development project in the short term, these foundational tools can help to improve the correctness, quality, usability, and maintainability of open-source scientific software code. They also advance the principal point of scientific research: producing accurate results in a reproducible way. In addition to suggesting several tips for getting started with clean code and testing practices, we recommend numerous tools for the popular open-source scientific software languages Python, R, and Julia.",openalex,llm,0.860,unreviewed,,doi:10.1371/journal.pcbi.1009481
kept,Human vs. Automated Coding Style Grading in Computing Education,James Perretta; Westley Weimer; Andrew DeOrio,2020,,10.18260/1-2--32906,https://openalex.org/W3112069508,qualifies-claim,"Abstract Human vs. Automated Coding Style Grading in Computing Education Computer programming courses often evaluate student coding style manually. Static analysis tools provide an opportunity to automate this process. In this paper, we explore the tradeoffs of human style graders and general-purpose static analysis tools to evaluate student code. We investigate the following research questions: - Are human coding style evaluation scores consistent with static analysis tools? - Which style grading criteria are best evaluated with existing static analysis tools and which are more effectively evaluated by human graders? We analyze data from a second-semester programming course at a large research institution with 943 students enrolled. Hired student graders evaluated student code with rubric criteria such as “Lines are not too long” or “Code is not too deeply nested.” We also ran several static analysis tools on the same student code to evaluate the same criteria. We then analyzed the correlation between the number of static analysis warnings and human style grading score for each criterion. In our preliminary results, we see that static analysis tools tend to be more effective at evaluating objective code style criteria. We found a weak negative or no correlation between the human style grading score and number of static analysis warnings. Note that we expect student code with more static analysis warnings to receive fewer human style grading points. When comparing the “Lines are not too long” human style grading criterion to a related line-length static analysis inspection, we see a Pearson correlation score of r=-0.21. We also see trends in the distributions of human style grading scores that suggest human graders perform inconsistently. For example, 50% of students who received full human style grading points for the line-length criterion had 3 or more static analysis warnings from a related line-length inspection. Additionally, 23% of students who received no points on the same criterion had no static analysis warnings for the line-length inspection. We also found that some code style criteria are not well suited to the general-purpose static analysis tools we investigated. For example, none of the static analysis tools we investigated provide a robust way of evaluating the quality of variable and function names in a program. Some tools provide an inspection for detecting variable names that are shorter than a user-specified length threshold; however, this inspection fails to identify low-quality variable names that happen to be longer than the minimum allowed length. Furthermore, there are some common scenarios where a short variable name is acceptable by convention. Static analysis tools have the benefit of integration with an automated grading system, facilitating faster and more frequent feedback compared to human grading. The literature suggests that frequent feedback encourages students to actively improve on their work (Spacco et al. 2006). There is also evidence to suggest that increased engagement is most beneficial to students with less experience (Carini et al. 2006). Our results suggest that automated code quality evaluation could be one tool that benefits student learning in intro CS courses, helping most those students with least access to CS training pre-college. References - Carini, R.M., Kuh, G.D. & Klein, S.P. Res High Educ (2006) 47: 1. - Spacco, Jaime and Pugh, William. Helping students appreciate test-driven development (TDD). Proceedings of OOPSLA, pages 907–913, 2006.",openalex,llm,0.940,unreviewed,,doi:10.18260/1-2--32906
discarded,Single Assignment C: efficient support for high-level array operations in a functional setting,Sven‐Bodo Scholz,2003,Journal of Functional Programming,10.1017/s0956796802004458,https://openalex.org/W2158094629,off-topic-false-hit,"This paper presents a novel approach for integrating arrays with access time ${\cal O}$(1) into functional languages. It introduces n-dimensional arrays combined with a type system that supports hierarchies of array types with varying shape information as well as a shape-invariant form of array comprehension called WITH -loop. Together, these constructs allow for a programming style similar to that of array programming languages such as A PL . We use Single Assignment C (S A C), a functional C-variant aimed at numerical applications that is based on the proposed design, to demonstrate that programs written in that style can be compiled to code whose runtime performance is competitive with that of hand-optimized Fortran programs. However, essential prerequisites for such performance figures are a shape inference system integrated in the type system as well as several high-level optimizations. Most notably of these is With Loop Folding , an optimization technique for eliminating intermediate arrays.",openalex,llm,0.970,unreviewed,,doi:10.1017/s0956796802004458
discarded,"Architecture consistency: State of the practice, challenges and requirements",Nour Alí; Seán Baker; Ross O’Crowley; Sebastian Herold; Jim Buckley,2017,Empirical Software Engineering,10.1007/s10664-017-9515-3,https://openalex.org/W2616270070,off-topic-false-hit,"Architecture Consistency (AC) aims to align implemented systems with their intended architectures. Several AC approaches and tools have been proposed and empirically evaluated, suggesting favourable results. In this paper, we empirically examine the state of practice with respect to Architecture Consistency, through interviews with nineteen experienced software engineers. Our goal is to identify 1) any practises that the companies these architects work for, currently undertake to achieve AC; 2) any barriers to undertaking explicit AC approaches in these companies; 3) software development situations where practitioners perceive AC approaches would be useful, and 4) AC tool needs, as perceived by practitioners. We also assess current commercial AC tool offerings in terms of these perceived needs. The study reveals that many practitioners apply informal AC approaches as there are barriers for adopting more formal and explicit approaches. These barriers are: 1) Difficulty in quantifying architectural inconsistency effects, and thus justifying the allocation of resources to fix them to senior management, 2) The near invisibility of architectural inconsistency to customers, 3) Practitioners’ reluctance towards fixing architectural inconsistencies, and 4) Practitioners perception that huge effort is required to map the system to the architecture when using more formal AC approaches and tools. Practitioners still believe that AC would be useful in supporting several of the software development activities such as auditing, evolution and ensuring quality attributes. After reviewing several commercial tools, we posit that AC tool vendors need to work on their ability to support analysis of systems made up of different technologies, that AC tools need to enhance their capabilities with respect to artefacts such as services and meta-data, and to focus more on non-maintainability architectural concerns.",openalex,llm,0.920,unreviewed,,doi:10.1007/s10664-017-9515-3
kept,Impacts of Coding Practices on Readability,Rodrigo Magalhães dos Santos; Marco Aurélio Gerosa,2018,2018 IEEE/ACM 26th International Conference on Program Comprehension (ICPC),,https://ieeexplore.ieee.org/document/8972984/,qualifies-claim,"Several conventions and standards aim to improve maintain-ability of software code. However, low levels of code readabil- ity perceived by developers still represent a barrier to their daily work. In this paper, we describe a survey that assessed the impact of a set of Java coding practices on the readability perceived by software developers. While some practices pro- moted an enhancement of readability, others did not show statistically signicant effects. Interestingly, one of the prac- tices worsened the readability. Our results may help to iden- tify coding conventions with a positive impact on readability and, thus, guide the creation of coding standards.",ieee,llm,0.980,unreviewed,,hash:b84da6e0b8896132
discarded,Neural Video Portrait Relighting in Real-time via Consistency Modeling,Longwen Zhang; Qixuan Zhang; Minye Wu; Jingyi Yu; Lan Xu,2021,2021 IEEE/CVF International Conference on Computer Vision (ICCV),10.1109/ICCV48922.2021.00084,https://ieeexplore.ieee.org/document/9710469/,off-topic-false-hit,"Video portraits relighting is critical in user-facing human photography, especially for immersive VR/AR experience. Recent advances still fail to recover consistent relit result under dynamic illuminations from monocular RGB stream, suffering from the lack of video consistency supervision. In this paper, we propose a neural approach for real-time, high-quality and coherent video portrait relighting, which jointly models the semantic, temporal and lighting consistency using a new dynamic OLAT dataset. We propose a hybrid structure and lighting disentanglement in an encoder-decoder architecture, which combines a multi-task and adversarial training strategy for semantic-aware consistency modeling. We adopt a temporal modeling scheme via flow-based supervision to encode the conjugated temporal consistency in a cross manner. We also propose a lighting sampling strategy to model the illumination consistency and mutation for natural portrait light manipulation in real-world. Extensive experiments demonstrate the effectiveness of our approach for consistent video portrait light-editing and relighting, even using mobile computing.",ieee,llm,0.990,unreviewed,,doi:10.1109/iccv48922.2021.00084
discarded,Style-Analyzer: Fixing Code Style Inconsistencies with Interpretable Unsupervised Algorithms,Vadim Markovtsev; Waren Long; Hugo Mougard; Konstantin Slavnov; Egor Bulychev,2019,2019 IEEE/ACM 16th International Conference on Mining Software Repositories (MSR),10.1109/MSR.2019.00073,https://ieeexplore.ieee.org/document/8816753/,adjacent-subtopic,"Source code reviews are manual, time-consuming, and expensive. Human involvement should be focused on analyzing the most relevant aspects of the program, such as logic and maintainability, rather than amending style, syntax, or formatting defects. Some tools with linting capabilities can format code automatically and report various stylistic violations for supported programming languages. They are based on rules written by domain experts, hence, their configuration is often tedious, and it is impractical for the given set of rules to cover all possible corner cases. Some machine learning-based solutions exist, but they remain uninterpretable black boxes. This paper introduces style-analyzer, a new open source tool to automatically fix code formatting violations using the decision tree forest model which adapts to each codebase and is fully unsupervised. style-analyzer is built on top of our novel assisted code review framework, Lookout. It accurately mines the formatting style of each analyzed Git repository and expresses the found format patterns with compact human-readable rules. style-analyzer can then suggest style inconsistency fixes in the form of code review comments. We evaluate the output quality and practical relevance of style-analyzer by demonstrating that it can reproduce the original style with high precision, measured on 19 popular JavaScript projects, and by showing that it yields promising results in fixing real style mistakes. style-analyzer includes a web application to visualize how the rules are triggered. We release style-analyzer as a reusable and extendable open source software package on GitHub for the benefit of the community.",ieee,llm,0.950,unreviewed,,doi:10.1109/msr.2019.00073
