status,title,authors,year,venue,doi,url,tags,abstract,provider,decision_source,llm_confidence,llm_review_outcome,llm_change_direction,paper_id
discarded,In-Browser C plus plus Interpreter for Lightweight Intelligent Programming Learning Environments,"Blazauskas, Tomas; Rauba, Arnoldas; Swacha, Jakub; Montella, Raffaele; Maskeliunas, Rytis",2025,"6TH INTERNATIONAL COMPUTER PROGRAMMING EDUCATION CONFERENCE, ICPEC 2025",10.4230/OASIcs.ICPEC.2025.14,https://www.webofscience.com/wos/woscc/full-record/WOS:001748591000014,adjacent-subtopic,"The paper presents a browser native C++ interpreter integrated into an AI-assisted educational platform designed to enhance programming learning in formal education. The interpreter leverages Parsing Expression Grammars (PEG) to generate Abstract Syntax Trees (AST) and executes C++ code using a TypeScript-based runtime. The system supports key C++ features, including pointer arithmetic, function overloading, and namespace resolution, and emulates memory management via reference-counted JavaScript objects. Integrated within a web-based learning environment, it provides automated feedback, error explanations, and code quality evaluations. The evaluation involved 4582 students in three difficulty levels and feedback from 14 teachers. The results include high system usability scale (SUS) scores (avg. 83.5) and WBLT learning effectiveness scores (avg. 4.58/5). Interpreter performance testing in 65 cases averaged under 10 ms per task, confirming its practical applicability to school curricula. The system supports SCORM and PWA deployment, enabling LMS-independent usage. The work introduces a technical innovation in browser-based C++ execution and a scalable framework for LLM-enhanced programming pedagogy.",wos,llm,0.780,unreviewed,,doi:10.4230/oasics.icpec.2025.14
discarded,WIP: ARTful Insights From A Pilot Study on GPT-based Automatic Code Reviews in Undergraduate Computer Science Programs,"Crandall, Aaron S.; Fischer, Bryan J.; Crandall, Johannah L.",2024,"2024 IEEE FRONTIERS IN EDUCATION CONFERENCE, FIE",10.1109/FIE61694.2024.10893407,https://www.webofscience.com/wos/woscc/full-record/WOS:001447128100452,adjacent-subtopic,"This work in progress research paper describes a pilot study using a Large Language Model (LLM) Generative Pre-Trained Transformer-based (GPT) system that generates industry-style code reviews for student feedback on software development projects in Computer Science 2nd, 3rd, and 4th+ semester classes (CS2, CS3, CS4+) at an ABET accredited baccalaureate institution. Code reviews are a valuable, but work-intensive, component of the software engineering process and provide important training to undergraduate students in the form of mentor-peer knowledge transfer. Participants in this study engaged in iterative experiential learning using the Automatic Review Tool (ART), an artificial intelligence tool to support software engineering as an Automatic Static Analysis Tool in the Continuous Integration pipeline alongside software testing harnesses and code style checkers. This pilot study was based on earlier results from a full computer science second semester (CS2) class (n = 74) to develop an ART-generated code review intervention pilot study with a small group of students in CS2 / 3 and CS4. The project underway uses an experiential learning and iterative feedback process to answer research questions including ""Does ART provide accurate and actionable code reviews for students"" and ""Which levels of students are best prepared to receive and use ART-based code reviews?"" During this pilot study, the project used a mixed methods research approach with a series of surveys, code review interventions, and numerical analysis of the code reviews' accuracy. Results showed a reasonable degree of code review accuracy by ART and the students learned code review skills from interaction with the ART-based reviews they received. Ongoing work includes increasing the scale of data collection, using this work to refine and focus the ART-based reviews onto the categories of feedback that students find the most valuable, and building out a more modular tool for wider release in the academic community.",wos,llm,0.850,unreviewed,,doi:10.1109/fie61694.2024.10893407
discarded,Code-Review-as-an-Educational-Service: A tool for Java code review in programming education,"Beattie, Matthew; Watson, Moira; Greer, Desmond; Toh, Bee-Yen; Li, Zheng",2025,SOFTWAREX,10.1016/j.softx.2025.102048,https://www.webofscience.com/wos/woscc/full-record/WOS:001414070300001,adjacent-subtopic,"High-quality source code is the foundation of successful and sustainable software development, while code review plays a crucial role in ensuring code quality. We place a special emphasis on the educational application of code review, aiming to assist novice students who are entry-level programmers establish industry-standard programming practices while reducing the likelihood of vulnerabilities and technical debt. Given that existing code review tools often require complex setups and are designed for large-scale, enterprise-level software projects, we advocate for the development of an easy-to-use, zero-configuration, and lightweight tool that is specifically tailored to the needs of educational environments. This paper reports our development of such a cloud-native code review tool as an educational service. Although still at the proof-of-concept stage, our internal and preliminary assessment has confirmed the promising usability and usefulness of this tool both for students (e.g., self-reviewing an individual exercise) and for educators (e.g., examining cohort exercises and prioritising teaching materials). By integrating this tool into our innovative project Automating Programming Education in Java, we believe that such an educational service would be able to make contributions to faster maturation of programming skills in students.",wos,llm,0.840,unreviewed,,doi:10.1016/j.softx.2025.102048
kept,Acknowledging Good Java Code with Code Perfumes,"Straubinger, Philipp; Obermueller, Florian; Fraser, Gordon",2024,"2024 36TH INTERNATIONAL CONFERENCE ON SOFTWARE ENGINEERING EDUCATION AND TRAINING, CSEE & T 2024",10.1109/CSEET62301.2024.10662995,https://www.webofscience.com/wos/woscc/full-record/WOS:001325262600011,supports-claim,"Java remains one of the most popular programming languages in education. Although Java programming education is well supported by study materials, learners also need more immediate support on the problems they face in their own code. When this support cannot be offered by educators personally, learners can resort to automated program analysis tools such as linters, which provide feedback on potential bugs or code issues. This is constructive feedback, but it may nevertheless feel like criticism. This paper introduces code perfumes for Java, a simple program analysis technique similar to linting, but commending the correct application of good programming practices. We present a catalogue of 20 Java code perfumes related to common Java language constructs for beginner to immediate learners. Our evaluation shows that these code perfumes occur frequently in learners' code, and programs with more code perfume instances tend to have better functionality and readability. Moreover, students who incorporate more code perfumes tend to achieve higher grades. Thus, code perfumes serve as a valuable tool to acknowledge learners' successes, and as a means to inform instructors about their learners' progress.",wos,llm,0.870,unreviewed,,doi:10.1109/cseet62301.2024.10662995
discarded,Code Perfumes: Reporting Good Code to Encourage Learners,"Obermueller, Florian; Bloch, Lena; Greifenstein, Luisa; Heuer, Ute; Fraser, Gordon",2021,"PROCEEDINGS OF THE 16TH WORKSHOP IN PRIMARY AND SECONDARY COMPUTING EDUCATION, WIPSCE 2021",10.1145/3481312.3481346,https://www.webofscience.com/wos/woscc/full-record/WOS:001141312200015,adjacent-subtopic,"Block-based programming languages like SCRATCH enable children to be creative while learning to program. Even though the block-based approach simplifies the creation of programs, learning to program can nevertheless be challenging. Automated tools such as linters therefore support learners by providing feedback about potential bugs or code smells in their programs. Even when this feedback is elaborate and constructive, it still represents purely negative criticism and by construction ignores what learners have done correctly in their programs. In this paper we introduce an orthogonal approach to linting: We complement the criticism produced by a linter with positive feedback. We introduce the concept of code perfumes as the counterpart to code smells, indicating the correct application of programming practices considered to be good. By analysing not only what learners did wrong but also what they did right we hope to encourage learners, to provide teachers and students a better understanding of learners' progress, and to support the adoption of automated feedback tools. Using a catalogue of 25 code perfumes for SCRATCH, we empirically demonstrate that these represent frequent practices in SCRATCH, and we find that better programs indeed contain more code perfumes.",wos,llm,0.860,unreviewed,,doi:10.1145/3481312.3481346
discarded,Grading Documentation with Machine Learning,"Messer, Marcus; Shi, Miaojing; Brown, Neil C. C.; Kolling, Michael",2024,"ARTIFICIAL INTELLIGENCE IN EDUCATION, PT I, AIED 2024",10.1007/978-3-031-64302-6_8,https://www.webofscience.com/wos/woscc/full-record/WOS:001312807700008,adjacent-subtopic,"Professional developers, and especially students learning to program, often write poor documentation. While automated assessment for programming is becoming more common in educational settings, often using unit tests for code functionality and static analysis for code quality, documentation assessment is typically limited to detecting the presence and the correct formatting of a docstring based on a specified style guide. We aim to investigate how machine learning can be utilised to aid in automating the assessment of documentation quality. We classify a large set of publicly available human-annotated relevance scores between a natural language string and a code string, using traditional approaches, such as Logistic Regression and Random Forest, fine-tuned large language models, such as BERT and GPT, and Low-Rank Adaptation of large language models. Our most accurate mode was a fine-tuned CodeBERT model, resulting in a test accuracy of 89%.",wos,llm,0.870,unreviewed,,doi:10.1007/978-3-031-64302-6_8
discarded,An LLM-Based Guided Programming Assistance System for Code Quality Feedback and Formative Assessment,Liu G.,2026,Applied Sciences Switzerland,10.3390/app16136455,https://www.scopus.com/inward/record.uri?partnerID=HzOxMe3b&scp=105044520216&origin=inward,adjacent-subtopic,,scopus,llm,0.790,unreviewed,,doi:10.3390/app16136455
discarded,Architecture-Aware Static Analysis and Violation Detection of C# Student Submissions,Orosz B.D.,2026,Computers,10.3390/computers15070404,https://www.scopus.com/inward/record.uri?partnerID=HzOxMe3b&scp=105045822745&origin=inward,adjacent-subtopic,,scopus,llm,0.800,unreviewed,,doi:10.3390/computers15070404
discarded,Generation of Programming Learning Situation Feedback Reports Based on Code Analysis,Cui C.,2026,Computer Science China,10.11896/jsjkx.250600160,https://www.scopus.com/inward/record.uri?partnerID=HzOxMe3b&scp=105043895261&origin=inward,adjacent-subtopic,,scopus,llm,0.790,unreviewed,,doi:10.11896/jsjkx.250600160
discarded,Detection of Programming Style Consistency and Plagiarism through Code Similarity Metrics,Horváth M.,2026,Proceedings of the International Symposium on Applied Machine Intelligence and Informatics Sami,10.1109/SAMI68106.2026.11420357,https://www.scopus.com/inward/record.uri?partnerID=HzOxMe3b&scp=105035474315&origin=inward,adjacent-subtopic,,scopus,llm,0.840,unreviewed,,doi:10.1109/sami68106.2026.11420357
discarded,LLM-Based Rubric Grading for Programming Assignments: An Empirical Study,Piscitelli A.,2026,International Conference on Computer Supported Education Csedu Proceedings,10.5220/0015049400004021,https://www.scopus.com/inward/record.uri?partnerID=HzOxMe3b&scp=105044980163&origin=inward,adjacent-subtopic,,scopus,llm,0.800,unreviewed,,doi:10.5220/0015049400004021
discarded,From Static Analysis to Reflection: Towards Generating Questions about Code Quality Defects,Klinger S.L.,2026,International Conference on Computer Supported Education Csedu Proceedings,10.5220/0015068500004021,https://www.scopus.com/inward/record.uri?partnerID=HzOxMe3b&scp=105045137136&origin=inward,adjacent-subtopic,,scopus,llm,0.830,unreviewed,,doi:10.5220/0015068500004021
discarded,From Repositories to Practice: LLM-Based Personalization in Programming Education,Horváth M.,2026,Openaccess Series in Informatics,10.4230/OASIcs.ICPEC.2026.9,https://www.scopus.com/inward/record.uri?partnerID=HzOxMe3b&scp=105046547324&origin=inward,adjacent-subtopic,,scopus,llm,0.780,unreviewed,,doi:10.4230/oasics.icpec.2026.9
discarded,A CEFR-Inspired Classification Framework with Fuzzy C-Means to Automate Assessment of Programming Skills in Scratch,Hidalgo-Aragón R.,2026,International Conference on Computer Supported Education Csedu Proceedings,10.5220/0014691000004021,https://www.scopus.com/inward/record.uri?partnerID=HzOxMe3b&scp=105044967396&origin=inward,adjacent-subtopic,,scopus,llm,0.800,unreviewed,,doi:10.5220/0014691000004021
kept,Investigating the Impact of Automated Code Quality Feedback in an Embedded Systems Course,Corsi Ferrao R.,2025,Proceedings of 25th International Conference on Computing Education Research Koli Calling 2025,10.1145/3769994.3770035,https://www.scopus.com/inward/record.uri?partnerID=HzOxMe3b&scp=105022896251&origin=inward,qualifies-claim,,scopus,llm,0.770,unreviewed,,doi:10.1145/3769994.3770035
discarded,Assessing Introductory Programmers' Use of Conditions and Control Structures,Hickman H.,2025,Proceedings of 25th International Conference on Computing Education Research Koli Calling 2025,10.1145/3769994.3770010,https://www.scopus.com/inward/record.uri?partnerID=HzOxMe3b&scp=105022935379&origin=inward,adjacent-subtopic,,scopus,llm,0.800,unreviewed,,doi:10.1145/3769994.3770010
discarded,Enhancing Code Quality: A CNN-Based Approach for Readability Classification and Bug Localization in Programming,Barrameda R.B.,2025,Advances in Transdisciplinary Engineering,10.3233/ATDE250732,https://www.scopus.com/inward/record.uri?partnerID=HzOxMe3b&scp=105024749499&origin=inward,adjacent-subtopic,,scopus,llm,0.850,unreviewed,,doi:10.3233/atde250732
kept,Unlocking Student Potential With TA-Bot: Timely Submissions and Improved Code Style,Forden J.,2025,SIGCSE TS 2025 Proceedings of the 56th ACM Technical Symposium on Computer Science Education,10.1145/3641554.3701955,https://www.scopus.com/inward/record.uri?partnerID=HzOxMe3b&scp=86000241286&origin=inward,supports-claim,,scopus,llm,0.780,unreviewed,,doi:10.1145/3641554.3701955
discarded,Diagnosable Code Duplication in Introductory Programming,Řechtáčková A.,2025,SIGCSE TS 2025 Proceedings of the 56th ACM Technical Symposium on Computer Science Education,10.1145/3641554.3701975,https://www.scopus.com/inward/record.uri?partnerID=HzOxMe3b&scp=86000203366&origin=inward,adjacent-subtopic,,scopus,llm,0.800,unreviewed,,doi:10.1145/3641554.3701975
discarded,Hands-on analysis of using large language models for the auto evaluation of programming assignments,Mohamed K.,2025,Information Systems,10.1016/j.is.2024.102473,https://www.scopus.com/inward/record.uri?partnerID=HzOxMe3b&scp=85206820939&origin=inward,adjacent-subtopic,,scopus,llm,0.820,unreviewed,,doi:10.1016/j.is.2024.102473
discarded,Stimulating Reflection on Code Quality: An Adaptive and Automated Question Generation Approach for Student Code,Klinger S.L.,2025,Lecture Notes in Informatics Lni Proceedings Series of the Gesellschaft Fur Informatik Gi,10.18420/delfi2025_32,https://www.scopus.com/inward/record.uri?partnerID=HzOxMe3b&scp=105045593727&origin=inward,adjacent-subtopic,,scopus,llm,0.820,unreviewed,,doi:10.18420/delfi2025_32
kept,SOBO: A Feedback Bot to Nudge Code Quality in Programming Courses,Bobadilla S.,2025,Software Engineering Education Conference Proceedings,10.1109/CSEET66350.2025.00029,https://www.scopus.com/inward/record.uri?partnerID=HzOxMe3b&scp=105008498459&origin=inward,supports-claim,,scopus,llm,0.760,unreviewed,,doi:10.1109/cseet66350.2025.00029
discarded,StepGrade: Grading Programming Assignments with Context-Aware LLMs,Akyash M.,2025,2025 15th IEEE Integrated Stem Education Conference Isec 2025,10.1109/ISEC64801.2025.11147374,https://www.scopus.com/inward/record.uri?partnerID=HzOxMe3b&scp=105017718291&origin=inward,adjacent-subtopic,,scopus,llm,0.790,unreviewed,,doi:10.1109/isec64801.2025.11147374
discarded,Introductory programming: a systematic literature review,Andrew Luxton-Reilly; Simon; Ibrahim Albluwi; Brett A. Becker; Michail N. Giannakos; Amruth N. Kumar; Linda Ott; James H. Paterson; Michael Scott; Judy Sheard; Claudia Szabo,2018,,10.1145/3293881.3295779,https://openalex.org/W2910880405,adjacent-subtopic,"As computing becomes a mainstream discipline embedded in the school curriculum and acts as an enabler for an increasing range of academic disciplines in higher education, the literature on introductory programming is growing. Although there have been several reviews that focus on specific aspects of introductory programming, there has been no broad overview of the literature exploring recent trends across the breadth of introductory programming.",openalex,llm,0.820,unreviewed,,doi:10.1145/3293881.3295779
discarded,Programming Is Hard - Or at Least It Used to Be,Brett A. Becker; Paul Denny; James Finnie-Ansley; Andrew Luxton-Reilly; James Prather; Eddie Antonio Santos,2023,,10.1145/3545945.3569759,https://openalex.org/W4323033785,adjacent-subtopic,"The introductory programming sequence has been the focus of much research in computing education. The recent advent of several viable and freely-available AI-driven code generation tools present several immediate opportunities and challenges in this domain. In this position paper we argue that the community needs to act quickly in deciding what possible opportunities can and should be leveraged and how, while also working on overcoming otherwise mitigating the possible challenges. Assuming that the effectiveness and proliferation of these tools will continue to progress rapidly, without quick, deliberate, and concerted efforts, educators will lose advantage in helping shape what opportunities come to be, and what challenges will endure. With this paper we aim to seed this discussion within the computing education community.",openalex,llm,0.800,unreviewed,,doi:10.1145/3545945.3569759
kept,Developers talking about code quality,Jürgen Börstler; Kwabena Ebo Bennin; Sara Hooshangi; Johan Jeuring; Hieke Keuning; Carsten Kleiner; Bonnie MacKellar; Rodrigo Duran; Harald Störrle; Daniel Toll; Jelle van Assema,2023,Empirical Software Engineering,10.1007/s10664-023-10381-0,https://openalex.org/W4386929207,supports-claim,"Abstract There are many aspects of code quality, some of which are difficult to capture or to measure. Despite the importance of software quality, there is a lack of commonly accepted measures or indicators for code quality that can be linked to quality attributes. We investigate software developers’ perceptions of source code quality and the practices they recommend to achieve these qualities. We analyze data from semi-structured interviews with 34 professional software developers, programming teachers and students from Europe and the U.S. For the interviews, participants were asked to bring code examples to exemplify what they consider good and bad code, respectively. Readability and structure were used most commonly as defining properties for quality code. Together with documentation, they were also suggested as the most common target properties for quality improvement. When discussing actual code, developers focused on structure, comprehensibility and readability as quality properties. When analyzing relationships between properties, the most commonly talked about target property was comprehensibility. Documentation, structure and readability were named most frequently as source properties to achieve good comprehensibility. Some of the most important source code properties contributing to code quality as perceived by developers lack clear definitions and are difficult to capture. More research is therefore necessary to measure the structure, comprehensibility and readability of code in ways that matter for developers and to relate these measures of code structure, comprehensibility and readability to common software quality attributes.",openalex,llm,0.880,unreviewed,,doi:10.1007/s10664-023-10381-0
