status,title,authors,year,venue,doi,url,tags,abstract,provider,decision_source,llm_confidence,llm_review_outcome,llm_change_direction,paper_id
kept,A Systematic Mapping Study of Code Quality in Education,Hieke Keuning; Johan Jeuring; Bastiaan Heeren,2023,,10.1145/3587102.3588777,https://openalex.org/W4382654260,qualifies-claim; pep8,"While functionality and correctness of code has traditionally been the main focus of computing educators, quality aspects of code are getting increasingly more attention. High-quality code contributes to the maintainability of software systems, and should therefore be a central aspect of computing education. We have conducted a systematic mapping study to give a broad overview of the research conducted in the field of code quality in an educational context. The study investigates paper characteristics, topics, research methods, and the targeted programming languages. We found 195 publications (1976-2022) on the topic in multiple databases, which we systematically coded to answer the research questions. This paper reports on the results and identifies developments, trends, and new opportunities for research in the field of code quality in computing education.",openalex,llm_reviewed,0.860,confirmed,,doi:10.1145/3587102.3588777
discarded,You're (Not) My Type‐ Can LLMs Generate Feedback of Specific Types for Introductory Programming Tasks?,Dominic Lohr; Hieke Keuning; Natalie Kiesler,2025,Journal of Computer Assisted Learning,10.1111/jcal.13107,https://openalex.org/W4406091961,adjacent-subtopic,"ABSTRACT Background Feedback as one of the most influential factors for learning has been subject to a great body of research. It plays a key role in the development of educational technology systems and is traditionally rooted in deterministic feedback defined by experts and their experience. However, with the rise of generative AI and especially large language models (LLMs), we expect feedback as part of learning systems to transform, especially for the context of programming. In the past, it was challenging to automate feedback for learners of programming. LLMs may create new possibilities to provide richer, and more individual feedback than ever before. Objectives This article aims to generate specific types of feedback for introductory programming tasks using LLMs. We revisit existing feedback taxonomies to capture the specifics of the generated feedback, such as randomness, uncertainty and degrees of variation. Methods We iteratively designed prompts for the generation of specific feedback types (as part of existing feedback taxonomies) in response to authentic student programs. We then evaluated the generated output and determined to what extent it reflected certain feedback types. Results and Conclusion This study provides a better understanding of different feedback dimensions and characteristics. The results have implications for future feedback research with regard to, for example, feedback effects and learners' informational needs. It further provides a basis for the development of new tools and learning systems for novice programmers including feedback generated by AI.",openalex,llm,0.830,unreviewed,,doi:10.1111/jcal.13107
kept,Analysis of Learning Behavior in an Automated Programming Assessment Environment: A Code Quality Perspective,Hsi‐Min Chen; Bao-An Nguyen; Yi-Xiang Yan; Chyi‐Ren Dow,2020,IEEE Access,10.1109/access.2020.3024102,https://openalex.org/W3086838501,supports-claim,"Automated programming assessment systems are useful tools to track the learning progress of students automatically and thereby reduce the workload of educators. They can also be used to gain insights into how students learn, making it easier to formulate strategies aimed at enhancing learning performance. Rather than functional code which is always inspected, code quality remains an essential aspect to which not many educators consider when designing an automated programming assessment system. In this study, we applied data mining techniques to analyze the results of an automated assessment system to reveal unexpressed patterns in code quality improvement that are predictive of final achievements in the course. Cluster analysis is first utilized to categorize students according to their learning behavior and outcomes. Cluster profile analysis is then leveraged to highlight actionable factors that could affect their final grades. Finally, the same factors are employed to construct a classification model by which to make early predictions of the students' final results. Our empirical results demonstrate the efficacy of the proposed scheme in providing valuable insights into the learning behaviors of students in novice programming courses, especially in code quality assurance, which could be used to enhance programming performance at the university level.",openalex,llm,0.800,unreviewed,,doi:10.1109/access.2020.3024102
kept,Code Quality Defects in Introductory Programming,Anna Řechtáčková; Radek Pelánek; Tomáš Effenberger,2025,ACM Transactions on Computing Education,10.1145/3749996,https://openalex.org/W4412564182,qualifies-claim,"Code quality is a critical aspect of programming, as high-quality code is easier to maintain, and code maintenance constitutes the majority of software costs. Consequently, code quality should be emphasized in programming education. While previous research has identified numerous code quality defects commonly made by students, the current state lacks a clear organization and prioritization of these defects. In this work, we systematically address code quality defects in introductory programming from multiple perspectives. We present a comprehensive catalog of over 100 specific defects, organized through a structured classification of defect types and their associated programming constructs, along with an importance ranking. We conducted a survey among computer science educators regarding the severity of various defects. Our findings indicate that while individual opinions vary, there is general consensus on many code quality issues. We also review automated methods for detecting code quality defects and introduce a novel tool with extensive defect coverage. Finally, we analyze the prevalence of these defects using multiple datasets and prevalence metrics, demonstrating the importance of contextual interpretation when evaluating defect prevalence.",openalex,llm,0.930,unreviewed,,doi:10.1145/3749996
kept,"AI Teaches the Art of Elegant Coding: Timely, Fair, and Helpful Style Feedback in a Global Course",Juliette Woodrow; Ali Malik; Chris Piech,2024,,10.1145/3626252.3630773,https://openalex.org/W4392564430,supports-claim,"Teaching students how to write code that is elegant, reusable, and comprehensible is a fundamental part of CS1 education. However, providing this ""style feedback"" in a timely manner has proven difficult to scale. In this paper, we present our experience deploying a novel, real-time style feedback tool in Code in Place, a large-scale online CS1 course. Our tool is based on the latest breakthroughs in large-language models (LLMs) and was carefully designed to be safe and helpful for students. We used our Real-Time Style Feedback tool (RTSF) in a class with over 8,000 diverse students from across the globe and ran a randomized control trial to understand its benefits. We show that students who received style feedback in real-time were five times more likely to view and engage with their feedback compared to students who received delayed feedback. Moreover, those who viewed feedback were more likely to make significant style-related edits to their code, with over 79% of these edits directly incorporating their feedback. We also discuss the practicality and dangers of LLM-based tools for feedback, investigating the quality of the feedback generated, LLM limitations, and techniques for consistency, standardization, and safeguarding against demographic bias, all of which are crucial for a tool utilized by students.",openalex,llm,0.920,unreviewed,,doi:10.1145/3626252.3630773
kept,It's Never too Early to Learn About Code Quality,Linus Östlund; Niklas Wicklund; Richard Glassey,2023,,10.1145/3545945.3569829,https://openalex.org/W4323034249,supports-claim,"Low code quality incurs a significant cost upon the software industry. Despite this, little serious effort has been devoted to the topic at the most basic levels of computing science education. Where studies have been conducted, the results are disappointing in terms of code quality. In this work, four iterations of a medium to large CS1 and CS2 course (n=200 students) were analyzed through the lens of code violations to better understand (1) what code violations occur most frequently, (2) how does their occurrence vary throughout the course, and (3) to what extent do teaching assistants have an effect upon code quality. Results showed a statistically significant improvement in code quality over 19 assignments in all four course iterations. In particular, when a single violation was the focus of a learning outcome, the effects were both a dramatic fall and sustained low occurrence. However, this improvement was mostly focused on the three most frequently occurring violations (> 70%), which masked an increase in lesser occurring violations throughout the course. Finally, the effects from different teaching assistants were found to be random at best, contradicting expectations that their influence would be easily detected. Given that explicit learning outcomes targeted at code quality had an effect and teaching assistant influence had no effect, a path forward to improving code quality might combine these forces without creating too many additional demands upon the already stretched teaching resources with CS1 and CS2 courses.",openalex,llm,0.840,unreviewed,,doi:10.1145/3545945.3569829
kept,"Code Readability Testing, an Empirical Study",Todd Sedano,2016,,10.1109/cseet.2016.36,https://openalex.org/W2403787929,supports-claim,"Context: One of the factors that leads to improved code maintainability is its readability. When code is difficult to read, it is difficult for subsequent developers to understand its flow and its side effects. They are likely to introduce new bugs while trying to fix old bugs or adding new features. But how do software developers know they have written readable code? Objective: This paper presents a new technique, Code Readability Testing, to determine whether code is readable and evaluates whether the technique increases programmers' ability to write readable code. Method: The researcher conducted a field study using 21 software engineering master students and followed the Code Readability Testing with each student in four separate sessions evaluating different ""production ready"" software. After the observations, a questionnaire evaluated the programmer's perspective. Results: By following Code Readability Testing, half of the programmers writing ""unreadable"" code started writing ""readable"" code after four sessions. Programmers writing ""readable"" code also improved their ability to write readable code. The study reveals that the most frequent suggestions for increasing code readability are improving variable names, improving method names, creating new methods in order to reduce code duplication, simplifying if conditions and structures, and simplifying loop conditions. The programmers report that readability testing is worth their time. They observe increases in their ability to write readable code. When programmers experience a reader struggling to understand their code, they become motivated to write readable code. Conclusion: This paper defines code readability, demonstrates that Code Readability Testing improves programmers' ability to write readable code, and identifies frequent fixes needed to improve code readability.",openalex,llm,0.900,unreviewed,,doi:10.1109/cseet.2016.36
discarded,STREAM,Michael E. Caspersen; Michael Kölling,2009,ACM Transactions on Computing Education,10.1145/1513593.1513597,https://openalex.org/W2097910337,adjacent-subtopic,"Programming is recognized as one of seven grand challenges in computing education. Decades of research have shown that the major problems novices experience are composition-based---they may know what the individual programming language constructs are, but they do not know how to put them together. Despite this fact, textbooks, educational practice, and programming education research hardly address the issue of teaching the skills needed for systematic development of programs. We provide a conceptual framework for incremental program development, called Stepwise Improvement, which unifies best practice in modern software development such as test-driven development and refactoring with the prevailing perspective of programming methodology, stepwise refinement. The conceptual framework enables well-defined characterizations of incremental program development. We utilize the conceptual framework to derive a programming process, STREAM, designed specifically for novices. STREAM is a carefully down-scaled version of a full and rich agile software engineering process particularly suited for novices learning object-oriented programming. In using it we hope to achieve two things: to help novice programmers learn faster and better while at the same time laying the foundation for a more thorough treatment of more advanced aspects of software engineering. In this article, two examples demonstrate the application of STREAM. The STREAM process has been taught in the introductory programming courses at our universities for the past three years and the results are very encouraging. We report on a small, preliminary study evaluating the learning outcome of teaching STREAM. The study indicates a positive effect on the development of students’ process competences.",openalex,llm,0.800,unreviewed,,doi:10.1145/1513593.1513597
kept,Experiences with TA-Bot in CS1,Jack Forden; Alexander Gebhard; Dennis Brylow,2023,,10.1145/3576882.3617930,https://openalex.org/W4388850603,supports-claim,"Automated Assessment Tools (AATs) have been used in undergraduate CS education for decades. TA-Bot, a modular AAT, has existed in some form for 25 years serving thousands of students across multiple universities. Class sizes throughout the last decade have continued to grow, while the number of instructors remains stagnant. AATs help instructors mitigate issues without additional resources, while simultaneously providing students with helpful feedback. The research team implemented novel features into the new, web-based TA-Bot such as dynamic rate limiting between submissions, custom code style feedback, and a gamified points system. The experiment discussed in this paper used TA-Bot over the course of three semesters involving 145 students in CS1. During the first semester, student and instructor feedback was collected on how to improve the tool. The second semester was used to rate limit submissions using a new dynamic rate limiting system. Finally, the third semester of TA-Bot was used as a control group with simple submission input/output checking. Instructors found that TA-Bot helped mitigate issues with continual increases in class sizes. When using TA-Bot with a dynamic rate limit, students were more inclined to start their assignment earlier. In addition to this, TA-Bot provides students with the ability to compare their solution against test cases, while simultaneously providing code-style advice using curated novice-friendly examples.",openalex,llm,0.820,unreviewed,,doi:10.1145/3576882.3617930
discarded,Influence of Developer Factors on Code Quality: A Data Study,Maria Jose Salamea; Carles Farré,2019,,10.1109/qrs-c.2019.00035,https://openalex.org/W2980220905,adjacent-subtopic,"Automatic source-code inspection tools help to assess, monitor and improve code quality. Since these tools only examine the software project's codebase, they overlook other possible factors that may impact code quality and the assessment of the technical debt (TD). Our initial hypothesis is that human factors associated with the software developers, like coding expertise, communication skills, and experience in the project have some measurable impact on the code quality. In this exploratory study, we test this hypothesis on two large open source repositories, using TD as a code quality metric and the data that may be inferred from the version control systems. The preliminary results of our statistical analysis suggest that the level of participation of the developers and their experience in the project have a positive correlation with the amount of TD that they introduce. On the contrary, communication skills have barely any impact on TD.",openalex,llm,0.840,unreviewed,,doi:10.1109/qrs-c.2019.00035
discarded,Enhancing apprentice-based learning of Java,Michael Kölling; David J. Barnes,2004,Proceedings of the 35th SIGCSE technical symposium on Computer science education,10.1145/971300.971403,https://openalex.org/W4231018928,adjacent-subtopic,"Various methods have been proposed in the past to improve student learning by introducing new styles of working with assignments. These include problem-based learning, use of case studies and apprenticeship. In most courses, however, these proposals have not resulted in a widespread significant change of teaching methods. Most institutions still use a traditional lecture/lab class approach with a strong separation of tasks between them. In part, this lack of change is a consequence of the lack of easily available and appropriate tools to support the introduction of new approaches into mainstream courses.In this paper, we consider and extend these ideas and propose an approach to teaching introductory programming in Java that integrates assignments and lectures, using elements of all three approaches mentioned above. In addition, we show how the BlueJ interactive programming environment [7] (a Java development environment aimed at education) can be used to provide the type of support that has hitherto hindered the widespread take-up of these approaches. We arrive at a teaching method that is motivating, effective and relatively easy to put into practice. Our discussion includes a concrete example of such an assignment, followed by a description of guidelines for the design of this style of teaching unit.",openalex,llm,0.790,unreviewed,,doi:10.1145/971300.971403
kept,"Towards Comprehensive Assessment of Code Quality at CS1-Level: Tools, Rubrics and Refactoring Rules",Cruz Izu; Claudio Mirolo,2024,2024 IEEE Global Engineering Education Conference (EDUCON),10.1109/EDUCON60312.2024.10578672,https://ieeexplore.ieee.org/document/10578672/,qualifies-claim,"While most student code is assessed for correctness and functionality, recent work has looked at extending automatic assessment to include quality aspects. In software engineering code reviews help developers to increase the quality of a project by identifying and cleaning poor structures - commonly referred to as code smells. Despite the availability of professional tools, evaluating the quality of small programs at CS1 level is quite different from evaluating a complex software system. Thus, identifying meaningful quality criteria for small programs written by novices and either adapting current tools or designing new ones for that purpose are topics worth being investigated. The present work contributes to this aim by analysing the code produced by CS1 students from three different perspectives: (i) inspecting the feedback of automated tools - Hyperstyle and Pylint; (ii) matching the smells addressed by a set of refactoring rules; (iii) devising and using a manual rubric. A comparative analysis indeed highlights strengths and weaknesses of these approaches. Overall, automatic quality feedback needs to be complemented with classroom instruction to manually detect code issues and decide if they need refactoring. Additionally, such review activities have the potential to develop code comprehension by engaging novice programmers to reflect on their own code.",ieee,llm,0.870,unreviewed,,doi:10.1109/educon60312.2024.10578672
kept,Work-In-Progress: Code Quality Issues of Computing Undergraduates,Oscar Karnalim; Simon; William Chivers,2022,2022 IEEE Global Engineering Education Conference (EDUCON),10.1109/EDUCON52537.2022.9766807,https://ieeexplore.ieee.org/document/9766807/,supports-claim,"Several studies report code quality issues in academia by analysing student submissions. However, most of them focus on novices or a specific integrated development environment (IDE), and the findings might be less representative of code quality issues in general undergraduate computing. This study summarizes code quality issues from seven programming courses with various level of complexity. There are 931 assessment tasks with 15,323 Java/Python program files involved. The reported issues are specifically tailored to computing undergraduates and are selected with checkstyle (Java) and Flake8 (Python). Our study finds that students often neglect to use blank lines between code components, braces where they are optional, and a space after a comment marker. They also sometimes include too much code in one line. This initial study will be expanded via the development of a tool that can automatically summarize the code quality issues of each student submission.",ieee,llm,0.730,unreviewed,,doi:10.1109/educon52537.2022.9766807
