status,title,authors,year,venue,doi,url,tags,abstract,provider,decision_source,llm_confidence,llm_review_outcome,llm_change_direction,paper_id
discarded,A Cross-Cultural Perspective on Reading Comprehension,Margaret S. Steffensen; Chitra Joag-dev; Richard C. Anderson,1979,Reading Research Quarterly,10.2307/747429,https://openalex.org/W2133817765,off-topic-false-hit,"Subjects from the United States and India read letters about an Indian and an American wedding and recalled them following interpolated tasks.Subjects read the native passage more rapidly, recalled a larger amount of information from the native passage, produced more culturally appropriate elaborations of the native passage, and produced more culturally based distortions of the foreign passage.Whether recalling the native or foreign passage, subjects recalled more of the text elements rated as important by other subjects with the same cultural heritage.The results were interpreted as showing the pervasive influence on comprehension and memory of schemata embodying knowledge of the content of a discourse.",openalex,llm,0.990,unreviewed,,doi:10.2307/747429
discarded,Cognitive control and parsing: Reexamining the role of Broca’s area in sentence comprehension,Jared M. Novick; John C. Trueswell; Sharon L. Thompson‐Schill,2005,Cognitive Affective & Behavioral Neuroscience,10.3758/cabn.5.3.263,https://openalex.org/W2073929588,off-topic-false-hit,,openalex,llm,0.980,unreviewed,,doi:10.3758/cabn.5.3.263
discarded,The Relationship Between Speech-Language Impairments and Reading Disabilities,Hugh W. Catts,1993,Journal of Speech Language and Hearing Research,10.1044/jshr.3605.948,https://openalex.org/W2078695450,off-topic-false-hit,"A group of children with speech-language impairments was identified in kindergarten and given a battery of speech-language tests and measures of phonological awareness and rapid automatized naming. Subjects were followed in first and second grades and administered tests of written word recognition and reading comprehension. The children with speech-language impairments were found to perform less well on reading tests than a nonimpaired comparison group. Subjects' performance on standardized measures of language ability in kindergarten was observed to be closely related to reading outcome, especially reading comprehension. Measures of phonological awareness and rapid automatized naming, on the other hand, were found to be the best predictors of written word recognition. The implications of these findings for the early identification and remediation of reading disabilities are discussed.",openalex,llm,0.990,unreviewed,,doi:10.1044/jshr.3605.948
discarded,Cognition and anatomy in three variants of primary progressive aphasia,Maria Luisa Gorno‐Tempini; Nina F. Dronkers; Katherine P. Rankin; Jennifer M. Ogar; La Phengrasamy; Howard J. Rosen; Julene K. Johnson; Michael W. Weiner; Bruce L. Miller,2004,Annals of Neurology,10.1002/ana.10825,https://openalex.org/W2154633730,off-topic-false-hit,"We performed a comprehensive cognitive, neuroimaging, and genetic study of 31 patients with primary progressive aphasia (PPA), a decline in language functions that remains isolated for at least 2 years. Detailed speech and language evaluation was used to identify three different clinical variants: nonfluent progressive aphasia (NFPA; n = 11), semantic dementia (SD; n = 10), and a third variant termed logopenic progressive aphasia (LPA; n = 10). Voxel-based morphometry (VBM) on MRIs showed that, when all 31 PPA patients were analyzed together, the left perisylvian region and the anterior temporal lobes were atrophied. However, when each clinical variant was considered separately, distinctive patterns emerged: (1) NFPA, characterized by apraxia of speech and deficits in processing complex syntax, was associated with left inferior frontal and insular atrophy; (2) SD, characterized by fluent speech and semantic memory deficits, was associated with anterior temporal damage; and (3) LPA, characterized by slow speech and impaired syntactic comprehension and naming, showed atrophy in the left posterior temporal cortex and inferior parietal lobule. Apolipoprotein E epsilon4 haplotype frequency was 20% in NFPA, 0% in SD, and 67% in LPA. Cognitive, genetic, and anatomical features indicate that different PPA clinical variants may correspond to different underlying pathological processes.",openalex,llm,0.990,unreviewed,,doi:10.1002/ana.10825
discarded,Morphological awareness: A key to understanding poor reading comprehension in English.,Shelley Xiuli Tong; S. Hélène Deacon; John R. Kirby; Kate Cain; Rauno Parrila,2011,Journal of Educational Psychology,10.1037/a0023495,https://openalex.org/W1985881862,off-topic-false-hit,"This longitudinal study examined the performance of poor comprehenders on several reading-related abilities in the late elementary school years. We identified 3 groups of readers in Grade 5 who were matched on word reading accuracy and speed, nonverbal cognitive ability, and age: unexpected poor comprehenders, expected average comprehenders, and unexpected good comprehenders. We compared these groups in Grade 5 and, retrospectively, in Grade 3. The 3 groups performed similarly on phonological awareness, naming speed, and orthographic processing tasks but differed in morphological awareness, even when vocabulary was controlled statistically. Unexpected poor comprehenders performed more poorly than expected average comprehenders in morphological derivation at Grade 5 but not in Grade 3; in contrast, expected average comprehenders performed more poorly than unexpected good comprehenders at Grade 3, but these groups did not differ in Grade 5. Our findings suggest that poor morphological awareness contributes to reading comprehension difficulties and that children with different reading comprehension profiles may learn morphology at different rates. © 2011 American Psychological Association.",openalex,llm,0.990,unreviewed,,doi:10.1037/a0023495
discarded,Accent and reference resolution in spoken-language comprehension,Delphine Dahan; Michael K. Tanenhaus; Craig G. Chambers,2002,Journal of Memory and Language,10.1016/s0749-596x(02)00001-3,https://openalex.org/W2066789554,off-topic-false-hit,,openalex,llm,0.980,unreviewed,,doi:10.1016/s0749-596x(02)00001-3
discarded,ON THE ORIGINS OF NAMING AND OTHER SYMBOLIC BEHAVIOR,Pauline J. Horne; C. Fergus Lowe; C. Fergus Lowe,1996,Journal of the Experimental Analysis of Behavior,10.1901/jeab.1996.65-185,https://openalex.org/W2065077342,off-topic-false-hit,"We identify naming as the basic unit of verbal behavior, describe the conditions under which it is learned, and outline its crucial role in the development of stimulus classes and, hence, of symbolic behavior. Drawing upon B. F. Skinner's functional analysis and the theoretical work of G. H. Mead and L. S. Vygotsky, we chart how a child, through learning listener behavior and then echoic responding, learns bidirectional relations between classes of objects or events and his or her own speaker-listener behavior, thus acquiring naming-a higher order behavioral relation. Once established, the bidirectionality incorporated in naming extends across behavior classes such as those identified by Skinner as the mand, tact, and intraverbal so that each becomes a variant of the name relation. We indicate how our account informs the specification of rule-governed behavior and provides the basis for an experimental analysis of symbolic behavior. Furthermore, because naming is both evoked by, and itself evokes, classes of events it brings about new or emergent behavior such as that reported in studies of stimulus equivalence. This account is supported by data from a wide range of match-to-sample studies that also provide evidence that stimulus equivalence in humans is not a unitary phenomenon but the outcome of a number of different types of naming behavior.",openalex,llm,0.990,unreviewed,,doi:10.1901/jeab.1996.65-185
kept,Descriptive compound identifier names improve source code comprehension.,Andrea Schankin; Annika Berger; Daniel V. Holt; Johannes C. Hofmeister; Till Riedel; Michael Beigl,2018,ICPC,10.1145/3196321.3196332,https://dblp.org/rec/conf/iwpc/SchankinBHHRB18,supports-claim; namngivning,,dblp,llm_reviewed,0.840,confirmed,,doi:10.1145/3196321.3196332
kept,Effective identifier names for comprehension and memory.,Dawn J. Lawrie; Christopher Morrell; Henry Feild; David W. Binkley,2007,Innov. Syst. Softw. Eng.,10.1007/S11334-007-0031-2,https://dblp.org/rec/journals/isse/LawrieMFB07,supports-claim,,dblp,llm,0.810,unreviewed,,doi:10.1007/s11334-007-0031-2
discarded,Software Tools for Big Data Resources in Family Names Dictionaries,Adam Rambousek; Harry Parkin; Ales Horak,2019,cs.DL,10.1080/00277738.2018.1453276,http://arxiv.org/abs/1904.09234v1,off-topic-false-hit,"This paper describes the design and development of specific software tools used during the creation of Family Names in Britain and Ireland (FaNBI) research project, started by the University of the West of England in 2010 and finished successfully in 2016. First, the overview of the project and methodology is provided. Next section contains the description of dictionary management tools and software tools to combine input data resources.",arxiv,llm,0.980,unreviewed,,doi:10.1080/00277738.2018.1453276
discarded,Understanding Digits in Identifier Names: An Exploratory Study,Anthony Peruma; Christian D. Newman,2022,cs.SE,10.48550/arXiv.2203.00113,http://arxiv.org/abs/2203.00113v4,adjacent-subtopic,"Before any software maintenance can occur, developers must read the identifier names found in the code to be maintained. Thus, high-quality identifier names are essential for productive program comprehension and maintenance activities. With developers free to construct identifier names to their liking, it can be difficult to automatically reason about the quality and semantics behind an identifier name. Studying the structure of identifier names can help alleviate this problem. Existing research focuses on studying words within identifiers, but there are other symbols that appear in identifier names -- such as digits. This paper explores the presence and purpose of digits in identifier names through an empirical study of 800 open-source Java systems. We study how digits contribute to the semantics of identifier names and how identifier names that contain digits evolve over time through renaming. We envision our findings improving the efficiency of name appraisal and recommendation tools and techniques.",arxiv,llm,0.970,unreviewed,,doi:10.48550/arxiv.2203.00113
discarded,Identifier Name Similarities: An Exploratory Study,Carol Wong; Mai Abe; Silvia De Benedictis; Marissa Halim; Anthony Peruma,2025,cs.SE,10.48550/arXiv.2507.18081,http://arxiv.org/abs/2507.18081v1,adjacent-subtopic,"Identifier names, which comprise a significant portion of the codebase, are the cornerstone of effective program comprehension. However, research has shown that poorly chosen names can significantly increase cognitive load and hinder collaboration. Even names that appear readable in isolation may lead to misunderstandings in contexts when they closely resemble other names in either structure or functionality. In this exploratory study, we present our preliminary findings on the occurrence of identifier name similarity in software projects through the development of a taxonomy that categorizes different forms of identifier name similarity. We envision our initial taxonomy providing researchers with a platform to analyze and evaluate the impact of identifier name similarity on code comprehension, maintainability, and collaboration among developers, while also allowing for further refinement and expansion of the taxonomy.",arxiv,llm,0.950,unreviewed,,doi:10.48550/arxiv.2507.18081
discarded,Towards a Model to Appraise and Suggest Identifier Names,Anthony Peruma,2021,cs.SE,10.1109/ICSME.2019.00103,http://arxiv.org/abs/2103.13865v1,adjacent-subtopic,"Unknowingly, identifiers in the source code of a software system play a vital role in determining the quality of the system. Ambiguous and confusing identifier names lead developers to not only misunderstand the behavior of the code but also increases comprehension time and thereby causes a loss in productivity. Even though correcting poor names through rename operations is a viable option for solving this problem, renaming itself is an act of rework and is not immune to defect injection.
  In this study, we aim to understand the motivations that drive developers to name and rename identifiers and the decisions they make in determining the name. Using our results, we propose the development of a linguistic model that determines identifier names based on the behavior of the identifier. As a prerequisite to constructing the model, we conduct multiple studies to determine the features that should feed into the model. In this paper, we discuss findings from our completed studies and justify the continuation of research on this topic through further studies.",arxiv,llm,0.960,unreviewed,,doi:10.1109/icsme.2019.00103
discarded,M-VAD Names: a Dataset for Video Captioning with Naming,Stefano Pini; Marcella Cornia; Federico Bolelli; Lorenzo Baraldi; Rita Cucchiara,2019,cs.CV,10.1007/s11042-018-7040-z,http://arxiv.org/abs/1903.01489v1,off-topic-false-hit,"Current movie captioning architectures are not capable of mentioning characters with their proper name, replacing them with a generic ""someone"" tag. The lack of movie description datasets with characters' visual annotations surely plays a relevant role in this shortage. Recently, we proposed to extend the M-VAD dataset by introducing such information. In this paper, we present an improved version of the dataset, namely M-VAD Names, and its semi-automatic annotation procedure. The resulting dataset contains 63k visual tracks and 34k textual mentions, all associated with character identities. To showcase the features of the dataset and quantify the complexity of the naming task, we investigate multimodal architectures to replace the ""someone"" tags with proper character names in existing video captions. The evaluation is further extended by testing this application on videos outside of the M-VAD Names dataset.",arxiv,llm,0.990,unreviewed,,doi:10.1007/s11042-018-7040-z
discarded,The calculus of names -- The legacy of Jan Łukasiewicz,Andrzej Pietruszczak,2023,math.LO,10.3390/axioms14030160,http://arxiv.org/abs/2310.05661v3,off-topic-false-hit,"With his research on Aristotle's syllogistic, Jan Łukasiewicz (1934, 1939, 1957, 1963) initiates the branch of logic known as the calculus of names. This field deals with axiomatic systems that analyse various fragments of the logic of names, i.e., that branch of logic that studies various forms of names and functors acting on them, as well as logical relationships between sentences in which these names and functors occur. In this work, we want not only to present the genesis of the calculus of names and its first system created by Łukasiewicz. We also want to deliver systems that extend the first. In this work, we will also show that, from the point of view of modern logic, Łukasiewicz's approach to syllogistic is not the only possible one. However, this does not diminish Łukasiewicz's role in the study of syllogism. We believe that the calculus of names is undoubtedly the legacy of Łukasiewicz.",arxiv,llm,0.990,unreviewed,,doi:10.3390/axioms14030160
discarded,Two Sides of the Same Coin: Exploiting the Impact of Identifiers in Neural Code Comprehension,Shuzheng Gao; Cuiyun Gao; Chaozheng Wang; Jun Sun; David Lo; Yue Yu,2022,cs.SE,10.48550/arXiv.2207.11104,http://arxiv.org/abs/2207.11104v2,adjacent-subtopic,"Previous studies have demonstrated that neural code comprehension models are vulnerable to identifier naming. By renaming as few as one identifier in the source code, the models would output completely irrelevant results, indicating that identifiers can be misleading for model prediction. However, identifiers are not completely detrimental to code comprehension, since the semantics of identifier names can be related to the program semantics. Well exploiting the two opposite impacts of identifiers is essential for enhancing the robustness and accuracy of neural code comprehension, and still remains under-explored. In this work, we propose to model the impact of identifiers from a novel causal perspective, and propose a counterfactual reasoning-based framework named CREAM. CREAM explicitly captures the misleading information of identifiers through multi-task learning in the training stage, and reduces the misleading impact by counterfactual inference in the inference stage. We evaluate CREAM on three popular neural code comprehension tasks, including function naming, defect detection and code classification. Experiment results show that CREAM not only significantly outperforms baselines in terms of robustness (e.g., +37.9% on the function naming task at F1 score), but also achieve improved results on the original datasets (e.g., +0.5% on the function naming task at F1 score).",arxiv,llm,0.980,unreviewed,,doi:10.48550/arxiv.2207.11104
discarded,Method Names in Jupyter Notebooks: An Exploratory Study,Carol Wong; Gunnar Larsen; Rocky Huang; Bonita Sharif; Anthony Peruma,2025,cs.SE,10.48550/arXiv.2504.20330,http://arxiv.org/abs/2504.20330v1,adjacent-subtopic,"Method names play an important role in communicating the purpose and behavior of their functionality. Research has shown that high-quality names significantly improve code comprehension and the overall maintainability of software. However, these studies primarily focus on naming practices in traditional software development. There is limited research on naming patterns in Jupyter Notebooks, a popular environment for scientific computing and data analysis. In this exploratory study, we analyze the naming practices found in 691 methods across 384 Jupyter Notebooks, focusing on three key aspects: naming style conventions, grammatical composition, and the use of abbreviations and acronyms. Our findings reveal distinct characteristics of notebook method names, including a preference for conciseness and deviations from traditional naming patterns. We identified 68 unique grammatical patterns, with only 55.57% of methods beginning with a verb. Further analysis revealed that half of the methods with return statements do not start with a verb. We also found that 30.39% of method names contain abbreviations or acronyms, representing mathematical or statistical terms and image processing concepts, among others. We envision our findings contributing to developing specialized tools and techniques for evaluating and recommending high-quality names in scientific code and creating educational resources tailored to the notebook development community.",arxiv,llm,0.970,unreviewed,,doi:10.48550/arxiv.2504.20330
discarded,Names from Greek Myth in Fundamental Physics,Nirmal Raj,2022,physics.pop-ph,10.48550/arXiv.2210.10623,http://arxiv.org/abs/2210.10623v3,off-topic-false-hit,"Greek mythology supplies fundamental physics with the names of numerous (100+) experiments, machines, codes, and phenomena. I present the central narrative of Greek mythos via these names. Hyperlinks are provided for their physics counterparts, and the names are collected in myth- and physics-themed indices.",arxiv,llm,0.990,unreviewed,,doi:10.48550/arxiv.2210.10623
discarded,Long-Term Trends in Given Name Frequencies in England and Wales,Douglas A. Galbi,2005,physics.data-an,10.48550/arXiv.physics/0511021,http://arxiv.org/abs/physics/0511021v1,off-topic-false-hit,"  The frequency distribution of personal given names offers important evidence about the information economy. This paper presents data on the popularity of the most frequent personal given names (first names) in England and Wales over the past millennium. The popularity of a name is its frequency relative to the total name instances sampled. The data show that the popularity distribution of names, like the popularity of other symbols and artifacts associated with the information economy, can be helpfully viewed as a power law. Moreover, the data on name popularity suggest that historically distinctive changes in the information economy occurred in conjunction with the Industrial Revolution.",arxiv,llm,0.990,unreviewed,,doi:10.48550/arxiv.physics/0511021
discarded,Using Non-Verbal Expressions as a Tool in Naming Research,Omer Regev; Michael Soloveitchik; Dror G. Feitelson,2021,cs.SE,10.48550/arXiv.2103.08701,http://arxiv.org/abs/2103.08701v1,adjacent-subtopic,"Variable and function names are extremely important for program comprehension. It is therefore also important to study how developers select names. But controlled experiments on naming are hindered by the need to describe to experimental subjects what it is they need to name. Words appearing in these descriptions may then find their way into the names, leading to a bias in the results. We suggest that this problem can be alleviated by using emojis or other small graphics in lieu of key words in the descriptions. A replication of previous work on naming, this time including such emojis and graphics, indeed led to a more diverse and less biased choice of words in the names than when using English descriptions.",arxiv,llm,0.860,unreviewed,,doi:10.48550/arxiv.2103.08701
