status,title,authors,year,venue,doi,url,tags,abstract,provider,decision_source,llm_confidence,llm_review_outcome,llm_change_direction,paper_id
discarded,Automated Code Assessment and Feedback: A Comprehensive Model for Improved Programming Education,R. Parvathy; M. G. Thushara; Jinesh M. Kannimoola,2025,IEEE Access,10.1109/ACCESS.2025.3554838,https://ieeexplore.ieee.org/document/10942341/,adjacent-subtopic,"Programming skills are essential in nearly every job today. To prepare students for the growing demand for programming expertise, they must be proficient in coding. This poses a challenge for educators who must ensure students are well-equipped to meet these demands. In Today’s time, most of the schools and universities have introduced advanced curricula and syllabi with programming courses, thus an effective and conventional model to evaluate the codes submitted by students in a timely manner is very much required. Traditional grading systems were often slow, biased, and lacked the ability to provide meaningful feedback, which is crucial for student improvement. This study proposes an extensive automated code assessment and feedback model that addresses these issues and provides timely feedback to students. The model evaluates different aspects of the codes like originality, accuracy, structure, and syntax. By using the Abstract Syntax Tree (AST) analysis for code structure, plagiarism detection, and syntax error identification, the model offers an improved approach to evaluating student’s coding skills. To evaluate the model, a group of 60 engineering students participated, and the model demonstrated a 40% increase in grading efficiency, reducing grading time while maintaining quality. The feedback on scores provided students with valuable insights about their understanding of programming concepts. This model not only supports skill development through actionable feedback but also promotes larger educational goals of accessibility and inclusivity by offering a sustainable solution for quality learning.",ieee,llm,0.820,unreviewed,,doi:10.1109/access.2025.3554838
discarded,Is there a Need for Automated Code Review to be Used in Teaching? : From the perspective of students,Christian Kaufmann; João Pavão; Harald Wahl,2022,2022 17th Iberian Conference on Information Systems and Technologies (CISTI),10.23919/CISTI54924.2022.9820030,https://ieeexplore.ieee.org/document/9820030/,adjacent-subtopic,"The aim of this study is to analyze the typical process of the practical part of software development courses at universities and to evaluate whether the current process meets the expectations of students or whether the needs of students would be better met by the benefits of automated code feedback. A semi-automated survey was conducted in German, involving bachelor students from different universities who had attended an introductory programming class within the last 6 semesters. The results clearly show that the students would like to have individual assignments instead of the due to time constraints, usual group exercises as they see more advantages for their learning progress. The use of automated code feedback could not only solve this time problem but would also bring other benefits.",ieee,llm,0.850,unreviewed,,doi:10.23919/cisti54924.2022.9820030
discarded,Automatic Programming Assessment System for a Computer Science Bridge Course - An Experience Report,Sebastian Geiss; Tim Jentzsch; Nils Wild; Christian Plewnia,2022,2022 29th Asia-Pacific Software Engineering Conference (APSEC),10.1109/APSEC57359.2022.00074,https://ieeexplore.ieee.org/document/10043348/,qualifies-claim,"RWTH Aachen University in Germany offers a bridge course that introduces students of a variety of study programs to the basics of imperative programming. Due to the high number of students and limited availability of tutors, it is hard to provide instant individual feedback to all students, to notice how difficult the tasks are for the students, and to reliably monitor their progression during the course. This motivated us to use an Automatic Program Assessment System (APAS) to provide instant formative feedback to students and to systematically assess the course’s tasks. In this paper, we present our study in which we investigated (1) if the use of our APAS influences the students’ perceived difficulty of the programming tasks, (2) whether the use of our APAS increases the students’ progression speed, and (3) if the number of automated assessments triggered by the students can serve as an indicator of a task’s perceived difficulty. The results did not allow us to identify any meaningful differences between the study and control group with regards to the perceived difficulty and the progression speed. We found that the number of automated assessments can serve as a rough indicator for the task’s perceived difficulty. We also found initial indication that the use of the automated assessment helps to ensure that the students complete the tasks in full and as intended by the teachers and might improve code quality. This needs to be further investigated in future work.",ieee,llm,0.780,unreviewed,,doi:10.1109/apsec57359.2022.00074
discarded,AI-based Online Code Quality Assessment System,Siming Yi; Yuntao Yu; Jinke Wu,2024,"2024 3rd International Conference on Cloud Computing, Big Data Application and Software Engineering (CBASE)",10.1109/CBASE64041.2024.10824380,https://ieeexplore.ieee.org/document/10824380/,adjacent-subtopic,"Assessing students' code quality is a major workload for teachers, making research on automated systems crucial. We developed an AI-based system to automate code quality assessment, providing immediate feedback to students and reducing teachers' burden. We evaluated multiple machine learning models, including Multilayer Perceptron (MLP), k- Nearest Neighbors (k-NN), Naive Bayes (NB), Support Vector Machine (SVM), and Convolutional Neural Networks (CNN). Results show that the MLP model demonstrates the best performance, with an accuracy of 0.903, and our system can effectively identify code quality issues and improve the efficiency of educational feedback.",ieee,llm,0.850,unreviewed,,doi:10.1109/cbase64041.2024.10824380
discarded,Towards automated assessment in game-creative programming courses,Emília Pietriková; Ján Juhár; Jana Šťastná,2015,2015 13th International Conference on Emerging eLearning Technologies and Applications (ICETA),10.1109/ICETA.2015.7558505,https://ieeexplore.ieee.org/document/7558505/,adjacent-subtopic,"This work describes an environment supporting learning by creating computer games in programming courses. The environment consists of guidelines for student assignments (instructions for computer game creation — the key motivator). In order to submit assignments regularly, the environment is connected to Git version control system. Moreover, assignments are regularly assessed by the platform called Arena. The aim is to provide feedback as soon as possible, so there is enough space for bug fixing and personal improvement. In addition to ongoing assessment, Arena provides a web interface for writing code and displaying test results immediately, which is used mainly during exams. The main contribution is believed to be an increase of student motivation, enhancement of student engagement and effectiveness of assessment process, so it is fast and fair.",ieee,llm,0.840,unreviewed,,doi:10.1109/iceta.2015.7558505
discarded,Qualitative aspects of students' programs: Can we make them measurable?,Eliane Araujo; Dalton Serey; Jorge Figueiredo,2016,2016 IEEE Frontiers in Education Conference (FIE),10.1109/FIE.2016.7757725,https://ieeexplore.ieee.org/document/7757725/,adjacent-subtopic,"Proper feedback can leverage students to better understand their difficulties and shorten the characteristic program-submit-refactor cycle of programming exercises. The ideal feedback is the result of a human inspection and analysis considering both functional and qualitative aspects of programs produced by students. On the other hand, automated assessment systems can provide rapid, cheap and standardized feedback. In this paper, we focus on measuring aspects of code that instructors usually assess in programming assignments which are deemed unmeasurable: qualitative aspects that go beyond functional correctness. The aim of this work is to produce richer feedback messages that go beyond functional correctness as it involves code quality issues. We found that if an instructor is required to produce a reference solution for a programming assignment, then most of the expectations the instructor has about a student's code quality are concretely present in the reference solution. Based on this idea, we proposed and evaluated a set of candidate quality measures using the assignment's reference solution as a baseline. The results showed that they seem to capture what is usually considered to be the subjective and qualitative aspects of an instructors' assessment. We used these findings to generate feedback and conducted an experiment to evaluate it effectiveness. The results enforce that this kind of feedback stimulates students to improve their quality code in a higher degree than purely functional feedback, yet it still can be fully automated.",ieee,llm,0.890,unreviewed,,doi:10.1109/fie.2016.7757725
discarded,Enhancing Accuracy in Automated Grading through Deep Learning and Rule-Based Methods in Higher Education,C. Madan Kumar; Vandna; M. Renukadevi; Murali Krishna Pecheti; Soumitra Mondal; Aloke Verma,2025,2025 IEEE 6th Global Conference for Advancement in Technology (GCAT),10.1109/GCAT66372.2025.11368389,https://ieeexplore.ieee.org/document/11368389/,adjacent-subtopic,"Automated grading systems in higher education often come across issues concerning grading bias, contextual misinterpretation, and misalignment with criteria. Current methodologies either depend on deep learning techniques that lack interpretability or utilise rule-based systems that do not generalise well across varied inputs. The proposed study presents a hybrid framework that integrates the contextual comprehension of BERT and BiLSTM with rule-based post-processing to guarantee loyalty to rubrics and enhance interpretability. The program analyses essays, code portions, and organised student material, extracting detailed grammatical and structural attributes through deep learning, while enhancing scores with personalised grading parameters. The evaluation utilised publicly accessible datasets, including ASAP, Code Quality Classification, and Student Performance Evaluation. The proposed system attained a Quadratic Weighted Kappa of 0.91, an F1-score of 0.93, a precision of 0.92, and a minimal mean absolute error of 0.24. The findings exceed those of baseline models such as Logistic Regression, Random Forest, SVM, and standalone BERT, illustrating the hybrid model's enhanced accuracy and dependability. The suggested research provides a practical, scalable, and interpretable solution in educational technology, presenting a promising avenue for the development of AI-assisted, equitable, and transparent assessment systems that conform to educational criteria.",ieee,llm,0.810,unreviewed,,doi:10.1109/gcat66372.2025.11368389
kept,Can students help themselves? An investigation of students’ feedback on the quality of the source code,Raul Andrade; João Brunet,2018,2018 IEEE Frontiers in Education Conference (FIE),10.1109/FIE.2018.8658503,https://ieeexplore.ieee.org/document/8658503/,supports-claim,"This Research to Practice Full Paper presents a study on the evaluation of qualitative aspects of students' programs in an introductory programming course. Approaches have been proposed in order to address the quality of the source code, but they typically focus on automated analysis of syntactic aspects which might lead to generic feedback. In this study, we investigate if, by including students as evaluators, we could provide personalized feedback on the quality of source code. To do so, we applied a survey with assignments and their respective source codes answered by students in previous terms. Teachers and students analyze those source codes and gave suggestions to improve them qualitatively and, we found that most students identified code quality aspects with a similarity equal to or greater than 50% in comparison to teachers' and that similarity increases as students progress in the course. We found that students are particularly good at finding and giving feedback on complexity issues. This study may lead to further investigations on addressing source code quality on collaborative learning, and may also support the development of lint-like tools, once it yields detailed information on how students provide feedback regarding source code quality.",ieee,llm,0.800,unreviewed,,doi:10.1109/fie.2018.8658503
discarded,An AI-based Approach for Grading Students’ Collaboration,Bojan B. Tomić; Anisja D. Kijevčanin; Zoran V. Ševarac; Jelena M. Jovanović,2023,IEEE Transactions on Learning Technologies,10.1109/TLT.2022.3225432,https://ieeexplore.ieee.org/document/9965596/,off-topic-false-hit,"Soft skills (such as communication and collaboration) are rarely addressed in programming courses, mostly because they are difficult to teach, assess, and grade. A quantitative, modular, AI-based approach for assessing and grading students' collaboration has been examined in this article. The pedagogical underpinning of the approach includes a pedagogical framework and a quantitative soft skill assessment rubric, which have been adapted and used in an extracurricular Java programming course. The objective was to identify pros and cons of using different AI methods within this approach when it comes to assessing and grading collaboration in group programming projects. More specifically, fuzzy rules and several machine learning methods (ML onward) have been examined to see which one would yield the best results regarding performance, interpretability/explainability of recommendations, and feasibility/practicality. The data used for training and testing span four academic years, and the results suggest that almost all of the examined AI methods, when used within the proposed AI-based approach, can provide adequate grading recommendations as long as teachers cover other aspects of the assessment not covered by the rubrics: code quality, plagiarism, and project completion. The fuzzy-rule-based method requires time and effort to be spent on (manual) creation and tuning of fuzzy rules and sets, whereas the examined ML methods require lesser initial investments but do need historical data for training. On the other hand, the fuzzy-rule-based method can provide the best explanations on how the assessment/grading was made—something that proved to be very important to teachers.",ieee,llm,0.950,unreviewed,,doi:10.1109/tlt.2022.3225432
discarded,Partial SQL Query Assessment,Mario Fabijanić; Igor Mekterović,2023,2023 46th MIPRO ICT and Electronics Convention (MIPRO),10.23919/MIPRO57284.2023.10159706,https://ieeexplore.ieee.org/document/10159706/,adjacent-subtopic,"Automated grading systems in education have been around for sixty years. They have found applications in areas such as online learning systems where virtually an unlimited number of users can test their knowledge that would not be possible to evaluate manually. Implementations within Massive Open Online Courses are a good practice in which users can do the self-testing, and get instant feedback, making the learning process more efficient. Within universities, automated grading systems allow teachers to evaluate solutions and provide feedback for thousands of submissions in a short time. This paper presents an overview of methods used in automatic SQL query evaluation systems, from early implementations when the goal was only to evaluate solutions binary, to today when they enable functionalities like partial and configurable evaluation, rich and customized feedback, learning analytics, learning pattern detection, code quality check, plagiarism detection. These methods are not exclusive, and combining different approaches makes an automated grading system more comprehensive and applicable. Automatic assessment system of SQL queries developed at Algebra University College will be presented as an example of a system which uses dynamic and static analysis, awards partial points, and gives feedback to students based on the wrong parts of their solutions.",ieee,llm,0.840,unreviewed,,doi:10.23919/mipro57284.2023.10159706
kept,Automated Feedback for Quality Assurance in Software Engineering Education,Rachel Cardell-Oliver; Lu Zhang; Rieky Barady; You Hai Lim; Asad Naveed; Terry Woodings,2010,2010 21st Australian Software Engineering Conference,10.1109/ASWEC.2010.24,https://ieeexplore.ieee.org/document/5475060/,supports-claim,"This paper investigates the use of automated testing tools for improving the quality of programs produced by software engineering students. Our approach to software quality assurance utilizes open source, professional software engineering tools to measure a number of quality attributes. Programming assignments are designed and the tools configured to provide timely, formative feedback to students. Evaluation of over 450 student assignments developed both with and without tool support demonstrates that the feedback both enables and motivates students to improve significantly the quality of their submitted programming assignments.",ieee,llm,0.740,unreviewed,,doi:10.1109/aswec.2010.24
discarded,Unit Testing Challenges with Automated Marking,Chakkrit Tantithamthavorn; Norman Chen,2023,2023 30th Asia-Pacific Software Engineering Conference (APSEC),10.1109/APSEC60848.2023.00067,https://ieeexplore.ieee.org/document/10479401/,adjacent-subtopic,"Teaching software testing presents difficulties due to its abstract and conceptual nature. The lack of tangible outcomes and limited emphasis on hands-on experience further compound the challenge, often leading to difficulties in comprehension for students. This can result in waning engagement and diminishing motivation over time. In this paper, we introduce online unit testing challenges with automated marking as a learning tool via the EdStem platform to enhance students' software testing skills and understanding of software testing concepts. Then, we conducted a survey to investigate the impact of the unit testing challenges with automated marking on student learning. The results from 92 participants showed that our unit testing challenges have kept students more engaged and motivated, fostering deeper understanding and learning, while the automated marking mechanism enhanced students' learning progress, helping them to understand their mistakes and misconceptions quicker than traditional-style human-written manual feedback. Consequently, these results inform educators that the online unit testing challenges with automated marking improve overall student learning experience, and are an effective pedagogical practice in software testing.",ieee,llm,0.840,unreviewed,,doi:10.1109/apsec60848.2023.00067
discarded,Implementing a Support Vector Classifier for Student Risk Assessment in Colegio De Getafe: A Machine Learning Approach,Alvin T. Remolado; Deborah G. Brosas,2024,"2024 IEEE Open Conference of Electrical, Electronic and Information Sciences (eStream)",10.1109/eStream61684.2024.10542588,https://ieeexplore.ieee.org/document/10542588/,off-topic-false-hit,"This study addresses the persistent need for technological advancement in higher education to provide quality higher education and early classification for students who are struggling academically. The study's focus is Colegio de Getafe (CDG), a higher educational institution in Bohol, Philippines. The current process of manually collecting and analyzing data employed by CDG is time-consuming and often results in inaccurate assessments. The study emphasizes the importance of implementing machine learning algorithms for risk assessment systems in identifying at-risk students. The research aims to develop a machine learning-based student risk assessment system that automates data processes and classifies at-risk students. The system enables data collection, enhances data management, and facilitates early identification of students facing academic challenges by implementing the support vector classifier that will identify at-risk students. The study evaluated the machine learning algorithm's performance using the confusion matrix, accuracy, precision, recall, and F1 score. It also assessed the system's quality using the International Organization for Standardization (ISO 9126) software quality standards. Results indicate that the system is highly effective in identifying at-risk students, achieving 100% accuracy, precision, recall, and F1 score in student risk classification. The system complies with international software quality standards, scoring an overall rating of 4.38 out of 5. This research provides a strong solution for early identification and support for at-risk students, aligning with CDG's commitment to providing globally competitive students.",ieee,llm,0.990,unreviewed,,doi:10.1109/estream61684.2024.10542588
