status,title,authors,year,venue,doi,url,tags,abstract,provider,decision_source,llm_confidence,llm_review_outcome,llm_change_direction,paper_id
discarded,"An Insight into Security Code Review with LLMs: Capabilities, Obstacles, and Influential Factors",Jiaxin Yu; Peng Liang; Yujia Fu; Amjed Tahir; Mojtaba Shahin; Chong Wang; Yangxiao Cai,2024,cs.SE,10.48550/arXiv.2401.16310,http://arxiv.org/abs/2401.16310v6,off-topic-false-hit,"Security code review is a time-consuming and labor-intensive process typically requiring integration with automated security defect detection tools. However, existing security analysis tools struggle with poor generalization, high false positive rates, and coarse detection granularity. Large Language Models (LLMs) have been considered promising candidates for addressing those challenges. In this study, we conducted an empirical study to explore the potential of LLMs in detecting security defects during code review. Specifically, we evaluated the performance of seven LLMs under five different prompts and compared them with state-of-the-art static analysis tools. We also performed linguistic and regression analyses for the two top-performing LLMs to identify quality problems in their responses and factors influencing their performance. Our findings show that: (1) In security code review, LLMs significantly outperform state-of-the-art static analysis tools, and the reasoning-optimized LLM performs better than general-purpose LLMs. (2) DeepSeek-R1 achieves the highest performance, followed by GPT-4 provided in the ChatGPT platform. The optimal prompt for DeepSeek-R1 incorporates both the commit message and chain-of-thought (CoT) guidance, while for GPT-4 via ChatGPT, the prompt with a Common Weakness Enumeration (CWE) list works best. (3) GPT-4 via ChatGPT frequently produces vague expressions and exhibits difficulties in accurately following instructions in the prompts, while DeepSeek-R1 more commonly generates inaccurate code details in its outputs. (4) LLMs are more adept at identifying security defects in code files that have fewer tokens and security-relevant annotations. (5) Higher code complexity correlates with enhanced detection capabilities of DeepSeek-R1 for specific security defect types.",arxiv,llm,0.970,unreviewed,,doi:10.48550/arxiv.2401.16310
discarded,Tool Support for Continuous Quality Control,Florian Deissenboeck; Stefan Wagner; Markus Pizka; Benjamin Hummel; Elmar Juergens; Benedikt Mas y Parareda,2016,cs.SE,10.1109/MS.2008.129,http://arxiv.org/abs/1611.09116v1,adjacent-subtopic,"Over time, software systems suffer gradual quality decay and therefore costs can rise if organizations fail to take proactive countermeasures. Quality control is the first step to avoiding this cost trap. Continuous quality assessments help users identify quality problems early, when their removal is still inexpensive; they also aid decision making by providing an integrated view of a software system's current status. As a side effect, continuous and timely feedback helps developers and maintenance personnel improve their skills and thereby decreases the likelihood of future quality defects. To make regular quality control feasible, it must be highly automated, and assessment results must be presented in an aggregated manner to avoid overwhelming users with data. This article offers an overview of tools that aim to address these issues. The authors also discuss their own flexible, open-source toolkit, which supports the creation of dashboards for quality control.",arxiv,llm,0.750,unreviewed,,doi:10.1109/ms.2008.129
discarded,Improving Semantic Consistency of Variable Names with Use-Flow Graph Analysis,Yusuke Shinyama; Yoshitaka Arahori; Katsuhiko Gondow,2022,cs.SE,10.1109/APSEC53868.2021.00030,http://arxiv.org/abs/2203.09960v1,adjacent-subtopic,"Consistency is one of the keys to maintainable source code and hence a successful software project. We propose a novel method of extracting the intent of programmers from source code of a large project (~300kLOC) and checking the semantic consistency of its variable names. Our system learns a project-specific naming convention for variables based on its role solely from source code, and suggest alternatives when it violates its internal consistency. The system can also show the reasoning why a certain variable should be named in a specific way. The system does not rely on any external knowledge. We applied our method to 12 open-source projects and evaluated its results with human reviewers. Our system proposed alternative variable names for 416 out of 1080 (39%) instances that are considered better than ones originally used by the developers. Based on the results, we created patches to correct the inconsistent names and sent them to its developers. Three open-source projects adopted it.",arxiv,llm,0.920,unreviewed,,doi:10.1109/apsec53868.2021.00030
discarded,A portable application framework for energy management and information systems (EMIS) solutions using Brick semantic schema,"Chiosa, Roberto; Piscitelli, Marco Savino; Pritoni, Marco; Capozzoli, Alfonso",2024,ENERGY AND BUILDINGS,10.1016/j.enbuild.2024.114802,https://www.webofscience.com/wos/woscc/full-record/WOS:001317905900001,off-topic-false-hit,"This paper introduces a portable framework for developing, scaling and maintaining energy management and information systems (EMIS) applications using an ontology-based approach. Key contributions include an interoperable layer based on Brick schema, the formalization of application constraints pertaining metadata and data requirements, and a field demonstration. The framework allows for querying metadata models, fetching data, preprocessing, and analyzing data, thereby offering a modular and flexible workflow for application development. Its effectiveness is demonstrated through a case study involving the development and implementation of a data- driven anomaly detection tool for the photovoltaic systems installed at the Politecnico di Torino, Italy. During eight months of testing, the framework was used to tackle practical challenges including: (i) developing a machine learning-based anomaly detection pipeline, (ii) replacing data-driven models during operation, (iii) optimizing model deployment and retraining, (iv) handling critical changes in variable naming conventions and sensor availability (v) extending the pipeline from one system to additional ones.",wos,llm,0.990,unreviewed,,doi:10.1016/j.enbuild.2024.114802
discarded,Classification of Vascular Anomalies: An Update,"Steiner, Jack E.; Drolet, Beth A.",2017,SEMINARS IN INTERVENTIONAL RADIOLOGY,10.1055/s-0037-1604295,https://www.webofscience.com/wos/woscc/full-record/WOS:000410877400001,off-topic-false-hit,"Vascular anomalies present both a diagnostic and therapeutic challenge to physicians. Identification of these lesions is difficult due to their immense phenotypic variability, and naming conventions for vascular anomalies have historically been inconsistent. Terms such as ""hemangioma"" are informative when used correctly, but can cause confusion and miscommunication if applied indiscriminately to all vascular anomalies. Accuracy in classification is essential, as both disease course and therapeutic options differ greatly depending on the particular vascular anomaly present. In order for clinicians to properly diagnose and treat patients with these diseases, a unified nomenclature must be employed. This section provides an update on the current classification of vascular anomalies, with clinical descriptions of the most commonly encountered lesions, and clarifies the ambiguous nomenclature present in the existing literature.",wos,llm,1.000,unreviewed,,doi:10.1055/s-0037-1604295
discarded,'C' Syntax Coding Standard: Source Code Development,"Oshana, Robert",2013,"SOFTWARE ENGINEERING FOR EMBEDDED SYSTEMS: METHODS, PRACTICAL TECHNIQUES, AND APPLICATIONS",,https://www.webofscience.com/wos/woscc/full-record/WOS:000334786000028,off-topic-false-hit,"This appendix includes a syntax standard which could be considered for an embedded project. It includes a style guide and naming conventions for variables and declarations. It can be used as is, or modified to fit the particular application being developed. Using a standard for coding can help with providing uniformity in the code baseline, which helps with readability and maintainability among all of the developers. It also suggests practices that help reduce bugs in the code, such as initialization order and conventions that should be avoided.",wos,llm,0.860,unreviewed,,hash:0b4e4ec648a2c94e
discarded,TIDIER: an identifier splitting approach using speech recognition techniques,"Guerrouj, Latifa; Di Penta, Massimiliano; Antoniol, Giuliano; Gueheneuc, Yann-Gael",2013,JOURNAL OF SOFTWARE-EVOLUTION AND PROCESS,10.1002/smr.539,https://www.webofscience.com/wos/woscc/full-record/WOS:000320557900002,adjacent-subtopic,"The software engineering literature reports empirical evidence on the relation between various characteristics of a software system and its quality. Among other factors, recent studies have shown that a proper choice of identifiers influences understandability and maintainability. Indeed, identifiers are developers' main source of information and guide their cognitive processes during program comprehension when high-level documentation is scarce or outdated and when source code is not sufficiently commented. This paper proposes a novel approach to recognize words composing source code identifiers. The approach is based on an adaptation of Dynamic Time Warping used to recognize words in continuous speech. The approach overcomes the limitations of existing identifier-splitting approaches when naming conventions (e.g., Camel Case) are not used or when identifiers contain abbreviations. We apply the approach on a sample of more than 1000 identifiers extracted from 340 C programs and compare its results with a simple Camel Case splitter and with an implementation of an alternative identifier splitting approach, Samurai. Results indicate the capability of the novel approach: (i) to outperform the alternative ones, when using a dictionary augmented with domain knowledge or a contextual dictionary and (ii) to expand 48% of a set of selected abbreviations into dictionary words. Copyright (c) 2011 John Wiley & Sons, Ltd.",wos,llm,0.960,unreviewed,,doi:10.1002/smr.539
discarded,UML design pattern metamodel-level constraints for the maintenance of software evolution,"Park, Jaeyong; Lee, Seok-Won; Rine, David C.",2013,SOFTWARE-PRACTICE & EXPERIENCE,10.1002/spe.1116,https://www.webofscience.com/wos/woscc/full-record/WOS:000319997100007,off-topic-false-hit,"Software maintenance including design is difficult because it is usually performed on someone else's work over a period of time. Maintaining a pattern-based design is especially much more difficult when the information on specific patterns that have been used are not available in the corresponding design documents. Also, finding a maintainer who has a similar level of knowledge on specific patterns that the initial designer had is not easy. Pattern-based design, the use of design patterns during the software design process, has become widely used in the object-oriented community because of its many benefits such as its reuse. However, the defects in pattern-based design can be introduced during the design maintenance phase when the changes are made to the requirements and the initial design, but the conformance to the original patterns is neglected. This conformance process is laborious and time consuming; no systematic process exists to guide the defects discovery and maintenance. Also, deep and correct knowledge of design patterns and their characteristics are required because this process is conducted by human experts. Failure to follow this conformance process and to maintain correct designs during software design evolution may cause serious problems in later software development and maintenance stages by not providing the benefits of pattern-based design that would have been possible if followed correctly. There is a strong need of a systematic design and maintenance method for preventing defects in design patterns introduced during the evolution of pattern-based software design and its maintenance. Because conventional UML design methods do not provide such systematic ways of assessing pattern-based design conformance to the evolutionary changes, we have developed the pattern instance changes with UML profiles (PICUP) design method, which is an improved design method for perfective and corrective UML pattern-based design maintenance and assessment. Design pattern in UML profiles (DPUP) is developed for the use of instantiation, maintenance, and assessment of UML pattern-based designs to support the formal specification of a design pattern. DPUPs, as the main part of the PICUP design method, provide metamodel-level UML design constraints using UML stereotype notations and metamodel-level Object Constraint Language design constraints. Assessment of pattern-based designs in UML class diagram with the corresponding DPUPs enforces maintainers to make necessary and correct changes to keep the principles of the original designs. Pattern-related information is annotated using stereotype notations to help assess pattern-based designs when changes are made. Furthermore, the structural conformance checking of a given UML pattern-based design can be automated by using the assessment tool. The major contributions of this paper are: (i) specifying design patterns using extended UML profile; (ii) providing a means of how to instantiate pattern-based designs from DPUPs with naming conventions; and (iii) providing design constraints for maintaining pattern-based design to guide correct changes of a given design in PICUP method. Explanatory type case studies were performed to better understand and evaluate the effectiveness of the PICUP design method with DPUPs.

Answers to the case study questionnaires and the pattern defects discovered from the case studies support the hypothesis that the PICUP method is an improved design method that ensures structural conformance of UML pattern-based designs to the corresponding design patterns during perfective and corrective design maintenance for software systems. Copyright (c) 2011 John Wiley & Sons, Ltd.",wos,llm,0.980,unreviewed,,doi:10.1002/spe.1116
discarded,Recognizing Words from Source Code Identifiers using Speech Recognition Techniques,"Madani, Nioosha; Guerrouj, Latifa; Di Penta, Massimiliano; Gueheneuc, Yann-Gael; Antoniol, Giuliano",2010,14TH EUROPEAN CONFERENCE ON SOFTWARE MAINTENANCE AND REENGINEERING (CSMR 2010),10.1109/CSMR.2010.31,https://www.webofscience.com/wos/woscc/full-record/WOS:000407129400010,adjacent-subtopic,"The existing software engineering literature has empirically shown that a proper choice of identifiers influences software understandability and maintainability. Researchers have noticed that identifiers are one of the most important source of information about program entities and that the semantic of identifiers guide the cognitive process.

Recognizing the words forming identifiers is not an easy task when naming conventions (e.g., Camel Case) are not used or strictly followed and-or when these words have been abbreviated or otherwise transformed. This paper proposes a technique inspired from speech recognition, i.e., dynamic time warping, to split identifiers into component words.

The proposed technique has been applied to identifiers extracted from two different applications: JHotDraw and Lynx. Results compared to manually-built oracles and with Camel Case algorithm are encouraging. In fact, they show that the technique successfully recognizes words composing identifiers (even when abbreviated) in about 90% of cases and that it performs better than Camel Case. Furthermore, it was able to spot mistakes in the manually-built oracle.",wos,llm,0.960,unreviewed,,doi:10.1109/csmr.2010.31
discarded,Debugging Method Names,"Host, Einar W.; Ostvold, Bjarte M.",2009,ECOOP 2009 - OBJECT-ORIENTED PROGRAMMING,,https://www.webofscience.com/wos/woscc/full-record/WOS:000268998700013,adjacent-subtopic,"Meaningful method names are crucial for the readability and maintainability of software. Existing naming conventions focus On Syntactic details, leaving programmers with little or no support in assuring meaningful names. In this paper, we show that naming conventions can go much further: we can mechanically check whether or not a method name and implementation are likely to be good matches for each other. The vast amount of software written in Java defines an implicit convention for pairing names and implementations. We exploit this to extract rules for method names, which are used to identify ""naming bugs"" in well-known Java applications. We also present an approach for automatic suggestion of more suitable names in the presence of mismatch between name and implementation.",wos,llm,0.910,unreviewed,,hash:d43ad4b7042235a3
discarded,Programming for job security revisited: Even more tips and techniques to maximize your indispensability,"Carpenter, AL; Payne, T",1998,PROCEEDINGS OF THE TWENTY-THIRD ANNUAL SAS USERS GROUP INTERNATIONAL CONFERENCE,,https://www.webofscience.com/wos/woscc/full-record/WOS:000080606400248,off-topic-false-hit,"A great deal has been said about programming techniques for efficiency and maintainability of SAS' programs, We are taught to write code that minimizes machine and programmer resources. Unfortunately, easily maintained code requires fewer programmers, and fewer programmers means pink slips and less job security. In these troubled times, programmers need to be able to maximize their indispensability.

Programmers can increase their job security and thereby I protect themselves and their families by applying the tips and techniques discussed within this paper. the programmer will be advised when to apply the techniques, and whether the use of the techniques should be subtle or gross.

Techniques will cover programming style, editing style, statements to use and avoid, and naming conventions. You will learn to blur data steps, make non-assigning assignment statements, and in general write code that not even you will be able to figure out how or why it works,

All the techniques discussed in this paper have been field tested by the authors and other SAS programming professionals. Portions of this paper are based on a similar ""Best Contributed Paper"" presented at SUGI 18 (Carpenter, 1993), SUGI 21(Carpenter, 1996), and SEUGI 15. It has also been presented at WUSS, SUGISA (South Africa) and Views (UK).",wos,llm,0.950,unreviewed,,hash:f26b928c6dd98aa1
discarded,A comparative evaluation of ChatGPT-4o and DeepSeek-R1 for AI-generated code quality using software engineering metrics,Almanasra S.,2026,Array,10.1016/j.array.2026.100979,https://www.scopus.com/inward/record.uri?partnerID=HzOxMe3b&scp=105042075766&origin=inward,off-topic-false-hit,,scopus,llm,0.760,unreviewed,,doi:10.1016/j.array.2026.100979
discarded,code_transformed: The Influence of Large Language Models on Code,Xu Y.,2026,19th Conference of the European Chapter of the Association for Computational Linguistics Findings of Eacl 2026,10.18653/v1/2026.findings-eacl.290,https://www.scopus.com/inward/record.uri?partnerID=HzOxMe3b&scp=105038946683&origin=inward,off-topic-false-hit,,scopus,llm,0.790,unreviewed,,doi:10.18653/v1/2026.findings-eacl.290
discarded,Integrity Support Messages Format for GNSS Precise Products: Design and Evaluation,Lyu Z.,2026,Proceedings of the International Technical Meeting of the Institute of Navigation Itm,10.33012/2026.20496,https://www.scopus.com/inward/record.uri?partnerID=HzOxMe3b&scp=105038727791&origin=inward,off-topic-false-hit,,scopus,llm,0.990,unreviewed,,doi:10.33012/2026.20496
discarded,A Distributed Semantic Layer for Logistics Data Integration,Papakotoulas A.,2026,Proceedings IEEE International Conference on Mobile Data Management,10.1109/MDM71479.2026.00088,https://www.scopus.com/inward/record.uri?partnerID=HzOxMe3b&scp=105046895191&origin=inward,off-topic-false-hit,,scopus,llm,0.990,unreviewed,,doi:10.1109/mdm71479.2026.00088
discarded,Chinese clinical practice guidelines for super minimally invasive surgery of digestive tract tumors,Chen Q.,2025,Journal of Translational Internal Medicine,10.1515/jtim-2025-0095,https://www.scopus.com/inward/record.uri?partnerID=HzOxMe3b&scp=105028379916&origin=inward,off-topic-false-hit,,scopus,llm,1.000,unreviewed,,doi:10.1515/jtim-2025-0095
discarded,Unsupervised Inference of Equipment Relationships in Building Automation Systems Using LSTM-Based Feature Importance,Wang Z.,2025,Buildsys 2025 Proceedings of the 2025 the 12th ACM International Conference on Systems for Energy Efficient Buildings Cities and Transportation,10.1145/3736425.3770106,https://www.scopus.com/inward/record.uri?partnerID=HzOxMe3b&scp=105022974824&origin=inward,off-topic-false-hit,,scopus,llm,0.990,unreviewed,,doi:10.1145/3736425.3770106
discarded,Supporting multi-dimensional unit test classification,Wang Z.,2025,Empirical Software Engineering,10.1007/s10664-025-10661-x,https://www.scopus.com/inward/record.uri?partnerID=HzOxMe3b&scp=105008725291&origin=inward,off-topic-false-hit,,scopus,llm,0.840,unreviewed,,doi:10.1007/s10664-025-10661-x
discarded,Even Lighter Than Lightweight: Augmenting Type Inference with Primitive Heuristics,Safina L.,2025,Ceur Workshop Proceedings,,https://www.scopus.com/inward/record.uri?partnerID=HzOxMe3b&scp=105037830885&origin=inward,off-topic-false-hit,,scopus,llm,0.830,unreviewed,,hash:ea929ebd2e122b55
