status,title,authors,year,venue,doi,url,tags,abstract,provider,decision_source,llm_confidence,llm_review_outcome,llm_change_direction,paper_id
discarded,Some SonarQube issues have a significant but small effect on faults and changes. A large-scale empirical study,Lenarduzzi V.,2020,Journal of Systems and Software,10.1016/j.jss.2020.110750,https://www.scopus.com/inward/record.uri?partnerID=HzOxMe3b&scp=85087390369&origin=inward,adjacent-subtopic,,scopus,llm,0.860,unreviewed,,doi:10.1016/j.jss.2020.110750
discarded,Do They Really Smell Bad? A Study on Developers' Perception of Bad Code Smells,Fabio Palomba; Gabriele Bavota; Massimiliano Di Penta; Rocco Oliveto; Andrea De Lucia,2014,,10.1109/icsme.2014.32,https://openalex.org/W2140504739,adjacent-subtopic,"In the last decade several catalogues have been defined to characterize bad code smells, i.e., symptoms of poor design and implementation choices. On top of such catalogues, researchers have defined methods and tools to automatically detect and/or remove bad smells. Nevertheless, there is an ongoing debate regarding the extent to which developers perceive bad smells as serious design problems. Indeed, there seems to be a gap between theory and practice, i.e., what is believed to be a problem (theory) and what is actually a problem (practice). This paper presents a study aimed at providing empirical evidence on how developers perceive bad smells. In this study, we showed to developers code entities -- belonging to three systems -- affected and not by bad smells, and we asked them to indicate whether the code contains a potential design problem, and if any, the nature and severity of the problem. The study involved both original developers from the three projects and outsiders, namely industrial developers and Master's students. The results provide insights on characteristics of bad smells not yet explored sufficiently. Also, our findings could guide future research on approaches for the detection and removal of bad smells.",openalex,llm,0.860,unreviewed,,doi:10.1109/icsme.2014.32
discarded,Mining Version Histories for Detecting Code Smells,Fabio Palomba; Gabriele Bavota; Massimiliano Di Penta; Rocco Oliveto; Denys Poshyvanyk; Andrea De Lucia,2014,IEEE Transactions on Software Engineering,10.1109/tse.2014.2372760,https://openalex.org/W2071983648,adjacent-subtopic,"Code smells are symptoms of poor design and implementation choices that may hinder code comprehension, and possibly increase changeand fault-proneness. While most of the detection techniques just rely on structural information, many code smells are intrinsically characterized by how code elements change overtime. In this paper, we propose Historical Information for Smell deTection (HIST), an approach exploiting change history information to detect instances of five different code smells, namely Divergent Change, Shotgun Surgery, Parallel Inheritance, Blob, and Feature Envy. We evaluate HIST in two empirical studies. The first, conducted on 20 open source projects, aimed at assessing the accuracy of HIST in detecting instances of the code smells mentioned above. The results indicate that the precision of HIST ranges between 72 and 86 percent, and its recall ranges between 58 and 100 percent. Also, results of the first study indicate that HIST is able to identify code smells that cannot be identified by competitive approaches solely based on code analysis of a single system's snapshot. Then, we conducted a second study aimed at investigating to what extent the code smells detected by HIST (and by competitive code analysis techniques) reflect developers' perception of poor design and implementation choices. We involved 12 developers of four open source projects that recognized more than 75 percent of the code smell instances identified by HIST as actual design/implementation problems.",openalex,llm,0.870,unreviewed,,doi:10.1109/tse.2014.2372760
discarded,On the diffuseness and the impact on maintainability of code smells: a large scale empirical investigation,Fabio Palomba; Gabriele Bavota; Massimiliano Di Penta; Fausto Fasano; Rocco Oliveto; Andrea De Lucia,2017,Empirical Software Engineering,10.1007/s10664-017-9535-z,https://openalex.org/W2742512005,adjacent-subtopic,"Code smells are symptoms of poor design and implementation choices that may hinder code comprehensibility and maintainability. Despite the effort devoted by the research community in studying code smells, the extent to which code smells in software systems affect software maintainability remains still unclear. In this paper we present a large scale empirical investigation on the diffuseness of code smells and their impact on code change- and fault-proneness. The study was conducted across a total of 395 releases of 30 open source projects and considering 17,350 manually validated instances of 13 different code smell kinds. The results show that smells characterized by long and/or complex code (e.g., Complex Class ) are highly diffused, and that smelly classes have a higher change- and fault-proneness than smell-free classes.",openalex,llm,0.870,unreviewed,,doi:10.1007/s10664-017-9535-z
discarded,JSNOSE: Detecting JavaScript Code Smells,Amin Milani Fard; Ali Mesbah,2013,,10.1109/scam.2013.6648192,https://openalex.org/W2007425631,adjacent-subtopic,"JavaScript is a powerful and flexible prototype-based scripting language that is increasingly used by developers to create interactive web applications. The language is interpreted, dynamic, weakly-typed, and has first-class functions. In addition, it interacts with other web languages such as CSS and HTML at runtime. All these characteristics make JavaScript code particularly error-prone and challenging to write and maintain. Code smells are patterns in the source code that can adversely influence program comprehension and maintainability of the program in the long term. We propose a set of 13 JavaScript code smells, collected from various developer resources. We present a JavaScript code smell detection technique called JSNOSE. Our metric-based approach combines static and dynamic analysis to detect smells in client-side code. This automated technique can help developers to spot code that could benefit from refactoring. We evaluate the smell finding capabilities of our technique through an empirical study. By analyzing 11 web applications, we investigate which smells detected by JSNOSE are more prevalent.",openalex,llm,0.870,unreviewed,,doi:10.1109/scam.2013.6648192
discarded,Are test smells really harmful? An empirical study,Gabriele Bavota; Abdallah Qusef; Rocco Oliveto; Andrea De Lucia; David Binkley,2014,Empirical Software Engineering,10.1007/s10664-014-9313-0,https://openalex.org/W2056952837,adjacent-subtopic,,openalex,llm,0.840,unreviewed,,doi:10.1007/s10664-014-9313-0
discarded,On the impact of code smells on the energy consumption of mobile applications,Fabio Palomba; Dario Di Nucci; Annibale Panichella; Andy Zaidman; Andrea De Lucia,2018,Information and Software Technology,10.1016/j.infsof.2018.08.004,https://openalex.org/W2509415277,adjacent-subtopic,,openalex,llm,0.840,unreviewed,,doi:10.1016/j.infsof.2018.08.004
discarded,On the evaluation of code smells and detection tools,Thanis Paiva; Amanda Damasceno; Eduardo Figueiredo; Cláudio Sant’Anna,2017,Journal of Software Engineering Research and Development,10.1186/s40411-017-0041-1,https://openalex.org/W2763667918,adjacent-subtopic,"Code smells refer to any symptom in the source code of a program that possibly indicates a deeper problem, hindering software maintenance and evolution. Detection of code smells is challenging for developers and their informal definition leads to the implementation of multiple detection techniques and tools. This paper evaluates and compares four code smell detection tools, namely inFusion, JDeodorant, PMD, and JSpIRIT. These tools were applied to different versions of the same software systems, namely MobileMedia and Health Watcher, to calculate the accuracy and agreement of code smell detection tools. We calculated the accuracy of each tool in the detection of three code smells: God Class, God Method, and Feature Envy. Agreement was calculated among tools and between pairs of tools. One of our main findings is that the evaluated tools present different levels of accuracy in different contexts. For MobileMedia, for instance, the average recall varies from 0 to 58% and the average precision from 0 to 100%, while for Health Watcher the variations are 0 to 100% and 0 to 85%, respectively. Regarding the agreement, we found that the overall agreement between tools varies from 83 to 98% among all tools and from 67 to 100% between pairs of tools. We also conducted a secondary study of the evolution of code smells in both target systems and found that, in general, code smells are present from the moment of creation of a class or method in 74.4% of the cases of MobileMedia and 87.5% of Health Watcher.",openalex,llm,0.860,unreviewed,,doi:10.1186/s40411-017-0041-1
discarded,Code smells for Model-View-Controller architectures,Maurício Aniche; Gabriele Bavota; Christoph Treude; Marco Aurélio Gerosa; Arie van Deursen,2017,Empirical Software Engineering,10.1007/s10664-017-9540-2,https://openalex.org/W2754176165,adjacent-subtopic,"Previous studies have shown the negative effects that low-quality code can have on maintainability proxies, such as code change- and defect-proneness. One of the symptoms of low-quality code are code smells, defined as sub-optimal implementation choices. While this definition is quite general and seems to suggest a wide spectrum of smells that can affect software systems, the research literature mostly focuses on the set of smells defined in the catalog by Fowler and Beck, reporting design issues that can potentially affect any kind of system, regardless of their architecture (e.g., Complex Class). However, systems adopting a specific architecture (e.g., the Model-View-Controller pattern) can be affected by other types of poor practices that only manifest themselves in the chosen architecture. We present a catalog of six smells tailored to MVC applications and defined by surveying/interviewing 53 MVC developers. We validate our catalog from different perspectives. First, we assess the relationship between the defined smells and the code change- and defect-proneness. Second, we investigate when these smells are introduced and how long they survive. Third, we survey 21 developers to verify their perception of the defined smells. Fourth, since our catalog has been mainly defined together with developers adopting a specific Java framework in their MVC applications (e.g., Spring), we interview four expert developers working with different technologies for the implementation of their MVC applications to check the generalizability of our catalog. The achieved results show that the defined Web MVC smells (i) more often than not, have more chances of being subject to changes and defects, (ii) are mostly introduced when the affected file (i.e., the file containing the smell) is committed for the first time in the repository and survive for long time in the system, (iii) are perceived by developers as severe problems, and (iv) generalize to other languages/frameworks.",openalex,llm,0.850,unreviewed,,doi:10.1007/s10664-017-9540-2
discarded,Lightweight detection of Android-specific code smells: The aDoctor project,Fabio Palomba; Dario Di Nucci; Annibale Panichella; Andy Zaidman; Andrea De Lucia,2017,,10.1109/saner.2017.7884659,https://openalex.org/W2594575963,adjacent-subtopic,"Code smells are symptoms of poor design solutions applied by programmers during the development of software systems. While the research community devoted a lot of effort to studying and devising approaches for detecting the traditional code smells defined by Fowler, little knowledge and support is available for an emerging category of Mobile app code smells. Recently, Reimann et al. proposed a new catalogue of Android-specific code smells that may be a threat for the maintainability and the efficiency of Android applications. However, current tools working in the context of Mobile apps provide limited support and, more importantly, are not available for developers interested in monitoring the quality of their apps. To overcome these limitations, we propose a fully automated tool, coined ADOCTOR, able to identify 15 Android-specific code smells from the catalogue by Reimann et al. An empirical study conducted on the source code of 18 Android applications reveals that the proposed tool reaches, on average, 98% of precision and 98% of recall. We made ADOCTOR publicly available.",openalex,llm,0.840,unreviewed,,doi:10.1109/saner.2017.7884659
discarded,Investigating the Impact of Code Smells on System's Quality: An Empirical Study on Systems of Different Application Domains,Francesca Arcelli Fontana; Vincenzo Ferme; Alessandro Marino; Bartosz Walter; Pawel Martenka,2013,,10.1109/icsm.2013.37,https://openalex.org/W2132201370,adjacent-subtopic,"There are various activities that support software maintenance. Program comprehension and detection of design anomalies and their symptoms, like code smells and anti patterns, are particularly relevant for improving the quality and facilitating evolution of a system. In this paper we describe an empirical study on the detection of code smells, aiming at identifying the most frequent smells in systems of different domains and hence the domains characterized by more smells. Moreover, we study possible correlations existing among smells and the values of a set of software quality metrics using Spearman's rank correlation and Principal Component Analysis.",openalex,llm,0.850,unreviewed,,doi:10.1109/icsm.2013.37
discarded,Beyond Technical Aspects: How Do Community Smells Influence the Intensity of Code Smells?,Fabio Palomba; Damian A. Tamburri; Francesca Arcelli Fontana; Rocco Oliveto; Andy Zaidman; Alexander Serebrenik,2018,IEEE Transactions on Software Engineering,10.1109/tse.2018.2883603,https://openalex.org/W2902324490,adjacent-subtopic,"Code smells are poor implementation choices applied by developers during software evolution that often lead to critical flaws or failure. Much in the same way, community smells reflect the presence of organizational and socio-technical issues within a software community that may lead to additional project costs. Recent empirical studies provide evidence that community smells are often-if not always-connected to circumstances such as code smells. In this paper we look deeper into this connection by conducting a mixed-methods empirical study of 117 releases from 9 open-source systems. The qualitative and quantitative sides of our mixed-methods study were run in parallel and assume a mutually-confirmative connotation. On the one hand, we survey 162 developers of the 9 considered systems to investigate whether developers perceive relationship between community smells and the code smells found in those projects. On the other hand, we perform a fine-grained analysis into the 117 releases of our dataset to measure the extent to which community smells impact code smell intensity (i.e., criticality). We then propose a code smell intensity prediction model that relies on both technical and community-related aspects. The results of both sides of our mixed-methods study lead to one conclusion: community-related factors contribute to the intensity of code smells. This conclusion supports the joint use of community and code smells detection as a mechanism for the joint management of technical and social problems around software development communities.",openalex,llm,0.820,unreviewed,,doi:10.1109/tse.2018.2883603
discarded,Code Smells Revisited,Wolfram Fenske; Sandro Schulze,2015,,10.1145/2701319.2701321,https://openalex.org/W2084406027,adjacent-subtopic,"Highly-configurable software systems (also called software product lines) gain momentum in both, academia and industry. For instance, the Linux kernel comes with over 12 000 configuration options and thus, can be customized to run on nearly every kind of system. To a large degree, this configurability is achieved through variable code structures, for instance, using conditional compilation. Such source code variability adds a new dimension of complexity, thus giving rise to new possibilities for design flaws. Code smells are an established concept to describe design flaws or decay in source code. However, existing smells have no notion of variability and thus do not support flaws regarding variable code structures. In this paper, we propose an initial catalog of four variability-aware code smells. We discuss the appearance and negative effects of these smells and present code examples from real-world systems. To evaluate our catalog, we have conducted a survey amongst 15 researchers from the field of software product lines. The results confirm that our proposed smells (a) have been observed in existing product lines and (b) are considered to be problematic for common software development activities, such as program comprehension, maintenance, and evolution.",openalex,llm,0.830,unreviewed,,doi:10.1145/2701319.2701321
discarded,An empirical investigation into the nature of test smells,Michele Tufano; Fabio Palomba; Gabriele Bavota; Massimiliano Di Penta; Rocco Oliveto; Andrea De Lucia; Denys Poshyvanyk,2016,,10.1145/2970276.2970340,https://openalex.org/W2508117657,adjacent-subtopic,"Test smells have been defined as poorly designed tests and, as reported by recent empirical studies, their presence may negatively affect comprehension and maintenance of test suites. Despite this, there are no available automated tools to support identification and repair of test smells. In this paper, we firstly investigate developers' perception of test smells in a study with 19 participants. The results show that developers generally do not recognize (potentially harmful) test smells, highlighting that automated tools for identifying such smells are much needed. However, to build effective tools, deeper insights into the test smells phenomenon are required. To this aim, we conducted a large-scale empirical investigation aimed at analyzing (i) when test smells occur in source code, (ii) what their survivability is, and (iii) whether their presence is associated with the presence of design problems in production code (code smells). The results indicate that test smells are usually introduced when the corresponding test code is committed in the repository for the first time, and they tend to remain in a system for a long time. Moreover, we found various unexpected relationships between test and code smells. Finally, we show how the results of this study can be used to build effective automated tools for test smell detection and refactoring.",openalex,llm,0.840,unreviewed,,doi:10.1145/2970276.2970340
discarded,A Novel Approach for Code Smell Detection: An Empirical Study,Seema Dewangan; Rajwant Singh Rao; Alok Mishra; Manjari Gupta,2021,IEEE Access,10.1109/access.2021.3133810,https://openalex.org/W4205117944,adjacent-subtopic,"Code smells detection helps in improving understandability and maintainability of software while reducing the chances of system failure. In this study, six machine learning algorithms have been applied to predict code smells. For this purpose, four code smell datasets (God-class, Data-class, Feature-envy, and Long-method) are considered which are generated from 74 open-source systems. To evaluate the performance of machine learning algorithms on these code smell datasets, 10-fold cross validation technique is applied that predicts the model by partitioning the original dataset into a training set to train the model and test set to evaluate it. Two feature selection techniques are applied to enhance our prediction accuracy. The Chi-squared and Wrapper-based feature selection techniques are used to improve the accuracy of total six machine learning methods by choosing the top metrics in each dataset. Results obtained by applying these two feature selection techniques are compared. To improve the accuracy of these algorithms, grid search-based parameter optimization technique is applied. In this study, 100% accuracy was obtained for the Long-method dataset by using the Logistic Regression algorithm with all features while the worst performance 95.20 % was obtained by Naive Bayes algorithm for the Long-method dataset using the chi-square feature selection technique.",openalex,llm,0.860,unreviewed,,doi:10.1109/access.2021.3133810
