status,title,authors,year,venue,doi,url,tags,abstract,provider,decision_source,llm_confidence,llm_review_outcome,llm_change_direction,paper_id
discarded,Challenges in Investigating UIS Material-Based Failures & Yield Prediction in the Absence of Robust 4H-SiC Epiwafer Quality Standards,Soto J.,2025,Solid State Phenomena,10.4028/p-QQ9CvK,https://www.scopus.com/inward/record.uri?partnerID=HzOxMe3b&scp=105017553333&origin=inward,off-topic-false-hit,,scopus,llm,1.000,unreviewed,,doi:10.4028/p-qq9cvk
discarded,External Alarm Definition Prediction and Automatic Correction: A Levenshtein Algorithm-Based Approach,Berik B.,2025,2025 12th International Conference on Electrical and Electronics Engineering Iceee 2025,10.1109/ICEEE67194.2025.11261947,https://www.scopus.com/inward/record.uri?partnerID=HzOxMe3b&scp=105031580187&origin=inward,off-topic-false-hit,,scopus,llm,0.980,unreviewed,,doi:10.1109/iceee67194.2025.11261947
discarded,"Novel SSR4 gene splice variant leads to congenital disorder of glycosylation, type Iy",Li N.,2025,Frontiers in Pediatrics,10.3389/fped.2025.1651524,https://www.scopus.com/inward/record.uri?partnerID=HzOxMe3b&scp=105021234391&origin=inward,off-topic-false-hit,,scopus,llm,1.000,unreviewed,,doi:10.3389/fped.2025.1651524
discarded,"A novel data-driven relationship inference approach for automatic data tagging in building heating, ventilation and air conditioning systems",Wan S.,2023,Building and Environment,10.1016/j.buildenv.2023.110968,https://www.scopus.com/inward/record.uri?partnerID=HzOxMe3b&scp=85175848164&origin=inward,off-topic-false-hit,,scopus,llm,0.990,unreviewed,,doi:10.1016/j.buildenv.2023.110968
discarded,A dataset for fault detection and diagnosis of an air handling unit from a real industrial facility,Ahern M.,2023,Data in Brief,10.1016/j.dib.2023.109208,https://www.scopus.com/inward/record.uri?partnerID=HzOxMe3b&scp=85159380438&origin=inward,off-topic-false-hit,,scopus,llm,0.990,unreviewed,,doi:10.1016/j.dib.2023.109208
discarded,Recognition method of fault recorder file channel name based on incremental learning optimization,Dai Z.,2023,Dianli Xitong Baohu Yu Kongzhi Power System Protection and Control,10.19783/j.cnki.pspc.220624,https://www.scopus.com/inward/record.uri?partnerID=HzOxMe3b&scp=85166344084&origin=inward,off-topic-false-hit,,scopus,llm,0.980,unreviewed,,doi:10.19783/j.cnki.pspc.220624
discarded,A use-case-driven approach for demonstrating the added value of digitalisation in wind energy,Barber S.,2023,Journal of Physics Conference Series,10.1088/1742-6596/2507/1/012002,https://www.scopus.com/inward/record.uri?partnerID=HzOxMe3b&scp=85164539015&origin=inward,off-topic-false-hit,,scopus,llm,0.980,unreviewed,,doi:10.1088/1742-6596/2507/1/012002
discarded,Delineating the CCDC22-related Ritscher–Schinzel syndrome phenotype in the original family,Rodgers J.,2022,American Journal of Medical Genetics Part A,10.1002/ajmg.a.62963,https://www.scopus.com/inward/record.uri?partnerID=HzOxMe3b&scp=85137469866&origin=inward,off-topic-false-hit,,scopus,llm,1.000,unreviewed,,doi:10.1002/ajmg.a.62963
discarded,Efficient first-principles methodologies for calculating stacking fault energy in FCC and BCC high-entropy alloys,Hargather C.Z.,2022,High Entropy Materials Theory Experiments and Applications,10.1007/978-3-030-77641-1_7,https://www.scopus.com/inward/record.uri?partnerID=HzOxMe3b&scp=85159664855&origin=inward,off-topic-false-hit,,scopus,llm,1.000,unreviewed,,doi:10.1007/978-3-030-77641-1_7
discarded,Improving Business deliveries using Continuous Integration and Continuous Delivery using Jenkins and an Advanced Version control system for Microservices-based system,Singh A.,2022,2022 5th International Conference on Multimedia Signal Processing and Communication Technologies Impact 2022,10.1109/IMPACT55510.2022.10029149,https://www.scopus.com/inward/record.uri?partnerID=HzOxMe3b&scp=85148019611&origin=inward,off-topic-false-hit,,scopus,llm,0.960,unreviewed,,doi:10.1109/impact55510.2022.10029149
discarded,Autonomous Sensing at the Edge,Xu J.,2022,2022 IEEE 19th International Conference on Software Architecture Companion Icsa C 2022,10.1109/ICSA-C54293.2022.00018,https://www.scopus.com/inward/record.uri?partnerID=HzOxMe3b&scp=85132168046&origin=inward,off-topic-false-hit,,scopus,llm,0.950,unreviewed,,doi:10.1109/icsa-c54293.2022.00018
discarded,Development of a unified taxonomy for hvac system faults,Chen Y.,2021,Energies,10.3390/en14175581,https://www.scopus.com/inward/record.uri?partnerID=HzOxMe3b&scp=85114598138&origin=inward,off-topic-false-hit,,scopus,llm,0.990,unreviewed,,doi:10.3390/en14175581
discarded,AUTOSAFE: Automatic Fault Tree Synthesis for Cyber-Physical Systems,Wumaierjiang M.,2021,Proceedings of the 31st European Safety and Reliability Conference Esrel 2021,10.3850/978-981-18-2016-8_466-cd,https://www.scopus.com/inward/record.uri?partnerID=HzOxMe3b&scp=85135456234&origin=inward,off-topic-false-hit,,scopus,llm,0.980,unreviewed,,doi:10.3850/978-981-18-2016-8_466-cd
discarded,"Stacking fault energies on {112} planes of an AlNbTaTiV BCC high-entropy alloy from first-principles calculations, analyzed with inferential statistics",Strother J.D.,2020,Materialia,10.1016/j.mtla.2020.100927,https://www.scopus.com/inward/record.uri?partnerID=HzOxMe3b&scp=85094320471&origin=inward,off-topic-false-hit,,scopus,llm,1.000,unreviewed,,doi:10.1016/j.mtla.2020.100927
discarded,Enhancing program comprehension,Mouloud Arab,1992,ACM SIGPLAN Notices,10.1145/130973.130975,https://openalex.org/W2014099675,adjacent-subtopic,"In order to make computer programs more readable, presentation and documentation of program source texts need to be enhanced. In this paper, we propose a presentation scheme which highlights the structure of the program and we present some aspects concerning the internal documentation (comments) which enhance the program comprehension. This presentation facilitates error correction and makes the program more readable for other programmers. We propose an automatic formatting and documenting tool which takes into account human factors in man/machine interaction aspect. It provides satisfactory results, programmers produce structured programs which help them in detecting bad constructs and in achieving homogeneity of their programs' presentation and internal documentation.",openalex,llm,0.820,unreviewed,,doi:10.1145/130973.130975
discarded,A deep learning approach to identifying source code in images and video,Jordan Ott; Abigail Atchison; Paul Harnack; A.M.H.L. Serlier-van den Bergh; Erik Linstead,2018,,10.1145/3196398.3196402,https://openalex.org/W2883811619,off-topic-false-hit,"While substantial progress has been made in mining code on an Internet scale, efforts to date have been overwhelmingly focused on data sets where source code is represented natively as text. Large volumes of source code available online and embedded in technical videos have remained largely unexplored, due in part to the complexity of extraction when code is represented with images. Existing approaches to code extraction and indexing in this environment rely heavily on computationally intense optical character recognition. To improve the ease and efficiency of identifying this embedded code, as well as identifying similar code examples, we develop a deep learning solution based on convolutional neural networks and autoencoders. Focusing on Java for proof of concept, our technique is able to identify the presence of typeset and handwritten source code in thousands of video images with 85.6%-98.6% accuracy based on syntactic and contextual features learned through deep architectures. When combined with traditional approaches, this provides a more scalable basis for video indexing that can be incorporated into existing software search and mining tools.",openalex,llm,0.970,unreviewed,,doi:10.1145/3196398.3196402
discarded,Enhancing Software Comments Readability Using Flesch Reading Ease Score,Derar Eleyan; Abed Othman; Amna Eleyan,2020,Information,10.3390/info11090430,https://openalex.org/W3083247011,off-topic-false-hit,"Comments are used to explain the meaning of code and ease communications between programmers themselves, quality assurance auditors, and code reviewers. A tool has been developed to help programmers write readable comments and measure their readability level. It is used to enhance software readability by providing alternatives to both keywords and comment statements from a local database and an online dictionary. It is also a word-finding query engine for developers. Readability level is measured using three different formulas: the fog index, the Flesch reading ease score, and Flesch–Kincaid grade levels. A questionnaire has been distributed to 42 programmers and 35 students to compare the readability aspect between both new comments written by the tool and the original comments written by previous programmers and developers. Programmers stated that the comments from the proposed tool had fewer complex words and took less time to read and understand. Nevertheless, this did not significantly affect the understandability of the text, as programmers normally have quite a high level of English. However, the results from students show that the tool affects the understandability of text and the time taken to read it, while text complexity results show that the tool makes new comment text that is more readable by changing the three studied variables.",openalex,llm,0.900,unreviewed,,doi:10.3390/info11090430
discarded,A Scalable Visualization for Dynamic Data in Software System Hierarchies,Michael Burch; Michael Raschke; Adrian Zeyfang; Daniel Weiskopf,2017,2017 IEEE Working Conference on Software Visualization (VISSOFT),10.1109/VISSOFT.2017.16,https://ieeexplore.ieee.org/document/8091189/,off-topic-false-hit,"Software systems can grow large, consisting of thousands of hierarchically organized elements like directories, subdirectories, files, and functions. Moreover, those hierarchy elements can carry additional information worth investigating for a software developer. Getting an overview of both the hierarchy and the attached static or dynamic data can become a tedious task if it is not supported by a visually scalable visualization technique. In this paper, we use a hierarchy visualization based on the visual metaphor of indentation to generate an overview of the software system hierarchy and easily attach additional attributes. The extra information is aligned with the hierarchy elements and, hence, supports visual comparisons of the attachments on different levels of hierarchical granularity. Through interaction, we provide additional views on the data, e.g., by filtering, hierarchy transformations, or details-on-demand. We illustrate the usefulness of our hierarchy visualization technique by means of an application example exploring data from the open-source software project jEdit. We investigated the readability of the hierarchy visualization with a user experiment, comparing indentation to node-link diagrams for varying sizes of a hierarchy.",ieee,llm,0.960,unreviewed,,doi:10.1109/vissoft.2017.16
discarded,Aesthetics Versus Readability of Source Code,"Coleman, Ron",2018,INTERNATIONAL JOURNAL OF ADVANCED COMPUTER SCIENCE AND APPLICATIONS,,https://www.webofscience.com/wos/woscc/full-record/WOS:000447628300002,adjacent-subtopic,"The relationship between programming style and program readability has never been examined empirically, although the association has substantial importance for both pedagogical and industry best practices. This paper studies a fractal, relativistic measure of programming style called the beauty factor or ""beauty"" and puts forward two new hypotheses of beauty. First, code with increasing beauty tends to be more readable. Second, beauty measures a unique property in code called aesthetic value distinct from readability. These hypotheses are tested on a corpus of 53,000 lines of open source system codes written by experienced Linux programmers. Statistical correlation analysis is used on 11 different beauty factors versus eight different readability models (i.e., 88 experiments total). As the primary finding, the data show the maximum absolute statistically significant correlation is vertical bar rho vertical bar=0.59 whereas the absolute median correlation is vertical bar rho vertical bar=0.33. In other words, at least 65% of statistically significant variations in beauty cannot be explained by variations in readability; approximately 90% of statistically significant variations in beauty cannot be explained typically by variations in readability. These results lend support to both hypotheses. The data further shows indentation is more reliably correlated with readability than mnemonics or comments and GNU style is more correlated with readability than K&R, BSD, or Linux styles.",wos,llm,0.930,unreviewed,,hash:847fb10bd291ed4e
discarded,Detecting Programming Language from Source Code Using Bayesian Learning Techniques,"Khasnabish, Jyotiska Nath; Sodhi, Mitali; Deshmukh, Jayati; Srinivasaraghavan, G.",2014,"MACHINE LEARNING AND DATA MINING IN PATTERN RECOGNITION, MLDM 2014",,https://www.webofscience.com/wos/woscc/full-record/WOS:000345642100039,off-topic-false-hit,"With dozens of popular programming languages used worldwide, the number of source code files of programs available online for public use is massive. However most blogs, forums or online Q& A websites have poor searchability for specific programming language source code. Naive thumb rules based on the file extension if any are invariably used for syntax highlighting, indentation and other ways to improve readability of the code by programming language editors. A more systematic way to identify the language in which a given source file was written would be of immense value. We believe that simple Bayesiam models would be adequate for this given the intrinsic syntactic structure of any programming language. In this paper, we present Bayesian learning models for correctly identifying the programming language in which a given piece of source code was written, with high probability. We have used 20000 source code files across 10 programming languages to train and test the model using the following Bayesian classifier models - Naive Bayes, Bayesian Network and Multinomial Naive Bayes. Lastly, we show a performance comparison among the three models in terms of classification accuracy on the test data.",wos,llm,0.980,unreviewed,,hash:e2a4e4786f1bf595
discarded,Fisheye views of Java source code: An updated LOD algorithm,"Finlayson, J. Louise; Mellish, Chris; Masthoff, Judith",2007,"UNIVERSAL ACCESS IN HUMAN-COMPUTER INTERACTION: APPLICATIONS AND SERVICES, PT 3, PROCEEDINGS",,https://www.webofscience.com/wos/woscc/full-record/WOS:000248239000033,off-topic-false-hit,"One very important aspect of computer programming is reading source code. Whilst this is a relatively simple process for sighted programmers, for blind computer programmers this presents a significant problem. Navigating through and comprehending often thousands of lines of code can be time consuming and difficult. Current development environments have many features that aid the reading of source code for sighted users, however, most of these features are visual in nature and are not translated well into audio by general screen-reader applications. Research has suggested that the use of fisheye views could aid navigation and enhance performance in program comprehension activities for blind programmers. This paper reports the results of a study into creating a better fisheye view of Java source code, by improving the method used to determine each line's 'global importance' or 'Level of Detail' (LOD). The traditional LOD determination method uses only the indentation level of a line to calculate its overall importance. This paper describes the results of the study, and suggests some of the issues which may need to be considered in developing an improved LOD calculation for programming source code.",wos,llm,0.860,unreviewed,,hash:6612943ed6756689
kept,THE EFFECT OF INDENTATION ON PROGRAM COMPREHENSION,"KESLER, TE; URAM, RB; MAGAREHABED, F; FRITZSCHE, A; AMPORT, C; DUNSMORE, HE",1984,INTERNATIONAL JOURNAL OF MAN-MACHINE STUDIES,,https://www.webofscience.com/wos/woscc/full-record/WOS:A1984AEC5200003,supports-claim,,wos,llm,0.910,unreviewed,,hash:07c8a536cc2a7b5a
kept,Indentation and reading time: a randomized control trial on the differences between generated indented and non-indented if-statements,Hanenberg S.,2024,Empirical Software Engineering,10.1007/s10664-024-10531-y,https://www.scopus.com/inward/record.uri?partnerID=HzOxMe3b&scp=85200910371&origin=inward,supports-claim; layout,,scopus,llm_reviewed,0.960,confirmed,,doi:10.1007/s10664-024-10531-y
kept,Indentation and Reading Time: A Controlled Experiment on the Differences Between Generated Indented and Non-indented JSON Objects,Hanenberg S.,2024,Communications in Computer and Information Science,10.1007/978-3-031-61753-9_4,https://www.scopus.com/inward/record.uri?partnerID=HzOxMe3b&scp=85195312155&origin=inward,supports-claim,,scopus,llm,0.840,unreviewed,,doi:10.1007/978-3-031-61753-9_4
discarded,Image-based many-language programming language identification,Bonifro F.D.,2021,Peerj Computer Science,10.7717/PEERJ-CS.631,https://www.scopus.com/inward/record.uri?partnerID=HzOxMe3b&scp=85112371519&origin=inward,off-topic-false-hit,,scopus,llm,0.980,unreviewed,,doi:10.7717/peerj-cs.631
discarded,Moving Towards Program Comprehension in Software Development: A Case Study,Fellah A.,2020,Proceedings of the 4th International Conference on Computing Methodologies and Communication Iccmc 2020,10.1109/ICCMC48092.2020.ICCMC-000122,https://www.scopus.com/inward/record.uri?partnerID=HzOxMe3b&scp=85084644846&origin=inward,off-topic-false-hit,,scopus,llm,0.780,unreviewed,,doi:10.1109/iccmc48092.2020.iccmc-000122
discarded,Detecting programming language from source code using bayesian learning techniques,Khasnabish J.N.,2014,Lecture Notes in Computer Science Including Subseries Lecture Notes in Artificial Intelligence and Lecture Notes in Bioinformatics,10.1007/978-3-319-08979-9_39,https://www.scopus.com/inward/record.uri?partnerID=HzOxMe3b&scp=84958532495&origin=inward,off-topic-false-hit,,scopus,llm,0.980,unreviewed,,doi:10.1007/978-3-319-08979-9_39
discarded,Fisheye views of Java source code: An updated LOD algorithm,Finlayson J.L.,2007,Lecture Notes in Computer Science Including Subseries Lecture Notes in Artificial Intelligence and Lecture Notes in Bioinformatics,10.1007/978-3-540-73283-9_33,https://www.scopus.com/inward/record.uri?partnerID=HzOxMe3b&scp=38149077102&origin=inward,off-topic-false-hit,,scopus,llm,0.860,unreviewed,,doi:10.1007/978-3-540-73283-9_33
discarded,HUMAN MEMORY PROCESSES FOR COMPREHENDING COMPUTER PROGRAMS.,Norcio A.F.,1980,Proceedings International Conference on Cybernetics and Society,,https://www.scopus.com/inward/record.uri?partnerID=HzOxMe3b&scp=0019289546&origin=inward,off-topic-false-hit,,scopus,llm,0.800,unreviewed,,hash:ee57723ec913e767
discarded,Isabelle/Isar --- a versatile environment for human-readable formal proof documents,Markus Wenzel,2002,,,https://openalex.org/W178927145,off-topic-false-hit,"The basic motivation of this work is to make formal theory developments with machine-checked proofs accessible to a broader audience. Our particular approach is centered around the Isar formal proof language that is intended to support adequate composition of proof documents that are suitable for human consumption. Such primary proofs written in Isar may be both checked by the machine and read by human-beings; final presentation merely involves trivial pretty printing of the sources. Sound logical foundations of Isar are achieved by interpretation within the generic Natural Deduction framework of Isabelle, reducing all high-level reasoning steps to primitive inferences. The resulting Isabelle/Isar system...",openalex,llm,0.950,unreviewed,,hash:90c354fadf4eaae1
