status,title,authors,year,venue,doi,url,tags,abstract,provider,decision_source,llm_confidence,llm_review_outcome,llm_change_direction,paper_id
discarded,The Impact of Online Reviews on Consumers’ Purchasing Decisions: Evidence From an Eye-Tracking Study,Tao Chen; Premaratne Samaranayake; XiongYing Cen; Qi Meng; Yi-chen Lan,2022,Frontiers in Psychology,10.3389/fpsyg.2022.865702,https://openalex.org/W4285745261,off-topic-false-hit,"This study investigated the impact of online product reviews on consumers purchasing decisions by using eye-tracking. The research methodology involved (i) development of a conceptual framework of online product review and purchasing intention through the moderation role of gender and visual attention in comments, and (ii) empirical investigation into the region of interest (ROI) analysis of consumers fixation during the purchase decision process and behavioral analysis. The results showed that consumers' attention to negative comments was significantly greater than that to positive comments, especially for female consumers. Furthermore, the study identified a significant correlation between the visual browsing behavior of consumers and their purchase intention. It also found that consumers were not able to identify false comments. The current study provides a deep understanding of the underlying mechanism of how online reviews influence shopping behavior, reveals the effect of gender on this effect for the first time and explains it from the perspective of attentional bias, which is essential for the theory of online consumer behavior. Specifically, the different effects of consumers' attention to negative comments seem to be moderated through gender with female consumers' attention to negative comments being significantly greater than to positive ones. These findings suggest that practitioners need to pay particular attention to negative comments and resolve them promptly through the customization of product/service information, taking into consideration consumer characteristics, including gender.",openalex,llm,0.990,unreviewed,,doi:10.3389/fpsyg.2022.865702
discarded,Eye Tracking Reveals Abnormal Visual Preference for Geometric Images as an Early Biomarker of an Autism Spectrum Disorder Subtype Associated With Increased Symptom Severity,Karen Pierce; Steven Marinero; Roxana Hazin; Benjamin S. McKenna; Cynthia Carter Barnes; Ajith Malige,2015,Biological Psychiatry,10.1016/j.biopsych.2015.03.032,https://openalex.org/W236622834,off-topic-false-hit,"BACKGROUND: Clinically and biologically, autism spectrum disorder (ASD) is heterogeneous. Unusual patterns of visual preference as indexed by eye tracking are hallmarks; however, whether they can be used to define an early biomarker of ASD as a whole or leveraged to define a subtype is unclear. To begin to examine this issue, large cohorts are required. METHODS: A sample of 334 toddlers from six distinct groups (115 toddlers with ASD, 20 toddlers with ASD features, 57 toddlers with developmental delay, 53 toddlers with other conditions [e.g., premature birth, prenatal drug exposure], 64 toddlers with typical development, and 25 unaffected toddlers with siblings with ASD) was studied. Toddlers watched a movie containing geometric and social images. Fixation duration and number of saccades within each area of interest and validation statistics for this independent sample were computed. Next, to maximize power, data from our previous study (n = 110) were added for a total of 444 subjects. A subset of toddlers repeated the eye-tracking procedure. RESULTS: As in the original study, a subset of toddlers with ASD fixated on geometric images >69% of the time. Using this cutoff, sensitivity for ASD was 21%, specificity was 98%, and positive predictive value was 86%. Toddlers with ASD who strongly preferred geometric images had 1) worse cognitive, language, and social skills relative to toddlers with ASD who strongly preferred social images and 2) fewer saccades when viewing geometric images. Unaffected siblings of ASD probands did not show evidence of heightened preference for geometric images. Test-retest reliability was good. Examination of age effects suggested that this test may not be appropriate with children >4 years old. CONCLUSIONS: Enhanced visual preference for geometric repetition may be an early developmental biomarker of an ASD subtype with more severe symptoms.",openalex,llm,0.990,unreviewed,,doi:10.1016/j.biopsych.2015.03.032
discarded,Eye-Tracking Users' Behavior in Relation to Cognitive Style within an E-learning Environment,Nikos Tsianos; Panagiotis Germanakos; Zacharias Lekkas; Costas Mourlas; George Samaras,2009,,10.1109/icalt.2009.110,https://openalex.org/W2111785930,off-topic-false-hit,"Eye-tracking measurements may be used as a method of identifying userspsila actual behavior in a hypermedia setting. In this research, an eye-tracking experiment was conducted in order to validate the construct of cognitive style as a personalization parameter in adaptive e-Learning systems. The main research question was whether the verbalizer/imager axis of the cognitive style analysis theory reflects actual preferences in an e-learning environment and properly identifies learner types. The findings from a sample of 21 participants reveal statistically significant differences among types of learners; as hypothesized, imagers concentrate on visual content, verbalizers on text, while intermediates are placed in between.",openalex,llm,0.990,unreviewed,,doi:10.1109/icalt.2009.110
discarded,APPLICATION OF EYE-TRACKING TECHNOLOGY DUAL EYE TRACKING (DUET) IN THE STUDY OF COOPERATION BETWEEN CHILDREN WITH ATYPICAL DEVELOPMENT AND ADULTS IN THE LEARNING PROCESS,Y.K. Smirnova,2023,,10.61365/forum.2023.078,https://openalex.org/W4388514142,off-topic-false-hit,"A technological breakthrough in simultaneously tracking the visual behavior of two people with an eye tracker (DUET) allows you to explore how a child perceives the world and how an adult (teacher) infl uences it. It became possible to more objectively trace the transformation of a child’s perceptual processes under the infl uence of learning (Monroy, Chen, Houston, Yu, ). An analysis of the gaze movements allows us to model the learning process as the emergence and dynamic transformation of an intersubjective connection between the perception-action systems of a child and an adult (Shvarts, ). Synchronous registration of the dyad’s eye movements was carried out by two portable trackers in the form of Pupil Headset goggles. A comparative study was carried out on a sample of preschoolers - years old: typically developing children and children with hearing impairment after cochlear implantation (sensoneural hearing loss, ICD- class H). An analysis of the ways in which the gaze of the adult-child dyad moves makes it possible to model the learning process as the emergence and dynamic transformation of an intersubjective connection between the perception-action systems of a child and an adult. Comparison of gaze patterns showed that contrasting groups of children use different perceptual strategies in the learning process: the specifi city of eye movements of contrasting groups is manifested in the perceptual actions themselves and the pattern of eye movements relative to fi xations in relevant areas corresponding to the task. It was found that the oculomotor activity of an adult changes in the process of interaction with children of contrasting groups and is organized taking into account the specifi c features of the child’s perceptual activity. Differences are manifested in the degree of synchrony of fi xations and the similarity of the trajectories of gaze movements of an adult and a child. An important result of using the DUET technology on contrast samples is the fact that the process of teaching/ learning caused a mutual transformation of the perceptual strategies of both the adult and the child. The perceptual connection of the dyad is clearly manifested in tracking, identifying and controlling perceptual actions as a previous phase, the emergence of compatibility.",openalex,llm,0.980,unreviewed,,doi:10.61365/forum.2023.078
discarded,Eye Tracking in Neuromarketing: A Research Agenda for Marketing Studies,Renê de Oliveira Joaquim dos Santos; Jorge Henrique Caldeira de Oliveira; Jessica Bonaretto Rocha; Janaína de Moura Engracia Giraldi,2015,International Journal of Psychological Studies,10.5539/ijps.v7n1p32,https://openalex.org/W2036145274,off-topic-false-hit,"This article investigates the potential use of Eye Tracking as a neuromarketing tool and its potential for marketing in general. We sought to identify some of the main applications within the mainstream of marketing. The objective of this research was achieved by means of a conceptual literature review. The results of our research indicate important potential uses for Eye Tracking in practical marketing applications, such as brand equity, segmentation, new product development, pricing decisions, place decisions, promotion decisions, and social marketing studies. It is believed that in the near future, neuromarketing tools such as Eye Tracking will be part of mainstream marketing studies.",openalex,llm,0.990,unreviewed,,doi:10.5539/ijps.v7n1p32
discarded,Relating Eye-Tracking Measures With Changes In Knowledge on Search Tasks,Nilavra Bhattacharya; Jacek Gwizdka,2018,cs.HC,10.1145/3204493.3204579,http://arxiv.org/abs/1805.02399v1,off-topic-false-hit,"We conducted an eye-tracking study where 30 participants performed searches on the web. We measured their topical knowledge before and after each task. Their eye-fixations were labelled as ""reading"" or ""scanning"". The series of reading fixations in a line, called ""reading-sequences"" were characterized by their length in pixels, fixation duration, and the number of fixations making up the sequence. We hypothesize that differences in knowledge-change of participants are reflected in their eye-tracking measures related to reading. Our results show that the participants with higher change in knowledge differ significantly in terms of their total reading-sequence-length, reading-sequence-duration, and number of reading fixations, when compared to participants with lower knowledge-change.",arxiv,llm,0.980,unreviewed,,doi:10.1145/3204493.3204579
discarded,Getting the Most from Eye-Tracking: User-Interaction Based Reading Region Estimation Dataset and Models,Ruoyan Kong; Ruixuan Sun; Charles Chuankai Zhang; Chen Chen; Sneha Patri; Gayathri Gajjela; Joseph A. Konstan,2023,cs.HC,10.1145/3588015.3588404,http://arxiv.org/abs/2306.07455v1,off-topic-false-hit,"A single digital newsletter usually contains many messages (regions). Users' reading time spent on, and read level (skip/skim/read-in-detail) of each message is important for platforms to understand their users' interests, personalize their contents, and make recommendations. Based on accurate but expensive-to-collect eyetracker-recorded data, we built models that predict per-region reading time based on easy-to-collect Javascript browser tracking data.
  With eye-tracking, we collected 200k ground-truth datapoints on participants reading news on browsers. Then we trained machine learning and deep learning models to predict message-level reading time based on user interactions like mouse position, scrolling, and clicking. We reached 27\% percentage error in reading time estimation with a two-tower neural network based on user interactions only, against the eye-tracking ground truth data, while the heuristic baselines have around 46\% percentage error. We also discovered the benefits of replacing per-session models with per-timestamp models, and adding user pattern features. We concluded with suggestions on developing message-level reading estimation techniques based on available data.",arxiv,llm,0.980,unreviewed,,doi:10.1145/3588015.3588404
discarded,MambaPupil: Bidirectional Selective Recurrent model for Event-based Eye tracking,Zhong Wang; Zengyu Wan; Han Han; Bohao Liao; Yuliang Wu; Wei Zhai; Yang Cao; Zheng-jun Zha,2024,cs.CV,10.48550/arXiv.2404.12083,http://arxiv.org/abs/2404.12083v2,off-topic-false-hit,"Event-based eye tracking has shown great promise with the high temporal resolution and low redundancy provided by the event camera. However, the diversity and abruptness of eye movement patterns, including blinking, fixating, saccades, and smooth pursuit, pose significant challenges for eye localization. To achieve a stable event-based eye-tracking system, this paper proposes a bidirectional long-term sequence modeling and time-varying state selection mechanism to fully utilize contextual temporal information in response to the variability of eye movements. Specifically, the MambaPupil network is proposed, which consists of the multi-layer convolutional encoder to extract features from the event representations, a bidirectional Gated Recurrent Unit (GRU), and a Linear Time-Varying State Space Module (LTV-SSM), to selectively capture contextual correlation from the forward and backward temporal relationship. Furthermore, the Bina-rep is utilized as a compact event representation, and the tailor-made data augmentation, called as Event-Cutout, is proposed to enhance the model's robustness by applying spatial random masking to the event image. The evaluation on the ThreeET-plus benchmark shows the superior performance of the MambaPupil, which secured the 1st place in CVPR'2024 AIS Event-based Eye Tracking challenge.",arxiv,llm,0.990,unreviewed,,doi:10.48550/arxiv.2404.12083
discarded,A Spiral into the Mind: Gaze Spiral Visualization for Mobile Eye Tracking,Maurice Koch; Daniel Weiskopf; Kuno Kurzhals,2022,cs.HC,10.1145/3530795,http://arxiv.org/abs/2204.13494v1,off-topic-false-hit,"Comparing mobile eye tracking data from multiple participants without information about areas of interest (AOIs) is challenging because of individual timing and coordinate systems. We present a technique, the gaze spiral, that visualizes individual recordings based on image content of the stimulus. The spiral layout of the slitscan visualization is used to create a compact representation of scanpaths. The visualization provides an overview of multiple recordings even for long time spans and helps identify and annotate recurring patterns within recordings. The gaze spirals can also serve as glyphs that can be projected to 2D space based on established scanpath metrics in order to interpret the metrics and identify groups of similar viewing behavior. We present examples based on two egocentric datasets to demonstrate the effectiveness of our approach for annotation and comparison tasks. Our examples show that the technique has the potential to let users compare even long-term recordings of pervasive scenarios without manual annotation.",arxiv,llm,0.980,unreviewed,,doi:10.1145/3530795
discarded,VIVA Stimuli: A Web-Based Platform for Eye Tracking Stimuli,Suleyman Ozdel; Virmarie Maquiling; Kadir Burak Buldu; Yasmeen Abdrabou; Enkelejda Kasneci,2026,cs.HC,10.1145/3797246.3805692,http://arxiv.org/abs/2604.19397v3,off-topic-false-hit,"Reproducibility in eye-tracking research is increasingly important as researchers conduct diverse experiments and seek to validate or replicate findings. However, exact replication remains challenging due to differences in laboratory practices and experimental setups. Inconsistent stimulus presentation can yield divergent metrics from identical oculomotor behavior, yet the stimulus layer remains largely unstandardized. Existing tools often require programming expertise or depend on specific hardware vendors. We introduce VIVA Stimuli, a web-based platform for standardized eye-tracking stimulus presentation. It provides configurable task types, including fixation, smooth pursuit, cognitive load, blink, slippage, content display, and questionnaires within a unified environment. The platform supports any eye-tracking technology, including wearable and screen-based VOG trackers, LFI sensors, and EOG devices. ArUco markers enable synchronization for trackers with scene cameras, while a WebSocket architecture ensures temporal synchronization for those without. A visual experiment flow editor allows protocols to be exported and shared, enabling identical stimulus replication across laboratories.",arxiv,llm,0.970,unreviewed,,doi:10.1145/3797246.3805692
discarded,Reporting Eye-Tracking Data Quality: Towards a New Standard,Deborah N. Jakobi; Daniel G. Krakowczyk; Lena A. Jäger,2024,cs.CL,10.1145/3649902.3655658,http://arxiv.org/abs/2404.00620v1,off-topic-false-hit,"Eye-tracking datasets are often shared in the format used by their creators for their original analyses, usually resulting in the exclusion of data considered irrelevant to the primary purpose. In order to increase re-usability of existing eye-tracking datasets for more diverse and initially not considered use cases, this work advocates a new approach of sharing eye-tracking data. Instead of publishing filtered and pre-processed datasets, the eye-tracking data at all pre-processing stages should be published together with data quality reports. In order to transparently report data quality and enable cross-dataset comparisons, we develop data quality reporting standards and metrics that can be automatically applied to a dataset, and integrate them into the open-source Python package pymovements (https://github.com/aeye-lab/pymovements).",arxiv,llm,0.970,unreviewed,,doi:10.1145/3649902.3655658
discarded,EyeLiveMetrics: Real-time Analysis of Online Reading with Eye Tracking,Daniel Hienert; Heiko Schmidt; Thomas Krämer; Dagmar Kern,2026,cs.HC,10.1145/3649902.3656495,http://arxiv.org/abs/2601.02044v1,off-topic-false-hit,"Existing eye tracking software have certain limitations, especially with respect to monitoring reading online: (1) Most eye tracking software record eye tracking data as raw coordinates and stimuli as screen images/videos, but without inherent links between both. Analysts must draw areas of interest (AOIs) on webpage text for more fine-grained reading analysis. (2) The computation and analysis of fixation and reading metrics are done after the experiment and thus cannot be used for live applications. We present EyeLiveMetrics, a browser plugin that automatically maps raw gaze coordinates to text in real time. The plugin instantly calculates, stores, and provides fixation, saccade, and reading measures on words and paragraphs so that gaze behavior can be analyzed immediately. We also discuss the results of a comparative evaluation. EyeLiveMetrics offers a flexible way to measure reading on the web - for research experiments and live applications.",arxiv,llm,0.980,unreviewed,,doi:10.1145/3649902.3656495
discarded,Measurement of the Flux of Ultrahigh Energy Cosmic Rays from Monocular Observations by the High Resolution Fly's Eye Experiment,The High Resolution Fly's Eye Collaboration,2002,astro-ph,10.1103/PhysRevLett.92.151101,http://arxiv.org/abs/astro-ph/0208243v7,off-topic-false-hit,"  We have measured the cosmic ray spectrum above 10^17.2 eV using the two air fluorescence detectors of the High Resolution Fly's Eye observatory operating in monocular mode. We describe the detector, photo-tube and atmospheric calibrations, as well as the analysis techniques for the two detectors. We fit the spectrum to a model consisting of galactic and extra-galactic sources.",arxiv,llm,0.990,unreviewed,,doi:10.1103/physrevlett.92.151101
discarded,Eye Gaze as a Signal for Conveying User Attention in Contextual AI Systems,Ethan Wilson; Naveen Sendhilnathan; Charlie S. Burlingham; Yusuf Mansour; Robert Cavin; Sai Deep Tetali; Ajoy Savio Fernandes; Michael J. Proulx,2025,cs.HC,10.1145/3715669.3727349,http://arxiv.org/abs/2501.13878v3,off-topic-false-hit,"Advanced multimodal AI agents can now collaborate with users to solve challenges in the world. Yet, these emerging contextual AI systems rely on explicit communication channels between the user and system. We hypothesize that implicit communication of the user's interests and intent would reduce friction and improve user experience when collaborating with AI agents. In this work, we explore the potential of wearable eye tracking to convey signals about user attention. We measure the eye tracking signal quality requirements to effectively map gaze traces to physical objects, then conduct experiments that provide visual scanpath history as additional context when querying vision language models. Our results show that eye tracking provides high value as a user attention signal and can convey important context about the user's current task and interests, improving understanding of contextual AI agents.",arxiv,llm,0.970,unreviewed,,doi:10.1145/3715669.3727349
discarded,RITnet: Real-time Semantic Segmentation of the Eye for Gaze Tracking,Aayush K. Chaudhary; Rakshit Kothari; Manoj Acharya; Shusil Dangi; Nitinraj Nair; Reynold Bailey; Christopher Kanan; Gabriel Diaz; Jeff B. Pelz,2019,cs.CV,10.1109/ICCVW.2019.00568,http://arxiv.org/abs/1910.00694v1,off-topic-false-hit,"Accurate eye segmentation can improve eye-gaze estimation and support interactive computing based on visual attention; however, existing eye segmentation methods suffer from issues such as person-dependent accuracy, lack of robustness, and an inability to be run in real-time. Here, we present the RITnet model, which is a deep neural network that combines U-Net and DenseNet. RITnet is under 1 MB and achieves 95.3\% accuracy on the 2019 OpenEDS Semantic Segmentation challenge. Using a GeForce GTX 1080 Ti, RITnet tracks at $>$ 300Hz, enabling real-time gaze tracking applications. Pre-trained models and source code are available https://bitbucket.org/eye-ush/ritnet/.",arxiv,llm,0.990,unreviewed,,doi:10.1109/iccvw.2019.00568
