status,title,authors,year,venue,doi,url,tags,abstract,provider,decision_source,llm_confidence,llm_review_outcome,llm_change_direction,paper_id
kept,Tracing vs. comprehension: On different levels of understanding Boolean expressions,Aviad Baron; Dror G. Feitelson,2026,Empirical Software Engineering,10.1007/s10664-026-10818-2,https://openalex.org/W7130506713,supports-claim,"Abstract Reading and understanding existing code is a crucial part of software engineering. We focus on the understanding of Boolean expressions, which control the flow of the execution. Such expressions can often be written in different ways that are logically equivalent, but there has been no systematic research on the possible advantages of one formulation over another. Our goal is to examine the effect of various factors on understanding such expressions, leading to guidelines for selecting the most understandable version from a set of logically equivalent expressions. To achieve this goal, we conducted a controlled experiment using all 16 simple Boolean expressions with two variables, a connecting operator, and possible negations. We define and empirically compare two distinct levels of understanding these expressions: tracing , which involves following the program’s execution for a specific input, and comprehension , which encompasses a generalization of how the code behaves for all possible inputs. The experiment involved 362 participants, 57% of which had more than 6 years of programming experience. The results reveal that comprehension not only takes longer but also leads to a higher error rate compared to tracing. Furthermore, expressions involving the logical operator were found to be more challenging on average than those with , but this difficulty manifested only at the comprehension level. One of the sources of this difference appears to be an interaction between the logical operators and , and we discuss possible models which may explain this effect. The observed differences in understanding equivalent expressions highlight the importance of selecting which expression to use. Our findings suggest that Boolean expressions with and fewer negations tend to improve code readability, making them preferable for writing understandable code. But these recommendations need to be verified in the general context of Boolean expressions, including those that are more complex than the ones we considered.",openalex,llm,0.780,unreviewed,,doi:10.1007/s10664-026-10818-2
discarded,Robust programs with filtered iterators,Jiasi Shen; Martin Rinard,2017,,10.1145/3136014.3136030,https://openalex.org/W2765770150,off-topic-false-hit,"We present a new language construct, filtered iterators, for robust input processing. Filtered iterators are designed to eliminate many common input processing errors while enabling robust continued execution. The design is inspired by (1) observed common input processing errors and (2) successful strategies implemented by human developers fixing input processing errors. Filtered iterators decompose inputs into input units and atomically and automatically discard units that trigger errors. Statistically significant results from a developer study demonstrate the effectiveness of filtered iterators in enabling developers to produce robust input processing code without common input processing defects.",openalex,llm,0.960,unreviewed,,doi:10.1145/3136014.3136030
discarded,Execution trace analysis through massive sequence and circular bundle views,Bas Cornelissen; Andy Zaidman; Danny Holten; Leon Moonen; Arie van Deursen; Jarke J. van Wijk,2008,Journal of Systems and Software,10.1016/j.jss.2008.02.068,https://openalex.org/W2116998643,off-topic-false-hit,,openalex,llm,0.960,unreviewed,,doi:10.1016/j.jss.2008.02.068
discarded,Constrained Bayesian Optimization with Noisy Experiments,Benjamin Letham; Brian Karrer; Guilherme Ottoni; Eytan Bakshy,2018,Bayesian Analysis,10.1214/18-ba1110,https://openalex.org/W2646476955,off-topic-false-hit,"Randomized experiments are the gold standard for evaluating the effects of changes to real-world systems. Data in these tests may be difficult to collect and outcomes may have high variance, resulting in potentially large measurement error. Bayesian optimization is a promising technique for efficiently optimizing multiple continuous parameters, but existing approaches degrade in performance when the noise level is high, limiting its applicability to many randomized experiments. We derive an expression for expected improvement under greedy batch optimization with noisy observations and noisy constraints, and develop a quasi-Monte Carlo approximation that allows it to be efficiently optimized. Simulations with synthetic functions show that optimization performance on noisy, constrained problems outperforms existing methods. We further demonstrate the effectiveness of the method with two real-world experiments conducted at Facebook: optimizing a ranking system, and optimizing server compiler flags.",openalex,llm,1.000,unreviewed,,doi:10.1214/18-ba1110
discarded,NoCodeGPT: A No-Code Interface for Building Web Apps with Language Models,Mauricio Monteiro; Bruno Castelo Branco; Samuel Silvestre; Guilherme Avelino; Marco Túlio Valente,2023,arXiv (Cornell University),10.48550/arxiv.2310.14843,https://openalex.org/W4387929556,off-topic-false-hit,"In this paper, we first report an exploratory study where three participants were instructed to use ChatGPT to implement a simple Web-based application. A key finding of this study revealed that ChatGPT does not offer a user-friendly interface for building applications, even small web systems. For example, one participant with limited experience in software development was unable to complete any of the proposed user stories. Then, and as the primary contribution of this work, we decided to design, implement, and evaluate a tool that offers a customized interface for language models like GPT, specifically targeting the implementation of small web applications without writing code. This tool, called NoCodeGPT, instruments the prompts sent to the language model with useful contextual information (e.g., the files that need to be modified when the user identifies and requests a bug fix). It also saves the files generated by the language model in the correct directories. Additionally, a simple version control feature is offered, allowing users to quickly revert to a previous version of the code when the model enters a hallucination process, generating worthless results. To evaluate our tool, we invited 14 students with limited Web development experience to implement two small web applications using only prompts and NoCodeGPT. Overall, the results of this evaluation were quite satisfactory and significantly better than those of the initial study (the one using the standard ChatGPT interface). More than half of the participants (9 out of 14) successfully completed the proposed applications, while the others completed at least half of the proposed user stories.",openalex,llm,0.980,unreviewed,,doi:10.48550/arxiv.2310.14843
discarded,Creating a Virtuous Cycle in Performance Testing at MongoDB,David Daly,2021,,10.1145/3427921.3450234,https://openalex.org/W3126244934,off-topic-false-hit,"It is important to detect changes in software performance during development in order to avoid performance decreasing release to release or dealing with costly delays at release time. Performance testing is part of the development process at MongoDB, and integrated into our continuous integration system. We describe a set of changes to that performance testing environment designed to improve testing effectiveness. These changes help improve coverage, provide faster and more accurate signaling for performance changes, and help us better understand the state of performance. In addition to each component performing better, we believe that we have created and exploited a virtuous cycle: performance test improvements drive impact, which drives more use, which drives further impact and investment in improvements. Overall, MongoDB is getting faster and we avoid shipping major performance regressions to our customers because of this infrastructure.",openalex,llm,0.990,unreviewed,,doi:10.1145/3427921.3450234
discarded,Toolkit support for interactive projected displays,John G. Hardy; Jason Alexander,2012,,10.1145/2406367.2406419,https://openalex.org/W2001501650,off-topic-false-hit,"This paper presents a software toolkit designed to enable the rapid development of multimedia-rich, multi-touch enabled, and interactive projection-based displays. For instance: door displays, floor displays, wall displays, and interactive tables. Despite recent technological advances and the commercialization of hardware required to achieve this at a relatively low cost, creating and deploying such displays remains a difficult task, even for those with the essential technical skills and experience. We assert that greater accessibility of toolkits like the one presented in this paper will reduce these barriers and allow people (not necessarily from the ubiquitous computing domain) to apply the technology to their own fields. To assess this toolkit's suitability for this role, we present a system and usability evaluation. We observed that participants were able to quickly create their own novel display deployments. Our findings offer insights for potential toolkit users and those considering how to write programs for future ubiquitous projected display environments.",openalex,llm,1.000,unreviewed,,doi:10.1145/2406367.2406419
discarded,HUMAN-MACHINE INTERFACES IN INDUSTRIAL SYSTEMS: ENHANCING SAFETY AND THROUGHPUT IN SEMI-AUTOMATED FACILITIES,Moin Uddin Mojumder; Rezwanul Ashraf Ruddro,2023,American Journal of Interdisciplinary Studies,10.63125/s2qa0125,https://openalex.org/W4413759418,off-topic-false-hit,"This study systematically examined the role of human–machine interfaces (HMIs) in enhancing safety and throughput within semi-automated industrial systems, applying the Preferred Reporting Items for Systematic Reviews and Meta-Analyses (PRISMA) framework to ensure methodological rigor. A total of 112 peer-reviewed papers were reviewed, encompassing empirical investigations, simulation studies, and field-based analyses from diverse industrial domains including manufacturing, logistics, and energy systems. The findings reveal that HMIs have evolved from basic control panels and analog displays into integrated socio-technical infrastructures that directly shape operator performance, system safety, and production efficiency. Across the reviewed studies, a strong consensus emerged that cognitive engineering principles, such as alignment with perceptual limits, workload management, and support for accurate mental models, significantly reduce operator error rates and improve decision-making. Safety-centered design was identified as a mature research area, with rationalized alarm systems, standardized emergency procedures, and compliance with international safety standards shown to decrease overload and strengthen hazard response. Equally, operational performance was consistently linked to HMI quality, with interfaces enabling stable cycle times, faster recovery during abnormal situations, and integration of lean practices such as setup reduction and error-proofing. The evidence also highlights the growing role of HMIs in human–robot collaboration, supervisory control, and trust-building, demonstrating that transparency and clear communication enhance safety and coordination in shared workspaces. Additionally, HMIs are increasingly recognized as cyber-physical security nodes and organizational learning tools, capturing incident data, supporting feedback loops, and embedding continuous improvement into daily operations. By synthesizing insights across cognitive, safety, operational, and organizational domains, this review positions HMIs as strategic infrastructures that harmonize human adaptability with technological consistency. The results underscore that the effectiveness of semi-automated facilities is inseparable from the quality of their interfaces, making HMI design and refinement a decisive factor for both resilience and competitiveness in modern industrial systems.",openalex,llm,1.000,unreviewed,,doi:10.63125/s2qa0125
discarded,"Languages, Tools and Patterns for the Specification of Distributed Real-Time Tests",Helmut Neukirchen,2004,eDiss (Georg-August-Universität Göttingen),10.53846/goediss-2583,https://openalex.org/W1562672206,off-topic-false-hit,"Für moderne Verteilte Systeme ist es wichtig, dass sie Echtzeit-Anforderungen einhalten, um z.B. innerhalb einer gegebenen Zeitspanne eine Antwort auf eine Anfrage zu liefern. Testen ist die wichtigste Maßnahme zur Qualitätssicherung von Software-Systemen. Das Echtzeit-Testen von Verteilten Systemen wird jedoch bisher nur unzureichend unterstützt. Diese Dissertation behandelt Sprachen, Werkzeuge und Muster für die Beschreibung von verteilten Echtzeit-Tests. Zur Testbeschreibung wird TimedTTCN-3 eingeführt. Es handelt sich hierbei um eine Echtzeit-Erweiterung der standardisierten Testbeschreibungssprache Testing and Test Control Notation version 3 (TTCN-3). Um die Entwicklung von Echtzeit-Tests zu vereinfachen, werden ein Werkzeug und die zugrundeliegenden Übersetzungsregeln vorgestellt, die es ermöglichen, TimedTTCN-3 Echtzeit-Testfälle aus Echtzeit-Testzwecken zu generieren. Echtzeit-Testzwecke werden hierzu anhand von Message Sequence Charts (MSCs), die Echtzeit-Eigenschaften enthalten, formalisiert. Um die Spezifikation von Echtzeit-Anforderungen und die Auswertung von Echtzeit-Tests zu vereinheitlichen, werden Real-Time Communication patterns (RTC-patterns) eingeführt. Diese Muster bieten wiederverwendbare Lösungen zur Spezifikation von Echtzeit-Tests mit MSC und TimedTTCN-3. In diesem Zusammenhang werden außerdem eine Übersicht und eine allgemeine Klassifikation von existierenden Test-Mustern gegeben.",openalex,llm,0.990,unreviewed,,doi:10.53846/goediss-2583
discarded,NoCodeGPT: A No‐Code Interface for Building Web Apps With Language Models,Mauricio Monteiro; Bruno Castelo Branco; Samuel Silvestre; Guilherme Avelino; Marco Túlio Valente,2025,Software Practice and Experience,10.1002/spe.3432,https://openalex.org/W4410214245,off-topic-false-hit,"ABSTRACT Background Language models are increasingly used by software developers. However, it remains unclear whether their standard chat‐based interfaces are suitable for software development—especially for users with limited programming experience. Objective This work presents a tool, called NoCodeGPT, that provides a customized interface for language models aimed at enabling the implementation of small web applications without writing code. Methods We first conducted an exploratory study in which three participants used ChatGPT to implement a simple web‐based application. After that, we designed and implemented a customized GPT interface, called NoCodeGPT. To evaluate this new interface, we asked 14 students with limited web development experience to build two small web applications using only prompts. Results The exploratory study showed that general‐purpose chat interfaces like ChatGPT are not user‐friendly for application development. One participant, for instance, was unable to complete any proposed user stories. In contrast, results with NoCodeGPT were encouraging: 9 out of 14 participants completed all user stories, while the remaining five completed at least half. Conclusion The standard GPT interface is not well‐suited for novice web developers. In response, we proposed, designed, and implemented a new interface that offers a more accessible experience for building web applications with language models.",openalex,llm,0.980,unreviewed,,doi:10.1002/spe.3432
discarded,Comprehension of computer code relies primarily on domain-general executive brain regions,Anna A. Ivanova; Shashank Srikant; Yotaro Sueoka; Hope Kean; Riva Dhamala; Una-May O’Reilly; Marina Umaschi Bers; Evelina Fedorenko,2020,bioRxiv (Cold Spring Harbor Laboratory),10.1101/2020.04.16.045732,https://openalex.org/W3104202911,off-topic-false-hit,"Abstract Computer programming is a novel cognitive tool that has transformed modern society. What cognitive and neural mechanisms support this skill? Here, we used fMRI to investigate two candidate brain systems: the multiple demand (MD) system, typically recruited during math, logic, problem solving, and executive tasks, and the language system, typically recruited during linguistic processing. We examined MD and language system responses to code written in Python, a text-based programming language (Experiment 1) and in ScratchJr, a graphical programming language (Experiment 2); for both, we contrasted responses to code problems with responses to content-matched sentence problems. We found that the MD system exhibited strong bilateral responses to code in both experiments, whereas the language system responded strongly to sentence problems, but weakly or not at all to code problems. Thus, the MD system supports the use of novel cognitive tools even when the input is structurally similar to natural language.",openalex,llm,0.890,unreviewed,,doi:10.1101/2020.04.16.045732
discarded,Editing support for software languages,Djonathan Barros; Sven Peldszus; Wesley K. G. Assunção; Thorsten Berger,2022,,10.1145/3550355.3552452,https://openalex.org/W4307286006,off-topic-false-hit,"Effectively using software languages, be it programming or domain-specific languages, requires effective editing support. Modern IDEs, modeling tools, and code editors typically provide sophisticated support to create, comprehend, or modify instances---programs or models---of particular languages. Unfortunately, building such editing support is challenging. While the engineering of languages is well understood and supported by modern model-driven techniques, there is a lack of engineering principles and best practices for realizing their editing support. Especially domain-specific languages---often created by smaller organizations or individual developers, sometimes even for single projects---would benefit from better methods and tools to create proper editing support.",openalex,llm,0.980,unreviewed,,doi:10.1145/3550355.3552452
discarded,Source Code Recommender Systems: The Practitioners' Perspective,Matteo Ciniselli; Luca Pascarella; Emad Aghajani; Simone Scalabrino; Rocco Oliveto; Gabriele Bavota,2023,arXiv (Cornell University),10.48550/arxiv.2302.04098,https://openalex.org/W4319793451,off-topic-false-hit,"The automatic generation of source code is one of the long-lasting dreams in software engineering research. Several techniques have been proposed to speed up the writing of new code. For example, code completion techniques can recommend to developers the next few tokens they are likely to type, while retrieval-based approaches can suggest code snippets relevant for the task at hand. Also, deep learning has been used to automatically generate code statements starting from a natural language description. While research in this field is very active, there is no study investigating what the users of code recommender systems (i.e., software practitioners) actually need from these tools. We present a study involving 80 software developers to investigate the characteristics of code recommender systems they consider important. The output of our study is a taxonomy of 70 ""requirements"" that should be considered when designing code recommender systems. For example, developers would like the recommended code to use the same coding style of the code under development. Also, code recommenders being ""aware"" of the developers' knowledge (e.g., what are the framework/libraries they already used in the past) and able to customize the recommendations based on this knowledge would be appreciated by practitioners. The taxonomy output of our study points to a wide set of future research directions for code recommenders.",openalex,llm,0.970,unreviewed,,doi:10.48550/arxiv.2302.04098
