status,title,authors,year,venue,doi,url,tags,abstract,provider,decision_source,llm_confidence,llm_review_outcome,llm_change_direction,paper_id
discarded,Dolos: Language‐agnostic plagiarism detection in source code,Rien Maertens; Charlotte Van Petegem; Niko Strijbol; Toon Baeyens; Arne Carla Jacobs; Peter Dawyndt; Bart Mesuere,2022,Journal of Computer Assisted Learning,10.1111/jcal.12662,https://openalex.org/W4220983258,off-topic-false-hit,"Abstract Background Learning to code is increasingly embedded in secondary and higher education curricula, where solving programming exercises plays an important role in the learning process and in formative and summative assessment. Unfortunately, students admit that copying code from each other is a common practice and teachers indicate they rarely use plagiarism detection tools. Objectives We want to lower the barrier for teachers to detect plagiarism by introducing a new source code plagiarism detection tool (Dolos) that is powered by state‐of‐the art similarity detection algorithms, offers interactive visualizations, and uses generic parser models to support a broad range of programming languages. Methods Dolos is compared with state‐of‐the‐art plagiarism detection tools in a benchmark based on a standardized dataset. We describe our experience with integrating Dolos in a programming course with a strong focus on online learning and the impact of transitioning to remote assessment during the COVID‐19 pandemic. Results and Conclusions Dolos outperforms other plagiarism detection tools in detecting potential cases of plagiarism and is a valuable tool for preventing and detecting plagiarism in online learning environments. It is available under the permissive MIT open‐source license at https://dolos.ugent.be . Implications Dolos lowers barriers for teachers to discover, prove and prevent plagiarism in programming courses. This helps to enable a shift towards open and online learning and assessment environments, and opens up interesting avenues for more effective learning and better assessment.",openalex,llm,0.930,unreviewed,,doi:10.1111/jcal.12662
discarded,Aesthetics Versus Readability of Source Code,Ron Coleman,2018,International Journal of Advanced Computer Science and Applications,10.14569/ijacsa.2018.090902,https://openalex.org/W2895271300,adjacent-subtopic,"The relationship between programming style and program readability has never been examined empirically, although the association has substantial importance for both pedagogical and industry best practices. This paper studies a fractal, relativistic measure of programming style called the beauty factor or “beauty” and puts forward two new hypotheses of beauty. First, code with increasing beauty tends to be more readable. Second, beauty measures a unique property in code called aesthetic value distinct from readability. These hypotheses are tested on a corpus of 53,000 lines of open source system codes written by experienced Linux programmers. Statistical correlation analysis is used on 11 different beauty factors versus eight different readability models (i.e., 88 experiments total). As the primary finding, the data show the maximum absolute statistically significant correlation is |p|=0.59 whereas the absolute median correlation is |p|=0.33. In other words, at least 65% of statistically significant variations in beauty cannot be explained by variations in readability; approximately 90% of statistically significant variations in beauty cannot be explained typically by variations in readability. These results lend support to both hypotheses. The data further shows indentation is more reliably correlated with readability than mnemonics or comments and GNU style is more correlated with readability than K&R, BSD, or Linux styles.",openalex,llm,0.930,unreviewed,,doi:10.14569/ijacsa.2018.090902
discarded,Automatically detecting the scopes of source code comments,Huanchao Chen; Yuan Huang; Zhiyong Liu; Xiangping Chen; Fan Zhou; Xiaonan Luo,2019,Journal of Systems and Software,10.1016/j.jss.2019.03.010,https://openalex.org/W2921106742,off-topic-false-hit,"Comments convey useful information about the system functionalities and many methods for software engineering tasks take comments as an important source for many software engineering tasks such as code semantic analysis, code reuse and so on. However, unlike structural doc comments, it is challenging to identify the relationship between the functional semantics of the code and its corresponding textual descriptions nested inside the code and apply it to automatic analyzing and mining approaches in software engineering tasks efficiently. In this paper, we propose a general method for the detection of source code comment scopes. Based on machine learning, our method utilized features of code snippets and comments to detect the scopes of source code comments automatically in Java programs. On the dataset of comment-statement pairs from 4 popular open source projects, our method achieved a high accuracy of 81.45% in detecting the scopes of comments. Furthermore, the results demonstrated the feasibility and effectiveness of our comment scope detection method on new projects. Moreover, our method was applied to two specific software engineering tasks in our studies: analyzing software repositories for outdated comment detection and mining software repositories for comment generation. As a general approach, our method provided a solution to comment-code mapping. It improved the performance of baseline methods in both tasks, which demonstrated that our method is conducive to automatic analyzing and mining approaches on software repositories.",openalex,llm,0.910,unreviewed,,doi:10.1016/j.jss.2019.03.010
discarded,Using heuristics to estimate an appropriate number of latent topics in source code analysis,Scott Grant; James R. Cordy; David B. Skillicorn,2013,Science of Computer Programming,10.1016/j.scico.2013.03.015,https://openalex.org/W2113772893,off-topic-false-hit,,openalex,llm,0.940,unreviewed,,doi:10.1016/j.scico.2013.03.015
discarded,Exploring the suitability of source code metrics for indicating architectural inconsistencies,Jörg Lenhard; Martin Blom; Sebastian Herold,2018,Software Quality Journal,10.1007/s11219-018-9404-z,https://openalex.org/W2789429358,off-topic-false-hit,"Software architecture degradation is a phenomenon that frequently occurs during software evolution. Source code anomalies are one of the several aspects that potentially contribute to software architecture degradation. Many techniques for automating the detection of such anomalies are based on source code metrics. It is, however, unclear how accurate these techniques are in identifying the architecturally relevant anomalies in a system. The objective of this paper is to shed light on the extent to which source code metrics on their own can be used to characterize classes contributing to software architecture degradation. We performed a multi-case study on three open-source systems for each of which we gathered the intended architecture and data for 49 different source code metrics taken from seven different code quality tools. This data was analyzed to explore the links between architectural inconsistencies, as detected by applying reflexion modeling, and metric values indicating potential design problems at the implementation level. The results show that there does not seem to be a direct correlation between metrics and architectural inconsistencies. For many metrics, however, classes more problematic as indicated by their metric value seem significantly more likely to contribute to inconsistencies than less problematic classes. In particular, the fan-in, a classes’ public API, and method counts seem to be suitable indicators. The fan-in metric seems to be a particularly interesting indicator, as class size does not seem to have a confounding effect on this metric. This finding may be useful for focusing code restructuring efforts on architecturally relevant metrics in case the intended architecture is not explicitly specified and to further improve architecture recovery and consistency checking tool support.",openalex,llm,0.900,unreviewed,,doi:10.1007/s11219-018-9404-z
discarded,An Empirical Investigation on the Trade-off between Smart Contract Readability and Gas Consumption,Anna Vacca; Michele Fredella; Andrea Di Sorbo; Corrado A. Visaggio; Gerardo Canfora,2022,2022 IEEE/ACM 30th International Conference on Program Comprehension (ICPC),10.1145/3524610.3529157,https://ieeexplore.ieee.org/document/9796349/,adjacent-subtopic,"Blockchain technology is becoming increasingly popular, and smart contracts (i.e., programs that run on top of the blockchain) represent a crucial element of this technology. In particular, smart contracts running on Ethereum (i.e., one of the most popular blockchain platforms) are often developed with Solidity, and their deployment and execution consume gas (i.e., a fee compensating the computing resources required). Smart contract development frequently involves code reuse, but poor readable smart contracts could hinder their reuse. However, writing readable smart contracts is challenging, since practices for improving the readability could also be in contrast with optimization strategies for reducing gas consumption. This paper aims at better understanding (i) the readability aspects for which traditional software and smart contracts differ, and (ii) the specific smart contract readability features exhibiting significant relationships with gas consumption. We leverage a set of metrics that previous research has proven correlated with code readability. In particular, we first compare the values of these metrics obtained for both Solidity smart contracts and traditional software systems (written in Java). Then, we investigate the correlations occurring between these metrics and gas consumption and between each pair of metrics. The results of our study highlight that smart contracts usually exhibit lower readability than traditional software for what concerns the number of parentheses, inline comments, and blank lines used. In addition, we found some readability metrics (such as the average length of identifiers and the average number of keywords) that significantly correlate with gas consumption.",ieee,llm,0.880,unreviewed,,doi:10.1145/3524610.3529157
kept,Automatic Segmentation of Method Code into Meaningful Blocks to Improve Readability,Xiaoran Wang; Lori Pollock; K. Vijay-Shanker,2011,2011 18th Working Conference on Reverse Engineering,10.1109/WCRE.2011.15,https://ieeexplore.ieee.org/document/6079773/,supports-claim,"With the goal of increasing program readability for easier understanding, coding guidelines often include formatting standards such as indenting loop and conditional branch body statements. Similarly, good programming practice suggests that programmers use blank lines to visibly delineate between code segments that represent different algorithmic steps or high level actions. Unfortunately, programmers do not always follow these guidelines. While editors and IDEs can easily indent code based on syntax, they do not currently support automatic blank line insertion, which presents more significant challenges involving the semantics. This paper presents a heuristic solution to the automatic blank line insertion problem, by leveraging both program structure and naming information to identify ""meaningful blocks"", consecutive statements that logically implement a high level action. Our tool, SEGMENT, takes as input a Java method, and outputs a segmented version that separates meaningful blocks by vertical spacing. We report on an evaluation of the effectiveness of SEGMENT based on developers' opinions. SEGMENT assists in making users obtain an overall picture of a method's actions and comprehend it quicker r as well as provides hints for internal documentation placement.",ieee,llm,0.970,unreviewed,,doi:10.1109/wcre.2011.15
kept,Forming Groups for Collaborative Learning in Introductory Computer Programming Courses Based on Students' Programming Styles: An Empirical Study,Eustaquio Sao Jose De Faria; Juan Manuel Adan-coello; Keiji Yamanaka,2006,Proceedings. Frontiers in Education. 36th Annual Conference,10.1109/FIE.2006.322313,https://ieeexplore.ieee.org/document/4116907/,supports-claim,"This paper describes and evaluates an approach for constructing groups for collaborative learning of computer programming. Groups are formed based on students' programming styles. The style of a program is characterized by simple well known metrics, including length of identifiers, size and number of modules (functions/procedures), and numbers of indented, commented and blank lines. A tool was implemented to automatically assess the style of programs submitted by students. For evaluating the tool and approach used to construct groups, some experiments were conducted involving Information Systems students enrolled in a course on algorithms and data structures. The experiments showed that collaborative learning was very effective for improving the programming style of students, particularly for students that worked in heterogeneous groups (formed by students with different levels of knowledge of programming style).",ieee,llm,0.830,unreviewed,,doi:10.1109/fie.2006.322313
discarded,Reading Beside the Lines: Indentation as a Proxy for Complexity Metric,Abram Hindle; Michael W. Godfrey; Richard C. Holt,2008,2008 16th IEEE International Conference on Program Comprehension,10.1109/ICPC.2008.13,https://ieeexplore.ieee.org/document/4556125/,adjacent-subtopic,"Maintainers face the daunting task of wading through a collection of both new and old revisions, trying to ferret out revisions which warrant personal inspection. One can rank revisions by size/lines of code (LOC), but often, due to the distribution of the size of changes, revisions will be of similar size. If we can't rank revisions by LOC perhaps we can rank by Halstead's and McCabe's complexity metrics? However, these metrics are problematic when applied to code fragments (revisions) written in multiple languages: special parsers are required which may not support the language or dialect used; analysis tools may not understand code fragments. We propose using the statistical moments of indentation as a lightweight, language independent, revision/diff friendly metric which actually proxies classical complexity metrics. We have extensively evaluated our approach against the entire CVS histories of the 278 of the most popular and most active SourceForge projects. We found that our results are linearly correlated and rank-correlated with traditional measures of complexity, suggesting that measuring indentation is a cheap and accurate proxy for code complexity of revisions. Thus ranking revisions by the standard deviation and summation of indentation will be very similar to ranking revisions by complexity.",ieee,llm,0.950,unreviewed,,doi:10.1109/icpc.2008.13
discarded,ISO/IEC/IEEE International Standard - Systems and software engineering -- Vocabulary,,2010,ISO/IEC/IEEE 24765:2010(E),10.1109/IEEESTD.2010.5733835,https://ieeexplore.ieee.org/document/5733835/,off-topic-false-hit,"ISO/IEC/IEEE 24765:2010 provides a common vocabulary applicable to all systems and software engineering work. It was prepared to collect and standardize terminology. ISO/IEC/IEEE 24765:2010 is intended to serve as a useful reference for those in the information technology field, and to encourage the use of systems and software engineering standards prepared by ISO and liaison organizations IEEE Computer Society and Project Management Institute. ISO/IEC/IEEE 24765:2010 includes references to the active source standards for each definition so that the use of the term can be further explored.",ieee,llm,0.990,unreviewed,,doi:10.1109/ieeestd.2010.5733835
discarded,CodeShrink: Adaptive Visual Compression for Efficient Multimodal Code Understanding,Wenxin Tang; Jingyu Xiao; Zhenyu Liu; Zipeng Xie; Junliang Liu; Wang Luo; Yuan Jiang; Yintong Huo; Michael Lyu,2026,cs.CV,10.48550/arXiv.2607.29637,http://arxiv.org/abs/2607.29637v1,adjacent-subtopic,"Rendering source code as images offers a promising way to reduce the input costs of Multimodal Large Language Models (MLLMs). Adjusting image resolution can trade visual token cost against content fidelity. However, resolution scaling alone overlooks two sources of inefficiency: blank regions created by line breaks and indentation, and code regions irrelevant to the current instruction. Moreover, the best compression setting varies across inputs, tasks, and models, limiting fixed-ratio strategies. We propose CodeShrink, an adaptive visual compression framework with three components. Blank-Free Rendering replaces whitespace-dependent layouts with compact layouts and explicit structural markers, removing layout-induced tokens. Adaptive Compression Configuration uses a lightweight agent trained with reinforcement learning to predict a per-input setting that balances token efficiency and readability. Dominant Token Selection jointly analyzes the instruction and code image to prune task-irrelevant visual tokens during inference. We evaluate CodeShrink on code question answering, clone detection, and code completion. CodeShrink reduces visual token use by up to 71.2\% while matching or exceeding uncompressed text-only inputs, and consistently outperforms text-based and visual compression baselines across all three tasks. These results show that combining layout compaction, adaptive configuration, and instruction-aware pruning can make multimodal code understanding more efficient. Our code is available at https://github.com/vinsontang1/CodeShrink.",arxiv,llm,0.920,unreviewed,,doi:10.48550/arxiv.2607.29637
kept,Improving Code Readability Models with Textual Features,"Scalabrino, Simone; Linares-Vasquez, Mario; Poshyvanyk, Denys; Oliveto, Rocco",2016,2016 IEEE 24TH INTERNATIONAL CONFERENCE ON PROGRAM COMPREHENSION (ICPC),,https://www.webofscience.com/wos/woscc/full-record/WOS:000386302200004,supports-claim,"Code reading is one of the most frequent activities in software maintenance; before implementing changes, it is necessary to fully understand source code often written by other developers. Thus, readability is a crucial aspect of source code that may significantly influence program comprehension effort. In general, models used to estimate software readability take into account only structural aspects of source code, e.g., line length and a number of comments. However, source code is a particular form of text; therefore, a code readability model should not ignore the textual aspects of source code encapsulated in identifiers and comments. In this paper, we propose a set of textual features aimed at measuring code readability. We evaluated the proposed textual features on 600 code snippets manually evaluated (in terms of readability) by 5K+ people. The results demonstrate that the proposed features complement classic structural features when predicting code readability judgments. Consequently, a code readability model based on a richer set of features, including the ones proposed in this paper, achieves a significantly higher accuracy as compared to all of the state-of-the-art readability models.",wos,llm,0.980,unreviewed,,hash:f177dd8662b4f19f
discarded,A Machine Learning Approach to Analyze Patterns and Comments in Java Code using Python,Sharma K.,2025,Wseas Transactions on Information Science and Applications,10.37394/23209.2025.22.54,https://www.scopus.com/inward/record.uri?partnerID=HzOxMe3b&scp=105012940930&origin=inward,off-topic-false-hit,,scopus,llm,0.840,unreviewed,,doi:10.37394/23209.2025.22.54
kept,An Interactive Tool to Improve Program Readability for Novice Students,Takahashi K.,2024,Lecture Notes in Educational Technology,10.1007/978-981-97-3883-0_13,https://www.scopus.com/inward/record.uri?partnerID=HzOxMe3b&scp=85202541321&origin=inward,supports-claim,,scopus,llm,0.740,unreviewed,,doi:10.1007/978-981-97-3883-0_13
discarded,Software Defect Detection Using Machine Learning on Data from Open-Source Programs,Vasileiou M.,2024,Lecture Notes in Networks and Systems,10.1007/978-3-031-67426-6_17,https://www.scopus.com/inward/record.uri?partnerID=HzOxMe3b&scp=85201966611&origin=inward,off-topic-false-hit,,scopus,llm,0.960,unreviewed,,doi:10.1007/978-3-031-67426-6_17
discarded,A Machine Learning Approach for Effective Software Defect Detection,Vasileiou M.,2023,14th International Conference on Information Intelligence Systems and Applications Iisa 2023,10.1109/IISA59645.2023.10345866,https://www.scopus.com/inward/record.uri?partnerID=HzOxMe3b&scp=85182016658&origin=inward,off-topic-false-hit,,scopus,llm,0.960,unreviewed,,doi:10.1109/iisa59645.2023.10345866
discarded,A comprehensive model for code readability,Scalabrino S.,2018,Journal of Software Evolution and Process,10.1002/smr.1958,https://www.scopus.com/inward/record.uri?partnerID=HzOxMe3b&scp=85048492684&origin=inward,adjacent-subtopic,,scopus,llm,0.890,unreviewed,,doi:10.1002/smr.1958
kept,Improving code readability models with textual features,Scalabrino S.,2016,IEEE International Conference on Program Comprehension,10.1109/ICPC.2016.7503707,https://www.scopus.com/inward/record.uri?partnerID=HzOxMe3b&scp=84979776445&origin=inward,supports-claim,,scopus,llm,0.980,unreviewed,,doi:10.1109/icpc.2016.7503707
discarded,Constructing format-preserving printing from syntax-directed definitions,Wang L.C.,2015,Science China Information Sciences,10.1007/s11432-015-5368-9,https://www.scopus.com/inward/record.uri?partnerID=HzOxMe3b&scp=84946532226&origin=inward,adjacent-subtopic,,scopus,llm,0.930,unreviewed,,doi:10.1007/s11432-015-5368-9
