status,title,authors,year,venue,doi,url,tags,abstract,provider,decision_source,llm_confidence,llm_review_outcome,llm_change_direction,paper_id
discarded,Adaptation of the CCSDS 123.0-B-2 Standard for RGB Video Compression,Yubal Barrios; Raúl Guerra; Sebastián López; Roberto Sarmiento,2022,IEEE Journal of Selected Topics in Applied Earth Observations and Remote Sensing,10.1109/JSTARS.2022.3145751,https://ieeexplore.ieee.org/document/9691801/,off-topic-false-hit,"The integration of video sensors on-board satellites is becoming a trend in the space industry, since they provide extra information in the temporal domain when compared with traditional remote sensing imaging acquisition equipment. The inclusion of the temporal dimension together with the constant increase in the sensor resolution supposes a challenge for on-board processing, taking into account the limited computational and storage resources on-board satellites and that it is unfeasible to directly transmit raw video to ground, due to downlink bandwidth limitations. For these reasons, on-board video compression is needed. However, the inherent complexity of the video encoders used on ground limits their implementation on environments with high constraints in terms of computational burden, area, and power consumption. This article proposes an extended compression chain that implements as compression core the CCSDS 123.0-B-2 standard, originally developed for near-lossless compression of multi- and hyperspectral images. In addition, some preprocessing stages are included to manage the temporal dimension of RGB videos efficiently. The proposed solution guarantees low complexity and flexibility to compress both multi- and hyperspectral images and panchromatic and RGB videos by using a single compression instance, which is adapted by adding or removing the appropriate stages. Results demonstrate the viability of this solution to be implemented on space payloads, since high compression ratios are achieved without incurring in a penalty in terms of video quality.",ieee,llm,1.000,unreviewed,,doi:10.1109/jstars.2022.3145751
discarded,Efficient Inter-Prediction Method Using Reference Frame Accumulation for MPEG G-PCC,Xin Li; Eun-Young Chang; Jihun Cha; Euee S. Jang,2025,IEEE Access,10.1109/ACCESS.2025.3575099,https://ieeexplore.ieee.org/document/11018420/,off-topic-false-hit,"This paper presents a novel hybrid reference frame generation method to enhance the inter-prediction performance of geometry-based point cloud compression (G-PCC), a recent point cloud coding standard developed by the moving picture experts group (MPEG) that currently employs a single past reference frame for prediction. However, this single-reference approach may not fully capture the temporal and spatial correlations between frames, potentially limiting prediction performance. To address this limitation, we propose a hybrid mode selection scheme that chooses the suitable reference frames from a set of candidate frames, thereby leveraging the spatial and temporal correlations among consecutive past frames more effectively and improving the coding efficiency. We introduce and evaluate three coding modes for the hybrid reference frame concept within the G-PCC test model: 1) entropy estimation-based mode selection, which selects the reference frame(s) that minimize the estimated entropy during inter-frame coding; 2) translation-based mode selection, which selects the reference frame(s) requiring the least translation to align with the current frame; and 3) lightweight entropy estimation-based mode selection, which minimizes entropy under a predefined translation constraint. The experimental results demonstrate that all proposed techniques outperform the current G-PCC standard; entropy-estimation-based mode selection achieves an average improvement of 0.86% in geometric coding efficiency and 0.81% overall. Translation-based mode selection improved these metrics by 0.59% and 0.56%, respectively, and the lightweight entropy estimation approach consistently yielded a gain of 0.7%. In specific driving scenarios, all proposed techniques showed significant improvements, reaching approximately 2.62% to 2.86% in geometric coding efficiency.",ieee,llm,1.000,unreviewed,,doi:10.1109/access.2025.3575099
discarded,A new non-uniform quantization method based on distribution of compressive sensing measurements and coefficients discarding,Fengtai Zhai; Song Xiao; Lei Quan,2013,2013 Asia-Pacific Signal and Information Processing Association Annual Summit and Conference,10.1109/APSIPA.2013.6694140,https://ieeexplore.ieee.org/document/6694140/,off-topic-false-hit,"Compressive sensing (CS) is a new method of sampling and compression which has great advantage over previous signal compression techniques. However, its compression ratio is relatively low compared with most of the current coding standards, which means a good quantization method is very important for CS. In this paper, a new method of non-uniform quantization is proposed based on the distribution of CS measurements and coefficients discarding. Firstly, the magnitude of CS measurements is estimated and the low probability measurements are discarded because of their high quantization error. It should be noted that the dropped measurements almost take no effect on the recovery quality because of the equal-weight property of CS samples. Then a nonlinear quantize function based on the distribution of sensed samples is proposed, by which those remained measurements are quantized. The experimental results show that the proposed method can obviously improve the quality of reconstructed image compared with previous methods in terms of the same sampling rate and different reconstruction algorithms.",ieee,llm,1.000,unreviewed,,doi:10.1109/apsipa.2013.6694140
discarded,Video plus depth compression for mobile 3D services,P. Merkle; Y. Wang; K. Muller; A. Smolic; T. Wiegand,2009,"2009 3DTV Conference: The True Vision - Capture, Transmission and Display of 3D Video",10.1109/3DTV.2009.5069650,https://ieeexplore.ieee.org/document/5069650/,off-topic-false-hit,"This paper presents a study on video plus depth compression using available MPEG standards and its optimization for mobile 3D services. Video plus depth enables 3D television, but as mobile services are subject to various limitations, including bandwidth, memory, and processing power, efficient compression as well as low complexity view synthesis is required. Two MPEG coding standards are applicable for video plus depth coding, namely MPEG-C Part 3 and H.264 Auxiliary Picture Syntax. These methods are evaluated with respect to the limitations of mobile services and the achievable quality for rendering the second stereo view from compressed video plus depth. In conclusion video plus depth is an interesting alternative to conventional stereo video for mobile 3D services. The results indicate that depth can be compressed at significantly lower bitrates than a secondary video, however at the expense of increased complexity for rendering the second view at the decoder.",ieee,llm,1.000,unreviewed,,doi:10.1109/3dtv.2009.5069650
discarded,Stereo video compression for mobile 3D services,P. Merkle; H. Brust; K. Dix; K. Muller; T. Wiegand,2009,"2009 3DTV Conference: The True Vision - Capture, Transmission and Display of 3D Video",10.1109/3DTV.2009.5069649,https://ieeexplore.ieee.org/document/5069649/,off-topic-false-hit,"This paper presents a study on different techniques for stereo video compression and its optimization for mobile 3D services. Stereo video enables 3D television, but as mobile services are subject to various limitations, including bandwidth, memory, and processing power, efficient compression is required. Three of the currently available MPEG coding standards are applicable for stereo video coding, namely H.264/AVC with and without stereo SEI message and H.264/MVC. These methods are evaluated with respect to the limitations of mobile services. The results clearly indicate that for a certain bitrate inter-view prediction as well as temporal prediction with hierarchical B pictures lead to a significantly increased subjective and objective quality. Although both techniques require more complex processing at the encoder side, their coding efficiency offers the chance to realize 3D stereo at the bitrate of conventional video for mobile services.",ieee,llm,1.000,unreviewed,,doi:10.1109/3dtv.2009.5069649
discarded,Zoom Motion Estimation Using Block-Based Fast Local Area Scaling,Hyo-Sung Kim; Jong-Hyeok Lee; Chang-Ki Kim; Byung-Gyu Kim,2012,IEEE Transactions on Circuits and Systems for Video Technology,10.1109/TCSVT.2012.2198137,https://ieeexplore.ieee.org/document/6196208/,off-topic-false-hit,"Block-based motion estimation (ME) has been widely used in various video coding standards due to its effectiveness in removing temporal redundancy. However, this traditional ME technique suffers the limitation that it can only compensate for a pure parallel translation between frames. Various algorithms have been proposed for estimating other motion models, such as zooming, rotating, tilting, and warping. In spite of good performance for these algorithms, they are not used in the current industrial world because of their high computational complexity and incompatibility with current block-based video coding standards that limit their practical usage. In this paper, we present a novel zoom motion estimation (ZME) and motion compensation algorithm using the local area scaling technique. To represent and encode the zoom motion, we introduce a zoom vector (ZV) that either increases or decreases a reference block size. The resized reference block is then interpolated to the size of the current block in order to perform block matching. For fast ZME, we have also designed a 3-D diamond pattern search to reduce the number of unnecessary search points for the ZV. We have integrated the proposed algorithm into H.264/AVC JM reference software. Experimental results show that an average bit-rate savings of 11.01% (up to 16.87%) can be achieved for high-definition size sequences with an average 0.20 dB gain in peak signal-to-noise ratio and a less than 10% time increment in the hierarchical B structure.",ieee,llm,1.000,unreviewed,,doi:10.1109/tcsvt.2012.2198137
discarded,BARR-C:2018 and MISRA C:2012: Synergy Between the Two Most Widely Used C Coding Standards,Roberto Bagnara; Michael Barr; Patricia M. Hill,2020,cs.PL,10.48550/arXiv.2003.06893,http://arxiv.org/abs/2003.06893v1,adjacent-subtopic,"The Barr Group's Embedded C Coding Standard (BARR-C:2018, which originates from the 2009 Netrino's Embedded C Coding Standard) is, for coding standards used by the embedded system industry, second only in popularity to MISRA C. However, the choice between MISRA C:2012 and BARR-C:2018 needs not be a hard decision since they are complementary in two quite different ways. On the one hand, BARR-C:2018 has removed all the incompatibilities with respect to MISRA C:2012 that were present in the previous edition (BARR-C:2013). As a result, disregarding programming style, BARR-C:2018 defines a subset of C that, while preventing a significant number of programming errors, is larger than the one defined by MISRA C:2012. On the other hand, concerning programming style, whereas MISRA C leaves this to individual organizations, BARR-C:2018 defines a programming style aimed primarily at minimizing programming errors. As a result, BARR-C:2018 can be seen as a first, dramatically useful step to C language subsetting that is suitable for all kinds of projects; critical projects can then evolve toward MISRA C:2012 compliance smoothly while maintaining the BARR-C programming style. In this paper, we introduce BARR-C:2018, we describe its relationship with MISRA C:2012, and we discuss the parallel and serial adoption of the two coding standards.",arxiv,llm,0.910,unreviewed,,doi:10.48550/arxiv.2003.06893
discarded,Sub-sampled Cross-component Prediction for Emerging Video Coding Standards,Junru Li; Meng Wang; Li Zhang; Shiqi Wang; Kai Zhang; Shanshe Wang; Siwei Ma; Wen Gao,2020,cs.MM,10.1109/TIP.2021.3104191,http://arxiv.org/abs/2012.15067v1,off-topic-false-hit,"Cross-component linear model (CCLM) prediction has been repeatedly proven to be effective in reducing the inter-channel redundancies in video compression. Essentially speaking, the linear model is identically trained by employing accessible luma and chroma reference samples at both encoder and decoder, elevating the level of operational complexity due to the least square regression or max-min based model parameter derivation. In this paper, we investigate the capability of the linear model in the context of sub-sampled based cross-component correlation mining, as a means of significantly releasing the operation burden and facilitating the hardware and software design for both encoder and decoder. In particular, the sub-sampling ratios and positions are elaborately designed by exploiting the spatial correlation and the inter-channel correlation. Extensive experiments verify that the proposed method is characterized by its simplicity in operation and robustness in terms of rate-distortion performance, leading to the adoption by Versatile Video Coding (VVC) standard and the third generation of Audio Video Coding Standard (AVS3).",arxiv,llm,1.000,unreviewed,,doi:10.1109/tip.2021.3104191
discarded,The MISRA C Coding Standard and its Role in the Development and Analysis of Safety- and Security-Critical Embedded Software,Roberto Bagnara; Abramo Bagnara; Patricia M. Hill,2018,cs.PL,10.48550/arXiv.1809.00821,http://arxiv.org/abs/1809.00821v1,adjacent-subtopic,"The MISRA project started in 1990 with the mission of providing world-leading best practice guidelines for the safe and secure application of both embedded control systems and standalone software. MISRA C is a coding standard defining a subset of the C language, initially targeted at the automotive sector, but now adopted across all industry sectors that develop C software in safety- and/or security-critical contexts. In this paper, we introduce MISRA C, its role in the development of critical software, especially in embedded systems, its relevance to industry safety standards, as well as the challenges of working with a general-purpose programming language standard that is written in natural language with a slow evolution over the last 40+ years. We also outline the role of static analysis in the automatic checking of compliance with respect to MISRA C, and the role of the MISRA C language subset in enabling a wider application of formal methods to industrial software written in C.",arxiv,llm,0.900,unreviewed,,doi:10.48550/arxiv.1809.00821
discarded,Automatically Generating Test Cases for Safety-Critical Software via Symbolic Execution,Elson Kurian; Daniela Briola; Pietro Braione; Giovanni Denaro,2022,cs.SE,10.48550/arXiv.2209.11138,http://arxiv.org/abs/2209.11138v1,adjacent-subtopic,"Automated test generation based on symbolic execution can be beneficial for systematically testing safety-critical software, to facilitate test engineers to pursue the strict testing requirements mandated by the certification standards, while controlling at the same time the costs of the testing process. At the same time, the development of safety-critical software is often constrained with programming languages or coding conventions that ban linguistic features which are believed to downgrade the safety of the programs, e.g., they do not allow dynamic memory allocation and variable-length arrays, limit the way in which loops are used, forbid recursion, and bound the complexity of control conditions. As a matter of facts, these linguistic features are also the main efficiency-blockers for the test generation approaches based on symbolic execution at the state of the art. This paper contributes new evidence of the effectiveness of generating test cases with symbolic execution for a significant class of industrial safety critical-systems. We specifically focus on Scade, a largely adopted model-based development language for safety-critical embedded software, and we report on a case study in which we exploited symbolic execution to automatically generate test cases for a set of safety-critical programs developed in Scade. To this end, we introduce a novel test generator that we developed in a recent industrial project on testing safety-critical railway software written in Scade, and we report on our experience of using this test generator for testing a set of Scade programs that belong to the development of an on-board signaling unit for high-speed rail. The results provide empirically evidence that symbolic execution is indeed a viable approach for generating high-quality test suites for the safety-critical programs considered in our case study.",arxiv,llm,0.900,unreviewed,,doi:10.48550/arxiv.2209.11138
discarded,An investigation on the effect of the near-fault earthquakes on the seismic behavior of RC Moment Resisting Frames (MRFs) designed based on Iranian seismic code (standard no. 2800),Mojtaba Harati; Ahmad Hojjati; Ataalh Modaraei,2019,physics.geo-ph,10.36478/jeasci.2016.274.283,http://arxiv.org/abs/1907.03234v2,off-topic-false-hit,"Past severe earthquakes, such as Bam earthquake of 2003 and Tabas earthquake of 1978, have demonstrated that many cities in Iran are prone to be struck by near-fault earthquakes. Such earthquakes are impulsive in nature, and therefore, they are more destructive than the ordinary ground shaking. In the fourth edition of Iranian seismic code (Standard No. 2800), some changes, including a modification factor for the elastic acceleration response spectrum (EARS) have been recently recommended to reflect the effects of such probable near-fault earthquakes for the designing procedure. In this study, a numbers of 2D RC moment resisting frames (MRFs), from four to twelve story buildings, are designed linearly based on Iranian National Building Code (INBC) and Standard No. 2800 as well. Subsequently, their nonlinear models are reproduced for conducting nonlinear dynamic time history (NDTH) analysis. For this purpose, twenty impulsive ground motions are selected and scaled to be compatible with the design basis earthquake (DBE) spectrum of the abovementioned code. It is concluded that the seismic performance of the analyzed structures are not satisfactory at all; no buildings are successful to satisfy the life safety (LS) performance level posed by guidelines such as ASCE41-06 or ASCE41-13. Moreover, it is worth mentioning that even collapse prevention (CP) limit states are not also met in some cases. Therefore, the recently added modifications in the Standard No. 2800 may be inadequate to incorporate the near-fault earthquakes' effects.",arxiv,llm,1.000,unreviewed,,doi:10.36478/jeasci.2016.274.283
discarded,Lightweight Super Resolution-enabled Coding Model for the JPEG Pleno Learning-based Point Cloud Coding Standard,André F. R. Guarda; Nuno M. M. Rodrigues; Fernando Pereira,2026,eess.IV,10.48550/arXiv.2602.00863,http://arxiv.org/abs/2602.00863v1,off-topic-false-hit,"While point cloud-based applications are gaining traction due to their ability to provide rich and immersive experiences, they critically need efficient coding solutions due to the large volume of data involved, often many millions of points per object. The JPEG Pleno Learning-based Point Cloud Coding standard, as the first learning-based coding standard for static point clouds, has set a foundational framework with very competitive compression performance regarding the relevant conventional and learning-based alternative point cloud coding solutions. This paper proposes a novel lightweight point cloud geometry coding model that significantly reduces the complexity of the standard, which is essential for the broad adoption of this coding standard, particularly in resource-constrained environments, while simultaneously achieving small average compression efficiency benefits. The novel coding model is based on the pioneering adoption of a compressed domain approach for the super-resolution model, in addition to a major reduction of the number of latent channels. A reduction of approximately 70% in the total number of model parameters is achieved while simultaneously offering slight average compression performance gains for the JPEG Pleno Point Cloud coding dataset.",arxiv,llm,0.990,unreviewed,,doi:10.48550/arxiv.2602.00863
