status,title,authors,year,venue,doi,url,tags,abstract,provider,decision_source,llm_confidence,llm_review_outcome,llm_change_direction,paper_id
discarded,The Limits of Inference Scaling Through Resampling,Benedikt Stroebl; Sayash Kapoor; Arvind Narayanan,2024,cs.LG,10.48550/arXiv.2411.17501,http://arxiv.org/abs/2411.17501v3,off-topic-false-hit,"Recent research has generated hope that inference scaling, such as resampling solutions until they pass verifiers like unit tests, could allow weaker models to match stronger ones. Beyond inference, this approach also enables training reasoning models, where data is curated using rejection sampling against a verifier. However, we show that this approach is fundamentally limited when verifiers are imperfect and have a non-zero probability of producing false positives. Resampling cannot decrease this probability, so it imposes an upper bound to the accuracy of resampling-based inference scaling, regardless of compute budget. Our analysis shows that there is a strong correlation between the model's single-sample accuracy and its false positive rate on HumanEval and MBPP, whose unit tests have limited coverage. Therefore, no amount of inference scaling of weaker models can enable them to match the single-sample accuracy of a sufficiently strong model. Empirical results show that optimal sampling attempts are often fewer than 10, as the negative utility of false positives outweighs benefits, bending inference scaling curves downward. Finally, false positives may have other undesirable qualities, like poor adherence to coding style conventions.",arxiv,llm,0.960,unreviewed,,doi:10.48550/arxiv.2411.17501
discarded,Code Refactoring with LLM: A Comprehensive Evaluation With Few-Shot Settings,Md. Raihan Tapader; Md. Mostafizer Rahman; Ariful Islam Shiplu; Md Faizul Ibne Amin; Yutaka Watanobe,2025,cs.SE,10.48550/arXiv.2511.21788,http://arxiv.org/abs/2511.21788v1,adjacent-subtopic,"In today's world, the focus of programmers has shifted from writing complex, error-prone code to prioritizing simple, clear, efficient, and sustainable code that makes programs easier to understand. Code refactoring plays a critical role in this transition by improving structural organization and optimizing performance. However, existing refactoring methods are limited in their ability to generalize across multiple programming languages and coding styles, as they often rely on manually crafted transformation rules. The objectives of this study are to (i) develop an Large Language Models (LLMs)-based framework capable of performing accurate and efficient code refactoring across multiple languages (C, C++, C#, Python, Java), (ii) investigate the impact of prompt engineering (Temperature, Different shot algorithm) and instruction fine-tuning on refactoring effectiveness, and (iii) evaluate the quality improvements (Compilability, Correctness, Distance, Similarity, Number of Lines, Token, Character, Cyclomatic Complexity) in refactored code through empirical metrics and human assessment. To accomplish these goals, we propose a fine-tuned prompt-engineering-based model combined with few-shot learning for multilingual code refactoring. Experimental results indicate that Java achieves the highest overall correctness up to 99.99% the 10-shot setting, records the highest average compilability of 94.78% compared to the original source code and maintains high similarity (Approx. 53-54%) and thus demonstrates a strong balance between structural modifications and semantic preservation. Python exhibits the lowest structural distance across all shots (Approx. 277-294) while achieving moderate similarity ( Approx. 44-48%) that indicates consistent and minimally disruptive refactoring.",arxiv,llm,0.860,unreviewed,,doi:10.48550/arxiv.2511.21788
discarded,MHRC-Bench: A Multilingual Hardware Repository-Level Code Completion benchmark,Qingyun Zou; Jiahao Cui; Nuo Chen; Bingsheng He; Weng-Fai Wong,2026,cs.PL,10.48550/arXiv.2601.03708,http://arxiv.org/abs/2601.03708v2,adjacent-subtopic,"Large language models (LLMs) have achieved strong performance on code completion tasks in general-purpose programming languages. However, existing repository-level code completion benchmarks focus almost exclusively on software code and largely overlook hardware description languages. In this work, we present \textbf{MHRC-Bench}, consisting of \textbf{MHRC-Bench-Train} and \textbf{MHRC-Bench-Eval}, the first benchmark designed for multilingual hardware code completion at the repository level. Our benchmark targets completion tasks and covers three major hardware design coding styles. Each completion target is annotated with code-structure-level and hardware-oriented semantic labels derived from concrete syntax tree analysis. We conduct a comprehensive evaluation of models on MHRC-Bench-Eval. Comprehensive evaluation results and analysis demonstrate the effectiveness of MHRC-Bench.",arxiv,llm,0.820,unreviewed,,doi:10.48550/arxiv.2601.03708
discarded,Learning Program Component Order,Steven P. Reiss; Qi Xin,2017,cs.SE,10.48550/arXiv.1707.06737,http://arxiv.org/abs/1707.06737v1,adjacent-subtopic,"Successful programs are written to be maintained. One aspect to this is that programmers order the components in the code files in a particular way. This is part of programming style. While the conventions for ordering are sometimes given as part of a style guideline, such guidelines are often incomplete and programmers tend to have their own more comprehensive orderings in mind. This paper defines a model for ordering program components and shows how this model can be learned from sample code. Such a model is a useful tool for a programming environment in that it can be used to find the proper location for inserting new components or for reordering files to better meet the needs of the programmer. The model is designed so that it can be fine- tuned by the programmer. The learning framework is evaluated both by looking at code with known style guidelines and by testing whether it inserts existing components into a file correctly.",arxiv,llm,0.910,unreviewed,,doi:10.48550/arxiv.1707.06737
discarded,A longitudinal study of static analysis warning evolution and the effects of PMD on software quality in Apache open source projects,"Trautsch, Alexander; Herbold, Steffen; Grabowski, Jens",2020,EMPIRICAL SOFTWARE ENGINEERING,10.1007/s10664-020-09880-1,https://www.webofscience.com/wos/woscc/full-record/WOS:000571711800001,adjacent-subtopic,"Automated static analysis tools (ASATs) have become a major part of the software development workflow. Acting on the generated warnings, i.e., changing the code indicated in the warning, should be part of, at latest, the code review phase. Despite this being a best practice in software development, there is still a lack of empirical research regarding the usage of ASATs in the wild. In this work, we want to study ASAT warning trends in software via the example of PMD as an ASAT and its usage in open source projects. We analyzed the commit history of 54 projects (with 112,266 commits in total), taking into account 193 PMD rules and 61 PMD releases. We investigate trends of ASAT warnings over up to 17 years for the selected study subjects regarding changes of warning types, short and long term impact of ASAT use, and changes in warning severities. We found that large global changes in ASAT warnings are mostly due to coding style changes regarding braces and naming conventions. We also found that, surprisingly, the influence of the presence of PMD in the build process of the project on warning removal trends for the number of warnings per lines of code is small and not statistically significant. Regardless, if we consider defect density as a proxy for external quality, we see a positive effect if PMD is present in the build configuration of our study subjects.",wos,llm,0.920,unreviewed,,doi:10.1007/s10664-020-09880-1
discarded,Exploring Violations of Programming Styles: Insights from Open Source Projects,"Yang, Chunyu; Liu, Yan; Yu, Jia",2018,PROCEEDINGS OF 2018 THE 2ND INTERNATIONAL CONFERENCE ON COMPUTER SCIENCE AND ARTIFICIAL INTELLIGENCE (CSAI 2018) / 2018 THE 10TH INTERNATIONAL CONFERENCE ON INFORMATION AND MULTIMEDIA TECHNOLOGY (ICIMT 2018),10.1145/3297156.3297227,https://www.webofscience.com/wos/woscc/full-record/WOS:000469786300035,adjacent-subtopic,"Software project is usually a huge cooperative teamwork, programmers in the project usually have to read the code written by others and understand its implementation. A uniform and clean programming style could ensure the readability and maintainability of the project source code, especially when it becomes a legacy project. However, each programmer has his own programming habit and because of the heavy developing tasks, the programming style of the software project is far from satisfactory. Programming style does not resemble software defects which has a serious effect on program executing. Therefore, many programmers ignore the programming style directly instead of improving it. Programming style should be checked before new features are merged into software projects, just like software testing. Developing with the size of software project, some special programming style rules are violated more seriously, which need be highly focused. Furthermore, one of ultimate targets in software quality engineering is to check the programming style automatically with analysis tools because the software projects usually have an enormous quantity of source code. In this paper, static source code analysis is used for detecting the programming style problems. The source file directly or the. class files generated by the compiler are scanned then the abstract syntax tree for the source code is generated. With the help of abstract syntax tree, it is possible to detect code snippets that violate the programming style rules by traverse the tree. Our method employs the static code analysis tools to analyze several Java open source projects, and find that the programming style problems which are violated most. According to our method, each problem is also explained from personal habits, JDK version, and other aspects later. Considering all of the analysis results, a special ruleset that is recommended to pay more attention to in the future software developing is proposed. At last, programming style should be highly valued in software development processes in further project management.",wos,llm,0.890,unreviewed,,doi:10.1145/3297156.3297227
discarded,Design Patterns for GNSS Software Receivers,"Fernandez-Prades, Carles; Aviles, Carlos; Esteve, Luis; Arribas, Javier; Closas, Pau",2010,2010 5TH ESA WORKSHOP ON SATELLITE NAVIGATION TECHNOLOGIES AND EUROPEAN WORKSHOP ON GNSS SIGNALS AND SIGNAL PROCESSING (NAVITEC),,https://www.webofscience.com/wos/woscc/full-record/WOS:000406948700003,adjacent-subtopic,"The aim of this paper is to provide guidelines for developing high-quality, well-written GNSS software receivers. The systematic application of software design patterns and programming methodologies speeds up the development process by providing tested, proven development paradigms, and improved code readability for coders, receiver architects, and users. This includes unit testing of all the modules, and the use of a code programming style stressing readability and language-specific conventions. All these good practices result in fewer bugs, reduce reinvention-of-the-wheel, and cut long-term maintenance costs. The paper provides an analysis of design patters, good coding practices, and methodologies for the design and implementation of GNSS software receivers, describing a working implementation released under the GNU General Public License.",wos,llm,0.860,unreviewed,,hash:6995668c8255eee7
discarded,Learning Software Engineering Principles Using Open Source Software,"Nandigam, Jagadeesh; Gudivada, Venkat N.; Hamou-Lhadj, Abdelwahab",2008,"FIE: 2008 IEEE FRONTIERS IN EDUCATION CONFERENCE, VOLS 1-3",,https://www.webofscience.com/wos/woscc/full-record/WOS:000271669200368,adjacent-subtopic,"Traditional lectures espousing software engineering principles hardly engage students' attention due to the fact that students often view software engineering principles as mere academic concepts without a clear understanding of how they can be used in practice. Some of the issues that contribute to this perception include lack of experience in-writing and understanding large programs, and lack of opportunities for inspecting and maintaining code written by others. To address these issues, we have worked on a project whose overarching goal is to teach students a subset of basic software engineering principles using source code exploration as the primary mechanism. We attempted to espouse the following software engineering principles and concepts: role of coding conventions and coding style, programming by intention to develop readable and maintainable code, assessing code quality using software metrics, refactoring, and reverse engineering to recover design elements. Student teams have examined the following open source Java code bases: ImageJ, Apache Derby, Apache Lucene, Hibernate, and JUnit. We have used Eclipse IDE and relevant plug-ins in this project.",wos,llm,0.830,unreviewed,,hash:80ad3371a1a5719d
discarded,Continuous Software Quality Supervision Using SourceInventory and Columbus,"Bakota, Tibor; Beszedes, Arpad; Ferenc, Rudolf; Gyimothy, Tibor",2008,ICSE'08 PROCEEDINGS OF THE THIRTIETH INTERNATIONAL CONFERENCE ON SOFTWARE ENGINEERING,,https://www.webofscience.com/wos/woscc/full-record/WOS:000266158500119,adjacent-subtopic,"Several tools and methods for source code quality assurance based on static analysis finally reached a state when they are applicable in practice and recognized by the industry. However, most of these tools are used in an isolated manner and very rarely as organic parts of the quality assurance process. Furthermore, little or no help is provided in interpreting the outputs of these tools. This paper presents SourceInventory, a system for source code-based software quality assessment and monitoring, which is able to collect, store and present measurement data including metrics, coding problems and other kinds of data like bug numbers and test coverage information. It helps software developers, architects and managers to take control over their software's quality by performing continuous code scans, fault detection, coding style verification, architecture violation detection, and automatic report generation considering metric baselines.",wos,llm,0.900,unreviewed,,hash:5774868173771c08
discarded,Cjj: a subset of C++ compliant with Java,"Tonella, P; Potrich, A",2002,SCIENCE OF COMPUTER PROGRAMMING,,https://www.webofscience.com/wos/woscc/full-record/WOS:000173230100003,adjacent-subtopic,"The C++ programming language offers a wide range of coding alternatives to programmers. Some language characteristics inherited from C are potential sources of problems during the evolution of a system. Global variables, arbitrary branches, pointers, memory management instructions and macro directives are examples of them. The resulting code may be difficult to understand, maintain and test, if such language features are used without proper discipline. The Java language was designed with the explicit goal of excluding all troublesome features that can be found in C++, by disregarding some of them (e.g., globals), and disciplining other ones (e.g., pointers). For several companies the migration to Java is not strategically feasible. Nevertheless, the adoption of its philosophy within C++ code could help improve the quality of the software. In this paper a subset of C++, named Cjj, is defined which is compliant with Java, in that it enforces a Java-like programming style, while forbidding all C++ constructs that are in contrast with it. A tool for the verification of the compliance of an input source with Q was developed. It verifies if any of the constraints defining Cjj is violated. (C) 2,002 Elsevier Science B.V. All rights reserved.",wos,llm,0.880,unreviewed,,hash:3ce63f464fb72d6c
discarded,Learning Developer-Code Contribution Relationship to Improve Code Readability Assessment,Mi Q.,2026,Journal of Software Evolution and Process,10.1002/smr.70168,https://www.scopus.com/inward/record.uri?partnerID=HzOxMe3b&scp=105048687702&origin=inward,adjacent-subtopic,,scopus,llm,0.690,unreviewed,,doi:10.1002/smr.70168
discarded,Detecting code paraphrased by large language models using coding style features,Park S.,2025,Engineering Applications of Artificial Intelligence,10.1016/j.engappai.2025.112454,https://www.scopus.com/inward/record.uri?partnerID=HzOxMe3b&scp=105017234465&origin=inward,adjacent-subtopic,,scopus,llm,0.880,unreviewed,,doi:10.1016/j.engappai.2025.112454
discarded,Safety and Risk Pathways in Cooperative Generative Multi-Agent Systems: A Telecom Perspective,Nezami Z.,2025,Open and AI Ran 2025 Proceedings of the 2025 2nd ACM Workshop on Open and AI Ran Part of Mobicom 2025,10.1145/3737900.3770174,https://www.scopus.com/inward/record.uri?partnerID=HzOxMe3b&scp=105025571863&origin=inward,off-topic-false-hit,,scopus,llm,0.900,unreviewed,,doi:10.1145/3737900.3770174
discarded,ABC: Towards a Universal Code Styler through Model Merging,Chen Y.,2025,Proceedings of the ACM on Programming Languages,10.1145/3763104,https://www.scopus.com/inward/record.uri?partnerID=HzOxMe3b&scp=105018672591&origin=inward,adjacent-subtopic,,scopus,llm,0.790,unreviewed,,doi:10.1145/3763104
discarded,Adoption and Evolution of Code Style and Best Programming Practices in Open-Source Projects,Kupari A.,2025,Proceedings 2025 IEEE International Conference on Software Maintenance and Evolution Icsme 2025,10.1109/ICSME64153.2025.00026,https://www.scopus.com/inward/record.uri?partnerID=HzOxMe3b&scp=105022512704&origin=inward,adjacent-subtopic,,scopus,llm,0.780,unreviewed,,doi:10.1109/icsme64153.2025.00026
discarded,RTLBench: A Multi-Dimensional Benchmark Suite for Evaluating LLM-Generated RTL Code,Fang Z.,2025,Proceedings IEEE International Conference on Computer Design VLSI in Computers and Processors,10.1109/ICCD65941.2025.00087,https://www.scopus.com/inward/record.uri?partnerID=HzOxMe3b&scp=105032514079&origin=inward,adjacent-subtopic,,scopus,llm,0.760,unreviewed,,doi:10.1109/iccd65941.2025.00087
discarded,Teaching Well-Structured Code: A Literature Review of Instructional Approaches,Nurollahian S.,2025,Software Engineering Education Conference Proceedings,10.1109/CSEET66350.2025.00027,https://www.scopus.com/inward/record.uri?partnerID=HzOxMe3b&scp=105008499072&origin=inward,adjacent-subtopic,,scopus,llm,0.760,unreviewed,,doi:10.1109/cseet66350.2025.00027
discarded,Duetcs: Code Style Transfer through Generation and Retrieval,Chen B.,2023,Proceedings International Conference on Software Engineering,10.1109/ICSE48619.2023.00198,https://www.scopus.com/inward/record.uri?partnerID=HzOxMe3b&scp=85171738729&origin=inward,adjacent-subtopic,,scopus,llm,0.820,unreviewed,,doi:10.1109/icse48619.2023.00198
discarded,An Empirical Study of Coding Style Compliance on Stack Overflow,Mi Q.,2023,Proceedings of the International Conference on Software Engineering and Knowledge Engineering Seke,10.18293/SEKE2023-125,https://www.scopus.com/inward/record.uri?partnerID=HzOxMe3b&scp=85170081657&origin=inward,adjacent-subtopic,,scopus,llm,0.840,unreviewed,,doi:10.18293/seke2023-125
discarded,Tools to assist large scale introductory programming courses,Luukkainen R.,2023,Ceur Workshop Proceedings,,https://www.scopus.com/inward/record.uri?partnerID=HzOxMe3b&scp=85175811205&origin=inward,off-topic-false-hit,,scopus,llm,0.790,unreviewed,,hash:616f9b261fa1ef3f
discarded,Understanding automated code review process and developer experience in industry,Kim H.,2022,Esec Fse 2022 Proceedings of the 30th ACM Joint Meeting European Software Engineering Conference and Symposium on the Foundations of Software Engineering,10.1145/3540250.3558950,https://www.scopus.com/inward/record.uri?partnerID=HzOxMe3b&scp=85143074334&origin=inward,adjacent-subtopic,,scopus,llm,0.820,unreviewed,,doi:10.1145/3540250.3558950
discarded,Does code quality affect pull request acceptance? An empirical study,Lenarduzzi V.,2021,Journal of Systems and Software,10.1016/j.jss.2020.110806,https://www.scopus.com/inward/record.uri?partnerID=HzOxMe3b&scp=85090024069&origin=inward,adjacent-subtopic,,scopus,llm,0.920,unreviewed,,doi:10.1016/j.jss.2020.110806
discarded,Do Comments follow Commenting Conventions? A Case Study in Java and Python,Rani P.,2021,Proceedings IEEE 21st International Working Conference on Source Code Analysis and Manipulation Scam 2021,10.1109/SCAM52516.2021.00028,https://www.scopus.com/inward/record.uri?partnerID=HzOxMe3b&scp=85123310892&origin=inward,adjacent-subtopic,,scopus,llm,0.860,unreviewed,,doi:10.1109/scam52516.2021.00028
discarded,Software Identifier Naming Conventions & Dictionary,Sohacheski D.B.,2021,Wseas Transactions on Computer Research,10.37394/232018.2021.9.4,https://www.scopus.com/inward/record.uri?partnerID=HzOxMe3b&scp=85149843173&origin=inward,adjacent-subtopic,,scopus,llm,0.800,unreviewed,,doi:10.37394/232018.2021.9.4
discarded,What Do Developers Discuss about Code Comments?,Rani P.,2021,Proceedings IEEE 21st International Working Conference on Source Code Analysis and Manipulation Scam 2021,10.1109/SCAM52516.2021.00027,https://www.scopus.com/inward/record.uri?partnerID=HzOxMe3b&scp=85123295307&origin=inward,adjacent-subtopic,,scopus,llm,0.830,unreviewed,,doi:10.1109/scam52516.2021.00027
