status,title,authors,year,venue,doi,url,tags,abstract,provider,decision_source,llm_confidence,llm_review_outcome,llm_change_direction
kept,"Ohjelma-animaatioiden luominen, mukauttaminen ja jakelu",Teemu Sirkiä,2017,Aaltodoc (Aalto University),,https://openalex.org/W7155121041,supports-claim,"Modern web technologies have enabled new ways of producing interactive learning content. This content can be embedded into course materials on the web. Still the process to produce and distribute online activities is challenging for instructors. In this thesis, we introduce three new systems to support the process of producing learning content, distributing it, and letting instructors customize the content to their particular teaching goals and contexts. More specifically, we explore the topic in the domain of computer science education. We use program animations as a central theme. In addition to describing the technical aspects, we report preliminary results from CS1 courses which have used these systems to provide interactive content for learners. The first part of the thesis presents the Jsvee library for creating program animations which gives a visual representation of a notional machine and shows how the program state changes when a program is executed step-by-step. Animations are aimed at novice programmers who are learning the execution model. The library supports expression-level visualization, and because of its extensibility, it can support programming language specific visualizations. In addition to the technical discussion, we present preliminary results how learners in two different CS1 courses used the animations made with Jsvee. We use automatically collected log files as a primary data source to analyze the usage. Although learners did not receive any points, over 80% of novices voluntary viewed animations throughout the CS1 course which tightly integrated over 50 animations with other course materials. The second part introduces Acos server for hosting and distributing reusable online learning content. We describe a new way to reduce the workload of developers by separating the content and the required communication between the content and learning management systems (LMS). Acos acts as a proxy which provides a uniform interface for the content but can use different interoperability protocols to communicate with the LMSs. In this way, the same content can be used with multiple LMSs, and the developer does not have to know which interoperability protocol is in use between Acos and the LMS. Acos has been successfully used to provide interactive content for CS1 courses, and the initial feedback from developers is promising. The third part presents the Kelmu toolkit to tailor existing interactive animations. The animations are typically generic and often automatically produced. By using Kelmu, instructors can add, for example, textual explanations on top of the original animation to emphasize the integral parts of the animation and give explanations which are important in the instructor's pedagogical context. This kind of signaling is supported by multimedia learning principles to enhance learning. Log data and eye-tracking traces give preliminary results that learners read annotations and pay more attention when annotations are present.",openalex,llm,0.970,unreviewed,
discarded,Identifying SQL misconceptions of novices,Daphne Miedema; Efthimia Aivaloglou; George Fletcher,2022,ACM Inroads,10.1145/3514214,https://openalex.org/W4212995739,adjacent-subtopic,"H ave you ever struggled with writing a SQL query to retrieve data? Students certainly do. In this paper we set out to investigate why this is the case. The first step to making less mistakes, is to find the underlying reasons why these mistakes are made. Through a think-aloud study with 21 students we identified various SQL errors; and from these deduced 14 SQL misconceptions.",openalex,llm,0.950,unreviewed,
discarded,Pedagogical Approaches to Teaching Neurodiverse Populations in Introductory Courses in Computer Science,Hia Ghosh,2023,,10.1145/3568812.3603461,https://openalex.org/W4386718948,adjacent-subtopic,"In many instances, Computer Science curricula have under-served diverse learning needs. Here, we present literature identifying the gaps in knowledge in current pedagogical practices and the need to address neurodiversity in our classrooms. We explore how Universal Design is currently being implemented in Computer Science and ask how a neuro-inclusive undergraduate curriculum can be defined. We outline the stages of exploration and intervention and aim to set up a framework to identify instructional-practice grounded in universal design and lesson-specific adjustments that improve accessibility and provide more inclusive spaces in computing education.",openalex,llm,0.890,unreviewed,
kept,Understanding loops: What are the misconceptions of lower-secondary pupils?,Jiří Vaníček; Václav Dobiáš; Václav Šimandl,2022,Informatics in Education,10.15388/infedu.2023.20,https://openalex.org/W4309703394,supports-claim,"The article describes a study carried out on pupils aged 12-13 with no prior programming experience. The study examined how they learn to use loops with a fixed number of repetitions. Pupils were given a set of programming tasks to solve, without any preparatory or accompanying instruction or explanation, in a block-based visual programming environment. Pupils’ programs were analyzed to identify possible misconceptions and factors influencing them. Four misconceptions involving comprehension of the loop concept and repeat command were detected. Some of these misconceptions were found to have an impact on a pupil’s need to ask the computer to check the correctness of his/her program. Some of the changes made to tasks had an impact on the frequency of these misconceptions and could be the factors influencing them. Teachers and course book writers will be able to use the results of our research to create an appropriate curriculum. This will enable pupils to acquire and subsequently deal with misconceptions that could prevent the correct understanding of created concepts.",openalex,llm,0.960,unreviewed,
kept,Teaching in first-year ICT education in Australia: research and practice,Michael J. Morgan; Judy Sheard; Matthew Butler; Katrina Falkner; Norma P. Simon; Amali Weerasinghe,2015,NOVA (University of Newcastle Australia),,https://openalex.org/W2294088171,systematic-review,"This paper details current research and teaching practice for first-year Information and Communications Technology (ICT) students at Australian universities. The project aims to record and disseminate good practice in first-year ICT teaching in Australia. The aim of the paper is to examine how academics are addressing the challenge of engaging first-year ICT students in the learning process. Two sources of data are used, a systematic survey of research literature from the last five years and detailed interviews of 30 academics involved in first-year teaching duties. Academics from 25 Australian universities represented a range of universities, including six from the Go8 group, and five from the IRU group. The paper highlights current areas of research, any gaps in the research literature, examples of current good teaching practices, and recommendations for further research.",openalex,llm,0.910,unreviewed,
discarded,Novice programmer errors : analysis and diagnostics,Davin McCall,2016,Kent Academic Repository (University of Kent),,https://openalex.org/W2625849667,adjacent-subtopic,"All programmers make errors when writing program code, and for novices the difficulty of repairing errors can be frustrating and demoralising. It is widely recognised that compiler error diagnostics can be inaccurate, imprecise, or otherwise difficult for novices to comprehend, and many approaches to mitigating the difficulty of dealing with errors are centered around the production of diagnostic messages with improved accuracy and precision, and revised wording considered more suitable for novices. These efforts have shown limited success, partially due to uncertainty surrounding the types of error that students actually have the most difficulty with - which has most commonly been assessed by categorising them according to the diagnostic message already produced - and a traditional approach to the error diagnosis process which has known limitations. In this thesis we detail a systematic and thorough approach both to analysing which errors that are most problematic for students, and to automated diagnosis of errors. We detail a methodology for developing a category schema for errors and for classifying individual errors in student programs according to such a schema. We show that this classification results in a different picture of the distribution of error types when compared to a classification according to diagnostic messages. We formally define the severity of an error type as a product of its frequency and difficulty, and by using repair time as an indicator of difficulty we show that error types rank differently via severity than they do by frequency alone. Having developed a ranking of errors according to severity, we then investigate the contextual information within source code that experienced programmers can use to more accurately and precisely classify errors than compiler tools typically do. We show that, for a number of more severe errors, these techniques can be applied in an automated tool to provide better diagnostics than are provided by traditional compilers.",openalex,llm,0.860,unreviewed,
kept,Computing Education: An Overview of Research in the Field,Tom Crick,2017,Cronfa (Swansea University),,https://openalex.org/W2889208948,systematic-review,,openalex,llm,0.750,unreviewed,
discarded,On Things that Matter in Learning Programming: Towards a Scale for New Programming Students,Hannu Pesonen; Arto Hellas,2022,2022 IEEE Frontiers in Education Conference (FIE),10.1109/fie56618.2022.9962572,https://openalex.org/W4310354508,adjacent-subtopic,"Full research paper—In this paper, we report on the development of a succinct and easy-to-administer 11-item scale that quantifies students’ self-efficacy, social aspect, independence, and meaning of studies, with a focus on introductory programming studies. The scale has been constructed using exploratory factor analysis of survey response data collected from students attending introductory programming courses offered by two universities. We evaluate the scale by using it to examine differences between university contexts, and assess to what extent the scale relates to students’ perceived impact of the COVID-19 pandemic on studies, prior programming experience, self-assessed competence, and seeking help. Our evaluation of the scale suggests that social aspect was correlated with being more strongly influenced by the COVID-19 pandemic, while the perceived ability to work independently was correlated with reduced influence of the COVID-19 pandemic. Prior programming experience was positively correlated with self-perceived ability to work independently and with self-efficacy. Similarly, self-estimated competence was positively correlated with self-efficacy. Finally, social aspect and meaning of studies were positively correlated with help-seeking. Our evaluations show that the scale holds promise as a new tool for researchers and practitioners seeking to improve understanding of their study contexts.",openalex,llm,0.880,unreviewed,
discarded,Computing Education Research in the UK & Ireland,Brett A. Becker; Steven Bradley; Joseph Maguire; Michaela Black; Tom Crick; Mohammed Saqr; Sue Sentance; Keith Quille,2023,"Past, Present and Future of Computing Education Research",10.1007/978-3-031-25336-2_19,https://openalex.org/W4366150866,adjacent-subtopic,,openalex,llm,0.560,unreviewed,
discarded,Conceptualizing the Researcher-Theory Relation,Josh Tenenberg,2022,ACM Transactions on Computing Education,10.1145/3570730,https://openalex.org/W4308391867,adjacent-subtopic,"In this article, I interrogate the relation between a researcher and the theories that the researcher gets involved with. I use my own trajectory as a computing education researcher as a way to make visible how different conceptions of this relation are shaped through prior encounters with different theories in the human sciences, particularly theories of mind, language, and knowledge. While modernist theories stemming from the Enlightenment that presuppose a disengaged researcher have predominated in CS and CER, theories of mind, language, and knowledge associated with pragmatist and phenomenological philosophical perspectives from the 20th Century challenge these modernist views. Under these newer theoretical perspectives, the researcher is always already involved with theory, even if such theory has withdrawn into the unnoticed background, a background that gives every research study its intelligibility. Recognizing that all researchers are caught in the grip of theory may help in both abandoning theories that no longer serve and staying open to adopt new and emergent theories.",openalex,llm,0.970,unreviewed,
discarded,Teaching and Learning Concurrent Programming in the Shared Memory Model,Filip Strömbäck,2023,Linköping studies in science and technology. Dissertations,10.3384/9789180750011,https://openalex.org/W4318573504,adjacent-subtopic,"The performance of computational devices is steadily increasing. Recently, the main contributor to the increasing performance has been an increasing number of cores rather than increased performance for individual cores. This trend is not only visible in high-end de-vices, such as powerful workstations, but also in low-end devices such as smartphones and many embedded devices. Due to this trend, and to the ubiquity of multicore systems, it is increasingly important for computer science students to have at least some familiarity with working with concurrent programs, as they are likely to encounter such programs in some shape or form in their future professional careers. In this thesis, we use the term concurrent programming to emphasize the focus on concurrency in a programming context, as opposed to concurrency in isolation. Prior work has shown that students struggle with learning concurrent programming. This is not surprising in and of itself, as concurrency is generally considered to be a diﬀicult topic. To help students learn concurrent programming, it is important to consider why they find the topic diﬀicult. As such, the first part of this thesis aims to gain better insights into these diﬀiculties. This is done partly by studying prior work in the literature and partly by conducting new research. The results show that the struggles are not only due to the diﬀiculty involved in understanding the new concepts related to concurrency. Rather, a large portion of students’ struggles can be attributed to the fact that the non-determinism in concurrent programs requires a more formal approach to programming. The transition from an informal approach, where students are able to rely on ad-hoc testing, to a more formal approach is diﬀicult in and of itself, but it also highlights problems in students’ understanding of fundamental programming skills. For example, without a detailed enough understanding of scope, aliasing and references it is diﬀicult to reason about what data is shared between threads. In light of these results, the remainder of this thesis describes ways of helping students learn concurrent programming. This is achieved by developing a program visualization tool, called Progvis, which is capable of visualizing the behavior of concurrent programs written in the C language. Progvis is unique in the sense that it focuses not only on concurrency, but also illustrates how concurrency interacts with the fundamental concepts that were found to be problematic. As such, it is able to give students a complete and accurate picture of the visualized program’s behavior. To further help students, Progvis also includes a model-checker that can automatically find concurrency issues, thereby helping students to easily see whether their reasoning about the program’s behavior was correct or not. The results suggest that the visualizations generated by Progvis have the potential to help students learn concurrent programming. A small pilot study showed that students who used Progvis were able to solve concurrency problems faster and arrived at better solutions compared to students who only used traditional tools. To evaluate long-term effects on learning, Progvis was also integrated into a course on concurrency and operating systems. Comparing the students’ performance on the final exam showed that the students who had used Progvis were more likely to correctly associate their synchronization with the associated data compared to students who had not used Progvis during the course. Even though no significant increase was observed in students’ overall performance, these results suggest that using Progvis does indeed have a positive impact on students’ learning.",openalex,llm,0.910,unreviewed,
discarded,IMMERSIVE TECHNOLOGIES APPLIED TO COMPUTER PROGRAMMING TEACHING:,Luciano Bernardes de Paula; Eryka Augusto; Luis Fernando Pacheco Pereira; Diego Andrade de Jesus; Francisco Hudson Coelho Frota,2021,Journal on Innovation and Sustainability RISUS,10.23925/2179-3565.2021v12i3p127-137,https://openalex.org/W3216756213,adjacent-subtopic,"One of the first challenges for the students that begin to study the computing field is to learn how to program a computer. Nowadays, digital immersive environments are being used in Education with positive results. This paper presents a systematic literature review about the usage of immersive environments (VR or AR) in the teaching and learning of logic and/or computer programming. This paper presents the bases of scientific papers used to search the literature, the results and an analysis of the papers found.",openalex,llm,0.830,unreviewed,
kept,Effect of active learning using program visualization in technology-constrained college classrooms,Gargi Banerjee; Sahana Murthy; Sridhar Iyer,2015,Research and Practice in Technology Enhanced Learning,10.1186/s41039-015-0014-0,https://openalex.org/W1708073125,supports-claim,"Multiple studies report that Computer Science (CS) instructors face problems on how to integrate visualizations in their teaching. This problem gets compounded for instructors in technology-constrained classrooms that are common in developing countries. In these classrooms, students are not able to interact with visualization directly; instead, their interaction is mediated by the instructor who alone may have access to the visualization. In the current study, we contrasted learning outcome from integrating program visualization at two different engagement levels in instructor-mediated classroom setting. The two levels were ""Responding"" (prediction activity with visualization) and ""Viewing"" (watching visualization with instructor commentary) as per Naps' taxonomy. The study was conducted for a programming topic of medium complexity. We found the strategy of prediction with visualization (""Responding"") led to statistically significant higher active behavioral engagement and higher perception of learning among students than the strategy of watching the visualization with instructor commentary (""Viewing""). We also found statistically significant higher cognitive achievement in terms of the rate of problem solving for the ""Responding"" group, if the students had prior training in active learning. This study can serve as a reference guide to design effective integration of visualizations in instructor-mediated classrooms.",openalex,llm,0.740,unreviewed,
discarded,A Preliminary Report of Integrating Science and Computing Teaching Using Logic Programming,Yuanlin Zhang; Jianlan Wang; Fox Bolduc; William G. Murray; Wendy Staffen,2019,Proceedings of the AAAI Conference on Artificial Intelligence,10.1609/aaai.v33i01.33019737,https://openalex.org/W2966456721,adjacent-subtopic,"This paper presents a framework to integrate Science and Computing teaching using Logic Programming. We developed two modules: one for chemistry and the other for chemistry and physics. They are implemented in an elective course for 8th graders. Through clinical interviews, video taped class observations, exit interviews and our own experiences with the class, Logic Programming based approach is accessible to the students.",openalex,llm,0.870,unreviewed,
