status,title,authors,year,venue,doi,url,tags,abstract,provider,decision_source,llm_confidence,llm_review_outcome,llm_change_direction
discarded,Tracing the Origins of Human Disease: A Phylogenomic Toolkit for Identifying Evolutionary Trade-Offs,"Strizzi, Camillo Tancredi; Natterson-Horowitz, B.",2026,AMERICAN JOURNAL OF HUMAN BIOLOGY,10.1002/ajhb.70287,https://www.webofscience.com/wos/woscc/full-record/WOS:001786414700001,off-topic-false-hit,"Evolutionary trade-offs, in which adaptations that confer fitness advantages simultaneously create disease vulnerabilities, are widely recognized across human biology. Such trade-offs have traditionally been identified through forward reasoning: investigators with deep knowledge of a particular disease recognize that an associated gene or pathway also serves an adaptive function and propose a trade-off hypothesis on this basis. While productive, this approach is opportunistic and disease-specific. No systematic method exists for working in reverse: starting from a disease and tracing its genetic underpinnings to the adaptive biology under historical selection. Here we present a six-step integrative toolkit for identifying disease-specific evolutionary trade-offs. The toolkit proceeds from (1) curating disease-associated gene sets using publicly available genomic platforms, through (2) profiling expression and pathway involvement, (3) identifying statistically enriched biological processes, (4) mapping genes to their evolutionary origins via phylostratigraphy, (5) linking gene emergence to macroevolutionary innovations, to (6) formulating testable trade-off hypotheses with experimental readouts. We discuss the toolkit's strengths and limitations, including conditions under which it is most and least informative, its relationship to developmental and life-history trade-offs, and the caveats inherent in phylostratigraphic dating and database composition. A cross-domain catalog of established trade-offs illustrates the breadth of trade-off biology across human disease. To demonstrate the toolkit in practice, we apply it to atherosclerosis, showing that its disease-susceptibility gene set is enriched in a lipid-immune integration program whose phylostratigraphic distribution converges temporally with the independently dated origin of the vertebrate endothelium (similar to 540-510 MYA). By connecting present-day disease susceptibilities to historical adaptive benefits through an accessible, reproducible pipeline, this toolkit offers a practical method for human biologists investigating the evolutionary origins of disease vulnerability.",wos,llm,1.000,unreviewed,
kept,Block Tests,"Guan, Kevin; Jiang, Pengyue; Gligoric, Milos; Legunsen, Owolabi",2026,PROCEEDINGS OF THE ACM ON PROGRAMMING LANGUAGES-PACMPL,10.1145/3798274,https://www.webofscience.com/wos/woscc/full-record/WOS:001785357500001,qualifies-claim,"Inline tests validate single program statements and were shown to find single-statement bugs or kill mutants I that unit tests miss. Inline tests complement unit tests by enabling testing at a finer program granularity level I than methods. So, inline tests can more easily find faults in target statements that uni tests do not reach, or I where errors do not propagate to unit tests' oracles. But, the limitation to single statements means inline tests I cannot validate data or control flow across code fragments sequences of multiple statements in a method.<br /> We motivate the need for testing arbitrary fragments and propose block tests, which generalize inline tests and validate code fragments. To motivate, we discuss six software testing needs (e.g., due to increasing usage of lambdas in imperative code) for which unit tests are too coarse grained and inline tests are too fine grained. To bridge this gap, we propose syntax and semantics for specifying inputs, expected outputs, and scope of block tests. We also implement a block-test development kit (BDK) for writing and running block tests in Java.<br /> We evaluate block tests and BDK in two ways. First, we write 1,012 block tests for 346 fragments in 146 open-source projects. Developer written unit tests do not cover 58.7% of these fragments, and automated unit-test generation does not reach 46% of them even after 30.8 CPU days. But, each block test takes us 2.2 minutes to write and 0.9 seconds to run on average. Second, we use mutation testing to evaluate the fault-finding effectiveness of block tests in fragments that unit tests cover. Block tests kill 4,418 of 9,554 mutants that survived unit tests. These results provide initial but strong evidence on block tests' feasibility and utility. We outline an agenda for future research on block testing.",wos,llm,0.780,unreviewed,
discarded,From locker rooms to change rooms: The Beardy's Blackhawks and transformative hockey spaces,"Koch, Jordan; Henry, Robert; McKegney, Sam",2026,INTERNATIONAL REVIEW FOR THE SOCIOLOGY OF SPORT,10.1177/10126902261453617,https://www.webofscience.com/wos/woscc/full-record/WOS:001785473000001,off-topic-false-hit,"Ice hockey occupies a central place in Canadian popular culture and national mythology, routinely invoked as ""Canada's game"" and as a formative site for producing disciplined and socially valued citizens. At the same time, the sport has been widely critiqued for reproducing racialized exclusion, settler colonial power relations, and other forms of social harm. This article examines the intersections of sport, settler colonialism, and reconciliation through diverse engagements with ice hockey, focusing on the Beardy's Blackhawks, a U18 AAA boys' team based in the Beardy's and Okemasis Willow Cree First Nation in central Saskatchewan. For more than 25 years, the Blackhawks provided Indigenous and settler youth access to elite-level hockey within a culturally grounded First Nations context. Drawing on a year-long ethnographic study, including interviews with Indigenous (First Nations and M & eacute;tis) and settler players, the article traces how a sport historically used as a tool of cultural assimilation in residential schools has been reworked as a site of cultural affirmation, relationship-building, and intercultural exchange. We demonstrate that participation in the Blackhawks fostered community rooted in First Nation values while also prompting settler players to confront and unlearn racialized assumptions. While highlighting hockey's potential to support reconciliatory relationships, the article also underscores the fragility of such spaces, evidenced by the program's eventual dissolution and the loss of a rare high-performance pathway for Indigenous youth living on reserve.",wos,llm,1.000,unreviewed,
discarded,From Insecticide to Vaccination?: The History of Japanese Encephalitis Research and Control in South Korea,"Cho, Heesoo; Jeong, Dahye",2026,KOREAN JOURNAL OF MEDICAL HISTORY,10.13081/kjmh.2026.35.113,https://www.webofscience.com/wos/woscc/full-record/WOS:001781467100004,off-topic-false-hit,"This article examines the history of Japanese encephalitis (JE) research and disease control in South Korea from the post-liberation era through the 1990s, focusing on the gap between the accumulation of scientific knowledge and its translation into effective public health policy. Drawing on epidemiological reports, government documents, medical journals, and newspaper sources, this study analyzes three interconnected dimensions of Korea's JE history. First, it traces how knowledge about JE was produced through transnational networks-including U.S. military medical laboratories, the World Health Organization's malaria eradication program, and Korean scientists trained abroad. As such, this body of knowledge was externally structured, rather than through an independent domestic research infrastructure, and thus it failed to translate consistently into government prevention policy. Second, this study examines how DDT-centered vector control became the principal instrument of JE prevention, and how the repeated limitations of insecticide-based interventions helped produce a discourse that attributed outbreaks to rural backwardness. This narrative deflected attention from the structural deficiencies of the prevention system itself. Finally, this study shows that vaccination-long anticipated as the solution to JE- also faced its own institutional obstacles. The failure to secure adequate funding, the privatization of vaccine production, the shift to fee-based individual vaccination, and the absence of mandatory vaccination requirements collectively delayed stable preventive coverage until the mid-1980s, when rising vaccination rates finally produced a sustained decline in JE incidence. Taken together, this history demonstrates that the management of JE in modern Korea was shaped less by the availability of scientific knowledge or biomedical technology than by the presence or absence of the institutional foundations necessary to operationalize it.",wos,llm,0.990,unreviewed,
discarded,Sysalign: protect system calls via semantic alignment of critical paths and syscall sequences,"Qi, Yinhao; Zhang, Chen; Han, Xinghu; Yang, Xiaobo; Tian, Tian; Jiang, Bo; Lu, Zhigang",2026,CYBERSECURITY,10.1186/s42400-026-00595-2,https://www.webofscience.com/wos/woscc/full-record/WOS:001777589500001,off-topic-false-hit,"System call security is crucial for host-based intrusion detection, as security-sensitive system calls (e.g., execve, mprotect) play a vital role in completing attacks. However, existing defense methods face significant limitations. Static analysis and system call filtering cannot prevent the malicious use of necessary syscalls, while runtime methods based on control-flow, syscall sequences, or parameter integrity are vulnerable to sophisticated attacks, such as data-only attacks, that mimic benign execution patterns. In this paper, we propose a novel contrastive learning framework, SysAlign, for system call security that ensures the semantic consistency between a system call's macro-level and micro-level intents. SysAlign learns the macro-level intent by the sequence of system calls, which reflects the broader objective of a program phase. The micro-level intent is derived from the specific execution path, capturing the detailed execution context of system calls. Malicious system calls disrupt this consistency, leading to a detectable misalignment between the two intents. To minimize the overhead, we efficiently represent micro-level intent using critical points instead of tracking full execution paths. These points are extracted via dominator tree analysis on the program's over-approximated control-flow graph, effectively balancing rich semantics with performance. Additionally, to address the scarcity of attack data, our framework incorporates a tailored negative sampling strategy, enhancing the model's robustness. We evaluated SysAlign on real-world applications, including Nginx, NullHttpd, cURL, and SQLite3. The results demonstrate that our method effectively detects a diverse range of malicious system call behaviors, including those resulting from control-flow hijacking and data-only exploits. Our approach achieves an F1-score exceeding 96% with a performance overhead below 7%. This work presents a practical and effective advancement in system call security, significantly outperforming existing techniques.",wos,llm,0.990,unreviewed,
kept,Isolated Detection of Misconceptions in an Adaptive Program Tracing Instrument,Morten Bastian; Andreas Mühling,2026,IEEE Transactions on Education,10.1109/TE.2026.3685553,https://ieeexplore.ieee.org/document/11494248/,supports-claim,"Background: Educators commonly use formative or summative assessments to evaluate learners’ understanding and identify misconceptions. In the context of programming, existing approaches typically do not provide time-efficient diagnosis of specific misconceptions. Adaptive testing can provide an opportunity to overcome these limitations by customizing the item selection process individually for each learner. Contribution: This article presents a theoretical derivation of an approach for diagnosing misconceptions related to control flow. Based on the notion of shadowed misconception, an adaptive test to identify these misconceptions is constructed, and an evaluation of this test in the context of an introductory programming course (N = 97) is presented. Research Questions: (RQ1) How can an adaptive test be designed to diagnose known misconceptions of control flow as isolated as possible? (RQ2) How reliable is an adaptive testing instrument, designed around the isolated detection of misconceptions, at predicting novice learners’ performance? Methodology: A formative assessment was constructed based on a theoretically derived decision-tree framework of typical misconceptions related to control flow. To evaluate the assessment, a mixed methods approach was employed through a study involving novice university-level programmers. Subsequently, the instrument was analyzed in terms of internal consistency and the presence of various misconceptions.Findings: The results indicate that the adaptive nature of the test reduces the number of items necessary for a diagnosis by 33%. The results also demonstrate that learners’ responses to unseen items can be reliably predicted with an average accuracy of approximately 86%. Furthermore, qualitative data confirms that the test is able to detect a variety of known misconceptions.",ieee,llm,0.980,unreviewed,
discarded,AVL Function Table for LeafHooks Insertion With Obfuscated Control Flow Integrity,Sirong Zhao; Guoqi Xie; Chenglai Xiong; Kenli Li; Xuejun Yu; Bo Wan; Yiwen Jiang,2025,IEEE Transactions on Computers,10.1109/TC.2024.3524080,https://ieeexplore.ieee.org/document/10818740/,off-topic-false-hit,"Control flow is the execution order of individual statements, instructions, or function calls within an imperative program. Malicious operation of control flow (e.g., tampering with normal function addresses) leads to severe consequences such as data leakage and system crash. Control Flow Integrity (CFI) is a defense restricting the execution order of program within Control Flow Graph (CFG). IndexHooks is an existing CFI solution designed against forward function calls tampering (including direct and indirect jump). This solution constructs a read-only linear function table that stores function addresses during compilation. Then, IndexHooks checks the table to make program jump to the correct target address during runtime. However, IndexHooks faces limitations in backtracking CFG construction, which can lead to excessive memory usage; the linear structure of the function table is vulnerable to brute force tampering. Addressing the limitations of IndexHooks, this study develops an obfuscated CFI solution called LeafHooks. LeafHooks is implemented during compilation by the LLVM compiler, which performs static analysis and instrumentation on the LLVM Intermediate Representation (IR) code of a program. We make the following three innovations: 1) we propose a speculation-free identification method for indirect function calls by linear traversing and analyzing codes to obtain legal function information (function address); 2) we save this information into a function table in the form of a Balanced Binary Tree (also known as AVL), enhancing the fuzzification of function addresses to defend against brute force; 3) we design a method to simulate control tamper attacks on ARM64 architecture to verify the ability of LeafHooks to protection. LeafHooks shows less overhead than state-of-the-art solutions and reduces 2.9% and 0.55% overhead on average using UnixBench and Phoronix, respectively.",ieee,llm,0.990,unreviewed,
discarded,A Hybrid Analysis-Based Construction Method for Tainted Control Flow Graphs of Binary Programs,Honggang Xie; Xiangdong Li; Zenghui Shen,2025,2025 8th World Conference on Computing and Communication Technologies (WCCCT),10.1109/WCCCT65447.2025.11028008,https://ieeexplore.ieee.org/document/11028008/,off-topic-false-hit,"In recent years, control flow graphs (CFGs) have gained increasing prominence in binary vulnerability detection due to their comprehensive representation of a program's execution paths. However, traditional methods for constructing CFGs often encounter significant challenges, such as limited precision in static analysis and high runtime overhead in dynamic analysis. To address these limitations, this paper proposes a novel hybrid approach that combines static taint analysis with dynamic symbolic execution to construct precise and efficient taint control flow graphs. The proposed methodology begins with static taint analysis to propagate tainted data across the program, offering details of potential taint paths. Dynamic Symbol Execution refines the analysis by combining the results of static taint analysis with setting response times, parsing runtime behavior, and exploring possible execution paths in more detail. By integrating the strengths of both techniques, our approach effectively reduces false positives and captures complex runtime behaviors that static analysis alone cannot handle. Experimental evaluations on real-world binaries demonstrate the efficacy of the proposed approach, showcasing significant improvements in CFG precision, runtime efficiency, and vulnerability detection capabilities. This work contributes to advancing binary analysis techniques and provides a robust tool for enhancing program security.",ieee,llm,0.990,unreviewed,
discarded,A systematic literature review on knowledge tracing in learning programming,Philip I.S. Lei; António José Mendes,2021,2021 IEEE Frontiers in Education Conference (FIE),10.1109/FIE49875.2021.9637323,https://ieeexplore.ieee.org/document/9637323/,adjacent-subtopic,"This Research Full Paper presents a systematic review on knowledge tracing of learning programming based on student performance data in exercises. Programming has become an essential skill to solve realworld problems in modern engineering disciplines. However, when students start to learn how to program, they face a lot of challenges in acquiring various programming knowledge and skills. While it is beneficial to customise learning material to fit individual learning progress, the widely different learning pace of students in an introductory programming course has made it impractical for teachers to track the knowledge acquisition of individual. Hence, many recent works take a data-driven approach to model students' learning progress based on the performance data in programming-related exercises, which include the submitted program codes and answers to closed-ended programming exercises. By analyzing these performance data, a system can evaluate the students' knowledge level of various concepts and skills in programming. This paper performs a systematic review and reports key information about recent works on programming knowledge tracing based on student performance data. An overview of the different choices of knowledge representation, domain knowledge model, performance measure and knowledge tracing algorithms is provided. The nature and granularity of knowledge components and the relationships between them are compared across the reviewed works. The different choice of programming knowledge representation leads to varied methods to assess knowledge levels from empirical performance data in programming-related exercises. Two broad categories of works are identified. The first is to overlay a student model on the domain knowledge model, and the student knowledge levels are updated in distinct time steps. The second trains temporal knowledge tracing models to predict students' future performance based on their performance in previous exercises. In addition, this review discusses the distinct challenges in knowledge tracing in programming education. It also points out limitations in current works and opportunities to improve knowledge tracing in learning programming.",ieee,llm,0.900,unreviewed,
discarded,Program Slicing and Execution Tracing for Differential Testing at Adobe Analytics,Darryl Jarman; Scott Hunt; Dave Towey,2020,2020 IEEE/ACM 28th International Conference on Program Comprehension (ICPC),10.1145/3387904.3389292,https://ieeexplore.ieee.org/document/10186522/,adjacent-subtopic,"This paper reports on the use of program slicing concepts and partial execution tracing at Adobe Analytics to address a major limitation of differential testing - namely, how to deal with the large numbers of differences typically produced by this regression testing technique. Manual verification, typically used to verify detected differences, is tedious, time-consuming and error-prone. This severely limits the volume of testing that can be done and thereby reduces adoption of differential testing. It is hoped that, by sharing this experience, researchers with expertise in program slicing might be motivated to help solve some of the issues and limitations encountered during this novel application of slicing to a real-world industrial problem.",ieee,llm,0.960,unreviewed,
