status,title,authors,year,venue,doi,url,tags,abstract,provider,decision_source,llm_confidence,llm_review_outcome,llm_change_direction
discarded,"AI agents in drug discovery: A review of evolution, applications, and future directions","Das, Sarobi; Ferdaus, Md Meftahul; Dam, Tanmoy",2026,COMPUTER METHODS AND PROGRAMS IN BIOMEDICINE,10.1016/j.cmpb.2026.109539,https://www.webofscience.com/wos/woscc/full-record/WOS:001828614000001,off-topic-false-hit,"Artificial intelligence (AI) agents represent a paradigm shift in pharmaceutical research, moving the field from narrow drug-protein affinity modeling toward systems-biology-level evaluation in which autonomous, multi-domain agents combine pattern recognition with symbolic reasoning, knowledge graphs, and regulatory intelligence. This review traces the evolution of AI agents in drug discovery across four eras-database systems (1990-2012), machine learning (2012-2022), foundation learning tools (2022-2023), and autonomous agents (2023-present)-and analyzes breakthrough systems including AlphaEvolve, Google's AI Co-scientist, DrugAgent, Boltz-1/Boltz-2, and Isomorphic Labs' clinical programs, reporting industry-disclosed estimates of 25%-30% improvements in Phase I success rates and 30%-40% reductions in preclinical costs together with their statistical limitations. We present a taxonomy of next-generation architectures spanning foundation model-based agents, autonomous multi-agent ecosystems with explicit coordination protocols (consensus voting, debate, hierarchical orchestration), and specialized systems for target discovery, molecular design, and clinical optimization, situating them within knowledge-graph and neuro-symbolic reasoning (PrimeKG, Hetionet, AnyBURL; Hit@K, MRR, AUROC) and the emerging Internet of Agents. We introduce an enhanced Autonomy-Trust Framework that links four levels of autonomous capability to corresponding trust infrastructure and concrete validation strategies, including +Masking and +LLMEval ablations for Levels 2 and 3. Applications in biomarker discovery and precision medicine are examined alongside challenges in validation, data quality, regulatory compliance, and ethics. Current evidence positions AI agents as transformative tools, with Level 2 collaborative agents becoming mainstream while Level 3 autonomous specialists emerge in focused domains.",wos,llm,0.990,unreviewed,
discarded,CleanStack: A new dual-stack for defending against stack-based memory corruption attacks,"Lei, Chong; Fu, Panpan",2026,COMPUTERS & SECURITY,10.1016/j.cose.2026.105056,https://www.webofscience.com/wos/woscc/full-record/WOS:001824655800001,adjacent-subtopic,"Stack-based memory corruption vulnerabilities have long been exploited by attackers to execute arbitrary code or perform unauthorized memory operations. Various defense mechanisms have been introduced to mitigate stack memory errors, but they typically focus on specific attack types (such as control-flow hijacking or non-control data attacks), incur substantial performance overhead, or suffer from compatibility limitations. In this paper, we present CleanStack, an efficient, highly compatible, and comprehensive stack protection mechanism. CleanStack isolates stack objects influenced by external input from other safe stack objects, thereby preventing attackers from modifying return addresses via controlled stack objects. Additionally, by randomizing the placement of tainted stack objects within the Unclean Stack, CleanStack mitigates non-control data attacks by preventing attackers from predicting the stack layout. A key component of CleanStack is the identification of tainted stack objects. We analyze both static program analysis and heuristic methods for this purpose. To maximize compatibility, we adopt a heuristic approach and implement CleanStack within the LLVM compiler framework, applying it to SPEC CPU2017 benchmarks and a real-world application. Our security evaluation demonstrates that CleanStack significantly reduces the exploitability of stack-based memory errors by providing a dual-stack system with isolation and randomization. Performance evaluation results indicate that CleanStack incurs an execution overhead of only 1.73% on the SPEC CPU2017 benchmark while introducing a minimal memory overhead of just 0.04%. Compared to existing stack protection techniques, CleanStack provides broader protection coverage while maintaining low runtime overhead and good compatibility with existing compiler infrastructure, making it a practical and effective stack security solution.",wos,llm,0.890,unreviewed,
discarded,AI-enabled pre-design programming for low-carbon buildings: toward spatial form following carbon flow,"Che, Wanqiao; Zhuang, Weimin",2026,ENERGY AND BUILDINGS,10.1016/j.enbuild.2026.117904,https://www.webofscience.com/wos/woscc/full-record/WOS:001823310700001,off-topic-false-hit,"Climate change has become one of the most urgent global challenges, demanding rapid and deep decarbonization across all sectors. The building sector alone accounts for over 40% of total national carbon emissions, with a majority of lifecycle carbon performance effectively locked in during early-stage spatial decision-making. This makes pre-design programming a critical intervention window for achieving zero-carbon urban development. However, the conventional design paradigm of ""spatial form follows function"" is inherently limited in addressing the complex coupling among climate conditions, spatial morphology, and carbon flows at the conceptual design stage. Grounded in architectural theory, this review traces the evolution of spatial decision-making from experience-driven traditions toward performance-oriented approaches, and critically examines the structural limitations of conventional paradigms in the low-carbon transition. Building on this analysis, an integrative conceptual framework -"" spatial form follows carbon flow""-is proposed to reposition carbon performance as an intrinsic driver of spatial design. Within this framework, artificial intelligence (AI) is positioned as an enabling technology whose core value lies in three aspects: (i) establishing quantitative relationships between spatial morphology and carbon performance, (ii) enabling real-time performance feedback during the design process, and (iii) supporting multi-objective optimization in spatial decision-making. Finally, this review discusses key challenges and future directions, including data availability, cross-scale coupling between building and urban systems, and the interpretability of AI-enabled decision-making. This work aims to provide an integrative conceptual foundation for advancing architectural design and programming theory in the low-carbon era.",wos,llm,0.990,unreviewed,
discarded,"Knowledge of Laboratory and Archaeometric Techniques in Archaeology: Survey Results and Evidence-Based Recommendations from Andalusia, Spain","Gonzalez-Campos-Baeza, Yolanda; Garcia-Vinas, Esteban; Villalon Torres, David; Ramos-Soldado, Jose Luis; Borrallo-Bernaldez, Eloisa; Delage Gonzalez, Inmaculada; del Pino Espejo, Maria Jose; Dominguez-Castillo, Carmen; Alzaga-Garcia, Milagros; Leonard, Jennifer A.; Gomez-Moron, Maria Auxiliadora; Bernaldez-Sanchez, Eloisa",2026,ADVANCES IN ARCHAEOLOGICAL PRACTICE,10.1017/aap.2026.10157,https://www.webofscience.com/wos/woscc/full-record/WOS:001815676800001,off-topic-false-hit,"We have assessed the knowledge and perceived applicability of 13 archaeometric and laboratory techniques among 159 professional archaeologists in Andalusia (southern Spain), who constitute 26.5% of the region's registered archaeologists. Our survey reveals substantial knowledge gaps: whereas 54.1% of respondents demonstrate advanced understanding of radiocarbon dating (1(4)C), over 70% display a lack of familiarity with most other analytical methods, including proteomics (completely unfamiliar for 50.9% of respondents), trace element analysis (42.8%), and phytolith studies (40.3%). Critically, we have identified training deficiencies rather than funding constraints as the main limitation to technique implementation, with about 50% of respondents referring to insufficient knowledge as the main reason for their nonapplication. Self-employed archaeologists, who conduct the majority of archaeological work, display the lowest expertise levels across all techniques. However, we have observed a promising generational shift, given that current archaeology degree students show a significantly improved baseline knowledge compared to professionals trained under earlier history degree programs. Consequently, in this article, we provide evidence-based recommendations, especially for current professional development programs, curricula, and standardized analytical protocols that are considered essential by 95%-98% of respondents. Our findings have transferable implications for archaeological practice beyond Andalusia, particularly regarding the integration of scientific methods into archaeology.

En este trabajo se ha analizado el conocimiento y la aplicabilidad de 13 t & eacute;cnicas arqueom & eacute;tricas y paleobiol & oacute;gicas entre 159 arque & oacute;logos profesionales de Andaluc & iacute;a (sur de Espa & ntilde;a), quienes representan el 26,5% de los arque & oacute;logos colegiados de la regi & oacute;n, utilizando una encuesta. De esta manera, se han constatado diferentes niveles de aprendizaje. As & iacute;, mientras que el 54,1% de los encuestados demuestra una comprensi & oacute;n avanzada de la dataci & oacute;n por radiocarbono (1(4)C), m & aacute;s del 70% muestra una falta de familiaridad con la mayor & iacute;a de los dem & aacute;s m & eacute;todos anal & iacute;ticos, incluyendo la prote & oacute;mica (totalmente desconocida para el 50,9% de los encuestados), el an & aacute;lisis de elementos traza (42,8%) y el estudio de fitolitos (40,3%). Hemos identificado que la principal barrera para la implementaci & oacute;n de estas t & eacute;cnicas est & aacute; m & aacute;s relacionada con la formaci & oacute;n que con las limitaciones de financiaci & oacute;n, ya que en torno al 50% de los encuestados se & ntilde;ala un conocimiento insuficiente como el motivo principal para su no aplicaci & oacute;n. Los arque & oacute;logos aut & oacute;nomos, quienes suelen realizar gran parte del trabajo de campo, presentan los niveles de especializaci & oacute;n m & aacute;s bajos en todas las t & eacute;cnicas. No obstante, hemos observado un prometedor relevo generacional, ya que los actuales estudiantes del Grado en Arqueolog & iacute;a muestran un conocimiento base significativamente superior en comparaci & oacute;n con los profesionales formados en los antiguos planes de estudio de la Licenciatura en Historia. Por ello, en este art & iacute;culo aportamos recomendaciones basadas en evidencias, especialmente para los programas actuales de desarrollo profesional, as & iacute; como cambios en los planes de estudio y protocolos anal & iacute;ticos estandarizados, elementos considerados esenciales por el 95%-98% de los encuestados. Nuestros hallazgos tienen implicaciones transferibles para la pr & aacute;ctica arqueol & oacute;gica m & aacute;s all & aacute; de Andaluc & iacute;a, particularmente en lo que respecta a la integraci & oacute;n de m & eacute;todos cient & iacute;ficos en la arqueolog & iacute;a.",wos,llm,0.990,unreviewed,
discarded,TECHNOLOGY-SUPPORTED 3D MODELING AND PRINTING IN CHEMISTRY TEACHER EDUCATION,"Sargin, Emeti; Uyulgan, Melis Arzu",2026,INFORMATION TECHNOLOGIES AND LEARNING TOOLS,10.33407/itlt.v113i3.6546,https://www.webofscience.com/wos/woscc/full-record/WOS:001813992300008,off-topic-false-hit,"This study addresses persistent difficulties in understanding abstract chemical concepts such as hybridization, hybrid orbitals, and molecular geometry in chemistry teacher education. Due to their invisible and highly abstract nature, these topics are often associated with misconceptions and limited spatial reasoning among pre-service teachers. The study examines how technology-supported three-dimensional (3D) modeling and printing practices are incorporated into learning processes and how these practices relate to conceptual understanding. A mixed-methods research design was adopted to examine both conceptual outcomes and participants' perspectives. Quantitative data were collected through a two-tier Molecular Geometry Diagnostic Test administered before and after a semester-long instructional implementation. Qualitative data were obtained through focus group interviews. The findings indicate notable improvements in participants' understanding of hybridization, molecular structures consistent with the octet rule, and valence shell electron pair repulsion-based molecular geometries, alongside a reduction in common misconceptions. Qualitative findings revealed that interaction with both digital and physically printed 3D models supported the concretization of abstract concepts, enhanced spatial reasoning, and promoted meaningful learning through a combination of visual and tactile engagement. Participants emphasized that hands-on modeling activities helped them establish stronger connections between symbolic representations and molecular-level structures. Despite these pedagogical benefits, limitations related to technical infrastructure and insufficient prior training were identified as challenges to sustainable implementation. Overall, the results highlight the practical value of integrating 3D visualization and modeling practices into chemistry teacher education programs, underscoring the need for systematic professional development opportunities to support pre-service teachers' technological and pedagogical competencies.",wos,llm,0.990,unreviewed,
discarded,Therapeutic potential of astrocyte transdifferentiated neurons,"Liang, Xiaojun; Qin, Rongxing; Qin, Qingchun; Xu, Wei; Xu, Hongyu; Lai, Xinyu; Shao, Lingduo; Li, Caiqi; Xie, Minshan; Xiong, Xiaoyuan; Tang, Qi; Chen, Li",2026,NEURAL REGENERATION RESEARCH,10.4103/NRR.NRR-D-25-00554,https://www.webofscience.com/wos/woscc/full-record/WOS:001816751700019,off-topic-false-hit,"The permanent functional deficits resulting from the inability of adult mammalian central nervous system neurons to regenerate after injury present a significant clinical challenge. While traditional stem cell transplantation strategies continue to encounter ethical concerns and the risk of immune rejection, this impasse has shifted regenerative medicine research toward targeting endogenous astrocytes. Due to their intrinsic plasticity, widespread distribution throughout the central nervous system, and affinity for neurodevelopmental lineage, astrocytes are a unique target for in situ neuronal regeneration. This review systematically elucidates the core regulatory network governing astrocyte transdifferentiation, identifying 10 key signaling pathways, such as Wnt signaling pathway, that form a cascade regulatory system. Directed overexpression of transcription factors such as NeuroD1, Ascl1, or Neurog2 can directly initiate neuronal phenotypic conversion. Meanwhile, small molecule compounds such as valproic acid combined with CHIR99021 activate endogenous neurogenic programs by inhibiting the bone morphogenetic protein signaling axis. Notably, polypyrimidine tract binding protein 1 (PTB) gene silencing significantly enhances transdifferentiation efficiency by suppressing the microRNA 124/re1 silencing transcription factor (miR-124/REST) feedback loop. From a translational perspective, a multidimensional evaluation system based on morphological, molecular marker, and electrophysiological properties has demonstrated considerable therapeutic potential. In stroke models, NeuroD1-mediated transdifferentiation replenished approximately 30% of lost cortical neurons and improved motor coordination, evidenced by enhanced performance in food pellet retrieval, grid walking, and cylinder tests compared with controls. In spinal cord injury studies, SOX2-induced glutamatergic neurons moderately reduced glial scar density by about 25%, permitting regenerating axons to pass through while preserving the supportive structure of scar. In neurodegenerative contexts, PTB inhibition yielded functionally mature dopaminergic neurons and reconstructed nigrostriatal pathways in Parkinson's disease models. In Alzheimer's disease models, adeno-associated virus-delivered NeuroD1 induced whole-brain neural circuit remodeling, generating 500,000 new neurons widely distributed across the cortex and hippocampus, accompanied by improved cognitive performance. Current technical limitations include off-target effects of adeno-associated virus vectors, which cause nonspecific gene expression and require rigorous validation via Cre-loxP lineage tracing. Transdifferentiation efficiency is also highly influenced by regional microenvironments: gray matter astrocytes show higher conversion rates than those in white matter, and oxidative stress increases apoptosis among newly generated neurons. Clinical translation is further constrained by the safety of delivery systems and the aging tissue microenvironment, where transforming growth factor beta 1 is often elevated. Ferroptosis inhibitors have been shown to nearly double the survival rate of transdifferentiated cells, offering a novel strategy to mitigate oxidative damage. Based on current evidence, astrocyte transdifferentiation enables neural functional recovery across multiple disease models through endogenous repair mechanisms.

Future advances should focus on optogenetically inducible vectors for spatiotemporal precision, non-viral delivery systems to mitigate vector-related risks, and integration of long-term safety validation in non-human primates with single-cell multi-omics technologies to facilitate the clinical translation of personalized regenerative therapies.",wos,llm,0.990,unreviewed,
discarded,Att-SFI: Attestable Software Sandboxing with Control Flow Integrity,"Li, Wei; Feng, Wei; Qin, Yu; Gu, Zeyu",2026,"SECURITY AND PRIVACY IN COMMUNICATION NETWORKS, SECURECOMM 2025, PT IV",10.1007/9'78-3-032-23456-8_2,https://www.webofscience.com/wos/woscc/full-record/WOS:001788450300002,adjacent-subtopic,"Software Fault Isolation (SFI) is an effective sandboxing technique that prevents potentially vulnerable code from impacting the rest of the system. SFI requires an effective Control Flow Integrity (CFI) mechanism to ensure the proper enforcement of isolation. However, existing SFI schemes often use coarse-grained CFI or assume sufficient CFI protection, lacking effective implementation and thorough evaluation of CFI. SFIs relying on hardware-assisted CFI are also constrained by platform-specific limitations. We propose an architecture-neutral SFI with fine-grained CFI, achieving run-time security for sandboxed programs at a 21.9% performance overhead, suitable for high-security scenarios such as confidential computing in IoT and cloud environments. Our approach enhances the isolation of confidential workloads while enabling attestable run-time security guarantees.",wos,llm,0.880,unreviewed,
kept,FOFL: Dynamic Function Output-Based Software Fault Localization via Deep Learning,"Sun, Qingyuan; Peng, Tu; Yang, Yating; Song, Tian",2025,"2025 IEEE INTERNATIONAL CONFERENCE ON SYSTEMS, MAN, AND CYBERNETICS, SMC",10.1109/SMC58881.2025.11343452,https://www.webofscience.com/wos/woscc/full-record/WOS:001761739100233,adjacent-subtopic,"Learning-based fault localization has become a prominent research direction in software engineering due to its ability to leverage diverse program artifacts such as execution traces and coverage data for precise fault identification. However, current techniques face two fundamental limitations: (1) oversimplified representations of program behavior through basic coverage metrics, and (2) high computational cost associated with collecting fine-grained runtime data. In this work, we present FOFL, a novel function output-based fault localization approach. Our intuition is that programs can be modeled as complex dynamical systems, where faults manifest as perturbations observable through function outputs. Our method first captures function-level output patterns during execution, then encodes them into a structured matrix representation that preserves system-level behavioral signatures. These matrices are analyzed through a hybrid deep learning architecture combining convolutional neural networks for spatial feature extraction and attention mechanisms for critical pattern recognition, ultimately producing a ranked list of suspicious locations. Experiments on the widely used Defects4J benchmark show that FOFL outperforms existing techniques by localizing 204 bugs in the Top-1 ranking, which corresponds to a 25-bug improvement over state-of-the-art methods, while also enhancing MFR and MAR by 4.5% and 4.3%, respectively. Furthermore, ablation studies confirm the positive contribution of listwise loss function and feature aggregation design. The results establish FOFL as an effective solution that advances fault localization through principled system modeling and targeted learning of informative data representations.",wos,llm,0.700,unreviewed,
