status,title,authors,year,venue,doi,url,tags,abstract,provider,decision_source,llm_confidence,llm_review_outcome,llm_change_direction
kept,Assessing the Understanding of Expressions: A Qualitative Study of Notional-Machine-Based Exam Questions.,Joey Bevilacqua; Luca Chiodini; Igor Moreno Santos; Matthias Hauswirth,2024,Koli Calling,10.1145/3699538.3699554,https://dblp.org/rec/conf/kolicalling/BevilacquaCSH24,supports-claim,"Background and Context. Notional machines are widespread in computing education. While they often are used to explain programming concepts, prior work on visual program simulation demonstrated their use for assessment. This paper presents a qualitative study of the use of a notional machine identified in prior literature—“expression as tree”—as an instrument to assess the understanding of expressions. Objectives. The study answers the following research questions: What are the mistakes that students make when answering questions based on the “expression as tree” notional machine? What underlying reasons plausibly explain these mistakes? Are there plausible relationships between the mistakes and programming language misconceptions? Method. We collect a corpus of 542 hand-drawn expression tree diagrams from 12 exams in 6 university programming courses at two different levels over the course of 4 years. We devise and use a coding approach tailored to the qualitative analysis of those diagrams. Our qualitative data analysis approach is unique due to the specific form of the data—hand–drawn diagrams—that admits a wide variety of mistakes, due to the theoretically well–defined programming language constructs that underpin the visualizations, and due to the fact that for each diagram there exists a unique solution that can serve as a reference. Findings. Our results show that even a single question based on the notional machine is able to reveal a rich variety of mistakes related to the structure, typing, and evaluation of expressions. We identify and categorize 48 mistakes and describe outstanding ones in detail, supported by example diagram snippets. We find mistakes that are plausibly connected to known misconceptions, and others that suggest the existence of new ones. Implications. Our findings shed light on novel pedagogical strategies to teach programming and provide insights instructors can use to transform their practices. The use of the “expression as tree” notional machine as an assessment instrument can provide valuable insights into students’ understanding of several key aspects of programming.",dblp,llm,0.970,unreviewed,
kept,Using Notional Machines to Automatically Assess Students&apos; Comprehension of Their Own Code.,Joey Bevilacqua; Luca Chiodini; Igor Moreno Santos; Matthias Hauswirth,2024,SIGCSE,10.1145/3626253.3635524,https://dblp.org/rec/conf/sigcse/BevilacquaCSH24,supports-claim,"Code comprehension has been shown to be challenging and important for a positive learning outcome. Students don't always understand the code they write. This has been exacerbated by the advent of large language models that automatically generate code that may or may not be correct. Now students don't just have to understand their own code, but they have to be able to critically analyze automatically generated code as well. To help students with code comprehension, instructors often use notional machines. Notional machines are used not only by instructors to explain code, but also in activities or exam questions given to students. Traditionally, these questions involve code that was not written by students. However, asking questions to students about their own code (Questions on Learners' Code, QLCs) has been shown to strengthen their code comprehension. This poster presents an approach to combine notional machines and QLCs to automatically generate personalized questions about learners' code based on notional machines. Our aim is to understand whether notional machine-based QLCs are effective. We conducted a pilot study with 67 students to test our approach, and we plan to conduct a comprehensive empirical evaluation to study its effectiveness.",dblp,llm,0.970,unreviewed,
kept,Hash Table Notional Machines: A Comparison of 2D and 3D Representations.,Colleen M. Lewis; Craig S. Miller; Johan Jeuring; Janice L. Pearce; Andrew Petersen 0001,2024,SIGCSE Virtual,10.1145/3649165.3690118,https://dblp.org/rec/conf/sigcse/LewisMJP024,supports-claim,,dblp,llm,0.990,unreviewed,
kept,Using Concept Maps for Notional Machine Selection in CS1.,Ethan Richards; Sonia Spindt; Gabriel Fierro,2024,SIGCSE,10.1145/3626253.3635535,https://dblp.org/rec/conf/sigcse/RichardsSF24,supports-claim,"A notional machine is an abstract representation of a program's execution. These alternate representations serve to highlight otherwise hidden or subtle behavior in program execution, and eliminate unnecessary or irrelevant details that can obstruct understanding. Prior work has established that, by construction, there is no ""universal"" notional machine that is appropriate for the entirety of a CS1 curriculum. How, then, does an educator choose an appropriate notional machine for a given learning sequence? We present initial work on helping educators choose an effective sequence of notional machines for a CS1 course. Our key insight is to leverage a concept map capturing hard and soft dependencies between computing concepts. By characterizing concepts and notional machines together, we show that it is possible to design feasible sequences of notional machines that cover a desired learning sequence.",dblp,llm,0.980,unreviewed,
kept,Beyond SICP - Design and Implementation of a Notional Machine for Scheme.,Kyriel Abad; Martin Henz,2024,CoRR,10.48550/ARXIV.2412.01545,https://dblp.org/rec/journals/corr/abs-2412-01545,supports-claim,"Computer science education has been at the heart of Scheme from the beginning. The language was designed in the 1970s concurrently with the MIT course 6.001 and the textbook""Structure and Interpretation of Computer Programs""(SICP). To explain the scope of variables at run time in the presence of higher-order procedures, SICP introduces a mental model called the environment model, along with a pictorial representation of environments and data structures. Recently, the concept of notional machines has emerged in computer science education: a predictive set of abstractions that define the structure and behavior of a computational device. Proponents of notional machines argue that learners benefit when complex dynamic concepts such as the computational structure of Scheme are accompanied with concise notional machines. In this paper, we start with a sublanguage of Scheme sufficient for all programs in SICP that we call SICP Scheme. We extend the environment model to a full notional machine for SICP Scheme that is simple enough to serve as the central mental model in a CS1 course and demonstrate the machine with computer-generated visualizations. Moving beyond SICP Scheme, we show how the notional machine can be further extended to explain Scheme's call/cc and thus make this powerful concept accessible to beginners through a coherent mental model. The presented notional machine serves as the core of a web-based implementation of Scheme that is under development at our university.",dblp,llm,0.980,unreviewed,
kept,Computational Thinking and Notional Machines: The Missing Link.,Bhagya Munasinghe; Timothy C. Bell; Anthony V. Robins,2023,ACM Trans. Comput. Educ.,10.1145/3627829,https://dblp.org/rec/journals/jeric/MunasingheBR23,supports-claim,,dblp,llm,0.990,unreviewed,
kept,Evaluating the Utility of Notional Machine Representations to Help Novices Learn to Code Trace.,Veronica S. Chiarelli; Nadia Markova; Kasia Muldner,2023,ICER,10.1145/3568813.3600119,https://dblp.org/rec/conf/icer/ChiarelliMM22,supports-claim,,dblp,llm,1.000,unreviewed,
kept,Removing the Notional Machine Discrepancy (Doctoral Consortium).,Jesse Hoobergs,2023,Koli Calling,10.1145/3631802.3631837,https://dblp.org/rec/conf/kolicalling/Hoobergs23,supports-claim,"A notional machine of a programming language is an abstraction that explains how programs in the language execute. I argue that when novices learn to program, there is a problematic discrepancy between the presented notional machine of the part of the language that they have seen and a notional machine of the whole language. This discrepancy can be removed by creating different languages that gradually change to the complete language. I am creating a Programming Education Runtime System that allows to modularly combine programming language constructs to create these gradual languages. As a next step, evaluation of the use of these gradual languages will be carried out.",dblp,llm,0.960,unreviewed,
kept,Notional Machine in Mathematics and Introductory Computer Science Courses.,Eamon Worden; Olivia Song; Peter-Michael Osera,2023,SIGCSE,10.1145/3545947.3576324,https://dblp.org/rec/conf/sigcse/WordenSO23,supports-claim,"Notional Machines (NMs) are a pedagogical device used by teachers in order to help students understand certain concepts. While NMs have been cataloged, the effectiveness of NMs has been rarely evaluated. We build upon this research by exploring what makes certain NMs more effective in various computer science and mathematics courses. We interview professors and students to assess NMs used in the classroom. Notably we found that most students are able to employ the NMs introduced by their professors, and that introductory students prefer template-like NMs, whereas upper level students rely on more conceptual NMs.",dblp,llm,0.940,unreviewed,
kept,Investigating the Role of Direct Instruction About the Notional Machine in Improving Novice Programmer Mental Models.,Veronica S. Chiarelli; Kasia Muldner,2022,AIED,10.1007/978-3-031-11647-6_83,https://dblp.org/rec/conf/aied/ChiarelliM22,supports-claim,,dblp,llm,0.980,unreviewed,
kept,"Self-Explaining the Notional Machine to Improve Novice Programmers&apos; Learning and Mental Models, Supported by a Computer Tutor System.",Veronica S. Chiarelli; Kasia Muldner,2022,CogSci,,https://dblp.org/rec/conf/cogsci/ChiarelliM22,supports-claim,,dblp,llm,0.880,unreviewed,
discarded,Towards a Notional Machine for Runtime Stacks and Scope: When Stacks Don&apos;t Stack Up.,John Clements; Shriram Krishnamurthi,2022,ICER,10.1145/3501385.3543961,https://dblp.org/rec/conf/icer/ClementsK22,adjacent-subtopic,"Background and Context. Modern programming is replete with features like closures, callbacks, generators, asynchronous functions, and so on. These features can be subtle in their behavior and interaction with the rest of the language, so students need notional machines that are both accurate and manageable. We specifically focus on stacks and their associated environments, which are key to understanding these features. Objectives. What conceptions do students have of stacks and environments on entry to a tertiary, upper-level programming languages course? What impact does coursework around an interpreter-based approach to programming languages education have on their understanding? What is the value of the tooling we create for students to express notional machine states? Method. Our studies were conducted at two different institutions in a tertiary, upper-level course on programming languages. The intermediate interventions were different, but both used a pre-/post-test format conducted at the beginning and near the end of the semester. We also created a Snap!-based tool to assist in notional machine description. Findings. We found that students have a relatively weak understanding of stacks and environments at entry, and exhibited various misconceptions. At one institution, which primarily relied on interpreters, we found numerous problems persisted at the end of the semester. At the other, which in addition to interpreters also used direct instruction and the Snap!-based tool, students did much better—but still not on aspects that we would have liked to have transferred from interpreters. Implications. Our findings suggest that it is important for other educators to also assess their students’ understanding of stacks and environments, especially in light of modern programming concepts. Assuming similar misconceptions are widespread, we believe the community needs to invest much more effort into notional machines, so that students can better understand the features and programs they are working with. In particular, the “standard” stack presentation is insufficient and in some cases even “harmful” (since it reinforces some misconceptions), and hence must be revised. Finally, our study forces a reconsideration of the learning objectives met by interpreters in programming languages education.",dblp,llm,0.840,unreviewed,
kept,&quot;How does the computer carry out digitalRead()?&quot; Notional Machines Mediated Learner Conceptual Agency within an Introductory High School Electronic Textiles Unit.,Gayithri Jayathirtha,2022,ICER,10.1145/3501385.3543964,https://dblp.org/rec/conf/icer/Jayathirtha22,supports-claim,"Learners in computing classrooms must develop and adopt viable conceptions of program dynamics to read, write, and debug programs within a given programming context. Learners find support in notional machines, or simplified notions about underlying program behavior within a programming context, that educators provide them. While prior studies have examined students’ use of notional machines to trace program execution during interviews or quizzes, learners’ interactions with them within classrooms is understudied. Framing learning with notional machines as a sociocultural process, I conducted an interaction analysis of high school students’ learning across eight class periods during a 14-week introductory computing electronic textiles online unit to answer the questions: (1) How did students interact with program dynamics during the unit? (2) Did notional machines support students with computing conceptual agency? If so, how? Findings revealed that learners interacted with program dynamics in agentic ways as they adopted notional machines to reason, ask questions about, reveal and revise their notions of program execution. While prior studies have explored notional machines’ affordance for mental model development, this study revealed their situated nature and their role in making program dynamics visible and accessible for sustained joint exploration within classrooms. Findings from this analysis make a three-fold contribution: they highlight the mediating role of notional machines in supporting agentic learner interaction with program dynamics, their role in sustaining joint meaning-making within computing classrooms, and their evolving nature as a result of continuous interactions between the learners and the teacher.",dblp,llm,0.950,unreviewed,
kept,Experiences Implementing and Utilizing a Notional Machine in the Classroom.,Paul E. Dickson; Tim D. Richards; Brett A. Becker,2022,SIGCSE,10.1145/3478431.3499320,https://dblp.org/rec/conf/sigcse/DicksonRB21,supports-claim,,dblp,llm,0.990,unreviewed,
kept,Experiences Implementing and Utilizing a Notional Machine in the Classroom.,Paul E. Dickson; Tim D. Richards; Brett A. Becker,2021,Zenodo,10.5281/ZENODO.5760324,https://dblp.org/rec/data/11/DicksonRB21,supports-claim,,dblp,llm,0.800,unreviewed,
kept,Notional Machines in a Semester-long Introductory Physical Computing High School Unit.,Gayithri Jayathirtha; Yasmin B. Kafai,2021,ICER,10.1145/3446871.3469796,https://dblp.org/rec/conf/icer/JayathirthaK21,supports-claim,"Notional machines i.e. pedagogical devices to communicate program execution play a key role in computing classrooms, especially within introductory settings [2, 5]. From machine-generated representations to classroom learning activities, a variety of notional machines have been examined in the field of computing education research. A more recent review [2] has also noted the adoption of multiple notional machines by instructors during a course or a unit to communicate a family of interconnected, computing concepts within a learning context. Despite notional machines considered as a signature pedagogy for computing education, very few accounts are based on classroom observations–most of them draw from instructor reflections or programming interface designs [2]. Further, even fewer have been situated in the more recent contexts of computing education i.e., high school classrooms where programming environments such as physical computing have been employed to make computing concepts further accessible to novices [3]. However, what is lesser known is how teachers make these computing concepts accessible to students through notional machines. To address the gap, in Fall 2020 and Spring 2021, we conducted a two-phase study that involved: (a) co-designing notional machines with an experienced high school computing teacher in Fall 2020, and, (b) observing his classes during the 14-week electronic textiles unit within Exploring Computer Science curriculum [1] in Spring 2021. For this poster, we will share findings from a preliminary qualitative analysis of online class screen recordings (5 hours, 10 class periods) of class periods that involved discussions around programs during the unit. We answer the following questions: (a) What were the different types of notional machines implemented throughout the unit within the context of physical computing? (b) How were they related to each other and to the key computing ideas within the unit? Our video analysis so far has revealed a variety of notional machines to introduce and sustain student learning during this unit. They took the form of roleplays, metaphors, and analogies, ranging from a period-long enactment to in-the-moment explanations to better understand specific aspects of program execution such as variable definition, function calls, and conditional statements execution. From extensive code tracing to debugging specific issues to diagnosing student thinking, these notional machines provided a variety of opportunities for the teacher to move across the different levels of abstractions while explaining program execution. During the poster session, we will share qualitative details about each of these categories of notional machines with examples that highlight their key characteristics in terms of form, conceptual focus, level of abstraction, and purpose within the unit. This analysis will provide one of the first accounts of notional machines emerging from classroom observational data. More importantly, it will be one of the first accounts of notional machines studied within a high school classroom, significant in the light of recent enthusiasm to introduce high school students to computing globally [4].",dblp,llm,0.970,unreviewed,
kept,Investigating the Role of Explanative Diagrams as a Representation of Notional Machine on a Novice Programmer&apos;s Mental Model.,Syeda Fatema Mazumder,2021,ICER,10.1145/3446871.3469775,https://dblp.org/rec/conf/icer/Mazumder21,supports-claim,,dblp,llm,0.970,unreviewed,
kept,Physical Java Memory Models: A Notional Machine.,Colleen M. Lewis,2021,SIGCSE,10.1145/3408877.3432477,https://dblp.org/rec/conf/sigcse/Lewis21,supports-claim,,dblp,llm,0.990,unreviewed,
kept,Glass-boxing Computing: Notional Machines-Mediated Teaching and Learning with Electronic Textiles in an Introductory High School Classroom.,Gayithri Jayathirtha,2020,ICER,10.1145/3372782.3407113,https://dblp.org/rec/conf/icer/Jayathirtha20,supports-claim,"In my dissertation study, I examine teaching and learning through the use of notional machines-pedagogical approaches to communicate runtime behavior of programs-in the context of high school students programming electronic textiles physical computing artifacts. My focus will be on: (1) teachers' notional machines, (2) development of students' understanding of programs and programmed systems, and (3) the relationship between teachers' notional machines and student understanding. This study will contribute to our understanding of how to support the diverse K-12 student population to better understand abstract computing concepts within physical computing classrooms.",dblp,llm,0.930,unreviewed,
