status,title,authors,year,venue,doi,url,tags,abstract,provider,decision_source,llm_confidence,llm_review_outcome,llm_change_direction
discarded,CRAFT Prompt Generation Framework for Teachers,"Joshi, Deepti; Jocius, Robin; Albert, Jennifer; Joswick, Candace; Blanton, Melanie",2026,"PROCEEDINGS OF THE 57TH ACM TECHNICAL SYMPOSIUM ON COMPUTER SCIENCE EDUCATION V.2, SIGCSE TS 2026",10.1145/3770761.3777281,https://www.webofscience.com/wos/woscc/full-record/WOS:001780599900085,adjacent-subtopic,"Generative artificial intelligence (GenAI) tools such as ChatGPT, Gemini, and Claude are transforming instructional design, yet most PK-12 educators lack effective strategies for engaging with them. To address this gap, we developed the CRAFT frame-worka teacher-centered model for GenAI prompt design that emphasizes Context, Role, Audience, Format, and Tone. CRAFT translates principles from prompt engineering, instructional design, and Universal Design for Learning into a practical structure aligned with teachers' professional planning language. We implemented the framework in a professional development program with 94 PK-6 teachers who used GenAI to create lessons integrating computational thinking. Their 688 prompts and AIgenerated responses were coded across 30 analytical features representing critique, launch behaviors, refinements, and supplemental material generation. Findings suggest that CRAFT helped teachers produce standards-aligned, differentiated, and instructionally coherent lessons while increasing confidence, creativity, and reflective engagement with GenAI tools.",wos,llm,0.950,unreviewed,
discarded,Elementary computer science education legislation: an ECEP state analysis for broadening participation in computing,"Leftwich, Anne; Brown, Matthew; Publow, Matthew; Liao, Yin-Chan; Karlin, Mike; Guo, Meize",2026,FRONTIERS IN EDUCATION,10.3389/feduc.2026.1800422,https://www.webofscience.com/wos/woscc/full-record/WOS:001728503000001,adjacent-subtopic,"Research indicates that early exposure to elementary computer science (CS) is foundational for developing computational thinking and acts as a critical equity strategy to mitigate stereotypes in CS. Despite these benefits, the U.S. state policy landscape remains varied and frequently secondary-focused. This study presents a systematic legislative scan and qualitative content analysis of 61 CS education items (2013-2024) across 30 Expanding Computing Education Pathways (ECEP) states, supplemented by survey results from 14 ECEP leaders. Using a coding framework of eight policy domains, we characterized how states enacted elementary-relevant requirements. Findings reveal a structured imbalance where secondary-centric policies often leave elementary provisions vague and under-resourced; notably, most surveyed leaders reported no formal accountability system to ensure elementary CS instruction occurs. We recommend specialized teacher qualification pathways, targeted funding for under-resourced districts, and disaggregated reporting to align policy intent with equitable practice.",wos,llm,0.950,unreviewed,
discarded,Mathematical literacy: Parallels between the PISA mathematics framework and Vietnam's mathematics curriculum,"Truong, Huu-Hung; Nguyen, Phuong-Chi",2026,CURRICULUM JOURNAL,10.1002/curj.70022,https://www.webofscience.com/wos/woscc/full-record/WOS:001637250100001,adjacent-subtopic,"Mathematical literacy (ML) has gained growing attention in recent years across many countries, as it focuses on equipping individuals with the mathematical understanding necessary to navigate real-life situations effectively. The paper examines the alignment between Vietnam's mathematics curriculum and the OECD-PISA 2022 Mathematics Framework, focusing on mathematical reasoning and problem-solving processes, content knowledge, contextual applications and 21st-century skills. Employing a qualitative-descriptive approach through content analysis of official curriculum documents, the research identifies significant parallels between two frameworks regarding core mathematical content, context and problem-solving strategies. However, disparities emerge in Vietnam's delayed emphasis on statistical variability and underdeveloped integration of higher-order skills like computational thinking, critical thinking and systems thinking. Gaps also persist in fostering model critique, probabilistic reasoning and flexible representation of real-world phenomena. To address these discrepancies, it is recommended to enhance statistical literacy, embed technological tools for modelling and expand occupational and inquiry-based learning contexts in the curriculum. These adjustments aimed to align Vietnam's educational outcomes with global standards and equip students to navigate 21st-century challenges through a robust, context-driven mathematics education framework. Future research should examine curriculum enactment and cross-country comparative studies.",wos,llm,0.940,unreviewed,
discarded,Scaffolded Critique Rubrics: An Approach to Computational Thinking and AI Literacy in Teacher Education,"Moudgalya, Sukanya Kannan; Allen, Taylor",2025,"PROCEEDINGS OF THE 2025 CONFERENCE FOR RESEARCH ON EQUITABLE AND SUSTAINED PARTICIPATION IN ENGINEERING, COMPUTING, AND TECHNOLOGY, RESPECT 2025",10.1145/3704637.3734778,https://www.webofscience.com/wos/woscc/full-record/WOS:001572858100006,adjacent-subtopic,"Teacher education programs face the challenge of integrating multiple standards into their licensure courses with limited instructional time. To address this, we need innovative approaches to effectively integrate topics like computational thinking (CT) and Artificial Intelligence (AI) literacy, which are increasingly included in teacher standards. We developed a core educational technology course for teachers from diverse fields-deaf education, math, music, early childhood, and more-to introduce these concepts. Using ""scaffolded critique rubrics,"" teachers evaluated tools and resources from platforms like Code.org or PBS Kids, assessing their suitability for their students. The rubrics helped teachers critique computing tools for accessibility issues, differentiate AI biases from automation ethics, and engage deeply with CT concepts. By connecting these topics to their student needs, teachers reflected on how to adapt resources for their classrooms. This report outlines the course development and its impact on teacher engagement.",wos,llm,0.880,unreviewed,
kept,Measuring the acquisition of computational thinking: Design and validation of two instruments,"Sigayret, K.; Tricot, A.; Blanc, N.",2025,EUROPEAN REVIEW OF APPLIED PSYCHOLOGY-REVUE EUROPEENNE DE PSYCHOLOGIE APPLIQUEE,10.1016/j.erap.2025.101116,https://www.webofscience.com/wos/woscc/full-record/WOS:001583563000001,supports-claim,"Introduction: The learning of programming and the development of computational thinking are now part of the educational objectives in many school systems around the world. However, the lack of consensus on the definition of computational thinking complicates the assessment of its acquisition in a school context. Objective: The aim of this article is to propose two assessment instruments for computational thinking adapted to the French-speaking school context, with a clear distinction between two fundamental dimensions: mastery of programming concepts and the ability to solve algorithmic problems. Method: Two tests were designed: the Mastery of Computational Concepts Test, focusing on knowledge of programming concepts, and the Algorithmic Test, assessing the ability to solve algorithmic problems. These instruments were developed in French and validated using psychometric analyses. Results: Both tests were found to have good psychometric properties, both in terms of reliability and validity. Conclusion: These two instruments offer a relevant alternative to existing tools, which are often ill-suited to Frenchspeaking contexts or too demanding in terms of test-taking time. They can contribute to a more refined assessment of computational thinking in the school context.",wos,llm,0.920,unreviewed,
discarded,The analysis of social singularity in the digital era: A socio-philosophical aspect,"Utiuzh, Iryna; Konovalenko, Olga; Volkova, Valeriya",2025,AGATHOS-AN INTERNATIONAL REVIEW OF THE HUMANITIES AND SOCIAL SCIENCES,10.5281/zenodo.15162721,https://www.webofscience.com/wos/woscc/full-record/WOS:001486438400002,off-topic-false-hit,"This article examines one of the most complicated issues of social research, namely social singularity as a process of producing unpredictable meanings, both in the life of modern society and an individual. The essence of social singularity is generally interpreted in the context of the coevolution of nature and society in the conditions of rapid technological shifts and changes in the role of the information environment. Therefore, this study aims to define and analyze the methodological tools of cognition of the social singularity phenomenon as a structural part of the new digital paradigm of philosophical discourse. The article considers the methodological approaches of various schools of philosophy represented by opposing views on anthropological reality in the context of its digital transformation.Within the framework of methodological structuring, the degree of the social singularity issue elaboration can be represented by the methodologies of postmodern and post-humanism philosophy. The conceptual approaches to the criticism of computational thinking, which forms the phenomenon of singularity eliminating the Human, are presented in the works by Baudrillard, Deleuze, Massumi, and Haraway. The article emphasizes that the papers of these scholars study digital ontology of the post-human state, where the boundaries between man and machine are blurred. Those studies include the analysis of cyber and biotechnological changes that affect human nature and create the concept of social singularity as a negative scenario for the development of the Human. Analyzing the phenomenon of social singularity, we emphasize that non-objectified human feelings come into conflict with computational thinking, since subjectivity, carried beyond the limits of the Self, turns into the non-human Other. Therefore, the article raises the question of how algorithms and artificial intelligence affect human subjectivity and free will; hence, the understanding of how computational processes can limit or expand human capabilitiesare of crucial importance.",wos,llm,0.990,unreviewed,
discarded,Psychological Science and the Blind Spot in Education: Learning and Instruction of Transversal Skills in the Twenty-First Century,"Weber, Anke Maria; van Laar, Ester; Borgonovi, Francesca; Ackerman, Phillip L.; Nixon, Nia; Graesser, Arthur C.; Greiff, Samuel",2025,EDUCATIONAL PSYCHOLOGY REVIEW,10.1007/s10648-025-10014-6,https://www.webofscience.com/wos/woscc/full-record/WOS:001469290800001,adjacent-subtopic,"Transversal skills describe a broad spectrum of skills that are considered to be essential for thriving in today's society and tackling the challenges of the twenty-first century. Therefore, a high demand is placed on educators to teach these skills to their students. Unfortunately, the conceptualization of transversal skills remains vague with different frameworks reporting on various transversal skills, which complicates a translation of these skills into educational practice and research, thereby making them a ""blind spot"" in psychological research and educational practice. This paper brings the blind spot on transversal skills to a direct focus. First, we propose a conceptualization of transversal skills through a review and integration of existing frameworks. We organize transversal skills into four core concepts: cognitive skills (e.g., creativity and problem-solving), citizenship (e.g., democratic participation and respect), well-being (e.g., mental and physical health), and social-emotional skills (e.g., collaboration and communication). Second, we highlight possible ways to implement these core concepts into educational practice by providing specific examples on how to integrate specific skills into five subjects: language, mathematics, science, social studies, and arts and music. Third, a research agenda is proposed that considers the structure and underlying processes of transversal skills, their development and interventions at different stages, their predictive validity for success, and cultural differences and diversity.",wos,llm,0.830,unreviewed,
discarded,Collaborative Solving of Computer Science Tasks: How Pairs Differ from Individuals?,"Simandl, Vaclav; Vanicek, Jiri; Dobias, Vaclav",2025,INFORMATICS IN EDUCATION,10.15388/infedu.2025.06,https://www.webofscience.com/wos/woscc/full-record/WOS:001466058000006,adjacent-subtopic,"Research on collaborative learning of computer science has been conducted primarily in programming. This paper extends this area by including short tasks (such as those used in contests like the Bebras Challenge) that cover many other computer science topics. The aim of this research is to explore how problem-solving in pairs differs from individual approaches when tackling contest tasks. An observational study was conducted on tens of thousands of contestants aged 8-12 years. Statistical tests showed that, compared to individuals, pairs have a higher ratio of correct answers and solve slightly more tasks. They seem to be more successful in some components of computational thinking and are more confident in their answers. In tasks with instant feedback, pairs find the correct solution faster than individuals. As the age of the pupils increases, a trend of decreasing advantages of working in pairs can be observed. These results could be useful for curriculum makers who create computer science textbooks.",wos,llm,0.840,unreviewed,
discarded,Advancing computational thinking education: Insights from systems thinking applications,"Hamidi, Ali",2025,HUMAN SYSTEMS MANAGEMENT,10.3233/HSM-240024,https://www.webofscience.com/wos/woscc/full-record/WOS:001465933400006,adjacent-subtopic,"BackgroundIn today's world, acquiring essential skills is crucial for empowering individuals, particularly children, to handle everyday challenges and tasks in a technologically advanced society. Among these skills, computational thinking (CT) plays a vital role in problem-solving and adapting to the complex and evolving demands of the 21st century. However, it is necessary to explore the role of other thinking skills alongside CT, considering that CT cannot be improved and applied in isolation.ObjectiveThis paper aims to address the gap in knowledge regarding the application of systems thinking to CT development and its integration into education settings.MethodsResults from two studies, focusing on CT development using educational robotics and maker technologies, form the basis of this paper. The research findings are synthesized and consolidated using the systemic FMA (framework of ideas, methodology, and area of concern) model.ResultsThe research findings illustrate that utilizing a diverse set of approaches, methods, and tools can improve CT skill development across different educational settings.ConclusionsThe adapted FMA model promotes methodological pluralism and facilitates a critical examination of CT development boundaries, leading to both conceptual and practical changes. This approach enables the recognition of emergent properties, the design of interventions, and the incorporation of multiple perspectives.",wos,llm,0.800,unreviewed,
discarded,Learning Marine Biology Quantitative Skills Through Computational Thinking,"Christensen, Dana",2025,JOURNAL OF EDUCATIONAL COMPUTING RESEARCH,10.1177/07356331251316480,https://www.webofscience.com/wos/woscc/full-record/WOS:001409130900001,adjacent-subtopic,"Increased technological advances within marine biology requires professionals to become versed in interdisciplinary computer-based skills. Computational thinking (CT) is a contemporary concept used in educational settings across the globe to meet this need. CT has been incorporated into many curricula; however, incorporation strategies are vague and result in specific challenges for post-secondary marine science educators. We developed a framework to support an intervention which incorporated CT into learning marine biology quantitative skills for students in an introductory marine science course at a small liberal arts university in the northeastern United States through a quasi-experimental action research design. We assessed student participant content knowledge through two assessments, student artifacts and a self-perception survey. Results indicate that the intervention was successful in overall participant knowledge gains in both quantitative marine biology skills and computational thinking. Our research design may shed light on how post-secondary institutions may address student range of computational thinking skills within marine science to better support sustainability practices and promote equity and present its applicability to other settings.",wos,llm,0.780,unreviewed,
kept,Teachers' understanding of assessing computational thinking,"Ukkonen, Aino; Pajchel, Katarina; Mifsud, Louise",2025,COMPUTER SCIENCE EDUCATION,10.1080/08993408.2024.2365566,https://www.webofscience.com/wos/woscc/full-record/WOS:001270182900001,supports-claim,"Background and contextAssessment is one of the challenges related to the introduction of Computational thinking (CT) in compulsory education.ObjectiveThis study aims to explore teachers' understanding of CT assessment and the associated possibilities and challenges when CT is integrated into school subjects like mathematics and science.MethodWe conducted interviews with teachers from Norway and Finland, where CT is included in the national core curricula. The interviews were analysed thematically by adapting a framework for CT integration into subjects.FindingsTeachers found CT assessment to be challenging, due to its broader scope beyond coding. Formative assessment was found to be suitable for assessing CT, whereas national exams could become prescriptive amid assessment uncertainties.ImplicationsDefinitions of CT and vague curricular goals are not enough for teachers to assess CT. Professional development or clearer assessment guidelines could ameliorate the difficulties with assessing CT..",wos,llm,0.900,unreviewed,
discarded,Teachers in the Loop: Integrating Computational Thinking and Mathematics to Build Early Place Value Understanding,"Dahshan, Mai; Galanti, Terrie",2024,EDUCATION SCIENCES,10.3390/educsci14020201,https://www.webofscience.com/wos/woscc/full-record/WOS:001172020700001,adjacent-subtopic,"With increasing attention on the potential overlap between computational thinking (CT) and mathematical reasoning, STEM education researchers seek to understand how integrating CT and mathematics can deepen student learning across disciplines. Although there are various professional development programs that introduce teachers to CT concepts and strategies for curriculum integration, limited research exists on how teachers might apply this knowledge to create math + CT activities for use with their students. Additionally, the majority of research on CT integration through programming has focused on upper elementary grades, leaving the early grades (K-2) relatively unexplored. This qualitative exploratory study aims to examine how teachers in a graduate STEM education program collaborated with university STEM faculty to explore and critique a set of integrated math + CT block-based programming activities designed to build place value conceptual understanding. In-service elementary teachers enrolled in an online graduate CT course for educators (n = 13) explored these activities as learners and drew on their experiences as classroom teachers to offer feedback for program redesign. A sequence of deductive pattern coding and inductive holistic coding of course transcripts, collaborative problem-solving slides, and individual teacher reflections provided insights into how teachers were able to establish connections between their mathematical knowledge related to teaching place value and their emerging understanding of CT concepts, such as abstraction, algorithms, decomposition, and debugging. Implications for the design of professional development for elementary teachers on integrating CT and mathematics are offered.",wos,llm,0.840,unreviewed,
discarded,"Exploring Gender, Computational Making and E-Textiles using the BBC micro:bit","Rode, Jennifer Ann; Barkhuus, Louise; Ioannou, Andri",2024,"EXTENDED ABSTRACTS OF THE 2024 CHI CONFERENCE ON HUMAN FACTORS IN COMPUTING SYSTEMS, CHI 2024",10.1145/3613905.3644056,https://www.webofscience.com/wos/woscc/full-record/WOS:001227587701018,adjacent-subtopic,"We present a qualitative study of a Cypriot summer school where we used the BBC micro:bit to examine gender inclusivity in etextiles. We employed the Computational Making framework to analyze ethnographic data teaching 24 middle school students, aged 10-15. The study contrasts the challenges faced by students using the micro:bit with those from our team's previous similar e-textile studies using the LilyPad Arduino. We pinpoint the BBC micro:bit's limitations from an inclusive design perspective, underscoring the absence of gender-sensitive considerations in its hardware design. The paper presents a critique how upwards of 75 pound Million were spent deploying the micro:bit without proper user studies of gender equity and e-textiles. We propose design recommendations for future BBC micro:bit versions, advocating for integrating a gender-sensitive participatory design approach to enhance the usability and engagement of computational and creative making with e-textiles for children of all genders.",wos,llm,0.960,unreviewed,
