status,title,authors,year,venue,doi,url,tags,abstract,provider,decision_source,llm_confidence,llm_review_outcome,llm_change_direction
discarded,Direct Python Instruction from Lower Primary: A Reading-Fluency-Anchored Feasibility Analysis,That Le,2026,Zenodo (CERN European Organization for Nuclear Research),10.5281/zenodo.20131439,https://openalex.org/W7160964196,adjacent-subtopic,"Vietnamese gifted-track informatics teachers periodically ask whether Python can be the entry programming language at lower primary — Vietnamese grades 3–4, learner age 8–10 — without a Scratch, ScratchJr, or Hedy precursor. The sibling node A2.5 has established that direct Python at grades 5–7 is feasible for the gifted cohort under three measurable entry criteria; pushing entry two grades earlier raises a sharper question because lower-primary learners sit at the orthographic-fluency transition that Chall calls stage 2 (confirmation and fluency, ages 7–8) into stage 3 (reading for learning, ages 9–13) and that Adams describes as the period in which alphabetic-orthographic mapping must become near-automatic before extended decoding tasks are sustainable. This paper conducts a literature-substrate feasibility analysis indexed to reading fluency. We adopt four operational feasibility criteria — reading fluency (sustained decoding of mixed Vietnamese-English orthographic content), error-density tolerance (rate of syntax and runtime errors per minute under self-paced editing), type-error tolerance (capacity to interpret a Python TypeError or NameError as informative), and syntax-grain compatibility (whitespace-assyntax, single-character operator precedence). Applied against the reading-development literature (Chall, Adams, Ehri), the cognitive-load literature (Sweller; Sweller-Ayres-Kalyuga 2019), the novice-difficulty literature (du Boulay; Sorva notional machines; Sajaniemi roles-of-variables), and the very-early CS pedagogy literature (Bers ScratchJr; Hermans Hedy; Bau Pencil Code; Kalas primary-school programming; Carlisle and Powers on flowchart and Alice CS0), the analysis concludes that direct Python from grade 3 is not feasible under the no-cohort scope without a reading-fluency-conditional gating: feasible from grade 4 exit (post-Chall stage 2) under three of four criteria, marginal under syntax-grain. A worked 8-week grade-3 module specification is provided as the limit case. The paper triangulates against A2.5 grade-5-7 results and feeds the Python Pathway Vol 0 design.",openalex,llm,0.820,unreviewed,
discarded,Direct Python Instruction from Lower Primary: A Reading-Fluency-Anchored Feasibility Analysis,That Le,2026,Zenodo (CERN European Organization for Nuclear Research),10.5281/zenodo.20131440,https://openalex.org/W7160955824,adjacent-subtopic,"Vietnamese gifted-track informatics teachers periodically ask whether Python can be the entry programming language at lower primary — Vietnamese grades 3–4, learner age 8–10 — without a Scratch, ScratchJr, or Hedy precursor. The sibling node A2.5 has established that direct Python at grades 5–7 is feasible for the gifted cohort under three measurable entry criteria; pushing entry two grades earlier raises a sharper question because lower-primary learners sit at the orthographic-fluency transition that Chall calls stage 2 (confirmation and fluency, ages 7–8) into stage 3 (reading for learning, ages 9–13) and that Adams describes as the period in which alphabetic-orthographic mapping must become near-automatic before extended decoding tasks are sustainable. This paper conducts a literature-substrate feasibility analysis indexed to reading fluency. We adopt four operational feasibility criteria — reading fluency (sustained decoding of mixed Vietnamese-English orthographic content), error-density tolerance (rate of syntax and runtime errors per minute under self-paced editing), type-error tolerance (capacity to interpret a Python TypeError or NameError as informative), and syntax-grain compatibility (whitespace-assyntax, single-character operator precedence). Applied against the reading-development literature (Chall, Adams, Ehri), the cognitive-load literature (Sweller; Sweller-Ayres-Kalyuga 2019), the novice-difficulty literature (du Boulay; Sorva notional machines; Sajaniemi roles-of-variables), and the very-early CS pedagogy literature (Bers ScratchJr; Hermans Hedy; Bau Pencil Code; Kalas primary-school programming; Carlisle and Powers on flowchart and Alice CS0), the analysis concludes that direct Python from grade 3 is not feasible under the no-cohort scope without a reading-fluency-conditional gating: feasible from grade 4 exit (post-Chall stage 2) under three of four criteria, marginal under syntax-grain. A worked 8-week grade-3 module specification is provided as the limit case. The paper triangulates against A2.5 grade-5-7 results and feeds the Python Pathway Vol 0 design.",openalex,llm,0.820,unreviewed,
kept,"The Progression of Students’ Ability to Work With Scope, Parameter Passing and Aliasing",Filip Strömbäck; Pontus Haglund; Aseel Berglund; Erik Berglund,2023,,10.1145/3576123.3576128,https://openalex.org/W4317435351,supports-claim,"Students need the ability to reason about the behavior of programs when working with advanced concepts like concurrency and abstraction. To achieve this, students require core programming skills that allow them to trace and predict the outcome of a program. While previous research indicates that teachers cannot expect students to acquire all core programming skills after their introductory CS course, less is known of students’ progression in later years. In this study, we investigate 397 students’ ability to predict the outcome of short computer programs. The participants are from different programs and progressions in their studies. We find that students, regardless of program and year, struggle with predicting the outcome of short programs that require an accurate mental model of some less readily apparent concepts, such as references. Further, we discover that there is no significant improvement in the first three years. Finally, we propose further avenues of research to improve these learning outcomes.",openalex,llm,0.900,unreviewed,
discarded,Robotics in early childhood STEM education (REC-STEMEd): The impact on preservice teachers’ attitudes and intentions toward computational thinking,Lucas Vasconcelos; Ismahan Arslan‐Ari; Bridget Miller; Renato Gonzalez-Tapia,2025,Education and Information Technologies,10.1007/s10639-025-13529-1,https://openalex.org/W4409053570,adjacent-subtopic,"Abstract There is a large disconnect between the increasing need for computer science education in K-12 schools and the preservice teacher training provided. Consequently, preservice teachers may graduate feeling unprepared to infuse computer science concepts such as computational thinking (CT) into their teaching. To address this, we created Robotics in Early Childhood STEM Education (REC-STEMEd), a module that infuses computational thinking, robotics, and science content into an early childhood teacher education methods course. This study investigated changes in early childhood preservice teachers’ (n = 39) attitudes toward learning to teach CT and their intentions to teach CT. Findings revealed a statistically significant increase in participants’ positive affection and positive cognition, and a significant decrease in negative cognition toward learning to teach CT. A moderate but not significant decrease was found in their negative cognition. Moreover, participants reported moderately positive attitudes, subjective norms, perceived behavioral control, and intentions toward teaching CT in the future.",openalex,llm,0.950,unreviewed,
discarded,Learning programming practice and programming theory in the computer laboratory,Anna Eckerdal; Anders Berglund; Michael Thuné,2023,European Journal of Engineering Education,10.1080/03043797.2023.2294953,https://openalex.org/W4390270435,adjacent-subtopic,"Learning in the computer laboratory is an important component when students learn computer programming.In this article, we analyse empirical data on novice students working in pairs in the laboratory.Using an approach inspired by phenomenography and variation theory, we specifically focus on how students' learning of theory and their learning of practice interact.We found that theory-oriented and practice-oriented actions play different, but complimentary and closely intertwined roles in students' learning.In particular, we discuss that students' frequent switches between practice-oriented and theoryoriented actions create a variation that is helpful for learning.This variation adds to the variation the teacher creates.Finally, we discuss how and why frequent switches are important for the successful learning process and we suggest a couple of ways to make it more likely that students make such switches when working with assignments at the computer.",openalex,llm,0.700,unreviewed,
discarded,An Experimental Study in Determining Basic Robotic Coding Skills of Pre-School Students with Intellectual Disabilities,Ezgi Pelin Yıldız; Metin Çengel,2022,International Journal of Interactive Mobile Technologies (iJIM),10.3991/ijim.v16i23.36077,https://openalex.org/W4311878097,adjacent-subtopic,"Today, it can be said that coding has become a key competence for students and people working in many different fields in the business world. It is assumed that those who seek and develop new ways to learn-teach coding will be one step ahead. The educational use of coding started with the use of the Logo programming language in the 60s.This concept has started to revive in recent years with visual programming languages such as “Alice, its code, code.org and Scratch”. These visual programming structures enable young learners to write applications without having to learn the complex code structures of traditional programming languages. In this study to develop an experimental study to determine the basic robotic coding skills of preschool students with intellectual disabilities. The sample of the study consists of a total of 20 students with studying in pre-school education institutions in a city in Türkiye. The ages of the students are between 5 years old. Semi-experimental design, one of the experimental research designs, was used in the research. In this context, 1 experimental and 1 control group was formed with the random assignment method. The materials used in both the experimental and control groups were determined as the pre-school robotic coding set U-bot starter package.5 weeks were determined as the teaching process and a total of 12 activities that served the purpose were applied to the students. During the applications, the data of the students were collected with the help of the observation form, coding skill test and after the application, they were collected through focus group interviews. As a result, at the end of the 5-week period, it was observed that there were positive significant changes in the two dependent variables (academic achievement andlearning rate) that were used as a basis for measuring the learning skills of both the experimental group and the control group students.",openalex,llm,0.940,unreviewed,
kept,"List, Array, and Dictionary: A Teaching-Order Synthesis for Minimum Novice Confusion",That Le,2026,Zenodo (CERN European Organization for Nuclear Research),10.5281/zenodo.20131467,https://openalex.org/W7160893201,supports-claim,"The introductory Python curriculum has to introduce three collection abstractions — the built-in list, the NumPy ndarray (the cultural referent for ""array"" in Python-pedagogy contexts), and the built-in dict — and the order in which they are introduced determines a large share of the misconceptions the curriculum produces. The pedagogical literature has converged on a partial answer for sequences before mappings in the abstractdata-type tradition, but the empirical work has not adjudicated the three-way ordering at the level Python-first curricula require: where in the sequence does dict belong (immediately after list, deferred until after function-passing is taught, or interleaved with the sequence concept), and where does the typed contiguous ndarray belong (early as a numeric alternative to list, deferred until after list and dict are stable, or scoped out of the introductory band entirely). This paper synthesises Sajaniemi's roles-ofvariables programme, Sorva's notional-machine work, Caceffo et al.'s 2016 misconception inventory, Kohn's Python-specific name-binding and error-message work, du Boulay's notionalmachine analysis, the Robins-Rountree-Rountree 2003 review and the Qian-Lehman 2017 update, the McCracken et al. 2001 multi-institutional assessment, the Lister 2004 / Lopez-Whalley 2008 tracing-explaining-writing studies, Guo's Python Tutor visualisation work, the Brown-Wilson 2018 ten-quick-tips, the NumPy array-programming literature, and the cognitive-loadtheory updates. The paper delivers three contributions. First, a five-criterion methodology for adjudicating data-structure teaching order: cognitive-load profile, transfer from prior knowledge, Python-idiom fit, misconception density, and prerequisite chain. Second, a per-candidate-ordering misconception inventory (listfirst, dict-first, array-first, list-then-array-then-dict, list-thendict-then-array) drawing on the existing literature. Third, a recommendation: list (introducing sequence and mutation), then dict (introducing key-value mapping abstraction), with NumPy ndarray deferred until a specific numeric or scientific-computing use case justifies it, supported by a falsifiable rationale, a designrule set, and an explicit mapping onto the PP and FS2P Vol 2–3 chapter windows. Per the elix-researches no-cohort constraint, no learner data is collected; deployment validation is identified as a downstream cohort responsibility and is out of scope here.",openalex,llm,0.780,unreviewed,
kept,"List, Array, and Dictionary: A Teaching-Order Synthesis for Minimum Novice Confusion",That Le,2026,Zenodo (CERN European Organization for Nuclear Research),10.5281/zenodo.20131466,https://openalex.org/W7160935246,supports-claim,"The introductory Python curriculum has to introduce three collection abstractions — the built-in list, the NumPy ndarray (the cultural referent for ""array"" in Python-pedagogy contexts), and the built-in dict — and the order in which they are introduced determines a large share of the misconceptions the curriculum produces. The pedagogical literature has converged on a partial answer for sequences before mappings in the abstractdata-type tradition, but the empirical work has not adjudicated the three-way ordering at the level Python-first curricula require: where in the sequence does dict belong (immediately after list, deferred until after function-passing is taught, or interleaved with the sequence concept), and where does the typed contiguous ndarray belong (early as a numeric alternative to list, deferred until after list and dict are stable, or scoped out of the introductory band entirely). This paper synthesises Sajaniemi's roles-ofvariables programme, Sorva's notional-machine work, Caceffo et al.'s 2016 misconception inventory, Kohn's Python-specific name-binding and error-message work, du Boulay's notionalmachine analysis, the Robins-Rountree-Rountree 2003 review and the Qian-Lehman 2017 update, the McCracken et al. 2001 multi-institutional assessment, the Lister 2004 / Lopez-Whalley 2008 tracing-explaining-writing studies, Guo's Python Tutor visualisation work, the Brown-Wilson 2018 ten-quick-tips, the NumPy array-programming literature, and the cognitive-loadtheory updates. The paper delivers three contributions. First, a five-criterion methodology for adjudicating data-structure teaching order: cognitive-load profile, transfer from prior knowledge, Python-idiom fit, misconception density, and prerequisite chain. Second, a per-candidate-ordering misconception inventory (listfirst, dict-first, array-first, list-then-array-then-dict, list-thendict-then-array) drawing on the existing literature. Third, a recommendation: list (introducing sequence and mutation), then dict (introducing key-value mapping abstraction), with NumPy ndarray deferred until a specific numeric or scientific-computing use case justifies it, supported by a falsifiable rationale, a designrule set, and an explicit mapping onto the PP and FS2P Vol 2–3 chapter windows. Per the elix-researches no-cohort constraint, no learner data is collected; deployment validation is identified as a downstream cohort responsibility and is out of scope here.",openalex,llm,0.780,unreviewed,
discarded,Here we go again,Nischal Shrestha; Colton Botta; Titus Barik; Chris Parnin,2022,Communications of the ACM,10.1145/3511062,https://openalex.org/W4213301934,adjacent-subtopic,"Once a programmer knows one language, they can leverage concepts and knowledge already learned, and easily pick up another programming language. But is that always the case? To understand if programmers have difficulty learning additional programming languages, we conducted an empirical study of Stack Overflow questions across 18 different programming languages. We hypothesized that previous knowledge could potentially interfere with learning a new programming language. From our inspection of 450 Stack Overflow questions, we found 276 instances of interference that occurred due to faulty assumptions originating from knowledge about a different language. To understand why these difficulties occurred, we conducted semistructured interviews with 16 professional programmers. The interviews revealed that programmers make failed attempts to relate a new programming language with what they already know. Our findings inform design implications for technical authors, toolsmiths, and language designers, such as designing documentation and automated tools that reduce interference, anticipating uncommon language transitions during language design, and welcoming programmers not just into a language, but its entire ecosystem.",openalex,llm,0.920,unreviewed,
discarded,A Common Rubric for Per-Stage Assessment Across the K-12 Informatics Pipeline,That Le,2026,Zenodo (CERN European Organization for Nuclear Research),10.5281/zenodo.20131524,https://openalex.org/W7160957507,adjacent-subtopic,"The Vietnamese K-12 informatics pipeline that leads from first-encounter programming to IOI-feeder competitive readiness crosses four pedagogically distinct stages: Foundation (first contact, age-appropriate informal programming), Consolidation (Python fluency and decomposition), Specialisation (algorithm-cluster vocabulary), and Competitive (contest-format spine-cluster deployment). Existing assessment practice equips each stage with a different rubric, designed in isolation, often by a different author or institution, with different criterion names, different band labels, and different scoring conventions. The consequence is that a learner's progression across the pipeline is not legible as a single trajectory: a Foundation ""proficient"" rating does not commensurate with a Specialisation ""proficient"" rating, and the placement-diagnostic and audit loop must repeatedly re-derive what each rating means. This paper proposes a common rubric — seven criteria scored on a 4-band scale — that is constant in criterion identity across all four stages, but stage-calibrated in band-meaning so that the rubric's difficulty surface tracks the pipeline's progression. The seven criteria are C1 conceptual understanding (notional-machine fidelity), C2 procedural fluency (write-from-spec under stage-appropriate constraints), C3 problem decomposition (subgoal labelling, functionlevel abstraction, cluster-strategy retrieval), C4 debugging-andrevision (error-localisation and corrective revision against named feedback), C5 generalisation and transfer (out-of-distribution probe performance), C6 communication (explanation, code-asdocument, post-mortem narration), and C7 metacognition (selfregulated learning, self-assessment calibration). Each criterion is anchored on a published rubric-design tradition (Andrade and Du 2005; Allen and Tanner 2006; Wiggins and McTighe 2005) or programming-assessment tradition (Lister 2004; Sentance et al. 2019; ACM CC2020) and is stated as a falsifiable observable indicator at each band. The rubric is consumed by the program audit loop as the per-stage scorecard input, crosswalks to the E1.1 seven-band pipeline system, supplies the rubric-row content of the E4.4 two-axis assessment matrix, and acts as the construct-map calibration anchor for the E1.5 placement diagnostic instrument. The contribution is not novel criterion content — the criteria are inherited from the canon — but the cross-stage coherence rule that holds criterion identity constant while shifting band-meaning, and the stage-calibration tables that make the rule operational.",openalex,llm,0.840,unreviewed,
