status,title,authors,year,venue,doi,url,tags,abstract,provider,decision_source,llm_confidence,llm_review_outcome,llm_change_direction
discarded,Integrating Computational Thinking Skills in Secondary Education: a Feasibility Study,Khadijah Wan Mohd Ghazali; Mashanum Osman; Zuraini Othman; Masitah Seikh Omar,2024,2024 International Conference on TVET Excellence & Development (ICTeD),10.1109/ICTeD62334.2024.10844653,https://ieeexplore.ieee.org/document/10844653/,adjacent-subtopic,"This feasibility study investigates the practicality of incorporating Computational Thinking (CT) education into secondary school curricula, aiming to equip students with essential 21st-century skills. The study assesses the readiness of educational institutions, teachers and students to embrace CT as an integral part of their learning journey, identifying potential challenges and barriers to successful implementation. To achieve these objectives, the research examines the existing landscape of CT education, evaluates teacher preparedness, analyses student receptiveness, and explores resource requirements and best practices from around the world. As part of this investigation, an immersive learning approach will be integrated. A five-day training program was implemented, featuring a comprehensive curriculum that covered key CT concepts, problem-solving techniques, presentation skills, and problem-based learning aligned with Sustainable Development Goals. The program included pre-and post-surveys to measure students’ understanding of CT concepts and practical projects to apply their learning. Results showed consistent improvement in students’ self-reported understanding of CT skills and their ability to apply these concepts to real-world problems. The study reveals that integrating CT into secondary education is not only necessary but also highly beneficial. The study emphasizes that a holistic educational reform incorporating leadership, technology and curriculum adjustments is essential for the successful implementation of CT education. The study also highlights the importance of aligning CT education with current educational policies and trends, such as KSSM (Kurikulum Standard Sekolah Menengah -Secondary School Standard Curricular), which advocate for the inclusion of CT as a fundamental practice of science education. In conclusion, this study provides valuable insights and recommendations for educational policymakers, administrators, and educators interested in enhancing CT skills in secondary students.",ieee,llm,0.930,unreviewed,
discarded,The impact of different types of scaffolding in project-based learning on girls' computational thinking skills and self-efficacy,Yunbo Jin; Junmei Sun; Hongliang Ma; Xiaohong Wang,2021,2021 Tenth International Conference of Educational Innovation through Technology (EITT),10.1109/EITT53287.2021.00077,https://ieeexplore.ieee.org/document/9694003/,adjacent-subtopic,"Gender differences in computational thinking (CT) among students are obvious, with boys ‘CT being significantly higher than girls’. Therefore, how to effectively improve girls' CT has become a serious concern. This study integrated two types of project-based learning (PBL) into a Scratch programming course, one with extensive teacher-supported scaffolding and the other with limited teacher-supported scaffolding. To examine their impact on girls' CT skills and self-efficacy, this study applied mixed research methods, conducted a pretest-posttest control group experiment, and analyzed the quantitative and qualitative data collected from 21 grade-3 girls in a primary school. It was found that the extensive teacher-supported scaffolding of PBL in a Scratch programming course is more effective in promoting the CT skills and self-efficacy than limited teacher-supported scaffolding of PBL. These findings have some implications for the effective PBL practice and related teacher professional development.",ieee,llm,0.950,unreviewed,
discarded,Discussing the Challenges Related to Deployment of Computational Thinking in Brazilian Basic Education,Tainã Carvalho; Daiane Andrade; Jayne Silveira; Victor Auler; Simone Cavalheiro; Marilton Aguiar; Luciana Foss; Ana Pernas; Renata Reiser,2013,2013 2nd Workshop-School on Theoretical Computer Science,10.1109/WEIT.2013.27,https://ieeexplore.ieee.org/document/6778575/,adjacent-subtopic,Computational thinking aims to employ Computer Science foundations to solve problems in different knowledge areas. This paper describes projects related to computational thinking and starts a discussion on the challenges for implementing computational thinking in primary and secondary education in Brazil.,ieee,llm,0.860,unreviewed,
discarded,The Impact of Code Structure on Programming Fluency for Kids in Programming Languages,Rehab Ramadan Soudani; Afaf Alayadl Mohamed Experts; Ahmed Mohamed Abdulgader; Musbah Abdulgader,2024,2024 International Conference on Computer and Applications (ICCA),10.1109/ICCA62237.2024.10927931,https://ieeexplore.ieee.org/document/10927931/,adjacent-subtopic,"This paper investigates the impact of children's programming fluency and its relationship to the structure of the programming code, aiming to determine the best age to start teaching programming. A mixed-methods approach was employed, combining quantitative assessments with qualitative observations to assess children's development of computational skills. The study focused on block coding, particularly using the Scratch programming language to enhance children's program-ming fluency. The findings reveal that block coding significantly improves programming fluency, especially for children between 10 and 15, highlighting the importance of code structure in helping young learners better understand programming concepts such as encapsulation. This study emphasizes the value of early programming education and offers insights into effective teaching methods to promote computational thinking and creativity in young learners.",ieee,llm,0.970,unreviewed,
discarded,Prospective Kindergarten Teachers' Readiness to Integrate Computational Thinking into Early Childhood Education,A. Mirković Moguš; R. Varga; V. Kiralj,2025,2025 MIPRO 48th ICT and Electronics Convention,10.1109/MIPRO65660.2025.11132019,https://ieeexplore.ieee.org/document/11132019/,adjacent-subtopic,"This study explores the perspectives of prospective kindergarten teachers regarding the integration of computational thinking (CT) in early childhood education (ECE), focusing on their self-assessed CT skills and attitudes toward implementing CT-related activities in the ECE settings. Recognizing the growing importance of CT as a fundamental life skill, this research aimed to assess the readiness of university students enrolled in the ECE program to integrate CT into their professional practice. Students in the first, second and third year of the bachelor study program were asked to self-assess their CT knowledge, skills and attitudes in an online survey. The results indicate that students exhibit a varied level of CT knowledge and skills: they excel in creativity, whereas the algorithmic thinking skill is perceived to be the least developed skill. In addition, they expressed overall positive attitudes toward incorporating CT activities in ECE, highlighting the potential benefits for children's cognitive and developmental growth. These insights underline the need for targeted training and curriculum adjustments to prepare future educators for implementing CT in their pedagogical practices. This study contributes to understanding of the readiness of prospective kindergarten teachers to adopt innovative educational approaches and provides a foundation for enhancing study programs to support CT in ECE.",ieee,llm,0.940,unreviewed,
kept,Teachers' Intention to Integrate Computational Thinking Skills in Higher Education: A Survey Study in the Netherlands,Xiaoling Zhang; Efthimia Aivaloglou; Marcus Specht,2024,2024 IEEE Global Engineering Education Conference (EDUCON),10.1109/EDUCON60312.2024.10578887,https://ieeexplore.ieee.org/document/10578887/,qualifies-claim,"Computational Thinking (CT) is vital in today's digital era, especially in Engineering Education. While no official policy or teaching framework on CT education has been established in the Netherlands, a Western European country, there have been various initiatives for the integration of CT into the curriculum. Recognizing the crucial role of teachers in CT integration, we surveyed the perceptions and intentions of teachers in tertiary education in the Netherlands. Our survey encompassed two aspects: (1) teachers' perceptions of CT, and (2) their intentions to integrate CT into pedagogical activities. 38 teachers, mostly in Engineering Education, from across the Netherlands completed the questionnaire based on the UTAUT framework. Regarding CT perceptions, our investigation reveals that teachers possess an inadequate understanding of the relationship between CT and Computer Science, have limited training experiences in CT, and hold differing opinions on when and which constructs of CT should be integrated into different domains. Concerning teachers' intentions to integrate CT, the results exhibited a strong positive correlation between performance expectancy, attitude towards CT, and behavioral intention to implement CT in learning activities. To foster the integration of CT in tertiary education, our findings suggest the need for further development of higher education teacher training programs focused on CT and its relation to CS. Additionally, there is a call for further exploration of how to enhance teachers' performance expectancy and effort expectancy.",ieee,llm,0.910,unreviewed,
discarded,Computational Thinking Education: Who Let the Dog Out?,Samar Swaid; Taima Suid,2019,2019 International Conference on Computational Science and Computational Intelligence (CSCI),10.1109/CSCI49370.2019.00150,https://ieeexplore.ieee.org/document/9071265/,adjacent-subtopic,"Today, Computational Thinking is seen as an important competency and the fourth skill that every child should process. Several significant attempts have been made to increase a student's exposure to Computational Thinking at the K-12 level, however the process is complex and requires systematic planning and comprehensive curriculum. In this paper, we describe the STEPP-UP program that aims to introduce middle schoolers to Computational Thinking via Scratch and Java coding sessions. A comprehensive curriculum and hands-on activities are applied to introduce Computational Thinking for a total of 41 students for a period of five semesters from Fall 2017 until Fall 2019. To assess the learning objectives, we used three methods of evaluation; design-scenarios, paper-assessments, and learner-documentation. Findings indicate that the students have increased knowledge of Computational Thinking and its applications for problem solving.",ieee,llm,0.920,unreviewed,
discarded,Hands-on Active Learning Approach to Teach Artificial Intelligence/Machine Learning to Elementary and Middle School Students,Neelu Sinha; Ryan F. Evans; Mackenzie Carbo,2023,2023 32nd Wireless and Optical Communications Conference (WOCC),10.1109/WOCC58016.2023.10139678,https://ieeexplore.ieee.org/document/10139678/,adjacent-subtopic,"The last decade has seen a surge in expanding access to Computer Science (CS) education, especially for K-12, with many states even stipulating student learning standards in CS and Computational Thinking (CT). Our 21st century K-12 students are no longer just computer users, but are now required to be computationally literate creators with proficient skills both in the concepts and practices of CS and CT. At the same time, technology continues to pervade our lives and expand at a relentless pace and all aspects of our lives are now embedded in technology surrounded by Artificial Intelligence (AI). AI in the form of Machine Learning (ML) is a key technology in a diversity of applications, where we use sensors to meaningfully perceive the world around us, analyze and organize the perceived data, and autonomously use that data to make predictions and decisions. In higher education, AI/ML courses proliferate, with many institutions now conferring degrees and certifications in these. To an extent, some high schools (grades 9–12) have started introducing these concepts in a technology class, or a robotics club, or as an after-school activity. As for middle (grades 6–8) and elementary school (grades K-5), there are very few examples of such instruction. In this paper, we present a complete framework for elementary and middle school teachers to help them prepare and incorporate AI/ML lessons in their classrooms using hands-on active learning strategies. We want to empower these teachers to impart improved learning to their students, which in turn will prepare their students to become effective thinkers, problem solvers, communicators, and gain necessary skills for high-skilled and high-demand jobs. We describe a detailed AI/ML lesson plan based on standards and framework, AI4K12 big ideas, art and science of curriculum design, active learning, and culturally responsive and inclusive pedagogy. Then we discuss our experiences in teaching the same to $\boldsymbol{4}^{\mathbf{th}}$ grade students in an elementary school.",ieee,llm,0.950,unreviewed,
discarded,Educational robotics for the formation of programming skills and computational thinking in childish,Yen Air Caballero González; Ana García-Valcárcel Muñoz-Repiso,2017,2017 International Symposium on Computers in Education (SIIE),10.1109/SIIE.2017.8259652,https://ieeexplore.ieee.org/document/8259652/,adjacent-subtopic,"Currently, the education sector has been transformed because of the incorporation of information and communication technologies as a valuable support for the formation of digital skills and significant learning. In this article, we present how educational robotics can be integrated into a school environment allowing the achievement of curricular objectives and the development of programming skills and computational thinking. The study was oriented towards a population of 131 students of early childhood education, belonging to a concerted educational center of the autonomous community of Castilla y León, during the 2016-2017 academic period. It describes the resources used, the teaching-learning activities developed and shows what was the acceptance expressed by teachers and students about the incorporation of educational robotics in the classroom.",ieee,llm,0.940,unreviewed,
discarded,Design and Application of High School Scratch Programming Instructional Activities for Computational Thinking Development,Hairu Yang; Yuhang Li; Zhou Liang; Hongyan Chen; Meifen Chen; Xiaoyu Zhang,2025,2025 7th International Conference on Computer Science and Technologies in Education (CSTE),10.1109/CSTE64638.2025.11092227,https://ieeexplore.ieee.org/document/11092227/,adjacent-subtopic,"With the increasing importance of computational thinking in the digital age, Scratch programming programs have performed well in developing students' computational thinking skills. Nevertheless, the authors found that current high school students still commonly suffer from poor computational thinking skills and low academic satisfaction. Therefore, this study designed a model of high school scrath programming teaching activities for developing computational thinking, using constructivist learning theory, achievement motivation theory, and Dewey's behavioral view of learning as theoretical guides, selected two classes of sophomore students in a high school in China as the research subjects, and conducted a quasi-experimental study to validate the model. The results of the study show that the teaching mode can effectively improve students' abilities in abstraction, decomposition, algorithms, evaluation and generalization, and it is further found that the effect of improving abstract thinking and generalization thinking is most prominent.",ieee,llm,0.940,unreviewed,
discarded,Improving Computational Thinking Competencies in STEM Higher Education,Nasrin Dehbozorgi; Mehdi Roopaei,2024,2024 IEEE Integrated STEM Education Conference (ISEC),10.1109/ISEC61299.2024.10664997,https://ieeexplore.ieee.org/document/10664997/,adjacent-subtopic,"Computational thinking (CT) is a key competency with a significant impact on students' academic performance in STEM fields. It empowers students to enhance problem-solving skills by decomposing problems, utilizing abstraction and pattern recognition, and employing algorithmic thinking to design solutions and build models. This is particularly important in STEM disciplines where logical reasoning is essential for addressing complex real-world challenges in academic and industrial settings. Given the increasing demand for professionals equipped with strong algorithmic thinking and problem-solving abilities in Industry 5, educational institutions are focusing on enhancing students' CT and problem-solving skills. This study presents an initiative conducted over the past two years at our institute to teach CT in a gateway course to students with different backgrounds in STEM fields. The approach involved designing specific learning modules on Abstraction, Decomposition, Pattern Recognition, and Algorithmic Thinking and integrating them into the LMS. After studying these learning modules, the students were exposed to specific assignments that required the application of related CT skills. Pre and post surveys were employed by using standard CT tests to measure the impact of the intervention on students' CT levels. The results indicated an improvement in students' perceptions of their mastery of CT. Academic course grades also showed an improvement, with increased A scores and reduced F grades post-intervention. This two-year study on improving CT skills has yielded promising results. Moving forward, the research aims to enhance the existing modules further and distribute them to a broader range of introductory-level STEM courses in other universities. This future direction aligns with the goal of expanding the impact of CT education and integrating it more widely into STEM curricula.",ieee,llm,0.900,unreviewed,
discarded,A Common Framework for Automatically Assessing Computational Thinking Skills,Lilliana Sancho-Chavarria; Isaac Alpizar-Chacon; Herson Esquivel-Vargas; Jorge Monge-Fallas; Antonio Gonzalez-Torres; Ignacio Trejos-Zelaya,2025,2025 IEEE 43rd Central America and Panama Convention (CONCAPAN XLIII),10.1109/CONCAPAN66820.2025.11512501,https://ieeexplore.ieee.org/document/11512501/,adjacent-subtopic,"Approaching problems in a logical and structured way is currently considered a key skill for finding appropriate solutions to complex problems. Particularly in Computer Science degrees, introductory programming courses aim to teach programming methods and techniques, as well as to develop a way of thinking that enables students to generate good solutions to diverse problems. The term computational thinking (CT) encompasses a set of mental processes for solving problems using skills such as abstraction, algorithmic thinking, and problem decomposition, among others. While CT research has largely focused on primary and secondary education, often using tools like Scratch or Bebras tasks, studies targeting university-level students remain limited. Training and assessment of CT in higher education, therefore, present an open area of interest for research. This paper proposes a novel approach for automatically analyzing students’ source code to evaluate their development of CT skills. We introduce a framework grounded in software engineering metrics and validate it through an initial case study. The findings underscore the need for a second study involving intentionally designed exercises to assess CT competencies more effectively.",ieee,llm,0.890,unreviewed,
discarded,Co-Designing Machine Learning Apps in K–12 With Primary School Children,Tapani Toivonen; Ilkka Jormanainen; Juho Kahila; Matti Tedre; Teemu Valtonen; Henriikka Vartiainen,2020,2020 IEEE 20th International Conference on Advanced Learning Technologies (ICALT),10.1109/ICALT49669.2020.00099,https://ieeexplore.ieee.org/document/9156030/,adjacent-subtopic,"Artificial intelligence and machine learning are making their ways rapidly to K-12 education. Google Teachable Machine, powered by convolutional neural networks, provides an easy-to-use yet powerful tool for classification tasks. We conducted a series of co-design workshops with primary school children, where they explored and designed their own machine learning powered applications with Google Teachable Machine. Our results show that Google Teachable Machine is a feasible tool for K-12 education. The trained machine learning models are lightweight and computationally efficient, and the applications are usable even with low-end mobile devices. The students and teachers appreciated the multidisciplinary and inclusive workshop, which supports development of transversal competencies in accordance to the national primary school curriculum.",ieee,llm,0.960,unreviewed,
