status,title,authors,year,venue,doi,url,tags,abstract,provider,decision_source,llm_confidence,llm_review_outcome,llm_change_direction
discarded,Deobfuscation of Control Flow Flattening Based on Abstract Interpretation,Soyeon Baek; Sungho Lee,2026,IEEE Transactions on Software Engineering,10.1109/TSE.2026.3659437,https://ieeexplore.ieee.org/document/11369430/,off-topic-false-hit,"Control Flow Flattening (CFF) is one of the control flow obfuscation techniques. It flattens control flows to conceal the sequential flow of programs. Researchers have utilized both static and dynamic approaches to deobfuscate CFF. Static methods primarily rely on symbolic execution, which leverages pattern-based information from CFF to perform effective analysis. However, these patterns can vary depending on the obfuscation tools used, and the deobfuscation techniques may only work for certain obfuscation tools. Dynamic approaches, on the other hand, face limitations as they may not cover all possible execution paths. We propose a static deobfuscation technique that is independent of obfuscation patterns. Our technique adopts abstract interpretation, which is a theoretical static analysis framework covering all execution paths. We define k-switch context sensitivity for the deobfuscation of CFF, which enables path-sensitive analysis to accurately identify the order of each execution path in obfuscated programs. Our approach utilizes the k-switch context sensitive analysis result to divide an obfuscated program into small fragments of sequentially executable blocks and reassemble the blocks to reconstruct the program’s original control flows. We demonstrate that our technique effectively reduces control flow complexity while preserving the semantics of the obfuscated program. Furthermore, by utilizing a binary lifter, we show that our method is also applicable to obfuscated binary code.",ieee,llm,0.980,unreviewed,
discarded,Survey of Malware Analysis through Control Flow Graph using Machine Learning,Shaswata Mitra; Stephen A. Torri; Sudip Mittal,2023,"2023 IEEE 22nd International Conference on Trust, Security and Privacy in Computing and Communications (TrustCom)",10.1109/TrustCom60117.2023.00212,https://ieeexplore.ieee.org/document/10538930/,off-topic-false-hit,"Malware is a significant threat to the security of computer systems and networks, requiring sophisticated techniques to analyze its behavior and functionality for detection. Due to their rapid evolution, traditional signature-based malware detection methods have become ineffective in detecting new and unknown malware. One of the most promising techniques to overcome the limitations of signature-based detection is using control flow graphs (CFGs). CFGs leverage the structural information of a program to represent the possible paths of execution as a graph, where nodes represent instructions and edges represent control flow dependencies. Machine learning (ML) algorithms extract these features from CFGs and classify them as malicious or benign. In this survey, we aim to review some state-of-the-art methods for malware detection through CFGs using ML, focusing on the different ways of extracting, representing, and classifying. Specifically, we present a comprehensive overview of various CFG features and different ML algorithms applied to CFG-based malware detection. We provide an in-depth analysis of the challenges and limitations of these approaches, as well as suggest potential solutions to address persisting open problems and promising future directions for research in this field.",ieee,llm,0.990,unreviewed,
discarded,An evaluation of a new two-dimensional analytic ionospheric ray-tracing technique: Segmented method for analytic ray tracing (SMART),R. J. Norman; P. S. Cannon,1999,Radio Science,10.1029/98RS01788,https://ieeexplore.ieee.org/document/7770765/,off-topic-false-hit,"Analytic ray tracing is considerably less time consuming than numerical ray tracing. However, despite the advantage of speed, analytic ray tracing has a major limitation: the difficulty of including the effects on the ray path of horizontal gradients in electron density. In the past this difficulty has been addressed using ionospheric models whereby an effective tilt is introduced by displacing the center of the ionosphere from the center of the Earth. In this paper, ray equations for the ground range, phase path, group path, and divergent power loss are developed for a new two-dimensional analytic ray tracing technique, known as the segmented method for analytic ray tracing (SMART), which is able to deal with horizontal gradients in electron density. Ray tracing using two tilting methods are compared with ray tracing using SMART. Further, these results are compared with a numerical ray tracing program known as homing-in ray tracing (HIRT).",ieee,llm,1.000,unreviewed,
discarded,Efficient Compilation of Algorithms into Compact Linear Programs,Shermin Khosravi; David Bremner,2025,2025 IEEE International Conference on Collaborative Advances in Software and COmputiNg (CASCON),10.1109/CASCON66301.2025.00064,https://ieeexplore.ieee.org/document/11344213/,adjacent-subtopic,"While data-driven approaches continue to find new applications across many domains, traditional mathematical optimization frameworks remain highly effective for solving realworld problems with well-defined constraints. Linear Programming (LP) is widely applied in industry and is a key component of various other mathematical problem-solving techniques. Although Algebraic Modeling Languages (AMLs) offer a higher level of abstraction for describing LPs, users must still manually specify each set of constraints. A recent work introduced an LP compiler that not only enables conversion of algorithms expressed in a more intuitive high-level programming language into LPs, but also guarantees polynomial-size LPs for P problems having exponential extension complexity. However, the LPs are extremely large in practice, posing challenges for existing LP solvers due to memory limitations, long solution and presolve times, numerical instability, and rounding errors. With the longterm goal of enabling systematic generation of Compact Integer Programming (CIP) formulations for exponential-size Integer Programs (IPs) having polynomial-time separation oracles, we propose a hierarchical linear pipelining technique, called Hierarchical Synchronization Barriers (HSB). HSB decomposes code into tree-like synchronized regions with statically known execution transitions, functions of compile-time parameters. This control-flow abstraction localizes LP constraints and variables to their relevant regions, significantly reducing LP size. We examine the effectiveness of HSB on the makespan problem, which has exponential extension complexity, and the weighted minimum spanning tree problem, both of which have exponentialsize natural LP formulations. Our results show up to a 25-fold reduction in LP size and substantial improvements in solver performance across both commercial and non-commercial LP solvers.",ieee,llm,0.840,unreviewed,
discarded,Detecting Usage of Deprecated Web APIs via Tracing,Leif Bonorden; André van Hoorn,2024,2024 IEEE 21st International Conference on Software Architecture (ICSA),10.1109/ICSA59870.2024.00011,https://ieeexplore.ieee.org/document/10592673/,adjacent-subtopic,"Deprecation is a way to inform clients using an application programming interface (API) that the usage of this API is discouraged. Tool support and research for deprecation in local APIs are well established. However, nowadays web APIs are more commonly used, e.g., using the REST architectural style. However, the techniques to detect and handle the usage of deprecated local APIs cannot be directly applied to web APIs. Previous approaches for detecting deprecated web APIs focus on static analysis of client code by detecting calls to web APIs and, subsequently, an investigation of associated API specifications. These approaches currently have two essential limitations: (i) The target of an API call can often not be determined statically. (ii) Deprecation in API specifications is not the only way to signal deprecation for web APIs. We introduce a dynamic approach using tracing to detect calls to web APIs. Subsequently, we check the called APIs for deprecation using an API specification, response meta-data, or a knowledge base. This approach addresses both limitations of the detection with static analysis. We implement the approach and evaluate it on three projects, including client-server calls as well as a microservice benchmark system. The empirical evaluation yields a precision of 1.00 and a recall of 0.95. The false negatives can be attributed to a shortcoming in the automatic instrumentation provided by OpenTelemetry observability framework.",ieee,llm,0.940,unreviewed,
discarded,A Physics-Informed Deep Ray Tracing Network for Regional Channel Impulse Response Estimation,Shuchen Wang; Suixiang Gao; Wenguo Yang; Qiwei Zhang; Tian-Hong Loh; Yang Yang; Fei Qin,2025,IEEE Transactions on Wireless Communications,10.1109/TWC.2025.3549498,https://ieeexplore.ieee.org/document/10930692/,off-topic-false-hit,"In modern wireless communication systems, a profound grasp of the channel impulse response (CIR) is pivotal for optimizing the design and functionality of algorithms and systems, especially for multiple-input-multiple-output (MIMO) technology. Conventional methods for gauging and modeling the channels rely on evaluating spatial points sampled discretely, resulting in limitations in acquiring pertinent channel information across a broad region. To overcome these limitations, this study embeds the physical principles of electromagnetic wave propagation into data-driven deep learning models, achieving second-level regional CIR computing efficiency that is hundreds of times faster. The proposed physics-informed deep ray tracing network (PIDRTN) integrates multiple U-shaped network (U-Net) encoder-decoder blocks, capturing radio wave propagation characteristics within a specific region surrounded by buildings, including two equivalent signal propagation directions in a two-dimensional space and a signal intensity correction term. Then, the network employs a parameter-free nonlinear signal transmission module to emulate the physical principles of signal propagation and obtain accurate CIRs from limited anchor locations, which will iteratively generate CIRs for various times within a specified region subjected to enhancement and denoising operations. Furthermore, the PIDRTN-A model, which utilizes anchor data to improve model accuracy, is proposed. A dataset encompassing diverse fading scenarios is constructed using the ray tracing (RT) method. Extensive experiments demonstrate that the proposed models effectively capture directional and reflective properties of signals; using the RT model as a benchmark, normalized root mean squared errors (NRMSEs) of 0.1226 and 0.0969 are obtained for the PIDRTN and PIDRTN-A models, respectively.",ieee,llm,1.000,unreviewed,
discarded,Spectrum-Based Fault Localization in Regression Testing,Shailesh Tiwari; K.K. Mishra; Anoj Kumar; A.K. Misra,2011,2011 Eighth International Conference on Information Technology: New Generations,10.1109/ITNG.2011.40,https://ieeexplore.ieee.org/document/5945231/,adjacent-subtopic,"In maintenance, regression testing is used to revalidate modified software which is also an expensive and frequently executed process. In conventional regression testing approach, developers generally re-run all test suite or selectively run a sub-set of existing test cases on the modified version of program. After executing the test cases over program, developer may reveal the regression faults due to changes in code and use these non obsolete test cases from pre-existing test suite to explore and eradicate regression faults. This paper addresses the fundamental limitations of conventional regression testing approach. To overcome these limitations, this paper presents a spectrum-based fault localization strategy by which the stated limitations are resolved in effective manner. Spectrum-based fault localization strategy utilizes various program spectra to identify the behavioral differences between old and new version of the program under test. This comparison is also useful in pinpointing the cause of failures or errors and presence of difference in program spectra may indicate those test cases for which the construction of expected output or oracle or specification is not needed. It is very expensive to compute and verify expected output and some times it is impossible to compute expected outputs for non-trivial programs. This approach is used in regression testing to identify behavioral differences between old and new version of a program.",ieee,llm,0.930,unreviewed,
discarded,Semantic Redirection Obfuscation: A Control flow Obfuscation Based on Android Runtime,Zhichao Wang; Yiwei Shan; Zhi Yang; Ruoyi Wang; Shuang Song,2020,"2020 IEEE 19th International Conference on Trust, Security and Privacy in Computing and Communications (TrustCom)",10.1109/TrustCom50675.2020.00241,https://ieeexplore.ieee.org/document/9343161/,off-topic-false-hit,"Reverse engineering, repackaging and misuse of Android apps are becoming more and more widespread. Many obfuscation schemes are not enough against sustainably evolving reverse engineering techniques, while others have performance problems or limitations. In this paper, we propose a novel scheme that redirects method invocation dynamically to hide the actual control flow of the program. Firstly, some pivotal methods are replaced by others unrelated methods, so that the actual semantics of the program no longer appear. Then by modifying the entry address of the methods in the obfuscated code, the methods execution automatically jumps to the corresponding target methods without any code modification. In order to accurately restore the control flow, the encrypted mapping is decrypted using dynamic passwords from the server in the standalone Java interpreter. Since the obfuscated program semantics and program execution results can not be significantly different, it is almost impossible to reveal the real logic of the program through static analysis. The scheme can also effectively increase the difficulty of dynamic analysis. The evaluation results show that the semantic redirection obfuscation scheme can well hide the actual control flow of the program and both the time and space consumption introduced are acceptable.",ieee,llm,0.990,unreviewed,
discarded,Armor: Protecting Software Against Hardware Tracing Techniques,Tai Yue; Fengwei Zhang; Zhenyu Ning; Pengfei Wang; Xu Zhou; Kai Lu; Lei Zhou,2024,IEEE Transactions on Information Forensics and Security,10.1109/TIFS.2024.3372816,https://ieeexplore.ieee.org/document/10458672/,off-topic-false-hit,"Many modern processors have embedded hardware tracing techniques (e.g., Intel Processor Trace or ARM CoreSight). While these techniques are widely used due to their transparency and low overhead, they also bring serious security threats. Attackers can utilize hardware tracing to trace the trusted applications from a non-secure application. Existing protection techniques fail to effectively protect the runtime information when hardware tracing is employed. To counter these threats, in this paper, we propose a novel direction called anti-hardware tracing. Our key idea is to exploit the limitations of hardware tracing: trace buffer overflow can cause trace data loss. We build a model to analyse the overflow and outline three principles for efficient triggering overflows and achieving anti-hardware tracing: numerous branches in the program, high-speed execution of the program, and the high-water mark of the trace buffer. We develop a framework called ARMOR on ARM Juno R2 to realize our approach. ARMOR protects software against the trace unit Embedded Trace Macrocell (ETM) in CoreSight by instrumenting protection and loop functions. The protection function detects runtime environments, efficiently fills the trace buffer, and employs various protection strategies like PID (process identifier) replacement and PIE+STRIP+ASLR. Meanwhile, the loop function triggers overflows efficiently based on context-based calculations and anti-ETM loop. Our evaluation demonstrates that the overhead of ARMOR is 77.31% lower than that of OLLVM on SPEC2006. ARMOR effectively hides 54.51% of basic blocks across 16 real-world applications, triggering  $113\times $  more overflows. Moreover, we showcase two practical applications of ARMOR. Firstly, we conduct a cryptographic and cross-world attack on GnuPG 1.4.13 RSA private keys using ETM, which can steal entire keys from a program in the Secure world with a single run. ARMOR successfully reduces leaked bits by 84.5%. Secondly, ARMOR impedes hardware-assisted fuzzing by reducing throughput by 89.71% and branch coverage by 47.99%.",ieee,llm,0.990,unreviewed,
discarded,GPU-based Linear Programming: An Application to Seismic Sparse Layer Inversion,Ratul Kishore Saha; Tiash Ghosh; Sanket Smarak Panda; Satyajit Swain; Mamata Jenamani; Aurobinda Routray; Sanjai Kumar Singh; Arpita Mondal,2023,IGARSS 2023 - 2023 IEEE International Geoscience and Remote Sensing Symposium,10.1109/IGARSS52108.2023.10283411,https://ieeexplore.ieee.org/document/10283411/,off-topic-false-hit,"Seismic sparse layer inversion (SLI) plays a crucial role in improving the resolution of seismic data for accurate subsurface characterization. However, achieving high accuracy and efficient runtime in SLI is of paramount importance for reservoir characterization. In this paper, we address the SLI problem by constructing a dictionary using odd and even reflection coefficients. The conventional Linear Programming (LP) approach suffers from the equal penalization of all model parameters, resulting in ghost layers and high computational costs on Central Processing Units(CPUs). To overcome these limitations, we propose an enhanced formulation by incorporating Tikhonov regularization, dynamically penalizing the model parameters based on the target seismic trace. Moreover, we optimize the computational runtime by leveraging the power of a Graphical Processing Unit (GPU)-based LP solver. Our algorithm is implemented on an NVIDIA RTX 4000 GPU with 8GB dedicated memory and tested on the Indian WADU dataset. Results demonstrate the efficacy of our proposed method in accurately delineating thin seismic layers compared to state-of-the-art techniques. Additionally, we highlight the superior runtime performance of the GPU-based LP formulation compared to its CPU implementation, further enhancing the efficiency of the SLI process.",ieee,llm,1.000,unreviewed,
discarded,"SoK: Integrity, Attestation, and Auditing of Program Execution",Mahmoud Ammar; Adam Caulfield; Ivan De Oliveira Nunes,2025,2025 IEEE Symposium on Security and Privacy (SP),10.1109/SP61157.2025.00077,https://ieeexplore.ieee.org/document/11023291/,off-topic-false-hit,"This paper provides a systematic exploration of Control Flow Integrity (CFI) and Control Flow Attestation (CFA) mechanisms, examining their differences and relationships. It addresses crucial questions about the goals, assumptions, features, and design spaces of CFI and CFA, including their potential coexistence on the same platform. Through a comprehensive review of existing defenses, this paper positions CFI and CFA within the broader landscape of runtime defenses, critically evaluating their strengths, limitations, and trade-offs. The findings emphasize the importance of further research to bridge the gaps in CFI and CFA and thus advance the field of runtime defenses.",ieee,llm,0.980,unreviewed,
discarded,Extending GPU Ray-Tracing Units for Hierarchical Search Acceleration,Aaron Barnes; Fangjia Shen; Timothy G. Rogers,2024,2024 57th IEEE/ACM International Symposium on Microarchitecture (MICRO),10.1109/MICRO61859.2024.00079,https://ieeexplore.ieee.org/document/10764676/,off-topic-false-hit,"Specialized ray-tracing acceleration units have become a common feature in GPU hardware, enabling real-time ray-tracing of complex scenes for the first time. The ray-tracing unit accelerates the traversal of a hierarchical tree data structure called a bounding volume hierarchy to determine whether rays have intersected triangle primitives. Hierarchical search algorithms are a fundamental software pattern common in many important domains, such as recommendation systems and point cloud registration, but are difficult for GPUs to accelerate because they are characterized by extensive branching and recursion. The ray-tracing unit overcomes these limitations with specialized hardware to traverse hierarchical data structures efficiently, but is mired by a highly specialized graphics API, which is not readily adaptable to general-purpose computation. We present the Hierarchical Search Unit (HSU), a flexible datapath to accelerate a more general class of hierarchical search algorithms, of which ray-tracing is one. We synthesize a baseline ray-intersection datapath and maximize functional unit reuse while extending the ray-tracing unit to support additional computations and a more general set of instructions. We demonstrate that the unit can improve the performance of three hierarchical search data structures in approximate nearest neighbors search algorithms and a B-tree key-value store index. For a minimal extension to the existing unit, our HSU improves the state-of-the-art GPU approximate nearest neighbor implementation by an average of 24.8% using the GPU's general computing interface.",ieee,llm,0.990,unreviewed,
