status,title,authors,year,venue,doi,url,tags,abstract,provider,decision_source,llm_confidence,llm_review_outcome,llm_change_direction
discarded,“It’s Weird That it Knows What I Want”: Usability and Interactions with Copilot for Novice Programmers,James Prather; Brent N. Reeves; Paul Denny; Brett A. Becker; Juho Leinonen; Andrew Luxton-Reilly; Garrett Powell; James Finnie-Ansley; Eddie Antonio Santos,2023,ACM Transactions on Computer-Human Interaction,10.1145/3617367,https://openalex.org/W4386099272,adjacent-subtopic,"Recent developments in deep learning have resulted in code-generation models that produce source code from natural language and code-based prompts with high accuracy. This is likely to have profound effects in the classroom, where novices learning to code can now use free tools to automatically suggest solutions to programming exercises and assignments. However, little is currently known about how novices interact with these tools in practice. We present the first study that observes students at the introductory level using one such code auto-generating tool, Github Copilot, on a typical introductory programming (CS1) assignment. Through observations and interviews we explore student perceptions of the benefits and pitfalls of this technology for learning, present new observed interaction patterns, and discuss cognitive and metacognitive difficulties faced by students. We consider design implications of these findings, specifically in terms of how tools like Copilot can better support and scaffold the novice programming experience.",openalex,llm,0.820,unreviewed,
kept,Some Difficulties of Learning to Program,Benedict du Boulay,1986,Journal of Educational Computing Research,10.2190/3lfx-9rrf-67t8-uvk9,https://openalex.org/W2168795140,supports-claim,"This article is a brief introduction to some of the issues that teachers of programming may find helpful. It starts by presenting a fairly idiosyncratic view of teaching programming which makes use of mechanistic analogies and points out some of the pitfalls. The article goes on to examine certain errors based on the misapplication of analogies as well as certain interaction errors. The main emphasis is on the notional machine both at the general level of understanding (and misunderstanding) the relationship of the terminal to the computer as such, as well as at the more specific level of understanding assignment. Notation and mistakes that poorly-designed languages can induce novices to commit are discussed.",openalex,llm,0.970,unreviewed,
kept,A Study of Code Design Skills in Novice Programmers using the SOLO taxonomy,Cruz Izu; Amali Weerasinghe; Cheryl Pope,2016,,10.1145/2960310.2960324,https://openalex.org/W2513201068,supports-claim,"There is a wealth of literature dealing with the difficulties of novice programmers with basic programming constructs such as variables, assignment and conditionals. In this paper we extend the study to two other core CS1 topics: loops and vectors (represented as single dimensional arrays). By the end of their first semester of instruction, students are expected to have acquired both the ability to reproduce given syntactic structure and basic design skills that allow them to write small pieces of code that extend, modify or combine in new ways the basic programming constructs.",openalex,llm,0.940,unreviewed,
discarded,A feasibility study of using automated program repair for introductory programming assignments,Jooyong Yi; Umair Z. Ahmed; Amey Karkare; Shin Hwei Tan; Abhik Roychoudhury,2017,,10.1145/3106237.3106262,https://openalex.org/W2740349831,adjacent-subtopic,"Despite the fact an intelligent tutoring system for programming (ITSP) education has long attracted interest, its widespread use has been hindered by the difficulty of generating personalized feedback automatically. Meanwhile, automated program repair (APR) is an emerging new technology that automatically fixes software bugs, and it has been shown that APR can fix the bugs of large real-world software. In this paper, we study the feasibility of marrying intelligent programming tutoring and APR. We perform our feasibility study with four state-of-the-art APR tools (GenProg, AE, Angelix, and Prophet), and 661 programs written by the students taking an introductory programming course. We found that when APR tools are used out of the box, only about 30% of the programs in our dataset are repaired. This low repair rate is largely due to the student programs often being significantly incorrect - in contrast, professional software for which APR was successfully applied typically fails only a small portion of tests. To bridge this gap, we adopt in APR a new repair policy akin to the hint generation policy employed in the existing ITSP. This new repair policy admits partial repairs that address part of failing tests, which results in 84% improvement of repair rate. We also performed a user study with 263 novice students and 37 graders, and identified an understudied problem; while novice students do not seem to know how to effectively make use of generated repairs as hints, the graders do seem to gain benefits from repairs.",openalex,llm,0.880,unreviewed,
kept,Developing a Computer Science Concept Inventory for Introductory Programming,Ricardo Caceffo; Steve Wolfman; Kellogg S. Booth; Rodolfo Azevedo,2016,,10.1145/2839509.2844559,https://openalex.org/W2275572593,supports-claim,"A Concept Inventory (CI) is a set of multiple choice questions used to reveal student's misconceptions related to some topic. Each available choice (besides the correct choice) is a distractor that is carefully developed to address a specific misunderstanding, a student wrong thought. In computer science introductory programming courses, the development of CIs is still beginning, with many topics requiring further study and analysis. We identify, through analysis of open-ended exams and instructor interviews, introductory programming course misconceptions related to function parameter use and scope, variables, recursion, iteration, structures, pointers and boolean expressions. We categorize these misconceptions and define high-quality distractors founded in words used by students in their responses to exam questions. We discuss the difficulty of assessing introductory programming misconceptions independent of the syntax of a language and we present a detailed discussion of two pilot CIs related to parameters: an open-ended question (to help identify new misunderstandings) and a multiple choice question with suggested distractors that we identified.",openalex,llm,0.960,unreviewed,
kept,Uncovering principles of novice programming,Jeffrey Bonar; Elliot Soloway,1983,,10.1145/567067.567069,https://openalex.org/W2084297718,supports-claim,"It is widely known that programming, even at a simple level, is a difficult activity to learn. Why is this so? Are novice difficulties really inherent in programming or are they related, to the nature of the programming tools currently given to novices? To answer this question we have used novice Pascal computer programs collected from their terminal sessions, controlled clinical studies focusing on specific aspects of novice programming techniques, and video-taped interviews of novice programming [Bonar, 1982]. In each we focused on bugs and buggy programs. Bugs and errors illuminate what a novice is actually thinking -- providing us a window on the difficulties as they are experienced by the novice.In previous reports we presented evidence that current programming languages do not accurately reflect the cognitive strategies used by novice programmers [Soloway et al, 1981]. Instead, we have found that novice programmers possess knowledge about and experience with step-by-step specifications in natural language. This knowledge and experience gives them powerful intuitions for using a programming language. Programming languages, however, are, not designed to appeal to these intuitions. On a semantic and pragmatic level, there are incompatibilities between the way, natural and programming languages are used. Many novice programming bugs can be directly traced to an inappropriate use of natural language specification style or strategy.As an example of these incompatibility bugs consider the ""while demon"" bug. Novices with this bug assume that the actions in the body of the while loop are continuously monitored for the exit condition to become true. This interpretation is consistent with the English language usage of the word while: e.g.""while the highway is two lanes, continue, north"". In an earlier written study [Soloway et al, 1981] found that 34% of the students in an introductory programming course thought the test in a Pascal while loop was performed, as a demon. Furthermore, a later interview study showed that novices could even describe the implementation mechanism for such a demon:""… everytime I [the variable tested in the while condition] is assigned a new value, the machine needs to check that value …""In this report we describe our use of video-taped interview studies for understanding how novices use a programming system. Interviews provide valuable information not available through statistical analysis of written studies. Written studies allow us to manipulate specific factors and guage the results to performance or style. Furthermore, we can have statistical confidence in those results. An interview study, on the other hand, allows us to examine the source of performance or style differences uncovered. Interviews give us an ""execution trace"" while written studies give us the final output. We use both kinds of studies, depending on the kind of information needed.We have interviewed seventeen novice programmers. Four were interviewed regularly for the first 8-10 weeks of their introductory programming course. For these regular subjects we have about 15 hours of interviews tracing their learning and maturation through the course.In this report we show an example natural language specification and discuss strategies used in that specification. We then discuss two examples of novice programming difficulties stemming from an inappropriate use of natural language specification strategies. These examples are illustrated with video tape transcripts. We conclude with a brief discussion of the implications of this work.",openalex,llm,0.950,unreviewed,
discarded,The curse of expertise: The effects of expertise and debiasing methods on prediction of novice performance.,Pamela Hinds,1999,Journal of Experimental Psychology Applied,10.1037/1076-898x.5.2.205,https://openalex.org/W2011381597,off-topic-false-hit,"Experts are often called on to predict the performance of novices, but cognitive heuristics may interfere with experts' ability to capitalize on their superior knowledge hi predicting novice task performance. In Study 1, experts, intermediate users, and novices predicted the time it would take novices to complete a complex task. In Study 2, expertise was experimentally manipulated. In both studies, those with more expertise were worse predictors of novice performance times and were resistant to debiasing techniques intended to reduce underestimation. Findings from these studies suggest that experts may have a cognitive handicap that leads to underestimating the difficulty novices face and that those with an intermediate level of expertise may be more accurate in predicting novices' performance. Organizations often rely on experts to predict the performance of novices. Project managers predict team members' times to complete new work assignments. Marketers and designers predict consumers' abilities to master the use of new products. Teachers predict students' efforts to complete homework and finish exams. The predictions of experts influence the allocation of time and resources to projects, decisions about product design, and the pacing of students' lessons. Predictive errors can have significant negative consequences: employee alienation, failure to meet project deadlines, consumer dissatisfaction, and student frustration or boredom. This study draws on the literature in cognitive heuristics to explore whether experts, as compared with those with less expertise and novices themselves, are more or less accurate in predicting the perfor",openalex,llm,0.940,unreviewed,
kept,Variable Evaluation,Tobias Kohn,2017,,10.1145/3017680.3017724,https://openalex.org/W2594323289,supports-claim,"For novice programmers one of the most problematic concepts is variable assignment and evaluation. Several questions emerge in the mind of the beginner, such as what does x = 7 + 4 or x = x + 1 really mean? For instance, many students initially think that such statements store the entire calculation in variable x, evaluating the result lazily when actually needed. The common increment pattern x = x + 1 is even believed to be outright impossible. This paper discusses a multi-year project examining how high school students think of assignments and variables. In particular, where does the misconception of storing entire calculations come from? Can we explain the students' thinking and help them develop correct models of how programming works?",openalex,llm,0.990,unreviewed,
discarded,Progress in information technology and tourism management: 20 years on and 10 years after the Internet—The state of eTourism research,Dimitrios Buhalis; Rob Law,2008,Tourism Management,10.1016/j.tourman.2008.01.005,https://openalex.org/W2041711461,off-topic-false-hit,"This paper reviews the published articles on eTourism in the past 20 years. Using a wide variety of sources, mainly in the tourism literature, this paper comprehensively reviews and analyses prior studies in the context of Internet applications to tourism. The paper also projects future developments in eTourism and demonstrates critical changes that will influence the tourism industry structure. A major contribution of this paper is its overview of the research and development efforts that have been endeavoured in the field, and the challenges that tourism researchers are, and will be, facing. (c) 2008 Elsevier Ltd. All rights reserved.",openalex,llm,1.000,unreviewed,
kept,Using cognitive conflict and visualisation to improve mental models held by novice programmers,Linxiao Ma; John Ferguson; Marc Roper; Isla Ross; Murray Wood,2008,,10.1145/1352135.1352253,https://openalex.org/W2115966495,supports-claim,"Recent research has found that many novice programmers often hold non-viable mental models of basic programming concepts such as assignment and object reference, which can limit their potential to develop programming skills. This paper proposes a constructivist-based teaching model that integrates cognitive conflict and program visualisation with the aim of supporting novice programmers in the formulation of appropriate mental models. The results of an initial empirical study produced three findings of note. Firstly, a teaching model based on either visualisation alone or cognitive conflict integrated with visualisation can help students develop viable models of value assignment. Secondly, there was evidence to suggest that cognitive conflict integrated with visualisation outperformed visualisation alone in helping students develop viable models of the more challenging concept of object reference assignment. And thirdly, there was evidence of an improvement in students' understanding of value and object reference assignment using the teaching model based on visualisation and cognitive conflict.",openalex,llm,0.980,unreviewed,
kept,Teaching Problem Solving Skills using an Educational Game in a Computer Programming Course,Roy Mathew; Sohail Iqbal Malik; Ragad M Tawafak,2019,Informatics in Education,10.15388/infedu.2019.17,https://openalex.org/W2982845604,adjacent-subtopic,"Problem solving skills are considered an important component in learning to program in an introductory programming (IP) course for novices. This study introduced a PROSOLVE game to enhance problem solving skills of novice programmers in the introductory programming course. The game is based on pseudo-code technique. A survey was employed to collect students' feedback and semi-structured interviews were organized to collect instructors' opinion about the game. The results show that the game helped most of the students in understanding the programming concepts, structures and problem solving strategies. Moreover, the game supports students' cognitive engagement, gains, and affective engagement in the IP course. Instructors appreciated the game and considered it as an additional supporting teaching tool in the IP course. Moreover, they considered the game as good alternative of traditional pen and paper learning approach in attracting students' interest in the programming domain.",openalex,llm,0.760,unreviewed,
discarded,Self-adaptive learning of anticipation skills in virtual reality,"Hervet, V.; Egiziano, M.; Le Poulard, P.; Mascret, N.; Kulpa, R.; Montagne, G.",2026,HUMAN MOVEMENT SCIENCE,10.1016/j.humov.2026.103528,https://www.webofscience.com/wos/woscc/full-record/WOS:001854196500001,off-topic-false-hit,"The main objective of this study was to determine the extent to which a virtual reality-based relay simulator can optimize the anticipation skills of novice relay runners. The simulator integrated a head-mounted display (HMD) to immerse participants in a life-sized virtual stadium, requiring them to physically trigger their start based on the approaching virtual incoming runner. A learning protocol was used to compare the respective effectiveness of a self-adaptive method, which progressively adjusts the task difficulty level to the learner's performance, and a method imposing the same progressive reduction in task difficulty on all participants. The results demonstrate a significant improvement in the anticipatory behavior of novice relay runners (e.g., reduction of absolute error from similar to 131 ms to similar to 58 ms). While both methods yield equivalent learning improvements, the self-adaptive approach provides a foundational benefit, as its prior deployment is essential for the subsequent implementation of the prescriptive method. Moreover, it not only allows learners to be confronted with the most appropriate level of difficulty throughout the learning process, but also adapts as closely as possible to each learner's needs. The precise impact of the learning methods on the processes underlying athletes' anticipation behavior is discussed, and the importance of testing the hypothesis of learning transfer to realworld situations is emphasized.",wos,llm,0.990,unreviewed,
discarded,Cartography and Cognitive Neuroscience: Using Eye-Tracking to Investigate How 9 and 10 Year Old Students Read Thematic Maps,"Rizzo, Marilia Biscaia; Sato, Joao Ricardo",2025,"32ND INTERNATIONAL CARTOGRAPHIC CONFERENCE, ICC 2025",10.5194/ica-adv-5-26-2025,https://www.webofscience.com/wos/woscc/full-record/WOS:001816160600026,off-topic-false-hit,"The importance of understanding maps is highlighted so that we are able to analyze, question, criticize, and act in the space in which we live. Aware of this, in an exploratory and innovative way, this research aimed to verify the visuo-exploratory behavior of 9 and 10 year old students when reading and interpreting thematic maps. We also investigated possible differences between groups based on variables such as gender, type of school (public or private), affinity with the subject of Geography, perceived difficulty in reading maps, and prior knowledge of the five cartographic elements (title, legend, compass rose, scale, and source). The sample consisted of 112 children, and the data were obtained through eye-tracking and questionnaires. The results indicated a visualization pattern for this age group, with a longer average fixation time on the caption and a shorter one on the title. There were no significant differences in average fixation time between the groups analyzed. This is a proof of concept study, situated at the intersection of Cartography, Cognition, and Teaching. It is hoped that the findings will attract attention and thus contribute to guiding more effective pedagogical strategies for teaching thematic map reading, especially for this age group. Although the main focus is educational, the results can also support the creation of more accessible maps, taking into account design aspects aimed at children. Finally, we hope that this work can encourage future research in a field that is still little explored.",wos,llm,0.990,unreviewed,
