status,title,authors,year,venue,doi,url,tags,abstract,provider,decision_source,llm_confidence,llm_review_outcome,llm_change_direction
discarded,Blended learning models for introductory programming courses: A systematic review,Ali Alammary,2019,PLoS ONE,10.1371/journal.pone.0221765,https://openalex.org/W2971379799,adjacent-subtopic,"Teaching introductory programming courses is not an easy task. Instructors of introductory programming courses are facing many challenges related to the nature of programming, the students' characteristics and the traditional teaching methods that they are using. Blended learning seems to be a promising approach to address these challenges. Many studies concluded that blended learning can be more effective than traditional teaching and can improve students' learning experience. However, the current state of knowledge and practice in applying blended learning to introductory programming courses is limited. In an attempt to begin remedying this gap, this review synthesizes the different blended learning approaches that have been applied in introductory programming courses. It classifies them into five models then discusses the impact of each of these models on the learning experience of novice programmers. It concludes by providing some recommendations for instructors who want to blend their courses as well as some implications for future research.",openalex,llm,0.900,unreviewed,
discarded,Teaching Introductory Programming,Theodora Koulouri; Stanislao Lauria; Robert D. Macredie,2014,ACM Transactions on Computing Education,10.1145/2662412,https://openalex.org/W1968208229,adjacent-subtopic,"Teaching programming to beginners is a complex task. In this article, the effects of three factors—choice of programming language, problem-solving training, and the use of formative assessment—on learning to program were investigated. The study adopted an iterative methodological approach carried out across 4 consecutive years. To evaluate the effects of each factor (implemented as a single change in each iteration) on students’ learning performance, the study used quantitative, objective metrics. The findings revealed that using a syntactically simple language (Python) instead of a more complex one (Java) facilitated students’ learning of programming concepts. Moreover, teaching problem solving before programming yielded significant improvements in student performance. These two factors were found to have variable effects on the acquisition of basic programming concepts. Finally, it was observed that effective formative feedback in the context of introductory programming depends on multiple parameters. The article discusses the implications of these findings, identifies avenues for further research, and argues for the importance of studies in computer science education anchored on sound research methodologies to produce generalizable results.",openalex,llm,0.750,unreviewed,
discarded,Denzin’s Paradigm Shift: Revisiting Triangulation in Qualitative Research,Patricia Fusch; Gene E. Fusch; Lawrence Ness,2018,Journal of Social Change,10.5590/josc.2018.10.1.02,https://openalex.org/W2785352827,off-topic-false-hit,"One approach to promote social change, mitigate bias, and enhance reaching data saturation is through triangulation: multiple sources of data. Triangulation adds depth to the data that are collected. In this scholarly essay, the authors discuss the continuing relevance of Denzin’s approach to triangulation of data. Included is a critique of researchers who have posited other approaches to triangulation that appear to be merely a renaming of Denzin’s original paradigm rather new outcomes. The intended audience is novice researchers and doctoral students who can benefit from clarity on some common misconceptions about triangulation.",openalex,llm,1.000,unreviewed,
kept,A New Metric to Quantify Repeated Compiler Errors for Novice Programmers,Brett A. Becker,2016,,10.1145/2899415.2899463,https://openalex.org/W2469269292,supports-claim,"Encountering the same compiler error repeatedly, particularly several times consecutively, has been cited as a strong indicator that a student is struggling with important programming concepts. Despite this, there are relatively few studies which investigate repeated errors in isolation or in much depth. There are also few data-driven metrics for measuring programming performance, and fewer for measuring repeated errors. This paper makes two contributions. First we introduce a new metric to quantify repeated errors, the repeated error density (RED). We compare this to Jadud's Error Quotient (EQ), the most studied metric, and show that RED has advantages over EQ including being less context dependent, and being useful for short sessions. This allows us to answer two questions posited by Jadud in 2006 that have until now been unanswered. Second, we compare the EQ and RED scores using data from an empirical control/intervention group study involving an editor which enhances compiler error messages. This intervention group has been previously shown to have a reduced overall number of student errors, number of errors per student, and number of repeated student errors per compiler error message. In this research we find a reduction in EQ, providing further evidence that error message enhancement has positive effects. In addition we find a significant reduction in RED providing evidence that this metric is valid.",openalex,llm,0.820,unreviewed,
discarded,A hands-on guide to doing content analysis,Christen Erlingsson; Petra Brysiewicz,2017,African Journal of Emergency Medicine,10.1016/j.afjem.2017.08.001,https://openalex.org/W2748793112,off-topic-false-hit,"There is a growing recognition for the important role played by qualitative research and its usefulness in many fields, including the emergency care context in Africa. Novice qualitative researchers are often daunted by the prospect of qualitative data analysis and thus may experience much difficulty in the data analysis process. Our objective with this manuscript is to provide a practical hands-on example of qualitative content analysis to aid novice qualitative researchers in their task.",openalex,llm,1.000,unreviewed,
discarded,Learning Theories: An Educational Perspective,Dale H. Schunk,1991,,,https://openalex.org/W1568871075,off-topic-false-hit,"Chapter 1 -- Learning: Introduction, Issues, Historical Perspectives Learning Defined Learning Theory and Research Functions of theory Conducting research Methods of Assessing Learning Direct observations Written responses Oral responses Ratings by others Self-reports Precursors of Modern Learning Theories Learning theory and philosophy Beginnings of the psychological study of learning Structuralism and functionalism Critical Issues in the Study of Learning Which processes affect learning? What is the role of memory? What is the role of motivation? How does transfer occur? Which processes are involved in self-regulation? What are the implications for instruction? Relation of Learning and Instruction Historical perspective Instructional commonalities Integration of theory and practice Three Learning Scenarios Kathy Stone's third-grade class Jim Marshall's U. S. History class Gina Brown's educational psychology class Summary Further Reading Chapter 2 -- Conditioning Theories Connectionism Trial-and-error learning Laws of exercise and effect Other principles Revisions to Thorndike's theory Instructional applications Classical Conditioning Basic processes Informational variables Biological influences Conditioned emotional reactions Watson's Behaviorism Basic processes Little Albert experiment Contiguous Conditioning Acts and movements Associative strength Rewards and punishments Habit formation and change Operant Conditioning Conceptual framework Basic processes Behavioral change Behavior modification Verbal behavior Self-regulation Self-monitoring Self-instruction Self-reinforcement Instructional Applications Behavioral objectives Programmed instruction Contingency contracts Keller Plan Summary Further Reading Chapter 3 -- Social Cognitive Theory Conceptual Framework for Learning Reciprocal interactions Enactive and vicarious learning Learning and performance Modeling Processes Theories of imitation Functions of modeling Cognitive skill learning Rule learning Influences on Learning and Performance Developmental status of learners Model prestige and competence Vicarious consequences to models Goals and Expectations Goals Outcome expectations Self-Efficacy Conceptual overview Self-efficacy in achievement situations Models and self-efficacy Motor skills Instructional self-efficacy Health and therapeutic activities Self-Regulation Conceptual framework Social cognitive processes Cyclical nature of self-regulation Instructional Applications Models Self-efficacy Self-regulation Summary Further Reading Chapter 4 -- Cognitive Information Processing Theory Cognitive Information Processing System Assumptions Two-store (dual-memory) model Critique Levels of processing Activation level Attention Theories of attention Attention and learning Attention and reading Perception Gestalt theory Sensory registers Long term memory comparisons Two-Store Memory Model Verbal learning Short-term (working) memory Long-term memory Influences on encoding Long-Term Memory: Storage Propositions Storage of declarative knowledge Storage of procedural knowledge Production Systems and Connectionist Models Production systems Connectionist models Long-Term Memory: Retrieval Retrieval strategies Encoding specificity Retrieval of declarative knowledge Retrieval of procedural knowledge Long-Term Memory: Forgetting Verbal learning Information processing Mental Imagery Representation of spatial information Imagery in LTM Individual differences Summary Further Reading Chapter 5 -- Cognitive Learning Processes Conditional Knowledge and Metacognition Conditional knowledge Metacognition and learning Variables influencing metacognition Metacognition and behavior Concept Learning The nature of concepts Concept attainment Teaching of concepts Motivational processes Problem Solving Problem solving defined Historical influences Heuristics Information processing model Problem-solving strategies Problem solving and learning Experts and novices Implications for instruction Transfer Historical views Activation of knowledge in memory Types of transfer Strategy transfer Instructional applications Self-Regulation and Motivation Model of self-regulation Learning strategies Critique of strategy instruction Academic studying Summary Further Reading Chapter 6 -- Constructivist Theory Constructivist Assumptions and Perspectives Overview Perspectives Situated cognition Contributions and applications Vygotsky's Sociocultural Theory Background Basic principles Zone of Proximal Development Applications Critique Social Processes and Private Speech Private speech Verbalization and achievement Socially mediated learning Motivation Contextual factors Implicit theories Teachers' expectations Self-Regulation Sociocultural influences Implicit theories of self-regulation Constructivist Learning Environments Key features APA Learner-Centered Principles Instructional methods Reflective teaching Summary Further Reading Chapter 7 -- Cognition and Instruction Discovery Learning The process of discovery Teaching for discovery Meaningful Reception Learning Meaningfulness and expository teaching Advance organizers Conditions of Learning Learning outcomes Learning events Learning hierarchies Phases of learning Models of Instruction Learning time Mastery learning Inquiry teaching Instruction with worked examples Cognitive load Peer-assisted learning Research on Teaching Teacher planning and decision making Instructional practices Learner Characteristics Aptitude-treatment interactions Cognitive styles Learners' resource allocations Adapting instruction Technology and Instruction Functions of technology Technological applications Future directions Summary Further Reading Chapter 8 -- Development and Learning Beginnings of the Scientific Study of Development Historical foundations Philosophical foundations The Child Study Movement Perspectives on Human Development Issues relevant to learning Types of developmental theories Structural theories Piaget's Theory of Cognitive Development Developmental processes Implications for instruction Bruner's Theory of Cognitive Growth Cognitive growth and knowledge representation Spiral curriculum Contemporary Themes in Development and Learning Developmental changes Developmentally appropriate instruction Transitions in schooling Familial Influences SES Home environment Parental involvement Motivation and Development Developmental changes Implications Development and Instruction Case's model of instruction Teacher-student interactions Summary Further Reading Chapter 9 -- Neuroscience of Learning Organization and Structures Neural organization Brain structures Localization and interconnections Brain research methods Neurophysiology of Learning Information processing system Memory networks Language learning Brain Development Influential factors Phases of development Critical periods Language development Motivation and Emotions Motivation Emotions Implications for Teaching and Learning Relevance of brain research Educational issues Brain-based educational practices Summary Further Reading Chapter 10 -- Content-Area Learning Skill Acquisition General and specific skills Novice-to-Expert Research Methodology Language Comprehension Components of comprehension Parsing Utilization Reading Decoding Comprehension Writing Composition Processes Reviewing Processes Motivation and self-regulation Mathematics Computation skills Problem-solving skills Constructivism Individual differences Science Expert-novice differences Reasoning Constructivism and scientific beliefs Social Studies History Geography Summary Further Reading Chapter 11 -- Motivation Model of Motivated Learning Pretask During task Posttask Historical Perspectives Drive theory Conditioning theory Cognitive consistency theory Humanistic theory Achievement Motivation Expectancy-value theory Familial influences Fear of success Contemporary model of achievement motivation Self-worth theory Task and ego involvement Achievement motivation training Attribution Theory Locus of control Naive analysis of action Attribution theory of achievement Attribution change programs Social Cognitive Theory Goals and expectations Social comparison Goal Theory Goal orientations Conceptions of ability Implications for teaching Perceptions of Control Control beliefs Learned helplessness Students with learning problems Self-Concept Dimensions and development Self-concept and learning Intrinsic motivation Theoretical perspectives Overjustification and reward Motivation and Self-Regulation Volition Values Self-schemas Help seeking Summary Further Reading Chapter 12 -- Next Steps Learning Questions Which processes affect learning? What is the role of memory? What is the role of motivation? How does transfer occur? Which processes are involved in self-regulation? What are the implications for instruction Learning Theories Conditioning Social cognitive Cognitive information processing Constructivist Conclusion Glossary References Author Index Subject Index",openalex,llm,0.990,unreviewed,
discarded,A user-friendly software environment for the novice programmer,Marc Eisenstadt,1983,Communications of the ACM,10.1145/358476.358500,https://openalex.org/W1997808469,adjacent-subtopic,"SOLO, a nonnumerical programming language, was developed at The Open University in the U.K. to support a course on Cognitive Psychology. It was designed to acquaint students as painlessly as possible with the computing fundamentals necessary both to grasp AI principles as applied in Cognitive Psychology and to actually initiate fairly sophisticated exercises on their own. The language has been used successfully by more than 2500 social science students.",openalex,llm,0.830,unreviewed,
discarded,Learnable Programming: Blocks and Beyond,David Bau; Jeff Gray; Caitlin Kelleher; Josh Sheldon; Franklyn Turbak,2017,arXiv (Cornell University),10.48550/arxiv.1705.09413,https://openalex.org/W2619648993,adjacent-subtopic,"Blocks-based programming has become the lingua franca for introductory coding. Studies have found that experience with blocks-based programming can help beginners learn more traditional text-based languages. We explore how blocks environments improve learnability for novices by 1) favoring recognition over recall, 2) reducing cognitive load, and 3) preventing errors. Increased usability of blocks programming has led to widespread adoption within introductory programming contexts across a range of ages. Ongoing work explores further reducing barriers to programming, supporting novice programmers in expanding their programming skills, and transitioning to textual programming. New blocks frameworks are making it easier to access a variety of APIs through blocks environments, opening the doors to a greater diversity of programming domains and supporting greater experimentation for novices and professionals alike.",openalex,llm,0.780,unreviewed,
kept,Multistrategy Discovery and Detection of Novice Programmer Errors,Raymund Sison; Masayuki Numao; Masamichi Shimura,2000,Machine Learning,10.1023/a:1007690108308,https://openalex.org/W2128407432,supports-claim,"Detecting and diagnosing errors in novice behavior is an important student modeling task. In this paper, we describe MEDD, an unsupervised incremental multistrategy system for the discovery of classes of errors from, and their detection in, novice programs. Experimental results show that MEDD can effectively detect and discover misconceptions and other knowledge-level errors that underlie novice Prolog programs, even when multiple errors are enmeshed together in a single program, and when the programs are presented to MEDD in a different order.",openalex,llm,0.920,unreviewed,
discarded,Computer Science Education in ChatGPT Era: Experiences from an Experiment in a Programming Course for Novice Programmers,Tomaž Kosar; Dragana Ostojić; Yu David Liu; Marjan Mernik,2024,Mathematics,10.3390/math12050629,https://openalex.org/W4392013691,adjacent-subtopic,"The use of large language models with chatbots like ChatGPT has become increasingly popular among students, especially in Computer Science education. However, significant debates exist in the education community on the role of ChatGPT in learning. Therefore, it is critical to understand the potential impact of ChatGPT on the learning, engagement, and overall success of students in classrooms. In this empirical study, we report on a controlled experiment with 182 participants in a first-year undergraduate course on object-oriented programming. Our differential study divided students into two groups, one using ChatGPT and the other not using it for practical programming assignments. The study results showed that the students’ performance is not influenced by ChatGPT usage (no statistical significance between groups with a p-value of 0.730), nor are the grading results of practical assignments (p-value 0.760) and midterm exams (p-value 0.856). Our findings from the controlled experiment suggest that it is safe for novice programmers to use ChatGPT if specific measures and adjustments are adopted in the education process.",openalex,llm,0.860,unreviewed,
discarded,Distracted Driving and Risk of Road Crashes among Novice and Experienced Drivers,Sheila G. Klauer; Feng Guo; Bruce G. Simons‐Morton; Marie Claude Ouimet; Suzanne E. Lee; Thomas A. Dingus,2014,New England Journal of Medicine,10.1056/nejmsa1204142,https://openalex.org/W1985757759,off-topic-false-hit,"BACKGROUND: Distracted driving attributable to the performance of secondary tasks is a major cause of motor vehicle crashes both among teenagers who are novice drivers and among adults who are experienced drivers. METHODS: We conducted two studies on the relationship between the performance of secondary tasks, including cell-phone use, and the risk of crashes and near-crashes. To facilitate objective assessment, accelerometers, cameras, global positioning systems, and other sensors were installed in the vehicles of 42 newly licensed drivers (16.3 to 17.0 years of age) and 109 adults with more driving experience. RESULTS: During the study periods, 167 crashes and near-crashes among novice drivers and 518 crashes and near-crashes among experienced drivers were identified. The risk of a crash or near-crash among novice drivers increased significantly if they were dialing a cell phone (odds ratio, 8.32; 95% confidence interval [CI], 2.83 to 24.42), reaching for a cell phone (odds ratio, 7.05; 95% CI, 2.64 to 18.83), sending or receiving text messages (odds ratio, 3.87; 95% CI, 1.62 to 9.25), reaching for an object other than a cell phone (odds ratio, 8.00; 95% CI, 3.67 to 17.50), looking at a roadside object (odds ratio, 3.90; 95% CI, 1.72 to 8.81), or eating (odds ratio, 2.99; 95% CI, 1.30 to 6.91). Among experienced drivers, dialing a cell phone was associated with a significantly increased risk of a crash or near-crash (odds ratio, 2.49; 95% CI, 1.38 to 4.54); the risk associated with texting or accessing the Internet was not assessed in this population. The prevalence of high-risk attention to secondary tasks increased over time among novice drivers but not among experienced drivers. CONCLUSIONS: The risk of a crash or near-crash among novice drivers increased with the performance of many secondary tasks, including texting and dialing cell phones. (Funded by the Eunice Kennedy Shriver National Institute of Child Health and Human Development and the National Highway Traffic Safety Administration.).",openalex,llm,0.990,unreviewed,
