status,title,authors,year,venue,doi,url,tags,abstract,provider,decision_source,llm_confidence,llm_review_outcome,llm_change_direction
discarded,Whole-organism lineage tracing by combinatorial and cumulative genome editing,Aaron McKenna; Gregory M. Findlay; James A. Gagnon; Marshall S. Horwitz; Alexander F. Schier; Jay Shendure,2016,Science,10.1126/science.aaf7907,https://openalex.org/W2406991867,off-topic-false-hit,"INTRODUCTION The developmental path by which a fertilized egg gives rise to the cells of a multicellular organism is termed the cell lineage. In 1983, John Sulston and colleagues documented the invariant cell lineage of the roundworm Caenorhabditis elegans as determined by visual observation. However, tracing cell lineage in nearly all other multicellular organisms is vastly more challenging. Contemporary methods rely on genetic markers or somatic mutations, but these approaches have limitations that preclude their application at the level of a whole, complex organism. RATIONALE For a technology to comprehensively trace cell lineages in a complex multicellular system, it must uniquely and incrementally mark cells and their descendants over many divisions and in a way that does not interfere with normal development. These unique marks must also accumulate irreversibly over time, allowing the reconstruction of lineage trees. Finally, the full set of marks must be read out from each of many single cells. We hypothesized that genome editing, which introduces diverse, irreversible edits in a highly programmable fashion, could be repurposed for cell lineage tracing in a way that realizes these characteristics. To this end, we developed a method termed genome editing of synthetic target arrays for lineage tracing (GESTALT). This method uses genome editing to generate a combinatorial diversity of mutations that accumulate over many cell divisions within a compact DNA barcode consisting of multiple clustered regularly interspaced short palindromic repeats (CRISPR)/Cas9 target sites. Lineage relationships can be readily queried by sequencing the edited barcodes and relating the patterns of edits observed. RESULTS We first developed this approach in cell culture, editing synthetic arrays of 9 to 12 CRISPR/Cas9 target sites to generate thousands of unique derivative barcodes. We show that edited barcodes can be read by targeted sequencing of either DNA or RNA. In addition, the rates and patterns of barcode editing are tunable and the diverse edits accumulate over successive divisions in a way that is informative of cell lineage. We then applied GESTALT to the zebrafish Danio rerio by injecting fertilized eggs with editing reagents that target a genomic barcode bearing 10 target sites. Across dozens of embryos, we demonstrate the accumulation of hundreds to thousands of uniquely edited barcodes per animal, from which lineage relationships can be inferred on the basis of shared mutations. In adult zebrafish, we evaluated the edited barcodes from ~200,000 cells and observed that the majority of cells in each organ are derived from a small number of progenitor cells. Furthermore, ancestral progenitors, inferred on the basis of shared mutations among subsets of cells, can contribute to different germ layers and organ systems. CONCLUSION Our proof-of-principle experiments show that combinatorial, cumulative genome editing of a compact barcode can be used to record lineage information in multicellular systems. Further optimization of GESTALT will enable mapping of the complete cell lineage in diverse organisms. This method could also be adapted to link cell lineage information to molecular profiles of the same cells. In the long term, we envision that rich, systematically generated maps of organismal development—wherein lineage, epigenetic, transcriptional, and positional information are concurrently captured at single-cell resolution—will advance our understanding of development in both healthy and disease states. More broadly, cumulative and combinatorial genome editing could stably record other types of biological information and history in living cells. GESTALT. ( Left ) A barcode of CRISPR/Cas9 target sites is progressively edited over many cell divisions. ( Right ) Edited barcode sequences are related to one another on the basis of shared mutations in order to reconstruct lineage trees.",openalex,llm,0.990,unreviewed,
discarded,"Laser powder-bed fusion additive manufacturing: Physics of complex melt flow and formation mechanisms of pores, spatter, and denudation zones",Saad A. Khairallah; Andrew T. Anderson; Alexander M. Rubenchik; Wayne E. King,2016,Acta Materialia,10.1016/j.actamat.2016.02.014,https://openalex.org/W2279780730,off-topic-false-hit,"Abstract This study demonstrates the significant effect of the recoil pressure and Marangoni convection in laser powder bed fusion (L-PBF) of 316L stainless steel. A three-dimensional high fidelity powder-scale model reveals how the strong dynamical melt flow generates pore defects, material spattering (sparking), and denudation zones. The melt track is divided into three sections: a topological depression, a transition and a tail region, each being the location of specific physical effects. The inclusion of laser ray-tracing energy deposition in the powder-scale model improves over traditional volumetric energy deposition. It enables partial particle melting, which impacts pore defects in the denudation zone. Different pore formation mechanisms are observed at the edge of a scan track, at the melt pool bottom (during collapse of the pool depression), and at the end of the melt track (during laser power ramp down). Remedies to these undesirable pores are discussed. The results are validated against the experiments and the sensitivity to laser absorptivity is discussed.",openalex,llm,0.990,unreviewed,
discarded,The Circular Economy: An Interdisciplinary Exploration of the Concept and Application in a Global Context,Alan Murray; Keith R. Skene; Kathryn Haynes,2015,Journal of Business Ethics,10.1007/s10551-015-2693-2,https://openalex.org/W1622878345,off-topic-false-hit,"There have long been calls from industry for guidance in implementing strategies for sustainable development. The Circular Economy represents the most recent attempt to conceptualize the integration of economic activity and environmental wellbeing in a sustainable way. This set of ideas has been adopted by China as the basis of their economic development (included in both the 11th and the 12th 'Five Year Plan'), escalating the concept in minds of western policymakers and NGOs. This paper traces the conceptualisations and origins of the Circular Economy, tracing its meanings, and exploring its antecedents in economics and ecology, and discusses how the Circular Economy has been operationalized in business and policy. The paper finds that while the Circular Economy places emphasis on the redesign of processes and cycling of materials, which may contribute to more sustainable business models, it also encapsulates tensions and limitations. These include an absence of the social dimension inherent in sustainable development that limits its ethical dimensions, and some unintended consequences. This leads us to propose a revised definition of the Circular Economy as ""an economic model wherein planning, resourcing, procurement, production and reprocessing are designed and managed, as both process and output, to maximize ecosystem functioning and human well-being"".",openalex,llm,0.990,unreviewed,
discarded,"Using the USLE: Chances, challenges and limitations of soil erosion modelling",Christine Alewell; Pasquale Borrelli; Katrin Meusburger; Panos Panagos,2019,International Soil and Water Conservation Research,10.1016/j.iswcr.2019.05.004,https://openalex.org/W2950851751,off-topic-false-hit,"To give soils and soil degradation, which are among the most crucial threats to ecosystem stability, social and political visibility, small and large scale modelling and mapping of soil erosion is inevitable. The most widely used approaches during an 80year history of erosion modelling are Universal Soil Loss Equation (USLE)-type based algorithms which have been applied in 109 countries. Addressing soil erosion by water (excluding gully erosion and land sliding), we start this review with a statistical evaluation of nearly 2,000 publications). We discuss model developments which use USLE-type equations as basis or side modules, but we also address recent development of the single USLE parameters (R, K, LS, C, P). Importance, aim and limitations of model validation as well as a comparison of USLE-type models with other erosion assessment tools are discussed. Model comparisons demonstrate that the application of process-based physical models (e.g., WEPP or PESERA) does not necessarily result in lower uncertainties compared to more simple structured empirical models such as USLE-type algorithms. We identified four key areas for future research: (i) overcoming the principally different nature of modelled (gross) versus measured (net) erosion rates, in coupling on-site erosion risk to runoff patterns, and depositional regime, (ii) using the recent increase in spatial resolution of remote sensing data to develop process based models for large scale applications, (iii) strengthen and extend measurement and monitoring programs to build up validation data sets, and (iv) rigorous uncertainty assessment and the application of objective evaluation criteria to soil erosion modelling.",openalex,llm,0.990,unreviewed,
kept,Control-Flow Integrity,Nathan Burow; Scott Carr; Joseph Nash; Per Larsen; Michael Franz; Stefan Brunthaler; Mathias Payer,2017,ACM Computing Surveys,10.1145/3054924,https://openalex.org/W2258876169,adjacent-subtopic,"Memory corruption errors in C/C++ programs remain the most common source of security vulnerabilities in today’s systems. Control-flow hijacking attacks exploit memory corruption vulnerabilities to divert program execution away from the intended control flow. Researchers have spent more than a decade studying and refining defenses based on Control-Flow Integrity (CFI); this technique is now integrated into several production compilers. However, so far, no study has systematically compared the various proposed CFI mechanisms nor is there any protocol on how to compare such mechanisms. We compare a broad range of CFI mechanisms using a unified nomenclature based on (i) a qualitative discussion of the conceptual security guarantees, (ii) a quantitative security evaluation, and (iii) an empirical evaluation of their performance in the same test environment. For each mechanism, we evaluate (i) protected types of control-flow transfers and (ii) precision of the protection for forward and backward edges. For open-source, compiler-based implementations, we also evaluate (iii) generated equivalence classes and target sets and (iv) runtime performance.",openalex,llm,0.720,unreviewed,
discarded,"Mixed-Methods Research: A Discussion on its Types, Challenges, and Criticisms",Saraswati Dawadi; Sagun Shrestha; Ram Ashish Giri,2021,Journal of Practical Studies in Education,10.46809/jpse.v2i2.20,https://openalex.org/W3131571228,off-topic-false-hit,"The article positions mixed-method research (MMR) as a principled complementary research method to the traditional quantitative and qualitative research approaches. By situating MMR in an analysis of some of the common research paradigms, the article presents it as a natural choice in order to complement and cater to the increasingly complex needs of contemporary researchers. It proffers MMR as a flexible and adaptive conceptual framework for designing and conducting mixed methods research in a simplified manner. By explaining fundamental principles and major theoretical tenets of a mixed-methods approach, which involves both quantitative and qualitative data collection in response to research questions, it elucidates several benefits of adopting MMR since it integrates post-positivism as well as interpretivism frameworks. There is abundant literature around this research design aiming to provide researchers an understanding of the approach. Yet there is limited literature that provides illustrative guidance to research novices in comprehending mixed methods, understanding reasons for choosing it, and selecting an appropriate mixed methods design. Based on an analysis of some notable works in the field, this article provides an overview of mixed methods designs, discusses its main types, and explains challenges one can potentially encounter when in using them with a view to assisting early career researchers in particular and other researchers in general.",openalex,llm,1.000,unreviewed,
discarded,Safeware: System Safety and Computers,Nancy G. Leveson,1995,,,https://openalex.org/W2115179079,adjacent-subtopic,"I The Nature Of Risk. Risk In Modern Society. Changing Attitudes Toward Risk. Is Increased Concern Justified?. Unique Risk Factors in Industrialized Society. Computers And Risk. The Role of Computers in Accidents. Software Myths. Why Software Engineering is hard. The Reality We Face. Causes Of Accidents. The Concept of Causality. Flaws in the Safety Culture. Ineffective Organizational Structure. Ineffective Technical Activities. Human Error And Risk. Do Humans Cause Most Accidents?. The Need for Humans in Automated Systems. Human Error as Human-Task Mismatch. Conclusions. The Role Of Humans In Automated Systems. Mental Models. The Human as Monitor. The Human as Backup. The Human as Partner. Conclusions. II Introduction To System Safety. Foundations Of System Safety. Safety Engineering Pre-World War II. Systems Theory. Systems Engineering. Systems Analysis. Fundamentals Of System Safety. Historical Development. Basic Concepts. Software System Safety. Cost and Effectiveness of System Safety. Other Approaches To Safety. Industrial Safety. Reliability Engineering. Application-Specific Approaches to Safety. III Definitions And Models. Terminology. Failure and Error. Accident and Incident. Hazard. Risk. Safety. Safety and Security. Accident And Human Error Models. Accident Models. Human Task and Error Models. Summary. IV Elements Of A Safeware Program. Managing Safety. The Role of General Management. Place in the Organizational Structure. Documentation. The System And Software Safety Process. The General Tasks. Conceptual Development. Design. Full-Scale Development. Production and Deployment. Operation. Examples. Hazard Analysis. The Hazard Analysis Process. Types of System Models. General Types of Analysis. Limitations and Criticisms of Hazard Analysis. Hazard Analysis Models And Techniques. Checklists. Hazard Indices. Fault Tree Analysis. Management Oversight and Risk Tree (MORT) Analysis. Event Tree Analysis. Cause-Consequence analysis (CCA). Hazards and Operability Analysis (HAZOP). Interface Analyses. Failure Modes and Effects Analysis (FMEA). Failure Modes, Effects, and Criticality Analysis (FMECA). Fault Hazard Analysis (FHA). State Machine Hazard Analysis (SMHA). Task and Human Error Analysis Techniques. Evaluations of Hazard Analysis Techniques. Software Hazard And Requirements Analysis. Process Considerations. Requirements Specification Components. Completeness in Requirements Specifications. Completeness Criteria for Requirements Analysis. Constraint Analysis. Designing For Safety. The Design Process. Design Techniques. Design Modification and Maintenance. Design Of The Human-Machine Interface. General Process Considerations. Matching Tasks to Human Characteristics. Reducing Safety-Critical Human Errors. Providing Appropriate Information and Feedback. Training and Maintaining Skills. Guidelines for Safe HMI Design. Verification Of Safety. Dynamic Analysis. Static Analysis. Independent Verification and Validation. Summary.",openalex,llm,0.700,unreviewed,
discarded,Immunity and Inflammation in Atherosclerosis,Dennis Wolf; Klaus Ley,2019,Circulation Research,10.1161/circresaha.118.313591,https://openalex.org/W2908630152,off-topic-false-hit,"There is now overwhelming experimental and clinical evidence that atherosclerosis is a chronic inflammatory disease. Lessons from genome-wide association studies, advanced in vivo imaging techniques, transgenic lineage tracing mice, and clinical interventional studies have shown that both innate and adaptive immune mechanisms can accelerate or curb atherosclerosis. Here, we summarize and discuss the pathogenesis of atherosclerosis with a focus on adaptive immunity. We discuss some limitations of animal models and the need for models that are tailored to better translate to human atherosclerosis and ultimately progress in prevention and treatment.",openalex,llm,0.990,unreviewed,
discarded,Text as Data: The Promise and Pitfalls of Automatic Content Analysis Methods for Political Texts,Justin Grimmer; Brandon Stewart,2013,Political Analysis,10.1093/pan/mps028,https://openalex.org/W2095655043,off-topic-false-hit,"Politics and political conflict often occur in the written and spoken word. Scholars have long recognized this, but the massive costs of analyzing even moderately sized collections of texts have hindered their use in political science research. Here lies the promise of automated text analysis: it substantially reduces the costs of analyzing large collections of text. We provide a guide to this exciting new area of research and show how, in many instances, the methods have already obtained part of their promise. But there are pitfalls to using automated methods—they are no substitute for careful thought and close reading and require extensive and problem-specific validation. We survey a wide range of new methods, provide guidance on how to validate the output of the models, and clarify misconceptions and errors in the literature. To conclude, we argue that for automated text methods to become a standard tool for political scientists, methodologists must contribute new methods and new methods of validation.",openalex,llm,0.980,unreviewed,
discarded,Knowledge Tracing: A Survey,Ghodai Abdelrahman; Qing Wang; Bernardo Pereira Nunes,2022,ACM Computing Surveys,10.1145/3569576,https://openalex.org/W4307561542,adjacent-subtopic,"Humans’ ability to transfer knowledge through teaching is one of the essential aspects for human intelligence. A human teacher can track the knowledge of students to customize the teaching on students’ needs. With the rise of online education platforms, there is a similar need for machines to track the knowledge of students and tailor their learning experience. This is known as the Knowledge Tracing (KT) problem in the literature. Effectively solving the KT problem would unlock the potential of computer-aided education applications such as intelligent tutoring systems, curriculum learning, and learning materials’ recommendation. Moreover, from a more general viewpoint, a student may represent any kind of intelligent agents including both human and artificial agents. Thus, the potential of KT can be extended to any machine teaching application scenarios which seek for customizing the learning experience for a student agent (i.e., a machine learning model). In this paper, we provide a comprehensive survey for the KT literature. We cover a broad range of methods starting from the early attempts to the recent state-of-the-art methods using deep learning, while highlighting the theoretical aspects of models and the characteristics of benchmark datasets. Besides these, we shed light on key modelling differences between closely related methods and summarize them in an easy-to-understand format. Finally, we discuss current research gaps in the KT literature and possible future research and application directions.",openalex,llm,0.890,unreviewed,
