status,title,authors,year,venue,doi,url,tags,abstract,provider,decision_source,llm_confidence,llm_review_outcome,llm_change_direction
discarded,Development and Implementation of an Online Adaptive Gamification Platform for Learning Computational Thinking,Andrew Keong Ng; Indriyati Atmosukarto; Wean Sin Cheow; Karin Avnit; Mun Hin Yong,2021,2021 IEEE Frontiers in Education Conference (FIE),10.1109/FIE49875.2021.9637467,https://ieeexplore.ieee.org/document/9637467/,adjacent-subtopic,"This Innovative Practice Full Paper presents the development and implementation of an innovative online adaptive gamification platform for learning Computational Thinking (CT). CT is an essential problem-solving skill set in this modern era of digitization and technological advancements. To build students' knowledge and skills in CT while maximizing students' motivation and engagement in learning, a novel online adaptive gamified course called Computational Thinking Quest (CTQ) was introduced. The CTQ was designed and developed by a multidisciplinary team of students and faculty members. The key features of CTQ are (1) an interactive storyline with animated avatars, mini-games, and questions created using Unity three-dimensional cross-platform game engine and Blockly block-based visual programming language; (2) questions at three different levels of difficulty for effective adaptive and self-learning approach; (3) an answer and feedback to each question for increased students' confidence and enthusiasm towards learning; (4) hyperlinks to online learning resources for further reading; (5) a badge and a leaderboard to motivate active participation and encourage success; and (6) a course management system with automatic data saving capability to enable learning at own pace, anytime, anywhere. The CTQ was rolled out to some newly matriculated first-year undergraduate Engineering (ENG) and InfoComm Technology (ICT) students. A total of 54 ENG and 53 ICT students' learning performance and feedback were collated and analyzed. Statistical results from the paired Student's t-test and the Wilcoxon signed rank test consistently reveal that (1) the median of post-test marks is significantly higher than that of pre-test marks (p < 0.001); (2) the median of CT knowledge scores after taking CTQ is significantly higher than that of before CTQ (p < 0.001); and (3) the median time taken to complete the post-test is significantly lower than the pre-test (p < 0.001). Furthermore, more than 75% of ENG and ICT students, separately, stated that CTQ is an engaging or very engaging learning platform; 81% of them indicated that the educational content of CTQ is enriching or very enriching; and 83% of them commented that CTQ has motivated independent learning. The CTQ can also serve as a bridging course to narrow the heterogeneity gap among students with heterogeneous prior knowledge on computer programming languages and ease students into programming-related modules, thereby enhancing teaching and learning effectiveness.",ieee,llm,0.940,unreviewed,
kept,Computational thinking,Jeannette M. Wing,2006,Communications of the ACM,10.1145/1118178.1118215,https://openalex.org/W2339183141,CT-definition,"It represents a universally applicable attitude and skill set everyone, not just computer scientists, would be eager to learn and use.",openalex,human,0.990,human,
kept,Computation and Computational Thinking,Alfred V. Aho,2012,The Computer Journal,10.1093/comjnl/bxs074,https://openalex.org/W2157419232,supports-claim,"La presente investigación tiene como propósito establecer cómo un material educativo digital (MED), aporta a mejorar las habilidades en el desarrollo de algoritmos con problemas matemáticos, pertenecientes a una parte operativa del pensamiento computacional, en estudiantes de primer semestre de la materia lógica de programación del Instituto Colombiano de Aprendizaje ¿INCAP¿. Para el estudio se diseñó e implemento el MED ¿Evolución,¿ conformado por retos aritméticos y algorítmicos. Mediante la metodología de estudio de caso, se evidencia que los participantes no cuentan con suficientes bases matemáticas y/o pensamiento algorítmico necesarios para solucionar los retos planteados. Se encontró que al ejecutar reiterativamente un reto, los participantes no solo apropian las operaciones matemáticas básicas, sino que además logran dar solución a los algoritmos utilizados en el MED, ratificando la potencialidad de las TIC como herramientas mediadoras que permiten motivar y mejorar el aprendizaje.",openalex,llm,0.940,unreviewed,
kept,Thinking about computational thinking,James J. Lu; George Fletcher,2009,,10.1145/1508865.1508959,https://openalex.org/W2220638545,qualifies-claim,"Jeannette Wing's call for teaching Computational Thinking (CT) as a formative skill on par with reading, writing, and arithmetic places computer science in the category of basic knowledge. Just as proficiency in basic language arts helps us to effectively communicate and in basic math helps us to successfully quantitate, proficiency in computational thinking helps us to systematically and efficiently process information and tasks. But while teaching everyone to think computationally is a noble goal, there are pedagogical challenges. Perhaps the most confounding issue is the role of programming, and whether we can separate it from teaching basic computer science. How much programming, if any, should be required for CT proficiency?",openalex,llm,0.910,unreviewed,
kept,Thinking about computational thinking,James J. Lu; George Fletcher,2009,ACM SIGCSE Bulletin,10.1145/1539024.1508959,https://openalex.org/W4246293799,qualifies-claim,"Jeannette Wing's call for teaching Computational Thinking (CT) as a formative skill on par with reading, writing, and arithmetic places computer science in the category of basic knowledge. Just as proficiency in basic language arts helps us to effectively communicate and in basic math helps us to successfully quantitate, proficiency in computational thinking helps us to systematically and efficiently process information and tasks. But while teaching everyone to think computationally is a noble goal, there are pedagogical challenges. Perhaps the most confounding issue is the role of programming, and whether we can separate it from teaching basic computer science. How much programming, if any, should be required for CT proficiency? We believe that to successfully broaden participation in computer science, efforts must be made to lay the foundations of CT long before students experience their first programming language. We posit that programming is to Computer Science what proof construction is to mathematics, and what literary analysis is to English. Hence by analogy, programming should be the entrance into higher CS, and not the student's first encounter in CS. We argue that in the absence of programming, teaching CT should focus on establishing vocabularies and symbols that can be used to annotate and describe computation and abstraction, suggest information and execution, and provide notation around which mental models of processes can be built. Lastly, we conjecture that students with sustained exposure to CT in their formative education will be better prepared for programming and the CS curriculum, and, furthermore, that they might choose to major in CS not only for career opportunities, but also for its intellectual content.",openalex,llm,0.940,unreviewed,
kept,Computational Thinking Test for Beginners: Design and Content Validation,María Zapata-Cáceres; Estefanía Martín; ‪Marcos Román-González‬,2020,,10.1109/educon45650.2020.9125368,https://openalex.org/W3037610611,supports-claim,"Computational Thinking (CT) is a fundamental skill that is not only confined to computer scientists’ activities but can be widely applied in daily life and is required in order to adapt to the future and, therefore, should be taught at early ages. Within this framework, assessing CT is an indispensable part to consider in order to introduce CT in the school curricula. Nevertheless, efforts involving the formal assessment of computational thinking has primarily focused on middle school grades and above; and are mostly based on the analysis of projects in specific programming environments. A Beginners Computational Thinking Test (BCTt), aimed at early ages, and based on the Computational Thinking Test [1], has been designed including several improvements; submitted to a content validation process through expert´s judgement procedure; and administered to Primary School students. The BCTt design is considered adequate by experts and results show a high reliability for the assessment of CT in Primary School, particularly in first educational stages.",openalex,llm,0.870,unreviewed,
discarded,Introducing Computational Thinking to Young Learners: Practicing Computational Perspectives Through Embodiment in Mathematics Education,Woonhee Sung; Junghyun Ahn; John B. Black,2017,Technology Knowledge and Learning,10.1007/s10758-017-9328-x,https://openalex.org/W2740307545,adjacent-subtopic,"A science, technology, engineering, and mathematics-influenced classroom requires learning activities that provide hands-on experiences with technological tools to encourage problem-solving skills (Brophy et al. in J Eng Educ 97(3):369-387, 2008; MatariAc et al. in AAAI spring symposium on robots and robot venues: resources for AI education, pp 99-102, 2007). The study aimed to bring computational thinking, an applicable skill set in computer science, into existing mathematics and programming education in elementary classrooms. An essential component of computational thinking is the ability to think like a computer scientist when confronted with a problem (Grover and Pea in Educ Res 42(1):38-43.refer to the frame of reference programmers or computer scientists adopt when approaching a problem. The study examined the effects of taking computational perspectives through various degrees of embodied activities (i.e., full vs. low) on students' achievement in mathematics and programming. The study employed a 2 (full vs. low embodiment) x 2 (with vs. without computational perspective taking) factorial condition to evaluate four learning conditions from a combination of embodiment and computational perspective-taking practice. The results from this experimental study (N = 66 kindergarten and first graders) suggest that full-embody activities combined with the practice of computational perspective-taking in solving mathematics problem improved mathematics understanding and programming skills as demonstrated in Scrath Jr. among novice young learners. Moreover, the practice of using a computational perspective significantly improved students' understanding of core programming concepts regardless of the level of embodiment. The article includes recommendations for how to make the computational thinking process more concrete and relevant within the context of a standard curriculum, particularly mathematics.",openalex,llm,0.870,unreviewed,
kept,Computational thinking : the skill set of the 21st century,Mahsa Mohaghegh; Michael E. McCauley,2016,Unitec Research Bank (Unitec Institute of Technology),,https://openalex.org/W2409973746,supports-claim,"Computational thinking is a relatively new term, and is the topic of much discussion in the educational realm today. Research shows that computational thinking is a highly valuable skill that is becoming a topic of increasing interest among computational education researchers, as well as computer scientists. The reason for this is due to the significant benefits associated with it in terms of problem solving. \n \nThis review begins with an introduction to computational thinking as a term, and gives some characteristics surrounding the skill set. We then examine the benefits and advantages of computational thinking in general, and areas in which it may be applied. We also explore the importance of computational thinking in education and teaching practice, specifically at years 1 - 13, and note areas in which this is currently being implemented. We also search for the use of computational thinking in Kaupapa Māori, again noting current work in this area. Finally, we make recommendations for the inclusion of computational thinking as a core topic in primary and secondary education.",openalex,llm,0.900,unreviewed,
kept,A Model for Developing Computational Thinking Skills,Tauno Palts; Margus Pedaste,2020,Informatics in Education,10.15388/infedu.2020.06,https://openalex.org/W3010803115,supports-claim,"Computer science concepts have an important part in other subjects and thinking computationally is being recognized as an important skill for everyone, which leads to the increasing interest in developing computational thinking (CT) as early as at the comprehensive school level. Therefore, research is needed to have a common understanding of CT skills and develop a model to describe the dimensions of CT. Through a systematic literature review, using the EBSCO Discovery Service and the ACM Digital Library search, this paper presents an overview of the dimensions of CT defined in scientific papers. A model for developing CT skills in three stages is proposed: i) defining the problem, ii) solving the problem, and iii) analyzing the solution. Those three stages consist of ten CT skills: problem formulation, abstraction, problem reformulation, decomposition, data collection and analysis, algorithmic design, parallelization and iteration, automation, generalization, and evaluation.",openalex,llm,0.990,unreviewed,
kept,Learning Programming at the Computational Thinking Level via Digital Game-Play,Cagin Kazimoglu; Mary Kiernan; Liz Bacon; Lachlan MacKinnon,2012,Procedia Computer Science,10.1016/j.procs.2012.04.056,https://openalex.org/W2067951625,supports-claim,"This paper outlines an innovative game model for learning computational thinking (CT) skills through digital game-play. We have designed a game framework where students can practice and develop their skills in CT with little or no programming knowledge. We analyze how this game supports various CT concepts and how these concepts can be mapped to programming constructs to facilitate learning introductory computer programming. Moreover, we discuss the potential benefits of our approach as a support tool to foster student motivation and abilities in problem solving. As initial evaluation, we provide some analysis of feedback from a survey response group of 25 students who have played our game as a voluntary exercise. Structured empirical evaluation will follow, and the plan for that is briefly described.",openalex,llm,0.840,unreviewed,
kept,The Impact of User Interface on Young Children’s Computational Thinking,Alex Pugnali; Amanda Sullivan; Marina Umashi Bers,2017,Journal of Information Technology Education Innovations in Practice,10.28945/3768,https://openalex.org/W2766568637,supports-claim,"Aim/Purpose: Over the past few years, new approaches to introducing young children to computational thinking have grown in popularity. This paper examines the role that user interfaces have on children’s mastery of computational thinking concepts and positive interpersonal behaviors. Background: There is a growing pressure to begin teaching computational thinking at a young age. This study explores the affordances of two very different programming interfaces for teaching computational thinking: a graphical coding application on the iPad (ScratchJr) and tangible programmable robotics kit (KIBO). Methodology : This study used a mixed-method approach to explore the learning experiences that young children have with tangible and graphical coding interfaces. A sample of children ages four to seven (N = 28) participated. Findings: Results suggest that type of user interface does have an impact on children’s learning, but is only one of many factors that affect positive academic and socio-emotional experiences. Tangible and graphical interfaces each have qualities that foster different types of learning",openalex,llm,0.850,unreviewed,
kept,Computational thinking’s influence on research and education for all,Jeannette M. Wing,2017,DOAJ (DOAJ: Directory of Open Access Journals),10.17471/2499-4324/922,https://openalex.org/W2767711069,supports-claim,"Computer science has produced, at an astonishing and breathtaking pace, amazing technology that has transformed our lives with profound economic and societal impact. In the course of the past ten years, we have come to realize that computer science offers not just useful software and hardware artifacts, but also an intellectual framework for thinking, what I call “computational thinking”. Everyone can benefit from thinking computationally. My grand vision is that computational thinking will be a fundamental skill—just like reading, writing, and arithmetic—used by everyone by the middle of the 21st Century.",openalex,llm,0.860,unreviewed,
kept,Computational Thinking: A Disciplinary Perspective,Peter J. Denning; Matti Tedre,2021,Informatics in Education,10.15388/infedu.2021.21,https://openalex.org/W3182123655,qualifies-claim,"Over its short disciplinary history, computing has seen a stunning number of descriptions of the field's characteristic ways of thinking and practicing, under a large number of different labels. One of the more recent variants, notably in the context of K-12 education, is ""computational thinking"", which became popular in the early 2000s, and which has given rise to many competing views of the essential character of CT. This article analyzes CT from the perspective of computing's disciplinary ways of thinking and practicing, as expressed in writings of computing's pioneers. The article describes six windows into CT from a computing perspective: its intellectual origins and justification, its aims, and the central concepts, techniques, and ways of thinking in CT that arise from those different origins. The article also presents a way of analyzing CT over different dimensions, such as in terms of breadth vs. depth, specialization vs. generalization, and in terms of skill progression from beginner to expert. Those different views have different aims, theoretical references, conceptual frameworks, and origin stories, and they justify their intellectual essence in different ways.",openalex,llm,0.990,unreviewed,
discarded,Computational Thinking Education in the Asian Pacific Region,Hyo‐Jeong So; Morris Siu–Yung Jong; Chen‐Chung Liu,2019,The Asia-Pacific Education Researcher,10.1007/s40299-019-00494-w,https://openalex.org/W2994912047,adjacent-subtopic,"The importance of computational thinking (CT) education in the twenty-first century cannot be understated, as digital computing technologies have become an essential component of practically all human activities. Due to their strength in the ICT industry, countries such as Korea, Taiwan, Hong Kong, and China have launched national curricular reforms to address the current movement of CT education in K-12 education. This special issue, therefore, intends to provide insights into the current curricular reform movement of CT education in the Asian Pacific region. It includes six papers presenting studies which expose the recent evidence-driven research and development of CT education. The findings of the studies shed light on the future policy and implementation of CT education in the Asian Pacific region. Integrating CT into formal education involves far more than learning and teaching of computational concepts and coding skills. We hope that this special issue provides better understandings of the current status of CT education in the Asia-Pacific region and the challenges faced by teachers, school administrators, and policy makers as well as other key stakeholders in the education community.",openalex,llm,0.850,unreviewed,
discarded,Computational Thinking in Life Science Education,Amir Rubinstein; Benny Chor,2014,PLoS Computational Biology,10.1371/journal.pcbi.1003897,https://openalex.org/W2047787216,adjacent-subtopic,"We join the increasing call to take computational education of life science students a step further, beyond teaching mere programming and employing existing software tools. We describe a new course, focusing on enriching the curriculum of life science students with abstract, algorithmic, and logical thinking, and exposing them to the computational ""culture."" The design, structure, and content of our course are influenced by recent efforts in this area, collaborations with life scientists, and our own instructional experience. Specifically, we suggest that an effective course of this nature should: (1) devote time to explicitly reflect upon computational thinking processes, resisting the temptation to drift to purely practical instruction, (2) focus on discrete notions, rather than on continuous ones, and (3) have basic programming as a prerequisite, so students need not be preoccupied with elementary programming issues. We strongly recommend that the mere use of existing bioinformatics tools and packages should not replace hands-on programming. Yet, we suggest that programming will mostly serve as a means to practice computational thinking processes. This paper deals with the challenges and considerations of such computational education for life science students. It also describes a concrete implementation of the course and encourages its use by others.",openalex,llm,0.780,unreviewed,
