status,title,authors,year,venue,doi,url,tags,abstract,provider,decision_source,llm_confidence,llm_review_outcome,llm_change_direction
kept,Connected Code,Yasmin B. Kafai; Quinn Burke,2014,The MIT Press eBooks,10.7551/mitpress/9992.001.0001,https://openalex.org/W4252991377,CT-definition; qualifies-claim,"Why every child needs to learn to code: the shift from “computational thinking” to computational participation. Coding, once considered an arcane craft practiced by solitary techies, is now recognized by educators and theorists as a crucial skill, even a new literacy, for all children. Programming is often promoted in K-12 schools as a way to encourage “computational thinking”—which has now become the umbrella term for understanding what computer science has to contribute to reasoning and communicating in an ever-increasingly digital world. In Connected Code, Yasmin Kafai and Quinn Burke argue that although computational thinking represents an excellent starting point, the broader conception of “computational participation” better captures the twenty-first-century reality. Computational participation moves beyond the individual to focus on wider social networks and a DIY culture of digital “making.” Kafai and Burke describe contemporary examples of computational participation: students who code not for the sake of coding but to create games, stories, and animations to share; the emergence of youth programming communities; the practices and ethical challenges of remixing (rather than starting from scratch); and the move beyond stationary screens to programmable toys, tools, and textiles.",openalex,llm,0.900,unreviewed,
discarded,Infusing computational thinking into the middle- and high-school curriculum,Amber Settle; Baker Franke; Ruth Hansen; Frances Spaltro; Cynthia Jurisson; Colin Rennert-May; Brian Wildeman,2012,,10.1145/2325296.2325306,https://openalex.org/W2066243259,adjacent-subtopic,"In recent years there have been significant efforts to revamp undergraduate and K-12 curricula to emphasize computational thinking, a term popularized by Jeannette Wing in 2006. We describe work introducing and enhancing computational thinking activities and assessments in the middle- and high-school curriculum at the University of Chicago Lab Schools. In total six courses were altered as a part of the Computational Thinking across the Curriculum Project: middle-school and high-school computer science, and high-school Latin, graphic arts, English, and history. We detail the modifications to the curriculum and discuss the successes and challenges of the project.",openalex,llm,0.860,unreviewed,
kept,Computational thinking - a guide for teachers,Andrew Csizmadia; Paul Curzon; Mark Dorling; Simon Humphreys; Thomas W. H. Ng; Cynthia Selby; John Woollard,2015,ePrints Soton (University of Southampton),,https://openalex.org/W2946212624,supports-claim,"This guide seeks to help develop a shared understanding of the teaching of computational thinking in schools. It presents a conceptual framework of computational thinking, describes pedagogic approaches for teaching and offers guides for assessment. It is complementary to the two CAS guides published in November 2013 (Primary) and June 2014 (Secondary) in supporting the implementation of the new National Curriculum and embraces the CAS Barefoot and CAS QuickStart Computing descriptions of computational thinking. Computational thinking lies at the heart of the computing curriculum but it also supports learning and thinking in other areas of the curriculum.",openalex,llm,0.900,unreviewed,
kept,"Computer science in K-12 school curricula of the 2lst century: Why, what and when?",Mary Webb; Niki Davis; Tim Bell; Yaacov J. Katz; Nicholas Reynolds; Dianne P. Chambers; Maciej M. Sysło,2016,Education and Information Technologies,10.1007/s10639-016-9493-x,https://openalex.org/W2343761914,CT-facets-concepts-vs-practices; qualifies-claim,"In this paper we have examined the position and roles of Computer Science in curricula in the light of recent calls for curriculum change and we have proposed principles and issues to consider in curriculum design as well as identifying priority areas for further research. The paper is based on discussions within and beyond the International Federation of Information Processing (IFIP) Education Community since 2012 as well as an analysis of curriculum developments in five different countries. Emerging themes have been discussed with reference to important perspectives from curriculum theory including “powerful knowledge” as a key element of entitlement and management of the growth of expertise. Based on this analysis we have identified areas of consensus as well as constraints, risks and issues that are still subject to controversy. There is an emerging consensus of the importance of Computer Science and the nature of its “powerful knowledge”. Furthermore current understanding of the opportunities and benefits for starting to learn Computer Science early in primary schools has identified this early start as an entitlement and equity issue. There is a strong consensus that teacher professional development in Computer Science Education is critical for supporting curriculum change and is currently a major challenge in many countries. Other key issues include understanding how the growth of expertise affects potential structure and sequencing in the curriculum and the balance of content. Further considerations include how new technological opportunities interact with pedagogical approaches and can provide new potential for the growth of expertise.",openalex,llm,0.870,unreviewed,
discarded,Developing community-based engagement in smart cities: A design-computational thinking approach,Chien-Sing Lee; K. Daniel Wong,2017,2017 IEEE International Conference on Industrial Engineering and Engineering Management (IEEM),10.1109/IEEM.2017.8290008,https://ieeexplore.ieee.org/document/8290008/,adjacent-subtopic,"Smart Cities development has progressed rapidly with Internet of Things (IoT), ambient intelligence and increasingly, crowdsourcing. Engaging the community thus plays a key role in developing meaningful communal growth along with other stakeholders. This paper briefly presents a pilot study on developing computational perspectives for community-based engagement and innovations in Smart Cities for the young and thereafter, to explore possibilities of engaging seniors in self and community development, and the young and old in community-based engagement and possibly in the future, the development of viable values-based innovations in information systems.",ieee,llm,0.950,unreviewed,
discarded,Effectiveness of marker-based augmented reality game on computational thinking skills and cognitive load for middle school students,Toluchuri Shalini Shankar Rao; Ajay Shankar Tiwari; Utanko Mitra; Kaushal Kumar Bhagat,2024,2024 IEEE International Conference on Advanced Learning Technologies (ICALT),10.1109/ICALT61570.2024.00071,https://ieeexplore.ieee.org/document/10645865/,adjacent-subtopic,"Computational thinking (CT) gained significant importance in education, leading to a surge in the development of dedicated instructional platforms. The cultivation of students’ CT skills posed a challenge, often involving the introduction of abstract and challenging-to-visualize programming concepts. This study aimed to bridge this gap by introducing an augmented reality-based coding game—an interactive learning platform designed to facilitate students in acquiring programming skills and enhancing their grasp of computational thinking concepts. The augmented reality (AR) digital game is specifically directed towards fundamental CT skills, such as pattern recognition, decomposition, abstraction, and developing algorithms. To evaluate the effectiveness of the AR game in enhancing CT skills, a study was conducted with 124 middle school students, entailing in grades 6th and 8th. The experimental group (N = 63) utilized the AR game, while the control group (N = 61) relied on conventional text materials. The findings of the experiment strongly supported the integration of AR technology along with game-based learning as a means to enhance CT knowledge and skills while simultaneously reducing cognitive load.",ieee,llm,0.940,unreviewed,
discarded,Developing a Visual-Scaffolding-Based Computational Thinking Platform to Enhance Students’ Computational Thinking and Problem-Solving Abilities,Yu-Jie Zheng; Chia-Jung Chang,2025,2025 19th IIAI International Congress on Advanced Applied Informatics (IIAI-AAI-Winter),10.1109/IIAI-AAI-Winter69777.2025.00026,https://ieeexplore.ieee.org/document/11418331/,adjacent-subtopic,"This study, based on the Cognitive Theory of Multimedia Learning, explores the effects of different prompting modes (visual and text-based) on learners’ computational thinking and problem-solving abilities. A Blockly-based visual block learning system was developed with a robot vacuum task to guide students through problem-solving activities. A quasi-experimental design was used, including 62 university and graduate students divided into a visual-prompt group and a text-prompt group. The results showed a significant difference in computational thinking performance in the post-test, with the visual-prompt group outperforming the text-prompt group. In terms of problem-solving abilities, the visual-prompt group showed significant improvement in problem-solving confidence and personal control. Qualitative analysis also indicated that visual prompts helped students decompose problems, plan strategies, reduce cognitive load, and improve problem-solving performance. Overall, the findings suggest that visual prompts can enhance students’ computational thinking, problem-solving abilities, confidence, and initiative, providing useful insights for future research and instructional design.",ieee,llm,0.960,unreviewed,
discarded,Improving the Students Computational Thinking Skills With Collaborative Learning Techniques,Leovy Echeverría; Ruth Cobos; Mario Morales,2019,IEEE Revista Iberoamericana de Tecnologias del Aprendizaje,10.1109/RITA.2019.2952299,https://ieeexplore.ieee.org/document/8894360/,adjacent-subtopic,"In this paper we present a STEM education initiative. This initiative involves an improved learning approach by means of the implementation of collaborative learning techniques. The proposed approach promotes computational thinking skills in a group manner to improve the learning of geometry. Two case studies were performed with primary school children in the fourth grade at the Comfacor School (Montería-Colombia). The aim of these studies was to analyse the effects of the improved approach in three aspects: the children' motivation, satisfaction and performance. The obtained results provide evidence that the learning of geometry was enhanced thanks to the proposed approach implemented based on a computational thinking strategy.",ieee,llm,0.950,unreviewed,
discarded,Developing a Teacher Training Curriculum Including Computational Thinking Skills: Early Advances on a Study Focused on Colombia,Armando Muñoz del Castillo; Mario A. Muñoz; Lydia Cruz Acosta Huertas; Edgar Herrera; Javier Jimenez Toledo; Deixy Ximena Ramos,2019,2019 XIV Latin American Conference on Learning Technologies (LACLO),10.1109/LACLO49268.2019.00012,https://ieeexplore.ieee.org/document/8995162/,adjacent-subtopic,"During training at the Complementary Formation Program (CFP), Colombian primary school teachers do not acquire Computational Thinking (CT) skills, which are considered fundamental for the knowledge economies of the 21st century. In this paper, we describe the early stages of a project aiming to reform the CFP curriculum, such that CT skills becomes an integral part. As a first step, we carried-out four introductory workshops with 64 first-and third-semester CFP students and then surveyed them to gather their perceptions on CT. The results show that the students have a limited understanding of CT and its associated skills, but they recognize their importance. Moreover, they agree that primary school should be the starting point to develop them. The project will continue gathering information from current CFP teachers, current primary school teachers, and university professors who are experts in curriculum development, to develop the curricular proposal.",ieee,llm,0.830,unreviewed,
discarded,An Empirical Study on Blended Learning to Promote the Development of Computational Thinking Ability of College Students,Lihua Liao; Jin Liang,2017,2017 International Symposium on Educational Technology (ISET),10.1109/ISET.2017.64,https://ieeexplore.ieee.org/document/8005431/,adjacent-subtopic,"Studies have shown that learning approaches are able to promote the developments of computational thinking on students, including cooperative learning, project-based learning, online communication, Academic dialogue etc. Therefore, these learning approaches can combine with the traditional teaching in a more effective way. Blended learning may promote the developments of computational thinking on students. The paper takes the junior College students as the experimental objects, and carries a pretest-posttest study through unequal experimental and control groups. It approved that blended learning has a positive impact on the college student's computational thinking, i.e., they have an obvious progress.",ieee,llm,0.950,unreviewed,
discarded,The effects of constructing robot-based storytelling system on college students' computational thinking skill and technology comprehension,Chih-Chien Hu; Ming-Hsien Chen; Imam Yuadi; Nian-Shing Chen,2022,2022 24th International Conference on Advanced Communication Technology (ICACT),10.23919/ICACT53585.2022.9728803,https://ieeexplore.ieee.org/document/9728803/,adjacent-subtopic,"Recent college students have been observed to be motivated and engaged in acquiring information and communication technology (ICT) knowledge and skills with robots and digital media. The purpose of this study is to develop students’ technology comprehension through a learning activity by constructing robot-based storytelling systems. A sample of 15 college students participated in the program. Data collected include the pre-and post-computational thinking tests (CTt) and computational thinking skill (CTs) tests for evaluating their learning effects of technology comprehension (TC) in terms of computational thinking knowledge and skills and their perceptions toward the robot-based storytelling development environment and learning activities. The results show that the learning activities were an effective approach for enhancing the students’ TC as shown in the post-test. The differences between the students’ CT and perceptions were also confirmed. The results revealed that the learning activities with the robot-based storytelling development environment could improve the students’ TC knowledge and skills, and learning perceptions.",ieee,llm,0.950,unreviewed,
discarded,Comparing the effects of robots and IoT objects on STEM learning outcomes and computational thinking skills between programming-experienced learners and programming-novice learners,Chih-Chien Hu; Hsiao-Ting Tseng; Ming-Hsien Chen; Alexis Goh Phaik Imm; Nian-Shing Chen,2020,2020 IEEE 20th International Conference on Advanced Learning Technologies (ICALT),10.1109/ICALT49669.2020.00033,https://ieeexplore.ieee.org/document/9155698/,adjacent-subtopic,"Recent college students have been observed to be motivated and engaged in acquiring science, technology, engineering, and mathematics (STEM) knowledge and skills with robots and IoT objects. A sample of 13 master's students participated in the program. Data collected include the pre-and post- STEM and computational thinking (CT) written tests, and the pre- and post- surveys of learning perceptions toward the robots and IoT objects learning activities. The results show that the learning activities were an effective approach for the master's students' STEM learning outcome and CT as shown in the post-test. The differences between the master's students' STEM learning outcome, CT, and perceptions were also confirmed, particularly between the groups of computer programming-experienced learners and computer programming-novice learners. The results revealed that the learning activities with robots and IoT objects could improve the overall master's students' CT, STEM knowledge, and learning perceptions. Both programming-experienced and programming-novice learners' STEM learning outcome were improved.",ieee,llm,0.960,unreviewed,
discarded,An Educational Game to Promote the Development of Computational Thinking in Children Both Neurotypical and with Intellectual Disabilities,Matheus Soppa Geremias; Taynara Cerigueli Dutra; Isabela Gasparini; Eleandro Maschio,2023,2023 IEEE International Conference on Advanced Learning Technologies (ICALT),10.1109/ICALT58122.2023.00036,https://ieeexplore.ieee.org/document/10260990/,adjacent-subtopic,"Computational Thinking (CT) is a way to structure thinking to solve problems, which develops cognitive skills. Educational Digital Games (EDG) are a potential tool to work with CT, stimulating the student's interest and learning. Still, to make these games playable by children with Intellectual disabilities (ID), it is necessary to have adaptations suitable to their educational needs. Therefore, this paper presents the development and evaluation of the EDG “Pensar e Vestir” (PeV). This game addresses a daily life activity, the process of choosing clothes and the act of wearing them, and aims to promote the development of CT in children both neurotypical and with ID. The development process was supported by ID, Education, and Specialized Education Treatment specialists based on accessibility guidelines. In the end, there were two evaluations, firstly with the specialists and then with Computation students, to validate the functional and technical requirements. Currently, the game is in evaluation by its target audience.",ieee,llm,0.930,unreviewed,
discarded,Collaborative teaching of globally distributed software development: community building workshop (CTGDSD 2011),Stuart Faulk; Michal Young; David Weiss; Lian Yu,2011,2011 33rd International Conference on Software Engineering (ICSE),10.1145/1985793.1986049,https://ieeexplore.ieee.org/document/6032639/,off-topic-false-hit,"Software engineering project courses where student teams are geographically distributed can effectively simulate the problems of globally distributed software development (DSD). However, this pedagogical model has proven difficult to adopt or sustain. It requires significant pedagogical resources and collaboration infrastructure. Institutionalizing such courses also requires compatible and reliable teaching partners. The purpose of this workshop is to foster a community of international faculty and institutions committed to developing, supporting, and teaching DSD. Foundational materials presented will include pedagogical materials and infrastructure developed and used in teaching DSD courses along with results and lessons learned. Long-range goals include: lowering adoption barriers by providing common pedagogical materials, validated collaboration infrastructure, and a pool of potential teaching partners from around the globe.",ieee,llm,0.990,unreviewed,
discarded,T{h}inker: A Physical Computing Tool Kit for Computational Thinking,V. Anantha Narayanan; C. K. Shyamala; C. Shunmuga Velayutham,2018,2018 IEEE 18th International Conference on Advanced Learning Technologies (ICALT),10.1109/ICALT.2018.00075,https://ieeexplore.ieee.org/document/8433520/,adjacent-subtopic,"Identifying engaging programming tasks to teach computational thinking and programming skills, especially to students of post-secondary education, is a challenging problem for lecturers. Physical computing is a potential solution that provides ample opportunities for creative development of such skills. The availability of pre-assembled physical computing tool kits often do not offer the right level of abstraction and flexibility to suit educator's needs. Consequently, this paper presents the design of a custom physical computing tool kit, T{h}inker, primarily for learning and teaching computational thinking and programming skills. Prior to design discussions, the context and motivation behind designing T{h}inker has been presented. Preliminary pilot deployment sessions of T{h}inker for both teachers and students confirm its potential as an effective tool for both teaching and learning of thinking skills.",ieee,llm,0.940,unreviewed,
