status,title,authors,year,venue,doi,url,tags,abstract,provider,decision_source,llm_confidence,llm_review_outcome,llm_change_direction
discarded,"Learning, Remembering, and Understanding",Sherrie Reynolds,2017,,10.4324/9781315211985-5,https://openalex.org/W659306968,off-topic-false-hit,"One of the most important turning points in the dramatic shift in thought for teachers and parents was the work led by Jean Piaget Processes like learning, remembering, and understanding are called ""cognition."" Studies of cognition have focused on the acquisition of information, knowledge and skills, and retention (memory and the development of habits). Studies of cognition have focused on the acquisition of information, knowledge and skills, and retention. Remembering is an important facet of knowing. Obviously, knowing something is useful only if we can remember it. Memory is not simply a matter of retrieving information previously stored. Understanding means knowing how things work, how they go together. Through understanding, people build intellectual tools that we can use with many different kinds of content. Jean Piaget identified four stages, characterized by significant changes in the way a child is able to relate to his or her world: sensorimotor, preoperational, concrete operational, and formal operational.",openalex,llm,0.980,unreviewed,
discarded,"Comparing expert and novice understanding of a complex system from the perspective of structures, behaviors, and functions",Cindy E. Hmelo‐Silver; Merav Green Pfeffer,2004,Cognitive Science,10.1207/s15516709cog2801_7,https://openalex.org/W4249959789,adjacent-subtopic,"Abstract Complex systems are pervasive in the world around us. Making sense of a complex system should require that a person construct a network of concepts and principles about some domain that represents key (often dynamic) phenomena and their interrelationships. This raises the question of how expert understanding of complex systems differs from novice understanding. In this study we examined individuals' representations of an aquatic system from the perspective of structural (elements of a system), behavioral (mechanisms), and functional aspects of a system. Structure–Behavior–Function (SBF) theory was used as a framework for analysis. The study included participants from middle school children to preservice teachers to aquarium experts. Individual interviews were conducted to elicit participants' mental models of aquaria. Their verbal responses and pictorial representations were analyzed using an SBF‐based coding scheme. The results indicated that representations ranged from focusing on structures with minimal understanding of behaviors and functions to representations that included behaviors and functions. Novices' representations focused on perceptually available, static components of the system, whereas experts integrated structural, functional, and behavioral elements. This study suggests that the SBF framework can be one useful formalism for understanding complex systems.",openalex,llm,0.940,unreviewed,
discarded,Strategies of Visual Search by Novice and Experienced Drivers,Ronald R. Mourant; T H Rockwell,1972,Human Factors The Journal of the Human Factors and Ergonomics Society,10.1177/001872087201400405,https://openalex.org/W1838052923,off-topic-false-hit,"Six novice drivers drove a 2.1-mi. neighborhood route and a 4.3-mi. freeway route. Eye movements (including blinks and glances to the vehicle's mirrors and speedometer) were videotaped. The visual behavior of a control group, consisting of four experienced drivers, was also videotaped on the same routes. The results showed that the novice drivers: (1) concentrated their eye fixations in a smaller area as they gained driving experience, (2) looked closer in front of the vehicle and more to the right of the vehicle's direction of travel than the experienced drivers, (3) sampled their mirrors less frequently than the experienced drivers, and (4) made pursuit eye movements on the freeway route while the experienced drivers made only eye fixations. These results suggest that the visual acquisition process of the novice drivers was unskilled and overloaded. Thus, the search and scan patterns of the novice drivers may be considered unsafe in terms of impairing the drivers’ ability to detect circumstances that have high accident potential. On this basis it is recommended that novice drivers be prohibited from driving on public roads until they achieve an acceptable level of vehicle handling control and develop skill in acquiring visual information.",openalex,llm,1.000,unreviewed,
discarded,A Review of Self-regulated Learning: Six Models and Four Directions for Research,Ernesto Panadero,2017,Frontiers in Psychology,10.3389/fpsyg.2017.00422,https://openalex.org/W2597900308,adjacent-subtopic,"Self-regulated learning (SRL) includes the cognitive, metacognitive, behavioral, motivational, and emotional/affective aspects of learning. It is, therefore, an extraordinary umbrella under which a considerable number of variables that influence learning (e.g., self-efficacy, volition, cognitive strategies) are studied within a comprehensive and holistic approach. For that reason, SRL has become one of the most important areas of research within educational psychology. In this paper, six models of SRL are analyzed and compared; that is, Zimmerman; Boekaerts; Winne and Hadwin; Pintrich; Efklides; and Hadwin, Järvelä and Miller. First, each model is explored in detail in the following aspects: (a) history and development, (b) description of the model (including the model figures), (c) empirical support, and (d) instruments constructed based on the model. Then, the models are compared in a number of aspects: (a) citations, (b) phases and subprocesses, (c) how they conceptualize (meta)cognition, motivation and emotion, (d) top-down/bottom-up, (e) automaticity, and (f) context. In the discussion, the empirical evidence from the existing SRL meta-analyses is examined and implications for education are extracted. Further, four future lines of research are proposed. The review reaches two main conclusions. First, the SRL models form an integrative and coherent framework from which to conduct research and on which students can be taught to be more strategic and successful. Second, based on the available meta-analytic evidence, there are differential effects of SRL models in light of differences in students' developmental stages or educational levels. Thus, scholars and teachers need to start applying these differential effects of the SRL models and theories to enhance students' learning and SRL skills.",openalex,llm,0.960,unreviewed,
discarded,Automated Machine Learning,Frank Hutter; Lars Kotthoff; Joaquin Vanschoren,2019,The Springer series on challenges in machine learning,10.1007/978-3-030-05318-5,https://openalex.org/W4213308398,off-topic-false-hit,"This open access book gives the first comprehensive overview of general methods in Automatic Machine Learning, AutoML, collects descriptions of existing AutoML systems based on these methods, and discusses the first international challenge of AutoML systems.",openalex,llm,0.990,unreviewed,
discarded,Human simulations of vocabulary learning,Jane Gillette; Henry Gleitman; Lila R. Gleitman; Anne Lederer,1999,Cognition,10.1016/s0010-0277(99)00036-0,https://openalex.org/W2028072294,off-topic-false-hit,"The work reported here experimentally investigates a striking generalization about vocabulary acquisition: Noun learning is superior to verb learning in the earliest moments of child language development. The dominant explanation of this phenomenon in the literature invokes differing conceptual requirements for items in these lexical categories: Verbs are cognitively more complex than nouns and so their acquisition must await certain mental developments in the infant. In the present work, we investigate an alternative hypothesis; namely, that it is the information requirements of verb learning, not the conceptual requirements, that crucially determine the acquisition order. Efficient verb learning requires access to structural features of the exposure language and thus cannot take place until a scaffolding of noun knowledge enables the acquisition of clause-level syntax. More generally, we experimentally investigate the hypothesis that vocabulary acquisition takes place via an incremental constraint-satisfaction procedure that bootstraps itself into successively more sophisticated linguistic representations which, in turn, enable new kinds of vocabulary learning. If the experimental subjects were young children, it would be difficult to distinguish between this information-centered hypothesis and the conceptual change hypothesis. Therefore the experimental ""learners"" are adults. The items to be ""acquired"" in the experiments were the 24 most frequent nouns and 24 most frequent verbs from a sample of maternal speech to 18-24-month-old infants. The various experiments ask about the kinds of information that will support identification of these words as they occur in mother-to-child discourse. Both the proportion correctly identified and the type of word that is identifiable changes significantly as a function of information type. We discuss these results as consistent with the incremental construction of a highly lexicalized grammar by cognitively and pragmatically sophisticated human infants, but inconsistent with a procedure in which lexical acquisition is independent of and antecedent to syntax acquisition.",openalex,llm,0.990,unreviewed,
discarded,Understanding Difficulties and Resulting Confusion in Learning: An Integrative Review,Jason M. Lodge; Gregor Kennedy; Lori Lockyer; Amaël Arguel; Mariya Pachman,2018,Frontiers in Education,10.3389/feduc.2018.00049,https://openalex.org/W2807738726,adjacent-subtopic,"Difficulties are often an unavoidable but important part of the learning process. This seems particularly so for complex conceptual learning. Challenges in the learning process are, however, particularly difficult to detect and respond to in educational environments where growing class sizes and the increased use of digital technologies mean that teachers are unable to provide nuanced and personalised feedback and support to help students overcome their difficulties. Individual differences, the specifics of the learning activity, and the difficulty of giving individual feedback in large classes and digital environments all add to the challenge of responding to student difficulties and confusion. In this integrative review, we aim to explore difficulties and resulting emotional responses in learning. We will review the primary principles of cognitive disequilibrium and contrast these principles with work on desirable difficulties, productive failure, impasse driven learning and pure discovery-based learning. We conclude with a theoretical model of the zones of optimal and sub-optimal confusion as a way of conceptualising the parameters of productive and non-productive difficulties experienced by students while they learn.",openalex,llm,0.930,unreviewed,
discarded,Interventional Pulmonary Procedures,Armin Ernst; Gerard A. Silvestri; David W. Johnstone,2003,CHEST Journal,10.1378/chest.123.5.1693,https://openalex.org/W1595190401,off-topic-false-hit,,openalex,llm,0.970,unreviewed,
discarded,"SlingVR: A Virtual Reality Surgical Training System for Haptic-based ""Blind"" Surgical Procedures","Siff, Lauren; Dixon, Jerome; Bost, Franklin L.; Feldman, Moshe",2026,JOURNAL OF MINIMALLY INVASIVE GYNECOLOGY,10.1016/j.jmig.2026.01.064,https://www.webofscience.com/wos/woscc/full-record/WOS:001856697500001,off-topic-false-hit,"Study Objective: ""Blind"" procedures are performed without visual feedback and rely on haptics to complete the operation safely ""by feel."" Current training methods, including static models, cadaver sections, or supervised practice on patients, are expensive, time-consuming, and could impact patient safety. Simulation trainers that provide haptic feedback are still limited in their ability to reproduce realistic feel and accurately provide performance data. This study describes the concept, development, and usability evaluation of the SlingVR Surgical Training System for ""blind"" procedures. Design: A multidisciplinary team developed a SlingVR simulation prototype for blind procedures. A cognitive task analysis was used to understand how training design characteristics impacted learning and fidelity of the SlingVR system. Setting: Data were collected in multiple remote locations during multiple cycles of testing. Participants: The system and training experience was evaluated by expert surgeons and novices (medical students). Interventions: Participants performed the miduretheral sling procedure using the SlingVR virtual reality haptic-based trainer. Measurements: A usability survey and semistructured qualitative interviews were completed after using the tool. Qualitative comments and investigator observations during the sessions were reviewed and summarized into themes. Main Results: Six themes were identified from feedback of 14 expert surgeons: (1) cognitive tasks and knowledge improvement, (2) system feedback amount and type, (3) scoring and proficiency, (4) immersion/realism, (5) design elements/ esthetics, (6) gestalt/impressions. In phase two, 17 novices rated the training highly effective (mean = 4.44 f 0.54, 11 items) with high usability (mean = 4.49 f 0.49, 10 items, a = 0.87) and moderately high fidelity (mean = 4.06 f 0.62, 8 items, a = 0.87). The visual realism of the pelvic model was rated highest (mean = 4.33 f 0.77), and haptics were realistic. Overall, 82% agreed that the system increased their confidence in performing the procedure. Conclusion: We developed an innovative and valuable way to teach blind surgeries like the retropubic midurethral sling using virtual reality and haptics to avoid practicing on patients or using cadaver models. Overall, the SlingVR system was rated easy to use and visually and tactically realistic. Novices found the training to be high fidelity, comfortable, clear, and effective. Journal of Minimally Invasive Gynecology (2026) 33, 1188-1194. (c) 2026 AAGL. All rights are reserved, including those for text and data mining, AI training, and similar technologies.",wos,llm,1.000,unreviewed,
discarded,Feasibility and performance evaluation of a robotic steerable endoscopic submucosal dissection knife (with video),"Kim, Sang Hyun; Kim, Chanwoo; Kim, JaeYoun; Shin, Woocheol; Choi, Hyuk Soon; Jeon, Han Jo; Lee, Jae Min; Kim, Eun Sun; Keum, Bora; Jeen, Yoon Tae; Hong, Daehie",2026,SCIENTIFIC REPORTS,10.1038/s41598-026-53173-4,https://www.webofscience.com/wos/woscc/full-record/WOS:001855951900008,off-topic-false-hit,"Endoscopic submucosal dissection (ESD) requires high precision and dexterity and poses significant challenges for novice operators. Robotic steerable ESD knives have been developed to improve tip control and reduce the technical difficulties associated with conventional instruments. This study aimed to evaluate the feasibility, efficiency, and safety of a novel robotic-steerable ESD knife using simulated tissue models and to compare procedural outcomes between novice and expert endoscopists. Two experts and two novice endoscopists performed standardized ESD procedures using synthetic gastric tissue models. The experiments compared two modalities, robotic knife-assisted ESD (RESD) and conventional knife-assisted ESD (CESD). Each operator performed five procedures for each method. Performance metrics included total procedure time, submucosal dissection speed, dissection accuracy, and incidence of procedural complications. Twenty RESD and CESD procedures were analyzed. The RESD group demonstrated a significantly shorter total procedure time (30.1 +/- 13.1 min) compared with CESD (42.3 +/- 17.4 min; P < 0.05). Submucosal dissection speed was also significantly higher in RESD (48.3 +/- 7.8 mm & sup2;/min) than in CESD (20.2 +/- 7.4 mm & sup2;/min; P < 0.05). Furthermore, dissection accuracy was markedly higher with RESD than with CESD (91.1 +/- 4.9% vs. 75.1 +/- 14.1%, P < 0.05). The steerable robotic ESD knife facilitated a more controlled and precise submucosal dissection, particularly aiding novice endoscopists in overcoming technical challenges. These findings indicate that robotic knife-assisted ESD may enhance procedural performance, with pronounced benefits for less-experienced operators.",wos,llm,1.000,unreviewed,
discarded,Evaluation of smart TV user interfaces for older adults based on the perception assessment method of analytic hierarchy process (AHP)-fuzzy theory,"Zhang, Ting; Me, Rosalam Che; Alli, Hassan",2026,FRONTIERS IN PSYCHOLOGY,10.3389/fpsyg.2026.1848479,https://www.webofscience.com/wos/woscc/full-record/WOS:001855453300001,off-topic-false-hit,"With the deepening of population aging in China, smart TVs have become the most frequently used home digital device for older adults, serving as their core channel for daily information access and entertainment. However, the mismatch between older adults' perceptual needs, declining sensory and cognitive abilities, and the complex interface design of smart TVs has severely exacerbated the digital divide among this group. Existing studies mostly focus on qualitative age-appropriate design strategies, and lack a targeted, quantitative usability evaluation system that integrates older adults' subjective perceptual needs and interface performance assessment. This research develops a multi-level usability evaluation index system for older adults' smart TV interfaces by integrating Kansei Engineering (KE) and Analytic Hierarchy Process (AHP)-fuzzy theory. The system includes 2 first-level, 5 s-level, and 25 third-level indicators. Taking Huawei (Harmony OS) and Skyworth (Android-based) smart TVs as cases, this research conducted a standardized usability test with 15 older adults aged 60-74 in a novice user scenario to eliminate the interference of prior learning experience. The evaluation system's robustness was preliminarily verified through model sensitivity analysis, with overall score fluctuations below 1.71% under +/- 10% perturbations of core indicator weights. The results show that within the user experience dimension, interactive usability (local weight: 0.4126) ranks highest in importance, followed by feedback usability (0.3275), which is identified as a high-priority optimization direction due to its low actual scores. Skyworth scored 83.11 in overall usability, while Huawei scored 81.95; both brands scored relatively low in user experience usability (around 79 points), with error prevention, recoverability, and generic function being major issues. The system developed in this study can effectively assess interface usability, providing data support and targeted design guidance for the age-friendly optimisation of smart TV brands. This study has two main limitations: the sample is concentrated in the Zhaoqing region of Guangdong Province, and only two mainstream smart TV systems are evaluated. Future research will broaden the sample size to ensure the universality of the conclusions.",wos,llm,1.000,unreviewed,
