status,title,authors,year,venue,doi,url,tags,abstract,provider,decision_source,llm_confidence,llm_review_outcome,llm_change_direction
discarded,THE 'WILL' BEHIND THE 'SKILL': THE RELATIONSHIP BETWEEN ATTITUDES TOWARD COMPUTERS AND COMPUTATIONAL THINKING PROFICIENCIES OF MIDDLE SCHOOL STUDENTS,"Uzun, Erman; Gok, Ali; Yakin, Ilker",2026,JOURNAL OF NUSANTARA STUDIES-JONUS,10.24200/jonus.vol11iss2pp1-15,https://www.webofscience.com/wos/woscc/full-record/WOS:001842670000001,adjacent-subtopic,"Background and Purpose: Computational thinking (CT) has emerged as a fundamental competence for problem solving in the digital age. However, the development of CT skills is not determined solely by technical exposure to technology; affective factors such as students' attitudes toward computers may also play a significant role. This study aimed to examine the relationship between middle school students' computational thinking skills (CTS) and their attitudes toward computers (ATC), while also investigating how these variables differ according to selected demographic and technological factors. Methodology: The study employed a correlational survey design and was conducted with 439 sixth-and seventh-grade students from five public middle schools in Mersin, T & uuml;rkiye. Data were collected using the Attitudes Toward Computers Scale and the Computational Thinking Levels Scale. Descriptive statistics, independent samples t-tests, one-way ANOVA, and Pearson correlation analysis were utilized for data analysis. Findings: The findings revealed that gender did not produce a significant difference in CTS; however, male students reported significantly higher ATC scores than female students. Prior coding experience was associated with significantly higher levels of both CTS and ATC. In contrast, smartphone ownership and social media use did not lead to significant differences in either variable. Additionally, students with lower daily internet usage demonstrated significantly higher CTS scores than those with heavier internet use. Correlation analysis indicated a moderate positive relationship between CTS and ATC, suggesting that more positive attitudes toward computers are associated with stronger computational thinking skills. Contributions: This study makes a significant contribution to the literature by empirically challenging the ""digital native"" assumption, demonstrating that passive technology access-such as smartphone ownership and heavy internet usage-does not translate into computational proficiency. By establishing a robust link between affective dispositions (""will"") and cognitive performance (""skill""), the findings highlight that structured coding experience, rather than mere exposure, is essential for fostering both computational thinking and positive technological attitudes.",wos,llm,0.900,unreviewed,
kept,Mapping emerging research on computational thinking and disabilities in early childhood and primary education,"Cecchetti, Sara; Granone, Francesca",2026,FRONTIERS IN EDUCATION,10.3389/feduc.2026.1898052,https://www.webofscience.com/wos/woscc/full-record/WOS:001842477500001,qualifies-claim,"Computational thinking (CT) has increasingly been introduced into educational activities involving children with disabilities, particularly through coding toys, educational robotics, unplugged activities, and digital programming environments. However, existing research remains theoretically fragmented and has often focused on tools and interventions rather than critically examining how CT itself is conceptualised and adapted in relation to different disability profiles and educational needs. This focused scoping mini-review examines how CT has been conceptualised, implemented, and pedagogically mediated in empirical research involving children aged 0-12 years with disabilities in early childhood and primary education. By focusing on studies explicitly using the term computational thinking, the review maps how CT is currently conceptualised as a theoretical and pedagogical construct in relation to disability. Following PRISMA-ScR guidelines, a systematic search across eight databases identified 16 studies for inclusion in the final synthesis. The findings revealed substantial heterogeneity across theoretical frameworks, pedagogical approaches, disability profiles, and educational contexts. Most studies adopted widely recognised CT frameworks without substantially adapting them to disability-specific learning characteristics. Interventions frequently relied on robots, programming software, unplugged activities, and tangible interfaces within highly contextualised and small-scale educational settings. The review further highlighted the central role of teachers and researchers in mediating CT activities, while participatory and co-design approaches involving teachers and children remained relatively limited. The review highlights the need for more theoretically coherent, disability-sensitive, and participatory approaches to CT research and practice in inclusive educational contexts.",wos,llm,0.960,unreviewed,
kept,Assessing computational thinking and creativity skills in games developed by autistic youth in online game design and employment workshops,"Antony, Theresa; O'Brien, Sinead; Edano, Chrysia Lauren; Grossman, Eliana; Arista, Ariana R.; Marcotte, Jess; Gravelle, C. Donnan; Gillespie-Lynch, Kristen",2026,THINKING SKILLS AND CREATIVITY,10.1016/j.tsc.2026.102304,https://www.webofscience.com/wos/woscc/full-record/WOS:001839709100001,qualifies-claim,"Computational thinking (CT) and creativity have been identified as key skills for the 21st century workplace. Creativity has also been described as an aspect of CT by some researchers. However, the vast majority of computational thinking measures overlook both creativity and the cognitive diversity that supports it, e.g., neurodiversity. The omission of students with disabilities from most research supporting the validity and reliability of computational thinking measures limits both educators' ability to support neurodivergent students in developing and expressing skills that could help them get jobs and our understanding of computational thinking. This omission may be particularly limiting for Autistic students, who often have skills compatible with careers where computational thinking is particularly needed, yet face pronounced barriers getting jobs. Multi-method approaches to assessing computational thinking that include Autistic students are needed to improve the validity and reliability of computational thinking assessments. We qualitatively coded video games produced by 28 Autistic students enrolled in one of two Game Design and Employment workshops, comparing the quality and quantity of elements in their games (ecologically valid indicators of their computational thinking and creativity skills) to their scores on computational thinking and creativity assessments. Game creativity was operationalised by assessing the flexibility and fluency of elements in students' games. General creative potential was assessed using the alternative uses task (AUT). We used abbreviated versions of two commonly used CT tasks, the Computational Thinking Abilities -Middle Grades Assessment (CTAM) and Exploring Computer Science Unit 4 (ECS), to assess CT. We also examined if creativity and CT were associated with game design self-efficacy, student-reported engagement with workshop activities, and fluid reasoning. CT and AUT scores were associated with the creativity of the students' games. The abbreviated CTA-M was more consistently related with games than the abbreviated ECS and more internally consistent. Student-reported engagement with self-advocacy and feedback activities was associated with game creativity. Cognitive skills were associated with the CTA-M but not games. Findings suggest a need to design and assess computational thinking measures that capture both its cognitive and its potential affective and creative aspects.",wos,llm,0.900,unreviewed,
discarded,From E-Waste to Learning: A Tangible Approach to Computational Thinking and Sustainability Education,"Boya-Lara, Carlos; Diaz, Daniela; Fehrenbach, Aaron; Montesano De Talavera, Marisa",2026,IEEE REVISTA IBEROAMERICANA DE TECNOLOGIAS DEL APRENDIZAJE-IEEE RITA,10.1109/RITA.2026.3715595,https://www.webofscience.com/wos/woscc/full-record/WOS:001837784000004,adjacent-subtopic,"The accelerated obsolescence of electrical and electronic equipment has led to a growing accumulation of E-waste or waste electrical and electronic equipment (WEEE), posing environmental challenges and educational opportunities. This study presents and implements a curriculum for higher education (HE) that integrates computational thinking (CT), sustainability education, and educational robotics (ER) through the creative reuse of WEEE. The curriculum engages students in hands-on learning with analog circuits, guiding them through the principles of electronics, physical robot construction, algorithmic modeling, and sustainable redesign using BEAM robotics, a platform based on biology, electronics, aesthetics, and mechanics. Instead of relying on software programming, students engage with CT-related practices through embedded learning, tangible interaction, and perceptual grounding, reasoning about system behavior, physical circuit debugging, and adaptation of recovered components. The intervention was carried out with students from diverse academic backgrounds and showed consistent improvements in self-reported competencies across all assessed domains, with particularly notable improvements among those with no prior technical experience. By integrating sustainability into the learning process and basing CT on physical construction and sensorimotor feedback, the curriculum also supports the development of essential 21st-century skills such as problem solving, creativity, systems thinking, and reflective decision making. This inclusive and cost-effective model contributes to a renewed vision of science, technology, engineering, and mathematics (STEM) education that connects learning processes with awareness of circular design and real-world relevance.",wos,llm,0.800,unreviewed,
kept,"Game-based Assessment Tool for Computational Thinking Practices: Game Design, Content Validation, and Pilot Testing","Luo, Qi; Zhang, Shuhan; Gu, Zifeng",2025,"2025 IEEE INTERNATIONAL CONFERENCE ON TEACHING, ASSESSMENT, AND LEARNING FOR ENGINEERING, TALE",10.1109/TALE66047.2025.11346617,https://www.webofscience.com/wos/woscc/full-record/WOS:001800602200040,supports-claim,"Computational Thinking (CT) is widely recognized as an essential 21st-century skill, and its extensive integration into K-12 education underscores the need for effective assessment tools. While numerous CT assessment tools have already been developed, relatively few focus explicitly on assessing CT practices, especially among younger elementary students. To bridge this gap, the current study aimed to design and validate a game-based CT practices test (GCTPt) for lower-grade elementary students (ages 6-10). Evidence-Centered Game Design (ECGD) guided the development of the game, and five key constructs were involved, where a total of five game scenarios consisting of 55 assessment tasks were developed. The game's content validity was subsequently examined through expert reviews and cognitive interviews with students, leading to revisions informed by the findings. A pilot test involving 74 participants from Grades 1 to 3 was conducted at a public primary school in southern China. The results indicated that the difficulty levels of the tasks were well-balanced and suitable for the target age group. Additionally, item analyses were performed for each assessment task, informing further refinements of the game. Finally, implications and future research directions are discussed.",wos,llm,0.920,unreviewed,
discarded,Relationship Between Programming Contents Preferences and Personality Traits in Preschool Children,"Saito, Daisuke; Uchiyama, Akihiko; Tokunaga, Koji",2025,"2025 IEEE INTERNATIONAL CONFERENCE ON TEACHING, ASSESSMENT, AND LEARNING FOR ENGINEERING, TALE",10.1109/TALE66047.2025.11346763,https://www.webofscience.com/wos/woscc/full-record/WOS:001800602200133,adjacent-subtopic,"Programming education has been shown to enhance computational thinking (CT) skills in young learners Further, similar benefits have been observed in preschool children, with studies indicating that early programming instruction can support the development of CT skills However, research on the design of educational materials for young children remains limited. This study investigates the relationship between learning content preferences and personality traits in preschool programming education. The findings suggest that content preferences differ according to personality traits. In particular, extraversion emerged as a notable factor influencing preferences across multiple content items. Specifically, children with high extraversion, whether alone or combined with other traits, exhibited distinct patterns of preference, indicating that personality profiles can interact to influence individual learning tendencies. These insights offer useful guidance for the future development of programming materials tailored to preschool learners. In addition, these findings contribute to the early-stage discourse on personalized programming education in early childhood.",wos,llm,0.950,unreviewed,
discarded,Towards Incorporating Computational Thinking Skills Across the Curriculum,Donna DeMarco; Lisa Frye; Dylan Schwesinger,2024,2024 IEEE Frontiers in Education Conference (FIE),10.1109/FIE61694.2024.10893039,https://ieeexplore.ieee.org/document/10893039/,adjacent-subtopic,"This research-to-practice full paper describes K-12 Diversity and Broadening Participation through the integration of Computational Thinking (CT) across the curriculum. CT is implicit within the current high school curriculum and used by teachers and students every day in their classrooms across multiple content areas. Most students are unaware they are using these skills and that these skills are the foundation of learning computer science. Over a series of workshops, high school teachers and students, and university faculty discussed the need to incorporate CT skills throughout the high school curriculum to improve those skills in students and to impart a better understanding of computer science. The result was a guide created to assist high school teachers to make CT concepts explicit in their classes. A main component of the guide includes specific examples of how to incorporate CT skills in various content areas. The guide was created on a foundation of cultural relevance and cogenerative dialogues. Here we describe salient points about the creation of the guide and insights gained during these workshops.",ieee,llm,0.780,unreviewed,
discarded,School perceptions of coding education in K-12: A large scale quantitative study to inform innovative practices,Gary K. W. Wong; H. Y. Cheung; Edwin C. C. Ching; John M. H. Huen,2015,"2015 IEEE International Conference on Teaching, Assessment, and Learning for Engineering (TALE)",10.1109/TALE.2015.7386007,https://ieeexplore.ieee.org/document/7386007/,adjacent-subtopic,"Teaching students how to code in K-12 classrooms is considered as one of the major keys to promoting engineering education in the future, which can potentially enhance the competency and computational skills of students to adhere better learning outcomes in higher education. The success of promoting coding education or integrating it into school curriculum depends on the perceptions of teachers and headmasters in schools, and how well they believe on coding education and prepare for the innovative teaching and learning. In this exploratory research study, it reports the results of a large-scale quantitative questionnaire surveying 42 primary and secondary schools (n = 42) in Hong Kong, where computer programming has not been regulated as a compulsory course in K-12 curriculum. The questionnaire aims to investigate the school belief on coding education and their practical challenges while integrating it into their regular school curriculum. Our results show that there is a trend in the local schools promoting coding education with positive perceptions on teaching and learning. However, teaching challenges are also mentioned in the survey waiting for solutions, such as lack of teachers training and unified curriculum. Therefore, the empirical experiences of these schools have set forth the future research direction in design and implementation of coding education in K-12 classrooms not only in Hong Kong but also in the globe.",ieee,llm,0.940,unreviewed,
discarded,The Research of Programming Teaching in Primary School on the Cultivation of Computational Thinking,Yichi Wang; Yi Zhang; Aiping Mao; Jue Wang; Niu Li,2020,2020 Ninth International Conference of Educational Innovation through Technology (EITT),10.1109/EITT50754.2020.00051,https://ieeexplore.ieee.org/document/9320732/,adjacent-subtopic,"With the development of digital technologies, teaching computational thinking and relative skills in the K-12 curriculum can benefit students in thinking and create in the digital area. This study designed a programming course to help students develop computational thinking and relative skills, and conducted a practice in a primary school. Results indicated that students were benefited from three stages of the teaching process. Students' computational thinking knowledge, programming knowledge and skills, and problem-solving were developed after the learning of a semester. The programming works of the students also revealed that there was a tendency in the development of creativity.",ieee,llm,0.950,unreviewed,
discarded,Promoting Computational Thinking Skills Through Game-Based Learning of Students in Lower Secondary School,Siripon Saenboonsong; Akarapon Poonsawad,2024,2024 9th International STEM Education Conference (iSTEM-Ed),10.1109/iSTEM-Ed62750.2024.10663178,https://ieeexplore.ieee.org/document/10663178/,adjacent-subtopic,"This study's objectives were to: 1) compare computational thinking skills before and after game-based learning activities; and 2) study students' satisfaction after game-based learning. The research methodology uses the ADDIE model by driving game-based learning activities and promoting students with computational thinking skills, including decomposition, pattern recognition, abstraction, and algorithm design. The statistical methods used to analyze the data were mean, standard deviation, and t-test. The study's findings revealed that 1) the students' computational thinking skills improved significantly after engaging in game-based learning activities, demonstrating statistical significance at the.05 level, and 2) the overall students' satisfaction after activities with game-based learning was averaged at the highest level (= 4.75, S.D. = 0.52).",ieee,llm,0.920,unreviewed,
discarded,Towards the Assessment of Basic Computational Thinking Skills Using Syntactic Analysis Techniques,Antonio Gonzalez-Torres; Elliot Ramirez-Trejos; Lilliana Sancho-Chavarria; Jose Navas-Su; Cesar Garita; Jorge Monge-Fallas,2023,"2023 Congress in Computer Science, Computer Engineering, & Applied Computing (CSCE)",10.1109/CSCE60160.2023.00181,https://ieeexplore.ieee.org/document/10487449/,adjacent-subtopic,"This article introduces an exploratory method for automatically grading programming exam questions using syntactic analysis. The target problem is the lack of a robust, scalable, and automated method to analyze computational thinking skills from source code written by elementary school students. The proposed method uses a variety of techniques to assess student responses, including analyzing the programming structure, programming correctness, and code execution based on certain parameters defined during the exercise specification. Analysis of the source code and evaluation of the answers to the exercises are carried out using high performance computing to improve the response time of the system. This preliminary work will contribute to a robust method for automated exam scoring, which is expected to assess and support the development of computational thinking among students.",ieee,llm,0.900,unreviewed,
