status,title,authors,year,venue,doi,url,tags,abstract,provider,decision_source,llm_confidence,llm_review_outcome,llm_change_direction
discarded,The Impact of Chatbots on Students' Reflective Thinking in Introductory Programming Course,Agatha Rachmat; Craig Watterson; Karsten Lundqvist,2025,2025 IEEE Global Engineering Education Conference (EDUCON),10.1109/EDUCON62633.2025.11016417,https://ieeexplore.ieee.org/document/11016417/,adjacent-subtopic,"This study investigated New Zealand students' views on utilising chatbots and the impact of using ChatGPT or similar chatbots with suggested prompts on the reflective thinking skills of university students. The research was conducted in an introductory computer programming course (COMP102) in the School of Engineering and Computer Science. This introductory course uses a flipped classroom approach. The students were introduced to an approach to use a generative AI-based chatbot as an intervention. The intervention consisted of a brief explanation of chatbot training and utilisation, along with a specifically designed prompt intended to support learning. An example of prompt usage was demonstrated. Students' feedback was collected through two instruments: a Reflective Thinking Scale questionnaire, which measured students' reflective thinking abilities, and an open-ended student guide questionnaire designed to gather qualitative insights into their views and experiences using chatbots. Employing a mixed-methods research approach, we incorporated quantitative (Reflective Thinking Scale questionnaire) and qualitative (open-ended student guide questionnaire) data collection instruments within an experimental pre-test and post-test control group design. The pretest yielded 86 completed responses, while the post-test had 49 participants out of over 400 students enrolled in the course. The pre-test and posttest results did not yield quantitatively significant results in students' reflective thinking after the intervention. However, 21 out of 29 qualitative post-test respondents who utilise chatbots indicated that their interactions with the chatbot showed evidence of reflective thinking that improved their learning processes. The results revealed that students initially had doubts about using a chatbot for their learning, as they felt it might hinder their learning process or be unnecessary. Students perceived chatbots to be unreliable due to providing wrong answers, inaccurate code snippets, hallucinations, and plagiarised content. Therefore, students preferred to be self-reliant and not dependent on chatbots. Following the intervention, students demonstrated an increase of confidence in utilising chatbots as a learning tool, especially those who also used the suggested prompt. Students found that chatbots and the suggested prompt could be used to support learning and not only to provide answers. The chatbot was beneficial as a learning tool, providing additional information to clarify their understanding and reasoning behind providing simple explanations of programming concepts. Future work will focus on an intervention study in a more controlled environment to isolate the features of generative AI tools' impact and minimise external factors.",ieee,llm,0.960,unreviewed,
discarded,Game-Themed Programming Assignment Modules: A Pathway for Gradual Integration of Gaming Context Into Existing Introductory Programming Courses,Kelvin Sung; Cinnamon Hillyard; Robin Lynn Angotti; Michael W. Panitz; David S. Goldstein; John Nordlinger,2011,IEEE Transactions on Education,10.1109/TE.2010.2064315,https://ieeexplore.ieee.org/document/5559399/,adjacent-subtopic,"Despite the proven success of using computer video games as a context for teaching introductory programming (CS1/2) courses, barriers including the lack of adoptable materials, required background expertise (in graphics/games), and institutional acceptance still prevent interested faculty members from experimenting with this approach. Game-themed programming assignment (GTA) modules are designed specifically for these faculty members. The GTA modules are independent, and each is a self-contained game-like programming assignment that challenges students on concepts pertaining to a specific curriculum topic area. A faculty member can selectively pick and choose a subset of GTA modules to experiment with and gradually adopt the materials in his or her own classes. Each GTA module also includes a step-by-step tutorial guide that supports and encourages interested faculty to develop their own expertise and game-themed materials. This paper begins with a survey of previous results. Based on this survey, the paper summarizes the important considerations when designing materials for selective adoption. The paper then describes the design, implementation, and assessment of the GTA modules. The results from ongoing GTA workshops for CS1/2 faculty members and from a yearlong project in adopting the GTA modules in classes are then presented. In this case, the collected results verified that introductory programming concepts can be examined, practiced, and learned by means of GTA modules when neither the faculty nor the students involved have backgrounds in graphics or games. More importantly, these results demonstrated that it is straightforward to blend the GTA modules into existing classes with minimum alterations. In these ways, the GTA modules are excellent catalysts enabling faculty to begin exploring and developing their own expertise and materials to teach with games.",ieee,llm,0.840,unreviewed,
discarded,Transdisciplinarity and Team-Based Learning: Strategies for an Introductory Programming Course,Rocio Ramos-Rodriguez; Maria Calle; Garis Coronell; John E. Candelo Becerra,2024,IEEE Transactions on Education,10.1109/TE.2024.3367617,https://ieeexplore.ieee.org/document/10462149/,adjacent-subtopic,"Contribution: Team-based learning (TBL) with a transdisciplinary (TD) approach is applied in one introductory programming course with different cohorts. The approach reduces the failure rate in the course. In addition, the approach helped students understand the application of programming to different engineering professional areas. Background: Programming courses in engineering develop abilities required for professional practice, such as applying concepts to solve complex problems using critical thinking analysis. However, a considerable body of research shows that these courses have significant failure rates because students perceive a high complexity in the topics. Different studies show the effectiveness of using active learning methods such as TBL to improve student performance and perception of the course. Nonetheless, there are few studies regarding active learning with TD in programming courses. Intended Outcomes: The use of TBL with a TD approach can improve student performance through teamwork and discussions including different perspectives. Application Design: The method creates teams of students from different programs and assigns real-life problems related to diverse engineering disciplines. Findings: TBL with TD allows for improving student performance and decreases failure rates. Additionally, a survey shows that students favor the methodology and are committed to developing different activities that integrate several areas of knowledge. Furthermore, the method allows students to visualize the usefulness of the course concepts in their professional field. The students also favor the dynamics of the class and the teamwork.",ieee,llm,0.940,unreviewed,
discarded,Experience using a project-based approach in an introductory programming course,D. Davenport,2000,IEEE Transactions on Education,10.1109/13.883356,https://ieeexplore.ieee.org/document/883356/,adjacent-subtopic,"This paper describes how and why the authors' department chose to integrate a sophisticated visual programming environment (DELPHI) into the introductory programming course (CS101/2) of the first-year undergraduate engineering curriculum. It also reports on the outcome of this venture, which involved a switch from a conventional lecture-based approach to teaching CS102 to a project-based approach. While it meant more work for both students and teachers, the overall response from both parties was very positive. Indeed, the resulting designs and subsequent survey results seem to confirm that students achieved a better appreciation and understanding of the course's objectives.",ieee,llm,0.880,unreviewed,
kept,Work in progress - moving away from an introductory programming sequence,Gregory W. Hislop,2008,2008 38th Annual Frontiers in Education Conference,10.1109/FIE.2008.4720517,https://ieeexplore.ieee.org/document/4720517/,supports-claim,"This WIP describes an effort to create a better starting course sequence for computing degrees. This effort, the entrypoint project, focuses primarily on the first two years of the undergraduate program. As such, a key aspect of the effort relates to the traditional introductory programming sequence, and an attempt to move beyond that approach. A three dimensional model, CAP (content, application, and process), is used to organize the discussion of introductory courses.",ieee,llm,0.820,unreviewed,
discarded,Improving Student Experience in an Introductory Programming Course with an Interactive Textbook,Gina Cooper; William Shane Sullivan,2023,2023 IEEE World Engineering Education Conference (EDUNINE),10.1109/EDUNINE57531.2023.10102903,https://ieeexplore.ieee.org/document/10102903/,adjacent-subtopic,"There are learning barriers with traditional textbooks, students often do not read the textbook, the contents are outdated, or the cost is exorbitant. There is a need for modern knowledge sources to replace the traditional textbook to engage learners and develop deeper levels of cognition and knowledge retention. This paper introduces zyBooks in a beginning programming course. The course was previously designed to utilize the Python language with activities in an Integrated Development Environment (IDLE). The new design utilizes zyBooks focusing on initial programming concepts. In the design, students use Python to program a data analytics project in a Project-Based Learning (PBL) framework and zyBooks to learn basic programming skills through practical application. The utilization of zyBooks as a modernized source of knowledge resulted in increased achievement of student outcomes and increased student satisfaction with the learning methodology.",ieee,llm,0.890,unreviewed,
discarded,Educational Initiatives to Increase Diversity in CS1 Courses: A Literature Mapping of U.S. efforts,Maristela Holanda; Keishla D. Ortiz-Lopez; Dilma Da Silva; Richard Furuta,2021,2021 IEEE Frontiers in Education Conference (FIE),10.1109/FIE49875.2021.9637445,https://ieeexplore.ieee.org/document/9637445/,adjacent-subtopic,"Full paper. Introductory programming courses such as Computer Science 1 (CS1) are challenging for undergraduate students. Additional obstacles to attracting and retaining students from groups underrepresented in Computer Science majors (such as women, African-Americans, Latinx/Hispanic, and Native Americans) motivated several CS1 educational initiatives aiming at better support for students from these groups. In the context of broadening participation in computing, our paper aims to answer the following question: What does the literature tell us about educational initiatives in CS1 courses that focus on underrepresented minority groups in the United States? To answer this question, we deployed a systematic literature mapping process covering the last twelve years (2009–2020) using four academic databases: Scopus, Web of Science, IEEExplore, and ACM Digital Library. We found 67 academic documents published in conferences and journals, covering activities such as modifications to lesson plans, implementation of pedagogical changes, assessment of student sentiment, the establishment of learning communities, and mentoring events targeting to increase inclusion in CS1 courses.",ieee,llm,0.850,unreviewed,
discarded,Developing e-learning application specifically designed for learning introductory programming,Viska Mutiawani; Juwita,2014,2014 International Conference on Information Technology Systems and Innovation (ICITSI),10.1109/ICITSI.2014.7048250,https://ieeexplore.ieee.org/document/7048250/,adjacent-subtopic,"Programming course is a fundamental and compulsory course in Information Technology field such as Informatics and Computer Science department. But many undergraduate students face difficulties to comprehend the basic concept of logic and algorithm in programming. Programming course is normally taught in classroom and also by using e-learning. But e-learning based on LMS (Learning Management System), for example Moodle, is too general to be used in learning introductory programming. Therefore, this research introduces an alternative e-learning that includes interactive multimedia to help undergraduate students learn introductory programming. The application will provide interactivity between students and application so that students can learn independently. User only needs web-browser to open the application in computer or tablet which is connected to the internet. The course materials are divided into three category, they are multimedia video, image and program code. The application will give result on the same window as where user do exercise or type program code. The course material will have many videos and one video is limited to less than 5 minutes length to ensure faster downloading and opening video.",ieee,llm,0.830,unreviewed,
discarded,Redesigning an Introductory Programming Lecture for Mechatronics Students,Jean D. Hallewell Haslwanter,2019,2019 20th International Conference on Research and Education in Mechatronics (REM),10.1109/REM.2019.8744097,https://ieeexplore.ieee.org/document/8744097/,adjacent-subtopic,"Programming languages are taught to a broad variety of students. The needs of our mechatronic students differ from those of many other students in a number of important ways. In this paper, we describe the way an introductory programming course has been adapted to their specific needs and our experiences with this new approach. The main change is centering the presentation on specific examples rather than on programming constructs. At the end, we compare the new teaching method to recommendation from computer science, engineering and didactics. Our first experiences with this “example-based presentation style” are quite positive, and we believe this approach can be recommended to others teaching introductory programming courses to engineering students.",ieee,llm,0.860,unreviewed,
discarded,Automated Assessment in Learning and Teaching Programming Languages using Virtual Learning Environment,Ján Skalka; Martin Drlík; Juraj Obonya,2019,2019 IEEE Global Engineering Education Conference (EDUCON),10.1109/EDUCON.2019.8725127,https://ieeexplore.ieee.org/document/8725127/,adjacent-subtopic,"The paper investigates the impact of different types of e-learning course activities on the first-year university students' results in the introductory programming course. The primary goal of three years of research is to uncover the role of a few types of activities, especially the purpose of an automated assessment. Despite the education systems function supported the automated assessment of source code is one of the most useful tools of programming learning, there are only a few researches inspected its effectiveness and impact. The paper compares involved groups of students, their motivation and expectations collected via a set of questionnaires. It investigates the significance of automated assessment of source code in the educational process. The results show significant differences between groups with and without the use of automated assessment were not proven. Finally, the authors researched the relationship between the number of solved tasks and the student's outcomes of the evaluation and identified a positive correlation.",ieee,llm,0.930,unreviewed,
discarded,Teaching Introductory Programming,Theodora Koulouri; Stanislao Lauria; Robert D. Macredie,2014,ACM Transactions on Computing Education,10.1145/2662412,https://openalex.org/W1968208229,adjacent-subtopic,"Teaching programming to beginners is a complex task. In this article, the effects of three factors—choice of programming language, problem-solving training, and the use of formative assessment—on learning to program were investigated. The study adopted an iterative methodological approach carried out across 4 consecutive years. To evaluate the effects of each factor (implemented as a single change in each iteration) on students’ learning performance, the study used quantitative, objective metrics. The findings revealed that using a syntactically simple language (Python) instead of a more complex one (Java) facilitated students’ learning of programming concepts. Moreover, teaching problem solving before programming yielded significant improvements in student performance. These two factors were found to have variable effects on the acquisition of basic programming concepts. Finally, it was observed that effective formative feedback in the context of introductory programming depends on multiple parameters. The article discusses the implications of these findings, identifies avenues for further research, and argues for the importance of studies in computer science education anchored on sound research methodologies to produce generalizable results.",openalex,llm,0.810,unreviewed,
kept,Measuring Student Learning in Introductory Block-Based Programming,Shuchi Grover; Satabdi Basu,2017,,10.1145/3017680.3017723,https://openalex.org/W2593784202,supports-claim,"Programming in block-based environments is a key element of introductory computer science (CS) curricula in K-12 settings. Past research conducted in the context of text-based programming points to several challenges related to novice learners' understanding of foundational programming constructs such as variables, loops, and expressions. This research aims to develop assessment items for measuring student understanding in introductory CS classrooms in middle school using a principled approach for assessment design. This paper describes the design of assessments items that were piloted with 100 6th, 7th, 8th graders who had completed an introductory programming course using Scratch. The results and follow-up cognitive thinkalouds indicate that students are generally unfamiliar with the use of variables, and harbor misconceptions about them. They also have trouble with other aspects of introductory programming such as how loops work, and how the Boolean operators work. These findings point to the need for pedagogy that combines popular constructionist activities with those that target conceptual learning, along with better professional development to support teachers' conceptual learning of these foundational constructs.",openalex,llm,0.930,unreviewed,
discarded,Students Perceptions of Using Educational Games to Learn Introductory Programming,Roslina Ibrahim; Rasimah Che Mohd Yusoff; Hasiah Mohamed Omar; Azizah Jaafar,2010,Computer and Information Science,10.5539/cis.v4n1p205,https://openalex.org/W2105823014,adjacent-subtopic,"Educational computer games studies experienced rapid growth due to the belief that games can offer various learning benefits being highly popular among younger generations. Programming is considered a challenging subject by students and teachers, consequently students feel less motivated to learn it. It is important to know how educational games can help to enhance our student’s motivation and learning perceptions towards Programming. This paper discusses the authors’ pilot study of undergraduate students’ perceptions towards using educational games as their learning medium using five constructs: motivation, attitudes, cognitive development, interface and expectation with 24 items. The findings indicated that most students had encouraging positive attitudes and were more motivated to learn Programming using games compared to conventional methods. The findings are hopefully will help to enrich knowledge in understanding students’ perceptions regarding educational games for learning, particularly in the Malaysian context.",openalex,llm,0.930,unreviewed,
discarded,Integrating Ethics into Introductory Programming Classes,Casey Fiesler; Mikhaila Friske; Natalie Garrett; Felix Muzny; Jessie J. Smith; Jason Zietz,2021,,10.1145/3408877.3432510,https://openalex.org/W3135269562,adjacent-subtopic,"Increasing attention to the role of ethical consideration in computing has led to calls for greater integration of this critical topic into technical classes rather than siloed in standalone computing ethics classes. The motivation for such integration is not only to support in-situ learning, but also to emphasize to students that ethical consideration is inherently part of the technical practice of computing. We propose that the logical place to begin emphasizing ethics is on day one of computing education: in introductory programming classes. This paper presents one approach to ethics integration into such classes: assignments that teach basic programming concepts (e.g., conditionals or iteration) but are contextualized with real-world ethical dilemmas or concepts. We report on experiences with this approach in multiple introductory programming courses, including details about select assignments, insights from instructors and teaching assistants, and results from surveys of a subset of students who took these courses. Based on these experiences we provide preliminary plans for future work, along with a roadmap for instructors to emulate our approach and suggestions for overcoming challenges they might face.",openalex,llm,0.890,unreviewed,
