status,title,authors,year,venue,doi,url,tags,abstract,provider,decision_source,llm_confidence,llm_review_outcome,llm_change_direction
discarded,A KPIs Evaluation for Converter Response to Faults in Grid-Connected Configuration,Alessandro Rosini; Andrea Bonfiglio; Andrew Tuckey; Pietro Serra,2022,2022 IEEE International Conference on Environment and Electrical Engineering and 2022 IEEE Industrial and Commercial Power Systems Europe (EEEIC / I&CPS Europe),10.1109/EEEIC/ICPSEurope54979.2022.9854578,https://ieeexplore.ieee.org/document/9854578/,off-topic-false-hit,"In the new energy scenario, energy production from power electronics has a central role in interfacing renewables and energy storage systems with an external grid. Despite the undoubted advantages of these generating units, some drawbacks can be highlighted and one of them is the response to a fault. This paper proposes a KPIs evaluation for converter response to faults in Grid-Connected configuration. The commonly used converter control structures, after a detailed description, are compared during a fault event with simulations in the dedicated simulation software Simulink/Simscape to define a golden standard that can be the reference point for comparing new control techniques for the management of faults events.",ieee,llm,0.980,unreviewed,
discarded,Predictions based on Evolutionary Algorithms – Implementation Aspects regarding the Control Variables' Domain,Viorel Mînzu; Iulian Arama; Ciprian Vlad,2022,"2022 26th International Conference on System Theory, Control and Computing (ICSTCC)",10.1109/ICSTCC55426.2022.9931827,https://ieeexplore.ieee.org/document/9931827/,off-topic-false-hit,"This paper proposes a practical method to diminish the computational complexity of the controllers using predictions based on the Evolutionary Algorithm (EA). It is the case of Receding Horizon Control structures whose Controller can integrate an EA to generate the optimal predictions. In a previous paper, the authors proposed the control range adaptation to diminish the computational complexity. An additional technique called control range tuning is proposed in this paper.",ieee,llm,0.980,unreviewed,
discarded,Improving accident causality analysis based on STAMP through integrating model checking,Lei Chen; Deming Zhong; Jian Jiao; Tingdi Zhao,2017,2017 Annual Reliability and Maintainability Symposium (RAMS),10.1109/RAM.2017.7889783,https://ieeexplore.ieee.org/document/7889783/,off-topic-false-hit,"Modern safety-critical systems are becoming increasingly more complex than ever before. Continuous complexity increase renders ensuring the safety of such systems increasingly difficult. So, the ability to perform an effective and robust safety analysis on modern safety-critical system plays a more and more crucial role. Traditional safety analysis models based on event chains which consider that accidents are caused by chains of directly related failure events oversimplify causality and the accident process. Also, they exclude many of the systemic factors in accidents and indirect or nonlinear interactions among events. System-Theoretic Accident Modeling and Process(STAMP) accident model is an accident causality model based on system theory used for complex system, especially complex socio-technical system. Safety in STAMP is regarded as an emergent property of system caused by components interactions and a problem of control which means enforcing safety constrains on components behaviors and interactions. In the STAMP based analysis, three basic constructs underlying the analysis process are highlighted: safety constraints, hierarchical safety control structures and process model. With a rise of system complexity, STAMP is playing an increasingly significant role in the development of systemic accident theory. However, STAMP-based safety analysis is usually completed manually, which seems to be with high cost and low efficiency. To raise analysis efficiency, reduce its cost, this paper proposes a formal approach which integrated a model checking with STAMP to automatically search the potential paths that could lead to hazards. By use of model checking, behaviors of the system are simulated and counter example(s) violating the safety constraints and requirements could be raised, to improve the system design. The application of the proposed approach is illustrated through a case study of a typical air accident analysis to verify the validity of the approach. The process and result gained by the improvement have shown us that the safety engineering workload has been reduced and the analysis efficiency has been raised.",ieee,llm,0.990,unreviewed,
discarded,Simple Model Predictive Control for Grid-Forming Buck-Type Current-Source Inverter,Gianni Avilan-Losee; Hang Gao,2025,2025 IEEE Energy Conversion Conference Congress and Exposition (ECCE),10.1109/ECCE58356.2025.11259762,https://ieeexplore.ieee.org/document/11259762/,off-topic-false-hit,"Grid-forming (GFM) inverters are beginning to see wider adoption in microgrids and inverter-based-resource (IBR) penetrated grids, and are primarily used to establish grid voltage under a wide array of conditions. In existing literature, GFM control is almost exclusively applied using voltage-source inverters (VSIs). However, due to the inherent maximum current limitations of available semiconductor devices, VSIs require added layers of control to regulate and limit inverter-side current during grid-fault conditions. These limitations complicate the real-world application of GFM functionality in VSIs, and higher-order control structures are required as a result, along with careful tuning. In the following study, GFM control is instead applied to a buck-type current-source inverter (CSI) using a combination of continuous control set (CCS) and finite control set (FCS) model predictive control (MPC) that will be referred to herein as hybrid model predictive control (HMPC). The result features simple topology, inherent current limiting capabilities, and an intuitive control structure. Verification was performed on a IMVA/630V system via MATLAB/Simulink, and simulation results demonstrate strong performance on voltage establishment, power regulation, and low-voltage ride through under grid-fault conditions, highlighting its potential as a competent alternative to VSIs in GFM applications.",ieee,llm,1.000,unreviewed,
discarded,Integrating Flow and Structure in Diagrams for Data Science,Enea Vincenzo Napolitano; Elio Masciari; Carlos Ordonez,2024,2024 IEEE International Conference on Big Data (BigData),10.1109/BigData62323.2024.10826098,https://ieeexplore.ieee.org/document/10826098/,adjacent-subtopic,"In Data Science, data modeling (including relational databases and big data) has traditionally used Entity-Relationship (ER) diagrams to represent structural characteristics of data. However, ER diagrams lack the capability to capture the flow and transformation of data through analytic pipelines, which are essential to manage modern data science workflows. On the other hand, flowcharts have been used for decades to describe the processing. Based on this motivation, this paper provides a historical perspective identifying the limitations of employing ER diagrams and Data Flow Diagrams (DFDs), separately, emphasizing the need to integrate both solutions. We examine established diagram notations and design models, including traditional models such as UML, ER, DFD, BPMN, and FLOWER. Our literature analysis suggests that integrative diagram approaches can provide a more intuitive and comprehensive understanding of data collection, data integration, and data transformation for big data analytics in the future.",ieee,llm,0.950,unreviewed,
discarded,Output Tracking Control of Single-Input–Multioutput Systems Over an Erasure Channel,Xiaowei Jiang; Xiangyong Chen; Tingwen Huang; Huaicheng Yan,2022,IEEE Transactions on Cybernetics,10.1109/TCYB.2020.3001592,https://ieeexplore.ieee.org/document/9136900/,off-topic-false-hit,"The output tracking control problem is investigated in this article. First, a new tradeoff performance index is presented for single-input–multioutput (SIMO) systems. Based on the frequency-domain method, the tracking performance limitations under time delay, packet loss, and channel noise effects are derived. We use a bivariate stochastic process to model the packet loss, and assume that channel noise is additive white Gaussian noise (AWGN). Two explicit expressions of the best tradeoff performance are given with the single-degree-of-freedom (SDOF) and two-degree-of-freedom (TDOF) control structures. It is shown that the tracking control performance has a close relation with the intrinsic characteristic of the plant, as well as the time delay, packet-dropouts rate, and power spectral density of AWGN. We also demonstrate that compared with the SDOF control structure, the TDOF control structure can improve the systems’ attainable performance. A simulation example is finally discussed to validate the conclusions.",ieee,llm,1.000,unreviewed,
discarded,Unified First-Order Power Synchronization Control of Grid-Forming Converters,Shan Jiang; Ye Zhu; Georgios Konstantinou,2026,IEEE Transactions on Power Electronics,10.1109/TPEL.2026.3699436,https://ieeexplore.ieee.org/document/11544101/,off-topic-false-hit,"Power synchronization control (PSC) plays a critical role in shaping the frequency response of grid-forming (GFM) converters. However, existing PSC implementations are developed with diverse control structures, which hinders a unified interpretation of their dynamic characteristics and associated design tradeoffs. This article demonstrates that common PSC methods, i.e., constant power, droop, and virtual synchronous generator (VSG) control, can be unified by a first-order transfer function (termed the complex droop factor) with four coefficients and up to three degrees of freedom. This unified representation reveals how PSC inherently governs both primary frequency response (PFR) and virtual inertial response (VIR). In particular, constant power control provides only VIR, droop control provides only PFR, and VSG control provides both. However, VSG control is prone to synchronization instability as it is essentially a proportional–derivative controller. To overcome these limitations, a fractional VSG control is proposed to bridge the gap between droop and VSG control. By independently regulating three degrees of freedom, the proposed method enables flexible shaping of droop, inertia, and damping characteristics, allowing simultaneous consideration of power overshoot, frequency deviation, and response speed during disturbances. Furthermore, a three-step tuning guideline is developed to facilitate practical parameter design while maintaining consistency with classical VSG control principles, followed by an adaptive control law that yields adaptive virtual inertia. The proposed method is validated through experimental studies under various network transients and operating conditions with different system strengths.",ieee,llm,1.000,unreviewed,
discarded,A Power-Angle-Based Adaptive Overcurrent Protection Scheme for Grid-Forming Inverter Under Large Grid Disturbances,Liang Huang; Chao Wu; Dao Zhou; Frede Blaabjerg,2023,IEEE Transactions on Industrial Electronics,10.1109/TIE.2022.3199906,https://ieeexplore.ieee.org/document/9866593/,off-topic-false-hit,"As the capacity of renewable energy generation increases, grid-forming (GFM) inverters are deemed as promising solutions for low inertia power grids. However, power-electronic-based inverters have limited overcurrent capability, so additional overcurrent protection schemes are necessary. More importantly, the stability should not be jeopardized by using additional overcurrent protection schemes. However, GFM inverters with the conventional current reference limiting method tend to be unstable under large grid disturbances such as grid frequency drop. To address this problem, this article proposes a virtual power angle limiting method. The main idea of this method is to limit the output power by limiting the power angle instead of directly limiting the current reference. Thus, the power synchronization control law is still satisfied when the overcurrent protection is triggered, so that the stability can be maintained. Besides, after redesigning the power angle limiting value, the proposed method is also suitable for grid voltage sag cases. A significant advantage of the proposed method is that the output current can be limited automatically during grid voltage sag or frequency drop events without the need of fault detection or tuning control structures and parameters. Simulation and experimental results have verified the effectiveness of the proposed method.",ieee,llm,1.000,unreviewed,
discarded,Analysis and Improvement of Large-Disturbance Stability for Grid-Connected VSG Based on Output Impedance Optimization,Mingxuan Li; Sirui Shu; Yue Wang; Peng Yu; Yonghui Liu; Zhenyuan Zhang; Weihao Hu; Frede Blaabjerg,2022,IEEE Transactions on Power Electronics,10.1109/TPEL.2022.3153563,https://ieeexplore.ieee.org/document/9720141/,off-topic-false-hit,"Except for the benefits of mimicking synchronous generators, virtual synchronous generators (VSGs) still face particular small- and large-disturbance stability problems in practical applications. Therein, the large-disturbance stability is a much more dramatic and intractable problem, such as a short circuit or line tripping. Accordingly, this article explores this challenging problem from the perspective of output impedance optimization for VSGs. First, focusing on the potential risk of overcurrent during the electromagnetic process, the dynamic performances of different virtual impedance control structures used in VSGs are comparatively analyzed, and the output impedance boundary for suppressing the transient current is derived. Then, the output impedance boundaries for maintaining electromechanical transient stability are discussed in depth by using Lyapunov stability theory, which provides novel virtual impedance optimal design guidelines exclusively for the large-disturbance stability. Furthermore, a large-disturbance stability enhancement strategy based on adaptive virtual impedance control is proposed, which can limit the electromagnetic transient current and improves the electromechanical transient stability simultaneously. Finally, experiments validate the accuracy of the theoretical analysis and the effectiveness of the proposed strategy.",ieee,llm,1.000,unreviewed,
discarded,A Globally Stable High-Performance Adaptive Robust Control Algorithm With Input Saturation for Precision Motion Control of Linear Motor Drive Systems,Yun Hong; Bin Yao,2007,IEEE/ASME Transactions on Mechatronics,10.1109/TMECH.2007.892835,https://ieeexplore.ieee.org/document/4154706/,off-topic-false-hit,"This paper focuses on the synthesis of nonlinear adaptive robust controller with saturated actuator authority for a linear motor drive system, which is subject to parametric uncertainties and uncertain nonlinearities such as input disturbances as well. Global stability with limited control efforts is achieved by breaking down the overall uncertainties to state-linearly-dependent uncertainties (such as viscous friction) and bounded nonlinearities (such as Coulomb friction, cogging force, etc.), and dealing with them via different strategies. Furthermore, a guaranteed transient performance and final tracking accuracy can be obtained by incorporating the well-developed adaptive robust control strategy and effective parameter identifier. Asymptotic output tracking is also achieved in the presence of parametric uncertainties only. Meanwhile, in contrast to the existing saturated control structures that are designed based on a set of transformed coordinates, the proposed saturated controller is carried out in the actual system states, which have clear physical meanings. This makes it much easier and less conservative to select the design parameters to meet the dual objective of achieving global stability with limited control efforts for rare emergency cases and the local high-bandwidth control for high performance under normal running conditions. Real-time experimental results are obtained to illustrate the effectiveness of the proposed saturated adaptive robust control strategy",ieee,llm,0.990,unreviewed,
discarded,Transient Stability Analysis and Improvement for the Grid-Connected VSC System With Multi-Limiters,Yiming Wang; Huadong Sun; Shiyun Xu; Bing Zhao,2024,IEEE Transactions on Power Systems,10.1109/TPWRS.2023.3245806,https://ieeexplore.ieee.org/document/10045813/,off-topic-false-hit,"As a widely configured controller, the limiter is essential to ensure the security of the voltage source converter (VSC), which affects the stability characteristics of the grid-connected VSC system under severe faults. However, due to limiters' hard algebraic constraints, the existing methods have yet to reveal the stability mechanism related to the multi-limiters thoroughly. In this paper, the stability mechanism of the grid-connected VSC system with multi-limiters is investigated, and an improved Filippov Theorem is proposed to study the dynamic characteristics. Two kinds of points are essential to the stability, namely, the fixed switching point(FSP) and the fixed ending point(FEP). Expressly, transient stability can be guaranteed by the condition that FSP is in the region of attraction(ROA), even if other parts of the trajectory are outside the ROA. Moreover, the existence of FEP contributes to some control loop failure, which does not induce instability but may cause the power into the grid to be inconsistent with the reference value. This paper presents the analytical methods for these crucial points, which avoid time-domain simulation. What follows illustrates how to enhance the stability characteristics by configuring the FSP and FEP. Another advantage of the proposed method is easily extended to the VSC with multi-limiters and different control structures.",ieee,llm,1.000,unreviewed,
discarded,Generalized Formulation of Steady-State Equivalent Circuit Models of Grid-Forming Inverters,Vinicius C. Cunha; Taehyung Kim; Nicholas Barry; Piyapath Siratarnsophon; Surya Santoso; Walmir Freitas; Deepak Ramasubramanian; Roger C. Dugan,2021,IEEE Open Access Journal of Power and Energy,10.1109/OAJPE.2021.3108680,https://ieeexplore.ieee.org/document/9524926/,off-topic-false-hit,"This work proposes positive- and negative-sequence equivalent circuits of grid-forming inverters for steady-state analysis. The proposed models are especially attractive for performing long-duration voltage regulation analysis and short-circuit studies involving grid-forming inverters. Our proposed equivalent circuit models are based on the inverter’s voltage and current control loops in the  $\alpha \beta $  and dq frames. For this reason, they operate according to prescribed control functions and specified impedances (i.e., filter impedance, current limiter block, virtual admittance block, and PI/PR controller block). The equivalent circuit model accuracy is validated by comparing system steady-state voltage and current responses obtained by detailed time-domain models in PSCAD/EMTDC to those by the equivalent circuit models implemented in steady-state load flow program (e.g., OpenDSS). Two distinct control structures implemented in the  $\alpha \beta $  and dq frames are used for the validation. Single line-to-ground and line-to-line-to-ground faults are simulated in a small islanded microgrid as well as the IEEE 34-node test feeder. Fault impedances varying from 0 to 5 ohms are simulated. We show that the equivalent models precisely replicate the steady-state response of the detailed time-domain models.",ieee,llm,0.990,unreviewed,
discarded,"Modeling, Analysis, and Design for Small-Signal Stability in Sequence-Decomposed Grid-Forming Control",M A Awal; Siye Cen; Md Rifat Kaisar Rachi; Hui Yu; Stefan Schröder; Iqbal Husain,2024,IEEE Transactions on Industry Applications,10.1109/TIA.2023.3326423,https://ieeexplore.ieee.org/document/10290959/,off-topic-false-hit,"Fast and accurate detection of symmetrical components is critical for ride-through of asymmetrical faults in grid-forming (GFM) inverter based resources (IBRs). Sequence-decomposed GFM control enables to emulate the behavior of a synchronous machine by an IBR in both positive- and negative-sequences, where current references are generated separately in each sequence from the extracted symmetrical components of the terminal voltage. Cross-coupled dynamics between the stationary frame components attributed by the symmetrical component extraction (SCE) complicates the analysis and design process and appropriate modeling and analysis method for sequence-decomposed GFM control structures is yet to be reported. In this work, a small-signal model is developed for the analysis and design of such control implementations. It is demonstrated that by virtue of its overall structure, sequence-decomposed GFM control enables simplified analysis eliminating the cross-coupled dynamics characteristic to SCE. Subsequently, comparative analysis is presented between delay based and filter based SCE methods focusing on their impact on small-signal stability. Design guidelines are provided along with supporting experimental evidence using a laboratory inverter prototype. The analysis and experiments demonstrate that delay based sequence component extraction method offers greater stability margins under open-load and loaded GFM operations.",ieee,llm,0.980,unreviewed,
