status,title,authors,year,venue,doi,url,tags,abstract,provider,decision_source,llm_confidence,llm_review_outcome,llm_change_direction
discarded,Does training improve users' mental models about adaptive cruise control?,"Hungund, Apoorva Pramod; Pai, Ganesh; Pradhan, Anuj K.",2024,TRAFFIC SAFETY RESEARCH,10.55329/aqze5695,https://www.webofscience.com/wos/woscc/full-record/WOS:001554431000019,off-topic-false-hit,"While Advanced Driver Assistance Systems (ADAS) promise safety benefits to drivers, there is evidence to suggest that drivers are unaware or uninformed about their vehicles' systems and thus have poor mental models about the systems. Previous studies suggest that training improves drivers' mental models, although some studies report limited impacts. This study investigated the relationship between training and drivers' mental models about Adaptive Cruise Control (ACC), compared the impact of two different training approaches on drivers' mental models, and examined the relationship between driver knowledge and trust regarding ADAS technologies. This study was conducted online, and participants were randomly and equally assigned to one of three training groups-owner's manual (text-based); state diagram visualization; or sham (control). Surveys measured their trust and mental models about ACC before and after training. The results found that the text-based group outperformed the visualization group and the control group in terms of post-training overall mental model scores, but these differences were not statistically significant. No correlation between post-training mental model scores and overall trust scores was found. This study provides evidence that training improves users' mental models about technology and finds that different training platforms or paradigms may affect learning differently.",wos,llm,0.980,unreviewed,
discarded,Understanding Barriers to the Use of a Low Back Pain Clinical Practice Guideline in Physical Therapist Practice: A Mixed-Methods Approach,"Schumacher, Matthew R.; Cottone, Kyle A.; Siviter, Laura M.; Rentmeester, Casey J.; Rhon, Daniel, I; Young, Jodi L.",2025,PHYSICAL THERAPY,10.1093/ptj/pzaf059,https://www.webofscience.com/wos/woscc/full-record/WOS:001540598300001,off-topic-false-hit,"Importance Low adherence rates to low back pain (LBP) clinical practice guidelines (CPGs) by physical therapists have been reported in the United States; however, no studies have explored barriers to their use.Objective The aim of this study was to explore perceived barriers physical therapists face for implementing the most recent LBP CPG from APTA Orthopedics academy.Design This was a convergent parallel mixed-methods design.Setting This was completed virtually.Participants A total of 173 United States outpatient physical therapists completed the survey, with 20 participating in focused interviews.Intervention(s) or Exposure(s) Participants completed an online survey and semi-structured virtual interviews.Main Outcome(s) and Measure(s) The primary outcomes were the top barriers identified through survey data and thematic analysis of interviews. A thematic analysis was implemented for the qualitative analysis. A binary logistic regression was used to model relationships between demographic variables, barriers, and CPG use.Results Six themes related to barriers to CPG implementation were identified through interviews, including a lack of individualized care, a lack of skills/confidence, patient expectations/perceptions, previous experience, time limitations, and proper understanding of the guidelines. Participants who completed an orthopedic residency program were more likely to report the barrier of ""difficulties with 1-on-1 care"" (OR = 8.70, 95% CI = 2.12-39.22). Individuals practicing between 1 and 5 years (OR = 7.49, 95% CI = 1.39-52.75) compared to 20+ years, and those reporting regular use of the CPG (OR = 5.81, 95% CI = 1.99-21.51) were more likely to report the barrier of ""concern for patient's response.""Conclusion Novice clinicians and those who completed orthopedic residency reported specific barriers to CPG use. Six major themes related to barriers for implementing the CPG were identified, consistent with majority of the barriers reported in the survey, demonstrating the convergence of analyses. The most common barrier was the perception of sacrificing individualized care.Impact This study may help improve adoption and implementation of CPGs in real-world clinical practice settings.",wos,llm,0.990,unreviewed,
discarded,"Intervention to Improve Well-Being, Nutrition, and Physical Activity in Adults: Experimental Study","Aubert, Morghane; Clavel, Celine; Le Scanff, Christine; Martin, Jean-Claude",2024,JMIR FORMATIVE RESEARCH,10.2196/47251,https://www.webofscience.com/wos/woscc/full-record/WOS:001539268000010,off-topic-false-hit,"Background: Mindfulness improves well-being, improves emotional regulation, reduces impulses to eat, and is linked to increased physical activity. Mindfulness interventions usually focus on 1 aspect but do not offer an approach to holistically improving lifestyle.

Objective: This study aims to address this gap by designing and evaluating a holistic mindfulness intervention.

Methods: Committing to a 12-week intervention with 2-hour sessions without knowing whether you will enjoy it can be a hindrance for someone completely unfamiliar with mindfulness. For this reason, we decided to design a mindfulness intervention with short sessions over a reduced number of weeks. The aim is to enable novices to discover different aspects of mindfulness while at the same time offering a satisfactory practice for people who are already practicing mindfulness. We designed and evaluated a web-based mindfulness intervention in 5 sessions of 5 to 10 minutes each on well-being, diet, and physical activity to support a healthier lifestyle. The first 2 sessions focus on formal mindfulness meditation to enable novices to discover mindfulness and its main principles. Then there are 2 sessions about food. The first session about food aims to develop a sense of satisfaction with the food we eat and to focus our attention on new sensations. The second session about food aims to develop the ability to resist the lure of unhealthy foods. Finally, there is a session on physical activity. The aim is to develop a particular awareness of the body during movement, to increase satisfaction with physical activity, and to develop regular exercise.

Results: In total, 32 participants completed the intervention. After the intervention, we observed decreases in negative affect, anxiety, and emotional distress, and an increase in dispositional mindfulness. There was no effect on reported healthy eating habits and physical activity habits. Few participants repeated the exercises as recommended. The majority of our participants were new to mindfulness. The majority of our participants reported being satisfied with the different sessions. A few minor difficulties were mentioned, mainly related to the environment in which the participants carried out the sessions. Only 1 session was less satisfactory for one-third of the participants. The session on resistance to unhealthy foods was formulated too strictly and the idea of banning certain foods was a hindrance for one-third of the participants. A reformulation is needed.

Conclusions: The mindfulness exercises were well accepted and promoted a state of mindfulness. It would be interesting to provide easier technical access to the exercises via a mobile app so that they can be repeated easily.",wos,llm,0.990,unreviewed,
discarded,Global statistic of students' understandings of Newtonian mechanics represented by a score-state vector of FCI,"Goda, Masaki; Kishizawa, Shinichi; Hasegawa, Yamato",2025,PHYSICAL REVIEW PHYSICS EDUCATION RESEARCH,10.1103/xw7r-2rx1,https://www.webofscience.com/wos/woscc/full-record/WOS:001529792900001,off-topic-false-hit,"In this paper, we describe student understanding of the ""force concept"" (basic concepts of Newtonian mechanics) by representing it as a vector-valued quantity, which we refer to as the ""score-state vector,"" in a (30-dimensional) Force Concept Inventory (FCI) score space. We use a large ensemble of FCI results collected throughout Japan to explore the global statistical structure of the vector. We used principal component analysis to project the score-state vector into a three-dimensional subspace and found that the student score states follow a non-normal distribution. The distribution exhibits two snakes and is also skewed like a screw. This implies that the correlation of the second order (such as the commonly used correlation coefficients) is insufficient to describe the global structure of student score states. We find the distribution to be roughly divided into two subdistributions corresponding to novice respondents and intermediate (transient) and expert respondents. This indicates that ""novice"" and/or ""expert"" are not additional qualities given to the ensemble of samples but are understood as a label distinguishing the characteristic areas of the entire distribution. In addition, we observe, as a result of the non-normal distribution, the deviation of the second-order correlation of the score-state vector from that of an artificial interitem-uncorrelated ensemble of samples. The observed deviations realize many previously obtained results and present us with many other new results. Although ours is only a first step, it is a necessary process toward constructing a more accurate model of the student's reasoning about Newtonian mechanics.",wos,llm,0.980,unreviewed,
discarded,Entry to practice physiotherapy students' use of the international IFOMPT cervical framework to inform clinical reasoning: a qualitative case study design,"Kowalski, Katie L.; Gillis, Heather; Parikh, Paul; Henning, Katherine; Sadi, Jackie; Rushton, Alison",2025,BMC MEDICAL EDUCATION,10.1186/s12909-025-07501-3,https://www.webofscience.com/wos/woscc/full-record/WOS:001522890100013,off-topic-false-hit,"BackgroundDeveloping clinical reasoning within entry to practice physiotherapy education is essential to safe and competent practice. For example, identifying the need for referral if the diagnostic process identifies red flags (e.g., serious spinal pathology). The International Federation of Orthopedic Manipulative Physical Therapists (IFOMPT) Cervical Framework supports evidence-based clinical reasoning in assessment and management of the cervical spine region, considering the potential for vascular pathology.ObjectiveTo explore the influence of the Framework on clinical reasoning processes of students enrolled in an entry to practice physiotherapy program.MethodsThe COnsolidated criteria for REporting Qualitative research informed the design and reporting of this qualitative think aloud case study using interpretive description. Participants (students enrolled in an entry to practice physiotherapy program) learned about the Framework through standardized teaching. Clinical reasoning was explored using two cervical spine cases. Elstein's diagnostic reasoning components and the Postgraduate Musculoskeletal Physiotherapy Practice model guided transcript coding and analysis. Thematic analysis employed a hybrid approach (inductive and deductive) to understand the use of the Framework at key steps in clinical reasoning processes. Multiple strategies enhanced trustworthiness (e.g., regular team debriefs, reflexive engagement).ResultsFor all participants (n = 10), the Framework supported hypothetico-deductive clinical reasoning processes, reflecting a continuum of novice proficiency. The Framework informed generating a vascular hypothesis in the patient history and testing this hypothesis using patient history questions and appropriate physical examination tests. Variable sequences of logic and difficulties with cue interpretation and synthesis were common, leading to a lack of clarity and support for diagnosis and management for some students. Clinical reasoning processes were informed by variable depth and breadth of Framework knowledge and supported by limited personal characteristics (e.g., reflection on action).ConclusionsThe Framework is a valuable learning resource in entry to practice physiotherapy education to initiate structured clinical reasoning processes for assessing and managing cervical spine presentations, considering the potential for vascular pathology. Owing to a continuum of novice clinical reasoning, using the Framework in entry to practice physiotherapy education requires tailoring to the level of the learner. Future research should explore students' perspectives of the value of the Framework to inform their clinical reasoning.",wos,llm,0.990,unreviewed,
discarded,Assessment of prehospital tracheal intubation technique using initial direct laryngoscopy during videolaryngoscopy: randomized controlled simulated trial,"Cibotto, Cedric; Pasquier, Mathieu; Beysard, Nicolas; Rouyer, Frederic; Grosgurin, Olivier; Bourgeois, Laurent; Erriquez, Elio; Braun, Ely; Gartner, Birgit Andrea; Desmettre, Thibaut; Suppan, Laurent",2025,BMC EMERGENCY MEDICINE,10.1186/s12873-025-01266-0,https://www.webofscience.com/wos/woscc/full-record/WOS:001520947800003,off-topic-false-hit,"Background In critically ill patients, tracheal intubation may be required in the prehospital setting, where airway management presents unique technical and logistical challenges. While videolaryngoscopy has emerged as a potential alternative to direct laryngoscopy by providing a better and easier visualization of the glottis, the improved view of anatomical structures does not necessarily correlate with successful tracheal tube placement. Intubation may be harder because novice providers performing videolaryngoscopy may only look at the screen and only obtain a two-dimensional representation of the patient's airways. By directly visualizing the airways, these providers may obtain a better 3D apprehension and an improved mental visualization of the patient's anatomy. We compared the impact of an unrestricted videolaryngoscopy use with a sequence consisting in direct visualization of the airway followed by videolaryngoscopy (""Direct Laryngoscopy-to-VideoLaryngoscopy sequence"" or ""DL-VL sequence"") on time to intubation among novice providers. Methods This was a parallel group simulated randomized controlled superiority trial. Participants were medical students or junior residents with an experience of less than 10 intubations. After a presentation and workshop on direct laryngoscopy and videolaryngoscopy, participants were randomized in two groups. In the control group, participants were free to use of the videolaryngoscope as they intended. In the other group (DL-VL sequence), participants were told to perform an initial direct laryngoscopy without looking at the video screen until they reached the epiglottis. All intubations were conducted in a simulated prehospital environment, with a high-fidelity manikin placed supine on the floor. Each participant performed three intubations of increasing levels of difficulty. The primary outcome was the time to intubation. Secondary outcomes included first-pass success, time to ventilation, and number of intubation attempts. The chi-squared test was used to compare categorical variables while the t-test was used to compare continuous variables. Results Time to intubation was shorter in the control group (22 +/- 8 s vs. 27 +/- 11 s, p < 0.001). This difference was consistent in all levels of difficulties. First-pass success rates were similar (99/111, 89% in the control group vs. 85/105, 81%, p = 0.089). Time to ventilation was significantly shorter in the control group (37 +/- 9 vs. 41 +/- 11 s, p = 0.008). The mean number of intubation attempts was similar between groups (p = 0.231). Conclusion In this simulated study among novice providers, direct airway visualization prior to videolaryngoscopy did not improve time to intubation or to ventilation. Trial registration ClinicalTrials.gov, Registration Number: NCT06918717, registered on April 8th, 2025. Retrospectively registered.",wos,llm,0.980,unreviewed,
discarded,WIP: Making Implicit Knowledge Explicit - A Data-Driven Approach to Improve Knowledge Transfer in a Glassblowing Beginners Class,"Armengol-Urpi, Alexandre; Salazar-Gomez, Andres F.; Sarma, Sanjay E.",2024,"2024 IEEE FRONTIERS IN EDUCATION CONFERENCE, FIE",10.1109/FIE61694.2024.10893143,https://www.webofscience.com/wos/woscc/full-record/WOS:001447128100272,off-topic-false-hit,"This work-in-progress innovative practice paper presents a novel approach to 1) extract tacit knowledge from expert trainers while they perform a task demo, 2) decrease the learner's cognitive load via the use of instructional videos portraying the variables at play during a task demonstration, and 3) define quantifiable metrics of expertise by extracting features that differentiate experts from novice practitioners.

Implicit or tacit knowledge is know-how that experts develop with experience and is difficult to verbalize, formalize or explicitly transfer to others. For this reason, knowledge transfer from expert to apprentice is usually slow and inefficient. Our approach seeks to support knowledge transfer using technology-enhanced approaches. Here, we focus on extracting and describing expertise. We do so by instrumenting experts, trainees and their tools with sensors that can help structure and formalize knowledge. Our first application of this framework is on the knowledge transfer between an expert and novice glassblower. Glassblowing is well known for its crucial expert/apprentice relation and its slow learning rate due in part to the difficulties in verbal transfer of skills. Our framework seeks to capture relevant data while an expert glassblower demonstrates basic actions in a beginners glass blowing course. Our sensors collect eye-tracking activity, verbal demo instructions, pipe accelerometry, air infusion, scene video and muscle activity (EMG), which continuously monitor the expert, their explanations, the tools, and the glass piece. We bring together all the sensed data into instructional videos to be used by novice learners as supportive training material.

We present preliminary results related to metrics of expertise and future steps towards gathering similar data from novices. This will help develop AI-based models to extract data-driven differences between experts and apprentices, which can be used as further instructional material. We will also present plans to test the instructional effectiveness of the developed videos and how our approach can be used in other training settings involving tacit knowledge transfer.",wos,llm,0.970,unreviewed,
discarded,Hyperangulated video laryngoscopy in the emergency department: An analysis of errors and factors leading to prolonged apnea time,"Bryan, Amelia; Hunter, Ian; Yamane, David; Feltes, Jordan; Sweetser, Peter William; Winsten, Samuel",2025,AMERICAN JOURNAL OF EMERGENCY MEDICINE,10.1016/j.ajem.2025.05.026,https://www.webofscience.com/wos/woscc/full-record/WOS:001504777500001,off-topic-false-hit,"Background: Video laryngoscopy (VL) is a widely utilized method for endotracheal intubation that both increases first pass success and reduces esophageal intubations. Use of VL in a teaching environment allows for real-time feedback for new learners and creates an opportunity for education and quality improvement. There is limited research on the difficulties that VL users face during intubation attempts. This study aims to explore the errors practitioners make while using hyperangulated video laryngoscopes and investigate how the errors affect intubation time. Methods: We conducted a retrospective observational study of 101 intubations performed using hyperangulated VL at a single academic hospital. All intubations were performed by Emergency Medicine residents with supervision from attending physicians. Videos were reviewed by two persons and discrepancies were resolved by a third party. The variables included were grade of view, intubation times, and multiple noted errors of intubation consistent with those previously studied. Results: First pass success occurred in 84.9 % of intubations; of those, the median time (IQR) to obtain a view of the vocal cords was 7 (5-11) seconds and the median time for tube delivery was 26 (20.75-43) seconds. 67.0 % of successful intubations reviewed contained at least one error. 43.8 % of intubations had errors in blade placement. The second most frequent error was difficulty with tube delivery occurring in 39.6 % of intubations. Inappropriate use of suction was another studied error; unnecessary suctioning accounted for 35.7 % of all cases where suction was used, and suction was not performed when indicated in 9.0 % of cases. Conclusions: Correct blade placement and anterior delivery of the endotracheal tube are the most challenging steps of the intubation process for our residents. Future educational sessions for novice intubators can focus on techniques such as proper patient positioning, endotracheal tube and stylet molding, and hand positioning for delivering the endotracheal tube (ETT) to help mitigate these errors. (c) 2025 Elsevier Inc. All rights are reserved, including those for text and data mining, AI training, and similar technologies.",wos,llm,0.990,unreviewed,
