status,title,authors,year,venue,doi,url,tags,abstract,provider,decision_source,llm_confidence,llm_review_outcome,llm_change_direction
kept,Teaching research and practice of blended leaning model based on computational thinking,Ying Li; Yu Liu; Pan Shu,2015,2015 IEEE Frontiers in Education Conference (FIE),10.1109/FIE.2015.7344415,https://ieeexplore.ieee.org/document/7344415/,supports-claim,"With the wide use of computers, how to make students understand the special way of thinking of computer science and find the appropriate methods to solve problems in their own fields like computer scientists are the challenges for educators. This paper proposed a computational thinking model based on blended learning Mctbbl and a descending dimension method for problem-space transformation. The Mctbbl model analyzes and researches the application of computational thinking in computer science by the organic combination of computational thinking and blended learning in a life-cycle perspective. On one hand, the model can summarize the core concepts and important principles in computer science and extract the typical thoughts and general methods of solving problems; on the other hand, the model can implement the teaching and learning of computational thinking by means of blended learning. Based on the model, the teachers can teach the problem-solving process by using computer more intuitively and clearly and the students can understand the application of computer knowledge more easily and simply. The Mctbbl prolongs the study life cycle which takes preview as beginning, teacher-student discussion as body and practical application as core to ensure integrity, endurance and consistency of teaching.",ieee,llm,0.820,unreviewed,
discarded,Centering the Identities of Girls of Color in Computational Thinking Programs,Patricia Garcia; Ashley Jackson; Laura-Ann Jacobs,2020,"2020 Research on Equity and Sustained Participation in Engineering, Computing, and Technology (RESPECT)",10.1109/RESPECT49803.2020.9272507,https://ieeexplore.ieee.org/document/9272507/,adjacent-subtopic,"Efforts to broaden participation in computing have revealed the need for a deeper theoretical and empirical understanding of how girls of color form computing identities. In this paper, we use the concept of identities-in-practice as an analytical frame to examine how girls of color engage in computational thinking practices. Our research investigates how the identities of girls of color can be leveraged as funds of knowledge in learning spaces and asks the following research question: How does centering the identities of girls of color impact their engagement with computational thinking practices? We provide a program overview of CompuGirls, describe our curricular design approach, and share results from pilot implementations of the program offered at public libraries in Michigan, Arizona, and California. Results from our pilot year demonstrate that integrating identity exploration into a computational thinking curriculum results in a mutually reinforcing relationship where girls of color experience reflective identity development while simultaneously increasing their understanding of computational thinking. We present our approach as a promising avenue for connecting computing knowledge and skills to girls' identities and lived experiences. By focusing on the girls' identities, the program re-imagines computational experiences by fostering interactions with computational thinking from a personal perspective. Ultimately, we argue that centering girls' identities should be viewed as an integral part of the learning process and not tangential.",ieee,llm,0.870,unreviewed,
discarded,A Computational Thinking Assessment Tool on Text- Based Programming,Jihan Wang; Wei Zhang; Xinyao Zeng; Panpan Li,2023,2023 IEEE 12th International Conference on Educational and Information Technology (ICEIT),10.1109/ICEIT57125.2023.10107885,https://ieeexplore.ieee.org/document/10107885/,adjacent-subtopic,"The assessment of computational thinking (CT) skills based on text-based programming is a necessary part of the implementation of CT education in higher education. However, the current research on CT assessment is mostly single-approach, which is not effective in accurately measuring numerous competencies of CT skills and has the disadvantage of assessment limitation. In order to solve the problem of assessment limitations, this paper defines the content of CT evaluation from the perspective of text-based programming and constructs a multidimensional test method. Different test schemes are selected according to the characteristics of CT skills, and assessment tools are developed by combining the question test, programming test and scale survey, and the assessment tools are used to evaluate and analyze learners' CT skills from qualitative and quantitative perspectives. The results show that the evaluation indicators and test questions designed on text-based programming are more consistent with the evaluation objectives. And the approach of evaluating CT skills from both qualitative and quantitative perspectives can reflect learners' CT skills more comprehensively and accurately.",ieee,llm,0.880,unreviewed,
kept,Analysis on the incorporation of technologies with a pedagogical perspective,Francisco Javier Díaz; Noelia Soledad Gómez; Magali Catino,2020,2020 39th International Conference of the Chilean Computer Science Society (SCCC),10.1109/SCCC51225.2020.9281177,https://ieeexplore.ieee.org/document/9281177/,qualifies-claim,"This work is the result of an investigation carried out within the framework of a research grant. The work experience that this team carried out was aimed at describing and systematizing the configuration of computational thinking, its incidence and validity in the educational field from the analysis of public policies, from an interdisciplinary approach. The experience carried out was developed based on a bibliographic and documentary analysis work, which allowed recovering the concept of computational thinking to analyze it in conjunction with the development of critical pedagogical practice and the concept of competences. Here an analysis of some of the current debates presented by computational thinking and its teaching is presented in order to promote a line of dialogue and problematization between what was done, is done and is projected on this subject.",ieee,llm,0.920,unreviewed,
discarded,Virtual experiment teaching and research oriented to college computer curriculum,Fengxia Li; Yufeng Chen; Yue Yu; Bo Zhang; Meiling Sun,2016,2016 11th International Conference on Computer Science & Education (ICCSE),10.1109/ICCSE.2016.7581620,https://ieeexplore.ieee.org/document/7581620/,adjacent-subtopic,"In recent years, with the rise of the concept of Computational Thinking, the issue about College Computer teaching reforms has received wide attention. A high percentage of the research nowadays focuses on how to impart knowledge of computer in the perspective of computational thinking. But more importantly, the research ignores an important way to train thinking - practice. This paper starts with the “College Computer Curriculum”, which is the first computer course for undergraduate students. By using virtual reality technology, this paper gives the college teacher an experimental design method of “College Computer Curriculum”. Some exploratory research works have been performed to explain how to embody the basic problems of computer public course. Finally, we introduce a set of virtual experiment libraries, which are independent research and development. These experiments have already achieved excellent results in the practical teaching of college computer curriculum.",ieee,llm,0.940,unreviewed,
kept,Research on the Construction of Evaluation Indicators of Students' Computational Thinking Based on Spectral Clustering,Wei Zhang; Xinyao Zeng; Daoyang Ming; Jihan Wang,2022,2022 10th International Conference on Information and Education Technology (ICIET),10.1109/ICIET55102.2022.9779003,https://ieeexplore.ieee.org/document/9779003/,supports-claim,"The scientific and reasonable evaluation indicators that can fully reflect the various dimensions of students' computational thinking (CT) skills is the basis and premise of accurately evaluating students' CT skills, which is of great significance to the cultivation of students' CT skills. However, the current research on how to construct the evaluation indicators is still inadequate, and most of the research is put forward by the subjective experience of researchers, lacking objectivity and the universality of ability. In the paper, we comprehensively reviewed the concepts of CT in the theoretical literature of CT, aiming to construct the comprehensive and effective evaluation indicators of CT for students by clustering the keywords of CT concepts and extracting indicators. The validity of indicators is verified by qualitative analysis, quantitative analysis and expert evaluation. The results show that the evaluation indicators of CT constructed by spectral clustering technology are a more scientific, more comprehensive reflection of the ability dimensions of CT. It has unique advantages in constructing objective and comprehensive evaluation indicators and provides an evaluation basis for the evaluation practice of CT skills.",ieee,llm,0.940,unreviewed,
kept,Developing A Unified Model of Teaching Computational Thinking,Nurul Faizah Rozali; Norasykin Mohd Zaid; Norah Md Noor; Nor Hasniza Ibrahim,2018,2018 IEEE 10th International Conference on Engineering Education (ICEED),10.1109/ICEED.2018.8626930,https://ieeexplore.ieee.org/document/8626930/,supports-claim,"Soft skills are important criteria in preparing for a viable future employment, the lack of which, may result in a low employment rate among university graduates. These skills can be acquired via the use of Computational Thinking (CT) to cultivate problem solving and thinking skills. Since the inception of CT, however, not a single unified model has been developed as a guideline for educators. Based on the relevant articles available in IEEE Xplore Digital Library, Springer and ScienceDirect Journal, this paper comparing different CT models that focus on different CT dimensions which is concepts, practices and perspectives.",ieee,llm,0.960,unreviewed,
discarded,Research on practical teaching reform of computer composition based on PBL+CDIO mode,W. Zhang; J. Xie; R. Wang; E. Yuan; Y. Tang; Y. Wu,2022,Fourth International Conference on Computer Science and Educational Informatization (CSEI 2022),10.1049/icp.2022.1481,https://ieeexplore.ieee.org/document/9957013/,adjacent-subtopic,"In order to strengthen the concept of engineering education and cultivate students' professional ability and professional quality in teaching, aiming at the problems existing in the practical teaching of computer composition course, we put forward reform measures in aspects of experimental system, teaching design, organizational form and assessment method by using PBL+CDIO mode, strive to resolve in the practice teaching, How to embody ""learning-centered""? How to cultivate students' computer system ability and computational thinking? How to evaluate the students for the cultivation of ability and quality. From the perspective of teaching effect, students' systematic ability and learning autonomy have been significantly improved compared with previous years.",ieee,llm,0.950,unreviewed,
discarded,Using Topic Modeling to Extract Pre-Service Teachers’ Understandings of Computational Thinking From Their Coding Reflections,Maria Cutumisu; Qi Guo,2019,IEEE Transactions on Education,10.1109/TE.2019.2925253,https://ieeexplore.ieee.org/document/8760527/,adjacent-subtopic,"Contribution: This paper employs the automatic scoring of short essays as a novel way to determine pre-service teachers' knowledge of and attitudes toward computational thinking (CT) from their written reflections. Implications about designing CT courses for pre-service teachers are discussed. Background: CT is an essential 21st-century competency that supports the development of problem-solving skills. Inspired by computing science problem-solving practices, CT should transcend disciplines, but few universities or colleges include CT courses or CT content in their core courses. It is also difficult to know what pre-service teachers think about CT and their role in promoting it. Research Questions: Do pre-service teachers' coding reflections reveal any important information about their knowledge of, skills in, and attitudes toward CT? Methodology: Traditional qualitative techniques based on human raters are impractical in analyzing hundreds of essays. Topic modeling, an unsupervised machine learning modeling technique, was employed to extract topical features from participants' reflections. In one section of an undergraduate Introduction to Educational Technology course offered at a large university in Western Canada, n = 139 pre-service teachers wrote a short reflection on their experience following a 20 h Accelerated Intro to Computer Science Code.org course. Topics were identified by analyzing contextual trends in participants' written reflections. Findings: Results showed that pre-service teachers' reflections included CT concepts, practices, and perspectives. Specifically, participants connected the coding activity to prior knowledge and experiences.",ieee,llm,0.890,unreviewed,
kept,Theoretical Evaluation of a Computation Thinking Instrument for Primary School Graduates,Bianca L. Santana; Roberto A. Bittencourt; Christina von Flach,2025,2025 IEEE Global Engineering Education Conference (EDUCON),10.1109/EDUCON62633.2025.11016341,https://ieeexplore.ieee.org/document/11016341/,supports-claim,"Computational Thinking (CT) is a prominent concept that is part of several computing curricula. However, there is a lack of valid and reliable assessment instruments aimed at assessing the acquisition of Concepts, Practices, and Perspectives of CT. This work aims to develop an assessment instrument for the acquisition of CT to the target audience of primary school graduates, and to carry out its theoretical evaluation using semantic analysis and content analysis. The proposed assessment considers the dimensions of Concepts, Practices and Perspectives of CT. Based on a previously designed operational definition of CT validated by an expert panel, we developed a test bank of questions with 117 items in total, of which 63 items were from the Concepts dimension, 45 items were from the Practices dimension and nine scenarios were from the Perspectives dimension. The items' theoretical analysis was performed in sequence. The semantic analysis sought to verify the items' intelligibility. Content analysis sought to verify whether the developed items refer to the latent trait that was intended to be measured. After the theoretical evaluation, the final instrument has 55 items, being 35 from Concepts, 13 from Practices and seven scenarios from Perspectives. The items that make up the instrument are intelligible to the target audience. Furthermore, according to the expert panel, each item refers to only one of the latent traits among the categories of Concepts, Practices and Perspectives.",ieee,llm,0.930,unreviewed,
discarded,Six Weeks with ROSE: Teacher Perspectives on Computer Science Professional Development,Zihan Zan; Razib Iqbal; Ajay K Katangur; Siming Liu; Diana Piccolo,2024,2024 IEEE Frontiers in Education Conference (FIE),10.1109/FIE61694.2024.10892945,https://ieeexplore.ieee.org/document/10892945/,adjacent-subtopic,"This innovative practice full paper describes a novel twofold approach to analyze the data collected during a six-week research-based summer professional development workshop for middle and high school STEM teachers in Southwest Missouri. In the fast-evolving field of Computer Science (CS), particularly within the Internet of Things (IoT) domain, the demand for a skilled workforce is increasing. To meet this demand, it is crucial to provide K-12 students with education in computing, computational thinking, and other broader Science, Technology, Engineering, and Mathematics (STEM) disciplines. The existing STEM curriculum could be enhanced to develop skills such as research-based problem-solving more effectively, aiming for a more comprehensive skill set among students. Therefore, empowering STEM teachers with a solid foundation of research-based problem-solving skills can significantly boost their readiness for the classroom, thus enriching their students' educational experiences. The Research Opportunity for Smart Environments (ROSE) program, a three-year initiative funded by the National Science Foundation (NSF), aims to prepare middle and high school STEM teachers to effectively introduce CS concepts through innovative IoT applications in Smart Environments, including Smart Homes and Smart Classrooms. To support STEM education in rural and other underrepresented areas, a cohort of in-service teachers from rural Southwest Missouri was selected for the inaugural ROSE summer workshop. Our data collection approach included open-ended questions and effective formative assessment techniques to gather the teachers' perspectives during the initial summer session. We adopted a twofold data analysis strategy, using the qualitative coding tool MAXQDA and sentiment analysis tools Valence Aware Dictionary and sEntiment Reasoner (VADER) and TextBlob, to analyze the teachers' responses. The research questions explored the impact of the ROSE program on educators and how their experiences and outlooks influenced their engagement and professional development within the program. The findings indicate that the ROSE program has positively influenced the teachers' personal and professional growth. The teachers experienced increased confidence and knowledge in research and teaching CS concepts, despite facing various challenges, which acted as motivation for learning. Their reflections also indicated that the mentorship and resources provided by the ROSE program have promoted the development of innovative teaching methods and a shift towards a student-centered approach, showcasing the program's success in fostering the personal and professional development of teachers for the advancement of future CS and STEM professionals.",ieee,llm,0.950,unreviewed,
