status,title,authors,year,venue,doi,url,tags,abstract,provider,decision_source,llm_confidence,llm_review_outcome,llm_change_direction
discarded,Uncovering and repairing crystal structure misconceptions in an introductory materials engineering class,Steve Krause; Cindy Waters,2012,2012 Frontiers in Education Conference Proceedings,10.1109/FIE.2012.6462296,https://ieeexplore.ieee.org/document/6462296/,off-topic-false-hit,"The crystal structure of a metal plays an important role in its relationship to its macroscopic properties as well as atomic mechanisms of structural change. As such, students need to have an ability to visualize planar crystal atomic packing features, but often find it difficult. Thus, the research question here is, ""How can a student's baseline knowledge and misconceptions of planar atomic packing features for different metal structures be measured and how well can instruction promote conceptual change and misconception repair."" Answering this question will provide insight for developing more effective pedagogy for crystal structures. A multiple-choice survey with six items was developed using misconceptions from students' pencil and paper sketches of face-centered cubic (FCC) and body-centered cubic (BCC) atoms on (100), (110), and (111) planes. Pretests and posttests of the survey were administered to students in a Spring 2012 introductory materials engineering course. Misconceptions that were revealed included: missing atoms, extra atoms, misplaced atoms, ""non-touching atoms where they should touch"" and ""touching atoms that should not touch"". Students' difficulty in solving increased from (100) to (110) to (111) planes for both BCC and FCC structures. Details of the survey instrument and results are described in the paper.",ieee,llm,0.980,unreviewed,
discarded,Incentivising students to pursue Computer Science Programmes,Meriel Huggard; Ciaran Mc Goldrick,2006,Proceedings. Frontiers in Education. 36th Annual Conference,10.1109/FIE.2006.322678,https://ieeexplore.ieee.org/document/4117164/,adjacent-subtopic,"Statistics show that the number of students enrolling in technology based degree programmes has dropped dramatically in the past number of years. There are many possible reasons for this, including misconceptions on the nature of the discipline and a media fueled perception of a lack of employment in the field. This paper reports on the design, realisation and assessment of an event designed to encourage transition year (Grade 10 equivalent) students to consider computer science as a viable career choice. It documents how the event was planned and implemented, reports on the staff and student experiences, and provides both objective and subjective assessments of the event and its outcomes",ieee,llm,0.900,unreviewed,
kept,Learning to Program: an In-service Teachers’ Perspective,Majid Rouhani; Miriam Lillebo; Veronica Farshchian; Monica Divitini,2022,2022 IEEE Global Engineering Education Conference (EDUCON),10.1109/EDUCON52537.2022.9766781,https://ieeexplore.ieee.org/document/9766781/,supports-claim,"Learning to program is often reported as challenging. Difficulties might be connected to, e.g., acquisition of core concepts like iteration, specific language constructs, and program design. Additionally, mastery of a programming language’s constructs does not consequently translate into solving new programming problems. These challenges have to be taken into account in the context of in-service teachers’ professional development (PD). In this paper, we address challenges teachers face when learning to program, considering these closely related questions: What do teachers perceive as difficult and how does this impact the perception of challenges their students will face? How does this influence the perception of teaching programming? The paper is based on the analysis of 178 reflection notes delivered by in-service teachers attending a university-level course on programming to identify issues related to the research questions. Out of the topics that we have selected from the literature as challenging for newcomers, the most difficult ones for teachers seem to be writing code and pseudocode to solve a specific problem. The easiest ones are understanding variable initialization and if statements. Also, teachers express that pupils will struggle with many aspects of programming and point to the complexity and students’ misconceptions inherent in several programming concepts such as loops. Our results suggest that it is not necessarily difficult to learn to program if in-service teachers are given paid time to learn.",ieee,llm,0.930,unreviewed,
kept,Preliminary Research on a Program Education Intelligent Guided Learning Platform Integrating RAG Technology Based on Optimized LLM with Socrates Questioning Methodology,Wen-Shuo Ling; Chih-Ming Chu,2026,2026 IEEE International Conference on Consumer Electronics - Taiwan (ICCE-Taiwan),10.1109/ICCE-Taiwan71481.2026.11652537,https://ieeexplore.ieee.org/document/11652537/,adjacent-subtopic,"Current LLM platforms often prioritize direct code generation over cultivating computational thinking, leading to “superficial learning.” To address this, we propose an intelligent tutoring platform integrating Retrieval-Augmented Generation (RAG) and Socratic questioning. The system utilizes a LangGraph-based engine to diagnose misconceptions via dialogue and retrieves curriculum-aligned materials through a vector database to ensure accuracy. To validate this approach, we employ a quasi-experimental design with high school students learning Python. Learning effectiveness will be assessed using ANCOVA, Quantitative Content Analysis (QCA), and Lag Sequential Analysis (LSA), aiming to quantitatively verify the cognitive and behavioral benefits of Socrates scaffolding compared to traditional instruction.",ieee,llm,0.720,unreviewed,
discarded,Facing computer science misconceptions: An introductory course based on historical strands and career paths at a glance,Siegfried Rouvrais; Ioannis Kanellos,2011,2011 Frontiers in Education Conference (FIE),10.1109/FIE.2011.6142901,https://ieeexplore.ieee.org/document/6142901/,adjacent-subtopic,"Incoming students in post-secondary education often perceive Computer Science (CS) under a series of stereotypes. While it is certainly difficult to define CS, it seems still possible to grasp its scope through comprehensive points of view, addressing for example its foundations, technologies, and uses. This paper proposes a retrospective analysis of a 21-hour course trial realized in a French engineering school for six consecutive years; its aim was to help recent K12 graded students to have a more objective vision of CS. We start by discussing freshmen's CS dominant conceptions, and the role they think it plays for their future career. We then give some statistical elements concerning student perception of such a course; in particular, we analyze the obtained feedbacks and the limits of intended learning outcomes. In the light of this analysis, it is possible to state that, although initially reluctant to CS due to misconceptions, some students can develop interest and expectancy for this discipline as applied to engineering. A clarified vision of CS seems moreover to contribute to better adjusting choices of minors and majors and facilitate reasoned career plans. We finally conclude on some possible future issues in this subject for our society.",ieee,llm,0.890,unreviewed,
discarded,Teaching “design first” interleaved with object-oriented programming in a software engineering course,Daniela Giordano; Francesco Maiorana,2014,2014 IEEE Global Engineering Education Conference (EDUCON),10.1109/EDUCON.2014.6826243,https://ieeexplore.ieee.org/document/6826243/,adjacent-subtopic,"The importance of teaching a solid design methodology is well-recognized and is the goal of many software development courses. There is an ongoing debate concerning how to approach the learning and teaching of this skill, i.e., by focusing on “design first” by means of the UML formalism or by “OO programming first”, deferring the development of UML specifications. This work presents a teaching experience and curriculum content where a “design-first” approach was used to teach Object Oriented Design, incrementally interleaved with Object Oriented Programming aimed at implementing the modeled software through laboratory activities. Working in groups allowed the students to improve communication and collaboration skills, and the use of web 2.0 technologies, such as a wiki, allowed for better course management and for the deployment of a project involving all the students. This approach was used in two year-long courses with students who had slightly different backgrounds and dispositions. Also presented are a preliminary analysis of the written examinations and laboratory exercises; an analysis of common errors and student misconceptions and a preliminary quantitative measure of the results.",ieee,llm,0.800,unreviewed,
discarded,From Play to Proficiency: A Systematic Literature Review on Learning Modalities and Transition Strategies in CS and AI Education,Yousuf Amanuel; Johannes Krugel,2025,2025 IEEE Frontiers in Education Conference (FIE),10.1109/FIE63693.2025.11328258,https://ieeexplore.ieee.org/document/11328258/,adjacent-subtopic,"This full research paper provides an overview of the learning modalities: unplugged learning (UL), visual/blockbased programming (VBP/BBP), and text-based programming (TBP) for teaching computer science with focus on machine learning and artificial intelligence. We emphasize these learning modalities due to their clear distinctions in terms of technicality and language specificity, ranging from the non-technical and device-independent nature of UL to the more technical and language-specific characteristics of TBP. We performed a systematic literature review, which identified 90 studies that aligned with our eligibility criteria. The analysis systematically compared the learning modalities by deriving qualitative insights into their characteristics, effectiveness, and applicability; it also explored their suitability for different learning stages and strategies to facilitate transitions, ultimately uncovering best practices and identifying areas for improvement. UL can improve the understanding of computational concepts and basic algorithms. VBP improves conceptual understanding in more complex and challenging topics. Secondary school is the most common stage for initiating the VBP-to-TBP transition, with dual presentation being the most used modality. While VBP helps reduce programming misconceptions during this phase. Challenges remain regarding teachers' limited programming knowledge and tools' accessibility.",ieee,llm,0.770,unreviewed,
discarded,From PROLOG to Java: applying MEDD to object oriented programming,M. Cruz; R. Sison,2002,"International Conference on Computers in Education, 2002. Proceedings.",10.1109/CIE.2002.1185915,https://ieeexplore.ieee.org/document/1185915/,adjacent-subtopic,"This paper presents how multistrategy error detection and discovery (MEDD), a student modeling system using machine learning can be applied to the domain of object oriented programming. Java is the language used in learning object oriented programming. MEDD detects the learner's errors and discovers the misconceptions based on the presence (or absence) of errors.",ieee,llm,0.840,unreviewed,
discarded,Code Insight: Evaluating an Active Learning Framework for Novice Programmers to Promote the Development of Code Review Skills,Keerti Banweer; Deborah Trytten,2025,2025 IEEE Frontiers in Education Conference (FIE),10.1109/FIE63693.2025.11328622,https://ieeexplore.ieee.org/document/11328622/,adjacent-subtopic,"The full research paper describes an active learning based in-class intervention to encourage the development of code review and debugging skills in students from the CS program. The rapid proliferation of AI-based applications has heightened the importance of code review and debugging skills among software developers. Organizations leverage code review processes not only to ensure software quality and accuracy but also to facilitate knowledge transfer, promote productive collaboration, maintain consistency, and share ideas. However, incorporating code review practices into classroom settings presents challenges due to the associated heavy workload, often resulting in low student motivation and participation. To address these issues, we propose an in-class active learning framework, Code Insight, which integrates seamlessly into class lectures without adding extra workload for students or additional grading for instructors. Recognizing that beginner programmers have limited knowledge and experience with programming concepts, the goal of this study is to provide strategic guidance to help students effectively and systematically review, analyze, and evaluate existing code written by others, thereby gaining a deeper understanding of the code. In our study, students participated in the Code Insight activity during class, using a classroom response system to report the correctness of provided code through multiple-choice questions. The impact of Code Insight on learning is evaluated by collecting student feedback at the end of the semester. Our findings indicate that the Code Insight activity presents a sufficient challenge for students, thereby improving their learning experience and highlighting the necessity of integrating more extensive code review practices in entry-level programming courses. Students expressed a preference for these activities over traditional lectures, noting that they helped them debug their programs by identifying and fixing errors, and they feel confident in writing a program and addressing any issues through complex debugging tasks. The proposed intervention provides a platform for students to discuss misconceptions, visualize multiple problem-solving approaches, and thoroughly understand existing code.",ieee,llm,0.800,unreviewed,
discarded,Innovating Engineering Education at Greenfield Sites: Transferable Insights from Doblin’s Model of Innovation,Fiona Boyle; Roger Hadgraft; Euan Lindsay; Ron Ulseth,2022,2022 IEEE Frontiers in Education Conference (FIE),10.1109/FIE56618.2022.9962702,https://ieeexplore.ieee.org/document/9962702/,off-topic-false-hit,"This Innovative Practice Full Paper explores the emergence of a number of innovative new models for engineering education around the world in recent years. These models offer valuable insights for the engineering education community; however, the transferability of these insights to established programs has been hampered by misconceptions around their contexts.Many of these new models have been established on greenfield sites that had not previously offered engineering degrees. The flexibility offered by working on a blank page has contributed to the success of these programs; however, it also fosters the misconception that this success is not transferrable to other institutions that already offer engineering degrees.Examples of such programs are viewed through the lens of Doblin’s Ten Types of Innovation. Launching a successful and sustainable new engineering program ultimately requires most, if not all, of the ten types of innovation at different stages of the implementation.This paper will show the impact of the blank page context on the ten types of innovation. Some types of innovation (such as novel program structures) are made easier because of the absence of existing structures. This flexibility comes at the cost of greater difficulty in other types of innovation (such as implementing quality assurance) that comes from not having existing structures. Ultimately, the paper will show that the success of these programs is not due to their working on a blank page, but rather due to their adopting multiple dimensions from the Doblin framework, and their ability to adapt those innovations to the affordances offered by a greenfield environment.We conclude by extending the model to show some examples of non-blank pages where substantial innovation has worked. The lessons demonstrated in the paper will guide engineering education innovators to focus on the kinds of innovation required, rather than the context in which they operate.",ieee,llm,0.970,unreviewed,
discarded,WIP: Code Insight: Combining Code Reading and Debugging Practices for Active Learning in Entry-Level Computer Science Courses,Keerti Banweer; Deborah A. Trytten,2024,2024 IEEE Frontiers in Education Conference (FIE),10.1109/FIE61694.2024.10893296,https://ieeexplore.ieee.org/document/10893296/,adjacent-subtopic,"This work-in-progress innovative practice paper describes an active learning in-class activity to be used in introductory programming courses. In the software development industry, critical thinking, problem-solving, code review, and debugging are vital skill sets software engineers require to build software that meets requirements. Commercial software companies often have extensive code review processes to make sure that developed code is of high quality. Many new developers work in quality assurance and maintenance of software products. For these jobs, learning to understand code written by peers is an essential skill. Code review skills are rarely explicitly taught in required programming classes in CS, especially at the entry-level. In beginning programming classes, students are usually thrilled if they can find one way to make a program work. They rarely see, let alone generate, multiple approaches to solving a single problem. In this research, we propose an active learning approach that provides students with experience reviewing and analyzing existing code. In our activities, students practice code review skills by exploring multiple approaches to solve a single problem. We have developed an in-class active learning approach, called Code Insight, for entry-level programming courses. Code Insight activities are designed based on student-created answers to previous homework and midterm problems. Students are given the code to upload into their development environment, so they have the tools available that a typical software developer would have. Students use a classroom response system to report the correctness of these solutions by responding to multiple-choice questions. Preliminary results show that students prefer doing this activity to listening to lectures. In addition, students report that they learn more programming from this structure of the exercise. The degree to which Code Insight can improve student learning in beginning programming will be assessed using performance on other learning assignments, particularly those on programming questions in the midterm and final examinations.",ieee,llm,0.790,unreviewed,
discarded,WIP: Decoding Cybersecurity: An Ethnographic Case Study of Cybersecurity Awareness Education,Amber C. Williamson; Andrew O. Hall,2025,2025 IEEE Frontiers in Education Conference (FIE),10.1109/FIE63693.2025.11328286,https://ieeexplore.ieee.org/document/11328286/,adjacent-subtopic,"This work-in-progress research paper describes a case study of a cybersecurity pathways curriculum for minority students in secondary education. Differences between cybersecurity education, career and technical education, and vocational training can be confusing for students, parents, and administrators. Opportunities for entry-level cybersecurity positions often require experience, education, and certification. The misconceptions about the necessity of obtaining a degree, certifications, and experiences to find employment, as well as the lack of qualified cybersecurity instructors and community role models, pose challenges for cybersecurity education. Minority students continue to face obstacles in pursuing careers in cybersecurity, and we examine the complexities of this educational challenge. This ethnographic case study explores the cybersecurity pathway curriculum in secondary education. We survey students in GenCyber summer camps, students in dual enrollment summer programs, and high school cybersecurity and computer science classes to learn the perceptions of high school students towards cybersecurity education. We also survey the faculty of these programs, as well as faculty from HBCUs that house cybersecurity programs, to explore the concerns of cybersecurity faculty.",ieee,llm,0.900,unreviewed,
