status,title,authors,year,venue,doi,url,tags,abstract,provider,decision_source,llm_confidence,llm_review_outcome,llm_change_direction
discarded,The Quality of Diagnostic Tests for Misconceptions Scientific Generated AI: Rasch Psychometric Model,Suttipot Buathong; Putcharee Junpeng; Thanapong Intharah,2025,"2025 International Technical Conference on Circuits/Systems, Computers, and Communications (ITC-CSCC)",10.1109/ITC-CSCC66376.2025.11137623,https://ieeexplore.ieee.org/document/11137623/,off-topic-false-hit,"This research study aimed to develop a diagnostic testing instrument to identify scientific misconceptions in the topic ""Cells as the Basic Units of Living Organisms"" among 7th-grade students. The research employed a research and development (R&D) methodology, combining instruments created by our LLM model and those created by humans. The study utilized a 10-item test measuring scientific misconceptions (5 items created by ChatGPT and 5 items created by humans), administered to 150 students in schools under the Secondary Educational Service Area Office in Chaiyaphum Province. The quality of the test was analyzed using the Rasch model and psychometric analysis with ACER ConQuest version 5.0 software. Results indicated that both AI-generated and human-created tests demonstrated acceptable reliability and validity; however, the human-created tests showed higher reliability (0.92 compared to 0.54) and higher EAP/PV and Cronbach's alpha values (0.84, 0.83 compared to 0.77, 0.77). Additionally, Wright Map analysis revealed that human-created items had a better distribution of difficulty levels covering the range of student abilities compared to ChatGPT-generated items. In the Turing test, experts were unable to accurately distinguish between AI-generated and human-created test items, with incorrect identification rates ranging from 40-80%. This suggests that AI-generated items closely resemble human-created items. The findings demonstrate the potential of artificial intelligence in developing educational assessment tools, particularly in creating diagnostic tests for scientific misconceptions. However, AI should not replace human experts and still requires expert supervision.",ieee,llm,0.990,unreviewed,
discarded,Work in progress: An initial review in programming tutoring tools,Rajermani Thinakaran; Rosmah Ali,2015,"2015 IEEE International Conference on Teaching, Assessment, and Learning for Engineering (TALE)",10.1109/TALE.2015.7386006,https://ieeexplore.ieee.org/document/7386006/,adjacent-subtopic,"This paper describes preliminary results of a research related to Programming Tutoring Tools (PPTs). The study focuses on three research questions: What are the levels of programming involved?, What type of approach was used? and What type of students characteristics were used?. It applies systematic literature review (SLR) to 21 research papers derived from a number of digital databases published between 2004 and 2014. This study found that the majority of research focuses on knowledge and skills by visualization and simulation at introductory stage. Mainly PPTs are designed to improve knowledge and skills, while other characteristics such as errors and misconceptions, learning styles and preferences, affective and cognitive factors, motivations and meta-cognitive factors are less considered. In conclusion, these characteristics need to be considered so that PTTs can be more adaptive student learning process.",ieee,llm,0.760,unreviewed,
discarded,Automated Measurement of Competencies and Generation of Feedback in Object-Oriented Programming Courses,Johannes Krugel; Peter Hubwieser; Michael Goedicke; Michael Striewe; Mike Talbot; Christoph Olbricht; Melanie Schypula; Simon Zettler,2020,2020 IEEE Global Engineering Education Conference (EDUCON),10.1109/EDUCON45650.2020.9125323,https://ieeexplore.ieee.org/document/9125323/,adjacent-subtopic,"To overcome the shortage of computer specialists, there is an increased need for correspondent study and training offers, in particular for learning programming. The automated assessment of solutions to programming tasks could relieve teachers of time-consuming corrections and provide individual feedback even in online courses without any personal teacher. The e-assessment system JACK has been successfully applied for more than 12 years up to now, e.g., in a CS1 lecture. However, there are only few solid research results on competencies and competence models for object-oriented programming (OOP), which could be used as a foundation for high-quality feedback.In a joint research project of research groups at two universities, we aim to empirically define competencies for OOP using a mixed-methods approach. In a first step, we performed a qualitative content analysis of source code (sample solutions and students’ solutions) and as a result identified a set of suitable competency components that forms the core of further investigations. Semi-structured interviews with learners will be used to identify difficulties and misconceptions of the learners and to adapt the set of competency components. Based on that we will use Item Response Theory (IRT) to develop an automatically evaluable test instrument for the implementation of abstract data types. We will further develop empirically founded and competency-based feedback that can be used in e-assessment systems and MOOCs.",ieee,llm,0.780,unreviewed,
discarded,An Interactive and Intelligent Learning System for Physics Education,Lakshman S. Myneni; N. Hari Narayanan; Sanjay Rebello; Amy Rouinfar; Sadhana Pumtambekar,2013,IEEE Transactions on Learning Technologies,10.1109/TLT.2013.26,https://ieeexplore.ieee.org/document/6559985/,off-topic-false-hit,"Students tend to retain naïve understandings of concepts such as energy and force even after completing school and entering college. We developed a learning environment called the Virtual Physics System (ViPS) to help students master these concepts in the context of pulleys, a class of simple machines that are difficult to assemble and use in the real world. Several features make the ViPS noteworthy: it combines simulation and tutoring, it customizes tutoring to address common misconceptions, and it employs a pedagogical strategy that identifies student misconceptions and guides students in problem solving through virtual experimentation. This paper presents the ViPS and describes studies in which we evaluated its efficacy and compared learning from the ViPS with learning from constructing and experimenting with real pulleys. Our results indicate that the ViPS is effective in helping students learn and remediate their misconceptions, and that virtual experimentation in the ViPS is more effective than real experimentation with pulleys.",ieee,llm,0.990,unreviewed,
discarded,An intelligent tutoring system for program semantics,S. Barker; P. Douglas,2005,International Conference on Information Technology: Coding and Computing (ITCC'05) - Volume II,10.1109/ITCC.2005.82,https://ieeexplore.ieee.org/document/1428509/,adjacent-subtopic,"In this paper, the authors described an item of e-learning software that is intended to help students taking university computer science courses to understand the fundamentals of logic programming and deductive database semantics. The software is implemented in PROLOG and empowers students to explore their understanding of the semantics of logic programs and deductive databases. The software is also able to intelligently diagnose student misconceptions and includes a number of example programs/databases that permit students to test their understanding. The development and evaluation of the software was described, and details of the analysis of the results of the investigation was presented into the effectiveness of the e-learning tool. The results of the field study of the e-learning tool suggest that it of value in helping students to understand program and database semantics.",ieee,llm,0.740,unreviewed,
discarded,"""STEM academies"" and their effect on student perceptions of engineering",David Reeping; Kenneth Reid,2014,2014 IEEE Frontiers in Education Conference (FIE) Proceedings,10.1109/FIE.2014.7044310,https://ieeexplore.ieee.org/document/7044310/,adjacent-subtopic,"For the past 3 years, engineering students from Ohio Northern University have spent a full day running STEM activities with 4th-6th graders at a public middle school, which has been called a STEM Academy by the organizers and participants. The academy begins with a guest speaker who gives a presentation on a topic under the STEM umbrella, then students participate in multiple activities that typically involve science or engineering. While these academies had been received positively by the faculty, the effectiveness of communicating engineering to the students was uncertain. Is one day of activities truly enough to clear misconceptions of engineering? A post survey was administered where students were asked questions in a similar fashion to the ""Draw an Engineer Test."" The sample was composed of 6th grade students (N=60) at a small public middle school. The 6th grade students were selected in particular by the investigator in order to draw comparisons to a similar outreach previously done at another school. Responses from the survey provided a degree of insight as to how effective a STEM Academy is at informing students about engineering with its current model. Common misconceptions arose frequently in addition to common trends. The misunderstandings surprisingly manifested as the resistance of students to explore a new field by not deviating from their idealized profession. Also, students were drawn to engineering based on misinformed preconceptions. Suggestions based on this study can lead to improvements in how such an outreach is conducted to properly introduce students to STEM, particularly engineering. This paper will present the results of the first survey and provide discussion on student responses. Comparisons between other outreaches will be made to establish the nature of a STEM Academy in contrast to other K-12 programs designed to promote student interest in science and engineering. Suggestions to improve the effectiveness of STEM academies will be noted along with steps to meaningfully compare advancements in student perceptions for future efforts.",ieee,llm,0.890,unreviewed,
discarded,Why Large Language Models Alone Fall Short for Responsible Learner Modeling in K–12 Tutoring: A Case Study,Danial Hooshyar; Yeongwook Yang; Gustav Šír; Tommi Kärkkäinen; Raija Hämäläinen; Mutlu Cukurova; Roger Azevedo,2026,IEEE Access,10.1109/ACCESS.2026.3701047,https://ieeexplore.ieee.org/document/11554315/,off-topic-false-hit,"The rapid rise of large language model (LLM)-based tutors in K–12 education has led to the misconception that generative models can replace traditional learner modelling and act as general-purpose engines for adaptive instruction. This is especially problematic in K–12 settings, which the EU AI Act classifies as a high-risk domain requiring responsible design. Motivated by concerns surrounding the role of learner modelling in responsible AI-powered tutoring, this study synthesises existing research evidence on key limitations of LLM-based tutoring systems and then presents an empirical case study investigating one critical aspect of these concerns: the accuracy, reliability, and temporal coherence of assessing learners’ evolving knowledge over time. To this end, we compare a deep knowledge tracing (DKT) model with a widely used LLM (with and without fine-tuning) that has demonstrated competitive performance in tutoring-related tasks, using a large-scale open-access dataset. Our findings show that DKT achieves the highest discrimination performance (AUC = 0.83) on next-step correctness prediction and consistently outperforms the LLM across evaluation settings. Although fine-tuning improves the LLM’s AUC by about 8% over the zero-shot baseline, it still remains 6% below DKT and produces higher early-sequence errors, precisely where incorrect predictions would be most harmful for adaptive learner support. Temporal-coherence analyses further reveal that while DKT maintains stable, directionally correct mastery updates, LLM variants display substantial temporal weaknesses, including smooth but wrong-direction updates, and, even after fine-tuning, remain inconsistent and unable to match DKT’s temporal stability. We also illustrate that these issues persist even though fine-tuned LLMs required nearly 198 hours of continuous high-compute training, far exceeding the computational demands of the lightweight DKT model. Our qualitative analysis of multi-skill mastery estimation further shows that, even after fine-tuning, the LLM produced unstable and inconsistent mastery trajectories, whereas DKT maintained smooth and coherent multi-skill updates. Collectively, these findings suggest that LLMs alone are unlikely to achieve the same positive effect sizes observed in decades long intelligent tutoring systems literature. Rather than replacing learner modelling, LLMs may be more appropriately deployed as pedagogical interfaces or content generators paired with dedicated learner modelling components to ensure responsible, accurate, reliable, and pedagogically sound support.",ieee,llm,0.950,unreviewed,
discarded,STIL persistence [data reduction],G. Maston; J. Villar,2005,"IEEE International Conference on Test, 2005.",10.1109/TEST.2005.1584074,https://ieeexplore.ieee.org/document/1584074/,off-topic-false-hit,"The standard test interface language (STIL; IEEE Std. 1450-1999) supports multiple types of data persistence. The purpose of data persistence is to provide mechanisms for data reduction, and to support uniform interpretation of STIL data. However these behaviors warrant an in-depth examination to eliminate misconceptions from affecting a STIL test flow.",ieee,llm,0.990,unreviewed,
discarded,Accreditation process for engineering programs in Saudi Arabia: Challenges and lessons learned,Azza Abou-Zeid; Mahmoud A. Taha,2014,2014 IEEE Global Engineering Education Conference (EDUCON),10.1109/EDUCON.2014.6826250,https://ieeexplore.ieee.org/document/6826250/,off-topic-false-hit,"Quality of engineering education is a core principle that can never be sacrificed. To ensure quality, engineering programs/schools seek national and/or international accreditation from relevant accreditation agencies. As higher education in Saudi Arabia is evolving rapidly and to ensure high education quality standards, the Ministry of Higher Education is requesting all the institutions of higher education to be accredited by the National Commission for Academic Accreditation & Assessment (NCAAA). The accreditation process is not very much liked by most of the faculty members as they have the misconception that it is an exhausting time consuming, not to say complex and unnecessary, process. Most faculty members are not enthusiastic about going through the preparation process and its requirements from data collection, documents and forms preparation, data aggregation, data analysis, collecting evidences, and developing corrective action and future plans as needed. This paper describes requirements for programs accreditation, the preparation process, and the challenges faced during the accreditation process. Few papers were published discussing different issues related to the accreditation process in Saudi Universities. Despite the importance of the accreditation related issues discussed in those papers, the authors believe that the challenges associated with the accreditation process and their causes are not fully reported and are very important to be presented. Programs, colleges, and faculty members need to realize those challenges to try to avoid them and make the accreditation process easier and smoother. Knowledge and information gained via observation, unstructured interviews with faculty members, discussions with colleagues from different Saudi universities, and extensive involvement of the authors in the accreditation process in a private university and a public university is utilized to state challenges and barriers experienced throughout different stages of the accreditation journey. The private university was preparing for NCAAA and the public university was preparing for ABET. Although the study is based more on the national accreditation experience, it was found that similar challenges were faced and same recommendations apply for both national and international accreditation. This means that type of accreditation and differences between programs/universities was not the problem and proves that the readiness of the program and the institution is the most important catalyst of the accreditation process. The main challenges faced by different programs were added workload, understaffing, inadequate training, inability to properly prepare required forms and documents, lack of faculty commitment to the accreditation process, high faculty turn over, and lack of proper support from higher administration. The paper discusses the main causes of the problems faced during the process and presents some recommendations that might help making the accreditation process easier and smoother. The study concludes with the fact that faculty and staff commitment and belief in the importance of quality and the benefits of accreditation to the programs and institution is the key success factor in attaining accreditation. Administration cannot force faculty and staff to go quality but can convince them that quality is the perfect life style for the institution.",ieee,llm,0.990,unreviewed,
discarded,"Programmable Data Planes for AI Infrastructure Readiness: Abstractions, Accelerators, and Systems-A Survey","Chen, Yaying; Layeghy, Siamak; Portmann, Marius",2026,IEEE ACCESS,10.1109/ACCESS.2026.3722343,https://www.webofscience.com/wos/woscc/full-record/WOS:001855490400049,off-topic-false-hit,"Software-Defined Networking (SDN) enables data plane programmability and allows for customised, high-speed packet processing that transcends the limitations of fixed-function hardware. This flexibility is increasingly vital for modern networks tasked with supporting intensive workloads, such as distributed AI training and real-time telemetry. However, supporting these workloads in practice is far from straightforward, as each technology operates within strict physical and architectural boundaries that ultimately determine what is feasible at deployment. This survey provides a detailed examination of the practical capability boundaries of prominent programmable data plane technologies, including Protocol-Oblivious Forwarding (POF), Programming Protocol-independent Packet Processors (P4), the extended Berkeley Packet Filter (eBPF), and the Network Programming Language (NPL). It traces their evolution and functional capabilities. We further explore the prevailing system designs and hardware platforms, spanning Application-Specific Integrated Circuits (ASICs) switches, Smart Network Interface Cards (SmartNICs) or Data Processing Units (DPUs), Field-Programmable Gate Arrays (FPGAs), and kernel or eXpress Data Path (XDP)-based software targets. A central concern of this survey is bridging the gap between theoretical programmability and what these platforms can realistically deliver in production. To that end, we map each hardware profile to concrete deployment scenarios, examining how these data planes are currently used across cloud data centres, edge and telco networks (including 5G and emerging 6G), and distributed AI and High-Performance Computing (HPC) clusters. Finally, we explore emerging high-speed communication fabrics and AI compute-enabled data planes, outlining the open challenges that will shape the next generation of intelligent networked systems.",wos,llm,0.990,unreviewed,
