status,title,authors,year,venue,doi,url,tags,abstract,provider,decision_source,llm_confidence,llm_review_outcome,llm_change_direction
discarded,A review of reporting of participant recruitment and retention in RCTs in six major journals,Merran Toerien; Sara Brookes; Chris Metcalfe; Isabel de Salis; Zelda Tomlin; T. J. Peters; Jonathan A C Sterne; Jenny Donovan,2009,Trials,10.1186/1745-6215-10-52,https://openalex.org/W2042336351,off-topic-false-hit,"BACKGROUND: Poor recruitment and retention of participants in randomised controlled trials (RCTs) is problematic but common. Clear and detailed reporting of participant flow is essential to assess the generalisability and comparability of RCTs. Despite improved reporting since the implementation of the CONSORT statement, important problems remain. This paper aims: (i) to update and extend previous reviews evaluating reporting of participant recruitment and retention in RCTs; (ii) to quantify the level of participation throughout RCTs. METHODS: We reviewed all reports of RCTs of health care interventions and/or processes with individual randomisation, published July-December 2004 in six major journals. Short, secondary or interim reports, and Phase I/II trials were excluded. Data recorded were: general RCT details; inclusion of flow diagram; participant flow throughout trial; reasons for non-participation/withdrawal; target sample sizes. RESULTS: 133 reports were reviewed. Overall, 79% included a flow diagram, but over a third were incomplete. The majority reported the flow of participants at each stage of the trial after randomisation. However, 40% failed to report the numbers assessed for eligibility. Percentages of participants retained at each stage were high: for example, 90% of eligible individuals were randomised, and 93% of those randomised were outcome assessed. On average, trials met their sample size targets. However, there were some substantial shortfalls: for example 21% of trials reporting a sample size calculation failed to achieve adequate numbers at randomisation, and 48% at outcome assessment. Reporting of losses to follow up was variable and difficult to interpret. CONCLUSION: The majority of RCTs reported the flow of participants well after randomisation, although only two-thirds included a complete flow chart and there was great variability over the definition of ""lost to follow up"". Reporting of participant eligibility was poor, making assessments of recruitment practice and external validity difficult. Reporting of participant flow throughout RCTs could be improved by small changes to the CONSORT chart.",openalex,llm,0.990,unreviewed,
discarded,Biomass to Hydrogen Production Detailed Design and Economics Utilizing the Battelle Columbus Laboratory Indirectly-Heated Gasifier,Pamela L. Spath; A. Aden; Tim Eggeman; M. L. Ringer; Bruce Wallace; J. Jechura,2005,,10.2172/15016221,https://openalex.org/W261369556,off-topic-false-hit,"This analysis developed detailed process flow diagrams and an Aspen Plus{reg_sign} model, evaluated energy flows including a pinch analysis, obtained process equipment and operating costs, and performed an economic evaluation of two process designs based on the syngas clean up and conditioning work being performed at NREL. One design, the current design, attempts to define today's state of the technology. The other design, the goal design, is a target design that attempts to show the effect of meeting specific research goals.",openalex,llm,0.990,unreviewed,
kept,Multiple exits from a loop without the GOTO,Gregor von Bochmann,1973,Communications of the ACM,10.1145/362280.362300,https://openalex.org/W2136587738,qualifies-claim,"For several years, there has been discussion about the use of the goto statement in programming languages [1, 2]. It has been pointed out that goto free programs tend to be easier to understand, allow better optimization by the compiler, and are better suited for an eventual proof of correctness. On the other hand, the goto statement is a flexible tool for many programmers. Most programming languages have constructs which allow the programmer to write control flows that occur frequently without the use of a goto . In particular, the language Pascal [3] contains, besides the goto , the following control structures: if-then-else , case , while-do , repeat-until , stepping loop. Wulf [4] has described the use of the construct “ leave 〈label〉” in the language Bliss, where 〈label〉 is the name of a program section which is exited when the statement is executed. It is important to note that these constructs are invented to describe control flows that occur frequently in programs. They describe the flow on a higher level [5] than an equivalent construction using a goto would do.",openalex,llm,0.920,unreviewed,
discarded,Quality of Reporting of Diagnostic Accuracy Studies,Nynke Smidt; Anne WS Rutjes; Daniëlle van der Windt; Raymond Ostelo; Johannes B. Reitsma; Patrick M. Bossuyt; L.M. Bouter; Henrica C. W. de Vet,2005,Radiology,10.1148/radiol.2352040507,https://openalex.org/W2070745918,off-topic-false-hit,"PURPOSE: To evaluate quality of reporting in diagnostic accuracy articles published in 2000 in journals with impact factor of at least 4 by using items of Standards for Reporting of Diagnostic Accuracy (STARD) statement published later in 2003. MATERIALS AND METHODS: English-language articles on primary diagnostic accuracy studies in 2000 were identified with validated search strategy in MEDLINE. Articles published in journals with impact factor of 4 or higher that regularly publish articles on diagnostic accuracy were selected. Two independent reviewers evaluated quality of reporting by using STARD statement, which consists of 25 items and encourages use of a flow diagram. Total STARD score for each article was calculated by summing number of reported items. Subgroup analyses were performed for study design (case-control or cohort study) by using Student t tests for continuous outcomes and chi(2) tests for dichotomous outcomes. RESULTS: Included were 124 articles published in 2000 in 12 journals: 33 case-control and 91 cohort studies. Only 41% of articles (51 of 124) reported on more than 50% of STARD items, while no articles reported on more than 80%. A flow chart was presented in two articles. Assessment of reporting on individual items of STARD statement revealed wide variation, with some items described in 11% of articles and others in 92%. Mean STARD score (0-25 points available) was 11.9 (range, 3.5-19.5). Mean difference in STARD score between cohort studies and case-control studies was 1.53 (95% confidence interval: 0.24, 2.82). CONCLUSION: Quality of reporting in diagnostic accuracy articles published in 2000 is less than optimal, even in journals with high impact factor. Authors, editors, and reviewers should pay more attention to reporting by checking STARD statement items and including a flow diagram to represent study design and patient flow.",openalex,llm,0.990,unreviewed,
discarded,The CONSORT Statement: Revised Recommendations for Improving the Quality of Reports of Parallel-Group Randomized Trials,David Moher; Kenneth F. Schulz; Douglas G. Altman,2001,Journal of the American Podiatric Medical Association,10.7547/87507315-91-8-437,https://openalex.org/W2082317966,off-topic-false-hit,"To comprehend the results of a randomized, controlled trial (RCT), readers must understand its design, conduct, analysis, and interpretation. That goal can be achieved only through complete transparency from authors. Despite several decades of educational efforts, the reporting of RCTs needs improvement. Investigators and editors developed the original CONSORT (Consolidated Standards of Reporting Trials) statement to help authors improve reporting by using a checklist and flow diagram. The revised CONSORT statement presented in this paper incorporates new evidence and addresses some criticisms of the original statement. The checklist items pertain to the content of the Title, Abstract, Introduction, Methods, Results, and Discussion. The revised checklist includes 22 items selected because empirical evidence indicates that not reporting the information is associated with biased estimates of treatment effect or because the information is essential to judge the reliability or relevance of the findings. We intended the flow diagram to depict the passage of participants through an RCT. The revised flow diagram depicts information from four stages of trial (enrollment, intervention allocation, follow-up, and analysis). The diagram explicitly includes the number of participants, for each intervention group, that are included in the primary data analysis. Inclusion of these numbers allows the reader to judge whether the authors have performed an intention-to-treat analysis. In sum, the CONSORT statement is intended to improve the reporting of an RCT, enabling readers to understand a trial's conduct and to assess the validity of its results.",openalex,llm,0.990,unreviewed,
kept,Programming with(out) the GOTO,B. M. Leavenworth,1972,,10.1145/800194.805859,https://openalex.org/W2000913910,qualifies-claim,"A brief history of the goto controversy (retention or deletion of the goto statement) is presented. After considering some of the theoretical and practical aspects of the problem, a summary of arguments both for and against the goto is given.",openalex,llm,0.890,unreviewed,
discarded,On the completeness of the inductive assertion method,J. W. de Bakker; Lambert Meertens,1975,Journal of Computer and System Sciences,10.1016/s0022-0000(75)80056-0,https://openalex.org/W2113090411,adjacent-subtopic,,openalex,llm,0.650,unreviewed,
discarded,Applicability of Healthcare Failure Mode and Effects Analysis to Healthcare Epidemiology: Evaluation of the Sterilization and Use of Surgical Instruments,Robert A. Weinstein; Darren R. Linkin; C. Sausman; Lurdes Santos; Catherine Lyons; Claudie Fox; L. Aumiller; John L. Esterhai; Bertie Pittman; Ebbing Lautenbach,2005,Clinical Infectious Diseases,10.1086/433190,https://openalex.org/W2097213014,off-topic-false-hit,"Healthcare Failure Mode and Effects Analysis (HFMEA) is a methodology for correcting latent system errors before they lead to adverse events. We examined the utility of HFMEA in evaluating the sterilization and use of surgical instruments. First, a multidisciplinary team graphed the process in a flow diagram. A hazard analysis was then used to examine potential failure modes (i.e., ways in which a process can fail) and their causes and to score the severity and other factors for each failure mode cause. Actions were then planned to address the selected failure mode causes. Flow charts were created for 3 foci: sterilization process, reading of biologicals, and use of equipment. Information was gathered through interviews and a review of the literature. Multiple clinically significant system errors were identified, and actions to correct them were developed. The HFMEA methodology facilitated the detection of previously unrecognized system errors, demonstrating its potential utility in addressing healthcare epidemiology-related adverse events.",openalex,llm,0.990,unreviewed,
kept,The independence of control structures in abstract programming systems,G. Riccardi,1981,Journal of Computer and System Sciences,10.1016/0022-0000(81)90024-6,https://openalex.org/W2022959407,supports-claim,,openalex,llm,0.880,unreviewed,
discarded,Palindrome recognition in real time by a multitape turing machine,Zvi Galil,1978,Journal of Computer and System Sciences,10.1016/0022-0000(78)90042-9,https://openalex.org/W2012485168,off-topic-false-hit,,openalex,llm,0.960,unreviewed,
discarded,Seasonal changes of the quantitative importance of protozoans in a large lake : an ecosystem approach using mass-balanced carbon flow diagrams,Ursula Gaedke; Dietmar Straile,1994,KOPS (University of Konstanz),,https://openalex.org/W2120364644,off-topic-false-hit,"Based on comprehensive measurements of plankton abundance and production, quantitative carbon flow diagrams were established for the pelagic community of a large lake (L. Constance) for ten successive time intervals during the seasonal course of 1987. Using reasonable diet compositions and parameters (e.g. trophic transfer efficiencies in the range of l0-35%), mass-balance conditions could be fulfilled for individual compartments and the entire food web, provided that ciliate growth rates used during summer and autumn were far below the maximum rates observed in the laboratory. Ciliates, rotifers, and most crusta- ceans were predominantty herbivorous in our model. Ciliates played an important role in the overall carbon flow especially during the fmt half of the year. They constituted a substantial portion of the overall grazing pressure on phytoplankton (up to 89%, seasonal average 45%). They also formed an important part of the diet of cyclopoid copepods in spring. Thus, ciliates which are generally assigned to the microbial food web, were strongly involved in flow dynamics commonly attributed to the classical food chain. Osmotrophic bacteria derived most of their organic matter from zooplankton mediated EOC (excreted organic carbon) flows. The fraction originating directly from phytoplankton was less important. On a seasonal average, microbial production appeared to be of minor importance to the nutrition of larger plankton (i.e. ciliates, rotifers, crustaceans) although a tight coupling between heterotrophic unicellular and multicellular organisms was assumed. Low microbial food web efficiencies indicated that a large amount of organic carbon was respired within the microbial food web which, in turn, points to a considerable recycling of nutrients. Our model supported the hypothesis that nutrient recycling is the primary function of bacterivorous flagellates in the plankton food web of Lake Constance.",openalex,llm,0.990,unreviewed,
kept,Structured turing machines,Ronald E. Prather,1977,Information and Control,10.1016/s0019-9958(77)90344-8,https://openalex.org/W2025852627,adjacent-subtopic,,openalex,llm,0.740,unreviewed,
discarded,Optimization of Process Flow Diagrams for Processing of Mineral Wastes,A. D. Bardovsky; S. M. Gorbatyuk; S. V. Albul; N. V. Gorbatyuk,2021,Metallurgist,10.1007/s11015-021-01181-2,https://openalex.org/W3184801189,off-topic-false-hit,"This paper describes an algorithm for optimizing process flow diagrams, as well as the order in which the parameters of mineral waste recycling equipment should be optimized. We developed a flow chart for this waste-recycling process-train design analysis algorithm. When comparing different mineral-waste recycling process train options, it is best to use an generalized specific action criterion based on the total power consumption of the machinery, the total weight of equipment, and the average cycle time per unit volume (or weight) of recycled end product. We have developed an engineering technique for evaluating equipment systems, which enables selection of the most efficient mineral waste recycling equipment for production of end products of a given quality under certain specific production conditions, subject to the constraint that unit cost be minimized. A sample comparison is made to determine the efficiency of various types of equipment when producing finely-ground limestone from recycled limestone waste.",openalex,llm,0.990,unreviewed,
discarded,PRICE 2020 guidelines for reporting case reports in Endodontics: a consensus‐based development,Venkateshbabu Nagendrababu; B. S. Chong; P. McCabe; Pratik Shah; E. Priya; Jayakumar Jayaraman; Shaju Jacob Pulikkotil; Frank Setzer; Pia Titterud Sunde; P. M. H. Dummer,2020,International Endodontic Journal,10.1111/iej.13285,https://openalex.org/W3008280736,off-topic-false-hit,"Case reports can provide early information about new, unusual or rare disease(s), newer treatment strategies, improved therapeutic benefits and adverse effects of interventions or medications. This paper describes the process that led to the development of the Preferred Reporting Items for Case reports in Endodontics (PRICE) 2020 guidelines through a consensus-based methodology. A steering committee was formed with eight members (PD, VN, BC, PM, PS, EP, JJ and SP), including the project leaders (PD, VN). The steering committee developed an initial checklist by combining and modifying the items from the Case Report (CARE) guidelines and Clinical and Laboratory Images in Publications (CLIP) principles. A PRICE Delphi Group (PDG) and PRICE Face-to-Face Meeting Group (PFMG) were then formed. The members of the PDG were invited to participate in an online Delphi process to achieve consensus on the wording and utility of the checklist items and the accompanying flow chart that was created to complement the PRICE 2020 guidelines. The revised PRICE checklist and flow chart developed by the online Delphi process was discussed by the PFMG at a meeting held during the 19th European Society of Endodontology (ESE) Biennial Congress in Vienna, Austria, in September 2019. Following the meeting, the steering committee created a final version of the guidelines, which were piloted by several authors during the writing of a case report. In order to help improve the clarity, completeness and quality of case reports in Endodontics, we encourage authors to use the PRICE 2020 guidelines.",openalex,llm,0.990,unreviewed,
discarded,Tutor—A Turing machine simulator,John C. Pierce; W. E. Singletary; J.E. Vander Mey,1973,Information Sciences,10.1016/0020-0255(73)90018-2,https://openalex.org/W1966403243,adjacent-subtopic,,openalex,llm,0.720,unreviewed,
discarded,Process intensification for post-combustion CO2 capture with chemical absorption: A critical review,Meihong Wang; Atuman Samaila Joel; Colin Ramshaw; Dag A. Eimer; Nuhu M. Musa,2015,Applied Energy,10.1016/j.apenergy.2015.08.083,https://openalex.org/W1252729550,off-topic-false-hit,"The concentration of CO2 in the atmosphere is increasing rapidly. CO2 emissions may have an impact on global climate change. Effective CO2 emission abatement strategies such as carbon capture and storage (CCS) are required to combat this trend. Compared with pre-combustion carbon capture and oxy-fuel carbon capture approaches, post-combustion CO2 capture (PCC) using solvent process is one of the most mature carbon capture technologies. There are two main barriers for the PCC process using solvent to be commercially deployed: (a) high capital cost; (b) high thermal efficiency penalty due to solvent regeneration. Applying process intensification (PI) technology into PCC with solvent process has the potential to significantly reduce capital costs compared with conventional technology using packed columns. This paper intends to evaluate different PI technologies for their suitability in PCC process. The study shows that rotating packed bed (RPB) absorber/stripper has attracted much interest due to its high mass transfer capability. Currently experimental studies on CO2 capture using RPB are based on standalone absorber or stripper. Therefore a schematic process flow diagram of intensified PCC process is proposed so as to motivate other researches for possible optimal design, operation and control. To intensify heat transfer in reboiler, spinning disc technology is recommended. To replace cross heat exchanger in conventional PCC (with packed column) process, printed circuit heat exchanger will be preferred. Solvent selection for conventional PCC process has been studied extensively. However, it needs more studies for solvent selection in intensified PCC process. The authors also predicted research challenges in intensified PCC process and potential new breakthrough from different aspects.",openalex,llm,0.990,unreviewed,
kept,Space and Time Hierarchies for Classes of Control Structures and Data Structures,R.J. Lipton; Stanley C. Eisenstat; Richard A. DeMillo,1976,Journal of the ACM,10.1145/321978.321990,https://openalex.org/W2036795391,supports-claim,"Control structures and data structures are modeled by directed graphs. In the control case nodes represent executable statements and arcs represent possible flow of control; in the data case nodes represent memory locations and arcs represent logical adjacencies in the data structure. Classes of graphs are compared by a relation ≤ S.T where G ≤ S.T H if G can be embedded in H with at most a T -fold increase in distance between embedded nodes by making at most S “copies” of any node in G . For both control structures and data structures, S and T are interpreted as space and time constants, respectively. Results are presented that establish hierarchies with respect to ≤ S.T for (1) data structures, (2) sequential program schemata normal forms, and (3) sequential control structures.",openalex,llm,0.890,unreviewed,
discarded,A reappraisal of structured analysis,Jørgen P. Bansler; Keld Bødker,1993,ACM Transactions on Information Systems,10.1145/130226.148055,https://openalex.org/W1999926902,off-topic-false-hit,"We review Structured Analysis as presented by Yourdon and DeMarco. First, we examine the implicit assumptions embodied in the method about the nature of organizations, work processes, and design. Following this we present the results of an exploratory study, conducted to find out how the method is applied in practice. This study reveals that while some of the tools of Structured Analysis—notably the data flow diagrams—are used and combined with other tools, the designers do not follow the analysis and design procedures prescribed by the method. Our findings suggest that there is a gap between the way systems development is portrayed in the normative technical literature and the way in which it is carried out.",openalex,llm,0.980,unreviewed,
