status,title,authors,year,venue,doi,url,tags,abstract,provider,decision_source,llm_confidence,llm_review_outcome,llm_change_direction
kept,Enhancing A Holistic Approach Towards Computational Thinking Assessment in Education,Jenice Lynch; Thomas Stokke; Amber Adgerson; Emanuel Grant,2025,2025 IEEE Integrated STEM Education Conference (ISEC),10.1109/ISEC64801.2025.11147256,https://ieeexplore.ieee.org/document/11147256/,supports-claim,"Today, students face complex problems that require critical thinking skills, closely aligned with computational thinking concepts. It is increasingly important for students to shift from being passive consumers of content to actively creating content, using technology to address challenges. This shift has driven efforts to integrate computational thinking as a fundamental skill in K-12 educational programs. It is believed by incorporating computational thinking in the curriculum students will be better equipped to take on the challenges of the digital age. This belief is attributed to the fact that computational thinking includes a variety of problem-solving abilities like breaking down tasks, recognizing patterns, simplifying concepts, and thinking algorithmically. This study employs a systematic thematic synthesis approach, combining diverse research methodologies and using thematic analysis to explore effective strategies for assessing computational thinking in non-programming contexts. Literature advocates embedding computational thinking in K-12 education not only to prepare students for STEM careers but also to equip them with essential skills for problem-solving and decision-making in everyday life. The results indicate using assessments that combine short practical tasks along with multiple-choice and short-answer questions, offer an effective way to measure computational thinking skills, ensuring comprehensive evaluation and meaningful learning outcomes.",ieee,llm,0.890,unreviewed,
discarded,Teaching computational thinking to non-computing majors using spreadsheet functions,Kuo-Chuan Yeh; Ying Xie; Fengfeng Ke,2011,2011 Frontiers in Education Conference (FIE),10.1109/FIE.2011.6142980,https://ieeexplore.ieee.org/document/6142980/,adjacent-subtopic,"Recently, higher education has seen an increasing emphasis on the prominent role of computational thinking in all disciplines. Computational thinking is advocated as not only a fundamental skill or concept in computer science but also a core competency for all disciplines. Teaching students in non-computer science majors computing thinking is challenging because students do not have experts' mental models. This study investigates the knowledge gap that non-computing major college students (n=126) possess about computational thinking in an introductory MS Excel course by measuring their performance using spreadsheet functions in three categories: recall, application, and problem solving. The empirical result, analyzed using ANOVA, shows that students can recall the meaning of those functions but seem to have trouble using them correctly and precisely (cued or uncued). Students' test results suggest the following issues: (1) problems with understanding the data type, (2) failure in translating problems to productive representations using spreadsheet functions, and (3) inadequate stipulation of the computational representations in precise forms. Addressing these problems early and explicitly in future classes could improve the education of computational thinking and alleviate difficulties students may experience in using computational thinking in learning and problem solving.",ieee,llm,0.860,unreviewed,
discarded,Evaluation of the ROOT Robot System and Curriculum to Improve Computational Thinking in Chinese Children,Yanting Liu; Juan Rojas,2019,2019 IEEE R10 Humanitarian Technology Conference (R10-HTC)(47129),10.1109/R10-HTC47129.2019.9042435,https://ieeexplore.ieee.org/document/9042435/,adjacent-subtopic,"Computational thinking (CT) is defined as the thought process of formulating problems and expressing their solutions. In recent times, children increasingly program and CT is a fundamental skill to master. Research shows children often lack such skill. In this work, we contribute an analysis of the ROOT robot system and its associated curriculum to aid in the development of CT skills in children aged 4–10 years old (in China). In particular, we measure the concepts of abstraction, analysis, generalization, algorithmic thinking, logical thinking, sequential problem solving, self-confidence, and self-checking capability throughout a 10-week course. The results show 71% students developed “Excellent” CT performance and 29% achieved “Good” performance. The key lesson is that children's CT skills develop positively when programming with the ROOT learning platform.",ieee,llm,0.830,unreviewed,
discarded,Computational thinking and mathematics using Scratch: an experiment with sixth-grade students,José Antonio Rodríguez‐Martínez; José Antonio González‐Calero; José Manuel Sáez López,2019,Interactive Learning Environments,10.1080/10494820.2019.1612448,https://openalex.org/W2943780196,adjacent-subtopic,"The potential benefits from the introduction of programming environments such as Scratch for learning mathematics has reactivated research in this area. Nonetheless, there are few studies which attempt to analyse their influence at the stage of Primary Education. We present the results of a quasi-experimental piece of research with sixth-grade students which studies the influence of Scratch both on the acquisition of mathematical concepts, and on the development of computational thinking. The experiment consisted of two different phases, a programming phase linked to the instruction in Scratch and focused on the acquisition of basic concepts of computational thinking (sequences, iterations, conditionals, and events-handling), and a mathematical phase completely oriented towards the resolution of mathematical tasks. In particular, the mathematical phase focused on word problems whose resolution involves the use of the least common multiple and the greatest common divisor. In order to evaluate the aims of the study, results from tests before and after instruction, both in computational thinking and in the mathematical standards, were compared. The results seem to indicate that Scratch can be used to develop both students’ mathematical ideas and computational thinking.",openalex,llm,0.780,unreviewed,
discarded,"Teacher development in computational thinking: Design and learning outcomes of programming concepts, practices and pedagogy",Siu Cheung Kong; Ming Lai; Daner Sun,2020,Computers & Education,10.1016/j.compedu.2020.103872,https://openalex.org/W3011417943,adjacent-subtopic,"Abstract The implementation of effective professional development courses for K-12 teachers on computational thinking (CT) in relation to programming remains a challenge. There is a lack of high-quality empirical research on teacher development in CT in relation to programming. This study addressed that situation by providing empirical evidence of the design and evaluation of such a teacher development program in primary schools. Seventy-six in-service teachers participated in a program comprising two 39-h courses. One course focused on the fundamental subject knowledge of programming for CT development together with pedagogy. The other focused on the development of advanced knowledge while providing opportunities to practice teaching in the classroom and to reflect on the practice. The results indicate that the participants developed a better understanding of CT concepts and practices and improved in three of the four content knowledge related dimensions of technological pedagogical content knowledge (TPACK) across the two courses. The three dimensions were content knowledge of programming for CT development, technological content knowledge of the use of block-based programming environments for programming for CT development, and use of the environment to teach programming for CT development with the appropriate pedagogy in context. Analysis of the participants' self-reported reflections suggested that the two courses and the teaching experience acquired during the prolonged second course were the two main sources of improvement. This study demonstrates the importance of providing an effective teacher development program with a focus on CT concepts and practices. The program offers teachers a sustained period in which to practice in the classroom and reflect on their teaching while developing their capacity to implement CT in relation to programming.",openalex,llm,0.800,unreviewed,
kept,Combining Assessment Tools for a Comprehensive Evaluation of Computational Thinking Interventions,‪Marcos Román-González‬; Jesús Moreno-León; Gregório Robles,2019,,10.1007/978-981-13-6528-7_6,https://openalex.org/W2953779145,supports-claim,"Given that computational thinking (CT) is still a blurry psychological construct, its assessment remains as a thorny, unresolved issue. Hence, in recent years, several assessment tools have been developed from different approaches and operational definitions of CT. However, very little research has been conducted to study whether these instruments provide convergent measurements, and how to combine them properly in educational settings. In response, we first review a myriad of CT assessment tools and classify them according to their evaluative approach. Second, we report the results of two convergent validity studies that involve three of these CT assessment tools, which come from different perspectives: the Computational Thinking Test, the Bebras Tasks, and Dr. Scratch. Finally, we propose a comprehensive model to evaluate the development of CT within educational scenarios and interventions, which includes the aforementioned and other reviewed assessment tools. Our comprehensive model intends to assess CT along every cognitive level of Bloom’s taxonomy and throughout the various stages of typical educational interventions. Furthermore, the model explicitly indicates how to harmoniously combine the different types of CT assessment tools in order to give answer to the most common research questions in the field of CT Education. Thus, this contribution may lead scholars and policy-makers to perform accurate evaluation designs of CT according to their inquiry goals.",openalex,llm,0.950,unreviewed,
kept,Assessing computational thinking process using a multiple evaluation approach,Yasemin Allsop,2018,International Journal of Child-Computer Interaction,10.1016/j.ijcci.2018.10.004,https://openalex.org/W2898529003,qualifies-claim,"Abstract This study explored the ways that the Computational Thinking (CT) process can be evaluated in a classroom environment. Thirty Children aged 10–11 years, from a primary school in London took part in a game-making project using the Scratch and Alice 2.4 applications for eight months. For the focus of this specific paper, data from participant observations, informal conversations, problem-solving sheets, semi-structured interviews and children’s completed games were used to make sense of elements of the computational thinking process and approaches to evaluate these elements in a computer game design context. The discussions around what CT consists, highlighted the complex structure of computational thinking and the interaction between the elements of artificial intelligence (AI), computer, cognitive, learning and psychological sciences. This also emphasised the role of metacognition in the Computational Thinking process. These arguments illustrated that it is not possible to evaluate Computational Thinking using only programming constructs, as CT process provides opportunities for developing many other skills and concepts. Therefore a multiple evaluation approach should be adopted to illustrate the full learning scope of the Computational Thinking Process. Using the support of literature review and the findings of the data analysis I proposed a multiple approach evaluation model where ‘computational concepts’, ‘metacognitive practices’, and ‘learning behaviours’ were discussed as the main elements of the CT process. Additionally, in order to investigate these dimensions within a game-making context, computer game design was also included in this evaluation model.",openalex,llm,0.900,unreviewed,
kept,Assessing Algorithmic and Computational Thinking in K-12: Lessons from a Middle School Classroom,Shuchi Grover,2017,"Emerging Research, Practice, and Policy on Computational Thinking",10.1007/978-3-319-52691-1_17,https://openalex.org/W2610157954,supports-claim,"As educators move to introduce computing in K-12 classrooms, the issue of assessing student learning of computational concepts, especially in the context of introductory programming, remains a challenge. Assessments are central if the goal is to help students develop deeper, transferable computational thinking (CT) skills that prepare them for success in future computing experiences. This chapter argues for the need for multiple measures or ""systems of assessments"" that are complementary, attend to cognitive and noncognitive aspects of learning CT, and contribute to a comprehensive picture of student learning. It describes the multiple forms of assessments designed and empirically studied in Foundations for Advancing Computational Thinking, a middle school introductory computing curriculum. These include directed and open-ended programming assignments in Scratch, multiple-choice formative assessments, artifact- based interviews, and summative assessments to measure student learning of algorithmic constructs. The design of unique ""preparation for future learning"" assessments to measure transfer of CT from block-based to text-based code snippets is also described.",openalex,llm,0.870,unreviewed,
kept,A framework of curriculum design for computational thinking development in K-12 education,Siu Cheung Kong,2016,Journal of Computers in Education,10.1007/s40692-016-0076-z,https://openalex.org/W2554741485,supports-claim,"To respond to the growing integration of digital technologies across all sectors of society, a curriculum should be developed to nurture the next generation as creative problem solvers in order to see the world through a computational lens. One way to achieve this goal is to design a curriculum in K-12 to promote computational thinking (CT) through programming. In order to facilitate the design of the CT curriculum, the expected learning outcomes of the curriculum are proposed in this study. The CT learning outcomes of this study compose of CT knowledge, practices, and perspectives. Based on the proposed CT learning outcomes and interest-driven creator theory, this article aims to propose a seven-principle framework for guiding the design of K-12 CT curriculum. The first three principles ensure CT skills and perspectives are delivered in the curriculum through a programming environment that fosters CT knowledge acquisition. The other four principles are the design strategies for CT development: provide incrementally complex computational tasks across all levels of the curriculum to develop CT skills; review each level of the curriculum by producing final project samples to ensure a comprehensive coverage of CT knowledge; design the computational tasks that are of interest to the target learners to nurture interest-driven creator; and establish appropriate assessment criteria for the final projects and showcase their productions to enhance learners' creativity. The future work is to design, implement, and evaluate CT curriculum underpinned by these seven principles in K-12.",openalex,llm,0.950,unreviewed,
discarded,"The effect of robotics on six graders’ academic achievement, computational thinking skills and conceptual knowledge levels",Serhat Bahadır Kert; Mehmet Fatih Erkoç; Sabiha Yeni,2020,Thinking Skills and Creativity,10.1016/j.tsc.2020.100714,https://openalex.org/W3080323483,adjacent-subtopic,"Abstract This study compared the pedagogical effects of educational robot development and the block-based programming perspectives, which are used in programming education, on middle school students. Its participants were 78 sixth graders. Considering the students’ preferences, 38 students were assigned to the experimental group, which studied with robotics (Lego EV3) sets, and 40 students were assigned to the control group, which studied with block-based programming environment (Scratch). All the topics of the programming unit, which are shown in the methods section, were taught to both groups for 10 weeks using the two different approaches. The change created by the implementation between the groups was tested for academic achievement, computational thinking skill efficacy perceptions, and conceptual knowledge levels. The results indicate that educational robotics develop middle school students’ academic achievement and computational thinking skill efficacy perceptions more effectively than block-based programming environments. The connections between the concepts of the students who did robotics were also found to be more solid than those who worked with block-based software.",openalex,llm,0.830,unreviewed,
discarded,Resetting educational technology coursework for pre-service teachers: A computational thinking approach to the development of technological pedagogical content knowledge (TPACK),Chrystalla Mouza; Hui Yang; Yi-Cheng Pan; Şule Yılmaz Özden; Lori Pollock,2017,Australasian Journal of Educational Technology,10.14742/ajet.3521,https://openalex.org/W2736778601,adjacent-subtopic,"This study presents the design of an educational technology course for pre-service teachers specific to incorporating computational thinking in K-8 classroom settings. Subsequently, it examines how participation in the course influences pre-service teachers' dispositions and knowledge of computational thinking concepts and the ways in which such knowledge can be combined with content and pedagogy to promote meaningful student outcomes. Data were collected from a self-reported survey and case reports focusing on the design, implementation, and outcomes of computational thinking related lessons in K-8 classrooms. Results indicated that the course positively influenced pre-service teachers’ knowledge of computational thinking concepts, tools, and practices. Yet, some participants demonstrated only surface understanding of computational thinking and were unable to design lessons that meaningfully integrated computational thinking concepts and tools with disciplinary content and pedagogy. Findings have implications for the design of teacher education experiences that help prepare pre-service teachers develop technological pedagogical content knowledge in relation to computational thinking concepts and practices.",openalex,llm,0.820,unreviewed,
discarded,Remixing as a Pathway to Computational Thinking,Sayamindu Dasgupta; William Hale; Andrés Monroy-Hernández; Benjamin Mako Hill,2016,,10.1145/2818048.2819984,https://openalex.org/W2290387755,adjacent-subtopic,"Theorists and advocates of “remixing” have suggested that appropriation can act as a pathway for learning. We test this theory quantitatively using data from more than 2.4 million multimedia programming projects shared by more than 1 million users in the Scratch online community. First, we show that users who remix more often have larger repertoires of programming commands even after controlling for the numbers of projects and amount of code shared. Second, we show that exposure to computational thinking concepts through remixing is associated with increased likelihood of using those concepts. Our results support theories that young people learn through remixing, and have important implications for designers of social computing systems.",openalex,llm,0.770,unreviewed,
discarded,Computational Thinking in pre-university Blended Learning classrooms,Xabier Basogain; Miguel Ángel Olabe; Juan Carlos Olabe; Mauricio Javier Rico,2017,Computers in Human Behavior,10.1016/j.chb.2017.04.058,https://openalex.org/W2611838948,adjacent-subtopic,"This article describes the implementation of various core elements of Computational Thinking (CT) in the classrooms of schools of Latin America and USA in two specific courses: PC-01 and ECE130. These courses were designed for students of primary and secondary education, as well as for students of high school as part of a dual enrollment program with a local university. Both courses introduce the core concepts and processes of CT aided by the visual programming environments Scratch and Alice. The courses are facilitated by the classroom teacher with the support of a learning platform. This platform is configured to provide innovative pedagogical strategies based on emerging educational technologies. This article describes the concepts integrated under the term CT, and discusses the benefits of learning environments used to incorporate CT in the classroom. It describes as well the syllabi and assessments of both courses, and analyzes their impact of these courses on the educational institutions, the teachers and the students.",openalex,llm,0.740,unreviewed,
