status,title,authors,year,venue,doi,url,tags,abstract,provider,decision_source,llm_confidence,llm_review_outcome,llm_change_direction
discarded,CTMath: enhancing elementary mathematics and computational thinking skills through a structured scratch-based model,"Yusrina, Husna; Sutama; Sutopo, Anam; Muhibbin, Ahmad",2026,FRONTIERS IN EDUCATION,10.3389/feduc.2026.1767445,https://www.webofscience.com/wos/woscc/full-record/WOS:001782831300001,adjacent-subtopic,"CTMath is a five-phase learning model that integrates computational thinking (CT) into elementary mathematics through Scratch. Developed using ADDIE, the model was expert-validated and then examined in a limited pilot, a field trial, and a quasi-experimental comparison with a control class. Mathematics achievement showed moderate improvement based on normalized gain (N-gain) (pilot = 0.375; field = 0.587; quasi-experimental CTMath = 0.487 vs. control = 0.224), and the CTMath class outperformed the control class at post-test in the quasi-experimental stage, t (41) = 3.247, p = .002, mean difference = 2.89/20, Hedges' g = 0.97. In addition to cognitive outcomes, students' Scratch projects and classroom observations suggested strengthening in CT practices such as decomposition, algorithm design, and debugging, alongside critical-thinking-related classroom performance. The main contributions of CTMath are: (i) a replicable instructional syntax (Problem Initialization -> Solution Design -> Implementation -> Evaluation -> Refinement and Support), (ii) an implementation package consisting of student worksheets (LKPD), a teacher guide, and Scratch projects, and (iii) a multidimensional assessment framework that captures process, digital product, and learning outcomes. Overall, these findings suggest that structured and gradual CT integration may support stronger mathematical understanding and CT-related classroom performance under the conditions of this study and warrant further replication across other topics and contexts.",wos,llm,0.820,unreviewed,
discarded,Development of Computational Thinking and Educational Equity in Engineering Students of Both Genders Through a STEM Educational Kit,"Paucar-Curasma, Ronald; Acra-Despradel, Claudia; Tovar, Roberto Florentino Unsihuay; Llamoca, Rosa Quispe; Villegas, Juan Humberto Quijada; Villalba-Condori, Klinge Orlando",2026,INTERNATIONAL JOURNAL OF ENGINEERING EDUCATION,,https://www.webofscience.com/wos/woscc/full-record/WOS:001764286300008,adjacent-subtopic,"Gender disparities in STEM (Science, Technology, Engineering, and Mathematics) fields remain a significant challenge in education. This study explores the development of computational thinking skills through the use of a STEM Educational Kit combined with a visual programming environment (mBlock) among first-year students in Industrial and Systems Engineering in Peru. A quasi-experimental design with pre-test and post-test evaluations was applied to assess students' competencies in computational concepts, practices, and perspectives. Participants developed community-oriented projects that involved designing algorithms, interacting with sensors, and applying modular programming, under the guidance of instructors. The Mann-Whitney U test revealed no statistically significant differences between male and female students regarding the mastery of computational thinking dimensions. Nonetheless, female students exhibited a greater inclination toward achieving higher levels in conceptual understanding and practical application. The hands-on activities facilitated active engagement, creativity, and problem-solving skills, with visual programming proving particularly motivating for female participants. These findings suggest that integrating STEM Kits with block-based programming can enhance computational thinking across genders and promote greater educational equity. Early exposure to these tools in university curricula is recommended to foster technical and scientific competencies and support gender inclusion in STEM education.",wos,llm,0.870,unreviewed,
discarded,From drawing to block-based programming: does Ozobot's pen-and-paper mode support first programming experiences?,"Fraser, Gordon; Greifenstein, Luisa",2026,COMPUTER SCIENCE EDUCATION,10.1080/08993408.2026.2651873,https://www.webofscience.com/wos/woscc/full-record/WOS:001747956400001,adjacent-subtopic,"Background and ContextComputational thinking is a key part of primary school education, often taught with programmable robots. These robots are typically controlled using one of two modes: a ""plugged-in"" block-based software environment or an ""unplugged"" mode relying on direct physical interaction without screens.ObjectiveThis paper investigates whether an initial unplugged robot experience (using Ozobot robots) enhances primary school children's learning of concepts in a subsequent block-based programming environment (using Codey Rocky robots), and how this affects their overall enjoyment.MethodA quasi-experiment with 134 children from 8 school classes compares a treatment group (Ozobot then Codey Rocky workshop) with a control group (Codey Rocky only). Learning was assessed via pre- and post-test questionnaires on programming concepts; meanwhile, enjoyment and experiences were evaluated through surveys and observation.FindingsChildren enjoyed both approaches. While the unplugged Ozobot experience did not yield immediate conceptual gains, the results suggest it may have supported learning outcomes during the subsequent Codey Rocky workshop.ImplicationsWithin the scope of this intervention, preceding block-based coding with unplugged activities shows potential as a pedagogical strategy for priming students for abstract programming. Future research should investigate how to optimally combine these approaches.",wos,llm,0.810,unreviewed,
discarded,Culturally Responsive-Sustaining Computer Science in Elementary Education Supported Through Coding With ScratchJr,"Berrocal Arevalo, Maria; Muntaner-Perich, Eduard; Freixenet, Jordi; Peracaula-Bosch, Marta",2026,IEEE REVISTA IBEROAMERICANA DE TECNOLOGIAS DEL APRENDIZAJE-IEEE RITA,10.1109/RITA.2026.3679511,https://www.webofscience.com/wos/woscc/full-record/WOS:001740764300002,adjacent-subtopic,"Persistent underrepresentation of marginalized groups in computing underscores the need for pedagogies that advance equity and cultural relevance. Beyond preparing students for future careers, coding in elementary school can serve as a new form of literacy, a written language that fosters metacognition and creative reasoning. Programming is thus not merely a technical skill but a cognitive and expressive practice that helps learners reflect on their thinking and iteratively refine ideas. Equity frameworks such as Culturally Responsive Computing and Culturally Responsive-Sustaining Computer Science call for aligning computing education with students' cultural identities, community knowledge, and lived experiences. Despite their promise, a gap remains between these frameworks and everyday classroom practice in early grades. This paper presents an intervention proposal ScratchJr-based, analyzed through the lens of the Culturally Responsive-Sustaining Computer Science Framework, illustrating how such approaches can be enacted in practice. Grounded in Coding as Another Language and Coding as a Palette of Virtues, the project engages young learners in reinterpreting traditional folk narratives across diverse cultural contexts. Through storytelling and block-based programming, students develop computational thinking alongside creativity, empathy, and intercultural awareness. The proposed design suggests that such cross-curricular, culturally anchored computing experiences can support identity development, foster inclusion, and broaden participation from the earliest stages of schooling. The work offers a concrete, replicable model for translating equity-oriented pedagogies into sustainable classroom routines.",wos,llm,0.850,unreviewed,
discarded,Building Biomimetic Robots in Middle School by Aligning STEM Practices,"Bernstein, Debra; Puttick, Gillian",2026,JOURNAL OF SCIENCE EDUCATION AND TECHNOLOGY,10.1007/s10956-026-10313-9,https://www.webofscience.com/wos/woscc/full-record/WOS:001737161400001,adjacent-subtopic,"The BioRobots curriculum uses biomimetic robot design as a natural context to integrate science, engineering, and computational thinking (CT). During 21 class sessions, students research structure-function relationships in digging animals, and design, build, and program a prototype search and rescue robot. The paper examines how students used CT practices to generate models of biological structure-function relationships, and then applied their analyses to engineer a biomimetic model. Student-created models, including sketches, storyboards, physical prototypes, Scratch programs, and gestures, supported sensemaking about structure-function relationships during animal analysis (biology) and robot building (engineering design). We argue that the CT practices abstraction and decomposition played a critical role in helping students capture their biology ideas and try to turn them into engineering ideas. Creating the multiple representations that constituted students' models, based on their abstraction of mole structures and how they function, was a helpful way for students to understand the mechanism of digging. Our findings have several implications for our understanding of how students learn in integrated STEM environments. For example, this work reinforces the importance of identifying core disciplinary ideas (animal adaptation), drawing on science and engineering practices (modeling) and cross-cutting concepts (i.e., structure-function) relationships to support three-dimensional learning (NGSS Lead States, 2013). The research also speaks to the value of curriculum materials that support students' development of models in multiple disciplines. Finally, biomimicry as an approach to integrated STEM is understudied in middle school students. Our work adds to this body of research.",wos,llm,0.780,unreviewed,
discarded,The use of Scratch in teaching Combinatorial Analysis: a study with high school students based on the Three Pedagogical Moments,"Nunes, Lucas Linke; Marques, Clandio Timm; Bulegon, Ana Marli",2026,REVISTA IBERO-AMERICANA DE ESTUDOS EM EDUCACAO,10.21723/riaee.v21i00.1935102,https://www.webofscience.com/wos/woscc/full-record/WOS:001719999300001,adjacent-subtopic,"This article presents partial studies from the first author's dissertation and provides some evidence of the contributions of Scratch software in solving problem situations involving Combinatorial Analysis. This research was applied to a second-year high school class in a public school in the central region of Rio Grande do Sul. The studyactivities involving Scratch were organized into a Learning Unit, structured with the Three Pedagogical Moments methodology. This is a case study with a mixed-methods research approach, of a descriptive nature. Qualitative data were analyzed using content analysis techniques, and quantitative data using the Wilcoxon testand the Binomial testfor proportions. The results showed a significant increase in the learning of Combinatorial Analysis concepts. It was also observed that students analyzed, researched, and developed problem situations, as well as their respective codings, actions that contributed to solving new challenges. In this context, the use of Scratch has proven to be a powerful digital tool for learning, promoting the development of problem-solving skills through programming and experimentation.",wos,llm,0.900,unreviewed,
discarded,Enhancing computational thinking through coding education in primary school students: an experimental study on the impact of early programming exposure on problem-solving skills,"Wang, Xin; Wan, FeiXue; Dai, JiaMin",2026,FRONTIERS IN PSYCHOLOGY,10.3389/fpsyg.2026.1734482,https://www.webofscience.com/wos/woscc/full-record/WOS:001715806900001,adjacent-subtopic,"Introduction: This research paper presents an empirical investigation of the effectiveness of early coding instruction in improving problem-solving skills and computational thinking (CT) among primary school students. The primary research question was to determine whether a structured six-month coding intervention yields greater cognitive gains in children aged 8-12 than instruction without coding. Methods: The study employed a quasi-experimental pre-test/post-test design with 200 students randomly assigned to an experimental group (n = 100) and a control group (n = 100). The experimental group participated in a 24-week curriculum using Scratch and Python, while the control group followed the standard school curriculum. To assess skill acquisition and practice intensity, paired-sample t-tests, independent-sample t-tests, and Pearson correlation analyses were conducted. Results: The findings indicate statistically significant effects for the experimental group, with problem-solving scores increasing to 23.5 from a mean of 17.8 (p < 0.001) and computational thinking scores increasing to 30.6 from a mean of 20.4 (p < 0.001), reflecting large effect sizes. In contrast, the control group exhibited no significant gains. Conclusion: From a theoretical perspective, the study contributes to the literature by demonstrating that the concrete operational stage of development (ages 7-11) represents a critical period for the development of abstract algorithmic thinking through programming. From a practical standpoint, the results provide evidence-based support for integrating coding into primary education not merely as a professional competency, but as a cognitive development opportunity essential for 21st-century digital literacy.",wos,llm,0.830,unreviewed,
discarded,"Machine learning and educational robotics, an implementation in initial university teacher training and for practicing teachers in primary education","Redondo-Duarte, Sara; Pattier, Daniel; Neubauer, Adrian; Saez Lopez, Jose-Manuel",2026,FRONTIERS IN EDUCATION,10.3389/feduc.2026.1778718,https://www.webofscience.com/wos/woscc/full-record/WOS:001713128600001,adjacent-subtopic,"Programming and robotics-based training programs have been shown to enhance computational thinking and self-efficacy, yet limited attention has been paid to preparing future teachers to effectively implement these methodologies in educational practice. This study analyses the impact of an educational intervention based on visual block programming, educational robotics, and machine learning on the initial training of pre-service teachers and in-service primary school teachers. A quasi-experimental design was employed. The sample consisted of 170 participants: 83 students enrolled in a Primary Education degree program and 87 in-service primary school teachers. The instructional procedure was implemented through hands-on activities with micro:bit, Maqueen robots, and introductory machine learning concepts. Data were collected using a coding, robotics, and machine learning knowledge test, along with several validated Likert-type scales to assess attitudes toward the curricular integration of these technologies. For the first dimension, Student's t-tests and linear regression analyses were conducted, while correlation analyses and nonparametric tests were applied to the second dimension. The findings revealed significant improvements in the acquisition of basic computational concepts (sequences, loops, and conditionals) and in the understanding of machine learning, with university students outperforming practicing teachers. Comparative tests indicated a greater self-perception of technological competence among university students, particularly in block-based programming and the use of game engines for educational purposes. The results suggest that the structured integration of robotics and machine learning appears to constitute a viable and effective strategy for enhancing teacher training, promoting active methodologies, and fostering an interdisciplinary approach in primary education.",wos,llm,0.840,unreviewed,
discarded,Embedding Cognitive Apprenticeship With Role-Switched Pair Programming: Toward Mastery Learning in Computational Thinking and Co-Regulation,"Lee, Jooyoung; Yoonhee, Shin",2026,JOURNAL OF EDUCATIONAL COMPUTING RESEARCH,10.1177/07356331251410016,https://www.webofscience.com/wos/woscc/full-record/WOS:001672351300001,adjacent-subtopic,"This study explores instructional interventions designed to support mastery learning among fifth- and sixth-grade students in an after-school setup using block-based coding platforms. It presents a cognitive apprenticeship-based pair programming (PP) approach through which educators can design lessons that can offer targeted learning support to enhance computational thinking (CT) and co-regulation. Specifically, the study examines the effects of integrating role switching within three core phases of the cognitive apprenticeship in a PP environment. Using a quasi-experimental design (N = 85), we administered a pre- and post-test CT questionnaire, a post-test co-regulation questionnaire, activity sheets, and reflective journals to novice learners in an after-school program. The findings indicate that embedding the three core phases of cognitive apprenticeship, together with structured role switching in PP, significantly enhanced elementary students' CT and co-regulation. An integrated instructional design, comprising brief modeling videos for knowledge delivery, structured scaffolding and reflection for CT development, and role switching to foster co-regulation and reduce cognitive load, offers a practical and scalable approach to collaborative learning. The study also offers recommendations for future research and instructional design to refine PP practices in collaborative learning contexts.",wos,llm,0.930,unreviewed,
discarded,Student Teachers as Learners and Teachers: Praxeological Perspectives on Programming in Mathematics,"Kaufmann, Odd Tore; Jemai, Khaled; Maugesten, Marianne; Rangnes, Toril Eskeland",2026,EDUCATION SCIENCES,10.3390/educsci16010104,https://www.webofscience.com/wos/woscc/full-record/WOS:001670278600001,adjacent-subtopic,"This study investigates how master's student teachers (MSTs) conceptualize and integrate programming and computational thinking within mathematics education. Grounded in the Anthropological Theory of the Didactic, and specifically its notion of praxeology, the study analyses 39 written reflections produced by MSTs who completed a compulsory programming-based mathematics task. The analysis identifies both mathematical and didactic praxeologies, revealing how MSTs' engagement with programming reflects their development both as learners and as future teachers. The findings demonstrate that MSTs' personal learning strategies, such as exploration, iteration, and productive struggle, closely parallel their envisioned classroom practices. The findings also show that many participants framed programming itself as the central learning object, highlighting a need to develop confidence and competence before applying programming as a tool for mathematical inquiry. The study argues that programming tasks provide a productive arena for bridging theory and practice in teacher education by fostering an interplay between praxis (know-how) and logos (know-why). Finally, the results indicate that MSTs require institutional support specifically aimed at developing basic programming fluency (e.g., handling syntax, debugging, and programming environments), so that computational thinking can be mobilized for mathematical exploration rather than being overshadowed by technical challenges.",wos,llm,0.900,unreviewed,
