status,title,authors,year,venue,doi,url,tags,abstract,provider,decision_source,llm_confidence,llm_review_outcome,llm_change_direction
kept,Stepping OCaml,Tsukino Furukawa; Youyou Cong; Kenichi Asai,2019,Electronic Proceedings in Theoretical Computer Science,10.4204/eptcs.295.2,https://openalex.org/W2955963392,supports-claim,"Steppers, which display all the reduction steps of a given program, are a novice-friendly tool for understanding program behavior. Unfortunately, steppers are not as popular as they ought to be; indeed, the tool is only available in the pedagogical languages of the DrRacket programming environment. We present a stepper for a practical fragment of OCaml. Similarly to the DrRacket stepper, we keep track of evaluation contexts in order to reconstruct the whole program at each reduction step. The difference is that we support effectful constructs, such as exception handling and printing primitives, allowing the stepper to assist a wider range of users. In this paper, we describe the implementation of the stepper, share the feedback from our students, and show an attempt at assessing the educational impact of our stepper.",openalex,llm,0.920,unreviewed,
discarded,Contextualized Programming Language Documentation,Hannah Potter; Ardi Madadi; René Just; Cyrus Omar,2022,,10.1145/3563835.3567654,https://openalex.org/W4310517599,adjacent-subtopic,"Learning the syntax and semantics of a new programming language is a challenge. It is common for learners to refer to language documentation many times and in many contexts as they build comfort and understanding. We review existing functional language documentation, finding that it tends to be organized according to the structure of the language. Each section interleaves narrative explanations, which introduce precise terminology that is then used consistently, with code examples. Sections often start with simpler special cases of a construct before considering it in full generality.",openalex,llm,0.690,unreviewed,
kept,Purpose-first Programming,Kathryn Cunningham,2020,,10.1145/3372782.3407102,https://openalex.org/W3048234268,qualifies-claim,"Becoming ""a programmer"" is associated with gaining a deep understanding of programming language semantics. However, as more people learn to program for more reasons than creating software, their learning needs differ. In particular, end-user programmers and conversational programmers often care about code's purpose, but don't wish to engage with the low-level details of precisely how code executes. I propose the creation of scaffolding that allows these learners to interact with code in an authentic way, highlighting code's purpose while providing support that avoids the need for low-level tracing knowledge. This scaffolding builds on theories of programming plans.",openalex,llm,0.800,unreviewed,
discarded,Programming concepts and misconceptions in grade 5 and 6 children: Developing and testing a new assessment tool,Marco Hartmann; Peter A. Edelsbrunner; Michael Hielscher; Giulia Paparo; Beat Döbeli Honegger; Eva Marinus,2022,,10.33683/dida.22.05.59,https://openalex.org/W4310618020,adjacent-subtopic,"Many countries are implementing computer science education, including programming, into their school curricula. In primary school this topic is new, both for students and teachers. Even though there has been research into the difficulties that high school and adult students face when learning to program, not all these findings translate well to the cognitive abilities of younger students and the environment they learn in. Our research focuses on finding out which misconceptions about programming primary school children hold and develop. This is important because research from other fields has shown that knowledge about misconceptions can improve teaching. This project aims to develop a Programming Misconceptions Assessment Tool (ProMAT) for children in grades 5 and 6 that have learned to program using either xLogo or Scratch – two popular educational programming languages currently used in Switzerland. Ultimately, the project should result in an assessment tool that can be used both by researchers and practitioners interested in primary school children’s misconceptions about programming. In addition, it should reveal if and how educational programming environments affect the development of these misconceptions. The ProMAT is currently under development and underwent a first pilot testing phase with 57 children. In this paper, we describe the development of the first version of this tool, discuss insights gained from the pilot study, and outline the next steps of the project.",openalex,llm,0.730,unreviewed,
discarded,Stop Reinventing the Wheel! Promoting Community Software in Computing Education,Jeremiah Blanchard; John R. Hott; Vincent Berry; Rebecca Carroll; Bob Edmison; Richard Glassey; Oscar Karnalim; Brian Plancher; Seán Russell,2022,,10.1145/3571785.3574129,https://openalex.org/W4313277151,adjacent-subtopic,"Historically, computing instructors and researchers have developed a wide variety of tools to support teaching and educational research, including exam and code testing suites and data collection solutions. However, these tools often find limited adoption beyond their creators. As a result, it is common for many of the same functionalities to be re-implemented by different instructional groups within the Computing Education community. We hypothesise that this is due in part to discoverability, availability, and adaptability challenges. Further, instructors often face institutional barriers to deployment, which can include hesitance of institutions to rely on community developed solutions that often lack a centralised authority and may be community or individually maintained.",openalex,llm,0.970,unreviewed,
kept,"Program Comprehension with Physical Computing: A Structure, Function, and Behavior Analysis of Think-Alouds with High School Students",Gayithri Jayathirtha; Yasmin B. Kafai,2021,,10.1145/3430665.3456371,https://openalex.org/W3176973609,supports-claim,"Comprehending programs is key to learning programming. Previous studies highlight novices' naive approaches to comprehending the structural, functional, and behavioral aspects of programs. And yet, with the majority of them examining on-screen programming environments, we barely know about program comprehension within physical computing-a common K-12 programming context. In this study, we qualitatively analyzed think-aloud interview videos of 22 high school students individually comprehending a given text-based Arduino program while interacting with its corresponding functional physical artifact to answer two questions: 1) How do novices comprehend the given text-based Arduino program? And, 2) What role does the physical artifact play in program comprehension? We found that novices mostly approached the program bottom-up, initially comprehending structural and later functional aspects, along different granularities. The artifact provided two distinct modes of engagement, active and interactive, that supported the program's structural and functional comprehension. However, behavioral comprehension i.e. understanding program execution leading to the observed outcome was inaccessible to many. Our findings extend program comprehension literature in two ways: (a) it provides one of the very few accounts of high school students' code comprehension in a physical computing context, and, (b) it highlights the mediating role of physical artifacts in program comprehension. Further, they point directions for future pedagogical and tool designs within physical computing to better support students' distributed program comprehension.",openalex,llm,0.910,unreviewed,
kept,Sort and Search Teaching: A Trace-First vs Implement-First vs Visualize-First Synthesis,That Le,2026,Zenodo (CERN European Organization for Nuclear Research),10.5281/zenodo.20131478,https://openalex.org/W7160939811,systematic-review,"Sort and search are the consolidation-stage anchor topics of every introductory algorithm course, yet the field has not adjudicated which of three dominant teaching sequences — trace-first (tracing given algorithm code before any implementation), implement-first (the learner codes a sort or search from a specification or pseudo-code before deeply engaging with execution), or visualize-first (animated or embodied algorithm visualization is consumed before tracing or implementation) — produces the most durable competence. The published literature splits roughly into three camps anchored, respectively, by the Hundhausen-Douglas-Stasko 2002 meta-analysis and the Naps et al. 2003 engagement taxonomy (visualize-first conditioned on engagement above passive viewing), the Lopez-WhalleyLister 2008 tracing-explaining-writing hierarchy and the Lister 2004 multi-national tracing data (trace-first as prerequisite for writing), and the Parsons-Haden 2006 line, the Sedgewick Algorithms tradition, and the broader active-learning metaanalyses (scaffolded-implement-first as durable-learning act). This paper synthesises the three traditions and adjudicates the disagreement through four dimensions: cognitive-load profile, depth of understanding decomposed into operational / semantic / transfer layers, motivation and engagement, and classroom infrastructure cost. The verdict is two-part. First, no singlemodality sequence dominates across all four dimensions; the apparent disagreement is partly a function of which dimension the source camp privileges. Second, a visualize-first short → trace-second → implement-third sandwich dominates each singlemodality sequence at the consolidation stage, because visualizefirst builds the cheap operational-semantic anchor that tracefirst refines into per-step notional-machine prediction and that implement-third converts into a procedural-knowledge chunk. The paper specifies an operational deployment for the elixresearches Python Pathway Volume 3 and From-Scratch-ToPython sort and search chapters — bubble-sort dance → Python Tutor trace of insertion sort → minimal Parsons-scaffolded implementation — and supplies a constraint-indexed selection rule for when classroom time forces a single-modality choice. Per the program no-cohort scope, the deployment is described and theoretically validated; no learner data is collected.",openalex,llm,0.830,unreviewed,
kept,Sort and Search Teaching: A Trace-First vs Implement-First vs Visualize-First Synthesis,That Le,2026,Zenodo (CERN European Organization for Nuclear Research),10.5281/zenodo.20131479,https://openalex.org/W7160938684,systematic-review,"Sort and search are the consolidation-stage anchor topics of every introductory algorithm course, yet the field has not adjudicated which of three dominant teaching sequences — trace-first (tracing given algorithm code before any implementation), implement-first (the learner codes a sort or search from a specification or pseudo-code before deeply engaging with execution), or visualize-first (animated or embodied algorithm visualization is consumed before tracing or implementation) — produces the most durable competence. The published literature splits roughly into three camps anchored, respectively, by the Hundhausen-Douglas-Stasko 2002 meta-analysis and the Naps et al. 2003 engagement taxonomy (visualize-first conditioned on engagement above passive viewing), the Lopez-WhalleyLister 2008 tracing-explaining-writing hierarchy and the Lister 2004 multi-national tracing data (trace-first as prerequisite for writing), and the Parsons-Haden 2006 line, the Sedgewick Algorithms tradition, and the broader active-learning metaanalyses (scaffolded-implement-first as durable-learning act). This paper synthesises the three traditions and adjudicates the disagreement through four dimensions: cognitive-load profile, depth of understanding decomposed into operational / semantic / transfer layers, motivation and engagement, and classroom infrastructure cost. The verdict is two-part. First, no singlemodality sequence dominates across all four dimensions; the apparent disagreement is partly a function of which dimension the source camp privileges. Second, a visualize-first short → trace-second → implement-third sandwich dominates each singlemodality sequence at the consolidation stage, because visualizefirst builds the cheap operational-semantic anchor that tracefirst refines into per-step notional-machine prediction and that implement-third converts into a procedural-knowledge chunk. The paper specifies an operational deployment for the elixresearches Python Pathway Volume 3 and From-Scratch-ToPython sort and search chapters — bubble-sort dance → Python Tutor trace of insertion sort → minimal Parsons-scaffolded implementation — and supplies a constraint-indexed selection rule for when classroom time forces a single-modality choice. Per the program no-cohort scope, the deployment is described and theoretically validated; no learner data is collected.",openalex,llm,0.830,unreviewed,
kept,Using Roles of Variables to Enhance Novice's Debugging Work,Mikko‐Jussi Laakso; Lauri Malmi; Ari Korhonen; Teemu Rajala; Erkki Kaila; Tapio Salakoski,2008,Informing Science and IT Education Conference,10.28945/3229,https://openalex.org/W4251708130,supports-claim,"Abstract Debugging skill is an essential part of the programming skills. It is also highly related with program comprehension skills. In this paper we present a novel tool, called ViLLE, which supports learning debugging by promoting students' understanding of target program. ViLLE combines visual debugging features with the support for roles of variables. These roles promote activating schemas of variable use in programs. In addition, ViLLE supports automatic presentation of the target program in different programming languages, even in pseudo code or with textual explanations. This, in turn, helps in building more general and abstract understanding of program structures and their relation to problem domain concepts. The key features of the tool are",openalex,llm,0.900,unreviewed,
discarded,The Jefferson Lab Free Electron Laser Program,S. Benson; D. Douglas; George R. Neil; Michelle D. Shinn,2011,Journal of Physics Conference Series,10.1088/1742-6596/299/1/012014,https://openalex.org/W1976109639,off-topic-false-hit,The development of superconducting radio frequency (SRF) accelerator technology for CEBAF's nuclear physics program set the stage for its application to a number of other efforts. We describe below the development of the a major advance in Free Electron Laser (FEL) Technology based on SRF linacs. The Jefferson Lab efforts achieved three orders of magnitude increase in the power delivered by FELs and firmly established the viability of energy recovering linac technology. We describe the details of the physics and engineering challenges addressed to accomplish this effort and then discuss some of the applications performed using the light source. We conclude with a look at the planned directions for the program in the future.,openalex,llm,1.000,unreviewed,
discarded,A Qualitative Study of Emotions Experienced by First-year Engineering Students during Programming Tasks,S. Zahra Atiq; Michael C. Loui,2022,ACM Transactions on Computing Education,10.1145/3507696,https://openalex.org/W4220979383,adjacent-subtopic,"In introductory computer programming courses, students experience a range of emotions. Students often experience anxiety and frustration when they encounter difficulties in writing programs. Continued frustration can discourage students from pursuing engineering and computing careers. Although prior research has shown how emotions affect students’ motivation and learning, little is known about students’ emotions in programming courses. In this qualitative study of first-year engineering students taking an introductory programming course, we examined the emotions that these students experienced during programming tasks and the reasons for experiencing those emotions. Our study was grounded in the control-value theory of achievement emotions. Each research participant came to two laboratory sessions: a programming session and a retrospective think-aloud interview session. In the programming session, each participant worked individually on programming problems. We collected screen capture, biometrics, and survey responses. In the interview session, each participant watched a video of their actions during the programming session. After every 2 minutes of viewing, the participants reported the emotions that they had experienced during this 2-minute period. We performed a thematic analysis of the interview data. Our results indicate that the participants experienced frustration most frequently. Sometimes they experienced multiple emotions. For example, one participant felt annoyed because she had made a mistake, but she felt joy and pride when she fixed the mistake. To promote student learning, educators should take students’ emotions into account in the design of curriculum and pedagogy for introductory programming courses.",openalex,llm,0.800,unreviewed,
discarded,Empowering Families Facing English Literacy Challenges to Jointly Engage in Computer Programming,Rahul Banerjee; Leanne Liu; Kiley Sobel; Caroline Pitt; Kung Jin Lee; Meng Wang; Sijin Chen; Lydia Davison; Jason Yip; Amy J. Ko; Zoran Popović,2018,,10.1145/3173574.3174196,https://openalex.org/W2795712216,adjacent-subtopic,"Research suggests that parental engagement through Joint Media Engagement (JME) is an important factor in children's learning for coding and programming. Unfortunately, parents with limited technology background may have difficulty supporting their children's access to programming. English-language learning (ELL) families from marginalized communities face particular challenges in understanding and supporting programming, as code is primarily authored using English text. We present BlockStudio, a programming tool for empowering ELL families to jointly engage in introductory coding, using an environment embodying two design principles, text-free and visually concrete. We share a case study involving three community centers serving immigrant and refugee populations. Our findings show ELL families can jointly engage in programming without text, via co-creation and flexible roles, and can create a range of artifacts, indicating understanding of aspects of programming within this environment. We conclude with implications for coding together in ELL families and design ideas for text-free programming research.",openalex,llm,0.740,unreviewed,
kept,A Selective Review of Computing Education Research,Lauri Malmi; Aditya Johri,2023,,10.4324/9781003287483-31,https://openalex.org/W4376274304,systematic-review,"Computing education research (CER) and engineering education research (EER) are comparable discipline-based education research (DBER) fields. Given the increased use of computing across engineering education, there is a unique opportunity for the two fields to learn from each other. This chapter first provides a brief historical overview of computing education research (CER), discusses the primary areas of current research and venues for publications, and then reviews recent work on the use of theoretical frameworks within CER. Then, the chapter selectively reviews two areas – programming education research and research on educational tools – that have a significant body of work within CER. The chapter uses these exemplars to illustrate the depth of research in CER as well as to identify areas of future work. The hope is that the selected content will be useful for those who conduct CER at the intersection of EER and those whose research focuses on computational technology.",openalex,llm,0.950,unreviewed,
discarded,The Church-Turing thesis,B. Jack Copeland; Oron Shagrir,2018,Communications of the ACM,10.1145/3198448,https://openalex.org/W2906157279,off-topic-false-hit,"In its original form, the Church-Turing thesis concerned computation as Alan Turing and Alonzo Church used the term in 1936--- human computation.",openalex,llm,0.990,unreviewed,
kept,Computing Teachers' Perspectives on Threshold Concepts,Maria Kallia; Sue Sentance,2017,,10.1145/3137065.3137085,https://openalex.org/W2767983637,supports-claim,"With the introduction of the new computing curriculum in England, teachers are facing many challenges, among them the teaching of computer programming. Literature suggests that the conceptual understanding of this subject contributes to its difficulty and that threshold concepts, as a source of troublesome knowledge, have a significant role in this. This paper explores computing teachers' perspectives on the Threshold Concept framework and suggests potential threshold concepts in the area of Functions and, more generally, in Procedural Abstraction. A study was conducted, using the Delphi method, including both computing teachers with experience teaching at upper secondary/high school and computing teachers with experience practicing programming in a professional environment for more than 7 years. The results indicate that the majority of the participants support that the Threshold Concept framework can explain students' difficulties in programming and agreed on 11 potential threshold concepts in the area of Functions and Procedural Abstraction. The participants focused more on the troublesome characteristic of threshold concepts and less on the transformative and integrative. Most of the participants also specified that they would change the way they teach a concept if they knew that this is a threshold one. Finally, the paper discusses the findings and how these will shape our future research.",openalex,llm,0.880,unreviewed,
