status,title,authors,year,venue,doi,url,tags,abstract,provider,decision_source,llm_confidence,llm_review_outcome,llm_change_direction
kept,Proposal of an Extended Finite State Machine for Realizing Dialogue in a Program Tracing Exercise System,Yuichiro Tateiwa; Tomohiro Mogi; Takahito Tomoto; Takako Akakura,2025,"2025 IEEE International Conference on Teaching, Assessment, and Learning for Engineering (TALE)",10.1109/TALE66047.2025.11346642,https://ieeexplore.ieee.org/document/11346642/,supports-claim,"Program tracing tasks prompt learners about program behavior (e.g., the next expression to execute or the values of variables at that point). While the LARC system supports such tasks and presents feedback, authoring new tasks and integrating feedback remain labor-intensive. We formalize the exercise dialogue as an Extended Finite State Machine (EFSM) that is automatically generated from a program’s abstract syntax tree and linked to pre-collected feedback data. Each dialogue step becomes a state, and learner inputs drive transitions, enabling systematic management of dialogue history and branching. The approach integrates with existing automatic task generation and feedback mechanisms. In an evaluation with 21 representative textbook programs, the generated EFSMs conducted the intended dialogues correctly given correct learner inputs, demonstrating the feasibility of scaling program tracing exercises.",ieee,llm,0.900,unreviewed,
discarded,Parallelizing Bayesian Knowledge Tracing Tool For Large-scale Online Learning Analytics,Yanjun Pu; Wenjun Wu; Yong Han; Dengbo Chen,2018,2018 IEEE International Conference on Big Data (Big Data),10.1109/BigData.2018.8622355,https://ieeexplore.ieee.org/document/8622355/,off-topic-false-hit,"With the advent of Massive Online Open Courses (MOOCs), the data scale of student learning behavior and knowledge mastery has significantly increased. In order to effectively and efficiently analyze these datasets and present on-the-fly intelligent tutoring to online learners, it is necessary to improve existing learning analytics tools in a parallel and automatic way. One of the most common tools is Bayesian Knowledge Tracing (BKT) that can model temporal progress of online learners and evaluate their mastery of course knowledge. Current implementation of BKT is mostly based on single machine, which leads to slow execution performance during its Expectation Maximization(EM) algorithm for parameter fitting. Although there are a few parallel implementations for EM algorithm, they don't support automatic initial BKT parameter tuning to ensure the correct convergence of the EM iteration. Therefore, this paper presents a new parallel BKT open source tool based on the Spark computational framework with the method of automatic tuning of initial parameters. This tool improves traditional knowledge tracing systems using a parallel EM algorithm with the capabilty of automatically choosing initial parameters. Experimental result demonstrates that our tool can achieve fast execution speed and greatly improve the accuracy of training parameters on both different sizes of simulated data and real educational data sets.",ieee,llm,0.990,unreviewed,
discarded,Representing and Tracing Students’ Cognitive Processes in Project-Based Learning through the Function-Behavior-Structure Framework and Knowledge Graphs,Jerry Ryan David Gustafson; Xiaokun Zhang; Gaganpreet Jhajj; Fuhua Lin,2025,2025 IEEE Smart World Congress (SWC),10.1109/SWC65939.2025.00069,https://ieeexplore.ieee.org/document/11395075/,adjacent-subtopic,"This research proposes a framework to represent and track students’ cognitive processes during project-based software development using the Function-Behavior-Structure (FBS) model, Knowledge Graphs (KGs), and AI-assisted analysis. The goal is to make student thinking more visible, recursive, and actionable for both learners and instructors. The system supports real-time feedback, and adaptive learning interventions by mapping student reflections, decisions, and misconceptions to evolving KGs. A prototype case study from a Computer Science Training Through Projects course illustrates how AI can automatically extract and update cognitive elements from student input, compare them to expert models, and provide targeted guidance. This approach builds on dynamic semantic network theory and leverages large language models to reduce instructor workload while improving transparency and formative assessment. Future work includes piloting the system with students to evaluate usability, precision, and impact on metacognitive development.",ieee,llm,0.930,unreviewed,
discarded,Conceptual-Based Writing Exercises in a Circuit Analysis Course,James P. Becker; Douglas J. Hacker,2022,IEEE Transactions on Education,10.1109/TE.2022.3147099,https://ieeexplore.ieee.org/document/9707628/,off-topic-false-hit,"Contribution: This article describes the implementation, assessment, and evaluation of conceptual-based writing exercises in an introductory course on electric circuit analysis. Background: Students’ struggles in gateway courses such as circuit analysis are often traced to inadequate metacognitive skills on the part of the student as well their misconceptions regarding fundamental phenomena related to the course. Writing is known to be a powerful tool for insight into a student’s thought process and to foster metacognitive activity. Research Questions: What effect does the use of short writing exercises have on students’ understanding of fundamental concepts related to the behavior of electric circuits operating at dc? What effect does the use of the conceptually based writing exercises have on students’ ability to justify their responses when answering conceptual questions related to basic electric circuit concepts? Methodology: In the first semester of the study, a single writing exercise was given and in the second semester, a total of five such exercises were administered. In each semester, students were separated into “at-risk” and “not at-risk” groups based on their responses to the first writing exercise. A  $2 \times 2 \times $  (2) mixed analysis of variance (ANOVA) was conducted, with at-risk/not at-risk and semester/semester between-subjects factors and pre-test/post-test on a multiple-choice conceptual-based exam a within-subjects factor. Findings: Results suggest that only the at-risk group may have benefited in terms of deepened conceptual understanding and the ability to justify their responses from the use of multiple conceptual-based writing exercises.",ieee,llm,0.980,unreviewed,
kept,Generating Trace Table for Java Programs,Masateru Kishikawa; Mika Ohtsuki; Tetsuro Kakeshita,2022,2022 12th International Congress on Advanced Applied Informatics (IIAI-AAI),10.1109/IIAIAAI55812.2022.00048,https://ieeexplore.ieee.org/document/9894565/,qualifies-claim,It is difficult for programming beginners to understand the behavior of object-oriented programs since an object-oriented program contains various dynamic behavior such as dynamic binding and polymorphism. Trace table is useful to facilitate understanding of object-oriented programs. Traditionally a trace table is used to facilitate understanding of a structured non-object-oriented program. We extend the notion of trace table to represent the dynamic behavior of object-oriented programs and propose a trace table generator for Java programs in this paper. The trace table is represented using an Excel file and is designed by extending the notion of the UML sequence diagram. Each worksheet of the trace table corresponds to an instance. Each column of the worksheet contains a value of the instance variables and local variables within the instance as well as message sending among the instances. Each row of the worksheet represents a sequence of steps at each method. The trace table generator is implemented using JavaParser and inserts code to the original collection of Java source codes. Various information to generate a trace table is extracted by executing the converted source code.,ieee,llm,0.830,unreviewed,
discarded,Multi-Layer Personalized Federated Learning for Mitigating Biases in Student Predictive Analytics,Yun-Wei Chu; Seyyedali Hosseinalipour; Elizabeth Tenorio; Laura Cruz; Kerrie Douglas; Andrew S. Lan; Christopher G. Brinton,2025,IEEE Transactions on Emerging Topics in Computing,10.1109/TETC.2024.3407716,https://ieeexplore.ieee.org/document/10551707/,off-topic-false-hit,"Conventional methods for student modeling, which involve predicting grades based on measured activities, struggle to provide accurate results for minority/ underrepresented student groups due to data availability biases. In this paper, we propose a Multi-Layer Personalized Federated Learning (MLPFL) methodology that optimizes inference accuracy over different layers of student grouping criteria, such as by course and by demographic subgroups within each course. In our approach, personalized models for individual student subgroups are derived from a global model, which is trained in a distributed fashion via meta-gradient updates that account for subgroup heterogeneity while preserving modeling commonalities that exist across the full dataset. The evaluation of the proposed methodology considers case studies of two popular downstream student modeling tasks, knowledge tracing and outcome prediction, which leverage multiple modalities of student behavior (e.g., visits to lecture videos and participation on forums) in model training. Experiments on three real-world online course datasets show significant improvements achieved by our approach over existing student modeling benchmarks, as evidenced by an increased average prediction quality and decreased variance across different student subgroups. Visual analysis of the resulting students’ knowledge state embeddings confirm that our personalization methodology extracts activity patterns clustered into different student subgroups, consistent with the performance enhancements we obtain over the baselines.",ieee,llm,0.990,unreviewed,
discarded,The evolution of integrating writing into engineering: tracing iterations of writing instruction in a sophomore engineering course,D. Ramey; J. Hudgins,1999,FIE'99 Frontiers in Education. 29th Annual Frontiers in Education Conference. Designing the Future of Science and Engineering Education. Conference Proceedings (IEEE Cat. No.99CH37011,10.1109/FIE.1999.840383,https://ieeexplore.ieee.org/document/840383/,off-topic-false-hit,"This paper discusses the iterations of writing instruction that the USC Electrical and Computer Engineering Writing Center has used in a sophomore ECE lab course since 1995. These various attempts to integrate writing into the course include voluntary small groups, mandatory small groups, hiring a separate technical writing teaching assistant (TA) to grade the writing content of the lab reports, individual consultations, and having writing center TAs give lectures on various aspects of writing lab reports in the recitation. We discuss the history of the lab course, its status in the Department and in the student curriculum, and the creation of the ECE Writing Center as a resource to elevate writing instruction in this class. Next, we trace the goals of the writing instruction and how they represent the larger educational goals of the ECE Department and the College of Engineering. Finally, we examine some of the modes of writing instruction and evaluate the weaknesses and strengths of each method.",ieee,llm,0.990,unreviewed,
discarded,Programming Knowledge Tracing: A Comprehensive Dataset and A New Model,Renyu Zhu; Dongxiang Zhang; Chengcheng Han; Ming Gaol; Xuesong Lu; Weining Qian; Aoying Zhou,2022,2022 IEEE International Conference on Data Mining Workshops (ICDMW),10.1109/ICDMW58026.2022.00048,https://ieeexplore.ieee.org/document/10031183/,off-topic-false-hit,"In this paper, we study knowledge tracing in the domain of programming education and make two important contributions. First, we harvest and publish so far the most comprehensive dataset, namely BePKT, which covers various online behaviors in an online judge (OJ) system, including programming text problems, knowledge annotations, user-submitted code and system-logged events. Second, we propose a new model PDKT to exploit the enriched context for accurate student behavior prediction. More specifically, we construct a bipartite graph for programming problem embedding, and design an improved pre-training model PLCodeBERT for code embedding, as well as a double-sequence RNN model with exponential decay attention for effective feature fusion. Experimental results on the new dataset BePKT show that our proposed model establishes state-of-the-art performance in programming knowledge tracing. In addition, we verify that our code embedding strategy based on PLCodeBERT is complementary to existing knowledge tracing models to further enhance their accuracy. As a side product, PLCodeBERT also results in better performance in other programming-related tasks such as code clone detection.",ieee,llm,0.990,unreviewed,
discarded,Exploring Traces from Algorithm Simulation: Students' Conceptions of Dijkstra's Algorithm,Artturi Tilanterä; Ari Korhonen; Otto Seppälä; Teemu Taivainen; Inka Croell,2025,2025 IEEE Frontiers in Education Conference (FIE),10.1109/FIE63693.2025.11328578,https://ieeexplore.ieee.org/document/11328578/,adjacent-subtopic,"This full research paper explores undergraduate students' misconceptions of Dijkstra's algorithm quantitatively. Graph algorithm misconceptions have been studied to a modest extent, but they support effective instruction. A visual algorithm simulation (VAS) exercise requires a student to trace the algorithm by modifying a data structure visualization. We investigated effective ways to mine new algorithm misconceptions from VAS exercise data. In addition, we searched for previously unknown misconceptions of Dijkstra's algorithm. Students simulated Dijkstra's algorithm with a VAS exercise by adding edges of a given graph to a spanning tree. The simulations produced execution patterns which were mapped into a canonical form. We constructed another graph representing exercise states in all simulations. Using an interactive visualization of the state graph, we built hypotheses for misconceptions. The hypotheses were modeled as algorithms whose execution patterns were matched against students' simulations to find frequency of the hypothetical misconceptions. Pattern matching indicated that certain simulations resembled depth-first search, breadth-first search, and Prim's algorithm. Other simulations had evidence that students had understood the purpose of Dijkstra's algorithm, but arrived to the correct solution with ad hoc heuristics. The findings demonstrate how a VAS exercise was designed to reveal students' difficulties with graph algorithms. The methodology supports recognizing common misconceptions and therefore giving automated, formative feedback. The misconceptions itself are applicable to any exercise on elementary graph algorithms. Interactive visualization of an exercise state graph demonstrates the use of a new data-driven method for eliciting misconceptions.",ieee,llm,0.950,unreviewed,
kept,Students’ Misunderstanding of the Order of Evaluation in Conjoined Conditions,Eliane S. Wiese; Anna N. Rafferty; Garrett Moseke,2021,2021 IEEE/ACM 29th International Conference on Program Comprehension (ICPC),10.1109/ICPC52881.2021.00055,https://ieeexplore.ieee.org/document/9463041/,supports-claim,"Experts often use particular control flow structures to make their code easier to read and modify, such as using the logical operator AND to conjoin conditions rather than nesting separate if statements. Within Boolean expressions, experts take advantage of short-circuit evaluation by ordering their conditions to avoid errors (such as checking that an index is within the bounds of an array before examining the value at that index). How well do students understand these structures? We investigate students' use and understanding of conjoined versus separate conditions within a larger assessment of 125 undergraduate students at the end of their second- and third-semester CS courses (in algorithms & data structures and introductory software engineering). The assessment asked students to: write code where an edge case error could be avoided with short-circuit evaluation, revise their code with nudges towards expert structure, and answer comprehension questions involving code tracing. When writing, students frequently forgot to check for a key edge case. When that case was included, the check was often separated in its own if-statement rather than conjoined with the other conditions. This could indicate a stylistic choice or a belief that the check had to be separated for functionality. Notably, students who included all necessary conditions rarely exhibited the error of ordering them incorrectly. However, with code comprehension, students demonstrated significant misunderstandings about the effects of condition ordering. Students were more accurate on comprehension tasks with nested ifs than conjoined conditions, and this effect was most pronounced when the ordering of the conditions would lead to errors. When conditions were conjoined in a single expression, only 35% of students recognized that checking a value at an index before checking that the index was in bounds would lead to an error. However, 54% of students recognized the problem when the conditions were separated into individual if-statements. This demonstrates a subtlety in code execution that intermediate students may not have mastered and emphasizes the challenges in assessing students' understanding solely via the way they write code.",ieee,llm,0.990,unreviewed,
discarded,Structured Latent Factor Decomposition in Deep Probabilistic State-Space Models for Interpretable Knowledge Tracing,Tianbao Xue; Quanxiang Lan,2026,"2026 9th International Conference on Advanced Electronic Technology, Computers and Software Engineering (AETCSE)",10.1109/AETCSE69203.2026.11504403,https://ieeexplore.ieee.org/document/11504403/,off-topic-false-hit,"Modeling student learning as a partially observable dynamical process is central to intelligent tutoring systems. Although recent neural knowledge tracing models achieve strong predictive performance, they typically rely on opaque latent representations that lack structural interpretability and calibrated uncertainty estimation. This paper introduces a Structured Cognitive State Modeling System (S-CSMS), a deep probabilistic state-space framework that explicitly decomposes the latent cognitive state into three semantically grounded components: skill mastery, misconception intensity, and transient learning condition factors. By embedding structured inductive bias into latent transition dynamics and leveraging amortized variational inference, the framework enables uncertainty-aware prediction while preserving cognitive interpretability. Experiments on the widely adopted ASSISTments benchmark demonstrate consistent improvements in negative log-likelihood, probability calibration, and predictive robustness over strong neural and probabilistic baselines. Furthermore, the structured decomposition supports fine-grained diagnostic analysis of mastery progression and misconception dynamics. These results highlight the effectiveness of integrating structured cognitive constraints into probabilistic state-space models for reliable and interpretable student modeling.",ieee,llm,0.980,unreviewed,
discarded,Sentence Embedding-based Soft Clustering for Analyzing Texts of Student Outcomes,Steven Gianmarg Haposan Siahaan; Masayu Leylia Khodra,2024,2024 IEEE International Conference on Data and Software Engineering (ICoDSE),10.1109/ICoDSE63307.2024.10829879,https://ieeexplore.ieee.org/document/10829879/,off-topic-false-hit,"Student outcomes specify the minimum competencies that students must possess upon graduation. The measurement of student outcomes is generally conducted by the study programs at the end of each semester, based on course grades. This paper aims to leverage competency data from a tracer study to assess student outcomes, supporting the grade-based measurements. While mapping competencies to student outcomes is a multi-label classification task, this paper performs soft clustering of student outcome texts into competency clusters. To the best of our knowledge, no previous work has employed this approach. In clustering text, sentence embedding shows very good results compared to word embedding (Yin et al., 2023). This study analyzes student outcomes by producing a final score obtained from the product of the weight and competency representation value. The weights were obtained by experiments on developing alternative soft clustering models, namely Fuzzy C-Means, Gaussian Mixture Models and calculating semantic similarity scores. Meanwhile, the representation of the value of each competency is obtained by implementing the Weiszfeld algorithm. Experimental and testing results show that the Fuzzy C- Means model using a variation of the all-mpnet-base-v2 sentence embedding model shows the best results with macro average f-1 score 0.73, micro average f-1 score 0.63, and weighted average f-1 Score 0.69 compared to other variations.",ieee,llm,0.990,unreviewed,
