status,title,authors,year,venue,doi,url,tags,abstract,provider,decision_source,llm_confidence,llm_review_outcome,llm_change_direction
discarded,DEVELOPING A GAME-BASED PLATFORM FOR STUDENTS TO LEARN PROGRAMMING,"Prasetya, Noven Indra; Degeng, Nyoman Sudana; Patmanthara, Syaad; Ulfa, Saida",2026,TURKISH ONLINE JOURNAL OF DISTANCE EDUCATION,,https://www.webofscience.com/wos/woscc/full-record/WOS:001822776100005,adjacent-subtopic,"This research centers on the development and validation of a game-based platform for programming learning, aimed at enhancing student engagement and motivation in introductory programming courses. The platform integrates live coding features with game elements, including characters, points, badges, leaderboards, and interactive challenges. Employing a research and development approach through the waterfall model, the study encompassed stages of requirement analysis, system design, implementation, and testing. Testing phases included unit testing, system testing, and user testing to ensure technical functionality and user satisfaction. A total of 276 Informatics students from Universitas Wijaya Kusuma Surabaya participated, using the platform over a five week period. User satisfaction was assessed with the End User Computing Satisfaction (EUCS) instrument, evaluating key dimensions such as content, format, ease of use, timeliness, and accuracy. The findings indicated high levels of user satisfaction, with scores exceeding 4.00, signaling positive reception and readiness for broader application in programming learning. Game-based platform presents an innovative approach to programming instruction, promoting student autonomy and motivation and providing a practical, hands-on learning experience through real time coding challenges.",wos,llm,0.910,unreviewed,
discarded,Collaborative Learning for Computer Science Courses: An Initial Literature Survey,"Degryse, Brendan; Matoush, Gavin; Dougherty, Ryan E.",2026,"PROCEEDINGS OF THE 57TH ACM TECHNICAL SYMPOSIUM ON COMPUTER SCIENCE EDUCATION V.2, SIGCSE TS 2026",10.1145/3770761.3777353,https://www.webofscience.com/wos/woscc/full-record/WOS:001780599900036,adjacent-subtopic,"Collaborative learning has been promoted for decades as a way to increase engagement, equity, and learning gains in computer-science (CS) classrooms. The evidence for where and how these practices are studied across the CS curriculum has not yet been assessed. This poster gives an initial literature review of peer-reviewed CS-education publications that explicitly investigate collaborative learning strategies. Using a ACM Digital Library query, we identified 218 relevant publications about collaborative learning and CS education. Over two-thirds of the literature targets introductory programming and algorithms courses; more ""advanced"" topics such as operating systems, computer architecture, and theoretical CS collectively account for under 10%.",wos,llm,0.900,unreviewed,
discarded,Including Accessibility in Your Computer Science Course,"Ladner, Richard E.; Oleson, Alannah; Ko, Amy J.",2026,"PROCEEDINGS OF THE 57TH ACM TECHNICAL SYMPOSIUM ON COMPUTER SCIENCE EDUCATION V.2, SIGCSE TS 2026",10.1145/3770761.3777138,https://www.webofscience.com/wos/woscc/full-record/WOS:001780599900213,adjacent-subtopic,"Most software in the world is not accessible to people with disabilities, in part because most people who create software do not know how to make it accessible. Using the new free online book Teaching Accessible Computing, participants in this special session will learn how they can incorporate accessibility topics into their favorite CS courses, like introductory programming, data structures, or artificial intelligence courses. The editors of the book will lead the special session, and several authors of the book's 17 chapters will talk about their chapters and lead topic groups to go into more depth about how they incorporated accessibility into their CS courses. Participants will leave this session with increased enthusiasm and concrete resources to support teaching accessibility in their CS topic courses, establishing connections to the broader community of CS educators and researchers interested in teaching accessibility.",wos,llm,0.950,unreviewed,
discarded,Encouraging Student Use of AI in CS1,"Hughes, Stephen",2026,"PROCEEDINGS OF THE 57TH ACM TECHNICAL SYMPOSIUM ON COMPUTER SCIENCE EDUCATION V.2, SIGCSE TS 2026",10.1145/3770761.3777234,https://www.webofscience.com/wos/woscc/full-record/WOS:001780599900078,adjacent-subtopic,"It has been well documented that generative AI tools are capable of solving traditional CS1-level problems as effectively as beginner students. With the addition of this technology as part of the technological landscape, it is necessary to reconsider expectations for CS1 content as well as the pedagogical approaches we choose to adopt. This poster documents the experience teaching a recent course that encouraged students to use a generative AI tool while revisiting four pedagogical tools: Problem-Centric Instruction, Flipped Instruction, Competency Demonstrations and In-Person Code reviews. Not only can AI serve as a catalyst to rethink what it means for students to engage with introductory programming, it also provides an opportunity to revisit some of the pedagogical advancements that we should have been paying attention to all along.",wos,llm,0.880,unreviewed,
discarded,Integrating Human-Centered Data Science into Computing Education: Insights from Semi-Structured Interviews,"Chui, Victoria; McConvey, Kelly; Chui, Daniel; Bernstein, Malayna; Guha, Shion",2026,"PROCEEDINGS OF THE 57TH ACM TECHNICAL SYMPOSIUM ON COMPUTER SCIENCE EDUCATION V.2, SIGCSE TS 2026",10.1145/3770761.3777231,https://www.webofscience.com/wos/woscc/full-record/WOS:001780599900029,adjacent-subtopic,"As data-driven solutions become increasingly prevalent in society, embedding ethics and human-centered content in computing courses is crucial for educating responsible professionals. We conducted a pilot study embedding human-centered material and activities into a semester-long introductory programming course for information science graduate students. Through five semi-structured interviews, we found that integrating real-world datasets and reflections advanced both technical skills and awareness of societal impacts. However, participants expressed uncertainty about applying ethical decision-making principles in workplace contexts, particularly when confronting unethical practices by colleagues or superiors. Our findings suggest that while integrated human-centered content effectively complements technical education, additional scaffolding is needed to empower students for ethical action in professional settings. We outline future directions for embedding human-centered content throughout information science curricula to reinforce these competencies alongside technical skills.",wos,llm,0.910,unreviewed,
discarded,Unraveling Ambiguities: Analyzing Student Approaches to Solving Probeable Problems,"Kumar, Viraj; Denny, Paul; Leinonen, Juho; Prather, James; MacNeil, Stephen",2026,"PROCEEDINGS OF THE 28TH AUSTRALASIAN COMPUTING EDUCATION CONFERENCE, ACE 2026",10.1145/3786228.3786255,https://www.webofscience.com/wos/woscc/full-record/WOS:001774258800026,adjacent-subtopic,"Introductory programming courses often rely on small code-writing tasks with clear and complete problem specifications. Such tasks limit opportunities for students to practice clarifying ambiguous requirements - a critical skill in real-world programming. Given the ubiquity of large language models (LLMs) that can produce accurate solutions for such well-specified tasks, students may question the relevance of learning to write code for such tasks. Probeable Problems, by contrast, deliberately omit essential details, encouraging students to think critically, identify ambiguities, and seek clarifications. This study builds on theories of metacognition, cognitive flexibility, and design thinking to explore the strategies used by human students when tackling ambiguous programming tasks. For three Probeable Problems, we analyze the contents of 40,000 student-written probes to investigate how thoroughly and efficiently students are able to explore ambiguities. Our results offer insights into the effective design of feedback for Probeable Problems, and emphasize the benefits of engaging learners with authentic, ill-structured problems to enhance critical thinking and metacognitive skills.",wos,llm,0.880,unreviewed,
discarded,Generative AI in Introductory Programming for Non-CS STEM Students: A Two-Semester Study,"De Oliveira, Roberto M.; Da Silva, Eryck P.; Wainer, Jacques; Azevedo, Rodolfo",2026,IEEE ACCESS,10.1109/ACCESS.2026.3701610,https://www.webofscience.com/wos/woscc/full-record/WOS:001795869700025,adjacent-subtopic,"The emergence of generative artificial intelligence tools such as ChatGPT and GitHub Copilot has introduced new possibilities for programming education. However, few published works have described how these tools have been effectively integrated into undergraduate courses, particularly those with analyses grounded in full semesters of classroom experience. This paper addresses this gap by documenting and examining the use of generative AI in an introductory programming course for non-CS STEM undergraduate students. The course was redesigned to emphasize problem understanding, prompt formulation, and evaluation of AI-generated code, rather than focusing solely on manual implementation. The redesign also allowed expanded curriculum coverage, including additional topics not addressed in the traditional offering, such as debugging and testing. We analyze data from two semesters in which generative AI tools (ChatGPT and GitHub Copilot) were incorporated and compare results with two semesters of the traditional course format. The results suggest that the AI-supported format maintained high student engagement in activity submissions throughout the semester, even after students reached the minimum passing grade. Student feedback indicated increased motivation and perceived relevance of the tools, along with new challenges related to debugging and problem decomposition. We conclude with practical recommendations and lessons learned for course planning and assessment design when integrating generative AI into programming education.",wos,llm,0.860,unreviewed,
kept,Impact of Constructive and Blended Video-Based Learning for Programming Using Generative AI,"Peralta-Penunuri, Gloria Ekaterine; Barron-Estrada, Maria Lucia; Zatarain-Cabada, Ramon; Palazuelos-Alvarado, Saul Alonso",2026,APPLIED SCIENCES-BASEL,10.3390/app16104836,https://www.webofscience.com/wos/woscc/full-record/WOS:001775855000001,supports-claim,"This paper introduces COVIA (Code + Video + AI), a constructive Video-Based Learning (VBL) platform aiming to address ongoing challenges in computer science education, particularly those related to student engagement and instructor workload. The system was deployed in a blended learning setting as supplementary instruction in mandatory introductory programming courses at a university in Mexico. Curriculum materials and videos were designed using a human-in-the-loop workflow assisted by Generative AI (GenAI) and validated by subject-matter experts. This study employs a longitudinal, quasi-experimental quantitative design, complemented by a quantitative acceptance assessment based on the Technology Acceptance Model (TAM). The evaluation focused on three distinct phases of the introductory Java curriculum: (1) Language Elements, (2) Selective Structures, and (3) Iterative Structures. Statistical analysis using the Wilcoxon Signed-Rank test confirmed that the Experimental Group achieved highly significant learning gains across all three phases (p<0.001). In contrast, the Control Group failed to achieve statistically significant growth in Phase 1 (p=0.119) and Phase 3 (p=0.448). In conclusion, the results suggest that the COVIA platform supports the development of introductory programming competencies as a supportive tool within a blended instructional framework.",wos,llm,0.720,unreviewed,
kept,A Systematic Review of Approaches for Evaluating Students' Function-Level Code Structure Knowledge with a Catalog of All Discussed Patterns,"Nurollahian, Sara; Brown, Noelle; Rafferty, Anna N.; Wiese, Eliane",2026,ACM TRANSACTIONS ON COMPUTING EDUCATION,10.1145/3787450,https://www.webofscience.com/wos/woscc/full-record/WOS:001742611400001,supports-claim,"Code structure, an important aspect of code quality, involves stylistic and structural decisions within individual functions, such as selecting appropriate control flow structures for a specific task. Despite over 40 years of research on student performance in various code structure topics, a comprehensive overview of these studies remains absent. Therefore, we conducted a systematic literature review to understand which function-level code structure topics were considered essential for student learning and what assessment practices were used to evaluate students' knowledge of code structure. Our review identified approximately 70 code-structure topics, which we classified into 7 categories: expressions, variables and parameters, Boolean expressions, conditionals, loops, functions, and others. We created a catalog of these topics that includes their definitions, an example defect for each topic, and a corresponding solution. This catalog can serve as a resource for instructors seeking to incorporate code structure into introductory programming courses, as well as for researchers developing educational tools or investigating the extent and causes of code-structure violations. Regarding assessment practices in prior studies, we found that various assessment tasks and student artifacts were utilized, with half of the studies examining students' code-writing submissions for the occurrence of violations. While this approach is scalable through the use of automated detectors, it provides limited insight into the underlying causes of these violations or into students' performance on non-writing skills such as code refactoring. Additionally, we found very little research that focuses on specific assessment tasks such as code recall and code editing (i.e., refactoring others' code). Moreover, while many studies suggested that student code structure defects stem from knowledge gaps in programming concepts, only a few empirically tested this hypothesis. Finally, we conclude this study by highlighting open areas for future research on code structure.",wos,llm,0.970,unreviewed,
discarded,"Parallel courseware for adaptable programming learning: concept, design, and evaluation","Mohamed, Abdallah; van de Crommenacker, Thomas",2026,ETR&D-EDUCATIONAL TECHNOLOGY RESEARCH AND DEVELOPMENT,10.1007/s11423-025-10553-3,https://www.webofscience.com/wos/woscc/full-record/WOS:001563776700001,adjacent-subtopic,"Computer programming is an essential, cross-disciplinary skill relevant to learners beyond merely computer scientists. This paper introduces parallel courseware, a novel approach to courseware design that contributes to adaptable learning in introductory programming education. Adaptability is achieved through the implementation of parallel, aligned courseware versions, designed along key customization dimensions, such as programming language and application domain, resulting in numerous courseware permutations to meet diverse student needs. These versions are delivered through LearnCoding, an online platform that enables seamless switching between permutations while maintaining a consistent structure and layout, thereby supporting personalized learning, facilitating comparative exploration of content, and enhancing skill transfer across contexts. The paper also reports findings from a study conducted over two offerings of a first-year programming course, exploring the impact of the proposed approach on students' understanding of and interest in the learning material. Results indicate a positive student experience, suggesting promising implications for the design of adaptable courseware and the development of flexible e-learning platforms.",wos,llm,0.870,unreviewed,
kept,ChartCode: A Flowchart-Centric Educational Tool for Introductory Programming,"Xing, Guangming; Liang, Gongbo; Salem, Tawfiq",2026,"PROCEEDINGS OF THE 57TH ACM TECHNICAL SYMPOSIUM ON COMPUTER SCIENCE EDUCATION V.1, SIGCSE TS 2026",10.1145/3770762.3772525,https://www.webofscience.com/wos/woscc/full-record/WOS:001722635800168,supports-claim,"This paper presents ChartCode, a web-based interactive programming environment designed to support introductory programming courses. ChartCode integrates flowchart-based visual program construction, multi-language code generation, expression parsing, and execution simulation within a single cohesive platform. Students build programs by constructing flowcharts, which are automatically translated into syntactically correct source code in Python, Java, C, and C++. A built-in expression parser generates syntax trees to help students understand operator precedence and subexpression structure. The system includes a client-side simulation engine that executes code step-by-step, dynamically highlighting control flow and visualizing changes in variable states during execution. ChartCode is publicly available at https://chartcode.org and features twenty scaffolded lessons covering core programming topics, along with a sandbox mode for open-ended exploration. The system has been deployed in university courses and high school summer camps and supports formative assessments through instructor-defined constraints on available programming constructs. This paper describes the system architecture, implementation details, instructional use cases, and plans for future enhancements to broaden its impact on computing education.",wos,llm,0.960,unreviewed,
discarded,Teacher Perspectives on Strengthening AI and Machine Learning in Ireland's Leaving Certificate Computer Science Curriculum,"Mahon, Joyce; Mac Namee, Brian; Becker, Brett A.",2026,"PROCEEDINGS OF THE 2026 CONFERENCE ON HUMAN CENTERED ARTIFICIAL INTELLIGENCE - EDUCATION AND PRACTICE, HCAI-EP 2026",10.1145/3777490.3777509,https://www.webofscience.com/wos/woscc/full-record/WOS:001722569700013,adjacent-subtopic,"This study examines how artificial intelligence (AI) and machine learning (ML) can be more effectively integrated into Ireland's Leaving Certificate Computer Science (LCCS) curriculum, where these topics are currently underrepresented. Using a pragmatist, convergent mixed-methods design, it draws on surveys from 41 teachers, interviews with eight teachers, and analysis of international literature. The Technology Acceptance Model (TAM) was used as a theoretical lens and extended into the TAM-AI-Edu framework to capture perspectives on curriculum gaps and future trends. Findings show both enthusiasm for AI/ML integration and concerns around resources, training, and assessment. The study offers teacher-informed recommendations for curriculum reform and introduces TAM-AI-Edu, a model that better reflects the complexities of AI/ML adoption in post-primary education.",wos,llm,0.960,unreviewed,
discarded,Integrating Hands-On Data Collection Experience in an Introductory Programming Class for Non-CS Majors,"Jiao, Shuyin; Jasper, Warren J.",2026,"PROCEEDINGS OF THE 57TH ACM TECHNICAL SYMPOSIUM ON COMPUTER SCIENCE EDUCATION V.1, SIGCSE TS 2026",10.1145/3770762.3772601,https://www.webofscience.com/wos/woscc/full-record/WOS:001722635800078,adjacent-subtopic,"In response to the growing demand for data analysis and computational thinking skills across academic disciplines, universities are increasingly integrating programming courses into the curricula for non-computer science (non-CS) majors. A key challenge for instructors is designing instructional materials that help these students connect programming concepts to authentic disciplinary contexts and build confidence in applying programming skills to real-world tasks. This paper reports our experience designing a data analysis lab within an introductory programming course, in which hands-on data collection is integrated into the entire analytical workflow. Instead of working with predefined datasets, students use a Raspberry Pi and a thermocouple sensor to collect their own data before performing tasks in data extraction, processing, and visualization using Python. Twenty device kits were deployed for student teams in the experimental semester (Spring 2024, n = 76). Post-lab surveys were used to assess students' self-efficacy in performing data-related programming tasks, including data collection, extraction, processing, and visualization. Our findings provide insights into students' perceptions and experiences with hands-on data collection, offering implications for how authentic, end-to-end programming activities can be integrated into introductory courses for non-CS majors.",wos,llm,0.900,unreviewed,
