status,title,authors,year,venue,doi,url,tags,abstract,provider,decision_source,llm_confidence,llm_review_outcome,llm_change_direction
discarded,Fostering the Intelligent Novice: Learning From Errors With Metacognitive Tutoring,Santosh Mathan; Kenneth R. Koedinger,2005,Educational Psychologist,10.1207/s15326985ep4004_7,https://openalex.org/W2089985316,adjacent-subtopic,"This article explores 2 important aspects of metacognition: (a) how students monitor their ongoing performance to detect and correct errors and (b) how students reflect on those errors to learn from them. Although many instructional theories have advocated providing students with immediate feedback on errors, some researchers have argued that immediate feedback eliminates the opportunity for students to practice monitoring for and learning from errors. Thus, they advocate delayed feedback. This article provides evidence that this line of reason is flawed and suggests that rather than focusing on the timing of feedback, instructional designers should focus on the ""model of desired performance"" with respect to which feedback is provided. Instead of delaying feedback, we suggest broadening our model of correct behavior or desired performance to include some kinds of incorrect, but reasonable behaviors. This article explores the effects of providing feedback on the basis of a so-called intelligent novice cognitive model. A system based on an intelligent novice model allows students to make certain reasonable errors, and provides guidance through the exercise of error detection and correction skills. There are two pedagogical motivations for feedback based on an intelligent novice model. First, jobs today not only require ready-made expertise for dealing with known problems, but also intelligence to address novel situation where nominal experts are thrown back to the state of a novice. Second, the opportunity to reason about the causes and consequences of errors may allow students to form a better model of the behavior of domain operators. Results show that students receiving intelligent novice feedback acquire a deeper conceptual understanding of domain principles and demonstrate better transfer and retention of skills over time.",openalex,llm,0.840,unreviewed,
kept,Misconception-Driven Feedback,Luke Gusukuma; Austin Cory Bart; Dennis Kafura; Jeremy V. Ernst,2018,,10.1145/3230977.3231002,https://openalex.org/W2886150761,supports-claim,"The feedback given to novice programmers can be substantially improved by delivering advice focused on learners' cognitive misconceptions contextualized to the instruction. Building on this idea, we present Misconception-Driven Feedback (MDF); MDF uses a cognitive student model and program analysis to detect mistakes and uncover underlying misconceptions. To evaluate the impact of MDF on student learning, we performed a quasi-experimental study of novice programmers that compares conventional run-time and output check feedback against MDF over three semesters. Inferential statistics indicates MDF supports significantly accelerated acquisition of conceptual knowledge and practical programming skills. Additionally, we present descriptive analysis from the study indicating the MDF student model allows for complex analysis of student mistakes and misconceptions that can suggest improvements to the feedback, the instruction, and to specific students.",openalex,llm,0.970,unreviewed,
discarded,A review of recent advances in learner and skill modeling in intelligent learning environments,Michel C. Desmarais; Ryan S. Baker,2011,User Modeling and User-Adapted Interaction,10.1007/s11257-011-9106-8,https://openalex.org/W1987626674,adjacent-subtopic,"In recent years, learner models have emerged from the research laboratory and research classrooms into the wider world. Learner models are now embedded in real world applications which can claim to have thousands, or even hundreds of thousands, of users. Probabilistic models for skill assessment are playing a key role in these advanced learning environments. In this paper, we review the learner models that have played the largest roles in the success of these learning environments, and also the latest advances in the modeling and assessment of learner skills. We conclude by discussing related advancements in modeling other key constructs such as learner motivation, emotional and attentional state, meta-cognition and self-regulated learning, group learning, and the recent movement towards open and shared learner models.",openalex,llm,0.930,unreviewed,
discarded,QwikMD — Integrative Molecular Dynamics Toolkit for Novices and Experts,João V. Ribeiro; Rafael C. Bernardi; Till Rudack; John E. Stone; J. C. Phillips; Peter L. Freddolino; Klaus Schulten,2016,Scientific Reports,10.1038/srep26536,https://openalex.org/W2397547384,off-topic-false-hit,"The proper functioning of biomolecules in living cells requires them to assume particular structures and to undergo conformational changes. Both biomolecular structure and motion can be studied using a wide variety of techniques, but none offers the level of detail as do molecular dynamics (MD) simulations. Integrating two widely used modeling programs, namely NAMD and VMD, we have created a robust, user-friendly software, QwikMD, which enables novices and experts alike to address biomedically relevant questions, where often only molecular dynamics simulations can provide answers. Performing both simple and advanced MD simulations interactively, QwikMD automates as many steps as necessary for preparing, carrying out, and analyzing simulations while checking for common errors and enabling reproducibility. QwikMD meets also the needs of experts in the field, increasing the efficiency and quality of their work by carrying out tedious or repetitive tasks while enabling easy control of every step. Whether carrying out simulations within the live view mode on a small laptop or performing complex and large simulations on supercomputers or Cloud computers, QwikMD uses the same steps and user interface. QwikMD is freely available by download on group and personal computers. It is also available on the cloud at Amazon Web Services.",openalex,llm,0.990,unreviewed,
kept,Identifying Novice Student Programming Misconceptions and Errors From Summative Assessments,Ashok Kumar Veerasamy; Daryl D’Souza; Mikko‐Jussi Laakso,2016,Journal of Educational Technology Systems,10.1177/0047239515627263,https://openalex.org/W2548490722,supports-claim,"This article presents a study aimed at examining the novice student answers in an introductory programming final e-exam to identify misconceptions and types of errors. Our study used the Delphi concept inventory to identify student misconceptions and skill, rule, and knowledge-based errors approach to identify the types of errors made by novices in Python programming. The students' responses to each question were scrutinized by using the Delphi concept inventory, heuristic-analytic theory, and neo-Piagetian theory of cognitive development for qualitative data analysis. Moreover, the motivation for this exploratory study was to also address the misconceptions that students held in programming and help educators to redefine the teaching methods to correct those alternative conceptions. Student misconceptions were spotted in list referencing and inbuilt functions in Python. In a further quantitative analysis, the study found that students who had misconceptions made knowledge errors and failed to complete the coding tasks. Surprisingly, and coincidentally, it was identified that only a few students were able to write code related to mathematical problems.",openalex,llm,0.980,unreviewed,
kept,Comprehension First,Greg L. Nelson; Benjamin Xie; Amy J. Ko,2017,,10.1145/3105726.3106178,https://openalex.org/W2748071319,supports-claim,"What knowledge does learning programming require? Prior work has focused on theorizing program writing and problem solving skills. We examine program comprehension and propose a formal theory of program tracing knowledge based on control flow paths through an interpreter program's source code. Because novices cannot understand the interpreter's programming language notation, we transform it into causal relationships from code tokens to instructions to machine state changes. To teach this knowledge, we propose a comprehension-first pedagogy based on causal inference, by showing, explaining, and assessing each path by stepping through concrete examples within many example programs. To assess this pedagogy, we built PLTutor, a tutorial system with a fixed curriculum of example programs. We evaluate learning gains among self-selected CS1 students using a block randomized lab study comparing PLTutor with Codecademy, a writing tutorial. In our small study, we find some evidence of improved learning gains on the SCS1, with average learning gains of PLTutor 60% higher than Codecademy (gain of 3.89 vs. 2.42 out of 27 questions). These gains strongly predicted midterms (R2=.64) only for PLTutor participants, whose grades showed less variation and no failures.",openalex,llm,0.980,unreviewed,
kept,"An Australasian study of reading and comprehension skills in novice programmers, using the bloom and SOLO taxonomies",Jacqueline Whalley; Raymond Lister; Errol Thompson; Tony Clear; Phil Robbins; P. K. Ajith Kumar; Christine Prasad,2006,Tuwhera (Auckland University of Technology),,https://openalex.org/W1594737854,supports-claim,"In this paper we report on a multi-institutional investigation into the reading and comprehension skills of novice programmers. This work extends previous studies (Lister 2004, McCracken 2001) by developing a question set within two key pedagogical frameworks: the Bloom and SOLO taxonomies. From this framework of analysis some interesting emergent patterns relating the cognitive level of the questions to student performance have been identified. Keywords: Bloom’s Taxonomy, SOLO, novice programming, multi-institutional.",openalex,llm,0.960,unreviewed,
discarded,Assessing Students' Ability to Trace Matter in Dynamic Systems in Cell Biology,Christopher D. Wilson; Charles Anderson; Merle Heidemann; John Merrill; Brett W. Merritt; Gail Richmond; Duncan F. Sibley; Joyce Parker,2006,CBE—Life Sciences Education,10.1187/cbe.06-02-0142,https://openalex.org/W2153220760,off-topic-false-hit,"College-level biology courses contain many complex processes that are often taught and learned as detailed narratives. These processes can be better understood by perceiving them as dynamic systems that are governed by common fundamental principles. Conservation of matter is such a principle, and thus tracing matter is an essential step in learning to reason about biological processes. We present here multiple-choice questions that measure students' ability and inclination to trace matter through photosynthesis and cellular respiration. Data associated with each question come from students in a large undergraduate biology course that was undergoing a shift in instructional strategy toward making fundamental principles (such as tracing matter) a central theme. We also present findings from interviews with students in the course. Our data indicate that 1) many students are not using tracing matter as a tool to reason about biological processes, 2) students have particular difficulties tracing matter between systems and have a persistent tendency to interconvert matter and energy, and 3) instructional changes seem to be effective in promoting application of the tracing matter principle. Using these items as diagnostic tools allows instructors to be proactive in addressing students' misconceptions and ineffective reasoning.",openalex,llm,1.000,unreviewed,
discarded,An exploration of novice compilation behaviour in BlueJ,Matthew C. Jadud,2021,Kent Academic Repository (University of Kent),10.22024/unikent/01.02.86458,https://openalex.org/W58732440,adjacent-subtopic,"Our research explores the process by which beginning programmers go about writing programs. We have focused our explorations on what we call compilation behaviour: the programming behaviour a student engages in while repeatedly editing and compiling their programs in an attempt to make them syntactically, if not semantically, correct. The students whose behaviour we have observed were engaged in learning to program in an objects-first style using BlueJ, an environment designed for supporting novice programmers just starting out with the Java programming language. The significant results of our work are two-fold. First, we have developed tools for visualising the process by which students write their programs. Using these tools, we can quickly obtain valuable information about their process, and use that information to inform further research regarding their behaviour, or apply it immediately in a classroom context to better support the struggling learner. Second, we have proposed a quantification of novice compilation behavior which we call the error quotient. Using this metric, we can determine how well (or poorly) a student fares with syntax errors while learning to program. This quantity, like our tools for visualisation, provides a powerful indicator for how much or little a student is struggling with the language while programming, and correlates significantly with traditional indicators for academic progress.",openalex,llm,0.870,unreviewed,
discarded,Example-Tracing Tutors: Intelligent Tutor Development for Non-programmers,Vincent Aleven; Bruce M. McLaren; Jonathan Sewall; Martin van Velsen; Octav Popescu; Sandra Demi; Michael Ringenberg; Kenneth R. Koedinger,2016,International Journal of Artificial Intelligence in Education,10.1007/s40593-015-0088-2,https://openalex.org/W2261910606,off-topic-false-hit,"In 2009, we reported on a new Intelligent Tutoring Systems (ITS) technology, example-tracing tutors, that can be built without programming using the Cognitive Tutor Authoring Tools (CTAT). Creating example-tracing tutors was shown to be 4–8 times as cost-effective as estimates for ITS development from the literature. Since 2009, CTAT and its associated learning management system, the Tutorshop, have been extended and have been used for both research and real-world instruction. As evidence that example-tracing tutors are an effective and mature ITS paradigm, CTAT-built tutors have been used by approximately 44,000 students and account for 40 % of the data sets in DataShop , a large open repository for educational technology data sets. We review 18 example-tracing tutors built since 2009, which have been shown to be effective in helping students learn in real educational settings, often with large pre/post effect sizes. These tutors support a variety of pedagogical approaches, beyond step-based problem solving, including collaborative learning, educational games, and guided invention activities. CTAT and other ITS authoring tools illustrate that non-programmer approaches to building ITS are viable and useful and will likely play a key role in making ITS widespread.",openalex,llm,0.990,unreviewed,
discarded,Identifying SQL Misconceptions of Novices: Findings from a Think-Aloud Study,Daphne Miedema; Efthimia Aivaloglou; George Fletcher,2021,,10.1145/3446871.3469759,https://openalex.org/W3193751197,adjacent-subtopic,"SQL is the most commonly taught database query language. While previous research has investigated the errors made by novices during SQL query formulation, the underlying causes for these errors have remained unexplored. Understanding the basic misconceptions held by novices which lead to these errors would help improve how we teach query languages to our students. In this paper we aim to identify the misconceptions that might be the causes of documented SQL errors that novices make. To this end, we conducted a qualitative think-aloud study to gather information on the thinking process of university students while solving query formulation problems. With the queries in hand, we analyzed the underlying causes for the errors made by our participants. In this paper we present the identified SQL misconceptions organized into four top-level categories: misconceptions based in previous course knowledge, generalization-based misconceptions, language-based misconceptions, and misconceptions due to an incomplete or incorrect mental model. A deep exploration of misconceptions can uncover gaps in instruction. By drawing attention to these, we aim to improve SQL education.",openalex,llm,0.900,unreviewed,
discarded,The effect of the flipped classroom approach to OpenCourseWare instruction on students’ self‐regulation,Jerry Chih‐Yuan Sun; Yuting Wu; W. Theodore Lee,2016,British Journal of Educational Technology,10.1111/bjet.12444,https://openalex.org/W2298604902,off-topic-false-hit,"Abstract The purpose of this study was to investigate the effect of the flipped classroom approach to OpenCourseWare instruction on students’ self‐regulation. OpenCourseWare was integrated into the flipped classroom model (experimental group) and distance learning (control group). Overall, 181 freshmen taking a physics course were allowed to choose their own class based on their preferred teaching method (experimental or control group). The findings indicated that there was no significant between‐group difference in terms of self‐regulation. However, when comparing the means for the six categories of self‐regulation, the results showed that the experimental group learners had significantly higher scores for the category of help‐seeking. The use of the flipped classroom model created a learning environment which prompted its learners to proactively seek external help. These learners were more aware of their need for external help in their studies and were able to identify the person/people who could solve their academic problems, while they were able to find the appropriate means to do so and actually obtain help. The results of this study can serve as a reference for future studies on the flipped classroom model and OpenCourseWare, as well as for teachers and researchers in related fields.",openalex,llm,1.000,unreviewed,
discarded,Tracing the effects of teacher inquiry on classroom practice,Bradley A. Ermeling,2009,Teaching and Teacher Education,10.1016/j.tate.2009.02.019,https://openalex.org/W2096672110,off-topic-false-hit,"Videotape and participant observation were used to document an American high school teacher workgroup's experience with collaborative teacher inquiry and to monitor changes in practice through two cycles of instructional planning, classroom implementation, and reflective analysis. Detectable changes in practice were observed, including a substantial improvement for two of the four teachers in fidelity of implementation of an instructional innovation. Results support claim that meaningful instructional changes are more likely when teachers work in job-alike teams, are led by trained leaders, use inquiry-focused protocols, and have stable settings in which to engage in the continuous improvement of instruction.",openalex,llm,1.000,unreviewed,
discarded,"Challenging feedback myths: Values, learner involvement and promoting effects beyond the immediate task",Elizabeth Molloy; Rola Ajjawi; Margaret Bearman; Christy Noble; Joy Rudland; Anna Ryan,2019,Medical Education,10.1111/medu.13802,https://openalex.org/W2972061519,off-topic-false-hit,"CONTEXT: Research suggests that feedback in the health professions is less useful than we would like. In this paper, we argue that feedback has become reliant on myths that perpetuate unproductive rituals. Feedback often resembles a discrete episode of an educator ""telling,"" rather than an active and iterative involvement of the learner in a future-facing process. With this orientation towards past events, it is not surprising that learners become defensive or disengaged when they are reminded of their deficits. METHODS: We tackle three myths of feedback: (a) feedback needs praise-criticism balancing rules; (b) feedback is a skill residing within the teacher; and (c) feedback is an input only. For each myth we provide a reframing with supporting examples from the literature. CONCLUSIONS: Equipping learners to engage in feedback processes may reduce the emotional burden on both parties, rendering techniques such as the feedback sandwich redundant. We also highlight the benefits for learners and teachers of conceptualising feedback as a relational activity, and of tracing the effects of information exchanges. These effects may be immediate or latent, and may manifest in different forms such as changes in learner evaluative judgement or professional identity.",openalex,llm,0.990,unreviewed,
