status,title,authors,year,venue,doi,url,tags,abstract,provider,decision_source,llm_confidence,llm_review_outcome,llm_change_direction
kept,Notional Machines: Hashing,Colleen M. Lewis; Janice L Pearce; Craig Miller; Johan Jeuring; Andrew Petersen,2024,OSF Preprints (OSF Preprints),,https://openalex.org/W7113578057,adjacent-subtopic,,openalex,llm,0.790,unreviewed,
kept,Lifecycle in CS1,Aamod Sane; Rustom Mody; Anuradha Laxminarayan; Jayaraman VK,2022,,10.1145/3502718.3524798,https://openalex.org/W4284883317,supports-claim,"In practice, programmers start with informal requirements proposed by a customer, make the requirements precise, and implement them in a program that meets the customers needs. It is difficult for a CS1 course to convey a sense of this journey to students, since they need to understand the notional machine, technological artifacts, and the informal to formal transition at the same time. In this paper we show how to sequence the teaching of programming ideas in such a way that in a short two-month course, novice students learn to develop simple programming projects from requirements in English to a working program. We start by showing that programs are an extension of school algebra using Pugofer, a pedagogical Haskell-like language. Then we present list comprehensions, which lets us create simple programs with lists and tuples as handy ""databases''. Next we teach requirements analysis for information processing situations such as library management, and create programs that represent domain concepts using data, and behaviors using functions and comprehensions. Students follow this process in their own projects. We end by teaching recursion, motivating it as a way to implement comprehensions. We have taught courses in this style three times; each time students have delivered projects as well as standard CS1 exams, and rated the course highly. It has been easy to move to imperative programming in later courses. We believe that our approach can be readily replicated, giving students the benefit of experiencing key elements of the software lifecycle early in their CS education.",openalex,llm,0.920,unreviewed,
kept,Overcoming the sign naturalization in learning programming and working in information systems,A.I. Fedoseev,2025,Cultural-Historical Psychology,10.17759/chp.2025210406,https://openalex.org/W7124303678,adjacent-subtopic,"Context and relevance. The constructionist approach proposed by S. Papert is currently dominant in teaching students programming, including implemented in educational environments such as Scratch and LEGO Mindstorms. This corresponds to the evolution of digital human-machine systems, which, along with their popularity and focus on untrained users, implement trial and error as a leading method and are not aimed at student development. Objective. The goal is to consider the phenomenon of sign naturalization in learning programming. Hypothesis. An approach to overcoming the phenomenon of sign naturalization involves solving practical problems while modeling the original relations of the mastered computational system based on a specific programming language. Methods and materials. This theoretical study is based on the principles of cognitive and activity-based approach, thinking and the ideas of developmental education by V.V. Davydov, V.V. Rubtsov, and Y.V. Gromyko. The article examines the history of the issue and modern scientific ideas about overcoming sign naturalization when working within information systems, including the organization of modeling activities based on game- and educational-based situations using modern cyber-physical systems and environments. Results. The subject of modeling is the relationship of a notional machine to a programmable, regulated system of automated material processes in various practical contexts. Conclusions. The approach considered in the study being researched and implemented in the educational process makes it possible to build an alternative environment for the development of students' thinking when working in digital environments and learning programming.",openalex,llm,0.770,unreviewed,
discarded,Cognitive Complexity of Comprehending Computer Programs,Rodrigo Duran,2020,Aaltodoc (Aalto University),,https://openalex.org/W3040764273,adjacent-subtopic,"Instructional designers must consider learners' learning trajectories and design tasks that are neither too hard nor too easy for them, sequencing tasks from less to more complex ones. Most efforts in programming assessment have been directed to code writing. However, programming is a multi-faceted skill, including precursory skills such as the comprehension of programs, which recent studies suggest having many interacting elements. An essential part of assessment is characterization of what makes a program unique and how to estimate learner's previous knowledge. When programs are different enough, instructors can intuitively compare the effort demanded of the learners. However, when the difference is subtle, instructors struggle to evaluate program's cognitive demands. Complexity is the metric used to describe the cognitive demands of a task. While research of computational and software engineering metrics of complexity are well-established, little research has been devoted to evaluating the complexity of comprehending programs from learners' perspective. In general, the taxonomies used by Computing Education to evaluate complexity do not evaluate the core content used in programming tasks. While subjective evaluations of difficulty proved to be useful in empirical evaluations, researchers have advocated for a complementary \emph{a priori} analytical metric of complexity to support instructional design. To alleviate such gaps, we seek to develop and present the necessary toolset to define and evaluate the cognitive complexity of comprehending computer programs. We introduce a novel conceptualization, the Rules of Program Behavior, which augment previous notional machine research and offer guidelines to communicate semantics instruction among practitioners and set the expectations of possible learners' mental models. We designed and partially validated a self-evaluation instrument to assess prior programming knowledge, inspired by frameworks successfully used in linguistics. These tools serve as input to our theoretical framework of cognitive complexity, which is based on educational psychology theories. The framework analyzes the cognitive elements present in a given program, and the way these elements are intertwined, extracting measurable aspects of complexity. Finally, we investigated instructors' perspectives of program comprehension and presented activities to foster program comprehension and how such activities could be sequenced to create learning trajectories. Our framework and tools laid the foundation to evaluate the cognitive complexity of program comprehension. We expect that the results of this thesis could support the design of assessment instruments, curricula, and programming languages. Our work particularly fits frameworks that holistically integrate skills and knowledge using authentic tasks while keeping learners' cognitive load in check. We believe that our results can be adapted to other aspects of programming and could help researchers to generate and test hypotheses related to program comprehension.",openalex,llm,0.710,unreviewed,
kept,An Iterative Development Pattern to Learn Notional Machine and Programming Practices,Charles Boisvert,2021,SHURA (Sheffield Hallam University Research Archive) (Sheffield Hallam University),,https://openalex.org/W3192175798,adjacent-subtopic,,openalex,llm,0.780,unreviewed,
kept,Investigating the Utility of Notional Machine Instruction in an Introductory Programming Lesson,Veronica Chiarelli,2022,,10.22215/etd/2022-15278,https://openalex.org/W4311681237,supports-claim,"Learning to program involves understanding how the computer executes programs. Code tracing is a simulation of the steps the computer takes to execute a program. The notional machine is an abstract representation of this process. Students form mental models of the notional machine when learning to code trace, but these mental models can be inaccurate or contain misconceptions. We experimentally investigated the effect on learning of using an explicit notional machine or not in a code-tracing lesson for novice programmers (N = 48). We created two versions of a tutoring system, one with a notional machine and one without, using the Cognitive Tutor Authoring Tools framework. The tutors included video lessons and self-explanation prompts to encourage participant engagement. We measured learning as the difference in scores from pretest to posttest, adjusted by prior knowledge. Learning increased overall, but there was no significant difference in learning between groups.",openalex,llm,0.950,unreviewed,
discarded,Eye Movements in Code Reading: Relaxing the Linear Order,Teresa Busjahn; Roman Bednarik; Andrew Begel; Martha E. Crosby; James H. Paterson; Carsten Schulte; Bonita Sharif; Sascha Tamm,2015,,10.1109/icpc.2015.36,https://openalex.org/W4214843451,adjacent-subtopic,"Code reading is an important skill in programming. Inspired by the linearity that people exhibit while natural language text reading, we designed local and global gaze-based measures to characterize linearity (left-to-right and top-to-bottom) in reading source code. Unlike natural language text, source code is executable and requires a specific reading approach. To validate these measures, we compared the eye movements of novice and expert programmers who were asked to read and comprehend short snippets of natural language text and Java programs. Our results show that novices read source code less linearly than natural language text. Moreover, experts read code less linearly than novices. These findings indicate that there are specific differences between reading natural language and source code, and suggest that non-linear reading skills increase with expertise. We discuss the implications for practitioners and educators.",openalex,llm,0.900,unreviewed,
discarded,My AI Wants to Know if This Will Be on the Exam: Testing OpenAI’s Codex on CS2 Programming Exercises,James Finnie-Ansley; Paul Denny; Andrew Luxton-Reilly; Eddie Antonio Santos; James Prather; Brett A. Becker,2023,,10.1145/3576123.3576134,https://openalex.org/W4317502110,adjacent-subtopic,"The introduction of OpenAI Codex sparked a surge of interest in the impact of generative AI models on computing education practices. Codex is also the underlying model for GitHub Copilot, a plugin which makes AI-generated code accessible to students through auto-completion in popular code editors. Research in this area, particularly on the educational implications, is nascent and has focused almost exclusively on introductory programming (or CS1) questions. Very recent work has shown that Codex performs considerably better on typical CS1 exam questions than most students. It is not clear, however, what Codex’s limits are with regard to more complex programming assignments and exams. In this paper, we present results detailing how Codex performs on more advanced CS2 (data structures and algorithms) exam questions taken from past exams. We compare these results to those of students who took the same exams under normal conditions, demonstrating that Codex outscores most students. We consider the implications of such tools for the future of undergraduate computing education.",openalex,llm,0.950,unreviewed,
kept,Factors Contributing to the Difficulties in Teaching and Learning of Computer Programming: A Literature Review,Chin Soon Cheah,2020,Contemporary Educational Technology,10.30935/cedtech/8247,https://openalex.org/W3021341584,supports-claim,"This paper reviews the literature relating to the factors that contribute to the difficulties in learning of computer programming. Programming has been a difficult subject to learn and master even at the early stage of education. It has been a global problem and continues to worsen at the local level. Although, there are many education tools available to complement the teaching and learning of computer programming. The problem persists until present day. Even at the initial stage of computer introduction courses, there were high failure rates and high drop out. One of the rationalism behind this scenario is from the students’ lack of problem solving abilities. However, the problem does not only lie within the students’ level of efficacy. It involves the effective use of teaching and learning material as well. Therefore, the focus of this review is on the factors concerning the students learning method and the effectiveness of the teaching material. Based on plethora of literature review, it is vital that these two aspects need to be consider simultaneously to overcome the difficulties of learning computer programming. A much more comprehensive, effective and universal teaching and learning tools need to be design to address the severity of this problem.",openalex,llm,0.900,unreviewed,
discarded,"Supplementary material for ""Conceptualizing Database Systems in CS Education: An UpdatedView on Notional Machines""","Miedema, Daphne; Haldeman, Georgiana; Goodfellow, Martin; Satyavolu, Chandrika",2025,Figshare,10.6084/m9.figshare.30541409,https://openalex.org/W7105982934,adjacent-subtopic,"This is supplementary material for the paper ""Conceptualizing Database Systems in CS Education: An Updated View on Notional Machines""",openalex,llm,0.840,unreviewed,
discarded,"Supplementary material for ""Conceptualizing Database Systems in CS Education: An UpdatedView on Notional Machines""","Miedema, Daphne; Haldeman, Georgiana; Goodfellow, Martin; Satyavolu, Chandrika",2025,Figshare,10.6084/m9.figshare.30541409.v1,https://openalex.org/W7106006271,adjacent-subtopic,"This is supplementary material for the paper ""Conceptualizing Database Systems in CS Education: An Updated View on Notional Machines""",openalex,llm,0.840,unreviewed,
kept,Explanations of data systems concepts in CS education : an updated view on notional machines,Daphne Miedema; Martin Goodfellow; Chandrika Satyavolu; Georgiana Haldeman; Leonard Busuttil; Laura Farinetti; Giovanna Guerrini; Y Pan; Sujeeth Goud Ramagoni; Raja Sooriamurthi; Xiaoying Tu,2026,Strathprints: The University of Strathclyde institutional repository (University of Strathclyde),,https://openalex.org/W7139585594,adjacent-subtopic,"As data-driven fields such as machine learning, visualization, and data science continue to grow, a solid foundation in data systems has become increasingly important. However, research on how students learn concepts of data systems remains limited, particularly regarding the role of notional machines. In this working group report, we examined educational materials, such as textbooks, to collect and categorize notional machines used across database subtopics. Our analysis shows variation in how notional machines are employed: most are presented visually, many rely on prior CS or database knowledge, and a significant number are under-specified, posing risks for student misconceptions. By highlighting well-defined examples and common patterns, this report provides a pedagogical resource for educators, supports the development of clearer instructional materials, and lays the groundwork for theory-building in data systems education.",openalex,llm,0.920,unreviewed,
kept,"Le Notional machine per l'apprendimento della programmazione, anche nell'era dell'AI generativa",Michael Lodi; Simone Martini,2025,Archivio istituzionale della ricerca (Alma Mater Studiorum Università di Bologna),,https://openalex.org/W7112987672,supports-claim,"Imparare a programmare richiede di acquisire conoscenze di tipo sintattico, concettuale e strategico. La comprensione concettuale del comportamento dei programmi durante l’esecuzione è fondamentale per un apprendimento efficace. Questo tipo di conoscenza si basa sulla costruzione di modelli mentali adeguati. Gli insegnanti possono utilizzare una (o più) “notional machine”, strumenti pedagogici che in modo semplificato ma preciso spiegano il funzionamento della macchina che esegue un programma scritto in un certo linguaggio. In assenza di una formazione esplicita, gli studenti sviluppano spontaneamente tali modelli, rischiando però misconcezioni. Per favorire lo sviluppo di modelli mentali accurati, sono cruciali attività di visualizzazione dell’esecuzione del codice, che includono tecniche di tracciamento manuale e strumenti automatici, e attività di lettura e comprensione del codice. L’avvento di strumenti di intelligenza artificiale generativa capaci di scrivere codice rende ancor più urgente che gli studenti padroneggino una robusta conoscenza concettuale: solo così potranno valutare criticamente e comprendere i programmi generati automaticamente, individuandone limiti e potenzialità.",openalex,llm,0.880,unreviewed,
kept,Introductory programming: a systematic literature review,Andrew Luxton-Reilly; Simon; Ibrahim Albluwi; Brett A. Becker; Michail N. Giannakos; Amruth N. Kumar; Linda Ott; James H. Paterson; Michael Scott; Judy Sheard; Claudia Szabo,2018,,10.1145/3293881.3295779,https://openalex.org/W2910880405,systematic-review,"As computing becomes a mainstream discipline embedded in the school curriculum and acts as an enabler for an increasing range of academic disciplines in higher education, the literature on introductory programming is growing. Although there have been several reviews that focus on specific aspects of introductory programming, there has been no broad overview of the literature exploring recent trends across the breadth of introductory programming.",openalex,human,0.990,human,
discarded,Digital Competence and Computational Thinking of Student Teachers,Francesc M. Esteve‐Mon; M. Ángeles Llopis; Jordi Adell Segura,2020,International Journal of Emerging Technologies in Learning (iJET),10.3991/ijet.v15i02.11588,https://openalex.org/W3004292695,off-topic-false-hit,"Digital competence is one of the most demanded skills, and includes, among other aspects, the use of technological, informational, multimedia or communication skills and knowledge. In recent years, different institutions have included computational thinking among the different areas that make up this digital competence. However, there are few publications that deepen the relationship between computational thinking and digital competence. The present study analyzes the level of digital competence and computa-tional thinking of 248 Spanish university students, exploring the relation-ships between both abilities and the existing differences. According to the results, the majority of the students perceive themselves with a medium to a high level of digital competence, highlighting the multimedia and commu-nicative dimensions, as opposed to the more technological aspects. On the other hand, there is a correlation between computational thinking and digi-tal competence, especially with the communicative and technological areas. Likewise, the results indicate that women obtain lower results in their computational thinking and are perceived to be digitally less competent than men, especially in regard to the technological dimension. These results provide relevant information in terms of research and open the door to the development of training actions in student teachers to overcome the still-existing gender gaps.",openalex,llm,0.970,unreviewed,
discarded,Resetting educational technology coursework for pre-service teachers: A computational thinking approach to the development of technological pedagogical content knowledge (TPACK),Chrystalla Mouza; Hui Yang; Yi-Cheng Pan; Şule Yılmaz Özden; Lori Pollock,2017,Australasian Journal of Educational Technology,10.14742/ajet.3521,https://openalex.org/W2736778601,off-topic-false-hit,"This study presents the design of an educational technology course for pre-service teachers specific to incorporating computational thinking in K-8 classroom settings. Subsequently, it examines how participation in the course influences pre-service teachers' dispositions and knowledge of computational thinking concepts and the ways in which such knowledge can be combined with content and pedagogy to promote meaningful student outcomes. Data were collected from a self-reported survey and case reports focusing on the design, implementation, and outcomes of computational thinking related lessons in K-8 classrooms. Results indicated that the course positively influenced pre-service teachers’ knowledge of computational thinking concepts, tools, and practices. Yet, some participants demonstrated only surface understanding of computational thinking and were unable to design lessons that meaningfully integrated computational thinking concepts and tools with disciplinary content and pedagogy. Findings have implications for the design of teacher education experiences that help prepare pre-service teachers develop technological pedagogical content knowledge in relation to computational thinking concepts and practices.",openalex,llm,0.960,unreviewed,
