status,title,authors,year,venue,doi,url,tags,abstract,provider,decision_source,llm_confidence,llm_review_outcome,llm_change_direction
discarded,The Use of Worked Examples as a Substitute for Problem Solving in Learning Algebra,John Sweller; Graham Cooper,1985,Cognition and Instruction,10.1207/s1532690xci0201_3,https://openalex.org/W2046675442,adjacent-subtopic,"The knowledge required to solve algebra manipulation problems and procedures designed to hasten knowledge acquisition were studied in a series of five experiments. It was hypothesized that, as occurs in other domains, algebra problem-solving skill requires a large number of schemas and that schema acquisition is retarded by conventional problem-solving search techniques. Experiment 1, using Year 9, Year 11, and university mathematics students, found that the more experienced students had a better cognitive representation of algebraic equations than less experienced students as measured by their ability to (a) recall equations, and (b) distinguish between perceptually similar equations on the basis of solution mode. Experiments 2 through 5 studied the use of worked examples as a means of facilitating the acquisition of knowledge needed for effective problem solving. It was found that not only did worked examples, as expected, require considerably less time to process than conventional problems, but that subsequent problems similar to the initial ones also were solved more rapidly. Furthermore, decreased solution time was accompanied by a decrease in the number of mathematical errors. Both of these findings were specific to problems identical in structure to the initial ones. It was concluded that for novice problem solvers, general algebra rules are reflected in only a limited number of schemas. Abstraction of general rules from schemas may occur only with considerable practice and exposure to a wider range of schemas.",openalex,llm,0.950,unreviewed,
discarded,"Doing a Thematic Analysis: A Practical, Step-by-Step Guide for Learning and Teaching Scholars",Maguire and Delahunt,2017,Zenodo (CERN European Organization for Nuclear Research),10.5281/zenodo.5828313,https://openalex.org/W4302233387,off-topic-false-hit,"Data analysis is central to credible qualitative research. Indeed the qualitative researcher is often described as the research instrument insofar as his or her ability to understand, describe and interpret experiences and perceptions is key to uncovering meaning in particular circumstances and contexts. While much has been written about qualitative analysis from a theoretical perspective we noticed that often novice, and even more experienced researchers, grapple with the ‘how’ of qualitative analysis. Here we draw on Braun and Clarke’s (2006) framework and apply it in a systematic manner to describe and explain the process of analysis within the context of learning and teaching research. We illustrate the process using a worked example based on (with permission) a short extract from a focus group interview, conducted with undergraduate students.",openalex,llm,0.990,unreviewed,
discarded,Cognitive load theory in health professional education: design principles and strategies,Jeroen J G Van MerriÃ nboer; John Sweller,2009,Medical Education,10.1111/j.1365-2923.2009.03498.x,https://openalex.org/W1795004830,adjacent-subtopic,"CONTEXT: Cognitive load theory aims to develop instructional design guidelines based on a model of human cognitive architecture. The architecture assumes a limited working memory and an unlimited long-term memory holding cognitive schemas; expertise exclusively comes from knowledge stored as schemas in long-term memory. Learning is described as the construction and automation of such schemas. Three types of cognitive load are distinguished: intrinsic load is a direct function of the complexity of the performed task and the expertise of the learner; extraneous load is a result of superfluous processes that do not directly contribute to learning, and germane load is caused by learning processes that deal with intrinsic cognitive load. OBJECTIVES: This paper discusses design guidelines that will decrease extraneous load, manage intrinsic load and optimise germane load. DISCUSSION: Fifteen design guidelines are discussed. Extraneous load can be reduced by the use of goal-free tasks, worked examples and completion tasks, by integrating different sources of information, using multiple modalities, and by reducing redundancy. Intrinsic load can be managed by simple-to-complex ordering of learning tasks and working from low- to high-fidelity environments. Germane load can be optimised by increasing variability over tasks, applying contextual interference, and evoking self-explanation. The guidelines are also related to the expertise reversal effect, indicating that design guidelines for novice learners are different from guidelines for more experienced learners. Thus, well-designed instruction for novice learners is different from instruction for more experienced learners. Applications in health professional education and current research lines are discussed.",openalex,llm,0.940,unreviewed,
discarded,PHENIX : building new software for automated crystallographic structure determination,Paul D. Adams; Ralf W. Grosse‐Kunstleve; Li‐Wei Hung; Thomas R. Ioerger; Airlie J. McCoy; Nigel W. Moriarty; Randy J. Read; James C. Sacchettini; Nicholas K. Sauter; Thomas C. Terwilliger,2002,Acta Crystallographica Section D Biological Crystallography,10.1107/s0907444902016657,https://openalex.org/W2109184569,off-topic-false-hit,Structural genomics seeks to expand rapidly the number of protein structures in order to extract the maximum amount of information from genomic sequence databases. The advent of several large-scale projects worldwide leads to many new challenges in the field of crystallographic macromolecular structure determination. A novel software package called PHENIX (Python-based Hierarchical ENvironment for Integrated Xtallography) is therefore being developed. This new software will provide the necessary algorithms to proceed from reduced intensity data to a refined molecular model and to facilitate structure solution for both the novice and expert crystallographer.,openalex,llm,1.000,unreviewed,
discarded,Utility of a Deep-Learning Algorithm to Guide Novices to Acquire Echocardiograms for Limited Diagnostic Use,Akhil Narang; Richard Bae; Ha Hong; Yngvil Thomas; Samuel Surette; Charles F. Cadieu; Ali Chaudhry; Randolph P. Martin; Patrick M. McCarthy; David Rubenson; Steven A. Goldstein; Stephen H. Little; Roberto M. Lang; Neil J. Weissman; James D. Thomas,2021,JAMA Cardiology,10.1001/jamacardio.2021.0185,https://openalex.org/W3132346797,off-topic-false-hit,"Importance: Artificial intelligence (AI) has been applied to analysis of medical imaging in recent years, but AI to guide the acquisition of ultrasonography images is a novel area of investigation. A novel deep-learning (DL) algorithm, trained on more than 5 million examples of the outcome of ultrasonographic probe movement on image quality, can provide real-time prescriptive guidance for novice operators to obtain limited diagnostic transthoracic echocardiographic images. Objective: To test whether novice users could obtain 10-view transthoracic echocardiographic studies of diagnostic quality using this DL-based software. Design, Setting, and Participants: This prospective, multicenter diagnostic study was conducted in 2 academic hospitals. A cohort of 8 nurses who had not previously conducted echocardiograms was recruited and trained with AI. Each nurse scanned 30 patients aged at least 18 years who were scheduled to undergo a clinically indicated echocardiogram at Northwestern Memorial Hospital or Minneapolis Heart Institute between March and May 2019. These scans were compared with those of sonographers using the same echocardiographic hardware but without AI guidance. Interventions: Each patient underwent paired limited echocardiograms: one from a nurse without prior echocardiography experience using the DL algorithm and the other from a sonographer without the DL algorithm. Five level 3-trained echocardiographers independently and blindly evaluated each acquisition. Main Outcomes and Measures: Four primary end points were sequentially assessed: qualitative judgement about left ventricular size and function, right ventricular size, and the presence of a pericardial effusion. Secondary end points included 6 other clinical parameters and comparison of scans by nurses vs sonographers. Results: A total of 240 patients (mean [SD] age, 61 [16] years old; 139 men [57.9%]; 79 [32.9%] with body mass indexes >30) completed the study. Eight nurses each scanned 30 patients using the DL algorithm, producing studies judged to be of diagnostic quality for left ventricular size, function, and pericardial effusion in 237 of 240 cases (98.8%) and right ventricular size in 222 of 240 cases (92.5%). For the secondary end points, nurse and sonographer scans were not significantly different for most parameters. Conclusions and Relevance: This DL algorithm allows novices without experience in ultrasonography to obtain diagnostic transthoracic echocardiographic studies for evaluation of left ventricular size and function, right ventricular size, and presence of a nontrivial pericardial effusion, expanding the reach of echocardiography to clinical settings in which immediate interrogation of anatomy and cardiac function is needed and settings with limited resources.",openalex,llm,1.000,unreviewed,
discarded,Data processing and analysis with the autoPROC toolbox,Clemens Vonrhein; Claus Flensburg; Peter M. Keller; Andrew Sharff; Oliver S. Smart; W. A. Paciorek; Thomas Womack; G. Bricogne,2011,Acta Crystallographica Section D Biological Crystallography,10.1107/s0907444911007773,https://openalex.org/W2143660875,off-topic-false-hit,"A typical diffraction experiment will generate many images and data sets from different crystals in a very short time. This creates a challenge for the high-throughput operation of modern synchrotron beamlines as well as for the subsequent data processing. Novice users in particular may feel overwhelmed by the tables, plots and numbers that the different data-processing programs and software packages present to them. Here, some of the more common problems that a user has to deal with when processing a set of images that will finally make up a processed data set are shown, concentrating on difficulties that may often show up during the first steps along the path of turning the experiment (i.e. data collection) into a model (i.e. interpreted electron density). Difficulties such as unexpected crystal forms, issues in crystal handling and suboptimal choices of data-collection strategies can often be dealt with, or at least diagnosed, by analysing specific data characteristics during processing. In the end, one wants to distinguish problems over which one has no immediate control once the experiment is finished from problems that can be remedied a posteriori. A new software package, autoPROC, is also presented that combines third-party processing programs with new tools and an automated workflow script that is intended to provide users with both guidance and insight into the offline processing of data affected by the difficulties mentioned above, with particular emphasis on the automated treatment of multi-sweep data sets collected on multi-axis goniostats.",openalex,llm,1.000,unreviewed,
discarded,An Introduction to Statistical Learning,Gareth James; Daniela Witten; Trevor Hastie; Robert Tibshirani; Jonathan Taylor,2023,Springer texts in statistics,10.1007/978-3-031-38747-0,https://openalex.org/W4382677476,off-topic-false-hit,,openalex,llm,0.990,unreviewed,
