status,title,authors,year,venue,doi,url,tags,abstract,provider,decision_source,llm_confidence,llm_review_outcome,llm_change_direction
discarded,In search of integral knowledge: on the reception of A.F. Losev's philosophy abroad,"Zabelin, Kirill, V",2026,FILOSOFSKII ZHURNAL,10.21146/2072-0726-2026-19-2-180-195,https://www.webofscience.com/wos/woscc/full-record/WOS:001804900500013,off-topic-false-hit,"The article examines the reception of A.F. Losev's philosophical ideas by contemporary foreign scholars. It identifies a number of Losev's key concepts and philosophical moves that have attracted the most attention from researchers. It is demonstrated that the Russian philosopher is regarded by some Western scholars as a bearer and transmitter of the intuition of integral knowledge, while his philosophical project is interpreted as a logos in the ""Byzantine-Russian"" mode, gravitating toward All-Unity (vseedinstvo) and thus potentially appealing to adherents of the ""classical Western logos"", which exhibits a number of epistemologically significant deficiencies. From this perspective, Losev's philosophical program is read by some researchers as a kind of ""critique of abstract principles"" which safeguards knowledge from fragmentation by the discursive practices of exclusion. The author traces how this intuition is transformed into methodological, epistemological, communicative, and historico-philosophical inquiries within contemporary research projects. It is argued that the instrumentalization of Losev's ideas in the analyzed works aligns with the philosopher's own intrinsic orientation.",wos,llm,1.000,unreviewed,
kept,LACHT: An LLM-Aligned Cross-Hyperedge Tracer for Personalized Learning Path Planning in Programming,"Zhang, Junfeng; Tang, Jiuyang; Sheng, Yaqing; Liao, Jinzhi; Zhao, Xiang",2026,"DATABASE SYSTEMS FOR ADVANCED APPLICATIONS, DASFAA 2026, PT V",10.1007/978-981-92-0375-8_12,https://www.webofscience.com/wos/woscc/full-record/WOS:001794582000012,adjacent-subtopic,"Effective personalized programming education requires accurate assessment of a learners knowledge state to recommend optimal learning paths. However, traditional Knowledge Tracing (KT) models are ill-equipped to handle the intricate structural and semantic complexities of computer code. This limitation undermines existing Personalized Learning Path Planning (PLPP) frameworks, which depend on precise knowledge assessments and are further constrained by predefined knowledge structures (e.g., concept prerequisite graph). To address these challenges, we introduce an LLM-Aligned Cross-Hyperedge Tracer (LACHT), a novel framework that unifies KT and PLPP. LACHT models a learners code submissions as hypergraphs derived from Control Flow Graphs (CFGs), where each hyperedge encapsulates a distinct logical unit. A temporal tracing mechanism then monitors the evolution of these hypergraphs, weighting them by student performance to identify and select a set of key hyperedges that represent the learners most critical knowledge gaps. By pre-aligning hyperedge representations with an LLMs semantic space, we enable the LLM to understand the knowledge concepts embedded within them. This allows the LLM to generate a pedagogically sound, personalized learning path based on the representations of the selected key hyperedges, critically eliminating the need for a predefined knowledge structure. Extensive experiments demonstrate that LACHT significantly outperforms state-of-the-art baselines in both knowledge tracing accuracy and the quality of generated learning paths.",wos,llm,0.730,unreviewed,
kept,From prompts to programmes: natural language programming as a metacognitive scaffold for GenAI-assisted problem solving,"Adorni, Giovanni E.; Grosso, Daniele",2026,DIGITAL LIBRARY PERSPECTIVES,10.1108/DLP-01-2026-0026,https://www.webofscience.com/wos/woscc/full-record/WOS:001810061500001,supports-claim,"Purpose Generative artificial intelligence (GenAI) can support programming education but may also encourage cognitive offloading when learners request complete solutions instead of developing problem-solving competence. This paper aims to frame natural language programming (NLPg) as a metacognitive scaffold prioritising problem framing, decomposition and verification over answer production. The contribution is primarily pedagogical, positioning NLPg as a competence-oriented practice for human-centred AI-supported learning in digital and cyber humanities contexts.Design/methodology/approach The study reports an exploratory pilot in a master's digital humanities course. Thirteen student prompt logs (439 prompts) were analysed using cue dictionaries and three trace-based indicators capturing metacognitive regulation, delegation versus co-reasoning and decomposition with explicit validation. Trace data were complemented by rubric-based outcomes from oral project defences.Findings Prompt logs reveal a characteristic ""build-and-check"" pattern: planning and monitoring cues are frequent, while reflection is the least stable NLPg component. Rubric evidence shows weaker evaluation in the baseline cohort and higher scores for framing, decomposition and validation in the GenAI-enabled cohort despite increased task complexity.Research limitations/implications The study is exploratory and context-specific; findings rely on a small cohort and do not support causal claims, calling instead for longitudinal and cross-institutional validation.Practical implications Assessment in AI-rich learning environments should prioritise traceable reasoning through specifications, decomposition artefacts, validation evidence and brief reflection notes.Social implications Competence-oriented NLPg can strengthen learner agency and reflective engagement in AI-mediated learning and knowledge environments.Originality/value The study links NLPg routines, competence frameworks and trace-based evidence to support competence-oriented GenAI pedagogy aligned with DigComp 3.0 and emerging cyber humanities perspectives.",wos,llm,0.840,unreviewed,
discarded,Architectural Interoperability in Industrial Automation: Toward Software-Defined Systems,"Mossin, Eduardo Andre; Pantoni, Rodrigo Palucci; Turcato, Afonso Celso",2026,IEEE ACCESS,10.1109/ACCESS.2026.3707337,https://www.webofscience.com/wos/woscc/full-record/WOS:001808854000006,adjacent-subtopic,"This paper presents a structured survey of the historical evolution of interoperability standards in industrial automation, examining how successive advances in control, programming, communication, cybersecurity, and execution infrastructures reshaped architectural design principles. The analysis traces the trajectory from pneumatic and hydraulic systems to relay logic, analog current-loop instrumentation, programmable logic controllers, digital fieldbuses, Industrial Ethernet, wireless networks, and interoperability middleware, emphasizing how each generation introduced standardization mechanisms to reduce fragmentation and vendor dependency. Particular attention is given to standardized controller programming, hybrid analog-digital communication, fieldbus technologies, and platform-independent semantic middleware, highlighting their contributions and persistent limitations regarding semantic consistency, execution portability, cybersecurity assurance, and lifecycle governance. The paper further analyzes the convergence between operational technology and information technology, showing how virtualization, containerization, and distributed execution environments support the emergence of software-defined industrial automation as a programmable and modular paradigm. It also discusses the main engineering challenges for practical deployment, including deterministic execution, orchestration reliability, functional safety, cybersecurity governance, runtime validation, and integration with legacy infrastructures. Within this historical continuum, the Open Process Automation Standard is examined as a system-level architectural response that combines deterministic networking, semantic information modeling, standardized function block execution, containerized infrastructures, and conformance-driven governance into a unified vendor-neutral framework. The discussion also considers practical evidence from proof-of-concept systems, prototype implementations, user-defined function block developments, and reported industrial deployment initiatives. The survey argues that industrial automation has evolved from communication interoperability toward software-defined, execution-portable, lifecycle-managed, and architecture-governed industrial systems.",wos,llm,0.870,unreviewed,
discarded,"Seeing Like an Ecology: Project Ecologies as Prism, Practice, and Provocation","Grabher, Gernot",2026,PROJECT MANAGEMENT JOURNAL,10.1177/87569728261452960,https://www.webofscience.com/wos/woscc/full-record/WOS:001808289800001,off-topic-false-hit,"This article traces the genealogy, architecture, and afterlife of the concept of project ecologies. Originating from an extended immersion into London's Soho advertising industry, the concept proposed a six-layer architecture-team, firm, epistemic collective, personal network, locality, and institution-to capture how temporary projects are embedded in, and recursively reshape, more durable relational configurations. The article reconstructs the intellectual tributaries that fed the concept (heterarchy, temporary organizing, the knowledge economy, the new spirit of capitalism); maps its subsequent diffusion across creative industries, megaprojects, urban development, and infrastructure delivery; and tracks how recent scholarship has advanced-and complicated-its constitutive dimensions along what are here termed the 4 + 2 Ts: time, task, team, transition plus territory and things. In a concluding act of retrospective candor, six limitations-typological drift, empirical reach, boundary delineation, power asymmetries, normative undertone, and conceptual overlaps-are diagnosed and paired with concrete research directions that aspire to convert a capacious but underdetermined trading zone into a proper research program.",wos,llm,0.990,unreviewed,
discarded,Systematic review of Science teacher education and giftedness,"Santos, Leonora A.; Nobrega, Lorrana N. N.; Benite, Claudio R. M.",2026,ALTERIDAD-REVISTA DE EDUCACION,10.17163/alt.v21n1.2026.04,https://www.webofscience.com/wos/woscc/full-record/WOS:001808595800004,off-topic-false-hit,"This study conducted a systematic review of the national literature published between 2019 and 2024, with the aim of mapping and analyzing the education of Science teachers (Biology, Chemistry, and Physics) at the interface with Special Education, focusing on students with High Abilities/Giftedness. The analysis of 18 selected studies revealed four main thematic categories: initial teacher education curricula; teachers' conceptions regarding this specificity; pedagogical strategies and resources aimed at this population; and professional development actions in Science from an inclusive perspective. The results point to persistent gaps in teacher education, particularly in Physics, as well as misconceptions about giftedness, an uneven distribution of scientific production across the country, and a concentration of research within Graduate Programs. Despite these limitations, innovative initiatives stand out, such as inquiry-based experimentation, the STEAM approach, remote mentoring, gamification, and the use of active methodologies, which contribute to the recognition and development of these students' potential. It is concluded that initial and continuing education of Science teachers, articulated with Special Education, is essential for consolidating inclusive and equitable pedagogical practices; however, it is necessary to establish parameters for monitoring and evaluating the impact of these educational initiatives in Brazilian public Basic Education classrooms.",wos,llm,0.990,unreviewed,
discarded,Chemical and ecological efficacy of a full-scale acid mine drainage passive treatment plant,"Bonnail, Estefania; Basallote, M. Dolores; Cruces, Edgardo; Macias, Francisco; Osta, Victoria; Sarmiento, Aguasanta Miguel; Nieto, Jose Miguel; Vera, Sebastian; DelValls, T. Angel",2026,ENVIRONMENTAL GEOCHEMISTRY AND HEALTH,10.1007/s10653-026-03296-4,https://www.webofscience.com/wos/woscc/full-record/WOS:001804672200001,off-topic-false-hit,"The discharge of acid mine drainage (AMD) from abandoned mining sites remains a major cause of water quality degradation, particularly in mine-affected regions such as the Iberian Pyrite Belt. The effectiveness of a full-scale passive treatment plant employing the Dispersed Alkaline Substrate (DAS) technology was assessed through a combined chemical and biological monitoring program at the Esperanza Mine (SW Spain). Water samples were collected at an abandoned mine shaft, at the output of the treatment plant as well as at the discharge point into the receiving river. Physicochemical analyses revealed the DAS system successfully neutralized acidity, reduced electrical conductivity, and substantially lowered the concentrations of dissolved and bioavailable metals, including Fe, Zn, and Cu. Acute toxicity tests conducted with a range species (Vibrio fischeri, Raphidocelis subcapitata, Lemna minor, Artemia sp., Corbicula fluminea, and Gambusia holbrooki) showed a clear improvement in organism survival and physiological responses post-treatment. In addition, passive samplers settled in test samples to determine metal availability showed good performance for most elements (especially for Cu), but some limitation with the very acidic pH test samples. Multivariate statistical analyses distinguished acidity and metal load as the primary drivers of toxicity, both effectively mitigated after the DAS treatment. Although treated waters approached the quality of natural reference sites, residual sublethal effects suggest the need for continued ecological monitoring. These findings demonstrate the potential of DAS-based passive treatments to restore chemical and ecological conditions in AMD-impacted systems and contribute to broader environmental objectives, including compliance with the European Water Framework Directive.",wos,llm,1.000,unreviewed,
discarded,TRAGIC: Test Oracle Generation for ISA Compliance Testing via Large Language Model,"Xu, Zhihao; Li, Bixin; Du, Xiaoning; Wang, Lulu; Liao, Li; Zhou, Ying",2026,IEEE TRANSACTIONS ON COMPUTER-AIDED DESIGN OF INTEGRATED CIRCUITS AND SYSTEMS,10.1109/TCAD.2025.3632771,https://www.webofscience.com/wos/woscc/full-record/WOS:001797724200012,adjacent-subtopic,"Reduced instruction set computing - five (RISC-V) is one of the latest instruction set architectures (ISAs). It features an extremely modular and extensible design that makes it suitable for a variety of applications, from embedded systems to large computing systems. However, its inherent customizability and open nature also present challenges in terms of compliance and standardization. Traditionally, the validation relies on Spike as the reference simulator to generate compliance test oracles. Nevertheless, research has demonstrated that Spike may contain bugs, which may compromise the reliability of the generated test oracles. Therefore, developing new cross-validation methods has become increasingly important. To address this challenge, we propose test oracle generation for ISA compliance (TRAGIC), a method for generating compliance test oracles for RISC-V compliance testing based on large language models (LLMs). Different from traditional software testing, ISA compliance testing demands a finer-grained multidimensional test oracle, including not only the program outputs but also the detailed program states, such as key registers and memory addresses. Furthermore, long instruction sequences frequently exceed the context limitations of LLMs, and direct reasoning under such conditions leads to a notable degradation in accuracy. Therefore, TRAGIC employs a hierarchical strategy with two key components. First, the block segmentation component (BSC) decomposes complex test cases into manageable subtasks by analyzing the control flow and applying block slicing techniques. The segmentation both preserves the original program semantics and reduces the reasoning context, thereby enhancing inference accuracy. Second, the graph of inference component (GIC) performs structured reasoning on these subtasks using explicitly designed chain-of-thought (CoT) prompts. We utilize LLM to dynamically infer the output of each subtask and determine the next block to execute, continuing this iterative process until the entire task is completed. Meanwhile, key register and memory address tables are maintained and integrated into the final test oracle. By combining the BSC and the GIC, TRAGIC effectively mitigates the accuracy loss associated with long context information and enhances the accuracy of test oracle generation. TRAGIC passes the evaluation on the official RISC-V compliance test suite with manually written test cases. Furthermore, we also show that when integrated with automated test generation tools, our method found six bugs, 2 of which were previously unknown.",wos,llm,0.860,unreviewed,
discarded,Cancer Stem Cells as Dynamic Attractor States: Systems Biology of Tumor Plasticity and Therapy Resistance,"Aryal, Mahendra",2026,STEM CELLS AND DEVELOPMENT,10.1177/15473287261458681,https://www.webofscience.com/wos/woscc/full-record/WOS:001799798600001,off-topic-false-hit,"The cancer stem cell (CSC) paradigm has evolved from a rigid hierarchical model to a systems-level perspective in which stemness is a reversible and context-dependent phenotype. Evidence from lineage tracing and single-cell/spatial multiomics indicates that tumor cells occupy continuously evolving phenotypic states governed by complex gene regulatory networks. Within this landscape, CSCs can be interpreted as metastable attractors maintained through coupled signaling, epigenetic, metabolic, transcriptional, and microenvironmental interactions. Tumor heterogeneity and therapeutic resistance emerge through phenotypic reprogramming, regulatory network rewiring, and niche-dependent stabilization under environmental and therapeutic stress. This reframes resistance as an emergent property of tumor ecosystems, underscoring the limitations of targeting static CSC populations or single pathways. Therefore, durable therapeutic control will require network-oriented interventions capable of reshaping attractor topology and disrupting stemness-supportive microenvironments.",wos,llm,0.990,unreviewed,
discarded,RETHINKING THE EPISTEMOLOGICAL MYTHS OF DIGITAL HUMANITIES,"Numerico, Teresa",2026,IMPOSSIBILIA-REVISTA INTERNACIONAL DE ESTUDIOS LITERARIOS,10.30827/impossibilia.312026.34756,https://www.webofscience.com/wos/woscc/full-record/WOS:001787755200002,off-topic-false-hit,"This paper critiques persistent epistemological myths within Digital Humanities that risk undermining rigorous scholarly practice. It specifically challenges two fallacies: first, that quantitative scale serves as a self-evident hermeneutic parameter; and second, that digital data constitutes an objective representation of cultural artifacts. The analysis argues that the application of computational algorithms does not, in itself, enable the automation of textual comprehension and interpretation. To counter these misconceptions, we assert the necessity of grounding digital methodologies in explicit epistemological and political awareness. We propose that this imperative necessitates the launch of a dedicated Science and Technology Studies research program within Digital Humanities, fostering a critical framework for its tools, practices, and knowledge claims.",wos,llm,0.990,unreviewed,
discarded,Knowledge Hiding in Transactional Databases: A Focused Survey of Methods and Open Challenges,"Kotsiantis, Sotiris; Verykios, Vassilios S.",2026,APPLIED SCIENCES-BASEL,10.3390/app16115656,https://www.webofscience.com/wos/woscc/full-record/WOS:001789751900001,off-topic-false-hit,"Privacy-preserving data mining (PPDM) seeks to extract useful patterns from shared data without revealing sensitive information. Within PPDM, knowledge hiding-encompassing both association rule hiding (ARH) and frequent itemset hiding (FIH)-forms a coherent family of techniques that sanitize transactional databases before release. This focused survey synthesizes the main algorithmic paradigms for knowledge hiding (1999-2026), covering heuristic sanitization, border-based and exact optimization via integer linear programming, constraint-based and graph-based formulations, emerging learning-guided support mechanisms, and extensions to utility mining and non-relational structures. We use a PRISMA-style search and selection protocol to make the evidence base transparent and to mitigate selection bias. We trace the evolution from early disclosure-limitation heuristics to graph-guided and knowledge-graph approaches, and we treat deep-learning, GNN, and federated graph-learning work as adjacent tools that may support candidate selection, representation learning, or distributed deployment rather than as replacements for classical hiding validation. We identify persistent challenges around scalability, infeasibility in LP formulations, and evaluation standardization, and outline directions for future research. Unlike broader PPDM overviews, this review centers exclusively on transactional knowledge hiding. Beyond cataloging algorithms, it compares method families through their intervention mechanisms, side-effect profiles, scalability assumptions, and benchmark regimes, and it distills reporting recommendations for more reproducible empirical evaluation.",wos,llm,0.980,unreviewed,
