status,title,authors,year,venue,doi,url,tags,abstract,provider,decision_source,llm_confidence,llm_review_outcome,llm_change_direction
discarded,Investigating Difficulties and Decisions in Information Visualization Design,"Ferreira, Bruna Moraes; Bueno Rodrigues, Ariane Moraes; Junqueira Barbosa, Gabriel Diniz; Junqueira Barbosa, Simone Diniz",2024,"PROCEEDINGS OF THE 23RD BRAZILIAN SYMPOSIUM ON HUMAN FACTORS IN COMPUTING SYSTEMS, IHC 2024",10.1145/3702038.3702099,https://www.webofscience.com/wos/woscc/full-record/WOS:001594191100061,adjacent-subtopic,"Interpreting and creating data visualizations is an essential skill in the data-intensive age. Visualizations are a tool to extract and communicate information from data. However, people often need help in creating visualizations. Understanding the existing difficulties and investigating ways to improve data visualization design aims to empower novices' data exploration. This research focuses on investigating the visualization design process to identify aspects to support novices in information visualization design and education. We performed an in-depth empirical study with five practitioners in the software industry but novices in data visualization. The participants selected visualizations to answer six analytical questions. The creation process was conducted by a researcher and recorded by video. In total, the participants created 63 visualizations. We analyzed the videos and extracted the steps followed in this process. Also, two visualization experts inspected the content participants had created and identified problems in selecting the visualization type and designing the visualization. As a result, we identified difficulties in selecting appropriate visualizations, mapping data into visual variables correctly, and some issues used as the basis for decisions during the design process.",wos,llm,0.950,unreviewed,
discarded,Developing and evaluating the feasibility and usability of desktop simulator-based driver training for international college students seeking a US driver's license: a pilot study,"Zhang, Fangda; Kerwin, Thomas; Rundus, Christopher Robert Mitropoulos; Wrabel, Cameron; Kopelcheck, Alexandra; Yang, Jingzhen",2025,TRAFFIC INJURY PREVENTION,10.1080/15389588.2025.2579199,https://www.webofscience.com/wos/woscc/full-record/WOS:001620293400001,off-topic-false-hit,"ObjectiveInternational college students seeking their first US driver's license represent a potentially risky and yet understudied road user group. They are mostly not regulated by graduated driver licensing (GDL) laws, making them miss out on the safety benefits associated with the laws. Available resources for them to gain driver knowledge and accumulate driving experience before licensure also remain limited. Simulator-based training offers the potential to train young drivers and improve their safe driving. The objectives of this study were to 1) develop a desktop driving simulator-based driver training program prototype tailored to international older novice drivers seeking to obtain their first US driver's license; and 2) assess the feasibility and usability of the training.MethodsFollowing human-centered design principles, our research team composed of experts in human factors, driving simulator research, and injury prevention, first developed a driver training program prototype on a desktop simulator. After that we enrolled 8 international college students to trial the program prototype, surveyed and interviewed them about their experience and attitudes toward the training. We analyzed both qualitative and quantitative data collected from their simulated driving session, survey responses, and interviews to extract participants' experience with and subjective view of the feasibility and usability of desktop simulator-based training, as well as challenges and difficulties driving in the United States.ResultsMost participants found the desktop simulator-based training easy to use and helpful in training novice drivers. They also offered practical guidance on how it may be improved. Those who had not driven prior to the study appeared to have extra difficulties following the instructions and completing the training on the simulator as planned. Language barriers, unfamiliarity with US traffic rules, and difficulties finding licensed drivers to accompany them for the road test were identified as the top challenges in obtaining a driver's license in the United States.ConclusionsDesktop simulator-based driver training was perceived feasible, acceptable, and helpful to train international college students seeking their first US driver's license. Few participants struggled with simulator use due to language barriers and limited prior driving experience. Participants also highlighted key challenges faced in obtaining a US driver's license and adapting to US driving. This research is among the first to explore the use of desktop simulator-based novice driver training for this population, and offers a foundation for future development of relevant driver training programs. Our next steps will involve finalizing the development of the training program and empirically testing its effectiveness in improving the success in passing the road test and reducing post-licensure real-world risky driving behaviors.",wos,llm,0.990,unreviewed,
discarded,Encouraging voluntary driving practice among learner drivers aged 21-30 in Victoria: a randomised controlled trial of behavioural interventions,"Plant, Bernice; Tull, Fraser; Bartels, Juliet; Mestroni, Kim; Faulkner, Nick",2026,TRANSPORTATION RESEARCH PART A-POLICY AND PRACTICE,10.1016/j.tra.2025.104732,https://www.webofscience.com/wos/woscc/full-record/WOS:001618579300001,off-topic-false-hit,"This online randomised controlled trial explored the effects of two novel behavioural interventions and an active control condition on learner drivers' intentions to complete a minimum of 80 h of voluntary supervised driving practice (practice hours) before taking their driver licence test. The final sample of 658 learner drivers aged 21-30 years from Victoria (Australia) was randomly assigned to one of three online intervention conditions: a persuasive message (n = 247), a planning tool (n = 204), or a handbook (an active control condition) (n = 207). The persuasive message aimed to challenge the misconception that older learner drivers do not require extensive driving practice, while the planning tool supported learners in developing personalised plans for practice. The handbook was an existing educational resource, providing general information for learner drivers, including the benefits of practice hours. Primary outcome variables, measured before and after intervention exposure, included overall likelihood and overall attitude towards completing at least 80 h of supervised driving practice, as well as the total number of practice hours participants planned to complete and would be willing to undertake before sitting their driver licence test. Mixed ANOVAs indicated that the persuasive message significantly increased learners' overall likelihood and overall attitude, as well as their planned and willing hours. In contrast, the planning tool did not demonstrate significant improvements in the primary outcomes and was associated with higher rates of dropout from the study, suggesting limited acceptability. The handbook (control) reduced overall attitude towards completing 80 practice hours. Additional analyses revealed differences in perceived impact and information-seeking behaviour across intervention conditions, with the effects of the persuasive message and the planning tool (compared to the handbook) being mediated by self-efficacy beliefs rather than beliefs about consequences. The findings provide preliminary support for a persuasive message as a cost-effective and feasible intervention to promote voluntary supervised driving practice among learner drivers. Implementing such messages could enhance road safety by encouraging learners to accumulate adequate driving practice.",wos,llm,0.990,unreviewed,
discarded,FetalFlex: Anatomy-guided diffusion model for flexible control on fetal ultrasound image synthesis,"Duan, Yaofei; Tan, Tao; Zhu, Zhiyuan; Huang, Yuhao; Zhang, Yuanji; Gao, Rui; Pang, Patrick Cheong-Iao; Gao, Xinru; Tao, Guowei; Cong, Xiang; Li, Zhou; Liang, Lianying; He, Guangzhi; Yin, Linliang; Deng, Xuedong; Yang, Xin; Ni, Dong",2025,MEDICAL IMAGE ANALYSIS,10.1016/j.media.2025.103725,https://www.webofscience.com/wos/woscc/full-record/WOS:001584478900002,off-topic-false-hit,"Fetal ultrasound (US) examinations require the acquisition of multiple planes, each providing unique diagnostic information to evaluate fetal development and screening for congenital anomalies. However, obtaining a thorough, multi-plane annotated fetal US dataset remains challenging, particularly for rare or complex anomalies owing to their low incidence and numerous subtypes. This poses difficulties in training novice radiologists and developing robust AI models, especially for detecting abnormal fetuses. In this study, we introduce a Flexible Fetal US image generation framework (FetalFlex) to address these challenges, which leverages anatomical structures and multimodal information to enable controllable synthesis of fetal US images across diverse planes. Specifically, FetalFlex incorporates a pre-alignment module to enhance controllability and introduces a repaint strategy to ensure consistent texture and appearance. Moreover, a two-stage adaptive sampling strategy is developed to progressively refine image quality from coarse to fine levels. We believe that FetalFlex is the first method capable of generating both in-distribution normal and out-of-distribution abnormal fetal US images, without requiring any abnormal data. Experiments on multi-center datasets demonstrate that FetalFlex achieved state-of-the-art performance across multiple image quality metrics. Comprehensive reader studies further confirms the close alignment of the generated results with expert visual assessments and clinical-level fidelity. Furthermore, synthetic images by FetalFlex significantly improve the performance of six typical deep models in downstream classification and anomaly detection tasks. Lastly, FetalFlex's anatomy-level controllable generation offers a unique advantage for anomaly simulation and creating paired or counterfactual data at the pixel level. The demo is available at: https://dyf1023.github.io/FetalFlex/.",wos,llm,0.990,unreviewed,
discarded,Software Engineering Educational Experience in Building an Intelligent Tutoring System,"Fan, Zhiyu; Noller, Yannic; Dandekar, Ashish; Roychoudhury, Abhik",2025,"2025 IEEE/ACM 37TH INTERNATIONAL CONFERENCE ON SOFTWARE ENGINEERING EDUCATION AND TRAINING, CSEE&T",10.1109/CSEET66350.2025.00015,https://www.webofscience.com/wos/woscc/full-record/WOS:001556376200009,adjacent-subtopic,"The growing number of students enrolling in Computer Science (CS) programmes is pushing CS educators to their limits. This poses significant challenges to computing education, particularly the teaching of introductory programming and advanced software engineering (SE) courses. First-year programming courses often face overwhelming enrollments, including interdisciplinary students who are not CS majors. The high teacherto-student ratio makes it challenging to provide timely and highquality feedback. Meanwhile, software engineering education comes with inherent difficulties like acquiring industry partners and the dilemma that such software projects are often under or over-specified and one-time efforts within one team or one course. To address these challenges, we designed a novel foundational SE course. This SE course envisions building a full-fledged Intelligent Tutoring System (ITS) of Programming Assignments to provide automated, real-time feedback for novice students in programming courses over multiple years. Each year, SE students contribute to specific short-running SE projects that improve the existing ITS implementation, while at the same time, we can deploy the ITS for usage by students for learning programming. This project setup builds awareness among SE students about their contribution to a ""to-be-deployed"" software project. In this multi-year teaching effort, we have incrementally built an ITS that is now deployed in various programming courses. This paper discusses the Intelligent Tutoring System architecture, our teaching concept in the SE course, our experience with the built ITS, and our view of future computing education.",wos,llm,0.890,unreviewed,
discarded,Exploring the Concept of Goal-Oriented Human-Machine Interface Design in an Agricultural Use Case,"Wanta, Helge; Lorenz, Sebastian; Janssen, Ulrike",2025,"DIGITAL HUMAN MODELING AND APPLICATIONS IN HEALTH, SAFETY, ERGONOMICS AND RISK MANAGEMENT, DHM 2025, PT III",10.1007/978-3-031-93508-4_23,https://www.webofscience.com/wos/woscc/full-record/WOS:001542444400017,off-topic-false-hit,"The agricultural production industry faces a fundamental transformation towards highly automated machines and operation procedures. Introducing swarm-based robot systems for processes such as soil cultivation, sowing, and harvesting comes with new operation scenarios requiring operators to monitor several machines simultaneously. Conventional user interfaces may not be able to cope with the associated change in information and interaction requirements. However, a successful transformation towards such automation scenarios depends on a suitable interaction design that considers human factors such as situation awareness, trust, mental models, and workload. Through efficient navigation architectures or visualisation techniques, user interfaces can counter the impeding effects of humans being out-of-the-loop in multi-robot represent a promising approach to address these issues. Instead of function-based information presentation in conventional user interfaces, goal-oriented approaches highlight the role of machine functions and states in the context of higher-level performance goals. This approach provides opportunities to support operators in understanding the underlying relations between machine functions and their effects on goals such as production performance or efficiency. This article presents the development and evaluation of a goal-oriented user interface for monitoring and controlling highly automated combine harvesters. A hierarchical information visualisation summarised machine data into high-level performance indicators. This visualisation approach also enables operators to access information and control options at different levels of depth to facilitate their situation assessment efforts in continuous switching of loops in multi-robot monitoring. However, fundamentally changing visual and functional characteristics of user interfaces may contradict performance, as they require operators to adapt. A good fit to the operators' mental models of high-level processes is required to achieve acceptable levels of intuitiveness and acceptance. To evaluate this alternative approach to user interface design, we observed experienced and novice operators working with a functional and interactive prototype and measured perceived usefulness, usability and user experience.",wos,llm,0.970,unreviewed,
kept,Focus on Return: Terms Novices Use to Describe Functions in Java,"Esche, Svana",2025,"PROCEEDINGS OF THE 30TH ACM CONFERENCE ON INNOVATION AND TECHNOLOGY IN COMPUTER SCIENCE EDUCATION VOL 1, ITICSE 2025",10.1145/3724363.3729065,https://www.webofscience.com/wos/woscc/full-record/WOS:001539192600089,supports-claim,"Functions are both an important and a difficult fundamental concept in introductory programming. This is also true for one particular part of functions, namely the keyword 'return'. This work extended the research on this keyword, including the perspective of terms and explicit focus on misconceptions. We therefore investigated which terms novices typically use when describing code snippets of functions and which difficulties and misconceptions occur in these. We qualitatively analyzed more than 3,000 free-text responses from 617 undergraduate CS1 students using content analysis and thematic analysis. The keyword 'return' itself was rarely mentioned explicitly, unless a 'void' function made use of it. The aspect that the keyword 'return' ends the function was even less often explicitly mentioned. As a new misconception, some students stated that 'return' and 'void' are mutually exclusive. This study revealed overlap with established research as well as one new misconception and two variations of documented misconceptions.",wos,llm,0.990,unreviewed,
discarded,Generating Personalized Assignments with Students in the Loop,"Fayaz, Avid; Glassey, Richard; Baltatzis, Alexander",2025,"PROCEEDINGS OF THE 30TH ACM CONFERENCE ON INNOVATION AND TECHNOLOGY IN COMPUTER SCIENCE EDUCATION VOL 1, ITICSE 2025",10.1145/3724363.3729070,https://www.webofscience.com/wos/woscc/full-record/WOS:001539192600046,adjacent-subtopic,"We present a system that enables students to generate their own programming assignments that are both personalized to their interests and aligned with the course objectives. A group of twelve undergraduate students randomly selected from an introductory programming course (n approximate to 200) received training and access to the system for six weeks. Students were free to use the system to generate assignments or take regular assignments instead. Weekly student feedback was used to refine the system through three iterations, and a focus group with three students was held after the course to gather opinions on the experience. Our findings are complicated and cautionary: students appreciated generating their own personalized assignments with feedback on demand. However, the cognitive load of having to generate and decide which assignment to complete, along with the variation of difficulty and alignment with learning objectives were noted as problematic and discouraging. Perhaps the most negative but heartwarming result is that students missed the community aspect of independently solving and collectively discussing solutions to a common assignment.",wos,llm,0.860,unreviewed,
discarded,Generative AI in Introductory Programming Instruction Examining the Assistance Dilemma with LLM-Based Code Generators,"Poitras, Eric; Crane, Brent; Siegel, Angela",2024,"PROCEEDINGS OF THE 2024 ACM VIRTUAL GLOBAL COMPUTING EDUCATION CONFERENCE V.1, SIGCSE VIRTUAL 2024",10.1145/3649165.3690111,https://www.webofscience.com/wos/woscc/full-record/WOS:001472310000030,adjacent-subtopic,"Problem decomposition is an important skill in programming, allowing learners to break down complex tasks into manageable subgoals. However, translating these subgoals into executable code poses a significant challenge for novice programmers. In this study conducted in an introductory programming course, learners received instruction in stepwise refinement and integration of AI-generated code within their assignments. Throughout the course, learners were permitted to rely on AI code generators, following opportunities to receive feedback on their ability to read and write code without AI assistance.

Our findings show that learners frequently relied on AI-generated code when working on assignments outside the classroom, but that the frequency of reliance varied from one assignment to another. The reliance on AI-generated code was not correlated with the learners' year in their degree, nor whether they were enrolled in a CS degree or not. Instead, it was associated with their prior knowledge, as learners who were less proficient in reading and writing code were more likely to seek AI assistance.

AI tools were primarily used to translate subgoals into code, fix errors, and explain algorithmic concepts. Few learners encountered difficulties in understanding or integrating AI generated code into their solutions. Overall, learner performance in meeting assignment requirements was relatively high, regardless of their prior knowledge or reliance on AI code generators. We conclude that leveraging the capabilities of generative AI can effectively bridge the gap between problem-solving and implementation, enabling learners to engage in skills that might otherwise be beyond their reach.",wos,llm,0.800,unreviewed,
