status,title,authors,year,venue,doi,url,tags,abstract,provider,decision_source,llm_confidence,llm_review_outcome,llm_change_direction
discarded,WIP: Coding Neurodivergent - a Systematic Literature Review,Veronica Bramlett; Davis Flanders; Anna Manley,2025,2025 IEEE Frontiers in Education Conference (FIE),10.1109/FIE63693.2025.11328261,https://ieeexplore.ieee.org/document/11328261/,adjacent-subtopic,"This work-in-process innovative practice paper on nontraditional students provides a look at neurodivergent individuals learning coding, specifically Python, and the struggles and benefits that come from the way their brains are wired. There have been multiple studies done on what programming language is best to start with, and many have selected Python as their selection as a programming language for beginners. One area that has not been widely studied is the learning of Python, or coding in general, by neurodivergent populations. This includes the benefits a neurodivergent learner may glean from learning Python as well as the challenges they may encounter - anything which makes their experience different from that of a neurotypical Python beginner. Resources were pulled together on neurodivergence, focusing on attention deficit hyperactivity disorder (ADHD) and autism spectrum disorder (ASD), Python as a beginner language, and how it may uniquely benefit or challenge those who are ADHD, autistic, or both. For this literature review, outcomes for which data was sought included cognitive challenges neurodivergent individuals may face, ways in which the neurodivergent brain may be wellsuited to learn Python, and ways in which neurodivergent populations may benefit from learning Python. Python's unique attributes, including its simplicity, readability, and structured environment, make it an effective tool for neurodivergent learners. Future research should aim to expand the body of knowledge by conducting empirical studies that directly investigate the experiences of neurodivergent learners.",ieee,llm,0.980,unreviewed,
kept,CT4All: Enhancing Computational Thinking Skills in Adolescents with Autism Spectrum Disorders,Roberto Munoz; Thiago Schumacher Barcelos; Rodolfo Villarroel,2018,IEEE Latin America Transactions,10.1109/TLA.2018.8358673,https://ieeexplore.ieee.org/document/8358673/,supports-claim,"Computational Thinking (CT) has been identified in the last few years as a fundamental skill that should be developed by all people. This has motivated multiple initiatives, whether governmental, through organizations, or by individuals. However, upon realizing a literature review, to the best of our knowledge no initiatives that include minority groups such as those within the Autism Spectrum Disorder (ASD) were proposed. Furthermore, in this context there are no guidelines to orientate the creation of didactic activities that will bring about the benefits of CT. Due to the aforementioned information, in this article we present the definition of a collection of guidelines for the construction of didactic activities (CT4AII) that aim to promote Computational Thinking in adolescents with ASD through the construction of digital games. The proposed guidelines were instantiated in a Digital Games Programming Workshop with Scratch. The workshop was offered to four adolescents with ASD, obtaining the development of high-level CT skills and stimulating interpersonal skills that are diminished in this public. Furthermore, a posttest was executed 5 months later, with the objective of determining if the developed skills had been maintained over time. The results evidenced that the skills were in fact maintained in a sustained manner, demonstrating promising results.",ieee,llm,0.760,unreviewed,
discarded,Empirical Evidence of the Usage of Programming Languages in the Educational Process,Mariuxi Vinueza-Morales; Diana Borrego; José A. Galindo; David Benavides,2021,IEEE Transactions on Education,10.1109/TE.2020.3030588,https://ieeexplore.ieee.org/document/9249431/,adjacent-subtopic,"Contribution: A systematic literature review on the empirical evidence regarding the usage of programming languages for learning purposes is presented. The review analyzes different methods and tools at different educational levels and with different objectives. Background: Learning programming has gained relevance in the last decade. This is due to the massive presence of programmable elements ranging from computers to toys. Because of this, the interest of researchers on this topic has increased. Questions, such as what to use, in what educational stages to use it, the effectiveness of the method, and the focal objectives for learning programming are questions that do not have obvious answers. Research Questions: 1) What empirical evidence exists on the use of educational programming languages (EPLs)? 2) In what context is the research performed? 3) How is effectiveness reported in the literature after applying EPLs? 4) What pedagogical goals are achieved by using EPLs? Methodology: Following a formal protocol, automated searches were performed for primary studies from 2007 to 2018. A total of 62 studies were identified, of which 29 were selected and analyzed since they include some type of empirical evidence. Findings: After performing the evaluation, the results support the need for better approaches with empirical evidence when reporting research on the usage of EPLs. Some research opportunities are identified which concerns the used programming languages, the areas or stages of their application, or the need to have more empirical evidence in general and more studies in non-WEIRD (Western, educated, industrialized, rich, and democratic) contexts.",ieee,llm,0.970,unreviewed,
kept,No patterns in pattern recognition: A systematic literature review,Annwesa Dasgupta; Senay Purzer,2016,2016 IEEE Frontiers in Education Conference (FIE),10.1109/FIE.2016.7757676,https://ieeexplore.ieee.org/document/7757676/,supports-claim,"Pattern recognition is one of the fundamental competencies associated with computational thinking and STEM education. Although much has been written to define computational thinking (CT), we argue that CT is a multi-faceted construct and specific aspects of CT (such as pattern recognition) should be examined. The purpose of this study is to conduct a systematic review of literature on pattern recognition to define pattern recognition as an aspect of computational thinking. The synthesis included the Engineering Village database (Compendex and INSPEC). We searched peer reviewed articles and the keywords, pattern recognition, pattern generalization and education. The initial search resulted in 208 articles. The screening of abstracts more closely resulted in 17 relevant articles, which were then read in detail by two researchers. The review of this pool resulted in two relevant articles, one with a focus on mathematics education and the other one in the context of medical education. Surprisingly there were no articles that examined pattern recognition as part of engineering or computer education. Further research examining specific aspects of CT is necessary.",ieee,llm,0.950,unreviewed,
discarded,Code to learn with Scratch? A systematic literature review,Jesús Moreno-León; Gregorio Robles,2016,2016 IEEE Global Engineering Education Conference (EDUCON),10.1109/EDUCON.2016.7474546,https://ieeexplore.ieee.org/document/7474546/,adjacent-subtopic,"The use of computer programming in K-12 spread into schools worldwide in the 70s and 80s of the last century, but it disappeared from the educational landscape in the early 90s. With the development of visual programming languages such as Scratch, this movement has emerged again in recent years, as teachers at all educational levels and from different disciplines consider that the use of programming enhances learning in many subjects and allows students to develop important skills. The systematic literature review presented in this article aims to summarize the results of recent research using programming with Scratch in subjects not related to computing and communications, as well as studies analyzing the kind of skills students develop while learning to code in this environment. Although the analyzed papers provide promising results regarding the use of programming as an educational resource, this review highlights the need to conduct more empirical research in classrooms, using larger samples of students that allow to obtain clear conclusions about the types of learning that could be enhanced through programming.",ieee,llm,0.900,unreviewed,
discarded,The Application of Artificial Intelligence Technology in Early Childhood Numeracy: Systematic Literature Review,Vena Yuliana; Rita Mariyana; Nur Faizah Romadona; Mubiar Agustin,2025,2025 International Workshop on Artificial Intelligence and Education (WAIE),10.1109/WAIE67422.2025.11381105,https://ieeexplore.ieee.org/document/11381105/,adjacent-subtopic,"Numeracy Artificial Intelligence (AI) offers personalized, adaptive, and interactive approaches to early childhood numeracy learning. Numeracy which encompasses understanding numbers, patterns, shapes, and problem-solving skills represents a critical aspect of children’s cognitive development. This study systematically reviews the application of AI in numeracy learning through 10 relevant articles published between 2020 and 2025. The findings reveal that AI implemented through mobile applications, educational robots, and gamification effectively enhances children’s interest, comprehension, and engagement, while also supporting early detection of learning difficulties and the development of computational thinking. These results underscore the potential of AI in fostering early numeracy and advancing the stages of mathematics learning for young children.",ieee,llm,0.970,unreviewed,
discarded,Fostering Creative Flexibility through Multi-Modal Exploration: An e-Learning Pedagogical Strategy Embedding Computational Thinking in Science Education,Imam Samodra; Fitria Rakhmawati; Baskoro Adi Prayitno,2026,2026 12th International Conference on Education and Training Technologies (ICETT),10.1109/ICETT70124.2026.11665866,https://ieeexplore.ieee.org/document/11665866/,adjacent-subtopic,"Effective e-learning pedagogical models must go beyond content delivery to actively scaffold students' higher-order thinking through structured, multi-modal learning experiences. This study presents the Exploration phase of the Computational Thinking Project Learning (CTPjL) model a research-validated e-learning pedagogical strategy that integrates four interconnected learning modalities: digital literature review, laboratory experimentation, environmental field observation, and collaborative group discussion. Grounded in the computational thinking (CT) sub-skill of pattern recognition, the Exploration phase is designed to systematically build students' creative flexibility by immersing them in diverse, authentic data sources before solution design begins. Implemented across three senior high schools in Surakarta, Indonesia, with 108 Grade X students in a Green Chemistry context, this phase was evaluated using structured classroom observation (Cohen's kappa = 0.750), student worksheets, and a validated creative thinking instrument (Cronbach's Alpha = 0.782–0.923) confirmed through Second Order Confirmatory Factor Analysis (SOCFA). Implementation fidelity reached 88% across independent observers. Results demonstrated that 75% of students successfully leveraged multi-source empirical data integrating laboratory findings, field observations, and digital literature evidence as the foundation for project planning, indicating significant development in creative flexibility. PLS-SEM path analysis confirmed a strong direct effect of CTPjL syntactics on creative thinking outcomes (path coefficient = 0.895, F-Square = 0.825, p < 0.001). These findings establish that embedding a structured, multi-modal Exploration phase within an e-learning pedagogical model powerfully enhances students' pattern-based reasoning, information processing capacity, and creative flexibility in technology-enhanced science education.",ieee,llm,0.910,unreviewed,
discarded,Fostering AI Literacy: A Survey of Student Perceptions and Effective Practices in K-12 Machine Learning,Cristal L Pineda; Aetesam Ali Khan Ashar; Jiangjiang Liu,2024,2024 IEEE Frontiers in Education Conference (FIE),10.1109/FIE61694.2024.10893365,https://ieeexplore.ieee.org/document/10893365/,adjacent-subtopic,"This research addresses the integration of Machine Learning (ML) into K-12 education, which is increasingly recognized as essential for preparing students for the AI-driven world. However, the current landscape of ML implementation and its impact in K-12 classrooms remain areas of active investigation. In recent years, the integration of ML techniques into K-12 computing education has become increasingly prevalent, reflecting the growing importance of AI-driven and data-driven approaches across computing fields. This study addresses the gaps in understanding how intuition and agency develop in the context of ML systems within K-12 education, while also examining the emerging trajectories, challenges, and opportunities in teaching ML in K-12 education. Motivated by the need to assess the effectiveness and challenges of ML integration in K-12 settings, this survey-based study aims to provide insights into pedagogical approaches, tools utilized, and teachers' perceptions of ML in education. Drawing upon the importance of early ML exposure in developing computational thinking and fostering data literacy, this study seeks to address gaps such as age-appropriate content, teacher preparedness, and ethical considerations. By systematically reviewing existing research and surveying educators, this study aims to offer valuable insights into effective practices, identify tools available, and highlight areas for further research on the responsible implementation of ML in K-12 settings. Furthermore, this study emphasizes the importance of understanding gender-based differences in ML education. It briefly presents gender-based results obtained from surveys and data analysis, suggesting the need for tailored approaches to ML education that address potential gender-based barriers and biases. Additionally, the study discusses the paradigm shift required to successfully integrate ML into K-12 computing curricula, advocating for embracing ML as a fundamental component of future computing education. Ultimately, this study aims to inform computing educators and policymakers about the challenges and opportunities associated with ML education in K-12 settings, laying the groundwork for fostering ML literacy and computational thinking skills among K-12 students.",ieee,llm,0.970,unreviewed,
kept,Construction and Application Effectiveness of a Project-Based Learning Model Based on Generative Artificial Intelligence,Rong Guo; Guian Li; Haifei Miao; Xinyi Huang; Zhenzhong Wang,2025,2025 7th International Conference on Computer Science and Technologies in Education (CSTE),10.1109/CSTE64638.2025.11092069,https://ieeexplore.ieee.org/document/11092069/,supports-claim,"Generative Artificial Intelligence (GAI), with its powerful text generation capabilities, has shown significant potential in the field of education. This study focuses on the application of GAI in programming education, aiming to explore its impact on enhancing students' computational thinking. Through literature review, we found that the application of GAI in programming education is still in its early stages, with a lack of empirical research on its effectiveness. To address this gap, this study proposes a project-based learning model that integrates GAI to enhance students' computational thinking. The model is constructed by analyzing the components of computational thinking, the key elements of project-based learning, and the potential roles of GAI in this context. To evaluate the effectiveness of the proposed model, a quasi-experimental study was conducted. Independent samples t-tests were used to compare pre- and post-test results. The findings revealed a significant improvement in students' computational thinking after participating in the GAI-enhanced project-based learning activities. Specifically, significant differences were observed in the sub-dimensions of creativity, algorithmic thinking, and problem-solving ability. However, no significant differences were found in the sub-dimensions of collaborative ability and critical thinking.",ieee,llm,0.740,unreviewed,
kept,PACT: A Citizen Science Project for Computing Education,Braz Araujo da Silva; Simone André da Costa Cavalheiro; Luciana Foss; Ana Marilza Pernas Fleischmann; Andrea Volz Garcez,2021,2021 IEEE Frontiers in Education Conference (FIE),10.1109/FIE49875.2021.9637147,https://ieeexplore.ieee.org/document/9637147/,qualifies-claim,"This innovative practice full paper proposes a model for centralizing, categorizing and organizing Computational Thinking resources and knowledge. The term “Computational Thinking” usually refers to problem solving skills related to Computer Science. Yet, there is neither: a consensual definition of what exactly is this term about; nor which skills are involved. Even under these conditions, several studies are conducted regarding this theme around the world, as well as informal activities applied by non-researchers enthusiasts. Thus, a model to reunite both, academic and non-scientific community, around the Computational Thinking is proposed: the Partnership for Advancing Computational Thinking, PACT. On one hand it is an effort to guide convergence in the literature, leading to more standardized definitions and spotting similarities or disagreements between authors. And on the other hand, it is a platform for sharing resources and experiences between the communities, an initiative to bring the model of research with public participation (Citizen Science) to education. An expandable ontology that is able to consider the perspective of multiple authors over the subjects is used to implement the model. Three different author views and resources are instantiated to illustrate the range, expressiveness and operation of the ontology. It is revealed able to model author views from previous models, frameworks and even discursive texts, as well as linking resources of different natures by their purpose and subjects approached.",ieee,llm,0.950,unreviewed,
discarded,Tracing the Development Methodologies of Software Engineering: A Systematic Literature Review,Yuni Sugiarti; Sumanto; Normaliza Firdia; Dery Athallah Afif; Muhammad Rifqi; Rayhan Maulana Lisman; Ihsan Maulana,2024,2024 12th International Conference on Cyber and IT Service Management (CITSM),10.1109/CITSM64103.2024.10775806,https://ieeexplore.ieee.org/document/10775806/,off-topic-false-hit,"A systematic literature review using the PRISMA framework identified the most widely used software engineering development methodology in scientific research and its distribution in various research fields in the last decade (2015–2024). This research aims to analyze the use of software development methods. Using the Publish or Perish and Mendeley tools, the identification of several papers shows that the Agile methodology, especially Scrum, still dominates current software development practices because of its flexibility. There is a trend of combining Agile with approaches such as APLE and SME. The methodology has also spread to the educational field with BYOS to teach software engineering concepts and human-computer interaction with Agile to teach computational thinking. Formal methods are used to guarantee product quality. These findings provide a comprehensive overview of the current state and trends in software development methodology adoption across various research domains.",ieee,llm,0.990,unreviewed,
