status,title,authors,year,venue,doi,url,tags,abstract,provider,decision_source,llm_confidence,llm_review_outcome,llm_change_direction
discarded,A Two-Quarter Initiative in Co-Designed Programming Courses for High School Students,"Li, Tianyi; Lowell, Victoria L.",2025,"2025 IEEE FRONTIERS IN EDUCATION CONFERENCE, FIE",10.1109/FIE63693.2025.11328274,https://www.webofscience.com/wos/woscc/full-record/WOS:001792342800146,adjacent-subtopic,"This innovative practice full paper reports on a two-quarter initiative to co-design short-term programming electives for high school students in a setting without dedicated computer science. Despite the growing importance of computing education, many high schools lack formal CS courses, underscoring the need to expand access. Integrating programming presents opportunities and challenges; while it can increase student engagement, creativity, and problem-solving [1], teachers often face barriers, including limited knowledge, resources, time, and confidence [2] [3] [4]. A multidisciplinary team comprising a high school math teacher with no prior hands-on programming experience, a researcher in Computer and Information Technology, and a researcher in Learning Design and Technology developed and implemented two eight-week elective courses: one in HTML and one in JavaScript. Each course used a distinct pedagogical approach. The HTML course relied on pre-defined materials from Code.org to reduce the instructor's cognitive load. The JavaScript course followed a co-designed model where the teacher selected an engaging project-based goal, supported by researchers who provided technical expertise and assisted with lesson design. Drawing on Kelly et al.'s Model for Professional Development for High School Teachers [5], this study demonstrates that teachers without deep programming expertise can successfully teach short-term electives when supported by structured resources and collaborative planning. Post-course reflective interviews highlighted the benefits and challenges of each approach. The structured curriculum enabled self-paced learning and more personalized support, while the co-designed approach encouraged creativity, flexibility, and deeper engagement. External resources, including YouTube, Mozilla documentation, and large language models, further supported implementation and teacher learning.",wos,llm,0.980,unreviewed,
discarded,Interdisciplinary IoT-Enhanced Project-Based Learning in Pre-Service Teacher Education: Exploring Computational Thinking and Collaboration,"Sarac, Aliye; Ozdener, Nesrin",2026,EDUCATION SCIENCES,10.3390/educsci16081330,https://www.webofscience.com/wos/woscc/full-record/WOS:001858824600001,adjacent-subtopic,"As educators are increasingly expected to integrate technology into meaningful learning experiences, higher education institutions face growing demands to prepare digitally competent STEM teachers. This study examines an interdisciplinary IoT-enhanced project-based training involving pre-service teachers from the Computer Education and Instructional Technology (CEIT) and Science Education programmes, focusing on pre-post changes in computational thinking, collaborative processes, project development experiences, and participants' perceptions of how the training contributed to their professional development. The study involved 36 pre-service teachers from CEIT and Science Education programmes and employed an embedded mixed-methods design combining computational thinking assessments with qualitative analyses of project and collaboration processes. Results showed statistically significant pre-post increases in decomposition in both groups and in algorithmic thinking among Science Education pre-service teachers. The overall Computational Thinking Skills Test (CTS Test) score did not change significantly in the CEIT group, whereas the corresponding change in the Science Education group was interpreted cautiously because it was at the conventional significance threshold. No statistically significant changes were found in pattern recognition or abstraction in either group, and the subdimension findings were treated as exploratory given the small sample and the absence of correction for multiple testing. Furthermore, active participation in collaborative meetings was associated with stronger teamwork practices, while limited engagement was associated with reported implementation challenges. Because attendance was self-selected, these associations cannot be interpreted causally. Participants perceived their IoT learning experience as making a positive contribution to their professional development and future teaching practice. Taken together, the findings suggest that interdisciplinary IoT-supported project-based learning (PBL) may provide a promising framework for supporting selected dimensions of computational thinking and collaboration in pre-service teacher education, while also offering an accessible instructional model that supports participation among learners with different levels of prior technical expertise.",wos,llm,0.740,unreviewed,
discarded,"The impact of CT-integrated mathematics instruction on secondary school students' computational thinking skills (vol 267, 106863, 2026)","Xu, Huifen; Wang, Jing; Liu, Ziyi; Jiang, Haozhe; Lu, Jijian",2026,ACTA PSYCHOLOGICA,10.1016/j.actpsy.2026.107347,https://www.webofscience.com/wos/woscc/full-record/WOS:001856658200001,adjacent-subtopic,,wos,llm,0.620,unreviewed,
discarded,The effects of virtual reality-based mathematics activities on second-grade students' computational thinking skills and mathematics achievement,"Akcay, Ahmet Oguz; Altiner, Emel Cilingir; Aksoy, Merve",2026,THINKING SKILLS AND CREATIVITY,10.1016/j.tsc.2026.102334,https://www.webofscience.com/wos/woscc/full-record/WOS:001856363200001,adjacent-subtopic,"This study investigated the effects of virtual reality-based mathematics activities on second-grade students' computational thinking skills and mathematics achievement. An explanatory sequential mixed-methods design was employed. The sample consisted of 54 students from a public primary school in T & uuml;rkiye, during the 2024-2025 academic year, divided into experimental and control groups. The experimental group participated in mathematics lessons utilizing virtual reality headset-based activities developed with the Cospaces (Delightex) platform. In contrast, the control group received instruction through traditional methods aligned with curriculum objectives. Data were collected through the Computational Thinking Skills Scale, Mathematics Achievement Test, and a Personal Information Form. Quantitative analyses revealed that virtual reality-based instruction had a significant positive effect on both mathematics achievement and computational thinking skills. The experimental group outperformed the control group in posttest scores, with significant pre-post gains observed only in the experimental group. Qualitative findings from semi-structured interviews with the experimental group identified seven themes: initial reactions, comparisons with traditional lessons, conceptual understanding and retention, computational thinking and strategy use, self-efficacy and perceived success, engagement and motivation, and technical challenges/future integration. Students reported that virtual reality increased engagement, improved understanding, enhanced retention, fostered positive attitudes toward mathematics, and was desirable for use in other subjects.",wos,llm,0.920,unreviewed,
discarded,Adaptive Gamification Model Using Scratch to Enhance Computational Thinking and Real-World Case-Handling Skills in Higher Education,"Darni, Resmi; Harisman, Yulyanti; Anwar, Muhammad; Suswanto, Hary; Yafie, Evania; Hamdan, Achmad; Herayono, Andhika",2026,TEM JOURNAL-TECHNOLOGY EDUCATION MANAGEMENT INFORMATICS,10.18421/TEM153-97,https://www.webofscience.com/wos/woscc/full-record/WOS:001856044200050,adjacent-subtopic,"study aims to develop and evaluate an adaptive gamification model using Scratch to enhance computational thinking (CT) and real-world case-handling skills among university students. Grounded in the ADDIE development framework, the model was implemented in a quasi-experimental setting involving control and experimental groups. Data were collected through pre-and post-tests, reflective journals, and observation rubrics focusing on CT dimensions (decomposition, abstraction, algorithm design, etc.) and problem-handling performance. Quantitative results showed a significant increase in the experimental group's scores compared to the control group. Chi-Square analysis also revealed a significant association between the instructional model and students' success rates, confirming the model's effectiveness. Qualitative findings supported these results, highlighting increased motivation, cognitive engagement, and the ability to translate coding concepts into real-life scenarios. This study concludes that adaptive gamification fosters deeper learning and practical skill development in programming education.",wos,llm,0.820,unreviewed,
discarded,Teaching Computational Thinking: A Tangible Card-Based Approach with Multimodal Large Language Models and TiniScript,"Guzman Ramos, Gabriel Gonzalo; Calderon, Marks",2025,"2025 44TH INTERNATIONAL CONFERENCE OF THE CHILEAN COMPUTER SCIENCE SOCIETY, SCCC",10.1109/SCCC67219.2025.11420641,https://www.webofscience.com/wos/woscc/full-record/WOS:001820773200071,adjacent-subtopic,"Introducing programming into low-resource schools requires solutions that work with minimal hardware while sustaining engagement. We present a tangible programming approach based on printed cards that encode basic commands (e.g., move forward, turn). Students arrange cards on a board to build algorithms; a single teacher smartphone captures the sequence, which a Multimodal Large Language Model (MLLM) recognizes and translates into TiniScript code executable on an educational robot. Technically, the image -> code pipeline attains high fidelity (CodeBLEU = 0:9671, CodeBERTScore F-1 = 0:9988).

We complement this with a classroom pilot in Lima, Peru (six 5th-6th grade classes; N=60), using a quasi-experimental design: robot+MLLM (30 students) vs. unplugged without robot (30 students). A five-item post-test on algorithmic thinking shows that, with the robot, 94% scored 5/5 and 6% scored 4/5; without the robot, 65% scored 5/5, 30% scored 4/5, and 5% scored 3/5. The perfect-score rate increases by approximate to 27 percentage points (two-proportion z approximate to 2:58, p approximate to 0:01). Beyond its explicit focus on algorithmic thinking, classroom observations indicate the approach also promotes collaborative work. By avoiding one-to-one devices, this AI-assisted tangible method offers a scalable pathway to bring computational thinking to under-resourced schools.",wos,llm,0.900,unreviewed,
discarded,Apprentice Level Training Program for Teaching Basic Knowledge and Skills for Computational Thinking and Programming,"Contreras, Marcela Varas; Jerez, Contanza Molina; Flores-Oyarzo, Gabriela",2025,"2025 44TH INTERNATIONAL CONFERENCE OF THE CHILEAN COMPUTER SCIENCE SOCIETY, SCCC",10.1109/SCCC67219.2025.11420327,https://www.webofscience.com/wos/woscc/full-record/WOS:001820773200014,adjacent-subtopic,"The current work environment has undergone rapid transformation thanks to the growing use of digital technologies and artificial intelligence, demanding new professional skills. Thus, Computational Thinking and Programming has become a key competency for adapting, innovating, and adding value in professional work, where Higher Education Institutions (HEI) play a fundamental role. In response to this, the University of Concepcion has created a training program to develop Computational Thinking and Programming (CT&P). This article presents the characteristics and results of the piloting of the Apprentice Level module of this program, which consists of specific skills, learning outcomes, and achievement indicators that allowed participants to be certified. In addition, a diagnostic tool was validated to determine each student's learning path. As a result, the diagnostic tool reported adequate levels of reliability (KR =.82 points) and a 4-factor structure, allowing 86 students to be certified with CT&P Apprentice Level competency. Meanwhile, 616 students enrolled in the pilot module, of which 22.72% received full certification and 77.27% received partial certification in the competency. The development of digital competencies in HEI is highly relevant in the context of training professionals with the skills to anticipate and respond to the needs of the current labor market. Thus, the results of this pilot program are highly valuable in that they allow for the adjustment of training processes for the development of CT&P and constitute an input for the development of this competency in other educational environments.",wos,llm,0.870,unreviewed,
kept,"The development of primary school students' concepts, practices, and perspectives in computational thinking education","Kong, Siu-Cheung; Lai, Ming",2026,HELIYON,10.1016/j.heliyon.2026.e45268,https://www.webofscience.com/wos/woscc/full-record/WOS:001853938200001,supports-claim,"Brennan and Resnick proposed an influential three-dimensional framework for understanding students' development of computational thinking (CT), comprising concepts, practices, and perspectives. However, the development of all three dimensions has rarely been examined with a large sample in a single study. We examined the development of 834 primary school students in these dimensions after one year of CT learning. By means of objective test instruments for assessing students' CT concepts and practices, it was found that both constructs improved significantly after one year of learning. Comparison with a control group suggested that these improvements were beyond students' cognitive growth as a result of ageing. The CT perspectives were defined in terms of the students' feeling empowered by mastering CT, with subconstructs of meaningfulness, impact, programming self-efficacy, and creative self-efficacy. Except impact, all of these subconstructs were significantly enhanced after one year of learning. Using structural equation modelling, we analysed the interrelationships between the three dimensions, finding that the students' CT concepts development affected the development of practices and perspectives. The elements embedded in the curriculum design, such as opportunities to reflect and a final project for the application of CT concepts and practices, may help to explain the findings. The results imply that similar interventions can be conducted in other initiatives to foster students' holistic CT development.",wos,llm,0.930,unreviewed,
kept,Developing Computational Thinking Skills through Embodied Dance Activities,"Fairlie, Fiona; Kunz, Katrin; Paterson, James",2026,ACM TRANSACTIONS ON COMPUTING EDUCATION,10.1145/3767731,https://www.webofscience.com/wos/woscc/full-record/WOS:001853754800001,supports-claim,"Objectives: There is currently no single accepted definition of Computational Thinking (CT), but abstraction, algorithmic thinking, problem solving and pattern recognition are often identified as four top skills with decomposition and spatial ability also being considered important. Physical activity has been linked to development of algorithmic thinking, visual processing and pattern recognition, while dance has been associated with ability in problem solving, visual-spatial manipulation, abstraction and pattern recognition. Dance notation has been linked to the development of skills in decomposition. This article investigates whether taking part in structured dance activities affects performance on CT tests. Participants: Fifty participants (33 girls, 17 boys) aged between 6 and 9 were recruited from schools in Scotland and out-of-school groups in Germany. Study Methods: The methods were influenced by Educational Design theory and adopted a mixed methods approach. It employed an explanatory sequential design with the aim of explaining quantitative results using qualitative methods and comprises three studies. Groups 1 and 2 used a pre-experimental design, while Group 3 used a quasi-experimental non-equivalent group design, which arbitrarily split the group in an intervention group and a control group to establish whether there was an observable change in performance on CT tasks after taking part in structured Scottish Country Dance (SCD) activities. Participants undertook the BCTt test as pre- and post-test; motivation was measured using versions of the Intrinsic Motivation Inventory (IMI). Direct observation and teacher interviews provided qualitative information and were used to explore the findings. The intervention consisted of workshops that mapped physical dance and transcription activities to cognitive attributes identified as important for CT. Findings: A Related Samples Wilcoxon Signed Rank Test found a significant difference between the median marks for pre-test (M = 18.70, SD = 4.21) and post-test (M = 20.45, SD = 3.137) (n = 20, p = 0.007) in Group 1. In Group 2, a Paired Samples t-Test indicated that the post-test score (M = 21.50, SD = 1.789) was significantly higher than the pre-test score (M = 16.69, SD = 3.945), (t(15) = 5.189, p < 0.001). However, no differences were found between scores on the pre-test (M = 20, SD = 2.00) and post-test (M = 19.67, SD = 2.160), t(5) = 0.237, p = 0.822 in Group 3A or between the pre-test scores (M = 13.75, SD = 5.898) and post-test (M = 15.13, SD = 2.997), t(7) = 0.903, p = 0.397 in Group 3B. Participants in all studies were observed Conclusions: Participants in Groups 1 and 2, who were taught by experienced SCD teachers in a classroom situation and had some prior familiarity with the dance genre, showed a significant improvement in their scores. The addition of related coding activities appears to strengthen this effect. The absence of significant results in Group 3 allows for some hypotheses about which aspects of the dance workshops may be affecting CT.",wos,llm,0.880,unreviewed,
discarded,Children's Embodiment of Coding Concepts in an Unplugged-to-Plugged Learning Sequence,"Kerr, Jessica; Kopcha, Theodore J.",2026,ACM TRANSACTIONS ON COMPUTING EDUCATION,10.1145/3769858,https://www.webofscience.com/wos/woscc/full-record/WOS:001853753600001,adjacent-subtopic,"Objectives. The purpose of this study was to explore the way concepts embodied during an unplugged coding activity emerged in a plugged coding environment. Participants. A pair of 4th-grade elementary-aged children who participated in an after-school coding club over a 4-week period. Participants had no prior experience with coding. Study Method. Using a multimodal lens to frame the study, data collection and analysis focused on 3 hours of video paired with the children's coding documents in which we observed how the pair constructed meaning through both verbal and non-verbal (e.g., gestures, body movements) communication and interaction with the environment. Findings. The findings revealed unit thinking as a central concept in which the physical properties of objects in the environment were associated with units of movement. Units were then used to support the children's thinking as they planned sequences of moves with greater accuracy. This transitioned from a bodily understanding of units in unplugged towards more abstract representations in plugged. Conclusions. Findings suggest that unit thinking may be an important but somewhat overlooked mathematical concept that children embody when using physical objects to complete coding activities. Additionally, the findings support a grounded perspective of cognition in which engaging the sensorimotor system during unplugged activities can play a role in completing tasks later in a plugged environment. Implications include encouraging teachers to introduce unit thinking to children during unplugged coding activities, particularly when sequencing and measurement are required.",wos,llm,0.880,unreviewed,
discarded,Fostering Programming Interest Through Block Coding in Young Learners,"Tserendejid, Dorjpalam; Otgonbaatar, Khajidmaa; Bataa, Magsarjav",2026,INTERNATIONAL JOURNAL OF ADVANCED COMPUTER SCIENCE AND APPLICATIONS,,https://www.webofscience.com/wos/woscc/full-record/WOS:001853518900001,adjacent-subtopic,"Coding has become a fundamental skill for cultivating computational thinking in young learners. This study aims to examine the impact of coding education on programming interest among fifth-grade students in Mongolia with no prior coding experience. A 16-week pilot course using block-based coding activities on Code.org involved 195 5th-grade students across three schools. A pre-test/post-test design compared an experimental group (N-experimental=95) with a control group (N-controll=100). Results indicate significant improvements in coding skills (Cohen's d = 0.84) and computational thinking, with average programming skill ratings increasing from 5.19 to 7.07 out of 10. Qualitative data show heightened engagement, perceived creativity, and motivation, with students describing coding as gamified activities alongside an increase in self-rated programming interest. Moreover, post-intervention interviews reveal emerging awareness of gender inclusivity in programming. These findings suggest that structured block-based coding can effectively enhance computational thinking and interest in programming among young learners, providing evidence to support early integration of programming in primary education curricula.",wos,llm,0.890,unreviewed,
