status,title,authors,year,venue,doi,url,tags,abstract,provider,decision_source,llm_confidence,llm_review_outcome,llm_change_direction
discarded,Expert vs. novice: Problem decomposition/recomposition in engineering design,Ting Song; Kurt Becker,2014,2014 International Conference on Interactive Collaborative Learning (ICL),10.1109/ICL.2014.7017768,https://ieeexplore.ieee.org/document/7017768/,off-topic-false-hit,"The purpose of this pilot research was to investigate the differences of using problem decomposition and problem recomposition among dyads of engineering experts, dyads of engineering seniors, and dyads of engineering freshmen. Fifty participants took part in this study. Ten were engineering design experts, twenty were engineering seniors, and twenty were engineering freshmen. All participants completed the same engineering design challenge within an hour. The entire design process was video and audio recorded. After the design session, members participated in a group interview. This study used protocol analysis as the methodology. Video and audio data were transcribed, segmented, and coded. Two coding systems including the FBS ontology and “levels of the problem” were used in this study. A series of statistical techniques were used to analyze data. Interview data and participants' design sketches were used as supplemental data to help answer the research questions. By analyzing the quantitative and qualitative data, it was found that students used less problem decomposition and problem recomposoition than engineer experts in engineering design. This result implies that engineering education should place more importance on teaching problem decomposition and problem recomposition. Students were found to spend less cognitive effort when considering the problem as a whole and interactions between subsystems than engineer experts. In addition, students were also found to spend more cognitive effort when considering details of subsystems. These results showed that students tended to use dept-first decomposition and experts tended to use breadth-first decomposition in engineering design. The use of Function (F), Behavior (B), and Structure (S) among engineering experts, engineering seniors, and engineering freshmen were compared on 3 levels. Level 1 represents designers considering the problem as an integral whole, Level 2 represents designers considering interactions between subsystems, and Level 3 represents designers considering details of subsystems. The results showed that students used more “S” on Level 1 and 3 but they used less “F” on Level 1 than engineering experts. The results imply that engineering curriculum should improve the teaching of problem definition in engineering design because students need to understand the problem before solving it.",ieee,llm,0.980,unreviewed,
kept,VPLs and novice program comprehension: how do different languages compare?,J. Good,1999,Proceedings 1999 IEEE Symposium on Visual Languages,10.1109/VL.1999.795912,https://ieeexplore.ieee.org/document/795912/,supports-claim,"This paper reports on an experiment which compared small control and data flow visual programming languages (VPLs). The study used a combination of the match-mismatch conjecture and the information types approach in order to investigate the effect of language style on comprehension. Results showed that the control flow VPL is associated with faster task performance, regardless of the match between language and task. However, accuracy scores showed some evidence of a match-mismatch effect. These results were supported by program summary data, which showed that the data flow VPL was associated with abstract, functional accounts of the program, while the control flow language led to low-level, procedural descriptions. This suggests that specific properties of VPLs lead to differences in program comprehension.",ieee,llm,0.910,unreviewed,
kept,Using Consistency to Measure CS1 Student’s Comprehension of User-defined Functions,Cruz Izu,2020,"2020 IEEE International Conference on Teaching, Assessment, and Learning for Engineering (TALE)",10.1109/TALE48869.2020.9368374,https://ieeexplore.ieee.org/document/9368374/,supports-claim,"This study aims to investigate novice programmers' comprehension of user-defined functions. We have explored whether students are consistent (1) in their function declaration and the value returned by its implementation and (2) the value returned and its usage in the main program. Function consistency appears to be a good proxy for how well novices understand the role of user-defined functions in the main program, regardless of the ability to write a function's body that calculates a correct result. We analyzed the solutions submitted by 249 students to a practical exam question from a CS1 course that includes C functions. In terms of program consistency, 64% of students could make a good use of the function result in the driver program. However, one third of them call the same function multiple times without taking into account its computational cost. Inconsistent programs did not include a call (5%), treated an int function as if it was void(8%), or called it correctly but ignored the result (4%). The outcomes of this analysis bring to the fore the need to teach and assess user-defined functions in the context of building larger solutions, so that students could understand and consistently use modular code.",ieee,llm,0.920,unreviewed,
kept,Learning by game creation in introductory programming course: 5-Year-long study,M. Paralič; E. Pietriková,2014,2014 IEEE 12th IEEE International Conference on Emerging eLearning Technologies and Applications (ICETA),10.1109/ICETA.2014.7107617,https://ieeexplore.ieee.org/document/7107617/,adjacent-subtopic,"The present study examines and discusses recent developments in teaching and learning programming, based on Game-based learning and Learning by game creation at Technical University of Košice. The innovations are related to learning algorithmic concepts using Karel the Robot game library as well as learning programming fundamentals by creating such library, progressively extended to the Sokoban game. Research activities are seen to satisfy the requirements for becoming familiar with programming basics, abilities to continue with studying modern programming technologies, and better application in practice. The paper closes with a look at the future for more innovations in the context of our game-based teaching methodology.",ieee,llm,0.770,unreviewed,
discarded,Automated Machine Learning in Action,Qingquan Song; Xia Hu; Haifeng Jin,2022,Automated Machine Learning in Action,,https://ieeexplore.ieee.org/document/10280523/,off-topic-false-hit,"Optimize every stage of your machine learning pipelines with powerful automation components and cutting-edge tools like AutoKeras and KerasTuner. In Automated Machine Learning in Action you will learn how to:  Improve a machine learning model by automatically tuning its hyperparameters Pick the optimal components for creating and improving your pipelines Use AutoML toolkits such as AutoKeras and KerasTuner Design and implement search algorithms to find the best component for your ML task Accelerate the AutoML process with data-parallel, model pretraining, and other techniques  Automated Machine Learning in Action reveals how you can automate the burdensome elements of designing and tuning your machine learning systems. It’s written in a math-lite and accessible style, and filled with hands-on examples for applying AutoML techniques to every stage of a pipeline. AutoML can even be implemented by machine learning novices! If you’re new to ML, you’ll appreciate how the book primes you on machine learning basics. Experienced practitioners will love learning how automated tools like AutoKeras and KerasTuner can create pipelines that automatically select the best approach for your task, or tune any customized search space with user-defined hyperparameters, which removes the burden of manual tuning.",ieee,llm,0.990,unreviewed,
discarded,Collaborative Constellation Learning Environment with Sharing Learners' Gazing Points in the Real Night Sky,Masahito Ohama; Masato Soga,2012,2012 IEEE Fourth International Conference On Digital Game And Intelligent Toy Enhanced Learning,10.1109/DIGITEL.2012.33,https://ieeexplore.ieee.org/document/6185596/,off-topic-false-hit,"In the precedent research, we have developed constellation learning environment by using real night sky as learning contents, in which a gaze pointing interface was prepared. In this study, we prepared two sets of the gaze pointing interface, and developed a collaborative constellation learning environment. We performed an experiment to evaluate the environment.",ieee,llm,0.990,unreviewed,
discarded,Utilizing Fuzzy Weights to Model Logical Reasoning in Digital Escape Rooms: Dynamic Difficulty Adjustment for Enhanced Digital Skill Development,Christos Troussas; Akrivi Krouska; Christos Papakostas; Phivos Mylonas; Cleo Sgouropoulou,2024,2024 19th International Workshop on Semantic and Social Media Adaptation & Personalization (SMAP),10.1109/SMAP63474.2024.00027,https://ieeexplore.ieee.org/document/10858999/,off-topic-false-hit,"This paper presents a novel digital escape room developed to increase users' digital skills by dynamically adapting puzzles using fuzzy weights. Players find themselves in a virtual room buried with ancient manuscripts and modern digital interfaces and take on a row of puzzles stretching their pattern recognition, logic and sequencing, cryptography, and data sorting capacities. These tasks range from very simple tasks for novice users to more complicated tasks for advanced users, all in the name of the development of skills important to problem-solving, critical thinking, and cyber security. This is novel in including an adaptive difficulty mechanism for regulating fuzzy weights in controlling puzzle complexity in real time. In this manner, it will adapt the challenges in the best manner possible over a continuum from novice to expert levels, ensuring that they will have optimal engagement and continue to develop their skills. Since it interacts with individual performance, the system allows for personalized learning, being linked to an increase in learners' engagement and the development of digital skills at a pace personalized to the learners.",ieee,llm,0.990,unreviewed,
kept,Exploring Interference in Knowledge Transfer During the Acquisition of a New Programming Language by Novice Programmers,Daniel M. Muepu; Yutaka Watanobe; Md Faizul Ibne Amin,2024,2024 IEEE 17th International Symposium on Embedded Multicore/Many-core Systems-on-Chip (MCSoC),10.1109/MCSoC64144.2024.00049,https://ieeexplore.ieee.org/document/10819563/,adjacent-subtopic,"The process of learning new programming languages sometimes involves the transfer of knowledge from previously learned languages. While knowledge transfer can facilitate quicker learning and enhance problem-solving efficiency, it can also present challenges, especially for novice programmers. This study investigates the effects of knowledge transfer between Java and Python, focusing on the performance of students who transitioned from one language to the other. Through an analysis of success rates, average attempts per problem, and common error patterns, this paper identifies the interference caused by prior knowledge in the learning of a new programming language. The findings reveal that transitioning from Java to Python is generally smoother compared to moving from Python to Java, as seen in the success rates and number of attempts required. Additionally, common mistakes and misconceptions during the language transition are explored, providing insights into how educators can better support students in navigating language differences.",ieee,llm,0.810,unreviewed,
discarded,Classification of Expert-Novice Level of Mobile Game Players Using Electroencephalography,Syed Muhammad Anwar; Sanay Muhammad Umar Saeed; Muhammad Majid,2016,2016 International Conference on Frontiers of Information Technology (FIT),10.1109/FIT.2016.064,https://ieeexplore.ieee.org/document/7866773/,off-topic-false-hit,"An exponential increase has been observed in number of mobile game players in last five years. An increasing number of researches have been emerged that assesses the cognitive aspects of video game players. This creates a need to classify the expert-novice level of a player. A novel approach to classify players expert-novice level is to use machine learning algorithm by considering recorded electroencephalography (EEG) signals of player while playing mobile games. In this research work, EEG signals of ten mobile game players is recorded by commercially available 14 channel EMOTIV headset. After preprocessing stage, a feature vector is created in such a way that from each channel, thirteen morphological features are extracted. The extracted features are used to train three different classification algorithms. The Naive Bayes performed with an accuracy of 89:89%. From results, it is evident that EEG can be used to classify the expert-novice level of a player using machine algorithms. These results can be useful in the development of new and interesting entertainment and educational mobile games taking into account the player's cognition using EEG.",ieee,llm,0.990,unreviewed,
discarded,Personalised adult e-training on computer use based on multiple attribute decision making,Katerina Kabassi; Maria Virvou,2004,Interacting with Computers,10.1016/j.intcom.2003.11.006,https://ieeexplore.ieee.org/document/8155871/,off-topic-false-hit,"This paper examines the utility of a multiple attribute decision making method, the Simple Additive Weighting (SAW), for the purposes of an Intelligent Learning Environment (ILE) that provides adults with personalised e-learning. The ILE is called Web Intelligent Trainer and is meant to help novice users learn how to manipulate the file store of their personal computer. The generation of advice makes use of adaptive hypermedia techniques and is adapted to each individual learner's needs, depending on their knowledge level, age, habits and difficulties. SAW has been applied in the ILE and has been evaluated with respect to the performance of the ILE. As a result, SAW seems particularly appropriate for the ILE.",ieee,llm,0.970,unreviewed,
kept,Towards an Open Educational Resource Sensitive to Student’s Context to Support Introductory Programming Courses,Myke Morais de Oliveira; Leo Natan Paschoal; Patricia Mariotto Mozzaquatro Chicon; Ellen Francine Barbosa,2020,2020 IEEE Frontiers in Education Conference (FIE),10.1109/FIE44824.2020.9273945,https://ieeexplore.ieee.org/document/9273945/,adjacent-subtopic,"Previous studies mention that students have a hard time learning introductory programming courses. Several studies have already been conducted to understand the problems concerning programming learning. Some investigations managed to classify the problems, they are: some students are unable to obtain a concrete understanding computer programming concepts; some students are not able to apply programming concepts in the construction of programs; some students have no motivation to learn the subject; some students cannot understand the programs already implemented, and some have difficulties in factoring and refactoring programs. To support the learning of these courses, researchers in the field have established teaching support mechanisms, which can be used by teachers when teaching content or by students to train and get prepare for assessments. In particular, some studies are proposing open educational resources. However, even if there is a strong interest in establishing these open resources, the existing educational resources do not consider the difficulties that the students may have in these courses (i.e., resources that increase students' motivation but do not support students who have difficulties learning programming concepts). Still, it is necessary to consider the previous knowledge that each student may have when starting a course. Some students may have some programming knowledge, while others may not. It is also necessary to consider that students have their preferences for learning materials when they are studying (i.e., some prefer video lessons, while others prefer slides). In this sense, this paper addresses the establishment and feasibility study of an open educational resource dedicated to teaching programming, which is specialized for students who have difficulties in learning and applying concepts, understanding programs, factoring and refactoring their programs and/or do not have the motivation to program. This open educational resource was planned considering some definitions related to the students' particularities (i.e., previous knowledge, preferences for teaching materials and programming difficulties), with the function of identifying them and adapting to these particularities. We describe how we have developed the educational resource, how we plan and conduct preliminary evaluations and, in the end, we raise directions for next steps.",ieee,llm,0.800,unreviewed,
discarded,"Assessing students' integrative learning in biomedical engineering from the perspectives of structure, behavior, and function",Yuen-Yan Chan; Alfred C. H. Yu; Carol K. K. Chan,2010,2010 IEEE Frontiers in Education Conference (FIE),10.1109/FIE.2010.5673660,https://ieeexplore.ieee.org/document/5673660/,off-topic-false-hit,"Learning in biomedical engineering is highly interdisciplinary: students need to integrate concepts between engineering and life sciences, and be able to design and develop technologies with physiological considerations. In this study, biomedical engineering students' artifacts were analyzed in detail according to the structure-behavior-framework (SBF) framework. The SBF framework has been investigated by educational researchers and learning scientists; in particular, the behavioral and functional dimensions were proved to be related to a sophisticated level of understanding of complex systems. Existing research results also indicate that experts (or expert-like learners) show a deeper understanding of the behavioral and functional aspects of systems. In the current study, a 5-level scale comprising structural, behavioral, and functional dimensions of integrated learning was constructed to assess student learning in a biomedical engineering project course. Our results indicate that high achievers and low achievers were different in the behavioral and functional dimensions. The results also indicate significant relationships between behavioral and functional dimensions of learning and students' final course performance. These findings align with existing results in cognitive science and learning sciences on expert-novice differences, which help connecting engineering educational inquiries to the rich body of literature and findings in human learning.",ieee,llm,0.980,unreviewed,
kept,Novice Programming Students' Perception of Learning Object,Reginamary Matthews; Hew Soon Hin; Koo Ah Choo,2013,2013 International Conference on Informatics and Creative Multimedia,10.1109/ICICM.2013.67,https://ieeexplore.ieee.org/document/6702827/,adjacent-subtopic,"This paper intends to address design issues identified from the evaluation outcome of several types of Learning Object (LO) used in a C programming lab. LO is a small, independent and reusable learning unit that accomplishes a single learning outcome. Due to the size, it is also called as micro learning object. It is also possible, to aggregate several types of LO to sequence the learning activities. Evaluation on LO is essential to study the merits and pitfalls to improve the design. Leaners' views are important to understand the guidelines and consideration to ensure the success of LOs as the learning support in a programming lab. Three types of micro LOs designed and developed for C programming module. Learning object review instrument (LORI 1.5) was used to evaluate LO by measuring six dimensions of quality. Eighty foundation in engineering students participated in evaluating the LOs. Overall, the evaluation results indicate that the three types of micro LOs (content object, practice object and assessment object) rated as acceptable learning support in a programming lab. The design issues outlined in this study could be a guide for academicians and researchers who keen in developing learning objects for programming languages.",ieee,llm,0.790,unreviewed,
discarded,Measuring Plagiarism in Introductory Programming Course Assignments,Muhammad Humayoun; Muhammad Adnan Hashmi; Ali Hanzala Khan,2022,2022 8th International Conference on Information Technology Trends (ITT),10.1109/ITT56123.2022.9863961,https://ieeexplore.ieee.org/document/9863961/,adjacent-subtopic,"Measuring plagiarism in programming assignments is an essential task to the educational procedure. This paper discusses the methods of plagiarism and its detection in introductory programming course assignments written in C++. A small corpus of assignments is made publicly available. A general framework to compute the similarity between a solution pair is developed that uses the three token-based similarity methods as features and predicts if the solution is plagiarized. The importance of each feature is also measured, which in return ranks the effectiveness of each method in use. Finally, the artificially generated dataset improves the results compared to the original data. We achieved an F1 score of 0.955 and 0.971 on original and synthetic datasets.",ieee,llm,0.940,unreviewed,
