status,title,authors,year,venue,doi,url,tags,abstract,provider,decision_source,llm_confidence,llm_review_outcome,llm_change_direction
kept,The Missing Link to Computational Thinking,Michaël Pollak; Martin Ebner,2019,Future Internet,10.3390/fi11120263,https://openalex.org/W2995772409,supports-claim,"After a lengthy debate within the scientific community about what constitutes the problem solving approach of computational thinking (CT), the focus shifted to enable the integration of CT within compulsory education. This publication strives to focus the discussion and enable future research in an educational setting with a strong focus on the Austrian circumstances and the goal to allow wide international adoption later on. Methodically, a literature review was conducted to gain knowledge about the current strands of research and a meta study to show the diversity of proposed and materialized studies. Three main questions were answered, establishing that CT as an idea is rooted in scientific literature dating back to the 1980s and grew in popularity after Wing introduced the concept to a broader audience. A number of authors contributed to the current state of the field, with the most cited review coming from Grover and Pea. The challenge to integrate CT in curricula around the world was met by many experiments and case studies but without a conclusive framework as of yet. Ultimately, this paper determines that expert integration is a blank spot in the literature and aims to create a strong, inclusive path to CT education by inviting practitioners.",openalex,llm,0.970,unreviewed,
discarded,Instructional interventions for computational thinking: Examining the link between computational thinking and academic performance,David John Lemay; Ram B. Basnet; Tenzin Doleck; Paul Bazelais; Anoop Saxena,2021,Computers and Education Open,10.1016/j.caeo.2021.100056,https://openalex.org/W3210670906,adjacent-subtopic,"Teaching computational thinking (CT) has become a priority for educators and policymakers tasked with educating and training students for future jobs which are predicted to be increasingly automated. Recent research on effective instructional interventions for developing computational thinking skills, including algorithmic and critical thinking, problem-solving, creativity, and cooperativity, suggests that teaching and learning CT can improve student academic performance. In fact, the extant literature is quite sanguine about the topic of CT. However, few studies have attempted to establish a relationship between CT skills and academic performance. In the present cross-sectional study, we employ path analysis to model the structural relationship between self-reported CT skills and academic performance of a sample of 81 computer science undergraduates enrolled at a Southwestern American university. We found few direct relationships between CT skills and academic performance. We only find a significant positive relationship between creativity and academic performance and a significant negative relationship between cooperativity and academic performance. Our findings are surprising considering the abundant research promoting computational thinking as a key component of 21st century skills. The findings call for further in-depth analysis of computational thinking and the influence on students’ learning and learning outcomes. We discuss our results with respect to recent educational mandates for including CT and instructional alignment in school curricula. Our findings contribute to the existing discussion by helping to clarify the relationship between CT skills and academic performance in higher education.",openalex,llm,0.900,unreviewed,
kept,"Survey: Artificial Intelligence, Computational Thinking and Learning",Nina Bonderup Dohn; Yasmin B. Kafai; Anders I. Mørch; Marco Ragni,2022,K&uuml;nstliche Intell.,10.1007/s13218-021-00751-5,https://openalex.org/W4206378998,qualifies-claim,"Learning is central to both artificial intelligence and human intelligence, the former focused on understanding how machines learn, the latter concerned with how humans learn. With the growing relevance of computational thinking, these two efforts have become more closely connected. This survey examines these connections and points to the need for educating the general public to understand the challenges which the increasing integration of AI in human lives pose. We describe three different framings of computational thinking: cognitive, situated, and critical. Each framing offers valuable, but different insights into what computational thinking can and should be. The differences between the three framings also concern the views of learning that they embody. We combine the three framings into one framework which emphasizes that (1) computational thinking activities involve engagement with algorithmic processes, and (2) the mere use of a digital artifact for an activity is not sufficient to count as computational thinking. We further present a set of approaches to learning computational thinking. We argue for the significance of computational thinking as regards artificial intelligence on three counts: (i) Human developers use computational thinking to create and develop artificial intelligence systems, (ii) understanding how humans learn can enrich artificial intelligence systems, and (iii) such enriched systems will be explainable. We conclude with an introduction of the articles included in the Special Issue, focusing on how they call upon and develop the themes of this survey.",openalex,llm,0.960,unreviewed,
kept,Computational Thinking in Education: Where does it fit? \nA systematic literary review,J. C. Lockwood; Aidan Mooney,2017,Maynooth University ePrints and eTheses Archive (Maynooth University),,https://openalex.org/W4293769271,supports-claim,"Computational Thinking (CT) has been described as an essential skill which everyone should learn and can therefore include in their skill set. Seymour Papert is credited as concretising Computational Thinking in 1980 but since Wing popularised the term in 2006 and brought it to the international community's attention, more and more research has been conducted on CT in education. The aim of this systematic literary review is to give educators and education researchers an overview of what work has been carried out in the domain, as well as potential gaps and opportunities that still exist. Overall it was found in this review that, although there is a lot of work currently being done around the world in many different educational contexts, the work relating to CT is still in its infancy. Along with the need to create an agreed-upon definition of CT lots of countries are still in the process of, or have not yet started, introducing CT into curriculums in all levels of education. It was also found that Computer Science/Computing, which could be the most obvious place to teach CT, has yet to become a mainstream subject in some countries, although this is improving. Of encouragement to educators is the wealth of tools and resources being developed to help teach CT as well as more and more work relating to curriculum development. For those teachers looking to incorporate CT into their schools or classes then there are bountiful options which include programming, hands-on exercises and more. The need for more detailed lesson plans and curriculum structure however, is something that could be of benefit to teachers.",openalex,llm,0.980,unreviewed,
kept,"Computational thinking is critical thinking: Connecting to university discourse, goals, and learning outcomes",Bill Kules,2016,Proceedings of the Association for Information Science and Technology,10.1002/pra2.2016.14505301092,https://openalex.org/W2565638345,supports-claim,"ABSTRACT Computational thinking complements critical thinking as a way of reasoning to solve problems, make decisions and interact with our world. It draws concepts and techniques such as abstraction, decomposition, algorithmic design, generalization, evaluation and iteration from computer and information science, but has broad application in the arts, sciences, humanities and social sciences. This paper compares computational and critical modes of thinking, identifying concepts and terminology that support cross‐disciplinary discourse, inform faculty and curriculum development efforts, and interconnect learning outcomes at the course, program and university level, thus helping programs better articulate contributions to institutional goals. A better understanding of each mode can enrich what we teach aspiring information professionals about computational and critical thinking, how we teach it, and how we apply these skills in our professional work.",openalex,llm,0.900,unreviewed,
discarded,Computational Thinking for an Inclusive World: A Resource for Educators to Learn and Lead,Kelly Mills; Merijke Coenraad; Pati Ruiz; Quinn Burke; Josh Weisgrau,2021,,10.51388/20.500.12265/138,https://openalex.org/W3214920323,adjacent-subtopic,"Technology is becoming more integral across professional fields and within our daily lives, especially since the onset of the pandemic. As such, opportunities to learn computational thinking are important to all students—not only the ones who will eventually study computer science or enter the information technology industry. However, large inequalities continue to exist in access to equipment and learning opportunities needed to build computational thinking skills for students that experience marginalization. We call all educators to integrate computational thinking into disciplinary learning across PreK-12 education, while centering inclusivity, to equip students with the skills they need to participate in our increasingly technological world and promote justice for students and society at large. This report issues two calls to action for educators to design inclusive computing learning opportunities for students: (1) integrate computational thinking into disciplinary learning, and (2) build capacity for computational thinking with shared leadership and professional learning. Inspired by the frameworks, strategies, and examples of inclusive computational thinking integration, readers can take away practical implications to reach learners in their contexts.",openalex,llm,0.740,unreviewed,
discarded,"Steam In Education: A Literature Review On The Role Of Computational Thinking, Engineering Epistemology And Computational Science. Computational Steam Pedagogy (Csp)",Sarantos Psycharis,2018,Zenodo (CERN European Organization for Nuclear Research),10.5281/zenodo.1214565,https://openalex.org/W3208648528,adjacent-subtopic,"Here we discuss the role of Computational Thinking (CT), Engineering Education Epistemology (EEE) , Computational Science Education (CSE) and the integration of Arts with STEM in education and more generally in learning and teaching approaches and learning objectives. We present arguments from research articles and we propose activities that support our model for Computational STEAM Pedagogy. The purpose of the literature review is to outline research studies in the different forms of STEAM integration and to highlight how CT, EEE, CSE and Arts can be used in this integration and what epistemology can support this holistic approach . The main objective is to summarise what is currently known about the STEAM approaches and to add to the existing literature with a primary model which connects EEE with the Computational pedagogical knowledge mode. The bibliography presents materials covering theoretical considerations around Computational Thinking, Engineering Epistemology, STEM Epistemology, Computational Science in Education and Arts in STEAM. Literature review was conducted using several web-based search engine tools like Web of Science, Google Scholar and open Google searches.",openalex,llm,0.770,unreviewed,
discarded,Computational Thinking and Robotics: A Teaching Experience in Compulsory Secondary Education with Students with High Degree of Apathy and Demotivation,Belkis Díaz-Lauzurica; David Moreno-Salinas,2019,Sustainability,10.3390/su11185109,https://openalex.org/W2973608166,adjacent-subtopic,"In present and future society, all individuals must be able to face the problems, risks, advantages and opportunities that will arrive with new paradigms in the labour market, social relations and technology. To reach this goal, a quality and inclusive education together with a proper and complete formation in technology (communications, robotics, programming, computational thinking (CT), etc.) must be imparted at all educational levels. Moreover, all individuals should have the same opportunities to develop their skills and knowledge, as stated in Goal 4 of the Sustainable Development Goals, Sustainable Education. Following this trend, in the present work, a practical experience about how to teach CT using robotics is developed, showing the results and evaluation of the lessons on robotics taught to students in their 4th year of compulsory secondary education, and where the students showed a high degree of apathy and demotivation. The teaching unit was based on an action research approach that includes a careful selection of pedagogical techniques and instruments to attract and keep the attention and interest of the students. In addition to the robotics lessons, a previous computational thinking training with Blockly Games was carried out, which contributed to noticeably increase the students motivation and to introduce them to the programming of robots. Moreover, gamification was used to motivate and evaluate the individual knowledge, and the students were required to present the work performed through a final project. The individual needs of the students were fulfilled with a daily monitoring. The results show that the pedagogical techniques, instruments and evaluation were adequate to increase the motivation of the students and to obtain a significant learning, showing how the teaching of CT may attract students that have lost interest and motivation, while providing them with abilities that will be essential for the learning throughout life.",openalex,llm,0.860,unreviewed,
kept,Computational Thinking Education in K–12,"Kong, Siu-Cheung; Abelson, Harold 1947-",2022,The MIT Press eBooks,10.7551/mitpress/13375.001.0001,https://openalex.org/W4285191383,supports-claim,"A guide to computational thinking education, with a focus on artificial intelligence literacy and the integration of computing and physical objects. Computing has become an essential part of today's primary and secondary school curricula. In recent years, K–12 computer education has shifted from computer science itself to the broader perspective of computational thinking (CT), which is less about technology than a way of thinking and solving problems—“a fundamental skill for everyone, not just computer scientists,” in the words of Jeanette Wing, author of a foundational article on CT. This volume introduces a variety of approaches to CT in K–12 education, offering a wide range of international perspectives that focus on artificial intelligence (AI) literacy and the integration of computing and physical objects. The book first offers an overview of CT and its importance in K–12 education, covering such topics as the rationale for teaching CT; programming as a general problem-solving skill; and the “phenomenon-based learning” approach. It then addresses the educational implications of the explosion in AI research, discussing, among other things, the importance of teaching children to be conscientious designers and consumers of AI. Finally, the book examines the increasing influence of physical devices in CT education, considering the learning opportunities offered by robotics. Contributors Harold Abelson, Cynthia Breazeal, Karen Brennan, Michael E. Caspersen, Christian Dindler, Daniella DiPaola, Nardie Fanchamps, Christina Gardner-McCune, Mark Guzdial, Kai Hakkarainen, Fredrik Heintz, Paul Hennissen, H. Ulrich Hoppe, Ole Sejer Iversen, Siu-Cheung Kong, Wai-Ying Kwok, Sven Manske, Jesús Moreno-León, Blakeley H. Payne, Sini Riikonen, Gregorio Robles, Marcos Román-González, Pirita Seitamaa-Hakkarainen, Ju-Ling Shih, Pasi Silander, Lou Slangen, Rachel Charlotte Smith, Marcus Specht, Florence R. Sullivan, David S. Touretzky",openalex,llm,0.870,unreviewed,
kept,Computational thinking: an investigation of the existing scholarship and research,"Andrea E. Weinberg; Cobb, R. Brian; Albright, Leonard; Kehle, Paul; Vaske, Jerry",2007,Digital Collections of Colorado (Colorado State University),10.25675/3.024425,https://openalex.org/W2521796861,supports-claim,"Despite the prevalence of computing and technology in our everyday lives and in almost every discipline and profession, student interest and enrollment in computer science courses is declining. In response, computer science education in K-12 schools and universities is undergoing a transformation. Computational thinking has been proposed as a universal way of thinking with benefits for everyone, not just computer scientists. The focus on computational thinking moves beyond computer literacy, or the familiarity with software, to a way of thinking that benefits everyone. Many see computational thinking as a way to introduce students to computer science concepts and ways of thinking and to motivate student interest in computer science. The first part of this dissertation describes a study in which the researcher systematically examined the literature and scholarship on computational thinking since 2006. The aim was to explore nature and extent of the entire body of literature and to examine the theory and research evidence on computational thinking. Findings reveal that there has been a steady increase in the popularity of the concept of computational thinking, but it is not yet developed to the point where it can be studied in a meaningful way. An examination of the research evidence on computational thinking found inadequacies in the conceptual characteristics and the reporting of studies. Weaknesses were identified in the theoretical conceptualization of interventions, definitions of key concepts, intervention descriptions, research designs, and the presentation of findings. Recommendations for bolstering the research evidence around this burgeoning concept are presented, including collaboration between computer scientists and educational researchers to apply social science research methods to conduct robust studies of computational thinking interventions. The second part of this dissertation describes how computational thinking is currently incorporated into K-12 educational settings. The bulk of the literature on computational thinking describes ways in which programs promote this way of thinking in students. The K-12 programs that encourage computational thinking are classified, described, and discussed in a way that is intended to be meaningful for K-12 educators and educational researchers. Potential barriers and factors that might enable educators to use each category of interventions are discussed.",openalex,llm,0.950,unreviewed,
discarded,Computational Thinking and Epistemic Heterogeneity: A Critical Review of Music plus Coding,"Roberts, Cameron L.; Horn, Michael S.",2025,ACM TRANSACTIONS ON COMPUTING EDUCATION,10.1145/3749995,https://www.webofscience.com/wos/woscc/full-record/WOS:001615773900003,adjacent-subtopic,"In recent years, the intersection of music and coding has emerged as a cross-disciplinary approach to engage learners in both musical and computational expression. This article examines the motivations and framing of recent music and coding research through an analysis of 65 articles published between 2004 and 2024. We survey the key findings of this body of work, exploring the extent to which they generalize across diverse populations and educational contexts. We situate these findings within the broader aims of the field of computer science education, critiquing the use of music as a motivational tool in computing education rather than as a topic worthy of exploration in its own right. Methodological limitations are identified, with recommendations for future research to address these gaps. Drawing on theories of onto-epistemic heterogeneity, we call for a more inclusive approach to computing education that integrates sociocultural, historical, and critical perspectives to more effectively support learners from diverse linguistic, cultural, and economic backgrounds.",wos,llm,0.840,unreviewed,
