status,title,authors,year,venue,doi,url,tags,abstract,provider,decision_source,llm_confidence,llm_review_outcome,llm_change_direction
discarded,Discovering Structural Formations of Multi-Level and Compound Control-Flow Gateways From Process Logs,"Nguyen, Thanh-Hai; Kim, Kwanghoon Pio",2023,IEEE ACCESS,10.1109/ACCESS.2023.3330140,https://www.webofscience.com/wos/woscc/full-record/WOS:001119341800001,adjacent-subtopic,"In the field of process mining, the discovery of process patterns from event logs remains a challenging topic and has always interested many researchers. Exploiting the process model remains a major challenge and is highly dependent on event log characteristics, such as dataset size, the completeness of the event trace, and especially the complexity of the process model structure. The rho (rho)-algorithm is a powerful process mining algorithm that can mine all the structured information control net (SICN), such as sequential, selective, parallel, and iterative. The rho -algorithm also faces challenges when mining complex process patterns, consisting of many SICN primitive patterns combined at multiple levels that satisfy properties matched pairing and the proper nesting. This paper presents a new approach, defines the formalization of the multi-level and compound control-flow gateways (ML-CCFG) and a series of rules for decision-making these gateways, and proposes an algorithm extending from rho -algorithm (we named it rho MC-algorithm), that can efficiently discover the SICN-oriented process model containing ML-CCFG from process instances event log. We developed an implementation system rho MC-algorithm to discover and visualize in a graphical form SICN-oriented process models from the datasets of the IEEE XES-formatted process enactment event logs. We also perform a series of experimental analyses using the implemented system on the process enactment event log datasets to verify the proposed algorithm.",wos,llm,0.900,unreviewed,
discarded,Exploiting the Sparseness of Control-Flow and Call Graphs for Efficient and On-Demand Algebraic Program Analysis,"Conrado, Giovanna Kobus; Goharshady, Amir Kafshdar; Kochekov, Kerim; Tsai, Yun Chen; Zaher, Ahmed Khaled",2023,PROCEEDINGS OF THE ACM ON PROGRAMMING LANGUAGES-PACMPL,10.1145/3622868,https://www.webofscience.com/wos/woscc/full-record/WOS:001087279100072,adjacent-subtopic,"Algebraic Program Analysis (APA) is a ubiquitous framework that has been employed as a unifying model for various problems in data-flow analysis, termination analysis, invariant generation, predicate abstraction and a wide variety of other standard static analysis tasks. APA models program summaries as elements of a regular algebra (A, circle plus, circle times, circle star, (o) over bar, (1) over bar). Suppose that a summary in A is assigned to every transition of the program and that we aim to compute the effect of running the program starting at line s and ending at line t. APA first computes a regular expression rho capturing all program paths of interest. In case of intraprocedural analysis, rho models all paths from s to t, whereas in the interprocedural case it models all interprocedurally-valid paths, i.e. paths that go back to the right caller function when a callee returns. This regular expression rho is then interpreted over the algebra (A, circle plus, circle times, circle star, (o) over bar, (1) over bar) to obtain the desired result. Suppose the program has n lines of code and each evaluation of an operation in the regular algebra takes O(k) time. It is well-known that a single APA query, or a set of queries with the same starting point B, can be answered in O (n . alpha(n) . k), where alpha is the inverse Ackermann function.

In this work, we consider an on-demand setting for APA: the program is given in the input and can be preprocessed. The analysis has to then answer a large number of on-line queries, each providing a pair (s, t) of program lines which are the start and end point of the query, respectively. The goal is to avoid the significant cost of running a fresh APA instance for each query. Our main contribution is a series of algorithms that, after a lightweight preprocessing of O(n . lg n . k), answer each query in O(k) time. In other words, our preprocessing has almost the same asymptotic complexity as a single APA query, except for a sub-logarithmic factor, and then every future query is answered instantly, i.e. by a constant number of operations in the algebra. We achieve this remarkable speedup by relying on certain structural sparsity properties of control-flow and call graphs (CFGs and CGs). Specifically, we exploit the fact that control-flow graphs of real-world programs have a tree-like structure and bounded treewidth and nesting depth and that their call graphs have small treedepth in comparison to the size of the program. Finally, we provide experimental results demonstrating the effectiveness and efficiency of our approach and showing that it beats the runtime of classical APA by several orders of magnitude.",wos,llm,0.900,unreviewed,
discarded,A Comprehensive Evaluation of Android ICC Resolution Techniques,"Yan, Jiwei; Zhang, Shixin; Liu, Yepang; Deng, Xi; Yan, Jun; Zhang, Jian",2022,"PROCEEDINGS OF THE 37TH IEEE/ACM INTERNATIONAL CONFERENCE ON AUTOMATED SOFTWARE ENGINEERING, ASE 2022",10.1145/3551349.3560420,https://www.webofscience.com/wos/woscc/full-record/WOS:001062775200161,adjacent-subtopic,"Inter-component communication (ICC) is a widely used mechanism in mobile apps, which enables message-based control flow transferring and data passing between Android components. Effective ICC resolution requires precisely identifying entry points, analyzing data values of ICC fields, modeling related framework APIs, etc. Due to various control-flow- and data-flow-related characteristics involved and the lack of oracles for real-world apps, the comprehensive evaluation of ICC resolution techniques is challenging.

To fill this gap, we collect multiple-type benchmark suites with 4,104 apps, covering hand-made apps, open-source, and commercial ones. Considering their differences, various evaluation metrics, e.g., number count, graph structure, and reliable oracle based metrics, are adopted on-demand. As the oracle for real-world apps is unavailable, we design a dynamic analysis approach to extract the real ICC links triggered during GUI exploration. By auditing the code implementations, we carefully check the extracted ICCs and confirm 1,680 ones to form a reliable oracle set, in which each ICC is labeled with 25 code characteristic tags. The evaluation performed on six state-of-the-art ICC resolution tools shows that 1) the completeness of static ICC resolution results on real-world apps is not satisfactory, as up to 38%-85% ICCs are missed by tools; 2) many wrongly reported ICCs are sent from or received by only a few components and the graph structure information can help the identification; 3) the efficiency of fundamental tools, like ICC resolution ones, should be optimized in both engineering and research aspects. By investigating both the missed and wrongly reported ICCs, we discuss the strengths of different tools for users and summarize eight common FN/FP patterns in ICC resolution for tool developers.",wos,llm,0.950,unreviewed,
discarded,Publications on the diagnostic accuracy of dermatopathology tests: A cross-sectional quality analysis,"Knez, Nora; Kroflin, Karla; Fraga, Garth R. R.",2023,JOURNAL OF CUTANEOUS PATHOLOGY,10.1111/cup.14504,https://www.webofscience.com/wos/woscc/full-record/WOS:001046439200001,off-topic-false-hit,"Background: Ancillary diagnostic tests are frequent in dermatopathology practice. Publications on their accuracy influence their utilization. The transparency and completeness of these publications are unknown.

Methods: We performed a cross-sectional study on diagnostic accuracy studies in dermatopathology published between 2020 and 2022 for compliance with Standards for Reporting of Diagnostic Accuracy Studies (STARD) and the Quality Assessment of Diagnostic Accuracy Studies 2 (QUADAS-2).

Results: 14.67 +/- 3.02 STARD items were reported in 62 publications (range, 9.5-23.5 out of the recommended total of 30). More items were reported in high-impact factor journals (16.01 vs. 13.32, p = 0.0002) and journals that endorsed STARD in their author instructions (17.22 vs. 14.11, p = 0.0039). Less than 10% of publications reported quantifiable hypotheses, sample size calculations, flow diagrams, or study registrations. The risk of bias by our analysis of QUADAS-2 criteria was high or uncertain for index test interpretation (36/62, 58%) and patient selection (44/62, 71%).

Conclusions: Publications on dermatopathology tests are exploratory studies without prespecified hypotheses or study designs. They do not meet the criteria for transparent reporting. We suggest that medical journal leadership should consider updating their instructions with more explicit guidance on recommended manuscript elements.",wos,llm,0.990,unreviewed,
discarded,Automatically Detecting Variability Bugs Through Hybrid Control and Data Flow Analysis,"Kaoudis, Kelly; Brodin, Henrik; Sultanik, Evan",2023,"2023 IEEE SECURITY AND PRIVACY WORKSHOPS, SPW",10.1109/SPW59333.2023.00022,https://www.webofscience.com/wos/woscc/full-record/WOS:001039152300018,adjacent-subtopic,"Subtle bugs that only manifest in certain software configurations are notoriously difficult to correctly trace. Sometimes called Heisenbugs, these runtime variability flaws can result from invoking undefined behavior in languages like C and C++, or from compiler flaws. In this paper, we present a novel analysis technique for detecting and correctly diagnosing variability bugs' impact on a program through comparing control-affecting data flow across differently compiled program variants. Our UBet prototype dynamically derives a runtime control flow trace while tracing universal data flow for a program processing a given input, operating at a level of tracing completeness not achievable through similar dynamic instrumentation means. Sans compiler bugs or undefined behavior, every compile-time program configuration (i.e., compiler flags vary) should be semantically equivalent. Thus, any input for which a program variant produces inconsistent output indicates a variability bug. Our analysis compares control-affecting data flow traces from disagreeing program version runs to identify related input bytes and determine where in the program the processing variability originates. Though we initially demonstrate our technique on C++ variability bugs in Nitro, the American Department of Defense NITF (National Imagery Transmission Format) reference implementation parser, our approach applies equally to other programs and input types beyond NITF parsers. Finally, we sketch a path toward completing this work and refining our analysis, including evaluating parsers of other input formats.",wos,llm,0.930,unreviewed,
discarded,Reporting quality of CONSORT flow diagrams in published early phase dose-finding clinical trial reports: Improvement is needed,"Alger, Emily; Zhang, Yuqi; Yap, Christina",2023,CONTEMPORARY CLINICAL TRIALS,10.1016/j.cct.2023.107277,https://www.webofscience.com/wos/woscc/full-record/WOS:001039992000001,off-topic-false-hit,"Background: This project aims to: (1) assess the completeness of information in flow diagrams of published early phase dose-finding (EPDF) trials based on CONSORT recommendations, and if additional features on dose (de-)escalation were presented; (2) propose new flow diagrams presenting how doses were (de-)escalated throughout the trial.

Methods: Flow diagrams were extracted from a random sample of 259 EPDF trials, published from 2011 to 2020 indexed in PubMed. Diagrams were scored out of 15 following CONSORT recommendations with an additional score for presence of (de-)escalation. New templates were proposed for features that were deficient and presented to 39 methodologists and 11 clinical trialists in October and December 2022.

Results: 98 (38%) papers included a flow diagram. Flow diagrams were most deficient in the reporting of reasons for lost to follow up (2%) and reasons for not receiving allocated intervention (14%). Few (39%) presented sequential dose-decision stages.

Of voting methodologists, 33/38 (87%) agreed or strongly agreed that for participants recruited in cohorts, presenting the (de-)escalation steps in the flow diagram is a useful feature, also expressed by the trial investigators. Most workshop attendees (35/39, 90%) preferred a larger dose to be displayed higher up within the flow diagram than a smaller dose.

Conclusion: Most published trials do not provide a flow diagram, and for those that do, essential information is often omitted. EPDF flow diagrams capturing information on participant flow in the trial's journey, encapsulated within one figure, are highly recommended to promote transparency and interpretability of trial results.",wos,llm,0.990,unreviewed,
discarded,Phloem: Automatic Acceleration of Irregular Applications with Fine-Grain Pipeline Parallelism,"Nguyen, Quan M.; Sanchez, Daniel",2023,"2023 IEEE INTERNATIONAL SYMPOSIUM ON HIGH-PERFORMANCE COMPUTER ARCHITECTURE, HPCA",10.1109/HPCA56546.2023.10071026,https://www.webofscience.com/wos/woscc/full-record/WOS:000982303200092,adjacent-subtopic,"Irregular applications are increasingly common in diverse domains, like graph analytics and sparse linear algebra. Accelerating these applications is challenging because of their unpredictable data reuse and control flow. Recent work has proposed hardware support for fine-grain pipeline parallelism, hiding long latencies by decoupling irregular applications into pipeline stages. However, this prior work requires programmers to manually decouple applications. This tedious and error-prone process limits the usefulness of such architectural support.

We address this problem with Phloem, a compiler that automatically discovers and exploits pipeline parallelism in irregular applications. Prior compilers for pipeline parallelism target regular applications, which contain simple pipeline stages with known latencies and fixed buffering needs. Designing Phloem to target irregular applications, where these properties do not hold, requires treating their unique challenges as first-class considerations throughout its design. Phloem breaks down this complex transformation into a series of simple passes that together encode the insights that have been previously applied by hand, producing code that targets architectures with support for queue-based communication.

We evaluate Phloem by generating efficient pipelines on a variety of irregular applications. Phloem's contributions improve performance by 1.7x on average, approaching (and sometimes exceeding) the performance of manually optimized pipelineparallel code. These results show that, for the first time, automatic parallelization for irregular applications is not only feasible, but also profitable.",wos,llm,0.900,unreviewed,
discarded,Reporting of flow diagrams in randomised controlled trials published in periodontology and implantology: a survey,"Meyer, Hanns-Gustav Julius; Pandis, Nikolaos; Seehra, Jadbinder; Faggion, Clovis Mariano",2023,BMC MEDICAL RESEARCH METHODOLOGY,10.1186/s12874-023-01923-7,https://www.webofscience.com/wos/woscc/full-record/WOS:000975781500001,off-topic-false-hit,"BackgroundItem 13 of the CONSORT guidelines recommends documentation of the participant flow in randomised clinical trials (RCTs) using a diagram. In the medical literature, the reporting of the flow of participants in RCTs has been assessed to be inadequate. The quality of reporting flow diagrams in periodontology and implantology remains unknown. The aim of this study was to assess the reporting of flow diagrams in RCTs published in periodontology and implantology journals.Materials and MethodsRCTs published between 15(th) January 2018 and 15(th) January 2022 in twelve high-ranked periodontology and implantology journals were identified. Trial characteristics at the RCT level were extracted. The flow diagram included in each RCT was assessed for completeness of reporting in relation to published criteria and the CONSORT flow diagram template.ResultsFrom the 544 eligible articles, 85% were single-centre, 82% of parallel-group design and 79% investigated surgical interventions. Three-hundred and fifteen (58%) articles were published in CONSORT endorsing journals. A flow diagram was reported in 317 (58%) trials and reporting was more common in periodontology (73.1%). Overall, 56% of publications with a flow diagram reported a complete CONSORT flow diagram, while in 44% of flow diagrams, at least one point from the CONSORT reporting template was missing. Reasons for loss to follow-up (69.7%) and exclusions from the RCT analysis (86.4%) were poorly reported.ConclusionThe reporting of flow diagrams in periodontology and implantology RCTs was sub-optimal. Greater awareness of the importance of fully completing the participant CONSORT flow diagram is required.",wos,llm,0.990,unreviewed,
discarded,An asynchronous and parallel row-wise compressed SpMV kernel on heterogeneous CPU-GPU architectures,"Tan, Huachen",2022,INTERNATIONAL JOURNAL OF EMBEDDED SYSTEMS,10.1504/IJES.2022.127162,https://www.webofscience.com/wos/woscc/full-record/WOS:000890870400001,adjacent-subtopic,"Sparse matrix vector multiplication (SpMV) is a fundamental and important algebra used extensively in various fields, such as machine learning, data mining and numerical simulation. Accelerating SpMV benefits the corresponding real-world applications. Meanwhile, heterogeneous CPU-GPU architectures are inevitable to realise high-performance computing. Therefore, this paper designs an asynchronous parallel row-wise compressed SpMV kernel by utilising the heterogeneous CPU-GPU architectures to accelerate applications that use SpMV. First, according to the memory access and control flow of SpMV and the architectural features of the heterogeneous CPU-GPU systems, the heterogeneous parallelisation of the row-wise compressed SpMV based on CSR format is designed. Next, an asynchronous method is designed for the parallel compressed SpMV kernel to create an additional level of parallelism in SpMV execution. The proposed SpMV kernel can obtain up to 8.97% improvement from the asynchronous method on the heterogeneous CPU-GPU architecture and perform the nearly linear speedup across GPU threads.",wos,llm,0.940,unreviewed,
discarded,Compiling Quantamorphisms for the IBM Q Experience,"Neri, Ana; Barbosa, Rui Soares; Oliveira, Jose N.",2022,IEEE TRANSACTIONS ON SOFTWARE ENGINEERING,10.1109/TSE.2021.3117515,https://www.webofscience.com/wos/woscc/full-record/WOS:000881981800006,adjacent-subtopic,"Based on the connection between the categorical derivation of classical programs from specifications and a category-theoretic approach to quantum information, this paper contributes to extending the laws of classical program algebra to quantum programming. This aims at building correct-by-construction quantum circuits to be deployed on quantum devices such as those available through the IBM Q Experience. Reversibility is ensured by minimal complements. Such complementation is extended inductively to encompass catamorphisms on lists (vulgo folds), giving rise to the corresponding recursion scheme in reversible computation. The same idea is then applied to the setting of quantum programming, where computation is expressed by unitary transformations. This yields the notion of 'quantamorphism', a structural form of quantum recursion implementing cycles and folds on lists with quantum control flow. By Kleisli correspondence, quantamorphisms can be written as monadic functional programs with quantum parameters. This enables the use of Haskell, a monadic functional programming language, to perform the experimental work. Such calculated quantum programs prepared in Haskell are pushed through Quipper and the Qiskit interface to IBM Q quantum devices. The generated quantum circuits - often quite large - exhibit the predicted behaviour. However, running them on real quantum devices naturally incurs a significant amount of errors. As quantum technology is rapidly evolving, an increase in reliability is likely in the future, allowing for our programs to run more accurately.",wos,llm,0.820,unreviewed,
discarded,Compilation of Dynamic Sparse Tensor Algebra,"Chou, Stephen; Amarasinghe, Saman",2022,PROCEEDINGS OF THE ACM ON PROGRAMMING LANGUAGES-PACMPL,10.1145/3563338,https://www.webofscience.com/wos/woscc/full-record/WOS:001083750200052,off-topic-false-hit,"Many applications, from social network graph analytics to control flow analysis, compute on sparse data that evolves over the course of program execution. Such data can be represented as dynamic sparse tensors and efficiently stored in formats (data layouts) that utilize pointer-based data structures like block linked lists, binary search trees, B-trees, and C-trees among others. These specialized formats support fast in-place modification and are thus better suited than traditional, array-based data structures like CSR for storing dynamic sparse tensors. However, different dynamic sparse tensor formats have distinct benefits and drawbacks, and performing different computations on tensors that are stored in different formats can require vastly dissimilar code that are not straightforward to correctly implement and optimize.

