status,title,authors,year,venue,doi,url,tags,abstract,provider,decision_source,llm_confidence,llm_review_outcome,llm_change_direction
discarded,Contesting sociocomputational norms: Computer programming instructors and students' stancetaking around refactoring,"Fong, Morgan M.; Deliema, David; Flood, Virginia J.; Aalst, Oia Walker-van",2025,INTERNATIONAL JOURNAL OF COMPUTER-SUPPORTED COLLABORATIVE LEARNING,10.1007/s11412-023-09392-2,https://www.webofscience.com/wos/woscc/full-record/WOS:001059611900001,adjacent-subtopic,"Working solutions to problems are not definitive end points. As a result, code that is technically correct can still be treated as needing revising - a practice in computer programming known as refactoring. We document how late elementary to middle school students and their undergraduate instructors weigh the possibility of refactoring working code in an informal summer computer science workshop. We examined a 20-min stretch of classroom activity in which multiple coding approaches were explicitly evaluated as alternative routes to the same code output. Our theoretical framework draws on the stance triangle, amplifying and attenuating inequity, and an extension of sociomathematical norms. Using the method of interaction analysis, we transcribed and analyzed stretches of talk, gesture, and action during whole class dicourse and small group interactions involving 4-6 students. We investigated how instructors and students introduced, characterized, applied, and contested sociocomputational norms through stancetaking in classroom discourse, which shaped whose voices contributed to the discussion and whose ideas were treated as impactful and praiseworthy in the classroom. Because it is within these discourse spaces that instructors and students interpret and reinterpret sociocomputational norms about what is valued in programming approaches, educational researchers and teachers might attend to these conversation dynamics as one route to fostering more supportive and inclusive learning spaces.",wos,llm,0.910,unreviewed,
kept,Integrating Computational Thinking into Primary and Lower Secondary Education: A Systematic Review,"Kampylis, Panagiotis; Dagiene, Valentina; Bocconi, Stefania; Chioccariello, Augusto; Engelhardt, Katja; Stupuriene, Gabriele; Masiulionyte-Dagiene, Vaida; Jasute, Egle; Malagoli, Chiara; Horvath, Milena; Earp, Jeffrey",2023,EDUCATIONAL TECHNOLOGY & SOCIETY,10.30191/ETS.202304_26(2).0008,https://www.webofscience.com/wos/woscc/full-record/WOS:001035154000003,supports-claim,"In recent years, many countries have introduced Computational Thinking (CT) concepts into compulsory education as part of general curriculum reform efforts. A systematic review of academic and grey literature has been conducted to analyse the state of the art in implementing CT in primary and secondary education. In total, 1977 publications were identified, out of which 98 met the inclusion criteria for the review. The results show that, despite a lack of consensus on a common definition, a core set of key CT skills is addressed in primary and lower secondary education. Implementation approaches that emerged from the analysis are discussed and presented according to the European Commission's Joint Research Centre (2016) classification: (i) embedding CT across the curriculum as a transversal theme/skill set; (ii) integrating CT as a separate subject; and (iii) incorporating CT skills within other subjects such as Mathematics and Technology. New approaches to formative assessment of CT are emerging, reflecting different conceptualisations and differences in contextual and motivational aspects of CT curriculum integration. However, further investigation is needed to understand better how gender/equity/inclusion issues impact the quality of computing education integration.",wos,llm,0.970,unreviewed,
discarded,BEBRAS: INSPIRING INFORMATICS EDUCATION ACROSS THE GLOBE,"Dagiene, Valentina",2023,BULLETIN OF THE EUROPEAN ASSOCIATION FOR THEORETICAL COMPUTER SCIENCE,,https://www.webofscience.com/wos/woscc/full-record/WOS:001022167500012,adjacent-subtopic,"The Bebras challenge is an international initiative that aims to promote informatics and computational thinking concepts to students in schools. It is designed as a contest where participants solve a set of tasks that require problem-solving skills, logical reasoning, and algorithmic thinking. The challenge is open to students of various age groups, typically ranging from primary school to high school. It provides an opportunity for students to engage with informatics concepts in a fun and interactive way. The tasks are carefully designed to be intellectually stimulating and encourage students to think critically and creatively. The Bebras challenge focuses on concept-based tasks that cover a wide range of informatics topics. These tasks may involve understanding and analyzing information, algorithmic thinking and problem-solving, using computer systems effectively, recognizing patterns and structures, considering social and ethical issues related to technology, and solving puzzles.

The challenge is organized annually in countries all over world, and participating students solve tasks at different levels. The tasks are carefully crafted by teams of educators, researchers, and professionals to ensure their relevance, educational value, and suitability for the target age groups. The tasks are usually based on real-life scenarios or practical situations that require computational thinking skills to solve. Participating in the Bebras challenge offers students an opportunity to develop their computational thinking abilities, improve their problem-solving skills, and gain exposure to various aspects of informatics. It also encourages collaboration, critical thinking, and a deeper understanding of how technology impacts our daily lives. Thus, the Bebras challenge serves as a platform to engage students in computational thinking and foster their interest in informatics, laying the foundation for future studies and careers in computer science and related fields.",wos,llm,0.760,unreviewed,
discarded,Competitive programming in computational thinking and problem solving education,"Yuen, Kevin K. F.; Liu, Dennis Y. W.; Leong, Hong Va",2023,COMPUTER APPLICATIONS IN ENGINEERING EDUCATION,10.1002/cae.22610,https://www.webofscience.com/wos/woscc/full-record/WOS:000929421800001,adjacent-subtopic,"Building practical programming competency requires a long-lasting journey of discovery, trial and error, learning and improvement. This article presents essential findings of a case study of a Python programming contest with an automatic judgement system for Competitive Programming training extending the learning experiences for students in an introductory course, computational thinking and problem-solving. The benefits and challenges are discussed. Due to the coronavirus disease 2019 (COVID-19) epidemic, a hybrid model of the contest was adopted, that is, some students participated in the contest on-site, while others participated remotely. To alleviate human effort in judging the submissions, the DOMjudge platform, a web-based automatic judgement system, has been deployed as an online automatic judgement system and contest management in competitive programming. The implementation roadmap and framework were provided. The contest problems and contestants' performances were discussed. Not many junior contestants could solve at least one problem(s), and competitive computing training should be offered if the students are keen on open competitions. An empirical study was conducted to evaluate the student feedback after the contest. Preliminary results revealed that the contest offering the chance to stimulate student learning interests could enhance their independent learning, innovative thinking and problem-solving skills, and could thus lead to the overall benefits of the learning experiences, which further encourage them to participate in future contests to improve their learning and therefore enhance their employability. Employers often treasure student experiences in competitive programming events, like association for computing machinery programming contests, Google Code Jam or Microsoft Imagine Cup. Sharp vision requiring skills to tackle unseen problems within a short period is also instrumental to students planning for graduate school.",wos,llm,0.950,unreviewed,
kept,The relationships between computational and mathematical thinking: A review study on tasks,"Wu, Wan-Rou; Yang, Kai-Lin",2022,COGENT EDUCATION,10.1080/2331186X.2022.2098929,https://www.webofscience.com/wos/woscc/full-record/WOS:000824314100001,qualifies-claim,"This review study synthesises the literature on how computational thinking (CT) and mathematical thinking (MT) are integrated into mathematics education research with a focus on tasks. A review of 28 relevant articles on the Web of Science Core Collection database indicated that (1) CT helps students develop and apply mathematical concepts and competence using software or programming; (2) MT helps students solve problems in CT, not necessarily including programming; (3) a reciprocal relationship between CT and MT embeds CT into mathematics learning, where CT is involved in problem-solving, and MT is developed to improve student performance on debugging or reflection; (4) tasks rarely involve creative thinking for creating computational artefacts in CT practices; and (5) tasks rarely involve critical thinking for constructing viable arguments and critiquing the reasoning of others in MT practices. Subsequently, features (including relationship, entry, and what to do) of tasks for integration between CT and MT are proposed.",wos,llm,0.860,unreviewed,
discarded,A systematic review of primary school teachers' experiences with digital technologies curricula,"Stringer, Lynley Rose; Lee, Kerry Maree; Sturm, Sean; Giacaman, Nasser",2022,EDUCATION AND INFORMATION TECHNOLOGIES,10.1007/s10639-022-11127-z,https://www.webofscience.com/wos/woscc/full-record/WOS:000805713900004,adjacent-subtopic,"Many countries around the world have now introduced Digital Technology concepts and pedagogical practices to their primary school curricula to ensure students develop the understanding, competences and values that will enable them to contribute to and benefit from their future labour market and society. This study aimed to explore teachers' experiences with these curricula in order to understand how teachers can be supported to raise their implementation efforts. An analysis of twenty-three studies across eleven countries was undertaken and found there was a lack of consensus of an appropriate age and approach to introducing Digital Technology concepts within primary schools. Teachers' Digital Technology self-efficacy, Digital Technology self-esteem/ Digital Technology confidence was seen to greatly influence their implementation, and many challenges to implementation were discussed. Professional Learning and Development was raised as a solution to boost teachers' confidence and overcome common implementation barriers.",wos,llm,0.900,unreviewed,
discarded,Primary Education Student Teachers' Perceptions of Computational Thinking Through Bebras Tasks,"Cernochova, Miroslava; Selcuk, Hasan",2022,"DIGITAL TRANSFORMATION OF EDUCATION AND LEARNING - PAST, PRESENT AND FUTURE, OCCE 2021",10.1007/978-3-030-97986-7_2,https://www.webofscience.com/wos/woscc/full-record/WOS:000791085000002,adjacent-subtopic,"This paper describes an investigation of primary education student teachers' perceptions of computational thinking (CT) who participated in a course 'Digital Technologies in Primary Education', and explores what these students consider difficult when developing primary school pupils' CT. In the academic year 2021/22, a revised curriculum will be introduced into Czech primary school education. Instead of 'ICT', 'Informatics' is to be introduced into the curriculum as a new subject at all school levels. Pupils' digital literacy will be formed and developed across all subjects, so all faculties of education in the Czech Republic have paid great attention to the development of primary education student teachers, to prepare them for the planned changes in school practice. Using qualitative methods, the study findings of 66 primary education student teachers (who analysed the Bebras contest for primary school pupils) were that (1) for better understanding of CT, student teachers are required to have sufficient Informatics' knowledge to be able to think computationally, (2) student teachers reported CT is close to mathematical thinking, but these two concepts are not the same, and (3) CT development in primary education requires logical thinking, reading literacy and counting abilities.",wos,llm,0.810,unreviewed,
discarded,Algorithmic Explanations: an Unplugged Instructional Approach to Integrate Science and Computational Thinking,"Peel, Amanda; Sadler, Troy D.; Friedrichsen, Patricia",2022,JOURNAL OF SCIENCE EDUCATION AND TECHNOLOGY,10.1007/s10956-022-09965-0,https://www.webofscience.com/wos/woscc/full-record/WOS:000790699000001,adjacent-subtopic,"Computing has become essential in modern-day problem-solving, making computational literacy necessary for practicing scientists and engineers. However, K-12 science education has not reflected this computational shift. Integrating computational thinking (CT) into core science courses is an avenue that can build computational literacies in all students. Integrating CT and science involves using computational tools and methods (including programming) to understand scientific phenomena and solve science-based problems. Integrating CT and science is gaining traction, but widespread implementation is still quite limited. Several barriers have limited the integration and implementation of CT in K-12 science education. Most teachers lack experience with computer science, computing, programming, and CT and therefore are ill-prepared to integrate CT into science courses, leading to low self-efficacy and low confidence in integrating CT. This theoretical paper introduces a novel instructional approach for integrating disciplinary science education with CT using unplugged (computer-free) activities. We have grounded our approach in common computational thinking in STEM frameworks but translate this work into an accessible pedagogical strategy. We begin with an overview and critique of current approaches that integrate CT and science. Next, we introduce the Computational Thinking through Algorithmic Explanations (CT-AE) instructional approach. We then explain how CT-AE is informed by constructionist writing-to-learn science theory. Based on a pilot implementation with student learning outcomes, we discuss connections to existing literature and future directions.",wos,llm,0.860,unreviewed,
discarded,Towards Classification of Interactive Non-programming Tasks Promoting Computational Thinking,"Siaulys, Tomas; Dagiene, Valentina",2021,"INFORMATICS IN SCHOOLS: RETHINKING COMPUTING EDUCATION, ISSEP 2021",10.1007/978-3-030-90228-5_2,https://www.webofscience.com/wos/woscc/full-record/WOS:000773916500002,adjacent-subtopic,"Tasks from Bebras International Challenge on Informatics and Computational thinking are becoming a widespread educational tool for introducing students to the concepts of computer science not only in a form of a contest, but as well in computer science classrooms, games and unplugged activities. There is an ongoing debate in Bebras community about the need and the role of interactivity in Bebras tasks. Practices in different countries range from pen-and-paper solutions to fully interactive systems with immediate feedback. This work introduces classification of Interactive Bebras tasks based on engagement and interactivity taxonomies aligned with current practices of Bebras task development. Proposed classification is then used to categorize the latest tasks from Lithuanian, French and Italian Bebras Challenges. The results from this work shed more light on the properties, potential benefits and shortcomings of non-programming interactive tasks informing future research on the topic as well as current practices of organizing International Bebras Challenge.",wos,llm,0.880,unreviewed,
discarded,"From Critique to Computational Thinking: A Peer-Assessment-Supported Problem Identification, Flow Definition, Coding, and Testing Approach for Computer Programming Instruction","Fang, Jian-Wen; Shao, Dan; Hwang, Gwo-Jen; Chang, Shao-Chen",2022,JOURNAL OF EDUCATIONAL COMPUTING RESEARCH,10.1177/07356331211060470,https://www.webofscience.com/wos/woscc/full-record/WOS:000748588000001,adjacent-subtopic,"Scholars believe that computational thinking is one of the essential competencies of the 21st century and computer programming courses have been recognized as a potential means of fostering students' computational thinking. In tradition instruction, PFCT (problem identification, flow definition, coding, and testing) is a commonly adopted procedure to guide students to learn and practice computer programming. However, without further guidance, students might focus on learning the syntax of computer programming language rather than the concept of solving problems. This study proposes a peer-assessment-supported PFCT (PA-PFCT) approach for boosting students' computer programming knowledge and computational thinking awareness. A quasi-experiment was conducted on a computer programming course in a high school to evaluate its influence on students' learning achievement, computational thinking awareness, learning motivation, and self-efficacy. An experimental group of 51 students learned with the proposed approach, while a control group of 49 students learned with the traditional PFCT (T-PFCT) approach. The experimental results show that the proposed approach significantly enhanced the students' computational thinking awareness, learning motivation, and self-efficacy, while not having significant impacts on their computer programming knowledge test scores.",wos,llm,0.870,unreviewed,
discarded,Getting Inspired by Bebras Tasks. How Italian Teachers Elaborate on Computing Topics,"Lonati, Violetta",2020,INFORMATICS IN EDUCATION,10.15388/infedu.2020.29,https://www.webofscience.com/wos/woscc/full-record/WOS:000599664300008,adjacent-subtopic,"The Bebras challenge offers pupils and teachers an engaging opportunity to discover informatics, by solving small tasks that aim at promoting computational thinking Explanations and comments that reveal the computing concepts underlying the tasks are published after the contest, and teachers are encouraged to use this material in their school practice. In this paper we present an exploratory study aimed at investigating how teachers can make use of Bebras material; in particular our interest is understanding whether teachers are able to identify, comprehend, and apply the computing concepts implied by Bebras tasks, and how they can integrate them into their teaching practice. We qualitatively analyzed teaching projects developed by Italian teachers during a workshop on computing education and based on Bebras tasks; the analysis shows that teachers are in general able to build upon the tasks soundly, but it also raises some critical issues.",wos,llm,0.820,unreviewed,
kept,How Many Abilities Can We Measure in Computational Thinking? A Study on Bebras Challenge,"Araujo, Ana Liz Souto O.; Andrade, Wilkerson L.; Serey Guerrero, Dalton D.; Araujo Melo, Monilly Ramos",2019,SIGCSE '19: PROCEEDINGS OF THE 50TH ACM TECHNICAL SYMPOSIUM ON COMPUTER SCIENCE EDUCATION,10.1145/3287324.3287405,https://www.webofscience.com/wos/woscc/full-record/WOS:000575321600094,qualifies-claim,"While several approaches have been proposed to assess computational thinking (CT) abilities, it is still unclear how many and which these abilities are. Despite the undisputed importance of assessment, the fact is that there is not enough evidence on which abilities are merely theoretical and which can be empirically observed in the context of CT. This paper is part of a larger investigation in which we try to answer a simple question: can CT abilities be quantitatively defined and measured? In this particular study, we try to answer a simple question: How many CT abilities can be empirically observed using factor analysis? We approach this question, using a dataset containing answers of 1564 students from Lithuania in the Bebras Challenge from 2015. Firstly, we used confirmatory factor analysis to verify a theory that claims that five CT abilities are assessed by the contest. Our analysis shows the theory is not statistically supported. Secondly, we used principal component analysis as an exploratory analysis to try to derive an appropriate number of factors from the data. Surprisingly, the analysis suggests there are only two main recognizable factors. Finally, we briefly discuss these factors and hypothesize that the first is called evaluation ability, which would include abstraction, generalization, and decomposition, while factor 2 is algorithmic thinking and logical reasoning.",wos,llm,0.950,unreviewed,
