status,title,authors,year,venue,doi,url,tags,abstract,provider,decision_source,llm_confidence,llm_review_outcome,llm_change_direction
discarded,RUN beyond the metaphor: An efficient optimization algorithm based on Runge Kutta method,Iman Ahmadianfar; Ali Asghar Heidari; Amir H. Gandomi; Xuefeng Chu; Huiling Chen,2021,Expert Systems with Applications,10.1016/j.eswa.2021.115079,https://openalex.org/W3154719286,off-topic-false-hit,"The optimization field suffers from the metaphor-based ""pseudo-novel"" or ""fancy"" optimizers. Most of these cliche ' methods mimic animals' searching trends and possess a small contribution to the optimization process itself. Most of these cliche ' methods suffer from the locally efficient performance, biased verification methods on easy problems, and high similarity between their components' interactions. This study attempts to go beyond the traps of metaphors and introduce a novel metaphor-free population-based optimization method based on the mathematical foundations and ideas of the Runge Kutta (RK) method widely well-known in mathematics. The proposed RUNge Kutta optimizer (RUN) was developed to deal with various types of optimization problems in the future. The RUN utilizes the logic of slope variations computed by the RK method as a promising and logical searching mechanism for global optimization. This search mechanism benefits from two active exploration and exploitation phases for exploring the promising regions in the feature space and constructive movement toward the global best solution. Furthermore, an enhanced solution quality (ESQ) mechanism is employed to avoid the local optimal solutions and increase convergence speed. The RUN algorithm's efficiency was evaluated by comparing with other metaheuristic algorithms in 50 mathematical test functions and four real-world engineering problems. The RUN provided very promising and competitive results, showing superior exploration and exploitation tendencies, fast convergence rate, and local optima avoidance. In optimizing the constrained engineering problems, the metaphor-free RUN demonstrated its suitable performance as well. The authors invite the community for extensive evaluations of this deep-rooted optimizer as a promising tool for real-world optimization. The source codes, supplementary materials, and guidance for the developed method will be publicly available at different hubs at http://imanahmadianfar.com and http://aliasgharheidari.com/RUN.html.",openalex,llm,0.990,unreviewed,
discarded,Learner Support Services for Online Students: Scaffolding for success,Stacey Ludwig-Hardman; Joanna C. Dunlap,2003,The International Review of Research in Open and Distributed Learning,10.19173/irrodl.v4i1.131,https://openalex.org/W1581019934,off-topic-false-hit,"A critical component of an effective retention program for online students is a learner support services program. While many factors contribute to attrition, at the top of the list are level of interaction and support. To this end, some students in distance learning programs and courses report feelings of isolation, lack of self-direction and management, and eventual decrease in motivation levels. This article describes the types of learner support services strategies that can effectively address these retention challenges. Examples from Western Governors University (WGU) are provided to describe these strategies in action. Key terms: learner support, online learning, scaffolding, self-directed learning, isolation, learning community, advising",openalex,llm,0.980,unreviewed,
kept,Rules of Program Behavior,Rodrigo Duran; Juha Sorva; Otto Seppälä,2021,ACM Transactions on Computing Education,10.1145/3469128,https://openalex.org/W3211655051,supports-claim,"We propose a framework for identifying, organizing, and communicating learning objectives that involve program semantics. In this framework, detailed learning objectives are written down as rules of program behavior (RPBs). RPBs are teacher-facing statements that describe what needs to be learned about the behavior of a specific sort of programs. Different programming languages, student cohorts, and contexts call for different RPBs. Instructional designers may define progressions of RPB rulesets for different stages of a programming course or curriculum; we identify evaluation criteria for RPBs and discuss tradeoffs in RPB design. As a proof-of-concept example, we present a progression of rulesets designed for teaching beginners how expressions, variables, and functions work in Python. We submit that the RPB framework is valuable to practitioners and researchers as a tool for design and communication. Within computing education research, the framework can inform, among other things, the ongoing exploration of “notional machines” and the design of assessments and visualizations. The theoretical work that we report here lays a foundation for future empirical research that compares the effectiveness of RPB rulesets as well as different methods for teaching a particular ruleset.",openalex,llm,0.960,unreviewed,
kept,Mental models and computer programming,José J. Cañas; M. Teresa Bajo; Pilar Gonzalvo,1994,International Journal of Human-Computer Studies,10.1006/ijhc.1994.1038,https://openalex.org/W2050116406,adjacent-subtopic,,openalex,llm,0.610,unreviewed,
discarded,Rethinking models of feedback for learning: the challenge of design,David Boud; Elizabeth Molloy,2012,Assessment & Evaluation in Higher Education,10.1080/02602938.2012.691462,https://openalex.org/W1997543660,off-topic-false-hit,"Student feedback is a contentious and confusing issue throughout higher education institutions. This paper develops and analyses two models of feedback: the first is based on the origins of the term in the disciplines of engineering and biology. It positions teachers as the drivers of feedback. The second draws on ideas of sustainable assessment. This positions learners as having a key role in driving learning, and thus generating and soliciting their own feedback. It suggests that the second model equips students beyond the immediate task and does not lead to false expectations that courses cannot deliver. It identifies the importance of curriculum design in creating opportunities for students to develop the capabilities to operate as judges of their own learning.",openalex,llm,0.970,unreviewed,
kept,Difficulties in Learning and Teaching Programming—Views of Students and Tutors,Iain Milne; Glenn Rowe,2002,Education and Information Technologies,10.1023/a:1015362608943,https://openalex.org/W2147903644,misconceptions-review,,openalex,llm,0.830,unreviewed,
discarded,Novice and expert teachers' conceptions of learners' prior knowledge,Helen Meyer,2004,Science Education,10.1002/sce.20006,https://openalex.org/W2059014075,off-topic-false-hit,"Abstract This study presents comparative case studies of preservice and first‐year teachers' and expert teachers' conceptions of the concept of prior knowledge. Kelly's (The Psychology of Personal Construct, New York: W.W. Norton, 1955) theory of personal constructs as discussed by Akerson, Flick, and Lederman (Journal of Research in Science Teaching, 2000, 37, 363–385) in relationship to prior knowledge underpins the study. Six teachers were selected to participate in the case studies based upon their level experience teaching science and their willingness to take part. The comparative case studies of the novice and expert teachers provide insights into (a) how novice and expert teachers understand the concept of prior knowledge and (b) how they use this knowledge to make instructional decisions. Data collection consisted of interviews, classroom observations, and document analysis. Findings suggest that novice teachers hold insufficient conceptions of prior knowledge and its role in instruction to effectively implement constructivist teaching practices. While expert teachers hold a complex conception of prior knowledge and make use of their students' prior knowledge in significant ways during instruction. A second finding was an apparent mismatch between the novice teachers' beliefs about their urban students' life experiences and prior knowledge and the wealth of knowledge the expert teachers found to draw upon. © 2004 Wiley Periodicals, Inc. Sci Ed 88:970–983, 2004",openalex,llm,0.970,unreviewed,
discarded,Student engagement and achievement in American secondary schools,"<vcard>BEGIN:vCard\VERSION:3.0\FN:B. Bradford Brown\ORG:University of Wisconsin-Madison\ADR;TYPE=WORK,POSTAL,PARCEL:;;1000 Bascom Mall;Suite 377;Madison;WI;53706;US\END:vCard</vcard>; <vcard>BEGIN:vCard\VERSION:3.0\FN:Adam Gamoran\ORG:University of Wisconsin-Madison\ADR;TYPE=WORK,POSTAL,PARCEL:;;1025 W. Johnson St.;;Madison;WI;53706;US\END:vCard</vcard>; <vcard>BEGIN:vCard\VERSION:3.0\FN:Susie D. Lamborn\ORG:University of Wisconsin-Madison\ADR;TYPE=WORK,POSTAL,PARCEL:;;1000 Bascom Mall;Suite 377;Madison;WI;53706;US\END:vCard</vcard>; <vcard>BEGIN:vCard\VERSION:3.0\FN:Karen Seashore-Louis\ORG:University of Minnesota\ADR;TYPE=WORK,POSTAL,PARCEL:;;178 Pillsbury Dr. SE;330 Burton Hall;Minneapolis;MN;55455;US\END:vCard</vcard>; <vcard>BEGIN:vCard\VERSION:3.0\FN:Nina S. Mounts\ORG:Northern Illinois University\ADR;TYPE=WORK,POSTAL,PARCEL:;;1425 W. Lincoln Highway;;Dekalb;IL;60115;US\END:vCard</vcard>; <vcard>BEGIN:vCard\VERSION:3.0\FN:Martin Nystrand\ORG:University of Wisconsin-Madison\ADR;TYPE=WORK,POSTAL,PARCEL:;;600 N. Park St.;;Madison;WI;53706;US\END:vCard</vcard>; <vcard>BEGIN:vCard\VERSION:3.0\FN:BetsAnn Smith\ORG:University of Minnesota\ADR;TYPE=WORK,POSTAL,PARCEL:;;178 Pillsbury Dr. SE;;Madison;WI;55455;US\END:vCard</vcard>; <vcard>BEGIN:vCard\VERSION:3.0\FN:Gregory A. Smith\ORG:University of Wisconsin-Madison\ADR;TYPE=WORK,POSTAL,PARCEL:;;1000 Bascom Mall;Suite 377;Madison;WI;53706;US\END:vCard</vcard>; <vcard>BEGIN:vCard\VERSION:3.0\FN:Laurence Steinberg\ORG:Temple University\ADR;TYPE=WORK,POSTAL,PARCEL:;;Weiss Hall, 6th Floor;1701 N. 13th St.;Philadelphia;PA;19122;US\END:vCard</vcard>; <vcard>BEGIN:vCard\VERSION:3.0\FN:Gary G. Wehlage\ORG:University of Wisconsin-Madison\ADR;TYPE=WORK,POSTAL,PARCEL:;;1000 Bascom Mall;Suite 377;Madison;WI;53706;US\END:vCard</vcard>",1993,Choice Reviews Online,10.5860/choice.30-3945,https://openalex.org/W1598741880,off-topic-false-hit,"Findings from five main projects in the National Center on Effective Secondary Schools, which operated from December 1, 1985 to February 28, 1991, are presented. Projects investigated different aspects of engagement and achievement problems through literature reviews, analyses of existing data sets, and new studies of students and staff in 32 middle and 62 high schools throughout the United States. Material from the projects is integrated into the following chapters: (1) ""The Significance and Sources of Student Engagement"" (F. M. Newmann, G. G. Wehlage, and S. D. Lamborn); (2) ""Taking Students Seriously"" (A. Gamoran and M. Nystrand); (3) ""Higher-Order Thinking and Prospects for Classroom Thoughtfulness"" (F. M. Newmann); (4) ""Building New Programs for Students at Risk"" (G. G. Wehlage and G. A. Smith); (5) ""Cultivating Teacher Engagement: Breaking the Iron Law of Social Class"" (K. S. Louis and B. Smith); (6) ""Putting School in",openalex,llm,0.990,unreviewed,
discarded,Visual scanning and pilot expertise: the role of attentional flexibility and mental model development.,Andrew H. Bellenkes; Christopher D. Wickens; Arthur F. Kramer,1997,PubMed,,https://openalex.org/W2243704813,off-topic-false-hit,"In order to examine differences in flying expertise, 12 novice and 12 expert pilots flew a 7-segment simulation pattern under specific attentional constraints while cockpit instrument visual scan was recorded. Flight segments involved various combinations of maneuvering of heading, altitude and airspeed. Expert pilots performed better than novices on vertical and longitudinal, but not lateral control. They accomplished their superior vertical tracking by allocating more control resources to the vertical control. Analyses of scanning strategies revealed that experts: a) had shorter dwells and more frequent visits to most instruments; b) adapted their visiting strategy more flexibly in response to changing task demands; c) demonstrated a better mental model of cross-coupling and predictive relations between and within axes; and d) showed more frequent checking of axes whose values remained constant. The data is discussed in terms of their implications in pilot cockpit scan training program development.",openalex,llm,0.970,unreviewed,
kept,Investigating and improving the models of programming concepts held by novice programmers,Linxiao Ma; John Ferguson; Marc Roper; Murray Wood,2011,Computer Science Education,10.1080/08993408.2011.554722,https://openalex.org/W1977085035,supports-claim,"The teaching of introductory computer programming seems far from successful, with many first-year students performing more poorly than expected. One possible reason for this is that novices hold ‘non-viable’ mental models (internal explanations of how something works) of key programming concepts which then cause misconceptions and difficulties. An initial study investigated the apparent viability of novices' models of fundamental programming concepts, focusing on value and reference assignment. This revealed that many students appeared to hold ‘non-viable’ mental models of these key concepts and that those students who appeared to hold viable mental models performed significantly better in programming tasks than those with non-viable models. To address this, a teaching model integrating cognitive conflict and program visualisation is proposed. A series of studies found that this teaching model is potentially effective in enhancing engagement with learning materials and may therefore help novice programmers develop a better understanding of key concepts.",openalex,llm,0.960,unreviewed,
discarded,"Comparing expert and novice understanding of a complex system from the perspective of structures, behaviors, and functions",Cindy E. Hmelo‐Silver; Merav Green Pfeffer,2004,Cognitive Science,10.1207/s15516709cog2801_7,https://openalex.org/W4249959789,off-topic-false-hit,"Abstract Complex systems are pervasive in the world around us. Making sense of a complex system should require that a person construct a network of concepts and principles about some domain that represents key (often dynamic) phenomena and their interrelationships. This raises the question of how expert understanding of complex systems differs from novice understanding. In this study we examined individuals' representations of an aquatic system from the perspective of structural (elements of a system), behavioral (mechanisms), and functional aspects of a system. Structure–Behavior–Function (SBF) theory was used as a framework for analysis. The study included participants from middle school children to preservice teachers to aquarium experts. Individual interviews were conducted to elicit participants' mental models of aquaria. Their verbal responses and pictorial representations were analyzed using an SBF‐based coding scheme. The results indicated that representations ranged from focusing on structures with minimal understanding of behaviors and functions to representations that included behaviors and functions. Novices' representations focused on perceptually available, static components of the system, whereas experts integrated structural, functional, and behavioral elements. This study suggests that the SBF framework can be one useful formalism for understanding complex systems.",openalex,llm,0.960,unreviewed,
discarded,Visual representations in science education: The influence of prior knowledge and cognitive load theory on instructional design principles,Michelle Cook,2006,Science Education,10.1002/sce.20164,https://openalex.org/W1991964822,off-topic-false-hit,"Visual representations are essential for communicating ideas in the science classroom; however, the design of such representations is not always beneficial for learners. This paper presents instructional design considerations providing empirical evidence and integrating theoretical concepts related to cognitive load. Learners have a limited working memory, and instructional representations should be designed with the goal of reducing unnecessary cognitive load. However, cognitive architecture alone is not the only factor to be considered; individual differences, especially prior knowledge, are critical in determining what impact a visual representation will have on learners' cognitive structures and processes. Prior knowledge can determine the ease with which learners can perceive and interpret visual representations in working memory. Although a long tradition of research has compared experts and novices, more research is necessary to fully explore the expert–novice continuum and maximize the potential of visual representations. © 2006 Wiley Periodicals, Inc. Sci Ed 90:1073–1091, 2006",openalex,llm,0.970,unreviewed,
kept,Notional machines and introductory programming education,Juha Sorva,2013,ACM Transactions on Computing Education,10.1145/2483710.2483713,https://openalex.org/W1991469716,supports-claim,"This article brings together, summarizes, and comments on several threads of research that have contributed to our understanding of the challenges that novice programmers face when learning about the runtime dynamics of programs and the role of the computer in program execution. More specifically, the review covers the literature on programming misconceptions, the cognitive theory of mental models, constructivist theory of knowledge and learning, phenomenographic research on experiencing programming, and the theory of threshold concepts. These bodies of work are examined in relation to the concept of a “notional machine”—an abstract computer for executing programs of a particular kind. As a whole, the literature points to notional machines as a major challenge in introductory programming education. It is argued that instructors should acknowledge the notional machine as an explicit learning objective and address it in teaching. Teaching within some programming paradigms, such as object-oriented programming, may benefit from using multiple notional machines at different levels of abstraction. Pointers to some promising pedagogical techniques are provided.",openalex,llm,0.980,unreviewed,
discarded,Modelling programming performance: Beyond the influence of learner characteristics,Wilfred W. F. Lau; Allan H. K. Yuen,2011,Computers & Education,10.1016/j.compedu.2011.01.002,https://openalex.org/W2073691582,adjacent-subtopic,"In the 21st century, the ubiquitous nature of technology today is evident and to a large extent, most of us benefit from the modern convenience brought about by technology. Yet to be technology literate, it is argued that learning to program still plays an important role. One area of research in programming concerns the identification of predictors of programming success. Previous studies have identified a number of predictors. This study examined the effect of a combination of predictors (gender, learning styles, mental models, prior composite academic ability, and medium of instruction) on programming performance. Data were collected anonymously through a website from 131 secondary school students in Hong Kong who opted for computer programming in the Computer and Information Technology curriculum. Partial Least Squares (PLS) modelling was used to test a hypothesized theoretical structural model. All of the five aforementioned variables were either direct or indirect predictors of programming performance and the antecedents accounted for 43.6% of the variance in programming performance. While this study shows the influence of learner characteristics such as gender, learning styles, and mental models on programming performance, it highlights the effect that prior composite academic ability and medium of instruction exert on learning outcomes, which is uncommon among studies of similar purpose. These findings have significant implications for policy makers and educators alike. (C) 2011 Elsevier Ltd. All rights reserved.",openalex,llm,0.860,unreviewed,
discarded,Writing without Teachers,John S. Mayher; Peter Elbow,1975,The English Journal,10.2307/814919,https://openalex.org/W1515421853,off-topic-false-hit,"In Writing Without Teachers, well-known advocate of innovative teaching methods Peter Elbow outlines a practical program for learning how to write. His approach is especially helpful to people who get stuck or blocked in their writing, and is equally useful for writing fiction, poetry, and essays, as well as reports, lectures, and memos. The core of Elbow's thinking is a challenge against traditional writing methods. Instead of editing and outlining material in the initial steps of the writing process, Elbow celebrates non-stop or free uncensored writing, without editorial checkpoints first, followed much later by the editorial process. This approach turns the focus towards encouraging ways of developing confidence and inspiration through free writing, multiple drafts, diaries, and notes. Elbow guides the reader through his metaphor of writing as cooking: his term for heating up the creative process where the subconscious bubbles up to the surface and the writing gets good. 1998 marks the twenty-fifth anniversary of Writing Without Teachers. In this edition, Elbow reexamines his program and the subsequent influence his techniques have had on writers, students, and teachers. This invaluable guide will benefit anyone, whether in the classroom, boardroom, or living room, who has ever had trouble writing.",openalex,llm,0.990,unreviewed,
