status,title,authors,year,venue,doi,url,tags,abstract,provider,decision_source,llm_confidence,llm_review_outcome,llm_change_direction
discarded,The Effect of Alliance-Focused Training on a Cognitive-Behavioral Therapy for Personality Disorders,"Muran, J. Christopher; Safran, Jeremy D.; Eubanks, Catherine F.; Gorman, Bernard S.",2018,JOURNAL OF CONSULTING AND CLINICAL PSYCHOLOGY,10.1037/ccp0000284,https://www.webofscience.com/wos/woscc/full-record/WOS:000429817100009,off-topic-false-hit,"Objective: To improve success rates in psychotherapy, we developed and evaluated an alliance-focused training (AFT) protocol with regard to patient-therapist interpersonal behavior in a 30-session protocol of cognitive-behavioral therapy (CBT) for outpatients comorbid with Axis I and II conditions. Method: Participants included 40 patients treated by 40 therapists in a multiple baseline design in which novice therapists trained to fidelity standards in CBT were introduced to AFT at different time intervals (after either 8 or 16 sessions) during a 30-session CBT protocol. Interpersonal behaviors were assessed with a simplified version of the Structural Analysis of Social Behavior (SASB) on videotaped sessions sampled from the early (between Sessions 6 through 8), mid (Sessions 14 through 16), and late (Sessions 22 through 24) phases of therapy. Results: As predicted, several significant interactions were observed between within-subject interpersonal change and between-groups differences in exposure to AFT. Specifically, there were decreases in patient dependence and in therapist control (including criticism), plus increases in patient expressiveness and in therapist affirmation and expressiveness, all of which could be attributed to AFT. The predictive relationship of several of these variables to session-level and overall treatment outcome was also demonstrated. Conclusions: This study demonstrates that novice CBT therapists can be trained to improve their interpersonal process with patients who present with comorbid diagnoses, including a personality disorder.",wos,llm,0.990,unreviewed,
discarded,Professional development to increase teacher behavior-specific praise: A single-case design replication,"Gage, Nicholas A.; Grasley-Boy, Nicolette M.; MacSuga-Gage, Ashley S.",2018,PSYCHOLOGY IN THE SCHOOLS,10.1002/pits.22106,https://www.webofscience.com/wos/woscc/full-record/WOS:000425139900004,off-topic-false-hit,"Effective classroom instruction is contingent upon successful classroom management. Unfortunately, not all teachers successfully manage classroom behavior and need in-service professional development. In this study, we replicated a targeted professional development approach that included a brief one-on-one training session and emailed visual performance feedback to increase novice teachers' use of behavior-specific praise, an evidence-based classroom management skill. Dependent variables collected through direct observation included teachers' behavior-specific praise along with average student engagement and disruptions. Four elementary teachers participated and, based on a multiple-baseline single-case design, we found a functional relationship between the targeted professional development and teachers' increased use of behavior-specific praise. However, because of variability and one teacher's limited response, effect sizes were small for behavior-specific praise and little change was observed in student behaviors. These findings warrant further research to determine which classroom management skills affect student behaviors overall, as well as continued evaluation of this professional development model and using school-based coaches.",wos,llm,0.990,unreviewed,
discarded,Evaluating Information Visualization via the Interplay of Heuristic Evaluation and Question-Based Scoring,"Hearst, Marti A.; Laskowski, Paul; Silva, Luis",2016,"34TH ANNUAL CHI CONFERENCE ON HUMAN FACTORS IN COMPUTING SYSTEMS, CHI 2016",10.1145/2858036.2858280,https://www.webofscience.com/wos/woscc/full-record/WOS:000380532905002,off-topic-false-hit,"In an instructional setting it can be difficult to accurately assess the quality of information visualizations of several variables. Instead of a standard design critique, an alternative is to ask potential readers of the chart to answer questions about it. A controlled study with 47 participants shows a good correlation between aggregated novice heuristic evaluation scores and results of answering questions about the data, suggesting that the two forms of assessment can be complementary. Using both metrics in parallel can yield further benefits; discrepancies between them may reveal incorrect application of heuristics or other issues.",wos,llm,0.970,unreviewed,
discarded,"Mental health status, aggression, and poor driving distinguish traffic offenders from non-offenders but health status predicts driving behavior in both groups","Abdoli, Nasrin; Farnia, Vahid; Delavar, Ali; Dortaj, Fariborz; Esmaeili, Alireza; Farrokhi, Noorali; Karami, Majid; Shakeri, Jalal; Holsboer-Trachsler, Edith; Brand, Serge",2015,NEUROPSYCHIATRIC DISEASE AND TREATMENT,10.2147/NDT.S89916,https://www.webofscience.com/wos/woscc/full-record/WOS:000359314200001,off-topic-false-hit,"Background: In Iran, traffic accidents and deaths from traffic accidents are among the highest in the world, and generally, driver behavior rather than technical failures or environmental conditions are responsible for traffic accidents. In a previous study, we showed that among young Iranian male traffic offenders, poor mental health status, along with aggression, predicted poor driving behavior. The aims of the present study were twofold, to determine whether this pattern could be replicated among non-traffic offenders, and to compare the mental health status, aggression, and driving behavior of male traffic offenders and non-offenders.

Methods: A total of 850 male drivers (mean age = 34.25 years, standard deviation = 10.44) from Kermanshah (Iran) took part in the study. Of these, 443 were offenders (52.1%) and 407 (47.9%) were non-offenders with lowest driving penalty scores applying for attaining an international driving license. Participants completed a questionnaire booklet covering socio-demographic variables, traits of aggression, health status, and driving behavior.

Results: Compared to non-offenders, offenders reported higher aggression, poorer mental health status, and worse driving behavior. Among non-offenders, multiple regression indicated that poor health status, but not aggression, independently predicted poor driving behavior.

Conclusion: Compared to non-offenders, offenders reported higher aggression, poorer health status and driving behavior. Further, the predictive power of poorer mental health status, but not aggression, for driving behavior was replicated for male non-offenders.",wos,llm,0.990,unreviewed,
discarded,It might happen in the very beginning. Reply to Ericsson,"de Bruin, Anique B. H.; Kok, Ellen M.; Leppink, Jimmie; Camp, Gino",2014,INTELLIGENCE,10.1016/j.intell.2014.02.008,https://www.webofscience.com/wos/woscc/full-record/WOS:000337773800012,off-topic-false-hit,"In his response to criticisms Ericsson argues that conclusions about expertise development cannot be drawn from studies in the general population, and that it is possible that, in chess, intelligence and expertise are uniformly related across development. We respond here that if we want to study the development of expertise across the lifespan, research needs to take into account samples from the general population, such as novices. Moreover, studies in the general population are needed to study a factor that might have troubled previous research in the field and therefore might have implications for current theories of expertise development, which is a possible restriction of range in crucial variables such as intelligence. We argue for a longitudinal, multifaceted approach to study expertise development, starting with unselected samples of novices and taking into account practice, intelligence and motivation simultaneously, to prevent restriction of range and allow for further and stronger conclusions on the relation between intelligence and chess expertise. (C) 2014 Elsevier Inc. All rights reserved.",wos,llm,0.980,unreviewed,
discarded,Defining and Validating a Multimodel Approach for Product Architecture Derivation and Improvement,"Gonzalez-Huerta, Javier; Insfran, Emilio; Abrahao, Silvia",2013,MODEL-DRIVEN ENGINEERING LANGUAGES AND SYSTEMS,,https://www.webofscience.com/wos/woscc/full-record/WOS:000327240300027,adjacent-subtopic,"Software architectures are the key to achieving the non-functional requirements (NFRs) in any software project. In software product line (SPL) development, it is crucial to identify whether the NFRs for a specific product can be attained with the built-in architectural variation mechanisms of the product line architecture, or whether additional architectural transformations are required. This paper presents a multimodel approach for quality-driven product architecture derivation and improvement (QuaDAI). A controlled experiment is also presented with the objective of comparing the effectiveness, efficiency, perceived ease of use, intention to use and perceived usefulness with regard to participants using QuaDAI as opposed to the Architecture Tradeoff Analysis Method (ATAM). The results show that QuaDAI is more efficient and perceived as easier to use than ATAM, from the perspective of novice software architecture evaluators. However, the other variables were not found to be statistically significant. Further replications are needed to obtain more conclusive results.",wos,llm,0.880,unreviewed,
discarded,Evidence for biomechanics and motor learning research improving golf performance,"Keogh, Justin W. L.; Hume, Patria A.",2012,SPORTS BIOMECHANICS,10.1080/14763141.2012.671354,https://www.webofscience.com/wos/woscc/full-record/WOS:000306113000014,off-topic-false-hit,"The aim of this review was to determine how the findings of biomechanics and motor control/learning research may be used to improve golf performance. To be eligible, the biomechanics and motor learning studies had to use direct (ball displacement and shot accuracy) or indirect (clubhead velocity and clubface angle) golf performance outcome measures. Biomechanical studies suggested that reducing the radius path of the hands during the downswing, increasing wrist torque and/or range of motion, delaying wrist motion to late in the downswing, increasing downswing amplitude, improving sequential acceleration of body parts, improving weight transfer, and utilising X-factor stretch and physical conditioning programmes can improve clubhead velocity. Motor learning studies suggested that golf performance improved more when golfers focused on swing outcome or clubhead movement rather than specific body movements. A distributed practice approach involving multiple sessions per week of blocked, errorless practice may be best for improving putting accuracy of novice golfers, although variable practice may be better for skilled golfers. Video, verbal, or a combination of video and verbal feedback can increase mid-short iron distance in novice to mid-handicap (hcp) golfers. Coaches should not only continue to critique swing technique but also consider how the focus, structure, and types of feedback for practice may alter learning for different groups of golfers.",wos,llm,0.990,unreviewed,
discarded,Blank concerns: Issues of skill and consistency in the replication of scottish later Mesolithic blades,"Finlay, Nyree",2008,JOURNAL OF ARCHAEOLOGICAL METHOD AND THEORY,10.1007/s10816-007-9048-y,https://www.webofscience.com/wos/woscc/full-record/WOS:000256904100004,off-topic-false-hit,"Skill is central to the identification of the individual within lithic analysis. Modern replication tends to focus on the proficient flintknapper, and emphasises complex, technically demanding implements and high quality raw materials. Yet, acquiring lithic skill is a universal process that manifests itself in various ways depending on technological strategy and raw material. This paper presents the results of a programme of experimental replication that explores notions of consistency and identity. Based on Mesolithic blade technology, using direct percussion reduction and variable pebble resources, it compares knappers with different experience and identifies some salient parameters of individual performance.",wos,llm,0.980,unreviewed,
discarded,Informational basis for expert intuition,"Effken, JA",2001,JOURNAL OF ADVANCED NURSING,,https://www.webofscience.com/wos/woscc/full-record/WOS:000168544300020,off-topic-false-hit,"Aim. Intuition has been cited as an integral part of nursing clinical expertise. Responding to the recent scholarly debate over the status of expert nursing intuition as part of the art or science of nursing, this article proposes an alternative view that may provide tin informational basis for what has been described phenomenologically as intuition.

Rationale. Two reasons for the dispute over the status of nursing intuition as 'art' or 'science' are proposed: The first is methodological. The second relates to intuition's close link with perception and underlying assumptions about perception. By examining intuition through an ecological psychology framework, the problem takes on a different character, one that is no longer focused solely on the expert's cognitive (or perceptual) processes, but also on the information provided by the patient and the context of care.

Conclusions. This perspective has several implications for nursing. By investigating information sources (i.e. higher order variables or constraints) in the nurse-patient encounter, the problem of intuition may be clarified, and perhaps simplified. We may iind that what nurse researchers have called 'intuition' is what Gibson (1966, 1986) termed 'direct perception.' Intuition as direct perception is information-based and lawful. Finally, although some aspects of intuition may be hard-wired through evolution, intuition as direct perception can be developed through education and extensive, deliberate practice with appropriate exemplars. Characterized as direct perception, intuition is an observable, lawful phenomenon that is measurable, potentially teachable, and appropriately part of nursing science.",wos,llm,0.980,unreviewed,
discarded,CRITICAL-APPRAISAL OF RESEARCH LITERATURE BY EXPERT AND INEXPERIENCED PHYSICAL THERAPY RESEARCHERS,"DOMHOLDT, E; FLAHERTY, JL; PHILLIPS, JM",1994,PHYSICAL THERAPY,,https://www.webofscience.com/wos/woscc/full-record/WOS:A1994PE32900012,off-topic-false-hit,"In this study, critical appraisal skills of physical therapists who were inexperienced and expert researchers were compared and the effect of the following independent variables on the appraisal skills of novices was examined: years of physical therapy practice, postgraduate experience with research, level of comfort with research, journal reading habits, and content-specific expertise. Subject and Methods. Four expert and 20 inexperienced researchers critiqued the same research article. A content analysis of the expert critiques was used to develop a set of 12 items of concerns about the study. Results. Experts identified a mean of 7.75 items of concern; novices identified a mean of 3.95 items. For 10 of the 12 items, a greater proportion of experts identified each concern compared with the novices. Novices had comparatively less difficulty identifying concerns with internal validity than they did identifying issues relating to construct validity. Only one of the variables-content-specific expertise-was associated with differences in critical appraisal skills among the novices. Conclusion and Discussion. These findings suggest that analysis of construct issues in research articles is a more advanced skill than analysis of research design and that critical appraisal of research literature is enhanced by clinical experiences related to the subject of the research report.",wos,llm,0.980,unreviewed,
discarded,SESSION EVALUATION AND RECALL OF IMPORTANT EVENTS AS A FUNCTION OF COUNSELOR EXPERIENCE,"CUMMINGS, AL; SLEMON, AG; HALLBERG, ET",1993,JOURNAL OF COUNSELING PSYCHOLOGY,,https://www.webofscience.com/wos/woscc/full-record/WOS:A1993KV25900003,off-topic-false-hit,"Session evaluation and type of participant-recalled important event were investigated in 25 novice counselor dyads and 9 experienced counselor dyads during 9 sessions of short-tem counseling. Counselor experience was the independent variable and session evaluation was the dependent variable. Results based on the Session Evaluation Questionnaire (Stiles, 1980) showed a significant interaction effect between counselor experience and role of participant (client or counselor) for session depth. Clients also reported an increase in positive affect over the course of counseling. Experienced counselors recalled more important events involving insight, whereas novice counselors recalled more important events involving exploration of feelings or self-critique. The type of important event recalled by clients also changed over the sessions of counseling.",wos,llm,0.980,unreviewed,
kept,Replicating Novices' Struggles with Coding Style,Eliane S. Wiese; Anna N. Rafferty; Daniel M. Kopta; Jacqulyn M. Anderson,2019,2019 IEEE/ACM 27th International Conference on Program Comprehension (ICPC),10.1109/ICPC.2019.00015,https://ieeexplore.ieee.org/document/8813294/,supports-claim,"Good style makes code easier for others to read and modify. Control flow is one element of style where experts expect particular structure, such as conjoining conditions rather than nesting if statements. Empirical work is necessary to understand why novices use poor style, so they can be taught to use good style. Previous work shows that many students know what control flows experts prefer, but may say that novice-styled code is more readable. Yet, these same students showed similarly high comprehension across both expert-and novice-styled code. We propose a replication of that work that more fully assesses students' code comprehension and code writing. Our replication focuses on students who are earlier in their computer science courses and are less likely to be majors, to determine whether the pattern of results is particular to students who are relatively attuned to style concerns. Our pilot of the proposed replication finds that: students in this new population are less able to identify expert code; expert style may reduce comprehension for some control flows; and writing with good style does not always predict a preference for reading code with good style.",ieee,llm,0.950,unreviewed,
discarded,Browsing in hypertext: a cognitive study,E. Carmel; S. Crawford; H. Chen,1992,"IEEE Transactions on Systems, Man, and Cybernetics",10.1109/21.179829,https://ieeexplore.ieee.org/document/179829/,off-topic-false-hit,"Several dimensions of browsing are examined to find out: what browsing is and what cognitive processes are associated with it; whether there is a browsing strategy and, if so, whether there are any differences between how subject-area experts and novices browse; and how this knowledge can be applied to improve the design of hypertext systems. Two groups of students, subject-area experts and novices, were studied while browsing a Macintosh HyperCard application. Three browsing strategies were identified: (1) search-oriented browse: scanning and reviewing information relevant to a fixed task; (2) review-browse: scanning and reviewing interesting information in the presence of transient browse goals that represent changing tasks; and (3) scan-browse: scanning for interesting information without review. Most subjects used review-browse interspersed with search-oriented browse. Within this strategy, comparisons showed that experts browsed in more depth, and viewed information differently than did novices. Based on these findings, suggestions are made to hypertext developers.<>",ieee,llm,0.970,unreviewed,
discarded,Breaking the Silos: An Actionable Framework for Recruiting Diverse Participants in SE,Shandler A. Mason; Hank Lenham; Sandeep Kaur Kuttal,2025,2025 IEEE/ACM 47th International Conference on Software Engineering: Software Engineering in Society (ICSE-SEIS),10.1109/ICSE-SEIS66351.2025.00008,https://ieeexplore.ieee.org/document/11023897/,adjacent-subtopic,"Inclusive Human-Centric Software Engineering (HCSE) research faces significant challenges in recruiting participants from diverse backgrounds, including gender, race, culture, socioeconomic status, disability, religion, sexual orientation, and age. Our study explores the recruitment barriers encountered by HCSE researchers through in-depth, semi-structured interviews with 20 professionals from academia and industry across four continents. Using an inductive approach and open coding of transcribed interview data, we identified 23 key barriers and 18 strategies, categorized into four thematic areas: participant skepticism, study design limitations, gatekeepers, and researcher well-being. Notably, researchers highlighted barriers such as deteriorating mental health, external criticism of their research focus, and participant reluctance rooted in historical exploitation and perceived risks. To address these challenges, we offer a set of 18 evidence-based, actionable strategies aimed at improving participant outreach and enhancing recruitment practices. Our research culminates into a comprehensive framework to support both novice and experienced researchers in overcoming recruitment barriers, fostering greater inclusion and equity in HCSE studies.",ieee,llm,0.900,unreviewed,
