status,title,authors,year,venue,doi,url,tags,abstract,provider,decision_source,llm_confidence,llm_review_outcome,llm_change_direction
discarded,A Work in Progress Paper: Evaluating a Microworlds-based Learning Approach for Developing Literacy and Computational Thinking in Cross-curricular Contexts.,Craig Jenkins,2015,WiPSCE,10.1145/2818314.2818316,https://dblp.org/rec/conf/wipsce/Jenkins15,adjacent-subtopic,"In the 1960s, Papert and his team at the Massachusetts Institute of Technology (MIT) developed Turtle Graphics using the LOGO programming language. Underpinning this development was a profound new philosophy of how learning happens with computers: a microworlds-based approach to learning. The wider aim of this research project is to examine how a microworlds-based approach may be revived in contemporary educational contexts by secondary school teachers in cross-curricular subject areas. It examines the microworld as a tool for secondary level learning at ages eleven-to-fourteen and explores its potential role in making relevant conceptual learning accessible through practical, constructionist approaches in cross-curricular applications.

This particular work-in-progress paper reports on a comparative evaluation of a microworlds-based approach to teaching poetic verse in the subject domain of drama. A quasi-experimental design was used in order to measure performance gains in specific aspects of computational thinking and literacy development following the microworld-based intervention. Preliminary data reveals a higher improvement in performance but further qualitative data needs to be collected in order to provide further insight to support the quantitative findings.",dblp,llm,0.890,unreviewed,
kept,Modeling the learning progressions of computational thinking of primary grade students.,Linda M. Seiter; Brendan Foreman,2013,ICER,10.1145/2493394.2493403,https://dblp.org/rec/conf/icer/SeiterF13,CT-facets-concepts-vs-practices; supports-claim,,dblp,llm,0.870,unreviewed,
discarded,Work in progress - Integrating computational and engineering thinking through online design and simulation of multidisciplinary systems.,Alejandra J. Magana; Prabhakar Marepalli; Jason V. Clark,2011,FIE,10.1109/FIE.2011.6143083,https://dblp.org/rec/conf/fie/MaganaMC11,adjacent-subtopic,,dblp,llm,0.800,unreviewed,
discarded,Leveraging gamification and unplugged activities to strengthen logical-mathematical thinking in primary school students,"Valbuena-Duarte, Sonia; Herrera-Dominguez, Leandro; Padilla-Medina, Josue",2026,PRAXIS-COLOMBIA,10.21676/23897856.6763,https://www.webofscience.com/wos/woscc/full-record/WOS:001861802400002,off-topic-false-hit,"Traditional practices in mathematics education, focused on mechanical repetition and the transmission of decontextualized content, have limited the development of logical-mathematical thinking in primary school students. In response to this issue, the implementation of unplugged activities and gamification strategies was proposed to strengthen such thinking in fourth-grade students at a multilingual educational institution in the city of Barranquilla. This research was methodologically guided by a quasi-experimental non-equivalent groups pretest-posttest design with an embedded qualitative component; action research was incorporated as a pedagogical strategy during implementation in the intervention group. The sample consisted of 26 students, divided into a control group and an experimental group. Data were collected through instruments such as pretests and posttests, academic records, observation guides, and questionnaires. The results showed significant progress in skills such as pattern recognition, sequential logic, and deductive reasoning, leading to the conclusion that unplugged activities and gamification are effective tools- through a playful, meaningful, and inclusive approach-that foster the development of logical-mathematical thinking in primary school students, addressing the challenges of contemporary education.",wos,llm,0.960,unreviewed,
kept,Extending the Definition of Computational Talent,"Roman-Gonzalez, Marcos; Vidal-Fernandez, Ana",2026,BEHAVIORAL SCIENCES,10.3390/bs16081278,https://www.webofscience.com/wos/woscc/full-record/WOS:001859879100001,qualifies-claim,"Recent theoretical work has conceptualized computational thinking (CT) as a dynamic psychological construct that evolves in parallel with Computer Science (CS). From this perspective, a 3-stage CT framework has been proposed to reflect how the construct has evolved and is being expanded due to recent advancements in the CS field. More specifically, this extended framework comprises the following stages: 'rule-based' CT (1.0), linked to procedural programming and deterministic logic; 'data-driven' CT (2.0), influenced by advancements in artificial intelligence (AI) and machine learning (ML) and incorporating inductive logic and probabilistic reasoning; and 'quantum' CT (3.0), the emerging stage, associated with quantum computing (QC) and embracing a holistic philosophical paradigm. Within this broader perspective, the related psychological construct, namely computational talent, has been initially defined as the ability to progress from 'visual block-based' procedural programming environments to 'text-based' ones. Building on this rationale, the present theoretical essay pursues two main objectives: (i) to delve deeper into the 3-stage CT framework, using a tripartite distinction between computational concepts, practices, and perspectives as its integrative analytical criterion; and (ii) to update the conception of computational talent by extending its definition from the 'rule-based' to the 'data-driven' and 'quantum' stages, distinguishing talent from mere proficiency at each stage through a triple criterion-quantitative, qualitative, and social. As a conceptual contribution, this essay aims to provoke reflection and discussion within the field, leaving its empirical validation for future research.",wos,llm,0.890,unreviewed,
discarded,WIP: Early Engagement Strategies for Microelectronics in Engineering Education,"Morphew, Jason W.; Johnson, Camille; Turner, Artre R.; Douglas, Kerrie A.",2025,"2025 IEEE FRONTIERS IN EDUCATION CONFERENCE, FIE",10.1109/FIE63693.2025.11328273,https://www.webofscience.com/wos/woscc/full-record/WOS:001792342800145,adjacent-subtopic,"This Work-in-Progress innovative practice paper presents curriculum aimed at integrating microelectronics content into a first-year engineering design course. This paper focuses on the impact of integrating microelectronics into a first-year engineering design course that reaches over 2,500 engineering students each year from all schools of engineering. The course instruction is grounded in engineering design problems that utilize microelectronics activities to teach data analytics, modeling, and engineering design. We present three microelectronics design projects designed to scaffold students in designing and programming with microcontrollers. The impact of the microelectronics activities was assessed using a retrospective pre/post survey measuring interest, motivation, awareness, and transformative experiences. The results of the quantitative analysis revealed that students demonstrated an increase in interest, engagement, and self-efficacy surrounding microelectronics. This research contributes insights into how first-year engineering students experience integrated microelectronics activities. Findings from this study offer guidance for optimizing early educational interventions that are aimed at strengthening the microelectronics workforce. By fostering interest and reducing barriers to understanding and using microelectronics, introductory engineering courses can play a vital role in addressing the skills and employment gap in the semiconductor industry and ensuring a robust pipeline of future engineers.",wos,llm,0.970,unreviewed,
discarded,WIP: Leveraging LLMs for Enforcing Design Principles in Student Code: Analysis of Prompting Strategies and RAG,"Kolhatkar, Dhruv; Akkena, Soubhagya; Gehringer, Edward F.",2025,"2025 IEEE FRONTIERS IN EDUCATION CONFERENCE, FIE",10.1109/FIE63693.2025.11328445,https://www.webofscience.com/wos/woscc/full-record/WOS:001792342800312,off-topic-false-hit,"This work-in-progress research-to-practice paper explores the integration of Large Language Models (LLMs) into the code-review process for open-source software projects developed in computer science and software engineering courses. The focus is on developing an automated feedback tool that evaluates student code for adherence to key object-oriented design principles, addressing the need for more effective and scalable methods to teach software design best practices. The innovative practice involves leveraging LLMs and Retrieval-Augmented Generation (RAG) to create an automated feedback system that assesses student code for principles like SOLID, DRY, and design patterns. It analyzes the effectiveness of various prompting strategies and the RAG integration. Preliminary findings show promising improvements in code quality. Future work will aim to improve model accuracy and expand support for additional design principles.",wos,llm,0.990,unreviewed,
discarded,WIP: The Traininator: Making Machine Learning Accessible to Elementary School Students,"Stein, Gordon; Na, Dun; Behboudi, Atefeh; Famaye, Tolulope; Bailey, Cinamon; Irgens, Golnaz Arastoopour",2025,"2025 IEEE FRONTIERS IN EDUCATION CONFERENCE, FIE",10.1109/FIE63693.2025.11328481,https://www.webofscience.com/wos/woscc/full-record/WOS:001792342800346,off-topic-false-hit,"This work in progress innovative practice paper describes the design and implementation of the Traininator, a simplified machine learning training and testing interface. The Traininator reimagines Google Teachable Machine with a more developmentally appropriate interface for elementary school-aged students, while also presenting opportunities to discuss ethical implications like algorithmic bias. Originally designed for an educational game, it is now intended as a reusable application enabling image classifier creation in other projects.

Students are presented with playful and developmentally appropriate interfaces to create image classifiers. They are guided through choosing classes, gathering data, applying data augmentation, training, and evaluating their model with test datasets. Models are usable in a Scratch-based programming interface, allowing for practical applications. Using a transfer learning approach, model training is quick and efficient. This tool is grounded in constructionist learning design principles, game-based learning pedagogies, and literature around child-computer interaction. Continued development will follow a participatory design-based research approach as children and teachers are included as co-designers during testing and evaluation processes.

User testing has been conducted in a lab setting with graduate students. Future assessment will use mixed-methods research to gather usability feedback and learning outcomes with students in grades 3-5.",wos,llm,0.880,unreviewed,
discarded,WIP: Enhancing Computational Thinking and Engagement of Undergraduate Students through Collaborative Game Development in the Interdisciplinary Course,"Park, Jinsook; Jung, Andrew",2025,"2025 IEEE FRONTIERS IN EDUCATION CONFERENCE, FIE",10.1109/FIE63693.2025.11328251,https://www.webofscience.com/wos/woscc/full-record/WOS:001792342800124,adjacent-subtopic,"This research WIP study demonstrates how an interdisciplinary, game-based curriculum integrating programming, mathematics, and effectively enhances computational thinking (CT). Project-based learning yielded measurable CT improvements through flowchart complexity analysis, with high engagement evidenced by full participation. The approach successfully cultivated both technical and soft skills while bridging STEM domains. Findings confirm its efficacy in developing problem-solving abilities and motivation across disciplines. Future research directions include investigating longitudinal outcomes, skill transferability, platform comparisons, and broader implementation strategies for diverse educational contexts.",wos,llm,0.910,unreviewed,
kept,WIP: Do Your Students Learn Multiple Programming Languages? How Do Computational Thinking Skills Help Them?,"Tagare, Deepti; Chaudhary, Divya",2025,"2025 IEEE FRONTIERS IN EDUCATION CONFERENCE, FIE",10.1109/FIE63693.2025.11328630,https://www.webofscience.com/wos/woscc/full-record/WOS:001792342800489,CT-facets-concepts-vs-practices; supports-claim,"This work-in-progress research paper investigates how computational thinking skills (CTS) affect computing students' ability to learn multiple programming languages to thrive in their career. Computing degree program curricula include courses that require students to learn and use different programming languages such as Python, Java, JavaScript, C, C++, and SQL for their assignments and projects. Each language has different rules, syntaxes and use cases, making it hard for the students to learn and switch between them. This paper explores whether CTS like problem solving, decomposition, algorithmic thinking, and pattern recognition can help graduate students learn more than one programming language. This exploratory survey-based research study included multiple-choice and open-ended questions as well as a CTS scale. Our preliminary findings from a sample of 37 students show that students with higher CTS find it easier to learn a second programming language and convert code from one language to another. Students reported that they use algorithmic thinking, problem solving, abstraction, and decomposition often while programming. We suggest teaching CTS skills along with basic programming topics to improve students' learning experience and help them become lifelong learners. Pedagogical strategies such as pair programming and modelling can help instructors facilitate the learning of CTS.",wos,llm,0.770,unreviewed,
discarded,WIP: Development and Pilot Results of ORBIT: a Visual Robot-Programming Tool Supporting Computational Thinking and Executive Functioning Skills in Special Education,"Hayes, Robert; Milto, Elissa; Goroza, Evelyn; Cross, Jennifer",2025,"2025 IEEE FRONTIERS IN EDUCATION CONFERENCE, FIE",10.1109/FIE63693.2025.11328697,https://www.webofscience.com/wos/woscc/full-record/WOS:001792342800556,adjacent-subtopic,"In the United States, 15% of K-12 students have some type of disability under the Individuals with Disabilities Education Act, and these students are provided fewer educational computing and robotics learning opportunities. This work-in-progress research paper describes the development and implementation of a custom visual robot-programming tool designed to support students in special education programs to practice computational thinking. This App was developed as part of an educational robotics program called Opportunities for Robotics, Building, and Inclusive Technology (ORBIT).

We sought to answer (1) What types of resources can be provided by our program to enable students to meet their individualized learning goals while practicing computational thinking successfully? (2) What opportunities does participation in the program's activities provide for students to engage in computational thinking practices? Through co-design sessions with three special education teachers of multi-grade substantially separate middle-school autism classrooms, we explored the needs of their students to inform features of the ORBIT App. We have pilot-tested the App with students in two classrooms.

We present the salient features of our web-based, robot-programming tool and activities as a model of the resources that can enable the integration of robotics, computational thinking, and individualized learning goals in sub-separate autism classrooms. In addition, we present the preliminary results of our pilot test to illustrate how engagement with the co-designed resources created opportunities for practicing computational thinking while furthering individualized learning goals.

Our work-in-progress findings demonstrate the promise of the co-designed ORBIT programming tool. Our future work will include further iterations on the App design and associated materials with thematic analysis of the pilot data to reveal trends in student experiences.",wos,llm,0.900,unreviewed,
discarded,WIP: Empowering Appalachian K-8 Educators to Teach Computational Thinking: A Culturally Responsive Research-Practice Partnership,"Chen, Chulin; Hodge, Lynn L.",2025,"2025 IEEE FRONTIERS IN EDUCATION CONFERENCE, FIE",10.1109/FIE63693.2025.11328655,https://www.webofscience.com/wos/woscc/full-record/WOS:001792342800514,adjacent-subtopic,"This work-in-progress research-to-practice paper presents a professional development (PD) program designed to address systemic inequities in access to computer science (CS) and computational thinking (CT) education in Appalachian K-8 classrooms. Grounded in culturally responsive pedagogy and teacher identity development, the PD integrates CT with literacy through storytelling-based activities using Hummingbird robotics. Educators engaged in the creation of storytelling dioramas that connected Appalachian cultural narratives to block-based coding and hands-on programming experiences. A mixed-methods approach was used to assess outcomes, including pre- and post-surveys, sentiment analysis, and thematic analysis of teacher reflections and instructional artifacts. Preliminary findings indicate an increase in teacher confidence, with positive sentiment rising from 38% to 68% post-PD. Teachers reported a shift in perception, viewing CS as interdisciplinary and culturally relevant, and expressed an evolving sense of identity as CS educators. These preliminary results underscore the transformative potential of culturally responsive, place-based PD programs to empower educators in underserved contexts. Future work will focus on the development of a Computer Science Teacher Network (CSTN) to support sustained implementation and scalability across underserved communities.",wos,llm,0.940,unreviewed,
kept,WIP: Assessing the Use of GenAI to Foster Algorithmic Thinking in an Introductory Engineering Course,"Ortega-Alvarez, Juan D.; Bego, Campbell R.; Leal, Andres Nieto",2025,"2025 IEEE FRONTIERS IN EDUCATION CONFERENCE, FIE",10.1109/FIE63693.2025.11328388,https://www.webofscience.com/wos/woscc/full-record/WOS:001792342800257,CT-facets-concepts-vs-practices; supports-claim,"This work-in-progress research paper focuses on algorithmic thinking and GenAI use for programming within a first-year engineering course. In introductory programming courses, students may use GenAI to generate correct solutions without fully engaging in the assignments, thus circumventing the learning process. But students may also engage with GenAI in ways that improve their algorithmic thinking ability. Research is needed to understand whether and how GenAI can be integrated to improve first-year engineering students' programming skills. A necessary first step in this direction is establishing relevant competencies and assessments.

In Fall 2024, students in an introductory engineering course at Virginia Tech were permitted to use GenAI within fair use conditions. At the end of the semester, students responded to two instruments: 1) an anonymous survey asking whether and how they used GenAI to submit assignments during the programming unit of the course, and 2) a simplified version of an existing algorithmic thinking instrument.

Preliminary findings indicate that around 70% of students reported using GenAI to assist with programming assignments without explicit guidance, though over 80% characterized this use as occasional. More than 75% of students reported using GenAI primarily for syntax assistance. The algorithmic thinking results suggest substantial variability in skill level across students, regardless of their self-reported programming experience.

This study suggests that algorithmic thinking, as measured by an abbreviated scale in introductory programming courses, may not correlate with other desirable programming outcomes, like assignment performance, and additional measures may be needed to evaluate the impact of GenAI.",wos,llm,0.760,unreviewed,
