status,title,authors,year,venue,doi,url,tags,abstract,provider,decision_source,llm_confidence,llm_review_outcome,llm_change_direction
discarded,Beyond generic induction: Supporting novice Bedouin Arab female teachers through the academic incubator model in Israel,"Al-Said, Haled; Kaplan, Haya; Qweider, Rasha Abu",2026,POWER AND EDUCATION,10.1177/17577438261474756,https://www.webofscience.com/wos/woscc/full-record/WOS:001836750100001,off-topic-false-hit,"This qualitative phenomenological study examines the induction experiences of novice Bedouin Arab female teachers in Israel through the lens of Self-Determination Theory (SDT). Drawing on in-depth interviews, the findings indicate that entry into teaching extends beyond a professional transition, constituting a socio-cultural process shaped by intersecting gender norms, community expectations, and hierarchical school structures. Participants described navigating a ""double burden"" of developing pedagogical competence while adhering to culturally embedded expectations of modesty and respect for authority. School-based relationships, including principals, mentors, and colleagues, were found to both support and constrain the satisfaction of teachers' basic psychological needs for autonomy, competence, and relatedness. At the same time, the Academic Incubator model functioned as an alternative professional space that enabled emotional support, reflective learning, and the gradual reconstruction of professional identity. The study contributes to research on teacher induction by demonstrating how power relations, minority status, and gender intersect to shape early career experiences and the development of situated professional agency in marginalized educational contexts.",wos,llm,0.980,unreviewed,
discarded,Simulation Training and Peripheral Angioplasty Learning: Protocol of a Quasi-Experimental Evaluative Cross-Sectional Study,"Hammami, Rania; Derbel, Emna; Elleuch, Wafa; Kallel, Rahma; Dammak, Aimen; Safi, Faiza; Mhiri, Fatma; Denguir, Hichem; Oueslati, Mootez Billah; Milouchi, Souad Ferjani; Milouchi, Sami; Dhouib, Faten; Turki, Naziha",2026,JMIR RESEARCH PROTOCOLS,10.2196/64658,https://www.webofscience.com/wos/woscc/full-record/WOS:001835107000001,off-topic-false-hit,"Background: Simulation-based training has demonstrated effectiveness in enhancing proficiency in interventional procedures. The endovascular treatment of peripheral arterial lesions has become a prominent minimally invasive therapeutic option. However, operators from various specialties, including Interventional Cardiology, Interventional Radiology, and Vascular Surgery, often follow diverging guideline recommendations and training pathways. Despite growing use of simulation in this field, the influence of an operator's specialty on learning outcomes remains poorly understood. Objective: This study aimed to evaluate the impact of simulation training on peripheral angioplasty performance scores across different interventional specialties and assess how specialty-specific factors influence skill acquisition. Methods: This quasi-experimental observational study will be conducted at the Simulation Center of the Faculty of Medicine of Sfax, Tunisia (trial registration: PACTR Trial ID 30697). Participants consist of 60 novice fellows from three specialties: Cardiology (n=20), Interventional Radiology (n=20), and Vascular Surgery (n=20). All participants will undergo identical simulation training using a high-fidelity Mentice simulator, comprising five standardized clinical scenarios addressing peripheral angioplasty of complex iliac and femoral lesions (TASC B-D). Each participant will receive a 4-hour hands-on training session with pre-and posttest assessments using a 25-item Global Score (10 knowledge items, 15 competence items). Primary outcomes consist of percentage change in performance scores from baseline to posttraining (threshold for clinical significance:>= 25% improvement) and comparison across specialty groups using nonparametric statistics. Secondary outcomes consist of radiation protection parameters, including fluoroscopy duration, cumulative radiation dose, air kerma, and dose area product (KAP), measured by a simulator with real-time ALARA (As Low As Reasonably Achievable) feedback. Results: Study enrollment started on September 15, 2024. As of December 2025, 42 fellows were screened, and 21 have been enrolled (15 Cardiology, 3 Radiology, 3 Vascular Surgery), representing 35% of the target sample (21/60). All 21 enrolled participants completed the full simulation training protocol, with radiation protection parameters recorded for all sessions. Enrollment and data collection are expected to be completed by June 2026, with full results anticipated for publication thereafter. Conclusions: This protocol describes the first comparative study evaluating the impact of high-fidelity simulation on peripheral angioplasty performance across three distinct specialties. Findings are anticipated to provide novel evidence regarding specialty-specific learning trajectories and may inform the development of standardized, specialty-tailored training pathways for complex peripheral interventions. International Registered Report Identifier (IRRID): PRR1-10.2196/64658",wos,llm,0.990,unreviewed,
discarded,Video-Based Tool for Assessment of Airway Management With Flexible Laryngeal Mask in Clinical Practice-A Protocol for a Study Gathering Validity Evidence,"Wei, Wei; Li, Wenxian; Han, Yuan; Kristensen, Michael Seltz; Russell, Lene; Konge, Lars; Nielsen, Anders Bo",2026,ACTA ANAESTHESIOLOGICA SCANDINAVICA,10.1111/aas.70311,https://www.webofscience.com/wos/woscc/full-record/WOS:001834668800001,off-topic-false-hit,"Background Flexible laryngeal mask airway (fLMA) devices are widely used in head, neck, and oral surgery, but insertion can be technically challenging, and inadequate placement may compromise ventilation. Competency-based training requires trustworthy assessment instruments with validity evidence; however, no assessment tool with solid validity evidence currently exists for fLMA airway management.Methods This is a prospective, patient-based, rater-blinded validation study. The study will be conducted at multiple tertiary hospitals in China: the Eye & ENT Hospital of Fudan University (Shanghai), Huzhou Central Hospital (Zhejiang Province), and Luoyang Central Hospital (Henan Province). Thirty physicians (15 novices and 15 experts) will each perform fLMA airway management in two adult patients with predicted normal airways. Procedures will be video-recorded and independently assessed by two blinded raters using a structured Global Rating Scale. Validity evidence will be gathered according to Messick's framework, including content, response process, internal structure, relations to other variables, and consequences of testing. A pass/fail standard will be established using the contrasting groups' standard-setting method.Results The study will provide validity evidence for a video-based assessment tool for fLMA airway management in clinical practice. Reliability, discrimination between experience levels, and the consequences of pass/fail decisions will be evaluated.Conclusion This study addresses an important gap in airway management education by developing and validating an assessment tool with a credible pass/fail score for fLMA management. The tool may support structured training, competency-based assessment, and mastery learning programs in airway management.",wos,llm,0.990,unreviewed,
discarded,"Teaching Procedural Skills: A Structured, Evidence-Informed Framework for Clinician-Educators Across Resource Settings","Dike, Nkechi Oluwakemi",2026,JOURNAL OF MEDICAL EDUCATION AND CURRICULAR DEVELOPMENT,10.1177/23821205261474074,https://www.webofscience.com/wos/woscc/full-record/WOS:001832524900001,off-topic-false-hit,"Procedural competence is central to safe clinical practice, yet the teaching of procedural skills remains largely unstructured in most clinical environments. Most clinicians are trained to perform procedures, not to teach them, and many rely on informal apprenticeship models that inadequately account for how novices acquire complex skills. This paper proposes the Structured Procedural Mastery (SPM) Framework, a practical, evidence-informed approach to teaching procedural skills grounded in cognitive load theory, deliberate practice, motor learning science, and stage-based models of skill acquisition. Organized around three teaching phases - preparing to teach, teaching with deliberate progression, and consolidating learning - the framework provides a step-by-step pathway applicable to any clinical procedure, from straightforward to complex, and adaptable across resource settings. Simulation is addressed not as a technology requirement but as a structured practice environment accessible in both well-resourced and resource-limited contexts. Practical tools for faculty are included as appendices. The SPM Framework aims to give clinician-educators a clear, evidence-informed structure for translating procedural expertise into effective teaching, with particular relevance for clinical training environments in sub-Saharan Africa and other low- and middle-income country (LMIC) settings where faculty development resources are constrained.",wos,llm,0.980,unreviewed,
discarded,Learning Dance Sequences From Passive and Interactive Videos at Different Times of Day,"Mhamdi, Eya; Rekik, Ghazi; Belkhir, Yosra; Jarraya, Mohamed",2026,PERCEPTUAL AND MOTOR SKILLS,10.1177/00315125261471224,https://www.webofscience.com/wos/woscc/full-record/WOS:001830535200001,off-topic-false-hit,"This study examined how passive versus interactive videos affect the learning of dance sequences at different times of day. Twenty-four undergraduate physical education students (novices) were recruited through purposive sampling and equally divided into two groups matched on chronotype: one group viewed passive videos, while the other used interactive videos featuring play, pause, forward, and replay functions. Participants completed four sessions-two acquisition sessions, one in the morning (08:00-09:00) and one in the late afternoon (16:00-17:00) on separate days, and two retention sessions one week later at the same times. Recall performance was assessed multiple times during acquisition and once at follow-up, using a 32-point scoring system based on accurate reproduction of 16 discrete movement steps, evaluated by blinded expert raters from video recordings. Physiological indicators of arousal (heart rate and body temperature) were recorded at the start of acquisition sessions, and intrinsic motivation was measured afterward. Results showed that interactive videos enhanced recall performance during both morning and afternoon acquisition sessions (p < 0.001), confirming an instructional benefit regardless of time of day. However, interactivity did not significantly influence intrinsic motivation (p = 0.841). A clear time-of-day effect emerged (p < 0.001): immediate recall was superior in the morning, whereas long-term retention was significantly better following afternoon learning, regardless of video type. These findings suggest that the morning advantage in acquisition may reflect temporary performance facilitation rather than lasting learning. Practically, to promote durable retention of dance sequences, educators should prioritize afternoon practice when teaching new material. Morning sessions remain useful for rehearsing already-learned sequences or preparing for immediate performance. Interactive video-based instruction is effective across all times of day and can be flexibly integrated into dance education.",wos,llm,0.980,unreviewed,
discarded,A Telemetry-Enabled Driving Training Simulator for Autistic Learners in Community-Based Settings,"Plunk, Abigale; Baker-Ericzen, Mary; Castellon, Slomith; Simakaski, Elyse; Caudel, Dave; Sarkar, Nilanjan",2026,IEEE TRANSACTIONS ON LEARNING TECHNOLOGIES,10.1109/TLT.2026.3708351,https://www.webofscience.com/wos/woscc/full-record/WOS:001827955800001,off-topic-false-hit,"Driving skill acquisition remains a significant barrier to independence for many autistic adolescents and young adults. Although driving simulators provide a safe environment for practice, most systems function primarily as stand-alone tools and evaluate performance using discrete error counts or short-term laboratory studies. This article presents a telemetry-enabled driving training framework that integrates immersive simulation, multimodal behavioral sensing, and facilitator-guided instruction. The platform captures continuous vehicle control inputs and gaze-based attention signals during simulation and transforms these data into behavioral indicators describing control stability, attentional allocation, and safety-relevant events. The system was deployed as part of a multiyear driving training program delivered across multiple community-based service settings serving a broader population of neurodivergent learners; however, the present analysis focuses specifically on 47 autistic participants who completed pre- and post-program simulator assessments. Pre-post comparisons showed reductions in speed variability, steering oscillation, and nongaze safety errors, indicating measurable simulator-based behavioral change within the driving simulator assessment context. These findings illustrate how telemetry-enabled simulation combined with facilitator-guided feedback can provide measurable insight into behavioral change during structured training. The system architecture also establishes a practical foundation for future adaptive and agentic artificial intelligence capabilities grounded in educator-supervised training contexts.",wos,llm,0.980,unreviewed,
discarded,Preliminary translational assessment of robotic surgery skills for vascular dissection: from simulator to in vivo porcine model,"Mazzotta, Alessandro Dario; Gamberini, Giulia; Giuliani, Giuseppe; Tognarelli, Selene; Petrucciani, Niccolo; Pichetto, Andrea; D'Ambrosio, Giancarlo; Mennini, Gianluca; Coratti, Andrea; Menciassi, Arianna",2026,JOURNAL OF ROBOTIC SURGERY,10.1007/s11701-026-03662-5,https://www.webofscience.com/wos/woscc/full-record/WOS:001826689400006,off-topic-false-hit,"Robotic-assisted surgery (RAS) offers enhanced visualization, precision, and dexterity, but the absence of haptic feedback poses challenges during delicate dissection tasks such as vascular dissection. Simulation-based training has been proposed as a strategy to mitigate these limitations, yet evidence of translational effectiveness into in vivo surgical performance remains limited. We conducted a prospective, controlled feasibility study to evaluate the impact of a structured, simulator-based training program on robotic vascular dissection. Twelve novice surgeons were included in a prospective, controlled, non-randomized feasibility study. Six underwent structured dry-lab training with a sensorized high-fidelity vascular simulator, while six served as untrained controls, no baseline robotic performance assessment was performed before the intervention. Surgical performance was assessed during robotic vascular dissections in anesthetized porcine models using the da Vinci Xi platform. Performance was assessed by a single expert evaluator who was blinded to group allocation using the Global Evaluative Assessment of Robotic Skills (GEARS) and qualitative parameters including tissue handling, vessel exposure, and stapler placement. The trained group achieved significantly higher overall GEARS scores than the control group (25.7 +/- 2.9 vs. 21.2 +/- 2.4; p = 0.026). Depth perception was significantly improved in trained participants (4.33 +/- 0.81 vs. 2.83 +/- 0.75; p = 0.028). Trends toward enhanced bimanual dexterity and efficiency were observed but did not reach statistical significance. Qualitative analysis highlighted safer tissue handling, more consistent vessel exposure, and improved stapler positioning in the trained group compared with the controlgroup. Structured training with a sensorized high-fidelity vascular simulator was associated with better performance in selected components of robotic vascular dissection performance in an in vivo porcine model. These preliminary findings support the feasibility of this translational training pathway but require confirmation in larger randomized studies.",wos,llm,0.990,unreviewed,
discarded,Point-of-care ultrasound for emergency pericardiocentesis: a multidimensional CUSUM analysis of the learning curve,"Tang, Xiubin; Chen, Ming; Chen, Youyin; Zhong, Chunrong; Yang, Xiao",2026,BMC CARDIOVASCULAR DISORDERS,10.1186/s12872-026-05919-1,https://www.webofscience.com/wos/woscc/full-record/WOS:001829068800003,off-topic-false-hit,"Background Emergency point-of-care ultrasound-guided percutaneous pericardial catheter drainage (US-GPPCD) is a life-saving intervention for cardiac tamponade, yet the learning curve among novice operators in emergency settings remains poorly characterized, especially for multidimensional metrics and operator positioning. This study aimed to evaluate the learning curve, procedural efficiency, operator confidence, complications, and the influence of operator positioning for US-GPPCD performed by a single novice operator under direct supervision. Methods A total of 33 consecutive patients undergoing US-GPPCD between October 2024 and December 2025 by a single novice operator without prior independent experience were enrolled. Procedural metrics were prospectively recorded immediately post-procedure, while clinical data were retrospectively collected. Demographic and clinical characteristics, procedure time, needle insertion site localization time, operator confidence score, operator position, and complications were analyzed. Three separate cumulative sum (CUSUM) learning curves were constructed for multidimensional learning curve analysis. Results CUSUM analysis divided the learning curve into two phases: phase 1 (cases 1-14, skill-acquisition) and phase 2 (cases 15-33, skill-proficiency). Procedure time and localization time were significantly longer, and operator confidence score was significantly lower, in phase 1 than in phase 2 (all P < 0.01). The complication rate was higher in phase 1 (28.6%) than in phase 2 (5.3%), with no statistically significant difference (P = 0.14). While left-side positioning was associated with shorter procedure time in unadjusted analysis, this effect was confounded by operator experience and not significant after adjustment. Conclusion In this exploratory analysis, US-GPPCD showed acceptable short-term safety under direct supervision. A significant inflection point in procedural efficiency was observed at approximately 14 cases, while operator confidence consolidated shortly thereafter. These findings provide preliminary, hypothesis-generating evidence that may inform future training protocols, but require validation across multiple operators and centers.",wos,llm,0.990,unreviewed,
discarded,Objective Evaluation of Neuroendoscopic Skills Using Accelerometer Data and Machine Intelligence,"Singh, Ramandeep; Sharma, Yogesh; Pandey, Bhaskar; Halder, Abhishek; Joshi, Deepak; Suri, Ashish",2026,IEEE SENSORS JOURNAL,10.1109/JSEN.2026.3698960,https://www.webofscience.com/wos/woscc/full-record/WOS:001824176000042,off-topic-false-hit,"Minimally invasive neuroendoscopic (NE) procedures demand specialized skills and training. Assessing these skills is essential for evaluating the competency of neurosurgeons. Conventionally, it is done by experienced neurosurgeons, often facing challenges of inter and intraexpert variability. To counter this, we present a novel, inertial measurement unit (IMU) sensor-based, machine-intelligence framework for objectively grouping the neurosurgeons' skills into novice, intermediate, and expert categories. First, the wireless IMU sensors were attached at seven strategically important body locations of participants. Next, the accelerometer data were acquired from IMU sensors during the simulated NE environment and processed by canonical polyadic tensor decomposition (CPTD). Third, the decomposed modes were utilized by popular machine-learning models to label participants' skills in a subject-independent manner. An innovative weighted-penalty scheme was implemented to form a bias-free ground truth for this purpose. The proposed approach exhibits excellent multiclass performance, with the best accuracy and F-measure of 96.67% and 96.91% for the support vector machine (SVM) model. Also, the resultant area under the curve (AUC) for each class was close to unity, which further supports our method's efficacy. Moreover, individual sensors were evaluated to search for the optimal placement location, and the best results were obtained from the ""head"" sensor with over 90% accuracy. In addition, participants' suitability ratings for the sensor placement locations were recorded. Their feedback showed confidence in the ""head"" location, which coincides with the empirical outcome. To the best of our knowledge, this study is the first to demonstrate an absolute objective evaluation of the NE skills using wearable sensors.",wos,llm,0.990,unreviewed,
