status,title,authors,year,venue,doi,url,tags,abstract,provider,decision_source,llm_confidence,llm_review_outcome,llm_change_direction
discarded,A Comprehensive Understanding of CO Emissions from Hybrid Vehicles Using Long Short-Term Memory,"Hussain, Aamir; Chen, Shuyan; Akbar, Ammar; Shaikh, Sajan; Ghawy, Mohammed Zaid; Ma, Yongfeng",2026,TRANSPORTATION RESEARCH RECORD,10.1177/03611981261456275,https://www.webofscience.com/wos/woscc/full-record/WOS:001829476900001,off-topic-false-hit,"Insufficient exploration of hybrid electric vehicles (HEVs) in relation to carbon dioxide (CO2) emissions may lead to significant policy-related problems. Previous studies emphasize comparisons between internal combustion engine vehicles and HEVs, rather than an exclusive focus on HEVs. A detailed investigation of HEV-derived CO2 emissions is needed to understand their emission profiles across different road types. Moreover, the limited existing studies on HEV emissions have not considered trip lengths and spatial attributes, which are essential factors considering the operating functions of HEVs. This study aims to fill this gap by integrating data of engine characteristics, trip lengths, and spatial attributes of road types to assess the impact of these factors on CO2 emissions using a real-world, second-by-second vehicle energy data set. A deep learning framework, long short-term memory model, is employed to predict the CO2 emissions of HEVs. Permutation feature importance is used to quantify the relative importance of key predictors. Fuel consumption, mass air flow, trip lengths, and spatial attributes emerged as the key predictors of the model. To better explore the relationship between key predictors and CO2 emissions, we also visualized their distributions. The results revealed that CO2 emissions increase significantly with higher speed. Motorways generally involve longer trips, resulting in higher CO2 emissions than short trips, despite a significant difference in the proportion of trips. Short trips tend to emit more CO2 on local roads. The findings from this data-driven modeling study have practical implications in the transportation sector.",wos,llm,1.000,unreviewed,
discarded,EPC-TinyAD: An Energy- and Privacy-Aware Compressed TinyML Framework for Reliable Industrial Anomaly Detection on Resource-Constrained Edge Devices,"Sun, Yu; Qin, Yihang; Chen, Wenhao; Zhao, Wenhui; Sun, Haoran",2026,ELECTRONICS,10.3390/electronics15132879,https://www.webofscience.com/wos/woscc/full-record/WOS:001818424500001,off-topic-false-hit,"Real-time industrial anomaly detection is increasingly shifting from cloud-based diagnosis to edge intelligence deployed close to machines. However, practical industrial scenarios are constrained by scarce fault samples, unknown anomaly types, cross-machine distribution shifts, strict false alarm requirements, data privacy restrictions, and limited edge device resources. To address these challenges, this paper proposes EPC-TinyAD, an energy- and privacy-aware compressed TinyML framework for reliable industrial anomaly detection on resource-constrained edge devices. EPC-TinyAD follows a normal-only learning paradigm and employs a tiny depthwise-separable CNN autoencoder as the deployable student model, guided by a wider teacher autoencoder during training. Instead of relying solely on reconstruction error, the proposed anomaly score integrates spectrogram reconstruction deviation, compact normal-center distance, and teacher-student distillation discrepancy. Masked spectrogram modeling is introduced to enhance few-shot normal representation learning, while domain-adversarial invariant embedding improves cross-machine generalization. To support reliable deployment, split and adaptive conformal thresholding calibrate anomaly decisions under target false alarm rates. Furthermore, federated training with clipped and noisy updates reduces raw industrial data exposure, and energy-aware compression integrates pruning, INT8 size estimation, model export, latency benchmarking, and Pareto analysis. Experiments on industrial anomaly detection data demonstrate that EPC-TinyAD achieves 96.5% accuracy, 95.4% recall, 96.1% F1 score, 0.964 AUROC, and 0.952 AUPRC over five random seeds. These results indicate that EPC-TinyAD provides a reliable, lightweight, privacy-aware, and deployment-oriented framework for industrial edge anomaly detection, while future work will further validate its runtime memory, latency, and power consumption on physical Raspberry Pi-, Jetson-, or MCU-class edge devices.",wos,llm,1.000,unreviewed,
discarded,Developing AI-powered virtual patient chatbots for diagnostic reasoning training,"Han, Yejin; Park, Yuyi; Lee, Jihyun",2026,ACADEMIC MEDICINE,10.1093/acamed/wvag094,https://www.webofscience.com/wos/woscc/full-record/WOS:001805372300012,off-topic-false-hit,"Problem Diagnostic reasoning, the cognitive process of interpreting clinical information to arrive at a diagnosis, is a critical competency in medical education, and has been taught using authentic methods such as standardized patients and peer role-playing that simulate real clinical encounters. Although effective, these approaches require substantial time, space, and cost.Approach To address the limitations of traditional approaches, artificial intelligence-powered virtual patient chatbots were developed between April 21-28, 2025, with a chatbot builder that incorporates natural language processing. The design was guided by 2 core cognitive models of diagnostic reasoning-the dual process model and the memory model. The chatbots simulated authentic physician-patient interactions across 3 clinical scenarios: fatigue, stomach ache, and memory loss. Students can perform differential diagnoses based on various clinical data and received immediate feedback on diagnostic accuracy.Outcomes The patient chatbots were evaluated through surveys and interviews with faculty (May 2025) and students (November 2025). Findings consistently indicated that the chatbots functioned as an effective (4.50/5) and usable tool (4.46/5) for diagnostic reasoning practice. Participants perceived that the chatbots supported ""core cognitive processes of diagnostic reasoning"" by prompting active hypothetico-deductive reasoning, whereas repeated exposure to different cases was viewed as facilitating pattern recognition. Faculty highlighted the chatbots' cost-efficiency and scalability within curricula, whereas students emphasized authentic ""from-zero"" clinical reasoning and the value of reviewing dialogue logs for reflection. Overall, the results demonstrate that the chatbots can provide a feasible and educationally meaningful environment for practicing diagnostic reasoning in medical education.Next Steps Future work should refine artificial intelligence-powered virtual patient chatbots by incorporating tiered case complexity, patient-centered language, and equity-oriented design. Effective use will require systematic instructional design and learner preparation for emotionally challenging scenarios. Larger empirical studies using both outcome and interaction data are needed to evaluate educational impact and guide integration into clinical training.

Traditional diagnostic reasoning training is limited by cost and logistical constraints. This Innovation Report introduces AI-powered virtual patient chatbots grounded in dual-process and memory models. These chatbots simulate authentic patient encounters, enabling the practice of history-taking, diagnostic reasoning, and immediate feedback. Faculty and student evaluations suggest that they provide a scalable and effective tool for bridging medical knowledge and clinical practice.",wos,llm,0.990,unreviewed,
discarded,Making Rejected and Non-Selected Architectural Design Decisions Traceable: A Decision/Memory Model,"Oz, Kadir; Oz, Meliha Havva",2026,BUILDINGS,10.3390/buildings16122332,https://www.webofscience.com/wos/woscc/full-record/WOS:001802745800001,off-topic-false-hit,"In BIM-enabled architectural projects, information systems preserve accepted decisions far more reliably than the rejected and non-selected alternatives that shaped them. Drawings, models, specifications and common data environments record what a project became, while the reasons that eliminated competing options are dispersed across meeting notes and revision logs or lost. This asymmetry weakens design coordination, change management and cross-project knowledge reuse. This article proposes a conceptually derived and analytically evaluated recording artefact for recovering these lost decision traces within the phase-transition band from spatial coordination to technical design. A two-gate evaluation logic separates codified screening from stakeholder-mediated review and decouples the procedural location of rejection from the category family that organises its reason. Three loss types are identified: pre-stakeholder invisible loss, trace/version loss and terminal loss. These are linked to six rejection-category families, four process redirection effects and differentiated memory destinations, with a constraint-bearing layer divided into avoidance and comparative branches. A fillable eight-field decision record template, formalised as a single recording-and-routing procedure, is specified for BIM, common data environment and design review workflows, supported by a query specification. The model is illustrated through a constructed hotel-floor decision node and offers a structured basis for retaining the knowledge carried by rejected, revised and valid but non-selected architectural decisions.",wos,llm,1.000,unreviewed,
discarded,Cognitive schema-driven knowledge tracing based on hierarchical memory networks: Learning transfer modeling under multi-level cognitive architecture,"Wang, Haoyu; Ji, Weidong",2026,EXPERT SYSTEMS WITH APPLICATIONS,10.1016/j.eswa.2026.133050,https://www.webofscience.com/wos/woscc/full-record/WOS:001792402700001,off-topic-false-hit,"Knowledge tracing is a key technique in intelligent tutoring systems that estimates learners' mastery based on their interaction histories. However, existing models still suffer from (i) a mismatch between their memory structures and human cognitive systems, (ii) the lack of explicit mechanisms to support knowledge transfer, and (iii) limited cognitive interpretability. Motivated by Ausubel's theory of cognitive structure transfer and a multi-level memory model, we propose the Tri-level Interactive Attention Knowledge Tracing (TIAKT) model. TIAKT builds a cognition-theory-driven tri-level memory architecture: short-term memory captures instantaneous learning states via a multi-head attention mechanism; neural memory is updated step-by-step using gating operations to emulate the gradual nature of memory consolidation; and persistent memory adopts a sequence-level update scheme, representing stable knowledge schemas with structured parameters. The three memories are dynamically integrated through a Transformer encoder, enabling transfer modeling across tasks and across knowledge concepts. In addition, we introduce a task-oriented biased attention mechanism to simulate the function of advanced organizers in cognitive structure transfer, thereby proactively activating relevant prior knowledge. Experiments on four standard educational datasets demonstrate that TIAKT consistently achieves state-of-the-art performance, with AUC scores of 0.949, 0.926, 0.951, and 0.864, respectively. Compared with the best overall general baseline, Self-Attentive Knowledge Tracing (SAKT), TIAKT yields an average 12.6% relative improvement in AUC; it also maintains an average 5% advantage over the strongest baseline on each dataset. This study integrates multi-level memory and cognitive structure transfer into knowledge tracing, explicitly linking cognitive constructs to neural components to support personalized and adaptive learning.",wos,llm,0.990,unreviewed,
discarded,Enhancing Automatic Answer Evaluation Using Bi-Directional Long Short-Term Memory-Based Deep Learning,"Adharsh, T. S.; Jeyakumar, M. K.",2026,INTERNATIONAL JOURNAL OF SPECIAL EDUCATION,,https://www.webofscience.com/wos/woscc/full-record/WOS:001788494700033,off-topic-false-hit,"Automated Essay Scoring improves the effectiveness, consistency and fairness of evaluation through the use of deep learning models such as Bi-Directional Long Short-Term Memory in order to overcome some of the shortcomings associated with manual evaluation in large-scale educational testing situations. Automated Essay Scoring systems apply artificial intelligence and natural language processing technology to assess written responses quickly and without biasIt addresses the challenges in the education sector concerning the efficient evaluation of diverse and complex student responses due to the increasing number of learners. Conventional automated scoring approaches, which believe on lexical and syntactic pattern matching, fail to capture the deeper semantic and contextual nuances of short and essay-type answers. To resolve these limitations, the proposed framework employs a deep learning architecture based on the Automated Student Assessment Prize Short Answer Scoring, dataset, encompassing stages such as data exploration, feature extraction, model training, and evaluation. The system performs text structure and lexical feature analysis through visualization, while feature extraction involves tokenization, elimination of stop words, application of Term Frequency-Inverse Document Frequency, and truncated Singular Value Decomposition for effective dimensionality reduction. The comparative analysis between unidirectional Long Short-Term Memory and Bi-Directional Long Short-Term Memory demonstrates that the latter processes sequences in both forward and backward directions, thereby capturing contextual information more comprehensively and improving accuracy. The constructed Bi-Directional Long Short-Term Memory model, consisting of nineteen layers with dropout mechanisms to avoid overfitting, exhibits superior performance by achieving lower mean absolute error and validation loss compared to the conventional Long Short-Term Memory model. The inclusion of callback functions during training allows dynamic performance monitoring and parameter optimization. Positioned within the broader context of automated essay scoring research, this study highlights the significance of deep learning and context-aware architectures in enhancing grading accuracy beyond simple lexical and syntactic evaluation. The findings reveal that the Bi-Directional Long Short-Term Memory based scoring system is an effective and reliable method that closely aligns with human assessment, offering a robust solution for modern educational evaluation.",wos,llm,0.990,unreviewed,
kept,A Novice-Friendly Answer Interface with Code Behavior Visualization and AI Assistant for a Python Programming Learning Assistant System,"Fu, Zhida; Funabiki, Nobuo; Zhu, Zihao; Zhang, Yue; Kao, Wen-Chung; Lee, Yi-Fang; Tseng, Pi-Kuang",2026,INFORMATION,10.3390/info17050509,https://www.webofscience.com/wos/woscc/full-record/WOS:001774663000001,supports-claim,"Nowadays, Python is very popular as the first programming language for novices, including high school students, to learn due to its short code features with rich libraries. Thus, it is important to provide a learning environment supporting studies starting from the fundamentals, since students have no knowledge on how a program runs on a computer. Previously, we have developed a web-based programming learning assistant system (PLAS) to allow the self-study of major programming languages, including Python, by university students. It offers several types of exercise problems that have different learning goals and levels for step-by-step study. Any student answer is automatically marked at the answer interface for quick feedback. However, PLAS has not implemented functions to assist the learning needs of high school-level students. In this paper, we propose a novice-friendly answer interface for a Python programming learning assistant system (PyPLAS) that introduces a code behavior visualization and an AI assistant with learning logs. The visualization allows learners to observe the changes in variable states and the control flow. The assistant provides multi-level hints during learning and reflective feedback after it by analyzing the logs based on engagement, reasoning strategies, learning pace, and tool usage. For evaluation, we implemented the proposed interface using Python Flask for the web platform and Ollama as a locally deployed AI model. A pilot application was conducted with high school students solving introductory Python exercises in PyPLAS. The results showed high task completion, positive questionnaire responses toward embedded visualization and interface usability, and teacher-observed usefulness of the four-dimensional learning analytics for interpreting learner behaviors. These findings provide preliminary evidence for the feasibility and practical value of the proposed interface, while larger controlled studies are required to validate its instructional effectiveness.",wos,llm,0.950,unreviewed,
discarded,MCPSim: A compiler-integrated co-simulation platform for hybrid memory-centric processing paradigm,"Maity, Satanu; Ghose, Manojit",2026,JOURNAL OF SYSTEMS ARCHITECTURE,10.1016/j.sysarc.2026.103784,https://www.webofscience.com/wos/woscc/full-record/WOS:001745065300001,off-topic-false-hit,"Memory-Centric Processing (MCP) is an emerging paradigm designed to address the memory wall bottleneck, in which some portion of an application is executed on the host CPU, while other portions are offloaded to the memory side for execution. Although most MCP research relies heavily on simulation tools, current simulators have significant limitations. They often do not accurately model hybrid MCP architectures that enable simultaneous memory-centric computation across the main memory to the cache hierarchy. Additionally, these simulators typically lack robust co-simulation capabilities, in which both the host and MCP-side processors run concurrently. They also rely on offloading methods that necessitate time-consuming pre-execution profiling. To tackle these issues, we present MCPSim, an open-source, trace-driven simulator designed for hybrid MCP systems. MCPSim offers a relevant model for near cache and near main memory processing, a runtime environment that enables concurrent, cycle-accurate co-simulation, and an LLVM-based framework that facilitates compiler-assisted dynamic offloading, enabling end-to-end application execution and performance measurements. Additionally, the proposed simulation design focuses on a single execution session, enabling runtime decisions that eliminate the need for separate, offline profiling tools. An intensive experiment demonstrates that MCPSim is 5.7x faster than the existing simulator, with only a minor 2.9% discrepancy in result accuracy. Furthermore, the compiler-assisted dynamic offloading approach within the MCPSim framework achieves a 29% speedup and 30% energy savings compared to traditional computing systems. The experimental results demonstrate MCPSim's potential to significantly improve simulation efficiency, inspiring confidence in its application for upcoming research and development in this area.",wos,llm,1.000,unreviewed,
discarded,Verification of the Release-Acquire Semantics,"Abdulla, Parosh Aziz; Anastasiadi, Elli; Atig, Mohamed Faouzi; Grahn, Samuel",2026,THEORETICAL ASPECTS OF COMPUTING-ICTAC 2025,10.1007/978-3-032-11176-0_8,https://www.webofscience.com/wos/woscc/full-record/WOS:001722455300008,off-topic-false-hit,"The Release-Acquire (RA) semantics and its variants are some of the most fundamental models of concurrent semantics for architectures, programming languages, and distributed systems. Several steps have been taken in the direction of testing such semantics, where one is interested in whether a single program execution is consistent with a memory model. The more general verification problem, i.e., checking whether all allowed program runs are consistent with a memory model, has still not been studied as much. The purpose of this work is to bridge this gap. We tackle the verification problem, where, given an implementation described as a register machine, we check if any of its runs violates the .RA semantics or its Strong (.SRA) and Weak (.WRA) variants. We show that verifying .WRA in this setup is in O(n(5)), while verifying .RA and .SRA is both NP- and coNP-hard, and provide a PSPACE upper bound. This answers some fundamental questions about the complexity of these problems, and provides insights on the expressive power of register machines as a model.",wos,llm,1.000,unreviewed,
