status,title,authors,year,venue,doi,url,tags,abstract,provider,decision_source,llm_confidence,llm_review_outcome,llm_change_direction
kept,Computational Thinking Is More about Thinking than Computing,Yeping Li; Alan H. Schoenfeld; Andrea A. diSessa; Arthur C. Graesser; Lisa Benson; Lyn D. English; Richard A. Duschl,2020,Journal for STEM Education Research,10.1007/s41979-020-00030-2,https://openalex.org/W3028549437,qualifies-claim,,openalex,llm,0.880,unreviewed,
kept,On Computational Thinking and STEM Education,Yeping Li; Alan H. Schoenfeld; Andrea A. diSessa; Arthur C. Graesser; Lisa Benson; Lyn D. English; Richard A. Duschl,2020,Journal for STEM Education Research,10.1007/s41979-020-00044-w,https://openalex.org/W3063582799,qualifies-claim,,openalex,llm,0.620,unreviewed,
kept,Computational Thinking is Pervasive,Alan Bundy,2007,Edinburgh Research Explorer (University of Edinburgh),,https://openalex.org/W1594942932,supports-claim,A remarkable intellectual revolution is happening all around us,openalex,llm,0.710,unreviewed,
kept,Computational Thinking in Teacher Education,Aman Yadav; Sarah Gretter; Jon Good; T.C. McLean,2017,,10.1007/978-3-319-52691-1_13,https://openalex.org/W2609834636,supports-claim,,openalex,llm,0.730,unreviewed,
kept,"Computational Thinking, Between Papert and Wing",Michael Lodi; Simone Martini,2021,Science & Education,10.1007/s11191-021-00202-5,https://openalex.org/W3158602079,qualifies-claim,"Abstract The pervasiveness of Computer Science (CS) in today’s digital society and the extensive use of computational methods in other sciences call for its introduction in the school curriculum. Hence, Computer Science Education is becoming more and more relevant. In CS K-12 education, computational thinking (CT) is one of the abused buzzwords: different stakeholders (media, educators, politicians) give it different meanings, some more oriented to CS, others more linked to its interdisciplinary value. The expression was introduced by two leading researchers, Jeannette Wing (in 2006) and Seymour Papert (much early, in 1980), each of them stressing different aspects of a common theme. This paper will use a historical approach to review, discuss, and put in context these first two educational and epistemological approaches to CT. We will relate them to today’s context and evaluate what aspects are still relevant for CS K-12 education. Of the two, particular interest is devoted to “Papert’s CT,” which is the lesser-known and the lesser-studied. We will conclude that “Wing’s CT” and “Papert’s CT,” when correctly understood, are both relevant to today’s computer science education. From Wing, we should retain computer science’s centrality, CT being the (scientific and cultural) substratum of the technical competencies. Under this interpretation, CT is a lens and a set of categories for understanding the algorithmic fabric of today’s world. From Papert, we should retain the constructionist idea that only a social and affective involvement of students into the technical content will make programming an interdisciplinary tool for learning (also) other disciplines. We will also discuss the often quoted (and often unverified) claim that CT automatically “transfers” to other broad 21st century skills. Our analysis will be relevant for educators and scholars to recognize and avoid misconceptions and build on the two core roots of CT.",openalex,llm,0.990,unreviewed,
kept,"Progress in computational thinking, and expanding the HPC community",Jeannette M. Wing; Dan Stanzione,2016,Communications of the ACM,10.1145/2933410,https://openalex.org/W2461725782,CT-definition; supports-claim,"The Communications Web site, http://cacm.acm.org, features more than a dozen bloggers in the BLOG@CACM community. In each issue of Communications , we'll publish selected posts or excerpts. twitter Follow us on Twitter at http://twitter.com/blogCACM http://cacm.acm.org/blogs/blog-cacm Jeannette Wing considers the proliferation of computational thinking, while Dan Stanzione hopes to bring more HPC practitioners to SC16.",openalex,llm,0.720,unreviewed,
kept,Computational thinking in educational activities,Lindsey Ann Gouws; Karen Bradshaw; Peter Wentworth,2013,,10.1145/2462476.2466518,https://openalex.org/W2042304893,supports-claim,"Computational thinking is gaining recognition as an important skill set for students, both in computer science and other disciplines. Although there has been much focus on this field in recent years, it is rarely taught as a formal course within the curriculum, and there is little consensus on what exactly computational thinking entails and how to teach and evaluate it. To address these concerns, we have developed a computational thinking framework to be used as a planning and evaluative tool. Within this framework, we aim to unify the differing opinions about what computational thinking should involve. As a case study, we have applied the framework to Light-Bot, an educational game with a strong focus on programming, and found that the framework provides us with insight into the usefulness of the game to reinforce computer science concepts.",openalex,llm,0.940,unreviewed,
discarded,A Serious Game for Developing Computational Thinking and Learning Introductory Computer Programming,Cagin Kazimoglu; Mary Kiernan; Liz Bacon; Lachlan MacKinnon,2012,Procedia - Social and Behavioral Sciences,10.1016/j.sbspro.2012.06.938,https://openalex.org/W2114582450,adjacent-subtopic,"Owing to their ease of engagement and motivational nature, especially for younger age groups, games have been omnipresent in education since earliest times. More recently, computer video games have become widely used, particularly in secondary and tertiary education, to impart core knowledge in some subject areas and as an aid to attracting and retaining students. Academics have proposed a number of approaches, using games-based learning (GBL), to impart theoretical and applied knowledge, especially in the computer science discipline. Our research is concerned with the design of an innovative educational game framework focused on the development of Computational Thinking (CT) skills, and herein we introduce a serious game, based on our framework, which encourages the development of CT skills to facilitate learning introductory computer programming. We describe how a limited number of key introductory computer programming concepts have been mapped onto the game-play, and how an equivalent set of skills characterising CT can be acquired through playing the game. A survey response group of 25 students, following computer science and related degree programmes but with very diverse backgrounds and experience, provided initial usability feedback on the game. Their feedback confirmed that they found the game enjoyable, and also universally believed that this approach would be beneficial in helping students learn problem-solving skills for introductory computer programming. Feedback from this group will be incorporated in a revised version of the game, which will now be subject to rigorous experimental evaluation and analysis, to provide structured empirical evidence in support of our approach.",openalex,llm,0.900,unreviewed,
kept,An Overview of Computational Thinking,Fatih Kürşat Cansu; Sibel Cansu,2019,International Journal of Computer Science Education in Schools,10.21585/ijcses.v3i1.53,https://openalex.org/W2941380451,supports-claim,"Computers and smart devices have become ubiquitous staples of our lives. Computers and computer-controlled devices are used in all industries from medicine to engineering, and textile production. One field where computers have inevitably spread into is education, and one pre-requisite of controlling computers, or increasing the level and efficiency of our control over them, is making human-computer interaction as efficient as possible. This process of efficient and effective computer use, known as “Computer-like Thinking” or “Computational Thinking”, is seen as a field with the potential to support individual and societal development in our rapidly progressing world and to provide significant economic benefits. The fundamental concepts and scope of this field have been delineated in diverse manners by different researchers. Similarly, researchers have also advanced distinct critical viewpoints towards and potential benefits of computational thinking. This study aims to first define the concept of computational thinking by referencing source literature, then analyze the aims of certain criticisms of the field, and discuss the fundamental elements of computational thinking and contemporary research on these elements.",openalex,llm,0.970,unreviewed,
discarded,Bringing Computational Thinking to STEM Education,Samar I. Swaid,2015,Procedia Manufacturing,10.1016/j.promfg.2015.07.761,https://openalex.org/W2289080472,adjacent-subtopic,"Today, as advanced technologies and cloud computing tools emerge, it is imperative that such innovations are sustained with knowledge and skill set among STEM educators and practitioners. In this paper, the author reports on a project, HBCU-UP II, that works on bringing Computational Thinking to Science, Technology, Engineering, and Mathematics (STEM) disciplines. A Computational-Thinking based strategy is adopted to enforce thinking computationally in STEM gate-keeping courses. The paper presents framework, implementation and outcomes. This on-going project contributes to efforts to establish computational thinking as a universally applicable attitude that is meshed within STEM conversations, education, and curricula. This paper will be particularly useful for researchers interested in Computational Thinking and its applications in STEM education, in particular and higher education in general",openalex,llm,0.830,unreviewed,
kept,Computational thinking,J.M. Wing,2011,,10.1109/vlhcc.2011.6070404,https://openalex.org/W4210540001,supports-claim,"Summary form only given. My vision for the 21st century, Computational Thinking, will be a fundamental skill used by everyone in the world. To reading, writing, and arithmetic, we should add computational thinking to every child's analytical ability. Computational thinking involves solving problems, designing systems, and understanding human behavior by drawing on the concepts fundamental to computer science. Thinking like a computer scientist means more than being able to program a computer. It requires the ability to abstract and thus to think at multiple levels of abstraction. In this talk I will give many examples of computational thinking, argue that it has already influenced other disciplines, and promote the idea that teaching computational thinking can not only inspire future generations to enter the field of computer science but benefit people in all fields.",openalex,llm,0.970,unreviewed,
kept,Computational Thinking in the STEM Disciplines,M. Khine,2018,,10.1007/978-3-319-93566-9,https://openalex.org/W3081087579,CT-definition; CT-facets-concepts-vs-practices; supports-claim,,openalex,llm,0.620,unreviewed,
kept,A cognitive definition of computational thinking in primary education,Katerina Tsarava; Korbinian Moeller; ‪Marcos Román-González‬; Jessika Golle; Luzia Leifheit; Martin V. Butz; Manuel Ninaus,2021,Computers & Education,10.1016/j.compedu.2021.104425,https://openalex.org/W4200179496,qualifies-claim,,openalex,llm,0.920,unreviewed,
kept,From computational thinking to computational empowerment,Ole Sejer Iversen; Rachel Charlotte Smith; Christian Dindler,2018,,10.1145/3210586.3210592,https://openalex.org/W2886415993,qualifies-claim,"We propose computational empowerment as an approach and a Participatory Design response to challenges related to digitalization of society and the emerging need for digital literacy in K12 education. Our approach extends the current focus on computational thinking to include contextual, human-centred and societal challenges and impacts involved in students' creative and critical engagement with digital technology. Our research is based on the [email protected] project, in which a PD approach to computational empowerment provided opportunities as well as further challenges for the complex agenda of digital technology in education. We argue that PD has the potential to drive a computational empowerment agenda in education by connecting political PD with contemporary visions for addressing a future digitalized labour market and society.",openalex,llm,0.930,unreviewed,
kept,Bebras - a Sustainable Community Building Model for the Concept Based Learning of Informatics and Computational Thinking,Valentina Dagienė; Gabrielė Stupurienė,2016,Informatics in Education,10.15388/infedu.2016.02,https://openalex.org/W2374413431,supports-claim,"As an international informatics contest, or challenge, Bebras has started the second decade of its existence. The contest attracts more and more countries every year, recently there have been over 40 participating countries. From a single contest-focused annual event Bebras developed to a multifunctional challenge and an activities-based educational community building model. This paper aims to introduce the Bebras model using ten years of observations in implementing the contest in different countries. The model is essentially based on democratic and inclusive education values. Systematic literature review of research papers concerning Bebras activities has made an integral background for this model. The model is represented both at international and national levels and consists of several components where the development of Bebras tasks has taken a very significant role. Reasoning on innovated learning informatics and strengthening computational thinking by utilising carefully selected informatics concepts is discussed as well.",openalex,llm,0.770,unreviewed,
kept,"A review of models for introducing computational thinking, computer science and computing in K-12 education",Fredrik Heintz; Linda Mannila; Tommy Färnqvist,2016,,10.1109/fie.2016.7757410,https://openalex.org/W2559363606,CT-facets-concepts-vs-practices; supports-claim,"Computer science is becoming ever increasingly important to our society. Computer science content has, however, not traditionally been considered a natural part of curricula for primary and secondary education. Computer science has traditionally been primarily a university level discipline and there are no widely accepted general standards for what computer science at K-12 level entails. Also, as the interest in this area is rather new, the amount of research conducted in the field is still limited. In this paper we review how 10 different countries have approached introducing computer science into their K-12 education. The countries are Australia, England, Estonia, Finland, New Zealand, Norway, Sweden, South Korea, Poland and USA. The studied countries either emphasize digital competencies together with programming or the broader subject of computer science or computing. Computational thinking is rarely mentioned explicitly, but the ideas are often included in some form. The most common model is to make computer science content compulsory in primary school and elective in secondary school. A few countries have made it compulsory in both, while some countries have only introduced it in secondary school.",openalex,llm,0.860,unreviewed,
discarded,Developing fundamental programming concepts and computational thinking with ScratchJr in preschool education: a case study,Stamatios Papadakis; Michail Kalogiannakis; Nicholas Zaranis,2016,International Journal of Mobile Learning and Organisation,10.1504/ijmlo.2016.077867,https://openalex.org/W2489550445,adjacent-subtopic,"In recent years, the teaching of programming and development of fundamental programming concepts at the preschool age has attracted the interest of the educational and scientific community. International research has highlighted that teaching programming to young children has a crucial influence on the development of their cognitive functions. There are currently plenty of available programming environments suited for preschoolers. Researchers are adapting their views concerning the age threshold at which young children can effectively get involved with programming. A new programming environment, which was designed to help preschoolers familiarise with basic programming concepts, in a developmentally appropriate manner, is ScratchJr. This study performs a brief introduction to the characteristics of ScratchJr as well as a presentation of the results of a small-scale pilot study for the evaluation of ScratchJr as means of teaching basic programming concepts in the preschool classroom.",openalex,llm,0.840,unreviewed,
kept,Computational Thinking as an Emerging Competence Domain,Aman Yadav; Jon Good; Joke Voogt; Petra Fisser,2016,Technical and vocational education and training,10.1007/978-3-319-41713-4_49,https://openalex.org/W2509344724,CT-definition; CT-facets-concepts-vs-practices; supports-claim,,openalex,llm,0.800,unreviewed,
kept,Computational thinking in programming with Scratch in primary schools: A systematic review,Janne Fagerlund; Päivi Häkkinen; Mikko Vesisenaho; Jouni Viiri,2020,Computer Applications in Engineering Education,10.1002/cae.22255,https://openalex.org/W3021329496,supports-claim,"Abstract Computer programming is being introduced in educational curricula, even at the primary school level. One goal of this implementation is to teach computational thinking (CT), which is potentially applicable in various computational problem‐solving situations. However, the educational objective of CT in primary schools is somewhat unclear: curricula in various countries define learning objectives for topics, such as computer science, computing, programming or digital literacy but not for CT specifically. Additionally, there has been confusion in concretely and comprehensively defining and operationalising what to teach, learn and assess about CT in primary education even with popular programming akin to Scratch. In response to the growing demands of CT, by conducting a literature review on studies utilising Scratch in K–9, this study investigates what kind of CT has been assessed in Scratch at the primary education level. As a theoretical background for the review, we define a tangible educational objective for introducing CT comprehensively in primary education and concretise the fundamental skills and areas of understanding involved in CT as its “core educational principles”. The results of the review summarise Scratch programming contents that students can manipulate and activities in which they can engage that foster CT. Moreover, methods for formatively assessing CT via students' Scratch projects and programming processes are explored. The results underpin that the summarised “CT‐fostering” programming contents and activities in Scratch are vast and multidimensional. The next steps for this study are to refine pedagogically meaningful ways to assess CT in students' Scratch projects and programming processes.",openalex,llm,0.960,unreviewed,
discarded,Computational thinking and tinkering: Exploration of an early childhood robotics curriculum,Marina Umaschi Bers; Louise Flannery; Elizabeth R. Kazakoff; Amanda Sullivan,2013,Computers & Education,10.1016/j.compedu.2013.10.020,https://openalex.org/W2144049026,adjacent-subtopic,"By engaging in construction-based robotics activities, children as young as four can play to learn a range of concepts. The TangibleK Robotics Program paired developmentally appropriate computer programming and robotics tools with a constructionist curriculum designed to engage kindergarten children in learning computational thinking, robotics, programming, and problem-solving. This paper documents three kindergarten classrooms' exposure to computer programming concepts and explores learning outcomes. Results point to strengths of the curriculum and areas where further redesign of the curriculum and technologies would be appropriate. Overall, the study demonstrates that kindergartners were both interested in and able to learn many aspects of robotics, programming, and computational thinking with the TangibleK curriculum design. (C) 2013 Elsevier Ltd. All rights reserved.",openalex,llm,0.910,unreviewed,
kept,Review on teaching and learning of computational thinking through programming: What is next for K-12?,Sze Yee Lye; Joyce Hwee Ling Koh,2014,Computers in Human Behavior,10.1016/j.chb.2014.09.012,https://openalex.org/W1970953601,supports-claim,,openalex,llm,0.960,unreviewed,
discarded,Coding as a Playground: Programming and Computational Thinking in the Early Childhood Classroom,Marina Umaschi Bers,2017,,,https://openalex.org/W2889273325,adjacent-subtopic,"Coding as a Playground, Second Edition focuses on how young children (aged 7 and under) can engage in computational thinking and be taught to become computer programmers, a process that can increase both their cognitive and social-emotional skills. Learn how coding can engage children as producers—and not merely consumers—of technology in a playful way. You will come away from this groundbreaking work with an understanding of how coding promotes developmentally appropriate experiences such as problem-solving, imagination, cognitive challenges, social interactions, motor skills development, emotional exploration, and making different choices. Featuring all-new case studies, vignettes, and projects, as well as an expanded focus on teaching coding as a new literacy, this second edition helps you learn how to integrate coding into different curricular areas to promote literacy, math, science, engineering, and the arts through a project-based approach and a positive attitude to learning.",openalex,llm,0.830,unreviewed,
