status,title,authors,year,venue,doi,url,tags,abstract,provider,decision_source,llm_confidence,llm_review_outcome,llm_change_direction
kept,Support for Programming Education with Structured Program Design Using Combination of Phrases,Daisuke Inaba; Fumiko Harada; Hiromitsu Shimakawa,2009,2009 Fourth International Conference on Computer Sciences and Convergence Information Technology,10.1109/ICCIT.2009.32,https://ieeexplore.ieee.org/document/5367942/,supports-claim,"We propose a method of designing the behavior of the program with combination of phrases. In this method, two design stages are prepared. The first stage is for students to design the outline of the program behavior. In this stage, the behavior of the program is expressed with three control structures and their contents of processing. The second stage is for students to design each module in detail, considering relationships between modules. In this stage, students design procedures with roles of arguments. Since there are two stages for designing the behavior, teachers can force students to design it logically. Students can study how to design program behavior without learning the particular designing methods.",ieee,llm,0.970,unreviewed,
kept,Focus on Early Misconceptions in the Use of Variables and the Assignment Operator to Facilitate Progress in Learning Computer Programming,Candido Cabo,2023,2023 IEEE Frontiers in Education Conference (FIE),10.1109/FIE58773.2023.10342943,https://ieeexplore.ieee.org/document/10342943/,supports-claim,"The purpose of this research-to-practice work-in-progress paper is to identify students' early misconceptions in the use of variables and assignment operators in a first-year computer programming course using Python. About half of first-year students taking computer programming courses have difficulty understanding the use of variables and the assignment operator. The majority of those students will not make adequate progress to learning advanced control flow structures like selection, repetition or the use of functions. To correct early misconceptions and make adequate progress in learning computer programming students should be able to: 1) translate a word problem into input/output requirements; 2) recognize the correct syntax of statements using variables and the assignment operator; 3) develop mental models of how the assignment operator works; 4) identify and interpret data types; 5) evaluate arithmetic expressions. We expect that early focus on achieving those learning objectives will prevent or correct early misconceptions and facilitate progress in learning computer programming.",ieee,llm,0.960,unreviewed,
kept,Towards the Identification of Profiles based on the Understanding of Programming Concepts: the Case of the Variable,Henry Julie; Dumas Bruno,2019,2019 IEEE Frontiers in Education Conference (FIE),10.1109/FIE43999.2019.9028697,https://ieeexplore.ieee.org/document/9028697/,supports-claim,"This Research Full Paper presents a longitudinal study aimed at identifying profiles describing freshers' understanding of the programming concepts. The variable was chosen as a first case study. 108 students enrolled in a university introductory programming course were submitted to a concept inventory at four different times according to a precise schedule. This sample presents an interesting diversity: 64 students with a major in computer science and 44, in business engineering; 19 are females. Among these students, seven profiles were identified. At first glance, it appears that these profiles could be related to the consistency of students in terms of used mental models to solve variable assignment problems.",ieee,llm,0.970,unreviewed,
kept,An Educational System that Explains the Domain-oriented-explanation of Program's Behaviors,Fumihiko Anma; Tomonori Kato; Tatsuhiro Konishi; Yukihiro Itoh; Toshio Okamoto,2007,Seventh IEEE International Conference on Advanced Learning Technologies (ICALT 2007),10.1109/ICALT.2007.57,https://ieeexplore.ieee.org/document/4280990/,adjacent-subtopic,"We have developed an educational system that helps novice programming language learners. Our system can output the verbal and visual explanation that explains the behavior of a program on the domain world. When learners input their own program that has a few bugs, they can spontaneously notice that there are a few bugs in their program by referring the explanation contradictory to their expectations, and try to fix them.",ieee,llm,0.720,unreviewed,
discarded,An Approach to Discover Students’ Conceptions in Online Computing Education: A Case Study of Students’ Understanding of Virtual Memory,Sonia Pamplona; Javier Bravo-Agapito; Isaac Seoane,2024,IEEE Access,10.1109/ACCESS.2024.3442440,https://ieeexplore.ieee.org/document/10634102/,off-topic-false-hit,"This study presents a new approach for discovering conceptions among online computer science students. The research objectives were 1) to discover students’ conceptions of virtual memory, an important concept in operating systems, and 2) to provide a method for discovering students’ conceptions in the field of computer science. The study participants were students taking an undergraduate course on an operating system at an online university. Eleven students were enrolled in the course, and we selected all the participants who completed the course, seven students in total. We selected a qualitative case study as our methodology as we required a thorough and in-depth analysis of each student thought processes. Study data were obtained from questions on virtual memory that were included in two written evaluation tests at the beginning and end of the course. The questions assessed conceptual knowledge and meaningful learning of the concept of virtual memory. We discovered nine accepted conceptions and seven alternative conceptions related to virtual memory. We also inferred a mental model that could be the root cause of the discovered alternative conceptions. Our study has important implications for teaching and educational research in computer science. Regarding educational implications, this study makes recommendations for teaching virtual memory based on the results. Considering the implications for future research, our contributions are seven alternative conceptions of virtual memory that had not been previously identified, and a methodology for discovering conceptions that can be applied to other computing topics in both online and face-to-face environments.",ieee,llm,0.990,unreviewed,
kept,Learning principles in program visualizations: A systematic literature review,Jeisson Hidalgo-Céspedes; Gabriela Marín-Raventós; Vladimir Lara-Villagrán,2016,2016 IEEE Frontiers in Education Conference (FIE),10.1109/FIE.2016.7757692,https://ieeexplore.ieee.org/document/7757692/,adjacent-subtopic,"Program visualizations help students understand the runtime behavior of other programs. They are educational tools to complement lectures or replace inefficient static drawings. A recent survey found 46 program visualizations developed from 1979 to 2012 reported that their effectiveness is unclear. They also evaluated learner engagement strategies implemented by visualization systems, but other learning principles were not considered. Learning principles are potential key factors in the success of program visualization as learning tools. In this paper, we identified 16 principles that may contribute to the effectiveness of a learning tool based on Vygotsky's learning theory. We hypothesize that some of these principles could be supported by incorporating visual concrete allegories and gamification. We conducted a literature review to know if these principles are supported by existing solutions. We found six new systems between 2012 and 2015. Very few systems consider a learning theory as theoretical framework. Only two out the 16 learning principles are supported by existing visualizations. All systems use unconnected visual metaphors, two use concrete visual metaphors, and one implemented a gamification principle. We expect that using concrete visual allegories and gamification in future program visualizations will significantly improve their effectiveness.",ieee,llm,0.800,unreviewed,
kept,Prevalence of Programming Misconceptions in Primary School Students.,Marco Hartmann; Michael Hielscher; Eva Marinus,2024,Koli Calling,10.1145/3699538.3699568,https://dblp.org/rec/conf/kolicalling/HartmannHM24,supports-claim,"This study investigates the prevalence of programming misconceptions among primary school students using the Programming Misconception Assessment Tool (ProMAT). The ProMAT was designed to measure programming misconceptions in two educational programming environments: Scratch and xLogo. We analyzed data from 366 Grade 5 and 6 children in German-speaking Switzerland to identify common misconceptions about sequences, loops, conditionals and to find out if they believed that there is a hidden mind in the programming environment that has intelligent interpretive powers (the so-called superbug misconception). In addition, we compared response patterns across the two programming environments. We found two misconceptions related to loops to be most common in Scratch, namely the belief that loops produce the exact same output in every iteration and that each command inside a loop is repeated separately. For xLogo, the most common misconception was from the sequences category, namely relating to the order of subprogram execution. Furthermore, variations of the superbug misconception were more prevalent among xLogo than among Scratch learners. We discuss how our results compare and add to the outcomes of earlier work, including the seminal study by Swidan and colleagues (2018). Finally, we explain how programming-environment-specific features might influence the formation or prevention of misconceptions in primary school students.",dblp,llm,1.000,unreviewed,
discarded,WIP: Integrating Industry and Research in STEM Transportation Festivals for Middle and High School Audiences,"Whiteside, Hope; Lakin, Joni M.; -Forrest, Bernadette Beavers; Love, Kay",2025,"2025 IEEE FRONTIERS IN EDUCATION CONFERENCE, FIE",10.1109/FIE63693.2025.11328656,https://www.webofscience.com/wos/woscc/full-record/WOS:001792342800515,off-topic-false-hit,"This is a WIP, innovative practice paper. Many K-12 students and teachers hold the misconception that engineers work primarily in isolation and on narrow problems involving mathematics and established scientific principles. This perspective overlooks the vast field of engineering research in which large interdisciplinary teams address emergent issues. The present team works in a research institute focused on transportation, including specialization in electric vehicles, battery technology, smart infrastructure, and policy. This paper describes a K-12 outreach event that shows K-12 audiences the many ways engineering research affects their daily lives and safety.",wos,llm,1.000,unreviewed,
discarded,Neuromyths and instructional illusions in higher arts education: initial development of the Teaching and Learning Misconceptions Questionnaire,"Estrada, Erick; Zambrano R, Jimmy",2026,FRONTIERS IN EDUCATION,10.3389/feduc.2026.1852685,https://www.webofscience.com/wos/woscc/full-record/WOS:001856034800001,off-topic-false-hit,"Background The persistence of neuromyths among educators remains a significant concern worldwide. Although recent research has begun to expand toward other forms of misconceptions, including those related to instructional design, evidence from regional and local contexts remains limited. This preliminary study examined the prevalence of educational neuromyths and instructional illusions among Ecuadorian teachers and students in higher education arts programs and explores the internal structure of the Teaching and Learning Misconceptions Questionnaire, designed to assess erroneous beliefs about teaching and learning.Methods The sample consisted of 81 teachers and 208 students from an Ecuadorian higher education institution specializing in the arts. The questionnaire included 19 items assessing general brain knowledge, 2 highly prevalent neuromyths, and 16 filler items addressing instructional illusions.Results The results showed high levels of endorsement of multiple intelligences (94% of teachers and 89% of students) and learning styles (96% of teachers and 99% of students), as well as the engagement illusion (72.22% of teachers and 78.49% of students), student-centered illusion (59.26% of teachers and 76.08% of students), discovery illusion (68.21% of teachers and 62.02% of students), and transfer illusion (63.89% of teachers and 54.45% of students). General brain knowledge negatively predicted endorsement of neuromyths, but not of instructional illusions.Conclusion These preliminary findings suggest that educational misconceptions do not constitute a unitary category, but rather reflect distinct conceptual foundations and interrelated systems of pedagogical beliefs.",wos,llm,1.000,unreviewed,
discarded,"Knowledge, Beliefs, Practice Challenges, Training Barriers and Needs of Kazakhstani Nurses in the Care of Autistic Patients: A Descriptive Cross-Sectional Study","Tolegenova, Akbota; Kanderzhanova, Akbota; Foster, Faye; Colet, Paolo; Somerton, Michelle; Stolyarova, Valentina; Gareth Noble, J.",2026,JOURNAL OF AUTISM AND DEVELOPMENTAL DISORDERS,10.1007/s10803-026-07495-x,https://www.webofscience.com/wos/woscc/full-record/WOS:001854993800001,off-topic-false-hit,"Purpose To examine nurses' knowledge, beliefs, challenges in practice, training barriers, and training needs in caring for patients with autism.Methods This cross-sectional descriptive study assessed the knowledge, beliefs, challenges, training barriers, and training needs of nurses involved in the care of individuals with ASD in Kazakhstan. Data were collected using purposive sampling from nurses aged 18 years and older working in hospitals, schools, and autism centers through an online survey (in Russian and Kazakh) distributed via email, professional networks, and social media platforms. Descriptive and bivariate analysis were conducted by using the RStudio.Results The study included 201 nurses, mostly female (89%) with a mean age of 37 years; two-thirds worked in Astana and government facilities, and 66% had over five years of experience. While 69% had encountered ASD cases, knowledge gaps persisted in recognizing traits such as resistance to change (47%), early symptom onset (46%), and object preoccupation (50%). Nurses without ASD training showed the lowest accuracy (45%) compared to those with formal education (61%) or professional development (60%). The support/school group demonstrated the weakest understanding. Although 91% expressed interest in training, barriers included time constraints (33%) and limited availability (30%), underscoring the need for a structured educational program.Conclusion Kazakhstani nurses show strong interest in ASD training but face notable knowledge gaps and misconceptions, especially without formal education or in support roles. Tailored, accessible training addressing barriers like time and availability is essential to enhance their capabilities and improve patient outcomes.",wos,llm,1.000,unreviewed,
kept,Bridging Computational Thinking skill gaps with ASSET and Mindspark CT,"Chandrashekhar, Ashwini; Singhania, Aditya Vikram",2025,"33RD INTERNATIONAL CONFERENCE ON COMPUTERS IN EDUCATION CONFERENCE PROCEEDINGS, ICCE 2025, VOL I",,https://www.webofscience.com/wos/woscc/full-record/WOS:001815114100031,adjacent-subtopic,"This paper analyses findings from the ASSET (Assessment of Scholastic Skills through Educational Testing) Computational Thinking (CT) extension, drawing on data from 8,994 Indian students (Grades 3-10). Despite recent reforms advocating CT in curricula, test scores mostly remain between 30% and 50% across four core domains-logical reasoning, pattern recognition, algorithmic thinking, and data interpretation. We spotlight four representative misconceptions that underscore the need for explicit, domain-focused instruction in Indian K-12. Furthermore, we introduce Mindspark CT, an interactive, theme-based program by Educational Initiatives that uses scaffolded puzzles, coding projects, and real-world data analysis to transform students from technology consumers into creators.",wos,llm,0.680,unreviewed,
discarded,Barriers to evidence-based counseling and support for perinatal intimate partner violence survivors using cannabis and nicotine products: Survivor and advocate perspectives,"Groves, Peyton; Laubacher, Callie; Mickievicz, Erin; Salib, Yesmina; Duplessis, Virginia; Molinaro, Nicole; Chang, Judy; Ragavan, Maya I.; De Genna, Natacha M.",2026,INTERNATIONAL JOURNAL OF GYNECOLOGY & OBSTETRICS,10.1002/ijgo.71274,https://www.webofscience.com/wos/woscc/full-record/WOS:001847761600001,off-topic-false-hit,"Objective Intimate partner violence (IPV) is common during the perinatal period and is associated with increased use of nicotine and cannabis and difficulty with cessation. Despite this intersection, health care providers rarely address IPV and substance use (SU) concurrently, and there is little empirically guided information regarding how this communication should occur. This qualitative analysis explores IPV advocates' and perinatal survivors' perspectives on clinician approaches to perinatal cannabis and nicotine product use, highlighting areas for improvement.Methods We performed semistructured, virtual 45- to 60-min interviews with IPV advocates and perinatal IPV survivors who used cannabis or nicotine. Interviews focused on: (1) how systems-level coercion related to SU manifests in health care; (2) survivors' experiences with nicotine or cannabis during the perinatal period; and (3) available resources. Interviews were audio-recorded, transcribed, and analyzed using deductive-inductive thematic analysis.Results Interviews with 19 IPV advocates and 15 survivors highlighted misconceptions and miscommunications about cannabis and nicotine product use during pregnancy. Gaps in knowledge related to risks of perinatal SU and best practices for cessation in pregnancy stemmed from inadequate education, inconsistent provider guidance, and limited resources. Participants stressed the need for nonjudgmental, consistent conversations and increased access to peer support and co-located IPV and cessation programs.Conclusion Perinatal IPV survivors receive conflicting guidance on cannabis and nicotine product use, despite known risks. Findings reveal gaps in integrated IPV and SU support, highlighting the need for development of survivor-centered interventions that aim to improve patient-provider communication on perinatal IPV and SU.",wos,llm,1.000,unreviewed,
discarded,Training needs of informal caregivers of persons with dementia in rural southwestern Uganda: A qualitative formative study,"Namwase, Joyce; Kyomya, Julius; Oyuru, Amos; Maleka, Emmanuel; Muhwezi, Abraham; Semuwemba, John; Karungi, Christine K.; Obua, Celestino; Wakida, Edith K.",2026,CAMBRIDGE PRISMS-GLOBAL MENTAL HEALTH,10.1017/gmh.2026.10279.pr4,https://www.webofscience.com/wos/woscc/full-record/WOS:001844297900001,off-topic-false-hit,"Dementia is a global public health concern with increasing prevalence, especially in low- and middle-income countries (LMICs) where care is primarily provided by informal family caregivers. This study identified the specific training needs of informal caregivers of persons with dementia in rural southwestern Uganda to inform the development of contextually appropriate caregiver training interventions. We conducted 20 in-depth interviews with 17 caregivers and 3 key informants affiliated with Reach One Touch One Ministries (ROTOM), a community-based organization supporting older persons in Rukiga District, Uganda. Interviews were audio-recorded, transcribed verbatim, and analyzed thematically using an inductive approach. Caregivers demonstrated limited knowledge of dementia, often attributing it to normal aging, spiritual causes, or stress. They faced substantial physical, emotional, and financial burdens, and relied on faith, social support, and adaptive caregiving strategies. All expressed willingness to attend group-based, in-person training focused on practical skills, including communication, managing dementia-related behaviors, personal hygiene, nutrition, and medication administration. Key informants highlighted the importance of community awareness to address misconceptions. Informal caregivers in rural Uganda experience high caregiving burden and unmet training needs. The identified training priorities closely align with World Health Organization (WHO) iSupport domains, supporting adaptation of the program for rural Ugandan caregivers.",wos,llm,1.000,unreviewed,
