status,title,authors,year,venue,doi,url,tags,abstract,provider,decision_source,llm_confidence,llm_review_outcome,llm_change_direction
discarded,Starting with DEI and Ethics - A New First-Year College Computer Science Introduction,"Leutenegger, Scott; Hutt, Stephen; Hannum, Andrew; Das, Sanchari; Oleson, Alannah; Leto, Alexandria; Shrestha, Sunny",2026,"PROCEEDINGS OF THE 57TH ACM TECHNICAL SYMPOSIUM ON COMPUTER SCIENCE EDUCATION V.1, SIGCSE TS 2026",10.1145/3770762.3772628,https://www.webofscience.com/wos/woscc/full-record/WOS:001722635800092,adjacent-subtopic,"Early exposure to ethical reasoning and diversity, equity, and inclusion (DEI) concepts is critical for preparing socially responsible computer scientists. To support this goal, we designed and implemented a required non-programming first-year undergraduate computer science course that is taken concurrently with an introductory programming course. This discussion-based course integrates DEI and ethics as foundational themes. The new course adopts a breadth-first structure delivered over a 10-week quarter, with 5 of the 18 sessions focused on DEI and ethics. Over three consecutive academic years, we collected pre- and post-course survey data from 451 students enrolled in the new course. Results show an increase in student's recognition of the importance of DEI and ethics and a substantial increase in understanding how these dimensions intersect with technical practice. In this experience report, we describe the course design, instructional methods, and survey instruments; present key findings; and reflect on lessons learned. This work contributes a model for embedding DEI and ethics into the early undergraduate computing curriculum.",wos,llm,0.950,unreviewed,
discarded,"Improving LLM-Generated Educational Content: A Case Study on Prototyping, Prompt Engineering, and Evaluating a Tool for Generating Programming Problems for Data Science","Yu, Jiaen; Wu, Ylesia; Cha, Gabriel; Shah, Ayush; Lau, Samuel",2026,"PROCEEDINGS OF THE 57TH ACM TECHNICAL SYMPOSIUM ON COMPUTER SCIENCE EDUCATION V.1, SIGCSE TS 2026",10.1145/3770762.3772619,https://www.webofscience.com/wos/woscc/full-record/WOS:001722635800173,adjacent-subtopic,"One key challenge for instructors is creating high-quality educational content, such as programming practice questions for introductory programming courses. While Large Language Models (LLMs) show promise for this task, their output quality can be inconsistent, and it is often unclear how to systematically improve their performance. In this experience report, we present the development process for ContentGen, an open-source tool that generates programming questions within the context of data science instructional materials. We describe our process of designing the tool and iteratively improving the tool through prompt engineering. To evaluate our changes, we designed and open-sourced a dataset of 91 test cases based on our course materials and developed three metrics to assess the generated questions: Correctness, Contextual Fit, and Coherence. We compare three prompting strategies and find that providing detailed instructions and an automatically generated summary of recently covered instructional materials to the LLM substantially improves the quality of the generated questions across our metrics. A usability study with six data science instructors further suggests that our final prototype is perceived as usable and effective. Our work contributes a case study of evidence-based prompt engineering for an educational tool and offers a practical approach for instructors and tool designers to evaluate and enhance LLM-based content generation.",wos,llm,0.970,unreviewed,
discarded,Systems for Scaling Accessibility Efforts in Large Computing Courses,"Kanchi, Ritesh; Natsuhara, Miya; Wang, Matt X.",2026,"PROCEEDINGS OF THE 57TH ACM TECHNICAL SYMPOSIUM ON COMPUTER SCIENCE EDUCATION V.1, SIGCSE TS 2026",10.1145/3770762.3772648,https://www.webofscience.com/wos/woscc/full-record/WOS:001722635800082,adjacent-subtopic,"It is critically important to make computing courses accessible for disabled students. This is particularly challenging in large computing courses, which face unique challenges due to the sheer scale of course content and staff. In this experience report, we share our attempts to scale accessibility efforts for a large university-level introductory programming course sequence, with over 3500 enrolled students and 100 teaching assistants (TAs) per year. First, we introduce our approach to auditing and remediating course materials by systematically identifying and resolving accessibility issues. However, remediating content post-hoc is purely reactive and scales poorly. We then discuss two approaches to systems that enable proactive accessibility work. We developed technical systems to manage remediation complexity at scale: redesigning other course content to be web-first and accessible by default, providing alternate accessible views for existing course content, and writing automated tests to receive instant feedback on a subset of accessibility issues. Separately, we established human systems to empower both course staff and students in accessibility best practices: developing and running various TA-targeted accessibility trainings, establishing course-wide accessibility norms, and integrating accessibility topics into core course curriculum. Preliminary qualitative feedback from both staff and students shows increased engagement in accessibility work and accessible technologies. We close by discussing limitations and lessons learned from our work, with advice for others developing similar auditing, remediation, technical, or human systems.",wos,llm,0.960,unreviewed,
discarded,Choosing Their Own Way: Guided Self-Placement for Students in an Introductory Programming Sequence,"Wortzman, Brett; Chen, Melissa; Natsuhara, Miya; O'Rourke, Eleanor",2026,"PROCEEDINGS OF THE 57TH ACM TECHNICAL SYMPOSIUM ON COMPUTER SCIENCE EDUCATION V.1, SIGCSE TS 2026",10.1145/3770762.3772666,https://www.webofscience.com/wos/woscc/full-record/WOS:001722635800167,adjacent-subtopic,"As part of redesigning our introductory programming sequence, the University of Washington removed formal prerequisites from each course, allowing students to self-select into whichever course they believe best fits their experience level. To help facilitate these choices, we developed a guided self-placement tool that offers course recommendations based on students' previous experience and confidence with course topics. In this report, we describe the design and implementation of the self-placement tool and reflect on its first years of use. The tool has been effective, with most students reporting that they used the tool, followed its recommendation, and are confident in their enrollment decision. The rates of students switching or dropping courses within the introductory sequence have been low. In addition, results from a preliminary interview study show that all students who followed the tool's recommendation believed the suggested course was the right choice. Most students who opted for a different course were influenced by external factors, largely related to their confidence in the course content and perception of course difficulty levels. We conclude by reflecting on what we have learned so far and laying out next steps.",wos,llm,0.970,unreviewed,
kept,Programming Language Choices for Introductory Computer Science Courses: Global Trends from the 2023 Shanghai Ranking,"Gomes, Joao Pedro; Monteiro, Redney; Moreira, Andre; Mendonca, Vitor; Pinho, Anabela; Cunha, Carlos R.",2026,"EMERGING TRENDS IN INFORMATION SYSTEMS AND TECHNOLOGIES, WORLDCIST 2025, VOL 3",10.1007/978-3-032-00701-8_24,https://www.webofscience.com/wos/woscc/full-record/WOS:001710006000024,supports-claim,"This study examines the selection of programming languages in the first two introductory computer science courses at top universities globally, emphasizing their distribution, progression, and regional variations. Data were gathered from 150 programming courses across 83 institutions ranked in the Shanghai 2023 Global Ranking of Academic Subjects for Computer Science and Engineering. The analysis reveals that Python is the primary language used in CS1 (32.5%), while Java dominates CS2 (56.7%), collectively accounting for over half of the offerings. Additionally, Java remains a common choice when a single language is used across both courses. Regional preferences exhibit significant diversity: Asian institutions favor lower-level languages like C and C++, whereas European universities explore functional programming languages like Haskell. Common transitions between courses include moves from Python to Java and from C to Java, indicating a preference for more robust languages at advanced levels. These findings offer valuable insights into global programming education trends adopted by leading universities and provide references for curriculum design and pedagogical strategies in introductory programming courses. Limitations include incomplete data from some institutions and variability in information accessibility, suggesting opportunities for future research.",wos,llm,0.890,unreviewed,
discarded,Contextualizing Introductory Computer Science: Insights from African Faculty,"Tshukudu, Ethel; Sanusi, Ismaila Temitayo; Ola, Oluwakemi; Hamouda, Sally; Marshall, Linda; Adelakun-Adeyemo, Oluwatoyin; Dodoo, Emma R.; Korsah, G. Ayorkor; Luvhengo, Sandani; Parkinson, Jack",2025,"PROCEEDINGS OF THE ACM GLOBAL COMPUTING EDUCATION CONFERENCE 2025 VOL 1, COMPED 2025",10.1145/3736181.3747146,https://www.webofscience.com/wos/woscc/full-record/WOS:001687512700046,adjacent-subtopic,"Contextualizing computer science education has been recognized as a key factor in enhancing student engagement and learning outcomes. This study investigates the initial perceptions of university computer science faculty in Africa regarding the benefits, adoption challenges, and institutional support required for the successful integration of contextually relevant materials into introductory computer science (CS1) courses. Faculty then assessed a set of previously developed contextually tailored materials, grounded in Banks' Additive Approach to curriculum reform and aligned to the CS curricula 2023. The research adopted qualitative methods, gathering data through open-ended surveys from 22 CS faculty across 9 African countries. Thematic analysis identified key patterns in the responses from faculty, who generally expressed positive perceptions of integrating contextualized materials. They agreed such materials could enhance engagement without distracting from core objectives, but emphasized the need for careful integration. Insights from faculty highlighted that successful implementation requires substantial institutional support, including curriculum reform, textbook development, and faculty training, with universities playing a critical role in adoption.",wos,llm,0.880,unreviewed,
discarded,"ChatGPT in Introductory Programming: Counterbalanced Evaluation of Code Quality, Conceptual Learning, and Student Perceptions","Andleeb, Shiza; Kantorski, Brandon; Carver, Jeffrey",2025,"PROCEEDINGS OF THE 26TH ACM ANNUAL CONFERENCE ON CYBERSECURITY & INFORMATION TECHNOLOGY EDUCATION, ACM SIGCITE 2025",10.1145/3769694.3771128,https://www.webofscience.com/wos/woscc/full-record/WOS:001670358000030,adjacent-subtopic,"Background: Large language models (LLMs) such as ChatGPT are increasingly used in introductory programming courses to provide real-time code generation, debugging, and explanations. While these tools can boost productivity and code quality, concerns remain about over-reliance and potential impacts on conceptual learning. Objective: To investigate how ChatGPT access affects code quality, conceptual understanding, task completion times, and student perceptions in a CS1 course. Methods: We conducted a counterbalanced, quasi-experimental study in which students alternated between ChatGPT and nonChatGPT conditions across two programming assignments in C (functions and structures). We evaluated their code submissions using multidimensional rubrics, conceptual post-surveys, and task completion time. Results: Students who had access to ChatGPT produced significantly higher rubric scores for code quality and completed tasks in less time compared to those without access. However, gains in conceptual understanding were mixed-lower for the functions topic but higher for the structures topic. Students reported positive experiences with ChatGPT, citing its value for debugging and practice, while expressing concerns about accuracy and long-term skill development. Conclusions: ChatGPT can enhance code quality and efficiency for novice programmers, but may not uniformly improve conceptual understanding. Structured integration and complementary instructional strategies are recommended to foster independent problem-solving skills.",wos,llm,0.950,unreviewed,
discarded,Building a Strong Base: The Impact of Mastery Learning on Foundation of Computer Science Courses,"Thilakaratne, Menasha; Chen, Weitong Tony; Brennan, Matthew; Falkner, Nickolas; Szabo, Claudia",2025,"PROCEEDINGS OF 25TH INTERNATIONAL CONFERENCE ON COMPUTING EDUCATION RESEARCH, KOLI CALLING 2025",10.1145/3769994.3770031,https://www.webofscience.com/wos/woscc/full-record/WOS:001680177600040,adjacent-subtopic,"The challenges of teaching introductory programming are further exacerbated within a postgraduate context due to the significant variance in student backgrounds and the limited time available to master critical skills, which are needed in subsequent specialised courses. To address these challenges, we re-designed our postgraduate CS1 and CS2 courses as a modular mastery focused sequence, building on the mastery learning framework. We discuss in this paper our mastery learning course design, its iterative improvement, and the insights that drove specific improvements. We present lessons learned, institutional challenges and how they were overcome, teaching strategies and student outcomes. This exploration not only highlights the benefits of mastery learning in foundational education but also provides insights into the iterative refinement process over a long time frame.",wos,llm,0.920,unreviewed,
kept,A Survey of Security Concepts in Introductory Programming Courses in Finland,"Torbunova, Alina; Porres, Ivan",2025,"PROCEEDINGS OF 25TH INTERNATIONAL CONFERENCE ON COMPUTING EDUCATION RESEARCH, KOLI CALLING 2025",10.1145/3769994.3770028,https://www.webofscience.com/wos/woscc/full-record/WOS:001680177600004,supports-claim,"Background: To effectively counter cyber threats, developers must be trained to write secure code. In a university setting, this can be achieved by integrating security concepts into programming curricula from the earliest courses. Objective: This study examines how security concepts are currently integrated into university-level introductory programming courses, with a focus on course structure, current coverage, and the perceived value and feasibility of adding more security content. Method: A self-administered questionnaire was distributed to lecturers of introductory programming courses at Finnish universities. Results: We received 12 responses, covering 11 unique courses, which corresponds to a course coverage rate of 65%. Courses typically begin with basics like variables and data types, while advanced concepts such as encryption and logging are introduced later, if at all. The selection of programming and security concepts is shaped by the programming paradigm, which is primarily imperative, and by the application domain, which often focuses on desktop applications. Security-related concepts are often underrepresented in courses. Lecturers noted that programming projects provide the most effective context for introducing security concepts. Despite common challenges such as limited instructional time, curriculum constraints, and varying levels of student preparedness, lecturers suggested the use of supplementary materials, emphasizing the importance of security, and incorporating visualizations to support understanding.",wos,llm,0.960,unreviewed,
discarded,Detecting Gender Stereotypes in Scratch Programming Tutorials,"Grassl, Isabella; Fein, Benedikt; Fraser, Gordon",2025,"PROCEEDINGS OF 25TH INTERNATIONAL CONFERENCE ON COMPUTING EDUCATION RESEARCH, KOLI CALLING 2025",10.1145/3769994.3770019,https://www.webofscience.com/wos/woscc/full-record/WOS:001680177600010,adjacent-subtopic,"Gender stereotypes in introductory programming courses often go unnoticed, yet they can negatively influence young learners' interest and learning, particularly underrepresented groups such as girls. Popular tutorials on block-based programming with Scratch may unintentionally reinforce biases through character choices, narrative framing, or activity types. Educators currently lack support in identifying and addressing such bias. With large language models (LLMS) increasingly used to generate teaching materials, this problem is potentially exacerbated by LLMS trained on biased datasets. However, LLMS also offer an opportunity to address this issue. In this paper, we explore the use of LLMS for automatically identifying gender-stereotypical elements in Scratch tutorials, thus offering feedback on how to improve teaching content. We develop a framework for assessing gender bias considering characters, content, instructions, and programming concepts. Analogous to how code analysis tools provide feedback on code in terms of code smells, we operationalise this framework using an automated tool chain that identifies gender stereotype smells. Evaluation on 73 popular Scratch tutorials from leading educational platforms demonstrates that stereotype smells are common in practice. LLMS are not effective at detecting them, but our gender bias evaluation framework can guide LLMS in generating tutorials with fewer stereotype smells.",wos,llm,0.950,unreviewed,
discarded,Cultivating thinking skills and computational thinking in higher education: A case-based decision-support model from Taiwan,"Chang, Shih-Jui; Lin, Chin-Tsai; Chen, Yung-Hui",2026,THINKING SKILLS AND CREATIVITY,10.1016/j.tsc.2026.102143,https://www.webofscience.com/wos/woscc/full-record/WOS:001676985100001,adjacent-subtopic,"In response to curriculum reforms emphasizing computational thinking (CT) as a core 21st-century competence, this research addresses persistent challenges in developing students' higher-order thinking skills through programming education. Despite the growing recognition of CT's role in fostering creativity, problem-solving, and critical thinking, many instructors still lack a coherent pedagogical framework, leading to inconsistent learning outcomes. This paper presents an assessment-driven, case-based model for cultivating CT and related thinking skills in an introductory programming course. By integrating an international certification examination with a multi-criteria decision-making approach via Decision-Making Trial and Evaluation Laboratory (DEMATEL), Analytic Network Process (ANP), and Semantic Structure Analysis (SSA), the study identifies the most influential cognitive dimensions in CT development. Findings reveal that conceptual knowledge exerts the strongest causal influence, while problem-solving is the most interconnected and central dimension. Confidence disparities also emerge among non-computer science majors, particularly in decision-making, looping, and modularity. The proposed model contributes actionable insights for educators and curriculum designers, offering a structured pathway to enhance students' creativity, critical thinking, and problem-solving skills within diverse higher education contexts.",wos,llm,0.900,unreviewed,
