status,title,authors,year,venue,doi,url,tags,abstract,provider,decision_source,llm_confidence,llm_review_outcome,llm_change_direction
discarded,AI assessment of surgical technical skill adaptation across depth levels in simulated tumor resection: a case series study,"Filiz, Meryem; Yilmaz, Recai; Tee, Trisha; Pachchigar, Puja; Han, Xiaoyan; Donoho, Daniel A.; Del Maestro, Rolando F.",2026,JOURNAL OF NEUROSURGERY,10.3171/2025.12.JNS251528,https://www.webofscience.com/wos/woscc/full-record/WOS:001824408900009,off-topic-false-hit,"OBJECTIVE Surgical procedures involving varying tissue depths present challenges to surgeons regarding accessibility and precision, restricting instrument movement and increasing the risk of tissue injury. Understanding how experts navigate varying depths is essential, yet research on this issue is limited. Artificial intelligence (AI)-powered systems enable real-time analysis of 3D psychomotor performance during virtual reality simulation tasks. In this study, the authors evaluated performance in a complex brain tumor resection simulation, testing two hypotheses: 1) neurosurgeons' performance scores would remain at an expert level across varying depths, and 2) trainees' scores would decline as they navigated into deeper and more challenging areas. METHODS Participants included neurosurgeons (n = 14), senior trainees (n = 14), junior trainees (n = 10), and medical students (n = 12). Five left-handed participants were excluded to avoid confounding due to hand dominance, resulting in a final analyzed sample of 45 participants. The Intelligent Continuous Expertise Monitoring System, an AI-powered real-time performance assessment system, assessed surgical performance and measured metrics such as instrument tip separation distance, bleeding risk, healthy tissue injury risk, aspirator force applied, bipolar cautery force applied, and an overall composite score. An average score for each metric at each depth interval (0-15 mm) was calculated across expertise levels for statistical comparison in a retrospective single-center analysis. RESULTS Neurosurgeons maintained their performance score across varying depths, demonstrating their expertise. Senior trainees had lower scores with increased depth. Surprisingly, increased depth resulted in higher composite scores among medical students and junior trainees, as they had to adapt better instrument techniques in deeper surgical sites. However, their scores remained in the novice spectrum. There was an increasing trend in bleeding risk with greater depth regardless of the expertise level, indicating the more challenging nature of deeper sites. CONCLUSIONS The unique responses observed at varying depths at each expertise level indicate the necessity for adaptive training modules that accommodate trainee skill set levels and individual learning curves, ensuring development of the competencies required for mastering challenging tasks.",wos,llm,0.990,unreviewed,
discarded,Rhinoplasty Difficulty Scale: Development and Psychometric Analysis of a Surgeon's Assessment of Rhinoplasty Technique and Nasal Deformity Correction,"Toriumi, Dean M.; Smith Jr, Everett V.; Ferreira, Miguel Goncalves; Tollefson, Travis T.",2026,FACIAL PLASTIC SURGERY & AESTHETIC MEDICINE,10.1177/26893614261464778,https://www.webofscience.com/wos/woscc/full-record/WOS:001822060100001,off-topic-false-hit,"Background: Rhinoplasty surgeons lack a universal scale of the relative difficulty of rhinoplasty techniques and rhinoplasty deformities. Objective: To compare the expert opinion of the difficulty of rhinoplasty techniques and rhinoplasty deformities among international rhinoplasty surgeons, as measured by a scale of difficulty. Methods: A cross-sectional survey of rhinoplasty surgeons collected training levels, experience, case volume, and perceived expertise. Rhinoplasty techniques/deformities (n = 64) were rated from 1-10, representing the least to most technically demanding. Rasch analysis was used to examine the fit of the observed data to Rasch model requirements, assess rating scale functioning, and provide estimates of internal consistency. Results: Respondents (n = 63) were in practice (<5 years, 14%; 5-10, 20%; 10-20, 20%; 20-30, 26%; >30, 20%), and rhinoplasty volume ranged from <25 (14%) to >100 cases/year (32%). Self-reported expertise was comfortably novice (32%), intermediate (10%), advanced (28%), and expert (30%). Otolaryngology (42%), facial plastic surgery (30%), and plastic surgery (28%) were represented. Rasch estimates of internal consistency reliability were excellent (0.96 for surgeons and 0.99 for items); the item difficulties were more heterogeneous (mean: 0, SD: 1.23) than the distribution of surgeons (mean: -0.09, SD: 0.58). Survey items were ordered by difficulty, ranging from least difficult (inferior turbinate reduction = 1.01) to most difficult (contracted nose repair post-infection = 8.24). Conclusion: The newly developed Rhinoplasty Difficulty Scale provides ratings of common rhinoplasty techniques and deformities with a high correlation among experts using this rating scale.",wos,llm,0.970,unreviewed,
discarded,"Not just when, but how: An exploratory dual-control approach to video feedback in motor learning","Khacharem, Aimen",2026,HUMAN MOVEMENT SCIENCE,10.1016/j.humov.2026.103506,https://www.webofscience.com/wos/woscc/full-record/WOS:001821909200001,off-topic-false-hit,"The present study provides exploratory evidence for a novel dual-control paradigm. It examines whether combining temporal over video feedback timing with learner-controlled interactive playback functions (pause, slow-motion, rewind) would enhance motor skill acquisition beyond temporal autonomy alone. Sixty-four novice adults were randomly assigned to one of four conditions: Full Control (self-controlled timing + interactive replay), Partial Control (self-controlled timing + non-interactive replay), Yoked Full Control (externally controlled timing + interactive replay), or Yoked Partial Control (externally controlled timing + non-interactive replay). Motor accuracy (Radial Error), movement consistency (Bivariate Variable Error), technical execution, and self-efficacy were assessed at pre-test, 24-h retention, and 72-h retention following two acquisition sessions on a dart-throwing task (120 trials total). The Full Control group demonstrated the greatest and most durable learning gains across all outcomes. The Group & times; Time interaction was significant across all dependent variables (eta(2)(p) pranging from 0.140 to 0.234), with Full Control demonstrating superior retention at both 24 and 72 h relative to other groups (though differences relative to Partial Control were more pronounced at 72-h retention). Critically, the Yoked Full Control group showed comparatively weaker outcomes despite access to the same interactive playback functions. These findings suggest that interactive video tools may be most useful when learners can regulate both when feedback is accessed and how it is inspected. Theoretical and practical implications for the design of learner-centered video feedback systems are discussed.",wos,llm,0.970,unreviewed,
discarded,"""It's not magic, it's logic"": a case study of pedagogical content knowledge in teaching reaction mechanisms in organic chemistry","Crowder, Caroline J.; de Arellano, Daniel Cruz-Ramirez; Dood, Amber J.; Raker, Jeffrey R.",2026,CHEMISTRY EDUCATION RESEARCH AND PRACTICE,10.1039/d6rp00272b,https://www.webofscience.com/wos/woscc/full-record/WOS:001821138000001,adjacent-subtopic,"Reaction mechanisms are central to organic chemistry and function as explanatory models that link electron density and reactivity through electron flow, supporting the development of mechanistic reasoning. While chemistry education research has extensively documented students' persistent difficulties with reaction mechanisms, comparatively little work has examined how instructors shape this learning through their instructional decisions, despite teaching and learning being fundamentally co-constructed processes. This work examines an experienced organic chemistry instructor's topic-specific pedagogical content knowledge (TSPCK) and its enactment in classroom practice. A qualitative case-study design (N = 1) was used to develop a detailed account of instruction over a semester of introductory organic chemistry. Data sources included semi-structured interviews, classroom observations, and instructional artifacts used to construct and develop the content representation (CoRe) and pedagogical and professional-experience repertoires (PaP-eRs). Classroom observations were guided by an enacted PCK framework focusing on curricular saliency, knowledge of student thinking, conceptual teaching strategies, and their integration. Findings indicate that the instructor's TSPCK is organized around three ""big ideas"": (1) thinking at the atomic level, (2) mechanistic logic and generalizable patterns, and (3) representations as meaningful rather than decorative. PaP-eRs for each ""big idea"" were developed through exemplar teaching moments noted during classroom observations. For instructors, these findings emphasize the importance of aligning instructional goals, representations, and assessment practices. For researchers, this work demonstrates the value of using the CoRe and PaP-eR tools to capture both articulated and enacted dimensions of PCK.",wos,llm,0.780,unreviewed,
discarded,"'Show It, Don't Just Say It': The Complementary Effects of Instruction Multimodality for Software Guidance","Poh, Emran; Hou, Yueyue; Zhang, Tianyi; Li, Jiannan",2026,"PROCEEDINGS OF THE 2026 CHI CONFERENCE ON HUMAN FACTORS IN COMPUTING SYSTEMS, CHI 2026",10.1145/3772318.3791200,https://www.webofscience.com/wos/woscc/full-record/WOS:001795712700063,off-topic-false-hit,"Designing adaptive tutoring systems for software learning presents challenges in determining appropriate instructional modalities. To inform the design of such systems, we conducted an observational study of ten human teacher-student pairs (N-10), where experienced design software users taught novices two new graphic design software features through multi-step procedures. These lessons were limited to three communication channels (speech, visual annotations, and remote screen control) to mimic possible AI tutor modalities. We found that annotations complement speech with",wos,llm,0.950,unreviewed,
discarded,Artificial intelligence-based expert trajectory guidance in an <i>ex vivo</i> robot-assisted renal wound suturing training model,"Zhou, Tailai; Jia, Tongyu; Li, Shangwei; Zheng, Jiachen; Hou, Haotian; Zhao, Houming; Wang, Jichen; Feng, Ji; Ma, Xin",2026,FRONTIERS IN SURGERY,10.3389/fsurg.2026.1874149,https://www.webofscience.com/wos/woscc/full-record/WOS:001821188000001,off-topic-false-hit,"Introduction Renorrhaphy is one of the most technically demanding steps in robot-assisted partial nephrectomy, requiring expert-level suturing to ensure adequate hemostasis and long-term renal function preservation, yet acquiring such proficiency requires extensive practice under expert supervision. Although artificial intelligence has been increasingly applied to perioperative surgical care, its potential to learn expert operative patterns from standard surgical video and translate them into real-time visual guidance for surgical training remains largely unexplored. Here we developed and evaluated an artificial intelligence framework that learns expert suturing trajectories from standard endoscopic video and provides intraoperative visual guidance for renal wound suturing training.Methods A multicenter expert trajectory dataset was constructed from robot-assisted partial nephrectomy procedures performed at two medical centers, supported by a standardized data pipeline comprising 28-class scene annotation, temporal phase labeling of complete suturing actions, and sliding-window trajectory sampling. Building on these data, we developed a Scene-Aware Transformer that integrates instrument motion with surgical scene context to predict future trajectories, and prospectively evaluated the resulting guidance system in a pilot ex vivo porcine kidney feasibility training study involving 24 novice trainees.Results The dataset comprised 18,515 annotated frames, 806 complete suturing actions, and 24,897 valid trajectory samples. On the independent held-out institutional test set, the model achieved an average displacement error of 34.25 pixels and a final displacement error of 52.54 pixels, with an end-to-end inference latency of 32.7 ms under laboratory computational conditions. In the prospective training study, novice trainees who received expert trajectory guidance significantly outperformed the unguided control group across six of eight performance measures by the final assessment, and maintained their advantage during unguided evaluation sessions.Discussion These preliminary findings suggest that artificial intelligence-derived expert trajectory guidance may support short-term skill acquisition for renal wound suturing. As the prospective training component was a single-institution feasibility study without long-term retention or clinical transfer assessment, larger multicenter randomized trials are warranted before broader integration into surgical training curricula.",wos,llm,0.990,unreviewed,
discarded,"Learning Full-Presence meditation using POEBRA: impacts on self-esteeem, benevolence, and anxiety","Lieutaud, Anne; Bourhis, Helene",2026,FRONTIERS IN PSYCHOLOGY,10.3389/fpsyg.2026.1833806,https://www.webofscience.com/wos/woscc/full-record/WOS:001821528900001,off-topic-false-hit,"Introduction: Meditation has shown benefits for mental health, yet difficulties may appear when practicing autonomously, particularly in people prone to anxiety or low self-esteem. The POEBRA (Program for Optimizing Self-Esteem and Benevolence and Reducing Anxiety) was developed to facilitate meditation learning through a structured, embodied, guided approach based on Full-Presence meditation. This study evaluated its effects on psychoaffective functioning in meditation novices, compared with an unguided silent practice. Method: The randomized, controlled, parallel-group study assigned 137 novice participants to either an eight-week POEBRA session (G1) or an unguided silence condition (G2). Participants completed five validated self-report scales before and after the intervention: Rosenberg's RSES, Neff's SCS, Spielberger's STAI_Y2, Crawford's PANAS, and Mehling's MAIA-2. Between-group differences in pre-post changes were analyzed using Welch's t-tests, complemented by ANCOVA and correlation analyses. Results: Completion rates were high (61/69 in G1 and 64/68 in G2). Compared with silence, POEBRA produced significantly greater improvements across all psychometric dimensions (all p < 0.001 except PANAS-NA, p = 0.015). The largest between-group effects were observed for trait anxiety (Delta = -8.1, d = 1.05), self-esteem (Delta = +3.6, d = 0.93), self-compassion (Delta = +0.53, d = 0.91), and interoceptive awareness (Delta = +0.54, d = 0.88). Positive affect increased under POEBRA (Delta = +4.1, p = 0.0002), while negative affect decreased more modestly. Correlation analyses revealed coherent internal dynamics in POEBRA, linking reduced anxiety with higher self-esteem and self-compassion (r = -0.64 and r = -0.68, both p < 0.001), while changes in the silence group were more diffuse. Discussion: Results confirm POEBRA strengthens self-esteem and self-compassion while reducing anxiety and emotional distress. Its emphasis on body awareness, guided reflection, and relational support appears to foster coherent psychoaffective transformation through embodied self-regulation. These findings align with previous research on the role of interoception and benevolence in emotional integration and self-confidence. Limitations include reliance on self-report measures and a predominantly female sample. Conclusion: POEBRA offers a structured, body-centered pedagogical framework that promotes emotional stability, benevolence, and self-confidence through Full-Presence meditation. By integrating sensory attention, reflective guidance, and relational coaching, it provides an accessible approach to cultivating embodied self-regulation in non-clinical populations.",wos,llm,0.980,unreviewed,
discarded,"PetThermoTools: a fast, flexible, and accessible Python3 package for performing thermodynamic calculations","Gleeson, Matthew; Wieser, Penny E.; Antoshechkina, Paula M.; Riel, Nicolas",2026,VOLCANICA,10.30909/vol/lepa7012,https://www.webofscience.com/wos/woscc/full-record/WOS:001818188800003,off-topic-false-hit,"We present PetThermoTools: an open-source Python3 tool for performing thermodynamic simulations of mantle and magmatic processes. Thermodynamic modeling forms a central component to many research projects in igneous petrology. However, few studies utilize the full potential of these methods due to the steep learning curve associated with existing code or text-based interfaces (e.g. ENKI/ThermoEngine, alphaMELTS, Theriak-Domino) and the limited model flexibility provided by spreadsheet and GUI based packages (e.g. MELTS for Excel). We designed PetThermoTools to bridge this divide, providing logical, easy-to-use functions with well-documented examples for novice users, while retaining the potential for customization and model automation desired by more experienced users. PetThermoTools also provides the opportunity to directly compare different thermodynamic models and approaches, by integrating with both the alphaMELTS and MAGEMin packages. Furthermore, PetThermoTools model outputs seamlessly integrate with other Python-based packages created for petrological research (e.g. PySulfSat), and provide speed and stability advantages over existing free MELTS-based software owing to the use of parallel processing routines.",wos,llm,0.960,unreviewed,
discarded,<i>'The confidence I have in the classroom just isn't there'</i>: a narrative inquiry into English LX teachers' emotions and identity in a professional learning community from an ecological perspective,"Zhang, Lei; Wang, Jing; Wei, Rining",2026,RESEARCH PAPERS IN EDUCATION,10.1080/02671522.2026.2696815,https://www.webofscience.com/wos/woscc/full-record/WOS:001816459200001,off-topic-false-hit,"This study explores the emotional experiences and identity construction of two English LX language teachers - late-exit learners who acquired English after their first language(s) became established. These two English LX language teachers participated in a short-term, outcome-oriented professional learning community (PLC) focused on quantitative research methods, working within predominantly Anglophone academic spaces where they occupied a linguistically and affectively vulnerable status. Drawing on an ecological perspective and employing a qualitative case study with data from semi-structured interviews and reflective journals, the study examines how emotions emerge, shift, and mediate teachers' participation and identity work within the PLC. Findings reveal a non-linear emotional trajectory characterised by initial anxiety and ambivalence, followed by collective reassurance and emerging confidence and culminating in sustained tension coupled with cautious optimism. These emotions were found to be ecologically shaped through the interplay of cognitive demands, social interactions, and institutional constraints, and importantly, they functioned not merely as accompaniments to learning but as constitutive forces in identity negotiation and role adoption. Specifically, protective emotions facilitated cautious entry into novice researcher roles, while positive emotions enabled agentive engagement and tentative integration of teacher - researcher identities. This study underscores the importance of designing PLCs that intentionally attend to the emotional and identity dimensions of professional learning, particularly in contexts where language status intersects with new role demands, and demonstrates that emotional safety and identity work are not peripheral to but foundational for meaningful professional learning in linguistically diverse teacher communities.",wos,llm,0.980,unreviewed,
