status,title,authors,year,venue,doi,url,tags,abstract,provider,decision_source,llm_confidence,llm_review_outcome,llm_change_direction
discarded,A Longitudinal Evaluation of the Impact of a Problem-Based Learning Approach to the Teaching of Software Development in Higher Education,James Doody,2009,Durham e-Theses (Durham University),,https://openalex.org/W65461748,adjacent-subtopic,"First year students on Computing courses at tertiary level find Software Development difficult: learner outcomes are poor, with high failure rates and low learner retention. A number of research studies have shown that novice programmers have low intrinsic motivation and low programming self-efficacy. One of the other possible explanations for the difficulties many learners have with Software Development is that it may be a Threshold Concept in Computing. The literature suggests that Problem-Based Learning (PBL) can improve the teaching of difficult concepts, and it has been promoted by professional and funding bodies as a teaching strategy that can improve learner outcomes and bring about positive changes in learner behaviour. The main aim of this research study was to establish the impact on learner outcomes and behaviour of a Hybrid PBL approach used in the teaching of an introductory Software Development module at an Irish tertiary level institution. Learners on the Software Development module are characterised by low prior attainment in State college entry examinations, and the majority are from low income socio-economic backgrounds. Learner outcomes and behaviours were investigated over four cohorts of learners using a large range of data sources. A randomised controlled experimental design was used to measure changes in attainment, programming self-efficacy, motivation, approaches to study and preferences for types of teaching. Questionnaires, data mining of learner activity and attendance logs were used to provide additional information about learner behaviour, and further analysis was undertaken using qualitative techniques such as classroom observations and interviews. Both qualitative and quantitative measures were used to confirm, cross-validate and corroborate findings. The study made significant discoveries about the strengths and limitations of the Problem-Based Learning approach in the teaching of Software Development to low attainment learners. The implications for instructional practice and for educational theory and research are discussed and a number of recommendations are made.",openalex,llm,0.860,unreviewed,
discarded,Machine Learning Skills To K–12,Amira Bibo Sallow; Renas Rajab Asaad; Hawar Bahzad Ahmad; Saman Mohammed Abdulrahman; Ahmed Alaa Hani; Subhi R. M. Zeebaree,2024,Journal of Soft Computing and Data Mining,10.30880/jscdm.2024.05.01.011,https://openalex.org/W4403503355,adjacent-subtopic,"The promise of data-driven methodology in variouscomputer disciplines has been shown by the many real-world implementations of methods based on machine learning (ML) over the last couple of decades. ML is finding its way into the computer curriculum in higher education, and an increasing number of organizations are introducing it into computer education in grades K–12. Researching how agency and intuition grow in these situations is critical as computational learning becomes increasingly common in K–12 computer instruction. However, knowing the difficulties associated with teaching algorithmic learning through grades K–12 presents an even more difficult barrier for computer education research, given the difficulties educators and schools now face in integrating traditional learning. This article describes the prospects in data mining schooling for grades K–12. These developments include adjustments to philosophy, technology, and practice. The research addresses several distinctions that K–12 computer educators should consider while addressing this problem and places the current results into the broader context of computing education. The research focuses on crucial elements of the fundamental change needed to properly incorporate ML into more comprehensive K–12 computer courses. Giving up on the idea that rule-based, ""traditional"" programming is necessary for next-generation computational thinking is a crucial first step.",openalex,llm,0.950,unreviewed,
discarded,Emergent Representations of Program Semantics in Language Models Trained on Programs,Charles Jin; Martin Rinard,2023,arXiv (Cornell University),10.48550/arxiv.2305.11169,https://openalex.org/W4377164434,off-topic-false-hit,"We present evidence that language models (LMs) of code can learn to represent the formal semantics of programs, despite being trained only to perform next-token prediction. Specifically, we train a Transformer model on a synthetic corpus of programs written in a domain-specific language for navigating 2D grid world environments. Each program in the corpus is preceded by a (partial) specification in the form of several input-output grid world states. Despite providing no further inductive biases, we find that a probing classifier is able to extract increasingly accurate representations of the unobserved, intermediate grid world states from the LM hidden states over the course of training, suggesting the LM acquires an emergent ability to interpret programs in the formal sense. We also develop a novel interventional baseline that enables us to disambiguate what is represented by the LM as opposed to learned by the probe. We anticipate that this technique may be generally applicable to a broad range of semantic probing experiments. In summary, this paper does not propose any new techniques for training LMs of code, but develops an experimental framework for and provides insights into the acquisition and representation of formal semantics in statistical models of code. Our code is available at https://github.com/charlesjin/emergent-semantics.",openalex,llm,0.990,unreviewed,
kept,Unraveling novices’ code composition difficulties,Renske Weeda; Sjaak Smetsers; Erik Barendsen,2023,Computer Science Education,10.1080/08993408.2023.2169067,https://openalex.org/W4317876188,supports-claim,"Background and Context Multiple studies report that experienced instructors lack consensus on the difficulty of programming tasks for novices. However, adequately gauging task difficulty is needed for alignment: to select and structure tasks in order to assess what students can and cannot do.Objective The aim of this study was to examine perceived and observed difficulties that novice programmers endure during code composition.Method This study reports on the in-depth research combining multi-faceted data from observations to students’ perceptions via interviews, think aloud, task ranking and task rating.Findings Some interesting findings were observed which would not have been revealed through solution analysis on its own. For example, that nesting two loops is perceived as easier than nesting a selection in a loop and that the abstraction mechanism of an enhanced for loop makes it a particularly challenging concept to initially grasp.Implications Our results augment related work, which are primarily based on instructors’ perceptions, providing insights into difficulties endured by novice programmers and recommendations for task (de)composition and curricular alignment.",openalex,llm,0.940,unreviewed,
kept,COLORS for Programming: A System to Support the Learning of Programming,Stuart Garner,2002,Informing Science and IT Education Conference,10.28945/2485,https://openalex.org/W1511377663,supports-claim,"Learning introductory software development is a difficult task and students often perceive programming subjects as requiring significantly more work than others. This paper describes a learning model for programming that has its basis in cognitive load theory. This theory suggests that there are three types of cognitive load that learners experience: intrinsic which is determined by the mental demands of the domain of knowledge; extraneous which is generated by the instructional format used in the teaching and learning process; and germane which can be utilised by learners to engage in conscious processing. The learning model is used as a basis, together with a particular instructional design framework, for the development of “COLORS (Cognitive Load Reduction System) for Programming”. COLORS is described together with a software tool, CORT (Code Restructuring Tool), that has been developed by the author to support various aspects of COLORS.",openalex,llm,0.830,unreviewed,
discarded,Investigating Spatial Skills in Computing Education,Jack Parkinson,2020,,10.1145/3372782.3407109,https://openalex.org/W3047956272,adjacent-subtopic,"There is an intriguing connection between spatial skills and CS: those with better spatial skills tend to do better in many CS related tasks. Since spatial skills are malleable, it is tempting to simply introduce spatial skills training courses to students who are struggling and expect positive outcomes. While improved outcomes are being observed, it would be preemptive to introduce such schemes widely without better understanding the relationship. We do not know why spatial skills are important in CS, so while one might take the gains observed at face value, we stand to lose valuable insights into not only the abstract cognition involved in spatial skills which appears to be of value across STEM, but also reflective and nuanced understanding of how people engage with CS education.",openalex,llm,0.930,unreviewed,
discarded,Scaffolded autoethnography: a method for examining practice-to-research,Dermot Shinners-Kennedy; Sally Fincher,2015,Kent Academic Repository (University of Kent),,https://openalex.org/W2341504542,adjacent-subtopic,Teachers often perceive educational research as confusing and can be disenfranchised by the research process. We propose scaffolded authethnography as a method to support principled examination of authentic practice. The approach is appealing because it is motivated by the teacher’s own day-to-day practice in a research context. Our demonstration of this method uses an analytical autoethnographic approach coupled with a data capture tool that documents the pedagogic content knowledge of a practicing teacher. We include a short case-study description where the method was used in the context of research in the area of threshold concept identification.,openalex,llm,0.880,unreviewed,
discarded,A Self-Assessment Tool Design for Self-Learning K-12 Informatics Students,That Le,2026,Zenodo (CERN European Organization for Nuclear Research),10.5281/zenodo.20131531,https://openalex.org/W7160922193,adjacent-subtopic,"A self-learner studying Vietnamese K-12 informatics from the elix-researches program's textbook pipeline — From Scratch to Python (FS2P, Layer A), Python Pathway (PP, Layer B), Competitive Programming Pathway (CPP, Layer C) — operates without a teacher in the loop. There is no instructor giving feedback on a weekly problem set, no chuyên-Tin classroom culture providing peer-pressure-driven calibration, no Fridayafternoon quiz to interrupt the illusion of understanding. The self-learner's only feedback channels are the volume itself (chapter-end exercises with answer keys), online resources (forum threads, Stack Overflow, AI chat assistants), and the learner's own internal monitoring. The third channel — internal monitoring — is the load-bearing one, and it is also the channel most documented as systematically miscalibrated: the KrugerDunning literature establishes that the least-skilled performers most overestimate their performance, the Stankov calibration literature establishes that confidence-accuracy decoupling is a stable individual-difference trait, the Loksa-Ko programming self-regulation literature establishes that novice programmers consistently mis-estimate trace accuracy and debugging time. A self-learner relying on internal monitoring alone is therefore the worst-case feedback configuration in the entire pipeline. This paper specifies a self-assessment tool that supplies the missing feedback channel: a weekly ten-minute-or-less instrument with five components — a skill-checklist anchored to the current volume's chapter-level learning objectives and to the E4.1 per-stage rubric (approximately ten items), a retrieval-practice quiz of approximately five items exploiting the Roediger-Karpicke testing effect for durable encoding, a single code-trace task probing notional-machine fluency in the Lister-Sorva tradition, a selfprediction-and-calibration meta-task that compares the learner's predicted score against the actual score to surface DunningKruger-class miscalibration, and a short progress-journal prompt that scaffolds the Zimmerman self-regulated-learning cycle. Scoring is rubric-band based and consistent with the E4.1 per-stage rubric so a learner's weekly tool output is directly interpretable in pipeline-band terms. The output is a three-part report: a current-week scorecard, a calibration-offset diagnostic, and a named-scaffolding recommendation drawn from a fixed catalogue. The tool is engineered against five design criteria — low-overhead use (under ten minutes weekly), actionable feedback (subscore plus named scaffolding, not a single grade), calibration-correction (explicit comparison of predicted versus actual to disrupt Dunning-Kruger overconfidence), motivation preservation (non-punitive language, framed as a check-in rather than a grade, with progress-narrative scaffolding consistent with Zimmerman SRL), and Vietnamese-language deployment (template content rendered in Vietnamese, age-appropriate phrasing per pipeline series, no English-only technical-jargon load). The deliverable is the tool specification — components, scoring",openalex,llm,0.840,unreviewed,
discarded,A Self-Assessment Tool Design for Self-Learning K-12 Informatics Students,That Le,2026,Zenodo (CERN European Organization for Nuclear Research),10.5281/zenodo.20131530,https://openalex.org/W7160936199,adjacent-subtopic,"A self-learner studying Vietnamese K-12 informatics from the elix-researches program's textbook pipeline — From Scratch to Python (FS2P, Layer A), Python Pathway (PP, Layer B), Competitive Programming Pathway (CPP, Layer C) — operates without a teacher in the loop. There is no instructor giving feedback on a weekly problem set, no chuyên-Tin classroom culture providing peer-pressure-driven calibration, no Fridayafternoon quiz to interrupt the illusion of understanding. The self-learner's only feedback channels are the volume itself (chapter-end exercises with answer keys), online resources (forum threads, Stack Overflow, AI chat assistants), and the learner's own internal monitoring. The third channel — internal monitoring — is the load-bearing one, and it is also the channel most documented as systematically miscalibrated: the KrugerDunning literature establishes that the least-skilled performers most overestimate their performance, the Stankov calibration literature establishes that confidence-accuracy decoupling is a stable individual-difference trait, the Loksa-Ko programming self-regulation literature establishes that novice programmers consistently mis-estimate trace accuracy and debugging time. A self-learner relying on internal monitoring alone is therefore the worst-case feedback configuration in the entire pipeline. This paper specifies a self-assessment tool that supplies the missing feedback channel: a weekly ten-minute-or-less instrument with five components — a skill-checklist anchored to the current volume's chapter-level learning objectives and to the E4.1 per-stage rubric (approximately ten items), a retrieval-practice quiz of approximately five items exploiting the Roediger-Karpicke testing effect for durable encoding, a single code-trace task probing notional-machine fluency in the Lister-Sorva tradition, a selfprediction-and-calibration meta-task that compares the learner's predicted score against the actual score to surface DunningKruger-class miscalibration, and a short progress-journal prompt that scaffolds the Zimmerman self-regulated-learning cycle. Scoring is rubric-band based and consistent with the E4.1 per-stage rubric so a learner's weekly tool output is directly interpretable in pipeline-band terms. The output is a three-part report: a current-week scorecard, a calibration-offset diagnostic, and a named-scaffolding recommendation drawn from a fixed catalogue. The tool is engineered against five design criteria — low-overhead use (under ten minutes weekly), actionable feedback (subscore plus named scaffolding, not a single grade), calibration-correction (explicit comparison of predicted versus actual to disrupt Dunning-Kruger overconfidence), motivation preservation (non-punitive language, framed as a check-in rather than a grade, with progress-narrative scaffolding consistent with Zimmerman SRL), and Vietnamese-language deployment (template content rendered in Vietnamese, age-appropriate phrasing per pipeline series, no English-only technical-jargon load). The deliverable is the tool specification — components, scoring",openalex,llm,0.840,unreviewed,
discarded,Proceedings of the 2023 ACM Conference on International Computing Education Research - Volume 2,,2023,,10.1145/3568812,https://openalex.org/W4386718981,off-topic-false-hit,"sponsored by the ACM Special Interest Group on Computer Science Education (SIGCSE). ICER aims to be the premier ACM forum for dissemination and discussion of computing education research. The conference ran in a hybrid format, with in-person participants gathering in Chicago, USA, from August 8-10, 2023. A doctoral consortium and work-in-progress session the day before and two workshops the day after the main conference rounded out the event.",openalex,llm,0.990,unreviewed,
kept,"Creating, Tailoring, and Distributing Program Animations - Supporting the Production Process of Interactive Learning Content",Teemu Sirkiä,2017,Aaltodoc (Aalto University),,https://openalex.org/W2756196093,supports-claim,"Modern web technologies have enabled new ways of producing interactive learning content. This content can be embedded into course materials on the web. Still the process to produce and distribute online activities is challenging for instructors. In this thesis, we introduce three new systems to support the process of producing learning content, distributing it, and letting instructors customize the content to their particular teaching goals and contexts. More specifically, we explore the topic in the domain of computer science education. We use program animations as a central theme. In addition to describing the technical aspects, we report preliminary results from CS1 courses which have used these systems to provide interactive content for learners.\nThe first part of the thesis presents the Jsvee library for creating program animations which gives a visual representation of a notional machine and shows how the program state changes when a program is executed step-by-step. Animations are aimed at novice programmers who are learning the execution model. The library supports expression-level visualization, and because of its extensibility, it can support programming language specific visualizations.\nIn addition to the technical discussion, we present preliminary results how learners in two different CS1 courses used the animations made with Jsvee. We use automatically collected log files as a primary data source to analyze the usage. Although learners did not receive any points, over 80% of novices voluntary viewed animations throughout the CS1 course which tightly integrated over 50 animations with other course materials.\nThe second part introduces Acos server for hosting and distributing reusable online learning content. We describe a new way to reduce the workload of developers by separating the content and the required communication between the content and learning management systems (LMS). Acos acts as a proxy which provides a uniform interface for the content but can use different interoperability protocols to communicate with the LMSs. In this way, the same content can be used with multiple LMSs, and the developer does not have to know which interoperability protocol is in use between Acos and the LMS. Acos has been successfully used to provide interactive content for CS1 courses, and the initial feedback from developers is promising.\nThe third part presents the Kelmu toolkit to tailor existing interactive animations. The animations are typically generic and often automatically produced. By using Kelmu, instructors can add, for example, textual explanations on top of the original animation to emphasize the integral parts of the animation and give explanations which are important in the instructor's pedagogical context. This kind of signaling is supported by multimedia learning principles to enhance learning. Log data and eye-tracking traces give preliminary results that learners read annotations and pay more attention when annotations are present.",openalex,llm,0.970,unreviewed,
