status,title,authors,year,venue,doi,url,tags,abstract,provider,decision_source,llm_confidence,llm_review_outcome,llm_change_direction
discarded,Inconsistent Effects of Experience on Running Biomechanics May be Influenced by Study Heterogeneity and Classification Criteria: a Systematic Review and Proposal of a Revised Taxonomy,"Rabello, Rodrigo; Desai, Gauri A.; Gruber, Allison H.",2025,SPORTS MEDICINE-OPEN,10.1186/s40798-025-00870-5,https://www.webofscience.com/wos/woscc/full-record/WOS:001504522700004,off-topic-false-hit,"BackgroundLess-experienced runners are proposed to sustain more running related injuries (RRIs) than more-experienced runners because of differences in their gait biomechanics. However, the effects of running experience on biomechanics remain inconclusive. The objective of this systematic review was to examine the evidence concerning the influence of experience on running biomechanics and summarize the criteria used to classify running experience. A classification procedure for running experience was proposed based on the results.MethodsFive common databases were searched for relevant articles following PRISMA guidelines (PROSPERO_ID CRD42022296734) and the PICO framework. Peer-reviewed research reporting a statistical effect of running experience on running gait biomechanics in adults (18-65 years) were included. Exclusion criteria were: subjects with current pathologies or symptomatic injuries; reporting running only barefoot, in minimalist shoes, during sprinting, or incline/decline running; classified experience only through performance-related measures; or did not specify running experience group definition. Risk of bias was assessed with the Downs and Black checklist. Extracted data were organized in tables and synthesized descriptively due to study heterogeneity.ResultsTwenty-eight studies with 916 total subjects were included. Although most studies found significance in their comparisons, no studies comparing similar gait variables found the same statistical result. Some variables compared between experience levels were examined in only one study. Experience classification criteria were inconsistent between studies; cut-offs for more-experienced ranged between 2 and 10 years and/or 15-50 km/week and cut-offs for less-experienced ranged between 0.5 and 3 years and/or 0-20 km/week. Meta-analysis was not possible due to heterogeneity among the included studies.ConclusionEffects of experience on running mechanics were inconsistent in the current literature. The lack of consistent findings may be due to the heterogeneous criteria used to classify runners into experience groups and the inconsistency of the variables investigated. Replication studies, heterogeneous study design, and longitudinal studies are needed to determine if or how running biomechanics change as runners gain experience. Heterogeneous study designs must begin with standard experience classification criteria for the effect of experience on running biomechanics to be identified. We propose an updated taxonomy to classify runners into groups considering three facets: exposure, performance, and intention.Trial registration: PROSPERO ID CRD42022296734. Registered 28 September 2022-Retrospectively registered, https://www.chictr.org.cn/bin/project/edit?pid=149714.ConclusionEffects of experience on running mechanics were inconsistent in the current literature. The lack of consistent findings may be due to the heterogeneous criteria used to classify runners into experience groups and the inconsistency of the variables investigated. Replication studies, heterogeneous study design, and longitudinal studies are needed to determine if or how running biomechanics change as runners gain experience. Heterogeneous study designs must begin with standard experience classification criteria for the effect of experience on running biomechanics to be identified. We propose an updated taxonomy to classify runners into groups considering three facets: exposure, performance, and intention.Trial registration: PROSPERO ID CRD42022296734.

Registered 28 September 2022-Retrospectively registered, https://www.chictr.org.cn/bin/project/edit?pid=149714.",wos,llm,0.990,unreviewed,
discarded,Features and strategy influence performance on a chemistry spatial task,"Hemmerich, Alex; Yu, Victoria; Ingman, James; Bongers, Amanda",2024,CANADIAN JOURNAL OF CHEMISTRY,10.1139/cjc-2023-0154,https://www.webofscience.com/wos/woscc/full-record/WOS:001307462100001,off-topic-false-hit,"Spatial thinking is an important skill for success in the chemistry classroom. Experimental studies on mental rotation, a key skill for spatial thinking, show interesting trends in participant performance on 2D and 3D similarity judgement tasks. In these studies, participants' use of mental rotation is determined by linear regression and/or correlations of response time versus angular disparity of the task. While judgements with block diagrams are amenable to mental rotation, studies find differences with the more symbolic 2D chemistry diagrams depending in the participants' expertise: novices tend to use mental rotation, while experts use algorithms or other heuristics. Herein, we study these aspects chemistry, spatial thinking, and mental rotation, adding to prior work by investigating the effect of time limits and how task variables like axis and angular disparity influence task performance. We also incorporated a block design that allowed us to look for practice effects. This study was conducted online with undergraduate students (N = 162) and designed as a conceptual replication of Stieff et al. (2018) to explore how features of the task (e.g., axis of rotation) influence participants accuracy, response time, and their use of mental rotation, diagrammatic, analytic, or algorithmic strategies. Our results suggest that mental rotation was being used successfully for only z-axis rotations, with other strategies such as symmetry heuristics are likely being used for x- and y-axis rotations. We also found that practice can improve stereochemistry task performance. These findings support chemistry novices' reliance on mental rotation but also suggest that alternative strategies are used when time is limited.",wos,llm,0.980,unreviewed,
discarded,"The (Im)perfect Automation Schema: Who Is Trusted More, Automated or Human Decision Support?","Rieger, Tobias; Kugler, Luisa; Manzey, Dietrich; Roesler, Eileen",2024,HUMAN FACTORS,10.1177/00187208231197347,https://www.webofscience.com/wos/woscc/full-record/WOS:001060536900001,off-topic-false-hit,"Objective: This study's purpose was to better understand the dynamics of trust attitude and behavior in human-agent interaction.

Background: Whereas past research provided evidence for a perfect automation schema, more recent research has provided contradictory evidence.

Method: To disentangle these conflicting findings, we conducted an online experiment using a simulated medical Xray task. We manipulated the framing of support agents (i.e., artificial intelligence (AI) versus expert versus novice) between-subjects and failure experience (i.e., perfect support, imperfect support, back-to-perfect support) within subjects. Trust attitude and behavior as well as perceived reliability served as dependent variables.

Results: Trust attitude and perceived reliability were higher for the human expert than for the AI than for the human novice. Moreover, the results showed the typical pattern of trust formation, dissolution, and restoration for trust attitude and behavior as well as perceived reliability. Forgiveness after failure experience did not differ between agents.

Conclusion: The results strongly imply the existence of an imperfect automation schema. This illustrates the need to consider agent expertise for human-agent interaction.

Application: When replacing human experts with AI as support agents, the challenge of lower trust attitude towards the novel agent might arise.",wos,llm,0.990,unreviewed,
kept,The Effects of Spanish-English Bilingual Instruction in a CS0 Course for High School Students,"Molina, Ismael Villegas; Salguero, Adrian; Zhong, Shera; Raj, Adalbert Gerald Soosai",2023,"PROCEEDINGS OF THE 2023 CONFERENCE ON INNOVATION AND TECHNOLOGY IN COMPUTER SCIENCE EDUCATION, ITICSE 2023, VOL 1",10.1145/3587102.3588845,https://www.webofscience.com/wos/woscc/full-record/WOS:001051691300013,supports-claim,"Prior studies in multilingual computing education have shown that many non-native English speakers (NNES) in India struggle with introductory programming courses as they learn both a programming language (e.g., Java) and a natural language (e.g., English) concurrently. Although multiple studies have been conducted with NNES in India whose first language is Hindi or Tamil, we do not yet know the influence a students' native language may have among Spanish speaking students in the United States. This replication study investigates the effects of an instructional design integrating the students' native language along with English on high school students' learning and engagement in a two week CS0 course using the block-based programming language, Scratch. We designed an experiment to teach introductory computing topics (e.g., algorithms, variables, loops, conditionals) to two groups of students from a rural area spanning multiple institutions in the US. The experimental group was taught using English and Spanish (students' native language) and the control section was taught using only English. A pre-test and post-test was conducted to test students' programming knowledge before and after the course. We also recorded all the questions students asked during the course to measure student engagement. We found that teaching Scratch programming using Spanish and English is no different than teaching Scratch programming using only English to high school students whose native language is Spanish. We also found that the students in the experimental group asked more questions when compared to the control group.",wos,llm,0.920,unreviewed,
discarded,Improvement of hazard prediction accuracy after training: Moderation effect of driving self-efficacy and road safety attitudes of learner drivers,"Seibokaite, Laura; Endriulaitiene, Aukse; Marksaityte, Rasa; Slavinskiene, Justina",2022,SAFETY SCIENCE,10.1016/j.ssci.2022.105742,https://www.webofscience.com/wos/woscc/full-record/WOS:000792768900008,off-topic-false-hit,"This paper explores effectiveness testing of a newly developed online hazard prediction training program for learner drivers. It also aims to evaluate the role of participants' driving self-efficacy and road safety attitudes on program effectiveness. Eighty learner drivers who participated in standard driving training took part in the study. Forty-two of them were assigned to the experimental group and thirty-eight - to the control group. The experimental group was exposed to 2 x 45 min. intervention sessions delivered by a trained driver instructor in an online format. The scores of driving self-efficacy and road safety attitudes were assessed by self-reported measures at pre-test. The effectiveness of the program was tested by the improvement of Hazard prediction test accuracy from pre-test to post-test.

Results reveal that hazard prediction skills improved only slightly in both experimental and control groups. The training effect occurs only for learner drivers who are men (effect size - d = 0.73), whereas no significant effect is found for women participants. The difference between pre-test and post-test variable does not correlate with either driving self-efficacy or road safety attitudes, therefore, the hypothesis of moderation effect is rejected.

The new online program for hazard prediction skills improvement shows promising results for learner drivers, especially among men. The authors of the study advise a replication of the gender effect on the program effectiveness, and a gender-tailored alteration for the program.",wos,llm,0.990,unreviewed,
discarded,Review: The Quiet Eye in Sports Performance-Is the Quiet Eye the Ultimate Explanation or Only the Beginning?,"Dalton, Kristine",2021,OPTOMETRY AND VISION SCIENCE,10.1097/OPX.0000000000001728,https://www.webofscience.com/wos/woscc/full-record/WOS:000679391900008,off-topic-false-hit,"SIGNIFICANCE The quiet eye is a gaze behavior that seems to differentiate both expert-novice performance and successful and unsuccessful performance in experts; however, the quiet eye may only represent one aspect of the perceptual-cognitive expertise differences that exist between athletes and nonathletes. Research suggests that expert-novice differences in vision and visual-motor coordination skills exist between athletes and nonathletes, although the underlying mechanisms driving these differences are not well understood. The quiet eye is the final fixation or tracking gaze made before the initiation of the action of importance in a motor coordination task and is quite possibly the most well-studied vision strategy variable in sport. The quiet eye has been shown to be a key component of both expert ability and successful performance. However, the quiet eye is not without its criticisms, and the perceptual mechanisms underlying this unique gaze behavior are not yet well understood. The question that remains to be answered is whether the differences in vision and visual-motor coordination skills that exist between athletes and nonathletes can be explained by the quiet eye alone or if the explanation is more complicated.",wos,llm,0.990,unreviewed,
discarded,Are perceptions of penalties stable across time? The problem of causal ordering in deterrence applied to road safety,"Truelove, Verity; Freeman, James; Watson, Barry; Kaye, Sherrie-Anne; Davey, Jeremy",2020,ACCIDENT ANALYSIS AND PREVENTION,10.1016/j.aap.2020.105746,https://www.webofscience.com/wos/woscc/full-record/WOS:000578988400021,off-topic-false-hit,"This study addressed the causal ordering problem in deterrence research by examining the perceptual stability of deterrence variables over time and comparing the results via cross-sectional and longitudinal surveys. This research extends upon scant previous research by including three key classical deterrence variables (i.e., the perceived certainty of apprehension and the perceived severity and swiftness of punishment), as well as Homel's (1988) extra-legal deterrence-related variables of the fear of physical loss, material loss and social sanctions. A longitudinal survey design was utilised over a three month-time period (N = 200, Mage = 20.38 years, 71 males) that examined the stability of the deterrence-related variables for three road rule violations, consisting of 1) exceeding the speed limit by more than 10 km/hr, 2) reading a message on a phone while driving and 3) using the social media platform of Snapchat while driving. Overall, fluctuations were found in all the deterrence-related variables (both legal and extra-legal sanctions), with the largest difference being for the perceptions of the certainty of apprehension. Consequently, it can be suggested that: (a) longitudinal surveys are more reliable when measuring the impact of deterrence perceptions on engagement in offending behaviour and (b) the problem of causal ordering regarding utilising cross-sectional surveys is further illuminated. The results suggest that deterrence is a dynamic process, constantly changing based upon individual experiences, which reinforces the need for continued enforcement efforts (both legal and non-legal), within the road safety arena to maximise rule compliance.",wos,llm,0.990,unreviewed,
discarded,Micro-teaching 2.0: Technology as the classroom,"Ledger, Susan; Fischetti, John",2020,AUSTRALASIAN JOURNAL OF EDUCATIONAL TECHNOLOGY,10.14742/ajet.4561,https://www.webofscience.com/wos/woscc/full-record/WOS:000534473800004,off-topic-false-hit,"Currently pre-service teachers (PSTs) practise teaching by interacting in real-life situations naturally occurring within variable school-based practicums. These are not ideal contexts for beginning teachers because they put novices in situations with real students before demonstrating capability, feedback is often not at point of need and they do not provide all students with similar experiences. Simulation and micro-teaching combine to provide a technological solution to bridge the gap between graduate preparation and real application. This study draws on situated learning and reflective practice ideologies to critique and problematise Micro-teaching 2.0 - a combination of traditional micro-teaching practices and human looped simulations. The findings reveal increased self-efficacy of PSTs (n = 376) and identify the benefits and challenges of Micro-teaching 2.0 for initial teacher education programs. Micro-teaching 2.0 proved to be an effective diagnostic tool for identifying the specific needs of PSTs and a preparatory tool for real-life placements. The controlled learning environment addresses previous issues related to the variability of contexts and subsequent moderation of individual capabilities. The findings are timely as the teaching profession continues to be scrutinised and where technological advances continue to offer choice, challenges and creative options for educators.

Implications for practice or policy:

Micro-teaching combined with human in the loop simulation provides a powerful and safe learning environment to practice the art and science of teaching.

Simulation affords initial teacher educators a controlled learning environment for effective moderation and diagnosis of practice.

Simulation in Education for the current generation of students builds on previous embodied, gaming and immersive learning experiences where the interaction is true and realistic.

Simulation technologies and micro-teaching combine to bridge the gap between graduate preparation and real-life application.",wos,llm,0.990,unreviewed,
discarded,Can Students' Spatial Skills Predict Their Programming Abilities?,"Bockmon, Ryan; Cooper, Stephen; Gratch, Jonathan; Zhang, Jian; Dorodchi, Mohsen",2020,"PROCEEDINGS OF THE 2020 ACM CONFERENCE ON INNOVATION AND TECHNOLOGY IN COMPUTER SCIENCE EDUCATION, ITICSE 2020",10.1145/3341525.3387380,https://www.webofscience.com/wos/woscc/full-record/WOS:001435674200067,adjacent-subtopic,"Spatial abilities have been shown to have high predictability in students' success in STEM related fields. Studies have also shown that there is a correlation between students' spatial skills and programming abilities, but it is unknown how well students' prior spatial abilities can predict students' introductory programming abilities at the end of the semester. During this study we used a multinomal logistic regression to create a predictive model to predict students' introductory programming abilities at the end of the semester. The highest model accuracy (64.6%) was obtained when accounting for students' prior programming abilities, prior spatial skills, socioeconomic status, and three factors regarding students' attitudes towards computing. It was also found that when looking at the predictability of each individual variable, students' prior spatial ability had the highest predictability (56.6% accuracy) when compared to all other variables.",wos,llm,0.820,unreviewed,
discarded,Factors Influencing Dwell Time During Source Code Reading - A Large-Scale Replication Experiment,"Peterson, Cole S.; Abid, Nahla J.; Bryant, Corey A.; Maletic, Jonathan I.; Sharif, Bonita",2019,ETRA 2019: 2019 ACM SYMPOSIUM ON EYE TRACKING RESEARCH & APPLICATIONS,10.1145/3314111.3319833,https://www.webofscience.com/wos/woscc/full-record/WOS:000626312000038,adjacent-subtopic,"The paper partially replicates and extends a previous study by Busjahn et al. [4] on the factors influencing dwell time during source code reading, where source code element type and frequency of gaze visits are studied as factors. Unlike the previous study, this study focuses on analyzing eye movement data in large open source Java projects. Five experts and thirteen novices participated in the study where the main task is to summarize methods. The results examine semantic line-level information that developers view during summarization. We find no correlation between the line length and the total duration of time spent looking on the line even though it exists between a token's length and the total fixation time on the token reported in prior work. The first fixations inside a method are more likely to be on a method's signature, a variable declaration, or an assignment compared to the other fixations inside a method. In addition, it is found that smaller methods tend to have shorter overall fixation duration for the entire method, but have significantly longer duration per line in the method. The analysis provides insights into how source code's unique characteristics can help in building more robust methods for analyzing eye movements in source code and overall in building theories to support program comprehension on realistic tasks.",wos,llm,0.700,unreviewed,
