status,title,authors,year,venue,doi,url,tags,abstract,provider,decision_source,llm_confidence,llm_review_outcome,llm_change_direction
kept,Python-First Feasibility for Vietnamese Learners Aged 10-14: A Literature-Substrate Design for a Direct-Text Pathway Without a Scratch Bridge,That Le,2026,Zenodo (CERN European Organization for Nuclear Research),10.5281/zenodo.20131444,https://openalex.org/W7160925881,systematic-review,"Vietnamese K-12 informatics curricula place blockbased programming in primary school and text-based programming (Python, from 2022) from grade 10 onward. Gifted cohorts aimed at competitive programming require text fluency earlier than grade 10 and benefit from an uninterrupted trajectory toward text-based algorithmic work. This paper examines the feasibility of direct Python introduction at grades 5–7 (ages 10–14) without a Scratch precursor. We draw on (i) the developmental-psychology case against age-gating programming constructs (Kuhn, Klahr, Siegler), (ii) the Weintrop-Wilensky block-versus-text comparative evidence, (iii) the MeerbaumSalant catalogue of Scratch-induced misconceptions, (iv) the Moors dual-modality and mutual-translation framework, (v) the Hermans and Sorva accounts of Python-specific learnability and notional-machine difficulty, and (vi) Vietnamese curriculum evidence from SGK Tin học 10–11 and the 2018 General Education Curriculum. We argue that Python-first is feasible at ages 10– 14 subject to three measurable entry criteria (reading fluency, mathematical maturity, keyboard comfort) and we specify a Vol 1 Chapter 1–5 pedagogical design that substitutes Vietnamese natural-language pseudocode (phi-code) plus Python as the two modalities for the Moors mutual-translation paradigm, pre-empts variable-as-box and initialisation-and-scope misconceptions, and respects Vietnamese learners' working-memory budget. We identify seven open questions that the design conditions on but does not resolve.",openalex,llm,0.800,unreviewed,
kept,Python-First Feasibility for Vietnamese Learners Aged 10-14: A Literature-Substrate Design for a Direct-Text Pathway Without a Scratch Bridge,That Le,2026,Zenodo (CERN European Organization for Nuclear Research),10.5281/zenodo.20131443,https://openalex.org/W7160940765,systematic-review,"Vietnamese K-12 informatics curricula place blockbased programming in primary school and text-based programming (Python, from 2022) from grade 10 onward. Gifted cohorts aimed at competitive programming require text fluency earlier than grade 10 and benefit from an uninterrupted trajectory toward text-based algorithmic work. This paper examines the feasibility of direct Python introduction at grades 5–7 (ages 10–14) without a Scratch precursor. We draw on (i) the developmental-psychology case against age-gating programming constructs (Kuhn, Klahr, Siegler), (ii) the Weintrop-Wilensky block-versus-text comparative evidence, (iii) the MeerbaumSalant catalogue of Scratch-induced misconceptions, (iv) the Moors dual-modality and mutual-translation framework, (v) the Hermans and Sorva accounts of Python-specific learnability and notional-machine difficulty, and (vi) Vietnamese curriculum evidence from SGK Tin học 10–11 and the 2018 General Education Curriculum. We argue that Python-first is feasible at ages 10– 14 subject to three measurable entry criteria (reading fluency, mathematical maturity, keyboard comfort) and we specify a Vol 1 Chapter 1–5 pedagogical design that substitutes Vietnamese natural-language pseudocode (phi-code) plus Python as the two modalities for the Moors mutual-translation paradigm, pre-empts variable-as-box and initialisation-and-scope misconceptions, and respects Vietnamese learners' working-memory budget. We identify seven open questions that the design conditions on but does not resolve.",openalex,llm,0.800,unreviewed,
kept,AlgoTouch : une approche centrée sur l’exécution pour la construction incrémentale de programmes impératifs,Michel Adam; Patrice Frison; Sabine Letellier Zarshenas; Moncef Daoud,2026,HAL (Le Centre pour la Communication Scientifique Directe),,https://openalex.org/W7163851457,supports-claim,"Program construction in imperative languages remains largely based on writing textual code that specifies sequences of instructions operating on program data. This approach requires developers to anticipate the effects of instructions on evolving data states, which increases cognitive load and the likelihood of errors during early and incremental development.This paper presents AlgoTouch, an execution-based system for incremental construction of imperative programs through direct manipulation of program data. Rather than assembling syntactic structures, programs are constructed by executing concrete data transformations that are recorded and incorporated into an internal intermediate representation. AlgoTouch relies on an explicit notional machine that exposes data storage, computation, and control flow, enabling continuous alignment between observed execution and program structure.A central contribution of the system lies in its deterministic synthesis of control structures from execution behavior. Conditional statements are derived from observed comparisons, while iterative behaviors are encapsulated in loop macros that support non-linear and incremental construction. This design enables partial and incomplete programs to be executed, refined, and completed while preserving semantic consistency.AlgoTouch automatically generates correct and readable programs in several mainstream imperative languages, including Python, C, C++, and Java. The system is evaluated through engineering-level validation on a representative set of algorithmic benchmarks, demonstrating correctness, expressiveness, robustness, and language independence. By integrating execution, construction, and code generation within a unified architecture, this work introduces an alternative model for interactive program construction and contributes a new class of execution-centered development systems.",openalex,llm,0.940,unreviewed,
discarded,Using Technology to Support Teaching Computer Science: A Study with Middle School Students,Yizhou Qian; James Daniel Lehman,2018,Eurasia Journal of Mathematics Science and Technology Education,10.29333/ejmste/94227,https://openalex.org/W2885898306,adjacent-subtopic,"Expansion of computer science education in K-12 schools is driving the need for quality computer science teachers. Effective computer science teachers need both knowledge of computer science and pedagogical content knowledge (PCK), which includes an understanding of student misconceptions. In this study, by integrating an automated assessment system, we identified common misconceptions of Chinese middle school students in an introductory programming course. We found that students’ limited English ability and existing math knowledge contributed to their misconceptions in learning to program. We also noted that Chinese students with better English ability made fewer programming mistakes. This finding differs from previous studies on English speakers that found that students’ English ability had negative impacts on the learning of programming commands. Our results suggest that computer science teachers should integrate appropriate technology into instruction to support identifying and addressing specific student misconceptions. We recommend that teacher training programs in computer science pay attention to developing teachers’ technological pedagogical content knowledge (TPACK), the knowledge for effective teaching with technology.",openalex,llm,0.740,unreviewed,
kept,Auto-Generating Visual Exercises for Learning Program Semantics,Rebecca Smith; Terry Tang; Joe Warren; Scott Rixner,2019,,10.1145/3304221.3319741,https://openalex.org/W2963361752,supports-claim,"Understanding program execution is a challenging task for novice programmers. The semantic rules which determine how execution affects the program state are numerous and complex, and students frequently hold fundamental misconceptions about these rules. If students do not build a correct mental model of program execution early on, they will face substantial hurdles as they try to develop and debug their code. This paper presents VizQuiz, a tool for auto-generating multiple choice quizzes designed to help students gain insight into the semantic rules which govern program execution. VizQuiz provides students with an initial state and a piece of code, and tasks them with mentally tracing the execution of that code and selecting the correct final state. Reference diagrams are used to depict the initial and final states, and as feedback to help students visualize the correct behavior if they select a wrong answer. Feedback is auto-generated, so students can immediately correct their misconceptions and re-attempt.",openalex,llm,0.930,unreviewed,
kept,AlgoTouch: An Execution-Centered Approach to Incremental Construction of Imperative Programs,Michel Adam; Patrice Frison; Sabine Letellier Zarshenas; Moncef Daoud,2026,arXiv (Cornell University),10.48550/arXiv.2606.03349,https://openalex.org/W7163597186,supports-claim,"Program construction in imperative languages remains largely based on writing textual code that specifies sequences of instructions operating on program data. This approach requires developers to anticipate the effects of instructions on evolving data states, which increases cognitive load and the likelihood of errors during early and incremental development. This paper presents AlgoTouch, an execution-based system for incremental construction of imperative programs through direct manipulation of program data. Rather than assembling syntactic structures, programs are constructed by executing concrete data transformations that are recorded and incorporated into an internal intermediate representation. AlgoTouch relies on an explicit notional machine that exposes data storage, computation, and control flow, enabling continuous alignment between observed execution and program structure. A central contribution of the system lies in its deterministic synthesis of control structures from execution behavior. Conditional statements are derived from observed comparisons, while iterative behaviors are encapsulated in loop macros that support non-linear and incremental construction. This design enables partial and incomplete programs to be executed, refined, and completed while preserving semantic consistency. AlgoTouch automatically generates correct and readable programs in several mainstream imperative languages, including Python, C, C++, and Java. The system is evaluated through engineering-level validation on a representative set of algorithmic benchmarks, demonstrating correctness, expressiveness, robustness, and language independence. By integrating execution, construction, and code generation within a unified architecture, this work introduces an alternative model for interactive program construction and contributes a new class of execution-centered development systems.",openalex,llm,0.940,unreviewed,
kept,The impact of Memory Transfer Language (MTL) on reducing misconceptions in teaching programming to novices,Leonard J. Mselle; Hashim M. Twaakyondo,2012,International Journal of Machine Learning and Applications,10.4102/ijmla.v1i1.3,https://openalex.org/W2072895403,supports-claim,"Despite the fact that programming is at the heart of computer science, it is argued that even at its simplest level it is a difficult subject to teach and learn. For any new learner programming concepts are abstract and confusing. As teaching programming continues to be a daunting task, this article revisits common challenges inherent in teaching computer programming to novices. Further, Memory Transfer Language (MTL) as used to teach programming is introduced and demonstrated. Different kinds of misconceptions in programming and their associated bugs are analysed. An experiment using MTL to teach programming was carried out, using error-counts in examination scripts from two groups of students, one instructed using MTL and the other through the conventional approach. Results indicated a highly significant statistical difference (p = 0) between the two groups, showing that MTL can help novices avoid common programming misconceptions and reduce the errors they make. This shows that if programming is taught using MTL, comprehension is enhanced.",openalex,llm,0.970,unreviewed,
discarded,Linting and Hints in Candli,Stéphane Magnenat,2025,Constructionism Conference Proceedings,10.21240/constr/2025/72.x,https://openalex.org/W4411614433,adjacent-subtopic,"Candli is a web-based educational game creation app in which children acquire STEAM skills by creating video games based on their own drawings. Candli allows children to program games using an accessible visual programming language inspired by established research traditions such as Scratch and Thymio VPL. While such languages are highly expressive, enabling rapid creation of dynamic and engaging agent behaviors, this very efficiency can pose challenges in classroom settings. In particular, children often encounter non-trivial problems quickly, leading to teacher overload and hindering learning. To mitigate this issue, Candli integrates technical scaffolding features designed to support children’s autonomous learning. In this workshop, we explore two such features: linting and adaptive program completion hints. The linting feature draws inspiration from software engineering practices, providing immediate feedback to students about potential errors in their code – a feature rarely utilized in educational contexts. Adaptive program completion hints employ classical AI reasoning to incrementally guide students based on their existing code structure. This method involves comparing the current student code with predefined Prolog-like solution rules and suggesting minimal, targeted corrections that do not compromise other program functionalities. These features assist learners in developing accurate notional machines for understanding code execution while preserving opportunities for free exploration and playful tinkering. Collectively, these tools offer a concrete realization of constructionist learning principles.",openalex,llm,0.760,unreviewed,
discarded,ScaFi-Web: A Web-Based Application for Field-Based Coordination Programming,Gianluca Aguzzi; Roberto Casadei; Niccolò Maltoni; Danilo Pianini; Mirko Viroli,2021,Lecture notes in computer science,10.1007/978-3-030-78142-2_18,https://openalex.org/W3166569824,off-topic-false-hit,",",openalex,llm,0.980,unreviewed,
discarded,"Algebraic Functions, Computer Programming, and the Challenge of Transfer",Emmanuel Schanzer,2015,Digital Access to Scholarship at Harvard (DASH) (Harvard University),,https://openalex.org/W910682085,adjacent-subtopic,"Students' struggles with algebra are well documented. Prior to the introduction of functions, mathematics is typically focused on applying a set of arithmetic operations to compute an answer. The introduction of functions, however, marks the point at which mathematics begins to focus on building up abstractions as a way to solve complex problems. A common refrain about word problems is that “the equations are easy to solve - the hard part is setting them up!” A student of algebra is asked to identify functional relationships in the world around them - to set up the equations that describe a system- and to reason about these relationships. Functions, in essence, mark the shift from computing answers to solving problems. \nResearchers have called for this shift to accompany a change in pedagogy, and have looked to computer programming and game design as a means to combine mathematical rigor with creative inquiry. Many studies have explored the impact of teaching students to program, with the goal of having them transfer what they have learned back into traditional mathematics. While some of these studies have shown positive outcomes for concepts like geometry and fractions, transfer between programming and algebra has remained elusive. The literature identifies a number of conditions that must be met to facilitate transfer, including careful attention to content, software, and pedagogy.\nThis dissertation is a feasibility study of Bootstrap, a curricular intervention based on best practices from the transfer and math-education literature. Bootstrap teaches students to build a video game by applying algebraic concepts and a problem solving technique in the programming domain, with the goal of transferring what they learn back into traditional algebra tasks. The study employed a mixed-methods analysis of six Bootstrap classes taught by math and computer science teachers, pairing pre- and post-tests with classroom observations and teacher interviews. Despite the use of a CS-derived problem solving technique, a programming language and a series of programming challenges, students were able to transfer what they learned into traditional algebra tasks and math teachers were found to be more successful at facilitating this transfer than their CS counterparts.",openalex,llm,0.780,unreviewed,
discarded,A Tool to Support the Use of Part-Complete Solutions in the Learning of Programming,Stuart Garner,2001,Informing Science and IT Education Conference,10.28945/2385,https://openalex.org/W1577756317,adjacent-subtopic,"The purpose of this paper is to present a new software tool that has been developed, the purpose of which is to help novices learn programming. The tool supports what is know as the “completion” method of learning to program. It begins by discussing the difficulties that students face when learning to program and the use of part-complete solutions as a teaching and learning method. CORT has been developed to support this use of part-complete solutions and its features are outlined. When used by a student, a part-complete solution to a given programming problem is displayed in one window and possible lines of code that can be used to complete the solution are displayed within another window. The lines can easily be moved between the windows in order to complete the solution, the solution then being transferred to the target programming environment for testing purposes. Preliminary feedback from students indicates that CORT is easy to use and perceived to be helping them in their learning of programming. Three different methods of using CORT have been identified and these will be the subject of future research.",openalex,llm,0.710,unreviewed,
discarded,Designing Game-Based Learning for High School Artificial Intelligence Education,Maxyn Leitner; Eric Greenwald; Ning Wang; Ryan Montgomery; Chirag Merchant,2023,International Journal of Artificial Intelligence in Education,10.1007/s40593-022-00327-w,https://openalex.org/W4363676448,off-topic-false-hit,"Artificial Intelligence (AI) permeates every aspect of our daily lives and is no longer a subject reserved for a select few in higher education but is essential knowledge that our youth need for the future. Much is unknown about the level of AI knowledge that is age and developmentally appropriate for high school, let alone about how to teach AI to even younger learners. In this theoretical paper, we discuss the design of a game-based learning environment for high school AI education, drawing upon insights gained from a prior cognitive interview study at a STEM focused private high school. We argue that game-based learning is an excellent fit for AI education due to the commonality of problem solving in both game playing and AI.",openalex,llm,0.980,unreviewed,
discarded,"Survey: Artificial Intelligence, Computational Thinking and Learning",Nina Bonderup Dohn; Yasmin B. Kafai; Anders I. Mørch; Marco Ragni,2022,K&uuml;nstliche Intell.,10.1007/s13218-021-00751-5,https://openalex.org/W4206378998,off-topic-false-hit,"Learning is central to both artificial intelligence and human intelligence, the former focused on understanding how machines learn, the latter concerned with how humans learn. With the growing relevance of computational thinking, these two efforts have become more closely connected. This survey examines these connections and points to the need for educating the general public to understand the challenges which the increasing integration of AI in human lives pose. We describe three different framings of computational thinking: cognitive, situated, and critical. Each framing offers valuable, but different insights into what computational thinking can and should be. The differences between the three framings also concern the views of learning that they embody. We combine the three framings into one framework which emphasizes that (1) computational thinking activities involve engagement with algorithmic processes, and (2) the mere use of a digital artifact for an activity is not sufficient to count as computational thinking. We further present a set of approaches to learning computational thinking. We argue for the significance of computational thinking as regards artificial intelligence on three counts: (i) Human developers use computational thinking to create and develop artificial intelligence systems, (ii) understanding how humans learn can enrich artificial intelligence systems, and (iii) such enriched systems will be explainable. We conclude with an introduction of the articles included in the Special Issue, focusing on how they call upon and develop the themes of this survey.",openalex,llm,0.930,unreviewed,
