status,title,authors,year,venue,doi,url,tags,abstract,provider,decision_source,llm_confidence,llm_review_outcome,llm_change_direction
discarded,Towards surface integrity regulation in machining of ceramic matrix composites: Evolution from single to multiple energy field coupling,"Ma, Tong; Shan, Chenwei; Sun, Qixuan; Shi, Wentian; Zhu, Lida; Xiong, Yifeng; Liu, Wengang; Luo, Ming",2026,COMPOSITE STRUCTURES,10.1016/j.compstruct.2026.120777,https://www.webofscience.com/wos/woscc/full-record/WOS:001856911500001,off-topic-false-hit,"Ceramic matrix composites (CMCs), by virtue of their exceptional combination of high-temperature resistance, low density, and high strength, have become critical materials in fields such as aerospace and semiconductors. However, their inherent multiphase heterogeneous structure and anisotropy cause conventional mechanical machining to fall into a physical dilemma of uncontrollable stress-induced damage and degraded surface integrity. Therefore, centered on the regulation of surface integrity, this review systematically traces and deeply deconstructs the evolutionary pathway of energy field machining technologies for CMCs, revealing a profound paradigm revolution from passive stress-induced removal to active energy regulation. Specifically, the single mechanical energy field exposes the intrinsic limitations of macroscopic disordered brittle fracture; the vibromechanical energy field achieves dimensional reduction and containment of microcracks through highfrequency dynamic intervention; the thermo-mechanical energy field triggers quasi-plastic micro-separation via localized thermal softening; and ultimately, the thermo-vibro-mechanical composite energy field reaches the physical pinnacle of surface integrity regulation through the highest-dimensional spatiotemporal synergy. By systematically examining surface morphology, roughness, and subsurface damage, this review demonstrates the intrinsic mechanisms by which energy field regulation drives material removal from random fracture to controlled separation. Furthermore, the study distills the paradigm shift into a three-fold systematic leap: The evolution of energy action modes from single continuous inputs to multi-field spatiotemporal programming, the evolution of material removal mechanisms from brittle fracture to micro-scale controlled failure, and the evolution of core processing objectives from geometric shaping to active performance empowerment. Finally, this review anticipates future research directions, including the deepening of multi-field coupling mechanisms, the exploration of novel energy carriers, intelligent process decision-making, and the integrated leap of manufacturing capabilities, aiming to provide cutting-edge theoretical support and technical references for the precision machining of critical components in extreme environments.",wos,llm,0.990,unreviewed,
discarded,Barriers and Facilitators to Mindfulness-Based Interventions in Diabetic Peripheral Neuropathy: A Qualitative Inquiry to Inform Intervention Design,"Fan, Qing; Zhang, Wei; Liu, Yilin; Zhang, Xi; Li, Ling; Lu, Yan; Jia, Lihong",2026,MINDFULNESS,10.1007/s12671-026-02969-6,https://www.webofscience.com/wos/woscc/full-record/WOS:001854987800001,off-topic-false-hit,"Objectives Diabetic peripheral neuropathy (DPN) is a common chronic complication of diabetes, with neuropathic pain and sensory abnormalities severely affecting patients' quality of life. Current pharmacological treatments have limitations including insufficient efficacy and adverse reactions. Mindfulness-based interventions (MBIs) show potential in chronic pain management, yet their implementation in DPN populations remains low and the influencing factors are not systematically clarified. This study explored the cognitive basis and misunderstandings of DPN patients regarding MBI, identified multidimensional barriers and facilitators influencing MBI adoption, and revealed the core contradiction between patients' disease management needs and their actual life circumstances to generate empirical evidence for personalized MBI implementation.Method A descriptive qualitative design with phenomenological orientation was adopted. Using purposive sampling, 14 DPN patients meeting the inclusion criteria were recruited from a tertiary hospital. Semi-structured in-depth interviews were conducted, and data were analyzed using Colaizzi's seven-step phenomenological method. Member checking and peer debriefing were employed to ensure research rigor.Results Three core themes and seven subthemes were identified. Theme 1-Psychological anxiety caused by physiological symptoms-comprised three subthemes: ""Physical and psychological distress in the context of chronic disease,"" ""Therapeutic stress caused by changes in social roles,"" and ""Dissatisfaction with current treatment effectiveness."" Theme 2-Cognition and acceptance of MBI-included ""Definition and understanding of MBI"" and ""Willingness to accept MBI."" Theme 3-Differentiated expectations for MBI implementation-covered ""Differentiated expectations for therapeutic effects"" and ""Preference for implementation methods.""Conclusions DPN patients demonstrate substantial demand for MBI but are constrained by cognitive misconceptions, socioeconomic limitations, and insufficient healthcare system support. Future implementation strategies should focus on developing DPN-specific mindfulness programs, integrating digital health solutions, and establishing multidisciplinary collaborative pathways. These findings provide preliminary implementation science evidence for integrating MBI into comprehensive DPN management.Preregistration This study is not preregistered.",wos,llm,0.990,unreviewed,
kept,Do Code Semantics Help? A Comprehensive Study on Execution Trace-Based Information for Code Large Language Models,"Wang, Jian; Xie, Xiaofei; Hu, Qiang; Liu, Shangqing; Li, Yi",2025,FINDINGS OF THE ASSOCIATION FOR COMPUTATIONAL LINGUISTICS: EMNLP 2025,,https://www.webofscience.com/wos/woscc/full-record/WOS:001811095000079,adjacent-subtopic,"Code Large Language Models (Code LLMs) have opened a new era in programming with their impressive capabilities. However, recent research has revealed critical limitations in their ability to reason about runtime behavior and understand the actual functionality of programs, which poses significant challenges for their post-training and practical deployment. Specifically, Code LLMs encounter two principal issues: (1) a lack of proficiency in reasoning about program execution behavior, as they struggle to interpret what programs actually do during runtime, and (2) the inconsistent and fragmented representation of semantic information, such as execution traces, across existing methods, which hinders their ability to generalize and reason effectively. These challenges underscore the necessity for more systematic approaches to enhance the reasoning capabilities of Code LLMs. To address these issues, we introduce a generic framework to support integrating semantic information (e.g., execution trace) to code task-relevant prompts, and conduct a comprehensive study to explore the role of semantic information in enhancing the reasoning ability of Code LLMs accordingly. Specifically, we focus on investigating the usefulness of trace-based semantic information in boosting supervised fine-tuning (SFT) and post-phase inference of Code LLMs. The experimental results surprisingly disagree with previous works and demonstrate that semantic information has limited usefulness for SFT and test time scaling of Code LLM.",wos,llm,0.670,unreviewed,
discarded,Dostoevsky in Argentina: A Chronicle of the 19th IDS Symposium,"Andrianova, Irina S.",2026,NEIZVESTNYI DOSTOEVSKII-THE UNKNOWN DOSTOEVSKY,10.15393/j10.art.2026.8661,https://www.webofscience.com/wos/woscc/full-record/WOS:001847307900010,off-topic-false-hit,"The article presents an overview of the 19th Symposium of the International Dostoevsky Society (IDS), which was held for the first time in Latin America - in Buenos Aires, in June 2026. This event became the culmination of many years of work by the Argentine Dostoevsky Society (SAD) and a clear testament to the profound interest in the works of the Russian writer in a region where he has long been perceived not as a ""foreign"" but as a ""native"" author. The article traces the history of Dostoevsky's reception in Argentina, beginning with the first publication in the year of his death (1881), and analyzes the reasons for the particular affinity of his ideas with the Argentine worldview - vast spaces, multinationality, existential concerns. Special attention is paid to the writer's influence on key figures of Latin American literature: R. Arlt, E. Sabato, J. L. Borges, and J. Cort & aacute;zar. The symposium program, structured along regional lines, is described in detail. The article examines the main areas of contemporary research: translation issues (Brazilian and Argentine schools), comparative analysis and the history of reception in Latin American countries, Colombia, and Europe; the application of digital humanities (Chinese and American projects); philosophical and religious aspects of Dostoevsky's work. For the first time in the history of IDS symposia, several papers from different countries were devoted to Anna Grigorievna Dostoevskaya, presenting her not merely as a wife and biographer, but as an independent publisher, bibliographer, and active participant in the cultural process. The presentations of the Russian delegation are reviewed, including studies of the textual criticism of ""The Citizen,"" the poetics of ""The Adolescent,"" as well as questions of Dostoevsky's reception in the West. The author concludes that holding the forum in Buenos Aires confirms Dostoevsky's global status as a writer whose ideas remain relevant to a wide variety of cultures, and that Argentina is becoming one of the world's leading centers of Dostoevsky studies.",wos,llm,1.000,unreviewed,
discarded,TIR-VD: Binary vulnerability detection based on texture and input-related embeddings,"Yang, Chunyu; Zhao, Bo",2026,EGYPTIAN INFORMATICS JOURNAL,10.1016/j.eij.2026.101036,https://www.webofscience.com/wos/woscc/full-record/WOS:001848003400001,adjacent-subtopic,"The rapid expansion of IoT systems fuels the reuse of vulnerable code in firmware binaries, exposing IoT devices to network attacks. Current dynamic analysis, which relies on emulation and fuzzing, suffers from high latency, hindering large-scale vulnerability detection that is especially critical today. Static analysis leverages program structure and statistical features for vulnerability detection. However, existing Static approaches fail to accurately reconstruct vulnerability logic due to limited feature sets, and IoT programs are typically closed-source binary programs lacking code features, leading to high false positive and false negative rates. We propose TIR-VD, an innovative method that addresses the limitations of existing approaches, significantly improving binary vulnerability detection in IoT system. First, we convert binary sample into images using the Bin2Img algorithm and extract texture features with a lightweight deep learning model. Next, we construct a weighted input-related control flow graph (WIR-CFG) and extract semantic features by a semantic-aware deep learning framework. For vulnerability detection, we match the target binary against vulnerability samples by integrating both texture and semantic features. The experimental results indicate that TIR-VD surpasses existing open-source tools in vulnerability detection accuracy and efficiency. Additionally, we identified two 0-day vulnerabilities in binary and reported them to the vendor. TIR-VD significantly enhances vulnerability detection accuracy and efficiency in IoT firmware binaries by integrating texture and semantic features, enabling scalable and accurate analysis of closed-source IoT binaries.",wos,llm,0.920,unreviewed,
discarded,"Phylogeography of Bone Metastasis: Clonal Evolution, Skeletal Niche Adaptation, and Clinical Implications","Alotab, Samaa; Alissa, Rasha; Zainab, Mariam; Khamies, Labibah Labib; Mohammad, Khalid Said",2026,INTERNATIONAL JOURNAL OF MOLECULAR SCIENCES,10.3390/ijms27156805,https://www.webofscience.com/wos/woscc/full-record/WOS:001846881000001,off-topic-false-hit,"Bone metastasis is often treated clinically as a late complication of advanced cancer, yet accumulating evidence indicates that it is also a spatial evolutionary process shaped by clonal selection, niche adaptation, dormancy, and reseeding. This review examines BoM through a phylogeographic framework that links tumor ancestry with anatomical location and time. We discuss how heterogeneous primary tumors generate bone-tropic subclones, how circulating tumor cells pass through dissemination bottlenecks, and how disseminated tumor cells enter perivascular and endosteal niches that either maintain dormancy or support early micrometastatic outgrowth. We then compare clonal architectures across breast, prostate, lung, and renal cell carcinomas, emphasizing both lineage-specific programs and convergent bone-adaptive states, including osteomimicry, immune evasion, metabolic plasticity, and epigenetic remodeling. Methodological platforms such as multiregion sequencing, single-cell and spatial transcriptomics, lineage tracing, and liquid biopsy are evaluated with attention to the technical limitations imposed by mineralized tissue. Finally, we consider how bone lesions may function as reservoirs for secondary dissemination and how evolutionary thinking could improve biomarker development, dormancy prediction, trial design, and therapy selection. Viewing BoM as an evolving ecosystem may help shift the field from reactive skeletal management toward earlier, biology-informed intervention.",wos,llm,1.000,unreviewed,
discarded,Determination of 31 perfluoroalkyl and polyfluoroalkyl substances in water by ultra performance liquid chromatography-triple quadrupole mass spectrometry combined with direct injection,"Yang, Chenglong; Li, Pengfei; Zhang, Yingying; Wang, Lingjia; Hou, Minmin; Shi, Yali; Cai, Yaqi",2026,CHINESE JOURNAL OF CHROMATOGRAPHY,10.3724/SP.J.1123.2025.09012,https://www.webofscience.com/wos/woscc/full-record/WOS:001843904300004,off-topic-false-hit,"Perfluoroalkyl and polyfluoroalkyl substances (PFAS) possess desirable properties, including hydrophobicity, oleophobicity, surface activity, and thermal and chemical stability. Their extensive production and widespread application have resulted in the pervasive presence of PFAS in diverse environmental media. However, accumulating evidence indicates that PFAS are persistent, capable of long-range transport, bioaccumulative, and toxic; consequently, their adverse effects on ecosystems and humans are of widespread concern. Aquatic environments serve as a major transport pathway and contamination route for PFAS, making accurate measurement of PFAS levels in water crucial for assessing associated environmental and health risks. However, accurate quantification requires multi-step procedures, including sample filtration, enrichment, nitrogen blow-down concentration, and reconstitution, such as solid-phase extraction (SPE) and accelerated solvent extraction (ASE). These methods are often labor-intensive and time-consuming. Although research on fully automated SPE technology is increasing, it necessitates installation of online SPE systems, which entail high costs and may present limitations in sample throughput per run. With continuous advancements in mass spectrometry, instrumental sensitivity has improved considerably, making direct injection of water samples for multi-analyte analysis technically feasible. However, reports on the use of direct injection methods for detecting PFAS in water remain limited, and the number of target analytes covered in such studies is relatively small. In this study, a direct injection-ultra performance liquid chromatography-triple quadrupole mass spectrometry (UPLC-MS/MS) method was developed for the determination of 31 PFAS in water. To optimize the chromatographic separation, enhance the detection sensitivity of target analytes, and minimize undesirable adsorption losses, the method was meticulously optimized with respect to solvent selection, injection volume, and syringe filter type. Our method involves the following procedure: 0.5 mL of water is aliquoted, mixed with 0.5 mL of methanol spiked with 2 ng of internal standard, and filtered through a 0.22 mu m polypropylene membrane. The PFAS were analyzed by UPLC-MS/MS with an injection volume of 35 & micro;L. The analytes were ionized in electrospray ionization negative mode (ESI-) with scheduled multiple-reaction monitoring (sMRM). The MS parameters, including precursor and product ions, collision energy, and declustering voltage were optimized. Through optimization of the analytical column and mobile phases, the analytes were separated on an RSLC 120 C18 column with a gradient of methanol and 5 mmol/L ammonium acetate aqueous solution as the mobile phase in a gradient elution program. The results were quantified by the internal standard method. The method demonstrated excellent linearity (R-2>0.994) across a defined concentration range. The limits of detection (LODs) and quantification (LOQs) were 0.007 1-3.0 ng/L and 0.024-10 ng/L, respectively. Recoveries at spiked levels of 2, 10, and 500 ng/L ranged from 67.2% to 130.2%, with relative standard deviations (RSDs) of 0.30% to 18%. To quantify the effective equivalence between the enrichment efficiency of SPE and the sensitivity of direct injection methods, a comparative analysis of analyte recovery rates was performed for both approaches. Furthermore, for long-chain PFAS, direct injection demonstrated consistent and favorable recovery performance.

The method was applied to analyze PFAS in groundwater samples. The results showed that 24 PFAS were detectable with the total PFAS content (& sum;PFAS) ranging from 20.6 to 521 ng/L, with perfluorooctanoic acid (PFOA) and perfluorobutanoic acid (PFBA) being the primary pollutants. This approach is simple, rapid, highly sensitive, and provides broad coverage of target analytes, making it suitable for the quantitative analysis of PFAS in urban groundwater. It offers an efficient and reliable technical solution for determining trace-level PFAS in environmental water samples.",wos,llm,1.000,unreviewed,
discarded,Supporting Minority Students in the Global Accounting Pipeline: From an Individual Deficit to a Structural Realignment Approach,"Musundwa, Sedzani; Sopt, Joanne",2026,ACCOUNTING PERSPECTIVES,10.1111/1911-3838.70033,https://www.webofscience.com/wos/woscc/full-record/WOS:001841152600001,off-topic-false-hit,"Minority representation within the global accounting pipeline remains limited, despite sustained diversity, equity, and inclusion (DEI) initiatives. This paper synthesizes global accounting scholarship to critically examine how support for minority students and therefore professionals has evolved across regions and demographic groups. It traces how such support has been conceptualized and implemented across three key stages of the pipeline: entry into accounting programs, progression through education, and transition into professional practice. Drawing on a structured review of 81 peer-reviewed studies, the analysis demonstrates that persistent underrepresentation is less attributable to individual deficits and more reflective of entrenched structural inequalities. Early interventions were predominantly deficit-focused, emphasizing remediation and assimilation of minority populations, with limited attention to the institutional contexts shaping these challenges. In contrast, more recent scholarship highlights the influence of organizational culture, socioeconomic conditions, language, identity, and power in shaping access, progression, and belonging. Across contexts, recurring barriers such as a weak sense of belonging, exclusionary professional norms, and unequal access to opportunities suggest that incremental interventions cannot produce the desired transformations without systemic changes. The paper argues that meaningful progress requires a shift from an individualized, deficit-based mindset toward a structural realignment approach that enables equitable participation and success in institutional environments. It contributes to accounting scholarship by offering an integrated global perspective on minority experiences and providing practitioner-oriented insights for educators, firms, and professional bodies seeking to design more effective, context-responsive interventions.

