status,title,authors,year,venue,doi,url,tags,abstract,provider,decision_source,llm_confidence,llm_review_outcome,llm_change_direction
kept,The Duality of<i> A</i>-Abstraction,"Choudhury, Vikraman; Gay, Simon J.",2025,PROCEEDINGS OF THE ACM ON PROGRAMMING LANGUAGES-PACMPL,10.1145/3704848,https://www.webofscience.com/wos/woscc/full-record/WOS:001723949400001,adjacent-subtopic,"In this paper, we develop and study the following perspective-just as higher-order functions give exponentials, higher-order continuations give coexponentials. From this, we design a language that combines exponentials and coexponentials, producing a duality of lambda abstraction. We formalise this language by giving an extension of a call-by-value simply-typed lambda-calculus with covalues, coabstraction, and coapplication. We develop the semantics of this language using the axiomatic structure of continuations, which we use to produce an equational theory, that gives a complete axiomatisation of control effects. We give a computational interpretation to this language using speculative execution and backtracking, and use this to derive the classical control operators and computational interpretation of classical logic, and encode common patterns of control flow using continuations. By dualising functional completeness, we further develop duals of first-order arrow languages using coexponentials. Finally, we discuss the implementation of this duality as control operators in programming, and develop some applications.",wos,llm,0.710,unreviewed,
kept,Algebras for Deterministic Computation Are Inherently Incomplete,"Ten Cate, Balder; Kappe, Tobias",2025,PROCEEDINGS OF THE ACM ON PROGRAMMING LANGUAGES-PACMPL,10.1145/3704861,https://www.webofscience.com/wos/woscc/full-record/WOS:001723663000001,qualifies-claim,"Kleene Algebra with Tests (KAT) provides an elegant algebraic framework for describing non-deterministic finite-state computations. Using a small finite set of non-deterministic programming constructs (sequencing, non-deterministic choice, and iteration) it is able to express all non-deterministic finite state control flow over a finite set of primitives. It is natural to ask whether there exists a similar finite set of constructs that can capture all deterministic computation. We show that this is not the case. More precisely, the deterministic fragment of KAT is not generated by any finite set of regular control flow operations. This generalizes earlier results about the expressivity of the traditional control flow operations, i.e., sequential composition, if-then-else and while.",wos,llm,0.980,unreviewed,
discarded,Scalable Block-Sparse Matrix Multiplication Using Template Task Graphs,"Schuchart, Joseph; Bouteiller, Aurelien; Herault, Thomas; Valeev, Edvard; Bosilca, George; Harrison, Robert J.",2026,"ASYNCHRONOUS MANY-TASK SYSTEMS AND APPLICATIONS, WAMTA 2025",10.1007/978-3-031-97196-9_10,https://www.webofscience.com/wos/woscc/full-record/WOS:001678521300010,adjacent-subtopic,"Block-sparse matrix operations are a special case of general sparse algebra where the matrix is sparsely populated with dense blocks, e.g., in sparse tensor algebra for quantum chemistry. One of the challenges of implementing distributed matrix multiplication C = A x B in general is the management of communication flows since both input matrices A and B are readily available and must be distributed to the processes computing the relevant blocks of C. In this paper, we propose an addition to the Template Task Graph programming model that allows applications to constrain the execution of tasks using a flexible API. We show that such constraints can be used in a pure dataflow model to replace artificial control flow with a more structured approach. In the context of sparse matrix multiplication, we found that constraints allow us to limit the number of concurrent communications and thus avoid creating a bottleneck in the network.",wos,llm,0.800,unreviewed,
discarded,AI-Augmented Static Analysis: Bridging Heuristics and Completeness for Practical Reverse Engineering,"Santra, Monika",2025,"PROCEEDINGS OF THE 2025 ACM SIGSAC CONFERENCE ON COMPUTER AND COMMUNICATIONS SECURITY, CCS 2025",10.1145/3719027.3765565,https://www.webofscience.com/wos/woscc/full-record/WOS:001657120200361,adjacent-subtopic,"Reverse engineering poses significant challenges for several reasons, including the presence of interleaved code and data, the absence of names, types, and stack frames, aggressive compiler optimizations, and a range of obfuscation techniques. Traditional static analysis methods and existing tools have sought to mitigate the impact of these missing critical elements through various heuristic-based strategies. However, recent advancements in artificial intelligence (AI) have shown promise in tackling these challenges by uncovering complex hidden patterns from incomplete or low-level representations, particularly in predicting high-level semantic constructs that may be lost during compilation. Despite these advancements, AI-only solutions frequently struggle to deliver the completeness and reliability necessary for security-critical binary analysis. To address this shortcoming, we aim to establish an innovative synergy between AI and static analysis-leveraging AI to replace brittle heuristics for enhanced generalization while using static analysis to reinforce AI with a best-effort approach to completeness, thereby meeting the rigorous demands of security applications. In this thesis, we will concentrate on three essential tasks in reverse engineering that are notably underserved in both academic research and existing tools: instruction boundary identification, function boundary identification, and Control Flow Graph (CFG) construction, more specifically for indirect call targets. Our goal is to develop a novel integration of AI and static analysis, creating an end-to-end disassembly framework.",wos,llm,0.770,unreviewed,
discarded,Nexus Machine: An Energy-Efficient Active Message Inspired Reconfigurable Architecture,"Juneja, Rohan; Dangi, Pranav; Bandara, Thilini Kaushalya; Mitra, Tulika; Peh, Li-Shivan",2025,"58TH IEEE/ACM INTERNATIONAL SYMPOSIUM ON MICROARCHITECTURE, MICRO2025",10.1145/3725843.3756091,https://www.webofscience.com/wos/woscc/full-record/WOS:001609964400081,adjacent-subtopic,"Modern reconfigurable architectures are increasingly favored for resource-constrained edge devices as they balance high performance, energy efficiency, and programmability well. However, their proficiency in handling regular compute patterns constrains their effectiveness in executing irregular workloads, such as sparse linear algebra and graph analytics with unpredictable access patterns and control flow. To address this limitation, we introduce the Nexus Machine, a novel reconfigurable architecture consisting of a PE array designed to efficiently handle irregularity by distributing sparse tensors across the fabric and employing active messages that morph instructions based on dynamic control flow. As the inherent irregularity in workloads can lead to high load imbalance among different Processing Elements (PEs), Nexus Machine deploys and executes instructions en-route on idle PEs at run-time. Thus, unlike traditional reconfigurable architectures with only static instructions within each PE, Nexus Machine brings dynamic control to the idle compute units, mitigating load imbalance and enhancing overall performance. Our experiments demonstrate that Nexus Machine achieves 90% better performance compared to state-of-the-art (SOTA) reconfigurable architectures, within the same power budget and area. Nexus Machine also achieves 70% higher fabric utilization, in contrast to SOTA architectures.",wos,llm,0.800,unreviewed,
discarded,Distributed Places and Safe Net Reduction,"Khomenko, Victor; Koutny, Maciej; Yakovlev, Alex",2025,"APPLICATION AND THEORY OF PETRI NETS AND CONCURRENCY, PETRI NETS 2025",10.1007/978-3-031-94634-9_13,https://www.webofscience.com/wos/woscc/full-record/WOS:001584539300013,adjacent-subtopic,"Being able to find small Petri nets with the same behaviour as formal specifications of concurrent systems benefits both effective verification and practical implementation of such systems. This paper considers specifications given in the form of safe nets and process expressions.

The paper introduces a novel concept of 'distributed place' which abstracts the behaviour of an individual net place. It is shown that if distributed places cover a safe Petri net, then it is possible to delete some places without changing the behaviour. Crucially, the reduction is carried out both statically and locally, making it computationally feasible in practice.

The resulting reduction technique is then considered for an algebra of safe Petri nets (boxes) derived from process (box) expressions. Though the original derivation can yield exponentially large boxes, the recent research demonstrated that if a box expression does not involve cyclic behaviours, the exponential number of places can be reduced down to polynomial (quadratic). In this paper, using distributed places, it is demonstrated that similar optimisation can also be achieved in the cyclic case.",wos,llm,0.790,unreviewed,
discarded,Revisiting workflow execution in HPC: a data-flow approach,"Chen, Tao; Wang, Xiaoning; Li, Guanlong; Zhao, Yining; Xiao, Haili",2026,CCF TRANSACTIONS ON HIGH PERFORMANCE COMPUTING,10.1007/s42514-025-00256-9,https://www.webofscience.com/wos/woscc/full-record/WOS:001618048600001,adjacent-subtopic,"Scientific workflows are essential to modern scientific computing, yet traditional execution approaches-based on control-flow paradigms and disk-based data transfers-struggle as data movement, rather than computation, emerges as the dominant performance bottleneck. These methods suffer from long latency due to centralized orchestration, sequential task triggering, and inefficient disk-mediated exchanges. We propose HPCFlow, a data-flow-oriented workflow framework designed for high-performance computing (HPC) environments. HPCFlow supports decentralized, input-driven execution. Functions are decomposed into computation and data transmission, enabling asynchronous data propagation and efficient overlap. HPCFlow incorporates context-aware data transfer strategies and alleviates small-file I/O inefficiencies through mini-batching. Additionally, HPCFlow implements an input synchronization mechanism to guarantee data completeness during parallel execution under elastic scaling conditions. Empirical results from a production HPC environment demonstrate that compared to a control-flow baseline, HPCFlow significantly reduces makespan and end-to-end latency, achieves efficient overlap, and alleviates pressure on network file systems, thereby validating its effectiveness for data-intensive scientific workflows.",wos,llm,0.820,unreviewed,
discarded,LIE SYMMETRIES IN NONLINEAR LIQUID FILM FLOW WITH HEAT AND MASS TRANSFER AND VARIABLE MAGNETIC FIELD,"Khan, Ilyas; Alharthi, Thoraya N.; Khan, Ghani; Alhamzi, Ghaliah; Safdar, Muhammad; Jamil, Bismah; Taj, Safia; Khan, Riaz Ahmad; Hassaballa, Abaker A.; Koh, Wei Sin",2025,FRACTALS-COMPLEX GEOMETRY PATTERNS AND SCALING IN NATURE AND SOCIETY,10.1142/S0218348X25402492,https://www.webofscience.com/wos/woscc/full-record/WOS:001617941800001,off-topic-false-hit,"This work constructs a one-dimensional optimal system of Lie subalgebras for analyzing heat and mass transfer in a laminar liquid film over a stretching surface with a variable magnetic field. For each element of the optimal system, the corresponding system invariants lead to similarity transformations. These transformations are used to reduce the governing equations for momentum, heat, and mass transfer, mapping them to systems of Ordinary Differential Equations (ODEs). By applying the derived Lie similarity transformations, we identify multiple new classes of nonlinear ODEs associated with the flow being studied. These classes are categorized into two groups based on their admitted Lie point symmetries: linearly space-dependent and linearly time-dependent symmetries. The resulting systems of ODEs are solved using the Homotopy Analysis Method (HAM), which yields all invariant solutions of the governing equations. Through these solutions, we present profiles for velocity, temperature, and concentration, highlighting how the Lie symmetry approach can effectively control flow, heat transfer, and concentration within the system.",wos,llm,1.000,unreviewed,
discarded,A deep learning-based vulnerability detection in blockchain smart contracts using masked attention and control flow graph analysis,"Gautrin, Maelle; Habibi Lashkari, Arash; Hajihosseinkhani, Sepideh",2025,INTERNATIONAL JOURNAL OF INFORMATION SECURITY,10.1007/s10207-025-01156-3,https://www.webofscience.com/wos/woscc/full-record/WOS:001614578200001,adjacent-subtopic,"SCs are self-executing programs on the blockchain, used for transactions without intermediaries, particularly in cryptocurrencies like Ethereum. However, they are vulnerable to security flaws that can lead to significant financial losses, as demonstrated by the DAO hack 2016. Common vulnerabilities include re-entrancy errors, timestamp dependency, infinite loops, and integer overflows. Detecting these flaws is crucial but complex due to the immutable nature of the blockchain and the complexity of the contracts. Therefore, developing techniques for analyzing, testing, and verifying the security of SCs is essential to ensure their reliability and safety. This work presents a novel approach to detecting vulnerabilities in SCs using deep learning. Our SCs vulnerability detection method leverages expert knowledge, masked attention, and deep learning to analyze bytecode. Key steps include constructing a Control Flow Graph (CFG) from bytecode, normalizing the graph by cleaning nodes to retain only opcode instructions, and applying a masked attention mechanism to identify and prioritize critical opcodes. The different graphs obtained are vectorized using Graph2Vec, preparing them for NN processing. Finally, a Recurrent Neural Network (RNN) detects vulnerabilities efficiently and accurately in SCs. The proposed model's performance is evaluated by dataset BCCC-VolSCs-2023 using precision, recall, and F1-score metrics. These metrics collectively offer a comprehensive understanding of the model's effectiveness, emphasizing the quality, completeness, and accuracy of its positive predictions.",wos,llm,0.810,unreviewed,
kept,Denotational Semantics for Probabilistic and Concurrent Programs,"Zilberstein, Noam; Gorla, Daniele; Silva, Alexandra",2025,"36TH INTERNATIONAL CONFERENCE ON CONCURRENCY THEORY, CONCUR 2025",10.4230/LIPIcs.CONCUR.2025.39,https://www.webofscience.com/wos/woscc/full-record/WOS:001570540800039,supports-claim,"We develop a denotational model for probabilistic and concurrent imperative programs, a class of programs with standard control flow via conditionals and while-loops, as well as probabilistic actions and parallel composition. Whereas semantics for concurrent or randomized programs in isolation is well studied, their combination has not been thoroughly explored and presents unique challenges. The crux of the problem is that interactions between control flow, probabilistic actions, and concurrent execution cannot be captured by straightforward generalizations of prior work on pomsets and convex languages, prominent models for those effects, individually. Our model has good domain theoretic properties, important for semantics of unbounded loops. We also prove two adequacy theorems, showing that the model subsumes typical powerdomain semantics for concurrency and convex powerdomain semantics for probabilistic nondeterminism.",wos,llm,0.910,unreviewed,
discarded,Flow Hijacking in eBPF: Exploitation and Mitigation Across both Interpreter and JIT Execution,"Wu, Yifei; Liu, Qirui; Shen, Wenbo; Zhang, Zhuoruo; Hu, Jiayi; Chang, Rui",2025,INTERNATIONAL JOURNAL OF INFORMATION SECURITY,10.1007/s10207-025-01124-x,https://www.webofscience.com/wos/woscc/full-record/WOS:001566889600001,off-topic-false-hit,"The extended Berkeley Packet Filter (eBPF) has been widely used and is regarded as a secure alternative to kernel modules for extending kernel functionality. As an emerging kernel subsystem, it is expected to remain resilient against exploitation through existing kernel vulnerabilities. Unfortunately, the exploitability of eBPF has not been thoroughly studied. In this paper, we systematically investigate the security of eBPF and identify two new risks: the absence of hijacking defenses in the eBPF interpreter and incomplete Control Flow Integrity (CFI) enforcement in the Just-In-Time (JIT) compiler. To demonstrate practical impact, we introduce Flow Hijacking, a generic eBPF exploitation technique that bypasses kernel code and CFI protections to hijack the eBPF execution. We propose two key techniques: Tailcall Trampoline, which corrupts tailcalls to redirect the interpreter to injected code without modifying function pointers, and JIT-Type Confusion, which forges trusted pointers in JITed code to gain arbitrary kernel memory access. We further formulate CVE requirements, evaluate Flow Hijacking against 16 real-world CVEs from different kernel subsystems, and show that it consistently amplifies their capabilities to bypass kernel protections. Additionally, we present a formal proof showing that Flow Hijacking achieves Turing completeness when targeting the interpreter. Finally, we develop a lightweight runtime validation mechanism that effectively mitigates Flow Hijacking with less than 1% performance overhead. We are communicating with the Linux community to address the identified issues.",wos,llm,0.980,unreviewed,
discarded,ASC-Hook: Efficient System Call Interception for ARM,"Shen, Yang; Xie, Min; Wu, Tao; Zhang, Wenzhe; Wang, Ruibo; Zhang, Gen",2025,"PROCEEDINGS OF THE 26TH ACM SIGPLAN/SIGBED INTERNATIONAL CONFERENCE ON LANGUAGES, COMPILERS, AND TOOLS FOR EMBEDDED SYSTEMS, LCTES 2025",10.1145/3735452.3735524,https://www.webofscience.com/wos/woscc/full-record/WOS:001525516600010,adjacent-subtopic,"System call interception is essential for tools that modify or monitor application behavior. However, current system call interception solutions on ARM platforms still face challenges related to performance and completeness. This paper introduces ASC-Hook, an efficient and comprehensive binary rewriting framework specifically designed for intercepting system calls on ARM architectures. ASC-Hook tackles two critical challenges: the misalignment of the target address caused by directly replacing the SVC instruction with BR x8, and the return to the original control flow after system call interception. To achieve this, we propose a hybrid replacement strategy combined with a customized trampoline mechanism. Additionally, multiple completeness strategies tailored for system call interception are implemented to guarantee thorough coverage. Experimental evaluations demonstrate that ASC-Hook reduces overhead to as low as 1/29 of existing solutions, while incurring an average performance loss of only 3.8 % in system call-intensive applications.",wos,llm,0.780,unreviewed,
discarded,A CATEGORICAL TREATMENT OF OPEN LINEAR SYSTEMS,"Stein, Dario; Samuelson, Richard",2025,LOGICAL METHODS IN COMPUTER SCIENCE,10.46298/LMCS-21(3:11)2025,https://www.webofscience.com/wos/woscc/full-record/WOS:001539907100002,adjacent-subtopic,". An open stochastic system a` la Jan Willems is a system affected by two qualitatively different kinds of uncertainty - one is probabilistic fluctuation, and the other one is nondeterminism caused by a fundamental lack of information. We present a formalization of open stochastic systems in the language of category theory. Central to this is the notion of copartiality which models how the lack of information propagates through a system (corresponding to the coarseness of sigma-algebras in Willems' work). As a concrete example, we study extended Gaussian distributions, which combine Gaussian probability with nondeterminism and correspond precisely to Willems' notion of Gaussian linear systems. We describe them both as measure-theoretic and abstract categorical entities, which enables us to rigorously describe a variety of phenomena like noisy physical laws and uninformative priors in Bayesian statistics. The category of extended Gaussian maps can be seen as a mutual generalization of Gaussian probability and linear relations, which connects the literature on categorical probability with ideas from control theory like signal-flow diagrams.",wos,llm,0.700,unreviewed,
