status,title,authors,year,venue,doi,url,tags,abstract,provider,decision_source,llm_confidence,llm_review_outcome,llm_change_direction
discarded,Videogame Programming & Education: Enhancing Programming Skills Through Unity Visual Scripting,"Villagomez-Palacios, Alvaro; De la Fuente-Burdiles, Claudia; Vidal-Silva, Cristian",2026,COMPUTERS,10.3390/computers15010068,https://www.webofscience.com/wos/woscc/full-record/WOS:001670154600001,adjacent-subtopic,"Videogames (VGs) are highly attractive for children and young people. Although videogames were once viewed mainly as sources of distraction and leisure, they are now widely recognised as powerful tools for competence development across diverse domains. Designing and implementing a videogame is even more appealing for children and novice students than merely playing it, but developing programming competencies using a text-based language often constitutes a significant barrier to entry. This article presents the implementation and evaluation of a videogame development experience with university students using the Unity engine and its Visual Scripting block-based tool. Students worked in teams and successfully completed videogame projects, demonstrating substantial gains in programming and game construction skills. The adopted methodology facilitated learning, collaboration, and engagement. Building on a quasi-experimental design that compared a prior unit based on C# and MonoGame with a subsequent unit based on Unity Visual Scripting, the study analyses differences in performance, development effort, and motivational indicators. The results show statistically significant improvements in grades, reduced development time for core mechanics, and higher self-reported confidence when Visual Scripting is employed. The evidence supports the view of Visual Scripting as an effective educational strategy to introduce programming concepts without the syntactic and semantic barriers of traditional text-based languages. The findings further suggest that Unity Visual Scripting can act as a didactic bridge towards advanced programming, and that its adoption in secondary and primary education is promising both for reinforcing traditional subjects (history, language, mathematics) and for fostering foundational programming and videogame development skills in an inclusive manner.",wos,llm,0.960,unreviewed,
discarded,"A Bibliometric Journey through Computational Thinking in Primary Education: Past, Present, and Future","Rulyansah, Afib; Mustofa; Rihlah, Jauharotur; Hardiningrum, Andini; Asmara, Berda",2025,JOURNAL OF SCIENTOMETRIC RESEARCH,10.5530/jscires.20251491,https://www.webofscience.com/wos/woscc/full-record/WOS:001658798500011,adjacent-subtopic,"This study aims to map the knowledge structure and research trends in computational thinking within primary education, emphasizing its growing importance in equipping students with critical 21st-century skills. Utilizing a bibliometric analysis approach, the study systematically examines a comprehensive dataset from the Web of Science, employing co-citation, bibliographic coupling, co-occurrence analyses, and strategic diagramming to identify key themes and influential works. The findings reveal a strong emphasis on foundational concepts such as computational thinking, programming, and primary education, while also highlighting emerging areas like digital competence and teacher professional development. However, the study acknowledges limitations, including the reliance on a single database and the focus on quantitative metrics, which may overlook qualitative nuances. These findings underscore the need for further research into diverse educational contexts and the long-term impacts of computational thinking education. The study's originality lies in its comprehensive approach, offering valuable insights into the current state and future directions of computational thinking research, and highlighting its crucial role in preparing students for a technologically advanced world.",wos,llm,0.780,unreviewed,
discarded,Preparing Elementary Preservice Teachers to Integrate Computational Thinking in the Curriculum,"Ramirez-salgado, Andrea; Wusylko, Christine; Weisberg, Lauren; Delgado, Johnny; Israel, Maya",2025,ACM TRANSACTIONS ON COMPUTING EDUCATION,10.1145/3744751,https://www.webofscience.com/wos/woscc/full-record/WOS:001615773900001,adjacent-subtopic,"Computational Thinking (CT) is a critical set of 21st-century skills that young learners must develop to be successful in contemporary work and life. As more K-12 schools begin to integrate CT into the curriculum, Elementary Preservice Teachers (EPSTs) must be prepared to teach CT to their future students. Therefore, elementary teacher preparation programs should explore ways to incorporate CT into their coursework, ensuring that EPSTs graduate with the necessary knowledge and skills to teach CT. This study investigates the impacts of a 3-week CT module implemented in a technology integration course in an elementary teacher preparation program on EPSTs' CT value beliefs, self-efficacy, and teaching efficacy. The purpose of the module was to introduce EPSTs to basic concepts and big ideas in CT, support their application of CT in block-based coding environments, and promote connection building between CT and authentic real-world scenarios that balance different types of CT activities. Guided by the Interconnected Model of Professional Growth (IMPG), this study examined EPSTs' learning as a dynamic process of change across the personal and external domains. The module was located in the external domain as a stimulus for learning, while the Teacher Beliefs about Coding and Computational Thinking (TBaCCT) instrument was used to assess changes in value beliefs, self-efficacy, and teaching efficacy within the personal domain. A convergent parallel mixed-methods design was used to analyze pre-and post-surveys administered to 50 EPSTs and semi-structured interviews with four of the EPSTs. The results showed that the beliefs of the CT value of EPSTs evolved and their self-efficacy and teaching efficacy of CT significantly improved after participating in the module, suggesting that the interaction between external learning experiences and internal belief systems-facilitated by reflection and action-contributed to early professional growth. Notably, EPSTs also developed a more accurate understanding of CT, recognized the benefits of both plugged and unplugged CT activities, and expressed a desire for continued CT learning and professional development. Although EPSTs expressed concerns with the scarcity of physical computing toys in schools, they demonstrated a commitment to incorporating CT activities into their teaching and exploring alternative funding avenues to acquire such resources. Practical implications include potential approaches for elementary teacher preparation programs to embed CT into existing curricula.",wos,llm,0.880,unreviewed,
discarded,To block or not to block? : a meta-analysis of effectiveness of block-based programming,"Talan, Tarik; Dogan, Yunus; Kalinkara, Yusuf; Batdi, Veli",2025,RESEARCH IN SCIENCE & TECHNOLOGICAL EDUCATION,10.1080/02635143.2025.2593936,https://www.webofscience.com/wos/woscc/full-record/WOS:001624997600001,adjacent-subtopic,"BackgroundBlock-based programming applications have gained increasing attention in education for their potential to enhance students' academic achievement, problem-solving abilities, and computational thinking skills. Despite their widespread use across grade levels and subject areas, there is limited meta-analytic evidence synthesizing their overall impact and identifying conditions under which they are most effective.MethodsThis meta-analysis examined studies published between 2001 and 2024 that investigated the effects of block-based programming applications on students' academic achievement. Effect sizes were calculated using Hedges' g, and moderator analyses were conducted to test differences based on educational level, subject area, sample size and intervention duration.ResultsThe overall findings indicate that block-based programming has a moderate positive effect on academic achievement (g = 0.53). Moderator analyses showed no statistically significant differences across educational levels, subject areas, or sample sizes. However, the strongest effects were observed among elementary students, suggesting that the visual and interactive nature of block-based tools particularly supports cognitive development at early ages. The interventions were most effective when implemented for 5-6 weeks, and Science-related applications yielded the greatest gains, helping students understand abstract concepts and improve problem-solving abilities. Medium-sized groups benefited the most, likely due to balanced interaction and engagement.ConclusionBlock-based programming applications positively influence students' academic achievement across diverse educational contexts. While the findings highlight their effectiveness especially in Science education, elementary settings, and mid-sized groups, further research is needed to examine their long-term impacts and their applicability across additional subject areas. Educators and policymakers are encouraged to integrate block-based programming into curricula to enhance learning outcomes.",wos,llm,0.980,unreviewed,
kept,Assessing Computational Thinking Using Log Data: A Scoping Review,"Mergianian, Cristiana; Hienonen, Ninja; Dindar, Muhterem; Vainikainen, Mari-Pauliina",2026,"TWO DECADES OF TEL. FROM LESSONS LEARNT TO CHALLENGES AHEAD, EC-TEL 2025, PT I",10.1007/978-3-032-03870-8_21,https://www.webofscience.com/wos/woscc/full-record/WOS:001577851200021,supports-claim,"With the increasing presence of technology in education, foundational skills that can encourage learners' understanding of and meaningful interactions with technology should not be overlooked. Computational thinking (CT) is one such skill with applications to multiple domains. While CT assessment has traditionally focused on final outcomes, a more comprehensive perspective can emerge by also examining the process through means such as log data. The aims of this scoping review are to map how existing research has utilized log data to assess CT and to present research gaps for future studies in this area. Multiple databases from different disciplines were searched for peer-reviewed journal articles and conference papers. Relevant studies analyzed log data of individual learners from open-ended tasks to gauge CT performance. The following five areas were examined from each study: 1) form of CT, 2) education level, 3) log data process features, 4) interpretations of the features, and 5) theoretical contextualization of the features. The analysis revealed text-based programming as the most researched form of CT, followed by block-based programming Additionally, higher education was the most studied level of education. Regarding log data features, attempts and time on task were among the most extracted. In studies justifying the choice of features, a variety of theories and empirical studies were referenced. The suggested interpretation of the features also varied, leading to inconsistent conclusions about what could be inferred from the log data. This valuable insight into existing research patterns can steer future studies towards theory -based measures in underrepresented areas of research, advancing the discussion on how technology can enhance learning. Furthermore, using log data for assessment can enable scalable personalized feedback and scaffolding. Combining a strong theoretical understanding of these topics from educational sciences with the technology-oriented approach to log data could substantially promote new ways of developing effective interventions.",wos,llm,0.810,unreviewed,
kept,Software Variability as a New Dimension of Computational Thinking: an Exploration,"Moreno-Leon, Jesus; Romero-Organvidez, David; Robles, Gregorio; Benavides, David",2025,"29TH INTERNATIONAL SYSTEMS AND SOFTWARE PRODUCT LINE CONFERENCE, SPLC 2025, VOL A",10.1145/3744915.3748459,https://www.webofscience.com/wos/woscc/full-record/WOS:001572385600005,qualifies-claim,"Computational thinking is a discipline that fosters problem-solving by using tools, concepts and practices that are common in computer science. It was defined back in the 1980s, but has gained more and more popularity since Wing's 2006 Viewpoint paper. The computational thinking movement promotes the learning of skills at any age and in any application domain, not only in computer science. The discipline has evolved incorporating new dimensions such as the one linked with artificial intelligence or quantum computing, just to mention a few. However, very little attention, if any, has been paid to software variability. In this paper, we propose including variability as a new dimension of computational thinking that complements existing ones. This dimension could be defined as the ability to think about a set of related solutions when solving a problem inspired by the way software product line engineering addresses the development of systems. We provide a first solution that extends existing tools to introduce students with variability thinking skills. Concretely, we use Snap! 8 metaprogramming capabilities to make it possible to learn about variability engineering by implementing a tangible solution of a computer game product line. We have validated our solution in a workshop with 19 students in the fourth year of a software engineering degree, and also with 15 experts in variability from 13 different universities. The results are promising according to the two surveys that we used with both students and experts, which show the feasibility of our proposal. We propose a path for the research needed to include the variability dimension in computational thinking, connecting both lines of research. Developing software variability as a new dimension of computational thinking paves the way for teaching it in a practical way in undergraduate courses and even in high school, democratizing its impact and understanding.",wos,llm,0.960,unreviewed,
discarded,Physical Computing and Computational Thinking Supported by Mobile Devices in an Introductory Electronics Course: An Active Learning Approach,"Ariza, Jonathan Alvarez; Hernandez, Carola Hernandez",2025,IEEE TRANSACTIONS ON EDUCATION,10.1109/TE.2025.3626487,https://www.webofscience.com/wos/woscc/full-record/WOS:001611040200001,adjacent-subtopic,"Contribution: This study explores how physical computing (PhyC) activities supported by mobile devices can enhance learning, motivation, and computational thinking (CT) in engineering students. By adopting a learning-by-doing approach, tablets and smartphones were transformed into active learning devices for algorithm creation and experimentation through an educational app developed for block-based programming and hardware handling. Background: Typically, learning through mobile learning (m-learning) devices have been adopted in e-learning settings, especially for content delivery. Conversely, this study utilizes mobile devices for active learning, enabling students to engage in programming and PhyC activities within an introductory engineering course. Intended Outcomes: The methodology sought to enhance four areas for the students: academic performance, motivation, collaboration, and CT through mobile devices and PhyC activities. The 76 undergraduate engineering students participated in the methodology from 2022 to 2024. Application Design: The methodology comprised active learning tasks developed by the students and aligned with the educational outcomes expected in the course. These tasks integrated handling of the app mentioned with hardware devices, i.e., sensors and basic robotics, along with the curriculum of an introductory electronics course. Data from 76 students were collected through academic grades, a questionnaire on a Likert scale, and semi-structured interviews. Data were analyzed utilizing a mixed research approach. Findings: The educational outcomes suggest that the students improved their understanding of PhyC, programming, and electronics concepts in the course, with a large Wilcoxon effect size (r >= 0.5) for most of the courses. At the qualitative level, five crucial components were identified in the m-learning intervention, namely, learning development, affective engagement, teacher presence, technology affordances, and PhyC interactivity and debugging, which influenced the students' performance and engagement.",wos,llm,0.940,unreviewed,
discarded,"Coding, creativity, and competence: preservice teachers' learning through an online scratch club","Gravett, Sarah; Molaodi, Linford; Mofokeng, Maeketsa",2025,COGENT EDUCATION,10.1080/2331186X.2025.2580600,https://www.webofscience.com/wos/woscc/full-record/WOS:001608022300001,adjacent-subtopic,"This study explored the experiences of three cohorts of preservice teachers who participated in an extracurricular online Scratch Coding Club (SCC). We were interested in exploring whether our assumption was valid that involvement in the SCC would enrich preservice teachers' preparation for teaching (from their perspectives) and, if so, in what ways. The SCC's goal was to develop key competencies like creative and critical thinking, collaboration, communication, computational thinking and digital fluency - skills essential for both teaching and the modern workforce. The club further offers hands-on, playful coding experiences, demonstrating how Scratch can foster creativity and positive emotions in the classroom. A qualitative interpretive research approach was adopted for this study due to the interest in how the individuals involved (the preservice teachers) made sense and meaning of their involvement with the SCC. The study revealed three main findings; firstly, preservice teachers valued the development of competencies, especially creativity; secondly, they gained valuable insights into teaching, particularly by using Scratch to enrich lessons; and lastly, their personal dispositions and life skills were enhanced.",wos,llm,0.930,unreviewed,
discarded,Effects of programming education mode on high school students' computational thinking: from the perspective of CDIO,"Zhang, Ni; Peng, Die; Xing, Dahui; Liu, Huihui; Yang, Qiandong",2025,ASIA PACIFIC JOURNAL OF EDUCATION,10.1080/02188791.2025.2568478,https://www.webofscience.com/wos/woscc/full-record/WOS:001596428500001,adjacent-subtopic,"Computational thinking is a fundamental type of literacy that digital citizens must possess in an information society. Current researches about programming education usually focus on software development and application, lacking the guidance of a theoretical framework. Concept-Design-Implementation-Operation (CDIO) is a framework that emphasizes the amalgamation of theory and practice. Based on constructionism theory, project-based learning theory, and situational learning theory, this study designs a programming education model from the perspective of CDIO and conducts a quasi-experimental study to examine this model's effects on high school students' computational thinking. The participants included two parallel class students in a high school in Western China. This quasi-experimental study's findings indicate that: (1) students in programming education using the CDIO framework demonstrate a higher mean value of computational thinking than those in traditional classroom education; (2) when this type of programming education is employed, the development of students' overall computational thinking differs significantly from that of traditional teaching, especially in the three dimensions of algorithmic thinking, critical thinking, and creativity. This study provides implications for the reform of programming education and improvement of high school students' computational thinking, digital learning, and innovation abilities.",wos,llm,0.920,unreviewed,
discarded,Computational thinking integrated science: how professional development can support elementary teachers,"Macann, Victoria; Yadav, Aman; Ukkonen, Aino; Lee, Hyunju; D'Amico, Amy",2026,JOURNAL OF COMPUTERS IN EDUCATION,10.1007/s40692-025-00370-1,https://www.webofscience.com/wos/woscc/full-record/WOS:001577163800001,adjacent-subtopic,"The rationale behind teaching computational thinking (CT) integrated science activities is to provide students with a more meaningful context to learn CT and introduce computational tools and practices that support science learning. However, the current literature primarily focuses on students' CT learning within computer science and programming environments at the secondary school level, with less research on how CT can support science learning at the elementary level. Furthermore, there are even fewer studies on how to support elementary teachers and develop their knowledge and efficacy to connect CT to their science instruction. This study examines the influence of CT-integrated science professional development (PD) on elementary teachers' CT understanding and their teacher self-efficacy when planning and facilitating CT-integrated science lessons. A mixed-method design was used, incorporating surveys and interviews to gain a deeper understanding of the impact of PD on elementary teachers. Results suggested that the PD increased teachers' understanding of the value of CT instruction, their self-efficacy for teaching CT, and their belief in their ability to plan and facilitate CT-integrated science lessons. These findings suggest the need for subject-specific PD to support teachers in integrating CT to enhance disciplinary learning in science and to increase their confidence. Additionally, teachers require further PD to integrate plugged CT activities into their classroom instruction.",wos,llm,0.890,unreviewed,
