status,title,authors,year,venue,doi,url,tags,abstract,provider,decision_source,llm_confidence,llm_review_outcome,llm_change_direction
discarded,A Haptic-Enhanced Virtual Reality Training System for Vascular Interventional Surgery Skills: Development and Validation,"Jin, Xiaoliang; Liu, Jingyu; Song, Aiguo; Zhang, Yi; Zhu, Lifeng",2026,IEEE TRANSACTIONS ON HUMAN-MACHINE SYSTEMS,10.1109/THMS.2026.3715462,https://www.webofscience.com/wos/woscc/full-record/WOS:001843644600001,off-topic-false-hit,"Vascular interventional surgery serves as an effective treatment for vascular diseases. However, it demands exceptionally high-level skills from interventionists. Currently, novice interventionists face limited training resources and high time costs in skill acquisition, delaying their clinical readiness, while experienced interventionists endure substantial clinical workloads. To address these challenges, this article proposes a solution for the surgical skill learning and training of novice interventionists. First, in terms of system development, we designed a training system for novice interventionists' surgical skills. It consists of an interactive device adapted for clinical operations and a high-fidelity virtual reality surgical training scenario. Second, in terms of surgical skills learning and training, we studied the influence of different design factors on the surgical skills learning and training of novice interventionists. The proposed system's intuitive structural design and high-fidelity haptic feedback not only facilitate surgical skills learning but also enhance the operating experience, supporting a better understanding of surgical procedures. Our solution holds great potential in assisting novice interventionists in their surgical skills development.",wos,llm,0.990,unreviewed,
discarded,An LLM-KG empowered manner for extracting and representing operational knowledge under abnormal conditions: A case study in end-of-life battery disassembly,"Yao, Jie; Jiang, Cong; Xiao, Wenjie; Wang, Ji; Zhuang, Weibin; Bao, Jinsong; Li, Xinyu",2026,JOURNAL OF MANUFACTURING SYSTEMS,10.1016/j.jmsy.2026.07.025,https://www.webofscience.com/wos/woscc/full-record/WOS:001842821900001,off-topic-false-hit,"With the rapid adoption of new energy vehicles, the demand for disassembly of end-of-life battery continues to increase in maintenance, echelon utilization, and recycling. Under anomalous conditions, end-of-life battery disassembly heavily relies on the operational experience of skilled workers. When such experience is used for novice workers or machine adaptation, the extraction and structured representation of such knowledge remain difficult because the relevant knowledge is mainly held by individual workers. Therefore, the effective extraction and representation of operational experience provide an important basis for supporting human-AI collaborative evolution. To address the difficulties in extracting operational experience, representing fine-grained operational semantics, and organizing anomaly-related knowledge under anomalous operating conditions, this paper proposes a method for extracting and representing disassembly operation knowledge of end-of-life battery under anomalous operating conditions. Based on first-person disassembly videos, the proposed method performs temporal modeling and visual perception of disassembly actions and obtains action-tool-component triadic structures through semantic reasoning. Meanwhile, using the standard-condition disassembly sequence as the backbone, the method supplements anomaly types and anomalous operation branches to construct an operation knowledge graph for end-of-life battery disassembly under anomalous operating conditions, enabling the unified representation of standard procedures and anomalous operation knowledge. Experimental results show that the proposed method extracts key operational elements in anomalous disassembly scenarios more accurately. Specifically, Abnormal Operation Node Accuracy improves by about 8.0% compared with the conventional method. This improvement enhances the ability of the knowledge graph to represent anomalous operating conditions and supports knowledge accumulation, experience reuse, and human-AI collaborative evolution in end-of-life battery disassembly.",wos,llm,0.980,unreviewed,
discarded,Toward a sustainable model for novice ultrasound training: mixed-methods analysis of student portfolios and objective outcomes in Korean Medicine,"Park, Hyangyu; Han, Yejin; Cho, Eunbyul",2026,BMC MEDICAL EDUCATION,10.1186/s12909-026-09583-z,https://www.webofscience.com/wos/woscc/full-record/WOS:001843248000003,off-topic-false-hit,"Background Ultrasound is an essential educational tool for anatomy, physiology, diagnosis, and procedure in medical education. Various educational cases have been reported to date, yet novice experiences in non-traditional, resource-constrained contexts remain underexplored. This study explores Korean Medicine (KM) students' perceptions of introductory ultrasound education, learning experiences, and the process of learning transfer. Methods We analysed students' learning portfolios from an introductory musculoskeletal ultrasound training program for KM students. Quantitative data included self-assessment of goal achievement, pre- and post-training self-efficacy, self-directed learning indicators, and objective structured clinical examination (OSCE) scores. Qualitative data comprised reflective narratives that were analysed using framework analysis and subsequently interpreted alongside quantitative data. Results Qualitative analysis identified four themes: ""perceptions of the learning environment,"" ""challenges and insights during training,"" ""assessment and further learning,"" and ""application and transfer."" Correlation and multiple regression analyses showed that self-assessment, self-efficacy change, and self-video activity were not significantly associated with OSCE performance. Students valued instructor's supportive guidance and portable ultrasound practicality in the learning environment. Ultrasound skill acquisition enhanced equipment operation, probe proficiency, anatomical recognition, and diagnostic competency, leading students to reappraise ultrasound as ""a real-time anatomical visualization and safe acupuncture guidance tool."" Students' self-efficacy increased significantly after training (p < .001), primarily due to perceived improvements in performance speed and accuracy and greater confidence in procedural performance. Students' plans for further learning varied, from short-term practice to future certification acquisition. In terms of 'application and transfer,' they identified clinical barriers including insurance ineligibility, high equipment costs, and the limitations of portable devices. Conclusions Musculoskeletal ultrasound training integrated into the KM curriculum may enhance students' self-efficacy and support the integration of anatomical knowledge with clinical application. Although no significant quantitative predictors of OSCE performance were identified, the findings suggest important pedagogical implications regarding novice students' cognitive load, self-assessment difficulties, and the potential role of structured feedback and longitudinal educational support in ultrasound learning. Future KM ultrasound education may benefit from more longitudinal and educationally integrated approaches that support the development and sustained application of ultrasound competency in resource-sensitive educational contexts.",wos,llm,0.990,unreviewed,
discarded,Narrix: Remixing Narrative Strategies from Examples for Story Writing,"Zhang, Chao; Guo, Shunan; Davis, Abe; Koh, Eunyee",2026,"PROCEEDINGS OF THE 2026 CHI CONFERENCE ON HUMAN FACTORS IN COMPUTING SYSTEMS, CHI 2026",10.1145/3772318.3790813,https://www.webofscience.com/wos/woscc/full-record/WOS:001795706500109,off-topic-false-hit,"Experienced storytellers decompose stories into local narrative strategies and how these strategies shape higher-level arcs. This decomposition helps writers recognize patterns in others' work and adapt those patterns to tell new stories. Novices, however, struggle to identify these strategies or to reuse them effectively. We present Narrix, a novel writing tool that helps novice writers recognize narrative strategies in example stories and repurpose these strategies in their own writing. Narrix analyzes strategies in example stories, highlights them with color-coded lexical cues and explanations, and situates them on an interactive story arc for exploration by emotional shifts and turning points. Writers then drag strategies onto multi-dimensional tracks and apply block-scoped edits to revise or continue their drafts through controlled generation steered by specifed strategies. Through a within-subjects study (N = 12), Narrix showed improved participants' retention, conffdence, and creative adaptation of narrative strategies compared to a baseline chat-based writing interface.",wos,llm,0.980,unreviewed,
discarded,An Artificial Intelligence Copilot for First Response Medicine,"Zhuo, Yupeng; Radman, Masudur; Zhang, Eddie; Pachpande, Aditya; Yu, Xiangchen; Kirkpatrick, Andrew W.; Couperus, Kyle; Colombo, Christopher; McKee, Jessica; Tran, Oanh; Beck, Jonah; DeVane, DeAnna; Gorbatkin, Chad; Candelore, Ross; Birch, Eleanor; Wachs, Juan P.",2026,MILITARY MEDICINE,10.1093/milmed/usag065,https://www.webofscience.com/wos/woscc/full-record/WOS:001842345300007,off-topic-false-hit,"Introduction First responders in emergency medicine often work in austere conditions where expert consultation is limited, communication networks are unreliable, and rapid decision-making is essential. In these environments, procedural precision directly impacts patient outcomes. To address these challenges, we present an artificial intelligence (AI) Copilot for First Response Medicine, an augmented reality-based system that delivers real-time procedural guidance, decision support, and objective skill evaluation to frontline medics.Materials and Methods This is a feasibility and technical validation study. The system consists of 2 components: an augmented reality (AR) headset for multimodal user interaction and a Graphics Processing Unit (GPU)-equipped microprocessor for local execution of machine learning algorithms. This edge-based design provides sufficient computational power while ensuring offline operation, essential for low-resource and disconnected settings. The system integrates multiple models to analyze egocentric video streams from the headset and assist medics during procedures, including action recognition, action anticipation, visual question answering, hand tracking, and object detection, and can support skill assessment. Performance was benchmarked against expert-labeled ground truth using the Trauma THOMPSON dataset.Results The MViTv2 model achieved the best performance for procedural guidance: 89.75% Top-5 accuracy for action recognition and 87.02% Top-5 for action anticipation. For context-aware clinical decision support, the Bootstrapping Language Image Pretraining (BLIP) model achieved 88.64% Visual Question Answering (VQA) accuracy. The system demonstrated robust 100% classification accuracy in differentiating expert and novice skill levels based on hand kinematic features, with average velocity and acceleration identified as the most influential factors.Conclusions Unlike AI-assisted surgical systems built for controlled hospital environments, the proposed AI Copilot is optimized for Role 1-2 field care, emphasizing autonomy, speed, and resilience. By offering proactive, real-time mentorship through AR, the system reduces cognitive load, enhances procedural accuracy, and provides an objective metric for continuous military medical training. This work bridges the gap between expert-level (Role 4) medical care and frontline responders and may improve the care in high-stakes and resource-limited scenarios.",wos,llm,0.990,unreviewed,
discarded,From novice to professional self: a qualitative study of nursing students' internship experiences in Iran,"Habibpour, Zeinab; Sodeify, Roghieh; Mokhtari, Leila",2026,BMC NURSING,10.1186/s12912-026-04838-y,https://www.webofscience.com/wos/woscc/full-record/WOS:001841945400002,off-topic-false-hit,"Background Clinical education is central to nursing curricula, yet a persistent theory-practice gap challenges student readiness. In Iran, internship programs were recently introduced to bridge this gap, particularly in newly established nursing schools. However, students' lived experiences during this critical transition remain underexplored.Aim This study explores the lived experiences of final-year nursing students during their internship at Khoy University of Medical Sciences, Iran.Methods A qualitative descriptive design and conventional content analysis was undertaken to use explore students' experiences on this topic. In-depth, semi-structured interviews were conducted with 14 final-year nursing students, selected through purposive sampling with maximum variation to capture diverse perspectives. Interviews were audio-recorded, transcribed verbatim, and analyzed iteratively using MAXQDA (v.12). Trustworthiness was rigorously maintained through Lincoln and Guba's criteria (credibility, dependability, confirmability, and transferability).Findings Four interrelated themes emerged: (1) dissonance between academic instruction and clinical reality, (2) tension between the educational mandate and the service imperative, (3) professional growth forged through authentic clinical experience, and (4) reconstruction and consolidation of professional identity. These themes reflect a transformative developmental process; however, the data were analyzed using conventional content analysis without applying a predefined theoretical framework.Conclusions The internship functions as a transformative developmental phase that facilitates students' transition toward professional autonomy. Realizing its potential requires structured academic, clinical collaboration, trained preceptors, and learning-centered assessment, particularly in resource-constrained settings.Clinical trial number Not applicable.

Problem or IssueDespite the introduction of nursing internships in Iran to prepare students for clinical practice, many report that the internship was unhelpful, students felt unprepared for real clinical responsibilities and struggled to transition into professional roles due to misaligned training, poor supervision, and being used as auxiliary staff.What is Already Known?The theory-practice gap in nursing education is well documented, with studies highlighting inadequate clinical preparation and students' marginalization in clinical settings. The internship model shows promise in enhancing competence and identity, but its implementation in newly established Iranian programs lacks qualitative exploration.What this Paper AddsThis study reveals how Iranian nursing students navigate a newly implemented internship marked by academic, yet still achieve professional growth through authentic patient care. It shows the internship can act as a transformative rite of passage even in resource-limited settings when students are given real responsibility and support.",wos,llm,0.980,unreviewed,
discarded,A scoping review of educational practices in caesarean section training,"de Waard, Liesl; Archer, Elize; Chu, Kathryn; van Heerden, Pauli; Gebhardt, Gs",2026,BMC MEDICAL EDUCATION,10.1186/s12909-026-09495-y,https://www.webofscience.com/wos/woscc/full-record/WOS:001839454200003,off-topic-false-hit,"Background Caesarean Section (CS) is the most frequently performed abdominal surgery. Procedure-related mortality following CS is up to 100 times higher in Low- and Middle-Income Countries (LMICs) compared to High-Income Countries (HICs) when comparing outcomes between countries classified by the World Bank's income classification. In LMICs, CS are often conducted by junior doctors with limited supervision, highlighting the need for effective training strategies. This scoping review aimed to systematically identify, describe and map existing educational strategies for training novice surgeons in CS, to identify approaches that may be applicable in LMICs settings.Methods This scoping review was conducted according to the guidelines from the Joanna Briggs Institute. Studies describing educational interventions, training strategies or assessment approaches for CS were included, all study designs and data sources were considered. Published literature between 2001 and June 2025 was searched using terms and synonyms related to caesarean section, assessment, training and education. Databases PubMed/Medline, Epistemonikos, EMBASE, ScienceDirect, Web of Science/Scopus, and ERIC/EBSCHOST were searched. Data were extracted using a predefined charting database and synthesis was conducted using a hybrid deductive-inductive approach. Studies were classified according to the World Bank's 2022-2023 country income levels according to the country in which the study was conducted. Studies were categorised by teaching modality, assessment and learning outcomes, the learning curve and resource requirements. The Kirkpatrick model was applied to evaluate training outcomes.Main results A total of 45 data sources were included, 31 (69%) were conducted in HICs, and 14 (31%) in LMICs. Simulation-based training was the most common teaching strategy (53%) and was often combined with video or classroom-based training. When outcomes were assessed, most (75%) reported improvements in knowledge, skills or confidence (Kirkpatrick levels 1-2); few assessed behavioural or clinical outcomes (Kirkpatrick levels 3-4). Improvements in clinical outcomes were mainly observed in large-scale emergency obstetric training programs. Learning curve analyses indicated that operative time and blood loss appear to plateau after 15-30 cases.Conclusions Published research on educational strategies for CS is limited, particularly in LMIC settings, and few have been assessed for impact beyond participant-level outcomes. Promising approaches include blended learning, team-based training, and simulations. There is an urgent need for affordable, reproducible training strategies for LMICs, accompanied by an evaluation framework that assesses the impact on clinical outcomes.",wos,llm,0.990,unreviewed,
discarded,"Effect of Case Variation on Mastoidectomy Training Using 3D-Printed Temporal Bones Models-A Prospective, Randomized Trial","Omari, Adam; Frithioff, Andreas; Nohr, Anders; Sorensen, Mads S.; Andersen, Steven A. W.",2026,OTOLARYNGOLOGY-HEAD AND NECK SURGERY,10.1002/ohn.70358,https://www.webofscience.com/wos/woscc/full-record/WOS:001838608300001,off-topic-false-hit,"Objective To investigate effects of repeated training with anatomically varied versus identical 3D-printed models on skill acquisition, cognitive load, and skill retention in novice mastoidectomy trainees. Study Design A prospective, randomized, controlled, educational trial conducted April to September 2024 including a 3-month retention test. Setting Simulation center at a single academic teaching hospital. Methods Twenty-four novice medical students were randomized 1:1 into 2 groups: The Identical Models (IM) group practiced repeated procedures on identical 3D-printed temporal bone models (control) and the Variable Model (VM) group practiced on a varied selection of models (intervention). Trainees completed 10 anatomical mastoidectomy procedures with posterior tympanotomy followed by 2 retention test procedures after 3-months of nonpractice. The primary outcome was performance assessed with 25-point modified Welling Scale. The secondary outcome was cognitive load estimated by relative reaction time measured on a secondary task. Results At end-of-training, the VM group scored 20.6 points (95% CI [19.2-22.0]), outperforming the IM group who scored an average of 18.2 points (95% CI [16.7-19.6], P = .02). At 3-month retention testing, the VM group's scores decayed by a mean of 5.6 points on the repeated model (95% CI [-7.2 to-4.0], P < .001) and of 3.7 points when introduced to a new model (95% CI [-5.2 to-2.1], P < .001). The IM group showed no decay thereby demonstrating better skill retention which aligned with reduced relative reaction time (cognitive load) during training. Conclusions Educators can optimize mastoidectomy skills acquisition and retention by instructional design that prioritize repeated practice on anatomically identical models until basic skills have been acquired.",wos,llm,0.990,unreviewed,
