status,title,authors,year,venue,doi,url,tags,abstract,provider,decision_source,llm_confidence,llm_review_outcome,llm_change_direction
discarded,A New Look at Novice Programmer Errors,Davin McCall; Michael Kölling,2019,ACM Transactions on Computing Education,10.1145/3335814,https://openalex.org/W2962230923,adjacent-subtopic,"The types of programming errors that novice programmers make and struggle to resolve have long been of interest to researchers. Various past studies have analyzed the frequency of compiler diagnostic messages. This information, however, does not have a direct correlation to the types of errors students make, due to the inaccuracy and imprecision of diagnostic messages. Furthermore, few attempts have been made to determine the severity of different kinds of errors in terms other than frequency of occurrence. Previously, we developed a method for meaningful categorization of errors, and produced a frequency distribution of these error categories; in this article, we extend the previous method to also make a determination of error difficulty, in order to give a better measurement of the overall severity of different kinds of errors. An error category hierarchy was developed and validated, and errors in snapshots of students source code were categorized accordingly. The result is a frequency table of logical error categories rather than diagnostic messages. Resolution time for each of the analyzed errors was calculated, and the average resolution time for each category of error was determined; this defines an error difficulty score. The combination of frequency and difficulty allow us to identify the types of error that are most problematic for novice programmers. The results show that ranking errors by severity—a product of frequency and difficulty—yields a significantly different ordering than ranking them by frequency alone, indicating that error frequency by itself may not be a suitable indicator for which errors are actually the most problematic for students.",openalex,llm,0.870,unreviewed,
discarded,The Effect of Unplugged Coding Activities on Computational Thinking Skills of Middle School Students,Betül Tonbuloğlu; İsmail Tonbuloğlu,2019,Informatics in Education,10.15388/infedu.2019.19,https://openalex.org/W2986790415,adjacent-subtopic,"The purpose of the study is to examine the effect of unplugged coding activities carried out with middle school students on their computational thinking skills. This study employed nested-mixed design, which is a mixed research method; the data were supported by including the qualitative phase into an experimental study. In this frame, a group of 114 middle school students consisting of 5th graders were given coding training titled ""Kesfet Project - I Discover Coding"" by using unplugged coding content. The Computational Thinking Scale was applied to the students at the beginning and end of the training; the results obtained from the scale were analyzed by means of a paired t test. Finally, it was found out that unplugged coding activities had a positive effect on the improvement of computational thinking skills of the students. An examination of the sub-factors revealed that there is statistically no significant change in the problem solving skill despite the positive impact observed on creativity, algorithmic thinking, collaboration and critical thinking skills. Following the analysis of observation and daily data, the findings obtained revealed that the students usually displayed high levels of motivation and class participation in unplugged coding activities, they had difficulty in concretizing certain concepts as well as subjects requiring mathematical knowledge; various teaching methods and techniques were used in classes; the students liked the activities especially due to their appealing nature and their relation to daily life; however, there were occasional problems with scheduling of activities and teamwork due to over-crowded class size; the students experienced problems in achieving outcomes such as perceiving the relationship between computer science and mathematics and analyzing the given problem, and could have difficulty in associating between computer science and mathematics or between the subjects learned and the computer lesson, and in analyzing a given problem.",openalex,llm,0.940,unreviewed,
discarded,Torino: A Tangible Programming Language Inclusive of Children with Visual Disabilities,Cecily Morrison; Nicolas Villar; Anja Thieme; Zahra Ashktorab; Eloise Taysom; Oscar Salandin; Daniel Cletheroe; Greg Saul; Alan F. Blackwell; Darren Edge; Martin Grayson; Haiyan Zhang,2018,Human-Computer Interaction,10.1080/07370024.2018.1512413,https://openalex.org/W2898416993,adjacent-subtopic,"Across the world, policy initiatives are being developed to engage children with computer programming and computational thinking. Diversity and inclusion has been a strong force in this agenda, but children with disabilities have largely been omitted from the conversation. Currently, there are no age appropriate tools for teaching programming concepts and computational thinking to primary school children with visual disabilities. We address this gap through presenting the design and implementation of Torino, a tangible programming language for teaching programming concepts to children age 7–11 regardless of level of vision. In this paper, we: (1) describe the design process done in conjunction with children with visual disabilities; (2) articulate the design decisions made; and (3) report insights generated from an evaluation with 10 children with mixed visual abilities that considers how children are able to trace (read) and create (write) programs with Torino. We discuss key design trade-offs: (1) readability versus extensibility; and (2) size versus liveness. We conclude by reflecting upon how an inclusive design approach shaped the final result.",openalex,llm,0.890,unreviewed,
discarded,Learning programming with serious games,Matej Zapušek; Jože Rugelj,2013,EAI Endorsed Transactions on Game-Based Learning,10.4108/trans.gbl.01-06.2013.e6,https://openalex.org/W2003684894,adjacent-subtopic,"Students who are learning to program often have difficulties understanding cognitively complex concepts. Teaching programming is mainly focused on the syntax and features of programs, rather than to a deeper understanding of programming constructs and abstract concepts. Computer game stimulates acti",openalex,llm,0.830,unreviewed,
kept,"Adding traceability to an educational IDE : a thesis presented in partial fulfilment of the requirements for the Master degree in Computer Science at Massey University, Manawatu, New Zealand",L Yan Sui,2016,Massey Research Online (Massey University),,https://openalex.org/W2714861090,supports-claim,"High dropout and failure rate in introductory programming courses indicate \nthe need to improve programming comprehension of novice learners. \nSome of educational tools have successfully used game environments \nto motivate students. Our approach is based on a novel type of notional \nmachine which can facilitate programming comprehension in the context of \nturn-based games. The first aim of this project is to design a layered notional \nmachine that is reversible. This type of notional machine provides \nbi-directional traceability and supports multiple layers of abstraction. The \nsecond aim of this project is to explore the feasibility and in particular to \nevaluate the performance of using the traceability in a web-based environment. \nTo achieve these aims, we implement this type of notional machine \nthrough instrumentation and investigate the capture of the entire execution \nstate of a program. However, capturing the entire execution state produces \na large amount of tracing data that raises scalability issues. Therefore, several \nencoding and compression methods are proposed to minimise the server \nwork-load. A proof-of-concept implementation which based on the SoGaCo \neducational web IDE is presented. The evaluation of the educational benefits \nand end user studies are outside the scope of this thesis.",openalex,llm,0.930,unreviewed,
kept,Diagrammatic Question Framework,Lauren Himbeault,2022,,10.1145/3545947.3573278,https://openalex.org/W4323526598,supports-claim,"Programming courses and instructors provide a wide variety of materials to help students learn how a computer will execute code. However, students may not engage with these resources effectively, or at all. This paper presents an initial framework for designing formative assessments, coined Code Diagram Queries (CDQs). The goal of CDQs is to act as a forcing function to engage students with formative diagrammatic material that will challenge and correct their current mental models for the notional machine of the language they are learning. Optional resources are often disregarded unless there are formative activities that drive students to interact with the materials. CDQs are questions that include or reference diagrams and are designed to drive student interaction with diagrammatic notional machine representations in a low-risk formative environment. This developmental environment allows students to explore new computer science concepts and expand on their understanding of them. I hypothesize that CDQs will help increase student engagement by leveraging diagrammatic materials and through this, help students accurately visualize and comprehend code execution. I will measure engagement with class materials and student confidence levels following their interactions with CDQs. This framework is meant to aid in the effective design of CDQs so that a student's comprehension of code execution may be understood more deeply and then corrected as needed. The focus of this research is to provide new insights into the importance of guiding students through the construction of their mental models.",openalex,llm,0.900,unreviewed,
kept,Learning to program in a constructionist way,Mattia Monga; Michael Lodi; Dario Malchiodi; Anna Morpurgo; Bernadette Spieler,2018,HAL (Le Centre pour la Communication Scientifique Directe),,https://openalex.org/W4289676463,supports-claim,"Although programming is often seen as a key element of constructionist approaches, the research on learning to program through a constructionist strategy is somewhat limited, mostly focusing on how to bring the abstract and formal nature of programming languages into “concrete” or even tangible objects, graspable even by children with limited abstraction power. However, in order to enable constructionism in programming several challenges must be addressed. One of the crucial difficulties for novice programmers is to understand the complex relationship between the program itself (the text of the code) and the actions that take place when the program is run by the interpreter. A good command of the notional machine is a necessary condition to build programming skills, as is recognizing how a relatively low number of abstract patterns can be applied to a potentially infinite spectrum of specific conditions. Programming languages and environments can either help or distract novices, thus the choice is not neutral and their characteristics should be analyzed carefully to foster a good learning context. The mastery of the notional machine, however, is just the beginning of the game: to develop a real competence one must be able to think about problems in a way suitable to automatic elaboration; to devise, analyse, and compare solutions, being able to adapt them to unexpected hurdles and needs. Moreover, it is important to learn to work productively in a team, in an “organized” way: agile methods seem based on common philosophical grounds with constructionism.",openalex,llm,0.870,unreviewed,
discarded,The Robots Are Here: Navigating the Generative AI Revolution in Computing Education,James Prather; Paul Denny; Juho Leinonen; Brett A. Becker; Ibrahim Albluwi; Michelle Craig; Hieke Keuning; Natalie Kiesler; Tobias Kohn; Andrew Luxton-Reilly; Stephen MacNeil; Andrew Petersen; Raymond Pettit; Brent N. Reeves; Jaromír Šavelka,2023,,10.1145/3623762.3633499,https://openalex.org/W4390315357,adjacent-subtopic,"Recent advancements in artificial intelligence (AI) and specifically generative AI (GenAI) are threatening to fundamentally reshape computing and society. Largely driven by large language models (LLMs), many tools are now able to interpret and generate both natural language instructions and source code. These capabilities have sparked urgent questions in the computing education community around how educators should adapt their pedagogy to address the challenges and to leverage the opportunities presented by this new technology. In this working group report, we undertake a comprehensive exploration of generative AI in the context of computing education and make five significant contributions. First, we provide a detailed review of the literature on LLMs in computing education and synthesise findings from 71 primary articles, nearly 80% of which have been published in the first 8 months of 2023. Second, we report the findings of a survey of computing students and instructors from across 20 countries, capturing prevailing attitudes towards GenAI/LLMs and their use in computing education contexts. Third, to understand how pedagogy is already changing, we offer insights collected from in-depth interviews with 22 computing educators from five continents. Fourth, we use the ACM Code of Ethics to frame a discussion of ethical issues raised by the use of large language models in computing education, and we provide concrete advice for policy makers, educators, and students. Finally, we benchmark the performance of several current GenAI models/tools on various computing education datasets, and highlight the extent to which the capabilities of current models are rapidly improving.",openalex,llm,0.940,unreviewed,
kept,Improving Comprehension: Intelligent Tutoring System Explaining the Domain Rules When Students Break Them,Oleg Sychev; Nikita Penskoy; Anton Anikin; Mikhail Denisov; Artem Prokudin,2021,Education Sciences,10.3390/educsci11110719,https://openalex.org/W3211926692,supports-claim,"Intelligent tutoring systems have become increasingly common in assisting students but are often aimed at isolated subject-domain tasks without creating a scaffolding system from lower- to higher-level cognitive skills, with low-level skills often neglected. We designed and developed an intelligent tutoring system, CompPrehension, which aims to improve the comprehension level of Bloom’s taxonomy. The system features plug-in-based architecture, easily adding new subject domains and learning strategies. It uses formal models and software reasoners to solve the problems and judge the answers, and generates explanatory feedback about the broken domain rules and follow-up questions to stimulate the students’ thinking. We developed two subject domain models: an Expressions domain for teaching the expression order of evaluation, and a Control Flow Statements domain for code-tracing tasks. The chief novelty of our research is that the developed models are capable of automatic problem classification, determining the knowledge required to solve them and so the pedagogical conditions to use the problem without human participation. More than 100 undergraduate first-year Computer Science students took part in evaluating the system. The results in both subject domains show medium but statistically significant learning gains after using the system for a few days; students with worse previous knowledge gained more. In the Control Flow Statements domain, the number of completed questions correlates positively with the post-test grades and learning gains. The students’ survey showed a slightly positive perception of the system.",openalex,llm,0.860,unreviewed,
discarded,Developing pre-service teachers’ computational thinking: a systematic literature review,Wei Dong; Yongjie Li; Lihui Sun; Yiran Liu,2023,International Journal of Technology and Design Education,10.1007/s10798-023-09811-3,https://openalex.org/W4320497708,adjacent-subtopic,,openalex,llm,0.940,unreviewed,
kept,Developing Assessments to Determine Mastery of Programming Fundamentals,Andrew Luxton-Reilly; Brett A. Becker; Yingjun Cao; Roger McDermott; Claudio Mirolo; Andreas Mühling; Andrew Petersen; Kate Sanders; Simon; Jacqueline Whalley,2018,,10.1145/3174781.3174784,https://openalex.org/W2786754195,supports-claim,"Current learning outcomes for introductory programming courses are relatively general, specifying tasks such as designing, implementing, testing and debugging programs that use some fundamental programming constructs. These outcomes impact what we teach, our expectations, and our assessments. Although prior work has demonstrated the utility of single concept assessments, most assessments used in formal examinations combine numerous heterogeneous concepts, resulting in complex and difficult tasks.",openalex,llm,0.810,unreviewed,
kept,Extend Formalism of the Memory Transfer Language (E-Mtl) to Visualize Data Structures,Leonard J. Mselle,2023,SSRN Electronic Journal,10.2139/ssrn.4479275,https://openalex.org/W4381785701,adjacent-subtopic,,openalex,llm,0.760,unreviewed,
discarded,"Macroprogramming: Concepts, State of the Art, and Opportunities of Macroscopic Behaviour Modelling",Roberto Casadei,2023,ACM Computing Surveys,10.1145/3579353,https://openalex.org/W4315647014,off-topic-false-hit,"Macroprogramming refers to the theory and practice of expressing the macro(scopic) behaviour of a collective system using a single program. Macroprogramming approaches are motivated by the need of effectively capturing global/system-level aspects and the collective behaviour of multiple computational components, while abstracting over low-level details. Previously, this programming style had been primarily adopted to describe the data-processing logic in sensor networks; recently, research forums on spatial computing, collective systems, and the Internet of Things have provided renewed interest in macro approaches. However, related contributions are still fragmented and lack conceptual consistency. Therefore, to foster principled research, an integrated view of the field is provided, together with opportunities and challenges.",openalex,llm,0.980,unreviewed,
kept,Constructionist Attempts at Supporting the Learning of Computer Programming: A Survey,Michael Lodi; Dario Malchiodi; Mattia Monga; Anna Morpurgo; Bernadette Spieler,2019,OLYMPIADS IN INFORMATICS,10.15388/ioi.2019.07,https://openalex.org/W2959571585,systematic-review; adjacent-subtopic,"Although programming is often seen as a key element of constructionist approaches, the research on learning to program through a constructionist strategy is somewhat limited, mostly focusing on how to bring the abstract and formal nature of programming languages into “concrete”, possibly tangible objects, graspable even by children with limited abstraction power. We survey the literature in programming education and analyse some programming languages designed to help novices from a constructionist perspective.",openalex,llm,0.900,unreviewed,
kept,Visualizing miniKanren Search with a Fine-Grained Small-Step Semantics,Brysen Pfingsten; Jason Hemann,2025,arXiv (Cornell University),10.48550/arxiv.2510.15178,https://openalex.org/W4415873420,adjacent-subtopic,"We present a deterministic small-step operational semantics for miniKanren that explicitly represents the evolving search tree during execution. This semantics models interleaving and goal scheduling at fine granularity, allowing each evaluation step-goal activation, suspension, resumption, and success -- to be visualized precisely. Building on this model, we implement an interactive visualizer that renders the search tree as it develops and lets users step through execution. The tool acts as a pedagogical notional machine for reasoning about miniKanren's fair search behavior, helping users understand surprising answer orders and operational effects. Our semantics and tool are validated through property-based testing and illustrated with several examples.",openalex,llm,0.840,unreviewed,
kept,Introducing a Dataflow visual programming language for understanding program execution,Marin Aglić Čuvić,2018,Hrčak Portal of scientific journals of Croatia (University Computing Centre),,https://openalex.org/W2907152418,supports-claim,"Regardless of the programming experience, the understanding of the program execution is mandatory if a programmer is to write a code.Therefore, it is vitally important for novice programmers to construct correct mental models of the execution of the notional machine.To this end, many program visualizations have been developed over the last years.However, novice programmers often focus on learning the syntax of a programming language rather than getting to grips with the programming itself.Dataflow visual programming languages (DFVPL) allow us to build programs by connecting blocks with arcs.In this paper we present our own DFVPL that exhibits a high level of responsiveness to user inputs and enables the user to control the execution of the program.",openalex,llm,0.900,unreviewed,
