status,title,authors,year,venue,doi,url,tags,abstract,provider,decision_source,llm_confidence,llm_review_outcome,llm_change_direction
discarded,"""Planting the seeds"": A Transformative Qualitative Study on the Impact of the ""Principles of Belonging in Public Health"" Pilot Workshop for Graduate Students in the Health Sciences","Gonzalez-Dominguez, Nadia P.; Fazio, Marissa; Shephard, Rosemarie; Shiraz, Mehrunnisa; Semelhago, Claire; Qiang, Vivian; Goulart, Celine; Sneg, Adi; Lewis-Sutherland, Charlene; Panagiotoglou, Dimitra; Banerjee, Ananya",2026,CANADIAN JOURNAL FOR THE SCHOLARSHIP OF TEACHING AND LEARNING,10.5206/cjsotlrcacea.2026.1.18989,https://www.webofscience.com/wos/woscc/full-record/WOS:001818918400013,off-topic-false-hit,"Anti-oppression refers to principles and practices that challenge existing oppressive structures. Training in anti-oppression is not universally offered in population health graduate programs in Canada, and there are few formal qualitative evaluations on students' perceptions of existing trainings in the literature. Therefore, the objectives of this study were to evaluate the impact as well as students' perceptions of a training on concepts related to identity, power, and privilege within the McGill School of Population and Global Health (SPGH) context. A team of students, faculty, and staff designed and implemented a voluntary workshop on anti-oppressive practices for graduate students enrolled in SPGH programs in 2023. We used a qualitative, participatory action design within a transformative paradigm to evaluate the workshop. Attendees were invited to participate in the study's focus groups or one-on-one interviews. Qualitative data was analyzed through thematic analysis using NVivo 12. Of the 37 workshop attendees, 10 students participated in the study. We conducted four focus groups and one one-on-one interview. Participant perspectives were divided into the themes of relevance, safety and social change, collectivity, impact, and participant-driven development of equity training under the pillars of belonging, care, growth, and sustainability. Students found the training effective at improving interpersonal skills. However, they expected more content about addressing systemic forms of oppression within the population health field. The workshop was implemented effectively and successfully established a safe environment for learning. Additionally, this study provides a framework to design, develop, and evaluate anti-oppression workshops in population health education settings using a garden metaphor and demonstrates how the framework can be implemented. Further research and trainings should consider having anti-oppressive content more relevant to the population health field.",wos,llm,0.990,unreviewed,
discarded,"Between Word, Experience, and Knowledge: Narrating the Cell through an Interdisciplinary Pedagogical Experience","Londono, Julieta Garzon; Guerrero, Astrid Natalia Vaquiro",2026,LITERATURA-TEORIA HISTORIA CRITICA,10.15446/lthc.v28n2.126530,https://www.webofscience.com/wos/woscc/full-record/WOS:001818174900008,off-topic-false-hit,"This article presents the results of a pedagogical intervention carried out with fifth-grade students at the Instituto Pedagogico Arturo Ramirez Mont & uacute;far (IPARM), within the course Practicas en Educacion of the Master's program in Education at the Universidad Nacional de Colombia, Bogot & aacute; campus. From a qualitative phenomenological-interpretative approach, grounded in Husserl's phenomenology of the lifeworld and Paul Ricoeur's theory of triple mimesis, the study reflects on the role of literary reading in the teaching of natural sciences, particularly the concept of the cell. The proposal integrates reading, creative writing, and aesthetic experience to transform students' relationship with school scientific knowledge, articulating prior experiences, symbolic configuration, and narrative refiguration. Workshops involving poetic, narrative, and visual texts are described, shifting away from instrumentalist approaches and promoting an interpretative horizon where language inhabits the lived world. The findings show that this integration activates images, metaphors, and sensory experiences, fostering a meaningful understanding of abstract concepts and strengthening active reader participation. Thus, the study contributes to discussions on literature and education from an interdisciplinary perspective, framing science teaching as a space of encounter between the world of the text and that of the reader.",wos,llm,0.990,unreviewed,
discarded,"Crystallizing the Professional Self: A Psycholinguistic Longitudinal Study of Lexicon, Metaphor, and Modality in Civil Aviation Pilots","Ivanova, K. A.",2025,HERALD OF THE RUSSIAN ACADEMY OF SCIENCES,10.1134/S1019331626600745,https://www.webofscience.com/wos/woscc/full-record/WOS:001805725200031,off-topic-false-hit,"Professional enculturation in high-stakes environments like aviation entails mastering not only technical skills but also a specialized language that encodes community values, cognitive schemas, and identity. Despite the recognized importance of language in mediating thought and action under risk, longitudinal studies that systematically track objective linguistic markers of personal potential across professional development stages remain scarce. Aims: This study investigates the psycholinguistic code of a pilot's professional identity by identifying specific lexical, metaphorical, and modal patterns in their self-descriptions and tracing their evolution from novices to experts. Methodology: A five-year longitudinal study (N = 247 male pilots/cadets) employed modified repertory grids to elicit spontaneous verbal constructs (e.g., calculated-impulsive""). The resulting corpus (>6000 constructs) was analyzed using (1) lexical and statistical analysis (frequency lists, semantic field clustering via the program AntConc; (2) metaphor analysis (MIPVU protocol: Metaphor Identification Protocol VU University Amsterdam); (3) modality analysis (epistemic, deontic, dynamic); (4) multivariate statistics (factor, cluster, and regression analyses integrating linguistic indices with psychometric data). Results: Three dominant psycholinguistic patterns robustly distinguished professional stages: (1) lexicon: a shift from affective/existential lexis (freedom, dream, drive) among cadets to procedural/technological (algorithm, reliability, parameter) among line pilots. Experts (test pilots/instructors) displayed an integrated profile, adding systemic analysis terms (prediction, edge mode, compensation); (2) metaphor: a progression from ""Flight as adventure/challenge"", through ""Flight as precise work/service"", to a complex expert model of ""Flight as dialogue/working at the edge of possibility""; (3) modality: a significant decrease in dynamic modality (want, dream) and an increase in deontic (must, obliged) and epistemic (know, predict) modalities. Cluster analysis based on linguistic indices differentiated groups with varying professional effectiveness. Regression modeling showed linguistic variables were significant predictors of expert-rated success. Conclusions: Professionalization in civil aviation involves a measurable ""linguistic crystallization"" of identity, reflecting and potentially constituting cognitive and attitudinal development. Monitoring these psycholinguistic markers offers a novel, objective tool for assessing developmental stages and predicting professional adaptation.",wos,llm,0.990,unreviewed,
discarded,Sticky Analogies,"Porquet-Lupine, Joel; Ebling, Maria R.; Garcia, Dan; Lewis, Colleen M.; Guerzhoy, Michael; Siever, Bill; Ben Stephenson; Williams, James Stephen",2026,"PROCEEDINGS OF THE 57TH ACM TECHNICAL SYMPOSIUM ON COMPUTER SCIENCE EDUCATION V.2, SIGCSE TS 2026",10.1145/3770761.3777083,https://www.webofscience.com/wos/woscc/full-record/WOS:001780599900267,adjacent-subtopic,"Analogies and metaphors are ubiquitous in computing education, helping instructors break down complex or abstract ideas by connecting them to familiar experiences. This Birds of a Feather session invites educators from across the CS curriculum-from introductory through advanced courses-to share ""sticky"" analogies: explanations that clarify challenging concepts and remain memorable for students.

Facilitators will begin with a small set of example analogies that illustrate how to articulate a learning goal, map each component of the analogy to the target concept, and identify any needed cultural or background knowledge. The floor will then open for attendees to contribute analogies that have either worked well for them or fallen flat, enabling collective reflection on what makes an analogy effective or ineffective.

A shared document will be collaboratively built during the session so attendees can take away new analogies, refine existing ones, and continue contributing after the symposium.",wos,llm,0.720,unreviewed,
kept,"Creating Notional Machines to Support Learners: Principles, Design Challenges, and Staged Guidance","Sarwar, Saquib; Wilson, David",2026,"PROCEEDINGS OF THE 57TH ACM TECHNICAL SYMPOSIUM ON COMPUTER SCIENCE EDUCATION V.2, SIGCSE TS 2026",10.1145/3770761.3777279,https://www.webofscience.com/wos/woscc/full-record/WOS:001780599900144,supports-claim,"Students in introductory computing courses often struggle with fundamental computing topics and related concepts. Researchers have linked this with the challenge of conceptualizing the underlying mechanisms of basic computing processes and the multilayered interaction between the source code and the machine. To address this, educators frequently use notional machines (NMs) - simplified models of program execution that support students with diverse analogies, metaphors, diagrams, and representations. However, there is comparatively little guidance for CS educators on considerations and best practices in creating NMs for learning. In this poster, we present key considerations and design guidance for NM creation to support future CS educators.",wos,llm,0.890,unreviewed,
kept,"""Born Accessible"" Visualizers for Scheme Program State","Bell, Jacob; Deschamps, Anna; Kapoor, Eva; Karki, Salyan; Kim, Julian; Gonzalez, Nicole Moreno; Pitchford, William; Sturua, Elene; Wade, Charles",2026,"PROCEEDINGS OF THE 57TH ACM TECHNICAL SYMPOSIUM ON COMPUTER SCIENCE EDUCATION V.2, SIGCSE TS 2026",10.1145/3770761.3777157,https://www.webofscience.com/wos/woscc/full-record/WOS:001780599900217,supports-claim,"Students in introductory classes often struggle to understand why the programs they write behave as they do. Increasingly, faculty find that by helping students develop mental models of the program state, they build an infrastructure that aids students in developing, interpreting, and debugging their own code and grounds explanations of new aspects of the language. Tools such as Python Tutor have demonstrations the value of providing students with a visual model of program state, showing a simplified version of the contents of the stack and the heap.

Unfortunately, many of these visualizations are inaccessible or have limited utility to blind and low-vision learners. This lack provides the opportunity to create new descriptive tools as we build visual models for Scheme.

In this paper, we describe our design and implementation of an accessible visualizer for the state of Scheme programs, particularly representing Scheme structures such as lists, pairs, vectors, and structs. We consider how to provide appropriate navigation for substructures and the approaches we use to narrate/describe each component.",wos,llm,0.940,unreviewed,
discarded,Can Computer Science Instructors See Inside the Cognitive Black Box of Student AI Use?,"Kurtzhals, Ronni; Denton, Anne; Traylor, Terry",2026,"PROCEEDINGS OF THE 57TH ACM TECHNICAL SYMPOSIUM ON COMPUTER SCIENCE EDUCATION V.2, SIGCSE TS 2026",10.1145/3770761.3777037,https://www.webofscience.com/wos/woscc/full-record/WOS:001780599900298,adjacent-subtopic,"Generative AI tools such as ChatGPT and Copilot are rapidly reshaping how students approach computing tasks, but far less is known about how instructors interpret these changes in students' reasoning and problem-solving. Building on prior work examining faculty concerns and adaptation to AI tools (Lau & Guo, 2023; Sheard et al., 2024), this study presents early findings from a qualitative, multi-institutional interview study exploring how computer science instructors perceive the cognitive and pedagogical impact of generative AI in their classrooms. Through semi-structured interviews with six experienced instructors from four different institutional contexts, we examine how educators interpret students' evolving mental models, cognitive engagement, and tendencies toward both overreliance and underreflection when using AI. Participants described strategies such as requiring students to document prompts, explain outputs, and credit AI contributions - efforts to increase transparency and make thinking more visible. At the same time, instructors noted students' growing emotional distance from their work, uncritical trust in AIgenerated answers, and uncertainty about evaluating ""authentic"" problem solving when AI blurs intention and automation. Designed for computing educators at all levels, this lightning talk seeks discussion and community insight on how to support reflective, equitable, and pedagogically sound student use of generative AI. By surfacing instructors' perspectives, our goal is to move the conversation beyond fear or blind adoption toward curiosity, collaboration, and constructive approaches to navigating the ""cognitive black box"" of student AI use.",wos,llm,0.700,unreviewed,
discarded,Disentangling the Octopus: Strategies to Diagnose and Reduce Assessment Overload,"Vellurattil, Rosalyn Padiyara; Janke, Kristin K.; Kelley, Katherine; Martin, Beth A.; Sweet, Burgunda, V",2026,AMERICAN JOURNAL OF PHARMACEUTICAL EDUCATION,10.1016/j.ajpe.2026.102002,https://www.webofscience.com/wos/woscc/full-record/WOS:001790785700001,off-topic-false-hit,"Objectives: This narrative review presents an Assessment Overload Framework for defining and understanding forms of assessment excess and their impact on students, faculty, administrators, and staff. Findings: Assessment overload is a complex, multilayered challenge that contributes to curricular overload. A metaphor is used to enhance understanding of this complexity. Four dimensions of assessment overload are introduced, including perceived overload, planned overload, imbalance, and expansion. To aid in identifying the type of overload and possible actions, each dimension's driving forces and management strategies are provided, along with examples for each dimension. Assessment of, for, and as learning are discussed as contributing to assessment overload. To help with diagnosing and reducing overload, the people-process-product framework is examined, and strategies for rebalancing assessment are aligned with it. Summary: Systematic review of assessment practices at the course, program, and institutional levels can help identify redundancies, enhance efficiency, and prioritize high-impact assessment practices. Although there is no one-size-fits-all solution to assessment overload, intentional approaches can help reduce burden and foster sustainable assessment practices.",wos,llm,0.990,unreviewed,
discarded,Children's visual representations of artificial intelligence (AI): A drawing-based study of Greek upper-primary students,"Chionas, Georgios; Kotsidis, Konstantinos",2026,JOURNAL OF RESEARCH ON TECHNOLOGY IN EDUCATION,10.1080/15391523.2026.2683788,https://www.webofscience.com/wos/woscc/full-record/WOS:001790485100001,off-topic-false-hit,"This study investigates how 299 Greek sixth graders (ages 11-12 years) visually represent artificial intelligence (AI) through draw-and-write methodology. Qualitative content analysis across five dimensions suggests students primarily depict AI as anthropomorphic robots (64%) or technological tools (28%). Attitudes ranged from positive (42%) to negative (16%), with ethical concerns. Most drawings (68%) lacked environmental context, and 81% showed no human interaction, indicating decontextualized conceptualization. Students attributed both superhuman capabilities and mundane tasks to AI. Findings suggest concrete yet multifaceted mental models merging functional, imaginative, and affective elements, providing insights for developing primary AI literacy programs addressing anthropomorphism, clarifying capabilities, incorporating ethics, and emphasizing real-world contexts.",wos,llm,0.990,unreviewed,
kept,Polysemicolon; Novice Programmers and Java Keywords,"Bettin, Briana",2026,DIGITAL HUMANITIES QUARTERLY,10.63744/vkjvg9qd6rh3,https://www.webofscience.com/wos/woscc/full-record/WOS:001783096700017,supports-claim,"Most industrial programming languages leverage the English language for reserved keywords-words which a program compiler recognizes as specific execution commands. The divide between expert and novice programmers showcases an intriguing middle-ground by which the polysemy of many keywords becomes revealed. This essay explores a sampling of the multitude of keyword interpretations that a novice programmer may derive from the Java language's syntactic style and keywords specifically, and how the polysemy of both ""English"" and ""code"" meanings to these terms affects the novice-expert programmer transition.The transition from novice to expert, and the mapping of the career of metaphor to these keywords as a part of that process, can have implications for both teaching and learning programming.",wos,llm,0.860,unreviewed,
discarded,"""The Grass is Greener Further Away, Right?"" Socio-Geographic Imaginaries and Psycho-Social Motivations of Short-Term Student Mobilities","Ang, Ming Wei; Yang, Peidong; Toh, Yan Yun",2026,JOURNAL OF INTERNATIONAL STUDENTS,10.32674/ck6f2x62,https://www.webofscience.com/wos/woscc/full-record/WOS:001778111900003,off-topic-false-hit,"Singapore undergraduates prefer European destinations to Asian ones for semester-long exchanges, despite sustained efforts to enhance regional mobility within Asia. This research examines how ideological conditions, including socio-geographic imaginaries, sustain these preferences. We conducted semi-structured interviews with 63 local undergraduates from three universities in Singapore and used Causal Layered Analysis (CLA) to analyze emergent themes regarding worldviews, metaphors, and myths. We found that students' preferences are discursively sustained by interlocking perceptions of cosmopolitan normativity, Asian homogeneity, and essentialized Asianness of Singapore's identity. These worldviews are in turn stabilized by metaphors of distance (like ""broadening horizons"") and the bildungsroman mythical journey of a fledgling leaving the nest, contextually salient to life stage experiences of Singaporean young adults. Our findings illustrate the importance of considering the interplay between socio-geographic imaginaries and the social meanings of specific mobility programs, extending limited research on the ideological factors shaping short-term student mobilities.",wos,llm,0.990,unreviewed,
