status,title,authors,year,venue,doi,url,tags,abstract,provider,decision_source,llm_confidence,llm_review_outcome,llm_change_direction
discarded,Physics computational literacy: An exploratory case study using computational essays,Tor Ole B. Odden; Elise Lockwood; Marcos D. Caballero,2019,Physical Review Physics Education Research,10.1103/physrevphyseducres.15.020152,https://openalex.org/W2979608033,off-topic-false-hit,"Computation is becoming an increasingly important part of physics education. However, there are currently few theories of learning that can be used to help explain and predict the unique challenges and affordances associated with computation in physics. In this study, we adapt the existing theory of computational literacy, which posits that computational learning can be divided into material, cognitive, and social aspects, to the context of undergraduate physics. Based on an exploratory study of undergraduate physics computational literacy, using a newly developed teaching tool known as a computational essay, we have identified a variety of student practices, knowledge, and beliefs across these three aspects of computational literacy. We illustrate these categories with data collected from students who engaged in an initial implementation of computational essays in a 3rd-semester electricity and magnetism class. We conclude by arguing that this framework can be used to theoretically diagnose student difficulties with computation, distinguish educational approaches that focus on material vs cognitive aspects of computational literacy, and highlight the benefits and limitations of open-ended projects like computational essays to student learning.",openalex,llm,0.960,unreviewed,
kept,Ten Million Users and Ten Years Later: Python Tutor’s Design Guidelines for Building Scalable and Sustainable Research Software in Academia,Philip J. Guo,2021,,10.1145/3472749.3474819,https://openalex.org/W3205344510,adjacent-subtopic,"Research software is often built as prototypes that never get widespread usage and are left unmaintained after a few papers get published. To counteract this trend, we propose a method for building research software with scale and sustainability in mind so that it can organically grow a large userbase and enable longer-term research. To illustrate this method, we present the design and implementation of Python Tutor (pythontutor.com), a code visualization tool that is, to our knowledge, one of the most widely-used pieces of research software developed within a university lab. Over the past decade, it has been used by over ten million people in over 180 countries. It has also contributed to 55 publications from 35 research groups in 13 countries. We distilled lessons from working on Python Tutor into three sets of design guidelines: 1) user experience design for scale and sustainability, 2) software architecture design for long-term sustainability, and 3) designing a sustainable software development workflow within academia. These guidelines can enable a student to create long-lasting software that reaches many users and facilitates research from many independent groups.",openalex,llm,0.830,unreviewed,
kept,Thinking out of the box,Felienne Hermans; Alaaeddin Swidan; Efthimia Aivaloglou; Marileen Smit,2018,,10.1145/3265757.3265765,https://openalex.org/W2895634692,supports-claim,"When teaching novices programming, misconceptions can occur. Misconception are incorrect beliefs about certain programming concept. For example, some novices think that a variable can hold multiple values, in the case of two consecutive assignment statements, such as x = 5; x = 7. While explaining variables introductory materials often use the metaphor of a box for a variable, which might contribute to the 'multiple values' hypothesis. To investigate this, we design and run a controlled experiment with 496 novice programmers, both children and adults. Half of our participants receive an introductory programming lesson in which we explain a variable as a box, while the other half of participants receive the explanation of a variable as being a label. They are subsequently questioned about their understanding of variables. Our results show that, for the simple questions involving one assignment, the box group performs better. However, for questions involving the misconception - with two consecutive assignment statements - the label group outperforms the box group. This however primarily occurs when considering variables of type string, for integers subjects interpret the statements as numeric values to be added.",openalex,llm,0.970,unreviewed,
discarded,ScratchThAI: A conversation-based learning support framework for computational thinking development,Kantinee Katchapakirin; Chutiporn Anutariya; Thepchai Supnithi,2022,Education and Information Technologies,10.1007/s10639-021-10870-z,https://openalex.org/W4220806658,adjacent-subtopic,"Abstract Computational Thinking (CT) has been formally incorporated into the National Curriculum of Thailand since 2017, where Scratch, a block-based visual programming language, has been widely adopted as CT learning environment for primary-level students. However, conducting hands-on coding activities in a classroom has caused substantial challenges including mixed-ability students in the same class, high student-teacher ratio and learning-hour limitation. This research proposes and develops ScratchThAI as a conversation-based learning support framework for computational thinking development to support both students and teachers. More specifically, it provides learning experiences tailored to individual needs. Students can learn CT concepts and practice online coding anywhere, anytime. Moreover, through its ScratChatbot, students can ask for CT concept explanations, coding syntax or practice exercises. Additional exercises may be assigned to students based on the diagnosed individual learning difficulties in a particular topic to provide possible and timely intervention. Teachers can track learning progress and performance of the whole class as well as of individuals through the dashboard and can take suitable intervention within limited school hours. Deploying ScratchThAI to several Thai schools has enabled this research to investigate its effectiveness in a school setting. The obtained results indicated positive teacher satisfaction, better learning performance and higher student engagement. Thus, ScratchThAI contributes as a possible and practical solution to CT skill development and CT education improvement under the aforementioned challenges in Thailand.",openalex,llm,0.920,unreviewed,
discarded,La gamificación como estrategia didáctica para la enseñanza/aprendizaje de la programación: un mapeo sistemático de literatura,Óscar Revelo Sánchez; César A. Collazos; Javier Alejandro Jiménez Toledo,2018,Lámpsakos,10.21501/21454086.2347,https://openalex.org/W2934671286,adjacent-subtopic,"La incorporación de la gamificación en cursos de Programación ha sido identificada como una estrategia potencial que podría maximizar la participación de los estudiantes y tener un impacto positivo en el aprendizaje. Hasta donde sabemos, no existe un estudio dirigido a recopilar y analizar los resultados de investigación sobre este tema utilizando un método sistemático. Para llenar este vacío, se realizó un mapeo sistemático de literatura con el objetivo de resumir los estudios sobre el uso de la gamificación como estrategia didáctica para la enseñanza/aprendizaje de la Programación. Inicialmente, mediante la búsqueda en cuatro (4) bibliotecas digitales, se obtuvieron 186 estudios. Luego, después de un cuidadoso análisis de cada uno de ellos, verificamos que sólo 78 coinciden con nuestras necesidades. Por último, hemos categorizdo las contribuciones de estos estudios para presentar una visión general de los resultados producidos por la comunidad investigadora.",openalex,llm,0.900,unreviewed,
kept,Novice Programming Misconceptions in the Vietnamese Cohort: An International Taxonomy and a Hypothesis Set for Linguistic-Curricular Distinctiveness,That Le,2026,Zenodo (CERN European Organization for Nuclear Research),10.5281/zenodo.20131436,https://openalex.org/W7160945517,supports-claim,"Novice programming misconceptions are well documented in the international K-12 / CS1 literature: a stable canonical taxonomy spans variables and assignment, control flow, functions, data structures, semantics of expression evaluation, and the underlying notional machine. The Vietnamese cohort — primary informatics from Grade 3 under the 2018 General Education Curriculum, Scratch operationally introduced at Grade 5, Python mandated from Grade 10 (chuyên gifted track from Grade 6–7 in practice through supplementary tracks) — has not been characterised against this taxonomy in the published literature, and the elix-researches programme operates under a strict no-cohort, no-minors empirical scope (founder directive 202604-15). This paper synthesises the international taxonomy from Pea 1986, Soloway and Spohrer 1989, du Boulay 1986, Sorva 2013, Caceffo et al. 2016, Qian and Lehman 2017, and Pane and Myers 1996, organises approximately 28 misconceptions into six axes, and produces a hypothesis set of misconceptions theoretically expected to manifest distinctively in the Vietnamese cohort. Distinctiveness is derived from two structural sources: (a) Vietnamese-language features (zero inflection, no plural marker, SVO with topic-prominence, post-modifying clause structure, classifier system, lexical-tone phonology) and (b) curricular features (Scratch-only operational exposure at Grade 5; Pythonkeyword-as-English-loanword first encounter at Grade 10 in mainstream track or Grade 6–7 in chuyên-supplementary track; minimal pre-programming notional-machine instruction). Each hypothesised distinctive misconception is paired with a falsification test and a downstream programme node where the test would be executed. The contribution is the hypothesis set itself: a literature-anchored, structurally derived, falsifiable inventory that gives downstream Vietnamese empirical work — when and if conducted under cohort-permitting conditions outside the present programme — a pre-registered prediction surface rather than an open exploratory question. The paper is honest about the empirical gap: nothing here is measured against a Vietnamese cohort. The hypothesis set is a research-prerequisite artefact, not a finding.",openalex,llm,0.850,unreviewed,
kept,Novice Programming Misconceptions in the Vietnamese Cohort: An International Taxonomy and a Hypothesis Set for Linguistic-Curricular Distinctiveness,That Le,2026,Zenodo (CERN European Organization for Nuclear Research),10.5281/zenodo.20131435,https://openalex.org/W7160914418,supports-claim,"Novice programming misconceptions are well documented in the international K-12 / CS1 literature: a stable canonical taxonomy spans variables and assignment, control flow, functions, data structures, semantics of expression evaluation, and the underlying notional machine. The Vietnamese cohort — primary informatics from Grade 3 under the 2018 General Education Curriculum, Scratch operationally introduced at Grade 5, Python mandated from Grade 10 (chuyên gifted track from Grade 6–7 in practice through supplementary tracks) — has not been characterised against this taxonomy in the published literature, and the elix-researches programme operates under a strict no-cohort, no-minors empirical scope (founder directive 202604-15). This paper synthesises the international taxonomy from Pea 1986, Soloway and Spohrer 1989, du Boulay 1986, Sorva 2013, Caceffo et al. 2016, Qian and Lehman 2017, and Pane and Myers 1996, organises approximately 28 misconceptions into six axes, and produces a hypothesis set of misconceptions theoretically expected to manifest distinctively in the Vietnamese cohort. Distinctiveness is derived from two structural sources: (a) Vietnamese-language features (zero inflection, no plural marker, SVO with topic-prominence, post-modifying clause structure, classifier system, lexical-tone phonology) and (b) curricular features (Scratch-only operational exposure at Grade 5; Pythonkeyword-as-English-loanword first encounter at Grade 10 in mainstream track or Grade 6–7 in chuyên-supplementary track; minimal pre-programming notional-machine instruction). Each hypothesised distinctive misconception is paired with a falsification test and a downstream programme node where the test would be executed. The contribution is the hypothesis set itself: a literature-anchored, structurally derived, falsifiable inventory that gives downstream Vietnamese empirical work — when and if conducted under cohort-permitting conditions outside the present programme — a pre-registered prediction surface rather than an open exploratory question. The paper is honest about the empirical gap: nothing here is measured against a Vietnamese cohort. The hypothesis set is a research-prerequisite artefact, not a finding.",openalex,llm,0.850,unreviewed,
discarded,Cluster-Based Analysis of Novice Coding Misconceptions in Block-Based Programming,Andrew Emerson; Andy Smith; Fernando J. Rodríguez; Eric Wiebe; Bradford Mott; Kristy Elizabeth Boyer; James C. Lester,2020,,10.1145/3328778.3366924,https://openalex.org/W3009520854,adjacent-subtopic,"Recent years have seen an increasing interest in identifying common student misconceptions during introductory programming. In a parallel development, block-based programming environments for novice programmers have grown in popularity, especially in introductory courses. While these environments eliminate many syntax-related errors faced by novice programmers, there has been limited work that investigates the types of misconceptions students might exhibit in these environments. Developing a better understanding of these misconceptions will enable these programming environments and instructors to more effectively tailor feedback to students, such as prompts and hints, when they face challenges. In this paper, we present results from a cluster analysis of student programs from interactions with programming activities in a block-based programming environment for introductory computer science education. Using the interaction data from students' programming activities, we identify three families of student misconceptions and discuss their implications for refinement of the activities as well as design of future activities. We then examine the value of block counts, block sequence counts, and system interaction counts as programming features for clustering block-based programs. These clusters can help researchers identify which students would benefit from feedback or interventions and what kind of feedback provides the most benefit to that particular student.",openalex,llm,0.910,unreviewed,
kept,Principles for the Design of Dynamic Tracing Environments for Novice Programmers *,Tim Rajan,2018,,10.4324/9781351141284-3,https://openalex.org/W4229742264,supports-claim,"This chapter describes the principled design of a computational environment which depicts an animated story of the execution of programs for novice programmers. It investigates a representation of program execution in an explicit dynamic form, with the intention that the user will be able to assimilate knowledge much more easily than from traditional tracers and single steppers. The design principles are aimed at solving the problems that novice programmers face when learning new programming languages, and are embodied in an Animated Program Tracer (APT) for Prolog. Dynamic programming concepts are normally introduced either as abstract theories or by analogy to non-programming ideas. The traditional notional machine presents the novice with a static view of the programming language because it is based on text books or disparate tracing snapshots. APT is based on design principles extracted both from general, systems-design principles and other tools that have made an attempt to provide a run-time view of program execution.",openalex,llm,0.950,unreviewed,
kept,Instructional strategies and tactics for the design of introductory computer programming courses in high school,Jeroen J. G. van Merriënboer; Hein P. M. Krammer,1987,Instructional Science,10.1007/bf00120253,https://openalex.org/W2103545980,supports-claim,,openalex,llm,0.730,unreviewed,
discarded,Promoting Student Competencies in Informatics Education by Combining Semantic Waves and Algorithmic Thinkingv,Frauke Ritter; Bernhard Standl,2022,Informatics in Education,10.15388/infedu.2023.07,https://openalex.org/W4224311960,adjacent-subtopic,"We live in a digital age, not least accelerated by the COVID-19 pandemic. It is all the more important in our society that students learn and master the key competence of algorithmic thinking to understand the informatics concepts behind every digital phenomena and thus is able to actively shape the future. For this to be successful, concepts must be identified that can convey this key competence to all students in such a way that algorithmic thinking is integrated in the subject of informatics - beyond a pure programming course. Furthermore, based on the Legitimation Code Theory, semantic waves provide a way to develop and review lesson plans. Therefore, we planned a workshop, that follow the phases of a semantic wave addressing algorithmic problems using a blockbased programming language. Considering this, we suggest the so-called SWAT concept (Semantic Wave Algorithmic Thinking concept), which is carried out and analyzed in a workshop with students. The workshop was carried out in online format in an 8th grade of a high school during a coronavirus lockdown. The level of algorithmic thinking was measured using a pretest and posttest both in the treatment group and in a control group and with the help of the approximate adjusted fractional Bayes factors for testing informative hypotheses statistically and through a reductive, qualitative content analysis of the students’ work results (worksheets and created programs) evaluated. The semantic wave concept was measured using several cognitive load ratings of the students during the workshop and also statistically evaluated with the approximate adjusted fractional Bayes factors for testing informative hypotheses, as well as a qualitative content analysis of the worksheets. Results of this pilot study provide first insights, that the SWAT-concept can be used in combination of unplugged and plugged parts.",openalex,llm,0.860,unreviewed,
kept,"Challenges of teaching and studying programming at a university of technology - Viewpoints of students, teachers and the university",Päivi Kinnunen,2009,Aaltodoc (Aalto University),,https://openalex.org/W2601710768,adjacent-subtopic,"This thesis analyses the challenges of the instructional process at a university of technology from the viewpoints of students, teachers and the university administration. The first research question concerns the difficulties students encounter when they study computer programming. Special attention was given to the students' reasons for dropping out of the introductory programming course (CS1). The second research question concerns computer science teachers' conceptions of studying and teaching. The third research question concerns how the instructional process was seen at the teaching organisation level. These three viewpoints represent holistic approach to the challenges of the instructional process. General System Theory (GST) was used as the framework throughout the theoretical and empirical parts of this thesis. Three analysis models were developed: the ""dimension doughnut"", the three-layered didactic triangle and the feedback loop. These tools were used as starting points for developing the categorisation of earlier literature based on its didactic focus, and to analyse systematically the collected empirical data. The empirical data was collected from students in the introductory programming course, computer science teachers, representatives of the administration and formal documents. Both qualitative and quantitative research methods were utilised. The results suggest that the students' reasons for dropping out of the CS1 course were manifold and that they tend to cumulate. On average, dropped out students reported ten reasons that contributed to their decision, of which four affected their decision critically. The reasons included: course arrangements, difficulties to understand course topics, difficulties with time management, no consequences for dropping out, and preference for other courses. Computer science teachers' conceptions of studying were often content oriented. The teachers considered theory and concepts of computer science and the ability to apply knowledge to be the most difficult for the students. The experiences from the previous years courses and customs affected greatly the teaching process. Due to the large-scale courses, it was difficult to make adjustments to the ongoing course. The analysis of the formal documents and interview data of the administrative personnel revealed problematic aspects. For example, goal setting and planning were substance oriented. As a result, soft skills were not systematically discussed or taught during the studies. Moreover, the collection of feedback was not systematic and collected feedback was not always utilised. The results highlighted how students', teachers' and organisation's instructional processes interrelated.",openalex,llm,0.870,unreviewed,
