status,title,authors,year,venue,doi,url,tags,abstract,provider,decision_source,llm_confidence,llm_review_outcome,llm_change_direction
discarded,Exploring the Learnability of Program Synthesizers by Novice Programmers,Dhanya Jayagopal; Justin Lubin; Sarah Chasins,2022,,10.1145/3526113.3545659,https://openalex.org/W4307472488,adjacent-subtopic,"Modern program synthesizers are increasingly delivering on their promise of lightening the burden of programming by automatically generating code, but little research has addressed how we can make such systems learnable to all. In this work, we ask: What aspects of program synthesizers contribute to and detract from their learnability by novice programmers? We conducted a thematic analysis of 22 observations of novice programmers, during which novices worked with existing program synthesizers, then participated in semi-structured interviews. Our findings shed light on how their specific points in the synthesizer design space affect these tools’ learnability by novice programmers, including the type of specification the synthesizer requires, the method of invoking synthesis and receiving feedback, and the size of the specification. We also describe common misconceptions about what constitutes meaningful progress and useful specifications for the synthesizers, as well as participants’ common behaviors and strategies for using these tools. From this analysis, we offer a set of design opportunities to inform the design of future program synthesizers that strive to be learnable by novice programmers. This work serves as a first step toward understanding how we can make program synthesizers more learnable by novices, which opens up the possibility of using program synthesizers in educational settings as well as developer tooling oriented toward novice programmers.",openalex,llm,0.870,unreviewed,
discarded,Novice Programmers and the Problem Description Effect,Dennis Bouvier; Ellie Lovellette; John Matta; Bedour Alshaigy; Brett A. Becker; Michelle Craig; Jana Jacková; Robert McCartney; Kate Sanders; Mark Zarb,2016,,10.1145/3024906.3024912,https://openalex.org/W2587751095,adjacent-subtopic,"It is often debated whether a problem presented in a straightforward minimalist fashion is better, or worse, for learning than the same problem presented with a ""real-life"" or ""concrete"" context. The presentation, contextualization, or ""problem description"" has been well studied over several decades in disciplines such as mathematics education and psychology; however, little has been published in the field of computing education. In psychology it has been found that not only the presence of context, but the type of context can have dramatic results on problem success. In mathematics education it has been demonstrated that there are non-mathematical factors in problem presentation that can affect success in solving the problem and learning. The contextual background of a problem can also impact cognitive load, which should be considered when evaluating the effects of context. Further, it has been found that regarding cognitive load, computer science has unique characteristics compared to other disciplines, with the consequence that results from other disciplines may not apply to computer science, thus requiring investigation within computer science.",openalex,llm,0.900,unreviewed,
discarded,Strategies of Visual Search by Novice and Experienced Drivers,Ronald R. Mourant; T H Rockwell,1972,Human Factors The Journal of the Human Factors and Ergonomics Society,10.1177/001872087201400405,https://openalex.org/W1838052923,off-topic-false-hit,"Six novice drivers drove a 2.1-mi. neighborhood route and a 4.3-mi. freeway route. Eye movements (including blinks and glances to the vehicle's mirrors and speedometer) were videotaped. The visual behavior of a control group, consisting of four experienced drivers, was also videotaped on the same routes. The results showed that the novice drivers: (1) concentrated their eye fixations in a smaller area as they gained driving experience, (2) looked closer in front of the vehicle and more to the right of the vehicle's direction of travel than the experienced drivers, (3) sampled their mirrors less frequently than the experienced drivers, and (4) made pursuit eye movements on the freeway route while the experienced drivers made only eye fixations. These results suggest that the visual acquisition process of the novice drivers was unskilled and overloaded. Thus, the search and scan patterns of the novice drivers may be considered unsafe in terms of impairing the drivers’ ability to detect circumstances that have high accident potential. On this basis it is recommended that novice drivers be prohibited from driving on public roads until they achieve an acceptable level of vehicle handling control and develop skill in acquiring visual information.",openalex,llm,0.990,unreviewed,
discarded,Attempting rigour and replicability in thematic analysis of qualitative research data; a case study of codebook development,Kate Roberts; Anthony Dowell; Jing-Bao Nie,2019,BMC Medical Research Methodology,10.1186/s12874-019-0707-y,https://openalex.org/W2940419730,off-topic-false-hit,"BACKGROUND: Navigating the world of qualitative thematic analysis can be challenging. This is compounded by the fact that detailed descriptions of methods are often omitted from qualitative discussions. While qualitative research methodologies are now mature, there often remains a lack of fine detail in their description both at submitted peer reviewed article level and in textbooks. As one of research's aims is to determine the relationship between knowledge and practice through the demonstration of rigour, more detailed descriptions of methods could prove useful. Rigour in quantitative research is often determined through detailed explanation allowing replication, but the ability to replicate is often not considered appropriate in qualitative research. However, a well described qualitative methodology could demonstrate and ensure the same effect. METHODS: This article details the codebook development which contributed to thematic analysis of qualitative data. This analysis formed part of a mixed methods multiphase design research project, with both qualitative and quantitative inquiry and involving the convergence of data and analyses. This design consisted of three distinct phases: quantitative, qualitative and implementation phases. RESULTS AND CONCLUSIONS: This article is aimed at researchers and doctoral students new to thematic analysis by describing a framework to assist their processes. The detailed description of the methods used supports attempts to utilise the thematic analysis process and to determine rigour to support the establishment of credibility. This process will assist practitioners to be confident that the knowledge and claims contained within research are transferable to their practice. The approach described within this article builds on, and enhances, current accepted models.",openalex,llm,0.990,unreviewed,
kept,Distractors in Parsons Problems Decrease Learning Efficiency for Young Novice Programmers,Kyle J. Harms; Jason Chen; Caitlin Kelleher,2016,,10.1145/2960310.2960314,https://openalex.org/W2508349037,supports-claim,"Parsons problems are an increasingly popular method for helping inexperienced programmers improve their programming skills. In Parsons problems, learners are given a set of programming statements that they must assemble into the correct order. Parsons problems commonly use distractors, extra statements that are not part of the solution. Yet, little is known about the effect distractors have on a learner's ability to acquire new programming skills. We present a study comparing the effectiveness of learning programming from Parsons problems with and without distractors. The results suggest that distractors decrease learning efficiency. We found that distractor participants showed no difference in transfer task performance compared to those without distractors. However, the distractors increased learners cognitive load, decreased their success at completing Parsons problems by 26%, and increased learners' time on task by 14%.",openalex,llm,0.840,unreviewed,
kept,Novice mistakes: are the folk wisdoms correct?,Jim Spohrer; Elliot Soloway,1986,Communications of the ACM,10.1145/6138.6145,https://openalex.org/W2058580210,supports-claim,"An evaluation of two folk wisdoms serves to elucidate the underlying or ""deep-structure"" reasons for novice errors.",openalex,llm,0.900,unreviewed,
discarded,Automated Critique of Early Programming Antipatterns,Leo C. Ureel; Charles Wallace,2019,,10.1145/3287324.3287463,https://openalex.org/W2916594277,adjacent-subtopic,"The introductory programming lab, with small cycles of teaching, coding, testing, and critique from instructors, is an extraordinarily productive learning experience for novice programmers. We wish to extend the availability of such critique through automation, capturing the essence of interaction between student and instructor as closely as possible. Integrated Development Environments and Automated Grading Systems provide constant feedback through static analysis and unit testing. But we also wish to tailor automated feedback to acknowledge commonly recurring issues with novice programmers, in keeping with the practice of a human instructor. We argue that the kinds of mistakes that novice programmers make, and the way they are reported to the novices, deserve special care. In this paper we provide examples of early programming antipatterns that have arisen from our teaching experience, and describe different ways of identifying and dealing with them automatically through our tool WebTA. Novice students may produce code that is close to a correct solution but contains syntactic errors; WebTA attempts to salvage the promising portions of the student's submission and suggest repairs that are more meaningful than typical compiler error messages. Alternatively, a student misunderstanding may result in well-formed code that passes unit tests yet contains clear design flaws; through additional analysis, WebTA can identify and flag them. Finally, certain types of antipattern can be anticipated and flagged by the instructor, based on the context of the course and the programming exercise; WebTA allows for customizable critique triggers and messages.",openalex,llm,0.760,unreviewed,
discarded,Longitudinal think aloud study of a novice programmer,Donna Teague; Raymond Lister,2014,UTS ePRESS (University of Technology Sydney),10.5555/2667490.2667495,https://openalex.org/W2031744882,adjacent-subtopic,"Recent research from within a neo-Piagetian perspective proposes that novice programmers pass through the sensorimotor and preoperational stages before being able to reason at the concrete operational stage. However, academics traditionally teach and assess introductory programming as if students commence at the concrete operational stage. In this paper, we present results from a series of think aloud sessions with a single student, known by the pseudonym “Donald”. We conducted the sessions mainly over one semester, with an additional session three semesters later. Donald first manifested predominately sensorimotor reasoning, followed by preoperational reasoning, and finally concrete operational reasoning. This longitudinal think aloud study of Donald is the first direct observational evidence of a novice programmer progressing through the neo-Piagetian stages.",openalex,llm,0.800,unreviewed,
discarded,A Systems Approach to Conduct an Effective Literature Review in Support of Information Systems Research,Yair Levy; Timothy J. Ellis,2006,Informing Science The International Journal of an Emerging Transdiscipline,10.28945/479,https://openalex.org/W2124975206,off-topic-false-hit,"An international association advancing the multidisciplinary study of informing systems. Founded in 1998, the Informing Science Institute (ISI) is a global community of academics shaping the future of informing science.",openalex,llm,0.990,unreviewed,
discarded,Validity and Reliability in Social Science Research,Ellen A. Drost,2011,Education Research and Perspectives,10.70953/erpv38.11005,https://openalex.org/W1562303665,off-topic-false-hit,Concepts of reliability and validity in social science research are introduced and major methods to assess reliability and validity reviewed with examples from the literature. The thrust of the paper is to provide novice researchers with an understanding of the general problem of validity in social science research and to acquaint them with approaches to developing strong support for the validity of their research.,openalex,llm,0.990,unreviewed,
discarded,Automatic Inference of Programming Performance and Experience from Typing Patterns,Juho Leinonen; Krista Longi; Arto Klami; Arto Vihavainen,2016,,10.1145/2839509.2844612,https://openalex.org/W2275142089,adjacent-subtopic,"Studies on retention and success in introductory programming course have suggested that previous programming experience contributes to students' course outcomes. If such background information could be automatically distilled from students' working process, additional guidance and support mechanisms could be provided even to those, who do not wish to disclose such information. In this study, we explore methods for automatically distinguishing novice programmers from more experienced programmers using fine-grained source code snapshot data. We approach the issue by partially replicating a previous study that used students' keystroke latencies as a proxy to introductory programming course outcomes, and follow this by an exploration of machine learning methods to separate those students with little to no previous programming experience from those with more experience. Our results confirm that students' keystroke latencies can be used as a metric for measuring course outcomes. At the same time, our results show that students programming experience can be identified to some extent from keystroke latency data, which means that such data has potential as a source of information for customizing the students' learning experience.",openalex,llm,0.860,unreviewed,
discarded,Twelve Tips for Recognizing and Addressing the Adverse Effects of Medical Education Interventions: Tutorial,"Hashimoto, Tadayuki; Hasdianda, Mohammad Adrian; Kornsawad, Kanapa; Kosugi, Shunsuke; Kikukawa, Makoto",2026,JMIR MEDICAL EDUCATION,10.2196/89647,https://www.webofscience.com/wos/woscc/full-record/WOS:001791376500001,off-topic-false-hit,"""First, do no harm"" is a fundamental principle in health care, and clinical researchers carefully monitor adverse drug reactions to ensure patient safety. However, educational researchers and clinical educators rarely apply the same level of scrutiny to potential adverse effects arising from their own interventions. This reflects a persistent misconception that educational interventions are inherently harmless, an assumption that warrants critical examination. In this tutorial, we highlight the underrecognized concept of adverse effects in medical education by introducing 12 representative educational adverse effects and offering corresponding tips for mitigating them. These include the Dunning-Kruger effect, in which increased confidence does not align with actual competence; the undermining effect, whereby external rewards reduce intrinsic motivation; spoon feeding that stunts independent learning; cognitive overload resulting from excessive information delivery; patient dehumanization when education prioritizes technical proficiency over empathy; critiques of outcome-based medical education that may overemphasize measurable competencies at the expense of holistic professional development; and the expertise reversal effect, in which instructional strategies beneficial for novices become counterproductive as expertise grows. Additional adverse effects include compromised psychological safety despite formal safeguards, authority and confirmation biases that reinforce outdated practices, developer bias in intervention evaluation, the Hawthorne effect influencing observed behavior, and concerns that overreliance on generative artificial intelligence may hinder the development of critical thinking and metacognitive skills. To better understand the nature of these adverse effects, we categorize them into three overarching domains. Cognitive and psychological adverse effects occur within the learner. Structural and cultural adverse effects result from features of the educational environment. Methodological and evaluative adverse effects arise from how educational interventions are designed and assessed. While these domains overlap, they provide a practical framework for identifying how well-intended educational strategies may lead to harm. Some may argue that these phenomena represent unintended consequences rather than adverse effects. However, the term unintended consequence presumes that sufficient effort was made to anticipate and manage possible effects, an assumption that may not always hold in medical education. We argue that educators and educational researchers should explicitly recognize adverse effects, critically evaluate educational interventions, and adopt mitigation strategies with a level of rigor comparable to that applied in clinical research to better protect learners and improve the quality of medical education.",wos,llm,0.990,unreviewed,
discarded,Practice Does Not Make Perfect: Experimental Evidence on the Effectiveness of Coaching Beginning Teachers,"Cohen, Julie; Wong, Vivian; Liu, Qing; Wilson, Kristyn; Yonas, Anna; Parten, Hallie",2025,JOURNAL OF EDUCATIONAL PSYCHOLOGY,10.1037/edu0000960,https://www.webofscience.com/wos/woscc/full-record/WOS:001525012300001,off-topic-false-hit,"Given the limited duration and critical importance of teacher education, we need more robust evidence about scalable methods that effectively and efficiently promote new teacher development. Our prior work suggested that simulated practice and directive coaching could be such a method, but all our work was conducted in a single teacher preparation program. As such, a primary goal of the current study was to understand if our previous findings about the robustness of simulated practice and coaching replicated across diverse preparatory contexts. In this article, we present the results of a multisite, randomized controlled trial as part of a series of conceptual replication studies examining the effects of simulated practice and coaching compared to practice and self-reflection. The explicit goal of this study was to systematically examine two sources of potential effect variation: (a) across three heterogeneous teacher preparation programs, which differ in novice teacher demographics, programmatic structures, and the timing of simulated practice and coaching; and (b) across different pedagogical tasks within each site. We find coaching makes simulated practice more useful for classroom management tasks, across preparation sites. Coaching effects were more variable for a content-focused instructional task, and novices at an alternative route program did not benefit from coaching in the same ways as those at more traditional, university-based programs. We generate hypotheses about why coaching effects replicate in some, but not all preparatory contexts and for some, but not all teaching tasks. We conclude with implications for teacher preparation research and practice.",wos,llm,0.990,unreviewed,
