status,title,authors,year,venue,doi,url,tags,abstract,provider,decision_source,llm_confidence,llm_review_outcome,llm_change_direction
discarded,Hybrid Active Noise Control Structures: A Short Overview,Piero Rivera Benois; Patrick Nowak; Udo Zoelzer,2018,Speech Communication; 13th ITG-Symposium,,https://ieeexplore.ieee.org/document/8577986/,off-topic-false-hit,"The classical feedforward and feedback active noise control structures can be combined in pairs into hybrid control systems, in order to partially compensate for their individual limitations. The increase in complexity is compensated by the flexibility and attenuation performance they can achieve together. Several combination strategies can be found in the literature in different application contexts and formulated using different nomenclatures. This paper provides a single source for the existing hybrid control structures in a purely digital implementation. For each one of them a block diagram in context of active noise control headphones is provided. To describe the interaction between the classical structures within the hybrid system, changes in the transfer functions and effective plants are discussed.",ieee,llm,0.990,unreviewed,
discarded,Use of Point and Group Linear Iterative Methods for the Synthesis of Decentralized Control Structures,Gerardo Mijares; Jerome D. Cole; Heinz A. Preisig; Charles D. Holland,1987,1987 American Control Conference,10.23919/ACC.1987.4789400,https://ieeexplore.ieee.org/document/4789400/,off-topic-false-hit,"This paper shows how the theory behind point and group linear iterative methods may be used to develop tools for the analysis and synthesis of decentralized control structures. In particular, it is shown how recent developments in the synthesis of decentralized control structures and their limitations may be explained in terms of this theory, thereby extending and giving further insight into these developments.",ieee,llm,0.990,unreviewed,
discarded,"Integrators, Nonlinearities, and Anti-reset Windup for Different Control Structures",Bjorn Wittenmark,1989,1989 American Control Conference,10.23919/ACC.1989.4790461,https://ieeexplore.ieee.org/document/4790461/,off-topic-false-hit,"In most control schemes it is advantageous to introduce integrators to eliminate off-set due to load disturbances. It is, however, also important to introduce nonlinearities, for instance due to limitations in actuators. The interaction between the integrator and the nonlinearities will cause problems with reset windup. Ways to handle anti-reset windup for different controller configurations are discussed in the paper. Simple PID-controllers, cascade loops, state feedback controllers and pole-placement controllers are given a unified treatment. The discussion is supplemented with simulations.",ieee,llm,0.990,unreviewed,
kept,Research on Structured Programming: An Empiricist's Evaluation,Iris Vessey; Ron Weber,1984,IEEE Transactions on Software Engineering,10.1109/TSE.1984.5010252,https://ieeexplore.ieee.org/document/5010252/,qualifies-claim,"In spite of the widespread acceptance by academics and practitioners of structured programming precepts, relatively few formal empirical studies have been conducted to obtain evidence that either supports or refutes the theory. This paper reviews the empirical studies that have been undertaken and critiques them from the viewpoints of the soundness of their methodology and their ability to contribute to scientific understanding. In general, the evidence supporting programming precepts is weak. A framework for an ongoing research program is outlined.",ieee,llm,0.970,unreviewed,
kept,What are the benefits from using IEC 1131-3 PLC languages as the basis for training future control engineers?,R.W. Lewis,1996,IEE Colloquium on Mechatronics in Education: Delivery of a New Engineering Discipline into the Workplace,10.1049/ic:19960481,https://ieeexplore.ieee.org/document/542989/,adjacent-subtopic,"With the increase in memory size of many of today's PLCs, ladder programming can now be used to build very large systems, bringing significant software development problems. However, it is often very difficult to build well structured programs using ladder programs because generally there is limited or no support for re-usable software components such as procedures, subroutines or program blocks. The new IEC 1131-3 PLC languages standard has addressed many of the limitations of conventional PLC languages by defining a coherent suite of languages and concepts. These encourage the development of quality PLC software which should make the standard attractive to those involved in teaching control languages.",ieee,llm,0.760,unreviewed,
kept,Limitations of an object-oriented metric: Weighted complexity measure,D. I. De Silva; N. Kodagoda; S. R. Kodituwakku; A. J. Pinidiyaarachchi,2015,2015 6th IEEE International Conference on Software Engineering and Service Science (ICSESS),10.1109/ICSESS.2015.7339153,https://ieeexplore.ieee.org/document/7339153/,adjacent-subtopic,"Many computer science practitioners and software developers believes that the complexity of a program could be controlled more effectively by using object-oriented programming concepts. In addition to controlling complexity, the object-oriented approach allows faster development, reduction in costs, higher quality, easier maintenance, increased scalability, better information structures, and increased adaptability. As such, more and more programs are written using the object-oriented programming approach rather than using the traditional functional approach. This demand has spurred the provision for a number of object-oriented metrics. Out of them, Chidamber and Kemerers' metrics suite is one of the most prominent object-oriented metrics that has been proposed. It has been widely validated and has been accepted as a useful predictor of object-oriented design complexity. But it does not consider the complexities that occur due to factors such as the nesting level and type of control structures, and the size of the program. Thus, Chhillar and Bhasins' introduced the weighted complexity measure to address these issues. It is the only metric which considers the complexities that occur due to inheritance level of statements, nesting level and type of control structures, and the size of the program. However, weighted complexity measure also has some limitations. This paper attempts to draw the readers' attention to those limitations, with the hope that it will be further improved by addressing them.",ieee,llm,0.710,unreviewed,
kept,A study of the effects of software development practices on software maintenance effort,Slaughter; Banker,1996,1996 Proceedings of International Conference on Software Maintenance,10.1109/ICSM.1996.565007,https://ieeexplore.ieee.org/document/565007/,adjacent-subtopic,"Many maintenance problems derive from inadequate software development practices. Poor design choices result in complex software that may be costly to support and difficult to change. A general framework based upon software complexity is proposed that could be used to assess the potential maintenance impact of development tools and techniques. To test the framework, a study was conducted in two commercial organizations. The results indicate that reduced maintenance effort is associated with development practices, including structured programming, report generators and packaged software. A surprising finding is that use of a software code generator is associated with increased maintenance effort.",ieee,llm,0.750,unreviewed,
discarded,Implementation of RST controllers for a flexible servo considering practical limitations,G. Champenois; A. Martinez; J.-P. Rognon,1995,Proceedings of IEEE/IAS International Conference on Industrial Automation and Control,10.1109/IACC.1995.465841,https://ieeexplore.ieee.org/document/465841/,off-topic-false-hit,"In positioning systems, complex control structures are necessary to properly reject disturbances while correctly following reference laws. However, the higher the dynamics, the more important flexion problems are. In the paper, the authors focus on the control of a system with elasticity between the actuator and the load. Flexible servo tuning methods have been widely presented in the literature. This paper only considers the case when limitations occur on the control variable. The approach is based on poles and zeros placement design. It compares the behaviour of different structures of RST controllers in a view of practical implementation (theoretical R, S, T structure, S/R controller and (T-S)/R feedforward term, controller with the addition of an integration antiwindup loop, controller with fully controlled state in the limitation mode).<>",ieee,llm,0.990,unreviewed,
discarded,Temporal control structures in expert critiquing systems,S. Ramachandran; D.C. Wilkins,1997,Proceedings of TIME '97: 4th International Workshop on Temporal Representation and Reasoning,10.1109/TIME.1997.600798,https://ieeexplore.ieee.org/document/600798/,adjacent-subtopic,"Critiquing in time critical and resource constrained domains requires special control structures that allow the expert critiquing system to compare user actions with that of its own. This is necessitated by the fact that the priorities of actions in such domains change over time and the system needs to be robust enough to reflect this in its critiques. This paper describes a model of expert critiquing where the use of blackboard architectures, temporal control structures and data manipulation and differential critiquing are effectively combined to tackle this issue. The proof-of-principal critiquing domain is novice experts training in the area of Ship Damage Control.",ieee,llm,0.830,unreviewed,
discarded,Disturbance attenuation of DC voltage droop control structures in a multi-terminal HVDC grid,Florian Thams; Spyros Chatzivasileiadis; Eduardo Prieto-Araujo; Robert Eriksson,2017,2017 IEEE Manchester PowerTech,10.1109/PTC.2017.7981116,https://ieeexplore.ieee.org/document/7981116/,off-topic-false-hit,"DC voltage droop control is seen as the preferred control structure for primary voltage control of future multi-terminal HVDC systems. Different droop control structures have been proposed in literature which can be classified in eight categories. This paper contributes to an analysis of the disturbance rejection of these droop control structures. The approach is based on multi-variable frequency response analysis where both ac and dc grid dynamics are incorporated. In particular, the amplification of dc voltage oscillations due to wind power variations is analyzed using singular value analysis. Further, the impact of dc cable modeling on the results is discussed. In addition, it is shown that the maximum singular value limits, frequently used in literature for MIMO-analysis, are not sufficient to prove that the impact of certain disturbances on analyzed outputs is within a certain boundary. It is necessary to verify the results by a multiple input single output analysis of the transfer functions connecting the inputs with the highest amplified output.",ieee,llm,0.990,unreviewed,
kept,Complexity measurement: A new approach to ensure equal distribution of programming problems for evaluation,G. M. M. Bashir; Samrat Kumar Dey; S. S. M. Tariq; Md. Shariful Islam,2014,8th International Conference on Electrical and Computer Engineering,10.1109/ICECE.2014.7026848,https://ieeexplore.ieee.org/document/7026848/,adjacent-subtopic,"Distributing equivalent programming problems among the students for evaluation is an inherent problem. To remove this inherent problem, weight measurement of computer programs is necessary. Although software is the outcome of human creative activity, cognitive informatics plays an important role in understanding its fundamental characteristics. In our research, a new software complexity measure based on cognitive weight of basic control structure has been proposed that reduce the limitations of existing measures. Primarily our aim is to build a question bank with programming problems. Our designed system will access the solution codes for finding out the weight of respective programming problem from the question bank by applying the proposed method. The method will find out the complexity according to our proposed cognitive weight model. It will facilitate the instructors distributing the programming problems among the students equivalently. Thus, the automatic complexity measurement will ensure the students obtaining equal problems for programming evaluation.",ieee,llm,0.820,unreviewed,
discarded,Judging the Effectiveness of a Passive Haptic Device in Teleoperation Based on the Average Angular Error in Force Generation,Benjamin A. Black; Wayne J. Book,2008,2008 Symposium on Haptic Interfaces for Virtual Environment and Teleoperator Systems,10.1109/HAPTICS.2008.4479952,https://ieeexplore.ieee.org/document/4479952/,off-topic-false-hit,"The research presented here focuses on the control limitations imposed by the use of passive actuators such as brakes or clutches in a planar haptic system. Previous research has addressed the issue within the framework of path following applications; however in a teleoperation system, the goal of a haptic interface centers around reproducing a force from the remote environment. As such a realistic haptic experience involves creating a force for the human to feel that matches the remote system both in magnitude or scaled magnitude as well as direction of force. To address the issue of matching force direction, the research presented here introduces the concept of average angle error, Avg(θerror), the average difference between an arbitrary desired haptic force and the closest force to it that the dissipative passive haptic device can produce. A portion of the material presented here will discuss the calculation of the value of Avg(θerror) for an arbitrary planar passive haptic device, and finally it will be evaluated over the workspace of a representative planar five-bar mechanism with various link lengths.",ieee,llm,0.980,unreviewed,
kept,Assignment Presentation Framework for CS1 Programming Problems,Rita Garcia,2021,2021 IEEE Frontiers in Education Conference (FIE),10.1109/FIE49875.2021.9637136,https://ieeexplore.ieee.org/document/9637136/,adjacent-subtopic,"A Computer Science programming assignment is a core assessment tool used by educators to measure students' understanding of programming concepts. A well-structured programming assignment can assist students in comprehending a problem and help them develop problem-solving skills. This research focuses on the presentation of well-structured programming assignments to help with students' understanding of the problem, supporting educators in the development of these assignments. To create well-structured programming assignments, we performed a literature review to identify design treatments that help students better understand introductory programming (CS1) assignments. An illustration study was then used to test the assignments from the identified design treatments. The illustration study collected students' perspectives on how the design treatments improved the understanding of the assignment design. From this work, we developed a framework from the identified design treatments. The results for the illustration study showed the design treatments helped students identify the problem's requirements and realise what is required to solve the problem. Though our work was examined within the CS1 context, our findings may be useful to similar assignment contexts, such as helping students identify requirements for solving problems.",ieee,llm,0.720,unreviewed,
discarded,"Static Hardware Partitioning on RISC-V: Shortcomings, Limitations, and Prospects",Ralf Ramsauer; Stefan Huber; Konrad Schwarz; Jan Kiszka; Wolfgang Mauerer,2022,2022 IEEE 8th World Forum on Internet of Things (WF-IoT),10.1109/WF-IoT54382.2022.10152063,https://ieeexplore.ieee.org/document/10152063/,off-topic-false-hit,"On embedded processors that are increasingly equipped with multiple CPU cores, static hardware partitioning is an established means of consolidating and isolating workloads onto single chips. This architectural pattern is suitable for mixed-criticality workloads that need to satisfy both, real-time and safety requirements, given suitable hardware properties. In this work, we focus on exploiting contemporary virtualisation mechanisms to achieve freedom from interference respectively isolation between workloads. Possibilities to achieve temporal and spatial isolation-while maintaining real-time capabilities-include statically partitioning resources, avoiding the sharing of devices, and ascertaining zero interventions of superordinate control structures. This eliminates overhead due to hardware partitioning, but implies certain hardware capabilities that are not yet fully implemented in contemporary standard systems. To address such hardware limitations, the customisable and configurable RISC-V instruction set architecture offers the possibility of swift, unrestricted modifications. We present findings on the current RISC-V specification and its implementations that necessitate interventions of superordinate control structures. We identify numerous issues adverse to implementing our goal of achieving zero interventions respectively zero overhead: On the design level, and especially with regards to handling interrupts. Based on micro-benchmark measurements, we discuss the implications of our findings, and argue how they can provide a basis for future extensions and improvements of the RISC-V architecture.",ieee,llm,0.980,unreviewed,
discarded,"Recent Contributions, Future Prospects and Limitations of Interlinking Converter Control in Hybrid AC/DC Microgrids",Mahdieh Najafzadeh; Roya Ahmadiahangar; Oleksandr Husev; Indrek Roasto; Tanel Jalakas; Andrei Blinov,2021,IEEE Access,10.1109/ACCESS.2020.3049023,https://ieeexplore.ieee.org/document/9312595/,off-topic-false-hit,"This work analyzes interlinking converter control in hybrid AC/DC microgrids. The paper addresses the state-of-the-art general hybrid microgrid structure. The key power electronics topologies are used as bidirectional interface converters in the AC and DC parts. Different control structures of hybrid microgrids are categorized, followed by the classification of the main control functions, their control strategies, and the control techniques and a summary of their positive and negative aspects and applications. Control functions, strategies and techniques are classified in the interlinking-converter based. Finally, overall control objectives, time-scaled control structures, and their strategies are outlined. The prospects, main challenges, research gaps, and the trend of the hybrid microgrid structure and control are reviewed and summarized in the conclusions.",ieee,llm,0.990,unreviewed,
discarded,Multi-rotor robust trajectory tracking,M. Gil-Martínez; J. Rico-Azagra,2015,2015 23rd Mediterranean Conference on Control and Automation (MED),10.1109/MED.2015.7158854,https://ieeexplore.ieee.org/document/7158854/,off-topic-false-hit,"This paper develops a position control strategy of a multi-rotor system, which moves from an X-Y way-point to another at constant maximum-achievable velocity, and follows rectilinear trajectories between way-points with slight deviations during transients. In achieving this, 2D-spatial displacement breaks down in time domain ramp tracking on each axis through a trajectory generation block. Then, both axis set-points are driven to model matching feedback control structures that compute the roll and pitch angles commands. Main feedback control challenges are addressing a large model uncertainty identified for the inner attitude-controlled multi-copter, and a small control-bandwidth due to angle-saturation and due to processor sample-time. In this framework the Quantitative Feedback Theory has succeed in the robust design of feedback and feed-forward control elements. Some final tests demonstrate the expected spatial and time domain performances.",ieee,llm,0.990,unreviewed,
discarded,Optimization strategies for frequency-response coupling between synchronous areas,Markus Maurer; Marc Scherer; David Whitley,2017,2017 IEEE Manchester PowerTech,10.1109/PTC.2017.7981221,https://ieeexplore.ieee.org/document/7981221/,off-topic-false-hit,"This paper investigates different optimization strategies for frequency-response coupling between synchronous areas that feature decentralized load-frequency control structures. The mathematical basics are presented together with a frequency dynamics system parameterized to match the synchronous areas of Continental Europe, Great Britain, and Northern Europe. Three optimization strategies are evaluated: frequency-response exchange, frequency netting, and frequency optimization. The results show that HVDC interconnections can be used to share frequency-response characteristics between synchronous areas. All the strategies are technically robust but policy implications for various stakeholders need to be managed before real-life application can be initiated; this is because frequency-response coupling affects frequency performance in all participating synchronous areas.",ieee,llm,0.980,unreviewed,
