status,title,authors,year,venue,doi,url,tags,abstract,provider,decision_source,llm_confidence,llm_review_outcome,llm_change_direction
discarded,Students' Syntactic Mistakes in Writing Seven Different Types of SQL Queries and its Application to Predicting Students' Success,Alireza Ahadi; Vahid Behbood; Arto Vihavainen; Julia Prior; Raymond Lister,2016,,10.1145/2839509.2844640,https://openalex.org/W2286501037,off-topic-false-hit,"The computing education community has studied extensively the errors of novice programmers. In contrast, little attention has been given to student's mistake in writing SQL statements. This paper represents the first large scale quantitative analysis of the student's syntactic mistakes in writing different types of SQL queries. Over 160 thousand snapshots of SQL queries were collected from over 2000 students across eight years. We describe the most common types of syntactic errors that students make. We also describe our development of an automatic classifier with an overall accuracy of 0.78 for predicting student performance in writing SQL queries.",openalex,llm,0.960,unreviewed,
discarded,"Problems in Problem-Based Learning - Experiences, Analysis and Lessons Learned on an Introductory Programming Course",Päivi Kinnunen; Lauri Malmi,2005,Informatics in Education,10.15388/infedu.2005.11,https://openalex.org/W159454575,adjacent-subtopic,"We have applied Problem-Based Learning (PBL) on an introductory programming course for several years with positive results. In this paper we present the outcomes and discuss our experiences of applying a modified version of PBL such that needs less tutoring resources and could better be used in large-scale courses, too. PBL has many positive effects on studying: Students report that they liked the social aspect of studying in a group. Generally students appreciated the possibility to be active participants in a course. On the other hand, group dynamic difficulties, tolerance of uncertainty and demanding studying skills caused problems that were too hard to overcome to some students. In this paper we introduce different versions of PBL, discuss efficiently and inefficiently working PBL groups and present their characters. We also discuss the possible reasons for differently working groups. Finally, we give some suggestions for interventions that might help the PBL groups to work better.",openalex,llm,0.940,unreviewed,
discarded,The Error Landscape,Rebecca Smith; Scott Rixner,2019,,10.1145/3287324.3287394,https://openalex.org/W2916390547,adjacent-subtopic,"The software development process often follows a circuitous path, littered with mistakes and backtracks. This is particularly true for novice programmers, who typically navigate through a variety of errors en route to their final solution. This paper presents a quantitative analysis of a large dataset of Python programs written by novice students. The analysis paints a multifaceted picture of the errors that students encounter, providing insight into the distribution, duration, and evolution of these errors. Ultimately, this paper aims to incite further conversation on the mistakes made by novice programmers, and to inform the decisions instructors make as they help students overcome these mistakes.",openalex,llm,0.720,unreviewed,
discarded,Using submission log data to investigate novice programmers’ employment of debugging strategies,Qianhui Liu; Luc Paquette,2023,,10.1145/3576050.3576094,https://openalex.org/W4321442002,adjacent-subtopic,"Debugging is a distinct subject in programming that is both comprehensive and challenging for novice programmers. However, instructors have limited opportunities to gain insights into the difficulties students encountered in isolated debugging processes. While qualitative studies have identified debugging strategies that novice programmers use and how they relate to theoretical debugging frameworks, limited larger scale quantitative analyses have been conducted to investigate how students’ debugging behaviors observed in log data align with the identified strategies and how they relate to successful debugging. In this study, we used submission log data to understand how the existing debugging strategies are employed by students in an introductory CS course when solving homework problems. We identified strategies from existing debugging literature that can be observed with trace data and extracted features to reveal how efficient debugging is associated with debugging strategy usage. Our findings both align with and contradict past assumptions from previous studies by suggesting that minor code edition can be a beneficial strategy and that width and depth aggregations of the same debugging behavior can reveal opposite effects on debugging efficiency.",openalex,llm,0.900,unreviewed,
kept,Explain Trace: Misconceptions of Control-Flow Statements,"Sychev, Oleg; Denisov, Mikhail",2023,COMPUTERS,10.3390/computers12100192,https://www.webofscience.com/wos/woscc/full-record/WOS:001092496800001,supports-claim,"Control-flow statements often cause misunderstandings among novice computer science students. To better address these problems, teachers need to know the misconceptions that are typical at this stage. In this paper, we present the results of studying students' misconceptions about control-flow statements. We compiled 181 questions, each containing an algorithm written in pseudocode and the execution trace of that algorithm. Some of the traces were correct; others contained highlighted errors. The students were asked to explain in their own words why the selected line of the trace was correct or erroneous. We collected and processed 10,799 answers from 67 CS1 students. Among the 24 misconceptions we found, 6 coincided with misconceptions from other studies, and 7 were narrower cases of known misconceptions. We did not find previous research regarding 11 of the misconceptions we identified.",wos,llm,0.990,unreviewed,
kept,Cluster-Based Analysis of Novice Coding Misconceptions in Block-Based Programming,"Emerson, Andrew; Smith, Andy; Rodriguez, Fernando J.; Wiebe, Eric N.; Mott, Bradford W.; Boyer, Kristy Elizabeth; Lester, James C.",2020,SIGCSE 2020: PROCEEDINGS OF THE 51ST ACM TECHNICAL SYMPOSIUM ON COMPUTER SCIENCE EDUCATION,10.1145/3328778.3366924,https://www.webofscience.com/wos/woscc/full-record/WOS:000810169400138,supports-claim,"Recent years have seen an increasing interest in identifying common student misconceptions during introductory programming. In a parallel development, block-based programming environments for novice programmers have grown in popularity, especially in introductory courses. While these environments eliminate many syntax-related errors faced by novice programmers, there has been limited work that investigates the types of misconceptions students might exhibit in these environments. Developing a better understanding of these misconceptions will enable these programming environments and instructors to more effectively tailor feedback to students, such as prompts and hints, when they face challenges. In this paper, we present results from a cluster analysis of student programs from interactions with programming activities in a block-based programming environment for introductory computer science education. Using the interaction data from students' programming activities, we identify three families of student misconceptions and discuss their implications for refinement of the activities as well as design of future activities. We then examine the value of block counts, block sequence counts, and system interaction counts as programming features for clustering block-based programs. These clusters can help researchers identify which students would benefit from feedback or interventions and what kind of feedback provides the most benefit to that particular student.",wos,llm,0.850,unreviewed,
kept,Learning Trajectories in Action: A Practical Study on an After- School Coding Club Curriculum,"Buraglia, Gabriela; Jimenez, Yerika; Gardner-McCune, Christina",2020,SIGCSE 2020: PROCEEDINGS OF THE 51ST ACM TECHNICAL SYMPOSIUM ON COMPUTER SCIENCE EDUCATION,10.1145/3328778.3372659,https://www.webofscience.com/wos/woscc/full-record/WOS:000810169400221,supports-claim,"Computing curricula are finding their way into many elementary and middle school students' classrooms and after-school learning experiences. As more curricula are developed, there is a need to understand how they align with the Rich et al. learning trajectories (LTs) for sequencing, repetition, and conditionals [3] in terms of curricula design and student learning outcomes. This poster examines how LTs map to the 2018-2019 Girls Who Code (GWC) curricula implemented in a local GWC coding club. This poster shows how student learning under the 2018-2019 GWC curriculum maps to paths within the beginning and intermediate levels of the Rich et al. LTs for sequencing, repetition, and conditionals [3]. We also discuss challenges in evaluating several LT learning goals and potential uses of LTs as diagnostic tools to identify student misconceptions.",wos,llm,0.980,unreviewed,
discarded,Flowchart-based Bayesian Intelligent Tutoring System for Computer Programming,"Hooshyar, Danial; Ahmad, Rodina Binti; Fathi, Moein; Yousefi, Moslem; Hooshyar, Maral",2015,2015 INTERNATIONAL CONFERENCE ON SMART SENSORS AND APPLICATION - ICSSA 2015,,https://www.webofscience.com/wos/woscc/full-record/WOS:000380520700028,adjacent-subtopic,"There is a misconception of what programming is at the early stages of learning programming for Computer Science (CS) minors. More researches in this field have revealed that the lack of problem-solving skills, which is considered as one of the prominent shortcomings that novices deal with, is exacerbated by language syntax that the novices employ. A Flowchart-based Intelligent Tutoring System (FITS) is proposed in this research aimed at introducing the early stages of learning programming (CS1) to put the record straight. The students who have no prior knowledge of programming are the target audience of this research. In order to support novice programmers in beginning of programming, Bayesian network approach is applied mainly for decision making and to handle uncertainties in knowledge level of students. How to use Bayesian network to take full advantage of it as an inference engine for providing users with various guidance is described in this paper. Therefore, our proposed system provides users with dynamic guidance such as recommend learning goals, recommend options for flowchart development, and generate appropriate reading sequences. Additionally, our proposed system's architecture and its components are elaborated. Our future work is to evaluate the FITS by conducting an experimental study using novices.",wos,llm,0.800,unreviewed,
discarded,Flowchart-based Bayesian Intelligent Tutoring System for computer programming,Danial Hooshyar; Rodina Binti Ahmad; Moein Fathi; Moslem Yousefi; Maral Hooshyar,2015,2015 International Conference on Smart Sensors and Application (ICSSA),10.1109/ICSSA.2015.7322528,https://ieeexplore.ieee.org/document/7322528/,adjacent-subtopic,"There is a misconception of what programming is at the early stages of learning programming for Computer Science (CS) minors. More researches in this field have revealed that the lack of problem-solving skills, which is considered as one of the prominent shortcomings that novices deal with, is exacerbated by language syntax that the novices employ. A Flowchart-based Intelligent Tutoring System (FITS) is proposed in this research aimed at introducing the early stages of learning programming (CS1) to put the record straight. The students who have no prior knowledge of programming are the target audience of this research. In order to support novice programmers in beginning of programming, Bayesian network approach is applied mainly for decision making and to handle uncertainties in knowledge level of students. How to use Bayesian network to take full advantage of it as an inference engine for providing users with various guidance is described in this paper. Therefore, our proposed system provides users with dynamic guidance such as recommend learning goals, recommend options for flowchart development, and generate appropriate reading sequences. Additionally, our proposed system's architecture and its components are elaborated. Our future work is to evaluate the FITS by conducting an experimental study using novices.",ieee,llm,0.800,unreviewed,
discarded,Gamification in Science Education. A Systematic Review of the Literature,Michail Kalogiannakis; Stamatios Papadakis; Alkinoos-Ioannis Zourmpakis,2021,Education Sciences,10.3390/educsci11010022,https://openalex.org/W3119317690,off-topic-false-hit,"The implementation of gamification in education has attracted many researchers to increase engagement and achieve learning more effectively. Implementing technology in science curricula has seen a massive influx over the past years to stop the decline in students’ motivation towards science learning and promote scientific thinking. This study’s objective is to present the empirical findings of the state-of-the-art literature on the use of gamification in science education. Therefore, we performed a systematic literature review of 24 empirical research papers published in various electronic databases and the web search engine for scholarly literature and academic resources, Google Scholar, between 2012 and 2020. This review reveals the latest emerging trends of gamification in science education while revealing the literature gap, challenges, impediments, and extending the possibilities for future research directions. It examines the conflicting findings of other studies and provides a framework and insight for future researchers regarding content areas, educational levels, theoretical models, outcomes, methodologies, game elements, and assessment tools.",openalex,llm,0.990,unreviewed,
discarded,The effect of games and simulations on higher education: a systematic literature review,Dimitrios Vlachopoulos; Agoritsa Makri,2017,International Journal of Educational Technology in Higher Education,10.1186/s41239-017-0062-1,https://openalex.org/W2626812977,off-topic-false-hit,"The focus of higher education institutions is the preparation of future professionals. To achieve this aim, innovative teaching methods are often deployed, including games and simulations, which form the subject of this paper. As the field of digital games and simulations is ever maturing, this paper attempts to systematically review the literature relevant to games and simulation pedagogy in higher education. Two researchers collaborate to apply a qualitative method, coding and synthesizing the results using multiple criteria. The main objective is to study the impact of games and simulations with regard to achieving specific learning objectives. On balance, results indicate that games and/or simulations have a positive impact on learning goals. The researchers identify three learning outcomes when integrating games into the learning process: cognitive, behavioural, and affective. As a final step, the authors consolidate evidence for the benefit of academics and practitioners in higher education interested in the efficient use of games and simulations for pedagogical purposes. Such evidence also provides potential options and pathways for future research.",openalex,llm,0.990,unreviewed,
discarded,"Curriculum, Teaching and Learning, and Assessments for Introductory Programming Course",Erum Mehmood; Adnan Abid; Muhammad Shoaib Farooq; Naeem A. Nawaz,2020,IEEE Access,10.1109/access.2020.3008321,https://openalex.org/W3041712829,adjacent-subtopic,"Learning to program involves acquisition of various skills including problem solving, fundamental design techniques as well as critical thinking. Generally, most of the novice programmers struggle to develop all these important skill. The research community has addressed the problem in many different ways while involving improvisations in curriculum, pedagogical methods, cognitive aspects, supporting tools, and in designing assessments. This research aims to analyze and synthesize the existing literature in the aforementioned areas. Research articles pertaining to the area of Introductory Programming Courses (IPC) have been found using appropriate search queries, while nearly 60 research articles, published in last ten years, have been carefully selected by employing a systematic filtering process. The scope of this work only covers the research conducted for IPC in higher education. Main findings of this study show that “solution proposal” and “evaluation research” have been reported as two main research types adopted by these studies. Moreover, pedagogy, language choice and students' performance analysis are the most frequently addressed aspects of IPC; whereas, curriculum contents, assessment design, and teaching/learning through tools have appeared as less addressed aspects of IPC. Furthermore, a taxonomy of IPC has been presented based on the studied literature. Lastly, general considerations and future research directions have been presented for the practitioners and researchers in this area.",openalex,llm,0.930,unreviewed,
discarded,A review of immersive virtual reality serious games to enhance learning and training,David Checa; Andrés Bustillo,2019,Multimedia Tools and Applications,10.1007/s11042-019-08348-9,https://openalex.org/W2993958428,off-topic-false-hit,"Abstract The merger of game-based approaches and Virtual Reality (VR) environments that can enhance learning and training methodologies have a very promising future, reinforced by the widespread market-availability of affordable software and hardware tools for VR-environments. Rather than passive observers, users engage in those learning environments as active participants, permitting the development of exploration-based learning paradigms. There are separate reviews of VR technologies and serious games for educational and training purposes with a focus on only one knowledge area. However, this review covers 135 proposals for serious games in immersive VR-environments that are combinations of both VR and serious games and that offer end-user validation. First, an analysis of the forum, nationality, and date of publication of the articles is conducted. Then, the application domains, the target audience, the design of the game and its technological implementation, the performance evaluation procedure, and the results are analyzed. The aim here is to identify the factual standards of the proposed solutions and the differences between training and learning applications. Finally, the study lays the basis for future research lines that will develop serious games in immersive VR-environments, providing recommendations for the improvement of these tools and their successful application for the enhancement of both learning and training tasks.",openalex,llm,0.990,unreviewed,
discarded,iProgVR: Design of a Virtual Reality Environment to Improve Introductory Programming Learning,Chyanna Wee; Kian Meng Yap; Woan Ning Lim,2022,IEEE Access,10.1109/access.2022.3204392,https://openalex.org/W4294691590,adjacent-subtopic,"Currently, there are a plethora of solutions developed to help students learn the basics of programming. However, there is a relative paucity of solutions that cater to problems students face when learning programming that is mainly caused by the abstract nature of programming, misconceptions of programming concepts, and lack of motivation. Hence, in this study, a framework to address the abstract nature of programming and common programming misconceptions is developed. The framework consists of three modules that correspond to each issue, powered by a simulation engine. The first module is developed to address the abstract nature of programming by representing programming concepts with concrete objects in the virtual environment. The second module employs simulation techniques such as interactions and player perspectives to address common programming misconceptions. Lastly, the third module employs elements in the virtual environment to engage students when learning through the system. To evaluate the system, 60 participants were randomly divided into the control group (N=30) and the experimental group (N=30). Participants in the control group were taught using a video lecture while participants in the experimental group were taught using the developed intervention. Evaluation results gathered quantitatively indicated that the VR intervention was able to significantly increase programming concepts comprehension and address common programming misconceptions. Participants also rated the developed VR intervention to be significantly more engaging than the video lecture.",openalex,llm,0.760,unreviewed,
