status,title,authors,year,venue,doi,url,tags,abstract,provider,decision_source,llm_confidence,llm_review_outcome,llm_change_direction
discarded,Systematic literature review: teaching novices programming using robots,Louis Major; Theocharis Kyriacou; O. Pearl Brereton,2012,IET Software,10.1049/iet-sen.2011.0125,https://openalex.org/W1983289841,adjacent-subtopic,"Teaching programming to novices is a difficult task due to the complex nature of the subject, the negative stereotypes are associated with programming and because introductory programming courses often fail to encourage student understanding. This study investigates the effectiveness of using robots as tools in the teaching of introductory programming and to determine whether such technology can help to overcome the current barriers for learners in this context. The systematic literature review (SLR) methodology is used to address this aim. Nine electronic databases, the proceedings from six conferences and two journals were searched for relevant literature and exclusion criteria, and after performing several validation exercises, in total, 75% of included papers report that robots are an effective teaching tool and can help novice programmers in their studies. Most of these papers focus on the use of physical robots, however, and further research is needed to assess the effectiveness of using simulated robots.",openalex,llm,0.880,unreviewed,
discarded,Systematic literature review: teaching novices programming using robots,Louis Major; Theocharis Kyriacou; O. Pearl Brereton,2011,,10.1049/ic.2011.0003,https://openalex.org/W1491657789,adjacent-subtopic,"Background: Teaching programming to novices is a difficult task due to the complex nature of the subject, as negative stereotypes are associated with programming and because introductory programming courses often fail to encourage student understanding. Aim: This study investigates the effectiveness of using robots as tools to aid the process of teaching programming and to determine whether such technology can help to overcome the current barriers for learners in this context. Method: The Systematic Literature Review (SLR) methodology has been selected to discover how effective the use of robotics has been in the teaching of introductory programming concepts. Nine electronic databases, the proceedings from six conferences and two journals have been searched for literature relevant to the study. Results: After applying inclusion and exclusion criteria 34 articles have been accepted in the SLR. 74% of included literature report robots to be an effective teaching tool and one that can help novice programmers in their studies. Conclusion: Robots can be a powerful and effective tool when used in an introductory programming course but the potential remains to further investigate methods for their implementation. Thoughts on the use of the SLR methodology from the perspective of a PhD student are also given.",openalex,llm,0.880,unreviewed,
discarded,Blended learning models for introductory programming courses: A systematic review,Ali Alammary,2019,PLoS ONE,10.1371/journal.pone.0221765,https://openalex.org/W2971379799,adjacent-subtopic,"Teaching introductory programming courses is not an easy task. Instructors of introductory programming courses are facing many challenges related to the nature of programming, the students' characteristics and the traditional teaching methods that they are using. Blended learning seems to be a promising approach to address these challenges. Many studies concluded that blended learning can be more effective than traditional teaching and can improve students' learning experience. However, the current state of knowledge and practice in applying blended learning to introductory programming courses is limited. In an attempt to begin remedying this gap, this review synthesizes the different blended learning approaches that have been applied in introductory programming courses. It classifies them into five models then discusses the impact of each of these models on the learning experience of novice programmers. It concludes by providing some recommendations for instructors who want to blend their courses as well as some implications for future research.",openalex,llm,0.910,unreviewed,
discarded,Implementation of micro-credentials in higher education: A systematic literature review,Kamrul Ahsan; Suraiyah Akbar; Booi Kam; Muhammad D. Abdulrahman,2023,Education and Information Technologies,10.1007/s10639-023-11739-z,https://openalex.org/W4361268282,off-topic-false-hit,"Abstract Micro-credential (MC) is an innovative and disruptive technology-based learning model. In higher education (HE), MCs are typically certified in the form of a digital badge (DB) issued to learners upon completion of a credential. The introduction of MCs and DBs has the potential to revolutionise the way in which HE institutions deliver degrees, and how students learn and achieve their tertiary qualifications. To explore this innovative learning, this study investigates the potentials and challenges of implementing MCs in HE. Through a systematic literature review of 56 peer-reviewed articles on MCs and related DBs in HE published between 2015 and 2021, we find that research on MCs in HE is gaining attention. While different aspects of MCs in HE have been studied using various research methodologies and theoretical lenses, further research is needed to capture the influence of technology and to understand different stakeholder perspectives. This study contributes to the growing literature on MCs in HE by synthesising the relevant knowledge areas into key themes and developing a conceptual framework for implementing MCs in HE. This study also identifies critical research gaps to advance the literature on MC implementation in HE.",openalex,llm,0.990,unreviewed,
discarded,A Systematic Literature Review on the Quality of MOOCs,Christian M. Stracke; Giada Trisolini,2021,Sustainability,10.3390/su13115817,https://openalex.org/W3162612694,off-topic-false-hit,"This paper presents the findings from a systematic literature review on the quality of massive open online courses (MOOCs). The main research question was “How can the quality criteria for MOOCs identified in the analysed studies from the systematic literature review be best organised in a categorisation scheme?” The systematic literature review was conducted using the PRISMA procedures. After conducting the screening and eligibility analysis according the pre-defined criteria, 103 studies were finally selected. The analysis was done in iterative cycles for continuous improvements of the assignments and clustering of the quality criteria. The final version was validated in consensus through the categorisation and assignment of all 103 studies in a consistent way to four dimensions (pedagogical, organisational, technological, and social) and their sub-categories. This quality framework can be re-used in future MOOC research and the discussion of the analysed studies provides a current literature overview on the quality of MOOCs.",openalex,llm,0.990,unreviewed,
discarded,Sustainability in Computing Education: A Systematic Literature Review,Anne-Kathrin Peters; Rafael Capilla; Vlad C. Coroamă; Rogardt Heldal; Patricia Lago; Ola Leifler; Ana Moreira; João Paulo Fernandes; Birgit Penzenstadler; Jari Porras; Colin C. Venters,2024,ACM Transactions on Computing Education,10.1145/3639060,https://openalex.org/W4390603641,off-topic-false-hit,"Research shows that the global society as organized today, with our current technological and economic system, is impossible to sustain. We are living in an era in which human activities in highly industrialized countries are responsible for overshooting several planetary boundaries, with poorer communities contributing the least to the problems but being impacted the most. At the same time, technical and economic gains fail to provide society at large with equal opportunities and improved quality of life. This article describes approaches taken in computing education to address the issue of sustainability. It presents results of a systematic review of the literature on sustainability in computing education. From a set of 572 publications extracted from six large digital libraries plus snowballing, we distilled and analyzed 89 relevant primary studies. Using an inductive and deductive thematic analysis, we study (i) conceptions of sustainability, computing, and education; (ii) implementations of sustainability in computing education; and (iii) research on sustainability in computing education. We present a framework capturing learning objectives and outcomes as well as pedagogical methods for sustainability in computing education. These results can be mapped to existing standards and curricula in future work. We find that only a few of the articles engage with the challenges as calling for drastic systemic change, along with radically new understandings of computing and education. We suggest that future work should connect to the substantial body of critical theory, such as feminist theories of science and technology. Existing research on sustainability in computing education may be considered rather immature, as the majority of articles are experience reports with limited empirical research.",openalex,llm,0.990,unreviewed,
discarded,Teaching Ethics in Computing: A Systematic Literature Review of ACM Computer Science Education Publications,Noelle Brown; Benjamin Xie; Ella Sarder; Casey Fiesler; Eliane S. Wiese,2023,ACM Transactions on Computing Education,10.1145/3634685,https://openalex.org/W4389046890,off-topic-false-hit,"The computing education research community now has at least 40 years of published research on teaching ethics in higher education. To examine the state of our field, we present a systematic literature review of papers in the Association for Computing Machinery computing education venues that describe teaching ethics in higher-education computing courses. Our review spans all papers published to SIGCSE, ICER, ITiCSE, CompEd, Koli Calling, and TOCE venues through 2022, with 100 papers fulfilling our inclusion criteria. Overall, we found a wide variety in content, teaching strategies, challenges, and recommendations. The majority of the papers did not articulate a conception of “ethics,” and those that did used many different conceptions, from broadly applicable ethical theories to social impact to specific computing application areas (e.g., data privacy and hacking). Instructors used many different pedagogical strategies (e.g., discussions, lectures, assignments) and formats (e.g., stand-alone courses, incorporated within a technical course). Many papers identified measuring student knowledge as a particular challenge, and 59% of papers included mention of assessments or grading. Of the 69% of papers that evaluated their ethics instruction, most used student self-report surveys, course evaluations, and instructor reflections. While many papers included calls for more ethics content in computing, specific recommendations were rarely broadly applicable, preventing a synthesis of guidelines. To continue building on the last 40 years of research and move toward a set of best practices for teaching ethics in computing, our community should delineate our varied conceptions of ethics, examine which teaching strategies are best suited for each, and explore how to measure student learning.",openalex,llm,0.990,unreviewed,
discarded,"Revealing the theoretical basis of gamification: A systematic review and analysis of theory in research on gamification, serious games and game-based learning",Jeanine Krath; Linda Schürmann; Harald F. O. von Korflesch,2021,Computers in Human Behavior,10.1016/j.chb.2021.106963,https://openalex.org/W3191036075,off-topic-false-hit,"Despite increasing scientific interest in explaining how gamification supports positive affect and motivation, behavior change and learning, there is still a lack of an overview of the current theoretical understanding of the psychological mechanisms of gamification. Previous research has adopted several different angles and remains fragmented. Taking both an observational and explanatory perspective, we examined the theoretical foundations used in research on gamification, serious games and game-based learning through a systematic literature review and then discussed the commonalities of their core assumptions. The overview shows that scientists have used a variety of 118 different theories. Most of them share explicitly formulated or conceptual connections. From their interrelations, we derived basic principles that help explain how gamification works: Gamification can illustrate goals and their relevance, nudge users through guided paths, give users immediate feedback, reinforce good performance and simplify content to manageable tasks. Gamification mechanics can allow users to pursue individual goals and choose between different progress paths, while the system can adapt complexity to the user's abilities. Social gamification elements may enable social comparison and connect users to support each other and work towards a common goal.",openalex,llm,0.990,unreviewed,
discarded,Systematic Literature Review of Predictive Analysis Tools in Higher Education,Martín Liz-Domínguez; Manuel Caeiro Rodríguez; Martín Llamas Nistal; Fernando A. Mikic-Fonte,2019,Applied Sciences,10.3390/app9245569,https://openalex.org/W2995727062,off-topic-false-hit,"The topic of predictive algorithms is often regarded among the most relevant fields of study within the data analytics discipline. They have applications in multiple contexts, education being an important one of them. Focusing on higher education scenarios, most notably universities, predictive analysis techniques are present in studies that estimate academic outcomes using different kinds of student-related data. Furthermore, predictive algorithms are the basis of tools such as early warning systems (EWS): applications able to foresee future risks, such as the likelihood of students failing or dropping out of a course, and alert of such risks so that corrective measures can be taken. The purpose of this literature review is to provide an overview of the current state of research activity regarding predictive analytics in higher education, highlighting the most relevant instances of predictors and EWS that have been used in practice. The PRISMA guidelines for systematic literature reviews were followed in this study. The document search process yielded 1382 results, out of which 26 applications were selected as relevant examples of predictors and EWS, each of them defined by the contexts where they were applied and the data that they used. However, one common shortcoming is that they are usually applied in limited scenarios, such as a single course, evidencing that building a predictive application able to work well under different teaching and learning methodologies is an arduous task.",openalex,llm,0.990,unreviewed,
kept,A Study of Difficulties in Teaching and Learning Programming: A Systematic Literature Review,Rozita Kadar; Naemah Abdul Wahab; Jamal Othman; Maisurah Shamsuddin; Siti Balqis Mahlan,2021,International Journal of Academic Research in Progressive Education and Development,10.6007/ijarped/v10-i3/11100,https://openalex.org/W3201402602,supports-claim,"Teaching and learning (T&L) computer programming language especially for non-computer science students are challenging. The instructors are facing constraints or obstacles in making the students understand the programming concepts and able to create excellent programming skills to solve the real problem. Lack of logical, creative, and critical thinking among students leads to weaknesses in the implementation of problem-based learning (PBL). The entity of programming language problems such as instructors, students and programming language were examined and analyzed based on related previous studies or research that have been reported. The methodology of Structured Literature Review (SLR) was applied to explore the entities and help to measure the major contributing factors influencing the weaknesses of programming language understanding among students. Hence, SLR can guide researchers to find related information from the articles systematically and extensively in line with the objectives of the research framework.",openalex,llm,0.740,unreviewed,
discarded,Gamification in Science Education. A Systematic Review of the Literature,Michail Kalogiannakis; Stamatios Papadakis; Alkinoos-Ioannis Zourmpakis,2021,Education Sciences,10.3390/educsci11010022,https://openalex.org/W3119317690,off-topic-false-hit,"The implementation of gamification in education has attracted many researchers to increase engagement and achieve learning more effectively. Implementing technology in science curricula has seen a massive influx over the past years to stop the decline in students’ motivation towards science learning and promote scientific thinking. This study’s objective is to present the empirical findings of the state-of-the-art literature on the use of gamification in science education. Therefore, we performed a systematic literature review of 24 empirical research papers published in various electronic databases and the web search engine for scholarly literature and academic resources, Google Scholar, between 2012 and 2020. This review reveals the latest emerging trends of gamification in science education while revealing the literature gap, challenges, impediments, and extending the possibilities for future research directions. It examines the conflicting findings of other studies and provides a framework and insight for future researchers regarding content areas, educational levels, theoretical models, outcomes, methodologies, game elements, and assessment tools.",openalex,llm,0.990,unreviewed,
discarded,Use of AI-driven Code Generation Models in Teaching and Learning Programming: a Systematic Literature Review,Doga Cambaz; Xiaoling Zhang,2024,,10.1145/3626252.3630958,https://openalex.org/W4392542517,adjacent-subtopic,"The recent emergence of LLM-based code generation models can potentially transform programming education. To pinpoint the current state of research on using LLM-based code generators to support the teaching and learning of programming, we conducted a systematic literature review of 21 papers published since 2018. The review focuses on (1) the teaching and learning practices in programming education that utilized LLM-based code generation models, (2) characteristics and (3) performance indicators of the models, and (4) aspects to consider when utilizing the models in programming education, including the risks and challenges. We found that the most commonly reported uses of LLM-based code generation models for teachers are generating assignments and evaluating student work, while for students, the models function as virtual tutors. We identified that the models exhibit accuracy limitations; generated content often contains minor errors that are manageable by instructors but pose risks for novice learners. Moreover, risks such as academic misconduct and over-reliance on the models are critical when considering integrating these models into education. Overall, LLM-based code generation models can be an assistive tool for both learners and instructors if the risks are mitigated.",openalex,llm,0.880,unreviewed,
discarded,Flipped Classroom in Programming Course: A Systematic Literature Review,Hendrik Hendrik; Almed Hamzah,2021,International Journal of Emerging Technologies in Learning (iJET),10.3991/ijet.v16i02.15229,https://openalex.org/W3122151842,adjacent-subtopic,"The emerging trend technologies imply the increase in the new role of the future of jobs. Most of them required Computer Science-related skills a lot, especially programming. However, there is a skill gap for it. Some previous studies showed that many students feel difficulties in learning programming. In the last decades, there are many approaches to improve student’s learning achievement through active learning methods. One of those approaches is the Flipped Classroom (FC) method. This study presents a systematic literature review of the FC approach in the programming course. The aim of this study is to explore the strategy of FC implementation in the programming class. A total of 32 papers from ACM Digital Library and IEEE Xplore Digital Library are selected for this review. We found four types of implementation of FC in programming, with the variations of the in-class or out-class activities.",openalex,llm,0.940,unreviewed,
