status,title,authors,year,venue,doi,url,tags,abstract,provider,decision_source,llm_confidence,llm_review_outcome,llm_change_direction
discarded,CrossCode: Multi-level Visualization of Program Execution,Devamardeep Hayatpur; Daniel Wigdor; Haijun Xia,2023,,10.1145/3544548.3581390,https://openalex.org/W4363671822,adjacent-subtopic,"Program visualizations help to form useful mental models of how programs work, and to reason and debug code. But these visualizations exist at a fixed level of abstraction, e.g., line-by-line. In contrast, programmers switch between many levels of abstraction when inspecting program behavior. Based on results from a formative study of hand-designed program visualizations, we designed CrossCode, a web-based program visualization system for JavaScript that leverages structural cues in syntax, control flow, and data flow to aggregate and navigate program execution across multiple levels of abstraction. In an exploratory qualitative study with experts, we found that CrossCode enabled participants to maintain a strong sense of place in program execution, was conducive to explaining program behavior, and helped track changes and updates to the program state.",openalex,llm,0.720,unreviewed,
discarded,A hybrid reverse engineering platform combining metrics and program visualization,Serge Demeyer; StÃ©phane Ducasse; Michele Lanza,1999,Working Conference on Reverse Engineering,,https://openalex.org/W1894163201,adjacent-subtopic,,openalex,llm,0.970,unreviewed,
kept,Program Behavior Gaps: An Extension of the Rules of Program Behavior Framework,"Hoobergs, Jesse; Schrijvers, Tom; Hermans, Felienne",2026,ACM TRANSACTIONS ON COMPUTING EDUCATION,10.1145/3796523,https://www.webofscience.com/wos/woscc/full-record/WOS:001853611200001,supports-claim,"The Rules of Program Behavior framework notes that teachers target a model of program behavior instead of the complex semantics of the programming language, and allows describing these models as sets of rules of program behavior. When learners execute code, its behavior is defined by the semantics of the programming language, which might differ from the targeted model of program behavior. In this article, we present a theoretical framework that builds on the Rules of Program Behavior framework, while giving a more prominent role to the differences between the targeted models and the programming language semantics. We call these differences Program Behavior gaps and distinguish between incompleteness gaps-untaught parts-and conflict gaps-a semantic rule that conflicts with a rule of program behavior-, and between transparent and opaque gaps. Visualizations of the relation between the semantics of the programming language and the targeted model of program behavior are an integral part of our framework as they allow visualizing the gaps that could exist in a code fragment and whether these gaps are activated or not. On top of this, the framework contains clear definitions to distinguish between valid conceptions, misconceptions, missing conceptions, prior conceptions, fluid conceptions and program behavior gaps. The framework can be used to devise programming courses, to investigate the mental model of learners and to make a case for gradually evolving languages that are designed to have fewer program behavior gaps. To illustrate this, we (1) present a real-life progression of models of program behavior and discuss, for this progression, the program behavior gaps in 21 code fragments, and (2) present a study grounded in our theoretical framework in which we determine the mental model of each participant.",wos,llm,0.980,unreviewed,
discarded,The Robot's Given Path-Embodied Representational Practices with Sequential Instructions,"Eckert, Andreas; Millner, Amon",2026,ACM TRANSACTIONS ON COMPUTING EDUCATION,10.1145/3767733,https://www.webofscience.com/wos/woscc/full-record/WOS:001853637400001,adjacent-subtopic,"This study investigates how young learners employ symbolic representations through embodied strategies to program educational robots. Drawing on video data from interviews with 22 students (ages 7-8), the analysis identifies three distinct representational practices: tool-oriented, agent-oriented, and path-oriented. In tool-oriented and agent-oriented approaches, students consistently translated arrow tiles into correct movement sequences, aligning with the robot's discrete rotation and forward commands. Conversely, pathoriented strategies, in which tiles were placed to trace the robot's physical path on a grid, sometimes led to misunderstandings of rotation commands, giving rise to disagreements and incorrect solutions. By comparing these practices, the study illuminates the role of bodily gestures, spatial reasoning, and symbolic artifacts in shaping how children conceptualize the robot's ""logic."" Although path-oriented strategies may appear intuitive, they can inadvertently promote a continuous-turn notion that conflicts with the robot's step-by-step command syntax. The findings underscore the importance of explicit scaffolding in early computing education, suggesting that opportunities to test, refine, and compare different representational approaches can foster deeper insights into both spatial problem-solving and computational thinking.",wos,llm,0.840,unreviewed,
kept,The diagnostics of learning activity in the digital gaming environment,"Fedoseev, A. i.",2026,PSIKHOLOGICHESKAYA NAUKA I OBRAZOVANIE-PSYCHOLOGICAL SCIENCE AND EDUCATION,10.17759/pse.2026310213,https://www.webofscience.com/wos/woscc/full-record/WOS:001759268000015,adjacent-subtopic,"Context and relevance. Digital gaming environments are widely used for diagnostics and development of students and their specific abilities, for example, S. Papert's approach of teaching programming. The important feature of game environments is the students' autonomy in setting learning tasks. Therefore, games have great potential for the development of generalized ways of actions while solving practical problems. Objective. This study, based on the approach of V.V. Davydov, L.V. Bercfai, V.V. Rubtsov, A.M. Medvedev and Y.V. Gromyko, is dedicated to the diagnostics of learning activity of middle school students when working in digital game environment created for learning programming. Hypothesis. The work forms a hypothesis about the possible levels of learning activity in the digital game environment, which allows combining direct operations on objects represented in the game with the program control of these objects with the help of the special visual language. Methods and materials. The diagnostics was based on the educational game ""Apiary Defence"", developed in the framework of the National Cyberphysical Platform ""Berloga"". The study involved 189 students (163 males, 26 females) in grades 4-7, mean age 12,2 (SD = 1,04). Results. The diagnostic results showed that independent individual progress of students in a digital game environment does not allow them to reach high levels of learning activity, including overcoming the sign naturalization of the visual tools of the game. This result is not related to the students' class. Conclusions. The further study of the psychological mechanisms underlying the transition from the mastering of individual operations to the formation of generalized ways of problem solving is related with the conduct of a forming experiment, which can be based on joint collective activity of students.",wos,llm,0.740,unreviewed,
discarded,Lowering novice programming barriers with Medialib: studies of its effectiveness and transferability,"Wang, Jingyun; Wynn, Adam; Valente, Andrea; Sun, Daner; Marchetti, Emanuela",2026,SMART LEARNING ENVIRONMENTS,10.1186/s40561-026-00450-4,https://www.webofscience.com/wos/woscc/full-record/WOS:001723041600001,adjacent-subtopic,"Multimedia has been recognised as a powerful domain for contextualising programming concepts. However, the inherent complexity of multimedia applications, particularly their reliance on advanced data structures, often poses significant challenges for novice programmers. To address this issue, we implemented Medialib, a user-friendly Python multimedia library specifically designed for beginners at or above the high school level. Medialib was developed through an iterative process informed by empirical studies involving non-technical university students and their instructors, with the goal of making multimedia programming more accessible to learners without prior technical backgrounds. This paper introduces, for the first time, a simplified multimedia Python library and accompanying pedagogical materials tailored to the cognitive and instructional needs of novice programmers. Medialib enables a pedagogical shift in introductory Python courses from traditional mathematics-oriented exercises to multimedia-focused tasks. To evaluate its effectiveness and transferability, two empirical studies were conducted: a 14-week study in Japan (21 instructional hours, 36 students) and a 2-week study in the UK (12 instructional hours, 84 students). Analyses are done on the study data which includes teacher observational notes, questionnaires, and interviews. Specifically, a comparison of the weekly performance of learners in traditional maths-related exercises and Medialib-related exercises in the first study is discussed. Findings from both studies indicate that learners responded positively to the Medialib materials. Notably, in the Japanese study, students who initially struggled with maths-related programming tasks were able to successfully acquire foundational programming skills through Medialib activities. From week 7 onward, students consistently demonstrated strong performance in both types of exercises, suggesting that Medialib serves not only as an effective entry point for programming education but also as a transferable learning scaffold across contexts.",wos,llm,0.820,unreviewed,
discarded,Pair Programming as a Pedagogical Practice: Connections to Computing Education Theories,"Sheard, Judy; Malmi, Lauri; Szabo, Claudia; Kinnunen, Paivi",2025,"PROCEEDINGS OF THE ACM GLOBAL COMPUTING EDUCATION CONFERENCE 2025 VOL 1, COMPED 2025",10.1145/3736181.3747142,https://www.webofscience.com/wos/woscc/full-record/WOS:001687512700009,adjacent-subtopic,"From its origins as a core practice of the Extreme Programming agile software development methodology, pair programming has since been adopted into Computing Education settings to facilitate collaborative learning of programming. Using the pair programming technique, two students work together, one as the ""driver"" writing the code and the other as the ""navigator"" reviewing and directing the process. This collaborative approach provides support for learning by enhancing communication between students and facilitating knowledge sharing. Many studies of pair programming have shown the benefits of this practice to students' programming skills and learning. The theoretical foundation of pair programming as a pedagogical approach has been situated in general theories and models of learning such as social constructivism, distributed cognition and constructionism. However, as the pair programming practice has been developed within the computing domain we propose that it is important to determine whether there are also theories specific to the computing field that have been linked to pair programming. In this study we explore connections between computing domain-specific theories of learning and pair programming as reported in the literature. We found explicit and strong connections between pair programming and abstraction transition taxonomy, learning edge momentum and notional machines. This investigation has deepened understanding of the value of pair programming as a pedagogical strategy in computing education.",wos,llm,0.970,unreviewed,
kept,Mapcode Machines for Expressing and Tracing Iterative Algorithms,"Kulindala, Gnaneswar; Srikanth, Anushka; Choppella, Venkatesh; Karippayi, Muhammed Shamil",2025,"PROCEEDINGS OF THE ACM GLOBAL COMPUTING EDUCATION CONFERENCE 2025 VOL 1, COMPED 2025",10.1145/3736181.3747152,https://www.webofscience.com/wos/woscc/full-record/WOS:001687512700028,qualifies-claim,"Algorithms are a fundamental part of computer science education, with expressing and tracing forming key aspects of their study. Both pseudocode and code are used to express algorithms. Pseudocode helps abstract away specifics of the programming language when specifying an algorithm, but it can introduce ambiguities due to its informal nature and it seldom supports a structured way to trace an algorithm. On the other hand, tracing a program provides a precise description but can conflate algorithmic logic with languagespecific details, obscuring the inherent structure of an algorithm. In this experience report, we propose employing the Mapcode framework for expressing and tracing algorithms. Mapcode represents an algorithm as a set of transformations between well-defined spaces, naturally producing execution traces that are independent of programming constructs. Unlike traditional notional machines, which model the execution of programs, Mapcode machines model the high-level execution of algorithms. Mapcode traces reflect underlying logic and are independent of programming-languagespecific control structures like while loops. We report preliminary findings from two classroom activities which explored the application of Mapcode to express and trace algorithms. In the first activity, third-year undergraduate students drew Mapcode Execution Diagrams to trace simple algorithms already specified in the Mapcode framework. We found that a majority of students were successful in constructing the diagrams. In the second activity, students in a Principles of Programming Languages course successfully defined algorithms from various paradigms (greedy, dynamic programming, sorting, etc.) as Mapcode machines and implemented them in Python and Racket.",wos,llm,0.870,unreviewed,
discarded,TIDE: An Educational Live Programming Environment to Compose Graphics with PyTamaro,"Bevilacqua, Joey; Coquerel, Nathan; Chiodini, Luca; Santos, Igor Moreno; Hauswirth, Matthias",2025,"PROCEEDINGS OF THE 4TH ACM SIGPLAN INTERNATIONAL WORKSHOP ON PROGRAMMING ABSTRACTIONS AND INTERACTIVE NOTATIONS, TOOLS, AND ENVIRONMENTS, PAINT 2025",10.1145/3759534.3762683,https://www.webofscience.com/wos/woscc/full-record/WOS:001656870400004,adjacent-subtopic,"The PyTamaro approach to introductory programming equates composing a program to composing a graphic. Using the simple PyTamaro library for Python, beginner programmers compose function calls that produce primitive graphics, such as rectangle(20, 10, red), with function calls that combine graphics into composites, such as above(_, _).

To ease students into programming, several school teachers have been using TamaroCards, a paper-based visual language that can express the subset of Python needed to compose simple graphics with PyTamaro.

This paper introduces TIDE, the TamaroCards IDE, a web-based environment to complement the unplugged, paper-based TamaroCards. Given the constraints imposed by the Python programming language, the PyTamaro library, and the TamaroCards notation, the paper explores the design space for an interactive TamaroCards programming environment, describes a design that satisfies the pedagogical needs, and evaluates the implemented design using the Cognitive Dimensions framework.",wos,llm,0.830,unreviewed,
discarded,The Untaught Parts of the Programming Language: A Theoretical Framework,"Hoobergs, Jesse",2025,"PROCEEDINGS OF THE 30TH ACM CONFERENCE ON INNOVATION AND TECHNOLOGY IN COMPUTER SCIENCE EDUCATION VOL 2, ITICSE 2025",10.1145/3724389.3731289,https://www.webofscience.com/wos/woscc/full-record/WOS:001540559800086,adjacent-subtopic,"As programming language features are only gradually introduced to novices, many educational programming languages contain language levels. It is, however, hard to link language levels to existing theoretical computing education frameworks. I present an extension of such a theoretical framework in which the untaught parts of the programming language can be expressed, leading to a theoretical underpinning of language levels.",wos,llm,0.840,unreviewed,
kept,Experience Report: Physical Models of Java Inheritance,"Lewis, Colleen M.; Hernandez, Manuel; Kuo, Angel; McDowell, Hannah; Roller, Nathan",2025,"PROCEEDINGS OF THE 56TH ACM TECHNICAL SYMPOSIUM ON COMPUTER SCIENCE EDUCATION, SIGCSE TS 2025, VOL 1",10.1145/3641554.3701871,https://www.webofscience.com/wos/woscc/full-record/WOS:001443080400096,adjacent-subtopic,"Developing a repertoire of notional machines (i.e., pedagogical tools for teaching programming) is essential for new computer science (CS) educators. However, there is a lack of documentation of notional machines and related pedagogical content knowledge (i.e., insights into teaching CS content). Our experience report addresses this lack of documentation and captures insights from our professional learning community. We co-designed an approach to use physical objects to teach inheritance in Java. Unlike a research paper that would rigorously document a few student outcomes with the expectation that these would generalize, our experience report shares our observations from multiple years of teaching with the goal of providing a number of things for educators to consider when teaching inheritance in Java. Drawing from an analysis of our meeting notes, we describe our instructional sequence, our perceptions of its current strengths and weaknesses for supporting students' learning, insights from our previous failed attempts, and eight pedagogical practices.",wos,llm,0.950,unreviewed,
kept,MemStep: An Interactive Tool for Constructing and Visualizing the Run-Time Memory Layout of Java Programs,"Le Pham, Michelle; Nguyen, Anna; Schreib, Rebecca",2024,"PROCEEDINGS OF THE 2024 CONFERENCE INNOVATION AND TECHNOLOGY IN COMPUTER SCIENCE EDUCATION, VOL 1, ITICSE 2024",10.1145/3649217.3653532,https://www.webofscience.com/wos/woscc/full-record/WOS:001265872600079,supports-claim,"Novice programmers often struggle to build accurate mental models of computation, which hinders their ability to understand, debug, and optimize programs. This paper presents MemStep, an interactive visualization tool designed to help students develop robust and accurate mental models of computation. MemStep enables students to ""step"" through the execution of Java programs and visualize the run-time layout of memory. It actively involves students in the process of constructing these visualizations by requiring that they identify each memory operation - such as allocating an object on the heap, allocating a new stack frame, or adding a variable to the stack - that occurs during the execution of each line of code. When a student correctly completes an operation, the stack or heap is visually updated to reflect the operation that was performed. If a student makes a mistake, they receive targeted feedback and can retry until they reach the correct answer. MemStep was piloted in a sophomore-level course on program design and evaluated using a controlled experiment, where it was found to be at least as effective and more engaging as compared to traditional learning activities.",wos,llm,0.970,unreviewed,
kept,"""How does the computer carry out digitalRead()?"" Notional Machines Mediated Learner Conceptual Agency within an Introductory High School Electronic Textiles Unit","Jayathirtha, Gayithri",2023,"PROCEEDINGS OF THE 2022 ACM CONFERENCE ON INTERNATIONAL COMPUTING EDUCATION RESEARCH, ICER 2022, VOL. 1",,https://www.webofscience.com/wos/woscc/full-record/WOS:001143762100015,supports-claim,"Learners in computing classrooms must develop and adopt viable conceptions of program dynamics to read, write, and debug programs within a given programming context. Learners find support in notional machines, or simplified notions about underlying program behavior within a programming context, that educators provide them. While prior studies have examined students' use of notional machines to trace program execution during interviews or quizzes, learners' interactions with them within classrooms is understudied. Framing learning with notional machines as a sociocultural process, I conducted an interaction analysis of high school students' learning across eight class periods during a 14-week introductory computing electronic textiles online unit to answer the questions: (1) How did students interact with program dynamics during the unit? (2) Did notional machines support students with computing conceptual agency? If so, how? Findings revealed that learners interacted with program dynamics in agentic ways as they adopted notional machines to reason, ask questions about, reveal and revise their notions of program execution. While prior studies have explored notional machines' affordance for mental model development, this study revealed their situated nature and their role in making program dynamics visible and accessible for sustained joint exploration within classrooms. Findings from this analysis make a three-fold contribution: they highlight the mediating role of notional machines in supporting agentic learner interaction with program dynamics, their role in sustaining joint meaning-making within computing classrooms, and their evolving nature as a result of continuous interactions between the learners and the teacher.",wos,llm,0.980,unreviewed,
