status,title,authors,year,venue,doi,url,tags,abstract,provider,decision_source,llm_confidence,llm_review_outcome,llm_change_direction
kept,The state of the field of computational thinking in early childhood education,Marina Umaschi Bers; Amanda Strawhacker; Amanda Sullivan,2022,OECD education working papers,10.1787/3354387a-en,https://openalex.org/W4285085466,systematic-review,"Computer programming and associated Computational Thinking (CT) skills are essential to thriving in today’s academic and professional world. There has been a growing focus globally on fostering CT skills as well as on introducing computer programming concepts and languages beginning as early as kindergarten and pre-primary school. Tools, curriculum, and frameworks to promote CT in the early years must be designed and implemented in ways that engage children who cannot yet read and write, who learn through play, and who have a short attention span and limited working memory but also strong natural curiosity. This review summarises empirical and theoretical literature on the state of the field of CT as it relates to early learning and development, a time when young children are being introduced to foundational skills, such as literacy and numeracy, which can carefully be complemented by an exploration of CT.",openalex,llm,0.920,unreviewed,
discarded,A systematic review of primary school teachers’ experiences with digital technologies curricula,Lynley Rose Stringer; Kerry Lee; Sean Sturm; Nasser Giacaman,2022,Education and Information Technologies,10.1007/s10639-022-11127-z,https://openalex.org/W4281809884,adjacent-subtopic,"Many countries around the world have now introduced Digital Technology concepts and pedagogical practices to their primary school curricula to ensure students develop the understanding, competences and values that will enable them to contribute to and benefit from their future labour market and society. This study aimed to explore teachers’ experiences with these curricula in order to understand how teachers can be supported to raise their implementation efforts. An analysis of twenty-three studies across eleven countries was undertaken and found there was a lack of consensus of an appropriate age and approach to introducing Digital Technology concepts within primary schools. Teachers’ Digital Technology self-efficacy, Digital Technology self-esteem/ Digital Technology confidence was seen to greatly influence their implementation, and many challenges to implementation were discussed. Professional Learning and Development was raised as a solution to boost teachers’ confidence and overcome common implementation barriers.",openalex,llm,0.890,unreviewed,
kept,Teaching and learning introductory programming : a model-based approach,Jens Bennedsen,2008,Duo Research Archive (University of Oslo),,https://openalex.org/W2466857371,adjacent-subtopic,"The dissertation identifies and discusses impact of a model-based approach to teaching and learning introductory object-oriented programming both for practitioners and for computer science education research.Learning to program is notoriously difficult. This dissertation investigates ways to teach introductory object-oriented programming at the university level. It focuses on a model-based approach, describes and argues for this approach and investigates several of its aspects. It gives an overview of the research in teaching introductory programming in an objects-first way. The dissertation also investigates ways for university teachers to share and document best practices in teaching introductory object-oriented programming through pedagogical patterns. The dissertation addresses both traditional young full-time students and experienced programmers (although not in object-orientation) participating in part-time education. It examines whether the same success factors for learning programming apply to a model-based approach as to introductory programming courses in general for full-time students and gives a general overview of research in success factors for introductory programming. Some factors are the same, because students‘ math competence is positively correlated with their success. The dissertation examines how experienced programmers link a model-based programming course to their professional practices. The general answer is that the part-time students do not need to have a direct link to their specific work-practice, they expect to create the link themselves; but the teacher must be aware of the conditions facing the part-time students in industry. Furthermore, the dissertation addresses interaction patterns for part-time students learning model-based introductory programming in a net-based environment. A previously prepared solution to an exercise is found to mediate the interaction in three different ways. Design patterns have had a major impact on the quality of object-oriented software. Inspired by this, researchers have suggested pedagogical patterns for sharing best practices in teaching introductory object-oriented programming. It was expected that university teachers‘ knowledge of pedagogical patterns was limited, but this research proved that to be wrong; about half of the teachers know pedagogical patterns. One of the problems this dissertation identifies is the lack of a structuring principle for pedagogical patterns; potential users have problems identifying the correct patterns to apply. An alternative structuring principle based on a constructivist learning theory is suggested and analysed.",openalex,llm,0.890,unreviewed,
kept,Investigating the Impact of Using a Live Programming Environment in a CS1 Course,Ruanqianqian Huang; Kasra Ferdowsi; Ana Selvaraj; Adalbert Gerald Soosai Raj; Sorin Lerner,2022,Proceedings of the 53rd ACM Technical Symposium on Computer Science Education,10.1145/3478431.3499305,https://openalex.org/W4293227338,supports-claim,"Novice programmers often struggle with code understanding and debugging. Live Programming environments visualize the runtime values of a program each time it is modified to provide immediate feedback, which help with tracing the program execution. This paper presents the use of a Live Programming tool in a CS1 course to better understand the impact of Live Programming on novices' learning metrics and their perceptions of the tool. We conducted a within-subjects study at a large public university in a CS1 course in Python (N=237) where students completed tasks in a lab setting, in some cases with a Live Programming environment, and in some cases without. Through post-lab surveys and open-ended feedback, we measured how well students understood the material and how students perceived the programming environment. To understand the impact of Live Programming, we compared the collected data for students who used Live Programming with the data for students who did not. We found that while learning outcomes were the same regardless of whether Live Programming was used or not, students who used the Live Programming tool completed some code tracing tasks faster. Furthermore, students liked the Live Programming environment more, and rated it as more helpful for their learning.",openalex,llm,0.900,unreviewed,
discarded,A program design tool to help novices learn programming,Stuart Garner,2007,ASCILITE Publications,10.65106/apubs.2007.2571,https://openalex.org/W2136975515,adjacent-subtopic,"The learning of software development is difficult for many students. Often students start writing programming code as soon as they receive a problem statement without paying sufficient attention to program design. One of the most common ways to design the logic of a program is to use pseudocode, and yet many students do not like to do this. Reasons for this include: it is another language to learn; they do not think that they are actually programming; they cannot test their designs as the designs are not executable; there is not a rigid syntax and so students are unsure whether their pseudocode meets an instructor's expectations. This paper concerns the development of a simple tool that helps students create pseudocode. The tool has been used and evaluated in an introductory programming unit of study. The results suggest that the tool was easy for students to learn and that it helped support their learning.",openalex,llm,0.870,unreviewed,
discarded,Student Code Refactoring Misconceptions,Eduardo Oliveira; Hieke Keuning; Johan Jeuring,2023,,10.1145/3587102.3588840,https://openalex.org/W4382652752,adjacent-subtopic,"Teaching students to develop code of good quality is important. Refactoring -- rewriting a program into a semantically equivalent program of better quality -- is a common technique to improve code quality. It is therefore relevant for students to learn about refactoring, even for the smaller programs they write as beginners. However, students make mistakes when refactoring programs. Some of these mistakes appear often, and might be caused by misconceptions they have. In this paper, we investigate common student code refactoring misconceptions. We do this by analyzing log data containing program snapshots of students working on refactoring exercises in a tutoring system. We manually inspect all transitions from a correct program state to an incorrect state. We then use grounded theory to identify and categorize misconceptions students might have when refactoring programs. As a result, this work (1) defines the concept of refactoring misconception, and (2) provides an initial list of 25 such misconceptions, together with an accompanying website with full details.",openalex,llm,0.860,unreviewed,
kept,What We Talk About When We Talk About Programs,Violetta Lonati; Andrej Brodnik; Tim Bell; Andrew Csizmadia; Liesbeth De Mol; Henry Hickman; Therese Keane; Claudio Mirolo; Mattia Monga,2022,,10.1145/3571785.3574125,https://openalex.org/W4313288629,qualifies-claim,"Programming plays a paramount role in many educational policies and initiatives. However, the current focus on coding skills poses the risk of giving students an overly simplistic and impoverished idea of what programming means and involves. Their experiences would be much more significant if learning encompassed understanding the richness of the nature of programs.",openalex,llm,0.740,unreviewed,
discarded,Algodynamics: Teaching Algorithms using Interactive Transition Systems,Venkatesh Choppella; Viswanath Kasturi; Mrityunjay Kumar; Ojas Mohril,2020,arXiv (Cornell University),10.48550/arxiv.2010.10015,https://openalex.org/W3094142272,adjacent-subtopic,"The importance of algorithms and data structures in computer science curricula has been amply recognized. For many students, however, gaining a good understanding of algorithms remains a challenge. Because of the automated nature of sequential algorithms. there is an inherent tension in directly applying the `learning by doing' approach. This partly explains the limitations of efforts like algorithm animation and code tracing. Algodynamics, the approach we propose and advocate, situates algorithms within the framework of transition systems and their dynamics and offers an attractive approach for teaching algorithms. Algodynamics starts with the premise that the key ideas underlying an algorithm can be identified and packaged into interactive transition systems. The algorithm when `opened up', reveals a transition system, shorn of most control aspects, enriched instead with interaction. The design of an algorithm can be carried out by constructing a series of interactive systems, progressively trading interactivity with automation. These transition systems constitute a family of notional machines. We illustrate the algodynamics approach by considering Bubblesort. A sequence of five interactive transition systems culminate in the classic Bubblesort algorithm. The exercise of constructing the individual systems also pays off when coding Bubblesort: a highly modular implementation whose primitives are borrowed from the transition systems. The transition systems used for Bubblesort have been implemented as interactive experiments. These web based implementations are easy to build. The simplicity and flexibility afforded by the algodynamics framework makes it an attractive option to teach algorithms in an interactive way.",openalex,llm,0.870,unreviewed,
discarded,Factors Affecting Students' Attitudes toward Computer Programming,Meli̇h Derya Gürer; İbrahim Çetin; Ercan Top,2019,Informatics in Education,10.15388/infedu.2019.13,https://openalex.org/W2984916427,adjacent-subtopic,"The aim of this study was to investigate the factors affecting the pre-service computer science teachers' attitudes towards computer programming (ATCP). The sample consists of 119 pre-service teachers at a public state university. The influences of students' demographic characteristics (gender, grade level, and high school type), their achievement in computer programming courses, perceived learning, and computer programming self-efficacy on their ATCP were tested using multiple linear regression. Descriptive, correlation and regression analyses revealed three findings: (1) students had moderately high ATCP, (2) their ATCP had significant correlations with their achievement in computer programming courses, computer programming self-efficacy, and perceived learning, and (3) three variables (achievement in computer programming courses, computer programming self-efficacy, and perceived learning) were significant predictors of their ATCP.",openalex,llm,0.950,unreviewed,
kept,Structuring Competency-Based Courses Through Skill Trees,"Bijl, Hildo",2025,arXiv (Cornell University),10.48550/arxiv.2504.16966,https://openalex.org/W4415306697,qualifies-claim,"Computer science education has seen two important trends. One has been a shift from raw theory towards skills: competency-based teaching. Another has been increasing student numbers, with as a result more automation in teaching. When automating education, it is crucial to properly structure courses, both to manage digitalized educational resources and to facilitate automated coaching algorithms. Currently existing structuring methodologies are focused around theory and not around skills, and are incapable of modeling the dependency links between skills. Because of this, a new didactic framework is needed. This paper presents a new method of structuring educational contents around skills: something that a student is expected to be able to do. It defines Skill Trees that show dependencies between skills, and subsequently couples these to Concept Trees that contain intuitive ideas/notional machines. Due to the algorithmic nature of computer science, this step-wise approach is especially well-suited to this field of education. Next to formal definitions on Skill Trees and Concept Trees, guidelines are given on how to design them and how to plan a course using them. The Skill Trees framework has been applied to improve the structure of a university database course. Student interviews indicated reduced confusion/stress and less study time required for students to meet their desired skill level.",openalex,llm,0.670,unreviewed,
discarded,Pedagogical Prisms: Toward Domain Isomorphic Analogy Design for Relevance and Engagement in Computing Education,Briana Bettin; Linda Ott,2023,,10.1145/3587102.3588830,https://openalex.org/W4382654266,adjacent-subtopic,"Analogy is a frequently leveraged pedagogical tool used across many disciplines, with computing being no exception. Computing education researchers, however, have raised concerns regarding the limitations of analogy. One obvious concern is the relevance of any given analogy to learners. Designing relevant analogies can greatly increase student engagement with the problem space by centering examples on their lived experiences. Relevant analogies can also facilitate learners in building appropriate connections as they explore novel concepts.",openalex,llm,0.820,unreviewed,
discarded,Abstraction in Computer Science Education: An Overview,Claudio Mirolo; Cruz Izu; Violetta Lonati; Emanuele Scapin,2021,Informatics in Education,10.15388/infedu.2021.27,https://openalex.org/W4200011425,adjacent-subtopic,"When we “think like a computer scientist,” we are able to systematically solve problems in different fields, create software applications that support various needs, and design artefacts that model complex systems. Abstraction is a soft skill embedded in all those endeavours, being a main cornerstone of computational thinking. Our overview of abstraction is intended to be not so much systematic as thought provoking, inviting the reader to (re)think abstraction from different – and perhaps unusual – perspectives. After presenting a range of its characterisations, we will explore abstraction from a cognitive point of view. Then we will discuss the role of abstraction in a range of computer science areas, including whether and how abstraction is taught. Although it is impossible to capture the essence of abstraction in one sentence, one section or a single paper, we hope our insights into abstraction may help computer science educators to better understand, model and even dare to teach abstraction skills.",openalex,llm,0.770,unreviewed,
kept,Combining program visualization with programming workspace to assist students for completing programming laboratory task,Elvina Elvina; Oscar Karnalim; Mewati Ayub; Maresha Caroline Wijanto,2018,Journal of Technology and Science Education,10.3926/jotse.420,https://openalex.org/W2809514078,supports-claim,"Numerous Program Visualization tools (PVs) have been developed for assisting novice students to understand their source code further. However, none of them are practical to be used in the context of completing programming laboratory task; students are required to keep switching between PV and programming workspace when they need to know how their code works. This paper combines PV with programming workspace to handle such issue. Resulted tool (which is named PITON) has 13 features extracted from PythonTutor, PyCharm, and student’s feedbacks about PythonTutor. According to think-aloud and user study, PITON is more practical to be used than a combination of PythonTutor and PyCharm. Further, its features are considerably helpful; students rated these features as useful and frequently used.",openalex,llm,0.890,unreviewed,
kept,Can Object (Instance) Diagrams Help First Year Students Understand Program Behaviour?,Lynda Thomas; Mark B. Ratcliffe; Benjy Thomasson,2004,Lecture notes in computer science,10.1007/978-3-540-25931-2_41,https://openalex.org/W1587182024,supports-claim,,openalex,llm,0.840,unreviewed,
discarded,Future Directions for Electric Propulsion Research,Ethan T. Dale; Benjamin Jorns; Alec D. Gallimore,2020,Aerospace,10.3390/aerospace7090120,https://openalex.org/W3069637168,off-topic-false-hit,"The research challenges for electric propulsion technologies are examined in the context of s-curve development cycles. It is shown that the need for research is driven both by the application as well as relative maturity of the technology. For flight qualified systems such as moderately-powered Hall thrusters and gridded ion thrusters, there are open questions related to testing fidelity and predictive modeling. For less developed technologies like large-scale electrospray arrays and pulsed inductive thrusters, the challenges include scalability and realizing theoretical performance. Strategies are discussed to address the challenges of both mature and developed technologies. With the aid of targeted numerical and experimental facility effects studies, the application of data-driven analyses, and the development of advanced power systems, many of these hurdles can be overcome in the near future.",openalex,llm,1.000,unreviewed,
discarded,Recommendations for Improving End-User Programming Education: A Case Study with Undergraduate Chemistry Students,William Fuchs; Ashley Ringer McDonald; Aakash Gautam; Ayaan M. Kazerouni,2024,Journal of Chemical Education,10.1021/acs.jchemed.4c00219,https://openalex.org/W4400357526,adjacent-subtopic,"Programming is widespread in multiple domains and is being integrated into various discipline-specific university courses where, like students in a typical introductory computing course, students from other disciplines face challenges with learning to program. We offer a case study in which we study undergraduate students majoring in either chemistry or biochemistry as they learn programming in a physical chemistry course sequence. Using surveys and think-aloud sessions with students, we conducted a thematic content analysis to explain the challenges they face in this endeavor. We found that students struggled to transfer their programming knowledge to new representations and problems, and they did not have strategies in place for solving problems with programming. These facts combine to lower students' confidence in their programming abilities, making it less likely that they will reach for computing to help solve domain-specific problems. We recommend that students in end-user programming contexts be explicitly taught the skills of abstraction, decomposition, and metacognitive awareness as they pertain to programming.",openalex,llm,0.830,unreviewed,
