status,title,authors,year,venue,doi,url,tags,abstract,provider,decision_source,llm_confidence,llm_review_outcome,llm_change_direction
discarded,Bringing Robotics to Formal Education: The Thymio Open-Source Hardware Robot,Francesco Mondada; Michaël Bonani; Fanny Riedo; Manon Briod; Léa Pereyre; Philippe Rétornaz; Stéphane Magnenat,2017,IEEE Robotics & Automation Magazine,10.1109/mra.2016.2636372,https://openalex.org/W2567565366,adjacent-subtopic,"Mobile robots are valuable tools for education because of both the enthusiasm they raise and the multidisciplinary nature of robotics technology. Mobile robots give access to a wide range of fields, such as complex mechanics, sensors, wireless transmission, mathematics, and computer science. However, despite their potential as educational tools, robots are still not as widespread in schools as they could be. In this article, we identify five key reasons: lack of diversity, high cost, noninclusive design, lack of educational material, and lack of stability over time. Then, we describe our answers to these problems, as we implemented them in the Thymio project: a mature mass-produced open-hardware robot, at a low price, with a multiage and gender-neutral feature set, and with a design promoting creativity, facilitating learning, and providing a wide range of interaction possibilities from built-in behaviors to text programming, passing through different visual programming environments. We highlight some neglected key issues that differentiate open-source hardware from open-source software, for instance the legal uncertainty of designing open hardware using professional computer-aided design (CAD) tools and the difficulty to distribute the development. Our solution to these being to increase the awareness of CAD editors to open-source hardware and to provide a two-layer development model for hardware.",openalex,llm,0.940,unreviewed,
kept,“Eu posso aprender tudo online”: Uma Análise das Notional Machines do TikTok para Aprender Programação,Maria Cristina Barbieri; J Vázquez Amaral; Rodrigo Duran,2024,,10.5753/wei.2024.2325,https://openalex.org/W4401018409,supports-claim,"Não é surpreendente que muitos instrutores e estudantes recorram a espaços educacionais não-formais, especialmente redes sociais baseadas em vídeo como o TikTok, quando têm a tarefa de aprender a programar, particularmente quando o treinamento formal é raramente fornecido. No entanto, é incerto que tipo de conteúdo educacional tais plataformas fornecem aos professores e a qualidade desse conteúdo. Neste trabalho, visamos diminuir essa lacuna investigando vídeos de programação no TikTok, extraindo explicações – as Notional Machines – usadas pelos apresentadores. Analisamos 300 vídeos dessa plataforma para classificar as Notional Machines usadas para explicar tópicos como variáveis, loops, condicionais e funções. Nossos resultados mostram que, em geral, a maioria dos vídeos não oferece uma definição explícita dos conceitos, ou usam explicações superficiais ou ”de livro didático”, incluindo algumas consideradas perigosas na literatura. Infelizmente, não conseguimos encontrar uma nova terminologia ou linguagem que permitisse aos educadores se comunicar com sucesso com alunos dos níveis primário e secundário. Embora mais trabalho seja necessário para analisar um corpus maior de vídeos, oferecemos um alerta sobre o uso de conteúdo não verificado como substituto para materiais de aprendizagem bem preparados.",openalex,llm,0.940,unreviewed,
discarded,Conceptions and Misconceptions about Computational Thinking among Italian Primary School Teachers,Isabella Corradini; Michael Lodi; Enrico Nardelli,2017,,10.1145/3105726.3106194,https://openalex.org/W2749412609,off-topic-false-hit,"Many advanced countries are recognizing more and more the importance of teaching computing, in some cases even as early as in primary school. ""Computational thinking"" is the term often used to denote the conceptual core of computer science or ""the way a computer scientist thinks"", as Wing put it. Such term - given also the lack of a widely accepted definition - has become a ""buzzword"" meaning different things to different people. We investigated the Italian primary school teachers' conceptions about computational thinking by analyzing the results of a survey (N=972) conducted in the context of ""Programma il Futuro"" project. Teachers have been asked to provide a definition of computational thinking and to answer three additional related closed-ended questions. The analysis shows that, while almost half of teachers (43.4%) have included in their definitions some fundamental elements of computational thinking, very few (10.8%) have been able to provide an acceptably complete definition. On a more positive note, the majority is aware that computational thinking is not characterized by coding or by the use of information technology.",openalex,llm,0.950,unreviewed,
kept,"Curriculum, Teaching and Learning, and Assessments for Introductory Programming Course",Erum Mehmood; Adnan Abid; Muhammad Shoaib Farooq; Naeem A. Nawaz,2020,IEEE Access,10.1109/access.2020.3008321,https://openalex.org/W3041712829,supports-claim,"Learning to program involves acquisition of various skills including problem solving, fundamental design techniques as well as critical thinking. Generally, most of the novice programmers struggle to develop all these important skill. The research community has addressed the problem in many different ways while involving improvisations in curriculum, pedagogical methods, cognitive aspects, supporting tools, and in designing assessments. This research aims to analyze and synthesize the existing literature in the aforementioned areas. Research articles pertaining to the area of Introductory Programming Courses (IPC) have been found using appropriate search queries, while nearly 60 research articles, published in last ten years, have been carefully selected by employing a systematic filtering process. The scope of this work only covers the research conducted for IPC in higher education. Main findings of this study show that “solution proposal” and “evaluation research” have been reported as two main research types adopted by these studies. Moreover, pedagogy, language choice and students' performance analysis are the most frequently addressed aspects of IPC; whereas, curriculum contents, assessment design, and teaching/learning through tools have appeared as less addressed aspects of IPC. Furthermore, a taxonomy of IPC has been presented based on the studied literature. Lastly, general considerations and future research directions have been presented for the practitioners and researchers in this area.",openalex,llm,0.980,unreviewed,
discarded,Comparing Code Explanations Created by Students and Large Language Models,Juho Leinonen; Paul Denny; Stephen MacNeil; Sami Sarsa; Seth Bernstein; Joanne Kim; Andrew Tran; Arto Hellas,2023,,10.1145/3587102.3588785,https://openalex.org/W4382654294,adjacent-subtopic,"Reasoning about code and explaining its purpose are fundamental skills for computer scientists. There has been extensive research in the field of computing education on the relationship between a student's ability to explain code and other skills such as writing and tracing code. In particular, the ability to describe at a high-level of abstraction how code will behave over all possible inputs correlates strongly with code writing skills. However, developing the expertise to comprehend and explain code accurately and succinctly is a challenge for many students. Existing pedagogical approaches that scaffold the ability to explain code, such as producing exemplar code explanations on demand, do not currently scale well to large classrooms. The recent emergence of powerful large language models (LLMs) may offer a solution. In this paper, we explore the potential of LLMs in generating explanations that can serve as examples to scaffold students' ability to understand and explain code. To evaluate LLM-created explanations, we compare them with explanations created by students in a large course (n ≈ 1000) with respect to accuracy, understandability and length. We find that LLM-created explanations, which can be produced automatically on demand, are rated as being significantly easier to understand and more accurate summaries of code than student-created explanations. We discuss the significance of this finding, and suggest how such models can be incorporated into introductory programming education.",openalex,llm,0.910,unreviewed,
discarded,The Nature of Physical Computation,Oron Shagrir,2022,,10.1093/oso/9780197552384.001.0001,https://openalex.org/W4212994363,off-topic-false-hit,"Abstract Computing systems are everywhere today. Even the brain is thought to be a sort of computing system. But what does it mean to say that a given organ or system computes? What is it about laptops, smartphones, and nervous systems that they are deemed to compute, and why does it seldom occur to us to describe stomachs, hurricanes, rocks, or chairs that way? The book provides an extended argument for the semantic view of computation, which states that semantic properties are involved in the nature of computing systems. Laptops, smartphones, and nervous systems compute because they are accompanied by representations. Stomachs, hurricanes, and rocks, for instance, which do not have semantic properties, do not compute. The first part of the book argues that the linkage between the mathematical theory of computability and the notion of physical computation is weak. Theoretical notions such as algorithms, effective procedure, program, and automaton play only a minor role in identifying physical computation. The second part of the book reviews three influential accounts of physical computation and argues that while none of these accounts is satisfactory, each of them highlights certain key features of physical computation. The final part of the book develops and argues for a semantic account of physical computation and offers a characterization of computational explanations.",openalex,llm,0.990,unreviewed,
kept,Suoritusmallin ja ohjelmavisualisaation suhde ohjelmoinnin alkuopetuksessa,Kaappo Raivio,2026,Aaltodoc (Aalto University),,https://openalex.org/W7162234554,supports-claim,"Understanding the runtime behavior of a program and the notional machine is one of the key challenges for novice programmers. This thesis examines program visualizations as a means to increase the understanding of a program’s runtime behavior. The thesis presents a perspective on how information about notional machines can be obtained through interactive animations illustrating program execution, i.e., program visualizations. By treating program visualization as an explicit manifestation of a notional machine, conclusions can be drawn about the details of the underlying notional machine. The thesis examines the relationship between various available program visualization tools and their notional machines. The objects of analysis are five tools (Python Tutor, JSVee, Thonny, SimpliPy, and Stacker), which are compared from the perspectives of the visualization of control flow, expression reduction, and references and aliasing. The results show that the examined tools have much in common, but they also differ, for example, regarding the stepping level and the visualization of references. The thesis aims to clarify what kinds of choices must be made when developing a program visualization tool. The results of the work help in understanding the pedagogical emphases of visualization tools and provide a structured way to evaluate their common features.",openalex,llm,0.950,unreviewed,
discarded,Secondary school students' mental models and attitudes regarding artificial intelligence - A scoping review,Erik Marx; Thiemo Leonhardt; Nadine Bergner,2023,Computers and Education Artificial Intelligence,10.1016/j.caeai.2023.100169,https://openalex.org/W4387336119,off-topic-false-hit,"With the increasing relevance of Artificial Intelligence (AI) in society, AI literacy is increasingly being integrated into K-12 education. However, students already form conceptions about modern technologies (especially AI) from their interaction with their everyday environment. In this paper, we conduct a systematic scoping review on the emerging research field of secondary school students' mental models and attitudes towards AI. Our goal is to identify research approaches and uncover research gaps. For this purpose, we searched literature (2012–2022) in the ACM, IEEE, ERIC, and Science Direct databases. In total, we were able to identify 18 relevant papers, for which we collected and evaluated research objectives, results, and open research directions. As a result, it can be seen that most of the literature examined deals with students' attitudes toward AI and moderating variables. Furthermore, initial research exists on the type of mental models students have about AI. As existing research gaps, we identify the lack of development of research instruments to survey mental models. Furthermore, we detect insufficient research on the effect of learning interventions on the construction of students' mental models.",openalex,llm,0.970,unreviewed,
kept,The Effect of Sketching and Tracing on Instructors' Understanding of Student Misconceptions,Kathryn Cunningham,2017,,10.1145/3105726.3105746,https://openalex.org/W2747877035,supports-claim,"The operation of the notional machine presents a hidden but crucial process in students' understanding of introductory programming. When students trace though code, simulating the operation of the notional machine, this hidden operation becomes evident. When students sketch this trace by physically drawing it, the operation is also visible to peers, tutors, and teachers as well as to the students themselves. Increased accuracy on code reading problems has already been found for students who sketch and trace. I want to explore whether sketching and tracing helps others better understand what a student knows about the notional machine.",openalex,llm,0.930,unreviewed,
discarded,Transformation model for character education of students,Erni Ratna Dewia; Aminullah A. Alam,2020,Cypriot Journal of Educational Sciences,10.18844/cjes.v15i5.5155,https://openalex.org/W3096219953,off-topic-false-hit,"The aim of the current study is to find out and explain the transformation of character education of students observed from the role of teacher in line with the vision, responsibility, social sensitivity, logical ability, and honesty in producing well prepared output to encounter today's global digital. This study applied qualitative approach with phenomenological type of sociology-oriented educational research that is general, flexible, dynamic, exploratory, and experiences developed during the research process. Data analysis through reducing information, presenting information, verification, and concluding. Result of the study found that transformation of student character education is an effort made to face 21st-century education (Industry 4.0 revolution) today where every educational institution implements digital literacy habits (Digital-age Literacy) in the classroom/school learning as transformation of character education of modern students in order to gain understanding of these digital literal dimensions and to develop digital literacy learning materials and methods at school and outside of school. The application of digital literacy becomes finding of model in transformation of student character education that is inseparable from the role of teachers in learning activities applied in line with their vision, responsibility, social sensitivity, logical ability and honesty to produce a well-prepared output to face global digital with the flow of developmental applications, technology and to be able to compete at the international level. Keywords: Transformation of Character Education, Digital Literacy and the Role of Teachers",openalex,llm,0.990,unreviewed,
kept,Teaching computer programming with PRIMM: a sociocultural perspective,Sue Sentance; Jane Waite; Maria Kallia,2019,Computer Science Education,10.1080/08993408.2019.1608781,https://openalex.org/W2940964418,adjacent-subtopic,"Background and Context: Vygotsky's sociocultural theory emphasises the importance of language, mediation, and the transfer of skills and knowledge from the social into the cognitive plane. This perspective has influenced the development of PRIMM (Predict, Run, Investigate, Modify, Make), a structured approach to teaching programming.Objective: The objective of the study was to find out if using PRIMM to teach programming had an impact on learner attainment in secondary school, and the extent to which it was valuable for teachers.Method: We evaluated the use of PRIMM in 13 schools with 493 students aged 11-14 alongside a control group, using a mixed-methods approach. Teachers delivered programming lessons using the PRIMM approach for 8-12 weeks. Data were collected via a combination of a baseline test, a post-test to compare control and experimental groups, and teacher interviews.Findings: Learners performed better in the post test than the control group. Teachers reported several benefits of the PRIMM approach, including that PRIMM helped them to teach effectively in mixed-ability classes, enabling all learners to make progress.Implications: PRIMM makes a contribution to programming education research by building on previous work in effective pedagogy for teachers, and encouraging the use of language and dialogue to facilitate understanding.",openalex,llm,0.770,unreviewed,
discarded,"Machine Learning Education for Artists, Musicians, and Other Creative Practitioners",Rebecca Fiebrink,2019,ACM Transactions on Computing Education,10.1145/3294008,https://openalex.org/W2910392324,adjacent-subtopic,"This article aims to lay a foundation for the research and practice of machine learning education for creative practitioners. It begins by arguing that it is important to teach machine learning to creative practitioners and to conduct research about this teaching, drawing on related work in creative machine learning, creative computing education, and machine learning education. It then draws on research about design processes in engineering and creative practice to motivate a set of learning objectives for students who wish to design new creative artifacts with machine learning. The article then draws on education research and knowledge of creative computing practices to propose a set of teaching strategies that can be used to support creative computing students in achieving these objectives. Explanations of these strategies are accompanied by concrete descriptions of how they have been employed to develop new lectures and activities, and to design new experiential learning and scaffolding technologies, for teaching some of the first courses in the world focused on teaching machine learning to creative practitioners. The article subsequently draws on data collected from these courses—an online course as well as undergraduate and masters-level courses taught at a university—to begin to understand how this curriculum supported student learning, to understand learners’ challenges and mistakes, and to inform future teaching and research.",openalex,llm,0.930,unreviewed,
discarded,An evaluation of a professional learning network for computer science teachers,Quintin Cutts; Judy Robertson; Peter Donaldson; Laurie O’Donnell,2017,Computer Science Education,10.1080/08993408.2017.1315958,https://openalex.org/W2606770793,adjacent-subtopic,"This paper describes and evaluates aspects of a professional development programme for existing CS teachers in secondary schools (PLAN C) which was designed to support teachers at a time of substantial curricular change. The paper’s particular focus is on the formation of a teacher professional development network across several hundred teachers and a wide geographical area. Evidence from a series of observations and teacher surveys over a two-year period is analysed with respect to the project’s programme theory in order to illustrate not only whether it worked as intended, by why. Results indicate that the PLAN C design has been successful in increasing teachers’ professional confidence and appears to have catalysed powerful change in attitudes to learning. Presentation of challenging pedagogical content knowledge and conceptual frameworks, high-quality teacher-led professional dialogue, along with the space for reflection and classroom trials, triggered examination of the teachers’ own current practices.",openalex,llm,0.920,unreviewed,
