status,title,authors,year,venue,doi,url,tags,abstract,provider,decision_source,llm_confidence,llm_review_outcome,llm_change_direction
discarded,Determinants of secondary prophylaxis for childhood rheumatic heart disease in Ethiopia: A qualitative study of children and caregivers,"Birru, Eshetie Melese; Batty, Kevin T.; Manning, Laurens; Enkel, Stephanie L.; Moore, Brioni R.",2026,PLOS ONE,10.1371/journal.pone.0349776,https://www.webofscience.com/wos/woscc/full-record/WOS:001777750700014,off-topic-false-hit,"Background Rheumatic heart disease (RHD) remains a major public health challenge in Ethiopia, particularly among children. Monthly intramuscular benzathine penicillin G (BPG) is the cornerstone of secondary prophylaxis, yet adherence and delivery are suboptimal. This study explores the lived experiences of children and adolescents with RHD, capturing their direct voices and those of their caregivers to understand determinants of secondary prophylaxis uptake.Methods A qualitative descriptive study was conducted from May to July 2022 in four Ethiopian public hospitals providing RHD care. Focus group discussions were held with children living with RHD (C-RHD) and their caregivers to explore barriers and facilitators of BPG delivery. Audio recordings were transcribed, translated, and thematically analysed using the framework method, with findings mapped onto the Capability, Opportunity, Motivation, Behaviour (COM-B) model.Results Forty-two participants (30 C-RHD, 12 caregivers) identified five interrelated determinants of BPG delivery: structural barriers (geographic inaccessibility, transport costs, limited policies), organizational challenges (drug shortages, inadequate follow-up and counselling), therapeutic issues (painful injections, needle blockages, limited alternatives), provider-related concerns (fear of adverse reactions), and individual factors (misconceptions, psychological distress, adherence behaviours). Despite a preference for injectable BPG, some children received less effective oral antibiotics due to poor access. Participants emphasized the need for reliable BPG supply, dedicated providers, and strengthened patient support programs.Conclusions Strengthening patient/carer education, improving BPG formulations and access, and addressing resource gaps within healthcare systems are critical to enhancing adherence, preventing ARF/RHD, and improving patient outcomes.",wos,llm,1.000,unreviewed,
discarded,"Knowledge, attitude, and practice about e-cigarettes among university students: A comparative study between Afghanistan, the Netherlands, and Turkey","Muradi, Mansoorullah; Oria, Lima; Azizi, Tariq Aziz",2026,PLOS ONE,10.1371/journal.pone.0340344,https://www.webofscience.com/wos/woscc/full-record/WOS:001779190200022,off-topic-false-hit,"Background The rise in e-cigarette use among young adults has raised significant public health concerns. Initially introduced as a harm-reduction tool, e-cigarettes have increasingly become a popular alternative to traditional smoking. However, misconceptions about their safety, social acceptability, and long-term health effects persist among university students.Methods This study adopts an analytical cross-sectional design and employs a foundational approach by administering an online questionnaire. The study uses a quantitative methodology to explore universities students' knowledge, attitudes, and perceptions regarding e-cigarettes. Data collection was facilitated through a survey distributed via Google Forms, and statistical analysis was performed using SPSS (Statistical Package for the Social Sciences) 26 to identify significant associations.Results The findings revealed that 54.2% of students reported using e-cigarettes, with a higher prevalence among those with close friends or family members who smoked. Knowledge about e-cigarettes was generally low, with 56.2% demonstrating poor understanding, particularly regarding the health risks and regulatory status of e-cigarettes. Attitudes were largely negative, with 73.4% expressing concerns about vaping, though 62.7% believed it was more socially acceptable than traditional smoking. Peer influence was a major factor, as 74.6% of e-cigarette users had close friends who also vaped. A significant association was found between smoking tobacco and e-cigarette use (p = 0.00), indicating a trend of dual-use rather than e-cigarettes serving as a quitting tool.Conclusion The study highlights a critical gap in e-cigarette knowledge and a strong influence of social and environmental factors on vaping behaviors. Despite negative attitudes toward vaping, its perceived social acceptability remains high. Public health interventions should focus on targeted educational campaigns, peer-led awareness programs, and regulatory measures to address misconceptions and reduce e-cigarette use among young adults.",wos,llm,1.000,unreviewed,
discarded,Knowledge and attitudes toward e-cigarette smoking among health and non-health science students: A cross-sectional study,"Poonphol, Prasittichai; Lueamsingkhon, Pharanyou; Thongsutt, Tiwaphon; Boonlue, Tuanthon",2026,TOBACCO PREVENTION & CESSATION,10.18332/tpc/215587,https://www.webofscience.com/wos/woscc/full-record/WOS:001776029100001,off-topic-false-hit,"Introduction E-cigarettes are increasingly popular among university students, raising significant public health concerns. This study aimed to assess the prevalence of e-cigarette use, as well as knowledge, and attitudes toward e-cigarettes among health and non-health science undergraduate students in Thailand.<br /> Methods A cross-sectional survey among health and non-health science students in Thailand was conducted between March and September 2023 using a self-administered online questionnaire. Data were analyzed using descriptive statistics, chi-squared tests, and multivariate logistic regression.<br /> Results Among 440 participants, 37.05% were from health science programs and 62.95% from non-health science. E-cigarette use was reported by 15.7% of health science and 27.7% of non-health science students (p=0.001). Significant differences were also found in income (p<0.001), family smoking history (p=0.006), and alcohol consumption (p<0.001). Health science students had greater awareness of health risks, including lung inflammation (91.4% vs 85.9%, p=0.04, AOR=0.69; 95% CI: 0.47-0.98) and lung cancer (90.8% vs. 81.6%, p=0.006, AOR=1.62; 95% CI: 1.14-2.28). In contrast, non-health science students were more likely to believe e-cigarettes aid smoking cessation (39.4% vs 21.5%, p=0.02, AOR=1.36; 95% CI: 1.05-1.77). Despite these differences, misconceptions about nicotine addiction and safety remained common across both groups.<br /> Conclusions The findings highlight the need for targeted educational programs and public health interventions to address misconceptions and discourage e-cigarette use among university students. Improved health education is essential to equip students with accurate information for making informed decisions about e-cigarettes.",wos,llm,1.000,unreviewed,
discarded,Perceived need of information and education about conception preparedness (CP) among engaged and soon to be married couples: a qualitative survey,"Nsengiyumva, Richard; Bazirete, Olive; Uhawenimana, Thiery Claudien; Gishoma, Darius; Carlsson, Ing-Marie; Meharry, Pamela; HaEun, Lee; Jody, R. Lori",2025,REPRODUCTIVE HEALTH,10.1186/s12978-025-02243-3,https://www.webofscience.com/wos/woscc/full-record/WOS:001673706600002,off-topic-false-hit,"Background Preconception care, especially education, has been shown to improve maternal, neonatal, and child health outcomes. Although the journey to conception marks a significant milestone for many individuals and couples, there is a scarcity of studies on the needs of engaged and soon-to-be-married couples regarding conception preparedness (CP). This study aimed to explore the information and education needs related to conception preparedness among engaged couples on the verge of marriage. Methods A qualitative, descriptive, and exploratory design was employed. Just one to two months away from getting married couples were recruited at premarital counseling sites, including churches and sector administration offices, between June and July 2024 and through purposive sampling 40 officially engaged couples across five provinces in Rwanda participated. With a discussion guide, focus group discussions (FGDs) were conducted to gain in-depth insights from participants. Audio-recorded and transcribed verbatim data were analyzed using MAXQDA software and an inductive thematic analysis was done. Ethical clearance No. 337/CMHS-IRB/2024 was obtained from the University of Rwanda, and permissions from local administration in districts and sectors were secured. Results Most participants were aged 21 to 30 years and lived in rural areas. Five key themes emerged regarding conception preparedness: knowledge and understanding, motivators for seeking information, desired educational content, preferred information sources, and urgency of education. While all recognized its benefits for reducing pregnancy risks and promoting family health, many associated conception preparedness mainly with HIV testing and believed it concerned only women. Few were aware of the timing and full components of preconception care. Almost all expressed a strong interest in learning about lifestyle behaviors and medical care during this period. Health professionals were the preferred information source, with schools, churches, and social media also mentioned. Nearly all participants considered this education urgent before they get married. Conclusion A significant desire for information and education on conception preparedness was reported by most of participants with also many of them expressing various misconceptions and misbeliefs around pre-pregnancy preparedness. Therefore, targeted preconception education and awareness programs tailored specifically to engaged couples before marriage are needed.",wos,llm,0.990,unreviewed,
discarded,"Heart failure awareness and influencing factors among adults in the Jazan, Saudi Arabia","Alhazmi, Luai; Oraibi, Omar; Al Bahhawi, Tariq; Alharbi, Ali I.; Zalah, Ali A.; Almalki, Faisal H.; Alsharif, Sawsan H.; Hobani, Alhassan H.; Hakami, Abdulrahman; Madkhali, Mohammed Ali; Somaili, Mohammed; Sayed, Ahmed; Jeraiby, Mohammed A.; Mohamed, Amal H.; Mohrag, Mostafa; Mahfouz, Mohamed Salih",2026,MEDICINE,10.1097/MD.0000000000048822,https://www.webofscience.com/wos/woscc/full-record/WOS:001767324700003,off-topic-false-hit,"Heart failure (HF) is a condition in which the heart cannot pump enough blood to meet the body's requirements, causing multiple significant symptoms that affect the patient's quality of life. Worldwide, HF awareness is known to be low. However, no studies have assessed the levels of awareness of HF and their influencing factors in our region. This study aims to investigate the knowledge of HF and its influencing factors among adults in Jazan, Saudi Arabia. A community-based descriptive cross-sectional study was conducted in Jazan, Saudi Arabia. Adult participants (>= 18 years) were recruited using an online, self-administered structured questionnaire. The questionnaire assessed sociodemographic characteristics, knowledge of HF definition, symptoms, causes, risk factors, and treatment options. Descriptive statistics were used to summarize participants' responses, and logistic regression analysis was performed to identify factors associated with higher HF knowledge. Out of 399 respondents, more than half 51.6% identified HF as a condition involving the heart's pumping failure. As far as symptoms are concerned, only 16.3% recognized shortness of breath, about 1.8% noted reduced exercise tolerance, and only 1.5% identified leg edema as typical symptoms of HF. About 45.6% of the participants were aware of all 3 symptoms. Moreover, participants with higher education exhibited higher levels of knowledge. Less than half of the participants correctly identified cardiovascular conditions leading to HF 45.9%. Knowledge regarding HF treatment was also insufficient; some participants believed that HF has no effective treatment or requires prolonged bed rest. Additionally, working in the medical field was significantly associated with better knowledge about HF (odds ratio = 3.38, 95% confidence interval: 2.11-5.54). The study found inadequate knowledge among participants, particularly regarding the most common causes of HF and the measures to reduce the risk of developing it. These findings highlight the need for improved education and awareness programs to address misconceptions and provide accurate information about HF and its management.",wos,llm,0.990,unreviewed,
kept,Misconceptions - Misunderstandings of 5th - 6th Grade Students in Programming: The Educators' Perspective,Sofia Theodoridou; Demosthenes Stamatis; Periklis Chatzimisios,2025,2025 IEEE Integrated STEM Education Conference (ISEC),10.1109/ISEC64801.2025.11147344,https://ieeexplore.ieee.org/document/11147344/,supports-claim,"This paper explores educators' views on the challenges faced by primary school students while learning programming in the Information and Communication Technologies curriculum in Greece. This research, focused on 5th and 6th grade students, aims to identify difficulties and misconceptions in programming, as observed and documented by educators during instruction. This research serves as a preparatory stage for a more extensive study of students' misconceptions regarding fundamental programming concepts. Existing relevant literature lacks extensive research on students' misconceptions in primary school. The findings are expected to contribute to the existing body of knowledge on programming misconceptions in early education. Preliminary results, based on educators' responses, indicate that programming plays a significant role in the curriculum of public primary schools in Greece. Notably, students face significant difficulties with fundamental structural elements of programming. Educators have identified 15 distinct elements that pose challenges for students and require reinforcement and additional support to alleviate misconceptions and improve their understanding. The study corroborates existing literature, confirming that the concept of variables is challenging for many students, compared to other structural elements introduced at this educational stage. Furthermore, it is expected that the results will provide valuable insights to educators, enabling them to refine pedagogical approaches, to focus on students' difficulties, to enrich programming instruction, and improve their understanding of students' learning needs in programming education.",ieee,llm,0.900,unreviewed,
discarded,Raising Cyber Security Awareness in Upper Primary School Students: A Case Study of Thailand Primary School,Nattakorn Mala; Nawaporn Wisitpongphan,2024,"2024 Research, Invention, and Innovation Congress: Innovative Electricals and Electronics (RI2C)",10.1109/RI2C64012.2024.10784439,https://ieeexplore.ieee.org/document/10784439/,off-topic-false-hit,"During the COVID-19 pandemic, educational practices shifted from traditional classroom settings to online learning. This transition has inevitably increased cyber threats, necessitating a focus on cybersecurity awareness. This research aims to assess and raise cybersecurity awareness among upper elementary students at one of the primary school in Nan Province, Thailand. The topic includes social engineering, computer virus, phishing, secure password, and cyber threats in Internet and social network. The assessment tools used in this study consisted 40 multiple-choice questions administered as both pre-test and post-test. Following the pre-assessment, 124 students who participated in the program engaged in on-site training activities prior to retaking the post-test. The results indicated a significant improvement in post-test scores compared to pre-test scores, with a p-value of less than 0.001. These findings demonstrate that the training program can effectively enhance cybersecurity awareness among the upper primary students.",ieee,llm,0.980,unreviewed,
kept,Persistence of Early Misconceptions Hinders Progress in Learning Computer Programming,Candido Cabo,2026,IEEE Transactions on Education,10.1109/TE.2025.3637125,https://ieeexplore.ieee.org/document/11339454/,supports-claim,"Contribution: The purpose of this study is: 1) to identify students’ early misconceptions in problem understanding and the use of variables/sequencing in a first-year computer programming course using Python; 2) to quantify how early misconceptions evolve over time; and 3) to characterize how misconceptions in the use of variables/sequencing affect learning more advanced computer programming concepts.Background: It has not been clearly established how early misconceptions evolve over time and how they affect learning later in the semester.Research Questions: 1) What are the most common misconceptions in the use of variables/sequencing in a first-year Python course? 2) do those early misconceptions persist late in the semester? and 3) does the persistence of misconceptions in variable/sequencing hinder progress in learning more advanced computer programming concepts?Methodology: We assessed student performance ( $n =116$ ) in multiple choice and short-answer questions that involved reading and/or writing small flowcharts or snippets of Python code.Findings: Problem understanding remains a challenge for ~45% of students until the end of the semester. Misconceptions in variable assignment/sequencing persist late in the semester for ~20% of students, hindering their progress in learning more advanced computer programming concepts.",ieee,llm,0.980,unreviewed,
discarded,Karting as a Context for Innovative Approaches to Teaching Physics in Primary School,G. Vujisić; I. Črnjak; V. Zuppa Bakša; L. Tepeš Golubić,2026,2026 49th MIPRO ICT and Electronics Convention (MIPRO),10.1109/MIPRO70003.2026.11591705,https://ieeexplore.ieee.org/document/11591705/,off-topic-false-hit,"Teaching physics in primary school often encounters challenges related to student motivation and the comprehension of abstract physical concepts. Consequently, contemporary education increasingly adopts innovative teaching approaches that emphasise experiential learning and the interdisciplinary integration of educational content. This paper examines the use of karting as an educational context for innovative approaches to teaching physics in primary school. Karting offers a practical framework for exploring fundamental physical principles such as motion, forces, balance, aerodynamics and energy. By embedding physics concepts within a technically relevant and engaging context, it is possible to foster a clearer connection between theoretical knowledge and real-world applications.The aim of this paper is to highlight the educational potential of karting-based contexts in innovative physics teaching and to encourage further consideration of such approaches as a complement to traditional methods in primary education.",ieee,llm,0.990,unreviewed,
kept,Review of Misconceptions About Computer Science for a Virtual Reality Teacher-Training Environment,Katharina Schubert; Maurice Kempf; Sven Jacobs; Steffen Jaschke,2026,2026 IEEE Global Engineering Education Conference (EDUCON),10.1109/EDUCON67543.2026.11574466,https://ieeexplore.ieee.org/document/11574466/,adjacent-subtopic,"Virtual reality (VR) simulations in teacher training have predominantly focused on classroom management, leaving a critical gap in training pre-service teachers to diagnose subject-specific misconceptions among learners. Our research aims to address this gap for computing education by developing a new diagnostic training simulation. As a foundation, we conducted a literature review to identify 137 distinct K-12 misconceptions in computer science across 17 relevant studies. We filtered these results with four custom criteria: (1) teaching relevance, (2) representability in VR, (3) frequency of occurrence and (4) documented interventions. We found seven misconceptions (e.g., confusing assignment with comparison, anthropomorphizing AI) that are both pedagogically relevant and technically implementable in our VR-based teacher-training environment.",ieee,llm,0.760,unreviewed,
discarded,"Creation, deployment and evaluation of an innovative secondary school software development curriculum module",J.S. Collofello,2002,32nd Annual Frontiers in Education,10.1109/FIE.2002.1157931,https://ieeexplore.ieee.org/document/1157931/,adjacent-subtopic,"This paper describes a project underway at Arizona State University to develop an innovative secondary school software development curriculum module which provides students with a better understanding of the software development field, dispels misconceptions and, hopefully, increases the number and diversity of students continuing their studies in preparation for software development careers. This curriculum module can be used as a stand alone course or integrated into other secondary school information technology courses. This module takes advantage of new and innovative learning technologies and introduces the concept of a ""virtual company"" that the students are a part of. The module is designed to be offered early in the student's program in order to encourage the taking of additional courses, such as advanced placement courses, if they are available. Web and CD-Based course materials are under development to facilitate flexible delivery by secondary school teachers. This paper presents the current version of the curriculum module along with the experiences of three high schools implementing it.",ieee,llm,0.870,unreviewed,
