status,title,authors,year,venue,doi,url,tags,abstract,provider,decision_source,llm_confidence,llm_review_outcome,llm_change_direction
Methods. A systematic search of the literature published between September 2005 and January 2014 was performed using the databases PubMed, Medline, Embase, CINAHL, and Cochrane. Articles in English or Dutch that reported on the prevalence of cancer pain in an adult population were included. Titles and abstracts were screened by two authors independently, after which full texts were evaluated and assessed on methodological quality. Study details and pain characteristics were extracted from the articles with adequate study quality. Prevalence rates were pooled with meta-analysis; meta-regression was performed to explore determinants of pain prevalence.

Results. Of 4117 titles, 122 studies were selected for the meta-analyses on pain (117 studies, n = 63,533) and pain severity (52 studies, n = 32,261). Pain prevalence rates were 39.3% after curative treatment; 55.0% during anticancer treatment; and 66.4% in advanced, metastatic, or terminal disease. Moderate to severe pain (numerical rating scale score >= 5) was reported by 38.0% of all patients.

Conclusion. Despite increased attention on assessment and management, pain continues to be a prevalent symptom in patients with cancer. In the upcoming decade, we need to overcome barriers toward effective pain treatment and develop and implement interventions to optimally manage pain in patients with cancer. (c) 2016 American Academy of Hospice and Palliative Medicine. Published by Elsevier Inc. All rights reserved.",openalex,llm,0.990,unreviewed,
discarded,Automatic differentiation in machine learning: a survey,Atılım Güneş Baydin; Barak A. Pearlmutter; Alexey Radul; Jeffrey Mark Siskind,2017,Maynooth University ePrints and eTheses Archive (Maynooth University),,https://openalex.org/W2962727772,adjacent-subtopic,"Derivatives, mostly in the form of gradients and Hessians, are ubiquitous in machine learning. Automatic differentiation (AD) is a technique for calculating derivatives of numeric functions expressed as computer programs efficiently and accurately, used in fields such as computational fluid dynamics, nuclear engineering, and atmospheric sciences. Despite its advantages and use in other fields, machine learning practitioners have been little influenced by AD and make scant use of available tools. We survey the intersection of AD and machine learning, cover applications where AD has the potential to make a big impact, and report on some recent developments in the adoption of this technique. We aim to dispel some misconceptions that we contend have impeded the use of AD within the machine learning community.",openalex,llm,0.760,unreviewed,
discarded,A Framework for Quality K-12 Engineering Education: Research and Development,Tamara Moore; Aran Glancy; Kristina Tank; Jennifer Kersten; Karl A. Smith; Micah Stohlmann,2014,Journal of Pre-College Engineering Education Research (J-PEER),10.7771/2157-9288.1069,https://openalex.org/W62058453,adjacent-subtopic,"Recent U.S. national documents have laid the foundation for highlighting the connection between science, technology, engineering and mathematics at the K-12 level. However, there is not a clear definition or a well-established tradition of what constitutes a quality engineering education at the K-12 level. The purpose of the current work has been the development of a framework for describing what constitutes a quality K-12 engineering education. The framework presented in this paper is the result of a research project focused on understanding and identifying the ways in which teachers and schools implement engineering and engineering design in their classrooms. The development of the key indicators that are included in the framework were determined based on an extensive review of the literature, established criteria for undergraduate and professional organizations, document content analysis of state academic content standards in science, mathematics, and technology, and in consultation with experts in the fields of engineering and engineering education. The framework is designed to be used as a tool for evaluating the degree to which academic standards, curricula, and teaching practices address the important components of a quality K-12 engineering education. Additionally, this framework can be used to inform the development and structure of future K-12 engineering and STEM education standards and initiatives.",openalex,llm,0.880,unreviewed,
discarded,Mind Bugs: The Origins of Procedural Misconceptions,Kurt VanLehn,1990,,,https://openalex.org/W1564397683,adjacent-subtopic,"From the Publisher:
As children acquire arithmetic skills, they often develop - small, local misconceptions that cause systematic errors. Mind Bugs combines a novel cognitive simulation process with careful hypothesis testing to explore how mathematics students acquire procedural skills in instructional settings, focusing in particular on these procedural misconceptions and what they reveal about the learning process. 
VanLehn develops a theory of learning that explains how students develop procedural misconceptions that cause systematic errors. He describes a computer program, Sierra, that simulates learning processes and predicts exactly what types of procedural errors should occur. These predictions are tested with error data from several thousand subjects from schools all over the world. Moreover, each hypothesis of the theory is tested individually by determining how the predictions would change if it were removed from the theory. 
Integrating ideas from research in machine learning, artificial intelligence, cognitive psychology, and linguistics, Mind Bugs specifically addresses error patterns on subtraction tests, showing, for example, why some students have an imperfect understanding of the rules for borrowing. Alternative explanatory hypotheses are explored by incorporating them in Sierra in place of the primary hypotheses, and seeing if the program still explains all the subtraction bugs that it explained before. 
Kurt VanLehn is Assistant Professor in the Department of Psychology at Carnegie Mellon University. Mind Bugs is included in the series Learning, Development, and Conceptual Change, edited by Lila Gleitman, Susan Carey, ElissaNewport, and Elizabeth Spelke. A Bradford Book",openalex,llm,0.820,unreviewed,
discarded,Facilitating student engagement through the flipped learning approach in K-12: A systematic review,Melissa Bond,2020,Computers & Education,10.1016/j.compedu.2020.103819,https://openalex.org/W3006292559,adjacent-subtopic,"The flipped learning approach has been growing in popularity in both higher education and K-12, especially for its potential to increase active learning and student engagement. However, further research is needed to understand exactly how the flipped approach enhances student engagement. This narrative systematic review synthesises literature published between 2012 and 2018, focused on the flipped learning approach in K-12 contexts, and indexed in 7 international databases. 107 articles, book chapters, dissertations, conference papers and grey literature were included for review, and the results are discussed against a bioecological model of student engagement. The results indicate that the majority of research has been undertaken in North American and Asian high schools, heavily focused on student perceptions of flipped learning and achievement within STEM subjects, especially Mathematics, with a slight preference for quantitative methods. Studies in this review found the approach to overwhelmingly support student engagement, with 93% of studies citing at least one dimension of behavioural, affective or cognitive engagement, whereas 50% of studies reported facets of disengagement. Collaborative technologies such as Google Docs, Google Classroom and Edmodo were particularly linked to engagement, with videos not created by teachers more likely to lead to disengagement. Only 12% included a definition of student engagement, and less than half used a theoretical framework. Future empirical research should ensure that all contextual information is included, including year level of student participants, that multiple methods of both quantitative and qualitative data collection are included, and close attention is paid to grounding research in theory. Further research is needed on parent, teacher and school leader perceptions, as well as longitudinal and multiple-class studies.",openalex,llm,0.950,unreviewed,
kept,Programming Misconceptions for School Students,Alaaeddin Swidan; Felienne Hermans; Marileen Smit,2018,,10.1145/3230977.3230995,https://openalex.org/W2885048964,supports-claim,"Programming misconceptions have been a topic of interest in introductory programming education, with a focus on university level students. Nowadays, programming is increasingly taught to younger children in schools, sometimes as part of the curriculum. In this study we aim at exploring what misconceptions are held by younger, school-age children. To this end we design a multiple-choice questionnaire with Scratch programming exercises. The questions represent a selected set of 11 known misconceptions and relate to basic programming concepts. 145 participants aged 7 to 17 years, with an experience in programming, took part in the study. Our results show the top three common misconceptions are the difficulty of understanding the sequentiality of statements, that a variable holds one value at a time, and the interactivity of a program when user input is required. Holding a misconception is influenced by the mathematical effect of numbers, semantic meaning of identifiers and high expectations of what a computer can do.Other insights from the results show that older children answer more questions correctly, especially for the variable and control concepts. Children who program in Scratch only seem to have difficulties in answering the questions correctly compared to children who program in Scratch and another language. Our findings suggest that work should focus on identifying Scratch-induced misconceptions, and develop intervention methods to counter those misconceptions as early as possible. Finally, for children who start learning programming with Scratch, materials should be more concept-rich and include diverse exercises for each concept.",openalex,llm,0.990,unreviewed,
discarded,Essay Contest Reveals Misconceptions of High School Students in Genetics Content,Kenna R. Mills Shaw; Katie Van Horne; Hubert Zhang; Joann A. Boughman,2008,Genetics,10.1534/genetics.107.084194,https://openalex.org/W2146600128,off-topic-false-hit,"National educational organizations have called upon scientists to become involved in K-12 education reform. From sporadic interaction with students to more sustained partnerships with teachers, the engagement of scientists takes many forms. In this case, scientists from the American Society of Human Genetics (ASHG), the Genetics Society of America (GSA), and the National Society of Genetic Counselors (NSGC) have partnered to organize an essay contest for high school students as part of the activities surrounding National DNA Day. We describe a systematic analysis of 500 of 2443 total essays submitted in response to this contest over 2 years. Our analysis reveals the nature of student misconceptions in genetics, the possible sources of these misconceptions, and potential ways to galvanize genetics education.",openalex,llm,0.970,unreviewed,
kept,Measuring Student Learning in Introductory Block-Based Programming,Shuchi Grover; Satabdi Basu,2017,,10.1145/3017680.3017723,https://openalex.org/W2593784202,supports-claim,"Programming in block-based environments is a key element of introductory computer science (CS) curricula in K-12 settings. Past research conducted in the context of text-based programming points to several challenges related to novice learners' understanding of foundational programming constructs such as variables, loops, and expressions. This research aims to develop assessment items for measuring student understanding in introductory CS classrooms in middle school using a principled approach for assessment design. This paper describes the design of assessments items that were piloted with 100 6th, 7th, 8th graders who had completed an introductory programming course using Scratch. The results and follow-up cognitive thinkalouds indicate that students are generally unfamiliar with the use of variables, and harbor misconceptions about them. They also have trouble with other aspects of introductory programming such as how loops work, and how the Boolean operators work. These findings point to the need for pedagogy that combines popular constructionist activities with those that target conceptual learning, along with better professional development to support teachers' conceptual learning of these foundational constructs.",openalex,llm,0.980,unreviewed,
discarded,Jumping the PBL Implementation Hurdle: Supporting the Efforts of K–12 Teachers,Peggy A. Ertmer; Krista Simons,2006,Interdisciplinary Journal of Problem-based Learning,10.7771/1541-5015.1005,https://openalex.org/W2116258187,off-topic-false-hit,"While problem-based learning (PBL) has a relatively long history of successful use in medical and pre-professional schools, it has yet to be widely adopted by K–12 teachers. This may be due, in part, to the numerous challenges teachers experience when implementing PBL. In this paper, we describe specific hurdles that teachers are likely to encounter during the implementation process and provide specific suggestions for supporting teachers’ classroom efforts. Implementation challenges relate to 1) creating a culture of collaboration and interdependence, 2) adjusting to changing roles, and 3) scaffolding student learning and performance. By supporting teachers’ initial and ongoing efforts, we anticipate that more teachers will recognize the potential of PBL as an effective instructional approach for developing learners who are flexible thinkers and successful problem solvers.",openalex,llm,0.990,unreviewed,
discarded,Conceptions and Misconceptions about Computational Thinking among Italian Primary School Teachers,Isabella Corradini; Michael Lodi; Enrico Nardelli,2017,,10.1145/3105726.3106194,https://openalex.org/W2749412609,adjacent-subtopic,"Many advanced countries are recognizing more and more the importance of teaching computing, in some cases even as early as in primary school. ""Computational thinking"" is the term often used to denote the conceptual core of computer science or ""the way a computer scientist thinks"", as Wing put it. Such term - given also the lack of a widely accepted definition - has become a ""buzzword"" meaning different things to different people. We investigated the Italian primary school teachers' conceptions about computational thinking by analyzing the results of a survey (N=972) conducted in the context of ""Programma il Futuro"" project. Teachers have been asked to provide a definition of computational thinking and to answer three additional related closed-ended questions. The analysis shows that, while almost half of teachers (43.4%) have included in their definitions some fundamental elements of computational thinking, very few (10.8%) have been able to provide an acceptably complete definition. On a more positive note, the majority is aware that computational thinking is not characterized by coding or by the use of information technology.",openalex,llm,0.950,unreviewed,
discarded,On the Origin and Persistence of Misconceptions in Goal Programming,Hokey Min; James E. Storbeck,1991,Journal of the Operational Research Society,10.1057/jors.1991.68,https://openalex.org/W2050271903,off-topic-false-hit,"During the last two decades there has been wide application of goal programming. Despite this popularity, goal programming theories have been extensively criticized. Although some criticism may originate from the valid assessment of goal programming, large portions of the criticism seem to stem from confusions and misconceptions in underlying goal programming theories. In this paper, the origin of critical views on goal programming is uncovered and synthesized, to set the stage for a balanced discussion of the pros and cons of goal programming. Through such a discussion, the critical points are validated and, if necessary, some possible remedies for the weakness of goal programming are sought. Hence, the major intent of this paper is to provide a variety of future research ideas which, it is hoped, lend themselves to the further development and application of goal programming rather than provoking any controversies surrounding goal programming.",openalex,llm,0.990,unreviewed,
discarded,"Thiamine deficiency disorders: diagnosis, prevalence, and a roadmap for global control programs",Kyly C. Whitfield; Megan W. Bourassa; Bola Adamolekun; Gilles Bergeron; Lucien Bettendorff; Kenneth H. Brown; Lorna Cox; Aviva Fattal‐Valevski; Philip R. Fischer; Elizabeth L. Frank; Laurent Hiffler; Lwin Mar Hlaing; Maria Elena Jefferds; Hallie Kapner; Sengchanh Kounnavong; Maral P. S. Mousavi; Daniel Roth; Maria‐Nefeli Tsaloglou; Frank T. Wieringa; Gerald F. Combs,2018,Annals of the New York Academy of Sciences,10.1111/nyas.13919,https://openalex.org/W2889058844,off-topic-false-hit,"Thiamine is an essential micronutrient that plays a key role in energy metabolism. Many populations worldwide may be at risk of clinical or subclinical thiamine deficiencies, due to famine, reliance on staple crops with low thiamine content, or food preparation practices, such as milling grains and washing milled rice. Clinical manifestations of thiamine deficiency are variable; this, along with the lack of a readily accessible and widely agreed upon biomarker of thiamine status, complicates efforts to diagnose thiamine deficiency and assess its global prevalence. Strategies to identify regions at risk of thiamine deficiency through proxy measures, such as analysis of food balance sheet data and month-specific infant mortality rates, may be valuable for understanding the scope of thiamine deficiency. Urgent public health responses are warranted in high-risk regions, considering the contribution of thiamine deficiency to infant mortality and research suggesting that even subclinical thiamine deficiency in childhood may have lifelong neurodevelopmental consequences. Food fortification and maternal and/or infant thiamine supplementation have proven effective in raising thiamine status and reducing the incidence of infantile beriberi in regions where thiamine deficiency is prevalent, but trial data are limited. Efforts to determine culturally and environmentally appropriate food vehicles for thiamine fortification are ongoing.",openalex,llm,1.000,unreviewed,
discarded,Views of nature of science questionnaire: Toward valid and meaningful assessment of learners' conceptions of nature of science,Norm G. Lederman; Fouad Abd‐El‐Khalick; Randy L. Bell; Reneé Schwartz,2002,Journal of Research in Science Teaching,10.1002/tea.10034,https://openalex.org/W2140176804,off-topic-false-hit,"Abstract Helping students develop informed views of nature of science (NOS) has been and continues to be a central goal for kindergarten through Grade 12 (K–12) science education. Since the early 1960s, major efforts have been undertaken to enhance K–12 students and science teachers' NOS views. However, the crucial component of assessing learners' NOS views remains an issue in research on NOS. This article aims to (a) trace the development of a new open‐ended instrument, the Views of Nature of Science Questionnaire (VNOS), which in conjunction with individual interviews aims to provide meaningful assessments of learners' NOS views; (b) outline the NOS framework that underlies the development of the VNOS; (c) present evidence regarding the validity of the VNOS; (d) elucidate the use of the VNOS and associated interviews, and the range of NOS aspects that it aims to assess; and (e) discuss the usefulness of rich descriptive NOS profiles that the VNOS provides in research related to teaching and learning about NOS. The VNOS comes in response to some calls within the science education community to go back to developing standardized forced‐choice paper and pencil NOS assessment instruments designed for mass administrations to large samples. We believe that these calls ignore much of what was learned from research on teaching and learning about NOS over the past 30 years. The present state of this line of research necessitates a focus on individual classroom interventions aimed at enhancing learners' NOS views, rather than on mass assessments aimed at describing or evaluating students' beliefs. © 2002 Wiley Periodicals, Inc. J Res Sci Teach 39: 497–521, 2002",openalex,llm,0.990,unreviewed,
