status,title,authors,year,venue,doi,url,tags,abstract,provider,decision_source,llm_confidence,llm_review_outcome,llm_change_direction
discarded,"Evaluating the role of computer experience and visual instructional aids in learners' navigation strategies, disorientation, and attitudes in hypermedia learning","Ruttun, Rishi; Rahimi, Parisa; Daly, Herbert",2026,NEW REVIEW OF HYPERMEDIA AND MULTIMEDIA,10.1080/13614568.2026.2702929,https://www.webofscience.com/wos/woscc/full-record/WOS:001840895900001,off-topic-false-hit,"Visual instructional aids are commonly embedded in Hypermedia Learning Systems (HLS) to reduce navigational disorientation, particularly for learners with lower levels of computer experience. However, prior research has produced mixed findings regarding the extent to which such aids effectively support novice users. In addition, limited research has examined how learners with differing levels of computer experience interact with, and perceive, an HLS that incorporates visual instructional aids. This study examines differences in learning strategies, perceived disorientation, and attitudes between learners with low and high levels of computer experience (novices and experts) within an aid-embedded hypermedia environment. Findings indicate that learners with higher computer experience reported stronger orientation states, greater comfort navigating the system, and more positive attitudes overall. In contrast, learners with lower computer experience reported higher levels of perceived disorientation, greater dependence on visual instructional aids, and more difficulty using these aids effectively. The results suggest that the presence of visual instructional aids alone may not be sufficient to support novice learners in complex hypermedia environments. Implications for learner-sensitive and adaptive navigation support are discussed.",wos,llm,0.980,unreviewed,
discarded,Challenges in venepuncture skill acquisition and performance: An integrative review,"Rajasekaran, Rajarajeswari; Andargoli, Amir; Ponnusamy, Panneer; Navaneethan, Gowthri; Attawet, Jutharat",2026,NURSE EDUCATION IN PRACTICE,10.1016/j.nepr.2026.104907,https://www.webofscience.com/wos/woscc/full-record/WOS:001822673400001,off-topic-false-hit,"Aim: To synthesise and critically analyse evidence on the challenges encountered by nursing and medical students and novice practitioners in acquiring and performing venepuncture skills, to inform future training approaches. Background: Venepuncture is a fundamental clinical skill across the healthcare profession. However, learners frequently struggle to master its technical and psychosocial components. These challenges can erode confidence, compromise patient safety and impede the transfer of skills from educational to clinical settings. Design: Integrative review. Methods: This review followed Whittemore and Knafl's (2005) integrative review methodology. Six databases (CINAHL, MEDLINE, Scopus, Web of Science, Embase and ERIC) were searched for peer-reviewed studies published between January 2000 and December 2025. Studies examining challenges in venepuncture learning or performance among students and novice practitioners were included. Methodological quality was appraised using the Joanna Briggs Institute tools. Findings were integrated using a narrative synthesis organised through a deductive six-domain framework. Results: Twenty-seven studies met the inclusion criteria. Six interrelated domains were identified: cognitive knowledge challenges, psychomotor and technical difficulties, affective and confidence-related barriers, limited practice opportunities, difficulties transferring skills to clinical practice and system-level constraints. These domains interact to produce fragmented learning experiences shaped by inconsistent supervision, variable curricula and limited opportunities for deliberate practice. Conclusion: Venepuncture competency is influenced by interconnected cognitive, technical, affective, experiential and organisational factors. Education providers and clinical partners should adopt integrated training models that combine structured knowledge development, repeated supervised practice, feedback-rich simulation, supportive supervision and alignment between simulation and clinical realities. These strategies may strengthen learner confidence, support skill transfer and improve patient safety and procedural outcomes. Findings support the development of integrated, simulation-to-practice training models that combine deliberate practice, structured clinical mentorship and high-fidelity simulation to improve skill transfer and patient safety outcomes.",wos,llm,0.990,unreviewed,
discarded,Investigating Novice Modelers' Intuitive Consistency Notions for the Case of Compositional Models,"Kegel, Karl; Feichtinger, Kevin; Stubinger, Terru; Pascual, Romain; Beckert, Bernhard; Reussner, Ralf; Assmann, Uwe",2026,JOURNAL OF OBJECT TECHNOLOGY,10.5381/jot.2026.25.3.a12,https://www.webofscience.com/wos/woscc/full-record/WOS:001813914800012,adjacent-subtopic,"The terms ""consistency"" and its counterpart, ""inconsistency"", are omnipresent in model-driven software engineering. Particularly during model evolution, consistency assurance is a central concern. Technically, consistency can be defined from various viewpoints. However, it is unclear how these definitions of consistency align with practitioners' mental models. Understanding how practitioners assess and respond to different kinds of consistency problems in their own minds is required for realizing successful consistency assurance. An important aspect towards this goal is the investigation of whether there is a shared mental model of consistency among an evenly experienced group of practitioners. The current state of the art gives no answer to this. In this work, we present a model dataset of 62 consistency problems based on simple, compositional models. For this dataset, we collected 452 consistency ratings from a student group and one rating per problem from an expert group. The results show that there is no common understanding, i.e., there is no shared mental model of consistency within a group or between groups. Still, common patterns in the ratings are observable, such as a preference for rating consistency on a fine-grained scale rather than as a boolean property, or that syntactic contradictions are much less relevant to ratings than subjective semantic interpretations. All developed tools, models, and collected data are openly available for future research.",wos,llm,0.920,unreviewed,
kept,Assessing Graphical Loop Invariant Based Programming Performance in a CS1 Course,"Brieven, Geraldine; Donnet, Benoit",2026,INFORMATICS IN EDUCATION,10.15388/infedu.2507.010,https://www.webofscience.com/wos/woscc/full-record/WOS:001801387700002,supports-claim,"We investigate the pedagogical impact of Graphical Loop Invariant Based Programming (GLIBP) in an introductory programming course. This approach encourages students to visually model the objects and variables handled in the loop, before implementing it. To evaluate the efficiency of this GLI model, a four-condition A/B/C/D test was conducted across two problems, with students receiving varying levels of scaffolding (from no support to a fully constructed GLI). Analysis of students' code showed that a well-designed GLI reduced errors related to the loop guard and the update of variables. However, many students struggled to understand or represent a GLI. The fill-in-the-blank GLI version, in particular, often added cognitive load rather than reducing it. Three recommendations emerged: train students to interpret a provided GLI when writing code; second, teach students to sketch their own model by recognizing similarities to previously solved problems; finally, guide students with questions to ensure all necessary variables and relationships are properly identified.",wos,llm,0.970,unreviewed,
discarded,A quantitative framework for stroke difficulty in table tennis beginners: multidimensional analysis and implications for training,"Yi, Jiangnan; Zhu, Xiaoling; Zhang, Wanfu; Yue, Minnan; Gu, Qianlei; Li, Chun",2026,FRONTIERS IN PSYCHOLOGY,10.3389/fpsyg.2026.1806475,https://www.webofscience.com/wos/woscc/full-record/WOS:001763243300001,off-topic-false-hit,"Introduction This study systematically investigates the key factors influencing the difficulty of table tennis stroke tasks for beginners, aiming to establish a quantitative framework to inform evidence-based training design.Methods Ten right-handed novice participants (mean age 21.6 +/- 1.35 years) with no prior professional training completed 15 distinct ball-return tasks, each involving 20 trials. The independent variables were ball speed, frequency, height, and landing point, while the dependent variable was hitting performance. Task difficulty was quantified using a standardized difficulty coefficient formula, p = 1-(X/Xmax), adapted from psychometric principles.Results Ball speed had the most profound impact on task difficulty, with performance declining sharply at 11.5 m/s (difficulty coefficient = 0.85). Increased ball frequency and spatial variability in landing points also significantly elevated difficulty. Ball height exhibited a threshold effect, where difficulty remained low within 7-44 cm but increased drastically at 170 cm. Regression analyses confirmed significant linear relationships between these parameters and the difficulty coefficient.Conclusion The findings provide a quantitative reference for the functional task difficulty faced by beginners and offer empirical support for developing structured, evidence-based table tennis training programs. The proposed difficulty coefficient serves as a practical metric for task calibration. Future research should incorporate ball spin to enhance ecological validity.",wos,llm,0.990,unreviewed,
kept,Integrating Questions About Learners' Code in an Automated Assessment System,"Canico, Afonso B.; Santos, Andre L.",2025,"6TH INTERNATIONAL COMPUTER PROGRAMMING EDUCATION CONFERENCE, ICPEC 2025",10.4230/OASIcs.ICPEC.2025.5,https://www.webofscience.com/wos/woscc/full-record/WOS:001748591000005,supports-claim,"Questions about Learners' Code (QLCs) assess programming students' program comprehension skills by providing personalised questions targeting the students' own program code. We conducted a preliminary, experimental implementation of integrating QLCs in the Automated Assessment System (AAS) used in an introductory programming course using Java. QLCs targeted some of the code assignments which students had to complete during the course. We collected 889 answers to QLCs, answered by 13 students over five course modules. We found that as the complexity of exercises increases, the success rate of the same type of QLC may not improve, and even exhibit a decline over time. We further analysed incorrect answers individually to relate them to possible misconceptions.",wos,llm,0.860,unreviewed,
discarded,Catalog of Pre-trained Models for Driver Drowsiness Detection,"Varjal Melo, Paulo Roberto; Silva, Mateus Amorim; de Freitas Taveira, Julio Cesar; Silva de Lima, Paulo Victor; de Lima Neto, Fernando Buarque",2026,"PROCEEDINGS OF 20TH IBERIAN CONFERENCE ON INFORMATION SYSTEMS AND TECHNOLOGIES, CISTI 2025, VOL 1",10.1007/978-3-032-10929-3_10,https://www.webofscience.com/wos/woscc/full-record/WOS:001745678900011,off-topic-false-hit,"Every year, thousands of lives are lost on the roads, posing significant challenges to public health and road safety. Recent data from the Federal Highway Police (PRF) indicate that more than 25% of fatalities on federal highways are associated with critical behaviors, such as driver drowsiness, delayed reactions, or complete lack of response.

To address this issue, advanced computer vision techniques have emerged as effective tools for the early detection of drowsiness in drivers. In particular, the use of pre-trained models has gained prominence due to their ability to leverage extensive training on large datasets, which enables the precise extraction of facial features and state classification (for example, distinguishing between open or closed eyes and detecting yawns).

Despite the wide availability of pre-trained models, novice researchers frequently encounter difficulties navigating the myriad options, comparing their performance, and determining which model best meets their specific needs. This article presents a systematic catalog of pre-trained models, synthesizing their key characteristics and providing guidance on where to access them. By organizing these resources, the catalog aims to simplify model selection and support the development of effective drowsiness monitoring systems that can help prevent accidents and enhance road safety.",wos,llm,0.990,unreviewed,
discarded,Climbing in expert-level reasoning in immunology: an emerging learning progression on the understanding of immunity,"Alajoki, Ryan; Kiel, Katherine; Bender, Hannah; Duong, Kyle; Taneja, Priyanka; Dreyer, Eric; Eco, Samantha; Laoprasert, Maddy; Saroyan, Arthur; Wolff, Lauren; Liepkalns, Justine",2026,FRONTIERS IN EDUCATION,10.3389/feduc.2025.1648972,https://www.webofscience.com/wos/woscc/full-record/WOS:001726284400001,off-topic-false-hit,"A large and continuously growing body of evidence has led to a call for more active learning and student-centered pedagogy within higher education. Learning progression (LP) frameworks are reasoning frameworks that scaffold learning objectives from novice to expert-level reasoning. This study reports on a conceptually coherent and empirically validated LP for the development of immunity by the immune system, which we refer to as Concept-based Learning in Immunology and Microbiology (CLIMb). We are the first to investigate students' thinking about immunology, specifically immunity. We use the qualitative methods of thematic analysis and constant comparative approaches to refine the CLIMb framework through three research cycles. Over 500 survey and interview responses have been collected at two R1 institutions over the course of 3 academic years. We identified levels of achievement (5 total) and organized the range of student thinking, including misconceptions, about immunity into a sequential set of achievable learning objectives, mapping a student's most likely journey toward developing expert-level concept-based reasoning. We identified two progress variables for the understanding of immunity based on the data: (1) applying the concept of the immune system as a coordinated network of cells and molecules and (2) applying the concept of immunological memory as a critical part of protective immunity. Additionally, our study has implications for epistemic cognition, systems thinking, and enhancing students' understanding of systems, a core concept needed for biological literacy. This multiyear study resulted in a CLIMb framework that we present herein to better support immunology instructors and curriculum development in immunology by providing a tool to support the development of concept-based reasoning in their students. The CLIMb framework can be used to build strong assessments, determine the effectiveness of interventions, and build effective immunology curricula with incremental learning objectives.",wos,llm,0.990,unreviewed,
kept,Investigating Debugging Processes: A Scoping Review,"Sporer, Elena; Michaeli, Tilman",2025,"PROCEEDINGS OF 25TH INTERNATIONAL CONFERENCE ON COMPUTING EDUCATION RESEARCH, KOLI CALLING 2025",10.1145/3769994.3770005,https://www.webofscience.com/wos/woscc/full-record/WOS:001680177600022,adjacent-subtopic,"Debugging is a necessity in programming, in both professional and educational contexts. For novices, however, debugging is often a significant challenge. Understanding what students actually do when debugging is key to addressing difficulties and developing targeted interventions. As a result, several studies investigated the students' debugging process. Nevertheless, it is unknown which aspects have been analyzed so far and which gaps still exist. To clarify the state of research, we conducted a scoping review and identified 36 papers that analyze students' debugging processes. Our review shows that the majority of the studies focused on selected parts of the process, mainly by analyzing screen recordings or videos from the classroom using qualitative, inductive methods. Moreover, most of the papers either assessed the students' debugging strategies or their performance. As a result, there is a lack of deductive analysis approaches focusing on investigating the whole debugging process. Consequently, this review provides a starting point for future analyses of debugging processes.",wos,llm,0.840,unreviewed,
discarded,Expertise Related Changes in Resting-State Functional Connectivity Patterns Following a Clinical Reasoning and Decision-Making Task,"Cortese, Filomeno; Hruska, Pamela; McLaughlin, Kevin J.; Coderre, Sylvain P.; Protzner, Andrea B.; Krigolson, Olave E.; Hecker, Kent G.",2026,BRAIN AND BEHAVIOR,10.1002/brb3.71153,https://www.webofscience.com/wos/woscc/full-record/WOS:001661335700001,off-topic-false-hit,"Purpose This study investigated the behavioral and resting-state neural correlates of clinical decision-making among expert gastroenterologists and novice medical students, aiming to understand how diagnostic expertise is reflected in either pre-task and/or post-task brain activity.Method Participants completed a clinical decision-making task while behavioral measures (accuracy and response time) were recorded. Resting-state fMRI data were acquired immediately before and following the task. Group differences in brain connectivity were analyzed using seed-based connectivity and multivariate partial least squares (PLS) analyses, focusing on the frontopolar prefrontal cortex (FPPFC) and its associated networks.Finding Experts outperformed novices in diagnostic accuracy and speed, especially on ""easy"" cases, suggesting enhanced cognitive efficiency. Experts also showed more pronounced response time variation with task difficulty, potentially reflecting strategic modulation. Resting-state fMRI revealed that experts had increased post-task connectivity between the FPPFC and the paracingulate gyrus (PaCG), a brain area associated with the executive control network. Novices, by contrast, showed stronger FPPFC connectivity with the posterior cingulate cortex (PCC), part of the default mode network (DMN), indicating a return to internally directed cognition. PLS analyses further revealed that experts engaged executive and attentional network regions post-task, while novices primarily activated DMN regions. Notably, for the expert group only, increased brain activity in attention-related regions was associated with gastroenterologists who had slower, deliberate responses on easy cases.Conclusion Clinical expertise is associated with sustained engagement of goal-directed neural networks after task completion, potentially reflecting ongoing cognitive evaluation or preparation. In contrast, novices appear to disengage more readily, reverting to self-referential thought. These findings highlight distinct neural mechanisms that may support the development of diagnostic expertise.",wos,llm,0.990,unreviewed,
discarded,Intracranial substrates of meditation- induced neuromodulation in the amygdala and hippocampus,"Maher, Christina; Tortolero, Lea; Jun, Soyeon; Cummins, Daniel D.; Saad, Adam; Young, James; Martinez, Lizbeth Nunez; Schulman, Zachary; Marcuse, Lara; Waters, Allison; Mayberg, Helen S.; Davidson, Richard J.; Panov, Fedor; Saez, Ignacio",2025,PROCEEDINGS OF THE NATIONAL ACADEMY OF SCIENCES OF THE UNITED STATES OF AMERICA,10.1073/pnas.2409423122,https://www.webofscience.com/wos/woscc/full-record/WOS:001438766700032,off-topic-false-hit,"Meditation is an accessible mental practice associated with emotional regulation and well- being. Loving- kindness meditation (LKM), a specific subtype of meditative prac-tice, involves focusing one's attention on thoughts of well- being for oneself and others. Meditation has been proven to be beneficial in a variety of settings, including therapeutic applications, but the neural activity underlying meditative practices and their positive effects are not well understood. It has been difficult to understand the contribution of deep limbic structures given the difficulty of studying neural activity directly in the human brain. Here, we leverage a unique patient population, epilepsy patients chronically implanted with responsive neurostimulation devices that allow chronic, invasive electrophysiology recording to investigate the physiological correlates of LKM in the amygdala and hippocampus of novice meditators. We find that LKM- associated changes in physiological activity were specific to periodic, but not aperiodic, features of neural activity. LKM was associated with an increase in gamma (30 to 55 Hz) power and an alternation in the duration of beta (13 to 30 Hz) and gamma oscillatory bursts in both the amygdala and hippocampus, two regions associated with mood disorders. These findings reveal the nature of LKM- induced modulation of limbic activity in first- time meditators.",wos,llm,0.990,unreviewed,
