status,title,authors,year,venue,doi,url,tags,abstract,provider,decision_source,llm_confidence,llm_review_outcome,llm_change_direction
kept,Assessing Computational Thinking Skills Through Artefacts: The Case of ModeLLer,"Mannari, Chiara; Turchi, Tommaso; Frosali, Caterina; Bacco, Manlio; Ferrari, Alessio; Conati, Cristina; Malizia, Alessio",2025,"END-USER DEVELOPMENT, IS-EUD 2025",10.1007/978-3-031-95452-8_19,https://www.webofscience.com/wos/woscc/full-record/WOS:001555599300019,supports-claim,"Computational thinking (CT) skills provide structured approaches to problem-solving that are valuable for navigating the increasing complexity of technological environments. CT skills can be assessed through various methods and perspectives. EUDability provides a framework for evaluating end-user development (EUD) tools, with core dimensions directly aligned to CT skills. This paper explores how CT skills manifest in the creation of visual models, an activity that supports the representation and understanding of socio-technical systems. We propose an evaluation method employing ModeLLer, a block-based EUD modelling tool and a user study. We carry out a structured evaluation integrating the EUDability inspection and process-based CT skills evaluation with the assessment of the artefacts produced by end-users. Results highlight the ability of ModeLLer to support the modelling activity while also providing insights into the EUDability of the tool and end-users' CT skills. Furthermore, although preliminary, our results illustrate the relationship between tool capabilities, user skills, and modelling outcomes.",wos,llm,0.800,unreviewed,
discarded,Enhancing K12 Education with Intelligent and Assistive Robots: Exploring Student Learning Experience,"Bigonah, Maryam; Nallapareddy, Sasikiran Reddy; Pant, Aparana; Akula, Vennela; Rajoli, Nayanika Reddy; Poudel, Sanjaya; Marghitu, Daniela",2025,"UNIVERSAL ACCESS IN HUMAN-COMPUTER INTERACTION, UAHCI 2025, PT II",10.1007/978-3-031-93851-1_10,https://www.webofscience.com/wos/woscc/full-record/WOS:001551216000010,adjacent-subtopic,"The rapid advancement of technology has highlighted the importance of computer science (CS) and computational thinking (CT) skills for problem-solving and logical reasoning across disciplines. Introducing these concepts early is crucial, but traditional methods often struggle to effectively teach young learners, particularly those with disabilities.

Assistive robots, such as Buddy and Marty, offer innovative solutions to these challenges. Marty, a programmable humanoid robot, uses physical expressiveness and interactive capabilities to make coding tangible, with support for block-based and text-based programming languages. Buddy, an emotional AI-powered robot, adapts to students' needs, engaging them through activities that foster emotion management, motor skills, and inclusive education.

This research focuses on developing an accessible application that integrates both Buddy and Marty, tailored for primary school students. By combining Marty's physical interactivity and Buddy's emotional intelligence, the study aims to create a comprehensive learning environment that enhances motivation, creativity, and engagement in CS education.

Through this approach, we explore how assistive robots can bridge the gap between abstract concepts and interactive experiences, fostering inclusivity and personal development. This study aspires to demonstrate how technology can empower all students to thrive in a digital world.",wos,llm,0.970,unreviewed,
discarded,Comparative Analysis of STEM and Non-STEM Teachers' Needs for Integrating AI into Educational Environments,"Riahi, Bahare; Catete, Veronica",2025,"LEARNING AND COLLABORATION TECHNOLOGIES, LCT 2025, PT II",10.1007/978-3-031-93567-1_9,https://www.webofscience.com/wos/woscc/full-record/WOS:001543787600009,adjacent-subtopic,"There is an increasing imperative to integrate programming platforms within AI frameworks to enhance educational tasks for both teachers and students. However, commonly used platforms such as Code.org, Scratch, and Snap fall short of providing the desired AI features and lack adaptability for interdisciplinary applications. This study explores how educational platforms can be improved by incorporating AI and analytics features to create more effective learning environments across various subjects and domains. We interviewed 8 K-12 teachers and asked their practices and needs while using any block-based programming (BBP) platform in their classes. We asked for their approaches in assessment, course development and expansion of resources, and student monitoring in their classes. Thematic analysis of the interview transcripts revealed both commonalities and differences in the AI tools needed between the STEM and non-STEM groups. Our results indicated advanced AI features that could promote BBP platforms. Both groups stressed the need for integrity and plagiarism checks, AI adaptability, customized rubrics, and detailed feedback in assessments. Non-STEM teachers also emphasized the importance of creative assignments and qualitative assessments. Regarding resource development, both AI tools desired for updating curricula, tutoring libraries, and generative AI features. Non-STEM teachers were particularly interested in supporting creative endeavors, such as art simulations. For student monitoring, both groups prioritized desktop control, daily tracking, behavior monitoring, and distraction prevention tools. Our findings identify specific AI-enhanced features needed by K-12 teachers across various disciplines and lay the foundation for creating more efficient, personalized, and engaging educational experiences.",wos,llm,0.950,unreviewed,
discarded,Fostering Computational Thinking in Elementary Mathematics Instruction and Learning with the Support of Large Language Models,"Ylagan, Emma S.; Parekh, Heena P.; Das, Malisha; Dahshan, Mai",2025,"PROCEEDINGS OF THE 30TH ACM CONFERENCE ON INNOVATION AND TECHNOLOGY IN COMPUTER SCIENCE EDUCATION VOL 2, ITICSE 2025",10.1145/3724389.3730802,https://www.webofscience.com/wos/woscc/full-record/WOS:001540559800070,adjacent-subtopic,"Computational thinking (CT) integration in elementary mathematics engages young learners in the decomposition of complex problems and the construction of iterative approaches to mathematical thinking. To effectively integrate MATH+CT, we need to build teachers' capacity in developing knowledge of CT concepts and creating Math+CT activities. This can positively influence students' mathematical outcomes and their readiness for computer science (CS) in middle and high school. Although various professional development programs aim to build teachers' CT knowledge, limited research exists on how teachers apply this knowledge to classroom-based Math+CT activities. Simultaneously, the rapid improvement of large Language Models (LLMs) creates a catalyst for building an innovative resource space to support elementary teachers' integration of MATH+CT in their existing school or district curriculum. In this poster, we present a tool that leverages LLMs to support teachers in creating Scratch programs designed to explore and deepen students' understanding of mathematical concepts.",wos,llm,0.900,unreviewed,
kept,Computational Thinking in Primary and Pre-School Children: A Systematic Review of the Literature,"Paraskevopoulou-Kollia, Efrosyni-Alkisti; Michalakopoulos, Christos-Apostolos; Zygouris, Nikolaos C.; Bagos, Pantelis G.",2025,EDUCATION SCIENCES,10.3390/educsci15080985,https://www.webofscience.com/wos/woscc/full-record/WOS:001559619100001,supports-claim,"Computational Thinking (CT) has been an important concept for the computer science education community in the last 20 years. In this work we performed a systematic review of the literature regarding the computational thinking of children from kindergarten to primary school. We compiled a large dataset of one hundred and twenty (120) studies from the literature. Through analysis of these studies, we tried to reveal important insights and draw interesting and valid conclusions. We analyzed various qualitative and quantitative aspects of the studies, including the sample size, the year of publication, the country of origin, the studies' design and duration, the computational tools used, and so on. An important aspect of the work is to highlight differences between different study designs. We identified a total of 120 studies, with more than half of them (>50%) originating from Asian countries. Most studies (82.5%) conducted some form of intervention, aiming to improve their computational thinking in students. A smaller proportion (17.5%) were assessment studies in which the authors conducted assessments regarding the children's computational thinking. On average, intervention studies had a smaller number of participants, but differences in duration could not be identified. There was also a lack of large-scale longitudinal studies. Block-based coding (i.e., Scratch) and Plugged and Unplugged activities were observed in high numbers in both categories of studies. CT assessment tools showed great variability. Efforts for standardization and reaching a consensus are needed in this regard. Finally, robotic systems have been found to play a major role in interventions over the last years.",wos,llm,0.870,unreviewed,
discarded,Active Learning Methodologies for Increasing the Interest and Engagement in Computer Science Subjects in Vocational Education and Training,"Diaz-Lauzurica, Belkis; Moreno-Salinas, David",2025,EDUCATION SCIENCES,10.3390/educsci15081017,https://www.webofscience.com/wos/woscc/full-record/WOS:001557433900001,off-topic-false-hit,"Active learning strategies and methodologies place the students at the core of the learning process. The objective is to engage students in their own learning through significant activities that involve active participation. These activities are designed to promote collaboration, reflection, and practical application of the knowledge acquired to develop cognitive, social, and emotional competences. These methodologies are of particular interest in STEM disciplines and vocational education, where practice is a key element in the assimilation of theoretical concepts. In this line, a case study is presented where active methodologies have been applied to two groups of Vocational Education and Training in the area of Computer Science to improve interest and commitment. The present study focuses on two groups of first-year students enrolled in the Web Application Design course, one in the Programming subject and the other in the Markup Language subject. Both groups are heterogeneous, composed of young adults with significantly different backgrounds, skills, and motivation. The teaching-learning process is based on active methodologies, such as Project-Based Learning, Design Thinking, Flipped Classroom, or gamification, which are adapted for different subjects in the field of Computer Science. These methodologies facilitate the experimental design and testing of diverse solutions for programming problems, thereby enhancing students' motivation and interest, while promoting creativity and reflection. The results show an improvement in the interest and commitment of the students in both groups. Despite the fact that less than 50% of students successfully passed in the initial examination, more than 75% students passed after the second-chance examination. The findings have consistently suggested that the implementation of active methodologies leads to significant enhancements in the proficiency, development, motivation, and self-learning capabilities of students, and that these methodologies make students more aware of their learning process.",wos,llm,0.980,unreviewed,
discarded,Improving primary students' computational thinking through cross-curricular teaching: a design-based implementation research in mathematics and programming education,"Wang, Jue; Zhang, Yi; Li, Xing; Xie, Ling; Mao, Aiping",2025,ASIA PACIFIC JOURNAL OF EDUCATION,10.1080/02188791.2025.2547051,https://www.webofscience.com/wos/woscc/full-record/WOS:001554861800001,adjacent-subtopic,"In recent years, national ministries of education worldwide have implemented computational thinking (CT) skills in their curricula. Due to the challenges of implementing cross-curricular CT themes in primary schools, design-based implementation research (DBIR) can be used as a targeted approach that requires researchers and teachers to construct a participatory process to develop a shared understanding. Therefore, this study adopted the DBIR approach to explore the integration of CT skills into cross-curricular teaching. A university research team and primary school mathematics and computer science teachers explored CT-integrated instructional design of mathematical concepts and programming. The study involved fifth-grade students (aged 11 years) who participated in the basic, developmental and proficiency levels of iterative experiments to learn probability concepts using mathematics and Scratch. The study used formative and summative methods for data collection and assessment. Results indicated that cross-curricular teaching improved primary school students' CT. Based on the DBIR approach, this study systematically explored the characteristics and theory of integrating CT into cross-curricular teaching. This study contributes to the research on CT integration theory, its application in cross-curricular education and its use in primary schools.",wos,llm,0.910,unreviewed,
discarded,In-Service Teachers' Perceptions of Teaching Computational Thinking and Block-Based Programming: Expanding Scratch's Role Across K-12 Contexts,"Ocak, Ceren; Akcaoglu, Mete",2025,COMPUTERS IN THE SCHOOLS,10.1080/07380569.2025.2544052,https://www.webofscience.com/wos/woscc/full-record/WOS:001552214600001,adjacent-subtopic,"This paper explored in-service teachers' perceptions and approaches to computational thinking (CT) and block-based coding via Scratch before and after participating in a week-long online and asynchronous learning module within a graduate-level instructional technology course. We analyzed pre- and post-learning module data from 21 teachers across different grade levels and subjects and examined their approaches to CT, changes in their CT-related knowledge and skills, and views on the utility of Scratch. Our findings suggested a shift from pre-module findings, showing a change in their disposition toward Scratch's utility value and recognition of more subject-specific applications of Scratch, such as systems modeling in science and digital storytelling. In light of the findings, we highlight the recurring need for teacher education programs to support teachers' self-efficacy in teaching CT, the development of CT-related knowledge and skills, especially advanced coding practices, and to embed self-reflective questions that help teachers recognize CT's relevance to their disciplinary teaching areas and students' learning. We also offer implications for designing future teacher education programs.",wos,llm,0.900,unreviewed,
discarded,Impact of Integrating Computational Thinking in STEM Education on Students' Cognitive and Non-Cognitive Skills: A Meta-Analysis,"Yang, Hanzhu; Hu, Linlin; Wang, Hao; Xin, Yunfei",2025,JOURNAL OF COMPUTER ASSISTED LEARNING,10.1111/jcal.70079,https://www.webofscience.com/wos/woscc/full-record/WOS:001539437000025,adjacent-subtopic,"Background: Computational thinking (CT) is a cognitive approach intricately linked with core competencies in Science, Technology, Engineering, and Mathematics (STEM). Numerous studies have explored strategies to effectively integrate CT into STEM education and systematically evaluated the multidimensional impact on student learning outcomes. Objectives and Methods: This meta-analysis synthesises findings from 46 high-quality empirical studies to verify the effectiveness of integrating CT into STEM on the development of students' cognitive and non-cognitive skills and to analyse the moderating effects of various potential factors on skill acquisition. Results and Conclusions: The results demonstrate that the integration of CT in STEM education has a significant effect on enhancing students' cognitive skills (Hedges's g = 0.651, 95% CI [0.527, 0.776], p < 0.001), with this effect significantly moderated by the intervention duration and the instructional tools. Additionally, the implementation of CT in STEM positively impacts the development of students' non-cognitive skills (Hedges's g = 0.538, 95% CI [0.345, 0.730], p < 0.001), with educational level, sample size, intervention duration, and instructional tools identified as important moderator variables influencing the acquisition of non-cognitive skills. Based on the findings, this study recommends systematic CT interventions lasting 3 months to 1 year, utilising interactive and practice-oriented instructional tools such as block-based programming, maker, and unplugged activities. Furthermore, it suggests tailoring instructional strategies to different educational stages. These recommendations deepen the understanding of the role of CT in STEM education, providing practical guidance for educators and policymakers.",wos,llm,0.950,unreviewed,
kept,Scratch Project Analysis: Relationship Between Gender and Computational Thinking Skill,Rose Niousha; Daisuke Saito; Hironori Washizaki; Yoshiaki Fukazawa,2022,"2022 IEEE International Conference on Teaching, Assessment and Learning for Engineering (TALE)",10.1109/TALE54877.2022.00099,https://ieeexplore.ieee.org/document/10148435/,supports-claim,"The computer science industry suffers from a significant gender gap. This situation likely hinders the creation of inclusive and user-friendly systems due to a bias in perspectives. To narrow this gender gap, this study investigates how females program to increase interest in computer sciences. Specifically, 60 open Scratch projects on the web are analyzed to clarify differences in the Computational Thinking scores with respect to gender. The difference in the Computational Thinking score by gender suggests that the gap may be due to the lack of the Synchronization element in female users’ projects. A deeper understanding of how people program based on gender should support creating an effective and inclusive learning environment and allow educators to create programming materials that attract both genders equally into the field.",ieee,llm,0.840,unreviewed,
kept,Scratch Analysis Tool(SAT): A Modern Scratch Project Analysis Tool based on ANTLR to Assess Computational Thinking Skills,Zhong Chang; Yan Sun; Tin-Yu Wu; Mohsen Guizani,2018,2018 14th International Wireless Communications & Mobile Computing Conference (IWCMC),10.1109/IWCMC.2018.8450296,https://ieeexplore.ieee.org/document/8450296/,supports-claim,"With the introduction of computer programming in schools around the world, Scratch has risen in prominence for its thinkable, meaningful and social. Aiming to assessing the Computational Thinking skills of a Scratch program, we design and implement a new Scratch program analysis tool based on ANTLR. To solve some flaws (e.g., high failure rate and low efficiency) in Dr. Scratch which is the most relevant tool to assess Computational Thinking skills of Scratch programs, we choose the recognition tool ANTLR to design the system module and the assessing flow. And then, we customize more than 200 lexical and syntax parser rules in ANTLR. Furthermore, we expand the grading standard of assessing Computational Thinking skills in Dr. Scratch. Some fundamental concepts in Computer Science, such as stack, queue and recursion method, are involved in our grading standard. Experiment results show the performance (e.g., success rate, execution time) of SAT is superior to that of Dr. Scratch.",ieee,llm,0.950,unreviewed,
kept,Data-driven Analysis of Elementary School Students’ Computational Thinking through Scratch Projects,Guang Yang; Daisuke Saito; Hironori Washizaki; Yoshiaki Fukazawa,2023,2023 IEEE Integrated STEM Education Conference (ISEC),10.1109/ISEC57711.2023.10402181,https://ieeexplore.ieee.org/document/10402181/,supports-claim,"The development of computer science has led to an increase in programming education for younger people. Many countries have begun programming education in elementary schools. As is a relatively new subject in elementary education, the course design and textbooks for programming education remain under development. The growth trend in computational thinking (CT) is helpful for educators to teach suitable programming concepts to students. Scratch, which is mostly used as an introductory programming language for elementary school students, can be evaluated to reflect students’ CT. In this work-in-progress research, we conducted a data-driven analysis on fourth-grade students’ CT growth in their first 3 years of programming learning by evaluating their Scratch projects. A preliminary result shows that CT grows rapidly in the first 2 years and tends to be stable in the third year. The reasons for the difference in growth of specific CT concepts are discussed.",ieee,llm,0.910,unreviewed,
