status,title,authors,year,venue,doi,url,tags,abstract,provider,decision_source,llm_confidence,llm_review_outcome,llm_change_direction
kept,Computational Thinking for All: Pedagogical Approaches to Embedding 21st Century Problem Solving in K-12 Classrooms,Aman Yadav; Hai Hong; Chris Stephenson,2016,TechTrends,10.1007/s11528-016-0087-7,https://openalex.org/W2413080797,supports-claim,"The recent focus on computational thinking as a key 21st century skill for all students has led to a number of curriculum initiatives to embed it in K-12 classrooms. In this paper, we discuss the key computational thinking constructs, including algorithms, abstraction, and automation. We further discuss how these ideas are related to current educational reforms, such as Common Core and Next Generation Science Standards and provide specific means that would allow teachers to embed these ideas in their K-12 classrooms, including recommendations for instructional technologists and professional development experts for infusing computational thinking into other subjects. In conclusion, we suggest that computational thinking ideas outlined in this paper are key to moving students from merely being technology-literate to using computational tools to solve problems.",openalex,llm,0.920,unreviewed,
discarded,"A systematic review of immersive virtual reality applications for higher education: Design elements, lessons learned, and research agenda",Jaziar Radianti; Tim A. Majchrzak; Jennifer Fromm; Isabell Wohlgenannt,2019,Computers & Education,10.1016/j.compedu.2019.103778,https://openalex.org/W2995065029,off-topic-false-hit,"Researchers have explored the benefits and applications of virtual reality (VR) in different scenarios. VR possesses much potential and its application in education has seen much research interest lately. However, little systematic work currently exists on how researchers have applied immersive VR for higher education purposes that considers the usage of both high-end and budget head-mounted displays (HMDs). Hence, we propose using systematic mapping to identify design elements of existing research dedicated to the application of VR in higher education. The reviewed articles were acquired by extracting key information from documents indexed in four scientific digital libraries, which were filtered systematically using exclusion, inclusion, semi-automatic, and manual methods. Our review emphasizes three key points: the current domain structure in terms of the learning contents, the VR design elements, and the learning theories, as a foundation for successful VR-based learning. The mapping was conducted between application domains and learning contents and between design elements and learning contents. Our analysis has uncovered several gaps in the application of VR in the higher education sphere—for instance, learning theories were not often considered in VR application development to assist and guide toward learning outcomes. Furthermore, the evaluation of educational VR applications has primarily focused on usability of the VR apps instead of learning outcomes and immersive VR has mostly been a part of experimental and development work rather than being applied regularly in actual teaching. Nevertheless, VR seems to be a promising sphere as this study identifies 18 application domains, indicating a better reception of this technology in many disciplines. The identified gaps point toward unexplored regions of VR design for education, which could motivate future work in the field.",openalex,llm,0.990,unreviewed,
kept,Assessing computational thinking: A systematic review of empirical studies,Xiaodan Tang; Yue Yin; Qiao Lin; Roxana Hadad; Xiaoming Zhaı,2020,Computers & Education,10.1016/j.compedu.2019.103798,https://openalex.org/W3000232414,supports-claim,,openalex,llm,0.980,unreviewed,
discarded,Computational Thinking: A Digital Age Skill for Everyone.,David L. Barr; John Harrison; Leslie Conery,2011,Learning and leading with technology,,https://openalex.org/W112965270,adjacent-subtopic,A group of high school students cluster around a computer looking at a series of graphs and charts on the screen and talking quietly but intently. They are collaborating with a group of students in South America using Skype. Together they have gathered data and created a model depicting the rate of deforestation of the rain forests around the world. Today they are discussing the changes they need to make to their data representation and algorithm before running their simulation. These students are engaged in what is called computational thinking.,openalex,llm,0.720,unreviewed,
discarded,Computational Thinking in Elementary and Secondary Teacher Education,Aman Yadav; Chris Mayfield; Ninger Zhou; Susanne E. Hambrusch; John T. Korb,2014,ACM Transactions on Computing Education,10.1145/2576872,https://openalex.org/W2167284058,adjacent-subtopic,"Computational thinking (CT) is broadly defined as the mental activity for abstracting problems and formulating solutions that can be automated. In an increasingly information-based society, CT is becoming an essential skill for everyone. To ensure that students develop this ability at the K-12 level, it is important to provide teachers with an adequate knowledge about CT and how to incorporate it into their teaching. This article describes a study on designing and introducing computational thinking modules and assessing their impact on preservice teachers’ understanding of CT concepts, as well as their attitude towards computing. Results demonstrate that introducing computational thinking into education courses can effectively influence preservice teachers’ understanding of CT concepts.",openalex,llm,0.780,unreviewed,
discarded,How to learn and how to teach computational thinking: Suggestions based on a review of the literature,Ting‐Chia Hsu; Shao‐Chen Chang; Yu-Ting Hung,2018,Computers & Education,10.1016/j.compedu.2018.07.004,https://openalex.org/W2811233214,adjacent-subtopic,,openalex,llm,0.880,unreviewed,
kept,Computational thinking in compulsory education: Towards an agenda for research and practice,Joke Voogt; Petra Fisser; Jon Good; Punya Mishra; Aman Yadav,2015,Education and Information Technologies,10.1007/s10639-015-9412-6,https://openalex.org/W570009404,supports-claim,"Computational Thinking is considered a universal competence, which should be added to every child’s analytical ability as a vital ingredient of their school learning. In this article we further elaborate on what Computational Thinking is and present examples of what needs to be taught and how. First we position Computational Thinking in Papert’s work with LOGO. We then discuss challenges in defining Computational Thinking and discuss the core and peripheral aspects of a definition. After that we offer examples of how Computational Thinking can be addressed in both formal and informal educational settings. In the conclusion and discussion section an agenda for research and practice is presented.",openalex,llm,0.990,unreviewed,
discarded,AI literacy in K-12: a systematic literature review,Lorena Casal Otero; Alejandro Catalá; Carmen Fernández-Morante; M. Taboada; Beatriz Cebreiro López; Senén Barro,2023,International Journal of STEM Education,10.1186/s40594-023-00418-7,https://openalex.org/W4366393300,adjacent-subtopic,"Abstract The successful irruption of AI-based technology in our daily lives has led to a growing educational, social, and political interest in training citizens in AI. Education systems now need to train students at the K-12 level to live in a society where they must interact with AI. Thus, AI literacy is a pedagogical and cognitive challenge at the K-12 level. This study aimed to understand how AI is being integrated into K-12 education worldwide. We conducted a search process following the systematic literature review method using Scopus. 179 documents were reviewed, and two broad groups of AI literacy approaches were identified, namely learning experience and theoretical perspective. The first group covered experiences in learning technical, conceptual and applied skills in a particular domain of interest. The second group revealed that significant efforts are being made to design models that frame AI literacy proposals. There were hardly any experiences that assessed whether students understood AI concepts after the learning experience. Little attention has been paid to the undesirable consequences of an indiscriminate and insufficiently thought-out application of AI. A competency framework is required to guide the didactic proposals designed by educational institutions and define a curriculum reflecting the sequence and academic continuity, which should be modular, personalized and adjusted to the conditions of the schools. Finally, AI literacy can be leveraged to enhance the learning of disciplinary core subjects by integrating AI into the teaching process of those subjects, provided the curriculum is co-designed with teachers.",openalex,llm,0.980,unreviewed,
kept,A K-6 computational thinking curriculum framework: implications for teacher knowledge,Charoula Angeli; Joke Voogt; A Fluck; Mary Webb; Margaret Cox; Joyce Malyn‐Smith; Jason Zagami,2016,eCite Digital Repository (University of Tasmania),,https://openalex.org/W2531461299,supports-claim,"Adding computer science as a separate school subject to the core K-6 curriculum is a complex issue with educational challenges. The authors herein address two of these challenges: (1) the design of the curriculum based on a generic computational thinking framework, and (2) the knowledge teachers need to teach the curriculum. The first issue is discussed within a perspective of designing an authentic computational thinking curriculum with a focus on real-world problems. The second issue is addressed within the framework of technological pedagogical content knowledge explicating in detail the body of knowledge that teachers need to have to be able to teach computational thinking in a K-6 environment. An example of how these ideas can be applied in practice is also given. While it is recognized there is a lack of adequate empirical evidence in terms of the effectiveness of the frameworks proposed herein, it is expected that our knowledge and research base will dramatically increase over the next several years, as more countries around the world add computer science as a separate school subject to their K-6 curriculum.",openalex,llm,0.930,unreviewed,
kept,Exploring Issues About Computational Thinking in Higher Education,Betül Czerkawski; Eugene W. Lyman,2015,TechTrends,10.1007/s11528-015-0840-3,https://openalex.org/W1992394443,CT-definition; qualifies-claim,"The term computational thinking (CT) has been in academic discourse for decades, but gained new currency in 2006, when Jeanette Wing used it to describe a set of thinking skills that students in all fields may require in order to succeed. Wing's initial article and subsequent writings on CT have been broadly influential; experts in computational thinking have started developing teaching and leadership materials to support integration of CT across the K-12 curriculum. Despite interest at the K-12 level, however, outside of computer science and other science, technology, engineering and mathematics (STEM) fields there has been less interest in -and research conducted on- the potential of CT in higher education. The purpose of this paper is to review the current state of the field in higher education and discuss whether CT skills are relevant outside of STEM fields.",openalex,llm,0.880,unreviewed,
discarded,Coding and Computational Thinking in Early Childhood: The Impact of ScratchJr in Europe,Marina Umaschi Bers,2018,European Journal of STEM Education,10.20897/ejsteme/3868,https://openalex.org/W2891684233,adjacent-subtopic,"In recent years, there has been an increased effort to introduce coding and computational thinking in early childhood education. In accordance with the international trend, programming has become an increasingly growing focus in European education. With over 9.5 million iOS downloads, ScratchJr is the most popular freely available introductory programming language for young children (ages 5-7). This paper provides an overview of ScratchJr, and the powerful ideas from computer science it is designed to teach. In addition, data analytics are presented to show trends of usage in Europe and and how it compares to the rest of the world. Data reveals that countries with robust computer science initiatives such as the UK and the Nordic countries have high usage of ScratchJr.",openalex,llm,0.810,unreviewed,
discarded,Visual programming languages integrated across the curriculum in elementary school: A two year case study using “Scratch” in five schools,José Manuel Sáez López; ‪Marcos Román-González‬; Esteban Vázquez Cano,2016,Computers & Education,10.1016/j.compedu.2016.03.003,https://openalex.org/W2471105315,adjacent-subtopic,,openalex,llm,0.760,unreviewed,
discarded,Scalable game design and the development of a checklist for getting computational thinking into public schools,Alexander Repenning; David C. Webb; Andri Ioannidou,2010,,10.1145/1734263.1734357,https://openalex.org/W2013205990,adjacent-subtopic,"Game design appears to be a promising approach to interest K-12 students in Computer Science. Unfortunately, balancing motivational and educational concerns is truly challenging. Over a number of years, we have explored how to achieve a functional balance by creating a curriculum that combines increasingly complex game designs, computational thinking patterns and authoring tools. Scalable Game Design is a research project exploring new strategies of how to scale up from after school and summer programs into required curriculum of public schools through game design approaches. The project includes inner city schools, remote rural areas and Native American communities. A requirement checklist of computational thinking tools regarding curriculum, teacher training, standards and authoring tools has been developed and is being tested with thousands of students.",openalex,llm,0.870,unreviewed,
discarded,Coding as a playground: Promoting positive learning experiences in childhood classrooms,Marina Umaschi Bers; Carina Soledad González González; Ma Belén Armas–Torres,2019,Computers & Education,10.1016/j.compedu.2019.04.013,https://openalex.org/W2940999120,adjacent-subtopic,,openalex,llm,0.820,unreviewed,
discarded,"Development of computational thinking, digital competence and 21 st century skills when learning programming in K-9",Jalal Nouri; Lechen Zhang; Linda Mannila; Eva Norén,2019,Education Inquiry,10.1080/20004508.2019.1627844,https://openalex.org/W2952915689,adjacent-subtopic,"Teachers around the world have started teaching programming at the K-9 level, some due to the formal introduction of programming in the national curriculum, others without such pressure and on their own initiative. In this study, we attempted to understand which skills – both CT-related and general – are developed among pupils in the process of working with programming in schools. To do so, we interviewed 19 Swedish teachers who had been teaching programming for a couple of years on their own initiative. The teachers were selected based on their experience in teaching programming. Our thematic analysis of these interviews shed light on what skills teachers perceive pupils develop when programming. This led us to identify three themes related to CT skills and five themes related to general skills. The CT skills identified corresponded well with and were thus thematically structured according to the dimensions of CT proposed in the framework of Brennan and Resnick, namely computational concepts, computational practices and computational perspectives. In addition to the CT skills, our thematic analysis also resulted in the identification of general skills related to digital competency and 21st century skills, namely cognitive skills and attitudes, language skills, collaborative skills and attitudes and creative problem-solving skills and attitudes.",openalex,llm,0.820,unreviewed,
discarded,Computational thinking development through creative programming in higher education,Margarida Roméro; Alexandre Lepage; Benjamin Lille,2017,International Journal of Educational Technology in Higher Education,10.1186/s41239-017-0080-z,https://openalex.org/W2772153049,adjacent-subtopic,"Creative and problem-solving competencies are part of the so-called twenty-first century skills. The creative use of digital technologies to solve problems is also related to computational thinking as a set of cognitive and metacognitive strategies in which the learner is engaged in an active design and creation process and mobilized computational concepts and methods. At different educational levels, computational thinking can be developed and assessed through solving ill-defined problems. This paper introduces computational thinking in the context of Higher Education creative programming activities. In this study, we engage undergraduate students in a creative programming activity using Scratch. Then, we analyze the computational thinking scores of an automatic analysis tool and the human assessment of the creative programming projects. Results suggested the need for a human assessment of creative programming while pointing the limits of an automated analytical tool, which does not reflect the creative diversity of the Scratch projects and overrates algorithmic complexity.",openalex,llm,0.840,unreviewed,
discarded,The effectiveness of partial pair programming on elementary school students’ Computational Thinking skills and self-efficacy,Xuefeng Wei; Lin Lin; Nanxi Meng; Wei Tan; Siu Cheung Kong; Kinshuk Kinshuk,2020,Computers & Education,10.1016/j.compedu.2020.104023,https://openalex.org/W3090152186,adjacent-subtopic,"Abstract Computational thinking (CT) skills are becoming essential in all aspects of work and life, and CT has become part of the K-12 curriculum around the world. Yet, more research is needed to better understand how to help elementary school students acquire CT skills effectively. The purpose of this study was to examine the effectiveness of partial pair programming (PPP) on elementary school students' CT skills and self-efficacy (SE). The study included four 4th grade classes, with a total of 171 students, who were taking the course entitled “Computational Thinking with Scratch” with the same teacher for one semester. Two classes (84 students) were in the Experimental Group (EG, 44 boys and 40 girls) while two other classes (87 students) were in the Control Group (CG, 45 boys and 42 girls). The students in the EG were paired up for the programming assignments while the students in the CG did the assignments on their own. The results showed that the students in the EG improved their CT skills and SE more significantly than those in the CG group. There was a low correlation between CT and SE in the post-test of both groups. The interviews with the teacher and the students afterwards provided insights in understanding the results. The findings suggest that in K-12 programming teachers could use PPP as an effective approach to improve students’ CT skills, programming SE, and beyond.",openalex,llm,0.970,unreviewed,
kept,TechCheck: Development and Validation of an Unplugged Assessment of Computational Thinking in Early Childhood Education,Emily Relkin; Laura de Ruiter; Marina Umaschi Bers,2020,Journal of Science Education and Technology,10.1007/s10956-020-09831-x,https://openalex.org/W3031790629,CT-facets-concepts-vs-practices; supports-claim,"There is a need for developmentally appropriate Computational Thinking (CT) assessments that can be implemented in early childhood classrooms. We developed a new instrument called TechCheck for assessing CT skills in young children that does not require prior knowledge of computer programming. TechCheck is based on developmentally appropriate CT concepts and uses a multiple-choice ""unplugged"" format that allows it to be administered to whole classes or online settings in under 15 min. This design allows assessment of a broad range of abilities and avoids conflating coding with CT skills. We validated the instrument in a cohort of 5-9-year-old students (N = 768) participating in a research study involving a robotics coding curriculum. TechCheck showed good reliability and validity according to measures of classical test theory and item response theory. Discrimination between skill levels was adequate. Difficulty was suitable for first graders and low for second graders. The instrument showed differences in performance related to race/ethnicity. TechCheck scores correlated moderately with a previously validated CT assessment tool (TACTIC-KIBO). Overall, TechCheck has good psychometric properties, is easy to administer and score, and discriminates between children of different CT abilities. Implications, limitations, and directions for future work are discussed.",openalex,llm,0.940,unreviewed,
