status,title,authors,year,venue,doi,url,tags,abstract,provider,decision_source,llm_confidence,llm_review_outcome,llm_change_direction
discarded,Building Pathways to CS: Multilingual Collaborative Programming for Migrant and ESL Middle School Students,"Alonge, Braeden Anthony; Calvario, Noemi Corona; Garcia, Cis; Garcia, Priscilla Amanda; Keopilavan, Stanley; Lin, Victoria; Lucatero, Valerie Ponce; Gonzalez-Sanchez, Javier; Sisodia, Devkishen",2026,"PROCEEDINGS OF THE 57TH ACM TECHNICAL SYMPOSIUM ON COMPUTER SCIENCE EDUCATION V.2, SIGCSE TS 2026",10.1145/3770761.3777253,https://www.webofscience.com/wos/woscc/full-record/WOS:001780599900003,adjacent-subtopic,"We introduce CoBloP, a collaborative programming framework with culturally responsive design for ESL and migrant learners, supporting co-located teamwork, cross-device participation, and extensible plug-in games. In a pilot study with 35 middle-school students, many from migrant backgrounds, we observed strong engagement and rapid progression from sequencing to loops and procedures, suggesting CoBloP effectively lowers entry barriers and supports early computational thinking for underserved learners.",wos,llm,0.810,unreviewed,
discarded,A Task-oriented Artificial Intelligence Chatbot to Support University Students' Design Problem-solving: An Exploratory Case Study,"Liu, Yingxue; Zhu, Jinfei; Bai, Shurui; Li, Wenjuan; Yang, Chen",2025,"2025 5TH INTERNATIONAL CONFERENCE ON EDUCATIONAL TECHNOLOGY, ICET",10.1109/ICET67421.2025.11380454,https://www.webofscience.com/wos/woscc/full-record/WOS:001773565300030,adjacent-subtopic,"Design problem-solving (DPS) is an ill-structured process that demands iterative planning, interdisciplinary knowledge integration, and the development and assessment of context-sensitive solutions. However, traditional classroom environments often fail to deliver the timely, personalized feedback essential to support students' DPS. This exploratory case study examines how a task-oriented Artificial Intelligence (AI) chatbot can scaffold university students' DPS as they design course plans for teaching coding and computational thinking. Thirty-one postgraduate students participated in a four-week intervention, interacting with an AI chatbot developed on the Dify platform grounded in the 5E instructional model (Engage, Explore, Explain, Elaborate, Evaluate). Quantitative analysis of rubric-based course design scores revealed significant improvements after chatbot use, particularly in problem framing, instructional framework integration, and solution justification. Supporting these findings, a descriptive and thematic analysis of survey responses indicated that students perceived the chatbot as both useful and easy to use. They emphasized its role in improving design efficiency, facilitating idea generation, and offering accessible, user-friendly guidance-without requiring prior technical expertise. However, some limitations emerged, including the chatbot's difficulty in fully comprehending students' specific design contexts and its tendency to produce overly general or superficial responses for complex tasks. This study contributes to research on AI-supported learning and human-AI collaboration by providing empirical insights into the affordances and constraints of AI chatbot assistance in ill-structured DPS contexts.",wos,llm,0.870,unreviewed,
kept,Do coding activities or logic-based intelligence games better foster computational thinking? An experimental comparison,"Sayginer, Senol; Ceylan, Erhan",2026,INTERNATIONAL JOURNAL OF EDUCATIONAL RESEARCH,10.1016/j.ijer.2026.103018,https://www.webofscience.com/wos/woscc/full-record/WOS:001789847000001,qualifies-claim,"Recently, researchers have emphasised that computational thinking (CT) should be considered a new literacy skill beyond a specific discipline. However, a notable mismatch persists between this perspective and prevailing empirical research and practices, which often frame CT as a skill developed primarily through coding. This discrepancy leads to CT being perceived as a skill that can only be developed through coding activities, thereby narrowing its conceptual scope. This study addresses CT within a holistic framework encompassing creativity, algorithmic thinking, cooperativity, critical thinking, and problem solving, and empirically examines whether logic-based intelligence games (LIG), alongside coding, contribute to CT development. Using a quasi-experimental pretest-posttest control group design, the study involved two experimental groups and one control group. Over six weeks, the first experimental group participated in Tospaa-based unplugged coding activities, the second engaged in LIG activities, and the control group received no intervention. Data were collected using the self-report CT Scale. Results showed a significant increase in total CT scores only for the LIG group. This group also demonstrated significant gains in creativity and critical thinking sub-dimensions, whereas no significant changes were observed in any CT sub-dimension for the coding or control groups. Intergroup comparisons revealed a significant difference in total CT scores between the LIG and control groups in favor of the LIG group; however, no significant differences emerged across groups for the CT sub-dimensions. This study demonstrates that the development of CT cannot be limited to a single approach and that different learning contexts must be considered.",wos,llm,0.930,unreviewed,
discarded,"Roversa: A low-cost, multilingual robotics platform for K-12 computer science integration","Bredder, Eric; Wilkens, Kim; Espinal, Alejandro; Vieira, Camilo; Harris, Paola; Bailey, Julia; Chiu, Jennifer",2026,ETR&D-EDUCATIONAL TECHNOLOGY RESEARCH AND DEVELOPMENT,10.1007/s11423-026-10628-9,https://www.webofscience.com/wos/woscc/full-record/WOS:001785218400001,adjacent-subtopic,"Robots can help young learners develop computer science (CS) skills while providing opportunities for engagement. Robots can also help teachers integrate CS within other subject areas. However, existing robot solutions are often cost-prohibitive for low-resource schools, which broadens rather than bridges existing gaps in CS education. Moreover, many of these robots offer little flexibility in terms of the concepts that can be taught and the aesthetics of the robots. This participatory design research study outlines the design for Roversa, a low-cost and multilingual robotics platform. Our design was guided by five principles of the Educational Robotics Application (ERA) Framework (Intelligence, Interaction, Engagement, Equity, and Practical). We describe the evolution of Roversa prototypes, including its technical features and refinements. Two groups of educators from two different school districts participated in two sessions to provide usability feedback on Roversa in an exploratory discussion. Data were coded using the Educational Robot Applications (ERA) framework. Overall educators provided feedback regarding all five aspects of the ERA Framework principles and areas of improvement. Findings highlight the perceived usefulness of Roversa in the classroom, and underscore the importance of participatory design with teachers.",wos,llm,0.820,unreviewed,
kept,Generative AI-enhanced learning experiences for computational thinking: A systematic scoping review and design guidelines,"Ouaazki, Abdessalam; Shibani, Antonette; Knight, Simon; Holzer, Adrian",2026,COMPUTERS AND EDUCATION: ARTIFICIAL INTELLIGENCE,10.1016/j.caeai.2026.100608,https://www.webofscience.com/wos/woscc/full-record/WOS:001781527300001,supports-claim,"Computational thinking (CT) skills are crucial to teach. The rise of Generative AI could potentially revolutionize the teaching of these skills by changing learning experiences and outcomes. Educators are rapidly integrating these tools into their educational activities; however, the best practices for doing so remain unclear. Existing reviews on GenAI are either too broad in regard to studying specific tools such as ChatGPT for learning, or too limited with terms of studying computational thinking with a focus on programming. As such, this paper aims to summarize existing knowledge and extract best practices and avenues for future research and practice around GenAI and computational thinking skills. Our contributions are two-fold: 1) Insights from a systematic scoping review of studies examining the use of GenAI to support the teaching of CT skills in diverse contexts and their reported learning outcomes, 2) Design guidelines to inform effective use of GenAI in CT education for pedagogical practice. Our results reveal a young but rapidly growing research field, with most interventions focusing on un dergraduate students and basic programming tasks, often using off-the-shelf tools with limited integration. GenAI is typically used as a coder, tutor, debugger, or ideator, with mixed effects on learning outcomes. A key challenge is the tension between overreliance by beginners, who may offload thinking to GenAI, and under-utilization by advanced learners in complex projects. We derive seven guidelines to provide actionable recommendations from the findings to effectively integrate GenAI for CT while minimizing associated risks and guiding responsible AI use in education. We also suggest directions to inform the design of future systems and CT pedagogies.",wos,llm,0.910,unreviewed,
discarded,"Integrating Computational and AI Thinking in Computer Science Education: A Case Study of ""Software Design and Architecture","Huang, Yan; Chen, Ting; Zhu, Huidong",2026,INTERNATIONAL JOURNAL OF ENGINEERING EDUCATION,,https://www.webofscience.com/wos/woscc/full-record/WOS:001764286300004,adjacent-subtopic,"With the rapid development of artificial intelligence, especially large language modeling technology, the teaching philosophy and learning objectives of traditional computer courses are facing a structural reshaping. This paper proposes a novel instructional framework that integrates computational thinking (CT) with AI thinking (AIT) to cultivate students' ability to co-design intelligent systems with large language models (LLMs). Taking the reform of the undergraduate course ""Software Design and Architecture"" as a case study, we adopt an action research methodology to develop a project-based learning model. Students are guided through six stages-from system abstraction to LLMs integration. A core teaching strategy involves transitioning students from ""algorithm executors"" to ""AI-augmented system architects"" through hands-on practice with modular design patterns, prompt optimization, and human-AI interaction. Our empirical evaluation, based on an ethically approved, anonymous survey of 34 students, provides quantitative evidence of the framework's effectiveness. The results indicate significant self-reported improvements in students' abstraction skills, AI integration capabilities, and system-level reasoning, with over 85% of students confirming a notable enhancement in their AI Thinking. This study offers theoretical insights and validated practical implications for LLMs-informed curriculum transformation in computing education.",wos,llm,0.790,unreviewed,
kept,Computational Thinking as an Instructional Model for the Development of Digital Competences: An Experience in a University SPOC,"Bojorquez-Roque, Maylin Suleny; Garcia-Cabot, Antonio; Garcia-Lopez, Eva; Amado-Salvatierra, Hector R.; George-Reyes, Carlos Enrique",2026,INTERNATIONAL JOURNAL OF ENGINEERING EDUCATION,,https://www.webofscience.com/wos/woscc/full-record/WOS:001764286300007,supports-claim,"In higher education, the development of digital competences has become a central priority, particularly in science, technology, engineering, and mathematics (STEM) programs where virtual learning environments (VLEs) are increasingly integrated into academic practice. As institutions adopt these platforms, it is essential to understand how instructional design and the quality of student interaction contribute to strengthening digital literacy and computational thinking (CT) skills. This study examines the relationship between VLE use and the self-perceived development of digital competences, with special attention to the Central American context. A Small Private Online Course (SPOC) was implemented using the REDA-CT model (Strategic Resolution of Learning Challenges through Computational Thinking), which structured student learning around authentic digital challenges and promoted key CT sub-skills such as abstraction, decomposition, pattern recognition, and algorithmic reasoning. A quasi-experimental pretest-posttest design was applied with 1,008 university students from five institutions, and a qualitative analysis of pedagogical journals was conducted with a representative 10% subsample. Findings indicate that higher levels of student interaction in the VLE are associated with greater development of digital competences, particularly in information analysis, communication, multimedia production, cybersecurity, and problem solving. Students who engaged more actively with the REDA-CT framework also demonstrated more structured cognitive strategies aligned with its phases. These results support the integration of CT as a pedagogical model for promoting digital competences and fostering reflective problem solving in digitally mediated higher education environments.",wos,llm,0.900,unreviewed,
discarded,The impact of CT-integrated mathematics instruction on secondary school students' computational thinking skills,"Xu, Huifen; Wang, Jing; Liu, Ziyi; Jiang, Haozhe; Lu, Jijian",2026,ACTA PSYCHOLOGICA,10.1016/j.actpsy.2026.106863,https://www.webofscience.com/wos/woscc/full-record/WOS:001766201100001,adjacent-subtopic,"Cultivating students' computational thinking (CT) has become an educational priority, with the implementation of effective instructional programs identified as a key means of fostering these skills. However, traditional mathematics teaching in many contexts often relies on lecture-based approaches that emphasize procedural skills over problem-solving, which may limit students' engagement and CT development. This study designed a CTintegrated mathematics instruction framework for secondary mathematics, supported by GGB programming, and conducted a case study to evaluate its efficacy. Using an experimental research approach, 74 middle school students from a public school in Hangzhou, China were divided into an experimental group and a control group. The experimental group received CT-integrated mathematics instruction, while the control group followed conventional teaching methods. Data were collected using the Computational Thinking Scale (CTS) and a Mathematics Learning Interest Inventory for quantitative analysis, supplemented by qualitative insights from student interviews. The results indicate that the experimental group demonstrated significantly higher levels of CT and greater interest in mathematics compared to the control group, with the most notable improvement observed in algorithmic thinking.",wos,llm,0.770,unreviewed,
discarded,A Multi-Robot Spatial Augmented Reality Sandbox with Virtual Sensors for Computational Thinking Education,"Larez Mata, Jesus; Garaizar, Pablo; Eguiluz, Andoni",2026,APPLIED SCIENCES-BASEL,10.3390/app16094145,https://www.webofscience.com/wos/woscc/full-record/WOS:001763366100001,adjacent-subtopic,"In this paper, we introduce an immersive Spatial Augmented Reality (SAR) arena where multiple mobile robots interact with virtual sensors and actuators, enabling novice students to explore distributed and parallel algorithms. The arena uses overhead projection to display virtual objects (e.g., walls, targets, and sensor fields) onto a physical workspace, while robots (Smart Cutebot controlled by Micro:bit) operate under both physical and projected inputs. This framework is implemented via specialized software extensions for Microsoft MakeCode, offering varying levels of abstraction suitable for both novice learners and advanced researchers. The system's effectiveness is validated through technical characterization of its positioning sensors (achieving an accuracy of over 99% and a precision margin of +/- 0.1 cm) and qualitative user studies with primary and university-level students. The findings suggest that the virtualization of robotic components through SAR significantly lowers the entry barrier for understanding distributed programming and collective robotics while fostering the development of computational thinking through immersive, collaborative interaction.",wos,llm,0.760,unreviewed,
discarded,Research on AIGC-Empowered Cultivation of Computational Thinking in High School Students,"Liu, Jiaxuan; Wu, Lan",2025,"2025 INTERNATIONAL CONFERENCE ON EDUCATION TECHNOLOGY AND COMPUTERS, ICETC",10.1109/ICETC66579.2025.11387206,https://www.webofscience.com/wos/woscc/full-record/WOS:001739950900129,adjacent-subtopic,"Computational Thinking (CT) has been designated as a fundamental 21st-century competency within the OECD Learning Framework 2030. Current teaching practices still face challenges such as insufficient teacher capacity for interdisciplinary transformation, high barriers to entry in traditional programming courses, and the lack of dynamic personalized feedback mechanisms. Artificial Intelligence Generated Content (AIGC), leveraging its capabilities in natural language interaction, dynamic knowledge generation, and multimodal output, overcomes traditional teaching limitations and presents new opportunities for CT cultivation. Therefore, this study constructs an instructional model centered on teacher-student-machine triadic interaction, deeply integrating AIGC. A quasi-experimental method was employed to empirically test the effectiveness of this model in enhancing students' CT skills. The results indicate that the AIGC-empowered instructional model for CT cultivation significantly enhances students' CT skills. This study provides theoretical support for instructional model innovation within the context of intelligent education, offers an operational exemplar for reforming senior high school IT curricula, and holds significant reference value for advancing the high-quality development of AI-empowered education.",wos,llm,0.790,unreviewed,
kept,"Links between executive functions, metacognition, and computational thinking in adolescence: network and mediation approaches","Xue, Shengping; Lu, Aitao; Zhu, Kaixu; Chen, Wanyi; Xu, Yang; Ao, Lihong; Li, Chunmei; Ho, Kin Man; Kwan, Thung",2026,EDUCATION AND INFORMATION TECHNOLOGIES,10.1007/s10639-026-14021-0,https://www.webofscience.com/wos/woscc/full-record/WOS:001754292000001,supports-claim,"Computational thinking (CT), as a cognitive process central to problem solving, has received increasing attention in recent years. The association between executive functions (EF) and CT has been widely documented; however, the mechanisms underlying this relationship remain insufficiently understood. Moreover, most previous studies have treated CT as a unified construct, paying limited attention to its distinct components. Metacognition (MC), a higher-order cognitive capacity, has been theoretically and empirically linked to both EF and CT and may serve as a potential mechanism connecting them. Hence, we recruited 2,820 children and adolescents aged 9 to 16 who completed validated questionnaires assessing EF, MC, and CT. Results from network and mediation analyses revealed that (1) metacognitive monitoring mediated the relationship between EF and CT, whereas metacognitive knowledge was associated only with CT; (2) cognitive flexibility served as a key pathway through which working memory and inhibitory control were linked to CT; (3) abstraction, decomposition, and evaluation were more closely associated with cognitive flexibility; and (4) algorithmic thinking and generalization were more directly linked to working memory. These findings provide a nuanced understanding of the cognitive architecture of CT and highlight metacognitive monitoring as a critical mechanism in the development of CT during adolescence.",wos,llm,0.880,unreviewed,
