status,title,authors,year,venue,doi,url,tags,abstract,provider,decision_source,llm_confidence,llm_review_outcome,llm_change_direction
discarded,Modelling Assessment Rubrics through Bayesian Networks: a Pragmatic Approach,Francesca Mangili; Giorgia Adorni; Alberto Piatti; Claudio Bonesana; Alessandro Antonucci,2022,"2022 International Conference on Software, Telecommunications and Computer Networks (SoftCOM)",10.23919/SoftCOM55329.2022.9911432,https://ieeexplore.ieee.org/document/9911432/,adjacent-subtopic,"Automatic assessment of learner competencies is a fundamental task in intelligent tutoring systems. An assessment rubric typically and effectively describes relevant competencies and competence levels. This paper presents an approach to deriving a learner model directly from an assessment rubric defining some (partial) ordering of competence levels. The model is based on Bayesian networks and exploits logical gates with uncertainty (often referred to as noisy gates) to reduce the number of parameters of the model, so to simplify their elicitation by experts and allow real-time inference in intelligent tutoring systems. We illustrate how the approach can be applied to automatize the human assessment of an activity developed for testing computational thinking skills. The simple elicitation of the model starting from the assessment rubric opens up the possibility of quickly automating the assessment of several tasks, making them more easily exploitable in the context of adaptive assessment tools and intelligent tntorino systems.",ieee,llm,0.920,unreviewed,
discarded,Computational Thinking in Archival Science Research and Education,William Underwood; Richard Marciano,2019,2019 IEEE International Conference on Big Data (Big Data),10.1109/BigData47090.2019.9005682,https://ieeexplore.ieee.org/document/9005682/,adjacent-subtopic,This paper explores whether the computational thinking practices of mathematicians and scientists in the physical and biological sciences are also the practices of archival scientists. It is argued that these practices are essential elements of an archival science education in preparing students for a professional archival career.,ieee,llm,0.780,unreviewed,
discarded,8 What Is My Problem?,Michael D. Smith,2025,Problem Solving with Python: Using Computational Thinking in Everyday Life,,https://ieeexplore.ieee.org/document/11576169/,adjacent-subtopic,"To conclude this act, we'll tackle what to do when we know we have a problem, but we don't know exactly what the problem is. This may sound silly, but it is often true. Imagine, for example, that we have a small business operating at a small profit, and we wonder whether it could be generating more profit. What types of customers is our business not reaching? Where could our business operate at less cost? These types of questions lead us to this chapter's motivating question: How can we use computers to discover what problem(s) we have that we need to solve?",ieee,llm,0.990,unreviewed,
kept,Computational Thinking: Learning by Doing with the Cinco Adventure Game Tool,Frederik Gossen; Dennis Kühn; Tiziana Margaria; Anna-Lena Lamprecht,2018,2018 IEEE 42nd Annual Computer Software and Applications Conference (COMPSAC),10.1109/COMPSAC.2018.00175,https://ieeexplore.ieee.org/document/8377800/,supports-claim,"Aspiring software developers, like the novice students in Computer Science courses, need to acquire a thorough understanding of fundamental computational concepts like sequential execution, conditional branching, loops, modularisation, hierarchy and reuse. This understanding and ""computational thinking"" is deepened when they encounter the concepts in different contexts and environments, as opposed to only in one traditional programming language. In this paper, we describe how we used the Cinco Adventure Game Tool, a tool that allows students to model simple browser games in an intuitive graphical framework, to train basic computational concepts in a creative and engaging, learning-by-doing fashion. On purpose, we steered away from traditional programming languages, in order to separate the use of the concepts and constructs from the hurdle of a programming language syntax and development environment. The experiences with a large group of first-term Computer Science students in two successive years were very positive: The students had no problems in understanding and using the concepts, used the tool proficiently and enjoyed designing and modelling the games. Working together on a game project in small groups, they showed sustained engagement, developed a high level of confidence, and created quite complex games containing various fundamental computational constructs.",ieee,llm,0.930,unreviewed,
discarded,Using robot to motivate computational thinking in high school students,C. Enríquez; O. Aguilar; F. Domínguez,2016,IEEE Latin America Transactions,10.1109/TLA.2016.7795838,https://ieeexplore.ieee.org/document/7795838/,adjacent-subtopic,"The importance today is the development of computational thinking of technological professionals. This kind of thinking is useful for solving algorithms, analyzing, designing, coding and generating tests in a computer language. Today, obtaining knowledge and skills is related to the use of technology. In this paper, a robot is used as a teaching element to motivate the generation process of computational thinking in students of high school level. Measurement of variables, such as: advantages, interest, competition and operating time serve as indices to determine the degree of acceptance of this educational tool.",ieee,llm,0.880,unreviewed,
discarded,A Framework to Assess Melodic Effectiveness in Training Computational Thinking to Visually Impaired People,Rui Costa; Alvaro Costa Neto; Cristiana Araújo; Pedro Rangel Henriques,2022,2022 International Symposium on Computers in Education (SIIE),10.1109/SIIE56031.2022.9982346,https://ieeexplore.ieee.org/document/9982346/,adjacent-subtopic,"Computational Thinking education and training are considered crucial activities to achieve success in later challenges like computer programming. To train the brain to think in logical terms it is necessary to use adequate resources. In this paper we address the difficult problem that is assessing efficacy of a given resource to the Computation Thinking development. To discuss that topic we will use the Melodic System which is a physical learning resource capable of constructing melodic sequences in a logical manner to be used by visually impaired people. Melodic was created aiming at training Computational Thinking through music and sounds and its impact in the learning process must be evaluated. This paper presents the tests and results applied to this intent, while also providing a general and summarized presentation of the Melodic System itself.",ieee,llm,0.900,unreviewed,
discarded,A Study of Pupils' Self-Directed Learning Programming Behavior with the Support of GAI,Hongmei Tang; Yan Song; Lei Cao; Liuhao Zhang,2025,2025 International Conference on Distance Education and Learning (ICDEL),10.1109/ICDEL65868.2025.11193447,https://ieeexplore.ieee.org/document/11193447/,adjacent-subtopic,"Students' programming learning behavior is the external manifestation of their computational thinking development, self-directed learning ability, and problem-solving strategies. Mining the data of students' programming learning behavior helps reveal students' debugging strategies and learning performance. This study took the data of online self-directed learning programming behavior of grade 6 students supported by Generative Artificial Intelligence (GAI) as samples. Through k-means cluster analysis, it was classified into three types: ""independent"", ""executive"", and ""dependent"". The educational data mining technology was utilized to explore the differences in the high-frequency self-directed learning behavior sequences of high-performing and low-performing pupils of the same type and to discover their learning characteristics. Based on the results of data analysis, this study proposes three optimization strategies for pupils' self-directed learning programming supported by GAI, including constructing the task analysis process, refining the execution and debugging steps, and strengthening internal and external motivation incentives, with the expectation of providing a reference for personalized learning in programming education.",ieee,llm,0.950,unreviewed,
kept,The Effects of an Accessible Computing Curriculum for Students with Autism Spectrum Disorders,Abdu Arslanyilmaz; Margie Briley; Gregory Boerio; Katie Petridis; Ramlah Ilyas,2023,2023 IEEE Frontiers in Education Conference (FIE),10.1109/FIE58773.2023.10343392,https://ieeexplore.ieee.org/document/10343392/,supports-claim,"There has been a limited number of studies in which a computing curriculum is designed and developed for students with Autism Spectrum Disorders (ASD), but no study has tested the effectiveness of an accessible computing curriculum for students with Autism Spectrum Disorder (ASD). Therefore, the objectives of this study are to evaluate the effectiveness of such a computing curriculum in improving the learning of computational thinking concepts (CTCs: flow control, data representation, abstraction, user-interactivity, synchronization, parallelism, and logic) by comparing computing projects developed by two groups of students (Potential Development Middle School (PDMS) and Rich Center for Autism (RCA)) of twenty-one students with ASD and by investigating the progressive improvement of a total of 312 computing projects developed by students (138 in PDMS and 174 in RCA) over 20 sessions. Students in both groups were equal in their knowledge of CTCs at the pretest, and RCA and PDMS groups were taught utilizing the accessible and original CT curriculums, respectively, in this experimental study. The results showed that the original CT curriculum was statistically significantly more effective in learning of logic. Additionally, when all seven CTCs as a single construct were examined, the original CT curriculum was statistically significantly more effective than the accessible one. Furthermore, an investigation of the gradual increase in students' computing project scores throughout 20 sessions showed that both curriculums were statistically significantly effective in progressively improving students' learning of data representation, abstraction, synchronization, parallelism, and all CTCs as a single construct. When the correlations between CTCs and sessions for individual groups (PDMS & RCA) were analyzed, both curriculums were statistically significantly effective in increasing scores of synchronization and all CTCs as a single construct. The accessible and the original CT curriculums were also statistically significantly effective in improving students' learning of data representation and abstraction, respectively.",ieee,llm,0.900,unreviewed,
discarded,How software works: Computational thinking and ethics before CS1,Andrew Scott; Scott Barlowe,2016,2016 IEEE Frontiers in Education Conference (FIE),10.1109/FIE.2016.7757436,https://ieeexplore.ieee.org/document/7757436/,adjacent-subtopic,"It is widely acknowledged that many freshmen go to university without any prior grounding in computer science. Recent studies conducted in the US have shown that not only do high school students lack any exposure, but also they possess ill-conceived notions of what computer science is, a problem also affecting their parents, teachers and regional school superintendents. For incoming students, the extent to which computing technology impacts their daily lives is very likely at odds with the extent to which they have considered how software works and its ethical implications. The ability to critically analyze and consider related ethical consequences of computing is an important life skill for every twenty-first century adult and not just computer scientists. With this this in mind, this paper presents a unique CS0 introduction to programming and computer ethics for pre CS and non majors. It has been defined as a service course to promote digital literacy and to ensure that students appreciate what computer science is and its socio-ethical implications. The paper outlines the course and its content in detail, as well as providing quantitative and qualitative evidence of its benefit and appeal to female students.",ieee,llm,0.860,unreviewed,
discarded,Using Visualization to Reduce the Cognitive Load of Threshold Concepts in Computer Programming,Victor Winter; Michelle Friend; Michael Matthews; Betty Love; Sanghamithra Vasireddy,2019,2019 IEEE Frontiers in Education Conference (FIE),10.1109/FIE43999.2019.9028612,https://ieeexplore.ieee.org/document/9028612/,adjacent-subtopic,"This Full Paper in the Research to Practice Category reports on an empirical empirical study in which novel educational tools and techniques were employed to teach fundamentals of problem decomposition - a cognitive task transcending disciplines. Within the discipline of computer science, problem decomposition is recognized as a foundational activity of software development. Factors that contribute to the complexity of this activity include: (1) recognizing patterns within an algorithm, (2) mapping the understanding of an algorithm to the syntax of a given programming language, and (3) complexity intrinsic to the problem domain itself. Cognitive load theory states that learning outcomes can be positively affected by reducing the extraneous cognitive load associated with learning objectives as well as by changing the nature of what is learned. In the study reported upon here, a novel instructional method was developed to decrease students' cognitive load. Novel instructional content supported by a custom visualization tool was used in a classroom setting in order to help novice programmers develop an understanding of function-based problem decomposition within the context of a visual domain. Performance on outcome measures (a quiz and assignment) were compared between the new method and the traditional teaching method demonstrated that students were significantly more successful at demonstrating mastery when using the new instructional method.",ieee,llm,0.840,unreviewed,
discarded,"Web Application for the Development of Algorithmic Thinking and Programming Skills: Synergistic Integration of Code Visualisation, Memory Model, and Doubly Linked List in C",Jana Jurinová; Miroslav Beňo,2025,2025 International Conference on Emerging eLearning Technologies and Applications (ICETA),10.1109/ICETA67772.2025.11280206,https://ieeexplore.ieee.org/document/11280206/,adjacent-subtopic,"C programming remains challenging in practice due to persistent issues with pointers, interactions between stack frames and heap-allocated objects (address passing, data lifetime), and the correctness of operations on doubly linked lists. Existing tools often lack an integrated environment that synchronises source-code stepping with faithful visualisation of memory states and structural invariants. This work presents an interactive web-based application that combines line-by-line execution, explicit simulation of stack and heap memory, and graphical representation of doubly linked list nodes, including their contents and connections. The approach enables users to analyse program semantics, memory behaviour, and structural consistency with immediate visual feedback. A pilot study with N=22 participants compared against a reference group (N=33) indicated that the tool facilitated more reliable handling of dynamic memory, improved accuracy in pointer manipulation, and enhanced engagement with code analysis tasks. Results suggest that integrated code stepping with explicit memory simulation and structural state tracking is a promising method for advancing algorithmic reasoning, critical analysis, and the design of robust and maintainable C implementations.",ieee,llm,0.980,unreviewed,
discarded,KuruKuru: A Real-World Oriented Learning Material Integrating Information Encoding and Modeling for Informatics Education,Shiki Hanaoka; Noriya Ogawa; Takashi Nagai; Nobuyuki Tachi; Mizue Kayama,2025,2025 IEEE 13th Region 10 Humanitarian Technology Conference (R10-HTC),10.1109/R10-HTC63995.2025.11394597,https://ieeexplore.ieee.org/document/11394597/,adjacent-subtopic,"This paper introduces KuruKuru, an educational material developed to foster experiential learning in coding (digitization) and modeling (computation) through real-world applications. A key contribution of this study is its application of problem-based learning (PBL) to information encodingan area often overlooked compared to modeling. Learners designed symbolic state and transition code sequences and implemented system behaviors via a no-code interface. A workshop with 12 junior high school students showed that KuruKuru enhanced understanding of information representation and system modeling while promoting creativity and intrinsic motivation. The study also presents a structured instructional framework that links authentic design tasks with the development of computational thinking, and concludes with implications for improving instructional design and future expansion.",ieee,llm,0.820,unreviewed,
kept,Algorithmic Expressions for Assessing Algorithmic Thinking Ability of Elementary School Children,Yasumasa Oomori; Hidekuni Tsukamoto; Hideo Nagumo; Yasuhiro Takemura; Kouki Iida; Akito Monden; Ken-ichi Matsumoto,2019,2019 IEEE Frontiers in Education Conference (FIE),10.1109/FIE43999.2019.9028486,https://ieeexplore.ieee.org/document/9028486/,supports-claim,"This Research to Practice Full Paper presents the development of the algorithmic expressions for the assessment tools for assessing algorithmic thinking ability of elementary school children. In Japan, elementary school children will be required to learn computer programming as an interdisciplinary element appearing throughout the curriculum in 2020. The purpose of this programming education is to nurture Computational Thinking (CT) for elementary school children in Japan. However, almost no discussion has been conducted in Japan on how to measure the level of CT an elementary school child has acquired. Since the definition of CT is not very firm, it is not easy to measure the levels of CT. Therefore, several organizations have issued operational definitions of CT. Among the concepts of CT in those operational definitions, Algorithmic Thinking was chosen as a representative of CT, and the assessment tools for evaluating Algorithmic Thinking ability have been developed in this research. The assessment tool was conducted in the experimental Computer Science Unplugged classes and in the control classes in two elementary schools in Japan. There were in total 152 children in the classes, and all of them were 5th grade children. By answering the questions in the assessment tool, each child got a score between 0 and 15. The scores were statistically analyzed.",ieee,llm,0.940,unreviewed,
discarded,Notional Machines for Inclusive Learning,David Wilson; Saquib Sarwar; Nadia Najjar,2024,2024 IEEE Frontiers in Education Conference (FIE),10.1109/FIE61694.2024.10892884,https://ieeexplore.ieee.org/document/10892884/,adjacent-subtopic,"Understanding computing concepts is one of the foundational elements of computational thinking, which helps students formulate logic and algorithms for effectively developing and designing codes. However, novice learners often struggle to understand basic computing concepts, such as variables, loops, arrays, conditionals, and functions. This is often caused by the invisibility of the computing mechanism and the complexity of language syntax and conventions. Moreover, challenges in learning computing concepts can be compounded for learners with atypical conditions (e.g. visual, cognitive, and learning impairment, attention deficit, and neurodivergence). To tackle this, teachers of typical ability learners frequently use notional machines (NMs) - simplified representations (e.g. diagrams, flow charts, and analogies) created to assist novice programmers in understanding abstract concepts, program execution, and dynamics. In addition, traditional learning activities may need assistive learning interventions (ALIs) and learner-oriented practices like physical tactile models, computing artifacts, and interactive learning tools. NM approaches tend to focus on the explanation of concepts from instructor to learner, while ALIs tend to focus on learner support in activities. Both methods can provide advantages for learning, and we expect that a combined approach would provide even greater synergy for all learners. However, little consideration has been given to how NM and ALI approaches could be effectively combined. This research investigates how NM and ALI can be effectively brought together more holistically as an inclusive pedagogical tool - notional machines for inclusive learning (NMIL). In this full paper, we develop the conceptualization of NMIL, grounded in previous NM and ALI research. We also propose a structured method for creating NMIL. Finally, we also develop a physical NMIL model, based on the structured NMIL creation method, to teach lists in Python, as part of an introductory computer science course.",ieee,llm,0.800,unreviewed,
