status,title,authors,year,venue,doi,url,tags,abstract,provider,decision_source,llm_confidence,llm_review_outcome,llm_change_direction
discarded,On the Difficulty of Replicating Human Subjects Studies in Software Engineering,"Lung, Jonathan; Aranda, Jorge; Easterbrook, Steve; Wilson, Greg",2008,ICSE'08 PROCEEDINGS OF THE THIRTIETH INTERNATIONAL CONFERENCE ON SOFTWARE ENGINEERING,,https://www.webofscience.com/wos/woscc/full-record/WOS:000266158500020,adjacent-subtopic,"Replications play an important role in verifying empirical results. In this paper, we discuss our experiences performing a literal replication of a human subjects experiment that examined the relationship between a simple test for consistent use of mental models, and success in an introductory programming course. We encountered many difficulties in achieving comparability with the original experiment, due to a series of apparently minor differences in context. Based on this experience, we discuss the relative merits of replication, and suggest that, for some human subjects studies, literal replication may not be the the most effective strategy for validating the results of previous studies.",wos,llm,0.720,unreviewed,
discarded,On the difficulty of replicating human subjects studies in software engineering,Jonathan Lung; Jorge Aranda; Steve Easterbrook; Gregory Wilson,2008,2008 ACM/IEEE 30th International Conference on Software Engineering,10.1145/1368088.1368115,https://ieeexplore.ieee.org/document/4814130/,adjacent-subtopic,"Replications play an important role in verifying empirical results. In this paper, we discuss our experiences performing a literal replication of a human subjects experiment that examined the relationship between a simple test for consistent use of mental models, and success in an introductory programming course. We encountered many difficulties in achieving comparability with the original experiment, due to a series of apparently minor differences in context. Based on this experience, we discuss the relative merits of replication, and suggest that, for some human subjects studies, literal replication may not be the the most effective strategy for validating the results of previous studies.",ieee,llm,0.720,unreviewed,
discarded,The effect of games and simulations on higher education: a systematic literature review,Dimitrios Vlachopoulos; Agoritsa Makri,2017,International Journal of Educational Technology in Higher Education,10.1186/s41239-017-0062-1,https://openalex.org/W2626812977,off-topic-false-hit,"The focus of higher education institutions is the preparation of future professionals. To achieve this aim, innovative teaching methods are often deployed, including games and simulations, which form the subject of this paper. As the field of digital games and simulations is ever maturing, this paper attempts to systematically review the literature relevant to games and simulation pedagogy in higher education. Two researchers collaborate to apply a qualitative method, coding and synthesizing the results using multiple criteria. The main objective is to study the impact of games and simulations with regard to achieving specific learning objectives. On balance, results indicate that games and/or simulations have a positive impact on learning goals. The researchers identify three learning outcomes when integrating games into the learning process: cognitive, behavioural, and affective. As a final step, the authors consolidate evidence for the benefit of academics and practitioners in higher education interested in the efficient use of games and simulations for pedagogical purposes. Such evidence also provides potential options and pathways for future research.",openalex,llm,0.990,unreviewed,
discarded,A systematic literature review of personalized learning terms,Atikah Shemshack; J. Michael Spector,2020,Smart Learning Environments,10.1186/s40561-020-00140-9,https://openalex.org/W3093893125,off-topic-false-hit,"Abstract Learning is a natural human activity that is shaped by personal experiences, cognitive awareness, personal bias, opinions, cultural background, and environment. Learning has been defined as a stable and persistent change in what a person knows and can do. Learning is formed through an individual’s interactions, including the conveyance of knowledge and skills from others and experiences. So, learning is a personalized experience that allows one to expand their knowledge, perspective, skills, and understanding. Therefore, personalized learning models can help to meet individual needs and goals. Furthermore, to personalize the learning experience, technology integration can play a crucial role. This paper provides a review of the recent research literature on personalized learning as technology is changing how learning can be effectively personalized. The emphasis is on the terms used to characterize learning as those can suggest a framework for personalized and will eventually be used in meta-analyses of research on personalized learning, which is beyond the scope of this paper.",openalex,llm,0.990,unreviewed,
discarded,Predicting academic performance: a systematic literature review,Arto Hellas; Petri Ihantola; Andrew Petersen; Vangel V. Ajanovski; Mirela Gutica; Timo Hynninen; Antti Knutas; Juho Leinonen; Chris Messom; Soohyun Nam Liao,2018,,10.1145/3293881.3295783,https://openalex.org/W2909913588,adjacent-subtopic,"The ability to predict student performance in a course or program creates opportunities to improve educational outcomes. With effective performance prediction approaches, instructors can allocate resources and instruction more accurately. Research in this area seeks to identify features that can be used to make predictions, to identify algorithms that can improve predictions, and to quantify aspects of student performance. Moreover, research in predicting student performance seeks to determine interrelated features and to identify the underlying reasons why certain features work better than others. This working group report presents a systematic literature review of work in the area of predicting student performance. Our analysis shows a clearly increasing amount of research in this area, as well as an increasing variety of techniques used. At the same time, the review uncovered a number of issues with research quality that drives a need for the community to provide more detailed reporting of methods and results and to increase efforts to validate and replicate work.",openalex,llm,0.970,unreviewed,
discarded,Automatic feedback in online learning environments: A systematic literature review,Anderson Pinheiro Cavalcanti; Arthur Barbosa; Ruan Carvalho; Fred Freitas; Yi‐Shan Tsai; Dragan Gašević; Rafael Ferreira Mello,2021,Computers and Education Artificial Intelligence,10.1016/j.caeai.2021.100027,https://openalex.org/W3184396411,off-topic-false-hit,"Feedback is an essential component of scaffolding for learning. Feedback provides insights into the assistance of learners in terms of achieving learning goals and improving self-regulated skills. In online courses, feedback becomes even more critical since instructors and students are separated geographically and physically. In this context, feedback allows the instructor to customize learning content according to the students' needs. However, giving feedback is a challenging task for instructors, especially in contexts of large cohorts. As a result, several automatic feedback systems have been proposed to reduce the workload on the part of the instructor. Although these systems have started gaining research attention, there have been limited studies that systematically analyze the progress achieved so far as reported in the literature. Thus, this article presents a systematic literature review on automatic feedback generation in learning management systems . The main findings of this review are: (1) 65.07% of the studies demonstrate that automatic feedback increases student performance in activities; (2) 46.03% of the studies demonstrated that there is no evidence that automatic feedback eases instructors’ workload; (3) 82.53% of the studies showed that there is no evidence that manual feedback is more efficient than automatic feedback; and (4) the main method used for automatic feedback provision is the comparison with a desired answer in some subject (such as logic circuits or programming).",openalex,llm,0.980,unreviewed,
discarded,Gamification of e-learning in higher education: a systematic literature review,Amina Khaldi; Rokia Bouzidi; Fahima Nader,2023,Smart Learning Environments,10.1186/s40561-023-00227-z,https://openalex.org/W4318707231,off-topic-false-hit,"In recent years, university teaching methods have evolved and almost all higher education institutions use e-learning platforms to deliver courses and learning activities. However, these digital learning environments present significant dropout and low completion rates. This is primarily due to the lack of student motivation and engagement. Gamification which can be defined as the application of game design elements in non-game activities has been used to address the issue of learner distraction and stimulate students' involvement in the course. However, choosing the right combination of game elements remains a challenge for gamification designers and practitioners due to the lack of proven design approaches, and there is no one-size-fits-all approach that works regardless of the gamification context. Therefore, our study focused on providing a comprehensive overview of the current state of gamification in online learning in higher education that can serve as a resource for gamification practitioners when designing gamified systems. In this paper, we aimed to systematically explore the different game elements and gamification theory that have been used in empirical studies; establish different ways in which these game elements have been combined and provide a review of the state-of-the-art of approaches proposed in the literature for gamifying e-learning systems in higher education. A systematic search of databases was conducted to select articles related to gamification in digital higher education for this review, namely, Scopus and Google Scholar databases. We included studies that consider the definition of gamification as the application of game design elements in non-game activities, designed for online higher education. We excluded papers that use the term of gamification to refer to game-based learning, serious games, games, video games, and those that consider face-to-face learning environments. We found that PBL elements (points, badges, and leaderboards), levels, and feedback and are the most commonly used elements for gamifying e-learning systems in higher education. We also observed the increasing use of deeper elements like challenges and storytelling. Furthermore, we noticed that of 39 primary studies, only nine studies were underpinned by motivational theories, and only two other studies used theoretical gamification frameworks proposed in the literature to build their e-learning systems. Finally, our classification of gamification approaches reveals the trend towards customization and personalization in gamification and highlights the lack of studies on content gamification compared to structural gamification.",openalex,llm,0.990,unreviewed,
discarded,A Systematic Literature Review of Student’ Performance Prediction Using Machine Learning Techniques,Balqis Albreiki; Nazar Zaki; Hany Alashwal,2021,Education Sciences,10.3390/educsci11090552,https://openalex.org/W3201153983,off-topic-false-hit,"Educational Data Mining plays a critical role in advancing the learning environment by contributing state-of-the-art methods, techniques, and applications. The recent development provides valuable tools for understanding the student learning environment by exploring and utilizing educational data using machine learning and data mining techniques. Modern academic institutions operate in a highly competitive and complex environment. Analyzing performance, providing high-quality education, strategies for evaluating the students’ performance, and future actions are among the prevailing challenges universities face. Student intervention plans must be implemented in these universities to overcome problems experienced by the students during their studies. In this systematic review, the relevant EDM literature related to identifying student dropouts and students at risk from 2009 to 2021 is reviewed. The review results indicated that various Machine Learning (ML) techniques are used to understand and overcome the underlying challenges; predicting students at risk and students drop out prediction. Moreover, most studies use two types of datasets: data from student colleges/university databases and online learning platforms. ML methods were confirmed to play essential roles in predicting students at risk and dropout rates, thus improving the students’ performance.",openalex,llm,0.990,unreviewed,
discarded,The Robots Are Coming: Exploring the Implications of OpenAI Codex on Introductory Programming,James Finnie-Ansley; Paul Denny; Brett A. Becker; Andrew Luxton-Reilly; James Prather,2022,,10.1145/3511861.3511863,https://openalex.org/W4211263275,adjacent-subtopic,"Recent advances in artificial intelligence have been driven by an exponential growth in digitised data. Natural language processing, in particular, has been transformed by machine learning models such as OpenAI’s GPT-3 which generates human-like text so realistic that its developers have warned of the dangers of its misuse. In recent months OpenAI released Codex, a new deep learning model trained on Python code from more than 50 million GitHub repositories. Provided with a natural language description of a programming problem as input, Codex generates solution code as output. It can also explain (in English) input code, translate code between programming languages, and more. In this work, we explore how Codex performs on typical introductory programming problems. We report its performance on real questions taken from introductory programming exams and compare it to results from students who took these same exams under normal conditions, demonstrating that Codex outscores most students. We then explore how Codex handles subtle variations in problem wording using several published variants of the well-known “Rainfall Problem” along with one unpublished variant we have used in our teaching. We find the model passes many test cases for all variants. We also explore how much variation there is in the Codex generated solutions, observing that an identical input prompt frequently leads to very different solutions in terms of algorithmic approach and code length. Finally, we discuss the implications that such technology will have for computing education as it continues to evolve, including both challenges and opportunities.",openalex,llm,0.940,unreviewed,
discarded,How personalized and effective is immersive virtual reality in education? A systematic literature review for the last decade,Andreas Marougkas; Christos Troussas; Akrivi Krouska; Cleo Sgouropoulou,2023,Multimedia Tools and Applications,10.1007/s11042-023-15986-7,https://openalex.org/W4384340016,off-topic-false-hit,"Abstract During the last decade, there has been a substantial increase of interest in studies related to Virtual Reality (VR) as a learning tool. This paper presents a systematic literature review of personalization strategies utilized in immersive VR for educational objectives in the classroom. For the purposes of this review, 69 studies between 2012 and 2022 were analyzed in terms of their benefits, limitations and development features. The novelty of the study mainly arises from the in-depth analysis and reporting of personalization strategies as well as gamification techniques used in VR applications. The significance of this research lies in the observation that earlier studies’ applications did not sufficiently incorporate adaptive learning content, indicating the necessity for more research in this field and revealing a research gap. In conclusion, as it encourages future research of this field, this study may be a beneficial reference for those interested in researching the implementation of Virtual Reality in education, including academics, students, and professionals.",openalex,llm,0.990,unreviewed,
discarded,"A systematic literature review on educational recommender systems for teaching and learning: research trends, limitations and opportunities",Felipe Leite da Silva; Bruna Kin Slodkowski; Kétia Kellen Araújo da Silva; Sí­lvio César Cazella,2022,Education and Information Technologies,10.1007/s10639-022-11341-9,https://openalex.org/W4295678568,off-topic-false-hit,"Recommender systems have become one of the main tools for personalized content filtering in the educational domain. Those who support teaching and learning activities, particularly, have gained increasing attention in the past years. This growing interest has motivated the emergence of new approaches and models in the field, in spite of it, there is a gap in literature about the current trends on how recommendations have been produced, how recommenders have been evaluated as well as what are the research limitations and opportunities for advancement in the field. In this regard, this paper reports the main findings of a systematic literature review covering these four dimensions. The study is based on the analysis of a set of primary studies ( N  = 16 out of 756, published from 2015 to 2020) included according to defined criteria. Results indicate that the hybrid approach has been the leading strategy for recommendation production. Concerning the purpose of the evaluation, the recommenders were evaluated mainly regarding the quality of accuracy and a reduced number of studies were found that investigated their pedagogical effectiveness. This evidence points to a potential research opportunity for the development of multidimensional evaluation frameworks that effectively support the verification of the impact of recommendations on the teaching and learning process. Also, we identify and discuss main limitations to clarify current difficulties that demand attention for future research.",openalex,llm,0.990,unreviewed,
discarded,Studying the effect of AI Code Generators on Supporting Novice Learners in Introductory Programming,Majeed Kazemitabaar; Justin Chow; Carl Ka To; Barbara Ericson; David Weintrop; Tovi Grossman,2023,,10.1145/3544548.3580919,https://openalex.org/W4321162272,adjacent-subtopic,"AI code generators like OpenAI Codex have the potential to assist novice programmers by generating code from natural language descriptions, however, over-reliance might negatively impact learning and retention. To explore the implications that AI code generators have on introductory programming, we conducted a controlled experiment with 69 novices (ages 10-17). Learners worked on 45 Python code-authoring tasks, for which half of the learners had access to Codex, each followed by a code-modification task. Our results show that using Codex significantly increased code-authoring performance (1.15x increased completion rate and 1.8x higher scores) while not decreasing performance on manual code-modification tasks. Additionally, learners with access to Codex during the training phase performed slightly better on the evaluation post-tests conducted one week later, although this difference did not reach statistical significance. Of interest, learners with higher Scratch pre-test scores performed significantly better on retention post-tests, if they had prior access to Codex.",openalex,llm,0.940,unreviewed,
discarded,Flipped classroom in higher education: a systematic literature review and research challenges,Maria Ijaz Baig; Elaheh Yadegaridehkordi,2023,International Journal of Educational Technology in Higher Education,10.1186/s41239-023-00430-5,https://openalex.org/W4389155347,off-topic-false-hit,"Abstract Flipped learning has garnered substantial attention as a potential means to enhance student engagement, improve learning outcomes, and adapt to the evolving educational landscape. However, despite the growing interest and potential benefits of flipped learning, several challenges and areas of concern persist. This systematic literature review critically examines the implementation of the flipped classroom in higher education by focusing on the role of technologies and tools, pedagogical activities and courses, and existing challenges. Using a systematic approach, a total of 30 research articles published between 2014 and 2023 were chosen for the review. This study identified video creation tools, learning management systems (LMS), content repositories, collaborative platforms, podcasts, and online assessment tools as technologies that play a central role in the flipped classroom. Moreover, this study identifies specific pedagogical activities within different courses that contribute to the effectiveness of flipped learning in higher education. The implementation challenges that teachers and students may face in the flipped classroom were presented, and potential strategies to alleviate these challenges were provided. This study will contribute to a more comprehensive understanding of flipped learning's benefits, technologies and tools, challenges, and potential to improve higher education.",openalex,llm,0.990,unreviewed,
