status,title,authors,year,venue,doi,url,tags,abstract,provider,decision_source,llm_confidence,llm_review_outcome,llm_change_direction
discarded,Learning Agent-based Modeling with LLM Companions: Experiences of Novices and Experts Using ChatGPT & NetLogo Chat,John Chen; Xi Lu; Yuzhou Du; Michael Rejtig; Ruth Bagley; Mike Horn; Uri Wilensky,2024,,10.1145/3613904.3642377,https://openalex.org/W4391421475,adjacent-subtopic,"Large Language Models (LLMs) have the potential to fundamentally change the way people engage in computer programming. Agent-based modeling (ABM) has become ubiquitous in natural and social sciences and education, yet no prior studies have explored the potential of LLMs to assist it. We designed NetLogo Chat to support the learning and practice of NetLogo, a programming language for ABM. To understand how users perceive, use, and need LLM-based interfaces, we interviewed 30 participants from global academia, industry, and graduate schools. Experts reported more perceived benefits than novices and were more inclined to adopt LLMs in their workflow. We found significant differences between experts and novices in their perceptions, behaviors, and needs for human-AI collaboration. We surfaced a knowledge gap between experts and novices as a possible reason for the benefit gap. We identified guidance, personalization, and integration as major needs for LLM-based interfaces to support the programming of ABM.",openalex,llm,0.830,unreviewed,
discarded,CODA: convergence diagnosis and output analysis for MCMC,Martyn Plummer; Nicky Best; Kate Cowles; Karen Vines,2006,Open Research Online - ORO (The Open University),,https://openalex.org/W1549853756,off-topic-false-hit,"[1st paragraph] At first sight, Bayesian inference with Markov Chain Monte Carlo (MCMC) appears to be straightforward. The user defines a full probability model, perhaps using one of the programs discussed in this issue; an underlying sampling engine takes the model definition and returns a sequence of dependent samples from the posterior distribution of the model parameters, given the supplied data. The user can derive any summary of the posterior distribution from this sample. For example, to calculate a 95% credible interval for a parameter α, it suffices to take 1000 MCMC iterations of α and sort them so that α1<α2<...<α1000. The credible interval estimate is then (α25, α975). However, there is a price to be paid for this simplicity. Unlike most numerical methods used in statistical inference, MCMC does not give a clear indication of whether it has converged. The underlying Markov chain theory only guarantees that the distribution of the output will converge to the posterior in the limit as the number of iterations increases to infinity. The user is generally ignorant about how quickly convergence occurs, and therefore has to fall back on post hoc testing of the sampled output. By convention, the sample is divided into two parts: a “burn in” period during which all samples are discarded, and the remainder of the run in which the chain is considered to have converged sufficiently close to the limiting distribution to be used. Two questions then arise: 1. How long should the burn in period be? 2. How many samples are required to accurately estimate posterior quantities of interest? The coda package for R contains a set of functions designed to help the user answer these questions. Some of these convergence diagnostics are simple graphical ways of summarizing the data. Others are formal statistical tests.",openalex,llm,0.980,unreviewed,
discarded,Exploring the Responses of Large Language Models to Beginner Programmers’ Help Requests,Arto Hellas; Juho Leinonen; Sami Sarsa; Charles Koutcheme; Lilja Kujanpää; Juha Sorva,2023,,10.1145/3568813.3600139,https://openalex.org/W4380353816,adjacent-subtopic,"Background and Context: Over the past year, large language models (LLMs) have taken the world by storm. In computing education, like in other walks of life, many opportunities and threats have emerged as a consequence.",openalex,llm,0.800,unreviewed,
discarded,The case for case studies of programming problems,Marcia C. Linn; Michael Clancy,1992,Communications of the ACM,10.1145/131295.131301,https://openalex.org/W2098307754,adjacent-subtopic,"article Free Access Share on The case for case studies of programming problems Authors: Marcia C. Linn School of Education, 4611 Tolman School of Education, 4611 TolmanView Profile , Michael J. Clancy EECS/Computer Science, 545 Evans Hall, at the University of California, Berkeley, CA EECS/Computer Science, 545 Evans Hall, at the University of California, Berkeley, CAView Profile Authors Info & Claims Communications of the ACMVolume 35Issue 3March 1992 pp 121–132https://doi.org/10.1145/131295.131301Published:01 March 1992Publication History 220citation2,000DownloadsMetricsTotal Citations220Total Downloads2,000Last 12 Months270Last 6 weeks83 Get Citation AlertsNew Citation Alert added!This alert has been successfully added and will be sent to:You will be notified whenever a record that you have chosen has been cited.To manage your alert preferences, click on the button below.Manage my Alerts New Citation Alert!Please log in to your account Save to BinderSave to BinderCreate a New BinderNameCancelCreateExport CitationPublisher SiteeReaderPDF",openalex,llm,0.780,unreviewed,
kept,Understanding beginners' mistakes with Haskell,Ville Tirronen; SAMUEL UUSI-MÄKELÄ; Ville Isomöttönen,2015,Journal of Functional Programming,10.1017/s0956796815000179,https://openalex.org/W2203258339,supports-claim,"Abstract This article presents an overview of student difficulties in an introductory functional programming (FP) course taught in Haskell. The motivation for this study stems from our belief that many student difficulties can be alleviated by understanding the underlying causes of errors and by modifying the educational approach and, possibly, the teaching language accordingly. We analyze students' exercise submissions and categorize student errors according to compiler error messages and then manually according to the observed underlying cause. Our study complements earlier studies on the topic by applying computer and manual analysis while focusing on providing descriptive statistics of difficulties specific to FP languages. We conclude that the majority of student errors, regardless of cause, are reported by three different compiler error messages that are not well understood by students. In addition, syntactic features, such as precedence, the syntax of function application, and deeply nested statements, cause difficulties throughout the course.",openalex,llm,0.910,unreviewed,
discarded,Assisting Teaching Assistants with Automatic Code Corrections,"Malysheva, Yana; Kelleher, Caitlin",2022,PROCEEDINGS OF THE 2022 CHI CONFERENCE ON HUMAN FACTORS IN COMPUTING SYSTEMS (CHI' 22),10.1145/3491102.3501820,https://www.webofscience.com/wos/woscc/full-record/WOS:000890212500003,adjacent-subtopic,"Undergraduate Teaching Assistants(TAs) in Computer Science courses are often the first and only point of contact when a student gets stuck on a programming problem. But these TAs are often relative beginners themselves, both in programming and in teaching. In this paper, we examine the impact of availability of corrected code on TAs' ability to find, fix, and address bugs in student code. We found that seeing a corrected version of the student code helps TAs debug code 29% faster, and write more accurate and complete studentfacing explanations of the bugs (30% more likely to correctly address a given bug). We also observed that TAs do not generally struggle with the conceptual understanding of the underlying material. Rather, their difficulties seem more related to issues with working memory, attention, and overall high cognitive load.",wos,llm,0.840,unreviewed,
kept,Automated Program Analysis for Novice Programmers,"Blok, Tim; Fehnker, Ansgar",2017,PROCEEDINGS OF THE HEAD'17 - 3RD INTERNATIONAL CONFERENCE ON HIGHER EDUCATION ADVANCES,10.4995/HEAd17.2017.5533,https://www.webofscience.com/wos/woscc/full-record/WOS:000412809400131,supports-claim,"This paper describes how to adapt a static code analyzer to help novice programmers. Current analyzers have been built to give feedback to experienced programmers who build new applications or systems. The type of feedback and the type of analysis of these tools focusses on mistakes that are relevant within that context, and help with debugging the system. When teaching novice programmers this type of advice is often not particularly useful. It would be instead more useful to use these techniques to find problem in the understanding of students of important programming concepts.

This paper first explores in what respect static analyzers support the learning and teaching of programming can be implemented based on existing static analysis technology. It presents an extension to static analyzer PMD was made so that feedback messages appear which are easier to understand for novice programmers. To answer the question if these techniques are able to find conceptual mistakes that are characteristic for novice programmers make, we ran it over a number of student projects, and compared these results with publicly available mature software projects.",wos,llm,0.890,unreviewed,
kept,JavaBugs: A multistrategic approach to detection and discovery of novice object-oriented programming errors,"Cruz, M; Sison, R",2003,ARTIFICIAL INTELLIGENCE IN EDUCATION,,https://www.webofscience.com/wos/woscc/full-record/WOS:000189487400056,supports-claim,"The task of student modeling is expensive and difficult. Various approaches to it have been tried, one of which is the use of machine learning techniques. This paper presents a multistrategie approach to bug library construction and student modeling using conceptual clustering. It is multistrategic because causality heuristics together with similarity metrics are used for forming clusters. The domain of application is novice object-oriented programming in Java. The input is a student's program and the output is a diagnosis of the student's errors and misconception.",wos,llm,0.880,unreviewed,
kept,Application of Program Slicing Technique to Improve Novice Programming Competency in Spoken Tutorial Workshops,Kiran L.N. Eranki; Kannan M. Moudgalya,2014,2014 IEEE Sixth International Conference on Technology for Education,10.1109/T4E.2014.1,https://ieeexplore.ieee.org/document/7009531/,supports-claim,This work investigates the effectiveness of using program slicing technique along with spoken tutorials to improve comprehension and debugging skills of novice programmers. We also evaluate the programming pattern of the learners while using the program slicing technique. Qualitative and Quantitative studies were conducted using spoken tutorial workshops on Java course. Results of the study have shown improvement in programming competencies and conceptual understanding when subjected to program slicing techniques along with spoken tutorials.,ieee,llm,0.820,unreviewed,
kept,Helping novice programmers bridge the conceptual gap,Yu He; M. Ikeda; R. Mizoguchi,1994,Proceedings of International Conference on Expert Systems for Development,10.1109/ICESD.1994.302282,https://ieeexplore.ieee.org/document/302282/,supports-claim,"One of the main reasons why novices produce bugs and reach impasses while programming is the gap between concepts used in the daily world and those used in the programming world. How to understand novices' mistakes and how to tutor them are very important for an intelligent tutoring system for novice programmers. Although a lot of effort has been devoted to the research on ITSs for novice programmers, less attention has been paid to the gap and few efforts have been made to understanding novices' mistakes through the correlation between the daily world and the programming world. In this paper, the three-layered knowledge representation, such as the task model, the abstract model and the program model is described, through which, novices' bugs and misconceptions are analyzed, paying a special attention to the gap mentioned above, and an approach to helping novices overcome the gap by appropriate tutoring strategies through the correlation between the programming world and the daily world is presented. Based on them, an intelligent tutoring system (ITS) which helps novices bridge the gap is proposed.<>",ieee,llm,0.900,unreviewed,
discarded,Characterizing the Pedagogical Benefits of Adaptive Feedback for Compilation Errors by Novice Programmers,Umair Z. Ahmed; Renuka Sindhgatta; Nisheeth Srivastava; Amey Karkare,2020,2020 IEEE/ACM 42nd International Conference on Software Engineering: Software Engineering Education and Training (ICSE-SEET),,https://ieeexplore.ieee.org/document/9292050/,adjacent-subtopic,"Can automated adaptive feedback for correcting erroneous programs help novice programmers learn to code better? In a large-scale experiment, we compare student performance when tutored by human tutors, and when receiving automated adaptive feedback. The automated feedback was designed using one of two well-known instructional principles: (i) presenting the correct solution for the immediate problem, or (ii) presenting generated examples or analogies that guide towards the correct solution. We report empirical results from a large-scale (N = 480,10,000+ person hour) experiment assessing the efficacy of these automated compilation-error feedback tools. Using the survival analysis on error rates of students measured over seven weeks, we found that automated feedback allows students to resolve errors in their code more efficiently than students receiving manual feedback. However, we also found that this advantage is primarily logistical and not conceptual; the performance benefit seen during lab assignments disappeared during exams wherein feedback of any kind was withdrawn. We further found that the performance advantage of automated feedback over human tutors increases with problem complexity, and that feedback via example and specific repair have distinct, non-overlapping relative advantages for different categories of programming errors. Our results offer a clear and granular delimitation of the pedagogical benefits of automated feedback in teaching programming to novices.",ieee,llm,0.860,unreviewed,
discarded,Enhancing Novice Programming Education through AI-Driven Mentorship and Project-Based Learning,Sai Veda Prakash Masetty; Sreeja Vallamulla,2025,2025 IEEE Integrated STEM Education Conference (ISEC),10.1109/ISEC64801.2025.11147276,https://ieeexplore.ieee.org/document/11147276/,adjacent-subtopic,"Learning to code is especially challenging for beginners due to limited personalized guidance and delayed feedback. This paper introduces an AI-driven coding education framework that supports self-directed, project-based learning for novice programmers through an integrated AI mentor, intelligent debugging assistance, and gamification features. We conducted a 4-week pilot study with 200 participants—100 in an AI-assisted environment and 100 in a self-paced control group—to assess the framework’s impact. Results showed that AI-assisted learners achieved significantly higher project completion rates (90% vs. 60%), resolved bugs faster (18.2 vs. 32.7 minutes on average), and attained larger test score improvements (mean gain of +22 vs. +10 points, p < 0.05). Crucially, learners reported greater confidence in tackling programming tasks, suggesting that real-time, context-aware AI guidance can bolster novice performance without promoting dependency. We present a novel system architecture that integrates project-based assignments, adaptive learning paths, and a proactive AI mentor to keep students engaged and continuously supported. These findings underscore the potential of AI-driven mentorship to enhance coding education at scale by providing immediate, individualized assistance. Our study contributes empirical evidence that carefully designed AI tools can accelerate debugging, improve learning outcomes, and increase persistence among beginner programmers, paving the way for more robust, student-centered coding instruction.",ieee,llm,0.780,unreviewed,
kept,A programming learning diagnostic system using case-based reasoning method,I-Ling Chung; Chang-Min Chou; Chih-Peng Hsu; Deng-Kai Li,2016,2016 International Conference on System Science and Engineering (ICSSE),10.1109/ICSSE.2016.7551544,https://ieeexplore.ieee.org/document/7551544/,supports-claim,"The knowledge of programming consists of conceptual knowledge and strategic knowledge. Lack of problem-solving strategies is one of the major reasons why code learning is hard for many novice programmers. In this paper, we not only construct these two types of knowledge, but also construct the relationship of learning cases and e-portfolio for diagnosing the learning difficulties of each learner. Based on these constructed knowledge, we develop a learning diagnostic system using case-based reasoning method to give the learners feedback and suggestion in real time. We choose C as a first programming language for the beginners. The system is built on 3-tier client/server architecture and can run on various platforms such as Windows, Linux, OS X, and Android. There are two learning diagnostic stages to indicate novice programming mistakes about the conceptual programming knowledge and strategic programming knowledge, to help learners recognize, diagnose, and recover from programming errors.",ieee,llm,0.900,unreviewed,
discarded,Integrating Professional Tools in Programming Education with MOOCs,Sebastian Serth,2019,2019 IEEE Frontiers in Education Conference (FIE),10.1109/FIE43999.2019.9028643,https://ieeexplore.ieee.org/document/9028643/,adjacent-subtopic,"An increasing number of high school teachers use existing Massive Open Online Courses (MOOCs) concerning programming education. Most MOOCs focus on teaching the basics of a programming language and common concepts or patterns. MOOC platforms usually provide their own code execution environments and thus have full control over the features and appearance available to learners. However, only a subset of tools available to professional software engineers is used in introductory programming MOOCs. While the reduction of features is helpful to ease navigation for novices, we assume that learners benefit from more advanced features at a later stage in the learning process. To help students minimize bugs and conceptual mistakes, we intend to evaluate how pair programming could be enabled for remote peers in MOOCs with a synchronized editor and an additional communication channel. Further, we plan to use static program analysis to get more insights about the code written by learners and to provide early feedback about the coding style. One of our contributions will be to identify possibilities to integrate professional tools and methods in MOOCs supported by an evaluation from learners.",ieee,llm,0.840,unreviewed,
discarded,The pilot approach to cluster programming in C,J. Carter; W. B. Gardner; G. Grewal,2010,"2010 IEEE International Symposium on Parallel & Distributed Processing, Workshops and Phd Forum (IPDPSW)",10.1109/IPDPSW.2010.5470772,https://ieeexplore.ieee.org/document/5470772/,off-topic-false-hit,"The Pilot library offers a new method for programming parallel clusters in C. Formal elements from Communicating Sequential Processes (CSP) were used to realize a process/channel model of parallel computation that reduces opportunities for deadlock and other communication errors. This simple model, plus an application programming interface (API) fashioned on C's formatted I/O, are designed to make the library easy for novice scientific C programmers to learn. Optional runtime services including deadlock detection help the programmer to debug communication issues. Pilot forms a thin layer on top of standard Message Passing Interface (MPI), preserving the letter's portability and efficiency, with little performance impact. MPI's powerful collective operations can still be accessed within the conceptual model.",ieee,llm,0.930,unreviewed,
discarded,Features and development of Coot,Paul Emsley; Bernhard Lohkamp; W. G. Scott; Kevin Cowtan,2010,Acta Crystallographica Section D Biological Crystallography,10.1107/s0907444910007493,https://openalex.org/W2124026197,off-topic-false-hit,"Coot is a molecular-graphics application for model building and validation of biological macromolecules. The program displays electron-density maps and atomic models and allows model manipulations such as idealization, real-space refinement, manual rotation/translation, rigid-body fitting, ligand search, solvation, mutations, rotamers and Ramachandran idealization. Furthermore, tools are provided for model validation as well as interfaces to external programs for refinement, validation and graphics. The software is designed to be easy to learn for novice users, which is achieved by ensuring that tools for common tasks are 'discoverable' through familiar user-interface elements (menus and toolbars) or by intuitive behaviour (mouse controls). Recent developments have focused on providing tools for expert users, with customisable key bindings, extensions and an extensive scripting interface. The software is under rapid development, but has already achieved very widespread use within the crystallographic community. The current state of the software is presented, with a description of the facilities available and of some of the underlying methods employed.",openalex,llm,0.990,unreviewed,
