status,title,authors,year,venue,doi,url,tags,abstract,provider,decision_source,llm_confidence,llm_review_outcome,llm_change_direction
discarded,Basic Endovascular Skills Trainer: A surgical simulator for the training of novice practitioners of endovascular procedures,S. Sinceri; M. Carbone; M. Marconi; A. Moglia; M. Ferrari; V. Ferrari,2015,2015 37th Annual International Conference of the IEEE Engineering in Medicine and Biology Society (EMBC),10.1109/EMBC.2015.7319539,https://ieeexplore.ieee.org/document/7319539/,off-topic-false-hit,"In recent years the clinical interest for structured training in endovascular procedures has increased. Such procedures respect the physical integrity of the patient and at the same time ensure good therapeutic results. This study describes the development and testing of the B.E.S.T. (Basic Endovascular Skills Trainer) simulator. The B.E.S.T is an innovative physical endovascular simulator to learn basic skills of endovascular surgery. The simulator was tested by 25 clinicians with different levels of experience: novices, intermediates, and experts. All clinicians agree on affirming the importance of training in endovascular surgery; in particular they consider the B.E.S.T a valid simulator to learn specific basic skills of vascular surgery.",ieee,llm,0.990,unreviewed,
kept,Novice difficulties in selection structure,Abdul Rahman Mohamad Gobil; Zarina Shukor; Itaza Afiani Mohtar,2009,2009 International Conference on Electrical Engineering and Informatics,10.1109/ICEEI.2009.5254715,https://ieeexplore.ieee.org/document/5254715/,supports-claim,"Novices usually have difficulties in learning introductory programming. The purpose of this paper is to identify the common errors made by these students in the first seven weeks of their studies. Artifact used to extract data is their first progress test after completing the first seven-week in the semester. This paper will investigate the common errors done by novice programmers when interpreting assignment statement, arithmetic expression, output statement, program design, code comprehension and program generation. This paper will answer the following questions; what are the common errors and their categories according to the programming skills learnt? It was found that most common errors in evaluating arithmetic expression are failed to evaluate integer division and type conversion. Operator precedence error could not be detected in most questions, however one question shows a higher frequency. In code comprehension question, most students did not evaluate output statement, arithmetic expression and relational expression correctly. When generating a code segment, students failed to name variables correctly and assign suitable data types and structure. The most obvious error in problem analysis and design are failed to create mathematical expression.",ieee,llm,0.900,unreviewed,
discarded,Code Complexity Analyser and Visualiser for Novice Programmer,Siripond Mullanu; Sunwit Petchoo; Caslon Chua,2020,2020 IEEE Asia-Pacific Conference on Computer Science and Data Engineering (CSDE),10.1109/CSDE50874.2020.9411562,https://ieeexplore.ieee.org/document/9411562/,adjacent-subtopic,"Code complexity can have a significant influence on software quality. With studies showing program developed by novice programmers can influence software complexity due to lack of experience, practice, and understanding of the concept of programming. This paper investigates the utilisation of machine learning techniques to analyse code complexity levels. Using a public collection of JavaScript codes, we developed a machine learning model to identify the relationship between code characteristics and complexity level. We selected six methods and performed k-fold cross-validation. It was observed that Classification and Regression Trees (CART) and K-Nearest Neighbours (KNN) yielded the best prediction results. Finally, we also implemented a visualisation tool to present the code analysis results providing a means to gain insights on JavaScript codes through their characteristics and complexity level.",ieee,llm,0.950,unreviewed,
discarded,Is Algorithm Comprehension Different from Program Comprehension?,Philipp Kather; Jan Vahrenhold,2021,2021 IEEE/ACM 29th International Conference on Program Comprehension (ICPC),10.1109/ICPC52881.2021.00053,https://ieeexplore.ieee.org/document/9463024/,adjacent-subtopic,"At the beginning of their undergraduate studies, computer science students are exposed to introductory programming, discrete mathematics, and algorithms. A large body of literature has studied how such students comprehend programs. Much less attention has been paid to understanding how students comprehend algorithms, i.e., representations of problem-solving processes accompanied by proofs of their properties. To investigate whether algorithm comprehension is under-researched or whether we can simply transfer results from program comprehension (and, possibly, proof comprehension) to the domain of algorithms, we conducted a larger study following a Grounded-Theory approach. For this study, we worked with twelve participants with varying degrees of prior knowledge regarding algorithms, from technically no prior knowledge to advanced graduate students pursuing a doctoral degree in algorithms-related fields. In this paper, we report on the analysis and interpretation of interview data focused on exploring potential differences between program comprehension and algorithm comprehension. Our analyses and interpretations revealed both similarities and differences between program comprehension and algorithm comprehension: Unsurprisingly, we found that aspects known from program comprehension, e.g., using top-down approaches or utilizing prior knowledge of programming plans, can be found in algorithm comprehension as well. However, some of these aspects manifest themselves in notably different details or are influenced by, e.g., the wording of a proof. Most interesting, we found that novice and advanced students alike benefit from switching between reading the representation of the program-solving process and the accompanying proofs. We present qualitative results illustrating both similarities and differences between program comprehension and algorithm comprehensions and offer first explanations for these.",ieee,llm,0.780,unreviewed,
discarded,Toward Automatic Summarization of Arbitrary Java Statements for Novice Programmers,Mohammed Hassan; Emily Hill,2018,2018 IEEE International Conference on Software Maintenance and Evolution (ICSME),10.1109/ICSME.2018.00063,https://ieeexplore.ieee.org/document/8530061/,adjacent-subtopic,"Novice programmers sometimes need to understand code written by others. Unfortunately, most software projects lack comments suitable for novices. The lack of comments have been addressed through automated techniques of generating comments based on program statements. However, these techniques lacked the context of how these statements function since they were aimed toward experienced programmers. In this paper, we present a novel technique towards automatically generating comments for Java statements suitable for novice programmers. Our technique not only goes beyond existing approaches to method summarization to meet the needs of novices, it also leverages API documentation when available. In an experimental study of 30 computer science undergraduate students, we observed explanations based on our technique to be preferred over an existing approach.",ieee,llm,0.900,unreviewed,
discarded,Haptic Communication to Support Biopsy Procedures Learning in Virtual Environments,Amine Chellali; Cedric Dumas; Isabelle Milleville-Pennel,2012,Presence,10.1162/PRES_a_00128,https://ieeexplore.ieee.org/document/6797456/,off-topic-false-hit,"In interventional radiology, physicians require high haptic sensitivity and fine motor skills development because of the limited real-time visual feedback of the surgical site. The transfer of this type of surgical skill to novices is a challenging issue. This paper presents a study on the design of a biopsy procedure learning system. Our methodology, based on a task-centered design approach, aims to bring out new design rules for virtual learning environments. A new collaborative haptic training paradigm is introduced to support human-haptic interaction in a virtual environment. The interaction paradigm supports haptic communication between two distant users to teach a surgical skill. In order to evaluate this paradigm, a user experiment was conducted. Sixty volunteer medical students participated in the study to assess the influence of the teaching method on their performance in a biopsy procedure task. The results show that to transfer the skills, the combination of haptic communication with verbal and visual communications improves the novices’ performance compared to conventional teaching methods. Furthermore, the results show that, depending on the teaching method, participants developed different needle insertion profiles. We conclude that our interaction paradigm facilitates expert-novice haptic communication and improves skills transfer; and new skills acquisition depends on the availability of different communication channels between experts and novices. Our findings indicate that the traditional fellowship methods in surgery should evolve to an off-patient collaborative environment that will continue to support visual and verbal communication, but also haptic communication, in order to achieve a better and more complete skills training.",ieee,llm,0.990,unreviewed,
discarded,Design of ADCF-based Online Learning Resource Recommendation System for Preschool Education,Jiaopeng Nan; Bin Li,2023,2023 7th International Symposium on Computer Science and Intelligent Control (ISCSIC),10.1109/ISCSIC60498.2023.00057,https://ieeexplore.ieee.org/document/10409675/,off-topic-false-hit,"Online learning has emerged as a brand-new method of knowledge transfer as a result of the Internet and the field of education coming together due to the rapid development of information technology. The proliferation of online learning tools, particularly in the area of preschool education, gives pupils more learning opportunities but also creates issues with selection and learning effectiveness. The goal of this study is to develop an Attention-based Deep Collaborative Filtering (ADCF) preschool online learning resource recommendation system by combining the attention mechanism collaborative filtering algorithm and deep learning algorithm. This system will assist students in selecting the most appropriate online learning resources from a large pool of online learning course resources and increase learning effectiveness. The results show that the average scores of the experimental class’s curriculum paper, early childhood teaching activity design and kindergarten game creation were 94.58, 88.15 and 92.43, respectively, which were 6.10%, 7.63% and 1.97% higher compared with the control class’s average scores of 89.14, 81.90 and 90.64, respectively. This study has significant practical implications for enhancing the recommendation of online learning resources and raising the standard of preschool education, as can be seen in the conclusion.",ieee,llm,0.990,unreviewed,
kept,Application of modified perceived learning Problem Inventory (PLPI) to investigate performance in introductory programming,Paul Golding; Opal Donaldson; Vanesa Tennant,2009,2009 39th IEEE Frontiers in Education Conference,10.1109/FIE.2009.5350692,https://ieeexplore.ieee.org/document/5350692/,adjacent-subtopic,"Programming has been recognized by universities as a complex and difficult intellectual activity, with students struggling through their first programming subject and educators struggling to teach it. Several universities have embarked on using innovative practices to improve students' performance in introductory programming. To no avail many students still fail. This paper postulated that a holistic approach should be used to evaluate the factors contributing to the low pass rate in an introductory programming course. The authors developed a modified version of Perceived Learning Problem Inventory (PLPI) to evaluate student performance. The model suggested that the factors that affect student performance in programming squarely lies with the subject content and other factors play no role in determining performance. The findings are consistent with earlier research which indicated that problem solving skills, mathematical capabilities, logical reasoning and previous programming experience as contributing factors to failure.",ieee,llm,0.830,unreviewed,
kept,Debugger Tool to Improve Conceptual Understanding of Programming Language of Novice Learners,Manisha Nirgude,2013,2013 IEEE Fifth International Conference on Technology for Education (t4e 2013),10.1109/T4E.2013.25,https://ieeexplore.ieee.org/document/6751064/,supports-claim,"Conceptual understanding of novice learners is an important issue in learning programming language. For novice learners, understanding program execution and memory value visualization is difficult. To make this understanding easy, various methods are used. In this paper we present work about how debugger helps to improve conceptual understanding of novice learners. We found that low performers benefitted more in this experiment. We have discussed how debugger helps to minimize logical errors and improve program writing skills. Here we present the findings of a pre-test post-test experimental study along with qualitative analysis.",ieee,llm,0.950,unreviewed,
discarded,Learning Skill Characteristics From Manipulations,Xiao-Hu Zhou; Xiao-Liang Xie; Shi-Qi Liu; Zhen-Liang Ni; Yan-Jie Zhou; Rui-Qi Li; Mei-Jiang Gui; Chen-Chen Fan; Zhen-Qiu Feng; Gui-Bin Bian; Zeng-Guang Hou,2023,IEEE Transactions on Neural Networks and Learning Systems,10.1109/TNNLS.2022.3160159,https://ieeexplore.ieee.org/document/9741845/,off-topic-false-hit,"Percutaneous coronary intervention (PCI) has increasingly become the main treatment for coronary artery disease. The procedure requires high experienced skills and dexterous manipulations. However, there are few techniques to model PCI skill so far. In this study, a learning framework with local and ensemble learning is proposed to learn skill characteristics of different skill-level subjects from their PCI manipulations. Ten interventional cardiologists (four experts and six novices) were recruited to deliver a medical guidewire to two target arteries on a porcine model for in vivo studies. Simultaneously, translation and twist manipulations of thumb, forefinger, and wrist are acquired with electromagnetic (EM) and fiber-optic bend (FOB) sensors, respectively. These behavior data are then processed with wavelet packet decomposition (WPD) under 1–10 levels for feature extraction. The feature vectors are further fed into three candidate individual classifiers in the local learning layer. Furthermore, the local learning results from different manipulation behaviors are fused in the ensemble learning layer with three rule-based ensemble learning algorithms. In subject-dependent skill characteristics learning, the ensemble learning can achieve 100% accuracy, significantly outperforming the best local result (90%). Furthermore, ensemble learning can also maintain 73% accuracy in subject-independent schemes. These promising results demonstrate the great potential of the proposed method to facilitate skill learning in surgical robotics and skill assessment in clinical practice.",ieee,llm,0.990,unreviewed,
kept,A Study on How to Classify Exercises in Introductory Programming Courses: A Moodle Plugin Contribution,Thiago Gomes Versissimo; Leônidas De Oliveira Brandão; Ewout ter Haar,2023,2023 IEEE Frontiers in Education Conference (FIE),10.1109/FIE58773.2023.10343222,https://ieeexplore.ieee.org/document/10343222/,adjacent-subtopic,"This full paper reports the results of the development of a Moodle plugin, Programming Exercise Teaching Assistant (PETA), created to support teachers from introductory programming courses to identify problematic exercises by analyzing how students interact with them. Moodle is an open source learning management system that allows personalization of its functionality through plugins. In introductory programming courses, it is common to propose problems to students, for which they need to elaborate solution code. The VPL (Virtual Programming Lab) is a popular plugin that allows teachers to create this kind of problem, with automatic evaluation built on top of test-cases. The iAssign (interactive Assignment) is another plugin of the same sort, but with block-based programming. Our plugin is an open-source project, initially developed to integrate with iAssign, and created to integrate easily with any similar plugin used in programming tasks. Our primary goal is to empower teachers and students by supplying a tool that improves the quality of programming in education. Over the last few years, the University of São Paulo has increased its public policy for social inclusion, bringing in even more learners with diverse educational backgrounds. Understanding the students' profiles and being able to modify problems based on these new contexts is fundamental to improve the quality of teaching. This plugin aims to meet the needs of teachers and learners, exploring data from their educational context to improve the learning experience. The plugin automatically extracts data from students' interaction with the coding exercise, e.g. the time between submission (TBS), code changing between submissions (CCBS), and grades. Using these variables, we calculated derived metrics in an attempt to classify exercises according to different parameters. First, we considered time-related metrics, the highest time between submissions (HT). Secondly, we evaluated metrics related to code changes, the highest code changes between submissions (HC). Finally, we accounted for student performance by considering average grades, penalized by time and by number of submissions (AG). A technical contribution of this work is the Moodle plugin that analyzes the students' codes of iAssign, available as free software. The results from this new plugin with eight introductory classes show that it was possible to classify exercises. The AG metric created could be associated with the exercise level of difficulty, while HT and HC metrics are indicative of exercise complexity, requiring a higher level of prior knowledge, such as familiarity with loops, functions, and potential challenges with the problem instructions.",ieee,llm,0.760,unreviewed,
discarded,Analyses the Predictive Power of Machine Learning Procedures Over Multi Diseases Datasets,Tarun Kumar Agarwal; Baldev Singh; Nilam Chaudhary,2023,2023 3rd International Conference on Innovative Sustainable Computational Technologies (CISCT),10.1109/CISCT57197.2023.10351291,https://ieeexplore.ieee.org/document/10351291/,off-topic-false-hit,"In today's age of technology, people do not prioritize their health or well-being. Due to frequent circumstances, regular visits to the hospital for check-ups are uncommon, this has led to an increase in illness among people. Nowadays, the majority of people suffer from various health issues like heart, diabetes, kidney disease. The World Health Organization (WHO) considers such chronic diseases are the leading causes of premature death, responsible for half of all deaths in most countries. Early identification of patients can prevent the disease from progressing. Various distributed investigations strongly illustrated that traditional diagnosis methods of chronic diseases are susceptible to bias and variation among medical professionals, making it challenging to timely identify issues accurately. However, huge published efforts denoting that ML based methodology can significantly improve the timely estimation of various health issues and despite the availability of up-to-date information and various machine learning-based tools, accurate diagnosis of such diseases is remaining as a challenge. To address this issue, this paper investigates the chronic diseases forecasting act of dissimilar machine learning techniques, recital evaluation of different ML procedures using the UCI machine learning disease dataset. Results are corroborated using accurateness & confusion matrix. This paper also deliberates the benefits and drawbacks of an accessible diseases prediction schemes for assisting novice researchers in understanding the disease prediction function of machine learning-based methodologies and determining the scope of future research.",ieee,llm,0.990,unreviewed,
