status,title,authors,year,venue,doi,url,tags,abstract,provider,decision_source,llm_confidence,llm_review_outcome,llm_change_direction
kept,Discussion of Ability Cultivation of Computational Thinking in Course Teaching,Zhenrong Deng; Wenming Huang; Rongsheng Dong,2009,2009 International Conference on Education Technology and Computer,10.1109/ICETC.2009.16,https://ieeexplore.ieee.org/document/5169480/,supports-claim,"Computational thinking is taken for the fundamental skills for everyone, not just computer scientist, to learn and use. It remains to be explored in many aspects how to understand the essence of computational thinking and how cultivate the computational thinking ability of students. In the view of course teaching of computer science, this paper discusses the perception of the essence of computational thinking and presents a method for the cultivation of the computational thinking ability by using courses as carrier, and a case study of the course Data Structures and Algorithms.",ieee,llm,0.870,unreviewed,
discarded,The Impact of stem Courses on Students’ Computational Thinking: Mediation based on problem solving ability and stem attitude,Jiaying Zhang; Yi Zhang; Yuru Lin,2023,2023 International Symposium on Educational Technology (ISET),10.1109/ISET58841.2023.00023,https://ieeexplore.ieee.org/document/10361088/,adjacent-subtopic,"Computational thinking is advocated as a skill that everyone should possess, and stem content and background can be conducive to the learning of computational thinking. This study constructed a theoretical model of the impact of stem courses on students’ computational thinking, and measured the mediating effects of problem solving skills and stem attitudes on stem courses and students’ computational thinking. The study included a questionnaire of 1870 secondary school students and a descriptive, correlational and mediating analysis. The results show that stem courses can predict students’ computational thinking through students’ problem solving ability and students’ attitude towards stem. The results of this study have a positive reference value for discussing the factors affecting students’ computational thinking, implementing stem course education, improving students’ problem-solving ability and enhancing students’ attitude towards stem.",ieee,llm,0.950,unreviewed,
discarded,Using Computational Thinking Patterns to Scaffold Program Design in Introductory Programming Course,Chih-Kai Chang,2016,2016 5th IIAI International Congress on Advanced Applied Informatics (IIAI-AAI),10.1109/IIAI-AAI.2016.27,https://ieeexplore.ieee.org/document/7557641/,adjacent-subtopic,"Visual programming languages (VPLs), such as Scratch and StarLogo TNG, can make computer science education more accessible to everyone. Current researches in the study of using VPLs for educational purposes primarily focus on understanding motivational benefits and computational thinking gains. All these educational VPLs claim to scaffold students learning computational thinking concepts. Although the evaluations show that students may exhibit more enthusiasm, it is not clear what computational thinking concepts are actually learned by students. In this paper, we attempt to develop a visual programs recognition tool for student-created StarLogo TNG simulations which representing the computational thinking concepts implemented by the students. Through collecting student's created projects over time, this visual programs recognition tool can possibly indicate the patterns of computational thinking in science simulations created by StarLogo TNG.",ieee,llm,0.840,unreviewed,
discarded,Mastering basic Sorting Algorithms through Computational Thinking Activities for Everyone,Piyanuch Silapachote; Ananta Srisuphab; Apirak Hoonlor; Thanwadee Sunetnanta,2024,2024 IEEE Global Engineering Education Conference (EDUCON),10.1109/EDUCON60312.2024.10578701,https://ieeexplore.ieee.org/document/10578701/,adjacent-subtopic,"Sorting is an algorithmic concept that is covered in every fundamental computer science and engineering course and included in most if not all programming competitions. It is an everyday task, self-taught and done naturally even by a small child. In spite of its ingenuousness, mastering sorting algorithms turns out to be not so simple for many first-time programmers. This happens because how humans perform sorting is far from being straightforwardly aligned with machine instructions. We have developed an unplugged game-based learning activity that aims not only to tackle this difficult dilemma but also to promote computational thinking practice. Our game robustly challenges audiences to complete a fun sorting task algorithmically and the building blocks of the exercise are methodologically grounded in the four cornerstones of computational thinking. Participants are gently guided through solving a problem by decomposing it, recognizing patterns, applying abstraction, writing step-by-step instructions, and finally arriving at a programmable solution. Our design is largely flexible. The game can be played in small groups or larger ones. It uses only common, readily accessible materials, and is easily adaptable to different levels of audiences, from the interested general public to secondary school students and teachers, to non-computer science undergraduates and those majoring in engineering or information technology related subjects. We have implemented this activity in our classrooms and conducted several workshops. Responses were markedly positive. Engaged from the beginning to the end, participants enjoyed the activity, having fun sorting. Appreciated the ideas, audiences were captivated by many surprising challenges. Most notably, they were able to comprehend the concepts of sorting algorithms and the computational steps behind them, and gain a better understanding of computational thinking.",ieee,llm,0.890,unreviewed,
discarded,CT-Blocks: Learning Computational Thinking by Snapping Blocks,R Vinayakumar; KP Soman; Pradeep Menon,2018,"2018 9th International Conference on Computing, Communication and Networking Technologies (ICCCNT)",10.1109/ICCCNT.2018.8493669,https://ieeexplore.ieee.org/document/8493669/,adjacent-subtopic,"Technologies are growing rapidly and its applications are enormous in different strata of society. In this paper especially we are talking about educational technologies. We could see there is a significant change in elementary and secondary education over the past 10 years like classroom teaching, information and communications technology (ICT), and now everything is all about the cloud computing. Cloud computing technologies play a big role in the development of educational technologies. CT-Blocks is a virtual private cloud system developed for K-12 schools. The importance of the word computational thinking makes everyone to the development of educational tools to impart computational thinking to primary, middle and high school students. CT-Blocks is a cloud and block based programming language that reinforces the word computational thinking in all types of users.",ieee,llm,0.940,unreviewed,
discarded,Fostering Computational Thinking and Systems Thinking through Aquaponics Capstone Projects,Andrew Keong Ng; R Mahkeswaran,2021,"2021 IEEE International Conference on Engineering, Technology & Education (TALE)",10.1109/TALE52509.2021.9678854,https://ieeexplore.ieee.org/document/9678854/,adjacent-subtopic,"In today's world of growing complexity and interconnectedness, computational thinking (CT) and systems thinking (ST) are imperative for everyone to solve complex problems, create advanced solutions, and innovate cutting-edge technologies and systems. Traditional teaching approaches for CT and ST offer limited avenues for applying the knowledge and skills learned in class. This paper presents and discusses the design and development of intelligent aquaponics capstone projects to foster CT and ST in undergraduate students. Specifically, students designed and built an automated aquaponics system with internet of things for real-time remote monitoring and control. Aquaculture and hydroponics subsystems, hardware and software components, communication networks, and data acquisition and analysis of fish and plant growth were integrated and tested, with high yield and quality of fish and vegetables. Attributable to the multidisciplinary and multifaceted high-tech aquaponics system, students can broaden and deepen their theoretical understanding and practical experience of CT and ST.",ieee,llm,0.930,unreviewed,
discarded,Educational Digital Games and Computational Thinking for students with Intellectual Disabilities - Guidelines for accessibility,Taynara Cerigueli Dutra; Daniel Felipe; Isabela Gasparini; Eleandro Maschio,2021,2021 International Conference on Advanced Learning Technologies (ICALT),10.1109/ICALT52272.2021.00101,https://ieeexplore.ieee.org/document/9499901/,adjacent-subtopic,"Computational Thinking (CT) refers to cognitive skills of logical reasoning, abstraction, and problem-solving that can be automated. Students with intellectual disabilities have cognitive deficits that can be improved by working the CT. To ensure that students develop this ability it is important to use appropriate and accessible tools for everyone and educational digital games are presented as a possibility to teach CT in a fun and engaging way. The present study aims to understand the relationship between the learning of children with intellectual disabilities and the existing guidelines for the development of accessible educational digital games, to promote CT for them. Also, a set of these guidelines is provided for designing educational digital games aimed at students with intellectual disabilities.",ieee,llm,0.890,unreviewed,
discarded,Computational thinking through modeling in language lessons,Barbara Sabitzer; Heike Demarle-Meusel; Maria Jarnig,2018,2018 IEEE Global Engineering Education Conference (EDUCON),10.1109/EDUCON.2018.8363469,https://ieeexplore.ieee.org/document/8363469/,adjacent-subtopic,"In contrast to the field of computer-supported or computer-assisted language learning (CALL), which has been investigated intensively for the last decades since the beginning of e-learning and technology-enhanced learning, computational thinking and computer science concepts are not quite common in the context of language lessons. Computational thinking is a problem solving process that, at first sight, has not much to do with language learning. However, as demanded by Jeannette Wing in 2006, it should be taught to everyone like reading, writing and mathematics. By introducing computational thinking in language lessons e.g. through modeling we could ""kill two birds with one stone"": On the one hand, we can teach computational thinking and basics of computer science at all school levels even if there is no related subject, e.g. in primary schools. On the other hand, computational thinking tools like modeling can support language learning in different ways and help to train text comprehension, to acquire and elaborate vocabulary or to visualize grammar rules etc. This paper describes some creative possibilities of introducing computational thinking through modeling in language lessons in primary and secondary education. Besides best practices, it further presents some experiences and results gained from teacher observation, interviews and informal feedback from students and teachers.",ieee,llm,0.880,unreviewed,
discarded,Application of Concept Map in the Study of Computational Thinking Training,Ling Xu; Ming-Wen Tong; Bin Li; Jiang Meng; Chen-Yao Fan,2019,2019 14th International Conference on Computer Science & Education (ICCSE),10.1109/ICCSE.2019.8845505,https://ieeexplore.ieee.org/document/8845505/,adjacent-subtopic,"The call for innovative talents in the information age is imminent. With the promulgation of the domestic high school information technology curriculum standards in 2017, the formulation and positioning requirements of the core literacy of the disciplines, computational thinking as one of the four core literacy, is the thinking ability that everyone should have. Many foreign educational practice studies have shown that mind mapping can effectively promote students' cognitive development and knowledge construction. However, the domestic educational application research is relatively lacking in this aspect, and there is little research on the comprehensive and in-depth combination of it and the core literacy “computational thinking” of the specific information technology discipline. To this end, based on the research status at home and abroad, this paper attempts to use the concept map tool to represent several important functions of computational thinking, ""definition of problems"", ""abstract function"", ""build model"" and ""Debugging and improvement"". The diagram incorporates the teaching model in the computational thinking development curriculum. This study used quasi-experimental research methods to explore the effect of conceptual map tools on students' computational thinking. The research results show that this teaching method has a significant effect on the development of students' computational thinking.",ieee,llm,0.820,unreviewed,
discarded,Towards an Online Service for Learning Computational Thinking Using Scientific Workflows,Aravind Mohan; Shiyong Lu; Ke Zhang,2015,2015 IEEE International Conference on Services Computing,10.1109/SCC.2015.54,https://ieeexplore.ieee.org/document/7207372/,adjacent-subtopic,"Computational thinking has recently been widely recognized as a fundamental skill that should be cultivated for everyone and in every field. Although there is an increasing interest in research in teaching and learning computational thinking in recent years, an engaging, effective online learning system is yet to be built for teaching, learning, and applying computational thinking online. To this end, we have developed DATAVIEW, an online social learning system for learning computational thinking concepts and skills online. The main contributions of this paper are: 1) we developed a new, effective online learning model for computational thinking based on our previous widely-applied R2D2 model. A signature characteristic of this new model is being interactive and learner-centered, thus ""i"" is carried out through the entire learning experiences, which provides teaching facilities to instructors and interactional tools among instructors and learners, 2) we implemented, validated, and refined iR2D2 in our DATAVIEW computational thinking online service, 3) We propose to use the DBR (design-based-research) approach to study the relationship between technology and teaching in the context of computational thinking, generating research results and findings applicable to online teaching in other domains as well.",ieee,llm,0.910,unreviewed,
discarded,Designing Interaction and User Interface of Computational Thinking Digital Game for Children using User-Centered Design Approach,Nira Rizki Ramadhani; Adi Mulyanto; Ginar Santika Niwanputri,2020,"2020 7th International Conference on Advance Informatics: Concepts, Theory and Applications (ICAICTA)",10.1109/ICAICTA49861.2020.9429049,https://ieeexplore.ieee.org/document/9429049/,adjacent-subtopic,"In the 21st Century, technology has become a part of almost everyone's lives in the world and will keep on evolving. Therefore, people's way of thinking must be able to follow the technology evolution. Since 2006, Computational Thinking (CT) has been stated as a fundamental skill for everyone, not just for computer scientists. The concept of CT is very important to be taught to children so that it can be applied as early as possible. In the digital era that is happening now, the suitable CT learning for children is in the form of digital game as an application on smartphones. The interaction and interface of this application is designed using user-centered design approach in ISO 9241210:2010. In order to make this application useful for children, it should be effective to use, easy to learn, and enjoyable. Those three things are the usability and user experience goals of this application. Usability testing is conducted to validate the achievement of the goals by using several metrics, such as completion rate, Single Ease Question (SEQ), System Usability Scale (SUS), and Intrinsic Motivation Inventory for interest/enjoyment subscale. The completion rate is 97,4 %/100% for usability goal effective to use, the SEQ score is 6,12/7 and the SUS score is 70,5/100 for usability goal learnability, and the IMI interest/enjoyment subscale score is 6,02/7 for user experience goal enjoyable. This application has achieved the usability and user experience goals because all the scores from the measurements using those four metrics are above the average.",ieee,llm,0.950,unreviewed,
discarded,A Computer Scientist Teaches Gen Ed Math,Victor Winter; Betty Love; Michelle Friend; Michael Matthews,2019,2019 International Conference on Computational Science and Computational Intelligence (CSCI),10.1109/CSCI49370.2019.00151,https://ieeexplore.ieee.org/document/9071071/,adjacent-subtopic,"A nationwide effort is underway to provide students pursuing higher education with options for satisfying general education (gen ed) math requirements. Within the context of this effort, computer science has an opportunity to introduce students to programming fundamentals and computer science principles while also satisfying gen ed math requirements. This paper is an experience report that describes initial efforts at the University of Nebraska-Omaha in piloting a course, satisfying the gen ed math requirements for non-STEM majors, whose content spans computer science, mathematics as well as the visual arts.",ieee,llm,0.920,unreviewed,
discarded,Teaching and learning computational thinking through solving problems in Artificial Intelligence: On designing introductory engineering and computing courses,Piyanuch Silapachote; Ananta Srisuphab,2016,"2016 IEEE International Conference on Teaching, Assessment, and Learning for Engineering (TALE)",10.1109/TALE.2016.7851769,https://ieeexplore.ieee.org/document/7851769/,adjacent-subtopic,"At the core of every computing related discipline and impacting everyone everywhere, computational thinking or CT has increasingly emerged as its own subject in all levels of education. How to effectively teach CT skills poses real challenges and creates opportunities. Focusing on engineering and computer science undergraduates, we resourcefully integrated elements of Artificial Intelligence (AI) into introductory computing courses. In addition to a comprehension of the essence of CT, AI enabled inspirations of collaborative problem solving beyond abstraction, logical reasoning, critical, and analytical thinking. It fostered the study of basic data structures and algorithms. Students enjoyed active learning classrooms. Learning to learn, they constructed essential knowledge from solving exciting AI puzzles, competing in strategic AI games, and participating in intellectual discussion. Every activity is designed to allow students to fully engage their mental tools. Neither coding nor programming was required.",ieee,llm,0.860,unreviewed,
discarded,5 SOFTWARE ENGINEERING,Peter J. Denning; Matti Tedre,2019,Computational Thinking,,https://ieeexplore.ieee.org/document/8709390/,off-topic-false-hit,Software engineering is the part of computer science that is too difficult for the computer scientist.,ieee,llm,0.980,unreviewed,
kept,Alg-Design: Facilitates to Learn Algorithmic Thinking for Beginners,R Vinayakumar; KP Soman; Pradeep Menon,2018,"2018 9th International Conference on Computing, Communication and Networking Technologies (ICCCNT)",10.1109/ICCCNT.2018.8493952,https://ieeexplore.ieee.org/document/8493952/,supports-claim,"Algorithmic thinking is one of the main key concepts in computational thinking. With using computers in close to all areas of our lives, the progress of algorithmic solutions to problems is very crucial. The comprehension of the character of problems and their algorithmic solutions is enormously most important for everyone. Algorithmic thinking is the capability to realize, execute, assessment, and create computational procedures for solving problems. This paper presents Alg-Design, a visual and block based programming environment to facilitate novices to improve the comprehension of Algorithmic thinking using programming and computing. The visual programming environment motivates students and they find enjoyable while creating personally meaningful projects.",ieee,llm,0.830,unreviewed,
