status,title,authors,year,venue,doi,url,tags,abstract,provider,decision_source,llm_confidence,llm_review_outcome,llm_change_direction
kept,Educational Robotics and Computer Programming in Early Childhood Education: A Conceptual Framework for Assessing Elementary School Students’ Computational Thinking for Designing Powerful Educational Scenarios,Ashraf Alam,2022,2022 International Conference on Smart Technologies and Systems for Next Generation Computing (ICSTSN),10.1109/ICSTSN53084.2022.9761354,https://ieeexplore.ieee.org/document/9761354/,supports-claim,"The researcher sought to synthesize data from studies on robotics programming experiences for children in the age bracket zero to eight, as well as for pre- and in-service early childhood educators, to identify possible contributions that robotics programming may make to teaching and learning of STEM (sciences, technology, engineering, and mathematics) subjects. The investigation was initiated with inclusion of research articles as a result of search and assessment processes. All of these studies were selected such that they had the application of educational robotics in common. The synthesis of preliminary findings, study subjects, and potential advantages of educational robots in STEM education, especially in engineering and technology are discussed and dealt with in great detail. Additionally, the implications of educational robotics and robotics programming for educational institutions, curricular materials, and pedagogical techniques are incisively addressed. This review revealed that employing robots to teach computer programming may be a promising teaching tool for early childhood STEM education.",ieee,llm,0.690,unreviewed,
discarded,WIP: Professional Learning in Computational Thinking for Early Childhood Teachers in Latin America,Alejandro Espinal; Camilo Vieira; Eric Bredder; Jennie Chiu; Kim Wilkens,2024,2024 IEEE Frontiers in Education Conference (FIE),10.1109/FIE61694.2024.10893178,https://ieeexplore.ieee.org/document/10893178/,adjacent-subtopic,"This research to practice work in progress paper explores changes in teachers' knowledge of integrating computational thinking (CT) into early childhood education in a professional learning (PL) initiative. The main goal of the program is to prepare teachers to develop CT practices into early childhood learning environments by fostering several key components: recognizing the significance of CT development from early childhood, applying pedagogical practices (i.e. unplugged activities, Use-Modify-Create), identifying socially constructed roles and stereotypes surrounding toys, implications of screen and device usage in learning, and developing skills to design CT learning activities tailored for their own classroom settings. To achieve our goals, the research team designed, implemented, and evaluated an online 30-hour PL program with educators from Latin American countries. Approximately 80 teachers completed the online PL program. The participating teachers engaged with the PL program weekly by providing written journal reflections. In the final week, they were asked to design a lesson based on what they learned and implement it into their classroom. Teachers completed a pre- and post-survey surrounding their self-efficacy and technological, pedagogical, and content knowledge (TPACK) in CT. Data sources include pre- and post-surveys, teacher journal reflections, and lesson plans developed by teachers. In this paper, we analyzed their journal reflections to qualitatively develop an understanding of how teachers progressed in the PL. The lesson plans will be analyzed to identify: (1) the learning goals for the students, (2) which activities teachers preferred to implement, and (3) how they assessed student learning in CT in their classroom. Preliminary findings demonstrate the types of CT activities they implemented in their classrooms. Teachers also created lessons that met their students' needs which further provides examples of how CT is integrated within the existing curriculum surrounding student interest and culture. Many PL programs often teach about CT concepts, but do not offer a chance to implement a lesson plan and reflect on their experience. This process helps teachers develop self-efficacy for teaching CT in an elementary classroom and teachers reported that they would continue to integrate CT within their future instruction. Also, this program contributes to the reduction of the gender gap in CT, promoting equitable practices in early childhood education.",ieee,llm,0.840,unreviewed,
kept,Defining Computational Thinking for Mathematics and Science Classrooms,David Weintrop; Elham Hosseini‐Beheshti; Michael Horn; Kai Orton; Kemi Jona; Laura Trouille; Uri Wilensky,2015,Journal of Science Education and Technology,10.1007/s10956-015-9581-5,https://openalex.org/W1687473687,qualifies-claim,"Science and mathematics are becoming computational endeavors. This fact is reflected in the recently released Next Generation Science Standards and the decision to include ""computational thinking"" as a core scientific practice. With this addition, and the increased presence of computation in mathematics and scientific contexts, a new urgency has come to the challenge of defining computational thinking and providing a theoretical grounding for what form it should take in school science and mathematics classrooms. This paper presents a response to this challenge by proposing a definition of computational thinking for mathematics and science in the form of a taxonomy consisting of four main categories: data practices, modeling and simulation practices, computational problem solving practices, and systems thinking practices. In formulating this taxonomy, we draw on the existing computational thinking literature, interviews with mathematicians and scientists, and exemplary computational thinking instructional materials. This work was undertaken as part of a larger effort to infuse computational thinking into high school science and mathematics curricular materials. In this paper, we argue for the approach of embedding computational thinking in mathematics and science contexts, present the taxonomy, and discuss how we envision the taxonomy being used to bring current educational efforts in line with the increasingly computational nature of modern science and mathematics.",openalex,llm,0.990,unreviewed,
kept,Which cognitive abilities underlie computational thinking? Criterion validity of the Computational Thinking Test,‪Marcos Román-González‬; Juan Carlos Pérez-González; Carmen Jiménez Fernández,2016,Computers in Human Behavior,10.1016/j.chb.2016.08.047,https://openalex.org/W2522521125,supports-claim,"Computational thinking (CT) is being located at the focus of educational innovation, as a set of problem solving skills that must be acquired by the new generations of students to thrive in a digital world full of objects driven by software. However, there is still no consensus on a CT definition or how to measure it. In response, we attempt to address both issues from a psychometric approach. On the one hand, a Computational Thinking Test (CTt) is administered on a sample of 1,251 Spanish students from 5th to 10th grade, so its descriptive statistics and reliability are reported in this paper. On the second hand, the criterion validity of the CTt is studied with respect to other standardized psychological tests: the Primary Mental Abilities (PMA) battery, and the RP30 problem-solving test. Thus, it is intended to provide a new instrument for CT measurement and additionally give evidence of the nature of CT through its associations with key related psychological constructs. Results show statistically significant correlations at least moderately intense between CT and: spatial ability (r = 0.44), reasoning ability (r = 0.44), and problem solving ability (r = 0.67). These results are consistent with recent theoretical proposals linking CT to some components of the Cattel-Horn-Carroll (CHC) model of intelligence, and corroborate the conceptualization of CT as a problem-solving ability. (C) 2016 Elsevier Ltd. All rights reserved.",openalex,llm,0.950,unreviewed,
kept,A validity and reliability study of the computational thinking scales (CTS),Özgen Korkmaz; Recep Çakır; M. Yaşar Özden,2017,Computers in Human Behavior,10.1016/j.chb.2017.01.005,https://openalex.org/W2569623901,supports-claim,"It is possible to define Computational Thinking briefly as having the knowledge, skill and attitudes necessary to be able to use the computers in the solution of the life problems for production purposes. In this study, a scale has been developed for the purpose of determining the levels of computational thinking skills (CTS) of the students. CTS is a five-point likert type scale and consists of 29 items that could be collected under five factors. The study group of this work consists of 726 students educated at the levels of associate degree and undergraduate degree with formal education in Amasya University for the first application. For the second application 580 students who were educated in pedagogical formation education via distance education in Amasya University. The validity and reliability of the scale have been studied by conducting exploratory factor analysis, confirmatory factor analysis, item distinctiveness analyses, internal consistency coefficients and constancy analyses. As a result of the conducted analyses, it has been concluded that the scale is a valid and reliable measurement tool that could measure the computational thinking skills of the students. In addition; the digital age individuals are expected to have the computational thinking skill, and at what degree they have these skills, the revelation of whether the levels they have are sufficient or not are a requirement. Within this frame, it could be said that the scale could make significant contributions to the literature. We aimed to develop computational thinking scale.A 29 item computational thinking scale was composed.Five factor were emerged for computational thinking scale.Factors are termed Creativity, Cooperativity, Algoritmic- Critical Thinking and Problem Solving.Reliability and validity of the scales are psychometrically good.",openalex,llm,0.900,unreviewed,
kept,Computational Thinking: What and Why?,Jeannette M. Wing,2010,,,https://openalex.org/W2425100736,supports-claim,,openalex,llm,0.970,unreviewed,
kept,Computational thinking,Chenglie Hu,2011,,10.1145/1999747.1999811,https://openalex.org/W2091035249,qualifies-claim,"Computational thinking has been promoted in recent years as a skill that is as fundamental as being able to read, write, and do arithmetic. However, what computational thinking really means remains speculative. While wonders, discussions and debates will likely continue, this article provides some analysis aimed to further the understanding of the notion. It argues that computational thinking is likely a hybrid thinking paradigm that must accommodate different thinking modes in terms of the way each would influence what we do in computation. Furthermore, the article makes an attempt to define computational thinking and connect the (potential) thinking elements to the known thinking paradigms. Finally, the author discusses some implications of the analysis.",openalex,llm,0.930,unreviewed,
kept,Computational Thinking Integration Patterns Along the Framework Defining Computational Thinking from a Disciplinary Perspective,Irene Lee; Joyce Malyn‐Smith,2019,Journal of Science Education and Technology,10.1007/s10956-019-09802-x,https://openalex.org/W2989575716,supports-claim,"This paper describes analyses of the K–12 computational thinking (CT) integration activities collected at two NSF-funded workshops, “Developing an Interdisciplinary Framework for Integrating Computational Thinking in K–12 Science, Mathematics, Technology, and Engineering Education,” held in August and November of 2017 at Education Development Center, Inc., in Waltham, Massachusetts. The workshops convened a working group of principal investigators, researchers, and educators from the National Science Foundation (NSF) ITEST (Innovative Technology Experiences for Students and Teachers) and STEM + C (STEM + Computing) funded projects to draft an interdisciplinary framework for integrating CT into K–12 education. The goal of this paper is to share that framework and our findings on promising learning progressions, gaps that exist in the collected set of activities, specific advances in STEM fields that were made possible through CT, and suggested ways that CT integration in K-12 can evolve to reach what the CT integration framework proposes as five “computational thinking integration elements” or “CTIEs”. This framework is designed to help educators see ways to engage students in CT within disciplinary learning. The analyses and findings may benefit STEM and computing education fields by elucidating the target of CT as used within CT-integrated STEM fields.",openalex,llm,0.900,unreviewed,
kept,Integrating Computational Thinking in STEM Education: A Literature Review,Changzhao Wang; Ji Shen; Jie Chao,2021,International Journal of Science and Mathematics Education,10.1007/s10763-021-10227-5,https://openalex.org/W3211729735,supports-claim,"Research focusing on the integration of computational thinking (CT) into science, technology, engineering, and mathematics (STEM) education started to emerge. We conducted a semi-systematic literature review on 55 empirical studies on this topic. Our findings include: (a) the majority of the studies adopted domain-general definitions of CT and a few proposed domain-specific CT definitions in STEM education; (b) the most popular instructional model was problem-based instruction, and the most popular topic contexts included game design, robotics, and computational modelling; (c) while the assessments of student learning in integrated CT and STEM education targeted different objectives with different formats, about a third of them assessed integrated CT and STEM; (d) about a quarter of the studies reported differential learning processes and outcomes between groups, but very few of them investigated how pedagogical design could improve equity. Based on the findings, suggestions for future research and practice in this field are discussed in terms of operationalizing and assessing CT in STEM contexts, instructional strategies for integrating CT in STEM, and research for broadening participation in integrated CT and STEM education.",openalex,llm,0.920,unreviewed,
kept,Recognizing computational thinking patterns,Ashok Basawapatna; Kyu Han Koh; Alexander Repenning; David C. Webb; Krista Sekeres Marshall,2011,,10.1145/1953163.1953241,https://openalex.org/W2090732412,supports-claim,"End-user game design tools are effective in motivating and exposing students with no prior programming experience to computer science. However, while there is good evidence that these environments are effective motivators, the question remains what do students actually learn? For our purposes, using AgentSheets, we would like to know if students can apply the knowledge obtained from programming games to creating science simulations. Specifically, we want to better understand if students are able to recognize Computational Thinking Patterns (CTP) from their game programming experience. Computational Thinking Patterns are abstract programming patterns that enable agent interactions not only in games but also in science simulations. Students and teachers who participated in a game design summer institute were administered a Computational Thinking Pattern Quiz (CTP Quiz). This quiz tested the participants' ability to recognize and understand patterns in a context removed from game programming. We found that participants, for the most part, were able to understand and recognize the patterns in a variety of contexts",openalex,llm,0.860,unreviewed,
kept,What Computational Thinking Is,Francisco José García‐Peñalvo,2016,Gredos (University of Salamanca),,https://openalex.org/W2730288718,supports-claim,,openalex,llm,0.870,unreviewed,
kept,The Computational Thinking Scale for Computer Literacy Education,Meng‐Jung Tsai; Jyh‐Chong Liang; Chung-Yuan Hsu,2020,Journal of Educational Computing Research,10.1177/0735633120972356,https://openalex.org/W3098190784,supports-claim,"Computational thinking has received tremendous attention from computer science educators and educational researchers in the last decade. However, most prior literature defines computational thinking as thinking outcomes rather than thinking processes. Based on Selby and Woodland’s framework, this study developed and validated the Computational Thinking Scale (CTS) to assess all students’ thought processes of computational thinking for both general and specific problem-solving contexts in five dimensions: abstraction, decomposition, algorithmic thinking, evaluation and generalization. A survey including 25 candidate items for CTS as well as demographic variables was administered to 388 junior high school students in Taiwan. An explorative factor analysis using the principal axis method with the oblimin rotation was used to validate the scale. Finally, 19 items were extracted successfully under the designed five dimensions, with a total explained variance of 64.03% and an overall reliability of 0.91. Results of the demographic comparisons showed that boys had a greater disposition than girls in decomposition thinking when solving problems using computer programming. In addition, programming learning experience, especially self-directed learning and after-school learning, had significant positive effects on all dimensions of CTS. Several future studies are suggested using this tool.",openalex,llm,0.970,unreviewed,
kept,"A bibliometric analysis of computational thinking skills: definition, components and assessment tools.",Ahmad Sarji Abdul Hamed; Su Luan Wong; Mas Nida Md. Khambari; Nur Aira Abd Rahim; Fariza Khalid; Priscilla Moses,2024,Res. Pract. Technol. Enhanc. Learn.,10.58459/RPTEL.2025.20035,https://dblp.org/rec/journals/rptel/HamedWKRKM24,supports-claim,"This paper provides an in-depth analysis of computational thinking (CT) skills and their assessment. It discusses the definition and components of CT. Various assessment tools, such as surveys, exams, self-assessment instruments, and performance tests, are explored. A bibliometric analysis reveals a growing trend in publications related to CT skills since 1993. The study employs citation analysis, co-citation analysis, and co-keyword analysis, identifying clusters of related work and emphasizing the core ideas of CT skills, their components, and their assessment. The findings highlight the intellectual synergy between publications, particularly the strong conceptual and thematic links between works that often cite each other. The discussion underscores the importance of CT components like abstraction, decomposition, and algorithms, as foundational elements across disciplines, particularly in education and computer science. Additionally, the integration of CT into educational curricula, such as robotics, programming, and STEM, demonstrates its growing significance. The conclusion identifies several gaps in the current understanding of CT, particularly the need for a standardized, widely accepted definition that encompasses all aspects of CT. It also emphasizes the limited focus on the assessment of CT skills and calls for the development of validated and reliable assessment tools. Furthermore, the paper highlights the need for more research on the impact of teacher training programs on CT development, to ensure effective integration at the school level.",dblp,llm,0.980,unreviewed,
kept,A Preliminary Investigation of the Definition and Components of Computational Thinking in the Malaysian Education Landscape: From Educational Technology Experts&apos; Perspective.,Ahmad Sarji Abdul Hamed; Su Luan Wong; Mohd Zariat Abdul Rani; Mas Nida Md. Khambari; Nur Aira Abd Rahim; Fariza Khalid; Priscilla Moses,2024,ICCE,10.58459/ICCE.2024.4909,https://dblp.org/rec/conf/icce/HamedWRKRKM24,supports-claim,"This qualitative study explores the definition and essential components of computational thinking (CT) within the Malaysian educational context. Through semi- structured interviews with educational technology experts, the research delves into the nuanced understanding of CT, considering its adaptation to the local educational landscape and its broader applicability beyond technical skills. The findings reveal that CT in Malaysia is defined as a problem-solving methodology emphasizing inclusivity and thinking, as guided by the Malaysian Ministry of Education (MOE). Essential of CT identified by experts align with MOE's framework and encompass abstraction, decomposition, pattern recognition, algorithms, logical reasoning, and evaluation. This approach equips students with skills for a computational world and strengthens their critical thinking. The study concludes that integrating CT by focusing on these key skills can enhance students' problem-solving abilities and support national progress. Limitations include the study's focus on educational technology experts. potentially excluding broader educator perspectives, and variations in CT adaptation across regions. Future research should include diverse educator viewpoints and longitudinal studies to assess CT instruction's long-term impact and effectiveness.",dblp,llm,0.970,unreviewed,
