status,title,authors,year,venue,doi,url,tags,abstract,provider,decision_source,llm_confidence,llm_review_outcome,llm_change_direction
discarded,Enhancing Computational Thinking Capability of Preschool Children by Game-based Smart Toys,Szu‐Yin Lin; Shih‐Yi Chien; Chia-Lin Hsiao; Chih‐Hsien Hsia; Kuo‐Ming Chao,2020,Electronic Commerce Research and Applications,10.1016/j.elerap.2020.101011,https://openalex.org/W3089735711,adjacent-subtopic,"Abstract Computational thinking has become an important issue in the field of education. Because preschool and kindergarten learners are capable of exercising their cognitive abilities to resolve basic computational logic, this demographic has raised significant interest in studying their learning intentions and behaviors. However, prior research fails to examine the effects of teaching computational logic to kindergarten children. Therefore, this study aims to investigate the influences of teaching approaches in guiding preschool children to learn computational logic and programming concepts to enhance their problem-solving skills as well as computational thinking abilities. A novel teaching framework is designed to develop the learner’s cognitive abilities, which adopts the smart toy game-based learning approach along with a tangible user interface (TUI) to enhance children’s learning performance and interests. The proposed teaching approach integrates the game-based learning concepts into the TUI system, where the learning processes allow the learners to effectively practice the conceptual knowledge and efficiently advance their problem-solving skills. The results suggest using the developed game-based TUI system can increase preschool children’s learning behaviors as well as enhance their learning interests and computational thinking abilities.",openalex,llm,0.900,unreviewed,
kept,Teaching and Assessing Abstraction in K-12 Computational Thinking Education: A Systematic Literature Review,"Oser, Annika; Standl, Bernhard",2025,COMPUTER APPLICATIONS IN ENGINEERING EDUCATION,10.1002/cae.70073,https://www.webofscience.com/wos/woscc/full-record/WOS:001705389800001,qualifies-claim,"The Abstraction is widely regarded as a fundamental skill in Computational Thinking (CT). However, the limited proficiency in abstraction demonstrated by undergraduate students when addressing algorithmic problems has prompted calls from researchers to explicitly integrate discussions on abstraction into early Computer Science education. This study employs a systematic PRISMA literature review to examine methodological approaches to teaching and assessment methods for abstraction in K-12 CT education research. The findings reveal significant inconsistencies in how abstraction is conceptualized and operationalized within CT and highlight a scarcity of qualitative rubrics for its assessment. To address these gaps, the review identifies effective methods and contexts for embedding and evaluating abstraction in both research and practice. Building on these insights, we propose a novel computational problem-solving framework that integrates vertical and horizontal dimensions of abstraction, offering a comprehensive structure to guide teaching and assessment. The paper concludes with recommendations for enhancing the pedagogy of abstraction in K-12 CT settings and outlines directions for future research.",wos,llm,0.990,unreviewed,
discarded,Integrating computational thinking into secondary school mathematics teaching: A literature review,"Ruiz Recio, Maria Isabel; Molina-Ayuso, Alvaro; Adamuz-Povedano, Natividad",2026,REVIEW OF EDUCATION,10.1002/rev3.70142,https://www.webofscience.com/wos/woscc/full-record/WOS:001697985600001,adjacent-subtopic,"Computational thinking (CT) has established itself as a fundamental skill for the 21st century, driving its integration into various disciplines, especially mathematics. This systematic review of the literature aimed to analyse how the integration of CT has been conceptualized and implemented in mathematics teaching in the context of secondary education. Following the Preferred Reporting Items for Systematic Reviews and Meta-Analyses (PRISMA) protocol guidelines, a search of scientific databases was conducted, resulting in the selection of 30 relevant articles, coded with high inter-rater reliability (Fleiss's Kappa = 0.88). The results present a synthesis of the methodological approaches, technological tools and variables evaluated in the articles analysed, revealing a consensus on the positive impact of CT on problem-solving and algorithmic thinking. However, the analysis shows that this success is not only attributed to technological tools, but to their implementation within active pedagogical frameworks, mainly problem-based learning. This brings us to draw a key conclusion: the need for a transition in research towards a more holistic approach, such that the effective implementation of CT depends on the synergy between active pedagogy, the intentional and studied choice of tools, and explicit consideration of the socio-emotional dimension of learning.",wos,llm,0.820,unreviewed,
discarded,Computational thinking in STEM education: current state-of-the-art and future research directions,"Tariq, Rasikh; Babines, Bertha Maria Aponte; Ramirez, Jesus; Alvarez-Icaza, Ines; Naseer, Fawad",2025,FRONTIERS IN COMPUTER SCIENCE,10.3389/fcomp.2024.1480404,https://www.webofscience.com/wos/woscc/full-record/WOS:001402781300001,adjacent-subtopic,"The knowledge society exists mainly due to advancing technology and the exponential development of professionals' capabilities. Digital transformation and new technologies generate complex environments demanding high-level skills. This work analyzes the current state of pedagogical approaches with a special focus on project-based learning that develops computational thinking in STEM students. A Systematic Literature Review examined the current state of pedagogical approaches along with project-based learning aimed at enhancing computational thinking within the context of higher education. Results allowed us to infer that (a) computational thinking promotes sustainable development through STEM education and novel teaching practices; (b) it is a fundamental skill for the problem-solving processes that evolve with technological progress; (c) its development is a global concern, not limited to a country's development level; and (d) its introduction at an early stage provides opportunities for the advancement of vulnerable groups. Outlining, this study conducts a Systematic Literature Review (SLR) using PRISMA 2020 guidelines to analyze pedagogical approaches including project-based learning for enhancing computational thinking in STEM higher education, identifying global research trends, common strategies, and areas for improvement, while proposing a framework to align computational thinking skills with emerging technological challenges and promote sustainable educational practices. This study presents relevant results on the construction of state-of-the-art computational thinking and education; it is valuable for curricular design underpinning disciplinary and interdisciplinary approaches.",wos,llm,0.900,unreviewed,
discarded,Gamified approaches to computational thinking in teacher training,"Bueno-Baquero, Andrea; del Olmo-Munoz, Javier; Gonzalez-Calero, Jose Antonio; Cozar-Gutierrez, Ramon",2024,REVISTA DE EDUCACION,10.4438/1988-592X-RE-2024-405-628,https://www.webofscience.com/wos/woscc/full-record/WOS:001281382300004,adjacent-subtopic,"This study explores the integration of computational thinking (CT) and gamification in teacher training. In the digital age, technology plays an essential role in all fields, including education. CT is already a fundamental skill in compulsory education, which implies a critical evolution in the contemporary educational landscape. Gamification has emerged as a powerful tool in education, revolutionising traditional teaching methods. By integrating game elements into the learning environment, gamification can increase student engagement and motivation, which are essential for effective learning. The study focused on the integration of gamification for CT promotion and training with 99 prospective teachers, using two types of gamification: shallow and deep gamification. Shallow gamification focuses on external components such as points, levels and badges, while deep gamification incorporates elements beyond the points that are considered meaningful to participants, such as personalised avatars, narratives, unexpected events and alternative activities. Results indicated improvements in self-perceived CT skills, particularly with deep gamification, but a decrease in the problem-solving dimension. In addition, higher motivation was observed in the shallow gamification group. These results have significant implications for teacher education. Overall, the integration of gamification into CT instruction represents a promising strategy for improving the training of future teachers in an increasingly digitised world. However, the implementation of gamification must be carefully considered to ensure that all CT skills are developed effectively. Ultimately, more research is needed to unravel the underlying causes of the results obtained and to explore the application of CT and gamification in various educational settings and levels.",wos,llm,0.940,unreviewed,
kept,Review on the teaching of programming and computational thinking in the world,"Belmar, Hector",2022,FRONTIERS IN COMPUTER SCIENCE,10.3389/fcomp.2022.997222,https://www.webofscience.com/wos/woscc/full-record/WOS:000879582800001,supports-claim,"Recent studies suggest that computational thinking, composed of the skills of abstraction, decomposition, algorithmization, debugging, and problem-solving, is the fundamental skill for scientific, technological, and economic development for the twenty-first century. However, this diagnosis that is unveiled in rich countries remains nebulous for poor countries. The problem is that education in computational thinking is fundamental for countries to insert themselves in the international arena in an advantageous way and thus achieve the welfare goals for the population of each country. The objective of this research was to make a bibliographic review that shows the state of the art in the teaching of computer programming and computational thinking in the 5 continents. In the review, the advances in the countries of Europe, North America, Oceania, and Asia were observed, whereas in Latin America and Africa, the advances are still basic in some countries and non-existent in others. This review is based on Preferred Reporting Items for Systematic reviews and Meta-Analyses (PRISMA). The main search terms were ""Computational thinking "" and ""Teaching computer programming. "" The search was performed in the ACM, Conference on Computational Thinking Education (Hong-Kong), Google Scholar, WOS, and SCOPUS databases, from October until December 2020, whose publication year was from 2016 onward. One of the main results found is that the teaching of computational thinking in England was implemented in schools in 2014; in Germany, it has been implemented since 2016 at a transversal level in universities; in South Korea, China, and Taiwan, it has been implemented since 2016. However, in Latin America and Africa governments, the subject is still not considered.",wos,llm,0.920,unreviewed,
discarded,Computational Thinking: Focus on Pattern Identification,"Leonard, Marielle; Peter, Yvan; Secq, Yann; Fluckiger, Cedric",2022,"EDUCATING FOR A NEW FUTURE: MAKING SENSE OF TECHNOLOGY-ENHANCED LEARNING ADOPTION, EC-TEL 2022",10.1007/978-3-031-16290-9_14,https://www.webofscience.com/wos/woscc/full-record/WOS:000871898800014,adjacent-subtopic,"This article focuses on pattern identification in the context of pupils aged 9 to 15 who are learning programming at school. In this context, programming puzzles that involve moving a robot on a 2D grid using a block-based programming language is common. We consider the ability to identify and formally characterize recurring structures within data or processes, to be a fundamental skill of computational thinking. In this article, we study the case where the motif (i.e. repeating unit) can be identified visually from the grid (obstacles, target...) for tasks involving the use of a loop. We ask what makes motif identification, and thus problem solving, difficult in this context. We provide a quantitative analysis based on the success rates of a hundred tasks from an online programming contest (200,000 participants). We have identified relevant features of the visual motif, which led us to specify five categories according to the degree of correspondence between the visual motif (2D grid) and the algorithmic motif (corresponding loop based program).",wos,llm,0.890,unreviewed,
discarded,Improving Computational Thinking in Nursing Students through Learning Computer Programming,"Laura-Ochoa, Leticia; Bedregal-Alpaca, Norka; Vidal, Elizabeth",2022,INTERNATIONAL JOURNAL OF ADVANCED COMPUTER SCIENCE AND APPLICATIONS,,https://www.webofscience.com/wos/woscc/full-record/WOS:000835135600001,adjacent-subtopic,"Computational thinking is a fundamental skill for problem-solving, it uses computational concepts and other types of thinking such as algorithmic. The experience of improving computational thinking in nursing students using block-based programming environments such as Code.org , Lightbot, and the Python textual programming language is described. The results obtained are analyzed by applying a pre-and post-test of computational thinking to the students. The methodological design is quasi-experimental since it did not work with a control group. The study group was made up of 30 students from the Professional School of Nursing of the National University of San Agustin de Arequipa. The results show that teaching programming allows the understanding of computational concepts and improves computational thinking. It is concluded that block-based programming environments and the Python language facilitate the development of algorithmic thinking and computational thinking.",wos,llm,0.920,unreviewed,
discarded,Promoting pupils' computational thinking skills and self-efficacy: a problem-solving instructional approach,"Ma, Hongliang; Zhao, Mei; Wang, Huixin; Wan, Xinqi; Cavanaugh, Terence W.; Liu, Ji",2021,ETR&D-EDUCATIONAL TECHNOLOGY RESEARCH AND DEVELOPMENT,10.1007/s11423-021-10016-5,https://www.webofscience.com/wos/woscc/full-record/WOS:000659405200001,adjacent-subtopic,"Computational thinking (CT) is a fundamental skill and an analytical ability that children in the twenty-first century should develop. Students should begin to work with algorithmic problem-solving and computational methods in K-12. Drawing on a conceptual framework (IGGIA) that combines CT and problem-solving, this study designed and implemented an interdisciplinary Scratch course in a primary school, examined the impact of the new problem-solving instructional approach (the adapted IGGIA) on pupils' CT skills and self-efficacy, and explored the gender differences in these two aspects. A pretest-posttest non-equivalent group design was conducted among 63 fifth-grade students in two computer science classes over 14 weeks. Both quantitative and qualitative data were collected through the administration of CT scales, Scratch artifacts analysis and focus group interviews. The results revealed that the adapted IGGIA (1) significantly improved the CT skills of primary school students; (2) had a significant positive impact on pupils' CT self-efficacy, especially on their critical thinking, algorithmic thinking and problem-solving; and (3) significantly enhanced girls' CT skills and self-efficacy. These findings indicated that problem-solving instructional approaches could promote both cognitive and noncognitive aspects of students' deeper computational learning.",wos,llm,0.880,unreviewed,
discarded,Diogene-CT: tools and methodologies for teaching and learning coding,"Mecca, Giansalvatore; Santoro, Donatello; Sileno, Nazzareno; Veltri, Enzo",2021,INTERNATIONAL JOURNAL OF EDUCATIONAL TECHNOLOGY IN HIGHER EDUCATION,10.1186/s41239-021-00246-1,https://www.webofscience.com/wos/woscc/full-record/WOS:000625547300001,adjacent-subtopic,"Computational thinking is the capacity of undertaking a problem-solving process in various disciplines (including STEM, i.e. science, technology, engineering and mathematics) using distinctive techniques that are typical of computer science. It is nowadays considered a fundamental skill for students and citizens, that has the potential to affect future generations. At the roots of computational-thinking abilities stands the knowledge of computer programming, i.e. coding. With the goal of fostering computational thinking in young students, we address the challenging and open problem of using methods, tools and techniques to support teaching and learning of computer-programming skills in school curricula of the secondary grade and university courses. This problem is made complex by several factors. In fact, coding requires abstraction capabilities and complex cognitive skills such as procedural and conditional reasoning, planning, and analogical reasoning. In this paper, we introduce a new paradigm called ACME (""Code Animation by Evolved Metaphors"") that stands at the foundation of the Diogene-CT code visualization environment and methodology. We develop consistent visual metaphors for both procedural and object-oriented programming. Based on the metaphors, we introduce a playground architecture to support teaching and learning of the principles of coding. To the best of our knowledge, this is the first scalable code visualization tool using consistent metaphors in the field of the Computing Education Research (CER). It might be considered as a new kind of tools named as code visualization environments.",wos,llm,0.830,unreviewed,
discarded,A Robust Portable Environment for First-Year Computer Science Students,"Brown, Dane; Connan, James",2021,"ICT EDUCATION, SACLA 2020",10.1007/978-3-030-92858-2_6,https://www.webofscience.com/wos/woscc/full-record/WOS:001053960300006,adjacent-subtopic,"Computer science education in both South African universities and worldwide often aim at making students confident at problem solving by introducing various programming exercises. Standardising a computer environment where students can apply their computational thinking knowledge on a more even playing field - without worrying about software issues - can be beneficial for problem solving in classroom of diverse students. Research shows that having consistent access to this exposes students to core concepts of Computer Science. However, with the diverse student base in South Africa, not everyone has access to a personal computer or expensive software. This paper describes a new approach at first-year level that uses the power of a modified Linux distro on a flash drive to enable access to the same, fully-fledged, free and open-source environment, including the convenience of portability. This is used as a means to even the playing field in a diverse country like South Africa and address the lack of consistent access to a problem solving environment. Feedback from students and staff at the Institution are effectively heeded and attempted to be measured.",wos,llm,0.980,unreviewed,
discarded,Learning Computational Thinking Through Gamification and Collaborative Learning,"Lee, Lap-Kei; Cheung, Tsz-Kin; Ho, Lok-Tin; Yiu, Wai-Hang; Wu, Nga-In",2019,"BLENDED LEARNING: EDUCATIONAL INNOVATION FOR PERSONALIZED LEARNING, ICBL 2019",10.1007/978-3-030-21562-0_28,https://www.webofscience.com/wos/woscc/full-record/WOS:000503386500028,adjacent-subtopic,"Computational thinking (CT) is becoming a growing field in educational research and practice. CT is not only related to coding or programming, but also a fundamental skill for everyone to solve problems effectively and efficiently with solutions that are reusable in different contexts, which helps to improve our analytical ability for different tasks. Therefore, parents are eager to enroll their children in children programming courses. This paper presents the design of a web-based game for learning computational thinking anywhere and anytime. It has a visual programming environment for programming virtual robot to complete specific tasks. Our game levels are designed to cover the following five core elements of CT: reformulation, recursion, decomposition, abstraction and systematic testing. The game also supports collaborative learning, in which some game levels involve multiple robots to be programmed by multiple players at the same time. A survey on twenty undergraduate computer science students showed that our game requires the application of the above five core elements of CT to complete, and is likely to be an attractive learning tool for learners including primary students.",wos,llm,0.870,unreviewed,
