status,title,authors,year,venue,doi,url,tags,abstract,provider,decision_source,llm_confidence,llm_review_outcome,llm_change_direction
discarded,Impact of a virtual reality-enhanced learning program for maternal positioning in midwifery students: an exploratory multicenter pre-post study,"Sa-Couto, Carla; Bispo, Ingrid; Havranek, Emil; Aulenbacher, Friederike; Cardoso, Alexandrina; Hrachovinova, Kristyna; Pinto, Cristina; Kim, Selina; Lazarovici, Marc",2026,FRONTIERS IN MEDICINE,10.3389/fmed.2026.1771624,https://www.webofscience.com/wos/woscc/full-record/WOS:001718900000001,off-topic-false-hit,"Introduction Understanding maternal positioning and pelvic biomechanics is a core competency in midwifery education; however, conventional teaching methods provide limited opportunities to visualize internal anatomical changes during labor. The PROGRESSION project developed a virtual reality (VR)-enhanced educational program aimed at improving midwifery students' knowledge and supporting immersive learning on the relationship between maternal positioning and labor progression. This study explored the educational effect, usability, and learner experience associated with the PROGRESSION VR training.Methods A prospective, multicenter, pre-post intervention study was conducted between March and July 2025 across three midwifery education institutions in the Czech Republic, Germany, and Portugal. The intervention comprised a theoretical online module, a familiarization session, self-directed VR practice, and facilitated VR clinical scenarios. Knowledge of maternal positioning and pelvic biomechanics was assessed using a 10-item questionnaire administered before and immediately after the VR session. Usability was evaluated using the System Usability Scale (SUS) and the Virtual Reality System Usability Questionnaire (VRSUQ). Quantitative data were analyzed using nonparametric methods, and qualitative feedback was explored through thematic analysis.Results Fifty-seven students completed both knowledge assessments and usability surveys. Although overall knowledge scores improved after the intervention, the change was not statistically significant (Sign test, p = 0.46). Only the Czech cohort demonstrated a significant knowledge increase (p = 0.02). SUS (mean 68 +/- 13) and VRSUQ (mean 64 +/- 13) scores indicated generally above-average usability, with no significant differences across institutions. Students reported high engagement, enhanced understanding of maternal positioning, and strong perceived educational value. Qualitative analysis identified three themes: functionality, visual clarity and realism, and educational value.Discussion The PROGRESSION VR-enhanced training was well received and demonstrated high usability, offering an engaging and immersive learning experience that students perceived as educationally beneficial. Although knowledge gains were modest, the VR intervention was well accepted and perceived as a valuable complement to traditional instruction. The findings suggest that VR can enrich learning experiences, enhance students' confidence in maternal positioning, and support comprehension of complex internal processes. Further research should explore repeated VR exposure, longitudinal curriculum integration, and assessment methods capable of capturing spatial and conceptual learning outcomes.",wos,llm,0.990,unreviewed,
kept,Evaluating GPT as automated analyzer for detecting students' erroneous mental models in programming education,"Gallego-Duran, Francisco J.; Compan-Rosique, Patricia; Villagra-Arnedo, Carlos J.",2026,UNIVERSAL ACCESS IN THE INFORMATION SOCIETY,10.1007/s10209-026-01320-z,https://www.webofscience.com/wos/woscc/full-record/WOS:001712174900004,supports-claim,"PurposeThis study evaluates Large Language Models as automated analyzers for detecting students' erroneous mental models in programming education, addressing the scalability barrier of labor-intensive manual analysis. Building upon preliminary GPT-4 findings, this investigation extends to GPT-5, assessing generational improvements in reliability, error patterns, and computational feasibility.MethodsGPT-4 and GPT-5 analyzed 1,500 student responses to 24 C++ programming questions, yielding 5,300 binary judgments for 27 hypothesized mental models compared against expert faculty evaluations. Inter-rater agreement was quantified through percentage agreement and Cohen's Kappa, with confusion matrix analysis revealing systematic error patterns.ResultsGPT-5 achieved 82.7% raw agreement with faculty (vs. GPT-4's 66.9%) and Cohen's Kappa of \documentclass[12pt]{minimal} \usepackage{amsmath} \usepackage{wasysym} \usepackage{amsfonts} \usepackage{amssymb} \usepackage{amsbsy} \usepackage{mathrsfs} \usepackage{upgreek} \setlength{\oddsidemargin}{-69pt} \begin{document}$$\kappa $$\end{document} = 0.38 (vs. 0.18), though below the 0.60--0.80 inter-human threshold. Both models exhibited false positive bias, with GPT-5's reduced rate (11.6% vs. 23.1%) driving improvement. GPT-5 demonstrated 7.6-fold speed improvement and 34% cost reduction ($12.51 vs. $19.06).ConclusionCurrent LLMs achieve production-ready status within hybrid human-AI frameworks. GPT-5's fair-to-moderate reliability combined with cost-performance improvements ($50 per 100-student cohort) establishes feasibility at educational scales. However, reliability insufficient for autonomous deployment supports hybrid configurations wherein LLMs serve as first-pass analyzers subject to systematic faculty review.",wos,llm,0.970,unreviewed,
discarded,The delicate dance of debriefing: exploring how behavioural marker systems influence the socio-emotional dynamics of simulation practice,"Tallentire, Victoria Ruth; Mccolgan-Smith, Scott; Stewart, Fiona; Mcintyre, Seonaid; Smith, Samantha Eve",2026,ADVANCES IN SIMULATION,10.1186/s41077-026-00411-4,https://www.webofscience.com/wos/woscc/full-record/WOS:001711645900001,off-topic-false-hit,"Background Debriefing is central to simulation-based education and has been described as both a form of feedback and a broader relational process. While behavioural marker systems (BMS) to assess behavioural (non-technical) skills have been developed to enhance feedback transparency, little is known about how their use shapes the emotional and social dynamics of debriefing. Drawing on feedback literacy and educational alliance frameworks, this study explored how behavioural marker systems influence the emotional and social aspects of debriefing within healthcare simulation. Methods This constructivist study involved trainee pharmacists and facilitators participating in a national simulation program in Scotland. Participants used the Pharmacists' Behavioural Skills BMS, then reflected within online semi-structured interviews. Transcripts were analysed using template analysis. Initial coding was informed by feedback literacy and educational alliance frameworks and refined iteratively through team discussion. The metaphor of dance was used to capture nuance and provide relatable examples of the relational and affective dimensions of practice. Results Ten trainee pharmacists and six facilitators participated. Five interrelated themes were identified: emotional vulnerability (the first tentative steps); clarity of expectations (trusting the choreography); identity work (the dancer in the mirror); peer critique (dancing in sync); agency and ownership (leading the dance). The behavioural marker system supported learning by depersonalising critique, legitimising peer feedback and enhancing trust through transparency. It also affirmed professional identity and fostered learner agency by making feedback specific and actionable. However, risks were identified when the tool was applied inconsistently, perceived as inauthentic or used in ways that emphasised negative descriptors. Conclusions Within simulation, behavioural marker systems are not sterile scaffolds but dynamic social instruments that shape the relational and emotional conditions of debriefing. When applied sensitively, they can depersonalise feedback and strengthen the educational alliance, supporting learners to take ownership of their development. Used rigidly or inconsistently, they risk damaging trust and fragile professional identities. Facilitators should introduce such tools as developmental guides, explicitly aligning them to professional practice and balancing structure with responsiveness to learners' emotional and relational needs.",wos,llm,0.990,unreviewed,
discarded,Data structures and algorithms misconceptions in concept inventories: a systematic literature review,"Tilantera, Artturi; Korhonen, Ari",2026,COMPUTER SCIENCE EDUCATION,10.1080/08993408.2026.2633989,https://www.webofscience.com/wos/woscc/full-record/WOS:001708299600001,adjacent-subtopic,"Background and ContextData structures and algorithms (DSA) play a central role in programming. However, misconceptions related to DSA, i.e. students' mental models which differ from the expert thinking, have been studied to a moderate extent. Concept inventories (CI) are validated tests which measure students' knowledge utilizing misconceptions. CIs enable teachers to tailor their teaching methods and identify areas where students struggle.ObjectiveThis systematic literature review investigates what CIs exist on DSA topics and what misconceptions these CIs contain.MethodWe performed backward and forward snowballing to collect 52 papers discussing DSA & recursion CIs. The scope was finally reduced to nine reports which (i) describe DSA misconceptions and (ii) have conducted at least one pilot test in the CI development process. Misconceptions were extracted from these reports using their explicit definitions or by interpreting CI questions.FindingsWe identified seven DSA CIs in the final set of nine reports. We have extracted 92 misconceptions or students' difficulties from these reports and mapped them onto ACM/IEEE-CS/AAAI Computer Science Curricula 2023.ImplicationsOur catalog of 92 DSA misconceptions and difficulties helps instructors gain pedagogical content knowledge and improve learning materials. Future research should investigate misconceptions on DSA subtopics not covered here but present in the curricula recommendation. Reviews and CI development could be extended to the 22 reports of misconceptions finally excluded from this study.",wos,llm,0.800,unreviewed,
discarded,The T-Word Phenomenon: Analyzing Pre-Service Teachers' Technology Metaphors Through Feenberg's Critical Theory,"Mihci, Can",2025,SAGE OPEN,10.1177/21582440251381412,https://www.webofscience.com/wos/woscc/full-record/WOS:001687431100001,off-topic-false-hit,"This study investigates pre-service teachers' conceptual understanding of technology by employing Feenberg's Critical Theory of Technology as a theoretical framework. Since the 1960s, the field of educational technology has been troubled by widespread misconceptions of technology, leading to its reduction to mere tools and devices. This problem facilitated the commodification of education and evolved into what is referred to in this paper as the ""T-word phenomenon."" Using a systematic metaphor analysis methodology, responses from 706 pre-service teachers who completed the prompt ""Technology is like ____, because ____."" were examined. The analysis revealed eight distinct clusters of metaphorical conceptualizations, ranging from instrumentalist views of technology as neutral tools to deterministic perspectives on technology. Notably, participants displayed tendencies to anthropomorphize technology as an autonomous agent with its own development trajectory, or to reduce it to its most visible manifestations, such as information technology products and services. Cluster analysis demonstrated strong associations between positive sentiments and marketing jargon, as well as technological determinism and negative sentiments. The findings suggest that pre-service teachers often oscillate between Feenbergian instrumentalist and substantivist positions, frequently embodying problematic forms of technological determinism and reification that may hinder their ability to foster critical technological literacy among their students. These results carry significant implications for teacher education programs, highlighting the need for more robust approaches to developing technological literacy that go beyond mere technical competence to include a critical understanding of the societal implications of technologies.",wos,llm,0.990,unreviewed,
discarded,A Lightweight Android Malware Detection Framework Based on Markov Images and Knowledge Distillation,"Yao, Liangwei; Xin, Yang; Liu, Minghui; Zhang, Qian",2026,IEEE INTERNET OF THINGS JOURNAL,10.1109/JIOT.2025.3641836,https://www.webofscience.com/wos/woscc/full-record/WOS:001669243400021,off-topic-false-hit,"The Android system has been widely used in mobile devices and embedded terminals, significantly enhancing user interaction and service efficiency. However, its openness has also led to increasingly frequent and evolving malware attacks, seriously threatening system and data security. Existing detection methods generally suffer from problems such as large model size, high computational overhead, and high deployment costs, making it difficult to run efficiently on resource-constrained devices and have limited generalization ability for new or unknown malware. To this end, this article proposes a high-precision, low-overhead, lightweight Android malware detection framework. The framework first performs fine-grained static analysis on Android application package (APK) files, extracts Dalvik opcode sequences, and generates grayscale images based on Markov transition probabilities, thereby transforming program behavior patterns into learnable visual representations. Second, a lightweight adaptive channel attention (ACA) mechanism is designed and embedded into a lightweight CNN to enhance the model's perception of crucial feature channels. Finally, a knowledge distillation strategy is introduced to guide student model training using a high-performance teacher model, improving its generalization ability. Experiments are conducted on the publicly available datasets CICMalDroid2020, CICAndMal2017, and the newly constructed dataset. The results show that the proposed framework achieves accuracy of 98.50%, 98.63%, and 81.16%, respectively, while maintaining low computational overhead and small model size, significantly outperforming existing advanced methods. The framework achieves a good balance between detection accuracy, efficiency, and deployment feasibility, and has strong potential for widespread application on mobile and IoT devices.",wos,llm,0.990,unreviewed,
kept,Educational Materials to Train Teachers in ScratchJr: Rules of Program Behavior and Programming Patterns,J. Ángel Velázquez-Iturbide,2024,2024 International Symposium on Computers in Education (SIIE),10.1109/SIIE63180.2024.10604632,https://ieeexplore.ieee.org/document/10604632/,supports-claim,"The educational materials available to learn block-based programming usually promote a learning process which is more intuitive tan deep. In this paper, we present two educational materials designed to support deep learning of the ScratchJr programming language. On the one hand, we present the operational semantics of the language as rules of program behavior. On the other hand, we present a set of programming patterns to support coding characters' actions. Both materials were evaluated by pre-service teachers (novice learners of programming) and university teachers (who teach ScratchJr). Their assessments scored the materials very positively and allowed improving their written statements.",ieee,llm,0.880,unreviewed,
discarded,Understanding prospective learners' computer literacy using concept map: A case study,Reginamary Matthews; Hew Soon Hin; Koo Ah Choo,2010,2010 2nd International Congress on Engineering Education,10.1109/ICEED.2010.5940804,https://ieeexplore.ieee.org/document/5940804/,adjacent-subtopic,"In this study, concept map has been used as the evaluation tool to explore students' cognitive understanding in computer learning. Computer literacy regarded as important prior knowledge and skills novice programming students must acquire in order to learn to program. First semester foundation students take a 10-credit core IT module (IT and Design), to attain basic knowledge of how computer works, its uses, application and skills. The same group of students learns C programming in the final semester of the foundation year. The aim of this study is to investigate the level of computer literacy of prospective novice programming students and their perception of learning methods used in the lab. Fifty Engineering Foundation (80% male and 20% female) students involved in this study. Overall, 84% of the students have more than 5 years experience in using computer. About 74% of the students have learned to use computer at home. The learning methods used in the lab were rated as acceptable. Students' concept maps showed that their level of computer literacy as adequate. The outcome of this study resulted in focusing on cognitive tools to support learning in the lab.",ieee,llm,0.950,unreviewed,
kept,A comparison of the comprehension of object-oriented and procedural programs by novice programmers,Susan Wiedenbeck; Vennila Ramalingam; Suseela Sarasamma; Cynthia L. Corritore,1999,Interacting with Computers,10.1016/S0953-5438(98)00029-0,https://ieeexplore.ieee.org/document/8160317/,adjacent-subtopic,"This paper reports on two experiments comparing mental representations and program comprehension by novices in the object-oriented and procedural styles. The subjects were novice programmers enrolled in a second course in programming which taught either the object-oriented or the procedural paradigm. The first experiment compared the mental representations and comprehension of short programs written in the procedural and object-oriented styles. The second experiment extended the study to a larger program incorporating more advanced language features. For the short programs there was no significant difference between the two groups with respect to the total number of questions answered correctly, but the object-oriented subjects were superior to the procedural subjects at answering questions about program function. This suggests that function information was more readily available in their mental representations of the programs and supports an argument that the object-oriented notation highlights function at the level of the individual class. For the long program a corresponding effect was not found. The comprehension of procedural subjects was superior to object-oriented subjects on all types of question. The difficulties experienced by the object-oriented subjects in answering questions in a larger program suggest that they faced problems in marshaling information and drawing inferences from it. We suggest that this result may be related to a longer learning curve for novices of the object-oriented style, as well as to features of the OO style and the particular OO language notation.",ieee,llm,0.730,unreviewed,
kept,Prototype of Visual Programming Environment for C Language Novice Programmer,Kousuke Abe; Yuki Fukawa; Tetsuo Tanaka,2019,2019 8th International Congress on Advanced Applied Informatics (IIAI-AAI),10.1109/IIAI-AAI.2019.00037,https://ieeexplore.ieee.org/document/8992705/,supports-claim,"For the education of beginning programmers, visual programming that develops programs by combining blocks has attracted significant attention. An environment for generating code in a conventional programming language is also provided. However, existing environments are not fully visualized. In this investigation, we prototyped a development environment for the C language in which users can intuitively understand the concept of variable declarations and include statements, and an execution environment that visualizes the state of evaluation of expressions and changes in the values of variables before and after the execution of the statement. It also has step-forward and step-backward functions. This programming environment is a web application developed with JavaScript. For step-by-step evaluation of an expression, it converts the expression internally to reverse Polish notation and visualizes the change in the terms in the expression. To implement the step-backward function, it has a history-of-execution context. We determined experimentally that students who are not proficient in C can program more accurately and quickly in this environment than with text-based coding.",ieee,llm,0.910,unreviewed,
discarded,Visual Programming Environment for Learning Functional Programming Using Unit Test,Kouki Asakawa; Takafumi Tanaka,2022,2022 12th International Congress on Advanced Applied Informatics (IIAI-AAI),10.1109/IIAIAAI55812.2022.00051,https://ieeexplore.ieee.org/document/9894614/,adjacent-subtopic,"Functional programming languages are becoming more popular and learning them is becoming increasingly important. However, learning programming languages is a hard task for novice learners because they need to study syntax of the languages and implementation of algorithms using the language simultaneously. Visual programming environments are used to reduce burden of learning syntax of programming languages. On the other hand, unit testing is used to ensure that programs accurately meet requirements. Therefore, we propose a visual programming environment for novice learners that supports Haskell based visual programming and unit testing. It will reduce the learners’ burden for remembering syntax and help them to understand how to check their programs work as they intended or not. This paper reports a development of the system.",ieee,llm,0.860,unreviewed,
