status,title,authors,year,venue,doi,url,tags,abstract,provider,decision_source,llm_confidence,llm_review_outcome,llm_change_direction
discarded,"The Global Landscape of Research on AI Literacy: A Bibliometric Analysis of Trends, Collaborations, and Emerging Themes","Kumar, Jeya Amantha",2025,"2025 IEEE FRONTIERS IN EDUCATION CONFERENCE, FIE",10.1109/FIE63693.2025.11328420,https://www.webofscience.com/wos/woscc/full-record/WOS:001792342800287,off-topic-false-hit,"This full research study paper presents a bibliometric analysis of 902 peer-reviewed publications on Artificial Intelligence Literacy (AIL) indexed in Scopus from 2021 to early 2025, mapping key trends, gaps, and future directions. The findings indicate a sharp rise in publications from 2023 onward aligns with the widespread adoption of generative AI tools in education. Furthermore, the analysis revealed that social sciences, computer science, and engineering fields dominate the publication landscape, with the majority of research being published in educational technology journals. The United States, Hong Kong, and China emerged as major contributors, though global collaboration remains uneven, particularly in Europe, Africa, and Southeast Asia. Next, author keyword co- occurrence revealed eight thematic clusters linking AIL to ethics, education levels (K-12 and higher education), GenAI, digital literacies, and instructional design, while identifying underexplored areas such as early AI exposure and informal learning. Additionally, the text-based co-occurrence analysis of titles and abstracts further revealed four major themes: classroom AI integration, behavioral measurement, ethical considerations, and GenAI. However, despite rapid growth, gaps persist in methodological diversity, interdisciplinary participation (particularly in STEM and biomedical domains), and representation of marginalized communities. Hence, recommendations and implications are discussed to address these gaps and guide ongoing AIL research.",wos,llm,0.990,unreviewed,
discarded,From Analog Records to Computational Research Data: Building the AI-Ready Lab Notebook,"Pepper, Joel; Siapano, Zach; Furst, Jacob; Uribe-Romo, Fernando; Breen, David; Greenberg, Jane",2025,"2025 IEEE INTERNATIONAL CONFERENCE ON BIG DATA, BIGDATA",10.1109/BIGDATA66926.2025.11401845,https://www.webofscience.com/wos/woscc/full-record/WOS:001793516600204,off-topic-false-hit,"Scientific laboratory notebooks, particularly those in analog, handwritten form, represent a significant yet underutilized data source for computational studies. This paper reports on our research to further develop a pipeline for transforming analog lab notebooks to AI-Ready digital archives. The research is conducted within the framework for Computational Archival Science (CAS), extending CAS principles, drawing from archival practice and computational thinking. We provide background context on laboratory notebook history and current day use, explore CAS as a framework for study, followed by our research goals and methods. Automated extraction results for table records found in the notebooks have an error rate under 5% on a per cell basis. The framework, methods, and our findings seek to advance pipelines for making analog records, both historical and current, accessible and curated for computational research. The findings presented underscore both the accelerating pace of extraction technologies and the importance of more structured, consistent analog documentation practices to support computational transformation and AI-readiness. The conclusion summarizes results and identifies next steps.",wos,llm,0.990,unreviewed,
discarded,Developing K-12 AI Literacy in Different Countries: Approaches and Challenges,"Grover, Shuchi; Ravindran, Balaraman; Kong, Siu-Cheung; Rodrigo, Maria M. T.; Wong, Lung-Hsiang; Naowaprateep, Weena",2025,"33RD INTERNATIONAL CONFERENCE ON COMPUTERS IN EDUCATION CONFERENCE PROCEEDINGS, ICCE 2025, VOL I",,https://www.webofscience.com/wos/woscc/full-record/WOS:001815114100111,adjacent-subtopic,"As artificial intelligence (AI) becomes increasingly pervasive across sectors, AI literacy has emerged as foundational for K-12 learners worldwide. How are education systems around the world addressing this challenge? This panel brings together representatives from India, Philippines, Singapore, Thailand, and the US to examine their strategies for advancing AI literacy through curriculum design, pedagogical innovation, professional development, and policy frameworks. The panelists will discuss their national approaches against the backdrop of initiatives such as India's AI Samarth program reaching over five million participants, Hong Kong's integration of AI modules into computational thinking curricula, Singapore's coordinated AI for Everyone strategy, Thailand's national AI curriculum development, Philippines' pilot efforts with the Education Center for AI Research (E-CAIR), and the US's 2025 executive order establishing AI education as a federal priority. Despite varied implementation pathways, shared challenges persist: preparing learners equitably, defining learning goals and developmentally appropriate AI concepts, addressing teacher readiness, aligning curricula with evolving frameworks, and ensuring that ethical dimensions receive adequate attention alongside technical competencies. Panelists will explore design principles, opportunities, and challenges in building inclusive, human-centered AI literacy that prepares students to thrive in an algorithmically mediated world.",wos,llm,0.950,unreviewed,
discarded,Culturally Relevant Pedagogy in STEM Education: Insights from a Bibliometric Mapping Study,"Espino, Camille L.",2026,INTERNATIONAL JOURNAL OF EDUCATION IN MATHEMATICS SCIENCE AND TECHNOLOGY,10.46328/ijemst.5908,https://www.webofscience.com/wos/woscc/full-record/WOS:001850932000012,off-topic-false-hit,"The study's purpose is to uncover key themes, research gaps, and future directions of the development and application of Culturally Relevant Pedagogy (CRP) in STEM education. The study utilized a bibliometric mapping approach, where 784 journal articles from Dimensions database were analyzed through citation analysis, bibliographic coupling, and co-word analysis to identify research trends and conceptual structures. Findings revealed four major research clusters and three thematic trends, emphasizing CRP's role in promoting equity, identity, and inclusive participation in STEM. However, challenges persist in implementation, institutional support, and global representation. Being the first comprehensive bibliometric study on CRP in STEM education, this study offers a structured overview of the field's evolution. The study provides actionable insights for educators, researchers, and policymakers to advance inclusive and culturally responsive STEM education.",wos,llm,0.990,unreviewed,
discarded,"Balancing Wellbeing, Equity and Workforce preparation through 'Art with Shapes'","Manogaran, Elavarasi",2025,"33RD INTERNATIONAL CONFERENCE ON COMPUTERS IN EDUCATION CONFERENCE PROCEEDINGS, ICCE 2025, VOL II",,https://www.webofscience.com/wos/woscc/full-record/WOS:001815994100059,adjacent-subtopic,"This paper presents Art with Shapes, a cross-disciplinary middle school lesson integrating mathematics, art, and computational thinking (CT) in Indian public schools. Grounded in India's National Education Policy (NEP 2020) and aligned with the OECD Learning Compass and UNESCO's Happy Schools, the lesson exemplifies effective ICT education goals and the challenges of translating them into sustainable classroom practice. Blending geometry, art, and coding, Art with Shapes offers culturally responsive learning and serves as a touchstone to illustrate the practical interplay between the educational aims of wellbeing, equity and workforce preparation. Narrative, process-focused and choice-based tasks foster equity, address the digital divide, and promote wellbeing through personal creative expression, while developing computational thinking skills for workforce readiness. The paper analyzes the lesson, identifies tensions between curriculum goals and classroom realities, and calls for teacher participation in learning design, targeted professional development, and policyaligned strategies to advance equitable and sustainable computational thinking education. Art with Shapes is now embedded in Telangana's SCERT Digital Literacy curriculum and 8,783 teachers were trained via state-level workshops. Through Codemitra app, 4,000+ students across 30+ states participated, with over 70% of learners in Maharashtra, Chhattisgarh, and Jammu & Kashmir completing more than half the activities, demonstrating widespread reach and sustained engagement.",wos,llm,0.860,unreviewed,
kept,Validating a Computational Thinking Assessment in Malaysia: Evidence of Concurrent Validity from a Multiple-Choice Instrument,"Hamed, Ahmad Sarji Abdul; Wong, Su Luan; Rani, Mohd Zariat Abdul; Khambari, Mas Nida Md; Abd Rahim, Nur Aira; Moses, Priscilla; Zin, Nur Izzati Mat",2025,"33RD INTERNATIONAL CONFERENCE ON COMPUTERS IN EDUCATION CONFERENCE PROCEEDINGS, ICCE 2025, VOL II",,https://www.webofscience.com/wos/woscc/full-record/WOS:001815994100002,CT-facets-concepts-vs-practices; qualifies-claim,"This study investigates the concurrent validity of a newly developed multiple-choice computational thinking (CT) instrument tailored to the Malaysian educational framework, which uniquely incorporates evaluation as a sixth component alongside decomposition, abstraction, pattern recognition, algorithmic thinking, and logical reasoning. Administered to 52 undergraduates together with the established Computational Thinking Questionnaire (CTq), the instrument showed a strong positive correlation with the CTq (r =.741, p <.001), providing robust evidence of validity. Beyond statistical alignment, the instrument reflects Malaysia's exam-oriented and collectivist educational culture by embedding locally meaningful scenarios within a familiar multiple-choice format, thereby ensuring both cultural relevance and policy alignment. Its potential applications include diagnosing student proficiency, informing curriculum integration, and guiding national education reforms, making it a valuable tool for teachers, curriculum developers, and policymakers. While the findings high-light the instrument's promise, the modest sample size limits generalizability, warranting replication with larger and more diverse groups. Overall, this research advances the global discourse on CT assessment by demonstrating how culturally responsive, curriculum-aligned instruments can bridge international frameworks with local educational realities in Southeast Asia.",wos,llm,0.970,unreviewed,
discarded,Designing Cognitive Mini-Games for Computational Thinking and Executive Functions (Work in Progress),"Paludo, Giulia",2026,"EXTENDED ABSTRACTS OF THE 2026 CHI CONFERENCE ON HUMAN FACTORS IN COMPUTING SYSTEMS, CHI 2026",10.1145/3772363.3799090,https://www.webofscience.com/wos/woscc/full-record/WOS:001810920200271,adjacent-subtopic,"Computational Thinking (CT) has been defined as one of the key competences for successfully navigating the 21st century, as it holds strong potential as a transversal skill and offers promising benefits for the development of key cognitive abilities. Despite these advantages, the integration of CT into current curricula remains fragmented, lacking a holistic approach that combines both the technical and cognitive dimensions of CT. Existing tools tend to focus on the technical aspects, using plugged and unplugged activities to address specific CT components or content (e.g., functions or algorithms), while often neglecting the underlying cognitive mechanisms, such as executive functions (EFs). To address this gap, we have been working on the ATHEnA project, which stands for Algorithmic Thinking, cognitive Enhancement and Active learning, a game-based experience that integrates CT concepts with EF training. The project consists of a set of minigames embedded within a narrative framework, designed to support children aged 6-12 in developing both the concepts and processes underlying CT, while simultaneously enhancing their EFs. In this work-in-progress, these objectives are achieved through participatory design (with students, teachers and experts) of the game mechanics and narratives, which are grounded in validated literature on gamified cognitive training and evidence-based approaches to CT education.",wos,llm,0.940,unreviewed,
discarded,Multidimensional Influences on College Students' Computational Thinking: An Empirical Study in Visual Programming Environments,"Cui, Xiangping; Du, Chen; Gao, Ying; Cheng, Yajuan; Fan, Shujia; Shen, Jun",2026,IEEE TRANSACTIONS ON LEARNING TECHNOLOGIES,10.1109/TLT.2026.3716861,https://www.webofscience.com/wos/woscc/full-record/WOS:001847983600004,adjacent-subtopic,"The cultivation of computational thinking (CT) among college students represents a critical imperative for both individual advancement and societal development in the digital age. Although existing research has established the positive impact of visual programming on CT development, a comprehensive examination of the factors influencing CT within visual programming environments remains insufficient. To address this research gap, this study integrates the achievement goal theory and triadic reciprocal determinism to develop a novel theoretical framework. Through rigorous pilot expert consultation processes, eight key factors affecting students' CT were identified: programming literacy, self-efficacy, learning engagement, academic self-regulation, learning support, teaching strategies, course quality, and visual programming presentation. Based on these factors, we constructed and empirically validated a hypothesized model of CT development in visual programming environments. Using pragmatic survey data from college students and structural equation modeling techniques, we tested our hypotheses and validated the proposed model. The findings reveal that learning support significantly enhances self-efficacy; teaching strategies, course quality, and visual programming presentation substantially promote learning engagement and academic self-regulation; and seven of the eight factors (excluding programming literacy) exert significant positive influences on CT development. Based on these findings, we propose three practical recommendations: cultivating student interest as a primary driver of CT development, promoting continuous professional development among instructors, and integrating AI-enhanced approaches into curriculum design. This study advances our comprehensive understanding of how visual programming environments facilitate CT development and provides actionable insights for educational practice in higher education contexts.",wos,llm,0.760,unreviewed,
discarded,Extended Reality Thinking: Why Interacting in XR Environments Calls for New Cognitive Skills,"Vatavu, Radu-Daniel",2026,"EXTENDED ABSTRACTS OF THE 2026 CHI CONFERENCE ON HUMAN FACTORS IN COMPUTING SYSTEMS, CHI 2026",10.1145/3772363.3798484,https://www.webofscience.com/wos/woscc/full-record/WOS:001792737300259,off-topic-false-hit,"We introduce extended reality thinking as a complement to critical and computational thinking to address the distinctive context in which users reason about perception, action, and presence in XR worlds. Specifically, we identify a triad of worlds, objects within worlds, and transitions across worlds as core dimensions along which an extended reality thinker evaluates their experiential and perceptual state. We illustrate the relevance of extended reality thinking through two examples drawn from prior studies that examined perceptual and attentional differences when interacting with physical vs. virtual displays. By further operationalizing extended reality thinking within XR interaction design, the scientific community can more effectively ground technological advances in an understanding of the cognitive skills users must apply when engaging in hybrid physical-virtual environments.",wos,llm,0.980,unreviewed,
discarded,"They Think AI Can Do More Than It Actually Can: Practices, Challenges, & Opportunities of AI-Supported Reporting In Local Journalism","Cifliku, Besjon; Heuer, Hendrik",2026,"PROCEEDINGS OF THE 2026 CHI CONFERENCE ON HUMAN FACTORS IN COMPUTING SYSTEMS, CHI 2026",10.1145/3772318.3791130,https://www.webofscience.com/wos/woscc/full-record/WOS:001795706500419,off-topic-false-hit,"Declining newspaper revenues prompt local newsrooms to adopt automation to maintain efficiency and keep the community informed. However, current research provides a limited understanding of how local journalists work with digital data and which newsroom processes would benefit most from AI-supported (data) reporting. To bridge this gap, we conducted 21 semi-structured interviews with local journalists in Germany. Our study investigates how local journalists use data and AI (RQ1); the challenges they encounter when interacting with data and AI (RQ2); and the self-perceived opportunities of AI-supported reporting systems through the lens of discursive design (RQ3). Our findings reveal that local journalists do not fully leverage AI's potential to support data-related work. Despite local journalists' limited awareness of AI's capabilities, they are willing to use it to process data and discover stories. Finally, we provide recommendations for improving AI-supported reporting in the context of local news, grounded in the journalists' socio-technical perspective and their imagined AI future capabilities.",wos,llm,0.990,unreviewed,
discarded,Integrating agent-based modeling and flipped instruction to enhance climate-physics learning: a Bloom's revised taxonomy analysis in Brazilian high schools,"do Nascimento, Denise Andrade; Alves, Maria Helena Cantuario; Zazeri, Gabriel; Monteiro, Fabio Ferreira",2026,FRONTIERS IN EDUCATION,10.3389/feduc.2026.1869092,https://www.webofscience.com/wos/woscc/full-record/WOS:001840452200001,off-topic-false-hit,"Understanding climate-related physical phenomena in secondary education requires instructional designs that integrate thermodynamics, systems thinking and higher-order cognitive processes. To address persistent gaps in climate literacy and the limitations of transmissive physics instruction, this study examines how a nine-session sequence combining flipped classroom methods with agent-based simulations in NetLogo supports student learning across Bloom's Revised Taxonomy (BRT) in a Brazilian public high school.Thirty-four third-year students engaged with computational models of gas behavior, energy transfer and climate dynamics, followed by assessments aligned with six cognitive levels. Quantitative analyses showed high sufficiency at foundational levels: 97% (Remember), 94% (Understand) and 91% (Apply), with strong performance at Analyze (85%). Substantial declines occurred at Evaluate (64%) and Create (16%), and Wilson confidence intervals indicated high reliability for lower-order tasks but greater variability at advanced levels. Qualitative observations revealed active parameter exploration, emerging graph literacy and evidence-based reasoning, alongside persistent misconceptions (e.g., heat vs. temperature) and difficulty initiating open-ended design tasks.These results suggest that integrating agent-based modeling with flipped instruction can strengthen conceptual understanding, graph interpretation and analytical reasoning in physics-climate contexts. However, proficiency in evaluation and creation requires extended scaffolding, explicit support for comparative reasoning and iterative opportunities for design-based inquiry. The study contributes to STEM education by offering a replicable instructional sequence that bridges computational thinking, complex-systems modeling and climate-relevant physics, with implications for curriculum design, teacher preparation and climate education policy.",wos,llm,0.970,unreviewed,
