status,title,authors,year,venue,doi,url,tags,abstract,provider,decision_source,llm_confidence,llm_review_outcome,llm_change_direction
discarded,"The Impact of Gender, Academic Performance, and Programming Ability on Computational Thinking: Epistemic Network Analysis Based on Programming Tests","Ning, Yimin; Jin, Zhijie; Wu, Hongde",2026,JOURNAL OF COMPUTER ASSISTED LEARNING,10.1002/jcal.70228,https://www.webofscience.com/wos/woscc/full-record/WOS:001723370900025,adjacent-subtopic,"Background Previous Epistemic Network Analysis (ENA) studies examined CT under various instructional strategies, performance levels and scaffolding. However, limited work addresses how gender, academic performance and programming ability shape CT. Objectives This study aims to investigate how gender, academic performance and programming ability influence students' computational thinking using ENA. Methods This study employed retrospective think-aloud protocols to capture students' CT (N = 486), encoded them into quantitative data, and applied ENA for analysis. Results and Conclusions Whether the differences lie in gender, academic performance, or programming ability, disparities in CT network structures were consistently reflected in the connection strength of the 'concepts-practices-perspectives' triad and in the fluency of transfer, explanation, and reflection processes. The findings revealed that male and female students' epistemic networks were complementary, characterised respectively by interactive-constructive and self-constructive orientations. For academic performance and programming ability, high-level groups exhibited more complex, richly connected, and well-balanced networks. These results highlight the need for differentiated instruction tailored to distinct groups, encouraging heterogeneous pairing to foster the complementarity of group advantages. This study contributes to the ongoing discussion of CT and provides actionable insights for the design of personalised CT instruction.",wos,llm,0.900,unreviewed,
discarded,How Students Integrate Mathematical Problem Solving and Computational Thinking: A Case Study of Two Grade 8 Students' Described Strategies,"Refvik, Kim Andre Stavenaes",2026,COMPUTERS IN THE SCHOOLS,10.1080/07380569.2026.2631611,https://www.webofscience.com/wos/woscc/full-record/WOS:001705316000001,adjacent-subtopic,"This study examines how two Norwegian grade 8 students described their use of mathematical problem-solving heuristics and computational thinking (CT) concepts, CT practices, and CT perspectives when engaging with interdisciplinary problem-solving tasks. Under the qualitative case study design, data were collected through semi-structured recall interviews conducted after the students had completed two PISA problem-solving tasks. The analysis focused on the two students' problem-solving strategies, applying frameworks from mathematical problem solving and CT alongside horizontal and vertical transfer of knowledge. The findings show that both students activated relevant knowledge from mathematics and CT but differed markedly in how they coordinated, monitored, and adapted these strategies. One student demonstrated flexible integration and evidence of vertical transfer, while the other applied CT concepts procedurally, resulting primarily in horizontal transfer. These contrasting patterns highlight how strategic control shapes interdisciplinary problem solving and underscore that productive integration requires opportunities for students to evaluate representations, justify their strategic choices, and adapt their reasoning across contexts. The study concludes that educators can support vertical transfer by designing tasks and scaffolds that make structural relationships explicit, prompt students to monitor and revise strategies, and help them link CT practices with underlying mathematical concepts.",wos,llm,0.880,unreviewed,
discarded,Unpacking the Effects of GenAI on Cultivating Students' Computational Thinking: A Meta-Analysis,"Xu, Jie; Chen, Zexi; Chen, Mengyao; Li, Yan; Xu, Xianlong",2026,JOURNAL OF EDUCATIONAL COMPUTING RESEARCH,10.1177/07356331261419586,https://www.webofscience.com/wos/woscc/full-record/WOS:001669640000001,adjacent-subtopic,"Computational thinking (CT) is crucial for enhancing students' complex problem-solving abilities in the intelligent era. The emergence of generative artificial intelligence (GenAI) is profoundly transforming the global educational landscape and demonstrating significant potential for promoting personalized learning. However, the literature offers varied results on the effectiveness of using GenAI to cultivate students' CT. This study comprehensively investigated the effects of GenAI on students' CT and the role of moderating factors, integrating 45 effect sizes from 25 empirical studies published between 2022 and 2025. A theoretical framework of factors influencing students' CT was proposed based on activity theory, and the moderating factors included educational level, region, intervention duration, teaching mode, interaction mode, role setting, and feedback type. The results indicated that GenAI had a significant overall positive effect on students' CT development. Specifically, the largest effect size was computational practice, followed by computational concept and computational perspective. Furthermore, the analysis revealed that region, teaching mode, and interaction mode had significant moderating effects. Based on these results, this study offers targeted implications across the dimensions of theoretical foundation, educational practice, and technological development, providing empirical evidence for implementing GenAI teaching and developing GenAI tools to cultivate students' CT.",wos,llm,0.900,unreviewed,
discarded,Development of a Quantum Literacy Test for K-12 Students: An Extension of the Computational Thinking Framework,"Yusuf, Abdullahi; Roman-Gonzalez, Marcos; Atan, Noor Azean; Behera, Santosh Kumar; Noor, Norah Md",2025,EDUCATION SCIENCES,10.3390/educsci16010031,https://www.webofscience.com/wos/woscc/full-record/WOS:001670273000001,adjacent-subtopic,"As quantum technologies advance, there is growing international interest in integrating quantum concepts into secondary education. However, most K-12 quantum education studies rely on self-reported data or informal assessments lacking documented validity. This study aimed to address this gap by developing and validating the Quantum Literacy Test (QLt), a standardized instrument designed to objectively assess upper-secondary students' understanding of foundational quantum concepts, practices, and perspectives. Grounded in the computational thinking (CT) framework, the QLt was piloted with 819 senior secondary school students in Nigeria and underwent a multi-phase validation process, including expert review, factor analysis, item-response modeling, differential item functioning analysis, and concurrent validity. The QLt demonstrated high internal consistency (alpha = 0.87) and structural validity. Strong concurrent validity was observed with the Computational Thinking Test (r = 0.65), and moderate validity was observed with a Spatial Ability Test (r = 0.32). However, machine learning models explained less than 40% of QLt score variance, suggesting the domain-specific nature of quantum literacy. We recommend future research to expand the QLt across diverse cultural contexts and to increase item coverage of quantum practices and perspectives. The QLt offers a valuable tool for evaluating curriculum effectiveness and monitoring equity in quantum education, thereby contributing to a more inclusive quantum-ready workforce.",wos,llm,0.840,unreviewed,
discarded,"Implementation of Computer Science Unplugged in Schools: A Narrative Review of Outcomes, Motivations, and Pedagogical Perspectives","Dolenc, Kosta; Boh, Anze",2025,APPLIED SCIENCES-BASEL,10.3390/app16010380,https://www.webofscience.com/wos/woscc/full-record/WOS:001657228200001,adjacent-subtopic,"This review examines the implementation of computer science (CS) unplugged activities in K-12 education, focusing on their impact on educational outcomes, student motivation, and teacher perceptions. A total of 32 relevant studies published between 2009 and 2025 were analysed, including journal articles, conference reports, and book chapters. The findings suggest that CS unplugged generally improves computational thinking (CT) skills, particularly among younger learners and those who have not yet experienced programming concepts. Students often report greater engagement and less anxiety about coding, while teachers appreciate the cost-effective and flexible nature of unplugged lessons. However, inconsistencies are evident in the long-term retention of concepts and the degree of transfer to more advanced or ""plug-in"" programming tasks. The effective integration of CS unplugged activities often depends on sound teacher training and alignment with broader curriculum objectives. These findings highlight the potential of CS unplugged to improve early computer education, but also highlight the need for longitudinal studies, standardised assessments and systematic transitions from unplugged to digital practice. Given the substantial heterogeneity of study designs and outcomes-and, critically, the inconsistent operationalisation of CT alongside non-standardised testing metrics across studies-we did not aggregate effect sizes; consequently, a formal meta-analysis was not methodologically feasible.",wos,llm,0.880,unreviewed,
discarded,A Meta-Analysis Examining the Effects of STEM plus CT Interventions on Students' Computational Thinking in K-12 Education,"Cheng, Li; Wang, Xiaoman; Ritzhaupt, Albert D.",2026,JOURNAL OF SCIENCE EDUCATION AND TECHNOLOGY,10.1007/s10956-025-10272-7,https://www.webofscience.com/wos/woscc/full-record/WOS:001656597800001,adjacent-subtopic,"Integrating computational thinking (CT) into STEM education provides meaningful learning contexts and promotes accessibility for students to develop CT skills. While various studies investigated the effects of this intervention, there is a lack of synthetic studies to examine the overall effect. This meta-analysis aims to examine the overall effect of STEM + CT interventions on students' CT in K-12 education with existing qualified studies. Through systematic literature search, filtering, and coding procedures, 18 publications with 22 studies that met inclusion criteria were identified from a wide range of academic databases. As there were few experimental studies, this meta-analysis focused on studies that used one-group pretest-posttest designs. Subgroup analyses were conducted with moderating variables such as grade levels, STEM disciplines, alignment with content standards (e.g., CSTA/NGSS), duration, the use of computer programming or non-programming activities, CT dimensions (concepts, practices, perspectives), and plugged intervention types (e.g., simulation-based model building, block-based programming, text-based programming, maker activities). Using a random-effects model, we found an overall medium-to-large effect (g = 0.707 [95% CI of 0.556-0.859]; p < .001) of STEM + CT interventions on CT outcomes. Most studies focused on middle school students, particularly in general science, and no qualified studies examined CT perspectives. Few interventions were explicitly aligned with computer science standards. Programming-based activities had a significantly larger effect on CT outcomes than non-programming activities. Most studies used the combination of simulation-based model building and block-based programming, which had a medium-to-large effect. This meta-analysis suggests integrating CT into STEM education holds promise for improving CT outcomes. Implications for research and practice are provided.",wos,llm,0.890,unreviewed,
discarded,Computational Play in Early Childhood: Integrating Analog and Digital Tools to Support Mathematical Learning and Computational Thinking,"Brooks, Eva; Kaup, Camilla Finsterbach; Dau, Susanne; Edstrand, Emma; Granone, Francesca; Reikeras, Elin Kirsti Lie",2025,EDUCATION SCIENCES,10.3390/educsci15121601,https://www.webofscience.com/wos/woscc/full-record/WOS:001646380200001,adjacent-subtopic,"Although play naturally embeds computational thinking (CT) and mathematical learning in early childhood education, designing developmentally appropriate learning activities that purposefully nurture and extend these competencies remains a challenge. This study investigates how young children engage with foundational mathematical and computational concepts through analog (DUPLO (R)) and digital (Blue-Bot) tools in a play-responsive early childhood education workshop setting. The study adopts a qualitative workshop format aimed at promoting playful exploration and active experimentation, involving eleven 4-5-year-old children and their two teachers. Based on a sociocultural perspective, the findings highlight that mathematics is a human activity embedded in everyday playful practices. In particular, unplugged analog activities, embedded within an open-ended narrative framework, guided and structured the process. Based on these findings, we suggest ""computational play"" as a framework for developmentally appropriate integration of computational thinking (CT) and mathematics. This framework offers implications for educators seeking to support early CT and mathematical learning in playful, exploratory early childhood education (ECE) environments.",wos,llm,0.860,unreviewed,
discarded,Programming metamorphosis: bridging language and science through robotics,"Turgut, Refika; Yesilyurt, Ezgi; Adibelli-Sahin, Elif; Kaya, Erdogan; Kara-Zorluoglu, Dilara; Deniz, Hasan",2025,SCIENCE ACTIVITIES-PROJECTS AND CURRICULUM IDEAS IN STEM CLASSROOMS,10.1080/00368121.2025.2602504,https://www.webofscience.com/wos/woscc/full-record/WOS:001645833000001,adjacent-subtopic,"Computer science (CS) is becoming an essential part of elementary education. Despite recent initiatives that have expanded CS access, emergent multilingual learners (EMLs), students who speak languages other than English at home, continue to experience limited opportunities due to deficit-based perspectives and inadequate instructional support that overlook their linguistic and cultural strengths. This article presents a butterfly life cycle lesson that addresses these challenges by creating meaningful learning opportunities in both science and CS. The integrated lesson combines hands-on unplugged and robotics-based coding activities while intentionally integrating translanguaging practices and multimodal scaffolds throughout instruction. Grounded in the 5E Learning Cycle and supported by the PRIMM and TIPP & SEE instructional frameworks, the lesson helps all students, and especially EMLs, develop understanding of CS concepts such as sequencing, debugging, and algorithms while building computational thinking skills and academic language in both science and CS. This integrated lesson demonstrates how elementary teachers can create linguistically inclusive learning environments that position students' multilingual resources as assets for CS learning.",wos,llm,0.870,unreviewed,
discarded,Gender Disparity in Computational Thinking Pedagogy and Assessment: A Three-Level Meta-Analysis,"Liu, Suya; Dai, Yun; Ng, Oi Lam; Cai, Zhihui",2025,EDUCATIONAL PSYCHOLOGY REVIEW,10.1007/s10648-025-10095-3,https://www.webofscience.com/wos/woscc/full-record/WOS:001629556100001,adjacent-subtopic,"Gender disparity is a well-recognized issue in computational thinking (CT) education, yet few meta-analyses have examined how specific pedagogical and assessment contexts influence this gap. This study addresses that limitation by synthesizing 53 empirical studies, comprising 100 effect sizes and 15,454 participants, to explore the extent and moderators of gender differences in CT education. The analysis reveals an overall effect size of g = 0.106 (95% CI [0.024, 0.188], p < 0.05), indicating a very small but statistically significant gender disparity favoring males. Among the three groups of moderators examined, neither general study characteristics (publication type, geographical region, and educational level) nor CT assessment contexts (instrument and measured learning outcome) significantly influenced effect sizes. However, pedagogical strategies moderated gender disparities: mixed and plugged approaches, which integrate technologies, were associated with larger gaps favoring boys, while unplugged approaches tended to reduce or even reverse the disparity, benefiting girls in some cases. In terms of assessment, gender disparities were nonsignificant for CT concepts, but became significant when evaluating authentic practices (e.g., programming tasks) and identity-related perspectives (e.g., motivation, learning interest, and self-efficacy). The findings offer practical implications for advancing educational equity in CT education. Early interventions in K-12 settings, especially those targeting at CT practices and perspectives, are critical to prevent disparities from becoming entrenched. Unplugged activities can help build foundational understanding and confidence, especially for girls. Gradually introducing digital and AI tools within supportive environments, such as culturally relevant scenarios, may reduce technology-related anxiety and promote more inclusive learning experiences.",wos,llm,0.880,unreviewed,
discarded,Co-Design as an Innovative Professional Development Model: Equipping PK-8 Preservice Teachers to Learn and Teach Computational Thinking,"Moallem, M.; Vandiver, M. J.; Loksa, D. C.; Li, Q.; Harati, H.; Atas, M. Kara; Billman, R. H.; Christenson, L.",2026,TECHTRENDS,10.1007/s11528-025-01137-2,https://www.webofscience.com/wos/woscc/full-record/WOS:001608231200001,adjacent-subtopic,"The study reports the results of a cross-disciplinary collaborative team of teacher education, computer science, mathematics, and learning design faculties co-creating a user-centered, self-directed, self-paced, flexible learning environment as an alternative credentialing pathway to preparing PK-8 preservice teachers (PSTs) to teach computational thinking (CT). The co-design model offered an innovative, authentic professional development environment for the teacher education faculty to collaborate with cross-disciplinary team members as designers and developers of the CT self-directed learning materials. The iterative analysis, design, development, and evaluation process allowed faculty to expand their knowledge of CT concepts while exploring and integrating them into their methods courses. The teamwork and multiple perspectives also contributed to creating quality learning materials. The product's small group and field test results provided evidence of the successful implementation, usability, and impact on PSTs' knowledge, confidence, problem-solving, and critical thinking. The study's implications for practice, challenges, and limitations are discussed.",wos,llm,0.870,unreviewed,
discarded,"Scaffolding third graders' computational thinking in an artificial intelligence course: Concepts, practice, and perspectives","Lin, Yuru; Yang, Yuqin; Zhang, Yi",2025,EDUCATIONAL TECHNOLOGY & SOCIETY,10.30191/ETS.202510_28(4).SP09,https://www.webofscience.com/wos/woscc/full-record/WOS:001591063300020,adjacent-subtopic,"Scaffolding type and timing are key factors in designing strategies to develop students' computational thinking (CT). Although these factors have been studied separately, their combined effects remain underexplored. To address this gap, a 2x2 factorial experiment was conducted in this study to examine the effect of scaffolding type (conceptual versus problem-solving) and timing (immediate versus delayed) on CT concepts, practices, and perspectives. A total of 136 third graders from four classes were assigned to four experimental conditions: delayed conceptual scaffolding, immediate conceptual scaffolding, immediate problem-solving scaffolding, and delayed problem-solving scaffolding. The study was conducted over 6 weeks using the machine learning unit of an artificial intelligence (AI) course. The results, as measured by knowledge tests and final worksheets, showed that problem-solving scaffolding and immediate scaffolding were more effective in developing students' CT concepts than conceptual scaffolding and delayed scaffolding. Lag sequential analysis indicated that students guided by problem-solving scaffolding and delayed scaffolding developed more complete problem-solving paths and achieved higher levels of CT practice. Additionally, an analysis of students' learning reflections revealed that most students could explain the functions of machine learning techniques. However, students guided by problem-solving scaffolding and immediate scaffolding were better at understanding and reflecting on the problem-solving process. These findings provide valuable insights for researchers and practical guidance for teachers. By highlighting effective scaffolding methods and their timing, this study advances CT education and helps prepare students for a technology-driven world.",wos,llm,0.870,unreviewed,
