status,title,authors,year,venue,doi,url,tags,abstract,provider,decision_source,llm_confidence,llm_review_outcome,llm_change_direction
discarded,A Common Rubric for Per-Stage Assessment Across the K-12 Informatics Pipeline,That Le,2026,Zenodo (CERN European Organization for Nuclear Research),10.5281/zenodo.20131525,https://openalex.org/W7160962742,adjacent-subtopic,"The Vietnamese K-12 informatics pipeline that leads from first-encounter programming to IOI-feeder competitive readiness crosses four pedagogically distinct stages: Foundation (first contact, age-appropriate informal programming), Consolidation (Python fluency and decomposition), Specialisation (algorithm-cluster vocabulary), and Competitive (contest-format spine-cluster deployment). Existing assessment practice equips each stage with a different rubric, designed in isolation, often by a different author or institution, with different criterion names, different band labels, and different scoring conventions. The consequence is that a learner's progression across the pipeline is not legible as a single trajectory: a Foundation ""proficient"" rating does not commensurate with a Specialisation ""proficient"" rating, and the placement-diagnostic and audit loop must repeatedly re-derive what each rating means. This paper proposes a common rubric — seven criteria scored on a 4-band scale — that is constant in criterion identity across all four stages, but stage-calibrated in band-meaning so that the rubric's difficulty surface tracks the pipeline's progression. The seven criteria are C1 conceptual understanding (notional-machine fidelity), C2 procedural fluency (write-from-spec under stage-appropriate constraints), C3 problem decomposition (subgoal labelling, functionlevel abstraction, cluster-strategy retrieval), C4 debugging-andrevision (error-localisation and corrective revision against named feedback), C5 generalisation and transfer (out-of-distribution probe performance), C6 communication (explanation, code-asdocument, post-mortem narration), and C7 metacognition (selfregulated learning, self-assessment calibration). Each criterion is anchored on a published rubric-design tradition (Andrade and Du 2005; Allen and Tanner 2006; Wiggins and McTighe 2005) or programming-assessment tradition (Lister 2004; Sentance et al. 2019; ACM CC2020) and is stated as a falsifiable observable indicator at each band. The rubric is consumed by the program audit loop as the per-stage scorecard input, crosswalks to the E1.1 seven-band pipeline system, supplies the rubric-row content of the E4.4 two-axis assessment matrix, and acts as the construct-map calibration anchor for the E1.5 placement diagnostic instrument. The contribution is not novel criterion content — the criteria are inherited from the canon — but the cross-stage coherence rule that holds criterion identity constant while shifting band-meaning, and the stage-calibration tables that make the rule operational.",openalex,llm,0.840,unreviewed,
kept,Orienting learners and teachers in introductory programming classes: the ABC Framework,Quintin Cutts,2023,,10.1145/3633053.3633063,https://openalex.org/W4390427670,qualifies-claim,"This practice paper presents a framework that has been successfully used in introductory programming classes to orient students to the nature and purpose of programming, and teachers to the multiple aspects of programming education. Orientation was one of the five key difficulties for novices identified in du Boulay’s landmark 1986 paper, and it can still be an issue for both incoming students and new computing teachers. The framework, known as ABC, presents computing as a modelling activity, with: a multitude of possible problem/task domains, or Application Areas (A); sets of Building Blocks (B), such as programming languages and other computing systems, which can be used for model building; and a set of skills enabling the Creative Construction (C) of a solution, or model, of a problem/task in a particular application area, using a particular building block system. How the ABC Framework can be used to help orient students and structure learning and teaching is presented, as well as insights derived from students and teachers of an introductory programming course where this approach is used.",openalex,llm,0.860,unreviewed,
kept,Pilot Study of Progvis: A Visualization Tool for Object Graphs and Concurrency via Shared Memory,Filip Strömbäck; Linda Mannila; Mariam Kamkar,2022,,10.1145/3511861.3511885,https://openalex.org/W4211091368,supports-claim,"Concurrency and synchronization are two topics that are becoming increasingly important for computer science students due to the high number of cores available in most modern devices. These are topics that many students struggle with at first, perhaps partially due to the inherent nondeterminism and the difficulty to test for absence of race conditions. Furthermore, previous research indicate that some common mistakes when working with concurrency might be due students not connecting the concurrency concepts (such as synchronization) to the data that needs to be protected, especially when pointers and references are involved.",openalex,llm,0.870,unreviewed,
discarded,So many brackets!,Daphne Miedema; George Fletcher; Efthimia Aivaloglou,2022,,10.1145/3524610.3529158,https://openalex.org/W4312913262,adjacent-subtopic,"The Structured Query Language (SQL) is a widely taught database query language in computer science, data science, and software engineering programs. While highly expressive, SQL is challenging to learn for novices. Various research has explored the errors and mistakes that SQL users make. Specific attributes of SQL code, such as the number of tables and the degree of nesting, have been found to impact its understandability and maintainability. Furthermore, prior studies have shown that novices have significant issues using SQL correctly, due to factors such as expressive ease, existing knowledge and misconceptions, and the impact of cognitive load.",openalex,llm,0.970,unreviewed,
kept,PRIMM in Vietnamese Specialised Informatics Classrooms: A Transfer Synthesis,That Le,2026,Zenodo (CERN European Organization for Nuclear Research),10.5281/zenodo.20131489,https://openalex.org/W7160894705,supports-claim,"PRIMM — the Predict-Run-Investigate-ModifyMake pedagogy introduced by Sentance and Waite (2017) and elaborated in Sentance, Waite and Kallia (2019) — is one of the more visible school-level computing-education pedagogies of the late 2010s. Its design intent is to reframe how learners encounter unfamiliar code: rather than writing from scratch, the learner first reads, predicts behaviour, runs to verify, investigates internal structure, modifies along controlled axes, and only then makes a novel artefact in the same family. The pedagogy targets the well-documented difficulty that novices have with reading code and with operating a useful notional machine; it borrows from the worked-example tradition and from the self-explanation literature for its mechanism specification. This paper asks whether PRIMM transfers when re-deployed for Vietnamese specialised-informatics (chuyên Tin, ages 14– 18) classrooms — a cohort whose audience profile is inverted relative to the original UK Key Stage 3–4 target: advanced (selected on a competitive entrance examination), time-pressured (Olympiad season compresses each topic into a small number of weeks), and contest-oriented (the proximal goal is HSG-Tin and VOI medal placement; the distal goal is IOI selection). The transfer-prediction question is therefore not ""will PRIMM work"" but ""which stages of PRIMM produce transfer at this cohort, and which are operationally redundant"". The transfer verdict has three parts. First, the Investigate and Modify stages predict positive transfer with mid-to-strong expected magnitude: code-reading-with-active-questioning and controlled-variation-ofgiven-code are both load-management interventions whose mechanism is preserved at the cohort. The Make stage predicts positive transfer at the contest-task surface. Second, the Predict stage predicts diminishing returns for advanced learners on familiar idioms, but remains valuable for novel idioms. The Run stage predicts diminishing returns for advanced learners on canonical inputs but remains valuable for edge-case probing. Third, the deployment template the paper specifies is a compressed PRIMM in which the five stages are weighted unevenly: Investigate and Modify carry the bulk of the lesson; Predict is retained only for novel-idiom encounters; Run is retained as edge-case probing; Make is the contest-relevant transfer task at the chapter or unit close. Six audit-loop criteria specify the implementationfidelity checks a downstream deployment must pass. Per the elixresearches no-cohort scope, the deployment template is described and theoretically validated; empirical replication is identified as a downstream cohort node responsibility and is out of scope here.",openalex,llm,0.800,unreviewed,
kept,PRIMM in Vietnamese Specialised Informatics Classrooms: A Transfer Synthesis,That Le,2026,Zenodo (CERN European Organization for Nuclear Research),10.5281/zenodo.20131488,https://openalex.org/W7160912089,supports-claim,"PRIMM — the Predict-Run-Investigate-ModifyMake pedagogy introduced by Sentance and Waite (2017) and elaborated in Sentance, Waite and Kallia (2019) — is one of the more visible school-level computing-education pedagogies of the late 2010s. Its design intent is to reframe how learners encounter unfamiliar code: rather than writing from scratch, the learner first reads, predicts behaviour, runs to verify, investigates internal structure, modifies along controlled axes, and only then makes a novel artefact in the same family. The pedagogy targets the well-documented difficulty that novices have with reading code and with operating a useful notional machine; it borrows from the worked-example tradition and from the self-explanation literature for its mechanism specification. This paper asks whether PRIMM transfers when re-deployed for Vietnamese specialised-informatics (chuyên Tin, ages 14– 18) classrooms — a cohort whose audience profile is inverted relative to the original UK Key Stage 3–4 target: advanced (selected on a competitive entrance examination), time-pressured (Olympiad season compresses each topic into a small number of weeks), and contest-oriented (the proximal goal is HSG-Tin and VOI medal placement; the distal goal is IOI selection). The transfer-prediction question is therefore not ""will PRIMM work"" but ""which stages of PRIMM produce transfer at this cohort, and which are operationally redundant"". The transfer verdict has three parts. First, the Investigate and Modify stages predict positive transfer with mid-to-strong expected magnitude: code-reading-with-active-questioning and controlled-variation-ofgiven-code are both load-management interventions whose mechanism is preserved at the cohort. The Make stage predicts positive transfer at the contest-task surface. Second, the Predict stage predicts diminishing returns for advanced learners on familiar idioms, but remains valuable for novel idioms. The Run stage predicts diminishing returns for advanced learners on canonical inputs but remains valuable for edge-case probing. Third, the deployment template the paper specifies is a compressed PRIMM in which the five stages are weighted unevenly: Investigate and Modify carry the bulk of the lesson; Predict is retained only for novel-idiom encounters; Run is retained as edge-case probing; Make is the contest-relevant transfer task at the chapter or unit close. Six audit-loop criteria specify the implementationfidelity checks a downstream deployment must pass. Per the elixresearches no-cohort scope, the deployment template is described and theoretically validated; empirical replication is identified as a downstream cohort node responsibility and is out of scope here.",openalex,llm,0.800,unreviewed,
discarded,Mapping the Evolution of Computational Thinking in Education: A Bibliometrics Analysis of Scopus Database from 1987 to 2023,Arif Rafiq; Mochamad Bruri Triyono; Istanto Wahyu Djatmiko; Ratna Wardani; Thomas Köhler,2023,Informatics in Education,10.15388/infedu.2023.29,https://openalex.org/W4366422614,adjacent-subtopic,"In today's world, the ability to think computationally is essential. The skillset expected of a computer scientist is no longer solely based on the old stereotype but also a crucial skill for adapting to the future. This perspective presents a new educational challenge for society. Everyone must have a positive attitude toward understanding and using these skills daily. One thousand two hundred seven documents about computational thinking (CT) may be found while searching the Scopus database from 1987 to 2023. Data from Scopus were analyzed using VOSviewer software. This study educates academics by delving into the fundamentals of what is known about the CT of visual and quantitative research skills. This approach allows for a more in-depth look at the literature and a better understanding of the research gap in CT. This bibliometrics analysis demonstrates that (1) research on CT is common to all sciences and will develop in the future; (2) the majority of articles on CT are published in journals in the fields of education, engineering, science and technology, computing and the social sciences; (3) the United States is the most dominant country in CT publications with a variety of collaborations; (4) keywords that often appear are CT, engineering, education, and mathematics, and (5) research on CT has developed significantly since 2013. Our investigation reveals the beginnings and progression of the academic field of research into CT. Furthermore, it offers a road map indicating how this study area will expand in the coming years.",openalex,llm,0.960,unreviewed,
discarded,Triggering the Code-as-Data Mindset in Pre-Tertiary Programmers: A Pedagogical Synthesis,That Le,2026,Zenodo (CERN European Organization for Nuclear Research),10.5281/zenodo.20131470,https://openalex.org/W7160920445,adjacent-subtopic,"The code-as-data mindset shift is the cognitive reframing from ""code is a static instruction sequence written by humans for the machine"" to ""code is itself a manipulable data object — a string the interpreter consumes, a function-value bound to a name, an argument passed across boundaries, an abstract syntax tree the runtime walks"". The shift gates the entire abstraction-growth pathway above procedural fluency: closures, decorators, higher-order combinators, meta-programming, interpreter writing, and the contemporary prompt-as-program reframing under generative tooling. Pre-tertiary curricula — including Vietnamese THCS / THPT informatics — almost universally defer the shift to tertiary education, leaving the largest abstraction-growth gate closed at the moment learners are otherwise ready for it. This paper synthesises four decades of pedagogical literature — from Abelson-Sussman's Structure and Interpretation of Computer Programs meta-circular evaluator through the Bootstrap curriculum line, Booth's phenomenographic studies, Caspersen's model-driven function pedagogy, Sorva's notional-machine analysis of first-class functions, Kohn's Python binding model, Ramalho's Fluent Python idiom corpus, the Maes / Bracha-Ungar reflective-programming line, Hermans's Hedy gradual-syntax work, and 2024 LLM-era promptpedagogy literature — to produce two contributions. First, a trigger catalogue of six named, ordered Python-idiomatic triggers (T1 string-as-program with eval / exec, T2 function-as-variable assignment, T3 function-as-argument via map / sorted(key=...), T4 function-as-return-value / closure, T5 decorator, T6 AST / dis introspection), each specified with definition, cognitive readiness threshold, prerequisite chain, Python-idiomatic minimal example, documented novice misconception, success indicator, and Python Pathway / From-Scratch-to-Python deployment slot. Second, a trigger-design argument that the concrete-then-symbolic ordering of these six triggers — modelled on Bruner enactive-iconicsymbolic and Goldstone-Son concreteness fading — is the loadbearing curriculum lever, and that the curriculum's choice of whether to deploy this ordering at the pre-tertiary level is a strategic decision with greater downstream impact than the choice of language family or editor environment. Per the elix-researches no-cohort scope, the catalogue is described and theoretically validated against the published-error corpus; deployment is identified as a downstream textbook responsibility (PP Vol 3–4, FS2P Vol 3–4). The strongest novel claim is the trigger-ordering claim: the six triggers are not interchangeable, the order is non-arbitrary, and skipping any trigger blocks the next one's success.",openalex,llm,0.780,unreviewed,
discarded,Triggering the Code-as-Data Mindset in Pre-Tertiary Programmers: A Pedagogical Synthesis,That Le,2026,Zenodo (CERN European Organization for Nuclear Research),10.5281/zenodo.20131471,https://openalex.org/W7160925023,adjacent-subtopic,"The code-as-data mindset shift is the cognitive reframing from ""code is a static instruction sequence written by humans for the machine"" to ""code is itself a manipulable data object — a string the interpreter consumes, a function-value bound to a name, an argument passed across boundaries, an abstract syntax tree the runtime walks"". The shift gates the entire abstraction-growth pathway above procedural fluency: closures, decorators, higher-order combinators, meta-programming, interpreter writing, and the contemporary prompt-as-program reframing under generative tooling. Pre-tertiary curricula — including Vietnamese THCS / THPT informatics — almost universally defer the shift to tertiary education, leaving the largest abstraction-growth gate closed at the moment learners are otherwise ready for it. This paper synthesises four decades of pedagogical literature — from Abelson-Sussman's Structure and Interpretation of Computer Programs meta-circular evaluator through the Bootstrap curriculum line, Booth's phenomenographic studies, Caspersen's model-driven function pedagogy, Sorva's notional-machine analysis of first-class functions, Kohn's Python binding model, Ramalho's Fluent Python idiom corpus, the Maes / Bracha-Ungar reflective-programming line, Hermans's Hedy gradual-syntax work, and 2024 LLM-era promptpedagogy literature — to produce two contributions. First, a trigger catalogue of six named, ordered Python-idiomatic triggers (T1 string-as-program with eval / exec, T2 function-as-variable assignment, T3 function-as-argument via map / sorted(key=...), T4 function-as-return-value / closure, T5 decorator, T6 AST / dis introspection), each specified with definition, cognitive readiness threshold, prerequisite chain, Python-idiomatic minimal example, documented novice misconception, success indicator, and Python Pathway / From-Scratch-to-Python deployment slot. Second, a trigger-design argument that the concrete-then-symbolic ordering of these six triggers — modelled on Bruner enactive-iconicsymbolic and Goldstone-Son concreteness fading — is the loadbearing curriculum lever, and that the curriculum's choice of whether to deploy this ordering at the pre-tertiary level is a strategic decision with greater downstream impact than the choice of language family or editor environment. Per the elix-researches no-cohort scope, the catalogue is described and theoretically validated against the published-error corpus; deployment is identified as a downstream textbook responsibility (PP Vol 3–4, FS2P Vol 3–4). The strongest novel claim is the trigger-ordering claim: the six triggers are not interchangeable, the order is non-arbitrary, and skipping any trigger blocks the next one's success.",openalex,llm,0.780,unreviewed,
