status,title,authors,year,venue,doi,url,tags,abstract,provider,decision_source,llm_confidence,llm_review_outcome,llm_change_direction
discarded,Verifying Event Completeness and Consistency in Token Contracts via Static Analysis and LLMs,Shangwang Li; Haijun Wang; Hao Wu; Yin Wu; Ming Fan; Yitao Zhao; Ting Liu,2025,2025 5th International Conference on Computer Science and Blockchain (CCSB),10.1109/CCSB66722.2025.11154237,https://ieeexplore.ieee.org/document/11154237/,adjacent-subtopic,"To ensure transparency and auditability, smart contracts on blockchain support event mechanisms that systematically log and record critical state changes, enabling external applications and users to monitor contract execution and track important transactions. Token contracts such as ERC20 must implement specific events like Transfer and Approval to accurately track asset movements and maintain system transparency. However, malicious developers may exploit incomplete or inconsistent event implementations to conceal operations, mislead users, and introduce security risks. In this paper, we propose TEGuard, a novel approach to verify event completeness and consistency in Token contracts by combining static analysis with large language models (LLMs). For completeness, we use flow analysis to identify blocks modifying critical state variables and extract related control flow to check whether required events are emitted. For consistency, we construct structured data dependency graphs through backward data flow analysis to extract event semantics and code semantics, employing a dual-LLM framework integrated with contract code snippet to verify semantic consistency. Our approach is designed to strengthen the security foundation of token contracts by addressing critical event-related vulnerabilities. We presented preliminary experimental results to validate the effectiveness of TEGuard.",ieee,llm,0.930,unreviewed,
discarded,Completeness in SMT-based BMC for Software Programs,Malay K. Ganai; Aarti Gupta,2008,"2008 Design, Automation and Test in Europe",10.1109/DATE.2008.4484777,https://ieeexplore.ieee.org/document/4484777/,adjacent-subtopic,"Bounded Model Checking (BMC) is incomplete without a completeness threshold (CT) bound. Previous methods, using recurrence diameter for obtaining CT, check for existence of a longest loop-free path at every depth k. For terminating software programs, we propose an efficient method for obtaining CT that requires solving a formula of size O(k) at some depths only, as compared to previous methods that require solving a formula of O(k2) (or O(klogk)) size at every depth. We augment previous methods for BMC simplifications using model transformation and control flow information, with context-sensitive analysis. This results in more BMC simplifications and further reduction in the number of CT checks. We have implemented our techniques in a Satisfiability Modulo Theory (SMT)-based BMC framework. Our controlled experiments on real-world software programs show that our proposed formulation provides significant improvements over previous approaches.",ieee,llm,0.900,unreviewed,
discarded,Accelerating high-level engineering computations by automatic compilation of Geometric Algebra to hardware accelerators,Jens Huthmann; Peter Müller; Florian Stock; Dietmar Hildenbrand; Andreas Koch,2010,"2010 International Conference on Embedded Computer Systems: Architectures, Modeling and Simulation",10.1109/ICSAMOS.2010.5642064,https://ieeexplore.ieee.org/document/5642064/,off-topic-false-hit,"Geometric Algebra (GA), a generalization of quaternions, is a very powerful form for intuitively expressing and manipulating complex geometric relationships common to engineering problems. The actual evaluation of GA expressions, though, is extremely compute intensive due to the high-dimensionality of data being processed. On standard desktop CPUs, GA evaluations take considerably longer than conventional mathematical formulations. GPUs do offer sufficient throughput to make the use of concise GA formulations practical, but require power far exceeding the budgets for most embedded applications. While the suitability of low-power reconfigurable accelerators for evaluating specific GA computations has already been demonstrated, these often required a significant manual design effort. We present a proof-of-concept compile flow combining symbolic and hardware optimization techniques to automatically generate accelerators from the abstract GA descriptions without user intervention that are suitable for high-performance embedded computing.",ieee,llm,0.980,unreviewed,
discarded,A practical approach to synchronous hardware verification,G. Gopalakrishnan; P. Jain,1991,[1991] Proceedings. Fourth CSI/IEEE International Symposium on VLSI Design,10.1109/ISVD.1991.185114,https://ieeexplore.ieee.org/document/185114/,adjacent-subtopic,"Hardware designs expressed in a simple hardware description language can be formally verified by adapting techniques developed for software verification. This paper presents a case study that supports this claim. From the structural specification of a two-phase clocked synchronous hardware design, a behavioral description is automatically inferred. This is subject to algebraic simplification using rewrite rules. Some of the simplification steps are achieved by discovering a loop invariant associated with a loop in the control flow graph. Once simplified, a homomorphism is exhibited from the implementation algebra to the specification algebra, to complete the proof.<>",ieee,llm,0.840,unreviewed,
discarded,Towards Completeness: Security Coverage Metrics for System Level Information Flow,Ece Nur Demirhan Coskun; Sallar Ahmadi-Pour; Muhammad Hassan; Rolf Drechsler,2024,MBMV 2024; 27. Workshop,,https://ieeexplore.ieee.org/document/10564507/,adjacent-subtopic,"The increasing use of complex, feature-rich systems necessitates robust security measures. A single vulnerability can trigger far-reaching and disastrous outcomes, such as rendering various Intellectual Properties (IPs) unavailable and causing system malfunction. It is crucial to integrate security policies early in the design phase and to define specific Security Properties (SPs) regarding threat models. To tackle various threat models and pinpoint potential violations, we assess the SPs using Security Coverage Metrics (SCMs). This paper provides an overview of SCMs targeting availability threats and related weaknesses for system level information flow. To implement the SCMs, we show SiMiT; a tool that leverages Virtual Prototypes (VP) and uses Static and Dynamic Information Flow Tracking (IFT) techniques. We demonstrate the applicability of the SCMs on an open-source RISC-V VP to show how these metrics advance the concept of security-aware Completeness Driven Development (CDD) and secure System-on-Chip (SOC) designs. Finally, we discuss the future direction of SCMs.",ieee,llm,0.950,unreviewed,
discarded,Automatic parallelization of recursive procedures,M. Gupta; S. Mikhopadhyay; N. Sinha,1999,1999 International Conference on Parallel Architectures and Compilation Techniques (Cat. No.PR00425),10.1109/PACT.1999.807504,https://ieeexplore.ieee.org/document/807504/,adjacent-subtopic,"Parallelizing compilers have traditionally focused mainly on parallelizing loops. We present a new framework for automatically parallelizing recursive procedures that typically appear in divide-and-conquer algorithms. We present compile-time analysis to detect the independence of multiple recursive calls in a procedure. This allows exploitation of a scalable form of nested parallelism, where each parallel task can further spawn off parallel work in subsequent recursive calls. We describe a run-time system which efficiently supports this kind of nested parallelism without unnecessarily blocking tasks. We have implemented this framework in a parallelizing compiler, which is able to automatically parallelize programs like quicksort and mergesort, written in C. For cases where even the advanced symbolic analysis and array section analysis we describe are not able to prove the independence of procedure calls, we propose novel techniques for speculative run-time parallelization, which are more efficient and powerful in this context than analogous techniques proposed previously for speculatively parallelizing loops. Our experimental results on an IBM G30 SMP machine show good speedups obtained by following our approach.",ieee,llm,0.780,unreviewed,
kept,A formal program testing methodology for use in the development of commercial software,R.M.F. Roper; P. Smith,1988,"Second IEE/BCS Conference: Software Engineering, 1988 Software Engineering 88.",,https://ieeexplore.ieee.org/document/196374/,adjacent-subtopic,The authors have developed a novel testing methodology which exploits the inherent testability of the Jackson Structured Programming (JSP) design process and also integrates fully with that process. The method comprises two components; a structural testing method (STM) and a functional testing method (FTM). The authors present an overview of the methodology and its two constituent methods.<>,ieee,llm,0.670,unreviewed,
discarded,A Chu spaces semantics of control flow in BPEL,Xutao Du; Chunxiao Xing; Lizhu Zhou,2009,2009 IEEE Asia-Pacific Services Computing Conference (APSCC),10.1109/APSCC.2009.5394130,https://ieeexplore.ieee.org/document/5394130/,adjacent-subtopic,"We present a Chu spaces semantics of typical control flow of BPEL including fault handling and link semantics. BPELcf is proposed as a simplification of this subset of BPEL. For the compositional modeling of BPEL, we present a Chu spaces process algebra consisting of seven operators. These operators allow faults to be thrown at any point of execution and take link-based synchronization into consideration. We present the abstract syntax of BPELcf , the semantic algebra, and the valuation functions for computing the Chu spaces denotation of BPELcf programs. The valuation functions are straightforward because of the power of the Chu spaces process algebra.",ieee,llm,0.870,unreviewed,
kept,"Program graphs, an algebra, and their implication for programming",Michael R. Paige,1975,IEEE Transactions on Software Engineering,10.1109/TSE.1975.6312853,https://ieeexplore.ieee.org/document/6312853/,adjacent-subtopic,"Program graphs have been used as a vehicle to focus attention on the structure of a program. A systematic methodology for partitioning a program graph (digraph) to highlight the relationships between program elements is introduced along with an attendant notation. This notation is described in purely mathematical terms in the first section, and then the programming-related implications of this approach are addressed in the second section.",ieee,llm,0.740,unreviewed,
discarded,An Evaluation of Code Coverage Adequacy in Automatic Testing using Control Flow Graph Visualization,Ani Rahmani; Joe Lian Min; Asri Maspupah,2020,2020 IEEE 10th Symposium on Computer Applications & Industrial Electronics (ISCAIE),10.1109/ISCAIE47305.2020.9108838,https://ieeexplore.ieee.org/document/9108838/,adjacent-subtopic,"There are some issues that frequently experienced by some software industries at the testing stage, that is the coverage test case. This is the extent to which the completeness of the test case in the tested unit program meets the code coverage criteria. Testers usually design test cases just by looking at the source code for which it is very likely that the test case is incomplete or missing. There are currently many tools to check the coverage test cases. These tools only provide information on the percentage of line code that has been executed. On the other hand, the information from the testing results is presented in the form of XML, HTML or other formats that contain the line code status. It causes the information is still difficult to understand, especially for the beginner testers. This paper explains the results of a study of code coverage visualization using a control flow graph (CFG) to assist the tester as an effort to fulfill the complete test case. The experiment was conducted by involving 32 respondents who were the testers from various industries and a number of students.",ieee,llm,0.920,unreviewed,
discarded,A process algebra based program and system representation for reverse engineering,E. Merlo; R. DeMori; K. Kontogiannis,1993,[1993] IEEE Second Workshop on Program Comprehension,10.1109/WPC.1993.263910,https://ieeexplore.ieee.org/document/263910/,adjacent-subtopic,"A reverse engineering approach based on process algebras for system representation and understanding is presented. Process algebras offer both a formal framework for representing communicating processes and a proof theory for proving semantic equivalences between them. Programs and program fragments are denoted as concurrent agents and code behaviour is defined in terms of interactions among agents in a process algebra representation suitable for subsequent analysis. Semantic and behavioural equivalences between programming plans, which represent programming stereo-types, and code fragments can be defined in this formal system together with a deduction system to prove them. Several advantages and further research issues on the use of process algebra for reverse engineering and maintenance are identified and discussed.<>",ieee,llm,0.880,unreviewed,
discarded,A Method for Verifying Privacy-Type Properties: The Unbounded Case,Lucca Hirschi; David Baelde; Stéphanie Delaune,2016,2016 IEEE Symposium on Security and Privacy (SP),10.1109/SP.2016.40,https://ieeexplore.ieee.org/document/7546523/,off-topic-false-hit,"In this paper, we consider the problem of verifying anonymity and unlinkability in the symbolic model, where protocols are represented as processes in a variant of the applied pi calculus notably used in the ProVerif tool. Existing tools and techniques do not allow one to verify directly these properties, expressed as behavioral equivalences. We propose a different approach: we design two conditions on protocols which are sufficient to ensure anonymity and unlinkability, and which can then be effectively checked automatically using ProVerif. Our two conditions correspond to two broad classes of attacks on unlinkability, corresponding to data and control-flow leaks. This theoretical result is general enough to apply to a wide class of protocols. In particular, we apply our techniques to provide the first formal security proof of the BAC protocol (e-passport). Our work has also lead to the discovery of new attacks, including one on the LAK protocol (RFID authentication) which was previously claimed to be unlinkable (in a weak sense) and one on the PACE protocol (e-passport).",ieee,llm,0.980,unreviewed,
discarded,Abductive approach to prototyping data flow diagrams,E.T.H. Fung,2000,Proceedings First Asia-Pacific Conference on Quality Software,10.1109/APAQ.2000.883804,https://ieeexplore.ieee.org/document/883804/,adjacent-subtopic,"In this paper, we propose to develop prototypes of data flow diagrams using a logical framework, which is based on an extension of logic programming to perform abductive reasoning (abductive logic programming). Based on the framework, we discuss how to represent a data flow diagram in a declarative manner as a set of logical sentences and outline a proof procedure. Given the declarative representation of a data flow diagram, the proof procedure can be applied, which combines forward and backward chaining in a structured manner. Unlike the conventional logic programming, the computed answers are abducible atoms directly representing the outputs. When restricting to the use of pure Prolog, we provide the semantics of the outputs under the abductive logical framework and show the soundness and completeness of the proof procedure. We compare our approach with conventional backward chaining and finally discuss some further enhancements.",ieee,llm,0.950,unreviewed,
discarded,A query algebra for program databases,S. Paul; A. Prakash,1996,IEEE Transactions on Software Engineering,10.1109/32.489080,https://ieeexplore.ieee.org/document/489080/,adjacent-subtopic,"Querying source code is an essential aspect of a variety of software engineering tasks such as program understanding, reverse engineering, program structure analysis and program flow analysis. In this paper, we present and demonstrate the use of an algebraic source code query technique that blends expressive power with query compactness. The query framework of Source Code Algebra (SCA) permits users to express complex source code queries and views as algebraic expressions. Queries are expressed on an extensible, object-oriented database that stores program source code. The SCA algebraic approach offers multiple benefits such as an applicative query language, high expressive power, seamless handling of structural and flow information, clean formalism and potential for query optimization. We present a case study where SCA expressions are used to query a program in terms of program organization, resource flow, control flow, metrics and syntactic structure. Our experience with an SCA-based prototype query processor indicates that an algebraic approach to source code queries combines the benefits of expressive power and compact query formulation.",ieee,llm,0.940,unreviewed,
discarded,Hardware composition with hardware flowcharts and process algebras,J.-Y.J. Lu; Jang Dae Kim; Shiu-Kai Chin,1996,Proceedings of ICECCS '96: 2nd IEEE International Conference on Engineering of Complex Computer Systems (held jointly with 6th CSESAW and 4th IEEE RTAW),10.1109/ICECCS.1996.558449,https://ieeexplore.ieee.org/document/558449/,adjacent-subtopic,"Algorithmic state machine (ASM) descriptions or hardware flowcharts have been used successfully to describe and verify large systems like the IBM 3081. Hardware flowcharts are intuitively appealing in their specification of control flow and data path operations. Nevertheless, previous mechanizations of hardware flowcharts lacked a formal semantics which prevented a rigorous analysis of implementations refined from ASM descriptions, and the ability to equate composed ASM descriptions to purely behavioral descriptions. To address these concerns, we describe an algorithmic register transfer language which has a formal semantics along with an algebra which is used to reason about composed ASM descriptions.",ieee,llm,0.900,unreviewed,
discarded,Automatic Analysis of Control Flow inWeb Services Composition Processes,Giusy Di Lorenzo; Francesco Moscato; Nicola Mazzocca; Valeria Vittorini,2007,"15th EUROMICRO International Conference on Parallel, Distributed and Network-Based Processing (PDP'07)",10.1109/PDP.2007.27,https://ieeexplore.ieee.org/document/4135290/,adjacent-subtopic,"Composition of web services is of great interest to support business-to-business collaboration and provide value added services with desired properties or capabilities. Nevertheless, the standard languages used to create business processes from composite web services lack of formal definition of their semantics and tools to support the analysis of a business process. In this paper we provide a practical approach to formal verification of BPEL4WS executable processes. A syntax-driven operational semantics for BPEL4WS is introduced and an automatic verifier is presented in order to perform a semantic analysis of the flow constructs used in the definition of BPEL4WS processes.",ieee,llm,0.930,unreviewed,
discarded,Similarity Features For The Evaluation Of Obfuscation Effectiveness,Yury Kosolapov; Petr Borisov,2020,2020 International Conference on Decision Aid Sciences and Application (DASA),10.1109/DASA51403.2020.9317301,https://ieeexplore.ieee.org/document/9317301/,adjacent-subtopic,"Obfuscation is a technique to protect programs from analysis and reverse engineering. There is a problem of evaluating the effectiveness of such protection. In this work using machine learning to solve this problem is considered. As a consequence, the task of finding suitable program similarity features is being solved. The scheme based on symbolic execution for finding such features is built. The choice of symbolic execution for constructing similarity features is justified by the fact that such features can characterize the complexity of understanding the program in dynamic analysis. The experiments with the proposed scheme were done. The analyses of the given results are presented.",ieee,llm,0.940,unreviewed,
