status,title,authors,year,venue,doi,url,tags,abstract,provider,decision_source,llm_confidence,llm_review_outcome,llm_change_direction
discarded,Teaching Game Development at Universities: A Systematic Literature Review of Educational Practices for Multidisciplinary Industrial Demands,"Gunnars, Fabian; Palmquist, Adam",2026,GAMES AND CULTURE,10.1177/15554120261442965,https://www.webofscience.com/wos/woscc/full-record/WOS:001740631000001,off-topic-false-hit,"Teaching game development may come at odds with long-standing university structures due to industrial and cross- and multidisciplinary art-design-engineering aspects. This systematic literature review outlines standard practices for teaching game development in higher education. It shows two decades of increasing demand for established methods, with research that does not primarily focus on student motivation and engagement remaining sparse; out of 1076 records screened, 108 publications were included. Findings strongly indicate that project-based learning (PBL) structures with student groups creating game prototypes are effective. Many publications provide rich analysis of shorter courses or interventions. However, well-documented shortcomings in individual assessment and support in PBL structures are rarely addressed. Recommendations for higher education practice include curriculum restructuring with longer educational timeframes, clear progression paths, and robust measurement frameworks to address common challenges to student collaborative dynamics and enable missing fundamental skill development in computational thinking and theory-driven artistic approaches.",wos,llm,0.990,unreviewed,
discarded,Bring the Artificial Intelligence to Tutoring Robots in Education: A Systematic Literature Review,"Zhang, Xinyue; Zhu, Fangqing; Wang, Kun; Cao, Guitao; Xue, Yaofeng; Liu, Mingzhuo",2026,IEEE TRANSACTIONS ON LEARNING TECHNOLOGIES,10.1109/TLT.2024.3428366,https://www.webofscience.com/wos/woscc/full-record/WOS:001735902000001,off-topic-false-hit,"Advances in artificial intelligence technologies have given rise to traditional robotics. Intelligent tutoring robots, supported by artificial intelligence technologies and hardware design, have sparked a new revolution in all walks of traditional education. Despite the growing number of research papers published on intelligent tutoring robots, and a few limited reviews focusing on specific technologies or theoretical aspects, there is still no wide-ranging review work that systematically summarizes the studies from the perspectives of theoretical level and practical implications concluded in experiments. To address this challenge and promote a common understanding of the concept of intelligent tutoring robot, we conducted a systematic literature review of papers published between 2016 and 2023. We investigated the construction of intelligent tutoring robots, the advanced artificial intelligence technologies employed, and intelligent tutoring robots' applications in educational contexts. From a total of 1751 publications, we selected and analyzed 105 main studies to identify and address three research questions: 1) How does the construction of intelligent tutoring robots affect education? 2) What artificial intelligence technologies enable intelligent tutoring robots to be ""intelligent""? 3) How are intelligent tutoring robots applied in educational contexts? In addition, we discuss the challenges of current research and provide an outlook on future development trends to provide guidelines for participators and researchers in the fields of intelligent tutoring robots.",wos,llm,0.990,unreviewed,
discarded,Teaching Computational Thinking Skills Through Scratch in K-12 Education: A Systematic Review,"Sun, Jiwei; Wang, Ruobing; Wei, Bing",2026,JOURNAL OF COMPUTER ASSISTED LEARNING,10.1002/jcal.70230,https://www.webofscience.com/wos/woscc/full-record/WOS:001723370900015,adjacent-subtopic,"Background Computational thinking (CT) is increasingly critical in K-12 education for fostering essential digital-age problem-solving abilities. Scratch, a widely adopted block-based programming environment, has emerged as a promising platform for developing CT skills, yet a clear synthesis of instructional use remains limited.Objectives This paper presents a systematic literature review on instructional methods for teaching CT skills through Scratch in K-12 settings. The review aims to: (1) identify the contexts and subject domains in which Scratch is used to teach CT; (2) explore the instructional strategies employed to integrate CT teaching through Scratch; (3) examine factors that influence CT learning outcomes; and (4) investigate challenges in implementing Scratch-based CT instruction.Method Following PRISMA guidelines, a comprehensive search strategy was used to identify relevant literature, resulting in 46 included empirical studies. Studies were thematically coded and analysed to synthesise key findings.Results and Conclusions Scratch-based CT instruction is common in primary and middle school settings. Most studies position Scratch as a standalone tool for CT teaching, followed by integration with science, mathematics, and STEM, with very few studies in non-STEM subjects. Three categories of teaching approaches were identified, including task-oriented, social-oriented, and technology-based approaches. Instructional effectiveness is influenced by student age, gender, and task difficulty. Key challenges include the unstructured Scratch interface, difficulties in teaching abstract CT concepts, and reliance on trial-and-error methods. The review highlights the need for scaffolded, developmentally appropriate teaching approaches and suggests expanding CT education into non-STEM domains and diverse school levels.",wos,llm,0.880,unreviewed,
discarded,Educational Robotics in Preschool and Primary Education: A Systematic Review of LEGO® WeDo and WeDo 2.0 Interventions and Implications for Extended Education,"Koch, Helvi; Lilla, Nanine; Schupbach, Marianne",2026,TECHNOLOGY KNOWLEDGE AND LEARNING,10.1007/s10758-026-09958-7,https://www.webofscience.com/wos/woscc/full-record/WOS:001711369200001,adjacent-subtopic,"Educational Robotics is increasingly being integrated into regular classroom teaching and offered as part of extended education to foster 21st-century skills. Among various Educational Robotics tools, LEGO (R) Education WeDo and WeDo 2.0 are frequently used in school-based settings, including regular instruction and extended education programs. This systematic review examines empirical intervention studies utilizing LEGO (R) Education WeDo or WeDo 2.0 to identify outcome variables, categorize them into broader domains (cognitive, socio-emotional/motivational, and creativity-related), and analyse the effects of these interventions. Following PRISMA guidelines, peer-reviewed studies from the last 10 years were identified via academic databases and a search engine. Inclusion criteria focused on participants aged 5-11 (ISCED levels 0 and 1), interventions using LEGO (R) Education WeDo or WeDo 2.0, and quantitative research designs with pre- and post-tests or at least two comparison groups. From an initial pool of N = 193 publications, n = 20 met the inclusion criteria. Findings indicate that WeDo and WeDo 2.0 interventions positively impact cognitive (e.g., computational thinking, problem-solving), socio-emotional and motivational (e.g., intrinsic motivation, STEM attitudes, self-efficacy), and creativity-related outcomes (e.g., divergent thinking), with reported effect sizes ranging from medium to large. However, methodological limitations remain, including small sample sizes and insufficient intervention descriptions. The review highlights the value of LEGO (R) Education WeDo and WeDo 2.0 for fostering diverse competencies in young learners and underlines the need for more rigorous research designs characterized by greater methodological transparency and robustness.",wos,llm,0.960,unreviewed,
discarded,"EDUCATION, GAMIFICATION AND PROGRAMMING: CONVERGENCES FROM SCIENTIFIC LITERATURE","Alonso Hernandez, Iran; Ponguillo Bonilla, Braulio Adonis; Mazaira Rodriguez, Zahily",2026,REVISTA UNIVERSIDAD Y SOCIEDAD,,https://www.webofscience.com/wos/woscc/full-record/WOS:001701231600029,off-topic-false-hit,"The study analyzed the evolution of educational approaches from traditional models to active, student-centered pedagogical proposals through a critical review of specialized scientific literature. In this context, the convergence between gamification and programming was examined as emerging pedagogical strategies aimed at strengthening teaching and learning processes. The research was conducted through a systematized literature review of scientific articles, academic theses, and specialized documents related to the use of gamification and visual programming tools in formal educational settings. The results showed that gamification increased motivation, participation, and critical thinking, while programming promoted the development of logical thinking, creativity, and problem-solving skills, particularly through visual environments such as Scratch, Stencyl, and mBlock. Limitations related to teacher training, curricular integration of digital technologies, and the need for pedagogical intentionality were also identified. It was concluded that the articulation between gamification and programming represents a relevant pedagogical pathway for promoting meaningful, inclusive learning aligned with contemporary educational demands.",wos,llm,0.940,unreviewed,
discarded,How Are We Teaching Programming to Students with Intellectual Disabilities? A Systematic Review of the Literature,"Fiori, Sara; Strong, Glenn; Dukes, Jonathan",2025,"PROCEEDINGS OF 25TH INTERNATIONAL CONFERENCE ON COMPUTING EDUCATION RESEARCH, KOLI CALLING 2025",10.1145/3769994.3770013,https://www.webofscience.com/wos/woscc/full-record/WOS:001680177600020,adjacent-subtopic,"Despite growing interest in inclusive computer science education, students with intellectual disabilities remain underrepresented in programming education research. This systematic review explores that gap by analyzing 18 empirical studies focused on computer programming and computational thinking interventions for learners with intellectual disabilities, 8 of which have been published since the start of 2022. In line with PRISMA guidelines, 769 records were screened, with 154 assessed for full-text eligibility. The findings reveal that these students can meaningfully engage in programming activities. Most interventions targeted children and used block-based programming or educational robotics, often in combination. Instructional strategies were typically explicit, multimodal, repetitive, and individualized. Reported outcomes included gains in basic programming skills, increased engagement and motivation, and enhanced emotional development, though challenges remain in skill generalization, accessibility, consistent assessment, and continuous one-to-one support. The review highlights the need for rigorous participant reporting, validated evaluation tools, and clearer alignment between interventions and learner needs, offering guidance for educators and a basis for future research in programming education for students with intellectual disabilities.",wos,llm,0.910,unreviewed,
discarded,Storytelling vs. Digital Storytelling in Primary and Secondary Education. Systematic Review,"Gomez-Martin, Mario; Alvarez-Kurogi, Leandro; Prieto-Andreu, Joel-Manuel",2026,OCNOS-JOURNAL OF READING RESEARCH,10.18239/ocnos_2026.25.1.574,https://www.webofscience.com/wos/woscc/full-record/WOS:001691103900001,off-topic-false-hit,"This study presents a systematic review that examined the application and effectiveness of traditional and digital storytelling in Primary and Secondary Education. The methodology used adopted the criteria of the PRISMA 2020 protocol, with a classification and final distribution of 154 studies selected from a search in the Scopus, Web of Science, Dialnet, and Scielo databases. The evolution and trends of both storytelling techniques during the period 2013 to 2025 were examined, as well as their main thematic contributions in the field of education. The results show that traditional storytelling favours the development of socioemotional skills, narrative creativity, and cultural literacy, while digital storytelling has a significant impact on the improvement of digital skills, computational thinking, oral expression, and student motivation. Both forms of narrative represent complementary and valuable resources for contemporary education, being applied across various subject areas and through multiple formats, making their integration into the classroom an effective means to enrich teaching and learning processes and to meet the educational demands of the current school context.",wos,llm,0.980,unreviewed,
discarded,Creativity and wellbeing in the classroom: a systematic review of intervention programs,"Delgado, Laura Abellan; Martinez, Olivia Lopez; Jara, Maria Isabel de Vicente-Yague",2026,EDUCACION XX1,10.5944/educxx1.42816,https://www.webofscience.com/wos/woscc/full-record/WOS:001670913600003,off-topic-false-hit,"Creativity and well-being are aspects that are increasingly gaining presence in the educational landscape. In this regard, the objective of this study is to analyse interventions or programs that have been implemented over the last 15 years in the areas of creativity and wellbeing across various educational stages is emphasized. A bibliographic-analytical method is followed, based on the PRISMA Statement, where the characteristics of studies aimed at improving students' well-being and/or creativity are explored and analysed. Additionally, for the methodological review, the JBI Critical Appraisal Tools were employed. A total of 34 studies were obtained, which explored variables through educational interventions using pretest-posttest designs, control groups, or action research. A high percentage of studies focusing on the promotion of creativity from a general domain, particularly in Early Childhood and Secondary Education, was highlighted as a result. In the realm of creativity, verbal creativity was found to be the specific domain with the greatest presence. The interventions examined show a wide range of approaches, incorporating techniques such as creative problem-solving, arts or movement-based approaches, computational thinking techniques or creative reading and writing activities. Regarding the instruments, the Torrance Test was identified as one of the most recurrent due to its characteristics and widespread use. Finally, the need to continue promoting creative interventions that explore this skill from specific domains and contribute to improving well-being is discussed.",wos,llm,0.990,unreviewed,
discarded,Computational Thinking in High School Mathematics,"Baez, Rudy; Sanchez, Henry; Pllana, Duli",2026,INTERNATIONAL JOURNAL OF EDUCATION IN MATHEMATICS SCIENCE AND TECHNOLOGY,10.46328/ijemst.5250,https://www.webofscience.com/wos/woscc/full-record/WOS:001669171500011,adjacent-subtopic,"This literature review explores the integration of Computational Thinking (CT) and Artificial Intelligence (AI) in high school mathematics education. CT-which involves decomposition, pattern recognition, abstraction, and algorithm design-provides a structured framework for solving complex problems. ChatGPT and Gemini function as computational thinkers, capable of interpreting problems and using logic, abstraction, and pattern recognition to simulate human-like reasoning across domains. In contrast, advanced mathematical software such as Wolfram Alpha, GeoGebra, Symbolab, and Desmos are specialized tools designed to perform exact mathematical computations and visualizations, but they lack the ability to think or adapt contextually. While ChatGPT and Gemini help users understand and explore problems, math software precisely solves them based on defined inputs. Mathematical problem-solving remains a foundational element of both education and technological advancement. CT fosters logical reasoning and creativity, while AI enables efficient exploration of mathematical concepts through automation and intelligent systems. This integration not only supports deeper conceptual understanding but also helps educators tailor instruction to diverse learning needs. The review highlights three key themes: (1) AI integration improves students' performance in mathematics; (2) game-based learning (GBL) supported by AI increases engagement; and (3) CT development strengthens mathematical reasoning.",wos,llm,0.810,unreviewed,
discarded,Simulators in Educational Robotics: A Systematic Review with Content Analysis,"Ztoupas, Evangelos; Sapounidis, Theodosios; Tselegkaridis, Sokratis",2026,APPLIED SCIENCES-BASEL,10.3390/app16020653,https://www.webofscience.com/wos/woscc/full-record/WOS:001670069600001,adjacent-subtopic,"The integration of Educational Robotics (ER) into teaching and learning has increased in recent years. While several studies have described the design and use of simulators, no content analysis has systematically documented the features and contribution of simulators in ER. Therefore, a systematic review of eight databases was conducted. From 1200 retrieved articles, 89 met the inclusion criteria. The emerged articles comprised two distinct categories: (a) simulator framework studies-describing tools or platforms (54 articles)-and (b) simulator-based intervention studies-reporting empirical implementations (35 articles). Each article was analyzed by two independent researchers who recorded the design features of simulators, their domain of use, the educational level at which the implementation occurred, intervention characteristics, teacher involvement in the studies, and the skills they tried to promote. Findings showed that simulators were primarily designed for STEM education. Most operated in coding environments, used 3D visualization, and were freely available. Interventions were more frequent at the tertiary level, with fewer at primary and secondary levels. Many empirical studies that used simulators employed small samples in short durations, limiting the generalizability of the findings. Simulator-based practices were mainly linked to programming, problem solving, and computational thinking. Higher-order competences such as collaboration or metacognition were rarely addressed. Finally, most intervention studies reported either no or only moderate teacher involvement. This article aims to be a basis for researchers who study ER implementation and simultaneously serve as a basis for choosing, designing, and adopting ER simulators as teaching tools.",wos,llm,0.960,unreviewed,
discarded,Computer Science for All?: A Systematic Review of the Literature of Computer Science and Computational Thinking for Students with Disabilities,"Bouck, Emily C.; Yadav, Aman; Liu, Xuejing(Elsie); Norwine, Laura; Jakubow, Larissa; Allen Kuyenga, Madison C.",2026,JOURNAL OF SPECIAL EDUCATION TECHNOLOGY,10.1177/01626434261420390,https://www.webofscience.com/wos/woscc/full-record/WOS:001668215000001,adjacent-subtopic,"Although computational thinking (CT) and computer science (CS) skills are important for all students, less attention exists in research and practice for CT and CS and students with disabilities. Researchers conducted a systematic review of the literature following the PRISMA protocol to examine the current state of literature regarding CT and/or CS instruction for students with disabilities; researchers also analyzed the existing literature with regards to quality indicators. Over the last decade (2014-2024), researchers found six articles focused on CT and/or CS and students with disabilities. Of these, two were found to be methodologically-sound based on the quality indicators from the Council for Exceptional Children, both conducted by the same research team and focused on block-based coding of robots. Overall, the researchers concluded the systematic review highlighted the lack of attention to CT and CS for students with disabilities and the need for both more research as well as high-quality research that adheres to quality indicators for the research design implemented.",wos,llm,0.900,unreviewed,
