status,title,authors,year,venue,doi,url,tags,abstract,provider,decision_source,llm_confidence,llm_review_outcome,llm_change_direction
discarded,Preferred Reporting Items for a Systematic Review and Meta-analysis of Individual Participant Data,Lesley Stewart; Mike Clarke; Maroeska M. Rovers; Richard D Riley; Mark Simmonds; Gavin Stewart; Jayne F. Tierney,2015,JAMA,10.1001/jama.2015.3656,https://openalex.org/W2050118439,off-topic-false-hit,"IMPORTANCE: Systematic reviews and meta-analyses of individual participant data (IPD) aim to collect, check, and reanalyze individual-level data from all studies addressing a particular research question and are therefore considered a gold standard approach to evidence synthesis. They are likely to be used with increasing frequency as current initiatives to share clinical trial data gain momentum and may be particularly important in reviewing controversial therapeutic areas. OBJECTIVE: To develop PRISMA-IPD as a stand-alone extension to the PRISMA (Preferred Reporting Items for Systematic Reviews and Meta-Analyses) Statement, tailored to the specific requirements of reporting systematic reviews and meta-analyses of IPD. Although developed primarily for reviews of randomized trials, many items will apply in other contexts, including reviews of diagnosis and prognosis. DESIGN: Development of PRISMA-IPD followed the EQUATOR Network framework guidance and used the existing standard PRISMA Statement as a starting point to draft additional relevant material. A web-based survey informed discussion at an international workshop that included researchers, clinicians, methodologists experienced in conducting systematic reviews and meta-analyses of IPD, and journal editors. The statement was drafted and iterative refinements were made by the project, advisory, and development groups. The PRISMA-IPD Development Group reached agreement on the PRISMA-IPD checklist and flow diagram by consensus. FINDINGS: Compared with standard PRISMA, the PRISMA-IPD checklist includes 3 new items that address (1) methods of checking the integrity of the IPD (such as pattern of randomization, data consistency, baseline imbalance, and missing data), (2) reporting any important issues that emerge, and (3) exploring variation (such as whether certain types of individual benefit more from the intervention than others). A further additional item was created by reorganization of standard PRISMA items relating to interpreting results. Wording was modified in 23 items to reflect the IPD approach. CONCLUSIONS AND RELEVANCE: PRISMA-IPD provides guidelines for reporting systematic reviews and meta-analyses of IPD.",openalex,llm,1.000,unreviewed,
discarded,Towards Sustainable Bioleaching of Platinum Group Metals from Spent Automotive Catalysts,"Kuralay, Yeskalina; Ilkhani, Zahra; Hardy, John; Capozzi, Luigi; Aiouache, Farid",2026,MATERIALS,10.3390/ma19163495,https://www.webofscience.com/wos/woscc/full-record/WOS:001859605300001,off-topic-false-hit,"Spent automotive catalysts represent an important secondary resource for platinum group metals, offering environmental and economic advantages over primary mining. This review evaluates bioleaching-based recovery strategies of these metals as sustainable alternatives to conventional pyrometallurgical and hydrometallurgical processing. The cyanogenic bioleaching using Chromobacterium violaceum, Pseudomonas fluorescens, and Bacillus megaterium, and acidophilic bioleaching using Acidithiobacillus spp. for washcoat degradation and base-metal removal are discussed through the one-step, two-step, spent-medium, and decoupled systems. The analysis shows progressive improvement of recovery as process separation increases. Sequential pretreatment involving ultrasound-assisted acid leaching, thermal oxidation, and pressure-enhanced processing improved recovery by removing competing base metals and increasing PGM accessibility. Kinetic analyses indicate that diffusion through the porous catalyst support matrix becomes the dominant rate-controlling mechanism at high conversion, which impacts reactor design. Despite sustainability potential, industrial implementation remains constrained by low pulp density, cyanide stability, reactor productivity, and scale-up limitations. Routes to commercialisation require feasibility studies of process designs that integrate viable process flow diagrams combining pretreatment, biological lixiviant generation, intensified bioleaching, and downstream metal purification.",wos,llm,1.000,unreviewed,
discarded,Transient three-phase short-circuit current calculation based on the dynamic phasor model for grids with high-penetration inverter-based resources,"Luo, Guojuan; Tang, Yafang; Wang, Shimeng; Xu, Kongyu; Pu, Yi",2027,ELECTRIC POWER SYSTEMS RESEARCH,10.1016/j.epsr.2026.114025,https://www.webofscience.com/wos/woscc/full-record/WOS:001860864900001,off-topic-false-hit,"Due to the complex topological and control structures of inverter-based resources (IBRs), transient short-circuit current calculation of grids with IBRs currently relies mainly on electromagnetic transient (EMT) simulation. However, EMT simulation usually requires detailed modeling and a small simulation step, which limits its application in rapid transient-current feature extraction. In this paper, a transient short-circuit current calculation method for three-phase faults in grids with high penetration of IBRs is proposed based on the dynamic phasor (DP) model. The IBR is represented as a stage-separated nonlinear time-varying current source, in which low-voltage ride-through (LVRT) strategy, current limitation, voltage outer-loop saturation, PLL dynamics, current-loop dynamic response, and staged LVRT activation are considered. DP models of IBRs and conventional grid components are then established and solved using the weighted trapezoidal method. The proposed method is intended to extract system-level transient current features, including the current envelope, peak value, peak time, and DC component, rather than switching-frequency electromagnetic transients. Validated by numerical examples, the proposed method achieves satisfactory accuracy compared with EMT simulation while significantly reducing the computation time.",wos,llm,0.990,unreviewed,
discarded,ESO-Based Equivalent Sliding Mode Direct Voltage Control for LCL-type Motor Emulator with Robust Disturbance Rejection,"Luo, Xuan; Liu, Zipeng; Zhao, Jianhong; Liu, Jinjun",2025,"2025 ENERGY CONVERSION CONGRESS & EXPO EUROPE, ECCE EUROPE",10.1109/ECCE-Europe62795.2025.11238769,https://www.webofscience.com/wos/woscc/full-record/WOS:001819054800320,off-topic-false-hit,"Electric motor emulators (EME) are increasingly used in the development and testing of motor drive units (MDU). However, existing EMEs typically employ L filters, which may lead to current control conflicts and bandwidth limitations. Although LCL filters can effectively address this issue, the existing control methods for LCL-type EME suffer from complex control structures, slow dynamic response and poor robustness. To address these challenges, this paper proposes an equivalent sliding mode direct voltage control (ESM-DVC) based on an extended state observer (ESO), with an improved voltage-behind- reactance (VBR) model providing the voltage reference. A second order sliding mode surface is designed to directly control capacitor voltage. Then, disturbances on the sliding surface are observed by the designed ESO and compensated for in the control rate. Simulation results demonstrate that the proposed method maintains high dynamic performance and robustness even under 200% parameter mismatch.",wos,llm,0.990,unreviewed,
discarded,Toward resilient cybersecurity in chemical process industries: A chemical and process safety engineering perspective on emerging threats and an interdisciplinary defense framework,"Lakzian, Kazem; Rouhani, Seyed Hossein; Liaw, Horng-Jang; Su, Chun-Lien",2027,RELIABILITY ENGINEERING & SYSTEM SAFETY,10.1016/j.ress.2026.113130,https://www.webofscience.com/wos/woscc/full-record/WOS:001828002700001,off-topic-false-hit,"The growing digitalization of chemical-process-industries (CPIs) has brought benefits in efficiency and product quality, but it has simultaneously introduced new vulnerabilities. Cyber-threats represent new risks to CPIs, and compromised measurements can lead to hazardous situations. This study examines cybersecurity in CPIs, emphasizing the importance of process-domain knowledge in identifying and mitigating cyber-threats. While current detection strategies, such as anomaly detectors, network-centric intrusion systems, and secure-control methods, provide valuable protection, many suffer from key limitations, including limited adaptability and inadequate integration of heterogeneous cyber-physical information sources. These shortcomings reduce their practicality in large-scale, nonlinear, safety-critical CPIs. This work highlights important knowledge gaps, including a lack of scalable validation platforms, realistic cyber-physical datasets, adaptive control structures, and detection methods. To move beyond these limitations, this paper puts forward an interdisciplinary cybersecurity-framework that draws on expertise from chemical engineering, industrial communication engineering, data science, and computer science. This approach enables the development of cyber-physical cosimulation environments, multi-source-hybrid detection architectures, standardized interfaces, and human-inthe-loop decision tools. The study concludes that active engagement of chemical and process safety engineers, together with coordinated cross-domain collaboration, is vital for creating resilient, scalable, and forwardthinking cybersecurity solutions for CPIs safety and security.",wos,llm,0.980,unreviewed,
discarded,Integrated Grid-Forming Control with Angle-Forming and Current Limitation for Synchronous Inverters,"Sekizaki, Shinya; Sasaki, Yutaka; Zoka, Yoshifumi; Yorino, Naoto",2027,ELECTRIC POWER SYSTEMS RESEARCH,10.1016/j.epsr.2026.113649,https://www.webofscience.com/wos/woscc/full-record/WOS:001815756000001,off-topic-false-hit,"Fault ride-through capabilities are essential for grid-forming (GFM) inverters, particularly for providing ancillary services such as fault reactive current injection and phase jump active power delivery. Conventional GFM controllers, often based on cascaded voltage-current control structures, involve complex designs, require meticulous parameter tuning, and complicate analysis. To address these issues, we previously introduced a hybrid strategy that switches between GFM and current controllers. However, while this approach effectively limits current magnitude during grid disturbances, it fails to preserve the crucial voltage angle-forming characteristic adequately. This paper extends this hybrid strategy with a controller designed to maintain the voltage angle-forming characteristic while concurrently limiting the current magnitude. This integrated approach facilitates the independent design of the GFM and current controllers and ensures the delivery of ancillary services mandated by grid codes. Numerical simulations of a single-phase synchronous inverter during grid disturbances verify the effectiveness of the proposed controller.",wos,llm,0.990,unreviewed,
discarded,"A data-driven framework for enterprise management and using system dynamics, machine learning, and computational modeling","Liu, Hongxiao",2026,AIP ADVANCES,10.1063/5.0341166,https://www.webofscience.com/wos/woscc/full-record/WOS:001813679200001,adjacent-subtopic,"Data-driven enterprise management in the artificial intelligence era demands modeling paradigms that are capable of handling dynamic enterprise interactions and nonlinear data relationships in complex enterprise settings. Although the hybrid system dynamics-machine learning (SD-ML) modeling paradigm in the existing work has shown excellent predictive power in energy systems. In addition, it still has limitations in terms of domain dependency, the lack of enterprise-level data, the poor integration of actual enterprise transaction data, and the absence of enterprise policy scenario analysis. On the other hand, the recent development of enterprise-level multi-regional input-output (EMRIO) databases has made available global supply chain data at the firm level with high granularity, but without dynamic decision modeling. To address the existing limitations, this paper introduces a new data-driven enterprise management framework that combines the hybrid SD-ML modeling paradigm with the EMRIO enterprise-level data. The proposed workflow initially starts with the construction of enterprise causal loop and stock-and-flow diagrams to model resources, production, demand, and performance feedback. Next, EMRIO-based enterprise variables and transaction signs are preprocessed to map them to dynamic state variables. In addition, a light gradient boosting machine model is developed to identify nonlinear relationships and predict enterprise performance indicators. Finally, machine learning outputs are used to calibrate and update the system dynamics simulation for scenario analysis and policy optimization. The experimental results on the EMRIO enterprise dataset show that the hybrid SD-ML model outperforms benchmark models in terms of predictive accuracy, goodness of fit, and forecasting error for enterprise performance indicators.",wos,llm,0.930,unreviewed,
discarded,Blockchain-Enabled Decentralized Virtual Power Plants for Secure and Resilient Coordination of Distributed Energy Resources,"Hinov, Nikolay",2026,ENERGIES,10.3390/en19122754,https://www.webofscience.com/wos/woscc/full-record/WOS:001802180600001,off-topic-false-hit,"The increasing integration of distributed energy resources (DERs), including photovoltaic systems, battery energy storage systems, electric vehicles, and flexible loads, is transforming modern power systems and creating new challenges for coordination, control, and cybersecurity. Conventional Virtual Power Plant (VPP) architectures typically rely on centralized energy management systems, which may face scalability limitations, communication bottlenecks, cybersecurity risks, and reduced resilience to failures. This paper presents a blockchain-enabled decentralized Virtual Power Plant framework for secure and autonomous coordination of distributed energy resources. The proposed architecture combines blockchain technology, smart contracts, IoT-based communication infrastructure, and decentralized energy management functions within a unified multi-layer coordination framework. Smart contracts automate energy scheduling, peer-to-peer transaction validation, and settlement processes, reducing dependence on centralized control entities. Lightweight blockchain consensus mechanisms are employed to improve scalability while limiting computational overhead. The effectiveness of the proposed framework is evaluated through simulation-based case studies involving decentralized DER coordination, peer-to-peer energy trading, and resilience assessment under node-failure conditions. Its performance is compared with that of a conventional centralized VPP architecture in terms of scalability, coordination reliability, communication overhead, transaction transparency, and fault tolerance. The results indicate that the decentralized framework improves operational resilience, coordination transparency, and scalability under increasing DER participation while maintaining satisfactory energy balancing performance. Although blockchain-based coordination introduces additional transaction latency, the proposed approach enhances cybersecurity, reduces dependence on centralized control structures, and provides a flexible foundation for future intelligent smart-grid applications.",wos,llm,0.980,unreviewed,
kept,The Epistemology of Code in the Age of Machine Learning,"Buswell, Evan",2026,DIGITAL HUMANITIES QUARTERLY,10.63744/mtgy4d9qn78k,https://www.webofscience.com/wos/woscc/full-record/WOS:001783096700007,qualifies-claim,"Code is an epistemic system predicated on the repression of state, but with the rise of global optimization and machine learning algorithms, code functions just as much to obscure knowledge as to reveal it. Code is constructed in response to two characteristics of the twentieth century episteme. First, knowledge is represented as a process. Second, this representation must be sufficient, such that its meaning is constituted by the representational form itself. In attempting to meet these requirements, process is separated into an essential part, code, and an inessential part, state. Although code has a relationship with state, in order to construct code as an epistemic object, state is limited and suppressed. This construction begins with the first formation of code in the 1940s and reaches its modern form in the structured programming movement of the later 1960s. But now, with the increasing dominance of global optimization and machine learning algorithms in computing, it has become apparent that state is vitally important, and yet our tools for understanding state are inadequate. This epistemic inadequacy nevertheless serves those who would act dangerously and shun responsibility for the consequences.",wos,llm,0.780,unreviewed,
discarded,Grating-Free Three-Dimensional Light Field Display System Based on Structured Backlighting (Invited),"Wang, Hanbo; Zhang, Zhaohe; Guo, Junyue; Wen, Xudong; Gao, Xin; Yan, Binbin; Jia, Chuanmin; Zhao, Qiang; Liang, Bin; Sang, Xinzhu; Yu, Xunbo",2026,ACTA OPTICA SINICA,10.3788/AOS251830,https://www.webofscience.com/wos/woscc/full-record/WOS:001782315800021,off-topic-false-hit,"Objective Current light field display devices primarily rely on optical components such as gratings or lenticular lens arrays for light modulation. However, these optical elements inevitably introduce aberrations, leading to significant optical distortion at edge viewing regions and limiting the effective viewing angle range. Conventional single-layer lenticular lens structures typically provide horizontal viewing angles of less than 55 degrees, and even with composite structure designs, it remains challenging to exceed 110 degrees.These limitations severely restrict the application of three-dimensional display technology in fields requiring wide viewing angles, such as digital exhibition of cultural relics, medical navigation, and virtual interaction. To address these bottlenecks, this study proposes a novel grating-free three-dimensional light field display system based on structured backlight, aiming to fundamentally eliminate optical aberration-induced image distortion while achieving ultra-wide viewing angles and maintaining system lightweight and scalability. Methods The proposed system employs a Micro-LED array as a controllable structured backlight source, combined with a high-resolution liquid crystal display (LCD) panel. Each Micro-LED unit measures 0.8 mm & times;0.8 mm with a center spacing of 1.425 mm and a divergence angle of 160 degrees , capable of illuminating multiple sub-pixel regions on the overlying LCD panel. To minimize light intensity interference between adjacent LED units, a staggered lighting strategy is implemented, where adjacent LED units are illuminated in a specific alternating pattern. Through geometric modeling and interference analysis, the interference rate calculation formula is derived, systematically analyzing the effects of LED size, spacing, and vertical distance to the LCD panel on interference. Based on these findings, the staggered lighting mode is optimized to effectively reduce interference between adjacent units. The system captures multi-view sequences of three-dimensional objects through off-axis photography, processes these sequences using a light field encoding algorithm to generate encoded images, and loads them onto the LCD panel. A period-matched sub-pixel mapping mechanism is established, where each lighting period corresponds to a specific sub-pixel matrix on the LCD panel. To address spatial misalignment issues between adjacent rows of LED periods in the staggered lighting mode, a viewpoint number offset mechanism is innovatively introduced to ensure consistent viewpoint numbers across all periods in the horizontal direction. A prototype system is constructed based on a 27-inch 5K resolution LCD panel and a custom Micro-LED array backlight module for comprehensive performance evaluation. Results and Discussions Experimental results demonstrate that the prototype system achieves a continuous horizontal viewing angle of up to 120 degrees , providing up to 96 viewpoints within this range. Comparison between actual display results and Blender software rendering effects shows that the prototype accurately reproduces parallax changes of objects from different viewing angles, with edge details and geometric occlusion relationships precisely reconstructed at all viewing angles, highly consistent with theoretical rendering results. The system achieves a depth of field of 30 cm (15 cm outward, 15 cm inward from the screen).

