status,title,authors,year,venue,doi,url,tags,abstract,provider,decision_source,llm_confidence,llm_review_outcome,llm_change_direction
discarded,Using undergraduates as teaching assistants in introductory programming courses,Eric Roberts; John Lilly; Bryan Rollins,1995,,10.1145/199688.199716,https://openalex.org/W1980634480,adjacent-subtopic,"The introductory computer science at Stanford University have a combined annual enrollment of over 1000 students. Teaching introductory programming to a population of this size requires significant instructional support to ensure that students receive the individual attention most beginning programmers need. This paper describes the approach that has evolved at Stanford for the introductory computer science courses, which is based on the extensive use of advanced undergraduates to teach sections of the introductory course. In our experience, using undergraduates as part of the teaching staff has created an effective learning environment for both the students in the classes and the undergraduate section leaders themselves.",openalex,llm,0.960,unreviewed,
kept,Learning to program = learning to construct mechanisms and explanations,Elliot Soloway,1986,Communications of the ACM,10.1145/6592.6594,https://openalex.org/W2138432297,supports-claim,Teaching effective problem-solving skills in the context of teaching programming necessitates a revised curriculum for introductory computer programming courses.,openalex,llm,0.800,unreviewed,
discarded,Computer Science Curricula 2013: Curriculum Guidelines for Undergraduate Degree Programs in Computer Science,Mehran Sahami; Steve Roach; Ernesto Cuadros-Vargas; Andrea Danyluk; Ronald Dodge; Kathleen Fisher; Robert France; Dan Grossman; Beth Hawthorne; Randy Katz; Amruth Kumar; Rich LeBlanc; Dave Reed; Brian H. Robinson; Remzi Seker; Alfred Thompson,2013,,10.1145/2534860,https://openalex.org/W2128886782,off-topic-false-hit,"White S and Vafopoulos M Web Science: Expanding the Notion of Computer Science, SSRN Electronic Journal, 10.2139/ssrn.1919393",openalex,llm,0.980,unreviewed,
discarded,Analyzing the effect of learning styles and study habits of distance learners on learning performances: A case of an introductory programming course,Ünal Çakıroğlu,2014,The International Review of Research in Open and Distributed Learning,10.19173/irrodl.v15i4.1840,https://openalex.org/W1498185105,adjacent-subtopic,"This study examined the relationships among learning styles, study habits, and learning performances in an online programming language course. Sixty-two sophomore students who enrolled in an online introductory programming course participated in the study. Kolb’s Learning Style Inventory (LSI) was used to measure the students’ learning styles. Another inventory developed by the researcher was used to determine learners’ study habits. An achievement test was used to put forward their learning performances. As a result, significant relationships between learning styles, study habits, and learning performances were revealed. The results present some ideas about distance learners’ learning styles and study habits for instructors who wish to incorporate synchronous courses and support learners.",openalex,llm,0.930,unreviewed,
discarded,Interacting factors that predict success and failure in a CS1 course,Nathan Rountree; Janet Rountree; Anthony Robins; Robert Hannah,2004,ACM SIGCSE Bulletin,10.1145/1041624.1041669,https://openalex.org/W2165343097,adjacent-subtopic,"The factors that contribute to success and failure in introductory programming courses continue to be a topic of lively debate, with recent conference panels and papers devoted to the subject (e.g. Rountree et al. 2004, Ventura et al., 2004, Gal-Ezer et al., 2003). Most work in this area has concentrated on the ability of single factors (e.g. gender, math background, etc.) to predict success, with the exception of Wilson et al. (2001), which used a general linear model to gauge the effect of combined factors. In Rountree et al. (2002) we presented the results of a survey of our introductory programming class that considered factors (such as student expectations of success, among other things) in isolation. In this paper, we reassess the data from that survey by using a decision tree classifier to identify combinations of factors that interact to predict success or failure more strongly than single, isolated factors.",openalex,llm,0.940,unreviewed,
discarded,Investigating the effectiveness of the flipped classroom in an introductory programming course,Manoj Souza; Paul Rodrigues,2015,The New Educational Review,10.15804/tner.2015.40.2.11,https://openalex.org/W2968777591,adjacent-subtopic,"A flipped classroom is a teaching-learning environment in which students self-learn content by watching video lectures outside of the classroom and engage in learner-centered activities in the classroom with the guidance of an instructor� Earlier research into programming education has shown that students in the traditional classroom find introductory programming courses hard� This experimental study compared the effectiveness of a flipped classroom (experimental group, N=48) with a traditional classroom (control group, N=52) in two areas: 1� programming self-efficacy; and 2� academic performance� The results show that the students in the flipped classroom increased programming self-efficacy and achieved higher grades�",openalex,llm,0.940,unreviewed,
discarded,Learning to program - difficulties and solutions,Anabela Gomes,2007,,,https://openalex.org/W2342026444,adjacent-subtopic,"Programming is a fundamental part of computer science curriculum, but it is often proble matic. The high drop out and failure rates in introductory programming courses are a universal problem that motivated many researchers to propose methodologies and tools to help students. Although some of these tools have been reported to have a positive effect in stu dents learning, the problem still remains mostly unsolved . We think that there are several reasons that cause thi s learning problem. Maybe the most important is the lack of problem solving abilities that many students sho w. They don't know how to program, because they don't know how to create algorithms, mainly due to their lack of general problem solving abilities. This and othe r causes to student difficulties are discussed in thi s paper. Some possible solutions are proposed, so that probl ems can be reduced.",openalex,llm,0.830,unreviewed,
discarded,Evaluating a course for teaching introductory programming with Scratch to pre-service kindergarten teachers,Michail Kalogiannakis; Stamatios Papadakis,2019,International Journal of Technology Enhanced Learning,10.1504/ijtel.2019.10020447,https://openalex.org/W2930389449,adjacent-subtopic,"A growing number of countries, in Europe and beyond have established clear policies and frameworks for introducing Computational Thinking and computer programming to young children. Researchers, educators, and key stakeholders believe that these skills should be taught and used in early childhood classrooms to initiate the cognitive development of students at an earlier age. The introduction of CT in the curriculum is creating a strong demand for pre-service development, as many teachers did not learn about CT and computer programming in their initial education. In response to this identified need, new initiatives in Universities are underway seeking to bring CT and programming into pre-service teachers' education around the world. We adopted Scratch as the introductory programming language for a semester course in the department of Preschool Education in the University of Crete. The aim of using Scratch was to excite students' interest and familiarise them with the basics of programming. For 13 weeks, students were introduced to the main Scratch concepts and, afterwards, were asked to prepare their projects. For the projects, they were required to develop a game to teach certain concepts about Mathematics or Physical Science and/or present an Aesop myth to preschool age students. The results we obtained were more satisfactory than expected and, in some regards, encouraging.",openalex,llm,0.830,unreviewed,
discarded,WIP: Enhancing Computer Programming Courses with Hardware and Simulation Projects,"Azemi, Asad",2025,"2025 IEEE FRONTIERS IN EDUCATION CONFERENCE, FIE",10.1109/FIE63693.2025.11328736,https://www.webofscience.com/wos/woscc/full-record/WOS:001792342800594,adjacent-subtopic,"This innovative practice WIP paper presents a novel educational approach designed to effectively integrate hardware experiments and simulation-based projects into introductory programming courses, enhancing student engagement and reinforcing foundational programming skills. While foundational programming courses are required for both engineering and computer science curricula, they rarely incorporate hands-on hardware interaction, creating a disconnect between abstract programming concepts and their physical applications. Our methodology addresses this gap by implementing a two-phase approach: students first develop projects in a simulation environment before transitioning to physical hardware implementation. Initial implementation of hardware-based projects in an introductory programming course shows promising indicators of improved concept retention and increased student engagement. This paper details our strategy, project framework, and evaluation plans. The approach offers a practical framework for educators seeking to enrich programming education with tangible computing experiences that better prepare students for the increasingly interconnected landscape of software and hardware development.",wos,llm,0.890,unreviewed,
discarded,Impact of Prior Programming Experience on First-Year Engineering MATLAB Programming Skills,"Cooper, Sydney; Kecskemety, Krista M.",2025,"2025 IEEE FRONTIERS IN EDUCATION CONFERENCE, FIE",10.1109/FIE63693.2025.11328726,https://www.webofscience.com/wos/woscc/full-record/WOS:001792342800584,adjacent-subtopic,"This full paper in the research category investigates the implementation of a programming concept inventory in a first-year engineering course at a large midwestern university. Concept inventories are widely used in STEM disciplines, particularly in physics, and have gained substantial traction over the past three decades given their ability to positively inform curriculum change decisions. A MATLAB Concept Inventory, MSC1, has been developed to support curriculum changes and understand challenges unique to introductory programming courses in engineering. One problem many first-year engineering programs face is the challenge of teaching computing to students with varied prior knowledge levels. This research investigates: How does prior programming experience influence both performance and conceptual learning gains in a first-year engineering course focused on programming fundamentals, as measured by the MCS1 concept inventory? The assessments were given to first-year engineering students in a pre/post-assessment format from 2021-2024. Overall student scores improved from the beginning to the end of the semester with the largest increases coming from students without prior programming experience. Additionally, while initial testing of the concept inventory assessment in 2019 showed no difference at the post-assessment based on prior programming experience, there are differences in the post-test results between the two populations. The findings from the analysis contribute to a more nuanced understanding of how prior experience effects programming conceptual development in introductory programming courses. This insight is crucial for optimizing curriculum and ensuring all students, regardless of background, develop the necessary skills for success in engineering education and future careers.",wos,llm,0.860,unreviewed,
discarded,Can Technology Promote Self-Directed Learning in Introductory Computing Courses?,"Basu, Debarati; Blalock, Abigail; Rohrbacher, Chad M.",2025,"2025 IEEE FRONTIERS IN EDUCATION CONFERENCE, FIE",10.1109/FIE63693.2025.11328195,https://www.webofscience.com/wos/woscc/full-record/WOS:001792342800068,adjacent-subtopic,"This research full paper presents empirical evidence on the self-direction of first-year engineering students in learning programming, a critical skill for fostering lifelong learning in the dynamic field of computing. The study investigates how students' self-directed learning (SDL) changes over the course of an introductory programming course and examines the role of educational technologies, specifically MATLAB Grader and Live Script files, in supporting this process. Using a quasi-experimental design, data were collected from seven sections of the same course (n = 121), all of which followed identical content and assessments. SDL was measured using the 25-item Personal Responsibility Orientation to Self-Direction in Learning Scale (PRO-SDLS), which conceptualizes self-direction in learning as both a personality trait and a product of the learning environment. Two sections formed the experimental group and used MATLAB Grader and Live Script to enhance SDL, while the remaining sections followed traditional instruction. Findings indicate that students in the experimental group perceived these technologies as valuable tools that supported autonomy and self-directed learning. However, despite these positive perceptions, there was no significant shift in students' overall self-perceptions of their SDL from the beginning to the end of the course. This finding suggests that while educational technologies can facilitate aspects of SDL, such as autonomy, reflection, and hands-on engagement, technology alone may not be sufficient to shift students' self-perceptions about SDL. The findings offer important implications for how educational technologies are integrated into early computing courses to support the development of self-directed, lifelong learners.",wos,llm,0.900,unreviewed,
discarded,WIP: Assessing the Use of GenAI to Foster Algorithmic Thinking in an Introductory Engineering Course,"Ortega-Alvarez, Juan D.; Bego, Campbell R.; Leal, Andres Nieto",2025,"2025 IEEE FRONTIERS IN EDUCATION CONFERENCE, FIE",10.1109/FIE63693.2025.11328388,https://www.webofscience.com/wos/woscc/full-record/WOS:001792342800257,adjacent-subtopic,"This work-in-progress research paper focuses on algorithmic thinking and GenAI use for programming within a first-year engineering course. In introductory programming courses, students may use GenAI to generate correct solutions without fully engaging in the assignments, thus circumventing the learning process. But students may also engage with GenAI in ways that improve their algorithmic thinking ability. Research is needed to understand whether and how GenAI can be integrated to improve first-year engineering students' programming skills. A necessary first step in this direction is establishing relevant competencies and assessments.

In Fall 2024, students in an introductory engineering course at Virginia Tech were permitted to use GenAI within fair use conditions. At the end of the semester, students responded to two instruments: 1) an anonymous survey asking whether and how they used GenAI to submit assignments during the programming unit of the course, and 2) a simplified version of an existing algorithmic thinking instrument.

Preliminary findings indicate that around 70% of students reported using GenAI to assist with programming assignments without explicit guidance, though over 80% characterized this use as occasional. More than 75% of students reported using GenAI primarily for syntax assistance. The algorithmic thinking results suggest substantial variability in skill level across students, regardless of their self-reported programming experience.

This study suggests that algorithmic thinking, as measured by an abbreviated scale in introductory programming courses, may not correlate with other desirable programming outcomes, like assignment performance, and additional measures may be needed to evaluate the impact of GenAI.",wos,llm,0.850,unreviewed,
discarded,The Effects of Difficulty-Based Question Adaptivity in Formative Assessment on Introductory Programming Learning,"Thangaraj, Jagadeeswaran; Wards, Monica; O'riordan, Fiona",2025,"33RD INTERNATIONAL CONFERENCE ON COMPUTERS IN EDUCATION CONFERENCE PROCEEDINGS, ICCE 2025, VOL II",,https://www.webofscience.com/wos/woscc/full-record/WOS:001815994100022,adjacent-subtopic,"Introductory programming is an essential component of computer science education, yet many students find it challenging. An important factor in students' success in programming courses is their motivation and self-confidence. Numerous formative assessment systems have been designed to increase students' self-confidence. These systems are capable of automatically evaluating student work and delivering immediate feedback. Students gain confidence as a result of formative assessment's automatic feedback, which enables them to better evaluate their own work and make improvements. Many formative assessment systems ask the same questions of students with varying skill levels. Therefore, the objectives of this paper are: first, to introduce an adaptive strategy in formative assessment that poses the questions using difficulty levels; second, to determine whether this adaptive formative assessment framework can help students feel more confident by introducing common code errors, and third, to evaluate how well students performed following an adaptive formative assessment activity. An experimental study with 62 undergraduate Non-CS participants (novices) was conducted to accomplish these objectives. In- depth analyses were performed on the self-rated confidence, test results and completion time. According to the findings, novices feel significantly better confident after taking the adaptive formative assessment quizzes. However, the self-rated confidence declines over the advanced topics of programming. Additionally, students who took part in the revision adaptive formative assessment exercise performed better on their test. Findings showed that employing difficulty-based question adaptivity in formative assessment was more likely to motivate students and increase their self-confidence.",wos,llm,0.880,unreviewed,
discarded,An Adaptive Gamification Optimization Algorithm for Analyzing Programming Learning Difficulties,"Das Bather, Jairam; Saleem, Muhammad; Ahmed, Nisar; Khaskheli, Zahid Hussain; Waheed, Zoha; Kolachi, Ali; Ghaffar, Umer",2026,MEHRAN UNIVERSITY RESEARCH JOURNAL OF ENGINEERING AND TECHNOLOGY,10.22581/muet1982.0792,https://www.webofscience.com/wos/woscc/full-record/WOS:001826389000001,adjacent-subtopic,"Introductory programming courses worldwide continue to experience high failure an dropout rates, contributing to a persistent shortage of skilled software professionals This study develops and empirically evaluates an Adaptive Gamification Design Mode (AGDM) to address programming learning difficulties (PLDs). A three-phase mixed methods design was employed. Phase I used a PRISMA-guided systematic review o studies published from 2010 to 2025 (N = 112) to construct a multidimensiona Programming Learning Difficulty Taxonomy (PLDT) encompassing cognitive affective, and instructional challenges. In Phase II, the taxonomy was validated throug exploratory and confirmatory factor analyses of survey data from 842 undergraduat computer science and software engineering students at four public universities. Phas III comprised a 14-week quasi-experimental intervention involving a control group ( = 142) and an adaptive-gamification group (n = 144). Cognitive load, syntax anxiety and self-efficacy deficit significantly predicted course failure. Compared wit traditional instruction, the AGDM environment produced higher academi performance and intrinsic motivation and reduced the dropout rate from 34% to 12% Structural equation modeling indicated that engagement and self-efficacy mediated th relationship between adaptive gamification and academic performance. The framewor is operationalized through the Adaptive Gamification Optimization Algorithm (AGOA), which dynamically adjusts task difficulty, feedback scaffolding, an motivational incentives according to each learner's PLDT profile. The study contribute a validated taxonomy and a scalable adaptive-gamification framework that can b integrated into computing curricula to support competence, retention, and personalize learning.",wos,llm,0.810,unreviewed,
