status,title,authors,year,venue,doi,url,tags,abstract,provider,decision_source,llm_confidence,llm_review_outcome,llm_change_direction
discarded,Components of Education 4.0 in 21st Century Skills Frameworks: Systematic Review,Laura Icela González-Pérez; María Soledad,2022,Sustainability,10.3390/su14031493,https://openalex.org/W4210621793,off-topic-false-hit,"Responsive educational proposals to develop skills to meet the demands of Industry 4.0 have become imperative to guarantee inclusive, equitable, and quality education and promote lifelong learning opportunities for all, also reducing the negative impact of COVID-19 and the major post-pandemic social issues. This article analyzes which components of Education 4.0 have been considered in 21st century skills frameworks and identifies the teaching and learning methods and key stakeholders impacted. We conducted a systematic literature review (SLR) with research questions to highlight studies that address 21st century frameworks worldwide, identifying which teaching-–earning strategies contain 4.0 components, their learning dimensions, and the targeted stakeholders. The findings allowed us to identify opportunities to create or improve 21st century skills frameworks with the required Education 4.0 components to develop future skills. Our study revealed the absence of these frameworks for teachers and schools. Most are oriented toward students, developing competencies through the dimensions of character, meta-learning, and linking active learning teaching strategies. This work presents studies incorporating innovative educational practices and the core Education 4.0 components. It concludes with a reflection on creating educational models to develop complex-reasoning competencies and auto-systemic thinking to support problem-solving and address social needs.",openalex,llm,0.980,unreviewed,
discarded,Integrating Computational Thinking into Elementary Science Curriculum: an Examination of Activities that Support Students’ Computational Thinking in the Service of Disciplinary Learning,Kevin P Waterman; Lynn T. Goldsmith; Marian Pasquale,2019,Journal of Science Education and Technology,10.1007/s10956-019-09801-y,https://openalex.org/W2989972365,adjacent-subtopic,"Abstract Using an example of a grade 3 science unit about population changes during competition for resources, we describe how we integrated computational thinking (CT) into existing curriculum identifying three levels of depth of integration: identifying connections that already exist, enhancing and strengthening connections, and extending units to include activities that more explicitly develop students’ CT. We discuss students’ understanding of the relationship between a simple model of an ecosystem and the actual phenomenon it represents, their engagement with the unit’s data-gathering and data analysis activities, their ability to engage in sense-making regarding data they generated and analyzed, and how collectively the study supports their understanding of the complex system. This example module is part of “Broadening Participation of Elementary School Teachers and Students in Computer Science through STEM Integration and Statewide Collaboration,” a National Science Foundation-funded collaboration among Massachusetts teacher educators, researchers, teachers, and state-level education administrators that developed and implemented a number of elementary grade, CT-integrated science and mathematics curriculum modules. Collectively, these modules are designed to develop practices related to several key CT topics: abstraction, data, modeling and simulation, and algorithms. These CT topics support the development of core skills related to, but not exclusively the domain of, computer science. The strategy of integrating CT into core elementary STEM subject areas was intended to cultivate CT practices in support of science learning.",openalex,llm,0.860,unreviewed,
kept,Coding with Minecraft: The Development of Middle School Students’ Computational Thinking,Emine Kutay; Diler Öner,2022,ACM Transactions on Computing Education,10.1145/3471573,https://openalex.org/W4211211764,supports-claim,"The purpose of this study is to examine the role of Minecraft-based coding activities on computational thinking (CT) of middle school students. In the study, CT was conceptualized so that it encapsulates not only the knowledge of computational concepts (e.g., loops and conditionals) but also the use of CT practices (e.g., testing and debugging). Data were collected using a combination of knowledge of computational concepts tests, the Minecraft-based coding artifacts, and one-on-one student interviews focusing on the processes of developing computational artifacts. The participants were 20 fifth-grade middle school students from a low-income public school with very limited (if none) formal computer programming experiences before the study. The Minecraft-based coding activities were designed and implemented as an instructional program to last 6 weeks. The results of the study showed a statistically significant increase in students’ knowledge of computational concepts. Based on the analysis of the students’ final coding artifacts, we identified that students mostly used the concepts of sequences, events, loops, and parallelism correctly, whereas variables, operators, and conditionals appeared to be the least successfully used concepts. The qualitative analysis of the artifact-based interviews showed that students employed the CT practices of testing and debugging most of the time while developing an artifact through coding. In contrast, the least resorted CT practice appeared to be reusing and remixing.",openalex,llm,0.900,unreviewed,
discarded,Gesture-Controlled AR Robotic Puzzle for Computational Thinking,"Catuncan, Enoch Luis Soriano; Ibrahim, Malak",2026,"EXTENDED ABSTRACTS OF THE 2026 CHI CONFERENCE ON HUMAN FACTORS IN COMPUTING SYSTEMS, CHI 2026",10.1145/3772363.3799179,https://www.webofscience.com/wos/woscc/full-record/WOS:001810920200340,adjacent-subtopic,"Computational thinking (CT) is a central goal in K-12 education, yet learners often struggle to connect abstract programs to physical consequences. We present a gesture-controlled augmented reality (AR) robotic puzzle environment that supports multi-modal programming over a shared computational state. A mobile robot navigates a physical board spatially registered to an AR puzzle world on a tablet. We conducted a formative study with two participants (an HCI professor and a computer science student) to examine usability and interaction design considerations. Results indicate that the sequencer supported efficient planning and reflection, whereas gesture-based control introduced reliability and feedback challenges, including recognition uncertainty and unclear state-to-action confirmation. Participants found puzzle authoring engaging but reported difficulty constructing meaningful challenges, suggesting a need for scaffolding. This work contributes a mixed-reality robotic puzzle platform that enables transitions between symbolic sequencing, embodied control, and learner-authored environment design, highlighting key requirements for supporting CT learning.",wos,llm,0.800,unreviewed,
discarded,Not all collaboration benefits from competition: Collaboration modes in a computational thinking game,"Chen, Ching-Huei; Huang, Kun",2026,BRITISH JOURNAL OF EDUCATIONAL TECHNOLOGY,10.1111/bjet.70081,https://www.webofscience.com/wos/woscc/full-record/WOS:001837606000001,adjacent-subtopic,"Digital game-based learning often leverages social dynamics to enhance engagement, yet the interplay between collaborative structures and competitive pressures remains complex. This study investigated different collaboration modes and how they interact with competition to influence computational thinking (CT) learning, group metacognition and in-game behaviours. Adopting a quasi-experimental approach with a 3 & times; 2 factorial design, 148 seventh-grade students were recruited via purposive sampling from intact classes. Participants played the game in pairs, with or without competition, in one of three collaboration modes: paired gaming on one computer, collaboration on respective computers with turn-taking or cooperation on respective computers with role assignment. Data were analysed using quantitative methods to assess learning outcomes and behavioural sequence analysis to identify interaction patterns. Results revealed significant main effects of collaboration mode and an interaction effect between collaboration and competition. The cooperative group with competition achieved the highest CT outcomes, and the paired gaming group with competition reported the highest level of group metacognition. In contrast, the collaborative group with competition had the lowest level of learning outcomes and group metacognition. Behavioural sequence analyses identified unique patterns that corroborate the quantitative findings. Notably, competition undermined the collaborative turn-taking mode while enhancing cooperative and paired gaming modes, highlighting the need to carefully match collaboration structures with competitive elements in designing game-based learning.Practitioner notes What is already known about this topic Collaboration and competition are widely used in digital game-based learning (DGBL) to enhance engagement, motivation and problem-solving. Prior studies have often examined collaboration and competition separately, leaving the interactive effects between these social dynamics on computational thinking (CT) and group metacognition underexplored. What this paper adds Different collaboration modes significantly shaped CT learning and group metacognition. Competition alone showed no benefits for CT learning or group metacognition. Cooperative + competition fostered clear roles, strategic play and higher CT. Competition weakened collaboration learning's CT performance and led to fragmented behaviours. Implications for practice and policy Carefully match collaboration structures with competition features when designing game-based or group learning activities. Use competition selectively-beneficial in cooperative tasks with clear role assignments, but potentially detrimental in open collaboration requiring trust and mutual regulation. Integrate competitive and collaborative elements intentionally rather than additively.",wos,llm,0.870,unreviewed,
discarded,Developing pre-service teachers' TPACK for programming simulations,"Karlsen, Niklas; Aalbergsjo, Siv",2026,ETR&D-EDUCATIONAL TECHNOLOGY RESEARCH AND DEVELOPMENT,10.1007/s11423-026-10674-3,https://www.webofscience.com/wos/woscc/full-record/WOS:001822794900001,adjacent-subtopic,"Modeling using simulations is a promising approach for integrating programming into science education. In this paper we use the technological pedagogical and content knowledge (TPACK) framework developed by Mishra and Koehler () to examine and develop pre-service teachers' (PSTs') knowledge of integrating computational thinking into science education in the context of programming simulations in Scratch. We have used design-based research to develop a learning sequence for PSTs concerning this topic. Through two iterations we explored how the learning sequence contributed to developing PSTs' TPACK. We investigated PSTs' learning processes when they designed lesson plans for teaching programming of simulations in science education aimed at the lower secondary level. Our results suggest that PSTs' TPACK developed when creating lesson plans fitted to simulations created during the learning sequence. In addition, we found that PSTs shifted their focus from the programming content to the science content when we made the inquiry and modeling elements more explicit during the programming. Based on this, we propose design principles for developing PSTs' TPACK related to the programming of simulations of science phenomena.",wos,llm,0.880,unreviewed,
discarded,Deep reinforcement learning-based optimization design for college data structures course content,"Che, Dongjuan; Zhou, Jianwei",2026,DISCOVER APPLIED SCIENCES,10.1007/s42452-026-08714-x,https://www.webofscience.com/wos/woscc/full-record/WOS:001795854900003,off-topic-false-hit,"Effective teaching of college-level Data Structures is critical for improving students' computational thinking and problem-solving skills. But traditional static course designs often fail to accommodate diverse learning needs, resulting in suboptimal engagement and knowledge retention. Addressing this challenge, this research proposes an adaptive curriculum optimization framework using Weighted Pelican-Double Deep Q Network (WP-Double DQN) to dynamically design and sequence course content. 2000 student performance data were collected from open sources, including Learning Management Systems (LMS), quiz scores, assignment submissions, and classroom interaction logs. To ensure high-quality, constant data for the learning optimization process, missing value imputation and normalization were applied. Subsequently, Principal Component Analysis (PCA) was utilized for feature extraction, reducing dimensionality while retaining key indicators such as comprehension, problem-solving ability, and engagement trends. The WP-Double DQN agent models curriculum design as a sequential decision-making process, selecting and prioritizing modules to maximize learning rewards. Its weighted double Q-learning reduces overestimation errors, ensuring accurate evaluation of module impact, while the Pelican-inspired weighting emphasizes high-impact modules, directly supporting the objective of delivering a personalized, adaptive, and effective learning experience that enhances student understanding and engagement. Experimental results are evaluated by Python 3.10, and they demonstrate that the proposed framework significantly predicts improvement of student outcomes, achieving 95.4% accuracy, 93.2% recall, 94.3% F1-score, 94.4% precision, 0.12 MAE, 0.15 RMSE, and 0.96 AUC-ROC. This research provides a novel Deep Reinforcement Learning (DRL)-driven methodology for curriculum optimization, highlighting the potential of WP-Double DQN for intelligent, data-informed educational design and broader applications in adaptive learning systems.",wos,llm,0.980,unreviewed,
kept,Computational Thinking in Childhood Education: Exploring Fundamental Components Through Playful Unplugged Tasks and Storytelling,"Estrella, Soledad; Ramirez, Brahiam; Santibanez, Patricio; Mondaca-Saavedra, Alejandra; Araya, Roberto; Olfos, Raimundo; Parraguez, Marcela",2026,EARLY CHILDHOOD EDUCATION JOURNAL,10.1007/s10643-026-02230-8,https://www.webofscience.com/wos/woscc/full-record/WOS:001764170600001,supports-claim,"This study explores computational thinking among 6-8-year-old students (Grades 1-2) through a sequence of playful unplugged tasks embedded in a story-based narrative context. The tasks were conceived to progressively introduce fundamental Computational Thinking components-decomposition, abstraction, algorithm design, and debugging. The learning sequence activated visuospatial skills through kinesthetic activities, motivation and contextualization through storytelling, along with pair-based problem-solving focused on matching characters in a binary-structured tree, aiming at the production of precise, and concrete-material instructions. The methodology combined qualitative analysis of classroom interactions in video recordings and photographic performance. Results indicate that children decomposed complex problems into manageable parts, recognized patterns, and designed logical instruction sequences, suggesting that a playful approach and pair work can contribute to Computational Thinking development. The study supports the viability and relevance of integrating computational thinking into the primary school curriculum through unplugged, playful tasks that are contextually relevant for these ages.",wos,llm,0.940,unreviewed,
discarded,Wi-FAB: An Applied Educational Workflow for Prototyping Discrete Components with Planar-Joint Assemblies Through Creative Robotics,"Henriques, Goncalo Castro; Engel, Pedro; Sardenberg, Victor; Angeletti, Davide; Naboni, Roberto",2026,BUILDINGS,10.3390/buildings16061212,https://www.webofscience.com/wos/woscc/full-record/WOS:001725802800001,off-topic-false-hit,"Scarce global resources and reliance on non-renewable materials demand ecological, technology-integrated solutions. In Brazil, abundant wood resources remain underused in architectural education and practice. Introducing skills in curricula is essential for change and future adoption. This study developed a computational and digital fabrication methodology to rethink wood, exploring collaborative robotic assembly to build an embodied understanding of construction constraints. The Wood Innovation for Architecture in Brazil (WI-FAB) unites LAMO UFRJ and SDU CREATE robotics expertise and frames a pedagogical experiment in sustainable wood-structure design. The semester-long course tested whether the design framework could link computation, material behaviour, and assembly constraints as a pedagogical tool; the intensive workshop investigated how robotic assembly can enhance physical-digital workflows and inform future integration. The research-through-teaching methodology consisted of three phases: preliminary research, course testing, and a robotics workshop testing assembly workflows. Preliminary research developed a pedagogical framework comprising a kit of parts, joint types and string grammars tested within the semester-long course to support parametric rules and assembly sequencing. Participants assembled component ""letters"" that combined into ""words"" and then into ""phrases"", developing computational and constructional understanding and converting parametric rules into tangible prototypes through iterative design-build-test cycles. Key outcomes include validation of parametric assembly rules through string grammars in the course; analysis of the robotics workshop applied four criteria (Assembly Movement; Component Geometry and Dimensions; Component Number and Slot Number; Complexity and Assembly Time) to evaluate assembly performance and workflow integration. Robotics stimulated physical-digital loops, accelerating design-to-assembly learning and informing full-scale developments. WI-FAB promotes reversible assembly, material reuse and circular-economy principles and contributes to the development of the forthcoming Sabi & aacute; parametric plugin for wooden joint design.",wos,llm,0.990,unreviewed,
discarded,The Relationship Between Pattern Skills and Computational Thinking Skills in Young Children Aged 5-6,"Bayik, Roza Nur; Ceylan, Mehmet",2026,INTERNATIONAL JOURNAL OF SCIENCE AND MATHEMATICS EDUCATION,10.1007/s10763-026-10662-2,https://www.webofscience.com/wos/woscc/full-record/WOS:001724266200001,adjacent-subtopic,"The significance of computational thinking (CT) and mathematical skills in early childhood development is well-documented. These foundational skills are crucial for later academic success. Despite numerous theoretical studies exploring the intersections of CT and mathematical abilities, there is a notable gap in empirical research at the preschool level. This study aims to fill this gap by examining the relationship between CT and patterning skills (PS) in 5-6-year-old children. PS was selected because it is a fundamental topic in early childhood mathematics and aligns with key CT concepts. Using a quantitative, correlational research design, empirical data were collected from 183 children aged 61-72 months. On the same day, the Computational Thinking Test (CTT) and the Preschool Pattern Skills Test (PPST) were administered. The results indicate that PPST scores accounted for 22% of the variance in CTT scores, even after controlling for demographic variables, supporting the theoretical framework that PS are a key component of CT. The study underscores the need for further research to explore the relationship between mathematical skills and CT, incorporating additional mathematical dimensions and other cognitive aspects. This would provide a more comprehensive understanding of how different mathematical abilities contribute to CT development. The study fills a critical gap in understanding the relationship between CT and mathematical skills in preschoolers, with significant implications for early childhood education.",wos,llm,0.880,unreviewed,
