status,title,authors,year,venue,doi,url,tags,abstract,provider,decision_source,llm_confidence,llm_review_outcome,llm_change_direction
discarded,Controversies and reality of the FODMAP diet for patients with irritable bowel syndrome,Emma P. Halmos; Peter R Gibson,2019,Journal of Gastroenterology and Hepatology,10.1111/jgh.14650,https://openalex.org/W2920947995,off-topic-false-hit,"Since its first trial showing evidence of efficacy for managing symptoms of irritable bowel syndrome, the fermentable oligosaccharides, disaccharides, monosaccharides, and polyols (FODMAP) diet has been gaining popularity but not without criticism. Application of the diet has changed from a rigid list of ""allowed"" and ""not allowed"" foods to a structured program of initial FODMAP restriction followed by food reintroduction and finally personalization so that patients are empowered to adjust their diet themselves to achieve good predictability of symptoms. Safety concerns of the diet have centered around its initial elimination leading to compromise of nutritional and psychological health, but careful patient assessment and management, preferably through a FODMAP-trained dietitian, will reduce the risk of such negative health outcomes. Most negative attention for the FODMAP diet has been the notion that it will ruin the microbiota. Controlled studies have indicated that reducing FODMAP intake has no effects on bacterial diversity but will reduce total bacterial abundance, and higher FODMAP intakes will increase health-promoting bacteria, supporting the concept of the full FODMAP program, including attaining a minimal ""maintenance"" level of FODMAP restriction. This review addresses all these concerns in detail and how to overcome them, including the use of a ""FODMAP-gentle"" diet, describing restriction of a select few foods very concentrated in FODMAPs. This version of the diet is commonly applied in practice by experienced FODMAP-trained dietitians but is not clearly described in literature. Careful direction and assessment of response or nonresponse will decrease the risks of over-restriction and under-restriction of diet.",openalex,llm,1.000,unreviewed,
discarded,Group Argument,David R. Seibold; Renée A. Meyers,2007,Small Group Research,10.1177/1046496407301966,https://openalex.org/W2162108200,off-topic-false-hit,"This article reviews and assesses the structuration program of research on group argument that has evolved over more than two decades. The authors first position group argument research in relationship to argument studies across many disciplines and especially at the intersection of three research traditions in communication. Acknowledging structuration theory foundations, the authors explicate their conceptualization of argument and explain the theoretical foundations of their approach. They next describe the methods that have been used to analyze group argument, including participants, data collection procedures, coding scheme and process, and contexts that have been employed in past investigations. They also survey the findings of this research program and how they have enhanced understanding of argument processes in groups and group argument—outcome linkages. The authors then offer a critique of the program, including challenges and unanswered questions. They note projects currently under way and conclude by identifying opportunities for interdisciplinary research on group argument.",openalex,llm,1.000,unreviewed,
discarded,Screening for Lung Cancer,Frank C. Detterbeck; Peter J. Mazzone; David P. Naidich; Peter B. Bach,2013,CHEST Journal,10.1378/chest.12-2350,https://openalex.org/W2129663164,off-topic-false-hit,"Background: Lung cancer is by far the major cause of cancer deaths largely because in the majority of patients it is at an advanced stage at the time it is discovered, when curative treatment is no longer feasible. This article examines the data regarding the ability of screening to decrease the number of lung cancer deaths.

Methods: A systematic review was conducted of controlled studies that address the effectiveness of methods of screening for lung cancer.

Results: Several large randomized controlled trials (RCTs), including a recent one, have demonstrated that screening for lung cancer using a chest radiograph does not reduce the number of deaths from lung cancer. One large RCT involving low-dose CT (LDCT) screening demonstrated a significant reduction in lung cancer deaths, with few harms to individuals at elevated risk when done in the context of a structured program of selection, screening, evaluation, and management of the relatively high number of benign abnormalities. Whether other RCTs involving LDCT screening are consistent is unclear because data are limited or not yet mature.

Conclusions: Screening is a complex interplay of selection (a population with sufficient risk and few serious comorbidities), the value of the screening test, the interval between screening tests, the availability of effective treatment, the risk of complications or harms as a result of screening, and the degree with which the screened individuals comply with screening and treatment recommendations. Screening with LDCT of appropriate individuals in the context of a structured process is associated with a significant reduction in the number of lung cancer deaths in the screened population. Given the complex interplay of factors inherent in screening, many questions remain on how to effectively implement screening on a broader scale.",openalex,llm,1.000,unreviewed,
discarded,Send-Receive Considered Harmful: Toward Structured Parallel Programming.,Sergei Gorlatch,2019,The Art of Structuring,10.1007/978-3-030-06234-7_48,https://dblp.org/rec/books/sp/19/Gorlatch19,adjacent-subtopic,,dblp,llm,0.800,unreviewed,
discarded,Toward Structured Parallel Programming: Send-Receive Considered Harmful.,Sergei Gorlatch,2018,"Models, Mindsets, Meta",10.1007/978-3-030-22348-9_13,https://dblp.org/rec/conf/birthday/Gorlatch18,adjacent-subtopic,,dblp,llm,0.800,unreviewed,
kept,Structured programming considered harmful.,William Slater; Howard Modell,1978,ACM SIGPLAN Notices,10.1145/953411.953418,https://dblp.org/rec/journals/sigplan/SlaterM78,qualifies-claim,,dblp,llm,0.890,unreviewed,
kept,&quot;Structured programming&quot; considered harmful.,Paul W. Abrahams,1975,ACM SIGPLAN Notices,10.1145/987278.987280,https://dblp.org/rec/journals/sigplan/Abrahams75,qualifies-claim,,dblp,llm,0.840,unreviewed,
discarded,Exploring the Frontier of Software Engineering Education with Chatbots,"Fernandez-y-Fernandez, C. A.; Sanchez-Soto, E.; Cisnero, J. R. Aguilar; Juarez-Ramirez, R.",2024,PROGRAMMING AND COMPUTER SOFTWARE,10.1134/S0361768824700774,https://www.webofscience.com/wos/woscc/full-record/WOS:001397128000014,adjacent-subtopic,"This article explores the potential of chatbots to bridge the gap for students transitioning from structured programming to object-oriented programming (OOP). We delve into the advantages and disadvantages of using chatbots like ChatGPT 3.5 and 4.0, Gemini, and Bing to assist with OOP learning. While these tools offer benefits like providing code examples and explanations, limitations exist in accurate problem interpretation and adherence to best practices.

Building upon the previous student-focused analysis, we present the results of a new survey targeting software engineering teachers: 'Survey on the Use of AI Chatbots in Teaching Software Engineering'. This survey sheds light on how educators integrate chatbots into their curriculum and their perspectives on their effectiveness.

The original student survey revealed positive impressions of chatbots as study aids, with a high percentage utilizing and finding them valuable. The teacher survey will provide further insights into their role in the teaching and learning process, ultimately contributing to the development of more efficient software engineers. Recognizing and addressing the limitations of chatbots remains crucial to maximizing their potential in OOP education. This paper is an extension of work originally presented in Conisoft 2023 [1].",wos,llm,0.970,unreviewed,
discarded,GSParLib: A multi-level programming interface unifying OpenCL and CUDA for expressing stream and data parallelism,"Rockenbach, Dinei A.; Araujo, Gabriell; Griebler, Dalvan; Fernandes, Luiz Gustavo",2025,COMPUTER STANDARDS & INTERFACES,10.1016/j.csi.2024.103922,https://www.webofscience.com/wos/woscc/full-record/WOS:001311837500001,adjacent-subtopic,"The evolution of Graphics Processing Units (GPUs) has allowed the industry to overcome long-lasting problems and challenges. Many belong to the stream processing domain, whose central aspect is continuously receiving and processing data from streaming data producers such as cameras and sensors. Nonetheless, programming GPUs is challenging because it requires deep knowledge of many-core programming, mechanisms and optimizations for GPUs. Current GPU programming standards do not target stream processing and present programmability and code portability limitations. Among our main scientific contributions resides GSParLib, a C++ multi-level programming interface unifying CUDA and OpenCL for GPU processing on stream and data parallelism with negligible performance losses compared to manual implementations; GSParLib is organized in two layers: one for general-purpose computing and another for high-level structured programming based on parallel patterns; a methodology to provide unified and driver agnostic interfaces minimizing performance losses; a set of parallelism strategies and optimizations for GPU processing targeting stream and data parallelism; and new experiments covering GPU performance on applications exposing stream and data parallelism.",wos,llm,0.950,unreviewed,
discarded,The Experiences and Perspectives of African-Australian Community Service Providers Who Work with At-Risk and Justice-Involved Youth,"Shepherd, Stephane; Bailey, Aisling; Masuka, Godwin",2022,INTERNATIONAL JOURNAL OF OFFENDER THERAPY AND COMPARATIVE CRIMINOLOGY,10.1177/0306624X211022652,https://www.webofscience.com/wos/woscc/full-record/WOS:000657992600001,off-topic-false-hit,"African-Australian young people are over-represented in custody in the state of Victoria. It has been recognized in recent government and stakeholder strategic plans that African-Australian community service providers are well placed to help address the increasing complex needs of at-risk African-Australian youth. However little is known about the capacities of such providers to effectively contend with this growing social concern. In response, this study aimed to explore the perspectives and operational (service delivery and governance) experiences of African-Australian community organizations which provide services to at-risk young people in Victoria. Through a series of in-depth interviews with the leadership of eight key African-Australian service providers, we aimed to identify their perceived strengths, obstacles faced and proposed strategies to realize key objectives. Perspectives on key risk factors for young African-Australian justice system contact were also gathered. Several themes were extracted from the interviews, specifically (i) Risk factors for African-Australian youth justice-involvement (school disengagement, peer delinquency, family breakdown, intergenerational discord, perceived social rejection), (ii) The limitations of mainstream institutions to reduce African-Australian youth justice-involvement (too compliance focused, inflexible, business rather than human-centered, disconnected from communities and families), (iii) The advantages of African-Australian community service providers when working with African-Australian youth (community credibility, client trust, flexibility, culturally responsive), (iv) The challenges faced by African-Australian service providers (lack of funding/resources, professional staff shortages, infrastructural/governance limitations), and (v) ""What works"" in service provision for at-risk African-Australians (client involvement in program design, African staff representation, extensive structured programming matched with client aspirations, prioritizing relationship building, persistent outreach, mental health and legal literacy for clients and families). Implications for service delivery and social policy are discussed within.",wos,llm,1.000,unreviewed,
discarded,"Assessing Students' Object-Oriented Programming Skills with Java: The ""Department-Employee"" Project","Zhang, Xihui; Crabtree, John D.; Terwilliger, Mark G.; Redman, Tyler T.",2020,JOURNAL OF COMPUTER INFORMATION SYSTEMS,10.1080/08874417.2018.1467243,https://www.webofscience.com/wos/woscc/full-record/WOS:000531050300008,adjacent-subtopic,"Java is arguably today's most popular and widely used object-oriented programming language. Learning Java is a daunting task for students, and teaching it is a challenging undertaking for instructors. To assess students' object-oriented programming skills with Java, we developed the ""Department-Employee"" project. In this article, we review the history of object-oriented programming, provide an overview of object-oriented programming with Java, and present a summary of existing Java projects and their limitations. We also provide the project specifications as well as the course background, grading rubric, and score reports. Survey data are presented on students' backgrounds, as well as students' perceptions regarding the project. Results from the instructor score reports, correlation of the project score and the final course score, and student perceptions show that the ""Department-Employee"" project is effective in assessing students' object-oriented programming skills with Java.",wos,llm,0.960,unreviewed,
discarded,Effects of a Structured Resources-based Web Issue-Quest Approach on Students' Learing Performances in Computer Programmign Courses,"Hsu, Ting-Chia; Hwang, Gwo-Jen",2017,EDUCATIONAL TECHNOLOGY & SOCIETY,,https://www.webofscience.com/wos/woscc/full-record/WOS:000405589800007,adjacent-subtopic,"Programming concepts are important and challenging to novices who are beginning to study computer programming skills. In addition to the textbook content, students usually learn the concepts of programming from the web; however, it could be difficult for novice learners to effectively derive helpful information from such non-structured open resources. Few studies have addressed this issue by proposing different web issue-quest approaches and investigating the effects of learning with different web resources on students' learning performances in computer programming courses, not to mention the use of statistical methods for analyzing the factors affecting students' learning outcomes. Therefore, in this study, a structured-resource issue-quest approach is proposed to support structured programming learning activities. An issue-quest learning environment was developed, and an experiment was conducted to compare the learning achievement of the students who learned with the proposed approach (experimental group) with that of the students who learned with the conventional open-resource-based issue quest approach (control group). The participants were 418 tenth graders (214 in the experimental group and 204 in the control group) who were 16 years old on average. Structural Equation Modeling (SEM) was employed to investigate and compare the effects of the Web Issue-Quest approaches (i. e., open resource-based issue quest and structured resource-based issue quest) on the students' learning perceptions based on an extended technology acceptance model (ETAM). The experimental results showed that the structured resource-based issue quest approach benefited the novices more in terms of their learning achievements related to the computer programming concepts. Meanwhile, the SEM analysis showed that the two groups of students had equivalent perceptions of the usefulness, ease-of-use and enjoyment of learning with the two issue quest modes. This implies that the structured resource-based issue quest approach was helpful to the students in terms of improving their learning performance, while the limitation of access to open resources did not affect their learning perceptions.",wos,llm,0.810,unreviewed,
discarded,ROBOTICS: A TEACHING TOOL FOR STEM EDUCATION IN HIGH SCHOOL,"Costa, Valter; Sousa, Armando; Cunha, Tiago; Morais, Carlos",2015,EDULEARN15: 7TH INTERNATIONAL CONFERENCE ON EDUCATION AND NEW LEARNING TECHNOLOGIES,,https://www.webofscience.com/wos/woscc/full-record/WOS:000376685708052,adjacent-subtopic,"This article describes an experience in university and high school cooperation. It is expected to foster knowledge and deep learning in secondary schools by turning extra-curricular activities into articulated subject. The robotics area is very useful and generates interest and enthusiasm, even more so when associated with competition.

The experience used Lego Ev3 robot and the students learned to program with a healthy technical approach called state machine programming and the easy to use Lego Software programming tool. The participation is enthusiastic because of the participation in the national robotics festival that leads into international RoboCup Federation robotics competitions.

The article proposes a set of sessions adequate for secondary school students that constitute the initial step to find a curriculum for robotics in order to simultaneously learn robotics and foster interconnections with the curricular courses in STEM areas, even extending into structured programming issues.

The test involved two participations in the national robotics competition that interestingly involved a team of 3 girls and another team of 3 boys although more students were involved during the year that the experience lasted.

Declarations from the involved stakeholders are mentioned, even allowing for a brief discussion for women in STEM areas and technology distance for young (wo)men. Some hints, issues and lessons learned are shown.

The advocacy of such informal learning strategy is made, advantages and limitations discussed.",wos,llm,0.900,unreviewed,
discarded,Programming Sensor Networks Using REMORA Component Model,"Taherkordi, Amirhosein; Loiret, Frederic; Abdolrazaghi, Azadeh; Rouvoy, Romain; Le-Trung, Quan; Eliassen, Frank",2010,"DISTRIBUTED COMPUTING IN SENSOR SYSTEMS, PROCEEDINGS",,https://www.webofscience.com/wos/woscc/full-record/WOS:000279610000004,adjacent-subtopic,"The success of high-level programming models in Wireless Sensor Networks (WSNs) is heavily dependent on factors such as ease of programming, code well-structuring, degree of code reusability, and required software development effort. Component-based programming has been recognized as an effective approach to meet such requirements. Most of componentization efforts in WSNs were ineffective due to various reasons, such as high resource demand or limited scope of use. In this paper, we present REMORA, a new approach to practical and efficient component-based programming in WSNs. REMORA offers a well-structured programming paradigm that fits very well with resource limitations of embedded systems, including WSNs. Furthermore, the special attention to event handling in REMORA makes our proposal more practical for WSN applications, which are inherently event-driven. More importantly, the mutualism between REMORA and underlying system software promises a new direction towards separation of concerns in WSNs. Our evaluation results show that a well-configured REMORA application has an acceptable memory overhead and a negligible CPU cost.",wos,llm,0.940,unreviewed,
discarded,First-class type classes,"Sozeau, Matthieu; Oury, Nicolas",2008,"THEOREM PROVING IN HIGHER ORDER LOGICS, PROCEEDINGS",,https://www.webofscience.com/wos/woscc/full-record/WOS:000258885000023,adjacent-subtopic,"Type Classes have met a large success in HASKELL and ISABELLE, as a solution for sharing notations by overloading and for specifying with abstract structures by quantification on contexts. However, both systems are limited by second-class implementations of these constructs, and these limitations are only overcomed by ad-hoc extensions to the respective systems. We propose an embedding of type classes into a dependent type theory that is first-class and supports some of the most popular extensions right away. The implementation is correspondingly cheap, general and integrates well inside the system, as we have experimented in COQ. We show how it can be used to help structured programming and proving by way of examples.",wos,llm,0.900,unreviewed,
discarded,Send-receive considered harmful: Myths and realities of message passing,"Gorlatch, S",2004,ACM TRANSACTIONS ON PROGRAMMING LANGUAGES AND SYSTEMS,,https://www.webofscience.com/wos/woscc/full-record/WOS:000188554500002,adjacent-subtopic,"During the software crisis of the 1960s, Dijkstra's famous thesis ""goto considered harmful"" paved the way for structured programming. This short communication suggests that many current difficulties of parallel programming based on message passing are caused by poorly structured communication, which is a consequence of using low-level send-receive primitives. We argue that, like goto in sequential programs, send-receive should be avoided as far as possible and replaced by collective operations in the setting of message passing. We dispute some widely held opinions about the apparent superiority of pairwise communication over collective communication and present substantial theoretical and empirical evidence to the contrary in the context of MPI ( Message Passing Interface).",wos,llm,0.930,unreviewed,
