status,title,authors,year,venue,doi,url,tags,abstract,provider,decision_source,llm_confidence,llm_review_outcome,llm_change_direction
kept,Visual program simulation in introductory programming education,Juha Sorva,2012,Aaltodoc (Aalto University),,https://openalex.org/W2727220479,supports-claim,"This thesis formulates and evaluates a pedagogical technique whose goal is to help beginners learn the basics of computer programming. The technique, visual program simulation (VPS), involves the learner in interactive simulations in which the learner takes on the role of the computer as the executor of a program. The student uses a given visualization of a so-called notional machine, an abstract computer, to illustrate what happens in memory as the computer processes the program. The purpose of these simulations is to help the beginner learn to reason about program execution, a skill whose development has been identified as a major challenge in introductory programming education. VPS promotes effective learning by seeking to cognitively engage the learner with a visualization. It can be made practical through visualization software. VPS software may also automatically assess students' simulations and provide personal feedback, which is a valuable asset especially in the large classes that are typical of introductory courses. \n \nThe thesis contributes to VPS in four ways. First, it formulates the concept of visual program simulation and outlines its underpinnings in terms of learning theory. Second, it presents a new software prototype that facilitates the use of VPS in practice. Third, it reports on a preliminary empirical evaluation of VPS and the software in the context of an introductory programming course. Fourth, it makes recommendations on the use of VPS in teaching and the further development of VPS tools, which arise from the empirical work. \n \nThe findings from a mixed-methods evaluation of VPS suggest that it is a promising pedagogical approach that helps many students learn programming. At the same time, the evaluation highlights certain important weaknesses. The purpose of VPS is not obvious to many students. Care must be taken to ensure that students develop a rich understanding of what VPS is and what they stand to gain from it. For best results, it is recommended that VPS be tightly integrated into the teaching and learning environment. The results from a controlled experiment further indicate that the short-term learning benefits of a VPS assignment are heavily dependent on which interactions the assignment demands from students. This implies that extreme care must be taken in the design of VPS systems and specific assignments so that required user interactions are aligned with intended learning goals. \n \nOn a more general level, the thesis serves as an example of educational tool development that is grounded in learning theory and informed by empirical evaluations. A fairly broad review of the literature on learning and teaching introductory programming is also contributed.",openalex,llm,1.000,unreviewed,
kept,Hybrid VR Programming: Extending the Notional Machine for C++,Peer Stechert; Goran Vukovič,2023,,10.1007/978-3-031-21970-2_25,https://openalex.org/W4322581113,supports-claim,"This article describes the development of a virtual reality (VR) programming project in IT specialist training at a vocational school. Most of the students are between 16 and 22 years old, about two-thirds already have the university entrance qualification. For didactic reasons, the Unreal Engine 4 is used for this purpose, which supports hybrid programming via so-called blueprints in addition to textual programming using C++. This chapter provides a project report. We focus on extending the notional machine for C++ and developing didactical guidelines for hybrid programming using blueprints.",openalex,llm,0.900,unreviewed,
kept,Teaching Programming and Algorithmic Complexity with Tangible Machines,Tobias Kohn; Dennis Komm,2018,Lecture notes in computer science,10.1007/978-3-030-02750-6_6,https://openalex.org/W2896761130,adjacent-subtopic,"Understanding the notional machine that conceptually executes a program is a crucial step towards mastery of computer programming. In order to help students build a mental model of the notional machine, visible and tangible computing agents might be of great value, as they provide the student with a conceptual model of who or what is doing the actual work. In addition to programming, the concept of a notional machine is equally important when teaching algorithmic design, complexity theory, or computational thinking. We therefore propose to use a common computing agent as notional machine to not only introduce programming, but also discuss algorithms and their complexity.",openalex,llm,0.880,unreviewed,
kept,Analysis of Student Misconceptions using Python as an Introductory Programming Language,Fionnuala Johnson; Stephen McQuistin; John T. O’Donnell,2020,,10.1145/3372356.3372360,https://openalex.org/W3000535281,supports-claim,"Python has become a popular language for the delivery of introductory programming courses. Two reasons for this are Python's convenience and syntactic simplicity, giving a low entry barrier for beginners and the ability to solve complex problems with short snippets of code. However, students exhibit widespread misconceptions about the meaning of basic language constructs, inhibiting their ability to solve problems and damaging their understanding of fundamental concepts. In this paper, we document our observations of level 1 university students over several years, as well as surveys probing the nature of their misconceptions. We analyze the misconceptions in relation to a notional machine model for Python, and show that many students form inadequate and brittle mental models of the language. Our results indicate that one of the major sources of misunderstanding is the heavy use of overloading in Python. Overloading hides the complexity of algorithms and data structures, often leading students to write code that involves mutability, sharing, copying, side effects, coroutines, concurrency, and lazy evaluation -- and none of those topics are accessible to students who haven't yet mastered basic assignments, conditionals, and looping. We suggest that Python, when taught alone, is insufficient as an introductory language: students can gain a firmer grasp of programming fundamentals when Python is presented alongside a complementary low level language that makes a notional machine clear and explicit.",openalex,llm,0.970,unreviewed,
kept,Sound Notional Machines,Igor Moreno Santos; Matthias Hauswirth; Johan Jeuring,2024,,10.31219/osf.io/z2vdr,https://openalex.org/W4400334844,supports-claim,"A notional machine is a pedagogical device that abstracts away details of the semantics of a programming language to focus on some aspects of interest. A notional machine should be sound: it should be consistent with the corresponding programming language, and it should be a proper abstraction. This reduces the risk of it introducing misconceptions in education. Despite being widely used in computer science education, notional machines are usually not evaluated with respect to their soundness. To address this problem, we first introduce a formal definition of soundness for notional machines. The definition is based on the construction of a commutative diagram that relates the notional machine with the aspect of the programming language under its focus. Derived from this formalism, we present a methodology for constructing sound notional machines, which we demonstrate by applying it to a series of small case studies. We also show how the same formalism can be used to analyze existing notional machines and find inconsistencies in them as well as propose solutions to these inconsistencies. The work establishes a firmer ground for research in notional machines by serving as a framework to reason about them.",openalex,llm,0.990,unreviewed,
kept,Programming by discovery,Haider Ali Ramadhan,2000,Journal of Computer Assisted Learning,10.1046/j.1365-2729.2000.00118.x,https://openalex.org/W2096407990,supports-claim,"Abstract The concept of Programming by Discovery refers to the process of designing programming environments and systems which use various visualisation, programming and interaction technologies in an effective way to help users, especially beginner programmers, in writing computer programs, understanding their dynamic behaviour, detecting any misconceptions and bugs associated with them, and seeing the effect of these programs on the underlying machine. A system for programming by discovery encourages a user to become an active learner by allowing him to form his own hypotheses, explore his own questions, and draw his own conclusions. This paper reports on the design and evaluation of a system for programming by discovery which embodies the principles outlined above. To assess the usefulness of the design framework presented in this paper, a pilot empirical evaluation was conducted. The results provided a number of interesting insights into the implication of incorporating visualisation and immediacy features along with graphical notional machine and algorithm‐like language into the design of programming systems.",openalex,llm,0.870,unreviewed,
kept,Misconceptions and the Notional Machine in Very Young Programming Learners (RTP),Tony Lowe,2020,,10.18260/1-2--30811,https://openalex.org/W2896816469,supports-claim,"This study looks at very young learners make mistakes and possibly form misunderstanding when learning to programming. A variety of national efforts are extending programming education to younger learners who are materials many adults struggle to learn. For decades literature has captured common misconceptions in using programming constructs (e.g. conditionals, loops, and recursion) in older learners, but early learners may wait years before they tackle these complex concepts. Many model misconceptions as a missing or inaccurate notional machine. The notional machine is an individual's mental model, representing how a programming language executes on a real device. The notional machine aligns with traditional learning models from several educational theorists, particularly Bruner's three stages of representations and Kahneman's neuroscience-based modeling of the mind. To better understand the early thought process of and learning theory for teaching novices, this study looks at videos of early elementary students working to create basic navigational programs for simple robots. We observed students in K-2 and categorized the mistakes made and strategies used to achieve their goals. Our findings align with prior misconception literature in very young learners around the 'problem' being the source of more misconceptions than the language. We also find promising cases which support learning theory around the notional machine, Bruner's representations and Kahneman's two mind model. Using this theory suggests possible approaches to consider in teaching young learners to program.",openalex,llm,0.940,unreviewed,
kept,"Novice Rationales for Sketching and Tracing, and How They Try to Avoid It",Kathryn Cunningham; Shannon Ke; Mark Guzdial; Barbara Ericson,2019,,10.1145/3304221.3319788,https://openalex.org/W2963654382,supports-claim,"Prior research has shown that sketching out a code trace on paper is correlated with higher scores on code reading problems. Why do students sometimes choose not to draw out a code trace, or if they do, choose a different sketching technique than their instructor has demonstrated? In this study, we interviewed 13 CS1 students retrospectively about their decisions to sketch and draw on a recent programming exam. When students do sketch, we find that their sketching choices do not always align with a strict execution of the notional machine. Sketching choices are driven by a search for a program's patterns, an attempt to create organizational structure among intermediate values, and the tracking of prior steps and results. When novices don't sketch, they often report that they've identified the goal that the code achieves. In either case, novices are searching for the functionality of code, rather than merely tracing its behavior.",openalex,llm,0.950,unreviewed,
kept,Programming Environments for Novices,Haider Ali Ramadhan; Benedict du Boulay,1993,NATO ASI series. Series F : Computer and system sciences,10.1007/978-3-662-11334-9_12,https://openalex.org/W4233510468,adjacent-subtopic,,openalex,llm,0.680,unreviewed,
discarded,What Turing Did after He Invented the Universal Turing Machine,B. Jack Copeland; Diane Proudfoot,2000,Journal of Logic Language and Information,10.1023/a:1008371426608,https://openalex.org/W1483030139,off-topic-false-hit,,openalex,llm,0.990,unreviewed,
kept,Unplugged activities as a catalyst when teaching introductory programming,Bhagya Munasinghe; Tim Bell; Anthony Robins,2023,Journal of Pedagogical Research,10.33902/jpr.202318546,https://openalex.org/W4380077634,supports-claim,"An unplugged approach to teaching enables students to explore Computational Thinking without using a computer. It might appear that if students are to learn programming, they should focus on computer-based work; however, it appears that using “unplugged” activities before engaging in computer-based coding (programming) activities for each unit of work leads to better outcomes for students in the same amount of time. In this paper we explore why this could be the case, by reviewing literature that reports on these experiences, and also using different theoretical lenses (Notional Machines, Semantic Profiles, and the Zone of Proximal Development) to analyse how the combination of experiences can engage students. We also explore how the approach integrates with mathematics education.",openalex,llm,0.890,unreviewed,
discarded,Tell Me What's Wrong,Tobias Kohn; Bill Manaris,2020,,10.1145/3328778.3366920,https://openalex.org/W3008941975,adjacent-subtopic,"Development environments play a crucial role for novice programmers. Not only do they act as interface to type in and execute programs, but a programming environment is also responsible for reporting errors, managing in- and output when the program is running, or offering the programmer access to the underlying notional machine. In recent years several new educational programming environments for Python have been presented. However, the important issue of reporting errors has rarely been addressed and evaluations often hint that students main issue is the poor quality of Python's error messages. We have therefore written an educational Python environment with enhanced error messages. This paper presents the design and rationale of its three primary features: modifications to Python, enhanced error messages, and the visual debugger.",openalex,llm,0.780,unreviewed,
kept,Rules of Program Behavior,Rodrigo Duran; Juha Sorva; Otto Seppälä,2021,ACM Transactions on Computing Education,10.1145/3469128,https://openalex.org/W3211655051,supports-claim,"We propose a framework for identifying, organizing, and communicating learning objectives that involve program semantics. In this framework, detailed learning objectives are written down as rules of program behavior (RPBs). RPBs are teacher-facing statements that describe what needs to be learned about the behavior of a specific sort of programs. Different programming languages, student cohorts, and contexts call for different RPBs. Instructional designers may define progressions of RPB rulesets for different stages of a programming course or curriculum; we identify evaluation criteria for RPBs and discuss tradeoffs in RPB design. As a proof-of-concept example, we present a progression of rulesets designed for teaching beginners how expressions, variables, and functions work in Python. We submit that the RPB framework is valuable to practitioners and researchers as a tool for design and communication. Within computing education research, the framework can inform, among other things, the ongoing exploration of “notional machines” and the design of assessments and visualizations. The theoretical work that we report here lays a foundation for future empirical research that compares the effectiveness of RPB rulesets as well as different methods for teaching a particular ruleset.",openalex,llm,0.990,unreviewed,
kept,"LearnCS!: a new, browser-based C programming environment for CS1",Derrell Lipman,2014,Journal of computing sciences in colleges,,https://openalex.org/W152987415,supports-claim,"LearnCS! is a learning environment specifically written for use by first-year computer science students. It provides students with a browser-based programming and execution environment which contains a depiction of the notional machine for the C language, and contains a built-in debugger. Many error messages are customized to assist the beginning student of computer science. These features have seemingly yielded good results in improving students' comprehension of CS1 concepts.",openalex,llm,0.950,unreviewed,
discarded,A Web Based Tool for Novice Programmers: Interaction in Use,Onur Dönmez; Mustafa Murat İnceoğlu,2008,Lecture notes in computer science,10.1007/978-3-540-69839-5_39,https://openalex.org/W2149534277,adjacent-subtopic,,openalex,llm,0.610,unreviewed,
discarded,Enhancing High-Level Language Concept Comprehension through a Notional Machine Approach of Assembly Language Education,Sagnik Nath,2024,,10.18260/1-2--47307,https://openalex.org/W4401314315,adjacent-subtopic,"In computer science curricula, the inclusion of assembly language programming is commonplace regardless of students' focus on computer science (CS) or computer engineering (CE) majors.The key objective within our university's(University of California, Santa Cruz) foundational ""Computer Systems and Organization"" (CSE12) course is dual-fold: to cultivate a deep understanding of machine architecture's programmer model and to seamlessly prepare both CS and CE undergraduates for the advanced concepts in the subsequent ""Computer Architecture"" (CSE120) course.Current literature also highlights the merits of teaching assembly language, positing that it enables proficiency in higher-level programming languages.However, transitioning from an introductory high-level language-based programming to assembly language can be jarring due to the stark contrast in instruction paradigms.In response, we have reimagined assembly language assignments within CSE12.Leveraging the open-source RARS assembly language runtime emulator, we have reshaped lab exercises to better emulate scenarios akin to those encountered in high-level language programming.This transforms RARS into a Notional Machine that bridges the gap between high-level language abstractions and low-level assembly implementation.Gathering quantitative and qualitative feedback from course surveys, our study reaffirms the effectiveness of this pedagogical strategy.Preliminary data suggest that students not only gain a deeper comprehension of machine architecture but also exhibit improved readiness for subsequent courses, underscoring the notional machine's role in facilitating a smoother transition between programming paradigms.This abstract encapsulates our ongoing efforts to refine computer science curricula, highlighting the promising impact of RARS in enriching students' educational experiences.",openalex,llm,0.830,unreviewed,
kept,Dual Process Theories: Computing Cognition in Context,Anthony Robins,2022,ACM Transactions on Computing Education,10.1145/3487055,https://openalex.org/W4220658990,adjacent-subtopic,"This paper explores a major theoretical framework from psychology, Dual Process Theory (DPT) , which has received surprisingly little attention in the computing education literature. DPT postulates the existence of two qualitatively different kinds of cognitive systems, a fast, intuitive “System 1” and a slow, reflective “System 2”. System 1 is associated with cognitive factors such as crystallized intelligence, long-term memory and associative learning; System 2 with fluid intelligence, working memory, and rule learning. This paper summarizes DPT and the way it has been expressed and explored in literatures relating to intelligence, memory, learning, attention, cognitive load, and more. It proposes a summary model, the Dual Process Cycle (DPC) . It then considers example concepts from computing education within the context of this model. Examples include programming expertise, mental models of programs, the notional machine, code reading and code writing, and the theory of Learning Edge Momentum (LEM) . In conclusion, it is argued that the DPC (and the framework of DPTs in general) provides a useful context for defining such concepts more richly and exactly, and for generating interesting questions about them.",openalex,llm,0.850,unreviewed,
discarded,High-school students' mastery of basic flow-control constructs through the lens of reversibility,Claudio Mirolo; Cruz Izu; Emanuele Scapin,2020,,10.1145/3421590.3421603,https://openalex.org/W3097683177,adjacent-subtopic,"High-school students specialising in computing fields need to develop the abstraction skills required to understand and create programs. Novices' difficulties at high-school level, ranging from mastery of the ""notional machine"" to recognition of a program's purpose, have not been investigated as extensively as at tertiary level.",openalex,llm,0.880,unreviewed,
