status,title,authors,year,venue,doi,url,tags,abstract,provider,decision_source,llm_confidence,llm_review_outcome,llm_change_direction
discarded,Enhancing Creative Confidence in Design Students Through Topology-Preserving AI Scaffolding,"Yang, Chuan",2026,INTERNATIONAL JOURNAL OF ART & DESIGN EDUCATION,10.1111/jade.70040,https://www.webofscience.com/wos/woscc/full-record/WOS:001838273400001,off-topic-false-hit,"Early-stage design students frequently experience representational friction during conceptual ideation, where limited sketch fluency constrains the externalisation of spatial concepts and weakens creative confidence. This study examines whether a topology-preserving generative AI framework can function as a pedagogical cognitive scaffold to reduce these barriers without displacing student authorship. We implemented a zero-shot, structure-guided AI system (based on ControlNet) that converts hand-drawn sketches into structurally mediated visual scaffolds while preserving original geometric topology. In a controlled experiment (), this AI-assisted workflow was compared with static moodboard-based ideation. To isolate design logic from surface rendering advantages, blind experts evaluated only final pure line-art outcomes. Results indicated that the AI-assisted group was associated with higher overall design quality (d = 0.88), with improvements concentrated in structural coherence, functionality, and completeness rather than aesthetic quality. Behavioural traces and retrospective protocols further indicated reduced conceptual abandonment and increased structurally focused iteration. These findings suggest that topology-preserving generative AI may function as a selective scaffold for spatial reasoning and cognitive offloading in foundational design education, bridging conceptual intent and executable form while preserving learner creative control. Rather than automating creativity, constrained generative systems may serve as potential instructional partners for structure-centred student-AI co-creation.",wos,llm,0.990,unreviewed,
discarded,Superficial ai learning and uneven appropriation among adult learners: Evidence from a virtual ai literacy route in Mexico,"Villegas-Muro, Alejandro",2026,INFORMATION DEVELOPMENT,10.1177/02666669261473574,https://www.webofscience.com/wos/woscc/full-record/WOS:001831025200001,off-topic-false-hit,"This study examines what adult learners' files reveal about their engagement with generative artificial intelligence (AI) during a non-formal virtual training route in Chihuahua and Madera, Mexico. The route included five courses delivered between 2024 and 2025. Administrative records listed 80 unique participants, while 53 of them left observable work in the anonymized documentary inventory. The complete corpus comprised 445 files: 440 learner-produced items and five administrative reports consulted only to reconstruct the educational context. All learner files were inventoried by course and format, after which 20 contrasting cases were purposively selected for closer qualitative reading. An exploratory rubric considered five dimensions: task fulfillment, elaboration, the quality of prompting or AI interaction, visible human intervention, and applied transfer. In this article, superficial AI learning is not treated as a diagnosis or a stable learner trait. It describes a documentary pattern in which AI-supported activity is present, but the available files show little evidence of iteration, verification, contextualization, revision, or transfer. The archive contained markedly different traces of engagement. Some products recorded sustained development, prompt refinement, reorganization and use in a specific context; others reflected minimum compliance, sparse development, an opaque process or material that could not be interpreted reliably. These records do not reveal participants' internal understanding or establish algorithmic dependence. They do, however, show how unevenly critical appropriation became visible in the course archive. The study contributes a documentary framework that brings AI literacy into conversation with information literacy, adult education and information development, while keeping the limits of retrospective educational records in view.",wos,llm,0.990,unreviewed,
discarded,Confidently Wrong: Benefit Overuse Beliefs and Deservingness Among Adolescents,"Sowula, Jakub; Laenen, Tijs",2026,SOCIAL POLICY & ADMINISTRATION,10.1111/spol.70096,https://www.webofscience.com/wos/woscc/full-record/WOS:001829893000001,off-topic-false-hit,"Previous research shows that adults overestimate benefit overuse and that such misperceptions are associated with lower perceived deservingness, a crucial dimension through which welfare attitudes relate to broader welfare state legitimacy. Yet, the origins and malleability of benefit overuse beliefs remain poorly understood. This study addresses this gap by using original survey data from 1527 Swiss secondary school students (ages 13-18) and a follow-up survey experiment pilot (N = 130). We first demonstrate that adolescents severely overestimate unemployment benefit overuse: more than 60% believe that overuse is at least ten times higher than the most recent government-issued rate of approximately 1% in Switzerland. Moreover, over one-third are misinformed, holding incorrect beliefs with confidence. Notably, male and right-leaning students are more likely to be misinformed than female and centre/left-leaning students, but for different reasons: male students tend to be confident whether right or wrong, while right-leaning students are more confident mainly when wrong, suggesting early traces of motivated reasoning. Crucially, it is the misinformed, not the uninformed, who perceive the unemployed as less deserving. However, the results of the experimental pilot study show that false beliefs are malleable. Providing students with proportional information about benefit overuse substantially improves accuracy and reduces the share of misinformed participants. Moreover, changes in overuse beliefs partly show in the higher perceived deservingness of the unemployed. Overall, the findings demonstrate that welfare misconceptions are widespread but not fixed among adolescents, suggesting that the impressionable years are an important window for investigating the informational foundations of welfare attitudes.",wos,llm,1.000,unreviewed,
kept,Detecting Cognitive Slips in Novice Code Tracing,"Torrey, Lisa",2026,"PROCEEDINGS OF THE 57TH ACM TECHNICAL SYMPOSIUM ON COMPUTER SCIENCE EDUCATION V.2, SIGCSE TS 2026",10.1145/3770761.3777257,https://www.webofscience.com/wos/woscc/full-record/WOS:001780599900170,qualifies-claim,"Novice programmers sometimes trace code incorrectly due to misconceptions. However, tracing errors do not always reflect flawed mental models, since they can also be caused by cognitive slips. Instructors may wish to respond differently to errors caused by slips rather than misconceptions, but these errors can be difficult to tell apart. This paper describes one instructor's search for an effective way to detect slips. Asking students to sketch or explain their traces seems insufficient, but engaging students in analyzing their own errors shows more promise.",wos,llm,0.980,unreviewed,
discarded,Automated Program Repair of Uncompilable Student Code,"Pitts, Griffin; Pandya, Aum; Rank, Darsh; Bhatt, Tirth; Hoq, Muntasir; Akram, Bita",2026,"PROCEEDINGS OF THE 57TH ACM TECHNICAL SYMPOSIUM ON COMPUTER SCIENCE EDUCATION V.2, SIGCSE TS 2026",10.1145/3770761.3777323,https://www.webofscience.com/wos/woscc/full-record/WOS:001780599900135,adjacent-subtopic,"A significant portion of student programming submissions in CS1 learning environments are uncompilable, limiting their use in student modeling and downstream knowledge tracing. Traditional modeling pipelines often exclude these cases, discarding observations of student learning. This study investigates automated program repair as a strategy to recover uncompilable code while preserving students' structural intent for use in student modeling. Within this framework, we assess large language models (LLMs) as repair agents under high- and low-context prompting conditions. Repairs were evaluated for compilability, edit distance, and preservation of students' original structure and logic. While all models produced compilable repairs, they differed in how well they preserve students' control flow and code structure, affecting their pedagogical utility. By recovering uncompilable submissions, this work enables richer and more comprehensive analyses of learners' coding processes and development over time.",wos,llm,0.870,unreviewed,
discarded,Pedagogical approaches to teaching recursion in secondary computer science education: a comparative analysis of teaching materials,"Wrigley-Pimley-McKerr, Karmela",2026,COMPUTER SCIENCE EDUCATION,10.1080/08993408.2026.2687104,https://www.webofscience.com/wos/woscc/full-record/WOS:001790952100001,adjacent-subtopic,"Background and ContextRecursion represents a powerful programming technique, important for computer science education, yet students consistently struggle with recursive concepts. Despite more than four decades of research, little attention has been paid to how different national education systems structure recursion instruction through actual teaching materials.ObjectiveThis study examines how four countries (Croatia, the United Kingdom, Singapore and Indonesia) approach recursion instruction in secondary education (ages 13-18) through analysis of teaching materials, identifying common elements and significant variations.MethodWe conducted systematic qualitative document analysis of teaching materials at equivalent granularity: curriculum-aligned textbooks, official curriculum guides and government-published instructional resources. This ensures valid comparison by examining teaching materials rather than comparing curriculum specifications to instructional resources. Documents were coded according to five dimensions: placement, pedagogy, examples, difficulty strategies and assessment methods.FindingsAll four countries introduce recursion at upper secondary level (ages 16-18) using factorial and Fibonacci as primary examples. Significant variations exist in pedagogical frameworks and efficiency instruction. Croatia provides early conceptual introduction at age 13-14 and explicit efficiency instruction including memoisation. The United Kingdom emphasises recursion-iteration comparison through trace tables. Singapore mandates explicit stack understanding. Indonesia employs formal mathematical notation. The near-universal omission of explicit efficiency instruction represents a significant gap.ImplicationsEffective recursion pedagogy benefits from multi-modal instruction combining mathematical formalism, visual representation, mechanistic understanding and performance considerations. These elements are rarely found together. Examining teaching materials rather than curriculum specifications alone is essential for understanding pedagogical approaches.",wos,llm,0.830,unreviewed,
discarded,Tracing Pedagogical Shifts: A Physics Professor's Development Through Faculty Partnership,"Demir, Kadir; Stoll, William A.; Criswell, Brett",2026,RESEARCH IN SCIENCE EDUCATION,10.1007/s11165-026-10336-7,https://www.webofscience.com/wos/woscc/full-record/WOS:001748803200001,off-topic-false-hit,"This study explores how a physics professor's understanding of teaching for conceptual change evolves through sustained collaboration with a science education professor. Using a phenomenographic case study approach, we analyze shifts in the professor's conceptions over time, revealing key transitions from viewing student misconceptions as barriers to recognizing conceptual frameworks as bridges for learning. Findings highlight the role of cognitive conflict, conceptual resources, and metacognitive engagement in shaping pedagogical change. The study contributes to understanding faculty development in STEM education, emphasizing the impact of interdisciplinary collaboration on instructional transformation. Based on these findings, future research and policy recommendations are proposed.",wos,llm,0.990,unreviewed,
discarded,How do teachers design and <i>do</i> feedback? Development and validation of the teacher feedback literacy scale,"Istencioglu, Turkan; Yang, Lan; Dawson, Phillip; Boud, David",2026,ASSESSMENT & EVALUATION IN HIGHER EDUCATION,10.1080/02602938.2026.2661361,https://www.webofscience.com/wos/woscc/full-record/WOS:001747988900001,off-topic-false-hit,"Feedback can be powerful for student learning, yet its effects heavily depend on how teachers design and implement meaningful practices. Teacher feedback literacy (TFL) has been recognised as complementary to and crucial for the development of student feedback literacy (SFL). Although TFL is commonly regarded as an improvable capacity, few validated measurement tools exist. This paper therefore documents the development and validation of the Teacher Feedback Literacy Scale, a self-report instrument intended to measure teachers' design-oriented, enacted feedback practices in higher education. Following multiple iterations and expert review, 57 questions were trialled with 613 higher education teachers worldwide. Exploratory factor analysis (EFA; n = 307) initially yielded a seven-factor solution, while our final 30-item scale comprising five inductively labelled factors (Design for student action on feedback (DSAF); Design and implement peer feedback (DIPF); Develop students' feedback literacy (DSFL); Design and sequence feedback processes (DSFP); Manage feedback priorities (MFPR)) was supported by confirmatory factor and Rasch analyses (n = 306). This tool offers a robust way for educators, institutions, and researchers to systematically assess TFL and trace its development over time in response to interventions.",wos,llm,0.990,unreviewed,
discarded,"How Students Prompt in LLM-Assisted Translation: Behaviors, Outcomes, and Experiences","Li, Chenjing; Lyu, Zeyu; Ren, Hulin",2026,INTERNATIONAL JOURNAL OF APPLIED LINGUISTICS,10.1111/ijal.70184,https://www.webofscience.com/wos/woscc/full-record/WOS:001739479900001,off-topic-false-hit,"Large language models (LLMs) are reshaping translation workflows, yet empirical evidence on student-LLM interaction in authentic translation tasks remains limited. This study analyzes interaction logs from 33 Chinese EFL graduate students who completed a Classical Chinese-to-English translation on a custom-built platform, yielding 133 prompts and corresponding model outputs. Through expert coding, we developed a task-specific taxonomy of learners' prompt strategies and traced their interaction patterns with the model. Students frequently used compound instructions and showed a predominant ""generate-then-refine"" pattern, while prompts explicitly targeting pre-drafting analysis, terminology clarification, or language and cultural adaptation were relatively rare. Prompt quantity did not predict translation quality, whereas submissions involving human post-editing were associated with higher scores, supporting a hybrid workflow in which model drafting and human revision complement each other. Post-task questionnaires further showed perceived benefits, cautious trust, and learner agency, alongside frustrations with ineffective iterations and unstable outputs. Overall, the study offers an empirical account of how student translators work with LLMs and provides evidence for integrating prompt literacy into translator training.

(sic)(sic)(sic)(sic)(sic)(LLMs)(sic)(sic)(sic)(sic)(sic)(sic)(sic)(sic)(sic)(sic), (sic)(sic)(sic)(sic)(sic)(sic)(sic)(sic)(sic)(sic)(sic)(sic)(sic)(sic)LLM(sic)(sic)(sic)(sic)(sic)(sic)(sic)(sic)(sic)(sic)(sic).(sic)(sic)(sic)(sic)(sic)(sic)33(sic)(sic)(sic)(sic)(sic)(sic)(sic)(sic)(EFL)(sic)(sic)(sic)(sic)(sic)(sic)(sic)(sic)(sic)(sic)(sic)(sic)(sic)(sic)(sic)(sic)(sic)(sic)(sic)(sic)(sic)(sic)(sic)(sic)(sic)(sic), (sic)(sic)(sic)133(sic)(sic)(sic)(sic)(sic)(sic)(sic)(sic)(sic)(sic)(sic)(sic)(sic).(sic)(sic)(sic)(sic)(sic)(sic), (sic)(sic)(sic)(sic)(sic)(sic)(sic)(sic)(sic)(sic)(sic)(sic)(sic)(sic)(sic)(sic)(sic)(sic)(sic)(sic)(sic)(sic)(sic)(sic)(sic), (sic)(sic)(sic)(sic)(sic)(sic)(sic)(sic)(sic)(sic)(sic)(sic)(sic)(sic).(sic)(sic)(sic)(sic), (sic)(sic)(sic)(sic)(sic)(sic)(sic)(sic)(sic)(sic)(sic), (sic)(sic)(sic)(sic)(sic)(sic)""(sic)(sic)(sic)(sic)(sic)(sic)""(sic)(sic)(sic)(sic)(sic);(sic)(sic)(sic)(sic), (sic)(sic)(sic)(sic)(sic)(sic)(sic)(sic),(sic)(sic)(sic)(sic)(sic)(sic)(sic)(sic)(sic)(sic)(sic)(sic)(sic)(sic)(sic)(sic)(sic)(sic)(sic)(sic).(sic)(sic)(sic)(sic)(sic)(sic)(sic)(sic)(sic)(sic)(sic)(sic)(sic)(sic)(sic), (sic)(sic)(sic)(sic)(sic)(sic)(sic)(sic)(sic)(sic)(sic)(sic)(sic)(sic)(sic)(sic), (sic)(sic)(sic)(sic)LLM(sic)(sic)(sic)(sic)(sic), (sic)(sic)(sic)(sic)(sic)(sic)(sic)(sic)(sic)(sic)(sic)(sic)(sic)(sic)(sic)(sic)(sic)(sic)(sic)(sic)(sic)(sic).(sic)(sic)(sic)(sic)(sic)(sic)(sic)(sic)(sic), (sic)(sic)(sic)(sic)(sic)(sic)(sic)LLM(sic)(sic)(sic)(sic)(sic), (sic)(sic)(sic)(sic)(sic)(sic)(sic)(sic)(sic)(sic)(sic)(sic)(sic)(sic)(sic)(sic), (sic)(sic)(sic)(sic)(sic)(sic)(sic)(sic)(sic)(sic)(sic)(sic)(sic)(sic)(sic)(sic)(sic)(sic)(sic)(sic)(sic)(sic)(sic).(sic)(sic)(sic)(sic), (sic)(sic)(sic)(sic)(sic)(sic)(sic)(sic)(sic)(sic)(sic)LLM(sic)(sic)(sic)(sic)(sic)(sic)(sic)(sic)(sic)(sic)(sic)(sic)(sic)(sic)(sic), (sic)(sic)(sic)(sic)(sic)(sic)(sic)(sic)(sic)(sic)(sic)(sic)(sic)(sic)(sic)(sic)(sic)(sic)(sic)(sic)(sic).",wos,llm,0.990,unreviewed,
kept,Students' Understanding of (Delimited) Continuations,"Stromback, Filip; Cong, Youyou; Ikemori, Kazuki",2026,"PROCEEDINGS OF THE 57TH ACM TECHNICAL SYMPOSIUM ON COMPUTER SCIENCE EDUCATION V.1, SIGCSE TS 2026",10.1145/3770762.3772526,https://www.webofscience.com/wos/woscc/full-record/WOS:001722635800152,adjacent-subtopic,"Continuations, particularly delimited continuations, enable manipulation of control flow and are thus useful for implementing new control structures. Even though continuations have been studied for a long time, and teaching them as an advanced topic for CS majors is becoming increasingly relevant, little research exists on teaching (delimited) continuations. This paper aims to start filling this gap by investigating students' understanding of continuations using thematic analysis and identifying mistakes students tend to make when tracing programs that use continuations. The findings consist of categories that describe common views of continuations, as well as different sets of mistakes that correspond to different misinterpretations of continuations or the underlying computational model. These early results are useful for informing future teaching of continuations and guide development of teaching tools, and furthermore, they provide a starting point for research into more formal misconceptions and development of concept inventories.",wos,llm,0.840,unreviewed,
