status,title,authors,year,venue,doi,url,tags,abstract,provider,decision_source,llm_confidence,llm_review_outcome,llm_change_direction
kept,Enhancing the Cognitive Level of Novice Learners Using Effective Program Writing Skills,Pratibha S. Yalagi; Trupti S. Indi; Manisha A. Nirgude,2016,2016 International Conference on Learning and Teaching in Computing and Engineering (LaTICE),10.1109/LaTiCE.2016.14,https://ieeexplore.ieee.org/document/7743174/,supports-claim,"Computer programming subject is a core ingredient for most of the engineering disciplines. However for the first year engineering, teaching and learning fundamentals of programming language like C has been considered as a great challenge to both teachers and novice learners. The challenges in learning the programming languages are: the learners are not able to analyze the flow of program, cannot fix errors or not able to debug the program, usually dependent on others for problem solving, bug fixing. Programming skills and documentation are the most important aspects of software development. The structure of C program with proper indentation, comments & proper named variables can reduce most of the general compiler errors. The study proposes a novice way of teaching C language programming with effective program writing skills for the beginners. The experiment is conducted for the First year Civil engineering students and the course is Computer Programming based on C language. A training session on effective program writing skills is conducted, to improve the ability of program writing skills with minimized compiler errors for novice learners. The effect of the experiment is verified with Pretest & Posttest before and after the training session. It is observed that the program written with proper indentation, comments and proper named variable can reduce the number of compiler errors and more than 60% of the student have written & executed the given C programs successfully in a stipulated time.",ieee,llm,0.730,unreviewed,
kept,Analytic Hierarchy Process for an Automated Evaluation of Learning Difficulties of Novice Programmers,Salvatore Venticinque; Alba Amato; Pietro Fusco; Francesco Palmieri,2025,IEEE Access,10.1109/ACCESS.2025.3586198,https://ieeexplore.ieee.org/document/11071670/,supports-claim,"Decision support systems represent a relevant tool for data-driven decision-making with limited human resources. It is critical to adopt enabling techniques that avoid automation distortion, that is, delegating the decision to the system without understanding the motivation. The utilization of state-of-the-art AI techniques for decision-making in specific application domains is considered a high-risk practice, such as in Education. In this context, we propose a general methodology that integrates a rule-based classification schema with the Analytic Hierarchy Process, and a practical application to identify and deal with students’ misconceptions through the automatic analysis of compiler logs. Novice programmers, beyond their problem-solving skills, often demonstrate difficulties in writing source code that is error-free. Behind the difficulties of mastering the syntax of a programming language and understanding the compiler messages, is often hidden a wrong comprehension of fundamental coding concepts. A typical decision problem is related to which exercise would allow the student to verify the learning outcome after some remedial activities. We applied the the proposed methodology to a real dataset of compiler logs. The dataset is composed of about two thousand programs developed by novice programmers, who addressed their assignment in five editions of a bachelor’s course in fundamental programming. It also includes compiling errors or warning messages introduced during the development cycle.",ieee,llm,0.880,unreviewed,
kept,Novice difficulties in selection structure,Abdul Rahman Mohamad Gobil; Zarina Shukor; Itaza Afiani Mohtar,2009,2009 International Conference on Electrical Engineering and Informatics,10.1109/ICEEI.2009.5254715,https://ieeexplore.ieee.org/document/5254715/,supports-claim,"Novices usually have difficulties in learning introductory programming. The purpose of this paper is to identify the common errors made by these students in the first seven weeks of their studies. Artifact used to extract data is their first progress test after completing the first seven-week in the semester. This paper will investigate the common errors done by novice programmers when interpreting assignment statement, arithmetic expression, output statement, program design, code comprehension and program generation. This paper will answer the following questions; what are the common errors and their categories according to the programming skills learnt? It was found that most common errors in evaluating arithmetic expression are failed to evaluate integer division and type conversion. Operator precedence error could not be detected in most questions, however one question shows a higher frequency. In code comprehension question, most students did not evaluate output statement, arithmetic expression and relational expression correctly. When generating a code segment, students failed to name variables correctly and assign suitable data types and structure. The most obvious error in problem analysis and design are failed to create mathematical expression.",ieee,llm,0.970,unreviewed,
discarded,A Block-Based Educational Tool for Novice Understanding of State Machine Representation,Nichika Takasu; Shinpei Ogata; Kozo Okano; Erina Makihara,2025,2025 32nd Asia-Pacific Software Engineering Conference (APSEC),10.1109/APSEC66846.2025.00118,https://ieeexplore.ieee.org/document/11396535/,adjacent-subtopic,"UML state machine diagrams describe event-driven behavior, but novices struggle to understand how syntactic elements relate to semantics, making learning difficult. Blockbased programming environments such as Scratch, by contrast, are familiar to younger learners and provide an accessible, executable way to explore computational concepts, allowing trial-and-error execution that may ease this understanding. Motivated by this potential, we present a block-based educational tool to support novice learning of state machine representation. Built on Blockly, the tool provides state-machine-oriented blocks that novices can assemble into executable behaviors. To aid comprehension, assembled blocks can be executed with logs and transformed into UML state machine diagrams in PlantUML, linking block assemblies with state machine modeling. In this demonstration, we highlight features that reduce burden for instructors and novices: easy deployment, automatic import of modeling elements (e.g., state names and triggers) defined in JSON as blocks, immediate execution with logs, and diagram generation. As a preliminary evaluation, we surveyed 8 university students with prior exposure to state machine diagrams. While some difficulties arose with specific blocks, no major issues were found. These results suggest that block-based representation may help novices learn state machine concepts more smoothly and support gradual introduction to UML notation. The prototype tool has been released for public access at https://github.com/ 25w6051b/BlockSM, and a demonstration video is also available at https://youtu.be/ZzVBhjWq1zY.",ieee,llm,0.860,unreviewed,
discarded,Design and Implementation of an Adaptive Simulation System with Dynamic Difficulty Adjustment for Strategy Training,Yaowei Liao; Yahui Lin; Xingfan Wang; Jin Lin; Mingshuai Li; Wei Huang; Chala,2026,2026 3rd International Conference on Electronic Engineering and Information Systems (EEISS),10.1109/EEiSS69782.2026.11584576,https://ieeexplore.ieee.org/document/11584576/,off-topic-false-hit,"To improve the accessibility of cybersecurity strategy concepts for novice users, this paper presents a real-time simulation system based on mechanism mapping. Within a tower-defense-style environment, the system establishes logical correspondences between specific security policies-such as firewalls, intrusion detection systems, and DDoS mitigation-and executable defense behaviors, including interception, precision attacks, and system slowdowns. Unlike conventional static simulators, this system incorporates a rule-based dynamic difficulty adjustment module that adapts simulation parameters according to real-time user performance. The software architecture adopts a decoupled front-end and back-end design featuring Phaser3 rendering and WebGL acceleration. Experimental results show a 98.5% functional test pass rate, a performance of $\mathbf{5 2. 7}$ frames per second under a load of 200 entities, and a difficulty adjustment decision latency of below 8 milliseconds. Overall, the system demonstrates the practical feasibility of integrating adaptive difficulty adjustment into a modular real-time simulation architecture. The current implementation provides an extensible prototype platform for cybersecurity strategy training and for future research on adaptive simulation mechanisms.",ieee,llm,0.990,unreviewed,
discarded,Data entry for mobile devices: an empirical comparison of novice performance with Jot and Graffiti,Andrew Sears; Renee Arora,2002,Interacting with Computers,10.1016/S0953-5438(01)00060-1,https://ieeexplore.ieee.org/document/8160646/,off-topic-false-hit,"In this article, we report on an empirical comparison of two common gesture recognition techniques. Thirty-one novices completed six realistic tasks using either Jot or Graffiti. An analysis of error-corrected data entry rates indicates that participants using Jot completed the tasks significantly faster than those using Graffiti. An analysis of uncorrected errors yielded no significant differences while several questions assessing subjective satisfaction yielded significantly more positive results for Jot. A new event called Period of Difficulty (PoD) is proposed to help identify situations were novices experience significant difficulty. Users experience more PoD when entering basic alphanumeric characters using Graffiti than they do using Jot. In contrast, Jot users experience more PoD when entering symbols than Graffiti users. Further, a detailed analysis of the PoD provides insights regarding the definition and use of the inherent accuracy metric while highlighting opportunities to improve the underlying technologies. We conclude by providing specific recommendations for improving the usability of Jot and Graffiti for novice users and outlining several additional directions for future research.",ieee,llm,0.990,unreviewed,
discarded,Change of Students' Motivation in an Introductory Programming Course for Non-computing Majors,Hidekuni Tsukamoto; Hideo Nagumo; Yasuhiro Takemura; Naoya Nitta,2012,2012 IEEE 12th International Conference on Advanced Learning Technologies,10.1109/ICALT.2012.38,https://ieeexplore.ieee.org/document/6268054/,adjacent-subtopic,"In this research, the motivational aspects of the students while learning introductory programming was monitored and analyzed. The students were in the social welfare department, and the programming language used was Java and Processing. Monitoring students' motivation throughout the course was found to be important because, by doing so, the weak points in the syllabus could be found and modified. It was also found to be important to devise topics relevant to the students, and to adjust the level of difficulty of the assignments so that the students can feel confident studying.",ieee,llm,0.900,unreviewed,
kept,Teachers' Beliefs and Practices on the Naming of Variables in Introductory Python Programming Courses,Vivian Van Der Werf; Alaaeddin Swidan; Felienne Hermans; Marcus Specht; Efthimia Aivaloglou,2024,2024 IEEE/ACM 46th International Conference on Software Engineering: Software Engineering Education and Training (ICSE-SEET),10.1145/3639474.3640069,https://ieeexplore.ieee.org/document/10554716/,supports-claim,"Motivation. Variable naming practices are part of the software developer's profession, influencing program comprehension and code quality. Yet, little is known about how variable naming practices are taught in beginner courses. Objective. This paper investigates naming beliefs, self-reported teaching practices, and observations regarding variable naming practices of teachers of introductory Python programming courses. Methods. We adopted an in-depth qualitative approach by interviewing ten teachers from secondary education and higher education and developed several themes in order to answer our research questions. Results. Among various opinions and practices, we found that teachers agree on using meaningful names, but have conflicting beliefs about what is meaningful. Moreover, the described teaching practices do not always match teacher's views on meaningful names, and teachers rarely encourage students to use them. Instead, they express that naming practices should not be enforced and that students will develop them by example. Whereas some teachers report focusing solely on conventions, others deliberately dedicate time for students to engage with naming, create their own guidelines, provide continuous feedback, or include naming exercises on exams. Discussion. Naming practices do not seem to be deliberately taught, even though they influence program understanding and code quality. We also identified inconsistencies in teachers' self-reported naming practices. As such, we encourage intentional conversations about naming practices in educational settings, specifically linking naming to code quality and readability. We see room for group and peer activities as a means to this end, as well as providing formative feedback dedicated to naming.",ieee,llm,0.800,unreviewed,
discarded,Comparing two spreadsheet calculation paradigms: an empirical study with novice users,M Tukiainen,2001,Interacting with Computers,10.1016/S0953-5438(00)00048-5,https://ieeexplore.ieee.org/document/8160468/,adjacent-subtopic,"Empirical studies of spreadsheet programming have commonly shown high overall error rates but only little attention has been paid to reasons for these errors. One often mentioned cause for errors is the low conceptual level of spreadsheet systems, e.g. the lack of abstraction and modularity mechanisms. By offering these kinds of mechanisms to spreadsheet users, we wanted to study whether the conceptual level has an effect on types of errors produced. The higher conceptual level paradigm offered is the structured spreadsheet calculation paradigm, which utilizes goals, plans and spreadsheet data structures in computation. In this paper, we present an empirical study with novice users, comparing the traditional spreadsheet calculation paradigm and the structured spreadsheet calculation paradigm. The results show that the two different paradigms produce different error behaviors.",ieee,llm,0.790,unreviewed,
discarded,Remedying Low Student Performance in Introductory Programming: A Case Study on Role Assignment in Academic Teams,Nikolaos Spanoudakis; Evangelia Krassadaki,2025,2025 6th International Conference in Electronic Engineering & Information Technology (EEITE),10.1109/EEITE65381.2025.11166638,https://ieeexplore.ieee.org/document/11166638/,adjacent-subtopic,"This article presents the assignment of specific roles to team members for the development of a software application in the Introduction to Computer Programming course, taught in the first semester of an Engineering school. These courses are characterized by complexity and difficulty for various reasons. First-year students tend to have low performance and low participation in exams, despite the lectures offered, mandatory lab attendance, and optional participation in midterm assessment. The teams consisted of three members, with roles assigned as Data Scientist, Programmer, and Analyst. The results indicate a positive relation between teamwork with assigned roles and exam participation, as well as an improvement in student performance. Given that, in our country, individual student progress is not systematically studied for reasons beyond the scope of this paper, we took the initiative to analyze student performance over four years during the initial stage of this pilot implementation. The findings, among others, serve as a starting point for further discussion, study, and research.",ieee,llm,0.920,unreviewed,
discarded,API Recommendation for Novice Programmers: Build a Bridge of Query-Task Knowledge Gap,Yong Wang; Yingtao Fang; Cuiyun Gao; Linjun Chen,2024,IEEE Transactions on Reliability,10.1109/TR.2024.3361922,https://ieeexplore.ieee.org/document/10445135/,adjacent-subtopic,"During software development, programmers often rely on a wide range of application programming interfaces (APIs) to facilitate their tasks. However, APIs have been growing rapidly in recent years, making it difficult for developers to choose among the many APIs that suit their programming needs. To facilitate the development process, automatic API recommendation is becoming increasingly important. Although there have been many effective research methods, these methods have a high dependence on the accuracy of the user's description of his own task, and there is a knowledge difference between the user's query and the user's actual task, increasing the difficulty of accurate API recommendation. In this article, we propose REAPI, a method to bridge the knowledge gap between the user's query and the user's actual task to improve the recommendation accuracy. The REAPI approach involves reconstructing query by tapping into Stack Overflow data to glean user intentions. Refactoring the user's query to display implicit information can better capture the user's true intentions. Specifically, we generate three candidate reconstruction statements based on natural language queries and Stack Overflow data and incorporate user feedback to refine and select the final statement. To evaluate the effectiveness of REAPI, we conducted experiments at both the class-level and method-level. Our results show that REAPI outperforms state-of-the-art baselines across key evaluation metrics such as S@1, S@3, S@10, MRR, and MAP.",ieee,llm,0.890,unreviewed,
discarded,Exploring The Psychometric Properties of Computational Thinking Assessment in Introductory Programming,Yeni Anistyasari; Ekohariadi Ekohariadi; I. G. P Asto Buditjahjanto; Shintami C Hidayati,2021,2021 International e-Engineering Education Services Conference (e-Engineering),10.1109/e-Engineering47629.2021.9470593,https://ieeexplore.ieee.org/document/9470593/,adjacent-subtopic,"Computational thinking (CT) is considered as the skill of 21st century. The fundamental CT concepts include abstraction, algorithm design, decomposition, pattern recognition, and data representation or generalization. CT assessment is required to improve the understanding of the cognitive abilities and to relate them in related areas, such as introductory programming in computer science. Assessing computational thinking skills however is a challenging issue since it measures latent variables that cannot be directly observed. In addition, according to psychometrics, appropriate test requires a validation process before it can be effectively used as a measuring instrument. Thus, high quality tools for measuring student learning in Introductory Programming have been under-developed and under-researched. The objective of this work is to determine the psychometric properties (item validity, reliability, discrimination, difficulty, and distractors) of the developed multiple-choice questions of computational thinking in introductory programming by exploring classical test theory and item response theory which has not been deeply investigated by previous studies. The analysis results reveal that most of items are valid and the items are generally adequate reliable. In spite of the fact that some items are suggested to be revised since the item discrimination values, the distribution of difficulties, and distractor points are less than the expected threshold.",ieee,llm,0.820,unreviewed,
