status,title,authors,year,venue,doi,url,tags,abstract,provider,decision_source,llm_confidence,llm_review_outcome,llm_change_direction
discarded,Real-Time Biplane Versus Single-Plane US-guided Hip Joint Injection: A Single-Center Prospective Study,"Zhao, Guozheng; Li, Chunbao; Sun, Hao; An, Ping; Wang, Yan; Zhang, Mingbo",2026,ORTHOPAEDIC JOURNAL OF SPORTS MEDICINE,10.1177/23259671261474640,https://www.webofscience.com/wos/woscc/full-record/WOS:001854494300001,off-topic-false-hit,"Background: Ultrasound (US)-guided hip joint injection is a cornerstone of musculoskeletal care, but conventional single-plane US presents a steep learning curve for novice operators. Real-time biplane US, which provides orthogonal imaging planes, may improve procedural accuracy and efficiency, yet its utility in hip injection remains understudied. Purpose: To compare procedural performance and learning curves between conventional single-plane US and real-time biplane US for hip joint injection, particularly in novice operators. Study Design: Cohort study; Level of evidence, 2. Methods: This prospective single-center study enrolled 70 consecutive patients (July 2024-December 2024) scheduled for US-guided hip injection, nonrandomly assigned to single-plane US (n = 35) or biplane US (n = 35) groups. All procedures were performed by a radiologist with 7 years of diagnostic US experience, limited previous US-guided interventional exposure, and no experience in hip joint injection. Primary outcomes were first-attempt success (successful intra-articular access and injection on the initial insertion without needle withdrawal or redirection) and final success (successful completion within no more than 2 insertion attempts). Secondary outcomes included puncture time, needle adjustments, operator confidence score, and complication. Learning curves were analyzed using cumulative sum (CUSUM) modeling for puncture time (seconds). Results: Compared with the single-plane group, the biplane group had significantly higher first-attempt success rate (48.6% vs 25.7%; relative risk [RR], 1.889 [95% CI, 1.103-3.648]; P = .048) and final success rate (91.4% vs 71.4%; RR, 1.280 [95% CI, 1.014-1.616]; P = .031). The biplane group also had shorter puncture time (median, 120 [interquartile range, IQR, 64-182] vs 153 [90- 234] seconds; P = .020), fewer needle adjustments (median, 1 [IQR, 0-2] vs 2 [0-3]; P = .008), and higher operator confidence score (median, 2 [IQR, 1-3] vs 1 [1-2]; P = .043). One minor complication occurred in the single-plane group. CUSUM analysis demonstrated cubic learning curves for both techniques (single-plane: R-2 = 0.893; biplane: R-2 = 0.979; both P < .05). Phase-specific analysis further showed that the advantage of biplane guidance was most pronounced during the learning phase, while shorter puncture time persisted after proficiency was achieved. Conclusion: In novice operators, real-time biplane US guidance was associated with higher procedural success, fewer needle adjustments, shorter puncture time, and faster early skill acquisition than conventional single-plane US for hip joint injection. Its greatest benefit was observed during the learning phase, although multicenter studies are needed to confirm generalizability.",wos,llm,0.990,unreviewed,
discarded,Application of animal organ models in laparoscopic surgery training: a systematic review,"Liao, Jingyi; Zhang, Yaruo; Yang, Xiaoying; Yang, Zhouwen; Lai, Jianming; Li, Jun; Zhang, Jie; Li, Wei; Tian, Jing",2026,SURGICAL ENDOSCOPY AND OTHER INTERVENTIONAL TECHNIQUES,10.1007/s00464-026-13266-7,https://www.webofscience.com/wos/woscc/full-record/WOS:001854227900001,off-topic-false-hit,"Background Animal organ models are increasingly used in laparoscopic training; however, their educational effectiveness and optimal application have yet to be synthesized. This systematic review aimed to review the evidence for application and effectiveness of animal organ models in laparoscopic training.Methods MEDLINE, Scopus and Cochrane Library were searched from inception up to May 23, 2026, following PRISMA guidelines. Studies evaluating animal organ models for laparoscopic technical skills training were included. Study quality was assessed using the Medical Education Research Study Quality Instrument (MERSQI). Data on model characteristics (anatomical and physiological realism), training protocols, assessment tools, and educational outcomes were extracted.Results A total of 56 studies were included, involving 2025 participants across six specialties. Based on anatomical and physiological realism of animal organ models, three fidelity levels were identified: low (15 studies, mainly in urology), medium (37 studies, across multiple specialties), and high (ex vivo perfused, 11 studies, mainly for resection procedures). Of the 56 studies, 4 assessed training impact using only self-reported questionnaires, 41 measured impact by change in learner knowledge and skill in teaching scenario, and 12 provided evidence of clinical skill transfer (21%), of which 5 only evaluated behavior change in workplace using objective parameters or rating scales, and 7 measured patient outcomes simultaneously. Only one study explicitly reported Institutional Animal Care and Use Committee (IACUC) approval.Conclusions Animal organ models provide fidelity-dependent educational value across laparoscopic training stages. Low-fidelity models support novices in acquiring fundamental psychomotor skills; medium-fidelity models facilitate procedure-specific training in intermediates within realistic anatomy; and high-fidelity perfused models prepare advanced trainees for intraoperative crisis management. However, evidence for clinical transfer and ethical reporting remains limited.",wos,llm,0.990,unreviewed,
discarded,From PETE to practice: the enactment of professional competencies among Chinese novice PE teachers in school contexts,"Huang, Wanyu; Wong, Tong Lam; Sun, Jiaqi; Yang, Jianke",2026,SPORT EDUCATION AND SOCIETY,10.1080/13573322.2026.2720894,https://www.webofscience.com/wos/woscc/full-record/WOS:001852833000001,off-topic-false-hit,"Teacher education programs are central to enhancing educational quality and ensuring the implementation of physical education (PE) curricula. However, many novice teachers encounter challenges such as reality shocks and role conflicts during the transition from university to school contexts. Based on organizational socialization theory and a three-dimensional professional competence framework, this study identifies three themes: (1) standardized PE class procedures: classroom discipline and situational stress; (2) learned but not enough: mismatch between course content and teaching projects; and (3) educational beliefs and professional development: adjustment and negotiation. Findings indicate that when novice PE teachers enter complex school environments, the professional competencies developed through PETE are enacted in practice, enabling them to manage basic classroom procedures and lesson design, but requiring ongoing adaptation to variations across educational stages (e.g. primary, secondary and high school) and broader contextual demands. Throughout this process, novice PE teachers develop their professional competencies through reflection, collaboration and observation as part of their ongoing professional learning. The study offers a new perspective on the role of PETE programs in diverse educational contexts and contributes to research on the relationship between pre-service education and teacher professional development.",wos,llm,0.980,unreviewed,
discarded,Proposal of Visualization for Test Execution Results of Programming with Automated Testing,"Yamamoto, Raiya; Miyagi, Keita; Noguchi, Yasuhiro; Kogure, Satoru; Yamashita, Koichi; Konishi, Tatsuhiro",2025,"33RD INTERNATIONAL CONFERENCE ON COMPUTERS IN EDUCATION CONFERENCE PROCEEDINGS, ICCE 2025, VOL II",,https://www.webofscience.com/wos/woscc/full-record/WOS:001815994100053,adjacent-subtopic,"In recent years, automated testing has been used in many software developments. Automated testing has advantages such as the early detection of errors through continuous test execution. However, research has reported that software testing is difficult for novices who have not yet acquired basic programming skills. Previous research has observed that even novice learners can perform coding activities and identify bugs in a function in an environment where automated testing is already prepared, but they could not identify the line that has defects in a function and could not eliminate the defect. This study proposes a learning support tool to help novice learners learn how to identify defects in a function using automated testing in programming exercises. Result of evaluation indicated that the proposed tools can help learn a method for identifying the location of defects.",wos,llm,0.810,unreviewed,
discarded,Efficiency or Understanding? Novice Programmers' Problem-Solving With and Without ChatGPT,"Talandron-Felipe, May Marie P.",2025,"33RD INTERNATIONAL CONFERENCE ON COMPUTERS IN EDUCATION CONFERENCE PROCEEDINGS, ICCE 2025, VOL II",,https://www.webofscience.com/wos/woscc/full-record/WOS:001815994100041,adjacent-subtopic,"Large Language Models (LLMs) such as ChatGPT are increasingly present in programming education, but their educational value depends on how they are integrated into student learning. This paper reports on a baseline experiment involving thirty sophomore computing students at a rural state university in the Philippines, classified as novices based on pre-test performance and randomly assigned to AI-assisted and non-AI groups. The AI-assisted group accessed ChatGPT through the free-tier web interface, which in July 2025 defaulted to the GPT-4o model. Students were given two hours to solve three programming problems, followed by a post-test and a focus group discussion. Screen recordings, rubric-based scoring, and observer notes were analyzed to examine coding behaviors and learning outcomes. As expected, the AI-assisted group achieved higher task completion and produced more structurally advanced code, though this often relied on repeated prompting rather than independent debugging. By contrast, the non-AI group generated less polished solutions but engaged more deeply in problem decomposition and iterative debugging, resulting in significantly greater post-test gains. Rather than presenting this efficiency-understanding trade-off as a new discovery, the study contributes contextualized evidence from an underexplored novice setting and provides empirical grounding for ongoing work that designs scaffolded, pedagogically guided integration of LLMs. The findings highlight that unstructured AI use fosters dependency, whereas structured use has the potential to balance efficiency with meaningful conceptual learning.",wos,llm,0.870,unreviewed,
discarded,Explaining success in Bayesian reasoning with the adaptive toolbox and expertise,"Fenwick, Hannah; Campitelli, Guillermo; Thompson, Matthew B.",2026,PSYCHONOMIC BULLETIN & REVIEW,10.3758/s13423-026-02986-5,https://www.webofscience.com/wos/woscc/full-record/WOS:001851054400001,off-topic-false-hit,"Research on Bayesian reasoning has been shaped by two productive traditions: ecological rationality, which explains why natural frequencies facilitate inference, and nested sets accounts, which show how transparent set relations support analytic reasoning. Together, these approaches have generated a rich empirical literature on representational facilitation. Yet a broader pattern has emerged: Bayesian reasoning accuracy improves with training and visualisation, varies systematically with numeracy and domain knowledge, and can be high among mathematically trained reasoners even in probability formats. These findings suggest that Bayesian competence is not reducible to a privileged input format but reflects the acquisition and deployment of multiple inferential tools. Building on prior integrative contributions, we propose that Gigerenzer's adaptive toolbox, combined with principles from expertise research, provides a productive theoretical framework and research agenda. From this perspective, natural frequencies and nested set representations function as scaffolds that make particular tools easier for novices to access, rather than as the sole route to success. An expertise-based interpretation helps explain how inferential tools are learned, automatised, and selected through experience, why tool use varies across individuals and tasks, and how accurate Bayesian reasoning can be achieved across representational formats. We further argue that expert-novice comparisons and process-tracing methods provide a powerful approach to identifying the tools that support probabilistic inference and to guiding the design of more generalisable training interventions. This framework links representational facilitation to learning and strategy selection, shifting the focus of Bayesian reasoning research from which formats work best to how people become capable of Bayesian reasoning at all.",wos,llm,0.990,unreviewed,
discarded,Learning curve analysis of robotic-assisted thoracoscopic lung resection performed by a novice thoracic surgeon,"Takasugi, Taiki; Mawatari, Tohru",2026,JTCVS OPEN,10.1016/j.xjon.2026.101850,https://www.webofscience.com/wos/woscc/full-record/WOS:001849028800001,off-topic-false-hit,"Objectives: Robot-assisted thoracoscopic surgery has been increasingly adopted for lung resection, and opportunities for novice surgeons to perform this procedure are expanding. However, evidence regarding the early learning curves among novice thoracic surgeons remains limited. We performed this study to evaluate the learning curve and perioperative outcomes of robot-assisted thoracoscopic surgery for anatomical lung resections performed by novice surgeons. Methods: We reviewed 30 consecutive patients who underwent robot-assisted thoracoscopic anatomical lung resections between April and December 2025. All procedures were performed by a single novice thoracic surgeon with 4 years of experience in thoracic surgery. The primary outcome was console duration. Secondary outcomes included operative time, estimated blood loss, conversion to thoracotomy, postoperative complications, air leaks, chest drain duration, and length of hospital stay. Learning curve analyses were performed using scatter plots, moving averages, and cumulative sum analyses. Results: The median console time was 122 minutes (range, 50-221 minutes), which decreased with increasing experience. The median operative time was 186 minutes (range, 97-306 minutes) and showed a similar downward trend. Cumulative sum analysis identified a clear point indicating procedural proficiency after approximately 20 cases. The median blood loss was 20 mL, which was consistently low. One planned conversion to thoracotomy (3.3%) was performed because of severe hilar adhesions. No major postoperative complications (Clavien-Dindo grade >= III) were observed. Conclusions: Robot-assisted thoracoscopic anatomical lung resection can be safely performed by novice thoracic surgeons using a structured training framework. Procedural proficiency was achieved in approximately 20 cases, with favorable perioperative outcomes.",wos,llm,0.990,unreviewed,
discarded,From Black Box to Learning Artifact: A Proposed Pedagogical Redesign of AI Coding Assistants for Novice Programmers,"Prasad, Prajish; Sane, Aamod; Chitkulwar, Shivkiran",2026,"EXTENDED ABSTRACTS OF THE 2026 CHI CONFERENCE ON HUMAN FACTORS IN COMPUTING SYSTEMS, CHI 2026",10.1145/3772363.3798522,https://www.webofscience.com/wos/woscc/full-record/WOS:001792737300292,adjacent-subtopic,"Large language model (LLM)-based coding assistants can generate complete, functional programs from natural language prompts, enabling rapid prototyping and lowering barriers to software creation. However, for novice programmers, these systems often function as black boxes: learners receive finished code artifacts without engaging in the reasoning processes through which programming knowledge is developed.

In this poster, we explore how LLM-based code generation tools can be redesigned as learning artifacts and propose a pedagogical redesign of AI coding assistants for introductory programming contexts. Our approach scaffolds learners through three phases: problem understanding, incremental code generation, and solution evaluation. The system elicits and externalizes learners' requirements, incrementally maps requirements to generated code, and supports reflection through test-case construction and evaluation of generated solutions.

We argue that by making the processes underlying code generation visible and inspectable, AI coding assistants can support purposeful, interest-driven programming while preserving learning-critical cognitive processes.",wos,llm,0.860,unreviewed,
discarded,Unpacking Empathy Development in HCI Learners: Patterns from Diary Reflections and Peer Discussions,"Fan, Jixiang; Wang, Wei-Lu; Song, Jiahui; Zhao, Jiacheng; Xia, Lei; McCrickard, D. Scott",2026,"EXTENDED ABSTRACTS OF THE 2026 CHI CONFERENCE ON HUMAN FACTORS IN COMPUTING SYSTEMS, CHI 2026",10.1145/3772363.3798329,https://www.webofscience.com/wos/woscc/full-record/WOS:001792737300131,off-topic-false-hit,"Understanding user experience and user needs is an essential goal in HCI education, yet novice students often struggle to recognize the diversity and complexity of user perspectives. This study investigates howempathy-related understanding unfolds during early HCI learning through diary reflections and peer discussions. Ten undergraduate students recorded their daily experiences using a fitness application and later shared their reflections in small-group discussions. We analyzed open-ended responses together with multi-stage Empathy in Design Scale data. Our findings center on three aspects. The four empathy dimensions, Emotional Interest, Sensitivity, Personal Experience, and Self-awareness, showed descriptive shifts rather than a single trend. Students gradually realized that their initial assumptions about user needs and design difficulty were not sufficient. They also moved from a function-oriented view toward a more holistic understanding of product experience. These findings offer early insight into how reflective writing and peer dialogue influence the development of empathy.",wos,llm,0.990,unreviewed,
discarded,Text-and-Image Materials Versus an AI-Avatar Video for Introductory Adobe Illustrator Learning: A Randomized Two-Group Study,"Zeljkovic, Zeljko; Kasikovic, Nemanja; Stefanovic, Miroslav; Zugic, Anja Jankovic; Dedijer, Sandra; Petrovic, Sasa; Juric, Ivana",2026,APPLIED SCIENCES-BASEL,10.3390/app16157735,https://www.webofscience.com/wos/woscc/full-record/WOS:001846592700001,off-topic-false-hit,"Featured Application The results provide practical guidance for instructional designers and higher education instructors choosing between static text-and-image materials and AI-avatar video for introductory software learning. For the materials tested, the text-and-image format produced higher immediate knowledge scores. No statistically significant group differences were detected in practical performance or delayed-test scores. The findings underline the importance of pacing, visual signaling and learner control when designing AI-supported procedural instruction.Abstract AI-generated instructional videos are increasingly used in higher education, yet their effectiveness relative to carefully designed conventional instructional materials remains unclear, particularly for introductory procedural learning. This randomized two-group study compared two complete instructional formats, static text-and-image instruction and AI-avatar video instruction. Both covered the same learning objectives and worked procedure, but differed in verbal presentation, temporal pacing, navigation, visual signaling and avatar presence. Eighty-one first-year university students with no prior formal university instruction in Adobe Illustrator provided pre-test, post-test, practical-task, questionnaire and seven-day retention data. The text-and-image group achieved higher immediate post-test scores than the video group. No statistically significant group differences were detected in practical task or delayed-test scores, and the exploratory comparison of post-to-retention change was also not significant. Holm correction for three perception comparisons indicated that only perceived clarity remained significantly higher in the text-and-image group. For the materials tested, the text-and-image material provided a stronger basis for immediate learning, although this advantage was not detected in practical performance or delayed outcomes. Because the formats differed in several instructional features, the observed pattern cannot be attributed specifically to avatar presence. The results highlight the importance of pacing, segmentation, visual signaling and learner control when designing AI-supported instructional videos for novice procedural learning.",wos,llm,0.980,unreviewed,
