status,title,authors,year,venue,doi,url,tags,abstract,provider,decision_source,llm_confidence,llm_review_outcome,llm_change_direction
discarded,The Impact of Reduced Vision on Simulated Flight Performance in Novice Pilots: Toward Establishing Performance-Based and Operatically Representative Visual Acuity Standards,"Lynch, Allison; Ayala, Naila; Cao, Shi; Niechwiej-Szwedo, Ewa; Kearns, Suzanne; Irving, Elizabeth",2025,HUMAN FACTORS,10.1177/00187208251349599,https://www.webofscience.com/wos/woscc/full-record/WOS:001504278500001,off-topic-false-hit,"Objective To investigate the effect of visual degradation on simulated flight performance, perceived stress, and perceived task difficulty.Background Establishing visual standards for pilots is crucial, although it may limit the pool of eligible candidates and impact pilot retention. Despite this, there is limited understanding regarding the influence of vision on pilot performance.Method Twenty participants (0-300 flight hours) completed a flight simulation task using the ALSIM AL250 in two experiments. Distance static visual acuity (VA) ranged from 6/6 (20/20) to 6/60, with scenarios including no vision. Experiment 1 (n = 10) tested landing performance for 6 VA conditions, while experiment 2 (n = 10) involved a more difficult circuit task (traffic pattern) with 8 VA conditions. Participants completed stress and difficulty questionnaires between trials. Flight performance variables assessed were vertical speed, altitude, attitude, pitch, and roll.Results In both flight simulation experiments, vision degradation did not affect novice pilots' landing performance, but complete loss of vision led to loss of control. Participants in experiment 1 experienced stress at lower perturbation level than in experiment 2.Conclusion Vision degradation up to 6/60 had no discernible impact on novice pilots' simulated approach to landing or flight circuit and landing. Total vision loss led to loss of aircraft control. Perceived stress and difficulty increased with reduced vision.Application This research opens the door to reexamine the visual standards for pilots and serve as a simple tool to manipulate perceived stress and difficulty in operational tasks.",wos,llm,0.990,unreviewed,
discarded,Breaking the Programming Language Barrier: Multilingual Prompting to Empower Non-Native English Learners,"Prather, James; Reeves, Brent N.; Denny, Paul; Leinonen, Juho; MacNeil, Stephen; Luxton-Reilly, Andrew; Orvalho, Joao; Alipour, Amin; Alfageeh, Ali; Amarouche, Thezyrie; Kimmel, Bailey; Wright, Jared; Blake, Musa; Barbre, Gweneth",2025,"PROCEEDINGS OF THE 27TH AUSTRALASIAN COMPUTING EDUCATION CONFERENCE, ACE 2025",10.1145/3716640.3716649,https://www.webofscience.com/wos/woscc/full-record/WOS:001480949300009,adjacent-subtopic,"Non-native English speakers (NNES) face multiple barriers to learning programming. These barriers can be obvious, such as the fact that programming language syntax and instruction are often in English, or more subtle, such as being afraid to ask for help in a classroom full of native English speakers. However, these barriers are frustrating because many NNES students know more about programming than they can articulate in English. Advances in generative AI (GenAI) have the potential to break down these barriers because state of the art models can support interactions in multiple languages. Moreover, recent work has shown that GenAI can be highly accurate at code generation and explanation. In this paper, we provide the first exploration of NNES students prompting in their native languages (Arabic, Chinese, and Portuguese) to generate code to solve programming problems. Our results show that students are able to successfully use their native language to solve programming problems, but not without some difficulty specifying programming terminology and concepts. We discuss the challenges they faced, the implications for practice in the short term, and how this might transform computing education globally in the long term.",wos,llm,0.860,unreviewed,
discarded,Novice Teacher's Social and Emotional Learning: Challenges and Coping Strategies,"Zheng, Xin; Ding, Shanshan; Luo, Shiying; Zhang, Wenhua",2026,ASIA-PACIFIC EDUCATION RESEARCHER,10.1007/s40299-025-01008-7,https://www.webofscience.com/wos/woscc/full-record/WOS:001482127700001,off-topic-false-hit,"Teachers play a vital role in students' social and emotional learning, but they are not merely facilitators or interveners; they are also social and emotional learners themselves. This qualitative case study, involving six novice primary teachers in a Chinese context, elucidates their social and emotional challenges and, how they learn to cope with these challenges in their early careers. The results showed that novice teachers encounter key challenges such as intense emotions caused by the gaps between educational ideals and reality, unconscious compliance with school leaders' assignments, difficulties in student management and parent communication, and insufficient experience in emotional regulation. From the perspective of social and emotional learning, novice teachers' effective coping strategies include exploring suitable stress-relief methods, seeking support from the community, handling conflicts with fairness, discriminating tasks and allocating time accordingly, and adjusting expectations of educational work. These coping strategies reflect a dynamic and interactive process. Through this process, novice teachers develop and integrate dimensions such as self-awareness, self-management, social awareness, and relationship skills to address social and emotional challenges. Implications for novice teachers, schools, and professional development programs are discussed.",wos,llm,0.990,unreviewed,
discarded,Exploring the Potential of Generative AI to Support Non-experts in Learning Analytics Practice,"Ochoa, Xavier; Huang, Xiaomeng; Shao, Yuli",2025,JOURNAL OF LEARNING ANALYTICS,10.18608/jla.2025.8615,https://www.webofscience.com/wos/woscc/full-record/WOS:001474975100005,adjacent-subtopic,"Generative AI (GenAI) has the potential to revolutionize the analysis of educational data, significantly impacting learning analytics (LA). This study explores the capability of non-experts, including administrators, instructors, and students, to effectively use GenAI for descriptive LA tasks without requiring specialized knowledge in data processing, visualization, or programming. Through a laboratory experiment, participants with varying levels of expertise in data analysis engaged in three tasks with different levels of difficulty using ChatGPT. The findings reveal that while there is a small effect of previous expertise on performance, novices and experts achieved remarkably similar scores. Additionally, the study identifies that action sequence variables, such as the sequence's complexity and the presence of specific actions such as evaluating and checking results, significantly predict performance. These results suggest that while current GenAI technologies are not yet ready to fully support non-experts, they hold the promise of supporting stakeholders, regardless of their technical background, to perform descriptive data analysis in the context of LA practice. This research seeks to start a discussion within the LA community about leveraging AI to scale and expand LA practices, potentially transforming how educational stakeholders engage with and benefit from LA.",wos,llm,0.950,unreviewed,
kept,Exploring Student Reactions to LLM-Generated Feedback on Explain in Plain English Problems,"Kerslake, Chris; Denny, Paul; Smith, David H.; Leinonen, Juho; MacNeil, Stephen; Luxton-Reilly, Andrew; Becker, Brett A.",2025,"PROCEEDINGS OF THE 56TH ACM TECHNICAL SYMPOSIUM ON COMPUTER SCIENCE EDUCATION, SIGCSE TS 2025, VOL 1",10.1145/3641554.3701934,https://www.webofscience.com/wos/woscc/full-record/WOS:001443080400085,supports-claim,"Code reading and comprehension skills are essential for novices learning programming, and explain-in-plain-English tasks (EiPE) are a well-established approach for assessing these skills. However, manual grading of EiPE tasks is time-consuming and this has limited their use in practice. To address this, we explore an approach where students explain code samples to a large language model (LLM) which generates code based on their explanations. This generated code is then evaluated using test suites, and shown to students along with the test results. We are interested in understanding how automated formative feedback from an LLM guides students' subsequent prompts towards solving EiPE tasks. We analyzed 177 unique attempts on four EiPE exercises from 21 students, looking at what kinds of mistakes they made and how they fixed them. We found that when students made mistakes, they identified and corrected them using either a combination of the LLM-generated code and test case results, or they switched from describing the purpose of the code to describing the sample code line-by-line until the LLM-generated code exactly matched the obfuscated sample code. Our findings suggest both optimism and caution with the use of LLMs for unmonitored formative feedback. We identified false positive and negative cases, helpful variable naming, and clues of direct code recitation by students. For most students, this approach represents an efficient way to demonstrate and assess their code comprehension skills. However, we also found evidence of misconceptions being reinforced, suggesting the need for further work to identify and guide students more effectively.",wos,llm,0.740,unreviewed,
discarded,From Novice to Skilled: RL-Based Shared Autonomy Communicating with Pilots in UAV Multi-Task Missions,"Backman, Kal; Kulic, Dana; Chung, Hoam",2025,ACM TRANSACTIONS ON HUMAN-ROBOT INTERACTION,10.1145/3712712,https://www.webofscience.com/wos/woscc/full-record/WOS:001460064300004,off-topic-false-hit,"Multi-task missions for unmanned aerial vehicles (UAVs) involving inspection and landing tasks are challenging for novice pilots due to the difficulties associated with depth perception and the control interface. We propose a shared autonomy system, alongside supplementary information displays, to assist pilots to successfully complete multi-task missions without any pilot training. Our approach comprises of three modules: (1) a perception module that encodes visual information onto a latent representation, (2) a policy module that augments pilot's actions, and (3) an information augmentation module that provides additional information to the pilot. The policy module is trained in simulation with simulated users and transferred to the real world without modification in a user study (n = 29), alongside alternative supplementary information schemes including learnt red/green light feedback cues and an augmented reality display. The pilot's intent is unknown to the policy module and is inferred from the pilot's input and UAV's states. The assistant increased task success rate for the landing and inspection tasks from 16.67% and 54.29%, respectively, to 95.59% and 96.22%. With the assistant, inexperienced pilots achieved similar performance to experienced pilots. Red/green light feedback cues reduced the required time by 19.53% and trajectory length by 17.86% for the inspection task, where participants rated it as their preferred condition due to the intuitive interface and providing reassurance. This work demonstrates that simple user models can train shared autonomy systems in simulation, and transfer to physical tasks to estimate user intent and provide effective assistance and information to the pilot.",wos,llm,0.990,unreviewed,
discarded,StackDoc - A Stack Overflow Plug-in for Novice Programmers that Integrates Q&A with API Examples,Akhila Sri Manasa Venigalla; Chaitanya S Lakkundi; Vartika Agrahari; Sridhar Chimalakonda,2019,2019 IEEE 19th International Conference on Advanced Learning Technologies (ICALT),10.1109/ICALT.2019.00077,https://ieeexplore.ieee.org/document/8820919/,adjacent-subtopic,"There is a tremendous increase in the use of online coding platforms, courses and walkthrough tutorials to learn programming today. Stack Overflow, a Q&A website of crowd-sourced knowledge on programming is one of the popular platforms that developers and learners use to ask and answer Q&As related to programming. However, novice programmers often face difficulties in understanding the answers as they may contain new terminologies, function calls and attributes of certain technology or programming language. Researchers have proposed different ways to augment Stack Overflow in the literature, but to the best of our knowledge, there is no work that exists to augment Stack Overflow posts with definitions of API calls and relevant examples. To this end, we propose StackDoc, a prototype plug-in that augments Stack Overflow with definitions and examples of API calls in the questions and answers with the goal of helping novice programmers. We did a preliminary survey with 20 students of various universities, novice to Java and 85% of the users reported positive experience with the plugin.",ieee,llm,0.830,unreviewed,
discarded,Automatic detection of frustration of novice programmers from contextual and keystroke logs,Fwa Hua Leong,2015,2015 10th International Conference on Computer Science & Education (ICCSE),10.1109/ICCSE.2015.7250273,https://ieeexplore.ieee.org/document/7250273/,adjacent-subtopic,"Novice programmers exhibit a repertoire of affective states over time when they are learning computer programming. The modeling of frustration is important as it informs on the need for pedagogical intervention of the student who may otherwise lose confidence and interest in the learning. In this paper, contextual and keystroke features of the students within a Java tutoring system are used to detect frustration of student within a programming exercise session. As compared to psychological sensors used in other studies, the use of contextual and keystroke logs are less obtrusive and the equipment used (keyboard) is ubiquitous in most learning environment. The technique of logistic regression with lasso regularization is utilized for the modeling to prevent over-fitting. The results showed that a model that uses only contextual and keystroke features achieved a prediction accuracy level of 0.67 and a recall measure of 0.833. Thus, we conclude that it is possible to detect frustration of a student from distilling both the contextual and keystroke logs within the tutoring system with an adequate level of accuracy.",ieee,llm,0.840,unreviewed,
kept,Student Misconceptions about Loops in Introductory Programming Courses and the Influence of Representations,Dimitri Eckert; Dion Timmermann; Christian Kautz,2022,2022 IEEE Frontiers in Education Conference (FIE),10.1109/FIE56618.2022.9962545,https://ieeexplore.ieee.org/document/9962545/,supports-claim,Research Work in Progress Paper: Loops are a fundamental concept of programming. For novice programmers loops generally and nested loops specifically pose big difficulties. This paper identifies common student misconceptions about loops in a first-year C++ introductory computer science course and the relation of these misconceptions to representations. These findings could help design effective instructional methods.,ieee,llm,0.980,unreviewed,
discarded,Logic Error Detection Algorithm for Novice Programmers based on Structure Pattern and Error Degree,Yuto Yoshizawa; Yutaka Watanobe,2018,2018 9th International Conference on Awareness Science and Technology (iCAST),10.1109/ICAwST.2018.8517171,https://ieeexplore.ieee.org/document/8517171/,adjacent-subtopic,"In recent years, the importance of programming skills is increasing due to advances in information and communication technologies. However, the difficulty involved in learning programming is a major problem for novices. Therefore, we propose a logic error detection algorithm based on structure pattern and error degree. Structure pattern is an index of similarity based on abstract syntax trees, and error degree is a measure of appropriateness for feedback. In the present paper, we define structure pattern and error degree and present the proposed algorithm method. Implementation and experimentation using actual data are also considered.",ieee,llm,0.810,unreviewed,
discarded,Incoming CS1 Students' Misconceptions on Arrays,Syeda Fatema Mazumder; Manuel A. Pérez-Quiñones,2023,2023 IEEE Frontiers in Education Conference (FIE),10.1109/FIE58773.2023.10342927,https://ieeexplore.ieee.org/document/10342927/,adjacent-subtopic,"This paper investigates CS1 students' misconceptions of Java arrays. Each student entering a CS1 course has an initial mental model with a system of beliefs or intuitions about the course domain. The student's initial mental model largely impacts how they integrate new information into it. Oftentimes, these initial mental models are filled with misconceptions. If these misconceptions could be identified early in the semester, educators can attempt to address them with instruction or other educational interventions. But identifying these misconceptions cannot rely on qualitative methods due to the large sections in computing. Instead, we use a quantitative approach to collect assertions that exist in a student mental model. Then we use this representation of mental models to identify misconceptions. We provide a definition of a programming misconception based on mental model theories and use a questionnaire to identify misconceptions based on mental model consistency. We define a mental model as a collection of assertions, and we define a consistently chosen wrong assertion as a misconception. We have broken down Java arrays into a set of parts and state changes. The parts include array name, index, type, and element access. The state changes include array declaration, array instantiation, assignment of literals, and the more general assignment of arrays. We placed 30 wrong assertions multiple times as distractors in our questionnaire. In this paper, we report on our data collection and discuss the 16 misconceptions of arrays found to be held by novice programmers before classroom instruction on arrays. Nine misconceptions were documented for parts components and seven for state changes. Our results show that over half of our participants (out of 93) held at least one misconception before learning arrays in classrooms. CS1 students mostly held misconceptions related to the arrays' declarations (state change), and name, and element access (parts). From our data, the top most common misconceptions were about array declarations and initialization.",ieee,llm,0.830,unreviewed,
kept,B#: The Development and Assessment of an Iconic Programming Tool for Novice Programmers,J. H. Greyling; C. B. Cilliers; A. P. Calitz,2006,2006 7th International Conference on Information Technology Based Higher Education and Training,10.1109/ITHET.2006.339788,https://ieeexplore.ieee.org/document/4141651/,supports-claim,"The higher incidence of under-prepared students in the South African education institutions has a particular significance for introductory programming courses which rely heavily on the use of technological tools as components of the teaching model. Difficulties experienced by novice programmers in introductory programming courses include deficiencies in problem-solving strategies, misconceptions relating to programming language constructs and the use of traditional programming environments. An introductory programming course should offer students problem solving analysis and design experience as well as exposure to the basic ideas of algorithmic thinking. Generally, introductory programming courses tend to concentrate on the syntax of a programming language at the expense of developing problem solving skills. Coupled to this are the ever-increasing complexity of modern programming languages and the user interfaces of their IDEs. A strategy that addresses the difficulties experienced by novice programmers in introductory programming courses is one that modifies the teaching model, specifically within the context of technological support. One way of implementing this strategy is with the use of visual programming languages, of which the iconic flowchart approach is one. Further, iconic programming environments traditionally attempt to simplify the programming task by reducing the level of precision and manual typing usually required in the conventional textual programming languages. These environments also attempt to increase the speed at which problem-solving and implementation efforts occur. Consequently, B# was developed in order to provide an environment in which programs can be developed using iconic flowcharts. Basic programming concepts such as assignments, conditions, loops, inputs and outputs are supported. Automatic code generation, debugging and program execution is also supported by the system. This paper reports on the development of B#, focusing on insights that were obtained concerning iconic programming tools. The use of B# by novice programmers in an introductory programming course is discussed and assessed. Recommendations are made as to how an iconic programming environment like B# could contribute to the successful completion of an introductory programming course",ieee,llm,0.750,unreviewed,
