status,title,authors,year,venue,doi,url,tags,abstract,provider,decision_source,llm_confidence,llm_review_outcome,llm_change_direction
kept,Computational Thinking Curriculum for K-12 Education -- A Delphi Survey,Hui-Chi Chuang; Chiu-Fan Hu; Cheng-Chih Wu; Yu-Tzu Lin,2015,2015 International Conference on Learning and Teaching in Computing and Engineering,10.1109/LaTiCE.2015.44,https://ieeexplore.ieee.org/document/7126261/,supports-claim,"The purpose of this study is to design a computational thinking curriculum standard for K-12 education. The Delphi technique was employed to collect different views and derive consensus from a panel of thirteen experts, including computer scientists, computer science educators, K-12 computer teachers, and industry experts. The first draft of Delphi survey questionnaire, consisting of nine themes (problem solving, problem decomposition, algorithms, data representation, data analysis, modeling and simulation, abstraction, automation, and others) and 60 competence indicators, was developed based on our investigation of the nature of computational thinking. After three rounds of survey and a final round-table discussion, the expert panel derived 49 essential competence indicators (13 for grades K to 6, nine for grades 7 to 9 and 27 of grades 10 to 12) and eight optional competence indicators (one for grades 7 to 9 and seven for grades 10 to 12). According to the results, the core ability and training of computational thinking are different in grades. In grades K to 6, students develop logical thinking and problem solving skills in personal and family life. In grades 7 to 9, students must understand the basic concepts of programming and write basic programs. Finally, in grades 10 to 12, they will use high-level skills to apply the concepts of abstraction, modeling, and structured problem decomposition to solve problems in different fields. The results serve as useful references for developing Taiwan's new K-12 computing curriculum.",ieee,llm,0.970,unreviewed,
discarded,Development and Validation Study of Computational Thinking Test for Elementary and Middle School Students in Artificial Intelligence Contexts,Chao Gong; Jun Zhao; Shujuan Gan; Xiaojun Xia,2025,2025 7th International Conference on Computer Science and Technologies in Education (CSTE),10.1109/CSTE64638.2025.11092264,https://ieeexplore.ieee.org/document/11092264/,adjacent-subtopic,"Computational thinking has been globally recognized as a necessary skill in the ""Artificial Intelligence Era"". With the popularization of programming and computational thinking education, how to effectively assess students' computational thinking skills in the context of AI has attracted the attention of researchers. Therefore, this study used a collaborative approach between teachers and AIGC to develop test questions to assess Chinese elementary and middle school students' computational thinking by combining artificial intelligence, machine learning algorithms, and computational thinking skills. The analysis of 125 students in China showed that the computational thinking test developed in this study has good validity and reliability. It was also found that the higher the student's grade level, the higher their computational thinking skills. The study's findings can provide practical references for frontline primary and secondary school IT teachers to conduct computational thinking education.",ieee,llm,0.880,unreviewed,
discarded,The Impact of ICT Resources on Chinese Middle School Students' CT Skills: The Mediating Role of ICT Literacy,Yu Zhou; Junmei Sun; Jing Zhang; Bin Jing; Hongliang Ma; Xiaofei Li; Yifei Han,2024,2024 6th International Conference on Computer Science and Technologies in Education (CSTE),10.1109/CSTE62025.2024.00019,https://ieeexplore.ieee.org/document/10589990/,adjacent-subtopic,"Nowadays, the analysis of the relationship between students' ICT literacy and CT skills remains unclear, and less attention is paid to the influence of ICT resources at school on CT skills. To fill these gaps, a survey was performed on 1056 participants between the ages of 11 and 14, attending a secondary school in China. The participants completed one self-reported questionnaire about CT skills, ICT literacy, and ICT resources at school. The study revealed gender differences in CT skills based on the independent samples t-test, with boys having higher CT skills than girls. Additionally, the study found that ICT literacy mediates the relationship between ICT resources at school and CT skills. The research findings provide important insights for improving students' CT skills. Educators should pay attention to the gender differences in CT skills of male and female students and improve the acquired CT skills of female students. In addition, the improvement of students' ICT literacy skills and the improvement of ICT resources at school can also have a positive effect on students' CT skills.",ieee,llm,0.970,unreviewed,
discarded,Creating an Appropriate Computer Science and Computational Thinking Graduate Curriculum for K–12 Teachers: Context and Initial Results,Katherine G. Herbert-Berger; Sumi Hagiwara; Elizabeth M. Rogacki; Thomas J. Marlowe,2022,2022 IEEE Integrated STEM Education Conference (ISEC),10.1109/ISEC54952.2022.10025068,https://ieeexplore.ieee.org/document/10025068/,adjacent-subtopic,"K-12 computer science education has challenges related to content and to teacher expertise and comfort. This is further made difficult with inconsistent standards and teacher preparation from state-to-state. We describe a K-12 Computer Science Teaching certificate program, located at Montclair State University, aimed at providing current teachers in northern New Jersey with enhanced understanding of computer science concepts, capabilities, and skills, plus scaffolding of equitable and inclusive teacher practices for applied CS pedagogy. We discuss a brief history of the field, our curriculum and approach and then our first graduating cohort’s experiences and challenges. Finally, we discuss our future work.",ieee,llm,0.930,unreviewed,
discarded,Comparing computational thinking skills of engineering students in urban and rural areas of Peru,Nicolas A. Nunez; Giuliana Cornejo-Meza; Sandro A. Sánchez,2020,2020 IEEE ANDESCON,10.1109/ANDESCON50619.2020.9272097,https://ieeexplore.ieee.org/document/9272097/,adjacent-subtopic,"The present study focuses on comparing the achievement levels of computational thinking skills in first-year engineering students at two Peruvian universities, one located in an area with a high human development index (Lima) and the other in a more vulnerable area (Amazonas). The study is based on a computational thinking competence assessment model carried out with 112 students who were given challenges and problems. The results show that: (a) the achievement levels of computational thinking competences differ significantly between the Lima group and the Amazonas group, (b) the highest levels of competence achievement are associated with students who had some level of previous instruction in secondary education, and (c) the differences in the achievement of computational thinking skills according to student gender are not significant.",ieee,llm,0.960,unreviewed,
discarded,Prospective Elementary Teachers’ Computational Thinking Skills: A Preliminary Study,Zetra Hainul Putra; Gustimal Witri; Dahnilsyah; Yahya Gunawan; Herry Sumadinata; Arisya Ruspina Putri,2024,"2024 2nd DMIHER International Conference on Artificial Intelligence in Healthcare, Education and Industry (IDICAIEI)",10.1109/IDICAIEI61867.2024.10842752,https://ieeexplore.ieee.org/document/10842752/,adjacent-subtopic,"Computational thinking refers to thinking and solving issues in the same way as computer scientists do. This study aims to evaluate the computational thinking skills of prospective elementary teachers. This study uses a quantitative descriptive research method. The research instrument uses a computational thinking skills test containing four indicators, namely decomposition, algorithm, pattern recognition, abstraction/generalization. The subjects of this study were 244 prospective elementary teachers from a Study Program of Elementary School Teacher Education at a public university in Pekanbaru, Riau, Indonesia. The results of this study indicate that the computational thinking skills of prospective elementary teachers are in the moderate category. Among the four indicators, prospective elementary teachers’ skills of decomposition and pattern recognition are higher than algorithm and abstraction/generalization.",ieee,llm,0.840,unreviewed,
discarded,AI-Driven myChatCT: Enhancing Computational Thinking and Coding Skills in High School Education,Kuan-Yeh Lin; Po-Hsun Cheng; Li-Wei Chen,2025,2025 IEEE Global Engineering Education Conference (EDUCON),10.1109/EDUCON62633.2025.11016419,https://ieeexplore.ieee.org/document/11016419/,adjacent-subtopic,"Recently the education system has progressively emphasized computational thinking (CT) and coding skills. The curriculum progresses from foundational tools like Scratch in elementary education to more complex languages such as Python and C++ in senior high school. However, traditional teaching methods often fail to engage students effectively, hindering their development of critical coding skills. This research evaluates the effectiveness of myChatCT, an artificial intelligence (AI)-enabled learning assistant designed to enhance CT and coding skills among high school students. A distinctive feature of myChatCT is its integration of activity diagrams, bridging the gap between students' cognitive processes and their visual representations, along with the corresponding programming code. This not only clarifies complex concepts but also promotes deeper understanding and engagement. The study involved four distinct cohorts of high school students who completed coding tasks both with and without the assistance of myChatCT. A mixed-methods approach was employed, combining quantitative assessments of coding performance with qualitative feedback on learning experiences. The results revealed a significant improvement in performance metrics among students using myChatCT, as evidenced by higher accuracy rates and faster completion times. Qualitative feedback revealed that students felt more confident in their coding abilities and were more motivated to engage with programming concepts when supported by myChatCT. These findings underscore myChatCT's potential as a valuable educational tool that can facilitate deeper understanding and engagement in coding education, preparing high school students for a technology-driven future. By leveraging AI capabilities and visual aids, myChatCT not only enhances students' coding skills but also fosters a more interactive and supportive learning environment. This research contributes to the growing body of literature on AI application in education, emphasizing the significance of innovative pedagogical approaches in improving student learning experiences and outcomes within an evolving educational landscape. Ultimately, the integration of tools like myChatCT represents a significant step forward in addressing the challenges of traditional education, paving the way for a more effective and engaging learning experience in the digital age.",ieee,llm,0.950,unreviewed,
kept,Computational Thinking: Possibilities and Challenges,Leila Ribeiro; Daltro José Nunes; Marcia Kniphoff da Cruz; Ecivaldo de Souza Matos,2013,2013 2nd Workshop-School on Theoretical Computer Science,10.1109/WEIT.2013.32,https://ieeexplore.ieee.org/document/6778560/,supports-claim,"The aim of this paper is to discuss the importance of computational thinking and how to include techniques to teach this kind of ability in schools in Brazil. First, we discuss what Computational Thinking is and the importance of teaching such skill in school. Then, we list some of the challenges that are involved in introducing this discipline in school curricula.",ieee,llm,0.830,unreviewed,
kept,Exploring Computational Thinking in Early Childhood: A Game-Based Approach Between Skills and Thinking,Maria Giulia Ballatore; Federica Bertola; Anita Tabacco,2026,2026 IEEE Global Engineering Education Conference (EDUCON),10.1109/EDUCON67543.2026.11574392,https://ieeexplore.ieee.org/document/11574392/,supports-claim,"Current early childhood computational thinking interventions focus mainly on isolated coding activities, leaving foundational cognitive constructs underdeveloped. This study presents a pedagogical framework for children aged 3-7 years integrating narrative-driven instruction with hands-on manipulation to reinforce six computational thinking constructs: Abstraction, Decomposition, Algorithmic Thinking, Pattern Recognition, Error Evaluation and Resolution, and Generalization. Drawing from Bruno Munari’s laboratory pedagogy, the intervention employs the SixBricks tool within the adventures of a friendly machine character. Pilot implementations across formal educational settings and informal contexts demonstrated high engagement levels, pedagogical alignment with early childhood practices, and enhanced student performance with subsequent plugged tools. Results show the framework’s effectiveness in developing comprehensive computational thinking foundations without requiring digital infrastructure. This provides an accessible alternative to fragmented coding approaches currently prevalent in early childhood education and supports the future Randomized Control Trial to evaluate its impact.",ieee,llm,0.900,unreviewed,
discarded,A Collaborative Approach to Integrate Computational Thinking in an Integrated STEM Curriculum,Dazhi Yang; Shi Feng,2022,2022 IEEE Integrated STEM Education Conference (ISEC),10.1109/ISEC54952.2022.10025038,https://ieeexplore.ieee.org/document/10025038/,adjacent-subtopic,"This study reports a pre-college initiative that aims to integrate computational thinking (CT) in an integrated STEM learning environment in community centers' after-school programs for upper-level elementary school students. The initiative takes a collaborative approach that engages a range of stakeholders including higher institution's STEM educational researchers and disciplinary experts, a school district, three community centers and their satellite campus that serve Title I schools, and both in-service and pre-service teachers to develop and implement an integrated “STEM + CT” curriculum. The design and development of the integrated STEM+CT curriculum was guided by project-based learning (PBL) that engages students in sustained project-based activities and requires students to apply multiple STEM content knowledge and skills to solve a problem, in after-school programs where they enjoy large blocks of dedicated time to learn and practice CT and STEM. The implementation of the curriculum was led by in-service teachers in community centers' after-school programs who serve as facilitators and learners, and bring a depth of pedagogical knowledge, and who also benefit from such sustained interactions. This collaborative initiative brings relevant stakeholders together and helps build a researcher-practitioner partnership that aims to design, study, improve, and scale innovations in teaching and learning, which facilities the solving of a shared challenge of educational practice - how to integrate CT in K-12 STEM learning? - in this study. Lessons learned from the collaborative process are also discussed.",ieee,llm,0.930,unreviewed,
discarded,A Study of Micro:bit Teaching Design Based on the Development of Computational Thinking of Secondary School Students,Junjie Liu; Xiaojun Xia; Yi Bai; Pingyao Liu,2022,2022 4th International Conference on Computer Science and Technologies in Education (CSTE),10.1109/CSTE55932.2022.00043,https://ieeexplore.ieee.org/document/9973092/,adjacent-subtopic,"With the rapid development of human society and technology, it's necessary for contemporary students to have the ability to quickly adapt to social development. Meanwhile, traditional educational concepts have to be transformed in time, and a full understanding of computational thinking plays an important role in promoting students' life-long development. Based on in-depth analysis and research on computational thinking theory, this paper integrates micro: bit into teaching from the perspective of practical application. After analyzing the teaching objectives, teaching contents, and teaching process, this paper proposes an instructional design for the development of computational thinking for secondary school students.",ieee,llm,0.890,unreviewed,
discarded,Impact of Teaching Approaches to Computational Thinking on High School Students: A Systematic Mapping,Laíza Ribeiro Silva; Alan Pedro da Silva; Armando Toda; Seiji Isotani,2018,2018 IEEE 18th International Conference on Advanced Learning Technologies (ICALT),10.1109/ICALT.2018.00072,https://ieeexplore.ieee.org/document/8433517/,adjacent-subtopic,"The role of computing in society is fundamental for the political, economic and cultural development of countries, especially in a globalized context. Computational thinking is an extremely important skill in the education of young students, since the ability of intuitively abstracting information and knowledge promotes an expansion of the learning dimension. This study aims to gather approaches used for teaching computational thinking exclusively to high school students, highlighting their performance and motivation resulting from the applications of such approaches. In order to answer our research question, a systematic mapping of the analysis of 15 studies was conducted. The use of computer programming proved to be the most used way to disseminate computational thinking. The students who participated in approaches regarding the insertion of computational thinking in the classroom showed positive impact on the development of classroom activities, as well as motivation to learn.",ieee,llm,0.910,unreviewed,
discarded,Teaching Machine Learning in K–12 Classroom: Pedagogical and Technological Trajectories for Artificial Intelligence Education,Matti Tedre; Tapani Toivonen; Juho Kahila; Henriikka Vartiainen; Teemu Valtonen; Ilkka Jormanainen; Arnold Pears,2021,IEEE Access,10.1109/ACCESS.2021.3097962,https://ieeexplore.ieee.org/document/9490241/,adjacent-subtopic,"Over the past decades, numerous practical applications of machine learning techniques have shown the potential of AI-driven and data-driven approaches in a large number of computing fields. Machine learning is increasingly included in computing curricula in higher education, and a quickly growing number of initiatives are expanding it in K-12 computing education, too. As machine learning enters K-12 computing education, understanding how intuition and agency in the context of such systems is developed becomes a key research area. But as schools and teachers are already struggling with integrating traditional computational thinking and traditional artificial intelligence into school curricula, understanding the challenges behind teaching machine learning in K-12 is an even more daunting challenge for computing education research. Despite the central position of machine learning and AI in the field of modern computing, the computing education research body of literature contains remarkably few studies of how people learn to train, test, improve, and deploy machine learning systems. This is especially true of the K-12 curriculum space. This article charts the emerging trajectories in educational practice, theory, and technology related to teaching machine learning in K-12 education. The article situates the existing work in the context of computing education in general, and describes some differences that K-12 computing educators should take into account when facing this challenge. The article focuses on key aspects of the paradigm shift that will be required in order to successfully integrate machine learning into the broader K-12 computing curricula. A crucial step is abandoning the belief that rule-based “traditional” programming is a central aspect and building block in developing next generation computational thinking.",ieee,llm,0.940,unreviewed,
discarded,DISSECT: Exploring the relationship between computational thinking and English literature in K-12 curricula,Natasha Nesiba; Enrico Pontelli; Timothy Staley,2015,2015 IEEE Frontiers in Education Conference (FIE),10.1109/FIE.2015.7344063,https://ieeexplore.ieee.org/document/7344063/,adjacent-subtopic,"DISSECT (DIScover SciEnce through Computational Thinking) is a project aimed at introducing students to computer science principles by establishing computational thinking (CT) as a problem-solving technique within middle school and high school Science, Technology, Engineering, and Mathematics (STEM) courses. While DISSECT has shown successful integration of CT into middle school and high school STEM curricula, illustrating the pervasive nature of CT, a question remained; “can CT also be infused into humanities courses (e.g., English, Art, History) in addition to scientific courses (e.g., Chemistry, Biology, Computer Science)?” The answer is positive. The objective of this paper is to present one approach to bridge the gap between CT and humanities through the curriculum of a 12th-grade English Literature course. The course blends CT practices with composition and literature to provide students with the ability to write critical and comparative analyses of selected literature. This paper will describe multiple modules that integrate computational thinking into the course, and discuss the results and assessment tools used to measure student competency in computational thinking.",ieee,llm,0.930,unreviewed,
