status,title,authors,year,venue,doi,url,tags,abstract,provider,decision_source,llm_confidence,llm_review_outcome,llm_change_direction
kept,Notional Machines for Inclusive Learning,David Wilson; Saquib Sarwar; Nadia Najjar,2024,2024 IEEE Frontiers in Education Conference (FIE),10.1109/FIE61694.2024.10892884,https://ieeexplore.ieee.org/document/10892884/,supports-claim,"Understanding computing concepts is one of the foundational elements of computational thinking, which helps students formulate logic and algorithms for effectively developing and designing codes. However, novice learners often struggle to understand basic computing concepts, such as variables, loops, arrays, conditionals, and functions. This is often caused by the invisibility of the computing mechanism and the complexity of language syntax and conventions. Moreover, challenges in learning computing concepts can be compounded for learners with atypical conditions (e.g. visual, cognitive, and learning impairment, attention deficit, and neurodivergence). To tackle this, teachers of typical ability learners frequently use notional machines (NMs) - simplified representations (e.g. diagrams, flow charts, and analogies) created to assist novice programmers in understanding abstract concepts, program execution, and dynamics. In addition, traditional learning activities may need assistive learning interventions (ALIs) and learner-oriented practices like physical tactile models, computing artifacts, and interactive learning tools. NM approaches tend to focus on the explanation of concepts from instructor to learner, while ALIs tend to focus on learner support in activities. Both methods can provide advantages for learning, and we expect that a combined approach would provide even greater synergy for all learners. However, little consideration has been given to how NM and ALI approaches could be effectively combined. This research investigates how NM and ALI can be effectively brought together more holistically as an inclusive pedagogical tool - notional machines for inclusive learning (NMIL). In this full paper, we develop the conceptualization of NMIL, grounded in previous NM and ALI research. We also propose a structured method for creating NMIL. Finally, we also develop a physical NMIL model, based on the structured NMIL creation method, to teach lists in Python, as part of an introductory computer science course.",ieee,llm,0.980,unreviewed,
kept,Using Consistency to Measure CS1 Student’s Comprehension of User-defined Functions,Cruz Izu,2020,"2020 IEEE International Conference on Teaching, Assessment, and Learning for Engineering (TALE)",10.1109/TALE48869.2020.9368374,https://ieeexplore.ieee.org/document/9368374/,supports-claim,"This study aims to investigate novice programmers' comprehension of user-defined functions. We have explored whether students are consistent (1) in their function declaration and the value returned by its implementation and (2) the value returned and its usage in the main program. Function consistency appears to be a good proxy for how well novices understand the role of user-defined functions in the main program, regardless of the ability to write a function's body that calculates a correct result. We analyzed the solutions submitted by 249 students to a practical exam question from a CS1 course that includes C functions. In terms of program consistency, 64% of students could make a good use of the function result in the driver program. However, one third of them call the same function multiple times without taking into account its computational cost. Inconsistent programs did not include a call (5%), treated an int function as if it was void(8%), or called it correctly but ignored the result (4%). The outcomes of this analysis bring to the fore the need to teach and assess user-defined functions in the context of building larger solutions, so that students could understand and consistently use modular code.",ieee,llm,0.980,unreviewed,
kept,Markas C: An E-Learning Media for Introductory Programming,Viska Mutiawani; Vidilla Elfa; Juwita Jumadin; Muslim Amiren; Razief Perucha Fauzie Afidh; Muhammad Subianto,2018,2018 International Conference on Electrical Engineering and Informatics (ICELTICs),10.1109/ICELTICS.2018.8548812,https://ieeexplore.ieee.org/document/8548812/,supports-claim,"Programming involves many skills and processes so that programming is considered difficult to learn. This is also based on a preliminary study by distributing questionnaires to 46 students in Informatics department of Syiah Kuala University. Most of respondents agree that introductory programming course is difficult and the difficulty lies in problem analysis and problem-solving logic also lack of learning media in Indonesian. Based on the preliminary study, this research will focus on the development of an e-learning media for introductory programming which has learning materials presented in multimedia, examples of problems and accompanied by exercise. The learning media will be designed as an interactive web-based e-learning. The finished application is called MARKAS C. This application consists of basic C programming materials namely: variables and data types, conditional statements, loops, arrays and pointers in the form of video, as well as examples of problems and exercises. The example and exercise are shown in interactive programming console that is divided to coding part and output part. The application quality is then analyzed by WebQual method using 5-scale scoring system, 1-5 (very unsatisfied - very satisfied). The analysis was conducted by distributing questionnaires to anonymous and random 72 Informatics students who have taken programming courses. The result is that respondents are satisfied with the quality of application for each category of WebQual (usability, information quality and service interaction). It is proved by the average value of respondents' answers for each category, respectively: 4.167,4,178 and 4,074 of scale 5. The overall average value for three categories is 4,154 so it can be concluded that the respondents were satisfied with the MARKAS C application as an e-learning media for introductory programming (C programming).",ieee,llm,0.900,unreviewed,
kept,Teaching Visualization-first for Novices to Understand Programming,Minjie Hu; Tony Assadi; Hamid Mahroeian,2021,"2021 IEEE International Conference on Engineering, Technology & Education (TALE)",10.1109/TALE52509.2021.9678922,https://ieeexplore.ieee.org/document/9678922/,supports-claim,"Teaching computer programming is always thought to be “hard” and a challenge. In order to reduce novice's cognitive load, this research aimed to explore how teaching, employing the integration of variable and visualization would impact the performance of novices' learning outcomes in computer programming. The proposed experimental method provides visualization-first at both design and implement level, which was evaluated through a survey and comparison of performance from two group students. The contribution of this research is that we have successfully employed the debugger from the programming IDE for visualization of both variables and coding. Through the visualization-first method, students also learned debugging and testing at the early stage of programming, which contributes to build up fundamental skills for them towards further study.",ieee,llm,0.880,unreviewed,
discarded,Send-receive considered harmful,Sergei Gorlatch,2004,ACM Transactions on Programming Languages and Systems,10.1145/963778.963780,https://openalex.org/W2079579585,adjacent-subtopic,"During the software crisis of the 1960s, Dijkstra's famous thesis ""goto considered harmful"" paved the way for structured programming. This short communication suggests that many current difficulties of parallel programming based on message passing are caused by poorly structured communication, which is a consequence of using low-level send-receive primitives. We argue that, like goto in sequential programs, send-receive should be avoided as far as possible and replaced by collective operations in the setting of message passing. We dispute some widely held opinions about the apparent superiority of pairwise communication over collective communication and present substantial theoretical and empirical evidence to the contrary in the context of MPI (Message Passing Interface).",openalex,llm,0.780,unreviewed,
kept,"Debunking the “expensive procedure call” myth or, procedure call implementations considered harmful or, LAMBDA",Guy L. Steele,1977,,10.1145/800179.810196,https://openalex.org/W2141194372,supports-claim,"Folklore states that GOTO statements are “cheap”, while procedure calls are “expensive”. This myth is largely a result of poorly designed language implementations. The historical growth of this myth is considered. Both theoretical ideas and an existing implementation are discussed which debunk this myth. It is shown that the unrestricted use of procedure calls permits great stylistic freedom. In particular, any flowchart can be written as a “structured” program without introducing extra variables. The difficulty with the GOTO statement and the procedure call is characterized as a conflict between abstract programming concepts and concrete language constructs.",openalex,llm,0.950,unreviewed,
discarded,C in the first course considered harmful,L. F. Johnson,1995,Communications of the ACM,10.1145/203356.203373,https://openalex.org/W2046289884,adjacent-subtopic,"To advice or not to advise, that is the dilemma. To be or not to be, that is the question. To see or not to see, that is the difficulty.",openalex,llm,0.740,unreviewed,
discarded,Techniques for the calculation of atomic structures and radiative data including relativistic corrections,W. Eissner; Michael Peyton Jones; H. Nussbaumer,1974,Computer Physics Communications,10.1016/0010-4655(74)90019-8,https://openalex.org/W2087294137,off-topic-false-hit,,openalex,llm,0.990,unreviewed,
kept,Analysis of structured programs,S. Rao Kosaraju,1974,Journal of Computer and System Sciences,10.1016/s0022-0000(74)80043-7,https://openalex.org/W2057837530,supports-claim,,openalex,llm,0.930,unreviewed,
kept,Analysis of structured programs,S. Rao Kosaraju,1973,,10.1145/800125.804055,https://openalex.org/W2087161072,qualifies-claim,"We investigate various control structures to understand their computational complexity and limitations. It is generally felt that GOTO-less programs constructed from the classical primitives are very restrictive; structured programming languages like BLISS, however, incorporating Repeat-Exit constructs appear to ease this sense of restrictiveness. In this paper we analyze this construct. We answer a conjecture of Knuth and Floyd as a special case of the general theory. We also investigate a general Top-Down Programming construct, which we call the TDn-construct.",openalex,llm,0.970,unreviewed,
discarded,An Introduction to Multigrid Methods,Pieter Wesseling,1992,NASA Technical Reports Server (NASA),,https://openalex.org/W1572639095,adjacent-subtopic,"These notes were written for an introductory course on the application of multigrid methods to elliptic and hyperbolic partial differential equations for engineers, physicists and applied mathematicians. The use of more advanced mathematical tools, such as functional analysis, is avoided. The course is intended to be accessible to a wide audience of users of computational methods. We restrict ourselves to finite volume and finite difference discretization. The basic principles are given. Smoothing methods and Fourier smoothing analysis are reviewed. The fundamental multigrid algorithm is studied. The smoothing and coarse grid approximation properties are discussed. Multigrid schedules and structured programming of multigrid algorithms are treated. Robustness and efficiency are considered.",openalex,llm,0.900,unreviewed,
kept,Go To Statement Considered Harmful,Edsger W. Dijkstra,2001,,10.1007/978-3-642-48354-7_12,https://openalex.org/W2983418616,supports-claim,,openalex,llm,0.990,unreviewed,
kept,All Structured Programs Have Small Tree Width and Good Register Allocation,Mikkel Thorup,1998,Information and Computation,10.1006/inco.1997.2697,https://openalex.org/W1989556004,supports-claim,"The register allocation problem for an imperative program is often modeled as the coloring problem of the interference graph of the control-flow graph of the program. The interference graph of a flow graph G is the intersection graph of some connected subgraphs of G. These connected subgraphs represent the lives, or life times, of variables, so the coloring problem models that two variables with overlapping life times should be in different registers. For general programs with unrestricted gotos, the interference graph can be any graph, and hence we cannot in general color within a factor O(n(epsilon)) from optimality unless NP = P.

It is shown that if a graph has tree width k, we can efficiently color any intersection graph of connected subgraphs within a factor ([k/2]+1) from optimality. Moreover, it is shown that structured (=goto-free) programs, including, for example, short circuit evaluations and multiple exits from loops, have tree width at most 6. Thus, for every structured program, we can do register allocation efficiently within a factor 4 from optimality, regardless of how many registers are needed.

The bounded tree decomposition may be derived directly from the parsing of a structured program, and it implies that the many techniques for bounded tree width may now be applied in compiler optimization, solving problems in linear time that are NP-hard, or even P-space hard, for general graphs. (C) 1998 Academic Press.",openalex,llm,0.940,unreviewed,
discarded,Send-Recv Considered Harmful? Myths and Truths about Parallel Programming,Sergei Gorlatch,2001,Lecture notes in computer science,10.1007/3-540-44743-1_24,https://openalex.org/W1545642179,adjacent-subtopic,,openalex,llm,0.750,unreviewed,
discarded,Cultural awareness workshops: limitations and practical consequences,Stephane M. Shepherd,2019,BMC Medical Education,10.1186/s12909-018-1450-5,https://openalex.org/W2918822995,off-topic-false-hit,"Cultural awareness training for health professionals is now commonplace across a variety of sectors. Its popularity has spawned several alternatives (i.e., cultural competence, cultural safety, cultural humility, cultural intelligence) and overlapping derivatives (diversity training, anti-racism training, micro-aggression training). The ever-increasing reach of cultural awareness initiatives in health settings has generally been well intentioned - to improve cross-cultural clinical encounters and patient outcomes with the broader expectation of reducing health disparities. Yet the capacity of cultural awareness training to accomplish or even impact such outcomes is seldom comprehensively scrutinized. In response, this paper applies a much needed critical lens to cultural awareness training and its derivatives by examining their underpinning philosophies, assumptions and most importantly, verification of their effectiveness. The paper finds cultural awareness approaches to be over-generalizing, simplistic and impractical. They may even induce unintended negative consequences. Decades of research point to their failure to realize meaningful outcomes in health care settings and beyond. Broader expectations of their capacity to reduce health disparities are almost certainly unachievable. Alternative suggestions for improving cross-cultural health care interactions and research are discussed within.",openalex,llm,1.000,unreviewed,
discarded,A practitioner’s guide to process mining: Limitations of the directly-follows graph,Wil M. P. van der Aalst,2019,Procedia Computer Science,10.1016/j.procs.2019.12.189,https://openalex.org/W3003245753,off-topic-false-hit,"Process mining techniques use event data to show what people, machines, and organizations are really doing. Process mining provides novel insights that can be used to identify and address performance and compliance problems. In recent years, the adoption of process mining in practice increased rapidly. It is interesting to see how ideas first developed in open-source tools like ProM, get transferred to the dozens of available commercial process mining tools. However, these tools still resort to producing Directly-Follows Graphs (DFGs) based on event data rather than using more sophisticated notations also able to capture concurrency. Moreover, to tackle complexity, DFGs are seamlessly simplified by removing nodes and edges based on frequency thresholds. Process-mining practitioners tend to use such simplified DFGs actively. Despite their simplicity, these DFGs may be misleading and users need to know how these process models are generated before interpreting them. In this paper, we discuss the pitfalls of using simple DFGs generated by commercial tools. Practitioners conducting a process-mining project need to understand the risks associated with the (incorrect) use of DFGs and frequency-based simplification. Therefore, we put these risks in the spotlight.",openalex,llm,0.990,unreviewed,
discarded,Preventing prejudice and improving intergroup attitudes: A meta-analysis of child and adolescent training programs,Andreas Beelmann; Kim Sarah Heinemann,2014,Journal of Applied Developmental Psychology,10.1016/j.appdev.2013.11.002,https://openalex.org/W2106249409,off-topic-false-hit,"This article reports the results of a meta-analysis of 81 research reports containing 122 intervention-control comparisons of structured programs to reduce prejudice or promote positive intergroup attitudes in children and adolescents. Overall, the analysis revealed a mean effect size of d = 0.30, indicating low to moderate intervention effects. From the great variety of different approaches, interventions based on direct contact experiences along with social-cognitive training programs designed to promote empathy and perspective taking showed the strongest effect sizes. In addition, effects varied according to the program participant's social status (higher effects for majority groups), the target out-group (lower effect sizes for ethnic vs. disabled and aged out-groups), and the type of outcome assessment (higher effects for cognitive vs. affective and behavioral measures of intergroup attitudes). The discussion considers several limitations including the lack of implementation and follow-up research as well as future direction of research on promoting intergroup relations. (C) 2013 Elsevier Inc. All rights reserved.",openalex,llm,0.990,unreviewed,
kept,Using hammock graphs to structure programs,Fubo Zhang; Erik D’Hollander,2004,IEEE Transactions on Software Engineering,10.1109/tse.2004.1274043,https://openalex.org/W2100403123,supports-claim,"Advanced computer architectures rely mainly on compiler optimizations for parallelization, vectorization, and pipelining. Efficient-code generation is based on a control dependence analysis to find the basic blocks and to determine the regions of control. However, unstructured branch statements, such as jumps and goto's, render the control flow analysis difficult, time-consuming, and result in poor code generation. Branches are part of many programming languages and occur in legacy and maintenance code as well as in assembler, intermediate languages, and byte code. A simple and effective technique is presented to convert unstructured branches into hammock graph control structures. Using three basic transformations, an equivalent program is obtained in which all control statements have a well-defined scope. In the interest of predication and branch prediction, the number of control variables has been minimized, thereby allowing a limited code replication. The correctness of the transformations has been proven using an axiomatic proof rule system. With respect to previous work, the algorithm is simpler and the branch conditions are less complex, making the program more readable and the code generation more efficient. Additionally, hammock graphs define single entry single exit regions and therefore allow localized optimizations. The restructuring method has been implemented into the parallelizing compiler FPT and allows to extract parallelism in unstructured programs. The use of hammock graph transformations in other application areas such as vectorization, decompilation, and assembly program restructuring is also demonstrated.",openalex,llm,0.940,unreviewed,
