status,title,authors,year,venue,doi,url,tags,abstract,provider,decision_source,llm_confidence,llm_review_outcome,llm_change_direction
discarded,"Elaboration of the Laboratory Test Protocol for Asynchronous Alternating Current Electric Motors at Company, Located in the City of Quito",Juan Segura; Armando Enriquez; Gerardo Arteaga; Blanca Topon-Visarrea,2023,2023 IEEE Seventh Ecuador Technical Chapters Meeting (ECTM),10.1109/ETCM58927.2023.10309021,https://ieeexplore.ieee.org/document/10309021/,off-topic-false-hit,"This article analyzes a company dedicated to providing integral and engineering solutions to industries. The company does not have the necessary protocols to perform satisfactorily the operation tests to three-phase asynchronous alternating current motors. Due to the above mentioned, it is necessary for the organization to have the mentioned protocols for a good development of its activities, customer satisfaction, reduction of reprocesses and a possible certification. To solve the problem, we proceed to adapt the process and the respective sub-processes concerning the AC motor operation tests, with respect to the NTE INEN 2 498:2009 standard in force in Ecuador. The same is adapted to the requirements of the organization to develop the protocols for each of the tests indicated in the standard. In addition, flow diagrams based on the Business Process Model and Notation (BPMN) standard are prepared for each of the subprocesses that make up the test protocol in the engines under study. The protocols are made up of four ranges for the execution of the tests to the engines; each one of them aimed at a correct performance of the tests to comply with the standards, minimize reprocesses and achieve customer satisfaction. Likewise, the flow charts are a graphic representation of the steps to be followed in each subprocess, which contributes to a better interpretation of the same by the operator. With the implementation of this protocol, a substantial increase in compliance with the quality standards established by the norm is expected, together with a reduction in reprocesses, which were initially at a percentage of 26, 16 and 21% for the years 2019, 2020 and 2021, respectively. Allowing the creation of favorable conditions in the organization so that it can aspire to a future certification of its processes by national and international entities.",ieee,llm,0.990,unreviewed,
kept,Language-Independent Conceptual “Bugs” in Novice Programming,Roy Pea,1986,Journal of Educational Computing Research,10.2190/689t-1r2a-x4w4-29j2,https://openalex.org/W2099421759,sequence-bug,"This article argues for the existence of persistent conceptual “bugs” in how novices program and understand programs. These bugs are not specific to a given programming language, but appear to be language-independent. Furthermore, such bugs occur for novices from primary school to college age. Three different classes of bugs—parallelism, intentionality, and egocentrism—are identified, and exemplified through student errors. It is suggested that these classes of conceptual bugs are rooted in a “superbug,” the default strategy that there is a hidden mind somewhere in the programming language that has intelligent interpretive powers.",openalex,human,0.980,human,
discarded,The Bioperl Toolkit: Perl Modules for the Life Sciences,Jason Stajich; David E. Block; Kris Boulez; Steven E. Brenner; Stephen A. Chervitz; Chris Dagdigian; Georg Fuellen; James Gilbert; Ian Korf; Hilmar Lapp; Heikki Lehväslaiho; Chad Matsalla; Chris Mungall; Brian I. Osborne; Matthew Pocock; Peter Schattner; Martin Senger; Lincoln Stein; Elia Stupka; Mark D. Wilkinson; Ewan Birney,2002,Genome Research,10.1101/gr.361602,https://openalex.org/W2150934173,adjacent-subtopic,"The Bioperl project is an international open-source collaboration of biologists, bioinformaticians, and computer scientists that has evolved over the past 7 yr into the most comprehensive library of Perl modules available for managing and manipulating life-science information. Bioperl provides an easy-to-use, stable, and consistent programming interface for bioinformatics application programmers. The Bioperl modules have been successfully and repeatedly used to reduce otherwise complex tasks to only a few lines of code. The Bioperl object model has been proven to be flexible enough to support enterprise-level applications such as EnsEMBL, while maintaining an easy learning curve for novice Perl programmers. Bioperl is capable of executing analyses and processing results from programs such as BLAST, ClustalW, or the EMBOSS suite. Interoperation with modules written in Python and Java is supported through the evolving BioCORBA bridge. Bioperl provides access to data stores such as GenBank and SwissProt via a flexible series of sequence input/output modules, and to the emerging common sequence data storage format of the Open Bioinformatics Database Access project. This study describes the overall architecture of the toolkit, the problem domains that it addresses, and gives specific examples of how the toolkit can be used to solve common life-sciences problems. We conclude with a discussion of how the open-source nature of the project has contributed to the development effort. [Supplemental material is available online at www.genome.org . Bioperl is available as open-source software free of charge and is licensed under the Perl Artistic License ( http://www.perl.com/pub/a/language/misc/Artistic.html ). It is available for download at http://www.bioperl.org . Support inquiries should be addressed to bioperl-l@bioperl.org .]",openalex,llm,0.920,unreviewed,
kept,Does programming language affect the type of conceptual bugs in beginners' programs? A comparison of FPL and Pascal,Nancy Cunniff; Robert P. Taylor; John B. Black,1986,ACM SIGCHI Bulletin,10.1145/22339.22368,https://openalex.org/W1999196543,supports-claim,"The effect of the graphical programming language FPL (First Programming Language) on the occurrence of conceptual bugs in programs written by novices was studied. The type and location for each bug, and the frequency for each type were all recorded following procedures developed in an earlier Yale University study of novice Pascal programming. The findings were compared with those of the earlier study, and suggest that FPL may help beginning programmers avoid some common conceptual errors in their programming.",openalex,llm,0.960,unreviewed,
kept,Does programming language affect the type of conceptual bugs in beginners' programs? A comparison of FPL and Pascal,N. Cunniff; R. P. Taylor; J. B. Black,1986,,10.1145/22627.22368,https://openalex.org/W4237634074,supports-claim,"The effect of the graphical programming language FPL (First Programming Language) on the occurrence of conceptual bugs in programs written by novices was studied. The type and location for each bug, and the frequency for each type were all recorded following procedures developed in an earlier Yale University study of novice Pascal programming. The findings were compared with those of the earlier study, and suggest that FPL may help beginning programmers avoid some common conceptual errors in their programming.",openalex,llm,0.950,unreviewed,
discarded,Ecological Models and Data in R,Benjamin M. Bolker,2008,Princeton University Press eBooks,10.2307/j.ctvcm4g37,https://openalex.org/W4299506014,adjacent-subtopic,"Ecological Models and Data in R is the first truly practical introduction to modern statistical methods for ecology. In step-by-step detail, the book teaches ecology graduate students and researchers everything they need to know in order to use maximum likelihood, information-theoretic, and Bayesian techniques to analyze their own data using the programming language R. Drawing on extensive experience teaching these techniques to graduate students in ecology, Benjamin Bolker shows how to choose among and construct statistical models for data, estimate their parameters and confidence limits, and interpret the results. The book also covers statistical frameworks, the philosophy of statistical modeling, and critical mathematical functions and probability distributions. It requires no programming background--only basic calculus and statistics. Practical, beginner-friendly introduction to modern statistical techniques for ecology using the programming language R Step-by-step instructions for fitting models to messy, real-world data Balanced view of different statistical approaches Wide coverage of techniques--from simple (distribution fitting) to complex (state-space modeling) Techniques for data manipulation and graphical display Companion Web site with data and R code for all examples",openalex,llm,0.900,unreviewed,
kept,Program indentation and comprehensibility,Richard J. Miara; Joyce A. Musselman; Juan Antonio Navarro; Ben Shneiderman,1983,Communications of the ACM,10.1145/182.358437,https://openalex.org/W1969685458,adjacent-subtopic,"The consensus in the programming community is that indentation aids program comprehension, although many studies do not back this up. We tested program comprehension on a Pascal program. Two styles of indentation were used--blocked and nonblocked--in addition to four passible levels of indentation (0, 2, 4, 6 spaces). Both experienced and novice subjects were used. Although the blocking style made no difference, the level of identation had a significant effect on program comprehension. (2--4 spaces had the highest mean score for program comprehension.) We recommend that a moderate level of indentation be used to increase program comprehension and user satisfaction.",openalex,llm,0.780,unreviewed,
discarded,PsyScope: An interactive graphic system for designing and controlling experiments in the psychology laboratory using Macintosh computers,Jonathan Cohen; Brian MacWhinney; Matthew Flatt; Jefferson Provost,1993,"Behavior Research Methods, Instruments, & Computers",10.3758/bf03204507,https://openalex.org/W2049521441,off-topic-false-hit,"PsyScope is an integrated environment for designing and running psychology experiments on Macintosh computers. The primary goal of PsyScope is to give both psychology students and trained researchers a tool that allows them to design experiments without the need for programming. PsyScope relies on the interactive graphic environment provided by Macintosh computers to accomplish this goal. The standard components of a psychology experiment-groups, blocks, trials, and factors-are all represented graphically, and experiments are constructed by working with these elements in interactive windows and dialogs. In this article, we describe the overall organization of the program, provide an example of how a simple experiment can be constructed within its graphic environment, and discuss some of its technical features (such as its underlying scripting language, timing characteristics, etc.). PsyScope is available for noncommercial purposes free of charge and unsupported to the general research community. Information about how to obtain the program and its documentation is provided.",openalex,llm,0.970,unreviewed,
discarded,"End-user development, end-user programming and end-user software engineering: A systematic mapping study",Barbara Rita Barricelli; Fabio Cassano; Daniela Fogli; Antonio Piccinno,2018,Journal of Systems and Software,10.1016/j.jss.2018.11.041,https://openalex.org/W2900551880,adjacent-subtopic,"Abstract End-User Development (EUD), End-Programming (EUP) and End-User Software Engineering (EUSE) are three related research fields that study methods and techniques for empowering end users to modify and create digital artifacts. This paper presents a systematic mapping study aimed at identifying and classifying scientific literature about EUD, EUP and EUSE in the time range January 2000–May 2017. We selected 165 papers found through a manual selection of papers from specific conferences, journal special issues, and books, integrated with an automatic search on the most important digital libraries. The answer to our research question was built through a classification of the selected papers on seven dimensions: type of approach, interaction technique, phase in which the approach is adopted, application domain, target use, class of users, and type of evaluation. Our findings suggest that EUD, EUP and EUSE are active research topics not only in Human–Computer Interaction, but also in other research communities. However, little cross-fertilization exists among the three themes, as well as unifying frameworks and approaches for guiding novice designers and practitioners. Other findings highlight trends and gaps related to the analysis’ dimensions, which have implications on the design of future tools and suggest open issues for further investigations.",openalex,llm,0.890,unreviewed,
discarded,Statistical assertions for validating patterns and finding bugs in quantum programs,Yipeng Huang; Margaret Martonosi,2019,,10.1145/3307650.3322213,https://openalex.org/W2950018366,off-topic-false-hit,"In support of the growing interest in quantum computing experimentation, programmers need new tools to write quantum algorithms as program code. Compared to debugging classical programs, debugging quantum programs is difficult because programmers have limited ability to probe the internal states of quantum programs; those states are difficult to interpret even when observations exist; and programmers do not yet have guidelines for what to check for when building quantum programs. In this work, we present quantum program assertions based on statistical tests on classical observations. These allow programmers to decide if a quantum program state matches its expected value in one of classical, superposition, or entangled types of states. We extend an existing quantum programming language with the ability to specify quantum assertions, which our tool then checks in a quantum program simulator. We use these assertions to debug three benchmark quantum programs in factoring, search, and chemistry. We share what types of bugs are possible, and lay out a strategy for using quantum programming patterns to place assertions and prevent bugs.",openalex,llm,0.960,unreviewed,
discarded,"A multi-national, multi-institutional study of assessment of programming skills of first-year CS students",M. McCracken; Vicki L. Almstrum; Danny Diaz; Mark Guzdial; Dianne Hagan; Yifat Ben‐David Kolikant; Cary Laxer; Lynda Thomas; Ian Utting; Tadeusz Wilusz,2001,,10.1145/572133.572137,https://openalex.org/W2033086912,adjacent-subtopic,"In computer science, an expected outcome of a student's education is programming skill. This working group investigated the programming competency students have as they complete their first one or two courses in computer science. In order to explore options for assessing students, the working group developed a trial assessment of whether students can program. The underlying goal of this work was to initiate dialog in the Computer Science community on how to develop these types of assessments. Several universities participated in our trial assessment and the disappointing results suggest that many students do not know how to program at the conclusion of their introductory courses. For a combined sample of 216 students from four universities, the average score was 22.89 out of 110 points on the general evaluation criteria developed for this study. From this trial assessment we developed a framework of expectations for first-year courses and suggestions for further work to develop more comprehensive assessments.",openalex,llm,0.830,unreviewed,
kept,Novice programmer’s misconception of programming reflected on problem-solving plans,Kyungbin Kwon,2017,International Journal of Computer Science Education in Schools,10.21585/ijcses.v1i4.19,https://openalex.org/W2766215290,supports-claim,"Understanding the misconception of students is critical in that it identifies the reasons of errors students make and allows instructors to design instructions accordingly. This study investigated the mental models of programming concepts held by pre-service teachers who were novice in programming. In an introductory programming course, students were asked to solve problems that could be solved by utilizing conditional statements. They developed solution plans pseudo-code including a simplified natural language, symbols, diagrams, and so on. Sixteen solution plans of three different types of problems were analyzed. As a result, the students’ egocentric and insufficient programming concepts were identified in terms of the misuse of variables, redundancy of codes, and weak strategic knowledge. The results revealed that the students had difficulty designing solution plans that could be executed by computers. They needed instructional supports to master how to express their solution plans in the way computers run. Problem driven instructional designs for novice students were discussed.",openalex,llm,0.940,unreviewed,
discarded,Problems in Programming Education and Means of Their Improvement,Mario Konecki,2014,DAAAM international scientific book ...,10.2507/daaam.scibook.2014.37,https://openalex.org/W2319479208,adjacent-subtopic,Programming courses are very important and challenging part of future computer experts' education process. Abstract nature of these courses however makes them rather difficult for most programming novices and these courses have rather high reported failure rates. Throughout the years the search for methods that would improve programming novices' understanding of abstract programming concepts has been conducted but it gave no generally accepted solution and the fact remains that problems of programming novices are reoccurring in every new generation. The reasons of this kind of state in programming education are analyzed and discussed in this paper. The results of conducted research about the most common problems of programming novices are also presented along with the proposed steps for improving the success rate of programming courses.,openalex,llm,0.750,unreviewed,
