status,title,authors,year,venue,doi,url,tags,abstract,provider,decision_source,llm_confidence,llm_review_outcome,llm_change_direction
discarded,Computational thinking: early childhood teachers’ and prospective teachers’ preconceptions and self-efficacy,Canan Avcı; Mine Nur Deniz,2022,Education and Information Technologies,10.1007/s10639-022-11078-5,https://openalex.org/W4280530363,adjacent-subtopic,"Computational thinking (CT) is considered a group of problem-solving skills that the next generations are expected to possess. The most efficient way to make them acquire these skills is to incorporate CT into K-12 education. To this end, various education programs have been designed to improve teachers’ and prospective teachers’ competence in CT. Such programs designing educational experiences based on teachers’ and prospective teachers’ preexisting opinions and self-efficacy perceptions about CT could achieve better results. Although the acquisition of CT skills has been suggested to start early on, these beliefs of early childhood teachers and prospective teachers have been underexplored. Therefore, this exploratory study aims to examine early childhood teachers’ and prospective teachers’ preconceptions and self-efficacy about CT. The study was conducted with 63 teachers and 78 prospective teachers in Turkey. Data were collected via an online survey in the spring of the 2020–2021 academic year. The preconceptions were assessed using a structured questionnaire, while the CT self-efficacy was measured with the Computational Thinking Scale. The findings showed similarities between teachers and prospective teachers in the preconceptions of CT. Both of them most strongly associated CT with logical thinking, problem-solving, using algorithms, coding/programming, doing mathematics, using technology in teaching, and using computers. Yet, teachers reported stronger associations between CT and logical thinking, using algorithms, and coding/programming. Furthermore, teachers’ self-efficacy perceptions in CT were significantly higher. The study findings provide some needed information to design professional development programs aiming to enhance CT practices in early education settings.",openalex,llm,0.940,unreviewed,
discarded,CPP Pathway - Volume 6: The Road to IOI (Trên Đường Tới IOI Và Hệ Thống Sâu),That Le,2026,Zenodo (CERN European Organization for Nuclear Research),10.5281/zenodo.20521027,https://openalex.org/W7163348352,off-topic-false-hit,"Volume 6 of the CPP Pathway series is a high-level technical reference for grade-12 olympiad team candidates, ICPC regional competitors, and advanced specialized-informatics students who have completed Volumes 4 and 5. Its thirteen self-contained chapters cover subtask strategy, complete stress-testing harnesses, personal function templates and policy-based data structures, bitset tricks, the Convex Hull Trick and Li Chao tree, Segment Tree Beats, suffix automata, Aho-Corasick and palindromic trees, maximum and min-cost flow, an introduction to FFT and NTT, interactive and output-only problem formats, and a Compiler Explorer (godbolt) deep dive into x86-64 assembly. Each chapter is motivated by recent IOI, APIO, or ICPC problems and is meant to be read non-linearly. The final assembly chapter closes the notional-machine chain the series builds from Volume 1, completing the reader's C++ memory model.",openalex,llm,0.990,unreviewed,
discarded,CPP Pathway - Volume 6: The Road to IOI (Trên Đường Tới IOI Và Hệ Thống Sâu),That Le,2026,Zenodo (CERN European Organization for Nuclear Research),10.5281/zenodo.20521028,https://openalex.org/W7163430856,off-topic-false-hit,"Volume 6 of the CPP Pathway series is a high-level technical reference for grade-12 olympiad team candidates, ICPC regional competitors, and advanced specialized-informatics students who have completed Volumes 4 and 5. Its thirteen self-contained chapters cover subtask strategy, complete stress-testing harnesses, personal function templates and policy-based data structures, bitset tricks, the Convex Hull Trick and Li Chao tree, Segment Tree Beats, suffix automata, Aho-Corasick and palindromic trees, maximum and min-cost flow, an introduction to FFT and NTT, interactive and output-only problem formats, and a Compiler Explorer (godbolt) deep dive into x86-64 assembly. Each chapter is motivated by recent IOI, APIO, or ICPC problems and is meant to be read non-linearly. The final assembly chapter closes the notional-machine chain the series builds from Volume 1, completing the reader's C++ memory model.",openalex,llm,0.990,unreviewed,
kept,Variable-as-Box vs Variable-as-Name: A Mental-Model Comparison Anchored in Misconception Literature,That Le,2026,Zenodo (CERN European Organization for Nuclear Research),10.5281/zenodo.20131450,https://openalex.org/W7160933822,supports-claim,"Across four decades of computing-education research, two competing mental models of variable dominate the introductory programming literature: the variable-as-box model — a named storage location that contains a value, inherited from machine-memory and physics-classroom analogies — and the variable-as-name model (also called variable-as-label, variable-astag, or name-to-object binding) — a name that refers to an object, with the value living outside the name. The literature has not converged on which model produces fewer misconceptions about assignment. This paper synthesises Sajaniemi's roles-of-variables work, du Boulay's notional-machine analysis, Pea's conceptualbug catalogue, Sorva's notional-machine PhD and survey, Caceffo et al.'s misconception inventory, Ma et al.'s mental-models study, Kohn's Python-variable analysis, Soloway-Spohrer's plans literature, Sajaniemi-Kuittinen's role-set teaching work, RobinsRountree-Rountree's review, Holland-Griffiths-Woodman's foundational Avoiding Object Misconceptions — the earliest published call for variable-as-label in Java teaching — and concretethen-symbolic learning literature (Bruner, Goldstone-Son, FyfeMcNeil-Son-Goldstone). The paper delivers three contributions. First, a literature verdict on misconception density: the variableas-box model produces fewer misconceptions at first introduction but more and more durable misconceptions at the moment learners encounter aliasing, list mutation, or mutable-object argument passing; the variable-as-name model produces more misconceptions at first introduction but fewer downstream misconceptions, and the crossover point is the introduction of compound (reference) data — typically list assignment and list mutation in Python. Second, a per-language-family verdict: the box model is durably correct for C primitive variables and adequate for Java primitives but is catastrophically wrong for Python and for Java reference types past the introductory chapter; the name model is durably correct for Python and Java reference types but loads working memory at first introduction in C. Third, a curriculum design proposal: for a Python-first sequence, use a two-stage concreteness-fading instructional design — start with a box-as-scaffold visualisation, then introduce the name-as-target visualisation at the moment of first list mutation, then fade the box visualisation. The design is grounded in Goldstone-Son and Fyfe-McNeil-Son-Goldstone concreteness-fading evidence and in Sajaniemi-Kuittinen's role-set replacement experiment. Per the elix-researches no-cohort scope, the design is described and theoretically validated; deployment is identified as a downstream cohort node responsibility and is out of scope here.",openalex,llm,0.940,unreviewed,
kept,Variable-as-Box vs Variable-as-Name: A Mental-Model Comparison Anchored in Misconception Literature,That Le,2026,Zenodo (CERN European Organization for Nuclear Research),10.5281/zenodo.20131449,https://openalex.org/W7160934792,supports-claim,"Across four decades of computing-education research, two competing mental models of variable dominate the introductory programming literature: the variable-as-box model — a named storage location that contains a value, inherited from machine-memory and physics-classroom analogies — and the variable-as-name model (also called variable-as-label, variable-astag, or name-to-object binding) — a name that refers to an object, with the value living outside the name. The literature has not converged on which model produces fewer misconceptions about assignment. This paper synthesises Sajaniemi's roles-of-variables work, du Boulay's notional-machine analysis, Pea's conceptualbug catalogue, Sorva's notional-machine PhD and survey, Caceffo et al.'s misconception inventory, Ma et al.'s mental-models study, Kohn's Python-variable analysis, Soloway-Spohrer's plans literature, Sajaniemi-Kuittinen's role-set teaching work, RobinsRountree-Rountree's review, Holland-Griffiths-Woodman's foundational Avoiding Object Misconceptions — the earliest published call for variable-as-label in Java teaching — and concretethen-symbolic learning literature (Bruner, Goldstone-Son, FyfeMcNeil-Son-Goldstone). The paper delivers three contributions. First, a literature verdict on misconception density: the variableas-box model produces fewer misconceptions at first introduction but more and more durable misconceptions at the moment learners encounter aliasing, list mutation, or mutable-object argument passing; the variable-as-name model produces more misconceptions at first introduction but fewer downstream misconceptions, and the crossover point is the introduction of compound (reference) data — typically list assignment and list mutation in Python. Second, a per-language-family verdict: the box model is durably correct for C primitive variables and adequate for Java primitives but is catastrophically wrong for Python and for Java reference types past the introductory chapter; the name model is durably correct for Python and Java reference types but loads working memory at first introduction in C. Third, a curriculum design proposal: for a Python-first sequence, use a two-stage concreteness-fading instructional design — start with a box-as-scaffold visualisation, then introduce the name-as-target visualisation at the moment of first list mutation, then fade the box visualisation. The design is grounded in Goldstone-Son and Fyfe-McNeil-Son-Goldstone concreteness-fading evidence and in Sajaniemi-Kuittinen's role-set replacement experiment. Per the elix-researches no-cohort scope, the design is described and theoretically validated; deployment is identified as a downstream cohort node responsibility and is out of scope here.",openalex,llm,0.940,unreviewed,
kept,Effects of sequencing computer-based instruction and lecture in learning function concepts of C programming language,Su Chao-Ya Tsai,1995,,10.31274/rtd-180813-9981,https://openalex.org/W77963175,supports-claim,"This study investigated the effectiveness of a computer-based lesson used before versus after formal lecture and examined students' difficulties in learning the function concepts of the C programming language. The subjects were fifteen university students who were randomly assigned to two treatment groups that received different instructional sequences. The subjects completed questionnaires, a pretest, the computer-based lesson and a posttest. During the experiment, students' learning processes were observed, their program errors were recorded by the computer system, and some students' reactions were video-taped;Results showed that students' posttest scores were not significantly affected by whether the computer-based lesson was presented before or after the formal lecture. The study reported students' difficulties in syntax, semantics, design and debugging of C programs on the function topics. Recommendations for programming instruction, such as providing appropriate examples, teaching design and debugging strategies and developing a ""notional machine"", were discussed. Use of a team approach, interviews of students, use of think-aloud and investigations of students' preferences were also made for future research.",openalex,llm,0.880,unreviewed,
kept,Separating Algorithmic Thinking and Programming,Maurice Chandoo,2020,Institutional Repository of Leibniz Universität Hannover (Leibniz Universität Hannover),10.15488/9177,https://openalex.org/W3002783095,qualifies-claim,"We show how the first steps of algorithmic thinking and programming can be trained separately. The learner is not assumed to have any prior experience. A general framework and a sequence of training tasks is described and tested in practice with two 10th graders. Both were able to write relatively complex programs using only pen & paper within two days. To train algorithmic thinking, computational problems are presented as games to the learner. Roughly speaking, a winning strategy corresponds to an algorithm which solves the problem. Thus, if the learner consistently wins the game for various instances then this indicates that they have found an algorithm. We describe a general mechanism to translate a computational problem into such a game. For the programming part, the learner is shown how a program can be constructed from traces. Programs are specified in a language which depends on the underlying model of computation (think of Turing machines, pushdown automata or instruction set architectures); such a model can be seen as a notional machine. The language itself is very simple yet broadly applicable due to the generality of our definition of model of computation.",openalex,llm,0.820,unreviewed,
kept,The Development of a Visual Output Approach for Programming via the Application of Cognitive Load Theory and Constructivism,Marini Abu Bakar; Muriati Mukhtar; Fariza Khalid,2019,International Journal of Advanced Computer Science and Applications,10.14569/ijacsa.2019.0101142,https://openalex.org/W2993361246,supports-claim,"Programming is a skill of the future. However, decades of experience and research had indicated that the teaching and learning of programming are full of problems and challenges. As such educators and researchers are always on the look-out for suitable approaches and paradigms that can be adopted for the teaching and learning of programming. In this article, it is proposed that a visual output approach is suitable based on the current millennials affinities for graphics and visuals. The proposed VJava Module is developed via the application of two main learning theories, which are, the cognitive load theory and constructivism. There are two submodules which consist of eight chapters that cover the topics Introduction to Programming and Java, Object Using Turtle Graphics, Input and Output, Repetition Structure, Selection Structure, More Repetition Structures, Nested Loops and Arrays. To enable Java programs to produce graphical and animated outputs, the MJava library was developed and integrated into this module. The module is validated by three Java programming experts and an instructional design expert on the module content, design and usability aspects.",openalex,llm,0.840,unreviewed,
kept,For-Loop vs While-Loop: A Pedagogical Sequencing Synthesis,That Le,2026,Zenodo (CERN European Organization for Nuclear Research),10.5281/zenodo.20131452,https://openalex.org/W7160964774,qualifies-claim,"Across four decades of computing-education research the introductory curriculum question which loop should be taught first — for or while — and why has been answered overwhelmingly by tradition rather than by evidence. The C, Pascal, and Java family — the languages that shaped the first generation of introductory-programming textbooks — implement both loop constructs as roughly symmetric control-flow primitives parameterised by a condition expression; in that family the while loop is the minimal iteration construct and the for loop is a sugared counter-pattern, and the conventional whilefirst ordering is the consequence of this symmetry plus the minimality-first instructional intuition. Python, however, is in a different language family: for is the canonical iteration-overiterable construct (operating on the iterator protocol) and while is the condition-controlled-repetition construct used in the small minority of cases where iteration is not over an iterable. This paper synthesises Soloway and colleagues' loop-plan literature, Mselle 2008 on loop comprehension, Sajaniemi 2002 roles-ofvariables, du Boulay 1986 notional-machine analysis, Sorva 2013 notional-machine survey, Robins-Rountree-Rountree 2003, Caceffo et al. 2016 misconception catalogue, Lister et al. 2004 multi-national tracing study, Sentance-Waite 2017 PRIMM pedagogy, Caspersen-Bennedsen 2007 instructional-design framework, Cunningham et al. 2017 Easy Loops, Ko-Myers 2005 on debugging novice errors, and Allen-Cartwright-Stoler 2003 ProgramLive. The paper delivers three contributions. First, a literature verdict on misconception density and cognitive-load profile: the for-loop-over-iterable is the lower-misconceptiondensity construct in Python and should be taught first — it has a deterministic bounded execution profile, carries no infiniteloop misconception, aligns with the Python iteration protocol, and transfers cleanly to comprehensions and functional patterns; the while loop has higher misconception density (infinite-loop bugs, off-by-one boundary errors, condition-update coupling) and should be taught second. Second, a per-language-family verdict: the conventional while-first ordering is durably defensible for C / Pascal / Java introductory teaching but is inherited tradition when applied to Python; the for-first ordering is durably correct for Python and dominant in modern Pythonfirst curricula. Third, a curriculum-design proposal for the elix-researches Python Pathway and From Scratch to Python series: introduce for x in iterable first, introduce range() as a second-pass refinement with an explicit cognitive-conflict event around the off-by-one boundary, then introduce while later as the exception case. Per the no-cohort scope, deployment is identified as a downstream cohort responsibility and is out of scope.",openalex,llm,0.880,unreviewed,
kept,For-Loop vs While-Loop: A Pedagogical Sequencing Synthesis,That Le,2026,Zenodo (CERN European Organization for Nuclear Research),10.5281/zenodo.20131453,https://openalex.org/W7160949468,qualifies-claim,"Across four decades of computing-education research the introductory curriculum question which loop should be taught first — for or while — and why has been answered overwhelmingly by tradition rather than by evidence. The C, Pascal, and Java family — the languages that shaped the first generation of introductory-programming textbooks — implement both loop constructs as roughly symmetric control-flow primitives parameterised by a condition expression; in that family the while loop is the minimal iteration construct and the for loop is a sugared counter-pattern, and the conventional whilefirst ordering is the consequence of this symmetry plus the minimality-first instructional intuition. Python, however, is in a different language family: for is the canonical iteration-overiterable construct (operating on the iterator protocol) and while is the condition-controlled-repetition construct used in the small minority of cases where iteration is not over an iterable. This paper synthesises Soloway and colleagues' loop-plan literature, Mselle 2008 on loop comprehension, Sajaniemi 2002 roles-ofvariables, du Boulay 1986 notional-machine analysis, Sorva 2013 notional-machine survey, Robins-Rountree-Rountree 2003, Caceffo et al. 2016 misconception catalogue, Lister et al. 2004 multi-national tracing study, Sentance-Waite 2017 PRIMM pedagogy, Caspersen-Bennedsen 2007 instructional-design framework, Cunningham et al. 2017 Easy Loops, Ko-Myers 2005 on debugging novice errors, and Allen-Cartwright-Stoler 2003 ProgramLive. The paper delivers three contributions. First, a literature verdict on misconception density and cognitive-load profile: the for-loop-over-iterable is the lower-misconceptiondensity construct in Python and should be taught first — it has a deterministic bounded execution profile, carries no infiniteloop misconception, aligns with the Python iteration protocol, and transfers cleanly to comprehensions and functional patterns; the while loop has higher misconception density (infinite-loop bugs, off-by-one boundary errors, condition-update coupling) and should be taught second. Second, a per-language-family verdict: the conventional while-first ordering is durably defensible for C / Pascal / Java introductory teaching but is inherited tradition when applied to Python; the for-first ordering is durably correct for Python and dominant in modern Pythonfirst curricula. Third, a curriculum-design proposal for the elix-researches Python Pathway and From Scratch to Python series: introduce for x in iterable first, introduce range() as a second-pass refinement with an explicit cognitive-conflict event around the off-by-one boundary, then introduce while later as the exception case. Per the no-cohort scope, deployment is identified as a downstream cohort responsibility and is out of scope.",openalex,llm,0.880,unreviewed,
