status,title,authors,year,venue,doi,url,tags,abstract,provider,decision_source,llm_confidence,llm_review_outcome,llm_change_direction
kept,Teaching Programming with Graphics: Pitfalls and a Solution,Luca Chiodini; Juha Sorva; Matthias Hauswirth,2023,,10.1145/3622780.3623644,https://openalex.org/W4387773827,qualifies-claim,"Many introductory programming courses employ graphics libraries that promote engagement and enable fun visuals. However, student excitement over graphical outputs is not a guarantee of conceptual understanding of programming, and graphics may even distract from intended learning outcomes. Our contribution is twofold. First, we analyze a selection of existing graphics libraries designed for novice programmers. We consider how these libraries foster clean decomposition, direct students’ attention to key content, and manage complexity; we find shortcomings in these respects. These shortcomings involve the libraries’ support for global coordinates and external graphics, as well as their rich APIs; we argue that these features, although powerful, are also potential pitfalls in student learning. Second, we present the design of a new graphics library, PyTamaro, which avoids the pitfalls with a minimalist design that eschews coordinates; we also outline a pedagogical approach that builds on PyTamaro’s strengths and deliberate limitations. We briefly discuss PyTamaro’s trade-offs in comparison to coordinate-based libraries. The work reported here paves the way for future empirical evaluations of PyTamaro and associated teaching practices.",openalex,llm,0.770,unreviewed,
kept,Roles of Variables in Teaching,Juha Sorva; Ville Karavirta; Ari Korhonen,2007,Journal of Information Technology Education Research,10.28945/224,https://openalex.org/W2096699669,supports-claim,"An international association advancing the multidisciplinary study of informing systems. Founded in 1998, the Informing Science Institute (ISI) is a global community of academics shaping the future of informing science.",openalex,llm,0.950,unreviewed,
discarded,Examples of Unsuccessful Use of Code Comprehension Strategies: A Resource for Developing Code Comprehension Pedagogy,Colleen M. Lewis,2023,,10.1145/3568813.3600116,https://openalex.org/W4386587646,adjacent-subtopic,"Background: Code comprehension research has identified gaps between the strategies experts and novices use in comprehending code. In computer science (CS) education, code comprehension has recently received increased attention, and research has identified correlations between code comprehension and code writing. While there is a long history of identifying expert code-comprehension strategies, there has been less work to understand and support the incremental development of code comprehension expertise.",openalex,llm,0.840,unreviewed,
kept,Investigating primary school children’s embodied expression of programming concepts,Abrar Almjally; Kate Howland; Judith Good; Benedict du Boulay,2023,International Journal of Child-Computer Interaction,10.1016/j.ijcci.2023.100574,https://openalex.org/W4320883097,supports-claim,"The study of children’s gestures has proved useful in understanding learning and conceptual development in subjects such as mathematics but has not yet been carried out in computing education. This paper presents an analysis of the way in which children describe programming concepts and their use of spontaneous co-speech gestures. We conducted two interviews at two different times (one directly after a programming activity, and one approximately two weeks later) with 45 primary school students in Saudi Arabia (aged 6 to 7). We analysed their responses when asked to explain two programming concepts: program and iteration . Participants using metaphorical gestures drew upon two overarching embodied metaphors in their explanations, namely (i) computing constructs as physical objects (ii) computing processes as a motion along the path. Participants moved their hands along one of three body-based axes (longitudinal, transverse, and frontal) when referring to chronological sequences. These findings were broadly in keeping with those found in previous work on University computing students’ gestures. However, our study also showed that gestures used by child learners whose first language is a right-to-left language (i.e., Arabic) had directional differences compared to the gestures used by adult learners whose first language is a left-to-right language (e.g., English). This work is the first step towards understanding young children’s embodied descriptions of programming concepts following introductory programming activities, and the potential role of gestures in supporting their learning.",openalex,llm,0.800,unreviewed,
discarded,Modelling Competency in the Field of OOP: From Investigating Computer Science Curricula to Developing Test Items,Matthias Krämer; David Tobinski; Torsten Brinda,2016,IFIP advances in information and communication technology,10.1007/978-3-319-54687-2_4,https://openalex.org/W2592976132,adjacent-subtopic,"In this paper, we describe the results of a thorough analysis of 44 K12 computer science curricula and standards documents conducted as part of an ongoing research project aiming at the development of a competency structure model and measurement instruments in the field of object-oriented programming (OOP). The curricula analysis builds upon a first model draft derived theoretically from a literature analysis in prior work. The model draft is 4-dimensional and consists of the four competency dimensions (1) OOP knowledge and skills, (2) Mastering representation, (3) Cognitive processes and (4) Metacognitive processes. We used these dimensions and the belonging sub-dimensions as a coding scheme and coded competency facets concerning OOP contained in the curricula and standards documents using the method of qualitative content analysis according to Mayring. This way, we could firstly successfully prove the curricular validity of our model draft and secondly, after a step of paraphrasing the identified competency facets, use these descriptions to initiate the process of item development to operationalize our competency model draft.",openalex,llm,0.790,unreviewed,
discarded,Expert Perspectives on Student Errors in SQL,Daphne Miedema; George Fletcher; Efthimia Aivaloglou,2022,ACM Transactions on Computing Education,10.1145/3551392,https://openalex.org/W4287981156,adjacent-subtopic,"Prior studies in the Computer Science education literature have illustrated that novices make many mistakes in composing SQL queries. Query formulation proves to be difficult for students. Only recently, some headway was made towards understanding why SQL leads to so many mistakes, by uncovering student misconceptions. In this article, we shed new light on SQL misconceptions by analyzing the hypotheses of SQL experts on the causes of student errors. By examining the experts’ perceptions, we draw on their understanding of students’ misconceptions and on their experiences with studying and teaching SQL. For our analysis, we chose the Policy Delphi, a questionnaire instrument specifically designed for gathering opinions and evidence. Through a two-round process, our nineteen participants proposed and voted on underlying causes for SQL errors which resulted in a set of hypotheses per error. Our main contribution to this article is this new set of possible misconceptions. With them, we can design more complete educational approaches to address misconceptions underlying SQL errors made by students, leading to more effective SQL education.",openalex,llm,0.900,unreviewed,
kept,20-Years Later: A Replication Study on Teaching CS1 Concepts,Rita Garcia; Michelle Craig,2025,ACM Transactions on Computing Education,10.1145/3730405,https://openalex.org/W4409475854,supports-claim,"Introduction: Computer Science Education does not have a universally defined set of concepts consistently covered in all introductory courses (CS1). One approach to understanding the concepts covered in CS1 is to ask educators. In 2004, Nell Dale did just this. She also collected their perceptions on challenging topics to teach. Dale mused how the findings of a similar survey conducted in later years would compare with her results. Objectives: We answered Dale’s call to consider changes in teaching CS1 concepts by performing a replication study 20 years later. Our goals were to determine how the teaching of CS1 concepts has changed and to identify concepts educators perceive as challenging to teach. Methods: We created a survey based on Dale’s original study and added concepts from the CS2023 recommended curricula to include CS1 concepts for today’s teaching practice. We used a mixed-methods approach to analyse the 178 responses from CS1 educators. Results: Our survey results show Python is predominately used to teach today’s CS1 courses, with educators continuing to teach basic programming concepts similar to 20 years ago. However, our survey shows recursion continues to be challenging to teach, with most secondary school educators perceiving it does not belong in CS1. Today’s educators also teach less of the CS1 concepts from 20 years ago, such as inheritance and polymorphism, and have a limited focus on ethics and professionalism in their courses. Participants also found good learning behaviours like thinking and planning strategies challenging to teach. Conclusion: We conclude our paper by discussing the challenges of conducting a replication study, which includes reproducing studies with limited or no access to the original instruments. We present future research opportunities raised by the study’s findings, including how to support educators in teaching the challenging concept of good learning behaviours and further refine curricular guidelines to remove ambiguity on concepts covered in CS1 and CS2 courses.",openalex,llm,0.990,unreviewed,
kept,Variables and Variable Naming in Popular Programming Textbooks for Children and Novices,Vivian van der Werf; Felienne Hermans; Marcus Specht; Efthimia Aivaloglou,2024,,10.1145/3649165.3690112,https://openalex.org/W4404910398,supports-claim,"In programming, the concept of variables is central to learning other concepts like loops, functions, and conditions, and the way variables are explained influences students' understanding. Prior work observed Massive Open Online Courses (MOOCs) on introductory programming to investigate how the topic is addressed in teaching materials. Our work aims to verify if their results generalize to other materials by analyzing 13 popular Scratch and Python programming books and investigating (1) which definitions and analogies are currently being used to explain the variables, (2) looking into the programming concepts that are introduced alongside variables, and (3) analyzing if and how variable naming practices are introduced. Our results support previous findings from MOOCs, suggesting that CS educators and developers of educational materials for introductory programming could pay more attention to how they explain variables and can be more deliberate and consistent when it concerns the teaching of naming practices. Additionally, we found specific analogies used to explain variables, and differences between programming languages in the order that variables are introduced. Our work can be used to update current educational materials and inform the development of new ones.",openalex,llm,0.970,unreviewed,
discarded,Modular Educational Languages,Jesse Hoobergs,2023,,10.1145/3618305.3623596,https://openalex.org/W4387793202,adjacent-subtopic,"Teaching novices to program is an unsolved problem. One part of the problem lies in the fact that industrial languages are used for teaching novices, while they were not made for this purpose. I am designing a Programming Education Runtime System to easily create modular languages for education. This system utilizes object algebras, trampolining and algebraic effects and handlers. It has been used to implement an interpreter for the Hedy programming language. This implementation has several important advantages over the existing one, such as better debugging support and better integration with the Hedy platform.",openalex,llm,0.860,unreviewed,
kept,Seeing Program Output Improves Novice Learning Gains,Juho Leinonen; Arto Hellas; John Edwards,2023,,10.1145/3587102.3588796,https://openalex.org/W4382654858,supports-claim,"In this article, we report results from a randomized controlled trial where novice programmers completed code mimicking exercises -- writing and modifying code shown to them -- designed to help learn the basics of how variables work. Using a tailored code writing system with feedback on program correctness, we conducted a two-group design study where only one of the groups could see the program output and feedback on the correctness of the program they wrote, while the other group just saw feedback on correctness. Learning gain was measured using a code-reading multiple choice questionnaire as both a pretest and a posttest. Our data suggests that being able to see program output leads to higher learning gains for novices, when compared to just being able to see feedback on the correctness of the code. For more experienced students, we observed benefits from code mimicking in both groups, without a strong distinction between being able to see the output and not being able to see the output. Based on our experiment, we recommend that environments used by novices for learning programming should encourage -- or even require -- running the code before allowing submitting the program for assessment.",openalex,llm,0.860,unreviewed,
discarded,Editorial: Conceptualizing and Using Theory in Computing Education Research,Josh Tenenberg; Lauri Malmi,2022,ACM Transactions on Computing Education,10.1145/3542952,https://openalex.org/W4313435811,adjacent-subtopic,"There has been considerable recent interest in a number of questions related to theory within computing education research. In this editorial, we summarize some of this recent interest, discuss the process in which this special issue came to be, and how papers were selected for inclusion. We end with a brief summary of each of the six papers appearing in this special issue, highlighting the relevance of each to this issue's theme.",openalex,llm,0.970,unreviewed,
kept,Event Loops as First-Class Values: A Case Study in Pedagogic Language Design,Joe Politz; Benjamin Lerner; Sorawee Porncharoenwase; Shriram Krishnamurthi,2019,The Art Science and Engineering of Programming,10.22152/programming-journal.org/2019/3/11,https://openalex.org/W2911960176,supports-claim,"The World model is an existing functional input-output mechanism for event-driven programming.It is used in numerous popular textbooks and curricular settings.The World model conflates two different tasks-the definition of an event processor and its execution-into one.This conflation imposes a significant (even unacceptable) burden on student users in several educational settings where we have tried to use it, e.g., for teaching physics.While it was tempting to pile on features to address these issues, we instead used the Scheme language design dictum of removing weaknesses that made them seem necessary.By separating the two tasks above, we arrived at a slightly different primitive, the reactor, as our basis.This only defines the event processor, and a variety of execution operators dictate how it runs.The new design enables programmatic control over event-driven programs.This simplifies reflecting on program behavior, and eliminates many unnecessary curricular dependencies imposed by the old design.This work has been implemented in the Pyret programming language.The separation of concerns has enabled new curricula, such as the Bootstrap:Physics curriculum, to take flight.Thousands of students use this new mechanism every year.We believe that reducing impedance mismatches improves their educational experience.",openalex,llm,0.950,unreviewed,
discarded,Learning to program using part-complete solutions,Stuart Garner,2003,Australasian Journal of Paramedicine,,https://openalex.org/W1572729462,adjacent-subtopic,Learning to write computer programs is not an easy process for many students with students experiencing high levels of cognitive load. This paper discusses the “completion” method of learning to program that requires students to complete solutions for incomplete programs that have been given to them. A software tool called CORT (Code Restructuring Tool) which supports the “completion” method of learning to program and that has been developed by the author is then described. Initial evaluations of the tool indicate that students who use CORT require less time to solve problems and require less resources than non-CORT students. There was no difference in the performance of both groups of students in a final examination.,openalex,llm,0.710,unreviewed,
discarded,Logic and Computer Educational Game for non-IT Vocational Students,Annisa Larasati; Harsa Wara Prabawa; Jajang Kusnendar,2020,"Proceedings of the Proceedings of the 7th Mathematics, Science, and Computer Science Education International Seminar, MSCEIS 2019, 12 October 2019, Bandung, West Java, Indonesia",10.4108/eai.12-10-2019.2296510,https://openalex.org/W3089174267,adjacent-subtopic,"This research aims to build an educational game that can be used as a learning aid, especially in the content of logic and computer algorithms and measuring the effectiveness of the use of educational games on increasing student understanding. This research is development research, in which media pr",openalex,llm,0.880,unreviewed,
kept,"Developing, Validating, and Implementing a Mental Model Test for Primary School Students (Doctoral Consortium)",Katrin Künz,2023,,10.1145/3631802.3631835,https://openalex.org/W4391584365,supports-claim,"This doctoral research aims to address the lack of empirical studies on identifying mental models in primary school students, particularly in relation to programming concepts such as loops and conditionals. The objective is to develop and validate a mental model test and explore its potential in enhancing programming competence. The research will employ a mixed methods approach, utilizing an online questionnaire and interviews with primary school students attending computational thinking courses. The test will be validated by subject matter experts, and its correlation with other instruments will be assessed for criterion validation. Subsequently, the validated test will be implemented within a conceptual change teaching approach to evaluate its applicability and impact through a randomized controlled field trial.",openalex,llm,0.850,unreviewed,
kept,Effects of using problem-solving guide and explanatory support in program visualization tool on reducing students’ misconceptions in learning data structure concepts,Adam Basigie Mtaho,2023,Bulletin of Social Informatics Theory and Application,10.31763/businta.v7i2.649,https://openalex.org/W4393038072,adjacent-subtopic,"The tendency of novice programmers to hold misconceptions when learning data structures is one of the challenges that novice programmers face in computer science education. Holding misconceptions can result in students’ demotivation and high failure rates in learning the subject. This article presents the findings of an experimental study that was conducted to determine whether using the CeliotM Program visualization tool could help students learn CS 122 (data structures) at the College of Informatics and Virtual Education of the University of Dodoma with fewer misconceptions. The design chosen was a single factor between the experiment designs, with the number of errors committed by the students when writing programs as a dependent variable. The experimental group received instruction using the teaching technique employed by CeliotM, while the control group received instruction using the conventional lecture method. Results show that the use of CeliotM significantly reduced students misconceptions compared to the conventional lecture method. The study's important findings suggest that employing the CeliotM framework can help students understand data structures more effectively by minimizing their misconceptions and hence enhance their programming competencies.",openalex,llm,0.680,unreviewed,
