status,title,authors,year,venue,doi,url,tags,abstract,provider,decision_source,llm_confidence,llm_review_outcome,llm_change_direction
kept,Introductory programming: examining the exams,Norma P. Simon; Donald Chinn; Michael de Raadt; Anne Philpott; Judy Sheard; Mikko‐Jussi Laakso; Daryl D’Souza; James Skene; Angela Carbone; Tony Clear; Raymond Lister; Geoff Warburton,2012,Swinburne figshare (Swinburne University of Technology),10.5555/2483716.2483724,https://openalex.org/W1576004360,supports-claim,"This paper describes a classification scheme that can be used to investigate the characteristics of introductory programming examinations. The scheme itself is described and its categories explained. We describe in detail the process of determining the level of agreement among classifiers, that is, the inter-rater reliability of the scheme, and we report the results of applying the classification scheme to 20 introductory programming examinations. We find that introductory programming examinations vary greatly in the coverage of topics, question styles, skill required to answer questions and the level of difficulty of questions. This study is part of a project that aims to investigate the nature and composition of formal examination instruments used in the summative assessment of introductory programming students, and the pedagogical intentions of the educators who construct these instruments.",openalex,llm,0.970,unreviewed,
discarded,Syntax-agnostic Pedagogy: A Mobile-first Architecture for Democratising Foundational Computational Logic,K. Ghosh,2026,SSRN Electronic Journal,10.2139/ssrn.6988458,https://openalex.org/W7169505065,adjacent-subtopic,,openalex,llm,0.630,unreviewed,
kept,Teaching programming and computational thinking in early childhood education: a case study of content knowledge and pedagogical knowledge,Yue Zeng; Weipeng Yang; Alfredo Bautista,2023,Frontiers in Psychology,10.3389/fpsyg.2023.1252718,https://openalex.org/W4387252616,supports-claim,"Programming and computational thinking (CT) have been progressively incorporated into early childhood education to prepare children for the digital age. However, little is known about the content knowledge (CK) and pedagogical knowledge (PK) possessed by early childhood teachers in this domain. To address this gap, we conducted a case study of an early childhood teacher in China who had experience developing and implementing an unplugged programming and CT curriculum. The triangulation of data sources was established to collect evidence from videotaped observations, interviews, and lesson plans. For the CK, analysis of these findings revealed that the teacher had a more robust understanding of CT concepts (e.g., sequences, conditionals, and loops) compared to CT practices (e.g., decomposition, debugging) and CT perspectives (e.g., perseverance, choices of conduct). In terms of PK, the teacher could apply the general pedagogical knowledge but was relatively weak in using content-specific pedagogical knowledge. As the first endeavor to investigate an early childhood teacher's CK and PK in teaching programming and CT, this study provides significant implications for improving teachers' professional knowledge and teaching effectiveness in this burgeoning area.",openalex,llm,0.910,unreviewed,
kept,Current Status and Perspectives of Debugging in the K12 Classroom: A Qualitative Study,Tilman Michaeli; Ralf Romeike,2019,,10.1109/educon.2019.8725282,https://openalex.org/W2947121856,adjacent-subtopic,"Self-reliance in debugging is both an important skill and a major challenge in learning to program. Debugging is distinct from general programming skills and needs to be taught explicitly. Nevertheless, when it comes to teaching and learning debugging, there are surprisingly few studies and results. The aim of this qualitative study is to investigate how students and teachers cope with errors in the K12 classroom, which debugging skills are conveyed, and why teachers teach or do not teach certain debugging skills. Therefore, in a first step, we identify skills considered relevant for debugging by applying desk research. We particularly focus on skills considered relevant for novices. Building upon this, we analyze 12 interviews of German high-school teachers using structured qualitative content analysis. The results show that especially weaker students are often helpless and apply a trial-and-error approach for coping with programming errors. It turns out that compile-time errors pose a big hurdle for many students. Teachers are mostly rushing from one student PC to the other, trying to help. Regarding the teaching of debugging skills, teachers focus on heuristics for common bugs as well as some debugging strategies. No systematic process on how to tackle and cope with errors is conveyed by teachers. Furthermore, they do not employ explicit teaching lessons on debugging. Overall, teachers lack a systematic approach for teaching debugging, as there are only insufficient concepts and materials.",openalex,llm,0.830,unreviewed,
kept,Reference Semantics in Python: Explicit Pedagogy vs Intuitive Acquisition — A Literature Synthesis,That Le,2026,Zenodo (CERN European Organization for Nuclear Research),10.5281/zenodo.20131468,https://openalex.org/W7160945793,supports-claim,"Python's runtime model gives every variable the semantics of a reference — a name in a namespace dictionary bound to an object on the heap — with assignment as rebinding, with mutation visible through every name that refers to the mutated object, with a hard distinction between immutable objects (rebinding only) and mutable objects (rebinding and mutation), with a default-mutable-argument trap that produces silent state-leakage across calls, and with parameter passing that the literature has variously called pass-by-object-reference, pass-by-sharing, or passby-assignment. None of this is surfaced by Python's surface syntax. The introductory-textbook tradition for Python (1995– 2020) has overwhelmingly chosen intuitive acquisition — write working code, let the model emerge — over explicit teaching — name the reference phenomena, visualise them with a notional machine, walk through worked examples that surface the binding relation. This paper synthesises Holland-Griffiths-Woodman 1997 Avoiding Object Misconceptions, Ma et al. 2007 and Ma et al. 2011 (the empirical measurement of reference-misconception persistence and the Jeliot cognitive-conflict intervention), Sorva 2012 PhD and Sorva 2013 ACM TOCE notional-machine survey, Kohn 2017 Variables in Python, Caceffo et al. 2016 misconception inventory, Sajaniemi 2002 / Sajaniemi-Kuittinen 2005 roles-of-variables, Hertz-Jump 2013 trace-based teaching, Guo 2013 / 2015 Online Python Tutor work, Posner-Strike-HewsonGertzog 1982 conceptual-change theory, and the parameterpassing pedagogy thread (Fleury 1991, Madison-Gifford 1997, Lopez et al. 2008). The paper delivers four contributions. First, a literature verdict that intuitive acquisition produces persistent and transferable misconceptions at the four canonical Python reference-phenomena moments — variable rebinding, list-mutation aliasing, default mutable-argument trap, parameter pass-by-object-reference — with measured persistence into the second and third programming courses. Second, a verdict that explicit teaching is required, but the cognitive-conflict moment, not the introduction moment, is the load-bearing curriculum slot: explicit teaching at first variable introduction overloads working memory; explicit teaching at the second-encounter mutation moment meets the Posner-Strike conceptual-change pre-conditions and produces the largest measured model-shift gains. Third, a deployment template using Python Tutor visualisations paired with mutation worked examples, staged across the elix-researches Python Pathway Volume 2 Chapter 3 and Volume 3 Chapter 1. Fourth, an explicit map showing how this verdict feeds A3.1 (variable mental model), B1.1 (function bottleneck), and the textbook chapters that depend on the recommendation. Per the elix-researches no-cohort scope, no learner data is collected; piloting is identified as a downstream cohort responsibility (B1.4, C2.1).",openalex,llm,0.950,unreviewed,
kept,Reference Semantics in Python: Explicit Pedagogy vs Intuitive Acquisition — A Literature Synthesis,That Le,2026,Zenodo (CERN European Organization for Nuclear Research),10.5281/zenodo.20131469,https://openalex.org/W7160961249,supports-claim,"Python's runtime model gives every variable the semantics of a reference — a name in a namespace dictionary bound to an object on the heap — with assignment as rebinding, with mutation visible through every name that refers to the mutated object, with a hard distinction between immutable objects (rebinding only) and mutable objects (rebinding and mutation), with a default-mutable-argument trap that produces silent state-leakage across calls, and with parameter passing that the literature has variously called pass-by-object-reference, pass-by-sharing, or passby-assignment. None of this is surfaced by Python's surface syntax. The introductory-textbook tradition for Python (1995– 2020) has overwhelmingly chosen intuitive acquisition — write working code, let the model emerge — over explicit teaching — name the reference phenomena, visualise them with a notional machine, walk through worked examples that surface the binding relation. This paper synthesises Holland-Griffiths-Woodman 1997 Avoiding Object Misconceptions, Ma et al. 2007 and Ma et al. 2011 (the empirical measurement of reference-misconception persistence and the Jeliot cognitive-conflict intervention), Sorva 2012 PhD and Sorva 2013 ACM TOCE notional-machine survey, Kohn 2017 Variables in Python, Caceffo et al. 2016 misconception inventory, Sajaniemi 2002 / Sajaniemi-Kuittinen 2005 roles-of-variables, Hertz-Jump 2013 trace-based teaching, Guo 2013 / 2015 Online Python Tutor work, Posner-Strike-HewsonGertzog 1982 conceptual-change theory, and the parameterpassing pedagogy thread (Fleury 1991, Madison-Gifford 1997, Lopez et al. 2008). The paper delivers four contributions. First, a literature verdict that intuitive acquisition produces persistent and transferable misconceptions at the four canonical Python reference-phenomena moments — variable rebinding, list-mutation aliasing, default mutable-argument trap, parameter pass-by-object-reference — with measured persistence into the second and third programming courses. Second, a verdict that explicit teaching is required, but the cognitive-conflict moment, not the introduction moment, is the load-bearing curriculum slot: explicit teaching at first variable introduction overloads working memory; explicit teaching at the second-encounter mutation moment meets the Posner-Strike conceptual-change pre-conditions and produces the largest measured model-shift gains. Third, a deployment template using Python Tutor visualisations paired with mutation worked examples, staged across the elix-researches Python Pathway Volume 2 Chapter 3 and Volume 3 Chapter 1. Fourth, an explicit map showing how this verdict feeds A3.1 (variable mental model), B1.1 (function bottleneck), and the textbook chapters that depend on the recommendation. Per the elix-researches no-cohort scope, no learner data is collected; piloting is identified as a downstream cohort responsibility (B1.4, C2.1).",openalex,llm,0.950,unreviewed,
discarded,Teaching Machine Learning in K-12 Computing Education: Potential and\n Pitfalls,"Matti Tedre; Tapani Toivonen; Kahila, Juho; Henriikka Vartiainen; Teemu Valtonen; Ilkka Jormanainen; Arnold Pears",2021,arXiv (Cornell University),10.48550/arxiv.2106.11034,https://openalex.org/W4287126790,adjacent-subtopic,"Over the past decades, numerous practical applications of machine learning\ntechniques have shown the potential of data-driven approaches in a large number\nof computing fields. Machine learning is increasingly included in computing\ncurricula in higher education, and a quickly growing number of initiatives are\nexpanding it in K-12 computing education, too. As machine learning enters K-12\ncomputing education, understanding how intuition and agency in the context of\nsuch systems is developed becomes a key research area. But as schools and\nteachers are already struggling with integrating traditional computational\nthinking and traditional artificial intelligence into school curricula,\nunderstanding the challenges behind teaching machine learning in K-12 is an\neven more daunting challenge for computing education research. Despite the\ncentral position of machine learning in the field of modern computing, the\ncomputing education research body of literature contains remarkably few studies\nof how people learn to train, test, improve, and deploy machine learning\nsystems. This is especially true of the K-12 curriculum space. This article\ncharts the emerging trajectories in educational practice, theory, and\ntechnology related to teaching machine learning in K-12 education. The article\nsituates the existing work in the context of computing education in general,\nand describes some differences that K-12 computing educators should take into\naccount when facing this challenge. The article focuses on key aspects of the\nparadigm shift that will be required in order to successfully integrate machine\nlearning into the broader K-12 computing curricula. A crucial step is\nabandoning the belief that rule-based ""traditional"" programming is a central\naspect and building block in developing next generation computational thinking.\n",openalex,llm,0.950,unreviewed,
discarded,A Grounded Conceptual Model for Ownership Types in Rust,Will Crichton; G R Gray; Shriram Krishnamurthi,2023,Proceedings of the ACM on Programming Languages,10.1145/3622841,https://openalex.org/W4386614515,adjacent-subtopic,"Programmers learning Rust struggle to understand ownership types, Rust’s core mechanism for ensuring memory safety without garbage collection. This paper describes our attempt to systematically design a pedagogy for ownership types. First, we studied Rust developers’ misconceptions of ownership to create the Ownership Inventory, a new instrument for measuring a person’s knowledge of ownership. We found that Rust learners could not connect Rust’s static and dynamic semantics, such as determining why an ill-typed program would (or would not) exhibit undefined behavior. Second, we created a conceptual model of Rust’s semantics that explains borrow checking in terms of flow-sensitive permissions on paths into memory. Third, we implemented a Rust compiler plugin that visualizes programs under the model. Fourth, we integrated the permissions model and visualizations into a broader pedagogy of ownership by writing a new ownership chapter for The Rust Programming Language , a popular Rust textbook. Fifth, we evaluated an initial deployment of our pedagogy against the original version, using reader responses to the Ownership Inventory as a point of comparison. Thus far, the new pedagogy has improved learner scores on the Ownership Inventory by an average of 9",openalex,llm,0.830,unreviewed,
kept,Manufacturing the Missing Bridge: A Scaffolding Design for Function Introduction in a Python-First K-12 Informatics Curriculum,That Le,2026,Zenodo (CERN European Organization for Nuclear Research),10.5281/zenodo.20131465,https://openalex.org/W7160935850,supports-claim,"Scratch-then-Python pedagogies leverage the My Blocks feature of Scratch as an informal bridge to procedural abstraction: by the time a learner meets Python's def, the intent of name a reusable parameterized action is already familiar and only the syntax is new. Python-first curricula do not enjoy this bridge. We diagnose the function-introduction bottleneck in a Pythonfirst K-12 cohort across four canonical dimensions (abstraction intent, return-value semantics, parameter passing, lexical scope), rank the dimensions by severity against the Python-first profile, and propose a two-chapter scaffolding sequence at the Volume 1 → Volume 2 boundary of the Python Pathway curriculum. The proposed sequence combines three levers established in the computing-education literature — subgoal labeling on worked examples (Margulieux et al. 2012, 2016, 2019), parametertracing notional-machine diagrams (Sorva 2013), and functionas-plan framing (Soloway 1986) — with an explicit deferral of scope and multi-value return until Volume 2. The design is evaluated analytically against the Lopez-Whalley tracingexplaining-writing hierarchy and the McGill-Volet abstractionintent construct, with empirical validation flagged as future work under the program's no-cohort scope.",openalex,llm,0.900,unreviewed,
kept,Manufacturing the Missing Bridge: A Scaffolding Design for Function Introduction in a Python-First K-12 Informatics Curriculum,That Le,2026,Zenodo (CERN European Organization for Nuclear Research),10.5281/zenodo.20131464,https://openalex.org/W7160933272,supports-claim,"Scratch-then-Python pedagogies leverage the My Blocks feature of Scratch as an informal bridge to procedural abstraction: by the time a learner meets Python's def, the intent of name a reusable parameterized action is already familiar and only the syntax is new. Python-first curricula do not enjoy this bridge. We diagnose the function-introduction bottleneck in a Pythonfirst K-12 cohort across four canonical dimensions (abstraction intent, return-value semantics, parameter passing, lexical scope), rank the dimensions by severity against the Python-first profile, and propose a two-chapter scaffolding sequence at the Volume 1 → Volume 2 boundary of the Python Pathway curriculum. The proposed sequence combines three levers established in the computing-education literature — subgoal labeling on worked examples (Margulieux et al. 2012, 2016, 2019), parametertracing notional-machine diagrams (Sorva 2013), and functionas-plan framing (Soloway 1986) — with an explicit deferral of scope and multi-value return until Volume 2. The design is evaluated analytically against the Lopez-Whalley tracingexplaining-writing hierarchy and the McGill-Volet abstractionintent construct, with empirical validation flagged as future work under the program's no-cohort scope.",openalex,llm,0.900,unreviewed,
discarded,Novices' Learning Barriers When Using Code Examples in Open-Ended Programming,Wengran Wang; Archit Kwatra; James Skripchuk; Neeloy Gomes; Alexandra Milliken; Chris Martens; Tiffany Barnes; Thomas Price,2021,,10.1145/3430665.3456370,https://openalex.org/W3159573565,adjacent-subtopic,"Open-ended programming increases students' motivation by allowing them to solve authentic problems and connect programming to their own interests. However, such open-ended projects are also challenging, as they often encourage students to explore new programming features and attempt tasks that they have not learned before. Code examples are effective learning materials for students and are well-suited to supporting open-ended programming. However, there is little work to understand how novices learn with examples during open-ended programming, and few real-world deployments of such tools. In this paper, we explore novices' learning barriers when interacting with code examples during open-ended programming. We deployed Example Helper, a tool that offers galleries of code examples to search and use, with 44 novice students in an introductory programming classroom, working on an open-ended project in Snap. We found three high-level barriers that novices encountered when using examples: decision, search, and integration barriers. We discuss how these barriers arise and design opportunities to address them.",openalex,llm,0.890,unreviewed,
discarded,Learning basic programming using CLIS through gamification,Harsa Wara Prabawa; Heri Sutarno; Jajang Kusnendar; Fitry Rahmah,2018,Journal of Physics Conference Series,10.1088/1742-6596/1013/1/012099,https://openalex.org/W2804882626,adjacent-subtopic,"The difficulty of understanding programming concept is a major problem in basic programming lessons. Based on the results of preliminary studies, 60% of students reveal the monotonous of learning process caused by the limited number of media. Children Learning in Science (CLIS) method was chosen as solution because CLIS has facilitated students' initial knowledge to be optimized into conceptual knowledge. Technological involvement in CLIS (gamification) helped students to understand basic programming concept. This research developed a media using CLIS method with gamification elements to increase the excitement of learning process. This research declared that multimedia is considered good by students, especially regarding the mechanical aspects of multimedia, multimedia elements and aspects of multimedia information structure. Multimedia gamification learning with the CLIS model showed increased number of students' concept understanding.",openalex,llm,0.780,unreviewed,
kept,Tools and Environments,Lauri Malmi; Ian Utting; Amy J. Ko,2019,Cambridge University Press eBooks,10.1017/9781108654555.022,https://openalex.org/W2915539411,adjacent-subtopic,"Teaching and learning how to build software are central aspects of computing education, and the tools which we use to support this are themselves a focus of research and innovation. This chapter considers tools designed or predominately used for education; from software development environments to automatic assessment tools, visualization, and educational games platforms. It looks at not just the history and state-of-the-art of these tools, but also at the challenges and opportunities in researching with and about them.",openalex,llm,0.760,unreviewed,
