status,title,authors,year,venue,doi,url,tags,abstract,provider,decision_source,llm_confidence,llm_review_outcome,llm_change_direction
discarded,Befriending Computer Programming: A Proposed Approach to Teaching Introductory Programming,Iwona Miliszewska; Grace Tan,2007,Informing Science and IT Education Conference,10.28945/3095,https://openalex.org/W1512623932,adjacent-subtopic,"The problems encountered by students in first year computer programming units are a common concern in many universities including Victoria University. A fundamental component of a computer science curriculum, computer programming is a mandatory unit in a computing course. It is also one of the most feared and hated units by many novice computing students who, having failed or performed poorly in a programming unit, often drop out from a course. This article discusses some of the difficulties experienced by first year programming students, and reviews some of the initiatives undertaken to counter the problems. The article also reports on the first stage of a current research project at Victoria University that aims to develop a balanced approach to teaching first year programming units; its goal is to ‘befriend’ computer programming to help promote success among new programming students.",openalex,llm,0.840,unreviewed,
discarded,Befriending Computer Programming: A Proposed Approach to Teaching Introductory Programming,Iwona Miliszewska; Grace Tan,2007,Issues in Informing Science and Information Technology,10.28945/950,https://openalex.org/W4234979349,off-topic-false-hit,"An international association advancing the multidisciplinary study of informing systems. Founded in 1998, the Informing Science Institute (ISI) is a global community of academics shaping the future of informing science.",openalex,llm,0.970,unreviewed,
discarded,Evaluating LLM-generated Worked Examples in an Introductory Programming Course,Breanna Jury; Angela Lorusso; Juho Leinonen; Paul Denny; Andrew Luxton-Reilly,2024,,10.1145/3636243.3636252,https://openalex.org/W4390490725,adjacent-subtopic,"Worked examples, which illustrate the process for solving a problem step-by-step, are a well-established pedagogical technique that has been widely studied in computing classrooms. However, creating high-quality worked examples is very time-intensive for educators, and thus learners tend not to have access to a broad range of such examples. The recent emergence of powerful large language models (LLMs), which appear capable of generating high-quality human-like content, may offer a solution. Separate strands of recent work have shown that LLMs can accurately generate code suitable for a novice audience, and that they can generate high-quality explanations of code. Therefore, LLMs may be well suited to creating a broad range of worked examples, overcoming the bottleneck of manual effort that is currently required. In this work, we present a novel tool, ‘WorkedGen’, which uses an LLM to generate interactive worked examples. We evaluate this tool with both an expert assessment of the content, and a user study involving students in a first-year Python programming course (n = ~400). We find that prompt chaining and one-shot learning are useful strategies for optimising the output of an LLM when producing worked examples. Our expert analysis suggests that LLMs generate clear explanations, and our classroom deployment revealed that students find the LLM-generated worked examples useful for their learning. We propose several avenues for future work, including investigating WorkedGen’s value in a range of programming languages, and with more complex questions suitable for more advanced courses.",openalex,llm,0.940,unreviewed,
kept,Introductory programming course: review and future implications,Uzma Omer; Muhammad Shoaib Farooq; Adnan Abid,2021,PeerJ Computer Science,10.7717/peerj-cs.647,https://openalex.org/W3184620682,supports-claim,"The introductory programming course (IPC) holds a special significance in computing disciplines as this course serves as a prerequisite for studying the higher level courses. Students generally face difficulties during their initial stages of learning how to program. Continuous efforts are being made to examine this course for identifying potential improvements. This article presents the review of the state-of-the-art research exploring various components of IPC by examining sixty-six articles published between 2014 and 2020 in well-reputed research venues. The results reveal that several useful methods have been proposed to support teaching and learning in IPC. Moreover, the research in IPC presented useful ways to conduct assessments, and also demonstrated different techniques to examine improvements in the IPC contents. In addition, a variety of tools are evaluated to support the related course processes. Apart from the aforementioned facets, this research explores other interesting dimensions of IPC, such as collaborative learning, cognitive assessments, and performance predictions. In addition to reviewing the recent advancements in IPC, this study proposes a new taxonomy of IPC research dimensions. Furthermore, based on the successful practices that are listed in the literature, some useful guidelines and advices for instructors have also been reported in this article. Lastly, this review presents some pertinent open research issues to highlight the future dimensions for IPC researchers.",openalex,llm,0.980,unreviewed,
kept,An Analysis of Introductory Programming Courses at UK Universities,Ellen Murphy; Tom Crick; James H. Davenport,2017,The Art Science and Engineering of Programming,10.22152/programming-journal.org/2017/1/18,https://openalex.org/W2601753676,supports-claim,"Context:In the context of exploring the art, science and engineering of programming, the question of which programming languages should be taught first has been fiercely debated since computer science teaching started in universities.Failure to grasp programming readily almost certainly implies failure to progress in computer science.Inquiry: What first programming languages are being taught?There have been regular national-scale surveys in Australia and New Zealand, with the only US survey reporting on a small subset of universities.This the first such national survey of universities in the UK.Approach: We report the results of the first survey of introductory programming courses (N = 80) taught at UK universities as part of their first year computer science (or related) degree programmes, conducted in the first half of 2016.We report on student numbers, programming paradigm, programming languages and environment/tools used, as well as the underpinning rationale for these choices.Knowledge: The results in this first UK survey indicate a dominance of Java at a time when universities are still generally teaching students who are new to programming (and computer science), despite the fact that Python is perceived, by the same respondents, to be both easier to teach as well as to learn.Grounding: We compare the results of this survey with a related survey conducted since 2010 (as well as earlier surveys from 2001 and 2003) in Australia and New Zealand.Importance: This survey provides a starting point for valuable pedagogic baseline data for the analysis of the art, science and engineering of programming, in the context of substantial computer science curriculum reform in UK schools, as well as increasing scrutiny of teaching excellence and graduate employability for UK universities.",openalex,llm,0.990,unreviewed,
discarded,“It’s Weird That it Knows What I Want”: Usability and Interactions with Copilot for Novice Programmers,James Prather; Brent N. Reeves; Paul Denny; Brett A. Becker; Juho Leinonen; Andrew Luxton-Reilly; Garrett Powell; James Finnie-Ansley; Eddie Antonio Santos,2023,ACM Transactions on Computer-Human Interaction,10.1145/3617367,https://openalex.org/W4386099272,adjacent-subtopic,"Recent developments in deep learning have resulted in code-generation models that produce source code from natural language and code-based prompts with high accuracy. This is likely to have profound effects in the classroom, where novices learning to code can now use free tools to automatically suggest solutions to programming exercises and assignments. However, little is currently known about how novices interact with these tools in practice. We present the first study that observes students at the introductory level using one such code auto-generating tool, Github Copilot, on a typical introductory programming (CS1) assignment. Through observations and interviews we explore student perceptions of the benefits and pitfalls of this technology for learning, present new observed interaction patterns, and discuss cognitive and metacognitive difficulties faced by students. We consider design implications of these findings, specifically in terms of how tools like Copilot can better support and scaffold the novice programming experience.",openalex,llm,0.950,unreviewed,
discarded,Does ChatGPT Help With Introductory Programming?An Experiment of Students Using ChatGPT in CS1,Y. Z. Xue; H. Chen; Gina R. Bai; Robert Tairas; Yu Huang,2024,,10.1145/3639474.3640076,https://openalex.org/W4398785929,adjacent-subtopic,"Generative AI, notably ChatGPT, has garnered attention in computer science education. This paper presents a controlled experiment that explores ChatGPT's role in CS1 in a classroom setting. Specifically, we aim to investigate the impact of ChatGPT on student learning outcomes and their behaviors when working on programming assignments. Participants were tasked with creating a UML diagram and subsequently implementing its design through programming, followed by a closed-book post-evaluation and a post-survey. All the participants were required to screen-record the whole process. In total, 56 participants were recruited, with 48 successful screen recordings. Participants in the Experimental Group can access ChatGPT 3.5 and other online resources, such as Google and Stack Overflow when creating the UML diagram and programming; however, participants in the Control Group can access all online resources except for ChatGPT (i.e., the only design variable is the access to ChatGPT). Finally, we measured and analyzed participants' learning outcomes through their UML diagram, programming, and post-evaluation scores. We also analyzed the time participants took to complete the tasks and their interactions with ChatGPT and other resources from the screen recordings. After finishing the tasks, student participants also provided their perceptions of using ChatGPT in CS1 through a post-survey.",openalex,llm,0.940,unreviewed,
discarded,Systematic review of research on artificial intelligence applications in higher education – where are the educators?,Olaf Zawacki‐Richter; Victoria I. Marín; Melissa Bond; Franziska Gouverneur,2019,International Journal of Educational Technology in Higher Education,10.1186/s41239-019-0171-0,https://openalex.org/W2981863007,off-topic-false-hit,"Abstract According to various international reports, Artificial Intelligence in Education (AIEd) is one of the currently emerging fields in educational technology. Whilst it has been around for about 30 years, it is still unclear for educators how to make pedagogical advantage of it on a broader scale, and how it can actually impact meaningfully on teaching and learning in higher education. This paper seeks to provide an overview of research on AI applications in higher education through a systematic review. Out of 2656 initially identified publications for the period between 2007 and 2018, 146 articles were included for final synthesis, according to explicit inclusion and exclusion criteria. The descriptive results show that most of the disciplines involved in AIEd papers come from Computer Science and STEM, and that quantitative methods were the most frequently used in empirical studies. The synthesis of results presents four areas of AIEd applications in academic support services, and institutional and administrative services: 1. profiling and prediction, 2. assessment and evaluation, 3. adaptive systems and personalisation, and 4. intelligent tutoring systems. The conclusions reflect on the almost lack of critical reflection of challenges and risks of AIEd, the weak connection to theoretical pedagogical perspectives, and the need for further exploration of ethical and educational approaches in the application of AIEd in higher education.",openalex,llm,0.980,unreviewed,
kept,Reducing withdrawal and failure rates in introductory programming with subgoal labeled worked examples,Lauren E. Margulieux; Briana B. Morrison; Adrienne Decker,2020,International Journal of STEM Education,10.1186/s40594-020-00222-7,https://openalex.org/W3028280248,supports-claim,"Abstract Background Programming a computer is an increasingly valuable skill, but dropout and failure rates in introductory programming courses are regularly as high as 50%. Like many fields, programming requires students to learn complex problem-solving procedures from instructors who tend to have tacit knowledge about low-level procedures that they have automatized. The subgoal learning framework has been used in programming and other fields to breakdown procedural problem solving into smaller pieces that novices can grasp more easily, but it has only been used in short-term interventions. In this study, the subgoal learning framework was implemented throughout a semester-long introductory programming course to explore its longitudinal effects. Of 265 students in multiple sections of the course, half received subgoal-oriented instruction while the other half received typical instruction. Results Learning subgoals consistently improved performance on quizzes, which were formative and given within a week of learning a new procedure, but not on exams, which were summative. While exam performance was not statistically better, the subgoal group had lower variance in exam scores and fewer students dropped or failed the course than in the control group. To better understand the learning process, we examined students’ responses to open-ended questions that asked them to explain the problem-solving process. Furthermore, we explored characteristics of learners to determine how subgoal learning affected students at risk of dropout or failure. Conclusions Students in an introductory programming course performed better on initial assessments when they received instructions that used our intervention, subgoal labels. Though the students did not perform better than the control group on exams on average, they were less likely to get failing grades or to drop the course. Overall, subgoal labels seemed especially effective for students who might otherwise struggle to pass or complete the course.",openalex,llm,0.870,unreviewed,
kept,iProgVR: Design of a Virtual Reality Environment to Improve Introductory Programming Learning,Chyanna Wee; Kian Meng Yap; Woan Ning Lim,2022,IEEE Access,10.1109/access.2022.3204392,https://openalex.org/W4294691590,supports-claim,"Currently, there are a plethora of solutions developed to help students learn the basics of programming. However, there is a relative paucity of solutions that cater to problems students face when learning programming that is mainly caused by the abstract nature of programming, misconceptions of programming concepts, and lack of motivation. Hence, in this study, a framework to address the abstract nature of programming and common programming misconceptions is developed. The framework consists of three modules that correspond to each issue, powered by a simulation engine. The first module is developed to address the abstract nature of programming by representing programming concepts with concrete objects in the virtual environment. The second module employs simulation techniques such as interactions and player perspectives to address common programming misconceptions. Lastly, the third module employs elements in the virtual environment to engage students when learning through the system. To evaluate the system, 60 participants were randomly divided into the control group (N=30) and the experimental group (N=30). Participants in the control group were taught using a video lecture while participants in the experimental group were taught using the developed intervention. Evaluation results gathered quantitatively indicated that the VR intervention was able to significantly increase programming concepts comprehension and address common programming misconceptions. Participants also rated the developed VR intervention to be significantly more engaging than the video lecture.",openalex,llm,0.880,unreviewed,
kept,Novice programmer’s misconception of programming reflected on problem-solving plans,Kyungbin Kwon,2017,International Journal of Computer Science Education in Schools,10.21585/ijcses.v1i4.19,https://openalex.org/W2766215290,supports-claim,"Understanding the misconception of students is critical in that it identifies the reasons of errors students make and allows instructors to design instructions accordingly. This study investigated the mental models of programming concepts held by pre-service teachers who were novice in programming. In an introductory programming course, students were asked to solve problems that could be solved by utilizing conditional statements. They developed solution plans pseudo-code including a simplified natural language, symbols, diagrams, and so on. Sixteen solution plans of three different types of problems were analyzed. As a result, the students’ egocentric and insufficient programming concepts were identified in terms of the misuse of variables, redundancy of codes, and weak strategic knowledge. The results revealed that the students had difficulty designing solution plans that could be executed by computers. They needed instructional supports to master how to express their solution plans in the way computers run. Problem driven instructional designs for novice students were discussed.",openalex,llm,0.950,unreviewed,
kept,How difficult are exams?: a framework for assessing the complexity of introductory programming exams,Judy Sheard; Norma P. Simon; Angela Carbone; Donald Chinn; Tony Clear; Malcolm Corney; Daryl D’Souza; Joel Fenwick; James Harland; Mikko‐Jussi Laakso; Donna Teague,2013,QUT ePrints (Queensland University of Technology),10.5555/2667199.2667215,https://openalex.org/W2100584288,supports-claim,"Student performance on examinations is influenced by the level of difficulty of the questions. It seems reasonable to propose therefore that assessment of the difficulty of exam questions could be used to gauge the level of skills and knowledge expected at the end of a course. This paper reports the results of a study investigating the difficulty of exam questions using a subjective assessment of difficulty and a purpose-built exam question complexity classification scheme. The scheme, devised for exams in introductory programming courses, assesses the complexity of each question using six measures: external domain references, explicitness, linguistic complexity, conceptual complexity, length of code involved in the question and/or answer, and intellectual complexity (Bloom level). We apply the scheme to 20 introductory programming exam papers from five countries, and find substantial variation across the exams for all measures. Most exams include a mix of questions of low, medium, and high difficulty, although seven of the 20 have no questions of high difficulty. All of the complexity measures correlate with assessment of difficulty, indicating that the difficulty of an exam question relates to each of these more specific measures. We discuss the implications of these findings for the development of measures to assess learning standards in programming courses.",openalex,llm,0.910,unreviewed,
