status,title,authors,year,venue,doi,url,tags,abstract,provider,decision_source,llm_confidence,llm_review_outcome,llm_change_direction
discarded,A synthesized teaching model that promotes both procedural and conceptual knowledge dimensions in CS1,Georgiana Haldeman,2023,,10.1145/3633053.3633064,https://openalex.org/W4390427707,adjacent-subtopic,"Many of the effective practices studied in Computer Science Education Research (CER) tackle a common issue, which is that forming correct theories about programs and programming is challenging for novices and, therefore, rife for developing misconceptions. Combining aspects from all these practices, we developed a teaching model focused on correct theory formation about programs and programming (along all four dimensions of knowledge: factual, conceptual, procedural, and metacognitive). The proposed model is currently being implemented in one of the five sections of CS1 in Python at a small liberal arts college. Preliminary results based on the first midterm and anecdotal observations indicate improved learning, a lesser divide between high- and low-performing students, improved quality of student-submitted code, and other positive outcomes such as near-perfect attendance, improved student engagement with the material and other peers in the classroom, and a sense of enthusiasm about the subject.",openalex,llm,0.800,unreviewed,
discarded,Identifying Secondary School Students' Misconceptions about Machine Learning: An Interview Study,Erik Marx; Clemens Witt; Thiemo Leonhardt,2024,,10.1145/3677619.3678114,https://openalex.org/W4402254933,off-topic-false-hit,"Since students are familiar with machine learning (ML)-based applications in their everyday lives, they already construct mental models of how these systems work. This can result in misconceptions that influence the learning of correct ML concepts. Therefore, this study investigates the misconceptions students hold about the functionality of ML-based applications. To this end, we conducted semi-structured interviews with five students, focusing on their understanding of facial recognition and ChatGPT. The interviews were analyzed using an inductively developed code system and qualitative content analysis. This process identified six key misconceptions held by students: “Programmed Behavior,” “Exactness,” “Data Storage,” “Continuous Learning,” “User-trained Model,” and “Autonomous Data Acquisition”. These misconceptions include the notion that AI learns continuously during application, or that training data is saved and reused later. This paper presents the identified misconceptions and discusses their implication for the design and evaluation of effective learning activities in the context of ML.",openalex,llm,0.980,unreviewed,
kept,Stream Your Exam to the Course Staff: Asynchronous Assessment via Student-Recorded Code Trace Videos,Rachel S. Lim; Joe Gibbs Politz; Mia Minnes,2023,,10.1145/3545945.3569803,https://openalex.org/W4323033788,supports-claim,"Now that students in our introductory object-oriented programming course are more familiar with Zoom and screen sharing, we consider novel assessments that leverage these tools. We developed a style of assessment where students submit a recorded screencast of them tracing a submitted program. We describe the design of the assessment and tracing prompts, and we report on an analysis of 59 submitted student videos. Our findings include common mistakes and aspects of student understanding that were expressed in the video but not in the text and code submitted by students. For example, we observed different strategies that yielded the same correct trace of a loop, as well as incorrect traces of students' own correct recursive programs. These guide us towards ways to refine the assessment and prompts in future iterations.",openalex,llm,0.870,unreviewed,
discarded,A Pedagogical Framework for Developing Abstraction Skills,Marjahan Begum; Julia Crossley; Filip Strömbäck; Eleni C. Akrida; Isaac Alpizar-Chacón; Abigail Evans; Joshua B. Gross; Pontus Haglund; Violetta Lonati; Chandrika Satyavolu; Sverrir Thorgeirsson,2025,,10.1145/3689187.3709613,https://openalex.org/W4406804004,adjacent-subtopic,"Abstraction is a fundamental yet challenging skill to teach and learn in Computer Science education. Traditional frameworks of abstraction and concept formation often emphasize understanding an abstraction over its application, the latter being critical for practical Computer Science. Additionally, a common issue in education is when students may understand a concept in a classroom or a very specific setting but struggle to apply it outside of that context. In response, we present here a novel pedagogical framework designed to enhance both the development and application of abstraction skills in diverse educational contexts within the field of Computer Science. Our framework synthesizes common themes from existing models while introducing a new dimension focused explicitly on the actionable development of abstraction skills. Educators can adapt the framework to various educational contexts to support development of students' abstraction skills. Our framework was iteratively developed through a combination of theoretical analysis and reflective practice across multiple teaching contexts. We demonstrate the suitability of the framework by applying it to various case studies, demonstrating its broad applicability and practical utility. By offering a flexible yet comprehensive structure, our framework enables educators to effectively organize and deliver educational content, guiding students from abstract theoretical concepts to their practical application in Computer Science.",openalex,llm,0.750,unreviewed,
discarded,Análisis del “pensamiento computacional” desde una perspectiva educativa,J. Ángel Velázquez‐Iturbide; Mercedes Martín-Lope,2021,Revista de Educación a Distancia (RED),10.6018/red.484811,https://openalex.org/W4200375026,adjacent-subtopic,"Desde la aparición del término “pensamiento computacional” hace aproximadamente quince años, se ha consolidado internacionalmente como una tendencia en el mundo educativo preuniversitario. Su imprecisión dificulta la celebración de un debate sobre su papel curricular, algo que se echa especialmente de menos en España. El artículo pretende contribuir a aclarar el significado de “pensamiento computacional” y sus implicaciones educativas. Se ha realizado un análisis cualitativo de contenido, utilizando como materiales primarios las definiciones realizadas por una selección de autores e instituciones destacados. Se han analizado tres aspectos: definición, características y elementos, y ámbito de conocimiento. Se han encontrado dos componentes comunes a las definiciones analizadas: la referencia a una “actividad mental” y la inclusión de habilidades de programación. Sin embargo, difieren en la inclusión de otros elementos, que pueden clasificarse como conocimientos, actitudes o competencias. El artículo debate las consecuencias de una definición basada en una “actividad mental” en lugar de constructos educativos. Se concluye que el debate sobre la educación preuniversitaria de la informática debería basarse en un lenguaje educativo más preciso, así como en los actuales conocimientos de los campos de conocimiento de la pedagogía, la informática y la didáctica de la informática. The term “computational thinking” emerged fifteen years ago and has world-wide become popular as a tendency in the pre-university educational scope. Its looseness makes difficult to hold a debate on its curricular role, a lack which is especially severe in Spain. The article aims at contributing to clarifying the meaning of “computational thinking” and its educational implications. We conducted a qualitative content analysis, using the definitions provided by a selection of outstanding authors and institutions as primary materials. Three aspects were analyzed: definition, features and elements, and scope of knowledge. We have found two common components: the reference to a “mental activity” and the inclusion of programming skills. However, the definitions differ in the inclusion of other elements, which can be classified as knowledge, attitudes or competences. The article discusses the consequences of a definition based on a “mental activity” rather than educational constructs. We conclude that the debate on pre-university computing education should be based on a more precise terminology, as well as current body of knowledge in pedagogy, computing and didactics of computing.",openalex,llm,0.810,unreviewed,
discarded,Exploring Teachers’ PCK for Computational Thinking in Context,Sabiha Yeni; Nataša Grgurina; Felienne Hermans; Jos Tolboom; Erik Barendsen,2021,,10.1145/3481312.3481320,https://openalex.org/W3205227006,adjacent-subtopic,"There is growing attention for integrating Computational Thinking (CT) into various subjects across the K-12 curriculum with a concomitant increase of interest in investigating teachers’ pedagogical content knowledge (PCK) regarding CT. This study is part of a bigger project focusing on defining the learning trajectories for CT integration into the K-12 curriculum. In particular, the present study focused on eliciting the pedagogical content knowledge and attitude of teachers with respect to the integration of CT in various disciplines. To this end, we implemented six different case studies by integrating CT into six different subjects: science, traffic, language, biology, geography, and physics. Two primary and four secondary school teachers were involved in the study. After the lesson series was completed in schools, we conducted interviews with teachers to understand their PCK on CT integration, attitudes toward CT integrated lessons, and the barriers teachers faced during CT integrated lessons. Our results indicate that compared to standard instructional activities, students can go deeper and understand the subject content better in CT integrated lessons, also students can use the power of digital technologies to solve subject-related problems. On the other hand, teachers pointed out that students and teachers need to be more capable of technical knowledge and skills to accomplish tasks.",openalex,llm,0.800,unreviewed,
discarded,Identifying SQL Misconceptions of Novices: Findings from a Think-Aloud Study,Daphne Miedema; Efthimia Aivaloglou; George Fletcher,2021,,10.1145/3446871.3469759,https://openalex.org/W3193751197,adjacent-subtopic,"SQL is the most commonly taught database query language. While previous research has investigated the errors made by novices during SQL query formulation, the underlying causes for these errors have remained unexplored. Understanding the basic misconceptions held by novices which lead to these errors would help improve how we teach query languages to our students. In this paper we aim to identify the misconceptions that might be the causes of documented SQL errors that novices make. To this end, we conducted a qualitative think-aloud study to gather information on the thinking process of university students while solving query formulation problems. With the queries in hand, we analyzed the underlying causes for the errors made by our participants. In this paper we present the identified SQL misconceptions organized into four top-level categories: misconceptions based in previous course knowledge, generalization-based misconceptions, language-based misconceptions, and misconceptions due to an incomplete or incorrect mental model. A deep exploration of misconceptions can uncover gaps in instruction. By drawing attention to these, we aim to improve SQL education.",openalex,llm,0.900,unreviewed,
kept,Variables in Practice. An Observation of Teaching Variables in Introductory Programming MOOCs,Vivian van der Werf; Min Yi Zhang; Efthimia Aivaloglou; Felienne Hermans; Marcus Specht,2023,,10.1145/3587102.3588857,https://openalex.org/W4382652785,supports-claim,"Motivation. Many people interested in learning a programming language choose online courses to develop their skills. The concept of variables is one of the most foundational ones to learn, but can be hard to grasp for novices. Variables are researched, but to our knowledge, few empirical observations on how the concept is taught in practice exist. Objective. We investigate how the concept of variables, and the respective naming practices, are taught in introductory Massive Open Online Courses (MOOCs) teaching programming languages. Methods. We gathered qualitative data related to variables and their naming from 17 MOOCs. Collected data include connections to other programming concepts, formal definitions, used analogies, and presented names. Results. We found that variables are often taught in close connection to data types, expressions, and program execution and are often explained using the 'variable as a box' analogy. The latter finding represents a stronger focus on 'storing values', than on naming, memory, and flexibility. Furthermore, MOOCs are inconsistent when teaching naming practices. Conclusions. We recommend teachers and researchers to pay deliberate attention to the definitions and analogies used to explain the concept of variables as well as to naming practices, and in particular to variable name meaning.",openalex,llm,0.950,unreviewed,
discarded,Supporting Dyslexia in the Programming Classroom,Silke Stienen-Durand; Jennifer George,2014,Procedia Computer Science,10.1016/j.procs.2014.02.046,https://openalex.org/W2000418551,adjacent-subtopic,"Existing approaches to teaching in higher education continue, despite legislation, to be largely exclusive of the dyslexic population. In this report, the ICF classification of dyslexia, current legislation on disability, and the problems associated with dyslexia are investigated within the higher educational sphere, and specifically within the field of programming. Dyslexic adults who study programming at university or college level could be better supported through the use of sequential assessments, multi-modal approaches to learning, assistive technologies, and appropriate tutor support. In consequence of these approaches, the standards set by the ICF, the DDA (1995), and the Equality Act (2010) should be met in the higher education programming classroom.",openalex,llm,0.840,unreviewed,
kept,Investigating Themes of Student-Generated Analogies,Colton Harper; Ryan Bockmon; Stephen Cooper,2023,,10.1145/3576882.3617914,https://openalex.org/W4388850600,supports-claim,"Student-generated analogies hold potential in facilitating understanding of abstract computing concepts, as they exercise valuable computing skills, such as abstraction, re-representation, and relational reasoning. Helping students develop their own analogies is difficult, and limited research exists on scaffolding for student-generated analogies in computing education and STEM education more broadly. This exploratory study examines an open-ended student-generated analogy process, for the concept of variable scope within an introductory computer science course. The primary goal of this study is to lay the foundation for scaffolding strategies to more fully realize the potential of student-generated analogy as an educational tool.",openalex,llm,0.820,unreviewed,
discarded,Theoretical Computer Science in Basic Education: A Systematic Review,Braz Araujo da Silva; Simone André da Costa Cavalheiro; Luciana Foss,2021,,10.5753/weit.2021.18933,https://openalex.org/W4226417876,adjacent-subtopic,"This paper presents a systematic literature review on theoretical computer science in basic education. Computing education has been reignited with the new computational thinking wave, calling out for the importance of problemsolving skills. Yet, it has been focusing its efforts in programming with visual languages, games and robotics. Meanwhile, theoretical computer science has rarely been touched in education. Therefore this work investigates 17 journal and conference paper that present solutions including this topic on basic education in the last 20 years. To conclude, a discussion about what topics of theoretical computer science were used takes place and a need for further research is identified.",openalex,llm,0.900,unreviewed,
kept,Decision Criteria for Scratch as a Bridge to Text-Based Programming: A Literature Synthesis,That Le,2026,Zenodo (CERN European Organization for Nuclear Research),10.5281/zenodo.20131437,https://openalex.org/W7160934795,systematic-review,"Block-based programming, exemplified by Scratch [1], [2], is the de facto entry environment for K-12 informatics in most jurisdictions including Vietnam under the 2018 General Education Curriculum [3]. The international literature on the block-to-text transition is split: some studies report block-based introductions producing motivational and short-run conceptual gains [4], [5], while others document durable Scratch-induced habits that persist into the text phase and impede transition [6], [7], [8]. The contradiction is not resolved by averaging effect sizes; it dissolves when the question is reframed from ""is Scratch good or bad?"" to ""under which conditions does Scratch help, and under which does it hurt?"". This paper synthesises the 2009–2022 literature on Scratch design intent, Scratch-induced habits, block-versus-text comparative studies, hybrid environments (Pencil Code, Hedy), transition scaffolding (Moors et al., PRIMM), notional-machine theory, and assessment literature, and extracts a decision-criteria framework. Seven decision criteria are specified — learner age and reading fluency, prior text-based exposure, target text language, instructor blockand-text dual familiarity, curriculum duration, classroom infrastructure, and parent-and-community Scratch-acceptance — each with definition, direction-of-effect on transition outcome, evidence anchors, threshold value, and failure mode if misapplied. The framework is engineered as a checklist that a curriculum designer can apply chapter-by-chapter rather than a global yes-or-no verdict. The framework is mapped onto two elixresearches textbook series: the From Scratch to Python (FS2P) series [9], which assumes Scratch entry and engineers an explicit transition, and the Python Pathway series, which skips Scratch entirely for a gifted-cohort target population. The synthesis is purposive, not exhaustive; validation comes from audit-loop review against the programme rubric, not from empirical trial. Three open questions are flagged for downstream Layer A research.",openalex,llm,0.860,unreviewed,
kept,Decision Criteria for Scratch as a Bridge to Text-Based Programming: A Literature Synthesis,That Le,2026,Zenodo (CERN European Organization for Nuclear Research),10.5281/zenodo.20131438,https://openalex.org/W7160956263,systematic-review,"Block-based programming, exemplified by Scratch [1], [2], is the de facto entry environment for K-12 informatics in most jurisdictions including Vietnam under the 2018 General Education Curriculum [3]. The international literature on the block-to-text transition is split: some studies report block-based introductions producing motivational and short-run conceptual gains [4], [5], while others document durable Scratch-induced habits that persist into the text phase and impede transition [6], [7], [8]. The contradiction is not resolved by averaging effect sizes; it dissolves when the question is reframed from ""is Scratch good or bad?"" to ""under which conditions does Scratch help, and under which does it hurt?"". This paper synthesises the 2009–2022 literature on Scratch design intent, Scratch-induced habits, block-versus-text comparative studies, hybrid environments (Pencil Code, Hedy), transition scaffolding (Moors et al., PRIMM), notional-machine theory, and assessment literature, and extracts a decision-criteria framework. Seven decision criteria are specified — learner age and reading fluency, prior text-based exposure, target text language, instructor blockand-text dual familiarity, curriculum duration, classroom infrastructure, and parent-and-community Scratch-acceptance — each with definition, direction-of-effect on transition outcome, evidence anchors, threshold value, and failure mode if misapplied. The framework is engineered as a checklist that a curriculum designer can apply chapter-by-chapter rather than a global yes-or-no verdict. The framework is mapped onto two elixresearches textbook series: the From Scratch to Python (FS2P) series [9], which assumes Scratch entry and engineers an explicit transition, and the Python Pathway series, which skips Scratch entirely for a gifted-cohort target population. The synthesis is purposive, not exhaustive; validation comes from audit-loop review against the programme rubric, not from empirical trial. Three open questions are flagged for downstream Layer A research.",openalex,llm,0.860,unreviewed,
