status,title,authors,year,venue,doi,url,tags,abstract,provider,decision_source,llm_confidence,llm_review_outcome,llm_change_direction
discarded,Vehicle Sketch Pad: A Parametric Geometry Modeler for Conceptual Aircraft Design,Andrew Hahn,2010,48th AIAA Aerospace Sciences Meeting Including the New Horizons Forum and Aerospace Exposition,10.2514/6.2010-657,https://openalex.org/W2071124947,off-topic-false-hit,"The conceptual aircraft designer is faced with a dilemma, how to strike the best balance between productivity and fidelity?Historically, handbook methods have required only the coarsest of geometric parameterizations in order to perform analysis.Increasingly, there has been a drive to upgrade analysis methods, but these require considerably more precise and detailed geometry.Attempts have been made to use computer-aided design packages to fill this void, but their cost and steep learning curve have made them unwieldy at best.Vehicle Sketch Pad (VSP) has been developed over several years to better fill this void.While no substitute for the full feature set of computer-aided design packages, VSP allows even novices to quickly become proficient in defining three-dimensional, watertight aircraft geometries that are adequate for producing multi-disciplinary meta-models for higher order analysis methods, wind tunnel and display models, as well as a starting point for animation models.This paper will give an overview of the development and future course of VSP.Nomenclature ACSYNT = aircraft synthesis design program ASCII = American Standard Code for Information Interchange CAD = computer-aided design FLOPS = flight optimization system design program GUI = graphical user interface HWB = hybrid wing-body aircraft configuration RAM = Rapid Airplane Modeler program STOL = short takeoff and landing VSP = Vehicle Sketch Pad program I. IntroductionT HERE are three basic phases in aircraft design.They are: conceptual, preliminary, and detailed.Each design phase has characteristics that drive the tools and methods used as the design progresses.While it may be desirable to have the same suite of tools and methods spanning the design process, the widely varying characteristics of each of the phases makes this extremely difficult.For those organizations whose activities span all of these phases, there is a strong desire to have tools and methods that also span all of the phases, and this is most evident in the area of geometry definition.Many of the largest airframers have chosen to utilize computer-aided design (CAD) tools from the very start and use them all the way through to actual production.There are many benefits claimed for this approach, such as automated documentation of changes, reduction of errors, and improvements in communication with suppliers.It may also be argued that while this approach may be less optimal for any single design phase, the benefits over the lifecycle are worth the detriments in any individual phase.It is a matter of judgment as to whether this is true, but in those organizations whose activities do not span all of the design phases, this is certainly not true.The conceptual design phase has characteristics that make the use of CAD for geometry definition a non-optimal choice.Many of the strengths of CAD that make it beneficial in the preliminary and detailed design phases actually become either of little benefit or even hindrances in the conceptual design phase.After careful consideration of the available options, the Aeronautics Systems Analysis Branch at NASA Langley Research Center decided to embark on the development of a clean sheet approach to the problem of defining aircraft Aerospace Engineer, Aeronautics Systems Analysis Branch, Mail Stop 442, AIAA Member 193989.American Institute of Aeronautics and Astronautics geometries for use in the conceptual design phase.This paper highlights the development of Vehicle Sketch Pad (VSP), a geometry modeling program specifically designed for use in the aircraft conceptual design phase. II. Conceptual Design Phase CharacteristicsThe conceptual design phase is the earliest, and is in many ways the inverse of the detailed design phase.Conceptual design is very fluid, requiring numerous large geometry changes in order to explore a broad design space.In order to explore this space, the designer will need to interact with the model many times manually, as well as perhaps employ the use of optimization in order to quickly develop designs for comparison.Because of this, it is very important that the geometry be created and modified easily, with a minimum of parameters, in ways that do not yield nonsensical results.Also, the conceptual design phase has the least amount of information available, making it difficult to specify many aspects of the geometry in great detail.Frequently, only basic geometry is publicly available for existing aircraft in a particular class of interest, requiring the designers to use their experience in filling in information gaps when building validation models.Moreover, generation of the information necessary to define many details can be very time-consuming.Another characteristic of conceptual design is that the main goal is to perform analysis of alternatives in order to choose the best combination of configuration and technologies available.Because these choices generally have very large impacts on the design, the impacts of finer details are not discriminators.Spending a great deal of time or effort on characteristics that will not substantially change the outcome is not productive.The tools and methods generally used in this phase have a similar effect in that they do not operate on the high fidelity model directly, but instead require extraction of a meta-model, which is a new geometry of reduced complexity derived from the original.The very act of creating the meta-model tends to eliminate details that the analysis method is insensitive to, while retaining those details that it is sensitive to.This process tends to eliminate the impact of most fine details.Generally, the characteristics of the conceptual design phase require that modifying the geometry be easily accomplished, the geometry be amenable to optimization, and that the geometry has sufficient fidelity to perform analysis of alternatives, but does not need the high fidelity necessary in later phases of the design process.",openalex,llm,0.990,unreviewed,
discarded,Repair Is Nearly Generation: Multilingual Program Repair with LLMs,Harshit Joshi; José Cambronero Sánchez; Sumit Gulwani; Vu Le; Gust Verbruggen; Ivan Radiček,2023,Proceedings of the AAAI Conference on Artificial Intelligence,10.1609/aaai.v37i4.25642,https://openalex.org/W4382239980,adjacent-subtopic,"Most programmers make mistakes when writing code. Some of these mistakes are small and require few edits to the original program – a class of errors recently termed last mile mistakes. These errors break the flow for experienced developers and can stump novice programmers. Existing automated repair techniques targeting this class of errors are language-specific and do not easily carry over to new languages. Transferring symbolic approaches requires substantial engineering and neural approaches require data and retraining. We introduce RING, a multilingual repair engine powered by a large language model trained on code (LLMC) such as Codex. Such a multilingual engine enables a flipped model for programming assistance, one where the programmer writes code and the AI assistance suggests fixes, compared to traditional code suggestion technology. Taking inspiration from the way programmers manually fix bugs, we show that a prompt-based strategy that conceptualizes repair as localization, transformation, and candidate ranking, can successfully repair programs in multiple languages with minimal effort. We present the first results for such a multilingual repair engine by evaluating on 6 different languages and comparing performance to language-specific repair engines. We show that RING can outperform language-specific repair engines for three of these languages.",openalex,llm,0.860,unreviewed,
discarded,EXPERTISE IN DEBUGGING COMPUTER PROGRAMS,Iris Vessey,1984,Faculty Digital Archive (New York University Florence),,https://openalex.org/W2133737484,adjacent-subtopic,"This paper reports the results of an exploratory study that investigated expert and novice debugging processes with the aim of contributing to a general theory of programming expertise. The method used was verbal protocol analysis. Data was collected from sixteen programmers employed by the same organization. First, an expert-novice classification of subjects was derived from information based on subjects’ problem solving processes; the criterion of expertise was the subjects' ability to effectively chunk the program they were required to debug. Then, significant differences in subjects’ approaches to debugging were used to characterize programmers' debugging strategies. Comparisons of these strategies with the expert-novice classification showed programmer expertise based on chunking ability to be strongly related to debugging strategy. The following strategic propositions were identified for further testing: 1. (a) Experts use breadth-first approaches to debugging and, at the same time, adopt a system view of the problem area. (b) Experts are proficient at chunking programs and hence display smooth-flowing approaches to debugging. 2. (a) Novices use breadth-first approaches to debugging but are deficient in their ability to think in system terms. (b) Novices use depth-first approaches to debugging. (c) Novices are less proficient at chunking programs and hence display erratic approaches to debugging.",openalex,llm,0.820,unreviewed,
discarded,The atomic simulation environment—a Python library for working with atoms,Ask Hjorth Larsen; Jens Jørgen Mortensen; Jakob Blomqvist; Ivano E. Castelli; Rune Christensen; Marcin Dułak; Jesper Friis; Michael N. Groves; Bjørk Hammer; Cory Hargus; Eric Hermes; Paul C. Jennings; Peter Bjerre Jensen; James R. Kermode; John R. Kitchin; Esben L. Kolsbjerg; Joseph Kubal; Kristen Kaasbjerg; Steen Lysgaard; Jón Bergmann Maronsson; Tristan Maxson; Thomas Olsen; Lars Pastewka; Andrew A. Peterson; C. Rostgaard; Jakob Schiøtz; Ole Schütt; Mikkel Strange; Kristian S. Thygesen; Tejs Vegge; Lasse B. Vilhelmsen; Michael Walter; Zhenhua Zeng; Karsten W. Jacobsen,2017,Journal of Physics Condensed Matter,10.1088/1361-648x/aa680e,https://openalex.org/W2601081289,off-topic-false-hit,"The atomic simulation environment (ASE) is a software package written in the Python programming language with the aim of setting up, steering, and analyzing atomistic simulations. In ASE, tasks are fully scripted in Python. The powerful syntax of Python combined with the NumPy array library make it possible to perform very complex simulation tasks. For example, a sequence of calculations may be performed with the use of a simple 'for-loop' construction. Calculations of energy, forces, stresses and other quantities are performed through interfaces to many external electronic structure codes or force fields using a uniform interface. On top of this calculator interface, ASE provides modules for performing many standard simulation tasks such as structure optimization, molecular dynamics, handling of constraints and performing nudged elastic band calculations.",openalex,llm,0.980,unreviewed,
discarded,Characterizing the pedagogical benefits of adaptive feedback for compilation errors by novice programmers,Umair Z. Ahmed; Nisheeth Srivastava; Renuka Sindhgatta; Amey Karkare,2020,,10.1145/3377814.3381703,https://openalex.org/W3043358777,adjacent-subtopic,"Can automated adaptive feedback for correcting erroneous programs help novice programmers learn to code better? In a large-scale experiment, we compare student performance when tutored by human tutors, and when receiving automated adaptive feedback. The automated feedback was designed using one of two well-known instructional principles: (i) presenting the correct solution for the immediate problem, or (ii) presenting generated examples or analogies that guide towards the correct solution. We report empirical results from a large-scale (N = 480, 10,000 + person hour) experiment assessing the efficacy of these automated compilation-error feedback tools. Using the survival analysis on error rates of students measured over seven weeks, we found that automated feedback allows students to resolve errors in their code more efficiently than students receiving manual feedback. However, we also found that this advantage is primarily logistical and not conceptual; the performance benefit seen during lab assignments disappeared during exams wherein feedback of any kind was withdrawn. We further found that the performance advantage of automated feedback over human tutors increases with problem complexity, and that feedback via example and specific repair have distinct, non-overlapping relative advantages for different categories of programming errors. Our results offer a clear and granular delimitation of the pedagogical benefits of automated feedback in teaching programming to novices.",openalex,llm,0.860,unreviewed,
discarded,What do we want from Explainable Artificial Intelligence (XAI)? – A stakeholder perspective on XAI and a conceptual model guiding interdisciplinary XAI research,Markus Langer; Daniel Oster; Timo Speith; Holger Hermanns; Lena Kästner; Eva Schmidt; Andreas Sesing-Wagenpfeil; Kevin Baum,2021,Artificial Intelligence,10.1016/j.artint.2021.103473,https://openalex.org/W3131457744,off-topic-false-hit,"Previous research in Explainable Artificial Intelligence (XAI) suggests that a main aim of explainability approaches is to satisfy specific interests, goals, expectations, needs, and demands regarding artificial systems (we call these stakeholders' desiderata) in a variety of contexts. However, the literature on XAI is vast, spreads out across multiple largely disconnected disciplines, and it often remains unclear how explainability approaches are supposed to achieve the goal of satisfying stakeholders' desiderata. This paper discusses the main classes of stakeholders calling for explainability of artificial systems and reviews their desiderata. We provide a model that explicitly spells out the main concepts and relations necessary to consider and investigate when evaluating, adjusting, choosing, and developing explainability approaches that aim to satisfy stakeholders' desiderata. This model can serve researchers from the variety of different disciplines involved in XAI as a common ground. It emphasizes where there is interdisciplinary potential in the evaluation and the development of explainability approaches.",openalex,llm,0.990,unreviewed,
kept,Salient elements in novice solutions to code writing problems,Jacqueline Whalley; Tony Clear; Phil Robbins; Errol Thompson,2011,Tuwhera (Auckland University of Technology),,https://openalex.org/W1583270711,supports-claim,"This paper presents an approach to the evaluation of novice programmers' solutions to code writing problems. The first step was the development a framework comprised of the salient elements, or programming constructs, used in a set of student solutions to three typical code writing assessment problems. This framework was then refined to provide a code quality factor framework that was compared with an analysis using the SOLO taxonomy. We found that combining our framework with the SOLO taxonomy helped to define the SOLO categories and provided an improved approach to applying the principles of SOLO to code writing problems.",openalex,llm,0.880,unreviewed,
discarded,Computer Science Curricula 2013: Curriculum Guidelines for Undergraduate Degree Programs in Computer Science,Mehran Sahami; Steve Roach; Ernesto Cuadros-Vargas; Andrea Danyluk; Ronald Dodge; Kathleen Fisher; Robert France; Dan Grossman; Beth Hawthorne; Randy Katz; Amruth Kumar; Rich LeBlanc; Dave Reed; Brian H. Robinson; Remzi Seker; Alfred Thompson,2013,,10.1145/2534860,https://openalex.org/W2128886782,adjacent-subtopic,"White S and Vafopoulos M Web Science: Expanding the Notion of Computer Science, SSRN Electronic Journal, 10.2139/ssrn.1919393",openalex,llm,0.910,unreviewed,
discarded,A Think-Aloud Study of Novice Debugging,Jacqueline Whalley; Amber Settle; Andrew Luxton-Reilly,2023,ACM Transactions on Computing Education,10.1145/3589004,https://openalex.org/W4361271907,adjacent-subtopic,"Debugging is a core skill required by programmers, yet we know little about how to effectively teach the process of debugging. The challenges of learning debugging are compounded for novices who lack experience and are still learning the tools they need to program effectively. In this work, we report a case study in which we used a think-aloud protocol to gain insight into the behaviour of three students engaged in debugging tasks. Our qualitative analysis reveals a variety of helpful practices and barriers that limit the effectiveness of debugging. We observe that comprehension, evidence-based activities, and workflow practices all contribute to novice debugging success. Lack of sustained effort, precision, and methodical processes negatively impact debugging effectiveness. We anticipate that understanding how students engage in debugging tasks will aid future work to address ineffective behaviours and promote effective debugging activities.",openalex,llm,0.840,unreviewed,
discarded,Measurements of program similarity in identical task environments,Hal Berghel; David L. Sallach,1984,ACM SIGPLAN Notices,10.1145/988241.988245,https://openalex.org/W1976892921,adjacent-subtopic,"This paper summarizes the results of a study which compared the efficiency of two methods of measuring program similarity in the context of novice programmers trying to reach identical objectives. Both methods look for similarity by comparing 'program profiles'. Such profiles are created by feature extraction routines which map each program onto a tuple 1 , f 2 ,..., f n > where each f i is a count of an occurrence of a particular feature. A comparison routine is then invoked which detects similarities between tuples. The results showed that in this environment the comparison routine based on the Halstead metric failed to perform as well as a conceptually simpler alternative.",openalex,llm,0.850,unreviewed,
discarded,UMLAUT: Debugging Deep Learning Programs using Program Structure and Model Behavior,Eldon Schoop; Forrest Huang; Bjoern Hartmann,2021,,10.1145/3411764.3445538,https://openalex.org/W3160349922,adjacent-subtopic,"Training deep neural networks can generate non-descriptive error messages or produce unusual output without any explicit errors at all. While experts rely on tacit knowledge to apply debugging strategies, non-experts lack the experience required to interpret model output and correct Deep Learning (DL) programs. In this work, we identify DL debugging heuristics and strategies used by experts, andIn this work, we categorize the types of errors novices run into when writing ML code, and map them onto opportunities where tools could help. We use them to guide the design of Umlaut. Umlaut checks DL program structure and model behavior against these heuristics; provides human-readable error messages to users; and annotates erroneous model output to facilitate error correction. Umlaut links code, model output, and tutorial-driven error messages in a single interface. We evaluated Umlaut in a study with 15 participants to determine its effectiveness in helping developers find and fix errors in their DL programs. Participants using Umlaut found and fixed significantly more bugs and were able to implement fixes for more bugs compared to a baseline condition.",openalex,llm,0.790,unreviewed,
kept,STREAM,Michael E. Caspersen; Michael Kölling,2009,ACM Transactions on Computing Education,10.1145/1513593.1513597,https://openalex.org/W2097910337,supports-claim,"Programming is recognized as one of seven grand challenges in computing education. Decades of research have shown that the major problems novices experience are composition-based---they may know what the individual programming language constructs are, but they do not know how to put them together. Despite this fact, textbooks, educational practice, and programming education research hardly address the issue of teaching the skills needed for systematic development of programs. We provide a conceptual framework for incremental program development, called Stepwise Improvement, which unifies best practice in modern software development such as test-driven development and refactoring with the prevailing perspective of programming methodology, stepwise refinement. The conceptual framework enables well-defined characterizations of incremental program development. We utilize the conceptual framework to derive a programming process, STREAM, designed specifically for novices. STREAM is a carefully down-scaled version of a full and rich agile software engineering process particularly suited for novices learning object-oriented programming. In using it we hope to achieve two things: to help novice programmers learn faster and better while at the same time laying the foundation for a more thorough treatment of more advanced aspects of software engineering. In this article, two examples demonstrate the application of STREAM. The STREAM process has been taught in the introductory programming courses at our universities for the past three years and the results are very encouraging. We report on a small, preliminary study evaluating the learning outcome of teaching STREAM. The study indicates a positive effect on the development of students’ process competences.",openalex,llm,0.900,unreviewed,
