status,title,authors,year,venue,doi,url,tags,abstract,provider,decision_source,llm_confidence,llm_review_outcome,llm_change_direction
kept,Towards Data-Driven Learning Paths to Develop Computational Thinking with Scratch,JesÚs Moreno-LeÓn; Gregorio Robles; Marcos RomÁn-GonzÁlez,2020,IEEE Transactions on Emerging Topics in Computing,10.1109/TETC.2017.2734818,https://ieeexplore.ieee.org/document/7999170/,supports-claim,"With the introduction of computer programming in schools around the world, a myriad of guides are being published to support educators who are teaching this subject, often for the first time. Most of these books offer a learning path based on the experience of the experts who author them. In this paper we propose and investigate an alternative way of determining the most suitable learning paths by analyzing projects developed by learners hosted in public repositories. Therefore, we downloaded 250 projects of different types from the Scratch online platform, and identified the differences and clustered them based on a quantitative measure, the computational thinking score provided by Dr. Scratch. We then triangulated the results by qualitatively studying in detail the source code of the prototypical projects to explain the progression required to move from one cluster to the next one. The result is a data-driven itinerary that can support teachers and policy makers in the creation of a curriculum for learning to program. Aiming to generalize this approach, we discuss a potential recommender tool, populated with data from public repositories, to allow educators and learners creating their own learning paths, contributing thus to a personalized learning connected with students' interests.",ieee,llm,0.870,unreviewed,
discarded,Development of a video game that teaches the fundamentals of computer programming,Matthew Ventura; John Ventura; Chad Baker; Grant Viklund; Randall Roth; Jonas Broughman,2015,SoutheastCon 2015,10.1109/SECON.2015.7133047,https://ieeexplore.ieee.org/document/7133047/,adjacent-subtopic,"In this paper we present CodeCraft, an educational video game we are developing to teach the fundamentals of computer programming. Similar to other educational tools such as Scratch, Alice, Project Spark, and Code Spells; CodeCraft provides users with an intuitive graphical interface for writing programs. However, CodeCraft is a video game that uses a problem-based learning approach in which players learn programming concepts by solving individual puzzles in an immersive 3D environment. Moreover, CodeCraft is intended to be an autonomous learning game that can be played without teacher support, thereby potentially reaching students in all economic, ethnic, and gender groups. Using an iterative development process and evidence-centered design, this work proposes to further develop CodeCraft and evaluate how it can improve performance in acquiring programming skills.",ieee,llm,0.970,unreviewed,
discarded,Game design workshop to develop computational thinking skills in teenagers with Autism Spectrum Disorders,Roberto Munoz; Thiago S. Barcelos; Rodolfo Villarroel; Ismar Frango Silveira,2016,2016 11th Iberian Conference on Information Systems and Technologies (CISTI),10.1109/CISTI.2016.7521416,https://ieeexplore.ieee.org/document/7521416/,adjacent-subtopic,"Computational Thinking (CT) has been described as the use of abstraction, automation and analysis skills for problem solving, thus becoming a set of fundamental skills for the 21st century. Many initiatives have emerged to promote early development of CT skills. However, to date, there are no studies in which CT is developed in minority groups, such as individuals with Autism Spectrum Disorders. In this paper we present the design and evaluation of a Game Design Workshop aimed at teenagers with Autism Spectrum Disorders. An analysis of the artifacts produced by the participants of a pilot offering of the workshop was performed using a rubric for CT skills acquisition. The results showed that the participants, all of them with high-functioning autism and no previous experience with programming, acquired intermediate level skills related to CT.",ieee,llm,0.900,unreviewed,
discarded,Scratch4All Project - Educate for an All-inclusive Digital Society,Verónica Vasconcelos; Ricardo Almeida; Luís Marques; Emília Bigotte,2023,2023 32nd Annual Conference of the European Association for Education in Electrical and Information Engineering (EAEEIE),10.23919/EAEEIE55804.2023.10182189,https://ieeexplore.ieee.org/document/10182189/,adjacent-subtopic,"Computational thinking is a fundamental competence for the 21st century. It refers to a set of capacities and skills that can be stimulated to facilitate the teaching-learning process in a wide range of fields, including Science, Technology, Engineering and Mathematics (STEM). Experts in information technology argue that the earlier children are exposed to programming through digital platforms appropriate for their age, the easier it will be for them to assimilate their concepts in the future. This effort should be continued throughout the educational stages of children and youth to increase students' interest in pursuing STEM studies and careers.This paper describes the Scratch4All project promoted by the consortium CASPAE (a Private Social Solidarity Institution) and Inova-Ria, with technical assistance from professors at the public higher education institution Coimbra Institute of Engineering. Scratch4All Project includes the activities Scratch on Road, Programming and Robotics Lab, and the Scratch4All Digital Platform. According to the impact assessment for the school year 2020-2021, the Scratch4All project promotes school success and true equality in access to new technologies for students in the 1st, 2nd, and 3rd cycles of elementary school, developing essential skills for their academic and professional future such as computational thinking, STEM competencies and social skills. By encouraging young girls to participate in technological projects, this project also aims to combat gender stereotypes.",ieee,llm,0.960,unreviewed,
discarded,Hyper Pictoch: Development of a Block-based Pictogram Creation Environment for Fostering Computational Thinking,Kazunari Ito,2026,2026 23rd International Joint Conference on Computer Science and Software Engineering (JCSSE),10.1109/JCSSE68839.2026.11596749,https://ieeexplore.ieee.org/document/11596749/,adjacent-subtopic,"Fostering Computational Thinking (CT) in novice learners often faces challenges related to the gap between abstract code and concrete understanding. To address this, we propose Hyper Pictoch, a block-based programming environment for creating animated pictograms. The system uses the human body and ISO-standardized signs as primary design objects, aiming to support body-syntonic learning in which CT concepts such as sequencing and concurrency can be related to learners’ physical experience. Hyper Pictoch integrates key CT components (abstraction, decomposition, pattern recognition, and algorithms) with visual literacy by treating code as a medium for information design. In addition, industrial-standard constraints guide learners toward algorithmic thinking and creative problem-solving within limited design spaces. This paper details the design and specifications of the system and discusses its pedagogical significance from the perspectives of embodied cognition and computational literacy.",ieee,llm,0.820,unreviewed,
discarded,Analyzing the Impact of Computer Science Workshops on Middle School Teachers,Isabel Morais; Mayra S. Bachrach,2019,2019 IEEE Integrated STEM Education Conference (ISEC),10.1109/ISECon.2019.8882115,https://ieeexplore.ieee.org/document/8882115/,adjacent-subtopic,"Computational thinking and computer science are instrumental in learning how to creatively solve problems and develop thought out solutions. Over the years, workshops have been held to provide high school teachers the ability to teach high school students computer science, however not much has been done for middle school teachers. Funded by Google, the three day CS Educator Professional Development Workshop for Middle School Teachers at Kean University brought together teachers to learn about key computer science concepts and work with tools that were previously not known to them, such as Scratch, the Makey Makey tool kit, and the Cue robot. The results of this research find that middle school teachers need access to curriculum materials and digital tools in order to successfully teach computer science to their students. Furthermore, more work should be done to get middle school teachers access to materials and lesson plans aimed at teaching middle school students.",ieee,llm,0.970,unreviewed,
discarded,Automatic detection of bad programming habits in scratch: A preliminary study,Jesús Moreno; Gregorio Robles,2014,2014 IEEE Frontiers in Education Conference (FIE) Proceedings,10.1109/FIE.2014.7044055,https://ieeexplore.ieee.org/document/7044055/,adjacent-subtopic,"Using the Scratch environment as a tool to teach programming skills or develop computational thinking is increasingly common in all levels of education, well-documented case studies from primary school to university can be found. However, there are reports that indicate that students learning to program in this environment show certain habits that are contrary to the basic programming recommendations. In our work as instructors with high school students, we have detected these and other bad practices, such as the repetition of code and object naming, on a regular basis. This paper focuses on verifying whether these issues can generally be found in the Scratch community, by analyzing a large number of projects available on the Scratch community website. To test this hypothesis, we downloaded 100 projects and analyzed them with two plug-ins we developed to automatically detect these bad practices. The plug-ins extend the functionality of the Hairball tool, a static code analyzer for Scratch projects. The results obtained show that, in general, projects in the repository also incur in the investigated malpractices. Along with suggestions for future work, some ideas that might assist to address such situations are proposed in the conclusions of the paper.",ieee,llm,0.950,unreviewed,
discarded,Promoting K-12 Computer Science Education : A Computational Thinking Partnership Project,Jiang Li; Jennifer Cuddapah; Marisel Torres-Crespo; Ann Stewart; Anthony Williams,2023,"2023 Congress in Computer Science, Computer Engineering, & Applied Computing (CSCE)",10.1109/CSCE60160.2023.00175,https://ieeexplore.ieee.org/document/10487240/,adjacent-subtopic,"This paper describes a collaborative project that was conducted to promote Computer Science (CS) and Computational Thinking (CT) Education among pre-service and in-service teachers as well as Teacher Preparation Faculty. More than 40 pre-service and in-service teachers and 9 Education faculty members from three schools participated in a learning experience designed to address the K-12 Computer Science Framework [1] and Maryland's K-12 Computer Science Standards. The collaboration was designed to develop CS/CT knowledge, understanding, skills and application among participants. In phase one of the project, pre-service and in-service teachers explored CS educational hard/software platforms and used open-source sites such as Sphero Edu, Wonder Workshop, Scratch and Code.org. They envisioned how activities apply to K-8 classrooms, and they worked collaboratively to design a problem-based project for their own students. In phase two of the project, teacher preparation faculty were trained to integrate CS and CT into several preservice courses as well as build into the coursework sequence meaningful experiences that would expose future teachers to CS and CT knowledge and skills so that they could then incorporate these into their own K-8 lesson plans. Project evaluation included formative and summative assessments to examine changes in content and pedagogical knowledge. The feedback from the participants shows positive results.",ieee,llm,0.940,unreviewed,
kept,DWES: A Dynamic Weighted Evaluation System for Scratch based on Computational Thinking,Xiaolin Chai; Yan Sun; Hong Luo; Mohsen Guizani,2022,IEEE Transactions on Emerging Topics in Computing,10.1109/TETC.2020.3044588,https://ieeexplore.ieee.org/document/9321708/,supports-claim,"Scratch is a programming environment, which is widely adopted as the first language to enter the programming world. Since Scratch projects are rich in multimedia resources, it can be time-consuming to judge them by hand, requiring manual execution with the understanding of each project. Auto-judgment tools come into being, they can rapidly evaluate the project in some way. Unfortunately, the existing tools are too rigid and they ignore the diversity of Scratch projects. To address this issue, we propose a new dynamic weighted evaluation system (DWES). First, we define a new computational thinking (CT) evaluation criteria from eight aspects. Second, based on the proposed criteria, we present an analysis tool that automatically assesses the CT skills of the learners’ projects. Third, considering the characteristics of projects, we dynamically adjust the evaluation results according to types, so that a single standard is no longer applied roughly to all. This process is data-driven, we consider the CT performance and scripts of projects. We prove the rationality of the evaluation criteria from the aspect of program complexity. Through the correlation analysis between DWES CT scores and experts’ ratings, we find that compared with Dr. Scratch, the correlation coefficient has increased.",ieee,llm,0.820,unreviewed,
discarded,Promoting Teaching Self-efficacy in Computational Thinking of School Teachers,Ming Zhao; Mei Zhao; Xiao-Hong Wang; Hong-Liang Ma,2020,2020 Ninth International Conference of Educational Innovation through Technology (EITT),10.1109/EITT50754.2020.00048,https://ieeexplore.ieee.org/document/9320743/,adjacent-subtopic,"Computational Thinking (CT), one of the necessary and fundamental skills for students in the 21st century, is gaining more attention in K-12. The premise of integrating CT with other subjects is to promote school teachers with high self-efficacy in CT. Towards this, we developed a three-week Scratch online professional development(PD) course based on MIT CT framework, then implemented an online training among 84 primary and secondary school teachers from different subjects including Chinese, Mathematics, English, and Computer Science. To examine the effect of its impact on teachers' self-efficacy in CT, a quasi-experiment method of a single group pretest-posttest was conducted, and quantitative and qualitative data were collected from scales, artifacts, and interviews. The results revealed that the online PD course significantly improved teaching self-efficacy in CT of these teachers. The findings indicated that online PD integrated with MIT CT framework through block-based programming was a potential approach to effectively promote teaching self-efficacy in CT for primary and secondary school teachers.",ieee,llm,0.880,unreviewed,
discarded,Assessing the Readiness of Pre-Service Mathematics Teachers in Utilizing the Scratch Application: A Case Study at Universiti Teknologi Malaysia,Nurain Nadhirah Mohamad; Abdul Halim Abdullah; Mohd Hilmi Hamzah,2024,2024 IEEE Frontiers in Education Conference (FIE),10.1109/FIE61694.2024.10893419,https://ieeexplore.ieee.org/document/10893419/,adjacent-subtopic,"This research-to-practice full paper describes the readiness of pre-service mathematics teachers to incorporate Scratch, a block-based programming application, into mathematics instruction, focusing on their knowledge, skills, and attitudes. Given the rapid technological advancements, leveraging technology in mathematics education is crucial in fostering proficient problem-solving abilities among students. Consequently, computational thinking is recognized as a vital 21st-century competency, a transferable skill for effective problem-solving methods. The study underscores the importance of integrating Scratch, a supportive tool in computational thinking, into mathematics education. However, to integrate this application into mathematics education, pre-service teachers must be prepared to acquire the necessary knowledge and skills and to be ready to accept its use in teaching in the future. The construction of knowledge by pre-service mathematics teachers regarding the Scratch application is examined through the lens of social constructivism, which emphasizes knowledge construction through experience and social interaction. A purposive sample of 60 first- and second-year students participated in an online survey. The sample selection involving two groups aimed to identify significant differences in pre-service teachers' readiness levels across gender, study year, and academic achievement. The findings revealed limited proficiency among pre-service mathematics teachers in utilizing Scratch, particularly regarding its integration into mathematics instruction. Several factors contribute to the deficiency in skills among pre-service mathematics teachers in navigating the Scratch application, including requiring additional time to grasp the programming language employed in the application, challenges in arranging blocks to achieve desired outputs, and struggles in rectifying syntax errors. However, there was a positive attitude towards the application, indicating a strong inclination to enhance their skills. The study also found no significant differences in demographic variables such as gender, study year, or academic achievement, but a slight correlation exists between knowledge, attitudes, and academic achievement. Investigating pre-service teachers' readiness to integrate Scratch into mathematics instruction sheds light into the intersection between mathematics pedagogy and computational thinking. This intersection underscores the importance of integrating programming tools like Scratch into mathematics education to cultivate computational thinking skills. Additionally, the findings contribute to the broader discourse on the role of technology in education and highlight the need for enhanced training and support for pre-service teachers in leveraging technology effectively for instructional purposes.",ieee,llm,0.960,unreviewed,
discarded,Unplugged Computing as an Introductory Strategy for Teaching Block-Based Programming Using the NAO Humanoid Robot,Raul Benites Paradeda; Jean Marota da Silva; Evelyn Maria da Conceição; Guilherme de Sousa Lacerda; Guilherme De Holanda Soares; Luiziane Paulino dos Santos,2026,2026 Brazilian Conference on Robotics (CROS),10.1109/CROS69211.2026.11565664,https://ieeexplore.ieee.org/document/11565664/,adjacent-subtopic,"This study investigates whether an unplugged computing activity using physical command blocks benefits novices when programming a humanoid robot through a block-based environment. A quasi-experimental study was conducted during a scientific outreach event, comparing two conditions: with and without an unplugged introductory stage. Participants programmed a NAO humanoid robot using a TurboWarp-based visual interface. The results show a statistically significant difference in system usability, with higher System Usability Scale scores in the unplugged condition (p < 0.05, r = 0.34). No significant differences were found in perceived learning or self-reported confidence. Participants highlighted the physical interaction with the robot and the intuitiveness of the interface as key aspects of the experience. These findings suggest that unplugged computing mainly enhances perceived usability and onboarding quality, rather than producing measurable short-term gains in learning or confidence in non-formal educational contexts.",ieee,llm,0.970,unreviewed,
discarded,WIP: Teaching Basic Concepts of Quantum Computing Using Scratch,Carlos Rosa-Remedios; Pino Caballero-Gil; Daniel Escanez-Exposito,2024,2024 IEEE Frontiers in Education Conference (FIE),10.1109/FIE61694.2024.10893288,https://ieeexplore.ieee.org/document/10893288/,adjacent-subtopic,"This work-in-progress research paper presents an innovative learning methodology based on gamification and the concept of “building your own knowledge” to motivate and spark students' interest in quantum computing. Using the Scratch platform with younger high school students, basic quantum computing principles are taught through interactive mini-games, focusing on concepts like superposition and entanglement. For older students, a more formal methodology is proposed that uses the Bloch Sphere representation via the CreatiCode platform. This paper discusses an implementation of the proposal with high school groups, including statistical analysis and feedback collection to assess concept acquisition, strengths, weaknesses and student satisfaction. Data is gathered through questionnaires and interviews, enabling comparison with external test groups for comprehensive evaluation. This approach integrates computational thinking, gamification and visual knowledge construction, aligning with STEM education principles and fostering knowledge retention.",ieee,llm,0.950,unreviewed,
