status,title,authors,year,venue,doi,url,tags,abstract,provider,decision_source,llm_confidence,llm_review_outcome,llm_change_direction
discarded,Designing Animation Programs for Teaching and Learning Programming by Following Principles of Multimedia Learning,Tlou J Ramabu; Ian Sanders; Marthie Schoeman,2025,2025 IST-Africa Conference (IST-Africa),10.23919/IST-Africa67297.2025.11060516,https://ieeexplore.ieee.org/document/11060516/,adjacent-subtopic,"There are many animation programs for teaching and learning programming concepts. There is, however, a lack of rigorous guidelines or a concrete basis for developing such animation programs. As a result, the use of such animation programs in teaching and learning can be detrimental to learning. This is because random design of the animation programs can do more harm than good in the purpose they have been designed for. The objective of this paper is to address the limitations of existing animation programs and demonstrate a way of designing animation programs. The main aspects of the methodology are literature review and application of Mayer's 12 principles of multimedia learning when designing animation programs for teaching and learning to program. We have designed and tested such animation programs and found them effective in teaching and learning. However, the focus of this paper is on the design principles of such animation programs.",ieee,llm,0.880,unreviewed,
discarded,An Approach to Concurrent Control Flow Checking,S.S. Yau; Fu-Chung Chen,1980,IEEE Transactions on Software Engineering,10.1109/TSE.1980.234478,https://ieeexplore.ieee.org/document/1702710/,off-topic-false-hit,"A control flow checking scheme capable of detecting control flow errors of programs resulting from software coding errors, hardware malfunctions, or memory mutilation during the execution of the program is presented. In this approach, the program is partitioned into loop-free intervals and a database containing the path information in each of the loop-free intervals is derived from the detailed design. The path in each loop-free interval actually traversed at run time is recorded and then checked against the information provided in the database, and any discrepancy indicates an error. This approach is general, and can detect all uncompensated illegal branches. Any uncompensated error that occurs during the execution of a loop-free interval and manifests itself as a wrong branch within the loop-free interval or right after the completion of execution of the loop-free interval is also detectable. The approach can also be used to check the control flow in the testing phase of program development. The capabilities, limitations, implementation, and the overhead of using this approach are discussed.",ieee,llm,0.970,unreviewed,
discarded,Value-Based Constraint Control Flow Integrity,Dongjae Jung; Minsu Kim; Jinsoo Jang; Brent Byunghoon Kang,2020,IEEE Access,10.1109/ACCESS.2020.2980026,https://ieeexplore.ieee.org/document/9032089/,off-topic-false-hit,"Control flow integrity (CFI) is a generic technique that prevents a control flow hijacking attacks by verifying the legitimacy of indirect branches against a predefined set of targets. State-of-the-art CFI solutions focus on reducing the number of targets using the context of a program such as the path to the indirect branch and the origin of the code pointer. However, these solutions work with an impractical assumption that the attacker only compromises control data; non-control data such as condition data that can also be abused by attackers are not considered. To overcome these limitations, in this paper, we propose value-based constraint CFI (vCFI) to improve the effectiveness of CFI by retrieving and protecting all data that can potentially be manipulated for control flow hijacking. We first perform static analysis such as dependency, condition, and data analyses to derive all control flow-related data. Then, vCFI protects these data during runtime by instrumenting a program to be hardened. We implemented vCFI as a compiler extension and evaluated its performance using SPEC CPU2006. The performance degradation caused by adopting vCFI was reasonable, and the average overhead was 13.6%.",ieee,llm,0.990,unreviewed,
kept,Computation of dynamic program slices for unstructured programs,B. Korel,1997,IEEE Transactions on Software Engineering,10.1109/32.581327,https://ieeexplore.ieee.org/document/581327/,qualifies-claim,"A dynamic program slice is an executable part of the program whose behaviour is identical, for the same program input, to that of the original program with respect to a variable(s) of interest at some execution position. The existing algorithms of dynamic slice computation use data and control dependencies to compute dynamic slices. These algorithms are limited to structured programs because they may compute incorrect dynamic slices for unstructured programs, due to the limitations of control dependencies that are used to compute dynamic slices. In this paper, we present a novel approach to dynamic slice computation for unstructured programs. The approach employs the notion of a removable block in finding dynamic program slices. Dynamic slices are derived by identifying not only those parts of program execution that contribute to the computation of the value of a variable of interest, but also those parts of program execution that do not contribute to the computation of the variable value. Data dependencies are used to identify contributing computations, whereas removable blocks are used to identify noncontributing computations. We have proved that the presented dynamic slicing algorithms correctly compute dynamic slices. In addition, these algorithms may compute more accurate dynamic slices compared to existing algorithms that use control dependencies. The presented algorithms have been implemented in a tool that supports dynamic slicing for Pascal programs.",ieee,llm,0.750,unreviewed,
discarded,One for All and All for One: GNN-based Control-Flow Attestation for Embedded Devices,Marco Chilese; Richard Mitev; Meni Orenbach; Robert Thorburn; Ahmad Atamli; Ahmad-Reza Sadeghi,2024,2024 IEEE Symposium on Security and Privacy (SP),10.1109/SP54263.2024.00251,https://ieeexplore.ieee.org/document/10646720/,off-topic-false-hit,"Control-Flow Attestation (CFA) is a security service that allows an entity (verifier) to verify the integrity of code execution on a remote computer system (prover). Existing CFA schemes suffer from impractical assumptions, such as requiring access to the prover’s internal state (e.g., memory or code), the complete Control-flow graph (CFG) of the prover’s software, large sets of measurements, or tailor-made hardware. Moreover, current CFA schemes are inadequate for attesting embedded systems due to their high computational overhead and resource usage.In this paper, we overcome the limitations of existing CFA schemes for embedded devices by introducing RAGE, a novel, lightweight CFA approach with minimal requirements. RAGE can detect Code Reuse Attacks (CRA), including control-and non-control-data attacks. It efficiently extracts features from one execution trace and leverages Unsupervised Graph Neural Networks (GNNs) to identify deviations from benign executions. The core intuition behind RAGE is to exploit the correspondence between execution trace, execution graph, and execution embeddings to eliminate the unrealistic requirement of having access to a complete CFG.We evaluate RAGE on embedded benchmarks and demonstrate that (i) it detects 40 real-world attacks on embedded software; (ii) Further, we stress our scheme with synthetic returnoriented programming (ROP) and data-oriented programming (DOP) attacks on the real-world embedded software benchmark Embench, achieving 98.03% (ROP) and 91.01% (DOP) F1-Score while maintaining a low False Positive Rate of 3.19%; (iii) Additionally, we evaluate RAGE on OpenSSL, used by millions of devices and achieve 97.49% and 84.42% F1-Score for ROP and DOP attack detection, with an FPR of 5.47%.",ieee,llm,0.980,unreviewed,
discarded,Malware Detection Using Control Flow Graphs,Pradeep Kumar Tiwari,2024,"2024 2nd International Conference on Device Intelligence, Computing and Communication Technologies (DICCT)",10.1109/DICCT61038.2024.10532908,https://ieeexplore.ieee.org/document/10532908/,off-topic-false-hit,"Malicious programs invade user privacy by spying on their activities, even software from well-known sources like Google or Sony might engage in undesired actions. Unfortunately, current methods for detecting malware and examining unfamiliar code have notable limitations. To tackle this issue, we propose a system that identifies and analyzes malware by capturing this essential behavior. We generated call flow graphs of the executables in each category. The CFGs from each of the know good application is accounted alongside the CFGs of the bad application. In this approach the assumption from the dataset is that the application exhibits the same behavior after each new spawn. The test application is exposed to both the call graph sequences and any deviation in the behavior the program of similar category may potentially indicate a data leakage. Our approach resulted in the detection of malwares by utilizing the CFG converted vectors as a feature for classification algorithms. We utilized the open-source dataset API-Mal Detect for our analysis which consisted of 2570 windows executables with half of them being malwares. Our technique of malware detection resulted in the detection accuracy of up to 95 %. Also, in the 527 test cases of applications, 40% cases of the data leakages were found using this technique.",ieee,llm,0.990,unreviewed,
discarded,Knowledge Tracing Modeling Method for Programming Task,Zhenyi Wu; Jianbo Jiang; Junyu Lu; Yu Su; Qi Mo; Shuting Li,2023,2023 3rd International Symposium on Computer Technology and Information Science (ISCTIS),10.1109/ISCTIS58954.2023.10213000,https://ieeexplore.ieee.org/document/10213000/,adjacent-subtopic,"Knowledge Tracing is used to assess student learning progress and predict student performance. It analyzes the student's learning history to infer the degree to which the student has mastered the knowledge points. Existing knowledge tracking models often have various limitations. First, most knowledge tracking models take question number and student's binary answer as the input mode, ignoring other information of the student's answer, and second, most KT models are based on few attempts, so the current KT model cannot adapt to More complex answering situations in multiple task. This paper studies the KT model in the field of computer education. By analyzing the characteristics of the programming task KT data set, a modeling method for programming task is proposed. First, we got the students' accurate score information based on the code text's similarity. Then, we extracted student's multiple attempt sequence features based on the sliding window, which improved the model's ability to solve long-sequence problems. Experiments on three standard KT models showed that this modeling method effectively improved model performance. model performance.",ieee,llm,0.920,unreviewed,
discarded,A Static Analysis Framework for Detecting Bugs in Introductory Programs,Wenchu Xu; Yanran Ma,2021,2021 IEEE International Symposium on Software Reliability Engineering Workshops (ISSREW),10.1109/ISSREW53611.2021.00078,https://ieeexplore.ieee.org/document/9700255/,adjacent-subtopic,"Introductory programming courses are crucial to students who begin to learn programming languages. However, current introductory program judgment systems only give a pass or fail by the percentage of passed test cases. This limitation hinders the learning progress because students may unaware of potential bugs hidden in their programs. Detecting and reporting these bugs can help them avoid introducing the same kinds of bugs in other programs. However, state-of-the-art bug detection methods focus on precision and scalability, but are usually costly to develop detection methods for various kinds of bugs. To simplify the development of bug detection while keeping a reasonable precision, this paper presents a static detection framework to detect software bugs. Then, we apply the method to introductory programs and successfully detect all bugs with a false positive rate of 28.57 %.",ieee,llm,0.910,unreviewed,
discarded,Software-Based Control Flow Checking Against Transient Faults in Industrial Environments,Seyyed Amir Asghari; Hassan Taheri; Hossein Pedram; Okyay Kaynak,2014,IEEE Transactions on Industrial Informatics,10.1109/TII.2013.2248373,https://ieeexplore.ieee.org/document/6469216/,off-topic-false-hit,"Mechatronic systems operating in industrial environments are subject to a variety of threats because of harsh conditions. Industrial systems usually use commercial off-the shelf (COTS) equipment which are not robust and safe against hostile conditions and therefore require fault-tolerance considerations. This paper presents a novel and efficient method for online detection of control flow errors, called software-based control flow checking (SCFC). It is implemented purely in software and does not manipulate the hardware architecture of the system. Redundant instructions and signatures are embedded into the program at compile time and are utilized for control flow checking at run time. The signatures of the basic blocks are derived from the program graph. It is shown in the paper that SCFC method can increase single detection capability to 14.7% and the fault coverage to 6.12% averagely in comparison with other methods without any increase in memory and performance overheads. In the paper, besides experimental evaluations, analytical evaluations are also carried out, based on probability principles. The detection ability of each method used is thus computed. These computations verify the experimental results and show that SCFC can detect more errors than other methods suggested in literature. Considering the memory limitations in some (such as space) applications and the trend towards the requirement for faster execution of programs, we suggest a novel metric called fitness parameter which incorporates these. It is a better measure than the previously proposed ones since it considers the fault coverage, the memory overhead and the execution time (performance overhead) of each method simultaneously, as well as the detection capability.",ieee,llm,0.980,unreviewed,
discarded,A generalized control-flow-aware pattern recognition algorithm for behavioral synthesis,Jason Cong; Hui Huang; Wei Jiang,2010,"2010 Design, Automation & Test in Europe Conference & Exhibition (DATE 2010)",10.1109/DATE.2010.5456999,https://ieeexplore.ieee.org/document/5456999/,off-topic-false-hit,"Pattern recognition has many applications in design automation. A generalized pattern recognition algorithm is presented in this paper which can efficiently extract similar patterns in programs. Compared to previous pattern-based techniques, our approach overcomes their limitation in handling control-flow-aware patterns, and leads to more opportunities for optimization. Our algorithm uses a feature-based filtering approach for fast pruning, and an elegant graph similarity metric called the generalized edit distance for measuring variations in CDFGs. Furthermore, our pattern recognition algorithm is applied to solve the area optimization problem in behavioral synthesis. Our experimental results show up to a 40% area reduction on a set of real-world benchmarks with a moderate 9% latency overhead, compared to synthesis results without pattern extractions; and up to a 30% area reduction, compared to the results using only data-flow patterns.",ieee,llm,0.950,unreviewed,
discarded,POMP++: Facilitating Postmortem Program Diagnosis with Value-Set Analysis,Dongliang Mu; Yunlan Du; Jianhao Xu; Jun Xu; Xinyu Xing; Bing Mao; Peng Liu,2021,IEEE Transactions on Software Engineering,10.1109/TSE.2019.2939528,https://ieeexplore.ieee.org/document/8823943/,adjacent-subtopic,"With the emergence of hardware-assisted processor tracing, execution traces can be logged with lower runtime overhead and integrated into the core dump. In comparison with an ordinary core dump, such a new post-crash artifact provides software developers and security analysts with more clues to a program crash. However, existing works only rely on the resolved runtime information, which leads to the limitation in data flow recovery within long execution traces. In this work, we propose POMP++, an automated tool to facilitate the analysis of post-crash artifacts. More specifically, POMP++ introduces a reverse execution mechanism to construct the data flow that a program followed prior to its crash. Furthermore, POMP++ utilizes Value-set Analysis, which helps to verify memory alias relation, to improve the ability of data flow recovery. With the restored data flow, POMP++ then performs backward taint analysis and highlights program statements that actually contribute to the crash. We have implemented POMP++ for Linux system on x86-32 platform, and tested it against various crashes resulting from 31 distinct real-world security vulnerabilities. The evaluation shows that, our work can pinpoint the root causes in 29 cases, increase the number of recovered memory addresses by 12 percent and reduce the execution time by 60 percent compared with existing reverse execution. In short, POMP++ can accurately and efficiently pinpoint program statements that truly contribute to the crashes, making failure diagnosis significantly convenient.",ieee,llm,0.950,unreviewed,
discarded,"A Survey of Return-Oriented Programming Attack, Defense and Its Benign Use",Jingyuan Wang; Peidai Xie; Yongjun Wang; Zelin Rong,2018,2018 13th Asia Joint Conference on Information Security (AsiaJCIS),10.1109/AsiaJCIS.2018.00022,https://ieeexplore.ieee.org/document/8453766/,off-topic-false-hit,"The return-oriented programming(ROP) attack has been a common access to exploit software vulnerabilities in the modern operating system(OS). An attacker can execute arbitrary code with the aid of ROP despite security mechanisms are involved in OS. In order to mitigate ROP attack, defense mechanisms are also drawn researchers' attention. Besides, research on the benign use of ROP become a hot spot in recent years, since ROP has a perfect resistance to static analysis, which can be adapted to hide some important code. The results in benign use also benefit from a low overhead on program size. The paper discusses the concepts of ROP attack as well as extended ROP attack in recent years. Corresponding defense mechanisms based on randomization, frequency, and control flow integrity are analyzed as well, besides, we also analyzed limitations in this defense mechanisms. Later, we discussed the benign use of ROP in steganography, code integrity verification, and software watermarking, which showed the significant promotion by adopting ROP. At the end of this paper, we looked into the development of ROP attack, the future of possible mitigation strategies and the potential for benign use.",ieee,llm,0.990,unreviewed,
discarded,Flow Analysis on Intermediate Source Code for WCET Estimation of Compiler-Optimized Programs,Zhonglei Wang; Andreas Herkersdorf,2009,2009 15th IEEE International Conference on Embedded and Real-Time Computing Systems and Applications,10.1109/RTCSA.2009.10,https://ieeexplore.ieee.org/document/5280039/,adjacent-subtopic,"Many WCET analysis tools developed in academia integrate WCET analysis into program compilation, either to transform flow information extracted from the source code level to the object code level, or to perform flow analysis on a special intermediate representation. This integration increases analysis complexity, forces software developers to use a special compiler, and thus, strongly limits the usability of the tools in practice. Motivated by this limitation in the existing flow analysis approaches, this paper presents a more efficient approach, that performs flow analysis on the intermediate source code (ISC), transformed from the original source code. ISC retains the functional behavior and executability of the original source code but has a structure close to the object code. This low level structure facilitates the transformation of the flow facts, extracted from the ISC, down to the object code level. In the whole approach, no modification of standard tools is needed.",ieee,llm,0.940,unreviewed,
