status,title,authors,year,venue,doi,url,tags,abstract,provider,decision_source,llm_confidence,llm_review_outcome,llm_change_direction
discarded,A Systematic Review on the use of LEGO® Robotics in Education,Isabelle M. L. Souza; Wilkerson L. Andrade; Lívia M. R. Sampaio; Ana Liz Souto O. Araujo,2018,2018 IEEE Frontiers in Education Conference (FIE),10.1109/FIE.2018.8658751,https://ieeexplore.ieee.org/document/8658751/,adjacent-subtopic,"Educational Robotics (ER) has revealed several benefits in the educational context, not only helping the teaching of disciplines, but also making possible the development of several abilities, such as teamwork, problem-solving, and creativity. Among various robotics kits, LEGO® Robotics has been shown one of the best results considering some evaluated criteria (modularity level, hardware, curriculum, price, etc.). Some studies analyze the teaching practices, some compare technologies, and others evaluate the kits in a pedagogical way. However, it is essential to investigate all these contexts together in order to improve the impact produced by the ER in education and to know the best teaching practices associated with the most powerful technologies. The objective of this Research Full Paper is to identify: a) environments and programming languages adopted in the LEGO® Robotics context, b) educational practices applied during classes based on LEGO® Robotics, and c) the educational levels in which robotics has been applied with positive results. To achieve these goals, we planned and carried out a systematic review of the literature. Our main findings are: a) the most widely used environment and programming language are LabVIEW along with the LEGO®'s block-based programming language, b) we identified LEGO® Robotics is used for teaching programming, interdisciplinary contents, participation in tournaments, robotics, and computational thinking, c) LEGO® Robotics is used with success by students of different levels, such as K12, undergraduate, and graduated. Finally, we discuss some problems and limitations related to ER and point out that there is no standardization of teaching practices or methodologies for evaluating results, indicating that more research is needed to find the best scenario regarding technologies, methods, and target audience.",ieee,llm,0.960,unreviewed,
discarded,A Digital Game based Learning Approach for Effective Curriculum Transaction for Teaching-Learning of Artificial Intelligence and Machine Learning,Ashraf Alam,2022,2022 International Conference on Sustainable Computing and Data Communication Systems (ICSCDS),10.1109/ICSCDS53736.2022.9760932,https://ieeexplore.ieee.org/document/9760932/,adjacent-subtopic,"As a novel framework in classroom teaching, digital games have gained traction. Anyone can play online games, that eventually ascribe potential for large-scale classroom instruction. Digital games have gained popularity in recent years as a way to encourage programming and computational thinking in pre-college (K-12) classrooms. Since the last decade, an ever-increasing number of learners have been drawn by the rapidly expanding areas of Machine Learning (ML) and Artificial Intelligence (AI). Regardless of the fact that blending of AI/ML and online/digital gaming is a significant and critical subject for classroom pedagogy, there is indeed a paucity of comprehensive literature review in this domain. The aim of this paper is to take cognizance of recent studies and new findings on games that may be used to enhance AI/ML integrated pedagogy for effective curriculum transaction. Relevant articles and games were identified after a thorough exploration and were then included in this qualitative content analysis. This paper presents an overview of important published studies and games, as well as demonstrate how diverse games offer an exceptional and innovative prospect to educate a wealth of concepts and themes in AI and ML.",ieee,llm,0.950,unreviewed,
discarded,State of the Art of Teaching-Learning of Artificial Intelligence at Early Ages,Maria-Jose Ojeda-Bazaran; Luis Chamba-Eras; Edison Coronel-Romero; Milton Labanda-Jaramillo; Lorena Conde-Zhingre; Daniel Irene-Robalino; Washington Fierro-Saltos; Angel Orellana-Malla; Mabel Romero-Flores; Gilmar Cueva-Alvarado; Irene Chamba-Eras; Daysi Erreyes-Pinzon,2021,2021 XVI Latin American Conference on Learning Technologies (LACLO),10.1109/LACLO54177.2021.00024,https://ieeexplore.ieee.org/document/9725208/,adjacent-subtopic,"Artificial Intelligence (AI) is successfully intervening in areas such as education, health and industry. In education, AI is being used to improve educational processes. UNESCO considers as a new vision to involve AI not only as a didactic medium, but also as a science in which children can develop their intellect, through workshops, courses and curricula focused on the fundamentals of AI, allowing them to develop skills such as computational thinking and critical thinking. The present Systematic Literature Review was developed according to the methodological guidelines proposed by Barbara Kitchenham, with the objective of identifying how AI teaching-learning processes are carried out from early ages. Sixty-four studies were obtained between 2016-2021, where eleven countries are identified with AI teaching initiatives, through workshops, courses and projects to update their curricula; machine learning and educational robotics are the two branches linked to AI that are currently taught to children and adolescents.",ieee,llm,0.950,unreviewed,
discarded,How Useful TutorBot+ is for Teaching and Learning in Programming Courses: a Preliminary Study,Claudia Martínez-Araneda; Mariella Gutiérrez Valenzuela; Pedro Gómez Meneses; Diego Maldonado Montiel; Alejandra Segura Navarrete; Christian Vidal-Castro,2023,2023 42nd IEEE International Conference of the Chilean Computer Science Society (SCCC),10.1109/SCCC59417.2023.10315697,https://ieeexplore.ieee.org/document/10315697/,adjacent-subtopic,"Objective: The objective of this paper is to present preliminary work on the development of an EduChatBot tool and the measurement of the effects of its use aimed at providing effective feedback to programming course students. This bot, hereinafter referred to as tutorBot+, was constructed based on chatGPT3.5 and is tasked with assisting and providing timely positive feedback to students in computer science programming courses at UCSC. Methods/Analysis: The proposed method consists of four stages: (1) Immersion in the feedback and Large Language Models (LLMs) topic; (2) Development of tutorBot+ prototypes in both non-conversational and conversational versions; (3) Experiment design; and (4) Intervention and evaluation. The first stage involves a literature review on feedback and learning, the use of intelligent tutors in the educational context, as well as the topics of LLMs and chatGPT. The second and third stages detail the development of tutorBot+ in its two versions, and the final stage lays the foundation for a quasi-experimental study involving students in the curriculum activities of Programming Workshop and Database Workshop, focusing on learning outcomes related to the development of computational thinking skills, and facilitating the use and measurement of the tool’s effects. Findings: The preliminary results of this work are promising, as two functional prototypes of tutorBot+ have been developed for both the non-conversational and conversational versions. Additionally, there is ongoing exploration into the possibility of creating a domain-specific model based on pretrained models for programming, integrating tutorBot+ with other platforms, and designing an experiment to measure student performance, motivation, and the tool’s effectiveness.",ieee,llm,0.990,unreviewed,
kept,Extending the nomological network of computational thinking with non-cognitive factors,‪Marcos Román-González‬; Juan Carlos Pérez-González; Jesús Moreno-León; Gregório Robles,2017,Computers in Human Behavior,10.1016/j.chb.2017.09.030,https://openalex.org/W2760124092,qualifies-claim,"Abstract Computational thinking (CT) is being consolidated as a key set of problem-solving skills that must be developed by the students to excel in our software-driven society. However, in psychological terms, CT is still a poorly defined construct, given that its nomological network has not been established yet. In a previous paper, we started to address this issue studying the correlations between CT and some fundamental cognitive variables, such as primary mental abilities and problem-solving ability. The current work deepens in the same direction as it aims to extend the nomological network of CT with non-cognitive factors, through the study of the correlations between CT, self-efficacy and the several dimensions from the ‘Big Five’ model of human personality: Openness to Experience, Conscientiousness, Extraversion, Agreeableness, and Neuroticism. To do so, the Computational Thinking Test (CTt) and some additional self-efficacy items are administered on a sample of 1251 Spanish students from 5th to 10th grade (N = 1251), and the Big Five Questionnaire-Children version (BFQ-C) is also taken by a subsample from the above (n = 99). Results show statistically significant correlations between CT and self-efficacy perception relative to CT performance (rs = 0.41), in which gender differences in favor of males are found (d = 0.42). Moreover, results show statistically significant correlations between CT and: Openness to Experience (r = 0.41), Extraversion (r = 0.30), and Conscientiousness (r = 0.27). These findings are consistent with the existing literature except for the unexpected correlation between CT and the Extraversion factor of personality, which is consequently discussed in detail. Overall, our findings corroborate the existence of a non-cognitive side of CT that should be taken into account by educational policies and interventions aimed at fostering CT. As a final contribution, the extended nomological network of CT integrating cognitive and non-cognitive variables is depicted.",openalex,llm,0.960,unreviewed,
kept,Fostering computational thinking through educational robotics: a model for creative computational problem solving,Morgane Chevalier; Christian Giang; Alberto Piatti; Francesco Mondada,2020,International Journal of STEM Education,10.1186/s40594-020-00238-z,https://openalex.org/W3046440829,supports-claim,"Abstract Background Educational robotics (ER) is increasingly used in classrooms to implement activities aimed at fostering the development of students’ computational thinking (CT) skills. Though previous works have proposed different models and frameworks to describe the underlying concepts of CT, very few have discussed how ER activities should be implemented in classrooms to effectively foster CT skill development. Particularly, there is a lack of operational frameworks, supporting teachers in the design, implementation, and assessment of ER activities aimed at CT skill development. The current study therefore presents a model that allows teachers to identify relevant CT concepts for different phases of ER activities and aims at helping them to appropriately plan instructional interventions. As an experimental validation, the proposed model was used to design and analyze an ER activity aimed at overcoming a problem that is often observed in classrooms: the trial-and-error loop, i.e., an over-investment in programming with respect to other tasks related to problem-solving. Results Two groups of primary school students participated in an ER activity using the educational robot Thymio. While one group completed the task without any imposed constraints, the other was subjected to an instructional intervention developed based on the proposed model. The results suggest that (i) a non-instructional approach for educational robotics activities (i.e., unlimited access to the programming interface) promotes a trial-and-error behavior; (ii) a scheduled blocking of the programming interface fosters cognitive processes related to problem understanding, idea generation, and solution formulation; (iii) progressively adjusting the blocking of the programming interface can help students in building a well-settled strategy to approach educational robotics problems and may represent an effective way to provide scaffolding. Conclusions The findings of this study provide initial evidence on the need for specific instructional interventions on ER activities, illustrating how teachers could use the proposed model to design ER activities aimed at CT skill development. However, future work should investigate whether teachers can effectively take advantage of the model for their teaching activities. Moreover, other intervention hypotheses have to be explored and tested in order to demonstrate a broader validity of the model.",openalex,llm,0.930,unreviewed,
discarded,Digital Competence and Computational Thinking of Student Teachers,Francesc M. Esteve‐Mon; M. Ángeles Llopis; Jordi Adell Segura,2020,International Journal of Emerging Technologies in Learning (iJET),10.3991/ijet.v15i02.11588,https://openalex.org/W3004292695,adjacent-subtopic,"Digital competence is one of the most demanded skills, and includes, among other aspects, the use of technological, informational, multimedia or communication skills and knowledge. In recent years, different institutions have included computational thinking among the different areas that make up this digital competence. However, there are few publications that deepen the relationship between computational thinking and digital competence. The present study analyzes the level of digital competence and computa-tional thinking of 248 Spanish university students, exploring the relation-ships between both abilities and the existing differences. According to the results, the majority of the students perceive themselves with a medium to a high level of digital competence, highlighting the multimedia and commu-nicative dimensions, as opposed to the more technological aspects. On the other hand, there is a correlation between computational thinking and digi-tal competence, especially with the communicative and technological areas. Likewise, the results indicate that women obtain lower results in their computational thinking and are perceived to be digitally less competent than men, especially in regard to the technological dimension. These results provide relevant information in terms of research and open the door to the development of training actions in student teachers to overcome the still-existing gender gaps.",openalex,llm,0.880,unreviewed,
discarded,The effects of mental rotation on computational thinking,Giuseppe Città; Manuel Gentile; Mario Allegra; Marco Arrigo; Daniela Conti; Simona Ottaviano; Francesco Reale; Marinella Sciortino,2019,Computers & Education,10.1016/j.compedu.2019.103613,https://openalex.org/W2955195746,adjacent-subtopic,"Although several investigations of spatial reasoning and mental rotation skills have been conducted in research areas linked to STEM education, to the best of our knowledge, few of these studies have examined the relationship between spatial reasoning and computational thinking. Given this gap in the literature, the present study investigates the role and action of spatial reasoning, and specifically the effects of mental rotation on computational thinking within an embodied and enacted perspective. To achieve this, we carried out a study involving 92 students in five primary-school classes (1st grade - 5th grade). The findings reveal a positive correlation between computational thinking skill and mental rotation ability.",openalex,llm,0.930,unreviewed,
kept,Educational Robotics for Developing Computational Thinking in Young Learners: A Systematic Review,Yu‐Hui Ching; Yu‐Chang Hsu,2023,TechTrends,10.1007/s11528-023-00841-1,https://openalex.org/W4362678388,supports-claim,"Educational robotics has been adopted to create interactive and engaging learning environments to develop computational thinking (CT) in K-12 learners. This study systematically examined 22 peer-reviewed empirical research articles on the use of educational robotics to develop CT in young learners (pre-kindergarten to 6th grade) published between 2012 and 2021. The findings revealed that using robotics activities to develop CT has mostly been studied in the formal education settings with the duration of robotics curricular activities ranging from 80 minutes to 24 hours. The five CT skills studied most often include Sequencing, Conditionals, Loops, Debugging, and Algorithmic Thinking. The different versions of LEGO Mindstorms are the most frequently adopted robotic kits in the examined studies. The most frequently adopted learning and instructional strategies in the robotics activities include collaborative learning, project-based learning, and embodied learning. This paper identified and discussed developmentally appropriated CT skills, robotics kits, and pedagogical approaches suitable for supporting CT development in young learners. The findings can guide educators and instructional designers for future robotics activity design and development endeavors. This paper also identified gaps in the current research and recommended directions for advancing research in adopting robotics to develop CT in young learners.",openalex,llm,0.970,unreviewed,
discarded,Teachers’ AI-TPACK: Exploring the Relationship between Knowledge Elements,Yimin Ning; Cheng Zhang; Binyan Xu; Ying Zhou; Tommy Tanu Wijaya,2024,Sustainability,10.3390/su16030978,https://openalex.org/W4391131201,off-topic-false-hit,"The profound impact of artificial intelligence (AI) on the modes of teaching and learning necessitates a reexamination of the interrelationships among technology, pedagogy, and subject matter. Given this context, we endeavor to construct a framework for integrating the Technological Pedagogical Content Knowledge of Artificial Intelligence Technology (Artificial Intelligence—Technological Pedagogical Content Knowledge, AI-TPACK) aimed at elucidating the complex interrelations and synergistic effects of AI technology, pedagogical methods, and subject-specific content in the field of education. The AI-TPACK framework comprises seven components: Pedagogical Knowledge (PK), Content Knowledge (CK), AI-Technological Knowledge (AI-TK), Pedagogical Content Knowledge (PCK), AI-Technological Pedagogical Knowledge (AI-TCK), AI-Technological Content Knowledge (AI-TPK), and AI-TPACK itself. We developed an effective structural equation modeling (SEM) approach to explore the relationships among teachers’ AI-TPACK knowledge elements through the utilization of exploratory factor analysis (EFA) and confirmatory factor analysis (CFA). The result showed that six knowledge elements all serve as predictive factors for AI-TPACK variables. However, different knowledge elements showed varying levels of explanatory power in relation to teachers’ AI-TPACK. The influence of core knowledge elements (PK, CK, and AI-TK) on AI-TPACK is indirect, mediated by composite knowledge elements (PCK, AI-TCK, and AI-TPK), each playing unique roles. Non-technical knowledge elements have significantly lower explanatory power for teachers of AI-TPACK compared to knowledge elements related to technology. Notably, content knowledge (C) diminishes the explanatory power of PCK and AI-TCK. This study investigates the relationships within the AI-TPACK framework and its constituent knowledge elements. The framework serves as a comprehensive guide for the large-scale assessment of teachers’ AI-TPACK, and a nuanced comprehension of the interplay among AI-TPACK elements contributes to a deeper understanding of the generative mechanisms underlying teachers’ AI-TPACK. Such insights bear significant implications for the sustainable development of teachers in the era of artificial intelligence.",openalex,llm,0.990,unreviewed,
discarded,On the predictors of computational thinking and its growth at the high-school level,Josef Guggemos,2020,Computers & Education,10.1016/j.compedu.2020.104060,https://openalex.org/W3094591811,adjacent-subtopic,"Computational thinking (CT) is a key 21st-century skill. This paper contributes to CT research by investigating CT predictors among upper secondary students in a longitudinal and natural classroom setting. The hypothesized predictors are grouped into three areas: student characteristics, home environment, and learning opportunities. CT is measured with the Computational Thinking Test (CTt), an established performance test. N = 202 high-school students, at three time points over one school year, act as the sample and latent growth curve modeling as the analysis method. CT self-concept, followed by reasoning skills and gender, show the strongest association with the level of CT. Computer literacy, followed by duration of computer use and formal learning opportunities during the school year, have the strongest association with CT growth. Variables from all three areas seem to be important for predicting either CT level or growth. An explained variance of 70.4% for CT level and 61.2% for CT growth might indicate a good trade-off between the comprehensiveness and parsimony of the conceptual framework. The findings contribute to a better understanding of CT as a construct and have implications for CT instruction, e.g., the role of computer science and motivation in CT learning.",openalex,llm,0.890,unreviewed,
