status,title,authors,year,venue,doi,url,tags,abstract,provider,decision_source,llm_confidence,llm_review_outcome,llm_change_direction
kept,Notional Machines for Inclusive Learning,David Wilson; Saquib Sarwar; Nadia Najjar,2024,2024 IEEE Frontiers in Education Conference (FIE),10.1109/FIE61694.2024.10892884,https://ieeexplore.ieee.org/document/10892884/,supports-claim,"Understanding computing concepts is one of the foundational elements of computational thinking, which helps students formulate logic and algorithms for effectively developing and designing codes. However, novice learners often struggle to understand basic computing concepts, such as variables, loops, arrays, conditionals, and functions. This is often caused by the invisibility of the computing mechanism and the complexity of language syntax and conventions. Moreover, challenges in learning computing concepts can be compounded for learners with atypical conditions (e.g. visual, cognitive, and learning impairment, attention deficit, and neurodivergence). To tackle this, teachers of typical ability learners frequently use notional machines (NMs) - simplified representations (e.g. diagrams, flow charts, and analogies) created to assist novice programmers in understanding abstract concepts, program execution, and dynamics. In addition, traditional learning activities may need assistive learning interventions (ALIs) and learner-oriented practices like physical tactile models, computing artifacts, and interactive learning tools. NM approaches tend to focus on the explanation of concepts from instructor to learner, while ALIs tend to focus on learner support in activities. Both methods can provide advantages for learning, and we expect that a combined approach would provide even greater synergy for all learners. However, little consideration has been given to how NM and ALI approaches could be effectively combined. This research investigates how NM and ALI can be effectively brought together more holistically as an inclusive pedagogical tool - notional machines for inclusive learning (NMIL). In this full paper, we develop the conceptualization of NMIL, grounded in previous NM and ALI research. We also propose a structured method for creating NMIL. Finally, we also develop a physical NMIL model, based on the structured NMIL creation method, to teach lists in Python, as part of an introductory computer science course.",ieee,llm,0.980,unreviewed,
discarded,An educational tool for visualising actor programs,Anđela Čolak; Marin Aglić Čuvić,2019,"2019 42nd International Convention on Information and Communication Technology, Electronics and Microelectronics (MIPRO)",10.23919/MIPRO.2019.8756918,https://ieeexplore.ieee.org/document/8756918/,adjacent-subtopic,"Object-oriented programming (OOP) is probably the most popular programming paradigm today. Because of this, it is often taught at faculties associated with computer science. The general idea of OOP is to break a complex problem into abstractions called objects which interact with each other via method invocation. On the other hand, the actor model provides a computation model based on agents that are called actors. Actors in the actor model are similar to objects in OOP, but unlike objects are concurrent and communicate by message passing. At our faculty, a game-based approach is used to teach students about OOP. The actors in a game can be taught as agents that interact with an environment. Furthermore, students program agent behaviour in our artificial intelligence course. Therefore, students have experience with both objects and agents. However, students still find it difficult to understand the actor model and build applications with it. In order to help students, we have developed a visualisation system for actor-based applications. We collected responses on the system after presenting it to students that were taught the model. In this paper, we i) present the developed visualisations system and ii) report the results on the responses collected.",ieee,llm,0.760,unreviewed,
kept,Jsvee & Kelmu: Creating and Tailoring Program Animations for Computing Education,Teemu Sirkiä,2016,2016 IEEE Working Conference on Software Visualization (VISSOFT),10.1109/VISSOFT.2016.24,https://ieeexplore.ieee.org/document/7780155/,supports-claim,"To learn to program, a novice programmer must understand the dynamic, runtime aspect of program code, a so-called notional machine. Understanding the machine can be easier when it is represented graphically, and tools have been developed to this end. However, these tools typically support only one programming language and do not work in a web browser. In this article, we present the functionality and technical implementation of the two visualization tools. First, the language-agnostic and extensible Jsvee library helps educators visualize notional machines and create expression-level program animations for online course materials. Second, the Kelmu toolkit can be used by ebook authors to augment automatically generated animations, for instance by adding annotations such as textual explanations and arrows. Both of these libraries have been used in introductory programming courses, and there is preliminary evidence that students find the animations useful.",ieee,llm,0.980,unreviewed,
kept,Meaningful learning in the tutoring system for programming,Tonci Dadic; Slavomir Stankov; Marko Rosic,2008,ITI 2008 - 30th International Conference on Information Technology Interfaces,10.1109/ITI.2008.4588458,https://ieeexplore.ieee.org/document/4588458/,supports-claim,"Tutoring systems for programming helps students to understand features of target programming language, and develops their general problem solving skill. Our system guides novices in learning syntax and semantics of programming language, problem decomposition, program design and testing. The notional machine defined by programming language and its verbal description of instruction actions helps students to understand semantics of instructions. Advancement through the course material controlled by computer teacher supports connection of new concepts to the present studentpsilas knowledge.",ieee,llm,0.930,unreviewed,
discarded,Semantic Waves: A Strategy for Algorithmic Skills in K-12 Computer Science Education,Frauke Ritter; Bernhard Standl,2024,2024 IEEE Global Engineering Education Conference (EDUCON),10.1109/EDUCON60312.2024.10578899,https://ieeexplore.ieee.org/document/10578899/,adjacent-subtopic,"The objective of this study is to develop and empirically evaluate an educational model that enhances algorithmic thinking - a key element of computational literacy - through the application with the concept of so called semantic waves for advancing K-12 students' digital proficiency. The concept of a semantic wave refers to the process of moving between abstract, theoretical knowledge and concrete, practical examples to create deeper understanding and learning. Considering this, our proposed model in the field of algorithmic thinking is intended to support pre-service computer science teachers and educators in designing instructional processes that are easy to implement and facilitate swift planning and reflection for K-12 computer science education. Initial results indicate promising outcomes but also suggested areas for enhancement. This research furthermore delves into refining the model through the incorporation of notional machines and the computational action approach for improving the training of future computer science teachers and students for the challenges of digital transformation.",ieee,llm,0.750,unreviewed,
discarded,Machines Who Write [Think Piece],Stephanie Dick,2013,IEEE Annals of the History of Computing,10.1109/MAHC.2013.21,https://ieeexplore.ieee.org/document/6563075/,off-topic-false-hit,"In 1936, Alan Turing remarked that ""computing is normally done by writing certain symbols on paper."" Although computing was then the prerogative of human computers, Turing imagined that machines might calculate by writing as well. Turing intended for this notional machine to be analogous to human computers who calculated by writing and manipulating symbols, relying on paper to augment their memories. But to what extent is Turing's machine actually writing and reading like a human computer? Recent scholarship in the history of mathematics has argued that mathematical thinking and practice are inextricably entwined with the historical development of different cultures and systems of writing. Looking at computer writing as writing directs historical attention away from abstract formal representations of hardware and software and toward the materiality of data--how it is inscribed and configured within specific digital media.",ieee,llm,0.990,unreviewed,
