status,title,authors,year,venue,doi,url,tags,abstract,provider,decision_source,llm_confidence,llm_review_outcome,llm_change_direction
discarded,Mentoring programs for medical students - a review of the PubMed literature 2000 - 2008,Esther R. Frei; Martina Stamm; Barbara Buddeberg‐Fischer,2010,BMC Medical Education,10.1186/1472-6920-10-32,https://openalex.org/W2015912463,off-topic-false-hit,"BACKGROUND: Although mentoring is acknowledged as a key to successful and satisfying careers in medicine, formal mentoring programs for medical students are lacking in most countries. Within the framework of planning a mentoring program for medical students at Zurich University, an investigation was carried out into what types of programs exist, what the objectives pursued by such programs are, and what effects are reported. METHODS: A PubMed literature search was conducted for 2000 - 2008 using the following keywords or their combinations: mentoring, mentoring program, medical student, mentor, mentee, protégé, mentorship. Although a total of 438 publications were identified, only 25 papers met the selection criteria for structured programs and student mentoring surveys. RESULTS: The mentoring programs reported in 14 papers aim to provide career counseling, develop professionalism, increase students' interest in research, and support them in their personal growth. There are both one-to-one and group mentorships, established in the first two years of medical school and continuing through graduation. The personal student-faculty relationship is important in that it helps students to feel that they are benefiting from individual advice and encourages them to give more thought to their career choices. Other benefits are an increase in research productivity and improved medical school performance in general. Mentored students also rate their overall well-being as higher. - The 11 surveys address the requirements for being an effective mentor as well as a successful mentee. A mentor should empower and encourage the mentee, be a role model, build a professional network, and assist in the mentee's personal development. A mentee should set agendas, follow through, accept criticism, and be able to assess performance and the benefits derived from the mentoring relationship. CONCLUSION: Mentoring is obviously an important career advancement tool for medical students. In Europe, more mentoring programs should be developed, but would need to be rigorously assessed based on evidence of their value in terms of both their impact on the career paths of juniors and their benefit for the mentors. Medical schools could then be monitored with respect to the provision of mentorships as a quality characteristic.",openalex,llm,1.000,unreviewed,
discarded,P SI4 1.4: Open-source software for high-throughput quantum chemistry,Daniel G. A. Smith; Lori A. Burns; Andrew C. Simmonett; Robert M. Parrish; Matthew Cole Schieber; Raimondas Galvelis; Peter Kraus; Holger Kruse; Roberto Di Remigio; Asem Alenaizan; Andrew M. James; Susi Lehtola; Jonathon P. Misiewicz; Maximilian Scheurer; Robert A. Shaw; Jeffrey B. Schriber; Yi Xie; Zachary L. Glick; Dominic A. Sirianni; Joseph O'Brien; Jonathan M. Waldrop; Ashutosh Kumar; Edward G. Hohenstein; Benjamin P. Pritchard; Bernard R. Brooks; Henry F. Schaefer; Alexander Yu. Sokolov; Konrad Patkowski; A. Eugene DePrince; Uğur Bozkaya; Rollin A. King; Francesco A. Evangelista; Justin M. Turney; T. Daniel Crawford; C. David Sherrill,2020,The Journal of Chemical Physics,10.1063/5.0006002,https://openalex.org/W3024385728,off-topic-false-hit,"PSI4 is a free and open-source ab initio electronic structure program providing implementations of Hartree-Fock, density functional theory, many-body perturbation theory, configuration interaction, density cumulant theory, symmetry-adapted perturbation theory, and coupled-cluster theory. Most of the methods are quite efficient, thanks to density fitting and multi-core parallelism. The program is a hybrid of C++ and Python, and calculations may be run with very simple text files or using the Python API, facilitating post-processing and complex workflows; method developers also have access to most of PSI4's core functionalities via Python. Job specification may be passed using The Molecular Sciences Software Institute (MolSSI) QCSCHEMA data format, facilitating interoperability. A rewrite of our top-level computation driver, and concomitant adoption of the MolSSI QCARCHIVE INFRASTRUCTURE project, makes the latest version of PSI4 well suited to distributed computation of large numbers of independent tasks. The project has fostered the development of independent software components that may be reused in other quantum chemistry programs.",openalex,llm,0.990,unreviewed,
discarded,Modern quantum chemistry with [Open]Molcas,Francesco Aquilante; Jochen Autschbach; Alberto Baiardi; Stefano Battaglia; Veniamin A. Borin; Liviu F. Chibotaru; Irene Conti; Luca De Vico; Mickaël G. Delcey; Ignacio Fdez. Galván; Nicolas Ferré; Leon Freitag; Marco Garavelli; Xuejun Gong; Stefan Knecht; Ernst D. Larsson; Roland Lindh; Marcus Lundberg; Per‐Åke Malmqvist; Artur Nenov; Jesper Norell; Michael Odelius; Massimo Olivucci; Thomas Bondo Pedersen; Laura Pedraza‐González; Quan Manh Phung; Kristine Pierloot; Markus Reiher; Igor Schapiro; Javier Segarra‐Martí; Francesco Segatta; Luis Seijo; Saumik Sen; Dumitru‐Claudiu Sergentu; Christopher J. Stein; Liviu Ungur; Morgane Vacher; Alessio Valentini; Valera Veryazov,2020,The Journal of Chemical Physics,10.1063/5.0004835,https://openalex.org/W3033513062,off-topic-false-hit,"MOLCAS/OpenMolcas is an ab initio electronic structure program providing a large set of computational methods from Hartree-Fock and density functional theory to various implementations of multiconfigurational theory. This article provides a comprehensive overview of the main features of the code, specifically reviewing the use of the code in previously reported chemical applications as well as more recent applications including the calculation of magnetic properties from optimized density matrix renormalization group wave functions.",openalex,llm,0.990,unreviewed,
kept,L-one-two-three (L1:..L2:..L3:) considered harmful,F. H. D. van Batenburg,1991,,10.1145/114054.114092,https://openalex.org/W2053088974,qualifies-claim,"It is said by non-APL-programmers that APL code is hard to read and that it is unstructured. Here we argue that APL-programmers may refute this assertion by pointing out some misunderstandings, but admittedly a final analysis will show a deeper truth in these criticisms. We will show that APL gives ample opportunity for unstructured code. Two proposals are presented to address this problem.The first rejects the developed convention for labelling and suggests the adoption of a proper style of programming enforced by a new standard of labelling. This standard will abolish unstructured code. Both negative and positive aspects of this proposal are discussed.The second proposal revives an old idea of introducing one single proper control structure into the language. This would make the current jump (→) superfluous and enforce structured code.",openalex,llm,0.910,unreviewed,
kept,L-one-two-three (L1:..L2:..L3:) considered harmful,F. H. D. van Batenburg,1991,ACM SIGAPL APL Quote Quad,10.1145/114055.114092,https://openalex.org/W4244217272,qualifies-claim,"It is said by non-APL-programmers that APL code is hard to read and that it is unstructured. Here we argue that APL-programmers may refute this assertion by pointing out some misunderstandings, but admittedly a final analysis will show a deeper truth in these criticisms. We will show that APL gives ample opportunity for unstructured code. Two proposals are presented to address this problem.The first rejects the developed convention for labelling and suggests the adoption of a proper style of programming enforced by a new standard of labelling. This standard will abolish unstructured code. Both negative and positive aspects of this proposal are discussed.The second proposal revives an old idea of introducing one single proper control structure into the language. This would make the current jump (→) superfluous and enforce structured code.",openalex,llm,0.960,unreviewed,
discarded,First-Class Type Classes,Matthieu Sozeau; Nicolas Oury,2008,Lecture notes in computer science,10.1007/978-3-540-71067-7_23,https://openalex.org/W1558115254,adjacent-subtopic,"Type Classes have met a large success in HASKELL and ISABELLE, as a solution for sharing notations by overloading and for specifying with abstract structures by quantification on contexts. However, both systems are limited by second-class implementations of these constructs, and these limitations are only overcomed by ad-hoc extensions to the respective systems. We propose an embedding of type classes into a dependent type theory that is first-class and supports some of the most popular extensions right away. The implementation is correspondingly cheap, general and integrates well inside the system, as we have experimented in COQ. We show how it can be used to help structured programming and proving by way of examples.",openalex,llm,0.860,unreviewed,
discarded,Does structure find structure?: A critique of Burt's use of distance as a measure of structural equivalence,Katherine Faust; A. Kimball Romney,1985,Social Networks,10.1016/0378-8733(85)90009-7,https://openalex.org/W2032740022,off-topic-false-hit,,openalex,llm,1.000,unreviewed,
discarded,An adaptive variational algorithm for exact molecular simulations on a quantum computer,Harper R. Grimsley; Sophia E. Economou; Edwin Barnes; Nicholas J. Mayhall,2019,Nature Communications,10.1038/s41467-019-10988-2,https://openalex.org/W2954369586,off-topic-false-hit,"Quantum simulation of chemical systems is one of the most promising near-term applications of quantum computers. The variational quantum eigensolver, a leading algorithm for molecular simulations on quantum hardware, has a serious limitation in that it typically relies on a pre-selected wavefunction ansatz that results in approximate wavefunctions and energies. Here we present an arbitrarily accurate variational algorithm that, instead of fixing an ansatz upfront, grows it systematically one operator at a time in a way dictated by the molecule being simulated. This generates an ansatz with a small number of parameters, leading to shallow-depth circuits. We present numerical simulations, including for a prototypical strongly correlated molecule, which show that our algorithm performs much better than a unitary coupled cluster approach, in terms of both circuit depth and chemical accuracy. Our results highlight the potential of our adaptive algorithm for exact simulations with present-day and near-term quantum hardware.",openalex,llm,0.990,unreviewed,
kept,Response to detected errors in well-structured programs,David Lorge Parnas,2018,Figshare,10.1184/r1/6609065,https://openalex.org/W1599100035,adjacent-subtopic,Computer Science Department,openalex,llm,0.610,unreviewed,
kept,Loop exits and structured programming,Eric Roberts,1995,,10.1145/199688.199815,https://openalex.org/W2149960388,qualifies-claim,"Internal exits from loops represent a critically important control structure that should be taught in the introductory CS1 curriculum. Without access to those facilities, students are often incapable of solving simple programming problems that occur frequently in applications. This paper reviews the existing evidence in support of such facilities and argues that it is important to reconsider our traditional pedagogical approach as we adopt new languages of instruction.",openalex,llm,0.980,unreviewed,
discarded,Generative AI personas considered harmful? Putting forth twenty challenges of algorithmic user representation in human-computer interaction,Danial Amin; Joni Salminen; Bernard J. Jansen; Joongi Shin; Dae Hyun Kim,2025,International Journal of Human-Computer Studies,10.1016/j.ijhcs.2025.103657,https://openalex.org/W4415315598,off-topic-false-hit,"• Shows how GenAI fundamentally transforms existing persona development issues through evolutionary amplification rather than creating entirely new problems, with traditional biases becoming algorithmic discrimination and manual inconsistencies becoming convincing AI hallucinations. • Reveals how traditional limitations manifest differently in GenAI contexts across transparency, fairness, reliability, and control domains, with expert validation showing 60% of challenges are more problematic for GenAIPs than conventional approaches. • Documents how GenAI transforms not just technical challenges but harm distribution, with persona developers facing operational complexity while target user groups bear severe consequences through systematic misrepresentation and exclusion. • Provides evidence that while GenAIPs appear to solve traditional limitations, they transform existing challenges into more complex forms requiring novel validation approaches and human-AI collaboration frameworks for responsible implementation. Generative AI personas (GenAIPs) promise user-centred design efficiency, but their impact on different persona challenges remains unexplored. Inspired by Dijkstra’s classic essay on harmful programming constructs, we analyze twenty challenges in persona development using Human-Centered AI principles. Through literature review and expert survey (n=17), we find that GenAIPs transform rather than eliminate traditional persona challenges. Experts rated all challenges as problematic for GenAIPs (M > 4.0), with the highest concerns for hallucinations (M=5.94), over-sanitization (M=5.82), and lack of standardization (M=5.59). 12 out of 20 challenges are considered more problematic for GenAIPs than conventional personas, particularly bias amplification, validation challenges, and accessibility without expertise. We provide HCAI-grounded guidelines demonstrating that effective GenAIP implementation requires human-AI collaboration rather than automation and prioritizing user welfare over technical efficiency.",openalex,llm,0.990,unreviewed,
kept,On research in structured programming,Lawrence Flon,1975,ACM SIGPLAN Notices,10.1145/987253.987256,https://openalex.org/W2042920727,qualifies-claim,No abstract available.,openalex,llm,0.900,unreviewed,
discarded,Analyses of a set of 128 ancestry informative single-nucleotide polymorphisms in a global set of 119 population samples,Judith R. Kidd; Françoise R. Friedlaender; William C. Speed; A.J. Pakstis; Francisco M. De La Vega; Kenneth K. Kídd,2011,Investigative Genetics,10.1186/2041-2223-2-1,https://openalex.org/W2125330218,off-topic-false-hit,"BACKGROUND: Using DNA to determine an individual's ancestry from among human populations is generally interesting and useful for many purposes, including admixture mapping, controlling for population structure in disease or trait association studies and forensic ancestry inference. However, to estimate ancestry, including possible admixture within an individual, as well as heterogeneity within a group of individuals, allele frequencies are necessary for what are believed to be the contributing populations. For this purpose, panels of ancestry informative markers (AIMs) have been developed. RESULTS: We are presenting our work on one such panel, composed of 128 ancestry informative single-nucleotide polymorphisms (AISNPs) already proposed in the literature. Compared to previous studies of these AISNPs, we have studied three times the number of individuals (4,871) in three times as many population samples (119). We have validated this panel for many ancestry assignment and admixture studies, especially those that were the rationale for the original selection of the 128 SNPs: African Americans and Mexican Americans. At the same time, the limitations of the panel for distinguishing ancestry and quantifying admixture among Eurasian populations are noted. CONCLUSION: We demonstrate the simultaneous importance of the specific set of population samples and their relative sample sizes in the use of the structure program to determine which groups cluster together and consequently influence the ability of a marker panel to infer ancestry. We demonstrate the strengths and weaknesses of this particular panel of AISNPs in a global context.",openalex,llm,1.000,unreviewed,
discarded,"The Warsaw Autumn International Festival of Contemporary Music 1956-1961 : its goals, structures, programs, and people",Cynthia E. Bylander,1989,OhioLink ETD Center (Ohio Library and Information Network),,https://openalex.org/W2625189125,off-topic-false-hit,,openalex,llm,1.000,unreviewed,
kept,Programming with abstract data types,Barbara Liskov; Stephen N. Zilles,1974,ACM SIGPLAN Notices,10.1145/942572.807045,https://openalex.org/W3160136729,adjacent-subtopic,"The motivation behind the work in very-high-level languages is to ease the programming task by providing the programmer with a language containing primitives or abstractions suitable to his problem area. The programmer is then able to spend his effort in the right place; he concentrates on solving his problem, and the resulting program will be more reliable as a result. Clearly, this is a worthwhile goal. Unfortunately, it is very difficult for a designer to select in advance all the abstractions which the users of his language might need. If a language is to be used at all, it is likely to be used to solve problems which its designer did not envision, and for which the abstractions embedded in the language are not sufficient. This paper presents an approach which allows the set of built-in abstractions to be augmented when the need for a new data abstraction is discovered. This approach to the handling of abstraction is an outgrowth of work on designing a language for structured programming. Relevant aspects of this language are described, and examples of the use and definitions of abstractions are given.",openalex,llm,0.850,unreviewed,
kept,Structuring the programmer's task,M. E. Sime; Andrew Arblaster; T. R. G. Green,1977,Journal of Occupational Psychology,10.1111/j.2044-8325.1977.tb00376.x,https://openalex.org/W2093136994,supports-claim,"Computer programming could be made easier. This paper gives a short account of the authors' empirical studies of programming, showing that very considerable improvements can be obtained both for beginners and for professionals. The improvements are related to, though not wholly dependent on, the new concepts of ‘structured programming’; we have found ways to improve both the programming language itself and the procedures used by the programmer. Psychological explanations of the effects are offered and the limitations of present findings are noted.",openalex,llm,0.840,unreviewed,
discarded,Questions and Answers about BSP,David B. Skillicorn; Jonathan M. D. Hill; W. F. McColl,1997,Scientific Programming,10.1155/1997/532130,https://openalex.org/W1973797056,adjacent-subtopic,"Bulk Synchronous Parallelism (BSP) is a parallel programming model that abstracts from low‐level program structures in favour of supersteps. A superstep consists of a set of independent local computations, followed by a global communication phase and a barrier synchronisation. Structuring programs in this way enables their costs to be accurately determined from a few simple architectural parameters, namely the permeability of the communication network to uniformly‐random traffic and the time to synchronise. Although permutation routing and barrier synch ronisations are widely regarded as inherently expensive, this is not the case. As a result, the structure imposed by BSP does not reduce performance, while bringing considerable benefits for application building. This paper answers the most common questions we are asked about BSP and justifies its claim to be a major step forward in parallel programming.",openalex,llm,0.820,unreviewed,
discarded,Structured programming with limited private types in Ada,Henry G. Baker,1991,ACM SIGAda Ada Letters,10.1145/122215.122219,https://openalex.org/W2065570790,adjacent-subtopic,"Many traditional styles of programming cannot cope with the limitations of Ada limited private types. We present a style of programming that enables structured programming in Ada with limited private types. The problem of ""finalization"" is safely and cleanly handled through the use of a generic package which guarantees that a variable of the limited private type will be finalized even in the presence of exceptions.Finalization is often desired in order to perform automatic garbage collection , whether by reference counting or by marking. We have proved our structured technique by developing a garbage-collected Lisp system in Ada in which the Lisp values are instances of a limited private type. The Ada code was so highly structured, that it was generated automatically using a simple compiler. The garbage collector in this system was easily and safely implemented, and different garbage collection techniques were tested without affecting user code.",openalex,llm,0.720,unreviewed,
discarded,PDL,Stephen H. Caine; E. Kent Gordon,1975,,10.1145/1499949.1499995,https://openalex.org/W2026229407,adjacent-subtopic,"During the past several years, industry has seen an explosion in the cost of software production coupled with a decline in the quality and reliability of the results. A realization that structured programming, top-down design, and other changes in techniques can help has alerted the field to the importance of applying advanced design and programming methods to software production.",openalex,llm,0.770,unreviewed,
