status,title,authors,year,venue,doi,url,tags,abstract,provider,decision_source,llm_confidence,llm_review_outcome,llm_change_direction
discarded,"ATHENA , ARTEMIS , HEPHAESTUS : data analysis for X-ray absorption spectroscopy using IFEFFIT",Bruce Ravel; M. Newville,2005,Journal of Synchrotron Radiation,10.1107/s0909049505012719,https://openalex.org/W2070227796,off-topic-false-hit,"A software package for the analysis of X-ray absorption spectroscopy (XAS) data is presented. This package is based on the IFEFFIT library of numerical and XAS algorithms and is written in the Perl programming language using the Perl/Tk graphics toolkit. The programs described here are: (i) ATHENA, a program for XAS data processing, (ii) ARTEMIS, a program for EXAFS data analysis using theoretical standards from FEFF and (iii) HEPHAESTUS, a collection of beamline utilities based on tables of atomic absorption data. These programs enable high-quality data analysis that is accessible to novices while still powerful enough to meet the demands of an expert practitioner. The programs run on all major computer platforms and are freely available under the terms of a free software license.",openalex,llm,1.000,unreviewed,
discarded,"Why Minimal Guidance During Instruction Does Not Work: An Analysis of the Failure of Constructivist, Discovery, Problem-Based, Experiential, and Inquiry-Based Teaching",Paul A. Kirschner; John Sweller; Richard E. Clark,2006,Educational Psychologist,10.1207/s15326985ep4102_1,https://openalex.org/W1976637107,adjacent-subtopic,"Evidence for the superiority of guided instruction is explained in the context of our knowledge of human cognitive architecture, expert–novice differences, and cognitive load. Although unguided or minimally guided instructional approaches are very popular and intuitively appealing, the point is made that these approaches ignore both the structures that constitute human cognitive architecture and evidence from empirical studies over the past half-century that consistently indicate that minimally guided instruction is less effective and less efficient than instructional approaches that place a strong emphasis on guidance of the student learning process. The advantage of guidance begins to recede only when learners have sufficiently high prior knowledge to provide ""internal"" guidance. Recent developments in instructional research and instructional design models that support guidance during instruction are briefly described.",openalex,llm,0.950,unreviewed,
discarded,Grounded theory research: A design framework for novice researchers,Ylona Chun Tie; Melanie Birks; Karen Francis,2019,SAGE Open Medicine,10.1177/2050312118822927,https://openalex.org/W2906994370,off-topic-false-hit,"BACKGROUND: Grounded theory is a well-known methodology employed in many research studies. Qualitative and quantitative data generation techniques can be used in a grounded theory study. Grounded theory sets out to discover or construct theory from data, systematically obtained and analysed using comparative analysis. While grounded theory is inherently flexible, it is a complex methodology. Thus, novice researchers strive to understand the discourse and the practical application of grounded theory concepts and processes. OBJECTIVE: The aim of this article is to provide a contemporary research framework suitable to inform a grounded theory study. RESULT: This article provides an overview of grounded theory illustrated through a graphic representation of the processes and methods employed in conducting research using this methodology. The framework is presented as a diagrammatic representation of a research design and acts as a visual guide for the novice grounded theory researcher. DISCUSSION: As grounded theory is not a linear process, the framework illustrates the interplay between the essential grounded theory methods and iterative and comparative actions involved. Each of the essential methods and processes that underpin grounded theory are defined in this article. CONCLUSION: Rather than an engagement in philosophical discussion or a debate of the different genres that can be used in grounded theory, this article illustrates how a framework for a research study design can be used to guide and inform the novice nurse researcher undertaking a study using grounded theory. Research findings and recommendations can contribute to policy or knowledge development, service provision and can reform thinking to initiate change in the substantive area of inquiry.",openalex,llm,1.000,unreviewed,
discarded,The instruction of reading comprehension,P. David Pearson; Margaret C. Gallagher,1983,Contemporary Educational Psychology,10.1016/0361-476x(83)90019-x,https://openalex.org/W2101026866,off-topic-false-hit,,openalex,llm,0.990,unreviewed,
discarded,A hands-on guide to doing content analysis,Christen Erlingsson; Petra Brysiewicz,2017,African Journal of Emergency Medicine,10.1016/j.afjem.2017.08.001,https://openalex.org/W2748793112,off-topic-false-hit,"There is a growing recognition for the important role played by qualitative research and its usefulness in many fields, including the emergency care context in Africa. Novice qualitative researchers are often daunted by the prospect of qualitative data analysis and thus may experience much difficulty in the data analysis process. Our objective with this manuscript is to provide a practical hands-on example of qualitative content analysis to aid novice qualitative researchers in their task.",openalex,llm,1.000,unreviewed,
discarded,The Coding Manual for Qualitative Researchers,Maria Lungu,2022,American Journal of Qualitative Research,10.29333/ajqr/12085,https://openalex.org/W4281564584,off-topic-false-hit,"The Coding Manual fourth edition is reformatted to 15 chapters and divided into three parts, as opposed to six chapters in the third edition. This provides readers with more straightforward yet more detailed sectional references. The fourth edition also introduces two new first-cycle coding methods, 'metaphor coding' and 'theming the data categorically.' The fourth edition is aptly suited as a guide for teaching contexts for coding processes, given the provision of a companion website with student exercises and digital content. This includes screenshots of relevant academic software for analyzing the material and detailed thematic mapping diagrams. Furthermore, this book can assist novice researchers in determining the appropriate approaches to reinforce their perspectives and provide incremental processes for qualitative coding data.",openalex,llm,1.000,unreviewed,
discarded,Machine learning for molecular and materials science,Keith T. Butler; Daniel W. Davies; Hugh Cartwright; Olexandr Isayev; Aron Walsh,2018,Nature,10.1038/s41586-018-0337-2,https://openalex.org/W2884430236,off-topic-false-hit,"Here we summarize recent progress in machine learning for the chemical sciences. We outline machine-learning techniques that are suitable for addressing research questions in this domain, as well as future directions for the field. We envisage a future in which the design, synthesis, characterization and application of molecules and materials is accelerated by artificial intelligence.",openalex,llm,1.000,unreviewed,
discarded,Toward an instance theory of automatization.,Gordon D. Logan,1988,Psychological Review,10.1037/0033-295x.95.4.492,https://openalex.org/W2073371272,adjacent-subtopic,"This article presents a theory in which automatization is construed as the acquisition of a domainspeciSc knowledge base, formed of separate representations, instances, of each exposure to the task. Processing is considered automatic if it relies on retrieval of stored instances, which will occur only after practice in a consistent environment. Practice is important because it increases the amount retrieved and the speed of retrieval; consistency is important because it ensures that the retrieved instances will be useful. The theory accounts quantitatively for the power-function speed-up and predicts a power-function reduction in the standard deviation that is constrained to have the same exponent as the power function for the speed-up. The theory accounts for qualitative properties as well, explaining how some may disappear and others appear with practice. More generally, it provides an alternative to the modal view of automaticity, arguing that novice performance is limited by a lack of knowledge rather than a scarcity of resources. The focus on learning avoids many problems with the modal view that stem from its focus on resource limitations. Automaticity is an important phenomenon in everyday mental life. Most of us recognize that we perform routine activities quickly and effortlessly, with little thought and conscious awareness—in short, automatically (James, 1890). As a result, we often perform those activities on ""automatic pilot "" and turn our minds to other things. For example, we can drive to dinner while conversing in depth with a visiting scholar, or we can make coffee while planning dessert. However, these benefits may be offset by costs. The automatic pilot can lead us astray, causing errors and sometimes catastrophes (Reason & Myceilska, 1982). If the conversation is deep enough, we may find ourselves and the scholar arriving at the office rather than the restaurant, or we may discover that we aren't sure whether we put two or three scoops of coffee into the pot. Automaticity is also an important phenomenon in skill acquisition (e.g., Bryan & Hatter, 1899). Skills are thought to consist largely of collections of automatic processes and procedures",openalex,llm,0.900,unreviewed,
discarded,When novices surpass experts: The difficulty of a task may increase with expertise.,Beth Adelson,1984,Journal of Experimental Psychology Learning Memory and Cognition,10.1037/0278-7393.10.3.483,https://openalex.org/W2133764456,adjacent-subtopic,"A detailed look at the representations constructed by novice and expert computer programmers is presented. The issue is addressed by looking at the interaction between the representation naturally formed by programmers at each level of expertise and .an experimentally induced abstract or concrete mental set. The data suggest that, in the absence of an experimentally provided set, experts form abstract representations (denned here as what a program does), whereas novices form concrete representations (defined here as how a program functions). The data also suggest that appropriate sets can aid each group to form the representation not natural to them; however, these representations are not as stable as the preferred ones. The generality of the findings and the utility of the experts' representation of a task is discussed both in relation to computer programming and to problem solving in other domains. In the semantically rich domains of skilled problem solving (Bhaskar & Simon, 1977), the difference between experts and nonexperts is both qualitative and quantitative. Not only do experts perform better than novices on quantitative measures of skill but experimental manipulations also uncover qualitative differ- ences in the representations and strategies used by experts. Repeatedly, we find that the work- ing representations of experts are abstract conceptualizations of the original problem statement, whereas those of novices are less abstract and focus more on surface features of the problem. For example, in a recent ex- periment, Adelson (1981c) found that expert programmers used abstract, conceptually based representations when attempting to re- call programming material, whereas novices used syntactically based representations. Using a multitrial free-recall procedure, Adelson asked novice and expert programmers to recall a set of 16 lines of programming code that had been presented in random order. Although the subjects had not been told that the 16 lines",openalex,llm,0.740,unreviewed,
discarded,Coding qualitative data: a synthesis guiding the novice,Mai Skjøtt Linneberg; Steffen Korsgaard,2019,Qualitative Research Journal,10.1108/qrj-12-2018-0012,https://openalex.org/W2944745716,off-topic-false-hit,"Purpose Qualitative research has gained in importance in the social sciences. General knowledge about qualitative data analysis, how to code qualitative data and decisions concerning related research design in the analytical process are all important for novice researchers. The purpose of this paper is to offer researchers who are new to qualitative research a thorough yet practical introduction to the vocabulary and craft of coding. Design/methodology/approach Having pooled, their experience in coding qualitative material and teaching students how to code, in this paper, the authors synthesize the extensive literature on coding in the form of a hands-on review. Findings The aim of this paper is to provide a thorough yet practical presentation of the vocabulary and craft of coding. The authors, thus, discuss the central choices that have to be made before, during and after coding, providing support for novices in practicing careful and enlightening coding work, and joining in the debate on practices and quality in qualitative research. Originality/value While much material on coding exists, it tends to be either too comprehensive or too superficial to be practically useful for the novice researcher. This paper, thus, focusses on the central decisions that need to be made when engaging in qualitative data coding in order to help researchers new to qualitative research engage in thorough coding in order to enhance the quality of their analyses and findings, as well as improve quantitative researchers’ understanding of qualitative coding.",openalex,llm,1.000,unreviewed,
discarded,"Musical Training as a Framework for Brain Plasticity: Behavior, Function, and Structure",Sibylle C. Herholz; Robert J. Zatorre,2012,Neuron,10.1016/j.neuron.2012.10.011,https://openalex.org/W2032209323,off-topic-false-hit,"Musical training has emerged as a useful framework for the investigation of training-related plasticity in the human brain. Learning to play an instrument is a highly complex task that involves the interaction of several modalities and higher-order cognitive functions and that results in behavioral, structural, and functional changes on time scales ranging from days to years. While early work focused on comparison of musical experts and novices, more recently an increasing number of controlled training studies provide clear experimental evidence for training effects. Here, we review research investigating brain plasticity induced by musical training, highlight common patterns and possible underlying mechanisms of such plasticity, and integrate these studies with findings and models for mechanisms of plasticity in other domains.",openalex,llm,1.000,unreviewed,
discarded,Machine Learning for Fluid Mechanics,Steven L. Brunton; Bernd R. Noack; Petros Koumoutsakos,2019,Annual Review of Fluid Mechanics,10.1146/annurev-fluid-010719-060214,https://openalex.org/W2973119841,off-topic-false-hit,"The field of fluid mechanics is rapidly advancing, driven by unprecedented volumes of data from experiments, field measurements, and large-scale simulations at multiple spatiotemporal scales. Machine learning (ML) offers a wealth of techniques to extract information from data that can be translated into knowledge about the underlying fluid mechanics. Moreover, ML algorithms can augment domain knowledge and automate tasks related to flow control and optimization. This article presents an overview of past history, current developments, and emerging opportunities of ML for fluid mechanics. We outline fundamental ML methodologies and discuss their uses for understanding, modeling, optimizing, and controlling fluid flows. The strengths and limitations of these methods are addressed from the perspective of scientific inquiry that considers data as an inherent part of modeling, experiments, and simulations. ML provides a powerful information-processing framework that can augment, and possibly even transform, current lines of fluid mechanics research and industrial applications.",openalex,llm,1.000,unreviewed,
kept,Studying the Novice Programmer,Elliot Soloway; Jim Spohrer,2013,Psychology Press eBooks,10.4324/9781315808321,https://openalex.org/W1615097079,supports-claim,"Parallel to the growth of computer usage in society is the growth of programming instruction in schools. This informative volume unites a wide range of perspectives on the study of novice programmers that will not only inform readers of empirical findings, but will also provide insights into how novices reason and solve problems within complex domains. The large variety of methodologies found in these studies helps to improve programming instruction and makes this an invaluable reference for researchers planning studies of their own. Topics discussed include historical perspectives, transfer, learning, bugs, and programming environments.",openalex,llm,0.900,unreviewed,
kept,A multi-national study of reading and tracing skills in novice programmers,Raymond Lister; Elizabeth Adams; Sue Fitzgerald; William Fone; John Hamer; Morten Lindholm; Robert McCartney; Jan Erik Moström; Kate Sanders; Otto Seppälä; Beth Simon; Lynda Thomas,2004,ACM SIGCSE Bulletin,10.1145/1041624.1041673,https://openalex.org/W2122166962,supports-claim,"A study by a ITiCSE 2001 working group (""the McCracken Group"") established that many students do not know how to program at the conclusion of their introductory courses. A popular explanation for this incapacity is that the students lack the ability to problem-solve. That is, they lack the ability to take a problem description, decompose it into sub-problems and implement them, then assemble the pieces into a complete solution. An alternative explanation is that many students have a fragile grasp of both basic programming principles and the ability to systematically carry out routine programming tasks, such as tracing (or ""desk checking"") through code. This ITiCSE 2004 working group studied the alternative explanation, by testing students from seven countries, in two ways. First, students were tested on their ability to predict the outcome of executing a short piece of code. Second, students were tested on their ability, when given the desired function of short piece of near-complete code, to select the correct completion of the code from a small set of possibilities. Many students were weak at these tasks, especially the latter task, suggesting that such students have a fragile grasp of skills that are a prerequisite for problem-solving.",openalex,llm,0.960,unreviewed,
discarded,Teaching Practice: A Cross-Professional Perspective,Pam Grossman; Christa Compton; Danielle Igra; Matthew Ronfeldt; Emily Shahan; Peter W. Williamson,2009,Teachers College Record The Voice of Scholarship in Education,10.1177/016146810911100905,https://openalex.org/W2160053845,off-topic-false-hit,"Background/Context This study investigates how people are prepared for professional practice in the clergy, teaching, and clinical psychology. The work is located within research on professional education, and research on the teaching and learning of practice. Purpose/Objective/Research Question/Focus of Study The purpose of the study is to develop a framework to describe and analyze the teaching of practice in professional education programs, specifically preparation for relational practices. Setting The research took place in eight professional education programs located in seminaries, schools of professional psychology, and universities across the country. Population/Participants/Subjects Our research participants include faculty members, students, and administrators at each of these eight programs. Research Design This research is a comparative case study of professional education across three different professions—the clergy, clinical psychology, and teaching. Our data include qualitative case studies of eight preparation programs: two teacher education programs, three seminaries, and three clinical psychology programs. Data Collection and Analysis For each institution, we conducted site visits that included interviews with administrators, faculty, and staff; observations of multiple classes and field-work; and focus groups with students who were either at the midpoint or at the end of their programs. Conclusions/Recommendations We have identified three key concepts for understanding the pedagogies of practice in professional education: representations, decomposition, and approximations of practice. Representations of practice comprise the different ways that practice is represented in professional education and what these various representations make visible to novices. Decomposition of practice involves breaking down practice into its constituent parts for the purposes of teaching and learning. Approximations of practice refer to opportunities to engage in practices that are more or less proximal to the practices of a profession. In this article, we define and provide examples of the representation, decomposition, and approximation of practice from our study of professional education in the clergy, clinical psychology, and teaching. We conclude that, in the program we studied, prospective teachers have fewer opportunities to engage in approximations that focus on contingent, interactive practice than do novices in the other two professions we studied.",openalex,llm,0.980,unreviewed,
