status,title,authors,year,venue,doi,url,tags,abstract,provider,decision_source,llm_confidence,llm_review_outcome,llm_change_direction
discarded,"Adverse outcome pathways: opportunities, limitations and open questions",Marcel Leist; Ahmed Ghallab; Rabea Graepel; Rosemarie Marchan; Reham Hassan; Susanne Hougaard Bennekou; Alice Limonciel; Mathieu Vinken; Stefan Schildknecht; Tanja Waldmann; Erik H.J. Danen; B. van Ravenzwaay; Hennicke Kamp; Iain Gardner; Patrício Godoy; Frédéric Y. Bois; Albert Braeuning; Raymond Reif; Franz Oesch; Dirk Drasdo; Stefan Höhme; Michael Schwarz; Thomas Härtung; Thomas Braunbeck; Joost B. Beltman; Harry Vrieling; Ferrán Sanz; Anna Forsby; Domenico Gadaleta; Ciarán Fisher; Jens M. Kelm; David A. Fluri; Gerhard F. Ecker; Barbara Zdrazil; Andrea Terron; Paul Jennings; Bart van der Burg; Steven Dooley; Annemarie H. Meijer; Egon Willighagen; Marvin Martens; Chris T. Evelo; Enrico Mombelli; Olivier Taboureau; Alberto Mantovani; Barry Hardy; Bjørn E. V. Koch; Sylvia E. Escher; Christoph van Thriel; Cristina Cadenas; Dinant Kroese; Bob van de Water; Jan G. Hengstler,2017,Archives of Toxicology,10.1007/s00204-017-2045-3,https://openalex.org/W2765128648,off-topic-false-hit,"Adverse outcome pathways (AOPs) are a recent toxicological construct that connects, in a formalized, transparent and quality-controlled way, mechanistic information to apical endpoints for regulatory purposes. AOP links a molecular initiating event (MIE) to the adverse outcome (AO) via key events (KE), in a way specified by key event erelationships (KER). Although this approach to formalize mechanistic toxicological information only started in 2010, over 200 AOPs have already been established. At this stage, new requirements arise, such as the need for harmonization and re-assessment, for continuous updating, as well as for alerting about pitfalls, misuses and limits of applicability. In this review, the history of the AOP concept and its most prominent strengths are discussed, including the advantages of a formalized approach, the systematic collection of weight of evidence, the linkage of mechanisms to apical end points, the examination of the plausibility of epidemiological data, the identification of critical knowledge gaps and the design of mechanistic test methods. To prepare the ground for a broadened and appropriate use of AOPs, some widespread misconceptions are explained. Moreover, potential weaknesses and shortcomings of the current AOP rule set are addressed (1) to facilitate the discussion on its further evolution and (2) to better define appropriate vs. less suitable application areas. Exemplary toxicological studies are presented to discuss the linearity assumptions of AOP, the management of event modifiers and compensatory mechanisms, and whether a separation of toxicodynamics from toxicokinetics including metabolism is possible in the framework of pathway plasticity. Suggestions on how to compromise between different needs of AOP stakeholders have been added. A clear definition of open questions and limitations is provided to encourage further progress in the field.",openalex,llm,0.990,unreviewed,
discarded,Soft micromachines with programmable motility and morphology,Hen‐Wei Huang; Mahmut Selman Sakar; Andrew J. Petruska; Salvador Pané; Bradley J. Nelson,2016,Nature Communications,10.1038/ncomms12263,https://openalex.org/W2490835233,off-topic-false-hit,"Nature provides a wide range of inspiration for building mobile micromachines that can navigate through confined heterogenous environments and perform minimally invasive environmental and biomedical operations. For example, microstructures fabricated in the form of bacterial or eukaryotic flagella can act as artificial microswimmers. Due to limitations in their design and material properties, these simple micromachines lack multifunctionality, effective addressability and manoeuvrability in complex environments. Here we develop an origami-inspired rapid prototyping process for building self-folding, magnetically powered micromachines with complex body plans, reconfigurable shape and controllable motility. Selective reprogramming of the mechanical design and magnetic anisotropy of body parts dynamically modulates the swimming characteristics of the micromachines. We find that tail and body morphologies together determine swimming efficiency and, unlike for rigid swimmers, the choice of magnetic field can subtly change the motility of soft microswimmers.",openalex,llm,0.990,unreviewed,
discarded,Towards a Synthesized Critique of Neoliberal Biodiversity Conservation,Bram Büscher; Sian Sullivan; Katja Neves; Jim Igoe; Dan Brockington,2012,Capitalism Nature Socialism,10.1080/10455752.2012.674149,https://openalex.org/W2095184253,off-topic-false-hit,"The aim of this paper is to provide a synthesized critique of neoliberal biodiversity conservation. This, we think, is necessary for two reasons. First, most work on the intersection of neoliberali...",openalex,llm,0.990,unreviewed,
discarded,Colonial and Postcolonial Discourse: Cultural Critique or Academic Colonialism?,Walter D. Mignolo,1993,Latin American Research Review,10.1017/s0023879100016988,https://openalex.org/W4312602458,off-topic-false-hit,"Commenting on Patricia Seed's well-informed and useful review essay (Seed 1991) within a limited number of pages requires selectivity.I will first offer a brief summary of my reading of the essay and then discuss specific issues that have been of concern to me in the past decade.Seed's ""Colonial and Postcolonial Discourse"" raises two distinctive topics.The introduction and conclusion are devoted to placing colonial discourse into contemporary scholarship and tracing its debts, complicities, and differences with poststructuralism, subaltern studies, new historicism, and feminist theory.In between, five books are discussed, three on Latin America and two on the Philippines.After discussing the five books in terms of current trends in history, anthropology; and literary criticism, Seed offers her overall conclusion: What all these works do to varying degrees is to achieve one of the functions of a critique: to posit an idea about the humanities disciplines-ehistory literary criticism, cultural anthropology-as more than decorative knowledge, as knowledge critical of the relations of authority within a society.The aim of the critique in each of these disciplines is different-economic relations of authority; cultural relations of authority (the canon), conventional political relations of authority.But the basic target of critique remains the same-the relations of authority in colonial and postcolonial states-and it is thus an enterprise of cultural and political criticism being carried out in a resolutely postcolonial era.(P.200)",openalex,llm,0.990,unreviewed,
discarded,The Oxford Handbook of Political Methodology,,2008,Oxford University Press eBooks,10.1093/oxfordhb/9780199286546.001.0001,https://openalex.org/W1565347943,adjacent-subtopic,"Abstract The Oxford Handbook of Political Methodology is designed to reflect developments of all the key specific methodologies through comprehensive overviews and critiques. Political methodology has changed dramatically in the past thirty years. Not only have new methods and techniques been developed, but the Political Methodology Society and the Qualitative Methods Section of the American Political Science Association have engaged in on-going research and training programs that have advanced both quantitative and qualitative methodology. This Handbook emphasises three things. First, techniques should be the servants of improved data collection, measurement, conceptualization, and the understanding of meanings and the identification of causal relationship in social science research. Techniques are described with the aim of showing how they contribute to these tasks, and the emphasis is upon developing good research designs — not upon simply using sophisticated techniques. Second, there are many different ways that these tasks can be undertaken in the social sciences through description and modelling, case-study and large-n designs, and quantitative and qualitative research. Third, techniques can cut across boundaries and be useful for many different kinds of researchers. The articles ask how these methods can be used by, or at least inform, the work of those outside those areas where they are usually employed. For example, scholars describing large-n statistical techniques should ask how their methods might at least inform, if not sometimes be adopted by, those doing case studies or interpretive work, and those explaining how to do comparative historical work or process tracing should explain how it could inform those doing time-series studies.",openalex,llm,0.950,unreviewed,
kept,Control flow analysis,Frances Allen,1970,,10.1145/800028.808479,https://openalex.org/W4238983745,adjacent-subtopic,"Any static, global analysis of the expression and data relationships in a program requires a knowledge of the control flow of the program. Since one of the primary reasons for doing such a global analysis in a compiler is to produce optimized programs, control flow analysis has been embedded in many compilers and has been described in several papers. An early paper by Prosser [5] described the use of Boolean matrices (or, more particularly, connectivity matrices) in flow analysis. The use of “dominance” relationships in flow analysis was first introduced by Prosser and much expanded by Lowry and Medlock [6]. References [6,8,9] describe compilers which use various forms of control flow analysis for optimization. Some recent developments in the area are reported in [4] and in [7].",openalex,llm,0.740,unreviewed,
