status,title,authors,year,venue,doi,url,tags,abstract,provider,decision_source,llm_confidence,llm_review_outcome,llm_change_direction
discarded,Cultural norms and religious coping: Barriers to mental health help-seeking among Egyptians in domestic and western contexts,"Kovalenko, Julia; Farouk, Nadeen; Nasr, Reham Ateya",2026,HEALTH PSYCHOLOGY RESEARCH,10.36922/hpr.0113,https://www.webofscience.com/wos/woscc/full-record/WOS:001819541300016,off-topic-false-hit,"Background: Mental health stigma and religious coping heavily influence professional help-seeking, but their collective cross-cultural impact on Egyptians remains underexplored. Objective: The aim of this mixed-methods study was to explore mental health help-seeking attitudes among Egyptians in cross-cultural settings, with a focus on the roles of cultural norms and religious coping. Methods: This mixed-methods study surveyed 115 Muslim Egyptians in domestic and Western contexts. Quantitative data were analyzed using analysis of covariance (ANCOVA) and general linear model (GLM) mediation, alongside rigorous thematic analysis of qualitative responses. Results: Quantitative analysis (n = 115), employing ANCOVA and a GLM for mediation, revealed that cultural masculinity norms significantly contributed to less positive attitudes toward seeking professional psychological help among Egyptian men, regardless of age or residence (Egypt versus Western countries). Positive religious coping significantly mediated the relationship between Western residence and help-seeking attitudes (indirect effect: beta = 0.076, z = 2.22, p = 0.027, 95% confidence interval [0.312-2.052]). Specifically, Western residence predicted lower reliance on positive religious coping (beta = -0.276, z = -3.08, p = 0.002), which in turn was associated with more favorable help-seeking attitudes (beta = -0.277, z = -3.20, p = 0.001). Conclusion: Qualitative thematic and comparative analyses expanded on these findings, identifying key barriers such as cultural stigma, associating mental health problems with ""madness,"" rejection of help-seeking by older generations, and the influence of ""toxic masculinity"" in suppressing men's willingness to seek professional support. Religion emerged as a complex barrier, with participants often prioritizing religious practices over therapy despite acknowledging no religious prohibition against seeking professional help. Additional barriers included mistrust of providers, financial challenges, and misconceptions about mental health services. Practical implications emphasize the importance of targeted educational programs in schools and universities to reduce stigma, challenge cultural stereotypes, and encourage open discussions about mental health, particularly among younger populations. These efforts could foster societal change and improve acceptance of mental health support.",wos,llm,1.000,unreviewed,
discarded,"Introducing High School Students to Radiation Oncology Through a Case-Based School-Work Orientation Program: The ""Invisible Scalpel"" Experience","Rinaldi, Raffaella Michela; Manfrida, Stefania; Martino, Antonella; Stimato, Gerardina; Romano, Angela; Iacovone, Sara; Ferrigno, Laura; Calabrese, Cristina; Gambacorta, Maria Antonietta; Massaccesi, Mariangela",2026,JOURNAL OF CANCER EDUCATION,10.1007/s13187-026-02945-7,https://www.webofscience.com/wos/woscc/full-record/WOS:001819546300001,off-topic-false-hit,"Background: Radiation oncology is central to multidisciplinary cancer care but remains poorly visible to students. Early educational exposure may improve awareness of the discipline and of the professional roles involved in radiotherapy. This study evaluated the short-term educational impact of a case-based school-work orientation program for high school students. Methods: Between December 2025 and March 2026, 80 high school students participated in the ""Invisible Scalpel"" program at Fondazione Policlinico Universitario A. Gemelli IRCCS and Universit & agrave; Cattolica del Sacro Cuore, Rome. The program included 18 h of classroom-based teaching and 12 h of supervised group activities focused on a simulated clinical case. Students explored the roles of radiation oncologists, radiotherapy technicians/radiation therapists, medical physicists, and biomedical engineers. Anonymous pre- and post-program questionnaires were completed by 60 students and analyzed descriptively. Likert scales (1-5) were used to evaluate attitudes towards the discipline. Results: Baseline knowledge of the purpose of radiotherapy was high, but awareness of professional roles, particularly medical physicists and biomedical engineers, was limited. After the program, all students correctly identified radiotherapy as a cancer treatment, 90% reported being informed about the professional roles involved, and correct identification of the radiation oncologist as responsible for treatment prescription increased from 33.3% to 71.7%. Misconceptions regarding radiation visibility and post-treatment radioactivity decreased. The proportion of students considering radiation oncology as a possible future career increased modestly from 11.7% to 16.6%. Program satisfaction was high, with all respondents stating that they would recommend the experience to peers. Conclusions: A case-based, multidisciplinary school-work orientation program was associated with improved knowledge of radiotherapy, reduced misconceptions about radiation safety, and greater awareness of professional roles within the radiotherapy team. Although the short-term effect on career interest was modest, this educational format may represent a feasible model for early exposure to radiation oncology and related healthcare, physics, and engineering careers.",wos,llm,1.000,unreviewed,
discarded,Perceived stigma among hospitalized pulmonary tuberculosis patients in Hue Central Hospital: A 2024 mixed method study in Vietnam,"Luong, Thao Thi Van; Le, Huong Thi Thanh; Nguyen, Anh Quynh; Truong, Bao Quy Quoc; Tran, Thuy Thi Thu",2026,PLOS GLOBAL PUBLIC HEALTH,10.1371/journal.pgph.0006752,https://www.webofscience.com/wos/woscc/full-record/WOS:001819591300003,off-topic-false-hit,"Perceived tuberculosis related stigma remains a critical structural barrier to timely healthcare-seeking and a major driver of the global tuberculosis burden. This study aimed to estimate the prevalence of perceived stigma and identify its associated factors among hospitalized pulmonary tuberculosis inpatients in Hue Central Hospital - a national tertiary hospital in Vietnam - in 2024. A mixed-methods design was employed, incorporating both quantitative and qualitative components. The quantitative component utilized the validated Van Rie Tuberculosis Stigma Scale (VTSS) with 200 pulmonary tuberculosis inpatients from May to July 2024 to measure multiple dimensions of perceived stigma. Additionally, 13 in-depth interviews were conducted with inpatients and healthcare workers following the quantitative phase. Quantitative data were analyzed using multivariable regression while qualitative data were audio-recorded, transcribed, thematically coded, and used to enrich interpretation of quantitative findings. Overall, 43.5% of inpatients experienced perceived stigma, 90.5% intentionally kept physical distance from others, and 87.0% disclosed their disease status selectively to close family members. Perceived stigma was more prevalent among patients with higher socioeconomic status (aOR = 2.01; 95%CI: 1.01-3.99), and those who were unmarried or widowed (aOR = 2.93; 95%CI: 1.01-8.47). Qualitative results further highlighted how social isolation, fear of contagion, and persistent cultural misconceptions about tuberculosis - compounded by the visibility of a tertiary hospital - significantly shaped these perceived stigmatizing experiences. Perceived pulmonary tuberculosis related stigma among pulmonary tuberculosis inpatients remains high. These findings underscore the urgent need for integrating stigma-reduction strategies into routine tuberculosis programs, including community education, patient-centered counselling, and strengthened social support mechanisms to mitigate the psychological burden of the disease.",wos,llm,1.000,unreviewed,
discarded,Initial Pre-Service Teacher Education on Rare Diseases: A Sensitization Experience in the University Context,"Riera-Negre, Laia; Ramon, Maria Rosa Rossello; Gelabert, Sebastia Verger",2026,EDUCATIO SIGLO XXI,10.6018/educatio.639601,https://www.webofscience.com/wos/woscc/full-record/WOS:001814583000014,off-topic-false-hit,"This study explores the impact of an awareness campaign on rare diseases (RDs) in the training of future teachers, focusing on their preparation to support students with special educational needs associated with these conditions. The campaign, implemented at the Faculty of Education of the University of the Balearic Islands, aimed to reduce the lack of awareness surrounding RDs and enhance participants' capacity to provide inclusive educational responses. A quantitative, exploratory methodology was applied to a sample of n = 419 students enrolled in Early Childhood Education, Primary Education, and Pedagogy programs. Their levels of knowledge, misconceptions, and knowledge gaps were analyzed using the Rare Disease Knowledge Questionnaire (RDKQ). The results indicate that students in Early Childhood Education demonstrated greater knowledge of RDs than their peers in Pedagogy and Primary Education. Additionally, a slight reduction in misconceptions and knowledge gaps was observed among students who participated in the campaign, although the overall level of knowledge about RDs remained limited. These findings suggest that awareness initiatives can effectively increase future teachers' understanding of RDs; however, additional training strategies are needed to consolidate this knowledge and promote high-quality inclusive education.",wos,llm,1.000,unreviewed,
discarded,Metacognition and misconceptions: unpacking their relationship in science learning,"Suteu, Lavinia; Ciascai, Liliana",2026,JOURNAL OF EDUCATIONAL SCIENCES & PSYCHOLOGY,10.51865/JESP.2026.1.16,https://www.webofscience.com/wos/woscc/full-record/WOS:001813164400016,off-topic-false-hit,"This study investigates the predictive role of metacognitive awareness in relation to science misconceptions among prospective and practicing teachers. Participants (n = 252) completed the Metacognitive Awareness Inventory (to assess metacognitive awareness) and a ten-item true-false diagnostic instrument designed to assess science misconceptions. The analyses revealed a significant negative correlation between metacognitive awareness and misconceptions among prospective teachers. Within this group, higher levels of metacognitive awareness predicted lower levels of misconceptions. These findings highlight the importance of integrating metacognitive training into teacher education programs to enhance conceptual understanding in science and reduce the persistence of misconceptions.",wos,llm,0.990,unreviewed,
discarded,Community awareness of thalassemia prevention in Iraq: a cross-sectional study,"Mahdi, Manar E.; Al-momen, Hayder",2026,CHIRURGIA-ITALY,10.23736/S0394-9508.25.05985-6,https://www.webofscience.com/wos/woscc/full-record/WOS:001811181700006,off-topic-false-hit,"BACKGROUND: Thalassemia, an inherited hemolytic disorder characterized by defective hemoglobin synthesis, poses a significant public health challenge globally, with a particularly high prevalence in the Middle East. Despite the availability of preventive measures, effective community awareness and acceptance remain critical for reducing the incidence of thalassemia major. The aim of this study was to evaluate the level of community awareness regarding thalassemia prevention in Iraq. Specifically, it seeks to assess general knowledge about thalassemia, understanding of its genetic transmission, awareness of preventive strategies, identification of prevalent misconceptions, and the influence of demographic factors on awareness levels. METHODS: A cross-sectional study was conducted in Iraq using an online questionnaire distributed nationwide from March 2024 to January 2025. The population consisted of 723 Iraqi individuals aged 18 and above from various governorates. Convenience sampling was used for broad participation. Data was collected using Google Forms and analyzed using SPSS version 23. Descriptive statistics summarized demographic characteristics and awareness levels, while Pearson chi 2 tests examined associations between demographic variables and awareness domains. RESULTS: The study revealed a high general awareness of thalassemia, with 81.7% of participants having heard of the disease. A majority (66.3%) correctly identified thalassemia as a hereditary disorder, and 63.5% understood that two carriers can have a child with thalassemia major. However, significant knowledge gaps were identified, including misconceptions about the transmission of thalassemia through food (7.6%) and its classification as an infectious disease (7.6%). Additionally, only 36.1% were aware that thalassemia can be diagnosed at birth, and 34.4% recognized thalassemia as preventable. Demographic analysis indicated that higher education levels and urban residency were associated with greater awareness and understanding of thalassemia prevention. Notably, misconceptions and lack of knowledge were prevalent among lower socioeconomic groups and those residing in rural areas. CONCLUSIONS: While overall awareness of thalassemia is relatively high in Iraq, significant gaps and misconceptions persist, particularly regarding genetic transmission, preventability, and diagnostic methods. These findings highlight the need for comprehensive, targeted educational programs that address specific knowledge deficits and cultural barriers. Enhancing community awareness through genetic counseling, premarital screening initiatives, and public health campaigns is essential for effective thalassemia prevention and reducing the socioeconomic burden of the disease in Iraq. Future interventions should prioritize accessibility and cultural sensitivity to ensure broad-based participation and acceptance across diverse demographic segments.",wos,llm,1.000,unreviewed,
discarded,"Knowledge, attitudes, and perceived barriers to seeking treatment for tuberculosis and diabetes in Ghana: a survey on world tuberculosis day","Asante-Poku, Adwoa; Yeboah-Manu, Michelle; Osei-Wusu, Stephen; Asare, Prince; Boadu, Augustine Asare; Danso, Emelia Konadu; Tetteh, Phillip; Siam, Ishaque Mintah; Hayibor, Kenneth Mawuta; Afum, Theophilus; Afreh, Emmanuel; Ocloo, Edmond Kwaku; Otchere, Isaac Darko; Arthur, Nelly; Adusi-Poku, Yaw; Cato, Charlotte-Alberta; Adjei, Abraham; Afriyie-Mensah, Jane; Yeboah-Manu, Dorothy",2026,FRONTIERS IN PUBLIC HEALTH,10.3389/fpubh.2026.1826484,https://www.webofscience.com/wos/woscc/full-record/WOS:001808631800001,off-topic-false-hit,"Background The global tuberculosis (TB) burden remains high, though several interventions have been instituted to fight the TB epidemic. Community perception and understanding play a critical role in health-seeking behaviors, ultimately influencing the acceptance and effectiveness of control efforts. In observance of World Tuberculosis (TB) Day in 2022 and 2023, we engaged the community and sought their understanding of TB and diabetes mellitus (DM).Methods Interactive educational sessions were held in the outpatient department, basic schools, nursing college, and the market. A validated questionnaire was administered to consenting adults to evaluate their knowledge and views on TB and DM. Responses from participants were gathered using the KoboToolbox data collection program. Participants also underwent health screening, and those identified with TB and or DM were sent to Korle-Bu Teaching Hospital (KBTH) for appropriate management.Results The survey documented responses from 285 individuals. The majority of the participants (63.5%) were women, aged 36-59 (38.3%), and had only basic school education (50.9%). Among the 179 individuals aware of TB, 48% accurately recognized bacteria or germs as its causative agents. Nonetheless, certain myths persisted, with around 6% attributing the disease to witchcraft or curses and 21% unclear of its genesis. Approximately 85% of individuals were aware of DM, while around 72% ascribed its etiology to dietary factors. Concerning community members' engagement with patients diagnosed with TB, only 52.3% indicated they would have contact with those living with TB, whereas 82.5% expressed willingness to engage with those with diabetes mellitus. Approximately 55% of the participants perceived that both TB and DM are incurable.Conclusion Our findings reveal critical knowledge gaps and widespread misconceptions about TB and DM. These gaps can be reduced through health education campaigns and community engagement that foster timely health-seeking behaviors, improving disease outcomes.",wos,llm,1.000,unreviewed,
discarded,Educating teachers on child sexual abuse and assessing its impact on teacher's knowledge and attitudes in rural primary schools in Cambodia: a pretest-posttest study,"Kantipudi, Swarnamala; Chuemchit, Montakarn",2026,HUMANITIES & SOCIAL SCIENCES COMMUNICATIONS,10.1057/s41599-026-07369-8,https://www.webofscience.com/wos/woscc/full-record/WOS:001808743100001,off-topic-false-hit,"In Cambodia, many children face sexual abuse both offline and online, highlighting the urgent need for primary prevention strategies. The purpose of this study was to provide education on child sexual abuse (CSA) and its prevention to teachers, and to evaluate changes in their knowledge and attitudes toward CSA before and after the educational intervention. Using a pre- and post-test design, teachers were recruited through purposive sampling. Data was gathered via a self-administered questionnaire covering demographics, CSA knowledge, and attitudes. A four-week CSA education program was provided to the study participants. Chi-square and McNemar's tests were applied to analyse inter- and intragroup differences. Teachers in the intervention group showed significant improvements in their knowledge of CSA and attitudes toward learning after the school-based intervention. Knowledge scores increased for 14 out of 15 items (p < 0.05), with the largest gains in understanding the consequences of CSA (+61.7%), its preventability (+60.0%), and correcting misconceptions about stranger danger (+53.3%). Attitudes toward CSA prevention improved significantly across all 10 items (p < 0.001), including a 65% increase in rejecting victim-blaming beliefs and a 51.7% endorsement of mandatory reporting. In contrast, the control group showed no significant improvements in knowledge or attitudes (p > 0.05), with some items even declining. The intervention successfully raised awareness, equipping primary school teachers to handle sensitive issues and challenge misconceptions about CSA. It is recommended to continue CSA awareness workshops for teachers, integrate a CSA curriculum in schools, and strengthen supportive policies to promote student-centered education.",wos,llm,1.000,unreviewed,
