status,title,authors,year,venue,doi,url,tags,abstract,provider,decision_source,llm_confidence,llm_review_outcome,llm_change_direction
discarded,A Learner-Centred Exploration of Teachers' Solution Pathways in K-12 Programming-Based Mathematical Problem-Solving,"Ye, Huiyan; Liang, Biyao; Ng, Oi-Lam",2025,JOURNAL OF COMPUTER ASSISTED LEARNING,10.1111/jcal.70102,https://www.webofscience.com/wos/woscc/full-record/WOS:001583307400020,adjacent-subtopic,"Background Empirical studies have revealed students' development of computational thinking (CT) and mathematical thinking (MT) during programming-based mathematical problem-solving, highlighting specific CT concepts or practices that serve as learning goals or outcomes. However, implementing programming-based mathematics instruction requires teachers to have sufficient knowledge about learners' thinking processes in such a context, while very little is known about multifaceted solution development from a learner-centred perspective. Objectives Viewing CT and MT as processes that go beyond specific skills or concepts, we conducted a qualitative study to investigate how participants develop computational solutions to mathematical problems and construct meaningful understandings of these solutions. Methods We adopted an interpretive approach to participants' solution pathways to reveal their diverse thinking processes underlying solution development. A constant comparative analysis approach was undertaken to guide the data analysis. Results and Conclusions We identified multiple solution pathways in developing programming-based mathematical solutions (PMS) and characterised four significant pathways comprising seven distinct sub-situations: (1) transition between personal MT and invalid PMS, (2) evolution from invalid PMS to valid PMS, (3) construction from non-meaningful PMS to meaningful PMS and (4) revision from suboptimal PMS to optimal PMS. The findings contribute to a deeper understanding of problem solvers' learning in programming-based mathematical problem-solving and offer implications for theory and practice in programming-rich mathematics education.",wos,llm,0.900,unreviewed,
discarded,Evaluating Computational Thinking Practices in Early Childhood Education: Insights from an Intervention Bridging Research and Practice,"Bahr, Tobias",2025,"PROCEEDINGS OF THE 30TH ACM CONFERENCE ON INNOVATION AND TECHNOLOGY IN COMPUTER SCIENCE EDUCATION VOL 1, ITICSE 2025",10.1145/3724363.3729057,https://www.webofscience.com/wos/woscc/full-record/WOS:001539192600096,adjacent-subtopic,"Many K-12 computer science (CS) education programs have started focusing on fostering Computational Thinking (CT) skills as early as kindergarten. While secondary-level CS education has been extensively studied, there is limited research on CT practices in early childhood education (ECE), particularly from the perspective of kindergarten teachers. Understanding how CT is taught by kindergarten teachers and how they rate the CT practices of students in preschool is essential for developing effective new curricula and professional development programs. Therefore, this study evaluates an eight-week CT intervention conducted by kindergarten teachers in naturalistic settings, addressing two critical research gaps: 1) the emphasis on CT practices rather than concepts, and 2) the perspectives of kindergarten teachers on CT activities. 109 preschool students (62 female, 43 male, 4 missing information) with the age of five or six years old from six kindergartens in Baden-Wurttemberg, Germany participated in the intervention. The overall evaluation using the TechCheck-K and the observation scale for CT unplugged activities (OSCTU) show significant improvements of students CT skills. I conclude by discussing the implications of these findings for the integration of CT in ECE. These insights contribute to bridging research and practice, offering a foundation for sustainable CT education initiatives for young learners.",wos,llm,0.880,unreviewed,
discarded,Moving Through the Messy Middle: Longitudinal Case Studies of Teachers' Computational Thinking Infusion,"Jocius, Robin; Joshi, Deepti; Blanton, Melanie; Albert, Jennifer; O'Byrne, W. Ian",2025,TECHNOLOGY KNOWLEDGE AND LEARNING,10.1007/s10758-025-09886-y,https://www.webofscience.com/wos/woscc/full-record/WOS:001549194700001,adjacent-subtopic,"TPACK (technological pedagogical content knowledge) has been widely used as a framework for understanding and creating teacher professional development experiences with technology, including teacher learning about programming and computational thinking (CT), which refers to the set of problem-solving practices inherent to the computer science discipline. However, one persistent gap in the knowledge base is the need for research that examines teachers' development of new pedagogical practices over an extended period. This study contributes a longitudinal perspective on teacher learning about computational thinking in relation to three TPACK domains: pedagogical content knowledge, technological content knowledge, and technological pedagogical content knowledge. Qualitative data from a five-year study of teachers' CT integration, including interviews, surveys, programming products, pedagogical artifacts, and practitioner research projects, were analyzed to unpack how two case study teachers (secondary math and science) came to understand CT and coding concepts, as well as how they utilized CT-infused teaching practices in their classrooms. Findings suggest that as teachers developed clear understandings of CT and more sophisticated knowledge of programming concepts, they were able to design scaffolded and sequential CT learning experiences for students and colleagues.",wos,llm,0.910,unreviewed,
discarded,Enhancing Computational Thinking of Deaf Students Using STEAM Approach,"Kaewkamnerd, Saowaluck; Suwannarat, Alisa",2025,EDUCATION SCIENCES,10.3390/educsci15050627,https://www.webofscience.com/wos/woscc/full-record/WOS:001495925100001,adjacent-subtopic,"Computational thinking (CT), an interrelation of skills and practices, is a crucial competency that empowers individuals to tackle logical problems, enabling them to overcome various challenges in their daily lives. To help Deaf students (those with hearing loss and using sign language for communication) enhance their CT, a STEAM learning program using a physical computing tool is proposed. The learning program composes four courses: learning concepts, implementing concepts, finding solutions to real problems and developing innovations. The program engaged Deaf students from 18 Deaf schools. It is geared towards boosting students' CT and facilitating their capacity to devise technology-based solutions. The program measured students' CT effectiveness based on the CT framework: concepts, practices, and perspectives. The measurement encompassed multiple-choice assessments for CT concepts, task rubrics for CT practices, and interview and invention observations for CT perspectives. The program concludes with participating in a science project competition, using a physical computing tool, called KidBright, to solve real-world issues by integrating science, mathematics, and art. After completing the learning program, Deaf students demonstrated an improved understanding of CT concepts, performing high-level CT practices, and expressing strong CT perspectives. These indicate that a STEAM learning program utilizing a physical computing tool can help Deaf students enhance their computational thinking.",wos,llm,0.840,unreviewed,
discarded,Design mobile computational thinking-integrated mathematics lessons based on the 5E instructional model for primary students,"Fang, Xiaoxuan; Ng, Davy Tsz Kit; Tam, Wing Tung; Yuen, Manwai",2025,ETR&D-EDUCATIONAL TECHNOLOGY RESEARCH AND DEVELOPMENT,10.1007/s11423-025-10513-x,https://www.webofscience.com/wos/woscc/full-record/WOS:001497107200001,adjacent-subtopic,"In recent years, studies have discussed how to introduce computational thinking (CT) concepts in mathematics education through mobile app development. In this study, the design of mathematics lessons based on the 5E instructional model to extend the idea of CT in a mobile technology environment (i.e., mobile CT) was investigated. Twenty-three primary five students in Hong Kong participated in this study. The teacher taught the students how to develop a mobile calculation game to learn the mathematical concept ""area"" through paper prototyping and mobile app development activities. Using a design-based research approach, the study examined students' performance and behavior in the classroom to acquire mathematics knowledge and mobile CT. Qualitative conversation analysis was used to interpret teacher-student interaction, code files, and screen captures of students' work. The analysis provided evidence on how students constructed mathematics concepts about ""area"" and built their mobile calculation games using mobile CT concepts, practices, and perspectives. The results propose the use of the 5E instructional model to enhance students' engagement in and motivation for mathematics learning and strengthen their problem-solving skills, critical thinking, and communication and collaboration skills. Mobile CT-integrated mathematics lessons suggest ways for future educators to incorporate other mathematics topics into CT education. This study recommends that the 5E instructional model could be suitable for the instructional design of primary school CT-integrated mathematics curriculum. A set of design principles for integrating CT into mathematics curriculum is recommended.",wos,llm,0.880,unreviewed,
kept,Foundations and perspectives of computational thinking: a comprehensive analysis for future research,"Monge-Fallas, Jorge; Sancho-Chavarria, Liliana; Garita-Rodriguez, Cesar; Gonzalez-Torres, Antonio; Trejos-Zelaya, Ignacio",2025,TECNOLOGIA EN MARCHA,10.18845/tm.v38i1.7055,https://www.webofscience.com/wos/woscc/full-record/WOS:001490685800012,supports-claim,"This article delves into the understanding and application of computational thinking, a pivotal skill in the digital era. Initially conceptualized by Wing in 2006, this concept transcends mere coding and programming to encompass problem-solving, system design, and understanding human behavior based on computer science principles. Over the years, this approach has broadened to include critical skills such as abstraction, data analysis, modeling, and solution automation. The study explores various interpretations of computational thinking, from being a technique for devising solutions to an intellectual competency for analyzing and solving real-world problems. Through literature analysis and evaluation of different tools and methodologies, the research emphasizes the importance of skills such as problem decomposition, abstraction, algorithmic thinking, and evaluation in education and professional practice. Despite the absence of a unified definition, computational thinking is recognized as an essential multidimensional skill, underscoring the necessity of effective teaching and assessment strategies. Moreover, it stresses the need to establish a universal definition of computational thinking, followed by a clear identification of its dimensions and constituent elements. Developing accurate indices and objective metrics is crucial for effectively assessing the level of computational thinking, laying the groundwork for rigorous and methodical research in the field.",wos,llm,0.970,unreviewed,
discarded,Bridging computational thinking research and practice of pre-service and in-service teachers,"Chaabi, Hasnaa; Azmani, Abdellah; Dodero, Juan Manuel",2025,HUMANITIES & SOCIAL SCIENCES COMMUNICATIONS,10.1057/s41599-025-04895-9,https://www.webofscience.com/wos/woscc/full-record/WOS:001488107200001,adjacent-subtopic,"This study investigates the integration of Computational Thinking (CT) into STEAM education, particularly focusing on Mathematics and Professional Development (PD) for educators. Through a systematic review conducted across several databases, we analyzed 40 articles on the current state of Professional Development in CT within STEAM subjects, emphasizing definitions and their integration into existing curricula. We focused on scientific papers that examined the relationship between the studied concepts (CT, Computer Science - CS, and Math), excluding those that solely focused on CT or CS. We applied a dual review protocol to ensure accuracy and reduce the risk of bias. Our findings reveal a strong emphasis (82.5%) on curriculum integration. Interestingly, pre-service and in-service teachers are disproportionately targeted, while university-level training remains limited (5%). Additionally, a growing trend highlights an interest in exploring the synergy between Computer Science and CT and underscores CT PD's infancy within STEAM education. Furthermore, the study identifies a surprising need for increased reference (25%) to pioneering figures like Papert and Wing in the existing literature. The methodology employs keyword analysis and the Jaccard index to measure concept similarity. This study uniquely focuses on studying the reported transfer of CT knowledge and definition in the context of PD. It offers a new perspective on the reported envisioned relationship between CT and CS when preparing and delivering PD. It also identifies gaps, preferences in teacher training, and opportunities for enhancing CT integration in STEAM education. It emphasizes the need for improved Professional Development and clearer definitions to effectively integrate CT into STEAM education, particularly at the university level, and provides recommendations for both educators and policymakers.",wos,llm,0.780,unreviewed,
discarded,TRENDS IN SCIENCE EDUCATION FROM THE DIGITAL PERSPECTIVE: A STUDY SUPPORTED BY A BIBLIOMETRIC ANALYSIS,"Kotseva, Ivelina; Gaydarova, Maya",2025,PEDAGOGIKA-PEDAGOGY,10.53656/ped2025-1.03,https://www.webofscience.com/wos/woscc/full-record/WOS:001447613200003,adjacent-subtopic,"This study investigates the intersection of science education and digital technology integration through bibliometric analysis and trend identification. Utilizing multiple search approaches, including combining educational methodologies, the study analyses datasets spanning from 1993 to 2024. Key findings reveal a consistent growth in scientific production over the years, coupled with fluctuations in citation impact. Clustering and co-word network analyses uncover thematic clusters, emphasizing computational thinking, pedagogical content knowledge, and motivation. Factorial analysis further elucidates the underlying structure of the data, revealing dimensions capturing factors related to educational practices, cognitive processes, and attitudinal aspects. Trend topics highlight sustained interest in fundamental educational concepts like education, students, and science, alongside emerging focuses on engagement, attitudes, and skills.",wos,llm,0.950,unreviewed,
discarded,Learning Computational Thinking Through Unplugged Algorithmic Explanations of Natural Selection,"Peel, Amanda; Sadler, Troy D.; Friedrichsen, Patricia",2025,JOURNAL OF RESEARCH IN SCIENCE TEACHING,10.1002/tea.22026,https://www.webofscience.com/wos/woscc/full-record/WOS:001415129200001,adjacent-subtopic,"Computational thinking (CT) is becoming increasingly important for K-12 science education, thus warranting new integrations of CT and science content. This intervention study integrated CT through unplugged, or handwritten, algorithmic explanations of natural selection. As students investigated natural selection in varying contexts (specific and context-general), students created explanations based on evidence of natural selection by using algorithm concepts and engaging in CT practices. Students' CT learning over time was analyzed through algorithmic explanations created during the unit. Research questions guiding the investigation were: (1) How do students learn CT over the course of a CT and science integrated unit? (2) What are students' perspectives of learning CT in an integrated unit? (3) How do students come to think about CT and its applications? Students' CT competencies significantly increased from pre- to post-unit. Students indicated creating algorithmic explanations helped them learn natural selection and develop CT competencies. At the end of the unit, students recognized the universal application of CT as a way to logically and clearly explain processes. Implications of this work are that CT can be used as a science practice that helps students simultaneously learn science and CT practice competencies. Moreover, these student learning outcomes can be achieved with unplugged, or computer-free, CT.",wos,llm,0.860,unreviewed,
discarded,OnLIFE Education and Digital Citizenship: development of computational thinking in the city in world algorithmization times,"Menezes, Janaina; Schlemmer, Eliane; Di Felice, Massimo",2024,EDUCAR EM REVISTA,10.1590/1984-0411.88519,https://www.webofscience.com/wos/woscc/full-record/WOS:001363110100007,adjacent-subtopic,"Digital citizenship is the citizenship of the algorithmized, datified, connected, sensorized world of metaverses, multiverses, big data. It is the expression of a new type of social architecture, constituted reticularly, by the continuous connectivity between humans and non-humans. An AtoBit, a symbiotic connection that enhances the emergence of a new ecology made up of people, data, algorithms, sensors, forests, climate, viruses, cities. This connection challenges us to a new cognitive policy in the Educational field. The article presents the concept of Digital Citizenship and discusses ways of knowing and producing knowledge related to the development of computational thinking in K-12 Education. Its objective is to understand how computational thinking is potentiated and produced in the city. As a research method, it uses the cartographic research- intervention method for data production and analysis. The experiences in the city develop from inventive, sympoietic, interventionist and gamified pedagogical practices. The results are based on elements present in reticular and connective epistemologies, in inventive cognition, and the concepts of transorganic connective act, transubstantiation and atopic inhabiting. Such results indicate that computational thinking is being potentiated in the co-engineering between human and non-human entities, in a perspective of citizen OnLIFE Education, contributing to its interdisciplinary and transversal understanding, as well as the community value. These results point to the emergence of an ecological cognitive policy in education, implying rethinking the curricula and teacher development.",wos,llm,0.800,unreviewed,
discarded,Research on school-based AI curriculum design and practice for cultivating computational thinking in high school students,"Liu, Jiangyue; Ma, Jing; Li, Siran",2025,EDUCATION AND INFORMATION TECHNOLOGIES,10.1007/s10639-024-13115-x,https://www.webofscience.com/wos/woscc/full-record/WOS:001349828200002,adjacent-subtopic,"This study developed a school-based AI curriculum suitable for senior high school students, with the primary objective of enhancing their mastery of knowledge and proficiency in AI, as well as their computational thinking abilities. The curriculum was designed with an awareness of the practical challenges encountered by the subject school in their implementation of AI education, while also adhering to the guidelines for AI curriculum outlined in the General Senior High School Curriculum Standards: Information Technology. Building on this foundation, the curriculum objectives were proposed. The curriculum modules were meticulously developed, informed by the insights gained from student surveys and interviews with teachers. Subsequently, a teaching experiment was implemented in a high school, employing a combination of engaging lectures and project-based learning methodologies. Following this, a quasi-experiment was conducted to investigate variations in students' computational thinking. A comprehensive evaluation was conducted, which included an examination to assess students' mastery of AI-related concepts and theories, project evaluation forms to investigate and evaluate students' computational thinking processes, and a questionnaire to statistically analyze students' satisfaction with the curriculum. Through these measures, the effectiveness of the school-based AI curriculum was verified from multiple perspectives. The results confirmed the curriculum's effectiveness in enhancing students' computational thinking, particularly in algorithmic thinking, cooperativity, critical thinking, and problem-solving. When compared to traditional AI teaching methods based on the Information Technology curriculum, the school-based AI curriculum demonstrated a more pronounced effectiveness in cultivating these competencies, with students showing significant improvements in problem analysis, solving, and knowledge transfer, alongside high satisfaction levels. This study provided a compelling case of school-based AI education in senior high schools, expecting to inspire educators' teaching practice in AI education and to catalyze the development of computational thinking across K-12 learning environments.",wos,llm,0.890,unreviewed,
