status,title,authors,year,venue,doi,url,tags,abstract,provider,decision_source,llm_confidence,llm_review_outcome,llm_change_direction
discarded,"Integrating and developing computational thinking in higher education using micro:bit: examining the influence on pre-service teachers' self-perceived content knowledge, attitude, and emotion toward further K-12 mathematics education","Jeong, Jin Su; Gonzalez-Gomez, David",2026,FRONTIERS IN PSYCHOLOGY,10.3389/fpsyg.2026.1742317,https://www.webofscience.com/wos/woscc/full-record/WOS:001688426200001,adjacent-subtopic,"Computational thinking (CT) is widely recognized as a critical 21st-century skill and an essential component of curricula in higher education institutions (HEIs) worldwide. Developing this competence is particularly important for teachers to effectively support K-12 students. However, research on effective strategies for teaching CT within mathematics education remains scarce. This study addresses this gap by investigating the integration and development of CT content knowledge through educational activities incorporating micro:bit technology for pre-service mathematics teachers. In addition, the study examines attitudes and emotions associated with the learning process. The intervention consisted of a six-step sequence: Introducing CT concepts through divisibility content, progressing to visual block programming and Python coding, and culminating in the construction of a physical calculator to identify factors and divisors. A sample of 228 pre-service teachers, initially underprepared to teach CT concepts, participated in various courses employing a pre-experimental design. The influence of the instructional approach on participants' self-perceived CT content knowledge, attitudes, and emotions was assessed, along with the homogeneity of these effects across the sample. Findings revealed significant increases in self-perceived CT content knowledge and positive attitudes following the intervention, while two negative emotions such as frustration (activating) and boredom (deactivating) persisted regardless of individual characteristics. Thus, the results of this study indicate that the implementation of the micro:bit activity revealed significant improvements in CT components. These results provide further support for the internal consistency and preliminary construct validity of the proposed measurement instruments and underscore the potential benefits of integrating CT into pre-service teacher education in HEIs to enhance future K-12 mathematics instruction.",wos,llm,0.900,unreviewed,
discarded,"Modeling the factors influencing high school students' computational thinking in educational robotics-based programming learning activities: a multi-method model integrating CATLM, TAM, and TTF","Yang, Haipeng; Norman, Helmi; Mohamad Nasir, Mohd Khalid; Xu, Nian; Lin, Xiaofeng; Zhang, Wenyu",2026,COMPUTER SCIENCE EDUCATION,10.1080/08993408.2026.2618832,https://www.webofscience.com/wos/woscc/full-record/WOS:001676689200001,adjacent-subtopic,"Background and Context : Traditional text and blockbased programming often limits the development of computational thinking (CT) skills, while educational robotics (ER) provides a handson alternative that can better foster these skills. However, how robotics environments promote CT remains unclear. This study focuses on Chinese high school students engaged in programming activities using ER.Objective : This study aims to develop and validate an integrative model that explains learner-centered and technology-centered determinants of students' CT skills.Method : A cross-sectional empirical study was conducted with 339 high school students who completed both a questionnaire and a programming fundamentals test. We applied Partial Least Squares Structural Equation Modeling (PLSSEM) to assess the measurement and structural models, Importance-Performance Matrix Analysis (IPMA) to identify priority factors, and Artificial Neural Network (ANN) analysis to capture non-linear relationships and rank variable importance.FindingsTask-Technology fit (TTF), learning motivation (LM), cognitive engagement, and prior programming knowledge each exhibited significant positive effects on CT, with LM (beta = 0.333, p < .001) and TTF (beta = 0.251, p < .01) emerging as the most influential factors. The integrated model accounted for 54.1% of the variance in CT. IPMA and ANN results corroborated the centrality of motivation and fit in enhancing CT.Implications : By extending the Cognitive Affective Theory of Multimedia Learning through incorporation of TAM and TTF constructs, this study highlights the dual importance of aligning robotics features with task requirements and fostering student motivation.",wos,llm,0.900,unreviewed,
discarded,"A path model to infer K-8 students computer programming performance: the relation between classroom goal structure, self-efficacy, and classroom engagement","Yilmaz, Nuray; Birisci, Salih",2026,EDUCATION AND INFORMATION TECHNOLOGIES,10.1007/s10639-025-13825-w,https://www.webofscience.com/wos/woscc/full-record/WOS:001668997700001,adjacent-subtopic,"It is crucial to grasp how classroom environments shape students' psychological and behavioural outcomes, particularly in programming education, a field that is more vital than ever in today's digital age. This paper addresses a critical gap in the literature by examining the intersection of classroom participation and self-efficacy variables and their association with engagement in programming education among K-8 students. We surveyed 868 middle school students (405 females, 463 males) in the northwestern province of Turkey. Data were collected using the Survey of Classroom Goals Structures and the Student Engagement Questionnaire, and analyzed through preliminary, descriptive, and inferential statistical methods. The results showed that self-efficacy was a predictor of student engagement. Among classroom goal structures, the motivational task was found to be a robust predictor of both student engagement and self-efficacy beliefs, while autonomy support did not predict either construct. However, mastery evaluation dimension predicted cognitive and emotional engagement. These findings show the nuanced roles of classroom goal structures play in shaping student engagement and self-efficacy in programming education. The study offers implications for instructors and policymakers in fostering student participation and motivation in early programming pedagogy. Conducting studies across different grade levels and cultural contexts will enhance the generalizability of findings on student engagement in programming education.",wos,llm,0.950,unreviewed,
discarded,Investigating the impact of generative AI integration on the sustenance of higher-order thinking skills and understanding of programming logic,"Nathaniel, Jemimah; Oyelere, Solomon Sunday; Suhonen, Jarkko; Tedre, Matti",2025,COMPUTERS AND EDUCATION: ARTIFICIAL INTELLIGENCE,10.1016/j.caeai.2025.100460,https://www.webofscience.com/wos/woscc/full-record/WOS:001651580200008,adjacent-subtopic,"This study investigates how integrating generative AI (GenAI) with instructional scaffolding and prompt engineering supports higher-order thinking skills (HOTS) and programming logic. A mixed-methods design was used, combining quantitative and qualitative data. The intervention followed a one-group pretest-post-test structure over seven weeks with 25 computer science students with no prior C++ experience. The GenAI-Ped framework guided the design. It combines Bloom's taxonomy, Seelf-Regulated Learning, Universal Design for Learning, and Vygotsky's Zone of Proximal Development. Students received scaffolded support across six instructional phases, including prompt training and guided GenAI use. Quantitative results showed significant gains in problem-solving (applying constructs: t = 2.38, p = 0.013, d = 0.475), critical thinking (conditional reasoning: t = 2.53, p = 0.018, d = 0.506), creativity (applying new ideas: t = 2.28, p = 0.032, d = 0.456), and programming logic (loops: t = 2.78, p = 0.010, d = 0.555). However, smaller gains were observed in code optimization (t = 1.693, p = 0.103, d = 0.339) and evaluating solutions (t = 1.732, p = 0.096). Qualitative data, including feedback and GenAI chat logs, showed that prompt specificity and scaffolded feedback improved engagement, HOTS, and programming logic. The novelty of the study lies in its demonstration that the integration of GenAI into programming education using GenAI-Ped framework can sustain HOTS and programming logic while mitigating overreliance. These findings offer a practical model for integrating GenAI into programming education.",wos,llm,0.860,unreviewed,
discarded,Educational Robotics and Computational Thinking: Influence of Sociodemographic Variables on Teachers' Perceptions,"Garcia-Fuentes, Olalla; Raposo-Rivas, Manuela; Mesquita, Cristina; Goncalves, Vitor",2025,SOCIAL SCIENCES-BASEL,10.3390/socsci14120688,https://www.webofscience.com/wos/woscc/full-record/WOS:001647177800001,adjacent-subtopic,"The integration of educational robotics and computational thinking into teaching is a growing trend that presents challenges and opportunities for teacher training. Grounded in theoretical perspectives that position educational robotics as a central element for the development of computational thinking, the STEAM approach, and consequently digital teaching competence, this study aims to analyze the perceptions of teachers who teach children aged 3 to 12 years regarding the use of these pedagogical tools. A quantitative approach with a descriptive-comparative design was used, collecting information through a questionnaire and considering variables such as gender, age, and educational stage. We employed a sample of 216 active teachers. The results indicate that teachers' perceptions are predominantly positive, highlighting the potential of robotics to foster logical thinking, creativity, and problem-solving skills. However, significant barriers were identified, including the lack of specific training and resistance to methodological change. Additionally, no significant differences were observed in perception based on gender or educational stage, but differences were found depending on the frequency of robotics use in the classroom. The study concludes that reinforcing teacher training in this area and promoting its integration is necessary as an effective strategy for developing STEAM competencies in students.",wos,llm,0.930,unreviewed,
kept,From Prototype to the Classroom: Iterative Development of Conditionals in Early Childhood Robotics,"Bakala, Ewelina; Tejera, Gonzalo; Hourcade, Juan Pablo",2026,"HUMAN-COMPUTER INTERACTION - INTERACT 2025, PT II",10.1007/978-3-032-05002-1_23,https://www.webofscience.com/wos/woscc/full-record/WOS:001606763700023,supports-claim,"Computational thinking (CT) is widely considered an important life skill, crucial for active engagement in the digital age. Numerous studies demonstrate that CT development can begin effectively in early childhood. However, the incorporation of conditionals-a fundamental component of many CT definitions and a concept assessed in validated CT tests-into educational robotics curricula remains underexplored. This study investigates the integration of conditional programming into Robotito, an educational robot designed to teach CT to preschoolers. Across four evaluation sessions involving three experienced teachers (P1 and P2 participated in the first two sessions; P3 in the remaining ones), we identified the strengths and weaknesses of three conditionals prototypes. Based on their feedback we developed a final implementation that we evaluated with 30 preschoolers in a classroom context. This paper discusses the evaluation outcomes, emphasizing teachers' perspectives related to children's age and classroom context. Additionally, the Robotito simulator, created to facilitate prototype evaluation, was found to be a valuable tool for introducing Robotito programming to children.",wos,llm,0.820,unreviewed,
discarded,"A structural equation model on the determinants affecting identity in pre-service mathematics teachers: the role of computational thinking, mathematics mindset and mathematics anxiety","Unver, Semiha Kula",2026,EDUCATION AND INFORMATION TECHNOLOGIES,10.1007/s10639-025-13817-w,https://www.webofscience.com/wos/woscc/full-record/WOS:001600711900001,adjacent-subtopic,"Mathematics identity is defined as the way students perceive their relationship with mathematics, and this perception has a significant impact on disciplinary perceptions, academic identity, and achievement. In conjunction with sociocultural learning theories, identity shapes participation, attitudes, dispositions, and overall sense of self. Teachers play a critical role in students' identity development, and the identity development of pre-service teachers is of great importance in their future educational processes. This study aimed to test a structural model that examines the relationships between mathematics mindset, anxiety, and computational thinking components in predicting mathematics identity. For this purpose, the implementation was carried out with the participation of 538 pre-service mathematics teachers. The data were collected using a personal information form, the mathematics identity survey, the mathematics anxiety survey, and the computational thinking scale. In the data analysis, covariance-based structural equation modeling (CB-SEM) was applied to test the proposed model. The findings revealed that algorithmic thinking was the most influential variable on mathematics identity. Furthermore, collaboration was found to have positive effects on mathematics identity, but problem-solving had a negative effect. The findings demonstrated that a fixed mindset was a strong predictor of mathematics anxiety, but the hypothesis regarding the relationship between a growth mindset and mathematics anxiety was not significant. The study demonstrated that both fixed and growth mindsets had a positive impact on mathematics identity. The negative effect of mathematics anxiety on mathematics identity was confirmed, and it was reported that the effect of creative thinking and critical thinking was not statistically significant. In conclusion, the findings emphasize the significance of algorithmic thinking and collaboration skills in developing a mathematical identity within teacher preparation programs. Additionally, considering the negative influence of a fixed mindset on mathematics anxiety, it is recommended that activities that promote a growth mindset for pre-service teachers be incorporated into teacher education programs.",wos,llm,0.890,unreviewed,
discarded,Embodied and Shared Self-Regulation Through Computational Thinking Among Preschoolers,"Wang, X. Christine; Xing, Grace Yaxin; Flood, Virginia J.",2025,EDUCATION SCIENCES,10.3390/educsci15101346,https://www.webofscience.com/wos/woscc/full-record/WOS:001601401900001,adjacent-subtopic,"While existing research highlights a positive association between computational thinking (CT) and self-regulation (SR) skills, limited attention has been given to the embodied and social processes within CT activities that support young children's executive functions (EFs)-key components of SR. This study investigates how preschoolers develop basic and higher-order EFs, such as focused attention, inhibitory control, causal reasoning, and problem-solving, through their engagement with a tangible programming toy in teacher-guided small groups in a university-affiliated preschool. Informed by a we-syntonicity framework that integrates Papert's concepts of body/ego syntonicity and Schutz's ""we-relationship"", we conducted a multimodal microanalysis of video-recorded group sessions. Our analysis focuses on two sessions, the ""Obstacle Challenge"" and ""Conditionals"", featuring four excerpts. Findings reveal that children leverage bodily knowledge and empathy toward the toy-named Rapunzel-to sustain attention, manage impulses, reason about cause-effect, and collaborate on problem-solving. Three agents shape these processes: the toy, fostering collective engagement; the teacher, scaffolding learning and emotional regulation; and the children, coordinating actions and sharing affective responses. These findings challenge traditional views of SR as an individual cognitive activity, framing it instead as an embodied, social, and situated practice. This study underscores the importance of collaborative CT activities in fostering SR during early childhood.",wos,llm,0.800,unreviewed,
discarded,CoRemix: Supporting Online Learning in Scratch Community with Visual Flowchart and Generative AI,"Chen, Yunnong; Yu, Xinyu; Shen, Yishu; Liu, Ruiyi; Sun, Lingyun; Chen, Liuqing",2026,INTERNATIONAL JOURNAL OF HUMAN-COMPUTER INTERACTION,10.1080/10447318.2025.2559053,https://www.webofscience.com/wos/woscc/full-record/WOS:001590349300001,adjacent-subtopic,"Online programming communities give novices places to explore computing through user-generated projects, but limited structure can hinder a steadily challenging learning path. Beginners often struggle to interpret key events and relationships in projects, connect them to core concepts, and remix practices. We present CoRemix, a generative-AI community support system that uses visual flowcharts to clarify project logic. CoRemix introduces a prompting pipeline paired with a visual-textual scaffold that guides learners in constructing flowcharts. We further incorporate static project analysis and retrieval-augmented generation (RAG) to raise the precision of large-language-model outputs. In technical evaluations, static analysis and RAG improved response quality. In a user study, CoRemix outperformed a baseline in helping learners understand complex projects, strengthen computing-concept skills, and report better learning experiences within online communities. These gains include clearer event sequencing, improved identification of relationships across sprites and scripts, stronger remix strategies, and higher perceived scaffolding for progressive challenge.",wos,llm,0.880,unreviewed,
discarded,Gamification and Computational Thinking in Education: A Review and a Meta-Analysis,"Triantafyllou, Serafeim A.; Sapounidis, Theodosios; Stamovlasis, Dimitrios",2026,TECHNOLOGY KNOWLEDGE AND LEARNING,10.1007/s10758-025-09906-x,https://www.webofscience.com/wos/woscc/full-record/WOS:001583055200001,adjacent-subtopic,"The integration of gamification in education is an innovative approach which can support effective teaching. It includes game elements in learning processes that might enhance students' engagement and motivation to facilitate the development of computational thinking (CT) skills. The use of gamification has been explored via empirical methods, such as pre-post experimental designs, with various outcomes, while its importance has been already pointed out in theoretical overviews. To this end, conducting a systematic review and meta-analysis on works exploring gamification in conjunction with CT development will be an essential contribution to the prospective research and this is undertaken by the present endeavour. Following the PRISMA methodology, this paper identified 288 records from two databases, from which 17 articles containing 67 empirical studies were selected for review and meta-analysis. The total number of participants across all 67 studies was 3634. This review revealed that most publications related to gamification and CT emerged between 2020 and 2024, indicating that the subject area is relatively new in educational research. The meta-analysis showed a pooled estimated effect size (+ 0.734) that suggests a moderate-to-strong positive relationship between gamification and CT development according to the random-effects model. Additionally, a subgroup analysis was conducted to identify potential sources of variability among studies, enhancing the interpretability of the findings. The analysis comparing effects with school level as a moderating variable revealed a lower effect size in tertiary education (0.574) and a higher effect size in secondary education (2.088), suggesting a more pronounced impact at the secondary education level.",wos,llm,0.840,unreviewed,
