status,title,authors,year,venue,doi,url,tags,abstract,provider,decision_source,llm_confidence,llm_review_outcome,llm_change_direction
discarded,Dynamic Assessment with AI (Agentic RAG) and Iterative Feedback: A Model for the Digital Transformation of Higher Education in the Global EdTech Ecosystem,"Juarez, Ruben; Hernandez-Fernandez, Antonio; De Barros-Camargo, Claudia; Molero, David",2025,ALGORITHMS,10.3390/a18110712,https://www.webofscience.com/wos/woscc/full-record/WOS:001623338300001,adjacent-subtopic,"This article formalizes AI-assisted assessment as a discrete-time policy-level design for iterative feedback and evaluates it in a digitally transformed higher-education setting. We integrate an agentic retrieval-augmented generation (RAG) feedback engine-operationalized through planning (rubric-aligned task decomposition), tool use beyond retrieval (tests, static/dynamic analyzers, rubric checker), and self-critique (checklist-based verification)-into a six-iteration dynamic evaluation cycle. Learning trajectories are modeled with three complementary formulations: (i) an interpretable update rule with explicit parameters eta and lambda that links next-step gains to feedback quality and the gap-to-target and yields iteration-complexity and stability conditions; (ii) a logistic-convergence model capturing diminishing returns near ceiling; and (iii) a relative-gain regression quantifying the marginal effect of feedback quality on the fraction of the gap closed per iteration. In a Concurrent Programming course (n=35), the cohort mean increased from 58.4 to 91.2 (0-100), while dispersion decreased from 9.7 to 5.8 across six iterations; a Greenhouse-Geisser corrected repeated-measures ANOVA indicated significant within-student change. Parameter estimates show that higher-quality, evidence-grounded feedback is associated with larger next-step gains and faster convergence. Beyond performance, we engage the broader pedagogical question of what to value and how to assess in AI-rich settings: we elevate process and provenance-planning artifacts, tool-usage traces, test outcomes, and evidence citations-to first-class assessment signals, and outline defensible formats (trace-based walkthroughs and oral/code defenses) that our controller can instrument. We position this as a design model for feedback policy, complementary to state-estimation approaches such as knowledge tracing. We discuss implications for instrumentation, equity-aware metrics, reproducibility, and epistemically aligned rubrics. Limitations include the observational, single-course design; future work should test causal variants (e.g., stepped-wedge trials) and cross-domain generalization.",wos,llm,0.840,unreviewed,
discarded,A Meta-Learning Approach to Generating Functional Descriptions of Graphical User Interfaces,"Iluru, Naga Mamata; Niu, Nan; Yang, Yitong; Wang, Yinglin",2025,"2025 IEEE INTERNATIONAL CONFERENCE ON INFORMATION REUSE AND INTEGRATION AND DATA SCIENCE, IRI",10.1109/IRI66576.2025.00010,https://www.webofscience.com/wos/woscc/full-record/WOS:001588094200002,off-topic-false-hit,"Graphical user interfaces (GUIs) are important software engineering artifacts that commonly connect end users with software apps to fulfill requirements. While previous work extracts metadata to build a GUI's search profile and exploits deep learning to caption a GUI, little is known about how to capture the GUI's essential functionality. We shorten the gap in this paper by presenting a novel approach that leverages few-shot prompting and meta-learning. In particular, we devise four attributes of a GUI in order to instrument the meta-learner. The meta-learner is then integrated with the few-shot learner through an iteration mechanism. We comprehensively evaluate our approach with a GUI description dataset and a GUI tracing dataset. The results show that Qwen is a viable implementation option for our approach, and that our approach outperforms the baseline prompting methods.",wos,llm,0.970,unreviewed,
kept,On the Use of Tracing to Diagnose Misconceptions About Iteration,"Pozzan, Gabriele; Padova, Costanza; Montuori, Chiara; Arfe, Barbara; Vardanega, Tullio",2026,"INFORMATICS IN SCHOOLS. FOSTERING PROBLEM-SOLVING, CREATIVITY, AND CRITICAL THINKING THROUGH COMPUTER SCIENCE EDUCATION, ISSEP 2025",10.1007/978-3-032-01222-7_11,https://www.webofscience.com/wos/woscc/full-record/WOS:001576307200011,supports-claim,"Programming misconceptions, the incomplete or erroneous understanding of concepts and behaviors of computing agents, are a common and well documented hurdle to novices. A typical manifestation of a misconception is the erroneous application of constructs, e.g. iteration, in programming artifacts. Mere observation of these artifacts may only allow instructors to conjecture the presence of specific misconceptions. Confirmation thereof may be sought by directly asking students about their reasoning. This approach, however, does not scale well to larger populations of students or online learning situations. This study explores the possibility to identify misconceptions indirectly by using program-tracing tasks. Tracing is the ability to read, understand and symbolically execute a computer program. Our approach uses tracing questions where students predict the outputs of programs from multiple-choice answers carefully designed to reflect selected misconceptions. Specifically, we focus on misconceptions about iteration: a topic often reported as complex for complete novices. We evaluated our approach in a pre-test, post-test pilot study involving 35 fifth-grade students. The participants received an intervention based on block-based programming languages and exercises in the style of Code.org. We sought evidence of the presence of 9 predefined misconceptions about iteration at both the pre-test and post-test, identifying the changes that occurred after the intervention. Our results show that tracing evaluations may be useful to instructors as indicators of strengths and weaknesses of groups of learners that may help steer their learning activities.",wos,llm,0.970,unreviewed,
kept,Varying Program Input to Assess Code Reading Skills,"Wi, Ibrahim Alblu; Hriez, Raghda; Sumaya, Princess",2025,ACM TRANSACTIONS ON COMPUTING EDUCATION,10.1145/3737884,https://www.webofscience.com/wos/woscc/full-record/WOS:001609829500007,supports-claim,"Explain-in-Plain-English (EiPE) questions are used by some researchers and educators to assess code reading skills. EiPE questions require students to briefly explain (in plain English) the purpose of a given piece of code, without restating what the code does line-by-line. The premise is that novices who can explain the purpose of a piece of code have higher code reading skills than those who can trace the code but cannot see its high-level purpose. However, using natural language in EiPE questions poses challenges. Students (especially those whose first language is not English) may struggle to convey their understanding of the code unambiguously. Also, grading responses written in natural language is time-consuming, requires the design of a rubric, and is difficult to automate. We propose a new code reading question type that addresses these issues with EiPE questions. Given a piece of code involving repetition (in the form of iteration or recursion), the student is asked to provide the output for a set of inputs, where the output for some of these inputs cannot be determined using code tracing alone and requires higher-level code comprehension. In empirical evaluations, using CS1 exams, think-aloud interviews with students, and interviews with instructors, we found that assessments of code reading skills using the new question type are highly consistent with the assessments using EiPE questions, yet are more reliable. These results put forward the proposed question type as another way to assess high-level code reading skills without the issues associated with expressing in natural language or grading responses expressed in natural language.",wos,llm,0.880,unreviewed,
kept,How Students (Mis)understand Simple Control Structures - An Attempt at a Taxonomy,"Eckert, Dimitri; Kautz, Christian",2025,"PROCEEDINGS OF THE 30TH ACM CONFERENCE ON INNOVATION AND TECHNOLOGY IN COMPUTER SCIENCE EDUCATION VOL 2, ITICSE 2025",10.1145/3724389.3730797,https://www.webofscience.com/wos/woscc/full-record/WOS:001540559800043,supports-claim,Being able to read and correctly trace code is an essential skill in computer science. This poster presents a taxonomy of the misconceptions and difficulties concerning this skill. We developed our taxonomy with the aim of creating a good basis for developing effective assessment tools and teaching interventions.,wos,llm,0.980,unreviewed,
kept,Misconceptions About Control Flow in Introductory Programming Courses and Their Remedy (Doctoral Consortium),"Eckert, Dimitri",2025,"PROCEEDINGS OF THE 30TH ACM CONFERENCE ON INNOVATION AND TECHNOLOGY IN COMPUTER SCIENCE EDUCATION VOL 2, ITICSE 2025",10.1145/3724389.3731296,https://www.webofscience.com/wos/woscc/full-record/WOS:001540559800084,supports-claim,"I investigate the identification, explanation and treatment of common conceptual problems of students in introductory programming courses about control flow while reading code. In previous work I have identified and quantified several difficulties with control flow structures. The ultimate goal for my thesis is to develop a taxonomy, a concept inventory and effective educational methods for control flow concepts using methods of active learning and threshold concepts. These then can help more students to master the fundamental concepts of CS0 and CS1.",wos,llm,0.970,unreviewed,
discarded,Investigating Students' Misconceptions of Dijkstra's Algorithm: Exploration of Algorithm Simulation Traces,"Tilantera, Artturi; Korhonen, Ari; Seppala, Otto; Taivainen, Teemu",2025,"PROCEEDINGS OF THE 30TH ACM CONFERENCE ON INNOVATION AND TECHNOLOGY IN COMPUTER SCIENCE EDUCATION VOL 1, ITICSE 2025",10.1145/3724363.3729081,https://www.webofscience.com/wos/woscc/full-record/WOS:001539192600099,adjacent-subtopic,"Knowledge of undergraduate students' misconceptions of data structures and algorithms (DSA) helps creating more effective learning material. Graph algorithm misconceptions have been studied rarely. As an online learning aid for DSA, visual algorithm simulation (VAS) exercises require the students to trace the steps of an algorithm by manipulating a data structure visualization. We utilize a corpus of 712 algorithm simulation traces from 289 non-CS major undergraduate students to find evidence for misconceptions in Dijkstra's algorithm. We model students' systematic errors in traces as algorithms to classify traces as misconceptions. The models explain together 16% of 451 incorrect traces, providing evidence of four previously identified misconceptions. Students appear to conflate the concepts of spanning tree and fringe, solve shortest paths heuristically instead of Dijkstra's algorithm, apply Dijkstra's algorithm to all graph components, and apply alphabetical order in the neighbor iteration of Dijkstra's algorithm. The findings show how VAS exercise design and learning analytics can support diagnosing students' misconceptions of algorithms. In the future, this knowledge of misconceptions can be leveraged to create more effective exercises, including automated targeted feedback for VAS exercises based on validated misconceptions.",wos,llm,0.950,unreviewed,
kept,A Scaffolded Approach for Tracing Control-Flow in Simplified Python Programs,"Kulindala, Gnaneswar; Srikanth, Anushka; Choppella, Venkatesh",2025,"PROCEEDINGS OF THE 30TH ACM CONFERENCE ON INNOVATION AND TECHNOLOGY IN COMPUTER SCIENCE EDUCATION VOL 1, ITICSE 2025",10.1145/3724363.3729044,https://www.webofscience.com/wos/woscc/full-record/WOS:001539192600009,supports-claim,"The ability of students to read, understand and explain code is tightly interlinked to their ability to trace. Multiple studies have shown that tracing helps students improve their comprehension of code. Analysis of the traces also provides insight into student misconceptions about program execution.

We are interested in exploring pen-and-paper activities related to tracing control-flow. While the literature presents several tracing methodologies, existing pen-and-paper activities prioritise tracking the values of variables as they change throughout the program; control-flow is not adequately addressed.

To fill this gap, we propose a comprehensive suite of class activities around control-flow of programs and report our experience deploying it in a first-year university programming course. In these activities, students construct six hand-drawn artefacts representing the static and dynamic aspects of a program's control-flow.

We use a simplified subset of Python that includes sequential, conditional, iterative and (first-order) procedural control. We chose this subset to match the syllabus of the introduction to computer programming course of our university.

We report the results of a preliminary study conducted to explore the feasibility of constructing the artefacts. Most students correctly understood the structure of the artefacts. We also report what these artefacts revealed about students' misconceptions related to control-flow in programs. Students had difficulty identifying the destination of a procedure call and its return. A significant number of their misconceptions were related to transfer of control when encountering errors.",wos,llm,0.980,unreviewed,
discarded,Teaching an Introductory Psychology Course That Matters,"Bernstein, Douglas A.; Frantz, Sue",2026,AMERICAN PSYCHOLOGIST,10.1037/amp0001597,https://www.webofscience.com/wos/woscc/full-record/WOS:001559609200001,off-topic-false-hit,"In its traditional form, the introductory psychology course creates special challenges for both students and teachers. Its goals are lofty, its scope so broad that many of its seemingly disjointed topics lie outside the typical instructor's comfort zone and, especially when taught in a single term, allows little more than superficial content coverage. There is also uncertainty about its long-term impact. Introductory students may be learning valuable lessons about psychological science, but low scores on follow-up tests suggest that their new knowledge involves something other than facts, definitions, and vocabulary (e.g., Landrum & Gurung, 2013), and surveys show that the course fails to dislodge common misconceptions about human behavior and mental processes (e.g., Bernstein et al., 2023, 2025). In this article we trace the history of the course, summarize reformulation efforts designed to address its shortcomings, and describe the contours of an introductory course that could lead to more enduring and socially significant outcomes.",wos,llm,0.990,unreviewed,
discarded,Preparing for Multilingual Classrooms in Ireland: What Do Student Teachers Need to Know?,"Gardiner-Hyland, Fiodhna; van den Hoven, Melanie",2025,EDUCATION SCIENCES,10.3390/educsci15081074,https://www.webofscience.com/wos/woscc/full-record/WOS:001557451600001,off-topic-false-hit,"Ireland, historically a country of emigration, has transformed into a hub of immigration. Today, over 200 languages are spoken among its 5.25 million residents, with approximately 750,000 individuals speaking a language other than English or Irish at home. This growing linguistic diversity is increasingly reflected in Irish primary classrooms, where teachers are called upon to support students from a wide range of linguistic and cultural backgrounds). In response, Teaching English as an Additional Language (EAL) modules have expanded across initial teacher education (ITE) programs in Ireland. This study examines over two decades of teacher development initiatives, tracing a shift from an earlier bilingual model-where multilingualism was viewed primarily as second language acquisition-to a more expansive, European-informed vision of plurilingualism. Drawing on recommendations for reflexive, linguistically and culturally responsive education, this research adopts an insider/outsider discursive case study approach to explore student teachers' preparedness to support multilingual learners in Irish primary schools. Conducted through a collaboration between an Irish teacher educator/module coordinator and an intercultural education specialist, this study employs reflexive thematic analysis) of student teachers' self-reports from a twelve-week elective module on linguistic and cultural diversity within a Primary Bachelor of Education program. Data were drawn from surveys (n = 35) across three module iterations in 2019, 2021, and 2023. Findings indicate student teachers' growing awareness of language teaching strategies and resources, developing positive orientations toward inclusive and plurilingual pedagogy, and emerging skills in professional collaboration. However, areas for further development include strengthening agency in navigating real-world multilingual teaching scenarios and embedding deeper reflexivity around linguistic identities, integrating students' home language and intercultural learning. The paper concludes with recommendations to expand access to language teaching resources for diverse student profiles and support collaborative, shared EAL leadership through professional learning communities as part of teacher education reform.",wos,llm,0.990,unreviewed,
kept,Proposal of a Method for Generating C Program Tracing Tasks,Yuichiro Tateiwa; Tomohiro Mogi; Takahito Tomoto; Takako Akakura,2024,2024 IEEE Frontiers in Education Conference (FIE),10.1109/FIE61694.2024.10893445,https://ieeexplore.ieee.org/document/10893445/,supports-claim,"This abstract represents our full paper categorized under the ‘Research to Practice’ category. Program tracing tasks ask about the behavior of a program, such as “the next expression to be executed” and “the value of variables during the execution of that expression”. The program tracing exercise system developed by Tomoto et al. provides an environment for efficiently conducting exercises using program tracing tasks. This system poses questions to learners based on program tracing tasks, adapting to their answers. However, implementing questions for new programs in this system requires considerable effort and time. Therefore, we propose a method to automatically generate tracing tasks by identifying the targets of questions from the program and following predefined question guidelines. Specifically, we first create a model that formalizes the tracing tasks. This model consists of the targets of questions, their execution order, and execution conditions. Then, we develop a method to generate data from the program to implement this model. This method derives an abstract syntax tree from the program, identifies question targets based on the attribute values of nodes, and specifies the order and conditions for executing questions based on the relationships between nodes. Consequently, tracing tasks can be generated by implementing the model with the generated data. We found that tracing tasks could be generated using the proposed model and the data extracted by the proposed method from programs extracted from a programming exercise textbook.",ieee,llm,0.940,unreviewed,
kept,Proposal of a Data Collection Method for Realizing Feedback in a Program Tracing Exercise System,Yuichiro Tateiwa; Tomohiro Mogi; Takahito Tomoto; Takako Akakura,2024,"2024 IEEE International Conference on Teaching, Assessment and Learning for Engineering (TALE)",10.1109/TALE62452.2024.10834347,https://ieeexplore.ieee.org/document/10834347/,supports-claim,"Program tracing tasks ask about the behavior of a program, such as ""the next expression to be executed"" or ""the value of a variable during the execution of that expression."" The program tracing exercise system developed by Tomoto et al. provides an environment that enables efficient practice using program tracing tasks. This system poses questions based on the program tracing tasks in response to the learner’s answers. As feedback, it displays the program’s correct behavior based on the progress of the question and shows the execution results with concrete variable values based on the learner’s answers.However, generating new program tracing tasks and integrating them into this system requires significant effort and time. Therefore, the authors proposed a method for automatically generating program tracing tasks from programs. This paper proposes a method for collecting the data necessary to realize feedback. This method involves tracing program execution with the debugger gdb and collecting the necessary data based on the program’s structure and the learner’s answers. The evaluation using programs extracted from programming exercise textbooks showed that this method can correctly collect the data necessary to provide feedback.",ieee,llm,0.920,unreviewed,
