status,title,authors,year,venue,doi,url,tags,abstract,provider,decision_source,llm_confidence,llm_review_outcome,llm_change_direction
discarded,Coding qualitative data: a synthesis guiding the novice,Mai Skjøtt Linneberg; Steffen Korsgaard,2019,Qualitative Research Journal,10.1108/qrj-12-2018-0012,https://openalex.org/W2944745716,off-topic-false-hit,"Purpose Qualitative research has gained in importance in the social sciences. General knowledge about qualitative data analysis, how to code qualitative data and decisions concerning related research design in the analytical process are all important for novice researchers. The purpose of this paper is to offer researchers who are new to qualitative research a thorough yet practical introduction to the vocabulary and craft of coding. Design/methodology/approach Having pooled, their experience in coding qualitative material and teaching students how to code, in this paper, the authors synthesize the extensive literature on coding in the form of a hands-on review. Findings The aim of this paper is to provide a thorough yet practical presentation of the vocabulary and craft of coding. The authors, thus, discuss the central choices that have to be made before, during and after coding, providing support for novices in practicing careful and enlightening coding work, and joining in the debate on practices and quality in qualitative research. Originality/value While much material on coding exists, it tends to be either too comprehensive or too superficial to be practically useful for the novice researcher. This paper, thus, focusses on the central decisions that need to be made when engaging in qualitative data coding in order to help researchers new to qualitative research engage in thorough coding in order to enhance the quality of their analyses and findings, as well as improve quantitative researchers’ understanding of qualitative coding.",openalex,llm,1.000,unreviewed,
discarded,Studying the effect of AI Code Generators on Supporting Novice Learners in Introductory Programming,Majeed Kazemitabaar; Justin Chow; Carl Ka To; Barbara Ericson; David Weintrop; Tovi Grossman,2023,,10.1145/3544548.3580919,https://openalex.org/W4321162272,adjacent-subtopic,"AI code generators like OpenAI Codex have the potential to assist novice programmers by generating code from natural language descriptions, however, over-reliance might negatively impact learning and retention. To explore the implications that AI code generators have on introductory programming, we conducted a controlled experiment with 69 novices (ages 10-17). Learners worked on 45 Python code-authoring tasks, for which half of the learners had access to Codex, each followed by a code-modification task. Our results show that using Codex significantly increased code-authoring performance (1.15x increased completion rate and 1.8x higher scores) while not decreasing performance on manual code-modification tasks. Additionally, learners with access to Codex during the training phase performed slightly better on the evaluation post-tests conducted one week later, although this difference did not reach statistical significance. Of interest, learners with higher Scratch pre-test scores performed significantly better on retention post-tests, if they had prior access to Codex.",openalex,llm,0.890,unreviewed,
kept,Studying the Novice Programmer,Elliot Soloway; Jim Spohrer,2013,Psychology Press eBooks,10.4324/9781315808321,https://openalex.org/W1615097079,adjacent-subtopic,"Parallel to the growth of computer usage in society is the growth of programming instruction in schools. This informative volume unites a wide range of perspectives on the study of novice programmers that will not only inform readers of empirical findings, but will also provide insights into how novices reason and solve problems within complex domains. The large variety of methodologies found in these studies helps to improve programming instruction and makes this an invaluable reference for researchers planning studies of their own. Topics discussed include historical perspectives, transfer, learning, bugs, and programming environments.",openalex,llm,0.870,unreviewed,
kept,Self-efficacy and mental models in learning to program,V. Ramalingam; Deborah LaBelle; Susan Wiedenbeck,2004,,10.1145/1007996.1008042,https://openalex.org/W2053125339,adjacent-subtopic,"Learning to program is a unique experience for each student, and it is not fully understood why one person in an introductory programming course learns to program better and more quickly than the next. Self-efficacy is an individual's judgment of his or her ability to perform a task within a specific domain [1]. A mental model is a person's internal (mental) representation of real world objects and systems [9]. Research has shown that high self-efficacy and a good mental model are important to knowledge acquisition and transfer. This research investigates the effects of students' self-efficacy and mental models of programming on learning to program. The results show that self-efficacy for programming is influenced by previous programming experience and increases as a student progresses through an introductory programming course. The results also show that the student's mental model of programming influences self-efficacy and that both the mental model and self-efficacy affect course performance.",openalex,llm,0.740,unreviewed,
kept,Six Learning Barriers in End-User Programming Systems,Amy J. Ko; Brad A. Myers; Htet Htet Aung,2004,,10.1109/vlhcc.2004.47,https://openalex.org/W1540823594,adjacent-subtopic,"As programming skills increase in demand and utility, the learnability of end-user programming systems is of utmost importance. However, research on learning barriers in programming systems has primarily focused on languages, overlooking potential barriers in the environment and accompanying libraries. To address this, a study of beginning programmers learning Visual Basic.NET was performed. This identified six types of barriers: design, selection, coordination, use, understanding, and information. These barriers inspire a new metaphor of computation, which provides a more learner-centric view of programming system design.",openalex,llm,0.840,unreviewed,
discarded,Predicting Performance in an Introductory Programming Course by Logging and Analyzing Student Programming Behavior,Christopher Watson; Frederick W. B. Li; Jamie L. Godwin,2013,,10.1109/icalt.2013.99,https://openalex.org/W2044490101,adjacent-subtopic,"The high failure rates of many programming courses means there is a need to identify struggling students as early as possible. Prior research has focused upon using a set of tests to assess the use of a student's demographic, psychological and cognitive traits as predictors of performance. But these traits are static in nature, and therefore fail to encapsulate changes in a student's learning progress over the duration of a course. In this paper we present a new approach for predicting a student's performance in a programming course, based upon analyzing directly logged data, describing various aspects of their ordinary programming behavior. An evaluation using data logged from a sample of 45 programming students at our University, showed that our approach was an excellent early predictor of performance, explaining 42.49% of the variance in coursework marks - double the explanatory power when compared to the closest related technique in the literature.",openalex,llm,0.890,unreviewed,
discarded,Foundations of meaning : primary metaphors and primary scenes,Joseph E. Grady,1997,eScholarship (California Digital Library),,https://openalex.org/W1580243520,off-topic-false-hit,"tio n 1 .1 M etaphor, m eaning a n d m indThis dissertation focuses on an analysis of metaphorical language, including an account of how metaphors are motivated, and how they might be constrained.There are other important and more general questions, though, which form the context for the investigation presented here.In particular, how are aspects of our experience in the world related to aspects of language and conceptual structure?These are questions which linguists, psychologists, and philosophers have each addressed in their own ways, and which are of concern to anyone interested in the nature of language and the mind, and the processes that shape them.If the dissertation is successful, it contributes to the ongoing, crossdisciplinary effort to answer these fundamental questions.In addition, the linguistic and conceptual phenomena discussed here have implications regarding even more basic questions-about the nature of consciousness and subjective experience.We will see when we examine the patterns in a range of data that the conceptual relationships which underlie metaphorical language appear to constitute a link between physical experience and the subjective self-a type of link, moreover, which is consistent with current views of the neural correlates of cognition.In short, the analysis of linguistic metaphor proves to be a powerful tool for exploring topics beyond figurative language: By pushing towards deeper analyses of metaphor, we ultimately discover an even deeper level of analysis at which relationships between language, mind, and experience become defined. P a tte rn s in m etap h o rical languageWe begin our investigation by observing the linguistic fact that words associated with particular meanings are associated with similar metaphorical usages in languages around the 1 R ep ro d u ced with p erm ission o f th e copyright ow ner.Further reproduction prohibited w ithout perm ission.world.Consider the following usages of words that refer to concepts like 'heavy,' 'support' and 'carry:' Medieval Irish Is trom m form fo r n-ingnas.'Your absence is grievous [literally 'heavy'] to me' trom re hloc 'difficult [literally 'heavy'] to pay for' Russian t'azholij 'heavy; difficult; grievous' Ancient Greek baros 'weight; oppression' Armenian krem 'carry; bear; suffer' Turkish agir 'heavy; serious; cumbersome; fatiguing; etc.' Japanese omoi 'heavy; grave; severe; difficult' Swahili zito 'heavy; difficult; severe' Arabic thaqiil 'heavy; cumbersome; oppressive; difficult' As these examples reflect, people in speech communities widely separated by time and geography all associate words from one particular semantic field (relating to physical weight) with meanings from another (relating to personal, emotional experience).Similar 2 R ep ro d u ced with p erm ission o f the copyright ow ner.Further reproduction prohibited w ithout p erm ission.patterns can be found in metaphors for many other concepts, such as intimacy, happiness, the future, and so forth.We also find striking cross-linguistic patterns in the etymologies of words for particular meanings.Eve Sweetser (1990), for instance, has examined the widespread occurrence in Indo-European languages of words which mean 'know' or 'understand' but formerly referred to vision.(This pattern is also found in languages outside the Indo-European family.)In English, see can refer metaphorically to a mental event rather than a perceptual one, but the words perspicacious and wit are better illustrations of the kind of historical trend Sweetser discusses; both formerly referred to vision but have lost this sense in modem English.In various other languages, the most basic words for knowledge and understanding derive from older words for seeing-e.g., Irish fio s 'knowledge' (from 'sight').This same pattern of semantic change is observed in connection with different roots, in different languages, and in different historical periods.Why should these patterns exist?Why should there be consistency between metaphorical usages in languages that have little or no connection with each other?An important point to note is that the pairs of meanings which a given word can refer to are not random.In English, light cannot mean 'difficult' or 'unpleasant' while heavy can.Likewise in other languages, there are pairs of meanings that do occur in association with particular words, and other meanings that never seem to be paired.1The pairings of literal and metaphorical meanings, in other words, are not arbitrary; not just any two concepts can be metaphorically associated.(Even though it often seems possible to create ""arbitrary"" metaphors by combining random pairs of concepts-e.g., Life is a kiwi fruit-we will see that these colorful metaphors are typically understood in terms of the more fundamental metaphors that occur more predictably.)It also seems very unlikely, given the robustness 1 Any claims along these lines are based on suggestive rather than exhaustive data, of course.It is easy to find examples of some meaning pairs, and no amount of looking seems to turn up examples of other pairs which are logically possible.R ep ro d u ced with p erm ission o f the copyright ow ner.Further reproduction prohibited w ithout p erm ission.",openalex,llm,0.990,unreviewed,
discarded,Computing Education in the Era of Generative AI,Paul Denny; James Prather; Brett A. Becker; James Finnie-Ansley; Arto Hellas; Juho Leinonen; Andrew Luxton-Reilly; Brent N. Reeves; Eddie Antonio Santos; Sami Sarsa,2024,Communications of the ACM,10.1145/3624720,https://openalex.org/W4390985631,adjacent-subtopic,Challenges and opportunities faced by computing educators and students adapting to LLMs capable of generating accurate source code from natural-language problem descriptions.,openalex,llm,0.880,unreviewed,
discarded,"Would ChatGPT-facilitated programming mode impact college students’ programming behaviors, performances, and perceptions? An empirical study",Dan Sun; Azzeddine Boudouaia; Chengcong Zhu; Yan Li,2024,International Journal of Educational Technology in Higher Education,10.1186/s41239-024-00446-5,https://openalex.org/W4392774538,adjacent-subtopic,"Abstract ChatGPT, an AI-based chatbot with automatic code generation abilities, has shown its promise in improving the quality of programming education by providing learners with opportunities to better understand the principles of programming. However, limited empirical studies have explored the impact of ChatGPT on learners’ programming processes. This study employed a quasi-experimental design to explore the possible impact of ChatGPT-facilitated programming mode on college students’ programming behaviors, performances, and perceptions. 82 college students were randomly divided into two classes. One class employed ChatGPT-facilitated programming (CFP) practice and the other class utilized self-directed programming (SDP) mode. Mixed methods were utilized to collect multidimensional data. Data analysis uncovered some intriguing results. Firstly, students in the CFP mode had more frequent behaviors of debugging and receiving error messages, as well as pasting console messages on the website and reading feedback. At the same time, students in the CFP mode had more frequent behaviors of copying and pasting codes from ChatGPT and debugging, as well as pasting codes to ChatGPT and reading feedback from ChatGPT. Secondly, CFP practice would improve college students’ programming performance, while the results indicated that there was no statistically significant difference between the students in CFP mode and the SDP mode. Thirdly, student interviews revealed three highly concerned themes from students' user experience about ChatGPT: the services offered by ChatGPT, the stages of ChatGPT usage, and experience with ChatGPT. Finally, college students’ perceptions toward ChatGPT significantly changed after CFP practice, including its perceived usefulness, perceived ease of use, and intention to use. Based on these findings, the study proposes implications for future instructional design and the development of AI-powered tools like ChatGPT.",openalex,llm,0.900,unreviewed,
discarded,Scaffolding in Teacher–Student Interaction: A Decade of Research,Janneke van de Pol; Monique Volman; J.J. Beishuizen,2010,Educational Psychology Review,10.1007/s10648-010-9127-6,https://openalex.org/W2156300785,off-topic-false-hit,"Although scaffolding is an important and frequently studied concept, much discussion exists with regard to its conceptualizations, appearances, and effectiveness. Departing from the last decade’s scaffolding literature, this review scrutinizes these three areas of scaffolding. First, contingency, fading, and transfer of responsibility are discerned in this review as the three key characteristics of scaffolding. Second, an overview is presented of the numerous descriptive studies that provided narratives on the appearances of scaffolding and classifications of scaffolding strategies. These strategies are synthesized into a framework for analysis, distinguishing between scaffolding means and intentions . Third, the small number of effectiveness studies available is discussed and the results suggest that scaffolding is effective. However, more research is needed. The main challenge in scaffolding research appears to be its measurement. Based on the encountered and described measurement problems, suggestions for future research are made.",openalex,llm,0.980,unreviewed,
kept,Programming pedagogy—a psychological overview,Leon E. Winslow,1996,ACM SIGCSE Bulletin,10.1145/234867.234872,https://openalex.org/W2038598927,misconceptions-review,"Can we turn novices into experts in a four year undergraduate program? If so, how? If not, what is the best we can do? While every teacher has his/her own opinion on these questions, psychological studies over the last twenty years have started to furnish scientific answers. Unfortunately, little of these results have been incorporated into curricula or textbooks. This report is a brief overview of some of the more important results concerning computer programming and how they can affect course design.",openalex,llm,0.920,unreviewed,
kept,Investigating the viability of mental models held by novice programmers,Linxiao Ma; John Ferguson; Marc Roper; Murray Wood,2007,,10.1145/1227310.1227481,https://openalex.org/W2010452900,supports-claim,"This paper describes an investigation into the viability of mental models used by novice programmers at the end of a first year Java programming course. The qualitative findings identify the range of mental models of value and reference assignment held by the participants. The quantitative analysis reveals that approximately one third of students held non-viable mental models of value assignment and only 17% of students held a viable mental model of reference assignment. Further, in terms of a comparison between the participants' mental models and their performance in in-course assessments and final examination, it was found that students with viable mental models performed significantly better than those with non-viable models. These findings are used to propose a more ""constructivist"" approach to teaching programming based on the integration of ""cognitive conflict"" and program visualisation.",openalex,llm,0.970,unreviewed,
kept,Investigating the viability of mental models held by novice programmers,Linxiao Ma; John Ferguson; Marc Roper; Murray Wood,2007,ACM SIGCSE Bulletin,10.1145/1227504.1227481,https://openalex.org/W3000305341,supports-claim,"This paper describes an investigation into the viability of mental models used by novice programmers at the end of a first year Java programming course. The qualitative findings identify the range of mental models of value and reference assignment held by the participants. The quantitative analysis reveals that approximately one third of students held non-viable mental models of value assignment and only 17% of students held a viable mental model of reference assignment. Further, in terms of a comparison between the participants' mental models and their performance in in-course assessments and final examination, it was found that students with viable mental models performed significantly better than those with non-viable models. These findings are used to propose a more ""constructivist"" approach to teaching programming based on the integration of ""cognitive conflict"" and program visualisation.",openalex,llm,0.970,unreviewed,
