status,title,authors,year,venue,doi,url,tags,abstract,provider,decision_source,llm_confidence,llm_review_outcome,llm_change_direction
Accordingly, several initiatives at national and international levels aim at promoting AI and emerging technology literacy, supported also by a proliferation in the literature of learning courses covering a variety of topics, learning objectives and targeted ages. Schools are therefore pushed to introduce innovative activities for children in their curricula.

In this paper, we report the results of a case study where we tested the contribution of an AI block-based course in developing computational thinking, and human and AI minds understanding in fifth and sixth grade children.",wos,llm,0.880,unreviewed,
discarded,Enhancing middle school students' computational thinking competency through game-based learning,"Pan, Yanjun; Adams, Elizabeth L.; Ketterlin-Geller, Leanne R.; Larson, Eric C.; Clark, Corey",2024,ETR&D-EDUCATIONAL TECHNOLOGY RESEARCH AND DEVELOPMENT,10.1007/s11423-024-10400-x,https://www.webofscience.com/wos/woscc/full-record/WOS:001265401200001,adjacent-subtopic,"Computational thinking is acknowledged as an essential competency for everyone to learn. However, teachers find it challenging to implement the existing learning approaches in K-12 settings because the existing approaches often focus on teaching computing concepts and skills (i.e., programming skills) rather than on helping students develop their computational thinking competency-a competency that can be used across disciplinary boundaries in accordance with curriculum requirements. To address this need, the current study investigated how game-based learning influenced middle school students' learning processes, particularly on the development of computational thinking competency, self-efficacy toward computational thinking, and engagement during gameplay. Additionally, the study examined how these outcomes were moderated by individual differences. We observed evidence that the gaming experience influenced students' computational thinking self-efficacy, but not computational thinking competency or game-based engagement. Compared to age (grade) and prior gaming experience, gender tended to play a more important role in moderating students' computational thinking competency, self-efficacy toward computational thinking competency, and game-based engagement. Implications and possible directions for future research regarding using game-based learning to enhance computational thinking competency are discussed.",wos,llm,0.840,unreviewed,
discarded,Professional Development in Computational Thinking: A Systematic Literature Review,"Espinal, Alejandro; Vieira, Camilo; Magana, Alejandra J.",2024,ACM TRANSACTIONS ON COMPUTING EDUCATION,10.1145/3648477,https://www.webofscience.com/wos/woscc/full-record/WOS:001227336600013,adjacent-subtopic,"This paper presents a systematic literature review of professional development programs in computational thinking (CT). CT has emerged as an essential set of skills that everyone should develop to participate in a global society. However, there were no pre-service or in-service teacher programs to integrate CT into the K-12 classrooms until very recently. Thus, it is important to identify how educators and researchers address the challenges to prepare the next generation of students and what gaps persist in the current literature. We review existing work in this field from two perspectives: First, we analyze the learning outcomes, assessment methods, pedagogical approaches, and pedagogical tools used in the professional development programs in CT. Second, we examine how these programs assess the teachers' knowledge and skills as outcomes. We used the technological pedagogical and content knowledge (TPACK) framework to characterize existing literature and identify possible gaps in the preparation of pre-service and in-service teachers in CT. Our results suggest that (1) existing evidence is limited to developed countries; (2) many studies are only focusing on teachers understanding the concepts but do not explore how the participants evaluate or create learning activities; (3) no studies look into classroom observations as part of the program, which limits our understanding to how these programs work; and (4) most programs use block-based programming languages as the tool to develop student CT. While block-based programming languages are used for introductory training programs, students are often expected to transfer their learning to more professional programming languages.",wos,llm,0.910,unreviewed,
discarded,Mapping the Evolution of Computational Thinking in Education: A Bibliometrics Analysis of Scopus Database from 1987 to 2023,"Rafiq, Arif Ainur; Triyono, Mochamad Bruri; Djatmiko, Istanto Wahyu; Wardani, Ratna; Koehler, Thomas",2023,INFORMATICS IN EDUCATION,10.15388/infedu.2023.29,https://www.webofscience.com/wos/woscc/full-record/WOS:001126997100007,adjacent-subtopic,"In today's world, the ability to think computationally is essential. The skillset expected of a computer scientist is no longer solely based on the old stereotype but also a crucial skill for adapting to the future. This perspective presents a new educational challenge for society. Everyone must have a positive attitude toward understanding and using these skills daily. One thousand two hundred seven documents about computational thinking (CT) may be found while searching the Scopus database from 1987 to 2023. Data from Scopus were analyzed using VOSviewer software. This study educates academics by delving into the fundamentals of what is known about the CT of visual and quantitative research skills. This approach allows for a more in-depth look at the literature and a better understanding of the research gap in CT. This bibliometrics analysis demonstrates that (1) research on CT is common to all sciences and will develop in the future; (2) the majority of articles on CT are published in journals in the fields of education, engineering, science and technology, computing and the social sciences; (3) the United States is the most dominant country in CT publications with a variety of collaborations; (4) keywords that often appear are CT, engineering, education, and mathematics, and (5) research on CT has developed significantly since 2013. Our investigation reveals the beginnings and progression of the academic field of research into CT. Furthermore, it offers a road map indicating how this study area will expand in the coming years.",wos,llm,0.890,unreviewed,
kept,"Computational thinking in education - epistemology, pedagogy and politics","Sumonja, Milos",2023,SOCIOLOGIJA,10.2298/SOC220401005S,https://www.webofscience.com/wos/woscc/full-record/WOS:001089340700007,qualifies-claim,"The paper discusses computational thinking (CT) in education, as a new curricular content, and as a technosolutionist project to reshape educational practice. Proponents of CT argue that all students should learn to ""think like computer scientists"", because that is a universal mental skill for solving problems. However, practical difficulties in teaching and assessing this skill show that CT is contextually specific to computer programming, which means that its educational universalisation unjustifiably marginalizes other forms of knowledge. At the same time, especially during the pandemic, CT is increasingly permeating education through machine learning softwares, with the pedagogical argument that, like on YouTube or Netfix, algorithmic processing of data on student activities on educational platforms will achieve the progressive ideal of personalized user experience - of learning in an adaptive environment. Thus, however, algorithms shape the curriculum, not institutions. Proponents of digitalization actually confirm that these algorithms are not politically neutral, and that personalization means further privatization of education, when they demand that traditional schools be gradually replaced by educational platforms, while advocating the neoliberal view of education as acquisition of ""human capital"", or skills needed by the digital economy. Hence, ""thinking like a computer scientist"" really does not only mean programming, but also creating digital content and data, which is capital for large IT companies.",wos,llm,0.970,unreviewed,
kept,Towards a learning progression of sequencing and algorithm design for five- and six-years-old children engaging with an educational robot,"Vieira, Camilo; Chiu, J.; Velasquez, B.",2024,COMPUTER SCIENCE EDUCATION,10.1080/08993408.2023.2255058,https://www.webofscience.com/wos/woscc/full-record/WOS:001082665000001,supports-claim,"Background and ContextComputational thinking (CT) is a fundamental skill and a new form of literacy that everyone should develop to participate in civic society. Sequencing and algorithmic thinking are at the core of CT. This study looked into how young children enrolled in a kindergarten in Colombia develop CT skills.ObjectiveThis paper aims to develop a learning progression of sequencing and algorithm design for early childhood. This goal is complemented by identifying the challenges children face to advance into more sophisticated approaches to problem-solving using algorithmic thinking.MethodFourteen five- and six-year-old students participated in this study. These children participated in unplugged learning activities, and solved two sets challenges with the BeeBot. We used a grounded theory approach to analyze how they solved these algorithmic thinking activities and the challenges they faced in this process.FindingsOur results suggest four increasingly sophisticated approaches to solving these activities: step-by-step, simple decomposition, advanced decomposition, and full algorithm design. We also found different challenges students faced when working on these activities. These challenges can relate to critical cognitive skills.ImplicationsThese results will enable educators to support student learning about CT. These results also open new questions about the relationship between cognitive skills and CT activities in early childhood.",wos,llm,0.930,unreviewed,
kept,Teaching and Learning Computational Thinking Through Game-Based Learning: A Systematic Review,"Wang, Xinyue; Cheng, Mengmeng; Li, Xinfeng",2023,JOURNAL OF EDUCATIONAL COMPUTING RESEARCH,10.1177/07356331231180951,https://www.webofscience.com/wos/woscc/full-record/WOS:001051124900001,supports-claim,"Computational thinking (CT) is considered a fundamental skill that everyone in the 21st century should have. Game-based learning (GBL) may be used to teach CT, and it's necessary to clarify how to design and implement game-based CT teaching. The literature was systematically searched for empirical studies published between 2011 and 2021. Thirty-nine studies were included in the review and findings suggested that GBL has positive effects on CT, but has non-significant effects on some CT elements (e.g., conditions, triggers, and abstraction) because of limited time to learn these elements and students' preferences for using CT elements. Game elements, particularly clear goals and rules, progressive challenges, immediate feedback, storyline, avatar, social interaction and various reward mechanisms were used to motivate students to engage in activities to develop CT. Furthermore, single or multiple theoretical foundations, such as constructivist learning theory and experiential learning theory, may guide the design and implementation of game-based activities. Problem-solving, project-based approaches were used to encourage students to use CT to solve problems or complete a project. Finally, guidelines for designing and implementing game-based learning activities for promoting CT were discussed.",wos,llm,0.950,unreviewed,
discarded,The SNS-based E-mentoring and Development of Computational Thinking for Undergraduate Students in an Online Course,"Jang, Yeonju; Choi, Seongyune; Kim, Seonghun; Kim, Hyeoncheol",2023,EDUCATIONAL TECHNOLOGY & SOCIETY,10.30191/ETS.202304_26(2).0011,https://www.webofscience.com/wos/woscc/full-record/WOS:001035155900001,adjacent-subtopic,"Given the importance of digital technology in daily life, computational thinking (CT) has become a necessary skill for everyone, not just for computer scientists. For CT development, students need to receive appropriate social learning support. However, instructors find it difficult to provide such support to many students in online courses. This study aimed to examine the effectiveness of e-mentoring via social network services (SNS) in developing students' CT during large-scale online courses. A total of 327 undergraduate students volunteered to participate in this study, which included 16 weeks of lectures aimed at developing CT. The effects of SNS-based e-mentoring on CT development, the influences of each e-mentoring activity on CT development, and gender differences were analyzed using data on participants' CT assistance scores and their utilization of e-mentoring activities. The findings indicated that SNS-based e-mentoring was effective in developing the CT of undergraduate students' engagement in a large-scale online course. The most influential e-mentoring activities for students' CT development were informational and technical support in a group and informational support in a private environment. Female students benefited more from SNS-based e-mentoring than male students, and they also engaged in more types of e-mentoring activities than male students. Participation in SNS-based e-mentoring was found to lower the gap in CT between students with and without prior learning experience. Our study findings can be used by educational institutions and instructors when designing courses for students' CT development in large-scale online courses or when developing strategies to close the gender gap in CT ability.",wos,llm,0.830,unreviewed,
discarded,AR-Based Resources to Train Computational Thinking Skills,"Lima, Lazaro; Saraiva, Francisco; Magalhaes, Luis Gonzaga; Henriques, Pedro Rangel; Cardoso, Alexandre",2023,"PERSPECTIVES AND TRENDS IN EDUCATION AND TECHNOLOGY, ICITED 2022",10.1007/978-981-19-6585-2_61,https://www.webofscience.com/wos/woscc/full-record/WOS:001008773300061,adjacent-subtopic,"Learning and teaching computer programming is a challenge for everyone because it requires persistence and dedication. Nowadays, Computational Thinking is accepted as an essential skill to overcome those challenges. In this paper, we propose two Augmented Reality (AR) environments that create representations of complex programming constructs displaying engageable and playful activities that can be executed fast and do not require a great mental load. They are intended to be used as Learning Resources to train people in CT. The artifacts enable people to explore CT concepts and diverse problem-solving approaches in a subtle way. These artifacts include two simple AR-based activities, easy to handle and visualize based on ""see-through video"". We argue that by interacting with these artifacts, users can acquire CT problem-solving skills. Those two learning activities supported by AR provide visual representations and interactivity to engage students while training CT. We also describe an experiment to test both artifacts. The experiment was carried out with 12 participants of different ages and education levels. The results of feedback collected was positive.",wos,llm,0.820,unreviewed,
discarded,Application of Metacognitive Planning Scaffolding for the Cultivation of Computational Thinking,"Zhou, Ying; Chai, Ching Sing; Li, Xiuting; Ma, Chao; Li, Baoping; Yu, Ding; Liang, Jyh-Chong",2023,JOURNAL OF EDUCATIONAL COMPUTING RESEARCH,10.1177/07356331231160294,https://www.webofscience.com/wos/woscc/full-record/WOS:000970891800001,adjacent-subtopic,"Computational thinking is a way of thinking that helps people ""think like a computer scientist"" to solve practical problems. However, practicing computational thinking through programming is dependent on the problem solvers' metacognition. This study investigated students' metacognitive planning and problem-solving performance in programming through two quantitative studies. First, we analyzed the performance of metacognitive planning and of problem solving through the programming of 21 freshmen, and found that the metacognitive planning performance related to ""problem description"" and ""program comprehension"" was significantly correlated with problem-solving performance. Second, semi-scaffolding and full-scaffolding were designed based on the first study. Another 89 freshmen were randomly divided into three groups and were asked to write their programming plan with no-scaffolding, semi-scaffolding, or with full-scaffolding. ANCOVA revealed that the problem-solving performance of the no-scaffolding group was significantly weaker than that of the other two groups, but there was no significant difference between the semi-scaffolding and the full-scaffolding groups. The study indicated that semi-scaffolding had a similar effect to full-scaffolding on problem-solving performance. The study suggests that teachers should emphasize supporting students' ""problem description"" and ""program comprehension"" using semi-scaffolding. This scaffolding technique is sufficient and efficient for training students' computational thinking through problem solving in programming.",wos,llm,0.840,unreviewed,
discarded,Cultural Viewpoint Metaphors Resignification to Teach Programming,"Correa, Joseline Melo; Mota, Marcelle Pereira",2023,INTERACTING WITH COMPUTERS,10.1093/iwc/iwac041,https://www.webofscience.com/wos/woscc/full-record/WOS:000905170900001,adjacent-subtopic,"Technologies permeate contemporary society, and the ability to use computer science concepts in problem-solving is essential to everyone. This paper presents an epistemic tool of semiotic engineering whose meaning is resignified to the context of teaching programming to initial learners. Aiming to help these students absorb programming concepts, we structured a gradual form of presentation using the interaction with a new system as a journey through a new culture, based on the Cultural Viewpoint Metaphors theory. After that, we applied this resignification in an introductory programming workshop using visual programming and the BBC Micro:bit embedded device. Results from the workshop revealed that this gradual introduction could help novices in the programming concepts learning process, showing the potential of this approach in teaching programming.",wos,llm,0.880,unreviewed,
discarded,Play to Learn: from Serious Games to just Games,"Franceschini, Andrea; Roda, Antonio",2023,"PROCEEDINGS OF THE 2023 ACM CONFERENCE ON INFORMATION TECHNOLOGY FOR SOCIAL GOOD, GOODIT 2023",10.1145/3582515.3609525,https://www.webofscience.com/wos/woscc/full-record/WOS:001731151200015,adjacent-subtopic,"Games have been used for a few decades in research, formal education, and training of children and adults, and digital games are no strangers to educational uses. After all, everyone likes to play games, so it should stand to reason that educational digital games are going to be a hit. Unfortunately, this is not the case. In fact, educational digital games are often criticized for being too focused on educational content and not enough on engaging, challenging, and entertaining players. Making games for entertainment is difficult and requires multidisciplinary expertise. Making educational games that are engaging and entertaining is also difficult and requires additional input from educators and domain experts, and rigorous evaluation methodologies, all of which must revolve around the players. In this position article, we introduce the early stage ""EduGames: Play to Learn"" research project aimed at supporting the public in acquiring Critical and Computational Thinking skills to tackle the problem of detecting misinformation, and supporting the game development and research communities in creating and evaluating games that are entertaining and educational. As part of this project, we call for more, and more structured, synergy between academia, educators, and the game development industry.",wos,llm,0.860,unreviewed,
discarded,Reaching Everyone by Integrating Computing Everywhere,"Guzdial, Mark",2021,CSERC'21: THE 10TH COMPUTER SCIENCE EDUCATION RESEARCH CONFERENCE,10.1145/3507923.3507925,https://www.webofscience.com/wos/woscc/full-record/WOS:000883329500002,adjacent-subtopic,"The inventors of the term ""computer science"" meant for it to be something that was taught to everyone, to facilitate learning other subjects. Today, we mostly teach computer science to people who want to become professional software developers or computer scientists. Worse yet, we get a narrow range of people who are even willing to take a CS class. If we wanted to reach the original and more general goal, we would have to change how we teach computer science. In this talk, we consider the history of ""computer science"" and its earlier purpose, describe and demonstrate new kinds of languages, tools, and media for learning computer science.",wos,llm,0.840,unreviewed,
