status,title,authors,year,venue,doi,url,tags,abstract,provider,decision_source,llm_confidence,llm_review_outcome,llm_change_direction
discarded,High-Capacity Robots in Early Education: Developing Computational Thinking with a Voice-Controlled Collaborative Robot,"Castro, Angela; Aguilera, Cristhian; Yang, Weipeng; Urrutia, Brigida",2024,EDUCATION SCIENCES,10.3390/educsci14080856,https://www.webofscience.com/wos/woscc/full-record/WOS:001305859900001,adjacent-subtopic,"This study investigates the potential of a voice-controlled collaborative robot to promote computational thinking (CT) skills in preschoolers aged 4 to 6 in Southern Chile. During a week-long workshop, 34 children engaged in activities designed to develop several CT components while interacting with a robotic arm. Pre- and post-workshop assessments utilizing the TechCheck-K tool revealed significant improvements in CT skills. The findings of this preliminary study demonstrate the effectiveness of voice-controlled robots as innovative tools in early education, significantly enhancing young learners' understanding of CT concepts, practices, and perspectives. This research advocates for further exploration of robotic integration in educational settings, highlighting their potential to improve or extend preschool learning environments and foster CT skill development.",wos,llm,0.850,unreviewed,
discarded,"Greek translation, cultural adaptation, and psychometric validation of beginners computational thinking test (BCTt)","Vourletsis, Ioannis; Politis, Panagiotis",2025,EDUCATION AND INFORMATION TECHNOLOGIES,10.1007/s10639-024-12887-6,https://www.webofscience.com/wos/woscc/full-record/WOS:001272244500011,adjacent-subtopic,"Computational thinking (CT) is regarded as a valuable skill set for the students of the 21st century, fostering problem-solving skills applicable to academic disciplines and everyday problems. Assessing CT involves evaluating the development of its concepts, practices, and perspectives. However, establishing comprehensive and validated assessments across different educational levels remains challenging. The Beginners Computational Thinking Test (BCTt) is a validated tool for assessing CT concepts among primary school students, especially during their first grades (ages 5 to 10). This paper describes the translation, cultural adaptation, and psychometric validation of the BCTt for use with Greek students. The translation process involved both forward and backward translation, while the validity assessment included content and construct validity. The psychometric properties of the adapted scale were also evaluated using Item Difficulty Index, Item Discrimination Index, internal consistency, and test-retest reliability. The results indicated that the Greek version of the BCTt can be used as a reliable and valid tool for assessing the CT skills among students in the three lower grades of primary school, with greater suitability for use among students in the two lower grades. Finally, our findings contribute to improving the existing assessment tools tailored to primary school students while guiding future refinement efforts to enhance overall psychometric quality.",wos,llm,0.930,unreviewed,
discarded,"Does the Advanced Placement Computer Science (CS) Principles course drive equitable and inclusive CS pedagogy, curriculum, and policy as a means to broaden participation in computing?","Diaz, Lien; Foster, Terry; Barashango, Sababu Chaka",2024,"PROCEEDINGS OF THE CONFERENCE FOR RESEARCH ON EQUITABLE AND SUSTAINED PARTICIPATION IN ENGINEERING, COMPUTING, AND TECHNOLOGY, RESPECT 2024",10.1145/3653666.3656281,https://www.webofscience.com/wos/woscc/full-record/WOS:001227772300024,adjacent-subtopic,"The premise for the development of the Advanced Placement (AP) Computer Science Principles course was aimed at broadening participation in computing, as a high school level CS course. Since AP courses carry credibility with millions of students who take AP Exams as they are recognized with prospects of obtaining a college education, the hope was that the AP CS Principles course would lead to increased participation in AP CS Exams, especially with students historically excluded in CS including girls, Black, Hispanic, and Native American students, as well those with disabilities. The course raises opportunities and access to CS in higher education. The AP CS Principles curriculum framework is used in the development of the Exam which is significant in the creation college credit and placement policies. Nearly 1,300 colleges and universities have created policies providing students with opportunities to receive college credit or placement for scoring a 3 or higher on the AP CS Principles Exam [12].

The AP CS Principles curriculum framework is also used to define the learning outcomes for the course and stands as a pivotal tool in shaping high school CS education pathways to post-secondary introductory CS courses:

It was designed to meet rigorous content requirements of an innovative first semester college-level introductory CS course.

It exposes students to demanding expectations of building high levels of computational thinking skills and practical applications of programming that are valuable as they advance in their academics.

It provides opportunities for students to connect fundamental programming concepts with important topics such as understanding the role of data in programming, and how data is processed and analyzed.

AP CS Principles also recognizes the societal impacts of technology and teaches students about ethical considerations that may arise when analyzing bias in technological systems so that students develop a well-rounded perspective on technology's role in society [5].

Additional themes such as the infrastructure of the Internet including networks and protocols are also included.

This paper focuses on the vision of the AP CS Principles course underpinnings (a) being engaging and appealing to a wider range of students, (b) making it accessible for a more racially, ethnically, and gender-identity diverse population of high school students, and (c) providing the benefits of the AP label on students' high school transcripts gives them options to consider a pathway into college CS studies with an enhanced admissions appeal, potential academic scholarships, and/or careers in the field. We investigate the structure of the AP CS Principles curriculum framework as a key resource that impacts the kinds of teaching and learning that is promoted in the Course and Exam Description. We discuss our experiences with the imbalanced emphasis on inclusive pedagogy and building community within the classroom to directly increase sense of belonging with students historically excluded from computing. Lastly, while the AP CS Principles Exam continues to flourish in participation numbers, we question the effectiveness of policies to promote broadening participation in computing. We review policies from three different states and discuss how they leverage the AP CS Principles course to promote teacher certification and student enrollment but do not necessarily ensure equitable practices to promote diverse representation in terms of gender, race, socioeconomic background, and disability.",wos,llm,0.970,unreviewed,
discarded,Examining Young Children's Computational Thinking through Animation Art,"Leung, Suzannie K. Y.; Wu, Joseph; Li, Jenny Wanyi; Lam, Yung; Ng, Oi-Lam",2025,EARLY CHILDHOOD EDUCATION JOURNAL,10.1007/s10643-024-01694-w,https://www.webofscience.com/wos/woscc/full-record/WOS:001243866100002,adjacent-subtopic,"Educators and researchers are becoming interested in cultivating computational thinking (CT). However, in the Hong Kong context, CT-related studies regarding young children are rarely found. The present study aimed to use an unplugged digital arts activity to examine the CT concepts that children performed and document their CT developmental trajectories. Constructionism theory highlights the importance of children engaging in hands-on activities and developing independent thinking skills. Meanwhile, social constructivism theory emphasizes the role of teachers as scaffolders, supporting children in their learning processes. A sample of children (N = 27, aged 3-6) was recruited from a nursery school in Hong Kong to participate in an animation art workshop. A total of 540 min of video data was recorded and collected for content analysis. The teaching team (N = 4) for this workshop were invited to write up their reflective journals, capturing their observations of the scaffolding strategies employed and their perspectives on how children at various levels demonstrated their understanding of CT concepts throughout the entire process. Within an analytical framework based on powerful ideas, the findings from the observations and field notes revealed that the children's CT concepts and practices could be linked with the CT conceptual framework. In this study, older children showed a sophisticated competency and a more complicated mind structure in terms of the CT concept. Our findings highlight the importance of designing an age-appropriate curriculum for nurturing the computational thinking of young children through animation art.",wos,llm,0.860,unreviewed,
discarded,Can robot-supported learning enhance computational thinking?- A meta-analysis,"Wang, Yang; Xie, Bin",2024,THINKING SKILLS AND CREATIVITY,10.1016/j.tsc.2024.101528,https://www.webofscience.com/wos/woscc/full-record/WOS:001232850400001,adjacent-subtopic,"Computational thinking (CT) is crucial for students. Robot-supported learning has emerged as a popular approach for CT cultivation. To understand the effects of robot-supported CT cultivation, the current study conducted a meta-analysis to analyze studies from Web of Science, Google Scholar, and Science Direct databases (2012-2022) which screened using keywords ""computational thinking"" and ""robot"". After further screening, 26 peer-reviewed articles were selected. We synthesized the 33 effect sizes to assess the overall effectiveness of robot-supported learning on CT and its sub-dimensions: concepts, practices, and perspectives. Our findings revealed a medium effect of robot-supported learning on students' CT (g = 0.643), a large effect on CT concepts (g = 0.650), a medium effect on CT practices (g = 0.587), and a huge effect on CT perspectives (g = 1.419). We also explored the moderators (i.e., grade level, study duration, culture, learning strategy, and assessment tool) that might influence the effects of robotsupported CT cultivation. Moderator analyses indicated that short-term (less than four weeks) robot-supported learning had a larger effect (g = 0.901) on CT practice than long-term (more than eleven weeks) learning (g = 0.309). This meta-analysis indicates that educators could apply robotsupported learning to cultivate students' CT and concludes with related implications.",wos,llm,0.830,unreviewed,
discarded,Algorithms and Data in Cultural Studies Research. Digital Humanities in Application and Reflection,"Franken, Lina",2023,ZEITSCHRIFT FUR EMPIRISCHE KULTURWISSENSCHAFT,10.31244/zekw/2023/02.03,https://www.webofscience.com/wos/woscc/full-record/WOS:001149220900003,off-topic-false-hit,"This article outlines a research programme for the specific perspective of empirical cultural studies in the digital humanities. As six areas of digital humanities in application, it elaborates computational methods and algorithms, digital and digitised data, infrastructures, resources, digital handcraft and basic digital skills. These are combined with perspectives of reflection, especially in relation to algorithmic assemblages, practices in the community of practice, infrastructures and resources as power structures, and data in its changeability and incompleteness.

Due to researchers' fear of algorithms and data, these areas have so far only been realised in rudimentary form. However, it is precisely with the expertise of empirical cultural studies that uncertainties and misunderstandings can be used productively to further develop existing approaches, expand them to meet the needs of cultural studies and iteratively connect them with cultural analytical concepts. Possibilities and implications cannot be explored with tools and scripts as a transfer of existing methods into digital procedures. These change approaches to knowledge that can be realised in close human-technology relations combined with computational thinking.",wos,llm,0.980,unreviewed,
discarded,Using Epistemic Network Analysis to Explore Primary School Students' Computational Thinking in Pair Programming Learning,"Su, Yu-Sheng; Wang, Shuwen; Liu, Xiaohong",2024,JOURNAL OF EDUCATIONAL COMPUTING RESEARCH,10.1177/07356331231210560,https://www.webofscience.com/wos/woscc/full-record/WOS:001100618600001,adjacent-subtopic,"Pair programming (PP) can help improve students' computational thinking (CT), but the trajectory of CT skills and the differences between high-scoring and low-scoring students in PP are unknown and need further exploration. In this study, a total of 32 fifth graders worked on Scratch tasks in 16 pairs. The group discourse of three learning topics (comprising 9 projects) was collected. After the audio files were transcribed, 1,303 conversations were obtained. They were analyzed via Epistemic Network Analysis (ENA) Webkit, which can reveal the trajectory of students' CT development via analyzing codes of discourse related to CT in PP. Three Scratch learning topics were assessed based on the Dr. Scratch platform to acquire the level of students' CT and to determine the low- and high-scoring groups. Results indicated that CT concepts and CT practices were always closely related in PP and CT practices, and CT perspectives could be gradually and closely related after a long period of CT training. A significant difference between the two groups' CT structures was found. The high-scoring group had more fragments of CT practice and connecting of CT perspectives, while the low-scoring group showed more fragments of CT concepts and expressing of CT perspectives. This research provides insights into cultivating primary school students' CT using Scratch in the context of PP. The findings can provide suggestions for instructors to design instructional interventions to facilitate students' CT skills via PP learning. Instructors can improve CT skills by guiding students to constantly ask questions, and specifying the role swap between driver and navigator in PP. Besides, instructors could give more consideration to the development of CT perspectives, and especially the ability to question.",wos,llm,0.860,unreviewed,
kept,Teaching programming and computational thinking in early childhood education: a case study of content knowledge and pedagogical knowledge,"Zeng, Yue; Yang, Weipeng; Bautista, Alfredo",2023,FRONTIERS IN PSYCHOLOGY,10.3389/fpsyg.2023.1252718,https://www.webofscience.com/wos/woscc/full-record/WOS:001082427900001,supports-claim,"Programming and computational thinking (CT) have been progressively incorporated into early childhood education to prepare children for the digital age. However, little is known about the content knowledge (CK) and pedagogical knowledge (PK) possessed by early childhood teachers in this domain. To address this gap, we conducted a case study of an early childhood teacher in China who had experience developing and implementing an unplugged programming and CT curriculum. The triangulation of data sources was established to collect evidence from videotaped observations, interviews, and lesson plans. For the CK, analysis of these findings revealed that the teacher had a more robust understanding of CT concepts (e.g., sequences, conditionals, and loops) compared to CT practices (e.g., decomposition, debugging) and CT perspectives (e.g., perseverance, choices of conduct). In terms of PK, the teacher could apply the general pedagogical knowledge but was relatively weak in using content-specific pedagogical knowledge. As the first endeavor to investigate an early childhood teacher's CK and PK in teaching programming and CT, this study provides significant implications for improving teachers' professional knowledge and teaching effectiveness in this burgeoning area.",wos,llm,0.950,unreviewed,
discarded,Assessment of Computational Thinking in regular basic education: case I.E.T.P. “José Obrero”,Ronald Paucar Curasma; Nolan Jara Jara; Herminio Paucar Curasma; Victor Cruz Ornetta,2019,"2019 IEEE XXVI International Conference on Electronics, Electrical Engineering and Computing (INTERCON)",10.1109/INTERCON.2019.8853613,https://ieeexplore.ieee.org/document/8853613/,adjacent-subtopic,"In regular basic education environments, one of the challenges of Computer and Computing courses or similar is to motivate students, who perceive programming as a difficult task. Arduino board is recognized as a tool to improve programming skills and to facilitate teamwork. In this paper, Computational Thinking is evaluated through concepts, practices and computational perspectives of the activities carried out with the Arduino board by the 5th-grade students of secondary education of the “José Obrero” Parochial Technical Educational Institution in the district of San Mateo from the province of Huarochirí of Lima region.",ieee,llm,0.840,unreviewed,
kept,The uniqueness of Computational thinking,P. Larsson; M-V. Apiola; M-J. Laakso,2019,"2019 42nd International Convention on Information and Communication Technology, Electronics and Microelectronics (MIPRO)",10.23919/MIPRO.2019.8756712,https://ieeexplore.ieee.org/document/8756712/,qualifies-claim,"The concept of computational thinking is timely. It is widely agreed that in order to benefit and thrive in a digital world, more than digital literacy is required. Computational thinking promises understanding of information technology and its utilization without necessarily knowing how to write code. According to many authors, skills in computational thinking include the ability to evaluate and design solutions to problems. However, the vision for computational thinking, laid out by a number of scholars, is even bigger than this. It proposes that thinking habits from computer science are beneficial for any kind of problem solving and that those thinking habits form a central part of modern sciences. It might be that components of computational thinking are indeed useful in problem solving and that they play an important part in other sciences. However, computer science combines three types of thinking traditions: theoretical (mathematical) tradition, engineering tradition and scientific tradition, and it is important to differentiate between what is an aspect in one or more of these traditions and what is unique for computer science. This clarification will support the application and teaching of computational thinking. This paper explores the uniqueness of computational thinking and its roots in theoretical, engineering and scientific traditions of computing.",ieee,llm,0.960,unreviewed,
discarded,An Empirical Study on Designing STEM+AI Teaching to Cultivate Primary School Students' Computational Thinking Perspective and Identity,Xing Li; Hui Xiang; MingYue Zhao; XiaoChun Zhou; Jing Huang,2024,2024 6th International Conference on Computer Science and Technologies in Education (CSTE),10.1109/CSTE62025.2024.00024,https://ieeexplore.ieee.org/document/10589985/,adjacent-subtopic,"With the development of the era of artificial intelligence(AI), China has put forward the cultivation of computational thinking(CT) in the compulsory education curriculum standard. CT includes three dimensions: CT concept, CT practice, and CT perspective. As a part of CT, the development of the CT perspective can promote the growth of students ‘ connection ability, questioning ability, and expression ability. CT perspective promotes the formation of computational identity through the internalization of concepts. At present, there are relatively few studies on the CT perspective. Based on this, this study proposes a design-based STEM + AI teaching model, aiming to create a combination of artificial intelligence and interdisciplinary to cultivate pupils ‘ CT perspective and form their computational identity. In this study, a single group of pre-test and post-test experiments were conducted to test the CT perspective and computational identity of students in the third grade of a primary school in Wuhan. The research shows that the design-based STEM + AI teaching has significantly improved the expression ability and questioning ability of primary school students in the CT perspective, as well as the correlation ability, participation ability, realization ability, and goal-setting ability in the computational identity. The implementation of STEM + AI teaching helps students to internalize ideas from the perspective of CT, thus cultivating students' computational identity.",ieee,llm,0.850,unreviewed,
