status,title,authors,year,venue,doi,url,tags,abstract,provider,decision_source,llm_confidence,llm_review_outcome,llm_change_direction
Malgr & eacute; la mise en place d'initiatives de diversit & eacute;, d'& eacute;quit & eacute; et d'inclusion (DEI), la repr & eacute;sentation des minorit & eacute;s dans la profession comptable & agrave; l'& eacute;chelle mondiale demeure limit & eacute;e. Le pr & eacute;sent article offre un aper & ccedil;u de la recherche mondiale en comptabilit & eacute; afin d'examiner de mani & egrave;re critique comment a & eacute;volu & eacute; le soutien offert aux & eacute;tudiants issus des minorit & eacute;s et, par cons & eacute;quent, aux professionnels, selon les r & eacute;gions et les groupes d & eacute;mographiques. Il se penche sur la fa & ccedil;on dont ce soutien a & eacute;t & eacute; conceptualis & eacute; et mis en oe uvre au fil de trois & eacute;tapes cl & eacute;s du parcours : l'entr & eacute;e dans les programmes de comptabilit & eacute;, la progression dans les & eacute;tudes et la transition vers la pratique professionnelle. En s'appuyant sur un examen structur & eacute; de 81 & eacute;tudes r & eacute;vis & eacute;es par des pairs, l'analyse d & eacute;montre que la sous-repr & eacute;sentation persistante est moins attribuable aux lacunes individuelles qu'aux in & eacute;galit & eacute;s structurelles profond & eacute;ment enracin & eacute;es. Les premi & egrave;res interventions, qui & eacute;taient principalement ax & eacute;es sur les lacunes, mettaient l'accent sur la rem & eacute;diation et l'assimilation des populations minoritaires, et accordaient peu d'attention aux contextes institutionnels sous-jacents. & Agrave; l'inverse, les & eacute;tudes plus r & eacute;centes mettent en & eacute;vidence l'influence de la culture organisationnelle, des conditions socio & eacute;conomiques, de la langue, de l'identit & eacute; et des rapports de pouvoir pour d & eacute;terminer l'acc & egrave;s, la progression et le sentiment d'appartenance. Dans divers contextes, des obstacles r & eacute;currents comme un faible sentiment d'appartenance, des normes professionnelles favorisant l'exclusion et un acc & egrave;s in & eacute;gal aux possibilit & eacute;s portent & agrave; croire que des interventions par & eacute;tapes ne peuvent produire les transformations souhait & eacute;es sans l'apport de changements syst & eacute;miques. Dans cet article, on avance que, pour que des progr & egrave;s importants soient r & eacute;alis & eacute;s, il faut passer d'une approche personnalis & eacute;e fond & eacute;e sur les lacunes & agrave; une approche ax & eacute;e sur un r & eacute;alignement structurel favorisant une participation et une r & eacute;ussite & eacute;quitables en contexte institutionnel. L'article contribue & agrave; la recherche en comptabilit & eacute; en proposant une perspective mondiale int & eacute;gr & eacute;e concernant l'exp & eacute;rience des minorit & eacute;s et en formulant des observations ax & eacute;es sur la pratique destin & eacute;es aux & eacute;ducateurs, aux cabinets comptables et aux organismes professionnels qui souhaitent concevoir des interventions plus efficaces et adapt & eacute;es & agrave; divers contextes.",wos,llm,0.990,unreviewed,
discarded,Bridging change and project management by enhancing stakeholder engagement and adaptability in digital transformation,"Morin, Xavier",2026,INTERNATIONAL JOURNAL OF MANAGING PROJECTS IN BUSINESS,10.1108/IJMPB-08-2025-0346,https://www.webofscience.com/wos/woscc/full-record/WOS:001839343400001,off-topic-false-hit,"Purpose - This article explores how digital transformation is reshaping organizations by changing stakeholder roles, organizational structures and ways of working. While both project management and change management are recognized as crucial drivers of transformation, their integration remains insufficiently theorized and empirically examined. The purpose of this study is to investigate how aligning these two disciplines can strengthen stakeholder inclusion and organizational adaptability during digital transformation. By focusing on the cultural, organizational and role-based challenges created by new technologies, the article seeks to uncover the mechanisms through which project and change management are integrated and to identify practical strategies that help organizations successfully navigate and sustain transformation in dynamic, technology-driven environments. Design/methodology/approach - A single case study was employed to explore the digital transformation of tramway operations through the introduction of automatic train operation. Data collection occurred in two rounds: 25 semi-structured interviews in February 2024 and 16 interviews in November 2024. Interviews were recorded, supported by field notes. Workshops with senior management were held to validate preliminary findings and generate further insights. Data was analyzed using NVivo software, combining deductive coding with inductive open coding to identify emergent themes. This process allowed for temporal comparison across interview rounds, enabling the mapping of evolving stakeholder engagement, organizational learning and change management practices. Findings - The findings show that integrating change management and project management enhances stakeholder engagement and organizational adaptability during digital transformation by activating four interrelated mechanisms: transparency, boundary-spanning roles, sensemaking processes and capability-building practices. Change management practices enrich project management by fostering inclusion, trust and responsiveness, while project management provides structure, temporal coordination and procedural clarity. Stakeholder engagement evolves from early resistance to collaborative participation as mechanisms such as ambassador programs, transparent communication and iterative feedback are progressively enacted. Leadership plays a central role in sustaining these mechanisms and in supporting learning-oriented practices. Research limitations/implications - This study has certain limitations. First, its focus on the railway sector constrains the generalizability of findings, as digital transformation may unfold differently across industries. Future comparative research could broaden and validate these insights. Second, the emphasis on internal stakeholders overlooks perspectives of external groups such as passengers, regulators and communities, whose involvement is crucial for comprehensive stakeholder engagement. Third, the study examines the integration of project and change management but does not consider the role of digital tools in enabling this alignment. Originality/value - This article provides original contributions by advancing a mechanism-based understanding of how project management and change management are integrated during digital transformation.

While prior research has documented the effects of automation on tasks and skills, this study extends existing knowledge by explaining how roles, responsibilities and professional identities evolve through the interaction of structured project execution and change-oriented engagement practices. By capturing stakeholders' lived experiences and tracing how engagement and adaptability develop over time, the article offers both theoretical insight and practical guidance for organizations managing complex, automation-driven transformation initiatives.",wos,llm,0.990,unreviewed,
kept,GraphRAG- Augmented Mastery Modeling for Student Programming Learning Trajectory Prediction and Explanation via Fuzzy Clustering,"Das, Rahul; Cheng, Qiong",2025,"2025 IEEE INTERNATIONAL CONFERENCE ON DATA MINING WORKSHOPS, ICDMW",10.1109/ICDMW69685.2025.00441,https://www.webofscience.com/wos/woscc/full-record/WOS:001807869400432,adjacent-subtopic,"Understanding how students acquire programming and problem-solving skills over time is a central challenge in intelligent tutoring systems and educational data mining. While Knowledge Tracing (KT) is powerful at modeling students' temporal mastery progression, it is limited in capturing the relational dependencies among knowledge concepts, further subject to providing interpretable explanations of learning progression. Our GraphRAG-augmented mastery modeling addresses this limitation by incorporating graph-based representations of conceptual relationships to enhance interpretability.

This paper presents an innovate framework for GraphRAG-augmented mastery modeling for student programming learning trajectory prediction and explanation via fuzzy clustering. We first extracted interpretable features that represent concept engagement and student mastery of learning outcomes from programming submissions, aligning them with structured domain knowledge retrieved and grounded via a Knowledge Graph RAG-augmented generation pipeline. We further quantified students' ability by goal-driven skill acquisition using a basic Bayesian Item Response Theory (BIRT) model. Our concept-aware and partial-credit performance factor analysis (PFA) yielded actionable insights into student learning trajectories. To reveal latent learning patterns, we apply fuzzy clustering to find patterns in the student ability changes, identifying interpretable trajectories of skill acquisition.",wos,llm,0.740,unreviewed,
discarded,Large Language Model-Based Representations of Heterogeneous Graphs for Vulnerability Detection,"Feng, Xiaorong; Gao, Ying; Shi, Leyu",2026,CMC-COMPUTERS MATERIALS & CONTINUA,10.32604/cmc.2026.082481,https://www.webofscience.com/wos/woscc/full-record/WOS:001839156500001,adjacent-subtopic,"Open source software has become a fundamental component of modern software ecosystems, supporting a wide range of critical applications in operating systems, cloud services, embedded systems, and security-sensitive infrastructures. However, the rapid growth of open source projects also brings increasingly serious security challenges. Many widely used C/C++ components still contain hidden vulnerabilities, and attackers are no longer limited to exploiting traditional memory-related bugs such as buffer overflows or use-after-free errors. In recent years, non-memory logic flaws, including improper authentication, incorrect state transitions, flawed boundary checks, and insecure API usage, have become more prevalent and more difficult to detect using conventional static analysis or pattern-matching methods. To address these limitations, this study proposes a novel vulnerability detection framework that combines the semantic understanding capability of large language models (LLMs) with the structural representation ability of heterogeneous graph learning. Specifically, we construct a Heterogeneous Vulnerability Graph (HeVG) to explicitly model multiple types of code structures in C/C++ programs, including syntax, control flow, data dependency, and function-call relationships. By representing source code as a heterogeneous graph, the proposed framework can capture both local code patterns and long-range dependencies that are essential for identifying complex vulnerabilities. In addition, a cross-modal alignment mechanism is introduced to effectively fuse code-text semantic features extracted by LLMs with graph-based structural representations. This enables the model to jointly understand what the code means and how different program elements interact. Experimental results show that the proposed approach achieves state-of-the-art performance, reaching 95.61% accuracy in single-file vulnerability detection and 90.97% accuracy in cross-file vulnerability detection. Further analysis demonstrates that the framework is particularly effective in detecting complex logic vulnerabilities and maintains strong generalization ability across different projects. These results indicate that integrating LLMs with heterogeneous graph learning provides a promising direction for more accurate and robust open source software vulnerability detection. Open source software faces growing security challenges, with widespread vulnerabilities in critical components and an increasing prevalence of non-memory logic flaws. To address these issues, this study proposes a novel vulnerability detection framework that integrates large language models (LLMs) with heterogeneous graph learning. We introduce a Heterogeneous Vulnerability Graph (HeVG) to explicitly model diverse code structures in C/C++ programs, and employ a cross-modal alignment mechanism to fuse semantic information from code text with graph representations. Experimental results demonstrate the effectiveness of our approach, achieving state-of-the-art performance in both single-file (95.61% accuracy) and cross-file (90.97% accuracy) vulnerability detection. The framework shows particular strength in identifying complex logic vulnerabilities while maintaining high generalization capability across projects.",wos,llm,0.900,unreviewed,
discarded,"Evaluating community pharmacists' knowledge, attitudes, and practices toward nutritional counselling and healthy lifestyles: evidence from a lower-middle-income country","Hanaysheh, Lana; Rajab, Sondos; Masri, Tala; Abuhalima, Dania; Al-Jabi, Samah W.; Shakhshir, Muna H.; Zyoud, Sa'ed H.",2026,SCIENTIFIC REPORTS,10.1038/s41598-026-54607-9,https://www.webofscience.com/wos/woscc/full-record/WOS:001838196800033,off-topic-false-hit,"Community pharmacists are among the most accessible healthcare professionals and are primarily responsible for medication management and patient counselling. Their role increasingly includes providing basic education on nutritional and healthy lifestyle practices and referring patients to dietitians when specialized nutritional care is needed. This study aimed to evaluate community pharmacists' knowledge and practices related to nutritional counselling and healthy lifestyles and to identify the barriers that restrict pharmacists' ability to provide nutritional counselling. A cross-sectional study was conducted that included 337 community pharmacists via a structured, self-administered questionnaire distributed through direct visits to community pharmacies and social media platforms. The data were recorded and analysed via SPSS version 21, with significance set at p < 0.05. Descriptive analysis was conducted to summarize and explore the data. The Mann-Whitney U test and Kruskal-Wallis test were used to assess the associations between variables. Of the 337 pharmacists who participated, the majority were female (80.1%) and were in the younger age group (18-29 years). Pharmacists demonstrated relatively strong knowledge in several medication-and nutrition-related areas, with 92.0% recognizing the importance of balanced diets and 95.0% identifying the need to administer certain medications with food. However, only 7.1% correctly acknowledged that dietary supplements are not always safe. Attitudes toward counselling were generally positive, with 69.8% agreeing that counselling improves patient outcomes. Despite this, practices were less consistent; only 24.6% routinely addressed physical activity, and 10.4% provided written educational materials. A lack of time (84.6%) and patients' misconceptions about supplemental safety (68.2%) were the most reported barriers. Knowledge scores were significantly associated with recent graduation (p = 0.023) and supervising trainees (p = 0.037), whereas practice scores differed by employment status, with responsible pharmacists showing higher levels of engagement (p = 0.003). Community pharmacists in Palestine appeared to have relatively good knowledge and generally favourable attitudes toward nutritional counselling; however, reported practices were less optimal. A major knowledge gap was identified regarding dietary supplement safety, as only 7.1% of the pharmacists recognized that dietary supplements are not always safe. Structural and perceived barriers, particularly time constraints and patient misconceptions, may have influenced the provision of counselling services. These findings suggest the need for targeted educational programs and system-level interventions to support and enhance pharmacists' involvement in preventive healthcare while considering the limitations of nonprobability sampling and self-reported data.",wos,llm,0.990,unreviewed,
kept,From clustering to classification: mining code schemas for accurate identification of student solution strategies,"Jiang, Ying; Zhou, Qing; Wu, Dayu; Zhao, Subo; Lin, Cifa",2026,INTERNATIONAL JOURNAL OF DATA SCIENCE AND ANALYTICS,10.1007/s41060-026-01240-4,https://www.webofscience.com/wos/woscc/full-record/WOS:001836914000002,adjacent-subtopic,"Automated assessment systems such as online judge systems constitute the primary infrastructure for large-scale, deliberate programming practice. Although these systems can verify functional correctness of a submission, they remain agnostic to the solution strategies adopted by students. Previous studies have predominantly relied on unsupervised clustering methods to group solutions. However, these methods fall short of pedagogical demands due to their limited generalizability across tasks and neglect of fine-grained strategic patterns. To overcome these limitations, we introduce SchemaNet, a high-accuracy supervised model that detects student solution strategies via multi-view features, especially code schemas extracted at sub-problem granularity by our proposed SchemaMiner framework. These schemas are then fused with static (AST-based) and dynamic (execution trace-based) representations to capture a comprehensive view of student problem-solving approaches. We have validated our approach on a newly constructed, manually annotated dataset of 1,612 Python solutions across seven diverse introductory problems. Experimental results demonstrate that SchemaNet achieves a state-of-the-art average accuracy of 94.77%, significantly outperforming both alternative classification baselines and clustering models. This high level of accuracy confirms the superiority of the supervised approach and indicates that the model is sufficiently reliable for practical deployment in real-world educational settings. The fully annotated dataset and implementation code are made publicly available to support further research.",wos,llm,0.760,unreviewed,
discarded,Where You Are Is What You Get! Inconsistencies of Digital Trace Data across Download Locations,"Holzl, Johanna; Keusch, Florian; Collins, John",2026,SOCIAL SCIENCE COMPUTER REVIEW,10.1177/08944393261469494,https://www.webofscience.com/wos/woscc/full-record/WOS:001837057600001,off-topic-false-hit,"To collect digital trace data, researchers continue to rely on for-profit companies' Application Programming Interfaces (APIs). These APIs often return samples of the data based on intransparent sampling procedures and algorithms. In this paper, we extend research on the reliability of digital trace data from APIs by examining the effect of the download location on inconsistencies across returned samples: Do we get different values from digital trace data APIs depending on where we download the data from? We compare samples from Google Trends, YouTube Data, and the New York Times (NYT) API from four countries across three continents (Austria, Germany, the U.S., and Australia) for the same query parameters (i.e., search term, region, and time range). Our results show that the download location impacts the returned samples for all three APIs, depending on the query. We find large inconsistencies for samples from Google Trends and the YouTube Data API, while the NYT API returns identical article sets from each download location for most queries. We conclude with practical recommendations for researchers using these APIs. Our findings serve as a cautionary reminder for social scientists relying on sampling-based APIs as they point to yet another limitation regarding their reliability and reproducibility.",wos,llm,0.980,unreviewed,
