status,title,authors,year,venue,doi,url,tags,abstract,provider,decision_source,llm_confidence,llm_review_outcome,llm_change_direction
discarded,User Experience With an Automated Assessments Platform in an Introductory Programming Course,Reelika Suviste; Merilin Säde; Karro Soosaar,2025,2025 IEEE Global Engineering Education Conference (EDUCON),10.1109/EDUCON62633.2025.11016619,https://ieeexplore.ieee.org/document/11016619/,adjacent-subtopic,"The teaching and learning in programming courses are often perceived as challenging for both students and teachers due to their complex and abstract nature. At the University of Tartu, hundreds of students with diverse backgrounds participate in introductory programming courses every semester. We use the platform Lahendus, which allows students to submit solutions and receive automated feedback on their programs. This study aims to investigate students' user experience in an introductory programming course. The sample included 64 persons (23.44 % males, 76.56 % females). The students differed in their background (i.e., curriculum, course type, experience in programming). The average age was 22.53 (19-49). We used System Usability Scale (SUS), Usability Metric for User Experience (UMUX), and User Experience Questionnaire (UEQ) to evaluate the user experience with Lahendus. Also, we aimed to find out the differences in user experience ratings of participants from different backgrounds. The survey consisted of 47 questions and statements and was divided into four topic blocks: background data, SUS, UMUX, and UEQ. The data were analyzed using quantitative methods. The results, in general, pointed to very good usability. The results also revealed that the user experience does not differ significantly based on gender. The study indicated that user experience ratings can be affected by the course being elective or compulsory in the curriculum. Overall, the study provided valuable insight into the user experience with the automated assessment system Lahendus in an introductory programming course and gave useful input for the platform development.",ieee,llm,0.950,unreviewed,
discarded,A melding of educational strategies to enhance the introductory programming course,L.F. Denton; D. McKinney; M.V. Doran,2005,Proceedings Frontiers in Education 35th Annual Conference,10.1109/FIE.2005.1612151,https://ieeexplore.ieee.org/document/1612151/,adjacent-subtopic,"The University of South Alabama has for an extended period of time been committed to improving the introductory programming course for Computer Science. These efforts and their results have been supported by the National Science Foundation, assessed by numerous instruments, and have been disseminated in papers, workshops, and conference sessions. Specific topics of this dissemination have included the integration of lecture and laboratory experiences, the use of motivational strategies and affective objectives, student achievement and retention, the early use of professional practices in the curriculum, the development of student affect during the introductory course, the enhancement of laboratory experiences, the application of various learning theories in the classroom, and curriculum design. In contrast to these prior works which each focused on just a few specific issues, the purpose of this paper is to holistically discuss the set of effective strategies used in our introductory programming course and show how these diverse efforts can be melded together and jointly enhance and enliven the course. This set of strategies includes the integration of cognitive and affective course objectives; the use of concept maps and other visual instructional techniques and tools; the use of motivational strategies such as classroom discussion and student self-reflection; the integration of conceptual development and hands-on exercises in the classroom; the designing of course progress to match the students' zone of proximal development; the designing of course delivery methodologies to match the diversity of students' interests and learning styles; the inclusion of diverse strategies to integrate the ""real world"" into every component of the course; the strategic use of student surveys; and the integration of professional practices and student commitments to quality. A marked, consistent, and significant increase in student course completion rates has accompanied our implementation of these strategies",ieee,llm,0.900,unreviewed,
kept,Introductory Programming Courses: Teachers Conceptions about the Object to be Taught,Ana María Piccin; Graciela Dora Susana Hadad,2021,2021 16th International Conference on Computer Science & Education (ICCSE),10.1109/ICCSE51940.2021.9569656,https://ieeexplore.ieee.org/document/9569656/,supports-claim,"Specialized literature shows evidence that students in introductory courses fail to develop basic programming skills, a circumstance that may contribute, to some extent, to the high early dropout rates in computing degree programs. Efforts to improve the introductory teaching of programming appear unsuccessful. It has been suggested that, in practice, teachers are guided by their opinions and personal theories, leaving aside proven teaching strategies. This paper presents a phenomenographic study, which offers a description of what computer science teachers believe they should teach in introductory programming courses. The study was carried out through a survey and interviews with teachers belonging to universities in a populous metropolitan city. Teachers' beliefs about their students, the discipline of programming, and the knowledge to be taught, were identified and organized. The object to be taught was constructed as a collective conception providing the essence of what teachers think they should teach. The components of the object to be taught, as expressed by the interviewed teachers, were contrasted against the curricula of computing degree programs. This triggered the outline of recommendations for educational management in terms of curricula design, content management, teacher training, and teaching practice. Due to the rigorous method followed in this study, its replication in different regions and with larger samples is easily feasible and highly recommended.",ieee,llm,0.980,unreviewed,
discarded,Challenges to integrate software testing into introductory programming courses,Lilian Passos Scatalon; Ellen Francine Barbosa; Rogerio Eduardo Garcia,2017,2017 IEEE Frontiers in Education Conference (FIE),10.1109/FIE.2017.8190557,https://ieeexplore.ieee.org/document/8190557/,adjacent-subtopic,"Several studies suggest that the teaching of software testing should begin as early as possible, since introductory programming courses. In this way, the teaching of both subjects, programming and testing, becomes an integrated teaching approach. Testing practices in this context can provide a timely feedback to students while they are still working on programming assignments and, as a result, increase the quality of their code. Besides, developing students' testing skills earlier is useful to improve their programming skills as well, since both kinds of skills are complementary. However, this integration is not straightforward, because lecture hours and the coverage of programming topics must remain the same, while testing concepts and practices are introduced. For this reason, when designing an educational approach to introduce testing practices to novice programmers, there is also the need to address potential difficulties faced by both students and instructors. Considering this scenario, this paper aims at identifying the challenges raised due to the integration of software testing into introductory programming courses. The goal is to provide support for instructors who intend to adopt the integrated approach. The challenges have been identified from the results of a systematic mapping we conducted of the literature in this domain. The main contribution of this paper refers to the establishment of a catalog of challenges faced to integrate software testing into introductory programming courses. We also discuss possible solutions to design courses using the integrated approach and point out challenges that have been scarcely addressed in the literature. Finally, we indicate directions that can be explored in future educational empirical studies in this context.",ieee,llm,0.910,unreviewed,
discarded,Learning and Teaching Undergraduate Introductory Programming Courses in Java – The Use of an IDE VS Command Line,Hussain Aljafer; Gary Cantrell,2020,2020 International Conference on Computational Science and Computational Intelligence (CSCI),10.1109/CSCI51800.2020.00184,https://ieeexplore.ieee.org/document/9458029/,adjacent-subtopic,A topic of debate among Java teachers is whether to use an Integrated Development Environment (IDE) or a text editor paired with a command line compiler to teach introductory Java programming courses. Is it really in the student’s favor to start their programming journey using an IDE or is it better to just use any text editor to write the code and then compile and run the code using the command line? Which approach will help the students really understand the programming concepts and be able to debug their code when they have errors? In this paper we discuss the advantages and disadvantages of both approaches and we compare the performance of two groups of students in which the first group used a text editor with command line commands and the other group used Eclipse IDE.,ieee,llm,0.900,unreviewed,
kept,From theory to practice: implementing the CC2001's introductory programming sequence,J. Matocha; A. Edwards; M.S. Giguette; R.R. Lang,2003,"33rd Annual Frontiers in Education, 2003. FIE 2003.",10.1109/FIE.2003.1263330,https://ieeexplore.ieee.org/document/1263330/,supports-claim,"Xavier University of LA's Computer Sciences and Computer Engineering (CSCE) Department recently assessed its computer science program using both its own assessment data and the computing curricula 2001 (CC2001) recommendations. This assessment resulted in changes to Xavier's computer science curriculum. Specifically, the department examined its introductory programming sequence and developed a detailed schedule that addressed both the department's needs and the curriculum recommendations. The previous ACM recommended curriculum suggested a two-course introductory programming sequence; however, since a large number of Xavier's incoming students have no programming experience, the CSCE Department had been offering a three- course introductory programming sequence. This three- course sequence provided time for the faculty to discuss the recommended topics in the detail necessary for our students. The CC2001 recommendations realized that a three-course sequence is more appropriate for the topic coverage needed and provided a curriculum that contained this type of introduction. The Xavier CSCE faculty considered these recommendations and used its experience in working with a three-course introductory sequence to develop a new sequence that includes the topics suggested in the new curriculum recommendations while considering many of the realities of teaching such a sequence to undergraduates with no programming experience. This paper discusses the process used by the department in making the curriculum changes, particularly focusing on the introductory programming sequence. The paper provides the rationale used in developing the course sequence and the specific topics addressed in these courses.",ieee,llm,0.940,unreviewed,
discarded,Problem Posing Exercises (PPE): An Instructional Strategy for Learning of Complex Material in Introductory Programming Courses,Shitanshu Mishra; Sridhar Iyer,2013,2013 IEEE Fifth International Conference on Technology for Education (t4e 2013),10.1109/T4E.2013.45,https://ieeexplore.ieee.org/document/6751084/,adjacent-subtopic,"Problem posing refers to the generation of a new problem or a question, by a learner of a given topic. It has been shown to be an effective strategy for learning of complex material in domains such as mathematics. In this study we have defined Problem Posing Exercises (PPE) as a problem posing based instructional strategy to scaffold the learning of complex material and problem solving in a first year undergraduate computer science course (CS1). We implemented PPE in a large CS1 course of 450 students and found that PPE has positive effects on students' learning and engagement. We also examined the differences in effect of PPE for novice and advanced learners and found that PPE has more evident effects on novices than advanced learners.",ieee,llm,0.910,unreviewed,
discarded,Why should Python be a compulsory introductory programming course in Lima (Peru) universities?,Carlos Sotomayor-Beltran; Guillermo Wenceslao Zarate Segura; Avid Roman-Gonzalez,2018,2018 IEEE International Conference on Automation/XXIII Congress of the Chilean Association of Automatic Control (ICA-ACCA),10.1109/ICA-ACCA.2018.8609808,https://ieeexplore.ieee.org/document/8609808/,adjacent-subtopic,"Python is a computer programming language being widely used in the developed world for a diversity of applications. Extensively used in scientific research and spanning areas like finance and biomedicine, Python is making a breakthrough in many professions. Worldwide rankings from popularity in programming languages and also our own show that Python is among the three most preferred ones around the world. A case is then presented to urgently introduce Python as a core introductory programming language in the curricula of the computer science departments in the universities of Lima, Peru, for starters. We also discuss an introductory methodology in programming with Python in order to make a better impact of what this programming language is capable of.",ieee,llm,0.790,unreviewed,
discarded,"Modify, Decompose and Reassemble: Learner-Centered Constructive Teaching Strategy for Introductory Programming Course in College",Shih-Wen Su; Shing-Yun Jung; Xiaojing Yu; Shyan-Ming Yuan; Chuen-Tsai Sun,2022,2022 IEEE 5th Eurasian Conference on Educational Innovation (ECEI),10.1109/ECEI53102.2022.9829435,https://ieeexplore.ieee.org/document/9829435/,adjacent-subtopic,"C/C++ is one of the most common programming languages in introductory computer science courses. For students with varying levels of digital literacy, traditional teaching strategies that begin with C/C++ syntax and concepts appear inappropriate. Moreover, different programming languages are required for specific industrial purposes. To complement traditional teaching methods, we design a learner-centered constrictive strategy. Other than C/C++, students begin with two programming languages. Rather than conventional lectures, students learn to program by modifying, decomposing, and reassembling example codes. The midterm assesses their learning effectiveness. After the midterm, they can choose to take the collegiate programming examination (CPE) or not. If they pass CPE, they can pick between 1) regular class and final exam, or 2) no class after midterm, find a topic for a final project, finish it and present it in the last class. We invited 21 students from a class of 90. Eight students had no prior coding experience. Even though these eight students obtained lower scores in the midterm, they all had significant improvements in the final exams. Among sixteen students, six of whom had no prior coding experience, acknowledged that they learned useful skills in the class. Our results show that students with varying coding backgrounds can benefit from our proposed teaching strategy.",ieee,llm,0.870,unreviewed,
discarded,Evolution of Motivational Factors During an Introductory Programming Course,Tania Garbin; Carlos Alberto Dainese; Calana Chan; Philip I.S. Lei; Chan Tong Lam; Anabela Gomes; António José Mendes,2024,2024 IEEE Frontiers in Education Conference (FIE),10.1109/FIE61694.2024.10893596,https://ieeexplore.ieee.org/document/10893596/,adjacent-subtopic,"This research-to-practice paper describes a study of motivational factors in introductory programming learning. Learning to program is challenging, as students need to develop multiple skills and competencies. Motivation drives students to confront complex challenges, persevere despite obstacles, and continuously strive for improvement. However, motivation is a complex interplay of internal and external factors. Analyzing the factors that can stimulate student motivation is essential for educators when planning and implementing learning activities and contexts. Therefore, we conducted a study to a) identify factors influencing the motivation of programming students and b) analyze the evolution of students' motivation during the different phases of a programming course. The study involved 137 students enrolled in a Programming I course at a Macao higher education institution. It used the motivation section of the Motivated Strategies for Learning Questionnaire (MSLQ), which comprises 31 statements grouped into six components (Intrinsic Goal Orientation (IGO), Extrinsic Goal Orientation (EGO), Value of Activity (VAT), Control of Learning (COL), Learning Self-Efficacy (LSE), and Test Anxiety (TAX)). These components can be organized into three factors (Value Components, Expectancy Components, and Affective Components). The students were asked to answer the questionnaire in three different moments: the initial phase of the course (3–4 weeks after its start), after knowing the results of the mid-term exam, and at the end of the course. For the analysis, only the answers of the 92 students who completed the questionnaire in the three phases were considered. We applied Principal Component Analysis (PCA) to identify the evolution of the different components and factors during the course. Based on this analysis, it is possible to highlight significant variations between the various phases of the study, especially concerning the factor of Value Components. In Phase 1, participants expressed a more positive perception of the importance of the course contents, as evidenced by the VAT component. In Phase 2, a change in focus was noticed, with the prioritization of obtaining a good grade, as reflected by the EGO component. Finally, in Phase 3, there was again a reorientation of value components, with students demonstrating appreciation for the course topic, as indicated again by the VAT component. Given these results, it is possible to conclude that changes occurred in the different phases of the study, suggesting an evolutionary dynamic in the interests of participants over time.",ieee,llm,0.950,unreviewed,
discarded,Teaching exploration and reform of program design course for digital media art students,Lu Geng,2015,2015 10th International Conference on Computer Science & Education (ICCSE),10.1109/ICCSE.2015.7250363,https://ieeexplore.ieee.org/document/7250363/,adjacent-subtopic,"As a novel cross-subject, digital media art is the combination of technology and art. The program design course is an important part of computer teaching course system. Considering the characteristics of the major and knowledge of the students, The Basic Course of Animation Programming is chosen as an introductory programming course. This paper proposes the reform of practicing on the content of course and teaching method and it also explores the measures combining teaching and ability training so as to raise the students' interest in learning and improve their programming knowledge and methods of quick understanding and application.",ieee,llm,0.780,unreviewed,
