status,title,authors,year,venue,doi,url,tags,abstract,provider,decision_source,llm_confidence,llm_review_outcome,llm_change_direction
discarded,Comparing Programming Language Comprehension between Novice and Expert Programmers Using EEG Analysis,SeolHwa Lee; Andrew Matteson; Danial Hooshyar; SongHyun Kim; JaeBum Jung; GiChun Nam; HeuiSeok Lim,2016,2016 IEEE 16th International Conference on Bioinformatics and Bioengineering (BIBE),10.1109/BIBE.2016.30,https://ieeexplore.ieee.org/document/7790010/,adjacent-subtopic,"For programming language comprehension, high cognitive skills (e.g., reading, writing, working memory, etc.) and information processing are required. However, there are few papers that approach this from a neuroscientific perspective. In this paper, we examine program comprehension neuroscientifically and also observe the differences between novice and expert programmers. We designed an EEG (electroencephalogram) experiment and observed 18 participants during a series of program comprehension tasks. We found clear differences in program comprehension ability between novice and expert programmers. Experts exhibited higher brainwave activation than novices in electrodes F3 and P8. These results indicate that experts have outstanding program comprehension-associated abilities such as digit encoding, coarse coding, short-term memory, and subsequent memory effect. Our findings can serve as a foundation for future research in this pioneering field.",ieee,llm,0.900,unreviewed,
kept,A games first approach to teaching introductory programming,Scott T. Leutenegger; Jeffrey Edgington,2007,,10.1145/1227310.1227352,https://openalex.org/W1968088872,supports-claim,"In this paper we argue for using a ""Game First"" approach to teaching introductory programming. We believe that concerns over whether an OO approach or a procedural approach should be used first are secondary to the course assignment and example content. If examples are not compelling, student interest often lags thus making the OO versus procedural argument moot. We believe that game programming motivates most new programmers. Compelling assignments mean that students are far more likely to learn because they are interested, and the visual component allows students to see mistakes in their code as manifested in the resultant graphics. We describe our experiences after redesigning and offering a new introductory computer science sequence using 2D game development as a unifying theme. We teach fundamental programming concepts via two dimensional game development in Flash and ActionScript during the first quarter, transition to C++ to solidify concepts and add pointers during the second quarter, then teach a multi-phase project based game approach using C++ and openGL (2D graphics only) during the third quarter. Our surveys show that this approach improved student understanding of all seven basic topics examined.",openalex,llm,0.880,unreviewed,
kept,A games first approach to teaching introductory programming,Scott T. Leutenegger; Jeffrey Edgington,2007,ACM SIGCSE Bulletin,10.1145/1227504.1227352,https://openalex.org/W3005496277,supports-claim,"In this paper we argue for using a ""Game First"" approach to teaching introductory programming. We believe that concerns over whether an OO approach or a procedural approach should be used first are secondary to the course assignment and example content. If examples are not compelling, student interest often lags thus making the OO versus procedural argument moot. We believe that game programming motivates most new programmers. Compelling assignments mean that students are far more likely to learn because they are interested, and the visual component allows students to see mistakes in their code as manifested in the resultant graphics. We describe our experiences after redesigning and offering a new introductory computer science sequence using 2D game development as a unifying theme. We teach fundamental programming concepts via two dimensional game development in Flash and ActionScript during the first quarter, transition to C++ to solidify concepts and add pointers during the second quarter, then teach a multi-phase project based game approach using C++ and openGL (2D graphics only) during the third quarter. Our surveys show that this approach improved student understanding of all seven basic topics examined.",openalex,llm,0.880,unreviewed,
kept,A model for teaching an introductory programming course using ADRI,Sohail Iqbal Malik; Jo Coldwell-Neilson,2016,Education and Information Technologies,10.1007/s10639-016-9474-0,https://openalex.org/W2276902705,supports-claim,"High failure and drop-out rates from introductory programming courses continue to be of significant concern to computer science disciplines despite extensive research attempting to address the issue. In this study, we include the three entities of the didactic triangle, instructors, students and curriculum, to explore the learning difficulties that students encounter when studying introductory programming. We first explore students’ perceptions of the barriers and affordances to learning programming. A survey is conducted with introductory programming students to get their feedback on the topics and associated learning resources in the introductory programming course. The instructors’ perceptions are included by analyzing current teaching materials and assessment tools used in the course. As a result, an ADRI based approach is proposed to address the problems identified in the teaching and learning processes of an introductory programming course.",openalex,llm,0.890,unreviewed,
discarded,"Relationships between reading, tracing and writing skills in introductory programming",Mike Lopez; Jacqueline Whalley; Phil Robbins; Raymond Lister,2008,,10.1145/1404520.1404531,https://openalex.org/W2165365113,adjacent-subtopic,"This study analyzed student responses to an examination, after the students had completed one semester of instruction in programming. The performance of students on code tracing tasks correlated with their performance on code writing tasks. A correlation was also found between performance on ""explain in plain English"" tasks and code writing. A stepwise regression, with performance on code writing as the dependent variable, was used to construct a path diagram. The diagram suggests the possibility of a hierarchy of programming related tasks. Knowledge of programming constructs forms the bottom of the hierarchy, with ""explain in English"", Parson's puzzles, and the tracing of iterative code forming one or more intermediate levels in the hierarchy.",openalex,llm,0.860,unreviewed,
kept,Developing a Computer Science Concept Inventory for Introductory Programming,Ricardo Caceffo; Steve Wolfman; Kellogg S. Booth; Rodolfo Azevedo,2016,,10.1145/2839509.2844559,https://openalex.org/W2275572593,supports-claim,"A Concept Inventory (CI) is a set of multiple choice questions used to reveal student's misconceptions related to some topic. Each available choice (besides the correct choice) is a distractor that is carefully developed to address a specific misunderstanding, a student wrong thought. In computer science introductory programming courses, the development of CIs is still beginning, with many topics requiring further study and analysis. We identify, through analysis of open-ended exams and instructor interviews, introductory programming course misconceptions related to function parameter use and scope, variables, recursion, iteration, structures, pointers and boolean expressions. We categorize these misconceptions and define high-quality distractors founded in words used by students in their responses to exam questions. We discuss the difficulty of assessing introductory programming misconceptions independent of the syntax of a language and we present a detailed discussion of two pilot CIs related to parameters: an open-ended question (to help identify new misunderstandings) and a multiple choice question with suggested distractors that we identified.",openalex,llm,0.840,unreviewed,
discarded,Improvements from a Flipped Classroom May Simply Be the Fruits of Active Learning,Jamie L. Jensen; Tyler A. Kummer; Patricia D. d. M. Godoy,2015,CBE—Life Sciences Education,10.1187/cbe.14-08-0129,https://openalex.org/W2170620902,off-topic-false-hit,"The ""flipped classroom"" is a learning model in which content attainment is shifted forward to outside of class, then followed by instructor-facilitated concept application activities in class. Current studies on the flipped model are limited. Our goal was to provide quantitative and controlled data about the effectiveness of this model. Using a quasi-experimental design, we compared an active nonflipped classroom with an active flipped classroom, both using the 5-E learning cycle, in an effort to vary only the role of the instructor and control for as many of the other potentially influential variables as possible. Results showed that both low-level and deep conceptual learning were equivalent between the conditions. Attitudinal data revealed equal student satisfaction with the course. Interestingly, both treatments ranked their contact time with the instructor as more influential to their learning than what they did at home. We conclude that the flipped classroom does not result in higher learning gains or better attitudes compared with the nonflipped classroom when both utilize an active-learning, constructivist approach and propose that learning gains in either condition are most likely a result of the active-learning style of instruction rather than the order in which the instructor participated in the learning process.",openalex,llm,0.990,unreviewed,
discarded,Computing in the curriculum: Challenges and strategies from a teacher’s perspective,Sue Sentance; Andrew Csizmadia,2016,Education and Information Technologies,10.1007/s10639-016-9482-0,https://openalex.org/W2333569404,adjacent-subtopic,"Computing is being introduced into the curriculum in many countries. Teachers’ perspectives enable us to discover what challenges this presents, and also the strategies teachers claim to be using successfully in teaching the subject across primary and secondary education. The study described in this paper was carried out in the UK in 2014 where teachers were preparing for the mandatory inclusion of Computing into the curriculum. A survey was conducted of over 300 teachers who were currently teaching Computing to elicit their perspectives on challenges and strategies. From the analysis of the data, extrinsic and intrinsic challenges were identified for both teachers and students. In addition, a variety of pedagogical strategies were recommended by teachers from their own practice. In categorising approaches taken by teaching to support students five key themes emerged: unplugged type activities, contextualisation of tasks, collaborative learning, developing computational thinking, and scaffolding programming tasks. Further investigation could support whether these strategies can alleviate the challenges of teaching and learning of Computing for students and teachers. In particular developing student resilience in Computing is seen as a challenge while not many strategies are suggested. The results of this study will be useful for teachers who are new to the teaching of Computing.",openalex,llm,0.890,unreviewed,
discarded,Evaluating a course for teaching introductory programming with Scratch to pre-service kindergarten teachers,Stamatios Papadakis; Michail Kalogiannakis,2019,International Journal of Technology Enhanced Learning,10.1504/ijtel.2019.100478,https://openalex.org/W4241770918,adjacent-subtopic,"A growing number of countries, in Europe and beyond have established clear policies and frameworks for introducing Computational Thinking and computer programming to young children. Researchers, educators, and key stakeholders believe that these skills should be taught and used in early childhood classrooms to initiate the cognitive development of students at an earlier age. The introduction of CT in the curriculum is creating a strong demand for pre-service development, as many teachers did not learn about CT and computer programming in their initial education. In response to this identified need, new initiatives in Universities are underway seeking to bring CT and programming into pre-service teachers' education around the world. We adopted Scratch as the introductory programming language for a semester course in the department of Preschool Education in the University of Crete. The aim of using Scratch was to excite students' interest and familiarise them with the basics of programming. For 13 weeks, students were introduced to the main Scratch concepts and, afterwards, were asked to prepare their projects. For the projects, they were required to develop a game to teach certain concepts about Mathematics or Physical Science and/or present an Aesop myth to preschool age students. The results we obtained were more satisfactory than expected and, in some regards, encouraging.",openalex,llm,0.830,unreviewed,
discarded,Software Testing in Introductory Programming Courses,Lilian Passos Scatalon; Jeffrey C. Carver; Rogério Eduardo Garcia; Ellen Francine Barbosa,2019,,10.1145/3287324.3287384,https://openalex.org/W2917895888,adjacent-subtopic,"Traditionally, students learn about software testing during intermediate or advanced computing courses. However, it is widely advocated that testing should be addressed beginning in introductory programming courses. In this context, testing practices can help students think more critically while working on programming assignments. At the same time, students can develop testing skills throughout the computing curriculum. Considering this scenario, we conducted a systematic mapping of the literature about software testing in introductory programming courses, resulting in 293 selected papers. We mapped the papers to categories with respect to their investigated topic (curriculum, teaching methods, programming assignments, programming process, tools, program/test quality, concept understanding, and students' perceptions and behaviors) and evaluation method (literature review, exploratory study, descriptive/persuasive study, survey, qualitative study, experimental and experience report). We also identified the benefits and drawbacks of this teaching approach, as pointed out in the selected papers. The goal is to provide an overview of research performed in the area, highlighting gaps that should be further investigated.",openalex,llm,0.900,unreviewed,
discarded,Impact of a New Teaching and Learning Approach in an Introductory Programming Course,Sohail Iqbal Malik; Jo Coldwell-Neilson,2017,Journal of Educational Computing Research,10.1177/0735633116685852,https://openalex.org/W2569975149,adjacent-subtopic,"High failure and dropout rates are reported in introductory programming (IP) courses in different studies despite extensive research attempting to address the issue. In this study, we introduced an ADRI (Approach, Deployment, Result, Improvement) approach in the teaching and learning process of an IP course to improve learning and success rates. All three entities of the didactic triangle (student, instructor, and content) were involved in the research to better understand and execute the proposed approach. The IP course materials were redesigned based on the ADRI approach, and an editor was developed to promote the new approach and encourage students to complete the various stages required in the approach. Two surveys were conducted, and final exam grades over four semesters were compared with determine the impact of including the ADRI approach in the course. We concluded that the ADRI approach provides a positive impact on outcomes that the students achieved during the course. It engages students in practicing their programming skills and provides a new presentation style for examples and exercises which discourages students from taking programming shortcuts. It not only helps to reduce the failure and, significantly, the dropout rates from the IP course but also impacts positively on all students who passed the IP course.",openalex,llm,0.880,unreviewed,
kept,The introductory programming course in computer science,G. Schneider,1978,ACM SIGCSE Bulletin,10.1145/990654.990598,https://openalex.org/W3017546186,supports-claim,"The first course in the overwhelming majority of Computer Science Departments is an introductor y course in high-level language programming Because of this a number of papers have appeared, i n the SIGCSE Bulletin and elsewhere, describing details of the introductory programming course at a numbe r of schools . These papers are useful in comparing one ' s own approach with that of other schools and possibly learning from them . This paper presents what we feel are the ten essential objectives of an initial programming course in Computer Science , regardless of who is teaching or where it is being taught . It attempts to provide an in-depth, philosophical framework for the course called CSI --Computer Programming I --as described by the ACM Curriculu m Committee on Computer Science . [4] From these ten principles will come the skeletal outline of a course .",openalex,llm,0.950,unreviewed,
discarded,Designing an Introductory Programming Course to Improve Non-Majors' Experiences,Jessica Q. Dawson; Meghan Allen; Alice Campbell; Anasazi Valair,2018,,10.1145/3159450.3159548,https://openalex.org/W2788318960,adjacent-subtopic,"Demand for computing courses from students in disciplines outside of Computer Science is growing. This growth has created increasing challenges in offering one-size-fits-all CS1 courses. We found that non-CS majors' experiences and outcomes in our existing CS1 course were worse than those of intended CS majors. In response, we developed an introductory programming course, CS0.5, aimed at meeting the needs of the diverse population of non-CS major students interested in our courses. In this paper, we present the motivation, curriculum design, and evidence of effectiveness for this new course. We describe the specific design decisions we made in response to the experiences of non-CS majors in CS1. We also demonstrate that students' outcomes in CS0.5--measured in terms of students' pass rates, satisfaction, and attitudes--all not only improve compared to non-CS majors in CS1, but also largely match those of CS majors in CS1. Finally, we present student feedback, gathered through surveys and Appreciative Inquiry focus groups, that illustrates how our curriculum design choices better meet our non-major students' needs. The most-valued course design elements, as identified by focus group participants, provide insight for other CS educators who are designing similar courses.",openalex,llm,0.870,unreviewed,
kept,Language Trends in Introductory Programming Courses,Michael de Raadt; Richard T. Watson; Mark Toleman,2002,Informing Science and IT Education Conference,10.28945/2464,https://openalex.org/W2097096523,supports-claim,"Deciding what to teach novice programmers about programming and, in particular, which programming language to teach to novice programmers, and how to teach it, is a common topic for debate within universities. Should an industry relevant programming language be taught, or should a language designed for teaching novices be used? In order to design tools and methodologies for the teaching of novice programmers it is important to uncover what is being taught, and in turn, what will be taught in the future. A census of introductory programming courses administered within all Australian universities has been undertaken. The census aimed to reveal not only what computer programming languages are being taught, but also how they are being taught. From the results of this census two key factors emerged: perceived industry pressure for graduates with certain language skills versus academic training for generic programming skills.",openalex,llm,0.960,unreviewed,
discarded,Addressing the challenges of a new digital technologies curriculum: MOOCs as a scalable solution for teacher professional development,Rebecca Vivian; Katrina Falkner; Nickolas Falkner,2014,Research in Learning Technology,10.3402/rlt.v22.24691,https://openalex.org/W1999688933,adjacent-subtopic,"England and Australia have introduced new learning areas, teaching computer science to children from the first year of school. This is a significant milestone that also raises a number of big challenges: the preparation of teachers and the development of resources at a national scale. Curriculum change is not easy for teachers, in any context, and to ensure teachers are supported, scaled solutions are required. One educational approach that has gained traction for delivering content to large-scale audiences are massively open online courses (MOOCs); however, little is known about what constitutes effective MOOC design, particularly within professional development contexts. To prepare teachers in Australia, we decided to ride the wave of MOOCs, developing a MOOC to deliver free computing content and pedagogy to teachers with the integration of social media to support knowledge exchange and resource building. The MOOC was designed to meet teacher needs, allowing for flexibility, ad-hoc interactions, support and the open sharing of resources. In this paper, we describe the process of developing our initiative, participant engagement and experiences, so that others encountering similar changes and reforms may learn from our experience.Keywords: scaling up; MOOCs; open access; professional development; online course; computer science education(Published: 28 August 2014)Citation: Research in Learning Technology 2014, 22: 24691 - http://dx.doi.org/10.3402/rlt.v22.24691",openalex,llm,0.950,unreviewed,
