status,title,authors,year,venue,doi,url,tags,abstract,provider,decision_source,llm_confidence,llm_review_outcome,llm_change_direction
discarded,Let's Code! How Can Programming Logic Make a Vascular Neurologist Even Better?,"Clares de Andrade, Joao Brainer; Fagundes, Thales Pardini",2026,CEREBROVASCULAR DISEASES,10.1159/000547830,https://www.webofscience.com/wos/woscc/full-record/WOS:001578341700001,adjacent-subtopic,"Background: As digital health and artificial intelligence (AI) become integral to medicine, there is a growing need for physicians to develop computational thinking skills. In vascular neurology, a specialty reliant on algorithmic decision-making and complex data interpretation, programming logic (PL) offers a powerful cognitive framework. This review argues that PL can enhance diagnostic precision, clinical efficiency, and data-driven reasoning. By aligning core programming structures - such as conditional statements, loops, and data abstraction - with clinical workflows, neurologists can improve protocol adherence, patient monitoring, and anatomical localization. Summary: Programming logic parallels medical reasoning through multiple mechanisms. Concepts such as conditional statements mirror diagnostic algorithms, guiding step-by-step decision-making in acute stroke management. Loop structures reflect the iterative nature of patient monitoring, where repeated neurological assessments are performed based on evolving clinical conditions. Data structuring principles help neurologists organize complex information, improving the analysis of patient registries and clinical trial datasets. Furthermore, debugging methods encourage physicians to systematically reevaluate diagnoses when patients deviate from expected recovery pathways, refining clinical hypotheses based on new evidence. The modularity principle aligns with stroke care strategies, allowing neurologists to divide complex treatment plans into manageable components spanning acute intervention, secondary prevention, rehabilitation, and long-term outpatient follow-up. Pattern recognition skills developed through coding are directly applicable to identifying clinical syndromes, neuroimaging findings, and complications. Furthermore, familiarity with programming languages like Python or R enhances a neurologist's ability to manage and analyze clinical data, critically appraise AI-driven evidence, and contribute to the design of error-reducing digital workflows. Programming logic boosts vascular neurologists' precision, efficiency, and diagnostic reasoning skills. Key Messages: While not a substitute for clinical intuition, programming literacy is a complementary skill set that strengthens methodical thinking, innovation, and adaptability. Fostering these skills can improve patient care across the continuum of stroke management, optimize system-level outcomes, and empower neurologists to critically evaluate and co-create the next generation of digital health tools.",wos,llm,0.940,unreviewed,
kept,Assessing cognitive components of computational thinking,"Mertens, Andrew J.; Colunga, Eliana",2025,FRONTIERS IN PSYCHOLOGY,10.3389/fpsyg.2025.1434453,https://www.webofscience.com/wos/woscc/full-record/WOS:001577515800001,supports-claim,"Recent years have seen a dramatic increase in Computer Science (CS) education programs implemented at the K-12 level. This emphasis on CS education comes not only from the fact that computer skills are becoming an ever-more integral part of modern life, but also from a notion that learning how to program facilitates the development of a set of more general skills and strategies collectively known as Computational Thinking (CT). What makes CT special is the fact that it can be applied in an array of different contexts that are not limited to the CS domain. The present work adapts tasks from established cognitive tests in an attempt to capture some of the components specifically theorized to comprise CT, namely decomposition, sequencing, and abstraction. To test this, we conducted three studies to test the degree to which these measures relate to proficiency and experience with computer programming. Study 1 examines this relationship in 8-12 year-old children enrolled in STEM summer camps. Study 2 examines the programming proficiency-CT relationship in a different population and setting: fourth graders in a public elementary school. Study 3 aims to contribute converging evidence for the relationship by measuring CT and programming experience in an online study in the 8-12 year-old STEM summer camp population. The results reveal that performance on the decomposition measure consistently correlates with both proficiency and experience measures of programming in young children. We discuss these findings in the context of a potential progression for the emergence of CT-related skills throughout development.",wos,llm,0.960,unreviewed,
discarded,Semantic neighborhood in cognitive modeling,"Wolfengagen, Viacheslav; Ismailova, Larisa; Kosikov, Sergey",2025,COGNITIVE SYSTEMS RESEARCH,10.1016/j.cogsys.2025.101398,https://www.webofscience.com/wos/woscc/full-record/WOS:001567403400001,off-topic-false-hit,"The notion of semantic neighborhood is introduced and its properties are studied. The semantic neighborhood of a concept is understood as a commutative diagram characterizing the associated natural transformations over the representing functors. They characterize the behavior of the domains over which individual variables can range. The domains consist of generalized elements implementing the representation of an individual-as-a-process. Such a parametrization is based on the idea of the stage of knowledge that is achieved along evolvents. Another parameter is the properties of individual domains. As an example, the problem of habitability of variable domains and the corresponding problem of transmigration of individuals are considered, for which a solution is given. The life cycle of individuals and the possible elevation and spread of the effect of their entanglement are analyzed. Following the way of computational thinking, decomposition of the overall information task is performed in a standard manner. An evolvent system is chosen as a pattern, reflecting the idea of existence and becoming. When abstracting, how one class emerges from another is revealed, which is the content of some resulting mathematical assumptions. As a result, algorithmization becomes possible, involving parametrization, indexing, and functors.",wos,llm,0.980,unreviewed,
kept,Developing and validating a digital test of preschool children's computational thinking skills,"Li, Hao; Zhang, Xiao",2025,EDUCATION AND INFORMATION TECHNOLOGIES,10.1007/s10639-025-13745-9,https://www.webofscience.com/wos/woscc/full-record/WOS:001560313400001,supports-claim,"The importance of computational thinking (CT) in K-12 education is widely recognized, particularly in the field of science, technology, engineering, and mathematics (STEM). However, the structure and components of preschool children's CT skills remain unclear. There is also a lack of psychometrically robust CT assessments that can comprehensively evaluate various CT skills of preschool children. Leveraging the power of digital technology, this study developed and validated a new digital test-the Digital Computational Thinking Test for Preschool Children (DCTt-PreK)-for assessing six components of preschool children's CT: algorithms, representation, modularity, pattern recognition, conditional logic, and debugging. Two hundred and twelve Chinese preschool children aged between 39 and 66 months (Meanage = 53.38 +/- 4.83 months) participated in this study. An evidence-centered design was used to develop the DCTt-PreK. Confirmatory factor analysis supported the six-factor structure of preschool children's CT. Item response theory analysis showed that the test items had satisfactory difficulty and discrimination. The multi-group measurement invariance and differential item functioning analyses showed that the test assessed CT skills in boys and girls fairly at both the test and item levels. Finally, the test demonstrated good reliability and satisfactory convergent and discriminant validity. Overall, our study showed that the DCTt-PreK had sound psychometric properties and was a valid, reliable, and sex-equitable digital instrument for comprehensively assessing CT skills in preschool children aged three to six years.",wos,llm,0.970,unreviewed,
discarded,DIGITAL ESCAPE ROOMS TO DEVELOP COMPUTATIONAL THINKING: LEARNING ANALYTICS IN SCIENCE CLUB,"Tenorio-Sepulveda, Gloria Concepcion; Cruz, Amadeo Jose Arguelles-; Hernandez-Lopez, Rogelio; Montoya, Maria Soledad Ramirez-",2025,JOURNAL OF INFORMATION TECHNOLOGY EDUCATION-RESEARCH,10.28945/5604,https://www.webofscience.com/wos/woscc/full-record/WOS:001558810200001,adjacent-subtopic,"Aim/Purpose The objective of this study was to identify the elements of learning analytics and the characteristics that digital escape rooms should have in order to promote the development of computational thinking in challenging environments. Background In the present and future of education, developing computational thinking is strategic for the digital age, serving as a bridge between technology and problem-solving. There is an opportunity to look for new ways to promote computational thinking because people have difficulty abstracting real problems and applying decomposition methods, design patterns, and algorithmic thinking in various complex contexts. Methodology The ADDIE framework (analysis, design, development, implementation, and evaluation) was applied to develop an escape room with learning analytics and challenges focused on Sustainable Development Goal 7 (Affordable and Clean Energy). The application was carried out with 119 participants from the science club.Contribution This research provides practical specifications for developing digital escape rooms that implement learning analytics. This study is of great value to academics, developers, and decision-makers interested in developing training activities that promote high-level skills for dealing with complexity. Findings The physical and logical models created can guide the implementation of requirements and database creation when developing educational digital escape rooms. A timeline, event history analysis, and a method examining the sequence of discrete states can measure computational thinking development and identify other high-level competencies in educational digital escape rooms. Essential features of web-based educational digital escape rooms include an adaptive design for optimal visualization and interaction, accessibility across a variety of devices, easy navigation, and challenges that include puzzles and time-limited problems. Recommendations for Practitioners Recommendations for Researchers Suggestions for practitioners who want to enhance high-level competencies include: (a) employ challenge-based strategies like an educational digital escape room, (b) gradually increase the difficulty of challenges to monitor competency development, (c) control the time students spend solving puzzles, and (d) continuously evaluate the strengths and weaknesses of the educational digital escape room for ongoing improvement. Researchers who want to develop high-level competencies through educational digital escape rooms should consider timelines, event history analysis, and a method that scrutinizes the students' sequence of discrete states while answering questions, which allows effective progress tracking. Impact on Society This study contributes to open education by creating quality open educational resources for the development of high-level competencies. Future Research Future research could expand the analysis to include qualitative data, population samples from clubs in other countries, and educational digital escape rooms targeting other sustainable development goals.",wos,llm,0.830,unreviewed,
discarded,University Students' Views of Their Learning Outcomes from Engaging in Programming-Based Mathematical Investigations,"Buteau, Chantal; Muller, Eric; Mgombelo, Joyce; Sacristan, Ana Isabel; Sardella, Jessica; Santacruz-Rodriguez, Marisol",2025,CANADIAN JOURNAL OF SCIENCE MATHEMATICS AND TECHNOLOGY EDUCATION,10.1007/s42330-025-00368-y,https://www.webofscience.com/wos/woscc/full-record/WOS:001504382800001,adjacent-subtopic,"In this paper, we are interested in the learning outcomes from undergraduate students' digital experiences of conducting multiple pure and applied mathematics investigations supported by programming technology. Our case study encompasses a sequence of three project-based mathematics courses implemented for over 20 years at Brock University. We conceptualize learning by using elements of theories of community of practice, constructionism, and instrumental genesis. Data was collected through post-course voluntary anonymous questionnaires (N = 31) from the 2nd and 3rd courses. Our results suggest five key dimensions of learning outcomes falling under the three domains (cognitive, intrapersonal and interpersonal) of deeper learning: (1) programming as a useful tool for mathematics and more broadly; (2) computational thinking as a useful competency for mathematics and more broadly; (3) attitudes toward learning to program and programming practices (for mathematics); (4) interest and motivation in expanding one's understanding of mathematical concepts; and (5) learning about self as a learner. Arising from these results, we argue that opportunities derived from conducting multiple programming-based pure and applied mathematics investigations may empower undergraduate students in their mathematical thinking and activity.

Dans cet article, nous nous int & eacute;ressons aux r & eacute;sultats d'apprentissage d & eacute;coulant des exp & eacute;riences num & eacute;riques des & eacute;tudiants de premier cycle qui m & egrave;nent de multiples enqu & ecirc;tes en math & eacute;matiques pures et appliqu & eacute;es & agrave; l'aide de techniques de programmation. Notre & eacute;tude de cas englobe une s & eacute;quence de trois cours de math & eacute;matiques ax & eacute;s sur des projets, et mis en oe uvre depuis plus de 20 ans & agrave; l'Universit & eacute; Brock. Nous conceptualisons l'apprentissage en utilisant des & eacute;l & eacute;ments des th & eacute;ories de la communaut & eacute; de pratique, du constructionnisme et de la gen & egrave;se instrumentale. Les donn & eacute;es ont & eacute;t & eacute; recueillies & agrave; l'aide de questionnaires anonymes remplis volontairement apr & egrave;s les deuxi & egrave;me et troisi & egrave;me cours (N = 31) Nos r & eacute;sultats r & eacute;v & egrave;lent cinq dimensions cl & eacute;s des r & eacute;sultats d'apprentissage relevant des trois domaines (cognitif, intrapersonnel et interpersonnel) de l'apprentissage approfondi: (1) la programmation en tant qu'outil pertinent pour les math & eacute;matiques et de mani & egrave;re plus g & eacute;n & eacute;rale; (2) la pens & eacute;e computationnelle en tant que comp & eacute;tence utile pour les math & eacute;matiques et de fa & ccedil;on plus large; (3) les attitudes & agrave; l'& eacute;gard de l'apprentissage et des pratiques de la programmation (pour les math & eacute;matiques); (4) l'int & eacute;r & ecirc;t et la motivation pour & eacute;largir sa propre compr & eacute;hension des concepts math & eacute;matiques; et (5) l'apprentissage de soi en tant qu'apprenant. & Agrave; partir de ces r & eacute;sultats, nous soutenons que les occasions qui d & eacute;coulent de la r & eacute;alisation de multiples enqu & ecirc;tes en math & eacute;matiques pures et appliqu & eacute;es fond & eacute;es sur la programmation peuvent & eacute;manciper les & eacute;tudiants de premier cycle dans leur pens & eacute;e et activit & eacute; math & eacute;matique.",wos,llm,0.870,unreviewed,
discarded,Introducing Children to Computational Thinking Concepts Through A Tabletop Board Game: An Exploratory Study,"Yang, Dayae; Kopcha, Theodore J.",2025,JOURNAL OF FORMATIVE DESIGN IN LEARNING,10.1007/s41686-025-00101-w,https://www.webofscience.com/wos/woscc/full-record/WOS:001488376500001,adjacent-subtopic,"Computer programming is recognized as a crucial component of K-12 education for fostering students' computational thinking skills. Unplugged methods, such as board games, have proven effective in introducing programming concepts to children in an accessible and engaging manner. This exploratory pilot study takes a qualitative approach to investigate the potential of the coding board game Lucky Codes to support elementary students' engagement with foundational programming concepts through unplugged methods. Video recordings and multimodal transcriptions of gameplay sessions with four students were analyzed to examine their interactions and strategies across two rounds of gameplay. The findings reveal that Lucky Codes facilitated meaningful engagement with programming concepts such as sequencing, decomposition, and conditionals. Participants demonstrated progress in applying these concepts between rounds, reflecting their growing ability to use these ideas strategically to achieve gameplay objectives. The study highlights the potential of intentionally designed board games as accessible and engaging tools for introducing programming concepts to young learners.",wos,llm,0.860,unreviewed,
discarded,Scaling up computational thinking skills in computer-assisted language learning (CTsCALL) and its fitness with language learners' intentions to use virtual exchange: A bi-symmetric approach,"Rahimi, Amir Reza; Sevilla-Pavon, Ana",2025,COMPUTERS IN HUMAN BEHAVIOR REPORTS,10.1016/j.chbr.2025.100607,https://www.webofscience.com/wos/woscc/full-record/WOS:001424652300001,adjacent-subtopic,"Many studies have demonstrated that Virtual Exchange (VE) for teaching languages can have a positive effect on learners' intercultural awareness or achievements. However, during this century, the teaching process has shifted from teaching with technology to solving problems with it. In this regard, pedagogical experts in Science, Technology, Engineering, and Mathematics (STEM) have developed programming and robotics based on Computational Thinking skills (CTs), which have been regarded as the core of 21st-century skills. In the field of CALL, this skill has received very little attention. Accordingly, we have attempted to switch the process and outcome of language learning in VE. Thus, we developed the conceptual framework that integrated CTsCALL and Individual-technology-task-environment Fit (ITTEF). Having designed our VE tasks based on CTsCALL, we provided the opportunity for 92 Spanish language learners in our project to exchange language and culture with Cypriot and Irish students and solve VE tasks based on CTsCALL. The result of the symmetric phase of the study validated the five-dimensional structure of CTsCALL and the four-dimensional structures of ITTEF in VE and CALL. It also revealed that language learners, who focused on the key information rather than the details while solving language tasks, as well as recognizing the pattern of task solving and applying them to other tasks, found VE, and CTsCALL to be aligned with their current capabilities, learning environment, and problem-solving skills that mediated their intention to learn and exchange information in this context in the future. Furthermore, the asymmetrical part of the study revealed that sixteen solutions are available to shape language learners' continued intention to use VE by combining the components of CTsCALL and ITTEF. Thus, the study developed the CTsCALL questionnaire and its theory into CALL together with the Council of Europe's Common European Framework of Reference for Languages and recommended that CALL researchers and educators take a broader view of VE, as well as continuing to validate CTsCALL in other CALL disciplines to show that this skill belongs to CALL as well.",wos,llm,0.900,unreviewed,
discarded,A Critical Review of Primary School Students' Difficulties in Learning Programming Through Educational Games,"Giannakoulas, Andreas; Xinogalos, Stelios",2025,JOURNAL OF EDUCATIONAL COMPUTING RESEARCH,10.1177/07356331241309074,https://www.webofscience.com/wos/woscc/full-record/WOS:001381798700001,adjacent-subtopic,"This study critically reviews sixteen empirical studies that investigate the various difficulties that primary school students encounter while learning programming through educational games. Specifically, the challenges that students face in understanding basic programming concepts and the game elements that contribute to these difficulties, as well as the extent to which students can transfer the knowledge gained to contexts beyond games are analyzed. The results indicate that students primarily struggle with understanding loops (both simple and nested), while difficulties with selection structures and sequence structures are less pronounced. Regarding game elements, students face difficulties in interpreting command symbols representing directions, understanding graphical interface elements representing programming constructs, and managing complex user interfaces. The results imply a need for further empirical studies to explore how well students can apply their acquired programming knowledge to contexts beyond games. Although the need for further research is highlighted, the findings of the study provide valuable implications both to educators and game designers for a more effective incorporation of educational games to the teaching of programming, and a more straightforward depiction of programming concepts and a more user-friendly graphical user interface respectively.",wos,llm,0.780,unreviewed,
