status,title,authors,year,venue,doi,url,tags,abstract,provider,decision_source,llm_confidence,llm_review_outcome,llm_change_direction
kept,Automatic Data Structures Visualization in IntelliJ IDEA,"Emdin, Grigorii; Kirkhmeier, Dmitrii; Koval, Nikita",2026,JOURNAL OF OBJECT TECHNOLOGY,10.5381/jot.2026.25.3.a7,https://www.webofscience.com/wos/woscc/full-record/WOS:001724101900020,adjacent-subtopic,"Debugging code that involves complex data structures poses significant challenges. It is often difficult to track the flow of data through the data structures while debugging the code, particularly for novice programmers learning algorithms and data structures. A potential approach to simplify this process is to visualize the relevant data structures along with their current states during debugging. However, identifying the specific portions of code that correspond to these data structures presents a unique challenge. To address this, we propose an approach that visualizes the runtime state of key data structures-such as arrays, linked lists, and trees-during debugging by leveraging a large language model (LLM) to facilitate and guide the visualization process. Our current implementation, developed as a plug-in for IntelliJ IDEA, supports the highlighting of array indices and enforces correct element sequencing in linked lists. With this integration of the visualization into the debugging workflow, we aim to improve code comprehension and reduce debugging time and effort. Future work includes expanding support to tree structures and migrating from a remote to an embedded LLM. We plan to evaluate the effectiveness of our approach through user studies with novice programmers, measuring debugging time, bug detection accuracy, and perceived cognitive load.",wos,llm,0.800,unreviewed,
discarded,JSidentify-V2: Leveraging Dynamic Memory Fingerprinting for Mini-Game Plagiarism Detection,"Li, Zhihao; Wang, Chaozheng; Li, Zongjie; Peng, Xinyong; Xia, Qun; Lu, Haochuan; Xiong, Ting; Gao, Shuzheng; Gao, Cuiyun; Wang, Shuai; Deng, Yuetang; Ma, Huafeng",2025,"2025 40TH IEEE/ACM INTERNATIONAL CONFERENCE ON AUTOMATED SOFTWARE ENGINEERING, ASE",10.1109/ASE63991.2025.00257,https://www.webofscience.com/wos/woscc/full-record/WOS:001706323100248,off-topic-false-hit,"The explosive growth of mini-game platforms has led to widespread code plagiarism, where malicious users access popular games' source code and republish them with modifications. While existing static analysis tools can detect simple obfuscation techniques like variable renaming and dead code injection, they fail against sophisticated deep obfuscation methods such as encrypted code with local or cloud-based decryption keys that completely destroy code structure and render traditional Abstract Syntax Tree analysis ineffective. To address these challenges, we present JSidentify-V2, a novel dynamic analysis framework that detects mini-game plagiarism by capturing memory invariants during program execution. Our key insight is that while obfuscation can severely distort static code characteristics, runtime memory behavior patterns remain relatively stable. JSidentify-V2 employs a four-stage pipeline: (1) static pre-analysis and instrumentation to identify potential memory invariants, (2) adaptive hot object slicing to maximize execution coverage of critical code segments, (3) Memory Dependency Graph construction to represent behavioral fingerprints resilient to obfuscation, and (4) graph-based similarity analysis for plagiarism detection.

We evaluate JSidentify-V2 against eight obfuscation methods on a comprehensive dataset of 1,200 mini-games. Our framework achieves over 90% similarity detection across all tested obfuscation techniques, maintaining high accuracy even against advanced decryption-based methods where existing tools achieve near 0% detection rates. In real-world deployment, JSidentify-V2 achieves 100% precision and 99.8% recall while delivering an 8x speedup compared to previous methods. Our production deployment demonstrates that plagiarism complaints have decreased by over 80%, proving JSidentify-V2's effectiveness in protecting intellectual property rights in mini-game ecosystems.",wos,llm,1.000,unreviewed,
discarded,EONSim: An NPU Simulator for On-Chip Memory and Embedding Vector Operations,"Choi, Sangun; Kim, Jongmin; Park, Jaeyong; Oh, Yunho",2026,IEEE COMPUTER ARCHITECTURE LETTERS,10.1109/LCA.2026.3667792,https://www.webofscience.com/wos/woscc/full-record/WOS:001717526700001,off-topic-false-hit,"Embedding vector operations account for a growing share of modern deep neural network workloads and exhibit input-dependent and highly skewed memory access behavior. This behavior arises from runtime index sequences, in contrast to the static loop structure of matrix operation-centric kernels. Existing neural processing unit (NPU) simulators primarily target matrix operations and derive memory accesses from tiling and scheduling logic, which limits fidelity for embedding-heavy workloads. Also, coarse on-chip memory abstractions based on aggregate bandwidth and transfer latency hinder analysis of reuse behavior and both software- and hardware-managed on-chip memory techniques. This paper presents EONSim, an embedding-aware NPU simulator that captures index-driven memory behavior. EONSim represents embedding workloads through reusable, hardware-agnostic index traces and integrates a detailed on-chip memory model that supports diverse management policies, including software prefetching and hardware caching. Across multiple NPU configurations, EONSim reports an average inference time error of 1.3% and an average on-chip memory access count error of 5.5%.",wos,llm,1.000,unreviewed,
discarded,Detectability enhancement of small defects in materials with high structural noise: A deep learning approach for baseline signal reconstruction,"Du, Yu; Liu, Nanxin; Guo, Changrong; Xu, Jianfeng; Bai, Long",2026,ENGINEERING MECHANICAL ENGINEERING,10.1007/s11465-026-0877-3,https://www.webofscience.com/wos/woscc/full-record/WOS:001698828500001,off-topic-false-hit,"This paper investigates the suppression of background noise in ultrasonic array imaging by applying the total focusing method and baseline subtraction, focusing on coarse-grained materials that exhibit significant levels of structural noise. Addressing the challenge of identifying small defects due to low signal-to-noise ratios (SNRs) in the measured array data, we have proposed an efficient methodology that can be applied to enhance the detectability of a defect within a specified region of interest (ROI). The proposed methodology requires the original full matrix capture data solely, and it generates the reconstructed baseline (i.e., estimated grain noise) data using a multi-step long short-term memory model. This model predicts time traces corresponding to the ROI based on historical signals of the same data set. The root mean square value and peak noise amplitude of the reconstructed grain image are used to evaluate the noise prediction performance of the proposed approach. The simulation and experimental study results demonstrate that our proposed approach for reconstructing the grain-scattered data can notably enhance the defect SNR when combined with a straightforward baseline subtraction method. Moreover, the effect of the probe position (with respect to the defect) on the noise suppression capability of the prediction model is shown to be small.",wos,llm,1.000,unreviewed,
kept,From State to Structure: Towards Abstraction Support in CS2,"Sibia, Naaz; Wen, Jessica; Richardson, Amber; Jain, Yashika; Bernuy, Angela Zavaleta; Simion, Bogdan; Petersen, Andrew; Nobre, Carolina; Liut, Michael",2025,"PROCEEDINGS OF 25TH INTERNATIONAL CONFERENCE ON COMPUTING EDUCATION RESEARCH, KOLI CALLING 2025",10.1145/3769994.3769998,https://www.webofscience.com/wos/woscc/full-record/WOS:001680177600017,supports-claim,"Motivation: CS2 students often struggle to connect low-level memory operations with high-level structural understanding, particularly with recursion and linked data structures. Visualizations can aid learning by making underlying relationships more visible and helping students track complex behavior. While such tools exist, most emphasize procedural flow without scaffolding abstraction. We explore whether multiple external representations (MERs), which are a well-established approach in other STEM fields that is underutilized in computing education, can support structural abstraction through synchronized, layered visualizations.

Method: We used a tri-pane interface, grounded in Ainsworth's DeFT framework, as a design probe. The system synchronized source code, memory diagrams, and abstract structural views. It was embedded into a 12-week CS2 course (n = 695) focused on recursive, reference-based structures. Students engaged with three MER-aligned activities during the semester. 440 completed an end-of-term survey, and 301 provided open-ended feedback. We analyzed perceived clarity, usability, and mental effort using validated scales and thematic coding.

Results: Students described the MER visualizations as clear, intuitive, and helpful, especially for recursion and pointer-heavy logic. Many said the integration of views supported ""seeing the bigger picture"" and reduced reliance on rote tracing. Usability ratings were strong, mental effort was moderate, and non-native English speakers reported higher clarity than native speakers.

Implications: As an initial exploration, these findings offer early empirical grounding for the further use of MERs in CS2. The work surfaces representational affordances, learner strategies, and design tensions that can inform future tools and evaluations of abstraction support in computing education.",wos,llm,0.940,unreviewed,
discarded,A spatio-temporal graph learning framework with attention mechanism for secure RPL in mobile IoT,"Shoaei, Zohre; Esmaeilyfard, Rasool; Javidan, Reza",2026,AD HOC NETWORKS,10.1016/j.adhoc.2026.104156,https://www.webofscience.com/wos/woscc/full-record/WOS:001686726500001,off-topic-false-hit,"Mobility-aware IoT networks operate under rapidly shifting topologies, where even authorized nodes can perform stealthy routing attacks that bypass standard cryptographic defenses. These threats are compounded by dynamic connectivity patterns, fluctuating link qualities, and heterogeneous node behaviors, creating a high-dimensional, non-stationary security landscape. We introduce a temporal-spatial trust framework that represents the network as a continuously evolving dynamic graph, embedding per-node behavioral states together with aggregated neighborhood patterns across structural, mobility, and traffic domains. These high-context sequences feed into a multi-layer GRU-based Sequence-to-Sequence architecture equipped with multi-head attention, enabling concurrent modeling of local temporal fluctuations and long-range spatial dependencies. A composite trust scoring mechanism integrates model-inferred anomalies with deterministic protocol checks and peer-reported reputation, regulated by hyper-parameter-optimized fusion weights. Trust scores are embedded into RPL's rank metric and filtered through a hysteresis-governed parent selection policy to ensure both rapid threat isolation and topological stability. Extensive simulations in Contiki-NG, leveraging real-world urban mobility traces from the Microsoft GeoLife dataset and the RADAR benchmark, demonstrate robustness against five specific threats (Rank, Blackhole, Sybil, Sinkhole, and Selective Forwarding). Results indicate up to 96 % detection accuracy, a 38 % reduction in detection latency, and 20-40 % lower control overhead, all while maintaining a runtime memory footprint under 10 KB. By combining dynamic graph-based context encoding, attention-driven sequence learning, and multi-source trust fusion, the proposed approach offers a deployable, high-fidelity, and scalable security enhancement for RPL in next-generation IoT environments.",wos,llm,1.000,unreviewed,
discarded,Weak Memory Model Formalisms: Introduction and Survey,"Su, Roger C.; Colvin, Robert J.",2026,CONCURRENCY AND COMPUTATION-PRACTICE & EXPERIENCE,10.1002/cpe.70484,https://www.webofscience.com/wos/woscc/full-record/WOS:001671490100005,off-topic-false-hit,"Memory models define the order in which accesses to shared memory in a concurrent system may be observed to occur. Such models are a necessity since program order is not a reliable indicator of execution order, due to microarchitectural features or compiler transformations. Concurrent programming, already a challenging task, is thus made even harder when weak memory effects must be addressed. A rigorous specification of weak memory models is therefore essential to make this problem tractable for developers of safety- and security-critical, low-level software. In this paper we survey the field of formalisations of weak memory models, including their specification, their effects on execution, and tools and inference systems for reasoning about code. To assist the discussion we also provide an introduction to two styles of formal representation found commonly in the literature (using a much simplified version of Intel's x86 as the example): a step-by-step construction of traces of the system (operational semantics); and with respect to relations between memory events (axiomatic semantics). The survey covers some long-standing hardware features that lead to observable weak behaviours, a description of historical developments in practice and in theory, an overview of computability and complexity results, and outlines current and future directions in the field.",wos,llm,0.990,unreviewed,
kept,Code Sharing Platform for Better Code Writing Through Visual Programming and Trial and Error,"Maeda, Shintaro; Takeda, Kouyou; Tomoto, Takahito",2025,"HUMAN INTERFACE AND THE MANAGEMENT OF INFORMATION, HIMI 2025, PT II",10.1007/978-3-031-93822-1_19,https://www.webofscience.com/wos/woscc/full-record/WOS:001585622700019,adjacent-subtopic,"Traditional exercise-based approaches for teaching code writing often focus solely on writing correct code, limiting opportunities for code refinement and the essential trial-and-error process inherent in software development. To address these limitations, we previously proposed a code-sharing platform that leverages program visualization and quality-based scoring to encourage continuous code improvement. However, the previously developed text-based system posed challenges for novice programmers, including frequent syntax errors and increased cognitive load, thereby hindering effective trial-and-error learning. In the present study, we introduce an enhanced code-sharing platform that incorporates visual programming to overcome these challenges. By utilizing a block-based coding environment, the present system eliminates syntax errors and simplifies code construction, allowing learners to focus on algorithmic and logical refinement. In an evaluation involving 9 university students, we demonstrated that the visual programming approach significantly improved code quality scores, reduced time spent on code creation, and minimized syntax-related interruptions. In addition, questionnaire results indicated high levels of learner satisfaction and perceived effectiveness in promoting motivated and efficient learning. These findings suggest that visual programming, combined with a collaborative code-sharing framework, enhances programming education by facilitating better code writing and more effective learning through trial-and-error.",wos,llm,0.710,unreviewed,
discarded,Virtual Relational Curation: The Role of Attachment and Virtual Possession Management on Post-Breakup Adjustment,"Brody, Nicholas; LeFebvre, Leah E.; Blackburn, Kate G.",2026,JOURNAL OF SOCIAL AND PERSONAL RELATIONSHIPS,10.1177/02654075251395100,https://www.webofscience.com/wos/woscc/full-record/WOS:001610392900001,off-topic-false-hit,"This study extends the Virtual Relational Memory model (VRM) to examine the intersection of communication technology, attachment orientation, and post-breakup adjustment. Prior research linked the retaining of virtual possessions to a decline in post-breakup adjustment, and this study investigates the role of avoidant and anxious attachment orientation. Using United States collegiate students, participants (N = 357) completed an online questionnaire regarding their attachment orientation, ideals regarding their handling of their virtual possessions post-breakup, and post-breakup adjustment. Findings reveal that anxious attachment predicts making decisions based on past partners, which negatively relates to adjustment. Similarly, avoidant attachment predicts making decisions based on the emotional impact of the virtual possessions, which also negatively relates to post-breakup adjustment. This study's implications underscore the significance of attachment orientation in guiding individuals through managing the virtual possessions of past relationships.",wos,llm,1.000,unreviewed,
discarded,LISTENING IN L2 ROMANIAN: WHY FUNCTION WORDS GO UNNOTICED,"Sonea, Ioana-Silvia",2025,STUDIA UNIVERSITATIS BABES-BOLYAI PHILOLOGIA,10.24193/subbphilo.2025.2.03,https://www.webofscience.com/wos/woscc/full-record/WOS:001600205000004,off-topic-false-hit,"Listening is a crucial but often overlooked component of second language (L2) acquisition. Despite its importance in developing linguistic competence, listening is frequently underemphasized in classroom instruction. This article examines L2 listening through the framework of cognitive linguistics, particularly cognitive grammar, which views language as an extension of general cognitive processes such as perception, memory, and categorization. By integrating insights from John Field's research on input processing and Baddeley's working memory model, we explore how L2 learners prioritize content words over function words in real-time listening. A small-scale empirical study was conducted with 37 students enrolled in a preparatory Romanian language course, using a paused transcription method to assess word recognition accuracy in speech. The findings confirm that L2 learners rely more on content words over function words, which is consistent with previous research in other languages. Notably, within function words, clitic pronouns and certain conjunctions were particularly difficult to recognize, suggesting that semantic schematicity and phonetic reduction play a key role in perceptual challenges. The study also highlights the continued reliance on top-down processing, even among B1-level learners, and the persistent difficulty in automatic segmentation of spoken input. Finally, the article argues for a reassessment of listening instruction, emphasizing explicit training in speech perception, function word recognition, and phonological processing. A balanced approach, combining comprehensible input, explicit instruction, and structured practice, is proposed to enhance L2 learners' ability to process spoken language more effectively.",wos,llm,1.000,unreviewed,
kept,Applying a Lightweight Graphics Library to Visually Corroborate Learning in Programming Introduction Courses,"de la Fuente, Claudia; Vidal-Silva, Cristian; Jego-Mendoza, Liza; Pedrero-Valenzuela, Patricia",2025,INTERNATIONAL JOURNAL OF ADVANCED COMPUTER SCIENCE AND APPLICATIONS,,https://www.webofscience.com/wos/woscc/full-record/WOS:001592945000001,adjacent-subtopic,"Learning to program in first-year courses is challenging because the link between source code and program behaviour is not immediately visible to novices. This paper reports on the deployment of UFramework, a lightweight graphics library developed in C++/Visual Studio, designed to help students visually corroborate their learning by observing the on-screen effects of their own algorithms. The experience was implemented in a Structured Programming module that combines lectures, labs, and project-based assignments. We 1) describe the design principles and architecture of the library, 2) present a portfolio of progressively scaffolded assignments (shooter prototype, grid map parsing, spatial quadrants), 3) outline the assessment rubric and its alignment with intended learning outcomes, and 4) report multi-year descriptive evidence that includes pass rates and qualitative reflections. Results show improved student engagement and higher pass rates in the most recent cohorts, together with qualitative evidence of increased motivation and clearer problem decomposition. While the findings are limited to a single institution and remain descriptive, they suggest that lightweight, visual-first workflows can lower barriers to learning programming and foster computational thinking competencies such as decomposition, abstraction, algorithmic design, and debugging. Future work should include controlled comparisons and broader validation to strengthen internal validity and explore the applicability of this approach to non-visual domains.",wos,llm,0.840,unreviewed,
