status,title,authors,year,venue,doi,url,tags,abstract,provider,decision_source,llm_confidence,llm_review_outcome,llm_change_direction
discarded,Understanding the LLM-ification of CHI: Unpacking the Impact of LLMs at CHI through a Systematic Literature Review,Rock Yuren Pang; Hope Schroeder; Kynnedy Simone Smith; Solon Barocas; Ziang Xiao; Emily Tseng; Danielle Bragg,2025,,10.1145/3706598.3713726,https://openalex.org/W4409885603,off-topic-false-hit,"Large language models (LLMs) have been positioned to revolutionize HCI, by reshaping not only the interfaces, design patterns, and sociotechnical systems that we study, but also the research practices we use.To-date, however, there has been little understanding of LLMs' uptake in HCI.We address this gap via a systematic literature review of 153 CHI papers from 2020-24 that engage with LLMs.We taxonomize: (1) domains where LLMs are applied; (2) roles of LLMs in HCI projects; (3) contribution types; and (4) acknowledged limitations and risks.We find LLM work in 10 diverse domains, primarily via empirical and artifact contributions.Authors use LLMs in five distinct roles, including as research tools or simulated users.Still, authors often raise validity and reproducibility concerns, and overwhelmingly study closed models.We outline opportunities to improve HCI research with and on LLMs, and provide guiding questions for researchers to consider the validity and appropriateness of LLM-related work.",openalex,llm,0.990,unreviewed,
discarded,Gamification in Computer Science Education: a Systematic Literature Review,Mourya Reddy Narasareddy Gari; Gursimran Walia; Alex Radermacher,2020,,10.18260/1-2--30554,https://openalex.org/W2952162006,adjacent-subtopic,"Gamification in Computer Science Education: a Systematic Literature Review Mrs. Mourya Reddy Narasareddy Gari, North Dakota State University I am Ph.D student at North Dakota State University. My research work is to see how different Learning strategies affect the student learning. Dr. Gursimran Singh Walia Gursimran S. Walia is an associate professor of Computer Science at North Dakota State University. His main research interests include empirical software engineering, software engineering education, human factors in software engineering, and software quality. He is a member of the IEEE Computer Society. Contact him at gursimran.walia@ndsu.edu Mr. Alex David Radermacher, North Dakota State University",openalex,llm,0.890,unreviewed,
discarded,Imbalanced Classification Methods for Student Grade Prediction: A Systematic Literature Review,Siti Dianah Abdul Bujang; Ali Selamat; Ondřej Krejcar; Farhan Mohamed; Lim Kok Cheng; Po Chan Chiu; Hamido Fujita,2022,IEEE Access,10.1109/access.2022.3225404,https://openalex.org/W4312804966,off-topic-false-hit,"Student success is essential for improving the higher education system student outcome. One way to measure student success is by predicting students’ performance based on their prior academic grades. Concerning the significance of this area, various predictive models are widely developed and applied to help the institution identify students at risk of failure. However, building a high-accuracy predictive model is challenging due to the dataset’s imbalanced nature, which caused biased results. Therefore, this study aims to review the existing research article by providing a state-of-the-art approach for handling imbalanced classification in higher education, including the best practices of dataset characteristics, methods, and comparative analysis of the proposed algorithms, focusing on student grade prediction context problems. The study also presents the most common balancing methods published from 2015 to 2021 and highlights their impact on resolving imbalanced classification in three approaches: data-level, algorithm-level, and hybrid-level. The survey results reveal that the data-level approach using SMOTE oversampling is broadly applied in determining imbalanced problems for student grade prediction. However, the application of hybrid and feature selection methods supporting the generalization of the predictive model to boost student grade prediction performance is generally lacking. Other than that, some of the strengths and weaknesses of the proposed methods are discussed and summarized for the direction of future research. The outcomes of this review will guide the professionals, practitioners, and academic researchers in dealing with imbalanced classification, mainly in the higher education field.",openalex,llm,0.990,unreviewed,
discarded,Collaborative Methods and Study Motivation in CS1-A Systematic Literature Study,"Lohiniva, Meija; Isomottonen, Ville",2025,ACM TRANSACTIONS ON COMPUTING EDUCATION,10.1145/3748663,https://www.webofscience.com/wos/woscc/full-record/WOS:001615773900004,adjacent-subtopic,"Context: Introductory programming courses often face high dropout and failure rates, a challenge widely addressed in computing education research. Collaborative methods, such as group work and pair programming, have been proposed as potential solutions, as they are believed to enhance students' study motivation. Objective: This article provides a comprehensive overview of current research on the use of collaborative methods in introductory programming courses and their influence on students' study motivation. The focus lies at the intersection of collaborative learning approaches and study motivation. In addition, the article identifies gaps in the existing literature, highlighting areas in need of further investigation. Method: This study combines a systematic mapping study with a systematic literature review. A search for relevant articles was conducted across eight digital libraries in October 2020 using search strings that incorporated the concepts of CS1, collaborative methods, and motivation. Of the 991 initially retrieved articles, 86 were selected for in-depth analysis. Extracted data included publication details, research type, collaborative methods used, supporting tools/environments, the role of motivation, theoretical frameworks, motivational scales, reflections on collaborative methods, and aspects of collaborative methods that influenced motivation. Results: The findings reveal several noteworthy trends. First, 84% of the studies did not reference a theoretical framework for motivation, and 83% did not use established tools to measure it. Reflections on collaborative methods were predominantly positive (81%), while only 6% expressed negative views. Increased motivation was the most frequently reported benefit of collaborative learning approaches in our corpus, in which each paper had to at least include the term motivation. Among the aspects of the collaborative setting reported to influence motivation, competition, collaboration, use of technology, and project work were mentioned in multiple studies. Conclusions: These results highlight the need for further research in several key areas. First, greater attention is required regarding the definition and measurement of motivation in this context, as indicated by the lack of theoretical frameworks and established measurement tools in most articles. Additionally, there is a need to develop a standardized taxonomy and clearer definitions for collaborative methods to facilitate more precise discussions and comparisons across studies. While the positive reflections on collaborative methods are encouraging, the limited number of negative reflections suggests a lack of attention to potential drawbacks or limitations. Finally, a research gap exists in understanding which specific aspects of the collaborative setting most significantly affect students' study motivation, underscoring the importance of continued exploration in this domain.",wos,llm,0.930,unreviewed,
discarded,A Systematic Literature Review on Predictive Cognitive Skills in Novice Programming,Jucelio S. Santos; Wilkerson L. Andrade; João Brunet; Monilly Ramos Araujo Melo,2022,2022 IEEE Frontiers in Education Conference (FIE),10.1109/FIE56618.2022.9962582,https://ieeexplore.ieee.org/document/9962582/,adjacent-subtopic,"This Research Full Paper presents a Systematic Literature Review (SLR) investigating predictive programming skills and strategies to foster and measure such skills. Predictive skills are specific skills that precede a milestone or the development of other more structured skills, in this case, skills that precede programming skills. Introductory Programming Courses (CS1) feature students with a wide range of skill levels. This difference causes educators to get lost when formulating their practices to teach such a diverse group. There is no clear vision about what previous skills professors should foster before a student enters a CS1, much less which strategies to foster/measure such skills. Due to this limitation, we present/plan an RSL following the guidelines proposed by Kitchenham (2004) to achieve these goals. Our main results are a) Predictive programming skills are problem-solving, abstract thinking, mathematical reasoning, and cognitive flexibility; b) Different researchers use different approaches to teach programming skills based on different educational theories, teaching frameworks, or educational approaches; c) Several studies use the Classical Test Theory as a way to measure predictive programming skills. However, some universities have adopted other theories for this practice, such as Item Response Theory.",ieee,llm,0.840,unreviewed,
discarded,Designing Animation Programs for Teaching and Learning Programming by Following Principles of Multimedia Learning,Tlou J Ramabu; Ian Sanders; Marthie Schoeman,2025,2025 IST-Africa Conference (IST-Africa),10.23919/IST-Africa67297.2025.11060516,https://ieeexplore.ieee.org/document/11060516/,adjacent-subtopic,"There are many animation programs for teaching and learning programming concepts. There is, however, a lack of rigorous guidelines or a concrete basis for developing such animation programs. As a result, the use of such animation programs in teaching and learning can be detrimental to learning. This is because random design of the animation programs can do more harm than good in the purpose they have been designed for. The objective of this paper is to address the limitations of existing animation programs and demonstrate a way of designing animation programs. The main aspects of the methodology are literature review and application of Mayer's 12 principles of multimedia learning when designing animation programs for teaching and learning to program. We have designed and tested such animation programs and found them effective in teaching and learning. However, the focus of this paper is on the design principles of such animation programs.",ieee,llm,0.800,unreviewed,
discarded,A systematic literature review on knowledge tracing in learning programming,Philip I.S. Lei; António José Mendes,2021,2021 IEEE Frontiers in Education Conference (FIE),10.1109/FIE49875.2021.9637323,https://ieeexplore.ieee.org/document/9637323/,adjacent-subtopic,"This Research Full Paper presents a systematic review on knowledge tracing of learning programming based on student performance data in exercises. Programming has become an essential skill to solve realworld problems in modern engineering disciplines. However, when students start to learn how to program, they face a lot of challenges in acquiring various programming knowledge and skills. While it is beneficial to customise learning material to fit individual learning progress, the widely different learning pace of students in an introductory programming course has made it impractical for teachers to track the knowledge acquisition of individual. Hence, many recent works take a data-driven approach to model students' learning progress based on the performance data in programming-related exercises, which include the submitted program codes and answers to closed-ended programming exercises. By analyzing these performance data, a system can evaluate the students' knowledge level of various concepts and skills in programming. This paper performs a systematic review and reports key information about recent works on programming knowledge tracing based on student performance data. An overview of the different choices of knowledge representation, domain knowledge model, performance measure and knowledge tracing algorithms is provided. The nature and granularity of knowledge components and the relationships between them are compared across the reviewed works. The different choice of programming knowledge representation leads to varied methods to assess knowledge levels from empirical performance data in programming-related exercises. Two broad categories of works are identified. The first is to overlay a student model on the domain knowledge model, and the student knowledge levels are updated in distinct time steps. The second trains temporal knowledge tracing models to predict students' future performance based on their performance in previous exercises. In addition, this review discusses the distinct challenges in knowledge tracing in programming education. It also points out limitations in current works and opportunities to improve knowledge tracing in learning programming.",ieee,llm,0.910,unreviewed,
discarded,Knowledge Transfer-Based Heterogeneous Distillation Network for Remaining Useful Life Prediction Under Cross-Working Conditions,"Qi, Jiehua; Wang, Haoran; Wang, Rui; Wu, Xinxiao; Hu, Hanhong; Chen, Bingcong",2026,MACHINE LEARNING AND KNOWLEDGE EXTRACTION,10.3390/make8080249,https://www.webofscience.com/wos/woscc/full-record/WOS:001859308500001,off-topic-false-hit,"Remaining useful life (RUL) estimation is a fundamental task in Prognostics and Health Management (PHM), supporting condition-based and predictive maintenance of engineering systems. Data-driven methods contribute to many effective strategies for RUL prediction. However, two problems need to be solved when they are used in industrial applications: (1) The amount of data under one working condition is limited, and data from different working conditions suffer from domain discrepancies. These methods are constrained by distribution differences in data under different working conditions. (2) There is an urgent need to quickly achieve prediction with much less computing resources. To address these issues, a lightweight RUL prediction method called a knowledge transfer-based heterogeneous distillation network is proposed by combining knowledge distillation and transfer learning. First, the adversarial training mechanism is introduced for the extraction of domain-invariant features. Subsequently, a heterogeneous knowledge distillation framework is further designed for remaining useful life prediction, in which a bi-directional long short-term memory model serves as the teacher network and a compact fully connected network acts as the student model. The teacher model is used to learn informative degradation patterns and guide the training of the lightweight student model through knowledge transfer. Results obtained on the N-CMAPSS dataset verify that the proposed method achieves promising effectiveness and strong generalizability, reducing the average RMSE and MAE by 44.83% and 41.30%, respectively.",wos,llm,1.000,unreviewed,
discarded,Relational Memory Reconsolidation: A New Lens on Change Mechanisms in EFT for Couples,"Ella, Avishai; Bar-Kalifa, Eran",2026,FAMILY PROCESS,10.1111/famp.70172,https://www.webofscience.com/wos/woscc/full-record/WOS:001857422300001,off-topic-false-hit,"This paper presents a new framework to account for change mechanisms in Emotion-Focused Therapy for Couples (EFT). Building on Lane et al.'s (2015) integrated memory model, the Relational Memory Reconsolidation model described here posits that EFT reshapes partners' relational memory structures through emotionally intense moments of expressed vulnerability and responsiveness. These vulnerability-responsiveness events allow partners to access and transform memories of past relational experiences (i.e., episodic memory) as well as associated beliefs about themselves and the relationship (i.e., semantic memory). This process of emotional activation and reconsolidation allows maladaptive interaction patterns, which are rigid and stressful, to evolve into more adaptive, emotionally responsive exchanges. These emotional moments activate and transform relational self-states that are responsive to interpersonal cues and can shape partners' self-concepts in a relational context. As therapy progresses and emotionally significant interactions are repeated, the coactivation of adaptive and maladaptive self-states updates neocortical memory traces, leading to changes in higher-order relational semantic structures (i.e., the relational self). These moments foster alignment in partners' perceptions of their shared reality, characterized by mutuality in feelings, practices, memories, goals, and identity. Clinically, the framework highlights the need to elicit one partner's core vulnerable emotions and, within the reconsolidation window, disconfirm related expectations (e.g., rejection) through the other partner's empathic and supportive response. This process may transform key components of partners' relational memory, including relational episodic memories, semantic structures, and procedural emotional responses.",wos,llm,1.000,unreviewed,
discarded,RAR: Remapping Algorithm of Racetrack Memory Based Main-Memory for Parallelism Improvement,"Li, Xinghao; Pan, Muyun; Gu, Shouzhen; Sun, Jin; Sha, Edwin; Zhuge, Qingfeng",2025,"2025 IEEE INTERNATIONAL SYMPOSIUM ON PARALLEL AND DISTRIBUTED PROCESSING WITH APPLICATIONS, ISPA",10.1109/ISPA67752.2025.00043,https://www.webofscience.com/wos/woscc/full-record/WOS:001819133600034,off-topic-false-hit,"Racetrack Memory (RTM), as a promising next-generation memory technology, offers high storage density and low access latency. It is a potential alternative to DRAM in main-memory applications. However, the data access pattern of RTM differs from traditional memory. Its ""shift before access"" characteristic presents challenges for efficient memory management and rapid data access. This article proposes a novel address remapping algorithm for RTM to improve data access efficiency in these contexts. By analyzing memory access locality and computing weights based on trace patterns, our method distributes data across multiple banks to reduce access contention caused by sequential access within a single bank. In addition, we introduce a workload balancing mechanism to achieve wear leveling, which further optimizes overall parallelism and reduces performance bottlenecks in the RTM storage system. We evaluate the proposed algorithm on 15 real-world SPEC2006 benchmarks, which demonstrates that address remapping reduces the number of shifts by 10.9% and the total bank energy by 10.1%. Furthermore, our strategy leads to a 10.2% reduction in the average latency of single trace. These results highlight the potential of RTM in main-memory applications where low energy consumption and high throughput are crucial. Additionally, they illustrate the effectiveness of our approach in optimizing RTM performance for real-world, latency-sensitive workloads.",wos,llm,1.000,unreviewed,
kept,Learning Support System Visualizing Behavior of Student Program in Object Oriented Language Based on Teacher's Intent of Instruction,"Yamashita, Koichi; Kobayashi, Kenzo; Kokubo, Takuma; Kogure, Satoru; Noguchi, Yasuhiro; Yamamoto, Raiya; Konishi, Tatsuhiro; Itoh, Yukihiro",2025,"33RD INTERNATIONAL CONFERENCE ON COMPUTERS IN EDUCATION CONFERENCE PROCEEDINGS, ICCE 2025, VOL I",,https://www.webofscience.com/wos/woscc/full-record/WOS:001815114100075,adjacent-subtopic,"This study describes a learning support system developed by extending a system that visualizes program behavior based on teachers' intent of instruction. The extended system supports functions to visualize concepts specific to object-oriented languages and the behavior of learners' program code. Our system was evaluated based on subjective evaluations by learners in practical classes where it was introduced and implemented, and test results from an evaluation experiment conducted with recruited participants. The evaluation results suggested that although the system's impact was not uniform across all learners, it proved highly effective for students with insufficient understanding of the programs.",wos,llm,0.820,unreviewed,
discarded,ArmWeak Memory Consistency on Apple Silicon: What Is It Good For?,"Khayet, Yossi; Morrison, Adam",2026,"PROCEEDINGS OF THE 31ST ACM INTERNATIONAL CONFERENCE ON ARCHITECTURAL SUPPORT FOR PROGRAMMING LANGUAGES AND OPERATING SYSTEMS, VOL 2, ASPLOS 2026",10.1145/3779212.3790129,https://www.webofscience.com/wos/woscc/full-record/WOS:001796931700014,off-topic-false-hit,"Weak memory models such as the Arm model are perceived as enabling higher performance than strong models such as TSO. We critically test this perception on Apple silicon CPUs, whose runtime-configurable TSO mode enables a direct comparison with native Arm mode. We find that Apple silicon TSO mode preserves Arm weak-memory optimizations, typically yielding execution times within 3% of Arm mode across modern applications and classic benchmarks. Although some applications experience higher TSO slowdowns, we trace these to artifacts of Apple's TSO implementation rather than inherent TSO ordering constraints. Our results challenge the perception that the Arm memory model offers a significant performance advantage over TSO in Apple silicon.",wos,llm,1.000,unreviewed,
