status,title,authors,year,venue,doi,url,tags,abstract,provider,decision_source,llm_confidence,llm_review_outcome,llm_change_direction
discarded,Developing Middle School Students' Computational Thinking Skills Using Unplugged Computing Activities,"Delal, Havva; Oner, Diler",2020,INFORMATICS IN EDUCATION,10.15388/infedu.2020.01,https://www.webofscience.com/wos/woscc/full-record/WOS:000522389100001,adjacent-subtopic,"This study investigated the role of using unplugged computing activities on developing computational thinking (CT) skills of 6th-grade students. The unplugged computing classroom activities were based on the Bebras challenge, an international contest that aims to promote CT and informatics among school students of all ages. Participants of the study were fifty-three 6th-grade students from two public middle schools in Istanbul. The unplugged computing activities involved the tasks with three different difficulty levels covering the CT processes found to be common in CT definitions in the literature. To evaluate students' CT skills, two equivalent tests were constructed from Bebras tasks considering the same parameters (difficulty levels and CT processes). The results showed that students' post-test scores were significantly higher than their pre-test scores. There were not any significant differences between students' scores in terms of gender, and there was no interaction effect between students' CT scores and their gender.",wos,llm,0.800,unreviewed,
kept,Modifying games with ChoiCo: Integrated affordances and engineered bugs for computational thinking,"Kynigos, Chronis; Grizioti, Marianthi",2020,BRITISH JOURNAL OF EDUCATIONAL TECHNOLOGY,10.1111/bjet.12898,https://www.webofscience.com/wos/woscc/full-record/WOS:000508122500001,qualifies-claim,"Although there is wide rhetoric that programming should be learnt by all as an element of computational thinking (CT), in practice, it is mostly implemented narrowly as an end in itself consisting of routine practice and traditional testing of the ability to code. This paper discusses a way in which programming could be seen through a wider integrated pedagogical approach as jointly cultivating meaning making of computational concepts in conjunction with the adoption of practices and strategies in a relevant meaningful context for learners. We elaborate on a case of learning to code through digital game modding where programming and other computational concepts coexist. Our design frame includes the principles of black and white box designs, of students as de-buggers of engineered half-baked games and of games embedding both concepts and values in simulations involving wider contested complex issues. We use our analysis of the meaning making of students as they debug a choice-driven simulation game specially designed to bring this integrated kind of learning to the fore. We show elements of context-aware integrated CT connecting otherwise fragmented areas such as databases, block-based programming, Geographical Information Systems design.",wos,llm,0.870,unreviewed,
kept,Computational Thinking. New challenges for 21st century education,"Coronel Diaz, Eduardo; Lima Silvain, Graciela",2020,VIRTUALIDAD EDUCACION Y CIENCIA,,https://www.webofscience.com/wos/woscc/full-record/WOS:000507226800008,supports-claim,"The Fourth Industrial Revolution has triggered an unprecedented lifestyle and thinking. Consequently, and to challenge this stage, people require new skills and competencies associated with the so-called Computational Thinking (CT). This article considers the incidence of Piaget's constructivist theory and Paper's contributions as background to the proposal developed by Jeannette Wing on the (CT). It also reflects aspects related to CT, as an emerging concept whose definition shows lack of consensus. The CT related skills required in this century are also analyzed, as well as pedagogical approaches that demand changes related to the curriculum. Also, the training and teaching practice are analyzed in order to optimize the opportunities offered by technologies in the educational field. Finally, spaces and advances on the topic proposed in England, Spain, USA, Costa Rica, Ecuador and Argentina are described.",wos,llm,0.820,unreviewed,
kept,"Educational Practices in Computational Thinking: Assessment, Pedagogical Aspects, Limits, and Possibilities: A Systematic Mapping Study","Martins-Pacheco, Lucia Helena; Alves, Nathalia da Cruz; von Wangenheim, Christiane Gresse",2020,"COMPUTER SUPPORTED EDUCATION, CSEDU 2019",10.1007/978-3-030-58459-7_21,https://www.webofscience.com/wos/woscc/full-record/WOS:001424803900021,supports-claim,"Computational thinking (CT) concept is still ill-defined despite being used in several studies and educational practices in the K-12 educational context. Many educational aspects associated with CT teaching require the understanding of learning approaches. Aiming to advance in CT comprehension we performed a second systematic mapping study aggregating new data to our previous study [71], adding 35 new articles to the discussion. Our main research question is ""Which approaches exist for the assessment of computational thinking (CT) in the context of K-12 education?"" Our findings indicate that 77% of the publications are from between 2016 and July 2019. Description of one CT implementation approach is common to 75% of the publications and most of them are ""CT across the curriculum"". The most used tool is Scratch. Constructivism and constructionism are the most common pedagogical foundation. CT concepts that are more assessed are ""algorithm"", ""abstraction"" and ""decomposition"". ""Pre or post-test/survey/questionnaire"" are more usual assessment instruments. Test or questionnaire, where each item is scored, are the most usual method to weight assessments. We found just one study with strong psychometric rigor and other four have the potential for that. However, despite the amount of literature on the topic, it is still difficult to assess CT due to the lack of consensus about its definition, and consequently of a reliable construct. Also, pedagogical and psychological issues related to children development have to be deepened. Then research in this area must continue to allow advances in K12 CT educational context.",wos,llm,0.960,unreviewed,
kept,Assessing the Agreement in the Bebras Tasks Categorisation,"Ternik, Zan; Todorovski, Ljupco; Serbec, Irena Nancovska",2020,"INFORMATICS IN SCHOOLS: ENGAGING LEARNERS IN COMPUTATIONAL THINKING, ISSEP 2020",10.1007/978-3-030-63212-0_3,https://www.webofscience.com/wos/woscc/full-record/WOS:000777626400003,qualifies-claim,"The participants of the Bebras competitions solve tasks that involve informatics concepts and require computational thinking (CT) skills for general problem solving. The recent popularity of Bebras is closely related to the increasing interest in development of the CT skills among the school students of all ages. Despite the increase in interest, we still lack a consensual, unambiguous definition and/or categorization of CT skills. In this paper, we provide an empirical evidence for the ambiguity of the current categorization of CT skills by assessing the agreement among experts when annotating five tasks of the Slovene Bebras competition in 2019. The empirical data include the annotations of the selected tasks by six experts, where each of them was required to annotate a given task with one to three categories of CT skills required to solve it. The categorization of the CT skills used in the experiment include the five categories of the well-known categorization Dagiene, Sentance and Stupuriene: algorithmic thinking, decomposition, generalization, evaluation and abstract thinking. To narrow down the broad scope of the first category of algorithmic thinking, we introduced a new, sixth category of modelling and simulation. Despite this specialization of the categorization scheme, the measurement of the Fleiss' Kappa statistics on the empirical data, shows a weak agreement among the experts, especially for the general category of abstract thinking. This result confirms the lack of consensus among experts about the delineation between different categories of CT skills. A possible explanation of this results is that reaching a consensus about the definition and categorization of the CT skills within the heterogeneous group of experts involving teachers, programmers and computer scientists, is a challenging task. The result also calls for further effort in reaching such a consensus that would lead to deeper understanding and better teaching of the CT skills.",wos,llm,0.960,unreviewed,
discarded,"Educational Robotics: Platforms, Competitions and Expected Learning Outcomes","Evripidou, Salomi; Georgiou, Kyriakoula; Doitsidis, Lefteris; Amanatiadis, Angelos A.; Zinonos, Zinon; Chatzichristofis, Savvas A.",2020,IEEE ACCESS,10.1109/ACCESS.2020.3042555,https://www.webofscience.com/wos/woscc/full-record/WOS:000600315800001,adjacent-subtopic,"Motivated by the recent explosion of interest around Educational Robotics (ER), this paper attempts to re-approach this area by suggesting new ways of thinking and exploring the related concepts. The contribution of the paper is fourfold. First, future readers can use this paper as a reference point for exploring the expected learning outcomes of educational robotics. From an exhaustive list of potential learning gains, we propose a set of six learning outcomes that can offer a starting point for a viable model for the design of robotic activities. Second, the paper aims to serve as a survey for the most recent ER platforms. Driven by the growing number of available robotics platforms, we have gathered the most recent ER kits. We also propose a new way to categorize the platforms, free from their manufacturers' vague age boundaries. The proposed categories, including No Code, Basic Code, and Advanced Code, are derived from the prior knowledge and the programming skills that a student needs to use them efficiently. Third, as the number of ER competitions, and tournaments increases in parallel with ER platforms' increase, the paper presents and analyses the most popular robotic events. Robotics competitions encourage participants to develop and showcase their skills while promoting specific learning outcomes. The paper aims to provide an overview of those structures and discuss their efficacy. Finally, the paper explores the educational aspects of the presented ER competitions and their correlation with the six proposed learning outcomes. This raises the question of which primary features compose a competition and achieve its' pedagogical goals. This paper is the first study that correlates potential learning gains with ER competitions to the best of our knowledge.",wos,llm,0.940,unreviewed,
discarded,Creativity in Solving Short Tasks for Learning Computational Thinking,"Dagiene, Valentina; Futschek, Gerald; Stupuriene, Gabriele",2019,CONSTRUCTIVIST FOUNDATIONS,,https://www.webofscience.com/wos/woscc/full-record/WOS:000475485900038,adjacent-subtopic,"Context. The increasing and evolving presence of technology in the lives of children is reflected in the recognition in many educational frameworks that students should possess and be able to demonstrate computational thinking skills as part of their problem-solving practice. Problem. We discuss the process of creating tasks for the so-called Bebras challenge, a contest on informatics (computing) and computational thinking addressing school students of all ages. These tasks have a short problem statement and should be solvable in a few minutes. The challenge explored is how to formulate and structure such tasks so that there is still enough space for creativity in the solution process and how to organize the learning settings so that constructionist learning is supported. Method. We give an experience report about the creation and use of short tasks for learning computational thinking. We argue that the constructionist perspective involving the use of the Bebras-like tasks on computational thinking offers an appropriate frame for enriching learning activities, fostering collaborative and individual creativity. A process-oriented approach was selected for the research done in a study where we observed children's activities in solving the short tasks on computational thinking. > Results . Our analysis of the creativity, as exemplified in several observations of pupils while solving shorttasks that involve computing concepts (the Bebras cards), shows that this kind of microlearning serves well to motivate pupils to be more interested in particular computing topics. The concept of the short tasks meets the usual way of teaching in primary education. Pupils and teachers develop a positive attitude to computing related topics. The analysis shows that the short tasks encourage pupils' creativity in both solving and modifying them. Constructivist content. Our more general aim is to support computing education, especially constructivist learning environments (both technology-based environments and those without technologies) in primary education.",wos,llm,0.740,unreviewed,
discarded,Teachers' Experiences in Implementing the Next Generation Science Standard Science Engineering Practice,"Prihati, Fitriana; Sukarmin, Sukarmin; Suryana, Risa",2018,PROCEEDINGS OF THE 3RD ASIAN EDUCATION SYMPOSIUM (AES 2018),,https://www.webofscience.com/wos/woscc/full-record/WOS:000471321300024,off-topic-false-hit,"The Next Generation Science Standard (NGSS) is designed to shift how teaching framework from teaching facts to construct explanations from the phenomena. In particular, the science and engineering practices (SEPs) interrelate and represent the ""knowledge and reasoning skill"" necessary for students to build a rich network of connected ideas that serve as a conceptual tool for explaining phenomena, solving problems, and making decisions. However, knowledge and reasoning skills are less implemented during teaching process. Therefore, the aim of this research was to identify the profile of teacher experiences in implementing the NGSS SEPs in their learning process. This research was conducted by a descriptive research method. The number of participants involved in this research is 21 taken by random sampling technique. The data of teacher instructional practice was collected using teacher questionnaire concerned teacher instructional practice. The survey tool consists of 24 questions covering the following six areas of instructional practices with four of these are linking to the NGSS SEPs. The result revealed the lowest score was collecting data and analyze which is linked to NGSS SEPs 3-5 (planning and carrying out investigation, analyzing and interpreting data, and using mathematic and computational thinking), closely followed by instigating and investigating which is linked to NGSS SEPs 1 and 3 (asking question and defining problem, and planning and carrying out investigation. Modeling which is linked to NGSS SEPs 2 (developing and using model) and critique, explanation, and argumentation which is linked to NGSS SEPs 6-7 (constructing explanations and designing solutions, and engaging argument from evidence) have the same score in the higher level. Traditional instruction's score was relatively high and the highest score was prior knowledge. The result showed that teacher's experiences in learning process are dominated by traditional instruction and using student's prior knowledge. The teacher's experiences in implementing the NGSS SEPs is still rare. In order to help engaging students in the NGSS SEPs, instructional practices based on the NGSS SEPs need to be more implemented.",wos,llm,0.990,unreviewed,
discarded,"Computational Making, Binary Gender and LEGO","Rode, Jennifer A.; Cucuiat, Veronica",2018,PROCEEDINGS OF THE 4TH CONFERENCE ON GENDER & IT (GENDERIT '18),10.1145/3196839.3196854,https://www.webofscience.com/wos/woscc/full-record/WOS:000461439200006,adjacent-subtopic,"This paper presents an analytical case study using the ""Computational Making"" framework to critique three LEGO sets. These sets were marketed towards girls and focus on making. Our contribution is showing computational making can be used to investigate domains outside e-textiles. Further, we show these LEGO sets have the potential to teach computational making skills despite their feminine gender identity construction.",wos,llm,0.900,unreviewed,
discarded,"COMPUTATIONAL THINKING, PROGRAMMING AND ROBOTICS IN BASIC EDUCATION: EVALUATION OF AN IN-SERVICE TEACHER'S TRAINING B-LEARNING EXPERIENCE","Amante, Lucia; de Souza, Elizabeth Batista; Quintas-Mendes, Antonio; Monteiro, A. F.; Miranda-Pinto, M.; Osorio, A.; Araujo, C. L.",2019,"12TH INTERNATIONAL CONFERENCE OF EDUCATION, RESEARCH AND INNOVATION (ICERI2019)",,https://www.webofscience.com/wos/woscc/full-record/WOS:000530212400108,adjacent-subtopic,"This paper presents a training program for teachers and the procedures for its evaluation in the domain of computational thinking, programming and robotics in basic education. This training was conducted within the scope of Project KML II - Laboratory of programming and robotics technologies and learning for preschool and primary school (1st CEB) and is expected to contribute for two of the project's main outcomes: conceive a training plan to include in the higher education of educators and teachers of the 1st ECB and the creation of a MOOC for initial and continuous training of these professionals. The training, with 50 hours of total workload, was developed in a blended learning format, including face-to-face and online sessions (25 hours each). The online sessions were organized into synchronous and asynchronous activities, including autonomous working moments, to perform individual activities. The theoretical references that support this work have their origins in the studies on distance education (EaD), namely in the developments provided by the designated 3rd generation of EaD in which computer-mediated communication has allowed the emergence of new pedagogical scenarios giving rise to new training modalities either fully online or in blended learning format. The training evaluation questionnaire aims to explore the key points that determined the organization of the course and aims to evaluate the level of satisfaction and the opinion of the trainees about the different components of the training, as well as gather information that may contribute to the design of new course in a MOOC format. The questionnaire was designed considering the following dimensions: characterization of respondents and previous experience, satisfaction with training, perception of the learning and involvement in training, perception of the practical application of training, criticism and suggestions for improvement. The questionnaire, in the context of this research, will be an essential source of information for the team's decision-making on the appropriate format for the MOOC to be developed in the future and which constitutes one of the project's final objectives with a view to broadening the access of teachers in Portugal to knowledge on the subject under study.",wos,llm,0.880,unreviewed,
discarded,A Platform for the Italian Bebras,"Bellettini, Carlo; Carimati, Fabrizio; Lonati, Violetta; Macoratti, Riccardo; Malchiodi, Dario; Monga, Mattia; Morpurgo, Anna",2019,CSEDU: PROCEEDINGS OF THE 10TH INTERNATIONAL CONFERENCE ON COMPUTER SUPPORTED EDUCATION - VOL 1,10.5220/0006775103500357,https://www.webofscience.com/wos/woscc/full-record/WOS:000775763200042,adjacent-subtopic,"The Bebras International Challenge on Informatics and Computational Thinking is a contest open to pupils of all school levels (from primary up to upper secondary) based on tasks rooted on core informatics concepts, yet independent of specific previous knowledge such as for instance that acquired during curricular activities. This paper describes the design choices, the architecture, and the main features of the web-based platform used to carry out the Italian Bebras contest. This platform includes functionalities needed by students, teachers, and Bebras staff during the execution of the challenge, tools to support the preparation of tasks and the training of students, instruments to evaluate the results and analyse data collected during the challenge. The platform is online since 2015 and it has managed the participation of around 25,000 teams and a significant amount of training sessions.",wos,llm,0.980,unreviewed,
