status,title,authors,year,venue,doi,url,tags,abstract,provider,decision_source,llm_confidence,llm_review_outcome,llm_change_direction
discarded,Computational Thinking in Asia-Pacific K-12 STEAM Education: A Systematic Review,Qian Tan; Sdenka Zobeida Salas-Pilco,2024,2024 International Conference on Intelligent Education and Intelligent Research (IEIR),10.1109/IEIR62538.2024.10959898,https://ieeexplore.ieee.org/document/10959898/,adjacent-subtopic,"The interest in STEAM (Science, Technology, Engineering, Arts, and Mathematics) education has been growing around the world, which allows the integration of diverse disciplines. Also, computational thinking (CT) is considered as part of the essential skills needed in the 21st century. This review aims to investigate the current state of K-12 STEAM education to develop CT skills, in the context of the Asia-Pacific region and provide examples of best practices. A total of 25 articles met the inclusion criteria for the review, they were published from 2019 to 2023, and employed learning activities developed at preschool, primary and secondary levels. It is also discussed the current benefits and challenges of integrating CT into STEAM education, and it is provided recommendations for practitioners, teachers, and policymakers.",ieee,llm,0.900,unreviewed,
kept,Assessment Methods and Interventions to Develop Computational Thinking — A Literature Review,V.V. Vinu Varghese; V.G. Renumol,2021,2021 International Conference on Innovative Trends in Information Technology (ICITIIT),10.1109/ICITIIT51526.2021.9399606,https://ieeexplore.ieee.org/document/9399606/,supports-claim,"Computational Thinking (CT) allows us to solve complex problems by expressing it in a way that computers, humans, or both, can understand. CT is closely related to problem solving and critical thinking, which are actively used in STEM education. Research on CT has gained steady momentum recently, and many of the institutions around the world have adopted CT into their curriculum. This paper presents a literature review conducted to identify the interventions used to develop CT skills and the methods used to assess CT skills. The review explored various publications on CT and identified that curriculum-based interventions and workshops are the primary interventions used for introducing CT in the educational sector. During the analysis, we have also identified a handful of assessment tools used for measuring CT skills, but they are not standardized assessment tools. Hence, we plan to analyze the existing assessment methods and propose a new sophisticated tool for evaluating CT skills as our future work.",ieee,llm,0.890,unreviewed,
kept,Game-Based Assessment for Computational Thinking: A Systematic Review,Qi Luo; Shuhan Zhang,2024,2024 IEEE Integrated STEM Education Conference (ISEC),10.1109/ISEC61299.2024.10664854,https://ieeexplore.ieee.org/document/10664854/,supports-claim,"Computational thinking (CT) has become an indispensable skill in the 21st century and has permeated into K-12 education at all levels. The evaluation of CT has become a crucial concern for educators and researchers. Currently., while extensive research has investigated the assessment of students' CT conceptual understanding., the measurement of their thinking processes is less involved. The game-based assessment appears to address this issue by analyzing students' behaviors and reactions during the gameplay process., which has become an emerging assessment tool in CT education. This drives the need for a comprehensive overview of this field. To fill this gap., this study aims to conduct a systematic literature review on the assessment of CT through games. It explores CT skills assessed through games., focusing on target groups, game forms., and benefits. A total of fifteen studies were examined. Findings indicate that algorithmic thinking, problem decomposition, pattern recognition., and abstraction were commonly assessed in games. Different ways for assessing CT skills in games were identified, involving progression level, log data, and manual coding. The benefits of CT game-based assessments were broadly reported, such as enjoyable experiences for students, instant feedback, easy administration for teachers and researchers, and richer information on students' cognitive processes. However, limited has been done in exploring the use of digital games for younger age groups, and the psychometric qualities of the tools were hardly reported in the reviewed studies. The study sheds light on the research and teaching practices in using games and interactive assessment platforms in CT education.",ieee,llm,0.900,unreviewed,
discarded,Computational Thinking and Block-Based Programming for Beginning Engineering Students: Systematic Review of the Literature,Ronald Paucar Curasma; Klinge Orlando Villalba-Condori; Nolan Jara Jara; Rosa Quispe Llamoca; Julio Cesar Cabrera Chávez; María Del Pilar Ponce-Aranibar,2021,2021 XVI Latin American Conference on Learning Technologies (LACLO),10.1109/LACLO54177.2021.00096,https://ieeexplore.ieee.org/document/9725163/,adjacent-subtopic,"In the article, the authors conduct a systematic review of computational thinking in higher education. For this review, the following research topics were taken into account: computational thinking skills in higher education, programming teaching methods in beginning engineering students, and block-based programming tools in higher education.",ieee,llm,0.860,unreviewed,
discarded,A Systematic Literature Review in Robotics Experiential Learning With Computational and Adversarial Thinking,Noridayu Adnan; Siti Norul Huda Sheikh Abdullah; Raja Jamilah Raja Yusof; Noor Faridatul Ainun Zainal; Faizan Qamar; Elaheh Yadegaridehkordi,2023,IEEE Access,10.1109/ACCESS.2023.3249761,https://ieeexplore.ieee.org/document/10054368/,adjacent-subtopic,"The rise of the Industrial Revolution 4.0 and the increasing reliance on the digital economy drive the need for a new set of skills, especially in robotics learning, that includes computational thinking (CT) and adversarial thinking (AT) for the young generation. The need for CT-related skills includes various fields, such as robotics, engineering, computer science, mathematics, music, arts, and humanities. Therefore, adopting robotic learning with CT and AT can enhance learning skills over the conventional learning model. This paper presents a systematic literature review on CT and AT practices in robotics learning to improve educational methods. This study conducts a systematic literature review from four databases: ACM, Scopus, IEEE Xplore, and ScienceDirect. Sixty-five studies in robotics learning to increase CT and AT skills were analyzed by applying the inclusion and exclusion criteria. The study’s findings show that CT and AT are significant in training students to engage in robotics learning activities. These considerations will lead to strengthening their skill and critical thinking. The study also suggests that integrating these skills can prepare teachers for critical thinking and boost student learning. The findings suggest that CT and AT can directly adopt digital adversarial learning skills to improve overall robotics learning activities. For future studies, the difference in learning ages related to robotics activities with CT and AT applications can be studied to deeply comprehend the effectiveness of CT and AT applications.",ieee,llm,0.830,unreviewed,
discarded,Educational robotics to enhance knowledge and skills in higher education: A systematic review,Carlos Boya-Lara; Daniela Diaz-Solano; Aaron Fehrenbach,2023,"2023 VI Congreso Internacional en Inteligencia Ambiental, Ingeniería de Software y Salud Electrónica y Móvil (AmITIC)",10.1109/AmITIC60194.2023.10366359,https://ieeexplore.ieee.org/document/10366359/,adjacent-subtopic,"Because of its ability to prepare students for the 21st century world of work, educational robotics (RE) has assumed a prominent role in education. Following the methodology provided by Kitchenham, we conducted a systematic literature review (SLR) to provide a comprehensive overview of studies, research, and practices related to robotics education in higher education. The study focuses on identifying the most commonly used RE hardware-based platforms in academic research publications, the type of knowledge intended to be imparted, and the skills or competencies reinforced by the platforms. Within the findings we can underline that there is no exclusive platform, but rather commercial ones are used, made by the researchers themselves, and even adapted from robots that were not designed for instructional purposes. Moreover, the subjects intended to be taught were all related to Science, Technology, Engineering and Mathematics (STEM) and oriented to electrical engineering, electronics, robotics, and computer science professions. On the other hand, the skills that improved the most were computational thinking, cooperation and sophisticated problem solving, which are essential for 21st century job descriptions.",ieee,llm,0.980,unreviewed,
kept,Examining theoretical and pedagogical foundations of computational thinking in the context of higher education,Friday Joseph Agbo; Samuel T. Yigzaw; Ismaila Temitayo Sanusi; Solomon Sunday Oyelere; Alem Habte Mare,2021,2021 IEEE Frontiers in Education Conference (FIE),10.1109/FIE49875.2021.9637405,https://ieeexplore.ieee.org/document/9637405/,supports-claim,"This research paper examined theories, pedagogics, and contents explored by studies focusing on promoting computational thinking (CT) in higher education institutions (HEIs). CT has become a fundamental approach to building problem-solving skills, which requires a thought process. The field of CT is generally still maturing, and the use of CT as an approach to introduce freshmen to introductory programming courses in HEIs has been gaining scholars' interest in the recent past. To appreciate the strategies explored to promote teaching and learning of CT in HEIs; evaluate scholarly discussions, contributions, and potential impact of studies in this field, there is a need to ground the theoretical constructs that build the foundation for the field. A literature review methodology was adopted in this study. The data collected from the Web of Science, the Scopus, ACM, and ProQuest databases were analyzed to provide answers to the research questions. The findings from this study suggest that constructionism and constructivism are the prevailing learning theories explored by scholars in this field to deploy CT in HEI. Additionally, the study revealed that activity-based learning, problem-based learning, automatic assessment-based learning, and self-regulated or self-reflective learning are the prominent pedagogies used by educators. These findings provided a strong foundation for research in this growing field. Besides, the findings also create an opportunity for positioning CT in HEI's educational curriculum regarding how CT should be taught in that context.",ieee,llm,0.840,unreviewed,
kept,Computational Thinking Growth During a First-Year Engineering Course,Noemi V. Mendoza Diaz; Russ Meier; Deborah A. Trytten; So Yoon Yoon,2020,2020 IEEE Frontiers in Education Conference (FIE),10.1109/FIE44824.2020.9274250,https://ieeexplore.ieee.org/document/9274250/,supports-claim,"This full research-track paper demonstrates growth in computational thinking in a cohort of engineering students completing their first course in engineering at a large Southwestern university in the United States. Computational thinking has been acknowledged as a key aspect of engineering education and an intrinsic part of multiple ABET outcomes. However, computing is an area where some students have more privileges (e.g. access and exposure to meaningful use of computers) than others. Integrating computing into engineering, especially early in the curriculum, may exacerbate existing experiential disadvantages students from excluded social identities experience. Most introductory engineering programs have a component of programming and/or computational thinking. A comprehensive literature review showed that no existing computational thinking framework fully met the needs of students and professors in engineering and computer science. As a result, this team created the Engineering Computational Thinking Diagnostic (ECTD). This diagnostic was assessed and improved during the 2019-2020 academic year. Data was collected from a cohort in a first-year engineering course that included topics in mathematics, engineering problem solving, and computation. Pre- and post-test data analysis with 62 participants documents statistically significant student growth in computational thinking in this course. Significant differences were not found by gender or a limited racially-based analysis. This diagnostic is of interest and relevance to all institutions providing engineering and computing programs. The short-term impact of this research includes an innovative approach to gauge student abilities in computational thinking early in a course in order to add appropriate intervention activities into lesson plans. The long-term impact is the creation of a measurement of student learning of computational thinking in engineering for courses and programs that wish to develop this important skill in their students.",ieee,llm,0.920,unreviewed,
kept,Teaching Computational Thinking in initial series An analysis of the confluence among mathematics and Computer Sciences in elementary education and its implications for higher education,Thiago Schumacher Barcelos; Ismar Frango Silveira,2012,2012 XXXVIII Conferencia Latinoamericana En Informatica (CLEI),10.1109/CLEI.2012.6427135,https://ieeexplore.ieee.org/document/6427135/,supports-claim,"The pervasiveness of computer devices in everyday situations poses a fundamental question about Computer Sciences as being part of those known as basic sciences. However, it would be more beneficial not to consider computation only as a technique, but instead as a way of reasoning and problem solving. Under this perspective, there are inherent relationships among the knowledge, skills and attitudes that emanate from this field and those ones commonly related to Math. This paper discusses the relationship between the so-named Computational Thinking and the foundations of Math Education, based on a literature review. Three groups of skills that can be jointly developed by both areas are identified and some challenges and implications for education in Computer Sciences are discussed.",ieee,llm,0.790,unreviewed,
discarded,Innovative Approaches in Education: A Systematic Literature Review on Computer-Supported Collaborative Activities and Digital Inclusion for Youth and Adult Education,Flávio Lopes da Silva; Anarosa Alves Franco Brandão,2024,2024 IEEE Frontiers in Education Conference (FIE),10.1109/FIE61694.2024.10893287,https://ieeexplore.ieee.org/document/10893287/,off-topic-false-hit,"This research full paper presents a systematic review exploring methods and pedagogical strategies utilized for digitally including adult education students through computer-assisted collaborative activities. Youth and adult education faces significant disparities along the globe, with low enrollment rates in many countries as highlighted in the UNESCO's $5^{th}$ Global Report. Whenever we consider the $4^{th}$ United Nations' Sustainable Development Goal for 2030, education aims for inclusion and lifelong learning opportunities. With the aim of investigating the literature about existing computer-assisted collaborative methods and strategies for digital inclusion of youth and adults, we conduct a systematic literature review on the theme. Findings reveal a scarcity of works tailored to adult education, especially in developing nations, even with the inclusion of Brazilian and South African knowledge repositories to broaden the scope. Collaboration emerges as a prevalent strategy, often alongside other methodologies. Notably, mobile devices are widely utilized due to their accessibility, and social networks and virtual learning environments play significant roles. However, the integration of computational thinking and artificial intelligence for digital inclusion is still in its infancy. Overall, digitally including adult learners is crucial for fostering inclusive education and enhancing opportunities for marginalized populations.",ieee,llm,0.990,unreviewed,
kept,Exploring the Interplay of Computational Thinking and Mathematics in Early Childhood Education: A Systematic Review,Ying Zhang; Gary K.W. Wong,2024,2024 IEEE Global Engineering Education Conference (EDUCON),10.1109/EDUCON60312.2024.10578653,https://ieeexplore.ieee.org/document/10578653/,supports-claim,"In recent years, educational research has emphasized the significance of computational thinking (CT) and mathematics knowledge acquisition for students' learning in engineering subjects. Pre-college education plays a crucial role in preparing students for future engineering learning. While the relationship between CT and mathematics has been extensively studied at the K-12 level, limited attention has been given to early childhood education (ECE) contexts. Our research aims to investigate the potential development of early CT through mathematics learning in a potentially reciprocal manner using developmentally appropriate educational tools and instructional approaches. To commence this exploration, our primary focus is to conduct a systematic review of existing empirical studies, synthesizing evidence to illuminate the interaction between CT and mathematics during early childhood. Using the seven powerful ideas from early CT proposed by Bers as the theoretical framework, our initial findings indicate that algorithms, hardware/software, and representation are the most studied CT competencies intersecting with early mathematics skills, including numerical and spatial knowledge, measurements, basic algebraical thinking, and data processing. The complex relationship between early CT and mathematics, in general, is also discussed. Overall, the findings of this study suggest that existing mathematics education in early childhood may foster the development of CT in young children. Although this study is preliminary, it serves as a valuable foundation for future research endeavors in uncovering the interdisciplinary nature of early CT within mathematics-integrated learning contexts, thus contributing to the advancement of this field.",ieee,llm,0.900,unreviewed,
discarded,Design an Assessment for an Introductory Computer Science Course: A Systematic Literature Review,Qingwan Cheng; Angela Tao; Huangliang Chen; Maira Marques Samary,2022,2022 IEEE Frontiers in Education Conference (FIE),10.1109/FIE56618.2022.9962584,https://ieeexplore.ieee.org/document/9962584/,adjacent-subtopic,"This Research Full Paper presents a literature review on introductory CS assessments. As Computer Science (CS) becomes increasingly popular in the world of big data, more college students are taking introductory CS courses to follow the trend. However, students have different levels of exposure to CS when they start CS in college, varying from no experience to years of coding experience. This disparity in the amount of exposure can pose many problems. In the same intro-level class, some students may think they do not learn anything new, while others believe the professor goes through concepts so fast that they cannot follow the pace. CS professors may also feel confused about how to control the pace and content of introductory courses. Therefore, CS departments need an assessment to measure students’ CS knowledge and then assign them to the appropriate CS introductory courses. Though a vast number of research papers discuss CS introductory courses, few of them focus on developing and validating assessments that evaluate students’ background knowledge (i.e., concept inventory). This paper aims to conduct a systematic literature review to gain an overview of the most important introductory CS contents that need to be assessed, the methods to evaluate students’ understanding of introductory CS concepts, and some existing assessments/concept inventories. By reviewing relevant papers over the last 15 years, we selected 48 papers that are related to assessments and corresponding introductory courses. We collected assessment information and made tables of contents, question types, programming languages, and origins to analyze data. We found that iterations, conditionals, and variables are the most popular assessment contents. Multiple-Choice and Code Writing questions, which are more popular than Code Explaining questions, are the preferred ways of assessing students’ knowledge. Scratch is commonly used as a CS0 assessment language, while Python, Java, C, and Pseudo-codes are employed in CS1 assessments. FCS1, SCS1, and BDSI are existing assessments/concept inventories for CS1 or CS2, but there is not yet a validated assessment or concept inventory that encompasses introductory concepts of CS0 (computational thinking), CS1 (fundamentals), and CS2 (data structure). Designing a comprehensive CS0/CS1/CS2 assessment by using the information collected from our systematic literature review would help students choose the right course and benefit educators and researchers for general use.",ieee,llm,0.980,unreviewed,
