status,title,authors,year,venue,doi,url,tags,abstract,provider,decision_source,llm_confidence,llm_review_outcome,llm_change_direction
discarded,Automatic Generation of Programming Exercises and Code Explanations Using Large Language Models,Sami Sarsa; Paul Denny; Arto Hellas; Juho Leinonen,2022,,10.1145/3501385.3543957,https://openalex.org/W4283705032,adjacent-subtopic,"This article explores the natural language generation capabilities of large language models with application to the production of two types of learning resources common in programming courses. Using OpenAI Codex as the large language model, we create programming exercises (including sample solutions and test cases) and code explanations, assessing these qualitatively and quantitatively. Our results suggest that the majority of the automatically generated content is both novel and sensible, and in some cases ready to use as is. When creating exercises we find that it is remarkably easy to influence both the programming concepts and the contextual themes they contain, simply by supplying keywords as input to the model. Our analysis suggests that there is significant value in massive generative machine learning models as a tool for instructors, although there remains a need for some oversight to ensure the quality of the generated content before it is delivered to students. We further discuss the implications of OpenAI Codex and similar tools for introductory programming education and highlight future research streams that have the potential to improve the quality of the educational experience for both teachers and students alike.",openalex,llm,0.950,unreviewed,
discarded,Automated Grading and Feedback Tools for Programming Education: A Systematic Review,Marcus Messer; Neil C. C. Brown; Michael Kölling; Miaojing Shi,2023,ACM Transactions on Computing Education,10.1145/3636515,https://openalex.org/W4381586920,adjacent-subtopic,"We conducted a systematic literature review on automated grading and feedback tools for programming education. We analysed 121 research papers from 2017 to 2021 inclusive and categorised them based on skills assessed, approach, language paradigm, degree of automation, and evaluation techniques. Most papers assess the correctness of assignments in object-oriented languages. Typically, these tools use a dynamic technique, primarily unit testing, to provide grades and feedback to the students or static analysis techniques to compare a submission with a reference solution or with a set of correct student submissions. However, these techniques’ feedback is often limited to whether the unit tests have passed or failed, the expected and actual output, or how they differ from the reference solution. Furthermore, few tools assess the maintainability, readability, or documentation of the source code, with most using static analysis techniques, such as code quality metrics, in conjunction with grading correctness. Additionally, we found that most tools offered fully automated assessment to allow for near-instantaneous feedback and multiple resubmissions, which can increase student satisfaction and provide them with more opportunities to succeed. In terms of techniques used to evaluate the tools’ performance, most papers primarily use student surveys or compare the automatic assessment tools to grades or feedback provided by human graders. However, because the evaluation dataset is frequently unavailable, it is more difficult to reproduce results and compare tools to a collection of common assignments.",openalex,llm,0.960,unreviewed,
discarded,The application of AI technologies in STEM education: a systematic review from 2011 to 2021,Weiqi Xu; Fan Ouyang,2022,International Journal of STEM Education,10.1186/s40594-022-00377-5,https://openalex.org/W4296369454,off-topic-false-hit,"Abstract Background The application of artificial intelligence (AI) in STEM education (AI-STEM), as an emerging field, is confronted with a challenge of integrating diverse AI techniques and complex educational elements to meet instructional and learning needs. To gain a comprehensive understanding of AI applications in STEM education, this study conducted a systematic review to examine 63 empirical AI-STEM research from 2011 to 2021, grounded upon a general system theory (GST) framework. Results The results examined the major elements in the AI-STEM system as well as the effects of AI in STEM education. Six categories of AI applications were summarized and the results further showed the distribution relationships of the AI categories with other elements (i.e., information, subject, medium, environment) in AI-STEM. Moreover, the review revealed the educational and technological effects of AI in STEM education. Conclusions The application of AI technology in STEM education is confronted with the challenge of integrating diverse AI techniques in the complex STEM educational system. Grounded upon a GST framework, this research reviewed the empirical AI-STEM studies from 2011 to 2021 and proposed educational, technological, and theoretical implications to apply AI techniques in STEM education. Overall, the potential of AI technology for enhancing STEM education is fertile ground to be further explored together with studies aimed at investigating the integration of technology and educational system.",openalex,llm,0.990,unreviewed,
discarded,Predicting academic performance: a systematic literature review,Arto Hellas; Petri Ihantola; Andrew Petersen; Vangel V. Ajanovski; Mirela Gutica; Timo Hynninen; Antti Knutas; Juho Leinonen; Chris Messom; Soohyun Nam Liao,2018,,10.1145/3293881.3295783,https://openalex.org/W2909913588,adjacent-subtopic,"The ability to predict student performance in a course or program creates opportunities to improve educational outcomes. With effective performance prediction approaches, instructors can allocate resources and instruction more accurately. Research in this area seeks to identify features that can be used to make predictions, to identify algorithms that can improve predictions, and to quantify aspects of student performance. Moreover, research in predicting student performance seeks to determine interrelated features and to identify the underlying reasons why certain features work better than others. This working group report presents a systematic literature review of work in the area of predicting student performance. Our analysis shows a clearly increasing amount of research in this area, as well as an increasing variety of techniques used. At the same time, the review uncovered a number of issues with research quality that drives a need for the community to provide more detailed reporting of methods and results and to increase efforts to validate and replicate work.",openalex,llm,0.980,unreviewed,
discarded,Next-Step Hint Generation for Introductory Programming Using Large Language Models,Lianne Roest; Hieke Keuning; Johan Jeuring,2024,,10.1145/3636243.3636259,https://openalex.org/W4390490752,adjacent-subtopic,"Large Language Models possess skills such as answering questions, writing essays or solving programming exercises. Since these models are easily accessible, researchers have investigated their capabilities and risks for programming education. This work explores how LLMs can contribute to programming education by supporting students with automated next-step hints. We investigate prompt practices that lead to effective next-step hints and use these insights to build our StAP-tutor. We evaluate this tutor by conducting an experiment with students, and performing expert assessments. Our findings show that most LLM-generated feedback messages describe one specific next step and are personalised to the student’s code and approach. However, the hints may contain misleading information and lack sufficient detail when students approach the end of the assignment. This work demonstrates the potential for LLM-generated feedback, but further research is required to explore its practical implementation.",openalex,llm,0.940,unreviewed,
discarded,50 Years of CS1 at SIGCSE,Brett A. Becker; Keith Quille,2019,,10.1145/3287324.3287432,https://openalex.org/W2916708654,adjacent-subtopic,"The SIGCSE Technical Symposium is celebrating its 50th year, and a constant theme throughout this history has been to better understand how novices learn to program. In this paper, we present a perspective on the evolution of introductory programming education research at the Symposium over these 50 years. We also situate the Symposium's impact in the context of the wider literature on introductory programming research. Applying a systematic approach to collecting papers presented at the Symposium that focus on novice programming / CS1, we categorized hundreds of papers according to their main focus, revealing important introductory programming topics and their trends from 1970 to 2018. Some of these topics have faded from prominence and are less relevant today while others, including many topics focused on students, such as making learning programming more appropriate from gender, diversity, accessibility and inclusion standpoints, have garnered significant attention more recently. We present discussions on these trends and in doing so, we provide a checkpoint for introductory programming research. This may provide insights for future research on how we teach novices and how they learn to program.",openalex,llm,0.920,unreviewed,
discarded,Potentiality of generative AI tools in higher education: Evaluating ChatGPT's viability as a teaching assistant for introductory programming courses,Zishan Ahmed; Shakib Sadat Shanto; Akinul Islam Jony,2024,STEM Education,10.3934/steme.2024011,https://openalex.org/W4399264699,adjacent-subtopic,"With the advent of large language models like ChatGPT, there is interest in leveraging these tools as teaching assistants in higher education. However, important questions remain regarding the effectiveness and appropriateness of AI systems in educational settings. This study evaluated ChatGPT's potential as a teaching assistant for an introductory programming course. We conducted an experimental study where ChatGPT was prompted in response to common student questions and misconceptions from a first-year programming course. This study was conducted over a period of 2 weeks with 20 undergraduate students and 5 faculty members from the department of computer science. ChatGPT's responses were evaluated along several dimensions—accuracy, completeness, pedagogical soundness, and the ability to resolve student confusion by five course faculties through a survey. Additionally, another survey was administered to students in the course to assess their perception of ChatGPT's usefulness after interacting with the tool. The findings suggested that while ChatGPT demonstrated strengths in explaining introductory programming concepts accurately and completely, it showed weaknesses in resolving complex student confusion, adapting responses to individual needs, and providing tailored debugging assistance. This study highlighted key areas needing improvement and provided a basis to develop responsible integration strategies that harness AI to enrich rather than replace human instruction in technical courses. The results, based on the limited sample size and study duration, indicated that ChatGPT has potential as a supplemental teaching aid for core concepts, but also highlighted areas where human instruction may be particularly valuable, such as providing advanced support. Further research with larger samples and longer study periods is needed to assess the generalizability of these findings.",openalex,llm,0.840,unreviewed,
discarded,Designing an Assessment for Introductory Programming Concepts in Middle School Computer Science,Shuchi Grover,2020,,10.1145/3328778.3366896,https://openalex.org/W3009414700,adjacent-subtopic,"Teaching of computer science (CS is rapidly expanding in schools. Learning to program is a key ingredient of school CS curricula, and consequently, there is a need for quality measures of student learning of foundational programming concepts. However, high-quality tools for measuring student learning in introductory CS have been under-developed and under-researched. This experience report shares the process of design and refinement of a summative paper-based assessment (that could also be administered online) for introductory programming in middle grades (6-8). We share our experiences with the use of assessment as a pre-post measure in a middle school introductory programming course in diverse, urban school classrooms in the US and use that data to conduct validity, reliability and item discrimination analyses.",openalex,llm,0.860,unreviewed,
discarded,Teaching and Learning to Program: Umbrella Review of Introductory Programming in Higher Education,Sónia Rolland Sobral,2021,Mathematics,10.3390/math9151737,https://openalex.org/W3184094077,adjacent-subtopic,"Introductory programming courses in science, technology, engineering, and mathematics (STEM) degrees are critical to student success throughout the students’ academic and professional route but have traditional failure and dropout rates. The number of publications and reviews on the subject is growing, so we realize the need to prepare an umbrella review, or review of reviews, to group previous studies and extract more comprehensive and ambitious results. Based on the databases ACM, Google Scholar, IEEE, SCOPUS and Web of Science libraries, a formal search was created that resulted in 21 reviews on programming fundamentals in higher education context. Results include bibliometric information on the CS1 reviews, in the context of higher education (namely annual evolution, number and information on authors, types and sources of information, countries of affiliation, languages, keywords and most cited articles), the purpose of the reviews and research questions, methods (namely search strategy, databases used, eligibility criteria) and results (number of records and tables or divisions were made to catalog the articles). We present a taxonomy with four different types of purpose: general, specific, student group and teacher directed. We found very interesting catalogs that can serve as a tool for future work, whether by researchers in the field or by authors who intend to carry out reviews related to introduction to programming, especially in the context of higher education.",openalex,llm,0.960,unreviewed,
discarded,Unplugged activities as a catalyst when teaching introductory programming,Bhagya Munasinghe; Tim Bell; Anthony Robins,2023,Journal of Pedagogical Research,10.33902/jpr.202318546,https://openalex.org/W4380077634,adjacent-subtopic,"An unplugged approach to teaching enables students to explore Computational Thinking without using a computer. It might appear that if students are to learn programming, they should focus on computer-based work; however, it appears that using “unplugged” activities before engaging in computer-based coding (programming) activities for each unit of work leads to better outcomes for students in the same amount of time. In this paper we explore why this could be the case, by reviewing literature that reports on these experiences, and also using different theoretical lenses (Notional Machines, Semantic Profiles, and the Zone of Proximal Development) to analyse how the combination of experiences can engage students. We also explore how the approach integrates with mathematics education.",openalex,llm,0.870,unreviewed,
discarded,Teaching and learning introductory programming : a model-based approach,Jens Bennedsen,2008,Duo Research Archive (University of Oslo),,https://openalex.org/W2466857371,adjacent-subtopic,"The dissertation identifies and discusses impact of a model-based approach to teaching and learning introductory object-oriented programming both for practitioners and for computer science education research.Learning to program is notoriously difficult. This dissertation investigates ways to teach introductory object-oriented programming at the university level. It focuses on a model-based approach, describes and argues for this approach and investigates several of its aspects. It gives an overview of the research in teaching introductory programming in an objects-first way. The dissertation also investigates ways for university teachers to share and document best practices in teaching introductory object-oriented programming through pedagogical patterns. The dissertation addresses both traditional young full-time students and experienced programmers (although not in object-orientation) participating in part-time education. It examines whether the same success factors for learning programming apply to a model-based approach as to introductory programming courses in general for full-time students and gives a general overview of research in success factors for introductory programming. Some factors are the same, because students‘ math competence is positively correlated with their success. The dissertation examines how experienced programmers link a model-based programming course to their professional practices. The general answer is that the part-time students do not need to have a direct link to their specific work-practice, they expect to create the link themselves; but the teacher must be aware of the conditions facing the part-time students in industry. Furthermore, the dissertation addresses interaction patterns for part-time students learning model-based introductory programming in a net-based environment. A previously prepared solution to an exercise is found to mediate the interaction in three different ways. Design patterns have had a major impact on the quality of object-oriented software. Inspired by this, researchers have suggested pedagogical patterns for sharing best practices in teaching introductory object-oriented programming. It was expected that university teachers‘ knowledge of pedagogical patterns was limited, but this research proved that to be wrong; about half of the teachers know pedagogical patterns. One of the problems this dissertation identifies is the lack of a structuring principle for pedagogical patterns; potential users have problems identifying the correct patterns to apply. An alternative structuring principle based on a constructivist learning theory is suggested and analysed.",openalex,llm,0.880,unreviewed,
kept,Novices' Progress in Introductory Programming Courses,Linda Mannila,2007,Informatics in Education,10.15388/infedu.2007.09,https://openalex.org/W46980274,supports-claim,"This paper presents an approach for educators to evaluate student progress throughout a course, and not merely based on a final exam. We introduce progress reports and describe how these can be used as a tool to evaluate student learning and understanding during programming courses. Complemented with data from surveys and the exam, the progress reports can be used to build an overall picture of individual student progress in a course, and to answer questions related to how students (1) understand program code as a whole, (2) understand individual constructs, and (3) perceive the difficulty level of different programming topics. We also present results from using this approach in introductory programming courses at secondary level. Our initial experience from using the progress reports is positive, as they provide valuable information during the course, which most likely would remain uncovered otherwise.",openalex,llm,0.840,unreviewed,
discarded,Exploring the Value of Student Self-Evaluation in Introductory Programming,Rodrigo Duran; Jan-Mikael Rybicki; Juha Sorva; Arto Hellas,2019,,10.1145/3291279.3339407,https://openalex.org/W2965701259,adjacent-subtopic,"Programming teachers have a strong need for easy-to-use instruments that provide reliable and pedagogically useful insights into student learning. Currently, no validated tools exist for rapidly assessing student understanding of basic programming knowledge. Concept inventories and the SCS1 questionnaire can offer great benefits; this article explores the additional value that may be gained from relatively simple self-evaluation metrics. We apply a lightweight self-evaluation instrument (SEI) in an introductory programming course and compare the results to existing performance measures, such as examination grades and the SCS1. We find that the SEI has a similar correlation with a program-writing examination as the SCS1 does, although both instruments correlate only moderately with the examination and each other. Furthermore, students are much more likely to voluntarily answer the lightweight SEI than SCS1. Overall, our results suggest that both the SEI and other instruments need to be greatly improved and outline future work towards that end.",openalex,llm,0.900,unreviewed,
