status,title,authors,year,venue,doi,url,tags,abstract,provider,decision_source,llm_confidence,llm_review_outcome,llm_change_direction
discarded,Integrating virtual reality and eye-tracking as a gamified assessment tool for self-regulated learning,"Vanecek, David; Rehman, Inam Ur; Dobias, Martin",2026,EDUCATION AND INFORMATION TECHNOLOGIES,10.1007/s10639-026-13967-5,https://www.webofscience.com/wos/woscc/full-record/WOS:001724257400001,off-topic-false-hit,"Virtual reality (VR) provides immersive learning experiences, yet accurately assessing self-regulated learning (SRL) within these environments remains a significant challenge. Traditional subjective and post hoc assessment techniques frequently fail to capture the dynamic, real-time nature of SRL processes. Unlike prior research that typically integrates multimodal traces, such as logs, physiological data, or eye-tracking, in controlled laboratory settings, we propose a novel approach that seamlessly embeds eye-tracking data as an intrinsic, real-time input to the game's mechanics, creating a unified, three-component (Cognition, Metacognition, Motivation) assessment framework. This design represents a significant departure from controlled lab studies, allowing immediate, unobstructive, and holistic assessment of SRL metrics. Drawing on Zimmerman's cyclical model of SRL, the game operationalizes cognition, metacognition, and motivation through interactive mechanics, including information collection, strategic planning, and reflective self-reporting. This study presents a system that collects real-time data through eye-tracking within a virtual environment to measure SRL. Currently, the system captures and analyzes learner behaviors and cognitive engagement in real-time, while adaptive feedback mechanisms will be developed in future iterations to provide personalized guidance based on the collected data. The multidimensional structure of SRL is validated through Structural Equation Modeling (SEM) along with Convergent and Discriminant Validity analyses, i.e., Confirmatory Factor Analysis (CFA) and Variance Inflation Factor (VIF), confirming that Cognition, Metacognition, and Motivation components are distinct yet interrelated components at the data level. An experimental study involving 103 students shows promising correlations between in-game metrics and established external instruments: cognition correlates with General Academic Prerequisites (OSP) test (r = 0.504, p < 0.001), metacognition by human raters and AI-based assessments (r = 0.673, p < 0.001), and a strong correlation between in-game parameters and expert-determined metacognition (r = 0.783, p < 0.001). Motivational indicators correlate with Intrinsic Motivation Inventory (IMI) scores (r = 0.430, p < 0.001). These findings provide preliminary evidence supporting the potential validity of the proposed tool, requiring further validation via future studies with more diverse populations. This study presents a foundational framework for objective, real-time, and gamified assessment of SRL, thereby providing preliminary evidence supporting the potential of the proposed tool as a base for developing personalized learning strategies. The findings need cautious interpretation and further validation in diverse populations.",wos,llm,0.990,unreviewed,
discarded,In-Service and Pre-Service Teachers' Perspectives on Error Analysis as an Instructional Approach to Enhance Mathematics Teaching,"Ngcobo, Zanele Annatoria",2026,EDUCATION SCIENCES,10.3390/educsci16020349,https://www.webofscience.com/wos/woscc/full-record/WOS:001703620400001,off-topic-false-hit,"A growing body of literature highlights the need to improve mathematics teaching and learning, emphasising the role of teachers in deepening learners' conceptual understanding. Scholars are increasingly advocating for teachers to explore innovative instructional approaches to enhance the teaching and learning of mathematics. This study contributes to the discourse by examining the perspectives of South African in-service and pre-service mathematics teachers on error analysis as a strategy to improve the teaching and learning of mathematics. Data was collected from five in-service mathematics teachers participating in a District professional development programme and seven fourth-year pre-service mathematics teachers enrolled in a Bachelor of Education programme. Using semi-structured interviews, focus group discussions, and classroom observations, the study found that participants viewed error analysis as a valuable tool for strengthening teacher content knowledge and facilitating learner engagement with mathematical errors. In-service teachers also reported that error analysis supported the provision of detailed feedback. Despite its perceived benefits, participants noted that error analysis was time-consuming and challenging, particularly in terms of tracing errors to underlying misconceptions.",wos,llm,0.990,unreviewed,
discarded,Personalised Code and Error Predictions in Programming Education via Large Language Models,"Shaka, Martha; Carraro, Diego; Brown, Kenneth N.",2025,"ARTIFICIAL INTELLIGENCE IN EDUCATION, AIED 2025, PT III",10.1007/978-3-031-98420-4_29,https://www.webofscience.com/wos/woscc/full-record/WOS:001655287400029,adjacent-subtopic,"Novice programmers frequently struggle with syntax errors, which hinder learning progression and motivation. While AI-based programming tools (AIPTs) provide automated feedback, most lack personalisation and proactive interventions. Off-the-shelf Large Language Models (LLMs) are primarily trained to generate correct solutions, not to simulate students' mistakes. Knowledge Tracing (KT) models estimate student mastery over time and predict future performance. Still, traditional KT methods focus on binary pass/fail predictions, limiting their ability to diagnose misunderstandings and provide actionable feedback This study integrates fine-tuned LLMs, Codellama-13B and Mistral-7B, with KT to identify student-specific gaps by predicting likely syntax errors. Our framework introduces an intermediate step of personalised code generation, where the model simulates how a student might attempt a task. The generated code is then compiled to extract errors aligned with the student's historical misconceptions. We refine code alignment and error prediction accuracy using Supervised Fine-Tuning and Reinforcement Learning (ORPO). Experimental results on a real-world Java dataset show a +34% improvement in error prediction and +27% increase in code similarity over baseline models. These findings lay a foundation for proactive, personalised learning support. Future work will focus on integrating this framework into AIPTs to recommend adaptive exercises, materials, and hints before students attempt a task.",wos,llm,0.840,unreviewed,
discarded,Large Language Models for Personalized and Scalable Computer Education,"Fan, Jing",2025,"PROCEEDINGS OF 25TH INTERNATIONAL CONFERENCE ON COMPUTING EDUCATION RESEARCH, KOLI CALLING 2025",10.1145/3769994.3770045,https://www.webofscience.com/wos/woscc/full-record/WOS:001680177600064,adjacent-subtopic,"Large Language Models (LLMs) are increasingly used in computing education, offering new opportunities to support programming practice, generate explanations, and scaffold student learning. However, current LLMs are not pedagogically aligned and often fail to adapt to students' prior knowledge, leading to explanations and feedback that are either too advanced or oversimplified. This research addresses the gap by developing human-centered LLMs tailored for programming education. Building on prior work in knowledge tracing and knowledge component discovery, we explore how student data (e.g., submissions, process data, misconceptions) can be leveraged to personalize LLM outputs. Our UKICER 2025 study demonstrated that automated knowledge component extraction with LLMs can approximate expert-annotated learning curves, highlighting the potential of scalable student modeling. The ongoing PhD project extends this by investigating prompt engineering, fine-tuning, and reinforcement learning with human or AI feedback (RLHF/RLAIF) to design pedagogically effective LLMs. The contributions include: (1) methods for tailoring LLMs to student profiles, (2) integration of automated KC pipelines into large-scale courses, and (3) evaluation of impacts on student learning, engagement, and experience. This work aims to advance scalable, personalized support in programming education through next-generation intelligent tutoring powered by LLMs.",wos,llm,0.900,unreviewed,
kept,Programming Structures and Their Misconceptions Across Modalities: The Pilot Study of a Code Tracing Assessment For Talented Primary School Students,"Kunz, Katrin; Wacker, Jana; Wenzel, Tim; Schumacher, Aki; Tsarava, Katerina",2025,"PROCEEDINGS OF 25TH INTERNATIONAL CONFERENCE ON COMPUTING EDUCATION RESEARCH, KOLI CALLING 2025",10.1145/3769994.3770040,https://www.webofscience.com/wos/woscc/full-record/WOS:001680177600031,supports-claim,"The development of programming skills in primary education, including early systematic talent development, has gained increasing attention. Unplugged, block-based, and text-based programming environments are commonly used in this age group, yet research on how these modalities shape students' conceptual understanding remains limited. Therefore, we developed a novel assessment instrument focusing on control flow structures, specifically loops and conditionals, to evaluate talented students' code-tracing performance and misconceptions across unplugged, block-based (Scratch and BlockPy) and text-based (Python) modalities. This online pilot study of the assessment involved 131 students (Grades 1-4, age: M = 8.85 years) participating in a program for talented children. The results showed that Python loops were significantly more difficult than loops in other modalities and compared to other concepts in Python, aligning with previous findings on the complexity of text-based control structures. In addition, modality-specific patterns of misconceptions emerged. For instance, overlooking adjacent code following a loop or conditional was widespread in text-based Python, whereas overlooking the else and misinterpreting statements of the else-branch as part of a conditional's then-branch was more prevalent in Scratch and block-based Python. These findings underscore the importance of considering the modality and programming language in early programming education. The developed assessment instrument holds promise for classroom and enrichment settings, supporting the early identification of programming talent and diagnostic feedback on students' misconceptions.",wos,llm,0.990,unreviewed,
discarded,Exploring interaction patterns in open learning environments: integrating network dynamics and cognitive engagement,"Xiao, Jianjun",2026,INTERACTIVE LEARNING ENVIRONMENTS,10.1080/10494820.2026.2632766,https://www.webofscience.com/wos/woscc/full-record/WOS:001695914800001,adjacent-subtopic,"Interaction is central to open online learning environments, where prior interactions shape subsequent participation through evolving network dynamics. Although reciprocity has been widely examined in online learning, its role in MOOCs remains inconclusive, particularly when cognitive engagement is considered. To address this gap, this study adopts a longitudinal, event-based research design to examine how reciprocity and cognitive engagement jointly influence subsequent interactions in connectivist MOOCs (cMOOCs). Using a log-based archival data collection method based on the IMS Caliper 1.0 specification, digital trace data were collected from eight iterations of a cMOOC conducted between 2019 and 2023, involving 1939 learners and over 39,000 content-based interaction events. Discussion posts were automatically classified into four cognitive engagement levels according to the Connectivist Interaction and Engagement (CIE) framework using natural language processing techniques. Relational event modeling was then employed to analyze how reciprocity and cognitive engagement predict subsequent interactions over time. To synthesize results across course iterations, Fisher's combination test and random-effects meta-analysis were applied. The results indicate that reciprocity consistently increases the likelihood of subsequent interactions. Higher-level cognitive engagement, particularly innovation interactions, is more likely to sustain continued participation, whereas lower-level interactions tend to inhibit subsequent interaction when unsupported. Moreover, reciprocity moderates the effects of cognitive engagement, amplifying the interactional impact of lower-level engagement. These findings advance understanding of interaction dynamics in cMOOCs and provide methodological and practical insights for designing learning environments that foster sustained learner engagement.",wos,llm,0.960,unreviewed,
discarded,Exploring Student Difficulties in Ray Tracing through Drawing-Based Tasks,"Liu, Enyu; Feng, Tony Haoran; Luxton-Reilly, Andrew; Wunsche, Burkhard C.",2025,SIGGRAPH ASIA 2025 EDUCATOR'S FORUM,10.1145/3757372.3771863,https://www.webofscience.com/wos/woscc/full-record/WOS:001664604700008,off-topic-false-hit,"YRay tracing is a fundamental topic in introductory computer graphics courses. Previous research suggested that students find ray tracing particularly challenging. Ray tracing requires spatial understanding, mathematical skills, and programming skills, and it makes use of other computer graphics concepts such as illumination models. To investigate students' conceptual understanding and identify common misconceptions, we conducted a drawingbased user study with 23 participants enrolled in an introductory computer graphics course. We found that the most common errors were misunderstandings of geometric and ray tracing concepts, as well as process-related mistakes. Based on our analysis, we propose an integrated instructional approach that incorporates spatial reasoning training, AR/VR-based visualization, and drawing-based assessment to reduce cognitive load and improve students' understanding of ray tracing concepts.",wos,llm,0.980,unreviewed,
discarded,Knowledge Tracing in Programming Education Integrating Students' Questions,"Kim, Doyoun; Kim, Suin; Jo, Yohan",2025,"PROCEEDINGS OF THE 63RD ANNUAL MEETING OF THE ASSOCIATION FOR COMPUTATIONAL LINGUISTICS, VOL 1: LONG PAPERS",,https://www.webofscience.com/wos/woscc/full-record/WOS:001611629600062,adjacent-subtopic,"Knowledge tracing (KT) in programming education presents unique challenges due to the complexity of coding tasks and the diverse methods students use to solve problems. Although students' questions often contain valuable signals about their understanding and misconceptions, traditional KT models often neglect to incorporate these questions as inputs to address these challenges. This paper introduces SQKT (Students' Question-based Knowledge Tracing), a knowledge tracing model that leverages students' questions and automatically extracted skill information to enhance the accuracy of predicting students' performance on subsequent problems in programming education. Our method creates semantically rich embeddings that capture not only the surface-level content of the questions but also the student's mastery level and conceptual understanding. Experimental results demonstrate SQKT's superior performance in predicting student completion across various Python programming courses of differing difficulty levels. In in-domain experiments, SQKT achieved a 33.1% absolute improvement in AUC compared to baseline models. The model also exhibited robust generalization capabilities in cross-domain settings, effectively addressing data scarcity issues in advanced programming courses. SQKT can be used to tailor educational content to individual learning needs and design adaptive learning systems in computer science education. Our code is available at https://github.com/holi-lab/SQKT.",wos,llm,0.880,unreviewed,
kept,Teaching Introductory Functional Programming Using Haskelite,"Vasconcelos, Pedro",2025,ELECTRONIC PROCEEDINGS IN THEORETICAL COMPUTER SCIENCE,10.4204/EPTCS.424.3,https://www.webofscience.com/wos/woscc/full-record/WOS:001611300500004,supports-claim,"Learning functional programming requires learning a substitution-based computational model. While substitution should be a familiar concept from high-school algebra, students often have difficulty applying it to new settings, such as recursive definitions, algebraic data types and higher-order functions. Step-by-step interpreters have been shown to help beginners by clarifying misconceptions and improving understanding. This paper reports on the experience of using a step-by-step tracing interpreter for a subset of Haskell while teaching an introductory functional programming course at the University of Porto. We describe the use of the interpreter, present some feedback obtained from students, reflect on the lessons learned and point directions for further work.",wos,llm,0.900,unreviewed,
kept,Misconceptions in Programming: Intuitive Reasoning and Tracing Task Performance Across Experience Levels,"Bastian, Morten; Muehling, Andreas",2025,"PROCEEDINGS OF THE ACM CONFERENCE ON INTERNATIONAL COMPUTING EDUCATION RESEARCH V. 1, ICER 2025",10.1145/3702652.3744209,https://www.webofscience.com/wos/woscc/full-record/WOS:001593084100011,supports-claim,"In this article, we present of two studies on diagnosing beginning students' misconceptions in tracing tasks: First, we show that tracing tasks can be used to design items that trigger misconceptions known from literature. We conducted a think-aloud study (N = 10), in which participants front two groups of no and minimal prior exposure to programming verbalized their thoughts While taking a test. The results indicate that certain incorrect answers are based on the thinking patterns of known misconceptions. The second study involving novice prognunmers consists of data from university students (N = 651) at five levels of experience who attended introductory computer science courses. Results indicate that errors made by participants vary across experience levels. Some misconceptions appear less frequently with experience, while others are more persistent, even among more advanced students. Taken together, the results of the study advance our understanding of the prevalence of known misconceptions and offer a preliminary insights into the learning processes that occur at the very beginning of programming education.",wos,llm,0.990,unreviewed,
kept,"Unplugged, Scratch, and Python: Tracing Primary Students' Preconceptions of Programming Structures","Kunz, Katrin; Wenzel, Tim; Wacker, Jana; Tsarava, Katerina",2025,"PROCEEDINGS OF THE ACM CONFERENCE ON INTERNATIONAL COMPUTING EDUCATION RESEARCH V. 1, ICER 2025",10.1145/3702652.3744225,https://www.webofscience.com/wos/woscc/full-record/WOS:001593084100028,supports-claim,"Understanding how young learners conceptualize computing terms and programming stnictures is crucial for designing effective computing education. Although previous research has identified misconceptions among older students, little is known about how younger learners develop preconceptions before formal instruction. This study investigates how 34 primary school students (Grades 2-4, age: M = 8.65 years) conceptualize sequences, loops, and conditionals in unplugged, block-based (Scratch and BlockPy), and text -based (Python) programming environments. Using think-aloud interviews and qualitative content analysis, we investigated students' reasoning during code -tracing activities. The findings indicate common preconceptions that can explain the prevalence of certain misconceptions in novice programmers. Furthermore, we identified two preconceptions that were not previously reported as misconceptions. First, students repeated Scratch loops an extra time, likely due to the natural -language interpretation of 'repeat'. Second, some students added numbers in conditions to statements inside conditionals, resembling a misconception previously observed only in loops. Finally, we determined factors influencing the development of preconceptions, such as programming language features and students' mathematical abilities. These findings provide insight into the early development of misconceptions. They emphasize the role of programming language features in shaping young learners' understanding, highlighting the need for appropriate instructional strategies and programming environments that support beginners in building accurate mental models of programming concepts.",wos,llm,0.990,unreviewed,
