status,title,authors,year,venue,doi,url,tags,abstract,provider,decision_source,llm_confidence,llm_review_outcome,llm_change_direction
discarded,An Ameliorated Methodology for the Abstraction of Usecases from software requirements specification,Shivanand M. Handigund; A. M. Shivaram,2013,2013 Science and Information Conference,,https://ieeexplore.ieee.org/document/6661749/,adjacent-subtopic,"Information systems of business process are realized through software projects which use the specific software requirements specification (SRS) provided for them as the base. The SRS contains details of the information system through which appropriate software can be developed. The information systems are also viewed prospectively with different equiponderant pragmatics like work, work process or usecase. The usecase is one of the prime perspective views each of whose sum forms the information system. In this paper, an attempt is made to abstract usecases statements of all actors from unformatted unstructured SRS text. The stages involve moulding the SRS, creating control flow & data flow graphs, creating appropriate slicing criteria, creating actor & actors' interface attributes table, create slicing criteria for each usecase and then slice the relevant statements for each usecase. Here we have attempted to use Weiser modified algorithm [1] to abstract exact usecase from first cut usecase. The slicing criterion is obtained through the intersection of actor's interface attributes and the referenced / defined attributes present between two consecutive actors (first cut usecase). Attempts have been made to resolve synonyms & heteronyms present in the SRS. The correctness & completeness of the proposed methodology depends on the realization of actor & actors' interface attributes.",ieee,llm,0.950,unreviewed,
discarded,Towards Deployable VCFI: Architectural Analysis and Cache-Optimized Verification,Pinghai Yuan; Hao Jiang; Zhixiang Lu; Fulong Chen; Zhenjiang Qian,2026,2026 IEEE 11th European Symposium on Security and Privacy (EuroS&P),10.1109/EuroSP68448.2026.00082,https://ieeexplore.ieee.org/document/11624242/,off-topic-false-hit,"VTable Control-Flow Integrity (VCFI) offers fine-grained protection against control-flow hijacking attacks, but its deployment is still hindered by extensibility and performance challenges. To address these issues, we analyze existing VCFI architectures and categorize them into two paradigms, each with distinct limitations. Among these, the distributed paradigm exhibits greater potential for real-world adoption, as it naturally supports multimodule and multithreading, and can be determined at compile time. However, it is vulnerable to a single-point-of-failure weakness due to reliance on a centralized fall-through verification dispatcher and suffers from performance bottlenecks in cross-module virtual call (VCall) verification.To overcome these limitations, we introduce boundary checks that enable early triaging, distinguishing between intra-module and cross-module VCalls at the callsites, and directing them along separate verification paths. Additionally, we present a cache-optimized architecture designed to accelerate cross-module VCall verification. Inspired by SwissTable hashing, our caching mechanism utilizes a compact metadata layout and SIMD-assisted parallel probing, significantly improving the efficiency of VCall signature verification. Evaluation on SPEC CPU2006 C++ benchmarks shows that our optimizations reduce the average runtime overhead by 50% and cut the worst-case overhead to one-third. By mitigating this deployment fragility and the performance barrier inherent in the distributed paradigm, our work advances the deployability of VCFI.",ieee,llm,0.990,unreviewed,
discarded,WCRT algebra and interfaces for esterel-style synchronous processing,Michael Mendler; Reinhard von Hanxleden; Claus Traulsen,2009,"2009 Design, Automation & Test in Europe Conference & Exhibition",10.1109/DATE.2009.5090639,https://ieeexplore.ieee.org/document/5090639/,adjacent-subtopic,"The synchronous model of computation together with a suitable execution platform facilitates system-level timing predictability. This paper introduces an algebraic framework for precisely capturing worst case reaction time (WCRT) characteristics for Esterel-style reactive processors with hardware-supported multithreading. This framework provides a formal grounding for the WCRT problem, and allows to improve upon earlier heuristics by accurately and modularly characterizing timing interfaces.",ieee,llm,0.910,unreviewed,
discarded,A Chu Spaces Semantics of BPEL-Like Fault Handling,Xutao Du; Chunxiao Xing; Lizhu Zhou,2009,2009 Fourth International Conference on Frontier of Computer Science and Technology,10.1109/FCST.2009.90,https://ieeexplore.ieee.org/document/5392901/,adjacent-subtopic,We use Chu spaces and an algebra of them to give a denotational semantics of a subset of BPEL. The emphasis is on the scope-based fault handling mechanism. We propose BPEL-F as an abstraction of the subset of BPEL including typical control flow and fault handling. Chu spaces form the main semantic domain. We study the influence of fault handling to the algebraic operators of Chu spaces. and present modified versions of the sequence and concurrence operators. The trigger operator is designed to model the scope-based fault handling. We present valuation functions mapping BPEL-F constructs to Chu spaces.,ieee,llm,0.860,unreviewed,
discarded,A generalized framework for global communication optimization,M. Kandemir; P. Banerjee; A. Choudhary; J. Ramanujam; N. Shenoy,1998,Proceedings of the First Merged International Parallel Processing Symposium and Symposium on Parallel and Distributed Processing,10.1109/IPPS.1998.669892,https://ieeexplore.ieee.org/document/669892/,adjacent-subtopic,"In distributed memory message passing architectures reducing communication cost is extremely important. We present a technique to optimize communication globally. Our approach is based on a combination of linear algebra and dataflow analysis, and can take arbitrary control flow into account. The distinctive features of the algorithm are its accuracy in keeping communication set information and its support for general alignments and distributions including block-cyclic distributions. The method is being implemented in the PARADIGM compiler. The preliminary results show that the technique is effective in reducing both the number as well as the volume of communication.",ieee,llm,0.940,unreviewed,
discarded,An Approach to Evaluate the Local Completeness of an Event Log,Hedong Yang; Lijie Wen; Jianmin Wang,2012,2012 IEEE 12th International Conference on Data Mining,10.1109/ICDM.2012.66,https://ieeexplore.ieee.org/document/6413735/,off-topic-false-hit,"Process mining links traditional model-driven Business Process Management and data mining by means of deriving knowledge from event logs to improve operational business processes. As an impact factor of the quality of process mining results, the degree of completeness of the given event log should be necessarily measured. In this paper an approach is proposed in the context of mining control-flow dependencies to evaluate the local completeness of an event log without knowing any information about the original process model. Experiment results show that the proposed approach works robustly and gives better estimation than approaches available.",ieee,llm,0.980,unreviewed,
discarded,Classification of Static Analysis-Based Buffer Overflow Detectors,Hossain Shahriar; Mohammad Zulkernine,2010,2010 Fourth International Conference on Secure Software Integration and Reliability Improvement Companion,10.1109/SSIRI-C.2010.28,https://ieeexplore.ieee.org/document/5521566/,adjacent-subtopic,"Buffer overflow is one of the most dangerous exploitable vulnerabilities in released software or programs. Many approaches are applied to mitigate buffer overflow (BOF) vulnerabilities such as testing and monitoring. However, BOF vulnerabilities are discovered in programs frequently which might be exploited to crash programs and execute arbitrary injected code. Static analysis is a popular approach for detecting BOF vulnerabilities before releasing programs. Many static analysis-based approaches are currently used in practice. However, there is no detailed classification of these approaches to understand their common characteristics, objectives, and limitations. In this paper, we classify static analysis-based BOF vulnerability detection approaches based on six features: inference technique, analysis sensitivity, analysis granularity, soundness, completeness, and language. We then classify static inference techniques into four types: tainted data flow, constraint, annotation, and string pattern matching. Moreover, we compare the approaches in terms of effectiveness, scalability, and required manual effort. The classification will enable researchers to differentiate among existing analysis approaches. We develop some guidelines to help in choosing approaches and building tools suitable for practitioners need.",ieee,llm,0.950,unreviewed,
discarded,Compositional timing-aware semantics for synchronous programming,Joaquín Aguado; Michael Mendler; Jia Jie Wang; Bruno Bodin; Partha Roop,2017,2017 Forum on Specification and Design Languages (FDL),10.1109/FDL.2017.8303895,https://ieeexplore.ieee.org/document/8303895/,adjacent-subtopic,"In this paper we propose a WCRT analysis technique for synchronous programs, executed as sequential or multi-threaded code, based on formal power series in min-max-plus algebra. The algebraic model constitutes the first fully declarative timing-aware semantics of synchronous programs with arbitrary hierarchical control-flow structure. Under signal abstraction this model permits efficient compositional WCRT analyses based on structural boxes as the unit of composition. The algebraic model leads to a sound methodology to deal with the state space explosion arising from tick alignment of parallel composition by reduction to the maximum weighted clique problem.",ieee,llm,0.900,unreviewed,
discarded,Metrinome: Path Complexity Predicts Symbolic Execution Path Explosion,Gabriel Bessler; Josh Cordova; Shaheen Cullen-Baratloo; Sofiane Dissem; Emily Lu; Sofia Devin; Ibrahim Abughararh; Lucas Bang,2021,2021 IEEE/ACM 43rd International Conference on Software Engineering: Companion Proceedings (ICSE-Companion),10.1109/ICSE-Companion52605.2021.00028,https://ieeexplore.ieee.org/document/9402593/,adjacent-subtopic,"This paper presents Metrinome, a tool for performing automatic path complexity analysis of C functions. The path complexity of a function is an expression that describes the number of paths through the function up to a given execution depth. Metrinome constructs the control flow graph CFG of a C function using LLVM utilities, analyzes that CFG using algebraic graph theory and analytic combinatorics, and produces a closed-form expression for the path complexity as well as the asymptotic path complexity of the function. Our experiments show that path complexity predicts the growth rate of the number of execution paths that Klee, a popular symbolic execution tool, is able to cover within a given exploration depth. Metrinome is open-source, available as a Docker image for immediate use, and all of our experiments and data are available in our repository and included in our Docker image.",ieee,llm,0.930,unreviewed,
kept,A multi-national study of reading and tracing skills in novice programmers,Raymond Lister; Elizabeth Adams; Sue Fitzgerald; William Fone; John Hamer; Morten Lindholm; Robert McCartney; Jan Erik Moström; Kate Sanders; Otto Seppälä; Beth Simon; Lynda Thomas,2004,ACM SIGCSE Bulletin,10.1145/1041624.1041673,https://openalex.org/W2122166962,supports-claim,"A study by a ITiCSE 2001 working group (""the McCracken Group"") established that many students do not know how to program at the conclusion of their introductory courses. A popular explanation for this incapacity is that the students lack the ability to problem-solve. That is, they lack the ability to take a problem description, decompose it into sub-problems and implement them, then assemble the pieces into a complete solution. An alternative explanation is that many students have a fragile grasp of both basic programming principles and the ability to systematically carry out routine programming tasks, such as tracing (or ""desk checking"") through code. This ITiCSE 2004 working group studied the alternative explanation, by testing students from seven countries, in two ways. First, students were tested on their ability to predict the outcome of executing a short piece of code. Second, students were tested on their ability, when given the desired function of short piece of near-complete code, to select the correct completion of the code from a small set of possibilities. Many students were weak at these tasks, especially the latter task, suggesting that such students have a fragile grasp of skills that are a prerequisite for problem-solving.",openalex,llm,0.990,unreviewed,
discarded,30 Years of Lithium‐Ion Batteries,Matthew Li; Jun Lü; Zhongwei Chen; Khalil Amine,2018,Advanced Materials,10.1002/adma.201800561,https://openalex.org/W2808025896,off-topic-false-hit,"Over the past 30 years, significant commercial and academic progress has been made on Li-based battery technologies. From the early Li-metal anode iterations to the current commercial Li-ion batteries (LIBs), the story of the Li-based battery is full of breakthroughs and back tracing steps. This review will discuss the main roles of material science in the development of LIBs. As LIB research progresses and the materials of interest change, different emphases on the different subdisciplines of material science are placed. Early works on LIBs focus more on solid state physics whereas near the end of the 20th century, researchers began to focus more on the morphological aspects (surface coating, porosity, size, and shape) of electrode materials. While it is easy to point out which specific cathode and anode materials are currently good candidates for the next-generation of batteries, it is difficult to explain exactly why those are chosen. In this review, for the reader a complete developmental story of LIB should be clearly drawn, along with an explanation of the reasons responsible for the various technological shifts. The review will end with a statement of caution for the current modern battery research along with a brief discussion on beyond lithium-ion battery chemistries.",openalex,llm,1.000,unreviewed,
discarded,Context-Aware Attentive Knowledge Tracing,Aritra Ghosh; Neil T. Heffernan; Andrew Lan,2020,,10.1145/3394486.3403282,https://openalex.org/W3043869244,off-topic-false-hit,"Knowledge tracing (KT) refers to the problem of predicting future learner performance given their past performance in educational applications. Recent developments in KT using flexible deep neural network-based models excel at this task. However, these models often offer limited interpretability, thus making them insufficient for personalized learning, which requires using interpretable feedback and actionable recommendations to help learners achieve better learning outcomes. In this paper, we propose attentive knowledge tracing (AKT), which couples flexible attention-based neural network models with a series of novel, interpretable model components inspired by cognitive and psychometric models. AKT uses a novel monotonic attention mechanism that relates a learner's future responses to assessment questions to their past responses; attention weights are computed using exponential decay and a context-aware relative distance measure, in addition to the similarity between questions. Moreover, we use the Rasch model to regularize the concept and question embeddings; these embeddings are able to capture individual differences among questions on the same concept without using an excessive number of parameters. We conduct experiments on several real-world benchmark datasets and show that AKT outperforms existing KT methods (by up to $6%$ in AUC in some cases) on predicting future learner responses. We also conduct several case studies and show that AKT exhibits excellent interpretability and thus has potential for automated feedback and personalization in real-world educational settings.",openalex,llm,0.990,unreviewed,
kept,"A closer look at tracing, explaining and code writing skills in the novice programmer",Anne Venables; Grace Tan; Raymond Lister,2009,,10.1145/1584322.1584336,https://openalex.org/W2041103998,supports-claim,"The way in which novice programmers learn to write code is of considerable interest to computing education researchers. One research approach to understanding how beginners acquire their programming abilities has been to look at student performance in exams. Lopez et al. (2008) analyzed student responses to an end-of-first-semester exam. They found two types of questions accounted for 46% of the variance on the code writing portion of the same exam. One of those types of question required students to trace iterative code, while the other type required students to explain what a piece of code did. In this paper, we investigate whether the results by Lopez et al. may be generally indicative of something about novice programmers, or whether their results are just an artifact of their particular exam. We studied student responses to our own exam and our results are broadly consistent with Lopez et al. However, we did find that some aspects of their model are sensitive to the particular exam questions used. Specifically, we found that student performance on explaining code was hard to characterize, and the strength of the relationship between explaining and code writing is particularly sensitive to the specific questions asked. Additionally, we found Lopez et al.'s use of a Rasch model to be unnecessary, which will make it far easier for others to conduct similar research.",openalex,llm,0.990,unreviewed,
kept,"Relationships between reading, tracing and writing skills in introductory programming",Mike Lopez; Jacqueline Whalley; Phil Robbins; Raymond Lister,2008,,10.1145/1404520.1404531,https://openalex.org/W2165365113,supports-claim,"This study analyzed student responses to an examination, after the students had completed one semester of instruction in programming. The performance of students on code tracing tasks correlated with their performance on code writing tasks. A correlation was also found between performance on ""explain in plain English"" tasks and code writing. A stepwise regression, with performance on code writing as the dependent variable, was used to construct a path diagram. The diagram suggests the possibility of a hierarchy of programming related tasks. Knowledge of programming constructs forms the bottom of the hierarchy, with ""explain in English"", Parson's puzzles, and the tracing of iterative code forming one or more intermediate levels in the hierarchy.",openalex,llm,0.990,unreviewed,
kept,Exploring programming misconceptions,Teemu Sirkiä; Juha Sorva,2012,,10.1145/2401796.2401799,https://openalex.org/W1994532632,supports-claim,"Visual program simulation (VPS) is a form of interactive program visualization in which novice programmers practice tracing computer programs: using a graphical interface, they are expected to correctly indicate each consecutive stage in the execution of a given program. Naturally, students make mistakes during VPS; in this article, we report a study of such mistakes.",openalex,llm,0.980,unreviewed,
discarded,Misconceptions In Geometry And Suggested Solutions For Seventh Grade Students,Ayşen Özerem,2012,Procedia - Social and Behavioral Sciences,10.1016/j.sbspro.2012.09.557,https://openalex.org/W2098340607,off-topic-false-hit,"The principal aim of this study is to find the weaknesses of secondary school students at geometry questions of measures, angles and shapes, transformations and construction and 3-D shapes. The year 7 curriculum contains 4 geometry topics out of 17 mathematics topics. In addition to this, this study aims to find out the mistakes, 28, 7th grade students made in the last 4 exams including two midterms and two final exams. To collect data, students were tested on two midterms and two final exams using open –ended questions on geometry to analyze their problem solving skills and to test how much they acquired during the year. Frequency tables were used in data analysis. To fulfil this aim in the first midterm exam the subject measures were tested. In the first final exam which followed the first midterm exam in addition to measures and angles shapes skills were also tested. Following these tests, in the second midterm we tested the students on transformation and construction. A descriptive methodology and student interview were used in the study to analyze and interpret the results. The results from this study revealed that 7th grade secondary school students have a number of misconceptions, lack of background knowledge, reasoning and basic operation mistakes at the topics mentioned above.",openalex,llm,1.000,unreviewed,
