status,title,authors,year,venue,doi,url,tags,abstract,provider,decision_source,llm_confidence,llm_review_outcome,llm_change_direction
discarded,Guest or Brother? Turkish Language Teachers' Metaphorical Narratives About Syrian Refugees,"Kara, Omer Tugrul; Erol, Sedat; Yildiz, Umit; Kafes, Huseyin; Hanimoglu, Egemen",2026,SAGE OPEN,10.1177/21582440261453429,https://www.webofscience.com/wos/woscc/full-record/WOS:001776011800001,off-topic-false-hit,"This study aims to examine the metaphorical perceptions of Turkish language teachers working in T & uuml;rkiye toward Syrian refugee students. While language education plays a critical role in refugees' social integration process, teachers' perceptions of refugee students directly affect the success of this process. However, there are limited studies in T & uuml;rkiye on the metaphorical perceptions held by teachers working with refugee students. A qualitative research method was adopted in the study, and metaphor analysis was employed. A total of 128 Turkish language teachers working within the scope of the Project for Supporting the Integration of Syrian Children into the Turkish Education System (PIKTES) participated in the research. Participants produced metaphors by completing the open-ended prompt, ""Syrian refugee students are like & mldr; because & mldr;."" Through content analysis, these metaphors were coded and classified into three main categories: positive, negative, and neutral. The findings indicated that 74.22% of the teachers described refugee students through negative metaphors (e.g., ""a bird with a broken wing,""""a flower torn from its branch""). While positive metaphors (19.53%) described refugees as potentially valuable individuals through expressions such as ""sibling,""""young tree,"" and ""jewel,"" neutral metaphors (6.25%) reflected an ambiguous perception through expressions such as ""guest"" and ""rain."" Negative metaphors reveal that the integration of refugee students is largely perceived by teachers as problematic and challenging. The findings show that teachers' perceptions play a critical role in the integration of refugee students into the education system and that current educational policies are insufficient, from the teachers' perspective, in supporting this integration process. The study emphasizes the need to develop in-service training programs, increase cultural awareness efforts, and establish educational policies that encourage interaction between teachers and refugee students in order to improve teachers' perceptions of refugee students. The findings contribute to both theoretical and applied studies in the field of refugee education and offer concrete recommendations for the development of teacher training programs.",wos,llm,0.990,unreviewed,
discarded,Assessing Learning Principles in Agricultural Extension Practice for Sustainable Communication of Extension Recommendations: Evidence from Egypt,"Abd El-Ghani, Salah S.; Albaz, Mohamed Abd Alwahab; Ismail, Zain ELabedin Farrag Saad; Mansour, Tamer Gamal Ibrahim",2026,SUSTAINABILITY,10.3390/su18105119,https://www.webofscience.com/wos/woscc/full-record/WOS:001775404300001,off-topic-false-hit,"This study aimed to identify the level of awareness and application of learning principles among agricultural extension service providers when communicating extension recommendations to farmers. It also sought to determine the major constraints that may hinder the effective application of these principles in extension practice. The study adopted a descriptive analytical approach. Data were collected using a structured questionnaire designed to achieve the objectives of the research. The study was conducted on all agricultural extension service providers in Kafr El-Sheikh Governorate, totaling 55 respondents. The study focused on nine learning principles relevant to extension education: motivation, clarity of objectives, self-activity, transfer of learning, learner individuality, readiness, reinforcement, modification or relearning, and repetition. The findings revealed variation in the levels of knowledge and application of these principles among the respondents. The results indicated that 65.4% of the respondents had a moderate level of knowledge of the motivation principle, while 67.2% applied it at a moderate level. In contrast, 81.8% of the respondents had a low level of knowledge of the principle of clarity of objectives, and 85.4% applied it at a low level. The results also revealed several constraints that limit the effective application of learning principles in extension work, most notably the limited effectiveness of communication with farmers and the need to strengthen the educational competencies of extension service providers. Accordingly, the study recommends developing the instructional capacities of extension service providers through specialized training programs on learning principles and extension education methods in order to improve the effectiveness of communicating agricultural recommendations and enhance the adoption of agricultural innovations.",wos,llm,0.960,unreviewed,
kept,Enhancing Embedded Systems Education Through Remote Laboratories with Real-Time Firmware Observability,"Garcia-Vazquez, Fabian; Guerrero-Osuna, Hector A.; Luque-Vega, Luis F.; Nava-Pintor, Jesus Antonio; Lizarraga, Jorge A.; Castro-Tapia, Salvador; Molina-Almaraz, Mario; Castaneda-Miranda, Ana G.; Olvera-Olvera, Carlos A.",2026,TECHNOLOGIES,10.3390/technologies14050281,https://www.webofscience.com/wos/woscc/full-record/WOS:001774350300001,supports-claim,"Microcontroller programming is a key element in engineering education, enabling students to acquire practical skills in embedded systems. Despite its importance, limited access to physical laboratories at many institutions restricts hands-on learning experiences. Remote laboratories have been introduced as a solution; however, most rely solely on external visual feedback, which constrains observability and limits analysis of internal program behavior. This paper introduces a remote laboratory for microcontroller education utilizing an STM32 platform within a Cloud-IoT framework. The proposed system allows real-time monitoring of internal firmware variables through compilation artifacts, without requiring direct interaction with traditional debugging tools. A pilot study involving 40 students in a microcontrollers course, who engaged with the system remotely using standard development workflows, was conducted. Usability was measured via the System Usability Scale (SUS), yielding an average score of 75.19 and reflecting high satisfaction. The platform enables real-time observation of internal system states during program execution, facilitating program analysis while maintaining an experience similar to traditional on-site laboratories. These findings indicate that the system offers a robust and scalable alternative for embedded systems education, with improved observability over existing remote laboratory solutions.",wos,llm,0.840,unreviewed,
discarded,Virtual reality applications in computer science education: scoping review,"Janani, Azin S.; Yang, Yanzhuo; Lu, Xundi; Liang, Hai-Ning; Baghaei, Nilufar",2026,COMPUTERS & EDUCATION: X REALITY,10.1016/j.cexr.2026.100159,https://www.webofscience.com/wos/woscc/full-record/WOS:001766202800001,adjacent-subtopic,"This scoping review explores the application of virtual reality (VR) technologies to computer science (CS) education. With the increasing scholarly interest in immersive and interactive learning, VR exhibits a strong potential in helping learners understand abstract CS concepts such as algorithms, object-oriented programming (OOP), and computational thinking. This study conducted a comprehensive search across six databases and screened 3178 articles. A total of 30 peer-reviewed studies were included based on defined eligibility criteria. These studies were analyzed in terms of application features, educational focus, evaluation outcomes, and key findings. The findings revealed that the majority of VR applications support conceptual learning instead of practical programming. Common design features included visual metaphors, game-inspired tasks, virtual panels, and embodied interactions, frequently tailored to specific CS topics or user groups. While numerous studies reported positive outcomes in learner performance and engagement, a number of challenges persist such as limited features for collaboration, usability issues, and lack of theoretical foundation. Gamification and constructivist approaches were frequently adopted, although without clear instructional grounding in certain cases. This review addresses critical gaps in the existing literature by systematically analyzing VR design features and their reported associations with learning outcomes in CS education, identifying current trends, and persistent limitations. It offers insights for educators and developers on effective application designs and offers directions for future work, including broader content coverage, enhanced collaborative features, and increased integration of theoretically informed design strategies.",wos,llm,0.800,unreviewed,
discarded,Pandemic Perceptions of Future Health Professionals: An Examination of Turkish Nursing Students' Metaphorical Perceptions and Cognitive Structures of Monkeypox,"Uzun, Sevda; Emirza, Elif Guzide; Senses, Medine",2026,PUBLIC HEALTH NURSING,10.1111/phn.70132,https://www.webofscience.com/wos/woscc/full-record/WOS:001760802800001,off-topic-false-hit,"Objectives: This study aims to explore the metaphorical perceptions and cognitive structures of nursing students regarding Monkeypox. Methods: A qualitative study based on metaphor analysis was conducted with 40 nursing students enrolled at a public university in northern T & uuml;rkiye. Data were collected between December 2024 and January 2025 using a Sociodemographic Information Form and the Monkeypox Data Collection Form, which incorporated two techniques: a metaphor elicitation technique using the prompt ""Monkeypox is like & mldr; because & mldr;"" and a drawing-writing technique. Content analysis and document analysis were employed to analyze the data. Inter-rater reliability was assessed using Miles and Huberman's formula (88%) and Cohen's kappa coefficient (0.88). The study was designed and reported in accordance with the Consolidated Criteria for Reporting Qualitative Research (COREQ) checklist. Results: A total of 12 metaphors were identified through the writing technique and grouped under two categories: characteristics of Monkeypox (9 metaphors; e.g., wart, COVID-19, and chickenpox) and effects of Monkeypox (3 metaphors; e.g., lockdown, negative mental health impact). Three metaphors were identified through the drawing technique and categorized under considerations for appearance (bubbles, redness, and monkey). technique. With the writing technique, they were analyzed under two categories: features and effects. Conclusion: Nursing students perceived Monkeypox as a threatening and destructive phenomenon, reflecting negative cognitive schemas shaped by limited knowledge and uncertainty. These findings highlight the need for nursing education programs that address both cognitive and psychosocial dimensions of emerging infectious disease preparedness.",wos,llm,0.990,unreviewed,
discarded,Mathematical Metaphors in Locomotion for Angle Measurement Understanding,"Gkreka, Christina; Latsi, Maria; Kynigos, Chronis",2026,INTERNATIONAL JOURNAL OF SCIENCE AND MATHEMATICS EDUCATION,10.1007/s10763-026-10670-2,https://www.webofscience.com/wos/woscc/full-record/WOS:001747545400001,adjacent-subtopic,"Researchers in Mathematics Education have consistently found that the concept of angle poses a persistent challenge for students. This study examines how combining physical navigation with its simulation through programming supports the conceptualization of angles as turns and measures. Employing design-based research methodology, we engaged a class of 12-year-old primary students in two navigational activities. Initially, they physically navigated their school's neighborhood while tracking their paths using a Global Positioning System application. They later recreated these paths in a programmable digital environment, using simple directional commands to move a digital entity simulating their prior navigation. The data collected included audio and screen recordings. In the thematic analysis critical episodes were identified, indicating how embodied schemas provided by physical locomotion were re-enacted, supporting the construction of definitional metaphors about angles as measurable spatial relationships between two directions. The findings indicate that large scale embodied activities such as navigation in physical spaces in combination with simulation activities support students' understanding of angles as spatial relationships between two directions turns and angle measurement, contributing actionable knowledge for the design of learning environments that serve as scaffolding metaphorical domains for students to transform embodied experience into mathematical understanding and expression.",wos,llm,0.780,unreviewed,
discarded,<i>QuantAid</i>: A Quiz-Based Quantum Learning Platform for High-School and Undergraduate Students,"Hernandez, Kevin; Patel, Kaushani; Patel, Tirthak",2026,"PROCEEDINGS OF THE 57TH ACM TECHNICAL SYMPOSIUM ON COMPUTER SCIENCE EDUCATION V.1, SIGCSE TS 2026",10.1145/3770762.3772593,https://www.webofscience.com/wos/woscc/full-record/WOS:001722635800068,adjacent-subtopic,"Quantum computing (QC) is poised to transform multiple fields from information technology to medical science, but early exposure to its foundational concepts remains scarce, especially at the high school and undergraduate levels. Educational bottlenecks stem from limited course offerings, a global shortage of qualified instructors, and a steep conceptual and mathematical learning curve. Existing resources are often either too superficial or too advanced, exacerbating accessibility and impeding the development of a diverse, ""quantum-ready"" workforce. This paper presents a pilot study of QuantAid, an AI-enhanced, quiz-based learning platform designed to address these challenges by delivering personalized, scalable QC instruction grounded in constructivist pedagogy. Our platform integrates a light-weight, LLM-powered analogy engine that tailors quantum metaphors to students' prior knowledge and hobbies, scaffolds abstract quantum ideas to reduce cognitive load, and embeds interactive quizzes with immediate feedback to actively reinforce understanding. A conversational AI tutor, trained on vetted QC content, provides on-demand explanations that align with best practices in trust and transparency for educational AI. In a pilot with N = 21 students, users of the enhanced platform showed higher engagement and modest conceptual gains compared to peers using static materials. Usability (SUS) and user experience (UEQ) ratings were strong, with particular praise for the platform's analogical reasoning and interactivity. These findings suggest that a well-designed, AI-augmented constructivist tool can enable QC education at scale while preserving rigor, addressing the rising demand amid limited teaching resources.",wos,llm,0.900,unreviewed,
discarded,Learning Assessment: A Closed-Loop Control Metaphor,"Fernandez-Samaca, Liliana; Diaz-Marquez, Sonia E.",2026,IEEE REVISTA IBEROAMERICANA DE TECNOLOGIAS DEL APRENDIZAJE-IEEE RITA,10.1109/RITA.2026.3677104,https://www.webofscience.com/wos/woscc/full-record/WOS:001730969000001,off-topic-false-hit,"This article proposes a learning assessment model that enables staff to systematize information analysis from learning and teaching scenarios for curriculum evaluation. The learning assessment is represented as a closed-loop control system, with students at the center of the process, staff as the actuator, and students' impressions and assessment instruments as the sensors. By a matrixial interpretation of curricular mapping for learning assessment. The collected information is represented as course indicators, which are used to calculate learning outcome indicators as the system's output. In this model, the curricular mapping of the program is represented by a weighted contributions matrix called the 'program matrix,' whose coefficients denote the different levels or contributions of the courses to the learning outcomes. Thus, learning outcome indicators are obtained as a linear combination of the weighted contributions to the course. This article also presents an example illustrating the application of the model, in which data from over 12 semesters are analyzed for two engineering programs. We discuss the way in which this model simplifies data acquisition and provides a scalable solution for learning assessment management in curriculum evaluation and warn of the importance of establishing curricular alignment in the curricular mapping and course design stages for the success of the learning assessment.",wos,llm,0.980,unreviewed,
discarded,A Post-colonial Analysis of Public Media & Policy Representations of Mathematics Education in Ghanaian and Nigerian Contexts,"Yaro, Kwesi; Wagner, David; Omoregie, Abiemwense Edokpayi; Ntarmah, Albert Henry; Ajose, Cynthia Ogeleka",2026,INTERNATIONAL JOURNAL OF SCIENCE AND MATHEMATICS EDUCATION,10.1007/s10763-025-10633-z,https://www.webofscience.com/wos/woscc/full-record/WOS:001719343500001,off-topic-false-hit,"In this paper, we identify storylines relating to mathematics education from Ghanaian and Nigerian media and policy documents. We consider the educational implications of these storylines, with a focus on how students and teachers are positioned. The paper takes a post-colonial turn to examine the historical experiences that are (re)produced by the storylines in mathematics education and society. In this consideration, this paper is guided by the following research questions: 1) what mathematics storylines exist in media and policy documents in Ghana and Nigeria, and 2) What historical experiences are reproduced in these storylines in Ghana and Nigeria? The storylines underpin patterns of discourse, which shape how mathematics is perceived and learned in these countries. The storylines we identified and then elaborated and analysed in the paper include: 'International organizations use results-based financing', 'Mathematics for national growth and development', 'Mathematics as a gatekeeper to STEM', 'The gender gap in mathematics learning can be bridged through interventionary programs', 'Mathematics is abstract and difficult', and 'Instructional practices affect how children learn mathematics-a call for pedagogical shift in math learning'. We hope the identified storylines in these contexts can be used to (re)imagine new positionings and practices in mathematics classrooms and in schools to position African students and youths in asset-based ways.",wos,llm,0.990,unreviewed,
