status,title,authors,year,venue,doi,url,tags,abstract,provider,decision_source,llm_confidence,llm_review_outcome,llm_change_direction
discarded,Evaluating the impact of <i>Work It Out Wombats!</i> on children's computational thinking and related skills in the United States,"Relkin, Emily; Christensen, Claire; Silander, Megan; Dubos, Shari; Kook, Janna; Gerard, Sarah; Hunt, Elizabeth; Gaylor, Erika; Sun, Mingyue; Vidiksis, Regan",2026,JOURNAL OF CHILDREN AND MEDIA,10.1080/17482798.2026.2705209,https://www.webofscience.com/wos/woscc/full-record/WOS:001836775000001,adjacent-subtopic,"Computational thinking (CT) and related skills are important for children's development and future success. CT can promote problem-solving and social-emotional learning (e.g. task persistence and frustration tolerance). Widely accessible educational media present opportunities for fostering the development of these skills in young children, especially those in historically underserved communities. Researchers conducted an 8-week randomized controlled trial with 458 children ages 4-5 from low-income households in the United States. This study explored whether providing access to educational videos and games for 1.5 hours per week supported children's CT, problem-solving, and social-emotional learning. Researchers randomly assigned participants to one of two conditions and gave them internet-enabled tablets. Researchers instructed the treatment group to engage with videos, games, and activities from the CT-focused PBS KIDS series Work It Out Wombats! and told those in the control group to use any educational resources for the same period of time. Participants in the treatment condition scored significantly higher on a measure of sequencing skills at post-test, controlling for other pre-test assessments and demographics. We found no other significant group differences on post-test computational thinking, problem-solving, or social-emotional learning skills. We discuss the use of digital media to promote CT and implications for future work.",wos,llm,0.900,unreviewed,
discarded,Making GenAI Socratic for Computational Thinking,"Chan, Chung; Suvernev, Bogdan; Wang, Zimeng; Liang, Qihang; Zhao, Chao",2025,"2025 IEEE INTERNATIONAL CONFERENCE ON TEACHING, ASSESSMENT, AND LEARNING FOR ENGINEERING, TALE",10.1109/TALE66047.2025.11346691,https://www.webofscience.com/wos/woscc/full-record/WOS:001800602200084,adjacent-subtopic,"While Generative AI (GenAI) tools offer significant potential to enhance learning, they also pose significant risks as students rely on them for quick answers without deep understanding. Even more concerning, GenAI can hallucinate, producing plausible yet incorrect information. Consequently, many teachers are hesitant to integrate GenAI tools in homework assignments, let alone examinations. To address these challenges, we propose a pedagogical framework grounded in the Socratic Principle, designed to harness GenAI's capabilities to foster computational thinking in undergraduate and graduate computer science education. GenAI is embedded into learning materials as thought-provoking questions that students can refine and run directly on state-of-the-art language models on the learning platform. For homework, the system provides access to shareable GPU resources that students can use to run custom GenAI tools for collaborative, computationally intensive projects. For examinations, we introduce OPTMentor-an in-browser Python debugger powered by our custom fine-tuned AI Mentor model that runs locally via WebLLM. To ensure academic integrity, we explore techniques to constrain and further fine-tune language models to deliver hints, not answers, promoting academically safe AI-assisted programming.",wos,llm,0.860,unreviewed,
discarded,Evaluating computational thinking skills in augmented reality game-based learning (AR-GBL) using eye-tracking and epistemic network analysis,"Rao, Toluchuri Shalini Shanker; Bhagat, Kaushal Kumar",2026,SMART LEARNING ENVIRONMENTS,10.1186/s40561-026-00456-y,https://www.webofscience.com/wos/woscc/full-record/WOS:001835173300001,adjacent-subtopic,"Augmented Reality (AR) and Game-Based Learning (GBL) are emerging as transformative tools in education, particularly for developing computational thinking (CT) skills among middle school students. This study investigates the integration of AR-based GBL with eye-tracking technology and Epistemic Network Analysis (ENA) to evaluate learning outcomes and cognitive engagement. The study was conducted with 67 middle school students using a pre-test/post-test design. Participants engaged with an AR programming game specifically designed to foster CT skills. They used a marker-based AR educational game and game cards to solve programming challenges across 12 levels. An eye-tracking device recorded gaze fixation patterns, revealing students' focus areas during gameplay. Quantitative analysis of the eye-tracking data, combined with ENA, highlighted differences between students with higher prior CT skills (HPCT) and lower prior CT skills (LPCT). HPCT students demonstrated strategic engagement, concentrating on advanced game levels and instructional content, whereas LPCT students primarily focused on foundational stages. Qualitative feedback analyzed with ENA from open-ended questionnaires provided additional insights. HPCT students offered constructive, well-justified feedback, indicating a deeper understanding of the educational potential of the AR environment. In contrast, LPCT students' responses-though generally positive-lacked specificity, reflecting their difficulties with higher-order problem-solving. ENA revealed distinct patterns in how the two groups processed information and articulated feedback, underscoring the need for personalized instructional design. This research contributes a robust methodological framework by leveraging multimodal data to assess AR's impact on CT development. Integrating quantitative and qualitative data through ENA in AR-GBL contexts can inform the design of more adaptable and inclusive learning environments. Future studies should examine the scalability of these findings across diverse populations and investigate the long-term effects of AR-GBL interventions on skill retention.",wos,llm,0.780,unreviewed,
discarded,From paper to software: Teaching polygon-separability problems using BichromaticSolver,"Molano, Ruben; Homaei, Mohammadhossein; Avila, Mar; Rodriguez, Pablo G.; Caro, Andres",2026,INTERNATIONAL ELECTRONIC JOURNAL OF MATHEMATICS EDUCATION,10.29333/iejme/18916,https://www.webofscience.com/wos/woscc/full-record/WOS:001834328700005,off-topic-false-hit,"This paper examines how bichromatic separability problems, a classic topic in computational geometry, can be adapted for secondary mathematics education through the use of BichromaticSolver. The software computes simple or convex polygons that separate two finite sets of points under different optimisation criteria, including maximum area, minimum area, maximum perimeter, or minimum perimeter. Unlike traditional approaches, the number of polygon sides k is not fixed in advance but chosen by the user, enabling the exploration of diverse and potentially more effective configurations. Three classroom tasks were designed in which students alternated between paper-and-pencil methods and digital exploration with the software. This two-phase structure encouraged them to verify constructions, compare alternative outcomes, and refine their strategies. Classroom observations from this exploratory study document how these activities created opportunities for students to express and refine geometric reasoning while making computational thinking (CT)-related practices visible, for example decomposition, abstraction, strategic planning, and comparative evaluation of solutions. The findings suggest that integrating computational geometry problems with digital tools can enrich traditional mathematics instruction, highlight the relevance of geometry in authentic contexts, and offer a promising and transferable context for developing CT alongside core geometry content in secondary mathematics education.",wos,llm,0.990,unreviewed,
discarded,Enriching Idealized Design: A Multimethod Framework Integrating Systems Thinking Tools,"Hamidi, Ali; Dalipi, Fisnik; Salavati, Sadaf",2026,SYSTEMS,10.3390/systems14070858,https://www.webofscience.com/wos/woscc/full-record/WOS:001833221200001,off-topic-false-hit,"Complex and wicked problems characterized by high levels of uncertainty motivate the use of multimethodology (or methodological pluralism) in which different methodologies and methods are combined to better approach problems and develop solutions. This methodological pluralism has been applied across disciplines, including the systems thinking field, where scholars employed complementary methodologies and methods. Idealized design and interactive planning represent one such systems methodology that offers a structured action-oriented approach to redesigning a system toward an idealized state rather than attempting to predict it. Although conceptually well-established, idealized design has been noted for its limited practical guidance, particularly in identifying where and how to intervene in a system. The present paper addresses this gap by proposing an enriched idealized design framework that integrates rich pictures from soft systems methodology and causal loop diagrams, system archetypes, and the leverage points framework from system dynamics. Each tool is integrated at a specific phase of the idealized design process, forming a progressive cascade while preserving the original sequence of the idealized design approach. A retrospective empirical demonstration drawing on a longitudinal study on computational thinking (CT) education is presented to illustrate the conceptual coherence of the framework, and potential directions for future work, including prospective validation, are discussed.",wos,llm,0.990,unreviewed,
discarded,STEAM education for AI literacy: a systematic literature review,"Niri, Gala; Chiu, Thomas K. F.; Ombid, Angel Mae O.; Ybanez, Dennis Lee Jarvis B.; Dennerlein, Sebastian Maximilian; Zhou, Xinyan; Lavicza, Zsolt",2026,INTERNATIONAL JOURNAL OF STEM EDUCATION,10.1186/s40594-026-00629-8,https://www.webofscience.com/wos/woscc/full-record/WOS:001825763100001,adjacent-subtopic,"As K-12 education prepare learners for an AI-driven society, the interdisciplinary STEAM approach is widely presented as a pathway to AI literacy, yet evidence on where, how, and how well it advances distinct literacy areas remains fragmented. Following PRISMA procedures, we systematically reviewed 39 studies (2016-2025) from four databases that addressed AI as content within STEAM contexts. We conducted (1) descriptive mapping of publication year, region, educational level, research design, and instructional modality; and (2) deductive coding with the TIECD framework (Technology, Impact, Ethics, Collaboration, Design), followed by inductive refinement into ten AI Literacy Elements (AILEs). Co-occurrence analyses examined emphases and gaps, and mappings linked AILEs to school subjects and to STEAM clusters. Results show a sharp increase in publications from 2021 onward, with most work in middle and high schools. The corpus is geographically concentrated; methods are mainly mixed or qualitative; and instruction is predominantly technology-enhanced. Across AILEs, technical foundations, specifically Fundamental AI Concepts, Computational Thinking, and Data Literacy dominate, while Ethical Awareness, Creative Imagination, Creating with AI, Managing AI, and Designing AI are comparatively underrepresented. Contributions are led by Technology disciplines (Computer Science and Data Science), with thinner coverage across Science, Mathematics, Engineering and Arts disciplines, and Integrated STEAM. Overall, current STEAM implementations chiefly develop technical literacies while offering limited, uneven opportunities for ethical reasoning, creative futures thinking, collaborative management of AI, and design of AI systems. We propose a revised, evidence-informed AI literacy framework aligning TIECD with ten elements and recommend broadening early-years provision, diversifying disciplinary pathways beyond Technology, and designing tasks that jointly evidence technical fluency, ethics, collaboration with AI, and iterative design.",wos,llm,0.990,unreviewed,
kept,Integrating AI into computational thinking: development and validation of an assessment tool for higher education students,"Zhang, Shile; Zhang, Shuhan",2026,INTERNATIONAL JOURNAL OF STEM EDUCATION,10.1186/s40594-026-00623-0,https://www.webofscience.com/wos/woscc/full-record/WOS:001825763400001,supports-claim,"Background In the modern digital era, computational thinking (CT) is a fundamental skill that has been influenced by advances in artificial intelligence (AI). While there are various resources for teaching and evaluating CT, the integration of AI principles into CT education remains scarce. In this study, we proposed the Computational Thinking in AI Training Test (CTAT), tailored for higher education students in computer sciences (CS) and AI-related programs. The test was developed using the Evidence-Centered Design (ECD) framework, resulting in 34 multiple-choice items being created. Validation was conducted through expert review and cognitive interviews, with refinements made based on feedback. A field test was then conducted with 461 higher education students (Year 1-2) from two vocational schools and two colleges in southern China. The data were analyzed using the Item Response Theory (IRT) approach, along with other psychometric tests.Results Results indicate that CTAT exhibited robust psychometric properties, suggesting its appropriateness for the target student population. Analysis of test performance revealed that students' CT skills improved as they progressed through their educational pathways, with no significant gender-based differences observed. Students' response patterns to the items reveal that they tend to have difficulties in identifying appropriate data representation, applying logical operators in a correct sequence, and differentiating loop structures.Conclusions The study provides a valid and reliable tool for assessing CT within an AI training context at the higher education level, and findings on students' challenges in solving CT problems provide practical insights for CT and AI tertiary education.",wos,llm,0.920,unreviewed,
discarded,Game-Based and Gamified Robotics Education: A Comparative Systematic Review and Design Guidelines,"Mubarrat, Syed Tanzim; Min, Byung-Cheol; Shao, Tianyu; Smith, E. Cho; Benes, Bedrich; Magana, Alejandra; Mousas, Christos; Kao, Dominic",2026,"PROCEEDINGS OF THE 2026 CHI CONFERENCE ON HUMAN FACTORS IN COMPUTING SYSTEMS, CHI 2026",10.1145/3772318.3791338,https://www.webofscience.com/wos/woscc/full-record/WOS:001795712700199,adjacent-subtopic,"Robotics education fosters computational thinking, creativity, and problem-solving, but remains challenging due to technical complexity. Game-based learning (GBL) and gamification offer engagement benefits, yet their comparative impact remains unclear. We present the first PRISMA-aligned systematic review and comparative synthesis of GBL and gamification in robotics education, analyzing 95 studies from 12,485 records across four databases (2014-2025). We coded each study's approach, learning context, skill level, modality, pedagogy, and outcomes (kappa =.918). Three patterns emerged: (1) approach-context-pedagogy coupling (GBL more prevalent in informal settings, while gamification dominated formal classrooms [p <.001] and favored project-based learning [p =.009]); (2) emphasis on introductory programming and modular kits, with limited adoption of advanced software (similar to 17%), advanced hardware (similar to 5%), or immersive technologies (similar to 22%); and (3) short study horizons, relying on self-report. We propose eight research directions and a design space outlining best practices and pitfalls, offering actionable guidance for robotics education.",wos,llm,0.980,unreviewed,
discarded,"Human-AI Collaborative Learning Ecosystem: Effects of Multi-Agent-Based Programming Learning on Learning Outcomes, Computational Thinking, and Behavioral Patterns in Higher Education","Xiao, Zihan; Wang, Haoming; Jin, Sheng; Lai, Yutong; Cao, Yue; Zhang, Yuxi; Wang, Chengliang",2026,INTERNATIONAL JOURNAL OF HUMAN-COMPUTER INTERACTION,10.1080/10447318.2026.2692021,https://www.webofscience.com/wos/woscc/full-record/WOS:001814891800001,adjacent-subtopic,"Programming education plays a central role in computer science learning, and intelligent tutoring systems offer possibilities for enhancing instructional effectiveness. However, conventional programming instruction often faces challenges in providing support tailored to diverse cognitive processes and learner needs. This study proposes a Multi-Agent-based Programming Learning (MA-PL) approach, which leverages collaborative agent technology to provide differentiated support including algorithmic guidance, code assistance, and learning monitoring based on learners' cognitive states and problem-solving progress. An experimental design was adopted with 54 university students randomly assigned to experimental and control groups for a 12-week intervention. Results indicated that the experimental group achieved significant improvements in learning outcomes and computational thinking, and exhibited more positive programming behavioral patterns characterized by higher-level cognitive engagement. However, the study revealed reduced autonomous construction behaviors and a shift from peer collaboration to human-AI collaboration. These findings offer empirical insights into multi-agent technology in programming education.",wos,llm,0.910,unreviewed,
discarded,A systematic literature review of embodied cognition in k-12 STEM education: mapping out the field,"Gjengset, Fridtjof; Kersting, Magdalena; Bruun, Jesper",2026,STUDIES IN SCIENCE EDUCATION,10.1080/03057267.2026.2695519,https://www.webofscience.com/wos/woscc/full-record/WOS:001814495900001,off-topic-false-hit,"Over the past few decades, there has been a growing interest in embodied cognition theory from k-12 science education researchers. This growth has led to new perspectives and approaches to operationalising embodied cognition theory. To chart out this new body of research, we present this systematic literature review on how embodied cognition has been operationalised in empirical research over the past decade across all k-12 grade levels and STEM subject fields. Searching Scopus, ERIC, and Web of Science, we identified and analysed 193 articles using qualitative content and network analysis. Our results show there has been a significant increase in publications on embodied cognition in k-12 STEM education over the past five years. We found that researchers mainly draw on embodied cognition to ground abstract science concepts in tangible and accessible forms. Consequently, researchers primarily focus on abstract science concepts, with a particular focus on integrating technology. Results from these studies suggest that embodied cognition can lead to increased learning, motivation, and engagement in science. This review marks the first step in mapping out how embodied cognition is operationalised in k-12 science education and suggests several research avenues for advancing embodied cognition research in science education.",wos,llm,0.990,unreviewed,
kept,Comparison of the development of computational thinking in mathematics teaching in Python supported programming and paper and pencil environments: a single-gender classroom example,"Mercan, Rukiye Nur; Ulger, Tugce Kozakli",2026,ETR&D-EDUCATIONAL TECHNOLOGY RESEARCH AND DEVELOPMENT,10.1007/s11423-026-10666-3,https://www.webofscience.com/wos/woscc/full-record/WOS:001813052400001,CT-facets-concepts-vs-practices; supports-claim,"This mixed-methods study compared text-based Python instruction with unplugged (paper-and-pencil) activities for sixth-grade boys in mathematics. Across nine weeks per condition, intact classes engaged with parallel tasks on Sets and Integers designed to pursue dual aims: strengthening mathematical conceptual understanding and advancing core computational thinking (CT) processes. Quantitatively, groups were comparable at baseline; post-intervention, both showed significant improvement in CT, with gains favoring Python. On conceptual assessments, both conditions improved; between-group differences were evident for Integers but not for Sets, suggesting that transfer from CT to mathematics may depend on the extent to which a topic invites algorithmic structuring (e.g., conditional logic, iterative comparison). Qualitatively, ICAP coding of Python sessions (screen/audio traces and artifacts) showed a progression from Passive/Active toward Constructive/Interactive engagement, aligning process shifts with observed learning gains. Overall, the findings indicate that well-scaffolded Python activities embedded in mathematics can enhance CT and, for procedurally amenable topics, support conceptual learning-offering design guidance for integrating programming into middle-grades mathematics and a process-level account of how engagement patterns relate to learning.",wos,llm,0.920,unreviewed,
