status,title,authors,year,venue,doi,url,tags,abstract,provider,decision_source,llm_confidence,llm_review_outcome,llm_change_direction
kept,The computational thinking for science (CT-S) framework: operationalizing CT-S for K–12 science education researchers and educators,Timothy Hurt; Eric Greenwald; Sara Allan; Matthew A. Cannady; Ari Krakowski; Lauren Brodsky; Melissa A. Collins; Ryan Montgomery; Rena Dorph,2023,International Journal of STEM Education,10.1186/s40594-022-00391-7,https://openalex.org/W4313576218,qualifies-claim,"Abstract Contemporary science is a field that is becoming increasingly computational. Today’s scientists not only leverage computational tools to conduct their investigations, they often must contribute to the design of the computational tools for their specific research. From a science education perspective, for students to learn authentic science practices, students must learn to use the tools of the trade. This necessity in science education has shaped recent K–12 science standards including the Next Generation Science Standards, which explicitly mention the use of computational tools and simulations. These standards, in particular, have gone further and mandated that computational thinking be taught and leveraged as a practice of science. While computational thinking is not a new term, its inclusion in K–12 science standards has led to confusion about what the term means in the context of science learning and to questions about how to differentiate computational thinking from other commonly taught cognitive skills in science like problem-solving, mathematical reasoning, and critical thinking. In this paper, we propose a definition of computational thinking for science (CT-S) and a framework for its operationalization in K–12 science education. We situate our definition and framework in Activity Theory, from the learning sciences, in order to position computational thinking as an input to and outcome of science learning that is mediated by computational tools.",openalex,llm,0.950,unreviewed,
kept,The state of the field of computational thinking in early childhood education,Marina Umaschi Bers; Amanda Strawhacker; Amanda Sullivan,2022,OECD education working papers,10.1787/3354387a-en,https://openalex.org/W4285085466,supports-claim,"Computer programming and associated Computational Thinking (CT) skills are essential to thriving in today’s academic and professional world. There has been a growing focus globally on fostering CT skills as well as on introducing computer programming concepts and languages beginning as early as kindergarten and pre-primary school. Tools, curriculum, and frameworks to promote CT in the early years must be designed and implemented in ways that engage children who cannot yet read and write, who learn through play, and who have a short attention span and limited working memory but also strong natural curiosity. This review summarises empirical and theoretical literature on the state of the field of CT as it relates to early learning and development, a time when young children are being introduced to foundational skills, such as literacy and numeracy, which can carefully be complemented by an exploration of CT.",openalex,llm,0.940,unreviewed,
kept,Informatics Concepts and Computational Thinking in K-12 Education: A Lithuanian Perspective,Valentina Dagienė; Gabrielė Stupurienė,2016,Journal of Information Processing,10.2197/ipsjjip.24.732,https://openalex.org/W2473873004,supports-claim,"Informatics or Computer Science is important subject in nowadays school education. Informatics can be presented as a discipline for understanding technology in a deeper way - the understanding behind computer programs. Bringing Informatics to schools means preparing young people to be creators of information technology - not only to be users of technological devices. To achieve that, we need to introduce Informatics concepts to primary, basic (K-9) and secondary education (K-12). From the other side, we need to help people to solve problems by using technology and developing computational thinking in various areas. The paper presents a short overview of Informatics education at schools of Lithuania with focus on future modern Informatics and Information Technology curriculum for K-12 education. The importance of informal education of Informatics concepts and computational thinking through contests is discussed as well. Few examples of short tasks for understanding Informatics concepts and developing computational thinking skills are presented.",openalex,llm,0.800,unreviewed,
kept,A framework for supporting systems thinking and computational thinking through constructing models,Namsoo Shin; Jonathan Bowers; Steve Roderick; Cynthia McIntyre; A. Lynn Stephens; Emil Eidin; Joseph Krajcik; Daniel Damelin,2022,Instructional Science,10.1007/s11251-022-09590-9,https://openalex.org/W4286823354,qualifies-claim,"Abstract We face complex global issues such as climate change that challenge our ability as humans to manage them. Models have been used as a pivotal science and engineering tool to investigate, represent, explain, and predict phenomena or solve problems that involve multi-faceted systems across many fields. To fully explain complex phenomena or solve problems using models requires both systems thinking (ST) and computational thinking (CT). This study proposes a theoretical framework that uses modeling as a way to integrate ST and CT. We developed a framework to guide the complex process of developing curriculum, learning tools, support strategies, and assessments for engaging learners in ST and CT in the context of modeling. The framework includes essential aspects of ST and CT based on selected literature, and illustrates how each modeling practice draws upon aspects of both ST and CT to support explaining phenomena and solving problems. We use computational models to show how these ST and CT aspects are manifested in modeling.",openalex,llm,0.900,unreviewed,
kept,Redefining computational thinking: A holistic framework and its implications for K-12 education,Belén Palop; Irene Dı́az; Luis J. Rodríguez‐Muñiz; Juan José Santaengracia,2025,Education and Information Technologies,10.1007/s10639-024-13297-4,https://openalex.org/W4406707652,qualifies-claim,"Abstract In the realm of K-12 Education, the growing significance of Computational Thinking has sparked extensive inquiry into its nature and instructional methodologies. Despite a wealth of literature on the subject, ongoing debates persist regarding its fundamental components. Across global educational landscapes, Computational Thinking is being incorporated into curricula with varying degrees of emphasis, ranging from robotics to computer coding to broader algorithmic problem-solving approaches. This article aims to reassess established definitions of Computational Thinking and propose a nuanced understanding that highlights the necessity and importance of data in contemporary problem-solving contexts. Additionally, we present a comprehensive framework aimed at cultivating Computational Thinking skills in students, encompassing technical competencies alongside cognitive and metacognitive processes. Subsequently, we offer (1) a refined definition emphasizing the importance of data, (2) a comprehensive framework outlining essential components to foster Computational Thinking skills in students, and (3) a discussion of these concepts within the context of K-12 education.",openalex,llm,0.980,unreviewed,
discarded,"Political computational thinking: policy networks, digital governance and ‘learning to code’",Ben Williamson,2015,Critical Policy Studies,10.1080/19460171.2015.1052003,https://openalex.org/W1498491353,adjacent-subtopic,"Reflecting political shifts toward both ‘network governance’ and ‘digital governance’, the idea of ‘learning to code’ has become part of a major reform agenda in education policy in England. This article provides a ‘policy network analysis’ tracing the governmental, business and civil society actors now operating in policy networks to project learning to code into the reformed programs of study for computing in the National Curriculum in England. The insertion of learning to code into the curriculum provides evidence of how the education policy process is being displaced to cross-sector ‘boundary organizations’ such as ‘policy labs’ that act as connecting nodes to broker networks across public and private sector borderlines. It also examines how the pedagogies of learning to code are intended to inculcate young people into the material practices and systems of thought associated with computer coding, and to contribute to new forms of ‘digital governance’. These developments are evidence of a ‘reluctant state’ deconcentrating its responsibilities, and also of a computational style of political thinking that assumes policy problems can be addressed using the right code. Learning to code is seen as a way of shaping governable citizens that can participate in the dynamics of digital governance.",openalex,llm,0.840,unreviewed,
discarded,Integration of computational thinking in K-12 mathematics education: a systematic review on CT-based mathematics instruction and student learning,Huiyan Ye; Biyao Liang; Oi‐Lam Ng; Ching Sing Chai,2023,International Journal of STEM Education,10.1186/s40594-023-00396-w,https://openalex.org/W4317209162,adjacent-subtopic,"Abstract There has been substantial research undertaken on the integration of computational thinking (CT) in K-12 mathematics education in recent years, particularly since 2018 when relevant systematic reviews were conducted on the topic. Many empirical studies in this area have yet to elaborate clearly and explicitly on how CT may support mathematics learning, or otherwise, in CT-based mathematics activities. Addressing this research gap, we conducted a systematic review on the integration of CT in K-12 mathematics education with a focus on CT-based mathematics instruction and students learning under such instruction. The Web of Science database was searched for in terms of studies published from 2006 to 2021, from which 24 articles were selected to provide illustrations of CT-based mathematics instruction and related student learning, and they were further analyzed according to education levels and contexts, programming tools, learning outcomes in CT and mathematics, and the mutual relationship between CT and mathematics learning. Among the results, this review found that geometrized programming and student-centered instructional approaches were facilitators of productive learning in CT and mathematics. Moreover, CT-based mathematics learning entails an interactive and cyclical process of reasoning mathematically and reasoning computationally, which can occur when: (1) applying mathematics to construct CT artefacts; (2) applying mathematics to anticipate and interpret CT outputs; and (3) generating new mathematical knowledge in parallel with the development of CT. The findings contribute to an in-depth understanding of what, and how, CT-based mathematics instruction impacts student learning in K-12 contexts.",openalex,llm,0.740,unreviewed,
kept,Approaches to Assess Computational Thinking Competences Based on Code Analysis in K-12 Education: A Systematic Mapping Study,Nathalia da Cruz Alves; Christiane Gresse von Wangenheim; Jean Carlo Rossa Hauck,2019,Informatics in Education,10.15388/infedu.2019.02,https://openalex.org/W2941647495,qualifies-claim,"As computing has become an integral part of our world, demand for teaching computational thinking in K-12 has increased. One of its basic competences is programming, often taught by learning activities without a predefined solution using block-based visual programming languages. Automatic assessment tools can support teachers with their assessment and grading as well as guide students throughout their learning process. Although being already widely used in higher education, it remains unclear if such approaches exist for K-12 computing education. Thus, in order to obtain an overview, we performed a systematic mapping study. We identified 14 approaches, focusing on the analysis of the code created by the students inferring computational thinking competencies related to algorithms and programming. However, an evident lack of consensus on the assessment criteria and instructional feedback indicates the need for further research to support a wide application of computing education in K-12 schools.",openalex,llm,0.880,unreviewed,
kept,An Overview Of The Most Relevant Literature On Coding And Computational Thinking With Emphasis On The Relevant Issues For Teachers,"García-Peñalvo, F. J.; Daniela Reimann; Maire Tuul; Arran J. Rees; Ilkka Jormanainen",2016,Gredos (University of Salamanca),10.5281/zenodo.165123,https://openalex.org/W2619631032,qualifies-claim,"The rationale for this literature review is to take the main areas of debate surrounding the teaching of coding to primary aged children and examine the polemic and the different positions that writers and practitioners are taking on these issues. This is intended to be a literature review useful to practitioners rather than academics. In that vein, in addition to published peer referenced journal articles we have decided to make maximum use of blog posts and opinions on social media for our source material as we believe that the most informed debate on kids coding is not actually going on in academic journals!",openalex,llm,0.900,unreviewed,
kept,From Computational Thinking to Systems Thinking: A conceptual toolkit for sustainability computing,Steve Easterbrook,2014,Advances in computer science research,10.2991/ict4s-14.2014.28,https://openalex.org/W2095058254,qualifies-claim,"If information and communication technologies (ICT) are to bring about a transformational change to a sustainable society, then we need to transform our thinking. Computer professionals already have a conceptual toolkit for problem solving, sometimes known as computational thinking. However, computational thinking tends to see the world in terms a series of problems (or problem types) that have computational solutions (or solution types). Sustainability, on the other hand, demands a more systemic approach, to avoid technological solutionism, and to acknowledge that technology, human behaviour and environmental impacts are tightly inter-related. In this paper, I argue that systems thinking provides the necessary bridge from computational thinking to sustainability practice, as it provides a domain ontology for reasoning about sustainability, a conceptual basis for reasoning about transformational change, and a set of methods for critical thinking about the social and environmental impacts of technology. I end the paper with a set of suggestions for how to build these ideas into the undergraduate curriculum for computer and information sciences.",openalex,llm,0.870,unreviewed,
discarded,"MIT App Inventor: Objectives, Design, and Development",Evan W. Patton; Michael Benjamin Tissenbaum; Farzeen Harunani,2019,,10.1007/978-981-13-6528-7_3,https://openalex.org/W2966718639,adjacent-subtopic,"MIT App Inventor is an online platform designed to teach computational thinking concepts through development of mobile applications. Students create applications by dragging and dropping components into a design view and using a visual blocks language to program application behavior. In this chapter, we discuss (1) the history of the development of MIT App Inventor, (2) the project objectives of the project and how they shape the design of the system, and (3) the processes MIT uses to develop the platform and how they are informed by computational thinking literature. Key takeaways include use of components as abstractions, alignment of blocks with student mental models, and the benefits of fast, iterative design on learning.",openalex,llm,0.780,unreviewed,
kept,Developing a Two-Dimensional Categorization System for Educational Tasks in Informatics,Valentina Dagienė; Sue Sentance; Gabrielė Stupurienė,2017,Informatica,10.15388/informatica.2017.119,https://openalex.org/W2588717856,supports-claim,"Computational thinking is an increasingly important focus in computer science or informatics curricula around the world, and ways of incorporating it into the school curricula are being sought. The Bebras contest on informatics, which originated 12 years ago and now involves around 50 countries, consists of short problem-solving tasks based on topics in informatics. Bebras tasks engender the development of computational thinking skills by incorporating abstraction, algorithmic thinking, decomposition, evaluation and generalization. Bebras tasks cover a range of informatics concepts including algorithms and data structures, programming, networking, databases and social and ethical issues. Having built up a substantial number of Bebras tasks over 12 years it is important to be able to categorize them so that they can be easily accessed by the Bebras community and teachers within schools. The categorization of tasks within Bebras is important as it ensures that tasks span a wide range of topics; there have been several categorization schemes suggested to date. In this paper we present a new two-dimensional categorization system that takes account of computational thinking skills as well as content knowledge. Examples are given from recent tasks that illustrate the role that Bebras can play in the development of computational thinking skills.",openalex,llm,0.890,unreviewed,
discarded,PROBLEM SOLVING IN THE CONTEXT OF COMPUTATIONAL THINKING,Swasti Maharani; Muhammad Noor Kholid; Lingga Nico Pradana; Toto Nusantara,2019,Infinity Journal,10.22460/infinity.v8i2.p109-116,https://openalex.org/W2979477577,adjacent-subtopic,"Computational thinking is needed in the 21st century, where we live in an era of digitalization. Also, there is a global movement to incorporate computational thinking into the education curriculum, especially Mathematics education. The different of this research with others is this research compares the Polya problem solving and computational thinking. This research was conducted to find out how the relationship/relationship of the Polya problem-solving with the steps of computational thinking. The method used in this research is descriptive qualitative. The subject of this study was mathematics education students. The results showed that the relationship between problem-solving and computational thinking of respondent when solving the problem is when defining the problem in the context of problem-solving, the respondent performs the stage of decomposition and abstraction in the context of computational thinking. During the planning process of the solution process, respondents carried out the generalization stage. When the scene is carrying out the plan and the problem solver to look back to evaluate the solution, the respondent performs the debugging and algorithmic steps.",openalex,llm,0.730,unreviewed,
kept,Articulating a sociocultural framework for designing for learning computational thinking,"Dohn, Nina Bonderup",2026,LEARNING CULTURE AND SOCIAL INTERACTION,10.1016/j.lcsi.2026.101037,https://www.webofscience.com/wos/woscc/full-record/WOS:001825272600001,qualifies-claim,"This conceptual paper develops a socioculturally informed theoretical framework for designing for learning Computational Thinking (CT); with the wider purpose of providing guidance for educational practice. Existing understandings of CT broadly fall into three categories, which have been termed the cognitive, the situated, and the critical approaches. Implicitly, they agree to an engagement condition for CT activities: CT activities necessarily involve engagement with algorithms. All approaches have an individualist focus, even the so-called ""situated"" one, which emphasizes individual sense-making and personal expression. The individualist focus of prevalent CT understandings is a problem, not least because of its practical implications: Educational activities based on understanding CT individualistically do not adequately support students in learning the cultural practices of developing, using, and critiquing algorithms in interaction with others; practices that are, however, crucial in our highly digitalized contemporary societies. Instead, such support requires a sociocultural conceptualization of CT, focusing on learners' negotiation of meaning in shared practices, development of patterns of participation and of shared repertoires of informational resources, and negotiation of interactional identities. The present article provides this. Drawing on the work of Greeno, CT phenomena are reconceptualized at four levels of increasing time-scale and complexity. For each level, it is explicated what engagement with algorithms consists in from a sociocultural perspective, and what criteria for demonstrating engagement are. The framework encompasses learning activities highlighted by existing approaches to CT but reconceptualize them as interactional practices. Examples of learning activities at each level are provided.",wos,llm,0.930,unreviewed,
