status,title,authors,year,venue,doi,url,tags,abstract,provider,decision_source,llm_confidence,llm_review_outcome,llm_change_direction
discarded,A Survey on Feedback Types in Automated Programming Assessment Systems,"Frankford, Eduard; Antensteiner, Tobias; Vierhauser, Michael; Sauerwein, Clemens; Wallner, Vivien; Groher, Iris; Plosch, Reinhold; Breu, Ruth",2026,ACM TRANSACTIONS ON COMPUTING EDUCATION,10.1145/3773911,https://www.webofscience.com/wos/woscc/full-record/WOS:001676176100001,adjacent-subtopic,"With the recent rapid increase in digitization across all major industries, acquiring programming skills has increased the demand for introductory programming courses. This has further resulted in universities integrating programming courses into a wide range of curricula, including not only technical studies but also business and management fields of study. Consequently, additional resources are needed for teaching, grading, and tutoring students with diverse educational backgrounds and skills. As part of this, Automated Programming Assessment Systems (APASs) have emerged, providing scalable and high-quality assessment systems with efficient evaluation and instant feedback. Commonly, APASs heavily rely on predefined unit tests for generating feedback, which often limits the scope and level of detail of feedback that can be provided to students. With the rise of Large Language Models (LLMs) in recent years, new opportunities have emerged as these technologies can enhance feedback quality and personalization. To investigate how different feedback mechanisms in APASs are perceived by students, and how effective they are in supporting problem-solving, we have conducted a large-scale study with over 200 students from 2 different universities. Specifically, we compare baseline Compiler Feedback, standard Unit Test Feedback, and advanced LLM-based Feedback regarding perceived quality and impact on student performance. Results indicate that while students rate Unit Test Feedback as the most helpful, AI-generated feedback leads to significantly better performances. These findings suggest combining unit tests and AI-driven guidance to optimize automated feedback mechanisms and improve learning outcomes in programming education.",wos,llm,0.980,unreviewed,
discarded,Using Self-regulated Learning Theory to Inform the Design of Educational Recommender Systems for Introductory Programming,"Barria-Pineda, Jordan; Unal, Deniz Sonmez; Akhuseyinoglu, Kamil; Brusilovsky, Peter; Walker, Erin",2025,"ARTIFICIAL INTELLIGENCE IN EDUCATION, AIED 2025, PT V",10.1007/978-3-031-98462-4_35,https://www.webofscience.com/wos/woscc/full-record/WOS:001655282800035,adjacent-subtopic,"Many educational recommender systems (EdRecSys) rely on commercial recommendation strategies that emphasize content relevance while neglecting learners' views on recommendation effectiveness. To address this, we conducted a co-design study with computer science students in an introductory programming course to explore their vision of an ideal EdRecSys. The subjects shared preferences and concerns related to three areas: recommendation approaches, transparency, and control. We used Zimmerman's model of self-regulated learning to contextualize their expectations within a broader educational framework. Findings offer actionable insights for designing learner-centered AIED systems that foster engagement, agency, and self-regulation.",wos,llm,0.960,unreviewed,
discarded,When GPT-4 Goes to Class: Benchmarking MOOCs and Enhancing Course Design with AI,"Elhayany, Mohamed; Meinel, Christoph",2025,"ARTIFICIAL INTELLIGENCE IN EDUCATION, AIED 2025, PT V",10.1007/978-3-031-98462-4_1,https://www.webofscience.com/wos/woscc/full-record/WOS:001655282800001,adjacent-subtopic,"Massive Open Online Courses offer scalable learning opportunities, yet ensuring robust assessment remains challenging. Advances in Artificial Intelligence, especially large language models like GPT-4, present new possibilities for benchmarking and refining course materials. This paper investigates how GPT-4 compares to human learners in ten introductory programming MOOCs-six Python and four Java courseson multiple-choice and coding exercises. We analyze the model's performance at an exercise level compared to average student scores. Results show GPT-4 frequently outperforms average learners, particularly in Python courses, with statistically significant advantages observed. However, the model's advantages are less pronounced or insignificant in Java courses. Crucially, we highlight scenarios where GPT-4 struggles: exercises involving specialized libraries, multimedia content, or external contextual knowledge. These insights assist course designers in identifying ambiguous instructions and context-dependent tasks, enabling targeted course design improvements. Such refinements ensure materials better meet human learners' needs while anticipating AI advancements, thus sustaining MOOC quality and fairness.",wos,llm,0.950,unreviewed,
discarded,Generative AI for Non-Techies: Empirical Insights into LLMs in Programming Education for Novice Non-STEM Learners,"Rossi, Valentina; Scantamburlo, Teresa; Melonio, Alessandra",2025,"ARTIFICIAL INTELLIGENCE IN EDUCATION, AIED 2025, PT IV",10.1007/978-3-031-98459-4_12,https://www.webofscience.com/wos/woscc/full-record/WOS:001655279700012,adjacent-subtopic,"General-purpose large language models (LLMs), are transforming programming education. These models can autonomously generate code, identify errors, suggest debugging strategies, and provide explanations. Recent advances, including Chain-of-Thought (CoT) training, have strengthened these capabilities. This study examines how non-STEM postgraduate students use LLMs in an introductory programming course. After attending an AI literacy (AIL) workshop covering generative AI (GAI) basics, ethics, and prompt engineering, participants completed questionnaires and Python exercises. Findings show strong reliance on LLMs, often with uncritical acceptance of their outputs. The results underscore the need to embed AI literacy into non-STEM curricula and promote a model of augmented intelligence, encouraging critical, ethical collaboration with AI systems.",wos,llm,0.950,unreviewed,
discarded,Guidelines for Designing an Information Architecture for a First-Year Programming Module on Moodle: Nelson Mandela University Case Study,"Kafile, Asanda; Barnard, Lynette; Kunjuzwa, Dumani",2025,"2025 IST-AFRICA CONFERENCE, IST-AFRICA",,https://www.webofscience.com/wos/woscc/full-record/WOS:001597540300022,adjacent-subtopic,"First-year programming students at higher education institutions often encounter challenges related to learning material. These challenges can often be attributed to learning material on a Learning Management System (LMS) that is not student-centred and fails to accommodate diverse learning styles effectively. This study seeks to evaluate the effectiveness of an Information Architecture (IA) in structuring content to support students' diverse learning styles. In a quantitative approach, data was collected from 64 first-year programming students through a questionnaire. The study was grounded in the Cognitive Theory of Multimedia Learning (CTML). The findings suggested that navigation, labelling, and certain types of learning material contribute to a negative learning experience in introductory programming modules. This paper presents a theoretical contribution by proposing design guidelines for developing an IA for online courses on an LMS to enhance students' learning experiences.",wos,llm,0.940,unreviewed,
kept,"Teaching introductory programming in top universities: A global study of languages, paradigms, assessment, and AI","Gomes, Joao Pedro; Monteiro, Redney; Moreira, Andre Silva; Mendonca, Vitor; Pinho, Anabela; Cunha, Carlos R.",2026,JOURNAL OF COMPUTER LANGUAGES,10.1016/j.cola.2025.101384,https://www.webofscience.com/wos/woscc/full-record/WOS:001662702800001,supports-claim,"This study examines the first two introductory computer science courses (CS1 and CS2) at the world's top universities, focusing on the choice of programming languages and paradigms, assessment types and weights, and policies regarding student use of AI tools. Data were compiled from 150 programming courses across 83 institutions ranked in the Shanghai 2023 Global Ranking of Academic Subjects for Computer Science & Engineering. The analysis reveals that the prevailing languages are Python in CS1 (32.5 %) and Java in CS2 (56.7 %). Typical transitions from CS1 to CS2 involve moving from Python or C to Java. There are some regional preferences: Asian institutions favor lower-level languages like C and C++, whereas European universities explore functional programming languages like Haskell. Regarding programming paradigms, CS1 emphasizes imperative approaches, sometimes introducing object-oriented concepts later in the course, while CS2 consolidates objectoriented programming. However, some CS1 courses adopt a functional paradigm. Course assessments are typically divided into several categories, with a preference for exams and various types of continuous assessments. However, there is also significant use of projects, quizzes, and labs. Examinations usually have the highest weight in the final grade. Course-level policies on students' use of generative AI tools reveal very different approaches, from complete prohibition to active encouragement. These findings offer valuable insights into how leading universities approach programming education in a multidimensional view that includes languages, paradigms, assessments, and AI tools policies.",wos,llm,0.980,unreviewed,
discarded,Sustainable Mobile Microlearning: Evaluating Learners' Perceptions and Learning Outcomes in IT Education,"Yuca, Zafer; Dabaj, Fahme",2025,SUSTAINABILITY,10.3390/su172310860,https://www.webofscience.com/wos/woscc/full-record/WOS:001635520900001,adjacent-subtopic,"Mobile Microlearning (MML) has emerged as a sustainable digital learning strategy capable of improving cognitive efficiency, reducing learner fatigue, and supporting scalable instructional delivery. This study investigates how MML compares with conventional Mobile Learning (ML) when both formats deliver identical instructional content in an introductory programming module for undergraduate IT students. Sixty-eight students were randomly assigned to either an ML course or a redesigned MML course built from the same curriculum but reorganized into short, interactive micro-units. Learners completed a pre/post multiple-choice programming test and a five-scale Course Characteristics Questionnaire evaluating Ease of Use, Clarity & Coherence, Appeal, Difficulty, and Focus. Results indicated significant learning gains in both groups; however, the MML group demonstrated substantially greater improvement. Appeal, Difficulty, and Focus were the strongest predictors of learning growth, with Appeal and Difficulty significantly mediating the relationship between course format and performance. Because the two formats differed only in delivery design (not in content), the findings highlight micro-temporal structuring, lightweight interaction, and immediate feedback as key mechanisms driving the superiority of MML. Grounded in sustainability principles, the study shows that MML reduces cognitive load, enables more efficient study patterns, and provides a scalable, reusable content structure that supports accessible, resilient learning ecosystems. These results offer design-level insights for creating sustainable mobile instructional experiences in higher education IT programs.",wos,llm,0.920,unreviewed,
discarded,Surveying Upper-Secondary Teachers on Programming Misconceptions,"Chiodini, Luca; Bevilacqua, Joey; Hauswirth, Matthias",2025,"PROCEEDINGS OF THE ACM CONFERENCE ON INTERNATIONAL COMPUTING EDUCATION RESEARCH V. 1, ICER 2025",10.1145/3702652.3744227,https://www.webofscience.com/wos/woscc/full-record/WOS:001593084100013,adjacent-subtopic,"Background and Context Misconceptions in programming have been studied extensively, but most research focuses on uncovering and assessing misconceptions in students. When teachers are involved, it is usually only to elicit their perspective on misconceptions in their students. However, there is no guarantee that teachers do not hold misconceptions themselves. Detecting the possible presence of misconceptions in teachers is a crucial step for improving their content knowledge and pedagogical content knowledge, which benefits hundreds of students each year.

Objectives The study aims to answer the following research questions: Which programming misconceptions do teachers themselves hold? Are teachers aware of these misconceptions, do they observe them in their students, and do they consider them important? Are there differences in the teachers perspectives, depending on whether they hold misconceptions themselves? Which strategies do teachers employ to deal with the misconceptions in their students?

Method We conducted an extensive, 55-page-long survey of upper-secondary informatics teachers who teach programming in Python. The survey focused on 16 Python misconceptions reported in prior research that involve concepts covered in the teachers upper-secondary courses. The first part of the survey assessed whether the teachers held misconceptions, probing their knowledge with two related questions for each misconception and asking for mandatory explanations. The second part of the survey asked teachers whether they previously knew about the misconceptions, how prevalent they were in their students, how important they believe them to be, and how they could tell that their students hold the misconceptions.

Findings The number of teachers who gave incorrect answers on programming misconception questions varies considerably by misconception, ranging from 3 % to 40 %. Most teachers report being familiar with the misconceptions that were part of the study, consider them rather important, and have observed them at least once in their students. Teachers who answered correctly consistently rate misconceptions as more important and more prevalent among their students. Strategies to deal with the misconceptions include ways to prevent, detect, and fix them.

Implications When teachers hold misconceptions, all of their students can be affected. This study highlights the importance of professional development for teachers so that they can both correct their own misconceptions and recognize them in their students, ultimately leading to better programming education. Our results also caution computing education researchers against assuming that teachers are free from misconceptions. We recommend that future studies include an assessment of the participants knowledge, to ensure that findings are properly contextualized.",wos,llm,0.930,unreviewed,
kept,SDIm an introductory programming course with an ECE context,Virgilio Gonzalez; Eric Freudenthal,2010,2010 IEEE Frontiers in Education Conference (FIE),10.1109/FIE.2010.5673623,https://ieeexplore.ieee.org/document/5673623/,supports-claim,"We report on the content of a pilot for a revised introductory programming course for ECE students titled “Software Design I, modified” (SDIm). SDIm incorporates pedagogical components from a course developed by our computer science department (CCS0) combined with an introduction to electric circuits and other ECE topics. SDIm is being developed in response to observations from several ECE faculty that many students, who attended the previously-offered courses in introductory C-programming had struggled with minor programming assignments throughout the ECE curriculum. The new course initially employs a simple interpreted programming environment based on “Python”. It uses simple small programs associated with mathematical and physical applications in order to illustrate the concepts of programming techniques combined with electric circuits. We expect that students will more quickly learn the fundamentals of and that they will effectively transfer these understandings to the study of C during the second half of the same course.",ieee,llm,0.870,unreviewed,
kept,Work in progress - embedded system-based introductory programming course for computer and electrical engineering students,Bryan J. Mealy,2008,2008 38th Annual Frontiers in Education Conference,10.1109/FIE.2008.4720620,https://ieeexplore.ieee.org/document/4720620/,supports-claim,Introductory programming courses are unique in that they typically represent the studentpsilas first technical experience in computer and electrical engineering curriculum. The presentation of these courses is important because the impressions students form from these courses stay with them throughout their college experience and beyond. This paper describes an embedded system-based introductory programming course designed specifically to support the specific needs of computer and electrical engineering students. This course replaces a similar course taught from primarily a computer science perspective by changing the course context to a hardware-based embedded environment. The embedded system environment fully supports the learning outcomes of the computer science-based programming course but also accustoms students to the nuances of embedded systems that would otherwise require introduction in later coursework. The hardware nature of this course provides students with an introduction to interfacing basic and common I/O devices typically available on microcontroller-based hardware platforms. The presentation of this course also mitigates traditional cultural differences between computer science and engineering-based approaches to curriculum that can have a negative impact on students in their perspective majors.,ieee,llm,0.840,unreviewed,
discarded,Assessing Process and Product - A Practical Lab Exam for an Introductory Programming Course,Jens Bennedsen; Michael E. Caspersen,2006,Proceedings. Frontiers in Education. 36th Annual Conference,10.1109/FIE.2006.322434,https://ieeexplore.ieee.org/document/4116868/,adjacent-subtopic,"The final assessment of a course must reflect its goals, and contents. An important goal of our introductory programming course is that the students learn a systematic approach for the development of computer programs. Having the programming process as learning objective naturally raises the question how to include this in assessments. Traditional assessments (e.g. oral, written, or multiple choice) are unsuitable to test the programming process. We describe and evaluate a practical lab examination that assesses the students' programming process as well as the developed programs. The evaluation is performed in two ways: By analyzing the results of two lab examinations (with more than 500 students) and by semi-structured individual interviews with representatives of the involved persons (students, TAs, lecturer, and examiner). The result of the evaluation is encouraging and indicates the value of alignment and strong conformity between goal, content and assessment of the introductory programming course",ieee,llm,0.900,unreviewed,
kept,Interdisciplinary Computing Education: An Introductory Programming and Data Science Course for Postdoctoral Researchers in the Biosciences,Arko Barman; Leslie S. Beckman; Yasmin Chebaro,2022,2022 IEEE Frontiers in Education Conference (FIE),10.1109/FIE56618.2022.9962737,https://ieeexplore.ieee.org/document/9962737/,supports-claim,"This Innovative-Practice Full Paper presents the curriculum development of an introductory course in programming and data science for postdoctoral researchers (PDRs) in the biosciences. The use of computing software has become ubiquitous and a working knowledge of data science has become increasingly essential for researchers in all domains. However, curriculum development focusing on imparting foundational programming skills and fundamentals of data science for researchers in domains other than computing has been scarce. Thus, there is an unmet need for curriculum development involving computational thinking, programming, and the fundamentals of data science for this audience. Recognizing these growing needs and demands of researchers to learn programming and data science that can then be applied to their area of research or practice, we developed an introductory course in programming and data science for PDRs in biology and medicine. The primary goal of the course was to develop computational thinking skills in PDRs who hail from backgrounds that have traditionally not focused on inculcating computational thinking. This course covered the fundamental concepts of programming using either Python or R - languages that researchers outside the computing community use in numerous ways including the statistical analysis of large datasets that are becoming increasingly common in biomedical research. Further, PDRs enrolled in the course were introduced to some of the broad categories of problems in data science - exploratory data analysis, classification, regression, and clustering - along with relevant algorithms and how they can be applied to real-world datasets in their respective domains using packages or libraries in Python or R. We also report the feedback from the enrolled PDRs, lessons learned, and recommendations for instructors interested in designing similar curricula. Our course focusing on computing and data science education for postdoctoral scholars from a non-computing background demonstrates a promising model for incorporating computing education in other areas of study that do not traditionally have a focus on computing education as well as in continuing education.",ieee,llm,0.830,unreviewed,
