status,title,authors,year,venue,doi,url,tags,abstract,provider,decision_source,llm_confidence,llm_review_outcome,llm_change_direction
kept,AI-Assisted Diagnosis of Students' Misconceptions on Memory Allocation and Dynamic Data Structures in C++,Ioan-Daniel Pop; Bogdan Iudean,2026,"2026 IEEE International Conference on Software Analysis, Evolution and Reengineering - Companion (SANER-C)",10.1109/SANER-C67878.2026.00021,https://ieeexplore.ieee.org/document/11500238/,adjacent-subtopic,"Memory allocation, parameter passing, and dynamic data structures in C++ are some large conceptual challenges high school students face. Because memory management is such a fundamental feature of C++, students generally develop incomplete or inaccurate mental models about what to do with stack and heap memory, semantics of references, and how data structures (like stacks, queues, and linked lists) that are dynamically allocated behave. Traditional methods of instruction and assessment are still concerned with syntactic correctness and problem-solving outcomes and miss out on deeper conceptual misconceptions. These beliefs and misconceptions can be diagnosed and corrected in 11th-grade learning of programming with the use of an AI-aided educational method proposed in this paper. Pre-test/post-test design study applied a conceptual questionnaire, aimed at generating students' mental models, beyond basic syntactic knowledge. Each student's written explanation and code interpretation were then analyzed in the context of an AI-based classification system based on an explicit ontology of common misconceptions. Facing the detected conceptual errors, the system responded with tailored feedback and problem exercises based on the specific needs of individual students. Results reveal a significant decrease in recurring misconceptions following the AI-assisted intervention, especially among students with weaker conceptual understanding after initial stages of the lesson.",ieee,llm,0.840,unreviewed,
discarded,"A Comparison of the Embedding Method With Multiparametric Programming, Mixed-Integer Programming, Gradient-Descent, and Hybrid Minimum Principle-Based Methods",Richard T. Meyer; Miloš Žefran; Raymond A. DeCarlo,2014,IEEE Transactions on Control Systems Technology,10.1109/TCST.2013.2296211,https://ieeexplore.ieee.org/document/6733440/,off-topic-false-hit,"In recent years, the embedding approach for solving switched optimal control problems has been developed in a series of papers. However, the embedding approach, which advantageously converts the hybrid optimal control problem to a classical nonlinear optimization, has not been extensively compared with alternative solution approaches. The goal of this paper is thus to compare the embedding approach with multiparametric programming, mixed-integer programming [mixed integer programming (MIP), commercial (CPLEX)], and gradient-descent-based methods in the context of five recently published examples: 1) a spring-mass system; 2) moving-target tracking for a mobile robot; 3) two-tank filling; dc–dc boost converter; and 5) skid-steered vehicle. A sixth example, an autonomous switched 11-region linear system, is used to compare a hybrid minimum principle method and traditional numerical programming. For a given performance index (PI) for each case, cost and solution times are presented. It is shown that there are numerical advantages of the embedding approach: lower PI cost (except in some instances when autonomous switches are present), generally faster solution time, and convergence to a solution when other methods may fail. In addition, the embedding method requires no ad hoc assumptions (e.g., predetermined mode sequences) or specialized control models. Theoretical advantages of the embedding approach over the other methods are also described; guaranteed existence of a solution under mild conditions, convexity of the embedded hybrid optimization problem (under the customary conditions on the PI), solvability with traditional techniques (e.g., sequential quadratic programming) avoiding the combinatorial complexity in the number of modes/discrete variables of MIP, applicability to affine nonlinear systems, and no need to explicitly assign discrete/mode variables to autonomous switches. Finally, common misconceptions regarding the embedding approach are addressed, including whether it uses an average value control model (no), whether it is necessary to tweak the algorithm to obtain bang-bang solutions (no), whether it requires infinite switching to implement embedded solution (no), and whether it has real-time capability (yes).",ieee,llm,0.980,unreviewed,
discarded,"Identifying the impact of the SPIRIT program in student knowledge, attitudes, and perceptions toward computing careers",Alka Harriger; Alejandra J. Magana; Ryan Lovan,2012,2012 Frontiers in Education Conference Proceedings,10.1109/FIE.2012.6462502,https://ieeexplore.ieee.org/document/6462502/,adjacent-subtopic,"Declining interest in computing programs nationwide presents a threat to America's security and limits potential for innovation across all domains. One way to address this problem is to remove misconceptions held by the nation's youth about computing, including information about how it positively impacts many subjects and showing them that applying computing can be fun and rewarding. One program at a Midwestern university accomplished this goal through a week-long, residential, summer camp for high school students to educate them about career opportunities and possibilities for people with Information Technology skills. Participants completed a variety of hands-on activities daily, along with listening to work experiences of computing professionals. Feedback collected from the student participants showed that in addition t o raising awareness about computing opportunities, the program increased youth interest in IT, prompted many to enroll in computing/engineering courses, and improved their performance in school. This paper shares details about the program and participant feedback to make a case for offering similar programs to correct the knowledge people have about computing.",ieee,llm,0.900,unreviewed,
discarded,Using App Inventor and LEGO mindstorm NXT in a summer camp to attract high school girls to computing fields,Sarah AlHumoud; Hend S. Al-Khalifa; Muna Al-Razgan; Auhood Alfaries,2014,2014 IEEE Global Engineering Education Conference (EDUCON),10.1109/EDUCON.2014.6826086,https://ieeexplore.ieee.org/document/6826086/,adjacent-subtopic,"With the ever-increasing role played by technological innovations in countries' development and economic growth, governments and educational institutes are keen to encourage and promote computing and engineering education among its young generations. In a developing country such as Saudi Arabia, we observed a certain knowledge gap in truly comprehending the true essence of computing as a science field. High school computing curriculum mainly tackles training students to use various applications and shallow programming instructions. Consequently, we observed that many college freshmen students chose the computing field (or avoid it) based on the misconception that it is mainly about dealing with Office applications or ‘fixing computers’. To change this misconception and attract students who are in a critical phase of choosing their future path and inform them off why they should consider computing as an option, we organized a two weeks summer camp. The summer camp focused on two interesting topics among teenagers, namely: mobile technologies and robotics. Accordingly, this paper presents an experience report describing our approach and evaluation from teaching a summer camp for high school girls using App Inventor and LEGO Mindstorm NXT.",ieee,llm,0.910,unreviewed,
discarded,Increasing high school girls awareness of computer science through summer camp,Masheal Al-Duwis; Hend S. Al-Khalifa; Muna S. Al-Razgan; Nora Al-Rajebah; Afnan Al-Subaihin,2013,2013 IEEE Global Engineering Education Conference (EDUCON),10.1109/EduCon.2013.6530111,https://ieeexplore.ieee.org/document/6530111/,adjacent-subtopic,"This paper describes a computer science summer camp workshop designed for high school girls. High school girls have a common misconception about computer science and information technology fields; this misconception leads to choosing or avoiding the computing discipline mistakenly. The workshop aimed at increasing awareness of computer science among high school girls, clarifying the misconception, and attracting potential students to choose the computing field for their college major. The main contributions of this paper include thorough evaluation of the workshop's impact using pre and post surveys, as well as lessons learned after conducting the workshop.",ieee,llm,0.910,unreviewed,
discarded,ICT use at primary school to teach Physics: Is the software that makes the difference or the method of its use in class?,D.M. Garyfallidou; G.S. Ioannidis; Kl. I. Kerimaki; V. K. Panagopoulou,2013,2013 International Conference on Interactive Collaborative Learning (ICL),10.1109/ICL.2013.6644711,https://ieeexplore.ieee.org/document/6644711/,off-topic-false-hit,"How adaptable can educational software be to various teaching and learning styles? Can it easily blend into an ordinary class teaching-mode, and if so will the quality of its teaching suffer, or not? Is self-directed learning to be considered the realm of mostly older or even adult students, or could software also be used to teach more advanced students of a younger age? As a corollary, could software that was expressly designed to be utilised in an individual learning, quasi self-directed mode, be adaptable enough to yield credible educational results when used in an exhibition-mode style in class, so as to better blend with other teaching and learning methods? Is it feasible to envisage a way by which while software is used in class by the teacher to demonstrate a point, some of the gifted and specially interested pupils can access the same program online to further enhance their experience on the subject taught, acting on their own to perhaps double the rate of information delivery? These are important educational issues open for investigation, some of which the present article will attempt to start investigating, using a specially designed and proven ICT-based Science Education software. Measurements were made in which 3 groups of primary-school children participated to the total number of 166. Students' ideas on the subjects taught were measured before and after instruction using ICT. Comparative results concerning students' achievements are presented herein while testing the aforementioned software to these 10–12 year olds. Some interested results are presented herein. It seems that the most important factor is the quality of the educational software used, and not the implementation method chosen.",ieee,llm,0.990,unreviewed,
discarded,A case study of the effects of a resident scientist on teaching experimental design to high school chemistry students,Thomas F. Garrison; Michael R. Kessler; Eric Hall,2014,2014 International Conference on Interactive Collaborative Learning (ICL),10.1109/ICL.2014.7017850,https://ieeexplore.ieee.org/document/7017850/,off-topic-false-hit,"NSF Graduate STEM Fellows in K-12 Education (GK12 Fellow) provide students with exposure to inquiry-based learning experiences and authentic demonstrations, which introduce the students to real-world problems such as renewable energy, and sustainable technology. We present a case study on the interactions of a GK12 Fellow in a high school chemistry classroom. We present how experimental design was incorporated into ongoing classroom instruction and connected to existing curriculum. Evaluations were conducted using pre-and post-test questions. Attitudes were evaluated with free response survey questions. Improvements in post-tests relative to the pre-tests indicate that the resident scientist may have had a positive influence on clearing up basic scientific misconceptions. Survey responses by students indicated improvements in understanding scientific concepts and the importance of science to society, which had been emphasized by the GK12 Fellow.",ieee,llm,0.980,unreviewed,
discarded,Block-Based Object-Oriented Programming,Oliver Allen; Xavier Downs; Elliot Varoy; Andrew Luxton-Reilly; Nasser Giacaman,2022,IEEE Transactions on Learning Technologies,10.1109/TLT.2022.3190318,https://ieeexplore.ieee.org/document/9829246/,adjacent-subtopic,"Object-oriented programming (OOP) is not only an integral part of computing degrees but also a requirement in non-computing majors such as engineering. Understanding OOP concepts can be difficult for novice programmers, and often leads to the development of misconceptions. This is exacerbated when the discipline requires students to learn a technical low-level language such as C++, as is the case in many engineering disciplines. We propose a block-based programming language extension, Blockly-OOP, to help students learn core OOP concepts without the technical complexities associated with traditional textual languages. The Blockly-OOP Learning Environment was developed by integrating Blockly-OOP with learning activities that guide students through programming exercises that target popular OOP misconceptions. An evaluation (n = 238) in a second-year programming course (CS2) showed that a block-based programming language helps students improve their understanding of object-oriented concepts, warranting further research in this area.",ieee,llm,0.780,unreviewed,
discarded,The localization of CS4HS workshop for serving national computing curriculum,Mashael Al-Duwais; Hend Al-Khalifa; Maha Al-Yahya; Nora Al-Rajebah; Afnan Al-Subaihin,2012,2012 7th International Conference on Computer Science & Education (ICCSE),10.1109/ICCSE.2012.6295372,https://ieeexplore.ieee.org/document/6295372/,adjacent-subtopic,"Most high school students in Saudi Arabia are not aware of computer science concepts and think of them as the competency of using computer applications. This misconception originated from the curriculum taught at high schools, which is more application oriented in nature and does not provide a solid background in computer science concepts. In this paper, we describe a three days localized version of CS4HS workshop dedicated for female high school computer teachers held at King Saud University (KSU) female section. The workshop aims to push the computer teachers towards bridging the educational gap between high school and undergraduate computer science programs, and propose new ideas and guides for improving the current high school computer curriculum. The workshop also focuses on exposing female computer teachers on how to enrich current national curriculum with activities that are interactive, hands-on, and provide tangible skills to students. Initial results after conducting the workshop shows that the content of international CS4HS workshops can be localized to serve the needs of our national computing curriculum. Also post workshop evaluation shows that the experience was successful and achieved its main goals.",ieee,llm,0.900,unreviewed,
discarded,Hands-On Experience in HPC With Secondary School Students,Diego Fernandez Slezak; Pablo G. Turjanski; Damián Montaldo; Esteban E. Mocskos,2010,IEEE Transactions on Education,10.1109/TE.2009.2025491,https://ieeexplore.ieee.org/document/5247019/,adjacent-subtopic," It is a global concern that the number of students in computing-related fields has been decreasing in the last few years. As a way to improve this situation, several institutions have been implementing programs to attract and keep students in science and technology majors. This work describes a high-performance computing (HPC) course intended for secondary school students, which requires only the most basic infrastructure. In this hands-on workshop, the students learn how to assemble, install, and test a cluster. In parallel, students are exposed to a complete new area of knowledge, obtaining a more accurate view of the discipline of computer science and increasing their confidence in their ability to follow computer science. This course also provides opportunities for students to meet scientists and lose any misconceptions and negative stereotypes about science in general and computer science in particular. The aim of this paper is to detail the key concepts conveyed to students, share the course organization, materials, and examples used, and describe the overall experience. ",ieee,llm,0.880,unreviewed,
discarded,Aligning outreach with cognitive development: K-12 initiatives in electrical engineering at the University of Washington,D.M. Wilson; H. Chizeck,2000,30th Annual Frontiers in Education Conference. Building on A Century of Progress in Engineering Education. Conference Proceedings (IEEE Cat. No.00CH37135),10.1109/FIE.2000.897576,https://ieeexplore.ieee.org/document/897576/,adjacent-subtopic,"This paper describes K-12 initiatives in electrical engineering at UW in the context of how they are linked to learning skill, motivation levels, and common misconceptions demonstrated by K-12 students at various stages of their development. In depth discussion and detail regarding a particular learning activity (From Vision to Cameras) is described to provide an in-depth look into how we approach, design, and improve our K-12 activities and outreach efforts. It is fairly common for outreach programs, when driven by faculty within engineering, to focus on high school outreach, since the outreach can be targeted specifically to recruiting students to certain areas of engineering and benefits of the outreach can be assessed efficiently over a relatively short time scale. The K-12 initiatives described in this paper however focus on the development of learning skills and outreach activities that are specifically linked to current knowledge regarding learning and growth stages in early elementary (K-3), late elementary (4-5), middle school (6-9) and high school (10-12) grade levels.",ieee,llm,0.860,unreviewed,
kept,Teaching sequence diagrams to programming beginners: And the change of algorithmic conceptions,Philipp Shah; Peter Hubwieser,2017,2017 IEEE Global Engineering Education Conference (EDUCON),10.1109/EDUCON.2017.7942863,https://ieeexplore.ieee.org/document/7942863/,supports-claim,Computer science students could have different concepts and misconceptions about the order of statements of object-oriented programming code and their effects. This paper shows the positive influence of early teaching UML sequence diagrams to programming beginners to their concepts of programming statements and the order thereof.,ieee,llm,0.970,unreviewed,
discarded,Measuring the Effectiveness of a Serious Game on Knowledge of Information Technology-Related Programs and Gender Stereotypes Among Peruvian Girls,Kory Ponce; Nadia Rodriguez-Rodriguez,2025,2025 IEEE Global Engineering Education Conference (EDUCON),10.1109/EDUCON62633.2025.11016601,https://ieeexplore.ieee.org/document/11016601/,adjacent-subtopic,"In Peru, there is low female participation in STEM fields despite the growing demand for professionals in this area. Although the number of Peruvian women enrolled in higher education has risen, women account for only 27% of undergraduate students across all engineering programs. Notably, fewer than 1% of graduates in Information Technology (IT) programs are female. The lack of interest in IT-related programs suggests that girls do not perceive the IT field as a desirable option. To address this issue and contribute to the limited academic literature on this matter in a country like Peru, this research developed and evaluated a serious game to measure effectiveness on knowledge about IT-related programs and to identify their stereotypes among Peruvian girls. The game introduces selected IT professions, highlights Peruvian women in technology, and addresses common misconceptions about the field. A study involving 24 Peruvian girls (ages 14 - 15) revealed a significant gap regarding information about ITrelated programs, particularly among those without family members in the field. The participants also demonstrated low interest in pursuing IT-related programs and limited awareness of female professionals in the industry. However, the positive reception of the game highlights its potential as an impactful tool to inspire girls and encourage them to consider IT as a viable career path.",ieee,llm,0.900,unreviewed,
