status,title,authors,year,venue,doi,url,tags,abstract,provider,decision_source,llm_confidence,llm_review_outcome,llm_change_direction
discarded,Storytelling in Kindergarten with Tangible Programming: A Literature Review,"Palioura, Maria; Rapti, Sophia; Sapounidis, Theodosios; Georgaki, Georgia",2025,"ROBOTICS IN EDUCATION, RIE 2025",10.1007/978-3-031-98762-5_26,https://www.webofscience.com/wos/woscc/full-record/WOS:001594340200026,adjacent-subtopic,"Research interest in robotics is increasing at all educational levels due to the potential benefits highlighted in the existing literature. The present study aims to explore the field of tangible programming integrated into early childhood education. It also examines how traditional teaching methods like storytelling can be combined with tangible robotics in papers published up to 2025 on six databases and one register. Hence, 148 articles emerged, based on inclusion and exclusion criteria, examining the related field trends and the special traits of the studies (research method, sample size, intervention duration, story types, participants'-robots'-educators' roles). Results reveal that the researchers used the qualitative method the most, examined quite large sample sizes, and avoided stating the exact intervention duration. Most of the time, the activities designed aimed at developing preschoolers' coding abilities, computational thinking, problem-solving, narrative skills, and creativity. Additionally, the participants were encouraged to frequently create authentic stories and adopt various roles in small team groups facilitated by educators. Besides, tangible robotics were often utilized solely as an interactive programming tool in step-by-step presented activities. Finally, implications are formulated for the future design of robotics activities tailored to preschool, encompassing tangible programming and storytelling, to foster various skills.",wos,llm,0.890,unreviewed,
discarded,Literature Review on the Integration of Generative AI in Programming Education,"Nathaniel, Jemimah; Oyelere, Solomon Sunday; Suhonen, Jarkko; Tedre, Matti",2025,INTERNATIONAL JOURNAL OF ARTIFICIAL INTELLIGENCE IN EDUCATION,10.1007/s40593-025-00524-3,https://www.webofscience.com/wos/woscc/full-record/WOS:001621403300001,adjacent-subtopic,"Integrating generative artificial intelligence tools like ChatGPT and GitHub Copilot into programming education presents notable opportunities to enhance learning but also raises critical challenges in balancing innovation with preserving foundational programming skills. Through a systematic review of 40 empirical studies guided by PRISMA 2020 and Kitchenham's methodologies, this study evaluates how effectively GenAI was incorporated into programming education and its impact on preserving higher-order thinking skills and foundational programming logic. The Findings reveal that successful integration hinges on intentional teaching strategies, thoughtfully designed assessments, and structured integration processes. However, barriers such as GenAI tools' limited accessibility features, insufficient bias mitigation, and a tendency to prioritize tool availability over curriculum alignment often disrupt seamless adoption. Additionally, the potential for students to become over-reliant on AI risks diminishing higher-order thinking skills and programming logic. To address these gaps, this paper proposes the GenAI-Ped framework, a structured approach combining self-regulated learning, universal design principles, and iterative feedback to harmonize GenAI-driven support with skill development. The findings emphasized the necessity of strategic implementation, educator training, and inclusive practices to maximize GenAI's potential in programming education.",wos,llm,0.950,unreviewed,
discarded,Tangible Educational Robotics as a Pedagogical Strategy for Fostering Computational Thinking in Early Elementary Education: A Systematic Literature Review,Maria José Costa; João Piedade,2025,2025 International Symposium on Computers in Education (SIIE),10.1109/SIIE68580.2025.11368336,https://ieeexplore.ieee.org/document/11368336/,adjacent-subtopic,"This systematic literature review aimed to analyse the effectiveness of using tangible educational robots, without use of digital programming environments, in developing Computational Thinking skills among Early Elementary Education ($1^{\text {st }}$ to $4^{\text {th }}$ grade). Applying the PRISMA protocol, seven empirical studies published between 2019 and 2024 were selected based on rigorous inclusion criteria. The findings suggest that tangible robotics significantly contributes to the development of Computational Thinking by providing a motivating and hands-on learning environment. Furthermore, these approaches promote not only disciplinary learning but also the development of social and collaborative skills. However, the lack of a systematic theoretical framework and the absence of direct comparisons with other methodologies highlights important gaps in the literature. This review underlines the need for further research in a broader scope, a longitudinal study design, and situated in a greater diversity of educational contexts.",ieee,llm,0.840,unreviewed,
discarded,Effects of Gamification on Students’ Computational Thinking Skills: A Systematic Bibliometric Literature Review,Mehmet Yildiz; Türkan Karakuş Yilmaz,2025,2025 International Conference on Education Technology and Computers (ICETC),10.1109/ICETC66579.2025.11387633,https://ieeexplore.ieee.org/document/11387633/,adjacent-subtopic,"The rapid advancement of gamification and computational thinking presents new opportunities for students to acquire essential digital skills that support their cognitive development, thereby opening up new horizons in education. Gamification has gained prominence due to its ability to foster high levels of participant engagement in educational activities. Therefore, this paper aims to synthesize knowledge on gamification and computational thinking to improve education for the benefit of students, utilizing both systematic review and bibliometric techniques. For this purpose, 57 documents from the Web of Science and Scopus databases were examined, and the bibliometric analysis process was carried out using the R program. In the systematic analysis process, the platforms on which the studies were conducted, the programming languages selected, the sample level, computational thinking skills, theoretical background, and research results were examined according to certain criteria. In the bibliometric analysis process, findings such as the distribution of studies by year, the frequency of cooccurrence of keywords, and trending subject keywords were obtained. The findings of the study show that gamification has become increasingly widespread in recent years, with the aim of developing computational thinking skills. The widespread use of various tools and platforms in the process of developing computational thinking, one of the basic skills of the 21st century, and the ease of gamification integration have accelerated this process. Gamification-based approaches have been shown to increase student motivation and contribute significantly to the development of computational thinking skills. Additionally, it has been concluded that these methods make the learning process more interactive and effective, thereby supporting critical thinking and problem-solving skills. The study discusses the disadvantages encountered in the gamification integration process and offers various recommendations to researchers and educators.",ieee,llm,0.870,unreviewed,
discarded,Computational Thinking and User Interfaces: A Systematic Review,Sara Rijo-García; Eduardo Segredo; Coromoto León,2022,IEEE Transactions on Education,10.1109/TE.2022.3159765,https://ieeexplore.ieee.org/document/9741843/,adjacent-subtopic,"Contribution: This document presents a systematic bibliographic review that demonstrates the need to conduct research on how the user experience impacts the development of computational thinking. Background: In the field of computer science, computational thinking is defined as a method that enhances problem-solving skills, system design, and human behavior understanding. Over the last few decades, several tools have been proposed for the development of computational thinking skills; however, there is no area of study that evaluates the implications or the impact that these types of platforms have on users belonging to any knowledge area. Research Question: Do user interfaces influence the development of computational thinking skills? Methodology: To address this issue, a systematic review of the literature was conducted using the preferred reporting items for systematic reviews and meta-analyses (PRISMA) methodology for analyzing and evaluating scientific publications. Findings: The results show that despite the dearth of literature on the subject, the specific design of a user interface has a significant impact on the development of computational thinking. Bearing the above in mind, it is necessary to conduct research that delves more deeply into the effects caused by the technologies that are used to develop computational thinking, this being a line of research that is worthy of consideration.",ieee,llm,0.740,unreviewed,
kept,Understanding the Source of Confusion with Computational Thinking: A Systematic Review of Definitions,Fan Xu; Shuhan Zhang,2021,2021 IEEE Integrated STEM Education Conference (ISEC),10.1109/ISEC52395.2021.9764144,https://ieeexplore.ieee.org/document/9764144/,supports-claim,"Computational Thinking (CT) is considered a necessary 21st-century competence that should be introduced to school education as a vital ingredient. However, the lack of a consensual definition of CT and the confusion with other similar terms made it a big challenge for researchers and practitioners to understand this concept. The purpose of this work-in-progress (WIP) is to identify and compare the existing definitions of CT proposed by various members of the education or research community, and ultimately to give educators and researchers suggestions on understanding this concept for particular purposes or situations. We conducted a systematic review of the definitions of CT from the source of academic articles and categorized the definitions based on their approaches, dimensions, and contexts. Forty-one unique and original concepts were extracted from the search. Results indicate that the existing definitions of CT were mostly formulated 1) with a prototype approach, 2) for the generic purpose of use, 3) in the context of K-12 education, 4) based on the subject of Computer Science. These results provide sufficient granularity to allow us to come up with suggestions on how to choose appropriate and pragmatic CT definitions.",ieee,llm,0.990,unreviewed,
discarded,A Systematic Literature Review of Computational Thinking in K-8 Education Setting Through The Lens Of a Pedagogical Content Knowledge Analysis,Ting -Jun Lin; Ibrahim H. Yeter; Shiyan Jiang; Osman Yaşar; Chee -Kit Looi,2022,"2022 IEEE International Conference on Teaching, Assessment and Learning for Engineering (TALE)",10.1109/TALE54877.2022.00150,https://ieeexplore.ieee.org/document/10148557/,adjacent-subtopic,"As Computational Thinking (CT) becomes an increasingly necessary skill, it is crucial to examine how CT can be taught in the classroom. Pedagogical Content Knowledge (PCK) is a practical concept to examine how CT education can be developed. This systematic literature review presents the discussion of K-8 teachers’ PCK in the implementation of CT- related activities in the classroom. Studies were extracted from Google Scholar’s database. Among these studies, 14 articles were deemed to be relevant for a more in-depth examination. Findings from this preliminary literature review suggest that teachers have clear purposes and goals for teaching CT and various instructional strategies for teaching CT. However, the existing studies lacked information about teachers’ knowledge and beliefs regarding the methods for assessing students’ CT. Practical implications and future directions to enhance K-8 teachers’ PCK on CT are discussed in this study.",ieee,llm,0.850,unreviewed,
discarded,Assessing the Impact of Large Language Models on Problem-Solving Skills of Undergraduates - A Systematic Literature Review,Fathima Riztha; Ruwan Wickramarachchi; Dinesh Asanka; Mathishi Disssanayke,2024,2024 6th International Conference on Advancements in Computing (ICAC),10.1109/ICAC64487.2024.10850942,https://ieeexplore.ieee.org/document/10850942/,off-topic-false-hit,"The integration of Large Language Models (LLMs) such as GPT-3 and GPT-4 in educational environments is rapidly transforming how undergraduate students approach problem solving tasks. This systematic literature review (SLR) aims to investigate the 32 studies that were published between 2021 and 2024 in order to assess the impact of LLMs on problem solving skills. The review identifies the significant improvements in undergraduates' problem-solving effectiveness, creativity, and computational thinking. It also emphasizes the need for careful implementation of these tools to avoid potential overreliance, which may impact the student's ability to develop independent problem-solving skills. The review identifies the importance of a well-balanced integration of LLMs in education to maximize their benefits while addressing the challenges they present. Recommendations for future research directions are suggested to further explore the long-term impacts of LLMs on the development of problem-solving skills and their applicability across diverse academic environments.",ieee,llm,0.970,unreviewed,
discarded,Enhancing Computational Thinking and Problemsolving in Programming Education Through Generative AI: A Scoped Review,Courage Matobobo; Prince Daughin Ngqabutho Ncube; Nomputumo Linah Ngesimani; Godwin Pedzisai Dzvapatsva; Edmore Chinhamo,2025,2025 IEEE Global Engineering Education Conference (EDUCON),10.1109/EDUCON62633.2025.11016317,https://ieeexplore.ieee.org/document/11016317/,adjacent-subtopic,"This study assesses how generative artificial intelligence tools enhance computational thinking and problemsolving skills in the context of programming education. Generative AI (GenAI) has ushered in a new era in programming education, offering immediate, personalised support through tools like ChatGPT and GitHub Copilot. Although generative AI tools have shown promise in enhancing immediate problem-solving abilities, there is a lack of research on their long-term effects on students' computational thinking and professional programming skills development. This study conducted a scoped evaluation of previously published papers using the Preferred Reporting Items for Systematic Reviews and Meta-Analyses (PRISMA) standard, and the data was analysed using a thematic approach. The findings from the study indicate that integrating GenAI can potentially enhance computational thinking and problem-solving for programming students. On the flipside, our study highlighted some significant ethical challenges associated with using GenAI in academia, particularly regarding issues of originality in student work. Contrary to expectations on how GenAI tools enhance learners' decomposition, abstraction, and algorithm design skills, most of the findings concentrated on students' completion of tasks. From a practical perspective, it is evident that GenAI has changed the learning landscape therefore, there is a need from a policy perspective to start thinking about the transformational roles of educators. Future studies should be carried out over a long period and should start by assessing students' levels of problem-solving at a particular age before the immersive use of GenAI and then check the results after the use of these tools.",ieee,llm,0.920,unreviewed,
discarded,Immersive Technologies (AR/VR) for Computer Science and Computational Thinking Education: A Systematic Literature Review of Trends and Gaps,Junhyeok Jang; Jaecheon Jeon; Soon Ki Jung,2026,IEEE Access,10.1109/ACCESS.2026.3680395,https://ieeexplore.ieee.org/document/11471779/,adjacent-subtopic,"Education in computer science and computational thinking is fundamentally challenged by the high abstraction of its core concepts, which creates significant cognitive load and misconceptions for novice learners. Immersive technologies, including augmented reality and virtual reality, are emerging as promising solutions to visualize these abstract concepts. Despite a rapid increase in empirical studies, a comprehensive analysis of the field remains lacking. This paper conducts a systematic literature review to analyze 159 empirical studies published between 2016 and June 2025. Additionally, a meta-analysis of 50 comparative studies (101 effect sizes) was conducted to quantify learning outcomes. Our analysis reveals that research is heavily concentrated on foundational topics such as programming and algorithms, while overwhelmingly measuring cognitive (e.g., achievement) and affective (e.g., motivation) outcomes. The primary contribution of this review is the identification of three profound gaps: 1) a critical curriculum gap, showing a neglect of modern topics like artificial intelligence and computing ethics; 2) a significant theory-practice gap, wherein cognitive load reduction is a common theoretical justification for using augmented reality and virtual reality but is empirically measured in only 3.8% of studies; and 3) a methodological gap, demonstrating a bias toward measuring ‘outcomes’ over analyzing the learning ‘process’. This paper concludes by proposing a future research agenda to steer the field toward process-oriented analysis of complex computer science and computational thinking competencies, specifically advocating for the adoption of multidimensional cognitive load measurement using triangulation of physiological signals and dual-task methodologies.",ieee,llm,0.900,unreviewed,
discarded,Development of CT Using Need Assessment and Gamification: A Systematic Review,Athit Aroonsiwagool; Somkiat Tuntiwongwanich,2021,2021 2nd SEA-STEM International Conference (SEA-STEM),10.1109/SEA-STEM53614.2021.9668107,https://ieeexplore.ieee.org/document/9668107/,adjacent-subtopic,"This study originates from the content synthesis of studies on computational thinking, need assessment, gamification, and computational thinking with coding from Thai and international scholarly articles published in accredited databases. Then, the synthesis results were integrated into the development of computational thinking through gamification and programming knowledge to improve the efficacy of computational learning. The process commenced with an analysis of the learners' needs obtained through the questionnaires concerning computational thinking. Data analysis illuminated the learners' levels of computational thinking as well as a fundamental understanding of what the learners need to be taught or what areas of skills each learner. With regards to this, conventional teaching approaches may not serve best to transmit the relevant knowledge which may subsequently induce unfavorable attitudes toward computational thinking. With the data elicited through the need assessment, instructors will have a clear direction as to how the pedagogical process should be designed to directly address the needs in each of the computational thinking components. In general, each component of them is rather complex, so the researcher incorporated gamification theory-based learning defined by its enjoyable game mechanisms and challenging nature which makes the coding lesson fun with block programming enabling learners to proficiently grasp the concept of computational thinking.",ieee,llm,0.880,unreviewed,
kept,Assessment of Computational Thinking Skills: A Systematic Review of the Literature,Rene Fabián Zúñiga Muñoz; Julio Ariel Hurtado Alegría; Gregorio Robles,2023,IEEE Revista Iberoamericana de Tecnologias del Aprendizaje,10.1109/RITA.2023.3323762,https://ieeexplore.ieee.org/document/10280127/,supports-claim,"Context In many countries, it is now important to integrate learning-oriented views to foster computational thinking (CT) in the classroom. This has inspired ideas for new lesson plans, instructional strategies, teacher guidance, and, most importantly, new approaches to grading these skills. Aim: This article presents the results of a systematic review initially focused on identifying the various ways of assessing CT in school and their relationship to relevant CT skills. Method: We conducted a systematic review of the literature to assess CT in schools. This review applied a semi-automatic search for specific terms within the selected papers. These terms came from the analysis of several established definitions of CT. Results: We present a set of the most representative competencies and concepts developed in various experiences, in which the main topic is the assessment of CT, as well as some that have not been developed and that may be the subject of future works. Conclusions: The evaluation of CT in the school requires multiple approaches; it is a challenge to have a single method or strategy to evaluate everything that CT implies.",ieee,llm,0.960,unreviewed,
