status,title,authors,year,venue,doi,url,tags,abstract,provider,decision_source,llm_confidence,llm_review_outcome,llm_change_direction
kept,Engineering and Computational Thinking talent in middle school students: A framework for defining and recognizing student affinities,Jennifer Cross; Emily Hamner; Lauren Zito; Illah Nourbakhsh,2016,2016 IEEE Frontiers in Education Conference (FIE),10.1109/FIE.2016.7757720,https://ieeexplore.ieee.org/document/7757720/,supports-claim,"In this paper we describe our process for synthesizing frameworks for recognizing student talents in the areas of Computational Thinking (CT) and Engineering Design (ED) from prior research. Computer science education research has resulted in multiple, overlapping definitions of CT as an approach towards solving problems using methods and tools that are derived from computer science. Our development of operationalized definitions of CT talent for middle school educators is focused on uniting models for CT in a simplified structure. Our ED definition framework builds on multiple distinct models of the engineering design process along with concepts from systems engineering models and the design thinking process. We operationalize these frameworks to provide teachers with metrics and examples for recognizing and assessing the CT and ED skills of their students in non-technical classes. By training teachers to evaluate students' processes from the perspective of an engineer and computer scientist, teachers are more able to help their STEM-inclined students recognize the alignments between their own talents and possible careers. Through the analysis of teacher surveys and interviews from 19 classroom implementations, we evaluated the changes that the Arts & Bots program has had on teacher perceptions of student CT and ED skills and talents.",ieee,llm,0.950,unreviewed,
discarded,15 Embrace Runtime Debugging,Michael D. Smith,2025,Problem Solving with Python: Using Computational Thinking in Everyday Life,,https://ieeexplore.ieee.org/document/11576008/,off-topic-false-hit,"According to Brian Kernighan and P. J. Plauger, &#x201C;Everyone knows that debugging is twice as hard as writing a program in the first place.&#x201D;<superscript>1</superscript> Does that quote resonate with you? Based on your experience, perhaps you think it underestimates the difficulty of debugging. It does when I consider how I typically spend my time. Nonetheless, Kernighan and Plauger follow up this general truth with a biting insight: &#x201C;So if you 're as clever as you can be when you write it, how will you ever debug it?&#x201D;",ieee,llm,0.990,unreviewed,
discarded,"The C++ Programmer's Mindset: Learn computational, algorithmic, and systems thinking to become a better C++ programmer",Sam Morley,2025,"The C++ Programmer's Mindset: Learn computational, algorithmic, and systems thinking to become a better C++ programmer",,https://ieeexplore.ieee.org/document/11278563/,off-topic-false-hit,"Learn to break down and solve real-world problems with modern C++ using the proven power of computational thinking. Key FeaturesApply computational thinking to tackle complex C++ challengesUse abstraction, algorithms, and data structures the C++ wayBuild scalable, efficient, and reusable C++ code through real-world projectsPurchase of the print or Kindle book includes a free PDF eBookBook DescriptionSolve complex problems in C++ by learning how to think like a computer scientist. This book introduces computational thinking—a framework for solving problems using decomposition, abstraction, and pattern recognition—and shows you how to apply it using modern C++ features. You'll learn how to break down challenges, choose the right abstractions, and build solutions that are both maintainable and efficient. Through small examples and a large case study, this book guides you from foundational concepts to high-performance applications. You’ll explore reusable templates, algorithms, modularity, and even parallel computing and GPU acceleration. With each chapter, you’ll not only expand your C++ skillset, but also refine the way you approach and solve real-world problems. Written by a seasoned research engineer and C++ developer, this book combines practical insight with academic rigor. Whether you're designing algorithms or profiling production code, this book helps you deliver elegant, effective solutions with confidence. What you will learnApply computational thinking to complex C++ problemsBreak problems into components using abstractionUse algorithms and data structures effectively in C++Design modular and reusable C++ codeAnalyze and improve algorithmic performanceParse, transform, and interpret data in multiple formatsScale up with concurrency, GPUs, and profiling toolsWho this book is forC++ developers, software engineers, and computer science students who want to enhance their problem-solving capabilities and build scalable, maintainable solutions. Basic familiarity with C++ syntax is assumed, making this ideal for intermediate programmers ready to master abstraction and algorithmic thinking.",ieee,llm,0.980,unreviewed,
discarded,Research on the Teaching Reform of Public Basic Courses of Computer at Universities under the Thinking of New Engineering,Tao Tao; Zhang Funan; Ren Lei; Liu Yuan; Cheng Zekai; Chu Yuezhong,2021,2021 16th International Conference on Computer Science & Education (ICCSE),10.1109/ICCSE51940.2021.9569502,https://ieeexplore.ieee.org/document/9569502/,adjacent-subtopic,"With the development of computer technology, the current concept of “computational thinking” has been generally recognized by everyone. “Computational thinking” provides strong support for the development and research of various disciplines. The reform of university computer basic courses guided by “computational thinking” has become an important direction for the current reform of computer public basic courses. In recent years, our school’s series of reform measures based on the public basic courses of computer have achieved obvious results, which proves that this orientation is worthy of promotion.",ieee,llm,0.920,unreviewed,
kept,8 Computational Heterogeneity: A Radical Reflection,Pratim Sengupta; Amanda Dickes; Amy Voss Farris,2021,Voicing Code in STEM: A Dialogical Imagination,,https://ieeexplore.ieee.org/document/9388156/,qualifies-claim,"In Experience and Education, Dewey argued that humankind is “given to formulating its beliefs in terms of Either-Ors, between which it recognizes no intermediate possibilities.” Not surprisingly, educational computing is no exception. One such Either-Or binary that is relevant to our project so far is computing vs. computational thinking.2 A keynote address delivered recently at a computing education conference by the computer scientist and educator Judy Robertson is quite illuminating in this respect.3 Robertson argued against a blind emphasis on computational “thinking” as the centerpiece of computational literacy. Focusing only on creating SCRATCH programs may lead especially young learners away from understanding how the computer actually works as a “machine.” Children's drawings of what is inside a computer show that learning to use computational abstractions that we typically introduce in the K-12 levels—such as variables and loops—does not necessarily help us understand how these abstractions are processed and represented inside the computer. What gets lost in our push to teach children how to code is the physicality of computing as a machine, which involves a deeper understanding of the relationship between the hardware and software—and many other forms of computational abstractions that are not even presented to children as part of their experience of coding or computing.",ieee,llm,0.940,unreviewed,
discarded,Coding Training Proposal for Kindergarten,Elisa Benetti; Gianluca Mazzini,2020,"2020 International Conference on Software, Telecommunications and Computer Networks (SoftCOM)",10.23919/SoftCOM50211.2020.9238207,https://ieeexplore.ieee.org/document/9238207/,adjacent-subtopic,"Computational thinking in recent years has been universally defined as the ”new English”, or basic knowledge necessary for everyone. As English, is important to include it as early as possible in teaching programs, right from preschool. This need is so felt as to make it, for example, compulsory in kindergarten in Italy since 2022. Obviously, this implies the use of simple tools that do not provide reading and writing skills. This work proposes a learning program which could be carried out precisely during the three years of kindergarten, from 3 to 6 years of age, and prepares children for coding, a teaching subject that has already been proposed in Italy for primary school since a few years.",ieee,llm,0.900,unreviewed,
discarded,Educational Robotics as a Methodological Strategy for Improving School Performance in Mathematics,Thiago Alessandro Spiess,2024,2024 Brazilian Symposium on Robotics (SBR) and 2024 Workshop on Robotics in Education (WRE),10.1109/SBR/WRE63066.2024.10837848,https://ieeexplore.ieee.org/document/10837848/,adjacent-subtopic,"In order to achieve the objective of developing computational thinking and logical reasoning among students at Escola de Ensino Fundamental Dr. Carlos Moritz, located in the city of Brusque, Santa Catarina, pedagogical tools were used, ranging from unplugged computing to the use of Chromebooks, interactive screen, Arduino kits and block programming platforms such as Scratch, Code.org and Robogarden. These tools brought programming language and educational robotics to the classroom. Furthermore, during school hours, a robotics club was offered to develop mechanical, electrical, and programming skills. In these Robotics classes, the school's dollhouse was transformed into a smart, sustainable house with a lighting sensor, solar panel, rainwater capture, and smart irrigation as a pilot proj ect at the end of 2021, which served as a starting point for developing new methodological strategies, in 2022, to improve student performance in the Mathematics curricular component. Furthermore, the school advanced in the use of technology in the classroom by creating a task force with teachers so that everyone felt comfortable using technology in the classroom.",ieee,llm,0.950,unreviewed,
discarded,Exploring Diversity in Introductory Programming Classes: An Experience Report,Iris Groher; Michael Vierhauser; Barbara Sabitzer; Lisa Kuka; Alexander Hofer; David Muster,2022,2022 IEEE/ACM 44th International Conference on Software Engineering: Software Engineering Education and Training (ICSE-SEET),10.1145/3510456.3514155,https://ieeexplore.ieee.org/document/9794193/,adjacent-subtopic,"Digitization is becoming part of almost everyone’s life, ranging from smartphones and tablets, smart devices automatically collecting information, to tools and scripting languages that are widely available and easy to use. This has recently been reflected in various university curricula, where courses such as computational thinking, and basic programming classes are now included in a broader range of (non-computer-science) programs. However, these programs often face challenges in such courses due to their diverse student body, with students often lacking profound digital competencies and technical background. While gender diversity aspects have been broadly studied in the past, other diversity dimensions such as ethnicity, age, or educational background have largely been neglected thus far. In this paper, we report on our experiences in teaching an introductory programming course to first-year Business Informatics bachelor students. After undergoing fundamental changes in our teaching concepts and the provided learning material, we explore what diversity factors play an important role when teaching programming to non-computer science students, and how diversity is perceived by lecturers and tutors. Our analysis confirms that a collaborative teaching concept positively supports female students and students with language barriers.",ieee,llm,0.940,unreviewed,
discarded,Preparing a Computationally Literate Workforce,Scott A. Lathrop; Katharine Cahill; Steven I. Gordon; Jennifer Houchins; Robert M. Panoff; Aaron Weeden,2020,Computing in Science & Engineering,10.1109/MCSE.2020.2994763,https://ieeexplore.ieee.org/document/9094300/,adjacent-subtopic,"There is a saying, “Everything changes, but nothing changes.” We are realizing a rapid technological revolution in the development, deployment, and application of computing technologies within every discipline and every sector of society. Yet, our ability to respond to the well-documented need for a large, diverse, computationally literate workforce remains a challenge. We summarize our 35 years of lessons learned for preparing the workforce that can inform efforts to address this challenge. We have pursued a multiprong approach to reach instructors, researchers, professionals, and students on a national scale. Our efforts in scaling up and sustaining activities range from teaching computational thinking through imparting HPC skills. We have been able to scale up these activities through community efforts to share, cooperate, and collaborate. The potential for providing life-long learning to everyone wishing to expand their computational knowledge and skills is greater than any organization can achieve on its own.",ieee,llm,0.910,unreviewed,
discarded,"Let's Code with GenAI: Exploring K-12 Teachers' Self-Efficacy, Value Beliefs, and Coding Performance","Kang, Seoljoo; Huang, Wanju",2026,AI,10.3390/ai7080277,https://www.webofscience.com/wos/woscc/full-record/WOS:001859444500001,adjacent-subtopic,"While computational thinking (CT) is increasingly vital in K-12 education, teaching it through text-based coding remains challenging for teachers. To address this gap, this study presents and evaluates a self-paced professional development (PD) module, ""Let's Code with GenAI,"" created for K-12 teachers to enhance text-based coding and CT. Using a one-group pretest-posttest design, 34 pre-/in-service teachers completed the module in 2025, engaging with instructional videos and hands-on coding activities using Micro:bit and MakeCode (v11.3.22), with a GenAI assistant providing explanations and debugging support. Pre-and post-intervention data were collected using the Teacher Beliefs about Coding and Computational Thinking (TBaCCT) scale and a coding/CT assessment. Posttest scores were higher than pretest scores on teaching efficacy and value beliefs (p < 0.001 for both), as well as in coding self-efficacy (p < 0.001) and CT self-efficacy (p = 0.015). Coding/CT assessment scores were also higher at posttest (p = 0.040). No statistically significant correlations were found between self-efficacy and performance measures. Overall, the findings offer preliminary insights into participants' post-intervention outcomes in a GenAI-supported, self-paced PD module, including self-efficacy, value beliefs, and coding/CT performance, while underscoring the need for future controlled studies.",wos,llm,0.900,unreviewed,
discarded,A Kinect-Based Educational Game for Embodied Activities Associated with Psychomotor Skills and Computational Thinking in Early Childhood: A Pilot Feasibility Study,"Choquehuanca-Quispe, Walter; Gallegos-Acosta, Alexis Edmundo; Cardona-Reyes, Hector; Acra-Despradel, Claudia",2026,MULTIMODAL TECHNOLOGIES AND INTERACTION,10.3390/mti10080080,https://www.webofscience.com/wos/woscc/full-record/WOS:001859296800001,adjacent-subtopic,"Early childhood education increasingly explores embodied learning, yet deploying markerless motion-controlled tools in real classrooms presents unverified operational and technical challenges regarding system stability and user interaction. This study evaluates the technical feasibility, system usability, and operational viability of a markerless, Kinect-based educational game designed to support embodied interaction baseline frameworks for preschool-aged children. The platform captures full-body movement in real time across four progressively challenging spatial tasks. As an exploratory pilot study, the system was deployed in a preschool setting with nine children aged 5-6 ( n=9 ). Technical performance metrics, kinematic trajectory execution data, and qualitative feedback from evaluating educators ( n=3 ) were collected to establish operational baselines. Quantitative metrics demonstrated high technical accuracy and system stability across all stages: 93.1% in spatial navigation, 81.5% in postural coordination, 92.6% in obstacle avoidance, and 96.3% in guided movements, alongside low system-calculated error rates (6.87% to 3.70%). Evaluating teachers confirmed strong student engagement, low operational overhead, and high institutional acceptance for daily classroom routines. Due to the pilot nature and small sample size, direct impacts on psychomotor or computational thinking development cannot be empirically claimed. However, these findings successfully demonstrate the technical reliability and operational feasibility of deploying markerless gesture-based interfaces within authentic early education environments, establishing a validated framework for future large-scale longitudinal learning assessments.",wos,llm,0.950,unreviewed,
discarded,Interactive Visual Programming on CaSMM: the Benefits and Challenges of Children's Computational Thinking Development in STEM Learning,"Cagle, Charles; Liu, Ting; Mayeux, Carter; Schlegel, Rebecca",2025,"2025 IEEE FRONTIERS IN EDUCATION CONFERENCE, FIE",10.1109/FIE63693.2025.11328571,https://www.webofscience.com/wos/woscc/full-record/WOS:001792342800432,adjacent-subtopic,"This full research-to-practice paper describes the computational learning progression of 5th and 6th grade students participating in sustained problem-based programming activities. It seeks to identify predominant challenges in students' development of computational thinking and summarize the replicable solution frameworks students developed to solve problems in different contexts. Our program leverages a horizontal learning approach integrating different learning fields including engineering, computational thinking, physical modeling, and science.

This study involved 5th and 6th grade authentic science classrooms at two local intermediate schools over an entire school year. Five individual lesson plans on core curriculum science topics were designed for each grade where students assembled electronics including Arduino microcontrollers, motors, and sensors, and programmed the Arduinos with a visualprogramming web application. By analyzing students' codes, common programming errors were noted and categorized according to computational thinking concepts in the lesson. Over the 33 computational thinking concepts embedded in all ten lesson plans, we identified three primary programming errors that the students struggled with the most, which included the implementation of delays, digital inputs and outputs, variables, and functions. Most students successfully completed the programming tasks, indicating that our sustained learning approach was effective in helping them grasp computational thinking concepts and apply these skills to solve practical problems. We also found a slight decrease in the programming errors students made between certain lessons, though this improvement was not consistent across all lessons. We examined the reasons behind these inconsistencies to provide insights guiding the refinement of future research design.",wos,llm,0.850,unreviewed,
discarded,Computing and Sciences Summer Program for Middle School Students,"Wang, Sujing; Doe, Raymond",2025,"2025 IEEE FRONTIERS IN EDUCATION CONFERENCE, FIE",10.1109/FIE63693.2025.11328170,https://www.webofscience.com/wos/woscc/full-record/WOS:001792342800043,adjacent-subtopic,"This Innovative Practice Full Paper presents detailed information about a summer camp program aimed at introducing middle school students to computing and sciences. Our program aims to inspire and empower middle school students in our region by providing opportunities to explore sciences and computing, fostering their knowledge and interest in these fields. This paper presents a comprehensive overview of the design, organization, core curriculum, and assessment of our summer camp program, offering valuable insights for educators and organizers planning similar sciences and computing outreach initiatives. It details the structure and instructional approach of the program, including a summary of the teaching materials, key concepts covered in each hands-on session, and the methods used to assess student engagement and learning outcomes. By providing a thorough blueprint for implementing similar programs, this paper serves as a practical guide for those seeking to inspire and equip the next generation of STEM learners. Additionally, it underscores the importance of expanding access to sciences and computing education and highlights the broader goal of fostering long-term interest and participation in STEM careers.",wos,llm,0.980,unreviewed,
