status,title,authors,year,venue,doi,url,tags,abstract,provider,decision_source,llm_confidence,llm_review_outcome,llm_change_direction
kept,Meaningful learning in the tutoring system for programming,"Dadic, Tonci; Stankov, Slavomir; Rosic, Marko",2008,PROCEEDINGS OF THE ITI 2008 30TH INTERNATIONAL CONFERENCE ON INFORMATION TECHNOLOGY INTERFACES,,https://www.webofscience.com/wos/woscc/full-record/WOS:000259054100075,supports-claim,"Tutoring systems for programming helps students to understand features of target programming language, and develops their general problem solving skill. Our system guides novices in learning syntax and semantics of programming language, problem decomposition, program design and testing. The notional machine defined by programming language and its verbal description of instruction actions helps students to understand semantics of instructions. Advancement through the course material controlled by computer teacher supports connection of new concepts to the present student's knowledge.",wos,llm,0.840,unreviewed,
kept,A web based tool for novice programmers: Interaction in use,"Donmez, Onur; Inceoglu, Mustafa Murat",2008,"COMPUTATIONAL SCIENCE AND ITS APPLICATIONS - ICCSA 2008, PT 1, PROCEEDINGS",,https://www.webofscience.com/wos/woscc/full-record/WOS:000257310900038,supports-claim,"This paper represents a web based tool model for novice programmers. It is a well known fact that, because of its abstract nature, programming is perceived to be hard amongst novice learners. Aim of this web based tool is to make students feel more comfortable with programming and overcome the abstractness. While designing this software we took the results of recent studies' into consideration to promote the effectiveness, such as getting learner inputs as code and variable values and giving representations of code and variables as learning aids. What is new to this software is placing learners into a more effective role. With this software learners are no more passive viewers of floating graphics, but active ""simulators"" of their very own code and inputs. With this software, learners simulate the ""notional machine"" behind the screen. In this paper we will be giving details about the model along with its potential uses.",wos,llm,0.910,unreviewed,
kept,Programming by discovery,"Ramadhan, HA",2000,JOURNAL OF COMPUTER ASSISTED LEARNING,,https://www.webofscience.com/wos/woscc/full-record/WOS:000086408200009,supports-claim,"The concert of Programming by Discovery refers to the process of designing programming environments and systems which use various visualisation, programming and interaction technologies in an effective way to help users, especially beginner programmers, in writing computer programs, understanding their dynamic behaviour, detecting any misconceptions and bugs associated with them, and seeing the effect of these programs on the underlying machine. A system for programming by discovery encourages a user to become an active learner by allowing him to form his own hypotheses, explore his own questions, and draw his own conclusions. This paper reports on the design and evaluation of a system for programming by discovery which embodies the principles outlined above. To assess the usefulness of the design framework presented in this paper, a pilot empirical evaluation was conducted. The results provided a number of interesting insights into the implication of incorporating visualisation and immediacy features along with graphical notional machine and algorithm-like language into the design of programming systems.",wos,llm,0.830,unreviewed,
kept,The black box inside the glass box: presenting computing concepts to novices,"du Boulay, B; O'Shea, T; Monk, J",1999,INTERNATIONAL JOURNAL OF HUMAN-COMPUTER STUDIES,,https://www.webofscience.com/wos/woscc/full-record/WOS:000082367800009,supports-claim,"Simplicity and visibility are two important characteristics of programming languages for novices. Novices start programming with very little idea of the properties of the notional machine implied by the language they are learning. To help them learn these properties, the notional machine should be simple. That is, it should consist of a small number of parts that interact in ways that can be easily understood, possibly by analogy to other mechanisms with which the novice is more familiar, A notional machine is the idealized model of the computer implied by the constructs of the programming language. Visibility is concerned with methods for viewing selected parts and processes of this notional machine in action. We introduce the term ""commentary"" which is the system's dynamic characterization of the notional machine, expressed in either text or pictures on the user's terminal. We examine the simplicity and visibility of three systems, each designed to provide programming experience to different populations of novices.",wos,llm,0.990,unreviewed,
discarded,Even turing machines can compute uncomputable functions,"Copeland, BJ",1998,UNCONVENTIONAL MODELS OF COMPUTATION,,https://www.webofscience.com/wos/woscc/full-record/WOS:000080478400011,off-topic-false-hit,"Accelerated Turing machines are Turing machines that perform tasks commonly regarded as impossible, such as computing the halting function. The existence of these notional machines has obvious implications concerning the theoretical limits of computability.",wos,llm,1.000,unreviewed,
discarded,The broad conception of computation,"Copeland, BJ",1997,AMERICAN BEHAVIORAL SCIENTIST,,https://www.webofscience.com/wos/woscc/full-record/WOS:A1997WV08500002,off-topic-false-hit,"A myth has arisen concerning Turing's article of 1936, namely that Turing set forth a fundamental principle concerning the limits of what can be computed by machine-a myth that has passed into cognitive science and the philosophy of minds to wide and pernicious effect. This supposed principle, sometimes incorrectly termed the Church-Turing thesis, is the claim that the class of functions that can be computed by machines is identical to the class of functions that can be computed by Turing machines. In point of fact, Turing himself nowhere endorses or even states this claim (nor does Church). The author describes a number of notional machines, both analog and digital, that can compute more than a universal Turing machine. These machines are exemplars of the class of nonclassical computing machines. Nothing known at present rules out the possibility that machines in this class will one day be built or that the brain itself is such a machine. These theoretical considerations undercut a number of foundational arguments that are commonly rehearsed in cognitive science and gesture toward a new class of cognitive models.",wos,llm,1.000,unreviewed,
kept,The black box inside the glass box: presenting computing concepts to novices,Benedict du Boulay; Tim O’Shea; John Monk,1999,International Journal of Human-Computer Studies,10.1006/ijhc.1981.0309,https://openalex.org/W2016839846,supports-claim,,openalex,llm,0.990,unreviewed,
kept,The black box inside the glass box: presenting computing concepts to novices,Benedict du Boulay; Tim O’Shea; John Monk,1981,International Journal of Man-Machine Studies,10.1016/s0020-7373(81)80056-9,https://openalex.org/W4253339504,supports-claim,,openalex,llm,0.970,unreviewed,
kept,Some Difficulties of Learning to Program,Benedict du Boulay,1986,Journal of Educational Computing Research,10.2190/3lfx-9rrf-67t8-uvk9,https://openalex.org/W2168795140,supports-claim,"This article is a brief introduction to some of the issues that teachers of programming may find helpful. It starts by presenting a fairly idiosyncratic view of teaching programming which makes use of mechanistic analogies and points out some of the pitfalls. The article goes on to examine certain errors based on the misapplication of analogies as well as certain interaction errors. The main emphasis is on the notional machine both at the general level of understanding (and misunderstanding) the relationship of the terminal to the computer as such, as well as at the more specific level of understanding assignment. Notation and mistakes that poorly-designed languages can induce novices to commit are discussed.",openalex,llm,0.990,unreviewed,
kept,"Computational Thinking, the Notional Machine, Pre-service Teachers, and Research Opportunities",Matt Bower; Katrina Falkner,2015,Adelaide Research & Scholarship (AR&S) (University of Adelaide),,https://openalex.org/W2402031522,adjacent-subtopic,"There is general consensus regarding the urgent and pressing need to develop school students' computational thinking abilities, and to help school teachers develop computational thinking pedagogies. One possible reason that teachers (and students) may struggle with computational thinking processes is because they have poorly developed mental models of how computers work, i.e., they have inadequate ""notional machines"". Based on a pilot survey of 44 pre-service teachers this paper explores (mis)conceptions of computational thinking, and proposes a research agenda for investigating the use of notional machine activities as a way of developing preservice teacher computational thinking pedagogical capabilities.",openalex,llm,0.820,unreviewed,
kept,What do teachers teach in introductory programming?,Carsten Schulte; Jens Bennedsen,2006,,10.1145/1151588.1151593,https://openalex.org/W2042876500,supports-claim,"In this article, we try to create a general, worldwide picture of teachers' opinion about what should be taught in introductory programming courses. We focus on the debate about restructuring CS1. The study explores what teachers believe is important to teach, what they actually teach, and what students find most difficult (according to their teachers). what is the general approach to teaching (programming language, IDE, object-orientation or not, type of institution), what topics are taught, and what role do the areas that novices find difficult play in introductory programming course.In addition, we explore how these specific topics fit into a larger conceptual classification: Earlier studies of topics taught in introductory programming focuses only on one dimension of a given topic - either relevance or difficulty. In this study, we evaluate each topic regarding three dimensions: relevance, difficulty and the cognitive level (according to Bloom's taxonomy). This allows giving a more faceted picture of teachers' beliefs in teaching introductory programming courses.Furthermore, we assess the role of findings from the eighties in today's teaching: The need to understand five different areas of programming. Are these areas still in focus; are they relevant, and what is the connection to the topics taught - especially object-oriented (OO) topics?A special focus is given on students' understanding of the execution of a (OO) program; one of the five areas. In order to connect the ideas of a notional machine to OO concepts we present a four levelled competence hierarchy for object-interaction.Teachers assessed the area 'understanding the notional machine' as least important. Despite this, they assessed the herachy of object-interaction - meant as basis for a notional machine for the OO-paradigm - as an important aspect.Although teachers stress the importance of teaching general abstract structures, teaching seems to focus on concrete programming issues. A conclusion for further research on teaching OO programming and concerning the hierarchy of object interaction is that teaching is not only a matter of topics, but also a matter of perspective on teaching the topics.",openalex,llm,0.990,unreviewed,
kept,Experiences Implementing and Utilizing a Notional Machine in the Classroom,Paul E. Dickson; Tim Richards; Brett A. Becker,2021,Zenodo (CERN European Organization for Nuclear Research),10.5281/zenodo.5760323,https://openalex.org/W4393796584,supports-claim,"Notional Machine Specification for: Paul E. Dickson, Tim Richards, and Brett A. Becker. 2022. Experiences Implementing and Utilizing a Notional Machine in the Classroom. In Proceedings of the 53rd ACM Technical Symposium on Computer Science Education V. 1 (SIGCSE 2022), March 3–5, 2022, Providence, RI, USA. ACM, New York, NY, USA, 7 pages. https://doi.org/10.1145/3478431.3499320 When referring to this dataset, please cite the above article. That contains the DOI of this dataset. Please do not cite this dataset directly without citing the article.",openalex,llm,0.860,unreviewed,
kept,Jsvee & Kelmu: Creating and tailoring program animations for computing education,Teemu Sirkiä,2017,Journal of Software Evolution and Process,10.1002/smr.1924,https://openalex.org/W2770661422,supports-claim,"Abstract To learn to program, a novice programmer must understand the dynamic, runtime aspect of program code, a so‐called notional machine. Understanding the machine can be easier when it is represented graphically, and tools have been developed to this end. However, these tools typically support only 1 programming language and do not work in a Web browser. In this article, we present the functionality and technical implementation of the 2 visualization tools. First, the language‐agnostic and extensible Jsvee library helps instructors visualize notional machines and create expression‐level program animations for online course materials. Second, instructors can use the Kelmu toolkit to augment automatically generated animations, for instance, by adding annotations such as textual explanations and arrows on top of the original animation. Both of these libraries have been used in introductory programming courses, and there is preliminary evidence that learners find the animations useful and annotated animations change student behavior.",openalex,llm,0.940,unreviewed,
kept,Using Tracing and Sketching to Solve Programming Problems,Kathryn Cunningham; Sarah Blanchard; Barbara Ericson; Mark Guzdial,2017,,10.1145/3105726.3106190,https://openalex.org/W2748908871,supports-claim,"Sketching out a code trace is a cognitive assistance for programmers, student and professional. Previous research (Lister et al. 2004) showed that students who sketch a trace on paper had greater success on code 'reading' problems involving loops, arrays, and conditionals. We replicated this finding, and developed further categories of student sketching strategies. Our results support previous findings that students who don't sketch on code reading problems have a lower success rate than students who do sketch. We found that students who sketch incomplete traces also have a low success rate, similar to students who don't sketch at all. We categorized sketching strategies on new problem types (code writing, code ordering, and code fixing) and find that different types of sketching are used on these problems, not always with increased success. We ground our results in a theory of sketching as a method for distributing cognition and as a demonstration of the process of the notional machine.",openalex,llm,0.940,unreviewed,
kept,Notional Machines for Scratch and Python,Otto Seppälä; Rodrigo Duran; Brett A. Becker; Paul Denny; Titus Barik; Thomas Ball; J. Ángel Velázquez‐Iturbide; Juha Sorva,2019,,,https://openalex.org/W3193135618,supports-claim,,openalex,llm,0.780,unreviewed,
kept,Notional Machines: Retrieving Background Practices of Perception and Action,Josh Tenenberg,2024,ACM Transactions on Computing Education,10.1145/3688390,https://openalex.org/W4401540555,supports-claim,"Notional machines have figured historically in many discussions in computing education. Under a common view in the computing education literature based on classical cognitive science, notional machines play a critical pedagogical role when they are brought into a student’s mind as mental models. A mental model simplifies the phenomenon that it models and is correct to the extent that it corresponds to the modeled phenomenon. Such mental models of the notional machine are viewed as necessary for the student to program computers. In this article, I argue that this classical cognitive science view overlooks two key aspects of human cognition that are brought to the forefront in “second generation” cognitive science and recent philosophy of knowledge and language. The first is the importance of embodied perception and action to ground the meaning of language and thought. In particular, models are representational not only due to their simplification and correspondence to what they model but also require embodied representational practices by which these correspondences are constituted. The second concerns the way that these embodied practices can be sufficiently educated so that they withdraw into an unnoticed background so that reflective reasoning is not always required for skilled action. This article thus advocates a shift in pedagogical attention from the inner aspect of student mentality to the external aspect of embodied interaction between student and notional machine. This leads to a focus on the background practices by which notional machines are intelligible as models of computation and explicitly teaching these practices so that students can better leverage the benefits of notional machines to learn how to program a computer.",openalex,llm,0.990,unreviewed,
discarded,The Broad Conception of Computation,B. Jack Copeland,1997,American Behavioral Scientist,10.1177/0002764297040006003,https://openalex.org/W2169392809,off-topic-false-hit,"A myth has arisen concerning Turing's article of 1936, namely that Turing set forth a fundamental principle concerning the limits of what can be computed by machine—a myth that has passed into cognitive science and the philosophy of minds to wide and pernicious effect. This supposed principle, sometimes incorrectly termed the Church-Turing thesis, is the claim that the class of functions that can be computed by machines is identical to the class of functions that can be computed by Turing machines. In point of fact, Turing himself nowhere endorses or even states this claim (nor does Church). The author describes a number of notional machines, both analog and digital, that can compute more than a universal Turing machine. These machines are exemplars of the class of nonclassical computing machines. Nothing known at present rules out the possibility that machines in this class will one day be built or that the brain itself is such a machine. These theoretical considerations undercut a number of foundational arguments that are commonly rehearsed in cognitive science and gesture toward a new class of cognitive models.",openalex,llm,1.000,unreviewed,
kept,The same but different students' understandings of primitive and object variables,Juha Sorva,2008,,10.1145/1595356.1595360,https://openalex.org/W1987311676,supports-claim,"From qualitative analysis of student interviews emerged three sets of categories, or outcome spaces, describing introductory students' understandings of variables. One outcome space describes different ways of understanding primitive variables. Another describes different understandings of object variables. The third outcome space describes the relationship between the primitive and object variables, again from the point of view of the student cohort. The results show that learners create various kinds of mental models of programming concepts, and that the concept of variable, which is fundamental to most types of programming, is understood in various non-viable ways. With the help of the outcome spaces, teaching materials and tools can be developed to explicitly address potential pitfalls and highlight educationally critical aspects of variables to students. A software tool, which would engage students to interact with and manipulate a visualization of a notional machine, suggests itself as an intriguing avenue for future work.",openalex,llm,0.960,unreviewed,
