status,title,authors,year,venue,doi,url,tags,abstract,provider,decision_source,llm_confidence,llm_review_outcome,llm_change_direction
discarded,"G*Power 3: A flexible statistical power analysis program for the social, behavioral, and biomedical sciences",Franz Faul; Edgar Erdfelder; Albert-Georg Lang; Axel Buchner,2007,Behavior Research Methods,10.3758/bf03193146,https://openalex.org/W2087484885,off-topic-false-hit,"G*Power (Erdfelder, Faul, & Buchner, 1996) was designed as a general stand-alone power analysis program for statistical tests commonly used in social and behavioral research. G*Power 3 is a major extension of, and improvement over, the previous versions. It runs on widely used computer platforms (i.e., Windows XP, Windows Vista, and Mac OS X 10.4) and covers many different statistical tests of the t, F, and chi(2) test families. In addition, it includes power analyses for z tests and some exact tests. G*Power 3 provides improved effect size calculators and graphic options, supports both distribution-based and design-based input modes, and offers all types of power analyses in which users might be interested. Like its predecessors, G*Power 3 is free.",openalex,llm,0.980,unreviewed,
discarded,CHARMM: The biomolecular simulation program,Bernard R. Brooks; Charles L. Brooks; Alexander D. MacKerell; Lennart Nilsson; Robert J. Petrella; Benoı̂t Roux; Youngdo Won; Georgios Archontis; Christian Bartels; Stefan Boresch; Amedeo Caflisch; Leo S. D. Caves; Qiang Cui; Aaron R. Dinner; Michael Feig; Stefan Fischer; Jun Gao; Milan Hodošček; Wonpil Im; Krzysztof Kuczera; Themis Lazaridis; Jianpeng Ma; Victor Ovchinnikov; Emanuele Paci; Richard W. Pastor; Carol Beth Post; Jingzhi Pu; Michael Schaefer; Bruce Tidor; Richard M. Venable; H. Lee Woodcock; Xiaojing Wu; Wei Yang; Darrin M. York; Martin Karplus,2009,Journal of Computational Chemistry,10.1002/jcc.21287,https://openalex.org/W2132262459,off-topic-false-hit,"CHARMM (Chemistry at HARvard Molecular Mechanics) is a highly versatile and widely used molecular simulation program. It has been developed over the last three decades with a primary focus on molecules of biological interest, including proteins, peptides, lipids, nucleic acids, carbohydrates, and small molecule ligands, as they occur in solution, crystals, and membrane environments. For the study of such systems, the program provides a large suite of computational tools that include numerous conformational and path sampling methods, free energy estimators, molecular minimization, dynamics, and analysis techniques, and model-building capabilities. The CHARMM program is applicable to problems involving a much broader class of many-particle systems. Calculations with CHARMM can be performed using a number of different energy functions and models, from mixed quantum mechanical-molecular mechanical force fields, to all-atom classical potential energy functions with explicit solvent and various boundary conditions, to implicit solvent and membrane models. The program has been ported to numerous platforms in both serial and parallel architectures. This article provides an overview of the program as it exists today with an emphasis on developments since the publication of the original CHARMM article in 1983.",openalex,llm,0.980,unreviewed,
discarded,SciPy 1.0: fundamental algorithms for scientific computing in Python,Pauli Virtanen; Ralf Gommers; Travis E. Oliphant; Matt Haberland; Tyler Reddy; David Cournapeau; Evgeni Burovski; Pearu Peterson; Warren Weckesser; Jonathan Bright; Stéfan J. van der Walt; Matthew Brett; Joshua Wilson; K. Jarrod Millman; Nikolay Mayorov; Andrew R. J. Nelson; Eric Jones; Robert Kern; Eric Larson; C J Carey; İlhan Polat; Yu Feng; Eric W. Moore; Jake VanderPlas; Denis Laxalde; Josef Perktold; Robert Cimrman; Ian Henriksen; E. A. Quintero; Charles R. Harris; Anne M. Archibald; Antônio H. Ribeiro; Fabian Pedregosa; Paul van Mulbregt; SciPy 1.0 Contributors; Aditya Vijaykumar; Alessandro Pietro Bardelli; Alex Rothberg; Andreas Hilboll; Andreas Kloeckner; Anthony Scopatz; Antony Lee; Ariel Rokem; C. Nathan Woods; Chad Fulton; Charles Masson; Christian Häggström; Clark Fitzgerald; David A. Nicholson; David R. Hagen; Dmitrii V. Pasechnik; Emanuele Olivetti; Eric Martin; Eric Wieser; Fabrice Silva; Felix Lenders; Florian Wilhelm; G. Young; Gavin A. Price; Gert-Ludwig Ingold; Gregory E. Allen; Gregory R. Lee; Hervé Audren; Irvin Probst; Jörg P. Dietrich; Jacob Silterra; James T Webber; Janko Slavič; Joel Nothman; Johannes Buchner; Johannes Kulick; Johannes L. Schönberger; José Vinícius de Miranda Cardoso; Joscha Reimer; Joseph Harrington; Juan Luis Cano Rodríguez; Juan Nunez-Iglesias; Justin Kuczynski; Kevin Tritz; Martin Thoma; Matthew Newville; Matthias Kümmerer; Maximilian Bolingbroke; Michael Tartre; Mikhail Pak; Nathaniel J. Smith; Nikolai Nowaczyk; Nikolay Shebanov; Oleksandr Pavlyk; Per A. Brodtkorb; Perry Lee; Robert T. McGibbon; Roman Feldbauer; Sam Lewis; Sam Tygier; Scott Sievert; Sebastiano Vigna; Stefan Peterson; Surhud More; Tadeusz Pudlik,2020,Nature Methods,10.1038/s41592-019-0686-2,https://openalex.org/W3003257820,off-topic-false-hit,"SciPy is an open-source scientific computing library for the Python programming language. Since its initial release in 2001, SciPy has become a de facto standard for leveraging scientific algorithms in Python, with over 600 unique code contributors, thousands of dependent packages, over 100,000 dependent repositories and millions of downloads per year. In this work, we provide an overview of the capabilities and development practices of SciPy 1.0 and highlight some recent technical developments.",openalex,llm,0.990,unreviewed,
discarded,SciPy 1.0: fundamental algorithms for scientific computing in Python,Pauli Virtanen; Ralf Gommers; Travis E. Oliphant; Matt Haberland; Tyler Reddy; David Cournapeau; Evgeni Burovski; Pearu Peterson; Warren Weckesser; Jonathan Bright; Stéfan van der Walt; Matthew Brett; Joshua Wilson; K. Jarrod Millman; Nikolay Mayorov; Andrew Nelson; Eric D. Jones; Robert Kern; Eric R. Larson; CJ Carey; İlhan Polat; Yu Feng; Eric Moore; Jake Vanderplas; Denis Laxalde; Josef Perktold; Robert Cimrman; Ian Henriksen; E. A. Quintero; C. R. Harris; Anne M. Archibald; Antônio H. Ribeiro; Fabian Pedregosa; Paul van Mulbregt; A. Vijaykumar; Alessandro Pietro Bardelli; Alex Rothberg; Andreas Hilboll; Andreas Kloeckner; Anthony Scopatz; Antony Lee; Ariel Rokem; Charles Woods; Chad Fulton; Charles Masson; Christian Häggström; C Fitzgerald; David Nicholson; David Hagen; Dmitrii V. Ṗasechnik; Emanuele Olivetti; Éric Martin; Eric Wieser; Fabrice Silva; Felix Lenders; Florian Wilhelm; George S. Young; Gavin A Price; Gert‐Ludwig Ingold; Gregory E. Allen; Gregory R. Lee; Hervé Audren; Irvin Probst; J. P. Dietrich; Jacob Silterra; James T. Webber; Janko Slavič; Joel Nothman; Johannes Büchner; Johannes Kulick; Johannes L. Schönberger; José Vinícius de Miranda Cardoso; Joscha Reimer; Joseph Harrington; Juan Luis Cano; Juan Nunez-Iglesias; Justin Kuczynski; K. Tritz; Martin Thoma; M. Newville; Matthias Kümmerer; Maximilian Bolingbroke; Michael Tartre; M. Pak; Nathaniel J. Smith; Nikolai Nowaczyk; Nikolay Shebanov; Oleksandr Pavlyk; Per A. Brodtkorb; Perry Lee; Robert T. McGibbon; Roman Feldbauer; Sam Lewis; Sam Tygier; Scott Sievert; Sebastiano Vigna; Stefan Peterson; Surhud More; Tadeusz Pudlik; 拓也 大嶋,2019,Monash University Research Portal (Monash University),10.17863/cam.64134,https://openalex.org/W3103145119,off-topic-false-hit,"Abstract: SciPy is an open-source scientific computing library for the Python programming language. Since its initial release in 2001, SciPy has become a de facto standard for leveraging scientific algorithms in Python, with over 600 unique code contributors, thousands of dependent packages, over 100,000 dependent repositories and millions of downloads per year. In this work, we provide an overview of the capabilities and development practices of SciPy 1.0 and highlight some recent technical developments.",openalex,llm,0.960,unreviewed,
kept,Symbolic execution and program testing,James C. King,1976,Communications of the ACM,10.1145/360248.360252,https://openalex.org/W2101512909,supports-claim,"This paper describes the symbolic execution of programs. Instead of supplying the normal inputs to a program (e.g. numbers) one supplies symbols representing arbitrary values. The execution proceeds as in a normal execution except that values may be symbolic formulas over the input symbols. The difficult, yet interesting issues arise during the symbolic execution of conditional branch type statements. A particular system called EFFIGY which provides symbolic execution for program testing and debugging is also described. It interpretively executes programs written in a simple PL/I style programming language. It includes many standard debugging features, the ability to manage and to prove things about symbolic expressions, a simple program testing manager, and a program verifier. A brief discussion of the relationship between symbolic execution and program proving is also included.",openalex,llm,0.860,unreviewed,
discarded,Mental Models: An Interdisciplinary Synthesis of Theory and Methods,Natalie A. Jones; Helen Ross; Timothy Lynam; Pascal Perez; Anne Leitch,2011,Ecology and Society,10.5751/es-03802-160146,https://openalex.org/W1585584998,off-topic-false-hit,"Jones, N. A., H. Ross, T. Lynam, P. Perez, and A. Leitch. 2011. Mental models: an interdisciplinary synthesis of theory and methods. Ecology and Society 16(1): 46. https://doi.org/10.5751/ES-03802-160146",openalex,llm,0.980,unreviewed,
discarded,"A Survey of Augmented Reality Technologies, Applications and Limitations",D. W. F. van Krevelen; Ronald Poelman,2010,International Journal of Virtual Reality,10.20870/ijvr.2010.9.2.2767,https://openalex.org/W2944523811,off-topic-false-hit,"A Survey of Augmented Reality Technologies, Applications and Limitations",openalex,llm,0.990,unreviewed,
discarded,The Buccaneer software for automated model building. 1. Tracing protein chains,Kevin Cowtan,2006,Acta Crystallographica Section D Biological Crystallography,10.1107/s0907444906022116,https://openalex.org/W2143815085,off-topic-false-hit,A new technique for the automated tracing of protein chains in experimental electron-density maps is described. The technique relies on the repeated application of an oriented electron-density likelihood target function to identify likely C(alpha) positions. This function is applied both in the location of a few promising ;seed' positions in the map and to grow those initial C(alpha) positions into extended chain fragments. Techniques for assembling the chain fragments into an initial chain trace are discussed.,openalex,llm,0.990,unreviewed,
discarded,Reliability in Content Analysis: Some Common Misconceptions and Recommendations,Klaus Krippendorff,2004,Human Communication Research,10.1093/hcr/30.3.411,https://openalex.org/W4243989635,off-topic-false-hit,"In a recent article published in this journal, Lombard, Snyder-Duch, and Bracken (2002) surveyed 200 content analyses for their reporting of reliability tests; compared the virtues and drawbacks of five popular reliability measures; and proposed guidelines and standards for their use. Their discussion revealed that numerous misconceptions circulate in the content analysis literature regarding how these measures behave and can aid or deceive content analysts in their effort to ensure the reliability of their data. This paper proposes three conditions for statistical measures to serve as indices of the reliability of data and examines the mathematical structure and the behavior of the five coefficients discussed by the authors, plus two others. It compares common beliefs about these coefficients with what they actually do and concludes with alternative recommendations for testing reliability in content analysis and similar data-making efforts.",openalex,llm,0.990,unreviewed,
discarded,Design and validation of a tool for neurite tracing and analysis in fluorescence microscopy images,Erik Meijering; Mathews Jacob; J.‐C. Floyd Sarria; Pascal Steiner; Harald Hirling; Michaël Unser,2004,Cytometry Part A,10.1002/cyto.a.20022,https://openalex.org/W2169931542,off-topic-false-hit,"BACKGROUND: For the investigation of the molecular mechanisms involved in neurite outgrowth and differentiation, accurate and reproducible segmentation and quantification of neuronal processes are a prerequisite. To facilitate this task, we developed a semiautomatic neurite tracing technique. This article describes the design and validation of the technique. METHODS: The technique was compared to fully manual delineation. Four observers repeatedly traced selected neurites in 20 fluorescence microscopy images of cells in culture, using both methods. Accuracy and reproducibility were determined by comparing the tracings to high-resolution reference tracings, using two error measures. Labor intensiveness was measured in numbers of mouse clicks required. The significance of the results was determined by a Student t-test and by analysis of variance. RESULTS: Both methods slightly underestimated the true neurite length, but the differences were not unanimously significant. The average deviation from the true neurite centerline was a factor 2.6 smaller with the developed technique compared to fully manual tracing. Intraobserver variability in the respective measures was reduced by a factor 6.0 and 23.2. Interobserver variability was reduced by a factor 2.4 and 8.8, respectively, and labor intensiveness by a factor 3.3. CONCLUSIONS: Providing similar accuracy in measuring neurite length, significantly improved accuracy in neurite centerline extraction, and significantly improved reproducibility and reduced labor intensiveness, the developed technique may replace fully manual tracing methods.",openalex,llm,1.000,unreviewed,
discarded,Ontological anthropology and the deferral of critique,Lucas Bessire; David Bond,2014,American Ethnologist,10.1111/amet.12083,https://openalex.org/W1840767353,off-topic-false-hit,"ABSTRACT What does ontological anthropology promise, what does it presume, and how does it contribute to the formatting of life in our present? Drawing from our respective fieldwork on how Indigenous alterity is coenvisioned and how the lively materiality of hydrocarbons is recognized, we develop an ethnographic and theoretical critique of ontological anthropology. This essay, then, provides an empirical counterweight to what the ontological turn celebrates of Native worlds and what it rejects of modernity. In it, we examine the methodological and conceptual investments of ontological anthropology. The figure of the ontological as commonly invoked, we argue, often narrows the areas of legitimate concern and widens the scope of acceptable disregard within social research. We chart how this paradigm's analytical focus on the future redefines the coordinates of the political as well as anthropology's relation to critique. Finally, we formulate three conceptual theses that encapsulate our criticism and open this discussion to further debate.",openalex,llm,0.990,unreviewed,
discarded,Academic Emotions in Students' Self-Regulated Learning and Achievement: A Program of Qualitative and Quantitative Research,Reinhard Pekrun; Thomas Goetz; Wolfram Titz; Raymond P. Perry,2002,Educational Psychologist,10.1207/s15326985ep3702_4,https://openalex.org/W2063898208,adjacent-subtopic,"Academic emotions have largely been neglected by educational psychology, with the exception of test anxiety. In 5 qualitative studies, it was found that students experience a rich diversity of emotions in academic settings. Anxiety was reported most often, but overall, positive emotions were described no less frequently than negative emotions. Based on the studies in this article, taxonomies of different academic emotions and a self-report instrument measuring students' enjoyment, hope, pride, relief, anger, anxiety, shame, hopelessness, and boredom (Academic Emotions Questionnaire [AEQ]) were developed. Using the AEQ, assumptions of a cognitive-motivational model of the achievement effects of emotions, and of a control/value theory of their antecedents (Pekrun, 1992b, 2000), were tested in 7 cross-sectional, 3 longitudinal, and 1 diary study using samples of university and school students. Results showed that academic emotions are significantly related to students' motivation, learning strategies, cognitive resources, self-regulation, and academic achievement, as well as to personality and classroom antecedents. The findings indicate that affective research in educational psychology should acknowledge emotional diversity in academic settings by addressing the full range of emotions experienced by students at school and university.",openalex,llm,0.900,unreviewed,
discarded,Neuromyths in Education: Prevalence and Predictors of Misconceptions among Teachers,Sanne Dekker; Nikki Lee; Paul Howard‐Jones; Jelle Jolles,2012,Frontiers in Psychology,10.3389/fpsyg.2012.00429,https://openalex.org/W2162885276,adjacent-subtopic,"The OECD's Brain and Learning project (2002) emphasized that many misconceptions about the brain exist among professionals in the field of education. Though these so-called ""neuromyths"" are loosely based on scientific facts, they may have adverse effects on educational practice. The present study investigated the prevalence and predictors of neuromyths among teachers in selected regions in the United Kingdom and the Netherlands. A large observational survey design was used to assess general knowledge of the brain and neuromyths. The sample comprised 242 primary and secondary school teachers who were interested in the neuroscience of learning. It would be of concern if neuromyths were found in this sample, as these teachers may want to use these incorrect interpretations of neuroscience findings in their teaching practice. Participants completed an online survey containing 32 statements about the brain and its influence on learning, of which 15 were neuromyths. Additional data was collected regarding background variables (e.g., age, sex, school type). Results showed that on average, teachers believed 49% of the neuromyths, particularly myths related to commercialized educational programs. Around 70% of the general knowledge statements were answered correctly. Teachers who read popular science magazines achieved higher scores on general knowledge questions. More general knowledge also predicted an increased belief in neuromyths. These findings suggest that teachers who are enthusiastic about the possible application of neuroscience findings in the classroom find it difficult to distinguish pseudoscience from scientific facts. Possessing greater general knowledge about the brain does not appear to protect teachers from believing in neuromyths. This demonstrates the need for enhanced interdisciplinary communication to reduce such misunderstandings in the future and establish a successful collaboration between neuroscience and education.",openalex,llm,0.910,unreviewed,
discarded,"Use of cyclodextrins to manipulate plasma membrane cholesterol content: Evidence, misconceptions and control strategies",Raphael Zidovetzki; Irena Levitan,2007,Biochimica et Biophysica Acta (BBA) - Biomembranes,10.1016/j.bbamem.2007.03.026,https://openalex.org/W2082179247,off-topic-false-hit,"The physiological importance of cholesterol in the cell plasma membrane has attracted increased attention in recent years. Consequently, the use of methods of controlled manipulation of membrane cholesterol content has also increased sharply, especially as a method of studying putative cholesterol-enriched cell membrane domains (rafts). The most common means of modifying the cholesterol content of cell membranes is the incubation of cells or model membranes with cyclodextrins, a family of compounds, which, due to the presence of relatively hydrophobic cavity, can be used to extract cholesterol from cell membranes. However, the mechanism of this activity of cyclodextrins is not completely established. Moreover, under conditions commonly used for cholesterol extraction, cyclodextrins may remove cholesterol from both raft and non-raft domains of the membrane as well as alter the distribution of cholesterol between plasma and intracellular membranes. In addition, other hydrophobic molecules such as phospholipids may also be extracted from the membranes by cyclodextrins. We review the evidence for the specific and non-specific effects of cyclodextrins and what is known about the mechanisms for cyclodextrin-induced cholesterol and phospholipid extraction. Finally, we discuss useful control strategies that may help to verify that the observed effects are due specifically to cyclodextrin-induced changes in cellular cholesterol. (c) 2007 Elsevier B.V. All rights reserved.",openalex,llm,0.990,unreviewed,
