status,title,authors,year,venue,doi,url,tags,abstract,provider,decision_source,llm_confidence,llm_review_outcome,llm_change_direction
kept,Fostering Problem-Solving in Introductory Programming Through Software Testing: A Systematic Review,André Almeida; Dalton D. S. Guerrero; Wilkerson L. Andrade,2025,2025 IEEE Frontiers in Education Conference (FIE),10.1109/FIE63693.2025.11328234,https://ieeexplore.ieee.org/document/11328234/,adjacent-subtopic,"This Research Full Paper presents a systematic review of the integration of software testing practices in introductory programming courses. Software testing, a critical skill in programming, has the potential to transform the way students approach problem-solving and programming tasks. However, the process of teaching these practices in beginner courses presents unique challenges and opportunities. The primary objective of this study is to examine how software testing practices are incorporated into programming courses, their effectiveness in enhancing students' logical and analytical reasoning, and the challenges associated with their implementation. To address these goals, a systematic literature review (SLR) was conducted, guided by three units of analysis: (1) the stages of problem-solving supported by testing, (2) the metrics used to evaluate its effectiveness, and (3) the findings of current practices. The findings reveal that testing can be introduced at different stages of problemsolving, including writing test cases before coding, metacognitive scaffolding to plan solutions, and using frameworks to integrate continuous feedback. Metrics such as academic performance, problem-solving accuracy, engagement, and solution validation were used to evaluate the effectiveness of these approaches. Additionally, the research notes the need for further exploration of how these practices can be adapted to real-world scenarios and different educational contexts.",ieee,llm,0.880,unreviewed,
kept,A Systematic Literature Review on the Use of Software Testing and Programming with Novice Students,Anália Cristina B. T. Meira; Dalton D. S. Guerrero; Wilkerson L. Andrade,2024,2024 IEEE Frontiers in Education Conference (FIE),10.1109/FIE61694.2024.10893450,https://ieeexplore.ieee.org/document/10893450/,adjacent-subtopic,"This Research Full Paper investigates the use of software testing in introductory programming courses (CS1 and/or CS2) as a supportive and facilitating technique for novice students, identifying adopted strategies and tools used. The literature commonly emphasizes problem-solving skills in programming education or strategies for intervening in educational practices. This paper conducts a Systematic Literature Review (SLR) and aims to understand the impact of introducing tests on novice students' comprehension of programming problems. More research is needed to understand how to improve programming teaching materials and methodologies and how novice students absorb all of this. A study was conducted to answer the following research questions: (RQ1) How are tests being used to facilitate novice students' understanding of programming problems? Additionally, (RQ2) What strategies and tools are being adopted to incorporate software testing into teaching programming for beginner students? The responses highlighted the challenges faced in teaching CS1 and/or CS2, evidencing controlled experiments, alternative methods, and tools used. Finally, we critically analyzed the impact on this target audience and found through the research that there is no consensus on the software testing skills necessary to learn programming. Therefore, these skills were grouped as follows: (1) skills related to introducing software testing tools - consolidated or new - and (2) skills related to education with testing activities. By cross-referencing the information, improvements in student performance can be seen when software tests are integrated into the learning process. Introducing tests by customizing materials adopted in programming courses, activities, and evaluations can promote more effective learning for this group.",ieee,llm,0.900,unreviewed,
kept,Computer-supported Collaborative Learning in Programming Education: A Systematic Literature Review,Leonardo Silva; António José Mendes; Anabela Gomes,2020,2020 IEEE Global Engineering Education Conference (EDUCON),10.1109/EDUCON45650.2020.9125237,https://ieeexplore.ieee.org/document/9125237/,adjacent-subtopic,"Social dimension plays a crucial role in the learning process. The use of technological resources to stimulate and mediate the interaction between students is known as Computer-supported collaborative learning (CSCL). Despite being widely used in programming education, the summarization of the academic literature about this topic is scarce. To create that body of knowledge, a systematic literature review was performed. The findings provide an understanding of how collaboration is explored in introductory programming, resources used to stimulate them and challenges in the process. Opportunities for future research are discussed, especially related to motivation, self-efficacy and engagement in CSCL, and the exploitation of learning analytics.",ieee,llm,0.890,unreviewed,
kept,A Critical Examination of Machine Learning as a Tool to Predict Performance of Students in CS1,Kristina von Hausswolff; Christina Björkman; Gordana Dodig-Crnkovic,2024,2024 IEEE Frontiers in Education Conference (FIE),10.1109/FIE61694.2024.10893050,https://ieeexplore.ieee.org/document/10893050/,adjacent-subtopic,"This full research paper presents a systematic literature review of research using machine learning techniques to predict student performance in introductory programming courses. The overarching research question is: How does empirical research using machine learning approach the prediction of student performance in introductory computer science courses (CS1)? The focus is on how knowledge from educational science is incorporated alongside with ethical and gender considerations. Only peer-reviewed articles, published in journals or conference proceedings between 2017 and mid 2020, reporting on empirical studies that used data on more than 30 students are included. This study addresses prevalent shortcomings in empirical CS education research, noting often inadequate descriptions of data selection, processing, and the representation and diversity of sample sizes that can limit the utility of results. It underscores the frequent omission of ethical considerations regarding students' data consent and the potential negative impacts on students' educational trajectories. Additionally, many studies fail to incorporate the educational context or address gender-related issues adequately, disconnecting the models from established knowledge about women in computer science.",ieee,llm,0.860,unreviewed,
kept,Pair programming as a teaching tool: a student review of empirical studies,Pearl Brereton; Mark Turner; Rumjit Kaur,2009,2009 22nd Conference on Software Engineering Education and Training,10.1109/CSEET.2009.11,https://ieeexplore.ieee.org/document/4812704/,adjacent-subtopic,"The aims of this research were to investigate the applicability of the systematic literature review (SLR) process within the constraints of a 13-week masterpsilas level project and to aggregate evidence about the effectiveness of pair programming for teaching introductory programming. It was found that, with certain modifications to the process, it was possible to undertake an SLR within a limited time period and to produce valid results. Based on pre-defined inclusion and exclusion criteria, the student found 28 publications reporting empirical studies of pair programming, of which nine publications were used for data extraction and analysis. Results of the review indicates that whilst pair programming has little effect on the marks obtained for examinations and assignments, it can significantly improve the pass and retention rates and the studentspsila confidence and enjoyment of programming. Following the student study, experienced reviewers re-applied the inclusion and exclusion criteria to the 28 publications and carried out data extraction and synthesis using the resulting papers. A comparison of the studentpsilas results and those of the experienced reviewers is presented.",ieee,llm,0.900,unreviewed,
discarded,A Taxonomy to Assist TAs in Providing Adaptive Feedback to Novice Programmers,Hemilis Joyse Barbosa Rocha; Evandro de Barros Costa; Patricia Cabral de Azevedo Restelli Tedesco,2023,2023 IEEE Frontiers in Education Conference (FIE),10.1109/FIE58773.2023.10343309,https://ieeexplore.ieee.org/document/10343309/,adjacent-subtopic,"The literature indicates that, in general, TAs lack teaching experience, and many of them need appropriate pedagogical training, particularly because they need more knowhow on feedback resources, as well as in providing students with adaptive feedback. Given the mentioned perspective on feedback in introductory programming, one important question is: how can TAs assist in providing adaptive feedback that meets students' needs? To address this issue, guidelines can be provided to clarify what effective feedback is for novice student programmers. However, there is still a lack of guiding elements that constitute adaptive feedback. Thus, to mitigate these problems, we propose a taxonomy for providing adaptive feedback, covering different approaches and feedback resources in problem-solving by novice programmers. The body of knowledge represented in the proposed taxonomy is helpful to be presented to TAs, who should use it to guide their pedagogical decision-making process in relation to adaptive feedback in terms of synthesis and analysis. To our knowledge, a taxonomy for this purpose has yet to be published in the computing education literature. In summary, we intended to investigate the following research questions: (1) What can be adapted in the feedback provided to the beginning programming student during problem-solving? (2) What can be adapted from the feedback provided to the novice programmer during problem-solving? As a method for designing the proposed taxonomy, we followed the Design Science Research (DSR) methodology using its main stages: problem identification, elaboration, testing, and evaluation. As a result, we develop a novel comprehensive taxonomy of adaptive feedback that captures the many elements that one teacher might consider when helping a given student. The taxonomy includes various approaches and features to adaptive feedback, expressed in categories, subcategories, and contextual elements. The main contribution of this paper is to provide a taxonomy that can help TAs use a relevant pedagogical body of knowledge on how to provide adaptive feedback for programming by novices.",ieee,llm,0.830,unreviewed,
discarded,Features and development of Coot,Paul Emsley; Bernhard Lohkamp; W. G. Scott; Kevin Cowtan,2010,Acta Crystallographica Section D Biological Crystallography,10.1107/s0907444910007493,https://openalex.org/W2124026197,off-topic-false-hit,"Coot is a molecular-graphics application for model building and validation of biological macromolecules. The program displays electron-density maps and atomic models and allows model manipulations such as idealization, real-space refinement, manual rotation/translation, rigid-body fitting, ligand search, solvation, mutations, rotamers and Ramachandran idealization. Furthermore, tools are provided for model validation as well as interfaces to external programs for refinement, validation and graphics. The software is designed to be easy to learn for novice users, which is achieved by ensuring that tools for common tasks are 'discoverable' through familiar user-interface elements (menus and toolbars) or by intuitive behaviour (mouse controls). Recent developments have focused on providing tools for expert users, with customisable key bindings, extensions and an extensive scripting interface. The software is under rapid development, but has already achieved very widespread use within the crystallographic community. The current state of the software is presented, with a description of the facilities available and of some of the underlying methods employed.",openalex,llm,1.000,unreviewed,
discarded,Learning Theories: An Educational Perspective,Dale H. Schunk,1991,,,https://openalex.org/W1568871075,off-topic-false-hit,"Chapter 1 -- Learning: Introduction, Issues, Historical Perspectives Learning Defined Learning Theory and Research Functions of theory Conducting research Methods of Assessing Learning Direct observations Written responses Oral responses Ratings by others Self-reports Precursors of Modern Learning Theories Learning theory and philosophy Beginnings of the psychological study of learning Structuralism and functionalism Critical Issues in the Study of Learning Which processes affect learning? What is the role of memory? What is the role of motivation? How does transfer occur? Which processes are involved in self-regulation? What are the implications for instruction? Relation of Learning and Instruction Historical perspective Instructional commonalities Integration of theory and practice Three Learning Scenarios Kathy Stone's third-grade class Jim Marshall's U. S. History class Gina Brown's educational psychology class Summary Further Reading Chapter 2 -- Conditioning Theories Connectionism Trial-and-error learning Laws of exercise and effect Other principles Revisions to Thorndike's theory Instructional applications Classical Conditioning Basic processes Informational variables Biological influences Conditioned emotional reactions Watson's Behaviorism Basic processes Little Albert experiment Contiguous Conditioning Acts and movements Associative strength Rewards and punishments Habit formation and change Operant Conditioning Conceptual framework Basic processes Behavioral change Behavior modification Verbal behavior Self-regulation Self-monitoring Self-instruction Self-reinforcement Instructional Applications Behavioral objectives Programmed instruction Contingency contracts Keller Plan Summary Further Reading Chapter 3 -- Social Cognitive Theory Conceptual Framework for Learning Reciprocal interactions Enactive and vicarious learning Learning and performance Modeling Processes Theories of imitation Functions of modeling Cognitive skill learning Rule learning Influences on Learning and Performance Developmental status of learners Model prestige and competence Vicarious consequences to models Goals and Expectations Goals Outcome expectations Self-Efficacy Conceptual overview Self-efficacy in achievement situations Models and self-efficacy Motor skills Instructional self-efficacy Health and therapeutic activities Self-Regulation Conceptual framework Social cognitive processes Cyclical nature of self-regulation Instructional Applications Models Self-efficacy Self-regulation Summary Further Reading Chapter 4 -- Cognitive Information Processing Theory Cognitive Information Processing System Assumptions Two-store (dual-memory) model Critique Levels of processing Activation level Attention Theories of attention Attention and learning Attention and reading Perception Gestalt theory Sensory registers Long term memory comparisons Two-Store Memory Model Verbal learning Short-term (working) memory Long-term memory Influences on encoding Long-Term Memory: Storage Propositions Storage of declarative knowledge Storage of procedural knowledge Production Systems and Connectionist Models Production systems Connectionist models Long-Term Memory: Retrieval Retrieval strategies Encoding specificity Retrieval of declarative knowledge Retrieval of procedural knowledge Long-Term Memory: Forgetting Verbal learning Information processing Mental Imagery Representation of spatial information Imagery in LTM Individual differences Summary Further Reading Chapter 5 -- Cognitive Learning Processes Conditional Knowledge and Metacognition Conditional knowledge Metacognition and learning Variables influencing metacognition Metacognition and behavior Concept Learning The nature of concepts Concept attainment Teaching of concepts Motivational processes Problem Solving Problem solving defined Historical influences Heuristics Information processing model Problem-solving strategies Problem solving and learning Experts and novices Implications for instruction Transfer Historical views Activation of knowledge in memory Types of transfer Strategy transfer Instructional applications Self-Regulation and Motivation Model of self-regulation Learning strategies Critique of strategy instruction Academic studying Summary Further Reading Chapter 6 -- Constructivist Theory Constructivist Assumptions and Perspectives Overview Perspectives Situated cognition Contributions and applications Vygotsky's Sociocultural Theory Background Basic principles Zone of Proximal Development Applications Critique Social Processes and Private Speech Private speech Verbalization and achievement Socially mediated learning Motivation Contextual factors Implicit theories Teachers' expectations Self-Regulation Sociocultural influences Implicit theories of self-regulation Constructivist Learning Environments Key features APA Learner-Centered Principles Instructional methods Reflective teaching Summary Further Reading Chapter 7 -- Cognition and Instruction Discovery Learning The process of discovery Teaching for discovery Meaningful Reception Learning Meaningfulness and expository teaching Advance organizers Conditions of Learning Learning outcomes Learning events Learning hierarchies Phases of learning Models of Instruction Learning time Mastery learning Inquiry teaching Instruction with worked examples Cognitive load Peer-assisted learning Research on Teaching Teacher planning and decision making Instructional practices Learner Characteristics Aptitude-treatment interactions Cognitive styles Learners' resource allocations Adapting instruction Technology and Instruction Functions of technology Technological applications Future directions Summary Further Reading Chapter 8 -- Development and Learning Beginnings of the Scientific Study of Development Historical foundations Philosophical foundations The Child Study Movement Perspectives on Human Development Issues relevant to learning Types of developmental theories Structural theories Piaget's Theory of Cognitive Development Developmental processes Implications for instruction Bruner's Theory of Cognitive Growth Cognitive growth and knowledge representation Spiral curriculum Contemporary Themes in Development and Learning Developmental changes Developmentally appropriate instruction Transitions in schooling Familial Influences SES Home environment Parental involvement Motivation and Development Developmental changes Implications Development and Instruction Case's model of instruction Teacher-student interactions Summary Further Reading Chapter 9 -- Neuroscience of Learning Organization and Structures Neural organization Brain structures Localization and interconnections Brain research methods Neurophysiology of Learning Information processing system Memory networks Language learning Brain Development Influential factors Phases of development Critical periods Language development Motivation and Emotions Motivation Emotions Implications for Teaching and Learning Relevance of brain research Educational issues Brain-based educational practices Summary Further Reading Chapter 10 -- Content-Area Learning Skill Acquisition General and specific skills Novice-to-Expert Research Methodology Language Comprehension Components of comprehension Parsing Utilization Reading Decoding Comprehension Writing Composition Processes Reviewing Processes Motivation and self-regulation Mathematics Computation skills Problem-solving skills Constructivism Individual differences Science Expert-novice differences Reasoning Constructivism and scientific beliefs Social Studies History Geography Summary Further Reading Chapter 11 -- Motivation Model of Motivated Learning Pretask During task Posttask Historical Perspectives Drive theory Conditioning theory Cognitive consistency theory Humanistic theory Achievement Motivation Expectancy-value theory Familial influences Fear of success Contemporary model of achievement motivation Self-worth theory Task and ego involvement Achievement motivation training Attribution Theory Locus of control Naive analysis of action Attribution theory of achievement Attribution change programs Social Cognitive Theory Goals and expectations Social comparison Goal Theory Goal orientations Conceptions of ability Implications for teaching Perceptions of Control Control beliefs Learned helplessness Students with learning problems Self-Concept Dimensions and development Self-concept and learning Intrinsic motivation Theoretical perspectives Overjustification and reward Motivation and Self-Regulation Volition Values Self-schemas Help seeking Summary Further Reading Chapter 12 -- Next Steps Learning Questions Which processes affect learning? What is the role of memory? What is the role of motivation? How does transfer occur? Which processes are involved in self-regulation? What are the implications for instruction Learning Theories Conditioning Social cognitive Cognitive information processing Constructivist Conclusion Glossary References Author Index Subject Index",openalex,llm,0.990,unreviewed,
