status,title,authors,year,venue,doi,url,tags,abstract,provider,decision_source,llm_confidence,llm_review_outcome,llm_change_direction
discarded,Designing Interactive Storytelling Games to Teach Computational Thinking,"Miller, Eric Shadrach",2021,"HCI IN GAMES: EXPERIENCE DESIGN AND GAME MECHANICS, PT I, HCI-GAMES 2021",10.1007/978-3-030-77277-2_26,https://www.webofscience.com/wos/woscc/full-record/WOS:001294585000026,adjacent-subtopic,"In the section of The Design of Everyday Things titled ""Moral Obligations of Design,"" Don Norman writes, ""Designers need to make things that satisfy people's needs, in terms of function, in terms of being understandable and usable, and in terms of their ability to deliver emotional satisfaction, pride, and delight,"" (Norman, 293). This is equally true of doors, lessons, teapots, narratives, and games. And for some complex emerging objects, such as educational narrative games, designers must look at a synthesis of different object types to hypothesize heuristics and principles that will guide their design. Game designers rarely have extensive research on the design of their artifacts to analyze before they are asked to invent new combinations of mechanics, couple them with themes they did not create, and then test their efficacy for whatever the intended design goal of the game, be it education, entertainment, or training. Instead, designers often rely on anecdotal accounts of design of their genre of games, if they're fortunate, or on heuristics uncovered most often in other fields. In conversation with games studies and interactive storytelling scholars, I define these digital artifacts as games that use narratives generated in response to open text input from their players. For the emerging genre of interactive storytelling games the dearth of game design research and a lack of examples of fully functional games in the genre give designers little to start with. Though many in the field of interactive storytelling believe, for good reason, that these games have incredible educational potential, there are even fewer examples of such games to learn from, and practically no specific game design research on their creation. Such artifacts are the complex synthesis of generated narrative, a system open to a continuum of user input, and educational content that personalizes to the player to a high degree. Without proper design, these objects will fail to be understood, to satisfy their users' needs, to function, and they will certainly fail to deliver pride, satisfaction, and delight. Without game design research, the proper design of such complicated artifacts will happen only by accident and will most likely be delayed, possibly indefinitely. In what seems at first like an odd coincidence, there is one field, computational thinking, where two effective prototypes of interactive storytelling educational games exist, and these, along with other case studies of mechanics and even science fiction, can guide the beginning of game design research into their creation.

How can we design interactive storytelling systems in order to be effective at teaching computational thinking? While the industry process of iteration and design will be key, the costs of developing these systems, and the costs of designing them improperly, are too high not to attempt other formal approaches to researching their design. By following a game design research methodology and pursuing specific cases with the formal methods, this paper analyzes game design principles and hypotheses to produce knowledge about how to design these complex and potentially transformational objects. As Don Norman makes clear in The Design of Everyday Things, not only can design increase our enjoyment and understanding of those things around us, but design can be a life or death matter. The stakes may seem lower in game design; however, as James Paul Gee points out in his work on games and education, games are sites of identity formation and for learning their own unique semiotic domains (Gee). We need to design the powerful educational systems that will emerge from the synthesis of deep learning and natural language processes with care, so that we do not allow for stochastic identity formation in the players of these games.

This paper is a research-based analysis of interactive storytelling systems and relevant games with relevant mechanics in order to address the question of how to design interactive storytelling games that teach computational thinking in an informal context. In addition to this analysis, this paper describes relevant research into narrative-centered learning, games-based learning, and informal learning. I will also analyze science fiction criticism alongside my game design research, and research into other fields, by adapting a methodology used in ubiquitous computing research that recognizes that, ""Design-oriented research is an act of collective imagining-a way in which we work together to bring about a future that lies slightly out of our grasp,"" (Dourish and Bell, 769). In this way, I will expand upon and practice game design research methods as called for by Paul Coultan and Alan Hook, game design researchers at Lancaster University.

Currently, even formal tools such as machinations.io and more formal texts on game mechanics such as Patterns In Game Design do not delve into thorough specific game design considerations around creating interactive storytelling systems as described by authors such as Chris Crawford, Brenda Laurel, and Janet Murray (Bjork and Holopainen; Crawford; Laurel; Murray). Ultimately, this paper will provide insight into how game designers can design interactive storytelling systems in order to teach computational thinking in informal settings, in hopes that these lessons will apply to the emerging field of interactive storytelling design and their use in informal learning experiences.",wos,llm,0.950,unreviewed,
discarded,How do thinking styles and STEM attitudes have effects on computational thinking? A structural equation modeling analysis,"Jiang, Haozhe; Islam, A. Y. M. Atiquil; Gu, Xiaoqing; Guan, Jia",2024,JOURNAL OF RESEARCH IN SCIENCE TEACHING,10.1002/tea.21899,https://www.webofscience.com/wos/woscc/full-record/WOS:001082316100001,adjacent-subtopic,"Computational thinking (CT) is vital for success in numerous domains. However, the nature, definition, and scope of CT are ill-defined, and research on how best to develop CT is very limited. This study focused on how thinking styles and STEM attitudes have effects on computational thinking. Using a proportionate stratified random sampling procedure, 1195 students from two universities were surveyed. A structural equation modeling analysis showed that students' thinking styles and STEM attitudes directly predicted their computational thinking skills and that thinking styles mediated the relationship between STEM attitudes and computational thinking skills. Thinking styles and STEM attitudes are strong predictors of CT skills. Based on the results, we recommended that the conceptualization of CT be broadened to reflect its trans-disciplinary nature within the context of STEM education. This study adds to the limited theoretical understanding of CT and CT-predictors in higher education, which has been studied much less than in K-12 education.",wos,llm,0.790,unreviewed,
discarded,Examining Student Testing and Debugging Within a Computational Systems Modeling Context,"Bowers, Jonathan; Eidin, Emanuel; Stephens, Lynn; Brennan, Linsey",2023,JOURNAL OF SCIENCE EDUCATION AND TECHNOLOGY,10.1007/s10956-023-10049-w,https://www.webofscience.com/wos/woscc/full-record/WOS:000991295700001,adjacent-subtopic,"Interpreting and creating computational systems models is an important goal of science education. One aspect of computational systems modeling that is supported by modeling, systems thinking, and computational thinking literature is ""testing, evaluating, and debugging models."" Through testing and debugging, students can identify aspects of their models that either do not match external data or conflict with their conceptual understandings of a phenomenon. This disconnect encourages students to make model revisions, which in turn deepens their conceptual understanding of a phenomenon. Given that many students find testing and debugging challenging, we set out to investigate the various testing and debugging behaviors and behavioral patterns that students use when building and revising computational system models in a supportive learning environment. We designed and implemented a 6-week unit where students constructed and revised a computational systems model of evaporative cooling using SageModeler software. Our results suggest that despite being in a common classroom, the three groups of students in this study all utilized different testing and debugging behavioral patterns. Group 1 focused on using external peer feedback to identify flaws in their model, group 2 used verbal and written discourse to critique their model's structure and suggest structural changes, and group 3 relied on systemic analysis of model output to drive model revisions. These results suggest that multiple aspects of the learning environment are necessary to enable students to take these different approaches to testing and debugging.",wos,llm,0.900,unreviewed,
kept,Snapshot of Computational Thinking in Turkey: A Critique of 2019 Bebras Challenge,"Kalelioglu, Filiz; Dogan, Dilek; Gulbahar, Yasemin",2022,INFORMATICS IN EDUCATION,10.15388/infedu.2022.19,https://www.webofscience.com/wos/woscc/full-record/WOS:000864872600005,qualifies-claim,"This study aims to provide a deeper understanding about the Bebras tasks, which is one of the computational thinking (CT) unplugged activities, in terms of age level, task category, and CT skills. Explanatory sequential mixed method was adopted in the study in order to collect data according to the research questions. The participants of the study were 113,653 school students from different age levels. Anonymous data was collected electronically from the Turkey 2019 Bebras challenge. Factor analysis was employed to reveal the construct validity to determine how accurately the tool measured the abstract psychological characteristics of the participants. In ad-dition, the item discrimination index was calculated to measure how discriminating the items in the challenge were. Qualitative data gathered through the national Bebras workshop was analysed according to content analysis. The findings highlighted some interesting points about the implica-tions of the Bebras Challenge for Turkey, which are discussed in detail. Furthermore, common problems of Bebras tasks are identified and possible suggestions for improvement are listed.",wos,llm,0.880,unreviewed,
kept,Educational robotics as a tool for computational thinking development. A literature review,"Mejia, Isabel C. C.; Salazar, Byron G. E.; Zuniga, Rene F.; Hurtado, Julio A.",2022,REVISTA EDUCACION EN INGENIERIA,10.26507/rei.v17n33.1216,https://www.webofscience.com/wos/woscc/full-record/WOS:000747381100005,supports-claim,"The development of computational thinking has been emerging as an educational development area due to its relevance in problem solving. However, it is still an area that needs models and strategies to prepare students and assess the learning of related skills. One of such strategies is Educational Robotics, which offers additional motivation for children to create and develop software-based solutions. This article presents literature review as an attempt to get deep into the way how researchers see the relationship between Educational Robotics and Computational Thinking, showing where these currents converge and also investigating the way in which Educational Robotics can contribute to the development of the Computational Thinking. In addition, some literature findings on what Computational Thinking skills are affected by robotics activities are exposed. Finally, some relevant criticisms about the way in which these two aspects are integrated in practice are addressed.",wos,llm,0.820,unreviewed,
discarded,Coding in the Liberal Arts through Natural Language Processing and Machine Learning,"Wolz, Ursula; Wilson, Jennifer",2020,"THIRTY-FOURTH AAAI CONFERENCE ON ARTIFICIAL INTELLIGENCE, THE THIRTY-SECOND INNOVATIVE APPLICATIONS OF ARTIFICIAL INTELLIGENCE CONFERENCE AND THE TENTH AAAI SYMPOSIUM ON EDUCATIONAL ADVANCES IN ARTIFICIAL INTELLIGENCE",,https://www.webofscience.com/wos/woscc/full-record/WOS:000668126805125,adjacent-subtopic,"An initiative recently established at our institution is creating new opportunities for students to deepen their understanding of code and computational thinking, and to embrace questions of access, equity and social justice. In this short paper we report on two contextualized computing courses in this initiative that introduce coding and computational thinking through contextualizing two subfields of AI: Natural Language Processing and Machine Learning. The goal was two-fold: to help students gain foundational computational skills to further their own creative and critical practices; and more broadly, to help them develop better-informed critiques of the use of algorithmic systems, especially AI technology.",wos,llm,0.920,unreviewed,
kept,Assessing computational thinking in libraries,"Weintrop, David; Morehouse, Shandra; Subramaniam, Mega",2021,COMPUTER SCIENCE EDUCATION,10.1080/08993408.2021.1874229,https://www.webofscience.com/wos/woscc/full-record/WOS:000610537400001,qualifies-claim,"Background and Context: Computational thinking (CT) is an essential skill for all youth to succeed in our technology and information-rich world. While CT has a growing presence within K-12 classrooms, libraries play an essential role in introducing these critical skills to all.

Objective: Assessing learning in libraries is difficult given their informal nature. This is especially true when trying to assess a new and ill-defined construct like CT. A first step towards better supporting informal educators is to identify the motivations for bringing CT into informal spaces and to understand the current state of assessing CT in public libraries.

Method: Thirty-seven interviews with library staff from across the United States were conducted and analyzed.

Findings: This work reveals the variety of motivations justifying the inclusion of CT programming for youth in libraries, the challenges associated with assessing CT in libraries, and identifies the assessments library staff would like to be able to conduct for their own CT-related programming.

Implications: This work advances our understanding of the current state of CT assessment in public libraries and lays the groundwork for future work seeking to meet the needs of those tasked with bringing CT to youth beyond the classroom.",wos,llm,0.900,unreviewed,
discarded,TEACHING CONTENT DEVELOPMENT FOR COMPUTATIONAL THINKING SKILLS IMPLEMENTATION,"Juskeviciene, A.",2019,"12TH INTERNATIONAL CONFERENCE OF EDUCATION, RESEARCH AND INNOVATION (ICERI 2019)",,https://www.webofscience.com/wos/woscc/full-record/WOS:000530109201069,adjacent-subtopic,"Computational thinking (CT) implementation in regular classroom activities is current research area in many countries. Some solutions exist, especially recently in Scandinavian countries. However, there is still the lack of support for educators in CT implementation in real classroom settings. Additionally, current generation of pupils needs to see actions right now in order to be motivated and encouraged, as traditional teaching methods are widely critiqued and there is the need of new strategies for learning motivation. To address these problems, the method for teaching material development in order to gain particular CT abilities by using hands on and prototyping with Arduino activities was proposed based on the literature review, computer science (CS) and crafts curriculum for 14-15th years old pupils. Next, the educational content was developed and clear interconnections between CT abilities and class activities were presented. The implication of this result is that it can be used for class activities planning at computer science and crafts subjects in basic school in order to develop particular CT abilities.",wos,llm,0.860,unreviewed,
discarded,"""I Broke Your Game!"": critique among middle schoolers designing computer games about climate change","Tucker-Raymond, Eli; Puttick, Gillian; Cassidy, Michael; Harteveld, Casper; Troiano, Giovanni M.",2019,INTERNATIONAL JOURNAL OF STEM EDUCATION,10.1186/s40594-019-0194-z,https://www.webofscience.com/wos/woscc/full-record/WOS:000517809400001,adjacent-subtopic,"Background: There have been increasing calls for integrating computational thinking and computing into school science, mathematics, and engineering classrooms. The learning goals of the curriculum in this study included learning about both computational thinking and climate science. Including computer science in science classrooms also means a shift in the focus on design and creation of artifacts and attendant practices. One such design practice, widespread in the design and arts fields, is critique. This paper explores the role of critique in two urban, heterogenous 8th grade science classrooms in which students engaged in creating computer games on the topic of climate systems and climate change. It explores and compares how practices of critique resulted from curricular decisions to (i) scaffold intentional critique sessions for student game designers and (ii) allow for spontaneous feedback as students interacted with each other and their games during the process of game creation.

Results: Although we designed formal opportunities for critique, the participatory dimension of the project meant that students were free to critique each other's games at any time during the building process and did so voluntarily. Data indicate that students focused much more on the game play dimension of the design than the science, particularly in those critique sessions that were student-initiated. Despite the de-emphasis on science in spontaneous critiques, students still focused on several dimensions of computational thinking, considering user experience, troubleshooting, modeling, and elegance of solutions.

Conclusions: Students making games about science topics should have opportunities for both formal and spontaneous critiques. Spontaneous critiques allow for students to be authorities of knowledge and to determine what is acceptable and what is not. However, formal, teacher-designed critiques may be necessary for students to focus on science as part of the critique. Furthermore, one of the benefits to critiquing others was that students were able to see what others had done, how they had set up their games, the content they included, and how they had programmed certain features. Lastly, critiques can help facilitate iteration as students work to improve their games.",wos,llm,0.910,unreviewed,
discarded,Designing and assessing digital games in a classroom: an emerging culture of critique,"Bowden, Helen Melander; Aarsand, Pal",2020,LEARNING MEDIA AND TECHNOLOGY,10.1080/17439884.2020.1727500,https://www.webofscience.com/wos/woscc/full-record/WOS:000514565300001,adjacent-subtopic,"This study explores situated practices of game design critique in a Swedish 4th grade classroom. The analyses are based on video recordings of peer feedback activities within the context of a project on computational thinking using the software Scratch. Drawing on ethnomethodology and conversation analysis, the interactional and collaborative accomplishment of design critique is examined, focusing on how the participants make relevant norms and values concerning what constitutes a 'good' game. The results of the study show that the children and their teacher orient to different themes that concern aesthetic, functional, and ethical aspects of the games and the design process, at the same time as a moral order in and for the conduct of critique is accomplished in interaction. The study sheds light on the emergence of a local culture of critique as the children learn to formulate and respond to peer feedback, thus negotiating and developing digital literacy.",wos,llm,0.900,unreviewed,
