status,title,authors,year,venue,doi,url,tags,abstract,provider,decision_source,llm_confidence,llm_review_outcome,llm_change_direction
discarded,Introducing Computational Thinking and Algebraic Thinking in the European Educational Systems,Javier Bilbao; Eugenio Bravo; Olatz García; Carolina Rebollar; Mikko‐Jussi Laakso; Heidi Kaarto; Daranee Lehtonen; Marika Parviainen; Asta Jankauskienė; Arnold Pears; İsmail Güven; Yasemin Gülbahar; Fatma Özdemir Öncül; Nilüfer Tan Yenigün; Zsuzsa Pluhár; Pál Sarmasági; Valentina Dagienė; Vaida Masiulionytė-Dagienė,2024,International Journal of Education and Information Technologies,10.46300/9109.2024.18.2,https://openalex.org/W4393277152,adjacent-subtopic,"Computational Thinking is part of the new curriculum in many countries and this new competence is often combined with Algebraic Thinking. Both types of thinking are part of the core of Mathematics and Computer Science. Algebraic Thinking is linked to acquiring the ability to represent and generalize patterns in any application area. Furthermore, the ability to communicate a mathematical argument, using the necessary language and symbolism, is a skill that is dependent on training in this type of thinking. Although Algebraic Thinking can be developed at different levels, and it is also developed at university levels, more and more countries see it as a basic mode of thought that should be encouraged from early childhood education. Algebraic Thinking has also a close relationship with Computational Thinking, and they are currently united in different situations, such as the international PISA student evaluation tests. We argue in this paper that this is a transversal competence that can be practiced in any subject and at any age. Sometimes combined with the process of teaching Mathematics. It is essential, in our opinion, to strengthen the inclusion of strategies that encourage students to reflect deeply on the concepts, theories, and applications they are learning, giving rise, among others, to number sense and abstraction. In this paper, we present the implementation of these two types of thinking, algebraic and computational, in the pre-university curriculum, particularly in Spain, within a European project. In this project, we seek to create more appropriate learning approaches for those who are often disadvantaged and help them to take advantage of Computational Thinking and Algebraic Thinking and, therefore, STEM knowledge, helping to a stronger and more equal society. We analyze its status and its relationship with the concepts taught in the different courses, although focusing on the subject of Mathematics.",openalex,llm,0.930,unreviewed,
discarded,Prototyping With A Team: Acting Machines Support Shared Understanding,Aadjan van der Helm; Pieter Jan Stappers,2020,,10.35199/epde.2020.23,https://openalex.org/W3084311590,off-topic-false-hit,"It is a great challenge for design students to learn to work with interaction and interactive technology. They need learn about interactive prototypes as well as many other things, and within a limited time. In this paper we identify three challenges rela",openalex,llm,0.960,unreviewed,
discarded,Improving Computing Education Research through Valuing Design,R. Benjamin Shapiro; Kayla DesPortes; Betsy DiSalvo,2023,Communications of the ACM,10.1145/3604633,https://openalex.org/W4385235237,adjacent-subtopic,Exploring alternatives to existing research systems and methods.,openalex,llm,0.940,unreviewed,
kept,Assessing Learning In Introductory Computer Science (Dagstuhl Seminar 16072),Michael E. Caspersen; Kathi Fisler; Jan Vahrenhold,2016,DROPS (Schloss Dagstuhl – Leibniz Center for Informatics),10.4230/dagrep.6.2.78,https://openalex.org/W2533223896,supports-claim,"This seminar discussed educational outcomes for first-year (university-level) computer science. We explored which outcomes were widely shared across both countries and individual universities, best practices for assessing outcomes, and research projects that would significantly advance assessment of learning in computer science. We considered both technical and professional outcomes (some narrow and some broad) as well as how to create assessments that focused on individual learners. Several concrete research projects took shape during the seminar and are being pursued by some participants.",openalex,llm,0.890,unreviewed,
discarded,Empowering Novice Programmers: Redesigning Documentation for Effective Informal Learning,Icy Zhang; Yunqi Jia; Xiaoxuan Cheng; Ji Y. Son; James W. Stigler,2025,Journal of Educational Computing Research,10.1177/07356331241311505,https://openalex.org/W4406418305,adjacent-subtopic,"Although programming is often learned through formal instruction or self-paced tutorials, informal learning, for example, through publicly available online documentation, is also a significant resource for skill development among novices. However, many novices struggle to extract useful information from documentation. This work aims to answer two key questions: (1) What specific elements of documentation make it difficult for novice learners? (2) What are some design features that could enhance the effectiveness of documentation for novices? Study 1 aims to qualitatively explore the impact of three hypothesized design changes on novice programmers’ learning experience: moving examples to the top of the documentation, ordering examples in increasing argument complexity, and displaying example outputs next to example codes. We propose these design changes should facilitate novices’ learning from the documentation, enhancing its accessibility and effectiveness. Studies 2 and 3 evaluate the effectiveness of the redesigned documentation on novices’ learning outcomes through a quantitative method. Our results demonstrate that these design changes help novices navigate and apply documentation more effectively.",openalex,llm,0.860,unreviewed,
discarded,Assessment of Computational Thinking: A Study of Preservice Teachers’ Knowledge and Beliefs,Qing Li; Scot McNary; Tracy Boyd,2023,Athens Journal of Sciences,10.30958/ajs.10-2-1,https://openalex.org/W4379143559,adjacent-subtopic,"Aiming to bridge the gap in the field of computational thinking and computing education, this study examines preservice teachers’ knowledge of and self-efficacy related to CT assessment. It also develops a reliable instrument to understand the construct of teacher assessment of CT. Specifically, the research questions focus on investigating the extent of preservice teachers’ knowledge and level of self-efficacy of CT assessment, and identifying the difference between demographic variables on teacher knowledge and self-efficacy related to CT assessment. Adopting a cross-sectional survey design, the participants were 182 preservice teachers. Both descriptive statistics and Exploratory Factor Analysis were used to analyze the data. The results show that the preservice teachers know little about how to use CT assessment to help students, and they believe they know even less about using specific assessment techniques to accomplish assessment. Keywords: computational thinking, assessment, teacher knowledge, teacher self-efficacy",openalex,llm,0.950,unreviewed,
kept,Purpose-first Programming: A Programming Learning Approach for Learners Who Care Most About What Code Achieves,Kathryn A. Cunningham,2020,Deep Blue (University of Michigan),10.7302/1339,https://openalex.org/W4287911600,qualifies-claim,"Introductory programming courses typically focus on building generalizable programming knowledge by focusing on a language’s syntax and semantics. Assignments often involve “code tracing” problems, where students perform close tracking of code’s execution, typically in the context of ‘toy’ problems. “Reading-first” approaches propose that code tracing should be taught early to novice programmers, even before they have the opportunity to write code. However, many learners do not perform code tracing, even in situations when it is helpful for other students. To learn more, I talked to novice programmers about their decisions to trace and not trace code. Through these studies, I identified both cognitive and affective factors related to learners’ motivation to trace. My research found that tracing activities can create a “perfect storm” for discouraging learners from completing them: they require high cognitive load, leading to a low expectation of success, while also being disconnected from meaningful code, resulting in low value for the task. These findings suggest that a new learning approach, where novices quickly and easily create or understand useful code without the need for deep knowledge of semantics, may lead to higher engagement. Many learners may not care about exactly how a programming language works, but they do care about what code can achieve for them. I drew on cognitive science and theories of motivation to describe a “purpose-first” programming pedagogy that supports novices in learning common code patterns in a particular domain. I developed a proof-of-concept ”purpose-first” programming curriculum using this method and evaluated it with non-major novice programmers who had a variety of future goals. Participants were able to complete scaffolded code writing, debugging, and explanation activities in a new domain (web scraping with BeautifulSoup) after a half hour of instruction. An analysis of the participants’ thinkalouds provided evidence the learners were thinking in terms of the patterns and goals that they learned with in the purpose-first curriculum. Overall, I found that these novices were motivated to continue learning with purpose-first programming. I found that these novices felt successful during purpose-first programming because they could understand and complete tasks. Novices perceived a lower cognitive load on purpose-first programming activities than many other typical learning activities, because, in their view, plans helped them apply knowledge and focus only on the most relevant information. Participants felt that what they were learning was applicable, and that the curriculum provided conceptual, high-level knowledge. For some participants, particularly conversational programmers who didn’t plan to program in their careers, this information was sufficient for their needs. Other participants felt that purpose-first programming was a starting point, from which they could move forward to gain a deeper understanding of how code works.",openalex,llm,0.820,unreviewed,
discarded,"Comparison of STEM, non-STEM, and Mixed-Disciplines Pre-service Teachers’ Early Conceptions about Computational Thinking",Wendy Huang; Chee‐Kit Looi; Ibrahim H. Yeter,2022,,10.34641/ctestem.2022.462,https://openalex.org/W4412591304,adjacent-subtopic,"This paper presents the results of an investigation on pre-service teacher' conceptions of computational thinking (CT) in Singapore prior to a two-hour introductory module on CT. Of 407 teachers, 280 provided valid responses to the pre-survey, which included questions on teachers' school subjects, current understandings of CT, confidence in their understandings of CT, and sources of the understandings. We deductively coded the open-ended responses through thematic analysis using four categories from a synthesis review on teachers' preconceptions of CT. The participants were classified into three groups, including STEM (primarily sciences and mathematics), non-STEM (e.g., humanities and languages), and mixed-disciplines (e.g., science and English language arts). The findings of the pre-survey showed that 42% of respondents (n=118) reported no prior knowledge of CT. Among the remaining 162 responses, the most popular view of CT was problem solving using various kinds of thinking, such as ""logic"", ""abstraction"", ""step-by-step"", and ""decomposition"" (n=106). STEM and mixed disciplines teachers (33%) reported higher levels of confidence compared to non-STEM teachers (15%). A higher percentage of STEM (64%) and mixed-disciplines (60%) pre-service teachers indicated learning about CT from formal courses during their university studies or teacher training, compared to non-STEM teachers (52%). This suggests that schools of education can play a bigger role in expanding CT awareness among pre-service teachers from non-STEM backgrounds. Finally, implications for teacher education are widely discussed.",openalex,llm,0.930,unreviewed,
discarded,Bridging computational thinking research and practice of pre-service and in-service teachers,Hasnââ Chaabi; Abdellah Azmani; Juan Manuel Dodero,2025,Humanities and Social Sciences Communications,10.1057/s41599-025-04895-9,https://openalex.org/W4410371242,adjacent-subtopic,"This study investigates the integration of Computational Thinking (CT) into STEAM education, particularly focusing on Mathematics and Professional Development (PD) for educators. Through a systematic review conducted across several databases, we analyzed 40 articles on the current state of Professional Development in CT within STEAM subjects, emphasizing definitions and their integration into existing curricula. We focused on scientific papers that examined the relationship between the studied concepts (CT, Computer Science - CS, and Math), excluding those that solely focused on CT or CS. We applied a dual review protocol to ensure accuracy and reduce the risk of bias. Our findings reveal a strong emphasis (82.5%) on curriculum integration. Interestingly, pre-service and in-service teachers are disproportionately targeted, while university-level training remains limited (5%). Additionally, a growing trend highlights an interest in exploring the synergy between Computer Science and CT and underscores CT PD’s infancy within STEAM education. Furthermore, the study identifies a surprising need for increased reference (25%) to pioneering figures like Papert and Wing in the existing literature. The methodology employs keyword analysis and the Jaccard index to measure concept similarity. This study uniquely focuses on studying the reported transfer of CT knowledge and definition in the context of PD. It offers a new perspective on the reported envisioned relationship between CT and CS when preparing and delivering PD. It also identifies gaps, preferences in teacher training, and opportunities for enhancing CT integration in STEAM education. It emphasizes the need for improved Professional Development and clearer definitions to effectively integrate CT into STEAM education, particularly at the university level, and provides recommendations for both educators and policymakers.",openalex,llm,0.910,unreviewed,
kept,Video Analysis of a Teacher&apos;s Use of Notional Machines in an Introductory High School Electronic Textile Unit: A three-tier framework to capture notional machines in practice.,Gayithri Jayathirtha,2022,WiPSCE,10.1145/3556787.3556798,https://dblp.org/rec/conf/wipsce/Jayathirtha22,supports-claim,"Learners’ conceptions of program dynamics shape their reading, writing, and debugging of code. But, the invisibility of underlying program behaviors that transform code to outcomes challenges learners. Teachers adopt notional machines, defined as simplified notions about program dynamics, to support learners within computing classrooms. Researchers have gathered notional machine examples by interviewing post-secondary instructors. But, there is a need to capture notional machines in practice within computing classrooms, particularly introductory high school classes where teachers communicate program dynamics to learners with limited to no prior programming experiences. Through a qualitative video analysis of seven online class periods (80 minutes each) across 14 weeks of an introductory physical computing electronic textiles high school unit, this paper answers: (1) What notional machines did the teacher use in practice? (2) At what levels of granularity did they communicate program dynamics? And, (3) What representational forms did they take? The analysis revealed a three-tier framework to capture notional machines in practice. First, notional machines belonged to one of the five themes depending on the layer of abstraction simplified within electronic textiles. Second, they differed along the levels of granularity—individual atoms, program blocks, relations between blocks, or the entire program. Third, they took two distinct representational forms—verbal explanations and participatory roleplays. Overall, the analysis has two-fold contribution: provides a framework for future research to capture and study notional machines in practice, and, at the same time, presents one of the first accounts of notional machines adopted within a high school introductory physical computing unit.",dblp,llm,0.990,unreviewed,
kept,Engage Against the Machine: Rise of the Notional Machines as Effective Pedagogical Devices.,Paul E. Dickson; Neil C. C. Brown; Brett A. Becker,2020,ITiCSE,10.1145/3341525.3387404,https://dblp.org/rec/conf/iticse/DicksonBB20,supports-claim,,dblp,llm,0.990,unreviewed,
kept,"Creating Notional Machines to Support Learners: Principles, Design Challenges, and Staged Guidance.",Saquib Sarwar; David Wilson,2026,SIGCSE,10.1145/3770761.3777279,https://dblp.org/rec/conf/sigcse/SarwarW26,supports-claim,,dblp,llm,0.970,unreviewed,
kept,Patterns for Classifying Notional Machines.,Anja Katharina Bertels,2025,EuroPLoP,10.1007/978-3-032-19157-1_14,https://dblp.org/rec/conf/europlop/Bertels25,supports-claim,,dblp,llm,0.820,unreviewed,
kept,Extracting Notional Machines for Databases.,Daphne Miedema; George Fletcher 0001; Fenia Aivaloglou; Leonard Busuttil; Laura Farinetti; Martin Goodfellow; Giovanna Guerrini; Georgiana Haldeman; Yuhan Pan; Sujeeth Goud Ramagoni; Chandrika Satyavolu; Raja Sooriamurthi; Xiaoying Tu; Liviana Tudor,2025,ITiCSE,10.1145/3724389.3731277,https://dblp.org/rec/conf/iticse/Miedema0ABFGGHP25,adjacent-subtopic,"Database education is a cornerstone under many of the more popular topics in computer science such as machine learning and visualization. Although, in recent years, more fundamental research into database education has come out, there are many more ways in which it can be extended. Research on the practice of teaching databases, namely on the educational materials and explanations of teachers, can help us create new building blocks for fundamental research. This working group aims to collect and present notional machines of different types, for a wide range of database subtopics. These materials offer and updated context for database educators to design their courses from, as well as open up pathways of further research into database education.",dblp,llm,0.930,unreviewed,
kept,Explanations of Data Systems Concepts in CS Education: An Updated View on Notional Machines.,Daphne Miedema; Martin Goodfellow; Chandrika Satyavolu; Georgiana Haldeman; Leonard Busuttil; Laura Farinetti; Giovanna Guerrini; Yuhan Pan; Sujeeth Goud Ramagoni; Raja Sooriamurthi; Xiaoying Tu,2025,ITiCSE-WGR,10.1145/3760545.3783971,https://dblp.org/rec/conf/iticse/MiedemaGSHBFGPR25,adjacent-subtopic,"As data-driven fields such as machine learning, visualization, and data science continue to grow, a solid foundation in data systems has become increasingly important. However, research on how students learn concepts of data systems remains limited, particularly regarding the role of notional machines. In this working group report, we examined educational materials, such as textbooks, to collect and categorize notional machines used across database subtopics. Our analysis shows variation in how notional machines are employed: most are presented visually, many rely on prior CS or database knowledge, and a significant number are under-specified, posing risks for student misconceptions. By highlighting well-defined examples and common patterns, this report provides a pedagogical resource for educators, supports the development of clearer instructional materials, and lays the groundwork for theory-building in data systems education.",dblp,llm,0.940,unreviewed,
kept,Notional Machines als Mittel zur didaktischen Rekonstruktion von Vorstellungen zum Variablenkonzept im Programmieranfangsunterricht.,Nicole Ude; Nils Pancratz,2025,INFOS,10.18420/INFOS2025_WI_7,https://dblp.org/rec/conf/schule/UdeP25,supports-claim,,dblp,llm,0.860,unreviewed,
kept,SimpliPy: A Source-Tracking Notional Machine for Simplified Python.,Moida Praneeth Jain; Venkatesh Choppella,2025,CoRR,10.48550/ARXIV.2510.16594,https://dblp.org/rec/journals/corr/abs-2510-16594,supports-claim,"Misconceptions about program execution hinder many novice programmers. We introduce SimpliPy, a notional machine designed around a carefully chosen Python subset to clarify core control flow and scoping concepts. Its foundation is a precise operational semantics that explicitly tracks source code line numbers for each execution step, making the link between code and behavior unambiguous. Complementing the dynamic semantics, SimpliPy uses static analysis to generate Control Flow Graphs (CFGs) and identify lexical scopes, helping students build a structural understanding before tracing. We also present an interactive web-based debugger built on these principles. This tool embodies the formal techniques, visualizing the operational state (environments, stack) and using the static CFG to animate control flow directly on the graph during step-by-step execution. SimpliPy thus integrates formal semantics, program analysis, and visualization to offer both a pedagogical approach and a practical demonstration of applying formal methods to program understanding.",dblp,llm,0.980,unreviewed,
