status,title,authors,year,venue,doi,url,tags,abstract,provider,decision_source,llm_confidence,llm_review_outcome,llm_change_direction
discarded,Enhancing weed detection through knowledge distillation and attention mechanism,"El Alaoui, Ali; Mousannif, Hajar",2025,FRONTIERS IN ROBOTICS AND AI,10.3389/frobt.2025.1654074,https://www.webofscience.com/wos/woscc/full-record/WOS:001592360500001,off-topic-false-hit,"Weeds pose a significant challenge in agriculture by competing with crops for essential resources, leading to reduced yields. To address this issue, researchers have increasingly adopted advanced machine learning techniques. Recently, Vision Transformers (ViT) have demonstrated remarkable success in various computer vision tasks, making their application to weed classification, detection, and segmentation more advantageous compared to traditional Convolutional Neural Networks (CNNs) due to their self-attention mechanism. However, the deployment of these models in agricultural robotics is hindered by resource limitations. Key challenges include high training costs, the absence of inductive biases, the extensive volume of data required for training, model size, and runtime memory constraints. This study proposes a knowledge distillation-based method for optimizing the ViT model. The approach aims to enhance the ViT model architecture while maintaining its performance for weed detection. To facilitate the training of the compacted ViT student model and enable parameter sharing and local receptive fields, knowledge was distilled from ResNet-50, which serves as the teacher model. Experimental results demonstrate significant enhancements and improvements in the student model, achieving a mean Average Precision (mAP) of 83.47%. Additionally, the model exhibits minimal computational expense, with only 5.7 million parameters. The proposed knowledge distillation framework successfully addresses the computational constraints associated with ViT deployment in agricultural robotics while preserving detection accuracy for weed detection applications.",wos,llm,1.000,unreviewed,
discarded,Out-of-core aware multi-GPU rendering for large-scale scene visualization,"Jaros, Milan; Riha, Lubomir; Strakos, Petr; Kozubek, Tomas",2026,FUTURE GENERATION COMPUTER SYSTEMS-THE INTERNATIONAL JOURNAL OF ESCIENCE,10.1016/j.future.2025.108109,https://www.webofscience.com/wos/woscc/full-record/WOS:001567656500001,off-topic-false-hit,"We introduce an out-of-core method for multi-GPU path tracing of large-scale scenes, leveraging memory access analysis to optimize data distribution. Our approach enables efficient rendering on multi-GPU systems even when the combined GPU memory is smaller than the total scene size. By partitioning the scene between GPU and CPU memory at the memory management level, our method strategically distributes or replicates scene data across GPUs while storing the remaining data in CPU memory. This hybrid memory strategy ensures efficient access patterns and minimizes performance bottlenecks, facilitating high-quality rendering of massive scenes. The main contribution of this rendering approach is that it enables GPUs to perform accelerated path-tracing for massive scenes that would otherwise be rendered only by CPUs. Previous work on this topic has enabled the rendering of massive scenes that are distributed among memories of all GPUs on one server. However, in that method, it is not possible to render scenes larger than the total size of all GPU memories. In our paper, we show how to break this barrier and how to combine the capacity of GPU memories with CPU main memory to render massive scenes with only a minor impact on the performance. When applied to a small system with 4xGPUs, the results are equivalent to a more powerful system with 16xGPUs if using the same number of GPUs as on the smaller system. Therefore, users can use even small systems to render massive scenes.",wos,llm,1.000,unreviewed,
discarded,What Cannot Be Implemented on Weak Memory?,"Castaneda, Armando; Chockler, Gregory; Dongol, Brijesh; Lahav, Ori",2024,"38TH INTERNATIONAL SYMPOSIUM ON DISTRIBUTED COMPUTING, DISC 2024",10.4230/LIPIcs.DISC.2024.11,https://www.webofscience.com/wos/woscc/full-record/WOS:001542467600011,off-topic-false-hit,"We present a general methodology for establishing the impossibility of implementing certain concurrent objects on different (weak) memory models. The key idea behind our approach lies in characterizing memory models by their mergeability properties, identifying restrictions under which independent memory traces can be merged into a single valid memory trace. In turn, we show that the mergeability properties of the underlying memory model entail similar mergeability requirements on the specifications of objects that can be implemented on that memory model. We demonstrate the applicability of our approach to establish the impossibility of implementing standard distributed objects with different restrictions on memory traces on three memory models: strictly consistent memory, total store order, and release-acquire. These impossibility results allow us to identify tight and almost tight bounds for some objects, as well as new separation results between weak memory models, and between well-studied objects based on their implementability on weak memory models.",wos,llm,0.990,unreviewed,
discarded,Short-term plasticity influences episodic memory recall: an interplay of synaptic traces in a spiking neural network model,"Chrysanthidis, N.; Fiebig, F.; Lansner, A.; Herman, P.",2025,SCIENTIFIC REPORTS,10.1038/s41598-025-12611-5,https://www.webofscience.com/wos/woscc/full-record/WOS:001542639300007,off-topic-false-hit,"We investigated the interaction of episodic memory processes with the short-term dynamics of recency effects. This work takes inspiration from a seminal experimental work involving an odor-in-context association task conducted on rats. In the experimental task, rats were presented with odor pairs in two arenas serving as old or new contexts for specific odor items. Rats were rewarded for selecting the odor that was new to the current context. These new-in-context odor items were deliberately presented with higher recency relative to old-in-context items, so that episodic memory was put in conflict with a short-term recency effect. To study our hypothesis about the major role of synaptic interplay of plasticity phenomena on different time-scales in explaining rats' performance in such episodic memory tasks, we built a computational spiking neural network model consisting of two reciprocally connected networks that stored contextual and odor information as stable distributed memory patterns. We simulated the experimental task resulting in a dynamic context-item coupling between the two networks by means of Bayesian-Hebbian plasticity with eligibility traces to account for reward-based learning. We first reproduced quantitatively and explained mechanistically the findings of the experimental study, and then to further differentiate the impact of short-term plasticity we simulated an alternative task with old-in-context items presented with higher recency, thus synergistically confounding episodic memory with effects of recency. Our model predicted that higher recency of old-in-context items enhances episodic memory by boosting the activations of old-in-context items. We argue that the model offers a computational framework for studying behavioral implications of the synaptic underpinning of different memory effects in experimental episodic memory paradigms.",wos,llm,1.000,unreviewed,
discarded,Tracing petrochemical emissions: Neural network-driven spectral fingerprint analysis of volatile organic compounds,"Xiao, Zheng; Lu, Yifeng; Xiu, Guangli",2025,ATMOSPHERIC ENVIRONMENT,10.1016/j.atmosenv.2025.121360,https://www.webofscience.com/wos/woscc/full-record/WOS:001529335300003,off-topic-false-hit,"Industrial agglomeration areas have emerged as an important form of intensive production; however, the environmental pollution or odor complaint caused by volatile organic compounds has elicited widespread concerned due to the agglomeration of chemical companies. In order to trace source of disturbing odor pollutants or higher reactive pollutants for ozone formation, many industrial areas have conducted study and application of pollution tracing at different levels within and around the boundaries of enterprises and industrial areas, but many problems remain unaddressed. Given the demonstrated capability of artificial intelligence to classify problems, based on Bayesian optimization, a multimodel algorithm was developed to accurately identify and classify the sources of volatile organic compounds. Comparing the models of different algorithms, the convolutional neural network-long short-term memory model demonstrated the best predictive performance (accuracy of 0.886). Furthermore, comparison of two feature importance analysis tools (Out-Of-Bag and SHapley Additive exPlanations) indicated that benzene, toluene, and isobutane have the greatest impacts on tracing results, reflecting the interaction mechanisms among them. This paper demonstrates that the application of machine learning and neural networks can achieve efficient and accurate source identification of volatile organic compounds. The intelligent approach developed here serves as a successful precursor for establishing advanced identification and classification systems and holds broad application prospects in pollutant tracing for chemical industrial park to improve the scientific and accurate management.",wos,llm,1.000,unreviewed,
discarded,ggtree : an r package for visualization and annotation of phylogenetic trees with their covariates and other associated data,Guangchuang Yu; David K. Smith; Huachen Zhu; Yi Guan; Tommy Tsan‐Yuk Lam,2016,Methods in Ecology and Evolution,10.1111/2041-210x.12628,https://openalex.org/W2513727910,off-topic-false-hit,"Summary We present an r package, ggtree , which provides programmable visualization and annotation of phylogenetic trees. ggtree can read more tree file formats than other softwares, including newick , nexus , NHX , phylip and jplace formats, and support visualization of phylo, multiphylo, phylo4, phylo4d, obkdata and phyloseq tree objects defined in other r packages. It can also extract the tree/branch/node‐specific and other data from the analysis outputs of beast , epa , hyphy , paml , phylodog , pplacer , r8s , raxml and revbayes software, and allows using these data to annotate the tree. The package allows colouring and annotation of a tree by numerical/categorical node attributes, manipulating a tree by rotating, collapsing and zooming out clades, highlighting user selected clades or operational taxonomic units and exploration of a large tree by zooming into a selected portion. A two‐dimensional tree can be drawn by scaling the tree width based on an attribute of the nodes. A tree can be annotated with an associated numerical matrix (as a heat map), multiple sequence alignment, subplots or silhouette images. The package ggtree is released under the artistic‐2.0 license . The source code and documents are freely available through bioconductor ( http://www.bioconductor.org/packages/ggtree ).",openalex,llm,0.990,unreviewed,
discarded,Taxonomies of visual programming and program visualization,Brad A. Myers,1990,Journal of Visual Languages & Computing,10.1016/s1045-926x(05)80036-9,https://openalex.org/W2114877339,adjacent-subtopic,,openalex,llm,0.760,unreviewed,
discarded,Visualizing interactions in program executions,Dean Frederick Jerding; John Stasko; Thomas Ball,1997,,10.1145/253228.253356,https://openalex.org/W2024291102,adjacent-subtopic,"Implementing, validating, modifying, or reengineering an object-oriented system requires an understanding of the object and class interactions which occur as a program executes. This work seeks to identify, visualize, and analyze interactions in object-oriented program executions as a means for examining and understanding dynamic behavior. We have discovered recurring interaction scenarios in program executions that can be used as abstractions in the understanding process, and have developed a means for identifying these interaction patterns. Our visualizations focus on supporting design recovery, validation, and reengineering tasks, and can be applied to both object-oriented and procedural programs.",openalex,llm,0.970,unreviewed,
discarded,The Java memory model,Jeremy Manson; William Pugh; Sarita V. Adve,2005,,10.1145/1040305.1040336,https://openalex.org/W2091085450,off-topic-false-hit,"This paper describes the new Java memory model, which has been revised as part of Java 5.0. The model specifies the legal behaviors for a multithreaded program; it defines the semantics of multithreaded Java programs and partially determines legal implementations of Java virtual machines and compilers.The new Java model provides a simple interface for correctly synchronized programs -- it guarantees sequential consistency to data-race-free programs. Its novel contribution is requiring that the behavior of incorrectly synchronized programs be bounded by a well defined notion of causality. The causality requirement is strong enough to respect the safety and security properties of Java and weak enough to allow standard compiler and hardware optimizations. To our knowledge, other models are either too weak because they do not provide for sufficient safety/security, or are too strong because they rely on a strong notion of data and control dependences that precludes some standard compiler transformations.Although the majority of what is currently done in compilers is legal, the new model introduces significant differences, and clearly defines the boundaries of legal transformations. For example, the commonly accepted definition for control dependence is incorrect for Java, and transformations based on it may be invalid.In addition to providing the official memory model for Java, we believe the model described here could prove to be a useful basis for other programming languages that currently lack well-defined models, such as C++ and C#.",openalex,llm,0.990,unreviewed,
discarded,"Visual programming, programming by example, and program visualization: a taxonomy",Brad A. Myers,1986,ACM SIGCHI Bulletin,10.1145/22339.22349,https://openalex.org/W1979253984,adjacent-subtopic,"There has been a great interest recently in systems that use graphics to aid in the programming, debugging, and understanding of computer programs. The terms “Visual Programming” and “Program Visualization” have been applied to these systems. Also, there has been a renewed interest in using examples to help alleviate the complexity of programming. This technique is called “Programming by Example.” This paper attempts to provide more meaning to these terms by giving precise definitions, and then uses these definitions to classify existing systems into a taxonomy. A number of common unsolved problems with most of these systems are also listed.",openalex,llm,0.830,unreviewed,
discarded,"Visual programming, programming by example, and program visualization: a taxonomy",Brad A. Myers,1986,,10.1145/22627.22349,https://openalex.org/W4245782759,adjacent-subtopic,"There has been a great interest recently in systems that use graphics to aid in the programming, debugging, and understanding of computer programs. The terms “Visual Programming” and “Program Visualization” have been applied to these systems. Also, there has been a renewed interest in using examples to help alleviate the complexity of programming. This technique is called “Programming by Example.” This paper attempts to provide more meaning to these terms by giving precise definitions, and then uses these definitions to classify existing systems into a taxonomy. A number of common unsolved problems with most of these systems are also listed.",openalex,llm,0.830,unreviewed,
discarded,A taxonomy of program visualization systems,G.-C. Roman; Kenneth C. Cox,1993,Computer,10.1109/2.247643,https://openalex.org/W2030328752,adjacent-subtopic,"A taxonomy of program visualization systems that is based on a model of program visualization that maps programs to graphical representations is presented. The taxonomy is illustrated with three program visualization systems representative of research trends: Zeus, Tango, and Pavane.>",openalex,llm,0.900,unreviewed,
kept,Online python tutor,Philip J. Guo,2013,,10.1145/2445196.2445368,https://openalex.org/W1984964495,supports-claim,"This paper presents Online Python Tutor, a web-based program visualization tool for Python, which is becoming a popular language for teaching introductory CS courses. Using this tool, teachers and students can write Python programs directly in the web browser (without installing any plugins), step forwards and backwards through execution to view the run-time state of data structures, and share their program visualizations on the web. In the past three years, over 200,000 people have used Online Python Tutor to visualize their programs. In addition, instructors in a dozen universities such as UC Berkeley, MIT, the University of Washington, and the University of Waterloo have used it in their CS1 courses. Finally, Online Python Tutor visualizations have been embedded within three web-based digital Python textbook projects, which collectively attract around 16,000 viewers per month and are being used in at least 25 universities. Online Python Tutor is free and open source software, available at pythontutor.com.",openalex,llm,0.980,unreviewed,
kept,VILLE: a language-independent program visualization tool,Teemu Rajala; Mikko‐Jussi Laakso; Erkki Kaila; Tapio Salakoski,2007,,,https://openalex.org/W194730999,supports-claim,"Visualization tools have proven to be useful for enhancing novice programmers' learning. However, existing tools are typically tied to particular programming languages, and tend to focus on low-level aspects of programming such as the changing values of variables during program code execution. In this paper we present a new program visualization tool, which provides a language-independent view of learning programming. Moreover, program execution can be viewed in two languages simultaneously. Complete with role information of variables, the tool supports the learning process at a more abstract level, thus emphasizing the similarities of basic programming concepts and syntax in all imperative programming languages.",openalex,llm,0.980,unreviewed,
kept,Jype - a program visualization and programming exercise tool for Python,Juha Helminen; Lauri Malmi,2010,,10.1145/1879211.1879234,https://openalex.org/W2014746074,supports-claim,"Based on research into learning programming and a review of program visualization research, we designed an educational software tool that aims to target students' apparent fragile knowledge of elementary programming which manifests as difficulties in tracing and writing even simple programs. Most existing tools build on a single supporting technology and focus on one aspect of learning. For example, visualization tools support the development of a conceptual-level understanding of how programs work, and automatic assessment tools give feedback on submitted tasks. We implemented a combined tool that closely integrates programming tasks with visualizations of program execution and thus lets students practice writing code and more easily transition to visually tracing it in order to locate programming errors. In this paper we present Jype, a web-based tool that provides an environment for visualizing the line-by-line execution of Python programs and for solving programming exercises with support for immediate automatic feedback and an integrated visual debugger. Moreover, the debugger allows stepping back in the visualization of the execution as if executing in reverse. Jype is built for Python, when most research in programming education support tools revolves around Java.",openalex,llm,0.960,unreviewed,
kept,Visualizing programs with Jeliot 3,Andrés Moreno; Niko Myller; Erkki Sutinen; Mordechai Ben‐Ari,2004,,10.1145/989863.989928,https://openalex.org/W2122312470,supports-claim,"We present a program visualization tool called Jeliot 3 that is designed to aid novice students to learn procedural and object oriented programming. The key feature of Jeliot is the fully or semi-automatic visualization of the data and control flows. The development process of Jeliot has been research-oriented, meaning that all the different versions have had their own research agenda rising from the design of the previous version and their empirical evaluations. In this process, the user interface and visualization has evolved to better suit the targeted audience, which in the case of Jeliot 3, is novice programmers. In this paper we explain the model for the system and introduce the features of the user interface and visualization engine. Moreover, we have developed an intermediate language that is used to decouple the interpretation of the program from its visualization. This has led to a modular design that permits both internal and external extensibility.",openalex,llm,0.980,unreviewed,
discarded,Dataflow query execution in a parallel main-memory environment,A.N. Wilschut; Peter M. G. Apers,1993,Distributed and Parallel Databases,10.1007/bf01277522,https://openalex.org/W2109149785,off-topic-false-hit,"In this paper, the performance and characteristics of the execution of various join-trees on a parallel DBMS are studied. The results of this study are a step into the direction of the design of a query optimization strategy that is fit for parallel execution of complex queries.

