status,title,authors,year,venue,doi,url,tags,abstract,provider,decision_source,llm_confidence,llm_review_outcome,llm_change_direction
discarded,The PRISMA Statement for Reporting Systematic Reviews and Meta-Analyses of Studies That Evaluate Health Care Interventions: Explanation and Elaboration,Alessandro Liberati; Douglas G. Altman; Jennifer Tetzlaff; Cynthia D. Mulrow; Peter C Gøtzsche; John P. A. Ioannidis; Mike Clarke; P.J. Devereaux; Jos Kleijnen; David Moher,2009,PLoS Medicine,10.1371/journal.pmed.1000100,https://openalex.org/W3022903699,off-topic-false-hit,"Systematic reviews and meta-analyses are essential to summarize evidence relating to efficacy and safety of health care interventions accurately and reliably. The clarity and transparency of these reports, however, is not optimal. Poor reporting of systematic reviews diminishes their value to clinicians, policy makers, and other users.Since the development of the QUOROM (QUality Of Reporting Of Meta-analysis) Statement--a reporting guideline published in 1999--there have been several conceptual, methodological, and practical advances regarding the conduct and reporting of systematic reviews and meta-analyses. Also, reviews of published systematic reviews have found that key information about these studies is often poorly reported. Realizing these issues, an international group that included experienced authors and methodologists developed PRISMA (Preferred Reporting Items for Systematic reviews and Meta-Analyses) as an evolution of the original QUOROM guideline for systematic reviews and meta-analyses of evaluations of health care interventions.The PRISMA Statement consists of a 27-item checklist and a four-phase flow diagram. The checklist includes items deemed essential for transparent reporting of a systematic review. In this Explanation and Elaboration document, we explain the meaning and rationale for each checklist item. For each item, we include an example of good reporting and, where possible, references to relevant empirical studies and methodological literature. The PRISMA Statement, this document, and the associated Web site (http://www.prisma-statement.org/) should be helpful resources to improve reporting of systematic reviews and meta-analyses.",openalex,llm,1.000,unreviewed,
discarded,The PRISMA statement for reporting systematic reviews and meta-analyses of studies that evaluate health care interventions: explanation and elaboration,Alessandro Liberati; Douglas G. Altman; Jennifer Tetzlaff; Cynthia D. Mulrow; Peter C Gøtzsche; John P. A. Ioannidis; Mike Clarke; P.J. Devereaux; Jos Kleijnen; David Moher,2009,Italian Journal of Public Health,10.2427/5768,https://openalex.org/W4399625654,off-topic-false-hit,"Systematic reviews and meta-analyses are essential to summarize evidence relating to efficacy and safetyof health care interventions accurately and reliably. The clarity and transparency of these reports, however,is not optimal. Poor reporting of systematic reviews diminishes their value to clinicians, policy makers, andother users. Since the development of the QUOROM (QUality Of Reporting Of Meta-analysis) Statement—areporting guideline published in 1999—there have been several conceptual, methodological, and practicaladvances regarding the conduct and reporting of systematic reviews and meta-analyses. Also, reviews ofpublished systematic reviews have found that key information about these studies is often poorly reported.Realizing these issues, an international group that included experienced authors and methodologistsdeveloped PRISMA (Preferred Reporting Items for Systematic reviews and Meta-Analyses) as an evolution ofthe original QUOROM guideline for systematic reviews and meta-analyses of evaluations of health careinterventions. The PRISMA Statement consists of a 27-item checklist and a four-phase flow diagram. Thechecklist includes items deemed essential for transparent reporting of a systematic review. In thisExplanation and Elaboration document, we explain the meaning and rationale for each checklist item. Foreach item, we include an example of good reporting and, where possible, references to relevant empiricalstudies and methodological literature. The PRISMA Statement, this document, and the associated Web site(http://www. prisma-statement.org/) should be helpful resources to improve reporting of systematicreviews and meta-analyses.",openalex,llm,1.000,unreviewed,
