status,title,authors,year,venue,doi,url,tags,abstract,provider,decision_source,llm_confidence,llm_review_outcome,llm_change_direction
discarded,Joint Traditional and Company-Based Organization of Information Systems and Product Development Courses,Gianluca Paravati; Fabrizio Lamberti; Valentina Gatteschi,2015,2015 IEEE 39th Annual Computer Software and Applications Conference,10.1109/COMPSAC.2015.83,https://ieeexplore.ieee.org/document/7273712/,off-topic-false-hit,"The fast pace of change in high technology product development requires high flexibility and adaptation in product design and technology management. Within this context, appropriate learning environments are planned to shape future Information and Communication Technology staff in such a way they could get able to keep up with new trends and innovations. A constructivist educational model based on Active Learning represents a step towards this vision for staff training. This paper deals with a new organization of a 13 weeks course based on the inverted class model, where students are introduced to the problem-posing domain by a direct involvement of enterprises, which participate specifically to the problem definition and assessment phases. In the case study shown, students simulate a production business unit in all the phases that characterize the product/service development life cycle. A mixed traditional and company-based organization of the course is supposed to improve students competences by proposing solutions leveraging on appropriate tools taken from traditional experiences and also gaining benefits from a learning-by-doing approach that encourages the use of state-of-the-art solutions. A preliminary study is performed to see how expected professional competences are met during the course, with the additional goal of collecting indications that could help to improve the learning framework for future editions of the course.",ieee,llm,0.970,unreviewed,
discarded,Unplugged Computational Thinking Activities Framework Development for Novice Programmer,Tze Ying Sim; Matthew Teow; Sian Lun Lau,2021,2021 IEEE International Conference on Computing (ICOCO),10.1109/ICOCO53166.2021.9673537,https://ieeexplore.ieee.org/document/9673537/,adjacent-subtopic,"In the past, many investigations focused on the impact of programming skills towards learning computational thinking (CT). However, not all schools or instructor are able to implement or deliver programming curriculum at the K-12 level. For novice programming, CT activities may help students to learn and appreciate problem-solving and programming capabilities. In this paper, an investigation to study the effectiveness and suitability of an unplugged CT activities has been carried out. This is part of the unplugged CT framework development process, where the first element investigated is the type of suitable activities. Two iterations were conducted to confirm the suitability of the activities. The activities were also verified with a selected group of secondary school teachers. The results have shown that unplugged activities can be effective in helping students to learn programming capability. The next step of the research is to identify other relevant components relevant to the framework for an unplugged CT activities for novice programmer.",ieee,llm,0.790,unreviewed,
kept,Integrating computational thinking into english dialogue learning through graphical programming tool,Xiaojing Weng; Gary K. W. Wong,2017,"2017 IEEE 6th International Conference on Teaching, Assessment, and Learning for Engineering (TALE)",10.1109/TALE.2017.8252356,https://ieeexplore.ieee.org/document/8252356/,supports-claim,"Developing students' Computational Thinking (CT), which is an essential problem-solving skill for people living in the 21st century, becomes an outstanding purpose of promoting engineering education in K-12 classrooms. In this paper, CT is represented through the graphical programming language Scratch according to the three-dimensional CT framework proposed by Brennan and Resnick [1]. This project aims to explore the classroom effect of using graphical programming tool in learning English dialogue and investigate how to improve the integration of CT into English education with the elements of programming. To achieve these objectives, a qualitative method was adopted to collect data through class observations, programming projects, and semi-structured interviews. Nine primary students (n = 9) were the targeted participants, who attended extra-curricular lessons for computer programming using Scratch at their school in Hong Kong. The preliminary results show that the introduction of CT into English dialogue learning through graphical programming language can motivate primary school students to study English dialogue. To better connect CT with English education via graphical programming tools, students and the teacher in the group under study suggested making computers interact with people autonomically, designing games in graphical programming environments to encourage English learning, keeping the balance of students' graphical programming language learning skill and their English language skill, and adopting graphical programming language as a tool to finish the summative English language assignments.",ieee,llm,0.910,unreviewed,
discarded,Stem Education Framework: Learning Rubik's Cube Solving with Nao,Ciprian-Timotei Olaru; Stefan-Daniel Achirei,2025,2025 IEEE 19th International Symposium on Applied Computational Intelligence and Informatics (SACI),10.1109/SACI66288.2025.11030183,https://ieeexplore.ieee.org/document/11030183/,adjacent-subtopic,"This paper presents a case study on using the NAO humanoid robot to solve a $2 \times 2$ Rubik's Cube, integrating robotics, image processing, and artificial intelligence for educational purposes. The project involves the implementation of system architecture that enables the NAO robot to detect the cube's color configuration, process the data through a solving algorithm, and execute predefined movements to simulate solving the cube. Emphasizing STEM education, this work aims to provide an engaging and interactive learning experience, particularly for children aged $7-11$, by enhancing their logical reasoning and problem-solving skills through human-robot interaction. The study also explores inverse kinematics in a simulated context to improve movement planning and inform future development toward more precise and autonomous manipulation. The proposed framework demonstrates how robotics can be leveraged to create practical, educational tools that promote hands-on learning in computational thinking and robotics.",ieee,llm,0.940,unreviewed,
kept,Assessment of Algorithmic Abstraction Skills in Higher Education: An Application of the PGK Framework,Xiaoling Zhang; Efthimia Aivaloglou; Michael Liut; Marcus Specht,2025,2025 IEEE Global Engineering Education Conference (EDUCON),10.1109/EDUCON62633.2025.11016629,https://ieeexplore.ieee.org/document/11016629/,supports-claim,"Computational Thinking (CT), particularly abstraction, is essential in engineering education, enabling students to break down complex systems into manageable parts. Abstraction helps learners focus on key elements of a problem, ignoring extraneous details. The PGK framework, suggested by Per-renet, Groote, and Kaasenbrood, defines abstraction across four cognitive levels: problem, algorithm, program, and execution. At a higher education institution that focuses on engineering education, we assessed students' abstraction skills using sorting algorithms, chosen for their foundational role and suitability for testing such skills. Our study focused on two areas: (1) the performance of computer science (CS) and non-CS students on algorithmic abstraction tasks, and (2) how factors like demographics, training, programming proficiency, and self-assessed abstraction mastery correlate with task performance. Results showed that all students, especially non-CS majors (including Engineering), need stronger skills at the algorithm, program (coding algorithms), and execution (code functionality) levels. Many non-CS students overestimated their abilities, highlighting a gap in mastery. Students with programming experience performed better, underscoring the importance of hands-on training. These findings suggest interventions for non-CS students are needed to gain experience in programming and to bridge the gap between perceived and actual skills. Future research should focus on discipline-specific curricula and long-term studies to ensure that all students develop the essential CT skills for the digital era.",ieee,llm,0.870,unreviewed,
discarded,Impact of Gamified Learning on Cognitive and Neurological Development of K12: A Systematic Literature Review,Ibrahim Anwar Khalid; Mehtab Anwar Khalid; Abdullah Anwar Khalid; Akhtar Hussain; Muhammad Mohsin; Rafia Allauddin,2026,2026 12th International Conference on Education and Training Technologies (ICETT),10.1109/ICETT70124.2026.11666282,https://ieeexplore.ieee.org/document/11666282/,adjacent-subtopic,"Gamified learning has gained attention as an instructional approach that integrates game design elements into educational environments to enhance engagement and learning effectiveness. The study has presented insights from developmental psychology and neuroscience. It showed that interactive and reward-based activities stimulate neural systems associated with attention, motivation, and memory formation, particularly during the formative K–12 learning years. This study presents a systematic literature review examining how gamified learning environments influence cognitive and neurological development among K–12 learners. The study presented empirical evidence of 22 studies that met the inclusion criteria and were analyzed thematically. The findings indicate that gamified instructional environments significantly improve several cognitive outcomes, including reading comprehension, computational thinking, problem-solving, and conceptual understanding. Game mechanics such as feedback, rewards, adaptive challenges, and narrative contexts were found to increase learner motivation and persistence while also reducing perceived cognitive load. Along with that, emerging neuroeducational studies demonstrate that gamified systems can produce measurable neurophysiological responses related to attention, cognitive workload, and engagement. They use technologies such as EEG, eye-tracking, and physiological sensors. The review also highlights the growing role of AI-driven personalization in adjusting learning pathways and supporting individual cognitive needs. Despite these insightful findings it has been observed, current research remains limited by short-term study designs. There are still inconsistent measurement frameworks, and limited understanding of the specific mechanisms through which gamification influences cognitive and neural processes.",ieee,llm,0.890,unreviewed,
kept,Design and implementation of a graphical programming class for computational thinking in elementary schools,Tianyu Xue; Shiyan He; Weitong Guo,2024,2024 International Symposium on Educational Technology (ISET),10.1109/ISET61814.2024.00081,https://ieeexplore.ieee.org/document/10685695/,supports-claim,"As the process of artificial intelligence progresses, it is recognized that computational thinking is one of the basic skills for understanding and solving problems and one of the core literacies of the IT discipline. There are various ways to develop students’ computational thinking, and at the primary and secondary school levels, graphical programming classes are an important way to do so. This study establishes a framework for an instructional program aimed at developing students’ computational thinking skills based on elementary school graphic programming classes. Combining curriculum standards, graphic programming standards for youth programming skills, and International Computational Thinking Challenge standards, relevant teaching cases are designed to foster students’ computational thinking and promote the development of computational concepts, computational practices, and computational concepts.",ieee,llm,0.740,unreviewed,
discarded,Effects of integrating Collaboration Scripts into Pair Programming for Developing Computational Thinking,Zhiqiang Ma; Yaqin Liu; Mingxuan Chen,2020,2020 Ninth International Conference of Educational Innovation through Technology (EITT),10.1109/EITT50754.2020.00050,https://ieeexplore.ieee.org/document/9320720/,adjacent-subtopic,"Pair programming (PP) is an effective and operable approach to improve Computational Thinking (CT). However, the process of PP is complex to understand for students at the elementary level, which needs to be supported. Collaboration scripts is a promising way to structure the collaborative process through three mechanisms: pp forming mechanism, role-task mechanism, the feedback mechanism. We conducted a pilot study to examine the effectiveness of collaboration in students' use of collaboration scripts and furthermore to evaluate the development of CT and math. Both quantitative and qualitative data about the students' CT skills, mathematical achievements and perceptions of collaboration scripts were collected. The results showed that the PP with collaboration scripts can improve the CT skills, mathematical achievements; facilitate higher collaborative relationship; give students good perceptions by teacher's feedback.",ieee,llm,0.870,unreviewed,
discarded,Cultivating Computational Thinking through Game-Based Learning,Kelli Adam; Robert Lightfoot; Mahjabin Chowdhury; Jonan Phillip Donaldson,2023,2023 IEEE Frontiers in Education Conference (FIE),10.1109/FIE58773.2023.10342931,https://ieeexplore.ieee.org/document/10342931/,adjacent-subtopic,"Game-based learning (GBL) can motivate learners and enable them to engage in their learning experience. Additionally, the popularity of GBL has grown in computer science and programming courses, where it can be used to develop computational thinking (CT) skills. CT is critical thinking used to apply fundamental concepts and reasoning derived from computing and computer science. Research has shown that digital GBL can improve critical thinking skills and help learners understand programming concepts, structures, and problem-solving strategies. Despite the popularity of digital GBL, analog card games and bingo games are still valuable and effective tools for learning. However, most studies on GBL that aim to train critical thinking skills have focused on digital approaches. This indicates a gap in the body of knowledge because few studies have explored the effectiveness of analog games for developing CT skills through GBL. The theoretical framework of this study is grounded in two learning theories. Constructivist theory frames learning as the construction of knowledge through a process of action, reflection, and construction. Constructionist learning theory calls for construction of artifacts, learner agency, authentic purpose, or authentic audience during the process. To investigate the design of GBL for developing CT skills and to generate discourse for its widespread adoption, the current study implemented design-based research (DBR) in an undergraduate computer science course for non-computer science majors. By addressing the gap in the literature on GBL for CT skill development, the study aimed to investigate complex learner experiences, including learner struggles and successes, alignment with learning theory principles, and design moves for future iterations of the project. The research question posed is: how can we optimize CT learning through GBL, based on learner experiences and learning theories? Prior to this study, the instructor used GBL in which learners played an analog, three-dimensional tic-tac-toe game with ping pong balls and then wrote a computer program that simulated that game. We chose to conduct DBR to strengthen the learning associated with this activity. DBR uses iterative designs to develop knowledge that improves educational practices. In the spring of 2023, we assessed the extent to which the non-digital game and programming the simulated game enhanced learners' CT skills by analyzing their experiences with CT. This involved collecting and analyzing learner surveys to gain insight into their learning experiences. Using network analysis and betweenness centrality measures, the data will be analyzed to identify learner struggles and successes. The results are expected to be available by August 2023. The contributions of this study include identifying effective design principles for GBL, optimizing CT learning, and generating discourse for the widespread adoption of GBL in computer science education.",ieee,llm,0.720,unreviewed,
discarded,Computational Thinking Activities in High Schools to Enhance Interest and Skills in Programming,Izzah Sakinah Ahmad; Tze Ying Sim; Corrienna Abdul Talib; Sian Lun Lau,2023,"2023 IEEE International Conference on Teaching, Assessment and Learning for Engineering (TALE)",10.1109/TALE56641.2023.10398308,https://ieeexplore.ieee.org/document/10398308/,adjacent-subtopic,"While programming has been recognized as an engaging way to enhance students’ learning, implementing programming in K-12 education remains challenging, particularly when it requires access to digital devices or the internet. Therefore, it’s essential to consider more accessible methods for teaching crucial programming skills. Given this situation, we turned to unplugged computational thinking (CT) activities to foster interest and develop skills in programming. By introducing programming concepts through unplugged CT activities, this research significantly contributed to the growth of interest and the development of skills among secondary school students. Two hundred and thirty lower secondary school students volunteered to participate in the intervention using a designed unplugged CT activity framework. The CT activities framework consists of four components: puzzles, the Bebras Computing Challenge, problem-solving, and programming concepts. Four schools participated in three- to four-day interventions for four to five hours daily. Quantitative data collection was performed using pre- and post-surveys before and after the intervention phase. A paired sample t-test and Wilcoxon signed-rank tests indicated the p-value < 0.05 suggested a significant improvement in interest and programming skills. An overall findings implied that the unplugged CT activities enhanced students’ understanding of CT as well as improved their interest and programming skills.",ieee,llm,0.780,unreviewed,
discarded,Design Thinking in App Inventor Game Design and Development: A Case Study,Peng Chen; Ronghuai Huang,2017,2017 IEEE 17th International Conference on Advanced Learning Technologies (ICALT),10.1109/ICALT.2017.161,https://ieeexplore.ieee.org/document/8001741/,adjacent-subtopic,"Design thinking is considered as a creative, humancentred, participative, exploratory and problem-solving process that values different perspectives of a problem. In this study, we bring the design thinking in a curriculum framework of K-12 game creation by App Inventor which is currently popular block based programming environments for fostering Computational Thinking. In a case study on a middle-school students game creation course in Beijing, the students' creative thinking process and computational thinking skill are investigated in order to understand perceptions of App Inventor and physics cognitive knowledge involved in the game creation. The future work is to construct a framework of integrating the Design Thinking for cultivating K-12 students' computational thinking.",ieee,llm,0.750,unreviewed,
discarded,Data Mining Framework to Analyze the Evolution of Computational Thinking Skills in Game Building Workshops,Alexandra A. de Souza; Thiago S. Barcelos; Roberto Munoz; Rodolfo Villarroel; Leandro A. Silva,2019,IEEE Access,10.1109/ACCESS.2019.2924343,https://ieeexplore.ieee.org/document/8743397/,adjacent-subtopic,"Computational thinking has become a required capability in the student learning process, and digital games as a teaching approach have presented promising educational results in the development of this competence. However, properly evaluating the effectiveness and, consequently, student progress in a course using games is still a challenge. One of the most widely implemented ways of evaluation is with an automated analysis of the code developed in the classes during the construction of digital games. Nevertheless, this topic has not yet been explored in aspects such as incremental learning, the model and teaching environment and the influences of acquiring skills and competencies of computational thinking. Motivated by this knowledge gap, this paper introduces a framework proposal to analyze the evolution of computational thinking skills in digital games classes. The framework is based on a data mining technique that aims to facilitate the discovery process of the patterns and behaviors that lead to the acquisition of computational thinking skills, by analyzing clusters with an unsupervised neural network of self-organizing maps (SOM) for this purpose. The framework is composed of a collection of processes and practices structured in data collection, data preprocessing, data analysis, and data visualization. A case study, using Scratch, was executed to validate this approach. The results point to the viability of the framework, highlighting the use of the visual exploratory data analysis, through the SOM maps, as an efficient tool to observe the acquisition of computational thinking skills by the student in an incremental course.",ieee,llm,0.770,unreviewed,
