status,title,authors,year,venue,doi,url,tags,abstract,provider,decision_source,llm_confidence,llm_review_outcome,llm_change_direction
discarded,When CVaR Meets With Bluetooth PAN: A Physical Distancing System for COVID-19 Proactive Safety,Md. Shirajum Munir; Do Hyeon Kim; Anupam Kumar Bairagi; Choong Seon Hong,2021,IEEE Sensors Journal,10.1109/JSEN.2021.3068782,https://ieeexplore.ieee.org/document/9386066/,off-topic-false-hit,"In this work, we propose a risk-aware physical distancing system to assure a private safety distance from others for reducing the chance of being affected by the COVID-19 or such kind of pandemic. In particular, we have formulated a physical distancing problem by capturing Conditional Value-at-Risk (CVaR) of a Bluetooth-enabled personal area network (PAN). To solve the formulated risk-aware physical distancing problem, we propose two stages solution approach by imposing control flow, linear model, and curve-fitting schemes. Notably, in the first stage, we determine a PAN creator’s safe movement distance by proposing a probabilistic linear model. This scheme can effectively cope with a tail-risk from the probability distribution by satisfying the CVaR constraint for estimating safe movement distance. In the second stage, we design a Levenberg-Marquardt (LM)-based curve fitting algorithm upon the recommended safety distance and current distances between the PAN creator and others to find an optimal high-risk trajectory plan for the PAN creator. Finally, we have performed an extensive performance analysis using state-of-the-art Bluetooth data to establish the proposed risk-aware physical distancing system’s effectiveness. Our experimental results show that the proposed solution approach can effectively reduce the risk of recommending safety distance towards ensuring private safety. In particular, for a 95% CVaR confidence, we can successfully deal with 45.11% of the risk for measuring the PAN creator’s safe movement distance.",ieee,llm,0.990,unreviewed,
discarded,An AI-based Chat Agent for Measuring Students’ Self-Regulated Learning Skills,Slaviša Radović; Elisabeth Wetchy; Niels Seidel,2025,2025 International Conference on Education Technology and Computers (ICETC),10.1109/ICETC66579.2025.11387673,https://ieeexplore.ieee.org/document/11387673/,off-topic-false-hit,"While the recent potential of Large Language Models (lLMs) has been studied across various domains in education, their application in measuring students’ Self-Regulated Learning (SRL) skills remains underexplored. Current SRL measurement initiatives (surveys and digital trace data) face several challenges, directly impeding the development of effective SRL interventions. To address this complex educational challenge, this study examines the implementation and evaluation of a generative artificial intelligence agent, AI-SRLSI, designed to conduct interviews based on Zimmerman and Martinez-Pons’s Self-Regulated Learning Structured Interview (SRLSI). The system was tested with a total of 13 participants to explore efficiency, effectiveness and satisfaction. The results of the study indicate that the agent can successfully conduct the SRLSI interview, as well as demonstrate efficient automation of SRL assessments. Learners found the tool user-friendly and appreciated the conversational accuracy and quality. However, feedback on the utility and relevance of the recommendations was mixed, underscoring areas for improvement in future iterations and the potential of AI-SRLSI to enhance personalized learning support. These results offering direct insights for future advancements in both, SRL measurement and SRL interventions.",ieee,llm,0.990,unreviewed,
discarded,Xmobot: Enabling Rapid Build-and-Train Robotics Education With Agentic AI,Yizhi Wang; Minjuan Wang; Degang Xu; John Chi-Kin Lee; Yongfang Xie,2026,IEEE Transactions on Learning Technologies,10.1109/TLT.2026.3681123,https://ieeexplore.ieee.org/document/11475163/,adjacent-subtopic,"Robotics education increasingly requires learners to connect design choices to measurable task outcomes under realistic engineering constraints. In practice, however, educational robotics laboratories often face limited reusability of build-and-train workflows when robot configurations or task contexts change, while deep reinforcement learning (DRL) further raises the barrier through unstable training dynamics and difficult-to-interpret process traces. This article presents Xmobot, a configurable mobile robot platform and reusable build-and-train workflow for educational robotics, together with a tool-grounded agentic learning-support system for iterative DRL development. The proposed system retrieves standardized evidence from training logs, assesses run quality through an interpretable fuzzy-logic model, uses a constrained large language model (LLM) to generate structured experiment plans and learner-facing explanations, and applies deterministic constraint validation to ensure traceable and recoverable reward-design iteration. It also provides instructor-facing analytics that aggregate run-level evidence and intervention histories into compact diagnostic views for monitoring and feedback. In an IsaacLab mobile navigation study over a fixed ten-run horizon, the full tool-grounded system achieved zero constraint violations, a valid-plan rate of 1.000, reached the predefined task-success criterion by run 9, and obtained the highest final success rate (0.659), outperforming Manual (0.339), LLM-Chat (0.277), C-noFuzzy (0.370), and C-noValidate (0.612) in this experimental setting. These results suggest that the proposed framework supports more dependable and interpretable DRL iteration while also making robotics education more actionable for learner reflection, instructor monitoring, and formative feedback.",ieee,llm,0.830,unreviewed,
discarded,Analog circuit simulation of magnetic dipole behavior according to the Langevin-Weiss theory of ferromagnetism,P.M.B. Silva Girao; J.F. Borges da Silva,1992,IEEE Transactions on Education,10.1109/13.135581,https://ieeexplore.ieee.org/document/135581/,off-topic-false-hit,"An analog electronic circuit designed to illustrate the principles of ferromagnetism by simulating the behavior of elementary magnetic dipoles as described by the Langevin-Weiss theory is presented. The device is intended to help undergraduate students master the fundamental ideas that explain the properties of ferromagnetic materials. The circuit design is described and related to the concepts used in the Langevin-Weiss theory, which is briefly outlined. Results obtained with the simulator are presented as oscilloscope traces and illustrate some of its possible uses.<>",ieee,llm,0.990,unreviewed,
discarded,Tac-Trace: A Tangible User Interface-Based Solution for Teaching Shape Concepts to Visually Impaired Children,Rabia Jafri; Shatha Musaed M. Althbiti; Nora Abdualrazaq A. Alattas; Amal Abdullah A. Albraiki; Sarah Hassan A. Almuhawwis,2022,IEEE Access,10.1109/ACCESS.2022.3228455,https://ieeexplore.ieee.org/document/9980381/,off-topic-false-hit,"A novel, low-cost, Arabic language tangible user interface (TUI)-based solution for teaching and reinforcing the concepts of planar shapes and their relationships to visually impaired (VI) children is presented. The solution employs a computer vision-based system to track tagged 3D-printed objects which children can manipulate to receive audio instructions and feedback in the context of various activities for learning progressively difficult shape concepts in a systematic manner. A graphical user interface (GUI) is also provided for the teachers to create and manage student accounts, track their students’ individual progress and download and print the templates and models of the tangible tokens along with their barcodes. The aim is to provide an engaging, accessible solution that would mitigate the demands on the time, efforts and financial resources of the teachers while allowing children to autonomously learn and review shape concepts at their own pace. By utilizing off-the-shelf components for setting up the TUI and providing templates and CAD models for generating the tangible tokens, we have endeavored to make the system affordable and easily reproducible. The system has been developed in consultation with teachers for VI children to ensure its compliance with current teaching and classroom practices. Initial evaluations of the system with VI children and their teachers have validated its potential and yielded valuable design recommendations which would not only inform the design of future iterations of our system but also benefit other researchers seeking to build similar systems.",ieee,llm,0.990,unreviewed,
discarded,A Progressive Transformer for Unifying Binary Code Embedding and Knowledge Transfer,Hanxiao Lu; Hongyu Cai; Yiming Liang; Antonio Bianchi; Z. Berkay Celik,2025,"2025 IEEE International Conference on Software Analysis, Evolution and Reengineering (SANER)",10.1109/SANER64311.2025.00043,https://ieeexplore.ieee.org/document/10992518/,adjacent-subtopic,"Language models have recently been applied to binary analysis tasks, such as function similarity detection and function signature recovery. These models typically employ a two-stage training process: pre-training via Masked Language Modeling (MLM) on machine code and fine-tuning for specific tasks. While MLM helps to understand binary code structures, it ignores essential code characteristics, including control and data flow, which negatively affect model generalization. Recent work leverages domain-specific features (e.g., control flow graphs and dynamic execution traces) in transformer-based approaches to improve binary code semantic understanding. This approach, however, involves complex feature engineering, a cumbersome and time-consuming process that can introduce predictive uncertainty when dealing with stripped or obfuscated code, which leads to a performance drop. We introduce PROTST, a novel transformer-based methodology for binary code embedding. PROTST employs a hierarchical training process based on a unique tree-like structure, where knowledge progressively flows from fundamental tasks at the root to more specialized tasks at the leaves. This progressive teacher-student paradigm allows the model to build upon previously learned knowledge, resulting in high-quality embeddings that can be effectively leveraged for diverse downstream binary analysis tasks. The effectiveness of PROTST is evaluated in seven binary analysis tasks, demonstrating an average of 14.8% improvement in F1 and MRR compared to traditional two-stage training, and a 16.6 % improvement when analyzing obfuscated code.",ieee,llm,0.920,unreviewed,
discarded,Towards systemic sustainability design and divergence: A Requirements Engineering case study,Chien-Sing Lee,2025,2025 IEEE Technology & Engineering Management Conference - Asia Pacific (TEMSCON-ASPAC),10.1109/TEMSCON-ASPAC65329.2025.11512171,https://ieeexplore.ieee.org/document/11512171/,off-topic-false-hit,"Different frameworks, models, and metrics are often applied to scaffold the design and development of sustainable competitive advantage. Amongst focused/broad, cost/differentiation strategies, Computational Thinking (CT) helps to develop decomposition, logic, pattern recognition, and abstraction. Hence, this study investigates how to help students to reflect (link/evaluate/develop) across perspectives, towards systemic sustainable localization/differentiation (UNDP) in socio-economic-technical systems design, via CT-sustainability assessments. The research question is, given the episodic distributed relational processing, arising cognitive load, diverse frameworks and rubrics, how can we scaffold global-local evaluation/prioritization for dynamic competitive markets? Based on the IREB’s Requirements Engineering (RE) framework, students in an RE course are tasked to propose enhancements to one of Asia’s biggest e-commerce portals. (Re)prioritization methods include strategic group map, Kano model, Sustainability Awareness Framework (SusAF), SCRUM and weighted criteria analysis (WCA). Six groups’ chosen WCA criteria are categorized inductively and are found to represent systemic design balance. Contributions are a) development of strategic alignment/product roadmap based on the IREB RE across diverse prioritization methods; b) development of greater awareness of the influence and impact of political-socioeconomic factors and constraints among students. These will hopefully contribute to more effective and meaningful Knowledge/Project Management. Limitations are occasional loss of the bigger picture due to multiple methods and iterations. Hence, the need for parsing of local parameters-values to global dashboards to reduce cognitive load, visualize, trace, (re)configure/optimize, as models emerge suitable for each context and user segments.",ieee,llm,0.970,unreviewed,
discarded,A heuristic approach for determining the shape of nuclei from H&E stained imagery,Pranshu Saxena; Sanjay Kumar Singh; Prateek Agrawal,2013,2013 Students Conference on Engineering and Systems (SCES),10.1109/SCES.2013.6547532,https://ieeexplore.ieee.org/document/6547532/,off-topic-false-hit,"The problem of heterogeneous intensity often occurs in Hematoxylin and eosin stained (H&E) medical imaginary considerable challenge while segmenting. Previously deployed Active Contour algorithms (ACM) are region-based rely on the homogeneity of intensity in desired area of study, often fails to classify the regions where intensity varies drastically and imaginary consist of multiple region of interest Moreover ACM is inadequate while resolving boundaries of intersected nuclei (overlapped nuclei treated as a single nuclei) and other, energy which propagate through the image, not able to cover up the entire area even if thousand iterations. So in this paper we are proposing a noble approach for determine the shape of every nuclei (area of interest) by proposing a noble approach that working on local intensity fitting technique of the image intensities, for defining local fitting criterion function for image intensities in a neighborhood of each point. By integrating these neighborhood center leads us to defining global criterion of image segmentation. In this level based technique we are minimizing the energy by steepest decent method for simultaneously segment rest of the image by estimated bias field on account of heterogeneous intensity. Unlike previous approaches our method is able to segment overlapped nuclei and cover up entire area of image with less computation and much lesser iterations. The qualitative results are tested on Neuroblastoma and prostate cancer images for the purpose of tracing the biased region. Experimented result of proposed algorithm outperforms the previous region-based snake algorithms; moreover proposed algorithm is independent of the initialization.",ieee,llm,0.990,unreviewed,
discarded,Automated Long-Answer Grading via Knowledge-Grounded Retrieval and Segment-Level Entailment,Khassen Madiyar; Aidiye Aidarbekov; Askar Murat; Gulmira Shakhmetova,2026,2026 IEEE 6th International Conference on Smart Information Systems and Technologies (SIST),10.1109/SIST61674.2026.11596360,https://ieeexplore.ieee.org/document/11596360/,off-topic-false-hit,"Open-ended long-answer questions occupy a privileged position in higher education assessment: they elicit chains of reasoning, demand conceptual synthesis, and expose misconceptions with a depth that closed-form items cannot match. Yet precisely this richness renders their automated scoring an enduring challenge—linguistic variability, partial multi-step explanations, and fine-grained rubric criteria conspire to defeat both simple text-matching and purely data-driven predictors. We propose a segment-level, knowledge-grounded grading framework that decomposes each student response into coherent reasoning units, retrieves targeted evidence via hybrid dense–sparse search, and applies contextual sliding-window natural language inference to adjudicate rubric satisfaction at the granularity of individual claims—producing an evidence map that links every awarded credit to the student statement, knowledge-base passage, and entailment justification that warranted it. Evaluated across all four questions of the RiceChem long-answer collection (1,252 responses, Q1-Q4), the framework achieves post-calibration MAE of 1.40–2.18—results that must be interpreted cautiously given near-zero Cohen's kappa throughout. We attribute this gap to remediable external constraints rather than a conceptual deficiency of the retrieval-and-inference paradigm. The principal contribution accordingly lies not in predictive superiority but in evidence-grounded explainability: transparent, rubric-aligned reasoning traces that similarity and regression models are structurally incapable of producing.",ieee,llm,0.980,unreviewed,
discarded,The Effort to Prove Oneself Not Crazy: A Case Study of AI Dependence,"Quintas, Rachel B.",2026,PSYCHOANALYTIC PSYCHOLOGY,10.1037/pap0000621,https://www.webofscience.com/wos/woscc/full-record/WOS:001859640600001,off-topic-false-hit,"This article presents a clinical case study of a graduate student with psychotic-spectrum symptoms to illustrate how AI can function as a powerful validating force, temporarily stabilizing perceptual confidence while reinforcing concreteness and defensive rigidity-something that impacts all users regardless of the level of personality organization. We explore the triangulation that can emerge among patient, therapist, and AI and where the therapist may find themselves positioned between AI's strengths (consistency, affirmation, accessibility) and weaknesses (limited capacity for symbolic thinking, nuanced emotional attunement, or therapeutic challenge). It is suggested that AI enters the therapy space not as a pure pathogen nor curative but as a precarious resource that can be dramatically variable in its effect and relationally unreliable depending on its current programming. It concludes with clinical considerations for therapists navigating treatment in a world of increasing reliance on AI for attachment, certainty, and ego functioning, including the way AI may impact capacity for metaphor, ambiguity, and recovery-oriented reality testing, as well as the unique emotions brought up when the AI ""lets us down."" As generative AI becomes increasingly embedded in everyday life, understanding its relational impact on its users is a critical evolving task for clinical psychology.",wos,llm,0.990,unreviewed,
discarded,A Systematic Review of Video-Based Computing and Programming Education: Do Online Videos Really Teach Programming?,"dos Santos, Otavio Lube; Cury, Davidson; Silveira, Pedro David Netto; Perim, Wagner de Andrade; Rafalski, Jadson do Prado",2025,"2025 IEEE FRONTIERS IN EDUCATION CONFERENCE, FIE",10.1109/FIE63693.2025.11328305,https://www.webofscience.com/wos/woscc/full-record/WOS:001792342800177,adjacent-subtopic,"This full research paper investigates the effectiveness of publicly available educational videos in teaching core concepts of computing and programming, such as abstraction, algorithms, data structures, and programming paradigms. As reliance on online instructional videos grows, it becomes essential to evaluate their pedagogical quality and depth of conceptual teaching. This study explores how well these videos convey fundamental computing principles and whether specific teaching approaches foster better conceptual understanding. A systematic review was conducted, selecting videos through clear criteria involving platform type, educational level, engagement metrics, and didactic structure. Custom-developed artificial intelligence tools were employed to transcribe, index, and categorize videos according to computing concepts. Qualitative and quantitative analyses examined pedagogical patterns, instructional clarity, conceptual depth, and learner engagement. Preliminary findings reveal that while videos commonly excel at teaching programming tools, they frequently lack comprehensive explanations of foundational theories, prioritizing practical implementation over conceptual understanding. Additionally, videos employing visual metaphors, structured explanations, and step-by-step problem-solving methods were found to enhance conceptual learning. These insights carry significant implications for educators, instructional designers, and content creators, emphasizing the need for structured and conceptually-rich video instruction. Future research will investigate interventions like AI-assisted recommendations and adaptive learning strategies to further improve the educational quality of online computing resources.",wos,llm,0.750,unreviewed,
