status,title,authors,year,venue,doi,url,tags,abstract,provider,decision_source,llm_confidence,llm_review_outcome,llm_change_direction
discarded,Transferability of health technology assessments and economic evaluations: a systematic review of approaches for assessment and application,Ron Goeree; Jing He; Daria O’Reilly; Jean‐Éric Tarride; Feng Xie; Burke,2011,ClinicoEconomics and Outcomes Research,10.2147/ceor.s14404,https://openalex.org/W2029722120,off-topic-false-hit,"BACKGROUND: Health technology assessments (HTA) generally, and economic evaluations (EE) more specifically, have become an integral part of health care decision making around the world. However, these assessments are time consuming and expensive to conduct. Evaluation resources are scarce and therefore priorities need to be set for these assessments and the ability to use information from one country or region in another (geographic transferability) is an increasingly important consideration. OBJECTIVES: To review the existing approaches, systems, and tools for assessing the geographic transferability potential or guiding the conduct of transferring HTAs and EEs. METHODS: A systematic literature review was conducted of several databases, supplemented with web searching, hand searching of journals, and bibliographic searching of identified articles. Systems, tools, checklists, and flow charts to assess, evaluate, or guide the conduct of transferability of HTAs and EEs were identified. RESULTS: Of 282 references identified, 27 articles were reviewed in full text and of these, seven proposed unique systems, tools, checklists, or flow charts specifically for geographic transferability. All of the seven articles identified a checklist of transferability factors to consider, and most articles identified a subset of 'critical' factors for assessing transferability potential. Most of these critical factors related to study quality, transparency of methods, the level of reporting of methods and results, and the applicability of the treatment comparators to the target country. Some authors proposed a sequenced flow chart type approach, while others proposed an assessment of critical criteria first, followed by an assessment of other noncritical factors. Finally some authors proposed a quantitative score or index to measure transferability potential. CONCLUSION: Despite a number of publications on the topic, the proposed approaches and the factors used for assessing geographic transferability potential have varied substantially across the papers reviewed. Most promising is the identification of an extensive checklist of critical and noncritical factors in determining transferability potential, which may form the basis for consensus of a future tool. Due to the complexities of identifying appropriate weights for each of the noncritical factors, it is still uncertain whether the assessment and calculation of an overall transferability score or index will be practical or useful for transferability considerations in the future.",openalex,llm,1.000,unreviewed,
kept,A case against the GOTO,William A. Wulf,1972,ACM SIGPLAN Notices,10.1145/987361.987372,https://openalex.org/W2200847460,supports-claim,"It has been proposed, by E. W. Dijkstra and others, that the goto statement in programming langauge is a principal culprit in programs which are difficult to understand, modify, and debug. More correctly, the argument is that it is possible to use the goto to synthesize program structures with these undesirable properties. Not all uses of the goto are to be considered harmful; however, it is further argued that the ""good"" uses of the goto fall into one of a small number of specific cases which may be handled by specific language constructs. This paper summarizes the arguments in favor of eliminating the goto statement and some of the theoretical and practical implications of the proposal.",openalex,llm,0.970,unreviewed,
kept,Next: the elimination of Goto-patches?,Dan Jönsson,1989,ACM SIGPLAN Notices,10.1145/66083.66091,https://openalex.org/W1988326056,qualifies-claim,"It is argued that the elimination of goto-statements within the context of structured programming has often been achieved through the introduction of 'goto-patches'. Seven common goto-patches are identified and exemplified. Finally, it is suggested that the control structures used in 'pancode' make it possible to eliminate goto-patches as well as goto-statements.",openalex,llm,0.920,unreviewed,
discarded,"diagram: Functions for Visualising Simple Graphs (Networks), Plotting Flow Diagrams",Karline Soetaert <karline.soetaert@nioz.nl>,2008,,10.32614/cran.package.diagram,https://openalex.org/W4399541779,off-topic-false-hit,"Visualises simple graphs (networks) based on a transition matrix, utilities to plot flow diagrams, visualising webs, electrical networks, etc. Support for the book ""A practical guide to ecological modelling - using R as a simulation platform"" by Karline Soetaert and Peter M.J. Herman (2009), Springer. and the book ""Solving Differential Equations in R"" by Karline Soetaert, Jeff Cash and Francesca Mazzia (2012), Springer. Includes demo(flowchart), demo(plotmat), demo(plotweb).",openalex,llm,0.990,unreviewed,
discarded,Guidelines for performing systematic reviews in sports science,Markel Rico-González; José Pino‐Ortega; Filipe Manuel Clemente; Asier Los Arcos,2021,Biology of Sport,10.5114/biolsport.2022.106386,https://openalex.org/W3188276075,off-topic-false-hit,"Most of the reviews carried out in sports science have used the general items suggested by Preferred Reporting Items for Systematic Reviews and Meta-analysis (PRISMA). Due to the specific requirements of each knowledge area, several modifications of the PRISMA are necessary to optimize the process of the systematic reviews and, in consequence, the quality of the conclusions provided in this type of study. Therefore, this work aimed to adapt PRISMA to provide specific guidelines to carry out systematic reviews in sports science. The methodology criteria (search strategy, databases, and eligibility) and the results section (flow diagrams and study contents) were adapted based on previous studies, and several new considerations were added to design the new guidelines. We compiled 28 items suggested by sports science researchers and included two new items: (i) population/problem (i.e., age, level, and country) and (ii) the entire training process, which is monitored and compared between groups (e.g., total training load). To maximize the benefit of this document, we encourage people to read it in conjunction with the PRISMA statement. The main differences between PRISMA and the PRISMA adapted to sports science were related to registration, search strategy, flow diagrams, and results. Application of the new guidelines could improve the information provided to readers and make it easier to generalize and compare the results in sports science.",openalex,llm,1.000,unreviewed,
discarded,Comparing Conceptual Models and Data Flow Diagrams,John Mingers,1988,The Computer Journal,10.1093/comjnl/31.4.376,https://openalex.org/W2130661206,off-topic-false-hit,"In ‘Towards a tool kit for the systems analyst’, Benyon and Skidmore discuss various approaches to systems analysis and include a comparison of De Marco's data flow diagrams and Checkland's conceptual models. This note compares the two in greater detail and concludes that the underlying methodologies are much further apart than Benyon and Skidmore suggest.",openalex,llm,0.980,unreviewed,
discarded,Toward automatic generation of control structures for process flow diagrams with large language models,"Hirtreiter, Edwin; Schulze Balhorn, Lukas; Schweidtmann, Artur M.",2024,AICHE JOURNAL,10.1002/aic.18259,https://www.webofscience.com/wos/woscc/full-record/WOS:001075164700001,off-topic-false-hit,"Developing Piping and Instrumentation Diagrams (P&IDs) is a crucial step during process development. We propose a data-driven method for the prediction of control structures. Our methodology is inspired by end-to-end transformer-based human language translation models. We cast the control structure prediction as a translation task where Process Flow Diagrams (PFDs) without control structures are translated to PFDs with control structures. We represent the topology of PFDs as strings using the SFILES 2.0 notation. We pretrain our model using generated PFDs to learn the grammatical structure. Thereafter, the model is fine-tuned leveraging transfer learning on real PFDs. The model achieved a top-5 accuracy of 74.8% on 10,000 generated PFDs and 89.2% on 100,000 generated PFDs. These promising results show great potential for AI-assisted process engineering. The tests on a dataset of 312 real PFDs indicate the need for a larger PFD dataset for industry applications and hybrid artificial intelligence solutions.",wos,llm,0.990,unreviewed,
discarded,Column shifting algorithm to compute iteration bound of finite impulse response systems having inline delays,"Pathak, Jyotirmoy; Tripathi, Suman Lata",2021,INTERNATIONAL JOURNAL OF EMBEDDED SYSTEMS,,https://www.webofscience.com/wos/woscc/full-record/WOS:000743147300003,off-topic-false-hit,"In this paper, a shifting algorithm has been proposed with reduced computational time leading to the reduction in inline delay elements. Due to the redundant idea of advanced sign preparing calculations, these calculations are depicted by iterative information flow diagrams where hubs and edges speak to calculations and correspondences separately. For all information flow charts, there exists a basic lower bound on the emphasis time frame alluded to as the cycle bound. The figuring of emphasis destined for advanced sign handling calculations portrayed by iterative information stream diagrams is a significant issue. Right now, the most normal created technique to register emphasis bound is examined and an alternative methodology known as segment components moving dependent on the longest way grid strategy is proposed. This methodology can be utilised on finite motivation reaction frameworks with inline postpone components. By utilising this technique, the calculation time can be decreased by over 60%. The proposed model is suitable for FIR system with significant improvement over the well-known longest path matrix (LPM) methods.",wos,llm,0.980,unreviewed,
kept,Improving Computational Thinking in Secondary Students with Unplugged Tasks,"Montes-Leon, Hernan; Hijon-Neira, Raquel; Perez-Marin, Diana; Raul Montes-Leon, Sergio",2020,EDUCATION IN THE KNOWLEDGE SOCIETY,10.14201/eks.23002,https://www.webofscience.com/wos/woscc/full-record/WOS:000571176500001,adjacent-subtopic,"The teaching-learning of programming fundamentals is increasing in secondary schools, however, it is a very difficult task for the teacher because the student has not yet achieved full development of their computational thinking, so they have difficulty in learning programming fundamentals. In this article, we describe the development of computational thinking activities prior to the teaching of programming fundamentals and we analyze the data obtained from a pre- and post-test of computational thinking applied to a control group and an experimental group. Afterwards, we analyze the results obtained from a test of programming fundamentals to both the control group and the experimental group.

The activity has been evaluated during the academic year 2017-2018 by 80 high school students from K-10 (15 and 16 years old), our results indicate that the development of activities of Computational Thinking previous to the teaching of programming fundamentals has allowed the students to assimilate in a better way the learning in the mentioned subject, that is to say, they extended their mathematical logical reasoning to develop the respective flow charts without any difficulty. That is, they expanded their mathematical logical reasoning to develop the respective flow diagrams without any difficulty.",wos,llm,0.700,unreviewed,
discarded,"Computer vision for LCA foreground modelling-an initial pipeline and proof of concept software, lcopt-cv","Joyce, P. James",2019,INTERNATIONAL JOURNAL OF LIFE CYCLE ASSESSMENT,10.1007/s11367-019-01636-4,https://www.webofscience.com/wos/woscc/full-record/WOS:000496324000005,off-topic-false-hit,"Purpose The majority of LCA studies begin with the drawing of a process flow diagram, which then needs to be translated manually into an LCA model. This study presents an initial image processing pipeline, implemented in an open-source software package, called lcopt-cv, which can be used to identify the boxes and links in a photograph of a hand-drawn process flow diagram and automatically create an LCA foreground model. Methods The computer vision pipeline consists of a total of 15 steps, beginning with loading the image file and conversion to greyscale. The background is equalised, then the foreground of the image is extracted from the background using thresholding. The lines are then dilated and closed to account for drawing errors. Contours in the image are detected and simplified, and rectangles (contours with four corners) are identified from the simplified contours as 'boxes'. Links between these boxes are identified using a flood-filling technique. Heuristic processing, based on knowledge of common practice in drawing of process flow diagrams, is then performed to more accurately identify the typology of the identified boxes and the direction of the links between them. Results and discussion The performance of the image processing pipeline was tested on four flow diagrams of increasing difficulty: one simple computer drawn diagram and three photographs of hand-drawn diagrams (a simple diagram, a complex diagram and a diagram with merged lines). A set of default values for the variables which define the pipeline was developed through trial and error. For the two simple flow charts, all boxes and links were identified using the default settings. The complex diagram required minor tweaks to the default values to detect all boxes and links. An 'unstacking' heuristic allowed the diagram with merged lines to be correctly processed. After some manual reclassification of link directions and process types, the diagrams were turned into LCA models and exported to open-source LCA software packages (lcopt and Brightway) to be verified and analysed. Conclusions This study demonstrates that it is possible to generate a fully functional LCA model from a picture of a flow chart. This has potentially important implications not only for LCA practitioners as a whole, but in particular for the teaching of LCA. Skipping the steep learning curve required by most LCA software packages allows teachers to focus on important LCA concepts, while participants maintain the benefits of experiential learning by doing a 'real' LCA.",wos,llm,0.990,unreviewed,
discarded,Designing a process flow diagram of wastewater treatment,"Zhandauletova, Farida Rustembekovna; Sanatova, Toty Sabirovna; Abikenova, Asel Amangeldievna; Mustafin, Kairat Gabbasovich; Baipakbayev, Turkestan Saidahmetovich; Mananbaeva, Svetlana Evgenievna",2018,DESALINATION AND WATER TREATMENT,10.5004/dwt.2018.22401,https://www.webofscience.com/wos/woscc/full-record/WOS:000445126500008,off-topic-false-hit,"This study provides a new innovative wastewater treatment technology and process flow diagrams of industrial wastewater treatment based on developed technology. These process flow diagrams allow discharging industrial wastewater into the city sewage network and recycling water supply of textile facilities. In general, up to 95% of all wastewater can be reused. Our process flow charts of wastewater treatment and obtained results of experimental studies can be used in designing new and modernizing the existing treatment facilities, as well as in analyzing the wastewater treatment technologies used in worsted and cloth industrial facilities.",wos,llm,0.990,unreviewed,
kept,Fundamentals of reversible flowchart languages,"Yokoyama, Tetsuo; Axelsen, Holger Bock; Gluck, Robert",2016,THEORETICAL COMPUTER SCIENCE,10.1016/j.tcs.2015.07.046,https://www.webofscience.com/wos/woscc/full-record/WOS:000369211000003,supports-claim,"This paper presents the fundamentals of reversible flowcharts. Reversible flowcharts are intended to naturally represent the structure and control flow of reversible (imperative) programming languages in a simple computation model in the same way classical flowcharts do for conventional languages. Although reversible flowcharts are superficially similar to classical flowcharts, there are crucial differences: atomic steps are limited to locally invertible operations, and join points require an explicit orthogonalizing conditional expression.

Despite these constraints, we show that reversible flowcharts are both expressive and robust: reversible flowcharts can simulate irreversible ones by adapting reversibilization techniques to the flowchart model. Thus, reversible flowcharts are r-Turing-complete, meaning that they can compute exactly all injective computable functions. Furthermore, structured reversible flowcharts are as expressive as unstructured ones, as shown by a reversible version of the classic Structured Program Theorem.

We illustrate how reversible flowcharts can be concretized with two example programming languages, complete with syntax and semantics: a low-level unstructured language and a high-level structured language. We introduce concrete tools such as program inverters and translators for both languages, which follow the structure suggested by the flowchart model. To further illustrate the different concepts and tools brought together in this paper, we present two major worked examples: a reversible permutation-to-code algorithm attributed to Dijkstra, and a simulation scheme for reversible Turing machines. By exhibiting a wide range of uses, we hope that the proposed reversible flowcharts can serve as a springboard for further theoretical research in reversible computing. (C) 2015 Elsevier B.V. All rights reserved.",wos,llm,0.960,unreviewed,
discarded,Maximal Structuring of Acyclic Process Models,"Polyvyanyy, Artem; Garcia-Banuelos, Luciano; Fahland, Dirk; Weske, Mathias",2014,COMPUTER JOURNAL,10.1093/comjnl/bxs126,https://www.webofscience.com/wos/woscc/full-record/WOS:000329132400002,adjacent-subtopic,"This article addresses the transformation of a process model with an arbitrary topology into an equivalent structured process model. In particular, this article studies the subclass of process models that have no equivalent well-structured representation but which, nevertheless, can be partially structured into their maximally-structured representation. The transformations are performed under a behavioral equivalence notion that preserves the observed concurrency of tasks in equivalent process models. The article gives a full characterization of the subclass of acyclic process models that have no equivalent well-structured representation, but do have an equivalent maximally-structured one, as well as proposes a complete structuring method. Together with our previous results, this article completes the solution of the process model structuring problem for the class of acyclic process models.",wos,llm,0.840,unreviewed,
discarded,Costs of medically assisted reproduction treatment at specialized fertility clinics in the Danish public health care system: results from a 5-year follow-up cohort study,"Christiansen, Terkel; Erb, Karin; Rizvanovic, Amra; Ziebe, Soren; Englund, Anne L. Mikkelsen; Hald, Finn; Boivin, Jacky; Schmidt, Lone",2014,ACTA OBSTETRICIA ET GYNECOLOGICA SCANDINAVICA,10.1111/aogs.12293,https://www.webofscience.com/wos/woscc/full-record/WOS:000328435300010,off-topic-false-hit,"ObjectiveTo examine the costs to the public health care system of couples in medically assisted reproduction.

DesignLongitudinal cohort study of infertile couples initiating medically assisted reproduction treatment.

SettingSpecialized public fertility clinics in Denmark.

SampleSeven hundred and thirty-nine couples having no child at study entry and with data on kind of treatment and live birth (yes/no) for each treatment attempt at the specialized public fertility clinic.

MethodsTreatment data for medically assisted reproduction attempts conducted at the public fertility clinics were abstracted from medical records. Flow diagrams were drawn for different standard treatment cycles and direct costs at each stage in the flow charts were measured and valued by a bottom-up procedure. Indirect costs were distributed to each treatment cycle on the basis of number of visits as basis. Costs were adjusted to 2012 prices using a constructed medical price index.

Main outcome measuresLive birth, costs.

ResultsTotal costs per live birth in 2012 prices were estimated to 10755Euro. Costs per treated couple - irrespective of whether the treatment was terminated by a live birth or not - were estimated at 6607Euro. Costs per live birth of women <35years at treatment initiation were 9338Euro and 15040Euro for women 35years.

ConclusionThe public costs for live births after conception with medically assisted reproduction treatment are relatively modest. The results can be generalized to public fertility treatment in Denmark and to other public treatment settings with similar limitations in numbers of public treatment cycles offered.",wos,llm,1.000,unreviewed,
