status,title,authors,year,venue,doi,url,tags,abstract,provider,decision_source,llm_confidence,llm_review_outcome,llm_change_direction
discarded,Computer graphics: principles and practice,,2013,Choice Reviews Online,10.5860/choice.51-2713,https://openalex.org/W1490482062,adjacent-subtopic,"1. Introduction. Image Processing as Picture Analysis. The Advantages of Interactive Graphics. Representative Uses of Computer Graphics. Classification of Applications. Development of Hardware and Software for Computer Graphics. Conceptual Framework for Interactive Graphics. 2. Programming in the Simple Raster Graphics Package (SRGP)/. Drawing with SRGP/. Basic Interaction Handling/. Raster Graphics Features/. Limitations of SRGP/. 3. Basic Raster Graphics Algorithms for Drawing 2d Primitives. Overview. Scan Converting Lines. Scan Converting Circles. Scan Convertiing Ellipses. Filling Rectangles. Fillign Polygons. Filling Ellipse Arcs. Pattern Filling. Thick Primiives. Line Style and Pen Style. Clipping in a Raster World. Clipping Lines. Clipping Circles and Ellipses. Clipping Polygons. Generating Characters. SRGP_copyPixel. Antialiasing. 4. Graphics Hardware. Hardcopy Technologies. Display Technologies. Raster-Scan Display Systems. The Video Controller. Random-Scan Display Processor. Input Devices for Operator Interaction. Image Scanners. 5. Geometrical Transformations. 2D Transformations. Homogeneous Coordinates and Matrix Representation of 2D Transformations. Composition of 2D Transformations. The Window-to-Viewport Transformation. Efficiency. Matrix Representation of 3D Transformations. Composition of 3D Transformations. Transformations as a Change in Coordinate System. 6. Viewing in 3D. Projections. Specifying an Arbitrary 3D View. Examples of 3D Viewing. The Mathematics of Planar Geometric Projections. Implementing Planar Geometric Projections. Coordinate Systems. 7. Object Hierarchy and Simple PHIGS (SPHIGS). Geometric Modeling. Characteristics of Retained-Mode Graphics Packages. Defining and Displaying Structures. Modeling Transformations. Hierarchical Structure Networks. Matrix Composition in Display Traversal. Appearance-Attribute Handling in Hierarchy. Screen Updating and Rendering Modes. Structure Network Editing for Dynamic Effects. Interaction. Additional Output Features. Implementation Issues. Optimizing Display of Hierarchical Models. Limitations of Hierarchical Modeling in PHIGS. Alternative Forms of Hierarchical Modeling. 8. Input Devices, Interaction Techniques, and Interaction Tasks. Interaction Hardware. Basic Interaction Tasks. Composite Interaction Tasks. 9. Dialogue Design. The Form and Content of User-Computer Dialogues. User-Interfaces Styles. Important Design Considerations. Modes and Syntax. Visual Design. The Design Methodology. 10. User Interface Software. Basic Interaction-Handling Models. Windows-Management Systems. Output Handling in Window Systems. Input Handling in Window Systems. Interaction-Technique Toolkits. User-Interface Management Systems. 11. Representing Curves and Surfaces. Polygon Meshes. Parametric Cubic Curves. Parametric Bicubic Surfaces. Quadric Surfaces. 12. Solid Modeling. Representing Solids. Regularized Boolean Set Operations. Primitive Instancing. Sweep Representations. Boundary Representations. Spatial-Partitioning Representations. Constructive Solid Geometry. Comparison of Representations. User Interfaces for Solid Modeling. 13. Achromatic and Colored Light. Achromatic Light. Chromatic Color. Color Models for Raster Graphics. Reproducing Color. Using Color in Computer Graphics. 14. The Quest for Visual Realism. Why Realism? Fundamental Difficulties. Rendering Techniques for Line Drawings. Rendering Techniques for Shaded Images. Improved Object Models. Dynamics. Stereopsis. Improved Displays. Interacting with Our Other Senses. Aliasing and Antialiasing. 15. Visible-Surface Determination. Functions of Two Variables. Techniques for Efficient Visible-Surface Determination. Algorithms for Visible-Line Determination. The z-Buffer Algorithm. List-Priority Algorithms. Scan-Line Algorithms. Area-Subdivision Algorithms. Algorithms for Octrees. Algorithms for Curved Surfaces. Visible-Surface Ray Tracing. 16. Illumination And Shading. Illumination Modeling. Shading Models for Polygons. Surface Detail. Shadows. Transparency. Interobject Reflections. Physically Based Illumination Models. Extended Light Sources. Spectral Sampling. Improving the Camera Model. Global Illumination Algorithms. Recursive Ray Tracing. Radiosity Methods. The Rendering Pipeline. 17. Image Manipulation and Storage. What Is an Image? Filtering. Image Processing. Geometric Transformations of Images. Multipass Transformations. Image Compositing. Mechanisms for Image Storage. Special Effects with Images. Summary. 18. Advanced Raster Graphic Architecture. Simple Raster-Display System. Display-Processor Systems. Standard Graphics Pipeline. Introduction to Multiprocessing. Pipeline Front-End Architecture. Parallel Front-End Architectures. Multiprocessor Rasterization Architectures. Image-Parallel Rasterization. Object-Parallel Rasterization. Hybrid-Parallel Rasterization. Enhanced Display Capabilities. 19. Advanced Geometric and Raster Algorithms. Clipping. Scan-Converting Primitives. Antialiasing. The Special Problems of Text. Filling Algorithms. Making copyPixel Fast. The Shape Data Structure and Shape Algebra. Managing Windows with bitBlt. Page Description Languages. 20. Advanced Modeling Techniques. Extensions of Previous Techniques. Procedural Models. Fractal Models. Grammar-Based Models. Particle Systems. Volume Rendering. Physically Based Modeling. Special Models for Natural and Synthetic Objects. Automating Object Placement. 21. Animation. Conventional and Computer-Assisted Animation. Animation Languages. Methods of Controlling Animation. Basic Rules of Animation. Problems Peculiar to Animation. Appendix: Mathematics for Computer Graphics. Vector Spaces and Affine Spaces. Some Standard Constructions in Vector Spaces. Dot Products and Distances. Matrices. Linear and Affine Transformations. Eigenvalues and Eigenvectors. Newton-Raphson Iteration for Root Finding. Bibliography. Index. 0201848406T04062001",openalex,llm,0.830,unreviewed,
kept,Whole program paths,James R. Larus,1999,,10.1145/301618.301678,https://openalex.org/W2108112890,supports-claim,"Whole program paths (WPP) are a new approach to capturing and representing a program's dynamic---actually executed---control flow. Unlike other path profiling techniques, which record intraprocedural or acyclic paths, WPPs produce a single, compact description of a program's entire control flow, including loop iteration and interprocedural paths.This paper explains how to collect and represent WPPs. It also shows how to use WPPs to find hot subpaths, which are the heavily executed sequences of code that should be the focus of performance tuning and compiler optimization.",openalex,llm,0.840,unreviewed,
kept,Control flow analysis in scheme,Olin Shivers,1988,,10.1145/53990.54007,https://openalex.org/W4250199140,qualifies-claim,"Traditional flow analysis techniques, such as the ones typically employed by optimizing Fortran compilers, do not work for Scheme-like languages. This paper presents a flow analysis technique — control flow analysis — which is applicable to Scheme-like languages. As a demonstration application, the information gathered by control flow analysis is used to perform a traditional flow analysis problem, induction variable elimination. Extensions and limitations are discussed.",openalex,llm,0.800,unreviewed,
discarded,Evaluation Roots : Tracing Theorists' Views and Influences,Marvin C. Alkin,2004,,,https://openalex.org/W314109411,off-topic-false-hit,"Evaluation Theory Tree Revisited - Marvin Alkin and Christina Christie Editor's Introduction - Marvin Alkin INTRODUCTION Comparing Evaluation Points of View - Marvin Alkin An Evaluation Theory Tree - Marvin Alkin & Christina Christie METHODS Ralph W. Tyler's Contribution to Program Evaluation - George Madaus Donald Campbell: The Accidental Evaluator - William R. Shadish & Jason K. Luellen Causal Generalization: How Campbell and Cronbach influenced the Theoretical Thinking on this Topic in Shadish, Cook & Campbell - Thomas Cook A Trialist's Notes on Evaluation Theory and Roots - Robert Boruch My Views of Evaluation and Their Origins - Peter Rossi The Roots of Theory-Driven Evaluations: Current Views and Origins - Huey Chen Nuggets and Roots: The Cliff Notes Version of My Life in Evaluation - Carol Weiss The Educative Evaluator: An Interpretation of Lee J. Cronbach's Vision of Evaluation - Jennifer Greene VALUING Views and Roots of Michael Scriven - Michael Scriven The Roots of Connoisseurship and Criticism: A Personal Journey - Elliot Eisner Stake and Responsive Evaluation - Robert Stake Intellectual History in Evaluation - Ernest House The Roots Of Fourth Generation Evaluation: Theoretical And Methodological Origins - Yvonne Lincoln and Egon Guba USE Evaluation Views And Roots Of Daniel L. Stufflebeam From The Perspective of The Cipp Model For Evaluation - Daniel L. Stufflebeam Using Evaluation to Improve Performance and Support Policy Decisionmaking - Joseph Wholey The Roots of Utilization-Focused Evaluation - Michael Patton Context Adapted Utilization: A Personal Journey - Marvin Alkin Branching Out or Standing on a Limb: Looking to Our Roots for Insight - David Fetterman Crossing The Bridge: Toward Understanding Use Through Systematic Inquiry - J. Bradley Cousins Tikun Olam (Healing the World): The Roots of Participatory Evaluation - Jean King The Transformational Power of Evaluation: Passion, Purpose, and Practice - Hallie Preskill Evaluation Forms: A Framework for Expanding the Use of Evaluative Enquiry - John Owen SUMMING UP Evaluation Roots - Marvin Alkin",openalex,llm,0.990,unreviewed,
discarded,Neuron tracing in perspective,Erik Meijering,2010,Cytometry Part A,10.1002/cyto.a.20895,https://openalex.org/W2156012604,off-topic-false-hit,"The study of the structure and function of neuronal cells and networks is of crucial importance in the endeavor to understand how the brain works. A key component in this process is the extraction of neuronal morphology from microscopic imaging data. In the past four decades, many computational methods and tools have been developed for digital reconstruction of neurons from images, with limited success. As witnessed by the growing body of literature on the subject, as well as the organization of challenging competitions in the field, the quest for a robust and fully automated system of more general applicability still continues. The aim of this work, is to contribute by surveying recent developments in the field for anyone interested in taking up the challenge. Relevant aspects discussed in the article include proposed image segmentation methods, quantitative measures of neuronal morphology, currently available software tools for various related purposes, and morphology databases. (c) 2010 International Society for Advancement of Cytometry.",openalex,llm,1.000,unreviewed,
discarded,The World Federation of ADHD International Consensus Statement: 208 Evidence-based conclusions about the disorder,Stephen V. Faraone; Tobias Banaschewski; David Coghill; Yi Zheng; Joseph Biederman; Mark A. Bellgrove; Jeffrey H. Newcorn; Martin Gignac; Nouf Mohammed Al Saud; Iris Manor; Luís Augusto Rohde; Li Yang; Samuele Cortese; Doron Almagor; Mark A. Stein; Turki H. Albatti; Haya F. Al-Joudi; Mohammed M. J. Alqahtani; Philip Asherson; Lukoye Atwoli; Sven Bölte; Jan K. Buitelaar; Cleo L. Crunelle; David Daley; Søren Dalsgaard; Manfred Döpfner; Stacey D. Espinet; Michael Fitzgerald; Barbara Franke; Manfred Gerlach; Jan Haavik; Catharina A. Hartman; Cynthia M. Hartung; Stephen P. Hinshaw; Pieter J. Hoekstra; Chris Hollis; Scott H. Kollins; J. J. Sandra Kooij; Jonna Kuntsi; Henrik Larsson; Tingyu Li; Jing Liu; Eugene Merzon; Gregory W. Mattingly; Paulo Mattos; Suzanne McCarthy; Amori Yee Mikami; Brooke S. G. Molina; Joel T. Nigg; Diane Purper‐Ouakil; Olayinka Omigbodun; Guilherme V. Polanczyk; Yehuda Pollak; Alison Poulton; Ravi Philip Rajkumar; Andrew Reding; Andreas Reif; Katya Rubia; Julia J. Rucklidge; Marcel Romanos; Josep Antoni Ramos‐Quiroga; Arnt Schellekens; Anouk Scheres; Renata Schoeman; Julie B. Schweitzer; Henal Shah; Mary V. Solanto; Edmund Sonuga‐Barke; César A. Soutullo; Hans-Christoph Steinhausen; James M. Swanson; Anita Thapar; Gail Tripp; Geurt van de Glind; Wim van den Brink; Saskia Van der Oord; André Venter; Benedetto Vitiello; Susanne Walitza; Yufeng Wang,2021,Neuroscience & Biobehavioral Reviews,10.1016/j.neubiorev.2021.01.022,https://openalex.org/W3128855809,off-topic-false-hit,"BACKGROUND: Misconceptions about ADHD stigmatize affected people, reduce credibility of providers, and prevent/delay treatment. To challenge misconceptions, we curated findings with strong evidence base. METHODS: We reviewed studies with more than 2000 participants or meta-analyses from five or more studies or 2000 or more participants. We excluded meta-analyses that did not assess publication bias, except for meta-analyses of prevalence. For network meta-analyses we required comparison adjusted funnel plots. We excluded treatment studies with waiting-list or treatment as usual controls. From this literature, we extracted evidence-based assertions about the disorder. RESULTS: We generated 208 empirically supported statements about ADHD. The status of the included statements as empirically supported is approved by 80 authors from 27 countries and 6 continents. The contents of the manuscript are endorsed by 366 people who have read this document and agree with its contents. CONCLUSIONS: Many findings in ADHD are supported by meta-analysis. These allow for firm statements about the nature, course, outcome causes, and treatments for disorders that are useful for reducing misconceptions and stigma.",openalex,llm,1.000,unreviewed,
discarded,Diet tracing in ecology: Method comparison and selection,Jens M. Nielsen; Elizabeth L. Clare; Brian Hayden; Michael T. Brett; Pavel Kratina,2017,Methods in Ecology and Evolution,10.1111/2041-210x.12869,https://openalex.org/W2746877260,off-topic-false-hit,"Abstract Determining diet is a key prerequisite for understanding species interactions, food web structure and ecological dynamics. In recent years, there has been considerable development in both the methodology and application of novel and more traditional dietary tracing methods, yet there is no comprehensive synthesis that systematically and quantitatively compares the different approaches. Here we conceptualise diet tracing in ecology, provide recommendations for method selection, and illustrate the advantages of method integration. We summarise empirical evidence on how different methods quantify diet mixtures, by contrasting estimates of dietary proportions from multiple methods applied to the same consumer‐resource datasets, or from experimental studies with known diet compositions. Our data synthesis revealed an urgent need for more experiential comparisons among the dietary methods. The comparison of diet quantifications from field observations showed that different techniques aligned well in cases with less than six diet items, but diverged considerably when applied to more complex diet mixtures. Efforts are ongoing to further advance dietary estimation, including how reliably compound specific stable isotope analyses and fatty acid profiles can quantify more prey items than bulk stable isotope analyses. Similarly, DNA analyses, which can depict trophic interactions at a higher resolution than any other method, are generating new ways to better quantify diets and differentiate among life‐stages of prey. Such efforts, combined with more empirical testing of each dietary method and establishment of open data repositories for dietary data, promise to greatly advance community and ecosystem ecology.",openalex,llm,1.000,unreviewed,
discarded,Team learning: building shared mental models,Piet Van den Bossche; Wim Gijselaers; Mien Segers; Geert Woltjer; Paul A. Kirschner,2010,Instructional Science,10.1007/s11251-010-9128-3,https://openalex.org/W2116651343,adjacent-subtopic,"To gain insight in the social processes that underlie knowledge sharing in teams, this article questions which team learning behaviors lead to the construction of a shared mental model. Additionally, it explores how the development of shared mental models mediates the relation between team learning behaviors and team effectiveness. Analyses were performed on student-teams engaged in a business simulation game. The measurement of shared mental models was based on cognitive mapping techniques. The results indicate that a team learning perspective provides insight in how people share knowledge. Particularly the team learning behaviors identified as co-construction and constructive conflict are related to the development of shared mental models. In addition, a shared mental model of the task environment in a team leads to improved performance. This underscores the importance of developing shared cognition in teamwork.",openalex,llm,0.960,unreviewed,
discarded,An introduction to PYTHIA 8.2,Torbjörn Sjöstrand; Stefan Ask; J. Christiansen; Richard Corke; Nishita Desai; P. Ilten; S. Mrenna; Stefan Prestel; Christine O. Rasmussen; Peter Skands,2015,Computer Physics Communications,10.1016/j.cpc.2015.01.024,https://openalex.org/W2125102738,off-topic-false-hit,,openalex,llm,1.000,unreviewed,
discarded,Impact of delays on effectiveness of contact tracing strategies for COVID-19: a modelling study,Mirjam Kretzschmar; Ganna Rozhnova; Martin Bootsma; Michiel van Boven; Janneke van de Wijgert; Marc J. M. Bonten,2020,The Lancet Public Health,10.1016/s2468-2667(20)30157-2,https://openalex.org/W3042453924,off-topic-false-hit,"Background In countries with declining numbers of confirmed cases of COVID-19, lockdown measures are gradually being lifted. However, even if most physical distancing measures are continued, other public health measures will be needed to control the epidemic. Contact tracing via conventional methods or mobile app technology is central to control strategies during de-escalation of physical distancing. We aimed to identify key factors for a contact tracing strategy to be successful. Methods We evaluated the impact of timeliness and completeness in various steps of a contact tracing strategy using a stochastic mathematical model with explicit time delays between time of infection and symptom onset, and between symptom onset, diagnosis by testing, and isolation (testing delay). The model also includes tracing of close contacts (eg, household members) and casual contacts, followed by testing regardless of symptoms and isolation if testing positive, with different tracing delays and coverages. We computed effective reproduction numbers of a contact tracing strategy ( R CTS ) for a population with physical distancing measures and various scenarios for isolation of index cases and tracing and quarantine of their contacts. Findings For the most optimistic scenario (testing and tracing delays of 0 days and tracing coverage of 100%), and assuming that around 40% of transmissions occur before symptom onset, the model predicts that the estimated effective reproduction number of 1·2 (with physical distancing only) will be reduced to 0·8 (95% CI 0·7–0·9) by adding contact tracing. The model also shows that a similar reduction can be achieved when testing and tracing coverage is reduced to 80% ( R CTS 0·8, 95% CI 0·7–1·0). A testing delay of more than 1 day requires the tracing delay to be at most 1 day or tracing coverage to be at least 80% to keep R CTS below 1. With a testing delay of 3 days or longer, even the most efficient strategy cannot reach R CTS values below 1. The effect of minimising tracing delay (eg, with app-based technology) declines with decreasing coverage of app use, but app-based tracing alone remains more effective than conventional tracing alone even with 20% coverage, reducing the reproduction number by 17·6% compared with 2·5%. The proportion of onward transmissions per index case that can be prevented depends on testing and tracing delays, and given a 0-day tracing delay, ranges from up to 79·9% with a 0-day testing delay to 41·8% with a 3-day testing delay and 4·9% with a 7-day testing delay. Interpretation In our model, minimising testing delay had the largest impact on reducing onward transmissions. Optimising testing and tracing coverage and minimising tracing delays, for instance with app-based technology, further enhanced contact tracing effectiveness, with the potential to prevent up to 80% of all transmissions. Access to testing should therefore be optimised, and mobile app technology might reduce delays in the contact tracing process and optimise contact tracing coverage. Funding ZonMw, Fundação para a Ciência e a Tecnologia, and EU Horizon 2020 RECOVER.",openalex,llm,1.000,unreviewed,
