status,title,authors,year,venue,doi,url,tags,abstract,provider,decision_source,llm_confidence,llm_review_outcome,llm_change_direction
discarded,Open learner models and learning analytics dashboards,Robert Bodily; Judy Kay; Vincent Aleven; Ioana Jivet; Dan Davis; Françeska Xhakaj; Katrien Verbert,2018,,10.1145/3170358.3170409,https://openalex.org/W2781021131,adjacent-subtopic,"This paper aims to link student facing Learning Analytics Dashboards (LADs) to the corpus of research on Open Learner Models (OLMs), as both have similar goals. We conducted a systematic review of literature on OLMs and compared the results with a previously conducted review of LADs for learners in terms of (i) data use and modelling, (ii) key publication venues, (iii) authors and articles, (iv) key themes, and (v) system evaluation. We highlight the similarities and differences between the research on LADs and OLMs. Our key contribution is a bridge between these two areas as a foundation for building upon the strengths of each. We report the following key results from the review: in reports of new OLMs, almost 60% are based on a single type of data; 33% use behavioral metrics; 39% support input from the user; 37% have complex models; and just 6% involve multiple applications. Key associated themes include intelligent tutoring systems, learning analytics, and self-regulated learning. Notably, compared with LADs, OLM research is more likely to be interactive (81% of papers compared with 31% for LADs), report evaluations (76% versus 59%), use assessment data (100% versus 37%), provide a comparison standard for students (52% versus 38%), but less likely to use behavioral metrics, or resource use data (33% against 75% for LADs). In OLM work, there was a heightened focus on learner control and access to their own data.",openalex,llm,0.960,unreviewed,
kept,"Novice Rationales for Sketching and Tracing, and How They Try to Avoid It",Kathryn Cunningham; Shannon Ke; Mark Guzdial; Barbara Ericson,2019,,10.1145/3304221.3319788,https://openalex.org/W2963654382,supports-claim,"Prior research has shown that sketching out a code trace on paper is correlated with higher scores on code reading problems. Why do students sometimes choose not to draw out a code trace, or if they do, choose a different sketching technique than their instructor has demonstrated? In this study, we interviewed 13 CS1 students retrospectively about their decisions to sketch and draw on a recent programming exam. When students do sketch, we find that their sketching choices do not always align with a strict execution of the notional machine. Sketching choices are driven by a search for a program's patterns, an attempt to create organizational structure among intermediate values, and the tracking of prior steps and results. When novices don't sketch, they often report that they've identified the goal that the code achieves. In either case, novices are searching for the functionality of code, rather than merely tracing its behavior.",openalex,llm,0.970,unreviewed,
discarded,Becoming (less) scientific: A longitudinal study of students' identity work from elementary to middle school science,Heidi B. Carlone; Catherine Scott; Cassi Lowder,2014,Journal of Research in Science Teaching,10.1002/tea.21150,https://openalex.org/W1960303053,off-topic-false-hit,"Students' declining science interest in middle school is often attributed to psychological factors like shifts of motivational values, decrease in self-efficacy, or doubts about the utility of schooling in general. This paper adds to accounts of the middle school science problem through an ethnographic, longitudinal case study of three diverse students' identity work from fourth- to sixth-grade school science. Classroom observations and interviews are used as primary data sources to examine: (1) the cultural and structural aspects of the fourth- and sixth-grade classrooms, including the celebrated subject positions, that enabled and constrained students' identity work as science learners; (2) the nature of students' identity work, including their positioning related to the celebrated subject positions within and across fourth- and sixth-grade science; and (3) the ways race, class, and gender figured into students' identity work and positioning. In fourth-grade, all experienced excellent science pedagogy and performed themselves as scientifically competent and engaged learners who recognized themselves and got recognized by others as scientific. By sixth-grade, their identity work in school science became dramatically less scientific. Celebrated subject positions did not demand scientific thinking or robust engagement in scientific practices and were heavily mediated by race, class, and gender. Our results highlight three insights related to the middle school problem: (1) when students' social identity work was leveraged in service of robust science learning, their affiliation increased; (2) academic success in school science did not equate to affiliation or deep engagement with science; and (3) race, class, and gender figured into students' successes in, threats to, and identity work related to becoming scientific. We end the article by providing a framework and questions that teachers, teacher educators, and researchers might use to design and evaluate the equity of science education learning spaces. © 2014 Wiley Periodicals, Inc. J Res Sci Teach 51:836–869, 2014.",openalex,llm,0.990,unreviewed,
kept,"Further evidence of a relationship between explaining, tracing and writing skills in introductory programming",Raymond Lister; Colin Fidge; Donna Teague,2009,,10.1145/1562877.1562930,https://openalex.org/W2071792242,supports-claim,"This paper reports on a replication of earlier studies into a possible hierarchy of programming skills. In this study, the students from whom data was collected were at a university that had not provided data for earlier studies. Also, the students were taught the programming language Python, which had not been used in earlier studies. Thus this study serves as a test of whether the findings in the earlier studies were specific to certain institutions, student cohorts, and programming languages. Also, we used a non–parametric approach to the analysis, rather than the linear approach of earlier studies. Our results are consistent with the earlier studies. We found that students who cannot trace code usually cannot explain code, and also that students who tend to perform reasonably well at code writing tasks have also usually acquired the ability to both trace code and explain code.",openalex,llm,0.990,unreviewed,
discarded,Identifying SQL misconceptions of novices,Daphne Miedema; Efthimia Aivaloglou; George Fletcher,2022,ACM Inroads,10.1145/3514214,https://openalex.org/W4212995739,adjacent-subtopic,"H ave you ever struggled with writing a SQL query to retrieve data? Students certainly do. In this paper we set out to investigate why this is the case. The first step to making less mistakes, is to find the underlying reasons why these mistakes are made. Through a think-aloud study with 21 students we identified various SQL errors; and from these deduced 14 SQL misconceptions.",openalex,llm,0.880,unreviewed,
discarded,The impact of simulation-based training in medical education: A review,Chukwuka Elendu; Dependable C. Amaechi; Alexander U. Okatta; Emmanuel C. Amaechi; Tochi C. Elendu; Chiamaka P. Ezeh; Ijeoma D. Elendu,2024,Medicine,10.1097/md.0000000000038813,https://openalex.org/W4400348041,off-topic-false-hit,"Simulation-based training (SBT) has emerged as a transformative approach in medical education, significantly enhancing healthcare professionals' learning experience and clinical competency. This article explores the impact of SBT, tracing its historical development and examining the various types of simulations utilized today, including high-fidelity mannequins, virtual reality environments, standardized patients, and hybrid simulations. These methods offer a safe and controlled environment for students to practice and hone technical and non-technical skills, ultimately improving patient safety and clinical outcomes. The benefits of SBT are manifold, including enhanced skill acquisition, error reduction, and the opportunity for repeated practice without risk to actual patients. Immediate feedback and structured debriefing further solidify learning, making Simulation an invaluable tool in medical education. However, the implementation of SBT is challenging. It requires substantial financial investment, specialized equipment, and trained faculty. Additionally, there are concerns about the realism of simulations and the transferability of skills to real-world clinical settings. Despite these challenges, numerous case studies and empirical research underscore the effectiveness of SBT compared to traditional methods. Looking ahead, advancements in technology, such as artificial intelligence and improved virtual reality applications, promise to enhance the efficacy and accessibility of simulation training. The integration of Simulation with other training modalities and its adoption in diverse global contexts highlight its potential to revolutionize medical education worldwide. This article affirms the crucial role of SBT in preparing the next generation of healthcare professionals and its ongoing evolution driven by technological innovations.",openalex,llm,0.990,unreviewed,
discarded,An ecological perspective on learner‐constructed learning spaces,Crina Damşa; Monika Nerland; Zacharias Andreadakis,2019,British Journal of Educational Technology,10.1111/bjet.12855,https://openalex.org/W2961260926,adjacent-subtopic,"Abstract This paper argues for the need to develop a relational, emergent and plural understanding of learning spaces. We take an ecological perspective on learning, which allows us to conceptualize learning spaces as (co‐)constructed by learners; emerging through learners' practices, interactions and activities; and facilitated by pedagogical arrangements. In the co‐construction of spaces for learning, tapping into various ecologies of resources—whether intellectual, relational or digital material—becomes an organic, iterative, agentic endeavour for learners. This paper proposes a set of principles to synthesize this conceptualization and facilitates an understanding of such emergent learning spaces. An empirical illustration extracted from a collaborative student project in software engineering education contributes to grounding the conceptual argument and provides a clarifying example. Ultimately, this contribution suggests that in order to support the emergence of learning spaces that are resource‐rich and conducive to learning, educational contexts and pedagogical arrangements must provide both the framing conditions and also the flexibility and permeability required to access the wider ecologies of resources made available through digital technologies. Practitioner Notes What is already known about this topic Learning spaces can be individual or collective. Physical space is an important element that can facilitate or hinder learning. Technology can contribute to hosting learning spaces (eg, online). What this paper adds A potential new conceptualization drawing on an ecological perspective on learning. Insights into how learning spaces are customized versions of the learners' intellectual, relational or digital‐material resources available in various contexts. Examples of how learning spaces are constitutive through learners' individual or collective practices, based on affordances provided by pedagogical designs. Propositions on how pedagogical designs can provide learners with opportunities to access wider ecologies of resources made available through digital technologies. Implications for practice and/or policy Teachers need support to develop pedagogical designs that support learners in creating their own learning spaces. Helping students to create their learning spaces requires guidance, which must be facilitated by appropriate institutional infrastructures and conditions. Professional learning approaches are needed to build teachers' knowledge and capacities to support students. Institutional arrangements must be open to change.",openalex,llm,0.950,unreviewed,
discarded,ProTracer: Towards Practical Provenance Tracing by Alternating Between Logging and Tainting,Shiqing Ma; Xiangyu Zhang; Dongyan Xu,2016,,10.14722/ndss.2016.23350,https://openalex.org/W2579106964,off-topic-false-hit,"Provenance tracing is a very important approach to Advanced Persistent Threat (APT) attack detection and investigation. Existing techniques either suffer from the dependence explosion problem or have non-trivial space and runtime overhead, which hinder their application in practice. We propose ProTracer, a lightweight provenance tracing system that alternates between system event logging and unit level taint propagation. The technique is built on an on-the-fly system event processing infrastructure that features a very lightweight kernel module and a sophisticated user space daemon that performs concurrent and out-of-order event processing. The evaluation with different realistic system workloads and a number of attack cases show that ProTracer only produces 13MB log data per day, and 0.84GB(Server)/2.32GB(Client) in 3 months without losing any important information. The space consumption is only < 1.28% of the state-of-the-art, 7 times smaller than an off-line garbage collection technique. The run-time overhead averages <7% for servers and <5% for regular applications. The generated attack causal graphs are a few times smaller than those by existing techniques while they are equally informative.",openalex,llm,1.000,unreviewed,
discarded,Episodic Learner Modeling,Gerhard Weber,1996,Cognitive Science,10.1016/s0364-0213(99)80006-8,https://openalex.org/W2048115317,adjacent-subtopic,"Modeling the learner is a central aspect of intelligent tutoring systems and knowledge-based help systems that support learners in complex problem-solving domains. In this article, the episodic learner model ELM is introduced as a hybrid system that analyses novices' solutions to programming tasks based on both rule-based and case-based reasoning. ELM behaves like to a human tutor. Initially, ELM is able to analyze problem solutions based only on its domain knowledge. With increasing knowledge about a particular learner captured in a dynamic episodic case base, it adapts to the learner's individual problem-solving behavior. Two simulation studies were performed to validate the system. The first study shows that the system can learn which rules are applied successfully to diagnose code produced by programmers and that using this information reduces the computational effort of diagnoses. Using information from the episodic learner model additionally speeds up the diagnostic process. The second study shows that ELM is able to predict individual solutions. Finally, correspondences and differences to related systems are discussed.",openalex,llm,0.770,unreviewed,
discarded,Digital video processing,G. Uytterhoeven,1996,Journal of Computational and Applied Mathematics,10.1016/0377-0427(96)80474-2,https://openalex.org/W2082789158,off-topic-false-hit,,openalex,llm,0.990,unreviewed,
discarded,Teaching Tree-Thinking to Undergraduate Biology Students,Richard P. Meisel,2010,Evolution Education and Outreach,10.1007/s12052-010-0254-9,https://openalex.org/W2016782812,off-topic-false-hit,"Evolution is the unifying principle of all biology, and understanding how evolutionary relationships are represented is critical for a complete understanding of evolution. Phylogenetic trees are the most conventional tool for displaying evolutionary relationships, and ""tree-thinking"" has been coined as a term to describe the ability to conceptualize evolutionary relationships. Students often lack tree-thinking skills, and developing those skills should be a priority of biology curricula. Many common student misconceptions have been described, and a successful instructor needs a suite of tools for correcting those misconceptions. I review the literature on teaching tree-thinking to undergraduate students and suggest how this material can be presented within an inquiry-based framework.",openalex,llm,0.990,unreviewed,
discarded,Collaborative learning: towards a solution for novice programmers,Donna Teague; Paul Roe,2008,,10.5555/1379249.1379264,https://openalex.org/W2042492117,adjacent-subtopic,"Students continue to struggle with learning to program, for reasons that we hypothesise are not solely cognitive. This paper reports on the results of a survey indicating that as students progress through a first programming unit, they enjoy it less, find it more difficult than they expected, and have less confidence in being able to successfully complete it. The students also believed that collaborative learning would have a beneficial impact on their learning outcomes and make studying programming more engaging, interactive, and fun. As a precursor to trialling collaborative problem solving and programming in introductory programming units at QUT, collaborative learning and its potential positive effect on the learning outcomes of programming students is investigated.",openalex,llm,0.940,unreviewed,
discarded,Application and theory gaps during the rise of Artificial Intelligence in Education,Xieling Chen; Haoran Xie; Di Zou; Gwo‐Jen Hwang,2020,Computers and Education Artificial Intelligence,10.1016/j.caeai.2020.100002,https://openalex.org/W3084223432,adjacent-subtopic,"Considering the increasing importance of Artificial Intelligence in Education (AIEd) and the absence of a comprehensive review on it, this research aims to conduct a comprehensive and systematic review of influential AIEd studies. We analyzed 45 articles in terms of annual distribution, leading journals, institutions, countries/regions, the most frequently used terms, as well as theories and technologies adopted. We also evaluated definitions of AIEd from broad and narrow perspectives and clarified the relationship among AIEd, Educational Data Mining, Computer-Based Education, and Learning Analytics. Results indicated that: 1) there was a continuingly increasing interest in and impact of AIEd research; 2) little work had been conducted to bring deep learning technologies into educational contexts; 3) traditional AI technologies, such as natural language processing were commonly adopted in educational contexts, while more advanced techniques were rarely adopted, 4) there was a lack of studies that both employ AI technologies and engage deeply with educational theories. Findings suggested scholars to 1) seek the potential of applying AI in physical classroom settings; 2) spare efforts to recognize detailed entailment relationships between learners’ answers and the desired conceptual understanding within intelligent tutoring systems; 3) pay more attention to the adoption of advanced deep learning algorithms such as generative adversarial network and deep neural network; 4) seek the potential of NLP in promoting precision or personalized education; 5) combine biomedical detection and imaging technologies such as electroencephalogram, and target at issues regarding learners’ during the learning process; and 6) closely incorporate the application of AI technologies with educational theories.",openalex,llm,0.970,unreviewed,
discarded,Learner initiative in action: Post-expansion sequences in a novice ESL survey interview task,Tim Greer,2016,Linguistics and Education,10.1016/j.linged.2016.06.004,https://openalex.org/W2460627921,off-topic-false-hit,"This study uses micro-longitudinal Conversation Analysis to track a novice learner of English as he conducts a series of semi-structured survey interviews with expert English speakers. The sequential analysis focuses particularly on unscripted elements of the interaction, including how the student deviates from his prepared list of questions and how he reformulates subsequent versions of a follow-up question. The study explores how the learner makes use of post-expansion sequences to build on the interlocutor's responses, reformulating and adjusting them across episodes, but not always because the co-participant orients to them as repairable. Grounding its findings in the observable details of talk, the analysis offers insight into how learner initiative provided opportunities for developing interactional competence through experimenting with reformulations. Implications for educators and task design are discussed. (C) 2016 Elsevier Inc. All rights reserved.",openalex,llm,1.000,unreviewed,
kept,Tracing quiz set to identify novices&apos; programming misconceptions.,Takayuki Sekiya; Kazunori Yamaguchi,2013,Koli Calling,10.1145/2526968.2526978,https://dblp.org/rec/conf/kolicalling/SekiyaY13,supports-claim,,dblp,llm,0.960,unreviewed,
