status,title,authors,year,venue,doi,url,tags,abstract,provider,decision_source,llm_confidence,llm_review_outcome,llm_change_direction
discarded,Exploring the effects of secondary school student's information and communication technology literacy on computational thinking skills in the smart classroom environment,"Xing, Danxia; Zeng, Yuan",2025,EDUCATION AND INFORMATION TECHNOLOGIES,10.1007/s10639-024-13179-9,https://www.webofscience.com/wos/woscc/full-record/WOS:001363222100001,adjacent-subtopic,"Computational thinking skills as core skills for emerging citizens are receiving great attention from scholars and educators. Various measures have been taken to improve students' computational thinking skills. Among these measures, the smart classroom, as a technology-enhanced learning environment, plays an important role in cultivating students' computational thinking skills. This study aims to explore the relationship between Information and Communications Technology (ICT literacy) and secondary school students' computational thinking skills in smart classroom environments. This study adopts clustered sampling approach to select 351 students from 8 secondary schools in H Province of China as a valid sample. This study uses questionnaire survey to collect data, which mainly includes two scales, ICT literacy and computational thinking skills. Factor analysis and Structural Equation Modeling (SEM) were adopted to analyze this survey data. The results showed that ICT literacy has a significant positive impact on secondary school students' computational thinking skills. From the calculation results of the model, the three sub-components of ICT literacy have different impacts on secondary school students' computational thinking with internet literacy being the most important component, followed by computer literacy and information literacy. Given this interweaving of ICT literacy and computational thinking skills, it is conceivable to state that developing students' ICT literacy could play a significant role in ensuring that appropriate measures are taken to improve computational thinking skills. The most effective strategy to cultivate students' computational thinking skills is to improve students' ICT literacy and encourage teachers to support the integrating of ICT into curricula.",wos,llm,0.900,unreviewed,
discarded,Exploring Programming Concepts and Robotic Sensors: How to Organise Them Within Educational Content,"Stenova, Barbora; Mikova, Karolina",2024,"ROBOTICS IN EDUCATION, RIE 2024",10.1007/978-3-031-67059-6_19,https://www.webofscience.com/wos/woscc/full-record/WOS:001329863700019,adjacent-subtopic,"In this paper, we present a set of six activities using the Lego Spike Prime robotics kit. The primary learning objectives of these activities are to develop students' programming and algorithmic skills, computational thinking, and soft skills. Our research introduces one of the possible appropriate command sequences combined with the specific sensors of the selected kit. This approach aims to respect the cognitive difficulty of the tasks based on the age of the students and, simultaneously, exploit the motivational potential of educational robotics. Unlike traditional programming, this allows teachers to incorporate hands-on activities as a modern element of teaching. The activities are designed with consideration for the framework and needs of the Slovak education system, specifically for a 90 min computer science lesson in lower secondary school. We conducted qualitative research in three different schools with students aged 10 to 15. These students were not necessarily robotics enthusiasts. Each task in every activity is briefly described, along with the commands taught. These activities are the result of our iterative research and multiple implementations in the educational process, encompassing the design idea, used sensors, and commands.",wos,llm,0.850,unreviewed,
kept,Systematic Review of Instruments to Assess Computational Thinking in Early Years of Schooling,"Ocampo, Lina Marcela; Corrales-alvarez, Milena; Cardona-Torres, Sergio Augusto; Zapata-Caceres, Maria",2024,EDUCATION SCIENCES,10.3390/educsci14101124,https://www.webofscience.com/wos/woscc/full-record/WOS:001343255600001,supports-claim,"Computational thinking (CT) is considered a key competence in today's digital era. It is an emerging construct that relates to critical thinking and creativity. Research on its assessment is in the process of consolidation. This systematic review aims to analyze studies that have used CT assessment instruments for children and adolescents aged 4 to 16 years in order to identify which variables, they assess and their psychometric properties. The search and analysis were carried out following the PRISMA statement protocol, analyzing 50 articles published between 2006 and March 2023. An increase in the publication of CT measurement instruments is observed, with 54% of them supported by evidence of validity and 88% by reliability, highlighting construct validity, followed by content and criteria validity. China leads in the number of publications, while Asia and Europe concentrate most of the research. There is a noticeable contribution from South America, evidencing the lack of participation from Central and South American countries in this field of study.",wos,llm,0.950,unreviewed,
discarded,Coding Initiative Provides Different Approaches to Inspire Girls for Programming,"Gursch, Sarina",2022,"30TH INTERNATIONAL CONFERENCE ON COMPUTERS IN EDUCATION, ICCE 2022, VOL 1",,https://www.webofscience.com/wos/woscc/full-record/WOS:001214136400101,adjacent-subtopic,"Attracting more women into science, technology, engineering, and mathematics continues to be a significant concern in the scientific research community. Especially the demand for specialists in computer science is increasing. However, interest drops significantly among teenage girls. Many coding initiatives aim to increase motivation and enthusiasm and provide young women with a bright future in science, technology, engineering, and mathematics. This paper demonstrates a one-week coding initiative with different approaches to encourage 21 teenage girls to program. The different approaches, game design, embroidery programming, and robotics provide a suitable setting to answer the research questions: 1) Are the girls inspired to program through the coding initiative? 2) Has the girl's self-perception of programming skills improved? 3) Do these approaches arouse the girl's interest? The results show that the girls' enthusiasm and interest are successfully raised. We proved that the girls obtained a fundamental understanding of programming skills and computational thinking. Their understanding of loops, variables, data, if-else statements, objects, and local and global constructs confirms the results. The most interesting approaches are embroidery programming closely followed by game design. These validated and purposeful approaches teach (girls) programming and basic computational thinking skills. Researchers and practitioners will benefit from these findings. The results will advance the field of computing education.",wos,llm,0.950,unreviewed,
kept,Computational Thinking in the Mathematics Classroom: Fostering Algorithmic Thinking and Generalization Skills Using Dynamic Mathematics Software,"van Borkulo, Sylvia; Chytas, Christos; Drijvers, Paul; Barendsen, Erik; Tolboom, Jos",2021,"PROCEEDINGS OF THE 16TH WORKSHOP IN PRIMARY AND SECONDARY COMPUTING EDUCATION, WIPSCE 2021",10.1145/3481312.3481319,https://www.webofscience.com/wos/woscc/full-record/WOS:001141312200003,supports-claim,"There are increasing calls for mathematics teachers to foster computational thinking (CT) skills in their lessons and align them with existing curricula and national educational policies. Algorithmic thinking (AT) and generalization are two key elements of CT that are often underrepresented in traditional mathematics lessons. This study investigated how to address AT and generalization aspects in 12th-grade calculus lessons using the dynamic mathematics software GeoGebra. We present a six-lesson intervention designed by an interdisciplinary team of researchers and teachers with a background in computer science and mathematics education that aims to foster pre-university students' AT and generalization skills in calculus lessons. We evaluated the intervention in a 15 students classroom in the Netherlands through the analysis of students' workbooks, files, interviews, and the teacher's logbook. The findings suggest that the intervention was favorably seen by both the teacher and the students, and that their learning and teaching experience was highly satisfactory. The most common challenges for successfully completing the designed material included issues related to getting familiar with GeoGebra, syntax, and effectively using conditional statements. Finally, we report on the learning and teaching experience and discuss strategies to address AT and generalization aspects for teachers who wish to address such CT aspects in mathematics lessons.",wos,llm,0.840,unreviewed,
kept,Constructing a Computational Thinking Evaluation Framework for Pupils,"Su, Yu-Sheng; Wang, Xiao; Zhao, Li",2024,IEEE TRANSACTIONS ON EDUCATION,10.1109/TE.2024.3424423,https://www.webofscience.com/wos/woscc/full-record/WOS:001312310000001,supports-claim,"Research Purpose and Contribution: The study aimed to construct an evaluation framework for assessing pupils' computational thinking (CT) during classroom learning problem solving. As a self-report evaluation scale for pupils, this evaluation framework further enriched the CT assessment instruments for pupils and provided a specialized instrument for experts to evaluate pupils' CT in problem-solving situations during classroom learning.

Background: CT cultivation and assessment methods are hot topics in the field of education. CT assessment can effectively test the effect of CT cultivation. There are many CT assessment methods, of which evaluation frameworks are an effective self-reporting assessment method. Existing studies on self-reported CT evaluation frameworks are commonly applicable to students at different stages. However, few studies have focused on the specific context from the perspective of practice for pupils. Thus, the evaluation framework of pupils' CT is worth exploring.

Intended Outcomes: A CT evaluation framework for evaluating pupils' CT in problem-solving situations in classroom learning was constructed to facilitate researchers' understanding of pupils' CT levels and problem-solving skills.

Application Design: In this study, data from 897 pupils in the fifth and sixth grades were collected using an online questionnaire that included 27 items about CT. Exploratory factor analysis (EFA), confirmatory factor analysis (CFA), and item analysis were conducted to analyze the data in this study, with 17 items remaining in the final evaluation framework.

Findings: The fitting validity, convergence validity, and discriminant validity all met the recommended criteria, which showed that the evaluation framework was effective. The total reliability of CT was 0.911, indicating that the consistency and reliability of the evaluation framework constructed in this study were satisfied.",wos,llm,0.930,unreviewed,
discarded,How Players Develop Computational Thinking While Modeling Character Behaviors in Gameplay,"Pinto, Valeria Moreira; Seica, Mariana; Roque, Licinio",2024,"VIDEOGAME SCIENCES AND ARTS, VJ 2023",10.1007/978-3-031-51452-4_9,https://www.webofscience.com/wos/woscc/full-record/WOS:001258743700009,adjacent-subtopic,"In this work we explore the potential of using a Petri Nets inspired graphic interface supporting a character action modeling mechanic to develop computational thinking skills in a game-based learning environment. We conceived a proof-of-concept paper prototype as a probe to perform gameplay rehearsals and distill insights on how young players would appropriate it. A qualitative research approach was used to study gameplay sessions and semi-structured interviews, coding player actions and dialogue. We were able to gain insights on how the design of the game components and its mechanics mimicking Petri Nets provided an accessible way for players to perform the game activities by modeling behaviors of game characters. The integration of an interface design for action modeling inspired by Petri Nets and the use of symbols for encoding conditions, actions and outcomes, allowed players to model complex sequences of behavior, recognize patterns, decompose in-game activities, and work with abstractions such as conditions, consequences and steps. This enabled players' articulation of cause-and-effect relationships, leading to the consolidation of computational thinking skills. This work provides insights for exploring similar design patterns in gameplay to enhance Computational Thinking.",wos,llm,0.830,unreviewed,
discarded,Role of creative self-efficacy and perceived creativity as predictors of mathematical creative thinking: Mediating role of computational thinking,"Suherman, Suherman; Vidakoich, Tibor",2024,THINKING SKILLS AND CREATIVITY,10.1016/j.tsc.2024.101591,https://www.webofscience.com/wos/woscc/full-record/WOS:001271632700001,adjacent-subtopic,"In the field of education, research has consistently emphasized mathematical creative thinking as a crucial component of 21st-century skills. Thus, this cross-sectional study examines the predictors of such thinking by specifically focusing on the roles of perceived creativity, creative selfefficacy, and computational thinking. The participants consisted of 896 secondary school students (52.9 % female; 47.1 % male) in Indonesia who were asked to complete a series of online questionnaires and tests. For analysis, structural equation modeling was employed, demonstrating satisfactory construct validity and instrument reliability. Based on the results, there was a positive association between computational thinking and mathematical creative thinking. In addition, perceived creativity had a positive impact on mathematical creative thinking, whereas creative self-efficacy showed a negative association. As for the empirical model, it revealed that computational thinking plays a mediating role, connecting perceived creativity and creative self-efficacy to mathematical creative thinking. The findings suggest that incorporating these skills and related variables into the mathematics curriculums in schools is essential for preparing students for success in the 21st century.",wos,llm,0.880,unreviewed,
discarded,Comparative multi-objective optimization using neural networks for ejector refrigeration systems with LiBr and LiCl working agents,"Khanmohammadi, Shoaib; Ahmadi, Pouria; Jahangiri, Ali; Izadi, Ali; Tariq, Rasikh",2024,CASE STUDIES IN THERMAL ENGINEERING,10.1016/j.csite.2024.104660,https://www.webofscience.com/wos/woscc/full-record/WOS:001257104600001,off-topic-false-hit,"Education's evolution in the context of energy systems is essential for addressing sustainable energy challenges and developing a workforce equipped for future innovations, emphasizing both formal curricula and informal lifelong learning through successful energy case studies. As the global energy sector transforms to reduce carbon emissions and reliance on fossil fuels, innovations in renewable technologies like solar thermal are pivotal for promoting energy security and economic stability, supported by an educational foundation that fosters awareness and technical skills for sustainable development. Exposure to successful renewable energy systems, such as solar -powered refrigeration, offers an informal educational experience that enhances understanding and supports global educational goals, initiating with the innovative design and optimization of these systems using artificial intelligence (neural networks). Based on this formulation, the current article developed two sustainable energy systems by comparing the refrigeration cycles with two different operating fluids and various arrangements, and multi -objective optimization with an evolutionary genetic algorithm is performed for the proposed systems. The studied systems are refrigeration cycles using an ejector and without an ejector with two working fluids of lithium bromide and lithium chloride. The present work's main aim is to examine the working fluid and refrigeration system arrangements. Energy and economic modeling were performed for the proposed systems, and then parametric analysis and two -objective optimization were extracted. Parameters such as generator temperature, condenser temperature, absorber temperature, and evaporator temperature, which significantly impact the proposed system's performance, have been selected as decision parameters, and parametric analysis has been extracted for them. In addition to the mentioned parameters, diffusion mixing efficiency, nozzle efficiency, and heat exchanger have also been studied in the ejector asset system. To find the best values of decision variables, multi -objective optimization for both arrangements is conducted, and results are presented. The results have indicated that the refrigeration system using lithium chloride working fluid without an ejector achieves a coefficient of performance of 0.766 and a cost of 0.922 $/h at the optimal point, while the system with an ejector yields a higher coefficient of performance (1.047) and a slightly lower cost rate (0.991 $/h). The outcomes of this work can play a critical role for higher education institutions in advancing innovative solutions to pressing energy challenges. Lifelong learning, at the heart of educational innovation, can benefit from the integration of sustainable energy systems as a core component of informal education through the optimization of ejector refrigeration systems.",wos,llm,0.990,unreviewed,
kept,"Complex Problem Solving as a Construct of Inquiry, Computational Thinking and Mathematical Problem Solving",Margus Pedaste; Tauno Palts; Külli Kori; Maarja Sõrmus; Äli Leijen,2019,2019 IEEE 19th International Conference on Advanced Learning Technologies (ICALT),10.1109/ICALT.2019.00071,https://ieeexplore.ieee.org/document/8820852/,qualifies-claim,"Complex problem solving is one of the key skills for future jobs, but it has not been clearly operationalized. We hypothesized that it is a construct of inquiry, computational thinking, and mathematical problem solving. The hypothesis was empirically tested by administering tests to 261 high school students for assessing three inquiry skills, two dimensions of computational thinking and five mathematical problem solving skills. Confirmatory factor analysis showed a three factor model of inquiry skills and two factor model of computational thinking skills to have a good fit. Mathematical problem solving skills were characterized with a two factor model. These factors were combined in a higher-order factor model into one construct that could be defined as a complex problem solving skill.",ieee,llm,0.780,unreviewed,
kept,Exploring Computational Thinking Skills in 3D Printing: A Data Analysis of an Online Makerspace,Christos Chytas; Alexandros Tsilingiris; Ira Diethelm,2019,2019 IEEE Global Engineering Education Conference (EDUCON),10.1109/EDUCON.2019.8725202,https://ieeexplore.ieee.org/document/8725202/,supports-claim,"Nowadays, the ability to code is becoming increasingly important in industry and is often mentioned as a crucial skill for future employment. In maker culture, the ability to program along with other technical skills often exceeds this limitation and also includes fun activities through personally fabricated projects. In this paper, we examine computational design projects that are intended to be 3D printed and could potentially introduce coding learning actions. To find computationally rich designs that are appealing to learners, we conducted data analysis on an online makerspace which exploits computational design tools for personal fabrication. We found the most liked designs of the online makerspace and examined which of them included programming features (iterations, conditional statements and functions/modules) and could foster computational thinking elements such as abstract and algorithmic thinking, pattern recognition, and decomposition. The most liked category of designs was Figures (of animals and popular animation characters among other things) which surprisingly often also included programming features. We discuss the implications of our research for technologists, academics and teachers who wish to include 3D modeling and printing in coding learning activities.",ieee,llm,0.800,unreviewed,
