status,title,authors,year,venue,doi,url,tags,abstract,provider,decision_source,llm_confidence,llm_review_outcome,llm_change_direction
discarded,Authink: an inclusive Educational Tool to develop Computational Thinking in Students with Autism,Maria Dias; Cristiana Araújo; Pedro Rangel Henriques,2025,2025 International Symposium on Computers in Education (SIIE),10.1109/SIIE68580.2025.11368417,https://ieeexplore.ieee.org/document/11368417/,adjacent-subtopic,"Despite the growing emphasis on Computational Thinking (CT) as a foundational skill for all students, there is a notable lack of inclusive digital resources tailored to the needs of learners with Autism Spectrum Disorder (ASD). This study addresses that gap by introducing Authink, a web-based, gamelike application that provides challenges inspired by daily routines, and features sensory customization, multimodal feedback, designed to support CT development in students with ASD. The goal of this study was to assess the accessibility, usability, and pedagogical effectiveness of Authink in inclusive school contexts. A pilot study was conducted with three students with ASD (ages 10 – 14), involving a pre-test and post-test based on an adapted version of the BCTt (Computational Thinking Test), observational data during gameplay, and a usability questionnaire. Results showed gains in CT performance in two of the three participants, along with a high level of engagement and acceptance across the group. Students particularly valued the customizable interface and the real-time visual guidance feature, which helped them plan and debug their solutions more effectively. We conclude that Authink is a promising, scalable contribution to technologymediated inclusive education, and future work will aim to validate these findings with larger and more diverse populations.",ieee,llm,0.850,unreviewed,
kept,"Computational Thinking Test for Lower Primary Students: Design Principles, Content Validation, and Pilot Testing",Shuhan Zhang; Gary K. W. Wong; Guangrong Pan,2021,"2021 IEEE International Conference on Engineering, Technology & Education (TALE)",10.1109/TALE52509.2021.9678852,https://ieeexplore.ieee.org/document/9678852/,supports-claim,"Computational Thinking (CT) is an essential skill in digital society. With the growing momentum in integrating CT into K-12 education, a higher need can be seen in developing proper assessment tools to measure what students have learned about CT. Although numerous attempts have been made to design CT assessment tools, there is a scarcity of well-validated tests for summative assessment aimed at lower primary students. To bridge this gap, we designed the Computational Thinking Test for Lower Primacy (CTt-LP), targeting students aged 6–8. This study presents the test design, content validation, and pilot testing. For test design, Evidence-Centered Design (ECD) was applied, and four constructs were selected. A total of 30 items were designed, after which content validation was performed via expert judgement and cognitive interviews with students. Revisions were made based on the validation results. The pilot testing was conducted in a public primary school in northern China, with 72 participants from Grade 2. Results indicate that the test is balanced regarding the difficulty level for the target group. Item analysis was conducted for each item, based on which decisions about the refinement of the test were made. Directions for future research are discussed.",ieee,llm,0.940,unreviewed,
kept,A practical research on the training of middle school students' computational thinking based on problem solving in systematic information process view,Miaomiao Zhao; Weixing Hu,2022,"2022 3rd International Conference on Education, Knowledge and Information Management (ICEKIM)",10.1109/ICEKIM55072.2022.00225,https://ieeexplore.ieee.org/document/10027412/,supports-claim,"Computational thinking is the process sequence of solving problems and behaves a method of systematic solving problems. Computational thinking is essentially a view of systematic information processing process. In essence, developing the computational thinking of middle school students is to improve their problem-solving ability and the corresponding practical accomplishment. The instructional activity design based on six links of problem solving can well meet the need of cultivating students’ computational thinking. The instructional mode of systematic problem solving in middle school can improve students’ learning effects and satisfaction, and promote students’ computational thinking ability significantly. The method of systematic information processing process can be trained.",ieee,llm,0.760,unreviewed,
kept,A Guide Towards a Definition of Computational Thinking in K-12,Redar Ismail; Theresa A. Steinbach; Craig S. Miller,2022,2022 IEEE Global Engineering Education Conference (EDUCON),10.1109/EDUCON52537.2022.9766703,https://ieeexplore.ieee.org/document/9766703/,supports-claim,"Computational thinking (CT) has been described as a set of valuable skills for tackling complex problems. To foster CT among K-12 students, different initiatives have been introduced by governmental and non-governmental entities, and numerous studies have been carried out by researchers to define and integrate CT into school curriculum. However, previous studies has shown little agreement among researchers, governmental and non-governmental sectors about a unified CT definition. These dissensions have introduced challenges in formulating a definition for CT at the K-12 level. The absence of a unified definition may increase the challenges for teachers to teach and integrate CT into school curriculum. To foster CT among K-12 students, we introduce a definition and framework for CT. We evaluated 39 articles and extracted the most common elements used in the literature to frame CT definition and describe its elements. Several studies have discussed, as well as investigated, the significance of conceptualizing and comprehending the interaction and dependency relationships among computational objects. However, our literature review discovered that little attention has been dedicated to the concept of dependency in the CT body of knowledge. Based on the literature review, we define CT as the thought process used for solving problems, and it encompasses the elements of problem decomposition, abstraction, and algorithmic thinking. We conjecture the CT definition is missing the element of dependency. In the context of CT, we define dependency as the knowledge of comprehending the interrelationships between different sections of a decomposed problem.",ieee,llm,0.990,unreviewed,
discarded,Integrating Computational Thinking into Learning Physics from the Perspective of Big Data Analytics,Erh-Ya Wen; Yu-Ling Lu,2025,"2025 IEEE International Conference on Computation, Big-Data and Engineering (ICCBE)",10.1109/ICCBE65177.2025.11255683,https://ieeexplore.ieee.org/document/11255683/,adjacent-subtopic,"In this study, we integrated computational thinking (CT) into physics teaching materials using big data big analysis to explore the impact of CT elements on students' learning abilities. Physics is a crucial subject in elementary school science curriculum. However, research on the incorporation of CT into physics with big data analysis remains limited. Therefore, we investigated how CT elements in physics education affect students' CT abilities. The participants were 477 fifth-grade students from a public elementary school in Taiwan. To avoid instructional bias, we employed two types of teaching materials: artificial intelligence-assisted material (n = 239) and teacher-developed material (n = 238), incorporating CT into physics problems in a six-week instructional experiment. The study employed a CT ability assessment to evaluate students' performance. The K-means clustering algorithm was used to categorize students' scores into high, middle, and low progress groups. ANOVA was used to analyze the differences among the three improvement groups, and the J48 decision tree was employed to examine CT improvement patterns. Students in different groups showed significant differences in their improvement scores for the CT elements: ""decomposition"", ""generalization"", and ""sequencing"". Post hoc analysis results revealed a decreasing trend in ""decomposition"" and ""sequencing"" in the following pattern: high progress group score > middle progress group score > low progress group score. For ""generalization"", high progress group score = middle progress group score > low progress group score. The accuracy of the models to discern students using generative AI-assisted material for CT, teacher-developed material, and overall students exceeded 80%. The area under the receiver operating characteristic curve was above 0.85, and the F1 score was 0.80, indicating strong predictive performance. ""Generalization"" and ""decomposition"" were the most critical CT elements influencing students’ CT skill development. The combined results of the generative AI-assisted material group, the teacher-developed material group, and the overall student group indicated that ""generalization"" and ""decomposition"" were the primary elements influencing improvements in CT skills. Students with different levels of CT skill require support in different CT elements. Students with moderate to high CT skills need to improve their overall CT competence by enhancing ""generalization"" and ""decomposition"" abilities. Conversely, students with weaker CT skills need to strengthen their ""sequencing"" ability. Therefore, designing differentiated instructional strategies is required to target specific CT elements based on students’ skill levels to enhance their problem-solving ability. These results serve as a reference for future research on enhancing computational thinking performance and provide a basis for the future integration of CT into science education.",ieee,llm,0.840,unreviewed,
discarded,An Experience Report on Teaching Programming and Computational Thinking to Elementary Level Children Using Lego Robotics Education Kit,Vidushi Chaudhary; Vishnu Agrawal; Pragya Sureka; Ashish Sureka,2016,2016 IEEE Eighth International Conference on Technology for Education (T4E),10.1109/T4E.2016.016,https://ieeexplore.ieee.org/document/7814791/,adjacent-subtopic,"We present our approach and experiences in teaching computational thinking, problem solving, team-work and project management skills to several elementary level children using Lego Mindstorms EV3 robotics education kit. We taught students how to design, construct and program robots using components such as motors, sensors, wheels, axles, beams, connectors and gears. Students also gained knowledge on basic programming constructs such as control flow, loops, branches and conditions using a visual programming environment. We carefully observed how students performed various tasks and solved problems. We present experimental results which demonstrates that our teaching methodology consisting of both the course content and pedagogy was useful in imparting the desired skills and knowledge to elementary level children.",ieee,llm,0.860,unreviewed,
discarded,Exploring Computational Thinking Perspectives in Black Communities with Physiological Computing,Myles Lewis; Amanda Holloman; Bryan Y. Hernández Cuevas; Chris Crawford,2024,2024 Black Issues in Computing Education (BICE),10.1109/BICE60192.2024.00013,https://ieeexplore.ieee.org/document/10605886/,adjacent-subtopic,"Physiological computing (PC) technology is becoming increasingly popular as wearable hardware improves. However, little is known regarding potential connections between hands-on experience with physiological computing technology and computation thinking perspectives. This is particularly true for black communities. Applications for physiological computing include systems such as wearable technology (e.g., Apple Watch) capable of mapping students' physiological activity to various outputs. The work discussed in this paper presents our initial steps toward filling these gaps. In particular, we share our observations of computational thinking perspectives that emerged while black high school students constructed simple programs driven by near real-time brain wave information. Our findings suggest interactive physiological data may lead to unique computational perspectives during learning activities.",ieee,llm,0.870,unreviewed,
discarded,Enhancing Confidence in Using Computational Thinking Skills via Playing a Serious Game: A Case Study to Increase Motivation in Learning Computer Programming,Cagin Kazimoglu,2020,IEEE Access,10.1109/ACCESS.2020.3043278,https://ieeexplore.ieee.org/document/9286386/,adjacent-subtopic,"Computer Science (CS) is a profession that positively impacts every single area of society without which today's world would come to a complete halt. Yet, there is a consensus that CS has serious conundrums particularly in attracting students, low motivation for learning computer programming and developing computational thinking (CT) skills. New motivational methods are needed to take the attention of students and adapt to their learning patterns as how people learn have changed drastically over the last two decades. To address these issues, video games and video game-based tools are proposed as a primary approach for motivating and supporting students in developing their skills in CT and support their learning of introductory programming. This research is concerned with the capture of statistical evidence on the educational effectiveness of playing a serious game specifically designed to enhance the development of CT skills to facilitate learning introductory computer programming. A total of 190 students were invited to participate in a quasi-experimental pre-post study for the purpose of analyzing the impact of an adhoc game on students' confidence in learning programming constructs and using their skills in CT. All students were studying a CS degree at the time and they were all registered to a first-year computer programming course. 151 out of 190 students successfully completed the study and the findings suggest that a) the intrinsic motivation to learn programming; b) students' perception of their knowledge and their tangible knowledge in key programming constructs (i.e. programming sequence, methods, decision making and loops); and c) students' confidence in using their CT skills were all statistically and significantly improved after playing the game. Additionally, students perceived computer programming significantly less difficult in their post study responses when compared to their pre study responses.",ieee,llm,0.880,unreviewed,
discarded,WIP: Supporting Student Understanding of Finite Element Analysis and Computational Science: Classroom Scaffolding and ChatGPT,Jose L. De La Hoz; David Restrepo; Camilo Vieira,2024,2024 IEEE Frontiers in Education Conference (FIE),10.1109/FIE61694.2024.10893514,https://ieeexplore.ieee.org/document/10893514/,adjacent-subtopic,"This work-in-progress research paper presents the preliminary results of a study exploring the effectiveness of using computational notebooks to enhance student learning in a Finite Element Analysis (FEA) course for undergraduate Mechanical Engineering students. Our previous work has shown that students often face difficulties in grasping abstract concepts from mechanics of materials while simultaneously learning computational modeling. However, students recognized several advantages of using MATLAB for FEA compared to manual calculations, including significant time savings, increased efficiency, and reduced errors. Nevertheless, they also faced challenges, including a steep learning curve for MATLAB and concerns about how this limitation hinders their conceptual understanding. Despite these drawbacks, they recognized the importance and value of developing computational skills for their future careers. In this study, we extended the scaffolds and changed the sequence of activities to address the challenges the students faced in the previous iteration of our work. Specifically, we provided worked examples that students needed to use, self-explain, and modify before they engaged in programming from scratch. Also, after developing a basic understanding of how to implement FEA in MATLAB, the students used ChatGPT to generate a code that would do the same task. This activity required them to evaluate and refine automatically generated MATLAB code, as ChatGPT may provide alternative solutions that might not always work correctly. We explore three main topics to understand student experiences with and perceptions of this approach: (1) the value of using computational methods compared to manual completion for FEA; (2) the challenges and support of using MATLAB for FEA; and (3) the effectiveness of simulation tools to learn FEA. The goal of this project is two-fold: (1) supporting student learning of intricate phenomena explored in mechanics of materials, like distribution of stress, and stiffness, and (2) fostering essential computational thinking skills through practical disciplinary coding experience. By implementing these elements, the study anticipates a substantial improvement in students' understanding of FEA principles and their ability to translate them into solutions for real-world engineering challenges.",ieee,llm,0.970,unreviewed,
discarded,Assessing primary school students' intrinsic motivation of computational thinking,Shan Jiang; Gary K.W. Wong,2017,"2017 IEEE 6th International Conference on Teaching, Assessment, and Learning for Engineering (TALE)",10.1109/TALE.2017.8252381,https://ieeexplore.ieee.org/document/8252381/,adjacent-subtopic,"Intrinsic Motivation Inventory is a self-report instrument used to assess participants' experience regarding a particular activity. This paper examined the psychometric properties of a revised Intrinsic Motivation Inventory in the context of computational thinking learning. A total of 400 students from 4th grade participated in the pilot study. The revised instrument measured students' intrinsic motivation from four dimensions: interest/enjoyment, perceived competence, value/usefulness, and relatedness. The main findings of the study are twofold: (1) primary school students showed moderate to high motivation to learn computational thinking through programming and CS Unplugged; (2) factor analysis revealed that single factor model and multifactor model had good fit indices. However, discriminant validity of multifactor model was poor, suggesting the existence of a general factor.",ieee,llm,0.960,unreviewed,
kept,Exploring The Psychometric Properties of Computational Thinking Assessment in Introductory Programming,Yeni Anistyasari; Ekohariadi Ekohariadi; I. G. P Asto Buditjahjanto; Shintami C Hidayati,2021,2021 International e-Engineering Education Services Conference (e-Engineering),10.1109/e-Engineering47629.2021.9470593,https://ieeexplore.ieee.org/document/9470593/,supports-claim,"Computational thinking (CT) is considered as the skill of 21st century. The fundamental CT concepts include abstraction, algorithm design, decomposition, pattern recognition, and data representation or generalization. CT assessment is required to improve the understanding of the cognitive abilities and to relate them in related areas, such as introductory programming in computer science. Assessing computational thinking skills however is a challenging issue since it measures latent variables that cannot be directly observed. In addition, according to psychometrics, appropriate test requires a validation process before it can be effectively used as a measuring instrument. Thus, high quality tools for measuring student learning in Introductory Programming have been under-developed and under-researched. The objective of this work is to determine the psychometric properties (item validity, reliability, discrimination, difficulty, and distractors) of the developed multiple-choice questions of computational thinking in introductory programming by exploring classical test theory and item response theory which has not been deeply investigated by previous studies. The analysis results reveal that most of items are valid and the items are generally adequate reliable. In spite of the fact that some items are suggested to be revised since the item discrimination values, the distribution of difficulties, and distractor points are less than the expected threshold.",ieee,llm,0.850,unreviewed,
discarded,Computational Thinking (CT) and Rebel game Design: CT in health games,HC Lim,2017,2017 IEEE 5th International Conference on Serious Games and Applications for Health (SeGAH),10.1109/SeGAH.2017.7939263,https://ieeexplore.ieee.org/document/7939263/,adjacent-subtopic,"Game-based learning (GBL) is a popular innovative pedagogical framework for developing Computational Thinking (CT) skills. The base idea is to use games to help create awareness and generated needed CT skills and abilities; in short, it is “games for CT” approach. This is however, one part of the equation for understanding and developing CT in our modern digital age. The other part of the equation lies in using “CT for games”. This paper addresses this perspective to aid in the understanding and framing of the elusive CT concept. In “CT for games”, this paper highlights and draws attention to using CT for developing games instead of using games to develop CT. The core contributions of the paper are a “CT for games” proposed framework; selected variants of health games and observations of “Rebel Design”. Readers can benefit from a perspective with a different focus and increase awareness and understanding of CT with the hope of grooming future leaders with required CT problem-solving skills and abilities and applying “Rebel Design” for games.",ieee,llm,0.720,unreviewed,
