status,title,authors,year,venue,doi,url,tags,abstract,provider,decision_source,llm_confidence,llm_review_outcome,llm_change_direction
discarded,Reporting of Patient-Reported Outcomes in Randomized Trials,Melanie Calvert; Jane Blazeby; Douglas G. Altman; Dennis A. Revicki; David Moher; Michael Brundage; for the CONSORT Group,2013,JAMA,10.1001/jama.2013.879,https://openalex.org/W2070309415,off-topic-false-hit,"The CONSORT (Consolidated Standards of Reporting Trials) Statement aims to improve the reporting of randomized controlled trials (RCTs); however, it lacks guidance on the reporting of patient-reported outcomes (PROs), which are often inadequately reported in trials, thus limiting the value of these data. In this article, we describe the development of the CONSORT PRO extension based on the methodological framework for guideline development proposed by the Enhancing the Quality and Transparency of Health Research (EQUATOR) Network. Five CONSORT PRO checklist items are recommended for RCTs in which PROs are primary or important secondary end points. These recommendations urge that the PROs be identified as a primary or secondary outcome in the abstract, that a description of the hypothesis of the PROs and relevant domains be provided (ie, if a multidimensional PRO tool has been used), that evidence of the PRO instrument's validity and reliability be provided or cited, that the statistical approaches for dealing with missing data be explicitly stated, and that PRO-specific limitations of study findings and generalizability of results to other populations and clinical practice be discussed. Examples and an updated CONSORT flow diagram with PRO items are provided. It is recommended that the CONSORT PRO guidance supplement the standard CONSORT guidelines for reporting RCTs with PROs as primary or secondary outcomes. Improved reporting of PRO data should facilitate robust interpretation of the results from RCTs and inform patient care.",openalex,llm,1.000,unreviewed,
discarded,Plantwide control: the search for the self-optimizing control structure,Sigurd Skogestad,2000,Journal of Process Control,10.1016/s0959-1524(00)00023-8,https://openalex.org/W3023756109,off-topic-false-hit,"Plantwide control is concerned with the structural decisions involved in the control system design of a chemical plant (C.S. Foss, Critique of chemical process control theory, AIChE Journal 19(2), 1973) 209-214; ""Which variables should be controlled, which variables should be measured, which inputs should be manipulated, and which links should be made between them?"" In particular, the first issue about which variables to control has received little attention. It is argued that the answer is related to finding a simple and robust way of implementing the economically optimal operating policy. The goal is to fmd a set of controlled variables which, when kept at constant setpoints, indirectly lead to near-optimal operation with acceptable loss. This is denoted ""self-optimizing"" control. Since the economics are determined by the overall plant behavior, it is necessary to take a plantwide perspective. A systematic procedure for finding suitable controlled variables based on only steady-state information is presented. Important steps are degree of freedom analysis, definition of optimal operation (cost and constraints), and evaluation of the loss when the controlled variables are kept constant rather than optimally adjusted. A case study yields very interesting insights into the control and maximum throughput of distillation columns. (C) 2000 Elsevier Science Ltd. All rights reserved.",openalex,llm,0.990,unreviewed,
discarded,The critiques and criticisms of positive psychology: a systematic review,Llewellyn E. van Zyl; Jaclyn Gaffaney; Leoni van der Vaart; Bryan J. Dik; Stewart I. Donaldson,2023,The Journal of Positive Psychology,10.1080/17439760.2023.2178956,https://openalex.org/W4321605637,off-topic-false-hit,"The purpose of this systematic literature review was to explore the current critiques and criticisms of positive psychology and to provide a consolidated view of the main challenges facing the third wave of research. The review identified 32 records that posed 117 unique criticisms and critiques of various areas of the discipline. These could be grouped into 21 categories through conventional content analysis, culminating in six overarching themes or ‘broad criticisms/critiques’. The findings suggested that positive psychology (a) lacked proper theorizing and conceptual thinking, (b) was problematic as far as measurement and methodologies were concerned, (c) was seen as a pseudoscience that lacked evidence and had poor replication, (d) lacked novelty and self-isolated itself from mainstream psychology, (e) was a decontextualized neoliberalist ideology that caused harm, and (f) was a capitalistic venture. We briefly reflect on the findings and highlight the opportunities these criticisms and critiques present.",openalex,llm,1.000,unreviewed,
discarded,A Sufficient Condition for Backtrack-Free Search,Eugene C. Freuder,1982,Journal of the ACM,10.1145/322290.322292,https://openalex.org/W2002478775,adjacent-subtopic,"A constraint satisfaction problem revolves finding values for a set of variables subject to a set of constraints (relations) on those variables Backtrack search is often used to solve such problems. A relationship involving the structure of the constraints is described which characterizes to some degree the extreme case of mimmum backtracking (none) The relationship involves a concept called ""width,"" which may provide some guidance in the representation of constraint satisfaction problems and the order m which they are searched The width concept is studied and applied, in particular, to constraints which form tree structures.",openalex,llm,0.900,unreviewed,
discarded,Reporting of Noninferiority and Equivalence Randomized Trials,Gilda Piaggio; Diana R Elbourne; Douglas G. Altman; Stuart Pocock; Stephen Evans; for the CONSORT Group,2006,JAMA,10.1001/jama.295.10.1152,https://openalex.org/W2186657631,off-topic-false-hit,"The CONSORT (Consolidated Standards of Reporting Trials) Statement, including a checklist and a flow diagram, was developed to help authors improve their reporting of randomized controlled trials. Its primary focus was on individually randomized trials with 2 parallel groups that assess the possible superiority of one treatment compared with another but is now being extended to other trial designs. Noninferiority and equivalence trials have methodological features that differ from superiority trials and present particular difficulties in design, conduct, analysis, and interpretation. Although the rationale for such trials occurs frequently, those designed and described specifically as noninferiority or equivalence trials appear less commonly in the medical literature. The quality of reporting of those that are published is often inadequate. In this article, we present an adapted CONSORT checklist for reporting noninferiority and equivalence trials and provide illustrative examples and explanations for those items amended from the original CONSORT checklist. The intent is to improve reporting of noninferiority and equivalence trials, enabling readers to assess the validity of their results and conclusions.",openalex,llm,1.000,unreviewed,
discarded,Applications and Limitations of Dendrimers in Biomedicine,Adriana Aurelia Chiş; Carmen Maximiliana Dobrea; Claudiu Morgovan; Anca Maria Arseniu; Luca Liviu Rus; Anca Butucă; Anca Maria Juncan; Maria Totan; Andreea Loredana Vonica-Țincu; Gabriela Cormoș; Andrei Cătălin Muntean; Maria-Lucia Mureșan; Felicia Gabriela Gligor; Adina Frum,2020,Molecules,10.3390/molecules25173982,https://openalex.org/W3082905666,off-topic-false-hit,"Biomedicine represents one of the main study areas for dendrimers, which have proven to be valuable both in diagnostics and therapy, due to their capacity for improving solubility, absorption, bioavailability and targeted distribution. Molecular cytotoxicity constitutes a limiting characteristic, especially for cationic and higher-generation dendrimers. Antineoplastic research of dendrimers has been widely developed, and several types of poly(amidoamine) and poly(propylene imine) dendrimer complexes with doxorubicin, paclitaxel, imatinib, sunitinib, cisplatin, melphalan and methotrexate have shown an improvement in comparison with the drug molecule alone. The anti-inflammatory therapy focused on dendrimer complexes of ibuprofen, indomethacin, piroxicam, ketoprofen and diflunisal. In the context of the development of antibiotic-resistant bacterial strains, dendrimer complexes of fluoroquinolones, macrolides, beta-lactamines and aminoglycosides have shown promising effects. Regarding antiviral therapy, studies have been performed to develop dendrimer conjugates with tenofovir, maraviroc, zidovudine, oseltamivir and acyclovir, among others. Furthermore, cardiovascular therapy has strongly addressed dendrimers. Employed in imaging diagnostics, dendrimers reduce the dosage required to obtain images, thus improving the efficiency of radioisotopes. Dendrimers are macromolecular structures with multiple advantages that can suffer modifications depending on the chemical nature of the drug that has to be transported. The results obtained so far encourage the pursuit of new studies.",openalex,llm,1.000,unreviewed,
discarded,Adult learning theories: Implications for learning and teaching in medical education: AMEE Guide No. 83,David Taylor; Hossam Hamdy,2013,Medical Teacher,10.3109/0142159x.2013.828153,https://openalex.org/W2170466219,adjacent-subtopic,"There are many theories that explain how adults learn and each has its own merits. This Guide explains and explores the more commonly used ones and how they can be used to enhance student and faculty learning. The Guide presents a model that combines many of the theories into a flow diagram which can be followed by anyone planning learning. The schema can be used at curriculum planning level, or at the level of individual learning. At each stage of the model, the Guide identifies the responsibilities of both learner and educator. The role of the institution is to ensure that the time and resources are available to allow effective learning to happen. The Guide is designed for those new to education, in the hope that it can unravel the difficulties in understanding and applying the common learning theories, whilst also creating opportunities for debate as to the best way they should be used.",openalex,llm,0.970,unreviewed,
discarded,A sufficient condition for backtrack-bounded search,Eugene C. Freuder,1985,Journal of the ACM,10.1145/4221.4225,https://openalex.org/W2080192364,adjacent-subtopic,"Backtrack search is often used to solve constraint satisfaction problems. A relationship involving the structure of the constraints is described that provides a bound on the backtracking required to advance deeper into the backtrack tree. This analysis leads to upper bounds on the effort required for solution of a class of constraint satisfaction problems. The solutions involve a combination of relaxation preprocessing and backtrack search. The bounds are expressed in terms of the structure of the constraint connections. Specifically, the effort is shown to have a bound exponential in the size of the largest biconnected component of the constraint graph, as opposed to the size of the graph as a whole.",openalex,llm,0.900,unreviewed,
discarded,PRISMA 2020 and PRISMA-S: common questions on tracking records and the flow diagram,Melissa L. Rethlefsen; Matthew J. Page,2021,Journal of the Medical Library Association JMLA,10.5195/jmla.2022.1449,https://openalex.org/W4225659846,off-topic-false-hit,"The PRISMA 2020 and PRISMA-S guidelines help systematic review teams report their reviews clearly, transparently, and with sufficient detail to enable reproducibility. PRISMA 2020, an updated version of the PRISMA (Preferred Reporting Items for Systematic reviews and Meta-Analyses) statement, is complemented by PRISMA-S, an extension to PRISMA focusing on reporting the search components of systematic reviews. Several significant changes were implemented in PRISMA 2020 and PRISMA-S when compared with the original version of PRISMA in 2009, including the recommendation to report search strategies for all databases, registries, and websites that were searched. PRISMA-S also recommends reporting the number of records identified from each information source. One of the most challenging aspects of the new guidance from both documents has been changes to the flow diagram. In this article, we review some of the common questions about using the PRISMA 2020 flow diagram and tracking records through the systematic review process.",openalex,llm,1.000,unreviewed,
discarded,Criteria for evaluating evidence on public health interventions,Lucie Rychetnik; M Frommer; P Hawe; A Shiell,2002,Journal of Epidemiology & Community Health,10.1136/jech.56.2.119,https://openalex.org/W2125451304,off-topic-false-hit,"Public health interventions tend to be complex, programmatic, and context dependent. The evidence for their effectiveness must be sufficiently comprehensive to encompass that complexity. This paper asks whether and to what extent evaluative research on public health interventions can be adequately appraised by applying well established criteria for judging the quality of evidence in clinical practice. It is adduced that these criteria are useful in evaluating some aspects of evidence. However, there are other important aspects of evidence on public health interventions that are not covered by the established criteria. The evaluation of evidence must distinguish between the fidelity of the evaluation process in detecting the success or failure of an intervention, and the success or failure of the intervention itself. Moreover, if an intervention is unsuccessful, the evidence should help to determine whether the intervention was inherently faulty (that is, failure of intervention concept or theory), or just badly delivered (failure of implementation). Furthermore, proper interpretation of the evidence depends upon the availability of descriptive information on the intervention and its context, so that the transferability of the evidence can be determined. Study design alone is an inadequate marker of evidence quality in public health intervention evaluation.",openalex,llm,0.990,unreviewed,
discarded,Global meta-analysis shows pervasive phosphorus limitation of aboveground plant production in natural terrestrial ecosystems,Enqing Hou; Yiqi Luo; Yuanwen Kuang; Chengrong Chen; X. L. Lu; Lifen Jiang; Xianzhen Luo; Dazhi Wen,2020,Nature Communications,10.1038/s41467-020-14492-w,https://openalex.org/W3003821312,off-topic-false-hit,"Phosphorus (P) limitation of aboveground plant production is usually assumed to occur in tropical regions but rarely elsewhere. Here we report that such P limitation is more widespread and much stronger than previously estimated. In our global meta-analysis, almost half (46.2%) of 652 P-addition field experiments reveal a significant P limitation on aboveground plant production. Globally, P additions increase aboveground plant production by 34.9% in natural terrestrial ecosystems, which is 7.0-15.9% higher than previously suggested. In croplands, by contrast, P additions increase aboveground plant production by only 13.9%, probably because of historical fertilizations. The magnitude of P limitation also differs among climate zones and regions, and is driven by climate, ecosystem properties, and fertilization regimes. In addition to confirming that P limitation is widespread in tropical regions, our study demonstrates that P limitation often occurs in other regions. This suggests that previous studies have underestimated the importance of altered P supply on aboveground plant production in natural terrestrial ecosystems.",openalex,llm,1.000,unreviewed,
discarded,Standards of Medical Care in Diabetes—2009,American Diabetes Association,2008,Diabetes Care,10.2337/dc09-s013,https://openalex.org/W2626017884,off-topic-false-hit,Hyperglycemia not sufficient to meet the diagnostic criteria for diabetes is catego-,openalex,llm,1.000,unreviewed,
discarded,STARD 2015 guidelines for reporting diagnostic accuracy studies: explanation and elaboration,Jérémie F. Cohen; Daniël A. Korevaar; Douglas G. Altman; David E. Bruns; Constantine Gatsonis; Lotty Hooft; Les Irwig; Deborah Levine; Johannes B. Reitsma; Henrica C. W. de Vet; Patrick M. Bossuyt,2016,BMJ Open,10.1136/bmjopen-2016-012799,https://openalex.org/W2554140915,off-topic-false-hit,"Diagnostic accuracy studies are, like other clinical studies, at risk of bias due to shortcomings in design and conduct, and the results of a diagnostic accuracy study may not apply to other patient groups and settings. Readers of study reports need to be informed about study design and conduct, in sufficient detail to judge the trustworthiness and applicability of the study findings. The STARD statement (Standards for Reporting of Diagnostic Accuracy Studies) was developed to improve the completeness and transparency of reports of diagnostic accuracy studies. STARD contains a list of essential items that can be used as a checklist, by authors, reviewers and other readers, to ensure that a report of a diagnostic accuracy study contains the necessary information. STARD was recently updated. All updated STARD materials, including the checklist, are available at http://www.equator-network.org/reporting-guidelines/stard Here, we present the STARD 2015 explanation and elaboration document. Through commented examples of appropriate reporting, we clarify the rationale for each of the 30 items on the STARD 2015 checklist, and describe what is expected from authors in developing sufficiently informative study reports.",openalex,llm,1.000,unreviewed,
discarded,Fungal Co-infections Associated with Global COVID-19 Pandemic: A Clinical and Diagnostic Perspective from China,Ge Song; Guanzhao Liang; Weida Liu,2020,Mycopathologia,10.1007/s11046-020-00462-9,https://openalex.org/W3046718123,off-topic-false-hit,"Coronavirus disease 2019 (COVID-19), caused by severe acute respiratory syndrome coronavirus 2 (SARS-CoV-2), has been sweeping across the globe. Based on a retrospective analysis of SARS and influenza data from China and worldwide, we surmise that the fungal co-infections associated with global COVID-19 might be missed or misdiagnosed. Although there are few publications, COVID-19 patients, especially severely ill or immunocompromised, have a higher probability of suffering from invasive mycoses. Aspergillus and Candida infections in COVID-19 patients will require early detection by a comprehensive diagnostic intervention (histopathology, direct microscopic examination, culture, (1,3)-β-d-glucan, galactomannan, and PCR-based assays) to ensure effective treatments. We suggest it is prudent to assess the risk factors, the types of invasive mycosis, the strengths and limitations of diagnostic methods, clinical settings, and the need for standard or individualized treatment in COVID-19 patients. We provide a clinical flow diagram to assist the clinicians and laboratory experts in the management of aspergillosis, candidiasis, mucormycosis, or cryptococcosis as co-morbidities in COVID-19 patients.",openalex,llm,1.000,unreviewed,
