status,title,authors,year,venue,doi,url,tags,abstract,provider,decision_source,llm_confidence,llm_review_outcome,llm_change_direction
discarded,Effectiveness of a competence-and game-based learning environment using a digital educational escape room for promoting cybersecurity competence in apprentices,"Keller, Thomas",2026,COMPUTERS & SECURITY,10.1016/j.cose.2026.105120,https://www.webofscience.com/wos/woscc/full-record/WOS:001856982200001,off-topic-false-hit,"Human behavior remains a primary attack surface in everyday cybersecurity incidents, as employees make fast, routine decisions when using digital tools, communicating, and handling sensitive information in technology-rich workplaces, making cybersecurity competence (CSC) a foundational workplace capability. To foster CSC, technology-mediated training needs to go beyond awareness and enable practice in recognizing, evaluating, and responding to security-relevant situations in realistic, interactive scenarios, particularly at career entry points in vocational education and training (VET) when routines and mental models are still forming. Organizations therefore increasingly use game-based security education, training, and awareness (SETA) programs such as digital educational escape rooms (DEERs), yet longitudinal evidence for sustained CSC gains is scarce. The present study addresses this gap by evaluating a competence-and game-based learning environment using a DEER in a cluster-randomized controlled trial with VET apprentices (N = 154). CSC was assessed at three time points using a validated situational judgment test, with intervention effects analyzed through a latent change score model. The intervention group started higher in latent CSC at pretest (b = 0.71, p = .023, beta = .23) and showed a substantially larger short-term gain from pretest to posttest than the control group (b = 1.97, p < .001, beta = .66). From posttest to follow-up, this advantage attenuated significantly (b = -0.96, p = .028, beta = -.40). The findings suggest that the competence-and game-based learning environment using a DEER provides a promising, practice-oriented SETA format for VET, while underscoring the need for booster sessions and transfer-focused practice to ensure long-term effects.",wos,llm,0.990,unreviewed,
kept,Notional Machines: Retrieving Background Practices of Perception and Action,"Tenenberg, Josh",2026,ACM TRANSACTIONS ON COMPUTING EDUCATION,10.1145/3688390,https://www.webofscience.com/wos/woscc/full-record/WOS:001853613100001,qualifies-claim,"Notional machines have figured historically in many discussions in computing education. Under a common view in the computing education literature based on classical cognitive science, notional machines play a critical pedagogical role when they are brought into a student's mind as mental models. A mental model simplifies the phenomenon that it models and is correct to the extent that it corresponds to the modeled phenomenon. Such mental models of the notional machine are viewed as necessary for the student to program computers. In this article, I argue that this classical cognitive science view overlooks two key aspects of human cognition that are brought to the forefront in ""second generation"" cognitive science and recent philosophy of knowledge and language. The first is the importance of embodied perception and action to ground the meaning of language and thought. In particular, models are representational not only due to their simplification and correspondence to what they model but also require embodied representational practices by which these correspondences are constituted. The second concerns the way that these embodied practices can be sufficiently educated so that they withdraw into an unnoticed background so that reflective reasoning is not always required for skilled action. This article thus advocates a shift in pedagogical attention from the inner aspect of student mentality to the external aspect of embodied interaction between student and notional machine. This leads to a focus on the background practices by which notional machines are intelligible as models of computation and explicitly teaching these practices so that students can better leverage the benefits of notional machines to learn how to program a computer.",wos,llm,0.790,unreviewed,
kept,Computing Education's Superbug: Interrogating the Computer-Mind Metaphors,"Tenenberg, Josh",2026,ACM TRANSACTIONS ON COMPUTING EDUCATION,10.1145/3769856,https://www.webofscience.com/wos/woscc/full-record/WOS:001853617200001,qualifies-claim,"In one of the significant results from early computing education research, Pea identifies a computer-as-mind metaphor that novices use in ascribing mental properties of personhood to the computer, which causes students considerable conceptual confusion. In characterizing this as students' superbug, Pea uses a mind-as-computer metaphor, the converse metaphor to the one that students use. In doing so, he makes visible a metaphor that has become one of the predominant metaphors of mind in mid-to late-20th century theorizing in psychology and the cognitive sciences. I take both of these metaphors (computer-as-mind and mind-as-computer) to be the superbug that plagues not only student attempts to program but also computing education more broadly. The purpose of this article is to argue that these computer-mind metaphors are a steady undercurrent that runs from the cognitive sciences through computing education and the research on it, what is problematic about these metaphors, what causes this metaphorical affliction, why we might want to cure ourselves from it, and how we can do so. Key to this cure is to counter disembodied views of human reasoning and action, epitomized in first generation cognitive science, with embodied and enactive theoretical perspectives, epitomized in second generation cognitive science and in multimodal and embodied approaches to the social sciences.",wos,llm,0.810,unreviewed,
kept,Program Behavior Gaps: An Extension of the Rules of Program Behavior Framework,"Hoobergs, Jesse; Schrijvers, Tom; Hermans, Felienne",2026,ACM TRANSACTIONS ON COMPUTING EDUCATION,10.1145/3796523,https://www.webofscience.com/wos/woscc/full-record/WOS:001853611200001,supports-claim,"The Rules of Program Behavior framework notes that teachers target a model of program behavior instead of the complex semantics of the programming language, and allows describing these models as sets of rules of program behavior. When learners execute code, its behavior is defined by the semantics of the programming language, which might differ from the targeted model of program behavior. In this article, we present a theoretical framework that builds on the Rules of Program Behavior framework, while giving a more prominent role to the differences between the targeted models and the programming language semantics. We call these differences Program Behavior gaps and distinguish between incompleteness gaps-untaught parts-and conflict gaps-a semantic rule that conflicts with a rule of program behavior-, and between transparent and opaque gaps. Visualizations of the relation between the semantics of the programming language and the targeted model of program behavior are an integral part of our framework as they allow visualizing the gaps that could exist in a code fragment and whether these gaps are activated or not. On top of this, the framework contains clear definitions to distinguish between valid conceptions, misconceptions, missing conceptions, prior conceptions, fluid conceptions and program behavior gaps. The framework can be used to devise programming courses, to investigate the mental model of learners and to make a case for gradually evolving languages that are designed to have fewer program behavior gaps. To illustrate this, we (1) present a real-life progression of models of program behavior and discuss, for this progression, the program behavior gaps in 21 code fragments, and (2) present a study grounded in our theoretical framework in which we determine the mental model of each participant.",wos,llm,0.950,unreviewed,
kept,Learning Support System Visualizing Behavior of Student Program in Object Oriented Language Based on Teacher's Intent of Instruction,"Yamashita, Koichi; Kobayashi, Kenzo; Kokubo, Takuma; Kogure, Satoru; Noguchi, Yasuhiro; Yamamoto, Raiya; Konishi, Tatsuhiro; Itoh, Yukihiro",2025,"33RD INTERNATIONAL CONFERENCE ON COMPUTERS IN EDUCATION CONFERENCE PROCEEDINGS, ICCE 2025, VOL I",,https://www.webofscience.com/wos/woscc/full-record/WOS:001815114100075,supports-claim,"This study describes a learning support system developed by extending a system that visualizes program behavior based on teachers' intent of instruction. The extended system supports functions to visualize concepts specific to object-oriented languages and the behavior of learners' program code. Our system was evaluated based on subjective evaluations by learners in practical classes where it was introduced and implemented, and test results from an evaluation experiment conducted with recruited participants. The evaluation results suggested that although the system's impact was not uniform across all learners, it proved highly effective for students with insufficient understanding of the programs.",wos,llm,0.880,unreviewed,
discarded,Middle School Students' Metaphorical Perceptions of Artificial Intelligence,"Yilmaz, Mehmet Yalcin",2026,ISTANBUL UNIVERSITESI SOSYOLOJI DERGISI-ISTANBUL UNIVERSITY JOURNAL OF SOCIOLOGY,10.26650/SJ.1033,https://www.webofscience.com/wos/woscc/full-record/WOS:001842103300019,off-topic-false-hit,"This study aims to examine middle school students' awareness of artificial intelligence (AI) and their metaphorical perceptions of it. The research was conducted with 88 students enrolled in a middle school in western T & uuml;rkiye. Using a qualitative research design, the study employed content analysis, and students were asked to respond to three questions: Have you ever heard of artificial intelligence?; Artificial intelligence is like ... because ...; and What is the role of artificial intelligence in educational processes? Findings revealed that 82.9% of the students reported prior knowledge of AI, with teachers (25%), family members (21.6%), and the Internet (18.2%) being the main sources of information. Students' metaphorical perceptions were grouped under five themes: mind/brain, machine/technology, helper/supportive element, power/control, and danger/risk.The mostfrequent metaphorwas the brain (27%), followed by robots (19%) and teachers (12%). Overall, students tended to conceptualize AI as a tool that facilitates daily life, accelerates access to information, and supports learning, while fewer associated it with negative connotations, such as dangerous but useful or addictive. The findings indicate that in the Turkish context, students' AI awareness develops mainly through teacher-centered interactions, their understanding is shaped by concrete analogies, and their awareness of the ethical dimensions of AI remains limited. These results suggest that AI literacy programs should include systematic teaching of abstract concepts, address the digital divide, and introduce ethical aspects of AI from early educational stages.",wos,llm,0.990,unreviewed,
discarded,The Environmental Humanities in Japan: A Status Report,"Masami, Yuki",2026,CONCENTRIC-LITERARY AND CULTURAL STUDIES,10.6240/concentric.lit.202603_52(1).0005,https://www.webofscience.com/wos/woscc/full-record/WOS:001839485300005,off-topic-false-hit,"Despite over a decade of individual scholarly engagement with environmental humanities (EH) research and teaching, the field has had no institutionalized programs in Japan until recently. This paper documents the creation of three interconnected initiatives at Aoyama Gakuin University that have elevated the visibility of the EH: the AGU Environmental Humanities Forum (established 2021), an intra-university research unit on more-than-human imagination and narrative (2022-25), and Japan's first EH certificate program for Masters students (launched April 2024). These three initiatives serve the distinct but complementary functions of networking, research, and pedagogy, respectively. A significant barrier to EH's adoption in Japanese higher education is the general perception that environmental topics are overtly political and ideological rather than properly academic. The Forum counters this impression by showing that EH accommodates a wide range of intellectual approaches beyond environmental advocacy. It fosters open debate and collective, slow modes of collaborative scholarship, and seeks to provide a ""safe place for unsafe ideas"" (Gurian). It prefers organic emergence, figured by the spiderweb, over top-down planning (as the umbrella metaphor often suggests). This model of development may provide a useful model for academic cultures where environmental humanities scholarship faces cultural and disciplinary resistance.",wos,llm,0.990,unreviewed,
discarded,Embodied Reading: Enhancing Digital Reading Comprehension Through Lectoentreno System,"Urrutia, Mabel; Villanueva, Michael; Guevara, Pamela; Fuentes, Karina; Salcedo, Pedro; Pino, Esteban; Hecht, Geoffrey",2026,"BIOINSPIRED INTELLIGENT SYSTEMS: FROM ROBOTICS AND COMPUTER VISION TO TRUSTWORTHY APPLICATIONS, IWINAC 2026, PT II",10.1007/978-3-032-27317-8_42,https://www.webofscience.com/wos/woscc/full-record/WOS:001796540500042,off-topic-false-hit,"Purpose: This study presents the design, implementation, and evaluation of Lectoentreno, a web-based software developed to enhance reading comprehension in university students through embodied cognition strategies and text manipulation. The research addresses the global decline in literacy competencies, which is particularly critical in the Chilean context. Methodology: The software architecture follows a Model-View-Controller (MVC) pattern, integrating a Vue.js frontend and a Laravel back-end. A 15 -session intervention program was conducted with university students. The impact was assessed through the System Usability Scale (SUS) and electrophysiological measures, specifically focusing on the modulation of N400 and post-N400 Event-Related Potentials (ERPs) during reading tasks. Results: Quantitative analysis revealed high usability scores (SUS = 89.3 for professors; 81.25 for students). Electrophysiological data indicated that the intervention effectively modulated neural activity in the N400 and post-N400 windows, particularly in conditions requiring high inferential effort. Compared to traditional methods, the experimental group showed more efficient construction and updating of mental models. Conclusion: Lectoentreno proves to be a superior tool for advanced reading instruction by successfully modifying neurocognitive processes associated to reading comprehension. By aligning pedagogical practices with modern neuroscientific evidence, the system provides a robust framework for monitoring student progress and fostering deep learning in higher education.",wos,llm,0.990,unreviewed,
kept,Proposal of an Extended Finite State Machine for Realizing Dialogue in a Program Tracing Exercise System,"Tateiwa, Yuichiro; Mogi, Tomohiro; Tomoto, Takahito; Akakura, Takako",2025,"2025 IEEE INTERNATIONAL CONFERENCE ON TEACHING, ASSESSMENT, AND LEARNING FOR ENGINEERING, TALE","10.1109/TALE66047,2025.11346642",https://www.webofscience.com/wos/woscc/full-record/WOS:001800602200057,supports-claim,"Program tracing tasks prompt learners about program behavior (e.g., the next expression to execute or the values of variables at that point). While the LARC system supports such tasks and presents feedback, authoring new tasks and integrating feedback remain labor-intensive. We formalize the exercise dialogue as an Extended Finite State Machine (EFSM) that is automatically generated from a program's abstract syntax tree and linked to pre-collected feedback data. Each dialogue step becomes a state, and learner inputs drive transitions, enabling systematic management of dialogue history and branching. The approach integrates with existing automatic task generation and feedback mechanisms. In an evaluation with 21 representative textbook programs, the generated EFSMs conducted the intended dialogues correctly given correct learner inputs, demonstrating the feasibility of scaling program tracing exercises.",wos,llm,0.970,unreviewed,
discarded,Making visible the cognitive dimension of instructional program coherence: a two-study investigation using scale validation and structural equation modeling,"Fiegener, Ashlyn M.; Adigun, Olajumoke Beulah; Adams, Curt M.",2026,INTERNATIONAL JOURNAL OF LEADERSHIP IN EDUCATION,10.1080/13603124.2026.2703958,https://www.webofscience.com/wos/woscc/full-record/WOS:001829216300001,off-topic-false-hit,"Instructional program coherence has well-documented benefits for students, teachers, and schools; however, it has been conceptualized and measured almost exclusively as structural alignment. While critical, structural alignment does not mean that school members have a shared mental representation of the instructional framework to guide their work. Cognitive coherence brings into focus the shared mental models that teachers develop around the instructional framework. The purposes of this study were to 1) conceptualize cognitive instructional coherence, 2) advance a set of items that measure cognitive instructional coherence, and 3) test the unique contribution of cognitive coherence to the teacher working environment. Using split samples from two school districts, this article reports findings from two related studies. In Study 1, exploratory factor analyses were used to examine the dimensionality, reliability, and discriminant validity of a new Cognitive Instructional Coherence Scale. In Study 2, the validated scale was incorporated into a fully latent structural equation model to test cognitive coherence as a predictor of collective teacher efficacy while controlling for structural coherence and teacher trust in students. Results support validation of the scale and highlight the distinction between cognitive and structural coherence. Additionally, cognitive coherence strongly predicted collective teacher efficacy.",wos,llm,0.980,unreviewed,
discarded,SCOPE-K: development and initial validation of a novel self-referential expertise-mapping instrument for interprofessional education,"Greengrass, Colin John; Thelen, Kianna; Vacek, Shelie; Kozmenko, Valeriy",2026,JOURNAL OF INTERPROFESSIONAL CARE,10.1080/13561820.2026.2698727,https://www.webofscience.com/wos/woscc/full-record/WOS:001820224300001,off-topic-false-hit,"Interprofessional education (IPE) evaluation often relies on attitudes and satisfaction rather than case-anchored judgments about expertise distribution. We developed the Scope of Practice Evaluation, Knowledge Domain (SCOPE-K) to measure learners' self-referential expertise-mapping judgments; whether a clinical question falls within their own profession's knowledge domain. Undergraduate medical, nursing, and pharmacy students (N = 126) completed SCOPE-K before and after an interprofessional simulation. For each of eight, profession-linked clinical questions, participants rated relevance to their own profession on a four-point scale and completed a profession-attribution ranking task. Analyses examined internal consistency, internal structure, expert-referenced concordance against an 11-member panel, and own-versus-other profession comparisons. Among students with complete pre-post data (N = 99), McDonald's omega was .87 pre-simulation and .91 post-simulation (bootstrap CI for the difference including zero). Exploratory factor analysis indicated a two-factor pattern with a strong inter-factor correlation (|Phi| = .69), broadly consistent with an underlying unidimensional construct. Benchmark coherence was substantial (Kendall's W = .72). In the subset with complete relevance and ranking data (N = 62), student - expert concordance increased from (tau) over bar = .38 to .60 (p = .024) and profession-attribution ranking concordance from tau = .35 to .59 (p = .017). Students rated own-profession items higher than other-profession items at both time points, with the difference narrowing post-simulation. SCOPE-K shows promising initial psychometric properties as a novel, scenario-based measure of learners' self-referential expertise-mapping judgments within simulation-based IPE. The pattern of improved expert-referenced concordance, improved ranking concordance, and stronger association with profession-attribution performance provides encouraging initial validity evidence. SCOPE-K offers a distinct complement to attitudinal and behavioral assessment approaches by targeting a cognitive component of interprofessional learning that existing instruments do not directly elicit. Further validation with expanded item sampling, response-process evidence, and multi-center cohorts is warranted before SCOPE-K is used as a program-level IPE evaluation measure.",wos,llm,0.990,unreviewed,
