status,title,authors,year,venue,doi,url,tags,abstract,provider,decision_source,llm_confidence,llm_review_outcome,llm_change_direction
discarded,A Metaphor-Based Approach for Introducing Programming Concepts,Colin Chibaya,2019,2019 International Multidisciplinary Information Technology and Engineering Conference (IMITEC),10.1109/IMITEC45504.2019.9015888,https://ieeexplore.ieee.org/document/9015888/,adjacent-subtopic,"Comprehending programming concepts is challenging to most first-time programming students. It calls for subtle logical thinking and elusive reflection capabilities for students to grasp the technical jargon in textbooks. Lecturers are, therefore, challenged to dig deep for relevant examples and metaphors with which to satisfactorily explain programming concepts. However, it is a daunting task for lecturers to gather cumbersome phenomena which carter for demographically diverse groups of students found in universities. Therefore, student success is subjectively dependent on lecturers' dynamics in the classrooms. Metaphors are figurative speeches used to alike one object to something else. They are representative of literals. Use of metaphors to describe programming concepts is possible. However, the effectiveness of metaphors would depend on the contexts from which they are formulated. Metaphors formulated by students, aligned to students' contexts, can be a compelling resource in the teaching and learning of programming concepts. Such metaphors, often, cross between curricula and, usually, cutthrough students' demographic boundaries. Student-devised metaphors bring dreaded technical jargon closer to theirworlds. Misinterpretations of metaphoric views are habitually immediately attended to through peer-initiated forums. This paper investigates, as a case study and proof of concept, the design, implementation and evaluation of a student-articulated metaphor-based model forthe teaching and learning of specific programming concepts. A few concepts are used in the study. However, the bigger picture is visible. Three groups of students participated. Eighty students who already completed a programming course partook to share their learning stylesand toelucidate metaphoric views of their understanding of the concepts under study. A control group of 100 programming students in first year is included in the study following traditional procedures of learning the same concepts. Anexperimental group of 100 followed the metaphor-based model. A common test was administered at the end of a set study period. The experimental group out-performed the control group. Apart from presenting an alternative teaching and learning model, the metaphor-based approach fosters deep learning.",ieee,llm,0.820,unreviewed,
kept,Performing Tasks Can Improve Program Comprehension Mental Model of Novice Developers: An Empirical Approach,Amal A. Shargabi; Syed Ahmad Aljunid; Muthukkaruppan Annamalai; Abdullah Mohd Zin,2020,2020 IEEE/ACM 28th International Conference on Program Comprehension (ICPC),10.1145/3387904.3389277,https://ieeexplore.ieee.org/document/10186827/,adjacent-subtopic,"Program comprehension is challenging for many novice developers. Literature indicates that program comprehension is greatly influenced by the specific purpose of reading a program, i.e., the task. However, the task has often been used in research as a measure for program comprehension. Our study takes an inverse approach to investigate the effect of using the task as a facilitator to improve novice developers program comprehension. To measure the effect, our previously published program comprehension mental model of novice developers was utilized. In a sense, the study provides an empirical evaluation of our proposed model in terms of its ability to capture the novice developer's mental model properly. The comprehensive experiment involved one hundred and seventy-eight (178) novice developers from three (3) universities and investigated the effect of six (6) tasks with difficulties ranked according to the cognitive categories of Revised Bloom Taxonomy. The results of the experiment confirmed that performing the tasks can improve program comprehension of novice developers. It demonstrated that different tasks improved different abstraction levels of the mental model and further indicated that higher cognitive category tasks improve program comprehension mental model at higher abstraction levels. The results also showed that the mental model we have proposed earlier is able to capture what novice developers know in response to the tasks they perform. The general implication of the study is that the tasks can be an effective tool for computing educators to incorporate program comprehension in programming courses, whereby these tasks need to be introduced in stages in the teaching of programming; starting initially from the lower cognitive categories' tasks such as Recall and culminating at the higher cognitive categories' tasks such as Modification by first taking into consideration the novices' programming levels.",ieee,llm,0.780,unreviewed,
discarded,Integration of Visualization Techniques and Completion Strategy to Improve Learning in Computer Programming,Nurhana Hashim; Sazilah Salam,2009,2009 International Conference of Soft Computing and Pattern Recognition,10.1109/SoCPaR.2009.131,https://ieeexplore.ieee.org/document/5370351/,adjacent-subtopic,"Computer Programming is known as a difficult subject that requires complex cognitive task by the majority of students even for those who are taking Computer Science courses. It is normal for programming instructors to provide their students with alternative methods to help them in the learning process. When learning to program for the first time, students and lecturers usually are facing with difficulties in learning and teaching the subject. Mobile learning provides a great opportunity for learners to switch from rigid learning to fun learning using supported elements. The ability of mobile devices only is still not enough for learners to master in learning programming without the right options in techniques applied. This study will explore how Visualization Technique and Completion Strategy can be used to improve learning in a computer programming subject.",ieee,llm,0.850,unreviewed,
discarded,DAVE: A Dynamic Algorithm Visualization Environment for Novice Learners,Euripides Vrachnos; Athanassios Jimoyiannis,2008,2008 Eighth IEEE International Conference on Advanced Learning Technologies,10.1109/ICALT.2008.148,https://ieeexplore.ieee.org/document/4561697/,adjacent-subtopic,"Acquiring knowledge about algorithms and programming skills is a difficult and complex process in particular. Various algorithm visualization systems have been developed, using animation techniques to illustrate the behavior of basic algorithms, to facilitate studentspsila learning and skills development. This paper presents DAVE, an interactive dynamic algorithm visualization system for the introductory lessons in algorithm design and programming. DAVE allows studentspsila experimentation not only with sample algorithms, constructed by the designer, but, mainly, with the automatic animation of their own algorithms.",ieee,llm,0.790,unreviewed,
kept,Tracking Students’ Cognitive Processes During Program Debugging—An Eye-Movement Approach,Yu-Tzu Lin; Cheng-Chih Wu; Ting-Yun Hou; Yu-Chih Lin; Fang-Ying Yang; Chia-Hu Chang,2016,IEEE Transactions on Education,10.1109/TE.2015.2487341,https://ieeexplore.ieee.org/document/7312518/,supports-claim,"This study explores students' cognitive processes while debugging programs by using an eye tracker. Students' eye movements during debugging were recorded by an eye tracker to investigate whether and how high- and low-performance students act differently during debugging. Thirty-eight computer science undergraduates were asked to debug two C programs. The path of students' gaze while following program codes was subjected to sequential analysis to reveal significant sequences of areas examined. These significant gaze path sequences were then compared to those of students with different debugging performances. The results show that, when debugging, high-performance students traced programs in a more logical manner, whereas low-performance students tended to stick to a line-by-line sequence and were unable to quickly derive the program's higher-level logic. Low-performance students also often jumped directly to certain suspected statements to find bugs, without following the program's logic. They also often needed to trace back to prior statements to recall information, and spent more time on manual computation. Based on the research results, adaptive instructional strategies and materials can be developed for students of different performance levels, to improve associated cognitive activities during debugging, which can foster learning during debugging and programming.",ieee,llm,0.880,unreviewed,
discarded,A Web-Based learning activity integrated with scratch tool to support programming learning,Jun-Ming Su; Sin-Jie Wang,2017,2017 10th International Conference on Ubi-media Computing and Workshops (Ubi-Media),10.1109/UMEDIA.2017.8074137,https://ieeexplore.ieee.org/document/8074137/,adjacent-subtopic,"How to foster not only Software Programming Skill (SPS) but also Computational Thinking Ability (CTA) of students becomes more important. However, students cannot immediately understand learning problems and statuses in terms of SPS and CTA even though Scratch tool can facilitate the programming learning. Therefore, a scheme of Web-based Learning Activity Integrated with Scratch Tool (WeLaS) is proposed to assist learners. In WeLaS, students can learn the programming concepts and knowledge by sequential learning content, hands-on practice the coding skills by embedded Scratch tool, address the task by online prompts, and reflect the learning status by diagnostic report. Consequently, WeLaS can be expected to assist students in achieving the high learning performance.",ieee,llm,0.830,unreviewed,
discarded,Engineering students' visual metaphors for mentorship: Implications for the candidacy period,Zach Simpson; Nickey Janse van Rensburg; Dalien Rene Benecke,2017,2017 IEEE Global Engineering Education Conference (EDUCON),10.1109/EDUCON.2017.7942851,https://ieeexplore.ieee.org/document/7942851/,off-topic-false-hit,"Mentorship is important to engineering activity. Yet, little attention is paid to this process within the engineering domain. This paper seeks to remedy this by analyzing the metaphors for mentorship produced by engineering students employed to work as mentors to young adults tasked with training residents in their communities regarding specific digital skills. Metaphors are used because they provide unique insight into the underlying conceptions that individuals hold about a topic or issue. The paper shows not only that metaphors are useful in garnering understanding as to how students conceive of the mentor-mentee relationship, but also that there is scope for using these understandings to provide more focused mentoring during their future candidacy period.",ieee,llm,0.990,unreviewed,
kept,Developing Mental Models of Computer Programming Interactively Via the Web,Michael P. Bruce-Lockhart; Theodore S. Norvell,2007,"2007 37th Annual Frontiers In Education Conference - Global Engineering: Knowledge Without Borders, Opportunities Without Passports",10.1109/FIE.2007.4418051,https://ieeexplore.ieee.org/document/4418051/,supports-claim,"A website featuring interactive examples used to teach introductory programming to both on-campus and, recently, distance students is described. On-line notes are created using a pair of tools, Web-Writer++, an authoring system for programming instructors, and the Teaching Machine, a program animator which is used to interactively display the examples. The tools allow the instructor in the classroom or the student on their own to step through computer programs written in C++ or Java. The animations that unfold are designed to build a deep understanding of how computers process programs, consonant with the kind of mental models we believe professional programmers hold. In-class versus distance experience will be discussed.",ieee,llm,0.900,unreviewed,
kept,Utilizing Programming Education Support Tool Pgtracer in an Actual Programming Course,Tetsuro Kakeshita; Miyuki Murata,2017,2017 6th IIAI International Congress on Advanced Applied Informatics (IIAI-AAI),10.1109/IIAI-AAI.2017.36,https://ieeexplore.ieee.org/document/8113290/,adjacent-subtopic,"We developed a programming education support tool pgtracer. Pgtracer provides fill-in-the-blank questions to the students and collects student log to analyze students learning process and understanding level. In this paper, we report our experience to utilize pgtracer at an actual programming course as homework assignment. We develop fill-in-the-blank questions corresponding to the course syllabus at each week. Student activities on pgtracer are analyzed to develop questions for the succeeding weeks. We also provide data to the instructor about the activities and achievement of the students for better collaboration between lecture and homework. We received positive feedbacks from both of the teacher interview and student survey about the usefulness of pgtracer as programming education support tool.",ieee,llm,0.680,unreviewed,
discarded,Tangible User Interfaces in Computer Programming Learning: A Systematic Literature Review,Ana I. Molina; Christian X. Navarro; Oscar Alarcón; Miguel A. Redondo,2025,IEEE Access,10.1109/ACCESS.2025.3621839,https://ieeexplore.ieee.org/document/11203966/,adjacent-subtopic,"The teaching and learning of computer programming presents significant cognitive and pedagogical challenges, particularly for novice learners. In recent years, the use of Tangible User Interfaces (TUIs) has gained attention as a potentially promising approach for supporting programming education by enabling more intuitive, engaging, and hands-on learning experiences. This study presents a Systematic Literature Review (SLR) that synthesizes the current state of research on the integration of TUIs in programming instruction. The findings revealed that most studies employed tangible or graphical representations of programming constructs, often through metaphorical tasks. While these interactive and manipulative environments appear to support conceptual understanding and collaboration, a challenge is the limited integration and translation of block-based systems with text-based programming languages. This review indicates that TUIs may offer educational benefits including increased motivation, improved conceptual learning, and stronger collaborative dynamics. In addition, various challenges related to their implementation and effectiveness were highlighted and collected. The outcomes of this SLR provide valuable insights for educators, researchers, and developers of educational technologies and lay the foundation for future innovations in designing interactive learning environments that leverage physical interaction to enhance computer programming education.",ieee,llm,0.840,unreviewed,
discarded,Cleogo: collaborative and multi-metaphor programming for kids,A. Cockburn; A. Bryant,1998,Proceedings. 3rd Asia Pacific Computer Human Interaction (Cat. No.98EX110),10.1109/APCHI.1998.704194,https://ieeexplore.ieee.org/document/704194/,adjacent-subtopic,"Cleogo is a novel groupware environment that allows several users to simultaneously develop programs through any mixture of three alternative programming metaphors: a direct manipulation language for programming by demonstration; an iconic language; and a standard text based language. Cleogo is motivated by the pedagogical values of peer learning and of collaborative problem solving, and by our desire to investigate flexible and appropriate user interfaces for programming, particularly for youthful users. Through its real time groupware facilities, Cleogo provides a shared conversational artifact around which students can talk, gesture and work on programming tasks. Its three concurrently active programming metaphors allow students to choose a method of program expression that best suits their task and skill level. Critical issues in the design and motivation of Cleogo are described.",ieee,llm,0.800,unreviewed,
kept,Non-Traditional Novices’ Perceptions of Learning to Program: A Framework of Developing Mental Models,Thomas Hvid Spangsberg; Sally Fincher; Sebastian Dziallas,2018,2018 IEEE Frontiers in Education Conference (FIE),10.1109/FIE.2018.8659301,https://ieeexplore.ieee.org/document/8659301/,adjacent-subtopic,"In this research full paper, we present a study of a cohort of non-traditional students learning to program as part of an intercalated computer science year named Year in Computing at University of Kent, Canterbury in the UK. The study uses focus group interviews with students to explore their articulations and perceptions of learning to program. During the interviews, we used Bebras puzzles as a tool for students to reflect on their own experiences in learning to program. By observing the students working with the puzzle, some of the tacit information of problem-solving strategies became apparent. We see Bebras puzzles as a way to gain valuable insights that are not as easily available when relying on conventional self-reflection in a qualitative study. Another contribution grounded in this study is the proposal of a framework describing the students' developing mental models in the beginning of their studies. The results presented here are a first iteration in an ongoing endeavour of exploring students' development of mental models. We hope that these contributions will provide teachers and researchers with a new perspective for developing introductory programming curricula and to engage in further development of our framework.",ieee,llm,0.780,unreviewed,
kept,An Inquisitive Code Editor for Addressing Novice Programmers' Misconceptions of Program Behavior,Austin Henley; Julian Ball; Benjamin Klein; Aiden Rutter; Dylan Lee,2021,2021 IEEE/ACM 43rd International Conference on Software Engineering: Software Engineering Education and Training (ICSE-SEET),10.1109/ICSE-SEET52601.2021.00026,https://ieeexplore.ieee.org/document/9402182/,supports-claim,"Novice programmers face numerous barriers while attempting to learn how to code that may deter them from pursuing a computer science degree or career in software development. In this work, we propose a tool concept to address the particularly challenging barrier of novice programmers holding misconceptions about how their code behaves. Specifically, the concept involves an inquisitive code editor that: (1) identifies misconceptions by periodically prompting the novice programmer with questions about their program's behavior, (2) corrects the misconceptions by generating explanations based on the program's actual behavior, and (3) prevents further misconceptions by inserting test code and utilizing other educational resources. We have implemented portions of the concept as plugins for the Atom code editor and conducted informal surveys with students and instructors. Next steps include deploying the tool prototype to students enrolled in introductory programming courses.",ieee,llm,0.950,unreviewed,
discarded,Using natural language descriptions of algorithms in the early stage of programming,Edgar Cambranes,2012,2012 IEEE Symposium on Visual Languages and Human-Centric Computing (VL/HCC),10.1109/VLHCC.2012.6344521,https://ieeexplore.ieee.org/document/6344521/,adjacent-subtopic,My research explores the utility of natural language descriptions to support a visual language designed for novice programmers. What are the effects of a second representation on program creation? To what extent does it affect the programming processes? Is one secondary representation more effective than another? These initial questions lead this research.,ieee,llm,0.800,unreviewed,
kept,Learning programming using program visualization techniques,L.P. Baldwin; J. Kuljis,2001,Proceedings of the 34th Annual Hawaii International Conference on System Sciences,10.1109/HICSS.2001.926232,https://ieeexplore.ieee.org/document/926232/,adjacent-subtopic,"This paper describes the programming knowledge and skills that learners need to develop, and concludes that this is an area of computer science education where those involved in the teaching of programming need to further explore the nature, structure and function of domain specific knowledge. It has been argued that conceptual models can serve to enhance learners' conceptual understanding of programming. The methods used to enhance the development of accurate mental models include: designing the interface so that users can interact actively with it; using metaphors and analogies to explain concepts; and using spatial relationships so that users can develop capabilities for mental simulations. With the insights afforded by looking more closely at conceptual understanding, we describe how visualization techniques may effectively be used in the learning and reaching of programming.",ieee,llm,0.770,unreviewed,
