status,title,authors,year,venue,doi,url,tags,abstract,provider,decision_source,llm_confidence,llm_review_outcome,llm_change_direction
kept,Structured programming: Myths and facts,"Miroshnichenko, E",2003,"KORUS 2003: 7TH KOREA-RUSSIA INTERNATIONAL SYMPOSIUM ON SCIENCE AND TECHNOLOGY, VOL 2, PROCEEDINGS",,https://www.webofscience.com/wos/woscc/full-record/WOS:000185612100081,qualifies-claim,"All. kinds of science have their own myths and technical science is not exclusion. It is possible to list a number of disappointing fallacies, mistakes and wrong beliefs. Such examples can make everyone hesitate whether all common truths of science are actual and final ones, even they are supported by great names like Wirth, Dijkstra etc.. One of such well-known truths of science is the ""structural theorem"", being the foundation of the structured programming. It rights the ""goto"" statement in an implacable way and proclaims the only three fundamental control constructions: ""sequence"", ""loop"" and ""selection"". The structural theorem has long and respectable life; it is used for teaching all programmers at the stage of basics. The problem of such learning is the lack of sensible criticism. The offered report details the problems and fallacies of fighting the ""goto"" and summarizes clear and obvious mistakes in definitions of three ""fundamental control structures"". The goal of the report is to separate myths off the facts and advance the ""theory"" towards the ""practice"". The main conclusion is that the essence of the structured programming is good but its definition is wrong and has to be corrected in a proper way.",wos,llm,0.980,unreviewed,
discarded,Message passing without send-receive,"Gorlatch, S",2002,FUTURE GENERATION COMPUTER SYSTEMS-THE INTERNATIONAL JOURNAL OF ESCIENCE,,https://www.webofscience.com/wos/woscc/full-record/WOS:000176435000008,adjacent-subtopic,"During the software crisis in the 1960s, Dijkstra's famous thesis ""goto considered harmful"" paved the way for structured programming. We suggest that current difficulties in parallel programming are a consequence of using low-level send-receive primitives. We argue that, like goto in sequential programs, send-receive should be avoided as far as possible and replaced by collective operations in the parallel setting. We dispute some widely held beliefs about the alleged superiority of communication based on send-receive and present both theoretical and empirical evidence that collective operations are a better alternative. (C) 2002 Elsevier Science B.V. All rights reserved.",wos,llm,0.920,unreviewed,
discarded,Send-recv considered harmful? Myths and truths about parallel programming,"Gorlatch, S",2001,PARALLEL COMPUTING TECHNOLOGIES,,https://www.webofscience.com/wos/woscc/full-record/WOS:000180456100024,adjacent-subtopic,"During the software crisis of the 1960s, Dijkstra's famous thesis ""goto considered harmful"" paved the way for structured programming, i.e. software development with well-defined and disciplined organization of control flow. In parallel programming, a new aspect - communication - has an important impact on the structure and properties of programs. This paper shows that many current difficulties of parallel programming are caused by complicated and poorly structured communication, which is a consequence of using low-level send-recv primitives. We argue that, like goto in sequential programs, send-recv should be avoided as far as possible and replaced by collective operations in the parallel setting. We argue against some widely held opinions about the apparent superiority of individual over collective communication and present substantial theoretical and empirical evidence to the contrary. The paper overviews some recent results on formal transformation rules for collective operations that facilitate systematic, performance-oriented design of parallel programs using MPI (Message Passing Interface).",wos,llm,0.920,unreviewed,
kept,29 Go To Statement Considered Harmful (1968),,2021,Ideas That Created the Future: Classic Papers of Computer Science,,https://ieeexplore.ieee.org/document/9357665/,supports-claim,"The movement toward &#x0022;structured programming&#x0022; did not happen all at once. It evolved as the software industry matured: compilers got better, so programmers were less motivated to write tricky code in order to save a few compute steps or a few bytes of program memory; and systems got bigger, so teams were more motivated to write comprehensible code with easily explained modular structure. Early processors lacked stack operations. By 1968 recursion was no longer exotic and was architecturally supported, and looping structures like while were becoming common in programming languages (this paper was published about the time Wirth was designing the Pascal language).",ieee,llm,0.750,unreviewed,
discarded,"A Generic Component-Based Approach for Programming, Composing and Tuning Sensor Software",Amirhosein Taherkordi; Frédéc Loiret; Romain Rouvoy; Frank Eliassen,2011,The Computer Journal,10.1093/comjnl/bxq102,https://ieeexplore.ieee.org/document/8130211/,adjacent-subtopic,"Wireless sensor networks (WSNs) are being extensively deployed today in various monitoring and control applications by enabling rapid deployments at low cost and with high flexibility. However, high-level software development is still one of the major challenges to wide-spread WSN adoption. The success of high-level programming approaches in WSNs is heavily dependent on factors such as ease of programming, code well-structuring, degree of code reusability, required software development effort and the ability to tune the sensor software for a particular application. Component-based programming has been recognized as an effective approach to satisfy such requirements. However, most of the componentization efforts in WSNs were ineffective due to various reasons, such as high resource demand or limited scope of use. In this article, we present Remora, a novel component-based approach to overcome the hurdles of WSN software implementation and configuration. Remora offers a well-structured programming paradigm that fits very well with resource limitations of embedded systems, including WSNs. Furthermore, the special attention to event handling in Remora makes our proposal more practical for embedded applications, which are inherently event-driven. More importantly, the mutualism between Remora and underlying system software promises a new direction towards separation of concerns in WSNs. This feature also offers a practical way to develop sensor middleware services which should be generic and developed close to the operating system. Additionally, it allows the customization of sensor software—deploying only application-required system-level services on nodes, instead of installing a fixed large system software image for any application. Our evaluation results show that the deployed Remora applications have an acceptable memory overhead and a negligible CPU cost compared with the state-of-the-art development models.",ieee,llm,0.940,unreviewed,
discarded,CASE tools and interactive process modeling accelerate the software development cycle for refined petroleum storage tank vapor recovery,R.L. Wood; F. Aboody,1992,[1992] Record of Conference Papers Industry Applications Society 39th Annual Petroleum and Chemical Industry Conference,10.1109/PCICON.1992.229302,https://ieeexplore.ieee.org/document/229302/,adjacent-subtopic,"A petroleum storage tank vapor recovery system is described. The project involves development of many different types of software for different platforms, including multiple programmable logic controller (PLC) code development. The CASE tool allows a structured and efficient approach to the project. It makes possible the design and is useful in the area of documentation. The potential of CASE tools in this application is not fully realized, because of the inherent limitations of the PLC utilizing structured programming. The modeling utilizes very simple electronic spreadsheets and commercial software packages to interface with the PLCs.<>",ieee,llm,0.950,unreviewed,
discarded,ChatGPT Based Best Practices for Pair Programming,Mehmet Safa Gökalp; Ayça Kolukısa,2025,2025 10th International Conference on Computer Science and Engineering (UBMK),10.1109/UBMK67458.2025.11206910,https://ieeexplore.ieee.org/document/11206910/,adjacent-subtopic,"The integration of large language models (LLMs) like ChatGPT into software engineering workflows has sparked interest in their capacity to assist with programming tasks. While these models are often praised for enhancing productivity and reducing cognitive effort, their limitations, particularly in handling complex logic, remain underexplored. This study investigates the practical effects of ChatGPT support in a structured programming environment by applying an exploratory case study with two embedded scenarios: one with ChatGPT assistance and one without. The same task was attempted under both conditions, allowing for a direct comparison of solution correctness, efficiency, and error resolution. Results show that ChatGPT can help generate accurate code and reduce completion time for moderately complex tasks. At the same time, its effectiveness may vary based on the nature of the error and the complexity of the problem. This case study contributes to the growing body of empirical evidence on how generative AI tools affect software development processes in real-world conditions.",ieee,llm,0.900,unreviewed,
kept,Book Reviews,,1976,Computer,10.1109/C-M.1976.218489,https://ieeexplore.ieee.org/document/1647264/,supports-claim,"This volume is the latest in the now familiar series of State of the Art Reports by Infotech International Ltd., and follows the format successfully established in earlier reports (see review B76-1, Computer, January 1976). The heart of the report consists of the full text of some 20 invited papers. These are preceded by a 130- page analysis section consisting of key extracts from the invited papers and extracts from discussions held at the Infotech Conference on Structured Programming. The extracts are skillfully linked together with editorial comments in a framework designed to bring out the essential points and arguments in an easily readable and digestible analysis. The analysis section is divided into the following sections: Overview, Complexity in Programming, and Reliability and Correctness. The overview section deals with topics such as the meaning and aims of structured programming, the sequencing mechanisms, languages for structured programming, and issues of performance. The section on complexity in programming deals with human limitations and program modularization aspects. The reliability and correctness section deals with the nature of software reliability and the various approaches to software correctness. The report concludes with a select 76-item annotated bibliography by C. V. Ramamoorthy and H. M. So, covering key papers of historical, introductory, and research interest. An extensive cumulative subject index and bibliographic indices are also provided.",ieee,llm,0.700,unreviewed,
kept,Going SOLO to assess novice programmers,Judy Sheard; Angela Carbone; Raymond Lister; Beth Simon; Errol Thompson; Jacqueline Whalley,2008,,10.1145/1384271.1384328,https://openalex.org/W2121993767,supports-claim,"This paper explores the programming knowledge of novices using Biggs' SOLO taxonomy. It builds on previous work of Lister et al. (2006) and addresses some of the criticisms of that work. The research was conducted by studying the exam scripts for 120 introductory programming students, in which three specific questions were analyzed using the SOLO taxonomy. The study reports the following four findings: when the instruction to students used by Lister et al. - ""In plain English, explain what the following segment of Java code does"" - is replaced with a less ambiguous instruction, many students still provide multistructural responses; students are relatively consistent in the SOLO level of their answers; student responses on SOLO reading tasks correlate positively with performance on writing tasks; postgraduates students manifest a higher level of thinking than undergraduates.",openalex,llm,0.940,unreviewed,
discarded,Towards automated crystallographic structure refinement with phenix.refine,Pavel V. Afonine; Ralf W. Grosse‐Kunstleve; Nathaniel Echols; Jeffrey J. Headd; Nigel W. Moriarty; Marat Mustyakimov; Thomas C. Terwilliger; Alexandre Urzhumtsev; Peter H. Zwart; Paul D. Adams,2012,Acta Crystallographica Section D Biological Crystallography,10.1107/s0907444912001308,https://openalex.org/W2154197653,off-topic-false-hit,"phenix.refine is a program within the PHENIX package that supports crystallographic structure refinement against experimental data with a wide range of upper resolution limits using a large repertoire of model parameterizations. It has several automation features and is also highly flexible. Several hundred parameters enable extensive customizations for complex use cases. Multiple user-defined refinement strategies can be applied to specific parts of the model in a single refinement run. An intuitive graphical user interface is available to guide novice users and to assist advanced users in managing refinement projects. X-ray or neutron diffraction data can be used separately or jointly in refinement. phenix.refine is tightly integrated into the PHENIX suite, where it serves as a critical component in automated model building, final structure refinement, structure validation and deposition to the wwPDB. This paper presents an overview of the major phenix.refine features, with extensive literature references for readers interested in more detailed discussions of the methods.",openalex,llm,1.000,unreviewed,
discarded,A step-by-step approach to using the SAS system for factor analysis and structural equation modeling,,1995,Choice Reviews Online,10.5860/choice.33-0366,https://openalex.org/W1575698009,off-topic-false-hit,"From the Publisher:
Packed with concrete examples, Hatcher's book provides an introduction to more advanced statistical procedures and includes handy appendices that give basic instruction in using SAS. Novice SAS users will find all they need to master SAS basics and to move into advanced statistical analyses in this one book. Featured is a simple, step-by-step approach to testing structural equation models with latent variables using the CALIS procedure. The following topics are explained in easy-to-understand terms: exploratory factor analysis, principal component analysis, and developing measurement models with confirmatory factor analysis. Other covered topics of note include LISREL-type analyses with the user-friendly PROC CALIS and solving problems encountered in real-world social science research. 
Supports releases 6.09 and higher of SAS software.
Author Biography: Larry Hatcher, Ph.D. Larry Hatcher, associate professor of psychology at Winthrop University and a SAS user for nearly 15 years, offers you the benefit of his experience as both a researcher and a teacher of statistics using the SAS System.",openalex,llm,1.000,unreviewed,
kept,Debugging by skilled and novice programmers,Leo Gugerty; Gary M. Olson,1986,ACM SIGCHI Bulletin,10.1145/22339.22367,https://openalex.org/W2220912187,supports-claim,"Two experiments investigated expert-novice differences in debugging computer programs. Debugging was done on programs provided to the subject, and were run on a microcomputer. The programs were in LOGO in Exp. 1 and Pascal in Exp. 2. Experts debugged more quickly and accurately, largely because they generated high quality hypotheses on the basis of less study of the code than novices. Further, novices frequently added bugs to the program during the course of trying to find the original one. At least for these simple programs, experts superior debugging performance seemed to be due primarily to their superior ability to comprehend the program.",openalex,llm,0.950,unreviewed,
kept,Debugging by skilled and novice programmers,L. Gugerty; G. Olson,1986,,10.1145/22627.22367,https://openalex.org/W4251628379,supports-claim,"Two experiments investigated expert-novice differences in debugging computer programs. Debugging was done on programs provided to the subject, and were run on a microcomputer. The programs were in LOGO in Exp. 1 and Pascal in Exp. 2. Experts debugged more quickly and accurately, largely because they generated high quality hypotheses on the basis of less study of the code than novices. Further, novices frequently added bugs to the program during the course of trying to find the original one. At least for these simple programs, experts superior debugging performance seemed to be due primarily to their superior ability to comprehend the program.",openalex,llm,0.950,unreviewed,
kept,A New Look at Novice Programmer Errors,Davin McCall; Michael Kölling,2019,ACM Transactions on Computing Education,10.1145/3335814,https://openalex.org/W2962230923,supports-claim,"The types of programming errors that novice programmers make and struggle to resolve have long been of interest to researchers. Various past studies have analyzed the frequency of compiler diagnostic messages. This information, however, does not have a direct correlation to the types of errors students make, due to the inaccuracy and imprecision of diagnostic messages. Furthermore, few attempts have been made to determine the severity of different kinds of errors in terms other than frequency of occurrence. Previously, we developed a method for meaningful categorization of errors, and produced a frequency distribution of these error categories; in this article, we extend the previous method to also make a determination of error difficulty, in order to give a better measurement of the overall severity of different kinds of errors. An error category hierarchy was developed and validated, and errors in snapshots of students source code were categorized accordingly. The result is a frequency table of logical error categories rather than diagnostic messages. Resolution time for each of the analyzed errors was calculated, and the average resolution time for each category of error was determined; this defines an error difficulty score. The combination of frequency and difficulty allow us to identify the types of error that are most problematic for novice programmers. The results show that ranking errors by severity—a product of frequency and difficulty—yields a significantly different ordering than ranking them by frequency alone, indicating that error frequency by itself may not be a suitable indicator for which errors are actually the most problematic for students.",openalex,llm,0.840,unreviewed,
discarded,The Robots Are Coming: Exploring the Implications of OpenAI Codex on Introductory Programming,James Finnie-Ansley; Paul Denny; Brett A. Becker; Andrew Luxton-Reilly; James Prather,2022,,10.1145/3511861.3511863,https://openalex.org/W4211263275,adjacent-subtopic,"Recent advances in artificial intelligence have been driven by an exponential growth in digitised data. Natural language processing, in particular, has been transformed by machine learning models such as OpenAI’s GPT-3 which generates human-like text so realistic that its developers have warned of the dangers of its misuse. In recent months OpenAI released Codex, a new deep learning model trained on Python code from more than 50 million GitHub repositories. Provided with a natural language description of a programming problem as input, Codex generates solution code as output. It can also explain (in English) input code, translate code between programming languages, and more. In this work, we explore how Codex performs on typical introductory programming problems. We report its performance on real questions taken from introductory programming exams and compare it to results from students who took these same exams under normal conditions, demonstrating that Codex outscores most students. We then explore how Codex handles subtle variations in problem wording using several published variants of the well-known “Rainfall Problem” along with one unpublished variant we have used in our teaching. We find the model passes many test cases for all variants. We also explore how much variation there is in the Codex generated solutions, observing that an identical input prompt frequently leads to very different solutions in terms of algorithmic approach and code length. Finally, we discuss the implications that such technology will have for computing education as it continues to evolve, including both challenges and opportunities.",openalex,llm,0.870,unreviewed,
