status,title,authors,year,venue,doi,url,tags,abstract,provider,decision_source,llm_confidence,llm_review_outcome,llm_change_direction
discarded,Strengthening the Reporting of Observational Studies in Epidemiology (STROBE): Explanation and Elaboration,Jan P. Vandenbroucke; Erik von Elm; Douglas G. Altman; Peter C Gøtzsche; Cynthia D. Mulrow; Stuart Pocock; Charles Poole; James J. Schlesselman; Matthias Egger; for the STROBE Initiative,2007,PLoS Medicine,10.1371/journal.pmed.0040297,https://openalex.org/W2116810060,off-topic-false-hit,"Much medical research is observational. The reporting of observational studies is often of insufficient quality. Poor reporting hampers the assessment of the strengths and weaknesses of a study and the generalisability of its results. Taking into account empirical evidence and theoretical considerations, a group of methodologists, researchers, and editors developed the Strengthening the Reporting of Observational Studies in Epidemiology (STROBE) recommendations to improve the quality of reporting of observational studies. The STROBE Statement consists of a checklist of 22 items, which relate to the title, abstract, introduction, methods, results and discussion sections of articles. Eighteen items are common to cohort studies, case-control studies and cross-sectional studies and four are specific to each of the three study designs. The STROBE Statement provides guidance to authors about how to improve the reporting of observational studies and facilitates critical appraisal and interpretation of studies by reviewers, journal editors and readers. This explanatory and elaboration document is intended to enhance the use, understanding, and dissemination of the STROBE Statement. The meaning and rationale for each checklist item are presented. For each item, one or several published examples and, where possible, references to relevant empirical studies and methodological literature are provided. Examples of useful flow diagrams are also included. The STROBE Statement, this document, and the associated Web site (http://www.strobe-statement.org/) should be helpful resources to improve reporting of observational research.",openalex,llm,0.990,unreviewed,
kept,"Flow diagrams, turing machines and languages with only two formation rules",Corrado Böhm; G. Jacopini,1966,Communications of the ACM,10.1145/355592.365646,https://openalex.org/W2102075452,structured-programming-theorem,"In the first part of the paper, flow diagrams are introduced to represent inter ah mappings of a set into itself. Although not every diagram is decomposable into a finite numbm of given base diagrams, this becomes hue at a semantical level due to a suitable extension of the given set and of the basic mappings defined in it. Two normalization methods of flow diagrams are given. The first has |hree base diagrams; the second, only two.",openalex,human,1.000,human,
discarded,Towards complete and accurate reporting of studies of diagnostic accuracy: the STARD initiative. Standards for Reporting of Diagnostic Accuracy.,Patrick M. Bossuyt; Johannes B. Reitsma; David E. Bruns; Constantine Gatsonis; Paul Glasziou; Les Irwig; Jeroen G. Lijmer; David Moher; Drummond Rennie; Henrica C. W. de Vet,2003,PubMed,10.1373/49.1.1,https://openalex.org/W2097220938,off-topic-false-hit,"BACKGROUND: To comprehend the results of diagnostic accuracy studies, readers must understand the design, conduct, analysis, and results of such studies. That goal can be achieved only through complete transparency from authors. OBJECTIVE: To improve the accuracy and completeness of reporting of studies of diagnostic accuracy to allow readers to assess the potential for bias in the study and to evaluate its generalisability. METHODS: The Standards for Reporting of Diagnostic Accuracy (STARD) steering committee searched the literature to identify publications on the appropriate conduct and reporting of diagnostic studies and extracted potential items into an extensive list. Researchers, editors, and members of professional organisations shortened this list during a two-day consensus meeting with the goal of developing a checklist and a generic flow diagram for studies of diagnostic accuracy. RESULTS: The search for published guidelines on diagnostic research yielded 33 previously published checklists, from which we extracted a list of 75 potential items. The consensus meeting shortened the list to 25 items, using evidence on bias whenever available. A prototypical flow diagram provides information about the method of patient recruitment, the order of test execution and the numbers of patients undergoing the test under evaluation, the reference standard or both. CONCLUSIONS: Evaluation of research depends on complete and accurate reporting. If medical journals adopt the checklist and the flow diagram, the quality of reporting of studies of diagnostic accuracy should improve to the advantage of clinicians, researchers, reviewers, journals, and the public.",openalex,llm,0.990,unreviewed,
discarded,Towards Complete and Accurate Reporting of Studies of Diagnostic Accuracy: The STARD Initiative,Standards for Reporting of Diagnostic Accuracy,2003,,10.7326/0003-4819-138-1-200301070-00010,https://openalex.org/W1972054739,off-topic-false-hit,"BACKGROUND: To comprehend the results of diagnostic accuracy studies, readers must understand the design, conduct, analysis, and results of such studies. That goal can be achieved only through complete transparency from authors. OBJECTIVE: To improve the accuracy and completeness of reporting of studies of diagnostic accuracy in order to allow readers to assess the potential for bias in the study and to evaluate its generalizability. METHODS: The Standards for Reporting of Diagnostic Accuracy (STARD) steering committee searched the literature to identify publications on the appropriate conduct and reporting of diagnostic studies and extracted potential items into an extensive list. Researchers, editors, methodologists and statisticians, and members of professional organizations shortened this list during a 2-day consensus meeting with the goal of developing a checklist and a generic flow diagram for studies of diagnostic accuracy. RESULTS: The search for published guidelines on diagnostic research yielded 33 previously published checklists, from which we extracted a list of 75 potential items. The consensus meeting shortened the list to 25 items, using evidence on bias whenever available. A prototypical flow diagram provides information about the method of patient recruitment, the order of test execution, and the numbers of patients undergoing the test under evaluation, the reference standard, or both. CONCLUSIONS: Evaluation of research depends on complete and accurate reporting. If medical journals adopt the checklist and the flow diagram, the quality of reporting of studies of diagnostic accuracy should improve to the advantage of the clinicians, researchers, reviewers, journals, and the public.",openalex,llm,0.990,unreviewed,
kept,Flowchart techniques for structured programming,Ike Nassi; Ben Shneiderman,1973,ACM SIGPLAN Notices,10.1145/953349.953350,https://openalex.org/W2043557231,supports-claim,"With the advent of structured programming and GOTO-less programming a method is needed to model computation in simply ordered structures, each representing a complete thought possibly defined in terms of other thoughts as yet undefined. A model is needed which prevents unrestricted transfers of control and has a control structure closer to languages amenable to structured programming. We present an attempt at such a model.",openalex,llm,0.990,unreviewed,
discarded,Basic Linear Algebra Subprograms for Fortran Usage,C. L. Lawson; Richard Hanson; David R. Kincaid; Fred T. Krogh,1979,ACM Transactions on Mathematical Software,10.1145/355841.355847,https://openalex.org/W1988425770,off-topic-false-hit,"A package of 38 low level subprograms for many of the basic operations of numerical linear algebra m presented. The package is intended to be used with Fortran. The operations m the package include dot product, elementary vector operation, Givens transformation, vector copy and swap, vector norm, vector scaling, and the determination of the index of the vector component of largest magnitude.",openalex,llm,0.990,unreviewed,
discarded,Study flow diagrams in Cochrane systematic review updates: an adapted PRISMA flow diagram,Elizabeth Stovold; Deirdre Beecher; Ruth Foxlee; Anna H Noel-Storr,2014,Systematic Reviews,10.1186/2046-4053-3-54,https://openalex.org/W2096266245,off-topic-false-hit,"Cochrane systematic reviews are conducted and reported according to rigorous standards. A study flow diagram must be included in a new review, and there is clear guidance from the PRISMA statement on how to do this. However, for a review update, there is currently no guidance on how study flow diagrams should be presented. To address this, a working group was formed to find a solution and produce guidance on how to use these diagrams in review updates.A number of different options were devised for how these flow diagrams could be used in review updates, and also in cases where multiple searches for a review or review update have been conducted. These options were circulated to the Cochrane information specialist community for consultation and feedback. Following the consultation period, the working group refined the guidance and made the recommendation that for review updates an adapted PRISMA flow diagram should be used, which includes an additional box with the number of previously included studies feeding into the total. Where multiple searches have been conducted, the results should be added together and treated as one set of results.There is no existing guidance for using study flow diagrams in review updates. Our adapted diagram is a simple and pragmatic solution for showing the flow of studies in review updates.",openalex,llm,0.990,unreviewed,
kept,Initial Algebra Semantics and Continuous Algebras,Joseph A. Goguen; J. W. Thatcher; Eric G. Wagner; Jesse B. Wright,1977,Journal of the ACM,10.1145/321992.321997,https://openalex.org/W2061786858,adjacent-subtopic,Many apparently divergent approaches to specifying formal semantics of programming languages are applications of initial algebra semantics. In this paper an overview of initial algebra semantics is provided. The major technical feature is an initial continuous algebra which permits unified algebraic treatment of iterative and recursive semantic features in the same framework as more basic operations.,openalex,llm,0.740,unreviewed,
discarded,Value of Flow Diagrams in Reports of Randomized Controlled Trials,Matthias Egger,2001,JAMA,10.1001/jama.285.15.1996,https://openalex.org/W2084639013,off-topic-false-hit,"CONTEXT: Diagrams of the flow of participants through a clinical trial are recommended in the Consolidated Standards for Reporting of Trials (CONSORT) statement, but it is unclear whether such flow diagrams improve the quality of trial reports. OBJECTIVE: To examine the information contributed by flow diagrams and the completeness of reporting overall in reports of randomized controlled trials (RCTs) published in 5 general and internal medicine journals. DESIGN AND SETTING: Analysis of 270 reports of RCTs published in 1998 in the Annals of Internal Medicine (AIM; n = 19), BMJ (n = 42), JAMA (n = 45), The Lancet (n = 81), and The New England Journal of Medicine (NEJM; n = 83). MAIN OUTCOME MEASURES: Proportion of reports that included a flow diagram, information provided in flow diagrams, and completeness of reporting about flow of participants overall in flow diagrams or text. RESULTS: A total of 139 reports (51.5%) of RCTs included a flow diagram, but this varied widely among journals (AIM, 21.0%; BMJ, 38.1%; JAMA, 80.0%; The Lancet, 93.8%; and NEJM, 8.4%). Diagrams generally provided useful information, but only 73 (52.5%) included the number of participants who received allocated interventions and only 32 (23.0%) included the number of participants included in the analysis. In logistic regression analysis, overall completeness of reporting about flow of study participants was associated with publication of a flow diagram. CONCLUSIONS: Flow diagrams are associated with improved quality of reporting of randomized controlled trials. However, the structure of current flow diagrams is less than ideal. We propose a revised flow diagram that includes all important counts through the stages of parallel group trials.",openalex,llm,0.990,unreviewed,
discarded,2018 AHA/ACC/AACVPR/AAPA/ABC/ACPM/ADA/AGS/APhA/ASPC/NLA/PCNA Guideline on the Management of Blood Cholesterol: A Report of the American College of Cardiology/American Heart Association Task Force on Clinical Practice Guidelines,Scott M. Grundy; Neil J. Stone; Alison Bailey; Craig Beam; Kim K. Birtcher; Roger S. Blumenthal; Lynne T. Braun; Sarah D. de Ferranti; Joseph Faiella-Tommasino; Daniel E. Forman; Ronald Goldberg; Paul A. Heidenreich; Mark A. Hlatky; Daniel W. Jones; Donald M. Lloyd‐Jones; Nuria Lopez-Pajares; Chiadi E. Ndumele; Carl E. Orringer; Carmen Peralta; Joseph J. Saseen; Sidney C. Smith; Laurence Sperling; Salim S. Virani; Joseph Yeboah,2019,Circulation,10.1161/cir.0000000000000625,https://openalex.org/W2900034165,off-topic-false-hit,"Since 1980, the American College of Cardiology (ACC) and American Heart Association (AHA) have translated scientific evidence into clinical practice guidelines with recommendations to improve cardiovascular health. These guidelines, which are based on systematic methods to evaluate and classify evidence, provide a foundation for the delivery of quality cardiovascular care. The ACC and AHA sponsor the development and publication of clinical practice guidelines without commercial support, and members volunteer their time to the writing and review efforts. Clinical practice guidelines provide recommendations applicable to patients with or at risk of developing cardiovascular disease (CVD). The focus is on medical practice in the United States, but these guidelines are relevant to patients throughout the world. Although guidelines may be used to inform regulatory or payer decisions, the intent is to improve quality of care and align with patients’ interests. Guidelines are intended to define practices meeting the needs of patients in most, but not all, circumstances, and should not replace clinical judgment. Recommendations for guideline-directed management and therapy, which encompasses clinical evaluation, diagnostic testing, and both pharmacological and procedural treatments, are effective only when followed by both practitioners and patients. Adherence to recommendations can be enhanced by shared decision-making between clinicians and patients, with patient engagement in selecting interventions on the basis of individual values, preferences, and associated conditions and comorbidities. The ACC/AHA Task Force on Clinical Practice Guidelines strives to ensure that the guideline writing committee both contains requisite expertise and is representative of the broader medical community by selecting experts from a broad array of backgrounds, representing different geographic regions, sexes, races, ethnicities, intellectual perspectives/biases, and scopes of clinical practice, and by inviting organizations and professional societies with related interests and expertise to participate as partners or collaborators. The ACC and AHA have rigorous policies and methods to ensure that documents are developed without bias or improper influence. The complete policy on relationships with industry and other entities (RWI) can be found online. Beginning in 2017, numerous modifications to the guidelines have been and continue to be implemented to make guidelines shorter and enhance “user friendliness.” Guidelines are written and presented in a modular knowledge chunk format, in which each chunk includes a table of recommendations, a brief synopsis, recommendation-specific supportive text and, when appropriate, flow diagrams or additional tables. Hyperlinked references are provided for each modular knowledge chunk to facilitate quick access and review. More structured guidelines–including word limits (“targets”) and a web guideline supplement for useful but noncritical tables and figures–are 2 such changes. This Preamble is an abbreviated version, with the detailed version available online. The reader is encouraged to consult the full-text guideline(P-1) for additional guidance and details, since the executive summary contains mainly the recommendations.",openalex,llm,1.000,unreviewed,
discarded,CONSORT statement: extension to cluster randomised trials,Marion Campbell; Diana R Elbourne; Douglas G. Altman,2004,BMJ,10.1136/bmj.328.7441.702,https://openalex.org/W4248033032,off-topic-false-hit,"The effective reporting of randomised controlled trials has received useful attention in recent years. Many journals now require that reports conform to the guidelines in the Consolidated Standards of Reporting Trials (CONSORT) statement, first published in 1996 1 and revised in 2001. 2 The statement includes a checklist of items that should be included in the trial report. These items are evidence based whenever possible and are regularly reviewed. 3 The statement also recommends including a flow diagram to show the flow of participants from group assignment through to the final analysis.",openalex,llm,0.990,unreviewed,
discarded,"ROSES RepOrting standards for Systematic Evidence Syntheses: pro forma, flow-diagram and descriptive summary of the plan and conduct of environmental systematic reviews and systematic maps",Neal Haddaway; Biljana Macura; Paul Whaley; Andrew S. Pullin,2018,Environmental Evidence,10.1186/s13750-018-0121-7,https://openalex.org/W2795357522,off-topic-false-hit,"Reliable synthesis of the various rapidly expanding bodies of evidence is vital for the process of evidence-informed decision-making in environmental policy, practice and research. With the rise of evidence-base medicine and increasing numbers of published systematic reviews, criteria for assessing the quality of reporting have been developed. First QUOROM (Lancet 354:1896–1900, 1999 ) and then PRISMA (Ann Intern Med 151:264, 2009 ) were developed as reporting guidelines and standards to ensure medical meta-analyses and systematic reviews are reported to a high level of detail. PRISMA is now widely used by a range of journals as a pre-submission checklist. However, due to its development for systematic reviews in healthcare, PRISMA has limited applicability for reviews in conservation and environmental management. We highlight 12 key problems with the application of PRISMA to this field, including an overemphasis on meta-analysis and no consideration for other synthesis methods. We introduce ROSES (RepOrting standards for Systematic Evidence Syntheses), a pro forma and flow diagram designed specifically for systematic reviews and systematic maps in the field of conservation and environmental management. We describe how ROSES solves the problems with PRISMA. We outline the key benefits of our approach to designing ROSES, in particular the level of detail and inclusion of rich guidance statements. We also introduce the extraction of meta-data that describe key aspects of the conduct of the review. Collated together, this summary record can help to facilitate rapid review and appraisal of the conduct of a systematic review or map, potentially speeding up the peer-review process. We present the results of initial road testing of ROSES with systematic review experts, and propose a plan for future development of ROSES.",openalex,llm,0.990,unreviewed,
discarded,Control-flow bending: on the effectiveness of control-flow integrity,Nicolas Carlini; Antonio Barresi; Mathias Payer; David Wagner; Thomas Groß,2015,,,https://openalex.org/W1429241971,off-topic-false-hit,"Control-Flow Integrity (CFI) is a defense which prevents control-flow hijacking attacks. While recent research has shown that coarse-grained CFI does not stop attacks, fine-grained CFI is believed to be secure.

We argue that assessing the effectiveness of practical CFI implementations is non-trivial and that common evaluation metrics fail to do so. We then evaluate fullyprecise static CFI -- the most restrictive CFI policy that does not break functionality -- and reveal limitations in its security. Using a generalization of non-control-data attacks which we call Control-Flow Bending (CFB), we show how an attacker can leverage a memory corruption vulnerability to achieve Turing-complete computation on memory using just calls to the standard library. We use this attack technique to evaluate fully-precise static CFI on six real binaries and show that in five out of six cases, powerful attacks are still possible. Our results suggest that CFI may not be a reliable defense against memory corruption vulnerabilities.

We further evaluate shadow stacks in combination with CFI and find that their presence for security is necessary: deploying shadow stacks removes arbitrary code execution capabilities of attackers in three of six cases.",openalex,llm,0.980,unreviewed,
