status,title,authors,year,venue,doi,url,tags,abstract,provider,decision_source,llm_confidence,llm_review_outcome,llm_change_direction
discarded,Position: IntelliBlox: A Toolkit for Integrating Block-Based Programming into Game-Based Learning Environments,Sandra Taylor; Wookhee Min; Bradford Mott; Andrew Emerson; Andy Smith; Eric Wiebe; James Lester,2019,2019 IEEE Blocks and Beyond Workshop (B&B),10.1109/BB48857.2019.8941222,https://ieeexplore.ieee.org/document/8941222/,adjacent-subtopic,"Block-based programming languages reduce the need to learn low-level programming syntax while enabling novice learners to focus on computational thinking skills. Game-based learning environments have been shown to create effective and engaging learning experiences for students in a broad range of educational domains. The fusion of block-based programming with game-based learning offers significant potential to motivate learners to develop computational thinking skills. A key challenge educational game developers face in creating rich, interactive learning experiences that integrate computational thinking activities is the lack of an embeddable block-based programming toolkit. Current block-based programming languages, such as Blockly and Scratch, cannot be easily embedded into industry-standard 3D game engines. This paper presents IntelliBlox, a Blockly-inspired toolkit for the Unity cross-platform game engine that enables learners to create block-based programs within immersive game-based learning environments. Our experience using IntelliBlox suggests that it is an effective toolkit for integrating block-based programming challenges into game-based learning environments.",ieee,llm,0.940,unreviewed,
kept,Ninja code village for scratch: Function samples/function analyser and automatic assessment of computational thinking concepts,Go Ota; Yosuke Morimoto; Hiroshi Kato,2016,2016 IEEE Symposium on Visual Languages and Human-Centric Computing (VL/HCC),10.1109/VLHCC.2016.7739695,https://ieeexplore.ieee.org/document/7739695/,supports-claim,"Ninja Code Village is a comprehensive learning-support environment for the Scratch, visual programming language. It provides more than 60 sample functions that are commonly used in Scratch projects, and analyses automatically which functions are used in a project in order to foster students' competencies in abstraction, modelling, and decomposition. It also provides automatic assessment of computational thinking concepts such as conditional statements, loops, data, and parallelism in order to develop students' programming skills.",ieee,llm,0.970,unreviewed,
kept,Scratching the surface of digital literacy… but we need to go deeper,Jon Bustillo; Pablo Garaizar,2014,2014 IEEE Frontiers in Education Conference (FIE) Proceedings,10.1109/FIE.2014.7044224,https://ieeexplore.ieee.org/document/7044224/,qualifies-claim,"The popularization of digital educational devices with low barriers to entry has encouraged the development of many training activities oriented towards the incorporation of technology in schools. In some cases, the introduction of technology has led to the development of new educational practices that support the development of computational thinking. However, the supposed benefits of these approaches have not been properly assessed. Moreover, having taught over 30 workshops with the Scratch programming tool to teachers at different educational levels (primary, secondary, university), we found no evidence of subsequent methodological changes in schools. This study tries to understand the dissonance between the alleged success of initiatives around digital literacy and the lack of continuity in the use of user-friendly programming environments like Scratch. For this purpose, we analyzed the evolution of the grades of Scratch programming achieved by the students of the School of Education of Vitoria-Gasteiz and their engagement with Scratch. We also interviewed teachers from different schools who have participated in Scratch workshops with us. After this study, we identified some of the circumstances that facilitate and hinder the development of computational thinking. Since we consider Scratch as a resource that allows the development of new methodological approaches in the classroom as well as the acquisition of skills related to computational thinking, we propose a framework that will help to overcome the current status.",ieee,llm,0.740,unreviewed,
kept,A Visualization Tool to Support Analyzing and Evaluating Scratch Projects,Chih-Kai Chang; Yu-Tzu Tsai; Ya-Lun Chin,2017,2017 6th IIAI International Congress on Advanced Applied Informatics (IIAI-AAI),10.1109/IIAI-AAI.2017.83,https://ieeexplore.ieee.org/document/8113295/,supports-claim,"In this paper, we combined a visualization tool and Dr. Scratch website service to support instructors evaluating the Scratch projects on an online social networking forum: scratch.mit.edu. Scratch is a visual programming language used by youth to design programs like animation, game, or music. Their computational thinking skills take place around program decompositions, program patterns, and data representation in the shared Scratch programs (called projects). Through the exploratory work, we found that some cues, such as deep nested iteration, may be successfully used as indicators of users computational thinking skills. This suggests future directions for assessing youths computational thinking skills development and educational opportunities emerging from shared Scratch projects.",ieee,llm,0.900,unreviewed,
discarded,Capturing and Analyzing User Interactions in Block-Based Programming With Starlogo Nova,Manuel J. Gomez; Daniel Wendel; Eric Klopfer,2025,2025 IEEE Global Engineering Education Conference (EDUCON),10.1109/EDUCON62633.2025.11016581,https://ieeexplore.ieee.org/document/11016581/,adjacent-subtopic,"Block-based programming environments, such as Scratch and StarLogo Nova, are popular in STEM education for introducing algorithmic thinking to non-technical users. However, capturing and understanding students' interactions with these environments in real-time is challenging for educators, limiting their ability to provide effective feedback and support. In this research, we developed an integrated replay system within StarLogo Nova that records and replays student interactions, providing teachers with the ability to review and reflect on these interactions in detail. Additionally, the system also includes analytics features that help educators summarize user interactions and identify key moments, offering perspectives that go beyond what a standard screen capture can provide. We conducted a preliminary evaluation of the system to assess its accuracy in capturing user interactions, confirming its effectiveness for educators in analyzing student behavior. The results are promising, showing improved analytics and a 99.65% reduction in file size compared to traditional screen capture.",ieee,llm,0.920,unreviewed,
kept,Exploring the Programming Concepts Practiced by Scratch Users: an Analysis of Project Repositories,Ad Zeevaarders; Efthimia Aivaloglou,2021,2021 IEEE Global Engineering Education Conference (EDUCON),10.1109/EDUCON46332.2021.9453973,https://ieeexplore.ieee.org/document/9453973/,supports-claim,"Scratch enables children to learn about programming by creating games and animations, and is currently one of the most popular introductory programming languages. While Scratch has been found to increase students' motivation and interest in programming, it has been debated whether Scratch users practice and learn about core programming concepts such as loops, conditional expressions, procedures and variables. This paper presents a large scale study of the progression of the programming concepts practiced by Scratch users through an analysis of their complete public project portfolios. A dataset of over 112 thousand authors and their 1 million projects was constructed and analyzed from three viewpoints. First, we investigate the development of programming concepts by looking at block usage statistics for each project in the users' repositories. Second, we score and analyze the dataset using a computational thinking rubric. Third, we identify users that have left the Scratch platform and evaluate the learning goals they have achieved. Our results show that, while users progress in Scratch, there is a positive trend in the use of all concepts that were examined. Within the least utilized concepts, even after the 20th project of Scratch users, are procedures, conditional loops and logic operations. Examining the users who have left the Scratch platform after creating at least the mean amount of nine projects, we measured that half had left without ever utilizing procedures, and a third had left without ever utilizing conditional loops.",ieee,llm,0.980,unreviewed,
discarded,Development of Computational Thinking Skills: An Experience With Undergraduate Students,Leticia Laura-Ochoa; Norka Bedregal-Alpaca,2021,2021 XVI Latin American Conference on Learning Technologies (LACLO),10.1109/LACLO54177.2021.00070,https://ieeexplore.ieee.org/document/9725213/,adjacent-subtopic,"Computational thinking is a type of analytical thinking that is developed intentionally, that is, under a “learned” approach, and the best way to learn it is through computer programming. In this paper, the experience of using block-based programming environments such as Scratch, Lightbot and the PSelnt pseudo-code tool for the understanding of computational concepts and development of computational thinking skills is reported. A quasi-experimental methodological design was used, since it did not work with a control group. A mixed exploratory investigation was carried out. 85 first-year students from the Accounting Professional School of the National University of San Agustin de Arequipa participated in the experience. The results show that in introductory programming courses of short time period, teaching with block-based programming environments compared to the use of pseudocode with the PSelnt tool, facilitates the appropriation of computational concepts and the development of computational thinking skills; thus obtaining better learning results. It is concluded that block-based programming environments favor the construction of knowledge and foster the development of creativity and algorithmic thinking.",ieee,llm,0.890,unreviewed,
discarded,The Practice and Exploration of Scratch Programming Instruction in Elementary School Based on Game Design,Yang Huansong; Wu Jia’En; Shen Mengting,2021,"2021 IEEE Conference on Telecommunications, Optics and Computer Science (TOCS)",10.1109/TOCS53301.2021.9688834,https://ieeexplore.ieee.org/document/9688834/,adjacent-subtopic,"With the proposal of quality-oriented education, Scratch programming teaching in elementary schools is of great importance to the growth and development of students. The visual interface, building block programming, and easy-to-use features of Scratch are suitable for teaching elementary school students, which can also better cultivate students’ analytical problem-solving skills and enhance their logical thinking. However, only a part of schools and students are currently learning this programming, and it is not popular enough yet. Moreover, if the teaching is mainly based on the teacher’s explanation, it will be boring. Therefore, there is a need to explore the teaching based on game design and combine teaching with fun, so that learning can become a more acceptable “game” for students, making the classroom atmosphere more active and improving the teaching quality of the classroom.",ieee,llm,0.950,unreviewed,
discarded,Developing Computational Thinking in STEM Education with Drones,Farha Sattar; Muhammad Nawaz,2023,2023 IEEE Global Engineering Education Conference (EDUCON),10.1109/EDUCON54358.2023.10125117,https://ieeexplore.ieee.org/document/10125117/,adjacent-subtopic,"Recent trends in Science, Technology, Engineering, and Mathematics (STEM) education are focused on developing problem-solving skills and computational thinking and empowering students with the STEM discipline's knowledge to solve real-world problems. STEM incorporates an interdisciplinary approach that includes inquiry, analysis, critical thinking, practical experimentation, and cooperative problem-solving. Technological advancements are offering new ways to integrate new tools such as drones, robotics and gaming in teaching and learning practices and modify the pedagogical approaches that are more appealing and engaging. This paper presents an innovative pedagogical approach and practice that integrate drone technology and block-based programming to foster students' computation thinking in a STEM context. The block-based visual programming languages provide an interactive environment to connect the blocks and write programs. The study was conducted in six Australian schools. Students were assigned projects to automate drones using the DroneBlocks app and make programs to fly the drone in different geometrical patterns; straight line, arch, rectangle, triangles and zig-zag and integrate the various manoeuvres; bounce, 8D flips, and throw & go along flight paths. Students' computational thinking development was examined with an emphasis on their performance in formulating and problem-solving. Results have shown that integrated drone and programming pedagogy contributed significantly to students' learning of developing computational thinking for problem-solving and decomposing a problem into smaller parts in a sequence that includes mathematical algorithms to write programs.",ieee,llm,0.920,unreviewed,
discarded,The Effects of Flipped Classroom on Learning Achievement in Block-Based Programming Education,Victor Wan-Chong Choi; Huey Lei; António José Mendes,2023,2023 11th International Conference on Information and Education Technology (ICIET),10.1109/ICIET56899.2023.10111237,https://ieeexplore.ieee.org/document/10111237/,adjacent-subtopic,"With the rapid development of science and technology over the world, programming education has shown as a trend in decades. Programming courses have been offered in primary education to promote students’ computational thinking skills. However, teaching and learning programming in primary schools involve different knowledge including complex mathematical concepts and programming syntax. Also, traditional teaching methods may not effectively cater for students’ individual needs and learning trajectories. Thus, learning difficulties are common among students. Teachers keep examining innovation on programming education to improve their teaching. This study investigated used a pretest-posttest method with two groups of grade five students in Macao, to compare the influence of two pedagogical strategies, flipped classroom and traditional teaching, in students’ learning achievements. The major findings of the study showed that the experimental group in flipped classroom had significantly higher learning achievements than the control group in the programming course. Moreover, the students in the flipped classroom showed a significant effective mastery of more complex programming concepts, such as conditions and loops.",ieee,llm,0.960,unreviewed,
kept,PC-01: Introduction to computational thinking: Educational technology in primary and secondary education,Xabier Basogain; M. A. Olabe; Juan Carlos Olabe; R. Ramírez; M. Del Rosario; J. Garcia,2016,2016 International Symposium on Computers in Education (SIIE),10.1109/SIIE.2016.7751816,https://ieeexplore.ieee.org/document/7751816/,supports-claim,"This article describes the design and implementation of the course Introduction to Computational Thinking (PC-01) for primary and secondary education. The course introduces the “concepts” and core “processes” of Computational Thinking using a visual programming environment. The design of the course PC-01 includes a set of multimedia content, learning tools and technologies that help teachers and students in the teaching-learning process. These tools allow the teacher the successful delivery of the course content as well as the individual/collective monitoring of students' progress in the course. Students have access to their progress throughout the course and participate in creative and collaborative tasks. This course also serves to introduce transversely educational technologies to many students of primary and secondary education. The technological environment integrates the online teaching resources and the methodological tools of the course. The course uses Scratch 2.0 as the programming environment and Moodle as the learning platform. At present the course is being implemented in public schools in the Dominican Republic.",ieee,llm,0.830,unreviewed,
discarded,Block-oriented programming with tangibles: An engaging way to learn computational thinking skills,Alessio Malizia; Tommaso Turchi; Kai A. Olsen,2017,2017 IEEE Blocks and Beyond Workshop (B&B),10.1109/BLOCKS.2017.8120413,https://ieeexplore.ieee.org/document/8120413/,adjacent-subtopic,"Block-oriented programming environments, such as Scratch and AppInventor, have become mainstream and have helped introduce non-programmers to algorithmic thinking; that is, to computational thinking (CT) skills. In various experiments, referenced in this paper, we observed how objects (tangibles) augmented with digital properties - that is, tangible user interface (TUI) objects - can help develop CT skills. We investigate which paradigm can be used to introduce CT skills with TUIs. By drawing on past experience, we conclude that block-oriented programming provides a suitable answer to our research questions. Furthermore, we introduce a framework for implementing block-oriented programmable objects that we believe can help end-users learn CT skills.",ieee,llm,0.880,unreviewed,
kept,Software clones in scratch projects: on the presence of copy-and-paste in computational thinking learning,Gregorio Robles; Jesús Moreno-León; Efthimia Aivaloglou; Felienne Hermans,2017,2017 IEEE 11th International Workshop on Software Clones (IWSC),10.1109/IWSC.2017.7880506,https://ieeexplore.ieee.org/document/7880506/,supports-claim,"Computer programming is being introduced in schools worldwide as part of a movement that promotes Computational Thinking (CT) skills among young learners. In general, learners use visual, block-based programming languages to acquire these skills, with Scratch being one of the most popular ones. Similar to professional developers, learners also copy and paste their code, resulting in duplication. In this paper we present the findings of correlating the assessment of the CT skills of learners with the presence of software clones in over 230,000 projects obtained from the Scratch platform. Specifically, we investigate i) if software cloning is an extended practice in Scratch projects, ii) if the presence of code cloning is independent of the programming mastery of learners, iii) if code cloning can be found more frequently in Scratch projects that require specific skills (as parallelism or logical thinking), and iv) if learners who have the skills to avoid software cloning really do so. The results show that i) software cloning can be commonly found in Scratch projects, that ii) it becomes more frequent as learners work on projects that require advanced skills, that iii) no CT dimension is to be found more related to the absence of software clones than others, and iv) that learners -even if they potentially know how to avoid cloning- still copy and paste frequently. The insights from this paper could be used by educators and learners to determine when it is pedagogically more effective to address software cloning, by educational programming platform developers to adapt their systems, and by learning assessment tools to provide better evaluations.",ieee,llm,0.900,unreviewed,
discarded,Educational Robotics and Block-Based Programming: Teacher Education in Brusque/SC,Fabiana Coronel Da Silva; Taiani Vicentini; Franciele Márcia Mayer; Ivanete Lago Groh,2025,2025 Brazilian Symposium on Robotics (SBR) and 2025 Workshop on Robotics in Education (WRE),10.1109/SBR/WRE66973.2025.11249522,https://ieeexplore.ieee.org/document/11249522/,adjacent-subtopic,"This article presents the experience of the Itinerant Educational Robotics Laboratory Project (LIRE) in the public school system of Brusque, Santa Catarina, Brazil. The initiative aims to democratize access to educational robotics and digital culture through the continuous training of teachers and monitors. The project promotes the use of block-based programming platforms-such as Scratch, Mblock, and Tinkercad-as accessible and intuitive tools for developing pedagogical practices aligned with the Base Nacional Comum Curricular and active methodologies. The results show increased engagement and autonomy among educators, interdisciplinary teaching practices, and significant student involvement in robotics clubs. Challenges such as infrastructure limitations and initial teacher resistance were addressed through methodological strategies focused on hands-on learning and collective experimentation.",ieee,llm,0.940,unreviewed,
