status,title,authors,year,venue,doi,url,tags,abstract,provider,decision_source,llm_confidence,llm_review_outcome,llm_change_direction
discarded,Collaborative construction of artificial intelligence curriculum in primary schools,Yun Dai; Ang Liu; Jianjun Qin; Yanmei Guo; Morris Siu–Yung Jong; Ching Sing Chai; Ziyan Lin,2022,Journal of Engineering Education,10.1002/jee.20503,https://openalex.org/W4313357303,adjacent-subtopic,"Abstract Background The recent discussion of introducing artificial intelligence (AI) knowledge to K–12 students, like many engineering and technology education topics, has attracted a wide range of stakeholders and resources for school curriculum development. While teachers often have to directly interact with external stakeholders out of the public schooling system, few studies have scrutinized their negotiation process, especially teachers' responses to external influences, in such complex environments. Purpose Guided by an integrated theoretical framework of social constructionism, this research examined the process of how a teacher‐initiated AI curriculum was constructed with external influences. The research focused on teachers' perspectives and responses in mediating external influences into local schools and classrooms. Methods A 3‐year ethnographic study was conducted in relation to an AI curriculum project among 23 Computer Science (CS) teachers from primary schools. Data collected from ethnographic observation, teacher interviews, and artifacts, were analyzed using open coding and triangulation rooted in the ethnographic, interpretivist approach. Results Three sets of external influences were found salient for teachers' curriculum decisions, including the orientation of state‐level educational policies, AI faculty at a partner university, and students' media and technology environments. The teachers' situational logics and strategic actions were reconstructed with thick descriptions to uncover how they navigated and negotiated the external influences to fulfill local challenges and expectations in classrooms and schools. Conclusions The ethnographic study uncovered the dynamic and multifaceted negotiation involved in the collaborative curriculum development, and offers insights to inform policymaking, teacher education, and student support in engineering education.",openalex,llm,0.930,unreviewed,
kept,A Summary of Misconceptions of High School Basic Programmers,Ralph T. Putnam; D. Sleeman; Juliet A. Baxter; Laiani K. Kuspa,1986,Journal of Educational Computing Research,10.2190/fgn9-dj2f-86v8-3fau,https://openalex.org/W2042124586,supports-claim; misconceptions-review,"This study examined high school students' knowledge about constructs in the BASIC programming language. A screening test was administered to ninety-six students, fifty-six of whom were interviewed. Students were asked to trace simple programs and predict their output. Errors in virtually all BASIC constructs we examined were observed, with many of the misconceptions arising from the application of knowledge and reasoning from informal domains to programming. It is argued that a lack of knowledge of basic features of programming language will prevent students from developing the higher-level cognitive skills that much programming instruction is intended to foster.",openalex,llm,0.990,unreviewed,
discarded,Introductory programming: a systematic literature review,Andrew Luxton-Reilly; Simon; Ibrahim Albluwi; Brett A. Becker; Michail N. Giannakos; Amruth N. Kumar; Linda Ott; James H. Paterson; Michael Scott; Judy Sheard; Claudia Szabo,2018,,10.1145/3293881.3295779,https://openalex.org/W2910880405,adjacent-subtopic,"As computing becomes a mainstream discipline embedded in the school curriculum and acts as an enabler for an increasing range of academic disciplines in higher education, the literature on introductory programming is growing. Although there have been several reviews that focus on specific aspects of introductory programming, there has been no broad overview of the literature exploring recent trends across the breadth of introductory programming.",openalex,llm,0.880,unreviewed,
discarded,"A Shared Challenge: Improving Literacy, Numeracy and Science Learning in Queensland Primary Schools",Geoff N Masters,2009,ACEReSearch Repository (Australian Council for Educational Research),,https://openalex.org/W1495850590,off-topic-false-hit,"Following the release of Queensland results in the 2008 National Assessment Program - Literacy and Numeracy (NAPLAN) and the 2007 Trends in International Mathematics and Science Study (TIMSS) late in 2008, the Premier, Anna Bligh, requested an independent review of literacy, numeracy and science standards in Queensland primary schools. The review was asked to examine available data on the performances of Queensland students and, drawing on international research evidence, to provide advice in the areas of curriculum, assessment and teacher quality. In particular, the review was asked to identify existing effective practices, to propose ways in which these could be scaled up, and to make recommendations for new strategies or initiatives for improving levels of literacy, numeracy and science achievement in Queensland primary schools. The review was conducted between December 2008 and April 2009 and included analyses of the performances of Queensland students in national and international achievement surveys; a review of international research into the characteristics of highly effective teachers, schools and education systems; consultations with a range of stakeholders; and visits to a small number of selected primary schools.",openalex,llm,0.990,unreviewed,
discarded,Identifying pre-service physics teachers’ misconceptions and conceptual difficulties about geometrical optics,Derya Kaltakci-Gurel; Ali Eryılmaz; Lillian C. McDermott,2016,European Journal of Physics,10.1088/0143-0807/37/4/045705,https://openalex.org/W2360881450,off-topic-false-hit,"Abstract This study investigated pre-service physics teachers’ (PSPTs) misconceptions and conceptual difficulties about geometrical optics in the contexts of plane mirrors (single and hinged), spherical mirrors (concave and convex) and lenses (converging and diverging) using prolonged interviews and an open-ended test. The interviews were conducted in five sessions with a divergent sample of 16 PSPTs, and the open-ended geometrical optics test (OEGOT) was administered to a sample of 52 PSPTs in Turkey. The interview guide and the OEGOT included mainly qualitative questions, which were specifically designed to elicit and examine PSPTs’ misconceptions about geometrical optics. Several misconceptions held by PSPTs were identified and discussed. We found that PSPTs mainly had difficulties with the ray model, the function of the observer in the real and virtual image formation and observation processes, and the function of the screen in image formation and observation processes. Also the misconceptions in plane mirrors were found to be more coherent and experience-based while the ones in spherical mirrors and lenses were fragmented and loosely held in nature and mostly based on instruction.",openalex,llm,0.990,unreviewed,
discarded,The Children of Divorce Intervention Program: An investigation of the efficacy of a school-based prevention program.,JoAnne L. Pedro‐Carroll; Emory L. Cowen,1985,Journal of Consulting and Clinical Psychology,10.1037//0022-006x.53.5.603,https://openalex.org/W2165959156,off-topic-false-hit,"This study evaluates the effectiveness of the Children of Divorce Intervention Program (CODIP), a school-based, preventively oriented 10-week group program for fourth-grade through sixth-grade children of divorce. CODIP creates a supportive group atmosphere in which children can share divorce-related feelings, clarify common misconceptions, and reduce feelings of isolation and builds competence by teaching problem-solving, communication, and anger control skills to help children cope adaptively with challenges posed by parental divorce. Seventy-two children of divorce, in demographical ly matched groups, were assigned randomly to an immediate intervention (experimental) or a delayed intervention (control) group. The experimental group improved significantly more on teacher ratings of problem behaviors and competence and parent ratings of adjustment and self-reported anxiety. Group leaders also rated experimental group children as having improved significantly. The divorce rate in the United States has increased dramatically, indeed nearly tripled, since 1960 (Report of the Select Committee on Children, Youth, and Families, 1983). It is now estimated that at least 1 million children experience parental divorce annually. The stressful nature of that experience increases the likelihood of adverse effects on their psychological well-being. Because the latter point is well documented in empirical studies and reviews (e.g., Emery, 1982; Felner, Farber, & Primavera, 1980; Hetherington, 1979; Kalter, 1977; Kurdek, 1981; Wallerstein & Kelly, 1979), the present account is limited to several high-impact projects illuminating the psychological problems of children of divorce. Wallerstein and Kelly's 10-year, longitudinal study of 131 children of divorce from middleclass families in Marin County, California",openalex,llm,0.990,unreviewed,
kept,Teaching Programming in Secondary School: A Pedagogical Content Knowledge Perspective,Mara Saeli; Jacob Perrenet; Wim Jochems; Bert Zwaneveld,2011,Informatics in Education,10.15388/infedu.2011.06,https://openalex.org/W1509940907,adjacent-subtopic,"The goal of this literature study is to give some preliminary answers to the questions that aim to uncover the Pedagogical Content Knowledge (PCK) of Informatics Education, with focus on Programming. PCK has been defined as the knowledge that allows teachers to transform their knowledge of the subject into something accessible for their students. The core questions to uncover this knowledge are: what are the reasons to teach programming; what are the concepts we need to teach programming; what are the most common difficulties/misconceptions students encounter while learning to program; and how to teach this topic. Some of the answers found are, respectively: enhancing students' problem solving skills; programming knowledge and programming strategies; general problems of orientation; and possible ideal chains for learning computer programming. Because answers to the four questions are in a way not connected with each other, PCK being an unexplored field in Informatics Education, we need research based efforts to study this field.",openalex,llm,0.880,unreviewed,
discarded,A phenomenographic approach on teacher conceptions of teaching Artificial Intelligence (AI) in K-12 schools,King Woon Yau; Ching Sing Chai; Thomas K. F. Chiu; Helen Meng; Irwin King; Yeung Yam,2022,Education and Information Technologies,10.1007/s10639-022-11161-x,https://openalex.org/W4285587929,adjacent-subtopic,"Abstract Artificial intelligence (AI) education for K-12 students is an emerging necessity, owing to the rapid advancement and deployment of AI technologies. It is essential to take teachers’ perspectives into account when creating ecologically valid AI education programmes for K-12 settings. However, very few studies investigated teacher perception of AI education. Phenomenography is an empirical research method that was widely used to understand teacher’s interpretive understanding of new phenomenon, in this study, the teaching of AI in secondary school. Therefore, the present study investigated teachers’ conceptions of teaching AI using a phenomenographic approach. Twenty-eight in-service teachers from 17 secondary schools in Hong Kong were invited to participate in an interview after implementing an AI curriculum. Six categories of teacher conceptions were identified: (1) technology bridging, (2) knowledge delivery, (3) interest stimulation, (4) ethics establishment, (5) capability cultivation, and (6) intellectual development. The hierarchical relationships of the six concepts were organised as an outcome space. The space shows a range of surface to deep conceptions and offers an understanding of how teachers perceive AI education through their teaching experience. Two learning paths have been suggested for cultivating technical and non-technical teachers for teaching AI. These learning paths provide insights for teacher educators and policymakers to enhance teachers’ competence in teaching AI and promote general AI education for K-12 students.",openalex,llm,0.920,unreviewed,
discarded,"A tutorial on pilot studies: the what, why and how",Lehana Thabane; Jinhui Ma; Rong Chu; Ji Cheng; Afisi Ismaila; Lorena P Rios; Reid Robson; Marroon Thabane; Lora Giangregorio; Charles H. Goldsmith,2010,BMC Medical Research Methodology,10.1186/1471-2288-10-1,https://openalex.org/W2170182466,off-topic-false-hit,"Pilot studies for phase III trials - which are comparative randomized trials designed to provide preliminary evidence on the clinical efficacy of a drug or intervention - are routinely performed in many clinical areas. Also commonly know as ""feasibility"" or ""vanguard"" studies, they are designed to assess the safety of treatment or interventions; to assess recruitment potential; to assess the feasibility of international collaboration or coordination for multicentre trials; to increase clinical experience with the study medication or intervention for the phase III trials. They are the best way to assess feasibility of a large, expensive full-scale study, and in fact are an almost essential pre-requisite. Conducting a pilot prior to the main study can enhance the likelihood of success of the main study and potentially help to avoid doomed main studies. The objective of this paper is to provide a detailed examination of the key aspects of pilot studies for phase III trials including: 1) the general reasons for conducting a pilot study; 2) the relationships between pilot studies, proof-of-concept studies, and adaptive designs; 3) the challenges of and misconceptions about pilot studies; 4) the criteria for evaluating the success of a pilot study; 5) frequently asked questions about pilot studies; 7) some ethical aspects related to pilot studies; and 8) some suggestions on how to report the results of pilot investigations using the CONSORT format.",openalex,llm,1.000,unreviewed,
discarded,Pedagogical Design of K-12 Artificial Intelligence Education: A Systematic Review,Miao Yue; Morris Siu–Yung Jong; Yun Dai,2022,Sustainability,10.3390/su142315620,https://openalex.org/W4309852220,adjacent-subtopic,"In response to the growing popularity of artificial intelligence (AI) usage in daily life, AI education is increasingly being provided at the K-12 level, with relevant initiatives being launched worldwide. Examining how these programs have been implemented and summarizing useful experiences is thus imperative. Although prior reviews have described the characteristics of AI education programs in publications, the papers reviewed were mostly nonempirical reports, and the analysis typically only involved a descriptive summary. The current review focuses on the most recent empirical studies on AI teaching programs in K-12 contexts through a systematic search of the Web of Science database from 2010 to 2022. To provide a comprehensive overview of the status of AI teaching and learning (T&L), 32 empirical studies were analyzed both descriptively and thematically. We analyzed (1) the research status, (2) the pedagogical design, and (3) the assessments and outcomes of the AI teaching programs. An increasing number of studies have focused on AI education at the K-12 stage, but most of them have a small sample size. Moreover, the data were mostly collected through interviews and self-reports. We reviewed the pedagogical design of AI teaching programs by using Gerlach and Ely’s pedagogical design model. The results comprehensively delineated current AI teaching programs through nine dimensions: learning theory, pedagogical approach, T&L activities, learning content, scale, teaching resources, prior knowledge prerequisite, aims and objectives, assessment, and learning outcome. The results highlighted the positive impact of current AI teaching programs on students’ motivation, engagement, and attitude. However, we observed a lack of sufficient research objectively measuring students’ knowledge acquisition as learning outcomes. Overall, in this paper, we discussed relevant findings in terms of research trends, learning content, teaching units, characteristics of the pedagogical design, and assessment and evaluation by providing illustrations of exemplary designs; we also discussed future directions for research and practice in AI education in the K-12 context.",openalex,llm,0.930,unreviewed,
discarded,Conceptual Difficulties in the Empirical Study of Bilateral Investment Treaties,Jason Webb Yackee,2007,bepress Legal Repository,,https://openalex.org/W122486785,off-topic-false-hit,"Bilateral investment treaties (BITs) have emerged as one of the most visible aspects of the legalization of host state-foreign investor relations. They have unsurprisingly attracted the attention of empirical researchers, who attempt to explain the treaties' causes and consequences. I argue that extant studies typically ignore two important conceptual difficulties that render the studies' conclusions suspect. First, analysts routinely fail to appropriately define the relevant universe of treaties, automatically relying on a theoretically flawed United Nations compilation that ignores important differences in the procedural content of the treaties. I present an empirical examination of the investor-state dispute settlement provisions of nearly 1000 BITs that demonstrates significant variation in the extent to which the treaties might meaningfully serve to credibly commit host states to treat investors favorably. Second, analysts fail to consider whether alternative policy instruments might serve as reasonably effective substitutes for BITs. I argue that BITs are hardly the inevitable solution to the supposedly insoluble problem of the obsolescing bargain that they are frequently held out to be.",openalex,llm,0.990,unreviewed,
discarded,The neglect of child neglect: a meta-analytic review of the prevalence of neglect,Marije Stoltenborgh; Marian J. Bakermans‐Kranenburg; Marinus H. van IJzendoorn,2012,Social Psychiatry and Psychiatric Epidemiology,10.1007/s00127-012-0549-y,https://openalex.org/W1997029803,off-topic-false-hit,"PURPOSE: The aim of the current meta-analysis was to provide an estimate of the prevalence of physical and emotional neglect by integrating prevalence figures from the body of research reporting on neglect. An attempt was also made to unravel the substantial variation in prevalence figures reported in primary studies by analyzing the effects of procedural factors and sample characteristics on combined prevalence rates. METHODS: Studies providing prevalence rates of child neglect were searched using electronic databases, exploring specialized journals, and by searching references of publications for other relevant studies. Data were extracted using a coding system. Intercoder reliability was satisfactory. A comprehensive meta-analysis was conducted. RESULTS: Child physical neglect prevalence rates were found for 13 independent samples with a total of 59,406 participants, and child emotional neglect prevalence rates were found for 16 independent samples with a total of 59,655 participants. The overall estimated prevalence was 163/1,000 for physical neglect, and 184/1,000 for emotional neglect, with no apparent gender differences. The influence of research design factors on the prevalence of physical neglect was more pronounced than on the prevalence of emotional neglect. Studies on physical neglect in 'low-resource' countries were conspicuously absent. CONCLUSIONS: Child neglect is a problem of considerable extent, but seems to be a neglected type of maltreatment in scientific research. This is illustrated by the deplorable dearth of studies on child neglect, especially in low-resource countries. Recommendations for the design of future prevalence studies are proposed.",openalex,llm,1.000,unreviewed,
discarded,Folding DNA to create nanoscale shapes and patterns,Paul W. K. Rothemund,2006,Nature,10.1038/nature04586,https://openalex.org/W2126961173,off-topic-false-hit,"'Bottom- up fabrication', which exploits the intrinsic properties of atoms and molecules to direct their self- organization, is widely used to make relatively simple nanostructures. A key goal for this approach is to create nanostructures of high complexity, matching that routinely achieved by ' top- down' methods. The self- assembly of DNA molecules provides an attractive route towards this goal. Here I describe a simple method for folding long, single- stranded DNA molecules into arbitrary two- dimensional shapes. The design for a desired shape is made by raster- filling the shape with a 7- kilobase single- stranded scaffold and by choosing over 200 short oligonucleotide ' staple strands' to hold the scaffold in place. Once synthesized and mixed, the staple and scaffold strands self- assemble in a single step. The resulting DNA structures are roughly 100 nm in diameter and approximate desired shapes such as squares, disks and five- pointed stars with a spatial resolution of 6 nm. Because each oligonucleotide can serve as a 6- nm pixel, the structures can be programmed to bear complex patterns such as words and images on their surfaces. Finally, individual DNA structures can be programmed to form larger assemblies, including extended periodic lattices and a hexamer of triangles ( which constitutes a 30- megadalton molecular complex).",openalex,llm,0.990,unreviewed,
