status,title,authors,year,venue,doi,url,tags,abstract,provider,decision_source,llm_confidence,llm_review_outcome,llm_change_direction
kept,"Computational thinking learning experiences, outcomes, and research in preschool settings: a scoping review of literature.",Kate I. McCormick; Jacob A. Hall,2022,Educ. Inf. Technol.,10.1007/S10639-021-10765-Z,https://dblp.org/rec/journals/eait/McCormickH22,supports-claim,"When implemented appropriately, computational thinking (CT) experiences in early childhood settings build essential literacy skills and foster initial explorations of sequencing, engineering design principles, and cause-and-effect relationships. While existing research explores CT in K-12 settings, there is insufficient research documenting the true scope of CT skills for preschool-age children (ages 3-5 years old). Thus, the paucity of research in this emerging area warranted a scoping review approach. This scoping review surveys existing CT studies with preschool-age participants and maps what is known of CT learning experience design, intended educational outcomes, and CT study design. Evidence from the reviewed articles (n = 17) indicate most studies used physical kits, task-oriented activities, and varying experience timeframes and adult scaffolding. Most studies focused on learning sequencing and events with few embedding remixing and reusing skills. Additionally, studies primarily implemented pre-post research design approaches, and few utilized qualitative methods. The analysis of the reviewed articles indicates gaps exist in CT experience designs, scope of CT interventions, and CT tool research and development. We conclude with recommendations for closing the knowledge gaps by providing specific future research directions.",dblp,llm,0.900,unreviewed,
kept,Mapping computational thinking through programming in K-12 education: A conceptual model based on a systematic literature Review.,Christina Tikva; Efthimios Tambouris,2021,Comput. Educ.,10.1016/J.COMPEDU.2020.104083,https://dblp.org/rec/journals/ce/TikvaT21,supports-claim,"Computational Thinking (CT) through programming attracts increased attention as it is considered an ideal medium for the development of 21st century skills. This intense attention leads to K-12 initiatives around the world and a rapid increase in relevant research studies. However, studies show challenges in CT research and educational practice. In addition, the domain has not been mapped to facilitate comprehensive understanding of the domain challenges and development of CT curricula. The purpose of this study is to develop a conceptual model based on a systematic literature review that maps the CT through programming in K-12 education domain. The proposed Computational Thinking through Programming in K-12 education (CTPK-12) conceptual model emerges from the synthesis of 101 studies and the identification of CT Areas. The proposed model consists of six CT Areas (namely Knowledge Base, Learning Strategies, Assessment, Tools, Factors and Capacity Building) and their relationships. The model could aid domain understanding and serve as a basis for future research studies. In addition, it could support the integration of CT into K-12 educational practices, providing evidence to educational stakeholders and researchers as well as bringing closer research, practice and policy.",dblp,llm,0.920,unreviewed,
discarded,Educational Challenges for Computational Thinking in K-12 Education: A Systematic Literature Review of &quot;Scratch&quot; as an Innovative Programming Tool.,Hugo Montiel; Marcela Georgina Gómez Zermeño,2021,Comput.,10.3390/COMPUTERS10060069,https://dblp.org/rec/journals/computers/MontielZ21,adjacent-subtopic,"The use of information and communications technologies (ICTs) has emerged as an educational response amidst the COVID-19 pandemic, providing students the technological tools that enable them to acquire or strengthen the necessary digital skills to develop computational knowledge. The purpose of this study was to analyze Scratch, a programming language used to foster the teaching of computational thinking, particularly in K–12 education. A systematic literature review (SLR) was conducted, identifying 30 articles on the topic of Scratch and computational thinking in the database ProQuest Central from January 2010 to May 2020. These articles were analyzed to identify the use of Scratch worldwide and the educational impact it has on computational thinking, specifically in K–12 education. The results highlight the following: (1) countries which incorporated Scratch into their teachers’ study plans (curricula); (2) the transformation of learning environments that Scratch promotes; and (3) the importance of incorporating tools like Scratch in the current curricula and, more importantly, developing the framework for innovative ICTs capable of transforming education.",dblp,llm,0.860,unreviewed,
kept,A critical review of literature on &quot;unplugged&quot; pedagogies in K-12 computer science and computational thinking education.,Wendy Huang; Chee-Kit Looi,2021,Comput. Sci. Educ.,10.1080/08993408.2020.1789411,https://dblp.org/rec/journals/csedu/HuangL21,qualifies-claim,"ABSTRACT Background and Context Computational thinking (CT) is considered as a valuable literacy for all students, and its inclusion in compulsory schooling could increase the numbers of underrepresented students who pursue computing-related careers. Computer Science Unplugged (CSU) had success in making computer science (CS) accessible to K–12 students in outreach settings. Such “unplugged” approaches have the potential to do the same in formal education. Objective This review considers how research findings on unplugged pedagogies might advance CS/CT education priorities, while highlighting areas of unknown and tension. Method We conducted a search in academic databases using terms +unplugged “computer science” and +unplugged CT, and related terms. Findings We synthesized our review with existing ones to inform the priorities of CS-for-all and CT development. We surfaced CSU’s limitations to broaden access for underrepresented students and suggested a remedy. We proposed 10 research questions that fill key gaps to support efforts that provide just access to quality CS/CT education.",dblp,llm,0.890,unreviewed,
discarded,Pedagogical Approaches in Computational Thinking-Integrated STEAM Learning Settings: A Literature Review.,Ashok Kumar Veerasamy; Peter Larsson; Mikko-Ville Apiola; Daryl J. D&apos;Souza; Mikko-Jussi Laakso,2021,SAI,10.1007/978-3-030-80129-8_27,https://dblp.org/rec/conf/sai/VeerasamyLADL21,adjacent-subtopic,,dblp,llm,0.800,unreviewed,
discarded,Computational thinking in higher education: A review of the literature.,Joseph A. Lyon; Alejandra J. Magana,2020,Comput. Appl. Eng. Educ.,10.1002/CAE.22295,https://dblp.org/rec/journals/caee/LyonM20,adjacent-subtopic,"Computational thinking is of growing interest to the science, technology, engineering, and mathematics (STEM) education research community. Calls from national agencies look to increase computation in STEM education. This review identifies key areas for future study by reviewing recent empirical studies that investigate computational thinking in teaching and learning contexts within higher education. Using a systematic process, this review identified four different databases for peer‐reviewed research articles using keywords. Results were evaluated against inclusion and exclusion criteria. Studies were analyzed for types of methods, target population, the role of computational thinking, pedagogical designs used, and significant findings of the study. This process resulted in a final set of 13 studies. The results indicate that computational thinking research in higher education is growing, yet there are opportunities for more research. The findings of this study highlight the need for more concrete definitions and implementations of computational thinking within higher education spaces.",dblp,llm,0.890,unreviewed,
discarded,Mathematics Learning through Computational Thinking Activities: A Systematic Literature Review.,Thiago S. Barcelos; Roberto Muñoz-Soto; Rodolfo Villarroel; Erick Merino; Ismar Frango Silveira,2018,J. Univers. Comput. Sci.,,https://dblp.org/rec/journals/jucs/BarcelosMVMS18,adjacent-subtopic,,dblp,llm,0.780,unreviewed,
discarded,Gender and Computational Thinking: Review of the literature and applications.,Elisenda Eva Espino Espino; Carina S. González-González,2016,Interacción,,https://dblp.org/rec/conf/interaccion/EspinoG16,adjacent-subtopic,,dblp,llm,0.740,unreviewed,
discarded,The role of software frameworks in the development of computational thinking in software engineering education: a systematic review,"Ruano-Lara, Erick",2026,FRONTIERS IN EDUCATION,10.3389/feduc.2026.1863091,https://www.webofscience.com/wos/woscc/full-record/WOS:001827530400001,adjacent-subtopic,"Computational thinking has become a fundamental competency in software engineering education due to its contribution to problem-solving, algorithm design, abstraction, and logical reasoning. At the same time, software frameworks have gained increasing relevance as technological environments capable of supporting both software development and educational processes. Despite the growing body of literature in these areas, limited evidence has been synthesized regarding the role of software frameworks in fostering computational thinking skills within software engineering education. The objective of this study was to analyze the role of software frameworks in the development of computational thinking through a systematic review of the scientific literature. The review followed the PRISMA 2020 guidelines and was conducted using publications retrieved from IEEE Xplore, ScienceDirect, SpringerLink, SciELO, Redalyc, and Dialnet. A total of 211 records were initially identified, of which 24 studies met the predefined eligibility criteria and were included in the final analysis. The findings revealed the predominance of widely adopted software frameworks such as Django and Spring, together with the increasing use of educational and adaptive learning frameworks. Among the dimensions of computational thinking, algorithmic thinking and abstraction were the most frequently reported. The reviewed studies suggest that software frameworks may contribute to the development of computational thinking by promoting modular problem decomposition, pattern recognition, abstraction, and structured algorithmic reasoning. In conclusion, software frameworks represent valuable educational resources that may support the development of computational thinking competencies within software engineering education. However, the available evidence remains methodologically heterogeneous, highlighting the need for further empirical and experimental research to better understand the impact of framework-based learning environments on computational thinking development.",wos,llm,0.950,unreviewed,
discarded,Shaping computational thinking through tangible user interfaces. A systematic review of educational contexts and impacts,"Avramidou, Ariadni; Kazanidis, Ioannis",2026,ETR&D-EDUCATIONAL TECHNOLOGY RESEARCH AND DEVELOPMENT,10.1007/s11423-026-10679-y,https://www.webofscience.com/wos/woscc/full-record/WOS:001827367400001,adjacent-subtopic,"The ability to think computationally has become an essential ability that facilitates algorithm design, logical analysis and problem-solving. Tangible User Interfaces (TUIs), integrating digital and physical interactions, constitute a promising tool for enhancing Computational Thinking (CT). After screening 3.348 records, 27 studies published between 2019 and 2024 were selected through a systematic search of five databases (Google Scholar, Scopus, Web of Science, ERIC, ACM Digital Library) following PRISMA guidelines for systematic reviews using defined inclusion and exclusion criteria. Data were extracted on study design, educational context, TUI tools and reported learning outcomes examining TUIs educational uses and effects in developing CT skills in terms of inclusion and accessibility and synthesized narratively with descriptive statistics. The results demonstrate that TUIs significally enhance CT by improving not only cognitive performance but also soft and performance skills, such as collaboration, communication, problem-solving and critical thinking. Additionally, inclusive tools such as Torino and TACTOPI ensured inclusive learning opportunities for students with disabilities with the provision of multisensory feedback. The findings underscore the critical need for integrating a variety of TUI-based tools at all educational levels and settings, enhancing the learning experience and expanding access to knowledge. While their impact is most evident on shaping CT in early childhood and primary education, TUIs also hold untapped potential in secondary education where research remains limited. The review highlights the positive influence of TUIs in shaping CT across diverse educational contexts, extending beyond STEAM education to areas such as maths or even road safety education.",wos,llm,0.940,unreviewed,
kept,PEDAGOGICAL APPROACH TO COMPUTATIONAL THINKING IN EARLY CHILDHOOD EDUCATION: A SYSTEMATIC REVIEW OF LITEARTURE,"Ordonez, Ma Manuela; Alonso-Ferreiro, Almudena; Garcia-Fuentes, Olalla",2026,DIGITAL EDUCATION REVIEW,10.1344/der.2026.49.247-264,https://www.webofscience.com/wos/woscc/full-record/WOS:001818253900014,supports-claim,"Computational thinking as a new skill compared to reading or writing is a fundamental element in the educational system. That is why studying literacy in early childhood becomes relevant. The aim of this research is to characterize scientific interventions on computational thinking in children aged 0 to 6 years. This research has a design of Systematic Review of Literature, follows the PRISMA principles and has analysed 38 investigations from four relevant databases in the field of education (Dialnet, WOS, Eric, Scopus). The analysis reveals that Spain is the country with the highest output on a topic of global interest showing a positive trend. Algorithmic thinking is the skill on which research has focused most heavily. Bu-tton-panel programming languages are the most used (55.26%), followed by unplugged languages (42.1%). Most research focuses on land programming as a key tool for the development of computational thinking at this stage, designing propo-sals centred on technology. The use of high-cost proprietary technology and the lack of didactic innovation are pointed out as the main aspects to be improved in the proposals.",wos,llm,0.830,unreviewed,
discarded,Computational Thinking in Technology-Supported Primary Mathematics: A Systematic Review,"Jasute, Egle; Parviainen, Marika; Dagiene, Valentina",2026,BALTIC JOURNAL OF MODERN COMPUTING,10.22364/bjmc.2026.14.2.04,https://www.webofscience.com/wos/woscc/full-record/WOS:001811908100004,adjacent-subtopic,"This systematic review synthesizes research on how technology-supported approaches to computational thinking (CT) are integrated into primary mathematics learning environments. Following a PRISMA-guided search, 18 studies published between 2016 and 2025 were analyzed to examine how digital tools support CT-related mathematical learning processes in primary school settings. The review identifies recurring patterns linking mathematical domains, CT constructs, and technological environments, illustrating how programming platforms, robotics, game-based tools, and analytics-supported systems are used to structure mathematical problem-solving activities. Across the intervention studies, several reported improvements in students' mathematical problem-solving and reasoning skills. However, the strength of the evidence varies across studies due to differences in study design, sample size, and assessment methods. The analysis further highlights how technology can support CT-informed instructional design by enabling programmable tasks, iterative testing of solutions, and, in some cases, analyticssupported feedback for teachers and students. At the same time, the review points out ongoing gaps in methodological rigor, assessment of the CT construct, and the scalability of interventions. These findings underscore the need for more rigorous, long-term, classroom-based research to strengthen the evidence for CT-integrated primary mathematics education.",wos,llm,0.890,unreviewed,
discarded,Culturally Situated Computational Thinking: Interactive Physical Computing in Cultural K-12 Contexts,"Ru, Ze; Ibrahim, Malak; Chyngyz, Alikhan; Jawad, Adan; Melniczuk, Amy",2026,"PROCEEDINGS OF THE TWENTIETH INTERNATIONAL CONFERENCE ON TANGIBLE, EMBEDDED, AND EMBODIED INTERACTION, TEI 2026",10.1145/3731459.3778120,https://www.webofscience.com/wos/woscc/full-record/WOS:001774318100042,adjacent-subtopic,"This systematic literature review examines interactive physical computing methods that promote computational thinking (CT) and enhance student engagement in K-12 education, with a particular focus on non-native English-speaking contexts. An analysis of 67 ACM publications (2015-2025) reveals that robotics and tangible interfaces effectively boost CT skills, motivation, and engagement. Critical gaps identified include inadequate integration of culturally familiar narratives, local languages, and relevant ethical values. Significant disparities exist in geographical representation, participant demographics, and inclusive pedagogies tailored to diverse learners. The review highlights an urgent need for culturally situated designs and practices that actively involve local educational stakeholders. Consequently, this paper proposes a targeted research agenda to develop educational technologies explicitly designed to enhance the experiences of non-native English-speaking learners. This agenda aims to advance inclusive, culturally responsive, and globally applicable interaction design paradigms within the TEI and broader HCI communities.",wos,llm,0.870,unreviewed,
discarded,"Computational Thinking, STEM Education, and Teaching Practices: A Systematic Literature Review","Morales-Teheran, Marvis William; Gomez-Jaramillo, Sebastian; Parada-Trujillo, Abad Ernesto",2026,REVISTA ELECTRONICA EDUCARE,10.15359/ree.30-1.20137,https://www.webofscience.com/wos/woscc/full-record/WOS:001795602100003,adjacent-subtopic,"Introduction. The use of technology in education has revolutionized contemporary conceptions of teaching. Within this context, computational thinking has emerged as a competency that transcends the field of computer science. Its incorporation into STEM education (Science, Technology, Engineering, and Mathematics) has become a fundamental pillar for the development of analytical skills, problem-solving abilities, and other essential skills required in the digital era. Purpose. This article conducts a systematic literature review to identify the relationships between computational thinking in STEM education and teaching practices. Analysis. Data collection was conducted through documentary analysis using an Analytical Research Summary Matrix (ARSM) as the instrument. The sources consisted of 50 academic publications identified through keyword searches in the databases Google Scholar, Dialnet, Redalyc, SciELO, Scopus, and ScienceDirect, covering the period from 2014 to 2023. The study was based on the interpretive paradigm and an exploratory qualitative approach. Within the field of hermeneutic methods, discourse analysis was selected as the research design. Results. The results show that computational thinking has been widely integrated into educational practices, highlighting its importance for teaching critical thinking and problem-solving skills. Trends indicate the adoption of innovative pedagogical strategies that integrate computational thinking into programming and gamification.",wos,llm,0.860,unreviewed,
