status,title,authors,year,venue,doi,url,tags,abstract,provider,decision_source,llm_confidence,llm_review_outcome,llm_change_direction
discarded,The effect of coding courses on the cognitive abilities and problem-solving skills of preschool children,"Ciftci, Serdar; Bildiren, Ahmet",2020,COMPUTER SCIENCE EDUCATION,10.1080/08993408.2019.1696169,https://www.webofscience.com/wos/woscc/full-record/WOS:000500296600001,adjacent-subtopic,"Background and Context: There are studies which indicate that computer programming supports high-level abilities for everyone such as creative thinking, questioning, problem solving and critical thinking which are considered within the scope of 21st-century abilities. Objective: The current experimental study was carried out to put forth the impact on the problem solving and cognitive abilities of computer programming course applied on 4-5-year-old preschool children. Method: The study was arranged according to a pretest-posttest control group experiment model. Findings: According to the results, there is an increase in the non-verbal cognitive abilities of children in the experiment group with no statistically significant difference in their problem-solving skills. Implications: Our findings give an evidence about the effects of a coding course on preschool children through the use of two validated tests for problem-solving skills and cognitive skills.",wos,llm,0.970,unreviewed,
kept,Thinging for Computational Thinking,"Al-Fedaghi, Sabah; Alkhaldi, Ali Abdullah",2019,INTERNATIONAL JOURNAL OF ADVANCED COMPUTER SCIENCE AND APPLICATIONS,,https://www.webofscience.com/wos/woscc/full-record/WOS:000463078000078,qualifies-claim,"This paper examines conceptual models and their application to computational thinking. Computational thinking is a fundamental skill for everybody, not just for computer scientists. It has been promoted as skills that are as fundamental for all as numeracy and literacy. According to authorities in the field, the best way to characterize computational thinking is the way in which computer scientists think and the manner in which they reason how computer scientists think for the rest of us. Core concepts in computational thinking include such notions as algorithmic thinking, abstraction, decomposition, and generalization. This raises several issues and challenges that still need to be addressed, including the fundamental characteristics of computational thinking and its relationship with modeling patterns (e.g., object-oriented) that lead to programming/coding. Thinking pattern refers to recurring templates used by designers in thinking. In this paper, we propose a representation of thinking activity by adopting a thinking pattern called thinging that utilizes a diagrammatic technique called thinging machine (TM). We claim that thinging is a valuable process as a fundamental skill for everybody in computational thinking. The viability of such a proclamation is illustrated through examples and a case study.",wos,llm,0.900,unreviewed,
discarded,Computational Thinking Through Modeling In Language Lessons,"Sabitzer, Barbara; Demarle-Meusel, Heike; Jamig, Maria",2018,PROCEEDINGS OF 2018 IEEE GLOBAL ENGINEERING EDUCATION CONFERENCE (EDUCON) - EMERGING TRENDS AND CHALLENGES OF ENGINEERING EDUCATION,,https://www.webofscience.com/wos/woscc/full-record/WOS:000434866100264,adjacent-subtopic,"In contrast to the field of computer-supported or computer-assisted language learning (CALL), which has been investigated intensively for the last decades since the beginning of e-learning and technology-enhanced learning, computational thinking and computer science concepts are not quite common in the context of language lessons. Computational thinking is a problem solving process that, at first sight, has not much to do with language learning. However, as demanded by Jeannette Wing in 2006, it should be taught to everyone like reading, writing and mathematics. By introducing computational thinking in language lessons e.g. through modeling we could ""kill two birds with one stone"": On the one hand, we can teach computational thinking and basics of computer science at all school levels even if there is no related subject, e.g. in primary schools. On the other hand, computational thinking tools like modeling can support language learning in different ways and help to train text comprehension, to acquire and elaborate vocabulary or to visualize grammar rules etc. This paper describes some creative possibilities of introducing computational thinking through modeling in language lessons in primary and secondary education. Besides best practices, it further presents some experiences and results gained from teacher observation, interviews and informal feedback from students and teachers.",wos,llm,0.900,unreviewed,
kept,TASKS FOR ASSESSING SKILLS OF COMPUTATIONAL THINKING,"Palts, Tauno; Pedaste, Margus; Vene, Varmo; Vinikiene, Lina",2017,"10TH INTERNATIONAL CONFERENCE OF EDUCATION, RESEARCH AND INNOVATION (ICERI2017)",,https://www.webofscience.com/wos/woscc/full-record/WOS:000429975302129,supports-claim,"In today's modernizing world, computer science has become an important part of many disciplines and thinking computationally has come to be an essential skill for everyone. Recent years have seen a rise of interest in developing computational thinking (CT) already at comprehensive school level. Wing has defined CT as ""the thought processes involved in formulating problems and their solutions so that the solutions are represented in a form that can be effectively carried out by an information processing agent"". Systematic development of CT includes incorporating thought processes that utilize abstraction, decomposition, algorithmic thinking, evaluation, and generalizations. Tasks of the Bebras challenge on informatics have been suggested as part of an instrument to assess those five skills of CT, but this instrument has not been empirically tested. The goal of this study is to test empirically which skills of CT from the Bebras challenge results are well distinguishable. Although five factors were expected to describe five skills of computational thinking assessed in the Bebras challenge, the confirmatory factor analysis did not support that theory. Therefore, exploratory factor analysis with principal axis factoring was used with the Oblimin rotation and Kaiser normalization. Results from 7100 participants of the Bebras challenge, at the age of 11-12 (grade 5-6, Benjamins), show two main factors emerging, which can be characterized as algorithmic thinking (includes mainly tasks of algorithmic patterns and decomposition) and pattern recognition (includes mainly tasks of abstraction, generalization and evaluation). Tasks describing the factors are presented in the paper. The Bebras challenge tasks are rather complex, usually integrating various skills of CT, which leads to the idea of deconstructing the tasks in the future by forming new, smaller but more skill specific tasks. Considering the current lack of a systematic approach to assess the development of the skills of CT, this work contributes to that topic.",wos,llm,0.970,unreviewed,
kept,How to Improve Computational Thinking: a Case Study,"Quiterio Figueiredo, Jose Alberto",2017,EDUCATION IN THE KNOWLEDGE SOCIETY,10.14201/eks20171843551,https://www.webofscience.com/wos/woscc/full-record/WOS:000424524900003,supports-claim,"One of the best skills for everyone, for now, and for the future, is problem-solving. Computational thinking is the way to help us to develop that skill. Computational Thinking can be defined as a set of skills for problem-solving based on computer techniques. Computational thinking is needed everywhere and is going to be a key to success in almost all careers, not only for a scientist but for many professionals, like doctors, lawyers, teachers or farmers. For many problems it is a good idea to make a plan for its resolution using some of the techniques of computer science, such as: breaking down a complex problem into smaller parts that are more manageable and easier to understand, or solve-decomposition; looking for similarities among and within problems and others experiences-pattern recognition; focusing on the important information only, and pulling out specific differences to make one solution work for multiple problems: abstraction; developing a step-by-step solution to the problem: algorithms. This plan can be used by everyone, regardless of their area of knowledge, task or age. It is essential that these techniques are practiced and developed very early. In recent years we have to see the proliferation of numerous projects with the specific objective of encouraging the study of Computational thinking. The projects of massification of computational thinking and coding are now starting to be implemented in our education system in Portugal. Most students of the first year of the Computer Engineering course, from the IPG, mostly did not have the opportunity to develop computational thinking throughout their student life. In this paper, we present the results of a case study using follow and give instructions to improve their capacities in Computational Thinking..",wos,llm,0.900,unreviewed,
discarded,Integrating Computational Thinking in Discrete Structures,"Rambally, Gerard",2017,"EMERGING RESEARCH, PRACTICE, AND POLICY ON COMPUTATIONAL THINKING",10.1007/978-3-319-52691-1_7,https://www.webofscience.com/wos/woscc/full-record/WOS:000419747600008,adjacent-subtopic,"Computational thinking (CT) is broadly defined as the thought processes involved in formulating problems and their solutions so that the solutions can be automated. In this twenty-first century, computation is fundamental, and often unavoidable, in most endeavors, thus computing educators have the responsibility to instill in future generations of scientists, mathematicians, and engineers key computational thinking skills. There is a compelling case to be made for the infusion of CT skills into the K-16 education of everyone, given the pervasiveness of computers in all aspects of our lives. This poses the following critical educational challenge: how and when should students learn CT and how and when should it be taught? While discussions, deliberations, and debates will likely continue, the tightly knitted relationship between computational thinking and mathematical thinking suggests that one avenue to acquire CT skills is to integrate CT in the K-16 mathematics curriculum. This chapter describes a study that uses a problem-driven learning pedagogical strategy and the APOS theoretical framework to integrate computational thinking in CSCE 2100, a sophomore level discrete structures course which is a required course for all Information Technology majors. Results demonstrate that integrating computational thinking in a discrete structures course can effectively and significantly influence students' understanding of a range of CT concepts.",wos,llm,0.790,unreviewed,
discarded,Using Model-Based Learning to Promote Computational Thinking Education,"Liu, Hong P.; Perera, Sirani M.; Klein, Jerry W.",2017,"EMERGING RESEARCH, PRACTICE, AND POLICY ON COMPUTATIONAL THINKING",10.1007/978-3-319-52691-1_10,https://www.webofscience.com/wos/woscc/full-record/WOS:000419747600011,adjacent-subtopic,"Digital technology in the twenty-first century is characterized by omnipresent smart devices and ubiquitous computing that enable computation to occur almost anytime and anywhere. This contributes to increased complexity, rapidly changing technologies, and big data challenges to professionals in most every disciplinary field. In this environment, computational thinking (CT) becomes a fundamental skill to empower our next generation of the American workforce. Consequently, CT education across all disciplines and grade levels is being advocated by academic institutions, governmental agencies, and private industrial corporations. However, existing academic programs in K-12 schools and small teaching universities are inadequately structured to prepare students with the needed computational thinking skills and knowledge. In addition, there is a scarcity in research on learning CT to guide development of CT curriculum and instructional practices across all grade levels. To mitigate this problem, we propose several model-based learning programs that the authors have been exploring since 2012 to promote active learning of CT for students of different age groups. Most of the programs were designed to exploit out-of-school time education and hands-on team research projects to advance CT education from K6 to K16 students. Under the CT context, the proposed and existing programs emphasize cultivating student problem solving ability through problem-based learning (PBL) in which students learn computational thinking by completing team projects. We also illustrate how small universities and K-12 schools can cost-effectively offer CT education by forming coalitions, leveraging emerging cyberlearning technology, and sharing educational resources.",wos,llm,0.810,unreviewed,
discarded,Making Computer Science Attractive to High School Girls with Computational Thinking Approaches: A Case Study,"Seneviratne, Oshani",2017,"EMERGING RESEARCH, PRACTICE, AND POLICY ON COMPUTATIONAL THINKING",10.1007/978-3-319-52691-1_2,https://www.webofscience.com/wos/woscc/full-record/WOS:000419747600003,adjacent-subtopic,"Computational thinking is a fundamental skill that extends beyond computer science. Conceptually it involves logic, algorithms, patterns, abstraction, and evaluation. The approach for developing a computational mind-set may involve experimenting, creating, debugging, and collaborating. Due to certain implicit biases and societal and cultural factors, girls may not be exposed to these computational thinking concepts and approaches. This has resulted in a decrease in the number of women in computer science since the 1980s. This chapter summarizes some of the challenges faced when teaching introductory computer science to high school girls and the approaches taken to overcome those challenges.",wos,llm,0.830,unreviewed,
discarded,ASTROCODE IN THE WILD,"Sanz, Cecilia; Artola, Veronica; Miceli, Pablo; Bione, Javier",2018,EDULEARN18: 10TH INTERNATIONAL CONFERENCE ON EDUCATION AND NEW LEARNING TECHNOLOGIES,,https://www.webofscience.com/wos/woscc/full-record/WOS:000531474301140,adjacent-subtopic,"In recent years there has been a marked interest in the development of computational thinking (CT) at different educational levels. Computational thinking is a skill that everyone should develop. It is a skill that does not focus only on the Information Technology area - it involves a method for approaching problem solving where problems are represented as an information process with an algorithmic solution. Computational thinking is an approach that involves the development of metacognitive skills in students by acquiring the ability to break down problems into small parts in order to solve them by means of a computer. It is considered to be part of the intellectual ""heart and soul"" of 21st century science and, therefore, is one of the essential skills of the 21st century workforce.

AstroCode is a serious game, aimed at introducing players to basic programming concepts and skills and bringing them closer to computational thinking. The game has 3 basic components: 1) the website from where the game can be downloaded and users can register, 2) the game in Story Mode and Custom Mode and 3) a tool for creating custom programming scenarios.

In the past year, we carried out several experiences with AstroCode. In particular, this paper presents the experience with the pre-entry course to the School of Computer Science of the UNLP. In general, the students in this course have different approaches to computational thinking. The possibilities of AstroCode were studied to help them during the first stage of their development of computational thinking skills. For this, a methodology of contrasted groups was applied, where 3 groups of students of the pre-entry course used AstroCode during the first week, while all other groups followed the traditional practice of using print-out materials with exercises. After the first week, all groups continued the course with the same methodology. The results obtained from this experience and the main conclusions are analyzed and presented here.",wos,llm,0.940,unreviewed,
discarded,The Effects of a Robot Game Environment on Computer Programming Education for Elementary School Students,"Shim, Jaekwoun; Kwon, Daiyoung; Lee, Wongyu",2017,IEEE TRANSACTIONS ON EDUCATION,10.1109/TE.2016.2622227,https://www.webofscience.com/wos/woscc/full-record/WOS:000400922200010,adjacent-subtopic,"In the past, computer programming was perceived as a task only carried out by computer scientists; in the 21st century, however, computer programming is viewed as a critical and necessary skill that everyone should learn. In order to improve teaching of problem-solving abilities in a computing environment, extensive research is being done on teaching-learning methods, types of teaching software, the educational environment, and related tools. This paper, based on diverse experimental results, proposes an environment where elementary students can easily learn and practice computer programming. The proposed robot game environment used a tangible programming tool with which students can easily create robot programs, without learning syntax, and then validate their programming results; it can also provide various game activities to incite students' interest. Observation of elementary school students placed in the robot game environment confirmed the tool's usability and entertainment aspects, and students' attitudes toward programming and their understanding of programming concepts improved.",wos,llm,0.960,unreviewed,
kept,Learning Programming Concepts Through Maze Game in Scratch,"Ternik, Zan; Koron, Anja; Koron, Tine; Serbec, Irena Nancovska",2017,PROCEEDINGS OF THE 11TH EUROPEAN CONFERENCE ON GAMES BASED LEARNING (ECGBL 2017),,https://www.webofscience.com/wos/woscc/full-record/WOS:000457844600082,supports-claim,"Computational thinking, according to Wing, is a fundamental skill for everyone, not just for computer scientists. In the last decade, computer scientists and teachers stress that it is important to engage students in developing computational thinking at early age. It is strongly anchored in problem-solving paradigm of learning and could be supported by different activities, e.g., workshop on making maze games in Scratch. In the paper we analyse the projects developed by primary school students during the constructionist workshop. We were interested in how the students understand computational concepts, as a dimension of computational thinking, reflected in their projects. We analyse the computational thinking concepts in the projects in accordance with Brennan and Resnick suggestions and in the context of neo-Piagetian theory of cognitive development according to Lister and Teague. Projects reflect the understanding and use of following concepts: sequences, loops, parallelism, events, conditionals, operators and data. All of the students, no matter what the background knowledge they had, were at the end of the workshop able to understand and use sequences, loops, events and conditionals. Students who had background knowledge in Scratch were also able to include in their project parallelism and variables (data). We quantitatively assessed projects with the tool Dr. Scratch and checked the presence of the previously mentioned concepts. The results of our research will not be helpful only for understanding the development of student's computational thinking but they can also help scholars who use Scratch in process of learning in optional elective course Computer Science in the second three-year cycle of Slovenian primary schools. It was confirmed that the problem-based learning is suitable for students with different background knowledge. At the same time the topic of maze-game in Scratch holds the students' engagement and attention.",wos,llm,0.950,unreviewed,
discarded,Computational Thinking Work System Method: A problem-solving method for small and medium enterprises,Ahmad Najmi Amerhaider Nuar; Mohd Zaidi Abd Rozan; Mahadi Bahari,2021,2021 International Congress of Advanced Technology and Engineering (ICOTEN),10.1109/ICOTEN52080.2021.9493465,https://ieeexplore.ieee.org/document/9493465/,off-topic-false-hit,"Computational thinking (CT) has been dubbed as a fundamental skill for the 21st century and can be learned by all. However, little research exists on the practical use of CT in daily life. Therefore, this problem was addressed by applying a design science research approach and situational method engineering to propose an artefact that can help small and medium enterprises (SMEs) in the problem-solving process using CT and the Work System Method (WSM). The resulting artefact offers a systematic way of problem-solving process and allows SMEs to discover process innovation. The study has considerable implications for business owners and IS researchers. The business owner can improve the efficiency of their business process and increase the company's productivity.",ieee,llm,0.930,unreviewed,
