status,title,authors,year,venue,doi,url,tags,abstract,provider,decision_source,llm_confidence,llm_review_outcome,llm_change_direction
discarded,"Is occult stress urinary incontinence truly ""occult""?","Wang, Xingqi; Li, Ling; Gao, Zhenhua; Tian, Daoming; Li, Yuan; Gu, Jiangna; Li, Hongcheng; Luo, Qian; Shen, Jihong",2026,GYNECOLOGY AND PELVIC MEDICINE,10.21037/gpm-25-49,https://www.webofscience.com/wos/woscc/full-record/WOS:001724021200001,off-topic-false-hit,"Stress urinary incontinence (SUI) and pelvic organ prolapse (POP) frequently coexist due to shared pathophysiological mechanisms. In some cases, SUI becomes evident only after the reduction of prolapse, a condition referred to as occult stress urinary incontinence (OSUI). Conventional understanding attributes OSUI to urethral obstruction caused by mechanical kinking or compression from the descending bladder base. This perception has led to ongoing controversy regarding the necessity of concomitant antiincontinence procedures during POP repair. However, is this conventional interpretation accurate? This review challenges the traditional concept and argues that OSUI is not truly ""occult"". Instead, it results from alterations in the biomechanics of urinary control following apical suspension surgery, which often fails to restore physiological function or ensure the integrity of urinary control structures. Through an analysis of different surgical approaches-including posterior, anterior, lateral, and mesh-based suspensions-this article suggests that postoperative SUI may often be attributable to uncorrected support deficits, such as levator ani fissure enlargement, perineal body laceration, and inadequate vaginal wall support. The review emphasizes that apical suspension alone merely repositions the cervix horizontally without addressing underlying functional defects, thereby predisposing patients to OSUI. Consequently, physiological reconstruction, rather than mere anatomical correction, is proposed as a potentially important biomechanical strategy for reducing the risk of OSUI.",wos,llm,0.980,unreviewed,
discarded,Unified RES Inverter Control for Seamless Transition Between Grid-Forming and Grid-Following Modes,"Zhou, Zigi; Langwasser, Marius; Pugliese, Sante; Liserre, Marco",2025,2025 IEEE KIEL POWERTECH,10.1109/PowerTech59965.2025.11180671,https://www.webofscience.com/wos/woscc/full-record/WOS:001708896000430,off-topic-false-hit,"With the increasing integration of renewable energy sources (RESs), traditional power systems based on synchronous generators (SGs) are evolving into power electronics-based systems. This transformation introduces more complex grid dynamics. To maintain system stability and reliability under varying grid and source conditions, the grid-side converters (GSCs) of RESs must adapt their control strategies, operating either in grid-following (GEL) or grid-forming (GEM) modes. However, switching between these modes can cause abrupt voltage and current transients due to changes in control loops or converter operation. Although several seamless transition methods have been proposed, they often require zero power transfer conditions or involve complex control structures that are difficult to implement in practice. To overcome these limitations, this paper proposes a unified control (CC) strategy that enables GSCs to transition smoothly between GEL and GEM modes under any power transfer condition. The transition is achieved simply by adjusting two coefficients in the control loops, ensuring ease of implementation. Experimental results are presented to validate the effectiveness of the proposed approach.",wos,llm,0.990,unreviewed,
discarded,"A Novel Overactuated Quadrotor: Prototype Design, Modeling, and Control","Zhang, Zhan; Li, Yan; Jiang, Hengzhi; Li, Jieqi; Wang, Zhong",2025,ACTUATORS,10.3390/act14050223,https://www.webofscience.com/wos/woscc/full-record/WOS:001495848400001,off-topic-false-hit,"Traditional multirotor UAVs (unmanned aerial vehicles) are inherently underactuated, with coupled position and attitude control, which limits their maneuverability in specific applications. This paper presents a fully actuated quadrotor design based on a swashplateless rotor mechanism. Unlike existing fully actuated UAV designs that rely on servo-driven tilt mechanisms, this approach minimizes additional weight and simplifies the structure, resulting in a more maintainable system. The design, modeling, and control strategies for the quadrotor are presented. Furthermore, we propose a decoupled control method to address the need for both fully actuated and underactuated modes. The control architecture employs parallel attitude and position control structures and decouples the two subsystems using a nonlinear dynamic inversion (NDI) method. A compensation module is introduced to address the constraints imposed by the maximum rotor deflection angle and the corresponding feasible force set. This compensation module actively adjusts the attitude to mitigate the saturation of the required thrust, effectively overcoming the impact of rotor deflection angle limitations on trajectory tracking performance. The approach facilitates seamless switching between fully actuated and underactuated modes, enhancing the system's flexibility and robustness. Simulation and flight experiments demonstrate the effectiveness and performance of the proposed design.",wos,llm,0.990,unreviewed,
discarded,A review of wind power generation steady-state reactive power support requirements and improvement strategies,"Ncwane, S.; Bansal, R. C.",2026,RENEWABLE & SUSTAINABLE ENERGY REVIEWS,10.1016/j.rser.2026.116833,https://www.webofscience.com/wos/woscc/full-record/WOS:001695992900001,off-topic-false-hit,"The penetration of wind power generation (WPG) facilities into power systems continues to increase globally. Wind power generation facilities have become increasingly important in providing reactive power support to help regulate power system voltage. To ensure that WPG facilities can provide adequate support, grid codes have been developed with specific requirements that must be met before they can reach commercial operation. However, WPG facilities are sometimes unable to meet the required reactive power support levels. Controller based solutions are commonly used to improve the reactive power capability of WPG facilities. This paper reviews recent developments in control strategies. Their response speed, benefits, and limitations are discussed to identify gaps and to propose future improvements. Current control strategies are not implemented using hybrid control structures, and mostly rely on classical and metaheuristic optimization algorithms. These control strategies can be slow, and sometimes increase the operation of the WPG facility's grid integration transformer onload tap changer. Machine learning based hybrid control strategies have the potential to improve performance and enable WPG facilities to efficiently provide reactive power support.",wos,llm,0.990,unreviewed,
discarded,DNA-based cooperative games: an interactive collective decision-making architecture,"Yao, Yao; Zhang, Xiaokang; Wu, Ranfeng; Cui, Shuang; Sun, Lijun; Wang, Bin; Zhang, Qiang",2026,ORGANIC & BIOMOLECULAR CHEMISTRY,10.1039/d6ob00124f,https://www.webofscience.com/wos/woscc/full-record/WOS:001690819700001,off-topic-false-hit,"Game theory provides an architecture for multi-agent strategic interactions, while DNA computing offers programmable, parallel molecular-scale operations, enabling unique ""molecular gaming"" systems beyond silicon-based architectures. Current approaches, primarily using DNA strand displacement cascades, face limitations such as signal attenuation, asynchrony, and orthogonality challenges due to reaction by-products, hindering scalability and reliability. To address this, we developed a ""majority-rule"" game-based DNA architecture centered on a Trident Decision Maker (TDM). The TDM integrates a trident-shaped recognition domain for vote sensing and steric protection against Exonuclease Lambda (Exo lambda), with a double-stranded signal module that releases outputs via controlled strand displacement and hydrolysis. The TDM game process does not require a cascaded network, enabling synchronous responses to input signals. By leveraging the sequence-nonspecific hydrolysis property of Exo lambda, partial by-products were effectively eliminated, while reducing the complexity of orthogonal sequence design required for the input and output strands. Furthermore, through structured programming and modular expansion, we have implemented three advanced gaming strategies-one-vote veto, access control, and decision revocation-thereby fulfilling molecular decision-making functions across a broader range of application scenarios. The TDM is expected to serve as a key node for implementing decision-making tasks in molecular circuits, thereby ensuring their reliable operation. This work establishes a programmable majority-rule game-theoretic platform for molecular systems and is anticipated to open avenues for applications in molecular computing, multi-agent interactions, and biosensing.",wos,llm,0.970,unreviewed,
discarded,Integration of Grid-Forming and Grid-Following Characteristics for Grid-Connected Inverters,"Zhu, Yihao; Cai, Hongda; Xia, Yanghong; Wei, Wei; Zhou, Yongzhi",2026,IEEE TRANSACTIONS ON INDUSTRIAL ELECTRONICS,10.1109/TIE.2026.3658716,https://www.webofscience.com/wos/woscc/full-record/WOS:001682819700001,off-topic-false-hit,"Grid-forming (GFM) and grid-following (GFL) inverters exhibit distinct adaptability but suffer from inherent limitations due to adverse inverter-grid interactions. To address these issues, this article proposes the integration of GFM and GFL control characteristics via a tunable integration regulator. By employing a frequency-selective mechanism, this model harmonizes the heterogeneous control structures, enabling the concurrent delivery of GFL-based synchronous tracking and GFM-based support characteristics. This approach ensures a smooth transition between control modes and extends the robust operating range beyond conventional limits. Time-domain simulations and experiments are conducted to reveal the integration mechanism and to verify the effectiveness of the proposed method.",wos,llm,0.990,unreviewed,
discarded,Comparative Analysis of Control Structures in Core Annular Flow Systems: A CFD Simulation Study,"Lima, Patrick Souza; Bernardino, Lucas Ferreira; Skogestad, Sigurd; Nogueira, Idelfonso Bessa dos Reis",2025,IFAC PAPERSONLINE,10.1016/j.ifaco1.2025.07.128,https://www.webofscience.com/wos/woscc/full-record/WOS:001548408800017,off-topic-false-hit,"This paper investigates the application of two distinct control structures, conventional single-layer control and cascade control, in a Core Annular Flow (CAF) system simulated through Computational Fluid Dynamics (CFD). Both control strategies were tested and carried out open-loop tests to tune the controllers following the SIMC rules. Results demonstrate that both structures, one I controller for the oil fraction and one cascade controller PI -I for the velocity ratio and the oil fraction, successfully controlled the system, each exhibiting unique behaviors and performance characteristics. The analysis highlights the strengths and limitations of each approach, where the single-layer structure with an I controller was faster to reach the setpoint and was efficient to reject disturbances. Copyright (c) 2025 The Authors. This is an open access article under the CC BY-NC-ND license (https://creativecommons.org/licenses/by-nc-nd/4.0/)",wos,llm,0.990,unreviewed,
discarded,Performance analysis of PMSM servo-drive with state feedback and hybrid position controllers,"Tarczewski, Tomasz; Lisinski, Hubert; Grzesiak, Lech M.",2025,POWER ELECTRONIC DEVICES AND COMPONENTS,10.1016/j.pedc.2025.100116,https://www.webofscience.com/wos/woscc/full-record/WOS:001643632500002,off-topic-false-hit,"High-performance operation of servo-drive with permanent magnet synchro-nous motor (PMSM) is required in many industrial applications, including robotics, machines, and, recently, aircraft components. Complex control structures are necessary to meet the specific requirements of these applications. In this paper, two control structures developed for the position control of the PMSM servo-drive are presented. The state feedback control (SFC) structure augmented by state variables' limitation and load torque compensation is presented and compared with a hybrid control structure (HSC) where the inner current control loop exists. An experimental evaluation of both control schemes regarding dynamic properties, disturbance compensation, computational complexity, and robustness against the moment of inertia changes is included.",wos,llm,0.990,unreviewed,
discarded,Control of a vapor re-compression assisted azeotropic process for ethyl acetate and methanol recovery from wastewater,"Mishra, Kalp; Gupta, Aayush; Darji, Parth; Srivastava, Prakhar; Kaistha, Nitin",2026,CHEMICAL ENGINEERING RESEARCH & DESIGN,10.1016/j.cherd.2025.11.040,https://www.webofscience.com/wos/woscc/full-record/WOS:001640924400001,off-topic-false-hit,"This study presents the development and evaluation of a control structure for vapor recompression in a highly integrated three-column distillation system designed to separate a dilute azeotropic mixture of ethyl acetate and methanol from wastewater. The adapted steady-state flowsheet was first refined using process engineering and control principles to ensure a sufficient number of well-conditioned degrees of freedom. A decentralized regulatory plant-wide control structure was then proposed. Two control structures were evaluated under disturbances of +/- 20% in throughput and +/- 20% in feed organic composition. The first structure (CS1), based entirely on single-ended temperature inferential control, exhibited acceptable performance in most scenarios but showed notable deviations in product purities. To overcome this limitation, a second structure (CS2) was developed, integrating dual-ended temperature control for the methanol/water column and a composition controller for the ethyl acetate product. CS2 demonstrated superior closed-loop performance, offering enhanced robustness and tighter control of product specifications.",wos,llm,0.990,unreviewed,
discarded,Navigating publicness in digital innovation: big data and AI adoption in European public sector organisations,"Tilly, Niklas; Seepma, Aline P.; Senadheera, Sajani; Yigitcanlar, Tan",2025,EUROPEAN JOURNAL OF INNOVATION MANAGEMENT,10.1108/EJIM-07-2025-0964,https://www.webofscience.com/wos/woscc/full-record/WOS:001636671200001,off-topic-false-hit,"PurposeThis study investigates how publicness, defined through dimensions of ownership, funding, goal setting and control structure, shapes the collection and use of big data (BD) as well as the development and application of artificial intelligence (AI) in public service delivery across Europe.Design/methodology/approachDrawing on publicness theory, the study employs a multiple case study design, using 17 expert interviews from diverse public organisations across the Netherlands, Germany, Belgium and the UK. Data were analysed through thematic coding and cross-case comparison to explore sectoral differences and integration levels.FindingsBD is widely used in statistical, law enforcement and infrastructure sectors, supported by established legal frameworks and inter-organisational sharing. In contrast, AI remains in early development stages due to demands for transparency, ethical concerns and risk aversion. The level of publicness significantly influences data collection, management, sharing and AI application. High control structures foster explainable, human-centric AI, while fragmented infrastructure and limited funding remain barriers.Research limitations/implicationsThe findings are context-specific and not statistically generalisable. However, they provide conceptual and empirical insights for theory-building and future comparative or longitudinal studies.Practical implicationsRecommendations include investing in data governance, fostering responsible AI culture and strengthening cross-agency coordination and standardisation.Social implicationsBy aligning digital innovation with democratic values, the study promotes citizen trust and equitable service delivery in public AI and BD applications.Originality/valueThis study offers a novel application of publicness theory to examine technological innovation in the public sector, highlighting how institutional characteristics constrain or enable digital transformation.",wos,llm,0.980,unreviewed,
discarded,Large Language Model-Driven Power Dispatch Decision-Making Teaching Assistant: Reinforcement Learning Optimization and Interpretable Knowledge Graph Fusion Method,"Su, Shengtao; Wang, Zhan; Luo, Runda",2025,INTERNATIONAL JOURNAL OF IMAGE AND GRAPHICS,10.1142/S0219467827500781,https://www.webofscience.com/wos/woscc/full-record/WOS:001631669300001,adjacent-subtopic,"The increasing complexity of modern power systems, characterized by the high penetration of renewable energy sources, distributed generation, and highly dynamic load profiles, necessitates the development of advanced computational methods for effective and reliable dispatch decision-making. Traditional optimization techniques, while theoretically sound, often struggle to handle the temporal coupling of system states, stochastic renewable inputs, and multi-level hierarchical control structures that are intrinsic to modern grids. These limitations frequently result in suboptimal operational performance, reduced system resilience, and limited adaptability to unexpected disturbances. To address these pressing challenges, we propose a novel framework that integrates reinforcement learning-based optimization with interpretable knowledge graph fusion, which emphasizes cutting-edge methods in computational intelligence and data-driven modeling. Our approach introduces SynDispatchNet, a physics-integrated dispatch representation that combines domain-specific inductive biases with a learnable policy architecture, enabling both rapid inference and strong generalization across a wide range of dispatch scenarios and grid conditions. Complementing this core architecture, we develop a Knowledge-Aware Trajectory Refinement strategy that leverages historical dispatch trajectories, expert-annotated operating protocols, and real-time feedback from the power system to facilitate continual policy improvement and robust adaptation to dynamic operating environments. Extensive experimental evaluations demonstrate that our proposed method consistently outperforms conventional optimization-based dispatch schemes in terms of feasibility, robustness, and interpretability, while ensuring compliance with physical system constraints. This work represents a significant contribution to the advancement of intelligent and adaptive energy management systems, supporting the development of scalable, data-driven solutions that address the evolving needs of modern power grids and the broader field of computer science.",wos,llm,0.850,unreviewed,
discarded,Visualising care: representing decision models for conservation,"Henderson, Jane; Lingle, Ashley",2025,JOURNAL OF THE INSTITUTE OF CONSERVATION,10.1080/19455224.2025.2551185,https://www.webofscience.com/wos/woscc/full-record/WOS:001611784500001,off-topic-false-hit,"This article critically examines the visual models that represent conservation decision-making, arguing for a shift from linear, exclusionary frameworks toward inclusive, reflexive and systems-based approaches. Traditional models, such as decision trees, flow diagrams and scoring matrices, offer structure and clarity, particularly for novice practitioners. However they can oversimplify complex realities, prioritising measurable outcomes and technical certainty over subjective, emotional and ethical dimensions. These models risk narrowing our perspectives on care by marginalising stakeholders, reinforcing hierarchies and excluding diverse perspectives, particularly in sensitive or contested heritage contexts. We use case studies and examples including the Hillsborough disaster archive to discuss how prioritising material preservation over access and social responsibility can result in profound failures of care. In such cases, the conservator's role must shift from control to facilitation, recognising that true care may lie in enabling others' engagement with heritage. To address the limitations of the dominant visual models for conservation decision-making, the article proposes a systems-thinking approach that embraces complexity, interconnectedness and change. The care that conservators offer is reframed as a dynamic, co-evolving practice shaped by relationships across time, space and disciplines. A double helix model is offered that visualises this interplay, integrating material and socio-cultural dimensions of care. This model supports adaptive, feedback-informed decision-making that aligns technical actions with cultural meaning and long-term sustainability. Our care should value plural perspectives, embrace uncertainty and reposition conservation as an enabling, collaborative practice. By reimagining how care decisions are described we can better reflect the lived realities of heritage and the communities it serves.",wos,llm,0.970,unreviewed,
