status,title,authors,year,venue,doi,url,tags,abstract,provider,decision_source,llm_confidence,llm_review_outcome,llm_change_direction
discarded,Enhancing Real-Time Student Emotion Recognition in Online Classrooms Using LSTM and CNN Hybrid Models”,Shaoke; Wang Tian Cheng; Jinhai Tang,2024,2024 Cross Strait Radio Science and Wireless Technology Conference (CSRSWTC),10.1109/CSRSWTC64338.2024.10811602,https://ieeexplore.ieee.org/document/10811602/,adjacent-subtopic,"This study aims to design and implement a hybrid model based on Long Short-Term Memory (LSTM) and Convolutional Neural Networks (CNN) for real-time emotion recognition in online classrooms. The system analyzes students’ facial expressions during online learning, capturing their emotional changes in real time and providing immediate feedback to teachers, enabling dynamic adjustments to the teaching content. The model was trained and tested using real datasets, and it demonstrated high accuracy in recognizing typical emotional states such as happiness, confusion, and frustration. Experimental results show that the LSTM-CNN hybrid model excels in both emotion recognition accuracy and system response time, providing emotion feedback within milliseconds, ensuring real-time functionality. After implementing the system, student engagement and classroom interaction significantly improved, with data showing an overall learning effectiveness increase of approximately 12%. This study provides an effective technological solution for personalized teaching in online classrooms and offers strong support for large-scale educational applications in the future.",ieee,llm,0.990,unreviewed,
discarded,Fault Diagnosis of Rotating Machinery Using Trace Constraint Stacked Autoencoder,Xukai Ye; Mingliang Cui; Youqing Wang,2023,2023 42nd Chinese Control Conference (CCC),10.23919/CCC58697.2023.10241185,https://ieeexplore.ieee.org/document/10241185/,off-topic-false-hit,"Stacked autoencoder (SAE) plays a significant role in dimensional reduction and feature selection; although conventional SAE has excellent performance in non-linear feature mapping, it is difficult to extract and select sensitive features suitable for fault diagnosis tasks of rotating machinery. To address this issue, a trace constraint stacked autoencoder (TC-SAE) is proposed by introducing label information into the whole training process of SAE. Feature extraction and fault diagnosis are accomplished using a improved SAE, which is able to obtain high classification accuracy. The availability of the proposed method is validated on both the rolling bearing data set of Case Western Reserve University and the data set generated through the equipment in our lab.",ieee,llm,1.000,unreviewed,
discarded,Student Engagement Analysis Using Facial Expression in Online Course,Chih-Hsien Hsia; Bryan Chiang; Liang-Ying Ke; Zih-Yan Ciou; Chin-Feng Lai,2022,2022 IET International Conference on Engineering Technologies and Applications (IET-ICETA),10.1109/IET-ICETA56553.2022.9971565,https://ieeexplore.ieee.org/document/9971565/,adjacent-subtopic,"Due to the COVID-19 outbreak in recent years, long distance learning has been prevalent. The increasing need of online learning calls for the effectiveness of the learning evaluation method in digital learning through human-computer interaction (HCI) to be strengthened. Therefore, this study collects bigdata images through computer vision, collects data on the students’ emotional and behavioral dimensions under multidimensionality, and analyzes these data through deep learning (DL) with the student engagement model. This proposes an online student learning engagement analysis system based on biometrics image processing applied to artificial intelligence (AI). In the prediction of student participation, emotional and behavioral dimension data obtained from different students will be used to find out the weight relations between these two engagement dimensions and engagement value through the regression model of DL and evaluate participants’ engagement status in online learning.",ieee,llm,0.990,unreviewed,
discarded,Data Classification Management with its Interfacing Structure for Hybrid SLC/MLC PRAM Main Memory,Sung-In Jang; Su-Kyung Yoon; Kihyun Park; Gi-Ho Park; Shin-Dug Kim,2015,The Computer Journal,10.1093/comjnl/bxu133,https://ieeexplore.ieee.org/document/8213088/,off-topic-false-hit,"This research aims to design a new phase-change RAM (PRAM)-based main memory structure, supporting the advantages of PRAM while providing performance similar to that of conventional DRAM main memory. To replace conventional DRAMs with non-volatile PRAMs as the main memory components, comparable memory access latency, overall cost, power dissipation, and memory cell endurance should be supported. For these goals, we propose a new main memory system consisting of a DRAM converter and an array of single-level cell (SLC)/multi-level cell (MLC) PRAMs. The DRAM converter consists of an aggressive fetching superblock buffer to assure better use of spatial locality and a selective filtering buffer for better use of temporal locality. The array of the SLC/MLC hybrid PRAM structure includes a combination of SLC and MLC PRAMs to enhance the lifetime of the MLC PRAM main memory and hide asymmetric read/write access latency. The proposed structure is evaluated by a trace-driven simulator using SPEC CPU 2006 and SPLASH-2 traces. Experimental results show that the proposed DRAM converter can reduce the miss rate by ∼37% and write count by ∼55% in comparison with the uniform buffer case. Also, the SLC/MLC PRAM with DRAM converter shows performance in terms of access latency and power consumption close to that of the conventional memory architecture. Thus, our proposed memory architecture can be used to replace the current DRAM-based main memory system.",ieee,llm,1.000,unreviewed,
discarded,Prediction of Job Openings in IT Sector using Long Short -Term Memory Model,R. Santhosh Kumar; N. Prakash; S. Anbuchelian,2020,"2020 Fourth International Conference on I-SMAC (IoT in Social, Mobile, Analytics and Cloud) (I-SMAC)",10.1109/I-SMAC49090.2020.9243483,https://ieeexplore.ieee.org/document/9243483/,off-topic-false-hit,"Addressing the unemployment problem is a bit challenging task. The non-engineering graduates can work in all the sectors, whereas engineering graduates can work in their designated job domain. So, the engineering graduate needs to be guided in getting the employment opportunity in their job domain. The unemployment rate in India is increasing drastically every year. The unemployment of engineering graduates is mainly due to the lack of knowledge on various job categories and all the graduates are enriching their skills in the attractive domain or the upcoming technologies. So, the graduates are falling only in a specified job category where the competition is more. This problem must be resolved by guiding the graduates. There is a need for a balanced approach in guiding the graduates to avoid the problem of searching for the job in the attractive domain. This paper presents a new method to predict the number of job openings based on location and job category using the Long Short-Term Memory model (LS TM). After the series of experiments conducted, the results show that the proposed method is 96% effective. The performance of the proposed system is found to be superior to the Simple Recurrent Neural Network (SRNN). By using the proposed model, the graduates are benefited in getting knowledge about the current job opportunities.",ieee,llm,1.000,unreviewed,
kept,Utilizing program visualization in learning hardware programming: Effects of engagement level,Siti Rosminah M D Derus; Ahmad Zamzuri Mohamad Ali,2015,2015 International Conference on Information and Communication Technology Convergence (ICTC),10.1109/ICTC.2015.7354593,https://ieeexplore.ieee.org/document/7354593/,supports-claim,The aim of this study was to evaluate the effects of two engagement level with visualization tool on student's achievement in programming learning. The study also looks in particular the effects on students with different logical thinking ability. The achievement was measured through performance test after the students had explored the visualization tool on self-paced learning method. The research design was in a quasi-experimental method and the data were analyzed using a quantitative approach. Sample sizes of 84 semester five students enrolled in the Diploma in Electronic Engineering (Computer) from two polytechnics were involved in this study. A T-Test statistical analysis was used to address the research question. The finding revealed a significant difference in performance test among groups who received different engagement level.,ieee,llm,0.880,unreviewed,
discarded,From educational data mining model to the automated knowledge based system construction,Kittisak Kerdprasop; Nittaya Kerdprasop,2015,2015 8th International Conference on Ubi-Media Computing (UMEDIA),10.1109/UMEDIA.2015.7297452,https://ieeexplore.ieee.org/document/7297452/,adjacent-subtopic,"A knowledge based system (KBS) has its advantage over conventional database systems in that it has the inference ability to deduce implicit knowledge from the explicitly stored information. KBS is however known to be labor intensive in its construction in the knowledge acquisition and elicitation phase. Researchers have tried to overcome this hindrance for more than four decades. Automatic creation of a knowledge base (KB) content is still a research topic of interest. In this paper, we propose the design of a framework that not only automatically creates a KB, but also constructs the inference and reasoning engine of the KBS. The KB content is elicited and transferred from the data mining model, whereas the engine (or shell) of the KBS is created from the decision rules. We demonstrate a case study in student loan payment decision using the visualized tools KNIME and WIN-PROLOG to generate a data mining model and a KBS shell, respectively.",ieee,llm,0.970,unreviewed,
kept,3De - synergetic Program Visualization: A visual learning-aid tool for novice students,Affandy; Nanna Suryana; Sazilah Salam; Mohd Sanusi Azmi; Edi Noersasongko,2011,"Proceeding of the International Conference on e-Education, Entertainment and e-Management",10.1109/ICeEEM.2011.6137862,https://ieeexplore.ieee.org/document/6137862/,supports-claim,"Coding program is a dominant activity in programming cycle, nevertheless the equal attention must also given upon designing and evaluating the program in order to understanding the whole of the programming tasks. Unfortunately, these issues have not been addressed by current software visualization as a learning-aid tool. The development of 3De intended to help novice students to comprehend the multi forms of program from a higher level to a lower level within integrated environment. The basic idea of the system is to show students about the programming stages starting from designing problem-solving, developing code and validating logical flow of the program through visualizing multi level of program abstraction. Students preferred to construct their problem-solving visually, and 3De will simulate it to explain the program behaviour and data changing. A line-by-line auto generated syntax in C++ form will be produced accordingly and can be run in conventional C++ program developer.",ieee,llm,0.970,unreviewed,
discarded,Neural Attentive Knowledge Tracing Model for Student Performance Prediction,Junrui Zhang; Yun Mo; Changzhi Chen; Xiaofeng He,2020,2020 IEEE International Conference on Knowledge Graph (ICKG),10.1109/ICBK50248.2020.00096,https://ieeexplore.ieee.org/document/9194551/,adjacent-subtopic,"A large number of anonymous log files are collected from the online education platform, and it is of great educational significance to use efficient algorithms for mining student's characteristics and predicting student's performance. To the best of our knowledge, existing models lack attention to the long-term performance of students. The interpretability of the operating results is weak. In addition, these models simplify the tracking of student knowledge points and are essentially unable to capture the relationship between skills in multi-skill exercises. We propose a new model, NAKTM, which divides user features into long-term and short-term features, and uses both to comprehensively express student abilities. At the same time, it uses the skills involved in the exercises as much as possible to jointly represent the characteristics of the exercises. Finally, we use the bilinear matching scheme in the hidden space to calculate the similarity between the students' ability and the exercises, and finally directly predict the learner's performance at the exercise level at the next moment. The experiment shows that our model achieves good experimental results without special processing of datasets.",ieee,llm,0.980,unreviewed,
kept,Define and Visualize Your First Programming Language,Mikko-Jussi Laakso; Erkki Kaila; Teemu Rajala; Tapio Salakoski,2008,2008 Eighth IEEE International Conference on Advanced Learning Technologies,10.1109/ICALT.2008.313,https://ieeexplore.ieee.org/document/4561698/,supports-claim,"Selecting a right programming language for introductory CS courses is not an easy task. The pressure to use a commercially successful language can easily be the most significant factor in choosing the language. However, several studies suggest that it is preferable to use a language specifically designed for teaching. These languages are usually some kind of pseudo languages, defined by the programming educators. The idea of using a pseudo language is to keep the syntax of the code as simple as possible allowing the students to focus on learning the programming concepts, instead of specific syntactical features. Pseudo languages are usually subsets of existing programming languages, and thus can be used to teach all the basic programming concepts. This however leads to a fact that programs written in pseudo code are usually not executable as-is. With this in mind we have developed a program visualization tool called ViLLE. The tool has a built-in pseudo language, a subset of Python. User can add programming examples written in Java and translate them to other languages. Additionally, a user can define own pseudo languages and modify the existing syntaxes.",ieee,llm,0.980,unreviewed,
discarded,Research on Student Performance Prediction Based on Deep Learning and Multimodal Data Fusion,Jing Long,2024,"2024 4th International Signal Processing, Communications and Engineering Management Conference (ISPCEM)",10.1109/ISPCEM64498.2024.00085,https://ieeexplore.ieee.org/document/10874346/,adjacent-subtopic,"This study proposes a student performance prediction framework based on the XGBoost and LSTM integrated model, called the XGLNet Framework. By combining nonlinear features and time series information, it enhances the accuracy of student performance predictions. The research utilizes student learning data, applying the XGLNet Framework for analysis and prediction. Experimental results show that the XGLNet Framework performs excellently across several key performance metrics, including Mean Squared Error (MSE), Root Mean Squared Error (RMSE), Mean Absolute Error (MAE), and the Coefficient of Determination (R2). Compared to standalone XGBoost and LSTM models, the XGLNet Framework significantly reduces prediction errors and improves model fit. It effectively captures both nonlinear changes and temporal trends in student performance. Future research can further optimize the framework to enhance its applicability and robustness in broader educational scenarios.",ieee,llm,0.990,unreviewed,
discarded,Machine Learning in Education: Predicting Student Performance Using Long Short-Term Memory Networks,Joel Alanya-Beltran,2024,"2024 International Conference on Advances in Computing, Communication and Applied Informatics (ACCAI)",10.1109/ACCAI61061.2024.10602460,https://ieeexplore.ieee.org/document/10602460/,adjacent-subtopic,"This exploratory study investigates how Long Short-Term Memory (LSTM) networks—a particular kind of intermittent neural network—work to predict students’ academic success. Researchers seek to create models capable of divining students’ academic problems based on input data such as prior academic records, socioeconomic circumstances, and behavioral patterns, employing machine literacy techniques, especially LSTM networks. This project aims to find significant patterns and correlations that can improve our comprehension of the elements influencing student achievement by assaying large datasets. Compared to conventional statistical methods, the use of LSTM networks allows for the prisoner of temporal dependencies that are crucial in educational data, enabling more accurate prognostications. In the end, the investigation’s findings support the development of validated literacy systems.",ieee,llm,0.980,unreviewed,
discarded,"Ray Tracing for the Movie ""Car""",Per Christensen,2006,2006 IEEE Symposium on Interactive Ray Tracing,10.1109/RT.2006.280207,https://ieeexplore.ieee.org/document/4061538/,off-topic-false-hit,"In this talk I will describe how we extended Pixar Animation Studios' RenderMan renderer with ray tracing abilities. In order to ray trace highly complex scenes we use multiresolution geometry and texture caches, and use ray differentials to determine the appropriate resolution. With this method we are able to efficiently ray trace scenes with much more geometry and texture data than there is main memory. Movie-quality rendering of scenes of such complexity had only previously been possible with pure scanline rendering algorithms. Adding ray tracing to the renderer enables many additional effects such as accurate reflections, detailed shadows, and ambient occlusion. The ray tracing functionality has been used in many recent movies, including Disney·Pixar's latest movie ""Cars"". In this talk I will also describes some of the practical ray tracing issues from the production of ""Cars"".",ieee,llm,1.000,unreviewed,
discarded,VIZIR: an integrated environment for distributed program visualization,M.C. Hao; A.H. Karp; A. Waheed; M. Jazayeri,1995,"MASCOTS '95. Proceedings of the Third International Workshop on Modeling, Analysis, and Simulation of Computer and Telecommunication Systems",10.1109/MASCOT.1995.378675,https://ieeexplore.ieee.org/document/378675/,off-topic-false-hit,"VIZIR provides an integrated mechanism for on-line debugging, performance analysis, and data visualization of message-passing parallel applications. The current VIZIR includes: (1) a mechanism to multicast window-based commands, message passing and program execution events among tasks; (2) the ability to select groups of tasks to interact these events; (3) a means to report when these events cause errors in the tasks; and (4) ad hoc visualization of distributed arrays using existing visualizers.<>",ieee,llm,0.990,unreviewed,
discarded,Trace and Algebraic Semantics for Partial Store Order Memory Model,Junfu Luo; Lili Xiao; Huibiao Zhu; Ziqing Su,2024,"2024 IEEE 48th Annual Computers, Software, and Applications Conference (COMPSAC)",10.1109/COMPSAC61105.2024.00348,https://ieeexplore.ieee.org/document/10633441/,off-topic-false-hit,"Contemporary multiprocessor systems often use weak memory models (WMMs), including Partial Store Order (PSO) in some SPARC implementations. PSO relaxes the store-store constraint by allowing individual cores to use a write buffer for different memory locations. This paper employs the Unifying Theories of Programming (UTP) framework to investigate PSO's trace semantics, acting in the denotational semantics style. In this context, a trace is represented as a sequence of snapshots that track changes in registers, write buffers, and shared memory. Our approach generates the complete set of valid execution outcomes, including potential reorderings, while adhering to proper principles. This paper also introduces a set of algebraic laws tailored for PSO utilizing the concept of ‘head normal form{\prime}. With the introduction of guarded choice, every program can be represented by head normal form. This representation models program execution in the presence of reorderings within the PSO model. Additionally, we also explores the relationship between trace semantics and algebraic semantics, establishing a connection by deriving trace semantics from algebraic semantics.",ieee,llm,1.000,unreviewed,
