status,title,authors,year,venue,doi,url,tags,abstract,provider,decision_source,llm_confidence,llm_review_outcome,llm_change_direction
discarded,Media attention and multidimensional board diversity,"Bona-Sanchez, Carolina; Pena-Martel, Devora; Perez-Aleman, Jeronimo; Santana-Martin, Domingo Javier",2026,REVIEW OF MANAGERIAL SCIENCE,10.1007/s11846-025-00943-5,https://www.webofscience.com/wos/woscc/full-record/WOS:001594003600001,off-topic-false-hit,"This study examines how media scrutiny influences multidimensional board diversity in a context where the main corporate governance concern is the potential expropriation of minority shareholders by controlling owners. We measure board diversity using the Blau index, which captures multiple dimensions, including gender, age, nationality, tenure, and education. Our findings show that greater media coverage tends to promote more diverse boards. When companies come under media attention, whether receiving approval or criticism, they often respond by signalling alignment with social expectations. In this context, board diversification becomes a visible yet low-risk adjustment that preserves internal control structures while addressing external scrutiny. Moreover, the tone of the coverage also matters, with favourable media coverage enhancing the reputational value of board diversity and encouraging visible appointments that signal responsiveness to public expectations without necessarily altering internal power dynamics. However, negative coverage may be perceived as a threat to internal power structures, leading controlling shareholders to resist governance reforms that could destabilise key relationships or expose internal disagreements. The study highlights how entrenched ownership structures can limit the role of media scrutiny in shaping multidimensional board diversity. The results also suggest that policymakers should consider both the tone of media coverage and controlling shareholders' incentives when designing governance reforms.",wos,llm,0.990,unreviewed,
discarded,"Design, optimization and control of the side reactor column configuration for photochemical process","Jiang, Wenlong; Yin, Tianle; Chen, Yanxi; Huang, Guoqiang; Xiang, Wenyu; Liu, Chunjiang",2025,CHEMICAL ENGINEERING AND PROCESSING-PROCESS INTENSIFICATION,10.1016/j.cep.2025.110536,https://www.webofscience.com/wos/woscc/full-record/WOS:001568938600001,off-topic-false-hit,"Photochemical reactions offer advantages for enabling chemical transformations under mild conditions with low energy consumption. However, their low conversion rates in reactors lead to increased production costs and limited industrial application fields. This study overcomes these limitations by developing a side-reactor column distillation (SRC) process that integrates reaction and separation, achieving continuous quadricyclane production with enhanced conversion efficiency. Process parameters are optimized using particle swarm optimization under a 99.9 mol% product purity constraint, achieving enhanced operational stability and economic performance. Three dynamic control structures are subsequently proposed based on the optimized process to enhance disturbance robustness. When subjected to +/- 10% feed flowrate disturbances, the temperature-composition cascade control structure (CS3) demonstrates superior performance relative to alternative structures, achieving 36% faster steady-state recovery with minimized product purity fluctuations. Integral squared error analysis confirms the superior disturbance rejection capability of CS3, establishing it as the most robust control scheme. The research expands SRC applications and provides a practical approach to deploy robust control strategies industrially.",wos,llm,0.990,unreviewed,
discarded,"Dynamic systems modeling for quality improvement in reducing neonatal mortality: evidence from Kerman and Bam, Iran","Amini, Elham; Amiresmaili, Mohammadreza; Torabinejad, Zohreh; Bagherzadeh, Mohammad Ali",2025,INTERNATIONAL JOURNAL OF HEALTH CARE QUALITY ASSURANCE,10.1108/IJHCQA-01-2025-0002,https://www.webofscience.com/wos/woscc/full-record/WOS:001566544000001,off-topic-false-hit,"PurposeNeonatal mortality is a significant global health issue, particularly in low- and middle-income countries. This study aims to identify and understand the factors contributing to high neonatal mortality rates in the cities of Kerman and Bam, Iran, to develop effective strategies for improvement.Design/methodology/approachWe employed systems dynamics to develop Causal Loop Diagrams that capture qualitative interactions among determinants of neonatal mortality. These CLDs were transformed into stock and flow diagrams for quantitative analysis. Using least squares regression techniques in MATLAB, we analyzed 60 months (2017-2021) of historical data from the Iranian Maternal and Neonatal database, the Integrated Health System (SIB), and Iran's Statistical Yearbooks. Expert interviews and hospital informatics were also utilized to enhance the model's robustness.FindingsThe developed model demonstrated a validation accuracy of approximately 94% based on Mean Absolute Percentage Error (MAPE). Key determinants were categorized into health factors (e.g. preterm birth, eclampsia), socio-demographic factors (e.g. maternal education, substance abuse), and healthcare system factors (e.g. NICU capacity, specialist staff). Simulation scenarios revealed that a 20% increase in NICU capacity could reduce neonatal mortality by 35% in Bam and 7% in Kerman. Additionally, hiring 15% more specialist staff reduced mortality by 10% in Bam and 7% in Kerman.Research limitations/implicationsWhile this study is based on data from two specific cities, which may limit its applicability to other regions with different healthcare infrastructures and socio-economic conditions, the integrated qualitative and quantitative methodology employed can be effectively applied to other areas and societies. Future research should expand to additional regions and incorporate more factors, such as genetic predispositions and environmental influences, to enhance the model's generalizability and accuracy. The findings provide clear guidance for healthcare policymakers on effective resource allocation, such as expanding NICU capacity and training more healthcare professionals, to reduce neonatal mortality rates.Practical implicationsThe model offers a robust framework for simulating intervention scenarios, enabling data-driven decision-making for optimizing healthcare strategies. By reducing neonatal mortality, this research contributes to the overall health and well-being of communities, fostering healthier families and populations, and leading to long-term societal benefits, including enhanced quality of life and economic productivity.Originality/valueThis study is among the first in Iran to utilize a comprehensive systems dynamics approach to analyze factors affecting neonatal mortality. It presents a highly accurate dynamic model that integrates qualitative and quantitative data, offering a replicable methodology adaptable to other regions facing similar health challenges. The innovative application of dynamic systems modeling in neonatal health provides significant contributions to healthcare management and public health, supporting global efforts to reduce neonatal mortality.",wos,llm,0.960,unreviewed,
discarded,Application of fuzzy logic control for enhanced speed control and efficiency in PMSM drives using FOC and SVPWM,"Oztok, Mahmut Furkan; Dursun, Emre Hasan",2025,PHYSICA SCRIPTA,10.1088/1402-4896/aded49,https://www.webofscience.com/wos/woscc/full-record/WOS:001549238700001,off-topic-false-hit,"PMSMs (Permanent Magnet Synchronous Motors) are favored in industrial systems requiring fast dynamic response and precision, thanks to their high efficiency and torque-to-inertia ratio. To fully leverage these motors, advanced control techniques like Field-Oriented Control (FOC) are essential, as they decouple torque and flux. However, traditional FOC systems often use PI controllers, which suffer from limited adaptability and challenging tuning processes, especially in applications demanding quick responses. To overcome these limitations, the study compared fuzzy logic-based speed control strategies. Three control structures were modelled in MATLAB/Simulink, integrating SVPWM for enhanced performance: traditional FOC with PI controller, FOC with single-input Fuzzy Logic Controller (FLC), and FOC with two-input FLC (FLC2). The simulation results clearly demonstrated FLC2's superior performance, achieving only 0.53% overshoot and a 0.08-second settling time. Quantitative metrics like IAE, ITAE, and ISE further validated FLC2's superiority over conventional control structures. These findings prove that, particularly the two-input FLC, offers a robust and high-performance alternative to traditional PI control in industrial automation, electric vehicles, and energy-efficient motor applications. With its simplicity, adaptability, and improved control performance, FLCs can play a significant role in next-generation smart motor drive technologies.",wos,llm,0.990,unreviewed,
discarded,Segmented Online Identification of Broadband Oscillation Impedance Based on ASSA,"Xu, Yunyang; Sun, Xinwei; Zhou, Bo; Jiang, Xiaofeng",2025,ELECTRONICS,10.3390/electronics14132594,https://www.webofscience.com/wos/woscc/full-record/WOS:001527550600001,off-topic-false-hit,"This paper addresses the challenges of broadband impedance identification in wind farms connected to the power grid, where broadband oscillations can compromise grid stability. Traditional impedance modeling approaches, including white-box and black/grey-box methods, face limitations in real-world applications, particularly when dealing with commercial new energy units with unknown control structures. To overcome these challenges, a novel real-time impedance identification method is proposed for PMSGs(Permanent Magnet Synchronous Generators). The method, called ASSA (Attention-based Shared and Specific Architecture), utilizes a multi-task neural network model combined with an attention mechanism to improve the accuracy of impedance fitting across different frequency bands. A broadband impedance dataset is constructed offline under various operating conditions, incorporating uncertainties like wind speed. The proposed approach offers an efficient solution for impedance identification, enhancing the stability and reliability of grid-connected renewable energy systems.",wos,llm,0.990,unreviewed,
discarded,A Novel Geospatial Approach for Analyzing Coastal Roadway Vulnerability to Shoreline Changes,"Kim, Soomin; Lee, Jaeyoung; Hong, Sungchul",2025,LAND,10.3390/land14061158,https://www.webofscience.com/wos/woscc/full-record/WOS:001516712400001,off-topic-false-hit,"Climate changes and coastal development pose growing risks to coastal roadways constructed on flat and low-elevation terrains near retreating shorelines. Although GIS has been widely used for shoreline change analysis and roadway management, significant limitations remain in accurately analyzing shoreline changes relative to roadways and integrating the analysis results into roadway spatial databases in the Geographic Information System (GIS). In this regard, this study proposes a novel geospatial approach that integrates the linear referencing system (LRS) with the vector-offset based analysis method for shoreline change. The LRS, implemented in GIS, defines the specific positions of a roadway using relative distances from predefined referents. Vector offsets, representing the shortest distance and direction from historical shorelines to the roadway, are then employed to analyze shoreline changes. The proposed approach was applied to a coastal roadway experiencing significant shoreline changes driven by climate change and the construction of coastal infrastructure. The results demonstrate the effectiveness of the proposed approach in analyzing shoreline retreat caused by coastal infrastructure development, as well as shoreline accretion following the installation of erosion control structures. These results, which closely reflect the actual erosion pattern, indicate that the proposed approach can effectively support planning for roadway maintenance and reinforcement.",wos,llm,0.990,unreviewed,
discarded,Modularized Small-Signal Modeling of Grid-Forming Inverters,"Ali, Sohail A.; Serna-Torre, Paul; Hidalgo-Gonzalez, Patricia; Dozein, Mehdi Ghazavi; Bahrani, Behrooz",2025,IEEE ACCESS,10.1109/ACCESS.2025.3572689,https://www.webofscience.com/wos/woscc/full-record/WOS:001504136600044,off-topic-false-hit,"A wide variety of control schemes for Grid-Forming Inverters (GFMIs) have been developed to enable inverter-based resources (IBRs) to comply with evolving grid-code requirements and deliver essential support services such as frequency and voltage regulation. However, the diversity in these control structures presents substantial challenges for consistent modeling, analysis, and systematic comparison. Conventional approaches to modeling Grid-Forming Inverters typically focus on individual control strategies or isolated configurations, limiting their flexibility and scalability for broader applications. To overcome these limitations, this paper introduces a unified, modular framework utilizing state-space representation (SSR) and the Component Connection Method (CCM) for small-signal modeling of GFMIs. The proposed framework systematically accommodates four prevalent Active Power Control (APC) strategies-Droop control, Droop with Low-Pass Filter (LPF), Virtual Synchronous Generator (VSG), and Compensated Generalized Virtual Synchronous Generator (CGVSG). By establishing a comprehensive and modular modeling methodology, this paper facilitates efficient stability analysis, parameter sensitivity assessment, and performance optimization of diverse GFMI configurations under varying grid conditions. The effectiveness and accuracy of the proposed approach are demonstrated through detailed eigenvalue analyses and validated via time-domain simulations, illustrating significant implications for practical engineering design, grid code compliance, and operational stability in inverter-dominated power systems. The computational implementation of the proposed methodology is available online in a public repository.",wos,llm,0.990,unreviewed,
discarded,Optimized multivariable control structures for voltage regulation in active distribution networks,"Rullo, Pablo; Luppi, Patricio; Braccia, Lautaro; Feroldi, Diego; Zumoffen, David",2026,INTERNATIONAL JOURNAL OF EMERGING ELECTRIC POWER SYSTEMS,10.1515/ijeeps-2025-0001,https://www.webofscience.com/wos/woscc/full-record/WOS:001487442600001,off-topic-false-hit,"The increasing penetration of distributed energy resources (DERs) into Active Distribution Networks (ADNs) demands innovative control solutions to address critical challenges such as voltage stability and power quality. Existing decentralized control strategies often fail to handle the intricate interactions between control loops in highly coupled systems, leading to suboptimal performance, excessive reactive power requirements, and operational limitations. This paper introduces a novel multivariable control framework designed for voltage regulation in ADNs. The proposed framework incorporates advanced Control Allocation and Measurement Combination modules, developed through a systematic methodology that merges Process Systems Engineering and Power Systems principles. By formulating the control design as a bilevel mixed-integer nonlinear programming (BMINLP) optimization problem, the framework minimizes voltage deviations, reactive power usage, and the reliance on actuators and sensors, ensuring system stability even under extreme conditions such as significant active power generation drops. Dynamic simulations performed on the IEEE 33-bus system demonstrate that the proposed approach outperforms traditional decentralized controllers by effectively preventing reactive power saturation and delivering superior voltage regulation. The results indicate that the voltage at all nodes stays within the permissible limits, with a maximum deviation of 0.7 %. Moreover, it achieves these results with reduced hardware and fewer control loops, highlighting its resource efficiency. This work represents a significant step forward in the control of ADNs with high DER penetration. By addressing the limitations of conventional strategies, it offers a scalable and robust solution that optimizes control resources, enhances system stability, and supports the transition to decentralized, renewable-powered distribution networks.",wos,llm,0.990,unreviewed,
discarded,Leaky Dams as Nature-Based Solutions in Flood Management Part I: Introduction and Comparative Efficacy with Conventional Flood Control Infrastructure,"Hansamali, Umanda; Makumbura, Randika K.; Rathnayake, Upaka; Azamathulla, Hazi Md.; Muttil, Nitin",2025,HYDROLOGY,10.3390/hydrology12040095,https://www.webofscience.com/wos/woscc/full-record/WOS:001474454800001,off-topic-false-hit,"Natural flood management strategies are increasingly recognized as sustainable alternatives to conventional engineered flood control measures. Among these, leaky dams, also known as woody debris dams or log dams, have emerged as effective nature-based solutions for mitigating flood risks while preserving essential ecosystem services. This review traces the historical evolution of leaky dams from ancient water management practices to contemporary applications, highlighting their development and adaptation over time. It presents a comparative examination of leaky dams and conventional flood control structures, outlining their respective strengths and limitations across ecological, hydrological, and economic dimensions. The review also introduces a conceptual classification of leaky dams into naturally occurring, engineered, hybrid, and movable systems, showing how each form aligns with varying catchment characteristics and management objectives. By synthesizing foundational knowledge and strategic insights, this paper establishes a theoretical and contextual framework for understanding leaky dams as distinct yet complementary tools in integrated flood management, laying the groundwork for further technical evaluations. The findings offer valuable insights for end users by highlighting the potential of leaky dams as integral components of sustainable flood management systems, elucidating their roles in mitigating flood risks, enhancing water retention, and supporting ecosystem resilience.",wos,llm,0.990,unreviewed,
kept,Structured programming: myths and facts,E. Miroshnichenko,2003,"7th Korea-Russia International Symposium on Science and Technology, Proceedings KORUS 2003. (IEEE Cat. No.03EX737)",,https://ieeexplore.ieee.org/document/1222644/,qualifies-claim,"All kinds of science have their own myths and technical science is not exclusion. It is possible to list a number of disappointing fallacies, mistakes and wrong beliefs. Such examples can make everyone hesitate whether all common truths of science are actual and final ones, even they are supported by great names like Wirth, Dijkstra etc. One of such well-known truths of science is the ""structural theorem"", being the foundation of the structured programming. It fights the ""goto"" statement in an implacable way and proclaims the only three fundamental control constructions: ""sequence"", ""loop"" and ""selection"". The structural theorem has long and respectable life; it is used for teaching all programmers at the stage of basics. The problem of such learning is the lack of sensible criticism. The offered report details the problems and fallacies of fighting the ""goto"" and summarizes clear and obvious mistakes in definitions of three ""fundamental control structures"". The goal of the report is to separate myths off the facts and advance the ""theory"" towards the ""practice"". The main conclusion is that the essence of the structured programming is good but its definition is wrong and has to be corrected in a proper way.",ieee,llm,0.980,unreviewed,
discarded,Interaction of Droop Control Structures and Its Inherent Effect on the Power Transfer Limits in Multiterminal VSC-HVDC,Florian Thams; Robert Eriksson; Marta Molinas,2017,IEEE Transactions on Power Delivery,10.1109/TPWRD.2016.2600028,https://ieeexplore.ieee.org/document/7542584/,off-topic-false-hit,"Future multiterminal HVDC systems are expected to utilize dc voltage droop controllers, and several control structures have been proposed in the literature. This paper proposes a methodology to analyze the impact of various types of droop control structures using small-signal stability analysis considering all possible combinations of droop gains. The different control structures are evaluated by the active power transfer capability as a function of the droop gains, considering various possible stability margins. This reveals the flexibility and robustness against active power flow variations, due to disturbances for all of the implementations. A case study analyzing a three-terminal HVDC VSC-based grid with eight different kinds of droop control schemes points out that three control structures outperform the remaining ones. In addition, a multivendor case is considered where the most beneficial combinations of control structures have been combined in order to find the best performing combination.",ieee,llm,0.990,unreviewed,
