status,title,authors,year,venue,doi,url,tags,abstract,provider,decision_source,llm_confidence,llm_review_outcome,llm_change_direction
This paper shows how a compiler can generate efficient code to compute tensor algebra operations on dynamic sparse tensors that may be stored in a wide range of disparate formats. We propose a language for precisely specifying recursive, pointer-based data structures, and we show how this language can express many different dynamic data structures, including all the ones named above as well as many more. We then describe how, given high-level specifications of such dynamic data structures, a compiler can emit code to efficiently access and compute on dynamic sparse tensors that are stored in the aforementioned data structures.

We evaluate our technique and find it generates efficient dynamic sparse tensor algebra kernels that have performance comparable to, if not better than, state-of-the-art libraries and frameworks such as PAM, Aspen, STINGER, and Terrace. At the same time, our technique supports a wider range of tensor algebra operations-such as those that simultaneously compute with static and dynamic sparse tensors-than Aspen, STINGER, and Terrace, while also achieving significantly better performance than PAM for those same operations.",wos,llm,0.950,unreviewed,
discarded,Insertion Semantics of VHDL as Electronic Design Languge,"Letychevskyi, O. O.; Odarushchenko, O. M.; Peschanenko, V. S.; Kharchenko, V. S.; Moskalets, V. V.",2022,CYBERNETICS AND SYSTEMS ANALYSIS,10.1007/s10559-022-00461-2,https://www.webofscience.com/wos/woscc/full-record/WOS:000814047400003,adjacent-subtopic,"The paper considers the problem of insertion semantics of hardware specifications, in particular, the VHDL language. The creation of semantics is necessary to represent the primary code of the VHDL language in the form of an insertion model using algebra of behaviors. This presentation allows the widespread use of formal methods of insertion modeling to verify electronic designs of safety critical systems. The main constructions of the VHDL language and their insertion semantics, such as process, architecture, and parallel operators are considered. The control flow of a VHDL program is constructed in the form of behavioral equations. Consecutive operators are represented as actions of behavior algebra. The problem of signal races and methods of its detection through detection of permutability properties is considered.",wos,llm,0.860,unreviewed,
kept,Nonlocal Flow of Control and Kleene Algebra with Tests,Dexter Kozen,2008,2008 23rd Annual IEEE Symposium on Logic in Computer Science,10.1109/LICS.2008.32,https://ieeexplore.ieee.org/document/4557904/,qualifies-claim,"Kleene algebra with tests (KAT) is an equational system for program verification that combines Kleene algebra (KA), or the algebra of regular expressions, with Boolean algebra. It can model basic programming and verification constructs such as conditional tests, while loops, and Hoare triples, thus providing a relatively simple equational approach to program equivalence and partial correctness. In this paper we show how KAT can be used to give a rigorous equational treatment of control constructs involving nonlocal transfer of control such as unconditional jumps, loop statements with multi-level breaks, and exception handlers. We develop a compositional semantics and a complete equational axiomatization. The approach has some novel technical features, including a treatment of multi-level break statements that is reminiscent of de Bruijn indices in the variable-free lambda calculus. We illustrate the use of the system by giving a purely calculational proof that every deterministic flowchart is equivalent to a loop program with multi-level breaks.",ieee,llm,0.970,unreviewed,
discarded,Transition Algebra for Software Testing,Pan Liu; Yihao Li; Huaikou Miao,2021,IEEE Transactions on Reliability,10.1109/TR.2021.3116054,https://ieeexplore.ieee.org/document/9612224/,adjacent-subtopic,"Model-based testing has been highlighted in the last few decades. Many improvements have been proposed for this testing method. One improvement is the use of extended regular expressions (EREs) for modeling software behavior, and then using the ERE model to generate test paths. To improve the theory of test generation based on the ERE model, this article presents an algebraic system, named transition algebra, by extending Kleene algebra. Eight operations and their corresponding operational properties, including basic and nonbasic operational properties, are designed for transition algebra, and all such properties are proven. Five examples are given to illustrate the use of ERE modeling and algebraic operations. To ensure the automatic generation of test paths from the ERE model, the article proves that any ERE model constructed by transition algebra can be converted to a set of transition sequences. Compared to Kleene algebra with tests, transition algebra has more operations to build a powerful ERE model and more operational properties to process the ERE model for the generation of test paths.",ieee,llm,0.840,unreviewed,
discarded,A Kleene Algebra Framework for Data Flow Analysis,Therrezinha Fernandes,2007,2007 Australian Software Engineering Conference (ASWEC'07),10.1109/ASWEC.2007.7,https://ieeexplore.ieee.org/document/4159673/,adjacent-subtopic,Data flow analysis is concerned with the static determination of relevant properties of the execution state of programs. Using Kleene algebra we develop a general framework for the formalization of a set of well-known data flow analysis problems. This approach permits an elegant yet rigorous treatment of the data flow problems and provides an intuitive cookbook style description of the formalization. We also prove the soundness of the approach with respect to the standard approach and illustrate the method on a concrete example.,ieee,llm,0.870,unreviewed,
discarded,Decomposition of data flow diagrams,T. Arndt; A. Guercio,1992,Proceedings Fourth International Conference on Software Engineering and Knowledge Engineering,10.1109/SEKE.1992.227904,https://ieeexplore.ieee.org/document/227904/,off-topic-false-hit,"Data flow diagrams are an important design aid in system development. CASE tools allow data flow diagram construction and modification to be automated. Decomposition is the top-down development of a data flow diagram starting with the system inputs and the system outputs. Decomposition may also be automated, resulting in an interactive process for data flow diagram design. Adler (1988) described an algebra for the decomposition of data flow diagrams. A set of quality measures was also described. The authors show that these quality measures do not correspond to the intuitive notion of a good decomposition. A new set of criteria is proposed which does correspond to the intuitive notion of a good decomposition. The use Adler's algebra leads to an inefficient decomposition process, as well as one which is not guaranteed to find a good decomposition. The authors give an efficient algorithm which gives a good decomposition.<>",ieee,llm,0.970,unreviewed,
discarded,Model for software behaviour detection based on process algebra and system call,Shen Limin; Wang Tao; Ma Chuan,2013,China Communications,10.1109/CC.2013.6674207,https://ieeexplore.ieee.org/document/6674207/,adjacent-subtopic,"Behaviour detection models based on automata have been studied widely. By adding edge ε, the local automata are combined into global automata to describe and detect software behaviour. However, these methods introduce nondeterminacy, leading to models that are imprecise or inefficient. We present a model of software Behaviour Detection based on Process Algebra and system call (BDPA). In this model, a system call is mapped into an action, and a function is mapped into a process. We construct a process expression for each function to describe its behaviour. Without constructing automata or introducing nondeterminacy, we use algebraic properties and algorithms to obtain a global process expression by combining the process expressions derived from each function. Behaviour detection rules and methods based on BDPA are determined by equivalence theory. Experiments demonstrate that the BDPA model has better precision and efficiency than traditional methods.",ieee,llm,0.880,unreviewed,
discarded,Design and synthesis of reconfigurable control-flow structures for CGRA,Zoltan Endre Rakossy; Axel Acosta-Aponte; Tobias G. Noll; Gerd Ascheid; Rainer Leupers; Anupam Chattopadhyay,2015,2015 International Conference on ReConFigurable Computing and FPGAs (ReConFig),10.1109/ReConFig.2015.7393298,https://ieeexplore.ieee.org/document/7393298/,adjacent-subtopic,"Coarse-Grained Reconfigurable Architectures (CGRA) promise both low power and high performance coupled with flexibility, however automatic mapping of applications to such platforms remains a great research challenge. Efficient manual mapping of the data-centric kernels of applications yields great results, however these contain internally control-flow specific tasks, which introduce mapping irregularities and execution inefficiencies on CGRAs. In this paper, we explore analysis, design and synthesis of reconfigurable structures for efficient application-specific control-flow processing, aiming to develop a methodology to design reconfigurable control-flow acceleration modules. Such modules can be coupled with generic CGRAs, off-loading execution of irregular and ill-suited sequential control-flow subroutines, enabling the CGRA to exploit a clean, regular data-flow centric mapping. Considering different architectural paradigms, we design and compare a functional array-based design, a VLIW-style design and an automatically generated design based on graph theoretic concepts against the ASIC implementation of the control flow operations for several kernels of the linear algebra domain. Such reconfigurable control-flow specific accelerators are a first step towards automating CGRA-based accelerator design and application mapping from high-level descriptions.",ieee,llm,0.940,unreviewed,
discarded,Towards Control Flow Analysis of Declarative Graph Transformations with Symbolic Execution,Florian Ege; Matthias Tichy,2021,2021 ACM/IEEE 24th International Conference on Model Driven Engineering Languages and Systems (MODELS),10.1109/MODELS50736.2021.00024,https://ieeexplore.ieee.org/document/9592425/,adjacent-subtopic,"The declarative graph transformation language Henshin transforms instance models represented as graphs by applying a series of basic steps that match and replace structural patterns on parts of models. These simple transformation rules are then combined into control flow constructs similar to those of imperative programming languages to create more complex transformations. However, defects in the structure of control flow or in transformation rules might misschedule the application of operations, resulting in basic steps to be inapplicable or produce incorrect output. Understanding and fixing these bugs is complicated by the fact that pattern matching in rules is non-deterministic. Moreover, some control flow structures employ a nondeterministic choice of alternatives. This makes it challenging for developers to keep track of all the possible execution paths and interactions between them. For conventional programming languages, techniques have been developed to execute a program symbolically. By abstracting over the concrete values of variables in any actual run, generalized knowledge is gained about the possible behavior of the program. This can be useful in understanding problems and fixing bugs. In this paper, we present an approach to symbolically execute graph transformations for a subset of Henshin, using symbolic path constraints based on the cardinalities of graph pattern occurrences in the model.",ieee,llm,0.890,unreviewed,
discarded,Formal semantics analysis of data flow and control flow for web composition transactions,Yonglin Wang; Yiyan Fan; Aijun Jiang,2010,The 3rd International Conference on Information Sciences and Interaction Sciences,10.1109/ICICIS.2010.5534735,https://ieeexplore.ieee.org/document/5534735/,adjacent-subtopic,"Web composition business process is the choreography of atomic activities and composition activities. To construct data flow and control flow, atomic activities and structured activities such as sequence, switch, flow and loop are formally described based on Petri net analysis. Considering the failure and compensation of composition transaction, compensation activities and sequence that handlers were triggered in nesting levels are analyzed according to scope, interface dependency and compensation dependency. Mapping of compensation context and activities and scopes in structured activities is discussed. A novel perspective of formalization of data flow and control flow for web services choreography is proposed.",ieee,llm,0.900,unreviewed,
kept,An Algebraic Technique for Securing Applications Against Reverse Engineering Attacks,Khair Eddin Sabri,2026,IEEE Access,10.1109/ACCESS.2026.3692568,https://ieeexplore.ieee.org/document/11516115/,supports-claim,"Control flow flattening is a widely used software obfuscation technique that protects programs against reverse engineering attacks by transforming structured control flow into dispatcher-based execution. In this paper, we introduce a formal framework for control flow flattening based on Kleene Algebra with Tests. Our framework enables the systematic transformation of conditionals, loops, nested structures, and multi-statement constructs into flattened control flow representations. We formally prove the semantic equivalence between the original and the flattened code. To demonstrate the applicability of the framework, we apply it to multiple C programs and analyze the flattened versions. The results highlight the trade-off between structural complexity and performance: while the flattened versions introduce runtime overhead compared to the original structured programs, they increase control-flow complexity and alter the execution structure.",ieee,llm,0.910,unreviewed,
discarded,MazeRunner: Evaluating the Attack Surface of Control-Flow Integrity Policies,Dongrui Zeng; Ben Niu; Gang Tan,2021,"2021 IEEE 20th International Conference on Trust, Security and Privacy in Computing and Communications (TrustCom)",10.1109/TrustCom53373.2021.00116,https://ieeexplore.ieee.org/document/9724388/,adjacent-subtopic,"Control-Flow Integrity (CFI) enforces a control-flow graph (CFG) to limit attackers' ability to manipulate runtime control flow. CFI variations, enforcing different CFGs, achieve different degrees of attack surface reduction. To compare the security strength of different CFI policies, measuring the remaining attack surface is critical but challenging. Therefore, we propose MazeRunner, a framework that quantitatively estimates the attack surface of a CFI-hardened program. Methodology-wise, it takes a program's CFG, an attack model, and a security-violation policy as input to discover risky program points by an attack-aware data dependency tracking algorithm. Risky program points and the CFG are used to compute a metric for the remaining attack surface. We evaluate MazeRunner with 3 CFG types, 3 attack models, and 4 security-violation policies against 13 realistic benchmarks, and demonstrate that the new metric achieves higher precision than traditional metrics while maintaining completeness.",ieee,llm,0.960,unreviewed,
kept,Structured Programming With and Without go to Statements,C.C. Elgot,1976,IEEE Transactions on Software Engineering,10.1109/TSE.1976.233800,https://ieeexplore.ieee.org/document/1702335/,qualifies-claim,"While ""Dijkstra flow-chart schemes"" (built out of assignment statement schemes by means of composition, IF—THEN and WHILEDO) are simple and perspicuous, they lack the descriptive power of flow-chart schemes (provided additional ""variables"" are not permitted). On the other hand, the analogous multiexit composition binary alternation-conditional iteration (CACI) schemes introduced below, which are virtually as simple and perspicuous as Dijkstra schemes, describe exactly the same computational processes as flow-chart schemes (without the aid of additional variables).",ieee,llm,0.990,unreviewed,
discarded,Annotating Control-Flow Graphs for Formalized Test Coverage Criteria,Sean Kauffman; Carlos Moreno; Sebastian Fischmeister,2024,"2024 IEEE International Conference on Software Testing, Verification and Validation Workshops (ICSTW)",10.1109/ICSTW60967.2024.00021,https://ieeexplore.ieee.org/document/10675739/,adjacent-subtopic,"Control flow coverage criteria are an important part of the process of qualifying embedded software for safety-critical systems. Criteria such as modified condition/decision coverage (MC/DC) as defined by DO-178B are used by regulators to judge the adequacy of testing and by QA engineers to design tests when full path coverage is impossible.Despite their importance, these coverage criteria are often misunderstood. One problem is that their definitions are typically written in natural language specification documents, making them imprecise. Other works have proposed formal definitions using binary predicate logic, but these definitions are difficult to apply to the analysis of real programs. Control-Flow Graphs (CFGs) are the most common model for analyzing program logic in compilers, and seem to be a good fit for defining and analyzing coverage criteria. However, CFGs discard the explicit concept of a decision, making their use for this task seem impossible.In this paper, we show how to annotate a CFG with decision information inferred from the graph itself. We call this annotated model a Control-Flow Decision Graph (CFDG) and we use it to formally define several common coverage criteria. We have implemented our algorithms in a tool which we show can be applied to automatically annotate CFGs output from popular compilers.",ieee,llm,0.860,unreviewed,
discarded,Structured Binary Editing with a CFG Transformation Algebra,Andrew R. Bernat; Barton P. Miller,2012,2012 19th Working Conference on Reverse Engineering,10.1109/WCRE.2012.11,https://ieeexplore.ieee.org/document/6385097/,adjacent-subtopic,"Binary modification allows users to alter existing code or inject new code into programs without requiring source code, symbols, or debugging information. It is critically important that such modification not accidentally create a structurally invalid binary that has illegal control flow or executes invalid instructions. Unfortunately, current modification tools do not make this guarantee, instead relying on the user to manually ensure the modified binary is valid. In addition, they fail to provide high-level abstractions of the binary (e.g., functions), instead requiring the user to have a deep understanding of the idiosyncrasies of the instruction set and the behavior of the program. We present structured binary editing, which allows users to modify a program binary by modifying its control flow graph (CFG). We define an algebra of CFG transformations that is closed under a CFG validity constraint, thus ensuring that users can arbitrarily compose these transformations while preserving structural validity. We have implemented structured binary editing in the Dyninst binary analysis and instrumentation framework, creating a high-level binary modification toolkit. We demonstrate the usefulness of our approach by creating a hot patching tool that closes three vulnerabilities in a running, unmodified Apache HTTPD server without interrupting the server's execution.",ieee,llm,0.880,unreviewed,
discarded,Using Algebra Graph Representation to Detect Pairwise-Constraint Software Faults,Yong Wang; Xiangyu Chen; Wan Zhou; Xuejuan Liu; Jun Li; Guifu Lu,2020,IEEE Access,10.1109/ACCESS.2020.3029094,https://ieeexplore.ieee.org/document/9214474/,adjacent-subtopic,"Automatic fault detection, localization, and repairing have always been a research hot spot. Because software faults can appear anywhere in a software, it is impossible to automatically repair all types of faults. One possible solution is to detect, localize, and fix a specific fault each time according to the fault signature pattern. Along this direction, we propose an approach that detects pairwise-constraint software faults using algebra graph representation. The approach takes a program and a pairwise-constraint as inputs and generates a fault report for programmers. It firstly generates a constraint control flow graph (CFG) that is labeled using pairwise constraint and then translates the constraint CFG as a path expression using algebra graph representation, which is an abstract path model for the program. Finally, it employs a detection algorithm to detect whether the program contains pairwise-constraint faults. We perform case studies to validate the effectiveness of our approach. The preliminary results show that the approach can detect pairwise-constraint software faults before software testing.",ieee,llm,0.910,unreviewed,
