status,title,authors,year,venue,doi,url,tags,abstract,provider,decision_source,llm_confidence,llm_review_outcome,llm_change_direction
discarded,If Art Education Then Critical Digital Making: Computational Thinking and Creative Code,Aaron D. Knochel; Ryan M. Patton,2015,Studies in Art Education,10.1080/00393541.2015.11666280,https://openalex.org/W2491875576,adjacent-subtopic,"Imagine teeth, eyes, and tongues are digitally added to a shadow puppet as a child's arms move in front of a light projection. The enhanced shadow puppet squeaks and growls, growing shapes that react as child moves around (see Figure 1) Imagine students' charcoal drawings are scanned and run through a computer program to create an animated virtual fungus growing around light and dark passages of drawing (see Figure 2) How is this possible? How can software interact with shadow puppets and charcoal drawings? These are examples of creative code (Maeda, 2004; Peppler & Kafai, 2005), programmable objects1 developed as art by Philip Worthington (Shadow Monsters, 2004-present)2 and Ryan Alexander (Mycelium, 2005-present) These examples are a small representation of history of code-based artworks exploring both digital image manipulation and realtime performance (Lovejoy, 1997) Creative coding requires a range of problem-solving skills using computer algorithms or what has generally been called computational thinking (Wing, 2010) In this article, we discuss value of art students engaging in computational thinking by playfully creating their own computer code as both an art medium and as an opportunity to critically think about ways programmable digital shapes society 3When art students play a video game or show each other their favorite smartphone app, too often they are able to discuss how computer program interacts with user, but unable to describe or articulate how these programmable objects function Yet, art students can articulate firing processes in ceramics; how light and chemical reactions work in darkroom photography; or how mixing of pigments affects hue, value, and chromatic intensity of paint All of these forms of knowledge develop technical skills of artists However, these are not only forms of knowledge a 21st-century artist might need Recent art education scholarship includes critique, analysis, and making with digital as part of field research in visual culture and digital literacy (Buffington, 2008; Castro, 2012; Darts, 2010; Keifer-Boyd, 2005; McClure, 2013; Sweeny, 2010; Taylor & Carpenter, 2002) However, few art educators have demonstrated expertise in computer programming, so field has largely stayed away from critically investigating how programmable objects function and developing technical skills like computer programming as a creative practice for art contexts Digital theorists-critically looking at programmable objects like video game Civilization® (Galloway, 2004) and image editing software like Adobe® Photoshop® (Manovich, 2013)-examine how cultural biases and limitations impact software's functionality in culture and contemporary society To fill in gap between theory and practice, we argue that art education can play a role in developing critical thinking skills of 21st-century students by augmenting K-12 art curriculum to include computational thinking as a practice of critical digital making-a creative process using programmable objects to engage with sociocultural contexts to make art(Re)Thinking Art Education Programming (sic): Computational Thinking & ConstructionismWhile computational thinking is discussed extensively in fields of learning sciences and instructional technology, there has yet to be a consistent definition (Brennen & Resnick, 2012) Coined by scientist and educational theorist Seymour Papert (1996), computational thinking has been defined as an algorithmic problem solving method, represented in a form that can be effectively carried out by an informationprocessing agent (Wing, 2010, p 1) By this definition, computational thinking has been implicitly connected to programmable objects and their design, whether software or hardware Like many fields of art and design, dispositions essential to computational thinking include confidence in dealing with complexity, persistence, tolerance for ambiguity, and ability to deal with open-ended problems (CSTA Standards Task Force, 2011) Computer scientist Jeannette Wing (2006) argued that computational thinking is a fundamental skill for everyone, not just computer scientists, citing importance of integrating computational ideas into other disciplinesArt programs like ones described in Studio Thinking (Hetland, Winner, Veenema, Sheridan, & Perkins, 2007) push students to work in ways aligning with computational thinking such as persistence in working with difficult and open-ended problems Yet, art examples in Studio Thinking stay within traditional mediums of ceramics, painting, drawing, photography, and sculpture-leaving out computation and digital Although recent research explores how principles of Studio Thinking can be applied to digital making (Sheridan, 2011), we, authors of this article, believe computational thinking through critical digital making should be embedded in art curriculum to equip students with coding skills important to digital literacy, to expose computational world surrounding all of us (Gardiner, 2014), and to explore materiality of digital forms of art connecting to people's technologically mediated daily livesArguing for art educators to learn how to program software and manipulate hardware appears in art education literature as early as 1980s when Linda Ettinger (1988) envisioned a future when art students would create new media by developing their own software Ettinger challenged art educators to ask questions when students make work with computer such as, does the student control medium, or does medium control student? …",openalex,llm,0.800,unreviewed,
discarded,Computational Thinking in High School Science Classrooms: Exploring the Framework and NGSS,Cary Sneider; Chris Stephenson; Bruce Schafer; Larry Flick,2014,The Science Teacher,10.2505/4/tst14_081_05_53,https://openalex.org/W254572647,adjacent-subtopic,"[ILLUSTRATION OMITTED] Computational thinking is a fundamental skill for everyone, not just for computer scientists. To reading, writing, and arithmetic, we should add computational thinking to every child's analytical ability (Wing 2006, p. 33). A Framework for K-12 Science Education identified eight practices as essential elements of the K-12 science and engineering curriculum (NRC 2012, p. 49). These practices are deeply embedded within the Next Generation Science Standards (NGSS Lead States 2013a), where they are wedded closely to core ideas in the science disciplines. Most of the practices, such as Developing and Using Models, Planning and Carrying Out Investigations, and Analyzing and Interpreting Data, are well known among science educators. In contrast, the practice of Using Mathematics and Computational Thinking raises questions in the minds of many educators. As mathematics has long been integral to science teaching, the questions tend to revolve around the meaning of computational thinking. The Framework envisions computational thinking as a powerful intellectual tool: Since the mid-20th century, computational theories, information and computer technologies, and algorithms have revolutionized virtually all scientific and engineering fields. These tools and strategies allow scientists and engineers to collect and analyze large data sets, search for distinctive patterns, and identify relationships and significant features in ways that were previously impossible. They also provide powerful new techniques for employing mathematics to model complex phenomena---for example, the circulation of carbon dioxide in the atmosphere and ocean (NRC 2012, p. 64). and computational thinking We (the authors) asked ourselves how the different forms of computational thinking suggested in this definition differed from mathematical thinking. Mathematics, it's important to note, is not just a skill but also a way of thinking about the world. The Framework distinguishes mathematics from data analysis in the use of symbols to express relationships. So, for example, a student might graph data from an experiment and notice a pattern. Mathematics comes in when the student expresses the pattern as an equation that can predict additional data points. Students develop mathematical thinking when they approach a new situation with a range of mathematical skills in mind. Similarly, they develop computational thinking when they approach a new situation with an awareness of the many ways that computers can help them visualize systems and solve problems. The Venn diagram in Figure 1 shows how we see the relationship between mathematical and computational thinking. The diagram (itself a mathematical tool) shows which capabilities can be considered part of mathematical thinking, which are part of computational thinking, and which are part of both. As the diagram illustrates, analyzing and interpreting data is common to both mathematical and computational thinking, as are problem solving, mathematical modeling, and statistics and probability. Figure 1 also lists capabilities unique to computational thinking. In the remainder of this article we will illustrate how simulation, data mining, and automated data collection are important in today's science classroom. As you read these examples, keep in mind that simply using computers is not enough; students must be encouraged to re-orient and deepen their understanding about science using computational thinking. Your goal should be to help students build learning skills by recognizing the ways they can use computers to carry out investigations and solve practical problems. [FIGURE 1 OMITTED] The NGSS describes the practice of mathematics and computational thinking for high school as follows: Mathematical and computational thinking in 9-12 builds on K-8 experiences and progresses to using algebraic thinking and analysis, a range of linear and nonlinear functions including trigonometric functions, exponentials and logarithms, and computational tools for statistical analysis to analyze, represent, and model data. …",openalex,llm,0.760,unreviewed,
discarded,Gamification and Computational Thinking in Education: A systematic literature review,Serafeim A. Triantafyllou; Theodosios Sapounidis; Yousef Farhaoui,2024,Salud Ciencia y Tecnología - Serie de Conferencias,10.56294/sctconf2024659,https://openalex.org/W4393868128,adjacent-subtopic,"The rapid development of gamification and computational thinking seems to open up new educational horizons by providing new opportunities for students to acquire the basic digital skills needed for their cognitive development. Gamification, on the side, flourishes because it brings about high degree of participants’ engagement in an activity. Accordingly, on the other side, the growing scientific interest in computational thinking centers on the fact that it provides a fruitful field of dialogue in the research community for the development of critical and analytical thinking of students. Hence, this paper aims to synthesize knowledge about gamification and computational thinking for improving education for the benefit of students. Specifically, this paper describes: (a) the theoretical background of gamification in learning and education, (b) relevant studies in literature and their findings, and (c) specific gamified applications of STEM [Science, Technology, Engineering, Mathematics] which have been developed to this subject area. Four databases were searched, and 37 papers were finally selected for this review. The findings from the presented learning theories set the foundation on how students obtain knowledge, and the relevant studies in the field of gamification and computational thinking showed some first positive outcomes stemming some first research attempts which need further examination. Furthermore, it seems that with the right use of game mechanics and elements, well-designed applications of STEM gain students’ interest to learn through gameplay and motivate them to cultivate computational thinking and problem-solving skills",openalex,llm,0.920,unreviewed,
kept,Conceptions and Misconceptions about Computational Thinking among Italian Primary School Teachers,Isabella Corradini; Michael Lodi; Enrico Nardelli,2017,,10.1145/3105726.3106194,https://openalex.org/W2749412609,qualifies-claim,"Many advanced countries are recognizing more and more the importance of teaching computing, in some cases even as early as in primary school. ""Computational thinking"" is the term often used to denote the conceptual core of computer science or ""the way a computer scientist thinks"", as Wing put it. Such term - given also the lack of a widely accepted definition - has become a ""buzzword"" meaning different things to different people. We investigated the Italian primary school teachers' conceptions about computational thinking by analyzing the results of a survey (N=972) conducted in the context of ""Programma il Futuro"" project. Teachers have been asked to provide a definition of computational thinking and to answer three additional related closed-ended questions. The analysis shows that, while almost half of teachers (43.4%) have included in their definitions some fundamental elements of computational thinking, very few (10.8%) have been able to provide an acceptably complete definition. On a more positive note, the majority is aware that computational thinking is not characterized by coding or by the use of information technology.",openalex,llm,0.950,unreviewed,
discarded,Computational Thinking Concepts for Grade School,John F. Sanford; Jaideep T. Naidu,2016,Contemporary Issues in Education Research (CIER),10.19030/cier.v9i1.9547,https://openalex.org/W2237126349,adjacent-subtopic,"Early education has classically introduced reading, writing, and mathematics. Recent literature discusses the importance of adding “computational thinking” as a core ability that every child must learn. The goal is to develop students by making them equally comfortable with computational thinking as they are with other core areas of early education. Computational thinking does not come naturally and requires training and guidance. This paper argues for the inclusion of computational thinking in tandem with mathematics. As an example, the paper demonstrates spreadsheet applications that can be utilized concurrently with early mathematical concepts. It demonstrates that at this time, spreadsheets are the best medium for inculcating computational thinking but recognizes that advances in technology may favor other digital approaches in time.",openalex,llm,0.770,unreviewed,
discarded,Introducing Computational Thinking to K-5 in a French Context,Vanea Chiprianov; Laurent Gallon,2016,,10.1145/2899415.2899439,https://openalex.org/W2462239424,adjacent-subtopic,"Computational Thinking (CT) is beginning to be accepted as one of the fundamental 21st century skills for everyone. Curricula and environments are being developed for different group ages, from kindergarten to university, in several countries. As part of this global tendency, France has recently taken political decisions to integrate CT Education (CTE) in the mandatory national curriculum. However, many challenges remain until a full implementation is achieved. In this paper we report on a partnership between a university, local elementary schools and the county Ministry of Education (MoE), and on an exploratory project of introducing CT to K-5 students. This project has provided us with valuable feedback on the specifics of integrating CT in a national curriculum and the creation of a partnership and a community. These lessons will be used in the following stage of scaling up to more elementary schools in the entire county, but also addressing other school levels such as kindergarten, middle school and high school.",openalex,llm,0.830,unreviewed,
discarded,Fostering computational thinking through unplugged activities: A systematic literature review and meta-analysis,Peng Chen; Dong Yang; Ahmed Hosny Saleh Metwally; Jari Lavonen; Xiao Wang,2023,International Journal of STEM Education,10.1186/s40594-023-00434-7,https://openalex.org/W4383816062,adjacent-subtopic,"Abstract Unplugged activities as a low-cost solution to foster computational thinking (CT) skills seem to be a trend in recent years. However, current evidence of the effectiveness of unplugged activities in promoting students’ CT skills has been inconsistent. To understand the potential of unplugged activities on computational thinking skills, a systematic review and meta-analysis were conducted. Our review of 49 studies examined the influence of unplugged activities to improve students’ CT skills in K–12 education between 2006 and 2022. The literature review showed that studies on CT skills were mainly (81.64%) conducted in computer science and STEM education, with board and card games being the most common unplugged activities for fostering CT skills in K–12 education. CT diagnostic tools (36.37%) were frequently used as assessment tools. A follow-up meta-analysis of 13 studies with 16 effect sizes showed a generally large overall effect size (Hedges’s g = 1.028, 95% CI [0.641, 1.415], p < 0.001) for the use of unplugged activities in promoting students’ CT skills. The analysis of several moderator variables (i.e., grade level, class size, intervention duration, and learning tools) and their possible effects on CT skills indicated that unplugged activities are a promising instructional strategy for enhancing students’ CT skills. Taken together, the results highlight the affordances of unplugged pedagogy for promoting CT skills in K–12 education. Recommendations for policies, practice, and research are provided accordingly.",openalex,llm,0.900,unreviewed,
kept,Ubiquity symposium: Computation and Computational Thinking,Alfred V. Aho,2011,Ubiquity,10.1145/1922681.1922682,https://openalex.org/W2157517579,supports-claim,In this ninth piece to the Ubiquity symposium discussing What is computation? Alfred V. Aho shares his views about the importance of computational thinking in answering the question. --Editor,openalex,llm,0.680,unreviewed,
kept,"Geo-Computational Thinking in the Third Grade: Making Computational Thinking Truly &quot;For Everyone, Everywhere&quot;.",Thomas C. Hammond; Julia Oltman; Meghan M. Manfra,2019,GeoEd@SIGSPATIAL,10.1145/3356393.3365369,https://dblp.org/rec/conf/gis/HammondOM19,qualifies-claim,"The concept of computational thinking originated in the computer science community and has therefore focused on concepts and terminology drawn from that discipline. However, to make computational thinking an integrated, accessible concept within other parts of the K-12 curriculum, the concepts and terminology must be adapted to fit the new curricular context. We focus on elementary social studies, specifically a third grade geography lesson on absolute location using a teaching strategy of a scaffolded geocache. We present a selection of computational thinking elements, adapt them to social studies, and then organize them into a four-part heuristic: Data, Patterns, Rules, and Questions. Through this selection, adaptation, and sequencing, computational thinking can become a relevant and accessible integrated concept within the elementary social studies curriculum.",dblp,llm,0.880,unreviewed,
discarded,A congress for children and computational thinking for everyone.,Barbara Sabitzer; Heike Demarle-Meusel,2018,WiPSCE,10.1145/3265757.3265782,https://dblp.org/rec/conf/wipsce/SabitzerD18,adjacent-subtopic,"As final event of the project ""Informatics - A Child's Play?!"", which aimed at introducing computational thinking in primary and secondary schools, the authors initiated the first Children's Congress in 2016 with the main theme of ""Languages - Pictures - Information"". This is now an annual event, where all participating children can slip into the role of researchers and present the results of their projects accomplished together with their teachers as well as teacher students of different master courses. As preparation the project teams get an introduction into computational thinking and several computer science concepts with the task of applying at least one of them in their project and the development of creative products. The themes of the Children's Congress are relatively open and fit into every subject, because our main aim is introducing computational thinking ""by the way"" to all participants. During their work on cross-curricular or even subject specific projects, pupils, students and teachers learn that basics of computational thinking are or can be integrated in every subject. This paper reports on the implementation and procedure of the Children's Congress and gives an overview of the projects accomplished in the first two years (2016 and 2017). It describes how and where computational thinking has been integrated and presents the main results of the evaluation gained from interviews and questionnaires.",dblp,llm,0.860,unreviewed,
