status,title,authors,year,venue,doi,url,tags,abstract,provider,decision_source,llm_confidence,llm_review_outcome,llm_change_direction
discarded,Knowledge and Misconceptions About Child Sexual Abuse in the Catholic Church: Insights from Pastoral Agents,"Santamaria, Txemi; Corral, Susana; Greco, Ana M.; Merino, Laura; Pereda, Noemi",2026,JOURNAL OF CHILD SEXUAL ABUSE,10.1080/10538712.2026.2711254,https://www.webofscience.com/wos/woscc/full-record/WOS:001840953300001,off-topic-false-hit,"Child sexual abuse (CSA) is recognized as a major public health problem affecting a significant number of children and youth worldwide. Despite heightened awareness, professionals working with children and adolescents, particularly within religious settings, often hold misconceptions that hinder effective prevention and intervention. This study aimed to assess Spanish pastoral agents' knowledge of CSA and identify subgroup differences (e.g. by gender or age group). A total of 403 individuals (72.8% women, 27.2% men; age range 16-80, M = 44.6 years, SD = 17.3) responded to ten statements evaluating common myths and factual misconceptions about CSA. Results indicated that pastoral agents generally demonstrated accurate knowledge, though significant gaps remained, especially regarding prevalence. Notably, misconceptions such as ""CSA is more frequent in low socioeconomic status families"" and ""the perpetrator is always a stranger"" revealed marked gender-based differences. In addition, agents working primarily with younger children showed a higher level of belief in CSA myths compared to those working with adolescents. These findings underscore critical areas for targeted educational interventions. Training should address overlooked dimensions, particularly prevalence data and socioeconomic stereotypes, and be tailored to specific subgroups. Incorporating current empirical evidence and highlighting contextual risk factors may enhance pastoral agents' capacity to recognize, prevent, and respond effectively to CSA within their communities. By clarifying misunderstandings and strengthening professional preparedness, tailored programs can help bridge existing knowledge gaps and foster safer, more informed environments for vulnerable youth.",wos,llm,1.000,unreviewed,
discarded,United States Youth Perspectives on Zyn Oral Nicotine Pouches,"Dougherty, Ailish; Frank, Abby; Hunter, Arianne; Gupta, Mahesh; Waselewski, Marika; Chang, Tammy",2026,JOURNAL OF ADOLESCENT HEALTH,10.1016/j.jadohealth.2026.04.003,https://www.webofscience.com/wos/woscc/full-record/WOS:001841063600001,off-topic-false-hit,"Purpose: Oral nicotine pouches (ONPs) such as Zyn are a rapidly growing nicotine delivery product among US youth. Although marketed as harm reduction tools for adult smokers, little is known about how young people perceive and use ONPs. Methods: We conducted a nationwide text message survey through MyVoice in March 2025. A total of 704 youth aged 14-24 years were asked five open-ended questions about awareness, reasons for use, attitudes, risks, and the role of physicians in addressing Zyn use. Responses underwent qualitative content analysis by a four-member research team, with summary statistics calculated for demographics and code frequencies. Results: A total of 622 (88%) of participants responded. Average age was 20 years (SD = 3). Most identified as female (56%) and non-Hispanic White (48%), and 30% received Supplemental Nutrition Assistance Program benefits. Few youth (3%) reported personal Zyn use and 37% reported peer use. Three main themes emerged from the data: 1) youth are exposed to Zyns through a variety of means, including friends and online sources, with peer pressure emerging as a leading factor driving use in our sample, 2) youth express ambivalence about Zyn use, and 3) youth are aware of Zyn health risks and support physician screening and counseling about Zyn use. Discussion: Youth concurrently recognize risks and perceived benefits of Zyns, suggesting that ambivalence is a factor in ONP uptake. Health-care providers have the opportunity to meet the needs of youth by screening for ONP use, clarifying misconceptions about the positives of ONPs, and integrating ONP-specific guidance into cessation interventions. (c) 2026 Society for Adolescent Health and Medicine. Published by Elsevier Inc. This is an open access article under the CC BY-NC-ND license (http://creativecommons.org/licenses/by-nc-nd/ 4.0/).",wos,llm,1.000,unreviewed,
discarded,"Neuroscience literacy, growth mindset, and epistemological beliefs among Chinese preservice teachers: A two-study investigation of status and intervention effectiveness","Cao, Zhiwei; Guo, Xiaoming; Ye, Qun",2026,REVISTA DE PSICODIDACTICA,10.1016/j.psicod.2026.500185,https://www.webofscience.com/wos/woscc/full-record/WOS:001837408200001,off-topic-false-hit,"Educational neuroscience offers valuable insights for teaching, yet preservice teachers' understanding is often impeded by misconceptions or ""neuromyths."" This two-study research investigated neuroscience literacy, growth mindset, and epistemological beliefs among Chinese preservice teachers, and the effectiveness of a targeted educational neuroscience intervention designed to enhance these attributes. Study 1 assessed baseline levels of these constructs, their interrelationships, and demographic correlates among 388 preservice teachers (31.2% male, 68.8% female; aged 18-24 years). Study 2 evaluated the efficacy of a 6-week educational neuroscience intervention using a quasi-experimental pretest-posttest design with an experimental group (n = 28), a blank control group (n = 40), and a positive control group (n = 33). Results from Study 1 indicated moderate general brain knowledge (66.61% correct) but poor neuromyth identification (43.19% correct). Latent variable structural equation modeling (SEM) revealed patterns consistent with growth mindset serving as a mediating mechanism linking general brain knowledge and the two dimensions of epistemological beliefs. Study 2 demonstrated that the intervention significantly improved neuroscience literacy, fostered a stronger growth mindset compared to the blank control group, and cultivated more sophisticated epistemological beliefs compared to both control groups. These findings highlight the prevalence of neuromyths and the malleability of these psychological attributes through targeted education, underscoring the critical need to integrate comprehensive neuroscience training into teacher preparation programs. (c) 2026 Published by Elsevier Espana, S.L.U. on behalf of Universidad del Pa & imath;s Vasco.",wos,llm,1.000,unreviewed,
discarded,A perspective on the disparities in Alzheimer's disease treatment and rehabilitation in Africa,"Napoleon, Tejiri; Sanusi, Ishaq Oyeshina; Akinride, Deborah; Egwu, Emmanuela Ojoagefu; Oluwafunmilayo, Eleyinmi; Duru, Chioma Nnedinma; Ifeoluwa, Ojo Israel; Christopher, Ucheobi Nonso; Tabitha, Elete Shola; Ogbodu, Ogheneakpobor; Chukwuemeka, Emmanuel Kodizuru; Clement, Angel; Anuoluwapo, Awokunle Joshua; Anuoluwapo, Ogunmekan Precious; Moyinoluwa, Omoyajowo; Emmanuel, Olaniran Oluwatosin; Eko, Ogban Nsenanzama; Ifeoma, Ehiwogwu Victoria; Efe, Tony; Onwurah, Chinazaekpere Blessing; Oluwayemisi, Olaoluwa T.; Lawal, Sodiq; Ogheneruona, Davies Oluwasijibomi; Okoye, Chinwekene; Femi-Lawal, Victor; Ogungbemi, Evelyn Faith; Macqueen, Roys-Ugbobuaku; Queeneth, Ukah; Niji-Olawepo, Toluwalogo",2026,DISCOVER PUBLIC HEALTH,10.1186/s12982-026-02593-8,https://www.webofscience.com/wos/woscc/full-record/WOS:001828716300002,off-topic-false-hit,"Alzheimer's disease (AD) is an increasingly prevalent neurodegenerative disorder and a growing public health challenge across Africa, with significant consequences for individuals, families, and health systems. This article examines disparities in AD diagnosis, treatment, and rehabilitation across Africa. We synthesized evidence on the health system, socioeconomic, and cultural barriers to equitable care. Limited diagnostic capacity, specialist shortages, and cultural misconceptions drive delayed recognition and management of AD. Socioeconomic constraints, urban-rural service inequities, and high, inconsistent medication costs further restrict treatment access. Non-pharmacological interventions including cognitive stimulation, occupational therapy, and caregiver training remain scarce and are largely confined to urban tertiary facilities with minimal multidisciplinary coordination. Consequently, informal family-based care predominates, increasing caregiver burden and worsening outcomes relative to high-income settings. African populations are also underrepresented in epidemiological studies and clinical trials. Reducing AD disparities in Africa requires integrating AD into national non-communicable disease strategies, strengthening primary care via task-shifting, and expanding affordable pharmacologic and rehabilitation services. Scalable, low-cost approaches such as community-based cognitive stimulation, physical exercise programs, and caregiver education delivered by community health workers and digital platforms show promise for low-resource settings. Coordinated policy, research, and service delivery reforms are essential to improve equity and outcomes for people living with AD in Africa.",wos,llm,1.000,unreviewed,
discarded,Effectiveness of a mental health literacy intervention for high school adolescents: a before-and-after study in a school-based setting in France,"Chrusciel, Jan; Chretien, Pierre; Deniaud, Pierrick; Bertaux, Dorothee; Sanchez, Stephane",2026,EUROPEAN CHILD & ADOLESCENT PSYCHIATRY,10.1007/s00787-026-03140-1,https://www.webofscience.com/wos/woscc/full-record/WOS:001828534400001,off-topic-false-hit,"Adolescents are at increased risk of developing mental health disorders, making mental health literacy a key component of early prevention and recognition. Although school-based interventions are considered effective, they remain insufficiently implemented within the French education system. This study assessed the impact of a universal school-based mental health literacy intervention, IDEO (Inform, Destigmatize, Evaluate, and Orient), on adolescents' knowledge of mental health and support services. A pre-post comparative study was conducted in all high schools of the Aube department (France) between January 2023 and December 2024. The IDEO intervention was delivered by mental health professionals and educators through two interactive sessions. Students aged 15-16 years completed self-administered digital questionnaires before and after the intervention, assessing mental health knowledge, misconceptions, and awareness of available support services. Knowledge acquisition was measured using a score based on the number of 18 possible correct answers. Multivariable and sensitivity analyses were performed to identify factors associated with knowledge improvement. Paired pre- and post-intervention data were available for 2,480 students. The mean (SD) knowledge score increased significantly from 5.8 (2.6) at baseline to 8.5 (3.6) post-intervention (p < 0.001). Improvements were observed across all knowledge domains, although awareness of support services remained comparatively low (mean score 1.8 +/- 2.2; maximum 9). Greater knowledge gains were associated with female gender, higher baseline knowledge, and awareness of the positive impact of sleep on mental health (p < 0.05). Students enrolled in vocational education showed lower post-intervention knowledge scores (p < 0.001). Overall, 93.7% of participants reported being satisfied or very satisfied with the intervention. The IDEO program significantly improved mental health literacy among French high school students. These findings support the integration of universal, school-based mental health education into the French educational curriculum.",wos,llm,1.000,unreviewed,
discarded,The effectiveness of online smoking prevention program for adolescents in South Korea: a comparative analysis with traditional education,"Ju, HyoRim; Kang, EunKyo; Lee, Cheol Min; Cheong, Yooseock",2026,KOREAN JOURNAL OF FAMILY MEDICINE,10.4082/kjfm.25.0030,https://www.webofscience.com/wos/woscc/full-record/WOS:001823722300006,off-topic-false-hit,"Background: This study aimed to evaluate the effectiveness and engagement of an interactive simulation-based online smoking prevention program compared to a traditional offline program for Korean adolescents.<br /> Methods: A total of 1,008 adolescents from elementary, middle, high, and alternative schools in Chungcheongnam-do Province, South Korea participated in this study from October 1 to 31, 2021. The offline program consisted of 2-hour lectures by teachers, whereas the online program included six interactive peer-oriented video modules. The evaluation compared and analyzed the survey results measuring changes in smoking-related knowledge and attitudes before and after each program, as well as the level of interest in and satisfaction with education. Results: When comparing the pre- and post-intervention scores between the two groups, no statistically significant differences were found except for a decreased belief that smoking helps relieve stress (F=12.125, P=0.001). However, withingroup comparisons revealed that the online smoking prevention program led to positive changes in most smoking-related knowledge and attitude items, including reduced beliefs about smoking as a stress reliever (P<0.001) and lower misconceptions about the harm of e-cigarettes (P<0.001). In terms of engagement and satisfaction, the online program received significantly higher scores for interest (P<0.001), knowledge improvement (P<0.001), and program recommendations (P=0.021). Conclusion: The online smoking prevention program was as effective as the traditional offline approach in enhancing smoking-related knowledge and attitudes. Moreover, its superior engagement and time efficiency highlight its strong potential as an effective alternative or complementary strategy to conventional school-based programs.",wos,llm,1.000,unreviewed,
discarded,Basic Geriatric Knowledge and Awareness Among Palestinian Physicians: A Cross-Sectional Study,"Al Khateeb, Jalal; Elshatleh, Nicolas; Madaka, Seham; Yacoub, Rita; Sweity, Raghad; Shrateh, Oadi N.; Hallak, Hussein",2026,SAGE OPEN AGING,10.1177/30495334261466743,https://www.webofscience.com/wos/woscc/full-record/WOS:001821996900001,off-topic-false-hit,"Population aging is increasing demand for competent geriatric care. This is the first multicenter study in Palestine to assess physician geriatric knowledge using a validated instrument (Revised Facts on Aging Quiz), providing baseline data for curriculum reform in a country with no accredited geriatrics fellowship program. 378 physicians of the Palestinian Ministry of Health completed a self-administered questionnaire covering demographics, professional level, geriatrics education, and knowledge using the validated Revised Facts on Aging Quiz. Among 378 physicians (mean age 30.17 +/- 8.07 years; 65.34% male), the mean knowledge score was 20.35 +/- 4.14 (A score of 56.5% correct, while indicating foundational knowledge, leaves a 43.5% gap in understanding, a deficit that may translate into suboptimal care for older adults, including missed geriatric syndromes and inappropriate prescribing). Knowledge was not significantly associated with age, or gender. Physicians trained in Palestine scored higher than those trained abroad (20.82 +/- 4.28 vs. 19.84 +/- 3.94; p=0.022). Scores differed by professional level (ANOVA p=0.025), with interns highest (20.90 +/- 3.93) and general practitioners lowest (18.80 +/- 4.20). Common misconceptions involved older adults' adaptability, work capacity, and depression prevalence. Overall geriatric knowledge was moderate, but prevalent misconceptions highlight significant educational deficiencies. Knowledge differed by professional level and country of medical education, suggesting both career stage and educational environment affect geriatrics competency. We recommend that Palestinian medical schools integrate a minimum of 20 contact hours of geriatrics content into existing internal medicine and family medicine rotations, including clinical exposure to well-elderly care, geriatric syndromes, and polypharmacy management.",wos,llm,1.000,unreviewed,
discarded,Understanding Osteoporosis Awareness among Non-teaching Female Staff in a Healthcare Institution: A Cross-sectional,"Ravi, Keerthi; Selvi, Thamarai; Sivaranjani, S.; Saravanan, S.",2026,GLOBAL JOURNAL OF MEDICAL PHARMACEUTICAL AND BIOMEDICAL UPDATE,10.25259/GJMPBU_65_2025,https://www.webofscience.com/wos/woscc/full-record/WOS:001821710400001,off-topic-false-hit,"Objectives: Osteoporosis is a progressive and asymptomatic disease marked by reduced bone mineral density, which increases the risk of fractures and imposes significant health and economic burdens. Despite its growing prevalence among Indian women, awareness about the condition remains low. Non-teaching female staff working in healthcare settings hold a unique position, potentially serving as informal health educators within their communities. However, their awareness levels have not been extensively studied. This study aimed to assess the knowledge and awareness of osteoporosis among non-teaching female staff at SRM Medical College Hospital and Research Centre, to identify knowledge gaps, and to provide baseline data for planning educational interventions. Material and Methods: A descriptive cross-sectional study was conducted among 369 non-teaching female staff members aged 18 years and above. The Osteoporosis Knowledge Assessment Tool was used for data collection. Participants were chosen through simple random sampling, and descriptive statistics were used for data analysis. Awareness levels were categorized as ""very poor,"" ""poor,"" ""average,"" or ""good"" based on the final scores obtained. Results: Most participants (62.3%) were found to have ""average"" awareness (scores between 41 and 80). However, 21.7% of respondents showed ""poor"" awareness, and 2.4% fell into the ""very poor"" category. Subgroup analysis revealed that participants with undergraduate or postgraduate education scored significantly higher than those with lower secondary education or no formal education. Several misconceptions were observed, especially regarding risk factors, physical activity, and dietary calcium sources, highlighting the need for topic-specific educational interventions. Conclusion: The study brings to light critical knowledge gaps in osteoporosis awareness among non-teaching female staff, especially those with lower education levels. There is an urgent need to implement customized educational programs to address these gaps and encourage preventive practices. As non-teaching staff members often interact with the broader community, enhancing their awareness could have a positive ripple effect on public health outcomes related to osteoporosis.",wos,llm,1.000,unreviewed,
discarded,"""I've Always Struggled to Put the Label on It"": Clinicians' Conceptualizations and Support Needs for Working With Dissociation in Children and Adolescents","Milkins, Bronwyn; Ohan, Jeneva L.; Pandzic, Ines; Milroy, Helen",2026,PSYCHOLOGICAL TRAUMA-THEORY RESEARCH PRACTICE AND POLICY,10.1037/tra0002238,https://www.webofscience.com/wos/woscc/full-record/WOS:001820886300001,off-topic-false-hit,"Objective: This study investigated how mental health clinicians conceptualize and work with dissociation in children and adolescents, and their perceived support needs to work effectively with this population. Method: Four focus groups (23 participants; 4-10 per group) were conducted with multidisciplinary clinicians from three Child and Adolescent Mental Health Service programs in Western Australia. Data were analyzed using reflexive thematic analysis. Results: Five themes were developed. (a) ""It's quite a hidden thing, isn't it?"": Dissociation was viewed as a common but an often subtle trauma response that is difficult to define and recognize. (b) ""You probably wouldn't treat dissociation"": Clinicians expressed a cautious hesitancy toward labeling dissociation and viewed it as not always requiring targeted intervention. (c) ""It's hard to have a shared dialogue about it"": A lack of shared ways to describe dissociation with families and schools, compounded by clinicians' own uncertainty, affected collaborative care. (d) ""Systems are overburdened and stressed"": Systemic pressures and caregivers' own difficulties limited appropriate support. (e) ""We don't want a tick-box exercise"": Clinicians desired dissociation-specific training to improve their knowledge and confidence. Conclusions: Despite recognizing dissociation as common and clinically important, clinicians' limited prior training led to individualistic ways of conceptualizing, assessing, and intervening with each case. To improve outcomes for children and adolescents with dissociation, clinician training should address misconceptions, provide clear clinical guidance, and equip clinicians with tools for engaging families and schools.",wos,llm,1.000,unreviewed,
