status,title,authors,year,venue,doi,url,tags,abstract,provider,decision_source,llm_confidence,llm_review_outcome,llm_change_direction
kept,Teachers' Perceptions of Student Misconceptions in Introductory Programming,"Qian, Yizhou; Hambrusch, Susanne; Yadav, Aman; Gretter, Sarah; Li, Yue",2020,JOURNAL OF EDUCATIONAL COMPUTING RESEARCH,10.1177/0735633119845413,https://www.webofscience.com/wos/woscc/full-record/WOS:000518140500005,supports-claim,"A quality computer science (CS) teacher needs to understand students' common misconceptions in learning CS. This study explored one aspect of CS teachers' understanding of student misconceptions: their perceptions of student misconceptions related to introductory programming. Perceptions in this study included three parts: teachers' perceived frequency of a student misconception, teachers' perceived importance of a misconception in learning, and teachers' confidence in addressing a misconception. Teachers in our study taught a Python-based CS course for high schools students. A survey was designed and administered to assess teachers' perceptions of students' misconceptions. Our results indicated that teachers' confidence of addressing misconceptions and the teaching context may affect their perceptions of student misconceptions. We also found that some latent misconceptions are likely to lead to a perception of low frequency as they can be more difficult to detect. Moreover, our study found that teachers' degrees and additional computing training showed positive relationships with their confidence of addressing student misconceptions and that additional computing training also showed a positive relationship with teachers' perceived importance of student misconceptions. Implications of the findings for future research and practice of CS education are discussed.",wos,llm,0.860,unreviewed,
kept,Analysis of Student Misconceptions using Python as an Introductory Programming Language,"Johnson, Fionnuala; McQuistin, Stephen; O'Donnell, John",2020,"PROCEEDINGS OF THE 4TH CONFERENCE ON COMPUTING EDUCATION PRACTICE, CEP 2020",10.1145/3372356.3372360,https://www.webofscience.com/wos/woscc/full-record/WOS:001082341200004,supports-claim,"Python has become a popular language for the delivery of introductory programming courses. Two reasons for this are Python's convenience and syntactic simplicity, giving a low entry barrier for beginners and the ability to solve complex problems with short snippets of code. However, students exhibit widespread misconceptions about the meaning of basic language constructs, inhibiting their ability to solve problems and damaging their understanding of fundamental concepts. In this paper, we document our observations of level 1 university students over several years, as well as surveys probing the nature of their misconceptions. We analyze the misconceptions in relation to a notional machine model for Python, and show that many students form inadequate and brittle mental models of the language. Our results indicate that one of the major sources of misunderstanding is the heavy use of overloading in Python. Overloading hides the complexity of algorithms and data structures, often leading students to write code that involves mutability, sharing, copying, side effects, coroutines, concurrency, and lazy evaluation - and none of those topics are accessible to students who haven't yet mastered basic assignments, conditionals, and looping. We suggest that Python, when taught alone, is insufficient as an introductory language: students can gain a firmer grasp of programming fundamentals when Python is presented alongside a complementary low level language that makes a notional machine clear and explicit.",wos,llm,0.950,unreviewed,
kept,A Review of Introductory Programming Research 2003-2017,"Luxton-Reilly, Andrew; Simon; Albluwi, Ibrahim; Becker, Brett A.; Giannakos, Michail; Kumar, Amruth N.; Ott, Linda; Paterson, James; Scott, Michael James; Sheard, Judy; Szabo, Claudia",2018,ITICSE'18: PROCEEDINGS OF THE 23RD ANNUAL ACM CONFERENCE ON INNOVATION AND TECHNOLOGY IN COMPUTER SCIENCE EDUCATION,10.1145/3197091.3205841,https://www.webofscience.com/wos/woscc/full-record/WOS:000543991900025,adjacent-subtopic,"A broad review of research on the teaching and learning of programming was conducted by Robins et al. in 2003. Since this work there have been several reviews of research concerned with the teaching and learning of programming, in particular introductory programming. However, these reviews have focused on highly specific aspects, such as student misconceptions, teaching approaches, program comprehension, potentially seminal papers, research methods applied, automated feedback for exercises, competency-enhancing games, and program visualisation. While these aspects encompass a wide range of issues, they do not cover the full scope of research into novice programming. Some notable areas that have not been reviewed are assessment, academic integrity and novice student attitudes to programming.

There does not appear to have been a comprehensive review of research into introductory programming since that of Robins et al. It is therefore timely to conduct and present such a review in order to gain an understanding of the research focuses, to highlight advances in knowledge since 2003, and to indicate possible future directions for research.

The working group will conduct a systematic literature review based on the guidelines proposed by Kitchenham et al. This research project is well suited to an ITiCSE working group as the synthesis and discussion of the literature will benefit from input from a variety of researchers drawn from different backgrounds and countries.",wos,llm,0.720,unreviewed,
discarded,Comparative study of self-test questions and self-assessment object for introductory programming lessons,"Matthews, Reginamary; Hin, Hew Soon; Choo, Koo Ah",2015,"INTERNATIONAL EDUCATIONAL TECHNOLOGY CONFERENCE, IETC 2014",10.1016/j.sbspro.2015.01.466,https://www.webofscience.com/wos/woscc/full-record/WOS:000380487100034,adjacent-subtopic,"Computer programming learning requires declarative and procedural knowledge. Novice learners acquire programming declarative knowledge via lectures, tutorials, and self-assessment. Cognitive overload within programming learning materials is one of several learning barriers. Self-assessing is important to assist learners to identify misconceptions and to encourage the correct construction of knowledge. Self-Test Questions (STQ) and solutions in print are common learning methods used in a typical programming learning environment. Comparatively, Self-Assessment Object (SAO) is a type of learning object used to examine usefulness in order to impart declarative knowledge. One hundred and three foundation engineering students, enrolled in a C programming module, took part in this study and were randomly assigned to two groups. A control group used STQ and an experimental group used SAO in a programming lab over seven teaching weeks. Post-test and supporting survey results suggest that SAO was able to support programming learning and mitigate the learning difficulties addressed in this study. (C) 2015 The Authors. Published by Elsevier Ltd.",wos,llm,0.900,unreviewed,
discarded,WIP: AI-Driven Support for Adaptive Learning in Computer Programming Education Based on Established Pedagogical Theories,Wassim Alexan; Marco Temperini,2026,2026 IEEE Global Engineering Education Conference (EDUCON),10.1109/EDUCON67543.2026.11574057,https://ieeexplore.ieee.org/document/11574057/,adjacent-subtopic,"This work-in-progress paper presents the design and early development of an AI-driven adaptive learning system for introductory programming education grounded in established pedagogical theories, notably Bloom’s taxonomy and Vygotsky’s Zone of Proximal Development. The system integrates interpretable learner modeling (BKT, IRT) with data-driven approaches (DKT) and adaptive decision-making, exploring reinforcement learning for task sequencing and scaffolded feedback. A conversational tutoring agent based on fine-tuned open-source LLMs (e.g., Llama, Mistral) provides context-aware guidance while operating within pedagogically constrained prompts aligned to course objectives. The platform captures multi-modal interaction data (code submissions, hint usage, assessments) to estimate concept mastery across cognitive levels and to personalize recommendations in real time. Instructor-facing learning analytics dashboards surface explainable indicators of student progress and misconceptions to support targeted interventions. We outline the system architecture, data collection plan, experimental design for pilot studies (A/B and within-subject comparisons), and evaluation metrics spanning learning gains, model adaptivity, transparency, and user experience. Expected contributions include a theory-aligned adaptive framework for programming education, a functional prototype leveraging open-source components for institutional control and equity, and empirical insights into the effectiveness and explainability of LLM-supported tutoring. Preliminary implementation status and forthcoming pilots will inform iterative, design-based refinements toward scalable, ethical, and inclusive intelligent tutoring in engineering education.",ieee,llm,0.930,unreviewed,
kept,"Flow diagrams, Turing machines and languages with only two formation rules",Corrado Böhm; G. Jacopini,1979,Yourdon Press eBooks,,https://openalex.org/W2987778992,supports-claim,"It is likely that most programmers who have heard anything at about programming also have heard the mysterious names and Jacopini. Oh, yes, they'll say, all that programming stuff was proved by those guys Bohm and Jacopini somewhere in Italy. And yet it's exceedingly unlikely that the average programmer has read the Bohm and Jacopini paper, Flow Diagrams, Turing Machines and Languages with Only Two Formation Rules, published in 1966.

As you begin to read the paper, it will become immediately obvious that the discussion is of an extremely abstract, theoretical nature. Serious academicians accustomed to a regular diet of such papers will no doubt wade through this one, too --- but the average COBOL application programmer probably will be overwhelmed by the time he or she reaches the end of the first paragraph. I have read the paper myself several dozen times during the past twelve years, and honesty requires me to admit that I barely understand it for a period of five minutes after reading the last paragraph, it is certain that I would be at an utter loss to try to describe Bohm and Jacopini's proof to anyone else.

I say this to help prevent an inferiority complex on the part of the average reader. This is an important paper, and it does form the theoretical basis of programming. So you should read it. But don't feel too embarrassed if most of it is over your head. Indeed, you'll find The Translation of 'go to' Programs to 'while' Programs, by Ashcroft and Manna [Paper 6], to be much more understandable: They, too, show that any program can be written as a program by simply demonstrating that any program can be translated into an equivalent program.

One last comment about the paper by Bohm and Jacopini: Note that it does not mention programming languages. It describes a set of flow diagrams as a two-dimensional programming language, but it makes no mention of COBOL, ALGOL, PL/I, or any of the other languages that real-world programmers use. This is far more significant than you might think. What Bohm and Jacopini have proved in this paper is that any flowchart can be drawn from combinations of standard structured flowchart elements; they did not prove that any COBOL program can be written without goto statements. Indeed, if a programming language lacks the constructs to implement directly the Bohm and Jacopini flowcharts, goto-less programming is exceedingly difficult, if not impossible --- as witnessed by such degenerate languages as FORTRAN.

This distinction between the theoretical possibility of programming, and the real-world practicality of programming is, of course, at the heart of the controversy and the squabbling that still goes on today, more than a decade after this paper was written. Examples of this controversy --- the theme of which is, Yes, we know programming is theoretically possible, but do we really want to do it? --- are seen in papers like Martin Hopkins' A Case for the GOTO [Paper 9], or Donald Knuth's Structured Programming with go to Statements [Paper 20].",openalex,llm,0.990,unreviewed,
discarded,Neural Turing Machines,Alex Graves; Greg Wayne; Ivo Danihelka,2014,arXiv (Cornell University),10.48550/arxiv.1410.5401,https://openalex.org/W2167839676,off-topic-false-hit,"We extend the capabilities of neural networks by coupling them to external memory resources, which they can interact with by attentional processes. The combined system is analogous to a Turing Machine or Von Neumann architecture but is differentiable end-to-end, allowing it to be efficiently trained with gradient descent. Preliminary results demonstrate that Neural Turing Machines can infer simple algorithms such as copying, sorting, and associative recall from input and output examples.",openalex,llm,0.990,unreviewed,
discarded,Layout Adjustment and the Mental Map,Kazuo Misue; Peter Eades; Wei Lai; Kozo Sugiyama,1995,Journal of Visual Languages & Computing,10.1006/jvlc.1995.1010,https://openalex.org/W1997952588,off-topic-false-hit,"Many models in software and information engineering use graph representations; examples are data flow diagrams, state transition diagrams, flow charts, PERT charts, organization charts, Petri nets and entity-relationship diagrams. The usefulness of these graph representations depends on the quality of the layout of the graphs. Automatic graph layout, which can release humans from graph drawing, is now available in several visualization systems.

Most automatic layout facilities take a purely combinatorial description of a graph and produce a layout of the graph; these methods are called 'layout creation' methods. For interactive systems, another kind of layout is needed: a facility which can adjust a layout after a change is made by the user or by the application. Although layout adjustment is essential in interactive systems, most existing layout algorithms are designed for layout creation. The use of a layout creation method for layout adjustment may totally rearrange the layout and thus destroy the user's 'mental map' of the diagram; thus a set of layout adjustment methods, separate from layout creation methods, is needed.

This paper discusses some layout adjustment methods and the preservation of the 'mental map' of the diagram. First, several models are proposed to make the concept of 'mental map' more precise. Then two kinds of layout adjustments are described. One is an algorithm for rearranging a diagram to avoid overlapping nodes, and the other is a method aimed at changing the focus of interest of the user without destroying the mental map. Next, some experience with visualization systems in which the techniques have been employed is also described.",openalex,llm,0.990,unreviewed,
discarded,The Systems Biology Graphical Notation,Nicolas Le Novère; Michael Hucka; Huaiyu Mi; Stuart Moodie; Falk Schreiber; Anatoly Sorokin; Emek Demir; Katja Wegner; Mirit I. Aladjem; Sarala Wimalaratne; Frank T Bergman; Ralph Gauges; Peter Ghazal; Hideya Kawaji; Lu Li; Yukiko Matsuoka; Alice Villéger; Sarah E Boyd; Laurence Calzone; Mélanie Courtot; Uğur Doğrusöz; Tom C. Freeman; Akira Funahashi; Samik Ghosh; Akiya Jouraku; Sohyoung Kim; Fedor Kolpakov; Augustin Luna; Sven Sahle; Esther Schmidt; Steven Watterson; Guanming Wu; Igor Goryanin; Douglas B. Kell; Chris Sander; Herbert M. Sauro; Jacky L. Snoep; Kurt W. Kohn; Hiroaki Kitano,2009,Nature Biotechnology,10.1038/nbt.1558,https://openalex.org/W2069157810,off-topic-false-hit,"Circuit diagrams and Unified Modeling Language diagrams are just two examples of standard visual languages that help accelerate work by promoting regularity, removing ambiguity and enabling software tool support for communication of complex information. Ironically, despite having one of the highest ratios of graphical to textual information, biology still lacks standard graphical notations. The recent deluge of biological knowledge makes addressing this deficit a pressing concern. Toward this goal, we present the Systems Biology Graphical Notation (SBGN), a visual language developed by a community of biochemists, modelers and computer scientists. SBGN consists of three complementary languages: process diagram, entity relationship diagram and activity flow diagram. Together they enable scientists to represent networks of biochemical interactions in a standard, unambiguous way. We believe that SBGN will foster efficient and accurate representation, visualization, storage, exchange and reuse of information on all kinds of biological knowledge, from gene regulation, to metabolism, to cellular signaling.",openalex,llm,0.990,unreviewed,
kept,A genealogy of control structures,Henry Ledgard; Michael Marcotty,1975,Communications of the ACM,10.1145/361219.361222,https://openalex.org/W2036125801,supports-claim,"The issue of program control structures has had a history of heated controversy. To put this issue on a solid footing, this paper reviews numerous theoretical results on control structures and explores their practical implications. The classic result of Böhm and Jacopini on the theoretical completeness of if-then-else and while-do is discussed. Several recent ideas on control structures are then explored. These include a review of various other control structures, results on time/space limitations, and theorems relating the relative power of control structures under several notions of equivalence. In conclusion, the impact of theoretical results on the practicing programmer and the importance of one-in, one-out control structures as operational abstractions are discussed. It is argued further that there is insufficient evidence to warrant more than if-then-else, while-do, and their variants.",openalex,llm,0.980,unreviewed,
discarded,Tabular Decision Logic for Structural Design,Steven J. Fenves,1966,Journal of the Structural Division,10.1061/jsdeag.0001567,https://openalex.org/W15653696,adjacent-subtopic,"As computer applications shift from analysis to design, increased attention must be given to algorithms which are primarily logical in character. The common approach to the programming through involved flow-charts has been generally found unsatisfactory. The technique of tabular decision logic provides one means of formulating complex logical decisions. The technique is described and illustrated. It is shown that the technique eliminated most of the shortcomings of conventional flow-charting. The application of the technique is contingent on the availability of clear, precise rules defining engineering decisions. The paper concludes with a brief description of the conversion of decision tables into conventional flow diagrams and of some processors which convert decision tables directly into execution programs.",openalex,llm,0.840,unreviewed,
kept,Böhm and Jacopini's reduction of flow charts,David C. Cooper,1967,Communications of the ACM,10.1145/363534.363539,https://openalex.org/W2068842094,supports-claim,No abstract available.,openalex,llm,0.930,unreviewed,
kept,Conversion of Unstructured Flow Diagrams to Structured Form,M. Howard Williams; Harold Ossher,1978,The Computer Journal,10.1093/comjnl/21.2.161,https://openalex.org/W1986591122,supports-claim,Various workers have suggested methods for converting unstructured flow diagrams into equivalent structured ones. Some of these are compared here and a general method for performing such a conversion is discussed.,openalex,llm,0.940,unreviewed,
