status,title,authors,year,venue,doi,url,tags,abstract,provider,decision_source,llm_confidence,llm_review_outcome,llm_change_direction
discarded,Can Preschoolers Learn Computational Thinking and Coding Skills with ScratchJr? A Systematic Literature Review,Stamatios Papadakis,2022,International Journal of Educational Reform,10.1177/10567879221076077,https://openalex.org/W4213367728,adjacent-subtopic,"Computational Thinking (CT) and the understanding of how programs are being executed is internationally acknowledging as a necessity for today's students and citizens of tomorrow. Despite the multifaceted nature of CT, the introduction of CT and associate concepts such as coding is regarded as developmental acceptable for preschool and kindergarten children. For a decade, there has been a focus on educational reform in the form of educational apps. For young children, an influx of mobile apps offering various interfaces and styles promote themselves as having educational value to introduce children aged 5–7 to essential CT, coding, and problem-solving skills. On the contrary, little is known about the educational value of these apps. The fast pace at which developers produce these apps and the breadth of the available apps have gone beyond what it is reasonable for researchers and experts in the domain to evaluate. This article presents a literature review on how the ScratchJr app affects young children's CT, coding, and general literacy skills. The literature review includes 18 studies. The main conclusion is that although ScratchJr is not a panacea, it seems to be a helpful app that positively affects children's CT and coding skills.",openalex,llm,0.920,unreviewed,
discarded,Artificial Intelligence for Student Assessment: A Systematic Review,Víctor González Calatayud; María Paz Prendes Espinosa; Rosabel Roig-Vila,2021,Applied Sciences,10.3390/app11125467,https://openalex.org/W3171148899,adjacent-subtopic,"Artificial Intelligence (AI) is being implemented in more and more fields, including education. The main uses of AI in education are related to tutoring and assessment. This paper analyzes the use of AI for student assessment based on a systematic review. For this purpose, a search was carried out in two databases: Scopus and Web of Science. A total of 454 papers were found and, after analyzing them according to the PRISMA Statement, a total of 22 papers were selected. It is clear from the studies analyzed that, in most of them, the pedagogy underlying the educational action is not reflected. Similarly, formative evaluation seems to be the main use of AI. Another of the main functionalities of AI in assessment is for the automatic grading of students. Several studies analyze the differences between the use of AI and its non-use. We discuss the results and conclude the need for teacher training and further research to understand the possibilities of AI in educational assessment, mainly in other educational levels than higher education. Moreover, it is necessary to increase the wealth of research which focuses on educational aspects more than technical development around AI.",openalex,llm,1.000,unreviewed,
discarded,A systematic review of literature reviews on artificial intelligence in education (AIED): a roadmap to a future research agenda,Muhammad Yasir Mustafa; Ahmed Tlili; Γεώργιος Λαμπρόπουλος; Ronghuai Huang; Petar Jandrić; Jialu Zhao; Soheil Salha; Lin Xu; Santosh Kumar Panda; Kinshuk Kinshuk; Sonsoles López‐Pernas; Mohammed Saqr,2024,Smart Learning Environments,10.1186/s40561-024-00350-5,https://openalex.org/W4405157165,adjacent-subtopic,"Abstract Despite the increased adoption of Artificial Intelligence in Education (AIED), several concerns are still associated with it. This has motivated researchers to conduct (systematic) reviews aiming at synthesizing the AIED findings in the literature. However, these AIED reviews are diversified in terms of focus, stakeholders, educational level and region, and so on. This has made the understanding of the overall landscape of AIED challenging. To address this research gap, this study proceeds one step forward by systematically meta-synthesizing the AIED literature reviews. Specifically, 143 literature reviews were included and analyzed according to the technology-based learning model. It is worth noting that most of the AIED research has been from China and the U.S. Additionally, when discussing AIED, strong focus was on higher education, where less attention is paid to special education. The results also reveal that AI is used mostly to support teachers and students in education with less focus on other educational stakeholders (e.g. school leaders or administrators). The study provides a possible roadmap for future research agenda on AIED, facilitating the implementation of effective and safe AIED.",openalex,llm,1.000,unreviewed,
discarded,Predicting academic performance: a systematic literature review,Arto Hellas; Petri Ihantola; Andrew Petersen; Vangel V. Ajanovski; Mirela Gutica; Timo Hynninen; Antti Knutas; Juho Leinonen; Chris Messom; Soohyun Nam Liao,2018,,10.1145/3293881.3295783,https://openalex.org/W2909913588,adjacent-subtopic,"The ability to predict student performance in a course or program creates opportunities to improve educational outcomes. With effective performance prediction approaches, instructors can allocate resources and instruction more accurately. Research in this area seeks to identify features that can be used to make predictions, to identify algorithms that can improve predictions, and to quantify aspects of student performance. Moreover, research in predicting student performance seeks to determine interrelated features and to identify the underlying reasons why certain features work better than others. This working group report presents a systematic literature review of work in the area of predicting student performance. Our analysis shows a clearly increasing amount of research in this area, as well as an increasing variety of techniques used. At the same time, the review uncovered a number of issues with research quality that drives a need for the community to provide more detailed reporting of methods and results and to increase efforts to validate and replicate work.",openalex,llm,0.990,unreviewed,
discarded,Agency of Autistic Children in Technology Research—A Critical Literature Review,Katta Spiel; Christopher Frauenberger; Os Keyes; Geraldine Fitzpatrick,2019,ACM Transactions on Computer-Human Interaction,10.1145/3344919,https://openalex.org/W2988620880,off-topic-false-hit,"Autistic children are increasingly a focus of technology research within the Human-Computer Interaction (HCI) community. We provide a critical review of the purposes of these technologies and how they discursively conceptualise the agency of autistic children. Through our analysis, we establish six categories of these purposes: behaviour analysis, assistive technologies, education, social skills, therapy and well-being. Further, our discussion of these purposes shows how the technologies embody normative expectations of a neurotypical society, which predominantly views autism as a medical deficit in need of ‘correction’. Autistic children—purportedly the beneficiaries of these technologies—thus become a secondary audience to the largely externally defined purposes. We identify a lack of design for technologies that are geared towards the interests, needs and desires of autistic children. To move HCI’s research into autism beyond this, we provide guidance on how to consider agency in use and explicitly allow for appropriation beyond externally driven goals.",openalex,llm,1.000,unreviewed,
discarded,Computational Thinking Interventions in Higher Education: A Scoping Literature Review of Interventions Used to Teach Computational Thinking.,Imke de Jong; Johan Jeuring,2020,Koli Calling,10.1145/3428029.3428055,https://dblp.org/rec/conf/kolicalling/JongJ20,adjacent-subtopic,"Computational Thinking is seen as a crucial skill in an increasingly digital society. Researchers and educators in higher education therefore aim to improve the Computational Thinking (CT) skills of students using appropriate interventions. However, there is currently no overview of interventions used to teach CT and how effective they are. With this scoping literature review, we provide such an overview by identifying articles that discuss interventions used to teach CT in higher education. We identify the teaching approaches used in these interventions, and discuss their effectiveness and how this is assessed. Furthermore, we look at the use of adaptive interventions. Our search of three academic databases (Scopus, ACM and ERIC) resulted in 1839 articles. After screening, 49 articles remained. A detailed examination of the interventions discussed in these articles showed that CT is still often taught through programming assignments. The interventions are evaluated in a myriad of ways, making it difficult to compare the effectiveness of interventions. We therefore suggest making use of more standardized instruments to evaluate the effectiveness. Finally, although scaffolding is applied, interventions are not often adapted to the actual proficiency level of a student.",dblp,llm,0.900,unreviewed,
discarded,Co-design Pedagogy for Computational Thinking Education in K-12: A Systematic Literature Review.,Amos Oyelere Sunday; Friday Joseph Agbo; Jarkko Suhonen,2025,Technol. Knowl. Learn.,10.1007/S10758-024-09765-Y,https://dblp.org/rec/journals/tkl/SundayAS25,adjacent-subtopic,"The recent popularity of computational thinking (CT) and the desire to apply CT in our daily lives have prompted the need for a successful pedagogical technique for learning CT in K-12 education. The application of co-design pedagogical techniques has the potential to improve students’ CT learning through knowledge sharing and the creation of ideas to solve problems and develop an artifact. However, there is a limited understanding of how co-design pedagogical techniques have been explored to foster CT learning, which could hamper the successful use of co-design as a pragmatic teaching approach. This study examined the ways in which co-design pedagogical techniques have been applied in CT education by implementing a systematic literature review (PRISMA protocol) to document the review analysis. A total of 26 articles that met the inclusion criteria for this study were reviewed. Findings in this study revealed that workshops are the most utilized co-design learning setting and, as expected, the collaborative technique is the co-design pedagogical technique most frequently adopted for implementing CT in K-12 education. NetLogo is the most frequently used co-design tool for teaching and learning CT in K-12 education, and an interdependence exists between NetLogo and the Common Online Data Analysis Platform. Co-design also helps teachers develop the ability to use co-design pedagogical techniques to learn, create content, and integrate CT into their various subjects. This study contributes to practical knowledge by unraveling and advocating the use of dialogical, prompting, framing, and game-based techniques as co-design pedagogical techniques for K-12 teachers and also helps teachers identify useful co-design tools for learning CT.",dblp,llm,0.950,unreviewed,
discarded,AI in Computational Thinking Education in Higher Education: A Systematic Literature Review.,Ebrahim Rahimi; Clara Maathuis,2025,ITiCSE,10.1145/3724389.3730775,https://dblp.org/rec/conf/iticse/RahimiM25,adjacent-subtopic,"Computational Thinking (CT) is a key skill set for students in higher education to thrive and adapt to an increasingly technology-driven future and workplace. While research on CT education has gained remarkable momentum in K-12 over the past decade, it has remained under-explored in higher education, leaving higher education teachers with an insufficient overview, knowledge, and support regarding CT education. The proliferation and adoption of artificial intelligence (AI) by educational institutions have demonstrated promising potential to support instructional activities across many disciplines, including CT education. However, a comprehensive overview outlining the various aspects of integrating AI in CT education in higher education is lacking. To mitigate this gap, we conducted this systematic literature review study. The focus of our study is to identify initiatives applying AI in CT education within higher education and to explore various educational aspects of these initiatives, including the benefits and challenges of AI in CT education, instructional strategies employed, CT components covered, and AI techniques and models utilized. This study provides practical and scientific contributions to the CT education community, including an inventory of AI-based initiatives for CT education useful to educators, an overview of various aspects of integrating AI into CT education-such as its benefits and challenges (e.g., AI's potential to reshape CT education versus its potential to diminish students' creativity)-and insights into new and expanded perspectives on CT in light of AI (e.g., the 'decoding' approach alongside the 'coding' approach to CT).",dblp,llm,0.960,unreviewed,
kept,Computational Thinking Assessment Tools: A Systematic Review of the Literature (Initial Findings).,Frances Sheridan; Paul Stynes; Pramod Pathak; Keith Quille,2024,UKICER,10.1145/3689535.3689545,https://dblp.org/rec/conf/ukicer/SheridanSPQ24,supports-claim,"Since Jeanette Wing’s influential 2006 article, research into developing Computational Thinking (CT) skills has surged. Despite ongoing debates about CT definitions and components, reliable and valid assessment tools are crucial for measuring CT skill impact and evaluating related interventions. This systematic literature review seeks to identify CT assessment tools suitable for undergraduate computing students, by investigating the central question ""What tools are available for the assessment of CT skills?"". A comprehensive search of academic databases for CT assessment publications since 2006 yielded 202 unique articles. After applying exclusion criteria, 72 relevant articles were analyzed. The selected publications were categorized by tool type, and focus, examining tool reliability and validity. This paper presents initial findings from this review.",dblp,llm,0.880,unreviewed,
discarded,A literature review on the empirical studies of the integration of mathematics and computational thinking.,Lin Lv; Baichang Zhong; Xiaofan Liu,2023,Educ. Inf. Technol.,10.1007/S10639-022-11518-2,https://dblp.org/rec/journals/eait/LvZL23,adjacent-subtopic,"In K-12 education, Computational Thinking (CT) has been a trendy issue in mathematics education, but the approach and results of CT + Math are not yet clear enough. This paper systematically reviewed 22 SSCI journal papers from three perspectives: the current status, outcomes, and implications of mathematics and CT integration. Results indicate that: (1) The empirical studies were more inclined to be carried out in primary school; (2) The sample size inversely proportional to the duration, the same as the duration and the learning phase; (3) the integration of mathematics and CT were gradually emerging in kindergartens, while the empirical studies in junior and senior high schools still needs to be improved; (4) The experimental type prioritizes case studies and lacks mixed research; (5) Most research designs employ a variety of measuring instruments but limited in multimodal data; (6) Through the teaching model of plug-in programming, the integration of mathematics and CT was centred on the field of geometry and number operations; and (7) The CT skills involved are mainly Problem decomposition, Pattern recognition, Abstraction, Algorithm design and Debugging. The limitations and future directions are also discussed in this paper.",dblp,llm,0.950,unreviewed,
kept,Analyzing computational thinking studies in Scratch programming: A review of elementary education literature.,William Stewart; Kwanoo Baek,2023,Int. J. Comput. Sci. Educ. Sch.,10.21585/IJCSES.V6I1.156,https://dblp.org/rec/journals/ijcses/StewartB23,supports-claim,"Computational Thinking (CT) has become popular in recent years and has been recognized as an essential skill in the digital age. CT literature, however, is at an early stage of development, and there is no consensus among researchers/scholars and to date, many scholars and practitioners have been unable to concretely explain what CT is, or how to teach or assess this skill set. The purpose of this literature review is to examine papers that focus on CT in terms of elementary education, elementary-aged learners, and related issues/considerations in order to provide a better understanding of the CT in an elementary context. An inductive qualitative content analysis was conducted on 61 papers set in elementary school settings about CT from 2010-2020. Five main themes emerged from the review: exploiting tangible blocks in a physical coding environment, integrating Scratch into various disciplines through programming, Scratch gaming for computational thinking, evaluating computational thinking skills through Scratch projects, and teaching and learning methods/factors affecting CT in children. Implications for practice and directions for future research are discussed.",dblp,llm,0.840,unreviewed,
discarded,Visual programming and computational thinking environments for K-9 education: a systematic literature review.,Dimitrios Trakosas; Christina Tikva; Efthimios Tambouris,2023,Int. J. Learn. Technol.,10.1504/IJLT.2023.131313,https://dblp.org/rec/journals/ijlt/TrakosasTT23,adjacent-subtopic,"Teaching programming and computational thinking to young students has gained increasing attention in recent years. This great attention is attributed partially to the emergence of easy-to-use visual programming environments. These environments help students focus on the logic and concepts of programming and at the same time enhance their engagement. It has been shown that the characteristics of visual programming environments influence students' engagement with programming. However, there is still no systematic investigation of these characteristics. This study aims to provide insights on the characteristics of visual programming environments for K-9 education based on a systematic literature review of 83 empirical studies on K-9 teaching and learning programming. These characteristics are analysed based on the following four levels: a) functional features; b) student experience; c) teacher experience; d) disadvantages. Finally, herein we discuss the features that a programming environment for K-9 education could have to improve the experience of students and teachers.",dblp,llm,0.940,unreviewed,
kept,Mixed Method Literature Review on Computational Thinking â€&quot; Developing an Integrated Research Framework and Research Propositions.,Mirja Hubert; Camilla Kølsen Petersen; Farzana Akther; Andrea Carugati,2023,ECIS,,https://dblp.org/rec/conf/ecis/HubertPAC23,supports-claim,,dblp,llm,0.760,unreviewed,
kept,Education and Characteristics of Computational Thinking: A Systematic Literature Review.,Marcelo Juca-Aulestia; Edwin Cabrera-Paucar; Veronica Sánchez-Burneo,2023,WorldCIST,10.1007/978-3-031-45645-9_15,https://dblp.org/rec/conf/worldcist/Juca-AulestiaCS23,supports-claim,"The purpose of this research paperwork is to learn about computational thinking (CT) in terms of its characteristics. How it influences teaching and learning through a systematic implementation of a literature review is also a part of this research. The implemented SLR methodology is oriented toward education and engineering, selecting 71 articles from the Scopus database. The results allow identifying the characteristics that influence computational thinking to generate skills and to solve problems with the application of software, block programming, and artifact design. On the other hand, how the results influence the teaching-learning of computational thinking for teachers and students to generate programming skills working in some environments such as Scratch or Snap, 3D technology to solve problems of industry 4.0 is also relevant. Thus, working on computer science principles become viable. Moreover, computational thinking allows students to decompose, generalize, and recognize patterns for the development of the industry. This is of utmost importance for problem-solving through digital tools, technology to produce ideas, and innovative and systematic solutions.",dblp,llm,0.930,unreviewed,
discarded,A systematic literature review regarding computational thinking and programming in early childhood education.,Kaan Bati,2022,Educ. Inf. Technol.,10.1007/S10639-021-10700-2,https://dblp.org/rec/journals/eait/Bati22,adjacent-subtopic,"This research was aimed at summarizing experimental evidence regarding computational thinking and programming conducted in early childhood education in terms of the variables of plugged-in versus unplugged, age, and gender. For this purpose, the WoS, Scopus, and Eric databases were scanned, and studies determined to be within the scope of the systematic scanning criteria were selected for review. In the current study findings, it was shown that age was an important factor in learning computational thinking in early childhood. In addition, it was found that girls and boys performed similarly in programming and computational thinking. Finally, although there was concrete evidence that both plugged-in and unplugged applications improved children's computational thinking skills, it appeared that unplugged applications were one step ahead, considering the power of having concrete experiences.",dblp,llm,0.910,unreviewed,
