status,title,authors,year,venue,doi,url,tags,abstract,provider,decision_source,llm_confidence,llm_review_outcome,llm_change_direction
discarded,Computing in the curriculum: Challenges and strategies from a teacher’s perspective,Sue Sentance; Andrew Csizmadia,2016,Education and Information Technologies,10.1007/s10639-016-9482-0,https://openalex.org/W2333569404,adjacent-subtopic,"Computing is being introduced into the curriculum in many countries. Teachers’ perspectives enable us to discover what challenges this presents, and also the strategies teachers claim to be using successfully in teaching the subject across primary and secondary education. The study described in this paper was carried out in the UK in 2014 where teachers were preparing for the mandatory inclusion of Computing into the curriculum. A survey was conducted of over 300 teachers who were currently teaching Computing to elicit their perspectives on challenges and strategies. From the analysis of the data, extrinsic and intrinsic challenges were identified for both teachers and students. In addition, a variety of pedagogical strategies were recommended by teachers from their own practice. In categorising approaches taken by teaching to support students five key themes emerged: unplugged type activities, contextualisation of tasks, collaborative learning, developing computational thinking, and scaffolding programming tasks. Further investigation could support whether these strategies can alleviate the challenges of teaching and learning of Computing for students and teachers. In particular developing student resilience in Computing is seen as a challenge while not many strategies are suggested. The results of this study will be useful for teachers who are new to the teaching of Computing.",openalex,llm,0.860,unreviewed,
discarded,Conceptualizing AI literacy: An exploratory review,Davy Tsz Kit Ng; Jac Ka Lok Leung; Samuel Kai Wah Chu; Shen Qiao,2021,Computers and Education Artificial Intelligence,10.1016/j.caeai.2021.100041,https://openalex.org/W3215201135,off-topic-false-hit,"Artificial Intelligence (AI) has spread across industries (e.g., business, science, art, education) to enhance user experience, improve work efficiency, and create many future job opportunities. However, public understanding of AI technologies and how to define AI literacy is under-explored. This vision poses upcoming challenges for our next generation to learn about AI. On this note, an exploratory review was conducted to conceptualize the newly emerging concept “AI literacy”, in search for a sound theoretical foundation to define, teach and evaluate AI literacy. Grounded in literature on 30 existing peer-reviewed articles, this review proposed four aspects (i.e., know and understand, use and apply, evaluate and create, and ethical issues) for fostering AI literacy based on the adaptation of classic literacies. This study sheds light on the consolidated definition, teaching, and ethical concerns on AI literacy, establishing the groundwork for future research such as competency development and assessment criteria on AI literacy.",openalex,llm,0.980,unreviewed,
discarded,CodeMaster - Automatic Assessment and Grading of App Inventor and Snap! Programs,Christiane Gresse von Wangenheim; Jean Carlo Rossa Hauck; Matheus Faustino DEMETRIO; Rafael Pelle; Nathalia da Cruz Alves; Heliziane Barbosa; Luiz Felipe Azevedo,2018,Informatics in Education,10.15388/infedu.2018.08,https://openalex.org/W2799461297,adjacent-subtopic,"The development of computational thinking is a major topic in K-12 education. Many of these experiences focus on teaching programming using block-based languages. As part of these activities, it is important for students to receive feedback on their assignments. Yet, in practice it may be difficult to provide personalized, objective and consistent feedback. In this context, automatic assessment and grading has become important. While there exist diverse graders for text-based languages, support for block-based programming languages is still scarce. This article presents CodeMaster, a free web application that in a problem-based learning context allows to automatically assess and grade projects programmed with App Inventor and Snap!. It uses a rubric measuring computational thinking based on a static code analysis. Students can use the tool to get feedback to encourage them to improve their programming competencies. It can also be used by teachers for assessing whole classes easing their workload.",openalex,llm,0.790,unreviewed,
discarded,Developing Computational Thinking through a Virtual Robotics Programming Curriculum,Eben B. Witherspoon; Ross Higashi; Christian D. Schunn; Emily Baehr; Robin Shoop,2017,ACM Transactions on Computing Education,10.1145/3104982,https://openalex.org/W2766049559,adjacent-subtopic,"Computational thinking describes key principles from computer science that are broadly generalizable. Robotics programs can be engaging learning environments for acquiring core computational thinking competencies. However, few empirical studies evaluate the effectiveness of a robotics programming curriculum for developing computational thinking knowledge and skills. This study measures pre/post gains with new computational thinking assessments given to middle school students who participated in a virtual robotics programming curriculum. Overall, participation in the virtual robotics curriculum was related to significant gains in pre- to posttest scores, with larger gains for students who made further progress through the curriculum. The success of this intervention suggests that participation in a scaffolded programming curriculum, within the context of virtual robotics, supports the development of generalizable computational thinking knowledge and skills that are associated with increased problem-solving performance on nonrobotics computing tasks. Furthermore, the particular units that students engage in may determine their level of growth in these competencies.",openalex,llm,0.800,unreviewed,
discarded,Comparing the Effectiveness of Scratch and App Inventor with Regard to Learning Computational Thinking Concepts,Youngki Park; Youhyun Shin,2019,Electronics,10.3390/electronics8111269,https://openalex.org/W2989293288,adjacent-subtopic,"Scratch and App Inventor are two of the most widely used block-based programming languages for young students. These are educational languages which allow students to program easily by dragging and dropping their code blocks. One question that arises in relation to these educational languages is which of them would be more helpful in fostering computational thinking. It is difficult to answer this question because each language has its own advantages. In this paper, we propose a novel rubric based on Dr. Scratch for assessing both Scratch and App Inventor projects in terms of computational thinking concept learning. We crawled teachers’ and students’ open and popular projects and automatically calculated their effectiveness scores with regard to learning computational thinking concepts based on our rubric. The experimental results show that (1) Scratch projects scored higher on average in Parallelism, Synchronization and Flow Control, while App Inventor projects scored higher on average in User Interactivity and Data Representation. The results also show that (2) in many cases, large programs with numerous lines of code scored high in all areas of computational thinking concepts.",openalex,llm,0.840,unreviewed,
discarded,Development of a Lean Computational Thinking Abilities Assessment for Middle Grades Students,Eric Wiebe; Jennifer London; Osman Akşit; Bradford Mott; Kristy Elizabeth Boyer; James C. Lester,2019,,10.1145/3287324.3287390,https://openalex.org/W2917571696,adjacent-subtopic,"The recognition of middle grades as a critical juncture in CS education has led to the widespread development of CS curricula and integration efforts. The goal of many of these interventions is to develop a set of underlying abilities that has been termed computational thinking (CT). This goal presents a key challenge for assessing student learning: we must identify assessment items associated with an emergent understanding of key cognitive abilities underlying CT that avoid specialized knowledge of specific programming languages. In this work we explore the psychometric properties of assessment items appropriate for use with middle grades (US grades 6-8; ages 11-13) students. We also investigate whether these items measure a single ability dimension. Finally, we strive to recommend a ""lean"" set of items that can be completed in a single 50-minute class period and have high face validity. The paper makes the following contributions: 1) adds to the literature related to the emerging construct of CT, and its relationship to the existing CTt and Bebras instruments, and 2) offers a research-based CT assessment instrument for use by both researchers and educators in the field.",openalex,llm,0.820,unreviewed,
discarded,Artificial intelligence and human behavioral development: A perspective on new skills and competences acquisition for the educational context,Martina Benvenuti; Angelo Cangelosi; Armin Weinberger; Elvis Mazzoni; Mariagrazia Benassi; Mattia Barbaresi; Matteo Orsoni,2023,Computers in Human Behavior,10.1016/j.chb.2023.107903,https://openalex.org/W4385562476,off-topic-false-hit,"Despite the significant emphasis placed on incorporating 21st century skills into the educational framework, particularly at the primary level, recent scholarly works indicate considerable variation in the implementation of these skills across different countries and regions, suggesting a demand for further research specifically focusing on primary education. The indications of the Digicomp framework 1 and 21st-century skills in Europe have outlined the key competences for lifelong learning needed for all citizens, including teachers and students. In this perspective, Education plays a fundamental role in ensuring that citizens acquire the required skills. The objective in the common European framework is clear: to initiate a transition from the culture of knowledge to the culture of competence. Nowadays, technological advancement allows the researchers to create and combine different frameworks with the perspective of an even more tailored, and engaged education, some examples derived from the implementation of Virtual Reality (VR) and Augmented Reality (AR), in the combination of Gamification and AI, or the development of Intelligent Tutoring Systems (ITS) to foster and create an even more personalized learning and teaching. Following these premises, in this paper, we want to point out new research reflections and perspectives that could help researchers, teachers, educators (and consequently students) to reflect on the introduction of new technologies (e.g., artificial intelligence, robot tutors) and on how these can affect on human behavioral development and on the acquisition of new skills and competences (Specifically: Creativity, Critical Thinking, Problem Solving, and Computational Thinking) for the educational context. The analysis carried on, suggests a perspective on how creativity, critical thinking, and problem-solving can be effective in promoting computational thinking, and how Artificial Intelligence (AI) could be an aid instrument to teachers in the fostering of creativity, critical thinking, and problem-solving in schools and educational contexts.",openalex,llm,0.960,unreviewed,
kept,Defining a New 21st Century Skill-Computational Thinking: Concepts and Trends,Halil İbrahim Haseski; Ulaş İLİÇ; Ufuk Tuğtekin,2018,International Education Studies,10.5539/ies.v11n4p29,https://openalex.org/W2794896411,supports-claim,"Computational Thinking is a skill that guides the 21th century individual in the problems experienced during daily life and it has an ever-increasing significance. Multifarious definitions were attempted to explain the concept of Computational Thinking. However, it was determined that there was no consensus on this matter in the literature and several different concepts were mentioned in the definitions found in the literature. It was considered that this fact made it difficult to understand the concept of Computational Thinking. To establish a more comprehensive approach, the present study aimed to identify the concepts that are included in the Computational Thinking definitions that were presented in previous studies. It also aimed to reveal trends in the identified concepts throughout the years. As a result of the search, a total of 59 definitions were identified and a content analysis was conducted on these definitions. Analysis results demonstrated that Computational Thinking was defined based on several concepts such as problem solving, technology, thinking, individual and social qualities. Furthermore, it was determined that statements on thinking were prominent before 2006, and today, emphasis on problem solving and technology became more significant. It was considered that the present study would contribute to a better understanding of the Computational Thinking concept. At the end of the study, certain suggestions were presented for further research.",openalex,llm,0.980,unreviewed,
kept,Computational Thinking Assessment: Literature Review,Emmanouil Poulakis; Panagiotis Politis,2021,Research on E-Learning and ICT in Education,10.1007/978-3-030-64363-8_7,https://openalex.org/W3135365791,supports-claim,,openalex,llm,0.720,unreviewed,
discarded,Assessing computational thinking through integrated approaches: the case of ModeLLer,"Mannari, Chiara; Turchi, Tommaso; Versino, Serena; Bacco, Manlio; Ferrari, Alessio; Conati, Cristina; Malizia, Alessio",2026,BEHAVIOUR & INFORMATION TECHNOLOGY,10.1080/0144929X.2026.2711028,https://www.webofscience.com/wos/woscc/full-record/WOS:001840318600001,adjacent-subtopic,"Digital technologies and Artificial Intelligence increasingly shape workplace environments, making Computational Thinking (CT) relevant beyond traditional educational settings. This paper addresses the challenge of CT assessment through the evaluation of ModeLLer, a web-based modelling tool designed to support end users, i.e. users with no prior knowledge of semi-formal modelling languages, to formalise domain knowledge. Grounded in End-User Development (EUD) principles, ModeLLer features a block-based editor to represent domain entities and relationships and automatically translates user-generated blocks into standard diagrams in UML, BPMN, and iStar. To evaluate the tool, we conducted a user study involving 30 participants, based on a scenario of agricultural digitalisation. The outcomes were evaluated using a multi-approach strategy combining expert inspection of the tool, artefact-based analysis of user-generated models, CT profiles, workload measures, and log-based analysis of user interactions. An integrated analysis highlights the mutual relationship between tool capabilities, user skills, and artefacts, as well as informing the design of adaptive features. Overall, the study offers empirical insights into CT assessment within EUD, contributing to evaluation practices and the design of AI-powered EUD tools.",wos,llm,0.760,unreviewed,
discarded,Hybrid MCDM Framework for Selecting Visual Programming Software for Children with Special Educational Needs Using the ROC and PROMETHEE II Methods,"Krstic, Marija; Solesa, Dragan; Krstic, Lazar",2026,APPLIED SCIENCES-BASEL,10.3390/app16136366,https://www.webofscience.com/wos/woscc/full-record/WOS:001818072100001,adjacent-subtopic,"Visual programming using blocks and diagrams facilitates understanding of fundamental programming concepts, which is particularly important for children with special educational needs because it reduces their cognitive load and encourages interactive learning. This study aimed to develop and apply a hybrid multi-criteria framework to evaluate, rank, and select visual programming software solutions intended for children with special educational needs. Based on an analysis of the educational context and the target population's needs, a set of criteria was defined to evaluate and select the most suitable software solution. Data for the analysis were collected using a structured questionnaire, from which a decision matrix was developed. Within the proposed hybrid multi-criteria decision-making (MCDM) framework, criterion weights were determined using the Rank Order Centroid (ROC) method, and the ranking of alternatives was performed using the Preference Ranking Organization Method for Enrichment Evaluation (PROMETHEE II). Additionally, a sensitivity analysis was conducted to assess the stability and robustness of the obtained rankings in relation to changes in the criterion weights. The results indicate a stable ranking of alternatives and the identification of the most favorable solution in the majority of scenarios. The projection quality of 91.1% in the Geometrical Analysis for Interactive Aid (GAIA) plane confirmed the reliability of the visual interpretation of the results. The proposed framework improves the decision-making process and provides a foundation for further research in educational software evaluation.",wos,llm,0.940,unreviewed,
discarded,Effect of Structured Collaborative Learning on Computational Thinking in Secondary Education: An Experimental Study Using Scratch-Based Geometry Tasks,"Noguera, Elizabeth Rojas; Jimenez Toledo, Javier; Revelo Sanchez, Oscar",2026,IEEE REVISTA IBEROAMERICANA DE TECNOLOGIAS DEL APRENDIZAJE-IEEE RITA,10.1109/RITA.2026.3704512,https://www.webofscience.com/wos/woscc/full-record/WOS:001805455000004,adjacent-subtopic,"Computational thinking (CT) has become a key competency in secondary education; however, identifying instructional approaches that effectively support its development remains a challenge. This study investigates the effects of structured collaborative learning on the development of CT, geometry learning, and collaborative skills in secondary school students. A quasi-experimental pretest-posttest design was employed, including an experimental group that engaged in structured collaborative activities and a control group that worked individually on equivalent tasks (n = 36 per group). Student performance was assessed through a multimodal evaluation approach that combined the Computational Thinking Test (CTT), a geometry test aligned with the instructional intervention, and a collaborative skills instrument based on the OECD framework for collaborative problem solving. Additionally, analytical rubrics were used throughout the intervention to monitor students' performance across six Scratch-based instructional guides that integrated geometry content with fundamental programming concepts. The results indicate that students who participated in the collaborative intervention achieved significantly greater gains in CT compared to those who worked individually, particularly in pattern recognition and debugging skills. Similarly, the experimental group showed greater improvements in geometry performance, especially in tasks associated with pattern recognition and debugging, compared to the control group. In addition, significant improvements were observed in all evaluated dimensions of collaborative skills.",wos,llm,0.860,unreviewed,
discarded,Leveraging an LLM-Driven Feedback System to Support Computational Thinking and AI-Integrated STEM Learning,"Rao, Ananya; Piryani, Krish; Jiang, Shiyan; Barnes, Tiffany; Albert, Jennifer; Hill, Marnie; Akram, Bita",2026,"PROCEEDINGS OF THE 57TH ACM TECHNICAL SYMPOSIUM ON COMPUTER SCIENCE EDUCATION V.2, SIGCSE TS 2026",10.1145/3770761.3777304,https://www.webofscience.com/wos/woscc/full-record/WOS:001780599900139,adjacent-subtopic,"As artificial intelligence (AI) becomes increasingly embedded in scientific and technical domains, the ability to engage in AI-integrated STEM problem-solving is emerging as a critical skill for the future STEM workforce. Supporting students in this type of problem-solving requires building a strong foundation in computational thinking, particularly through pedagogically effective and technically robust tools. In this paper, we propose augmenting i-Sail, a block-based programming environment designed for AI-integrated STEM problem-solving, with large language model-driven feedback capabilities to facilitate students' problem-solving while reinforcing key computational thinking skills for middle-grade students. We prompt a large language model with structured knowledge about breadth-first search to provide contextualized, adaptive feedback. The LLM helps students connect their problem-solving steps to the high-level structure of the breadth-first search algorithm and apply this understanding to pathfinding. We present a proof-of-concept evaluation that demonstrates the potential of the system to support the development of computational thinking through AI-integrated problem solving in diverse STEM contexts.",wos,llm,0.840,unreviewed,
