status,title,authors,year,venue,doi,url,tags,abstract,provider,decision_source,llm_confidence,llm_review_outcome,llm_change_direction
kept,Capturing and Characterising Notional Machines.,Sally Fincher; Johan Jeuring; Craig S. Miller; Peter Donaldson; Benedict du Boulay; Matthias Hauswirth; Arto Hellas; Felienne Hermans; Colleen M. Lewis; Andreas Mühling; Janice L. Pearce; Andrew Petersen 0001,2020,ITiCSE,10.1145/3341525.3394988,https://dblp.org/rec/conf/iticse/FincherJMDBHHHL20,supports-claim,"A notional machine is a pedagogic device to assist the understanding of some aspect of programs or programming. It is typically used to support explaining a programming construct, or the user-understandable semantics of a program. For example, a variable is like a box with a label, and assignment copies or moves a value into that box. This working group will capture examples of notional machines from actual pedagogical practice, as expressed in textbooks (or other teaching materials) or used in the classroom. We will interview at least 30 teachers about their experience with, and perceptions of, the use of notional machines in teaching. Using the interviews, we will work on devising and refining a form to characterise essential features of notional machines. We will also attempt to relate them to each other to describe potential learning sequences or progressions. The working group report will contain descriptions of notional machines used at different levels in education, in different countries, by many teachers. Capturing and Characterising Notional Machines Sally Fincher, Johan Jeuring, Craig S Miller Permission to make digital or hard copies of part or all of this work for personal or classroom use is granted without fee provided that copies are not made or distributed for profit or commercial advantage and that copies bear this notice and the full citation on the first page. Copyrights for third-party components of this work must be honored. For all other uses, contact the owner/author(s). ITiCSE 2020,,Trondheim, Norway © 2020 Copyright held by the owner/author(s). 978-1-4503-0000-0/18/06...$15.00 https://doi.org/10.1145/1234567890 The resulting catalogue of notional machines will allow a teacher to select a machine for a particular use, permit comparison between them, and provide a starting point for further categorization and analysis of notional machines. Additionally, we will make more theoretical explorations. We will explore a variety of presentational formats, examining what is necessary and what superfluous; we will look for dimensions of comparison and will examine how notional machines are instantiated across the discipline. We argue that the creation and use of notional machines is potentially a signature pedagogy for computing [1] and that creating and using notional machines represents a certain level of pedagogic sophistication that might be an indicator of pedagogic content knowledge (PCK).",dblp,llm,0.980,unreviewed,
kept,Notional Machines in Computing Education: The Education of Attention.,Sally Fincher; Johan Jeuring; Craig S. Miller; Peter Donaldson; Benedict du Boulay; Matthias Hauswirth; Arto Hellas; Felienne Hermans; Colleen M. Lewis; Andreas Mühling; Janice L. Pearce; Andrew Petersen 0001,2020,ITiCSE-WGR,10.1145/3437800.3439202,https://dblp.org/rec/conf/iticse/FincherJMDBHHHL20a,systematic-review,"This report defines notional machines (NMs), and provides a series of definitional characteristics by which they may be identified. Over several sections, it includes a first-hand report of the origin of NMs, reports a systematic literature review to track the use and development of the concept, and presents a small collection of examples collected through interviews with experienced teachers. Additionally, the report presents NMs in a common format, and makes some preliminary explorations of their use in practice, including examples of instructors using multiple NMs in sequence. Approach and method are fully detailed in evidential appendices, to support replication of results and adoption/adaptation of practice.",dblp,llm,0.990,unreviewed,
kept,Notional Machines and Programming Language Semantics in Education (Dagstuhl Seminar 19281).,Mark Guzdial; Shriram Krishnamurthi; Juha Sorva; Jan Vahrenhold,2019,Dagstuhl Reports,10.4230/DAGREP.9.7.1,https://dblp.org/rec/journals/dagstuhl-reports/GuzdialKSV19,supports-claim,,dblp,llm,0.970,unreviewed,
kept,Evaluating the Tracing of Recursion in the Substitution Notional Machine.,Preston Tunnell Wilson; Kathi Fisler; Shriram Krishnamurthi,2018,SIGCSE,10.1145/3159450.3159479,https://dblp.org/rec/conf/sigcse/WilsonFK18,supports-claim,"We evaluate a notional machine for recursion based on algebraic substitution. To do this, we decompose recursion into a progression of function call patterns, parameter name reuse, and data structure complexity. At each stage, we test students' ability to trace programs using substitution. We evaluate the correctness of their traces along multiple dimensions, finding that students generally do well, and also observe shortcuts and identify misconceptions. For comparison, we also have students trace two problems using a traditional, imperative notional machine. Even though the substitution model is unwieldy to use with compound data, students still perform better with it than with the traditional notional machine.",dblp,llm,0.960,unreviewed,
kept,Using Program Visualization to Illuminate the Notional Machine.,James Juett,2016,,,https://dblp.org/rec/phd/us/Juett16,supports-claim,,dblp,llm,0.990,unreviewed,
kept,Understanding Notional Machines through Traditional Teaching with Conceptual Contraposition and Program Memory Tracing.,Jeisson Hidalgo-Céspedes; Gabriela Marín; Vladimir Lara-Villagrán,2016,CLEI Electron. J.,10.19153/CLEIEJ.19.2.2,https://dblp.org/rec/journals/cleiej/Hidalgo-Cespedes16,supports-claim,,dblp,llm,0.980,unreviewed,
kept,A Web-Based Environment for Introductory Programming based on a Bi-Directional Layered Notional Machine.,Li Sui; Jens Dietrich 0001; Eva Heinrich; Manfred Meyer,2016,ITiCSE,10.1145/2899415.2925487,https://dblp.org/rec/conf/iticse/SuiDHM16,supports-claim,,dblp,llm,0.860,unreviewed,
kept,The design and implementation of a notional machine for teaching introductory programming.,Michael Berry 0001,2015,,,https://dblp.org/rec/phd/ethos/Berry15,supports-claim,,dblp,llm,0.840,unreviewed,
kept,The design and implementation of a notional machine for teaching introductory programming.,Michael Berry 0001; Michael Kölling,2013,WiPSCE,10.1145/2532748.2532765,https://dblp.org/rec/conf/wipsce/BerryK13,supports-claim,,dblp,llm,1.000,unreviewed,
discarded,"Computational Thinking, the Notional Machine, Pre-service Teachers, and Research Opportunities.",Matt Bower; Katrina Falkner,2015,ACE,,https://dblp.org/rec/conf/ace/BowerF15,adjacent-subtopic,,dblp,llm,0.720,unreviewed,
kept,The state of play: a notional machine for learning programming.,Michael Berry 0001; Michael Kölling,2014,ITiCSE,10.1145/2591708.2591721,https://dblp.org/rec/conf/iticse/BerryK14,supports-claim,,dblp,llm,0.900,unreviewed,
kept,Notional machines and introductory programming education.,Juha Sorva,2013,ACM Trans. Comput. Educ.,10.1145/2483710.2483713,https://dblp.org/rec/journals/jeric/Sorva13,supports-claim,,dblp,llm,1.000,unreviewed,
discarded,Using deep learning models to predict student performance in introductory computer programming courses,Yueh-Hui Vanessa Chiang; Ying-Ru Lin; Nian-Shing Chen,2022,2022 International Conference on Advanced Learning Technologies (ICALT),10.1109/ICALT55010.2022.00060,https://ieeexplore.ieee.org/document/9853747/,adjacent-subtopic,"This study used deep learning techniques with Moodle log data to predict student performance in introductory computer programming courses. Particularly, this study would like to use prediction results to identify potential low-performing students who may need assistance from teachers. The results suggested that deep learning models are promising to predict student performance and identify low-performing students in the researched context. What the prediction results provided by the models can inform teachers in learning settings was also further discussed in this paper.",ieee,llm,0.980,unreviewed,
discarded,Towards Automated Memory Model Generation Via Event Tracing,O.F.J. Perks; D.A. Beckingsale; S.D. Hammond; I. Miller; J.A. Herdman; A. Vadgama; A.H. Bhalerao; L. He; S.A. Jarvis,2013,The Computer Journal,10.1093/comjnl/bxs051,https://ieeexplore.ieee.org/document/8140855/,off-topic-false-hit,"The importance of memory performance and capacity is a growing concern for high performance computing laboratories around the world. It has long been recognized that improvements in processor speed exceed the rate of improvement in dynamic random access memory speed and, as a result, memory access times can be the limiting factor in high performance scientific codes. The use of multi-core processors exacerbates this problem with the rapid growth in the number of cores not being matched by similar improvements in memory capacity, increasing the likelihood of memory contention. In this paper, we present WMTools, a lightweight memory tracing tool and analysis framework for parallel codes, which is able to identify peak memory usage and also analyse per-function memory use over time. An evaluation of WMTools, in terms of its effectiveness and also its overheads, is performed using nine established scientific applications/benchmark codes representing a variety of programming languages and scientific domains. We also show how WMTools can be used to automatically generate a parameterized memory model for one of these applications, a two-dimensional non-linear magnetohydrodynamics application, Lare2D. Through the memory model we are able to identify an unexpected growth term which becomes dominant at scale. With a refined model we are able to predict memory consumption with under 7% error.",ieee,llm,1.000,unreviewed,
kept,Visualising concurrent programs with dynamic dependence graphs,Jan Lönnberg; Mordechai Ben-Ari; Lauri Malmi,2011,2011 6th International Workshop on Visualizing Software for Understanding and Analysis (VISSOFT),10.1109/VISSOF.2011.6069456,https://ieeexplore.ieee.org/document/6069456/,supports-claim,"Atropos is a software tool for visualising concurrent program executions intended to help students debug concurrent programs and learn how concurrency works. Atropos supports a slicing debugging strategy by providing a visualisation of dynamic dependence graphs that can be explored to trace the chain of events backwards from a symptom to its cause. In this paper, we present the reasoning behind the design of Atropos and summarise how we evaluated it with students.",ieee,llm,0.860,unreviewed,
discarded,Enhanced Student-graph Representation for At-risk Student Detection,Wei Qiu; Andy W. H. Khong; Fun Siong Lim,2024,2024 IEEE International Symposium on Circuits and Systems (ISCAS),10.1109/ISCAS58744.2024.10557981,https://ieeexplore.ieee.org/document/10557981/,off-topic-false-hit,"Predicting examination grades is essential to facilitate early interventions and to enhance student retention rates in an academic institution. We propose a predictive model based solely on historical academic performance made available before the beginning of each semester. The proposed model employs singular value decomposition to distill the underlying student-course graph structure, resulting in a student representation vector that holistically captures a student’s academic ability across courses in relation to their cohort. This representation vector is then fused with the student’s historical academic records for grade prediction. Data for training the proposed prediction model was sourced from approximately five thousand Electrical and Electronic Engineering students across seventeen core courses, including Circuit Analysis and Analog Electronics taught in the sophomore year. Students identified as at risk of failing a course at the beginning of each semester may be offered targeted (academic) support such as peer tutoring programs.",ieee,llm,0.990,unreviewed,
discarded,Hierarchical Memory Buffering Techniques for an In-Memory Event Tracing Extension to the Open Trace Format 2,Michael Wagner; Andreas Knüpfer; Wolfgang E. Nagel,2013,2013 42nd International Conference on Parallel Processing,10.1109/ICPP.2013.115,https://ieeexplore.ieee.org/document/6687440/,off-topic-false-hit,"One of the most urgent challenges in event based performance analysis is the enormous amount of collected data. A real-time event reduction is crucial to enable a complete in-memory event tracing workflow, which circumvents the limitations of current parallel file systems to support event tracing on large scale systems. However, a traditional single flat memory buffer fails to support real-time event reduction. To address this issue, we present a hierarchical memory buffer, which is capable to support event reduction. We show that this hierarchical memory buffer does not introduce additional overhead, regardless of the grade of reduction. In addition, we evaluate its main parameter: the size of the internal memory bins. The hierarchical memory buffer is based on the Open Trace Format 2, a state-of-the-art Open Source event trace library used by the performance analysis tools VAMPIR, SCALASCA, and TAU.",ieee,llm,1.000,unreviewed,
kept,Evaluating the Effect of Program Visualization on Student Motivation,J. Ángel Velázquez-Iturbide; Isidoro Hernán-Losada; Maximiliano Paredes-Velasco,2017,IEEE Transactions on Education,10.1109/TE.2017.2648781,https://ieeexplore.ieee.org/document/7817884/,supports-claim,"An increase in student motivation is often cited as an expected effect of software visualization, but, as far as the authors are aware, no controlled experiments have yet demonstrated this. This paper therefore presents a controlled evaluation of this effect, conducted within the framework of self-determination theory. Students were tasked with removing redundant recursion in a multiple recursive algorithm. The experimental group (N = 19) used the SRec program visualization system, while the control group (N = 17) could use any programming tool in which they were proficient, such as BlueJ or Eclipse. The increase in motivation was measured by the difference between student scores in pre- and post-tests of their motivation. Statistically significant increases were observed for the two more determined forms of motivation, intrinsic motivation (p = 0.01), and extrinsic motivation via identified regulation (p = 0.03). Student feedback about their subjective acceptance of SRec reinforced these results. These findings give experimental support to expectations for software visualization in terms of motivation. Several paths for future work are identified, in particular, the need for more experiments under various conditions to achieve deeper understanding of the motivational effect of program visualization.",ieee,llm,0.950,unreviewed,
discarded,Learning Strategy Based on Deep Knowledge Tracing,Ye Tian; Zhendong Niu; Donglei Liu,2021,2021 3rd International Conference on Computer Science and Technologies in Education (CSTE),10.1109/CSTE53634.2021.00022,https://ieeexplore.ieee.org/document/9527057/,adjacent-subtopic,"Network-based classroom is intended to spread courses through the Internet, so that people can share educational resources through the Internet. The existing network-based classroom can collect students' video images, body behavior and other information, track students' learning status, including whether they listen carefully and answer questions actively. However, it ignores the real-time tracking of students' mastery of knowledge concepts and can not provide personalized learning strategy. In order to solve this problem, we design an learning strategy model based on deep knowledge tracking. The model is divided into two steps. Firstly, the model analyzes the sequence of students' exercises through deep learning algorithm, and predicts students' mastery of knowledge concepts. Then, according to the prediction results and students' learning situation, C4.5 algorithm is used to generate learning strategy decision tree to provide students with personalized learning strategy. The model is tested on two real datasets. The results show that the model has a good performance in predicting students' mastery of knowledge concepts and providing learning strategies.",ieee,llm,0.980,unreviewed,
discarded,Support for Understanding GUI Programs by Visualizing Execution Traces Synchronized with Screen Transitions,Tatsuya Sato; Buntarou Shizuki; Jiro Tanaka,2008,2008 16th IEEE International Conference on Program Comprehension,10.1109/ICPC.2008.28,https://ieeexplore.ieee.org/document/4556143/,adjacent-subtopic,"To support understanding a specific GUI functionality in a program, we propose a visualization technique that presents the correspondence between the screens before and after the operation, as well as the traces of the source code executed by the operation. The presented traces include the executed lines and the method calls, which are fundamental information for understanding the functionality. They are represented as highlights that are superimposed on the entire source code.",ieee,llm,0.800,unreviewed,
discarded,Visualising Student Learning Patterns: A Deep Learning Approach to Learning Analytics,Pratap Pachipulusu; Greeshma Suryadevara; Mahendra Babu Iragala; Darsana Usha Devi; Susmitha Nair,2025,2025 7th International Conference on Computer Science and Technologies in Education (CSTE),10.1109/CSTE64638.2025.11091965,https://ieeexplore.ieee.org/document/11091965/,adjacent-subtopic,"Understanding learning patterns and relevant teaching methodologies is essential for improving academic output and enabling custom-made learning experiences. This paper developed a deep-learning framework model by integrating multiple advanced NN architectures, like the Transfer model, graph neural network, and autoencoders, to analyse and visualise students' learning behaviour. The proposed deep learning framework uses multimodal datasets collected from different educational resources, like the log data of the learning management system, engagement metrics, and assessment scores, to make the DL framework a generalised model. It also helps to generate intuitive visual representations, such as knowledge graphs, heatmaps, and learning trajectories. The DL framework is developed by integrating a transformer model to extract sequential features and dependencies from the learning activity data. The GNN model extracts the relationship between the learning person and resources and the people interacting during the period. The autoencoders included in the DL framework help the teacher and learner to identify the people who are struggling in the earlier stage of the learning period and detect the anomalies in the learning patterns. The DL framework is implemented in Python with specific datasets to demonstrate its achievements. The output shows that the proposed DL framework uses hybrid DL models and obtained 97.6% accuracy with reduced dropouts by 38% compared with the conventional methods. It is also identified that the DL framework included potential advancements of deep learning with visualised methods in improving learning analytics, optimisation, and fostering data-based decision-making.",ieee,llm,0.990,unreviewed,
kept,Effect of Program Visualization to Teach Computer Programming in a Resource Constrained Classroom,Dipali D. Awasekar,2013,2013 IEEE Fifth International Conference on Technology for Education (t4e 2013),10.1109/T4E.2013.31,https://ieeexplore.ieee.org/document/6751070/,supports-claim,"Acquisition of programming concepts and skills is a key goal of computer science and engineering curricula. It has been shown that students find programming to be a difficult and complex cognitive task. Program visualizations have been shown to improve students' understanding, but most studies have been conducted in resource equipped classrooms, for example, in which students have personalized access to laptops. In this paper, we report findings from a two-group experimental study (N=60) in a resource constrained classroom with a single computer and mounted LCD. One group was taught with an interactive program visualization tool and the other with traditional chalk and blackboard approach. Analysis showed a statistically significant higher performance on a post-test for the program visualization group compared to the traditional group. This difference was seen regardless of students' visual/verbal learning style, leading to the conclusion that use of program visualization in large resource constrained classroom is an effective strategy to teach computer programming.",ieee,llm,0.950,unreviewed,
