status,title,authors,year,venue,doi,url,tags,abstract,provider,decision_source,llm_confidence,llm_review_outcome,llm_change_direction
kept,Foundations for Deductive Verification of Continuous Probabilistic Programs,"Batz, Kevin; Katoen, Joost-Pieter; Randone, Francesca; Winkler, Tobias",2025,PROCEEDINGS OF THE ACM ON PROGRAMMING LANGUAGES-PACMPL,10.1145/3720429,https://www.webofscience.com/wos/woscc/full-record/WOS:001500229000004,supports-claim,"We lay out novel foundations for the computer-aided verification of guaranteed bounds on expected outcomes of imperative probabilistic programs featuring (i) general loops, (ii) continuous distributions, and (iii) conditioning. To handle loops we rely on user-provided quantitative invariants, as is well established. However, in the realm of continuous distributions, invariant verification becomes extremely challenging due to the presence of integrals in expectation-based program semantics. Our key idea is to soundly under-or over-approximate these integrals via Riemann sums. We show that this approach enables the SMT-based invariant verification for programs with a fairly general control flow structure. On the theoretical side, we prove convergence of our Riemann approximations, and establish coRE-completeness of the central verification problems. On the practical side, we show that our approach enables to use existing automated verifiers targeting discrete probabilistic programs for the verification of programs involving continuous sampling. Towards this end, we implement our approach in the recent quantitative verification infrastructure CAESAR by encoding Riemann sums in its intermediate verification language. We present several promising case studies.",wos,llm,0.890,unreviewed,
discarded,Reporting of CONSORT flow diagrams for parallel group randomized controlled trials published in orthodontic journals,"Koufatzidou, Marianna; Karveleas, Ilias; Mitsika, Ioanna; Patel, Krishna; Seehra, Jadbinder; Pandis, Nikolaos",2025,EUROPEAN JOURNAL OF ORTHODONTICS,10.1093/ejo/cjaf019,https://www.webofscience.com/wos/woscc/full-record/WOS:001468468700001,off-topic-false-hit,"Background/Objectives The inclusion of a participant flow diagram in randomized clinical trials (RCTs) is a requirement of the CONSORT guidelines. The aim of this study was to assess the reporting quality of flow diagrams of RCTs published in orthodontic journals in relation to the CONSORT Flow Diagram for Parallel Group RCTs. Materials/Methods RCTs published between January 2011 and December 2023 in five orthodontic journals were identified and trial characteristics were extracted. The reporting of the flow diagram (if included) was assessed for completeness in relation to the CONSORT flow diagram template. Descriptive statistics and cross tabulations between RCT characteristics and presence/no presence of a flow diagram were performed. On an exploratory basis, univariable associations between RCT characteristics and presence/no presence of a flow diagram were performed and univariable logistic regression to examine the effect of publication year on flow diagram reporting. Results Three hundred and thirty-four RCTs met the inclusion criteria. The majority were published in 2021 (n = 39, 11.7%), and had 2 arms (n = 279, 83.5%). Three-hundred and seven (92.0%) RCTs were published in journals endorsing the CONSORT guidelines. Two hundred and thirty-three (69.8%) RCTs included a flow diagram and from these, 48.1% (n = 112) were fully compliant with flow diagram reporting. 121 (51.9%) omitted at least one item of the CONSORT reporting template. Significant associations between journal type, CONSORT endorsement by authors, ethical approval status, presence of a published protocol, significance of the primary outcome, involvement of a statistician, presence of conflict of interest, center type, type of analysis undertaken and the presence/ no presence of a flow diagram were present. Across the study timeframe, the odds of inclusion of RCT flow diagram increased per additional year (OR:1.47; 95%CI:1.34,1.61; p < .001). Limitations Only five orthodontic journals. Conclusions/Implications Despite improvements over time, the inclusion and reporting of CONSORT flow diagram for parallel group RCTs in trials published in orthodontic journals requires improvement. To mitigate potential biased interpretation of trial results, journal editors should ensure a complete CONSORT flow diagram is submitted by researchers.",wos,llm,1.000,unreviewed,
kept,CF-GKAT: Efficient Validation of Control-Flow Transformations,"Zhang, Cheng; Kappe, Tobias; Narvaez, David E.; Naus, Nico",2025,PROCEEDINGS OF THE ACM ON PROGRAMMING LANGUAGES-PACMPL,10.1145/3704857,https://www.webofscience.com/wos/woscc/full-record/WOS:001470367300014,qualifies-claim,"Guarded Kleene Algebra with Tests (GKAT) provides a sound and complete framework to reason about trace equivalence between simple imperative programs. However, there are still several notable limitations. First, GKAT is completely agnostic with respect to the meaning of primitives, to keep equivalence decidable. Second, GKAT excludes non-local control flow such as goto, break, and return. To overcome these limitations, we introduce Control-Flow GKAT (CF-GKAT), a system that allows reasoning about programs that include non-local control flow as well as hardcoded values. CF-GKAT is able to soundly and completely verify trace equivalence of a larger class of programs, while preserving the nearly-linear efficiency of GKAT. This makes CF-GKAT suitable for the verification of control-flow manipulating procedures, such as decompilation and goto-elimination. To demonstrate CF-GKAT's abilities, we validated the output of several highly non-trivial program transformations, such as Erosa and Hendren's goto-elimination procedure and the output of Ghidra decompiler. CF-GKAT opens up the application of Kleene Algebra to a wider set of challenges, and provides an important verification tool that can be applied to the field of decompilation and control-flow transformation.",wos,llm,0.960,unreviewed,
discarded,DopSteg: Program steganography using data-oriented programming,"Lv, Jianqiang; Fu, Cai; Chen, Liangheng; Liu, Ming; He, Shuai; Jiang, Shuai; Han, Lansheng",2025,SCIENCE OF COMPUTER PROGRAMMING,10.1016/j.scico.2025.103311,https://www.webofscience.com/wos/woscc/full-record/WOS:001465348200001,adjacent-subtopic,"Many methods have been proposed to utilize software obfuscation techniques to steganographically embed certain code logic within a program, thereby enhancing the protection of software intellectual property. Currently, the protective effect of software obfuscation primarily focuses on safeguarding the native semantics of the target program, with little attention paid to the obfuscation of steganographic semantics. For instance, in the context of software copyright protection, code watermarks need to be embedded into the target program, and the ability to localize the watermark code becomes a critical means for attackers to bypass copyright protection. However, existing watermark code suffers from several shortcomings, such as low integration with the target program, weak resistance to dynamic reverse analysis, poor concealment, and ease of localization. This paper proposes a novel code semantic steganography scheme, DopSteg. The scheme leverages the principles of data-oriented programming, first determining the data-safe zones and semantic execution zones. Based on the semantic execution zones, the intermediate representation of the target software is partitioned. Through control flow flattening, reusable code fragments are encapsulated within the 'switch' branches of loop structures, thereby achieving code semantic steganography. A Turing completeness analysis of DopSteg demonstrates its capability to steganographically embed complex semantics. Experimental evaluations show that DopSteg increases instruction entropy by an average of approximately 140%, enabling deeper semantic steganography. Reverse analysis requires additional effort to analyze the steganographic semantic logic, significantly enhancing resistance to dynamic analysis while maintaining stable overhead. DopSteg provides a novel approach to software copyright protection.",wos,llm,0.760,unreviewed,
discarded,Unified Optimization of Declarative and Imperative Code in Relational Databases,"Lee, Young-Koo",2021,"PROCEEDINGS OF THE 18TH INTERNATIONAL SYMPOSIUM ON DATABASE PROGRAMMING LANGUAGES, DBPL 2021",10.1145/3475726.3476451,https://www.webofscience.com/wos/woscc/full-record/WOS:001312746700003,adjacent-subtopic,"In relational databases stored procedures and user defined functions (UDFs) have been used to express application business logic by using control flow logic and DMLs. Recently their use is increasing with the rising popularity of real-time analytics applications since the applications often contain complex business logic. Thus hybrid transactional and analytical processing systems like SAP HANA have started to put more efforts to optimize the execution of UDFs.

There has been much work in the fields of program optimization and query optimization, respectively. However, most of the studies have been done separately in isolated worlds, and cross-optimizations breaking the boundary between declaratives and imperatives were not studied enough. Therefore, unified optimization techniques considering both program and query optimization techniques are essential for achieving optimal query performance. The first part of this talk presents a literature overview of a successful approach to improve the performance of UDF execution. This approach transforms entire UDFs into equivalent relational algebra expressions, then applies existing relational query optimization techniques. It is interesting that the imperative constructs such as branches and loops can be converted into relational algebra expressions. This approach is attractive since we can simply take advantage of existing sophisticated query optimization techniques after the transformation. However, one of the most challenging issues faced by this approach is that transformation rules are currently limited and there are non-transformable imperative expressions.

The second part presents our past and ongoing work using another approach, which unifies both program and query optimization techniques in a framework. The framework consists of plan enumeration and cost estimation for the UDFs. We first demonstrate this approach with iterative query processing in a UDF. With the notion of query motion, by which an SQL query is moved in and out of a loop, we enumerate execution plans for the UDF. We choose the best plan by using a cost model which measures the procedure cost based on the cost estimation of the query optimizer and imperative constructs. We next discuss unified optimization using the concept of relational operator motion, where we pull up or push down relational operators among statements in the UDF to obtain a globally optimized plan of the UDF.",wos,llm,0.720,unreviewed,
discarded,An improved cloud-based business process compliance management system using a user-centered approach,"Mustapha, Abiodun Muyideen; Arogundade, Oluwasefunmi 'Tale; Abayomi-Alli, Adebayo; Adesemowo, A. Kayode; Adeniran, Olusola John",2024,INTERNATIONAL JOURNAL OF SYSTEM ASSURANCE ENGINEERING AND MANAGEMENT,10.1007/s13198-024-02494-6,https://www.webofscience.com/wos/woscc/full-record/WOS:001326385600001,off-topic-false-hit,"Despite the advantages of cloud services, businesses still face compliance challenges. Some have withdrawn from cloud services due to the inability to adhere completely to compliance requirements from regulatory bodies. Considering that adopting cloud services does not require adherence to domain-based requirements but also security requirements, a compliance management approach is essential to cater for such constraints. Existing literature shows that many compliance management approaches focus on data flow and control flow requirements. A few of them considered timing but not security constraints. Hence, compliance monitoring is incomplete and inaccurate. It was also deduced that monitoring business processes against compliance requirements in real-time was not considered appropriately, which is essential for keeping track of performance. This paper presents a business process compliance management system that ensures that business processes can be verified against compliance requirements at both designs and run time. The verification of the business processes was done at design time using a SPIN (Simple Promela Interpreter) model checker and extended compliance patterns at runtime. The evaluation was done using case studies from the financial and health domains, which returned an improved level of accuracy compared to an existing approach. The proposed approach's uniqueness, completeness and traceability were evaluated against the model-based business process compliance management system and the papazoglou compliance management system. It returned 0.95, 0.94, and 0.86, respectively, for the proposed system. Adopting this improved business process compliance management system helps enterprises save penalty costs laid against them due to non-compliance or incomplete compliance.",wos,llm,0.980,unreviewed,
discarded,Optimized Data-Flow Integrity for Modern Compilers,"Diez-Franco, Irene; Ugarte-Pedrero, Xabier; Garcia-Bringas, Pablo",2024,IEEE ACCESS,10.1109/ACCESS.2024.3454551,https://www.webofscience.com/wos/woscc/full-record/WOS:001310759400001,adjacent-subtopic,"Non-control-data attacks are those attacks that purely target and modify the non-control data of a program, such as boolean values, user input or configuration parameters, and leave the control flow of a program untouched. These attacks were considered a niche due to the high difficulty in crafting attacks that do not modify the control flow. However, in recent years researchers have already demonstrated that non-control-data attacks can be automatically constructed and that they pose a significant threat because they can compromise critical and widely used software, such as web browsers and the Linux kernel. Moreover, they can also be used to disable or bypass state-of-the-art software security techniques, such as control-flow integrity. The most promising technique to protect against non-control-data attacks is data-flow integrity, however, modern compilers do not implement this protection yet. In this work we present an optimized data-flow integrity implementation for modern compilers that reduces the amount of basic blocks that need to be protected in an average of 45.8%, it also has broader security guarantees due to its more precise static analysis. Finally, we evaluate the completeness of our optimized data-flow integrity implementation.",wos,llm,0.920,unreviewed,
discarded,Newtonian Program Analysis of Probabilistic Programs,"Wang, Di; Reps, Thomas",2024,PROCEEDINGS OF THE ACM ON PROGRAMMING LANGUAGES-PACMPL,10.1145/3649822,https://www.webofscience.com/wos/woscc/full-record/WOS:001209927600012,adjacent-subtopic,"Due to their quantitative nature, probabilistic programs pose non-trivial challenges for designing compositional and efficient program analyses. Many analyses for probabilistic programs rely on iterative approximation. This article presents an interprocedural dataflow-analysis framework, called NPA-PMA, for designing and implementing (partially) non-iterative program analyses of probabilistic programs with unstructured control-flow, nondeterminism, and general recursion. NPA-PMA is based on Newtonian Program Analysis (NPA), a generalization of Newton's method to solve equation systems over semirings. The key challenge for developing NPA-PMA is to handle multiple kinds of confluences in both the algebraic structures that specify analyses and the equation systems that encode control flow: semirings support a single confluence operation, whereas NPA-PMA involves three confluence operations (conditional, probabilistic, and nondeterministic).

Our work introduces omega-continuous pre-Markov algebras (l PMAs) to factor out common parts of different analyses; adopts regular infinite-tree expressions to encode probabilistic programs with unstructured control-flow; and presents a linearization method that makes Newton's method applicable to the setting of regular-infinite-tree equations over l PMAs. NPA-PMA allows analyses to supply a non-iterative strategy to solve linearized equations. Our experimental evaluation demonstrates that (i) NPA-PMA holds considerable promise for outperforming Kleene iteration, and (ii) provides great generality for designing program analyses.",wos,llm,0.880,unreviewed,
discarded,Mission-Time LTL (MLTL) Formula Validation via Regular Expressions,"Elwing, Jenna; Gamboa-Guzman, Laura; Sorkin, Jeremy; Travesset, Chiara; Wang, Zili; Rozier, Kristin Yvonne",2024,"INTEGRATED FORMAL METHODS, IFM 2023",10.1007/978-3-031-47705-8_15,https://www.webofscience.com/wos/woscc/full-record/WOS:001148151200015,off-topic-false-hit,"Mission-time Linear Temporal Logic (MLTL) represents the most practical fragment of Metric Temporal Logic; MLTL resembles the popular logic Linear Temporal Logic (LTL) with finite closed-interval integer bounds on the temporal operators. Increasingly, many tools reason over MLTL specifications, yet these tools are useful only when system designers can validate the input specifications. We design an automated characterization of the structure of the computations that satisfy a given MLTL formula using regular expressions. We prove soundness and completeness of our structure. We also give an algorithm for automated MLTL formula validation and analyze its complexity both theoretically and experimentally. Additionally, we generate a test suite using control flow diagrams to robustly test our implementation and release an open-source tool with a user-friendly graphical interface. The result of our contributions are improvements to existing algorithms for MLTL analysis, and are applicable to many other tools for automated, efficient MLTL formula validation. Our updated tool may be found at https://temporallogic.org/research/WEST.",wos,llm,0.950,unreviewed,
discarded,Validation set sampling strategies for predictive process monitoring,"Peeperkorn, Jari; vanden Broucke, Seppe; De Weerdt, Jochen",2024,INFORMATION SYSTEMS,10.1016/j.is.2023.102330,https://www.webofscience.com/wos/woscc/full-record/WOS:001137649200001,off-topic-false-hit,"Previous studies investigating the efficacy of long short-term memory (LSTM) recurrent neural networks in predictive process monitoring and their ability to capture the underlying process structure have raised concerns about their limited ability to generalize to unseen behavior. Event logs often fail to capture the full spectrum of behavior permitted by the underlying processes. To overcome these challenges, this study introduces innovative validation set sampling strategies based on control-flow variant-based resampling. These strategies have undergone extensive evaluation to assess their impact on hyperparameter selection and early stopping, resulting in notable enhancements to the generalization capabilities of trained LSTM models. In addition, this study expands the experimental framework to enable accurate interpretation of underlying process models and provide valuable insights. By conducting experiments with event logs representing process models of varying complexities, this research elucidates the effectiveness of the proposed validation strategies. Furthermore, the extended framework facilitates investigations into the influence of event log completeness on the learning quality of predictive process models. The novel validation set sampling strategies proposed in this study facilitate the development of more effective and reliable predictive process models, ultimately bolstering generalization capabilities and improving the understanding of underlying process dynamics.",wos,llm,0.970,unreviewed,
