status,title,authors,year,venue,doi,url,tags,abstract,provider,decision_source,llm_confidence,llm_review_outcome,llm_change_direction
Comparison with traditional grating-based three-dimensional light field display systems reveals that the proposed system provides more accurate color reproduction and maintains better material texture. At extreme viewing angle positions, traditional systems exhibit noticeable optical distortion with stretching phenomena in the outward direction, while the proposed grating-free system shows no optical distortion, validating the advantages of the grating-free structure. Geometric modeling analysis indicates that when LED size, spacing, and vertical distance remain constant, the viewing angle can be flexibly controlled by adjusting the lighting period number n according to Equation (1). Simulation results show that the staggered lighting mode increases the effective LED pitch by at least 2 times compared to the column-spaced lighting mode (from 1.425 mm to 2.85 mm), reducing the interference rate by approximately 50%. Display effect tests under different lighting modes confirm that the staggered lighting mode exhibits better display quality at positions with larger out-of-screen depth due to lower interference between LED units. Conclusions This study proposes a grating-free three-dimensional light field display system based on structured backlight. By employing a Micro-LED array as the structured backlight source and combining it with a staggered lighting strategy and light field encoding method, the system achieves a continuous horizontal viewing angle of 120 degrees without relying on traditional light control structures such as lenticular lenses or gratings, significantly enhancing the immersive experience and free viewing angle capability of autostereoscopic three-dimensional displays. Through geometric modeling and interference rate analysis, the lighting strategy is systematically optimized, effectively suppressing interference between LED units and improving image quality. The system fundamentally avoids aberration-induced edge distortion by eliminating optical lens intervention, demonstrating superior geometric accuracy and imaging consistency. Compared with traditional light field display systems, the proposed system maintains structural simplicity and low hardware complexity while achieving ultra-wide viewing angles, overcoming technical challenges of complex optical structures and limited viewing angles in grating or lens array-based systems. This research provides a new technical approach for constructing lightweight, high-performance, wide-angle autostereoscopic three-dimensional display systems, offering significant application potential in fields such as digital cultural heritage exhibition, medical navigation, and virtual interaction.",wos,llm,0.990,unreviewed,
discarded,Microplastics deplete soil available nutrients: a global meta-analysis with machine learning reveals critical thresholds and interactive controls,"Xiang, Yangzhou; Penuelas, Josep; Rillig, Matthias C.; Luo, Xuqiang; Nizzetto, Luca; Akkanen, Jarkko; Liu, Ying; Luo, Yang; Yao, Bin; Li, Yuan",2026,WATER RESEARCH,10.1016/j.watres.2026.126056,https://www.webofscience.com/wos/woscc/full-record/WOS:001769987600001,off-topic-false-hit,"Microplastics (MPs) contamination threatens soil nutrient bioavailability, yet quantitative understanding of effect magnitudes and controlling factors remains fragmented across diverse environmental contexts. Here, we synthesized 206 studies (2853 observations) spanning 12 countries and diverse agricultural systems (soil pH 4.5-8.5; organic matter 5-80 g kg(-1)) to quantify MPs impacts on soil available nitrogen (AN), phosphorus (AP), and potassium (AK). We integrated random-effects meta-analysis using log response ratios (lnRR) with eXtreme Gradient Boosting (XGBoost) machine learning interpreted through SHapley Additive exPlanations (SHAP) to identify non-linear relationships and interactive controls. The dataset comprised predominantly controlled experiments (pot: 49%; incubation: 50%; field: 1%), with geographical concentration in East Asia (92%). Across all experimental setups, MPs significantly depleted AN by 5.3%, AP by 9.4%, and AK by 7.0% relative to controls. However, effects were context-dependent: pot/incubation studies showed significant depletion, while field studies reported no significant changes. XGBoost models (R-2 = 0.44-0.62) indicated hierarchical control structures, with soil pH dominating AN responses (relative importance: 18.4%) and MPs concentration governing AP (15.2%) and AK (14.8%). SHAP analysis identified critical thresholds: particle size effects plateaued above 100 mu m, concentration impacts saturated beyond 10 g kg(-1), and pH-dependent reversals shifted from depletion in acidic soils to enrichment under alkaline conditions. Biodegradable plastics (e.g., PLA, PBAT) caused equal or greater short-term nutrient immobilization than conventional polymers, though mechanisms likely differ: biodegradable MPs may stimulate microbial biomass growth that temporarily sequesters nutrients, whereas conventional plastics primarily act through surface sorption. Partial dependence analysis indicated synergistic interactions: small particles (<50 mu m) combined with high concentrations (>30 g kg(-1)) induced depletion 1.5-2.3-fold beyond additive expectations. These findings establish quantitative thresholds for risk assessment and demonstrate that MPs-induced nutrient limitation, observed primarily in controlled settings, could affect crop yields, necessitating interventions to prevent irreversible soil fertility degradation, though field-scale validation remains essential.",wos,llm,1.000,unreviewed,
discarded,Tradeoff optimization method for damping control structures based on uniform response criterion,"Wu, Shan; Wang, Cong; Cao, Yeqi; Wang, Yuxuan; Chen, Jianwei; Ren, Hongwei",2026,CONSTRUCTION AND BUILDING MATERIALS,10.1016/j.conbuildmat.2026.146589,https://www.webofscience.com/wos/woscc/full-record/WOS:001763469000001,off-topic-false-hit,"The weak story issue poses a critical challenge to the seismic performance of damping control structures. To address this issue, this study proposes a uniform response optimization design approach. This method focuses on buckling-restrained braced (BRB) structures and viscous fluid damper (VFD) structures, aiming to achieve uniform distributions of the story drift ratio and the absolute acceleration of each story. The design parameters of BRBs and VFDs are treated as optimization variables, and a collaborative optimization framework integrating intelligent algorithms with finite element analyses is established. Numerical results indicate that the proposed method effectively improves the uniformity of structural seismic responses. However, a competing relationship is found between story drift ratio and acceleration uniformities: minimizing one will increase the other. To overcome this limitation, a dual-objective tradeoff optimization method is further developed to minimize story drift ratios while maintaining or reducing absolute acceleration. Nonlinear time-history and seismic fragility analyses validate the effectiveness of the proposed method, demonstrating its capability to mitigate weak story behavior and enhance both the safety and applicability of damping control structures.",wos,llm,0.990,unreviewed,
discarded,Research Progress on Data-Driven Adaptive Optics for High-Resolution Imaging (Invited),"Zhao, Qizhen; Zhao, Qian; Zhou, Jiahui; Sun, Wentao; Zhang, Manting; Deng, Man; Chen, Kele; Tu, Xin; Chen, Kaiyu; Zhang, Lanqiang; Guo, Youming; Rao, Changhui",2026,LASER & OPTOELECTRONICS PROGRESS,10.3788/LOP252450,https://www.webofscience.com/wos/woscc/full-record/WOS:001758357500011,off-topic-false-hit,"Significance High-resolution imaging through atmospheric turbulence remains one of the central challenges in ground-based optical observation systems. Adaptive optics (AO) technology enables real-time measurement and compensation of wavefront distortions, allowing optical instruments to approach the diffraction limit even under strong disturbance conditions. However, modern applications such as long-exposure high-resolution astronomy, dynamic target tracking, and wide-field imaging pose increasingly stringent demands on AO systems. Traditional model-based approaches, which rely on linear control structures, simplified turbulence models, and idealized sensor behavior, often encounter performance bottlenecks when faced with nonlinearities, strong temporal fluctuations, measurement noise, and multi-source disturbances. Meanwhile, advances in data-driven modeling, machine learning, and computational imaging are reshaping the landscape of AO research. These trends motivate a systematic examination of data-driven AO methods across wavefront sensing, reconstruction, control, and post-processing, aiming to reveal how such approaches improve the robustness, accuracy, and generalizability of AO systems. This work summarizes the development trajectories and key innovations in data-driven high-resolution AO imaging technology, offering a comprehensive understanding of both the theoretical foundations and practical implementations. Progress In the area of wavefront sensing, the article reviews representative data-driven Shack-Hartmann wavefront sensing approaches, where deep convolutional neural networks are trained to predict Zernike phase coefficients directly from spot-pattern images. Compared with classical centroid-based methods, these end-to-end models significantly improve phase-estimation accuracy under low signal-to-noise ratio and strong spot distortion conditions. Furthermore, hybrid architectures combining deep learning with physical priors provide solutions that remain stable across varying turbulence strengths. These developments demonstrate that machine-learning-enhanced wavefront sensing is capable of addressing the nonlinear and noise-sensitive limitations of traditional measurement strategies. Examples of reconstructed slopes and model performance are illustrated in the figures. For disturbance identification, the team developed a spectrum-separation-based particle swarm optimization method for automated model identification. This technique separates closely spaced narrow-band disturbances more effectively than classical grid-search maximum-likelihood and Levenberg-Marquardt approaches. The method achieves more accurate frequency extraction and faster convergence, particularly in the presence of high-density vibration sources. In terms of wavefront control, the work summarizes advanced control structures suitable for small-and medium-aperture telescopes. A compensation-enhanced linear quadratic Gaussian (LQG) controller is constructed through a redesigned state-space framework. An adaptive compensation module is incorporated to increase stability margins and improve robustness against modeling uncertainties. Experimental results demonstrate substantial improvements in residual wavefront suppression compared with traditional integrator-based control, particularly at medium-and high-frequency disturbances. For high-order aberration correction, the study highlights the limitations of integer-frame delay models commonly used in AO.

To address this, a fractional-order delay observer (FODO) is proposed to more accurately represent system dynamics. In addition, an enhanced parabolic approximation method (EPAM) is introduced for optimal gain computation with reduced computational cost. Results confirm that the new framework achieves lower residual error and more stable temporal response than existing delay-compensation techniques. In image post-processing, the article summarizes how residual wavefront errors, mechanical vibration, and atmospheric scintillation continue to degrade AO-corrected imagery. Data-driven image restoration methods, including video super-resolution, are introduced to enhance both spatial resolution and temporal stability. These methods provide effective complements to real-time AO correction and demonstrate improved reconstruction quality on turbulence-affected astronomical sequences. Overall, the article provides a systematic review of data-driven techniques across wavefront sensing, disturbance modeling, control optimization, and image enhancement, integrating experimental validation and algorithmic comparison throughout. Conclusions and Prospects The study concludes that data-driven methods are becoming indispensable to the development of next-generation AO systems. By leveraging large volumes of experimental and simulated data, these approaches overcome limitations inherent to traditional model-based strategies, achieving higher accuracy in phase retrieval, improved disturbance identification, and more robust control under multi-source perturbations. The proposed spectrum-separation disturbance identification algorithm, compensation-enhanced LQG controller, FODO-based delay model, and EPAM-based gain computation collectively demonstrate the feasibility of constructing a high-performance AO framework that integrates robustness, accuracy, and real-time capability. Looking forward, several directions hold promise for advancing data-driven AO. First, integrating physical modeling with deep learning-through hybrid architectures or physics-informed neural networks-may further enhance generalization across varying turbulence layers and imaging conditions. Second, real-time implementation of data-driven controllers will benefit from hardware acceleration and lightweight model design. Third, unified frameworks that jointly optimize wavefront sensing, control, and post-processing could lead to end-to-end high-resolution imaging pipelines. Finally, broader benchmarking using standardized datasets and cross-platform comparisons will be crucial for assessing algorithmic effectiveness and promoting practical deployment. Collectively, these directions point toward a new generation of intelligent, reliable, and high-precision adaptive optics systems capable of supporting demanding astronomical and imaging applications.",wos,llm,0.990,unreviewed,
discarded,"Insight into the trade-off among economics, controllability, and resilience in pressure-swing distillation systems","Wang, Yu; Meng, Yifei; Liu, Shangzhi; Qi, Meng; Bai, Mingqi; Hu, Yeyao; Zheng, Yang; Sun, Hao; Cui, Chengtian",2026,CHEMICAL ENGINEERING RESEARCH & DESIGN,10.1016/j.cherd.2026.03.028,https://www.webofscience.com/wos/woscc/full-record/WOS:001750287700001,off-topic-false-hit,"Pressure-swing distillation (PSD) is an effective technique for separating azeotropes, yet it faces limitations due to high energy consumption and complex dynamic controllability. Heat integration (HI) enhances PSD's energy efficiency but diminishes control degrees of freedom (CDOF) and undermines process safety. This study adopts a resilience-based perspective to assess and enhance PSD control performance. Focusing on the partially heatintegrated PSD (PSD-PHI) system for methanol/acetone separation, rigorous simulations compare conventional (PSD-CONV) and heat-integrated alternatives with various control structures. Resilience is quantitatively evaluated via a previously developed framework, highlighting the impacts of process designs and controls. The PSD-CONV with independent pressure control shows superior resilience but the highest total annual cost (TAC). The economically favorable CS2 scheme, using pressure-compensated temperature control (PCTC), exhibits poor resilience from limited pressure deviation mitigation. Incorporating hot vapor bypass or auxiliary condenser boosts resilience to conventional levels while reducing energy use and TAC by 11-20%. Comprehensive trade-off analysis integrating economics, controllability, and resilience identifies CS5 as optimal for balanced performance and CS6 for stringent pressure stability. This resilience-integrated methodology supplements traditional economic-controllability assessments, providing a holistic framework for PSD. With industrial applicability, it enables chemical enterprises to achieve energy-efficient, safe distillation for low-carbon resilience.",wos,llm,0.990,unreviewed,
discarded,Pyrometallurgical Methods for Processing Lateritic Nickel Ores and Evaluation of Their Application for Processing Nickel Ores in Kazakhstan: A Review,"Shabanov, Yerbol; Zhumagaliyev, Yerlan; Zhunusov, Ablay; Jundibayev, Maulen; Orynbayev, Bauyrzhan; Seksenbayeva, Ayim; Adaibayeva, Rysgul",2026,APPLIED SCIENCES-BASEL,10.3390/app16073308,https://www.webofscience.com/wos/woscc/full-record/WOS:001738486100001,off-topic-false-hit,"The depletion of global reserves of high-quality sulfide nickel deposits, coupled with the steady growth of nickel demand, has led to increased interest in the processing of oxidized (lateritic) nickel ores, including deposits with significant resource potential in the Republic of Kazakhstan. This paper provides an overview of global nickel ore reserves and their distribution, as well as the major nickel deposits in Kazakhstan, which are primarily located in the Aktobe, East Kazakhstan, Kostanay, and Pavlodar regions. Pyrometallurgical processing routes for lateritic nickel ores are also considered. Conventional production technologies, including the Rotary Kiln-Electric Furnace (RKEF), Krupp-Renn process, blast furnace smelting, Vaniukov process, and ISASMELT process, are reviewed, and their process flow diagrams are presented. These methods typically process lateritic nickel ores containing more than 1.2% Ni, whereas Kazakhstan ores are characterized by lower nickel grades, generally in the range of 0.75-1.1%. The advantages and limitations of conventional processing routes are analyzed, and the factors limiting the effective beneficiation of lateritic nickel ores using traditional methods are identified. The present study substantiates the feasibility of producing nickel-containing alloys from lateritic nickel ores using a metallothermic reduction approach. This method is based on the reduction of nickel and iron oxides using metallic reductants, which enables more selective extraction of target components and the formation of alloys with controlled composition. Metallothermic reduction is of particular interest for the processing of low-grade lateritic ores, as it allows the production of nickel-containing alloys without prior beneficiation, at lower energy consumption, and with reduced sensitivity to variations in the chemical and mineralogical composition of the raw materials. Therefore, this approach is considered a promising direction for the processing of lateritic nickel ores in Kazakhstan.",wos,llm,1.000,unreviewed,
discarded,Equiflow: An open-source software package for evaluating changes in cohort composition,"Ellen, Jacob Gould; Fernandes, Chrystinne; Viola, Martin; Yap, Keagan; Jordan, Arinda; Kirabo, Mutesi Flavia; Matos, Joao; Moreira, Pedro; Celi, Leo Anthony",2026,PLOS DIGITAL HEALTH,10.1371/journal.pdig.0001342,https://www.webofscience.com/wos/woscc/full-record/WOS:001735524800001,off-topic-false-hit,"Clinical research studies routinely apply exclusion criteria and data preprocessing steps that can substantially alter dataset composition, potentially introducing hidden biases that affect validity and generalizability. This is particularly important in artificial intelligence/machine learning (AI/ML) studies where models learn patterns directly from training data. We developed Equiflow, an open-source Python package that automates creation of enhanced participant flow diagrams tracking both sample size and composition changes throughout studies. Equiflow quantifies distributional shifts at each exclusion step and generates visualizations showing how key clinical and demographic variables evolve during participant selection. In a case study of sepsis patients from the eICU database, sequential exclusions reduced the sample from 126,750-1,094 patients. Requiring non-missing troponin measurements in the final step of data processing caused substantial demographic shifts that would typically remain invisible in traditional reporting. By making compositional biases visible during cohort construction before modeling begins, Equiflow enables researchers to make informed decisions about analyses and acknowledge limitations in generalizability to their readers. This standardized, open-source approach promotes transparency in clinical research and supports development of more equitable clinical AI systems, addressing a critical need as healthcare increasingly relies on data-driven decision making.",wos,llm,0.990,unreviewed,
