status,title,authors,year,venue,doi,url,tags,abstract,provider,decision_source,llm_confidence,llm_review_outcome,llm_change_direction
discarded,Integrating Data Science into K-12 Education: A Spiral Curriculum Model,"Osula, Kairi; Laanpere, Mart",2026,"DIGITAL BUSINESS AND INTELLIGENT SYSTEMS, BALTIC DB&IS 2026",10.1007/978-3-032-30863-4_14,https://www.webofscience.com/wos/woscc/full-record/WOS:001826930300014,off-topic-false-hit,"Current approaches to teaching introductory data science in schools are often fragmented across subjects and grade levels. This paper proposes a spiral curriculum model for integrating data science elements into existing STEM courses in primary and secondary education. We discuss curriculum design principles and pedagogical conditions for effective implementation, including a concepts-first instructional design, differentiated task design, and collaborative interpretation of results. Drawing on interviews with teachers, we identify practical constraints and professional development needs. The proposed framework contributes a curriculum-level perspective to ongoing discussions on early data science education, bridging the gap between isolated classroom or extracurricular initiatives and a coherent K-12 learning architecture.",wos,llm,0.960,unreviewed,
kept,Bridging Computational Thinking skill gaps with ASSET and Mindspark CT,"Chandrashekhar, Ashwini; Singhania, Aditya Vikram",2025,"33RD INTERNATIONAL CONFERENCE ON COMPUTERS IN EDUCATION CONFERENCE PROCEEDINGS, ICCE 2025, VOL I",,https://www.webofscience.com/wos/woscc/full-record/WOS:001815114100031,supports-claim,"This paper analyses findings from the ASSET (Assessment of Scholastic Skills through Educational Testing) Computational Thinking (CT) extension, drawing on data from 8,994 Indian students (Grades 3-10). Despite recent reforms advocating CT in curricula, test scores mostly remain between 30% and 50% across four core domains-logical reasoning, pattern recognition, algorithmic thinking, and data interpretation. We spotlight four representative misconceptions that underscore the need for explicit, domain-focused instruction in Indian K-12. Furthermore, we introduce Mindspark CT, an interactive, theme-based program by Educational Initiatives that uses scaffolded puzzles, coding projects, and real-world data analysis to transform students from technology consumers into creators.",wos,llm,0.860,unreviewed,
discarded,Digital and Physical Educational Games: Children's Engagement and Problem-Solving Strategies in Early Childhood Education,"Jaanuska, Ljubov; Feklistova, Lidia; Koobas, Linda",2026,"DIGITAL BUSINESS AND INTELLIGENT SYSTEMS, BALTIC DB&IS 2026",10.1007/978-3-032-30863-4_7,https://www.webofscience.com/wos/woscc/full-record/WOS:001826930300007,adjacent-subtopic,"The rapid integration of digital tools in early childhood education necessitates a deeper understanding of their impact on cognitive development compared to traditional tools. This is particularly important in relation to foundational STEM competencies such as spatial reasoning, logical thinking, problem-solving, and computational thinking skills. This study compares children's engagement, problem-solving strategies, and time spent on tasks when interacting with educational games in digital and physical formats. Using a pre-experimental counterbalanced within-subject design with a non-probability sample, a comparative observational study was conducted with 20 preschool children (aged 6-7) in a kindergarten setting. Two types of puzzles were used: a grid-based connection game focusing on algorithmic thinking and a hexagonal spatial-visual puzzle. The results indicated that digital format of the games facilitated faster, more consistent solutions and encouraged independent trial-and-error strategy through immediate feedback of the medium. Conversely, physical paper-based format required more strategic planning, deeper concentration, fine motor skills, and supported social interaction. Digital format of the games promoted autonomy, while the physical format demanded greater cognitive persistence. These findings indicate that a balanced integration of both media is crucial in early childhood education to support development of foundational cognitive and learning skills alongside digital competence.",wos,llm,0.840,unreviewed,
discarded,Analysis and Comparative of the Academic Draft on Coding and Artificial Intelligence Education in Indonesia Primary and Secondary Schools,"Saputra, Riska; Karo-Karo, Adventhius Immanuel",2025,"33RD INTERNATIONAL CONFERENCE ON COMPUTERS IN EDUCATION CONFERENCE PROCEEDINGS, ICCE 2025, VOL I",,https://www.webofscience.com/wos/woscc/full-record/WOS:001815114100105,adjacent-subtopic,"This study evaluates Indonesia's 2025 Academic Draft on Coding and Artificial Intelligence (AI) Education for primary and secondary schools through a qualitative policy review. Using SWOT analysis, cross-national comparison with India, and benchmarking against UNESCO's AI Competency Framework (2024), the analysis highlights both philosophical strengths and operational weaknesses. The draft demonstrates strong alignment with national visions, alongside a flexible modular curriculum and early integration of coding and AI. It also places value on ethical awareness and computational thinking, showing potential to prepare students for a digital future. However, the findings reveal critical challenges in implementation. The draft lacks a phased roadmap, structured teacher competency framework, enforceable data ethics guidelines, and targeted strategies to reduce the digital divide in underserved ""3T"" regions. Comparative insights from India suggest that modular teacher training programmes, adaptive assessment systems, and public-private partnerships offer practical models Indonesia could adapt. The study concludes that while the draft presents a progressive vision, its success depends on translating ambition into actionable, context-sensitive policies. Strengthening teacher readiness, equity, and governance is essential to ensure inclusive and sustainable AI and coding education.",wos,llm,0.880,unreviewed,
discarded,"Effects of integrating image-GenAI with game-based learning and argumentation-based instruction on students' learning effectiveness, computational thinking skills, and metacognitive awareness","Lin, Ying-Chieh; Hsu, Ting-Chia",2025,"33RD INTERNATIONAL CONFERENCE ON COMPUTERS IN EDUCATION CONFERENCE PROCEEDINGS, ICCE 2025, VOL II",,https://www.webofscience.com/wos/woscc/full-record/WOS:001815994100033,adjacent-subtopic,"This study investigates a novel approach integrating image-based generative AI (GenAI), game-based learning (GBL), and argumentation-based instruction to enhance junior high school students' AI learning. Twenty-six students completed a two-day AI program combining lectures, hands-on activities, and a computational thinking (CT) board game with structured argumentation support. Results revealed significant gains in learning effectiveness, CT skills, and GenAI-related metacognition, demonstrating the approach's potential to foster higher-order thinking and computational competencies in AI education. As an exploratory study, the findings provide initial evidence and lay the groundwork for future large-scale investigations.",wos,llm,0.890,unreviewed,
discarded,Exploring Primary School Students' Perceptions of Educational Robotics for Motivation and Learning,"Zunic, Marina; Dlab, Martina Holenko; Stancin, Kristian; Hoic-Bozic, Natasa",2025,"33RD INTERNATIONAL CONFERENCE ON COMPUTERS IN EDUCATION CONFERENCE PROCEEDINGS, ICCE 2025, VOL II",,https://www.webofscience.com/wos/woscc/full-record/WOS:001815994100032,adjacent-subtopic,"Educational robotics can improve student engagement and learning, especially in STEM subjects, by combining hands-on tasks with real-world applications that promote intrinsic motivation and 21st century skills such as problem solving, collaboration and critical thinking. This study examines how primary school students perceive a robotics activity in which mBot robots are programmed to perform real-world tasks in a collaborative environment. To promote motivation, engagement and computational thinking, students' attitudes were examined using three theoretical models: the Motivation Model (MM), the Technology Acceptance Model (TAM) and the Value-based Adoption Model (VAM). Primary school students (N=45) aged 10 to 12 years participated in the study, including 19 girls and 25 boys, about half of whom had already had one year of experience in robotics. The results show high intrinsic motivation and satisfaction. Students found the activity fun, engaging and educationally valuable, although some noted that it was time and effort intensive. Nevertheless, most found the experience worthwhile and would recommend it to others. The results highlight the potential of well-designed robotics activities to promote motivation and support meaningful learning in primary education.",wos,llm,0.940,unreviewed,
discarded,A model of cyber thinking behaviour using experiential learning in robotics education,"Adnan, Noridayu; Abdullah, Siti Norul Huda Sheikh; Yusof, Raja Jamilah Raja; Zainal, Noor Faridatul Ainun; Yadegaridehkordi, Elaheh; Nayan, Nazrul Anuar",2026,COMPUTERS IN HUMAN BEHAVIOR REPORTS,10.1016/j.chbr.2026.101229,https://www.webofscience.com/wos/woscc/full-record/WOS:001848487100001,adjacent-subtopic,"STEM education is growing worldwide, but students often find it hard to engage with because the subjects seem complex. This study introduces a new model to develop students' computational and adversarial thinking skills through hands-on experiences (learning behaviour) and emotion management, based on the Matsuo-Nagata experiential learning approach. After verifying the model's components through focus group discussions with experts, 131 teachers were given a questionnaire to validate the developed model, supported by Partial Least Squares-Structural Equation Modelling analysis. A pilot test was conducted with approximately 116 students and 25 teachers. After expert reviews and surveys with teachers and students, the model, namely the Cyber Thinking Behavioural Model, was tested and comprises four key parts: expected and unexpected experiences, emotion management, cyber thinking, and computational reflection. It promotes learning through robot exploration, reflection, teamwork, curiosity, and problem-solving to suggest short-term cybersecurity skills. The results are consistent with the view that integrating experiential learning with cyber thinking (a combination of computational and adversarial thinking) significantly enhances students' readiness to face cyber-enabled challenges while making STEM learning more engaging and meaningful, positioning the Cyber Thinking Behavioural Model as a practical framework for embedding cybersecurity awareness into school robotics education.",wos,llm,0.830,unreviewed,
discarded,Repurposing Simple Educational Robots for Secondary Schools,"Zacek, Martin",2026,TECHTRENDS,10.1007/s11528-026-01216-y,https://www.webofscience.com/wos/woscc/full-record/WOS:001849939400001,adjacent-subtopic,"This practice-oriented paper presents three classroom-ready mathematics activities that repurpose simple educational robots - Bee-Bot, Ozobot, and Dot - for older learners and pre-service teachers. Rather than arguing that simple robots are inherently better than more sophisticated tools, the paper shows how instructional design, task structure, and teacher orchestration shape the motivational value of robotics in mathematics lessons. The article is grounded in professional literature on motivation, educational robotics, and mathematics learning, and it interprets the activities through a concise design lens centred on autonomy, competence, relatedness, self-efficacy, and gameful challenge. For each activity, the paper describes the instructional purpose, materials, classroom flow, typical misconceptions, scaffolds, and adaptation options. The contribution is practical rather than empirical: the paper offers transferable design principles and implementation guidance for practitioners who wish to integrate educational robotics into mathematics instruction in ways that are cognitively demanding, motivationally supportive, and feasible in ordinary school settings.",wos,llm,0.950,unreviewed,
kept,Towards a Code-Based Assessment of Computational Thinking Skills,"Alpizar-Chacon, Isaac; Monge-Fallas, Jorge; Esquivel-Vargas, Herson; Trejos-Zelaya, Ignacio; Gonzalez-Torres, Antonio; Sancho-Chavarria, Lilliana",2026,APPLIED SCIENCES-BASEL,10.3390/app16157400,https://www.webofscience.com/wos/woscc/full-record/WOS:001846614000001,supports-claim,"Featured Application The approach presented in this work can be applied in introductory programming courses to automatically extract structural evidence of students' computational thinking skills from submitted source code, supporting instructors with scalable, objective signals that complement other assessments and guide formative feedback.Abstract Computational thinking (CT) skills are central to higher-education programming, yet assessing them at scale is challenging. Automated source-code analysis is a promising path, but its validity at university level is still poorly understood. We examined how far code-based metrics can capture traces of two CT skills: abstraction and algorithmic thinking. In a controlled study, 44 students enrolled in a Data Structures course completed four programming exercises designed to elicit evidence of the two target computational thinking skills. Each submission was assessed using three independent sources: an automated score based on structural code metrics, a rubric-based score by experts, and a CT self-efficacy scale. The three sources were compared using Spearman correlations, quartile analyses, and qualitative inspection of fourteen concordant and divergent cases. At the per-student level, the three sources did not converge for either skill. Per-exercise, one converged with expert evaluation, while another showed that the sources captured distinct, complementary facets of the skill-an exercise-design effect. Qualitative cases reinforced this view, illustrating what each source reads: from structural shape to semantic correctness. Automated code-based assessment of CT can provide informative structural evidence, but works best as one element of a multi-source approach in which structural signals complement, rather than replace, expert evaluation.",wos,llm,0.840,unreviewed,
kept,"Fostering computational thinking through robotics in kindergarten: A systematic review of learning strategies, frameworks, and assessment","Tsingidou, Soultana; Sapounidis, Theodosios",2026,EDUCATIONAL RESEARCH REVIEW,10.1016/j.edurev.2026.100829,https://www.webofscience.com/wos/woscc/full-record/WOS:001845065900001,supports-claim,"Computational Thinking (CT) is considered a core 21st-century skill that should be developed early. Educational robotics has been introduced to kindergarten settings to foster the CT learning process. However, there is no systematic review documenting the learning strategies and CT frameworks employed for CT development in kindergarten through robotics. Similarly, there is no updated presentation of the examined CT skills at this level. Furthermore, there is no up-to-date systematic record and classification of the CT assessment tools used to measure CT skills specifically in the kindergarten context. The existing reviews of CT assessment examine broad educational settings ranging from kindergarten through higher education, and do not focus exclusively on educational robotics. Therefore, this systematic review analyses 53 out of 2306 studies published from 2015 to March 2026 across 7 databases, examining robot-mediated CT development in kindergarten. It explored the learning strategies, CT frameworks, CT skills, and assessment tools employed. Our findings indicate that problem-based learning, storytelling, and scaffolding are the most frequently employed strategies in robot-mediated CT learning. In the reviewed articles, four CT frameworks were identified, although most of the studies did not specify any framework. CT concepts and practices are most frequently examined, while CT perspectives remain underexplored. Total CT, sequencing, debugging, and algorithmic design are the most assessed CT skills. Regarding CT assessment tools, TechCheck-K is the most widely used, although in many cases, the assessment tools are developed ad hoc and lack formal validation.",wos,llm,0.980,unreviewed,
kept,Exploring the Generative Gateway to Computational Thinking (EGG Model): Reversing the Perspective from Outside-In to Inside-Out,"Mumcu, Filiz",2026,THINKING SKILLS AND CREATIVITY,10.1016/j.tsc.2026.102324,https://www.webofscience.com/wos/woscc/full-record/WOS:001844065800001,qualifies-claim,"The integration of computational thinking (CT) into science, technology, engineering, and mathematics (STEM) education is often approached through external interventions, including curricula, technological tools, and policy initiatives. This study examined how teachers interpret these contextual conditions and translate their understanding of CT into instructional practice. Using a Straussian grounded theory approach, one-to-one semi-structured interviews were conducted with 13 middle-school science, mathematics, and computer science (CS) teachers in T & uuml;rkiye. Data were analyzed iteratively through open, axial, and selective coding, as well as constant comparison. The analysis generated the Exploring the Generative Gateway to CT (EGG) Model, a context-specific substantive framework comprising three interconnected domains: external factors, internal factors, and learning-design factors. External factors included instructional, managerial, organizational, social, and technological contexts. Internal factors concerned teachers' awareness, pedagogical interpretations, emotions, commitment to self-development, and risk of professional stagnation. Learning-design factors comprised the competencies and professional development processes through which teachers designed, adapted, implemented, and assessed CT-integrated STEM activities. The findings indicate that external conditions enable, constrain, or redirect teachers' practice, while teachers' interpretations and learning-design competence shape how they respond to those conditions. Teachers sometimes adapted activities, sought resources, collaborated with colleagues, or pursued professional learning; however, these actions mitigated particular difficulties rather than eliminating structural barriers. Sustainable CT integration, therefore, requires complementary support for teachers' conceptual understanding and learning-design competence together with adequate curricular, institutional, collaborative, and technological conditions.",wos,llm,0.900,unreviewed,
discarded,Working memory predicts the collaborative performance of young children during pair programming,"Sung, Min Young; Hao, Xiaoxin; Geng, Fengji",2026,EUROPEAN JOURNAL OF PSYCHOLOGY OF EDUCATION,10.1007/s10212-026-01171-5,https://www.webofscience.com/wos/woscc/full-record/WOS:001844316000001,adjacent-subtopic,"Recently, the widespread use of computers to support collaborative learning has introduced a new challenge for children, as they coordinate their cognitive resources to interact simultaneously with both the computer and their peers. However, there are lack of studies to investigate whether individual cognitive ability, such as working memory, can predict computer-supported collaborative performance in a group. This study examined whether children's working memory predicts collaborative performance during pair programming and whether children's working memory and collaborative performance predict learning outcomes. Participants were 115 children aged 6-10 years. Children's working memory capacity and coding ability were assessed, and they engaged in pair programming lessons. All lessons were recorded, and the videos were analyzed using the collaborative performance assessment framework, focusing on attentional states, emotional states, and interactive behaviors. The results indicated that children's working memory significantly predicted collaborative performance in a pair programming environment through its interaction with their mate's working memory, including task-related attention and joint attention. Specifically, for children with higher working memory capacity, being paired with a mate who also had a high working memory capacity was associated with higher levels of task-related attention and joint attention. In addition, children's individual working memory capacity significantly and positively predicted neutral emotions. Furthermore, task-related attention and peer observation behaviors during pair programming were linked to fewer debugging behaviors. These findings suggest that collaborative performance is influenced by the interaction between children's working memory capacity and their mate's working memory capacity. Additionally, collaborative performance observed during pair programming appears to have an impact on learning outcomes. Accordingly, the current study suggests that grouping children based on their working memory capacity is important for enhancing collaborative performance in computer-based collaborative learning contexts such as pair programming.",wos,llm,0.950,unreviewed,
