status,title,authors,year,venue,doi,url,tags,abstract,provider,decision_source,llm_confidence,llm_review_outcome,llm_change_direction
discarded,Writing Reusable Code Feedback at Scale with Mixed-Initiative Program Synthesis,Andrew Head; Elena L. Glassman; Gustavo Soares; Ryo Suzuki; Lucas Figueredo; Loris D’Antoni; Björn Hartmann,2017,,10.1145/3051457.3051467,https://openalex.org/W2605403059,adjacent-subtopic,"In large introductory programming classes, teacher feedback on individual incorrect student submissions is often infeasible. Program synthesis techniques are capable of fixing student bugs and generating hints automatically, but they lack the deep domain knowledge of a teacher and can generate functionally correct but stylistically poor fixes. We introduce a mixed-initiative approach which combines teacher expertise with data-driven program synthesis techniques. We demonstrate our novel approach in two systems that use different interaction mechanisms. Our systems use program synthesis to learn bug-fixing code transformations and then cluster incorrect submissions by the transformations that correct them. The MistakeBrowser system learns transformations from examples of students fixing bugs in their own submissions. The FixPropagator system learns transformations from teachers fixing bugs in incorrect student submissions. Teachers can write feedback about a single submission or a cluster of submissions and propagate the feedback to all other submissions that can be fixed by the same transformation. Two studies suggest this approach helps teachers better understand student bugs and write reusable feedback that scales to a massive introductory programming classroom.",openalex,llm,0.890,unreviewed,
discarded,"A review of automated feedback systems for learners: Classification framework, challenges and opportunities",Galina Deeva; Daria Bogdanova; Estefanía Serral; Monique Snoeck; Jochen De Weerdt,2020,Computers & Education,10.1016/j.compedu.2020.104094,https://openalex.org/W3113108648,off-topic-false-hit,"Abstract Teacher feedback provided to learners in real-time is a crucial factor for their knowledge and skills acquisition. However, providing real-time feedback at an individual level is often infeasible, considering limited teaching resources. Fortunately, recent technological advancements have allowed for developing of various computer tutoring systems, which can support learners at any place and time by generating personalized feedback automatically. Such systems have emerged in various domains, tackle different educational tasks, and often are designed in very distinctive ways. Consequently, the knowledge in the field of automated feedback systems is rather scattered across different domains and applications, as we illustrate in this study. This paper aims to outline the state-of-the-art of recently developed systems for delivering automated feedback, and thus serves as a source of systematic information for educators, researchers in the educational domain and system developers. More specifically, the contribution of this study is twofold. Firstly, we offer an extensive literature review of the field. As a result of a rigorous selection process, consisting of 4 phases, a total of 109 automated feedback systems is selected for a detailed review and thoroughly classified against numerous dimensions. Secondly, based on a detailed analysis of the recent literature sources and following the design science research approach, a classification framework for automated feedback systems is developed. This framework is used to classify the selected systems, and thus give a detailed overview of the predominantly available educational technologies, the educational settings in which they are applied, the properties of automated feedback they deliver, and the approaches for their design and evaluation. Based on this analysis, several important observations and recommendations are put forward as an outcome of the study. In particular, our study outlines the current fragmentation of the field, discusses a need for a common reference framework, and calls for more personalized, data-driven and student-centered solutions to exploit a larger set of opportunities offered in this age of data.",openalex,llm,0.980,unreviewed,
discarded,An Investigation of Students’ Learning Achievement and Perception using Flipped Classroom in an Introductory Programming course: A Case Study of Thailand Higher Education,Jarutas Pattanaphanchai,2019,Journal of University Teaching and Learning Practice,10.53761/1.16.5.4,https://openalex.org/W4247932191,adjacent-subtopic,"Computer programming is a difficult subject for most novice programming students which leads to a high rate of dropout or failure. Flipped classrooms have been increasingly used to teach programming students to practice their programming skills in the class based on their knowledge acquired from outside the classroom. This study investigated students’ learning achievement which was measured by their performance on a coding test and an exam. We compared students’ programming test scores of the traditional classroom in semester 1 of the academic year 2016 with the flipped classroom in semester 1 in 2017. In addition, we studied students’ perception of flipped classrooms in a structured programming course. The population of this study consisted of 69 second-year students of the Information and Communication Technology programme in the Faculty of Science, Prince of Songkla University, Thailand. The research instrument for investigating students’ perception of flipped classrooms was a questionnaire. Students were positive in their perception of flipped classrooms and agreed that in-class activities improved their understanding of concepts. Moreover, students in the flipped classroom environment had a significantly higher test score compared to students in a traditional lecture class.",openalex,llm,0.940,unreviewed,
discarded,Our failing students,Judy Sheard; Dianne Hagan,1998,ACM SIGCSE Bulletin,10.1145/290320.283550,https://openalex.org/W3005353436,adjacent-subtopic,"The high failure and low retention rates of students in introductory programming courses are of growing concern.This study looks at a group of students who are repeating an introductory programing subject, exploring issues which may affect their learning and ultimate success. Comparisons are made with a group of new students undertaking the same subject.The students were surveyed in the middle and at the end of one semester. A profile of the students, focussing on their motivation for their course selection and commitment to this course, was established. Their opinions on the usefulness of their classes, various resources, tutorial work and assignment work were sought. The needs and concerns of these students, highlighted in the surveys, are discussed and suggestions are made for the establishment of a special learning environment for failing students.",openalex,llm,0.970,unreviewed,
kept,The design and implementation of a notional machine for teaching introductory programming,Michael J. Berry; Michael Kölling,2013,,10.1145/2532748.2532765,https://openalex.org/W2026930327,supports-claim,"Comprehension of programming and programs is known to be a difficult task for many beginning students, with many computing courses showing significant drop out and failure rates. In this paper, we present a new notional machine design and implementation to help with understanding of programming and its dynamics for beginning learners. The notional machine offers an abstraction of the physical machine designed for comprehension and learning purposes. We introduce the notional machine and describe an implementation in BlueJ.",openalex,llm,0.860,unreviewed,
discarded,A Multi-institutional Study of Peer Instruction in Introductory Computing,Leo Porter; Dennis Bouvier; Quintin Cutts; Scott Grissom; Cynthia Lee; Robert McCartney; Daniel Zingaro; Beth Simon,2016,,10.1145/2839509.2844642,https://openalex.org/W2280468526,adjacent-subtopic,"Peer Instruction (PI) is a student-centric pedagogy in which students move from the role of passive listeners to active participants in the classroom. Over the past five years, there have been a number of research articles regarding the value of PI in computer science. The present work adds to this body of knowledge by examining outcomes from seven introductory programming instructors: three novices to PI and four with a range of PI experience. Through common measurements of student perceptions, we provide evidence that introductory computing instructors can successfully implement PI in their classrooms. We find encouraging minimum (74%) and average (92%) levels of success as measured through student valuation of PI for their learning. This work also documents and hypothesizes reasons for comparatively poor survey results in one course, highlighting the importance of the choice of grading policy (participation vs. correctness) for new PI adopters.",openalex,llm,0.960,unreviewed,
discarded,Troubleshooters for Tasks of Introductory Programming MOOCs,Marina Lepp; Tauno Palts; Piret Luik; Kaspar Papli; Reelika Suviste; Merilin Säde; Kaspar Hollo; Vello Vaherpuu; Eno Tõnisson,2018,The International Review of Research in Open and Distributed Learning,10.19173/irrodl.v19i4.3639,https://openalex.org/W2893074683,adjacent-subtopic,"Learning programming has become more and more popular and organizing introductory massive open online courses (MOOCs) on programming can be one way to bring this education to the masses. While programming MOOCs usually use automated assessment to give feedback on the submitted code, the lack of understanding of certain aspects of the tasks and feedback given by the automated assessment system can be one persistent problem for many participants. This paper introduces troubleshooters, which are help systems, structured like decision trees, for giving hints and examples of certain aspects of the course tasks. The goal of this paper is to give an overview of usability (benefits and dangers) of, and the participants’ feedback on, using troubleshooters. Troubleshooters have been used from the year 2016 in two different programming MOOCs for adults in Estonia. These MOOCs are characterized by high completion rates (50–70%), which is unusual for MOOCs. Data is gathered from the learning analytics integrated into the troubleshooters’ environment, letters from the participants, questionnaires, and tasks conducted through the courses. As it was not compulsory to use troubleshooters, the results indicate that only 19.8% of the users did not use troubleshooters at all and 10% of the participants did not find troubleshooters helpful at all. The main difference that appeared is that the number of questions asked from the organizers about the programming tasks during the courses via helpdesk declined about 29%.",openalex,llm,0.910,unreviewed,
discarded,The Concept of Active Learning and the Measurement of Learning Outcomes: A Review of Research in Engineering Higher Education,Susanna Hartikainen; Heta Rintala; Laura Pylväs; Petri Nokelainen,2019,Education Sciences,10.3390/educsci9040276,https://openalex.org/W2991570219,off-topic-false-hit,"Active learning has gained growing political, instructional, and research interest. However, the definitions of active learning are wide. The learning outcomes related to it have been mostly positive but the measurement methods are not without problems. This review provides an overview of active learning, especially in the context of engineering higher education, by answering two research questions: (1) How is the concept of active learning defined and justified in engineering higher education research? (2) What are the learning outcomes connected to active learning and how is learning measured in engineering higher education research? Sixty-six empirical articles were analyzed inductively with qualitative content analysis. The analysis showed that active learning was defined in various ways, and in some articles, it was not defined at all. In addition, justification (theoretical or empirical) for the use of active learning was seldomly reported. Finally, the indicators used to measure the impact of active learning on students’ learning outcomes were mostly based on students’ self-report data and focused on course specific development in subject-related knowledge. More thorough descriptions and theoretical justifications, as well as the consideration of learning outcomes with appropriate research methods, could reinforce the transparency of empirical interventions and the application of active learning.",openalex,llm,0.990,unreviewed,
discarded,Exploring the Design Space of Automatically Synthesized Hints for Introductory Programming Assignments,Ryo Suzuki; Gustavo Soares; Elena L. Glassman; Andrew Head; Loris D’Antoni; Björn Hartmann,2017,,10.1145/3027063.3053187,https://openalex.org/W2611588359,adjacent-subtopic,"For massive programming classrooms, recent advances in program synthesis offer means to automatically grade and debug student submissions, and generate feedback at scale. A key challenge for synthesis-based autograders is how to design personalized feedback for students that is as effective as manual feedback given by teachers today. To understand the state of hint-giving practice, we analyzed 132 online Q&A posts and conducted a semi-structured interview with a teacher from a local massive programming class. We identified five types of teacher hints that can also be generated by program synthesis. These hints describe transformations, locations, data, behavior, and examples. We describe our implementation of three of these hint types. This work paves the way for future deployments of automatic, pedagogically-useful programming hints driven by program synthesis.",openalex,llm,0.900,unreviewed,
discarded,Designing a Generative AI-Powered Intelligent Tutoring System for Introductory Programming: A Teacher-Centered Requirement Analysis,"Henning, Mauricio; Ramos, Vinicius; Gracioli, Giovani; Cechinel, Cristian",2026,"PROCEEDINGS OF THE 20TH LATIN AMERICAN CONFERENCE ON LEARNING TECHNOLOGIES, LACLO 2025",10.1007/978-981-95-7580-0_18,https://www.webofscience.com/wos/woscc/full-record/WOS:001786472300018,adjacent-subtopic,"Introduction Programming courses continue to grapple with several pedagogical challenges, such as class size, variety of student prior experiences, and the necessity of timely, individualized feedback. Although Intelligent Tutoring Systems (ITS) have been targeted to solve them for some time, the rise of Generative Artificial Intelligence (GenAI) instruments prospective for transformation. But advanced systems such as these need to be designed based on educational stakeholders' expectations. In this paper we introduce a modular architecture of a GenAI-driven ITS that caters to the needs of both students and teachers for introductory programming. To validate and refine this framework we conducted a mixed-methods survey of programming teachers. The results indicate a high consensus regarding the desired features: teachers place valued emphasis in the ability of an ITS to auto grade questions, track learners' progress, and provide deep analytics of most common mistakes and engagement patterns. For students, the focus is on immediate, explainer feedback and guided hints. Specifically, concerns from instructors were identified as being incredibly substantial regarding GenAI in terms of student overuse and the possible ""hallucinations"" of AI-generated misconceptions. These results can be directly related to our proposed approach, highlighting the need of a separate teacher's interface for monitoring, and a strong pedagogical module, that enables to steer the GenAI to generate hints and not solutions. This teacher driven approach guarantees not only that the artifact is technologically advanced, but also pedagogically fit and meets an authentic educational need.",wos,llm,0.940,unreviewed,
kept,Surveying Upper-Secondary Teachers on Programming Misconceptions,"Chiodini, Luca; Bevilacqua, Joey; Hauswirth, Matthias",2025,"PROCEEDINGS OF THE ACM CONFERENCE ON INTERNATIONAL COMPUTING EDUCATION RESEARCH V. 1, ICER 2025",10.1145/3702652.3744227,https://www.webofscience.com/wos/woscc/full-record/WOS:001593084100013,supports-claim,"Background and Context Misconceptions in programming have been studied extensively, but most research focuses on uncovering and assessing misconceptions in students. When teachers are involved, it is usually only to elicit their perspective on misconceptions in their students. However, there is no guarantee that teachers do not hold misconceptions themselves. Detecting the possible presence of misconceptions in teachers is a crucial step for improving their content knowledge and pedagogical content knowledge, which benefits hundreds of students each year.

Objectives The study aims to answer the following research questions: Which programming misconceptions do teachers themselves hold? Are teachers aware of these misconceptions, do they observe them in their students, and do they consider them important? Are there differences in the teachers perspectives, depending on whether they hold misconceptions themselves? Which strategies do teachers employ to deal with the misconceptions in their students?

Method We conducted an extensive, 55-page-long survey of upper-secondary informatics teachers who teach programming in Python. The survey focused on 16 Python misconceptions reported in prior research that involve concepts covered in the teachers upper-secondary courses. The first part of the survey assessed whether the teachers held misconceptions, probing their knowledge with two related questions for each misconception and asking for mandatory explanations. The second part of the survey asked teachers whether they previously knew about the misconceptions, how prevalent they were in their students, how important they believe them to be, and how they could tell that their students hold the misconceptions.

Findings The number of teachers who gave incorrect answers on programming misconception questions varies considerably by misconception, ranging from 3 % to 40 %. Most teachers report being familiar with the misconceptions that were part of the study, consider them rather important, and have observed them at least once in their students. Teachers who answered correctly consistently rate misconceptions as more important and more prevalent among their students. Strategies to deal with the misconceptions include ways to prevent, detect, and fix them.

Implications When teachers hold misconceptions, all of their students can be affected. This study highlights the importance of professional development for teachers so that they can both correct their own misconceptions and recognize them in their students, ultimately leading to better programming education. Our results also caution computing education researchers against assuming that teachers are free from misconceptions. We recommend that future studies include an assessment of the participants knowledge, to ensure that findings are properly contextualized.",wos,llm,0.830,unreviewed,
kept,Students' Conceptions of Programming in the Context of Game Design,"Batur, Fatma; Brinda, Torsten",2022,"DIGITAL TRANSFORMATION OF EDUCATION AND LEARNING - PAST, PRESENT AND FUTURE, OCCE 2021",10.1007/978-3-030-97986-7_7,https://www.webofscience.com/wos/woscc/full-record/WOS:000791085000007,adjacent-subtopic,"Several attempts have been made to understand novice programmers' difficulties and misconceptions in introductory programming. Most studies in the field of students' conceptions of (object-oriented) programming have only focused on identifying (mis-)conceptions without including popular contexts like game design. Since digital games are an important part of students' everyday life, exploring students' conceptions of digital games and their programming may give some recognisable patterns which might be helpful for teaching. This paper presents a brief overview of an empirical qualitative pilot study with the aim to investigate undergraduate students' conceptions of (objectoriented) programming in the context of the game Tetris (R). For this study, we interviewed four students who were 19 to 21 years old, and analysed the transcripts using qualitative text analysis. Moreover, an online survey provided qualitative data from 25 participants. The first findings show that students' conceptions are based on the rules of the game, and first indications about influence factors could be found. As a result of these investigations, implications were made for the future main study.",wos,llm,0.690,unreviewed,
