status,title,authors,year,venue,doi,url,tags,abstract,provider,decision_source,llm_confidence,llm_review_outcome,llm_change_direction
discarded,Situated Learning with Bebras Tasklets,"Bellettini, Carlo; Lonati, Violetta; Monga, Mattia; Morpurgo, Anna; Palazzolo, Martina",2019,"INFORMATICS IN SCHOOLS: NEW IDEAS IN SCHOOL INFORMATICS, ISSEP 2019",10.1007/978-3-030-33759-9_18,https://www.webofscience.com/wos/woscc/full-record/WOS:000612998300018,adjacent-subtopic,"A Bebras short task, a tasklet, is designed to provide a source for exploring a computational thinking concept: at the end of the contest it could be used as a starting point to delve deeper into a computing topic. In this paper we report an experience which aims at taking full advantage of the potential of Bebras tasklets. A math teacher asked her pupils to act as Bebras ""trainers"" for younger mates. The pupils, in pairs, were assigned to design and prepare a tangible game inspired by a Bebras tasklet, devised for the younger pupils to practice. They also had to explain the game to the younger pupils, make them play and support them in solving it. In carrying out this assignment the pupils acting as trainers had to deeply explore the Bebras tasklet and face its computational thinking challenge, and also practiced soft skills as collaborating with peers towards a common goal, adapting language and communicative style to engage with younger mates, devising and designing a tangible object, and planning its creation. The experience proved that using Bebras tasklets as the social and cultural context for situated learning of computational thinking competencies is indeed quite productive.",wos,llm,0.860,unreviewed,
kept,Assessing Students' Computational Thinking in a Learning by Modeling Environment,"Zhang, Ningyu; Biswas, Gautam",2017,INTERNATIONAL CONFERENCE ON COMPUTATIONAL THINKING EDUCATION (CTE 2017),,https://www.webofscience.com/wos/woscc/full-record/WOS:000541029400003,supports-claim,"Researchers have hypothesized strong connections between Computational Thinking (CT) practices and STEM learning. However, there is a lack of consensus on what constitutes an adequate set of CT knowledge and skills. In this paper, we present an initial framework for evaluating students' CT learning. We introduce the primary CT concepts and practices that students can learn and apply in a learning by modeling environment. Our overall goal is to develop assessments that study the synergy between STEM and CT concepts in K-12 curricula. Towards this end, we discuss the results from a teacher-led classroom study we conducted on STEM- and CT-learning in our CTSiM environment.",wos,llm,0.910,unreviewed,
kept,What Makes Computational Thinking so Troublesome?,Arnold Pears; Matti Tedre; Teemu Valtonen; Henriikka Vartiainen,2021,2021 IEEE Frontiers in Education Conference (FIE),10.1109/FIE49875.2021.9637416,https://ieeexplore.ieee.org/document/9637416/,qualifies-claim,"This Research Full Paper addresses the definition and implementation of Computational Thinking (CT) in K-12 education. CT is the focus of ongoing debate about the future of computing in schools, and this poses a number of challenges. Early discussions on the topic were plagued by vague and all-encompassing definitions of the term, which raised awareness of a need for school learning focused on emerging computational systems and their impact on society and the lives of citizens, but failed to address what should actually be included in the revised curricula. As some of those issues have been addressed, a number of problems remain. This paper analyses some recent and future developments in the field of computing, and expands the discussion on the vexed question of the nature and limits of computational thinking. We ask whether the current mainstream literature and curriculum for CT is well positioned in terms of the future towards which computing is heading. We conclude by summarising the implications these questions have for the future development of K-12 curricula and teaching practices.",ieee,llm,0.970,unreviewed,
discarded,Teaching with the Machine: Designing AI&#x2010;Augmented Novices to Foster Critical Thinking and Computational Thinking in STEM Education,Vishal Misra; Christopher V.H.&#x2010;H. Chen; Adam Cannon,2026,Degrees of Change: What AI Means for Education and the Next Generation,10.1002/9781394413096.ch12,https://ieeexplore.ieee.org/document/11505670/,adjacent-subtopic,"Summary <p>This chapter explores two Columbia University case studies that show how AI can deepen student learning. The first case, in chemical engineering, introduces a deliberately flawed chatbot designed to mimic a confident but error&#x2010;prone student. By critiquing its answers, students practice one of the hardest skills to teach in engineering: critical thinking. The second case, in computer science, examines how generative AI in introductory programming courses changes learning objectives and pedagogical strategies. Together, these examples suggest a broader framework for AI&#x2010;augmented learning: using AI to promote critique, synthesis, and higher&#x2010;order reasoning rather than shortcuts. STEM education faces a particularly sharp dilemma. On the one hand, generative AI can instantly solve many traditional homework and exam problems, raising concerns about academic integrity and assessment validity. On the other hand, the very flaws of AI&#x2014;its tendency to hallucinate, confuse definitions, or overstate answers&#x2014;can be transformed into teaching opportunities.</p>",ieee,llm,0.960,unreviewed,
discarded,A Call for Computational Thinking in Undergraduate Psychology,Nicole D. Anderson,2016,Psychology Learning & Teaching,10.1177/1475725716659252,https://openalex.org/W2463232812,adjacent-subtopic,"Computational thinking is an approach to problem solving that is typically employed by computer programmers. The advantage of this approach is that solutions can be generated through algorithms that can be implemented as computer code. Although computational thinking has historically been a skill that is exclusively taught within computer science, there has been a more recent movement to introduce these skills within other disciplines. Psychology is an excellent example of a discipline that would benefit from computational thinking skills because of the nature of questions that are typically asked within the discipline. However, there has not been a formal curriculum proposed to teach computational thinking within psychology and the behavioural sciences. I will argue that computational thinking is a fundamental skill that can easily be introduced to psychology students throughout their undergraduate education. This would provide students with the skills necessary to become successful researchers, and would also provide a practical and marketable skill to all psychology graduates.",openalex,llm,0.840,unreviewed,
discarded,Computational Thinking in Primary School: An Examination of Abstraction and Decomposition in Different Age Groups,Wouter J. Rijke; Lars Bollen; Tessa H.S. Eysink; Jos Tolboom,2018,Informatics in Education,10.15388/infedu.2018.05,https://openalex.org/W2783971163,adjacent-subtopic,"Despite a growing effort to implement computational thinking (CT) skills in primary schools, little research is reported about what CT skills to teach at what age. Therefore, the research questions that guide this study read: (1) How is age related to students' success in computational thinking tasks? (2) How are computational thinking tasks perceived by students? (3) How do students' experience learning with respect to computational thinking? 200 primary school students between the age of 6 and 12 participated in this study. These students got introduced to two CT subjects: abstraction and decomposition. We found that age seems to be related with these concepts, with an interaction effect for gender in the abstraction task. No differences found between young and older students in the constructs perceived difficulty, cognitive load, and flow indicate that young primary school students can engage in learning these CT skills.",openalex,llm,0.930,unreviewed,
discarded,"Computational Thinking, Programming Self-Efficacy, Problem Solving and Experiences in the Programming Process Conducted with Robotic Activities",Hatice Yıldız Durak; Fatma Gizem Karaoğlan Yılmaz; Ramazan Yılmaz,2019,Contemporary Educational Technology,10.30935/cet.554493,https://openalex.org/W2939752954,adjacent-subtopic,"The purpose of this study was to determine the skill levels of secondary school students regarding computational thinking, programming self-efficacy and reflective thinking aimed at problem solving and examine their experiences in the programming training process on robotic activities. Toward this purpose, a 10-week application was conducted with 55 students from 6th and 7th grades who received education at a secondary school in Western Black Sea region of Turkey during the school year of 2017-2018. The study was conducted using the mixed model and various scales in the quantitative dimension. On the other hand, a semi-structured interview form developed by the researchers was applied in the qualitative dimension. As a result, it was found out that students’ computational thinking skills, programming self-efficacy and reflective thinking aimed at problem solving were moderate. Students’ levels of computational thinking and programming self-efficacy were observed to differ depending on their grade levels. In addition, a positive and moderate relationship was found among the levels of computational thinking, programming self-efficacy and reflective thinking aimed at problem solving.",openalex,llm,0.950,unreviewed,
discarded,STEM Outreach: Assessing Computational Thinking and Problem Solving,Joshua Weese; Russell Feldhausen,2018,,10.18260/1-2--28845,https://openalex.org/W2794355886,adjacent-subtopic,"The ever-growing popularity of computer science has fostered the need for computational thinking (CT), especially in K-12 education. Pedagogy that infuses CT, as well as reliable methods for assessing CT, remain open problems. In this paper, we describe a 5th-9th grade STEM outreach program. Classes on micro controllers and computer programming are presented. Data collected through a newly designed self-efficacy instrument is used to determine effectiveness of these curricula at improving confidence in CT and problem solving skills.",openalex,llm,0.930,unreviewed,
kept,Computational Thinking Processes and Their Congruence with Problem-Solving and Information Processing,Amelie Labusch; Birgit Eickelmann; Mario Vennemann,2019,,10.1007/978-981-13-6528-7_5,https://openalex.org/W2969145158,supports-claim,"Computational thinking is emerging as twenty-first century’s key competence, especially for today’s students as the new generation of digital learners. The acquisition of this competence requires in-depth knowledge in learning and computational thinking processes (Labusch & Eickelmann, 2017 ), both of which feature in various frameworks (e.g., Kong et al., 2017 ). Problem-solving theories can also be taken into account to obtain a more precise analysis of these processes since previous research has suggested a large degree of congruence between problem-solving and computational thinking (e.g., Yadav, Stephenson, & Hong, 2017 b; Wing, 2008 ). In this contribution, to analyze computational thinking processes, computational thinking will be first considered in a general problem-solving context and then in an information processing context. Research of this kind is of immense importance to pave the way for further computational thinking in schools. In this regard, the approach provides the theoretical grounding for a national extension (Labusch & Eickelmann, 2017 ) to the International Computer and Information Literacy Study 2018 (ICILS 2018) (Eickelmann, 2017 ; Fraillon, Schulz, Friedman, & Duckworth, 2019 ) which enables for the first time the cross-national measurement of student achievement in computational thinking. This contribution, therefore, serves as a theoretical basis for understanding computational thinking processes regarding problem-solving and cognitive information processing.",openalex,llm,0.810,unreviewed,
kept,Components and Methods of Evaluating Computational Thinking for Fostering Creative Problem-Solvers in Senior Primary School Education,Siu Cheung Kong,2019,,10.1007/978-981-13-6528-7_8,https://openalex.org/W2964431529,supports-claim,"The challenge of introducing Computation Thinking (CT) education to K-12 is how to evaluate learners’ CT development. This study used information from previous studies to identify essential components and methods for evaluation. A review of literature from 2010 onwards aimed to identify all studies related to CT evaluation to contribute to the development of appropriate evaluation components and methods for senior primary school education. To facilitate the design of a comprehensive evaluation approach, the CT framework of concepts, practices and perspectives developed by Brennan and Resnick ( 2012 ) was adopted in this study. This study has two highlights: (1) problem formulation is proposed to be included as a component of CT practices and (2) CT perspectives are refined to include computational identity and programming empowerment as components. CT concepts could be evaluated by test designs with multiple choice questions to identify students’ learning outcomes. CT practices could be evaluated by designing rubrics to rate programming projects and using test designs with task-based questions to identify learners’ learning outcomes. Finally, CT perspectives could be measured by designing survey instruments and administrating surveys to learners.",openalex,llm,0.990,unreviewed,
kept,Developing Computational Thinking Competencies through Constructivist Argumentation Learning: A Problem-Solving Perspective,Xin Pei Voon; Su Luan Wong; Lung-Hsiang Wong; Mas Nida Md. Khambari; Sharifah Intan Sharina Syed-Abdullah,2022,International Journal of Information and Education Technology,10.18178/ijiet.2022.12.6.1650,https://openalex.org/W4226523266,supports-claim,"Argumentation is a scientific literacy practice focused on developing scientific thinking skills associated with problem-solving. As computing has become an integral part of our world, computational thinking skills are requisite for successful problem-solving. The significant effect of computational thinking applications on the efficacy of scientific literacy practices is increasingly acknowledged. In this article, we propose a framework that conceptualizes the constructivist argumentation as a context for problem-solving by applying five computational thinking dimensions, viz. algorithmic design, decomposition, abstraction, evaluation, and generalization. The framework emphasizes two aspects, students’ problem-solving capability and quality of argumentation. Drawing from the literature on scientific argumentation and problem-solving, we argue that the application of computational thinking dimensions in science learning is currently overlooked in the instructional environment. To nurture higher order thinking skills and to engage effective problem-solvers, our framework incorporates four Computational Thinking-Argumentation design principles to support instructional innovation in the teaching and learning of science at the secondary school level, viz. 1) developing problem-solving competencies and building capability in solving uncertainties throughout scientific inquiry; 2) developing creative thinking and cooperativity through negotiation and evaluation; 3) developing algorithmic thinking in talking and writing; 4) developing critical thinking in the processes of abstraction and generalization.",openalex,llm,0.880,unreviewed,
discarded,Examples of Problem-Solving Strategies in Mathematics Education Supporting the Sustainability of 21st-Century Skills,Zsuzsanna Katalin Szabó; Péter Körtesi; Ján Gunčaga; Dalma Szabo; Ramona Neag,2020,Sustainability,10.3390/su122310113,https://openalex.org/W3109714552,off-topic-false-hit,"The overall aim of education is to train proactive, motivated, and independent citizens to face and overcome continuous challenges. Critical thinking—finding solutions to problems—is of primary importance in the 21st century to handle challenging situations and deal with obstacles in careers. A critical literature review approach was used to assess, critique, synthesizes, and expand the theoretical foundation of the topic. Teaching mathematical problem-solving is an efficient way to develop 21st-century skills and to give cross-curricular experiences with real-world meaning to learners. Concrete examples were presented to prove that Pólya’s heuristic could be used in a broader context to help learners acquire the modern skills needed to succeed in their careers. By including in the learning process and practicing specific methods for solving mathematical problems, students could learn a way of thinking to approach and solve problems successfully in a broader context in life. The paper’s outcome provides teachers and educators with methods, learning models, and strategies for developing 21st-century skills in students at all levels during classroom activities.",openalex,llm,0.980,unreviewed,
discarded,A Tangible Programming Tool for Children to Cultivate Computational Thinking,Danli Wang; Tingting Wang; Zhen Liu,2014,The Scientific World JOURNAL,10.1155/2014/428080,https://openalex.org/W2023924594,adjacent-subtopic,"Game and creation are activities which have good potential for computational thinking skills. In this paper we present T-Maze, an economical tangible programming tool for children aged 5-9 to build computer programs in maze games by placing wooden blocks. Through the use of computer vision technology, T-Maze provides a live programming interface with real-time graphical and voice feedback. We conducted a user study with 7 children using T-Maze to play two levels of maze-escape games and create their own mazes. The results show that T-Maze is not only easy to use, but also has the potential to help children cultivate computational thinking like abstraction, problem decomposition, and creativity.",openalex,llm,0.870,unreviewed,
discarded,Fostering computational thinking through collaborative game-based learning,Tommaso Turchi; Daniela Fogli; Alessio Malizia,2019,Multimedia Tools and Applications,10.1007/s11042-019-7229-9,https://openalex.org/W2911420183,adjacent-subtopic,"Algorithms are more and more pervading our everyday life: from automatic checkouts in supermarkets and e-banking to booking a flight online. Understanding an algorithmic solution to a problem is a very relevant activity to improve end-users’ involvement. To this end, adopting a meta-design approach may help to support end-users to appropriate the design skills necessary for contributing to system design, in new and engaging modalities. By acquiring Computational Thinking (CT) skills (e.g., algorithmic thinking, abstraction), end-users will be able to understand and trust algorithms, while at the same time participate in the design and development of systems evolving in accordance with their needs. In this work, we focus on two different ways of improving CT skills: playfulness and collaboration. We introduce a game-based system, TAPASPlay, to foster CT skills and we report the results of an exploratory study with 18 users; our hypothesis is that learning CT through gameplay is effective and we tested it by involving participants in game sessions providing playful experience and collaborative learning.",openalex,llm,0.850,unreviewed,
kept,Computational Thinking in the Primary Mathematics Classroom: a Systematic Review,Siri Krogh Nordby; Annette Hessen Bjerke; Louise Mifsud,2022,Digital Experiences in Mathematics Education,10.1007/s40751-022-00102-5,https://openalex.org/W4211028974,supports-claim,"Abstract Computational thinking (CT) has acquired the status of a necessary 21st-century skill and is currently being introduced in school curricula around the world, despite a lack of consensus about what it entails. The aims of this review are to provide an overview of the existing literature on CT activities in primary mathematics education, and to articulate how it is integrated into the teaching and learning of primary mathematics. This systematic review presents and analyses the findings of 10 empirical studies, revealing a recent increased focus on the inclusion of CT in primary mathematics classrooms, as most studies are published around 2020. Our findings indicate two categories of such activities, one focusing on skills (such as mainly sequencing, looping, conditionals, debugging, decomposition, and abstraction) and one on process-oriented activities (communication, creativity, exploration, and engagement). Furthermore, we found that, while there are studies reporting on mathematics being taught directly through CT activities (full integration), in most studies, the mathematics content was emphasised, with CT built in as a way for students to demonstrate their understanding of mathematics concepts (partial integration). This review identifies current gaps in the field and the need to investigate further such process-oriented activities, the use of these activities in accelerated mathematics, and the need for different methodological approaches in primary mathematics.",openalex,llm,0.990,unreviewed,
discarded,Facilitating Computational Thinking through Game Design,Min Lun Wu; Kari Richards,2011,Lecture notes in computer science,10.1007/978-3-642-23456-9_39,https://openalex.org/W109550013,adjacent-subtopic,,openalex,llm,0.610,unreviewed,
