status,title,authors,year,venue,doi,url,tags,abstract,provider,decision_source,llm_confidence,llm_review_outcome,llm_change_direction
discarded,Location consistency-a new memory model and cache consistency protocol,G.R. Gao; V. Sarkar,2000,IEEE Transactions on Computers,10.1109/12.868026,https://ieeexplore.ieee.org/document/868026/,off-topic-false-hit,"Existing memory models and cache consistency protocols assume the memory coherence property which requires that all processors observe the same ordering of write operations to the same location. In this paper, we address the problem of defining a memory model that does not rely on the memory coherence assumption and also the problem of designing a cache consistency protocol based on such a memory model. We define a new memory consistency model, called Location Consistency (LC), in which the state of a memory location is modeled as a partially ordered multiset (pomset) of write and synchronization operations. We prove that LC is strictly weaker than existing memory models, but is still equivalent to stronger models for the common case of parallel programs that have no data races. We also describe a new multiprocessor cache consistency protocol based on the LC memory model. We prove that this LC protocol obeys the LC memory model. The LC protocol does not need to enforce single write ownership of memory blocks. As a result, the LC protocol is simpler and more scalable than existing snooping and directory-based cache consistency protocols.",ieee,llm,1.000,unreviewed,
discarded,Research on self-adaptive learning system based on memory model,Peng Wang; Shaochun Zhong,2010,2010 2nd International Conference on Education Technology and Computer,10.1109/ICETC.2010.5529713,https://ieeexplore.ieee.org/document/5529713/,off-topic-false-hit,"This paper explores the forgotten rules of psychology into adaptive learning system to estimate the learner's learning situation of knowledge, and thus to provide a reference for the development of learning strategies. It also studies the application of data mining to establish student's memory model, based on which researchers raised an adaptive learning system and designed an implementation model.",ieee,llm,0.950,unreviewed,
discarded,Modern C,Jens Gustedt,2019,Modern C,,https://ieeexplore.ieee.org/document/10280363/,adjacent-subtopic,Modern C focuses on the new and unique features of modern C programming. The book is based on the latest C standards and offers an up-to-date perspective on this tried-and-true language.,ieee,llm,0.940,unreviewed,
discarded,A Deep Learning-based System for Detection At-Risk Students,Amira Bouamrane; Hafed Zarzour,2022,2022 4th International Conference on Pattern Analysis and Intelligent Systems (PAIS),10.1109/PAIS56586.2022.9946878,https://ieeexplore.ieee.org/document/9946878/,adjacent-subtopic,"The digital revolution has an impact on educational systems, which makes a significant shift from traditional education to e-learning. Nowadays, many universities throughout the world use e-learning platforms as part of their learning approach. One of such systems is Massive Open Online Courses (MOOCs), which has seen great success and an increase in the number of students who enrolled in such learning vision. However, this method of learning suffers from the problem of previous students'dropouts. In this paper, LSTM, GRU and BiLSTM are usedas deep learning techniques to develop an intelligent system that is able to detect at-risk students at early stages. We ran experiments using a Harvard dataset to assess the performance of the proposed method.",ieee,llm,0.980,unreviewed,
discarded,Using Semantic Web Technologies in a Web Based System for Personalized Learning AI Course,Foteini Grivokostopoulou; Isidoros Perikos; Ioannis Hatzilygeroudis,2014,2014 IEEE Sixth International Conference on Technology for Education,10.1109/T4E.2014.36,https://ieeexplore.ieee.org/document/7009584/,adjacent-subtopic,"Utilization of semantic web technologies in educational systems is rapidly expanded, bringing new and more efficient teaching and learning capabilities. Semantic Web Based Educational Systems (SWBEs) rely on semantic web technologies and are proved to be more intelligent and personalized to the students learning needs. In this paper, we present a semantic web based adaptive educational system that is developed to assist the students in learning the challenging subjects of the Artificial Intelligence course. The system utilizes ontologies to represent the domain of the course's curriculum and the student model. Also, the Semantic Web Rule Language (SWRL) rules are used for making decisions on the learning activities to propose to the student according to his/her profile and knowledge level. The evaluation results indicate quite promising performance regarding the system's learning capabilities and functionality.",ieee,llm,0.970,unreviewed,
discarded,Evaluation of Student Engagement using Deep Learning in E-learning Environment,Ishan Katoch; Manisha Kaushal; Tanu,2023,"2023 International Conference on Data Science, Agents & Artificial Intelligence (ICDSAAI)",10.1109/ICDSAAI59313.2023.10452535,https://ieeexplore.ieee.org/document/10452535/,adjacent-subtopic,"The world wide learning system has been profoundly affected by the COVID-19 pandemic, leading to millions of students unable to attend physical schools. As a response, educational institutions have rapidly adopted online learning platforms. However, ensuring student engagement during online lectures has been a major challenge. The sudden shift from offline to online learning has disrupted the sense of physical connection, affecting both students and teachers. To tackle this issue, we have compared and analysed various deep learning-based model such as Convolutional Neural Networks (CNNs), Long Short-Term Memory (LSTM), Vision Transformers (ViT), and DenseNet that assesses student engagement during virtual classes by analysing various features, including the student’s displayed emotions such as happiness, sadness, anger, and fear. This proposed methodology aims to enhance digital learning by helping educational institutions create more engaging and effective online learning experiences. This study highlights the superior performance of LSTM and DenseNet deep learning models in assessing student engagement during online classes, providing significant support for further developments in the e-learning environment.",ieee,llm,0.990,unreviewed,
discarded,Exploring student understanding of parallelism using concept maps,Greg Lammers; Cordelia M. Brown,2012,2012 Frontiers in Education Conference Proceedings,10.1109/FIE.2012.6462511,https://ieeexplore.ieee.org/document/6462511/,adjacent-subtopic,"This work explores the conceptual understanding attained by students in the area of parallel computing. Parallelism is continuing to grow as an important topic area in computer engineering and computer science. Even as it increases in popularity, only a limited amount of research has been done to determine how well students construct their knowledge of the field. This work aims to begin exploring the structure of parallel computing as understood by undergraduate computer engineering students. A small group of students was selected to create concept maps that illustrate their understanding. These maps have been used in many different areas of science and engineering. The maps were then analyzed and compared to a reference concept map developed by a group of computer engineering faculty. The results of this analysis revealed that students in this sample demonstrated a limited knowledge of parallelism and concurrency through the organization of their concept maps. The analysis of the concept maps also provides evidence that there is a moderate level of understanding of the challenges to implementing and controlling concurrency. However, the linkages created in the maps reveal students' misinterpretation of the goals of exploiting parallelism.",ieee,llm,0.900,unreviewed,
discarded,Deep Learning Based Student Engagement Detection Using Eye Tracking,Tabet Khaoula; Merzoug Soltane,2025,2025 IEEE International Multi-Conference on Smart Systems & Green Process (IMC-SSGP),10.1109/IMC-SSGP67001.2025.11474167,https://ieeexplore.ieee.org/document/11474167/,adjacent-subtopic,"In the context of education, eye contact plays a crucial role in assessing student engagement and attention. Intelligent tutoring systems and educational technologies can benefit from the ability to detect whether a student is looking at the screen or learning materials. In this study, we leverage eye-tracking data and deep learning techniques to detect student engagement. We propose a model that combines temporal sequence modeling and spatial feature extraction by integrating a pretrained convolutional neural network (VGG16) with a long short-term memory (LSTM) network. Experiments were conducted using a customized eye-tracking dataset specifically developed for gaze estimation tasks, to evaluate student interaction with learning materials. The results demonstrate high accuracy, high-lighting the effectiveness of the VGG16 and LSTM architectures for gaze-based engagement detection. This approach can enhance student monitoring and adaptive learning environments by providing more accurate assessments of engagement.",ieee,llm,0.990,unreviewed,
discarded,Academic Performance Analysis Supported by a Web-Based Visual Analytics Tool,Ronak Etemadpour; Yongcheng Zhu; Qizhi Zhao; Yilun Hu; Bohan Chen; Mohammed Asif Sharier; Shirong Zheng; Jose Gustavo S. Paiva,2019,2019 IEEE 19th International Conference on Advanced Learning Technologies (ICALT),10.1109/ICALT.2019.00059,https://ieeexplore.ieee.org/document/8820856/,adjacent-subtopic,"Understanding the academic performance of students in colleges is an essential topic in Education research field. Educators, program coordinators and professors are interested in understanding how students are learning specific topics, how specific topics may influence the learning of other topics, how students' grades/attendances in each course may represent important indicators to measure their performance, among other tasks. In this paper, we present a visual analytic tool that combines data visualization and machine learning techniques to perform some visual analysis of students' data from program courses. Using this tool, we visually analyzed the students' performance in some Computer Science program courses, and demonstrated that the results of such analysis will help the education experts to understand deficiencies on course structures.",ieee,llm,0.900,unreviewed,
kept,Implementing Interactive Programming Tutorials in Object-Oriented Programming Education,Brandon Dennis; Rita Kuo; Ramyaa Ramyaa,2023,2023 IEEE International Conference on Advanced Learning Technologies (ICALT),10.1109/ICALT58122.2023.00058,https://ieeexplore.ieee.org/document/10260802/,supports-claim,"With the rising popularity of Object-Oriented Programming (OOP) in both research and industry, it is important that computer science students be educated in the fundamentals of OOP and what it can be used for. However, OOP can be difficult for students to learn because of the complex interactions between objects and code. We believe that implementing a web-based programming tutorial system alongside traditional instruction may help students to better understand the fundamental principles of OOP and avoid common programming misconceptions.",ieee,llm,0.820,unreviewed,
discarded,AI-Powered Enhanced Student Performance Detection Using Deep Optimal Feature Engineering with LSTM Gated Hyper Capsuled Generative Adversarial Neural Network,Nisha Raveendran; N Vijayalakshmi,2025,"2025 International Conference on Information, Implementation, and Innovation in Technology (I2ITCON)",10.1109/I2ITCON65200.2025.11210685,https://ieeexplore.ieee.org/document/11210685/,adjacent-subtopic,"This paper introduces an AI method to detect student performance enhancements by implementing Deep Optimal Feature Engineering through LSTM Gated Hyper Capsuled Generative Adversarial Neural Network (LSTM-HCGAN). A research dataset about 2392 high school students incorporates demographic, academic, and behavioural measurement variables. Z-score Min-Max normalization acts as a preprocessing technique to normalize features while standardizing important metrics to achieve better model performance. Two methods support the feature engineering procedure: Student Concert Behavior Impact Margin Rate (SCBIR) and Spider Swarm Optimization Feature Selection (SSOFS) which help find the most important features to predict academic results. Predictive modeling occurs through LSTM-HCGAN which allocates Long Short-Term Memory (LSTM) networks to handle sequence modeling alongside Generative Adversarial Networks (GAN) to generate hyperfeatures. The proposed model outperforms other models by delivering an accuracy rate of 92% with a precision of 0.90 and recall of 0.88 and F1-score measurement of 0.91. These performance metrics surpass those of SVM (accuracy: 85%), Random Forest (accuracy: 87%) and Linear Regression (accuracy: 80%). Research data confirm that LSTM-HCGAN demonstrates excellent ability to forecast student academic outcomes which makes it valuable for educational predictive tasks.",ieee,llm,0.990,unreviewed,
discarded,An EEG Study of the Student's Confusion Using Deep Learning,Hadi Ammar; Hoda Shrara; Mohamad Nassereddine; Jamal Charara; Fatima Sbeity,2023,2023 Seventh International Conference on Advances in Biomedical Engineering (ICABME),10.1109/ICABME59496.2023.10293046,https://ieeexplore.ieee.org/document/10293046/,adjacent-subtopic,"The possibility of detecting the confused state of the students would help the instructors validate their teaching methods during the lecture. For this purpose, a wireless electroencephalography (EEG) machine known as the Emotiv EPOC+ was used to record the brain electrical signals of 12 students while presenting visual and audio-visual stimuli to create visual and audio-visual EEG datasets. Following that, convolutional neural network (CNN) and bidirectional long short-term memory (BLSTM) models were trained on both datasets to classify the EEG signals as originating from a confused or non-confused state. The test accuracies achieved by the CNN and BLSTM models trained on the audio-visual dataset were 92.68% and 82%, respectively. In addition, the CNN and BLSTM models achieved test accuracies of 94.25% and 79%, respectively, when trained on the visual dataset.",ieee,llm,0.980,unreviewed,
discarded,Design and Implementation of Deep Learning Algorithms for Automatic Grading of Student’s Essay,Aviraj Singh Bhatia; Lakshay Yadav,2025,"2025 International Conference on Engineering, Technology & Management (ICETM)",10.1109/ICETM63734.2025.11051991,https://ieeexplore.ieee.org/document/11051991/,adjacent-subtopic,"The paper introduces an advanced model to develop an automated deep learning system for evaluating essays, improving accuracy and efficiency by utilizing natural language processing techniques. Transformer-based models, which are effective in handling difficult language tasks, are used in the system. The system assesses various aspects of writing quality, including grammatical precision, coherence, argument strength, and content relevance, by training the model on a diverse dataset of student essays. This multifaceted grading strategy provides students with comprehensive feedback in addition to numerical grades, enabling them to enhance their writing abilities. The approach involves gathering data, preparing it for analysis, creating the model, and assessing it. A comprehensive dataset is selected from various sources, and the model is trained using deep learning frameworks and optimization techniques. With an accuracy of $83 \%$, this model proves to be highly efficient in grading essays. This development in education evaluation technology could significantly change the way students learn in academic environments.",ieee,llm,0.990,unreviewed,
kept,Novis: A Notional Machine Implementation for Teaching Introductory Programming,Michael Berry; Michael Kölling,2016,2016 International Conference on Learning and Teaching in Computing and Engineering (LaTICE),10.1109/LaTiCE.2016.5,https://ieeexplore.ieee.org/document/7743153/,supports-claim,"Comprehension of programming and programs is known to be a difficult task for many beginning students, with many computing courses showing significant drop out and failure rates. In this paper, we present a notional machine implementation, Novis, to help with understanding of programming and its dynamics for beginning learners. The notional machine offers an abstraction of the physical machine designed for comprehension and learning purposes. Novis provides a real-time visualisation of this notional machine, and is integrated into BlueJ.",ieee,llm,0.980,unreviewed,
kept,Student understanding of the C++ notional machine through traditional teaching with conceptual contraposition and program memory tracing,Jeisson Hidalgo-Céspedes; Gabriela Marín-Raventós; Vladimir Lara-Villagrán,2015,2015 Latin American Computing Conference (CLEI),10.1109/CLEI.2015.7360049,https://ieeexplore.ieee.org/document/7360049/,supports-claim,"In order to learn a programming language, a correct understanding of its notional machine is mandatory. Students acquire that comprehension mainly through visual and verbal explanations provided by professors, books, videos, and other instructional materials. This research applied the conceptual contraposition technique and program memory tracing technique to the prevalent teaching method in our country: the lecture. The understanding of the C++ notional machine was evaluated on students of a Programming II (CS2) course that implemented the mentioned methods. Results revealed that these techniques applied to the lecture are insufficient to help students develop satisfactory mental models of the C++ notional machine.",ieee,llm,0.890,unreviewed,
kept,Towards the Design of Notional Machines for Simple Block-Based Languages,J. Ángel Velázquez Iturbide,2021,2021 International Symposium on Computers in Education (SIIE),10.1109/SIIE53363.2021.9583645,https://ieeexplore.ieee.org/document/9583645/,supports-claim,"One of the distinct difficulties of learning to program is that programs have associated a dynamic behavior, which novices are unable to notice. Some authors have advocated for teaching explicitly conceptual models of language dynamics, called “notional machines”. Block-based languages exhibit some features that make their learning easier, but it is also recommendable to use models of the execution of their programs. Unfortunately, descriptions of these languages are scarce and incomplete. In this paper, we present the results of inquiring into the behavior of two simple block-based languages, namely Code.org and ScratchJr. As a future work, we plan to extend these behaviors to notional machines. Furthermore, the experience gained will allow addressing in the future more complex block-based languages, such as Scratch.",ieee,llm,0.980,unreviewed,
kept,"Extending the object-oriented notional machine notation with inheritance, polymorphism, and GUI events",Marin Aglić Čuvić; Josip Maras; Saša Mladenović,2017,"2017 40th International Convention on Information and Communication Technology, Electronics and Microelectronics (MIPRO)",10.23919/MIPRO.2017.7973530,https://ieeexplore.ieee.org/document/7973530/,supports-claim,"Learning to program is a challenging task. Novices need to have an accurate understanding of the program execution at the conceptual level provided by the programming language. This level of execution is often referred to as the notional machine, which is often easier to understand through program visualizations. Currently one of the most popular programming paradigms is object-oriented programming, which introduces a number of advanced concepts. In addition, in order to increase student engagement, teachers have started to introduce graphical user interface (GUI) applications into programming courses. This brings its own set of challenges, mostly related to a significantly larger number of application states, which are more difficult to keep track of. However, most existing programming visualizations do not cover all necessary concepts for teaching object-oriented programming, nor have they considered visualizing complex GUI applications. For this reason, we present our own concept of a visualization system that addresses these shortcomings. In this paper, we have: i) extended an existing notation for a notional machine to support learning of advanced objectoriented concepts inheritance and polymorphism; ii) presented our own concept of a visualization system that introduces the source code into the notional machine, thereby making the relationship between source code and the visual representation more concrete; and iii) proposed solutions for reducing the cognitive overload introduced by GUI applications.",ieee,llm,0.980,unreviewed,
