status,title,authors,year,venue,doi,url,tags,abstract,provider,decision_source,llm_confidence,llm_review_outcome,llm_change_direction
discarded,Examples of Applications for Connectivity and Causality Analysis,"Yang, Fan; Duan, Ping; Shah, Sirish L.; Chen, Tongwen",2014,CAPTURING CONNECTIVITY AND CAUSALITY IN COMPLEX INDUSTRIAL PROCESSES,10.1007/978-3-319-05380-6_2,https://www.webofscience.com/wos/woscc/full-record/WOS:000344917100003,off-topic-false-hit,"Connectivity and causality have a lot of potential applications, among which we focus on analysis and design of large-scale complex industrial processes. A direct application by establishing connectivity and causality is to build a topological model before parameter identification for complex industrial processes that areusually multi-input, multi-output systems with many internal closed loops. In abnormal situation management, process topology can be employed for root cause analysis, risk analysis, and consequential alarm identification using the information of fault propagation. These potential applications include both off-line analysis andon-line diagnosis. In addition, process topology can eventually be used in design of control structures because process topology determinesthe natural structure of the distributed plant-wide control.",wos,llm,0.980,unreviewed,
discarded,Physicians' Preferences for Asthma Guidelines Implementation,"Kang, Min-Koo; Kim, Byung-Keun; Kim, Tae-Wan; Kim, Sae-Hoon; Kang, Hye-Ryun; Park, Heung-Woo; Chang, Yoon-Seok; Kim, Sun-Sin; Min, Kyung-Up; Kim, You-Young; Chou, Sang-Heon",2010,ALLERGY ASTHMA & IMMUNOLOGY RESEARCH,10.4168/aair.2010.2.4.247,https://www.webofscience.com/wos/woscc/full-record/WOS:000291581400005,off-topic-false-hit,"Purpose: Patient care based on asthma guidelines is cost-effective and leads to improved treatment outcomes. However, ineffective implementation strategies interfere with the use of these recommendations in clinical practice. This study investigated physicians' preferences for asthma guidelines, including content, supporting evidence, learning strategies, format, and placement in the clinical workplace. Methods: We obtained information through a questionnaire survey. The questionnaire was distributed to physicians attending continuing medical education courses and sent to other physicians by airmail, e-mail, and facsimile. Results: A total of 183 physicians responded (male to female ratio, 2.3:1; mean age, 40.4 +/- 9.9 years); 89.9% of respondents were internists or pediatricians, and 51.7% were primary care physicians. Physicians preferred information that described asthma medications, classified the disease according to severity and level of control, and provided methods of evaluation/treatment/monitoring and management of acute exacerbation. The most effective strategies for encouraging the use of the guidelines were through continuing medical education and discussions with colleagues. Physicians required supporting evidence in the form of randomized controlled trials and expert consensus. They preferred that the guidelines be presented as algorithms or flow charts/flow diagrams on plastic sheets, pocket cards, or in electronic medical records. Conclusions: This study identified the items of the asthma guidelines preferred by physicians in Korea. Asthma guidelines with physicians' preferences would encourage their implementation in clinical practice.",wos,llm,1.000,unreviewed,
kept,Goto elimination strategies in the migration of legacy code to Java,"Ceccato, Mariano; Tonella, Paolo; Matteotti, Cristina",2008,CSMR 2008: 12TH EUROPEAN CONFERENCE ON SOFTWARE MAINTENANCE AND REENGINEERING,,https://www.webofscience.com/wos/woscc/full-record/WOS:000255507300006,qualifies-claim,"Legacy systems are often large and difficult to maintain, but rewriting them from scratch is usually not a viable option. Reenginering remains the only way to modernize them. We have been recently involved in a migration project aiming at porting an old, large (8 MLOC) legacy banking system to a modern architecture. The goal of the project is: (1) moving from an old, proprietary language to Java; (2) replacing ISAM indexed files with a relational database; (3) upgrading the character oriented interface to a modem GUI.

One of the steps in the migration process deals with the elimination of unstructured code (unconditional jumps such as GOTO statements). In this paper we present four alternative strategies for GOTO elimination that we evaluated in the project. Each has pros and cons, but when used in a real case, it turned out that one produced completely unreadable code, hence it was discarded. The final choice was a combination of the three remaining strategies.",wos,llm,0.930,unreviewed,
kept,Generalized structured programs and loop trees,"Maurer, Ward Douglas",2007,SCIENCE OF COMPUTER PROGRAMMING,10.1016/j.scico.2007.02.002,https://www.webofscience.com/wos/woscc/full-record/WOS:000248174100004,qualifies-claim,"Any directed graph, even a flow graph representing ""spaghetti code"", is shown here to have at least one loop tree, which is a structure of loops within loops in which no loops overlap. The nodes of the graph may be rearranged in such a way that, with respect to their new order, every edge proceeds in the forward direction except for the loopbacks. Here a loopback goes from somewhere in a loop L to the head of L. We refer to such a rearrangement as a generalized structured program, in which forward goto statements remain unrestricted. Like a min-heap or a max-heap, a loop tree has an array representation, without pointers; it may be constructed in time no worse than O(n(2)) for any program written in this fashion. A scalable version of this construction uses a label graph, whose only nodes are the labels of the given program. A graph has a unique loop tree if and only if it is reducible. (c) 2007 Elsevier B.V. All rights reserved.",wos,llm,0.940,unreviewed,
discarded,An algorithmic approach to the brain biopsy - Part II,"Prayson, Richard A.; Kleinschmidt-DeMasters, B. K.",2006,ARCHIVES OF PATHOLOGY & LABORATORY MEDICINE,,https://www.webofscience.com/wos/woscc/full-record/WOS:000241709100010,off-topic-false-hit,"Context.-The formulation of appropriate differential diagnoses for a slide is essential to the practice of surgical pathology but can be particularly challenging for residents and fellows. Algorithmic flow charts can help the less experienced pathologist to systematically consider all possible choices and eliminate incorrect diagnoses. They can assist pathologists-in-training in developing orderly, sequential, and logical thinking skills when confronting difficult cases.

Objective.-To present an algorithmic flow chart as an approach to formulating differential diagnoses for lesions seen in surgical neuropathology.

Design.-An algorithmic flow chart to be used in teaching residents.

Results.-Algorithms are not intended to be final diagnostic answers on any given case. Algorithms do not substitute for training received from experienced mentors nor do they substitute for comprehensive reading by trainees of reference textbooks. Algorithmic flow diagrams can, however, direct the viewer to the correct spot in reference texts for further in-depth reading once they hone down their diagnostic choices to a smaller number of entities. The best feature of algorithms is that they remind the user to consider all possibilities on each case, even if they can be quickly eliminated from further consideration.

Conclusions.-In Part II, we assist the resident in arriving at the correct diagnosis for neuropathologic lesions containing granulomatous inflammation, macrophages, or abnormal blood vessels.",wos,llm,0.990,unreviewed,
discarded,An algorithmic approach to the brain biopsy - Part I,"Kleinschmidt-DeMasters, B. K.; Prayson, Richard A.",2006,ARCHIVES OF PATHOLOGY & LABORATORY MEDICINE,,https://www.webofscience.com/wos/woscc/full-record/WOS:000241709100009,off-topic-false-hit,"Context.-The formulation of appropriate differential diagnoses for a slide is essential to the practice of surgical pathology but can be particularly challenging for residents and fellows. Algorithmic flow charts can help the less experienced pathologist to systematically consider all possible choices and eliminate incorrect diagnoses. They can assist pathologists-in-training in developing orderly, sequential, and logical thinking skills when confronting difficult cases.

Objective.-To present an algorithmic flow chart as an approach to formulating differential diagnoses for lesions seen in surgical neuropathology.

Design.-An algorithmic flow chart to be used in teaching residents.

Results.-Algorithms are not intended to be final diagnostic answers on any given case. Algorithms do not substitute for training received from experienced mentors nor do they substitute for comprehensive reading by trainees of reference textbooks. Algorithmic flow diagrams can, however, direct the viewer to the correct spot in reference texts for further in-depth reading once they hone down their diagnostic choices to a smaller number of entities. The best feature of algorithms is that they remind the user to consider all possibilities on each case, even if they can be quickly eliminated from further consideration.

Conclusions.-In Part 1, we assist the resident in learning how to handle brain biopsies in general and how to distinguish nonneoplastic lesions that mimic tumors from true neoplasms.",wos,llm,0.990,unreviewed,
kept,To use or not to use the goto statement: Programming styles viewed from Hoare Logic,"Kondoh, H; Futatsugi, K",2006,SCIENCE OF COMPUTER PROGRAMMING,10.1016/j.scico.2005.05.003,https://www.webofscience.com/wos/woscc/full-record/WOS:000235045800004,qualifies-claim,"There has been a vast amount of debate on the goto issue: i.e., the issue whether to use or not to use the goto statement initiated by Dijkstra in his famous Letter to the Editor of CACM and his proposal of 'Structured Programming'. However, except for the goto-less programming style by Mills based on theoretical results on the expressibility of control flow diagrams, there have hardly been any scientific accounts on this issue from Dijkstra's own viewpoint of the correctness of programs. In this work, we reconsider this seemingly old-tired issue from the viewpoint of Hoare Logic, the most well-known framework for correctness proof of programs. We show that, in two cases, the with-goto programming styles are more suitable for proving correctness in Hoare Logic than the corresponding without-goto ones; that is, in each of two cases, the without-goto style requires more complicated assertions in the proof-outline than the with-goto one. The first case is on the use of the goto statement for escaping from nested loops and the second case is on the use of the goto statement for expressing state transitions in programming through the finite state machine model. Hence, in both cases, the use of the goto statement can be justified from the viewpoint of the correctness proof in Hoare Logic. (c) 2005 Elsevier B.V. All rights reserved.",wos,llm,0.970,unreviewed,
discarded,Power flow diagrams using a bond graph library under simulink,"Geitner, Gert-Helge",2006,"IECON 2006 - 32ND ANNUAL CONFERENCE ON IEEE INDUSTRIAL ELECTRONICS, VOLS 1-11",,https://www.webofscience.com/wos/woscc/full-record/WOS:000245905002063,off-topic-false-hit,Simulink serves as quasi-standard for simulation and parametrization of control structures. To use it additionally for the simulation of power flow in technical systems a customizable add-on library with a small number of blocks for the graphical programming of Bond Graphs will be introduced in this paper. The paper summarizes most essential features of this add-on. Instructive examples demonstrate the use of this tool in the field of motion control and energy efficiency in power conversion.,wos,llm,0.990,unreviewed,
kept,Using hammock graphs to structure programs,"Zhang, F; D'Hollander, EH",2004,IEEE TRANSACTIONS ON SOFTWARE ENGINEERING,,https://www.webofscience.com/wos/woscc/full-record/WOS:000220740500003,supports-claim,"Advanced computer architectures rely mainly on compiler optimizations for parallelization, vectorization, and pipelining. Efficient code generation is based on a control dependence analysis to find the basic blocks and to determine the regions of control. However, unstructured branch statements, such as jumps and goto's, render the control flow analysis difficult, time-consuming, and result in poor code generation. Branches are part of many programming languages and occur in legacy and maintenance code as well as in assembler, intermediate languages, and byte code. A simple and effective technique is presented to convert unstructured branches into hammock graph control structures. Using three basic transformations, an equivalent program is obtained in which all control statements have a well-defined scope. In the interest of predication and branch prediction, the number of control variables has been minimized, thereby allowing a limited code replication. The correctness of the transformations has been proven using an axiomatic proof rule system. With respect to previous work, the algorithm is simpler and the branch conditions are less complex, making the program more readable and the code generation more efficient. Additionally, hammock graphs define single entry single exit regions and therefore allow localized optimizations. The restructuring method has been implemented into the parallelizing compiler FPT and allows to extract parallelism in unstructured programs. The use of hammock graph transformations in other application areas such as vectorization, decompilation, and assembly program restructuring is also demonstrated.",wos,llm,0.950,unreviewed,
discarded,Concretising the programming task: a case study in a secondary school,"Lavonen, JM; Meisalo, VP; Lattu, M; Sutinen, E",2003,COMPUTERS & EDUCATION,,https://www.webofscience.com/wos/woscc/full-record/WOS:000180717700002,adjacent-subtopic,"Empirica Control (EC) is a visual programming platform designed primarily for technology education. Students can use ECs visual tools to construct programs for controlling technological processes or systems, as well as to show graphical representation of program functions on a control flow diagram (flowchart). This means that EC is also a useful tool in learning, programming. EC unifies flow diagrams with concrete semantics: each program structure corresponds to a factual-event in the learner's physical environment, not just as a visual representation on the screen. A teaching experiment for 34 eighth grade (14 years old) students using EC in a learning environment was intended-to promote active, co-operative, and problem-centred learning. The data were gathered by teacher interview, observations during a teaching experiment, a questionnaire with a Likert scale instrument, and a test with open tasks. The results indicate that control technology, as implemented in EC, serves as a useful tool for learning principal elements of programming, like control structures, with minimal teaching effort. However, for more complex structures, teacher intervention is clearly required to achieve advanced outcomes. Thus, EC has suggested an important subject for further research: approaching the balance between, student-centred exploration and teacher-guided instruction in learning environments. (C) 2002 Elsevier Science Ltd. All rights reserved.",wos,llm,0.750,unreviewed,
discarded,A systems approach to system closure in integrated newsprint mills,"Paris, J",2000,PULP & PAPER-CANADA,,https://www.webofscience.com/wos/woscc/full-record/WOS:000087493500006,off-topic-false-hit,"The stepwise development of system closure strategies in newsprint mill, is analyzed using a novel method for the hierarchical development of process flow diagrams. Recent work on paper machine modeling, mill experimentation, validation of simulations, networks analysis and dynamic characterization is reviewed. Closure strategies of process; and non-process networks which have been developed for or tested in actual mills are discussed. The needs for R&D work on contaminant-specific distributed extraction techniques and on the establishment of mill-validated contaminant concentration thresholds are examined.",wos,llm,0.990,unreviewed,
discarded,Diagrammatic control of diagrammatic structure generation,"Gruner, S; Kurt, M",2000,"THEORY AND APPLICATION OF DIAGRAMS, PROCEEDINGS",,https://www.webofscience.com/wos/woscc/full-record/WOS:000174950500029,adjacent-subtopic,"Labeled graphs are a subclass of the class of all diagrams which are widely used in various disciplines. In consequence, graph grammars have been developed as powerful and intuitive means for the generation and manipulation of such kind of diagrams. As the operations of graph grammars are local and non-deterministic in principle, additional concepts of control are required. While textual control structures for the application of graph grammars are well-known already, more intuitive diagrammatic control mechanisms are still missing. We use a combination of the UML Activity Diagrams and the earlier Dijkstra Schemas for this purpose. We present a control flow editor which the user can use to build up diagrammatic control structures for the execution of graph-grammatical diagram constructions. The control flow diagrams axe interpreted and animated such that the the user can observe an automatic diagram construction running along the specified control flow diagram.",wos,llm,0.820,unreviewed,
discarded,"Knowledge representation and communication: Imparting current state, information flow to CPR stakeholders","de la Cruz, NB; Spiece, LJ",2000,JOURNAL OF THE AMERICAN MEDICAL INFORMATICS ASSOCIATION,,https://www.webofscience.com/wos/woscc/full-record/WOS:000170207500241,off-topic-false-hit,"Understanding and communicating.-the who, what, where, when, why, and how of the clinics and services for which the computerized patient record (CPR) will be built is an integral part of the implementation process. Formal methodologies have been developed to diagram information flow - flow charts; state-transition diagram (STDs), data flow diagrams (DFDs). For documentation of the processes at our ambulatory CPR pilot site, flowcharting was selected as the preferred method based upon its versatility and understandability.",wos,llm,0.990,unreviewed,
discarded,LAYOUT ADJUSTMENT AND THE MENTAL MAP,"MISUE, K; EADES, P; LAI, W; SUGIYAMA, K",1995,JOURNAL OF VISUAL LANGUAGES AND COMPUTING,,https://www.webofscience.com/wos/woscc/full-record/WOS:A1995RQ39400004,off-topic-false-hit,"Many models in software and information engineering use graph representations; examples are data flow diagrams, state transition diagrams, flow charts, PERT charts, organization charts, Petri nets and entity-relationship diagrams. The usefulness of these graph representations depends on the quality of the layout of the graphs. Automatic graph layout, which can release humans from graph drawing, is now available in several visualization systems.

Most automatic layout facilities take a purely combinatorial description of a graph and produce a layout of the graph; these methods are called 'layout creation' methods. For interactive systems, another kind of layout is needed: a facility which can adjust a layout after a change is made by the user or by the application. Although layout adjustment is essential in interactive systems, most existing layout algorithms are designed for layout creation. The use of a layout creation method for layout adjustment may totally rearrange the layout and thus destroy the user's 'mental map' of the diagram; thus a set of layout adjustment methods, separate from layout creation methods, is needed.

This paper discusses some layout adjustment methods and the preservation of the 'mental map' of the diagram. First, several models are proposed to make the concept of 'mental map' more precise. Then two kinds of layout adjustments are described. One is an algorithm for rearranging a diagram to avoid overlapping nodes, and the other is a method aimed at changing the focus of interest of the user without destroying the mental map. Next, some experience with visualization systems in which the techniques have been employed is also described.",wos,llm,0.980,unreviewed,
kept,FLOW DIAGRAMS TURING MACHINES AND LANGUAGES WITH ONLY 2 FORMATION RULES,"BOHM, C; JACOPINI, G",1966,COMMUNICATIONS OF THE ACM,,https://www.webofscience.com/wos/woscc/full-record/WOS:A19667682400021,supports-claim,,wos,llm,0.990,unreviewed,
discarded,Power Flow Diagrams Using a Bond Graph Library under Simulink,Gert-Helge Geitner,2006,IECON 2006 - 32nd Annual Conference on IEEE Industrial Electronics,10.1109/IECON.2006.347232,https://ieeexplore.ieee.org/document/4153059/,off-topic-false-hit,Simulink serves as quasi-standard for simulation and parametrization of control structures. To use it additionally for the simulation of power flow in technical systems a customizable add-on library with a small number of blocks for the graphical programming of bond graphs will be introduced in this paper. The paper summarizes most essential features of this add-on. Instructive examples demonstrate the use of this tool in the field of motion control and energy efficiency in power conversion,ieee,llm,0.990,unreviewed,
