status,title,authors,year,venue,doi,url,tags,abstract,provider,decision_source,llm_confidence,llm_review_outcome,llm_change_direction
discarded,Tracing the Evolution of Teachers' Debugging Pedagogies: An Interconnected Model of Teacher Professional Learning,"Nixon, Jessie; Bhaduri, Srinjita; Shehzad, Umar; Recker, Mimi",2026,JOURNAL OF SCIENCE EDUCATION AND TECHNOLOGY,10.1007/s10956-026-10350-4,https://www.webofscience.com/wos/woscc/full-record/WOS:001813034500001,adjacent-subtopic,"As science classrooms increasingly adopt computational tools to support inquiry-based learning, teachers must develop new instructional strategies to help students navigate the technical challenges that invariably arise, particularly debugging programmable sensors. This paper presents four case studies of secondary science teachers as they developed their ""debugging pedagogies""-a repertoire of strategies to support students as they debugged a programmable sensor technology-through participation in two year-long professional learning cycles. Using the lens of the Interconnected Model of Teacher Professional Growth, we analyze shifts across personal, practical, consequential, and external domains of teacher learning. Data sources include videos of teachers' workshops activities and classroom enactments, interviews, and surveys. Analyses examine how teachers' debugging pedagogies evolved through cycles of collaborative learning, reflection, and classroom enactments. While all teachers demonstrated increased confidence and responsiveness in supporting students' debugging efforts, contextual factors, such as curriculum constraints and class size, shaped how their beliefs about how much to let students struggle during debugging translated into classroom practice. This work contributes to the field of science education by extending a model for designing professional learning to support both technical skill development and pedagogical growth in computationally rich classrooms.",wos,llm,0.880,unreviewed,
discarded,SnapClass: An AI-Enhanced Classroom Management System for Block-Based Programming,"Riahi, Bahare; Tian, Xiaoyi; Limke, Ally; Storozhevykh, Viktoriia; Catete, Veronica; Barnes, Tiffany; Lytle, Nicholas; Singh, Khushbu",2025,"2025 IEEE SYMPOSIUM ON VISUAL LANGUAGES AND HUMAN-CENTRIC COMPUTING, VL/HCC",10.1109/VL-HCC65237.2025.00072,https://www.webofscience.com/wos/woscc/full-record/WOS:001794469000061,adjacent-subtopic,"Block-Based Programming (BBP) platforms, such as Snap!, have become increasingly prominent in K-12 computer science education due to their ability to simplify programming concepts and foster computational thinking from an early age. While these platforms engage students through visual and gamified interfaces, teachers often face challenges in using them effectively and finding all the necessary features for classroom management. To address these challenges, we introduce SnapClass, a classroom management system integrated within the Snap! programming environment. SnapClass was iteratively developed drawing on established research about the pedagogical and logistical challenges teachers encounter in computing classrooms. Specifically, SnapClass allows educators to create and customize block-based coding assignments based on student skill levels, implement rubric-based auto-grading, and access student code history and recovery features. It also supports monitoring student engagement and idle time, and includes a help dashboard with a ""raise hand"" feature to assist students in real time. This paper describes the design and key features of SnapClass those are developed and those are under progress.",wos,llm,0.880,unreviewed,
discarded,Early Childhood Computational Thinking through Tangible Floor-Robot Programming in an eTwinning Community of Practice,"Foti, Paraskevi; Bratitsis, Tharrenos",2026,ELECTRONIC JOURNAL OF E-LEARNING,10.34190/ejel.24.3.4601,https://www.webofscience.com/wos/woscc/full-record/WOS:001809676600001,adjacent-subtopic,"This study explores how early-years teachers evaluate and implement Computational Thinking (CT) through tangible floor-robot activities within an eTwinning Community of Practice (CoP), with attention to gender-related participation patterns. Although CT is increasingly recognised as an essential dimension of Early Childhood Education (ECE-referring to ages 4-6 according to the Greek Education System), there is still limited empirical evidence on how teachers transform CT concepts into developmentally appropriate practice and how gender may shape children's engagement in such activities. Addressing these gaps, the study focuses on teachers' evaluations and classroom implementation of CT, their experiences with tangible programming tasks, and their perceptions of gender-related patterns in participation, support needs, and CT performance. The research was conducted over a 24-week asynchronous professional-learning programme hosted on Moodle and involved one national cohort of Greek early-years educators (N = 473). During the professional-learning programme, participants engaged in weekly STEAM-oriented CT activities and collaboratively designed classroom learning scenarios using floor robots (e.g., Bee-Bot). Survey instruments captured teachers' perceptions of CT, educational robotics, STEAM pedagogy, and gender-related classroom observations, while focus-group discussions provided complementary insights into classroom enactment. Following a DBR-informed exploratory mixed-methods approach, the research combined iterative engagement in the CoP with descriptive analysis of survey and focus-group data to identify patterns in teachers' experiences and reported classroom practices. Findings indicate consistently high levels of participation for both girls and boys, with only small gender differences. Boys appeared slightly more often in the highest engagement band but were also more likely to require ongoing support, whereas girls were more frequently described as working independently and showed a modest descriptive advantage in problem solving, sequencing, and simple algorithm design. In addition, the learning scenarios were rated as useful or very useful for cultivating CT and for fostering collaboration, communication, and problem solving in early-years classrooms. Qualitative findings identified three design features as particularly effective in supporting children's engagement: explicit sequencing supports, structured testing and debugging cycles, and the use of cooperative roles. Taken together, these findings underpin a set of practical learning-design principles for implementing CT through floor-robot activities in early childhood. More broadly, the research illustrates how an online CoP can support the adaptation of CT-focused designs into everyday classroom practice. It also contributes to e-learning research by illustrating how developmentally appropriate robotics activities within a Community of Practice may support equitable opportunities for young children to engage with foundational CT practices from the earliest years of schooling.",wos,llm,0.820,unreviewed,
discarded,Enhancing programming learning with the peer-adaptive-clustering learning approach in virtual learning environments,"Chang, Jui-Hung; Zhong, Hua-Xu; Lai, Chin-Feng",2026,ETR&D-EDUCATIONAL TECHNOLOGY RESEARCH AND DEVELOPMENT,10.1007/s11423-026-10645-8,https://www.webofscience.com/wos/woscc/full-record/WOS:001807372600001,adjacent-subtopic,"The acquisition of programming skills is instrumental in the development of computational thinking while also fostering abilities like collaboration and creativity. Collaborative learning has been examined as one possible approach to support student engagement and learning in programming education. However, to fully realize its potential, effective implementation of collaborative learning relies on appropriate grouping strategies to enhance learning achievement. Among these strategies, differentiated grouping based on learner characteristics is considered a key method for promoting more effective collaboration. The study proposed the Peer-Adaptive-Clustering Learning Approach (PAC-Learning Approach) in a virtual environment. It was compared to traditional methods to evaluate its effect on learning achievement, perceived computational thinking (CT) skills, and design thinking dispositions. A quasi-experimental study was conducted with 66 computer science students from a national university in Taiwan, with 35 students in the experimental group adopting the PAC-Learning Approach and 31 students in the control group following a traditional peer-adaptive learning approach. The experimental results indicate that an effective collaborative learning grouping strategy was developed, revealing four different clustering methods. The findings reveal that the PAC-Learning Approach offers a significant pedagogical advantage over traditional instructional methods, as it not only significantly improves students' post-test scores but also significantly enhances their design thinking dispositions. This study confirms the effectiveness of the PAC learning approach in enhancing both college students' learning achievement and design thinking dispositions, providing evidence for its utility in supporting programming courses.",wos,llm,0.890,unreviewed,
discarded,How tutors scaffold learning during puzzle game play,"Anderson, Craig G.; Carpenter, Zack; Hussein, Basel; Salehi, Shima; DeLiema, David",2026,ETR&D-EDUCATIONAL TECHNOLOGY RESEARCH AND DEVELOPMENT,10.1007/s11423-026-10658-3,https://www.webofscience.com/wos/woscc/full-record/WOS:001806212600001,off-topic-false-hit,"External scaffolding is often provided to students before, during, and after playing video games in the classroom. Although assistance is often reportedly offered when students encounter difficulties while playing, the nature and impact of this in-game scaffolding remains understudied. To begin addressing this gap, we conducted two studies exploring (1) how tutors naturally provide scaffolding to players during a puzzle game and (2) comparing those approaches with a structured method designed to encourage autonomy and exploration: a guidebook for delivering hints in game-based learning environments. Our observations revealed distinct patterns in tutors' natural scaffolding styles. Among the four tutors observed, two primarily offered hints about the game's mechanics, while the other two focused on giving hints regarding the players' strategies for completing puzzles. Notably, tutors in our sample tended to over-scaffold by providing hints before players explicitly indicated they were stuck, interrupting their play. These varied approaches most often left players remaining stuck or led them to explore parts of the puzzle unrelated to the guidance. These patterns highlight variations in the timing and manner of hint delivery, the effects of such interventions, and suggest potential over-scaffolding that may hinder players' independent problem-solving. In contrast, players who were supported by a tutor trained with the guidebook more frequently continued to explore after getting stuck, progressed further on average, and required fewer interventions overall. Together, these studies underscore the importance of carefully examining how tutors scaffold gameplay, suggesting that promoting player autonomy and exploration benefits both learners and tutors alike.",wos,llm,0.960,unreviewed,
discarded,Understanding multiple pathways to computational thinking: Emotional trajectories and interaction patterns in pre-service teacher education,"Suksai, Luckhana; Kwangmuang, Parama",2026,COMPUTERS IN HUMAN BEHAVIOR REPORTS,10.1016/j.chbr.2026.101171,https://www.webofscience.com/wos/woscc/full-record/WOS:001801055200001,adjacent-subtopic,"Pre-service teachers entering computer education programs often possess adequate computational skills yet struggle to transform this technical knowledge into effective classroom pedagogy. This exploratory mixed-methods study examined how cognitive, affective, and behavioral processes co-evolve during computational thinking (CT) development in a Thai pre-service teacher education context, addressing three research questions: (1) what emotional trajectories characterize CT development during an 8-week flipped classroom intervention; (2) how do self-efficacy, cognitive load, and anxiety interact to shape CT outcomes; and (3) what HCI patterns distinguish successful from struggling learners. We tracked 30 s-year Computer Education pre-service teachers at a regional Thai university, collecting 240 weekly psychological self-reports, 18 phenomenological interviews, continuous LMS analytics, 180 screen-recorded problem-solving sessions, and social network analysis of 847 forum posts. Three emotional trajectories emerged: Progressive Adapters (43%) reduced anxiety linearly through peer support; Fluctuating Persisters (37%) maintained engagement despite emotional volatility; and Struggling Stabilizers (20%) converted persistent anxiety into intensive help-seeking. All three groups achieved comparable CT gains (95.9%), suggesting that anxiety does not uniformly impede learning under differentiated support conditions. Cross-lagged analysis revealed exploratory temporal associations between self-efficacy and CT performance (SE-*CT: (3 = .40-.43; CT-*SE: (3 = .37-.40). Strategic navigation was the strongest CT success correlate (OR = 3.87). Forum network density tripled (.23 to .68), consistent with the emergence of reciprocal peer communities. Findings are hypothesis-generating and should not be generalized beyond this single-site, small-sample context.",wos,llm,0.870,unreviewed,
discarded,Co-designing and Implementing Critical Computing Lesson Plans with K-12 Teachers,"Hu, Amber; Yadav, Aman",2026,"PROCEEDINGS OF THE 57TH ACM TECHNICAL SYMPOSIUM ON COMPUTER SCIENCE EDUCATION V.2, SIGCSE TS 2026",10.1145/3770761.3777173,https://www.webofscience.com/wos/woscc/full-record/WOS:001780599900076,adjacent-subtopic,"As demand for K-12 computer science (CS) education grows, we argue that most students would be best served by CS classes that not only teach computational thinking/programming, but also challenge them to critically analyze the role of technology in society. One of the main barriers to implementing this in K-12 classrooms is a lack of research on how in-service CS teachers can integrate critical pedagogy into their school context and existing curricula. This poster presents results from a study to co-design lessons with current K-12 CS teachers to integrate critical perspectives into their classrooms. Teacher participants participated in a synchronous professional learning series in whichwe taught them critical computing content drawn from relevant books and frameworks. Following this, we collaborated with the teacher participants to design or modify lessons that engage their students in critical analysis, which the participants then implemented in their classrooms. Teachers were encouraged to include content relevant to their students and the communities they are a part of. We conducted thematic analysis of transcripts from the interviews, professional learning series, and co-design sessions. The resulting eight (8) themes demonstrate the challenges and opportunities inherent in integrating critical perspectives into K-12 computing education. In the long term, results from this work will inform future sociocultural content integration into K-12 CS courses (e.g. ""ethics content"").",wos,llm,0.900,unreviewed,
kept,Computational Thinking in K–12,Shuchi Grover; Roy Pea,2013,Educational Researcher,10.3102/0013189x12463051,https://openalex.org/W2100029531,supports-claim,"Jeannette Wing’s influential article on computational thinking 6 years ago argued for adding this new competency to every child’s analytical ability as a vital ingredient of science, technology, engineering, and mathematics (STEM) learning. What is computational thinking? Why did this article resonate with so many and serve as a rallying cry for educators, education researchers, and policy makers? How have they interpreted Wing’s definition, and what advances have been made since Wing’s article was published? This article frames the current state of discourse on computational thinking in K–12 education by examining mostly recently published academic literature that uses Wing’s article as a springboard, identifies gaps in research, and articulates priorities for future inquiries.",openalex,llm,0.990,unreviewed,
kept,Computational thinking and thinking about computing,Jeannette M. Wing,2008,Philosophical Transactions of the Royal Society A Mathematical Physical and Engineering Sciences,10.1098/rsta.2008.0118,https://openalex.org/W2165568289,supports-claim,"Computational thinking will influence everyone in every field of endeavour. This vision poses a new educational challenge for our society, especially for our children. In thinking about computing, we need to be attuned to the three drivers of our field: science, technology and society. Accelerating technological advances and monumental societal demands force us to revisit the most basic scientific questions of computing.",openalex,llm,0.970,unreviewed,
kept,Computational thinking and thinking about computing,Jeannette M. Wing,2008,,10.1109/ipdps.2008.4536091,https://openalex.org/W2134909245,supports-claim,"Summary form only given. My vision for the 21st Century: computational thinking will be a fundamental skill used by everyone in the world. To reading, writing, and arithmetic, let's add computational thinking to every child's analytical ability. Computational thinking has already influenced other disciplines, from the sciences to the arts. The new NSF cyber-enabled discovery and innovation initiative in a nutshell is computational thinking for science and engineering. Realizing this vision gives the field of computing both exciting research opportunities and novel educational challenges. The field of computing is driven by technology innovation, societal demands, and scientific questions. We are often too easily swept up with the rapid progress in technology and the surprising uses by society of our technology, that we forget about the science that underlies our field. In thinking about computing, I have started a list of ""Deep Questions in Computing,"" with the hope of encouraging the community to think about the scientific drivers of our field.",openalex,llm,0.960,unreviewed,
kept,Demystifying computational thinking,Valerie J. Shute; Chen Sun; Jodi Asbell‐Clarke,2017,Educational Research Review,10.1016/j.edurev.2017.09.003,https://openalex.org/W2760706586,CT-facets-concepts-vs-practices,,openalex,human,0.990,human,
kept,Bringing computational thinking to K-12,Valerie Barr; Chris Stephenson,2011,ACM Inroads,10.1145/1929887.1929905,https://openalex.org/W2018037215,CT-definition; supports-claim,"The process of increasing student exposure to computational thinking in K-12 is complex, requiring systemic change, teacher engagement, and development of signifi cant resources. Collaboration with the computer science education community is vital to this effort.",openalex,llm,0.930,unreviewed,
discarded,EducationPaving the way for computational thinking,Mark Guzdial,2008,Communications of the ACM,10.1145/1378704.1378713,https://openalex.org/W1966585167,adjacent-subtopic,"Drawing on methods from diverse disciplines---including computer science, education, sociology, and psychology---to improve computing education.",openalex,llm,0.720,unreviewed,
kept,The long quest for computational thinking,Matti Tedre; Peter J. Denning,2016,,10.1145/2999541.2999542,https://openalex.org/W2554181311,CT-definition; qualifies-claim,"Computational thinking (CT) is a popular phrase that refers to a collection of computational ideas and habits of mind that people in computing disciplines acquire through their work in designing programs, software, simulations, and computations performed by machinery. Recently a computational thinking for K-12 movement has spawned initiatives across the education sector, and educational reforms are under way in many countries. However, modern CT initiatives should be well aware of the broad and deep history of computational thinking, or risk repeating already refuted claims, past mistakes, and already solved problems, or losing some of the richest and most ambitious ideas in CT. This paper presents an overview of three important historical currents from which CT has developed: evolution of computing's disciplinary ways of thinking and practicing, educational research and efforts in computing, and emergence of computational science and digitalization of society. The paper examines a number of threats to CT initiatives: lack of ambition, dogmatism, knowing versus doing, exaggerated claims, narrow views of computing, overemphasis on formulation, and lost sight of computational models.",openalex,llm,0.980,unreviewed,
discarded,Programming massively parallel processors a hands-on approach,David B. Kirk; Wen‐mei Hwu,2010,,,https://openalex.org/W1762731526,off-topic-false-hit,,openalex,llm,0.990,unreviewed,
discarded,Computational thinking for teacher education,Aman Yadav; Chris Stephenson; Hai Hong,2017,Communications of the ACM,10.1145/2994591,https://openalex.org/W2599518471,adjacent-subtopic,This framework for developing pre-service teachers' knowledge does not necessarily depend on computers or other educational technology.,openalex,llm,0.730,unreviewed,
kept,Integrating computational thinking with K-12 science education using agent-based computation: A theoretical framework,Pratim Sengupta; John S. Kinnebrew; Satabdi Basu; Gautam Biswas; Douglas B. Clark,2013,Education and Information Technologies,10.1007/s10639-012-9240-x,https://openalex.org/W2060486579,supports-claim,,openalex,llm,0.910,unreviewed,
