status,title,authors,year,venue,doi,url,tags,abstract,provider,decision_source,llm_confidence,llm_review_outcome,llm_change_direction
discarded,"A systematic review of student STEM competencies in secondary integrated STEM curricula: Recent trends, taxonomy, and challenges","Chen, Ping; Murad, Sallar Salam; Xu, Zixin; Cheng, Fan; Wang, Shiwei",2026,BRITISH EDUCATIONAL RESEARCH JOURNAL,10.1002/berj.70223,https://www.webofscience.com/wos/woscc/full-record/WOS:001792345700001,off-topic-false-hit,"Integrated STEM curricula are increasingly advocated as the technique to enhance students' STEM competencies in secondary education. However, the conceptualisation, operationalisation, assessment and challenges across current studies remain unclear. This systematic review synthesised empirical evidence on student STEM competencies in secondary integrated STEM curriculum published from 2021 to 2025. In accordance with PRISMA guidelines, 40 peer-reviewed empirical and conceptual studies were identified across 3 databases, including Web of Science, Scopus and ERIC. These studies informed the analysis of research trends and STEM competency conceptualisation, while 31 studies were further analysed to examine reported challenges. The results indicate three key patterns: (1) recent research indicates an increasing interest in competency-oriented integrated STEM curriculum; (2) most studies neglect to explicitly define 'STEM competency' as a cohesive construct; rather, they operationalise distinct skills such as engineering design and computational thinking. A taxonomy of student STEM competencies was created to synthesise these data, categorising reported competences into higher-order dimensions based on knowledge, skills and attitudes, and (3) notable challenges remain in the implementation and evaluation of STEM competencies, including insufficient teacher preparedness, curricular limitations and misaligned assessment practices. This review introduces a conceptual-instructional-assessment misalignment framework to further clarify the challenges, emphasising how conceptual ambiguity leads to instructional fragmentation and insufficient alignment in assessments. Recommendations for future research, curriculum design, teacher professional development and assessment are provided based on the reviewed findings. It contributes a structured synthesis that enhances conceptual clarity and facilitates more coherent design and evaluation of secondary integrated STEM curricula.",wos,llm,0.980,unreviewed,
discarded,Integration of artificial intelligence competencies into a holistic digital literacy framework for middle school education,"Altamimi, Raghda; Abu Al-Haija'a, Anas",2026,SCIENTIFIC REPORTS,10.1038/s41598-026-47133-1,https://www.webofscience.com/wos/woscc/full-record/WOS:001789003100017,off-topic-false-hit,"The rise of artificial intelligence (AI) and its rapidly expanding tools is revolutionizing various sectors, with education standing out as a profoundly affected domain, creating an urgent need to incorporate AI competencies into education. This study proposes an AI-enriched digital Educational Framework (AIEDF) based on a newly developed Holistic Digital Literacy Framework (HDLF), synthesizing competencies from existing frameworks. It investigates the essential AI competencies for preparing young learners, specifically middle-school students, to prosper in an AI-driven world. Middle-school students are targeted due to their developmental readiness for abstract thinking, allowing effective early engagement with foundational AI concepts. Initially, four established digital education frameworks are analyzed and synthesized to create HDLF to be used as the foundation for incorporating AI competencies suitable for the cognitive level of the intended age group. The HDLF contains four core areas (Core Computational Concepts and Skills, Digital Citizenship and Ethical Competence, Impact of Computing on Society, and Digital Competence and Lifelong Learning). A literature review identified AI competencies essential for thriving in the 21st century. Using a systematic integration approach, these competencies were analyzed and mapped to the subtopics of the HDLF. The resulting AIEDF is then aligned with Bloom's taxonomy, illustrating the progression from fundamental AI understanding (e.g., Machine Learning Basics) to more advanced tasks (e.g., designing simple AI applications). It is designed to support structured AI education, developmentally appropriate, and aligned with international standards, proposing a structured and adaptable foundation that requires empirical validation in future work.",wos,llm,0.980,unreviewed,
discarded,Computational thinking: the application of active technologies and methodologies in mathematics education,"Neto, Raimundo Cazuza da Silva; Rodrigues, Jose Leal; Lima, Fernando Santana; de Sousa, Daniel Gomes; de Paula, Joao Pedro Fonseca; Netto, Oscar Ferreira da Silva; Amancio, Felipe Silva; de Morais, Marcio Aurelio Carvalho; Maia, Lucas Felipe Santos",2026,APOSTA-REVISTA DE CIENCIAS SOCIALES,10.23900/ra.v24i112.851,https://www.webofscience.com/wos/woscc/full-record/WOS:001786779300006,adjacent-subtopic,"The aim of this study was to analyze the applicability of computational thinking, in conjunction with digital technologies and active methodologies, in mathematics education, highlighting its contributions to the development of cognitive skills such as logical reasoning, abstraction, and problem-solving. Methodologically, this is an integrative literature review, structured based on the PICO strategy and conducted in accordance with the PRISMA protocol guidelines, ensuring rigor and transparency in the selection of studies. Searches were conducted in the SciELO, Scopus, DOAJ, and Google Scholar databases, using keywords combined with Boolean operators, with inclusion criteria limited to articles in Portuguese, from Brazil, freely available, full-text, and published between 2020 and 2024. The results showed that computational thinking, combined with innovative pedagogical practices such as digital games, unplugged activities, and active methodologies, significantly enhances mathematics learning, promoting greater student engagement, the development of autonomy, and improved performance in problem-solving, in addition to contributing to the reframing of teaching practices in the contemporary educational context.",wos,llm,0.900,unreviewed,
discarded,Developing Computational Thinking in Early Childhood Education: A systematic Review of Educational Interventions,"Perez, Ruth Hernandez; Nebot, Maria Angeles Llopis; Mon, Francesc Esteve",2026,INNOEDUCA-INTERNATIONAL JOURNAL OF TECHNOLOGY AND EDUCATIONAL INNOVATION,10.24310/ijtei.121.2026.21911,https://www.webofscience.com/wos/woscc/full-record/WOS:001786224600004,adjacent-subtopic,"This systematic review aims to analyze the educational interventions used to develop Computational THinking 8CT) in Early Childhood Education (ECE). In recent years, CT has become established as a key competence for the development of cognitive and technological skills, enabling the approach to elements such as decomposition, abstraction, pattern recognition, and algorithms. The review was carried out following the PRISMA protocol, through a search in the Web of Science, Scopus and ERIC databases. The following descriptors were used: ""Education"" AND ""Computational Thinking""; ""Educational Technology"" AND Computational Thinking""; ""Early Childhood Education"" AND (""Computational Thinking"" OR ""Digital Skills"" OR ""Educational Technology"" OR ""Programming"" OR ""Algorithms"" OR ""Game-Based Learning""). The final sample included 17 studies published between 2020 and 2024. The results show that the interventions applied in ECE generate significant improvements in basic cognitive skills, while more advanced aspects of CT, such as debugging or the use of hardware and software, are addressed less frequently. Moreover, there is a growing interest in the use of robotics as a didactic tool, although the number of studies that use unplugged activities or tangible materials is still limited. In conclusion, the reviewed interventions prove effective for introducing CT at an early age, and future lines of research are proposed focusing on the design of manipulative resources and the assessment of the impact of such activities in real educational contexts. This systematic review explores the interventions used to develop Computational Thinking (CT) in Early Childhood Education (ECE). In response to the growing demand for technological skills in recent years, CT has become a key competency for laying the foundation for skills such as decomposition, abstraction, pattern recognition, and algorithms. ECE is a stage where students can learn to think computationally in order to face the complex challenges of the future. This review was conducted using the PRISMA method, which allows for a rigorous filtering process across the following database: Web of Science, Scopus and ERIC. The results of the interventions show significant improvements in cognitive skills, although more advanced areas, such as debugging or the use of hardware/software, have received less attention. Additionally, a notable number of studies involving robotics in early childhood were found. The review concludes that the interventions analyzed are effective for developing CT in ECE, and future research lines are proposed to explore the design of tangible materials and the role of unplugged activities.",wos,llm,0.840,unreviewed,
discarded,"The integration of artificial intelligence, robotics, and computational thinking in education: Overview and trends","Sendarrubias-Hipolito, Marcelino; Agreda-Montoro, Miriam; Rodriguez-Moreno, Javier; Ortiz-Colon, Ana Maria",2026,CONTEMPORARY EDUCATIONAL TECHNOLOGY,10.30935/cedtech/18600,https://www.webofscience.com/wos/woscc/full-record/WOS:001783830100002,adjacent-subtopic,"This systematic review examines the simultaneous integration of artificial intelligence, educational robotics and computational thinking in formal education environments. In a global situation marked bydigital transformation, itwasfound that little research has been carried out into these three key areas taken as a whole. The methodology employed followed the PRISMA guidelines, with searches being conducted in Web of Science, Scopus, and Semantic Scholar for works published between 2018 and 2025. After applying strict inclusion and exclusion criteria, 16 empirical studies were analyzed. The results indicate an exponential increase in recent studies employing active methodologies like project-based learning, the STEAM approach and cooperative learning. The interventions analyzed produced significant improvements in cognitive competencies, motivation and collaboration skills. Three thematic clusters were identified-emerging technologies, education designs, and syllabus strategies. Authors highlighted benefits such as the personalization of learning, the development of 21st century competencies and preparation for entry into the labor market, while also describing challenges associated with teacher training, technological infrastructure and digital equality. This review helps consolidate an emerging field of study, demonstrating the need for more in-depth future research into the joint implementation of such innovations in teaching contexts.",wos,llm,0.920,unreviewed,
discarded,"A Systematic Review on Learning, Teaching, and Assessing Computational Thinking Skills for Secondary Education","Carvajal-Ortiz, Leidy; Chaves, Deisy; Trujillo, Maria",2026,INTERNATIONAL JOURNAL OF ENGINEERING PEDAGOGY,10.3991/ijep.v16i2.55787,https://www.webofscience.com/wos/woscc/full-record/WOS:001763916100007,adjacent-subtopic,"Computational thinking (CT) has become a fundamental skill in the 21st century, especially within secondary education. However, integrating CT into teaching and learning requires the participation of teachers specialized in this area. This systematic review identifies and analyzes the most effective methods, strategies, and activities used to teach and assess sec-ondary-level CT skills. To ensure broad and rigorous coverage of relevant research, a literature search was conducted in Scopus, Web of Science, and ScienceDirect databases, covering studies published between 2020 and 2024. The review synthesizes current educational practices, highlighting approaches such as Game-Based Learning, gamification, and assessment activities such as the Bebras Challenge. Findings reveal diverse pedagogical strategies and ongoing challenges, particularly regarding validating assessment instruments and teacher professional development. Besides, this review underscores the need for more robust, standardized assessment methods and further research to advance CT education. The insights provided are valuable for educators, policymakers, and researchers seeking to enhance CT education and its integration into engineering pedagogy.",wos,llm,0.830,unreviewed,
discarded,From building robots to cultivating robotics literacy? A systematic review of educational robotics research and its future directions,"Yeung, Richard Chung Yiu; Sun, Daner; Yeung, Chi Ho; Keane, Therese; Lee, John Chi-Kin",2026,COMPUTERS & EDUCATION,10.1016/j.compedu.2026.105659,https://www.webofscience.com/wos/woscc/full-record/WOS:001765671400001,adjacent-subtopic,"Emerging technologies are increasingly recognized for their transformative potential in education. Robotics, in particular, represents a growing frontier in teaching and learning, yet research trends, application characteristics, and educational outcomes remain insufficiently synthesized. Adhering to the PRISMA guidelines, this systematic review examines 373 empirical studies investigating educational robotics (ER) in Grades 1-12, published from 2000 to 2025. The analysis traces the evolution of ER over a 25-year period, delineating application patterns of application, pedagogical orientations, and learning outcomes. Based on this synthesis, the construct of ""robotics literacy"" (RL) is proposed as an integrative learning objective. To operationalize this concept, a Robotics Literacy Coding Framework is developed, synthesizing theoretical constructs from technological literacy, STEM literacy, computational thinking, and artificial intelligence literacy, thereby identifying four dimensions of RL and associated engagement outcomes. Findings indicate a marked increase in publications after 2011, with most studies focusing on programming skills, systems understanding, and computational thinking. ER interventions were implemented across all grade levels, peaking in middle grades (Grades 4-9), where construction-based kits predominated. Pedagogically, project-based and problemoriented approaches were most common, supplemented by exploratory and contextualized strategies in lower grades and humanities-integrated settings. Reported outcomes highlight a strong emphasis on coding proficiency and conceptual knowledge of robotic systems, whereas engineering design, socio-ethical reasoning, and engagement were underrepresented, particularly in upper secondary education. These trends reflect both the consolidation of ER as an avenue for developing RL and persistent gaps that warrant more balanced and longitudinally coherent instructional frameworks. This review establishes a baseline for advancing ER research toward broader disciplinary integration, enriched literacy dimensions, and alignment with evolving technological and curricular demands, while providing a conceptual framework for guiding future RL evaluation.",wos,llm,0.950,unreviewed,
discarded,Conceptualizations and emerging challenges of 21st century education in the era of the Fourth Industrial Revolution: A review,"Montes, Viviana Monterroza; Delgado, Liliana Patricia Arias; Chiappe, Andres",2025,LUZ,,https://www.webofscience.com/wos/woscc/full-record/WOS:001451400400002,off-topic-false-hit,"Education in the 21st century faces transformations as a result of technological advances and social changes. Hence the need to review current pedagogical trends, distinguishing between traditional and transformative approaches, taking into account the emergence of Education 4.0. To address this topic in depth, a systematic literature review on 21st century education was conducted using Scopus, analyzing 95 peer-reviewed articles. A reading process of in-depth reading, idea extraction, and qualitative and quantitative analysis. related to the conceptualizations and challenges of teaching. The results highlight key features such as the use of technology, the development of thinking skills, personalized learning and the integration of disruptive technologies. The main challenges include the use of online platforms based on AI, intelligent virtual environments, their relationship with the STEAM approach and the development of computational thinking. Finally, the integration of artificial intelligence in education is discussed as a significant advance, emphasizing the need for a global perspective that takes into account inequalities between different countries. It is noted that its effectiveness depends on the technological infrastructure, the preparation of teachers and the treatment of underlying economic and social disparities.",wos,llm,0.970,unreviewed,
kept,Assessing Computational Thinking Skills in K-12 Education: A Systematic Review,"Zhang, Yimei; Song, Yajie; Cutumisu, Maria",2026,TECHNOLOGY KNOWLEDGE AND LEARNING,10.1007/s10758-025-09938-3,https://www.webofscience.com/wos/woscc/full-record/WOS:001748800900001,supports-claim,"Developing computational thinking (CT) competencies, comprising both CT skills and CT attitudes, is essential for individuals to understand, navigate, and effectively engage with technologies in today's digital society. Moreover, K-12 is critical in fostering CT competencies, as students develop foundational cognitive and affective skills at this stage that influence their ability to engage with technology and problem-solving abilities. Although both CT components matter, previous studies have often focused on assessing general CT competency in K-12 education, limited attention has been paid to assessing specific CT skills, including CT concepts (e.g., control structures, parallelism, operators, representation, and functions), and CT practices (e.g., testing/debugging, abstraction, decomposition, algorithmic thinking, generalization, pattern recognition, and spatial reasoning). To address this gap, the present study systematically reviewed 58 CT skill assessment studies in K-12 education published between 2020 and 2024, following the PRISMA protocol. The reviewed studies were identified from four databases: Education Research Information Center (ERIC), PsycINFO, Scopus, and Web of Science. Results revealed that most studies: (1) were conducted in the USA, (2) primarily sampled elementary students, (3) focused on programming and computer science disciplines, (4) targeted decomposition, (5) found that pattern recognition frequently co-occurred with abstraction, decomposition, and algorithmic thinking, (6) employed traditional knowledge tests, and (7) reported reliability and validity evidence. This review not only synthesizes recent trends in CT skill assessments but also provides actionable guidance for researchers and policymakers in designing, implementing, and validating CT skill assessments to enhance teaching and learning practices in K-12 education.",wos,llm,0.970,unreviewed,
discarded,Enhancing Mathematical Thinking Among Pre-Service Mathematics Teachers: A Systematic Literature Review,"Mafarja, Nofouz; Rahim, Suzieleez Syrene Abdul; Zulnaidi, Hutkemri",2026,SAGE OPEN,10.1177/21582440261445506,https://www.webofscience.com/wos/woscc/full-record/WOS:001747874500001,off-topic-false-hit,"Mathematical thinking is increasingly recognized as a foundational competency for pre-service mathematics teachers (PSMTs), encompassing critical thinking, problem solving, abstraction, and modeling skills essential for effective teaching and learning. This systematic literature review synthesizes empirical studies published between 2018 and 2025 to examine strategies, challenges, contextual variations, and research gaps in fostering mathematical thinking within teacher education programs. Following the PRISMA framework, 21 studies were rigorously selected from major academic databases. Findings reveal diverse pedagogical approaches, including creativity-driven task design, computational thinking integration, digital and AI-supported reflective practices, and contextualized mathematical modeling. Persistent challenges include PSMTs' difficulties in interpreting real-world problem contexts, responding to student thinking, and engaging in deep reflective practice. Contextual factors such as technological access, self-efficacy, gender, and educational policy further influence the development of mathematical thinking. Notable gaps identified include limited integration of critical and computational thinking frameworks, underutilization of AI-based tools, and insufficient strategies for inclusive and equitable instruction. The review concludes with recommendations for teacher education programs to adopt holistic, research-informed, and culturally responsive pedagogies that embed mathematical thinking as a central component of professional competence.",wos,llm,0.970,unreviewed,
