status,title,authors,year,venue,doi,url,tags,abstract,provider,decision_source,llm_confidence,llm_review_outcome,llm_change_direction
kept,Including Computer Systems Assignments in Introductory Programming Courses,Christine F. Reilly; Aarathi Prasad,2021,2021 IEEE Frontiers in Education Conference (FIE),10.1109/FIE49875.2021.9637341,https://ieeexplore.ieee.org/document/9637341/,supports-claim,"This Research to Practice Work In Progress paper describes initial work on designing and deploying programming assignments that focus on computer systems topics in introductory computer science courses. This work builds upon the body of prior work that has found that using real-world problems in introductory courses improves student engagement and helps students in the process of developing their professional identity. The setting for this research is a liberal arts college where the major has been designed to support the liberal arts mission of providing students with opportunities to pursue a variety of interests. By including computer systems topics in the introductory courses we are able to increase breadth while maintaining a relatively small number of required courses for the major. The four assignments described in this paper focus on the computer systems areas of operating systems, networks, and database systems. Informal feedback and instructor reflection from the initial deployment of these assignments indicates that students are engaged with these assignments. Future work includes a formal assessment of this approach.",ieee,llm,0.820,unreviewed,
discarded,Change of Students' Motivation in an Introductory Programming Course for Non-computing Majors,Hidekuni Tsukamoto; Hideo Nagumo; Yasuhiro Takemura; Naoya Nitta,2012,2012 IEEE 12th International Conference on Advanced Learning Technologies,10.1109/ICALT.2012.38,https://ieeexplore.ieee.org/document/6268054/,adjacent-subtopic,"In this research, the motivational aspects of the students while learning introductory programming was monitored and analyzed. The students were in the social welfare department, and the programming language used was Java and Processing. Monitoring students' motivation throughout the course was found to be important because, by doing so, the weak points in the syllabus could be found and modified. It was also found to be important to devise topics relevant to the students, and to adjust the level of difficulty of the assignments so that the students can feel confident studying.",ieee,llm,0.910,unreviewed,
kept,Smart-Learning Course Transformation for an Introductory Programming Course,Hoda Amer; Saad Harous,2017,2017 IEEE 17th International Conference on Advanced Learning Technologies (ICALT),10.1109/ICALT.2017.91,https://ieeexplore.ieee.org/document/8001833/,supports-claim,"The rapid advance in technology has changed how people teach and how students learn. The affordability of smart devices and the abundant variety of mobile applications, web-based applications, movie making tools, and assessment tools has provided a new spectrum for educators to enhance the way courses are delivered, which enabled educators to implement many Smart Learning concepts such as Active learning, Cooperative learning, and Problem-based learning. This paper is the result of a Smart learning course transformation process that was done on an introductory-level programming course. Our goals were to utilize the technologies and mobile applications available to our students to overcome the main problems encountered when learning programming for the first time, which are building a mental model of the program while it executes, and visualizing abstract concepts that are hard to grasp. We added movies and animations to overcome these problems and encouraged cooperative learning. The newly adopted teaching pedagogies proved to be very effective. A survey showed that students are able to better understand the material. They are engaged during class and able to work independently. They cooperated with each other to design and implement creative projects. They are more interested in the topic of programming.",ieee,llm,0.780,unreviewed,
discarded,Visual Programming and Interactive Learning Based Dynamic Instructional Approaches to Teach an Introductory Programming Course,Md Mahmudur Rahman; Roshan Paudel,2018,2018 IEEE Frontiers in Education Conference (FIE),10.1109/FIE.2018.8658581,https://ieeexplore.ieee.org/document/8658581/,adjacent-subtopic,"This Research to Practice Full Paper presents our experience in teaching an introductory programming course in Python by using a visual programming development environment based on flow-charts and active learning with an interactive eBook. The field of computer science education is always being challenged with the high attrition rates despite the ever growing industry demand for computing expertise. The lower rate of student retention is often associated with considerable dropout and failure rates in introductory programming courses during the freshmen year. The main challenge is getting students to write meaningful programs in a short time by focusing more on computational thinking principles and less on language details at that point in time. Nowadays, most students prefer to be engaged and discover course content through exploration, interaction, and collaboration that is relevant, useful, and fun compared to traditional blackboard-based lecturing styles. For evaluation of learning outcomes based on the quantifiable criteria with robust statistical analysis, eleven sections of the course over three semesters were considered. The initial evaluation of summative assessment and analysis of a survey result enable us to conclude that the proposed instructional approach increases student engagement, facilitate learning and contribute to the progress of students in this course.",ieee,llm,0.880,unreviewed,
discarded,Online Discussion Based Learning on Google Blogger for Introductory Programming Course,Sharmistha Majumder,2013,2013 IEEE Fifth International Conference on Technology for Education (t4e 2013),10.1109/T4E.2013.42,https://ieeexplore.ieee.org/document/6751081/,adjacent-subtopic,"Online discussion based learning has been proved to be an effective Educational Technology tool. In this study, we administered online blogging sessions (using Google blogger) in a class of first year engineering undergraduates for the Introduction to Programming course. We investigate how does this intervention, in addition to traditional classroom lectures, affects students' learning outcomes, and their perception of learning, motivation and engagement. The results show that the intervention has positive effects on students' perception of motivation, learning and engagement. 91% students perceived that the session have improved their interest in the topics discussed.",ieee,llm,0.940,unreviewed,
discarded,Improving student learning in an introductory programming course using flipped classroom and competency framework,Joelle Elmaleh; Venky Shankararaman,2017,2017 IEEE Global Engineering Education Conference (EDUCON),10.1109/EDUCON.2017.7942823,https://ieeexplore.ieee.org/document/7942823/,adjacent-subtopic,"In this paper we report our study on the impact of implementing a flipped classroom model on student learning in an undergraduate introductory programming course. We use three components to measure student learning namely, final exam scores, competency acquisition and feedback levels. We compare a traditional offering with a flipped offering delivered the following year to a comparable student population, and with no change in the course content and assessments. We observed that in comparison to the traditional, the flipped model increased pass rates in the final exam and also enhanced competency acquisition. In terms of feedback levels, the flipped classroom provided more time for one-to-one in-class personalized feedback. Our approach is unique in the sense that we use a competency framework to be able to pin point the competencies that were improved as a result of the flipped model.",ieee,llm,0.940,unreviewed,
kept,Using Association Rule Mining Algorithm to Improve the Order of Content Delivery in CS1 Course,Rupinder Kaur; Tamaike Brown; Gursimran Walia; Maninder Singh; Mourya Reddy,2019,2019 IEEE Frontiers in Education Conference (FIE),10.1109/FIE43999.2019.9028452,https://ieeexplore.ieee.org/document/9028452/,supports-claim,"This work in progress research paper discusses importance of appropriate order of content delivery in an introductory programming course (CS1). A majority of students face problems when programming concepts are introduced to them in disorderly fashion, reducing their retention. It has been observed that the instructors use their intrinsic judgement to order course contents without considering effective student learning outcome. This traditional approach of teaching a course in an unstructured way leads to high failure and dropout rate in CS1 course. In this study, an association rule mining (ARM) based approach is being used to understand the order of information that students should be exposed to in CS1 courses. Our proposed approach follows an empirical research methodology and generates strong ARM rules. These rules can assist instructors to structure CS1 topics and reflect on required prerequisites for problematic topics to improve students' learning. Our initial results and observations yielded promising and logical inferences and uncovered few anomalies with traditional pedagogy during course offering.",ieee,llm,0.900,unreviewed,
discarded,Competences that facilitate the achievement of the objectives of an introductory programming course,Ana Victoria Prados Arboleda; Luis Roberto Rivera Mazuera; Gerardo Sarria Montemiranda,2015,2015 International Conference on Interactive Collaborative Learning (ICL),10.1109/ICL.2015.7318166,https://ieeexplore.ieee.org/document/7318166/,adjacent-subtopic,"This project determines what skills and knowledge a student must have to face successfully an introductory programming course. This is an exploratory and qualitative study based on analysis of the current proposals for programming courses, and on interviews and focus groups with students and professors of this courses. The analysis is performed using Atlas Ti. Colombia is defined as the context for the research. The competencies identified are related with reading comprehension skills, especially the ability to perform text analysis. According to the information found, this skill reflects the ability of students to understand a problem. This greatly facilitates the possibility of writing a solution algorithm. A second ability has to do with to logical thinking. This second ability is justified because allows break a problem into simpler ones. Other abilities and knowledge are highlighted in the final results.",ieee,llm,0.860,unreviewed,
discarded,Analysis of scratch projects of an introductory programming course for primary school students,Alexandra Funke; Katharina Geldreich; Peter Hubwieser,2017,2017 IEEE Global Engineering Education Conference (EDUCON),10.1109/EDUCON.2017.7943005,https://ieeexplore.ieee.org/document/7943005/,adjacent-subtopic,"Computer Science (CS) is increasingly entering the early levels of early childhood education, like primary school or even kindergarten. Therefore, it becomes more and more important to gain insight into which teaching methods and content would be appropriate for young students of primary levels. To investigate this, we have designed a specific three-day introductory programming course for 4th grade students (ages 9-10), which was taught four times up to now. Fifty-eight children (26 girls and 32 boys) participated in the courses from May to August 2016. At the end of the courses, the children have developed 127 Scratch projects during the course. The methodology and the results of the qualitative analysis are described in this paper. We discovered that the students created three different types of programs in particular: Stories, Animations, and Games. The level of understanding of the students, who programmed a Game, was mostly found to be advanced. Stories, on the other hand, reached only the two basic levels. Most of the students met the requirements we had set for the projects.",ieee,llm,0.850,unreviewed,
discarded,Towards an automatic assessment system in introductory programming courses,Soundous Zougari; Mariam Tanana; Abdelouahid Lyhyaoui,2016,2016 International Conference on Electrical and Information Technologies (ICEIT),10.1109/EITech.2016.7519649,https://ieeexplore.ieee.org/document/7519649/,adjacent-subtopic,"Nowadays, automatic assessment of programming assignments has become an important topic in academic research. In fact, the increasing number of enrolled students in programming courses created the need of a system providing immediate feedback to the learners and saving teachers from manually managing all the students' solutions. This paper presents an attempt to conduct programming exercises assessment both dynamically and statically to ensure a reliable and objective evaluation job. While dynamic analysis is based on xUnit framework, the static analysis is performed on the graph representation of the programs.",ieee,llm,0.970,unreviewed,
discarded,Applying Software Development Lifecycles in Teaching Introductory Programming Courses,S.M. Rahman; P.L. Juell,2006,19th Conference on Software Engineering Education & Training (CSEET'06),10.1109/CSEET.2006.7,https://ieeexplore.ieee.org/document/1617326/,adjacent-subtopic,"In this paper, we introduce a new software development method that emphasizes software testing cycles and makes a cultural change in program development. In our approach, students follow the software lifecycles to develop their programs; specifically, a student who is to write a program begins by writing a test suite and completes other development cycles. Students in programming courses usually develop ""toy"" programs that are superficially tested, graded, and eventually discarded. Generally, students are not worried about the quality or maintenance of their products. We believe this style of teaching programming courses leaves students unprepared for developing reliable software. Industry leaders also claimed that more than 50% of a software project's budget was spent on activities related to improving software quality. They stated the reason was the inadequate attention paid to software quality in the development phase. Our approach integrates into the existing programming courses without changing the course contents, syllabus, policies, or loads, and our model improves the students' program quality, in terms of black-box testing. Students indicated that our method helped them in understanding the problems and writing the programs, made the code easier to debug, and improved the students' code reliability and quality",ieee,llm,0.920,unreviewed,
kept,University Faculty Perceptions of Core Concepts in Introductory Programming Courses,Alberto Gómez; Maria-Jesús Marco-Galindo; Julià Minguillón,2026,IEEE Revista Iberoamericana de Tecnologias del Aprendizaje,10.1109/RITA.2026.3690087,https://ieeexplore.ieee.org/document/11505873/,supports-claim,"Selecting the basic concepts that should be presented in a first-year university course on programming is essential for planning the course and structuring the rest of the curriculum, along with other aspects such as the programming paradigm and the language used. This work reports an exploratory analysis of the syllabi of first programming courses at Spanish universities with the highest number of students enrolled in computer engineering. Using the list of the most frequent concepts, we designed a survey in which expert instructors were asked to identify essential, optional, and unnecessary concepts, as well as to indicate the perceived difficulty of each concept. More than fifty instructors from different universities participated in the study. The results reveal broad consensus on a core set of fundamental concepts in an introductory programming course and highlight those that, according to faculty perceptions, present greater learning difficulty for students. These findings provide a basis for building a map of concepts showing how they relate to one another, helping students to detect gaps in their knowledge and identify learning challenges.",ieee,llm,0.990,unreviewed,
discarded,Visual Analysis of Educational Data: a Case Study of Introductory Programming courses at the University of Brasília,Luiza Hansen; Maristela Holanda; Vinicius R. P. Borges; Dilma Da Silva,2022,2022 IEEE Frontiers in Education Conference (FIE),10.1109/FIE56618.2022.9962427,https://ieeexplore.ieee.org/document/9962427/,adjacent-subtopic,"Data visualization aims to graphically represent information from a given application domain. This approach helps in the analysis and understanding of a data set through the mechanisms of interaction and generation of graphical representations, which emphasize the observation of characteristics and patterns. In this way, this technique combined with visual learning analytic enables the detection of the expected and the discovery of the unexpected. Those have been used in numerous areas such as education, where the motivation is to understand and improve the teaching and learning processes. In the literature, data visualization is used within the educational area to predict performance and identify the student profiles, as well as monitoring educational systems in order to improve the quality of teaching. In this area, introductory computing courses stand out for the high number of students who fail or drop out of these courses. On average more than 30% of students, worldwide, drop out of introductory computing courses. At University of Brasília (UnB) this ratio is greater than 50%, which makes it an appropriate scenario for the use of data analysis and visualization techniques, in order to discover patterns related to the scenario and ways to improve the situation. This paper searches and implements the most used visualization algorithms, according to the literature, in order to assist instructors and educational managers to get information about historical and demographic data related to the course. To evaluate the visualizations, the algorithms were applied in a case study of three introductory computing courses at UnB and were evaluated through a questionnaire applied to instructors and educational managers. The results show that the respondents felt more secure when using familiar algorithms, such as pie charts and bar charts. Among the selected visualizations, sankey chart, treemap, and violin chart were the least known by the respondents. Furthermore, the bar chart was the algorithm where the information was identified quickly and correctly most of the time.",ieee,llm,0.930,unreviewed,
discarded,Identity Building for STEM Teacher Students in a Self-Paced Mastery Learning Course,Justyna Szynkiewicz; Gabrielle Hansen; Guttorm Sindre,2026,2026 22nd International Conference on Information Technology Based Higher Education and Training (ITHET),10.1109/ITHET69978.2026.11585033,https://ieeexplore.ieee.org/document/11585033/,adjacent-subtopic,"Student identity formation, both in terms of a personal and professional identity, and in the sense of belonging to a group, is important for academic development and a factor affecting satisfaction and well-being. At the same time, personalized learning practices accommodate needs and styles of various students. Nevertheless, learning practices that support both belonging and personalized learning are rare. Self-paced mastery learning approaches like Keller’s Personalized System of Instruction (PSI) may have advantages in terms of allowing more personalization, but mainly by letting students choose their own pace. For professional identity, other aspects of personalization may be more important in a course, like contextualizing the material to the student’s area of interest. Also, it may be challenging to promote sense of belonging in a class if learning activities are mainly asynchronous with students following widely different paces. At the NTNU, we created an introductory programming course for STEM teacher students with a course design inspired by PSI, but at the same time using e-learning and AI to facilitate group belonging and topical contextualization. This paper analyses student satisfaction, belonging and sense of identity related to the course using a mixed methods approach, combining quantitative analysis of survey responses with qualitative results from student reflection notes related to an individual project deliverable. Findings indicate that students were satisfied with the course and thought it contributed significantly to their sense of belonging in the study program. The qualitative analysis indicates that the course made an initial contribution towards professional identity construction for this student group. Although there was variation in students’ reflections about their future professional identity – some clearly seeing themselves as future teachers, and some having a more conditional or distant view. As for the role of IT support such as e-learning and AI, these were instrumental to the success of the course, ensuring quick feedback loops and enabling the teaching staff to handle the diversity following from student self-pacing and free choice to topic in an open project assignment.",ieee,llm,0.890,unreviewed,
