status,title,authors,year,venue,doi,url,tags,abstract,provider,decision_source,llm_confidence,llm_review_outcome,llm_change_direction
discarded,Cleanroom process model: a critical examination,B. Beizer,1997,IEEE Software,10.1109/52.582968,https://ieeexplore.ieee.org/document/582968/,adjacent-subtopic,"Since Harlan Mills introduced it more than 20 years ago, the Cleanroom process model has enjoyed considerable-and unwarranted-favorable publicity. Almost nothing critical of Cleanroom has been published. Is it because Cleanroom is beyond reproach or because the best would-be critics have not taken Cleanroom seriously? Despite 20 plus years of passionate advocacy, Cleanroom has not become part of the software development mainstream. During this same period, other quality abetting practices have, including formal inspections, requirements analysis, configuration control, structured programming, systematic testing under coverage tools, and information hiding. But not Cleanroom. Cleanroom advocates many things with which the author agrees. There is, however, one fundamental tenet of the Cleanroom doctrine that moves him to criticism: its continuing attack on all forms of testing other than the specific stochastic testing it advocates. Cleanroom's attack on proper unit testing is especially onerous because it has promoted dangerous malpractice.",ieee,llm,0.630,unreviewed,
discarded,Automating the failure modes and effects analysis of safety critical systems,Y. Papadopoulos; D. Parker; C. Grante,2004,"Eighth IEEE International Symposium on High Assurance Systems Engineering, 2004. Proceedings.",10.1109/HASE.2004.1281774,https://ieeexplore.ieee.org/document/1281774/,off-topic-false-hit,"Failure modes and effects analysis (FMEA) is a classical system safety analysis technique which is currently widely used in the automotive, aerospace and other safety critical industries. In the process of an FMEA, analysts compile lists of component failure modes and try to infer the effects of those failure modes on the system. System models, typically simple engineering diagrams, assist analysts in understanding how the local effects of component failures propagate through complex architectures and ultimately cause hazardous effects at system level. Although there is software available that assists engineers in performing clerical tasks, such as forming tables and filling in data, the intelligent part of an FMEA process remains a manual and laborious process. Thus, one of the main criticisms of FMEA is that the time taken to perform the analysis can often exceed the period of the design and development phases and therefore the analysis de facto becomes a mere deliverable to the customer and not a useful tool capable of improving the design. Difficulties naturally become more acute as systems grow in scale and complexity. To address those difficulties, a body of work is looking into the automation and simplification of FMEA (Renovell et al., 1985). To mechanically infer the effects of component failures in a system, several approaches have been proposed which use domain specific qualitative or quantitative fault simulation. These approaches are restricted to particular application domains such as the design of electrical or electronic circuits. Limitations in scope but also difficulties with the efficiency and scalability of algorithms seem to have so far limited the industrial take-up of this automated FMEA technology which is still under development. In this paper, we propose a new approach to the automatic synthesis of FMEAs which builds upon recent work towards automating fault tree analysis (Papadopoulos et al., 2001). In this approach, FMEAs are built from engineering diagrams that have been augmented with information about component failures. The proposed approach is generic, i.e. not restricted to an application domain, and potentially applicable to a range of widely used engineering models. The models that provide the basis for the analysis identify the topology of the system, i.e. the system components and the material energy and data transactions among those components. Models can also be hierarchically structured and record in different layers the decomposition of subsystems into more basic components. We should note that this type of structural models include piping and instrumentation diagrams, data flow diagrams and other models commonly used in many areas of engineering design.",ieee,llm,0.990,unreviewed,
kept,CHLOE: Loop Transformation over Fully Homomorphic Encryption via Multi-Level Vectorization and Control-Path Reduction,Song Bian; Zian Zhao; Ruiyu Shen; Zhou Zhang; Ran Mao; Dawei Li; Yizhong Liu; Masaki Waga; Kohei Suenaga; Zhenyu Guan; Jiafeng Hua; Yier Jin; Jianwei Liu,2025,2025 IEEE Symposium on Security and Privacy (SP),10.1109/SP61157.2025.00035,https://ieeexplore.ieee.org/document/11023307/,supports-claim,"This work proposes a multi-level compiler framework to transform programs with loop structures to efficient algorithms over fully homomorphic encryption (FHE). We observe that, when loops operate over ciphertexts, it becomes extremely challenging to effectively interpret the control structures within the loop and construct operator cost models for the main body of the loop. Consequently, most existing compiler frameworks have inadequate support for programs involving non-trivial loops, undermining the expressiveness of programming over FHE. To achieve both efficient and general program execution over FHE, we propose CHLOE, a new compiler framework with multi-level control-flow analysis for the effective optimization of compound repetition control structures. We observe that loops over FHE can be classified into two categories depending on whether the loop condition is encrypted, namely, the transparent loops and the oblivious loops. For transparent loops, we can directly inspect the control structures and build operator cost models to apply FHE-specific loop segmentation and vectorization in a fine-grained manner. Meanwhile, for oblivious loops, we derive closed-form expressions and static analysis techniques to reduce the number of potential loop paths and conditional branches. In the experiment, we show that CHLOE can compile programs with complex loop structures into efficient executable codes over FHE, where the performance improvement ranges from 1.5× to 54× (up to 105× for programs containing oblivious loops) when compared to programs produced by the-state-of-the-art FHE compilers.",ieee,llm,0.790,unreviewed,
discarded,A formal basis for structured analysis,R.B. France; T.W.G. Docker,1988,"Second IEE/BCS Conference: Software Engineering, 1988 Software Engineering 88.",,https://ieeexplore.ieee.org/document/196388/,adjacent-subtopic,"In a related paper by Docker and Tate (1986), a prototyping environment called SAME (Structured Analysis Modelling Environment) is described, which supports the exercising of structured systems analysis data flow diagrams (DFDs). SAME provides formal operational semantics for DFDs. These are suitable for building executable models of DFDs but are inadequate for proving properties about either DFDs or their components. The authors address this inadequacy by providing a formal mathematical semantics for DFDs from which formal specifications can be generated. The intention is to 'graft' this formal system onto SAME, and other tools, so that (traditional) semi-formal tools can be used as the 'front-ends' in the rigorous development of software. The aim is not merely to create an environment consisting of a set of tools that occupy the middle of the informal-formal spectrum. Rather, an eclectic approach is being pursued in which formal, semi-formal, and informal approaches can be integrated to support the software development process, thus providing flexibility both in terms of the rigour required by (and from) a user, and in terms of the choice of methods and tools available.<>",ieee,llm,0.900,unreviewed,
discarded,Real Time Implementation of Anti-Windup System for Complex Control Algorithms,Ciprian Lupu; Marian-Daniel Bănică; Duc Lich Luu; Bogdan Mihai Zamfir; Elena-Camelia Papuc; Catalin Petrescu,2025,"2025 29th International Conference on System Theory, Control and Computing (ICSTCC)",10.1109/ICSTCC66753.2025.11240500,https://ieeexplore.ieee.org/document/11240500/,off-topic-false-hit,"Limitation of the control signal applied to a process is a frequent occurrence in the practical operation of control systems. This limitation is primarily due to actuator saturation or defined permissible operating ranges. In real-time implementations, such limitations generally have detrimental effects on the designed control performance. Specialized literature and practice offer anti-windup (AW) solutions that largely focus on the integral component of Proportional-Integral-Derivative (PID) control algorithms. This paper proposes a general AW solution for digital RST-type control structures, applicable without restrictions on the complexity of the process and, consequently, of the control algorithm itself. The effectiveness of the proposed procedure is demonstrated through comparative studies, and the results validate the adopted approach.",ieee,llm,1.000,unreviewed,
discarded,An Organic Computing architecture for visual microprocessors based on Marching Pixels,Dietmar Fey; Marcus Komann; Frank Schurz; Andreas Loos,2007,2007 IEEE International Symposium on Circuits and Systems (ISCAS),10.1109/ISCAS.2007.377967,https://ieeexplore.ieee.org/document/4253231/,off-topic-false-hit,"The paper presents architecture and synthesis results for an organic computing hardware for smart CMOS camera chips. The organic behavior in the chip hardware is based on distributed and emergent functionality exploited for detection of objects and their center points given in binary images. Future real-time embedded systems used in industrial image processing have to provide reply times in the range of milliseconds. It is impossible to meet such strict requirements for megapixel resolutions with serial processing schemes in particular if multiple given objects have to be detected. Even classical parallel techniques like SIMD or MIMD approaches are not sufficient due to their dependency on more or less central control structures. To achieve more flexibility, unlimited scalability and higher performance parallel emergent architectures are necessary. We present such an approach, denoted as Marching Pixels, for future digital visual microprocessors. Marching Pixels work similar to artificial ants. They are crawling as hardware agents within a pixel field, e.g. to identify and to detect center points of an arbitrary number of objects given in an image. We present an emergent Marching Pixel algorithm for the processing of arbitrary concave objects and its mapping onto real hardware. Based on synthesis results for FPGAs and ASICs we discuss the possibilities of digital organic computing approaches for visual microprocessors for future smart high-speed camera systems.",ieee,llm,0.980,unreviewed,
discarded,Advanced servo-drive reference-model control application,Martin Diblík; Josef Černohorský,2012,Proceedings of the 13th International Carpathian Control Conference (ICCC),10.1109/CarpathianCC.2012.6228625,https://ieeexplore.ieee.org/document/6228625/,off-topic-false-hit,"The main topic of this article was to evaluate control structure with reference model for control of electric drive. The well known cascade control structure is used in industrial electric drives control units, where current, speed and position loops are encapsulated together. The control theory knows the advanced control structures where reference model and real plant behavior is compared to obtain error signals to calculate proper control action. The implementation difficulties are the main disadvantage if we want to evaluate the properties and limitations of this nontraditional control structures.",ieee,llm,0.990,unreviewed,
discarded,Tuning advanced PID controllers via direct H∞-norm mimimization,H. E. Musch; M. Steiner,1997,1997 European Control Conference (ECC),10.23919/ECC.1997.7082169,https://ieeexplore.ieee.org/document/7082169/,off-topic-false-hit,"The tuning of advanced PID control structures for multi-variable plants is an important problem in industry. This paper discusses the parameterization of such control structures with a direct minimization of the H∞-norm. Control designs for a distillation column and a helicopter at hover demonstrate the convergence properties of the algorithm as well as the performance limitation imposed by the fixed control structure. The heuristic algorithm achieves good results, although it cannot guarantee the global optimum.",ieee,llm,0.990,unreviewed,
discarded,The PRISMA 2020 statement: an updated guideline for reporting systematic reviews,Matthew J. Page; Joanne E. McKenzie; Patrick M. Bossuyt; Isabelle Boutron; Tammy Hoffmann; Cynthia D. Mulrow; Larissa Shamseer; Jennifer Tetzlaff; Elie A. Akl; Sue Brennan; Roger Chou; Julie Glanville; Jeremy Grimshaw; Asbjørn Hróbjartsson; Manoj M. Lalu; Tianjing Li; Elizabeth Loder; Evan Mayo‐Wilson; Steve McDonald; Luke A. McGuinness; Lesley Stewart; James Thomas; Andrea C. Tricco; Vivian Welch; Penny Whiting; David Moher,2021,BMJ,10.1136/bmj.n71,https://openalex.org/W3118615836,off-topic-false-hit,"The Preferred Reporting Items for Systematic reviews and Meta-Analyses (PRISMA) statement, published in 2009, was designed to help systematic reviewers transparently report why the review was done, what the authors did, and what they found. Over the past decade, advances in systematic review methodology and terminology have necessitated an update to the guideline. The PRISMA 2020 statement replaces the 2009 statement and includes new reporting guidance that reflects advances in methods to identify, select, appraise, and synthesise studies. The structure and presentation of the items have been modified to facilitate implementation. In this article, we present the PRISMA 2020 27-item checklist, an expanded checklist that details reporting recommendations for each item, the PRISMA 2020 abstract checklist, and the revised flow diagrams for original and updated reviews.",openalex,llm,1.000,unreviewed,
discarded,The PRISMA 2020 statement: An updated guideline for reporting systematic reviews,Matthew J. Page; Joanne E. McKenzie; Patrick M. Bossuyt; Isabelle Boutron; Tammy Hoffmann; Cynthia D. Mulrow; Larissa Shamseer; Jennifer Tetzlaff; Elie A. Akl; Sue Brennan; Roger Chou; Julie Glanville; Jeremy Grimshaw; Asbjørn Hróbjartsson; Manoj M. Lalu; Tianjing Li; Elizabeth Loder; Evan Mayo‐Wilson; Steve McDonald; Luke A. McGuinness; Lesley Stewart; James Thomas; Andrea C. Tricco; Vivian Welch; Penny Whiting; David Moher,2021,International Journal of Surgery,10.1016/j.ijsu.2021.105906,https://openalex.org/W3146142859,off-topic-false-hit,"The Preferred Reporting Items for Systematic reviews and Meta-Analyses (PRISMA) statement, published in 2009, was designed to help systematic reviewers transparently report why the review was done, what the authors did, and what they found. Over the past decade, advances in systematic review methodology and terminology have necessitated an update to the guideline. The PRISMA 2020 statement replaces the 2009 statement and includes new reporting guidance that reflects advances in methods to identify, select, appraise, and synthesise studies. The structure and presentation of the items have been modified to facilitate implementation. In this article, we present the PRISMA 2020 27-item checklist, an expanded checklist that details reporting recommendations for each item, the PRISMA 2020 abstract checklist, and the revised flow diagrams for original and updated reviews.",openalex,llm,1.000,unreviewed,
discarded,The PRISMA 2020 statement: an updated guideline for reporting systematic reviews,Matthew J. Page; Joanne E. McKenzie; Patrick M. Bossuyt; Isabelle Boutron; Tammy Hoffmann; cindy mulrow; Larissa Shamseer; Jennifer Tetzlaff; Elie A. Akl; Sue Brennan; Roger Chou; Julie Glanville; Jeremy Grimshaw; Asbjørn Hróbjartsson; Manoj M. Lalu; Tianjing Li; Elizabeth Loder; Evan Mayo‐Wilson; Steve McDonald; Luke A. McGuinness; Lesley Stewart; James Thomas; Andrea C. Tricco; Vivian Welch; Penny Whiting; David Moher,2020,,10.31222/osf.io/v7gm2,https://openalex.org/W4236476849,off-topic-false-hit,"Background: The Preferred Reporting Items for Systematic reviews and Meta-Analyses (PRISMA) Statement, published in 2009, was designed to help systematic reviewers transparently report why the review was done, what the authors did and what they found. Over the last decade, there have been many advances in systematic review methodology and terminology, which have necessitated an update to the guideline.Objectives: To develop the PRISMA 2020 statement for reporting systematic reviews.Methods: We reviewed 60 documents with reporting guidance for systematic reviews to generate suggested modifications to the PRISMA 2009 statement. We sought feedback on the suggested modifications through an online survey of 110 systematic review methodologists and journal editors. The results of the review and survey were discussed at a 21-member in-person meeting. Following the meeting, drafts of the PRISMA 2020 checklist, abstract checklist, explanation and elaboration and flow diagram were generated and refined iteratively based on feedback from co-authors and a convenience sample of 15 systematic reviewers.Results: In this statement paper, we present the PRISMA 2020 27-item checklist, an expanded checklist that details reporting recommendations for each item, the PRISMA 2020 abstract checklist, and the revised flow diagrams for original and updated reviews. The checklist includes new reporting guidance that reflects advances in methods to identify, select, appraise and synthesise studies. The structure and presentation of the items have been modified to facilitate implementation. The PRISMA 2020 statement replaces the 2009 statement.Conclusions: The PRISMA 2020 statement is intended to facilitate transparent, complete and accurate reporting of systematic reviews. Improved reporting should benefit users of reviews, including guideline developers, policy makers, health care providers, patients and other stakeholders. In order to achieve this, we encourage authors, editors and peer-reviewers to adopt the guideline.",openalex,llm,1.000,unreviewed,
discarded,The PRISMA 2020 statement: An updated guideline for reporting systematic reviews,Matthew J. Page; Joanne E. McKenzie; Patrick M. Bossuyt; Isabelle Boutron; Tammy Hoffmann; Cynthia D. Mulrow; Larissa Shamseer; Jennifer Tetzlaff; Elie A. Akl; Sue Brennan; Roger Chou; Julie Glanville; Jeremy Grimshaw; Asbjørn Hróbjartsson; Manoj M. Lalu; Tianjing Li; Elizabeth Loder; Evan Mayo‐Wilson; Steve McDonald; Luke A. McGuinness; Lesley Stewart; James Thomas; Andrea C. Tricco; Vivian Welch; Penny Whiting; David Moher,2021,Journal of Clinical Epidemiology,10.1016/j.jclinepi.2021.03.001,https://openalex.org/W3141256924,off-topic-false-hit,"The Preferred Reporting Items for Systematic reviews and Meta-Analyses (PRISMA) statement, published in 2009, was designed to help systematic reviewers transparently report why the review was done, what the authors did, and what they found. Over the past decade, advances in systematic review methodology and terminology have necessitated an update to the guideline. The PRISMA 2020 statement replaces the 2009 statement and includes new reporting guidance that reflects advances in methods to identify, select, appraise, and synthesise studies. The structure and presentation of the items have been modified to facilitate implementation. In this article, we present the PRISMA 2020 27-item checklist, an expanded checklist that details reporting recommendations for each item, the PRISMA 2020 abstract checklist, and the revised flow diagrams for original and updated reviews.",openalex,llm,1.000,unreviewed,
kept,Kleene algebra with tests,Dexter Kozen,1997,ACM Transactions on Programming Languages and Systems,10.1145/256167.256195,https://openalex.org/W1998368317,supports-claim,"We introduce Kleene algebra with tests, an equational system for manipulating programs. We give a purely equational proof, using Kleene algebra with tests and commutativity conditions, of the following classical result: every while program can be simulated by a while program can be simulated by a while program with at most one while loop. The proof illustrates the use of Kleene algebra with tests and commutativity conditions in program equivalence proofs.",openalex,llm,0.970,unreviewed,
