status,title,authors,year,venue,doi,url,tags,abstract,provider,decision_source,llm_confidence,llm_review_outcome,llm_change_direction
discarded,The Role of Executive Functions on Computational Thinking: A Preliminary Study,Qi Luo; Shuhan Zhang; Lele Huang,2025,2025 IEEE Integrated STEM Education Conference (ISEC),10.1109/ISEC64801.2025.11147392,https://ieeexplore.ieee.org/document/11147392/,adjacent-subtopic,"Computational Thinking (CT) is a problem-solving approach derived from computer science (CS) that applies broadly across disciplines and real-world contexts. Beyond CS, CT is a transferable cognitive skill, offering adaptable solutions and functioning as an independent psychological domain. With CT becoming increasingly integrated into K–12 education, it is crucial to understand the cognitive and psychological factors that underpin its development, enabling educators to design more effective teaching strategies and improve students' CT skills. Previous research has highlighted a connection between CT and cognitive skills such as reasoning and spatial abilities, but its connection with executive functions (EFs), a set of core cognitive processes, has received limited attention, particularly among younger learners. To address this gap, this study examined the relationship between EFs and CT performance in a sample of 66 first-grade students from a public elementary school in Southern China. The findings revealed a significant positive correlation between EFs and CT skills, with EFs identified as a key predictor of CT performance. These results emphasize the role of EFs in shaping CT skills and the importance of considering cognitive factors in CT curricula. Future directions for the study were discussed.",ieee,llm,0.950,unreviewed,
discarded,Design and Application of a Game Activity-Based Unplugged Programming Curriculum for Elementary Schools,Yujie He; Wei Deng; Meijuan Liu,2023,2023 Twelfth International Conference of Educational Innovation through Technology (EITT),10.1109/EITT61659.2023.00011,https://ieeexplore.ieee.org/document/10513387/,adjacent-subtopic,"A series of unplugged programming courses based on game activities has been designed and developed to reduce the difficulty of programming courses in elementary school and to develop computational thinking skills in elementary school students. Four components were designed for the course: course objectives, course content, course activities, and course evaluation. A controlled experiment was performed to validate the course's influence on developing learners' computational thinking, and a questionnaire was employed to examine the experimental class learners' experience with the course. The results found that the level of computational thinking in the experimental class was also significantly different from the pretest, and the students in the experimental class rated each item of the course above 7 points. This indicates that this course has a significant effect on cultivating students' computational thinking, and the learners had a good learning experience and made gains from this course.",ieee,llm,0.940,unreviewed,
discarded,Analysis of the Factors Influencing K-12 Students' Computational Thinking Using Meta-analytic Structural Equation Modeling,Yu Lei; Baolin Yi; Xin Fu; Jingjie Zhao,2025,2025 7th International Conference on Computer Science and Technologies in Education (CSTE),10.1109/CSTE64638.2025.11092066,https://ieeexplore.ieee.org/document/11092066/,adjacent-subtopic,"Computational thinking is a hot topic in the field of K-12 education, and analyzing the relationship between computational thinking and its influencing factors is of great importance for the development of computational thinking in K-12 students. This study conducted a comprehensive quantitative analysis of 53 selected studies based on the meta-analytic structural equation modelling (MASEM) approach to examine the effects and mechanisms of programming experience, thinking style, learning attitude, and academic performance on K-12 students' computational thinking. It was found that thinking style, learning attitude and academic performance all had a significant positive effect on K-12 students' computational thinking, and programming experience could have a significant effect on K-12 students' computational thinking through the chain mediation of thinking style, learning attitude and academic performance. In addition, the moderation analysis revealed that there is a moderating role of grade in the above relationships. The findings provide strong evidence that programming experience, thinking style, learning attitude, and academic performance predict K-12 students' computational thinking and provide theoretical guidance for the development of K-12 students' computational thinking.",ieee,llm,0.950,unreviewed,
discarded,COEDU-IN Project: an inclusive co-educational project for teaching computational thinking and digital skills at early ages,Carina S. González-González; Pino Caballero-Gil; Alicia García-Holgado; Francisco J. García-Peñalvo; Jezabel Molina; José M. del Castillo-Olivares; Bernardo Candela San Juan; Sara García Cuesta; Inmaculada Perdomo; Cándido Caballero-Gil; Francisco Gutíerrez-Vela; Patricia Paderewski; Verónica Violant Holz; Rosa Gil Iranzo; Sofía Ramos,2021,2021 International Symposium on Computers in Education (SIIE),10.1109/SIIE53363.2021.9583648,https://ieeexplore.ieee.org/document/9583648/,adjacent-subtopic,"Learning to program is the new literacy of the 21st century. Computational thinking, closely related to programming, requires thinking and solving problems with different levels of abstraction and is independent of hardware devices. The early childhood education stage provides teachers with the opportunity to lay the foundations for a comprehensive quality education using innovative tools and technologies. Educational robotics in early childhood education becomes a tool that facilitates the acquisition of knowledge to children, playfully, based on the principles of interactivity, social interrelationships, collaborative work, creativity, constructivist and constructionist learning, and a student-centered didactic approach, allowing in turn that student can acquire digital competencies and develop logical and computational thinking in an underlying way. This project explores the current state of teaching and learning computational thinking and programming in early childhood education in an inclusive manner. Moreover, the lack of diversity and inequality is particularly latent in science, Technology, Engineering, and Mathematics (STEM) fields. Therefore, this work considers this problem and presents an inclusive coeducation approach to this new literacy, eliminating gender stereotypes and extending them to people with Down syndrome and hospitalized minors.",ieee,llm,0.880,unreviewed,
discarded,Implementing a new Computer Science Curriculum for middle school in Israel,Iris Zur Bargury; Bruria Haberman; Avi Cohen; Orna Muller; Doron Zohar; Dalit Levy; Reuven Hotoveli,2012,2012 Frontiers in Education Conference Proceedings,10.1109/FIE.2012.6462365,https://ieeexplore.ieee.org/document/6462365/,adjacent-subtopic,"As part of a national strategic plan recently established by the Ministry of Education in Israel to strengthen science and technology education, an innovative Computer Science (CS) curriculum for middle school was developed. One main goal of the new curriculum is to expose students at an early stage of education to the fundamentals of CS and computational thinking, and to encourage students to study CS in the future. We present the curriculum and its initial implementation, focusing on issues of teachers' professional development.",ieee,llm,0.930,unreviewed,
discarded,Computational Thinking Conceptions and Misconceptions: Progression of Preservice Teacher Thinking During Computer Science Lesson Planning.,Olgun Sadik; Anne T. Ottenbreit-Leftwich; Hamid Nadiruzzaman,2017,"Emerging Research, Practice, and Policy on Computational Thinking",10.1007/978-3-319-52691-1_14,https://dblp.org/rec/books/sp/17/SadikON17,adjacent-subtopic,"This study examined 12 preservice teachers' understanding of computational thinking while planning and implementing a computational thinking activity for fifth grade students. The preservice teachers were enrolled in an add-on computer education license that would certify them to teach computer courses in addition to their primary major area (11 elementary education majors, 1 secondary social studies education major). The preservice teachers were asked to develop a 2 h instructional project for fifth grade students to build on the computational thinking concepts learned during the ""Hour of Code"" activity. Data was collected from preservice teachers' initial proposals, two blog posts, video recordings of in-class discussions, instructional materials, final papers, and a long-term blog post 3 months after the intervention. Results showcased that the process of developing and implementing computational thinking instruction influenced preservice teachers' understanding of computational thinking. The preservice teachers were able to provide basic definitions of computational thinking as a problem-solving strategy and emphasized that learning computational thinking does not require a computer. On the other hand, some preservice teachers had misconceptions about computational thinking, such as defining computational thinking as equal to algorithm design and suggesting trial and error as an approach to computational problem solving. We provide recommendations for teacher educators to use more directed activities to counteract potential misconceptions about computational thinking.",dblp,llm,0.880,unreviewed,
discarded,Progressive flowchart development scaffolding to improve university students&apos; computational thinking and programming self-efficacy.,Jia-Hua Zhang 0006; Bin Meng; Liu-cong Zou; Yue Zhu; Gwo-Jen Hwang,2023,Interact. Learn. Environ.,10.1080/10494820.2021.1943687,https://dblp.org/rec/journals/ile/ZhangMZZH23,adjacent-subtopic,"ABSTRACT As one of the core skills of the 21st century, computational thinking has received increasing attention from educators and researchers. Although some research has been conducted on computational thinking, few studies examined the impact of learning activities on students’ computation thinking skills from the perspective of cognitive development. Based on the theory of scaffolding instruction, a progressive thinking training approach with flowcharts was proposed to cultivate students’ computational thinking skills. A quasi-experiment was designed to evaluate the effectiveness of the training. Forty-nine Chinese tertiary students undertaking a programming course were randomly assigned into two groups – the experimental and control groups. During the course, the experimental group received progressive training, and the control group received non-progressive training. The results showed that the experimental group gained a significantly higher level of academic achievement than the control group. Meanwhile, the experimental group showed a remarkable improvement in programming self-efficacy. Furthermore, the participants in the experimental group showed a higher level of computational thinking skills, including cooperative learning, critical thinking, and problem solving skills. In summary, the progressive thinking training approach with flowcharts could not only improve the participants’ computational thinking skills and programming self-efficacy, but also help them to achieve better academic outcomes.",dblp,llm,0.950,unreviewed,
discarded,The effects of a progressive scaffolding approach on middle school students&apos;computational thinking skills and self-efficacy.,Feifei Xi; Tianyu Xiao; Xiaofei Li; Yafei Hu; Hongliang Ma,2023,ICETC,10.1145/3629296.3629313,https://dblp.org/rec/conf/icetc/XiXLHM23,adjacent-subtopic,"Computational thinking (CT) is considered a necessary skill for the 21st century. Researchers have increasingly focused on how to effectively enhance students’ CT in programming courses. This study proposes a progressive scaffolding approach with flowcharts and visual programming codes applied to a visual programming course based on an open-source hardware platform to improve CT skills and self-efficacy in middle school students. Forty-five middle school students in grades 7 and 8 participated in this study. Both quantitative and qualitative data were collected by using CT tests, scales, and semi-structured interviews. A repeated measures analysis of variance (ANOVA) examined differences in CT skills and self-efficacy on the pre-test, mid-test, and post-test. The results indicated that the progressive scaffolding approach significantly improved middle school students’ CT skills and self-efficacy. These results reveal the effectiveness of the progressive scaffolding approach in improving the computational thinking of middle school students in a visual programming course with an open-source hardware platform, which helps to extend the design of progressive scaffolding.",dblp,llm,0.950,unreviewed,
discarded,Work-in-Progress: The Impact of Computational Thinking on Introducing Programming: Quasi-experiment and Student Perception.,Mewati Ayub; Oscar Karnalim; Maresha Caroline Wijanto; Robby Tan; Risal; Rossevine Artha Nathasya,2022,ICL,10.1007/978-3-031-26190-9_49,https://dblp.org/rec/conf/icl/AyubKWTRN22,adjacent-subtopic,"Learning programming can be challenging for some students. As Computational Thinking (CT) is one of programming's basic foundations, this paper aims to assess the impact of introducing CT prior to learning programming. We compare two groups of informatics students, one with a CT course and another without it. Our quasi-experiments show that students with the CT course have better theoretical and laboratory exam results; they also have higher retention. From a questionnaire survey, students from both groups agree that CT can assist them to learn programming logic, syntax, and runtime. We conclude that introducing CT to informatics students can help them to learn introductory programming, especially in increasing student retention.",dblp,llm,0.930,unreviewed,
kept,From classroom lessons to exploratory learning progressions: mathematics + computational thinking.,Maya Israel; Todd Lash,2020,Interact. Learn. Environ.,10.1080/10494820.2019.1674879,https://dblp.org/rec/journals/ile/IsraelL20,CT-facets-concepts-vs-practices; supports-claim,"ABSTRACT This paper presents findings from a two-year qualitative study examining integration of computer science (CS) and computational thinking (CT) into elementary mathematics instruction. Integrated units were developed by elementary teachers and CS/CT coaches with support from university faculty with expertise in CS/CT and elementary mathematics. CS/CT instruction primarily relied on the Scratch environment, although some lessons made use of Code.org materials. This research primarily relied on two theories of integration (i.e. Kiray, 2012. A new model for the integration of science and mathematics: The balance model. Energy Education Science and Technology Part B: Social and Educational Studies, 4(3), 1181–1196) that provided insight into the level of interconnection between the disciplines and the relative amount of instructional time spent within each discipline. Findings revealed that cross-grade CS/CT concepts included sequencing, looping, and conditional logic. Within each category: (a) concepts were taught with increasing complexity across the grades, (b) the mathematics was dominant and CS/CT was important but secondary, and (c) three types of lessons emerged: No integration, partial integration, and full integration. Lastly, lessons generally included a transition from less integrated to more integrated activities with an initial focus on discipline-specific conceptual understanding prior to integrated activities.",dblp,llm,0.860,unreviewed,
discarded,Exploring the Progression of Early Programmers in a Set of Computational Thinking Challenges via Clickstream Analysis.,Andoni Eguíluz; Mariluz Guenaga; Pablo Garaizar; Cristian Olivares-Rodríguez,2020,IEEE Trans. Emerg. Top. Comput.,10.1109/TETC.2017.2768550,https://dblp.org/rec/journals/tetc/EguiluzGGO20,adjacent-subtopic,"In recent years, many initiatives have aimed to develop basic computational thinking skills. Despite the popularity of online platforms for early programmers, we still lack detailed information to analyze how these skills are acquired. In the present study we analyzed clickstream data from 3,355 participants enrolled in several Computational Thinking workshops using Kodetu, an online platform with fine grained logging features. Participants used Kodetu's coding blocks to solve challenges of increasing difficulty while we gathered their clickstream in the platform. Here, we present our findings after evaluating these data in regards of participants’ characteristics (age, sex, previous knowledge), similarity with previously submitted solutions, and degree of discrepancy from the optimal solution. To facilitate collaboration with other researchers in this area, we released our dataset under an open license. To the best of our knowledge, this is the largest Computational Thinking-related datasets publicly available.",dblp,llm,0.900,unreviewed,
kept,Progression Of Computational Thinking Skills In Swedish Compulsory Schools With Block-based Programming.,Lechen Zhang; Jalal Nouri; Lennart Rolandsson,2020,ACE,10.1145/3373165.3373173,https://dblp.org/rec/conf/ace/ZhangNR20,CT-facets-concepts-vs-practices; supports-claim,"Although Computational Thinking and Programming have become obligatory in many national curricula, the majority of teachers in practice are currently in dire need of support from both the research and teaching community. A national research and teacher development project was initiated in Sweden to address this issue. To develop their pedagogical competence in these new subjects, 31 in-service teachers from the project performed lesson studies at their schools. This study collected and analyzed the documentation of 12 lesson studies regarding how computational thinking skills are taught and assessed in K--9, with block-based programming. The study applies a validated CT framework to identify the involved computational thinking skills. The result presents a progression stage scheme for these skills in compulsory schools. The paper also discusses the problems and challenges in the assessment of computational thinking skills.",dblp,llm,0.910,unreviewed,
discarded,Extending and Evaluating the Use-Modify-Create Progression for Engaging Youth in Computational Thinking.,Fred G. Martin; Irene A. Lee; Nicholas Lytle; Sue Sentance; Natalie Lao,2020,SIGCSE,10.1145/3328778.3366971,https://dblp.org/rec/conf/sigcse/MartinLLSL20,adjacent-subtopic,"The Use-Modify-Create progression (UMC) was conceptualized in 2011 after comparing the productive integration of computational thinking across National Science Foundation-funded Innovative Technology Experiences for Students and Teachers (NSF ITEST) programs. Since that time, UMC has been widely promoted as a means to scaffold student learning of computational thinking (CT) while enabling personalization and allowing for creative adaptations of pre-existing computational artifacts. In addition to UMC's continued application, it has recently been utilized to scaffold student learning in topics as diverse as machine learning, e-textiles, and computer programming. UMC has also been applied to instructional goals other than ""supporting students in becoming creators of computational artifacts."" This panel will re-examine the UMC progression and refine our understanding of when its use is suitable, and when not, and share findings on evaluations and extensions to UMC that are productive in new and different contexts.",dblp,llm,0.840,unreviewed,
discarded,"Use, Modify, Create: Comparing Computational Thinking Lesson Progressions for STEM Classes.",Nicholas Lytle; Veronica Cateté; Danielle Boulden; Yihuan Dong; Jennifer Houchins; Alexandra Milliken; Amy Isvik; Dolly Bounajim; Eric N. Wiebe; Tiffany Barnes,2019,ITiCSE,10.1145/3304221.3319786,https://dblp.org/rec/conf/iticse/LytleCBDHMIBWB19,adjacent-subtopic,"Computational Thinking (CT) is being infused into curricula in a variety of core K-12 STEM courses. As these topics are being introduced to students without prior programming experience and are potentially taught by instructors unfamiliar with programming and CT, appropriate lesson design might help support both students and teachers. ""Use-Modify-Create"" (UMC), a CT lesson progression, has students ease into CT topics by first ""Using"" a given artifact, ""Modifying"" an existing one, and then eventually ""Creating"" new ones. While studies have presented lessons adopting and adapting this progression and advocating for its use, few have focused on evaluating UMC's pedagogical effectiveness and claims. We present a comparison study between two CT lesson progressions for middle school science classes. Students participated in a 4-day activity focused on developing an agent-based simulation in a block-based programming environment. While some classrooms had students develop code on days 2-4, others used a scaffolded lesson plan modeled after the UMC framework. Through analyzing student's exit tickets, classroom observations, and teacher interviews, we illustrate differences in perception of assignment difficulty from both the students and teachers, as well as student perception of artifact ""ownership"" between conditions.",dblp,llm,0.900,unreviewed,
