status,title,authors,year,venue,doi,url,tags,abstract,provider,decision_source,llm_confidence,llm_review_outcome,llm_change_direction
discarded,Computational Thinking in Greek Educational System for K-12: towards the future teaching approach,Ioannis Dimos; Chrysoula Velaora; Athanasios Kakarountas,2022,2022 Panhellenic Conference on Electronics & Telecommunications (PACET),10.1109/PACET56979.2022.9976359,https://ieeexplore.ieee.org/document/9976359/,adjacent-subtopic,"Computational thinking is considered an important skill set for 21st-century learners and became a subject of focus in K-12 education in recent years. It cultivates problem-solving and algorithmic thinking and can be helpful in wider aspects of everyday life, besides programming and computer science. In this paper, we investigated what is the Greek Primary and Secondary School Teachers’ understanding and awareness as far as Computational Thinking is concerned. Since teachers are the agents of change, it is critical to find out how familiar and/or skilled they are with the Computational Thinking notion. Thus, we applied a qualitative questionnaire all over the whole Greek State where 406 teachers answered. The study led to a number of interesting conclusions regarding the teacher’s readiness, as well as more generic aspects according to their profile and faculty.",ieee,llm,0.830,unreviewed,
kept,An Exploration of Three-Dimensional Integrated Assessment for Computational Thinking,Baichang Zhong; Qiyun Wang; Jie Chen; Yi Li,2015,Journal of Educational Computing Research,10.1177/0735633115608444,https://openalex.org/W2293715419,supports-claim,"Computational thinking (CT) is a fundamental skill for students, and assessment is a critical factor in education. However, there is a lack of effective approaches to CT assessment. Therefore, we designed the Three-Dimensional Integrated Assessment (TDIA) framework in this article. The TDIA has two aims: one was to integrate three dimensions (directionality, openness, and process) into the design of effective assessment tasks; and the other was to assess comprehensively the three dimensions of CT including computational concepts, practices, and perspectives. Guided by the TDIA framework, we designed three pairs of tasks: closed forward tasks and closed reverse tasks, semiopen forward tasks and semiopen reverse tasks, and open tasks with a creative design report and open tasks without a creative design report. To further confirm each task’s applicability and its advantages and disadvantages, we conducted a test experiment at the end of the autumn semester in 2014 in a primary school for 3 weeks. The results indicated that (a) the reverse tasks were not more superior than the forward tasks; (b) the semiopen tasks and the open tasks were more effective than the closed tasks, and the semiopen tasks had higher difficulty and discrimination than the others; (c) the self-reports provided a helpful function for learning diagnosis and guidance; (d) the scores had no significant difference between the schoolboys and the schoolgirls in all six tasks; and (e) the six tasks’ difficulty and discrimination were all acceptable, and the semiopen tasks had higher difficulty and discrimination than the others. To effectively apply them, the following suggestions for teachers to design computational tasks are proposed: motivating students’ interest and enthusiasm, incorporating semifinished artifacts, involving learning diagnosis and guidance, and including multiple types of tasks in an assessment.",openalex,llm,0.940,unreviewed,
discarded,"Artificial intelligence, computational thinking, and mathematics education",George Gadanidis,2017,International Journal of Information and Learning Technology,10.1108/ijilt-09-2016-0048,https://openalex.org/W2600561228,adjacent-subtopic,"Purpose The purpose of this paper is to examine the intersection of artificial intelligence (AI), computational thinking (CT), and mathematics education (ME) for young students (K-8). Specifically, it focuses on three key elements that are common to AI, CT and ME: agency, modeling of phenomena and abstracting concepts beyond specific instances. Design/methodology/approach The theoretical framework of this paper adopts a sociocultural perspective where knowledge is constructed in interactions with others (Vygotsky, 1978). Others also refers to the multiplicity of technologies that surround us, including both the digital artefacts of our new media world, and the human methods and specialized processes acting in the world. Technology is not simply a tool for human intention. It is an actor in the cognitive ecology of immersive humans-with-technology environments (Levy, 1993, 1998) that supports but also disrupts and reorganizes human thinking (Borba and Villarreal, 2005). Findings There is fruitful overlap between AI, CT and ME that is of value to consider in mathematics education. Originality/value Seeing ME through the lenses of other disciplines and recognizing that there is a significant overlap of key elements reinforces the importance of agency, modeling and abstraction in ME and provides new contexts and tools for incorporating them in classroom practice.",openalex,llm,0.800,unreviewed,
discarded,"A Multiyear Investigation of Student Computational Thinking Concepts, Practices, and Perspectives in an After-School Computing Program",Chrystalla Mouza; Yi-Cheng Pan; Hui Yang; Lori Pollock,2020,Journal of Educational Computing Research,10.1177/0735633120905605,https://openalex.org/W3008736874,adjacent-subtopic,"In this work, we examine whether repeated participation in an after-school computing program influenced student learning of computational thinking concepts, practices, and perspectives. We also examine gender differences in learning outcomes. The program was developed through a school–university partnership. Data were collected from 138 students over a 2.5-year period. Data sources included pre–post content assessments of computational concepts related to programming in addition to computational artifacts and interviews with a purposeful sample of 12 participants. Quantitative data were analyzed using statistical methods to identify gains in pre- and post-learning of computational thinking concepts and examine potential gender differences. Interview data were analyzed qualitatively. Results indicated that students made significant gains in their learning of computational thinking concepts and that gains persisted over time. Results also revealed differences in learning of computational thinking concepts among boys and girls both at the beginning and end of the program. Finally, results from student interviews provided insights into the development of computational thinking practices and perspectives over time. Results have implications for the design of after-school computing programs that help broaden participation in computing.",openalex,llm,0.880,unreviewed,
discarded,Identifying middle school students’ challenges in computational thinking-based science learning,Satabdi Basu; Gautam Biswas; Pratim Sengupta; Amanda Dickes; John S. Kinnebrew; Douglas B. Clark,2016,Research and Practice in Technology Enhanced Learning,10.1186/s41039-016-0036-2,https://openalex.org/W2398005666,adjacent-subtopic,"Computational thinking (CT) parallels the core practices of science, technology, engineering, and mathematics (STEM) education and is believed to effectively support students' learning of science and math concepts. However, despite the synergies between CT and STEM education, integrating the two to support synergistic learning remains an important challenge. Relatively, little is known about how a student's conceptual understanding develops in such learning environments and the difficulties they face when learning with such integrated curricula. In this paper, we present a research study with CTSiM (Computational Thinking in Simulation and Modeling)-computational thinking-based learning environment for K-12 science, where students build and simulate computational models to study and gain an understanding of science processes. We investigate a set of core challenges (both computational and science domain related) that middle school students face when working with CTSiM, how these challenges evolve across different modeling activities, and the kinds of support provided by human observers that help students overcome these challenges. We identify four broad categories and 14 subcategories of challenges and show that the human-provided scaffolds help reduce the number of challenges students face over time. Finally, we discuss our plans to modify the CTSiM interfaces and embed scaffolding tools into CTSiM to help students overcome their various programming, modeling, and science-related challenges and thus gain a deeper understanding of the science concepts.",openalex,llm,0.900,unreviewed,
kept,A scoping review of computational thinking assessments in higher education,Chang Lu; Rob Macdonald; Bryce Odell; Vasyl Kokhan; Carrie Demmans Epp; Maria Cutumisu,2022,Journal of Computing in Higher Education,10.1007/s12528-021-09305-y,https://openalex.org/W4207009873,supports-claim,"The field of computational thinking (CT) is developing rapidly, reflecting its importance in the global economy. However, most empirical studies have targeted CT in K-12, thus, little attention has been paid to CT in higher education. The present scoping review identifies and summarizes existing empirical studies on CT assessments in post-secondary education, aiming to reveal the current trends of empirical research in this domain and key features of recent CT assessment instruments. It examines 33 peer-reviewed journal articles published between 2013 and 2019 from six databases. Results show that most assessment tools are designed for computing science and engineering undergraduates or pre-service and in-service teachers in these subjects. Most tools involve in-class interventions to promote CT skills. Several assessment formats were adopted in the selected studies, including selected-response questions, constructed-response questions, Likert scales, interviews, programming artefacts, observations, and interviews. Finally, most assessment instruments attempt to measure skills from a combination of dimensions including CT Concepts, Practices, and Perspectives from a hybrid-competency framework. More specifically, the skills assessed in most studies are algorithmic thinking, problem solving, data, logic and logical thinking, and abstraction. Findings may help instructors to select CT assessments for higher education and researchers to focus on less explored research areas.",openalex,llm,0.930,unreviewed,
kept,Computational thinking in early childhood education: Reviewing the literature and redeveloping the three-dimensional framework,Yue Zeng; Weipeng Yang; Alfredo Bautista,2023,Educational Research Review,10.1016/j.edurev.2023.100520,https://openalex.org/W4319601984,supports-claim,"Computational thinking (CT) is gaining increasing attention from researchers and practitioners all over the world to empower children in the digital era. However, there is no consensus on which components of CT to teach beginning coders in early childhood education (ECE). To address this issue, we conducted a systematic review of 42 empirical studies focused on teaching and assessing CT in ECE. We analyzed the included studies with the three-dimensional CT framework proposed by Brennan and Resnick (2012) and demonstrated how this framework could be modified to fit the context of ECE. Based on this systematic review, we sorted out the CT components that were proven suitable for young children to learn by incorporating emerging components and removing components inappropriate for young children. We thus proposed a CT curriculum framework for ECE that covers CT concepts (i.e., control flow/structures, representation, and hardware/soft-ware), CT practices (i.e., algorithmic design, pattern recognition, abstraction, debugging, decomposition, iteration, and generalizing), and CT perspectives (i.e., expressing and creating, connecting, perseverance, and choices of conduct). This systematic review and its associated CT curriculum framework provide important theoretical contributions and practical implications for early childhood CT education.",openalex,llm,0.990,unreviewed,
discarded,Learning natural selection through computational thinking: Unplugged design of algorithmic explanations,Amanda Peel; Troy D. Sadler; Patricia Friedrichsen,2019,Journal of Research in Science Teaching,10.1002/tea.21545,https://openalex.org/W2917369179,adjacent-subtopic,"Abstract Computational thinking (CT) is a way of making sense of the natural world and problem solving with computer science concepts and skills. Although CT and science integrations have been called for in the literature, empirical investigations of such integrations are lacking. Prior work in natural selection education indicates students struggle to explain natural selection in different contexts and natural selection misconceptions are common. In this mixed methods study, secondary honors biology students learn natural selection through CT by engaging in the design of unplugged algorithmic explanations. Students learned CT principles and practices and applied them to learn and explain the natural selection process. Algorithmic explanations were used to scaffold transfer of natural selection knowledge across contexts through investigation of three organisms and the creation of generalized natural selection algorithms. Students' pre‐ and post‐unit algorithmic explanations of natural selection were analyzed to answer the following research questions: (a) How do students' conceptions of natural selection change over the course of a CT focused unit? (b) What is the relationship between CT and natural selection in students' algorithmic explanations? (c) What are students' perspectives of learning natural selection with CT? Results indicate students' conceptions of natural selection increased and natural selection misconceptions decreased over the course of the unit. Within their post‐unit algorithmic explanations, students used specific CT principles in conjunction with natural selection concepts to explain natural selection, which helped them to learn the details of the natural selection process and correct their natural selection misconceptions. Students indicated the use of CT in unplugged algorithmic explanations in different contexts helped them learn natural selection. This study shows unplugged CT can be used to teach students science content, and it provides an example for further CT and science integrations. Implications for the field are discussed.",openalex,llm,0.860,unreviewed,
discarded,Supporting elementary teachers' change in computational thinking professional learning: a year-long multiple case study,"Liu, Zhichun; Liu, Ruohan; Zhao, Yuntong; Orrill, Chandra; Gouvea, Ezra; Kayumova, Shakhnoza; Balasubramanian, Ramprasad",2026,COMPUTER SCIENCE EDUCATION,10.1080/08993408.2026.2716638,https://www.webofscience.com/wos/woscc/full-record/WOS:001851596300001,adjacent-subtopic,"Background and Context: Despite the widespread proliferation of computational thinking (CT) initiatives globally, the in-service teachers' professional learning (PL) for CT-integrated curriculum is often insufficiently supported. In-service teachers often have limited prior experience with CT, low technological confidence, and insufficient ongoing support. This study focuses on three elementary educators with diverse profiles as they engage in a year-long CT PL program.Objective: The study aims to understand how sustained, individualized PL can support elementary teachers' development of CT knowledge and pedagogy over time. Specifically, it investigates how teachers' engagement, understanding of CT, and CT-related pedagogical practices change throughout a 10-month PL program.Method: Through comparing the multiple cases with a longitudinal perspective, this study tracked three teachers over a full academic year. Data were collected through interviews, monthly individual coaching sessions, and classroom observations of CT-integrated lesson implementations. Analysis was guided by the Interconnected Model of Professional Growth, focusing on changes in teachers"" personal knowledge, engagement in PL, and classroom practice.Findings: Teachers' engagement evolved from focusing on CT content acquisition to refining CT-aligned pedagogical strategies. Their understanding of key CT concepts (e.g. decomposition, algorithmic thinking, and pattern recognition) expanded over time, and their instructional approaches broadened from isolated coding activities to integrated, inquiry-based lessons. Across cases, monthly individualized coaching played a critical linking role between workshop learning and classroom enactment.Implications: The findings underscore the value of ongoing, individualized coaching for helping in-service teachers translate CT learning into sustained classroom practice, informing the design of more effective and sustainable PL.",wos,llm,0.900,unreviewed,
discarded,Investigating elementary students' experiences and perspectives with data science education,"Adisa, Ibrahim Oluwajoba; Herro, Danielle; Akhigbe, Jeremiah Nosakhare",2026,JOURNAL OF EDUCATIONAL RESEARCH,10.1080/00220671.2026.2686788,https://www.webofscience.com/wos/woscc/full-record/WOS:001793588700001,off-topic-false-hit,"This study investigates how elementary students experience and perceive data science instruction in interest-driven and contextually relevant learning environments. We focused on fourth- and fifth-grade students (ages 8-11) who participated in data science units co-developed by educators and researchers over two years. Drawing on qualitative data from 214 students in a rural STEM-focused elementary school, we examined how students engaged with data science concepts, tools, and practices. Findings revealed that students conceptualized data science as both an analytical and narrative process of collecting, organizing, and visualizing data to tell evidence-based stories. They described data science as a space for discovery and creativity, expressing enjoyment in using digital tools to design and communicate their findings. Challenges included learning to use visualization tools and balancing teacher support with creative autonomy. Our findings underscore the value of incorporating children's perspectives into the design of data science curricula and tools.",wos,llm,0.960,unreviewed,
discarded,Computational thinking and AI literacy integration in mathematics education: design principles for curricular and instructional innovations,"Ng, Oi-Lam; Ye, Huiyan; Cui, Zhihao; Lin, Ziyan; Dai, Yun",2026,ZDM-MATHEMATICS EDUCATION,10.1007/s11858-026-01795-3,https://www.webofscience.com/wos/woscc/full-record/WOS:001756654500001,adjacent-subtopic,"Integrating computational thinking (CT) and artificial intelligence (AI) to foster interdisciplinary learning has received much-needed attention worldwide in educational research, though less emphasis has been placed on simultaneously developing CT and AI learning outcomes in disciplinary (e.g., mathematics) classroom contexts. CT and AI are closely linked to mathematics, where knowledge of data practices, mathematical modelling, and generic skills such as problem-solving are highly emphasized. This paper reports on a design-based research study with four design cycles, aiming to generate empirically grounded design principles for curricular and instructional innovations in school mathematics contexts that simultaneously support CT and AI learning. Drawing upon the theoretical perspectives of CT as modelling and programming as white-boxing, and taking exemplary tasks developed from our design-based study, we detail four design principles: (1) Encourage tinkering with computational artefacts; (2) Leverage CT as modelling for authentic problem-solving; (3) Consider tool-based developmental trajectories; and (4) Exploit the white-box effect to foster mathematical and AI literacy. From this, we conceive mathematics, CT, and AI as interconnected disciplines, where learning outcomes are not treated separately but rather as translatable across different disciplinary boundaries. We conclude by discussing the opportunities and challenges of implementing the curricular and instructional designs, offering insights to inform how CT and AI concepts and processes can be meaningfully embedded in mathematics education.",wos,llm,0.850,unreviewed,
