status,title,authors,year,venue,doi,url,tags,abstract,provider,decision_source,llm_confidence,llm_review_outcome,llm_change_direction
discarded,An Empirical Study on the Usage of SQL Execution Traces for Program Comprehension,Nesrine Noughi; Stefan Hanenberg; Anthony Cleve,2017,"2017 IEEE International Conference on Software Quality, Reliability and Security Companion (QRS-C)",10.1109/QRS-C.2017.17,https://ieeexplore.ieee.org/document/8004293/,adjacent-subtopic,"Several studies have investigated dynamic analysis in the context of software maintenance and evolution, and most of them confirmed the positive impact of such analysis on program comprehension tasks. In this paper, we focus on the understanding of the database access behavior of a program, which has become an important (yet largely ignored) aspect of program comprehension. We empirically assess how developers/students are (not) able to understand interactions between the database and the application program. To this end, we used DAViS, a tool for Dynamic Analysis and Visualization of SQL execution traces. We present a controlled experiment that quantitatively evaluates to what extent DAViS can influence program comprehension in terms of duration and correctness of the tasks. The results of the study indicate that DAViS does reduce the response time and increases the correctness (with a large effect size), which means that we found a strong indicator that the chosen approach is truly able to help developers.",ieee,llm,0.870,unreviewed,
discarded,A Predictor-Corrector Algorithm for the Fast Determination of the Wrench-Feasible Workspace of Cable-Driven Parallel Robots,A. Abrous; P. Cardou,2025,IEEE Robotics and Automation Letters,10.1109/LRA.2025.3560887,https://ieeexplore.ieee.org/document/10964686/,off-topic-false-hit,"In this letter, we present a method of determining the Constant-Orientation Wrench-Feasible Workspace (COWFW) of Cable-Driven Parallel Robots (CDPRs). This workspace is a critical property of CDPRs, as their reach is often limited by their ability to sustain required forces and moments while keeping their cable tensions within acceptable limits. Several manners of determining the COWFW are reported in the literature, among which the brute force method is probably the most popular, the easiest to implement and the slowest, as it consists in determining wrench-feasibility at a grid of points covering the workspace. On the other hand, the ray-tracing method implemented in WireX software is probably the fastest method available; It consists in sampling the COWFW boundary by performing line-searches from a common starting point along predetermined, evenly-spaced directions. The method proposed in this letter is the application to CDPRs of a predictor-corrector algorithm used in computer graphics to quickly sample implicit surfaces In this work, the implicit surface is defined by equating to zero the “capacity margin” an index developed by one of the authors. The predictor-corrector algorithm then “marches” over the implicit surface, triangulating it as it advances. Simulation results show that the determination of the COWFW surface by this technique can be faster than the ray-tracing method in at least some examples, and often yields a triangulation that is more regular. We should note, however, that the implementation of this method is more demanding, it requiring more lines of code than the ray-tracing method.",ieee,llm,0.990,unreviewed,
discarded,Machine Learning with Bitcoin Heist Ransomware,Nurhaliza Hassan; Kanika Sood; Gabriel Suzuki,2023,"2023 International Conference on Smart Applications, Communications and Networking (SmartNets)",10.1109/SmartNets58706.2023.10215732,https://ieeexplore.ieee.org/document/10215732/,off-topic-false-hit,"In recent years, there has been a significant rise in the popularity of cryptocurrency amongst investors worldwide. One cryptocurrency that has been the forerunner in this new digital age is Satoshi Nakamoto’s Bitcoin. As much as it has augmented in value in the past several years, many issues have emerged as new points of concern surrounding cryptocurrency ransomware orchestrated by scammers. As a result of the growing scandals, one notorious case that has made the most headlines is the Bitcoin Heist. We have found a sizable dataset that traces back to the Bitcoin Heist incident. With the help of data science and machine learning fundamentals, we will explain different methodologies to determine whether transactions are malicious or not based on a given Bitcoin address. In this paper, we will explain cryptocurrency and ransomware and further insights into the machine learning concepts behind this issue through various models such as Adaptive Boosting (AdaBoost), Gradient Boosting, K-Nearest Neighbor (KNN), and Random Forest.",ieee,llm,0.990,unreviewed,
discarded,Dynamic Slicing of Python Programs,Zhifei Chen; Lin Chen; Yuming Zhou; Zhaogui Xu; William C. Chu; Baowen Xu,2014,2014 IEEE 38th Annual Computer Software and Applications Conference,10.1109/COMPSAC.2014.30,https://ieeexplore.ieee.org/document/6899220/,adjacent-subtopic,"Python is widely used for web programming and GUI development. Due to the dynamic features of Python, Python programs may contain various unlimited errors. Dynamic slicing extracts those statements from a program which affect the variables in a slicing criterion with a particular input. Dynamic slicing of Python programs is essential for program debugging and fault location. In this paper, we propose an approach of dynamic slicing for Python programs which combines static analysis and dynamic tracing of the Python byte code. It precisely handles the dynamic features of Python, such as dynamic typing of variables, heavy usage of first-class objects, and dynamic modifications of classes and instances. Finally, we evaluate our approach on several Python programs. Experimental results show that the whole dynamic slicing for each subject program spends at most about 13 seconds on the average and costs at most 7.58 mb memory space overhead. Furthermore, the average slice ratio of Python source code ranges from 9.26% to 59.42%. According to it, our dynamic slicing approach can be effectively and efficiently performed. To the best of our knowledge, it is the first one of dynamic slicing for Python programs.",ieee,llm,0.920,unreviewed,
discarded,An educational environment for program behavior analysis and cache memory design,R. Giorgi; C.A. Prete; G. Prina,1997,Proceedings Frontiers in Education 1997 27th Annual Conference. Teaching and Learning in an Era of Change,10.1109/FIE.1997.632644,https://ieeexplore.ieee.org/document/632644/,adjacent-subtopic,"The authors present an educational software package (Csim) used as a teaching tool to analyze the structure and behavior of a cache memory and to help the student in the design of cache memories for embedded systems. By means of an integrated software development environment, the user can create a program and explore its behavior (locality analysis). The student can observe the cache actions needed for a memory operation and evaluate the cache performance as a function of the configuration parameters. Finally, the parametric-evaluation graphical tools help in the actual design of an embedded system, in order to find the cache and memory configuration which provides the best balance between cost and performance.",ieee,llm,0.900,unreviewed,
discarded,Future Educational Technology with Big Data and Learning Analytics,Rajeev Kanth; Mikko-Jussi Laakso; Paavo Nevalainen; Jukka Heikkonen,2018,2018 IEEE 27th International Symposium on Industrial Electronics (ISIE),10.1109/ISIE.2018.8433753,https://ieeexplore.ieee.org/document/8433753/,adjacent-subtopic,"In the recent years, big data and learning analytics have been emerging as fast-growing research fields. The application of these emerging research areas is gradually addressing the contemporary challenges of school and university education. Tracing out the information regarding students' misconceptions and dropping-out probabilities from the courses at the right instant of time, development of detectors of a range of educational importance and achieving the highest level of quality in the higher education are becoming more challenging. Moreover, providing well timed and the best suitable solutions to the students at-risk are even more strenuous. In this concept paper, we aim to address these contemporary challenges of school and the university education and their probable solutions by utilizing our research experiences of automated assessment, immediate feedback, learning analytics and the IT technologies. Solving such problems by knowing the history of students' activities, submissions, and the performances data is possible. The identification of students' misconceptions during the learning process, examining behavioral patterns and significant trends by efficiently aggregating and correlating the massive data, improving the state-of-the-art skills in creative thinking and innovation, and detecting the drop-outs on-time are highlighted in this article. We are aiming at extracting such knowledge so that adaptive and personalized learning will become a part of the current education system. Not only the available algorithm of supervised learning methods such as support vector machine, neural network, decision trees, discriminant analysis, and nearest neighborhood method but also new engineering and distillation of relevant data features can be carried out to solve these educational challenges.",ieee,llm,0.880,unreviewed,
discarded,An End-to-End Open-Source Toolchain for Rapid In-House PCB Prototyping in Electrical Engineering Education,A. Kiričenko,2026,2026 49th MIPRO ICT and Electronics Convention (MIPRO),10.1109/MIPRO70003.2026.11591756,https://ieeexplore.ieee.org/document/11591756/,off-topic-false-hit,"Electrical engineering students regularly design electronic printed circuit boards for capstone assignments and extracurricular projects. While industrial PCB production has become increasingly affordable, lead times and shipping delays remain significant bottlenecks, particularly when multiple design iterations are required. In-house PCB fabrication addresses these delays while providing high educational value by allowing students to engage directly with the manufacturing process. However, the primary cost barrier for in-house solutions is often not the CNC milling hardware itself, but the substantial licensing fees associated with specialized proprietary software. This paper proposes a comprehensive open-source software workflow to bridge this gap. The proposed toolchain integrates PCB design, gerber file generation and inspection, CAM processing, and CNC milling. To validate this approach, several prototype PCBs were manufactured, establishing an optimal set of parameters for reliable production. Results demonstrate that the entire cycle-from initial schematic design to a finished physical board-can be successfully completed within a single workday.",ieee,llm,0.990,unreviewed,
discarded,Angle concept: a high school and tertiary longitudinal perspective to minimize obstacles,Marita Barabash,2017,Teaching Mathematics and Its Applications: International Journal of the IMA,10.1093/teamat/hrw008,https://ieeexplore.ieee.org/document/8151940/,off-topic-false-hit,"The concept of angle emerges in numerous forms as the learning of mathematics and its applications advances through the high school and tertiary curriculum. Many difficulties and misconceptions in the usage of this multifaceted concept might be avoided or at least minimized should the lecturers in different areas of pure and applied mathematics be aware of the way their students have learned the concept in their previous studies. The article presents an analysis of the literature on the mathematical and didactical origins of the concept of angle. The purpose of the analysis is to identify the principal characteristics of the concept required in various contexts of pure-mathematical and applied courses, and to trace the way these appearances might have been previously presented. Attentiveness to students’ possible lack of mastery of the notion will hopefully help to prevent or at least minimize difficulties related to it.",ieee,llm,0.990,unreviewed,
discarded,Automatically inferring temporal properties for program evolution,J. Yang; D. Evans,2004,15th International Symposium on Software Reliability Engineering,10.1109/ISSRE.2004.11,https://ieeexplore.ieee.org/document/1383130/,adjacent-subtopic,"It is important that program maintainers understand important properties of the programs they modify and ensure that the changes they make do not alter essential properties in unintended ways. Manually documenting those properties, especially temporal ones that constrain the ordering of events, is difficult and rarely done in practice. We propose an automatic approach to inferring a target system's temporal properties based on analyzing its event traces. The core of our technique is a set of pre-defined property patterns among a few events. These patterns form a partial order in terms of their strictness. Our approach finds the strictest properties satisfied by a set of events based on the traces. We report results from experiments on two sets of programs: student solutions for a class assignment, and several recent versions of OpenSSL Comparing properties inferred from different implementations led us to discover important behavioral differences which revealed flaws in the programs. Differences in automatically inferred temporal properties can provide useful information to programmers evolving complex, often unspecified, programs whose correctness depends on preservation of undocumented temporal properties.",ieee,llm,0.890,unreviewed,
kept,JavaWiz: A Trace-Based Graphical Debugger for Software Development Education,Markus Weninger; Simon Grünbacher; Herbert Prähofer,2025,2025 IEEE/ACM 33rd International Conference on Program Comprehension (ICPC),10.1109/ICPC66645.2025.00023,https://ieeexplore.ieee.org/document/11025901/,supports-claim,"Software development education faces challenges in teaching abstract and complex programming concepts. Since problems in comprehension can lead to decreased student engagement, we introduce JavaWiz: an educational graphical debugger that addresses these challenges by combining traditional debugging functionality with intuitive, dynamic visualizations of program state and run-time behavior. JavaWiz's key features include real-time visualization of heap, stack, and static fields; automatically generated flow charts; interactive representations of data structures; and unique time-travel debugging capabilities. Its step-by-step visual exploration of code execution, including the ability to step backward, bridges the gap between abstract concepts and concrete program understanding. We present the tool's visualization components in detail and discuss its applications in teaching. Lecturers report positive influence on their in-class demonstrations and initial student feedback reinforces the tool's usefulness for program comprehension.",ieee,llm,0.930,unreviewed,
discarded,Executable Program Documentation Based on Debugging Break Points,Yung-Pin Cheng; Jhih-Hao Chen; Yu-Ying Yu,2013,2013 20th Asia-Pacific Software Engineering Conference (APSEC),10.1109/APSEC.2013.36,https://ieeexplore.ieee.org/document/6805407/,adjacent-subtopic,"Understanding an unfamiliar program is always a daunting task for any programmer, either experienced or inexperienced. Many studies have shown that even an experienced programmer who is already familiar with the code may still need to rediscover the code frequently during maintenance activities. Compared to that tracing the source code of an unfamiliar program is a totally different process of comprehension. Difficulties in such a process can be compounded if the code has poor or little internal program documentation. In practice, internal program documentation is often neglected or receives much less attention while most documentation techniques are designed to help programmers deal with familiar code, not unfamiliar code. In this paper, a novel internal program documentation method is proposed. In the approach, the multimedia documents, such as slides and voice recording, can be created along with a sequence of debugging break points, where the sequence of break points and its associated multimedia documents form a trace case. We show that trace cases can be very useful in documenting major control flows of a program using examples so that the time needed to construct a program model for understanding can be shortened. To demonstrate the idea, a prototype tool called polyTraceAid has been implemented as a plug-in in Visual Studio.",ieee,llm,0.840,unreviewed,
kept,Algodynamics: Algorithms as systems,Venkatesh Choppella; Kasturi Viswanath; Mrityunjay Kumar,2021,2021 IEEE Frontiers in Education Conference (FIE),10.1109/FIE49875.2021.9637441,https://ieeexplore.ieee.org/document/9637441/,qualifies-claim,"This Full Paper in the Innovative Practice category begins by asking “can algorithms be thought of and taught as dynamical systems?” Our exploration of this idea — Algodynamics — is guided by a vision to achieve convergence between computing and engineering education. The engineering sciences share a common conceptual vocabulary originating in dynamical systems: state spaces, flows, actions, invariants, fixed points, convergence, etc. The goal of algodynamics is to build, ab initio, a framework for understanding and teaching algorithms using concepts from dynamics. This allows us to teach computing and algorithms as an engineering science. Engineers work with models. In algodynamics, models are expressed using transition systems rather than as pseudocode or programs. This allows a crisp representation of two important classes of computation: sequential algorithms as ‘discrete flows’ (iterative systems) and interactive applications as ‘action flows’ (transition systems). The focus of this paper is on the first of these classes, algorithms, but using ideas from the second, viz., transition systems. In this framework, algorithms emerge as convergent iterative systems. Due to their non-interactivity, iterative systems may be hard to understand. The student may trace through the algorithm, but to know how the parts of the algorithm work together requires ‘opening up’ the algorithm and situating it within the more general class of interactive systems. Doing so helps the student to understand the machinery of an algorithm in an incremental and modular way. The student interactively solves the algorithmic problem, experimenting with various strategies along the way. At each stage of the design, interactivity is traded for automation. We illustrate our approach by considering a classic example from sorting: Bubblesort. We first examine a solution based on fixed point iteration. Then we approach Bubblesort as a sequence of five interactive transition systems that culminate in the Bubblesort algorithm. This exercise reveals to the student design decisions and strategies that help understand why Bubblesort works. The successive refinement also pays off in terms of highly modular code whose primitives are elements of the transition system models.",ieee,llm,0.910,unreviewed,
discarded,Online Knowledge Distillation with History-Aware Teachers,Chengcheng Li; Zi Wang; Hairong Qi,2022,2022 International Joint Conference on Neural Networks (IJCNN),10.1109/IJCNN55064.2022.9892064,https://ieeexplore.ieee.org/document/9892064/,off-topic-false-hit,"In this work, we propose a novel online knowledge distillation (OKD) approach, built upon the classical deep mutual learning framework in which peer networks (students) treat each other as teachers by learning from their predictions. The proposed method traces and leverages two levels of information encoded in each peer's learning trajectory to dynamically construct superior teachers to supervise other students. We first build a recurrent neural network associated with each peer, which takes both the network's current and previous logits as input and outputs integrated logits with the same dimension as the transferred knowledge. By doing so, the teachers provide an enhanced representation of knowledge. Beyond that, we also build a weight-averaged surrogate for each network, which maintains the exponential moving average of its learned parameters during the online training procedure. The proposed approach exploits the hidden information behind the online learning process instead of myopically learning from peers' outputs at a single time/iteration step. It potentially reduces uncertainties from peers as suffered in previous OKD studies with more stabilized transferred knowledge. We evaluate the proposed approach with benchmark image classification datasets and network architectures. Experimental results demonstrate its effectiveness with clear performance improvement over state-of-the-arts.",ieee,llm,0.990,unreviewed,
discarded,Don't forget the teacher: New tools to support broader adoption of remote labs,Kemi Jona; David Uttal,2013,2013 10th International Conference on Remote Engineering and Virtual Instrumentation (REV),10.1109/REV.2013.6502910,https://ieeexplore.ieee.org/document/6502910/,adjacent-subtopic,"In order to support broad adoption of remote labs in elementary and secondary schools, we need to provide powerful, easy-to-use interfaces, not just to students, but also to teachers. We are developing tools to provide richer, technology-supported representations that improve teachers' ability to visualize student remote lab activities and diagnose misconceptions with the goal of maximizing remote lab's educational value and impact.",ieee,llm,0.860,unreviewed,
