status,title,authors,year,venue,doi,url,tags,abstract,provider,decision_source,llm_confidence,llm_review_outcome,llm_change_direction
discarded,Multi-modal Features Analysis and Performance Assessment for Endovascular Surgery Skills,"Liang, Shichao; Yuan, Panpan; Zhang, Xuehuan; Li, Shilong; Li, Long; Yang, Bin; Gao, Feng; Deng, Yiming; Jiao, Liqun; Chen, Duanduan",2026,ANNALS OF BIOMEDICAL ENGINEERING,10.1007/s10439-026-04256-w,https://www.webofscience.com/wos/woscc/full-record/WOS:001816750300001,off-topic-false-hit,"Purpose Interventional skill and assessment are essential for vascular interventionalists prior to performing clinical procedures. However, traditional surgical assessments often fail to deliver objective and accurate results. To address these issues, our study proposes a simulator and an analytical framework for evaluating endovascular procedural performance.Methods A custom interventional operation simulator included an in vitro silicone phantom, mock circulation loop, visual module, force-sensing module, and custom software for kinematic and force data post-processing. An in vitro study was conducted to deliver medical guidewire to four target vessels by thirty interventionalists and ten medical novices. Four types of features (i.e., vascular morphological, device-vascular model interaction, kinematic and force) were obtained from the interventional tasks. An operational force prediction model was developed and trained using long short-term memory (LSTM) networks based on multi-modal feature datasets. Furthermore, features with significant differences were applied for qualitative and quantitative evaluation via support vector machine and Mahalanobis distance.Results The well-trained LSTM model could predict the operation force, force and torque between instruments and vascular model. The qualitative assessment achieved an overall accuracy of 84.17% for two-class classification to distinguish the novice and expert attempts, and the quantitative assessment could assign effective scores for all attempts.Conclusions This work provides an approach for the prediction and assessment of intervention performance behaviors, and results demonstrate the effectiveness of this method for promoting the development of interventional skill assessment.",wos,llm,0.990,unreviewed,
discarded,The effects of metaphors on novice and expert learners’ performance and mental-model development,Yu-chen Hsu,2006,Interacting with Computers,10.1016/j.intcom.2005.10.008,https://ieeexplore.ieee.org/document/8155889/,adjacent-subtopic,"The effects of metaphors on learning have been proved by many studies. Learners naturally invoke metaphors when learning new concepts because metaphors stimulate them to generate models of the domain to be learned. However, little evidence has been seen of metaphors’ effect on developing learners’ mental models. Since metaphors function by providing familiar concepts that help learners to construct new knowledge, metaphors’ effects may be more apparent to novice learners.This study explores the effects of metaphors on both novice and expert learners’ performance and their mental-model development as documented by three different measurement methods. It also examines the relationship between subjects’ performance and their mental models. The results indicate that metaphors may facilitate novices’ construction of integrative knowledge but not simple knowledge. In addition, metaphors may possibly have lasting effects on expert learning but the effects may not be seen immediately after learning.",ieee,llm,0.830,unreviewed,
kept,A comparison of the comprehension of object-oriented and procedural programs by novice programmers,Susan Wiedenbeck; Vennila Ramalingam; Suseela Sarasamma; Cynthia L. Corritore,1999,Interacting with Computers,10.1016/S0953-5438(98)00029-0,https://ieeexplore.ieee.org/document/8160317/,supports-claim,"This paper reports on two experiments comparing mental representations and program comprehension by novices in the object-oriented and procedural styles. The subjects were novice programmers enrolled in a second course in programming which taught either the object-oriented or the procedural paradigm. The first experiment compared the mental representations and comprehension of short programs written in the procedural and object-oriented styles. The second experiment extended the study to a larger program incorporating more advanced language features. For the short programs there was no significant difference between the two groups with respect to the total number of questions answered correctly, but the object-oriented subjects were superior to the procedural subjects at answering questions about program function. This suggests that function information was more readily available in their mental representations of the programs and supports an argument that the object-oriented notation highlights function at the level of the individual class. For the long program a corresponding effect was not found. The comprehension of procedural subjects was superior to object-oriented subjects on all types of question. The difficulties experienced by the object-oriented subjects in answering questions in a larger program suggest that they faced problems in marshaling information and drawing inferences from it. We suggest that this result may be related to a longer learning curve for novices of the object-oriented style, as well as to features of the OO style and the particular OO language notation.",ieee,llm,0.950,unreviewed,
kept,Can Novice Programmers Write C Functions?,Cruz Izu; Peter Dinh,2018,"2018 IEEE International Conference on Teaching, Assessment, and Learning for Engineering (TALE)",10.1109/TALE.2018.8615375,https://ieeexplore.ieee.org/document/8615375/,supports-claim,"This work has analysed the solutions submitted by 301 students to a practical exam question from a CS1 course that covered C functions. We have focused on the ability of students to declare the function header correctly and to return a value to the main program. The analysis of exam's solutions showed that most students could write a function definition with the given name and number of parameters. Most mistakes were usually related to type, either in the function return value or in the input parameter. Besides, some students were inconsistent in that they declared a correct “int” function but instead of returning a value, they printed either the result or a message describing the output. It is worth noticing 16% of students developed a solution inside the main program instead of attempting to write a separate function, which indicates they have trouble understanding and writing modular code.",ieee,llm,0.960,unreviewed,
kept,Program comprehension levels of abstraction for novices,Amal Shargabi; Syed Ahmad Aljunid; Muthukkaruppanan Annamalai; Shuhaida Mohamed Shuhidan; Abdullah Mohd Zin,2015,"2015 International Conference on Computer, Communications, and Control Technology (I4CT)",10.1109/I4CT.2015.7219568,https://ieeexplore.ieee.org/document/7219568/,supports-claim,"Although various program comprehension models exist, their levels of abstraction and the related terminologies do not fit the programming pedagogy perspective. In this study, we proposed five abstraction levels for novice's program comprehension: statement, block, module, program and domain. The expansion and the terminologies of the proposed abstraction levels are inspired by the application of decomposition concept in programming pedagogy. To comprehend a program, novices understand decomposed parts (i.e. statements, blocks, and modules) of that program and chunk those parts into a meaningful whole (i.e. program) within a specific domain. We supported our revised abstraction levels with a user study. The revised abstraction levels are able to describe hierarchical levels of novices' program comprehension that map appropriately with their mental model. The proposed abstraction levels can be applied in designing empirical studies of novices' program comprehension that distinctly capture their different abstraction levels.",ieee,llm,0.870,unreviewed,
discarded,Automatic detection of frustration of novice programmers from contextual and keystroke logs,Fwa Hua Leong,2015,2015 10th International Conference on Computer Science & Education (ICCSE),10.1109/ICCSE.2015.7250273,https://ieeexplore.ieee.org/document/7250273/,adjacent-subtopic,"Novice programmers exhibit a repertoire of affective states over time when they are learning computer programming. The modeling of frustration is important as it informs on the need for pedagogical intervention of the student who may otherwise lose confidence and interest in the learning. In this paper, contextual and keystroke features of the students within a Java tutoring system are used to detect frustration of student within a programming exercise session. As compared to psychological sensors used in other studies, the use of contextual and keystroke logs are less obtrusive and the equipment used (keyboard) is ubiquitous in most learning environment. The technique of logistic regression with lasso regularization is utilized for the modeling to prevent over-fitting. The results showed that a model that uses only contextual and keystroke features achieved a prediction accuracy level of 0.67 and a recall measure of 0.833. Thus, we conclude that it is possible to detect frustration of a student from distilling both the contextual and keystroke logs within the tutoring system with an adequate level of accuracy.",ieee,llm,0.970,unreviewed,
kept,Integrated Learning Development Environment for Learning and Teaching C/C++ Language to Novice Programmers,Sana'a M. Algaraibeh; Tonia A. Dousay; Clinton L. Jeffery,2020,2020 IEEE Frontiers in Education Conference (FIE),10.1109/FIE44824.2020.9273887,https://ieeexplore.ieee.org/document/9273887/,supports-claim,"This Innovative Practice Work-in-Progress paper presents an Integrated Learning Development Environment (ILDE) that integrates technologies with pedagogies for first-year students learning to program. Novice programmers must overcome misconceptions, debugging, and problem-solving. ILDE employs multimedia learning content, formative feedback, a customized compiler, and visualization using modern pedagogical and cognitive psychology practices. Visualization and multimedia illustrate what happens inside the computer as the program is running. Enhanced compiler messages with graphical representation reduce the difficulty of compilation errors.",ieee,llm,0.820,unreviewed,
kept,COSPEX: A Program Comprehension Tool for Novice Programmers,Nakshatra Gupta; Ashutosh Rajput; Sridhar Chimalakonda,2022,2022 IEEE/ACM 44th International Conference on Software Engineering: Companion Proceedings (ICSE-Companion),10.1145/3510454.3516842,https://ieeexplore.ieee.org/document/9793787/,supports-claim,"Developers often encounter unfamiliar code during software maintenance which consumes a significant amount of time for comprehension, especially for novice programmers. Researchers have come up with automated techniques that can provide effective code comprehension and summaries by analyzing a source code and present key information to the developers. Existing debuggers represent the execution states of the program but they do not show the complete execution at a single point. Studies have revealed that the effort required for program comprehension can be reduced if novice programmers are provided with worked examples. Hence, we propose COSPEX (Comprehension using Summarization via Program Execution) - an Atom plugin that dynamically extracts key information for every line of code executed and presents it to the developers in the form of an interactive example-like dynamic information instance. As a preliminary evaluation, we presented 14 undergraduates having Python programming experience up to 1 year with a code comprehension task in a user survey. We observed that COSPEX helped novice programmers in program comprehension and improved their understanding of the code execution. The source code and tool are available at: https://github.com/rishalab/COSPEX, and the demo on Youtube is available at: https://youtu.be/QQY-8KuDaEM.",ieee,llm,0.800,unreviewed,
discarded,Laparoscopic interaction learning model: Decomposing expert surgeon knowledge to develop novice surgeon knowledge comprehension,Nurmaya; Lisa Wiyartanti; Gyu Hyun Kwon,2013,"2013 13th International Conference on Control, Automation and Systems (ICCAS 2013)",10.1109/ICCAS.2013.6704024,https://ieeexplore.ieee.org/document/6704024/,off-topic-false-hit,"Transferring experts' surgical procedure knowledge is required to improve novices' surgical skill in laparoscopic environment. As surgeons have different level of expertise, this differentiation becomes one of the obstacles to the construction of novices' knowledge comprehension by utilizing experts' knowledge. To overcome this problem, we decompose experts' knowledge presentation while aiming to build knowledge comprehension in novices' surgeon using surgery task model as a knowledge representation of laparoscopic suturing task. The proposed laparoscopic interaction learning model is a mediator of learning that adapts cognitive apprenticeship method. This laparoscopic interaction learning model can be a solution to overcome the problem when delivering experts' knowledge in laparoscopic environment.",ieee,llm,0.990,unreviewed,
kept,Which Programming Language Should Students Learn First? A Comparison of Java and Python,Chieh-An Lo; Yu-Tzu Lin; Cheng-Chih Wu,2015,2015 International Conference on Learning and Teaching in Computing and Engineering,10.1109/LaTiCE.2015.15,https://ieeexplore.ieee.org/document/7126267/,adjacent-subtopic,"Programming is a fundamental ability for Computer Science majors. Most programming lectures use traditional languages, such as C, C++, or Java, as the first learning language for novices, which are effective for designing real applications and therefore are popular in industry. However, the complex syntax of these languages is challenging for novices, which becomes an obstacle to novices' learning. Python has simpler syntax and high-level data structures to enable succinct programs. The multiple paradigms of Python also provide learners opportunities to learn various features of programming languages. Therefore, Python gradually becomes a new option of the first language for learning. This study investigates the features of the first learning programming language by comparing Python with the popular learning language Java. A questionnaire study will be conducted on both instructors and students to understand how the features of languages affect students' learning from the aspects of program translation and execution (interpretation vs. Compilation), variable declaration (dynamic vs. Static), the syntax of control structures, and the object-oriented syntaxes. For each aspect of questionnaire, questions are designed to understand whether and how the language features in this aspect influence program comprehension (including the occurrence of misconceptions or errors, and cognitive load) and program implementation. The research results will give instructors suggestions for selecting suitable learning languages in their lectures and designing adaptive instructional strategies/materials based on the features of the selected language.",ieee,llm,0.740,unreviewed,
discarded,Predicting expertise among novice programmers with prior knowledge on programming tasks,Zubair Ahsan; Unaizah Obaidellah,2020,2020 Asia-Pacific Signal and Information Processing Association Annual Summit and Conference (APSIPA ASC),,https://ieeexplore.ieee.org/document/9306263/,adjacent-subtopic,"The studies on program comprehension have seen developments over the years from the cognitive science perspective. As eye-tracking technology has proven to analyze visual attention and gaze-performance, it has then been largely used in the program comprehension studies to help understand the underlying cognitive processes among the participants. In this research work, we conducted an experiment using common fundamental programming questions on 66 undergraduate computer science students to study the gaze-behavior among the high and low-performing participants on programming comprehension. We aim to better understand the differences in the time taken by the individuals in terms of their performance with existing prior knowledge and use machine learning to predict their expertise. Findings from this study suggest that mental schemas do play a role as the high performers demonstrated less time taken to attempt the questions than the low performers and machine learning algorithms were able to successfully predict their expertise. The conclusions drawn are supported by eye-tracking metrics across individual- and group-levels.",ieee,llm,0.930,unreviewed,
discarded,StackDoc - A Stack Overflow Plug-in for Novice Programmers that Integrates Q&A with API Examples,Akhila Sri Manasa Venigalla; Chaitanya S Lakkundi; Vartika Agrahari; Sridhar Chimalakonda,2019,2019 IEEE 19th International Conference on Advanced Learning Technologies (ICALT),10.1109/ICALT.2019.00077,https://ieeexplore.ieee.org/document/8820919/,adjacent-subtopic,"There is a tremendous increase in the use of online coding platforms, courses and walkthrough tutorials to learn programming today. Stack Overflow, a Q&A website of crowd-sourced knowledge on programming is one of the popular platforms that developers and learners use to ask and answer Q&As related to programming. However, novice programmers often face difficulties in understanding the answers as they may contain new terminologies, function calls and attributes of certain technology or programming language. Researchers have proposed different ways to augment Stack Overflow in the literature, but to the best of our knowledge, there is no work that exists to augment Stack Overflow posts with definitions of API calls and relevant examples. To this end, we propose StackDoc, a prototype plug-in that augments Stack Overflow with definitions and examples of API calls in the questions and answers with the goal of helping novice programmers. We did a preliminary survey with 20 students of various universities, novice to Java and 85% of the users reported positive experience with the plugin.",ieee,llm,0.960,unreviewed,
discarded,"Linking Code Readability, Structure, and Comprehension Among Novices: It's Complicated",Eliane S. Wiese; Anna N. Rafferty; Armando Fox,2019,2019 IEEE/ACM 41st International Conference on Software Engineering: Software Engineering Education and Training (ICSE-SEET),10.1109/ICSE-SEET.2019.00017,https://ieeexplore.ieee.org/document/8802116/,adjacent-subtopic,"Novices' functionally-correct code is often redundant, verbose, or un-idiomatic. Such code could indicate shallow understanding of the programming language, or unfamiliarity with experts' preferences for code structure. Understanding why novices write poorly is important for designing instruction and tools to help novices write elegantly. 231 novices judged style and readability for sets of code snippets targeting seven topics. Within each set, functionality was the same, but the writing followed either common novice patterns or a more elegant, ""expert"" pattern. Overall, 76% of novices thought the ""expert"" snippets had the best style, but only 64% said those snippets were most readable. However, comprehension was similar for both ""expert"" and novice patterns, regardless of readability preferences. This suggests that students who prefer novice patterns do not necessarily have deep misunderstandings about the programming language. One topic included a code-writing task, and students' readability preferences were predictive of their code-writing patterns, suggesting that readability preferences reflect writing choices rather than comprehension. Thus, novices may benefit from lightweight tools that identify common patterns and suggest an ""expert"" solution, while helping them see that the ""expert"" solution is more readable than they think.",ieee,llm,0.910,unreviewed,
kept,Design of a Learning Support System to Aid Novice Programmers in Obtaining the Capability of Tracing,M. Arai; T. Yamazaki,2006,Sixth IEEE International Conference on Advanced Learning Technologies (ICALT'06),10.1109/ICALT.2006.1652454,https://ieeexplore.ieee.org/document/1652454/,supports-claim,We developed a learning system that supports in obtaining the capability of tracing source programs for novice programmers. The system has the following functions and characteristics: (1) It can display the source program and the flow chart of the program in parallel. (2) It can set similar problems based on basic program patterns semi-automatically. (3) It has a function to display the present and past contents of the variables. (4) We construct the system as a web-based server-client application.,ieee,llm,0.940,unreviewed,
