status,title,authors,year,venue,doi,url,tags,abstract,provider,decision_source,llm_confidence,llm_review_outcome,llm_change_direction
This concern led to a major innovation in creating LabVIEW: merging structured programming concepts with data-flow. We represented control-flow structures as boxes in a data-flow diagram. We knew how to reason about loops, so we could introduce them as first class elements of the graphical representation rather than being constructed from lower-level elements. A box could encapsulate the semantics of the iterative behavior; it could clearly separate the body of the loop (the diagram inside the box) from the code before and after the loop (the diagram outside the box); and, its boundary could hold iteration state information.

Those fundamental concepts of ""graphical"", ""structured"" and ""data-flow"" enabled us to propose a software product. We staffed up a small skunkworks team to implement it. We called it LabVIEW. It was to be an engineer's tool for automating measurement systems. At first, we were reluctant to admit that we had created a graphical programming language. When we finally did, we nicknamed it G, for Graphical language, so we could talk about the language as distinct from the integrated development environment (IDE), LabVIEW. In practice, almost everyone refers to both the language and the IDE as LabVIEW.

Without intending to do so, we created a programming language radically different from those that came before, pioneering techniques of graphically creating and viewing code, eliminating manual memory management without adding garbage collection overhead, and anticipating the massively parallel systems of the modern era. LabVIEW continues to evolve and thrive after more than 30 years.",wos,llm,0.740,unreviewed,
kept,"Assessing Students' Structured Programming Skills with Java: The ""Blue, Berry, and Blueberry"" Assignment","Zhang, Xihui",2010,JOURNAL OF INFORMATION TECHNOLOGY EDUCATION-INNOVATIONS IN PRACTICE,,https://www.webofscience.com/wos/woscc/full-record/WOS:000214736700015,supports-claim,"Java is an object-oriented programming language. From a software engineering perspective, object-oriented design and programming is used at the architectural design, and structured design and programming is used at the detailed design within methods. As such, structured programming skills are fundamental to more advanced object-oriented programming concepts.

Structured programming uses control statements to control the order of execution of a program. In Java, only three forms of control structures are used to implement an algorithm: sequence, selection, and repetition. Sequence structures are a built-in feature: statements run in the order they are listed in the program. Selection structures include single-selections, double-selections, and multiple selections. Repetition structures are implemented in three ways: while statement, for statement, and do. while statement. These simple control structures can be combined into more complex algorithms in only two ways - stacking and nesting.

The purpose of the ""Blue, Berry, and Blueberry""assignment is to assess students' structured programming skills with Java. This assignment asks students to write a program that uses all three repetition structures to print, on each line, a number (1 to 100) and a word (""Blue""or ""Berry""or ""Blueberry"", depending on whether the number is divisible by 3 or 5 or 15). The program is also required to report the total numbers of ""Blue"", ""Berry"", and ""Blueberry"".

The assignment was given to undergraduate students enrolled in an advanced object-oriented programming course using Java. The submissions for the assignment were graded using a fivecriterion rubric. All in all, the class average score of the assignment was about 4.3 out of 5 (86.0%). The top two issues included formatting the output and counting the number of words.

To evaluate the students' perceptions of the assignment, an online survey was created, including two essay questions. The first question is: ""Do you like the 'Blue, Berry, and Blueberry' assignment? Why or why not?"" The second question is: ""What are the most difficult challenges that you encountered while working on this assignment?""

Each question received 23 responses. In response to question one, more than 90% (21 out of 23) of the respondents said that they did like the assignment, mostly because it helped them to understand the concepts and provided an opportunity to use and compare different forms of selection structures (i.e., if, if. else, and if. else if. else selections) and repetition structures (i.e., while, for, and do. while loops). In response to question two, most of the 23 students felt that the assignment was not all that difficult once they figured out what was expected. The top three most reported challenges include formatting the output, getting the total count for each word, and checking numbers divisible by 15 first. In summary, results from the instructor's grading report and student perceptions indicate that this assignment is effective for assessing students' structured programming skills with Java.",wos,llm,0.990,unreviewed,
kept,AN IMPROVED ALGORITHM FOR DERIVING THE DECOMPOSITION TREE OF A FLOWGRAPH,"FUCHS, N",1993,STRUCTURED PROGRAMMING,,https://www.webofscience.com/wos/woscc/full-record/WOS:A1993LV86900001,supports-claim,"Directed graphs are commonly used to represent the control flow within programs (flowgraphs). This paper describes two algorithms to decompose a flowgraph into its primes-subflowgraphs which cannot be further reduced, These subflowgraphs correspond to the basic constructs in programming. Such well-known constructs used in structured programming are repeat-until, do-while, if-then-else, etc., usually referred to as Dijkstra primes. The use of goto often leads to unstructured programs and causes new primes to occur. By nesting and sequencing the primes found in decomposition, the original flowgraph can be rebuild in a unique way. The decomposition tree represents this hierarchy of nested and sequenced flowgraphs. N. Fenton and R. Whitty [2] have proved that a flowgraph can uniquely be transformed into a decomposition tree and demonstrate how this fact can be used to apply metric functions to arbitrary programs, to give evidence about the structural complexity of the programs.

The first algorithm being presented is very straightforward, but also very time consuming. In practice it turns out that for industrial applications its performance becomes a fundamental problem. Therefore a second algorithm was worked out and is described here in detail.",wos,llm,0.980,unreviewed,
kept,"A General, Verifiable Iterative Control Structure",J.M. Adams,1977,IEEE Transactions on Software Engineering,10.1109/TSE.1977.229905,https://ieeexplore.ieee.org/document/1702416/,qualifies-claim,"A general iterative control structure with multiple exits and multiple retums to the beginning of the loop is described. The conditions causing these exits or returns must be declared and defined in a prologue to the loop in a manner which is similar to the declaration of variables at the beginning of a block. Also, actions prior to an exit or a return may be specified in an epilogue of the loop. The semantics of the structure are described informally and then formally by means of a Hoare type verification rule. Attributes of the structure and examples of its usage are given in the latter part of the paper.",ieee,llm,0.970,unreviewed,
discarded,Watchdog Processors and Structural Integrity Checking,Lu,1982,IEEE Transactions on Computers,10.1109/TC.1982.1676066,https://ieeexplore.ieee.org/document/1676066/,off-topic-false-hit,The use of watchdog processors in the implementation of Structural Integrity Checking (SIC) is described. A model for ideal SIC is given in terms of formal languages and automata. Techniques for use in implementing SIC are presented. The modification of a Pascal compiler into an SIC Pascal preprocessor is summarized.,ieee,llm,0.900,unreviewed,
discarded,"Command recording versus parametric and variational systems, an old/new third way of parametrizing CAD models by end users",P. Girard; G. Pierra,1993,"1993 CompEuro Proceedings Computers in Design, Manufacturing, and Production",10.1109/CMPEUR.1993.289804,https://ieeexplore.ieee.org/document/289804/,adjacent-subtopic,"The two major ways of parametrizing in CAD are analyzed, and new results obtained with command recording are presented. The major improvement is a purely interactive definition of classic control structures in structured programming, which allows end-users to make powerful programs (parameterized pieces) with minimal programming knowledge. Despite commercial trends, neither of the methods may be considered to be universal. Depending on the precise goals of the user (prototyping, simple and well-defined components modeling, or complex components modeling) the features required for parametrization systems may vary according to the different qualities of either system.<>",ieee,llm,0.790,unreviewed,
discarded,ISO/IEC/IEEE International Standard - Systems and software engineering -- Vocabulary,,2010,ISO/IEC/IEEE 24765:2010(E),10.1109/IEEESTD.2010.5733835,https://ieeexplore.ieee.org/document/5733835/,off-topic-false-hit,"ISO/IEC/IEEE 24765:2010 provides a common vocabulary applicable to all systems and software engineering work. It was prepared to collect and standardize terminology. ISO/IEC/IEEE 24765:2010 is intended to serve as a useful reference for those in the information technology field, and to encourage the use of systems and software engineering standards prepared by ISO and liaison organizations IEEE Computer Society and Project Management Institute. ISO/IEC/IEEE 24765:2010 includes references to the active source standards for each definition so that the use of the term can be further explored.",ieee,llm,0.990,unreviewed,
discarded,IEEE Standard Glossary of Software Engineering Terminology,,1990,IEEE Std 610.12-1990,10.1109/IEEESTD.1990.101064,https://ieeexplore.ieee.org/document/159342/,off-topic-false-hit,This IEEE Standards product is part of the family on Software Engineering. This standard identifies terms currently in use in the field of Software Engineering. Standard definitions for those terms are established.,ieee,llm,0.990,unreviewed,
discarded,Towards Giving Timely Formative Feedback and Hints to Novice Programmers,Johan Jeuring; Hieke Keuning; Samiha Marwan; Dennis Bouvier; Cruz Izu; Natalie Kiesler; Teemu Lehtinen; Dominic Lohr; Andrew Peterson; Sami Sarsa,2022,,10.1145/3571785.3574124,https://openalex.org/W4313288661,adjacent-subtopic,"Every year, millions of students learn how to write programs. Learning activities for beginners almost always include programming tasks that require a student to write a program to solve a particular problem. When learning how to solve such a task, many students need feedback on their previous actions, and hints on how to proceed. For tasks such as programming, which are most often solved stepwise, the feedback should take the steps a student has taken towards implementing a solution into account, and the hints should help a student to complete or improve a possibly partial solution.",openalex,llm,0.860,unreviewed,
discarded,You're (Not) My Type‐ Can LLMs Generate Feedback of Specific Types for Introductory Programming Tasks?,Dominic Lohr; Hieke Keuning; Natalie Kiesler,2025,Journal of Computer Assisted Learning,10.1111/jcal.13107,https://openalex.org/W4406091961,adjacent-subtopic,"ABSTRACT Background Feedback as one of the most influential factors for learning has been subject to a great body of research. It plays a key role in the development of educational technology systems and is traditionally rooted in deterministic feedback defined by experts and their experience. However, with the rise of generative AI and especially large language models (LLMs), we expect feedback as part of learning systems to transform, especially for the context of programming. In the past, it was challenging to automate feedback for learners of programming. LLMs may create new possibilities to provide richer, and more individual feedback than ever before. Objectives This article aims to generate specific types of feedback for introductory programming tasks using LLMs. We revisit existing feedback taxonomies to capture the specifics of the generated feedback, such as randomness, uncertainty and degrees of variation. Methods We iteratively designed prompts for the generation of specific feedback types (as part of existing feedback taxonomies) in response to authentic student programs. We then evaluated the generated output and determined to what extent it reflected certain feedback types. Results and Conclusion This study provides a better understanding of different feedback dimensions and characteristics. The results have implications for future feedback research with regard to, for example, feedback effects and learners' informational needs. It further provides a basis for the development of new tools and learning systems for novice programmers including feedback generated by AI.",openalex,llm,0.950,unreviewed,
discarded,The Role of Self-Regulation in Programming Problem Solving Process and Success,Dastyni Loksa; Amy J. Ko,2016,,10.1145/2960310.2960334,https://openalex.org/W2517261848,adjacent-subtopic,"While prior work has investigated many aspects of programming problem solving, the role of self-regulation in problem solving success has received little attention. In this paper we contribute a framework for reasoning about self-regulation in programming problem solving. We then use this framework to investigate how 37 novice programmers of varying experience used self-regulation during a sequence of programming problems. We analyzed the extent to which novices engaged in five kinds of self-regulation during their problem solving, how this self-regulation varied between students enrolled in CS1 and CS2, and how self-regulation played a role in structuring problem solving. We then investigated the relationship between self-regulation and programming errors. Our results indicate that while most novices engage in self-regulation to navigate and inform their problem solving efforts, these self-regulation efforts are only effective when accompanied by programming knowledge adequate to succeed at solving a given problem, and only some types of self-regulation appeared related to errors. We discuss the implications of these findings on problem solving pedagogy in computing education.",openalex,llm,0.880,unreviewed,
discarded,An architectural design and evaluation of an affective tutoring system for novice programmers,Hua Leong Fwa,2018,International Journal of Educational Technology in Higher Education,10.1186/s41239-018-0121-2,https://openalex.org/W2884408865,adjacent-subtopic,"Affect is prevalent in learning and it influences students’ learning achievement. This paper details the design and evaluation of an Affective Tutoring System (ATS) that tutors student in computer programming. Although most ATSs are purpose built for a specific domain, making adaptation to another domain difficult, this ATS is architected for adaptability and extensibility. This study also addresses a lack of research exploring the theories and methods of integrating affect and learning within the learning process by proposing methods of regulating the negative affect of students. Both quantitative and qualitative techniques were used for evaluation of the effectiveness of the ATS and its usability and acceptance by student participants. The results revealed that the full affective version of the ATS results in more effective tutoring as compared to the version with the affective function disabled and the students are positive on their learning experience with the ATS with the fill in the gap exercises and hints being most highly rated.",openalex,llm,0.920,unreviewed,
kept,EROSI—visualising recursion and discovering new errors,Carlisle George,2000,,10.1145/330908.331875,https://openalex.org/W1987895641,supports-claim,"This paper introduces a novel software visualisation aid, the EROSI (Explicit Representer Of Subprogram Invocations) tutor, hypothesised to support the acquisition (by novice programmers) of a mental model to facilitate the comprehension and use of recursion as a problem solving technique. Novices found the EROSI tutor easy to use, interesting and a valuable visualisation aid to forming correct mental models of recursive processes. Studies concluded that although novices many have a correct mental model of recursion, various errors and misconceptions (identified) due to exogenous factors affect their ability to complete recursive tasks.",openalex,llm,0.890,unreviewed,
discarded,Categorization of Frequent Errors in Solution Codes Created by Novice Programmers,Md. Mostafizer Rahman; Shunsuke Kawabayashi; Yutaka Watanobe,2021,SHS Web of Conferences,10.1051/shsconf/202110204014,https://openalex.org/W3158608474,adjacent-subtopic,"In recent times, e-learning has become indispensable for both technical and general education. Among all the subjects, programming education has drawn attention because of its importance for continuous development in the ICT sector. Finding errors in a solution code is a laborious task for novice programmers, teachers and instructors. Novice programmers are spending a lot of valuable time to search errors in the solution codes. In this paper, a method for the categorization of frequent errors in solution codes is presented. In the proposed method, the differences between wrong solutions and accepted solutions are used to define feature vectors for a clustering algorithm. A longest common subsequence (LCS) algorithm is leveraged to find the differences between wrong and accepted codes, then all the inequalities are converted into feature vectors. The k-mean clustering algorithm is applied to cluster the elements of the feature vector to find the most common errors in solution codes. In our experiment, the method was applied to a set of program solution codes accumulated in an e-learning system. Experimental results show that the proposed method is efficient and capable to detect the most common errors occurred in solution codes that can be helpful for novice programmers to resolve errors quickly as well as useful for teachers to prepare lesson plan.",openalex,llm,0.740,unreviewed,
kept,Novice Programmers Conceptions of Loops in K-12 Education in Consideration of Interest and Ability,Anette Bentz; Bernhard Standl,2023,,10.1145/3605468.3605506,https://openalex.org/W4386631279,supports-claim,"This paper investigates the comprehension of loops among novice programmers using block-based programming languages. While previous studies have extensively examined programming misconceptions in higher education and text-based programming languages, limited attention has been given to the exploration of such misconceptions in block-based programming, which is commonly used in K-12 education. The study analyzes the understanding of loops with a sample of N=114 lower secondary school students, focusing on two aspects: (1) identifying error clusters in programming tasks and (2) relating learning outcomes to students’ abilities and interests. The results reveal significant challenges in 8th-grade students’ comprehension of loops in block programming. Additionally, higher-performing students demonstrate fewer errors in the programming test, reflecting their problem-solving skills. However, no significant correlation is found between students’ interest and their performance on the programming test, indicating that no distinct interest groups can be identified based on learning outcomes. The study suggests that providing expository learning materials differentiated by students’ abilities and interests can help address conceptual difficulties.",openalex,llm,0.980,unreviewed,
kept,Thinking out of the box,Felienne Hermans; Alaaeddin Swidan; Efthimia Aivaloglou; Marileen Smit,2018,,10.1145/3265757.3265765,https://openalex.org/W2895634692,supports-claim,"When teaching novices programming, misconceptions can occur. Misconception are incorrect beliefs about certain programming concept. For example, some novices think that a variable can hold multiple values, in the case of two consecutive assignment statements, such as x = 5; x = 7. While explaining variables introductory materials often use the metaphor of a box for a variable, which might contribute to the 'multiple values' hypothesis. To investigate this, we design and run a controlled experiment with 496 novice programmers, both children and adults. Half of our participants receive an introductory programming lesson in which we explain a variable as a box, while the other half of participants receive the explanation of a variable as being a label. They are subsequently questioned about their understanding of variables. Our results show that, for the simple questions involving one assignment, the box group performs better. However, for questions involving the misconception - with two consecutive assignment statements - the label group outperforms the box group. This however primarily occurs when considering variables of type string, for integers subjects interpret the statements as numeric values to be added.",openalex,llm,0.990,unreviewed,
