status,title,authors,year,venue,doi,url,tags,abstract,provider,decision_source,llm_confidence,llm_review_outcome,llm_change_direction
kept,Polemics about Computational Thinking: Digital Competence in Digital Zeitgeist - Continued Search for Answers,"Martins-Pacheco, Lucia Helena; Gresse von Wangenheim, Christiane Annelise; Alves, Nathalia da Cruz",2020,"PROCEEDINGS OF THE 12TH INTERNATIONAL CONFERENCE ON COMPUTER SUPPORTED EDUCATION (CSEDU), VOL 2",10.5220/0009797104990506,https://www.webofscience.com/wos/woscc/full-record/WOS:000777622100056,qualifies-claim,"Human society is immersed in digital zeitgeist and information, and communications technology competences became fundamental for each citizen around the world in order to participate in the great benefits that this technological development promotes. In this zeitgeist, several questions appear related to the educational context because the way to deal with information, knowledge, and communications has changed drastically. For that reason, several proposals emerged to develop additional competences in youths. Among these possibilities, computational thinking - CT - arose as an approach to encourage ICT competence. However, the initial proposal appeared in a simple viewpoint article; that was just an opinion without any reference. Surprisingly, such an article reverberated around the world, and several proposals appeared trying to define ""what is computational thinking?"". Parallel to this, some critics showed controversial aspects of CT, especially based on computer science (CS) educational, historical trajectory. But, many solid approaches of CT based on robust researches became popular, and several educational practices were successful. Thus, we analyze some criticism and show other points of view, aiming to clarify some questions and to give some answers. We believe that CT approaches are valuable inside of myriads of possibilities to promote ICT competences. Polemics and controversies used to make advances in each field, but fruitful initiatives must be acknowledged. K-12 educational system could not wait until there is a proper and unique consensus between researchers to start to teach ICT competences to our youths.",wos,llm,0.960,unreviewed,
discarded,To Assess or Not to Assess: Tensions Negotiated in Six Years of Teaching Teachers about Computational Thinking,"Hickmott, Daniel; Prieto-Rodriguez, Elena",2018,INFORMATICS IN EDUCATION,10.15388/infedu.2018.12,https://www.webofscience.com/wos/woscc/full-record/WOS:000449760400004,adjacent-subtopic,"Coding and computational thinking have recently become compulsory skills in many school systems globally. Teaching these new skills presents a challenge for many teachers. A notable example of professional development designed using Constructionist principles to address this challenge is ScratchEd. Upon reflecting on her experiences designing and running ScratchEd, Karen Brennan identified five tensions faced by professional development providers, and proposed that these tensions could be used for scrutinising and critiquing professional development. In this paper we analyse, through the lens of Brennan's tensions, the process we have followed to design, evaluate and improve professional development. We argue that while we have experienced the same tensions, the extent to which we assess learning is a new tension that extends those identified by Brennan. There are strong reasons to assess teachers' knowledge, however, quantitative measures of learning could be at odds with Constructionism: as Papert argued in Mindstorms, constructionist educators should study their learning environments as anthropologists. Consequently, we have called this new tension the tension between anthropology and assessment.",wos,llm,0.880,unreviewed,
discarded,Assessing Problem-Solving Process at Scale,"Grover, Shuchi; Hauswirth, Matthias; Bienkowski, Marie; Niekrasz, John",2016,PROCEEDINGS OF THE THIRD (2016) ACM CONFERENCE ON LEARNING @ SCALE (L@S 2016),10.1145/2876034.2893425,https://www.webofscience.com/wos/woscc/full-record/WOS:000391624800050,adjacent-subtopic,"Authentic problem solving tasks in digital environments are often open-ended with ill-defined pathways to a goal state. Scaffolds and formative feedback during this process help learners develop the requisite skills and understanding, but require assessing the problem solving process. This paper describes a hybrid approach to assessing process at scale in the context of the use of computational thinking practices during programming. Our approach combines hypothesis driven analysis, using an evidence-centered design framework, with discovery-driven data analytics. We report on work-in-progress involving novices and expert programmers working on Blockly games.",wos,llm,0.780,unreviewed,
discarded,A contemplative pause on the integration of digital computational thinking into architectural education,"Ajlouni, R.",2017,"ARCHITECTURAL RESEARCH ADDRESSING SOCIETAL CHALLENGES, VOLS 1 AND 2",,https://www.webofscience.com/wos/woscc/full-record/WOS:000618056600127,off-topic-false-hit,"The use of computation and digital tools is actively shaping the way that designers approach design problems. The emergence of computational logic as a parallel design thinking approach is gradually redefining design reasoning patterns within architectural discourse. While computation offers a multitude of creative spheres for exploration and research, it also poses some unforeseen cognitive and technical challenges, which if not resolved can potentially drive the educational experience out of focus. Increasingly architecture students are required to learn and apply a vast host of digital and computational tools without a proper understanding of their internal algorithms or operating logic. Struggles arise when students depend on the tool's specific architecture and workflow to inform their design processes, without a conscious realization of such influences. These challenges are provoking critical pedagogical debates; raising many questions concerning the affect that this technological-driven shift has on architectural products and discourse. To contribute to this critical discussion, this paper explores the nature of computational logic, as the foundation for understanding the integration of computational thinking into architectural discourse. After looking analytically at the different digital computational models at a cognitive level, it is evident that computational-driven processes often follow a path of rational deductive reasoning, which is more suited for exploring a 'well-defined' design problem. However, when approaching an 'ill-defined' design problem, deductive reasoning can pose limitations on design thinking. Moreover, the type of knowledge-base and digital skills that are required to support advanced computational reasoning paths are often not provided by the architectural curriculums.",wos,llm,0.960,unreviewed,
discarded,Workshop: It's More Than Coding- Using Video Scenarios to Engage Students in Computing,"Spezialetti, Madalene",2012,2012 FRONTIERS IN EDUCATION CONFERENCE (FIE),,https://www.webofscience.com/wos/woscc/full-record/WOS:000356489200306,adjacent-subtopic,"Studies indicate that students, particularly females, find computing most engaging when it is presented in relation to real-life problems, rather than when it is presented in ways that emphasize computing for the sake of computing. Video scenarios are a novel tool for encouraging students to explore computing in a problem-centric, rather than a code-centric, manner. Video scenarios are short films (2-5 minutes long) that depict individuals facing problems in life-like settings. The scenarios emphasize the diverse and often ill-defined nature of real world problems, and the potential for creative and entrepreneurial computing they present. The video scenarios and their associated discussion/exercise questions are freely available on the web at www.Virt-U.org.",wos,llm,0.940,unreviewed,
discarded,THINKING THROUGH DIGITAL SIMULATION TASKS IN ARCHITECTURAL EDUCATION,"Fraser, M.; Donn, M.",2011,PROCEEDINGS OF THE 16TH INTERNATIONAL CONFERENCE ON COMPUTER-AIDED ARCHITECTURAL DESIGN RESEARCH IN ASIA (CAADRIA 2011),,https://www.webofscience.com/wos/woscc/full-record/WOS:000351503300058,off-topic-false-hit,"This study reports the activities of 80 second year architecture students at Victoria University, Wellington, New Zealand for the duration of a single trimester. A central theme in this studio is the framing of day-lighting problems into a quantifiable investigation and then addressing these through the use of digital modelling and simulation tools. This study offers an insight to undergraduate architecture students' negotiation of digital design spaces and asks the question of how the knowledge of skill-based specialist tasks are extensible to core design studio. The mass education within a University environment of such specialist skill based techniques allows for an insight to the negotiation of quantitative and qualitative design criteria. The issue of learning skill based tasks at university level is a pertinent topic of study as the critique of such techniques is implicit to the holistic education of Architects but the level of this critique can vary greatly. This question also highlights the challenges faced to improving the design education approaches to computational thinking and applications.",wos,llm,0.970,unreviewed,
discarded,Work in Progress - The Video Scenario Approach for Developing Computational and Entrepreneurial Thinking Skills,"Spezialetti, Madalene",2010,2010 IEEE FRONTIERS IN EDUCATION CONFERENCE (FIE),,https://www.webofscience.com/wos/woscc/full-record/WOS:000287083200399,adjacent-subtopic,"The use of video scenarios is an active learning approach designed to aid in the development of computational and entrepreneurial thinking skills. Video scenarios present problems in the context of lifelike settings in order to emphasize the complexity as well as creative potential presented by problems which are diverse, multi-layered and frequently ill-defined. Students must carefully observe and critically listen to the characters in the videos in order to understand the problems they are experiencing. Through discussion, design or implementation, students explore potential ways in which computing can be used to help the characters solve their problems. The approach is designed to develop creative problem solving skills, while also encouraging students to view themselves as capable of entrepreneurship and innovation in computing. The videos are freely available on the website www.virt-u.org, and can be used for a wide range of learning activities.",wos,llm,0.940,unreviewed,
discarded,Speculative Data and the Creative Imaginary shared innovative visions between art and technology,"Jennings, Pamela",2007,"CC2007-CREATIVITY AND COGNITION 2007 SEEDING CREATIVITY: TOOLS, MEDIA, AND ENVIRONMENTS",,https://www.webofscience.com/wos/woscc/full-record/WOS:000267157900073,off-topic-false-hit,"The exhibition Speculative Data and the Creative Imaginary: shared innovative visions between art and technology will bring together examples of best practices in creative digital media art and design that foster strong ties to current research trends in computer science and engineering. Exhibited works align with the 2007 ACM Creativity and Cognition conference themes: cultivating creative minds, sustaining creative communities and promoting creative engagement as they demonstrate innovative, novel, sometimes provocative and other times promising models for research in the design of interactive human centered applications, technology innovation, aesthetic expression, and social critique. [1] This is a timeless opportunity to connect the larger ACM Creativity and Cognition conference community of researchers and university faculty with a community of creative thinkers who share research interests across human centered computing, technology development, and scientific discoveries. The exhibition is hosted by the National Academy of Sciences Exhibitions and Cultural Programs and will be held at the National Academy of Sciences Rotunda Gallery, 2100 C Street NW, Washington D.C. from June 4(th) to August 24(th), 2007.",wos,llm,0.990,unreviewed,
discarded,Exploring the Balance Between Computational Thinking and Learning Motivation in Elementary Programming Education: An Empirical Study With Game-Based Learning,Huizhong Liu; Zengqing Wu; Yili Lu; Ling Zhu,2023,IEEE Transactions on Games,10.1109/TG.2022.3143701,https://ieeexplore.ieee.org/document/9684681/,adjacent-subtopic,"Computational thinking (CT) skills are generally regarded as a basic ability for problem-solving and are gradually filtering down to younger age groups. Existing research has attempted to increase interaction and enhance the learning interest of elementary school students through block-based programming environments represented by Scratch. However, criticism suggests that this approach has potential long-term constraints on CT education. Therefore, this study designed a game-based project to investigate students’ learning motivation and CT performance in different programming environments. A total of 108 fifth-grade students participated in the experiment and were divided into two experimental groups (EG1 and EG2) and a control group (CG). The students in experimental groups all undertook game-based learning, while EG1 students used C++ and EG2 students used Scratch; CG students used C++ for traditional algorithm-based learning. Findings suggest that traditional programming languages with game-based learning can also substantially improve learning interest, which can promote the efficiency of improving CT for students who already have some motivation and foundation for learning. But for students who still lack motivation, are also encouraged to develop an interest in a block-based programming environment. Teachers can choose the most appropriate approach for students to find the best balance between learning efficiency and long-term interest.",ieee,llm,0.830,unreviewed,
discarded,Work in progress — The video scenario approach for developing computational and entrepreneurial thinking skills,Madalene Spezialetti,2010,2010 IEEE Frontiers in Education Conference (FIE),10.1109/FIE.2010.5673382,https://ieeexplore.ieee.org/document/5673382/,adjacent-subtopic,"The use of video scenarios is an active learning approach designed to aid in the development of computational and entrepreneurial thinking skills. Video scenarios present problems in the context of lifelike settings in order to emphasize the complexity as well as creative potential presented by problems which are diverse, multi-layered and frequently ill-defined. Students must carefully observe and critically listen to the characters in the videos in order to understand the problems they are experiencing. Through discussion, design or implementation, students explore potential ways in which computing can be used to help the characters solve their problems. The approach is designed to develop creative problem solving skills, while also encouraging students to view themselves as capable of entrepreneurship and innovation in computing. The videos are freely available on the website www.virt-u.org, and can be used for a wide range of learning activities.",ieee,llm,0.940,unreviewed,
discarded,Workshop: It's more than coding- using video scenarios to engage students in computing,Madalene Spezialetti,2012,2012 Frontiers in Education Conference Proceedings,10.1109/FIE.2012.6462520,https://ieeexplore.ieee.org/document/6462520/,adjacent-subtopic,"Studies indicate that students, particularly females, find computing most engaging when it is presented in relation to real-life problems, rather than when it is presented in ways that emphasize computing for the sake of computing. Video scenarios are a novel tool for encouraging students to explore computing in a problem-centric, rather than a code-centric, manner. Video scenarios are short films (2-5 minutes long) that depict individuals facing problems in life-like settings. The scenarios emphasize the diverse and often ill-defined nature of real world problems, and the potential for creative and entrepreneurial computing they present. The video scenarios and their associated discussion/exercise questions are freely available on the web at www.Virt-U.org.",ieee,llm,0.940,unreviewed,
discarded,A conceptual framework for integrated STEM education,Todd R. Kelley; J. Geoff Knowles,2016,International Journal of STEM Education,10.1186/s40594-016-0046-z,https://openalex.org/W2475426101,off-topic-false-hit,"The global urgency to improve STEM education may be driven by environmental and social impacts of the twenty-first century which in turn jeopardizes global security and economic stability. The complexity of these global factors reach beyond just helping students achieve high scores in math and science assessments. Friedman (The world is flat: A brief history of the twenty-first century, 2005) helped illustrate the complexity of a global society, and educators must help students prepare for this global shift. In response to these challenges, the USA experienced massive STEM educational reforms in the last two decades. In practice, STEM educators lack cohesive understanding of STEM education. Therefore, they could benefit from a STEM education conceptual framework. The process of integrating science, technology, engineering, and mathematics in authentic contexts can be as complex as the global challenges that demand a new generation of STEM experts. Educational researchers indicate that teachers struggle to make connections across the STEM disciplines. Consequently, students are often disinterested in science and math when they learn in an isolated and disjoined manner missing connections to crosscutting concepts and real-world applications. The following paper will operationalize STEM education key concepts and blend learning theories to build an integrated STEM education framework to assist in further researching integrated STEM education.",openalex,llm,0.950,unreviewed,
kept,It’s Computational Thinking! Bebras Tasks in the Curriculum,Valentina Dagienė; Sue Sentance,2016,Lecture notes in computer science,10.1007/978-3-319-46747-4_3,https://openalex.org/W2522303126,supports-claim,"Bebras is an award-winning, international contest and challenge in informatics that has been running for 12 years in primary and secondary schools, with 50 countries now participating. From a single contest-focused annual event the Bebras developed to a multifunctional challenge; an activities-based educational community-building network has grown up where the development of Bebras tasks has taken a very significant role. Bebras tasks present a motivating way to introduce computer science concepts to students as well as developing computational thinking skills. Tasks are categorized in terms of the concepts being covered, and each task includes an explanation of how the task relates to informatics. In this paper we propose that Bebras tasks can be used within the school curriculum (whether it is called informatics, computer science, computing or information technology) to promote computational thinking and provide teaching materials. We give examples of Bebras tasks that could be incorporated into the curriculum, and make recommendations for schools wishing to develop children's computational thinking skills.",openalex,llm,0.870,unreviewed,
kept,Refining an understanding of computational thinking,Cynthia Selby; John Woollard,2014,ePrints Soton (University of Southampton),,https://openalex.org/W1481444284,supports-claim,"This paper identifies aspects of computational thinking and proposes a description that meets the needs of teachers and academics reflecting upon the developing UK curriculum. Since Jeanette Wing’s use of the term computational thinking in 2006, various discussions have arisen seeking a robust definition of the phrase with little consensus. In order to facilitate consistent curriculum design and appropriate assessment, it is argued that a definition and description of the elements of computational thinking need to be identified. Criteria are developed for the objectives of a computational thinking definition, in accordance with the needs identified in the literature. The most frequently occurring terms, descriptions, and meanings used to characterise computational thinking are also identified in the literature. Using the criteria as a guide and the collected terms as the vocabulary, a definition of computational thinking is developed which incorporates the concepts of automation, abstraction, decomposition, algorithmic design, evaluation, and generalisation.",openalex,llm,0.980,unreviewed,
