status,title,authors,year,venue,doi,url,tags,abstract,provider,decision_source,llm_confidence,llm_review_outcome,llm_change_direction
discarded,Abstraction-Reconstruction as a Lens for Computational Design Thinking: A Comparative Study of the Parametric Design Environment and Building Information Modeling-Based Modeling,"Indraprastha, Aswin; Agirachman, Fauzan Alfi; Aditra, Rakhmat Fitranto",2026,INTERNATIONAL JOURNAL OF TECHNOLOGY,10.14716/ijtech.v17i2.7885,https://www.webofscience.com/wos/woscc/full-record/WOS:001736436300022,off-topic-false-hit,"The rapid adoption of building information modeling (BIM) in architecture and engineering necessitates pedagogical frameworks that integrate computational design thinking into BIM education. However, this significant paradigm shift which focuses on psychomotor enhancement is often regarded as incremental. This paper introduces Abstraction-Reconstruction, a novel framework grounded in Piaget's formal operational stage theory and dual-process models of design and computational thinking, emphasizing iterative cycles of observation, abstraction, and algorithmic thinking. An empirical study was conducted involving 84 undergraduate students across multiple disciplines, of whom 50 were from Architecture, as part of a mini capstone project. The study compared parametric skill development across two environments, a Parametric Design Environment (PDE)/Visual Algorithm Editor (VAE) and a BIM system, using six performance indicators spanning Design Skills (DS) and Parametric Skills (PS), assessed with substantial inter-rater reliability (Fleiss's K = 0.72). The BIM system outperformed PDE/VAE in parametric skills, yielding more consistent design skill scores centered around 8.0, attributed to its object-oriented structure that scaffolds abstraction through hierarchical data relationships. In PDE/VAE, Explicit Reasoning was the strongest predictor of parametric performance (beta = 0.67, p < 0.001; R-2 = 0.48-0.62), while Problem Definition was the dominant predictor in the BIM environment. Problem Abstraction and Parametric Generation demonstrated a near-perfect correlation (r = 0.96) in PDE/VAE, underscoring abstraction as the critical bridge between design and computational thinking. A post-course evaluation confirmed persistent challenges in generalizing abstraction while affirming that BIM fosters student confidence through structured workflows. This study validates Abstraction-Reconstruction as an effective pedagogical strategy, emphasizing the need to teach it as a dual cognitive process that integrates design intuition with algorithmic thinking to prepare students for evolving practices in the architecture, engineering, and construction industry.",wos,llm,0.910,unreviewed,
discarded,Systematically Thinking about the Complexity of Code Structuring Exercises at Introductory Level,"Haldeman, Georgiana; Ohmann, Peter; Denny, Paul",2026,"PROCEEDINGS OF THE 57TH ACM TECHNICAL SYMPOSIUM ON COMPUTER SCIENCE EDUCATION V.1, SIGCSE TS 2026",10.1145/3770762.3772633,https://www.webofscience.com/wos/woscc/full-record/WOS:001722635800066,adjacent-subtopic,"Decomposition and abstraction (DA) is an essential component of computational thinking, yet it is not always emphasized in introductory programming courses. In addition, as generative AI further reduces the focus on syntax and increases the importance of higher-level code reasoning, there is renewed opportunity to teach DA explicitly. In this paper, we introduce a framework for systematically assessing the complexity of code structuring tasks, where students must identify and separate meaningful abstractions within existing, unstructured code. The framework defines three dimensions of task complexity, each with multiple levels: repetition, code pattern, and data dependency. To support practical use, we provide example tasks mapped to these levels and offer an interactive tool for generating and exploring DA problems. The framework is designed to support the development of educational tasks that build students' skills with DA in the procedural paradigm.",wos,llm,0.900,unreviewed,
discarded,CodeFarm: An Application for the Development of Computational Thinking Through Video Games in Early Educational Stages,"Jimenez-Gonzalez, Gema; Martin-Barroso, Estefania; Zapata-Caceres, Marfa",2026,"TWO DECADES OF TEL. FROM LESSONS LEARNT TO CHALLENGES AHEAD, EC-TEL 2025, PT II",10.1007/978-3-032-03873-9_20,https://www.webofscience.com/wos/woscc/full-record/WOS:001685217900020,adjacent-subtopic,"Computational thinking (CT), as defined by Wing, involves mental processes for formulating problems executable by an information-processing agent. Introducing CT in early childhood supports not only cognitive skills like pattern recognition and algorithmic thinking, but also teamwork and communication. Given the widespread presence of video games in children's lives, this study proposed a tablet-based application using mini-games to teach CT skills in an engaging and educational manner. The app was tested through direct observation with children aged 5 and 6, who responded positively and interacted easily with the games. While most mini-games were well-received, two were identified as needing improvement due to their high cognitive demands. The children found it easy to interact with the application and enjoyed engaging in its activities.",wos,llm,0.930,unreviewed,
discarded,Developing a Grounded Theory of Computational Thinking Patterns in Pre-service Primary Teachers' Mathematical Problem Solving,"Marta, Rusdial; Nusantara, Toto; Atmoko, Adi; Rahayuningsih, Sri",2026,PERTANIKA JOURNAL OF SOCIAL SCIENCE AND HUMANITIES,10.47836/pjssh.34.1.25,https://www.webofscience.com/wos/woscc/full-record/WOS:001712593100025,adjacent-subtopic,"This research project will define and trace the features of computational thinking (CT) of pre-service primary school educators in solving contextual mathematics problems. The qualitative paradigm with grounded theory design was adopted, which allowed the development of the theory with the use of empirical data. The problem-solving test according to Polya steps and semi-structured interview aiming at four CT indicators decomposition, pattern recognition, algorithmic thinking, and debugging were used to collect the data. The analysis of data was conducted according to the model suggested by Gioia as it included open coding, first-order concepts, second-order themes, and aggregate dimensions. The findings showed that there are three different patterns of CT characteristics namely systematic-conceptual, pragmatic-exploratory, and procedural-linear, and the results demonstrate the difference in CT application between university students and the need to improve reflective thinking and strategic approaches in teacher education. The study will assist in designing computational thinking-based mathematics programmes and instruction methods in the primary school level.",wos,llm,0.890,unreviewed,
discarded,Integrating Japanese Festival Traditions into Computational Thinking: A Culturally Responsive Approach to Micro:Bit-based Physical Computing,"Sugiyama, Daiki; Khan, M. Fahim Ferdous; Sakamura, Ken",2026,INTERNATIONAL JOURNAL OF ADVANCED COMPUTER SCIENCE AND APPLICATIONS,,https://www.webofscience.com/wos/woscc/full-record/WOS:001710504900001,adjacent-subtopic,"The current pre-tertiary educational landscape in Japan is defined by a significant paradox. While technological infrastructure has reached unprecedented levels of saturation through the Global and Innovation Gateway for All (GIGA) School initiative, student engagement and qualitative learning outcomes in computational disciplines have shown signs of stagnation. This research addresses this disparity by proposing a framework grounded in Culturally Responsive Teaching (CRT) and Culturally Responsive Computing (CRC), utilizing the traditional Japanese festival game of Shateki (target shooting) as a primary pedagogical vehicle. By leveraging the BBC micro:bit and a modular physical computing architecture, this study demonstrates how situating abstract programming concepts, such as sequential logic, conditional branching, and signal modulation, within familiar ""vernacular"" and ""heritage"" cultural contexts can foster intrinsic motivation and improve academic achievement among K-12 students. Through a pilot evaluation conducted during a community festival, this study provides quantitative evidence that CRT-based interventions not only enhance technical proficiency but also bolster a sense of student agency and cultural belonging. The results suggest that the success of modern educational technology initiatives depends less on hardware distribution and more on the pedagogical translation of technical content into culturally meaningful experiences.",wos,llm,0.910,unreviewed,
kept,Computational Thinking: Conceptions of New Students of the Early Childhood Education Undergraduate,"Berciano, Ainhoa; Cuida, Astrid; Jimenez-Gestal, Clara; Novo, Ma Luisa; Salgado, Maria",2026,REDIMAT-REVISTA DE INVESTIGACION EN DIDACTICA DE LAS MATEMATICAS,10.17583/redimat.17349,https://www.webofscience.com/wos/woscc/full-record/WOS:001704081700004,qualifies-claim,"Computational thinking is taking a place as a fundamental skill for students, so their teachers to be must have a comprehension of what does it means to help the students in their way. Thus, in this work, we are interested in analyzing what the students of the Degree in Early Childhood Education understand about this concept. To this end, a lexicometric study of the speech of a total of 173 students new to the Early Childhood Education Degree from 4 faculties of 3 state universities was carried out, when they were asked about the topic. The results show that ideas are related to 7 big classes or clusters, which can be classified into: 1) the relationship with ICTs, 2) mathematical resolution, 3) human-computer relationship, 4) the world of ideas, 5) a new type of thinking, 6) the capacity to face challenges, 7) the ability to solve challenges and solve problems. In conclusion, on the one hand, computational thinking is not an easy construct to define and, on the other, the identified classes help us to propose initial teacher training that, making use of these great ideas, responds to the challenges involved in including computational thinking in their initial training.",wos,llm,0.950,unreviewed,
discarded,From Code to Intent: Re-Architecting Internet Computing for the AI Era,"Schmidt, Douglas C.",2025,IEEE INTERNET COMPUTING,10.1109/MIC.2026.3651157,https://www.webofscience.com/wos/woscc/full-record/WOS:001703843100002,off-topic-false-hit,"Generative artificial intelligence (AI) is redefining how we solve problems by loosening the coupling between traditional coding and computational thinking, which is often defined as telling computers what to do without specifying how to do it. Rather than coding Internet applications explicitly using traditional programming languages, practitioners can now leverage large language models and agentic AI systems that can act autonomously to accomplish complex tasks through natural language intent. This column examines how generative AI tools and frameworks-from automated agents like OpenAI's Deep Research to agent orchestration platforms like Google's Opal-are unbinding computational thinking from code syntax and making ""no-code"" problem-solving a reality at scale. We highlight use cases and consider opportunities like democratized access and accelerated development.",wos,llm,0.870,unreviewed,
discarded,Using the body and material artefacts for spatial reasoning in classroom programming activities,"Niemi, Kreeta; Jakonen, Teppo; Roos, Susanne",2026,LINGUISTICS AND EDUCATION,10.1016/j.linged.2026.101502,https://www.webofscience.com/wos/woscc/full-record/WOS:001686717600001,adjacent-subtopic,"We use multimodal conversation analysis to investigate programming activities as embodied and interactional phenomena. Drawing on the theory of embodied cognition, we analyse video-recorded interactions of Finnish pupils aged 9-10 years who are programming block-based codes for educational robots for a collaborative story animation project. The analysis focuses on how the pupils negotiate directional instructions, transform them into code, and implement their programming. The analysis reveals i) how the coding platform and its features constitute a situated problem and material space that the participants structure through embodied and social negotiation, ii) how the participants use their bodies as resources for cognitive reasoning and communicating the contingencies of the activity and iii) engage in object manipulation for testing and accommodating what is possible with the space and materials. The findings also indicate that a trial-and-error approach in which pupils test, observe and refine their code is essential to activity engagement and for developing programming and computational thinking skills.",wos,llm,0.950,unreviewed,
discarded,Exploring the role of peer review in computational thinking development among pre-service teachers,"Voon, Xin Pei; Wong, Su Luan; Wong, Lung Hsiang; Khambari, Mas Nida Md.; Syed-Abdullah, Sharifah Intan Sharina",2026,RESEARCH AND PRACTICE IN TECHNOLOGY ENHANCED LEARNING,10.58459/rptel.2026.21031,https://www.webofscience.com/wos/woscc/full-record/WOS:001667993700001,adjacent-subtopic,"Computational thinking can be interpreted as a cognitive process that provides a new paradigm for higher-order thinking about successfully solving problems posed in a technology-mediated teaching and learning context. Peer review has been employed as an effective learning strategy to enhance cognitive practices such as critical thinking, reflection practices and collaborative experiences. A qualitative case study was conducted to explore the role of peer review as a learning strategy of computational thinking among pre-service teachers. The peer comments were coded by adopting a coding scheme of comments, and the interview transcripts were analysed to investigate the significance of the peer-review process and student perceptions of what is most beneficial. Each student was required to design a lesson by integrating the computational thinking facets into their lesson plan. Upon submitting the lesson plan, they were engaged in a blind review process. Individual student reviews the lesson designed by their peers and provides their comments. By adapting a peer-review cognitive process model, this article provides evidence that the peer-review process played a critical role in facilitating pre-service teachers' computational thinking, particularly problem-solving competencies. The findings indicate that peer review strategy can facilitate computational thinking by enhancing pre-service teachers' higher-order thinking through constructing and providing critical feedback to their peers. The students perceived the peer-review process was beneficial in improving their computational thinking-integrated lesson design. However, it was suggested that the students be informed about the purposes and learning benefits of the peer-review process to improve their learning experience.",wos,llm,0.940,unreviewed,
kept,Computational thinking in K-6 education: a scoping review of instructional practices,"Santaengracia, Juan Jose; Palop, Belen; Rodriguez-Muniz, Luis J.",2026,JOURNAL OF COMPUTERS IN EDUCATION,10.1007/s40692-025-00380-z,https://www.webofscience.com/wos/woscc/full-record/WOS:001664294400001,qualifies-claim,"The recent introduction of Computational Thinking (CT) in K-6 education has yet to clarify the corpus of content and competencies to be developed in these early stages. Numerous studies address CT education through different classroom approaches. This scoping review examines the literature, instructional models, materials, activities, and resources employed in K-6 classrooms to integrate CT into primary education. Findings suggest a certain misalignment between the broad definition of CT proposed in theoretical frameworks and the predominant focus on coding and programming in classroom practices. Although numerous CT components are extracted from the theoretical frameworks in the literature, classroom activities tend to work on a narrower set, with algorithmic thinking being the only focus in many of them. Programming practices range from digital storytelling to robotics, while a few include unplugged or interdisciplinary activities. Mathematics emerge as the most frequent course where CT is integrated, largely due to their natural overlap. Other courses such as science, language, and the arts also offer a significant potential for its appearance. In terms of instructional models, interactive, student-centered approaches such as guided discovery and problem-based learning are predominant. This review serves as a critical reflection on the alignment between the theoretical aspirations for CT integration and the practical realities of classroom implementation, shedding light on gaps and opportunities for refinement in pedagogical practices.",wos,llm,0.980,unreviewed,
discarded,"Developing rule-based scoring methods that capture student progress in computational problem-solving in open, interactive tasks","Foster, Natalie; Holmes, Jessica L.; Linsenmayer, Emma; Zoanetti, Nathan; Yildiz, Huseyin",2026,LEARNING AND INDIVIDUAL DIFFERENCES,10.1016/j.lindif.2025.102846,https://www.webofscience.com/wos/woscc/full-record/WOS:001642641300001,adjacent-subtopic,"This paper describes the development and validation processes involved in defining evidence rules for computational problem-solving, one of two aspects measured in the PISA 2025 Learning in the Digital World (LDW) assessment. We developed two theory-driven, rule-based scoring approaches - the Expert Strategy and Quality Marker approach - and applied them to a relatively complex and open computational problem-solving task targeting students' capacity to decompose a problem, recognise patterns and create generalisable solutions. The Expert Strategy approach extracts features of students' code aligned with an optimal task solution, whereas the Quality Marker approach rewards incremental progress towards the task goal and in applying target practices. We compare the results of the two approaches with each other and the results of a paired comparison validation study involving experts in the field of programming and computational thinking. We reflect on the practical implications of the results for PISA 2025 and provide directions for applying the methods to other task-types. Educational relevance statement: Assessment of students via complex, interactive and open-ended tasks in technology-rich environments, such as visual programming tasks, present new challenges to assessors, who need to account for the infinite solution space and students' individual strategies for solving these problems. In largescale and/or international assessment, challenges are compounded by a heterogeneous testing population, in terms of cultural and educational backgrounds and experience with digital tools and visual coding, and by the prohibitive costs of human scoring. Sophisticated automated scoring models are needed that can validly interpret evidence about students' skills and that can flexibly accommodate individual differences in solution pathways. This study contributes new knowledge to existing literature in educational and learning sciences on assessment design by developing and validating sophisticated rule-based scoring approaches that provide granular information about student abilities in computational problem-solving, that are appropriate for both large-scale summative and formative contexts, and that can handle different approaches to solving open tasks. Our approaches are supported by the results of an empirical validation exercise (a paired comparison study) involving experts from the field of programming and computational thinking.",wos,llm,0.920,unreviewed,
discarded,Mobile2D-3D-RoboticSim: A robotic platform for computational thinking assessment in STEM and STEAM education,"Barron-Zambrano, Jose Hugo; Nuno-Maganda, Marco Aurelio; Hernandez-Diaz, Melchor; Rangel-Magdaleno, Jose de Jesus; Hernandez-Mier, Yahir",2026,SOFTWAREX,10.1016/j.softx.2025.102473,https://www.webofscience.com/wos/woscc/full-record/WOS:001638997900001,adjacent-subtopic,"Education in Science, Technology, Engineering, Arts, and Mathematics (STEAM) is crucial for developing essential skills in today's society. A key issue for researchers in the Education and Behavioral Sciences (EBS) fields is to assess the evolution of Computational Thinking (CT) in learners through the use of educational robotics, which is a powerful tool that enhances learning by allowing students to apply theoretical knowledge to real-world scenarios. In this article, we propose a 2D-3D virtual and physical robotic platform for STEM/STEAM education, enabling users to interact with a low-cost line-following educational robotic platform, equipped with an onboard computer, sensors, and actuators. The platform is user-programmable and integrates the ROS operating system to define the robot's movement and path, as well as to visualize the robot's movement in real-time. The platform is also accessible to educators and the general public for exploratory and pedagogical use. We report results related to the application of the competent Computational Thinking Test (cCTt) instrument to a small group of students, which may be of particular relevance to the Education and Behavioral Sciences (EBS) community for validating the acquisition of CT skills through the proposed platform for larger learner groups.",wos,llm,0.950,unreviewed,
