status,title,authors,year,venue,doi,url,tags,abstract,provider,decision_source,llm_confidence,llm_review_outcome,llm_change_direction
kept,Towards a Notional Machine for Runtime Stacks and Scope: When Stacks Don't Stack Up,"Clements, John; Krishnamurthi, Shriram",2023,"PROCEEDINGS OF THE 2022 ACM CONFERENCE ON INTERNATIONAL COMPUTING EDUCATION RESEARCH, ICER 2022, VOL. 1",,https://www.webofscience.com/wos/woscc/full-record/WOS:001143762100016,adjacent-subtopic,"Background and Context. Modern programming is replete with features like closures, callbacks, generators, asynchronous functions, and so on. These features can be subtle in their behavior and interaction with the rest of the language, so students need notional machines that are both accurate and manageable. We specifically focus on stacks and their associated environments, which are key to understanding these features.

Objectives. What conceptions do students have of stacks and environments on entry to a tertiary, upper-level programming languages course? What impact does coursework around an interpreterbased approach to programming languages education have on their understanding? What is the value of the tooling we create for students to express notional machine states?

Method. Our studies were conducted at two different institutions in a tertiary, upper-level course on programming languages. The intermediate interventions were different, but both used a pre/post-test format conducted at the beginning and near the end of the semester. We also created a Snap!-based tool to assist in notional machine description.

Findings. We found that students have a relatively weak understanding of stacks and environments at entry, and exhibited various misconceptions. At one institution, which primarily relied on interpreters, we found numerous problems persisted at the end of the semester. At the other, which in addition to interpreters also used direct instruction and the Snap!-based tool, students did much better-but still not on aspects that we would have liked to have transferred from interpreters.

Implications. Our findings suggest that it is important for other educators to also assess their students' understanding of stacks and environments, especially in light of modern programming concepts. Assuming similar misconceptions are widespread, we believe the community needs to invest much more effort into notional machines, so that students can better understand the features and programs they are working with. In particular, the ""standard"" stack presentation is insufficient and in some cases even ""harmful"" (since it reinforces some misconceptions), and hence must be revised. Finally, our study forces a reconsideration of the learning objectives met by interpreters in programming languages education.",wos,llm,0.930,unreviewed,
discarded,Preconceptions of Artificial Intelligence and their change through co-constructed explorations,"Lenke, Michael",2021,"PROCEEDINGS OF 21ST KOLI CALLING CONFERENCE ON COMPUTING EDUCATION RESEARCH, KOLI CALLING 2021,",10.1145/3488042.3490511,https://www.webofscience.com/wos/woscc/full-record/WOS:001119104600041,off-topic-false-hit,"Most explainable AI (XAI) approaches focus on mathematically correct and complete explanations. In contrast to that, everyday explanations are social practices that are influenced by many factors, e.g. the social and institutional context of the explanation. Everyday explanations are therefore co-constructed by both the explainer and the explainee. Assuming that everyday co-constructed explanations are easy to understand for citizens, they can help to make AI understandable for people who do not have affinity for technology. In this context, concrete and simplified examples that are adapted to the needs of the learner can reduce the complexity of the explanation furthermore.

This Ph.D. project investigates the effects of co-constructed explanations created while exploring notional machines on the mental models of AI of everyday people. The goal is to identify aspects of AI technology which are relevant for everyone, to empower people to become a responsible and active members of society in a digitalized world where AI technology is ubiqitious.",wos,llm,0.980,unreviewed,
discarded,CT 2.0,"Tedre, Matti; Denning, Peter J.; Toivonen, Tapani",2021,"PROCEEDINGS OF 21ST KOLI CALLING CONFERENCE ON COMPUTING EDUCATION RESEARCH, KOLI CALLING 2021,",10.1145/3488042.3488053,https://www.webofscience.com/wos/woscc/full-record/WOS:001119104600011,adjacent-subtopic,"CT has been the central rallying point for K-12 computing education at least since the early 2010s. Many teachers, school administrators, and policymakers have joined the movement. A consensus has emerged over the conceptual landscape of CT.

Meanwhile, machine learning (ML) has triggered some major changes in many sectors of computing. Children's lives today are full of ML-driven services-take TikTok's spot-on recommendations, social media's automatic tagging of their friends in photos, and targeted personalized advertisement, just to mention a few. Children cannot learn to think about and design ML technology from learning classical programming. ML is poised to upend the CT consensus.

Look at some of the changes ML has already triggered in computing. It has enabled greatly improved speech and image recognition, powerful recommendations on streaming services, autonomous navigation of cars, super-human performance in board and computer games, and even alternative-reality ""deepfake"" videos. Most advances in topics above are due to hardware evolution to non-traditional, special purpose architectures, new algorithms such as convolutional neural networks (CNN) or generative adversarial networks (GAN), and new objectives and measures of success.

We will show that several key CT concepts, including debugging, problem-solving workflow, correctness, and notional machines, are insufficient for ML and need to be extended. Moreover, ML introduces new concepts including neural networks, curating and training data, and reinforcement learning that are not part of CT at all. All these changes challenge the traditional views related to teaching CT in K-12.

ML is not the only emerging technology appearing in the computing landscape. Quantum computing and biological computing are not far behind. We need to start rethinking how CT must evolve to anticipate and meet these challenges.",wos,llm,0.940,unreviewed,
kept,A Memory Diagram for All Seasons,"Dickson, Paul E.; Dragon, Toby",2021,"PROCEEDINGS OF THE 26TH ACM CONFERENCE ON INNOVATION AND TECHNOLOGY IN COMPUTER SCIENCE EDUCATION, ITICSE 2021, VOL 1",10.1145/3430665.3456317,https://www.webofscience.com/wos/woscc/full-record/WOS:001427124600024,supports-claim,"Tracing code execution and creating memory diagrams have long been tools for teaching computer science. These techniques are useful beyond demonstration or assessment of understanding: they are teaching and learning tools. We argue that if consistent diagramming is used across courses and programming languages, variations to the level of detail in those diagrams can become a teaching technique. We previously described a consistent form of memory diagram to be used across curricula, Ithaca Memory Diagrams (IMDs), and explained their basic use. After four more years of classroom use, we find that variation in these diagrams is useful to emphasize specific concepts and highlight features of various languages. Our updates to previously published memory diagrams improve their usefulness in courses from the high-level abstraction of CS1 to the depth of systems courses. We provide specific examples of this variation with explanation of the intended benefits.",wos,llm,0.980,unreviewed,
kept,A set of exercises and tests for teaching tracing skills using a mastery approach,"Stegeman, Martijn",2019,19TH KOLI CALLING CONFERENCE ON COMPUTING EDUCATION RESEARCH (KOLI CALLING 2019),10.1145/3364510.3366154,https://www.webofscience.com/wos/woscc/full-record/WOS:000558063700033,supports-claim,"We present a first implementation of exercises on code evaluation and tracing for use alongside introductory programming courses. The goal of these exercises and accompanying tests is to provide a structure that enables students to fully master a number of common tracing skills. In developing the exercises, we focused on keeping cognitive load as low as possible by gradually introducing new programming language elements, while allowing for repeated practice of previously introduced concepts. The exercises range from evaluating expressions involving integer division to tracing loops with multiple variables. We also generated small tests that students take to show their mastery of the concepts, allowing only a very limited number of mistakes per test and requiring students to take another version if needed. Using this model in several introductory programming courses over the past year shows that it appears to be possible to achieve mastery on these tracing skills for almost all students while maintaining positive attitudes toward the exhaustive training process.",wos,llm,0.910,unreviewed,
discarded,Flexible Low-cost Activities to Develop Novice Code Comprehension Skills in Schools,"Donaldson, Peter; Cutts, Quintin",2018,WIPSCE'18: PROCEEDINGS OF THE 13TH WORKSHOP IN PRIMARY AND SECONDARY COMPUTING EDUCATION,10.1145/3265757.3265776,https://www.webofscience.com/wos/woscc/full-record/WOS:000455378300019,adjacent-subtopic,"The lack of code comprehension skills in novice programming students is recognised as a major factor underpinning poor learning outcomes. We use Schulte's Block Model to support teachers' understanding of how to break the skill down into component parts that are more manageable for a learner. This analysis is operationalised in three code annotation-based learning/assessment exercise formats, two helping students to identify and describe programming concepts and the third enabling them to parse code correctly and carry out desk executions. A great benefit of the activities is that they are low cost and can be applied to any imperative style code and so can be easily adopted by schools anywhere; furthermore, they are active, not passive, an issue with some animation-based visualisation approaches. The exercise formats were included as part of a national schools computing science professional learning programme (PLAN C).",wos,llm,0.810,unreviewed,
kept,Theia: Automatically Generating Correct Program State Visualizations,"Pollock, Josh; Roesch, Jared; Woos, Doug; Tatlock, Zachary",2019,SPLASH-E'19: PROCEEDINGS OF THE 2019 ACM SIGPLAN SYMPOSIUM ON SPLASH-E,10.1145/3358711.3361625,https://www.webofscience.com/wos/woscc/full-record/WOS:000842991100007,supports-claim,"Program state visualizations (PSVs) help programmers understand hidden program state like objects, references, and closures. Unfortunately, existing PSV tools do not support custom language semantics, which educators often use to introduce programming languages gradually. They also fail to visualize key pieces of program state, which can lead to incorrect and confusing visualizations.

Theia, a generic PSV framework, uses formal abstract machine definitions to produce complete, continuous, and consistent (CCC) PSVs.

To produce CCC visualizations with Theia, an educator only needs to specify an abstract machine and optionally customize the resulting web page, allowing her to visualize custom language semantics without developing a language-specific tool.",wos,llm,0.960,unreviewed,
kept,"Extending the Object-Oriented Notional Machine Notation with Inheritance, Polymorphism, and GUI Events","Cuvic, Marin Aglic; Maras, Josip; Mladenovic, Sasa",2017,"2017 40TH INTERNATIONAL CONVENTION ON INFORMATION AND COMMUNICATION TECHNOLOGY, ELECTRONICS AND MICROELECTRONICS (MIPRO)",,https://www.webofscience.com/wos/woscc/full-record/WOS:000426903800142,supports-claim,"Learning to program is a challenging task. Novices need to have an accurate understanding of the program execution at the conceptual level provided by the programming language. This level of execution is often referred to as the notional machine, which is often easier to understand through program visualizations.

Currently one of the most popular programming paradigms is object-oriented programming, which introduces a number of advanced concepts. In addition, in order to increase student engagement, teachers have started to introduce graphical user interface (GUI) applications into programming courses. This brings its own set of challenges, mostly related to a significantly larger number of application states, which are more difficult to keep track of. However, most existing programming visualizations do not cover all necessary concepts for teaching object-oriented programming, nor have they considered visualizing complex GUI applications. For this reason, we present our own concept of a visualization system that addresses these shortcomings.

In this paper, we have: i) extended an existing notation for a notional machine to support learning of advanced object-oriented concepts inheritance and polymorphism; ii) presented our own concept of a visualization system that introduces the source code into the notional machine, thereby making the relationship between source code and the visual representation more concrete; and iii) proposed solutions for reducing the cognitive overload introduced by GUI applications.",wos,llm,0.960,unreviewed,
kept,"Assessing and Teaching Scope, Mutation, and Aliasing in Upper-Level Undergraduates","Fisler, Kathi; Krishnamurthi, Shriram; Wilson, Preston Tunnell",2017,PROCEEDINGS OF THE 2017 ACM SIGCSE TECHNICAL SYMPOSIUM ON COMPUTER SCIENCE EDUCATION (SIGCSE'17),10.1145/3017680.3017777,https://www.webofscience.com/wos/woscc/full-record/WOS:000468494200042,adjacent-subtopic,"Scope, aliasing, mutation, and parameter passing are fundamental programming concepts that interact in subtle ways, especially in complex programs. Research has shown that students have substantial misconceptions on these topics. But this research has been done largely in CS1 courses, when students' programming experience is limited and problems are necessarily simple. What happens later in the curriculum? Does more programming experience iron out these misconceptions naturally, or are interventions required?

This paper explores students' understanding of these topics in the context of a programming languages class for third- and fourth-year CS majors. Our pre- and post-tests pose questions in two programming languages to gauge whether upper-level students transfer knowledge between languages. Many students held misconceptions about these concepts at the start of the course. Students made progress in only some languages and topics, and cross-language transfer does not occur naturally. We also discuss various pedagogic activities we used to engage students with these concepts, and provide data and student opinion on their effectiveness.",wos,llm,0.900,unreviewed,
kept,Comprehension First: Evaluating a Novel Pedagogy and Tutoring System for Program Tracing in CS1,"Nelson, Greg L.; Xie, Benjamin; Ko, Andrew J.",2017,PROCEEDINGS OF THE 2017 ACM CONFERENCE ON INTERNATIONAL COMPUTING EDUCATION RESEARCH (ICER 17),10.1145/3105726.3106178,https://www.webofscience.com/wos/woscc/full-record/WOS:000426498000002,supports-claim,"What knowledge does learning programming require? Prior work has focused on theorizing program writing and problem solving skills. We examine program comprehension and propose a formal theory of program tracing knowledge based on control flow paths through an interpreter program's source code. Because novices cannot understand the interpreter's programming language notation, we transform it into causal relationships from code tokens to instructions to machine state changes. To teach this knowledge, we propose a comprehension-first pedagogy based on causal inference, by showing, explaining, and assessing each path by stepping through concrete examples within many example programs. To assess this pedagogy, we built PLTutor, a tutorial system with a fixed curriculum of example programs. We evaluate learning gains among self-selected CS1 students using a block randomized lab study comparing PLTutor with Codecademy, a writing tutorial. In our small study, we find some evidence of improved learning gains on the SCS1, with average learning gains of PLTutor 60% higher than Codecademy (gain of 3.89 vs. 2.42 out of 27 questions). These gains strongly predicted midterms (R-2 = .64) only for PLTutor participants, whose grades showed less variation and no failures.",wos,llm,0.960,unreviewed,
kept,Student Understanding of the C plus plus Notional Machine Through Traditional Teaching with Conceptual Contraposition and Program Memory Tracing,"Hidalgo-Cespedes, Jeisson; Marin-Raventos, Gabriela; Lara-Villagran, Vladimir",2015,2015 XLI LATIN AMERICAN COMPUTING CONFERENCE (CLEI),,https://www.webofscience.com/wos/woscc/full-record/WOS:000380459600091,adjacent-subtopic,"In order to learn a programming language, a correct understanding of its notional machine is mandatory. Students acquire that comprehension mainly through visual and verbal explanations provided by professors, books, videos, and other instructional materials. This research applied the conceptual contraposition technique and program memory tracing technique to the prevalent teaching method in our country: the lecture. The understanding of the C++ notional machine was evaluated on students of a Programming II (CS2) course that implemented the mentioned methods. Results revealed that these techniques applied to the lecture are insufficient to help students develop satisfactory mental models of the C++ notional machine.",wos,llm,0.950,unreviewed,
kept,PROGRAMMING NOVICES' MENTAL MODELS,"Bubica, Nikolina; Boljat, Ivica",2015,EDULEARN15: 7TH INTERNATIONAL CONFERENCE ON EDUCATION AND NEW LEARNING TECHNOLOGIES,,https://www.webofscience.com/wos/woscc/full-record/WOS:000376685705131,supports-claim,"Achieving success or failure at the beginning of the introductory programming course often determines whether the student will continue to track content related to computer science. Despite numerous studies, it is still not entirely clear why some students of introductory programming courses learn to program faster and better than others, and why, for some, programming is funny while others see it as arduous struggle in an effort to pass one course. In an effort to discover the factors that influence the achievement of success in introductory programming course, a growing number of researchers are studying the importance of students creating consistent mental models of fundamental programming concepts. This paper aims to give an overview of the relevant literature that examines the impact of novice programmer creating consistent mental model to his learning programming in general, lists the advantages and disadvantages of the application of certain teaching techniques with respect to the student's engagement, emphasizes the importance of student's high self-efficacy for knowledge adoption and transfer, compares the effectiveness of individual tools, visual or Command Line, which aims to assist students in creating consistent mental models in learning programming and understanding how computer program really works and finally gives some pedagogical implications,",wos,llm,0.900,unreviewed,
kept,A Review of Generic Program Visualization Systems for Introductory Programming Education,"Sorva, Juha; Karavirta, Ville; Malmi, Lauri",2013,ACM TRANSACTIONS ON COMPUTING EDUCATION,10.1145/2490822,https://www.webofscience.com/wos/woscc/full-record/WOS:000209476800001,systematic-review,"This article is a survey of program visualization systems intended for teaching beginners about the runtime behavior of computer programs. Our focus is on generic systems that are capable of illustrating many kinds of programs and behaviors. We inclusively describe such systems from the last three decades and review findings from their empirical evaluations. A comparable review on the topic does not previously exist; ours is intended to serve as a reference for the creators, evaluators, and users of educational program visualization systems. Moreover, we revisit the issue of learner engagement which has been identified as a potentially key factor in the success of educational software visualization and summarize what little is known about engagement in the context of the generic program visualization systems for beginners that we have reviewed; a proposed refinement of the frameworks previously used by computing education researchers to rank types of learner engagement is a side product of this effort. Overall, our review illustrates that program visualization systems for beginners are often short-lived research prototypes that support the user-controlled viewing of program animations; a recent trend is to support more engaging modes of user interaction. The results of evaluations largely support the use of program visualization in introductory programming education, but research to date is insufficient for drawing more nuanced conclusions with respect to learner engagement. On the basis of our review, we identify interesting questions to answer for future research in relation to themes such as engagement, the authenticity of learning tasks, cognitive load, and the integration of program visualization into introductory programming pedagogy.",wos,llm,0.990,unreviewed,
