status,title,authors,year,venue,doi,url,tags,abstract,provider,decision_source,llm_confidence,llm_review_outcome,llm_change_direction
kept,Developing a Procedural Problem-solving-based Framework of Computational Thinking Components,Hi-Lian Jeng; Li-Wen Liu; Chung-Nien Chen,2019,2019 8th International Congress on Advanced Applied Informatics (IIAI-AAI),10.1109/IIAI-AAI.2019.00061,https://ieeexplore.ieee.org/document/8992758/,supports-claim,"This study intended to explore the definitions and components of CT (computational thinking) and establish a framework that depicts the relationship between CT and problem-solving procedures. The framework is expected to aid in the development of CT pedagogy and assessment. CT is defined as a problem-solving process and method, utilizing ""computer science concepts"" and ""digital technology skills"" to develop strategic methods to solve specific problems, and ten components are synthesized as the main facets of CT in correspondence with the progressive phases of problem-solving. The CT framework is expected to provide guidelines for teachers and students to understand the essence of CT so that students' higher order thinking can be promoted osmotically.",ieee,llm,0.970,unreviewed,
kept,An operationalized model for defining computational thinking,Tony Lowe; Sean Brophy,2017,2017 IEEE Frontiers in Education Conference (FIE),10.1109/FIE.2017.8190682,https://ieeexplore.ieee.org/document/8190682/,supports-claim,"The Computational Thinking (CT) conceptual framework is entering its second decade of research yet still lacks a cohesive definition by which the field can coalesce. The lack of clear definition makes assessment tool challenging to formulate, pedagogical efforts difficult to compare, and research difficult to synthesize. This paper looks to operationalize differing definitions of CT enhancing the ability to teach then assess the presence of CT. Expanding upon CT definitions, industry practices and processes, and educational theory, we link existing concepts and propose a new element to model an active definition of CT as a theoretical framework to guide future research. Our model updates existing CT definition by formally including Modeling, introducing Socio-Technical processes, separating Information Gathering from Data Collection and adding emphasis to Testing as a vital CT concept. We feel these elements and interconnections make CT is easier to describe and measure.",ieee,llm,0.980,unreviewed,
kept,Computational thinking and impacts on K-12 science education,Ross J. Toedte; Mehmet Aydeniz,2015,2015 IEEE Frontiers in Education Conference (FIE),10.1109/FIE.2015.7344239,https://ieeexplore.ieee.org/document/7344239/,supports-claim,"Jeannette Wing's seminal computational thinking (CT) paper, published in 2006, set forth CT as not just a way of looking at computational problems, but as an alternative approach to solving everyday problems. We strongly support Wing's assertion. Accordingly, we report the results of our meta-analysis of CT curricular implementations since 2006. Our principle interest is in CT framings and implementations for K-12 audiences in disciplines other than computer science, thus fulfilling the broad appeal and utility originally prescribed by Wing. We break CT down into its constituent characteristics, and split these characteristics into two principle groups: mechanistic (inextricably tied to and limited by computer science) and humanistic (separable from and adaptable beyond computer science). We use this conceptual bifurcation as a basis for selecting and analyzing implementations of CT for subsequent reporting. We summarize our CT meta-analytical results by distributional themes including grades, disciplinary foci, equity groups, and programming paradigms. In conclusion, we make recommendations for improving K-12 CT curricular implementations. Our hope is that utilization of CT characteristics and principles will become more commonplace in public education, be utilized more continuously through primary and secondary grades, and be inventively applied across a more inclusive range of academic disciplines.",ieee,llm,0.920,unreviewed,
discarded,A Collaborative Game-Based Learning Framework to Improve Computational Thinking Skills,Ângelo Magno de Jesus; Ismar Frango Silveira,2019,2019 International Conference on Virtual Reality and Visualization (ICVRV),10.1109/ICVRV47840.2019.00038,https://ieeexplore.ieee.org/document/9212993/,adjacent-subtopic,"Computational Thinking (CT) can amplify learners' skill sets so that they become excellent problem-solvers. Game-Based Learning and Collaborative Learning are two approaches that may aid in the development of CT skills. This paper describes a framework based on Game and Collaborative Learning which aims to enhance the CT teaching that improves students' social skills in a fun way. The framework stands out by including collaborative learning features defined in the main literature. Also, the strategy was developed specifically to fit the games' dynamics. The approach was evaluated via metacognitive and transactive analysis and by a survey. The results showed evidence that the method is able to stimulate interaction among students to apply problem-solving strategies.",ieee,llm,0.880,unreviewed,
kept,Towards an Analysis of Computational Thinking,J. Ángel Velázquez-Iturbied,2018,2018 International Symposium on Computers in Education (SIIE),10.1109/SIIE.2018.8586710,https://ieeexplore.ieee.org/document/8586710/,qualifies-claim,"The term “computational thinking” does not have an unambiguous meaning, therefore we address its analysis with the aim of making its meaning clearer. In the paper, we first present several definitions extracted from a number of relevant publications. Then, the main elements included in these definitions are analyzed. The analysis shows that such definitions are ambiguous and heterogeneous. Depending on each specific definition, they refer to concepts, skills, attitudes and transversal competences. Finally, the paper includes a section where these findings are analyzed and potential risks are identified.",ieee,llm,0.990,unreviewed,
discarded,Assessing the Efficacy of Teaching Computational Thinking Through the Instructional Method of Academic Research,Deepan Raj Prabakar Muthirayan; Raghav Awasty; Divyannsh Pincha; Shikhraj Singh; Anvita Ghosh; Brainerd Prince,2025,2025 IEEE Frontiers in Education Conference (FIE),10.1109/FIE63693.2025.11328536,https://ieeexplore.ieee.org/document/11328536/,adjacent-subtopic,"This full, innovative practice paper explores the efficacy of teaching computational thinking through the instructional method of academic research. Traditional Freshmore courses in engineering programs often limit computational thinking instruction to programming, focusing primarily on algorithms for solving standard predefined problems. What they lack, however, is emphasis on a broader problem-solving process from problem formulation to the final design. Interestingly, these stages also mirror academic research practices. Therefore, the hypothesis put forward in this paper is that integrating computational thinking courses with courses on academic research can significantly enhance the computational problem-solving ability in students. This hypothesis was tested in an engineering and technology university while teaching computational thinking to 90 first-year undergraduate Freshmore students. In collaboration with the academic research communication course, the students were taught a structured four-step research framework for computational thinking: (1) Identifying the problem and significance, (2) choosing a computational theme with existing research, (3) articulating the relevant computational paradigms and debates in the literature, and (4) formulating an argument to implement the chosen paradigm. Thus, the academic research course provided a comprehensive framework for computational thinking from ideation to a logical flowchart. Student data was collected through surveys: a baseline performance survey on computational thinking skills at the beginning, followed by a final performance survey at the end of the course. Scholarship on computational thinking has debated between 'expanding human mental capabilities through abstract tools' and increasing 'capability and competency with technological artifacts' in addition to thought processes. Scholars have argued for incorporating cognitive science (thinking aloud protocols during programming activities) and problem-based interventions. However, what we find lacking is the explicit use of the research process as a foundation for teaching computational thinking. The findings from the collected data validate our hypothesis. The findings indicate a significant improvement in students' ability to define computational problems with clarity and identify viable implementation paradigms. Moreover, survey results suggest a positive trend in problem definitions and solution feasibility from baseline to final assessment, pointing to a potential causal link between academic research-based instruction and enhanced computational thinking skills. The implication of this study suggests that the proposed instructional method by integrating academic research practices, can greatly enhance the pedagogy of computational thinking.",ieee,llm,0.880,unreviewed,
discarded,The Impact of Physical Computing and Computational Pedagogy on Girl’s Self – Efficacy and Computational Thinking Practice,Sarantos Psycharis; Konstantinos Kalovrektis; Apostolos Xenakis; Ioannis Paliokas; Matthaios Patrinopoulos; Petros Georgiakakis; Paraskevi Iatrou; Paraskevi Theodorou; Theodora Papageorgiou; Vasiliki Ntourou,2021,2021 IEEE Global Engineering Education Conference (EDUCON),10.1109/EDUCON46332.2021.9454003,https://ieeexplore.ieee.org/document/9454003/,adjacent-subtopic,"Research studies provide some evidence that computing and education robotics have a positive impact on female students' engagement in Computational Thinking (CT) practices and their self-efficacy for CT. Other issues raised by research concern the decontextualization of computing education from the actual lives of students which causes problems for students under represented in the fields of computing and engineering, such as female students. To tackle this problem, paper aimed to develop (STEM-Computational Thinking (CT)-Computing) scenarios related to students' actual lives and their local communities in order to help female students to develop STEM(Science, Technology, Engineering, Mathematics) competences, when core disciplinary ideas and cross-cutting concepts are infused in the scenarios. All scenarios were implemented using the didactic model of inquiry teaching and learning and the engineering design thinking instruction strategy using physical computing activities. A validated questionnaire for self-efficacy and CT practices was applied before and after the intervention to female prospective engineering school teachers studying at Higher Education Institutes in Greece. Results show a strong evidence for the effectiveness (enhancement of CT efficacy of female students) by using the STEM content epistemology through activities implemented with physical computing platforms.",ieee,llm,0.840,unreviewed,
discarded,DISSECT: An experiment in infusing computational thinking in a sixth grade classroom,A. Peel; J. Fulton; E. Pontelli,2015,2015 IEEE Frontiers in Education Conference (FIE),10.1109/FIE.2015.7344240,https://ieeexplore.ieee.org/document/7344240/,adjacent-subtopic,"This paper summarizes the successes and challenges encountered during the incorporation of the New Mexico State University DISSECT (DIScovering SciEnce through Computational Thinking) Fellowship program into a 6th grade classroom. Graduate student fellows work with experienced K-12 teachers to create and deploy interactive computational thinking (CT) modules in middle and high school classrooms that promote active learning through the use of technology and cutting edge scientific research. One of the main objectives of the DISSECT program is to facilitate the professional development of graduate students in computing-rich fields, such as engineering, computer science, and biology, through leadership development, public speaking experience, and an enhanced vision of how CT is vital to in all scientific disciplines. The alliances formed between K-12 teachers and their fellows provide an opportunity for teachers to attain knowledge of CT principles and equips them with the ability to develop and continue their own future lesson plans integrating CT. This paper thoroughly describes specific modules that integrate CT concepts into the traditional 6th grade science curriculum, the statistical results of assessments gauging the development of CT skills and knowledge during the course of one academic year, and suggestions for improvements and incorporation into other curricula.",ieee,llm,0.910,unreviewed,
discarded,Introduction to Computational Thinking for K-12 Educators through Distance Learning,Eduardo C. Oliveira; Roberto A. Bittencourt; Rosaria P. Trindade,2019,2019 IEEE Frontiers in Education Conference (FIE),10.1109/FIE43999.2019.9028492,https://ieeexplore.ieee.org/document/9028492/,adjacent-subtopic,"This Research-to-Practice Full Paper evaluates an online programming course for K-12 educators that aimed to teach Computational Thinking (CT). CT is widely defined as a set of skills, such as problem solving and systems design, that rely on Computer Science principles. As these skills are increasingly demanded in modern society, it is critical to include CT in K-12 education to boost not only computing courses, but various other disciplines. However, most educators do not yet know the basics of CT and Computer Science fundamentals, particularly in Brazil. In this context, we designed and implemented an online programming course for K-12 educators to provide qualification in CT and Programming basics, as well as to assess learners' attitudes towards Computing, how their motivation are expressed during the course, and the correlation between motivation and attitudes. The results indicate that participants' attitudes towards Computing has become more positive after the course, primarily their comprehension of CT and confidence to learn Computer Science. The outcomes also suggest a high level of learners' motivation over the course, and reveal a high correlation between the relevance expressed in the course with their interest and confidence towards Computing.",ieee,llm,0.890,unreviewed,
kept,The Changing Face of Computational Thinking in Spanish Educational Legislation,J. Ángel Velázquez-Iturbide,2025,2025 International Symposium on Computers in Education (SIIE),10.1109/SIIE68580.2025.11368409,https://ieeexplore.ieee.org/document/11368409/,qualifies-claim,"In the past two decades, a movement has emerged advocating for the integration of deep digital competencies into the school curriculum. Depending on the country, these initiatives have been implemented under various labels, including “informatics,” “programming,” and “computational thinking.” The meaning of these terms is not always clear to society, particularly in the case of computational thinking, as even its proponents acknowledge the absence of a precise definition. This paper examines the use of computational thinking in the most recent educational reform in Spain, which envisions its inclusion from Early Childhood Education through to Upper Secondary Education. The findings reveal that the legislation does not employ computational thinking in a coherent manner; rather, its interpretation varies according to the subject area. The analysis of how computational thinking is applied allows for the identification of four distinct roles: superfluous, substitutive, subordinate, and obscuring. Each of these roles is presented in this paper, supported by excerpts from the legislation. In conclusion, it is suggested that future educational reforms replace the ambiguous framework of computational thinking with the more precise framework of informatics.11This work was supported by the project PROGRAMA, funded by MICIU/AEI/10.13039/501100011033 and by ERDF, EU (ref. PID2022-137849OB-I00), and by a URJC grant to the LITE research group (ref. M3659).",ieee,llm,0.970,unreviewed,
discarded,How Can We Teach Computational Literacy to All Levels of Students?,SooHwan Kim; SeonKwan Han; HyeonCheol Kim,2009,"2009 Fifth International Joint Conference on INC, IMS and IDC",10.1109/NCM.2009.192,https://ieeexplore.ieee.org/document/5331425/,adjacent-subtopic,"In this paper, we discuss how to teach and learn computational literacy to all levels of students. Computational literacy is an important ability to understand and communicate information in current digital age and ubiquitous age. The digital has been used as a tool of communication along with language. Therefore, we would need to have ability to express our idea and understand an other's presentation with language and digital, which is just computational Literacy. However, most educators focus on using computer and internet, not computational literacy. Therefore, we define the operational definition about computational literacy suited for the present age by analyzing existing computational Literacy. In addition, we extract educational factors from the relation with computational thinking that is the purpose of computational literacy. Finally, we discuss teaching-learning strategy of computational literacy for all level s of students.",ieee,llm,0.760,unreviewed,
discarded,Developing Computational Thinking Skills in Adolescents With Autism Spectrum Disorder Through Digital Game Programming,Roberto Munoz; Rodolfo Villarroel; Thiago S. Barcelos; FabiáN Riquelme; ÁNgeles Quezada; Patricia Bustos-Valenzuela,2018,IEEE Access,10.1109/ACCESS.2018.2877417,https://ieeexplore.ieee.org/document/8502019/,adjacent-subtopic,"In the last years, many didactic activities have been proposed to develop Computational Thinking (CT) skills in children and adolescents. Among these activities, the digital game programming stands out as a promising alternative considering that it is related to a familiar and motivating context for students. These initiatives are not specifically aimed at individuals with special needs such as the autism spectrum disorder (ASD). Children and adolescents with ASD usually have some limitations related to communication, cognitive flexibility, and interpersonal relationships. However, it seems natural that the skills potentially developed through game programming activities are especially beneficial for the public with ASD. In this paper, we describe the offering and evaluation of a Game Building Workshop adapted to adolescents with this condition. The guidelines used to define the workshop activities are described. An assessment based on the classroom observation and analysis of produced artifacts indicate that the participants acquired CT skills related to programming at a high level. In addition, the collaborative nature of the activities offered a stimulating and welcoming environment for individuals with ASD.",ieee,llm,0.930,unreviewed,
discarded,Improving Students' Mathematical Computational Thinking Using Scratch Program through Project Based Learning: A Development Research during Pandemic Covid-19,Mega Ekka Hadi; Khamida Siti Nur Atiqoh; Kadir,2021,2021 9th International Conference on Cyber and IT Service Management (CITSM),10.1109/CITSM52892.2021.9588856,https://ieeexplore.ieee.org/document/9588856/,adjacent-subtopic,"This study aims to examine the development of Project Based Learning kits using Scratch program to improve students' mathematical computational thinking skills in statistics content. The research method used is Research and Development (R & D) approach which refers to Four-D model: Define, Design, Develop, and Disseminate. In the initial stage, researchers conducted preliminary research through literature studies, school surveys, and draft designs. The study produces Project Based Learning kits using Scratch program consist of student's worksheet, lesson plans, and an instrument of mathematical computational thinking. The design of the model was then revised by the expert trial subject. The subjects of the expert test were mathematics learning experts and several mathematics school teachers. The field Pre-Test and Post-Test were conducted in a Junior High School in Tangerang Selatan on mathematical computational thinking instruments, consisting of four essay test (8 question items). The collected data were analyzed using qualitative and quantitative techniques. In validity aspects, all the three learning kits are valid. From the aspect of effectiveness, the Project Based Learning model intervention can improve students' mathematical computational thinking skills. In terms of practicality, students' responses to the developed worksheets are positive.",ieee,llm,0.870,unreviewed,
