status,title,authors,year,venue,doi,url,tags,abstract,provider,decision_source,llm_confidence,llm_review_outcome,llm_change_direction
discarded,Developing a didactic sequence for introducing computational thinking in the early years of elementary school,Diego S. Silva; Sérgio L. Melo; Juliana R. Basto Diniz,2021,2021 XVI Latin American Conference on Learning Technologies (LACLO),10.1109/LACLO54177.2021.00095,https://ieeexplore.ieee.org/document/9725199/,adjacent-subtopic,"The employment of technology as a tool is a reality in any area of knowledge. Technology is present and permanently impacts our society, including its effects on education. Computational thinking is a way of critically and creatively using the fundamentals of computer science to solve problems, making it essential for success in the job market. This article aims to stimulate computational thinking in children from the first years of elementary school, ranging from the 1 st to the 5 th grades, which corresponds to the age group from 6 to 10 years old. For developing computational thinking in the students, a didactic sequence was created using several tools, namely: naval battle, Blockly Games and the Scratch block programming language. The sequence of artifacts created with Scratch simulates a robot with color sensors, and, as students progress in learning, new challenges are added with the use of sensors, sounds and animations. This project aims to show the importance of computational thinking and encourage teachers to make it increasingly present in the classroom.",ieee,llm,0.940,unreviewed,
discarded,Exploring Primary School Students’ Computational Thinking Process in an AI-Enhanced STEAM Course: A Lag Sequential Analysis Approach,Dongchen Pan; Jimei Li; Taotao Long,2025,2025 7th International Conference on Computer Science and Technologies in Education (CSTE),10.1109/CSTE64638.2025.11091993,https://ieeexplore.ieee.org/document/11091993/,adjacent-subtopic,"STEAM education requires learners to be able to utilize interdisciplinary knowledge to draw wisdom from different disciplines to solve complex real-world problems, from which computational thinking capacity is necessary for decomposing problems, abstracting problems and designing algorithms. The personalized support capabilities of artificial intelligence can facilitate effective STEAM courses. Analyzing students' computational thinking behaviors in AI-enhanced STEAM classrooms can help teachers understand patterns of learning behavior, diagnose potential challenges in fostering computational thinking, and adapt instructional strategies to improve learning outcomes. In this study, the computational thinking behavioral patterns of teachers and students in an AI-enhanced school-based STEAM course was developed for a voluntary teaching program for an under-represented primary school was explored. This course lasted for six weeks and a total of 798 behavioral samples were collected from students and teachers. Three behavioral sequences, which were decompose problems, design algorithms, and summarize, were derived from lagged sequence analysis.",ieee,llm,0.920,unreviewed,
discarded,Work-in-progress—Developing an Evidence-Centered Model for Computational Thinking in Virtual Worlds with Children with Autism,Alex Barrett; Nuodi Zhang; Fengfeng Ke; Jewoong Moon; Zlatko Sokolikj,2022,2022 8th International Conference of the Immersive Learning Research Network (iLRN),10.23919/iLRN55037.2022.9815999,https://ieeexplore.ieee.org/document/9815999/,adjacent-subtopic,"This work-in-progress paper reports on the establishment of preliminary reliability for a domain-agnostic evidence-centered assessment model to measure computational thinking (CT) in an online virtual world. Preliminary reliability was established between two researchers through manually coding 800 minutes of recorded learning sessions and over 350 minutes of consultation. Participants were three adolescents diagnosed with autism spectrum disorder. Findings indicate an acceptable level of reliability between the two coders, opening the way to more extensive application of the model in future studies.",ieee,llm,0.900,unreviewed,
kept,Online Professional Development for Southeast Asia Teachers Focusing on Computational Thinking,Burin Asavapibhop; Jason McKenna; Yuhan Lin; Andy Lee,2025,2025 IEEE Symposium on Visual Languages and Human-Centric Computing (VL/HCC),10.1109/VL-HCC65237.2025.00069,https://ieeexplore.ieee.org/document/11303458/,CT-facets-concepts-vs-practices; supports-claim,"This poster evaluated a four-month online professional development program helping seven Southeast Asian teachers from Lao PDR, Thailand, Cambodia and Indonesia embed Computational Thinking (CT) and Universal Design for Learning (UDL) into their lesson plans. Through structured sessions and iterative planning cycles, participants co-created, implemented and revised lessons. Qualitative analysis of their plans, reflections and community discussions showed marked growth: early drafts featured only basic CT and UDL elements, whereas later versions incorporated advanced CT skills (decomposition, data analysis, pseudocoding) and UDL strategies (multiple means of engagement, representation and expression). These results suggest that reflective, collaborative professional development (PD) can boost teachers’ competence and confidence in delivering inclusive, computation-rich instruction.",ieee,llm,0.840,unreviewed,
kept,"Assessing Computational Thinking Pedagogy in Serious Games Through Questionnaires, Think-aloud Testing, and Automated Data Logging",Joey R. Fanfarelli,2021,2021 IEEE/ACIS 20th International Fall Conference on Computer and Information Science (ICIS Fall),10.1109/ICISFall51598.2021.9627365,https://ieeexplore.ieee.org/document/9627365/,CT-facets-concepts-vs-practices; qualifies-claim,"Computational thinking is an important skill for solving complex problems, including processes such as decomposition, pattern recognition, abstraction, and algorithmic design. Game-based learning has recently seen an increase in prevalence for teaching computational thinking, making games an important topic of study. However, there is currently no validated tool for assessing Computational Thinking (CT) that performs reliably across disciplines and age groups. In the absence of such a tool, this paper examines several software testing methods for the evaluation of CT pedagogy effectiveness within serious games. Namely, it makes recommendations for the application of standardized questionnaires, think-aloud testing, and automated data logging for evaluating games that promote CT learning. It concludes with a potential use case to demonstrate how the methods can be combined to achieve a granular and actionable understanding of a complex CT assessment problem and its causes.",ieee,llm,0.800,unreviewed,
kept,Modeling At School – On the Benefits and Skill Development of the Use of Modeling Diagrams at School,Jesús Moreno-León; Cristian Chushig; Gregorio Robles,2022,2022 IEEE Global Engineering Education Conference (EDUCON),10.1109/EDUCON52537.2022.9766646,https://ieeexplore.ieee.org/document/9766646/,CT-facets-concepts-vs-practices; qualifies-claim,"The introduction of Computational Thinking skills at school has mostly been associated with programming skills. In this paper we present an approach that is based on modeling, a skill that is commonly taught in Computer Science degrees, often in the last years as it is considered a higher-level, complex skill. Modeling includes various thinking processes like abstraction, reduction, structuring, generalization, among others, that are part of computational thinking in particular and problem solving in general, too. Our hypothesis is that using different modeling techniques from computer science (e.g., UML diagrams) in several subjects at school can be a good way to introduce computational thinking. Therefore we have performed a semi-controlled experiment with Ni=558 students (age 8-16) and N2=18 educators that have used modeling in their lessons. Our results show a promising effect of the use of modeling in the lessons. Educators have a positive vision of modeling.",ieee,llm,0.840,unreviewed,
discarded,Leveraging Community Cultural Wealth to Support K-8 CT Education in Kentucky Appalachia,Emi Iwatani; Traci Tackett; Kelsey Tackett; Neil Arnett; Payton May,2021,"2021 Conference on Research in Equitable and Sustained Participation in Engineering, Computing, and Technology (RESPECT)",10.1109/RESPECT51740.2021.9620610,https://ieeexplore.ieee.org/document/9620610/,adjacent-subtopic,"Since the departure of the coal industry, Kentucky Appalachia has been striving to cultivate new ways of living in the region that is consonant with their culture and values. Developing a workforce that is competitive in the digital economy is a central part of the region's plan for revitalization, with local educators and organizations beginning to invest, with intention, in CS/ CT education for K-12 students. The panel consists of local leaders (administrators, teachers, parents, and community leaders) of K-8 CS/CT initiatives in the region. They will discuss how building a K-8 computational thinking pathway both leverages and helps to strengthen their community's cultural wealth.",ieee,llm,0.950,unreviewed,
discarded,Work in Progress: Computational Thinking Skills Assessment in Higher Education,Frances Sheridan; Paul Stynes; Pramod Pathak; Keith Quille,2025,2025 IEEE Engineering Education World Conference (EDUNINE),10.1109/EDUNINE62377.2025.10981347,https://ieeexplore.ieee.org/document/10981347/,adjacent-subtopic,"The goal of this research is to identify a tool for use in assessing Computational Thinking Skills in undergraduate Computing students. To measure the effectiveness of interventions for the development of Computational Thinking skills, there is a need for valid and reliable assessment tools. Much of the research to date has been concentrated in primary and secondary education with a shortfall in research for higher education settings. This research aims to try and address this gap and is comprised of three main stages: a literature review; a pre-pilot study; and a pilot study. The literature review identified a validated tool with potential for use with undergraduate Computing students. The pre-pilot and pilot studies invited participants to engage with the tool, but engagement was limited with low participation rates. This paper examines the reasons for this and explores possible ways to move the research forward considering these challenges.",ieee,llm,0.900,unreviewed,
kept,Research on Topic Evolution Analysis of Computational Thinking Based on Maximum Likelihood Estimation and CiteSpace,Yilong Xu; Fujing Zhao,2022,2022 European Conference on Communication Systems (ECCS),10.1109/ECCS54035.2022.00010,https://ieeexplore.ieee.org/document/9993448/,CT-definition; CT-facets-concepts-vs-practices; supports-claim,"Using the CiteSpace and a keyword trend computational method based on log-likelihood value, relative change rate, and betweenness centrality, and a set of keyword trends and type rules, this research comes up with the core words, common words, and frontier words in computational thinking research field, and their evolution history and trends. In computational thinking research field, the stable core words have “thinking”, the rising core words have “education”, the stable common words have “design” and “framework”, the fluctuating common words have “model” and “classroom”, and the frontier words have “game”, etc.",ieee,llm,0.780,unreviewed,
discarded,Research and Application of Computational Thinking on Python Teaching,Xuemei Wang; Xuelan Zou; Weifeng Yin; Qingsheng Li; Li Zhang; Liang Hong,2021,2021 IEEE 3rd International Conference on Computer Science and Educational Informatization (CSEI),10.1109/CSEI51395.2021.9477758,https://ieeexplore.ieee.org/document/9477758/,adjacent-subtopic,"With the development of science and technology, the interdisciplinary knowledge penetration has become an important trend in the development of science and technology. Computational thinking is expanding from the field of computer science to other disciplines. The computational thinking is the focus of the information technology in science and engineering. Python teaching is widely used in programming courses in colleges and universities. The combination of theory and practice can stimulate students' initiative of independent innovation by teaching practice. It can effectively improve the effect and quality of computer thinking training.",ieee,llm,0.940,unreviewed,
discarded,Usability Evaluation of an Online Inquiry-Based Learning Platform for Computational Thinking (CT-ONLINQ),Nitesh Kumar Jha; Plaban Kumar Bhowmik; Kaushal Kumar Bhagat,2023,2023 IEEE International Conference on Advanced Learning Technologies (ICALT),10.1109/ICALT58122.2023.00059,https://ieeexplore.ieee.org/document/10260900/,adjacent-subtopic,"With the increased focus on Computational Thinking (CT) in education, there has been an increase in the development of learning platforms to teach CT. The current study developed an Online Inquiry-based learning platform for Computational Thinking (CT-ONLINQ) to support CT activities using Inquiry-based Learning (IBL) pedagogy. IBL-based CT steps include algorithm design, analysis, and comparison of algorithms. The platform allows students to explore multiple solutions and provides hints as support during problem-solving activities. A 4-week experimental study was conducted to evaluate the usability of the online platform. A total of 79 9th-grade students volunteered to participate in this study to complete six activities. Subsequently, the students completed the SUS questionnaire and open-ended feedback questions. Results showed that around 80% of the students scored above the “Good” category (70-80), with a total average score of 78.45. Also, we analyzed the difference in rating scores among groups based on multiple background factors. Findings showed an average rating above 4 with no significant difference between the ratings among factors such as gender and math performance (below-above average math scores). In addition, analysis of the feedback comments showed that the platform is user-friendly, with students enthusiastic about learning coding on the platform.",ieee,llm,0.930,unreviewed,
kept,Ubiquitous Computational Thinking,Peter B. Henderson,2009,Computer,10.1109/MC.2009.334,https://ieeexplore.ieee.org/document/5280664/,supports-claim,"The computational thinking view recognizes that underlying computing concepts are integral to our everyday lives and pervasive in many disciplines of study. Computer science, information systems, computer engineering, informatics, software engineering-these are among the smorgasbord of choices available to college students interested in a computing career. The choices for noncomputing-oriented students who want to learn about the field are even more confounding. Indeed, the established term ""computer science"" is not well-defined or well understood, leading to further confusion for students and their parents as well as the general public. These are some factors I view as contributing to the drop in interest in the study of computer science. The student should learn the fundamental concept of computer sciences. Computing education has been too slow moving from the computing = programming model to a more general and understandable model that captures the essence of the discipline for everyone.",ieee,llm,0.920,unreviewed,
discarded,Work in progress: Teaching computational thinking in middle and high school,Kristina Yevseyeva; Massood Towhidnejad,2012,2012 Frontiers in Education Conference Proceedings,10.1109/FIE.2012.6462487,https://ieeexplore.ieee.org/document/6462487/,adjacent-subtopic,"Computational thinking (CT) does not require profound knowledge of computer science (CS). Vice versa, it helps students organize and build up new knowledge around the core CS concepts they encounter on the daily basis. Furthermore, CT provides a set of problem-solving skills and enhances analytical abilities that are crucial for the young generation to succeed in modern world pervaded with technology. Teaching the principles of computing to students with non-computing tracks of study provides them with a competitive advantage and breaks down stereotypes around CS. Our approach is to introduce a topic related to world issues and students' interests while concealing its relation to CS until students' interest and attention are captured. The approach takes advantage of pattern-matching abilities that are naturally wired in our brain to improve understanding and make the obtained knowledge persist in memory. The paper discusses some of the modules developed as part of the Inspire-CT project that can be delivered in one or part of a class period at high school or middle school.",ieee,llm,0.830,unreviewed,
discarded,Fractal Geometry: Enhancing Computational Thinking with MIT Scratch,R Vinayakumar; KP Soman; Pradeep Menon,2018,"2018 9th International Conference on Computing, Communication and Networking Technologies (ICCCNT)",10.1109/ICCCNT.2018.8494172,https://ieeexplore.ieee.org/document/8494172/,adjacent-subtopic,"Recent developments in pedagogy have focused upon computational thinking. Computational thinking provides a way to solve the problem and it is a key practice of science education. The importance of computational thinking is rarely found in K-12 education. Computational thinking is a an important skill everyone needs and it is correlated with many other concepts. These factors have made the development of new tools and syllabus. In this paper, we aim to show the experiments of fractal geometry using MIT Scratch. These computational exercises facilitate to learn many of computational thinking skills that are very important for the people in the near future. Based on our experience with students, we claim that the concept of fractal and its implementation in MIT Scratch is the best practices to improve computational thinking in K-12 school level students.",ieee,llm,0.930,unreviewed,
