status,title,authors,year,venue,doi,url,tags,abstract,provider,decision_source,llm_confidence,llm_review_outcome,llm_change_direction
discarded,How Non-CS preservice teachers conceptualize and engage with computational thinking through 3D game design: Insights from an XR-enhanced maker experience,"Aldemir, Tugce; Moon, Jewoong; Bicer, Ali; Byun, Gyuri; Perez, Carlos Manrique; Sabanwar, Vivek",2025,COMPUTERS & EDUCATION: X REALITY,10.1016/j.cexr.2025.100099,https://www.webofscience.com/wos/woscc/full-record/WOS:001636519400006,adjacent-subtopic,"This study explored how low-threshold, XR-enhanced maker environments can support preservice teachers' (PSTs) engagement with computational thinking (CT) practices and perceptions. Using a scaffolded, three-week module built around Roblox Studio, non-computer science PSTs engaged in iterative game design activities progressing from paper prototypes to storyboard rule maps and interactive 3D builds. Findings suggest that design tasks encouraged shifts from surface-level CT definitions to more applied reasoning, particularly in decomposition and algorithmic thinking during storyboard development. However, participants encountered new challenges during 3D implementation, including spatial logic demands and limited debugging fluency. Reflections highlighted frequent micro-debug cycles and collaboration as key supports, even when such processes were not fully visible in final artifacts. While many PSTs remained hesitant about coding, most recognized transferable skills-such as perseverance, creativity, and empathy-as relevant to their future teaching. These results highlight the promise and complexity of XR maker spaces as a bridge between conceptual CT understanding and authentic classroom application. Implications include the need for scaffolded supports targeting spatial reasoning, rule-system translation, and reflective design dispositions in CT-focused teacher education.",wos,llm,0.900,unreviewed,
discarded,How is Feedback Provided in Mathematics Teaching and Learning When Integrating Computational Thinking? A Literature Review,"Moya-Vega, Susana; Seckel, Maria Jose; Contreras, Carolina",2025,REDIMAT-REVISTA DE INVESTIGACION EN DIDACTICA DE LAS MATEMATICAS,10.17583/redimat.18415,https://www.webofscience.com/wos/woscc/full-record/WOS:001621632700004,adjacent-subtopic,"Teaching STEM disciplines, mathematics, and computational thinking remains one of the main challenges in primary education. In this context, it is essential to understand how feedback has been addressed in recent research. This study aimed to analyze the characteristics, processes, and theoretical frameworks that support the implementation of feedback in mathematics and computational thinking instruction at the primary level. A systematic literature review was conducted following the PRISMA method and using Rayyan software. The final analysis included 27 articles that met the defined inclusion criteria. Results show that Europe and Asia account for the highest number of studies, while the United States stands out for its research volume. A total of 48.1% of the studies adopted a quantitative approach, and 33.3% reported automated feedback delivered through software, platforms, or robots. Various feedback types were identified-written, verbal, formative, dialogic, peer, and emotional-with a predominance of formative and dialogic approaches inspired by Vygotskian and mediated learning perspectives. Overall, the findings reveal a growing tendency to conceptualize feedback as an interactive process that integrates cognitive, emotional, and technological dimensions to enhance teaching and learning in mathematics.",wos,llm,0.960,unreviewed,
kept,1 WHAT IS COMPUTATIONAL THINKING?,Peter J. Denning; Matti Tedre,2019,Computational Thinking,,https://ieeexplore.ieee.org/document/8709358/,supports-claim,An algorithm is a set of rules for getting a specific output from a specific input. Each step must be so precisely defined that it can be translated into computer language and executed by machine.,ieee,llm,0.860,unreviewed,
kept,What Concepts of Computational Thinking are Being Effectively Used in K12 Education: A Systematic Mapping,Rodrigo Hagstrom; Calebe Rezende; Leonidas de Oliveira Brandão; Anarosa Alves Franco Brandão; Priscila da Silva Neves Lima,2024,2024 IEEE Frontiers in Education Conference (FIE),10.1109/FIE61694.2024.10892901,https://ieeexplore.ieee.org/document/10892901/,supports-claim,"This research article assesses the concepts of Computational Thinking (CT) as applied in basic education. Although widely used in K12 education, many articles indicate a lack of uniformity in the conceptualization of CT. CT is defined as the systematic problem-solving ability based on algorithmic processes. It is seen as crucial for stimulating interest and diversity in STEM careers. Effective CT teaching requires precise conceptualization and appropriate teaching techniques. With the world's increasing digitization, CT is considered as fundamental as reading or math skills and should be taught from K12 education. This article reports a systematic mapping of CT con-cepts applied in K12 activities, reflecting on the chosen activities and teaching techniques. Despite some articles highlighting the unclear definition of CT, there is a notable agreement on its key concepts. The study used the IEEEXplore database, analyzing primary articles from 2019–2023. The findings reveal a high degree of similarity in CT concepts, indicating a trend towards standardization. A catalog of frequently cited activities used to teach CT is presented, aiding teachers in introducing CT in their classes. This study supports the development of teaching policies and initiatives. contributing to STEM interest and diversity.",ieee,llm,0.980,unreviewed,
discarded,Educational Robotics and Computational Thinking Development in Preschool,Anaclara Gerosa; Víctor Koleszar; Leonel Gómez-Sena; Gonzalo Tejera; Alejandra Carboni,2019,2019 XIV Latin American Conference on Learning Technologies (LACLO),10.1109/LACLO49268.2019.00046,https://ieeexplore.ieee.org/document/8995066/,adjacent-subtopic,"Programming robots playing with the environment is an ongoing research project aimed at developing a robot and intervention program capable of enhancing young children's cognitive abilities and computational thinking skills. Using a robot sensitive to color and distance, children are able to use everyday objects in order to interact with it and program its movements. An eleven session intervention program using this robot was designed with the objective of creating playful learning instances were children would practice abilities associated with what is generally thought of as computational thinking. We'll assess children's computational thinking, fluid intelligence, working memory, planning, sequencing, number recognition and magnitude comparison, vocabulary, mental rotation, inhibitory control and cognitive flexibility to test for cognitive effects of the intervention. An active control in which children interact with the robot by remotely controlling it was used.",ieee,llm,0.930,unreviewed,
kept,Computational thinking and computer fundamental education,Lina Wang,2011,2011 International Conference on Computer Science and Service System (CSSS),10.1109/CSSS.2011.5974984,https://ieeexplore.ieee.org/document/5974984/,supports-claim,"Computer basic education with computer science, and other subjects crossover study, their status has become unshakable. Current international computer science. Today, an important concept widely concerned over the field of computer science calculation thinking. His definition, characteristics and development and basic computer education inseparable, especially for basic computer course teaching practice in an important role.",ieee,llm,0.820,unreviewed,
discarded,Integrating Computational Thinking Into the Curricula to Bridge the Skill Gap in Engineering Education,Nasrin Dehbozorgi; Maysam Nezafati; Mehdi Roopaei,2024,2024 IEEE Frontiers in Education Conference (FIE),10.1109/FIE61694.2024.10892914,https://ieeexplore.ieee.org/document/10892914/,adjacent-subtopic,"This work-in-progress research-to-practice paper presents an intervention on integrating computational thinking modules into a software engineering course. The national consensus on the significance of computational thinking has prompted the expansion of related educational initiatives over the past decade. Since the definition of computational thinking by Wing in 2006, this concept has gained significant attention within the educational community. Particularly this surge of interest has led to extensive research into its conceptual foundations and subsequent integration into educational curricula since 2013. National initiatives have since emerged to incorporate computational thinking into the educational system. Furthermore, as artificial intelligence and computing systems become increasingly integrated into daily life, there is a growing demand from industries for a workforce and graduates adept at critical thinking and problem-solving. Aligned with this national movement, our study presents a two-year institutional initiative, aimed at integrating computational thinking into the software engineering program. The software engineering discipline extensively involves design thinking and problem-solving skills. However, we noticed that these higher-level skills are not imparted early in the program to teach students this method of thinking and approaching problems. To bridge this skill gap, we developed a set of computational thinking modules and integrated them into a gateway course in the software engineering program. Over two years, we implemented this intervention in an introductory-level course and evaluated its impact on students' computational thinking skills by analyzing their responses to a standard Computational Thinking Assessment survey. The results showed significant improvement in most components. These early findings underscore the effectiveness of integrating these computational thinking modules into the gateway courses, regardless of the specific course topic. A notable feature of these modules is their adaptability to diverse engineering courses, suggesting broader applicability across disciplines. Moving forward, our research aims to expand the integration of the computational thinking modules into various courses in other institutes across the nation and analyze their impact on student performance.",ieee,llm,0.910,unreviewed,
discarded,Attitude towards Computational Thinking of in-service teachers,Adriana Maria Laime-Choque; Jorge Gilbert Mamani-Calcina; Hector Cardona-Reyes; Maria Del Pilar Ponce-Aranibar; Cesar Gonzalo Vera-Vasquez; Silvia Espinoza-Suarez,2022,2022 XII International Conference on Virtual Campus (JICV),10.1109/JICV56113.2022.9934274,https://ieeexplore.ieee.org/document/9934274/,adjacent-subtopic,"The objective of this article was to determine the level of development of computational thinking of teachers who are in service and who are studying for a postgraduate degree in Education. The research approach was quantitative, descriptive, and non-experimental, the sample consisted of 100 teachers from different educational levels (initial, primary, secondary, and higher education), where the Aman Yadav questionnaire of computer attitudes towards Computational Thinking for in-service teachers was applied as an instrument. This instrument allows us to identify the five dimensions of computational thinking, in terms of definitions, level of comfort, level of interest, use in the classroom, and professional/future use, establishing an interest in the implementation of defined strategies to incorporate them into their teaching work. The results obtained showed that a total of 67 of the 100 teachers surveyed are at a regular level of computational thinking.",ieee,llm,0.970,unreviewed,
discarded,Development of Computational Thinking in Basic Education using the Digital Platform Code.org,Carina Matos; Henrique Gil; Paulo Silveira,2025,2025 International Symposium on Computers in Education (SIIE),10.1109/SIIE68580.2025.11368401,https://ieeexplore.ieee.org/document/11368401/,adjacent-subtopic,"In an educational context increasingly mediated by digital technologies, it is essential to develop, from an early age, competences that enable critical participation in the digital society. This paper presents the results of an action research study with 26 pupils in the first cycle of primary education, aimed at developing Computational Thinking in articulation with curricular content, using the Code.org platform. In this study, programming was employed as a pedagogical means to exercise Computational Thinking competences. The intervention was structured into three sequential phases, integrating activities from Mathematics, Portuguese and Environmental Studies, combined with visual programming challenges. Data collection, of a mixed nature, included a Computational Thinking Test, questionnaires, interviews, a focus group and participant observation. Triangulation (statistical analysis and content analysis) enabled the evaluation of both outcomes and the teachinglearning process, revealing improvements in sequencing, decomposition, abstraction, algorithm definition, repetition and pattern recognition, as well as gains in problem-solving, motivation for learning, teamwork and creativity. The findings support the relevance of intentional integration of Computational Thinking and Code.org into the curriculum as a pedagogical strategy to address the challenges of the digitalisation of education.",ieee,llm,0.950,unreviewed,
kept,Introducing Computational Thinking Concept Learning in Building Cognitive Capacity and Character for Elementary Student,Irma Yuliana; Langga Putra Octavia; Endah Sudarmilah; Matahari Matahari,2019,2019 19th International Symposium on Communications and Information Technologies (ISCIT),10.1109/ISCIT.2019.8905149,https://ieeexplore.ieee.org/document/8905149/,supports-claim,"Computational thinking has become a interesting subject and important concept in education throughout the nation. Computational Thinking (CT) has been defined as an important skill as digital literacy that must be learned by next generation. Along with the need to make an agreed definition of CT many countries are still in the process of, or have not started, introducing CT into the curriculum at all levels of education. It was also found in Indonesia that Computer Science / Computing, which could be the most obvious place to teach CT, has not been the main subject in several schools. This research aim is to design an alternative CT learning media to study interestingly and effectively computational concept which consists of 4 elements, namely decomposition, abstraction, pattern recognition and algorithm. Research and Development followed by ADDIE development model (Analysis, Design, Development, Implementation and Evaluation) is used to capture the problem, identify the user need to be implemented in digital media. This learning media application product is equipped with an educational game based on computational thinking. The media has several features such as presentation of material and examples of problems and the solution, and small challenges in a games consisting of 3 stages. The subjects of this study were students of K-12. The data used for analysis was collected in several ways, including observation, questionnaire, pre-test and post-test in similar question. The result is the use of CT learning media is very helpful to improve students' understanding of CT in problem solving even in different topics.",ieee,llm,0.930,unreviewed,
kept,Digital ink for cognitive assessment of computational thinking,Ana Paula Ambrósio; Cleon Xavier; Fouad Georges,2014,2014 IEEE Frontiers in Education Conference (FIE) Proceedings,10.1109/FIE.2014.7044237,https://ieeexplore.ieee.org/document/7044237/,qualifies-claim,"Cognitive testing is concerned with quantitative and qualitative evaluation of an individual's intellectual functioning in its broad sense. Tests for evaluating cognitive components are based on submitting the subject to a given task and then assessing performance according to an established set of reference parameters. In order to analyze subject's behavior and test results, a software tool was developed based upon digital ink technology, which permits the digitalization of the assessment procedure, from the undertaking of the test to the production of the assessment results. By doing so, the test procedure is computerized and its data is saved in InkML format and processed to analyze tasks previously defined by the evaluator. We have used this tool to develop a Computational Thinking test defined within the Cattell-Horn-Carroll CHC framework of intelligence. Further investigating the relationship between fluid intelligence and computational thinking allows a better understanding of the main set of cognitive skills which need to be developed by students and professionals that aim to work in this domain. Moreover, it is suggested that assessments, independent of their context, may benefit from using the InkML tool, mainly due to the richer set of information that can be collected.",ieee,llm,0.880,unreviewed,
discarded,Automated Feedback in Software Engineering: Enhancing Computational Thinking Process,Faraz Parsa; Amir Ali Amiri Moghadam; Turaj Ashuri,2024,SoutheastCon 2024,10.1109/SoutheastCon52093.2024.10500041,https://ieeexplore.ieee.org/document/10500041/,adjacent-subtopic,"Computational thinking is the systematic approach of defining a problem and crafting its solution. It employs computer programming algorithms to address scientific, engineering, and mathematical challenges using programming languages. Feedback plays a pivotal role in the learning journey of computational thinking. It is widely recognized that offering timely feedback to students on their computational endeavors significantly contributes to their achievement and overall satisfaction with the course. This research explores the implementation of an automated feedback system designed to evaluate and offer early feedback on computer engineering projects. The aim is to integrate best practices and software tools related to computational thinking into the thinking and learning processes within an engineering curriculum. Preliminary findings suggest that the automated feedback system enhances students' computational skills and improves their performance in the course. We anticipate that the insights gained from this research will inform the enhancement of curricula and course evaluations across different computational thinking tasks, disciplines, and courses.",ieee,llm,0.940,unreviewed,
discarded,Reflections on a Symposium on Computation,Peter J. Denning,2012,The Computer Journal,10.1093/comjnl/bxs064,https://ieeexplore.ieee.org/document/8130238/,adjacent-subtopic,"ACM Ubiquity hosted a symposium in 2010–2011 on Turing's question, ‘What is computation?’ The editor reflects on how the symposium was organized and what conclusions it reached. The authors showed strong consensus around the propositions that computation is a process, computational model matters, many computations are natural, many important computations are continuous, many important computations are nonterminating and computational thinking has emerged as a core practice of computing. They left open the questions of whether the Turing model is the best reference model, is computational necessarily a physical process, what is information and what is an algorithm.",ieee,llm,0.860,unreviewed,
discarded,DISSECT: Analysis of pedagogical techniques to integrate computational thinking into K-12 curricula,T. Burgett; R. Folk; J. Fulton; A. Peel; E. Pontelli; V. Szczepanski,2015,2015 IEEE Frontiers in Education Conference (FIE),10.1109/FIE.2015.7344241,https://ieeexplore.ieee.org/document/7344241/,adjacent-subtopic,"This paper analyzes the efforts of DISSECT (DIScover SciEnce through Computational Thinking) to introduce computer science theories into K-12 Curricula. This is accomplished by teaching computational thinking (CT) problem solving techniques in existing STEM+C courses in select middle and high school classrooms in Las Cruces, New Mexico, USA. Data collected over the course of the fall 2014 and spring 2015 semesters involving 10 graduate fellows, 9 teachers, and over 200 K-12 students has been analyzed. A single assessment was issued at the beginning and end of each semester in order to track metrics about fellow-teacher pairings, student understanding of CT concepts, and student interest in STEM+C areas. Using statistical analysis software to evaluate the data, we were able to determine the efficacy of the DISSECT program. In particular, we use descriptive statistics to evaluate the trends in CT vocabulary recognition and overall interest in computing, and we compare trends across courses and grade levels.",ieee,llm,0.900,unreviewed,
