status,title,authors,year,venue,doi,url,tags,abstract,provider,decision_source,llm_confidence,llm_review_outcome,llm_change_direction
discarded,The Strengthening the Reporting of Observational Studies in Epidemiology (STROBE) Statement: Guidelines for Reporting Observational Studies,Erik von Elm; Douglas G. Altman; Matthias Egger; Stuart Pocock; Peter C Gøtzsche; Jan P. Vandenbroucke; for the STROBE Initiative,2007,PLoS Medicine,10.1371/journal.pmed.0040296,https://openalex.org/W2599076725,off-topic-false-hit,"Much biomedical research is observational. The reporting of such research is often inadequate, which hampers the assessment of its strengths and weaknesses and of a study's generalisability. The Strengthening the Reporting of Observational Studies in Epidemiology (STROBE) Initiative developed recommendations on what should be included in an accurate and complete report of an observational study. We defined the scope of the recommendations to cover three main study designs: cohort, case-control, and cross-sectional studies. We convened a 2-day workshop in September 2004, with methodologists, researchers, and journal editors to draft a checklist of items. This list was subsequently revised during several meetings of the coordinating group and in e-mail discussions with the larger group of STROBE contributors, taking into account empirical evidence and methodological considerations. The workshop and the subsequent iterative process of consultation and revision resulted in a checklist of 22 items (the STROBE Statement) that relate to the title, abstract, introduction, methods, results, and discussion sections of articles. 18 items are common to all three study designs and four are specific for cohort, case-control, or cross-sectional studies. A detailed Explanation and Elaboration document is published separately and is freely available on the Web sites of PLoS Medicine, Annals of Internal Medicine, and Epidemiology. We hope that the STROBE Statement will contribute to improving the quality of reporting of observational studies.",openalex,llm,1.000,unreviewed,
discarded,PRISMA 2020 explanation and elaboration: updated guidance and exemplars for reporting systematic reviews,Matthew J. Page; David Moher; Patrick M. Bossuyt; Isabelle Boutron; Tammy Hoffmann; Cynthia D. Mulrow; Larissa Shamseer; Jennifer Tetzlaff; Elie A. Akl; Sue Brennan; Roger Chou; Julie Glanville; Jeremy Grimshaw; Asbjørn Hróbjartsson; Manoj M. Lalu; Tianjing Li; Elizabeth Loder; Evan Mayo‐Wilson; Steve McDonald; Luke A. McGuinness; Lesley Stewart; James Thomas; Andrea C. Tricco; Vivian Welch; Penny Whiting; Joanne E. McKenzie,2021,BMJ,10.1136/bmj.n160,https://openalex.org/W3123893780,off-topic-false-hit,"The PRISMA 2020 statement includes a checklist of 27 items to guide reporting of systematic reviews In this article we explain why reporting of each item is recommended, present bullet points that detail the reporting recommendations, and present examples from published reviews We hope that uptake of the PRISMA 2020 statement will lead to more transparent, complete, and accurate reporting of systematic reviews, thus facilitating evidence based decision making on 1 September",openalex,llm,1.000,unreviewed,
discarded,The STARD statement for reporting studies of diagnostic accuracy: explanation and elaboration,Standards for Reporting of Diagnostic Accuracy,2003,Data Archiving and Networked Services (DANS),10.7326/0003-4819-138-1-200301070-00012-w1,https://openalex.org/W2129303461,off-topic-false-hit,"The quality of reporting of studies of diagnostic accuracy is less than optimal. Complete and accurate reporting is necessary to enable readers to assess the potential for bias in the study and to evaluate the generalizability of the results. A group of scientists and editors has developed the STARD (Standards for Reporting of Diagnostic Accuracy) statement to improve the reporting the quality of reporting of studies of diagnostic accuracy. The statement consists of a checklist of 25 items and flow diagram that authors can use to ensure that all relevant information is present. This explanatory document aims to facilitate the use, understanding, and dissemination of the checklist. The document contains a clarification of the meaning, rationale, and optimal use of each item on the checklist, as well as a short summary of the available evidence on bias and applicability. The STARD statement, checklist, flowchart, and this explanation and elaboration document should be useful resources to improve reporting of diagnostic accuracy studies. Complete and informative reporting can only lead to better decisions in health care",openalex,llm,0.990,unreviewed,
kept,Can programming be liberated from the von Neumann style?,John Backus,1978,Communications of the ACM,10.1145/359576.359579,https://openalex.org/W2172307690,qualifies-claim,"Conventional programming languages are growing ever more enormous, but not stronger. Inherent defects at the most basic level cause them to be both fat and weak: their primitive word-at-a-time style of programming inherited from their common ancestor—the von Neumann computer, their close coupling of semantics to state transitions, their division of programming into a world of expressions and a world of statements, their inability to effectively use powerful combining forms for building new programs from existing ones, and their lack of useful mathematical properties for reasoning about programs. An alternative functional style of programming is founded on the use of combining forms for creating programs. Functional programs deal with structured data, are often nonrepetitive and nonrecursive, are hierarchically constructed, do not name their arguments, and do not require the complex machinery of procedure declarations to become generally applicable. Combining forms can use high level programs to build still higher level ones in a style not possible in conventional languages. Associated with the functional style of programming is an algebra of programs whose variables range over programs and whose operations are combining forms. This algebra can be used to transform programs and to solve equations whose “unknowns” are programs in much the same way one transforms equations in high school algebra. These transformations are given by algebraic laws and are carried out in the same language in which programs are written. Combining forms are chosen not only for their programming power but also for the power of their associated algebraic laws. General theorems of the algebra give the detailed behavior and termination conditions for large classes of programs. A new class of computing systems uses the functional programming style both in its programming language and in its state transition rules. Unlike von Neumann languages, these systems have semantics loosely coupled to states—only one state transition occurs per major computation.",openalex,llm,0.950,unreviewed,
discarded,Practical Control Flow Integrity and Randomization for Binary Executables,Chao Zhang; Tao Wei; Zhaofeng Chen; Lei Duan; László Szekeres; Stephen McCamant; Dawn Song; Wei Zou,2013,,10.1109/sp.2013.44,https://openalex.org/W2138517425,off-topic-false-hit,"Control Flow Integrity (CFI) provides a strong protection against modern control-flow hijacking attacks. However, performance and compatibility issues limit its adoption. We propose a new practical and realistic protection method called CCFIR (Compact Control Flow Integrity and Randomization), which addresses the main barriers to CFI adoption. CCFIR collects all legal targets of indirect control-transfer instructions, puts them into a dedicated ""Springboard section"" in a random order, and then limits indirect transfers to flow only to them. Using the Springboard section for targets, CCFIR can validate a target more simply and faster than traditional CFI, and provide support for on-site target-randomization as well as better compatibility. Based on these approaches, CCFIR can stop control-flow hijacking attacks including ROP and return-into-libc. Results show that ROP gadgets are all eliminated. We observe that with the wide deployment of ASLR, Windows/x86 PE executables contain enough information in relocation tables which CCFIR can use to find all legal instructions and jump targets reliably, without source code or symbol information. We evaluate our prototype implementation on common web browsers and the SPEC CPU2000 suite: CCFIR protects large applications such as GCC and Firefox completely automatically, and has low performance overhead of about 3.6%/8.6% (average/max) using SPECint2000. Experiments on real-world exploits also show that CCFIR-hardened versions of IE6, Firefox 3.6 and other applications are protected effectively.",openalex,llm,0.980,unreviewed,
discarded,Preferred reporting items for systematic review and meta-analysis protocols (PRISMA-P) 2015: elaboration and explanation,Larissa Shamseer; David Moher; Mike Clarke; Davina Ghersi; A. Liberati; Mark Petticrew; Paul Shekelle; Lesley Stewart; the PRISMA-P Group,2015,BMJ,10.1136/bmj.g7647,https://openalex.org/W2169205464,off-topic-false-hit,"Protocols of systematic reviews and meta-analyses allow for planning and documentation of review methods, act as a guard against arbitrary decision making during review conduct, enable readers to assess for the presence of selective reporting against completed reviews, and, when made publicly available, reduce duplication of efforts and potentially prompt collaboration. Evidence documenting the existence of selective reporting and excessive duplication of reviews on the same or similar topics is accumulating and many calls have been made in support of the documentation and public availability of review protocols. Several efforts have emerged in recent years to rectify these problems, including development of an international register for prospective reviews (PROSPERO) and launch of the first open access journal dedicated to the exclusive publication of systematic review products, including protocols (BioMed Central's Systematic Reviews). Furthering these efforts and building on the PRISMA (Preferred Reporting Items for Systematic Reviews and Meta-analyses) guidelines, an international group of experts has created a guideline to improve the transparency, accuracy, completeness, and frequency of documented systematic review and meta-analysis protocols--PRISMA-P (for protocols) 2015. The PRISMA-P checklist contains 17 items considered to be essential and minimum components of a systematic review or meta-analysis protocol.This PRISMA-P 2015 Explanation and Elaboration paper provides readers with a full understanding of and evidence about the necessity of each item as well as a model example from an existing published protocol. This paper should be read together with the PRISMA-P 2015 statement. Systematic review authors and assessors are strongly encouraged to make use of PRISMA-P when drafting and appraising review protocols.",openalex,llm,1.000,unreviewed,
discarded,YAWL: yet another workflow language,Wil M. P. van der Aalst; Arthur H. M. ter Hofstede,2004,Information Systems,10.1016/j.is.2004.02.002,https://openalex.org/W2020675906,adjacent-subtopic,"Based on a rigorous analysis of existing workflow management systems and workflow languages, a new workflow language is proposed: yet another workflow language (YAWL). To identify the differences between the various languages, we have collected a fairly complete set of workflow patterns. Based on these patterns we have evaluated several workflow products and detected considerable differences in their ability to capture control flows for non-trivial workflow processes. Languages based on Petri nets perform better when it comes to state-based workflow patterns. However, some patterns (e.g. involving multiple instances, complex synchronisations or non-local withdrawals) are not easy to map onto (high-level) Petri nets. This inspired us to develop a new language by taking Petri nets as a starting point and adding mechanisms to allow for a more direct and intuitive support of the workflow patterns identified. This paper motivates the need for such a language, specifies the semantics of the language, and shows that soundness can be verified in a compositional way. Although YAWL is intended as a complete workflow language, the focus of this paper is limited to the control-flow perspective.",openalex,llm,0.870,unreviewed,
discarded,Towards Complete and Accurate Reporting of Studies of Diagnostic Accuracy: The STARD Initiative,Patrick M. Bossuyt; Johannes B. Reitsma; David E. Bruns; Constantine Gatsonis; Paul Glasziou; Les M. Irwig; Jeroen G. Lijmer; David Moher; Drummond Rennie; Vet de H. C. W; for the STARD Group,2003,Clinical Biochemistry,10.1016/s0009-9120(02)00443-5,https://openalex.org/W1492309945,off-topic-false-hit,"AIM: To improve the accuracy and completeness of reporting of studies of diagnostic accuracy in order to allow readers to assess the potential for bias in a study and to evaluate the general isability of its results. METHODS: The standards for reporting of diagnostic accuracy (STARD) steering committee searched the literature to identify publications on the appropriate conduct and reporting of diagnostic studies and extracted potential items into an extensive list. Researchers, editors, and members of professional organisations shortened this list during a 2 day consensus meeting with the goal of developing a checklist and a generic flow diagram for studies of diagnostic accuracy. RESULTS: The search for published guidelines about diagnostic research yielded 33 previously published checklists, from which we extracted a list of 75 potential items. At the consensus meeting, participants shortened the list to a 25-item checklist, by using evidence whenever available. A prototype of a flow diagram provides information about the method of recruitment of patients, the order of test execution and the numbers of patients undergoing the test under evaluation, the reference standard, or both. CONCLUSIONS: Evaluation of research depends on complete and accurate reporting. If medical journals adopt the checklist and the flow diagram, the quality of reporting of studies of diagnostic accuracy should improve to the advantage of clinicians, researchers, reviewers, journals, and the public.",openalex,llm,0.990,unreviewed,
discarded,KCoFI: Complete Control-Flow Integrity for Commodity Operating System Kernels,John Criswell; Nathan Dautenhahn; Vikram Adve,2014,,10.1109/sp.2014.26,https://openalex.org/W2015083179,off-topic-false-hit,"We present a new system, KCoFI, that is the first we know of to provide complete Control-Flow Integrity protection for commodity operating systems without using heavyweight complete memory safety. Unlike previous systems, KCoFI protects commodity operating systems from classical control-flow hijack attacks, return-to-user attacks, and code segment modification attacks. We formally verify a subset of KCoFI's design by modeling several features in small-step semantics and providing a partial proof that the semantics maintain control-flow integrity. The model and proof account for operations such as page table management, trap handlers, context switching, and signal delivery. Our evaluation shows that KCoFI prevents all the gadgets found by an open-source Return Oriented Programming (ROP) gadget-finding tool in the FreeBSD kernel from being used, it also reduces the number of indirect control-flow targets by 98.18%. Our evaluation also shows that the performance impact of KCoFI on web server bandwidth is negligible while file transfer bandwidth using OpenSSH is reduced by an average of 13%, and at worst 27%, across a wide range of file sizes. Postmark, an extremely file-system intensive benchmark, shows 2x overhead. Where comparable numbers are available, the overheads of KCoFI are far lower than heavyweight memory-safety techniques.",openalex,llm,0.980,unreviewed,
discarded,A Spatio-Temporal Graph Neural Network for Process Remaining Time Prediction,"Cui, Xinzheng; Liu, Miao; Li, Lichun; Chen, Wenbin",2026,IEEE TRANSACTIONS ON SERVICES COMPUTING,10.1109/TSC.2026.3706241,https://www.webofscience.com/wos/woscc/full-record/WOS:001843477800020,adjacent-subtopic,"Predictive process monitoring aims to anticipate the future behavior of ongoing business processes by leveraging historical execution data and real-time event streams. Among its core tasks, remaining time prediction plays a crucial role in enabling proactive decision-making and efficient resource allocation. In this paper, we propose STG-TempNet, a spatio-temporal graph neural network designed to predict the remaining time of process instances. The model integrates three key components: (1) a GINE-based spatial feature extraction module that captures complex control-flow dependencies among activities; (2) a GRU-based short-term dependency module that models local temporal dynamics; and (3) a Transformer-based long-term dependency module that learns global temporal correlations across event sequences. Event logs are transformed into sequences of process instance graphs enriched with structural, temporal, and resource-related attributes. Extensive experiments on four real-world datasets (Sepsis, BPIC2012, BPIC2017, and Traffic Fines) demonstrate that STG-TempNet consistently outperforms state-of-the-art baseline models. It achieves up to a 14.8% improvement over the second-best method and a 32.1% reduction in mean absolute error (MAE) compared with the baseline average, confirming the effectiveness of jointly modeling structural and temporal information for predictive accuracy.",wos,llm,0.830,unreviewed,
discarded,FIFOAdvisor: A DSE Framework for Automated FIFO Sizing of High-Level Synthesis Designs,"Abi-Karam, Stefan; Sarkar, Rishov; Basalama, Suhail; Cong, Jason; Hao, Callie",2026,"2026 31ST ASIA AND SOUTH PACIFIC DESIGN AUTOMATION CONFERENCE, ASP-DAC",10.1109/ASP-DAC66049.2026.11420742,https://www.webofscience.com/wos/woscc/full-record/WOS:001807840500074,adjacent-subtopic,"Dataflow hardware designs are important for efficient algorithm implementations on FPGAs across various domains using high-level synthesis (HLS). However, these designs pose a challenge: correctly and optimally sizing first-in-first-out (FIFO) channel buffers. FIFO sizes are user-defined parameters, introducing a trade-off between latency and area-undersized FIFOs cause stalls and increase latency, while oversized FIFOs waste on-chip memory. In many cases, insufficient FIFO sizes can also lead to deadlocks. Deciding the best FIFO sizes is non-trivial. Existing methods make limiting assumptions about FIFO access patterns, overallocate FIFOs conservatively, or use time-consuming RTL simulations to evaluate different FIFO sizes. Furthermore, we highlight that runtime-based analyses (i.e., simulation) are the only way to solve the FIFO optimization problem while ensuring a deadlock-free solution for designs with data-dependent control flow.

To tackle this challenge, we propose FIFOAdvisor, a framework to automatically decide FIFO sizes in HLS designs. Our approach is powered by LightningSim, a fast simulator that is 99.9% cycle-accurate and supports millisecond-scale incremental simulations with new FIFO configurations. We formulate FIFO sizing as a dual-objective black-box optimization problem and explore various heuristic and search-based methods to analyze the latency-resource trade-off. We also integrate FIFOAdvisor with Stream-HLS, a recent framework for optimizing affine dataflow designs lowered from C++, MLIR, or PyTorch, enabling deeper optimization of the heavily-used FIFOs in these workloads.

We evaluate FIFOAdvisor on a suite of Stream-HLS benchmarks, including linear algebra and deep learning workloads, to demonstrate our approach's ability to optimize large and dynamic dataflow patterns. Our results show Pareto-optimal latency-memory usage frontiers for FIFO configurations generated via different optimization strategies. Compared to baseline designs with naively-sized FIFOs, FIFOAdvisor identifies configurations with much lower memory usage and minimal delay overhead. Additionally, we measure the runtime of our optimization process and demonstrate significant speedups compared to traditional HLS/RTL co-simulation-based approaches, making FIFOAdvisor practical for rapid design space exploration. Finally, we present a case study using FIFOAdvisor to optimize a complex hardware accelerator with non-trivial data-dependent control flow.",wos,llm,0.840,unreviewed,
discarded,A Decomposed Hybrid Approach to Business Process and Data Modeling with LLMs,"Eldin, Ali Nour; Dalmas, Benjamin; Gaaloul, Walid",2026,INTERNATIONAL JOURNAL OF COOPERATIVE INFORMATION SYSTEMS,10.1142/S0218843026500024,https://www.webofscience.com/wos/woscc/full-record/WOS:001724514100001,adjacent-subtopic,"Effective business process execution requires the integration of both process logic and business data. While recent approaches explore the potential of Large Language Models (LLMs) in automating process modeling, their applicability is limited in real-world scenarios where textual descriptions - often authored by non-experts - are complex or incomplete. Moreover, these works primarily focus on the control-flow perspective and overlook the critical role of data modeling and execution. In this paper, we propose a hybrid and decomposed approach to automatically generate executable process and data models from text using LLMs. Our method modularizes the task: the LLM clarifies and enriches the description, then extracts both process and data elements, which are combined into a unified model. Structured algorithms ensure robust and executable outputs. Evaluation results demonstrate that our approach improves model completeness, clarity, and efficiency compared to existing methods.",wos,llm,0.820,unreviewed,
