status,title,authors,year,venue,doi,url,tags,abstract,provider,decision_source,llm_confidence,llm_review_outcome,llm_change_direction
kept,Effect of Program Visualization to Teach Computer Programming in a Resource Constrained Classroom,Dipali D. Awasekar,2013,2013 IEEE Fifth International Conference on Technology for Education (t4e 2013),10.1109/T4E.2013.31,https://ieeexplore.ieee.org/document/6751070/,adjacent-subtopic,"Acquisition of programming concepts and skills is a key goal of computer science and engineering curricula. It has been shown that students find programming to be a difficult and complex cognitive task. Program visualizations have been shown to improve students' understanding, but most studies have been conducted in resource equipped classrooms, for example, in which students have personalized access to laptops. In this paper, we report findings from a two-group experimental study (N=60) in a resource constrained classroom with a single computer and mounted LCD. One group was taught with an interactive program visualization tool and the other with traditional chalk and blackboard approach. Analysis showed a statistically significant higher performance on a post-test for the program visualization group compared to the traditional group. This difference was seen regardless of students' visual/verbal learning style, leading to the conclusion that use of program visualization in large resource constrained classroom is an effective strategy to teach computer programming.",ieee,llm,0.740,unreviewed,
kept,Object-Oriented Programming: Diagnosis Understanding by Identifying and Describing Novice Perceptions,Henry Julie; Dumas Bruno; Heymans Patrick; Leclercq Tony,2020,2020 IEEE Frontiers in Education Conference (FIE),10.1109/FIE44824.2020.9273990,https://ieeexplore.ieee.org/document/9273990/,supports-claim,"This work in progress focuses on oriented-object programming (OOP) education. The purpose of this contribution is to validate a methodology for building a concept inventory (CI) dedicated to OOP. The long-term study presented here concerns the variable programming concept. Teaching programming is a major issue due to the misconceptions of the students, notably in the OOP paradigm. Teachers need to be aware of the existence of these misconceptions, their variety and when they appear in order to quickly and efficiently correct them. A CI can measure students' understanding of a set of concepts at a precise time. To measure the evolution of student's understanding over a semester, the CI has to be administrated several times along a specific timeline. In the context of a 60-hour OOP course, a preliminary qualitative study was conducted during the 2018-2019 academic year. Semi-structured interviews were conducted with 13 students following the OOP course. Each student was interviewed three times over a semester: Before the course, at mid-term over the semester, and after the course. Six students' perceptions of the variable programming concept were identified and used to build the OOP CI. During the 2019-2020 academic-year, the CI was administred to 107 students following the OOP course. Three administrations were organized according to a specific timeline, aiming both to confirm the results of the preliminary study and to quantify the occurrence of the six perceptions in a class of students. Based on the results obtained, the methodology appears to be effective in building a OOP CI.",ieee,llm,0.860,unreviewed,
discarded,A framework for appropriate pedagogical use of conceptual metaphor in computing,Tebatso G. Moape; Sunday O. Ojo; Etienne A. van Wyk,2017,2017 International Conference on Computing Networking and Informatics (ICCNI),10.1109/ICCNI.2017.8123800,https://ieeexplore.ieee.org/document/8123800/,adjacent-subtopic,"The inherent abstractness in nature and intangibility in essence of computer programming concepts, present weak mental models that make them to be intuitively challenging to be easily understood by students. This remains a key factor in general underperformance of students in computer programming courses. Pedagogical use of metaphors is widely acknowledged as a means of addressing the challenge. As a result, the literature is replete with proposals for metaphor use to enhance understanding of various computer programming concepts, and positive results have been reported. However, the lack of a theory-driven methodological framework for appropriate pedagogical use of metaphors, has slowed progress in this direction. To fill this gap in the literature, a framework for appropriate pedagogical use of metaphors in the teaching and learning of programming concepts is proposed. The framework is developed, employing a triangulation of the theories of Conceptual Metaphor, Experiential Learning, Structure Mapping, and ontology modelling, to provide theoretical and methodological underpinnings for the framework. The result of a proof of concept using the ATM metaphor and programming concepts of Data Processing and Control Structures, stands promising.",ieee,llm,0.830,unreviewed,
kept,Visual Tracing System for Novice Programmers of Java Applets Using Aspect-Oriented Programming,Masayuki Arai,2009,2009 International Conference on Computational Intelligence and Software Engineering,10.1109/CISE.2009.5365015,https://ieeexplore.ieee.org/document/5365015/,supports-claim,"The present paper describes the design of a visual tracing system that helps novice programmers of Java applets to acquire the capability of tracing source programs. Java applets are user-friendly because they have a graphical user interface (GUI). For this reason, Java applets are often used in learning programming. However, for novice programmers using Java applets, it is difficult to trace execution methods, which are driven by events, such as clicking on a GUI button, and the source code itself. In order to address this problem, we introduce a design for a visual tracing system. Furthermore, we propose a method by which to alter the functions of the system according to the skill level of the individual learner using aspect-oriented programming.",ieee,llm,0.930,unreviewed,
kept,"Writing, reading, watching: a task-based analysis and review of learners' programming environments",T. Wright; A. Cockburn,2000,Proceedings International Workshop on Advanced Learning Technologies. IWALT 2000. Advanced Learning Technology: Design and Development Issues,10.1109/IWALT.2000.890598,https://ieeexplore.ieee.org/document/890598/,adjacent-subtopic,"The paper identifies three fundamental learning activities in the development of literary skills-writing, reading, and watching and describes the potential benefits of supporting these activities when learning to program computers. We analyse the support for writing, reading and watching provided by current educational programming environments and show that no current systems offer comprehensive and integrated support for the three activities. In particular, support for watching the relationship between the program code and the resultant program behaviour is poor.",ieee,llm,0.770,unreviewed,
kept,Program comprehension levels of abstraction for novices,Amal Shargabi; Syed Ahmad Aljunid; Muthukkaruppanan Annamalai; Shuhaida Mohamed Shuhidan; Abdullah Mohd Zin,2015,"2015 International Conference on Computer, Communications, and Control Technology (I4CT)",10.1109/I4CT.2015.7219568,https://ieeexplore.ieee.org/document/7219568/,adjacent-subtopic,"Although various program comprehension models exist, their levels of abstraction and the related terminologies do not fit the programming pedagogy perspective. In this study, we proposed five abstraction levels for novice's program comprehension: statement, block, module, program and domain. The expansion and the terminologies of the proposed abstraction levels are inspired by the application of decomposition concept in programming pedagogy. To comprehend a program, novices understand decomposed parts (i.e. statements, blocks, and modules) of that program and chunk those parts into a meaningful whole (i.e. program) within a specific domain. We supported our revised abstraction levels with a user study. The revised abstraction levels are able to describe hierarchical levels of novices' program comprehension that map appropriately with their mental model. The proposed abstraction levels can be applied in designing empirical studies of novices' program comprehension that distinctly capture their different abstraction levels.",ieee,llm,0.810,unreviewed,
discarded,TextCode: A Tool to Support Problem Solving Among Novice Programmers,Fulvio Corno; Luigi De Russis; Juan Pablo Sáenz,2021,2021 IEEE Symposium on Visual Languages and Human-Centric Computing (VL/HCC),10.1109/VL/HCC51201.2021.9576164,https://ieeexplore.ieee.org/document/9576164/,adjacent-subtopic,"Several tools have been developed to support novices learning to program. Most of them focus on the code and provide features regarding the visualization of the data structures or the debugging. However, in introductory programming courses, students are typically given exercises in the form of a problem written in natural language; and the first challenge they face is understanding the problem, identifying the relevant information, and then translating that information into code. To our knowledge, little attention has been paid to proposing tools targeted at supporting this problem-solving step, even though it is crucial for deriving a correct solution. In this paper, we present an IDE to encourage novices to understand the problem before start coding, decompose it down into subproblems, explore alternative implementations for each subproblem, and arrange these implementations to build a general solution. Finally, the adopted problem-solving approach is discussed.",ieee,llm,0.840,unreviewed,
kept,"Code Comprehension for Novice Students: Teaching, Assessment, Tools, and Challenges",Valéria Cavalcanti; Wilkerson L. Andrade,2025,2025 IEEE Frontiers in Education Conference (FIE),10.1109/FIE63693.2025.11328616,https://ieeexplore.ieee.org/document/11328616/,adjacent-subtopic,"This Research Full Paper presents a systematic literature review on code compression for novice students. Code comprehension is a fundamental research field in software development, especially in the current context where Large Language Models (LLMs) are transforming programming practices by automatically generating code. This work addresses four central questions: (1) What are the most effective strategies for teaching code comprehension? (2) What methods are used to assess this skill? (3) What tools support this process? (4) What challenges do students face? The methodology integrates an AI-powered tool to analyze more than 18,000 articles, resulting in a selection of 47 relevant studies. The reviewed studies highlight the importance of adopting teaching strategies that help students build solid mental models before they begin writing code. Tools that incorporate such instructional strategies are essential to personalize learning and overcome the challenges faced by novice programmers. Evaluation methods are also evolving, moving beyond traditional assessments to include interactive and formative approaches. This review synthesizes the current state of research and offers recommendations for educators, researchers, and developers of educational tools aimed at fostering code comprehension skills.",ieee,llm,0.760,unreviewed,
kept,Work in progress — Using a visual programming language to bridge the cognitive gap between a novice's mental model and program code,B. J. Smith; Harry S. Delugach,2010,2010 IEEE Frontiers in Education Conference (FIE),10.1109/FIE.2010.5673502,https://ieeexplore.ieee.org/document/5673502/,adjacent-subtopic,"Current research suggests that many students do not know how to program at the conclusion of their introductory course, which has been taught predominately with textual and auditory lecturing. By primarily appealing to programming novices who prefer to understand visually, an understanding method not currently accommodated through the standard lecture style used in most classes, we develop a method that encourages communication of programming solutions. This method builds upon previous research that suggests that most engineering students are visual learners and we contribute that using a flow-model visual programming language will address important and difficult topics to novices of programming. We performed a pilot study using a knowledge modeling tool instead of using an existing visual programming tool to test this method, and share the program understanding results using this theory.",ieee,llm,0.720,unreviewed,
discarded,Using the iPad as a pedagogical tool to enhance the learning experince for novice programing students,Hoda Amer; Walid Ibrahim,2014,2014 IEEE Global Engineering Education Conference (EDUCON),10.1109/EDUCON.2014.6826087,https://ieeexplore.ieee.org/document/6826087/,adjacent-subtopic,"Teaching programming skills to novice students is very challenging. They usually have to deal with many difficulties including learning the syntax of the programming language along with the logic of devising a solution to an existing problem. They also need to develop many skills to enable them building an abstract mental model of a certain problem, device a solution for it, then implement and test the solution in a correct way. Moreover, they need to understand how programs are compiled and executed. This paper presents our experience of introducing the iPad as a pedagogical tool in our introductory C programming course. The aim was to help students overcome some of their difficulties, and to improve their learning experience. The results of two surveys as well as the official student evaluation of teaching scores show that it was a positive experience in general. The iPad was integrated into the classroom with minimal effort, and provided a friendly environment that facilitated group work, creativity, and independent learning.",ieee,llm,0.870,unreviewed,
kept,Approach to Develop a Concept Inventory Informing Teachers of Novice Programmers’ Mental Models,Henry Julie; Dumas Bruno,2020,2020 IEEE Frontiers in Education Conference (FIE),10.1109/FIE44824.2020.9274045,https://ieeexplore.ieee.org/document/9274045/,supports-claim,"This Research Full Paper proposes an approach for developing and administering a concept inventory (CI). Based on misconceptions, the CI should allow the identification of mental models, but more importantly, the visualization of the evolution of these mental models - from intuitive to correct mental models - over a given period of teaching time. This approach is illustrated by the development of three questionnaires, each focusing on a basic programming concept: Variables, conditional statements, and functions. Its main steps are: Identifying topics and students' misconceptions, creating questions that reflect these misconceptions, administering questions to students, and selecting most relevant questions to become part of the CI. The research was conducted over four years with four groups of students, as part of an introductory programming course. During the first year, an ethnographic approach was applied to define the problematic topics and identify the misconceptions of the students. From the second to the fourth year, each year and for one semester, students were assessed longitudinally, according to a specific schedule. The developed questionnaires were iterated three times and administered to more than 250 students.",ieee,llm,0.970,unreviewed,
kept,E-Learning For Novice Programmers; A Dynamic Visualisation and Problem Solving Tool,Andrew Scott; Mike Watkins; Duncan McPhee,2008,2008 3rd International Conference on Information and Communication Technologies: From Theory to Applications,10.1109/ICTTA.2008.4529966,https://ieeexplore.ieee.org/document/4529966/,supports-claim,"For many novice programmers a key weakness lies in their problem solving skills. This deficiency is exacerbated by complexities associated with the development environment and the language syntax that novices are expected to use. Many novices engage in program development without possessing an appropriate model of an algorithmic solution. Progranimate is a web enabled e-learning tool that focuses the novice on the algorithmic processes of programming using flowcharts to assist them in overcoming their problem-solving weaknesses. The code generation, variable inspection and animation features expose students to language syntax, semantics and code execution in a dynamic and interactive environment and provides in depth insight into computer program development. While evaluation is ongoing, initial pilots with several student groups has given the tool a positive response.",ieee,llm,0.900,unreviewed,
discarded,Investigating Mental Models of Mechanical Engineering Students,Frieder Loch; Birgit Vogel-Heuser; Frank Reinhold; Saskia Böck; Sarah Hofer; Kristina Reiss,2019,2019 18th International Conference on Information Technology Based Higher Education and Training (ITHET),10.1109/ITHET46829.2019.8937356,https://ieeexplore.ieee.org/document/8937356/,off-topic-false-hit,"Today's innovation processes are interdisciplinary and require communication between stakeholders from different domains. The compatibility of mental models, which determine how individuals think about technical problems, decides the success of this communication. Previous research indicates that mechanical engineering students prefer procedural over structural approaches. However, structured research into the source of this preference is rare. This paper presents a study (n = 67) that investigates the mental models of mechanical engineering students of technical systems. Results indicate that mental models may depend on the presentation of a problem. A questionnaire yielded a preference for a procedural approach, while questions prompting verbal information instead yield a structural preference.",ieee,llm,0.980,unreviewed,
kept,Novice comprehension of Object-Oriented OO programs: An empirical study,Ahmed S Alardawi; Agil M Agil,2015,2015 World Congress on Information Technology and Computer Applications (WCITCA),10.1109/WCITCA.2015.7367057,https://ieeexplore.ieee.org/document/7367057/,adjacent-subtopic,"Class structure represents one of the essential concepts of Object-Oriented paradigm and therefore, a good understanding of this concept will positively affect the effectiveness of novice programmers. Comprehension underpins many programming activities such as program design and program implementation. Program comprehension represents in this context a mental model approach that involves interesting theoretical frameworks of program comprehension. Our starting point is Burkhardt cognitive model for OO program comprehension [1]. The model considers two distinct but interacting models: program and situation. Our focus does not rely primarily in distinguishing between these models, but use both of them to assess the influence on novices of class structure on program comprehension. We report on an empirical study that aims of to investigate the effect of class structure on program comprehension for novices using controlled experimentation in which the treatments were a simple program without class structure versus the same program with classes present; they are termed respectively as: Non-Class based program and as Class based program. Data was collected from three different sets of experiments comprising of a total of 211 undergraduate first year computer science students from different institutions. Preliminary findings of this investigation are reported, in particular results indicate that Class based programs were more understandable, readable, and accessible than the corresponding Non-Class based programs. Our findings align with and support those works that claim the cognitive benefits of the OO paradigm. Directions for future research are highlighted.",ieee,llm,0.740,unreviewed,
