status,title,authors,year,venue,doi,url,tags,abstract,provider,decision_source,llm_confidence,llm_review_outcome,llm_change_direction
discarded,Design and Implementation of a Structured Collaborative Learning System for Introductory Programming Education in the Era of Generative AI,Yi Sun; Jiangyi Wang; Yancong Su; Chaoqun Hong,2026,2026 15th International Conference on Educational and Information Technology (ICEIT),10.1109/ICEIT68991.2026.11521390,https://ieeexplore.ieee.org/document/11521390/,adjacent-subtopic,"Generative artificial intelligence (AI) has rapidly changed how novices learn programming and how instructors assess learning. As AI tools can generate syntactically correct and plausible code with minimal effort, code artifacts alone are becoming a weak signal of students’ conceptual understanding. This paper reframes structured collaborative discussion as a primary mechanism for both learning and diagnosis in introductory programming courses in the AI era.We present the design and implementation of a web-based discussion system that operationalizes structured collaborative learning in live classes. The system enforces guaranteed individual participation through mandatory rounds, supports psychological safety through student anonymity, and enables instructor-controllable timing for classroom feasibility. To make students’ reasoning observable, the workflow separates individual explanation and elaboration from a final group-level multiple-choice decision, while preserving fine-grained discussion logs for instructor review.The paper details the pedagogical rationale, interaction design, system architecture (React/Next.js + Supabase), and key implementation strategies for real-time orchestration, access control, and classroom reliability. A pilot deployment with a small number of students in a laboratory setting produced highly positive qualitative feedback on engagement and perceived learning value. Large-scale classroom studies and learning-analytics extensions are planned as future work.",ieee,llm,0.880,unreviewed,
discarded,A Study on How to Classify Exercises in Introductory Programming Courses: A Moodle Plugin Contribution,Thiago Gomes Versissimo; Leônidas De Oliveira Brandão; Ewout ter Haar,2023,2023 IEEE Frontiers in Education Conference (FIE),10.1109/FIE58773.2023.10343222,https://ieeexplore.ieee.org/document/10343222/,adjacent-subtopic,"This full paper reports the results of the development of a Moodle plugin, Programming Exercise Teaching Assistant (PETA), created to support teachers from introductory programming courses to identify problematic exercises by analyzing how students interact with them. Moodle is an open source learning management system that allows personalization of its functionality through plugins. In introductory programming courses, it is common to propose problems to students, for which they need to elaborate solution code. The VPL (Virtual Programming Lab) is a popular plugin that allows teachers to create this kind of problem, with automatic evaluation built on top of test-cases. The iAssign (interactive Assignment) is another plugin of the same sort, but with block-based programming. Our plugin is an open-source project, initially developed to integrate with iAssign, and created to integrate easily with any similar plugin used in programming tasks. Our primary goal is to empower teachers and students by supplying a tool that improves the quality of programming in education. Over the last few years, the University of São Paulo has increased its public policy for social inclusion, bringing in even more learners with diverse educational backgrounds. Understanding the students' profiles and being able to modify problems based on these new contexts is fundamental to improve the quality of teaching. This plugin aims to meet the needs of teachers and learners, exploring data from their educational context to improve the learning experience. The plugin automatically extracts data from students' interaction with the coding exercise, e.g. the time between submission (TBS), code changing between submissions (CCBS), and grades. Using these variables, we calculated derived metrics in an attempt to classify exercises according to different parameters. First, we considered time-related metrics, the highest time between submissions (HT). Secondly, we evaluated metrics related to code changes, the highest code changes between submissions (HC). Finally, we accounted for student performance by considering average grades, penalized by time and by number of submissions (AG). A technical contribution of this work is the Moodle plugin that analyzes the students' codes of iAssign, available as free software. The results from this new plugin with eight introductory classes show that it was possible to classify exercises. The AG metric created could be associated with the exercise level of difficulty, while HT and HC metrics are indicative of exercise complexity, requiring a higher level of prior knowledge, such as familiarity with loops, functions, and potential challenges with the problem instructions.",ieee,llm,0.900,unreviewed,
discarded,Learner Control on Feedback: A New Extension to Adaptive Learning?,Mieke Vandewaetere; Kelly Wauters,2010,2010 10th IEEE International Conference on Advanced Learning Technologies,10.1109/ICALT.2010.117,https://ieeexplore.ieee.org/document/5572044/,off-topic-false-hit,"We present the design of a study in the field of feedback in adaptive learning environments. The study emphasizes the role of the learners and the control they can exert over the level of feedback. However, not all learners equally benefit from learner control and, hence, individual differences need to be taken into account. We discuss the research questions, the design and methodology of this study. We suggest that both learner characteristics (such as motivation and prior knowledge) and item characteristics (item difficulty level) have differential effects on learner control over feedback.",ieee,llm,0.970,unreviewed,
kept,A Study of Three Introductory Exercise Problems to Novice Students for C Programming Learning,Xiqin Lu; Nobuo Funabiki; Huiyu Qi; Kiyoshi Ueda; Kazuyuki Kojima,2022,2022 10th International Conference on Information and Education Technology (ICIET),10.1109/ICIET55102.2022.9778953,https://ieeexplore.ieee.org/document/9778953/,supports-claim,"To assist self-studies of C programming at home by novice students, we have studied the grammar-concept under-standing problem (GUP), the value trace problem (VTP), and the phase fill-in-blank problem (PFP) as introductory programming exercise problems. A GUP instance asks the keyword in a given source code that corresponds to the grammar concept described in the question. A VTP instance asks the value of an important variable or message in the code. A PFP instance asks a set of elements or a message to be filled in for each blank in the code. In any instance, the correctness of an answer is marked through string matching with the correct one. In this paper, we present a study of three introductory problems to novice students. We generated GUP/VTP/PFP instances by following the C programming course curriculum in Nihon University, Japan, and assigned them to its first-year undergraduate students who solved them at home for the course review before the final examination. The solution results reveal difficulty differences among the three introductory problems and three student groups in terms of solution performances.",ieee,llm,0.940,unreviewed,
discarded,Sentiments and Performance in an Introductory Programming Course Based on PBL,Suenny Mascarenhas Souza; Roberto A. Bittencourt,2021,2021 IEEE Global Engineering Education Conference (EDUCON),10.1109/EDUCON46332.2021.9453963,https://ieeexplore.ieee.org/document/9453963/,adjacent-subtopic,"Difficulties in introductory programming courses have been reported by several studies. Some authors associate these difficulties with students' sentiments, such as motivation and engagement, others with the learning approach. Active learning approaches, such as PBL, have been used to stimulate motivation and engagement as well as to improve learning outcomes. However, there is little evidence on learning improvements with this approach as well as its association with students' sentiments in CS1 courses. From this perspective, our study carried out an analysis of a hybrid PBL approach adopted in an introductory programming course for majors seeking to understand how students' performances and sentiments are expressed in this case. We performed an exploratory analysis of students' sentiments and performances to understand the relation of this hybrid approach on these variables throughout the course. We also computed correlations and multiple regressions to understand how sentiments in a PBL approach relate to students' performances. Our results suggest that PBL has a positive effect on students' motivation and engagement, being larger in the former. They also confirm the significance of motivation over learning outcomes, with an emphasis on the confidence and satisfaction categories. Engagement is also significant to learning, with an emphasis on the the dedication category. Finally, students' performances were better in PBL tutorials than in lectures, but we found no significant correlation between performance in PBL tutorials and a language-independent CS1 concept inventory.",ieee,llm,0.880,unreviewed,
discarded,Exploratory Study on Accuracy of Students' Mental Models of a Singly Linked List,Eman Almadhoun; Jennifer Parham-Mocello,2021,2021 IEEE Frontiers in Education Conference (FIE),10.1109/FIE49875.2021.9637318,https://ieeexplore.ieee.org/document/9637318/,adjacent-subtopic,"This Research Full Paper presents a study on the accuracy of computer science (CS) novices' mental models about linked lists in the C programming language. In CS, learning abstract fundamental concepts that require students to understand memory management can be very difficult and lead to misunderstandings that carry on into the advanced topics. This is especially true for linked lists data structures because they serve as a bridge to understanding more advanced data structures. Therefore, it is important to understand how students think about linked lists for improving teaching and learning. Exploratory research on mental models in CS is not as well-known as in other disciplines, such as Psychology, Education, Chemistry, Physics, and Mathematics. Since CS is based on abstract concepts like in Chemistry, Physics, and Mathematics, we believe the CS education community can benefit from more research on mental models and student reasoning, especially in fundamental areas such as data structures and algorithms. Hence, we conducted 2-hour semi-structured, think-aloud interviews with 11 undergraduate students to uncover the accuracy of their mental models, including their conceptual and procedural understanding, about singly linked lists. Our results suggest that none of the participants have an accurate mental model of a singly linked list, after learning about them and implementing them in their data structures course. Students struggle with expressing their conceptual understanding in their verbal responses to interview questions, while their scores for the coding questions are much better. Overall, the majority of students have a good procedural understanding of how to use the components of a linked list and implement the operations on a singly linked list, but most students cannot express their conceptual understanding of the components in a singly linked list. The results from this research suggest that educators need to spend more time covering linked lists in their data structures courses and make sure that students understand how their prerequisite knowledge of pointers and memory management integrate with the new knowledge about linked lists.",ieee,llm,0.840,unreviewed,
discarded,On the Bimodality in an Introductory Programming Course: An Analysis of Student Performance Factors,Lars Josef Höök; Anna Eckerdal,2015,2015 International Conference on Learning and Teaching in Computing and Engineering,10.1109/LaTiCE.2015.25,https://ieeexplore.ieee.org/document/7126236/,adjacent-subtopic,"In this work, the student performance in an introductory programming course given at the department of information technology at Uppsala University is analyzed. The results from the final exam are studied and the potential bimodality of the distribution is investigated. A questionnaire, answered by the students at the final exam, including study behavior and potential connections to the performance at the final exam is analyzed. Our findings indicate that the amount of time students spend coding is the factor that has the highest impact on the results of the exam. And a seemingly bimodal distribution of the final grades appears to depend on the correction procedure rather than the distribution of the results of the exam. We introduce the concept theory-on-demand to indicate how theory can be introduced to support students' learning during practical lab work.",ieee,llm,0.890,unreviewed,
discarded,Effective interactive video assignments and rewatch analytics for online flipped classrooms,Rajlaxmi Chouhan,2021,2021 IEEE 1st International Conference on Advanced Learning Technologies on Education & Research (ICALTER),10.1109/ICALTER54105.2021.9675132,https://ieeexplore.ieee.org/document/9675132/,off-topic-false-hit,"In this paper, a preliminary case study of gauging effectiveness of educational videos is conducted on a sample video created for freshman batch of novice electrical engineering students. The video was assigned in flipped classroom mode, a learner-centered pedagogical model, as a video assignment to students with five interleaved knowledge check questions. The ‘engagement’ of the student with the video material can be gauged in terms of both watchtime and number of times a particular section of the video was rewatched, along with the obtained score. The proposed hypothesis is that the placement of knowledge check questions along with the complexity of the topic covered together can be correlated with the number of times a section of the video is, or needs to be, rewatched by the student. Observations for 25 novice students are correlated with ground truth of complexity proposed by the instructor, and suggests that in addition to the knowledge checkpoints and complexity, elements of storytelling in pedagogy also play an interesting role in determining engagement of the learner with the video material.",ieee,llm,0.970,unreviewed,
discarded,Challenges to integrate software testing into introductory programming courses,Lilian Passos Scatalon; Ellen Francine Barbosa; Rogerio Eduardo Garcia,2017,2017 IEEE Frontiers in Education Conference (FIE),10.1109/FIE.2017.8190557,https://ieeexplore.ieee.org/document/8190557/,adjacent-subtopic,"Several studies suggest that the teaching of software testing should begin as early as possible, since introductory programming courses. In this way, the teaching of both subjects, programming and testing, becomes an integrated teaching approach. Testing practices in this context can provide a timely feedback to students while they are still working on programming assignments and, as a result, increase the quality of their code. Besides, developing students' testing skills earlier is useful to improve their programming skills as well, since both kinds of skills are complementary. However, this integration is not straightforward, because lecture hours and the coverage of programming topics must remain the same, while testing concepts and practices are introduced. For this reason, when designing an educational approach to introduce testing practices to novice programmers, there is also the need to address potential difficulties faced by both students and instructors. Considering this scenario, this paper aims at identifying the challenges raised due to the integration of software testing into introductory programming courses. The goal is to provide support for instructors who intend to adopt the integrated approach. The challenges have been identified from the results of a systematic mapping we conducted of the literature in this domain. The main contribution of this paper refers to the establishment of a catalog of challenges faced to integrate software testing into introductory programming courses. We also discuss possible solutions to design courses using the integrated approach and point out challenges that have been scarcely addressed in the literature. Finally, we indicate directions that can be explored in future educational empirical studies in this context.",ieee,llm,0.860,unreviewed,
discarded,Exploring Novices' Struggle and Progress During Programming Through Data-Driven Detectors and Think-Aloud Protocols,Benyamin Tabarsi; Heidi Reichert; Rachel Qualls; Thomas Price; Tiffany Barnes,2023,2023 IEEE Symposium on Visual Languages and Human-Centric Computing (VL/HCC),10.1109/VL-HCC57772.2023.00029,https://ieeexplore.ieee.org/document/10305654/,adjacent-subtopic,"Many students struggle when they are first learning to program. Without help, these students can lose confidence and negatively assess their programming ability, which can ultimately lead to dropouts. However, detecting the exact moment of student struggle is still an open question in computing education. In this work, we conducted a think-aloud study with five high-school students to investigate the automatic detection of progressing and struggling moments using a detector algorithm (SPD). SPD classifies student trace logs into moments of struggle and progress based on their similarity to prior students' correct solutions. We explored the extent to which the SPD-identified moments of struggle aligned with expert-identified moments based on novices' verbalized thoughts and programming actions. Our analysis results suggest that SPD can catch students' struggling and progressing moments with a 72.5% F1-score, but room remains for improvement in detecting struggle. Moreover, we conducted an in-depth examination to discover why discrepancies arose between expert-identified and detector-identified struggle moments. We conclude with recommendations for future data-driven struggle detection systems.",ieee,llm,0.800,unreviewed,
discarded,Seeking Flow from Fine-Grained Log Data,Benjamin Ultan Cowley; Arto Hellas; Petri Ihantola; Juho Leinonen; Michiel Spape,2022,2022 IEEE/ACM 44th International Conference on Software Engineering: Software Engineering Education and Training (ICSE-SEET),10.1145/3510456.3514138,https://ieeexplore.ieee.org/document/9794177/,adjacent-subtopic,"Flow is the experience of deep absorption in a demanding, intrinsically-motivating task conducted with skill. We consider how to measure behavioural correlates of flow from fine-grained process data extracted from programming environments. Specifically, we propose measuring affective factors related to flow non-intrusively based on log data. Presently, such affective factors are typically measured intrusively (by self-report), which naturally will break the flow. We evaluate our approach in a pilot study, where we use log data and survey data collected from an introductory programming course. The log data is fine-grained, containing timestamped actions at the keystroke level from the process of solving programming assignments, while the survey data has been collected at the end of every completed assignment. The survey data in the pilot study comprises of Likert-like items measuring perceived educational value, perceived difficulty, and students' self-reported focus when solving the assignments. We study raw and derived log data metrics, by looking for relationships between the metrics and the survey data. We discuss the results of the pilot study and provide suggestions for future work related to non-intrusive measures of programmer affect.",ieee,llm,0.860,unreviewed,
discarded,Personalized Feedback Generation From Common Programming Approaches,Herman Kandjimi; Hussein Suleman,2025,2025 International Conference on Education Technology and Computers (ICETC),10.1109/ICETC66579.2025.11387503,https://ieeexplore.ieee.org/document/11387503/,adjacent-subtopic,"Novice programming students often face challenges in decision-making during problem-solving activities, leading to confusion and uncertainty about subsequent steps. This issue extends to teaching staff in programming education, who struggle to identify the specific junctures where students face difficulties and determine the best path forward for each individual. Markov Decision Processes (MDPs) provide a proven framework for handling such scenarios. This study transforms student solution approaches into Markov states and then leverages Large Language Models(LLMs) to generate personalized hints for each identified programming approach. Three levels of hints with varying abstraction were generated by an LLM and evaluated by human tutors. The results indicate that the proposed approach actually identifies common programming behaviours and confirms the quality of information presented in the generated hints of our implementation, with minimal fabricated content. Additionally, human tutors outlined the need to find a balance in levels of abstraction when providing hints to enhance conceptual understanding and encourage problem-solving and experimentation.",ieee,llm,0.840,unreviewed,
