status,title,authors,year,venue,doi,url,tags,abstract,provider,decision_source,llm_confidence,llm_review_outcome,llm_change_direction
discarded,"PRISMA2020 : An R package and Shiny app for producing PRISMA 2020‐compliant flow diagrams, with interactivity for optimised digital transparency and Open Synthesis",Neal Haddaway; Matthew J. Page; Chris C. Pritchard; Luke A. McGuinness,2022,Campbell Systematic Reviews,10.1002/cl2.1230,https://openalex.org/W4220959955,off-topic-false-hit,"Background: Reporting standards, such as PRISMA aim to ensure that the methods and results of systematic reviews are described in sufficient detail to allow full transparency. Flow diagrams in evidence syntheses allow the reader to rapidly understand the core procedures used in a review and examine the attrition of irrelevant records throughout the review process. Recent research suggests that use of flow diagrams in systematic reviews is poor and of low quality and called for standardised templates to facilitate better reporting in flow diagrams. The increasing options for interactivity provided by the Internet gives us an opportunity to support easy-to-use evidence synthesis tools, and here we report on the development of a tool for the production of PRISMA 2020-compliant systematic review flow diagrams. Methods and Findings: We developed a free-to-use, Open Source R package and web-based Shiny app to allow users to design PRISMA flow diagrams for their own systematic reviews. Our tool allows users to produce standardised visualisations that transparently document the methods and results of a systematic review process in a variety of formats. In addition, we provide the opportunity to produce interactive, web-based flow diagrams (exported as HTML files), that allow readers to click on boxes of the diagram and navigate to further details on methods, results or data files. We provide an interactive example here; https://prisma-flowdiagram.github.io/. Conclusions: We have developed a user-friendly tool for producing PRISMA 2020-compliant flow diagrams for users with coding experience and, importantly, for users without prior experience in coding by making use of Shiny (https://estech.shinyapps.io/prisma_flowdiagram/). This free-to-use tool will make it easier to produce clear and PRISMA 2020-compliant systematic review flow diagrams. Significantly, users can also produce interactive flow diagrams for the first time, allowing readers of their reviews to smoothly and swiftly explore and navigate to further details of the methods and results of a review. We believe this tool will increase use of PRISMA flow diagrams, improve the compliance and quality of flow diagrams, and facilitate strong science communication of the methods and results of systematic reviews by making use of interactivity. We encourage the systematic review community to make use of the tool, and provide feedback to streamline and improve their usability and efficiency.",openalex,llm,0.990,unreviewed,
discarded,The PRISMA statement for reporting systematic reviews and meta-analyses of studies that evaluate healthcare interventions: explanation and elaboration,A. Liberati; Doug Altman; Jennifer Tetzlaff; Cynthia D. Mulrow; Peter C Gøtzsche; John P. A. Ioannidis; Mike Clarke; P.J. Devereaux; Jos Kleijnen; David Moher,2009,BMJ,10.1136/bmj.b2700,https://openalex.org/W2134833483,off-topic-false-hit,"Systematic reviews and meta-analyses are essential to summarise evidence relating to efficacy and safety of healthcare interventions accurately and reliably. The clarity and transparency of these reports, however, are not optimal. Poor reporting of systematic reviews diminishes their value to clinicians, policy makers, and other users. Since the development of the QUOROM (quality of reporting of meta-analysis) statement-a reporting guideline published in 1999-there have been several conceptual, methodological, and practical advances regarding the conduct and reporting of systematic reviews and meta-analyses. Also, reviews of published systematic reviews have found that key information about these studies is often poorly reported. Realising these issues, an international group that included experienced authors and methodologists developed PRISMA (preferred reporting items for systematic reviews and meta-analyses) as an evolution of the original QUOROM guideline for systematic reviews and meta-analyses of evaluations of health care interventions. The PRISMA statement consists of a 27-item checklist and a four-phase flow diagram. The checklist includes items deemed essential for transparent reporting of a systematic review. In this explanation and elaboration document, we explain the meaning and rationale for each checklist item. For each item, we include an example of good reporting and, where possible, references to relevant empirical studies and methodological literature. The PRISMA statement, this document, and the associated website (www.prisma-statement.org/) should be helpful resources to improve reporting of systematic reviews and meta-analyses.",openalex,llm,1.000,unreviewed,
discarded,CONSORT 2010 Explanation and Elaboration: updated guidelines for reporting parallel group randomised trials,David Moher; Sally Hopewell; Kenneth F. Schulz; Víctor M. Montori; Peter C Gøtzsche; P.J. Devereaux; Diana Elbourne; Matthias Egger; Doug Altman,2010,BMJ,10.1136/bmj.c869,https://openalex.org/W2032541700,off-topic-false-hit,"Overwhelming evidence shows the quality of reporting of randomised controlled trials (RCTs) is not optimal. Without transparent reporting, readers cannot judge the reliability and validity of trial findings nor extract information for systematic reviews. Recent methodological analyses indicate that inadequate reporting and design are associated with biased estimates of treatment effects. Such systematic error is seriously damaging to RCTs, which are considered the gold standard for evaluating interventions because of their ability to minimise or avoid bias. A group of scientists and editors developed the CONSORT (Consolidated Standards of Reporting Trials) statement to improve the quality of reporting of RCTs. It was first published in 1996 and updated in 2001. The statement consists of a checklist and flow diagram that authors can use for reporting an RCT. Many leading medical journals and major international editorial groups have endorsed the CONSORT statement. The statement facilitates critical appraisal and interpretation of RCTs. During the 2001 CONSORT revision, it became clear that explanation and elaboration of the principles underlying the CONSORT statement would help investigators and others to write or appraise trial reports. A CONSORT explanation and elaboration article was published in 2001 alongside the 2001 version of the CONSORT statement. After an expert meeting in January 2007, the CONSORT statement has been further revised and is published as the CONSORT 2010 Statement. This update improves the wording and clarity of the previous checklist and incorporates recommendations related to topics that have only recently received recognition, such as selective outcome reporting bias. This explanatory and elaboration document-intended to enhance the use, understanding, and dissemination of the CONSORT statement-has also been extensively revised. It presents the meaning and rationale for each new and updated checklist item providing examples of good reporting and, where possible, references to relevant empirical studies. Several examples of flow diagrams are included. The CONSORT 2010 Statement, this revised explanatory and elaboration document, and the associated website (www.consort-statement.org) should be helpful resources to improve reporting of randomised trials.",openalex,llm,0.990,unreviewed,
discarded,"Psi4 1.1: An Open-Source Electronic Structure Program Emphasizing Automation, Advanced Libraries, and Interoperability",Robert M. Parrish; Lori A. Burns; Daniel G. A. Smith; Andrew C. Simmonett; A. Eugene DePrince; Edward G. Hohenstein; Uğur Bozkaya; Alexander Yu. Sokolov; Roberto Di Remigio; Ryan M. Richard; Jérôme F. Gonthier; Andrew M. James; Harley R. McAlexander; Ashutosh Kumar; Masaaki Saitow; Xiao Wang; Benjamin P. Pritchard; Prakash Verma; Henry F. Schaefer; Konrad Patkowski; Rollin A. King; Edward F. Valeev; Francesco A. Evangelista; Justin M. Turney; T. Daniel Crawford; C. David Sherrill,2017,Journal of Chemical Theory and Computation,10.1021/acs.jctc.7b00174,https://openalex.org/W2613386458,off-topic-false-hit,"Psi4 is an ab initio electronic structure program providing methods such as Hartree-Fock, density functional theory, configuration interaction, and coupled-cluster theory. The 1.1 release represents a major update meant to automate complex tasks, such as geometry optimization using complete-basis-set extrapolation or focal-point methods. Conversion of the top-level code to a Python module means that Psi4 can now be used in complex workflows alongside other Python tools. Several new features have been added with the aid of libraries providing easy access to techniques such as density fitting, Cholesky decomposition, and Laplace denominators. The build system has been completely rewritten to simplify interoperability with independent, reusable software components for quantum chemistry. Finally, a wide range of new theoretical methods and analyses have been added to the code base, including functional-group and open-shell symmetry adapted perturbation theory, density-fitted coupled cluster with frozen natural orbitals, orbital-optimized perturbation and coupled-cluster methods (e.g., OO-MP2 and OO-LCCD), density-fitted multiconfigurational self-consistent field, density cumulant functional theory, algebraic-diagrammatic construction excited states, improvements to the geometry optimizer, and the ""X2C"" approach to relativistic corrections, among many other improvements.",openalex,llm,0.990,unreviewed,
discarded,Algorithms+Data Structures = Programs,Dan S. Myers,2024,Cambridge University Press eBooks,10.1017/9781009260350.002,https://openalex.org/W2003494253,adjacent-subtopic,"Learn with confidence with this hands-on undergraduate textbook for CS2 courses. Active-learning and real-world projects underpin each chapter, briefly reviewing programming fundamentals then progressing to core data structures and algorithms topics including recursion, lists, stacks, trees, graphs, sorting, and complexity analysis. Creative projects and applications put theoretical concepts into practice, helping students master the fundamentals. Dedicated project chapters supply further programming practice using real-world, interdisciplinary problems which students can showcase in their own online portfolios. Example Interview Questions sections prepare students for job applications. The pedagogy supports self-directed and skills-based learning with over 250 'Try It Yourself' boxes, many with solutions provided, and over 500 progressively challenging end-of-chapter questions. Written in a clear and engaging style, this textbook is a complete resource for teaching the fundamental skills that today's students need. Instructor resources are available online, including a test bank, solutions manual, and sample code.",openalex,llm,0.780,unreviewed,
discarded,Preferred reporting items for systematic review and meta-analysis protocols (PRISMA-P) 2015 statement,PRISMA-P Group; David Moher; Larissa Shamseer; Mike Clarke; Davina Ghersi; Alessandro Liberati; Mark Petticrew; Paul Shekelle; Lesley Stewart,2015,Systematic Reviews,10.1186/2046-4053-4-1,https://openalex.org/W2161374186,off-topic-false-hit,"Systematic reviews should build on a protocol that describes the rationale, hypothesis, and planned methods of the review; few reviews report whether a protocol exists. Detailed, well-described protocols can facilitate the understanding and appraisal of the review methods, as well as the detection of modifications to methods and selective reporting in completed reviews. We describe the development of a reporting guideline, the Preferred Reporting Items for Systematic reviews and Meta-Analyses for Protocols 2015 (PRISMA-P 2015). PRISMA-P consists of a 17-item checklist intended to facilitate the preparation and reporting of a robust protocol for the systematic review. Funders and those commissioning reviews might consider mandating the use of the checklist to facilitate the submission of relevant protocol information in funding applications. Similarly, peer reviewers and editors can use the guidance to gauge the completeness and transparency of a systematic review protocol submitted for publication in a journal or other medium.",openalex,llm,1.000,unreviewed,
discarded,The CONSORT statement: revised recommendations for improving the quality of reports of parallel group randomized trials,David Moher; Kenneth F. Schulz; Douglas G. Altman,2001,BMC Medical Research Methodology,10.1186/1471-2288-1-2,https://openalex.org/W1501619595,off-topic-false-hit,"To comprehend the results of a randomized controlled trial (RCT), readers must understand its design, conduct, analysis and interpretation. That goal can only be achieved through complete transparency from authors. Despite several decades of educational efforts, the reporting of RCTs needs improvement. Investigators and editors developed the original CONSORT (Consolidated Standards of Reporting Trials) statement to help authors improve reporting by using a checklist and flow diagram. The revised CONSORT statement presented in this paper incorporates new evidence and addresses some criticisms of the original statement.The checklist items pertain to the content of the Title, Abstract, Introduction, Methods, Results and Discussion. The revised checklist includes 22-items selected because empirical evidence indicates that not reporting the information is associated with biasedestimates of treatment effect or the information is essential to judge the reliability or relevance of the findings. We intended the flow diagram to depict the passage of participants through an RCT. The revised flow diagram depicts information from four stages of a trial (enrollment, intervention allocation, follow-up, and analysis). The diagram explicitly includes the number of participants, for each intervention group, included in the primary data analysis. Inclusion of these numbers allows the reader to judge whether the authors have performed an intention-to-treat analysis.In sum, the CONSORT statement is intended to improve the reporting of an RCT, enabling readers to understand a trial's conduct and to assess the validity of its results.",openalex,llm,0.990,unreviewed,
discarded,The CONSORT Statement: Revised Recommendations for Improving the Quality of Reports of Parallel-Group Randomized Trials,David Moher,2001,JAMA,10.1001/jama.285.15.1987,https://openalex.org/W2152240392,off-topic-false-hit,"To comprehend the results of a randomized controlled trial (RCT), readers must understand its design, conduct, analysis, and interpretation. That goal can be achieved only through complete transparency from authors. Despite several decades of educational efforts, the reporting of RCTs needs improvement. Investigators and editors developed the original CONSORT (Consolidated Standards of Reporting Trials) statement to help authors improve reporting by using a checklist and flow diagram. The revised CONSORT statement presented in this article incorporates new evidence and addresses some criticisms of the original statement. The checklist items pertain to the content of the Title, Abstract, Introduction, Methods, Results, and Comment. The revised checklist includes 22 items selected because empirical evidence indicates that not reporting the information is associated with biased estimates of treatment effect or because the information is essential to judge the reliability or relevance of the findings. We intended the flow diagram to depict the passage of participants through an RCT. The revised flow diagram depicts information from 4 stages of a trial (enrollment, intervention allocation, follow-up, and analysis). The diagram explicitly includes the number of participants, according to each intervention group, included in the primary data analysis. Inclusion of these numbers allows the reader to judge whether the authors have performed an intention-to-treat analysis. In sum, the CONSORT statement is intended to improve the reporting of an RCT, enabling readers to understand a trial's conduct and to assess the validity of its results.",openalex,llm,0.990,unreviewed,
discarded,The CONSORT Statement: Revised Recommendations for Improving the Quality of Reports of Parallel-Group Randomized Trials,David Moher; Kenneth F. Schulz; Douglas G. Altman; for the CONSORT Group*,2001,Annals of Internal Medicine,10.7326/0003-4819-134-8-200104170-00011,https://openalex.org/W2045127388,off-topic-false-hit,"To comprehend the results of a randomized, controlled trial (RCT), readers must understand its design, conduct, analysis, and interpretation. That goal can be achieved only through complete transparency from authors. Despite several decades of educational efforts, the reporting of RCTs needs improvement. Investigators and editors developed the original CONSORT (Con solidated S tandards o f R eporting T rials) statement to help authors improve reporting by using a checklist and flow diagram. The revised CONSORT statement presented in this paper incorporates new evidence and addresses some criticisms of the original statement. The checklist items pertain to the content of the Title, Abstract, Introduction, Methods, Results, and Discussion. The revised checklist includes 22 items selected because empirical evidence indicates that not reporting the information is associated with biased estimates of treatment effect or because the information is essential to judge the reliability or relevance of the findings. We intended the flow diagram to depict the passage of participants through an RCT. The revised flow diagram depicts information from four stages of a trial (enrollment, intervention allocation, follow-up, and analysis). The diagram explicitly includes the number of participants, for each intervention group, that are included in the primary data analysis. Inclusion of these numbers allows the reader to judge whether the authors have performed an intention-to-treat analysis. In sum, the CONSORT statement is intended to improve the reporting of an RCT, enabling readers to understand a trial's conduct and to assess the validity of its results.",openalex,llm,0.990,unreviewed,
kept,Notes on Structured Programming,Edsger W. Dijkstra,1970,TU/e Research Portal,10.26153/tsw/53177,https://openalex.org/W1577384748,supports-claim,"On our inability to do much.I am fac ed with a b asic problem of presentati on.What I am reall y concerned about i s t he compo s ition of large pr og rams , the text of which may be, s a y , of t he s ame s ize as the who l e text of thi s booklet .Al so I have to include e xamples to illu s trate the various techniqu e s .For prac tical re as on s , the demon str ation programs mu st be smal l , many time s s maller than the "" l ife-size programs "" I have in mind.M y basi c probl e m i s that prec isel y this differen ce in scale is on e of the major sources of ou r difficulties in programming !It would be very nice if I cou ld illustrate the various techniqu es with small demo n stration programs a nd cou l d co nclude wit h H • • • and wh en faced with a program a thou san d time s as l arg e , you comJXlse it i n the same way .1IThi s common educ a t ional dev ic e , howe ve r, would be sel f-defeatin g as one of my cen tral theme s wi l l be that any two t hings that differ in some respe ct by a factor of already a hund re d or more, are utterly in compar able.Histo ry has s hown that this t ru t h is very hard to believe.Apparent ly we are t oo muc h train e d to di sreg ard diffe r ences in scale , to treat them as ""g radual di f fere nces that are not essential n .W e tell ourse lve s that what we can do once, we can also do twice and by induction we fool ours elves into believing that we can do it as man y t im es as needed , but this is just not t rue~ A fac tor of a thousand i s a l re ady fa r beyond our powers of imagination!Let me give you two examples to ru b this in.A one-year old child will crawl o n all fo urs with a speed of, say, on e mile per hou r .But a speed of a thousand mil es per hour i s that of a super s on i c jet. Con s ider ed as ob jects with moving abili ty the child and the jet are incomparable, for whatever one can do the other can not and viCE vers a. Also: one can close one' s eye s and imagine how it feels to be s tanding in an open place, a prairie or a sea s hare, while far away a big, reinless horse i s approaching at a gallop , one can ""s ee "" it approac hi ng and passing.To do the same wi t h a phalan x of a t hou s and of the s e big beas t s i s me ntal l y impo ss ible: your heart would miss a n umber of beats b y pure panic, if you could !To complicate matters stil l furt her, problems of si ze do not on ly cause me probl ems of pre s entation, but they lie at the heart of the subject: wide s pread",openalex,llm,0.950,unreviewed,
