status,title,authors,year,venue,doi,url,tags,abstract,provider,decision_source,llm_confidence,llm_review_outcome,llm_change_direction
kept,Robotics to develop computational thinking in early Childhood Education,Ana García‐Valcárcel Muñoz‐Repiso; Yen Air Caballero González,2019,Comunicar,10.3916/c59-2019-06,https://openalex.org/W2917764237,supports-claim,"The development of programming skills is currently promoting from an early school age, trying to get children to take an active and creative role in the use of technologies. The objective of this article is to verify the repercussion of educational robotics activities on kindergarten students in the acquisition of computational thinking and programming skills. The research design is quasi-experimental, with pre-test and post-test measures, using experimental and control groups. The sample consists of 131 students from the second cycle of early education (between 3 and 6 years old), all from the same Spanish school. Computational thinking is measured through three dimensions: sequences (algorithms), action-instruction correspondence and debugging. The intervention sessions, as well as the structure of the challenges that were used in the pre- and post-test evaluations, were designed based on the reference program of robotics studies called “TangibleK”. The intervention, carried out doing learning activities using educational robotics resources, presents positive results in relation to the computational thinking skills achieved. The differences between the pre-test and the post-test in the experimental and control groups are statistically significant, in that children engaged in robotics program achieves a greater advance in the three dimensions of computational competence through this method. Actualmente se promueve el desarrollo de habilidades de programación desde una edad escolar temprana, tratando de que los niños adquieran un rol activo y creativo en el uso de las tecnologías. El objetivo de este trabajo es comprobar la repercusión del desarrollo de actividades de robótica educativa en la adquisición de habilidades de pensamiento computacional y programación en escolares de educación infantil. El diseño de la investigación es de tipo cuasi-experimental, con medidas pretest y postest, utilizando grupo experimental y control. La muestra la conforman 131 estudiantes del segundo ciclo de educación infantil (entre 3 y 6 años de edad) de un centro educativo español. El pensamiento computacional se mide a través de tres dimensiones: secuencias (algoritmos), correspondencia acción-instrucción y depuración. Las sesiones de intervención, así como la estructura de los retos que se utilizaron en las evaluaciones pre y postest fueron diseñadas tomando como base el programa de estudios en robótica denominado «TangibleK». La intervención, centrada en actividades de aprendizaje mediante recursos de robótica educativa, presenta resultados positivos en relación a las habilidades de pensamiento computacional logradas. Las diferencias encontradas entre el pre y postest en el grupo experimental son estadísticamente significativas y superiores a las presentadas en el grupo control, de modo que se concluye que los niños que realizan el programa de robótica consiguen un mayor avance en las tres dimensiones de la competencia computacional.",openalex,llm,0.860,unreviewed,
discarded,Robotics and computational thinking in primary school,Christina Chalmers,2018,International Journal of Child-Computer Interaction,10.1016/j.ijcci.2018.06.005,https://openalex.org/W2810441541,adjacent-subtopic,,openalex,llm,0.900,unreviewed,
kept,Assessing elementary students’ computational thinking in everyday reasoning and robotics programming,Guanhua Chen; Ji Shen; Lauren Barth-Cohen; Shiyan Jiang; Xiaoting Huang; Moataz Eltoukhy,2017,Computers & Education,10.1016/j.compedu.2017.03.001,https://openalex.org/W2593947425,CT-facets-concepts-vs-practices; supports-claim,"Based on a framework of computational thinking (CT) adapted from Computer Science Teacher Association's standards, an instrument was developed to assess fifth grade students' CT. The items were contextualized in two types of CT application (coding in robotics and reasoning of everyday events). The instrument was administered as a pre and post measure in an elementary school where a new humanoid robotics curriculum was adopted by their fifth grade. Results show that the instrument has good psychometric properties and has the potential to reveal student learning challenges and growth in terms of CT. (C) 2017 Elsevier Ltd. All rights reserved.",openalex,llm,0.930,unreviewed,
discarded,Development of Computational Thinking Skills through Unplugged Activities in Primary School,Christian Puhlmann Brackmann; ‪Marcos Román-González‬; Gregório Robles; Jesús Moreno-León; Ana Casali; Dante Augusto Couto Barone,2017,,10.1145/3137065.3137069,https://openalex.org/W2767702763,adjacent-subtopic,"Computational thinking is nowadays being widely adopted and investigated. Educators and researchers are using two main approaches to teach these skills in schools: with computer programming exercises, and with unplugged activities that do not require the use of digital devices or any kind of specific hardware. While the former is the mainstream approach, the latter is especially important for schools that do not have proper technology resources, Internet connections or even electrical power. However, there is a lack of investigations that prove the effectiveness of the unplugged activities in the development of computational thinking skills, particularly for primary schools. This paper, which summarizes a quasi-experiment carried out in two primary schools in Spain, tries to shed some light on this regard. The results show that students in the experimental groups, who took part in the unplugged activities, enhanced their computational thinking skills significantly more than their peers in the control groups who did not participate during the classes, proving that the unplugged approach may be effective for the development of this ability.",openalex,llm,0.920,unreviewed,
kept,Computational Thinking,Peter J. Denning; Matti Tedre,2019,The MIT Press eBooks,10.7551/mitpress/11740.001.0001,https://openalex.org/W2998595140,qualifies-claim,"An introduction to computational thinking that traces a genealogy beginning centuries before the digital computer. A few decades into the digital era, scientists discovered that thinking in terms of computation made possible an entirely new way of organizing scientific investigation; eventually, every field had a computational branch: computational physics, computational biology, computational sociology. More recently, “computational thinking” has become part of the K–12 curriculum. But what is computational thinking? This volume in the MIT Press Essential Knowledge series offers an accessible overview, tracing a genealogy that begins centuries before digital computers and portraying computational thinking as pioneers of computing have described it. The authors explain that computational thinking (CT) is not a set of concepts for programming; it is a way of thinking that is honed through practice: the mental skills for designing computations to do jobs for us, and for explaining and interpreting the world as a complex of information processes. Mathematically trained experts (known as “computers”) who performed complex calculations as teams engaged in CT long before electronic computers. The authors identify six dimensions of today's highly developed CT—methods, machines, computing education, software engineering, computational science, and design—and cover each in a chapter. Along the way, they debunk inflated claims for CT and computation while making clear the power of CT in all its complexity and multiplicity.",openalex,llm,0.960,unreviewed,
kept,A systematic review of learning computational thinking through Scratch in K-9,Lechen Zhang; Jalal Nouri,2019,Computers & Education,10.1016/j.compedu.2019.103607,https://openalex.org/W2952562653,supports-claim,,openalex,llm,0.970,unreviewed,
discarded,Improving the Computational Thinking Pedagogical Capabilities of School Teachers,Matt Bower; Leigh Wood; Jennifer W. M. Lai; Cathie Howe; Raymond Lister; Raina Mason; Kate Highfield; Jennifer Veal,2017,,10.14221/ajte.2017v42n3.4,https://openalex.org/W2606965878,adjacent-subtopic,"The idea of computational thinking as skills and universal competence which every child should possess emerged last decade and has been gaining traction ever since. This raises a number of questions, including how to integrate computational thinking into the curriculum, whether teachers have computational thinking pedagogical capabilities to teach children, and the important professional development and training areas for teachers. The aim of this paper is to address the strategic issues by illustrating a series of computational thinking workshops for Foundation to Year 8 teachers held at an Australian university. Data indicated that teachers' computational thinking understanding, pedagogical capabilities, technological know-how and confidence can be improved in a relatively short period of time through targeted professional learning.",openalex,llm,0.880,unreviewed,
discarded,PopBots: Designing an Artificial Intelligence Curriculum for Early Childhood Education,Randi Williams; Hae Won Park; Lauren Oh; Cynthia Breazeal,2019,Proceedings of the AAAI Conference on Artificial Intelligence,10.1609/aaai.v33i01.33019729,https://openalex.org/W2964603799,adjacent-subtopic,"PopBots is a hands-on toolkit and curriculum designed to help young children learn about artificial intelligence (AI) by building, programming, training, and interacting with a social robot. Today’s children encounter AI in the forms of smart toys and computationally curated educational and entertainment content. However, children have not yet been empowered to understand or create with this technology. Existing computational thinking platforms have made ideas like sequencing and conditionals accessible to young learners. Going beyond this, we seek to make AI concepts accessible. We designed PopBots to address the specific learning needs of children ages four to seven by adapting constructionist ideas into an AI curriculum. This paper describes how we designed the curriculum and evaluated its effectiveness with 80 Pre-K and Kindergarten children. We found that the use of a social robot as a learning companion and programmable artifact was effective in helping young children grasp AI concepts. We also identified teaching approaches that had the greatest impact on student’s learning. Based on these, we make recommendations for future modules and iterations for the PopBots platform.",openalex,llm,0.890,unreviewed,
discarded,Coding as another language: a pedagogical approach for teaching computer science in early childhood,Marina Umaschi Bers,2019,Journal of Computers in Education,10.1007/s40692-019-00147-3,https://openalex.org/W2976108167,adjacent-subtopic,"Computer programming is an essential skill in the 21st century and new policies and frameworks aim at preparing students for computer science-related professions. Today, the development of new interfaces and block-programming languages facilitates the teaching of coding and computational thinking starting in kindergarten. However, as new programming languages that are developmentally appropriate emerge, there is a need to explicitly conceptualize pedagogical approaches for teaching computer science in the early years that embrace the maturational stages of children by inviting play and discovery, socialization, and creativity. Thus, it is not enough to copy models developed for older children, which mostly grew out of traditional Science, Technology, Engineering and Math (STEM) disciplines and instructional practices. This paper describes a pedagogical approach for early childhood computer science called ""Coding as Another Language"" (CAL), as well as six coding stages, or learning trajectories, that young children go through when exposed to CAL curriculum. CAL is grounded on the principle that learning to program involves learning how to use a new language (a symbolic system of representation) for communicative and expressive functions. This paper proposes that, due to the critical foundational role of language and literacy in the early years, the teaching of computer science can be augmented by models of literacy instruction. CAL supports young children in transitioning through different six coding stages. Case studies of young children using either the KIBO robot or the ScratchJr app will be used to characterize each coding stage and to illustrate the instructional practices of CAL curriculum.",openalex,llm,0.840,unreviewed,
kept,Changing a Generation’s Way of Thinking: Teaching Computational Thinking Through Programming,Francisco Buitrago Flórez; Rubby Casallas; Marcela Hernández; Alejandro Reyes; Silvia Restrepo; Giovanna Danies,2017,Review of Educational Research,10.3102/0034654317710096,https://openalex.org/W2624651098,CT-definition; CT-facets-concepts-vs-practices; supports-claim,"Computational thinking (CT) uses concepts that are essential to computing and information science to solve problems, design and evaluate complex systems, and understand human reasoning and behavior. This way of thinking has important implications in computer sciences as well as in almost every other field. Therefore, we contend that CT should be taught in elementary schools and included in every university’s educational curriculum. Several studies that measure the impact of teaching programming, analytical thinking, and CT have been conducted. In this review, we analyze and discuss findings from these studies and highlight the importance of learning programming with a focus on the development of CT skills at a young age. We also describe the tools that are available to improve the teaching of CT and provide a state-of-the-art overview of how programming is being taught at schools and universities in Colombia and around the world.",openalex,llm,0.950,unreviewed,
kept,A systematic review of integrating computational thinking in early childhood education,Jiahong Su; Weipeng Yang,2023,Computers and Education Open,10.1016/j.caeo.2023.100122,https://openalex.org/W4313596455,supports-claim,"Computational thinking education has become an increasingly popular topic among practitioners and researchers. However, rare is known how to effectively teach and learn computational thinking in early childhood education. To address this knowledge gap, this systematic review examined 26 studies on the teaching and learning of computational thinking in early childhood education from 2010 to 2022. The content knowledge, tools, pedagogical design, assessment methods, and learning outcomes were analyzed. Results indicated that, with age-appropriate instructional design, children could develop early concepts and skills of computational thinking, as well as other related skills such as communication, collaboration, and problem solving. Across the studies, we found that most studies used quantitative research methods, with direct assessment and observation being the most. Several challenges were identified: (1) achieving a deeper learning of computational thinking; (2) a lack of valid and reliable computational thinking assessments for children with a wider age range; (3) selecting appropriate learning tools; and (4) designing age-appropriate activities for young learners. Although with these challenges, computational thinking education could bring new learning opportunities and enhance children's computational thinking skills, as well as other non-cognitive skills such as critical thinking, body-material interaction, and hand-eye coordination. This systematic review informs future endeavors in theorizing a digital learning framework that can integrate computational thinking into early childhood education.",openalex,llm,0.950,unreviewed,
kept,Computational Thinking: The Developing Definition,Cynthia Selby,2013,ePrints Soton (University of Southampton),,https://openalex.org/W1537860447,supports-claim,"Since Jeanette Wing’s use of the term computational thinking in 2006, various discussions have arisen seeking a robust definition of the phrase. With little consensus having been found in the intervening years, there are even suggestions that a definition is not important. Perhaps focus should be on how computational thinking is taught and how its acquisition might be observed. However, in order to facilitate consistent curriculum design and appropriate assessment, it is argued that a definition should still be sought In order to contribute to the discussions surrounding a definition of computational thinking, this review of literature spans the years since 2006. The most frequently occurring terms, descriptions, and meanings are identified. Consideration is given to the motivation for inclusion or exclusion of a term by each individual author. Where possible, if a description has been given, an associated term is supplied. Criteria are developed for the objectives of a computational thinking definition, in accordance with the needs identified in the literature. Using the criteria as a guide and the collected terms as the vocabulary, a definition of computational thinking is proposed which encompasses the thought processes of abstraction, decomposition, algorithmic design, evaluation, and generalization.",openalex,llm,0.990,unreviewed,
discarded,Artificial intelligence in early childhood education: A scoping review,Jiahong Su; Weipeng Yang,2022,Computers and Education Artificial Intelligence,10.1016/j.caeai.2022.100049,https://openalex.org/W4206492610,adjacent-subtopic,"Artificial intelligence (AI) tools are increasingly being used in the field of early childhood education (ECE) to enhance learning and development among young children. Previous proof-of-concept studies have demonstrated that AI can effectively improve teaching and learning in ECE; however, there is a scarcity of knowledge about how these studies are conducted and how AI is used across these studies. We conducted this scoping review to evaluate, synthesize and display the latest literature on AI in ECE. This review analyzed 17 eligible studies conducted in different countries from 1995 to 2021. Although few studies on this critical issue have been found, the existing references provide up-to-date insights into different aspects (knowledge, tools, activities, and impacts) of AI for children. Most studies have shown that AI has significantly improved children's concepts regarding AI, machine learning, computer science, and robotics and other skills such as creativity, emotion control, collaborative inquiry, literacy skills, and computational thinking. Future directions are also discussed for researching AI in ECE.",openalex,llm,0.980,unreviewed,
kept,"Computational Thinking from a Disciplinary Perspective: Integrating Computational Thinking in K-12 Science, Technology, Engineering, and Mathematics Education",Irene Lee; Shuchi Grover; Fred Martin; Sarita Pillai; Joyce Malyn‐Smith,2019,Journal of Science Education and Technology,10.1007/s10956-019-09803-w,https://openalex.org/W2992016438,qualifies-claim,,openalex,llm,0.880,unreviewed,
kept,A Revaluation of Computational Thinking in K–12 Education: Moving Toward Computational Literacies,Yasmin B. Kafai; C. Patrick Proctor,2021,Educational Researcher,10.3102/0013189x211057904,https://openalex.org/W3214398511,CT-definition; qualifies-claim,"Over the past decade, initiatives around the world have introduced computing into K–12 education under the umbrella of computational thinking. While initial implementations focused on skills and knowledge for college and career readiness, more recent framings include situated computational thinking (identity, participation, creative expression) and critical computational thinking (political and ethical impacts of computing, justice). This expansion reflects a revaluation of what it means for learners to be computationally-literate in the 21st century. We review the current landscape of K–12 computing education, discuss interactions between different framings of computational thinking, and consider how an encompassing framework of computational literacies clarifies the importance of computing for broader K–12 educational priorities as well as key unresolved issues.",openalex,llm,0.980,unreviewed,
