status,title,authors,year,venue,doi,url,tags,abstract,provider,decision_source,llm_confidence,llm_review_outcome,llm_change_direction
Among others, synchronization issues are identified to limit the performance gain from parallelism. A new hash-join algorithm is introduced that has fewer synchronization constraints than the known hash-join algorithms. Also, the behavior of individual join operations in a join-tree is studied in a simulation experiment. The results show that the introduced Pipelining hash-join algorithm yields a better performance for multi-join queries. The format of the optimal join-tree appears to depend on the size of the operands of the join: A multi-join between small operands performs best with a bushy schedule; larger operands are better off with a linear schedule. The results from the simulation study are confirmed with an analytic model for dataflow query execution.",openalex,llm,0.990,unreviewed,
kept,A Survey of Successful Evaluations of Program Visualization and Algorithm Animation Systems,Jaime Urquiza‐Fuentes; J. Ángel Velázquez‐Iturbide,2009,ACM Transactions on Computing Education,10.1145/1538234.1538236,https://openalex.org/W2024808076,systematic-review,"This article reviews successful educational experiences in using program and algorithm visualizations (PAVs). First, we survey a total of 18 PAV systems that were subject to 33 evaluations. We found that half of the systems have only been tested for usability, and those were shallow inspections. The rest were evaluated with respect to their educational effectiveness. Script-based systems seem to be well suited for the viewing, responding, and changing engagement levels, while compiler-based systems do well for the construction and presenting engagement levels. Finally, we analyze additional PAV features of successful evaluations and hypothesize that they are relevant.",openalex,llm,0.990,unreviewed,
discarded,Program visualization,Gruia-Catalin Roman; Kenneth C. Cox,1992,,10.1145/143062.143157,https://openalex.org/W2113077178,adjacent-subtopic,"In this paper program visualization is defined as a mapping from programs to graphical representations. Simple forms of program visualization are frequently encountered in software engineering. For this reason current advances in program visualization are likely to influence future developments concerning software engineering tools and environments. This paper provides a new taxonomy of program visualization research. The proposed taxonomy becomes the vehicle through which we carry out a systernatic review of current systems, techniques, trends, and ideas in program visualization.",openalex,llm,0.860,unreviewed,
discarded,Program visualization: Graphical support for software development,Brown; Carling; Herot; Kramlich; Souza,1985,Computer,10.1109/mc.1985.1662972,https://openalex.org/W2058573115,adjacent-subtopic,"This article describes a prototype program visualization (PV) enviromnent that we have developed. The prototype is an ""umbrella"" in the sense that it is not targeted to support any one software development methodology. Rather, it provides basic PV tools that can be used in the service of the programmer's chosen methodology. Our system was designed to support progmming in C, although large portions ofit are independent of the software development language. The prototype itself is implemented in C and runs on a VAX 11/780 under UCB Unix Version 4.2.",openalex,llm,0.960,unreviewed,
discarded,Software visualization : programming as a multimedia experience,John Stasko; John Domingue; Marc H. Brown; Blaine Price,1998,,,https://openalex.org/W1508150672,adjacent-subtopic,"Part 1 An overview of software visualization: an introduction to software visualization, Blaine Price et al The early history of software visualization, Ronald Baecker, Blaine Price a taxonomy of algorithm animation displays, Marc H. Brown. Part 2 Techniques - what to draw? how to draw it? Printing and publishing C programs, Ronald Baecker, Aaron Marcus Visualizing graph models of software, Stephen North A menagerie of program visualization techniques, Clinton L. Jeffery Fundamental techniques for algorithm animation displays, Marc H. Brown, John Hershberger smooth continuous animation for portraying algorithms and processes, John Stasko algorithm animation using interactive 3D graphics, Marc H. Brown, Marc A. Najork Program auralization, Marc H. Brown, John Hershberger User interface issues for algorithm animation, Peter A. Gloor. Part 3 Joining pictures to code - how to specify a visualization: Interesting events, Marc H. brown, Robert Sedgewick Declarative visualization, Gruia-Catalin Roman Building software visualization through direct manipulation and demonstration, John Stasko. Part 4 Visualization for specialized domains: the truth about Prolog execution, Marc Eisenstadt, Mike Brayshaw Visualizing knowledge based systems, John Domingue Visualizing concurrent programs, Eileen Kraemer. Part 5 Visualization for software engineering: Visualization for software engineering -programming environments, Steven P. Reiss ZStep 95 - a reversible, animated source code stepper, Henry Lieberman, Christopher Fry Visualization of dynamics in Real World software systems, Doug Kimelman et al Maintenance of large systems, Stephen G. Eick Visualizing object-oriented software execution, Wim De Pauw et al Visualization for parallel performance evaluation and optimization, Michael T. Heath et al. Part 6 Visualization for education: Sorting out Sorting - a case study of software visualization for teaching computer science, Ronald Baecker Software visualization in teaching at Brown University, John Bazik et al Using software to teach computer programming - past, present, and future, Paul Mulholland, Marc eisenstadt animated algorithms, Peter A. Gloor. Part 7 Evaluation: Empirically assessing algorithm animation as learning aids, John Stasko, Andrew Lawrence a principled approach to the evaluation of SV - a case study in Prolog, Paul Mulholland Cognitive questions in software visualization, Marian Petre et al.",openalex,llm,0.880,unreviewed,
kept,Effectiveness of Program Visualization: A Case Study with the ViLLE Tool,Teemu Rajala; Mikko‐Jussi Laakso; Erkki Kaila; Tapio Salakoski,2008,Journal of Information Technology Education Innovations in Practice,10.28945/195,https://openalex.org/W1598338937,supports-claim,"An international association advancing the multidisciplinary study of informing systems. Founded in 1998, the Informing Science Institute (ISI) is a global community of academics shaping the future of informing science.",openalex,llm,0.920,unreviewed,
discarded,An Introductory Review of Deep Learning for Prediction Models With Big Data,Frank Emmert‐Streib; Zhen Yang; Feng Han; Shailesh Tripathi; Matthias Dehmer,2020,Frontiers in Artificial Intelligence,10.3389/frai.2020.00004,https://openalex.org/W3006781240,off-topic-false-hit,"Deep learning models stand for a new learning paradigm in artificial intelligence (AI) and machine learning. Recent breakthrough results in image analysis and speech recognition have generated a massive interest in this field because also applications in many other domains providing big data seem possible. On a downside, the mathematical and computational methodology underlying deep learning models is very challenging, especially for interdisciplinary scientists. For this reason, we present in this paper an introductory review of deep learning approaches including Deep Feedforward Neural Networks (D-FFNN), Convolutional Neural Networks (CNNs), Deep Belief Networks (DBNs), Autoencoders (AEs), and Long Short-Term Memory (LSTM) networks. These models form the major core architectures of deep learning models currently used and should belong in any data scientist's toolbox. Importantly, those core architectural building blocks can be composed flexibly-in an almost Lego-like manner-to build new application-specific network architectures. Hence, a basic understanding of these network architectures is important to be prepared for future developments in AI.",openalex,llm,0.990,unreviewed,
kept,The impact of using program visualization techniques on learning basic programming concepts at the K–12 level,Monika Mladenović; Žana Žanko; Marin Aglić Čuvić,2020,Computer Applications in Engineering Education,10.1002/cae.22315,https://openalex.org/W3048771890,supports-claim,"Abstract Novices enrolled in introductory programming courses often face many difficulties. These difficulties are more emphasized when novices are K–12 students. Many new visual programming languages have primarily been designed to provide a smooth introduction to programming for children. However, at some point, a general‐purpose text‐based programming language should be used. A well‐known and studied method is to visualize program execution to assist novices in forming correct mental models. Although many studies have investigated the effects of using visualizations in teaching and learning, most of them focus on courses taught at the university level. Studies that focus on investigating the impact of program visualizations at the K–12 level are, to the best of our knowledge, scarce. Therefore, we investigated the impact of using program visualizations with a group of K–12 students. Because of the underrepresentation of girls in computer science and known gender stereotypes, we additionally investigated student performance based on gender. Our research included 98 fifth‐grade students from three elementary schools. The lectures in the experimental group included different visualization techniques, including a program visualization tool and PowerPoint animations, whereas the control group had no program visualizations. All students learned Python as part of their curriculum. We present the results of our research in this paper.",openalex,llm,0.970,unreviewed,
discarded,JAVAVIS: Automatic Program Visualization with Object and Sequence Diagrams Using the Java Debug Interface (JDI),Rainer Oechsle; Thomas Schmitt,2002,Lecture notes in computer science,10.1007/3-540-45875-1_14,https://openalex.org/W1553801482,adjacent-subtopic,,openalex,llm,0.730,unreviewed,
discarded,Addressing misconceptions about code with always-on programming visualizations,Tom Lieber; Joel Brandt; Rob Miller,2014,,10.1145/2556288.2557409,https://openalex.org/W2127184512,adjacent-subtopic,"We present Theseus, an IDE extension that visualizes run-time behavior within a JavaScript code editor. By displaying real-time information about how code actually behaves during execution, Theseus proactively addresses misconceptions by drawing attention to similarities and differences between the programmer's idea of what code does and what it actually does. To understand how programmers would respond to this kind of an always-on visualization, we ran a lab study with graduate students, and interviewed 9 professional programmers who were asked to use Theseus in their day-to-day work. We found that users quickly adopted strategies that are unique to always-on, real-time visualizations, and used the additional information to guide their navigation through their code.",openalex,llm,0.860,unreviewed,
discarded,The RP3 program visualization environment,Doug Kimelman; T. Ngo,1991,IBM Journal of Research and Development,10.1147/rd.355.0635,https://openalex.org/W2043758465,adjacent-subtopic,"The performance promised for parallel systems often proves to be somewhat elusive. This paper discusses one important technique for improving the performance of parallel software: program visualization—helping programmers visualize the real behavior of an application or system by presenting its state and progress in a continuous graphic fashion. An environment for visualization of program execution is described. Within this visualization environment, programmers dynamically establish views of the behavior of a program in execution and watch for trends, anomalies, and correlations as information is displayed. By continually refining the view of the program and replaying the execution of the program, programmers can gain an understanding of program (mis)behavior. This is essential for the debugging, performance analysis, and tuning of parallel software. Design goals for the visualization environment include expandibility, portability, and the ability to accommodate diverse architectures, including highly parallel shared-memory systems and large-scale message-passing systems. Results from visualization of systems and applications running on the RP3, an experimental shared-memory multiprocessor, are presented in the form of color reproductions of typical, useful displays.",openalex,llm,0.970,unreviewed,
kept,UUhistle,Juha Sorva; Teemu Sirkiä,2010,,10.1145/1930464.1930471,https://openalex.org/W2079404256,supports-claim,"This paper describes UUhistle, a highly interactive program visualization system for introductory programming courses. UUhistle's main novelty is its support for visual program simulation exercises, in which the student takes the role of the computer as executor of a program in order to learn about program dynamics and to demonstrate their understanding. The student needs to predict the steps involved in the execution of a given program and to directly manipulate the elements of a program visualization to show what happens next. Visual program simulation exercises aim to aid learning by promoting a high level of student engagement with visualizations. They are automatically assessable.",openalex,llm,0.980,unreviewed,
discarded,Effective Program Verification for Relaxed Memory Models,Sebastian Burckhardt; Madanlal Musuvathi,2008,Lecture notes in computer science,10.1007/978-3-540-70545-1_12,https://openalex.org/W2105980774,off-topic-false-hit,,openalex,llm,0.980,unreviewed,
kept,Identifying student misconceptions of programming,Lisa C. Kaczmarczyk; Elizabeth Petrick; J. Philip East; Geoffrey Herman,2010,,10.1145/1734263.1734299,https://openalex.org/W1995969371,supports-claim,"Computing educators are often baffled by the misconceptions that their CS1 students hold. We need to understand these misconceptions more clearly in order to help students form correct conceptions. This paper describes one stage in the development of a concept inventory for Computing Fundamentals: investigation of student misconceptions in a series of core CS1 topics previously identified as both important and difficult. Formal interviews with students revealed four distinct themes, each containing many interesting misconceptions. Three of those misconceptions are detailed in this paper: two misconceptions about memory models, and data assignment when primitives are declared. Individual misconceptions are related, but vary widely, thus providing excellent material to use in the development of the CI. In addition, CS1 instructors are provided immediate usable material for helping their students understand some difficult introductory concepts. Copyright 2010 ACM.",openalex,llm,0.950,unreviewed,
discarded,Clearing the mind: A working memory model of distraction from negative mood.,Lotte F. van Dillen; Sander L. Koole,2007,Emotion,10.1037/1528-3542.7.4.715,https://openalex.org/W2106853024,off-topic-false-hit,"The present research examined whether and how loading working memory can attenuate negative mood. In three experiments, participants were exposed to neutral, weakly negative, or strongly negative pictures followed by a task and a mood scale. Working memory demands were varied by manipulating task presence (Study 1), complexity (Study 2), and predictability (Study 3). Participants in all three experiments reported less negative moods in negative trials with high compared to low working memory demand. Working memory demands did not affect mood in the neutral trials. When working memory demands were high, participants no longer reported more negative moods in response to strongly negative pictures than to weakly negative pictures. These findings suggest that loading working memory prevents mood-congruent processing, and thereby promotes distraction from negative moods.",openalex,llm,0.990,unreviewed,
discarded,"Merqury: reference-free quality, completeness, and phasing assessment for genome assemblies",Arang Rhie; Brian P. Walenz; Sergey Koren; Adam M. Phillippy,2020,Genome biology,10.1186/s13059-020-02134-9,https://openalex.org/W3085758516,off-topic-false-hit,"Recent long-read assemblies often exceed the quality and completeness of available reference genomes, making validation challenging. Here we present Merqury, a novel tool for reference-free assembly evaluation based on efficient k-mer set operations. By comparing k-mers in a de novo assembly to those found in unassembled high-accuracy reads, Merqury estimates base-level accuracy and completeness. For trios, Merqury can also evaluate haplotype-specific accuracy, completeness, phase block continuity, and switch errors. Multiple visualizations, such as k-mer spectrum plots, can be generated for evaluation. We demonstrate on both human and plant genomes that Merqury is a fast and robust method for assembly validation.",openalex,llm,0.990,unreviewed,
discarded,AtomEye: an efficient atomistic configuration viewer,Ju Li,2003,Modelling and Simulation in Materials Science and Engineering,10.1088/0965-0393/11/2/305,https://openalex.org/W2135827618,off-topic-false-hit,"AtomEye is free atomistic visualization software for all major UNIX platforms. It is based on a newly developed graphics core library of higher quality than the X-window standard, with area-weighted anti-aliasing. An order- N neighbourlist algorithm is used to compute the bond connectivity. The functionalities of AtomEye include: parallel and perspective projections with full three-dimensional navigation; customizable bond and coordination number calculation; colour-encoding of arbitrary user-defined quantities; local atomic strain invariant; coloured atom tiling and tracing; up to 16 cutting planes; periodic boundary condition translations; high-quality JPEG, PNG and EPS screenshots; and animation scripting. The program is efficient compared to OpenGL hardware acceleration by employing special algorithms to treat spheres (atoms) and cylinders (bonds), in which they are rendered as primitive objects rather than as composites of polygons. AtomEye can handle more than one million atoms on a PC with 1 GB memory. It is a robust, low-cost tool for surveying nanostructures and following their evolutions.",openalex,llm,0.990,unreviewed,
discarded,DNAplotlib: Programmable Visualization of Genetic Designs and Associated Data,Bryan S. Der; Emerson Glassey; Bryan Bartley; Casper Enghuus; Daniel B. Goodman; D. Benjamin Gordon; Christopher A. Voigt; Thomas E. Gorochowski,2016,ACS Synthetic Biology,10.1021/acssynbio.6b00252,https://openalex.org/W2535730799,off-topic-false-hit,"DNAplotlib ( www.dnaplotlib.org ) is a computational toolkit for the programmable visualization of highly customizable, standards-compliant genetic designs. Functions are provided to aid with both visualization tasks and to extract and overlay associated experimental data. High-quality output is produced in the form of vector-based PDFs, rasterized images, and animated movies. All aspects of the rendering process can be easily customized or extended by the user to cover new forms of genetic part or regulation. DNAplotlib supports improved communication of genetic design information and offers new avenues for static, interactive and dynamic visualizations that map and explore the links between the structure and function of genetic parts, devices and systems; including metabolic pathways and genetic circuits. DNAplotlib is cross-platform software developed using Python.",openalex,llm,0.990,unreviewed,
kept,Codechella: Multi-user program visualizations for real-time tutoring and collaborative learning,Philip J. Guo; Jeffery White; Renan Zanelatto,2015,,10.1109/vlhcc.2015.7357201,https://openalex.org/W2201999956,supports-claim,"An effective way to learn computer programming is to sit side-by-side in front of the same computer with a tutor or peer, write code together, and then discuss what happens as the code executes. To bring this kind of in-person interaction to an online setting, we have developed Codechella, a multi-user Web-based program visualization system that enables multiple people to collaboratively write code together, explore an automatically-generated visualization of its execution state using multiple mouse cursors, and chat via an embedded text box. In nine months of live deployment on an educational website - www.pythontutor.com -people from 296 cities across 40 countries participated in 299 Codechella sessions for both tutoring and collaborative learning. 57% of sessions connected participants from different cities, and 12% from different countries. Participants actively engaged with the program visualizations while chatting, showed affective exchanges such as encouragement and banter, and indicated signs of learning at the lower three levels of Bloom's taxonomy: remembering, understanding, and applying knowledge.",openalex,llm,0.960,unreviewed,
