status,title,authors,year,venue,doi,url,tags,abstract,provider,decision_source,llm_confidence,llm_review_outcome,llm_change_direction
discarded,The Widening Gap: The Benefits and Harms of Generative AI for Novice Programmers,James Prather; Brent N. Reeves; Juho Leinonen; Stephen MacNeil; Arisoa S. Randrianasolo; Brett A. Becker; Bailey Kimmel; Jared Wright; Ben Briggs,2024,,10.1145/3632620.3671116,https://openalex.org/W4401379837,adjacent-subtopic,"Novice programmers often struggle through programming problem solving due to a lack of metacognitive awareness and strategies. Previous research has shown that novices can encounter multiple metacognitive difficulties while programming, such as forming incorrect conceptual models of the problem or having a false sense of progress after testing their solution. Novices are typically unaware of how these difficulties are hindering their progress. Meanwhile, many novices are now programming with generative AI (GenAI), which can provide complete solutions to most introductory programming problems, code suggestions, hints for next steps when stuck, and explain cryptic error messages. Its impact on novice metacognition has only started to be explored. Here we replicate a previous study that examined novice programming problem solving behavior and extend it by incorporating GenAI tools. Through 21 lab sessions consisting of participant observation, interview, and eye tracking, we explore how novices are coding with GenAI tools. Although 20 of 21 students completed the assigned programming problem, our findings show an unfortunate divide in the use of GenAI tools between students who did and did not struggle. Some students who did not struggle were able to use GenAI to accelerate, creating code they already intended to make, and were able to ignore unhelpful or incorrect inline code suggestions. But for students who struggled, our findings indicate that previously known metacognitive difficulties persist, and that GenAI unfortunately can compound them and even introduce new metacognitive difficulties. Furthermore, struggling students often expressed cognitive dissonance about their problem solving ability, thought they performed better than they did, and finished with an illusion of competence. Based on our observations from both groups, we propose ways to scaffold the novice GenAI experience and make suggestions for future work.",openalex,llm,0.920,unreviewed,
discarded,Assessing the Success of an Introductory Programming Course,Marilyn Ford; Sven Venema,2010,Journal of Information Technology Education Research,10.28945/1182,https://openalex.org/W2158450631,off-topic-false-hit,"An international association advancing the multidisciplinary study of informing systems. Founded in 1998, the Informing Science Institute (ISI) is a global community of academics shaping the future of informing science.",openalex,llm,0.960,unreviewed,
discarded,"Pyo, a Chatbot Assistant for Introductory Programming Students",Gustavo Carreira; Leonardo Silva; António José Mendes; Hugo Gonçalo Oliveira,2022,,10.1109/siie56031.2022.9982349,https://openalex.org/W4312081491,adjacent-subtopic,"As a result of the technological advancements in our society, the number of students enrolling in Computer Science and related courses continues to rise. Programming is regarded as a difficult subject to learn, and as the size of classes and the number of students enrolled in online courses continues to increase, providing individualized support to determine where the difficulties of a student lie may appear impossible, resulting in frustration, lack of motivation, and an increase in dropout rates. Chatbots can mitigate this problem as it can provide simultaneous support to multiple students 24 hours a day, seven days a week, and by allowing introverted students to express questions more comfortably. This paper proposes the implementation of a chatbot denominated Pyo aiming to provide assistance to novice programmers. It was evaluated how students enrolled in an online introductory programming course interacted with Pyo in order to draw conclusions about the effectiveness of the chatbot’s features. The results indicate that Pyo facilitates student learning; however, more straightforward explanations of its functionalities were requested.",openalex,llm,0.880,unreviewed,
discarded,Automatic Generation of Programming Exercises and Code Explanations Using Large Language Models,Sami Sarsa; Paul Denny; Arto Hellas; Juho Leinonen,2022,,10.1145/3501385.3543957,https://openalex.org/W4283705032,adjacent-subtopic,"This article explores the natural language generation capabilities of large language models with application to the production of two types of learning resources common in programming courses. Using OpenAI Codex as the large language model, we create programming exercises (including sample solutions and test cases) and code explanations, assessing these qualitatively and quantitatively. Our results suggest that the majority of the automatically generated content is both novel and sensible, and in some cases ready to use as is. When creating exercises we find that it is remarkably easy to influence both the programming concepts and the contextual themes they contain, simply by supplying keywords as input to the model. Our analysis suggests that there is significant value in massive generative machine learning models as a tool for instructors, although there remains a need for some oversight to ensure the quality of the generated content before it is delivered to students. We further discuss the implications of OpenAI Codex and similar tools for introductory programming education and highlight future research streams that have the potential to improve the quality of the educational experience for both teachers and students alike.",openalex,llm,0.900,unreviewed,
kept,Misconception-Driven Feedback,Luke Gusukuma; Austin Cory Bart; Dennis Kafura; Jeremy V. Ernst,2018,,10.1145/3230977.3231002,https://openalex.org/W2886150761,supports-claim,"The feedback given to novice programmers can be substantially improved by delivering advice focused on learners' cognitive misconceptions contextualized to the instruction. Building on this idea, we present Misconception-Driven Feedback (MDF); MDF uses a cognitive student model and program analysis to detect mistakes and uncover underlying misconceptions. To evaluate the impact of MDF on student learning, we performed a quasi-experimental study of novice programmers that compares conventional run-time and output check feedback against MDF over three semesters. Inferential statistics indicates MDF supports significantly accelerated acquisition of conceptual knowledge and practical programming skills. Additionally, we present descriptive analysis from the study indicating the MDF student model allows for complex analysis of student mistakes and misconceptions that can suggest improvements to the feedback, the instruction, and to specific students.",openalex,llm,0.920,unreviewed,
kept,Promoting Algorithmic Thinking in an Introductory Programming Course,Sohail Iqbal Malik; Mohanaad Shakir; Abdalla Eldow; Mohammed Waseem Ashfaque,2019,International Journal of Emerging Technologies in Learning (iJET),10.3991/ijet.v14i01.9061,https://openalex.org/W2908928685,supports-claim,"Computer programming is considered as a difficult area of study for novices. One of the reasons is the main focus of the curriculum presented in an introductory programming (IP) course which emphasizes more on the programming knowledge (syntax and semantic) of the programming language. This study introduced a new teaching curriculum in the IP course which focuses on different skills required by the novices. We compared the IP course materials based on the traditional and new approaches against five categories. The result shows that the new approach encourages both the programming knowledge and problem solving strategies, and promotes deep learning. Furthermore, it discourages programming shortcut (Problem statement → Code), and support three-step approach (Problem statement → Solution Plans → Code) in solving a problem statement. The new approach also promotes algorithmic thinking in the IP course by paying equal attention on the problem solving strategies.",openalex,llm,0.940,unreviewed,
discarded,Effect of Self-efficacy and Emotional Engagement on Introductory Programming Students,Geetha Kanaparan; Rowena Cullen; David Mason,2019,AJIS. Australasian journal of information systems/AJIS. Australian journal of information systems/Australian journal of information systems,10.3127/ajis.v23i0.1825,https://openalex.org/W2960265881,adjacent-subtopic,"High failure rates appear to be a norm in introductory programming courses. Many solutions have been proposed to improve the high failure rates. Surprisingly, these solutions have not lead to significant improvements in the performance of students in introductory programming courses. In this study, the relationship between self-efficacy, emotional engagement and the performance of students in introductory programming courses were examined. Enjoyment, interest, and gratification were identified as three factors contributing to emotional engagement in introductory programming courses from a review of existing literature and from focus groups. An online survey of 433 students in introductory programming courses showed that the students’ programming self-efficacy beliefs had a strong positive effect on enjoyment, while gratification and interest had a negative effect on programming performance. These findings have implications for course instructors who design and deliver introductory programming courses.",openalex,llm,0.960,unreviewed,
discarded,Teaching Problem Solving Skills using an Educational Game in a Computer Programming Course,Roy Mathew; Sohail Iqbal Malik; Ragad M Tawafak,2019,Informatics in Education,10.15388/infedu.2019.17,https://openalex.org/W2982845604,adjacent-subtopic,"Problem solving skills are considered an important component in learning to program in an introductory programming (IP) course for novices. This study introduced a PROSOLVE game to enhance problem solving skills of novice programmers in the introductory programming course. The game is based on pseudo-code technique. A survey was employed to collect students' feedback and semi-structured interviews were organized to collect instructors' opinion about the game. The results show that the game helped most of the students in understanding the programming concepts, structures and problem solving strategies. Moreover, the game supports students' cognitive engagement, gains, and affective engagement in the IP course. Instructors appreciated the game and considered it as an additional supporting teaching tool in the IP course. Moreover, they considered the game as good alternative of traditional pen and paper learning approach in attracting students' interest in the programming domain.",openalex,llm,0.920,unreviewed,
discarded,Automatic Inference of Programming Performance and Experience from Typing Patterns,Juho Leinonen; Krista Longi; Arto Klami; Arto Vihavainen,2016,,10.1145/2839509.2844612,https://openalex.org/W2275142089,adjacent-subtopic,"Studies on retention and success in introductory programming course have suggested that previous programming experience contributes to students' course outcomes. If such background information could be automatically distilled from students' working process, additional guidance and support mechanisms could be provided even to those, who do not wish to disclose such information. In this study, we explore methods for automatically distinguishing novice programmers from more experienced programmers using fine-grained source code snapshot data. We approach the issue by partially replicating a previous study that used students' keystroke latencies as a proxy to introductory programming course outcomes, and follow this by an exploration of machine learning methods to separate those students with little to no previous programming experience from those with more experience. Our results confirm that students' keystroke latencies can be used as a metric for measuring course outcomes. At the same time, our results show that students programming experience can be identified to some extent from keystroke latency data, which means that such data has potential as a source of information for customizing the students' learning experience.",openalex,llm,0.970,unreviewed,
discarded,Intelligent tutoring systems for programming education,Tyne Crow; Andrew Luxton-Reilly; Burkhard Wüensche,2018,,10.1145/3160489.3160492,https://openalex.org/W2783082347,adjacent-subtopic,"A variety of intelligent tutoring systems have been created for the purpose of teaching computer programming. Most published literature focuses on systems that have been developed to teach programming within tertiary courses. A majority of systems have been developed to teach introductory programming concepts; other systems tutor more specific aspects of programming like scope or recursion. Literature reports that these systems address many of the difficulties associated with teaching programming to novices; however, individual systems vary greatly, and there is a large range of supplementary features developed in these systems. Most intelligent programming tutors involve some form of interactive programming exercises, but the use of supplementary features like plans, quizzes and worked solutions vary greatly between different systems. This systematic review reports key information about existing systems and the prevalence of different features within them. An overview of how supplementary features are integrated into these systems is given, along with implications for how intelligent programming tutors could be improved by supporting a wider range of supplementary features.",openalex,llm,0.800,unreviewed,
discarded,Next-Step Hint Generation for Introductory Programming Using Large Language Models,Lianne Roest; Hieke Keuning; Johan Jeuring,2024,,10.1145/3636243.3636259,https://openalex.org/W4390490752,adjacent-subtopic,"Large Language Models possess skills such as answering questions, writing essays or solving programming exercises. Since these models are easily accessible, researchers have investigated their capabilities and risks for programming education. This work explores how LLMs can contribute to programming education by supporting students with automated next-step hints. We investigate prompt practices that lead to effective next-step hints and use these insights to build our StAP-tutor. We evaluate this tutor by conducting an experiment with students, and performing expert assessments. Our findings show that most LLM-generated feedback messages describe one specific next step and are personalised to the student’s code and approach. However, the hints may contain misleading information and lack sufficient detail when students approach the end of the assignment. This work demonstrates the potential for LLM-generated feedback, but further research is required to explore its practical implementation.",openalex,llm,0.950,unreviewed,
kept,What Do CS1 Syllabi Reveal About Our Expectations of Introductory Programming Students?,Brett A. Becker; Thomas Fitzpatrick,2019,,10.1145/3287324.3287485,https://openalex.org/W2917563899,supports-claim,"A well-received ITiCSE 2016 paper challenged the orthodox view that programming is hard to learn. It contended that CS1 educators' expectations are too high, which can result in poor teaching and learning, and could impact negatively on diversity and equity. The author posed a challenge to the community to collect research-based evidence of what novice programmers can achieve, and use evidence to derive realistic expectations for achievement. We argue that before rising to this challenge we must determine: What exactly do educators expect of introductory programming students? This paper presents our efforts toward answering this question. We manually curated hundreds of CS1 syllabi, providing a fresh perspective of expectation in CS1 courses. We analyzed learning outcomes and their concepts, in addition to languages utilized and other useful CS1 design and delivery information. This work contributes to a current picture of what is expected of introductory programming students, and provides an interactive online tool linked to all collected syllabi and containing all learning outcomes and other associated information. We hope this will aid the community in deciding whether or not we have unrealistic expectations of our CS1 students and if so, our contributions provide a starting point for the community to adjust them.",openalex,llm,0.990,unreviewed,
discarded,Automated Critique of Early Programming Antipatterns,Leo C. Ureel; Charles Wallace,2019,,10.1145/3287324.3287463,https://openalex.org/W2916594277,adjacent-subtopic,"The introductory programming lab, with small cycles of teaching, coding, testing, and critique from instructors, is an extraordinarily productive learning experience for novice programmers. We wish to extend the availability of such critique through automation, capturing the essence of interaction between student and instructor as closely as possible. Integrated Development Environments and Automated Grading Systems provide constant feedback through static analysis and unit testing. But we also wish to tailor automated feedback to acknowledge commonly recurring issues with novice programmers, in keeping with the practice of a human instructor. We argue that the kinds of mistakes that novice programmers make, and the way they are reported to the novices, deserve special care. In this paper we provide examples of early programming antipatterns that have arisen from our teaching experience, and describe different ways of identifying and dealing with them automatically through our tool WebTA. Novice students may produce code that is close to a correct solution but contains syntactic errors; WebTA attempts to salvage the promising portions of the student's submission and suggest repairs that are more meaningful than typical compiler error messages. Alternatively, a student misunderstanding may result in well-formed code that passes unit tests yet contains clear design flaws; through additional analysis, WebTA can identify and flag them. Finally, certain types of antipattern can be anticipated and flagged by the instructor, based on the context of the course and the programming exercise; WebTA allows for customizable critique triggers and messages.",openalex,llm,0.930,unreviewed,
discarded,A Self-Paced Introductory Programming Course,Grandon Gill; Carolyn F. Holton,2006,Journal of Information Technology Education Research,10.28945/236,https://openalex.org/W1869228057,adjacent-subtopic,"An international association advancing the multidisciplinary study of informing systems. Founded in 1998, the Informing Science Institute (ISI) is a global community of academics shaping the future of informing science.",openalex,llm,0.630,unreviewed,
discarded,Learnable Programming: Blocks and Beyond,David Bau; Jeff Gray; Caitlin Kelleher; Josh Sheldon; Franklyn Turbak,2017,arXiv (Cornell University),10.48550/arxiv.1705.09413,https://openalex.org/W2619648993,adjacent-subtopic,"Blocks-based programming has become the lingua franca for introductory coding. Studies have found that experience with blocks-based programming can help beginners learn more traditional text-based languages. We explore how blocks environments improve learnability for novices by 1) favoring recognition over recall, 2) reducing cognitive load, and 3) preventing errors. Increased usability of blocks programming has led to widespread adoption within introductory programming contexts across a range of ages. Ongoing work explores further reducing barriers to programming, supporting novice programmers in expanding their programming skills, and transitioning to textual programming. New blocks frameworks are making it easier to access a variety of APIs through blocks environments, opening the doors to a greater diversity of programming domains and supporting greater experimentation for novices and professionals alike.",openalex,llm,0.850,unreviewed,
discarded,CS1: how will they do? How can we help? A decade of research and practice,"Quille, Keith; Bergin, Susan",2019,COMPUTER SCIENCE EDUCATION,10.1080/08993408.2019.1612679,https://www.webofscience.com/wos/woscc/full-record/WOS:000469344900006,adjacent-subtopic,"Background and Context: Computer Science attrition rates (in the western world) are very concerning, with a large number of students failing to progress each year. It is well acknowledged that a significant factor of this attrition, is the students' difficulty to master the introductory programming module, often referred to as CS1.

Objective: The objective of this article is to describe the evolution of a prediction model named PreSS (Predict Student Success) over a 13-year period (2005-2018).

Method: This article ties together, the PreSS prediction model; pilot studies; a longitudinal, multi-institutional revalidation and replication study; improvements to the model since its inception; and interventions to reduce attrition rates.

Findings: The outcome of this body of work is an end-toend real-time web-based tool (PreSS#), which can predict student success early in an introductory programming module (CS1), with an accuracy of 71%. This tool is enhanced with interventions that were developed in conjunction with PreSS#, which improved student performance in CS1.",wos,llm,0.950,unreviewed,
