status,title,authors,year,venue,doi,url,tags,abstract,provider,decision_source,llm_confidence,llm_review_outcome,llm_change_direction
discarded,Exploring Diversity in Introductory Programming Classes: An Experience Report,"Groher, Iris; Vierhauser, Michael; Sabitzer, Barbara; Kuka, Lisa; Hofer, Alexander; Muster, David",2022,2022 ACM/IEEE 44TH INTERNATIONAL CONFERENCE ON SOFTWARE ENGINEERING: SOFTWARE ENGINEERING EDUCATION AND TRAINING (ICSE-SEET 2022),10.1109/ICSE-SEET55299.2022.9794193,https://www.webofscience.com/wos/woscc/full-record/WOS:000850196300011,adjacent-subtopic,"Digitization is becoming part of almost everyone's life, ranging from smartphones and tablets, smart devices automatically collecting information, to tools and scripting languages that are widely available and easy to use. This has recently been reflected in various university curricula, where courses such as computational thinking, and basic programming classes are now included in a broader range of (non-computer-science) programs. However, these programs often face challenges in such courses due to their diverse student body, with students often lacking profound digital competencies and technical background. While gender diversity aspects have been broadly studied in the past, other diversity dimensions such as ethnicity, age, or educational background have largely been neglected thus far. In this paper, we report on our experiences in teaching an introductory programming course to first-year Business Informatics bachelor students. After undergoing fundamental changes in our teaching concepts and the provided learning material, we explore what diversity factors play an important role when teaching programming to non-computer science students, and how diversity is perceived by lecturers and tutors. Our analysis confirms that a collaborative teaching concept positively supports female students and students with language barriers.",wos,llm,0.920,unreviewed,
discarded,Exploring the Intersectional Development of Computer Science Identities in Young Latinas,"Jacob, Sharin Rawhiya; Montoya, Jonathan; Warschauer, Mark",2022,TEACHERS COLLEGE RECORD,10.1177/01614681221103932,https://www.webofscience.com/wos/woscc/full-record/WOS:000805995000010,adjacent-subtopic,"Background: There has been a dearth of research on intersectional identities in STEM, including the fields of computing and engineering. In computing education research, much work has been done on broadening participation, but there has been little investigation into how the field of computer science (CS) presents opportunities for students with strong intersectional identities. This study explores the strengths and connections among the unique identities and the symbiotic relationships that elementary Latina students hold in CS identity attainment. Purpose: The aim of this article is to better understand how predominantly low-income, multilingual Latina students experience identity development through the lens of diverse group membership. We examine how young Latinas, through their participation in a yearlong culturally and linguistically responsive CS curriculum, leverage their intersecting identities to rewrite the formula of what a computer scientist is and can be, leaving space to include and invite other strong identities as well. Research Design: An explanatory sequential mixed-methods design was used that analyzed data from predominantly low-income, multilingual Latinas in upper elementary grades, including pre- and post-CS identity surveys (N = 50) delivered before and after implementation of the curriculum, and eight individual semi-structured student interviews. Findings: We found that Latina students developed significantly stronger identification with the field of CS from the beginning to the end of the school year with regard to their experiences with CS, perception of themselves as computer scientists, family support for CS and school, and friend support for CS and school. Interviews revealed that perception of their CS ability greatly influenced identification with CS and that girls' self-perceptions stemmed from their school, cultural, and home learning environments. Conclusion: Our results highlight the wealth of resources that Latinas bring to the classroom through their home- and community-based assets, which are characterized by intersecting group membership. Students did not report on the intersection between language and CS identity development, which warrants further investigation.",wos,llm,0.890,unreviewed,
discarded,Using Computational Thinking to Facilitate Language Learning: A Survey of Students' Strategy Use in Austrian Secondary Schools,"Rottenhofer, Marina; Kuka, Lisa; Leitner, Sandra; Sabitzer, Barbara",2022,IAFOR JOURNAL OF EDUCATION,,https://www.webofscience.com/wos/woscc/full-record/WOS:001377300600005,adjacent-subtopic,"After Jeanette Wing in 2006 described computational thinking (CT) as a fundamental skill for everyone just like reading or arithmetic, it has become a widely discussed topic all over the world. Computational thinking is a problem-solving skill set that is used to tackle problems in computer science. However, these skills, such as pattern recognition, decomposition, abstraction, generalization, and algorithmic thinking, are useful in other domains, as well. This study focuses on the use of CT skills to approach complex linguistic learning tasks in the foreign language classroom. To foster these problem-solving skills, an innovative method is used. The authors take advantage of computer science (CS) models (e.g. Unified Modeling Language - UML) and transform them into a teaching and learning tool. This paper describes the design and implementation of a survey used to detect students' use of learning strategies that are linked to computational thinking. This survey is an instrument used in a multiple-case study and was administered at the beginning of the interventions. The participants of the study were learners of English and Spanish (n=66) from two secondary schools. Results indicated that the students were medium to low users of learning strategies that demand problem-solving skills related to computational thinking. Differences by gender were also found, with females reporting higher use of learning strategies than males. To conclude, the study showed a low use of strategies among students and highlighted the importance of introducing students to learning strategies and fostering skills needed for future professional life.",wos,llm,0.900,unreviewed,
discarded,KnitxCode: Exploring a Craftsmanship-driven Approach to Computational Thinking,"Sorensen, Marie-Louise Stisen Kjerstein; Fog, Bjarke Vognstrup; Musaeus, Line Have; Petersen, Marianne Graves",2022,"ADJUNCT PROCEEDINGS OF THE 12TH NORDIC CONFERENCE ON HUMAN-COMPUTER INTERACTION, NORDICHI 2022",10.1145/3547522.3547680,https://www.webofscience.com/wos/woscc/full-record/WOS:001334854100048,adjacent-subtopic,"In recent years, computational thinking (CT) has focused on how children and citizens develop basic computing skills which empower them to participate in a digitised society and broaden participation and engagement with CT. We present the exploration of a craftsmanship-driven approach to engage people in CT. To explore this approach a team of knitters, a computer scientist and a computing education expert iteratively designed the KnitxCode workshop. KnitxCode utilises knitting in combination with CT concepts as the foundation for the activities. The workshop was evaluated by 12 participants with no programming experience and with knitting experience ranging from 2-25 years (M = 6). From the evaluation we found that the craftsmanship-driven approach seemed to provide the participants with confidence to learning CT, as shared concepts and practices between knitting and computing supported transitioning from knitting craftsmanship to computing and in this way served to demystify computing.",wos,llm,0.870,unreviewed,
discarded,Teachers' Perspective on Artificial Intelligence Education: an Initial Investigation,"Polak, Sara; Schiavo, Gianluca; Zancanaro, Massimo",2022,"EXTENDED ABSTRACTS OF THE 2022 CHI CONFERENCE ON HUMAN FACTORS IN COMPUTING SYSTEMS, CHI 2022",10.1145/3491101.3519866,https://www.webofscience.com/wos/woscc/full-record/WOS:001118038100445,adjacent-subtopic,"Learning about Artifcial Intelligence (AI) from a young age can help students become competent citizens able to move through our increasingly digital world with confdence and responsibility. This contribution presents a preliminary investigation in Bulgaria, Greece, Italy, and Romania to understand middle school teachers' perspective on how to best teach digital competencies for AI. It uses the Will, Skill, Tool model as a theoretical lens, and it aims to inform the design of educational content and online platforms to enable teachers to integrate AI education into their classroom. Through a human-centred design process - including focus groups and a survey - needs and requirements were identifed for a supportive online educational platform that aids teachers in AI education. The research results showed a positive attitude towards AI education and high motivation to introduce AI-related content at school, which translates to a positive Will factor. Regarding the Skill factor, teachers seem to have a basic level of digital skills but low AI-related skills. No signifcant problems emerged regarding the availability of resources, but further research investigating whether the Tool factor is accounted for would be desirable. Based on the results, six design implications for a web-based educational platform on AI have been formulated: (i) provide the required basics; (ii) make it relevant; (iii) make it interactive and collaborative; (iv) keep everyone in the loop; (v) make it accessible; (vi) motivate the user. These implications are further discussed to extend computational thinking frameworks to incorporate AI-related concepts and perspectives.",wos,llm,0.960,unreviewed,
kept,Abstraction in Computer Science Education: An Overview,"Mirolo, Claudio; Izu, Cruz; Lonati, Violetta; Scapin, Emanuele",2021,INFORMATICS IN EDUCATION,10.15388/infedu.2021.27,https://www.webofscience.com/wos/woscc/full-record/WOS:000731402000006,supports-claim,"When we ""think like a computer scientist,"" we are able to systematically solve problems in different fields, create software applications that support various needs, and design artefacts that model complex systems. Abstraction is a soft skill embedded in all those endeavours, being a main cornerstone of computational thinking Our overview of abstraction is intended to be not so much systematic as thought provoking, inviting the reader to (re)think abstraction from different - and perhaps unusual - perspectives. After presenting a range of its characterisations, we will explore abstraction from a cognitive point of view. Then we will discuss the role of abstraction in a range of computer science areas, including whether and how abstraction is taught. Although it is impossible to capture the essence of abstraction in one sentence, one section or a single paper, we hope our insights into abstraction may help computer science educators to better understand, model and even dare to teach abstraction skills.",wos,llm,0.880,unreviewed,
discarded,Developing Eighth-Grade Students' Computational Thinking with Critical Reflection,"He, Zhenzhen; Wu, Xuemei; Wang, Qiyun; Huang, Changqin",2021,SUSTAINABILITY,10.3390/su132011192,https://www.webofscience.com/wos/woscc/full-record/WOS:000716049100001,adjacent-subtopic,"As computer science has become a vital power in facilitating the rapid and sustainable development of various fields, equipping everyone with computational thinking (CT) has been recognized as one of the core pillars supporting the sustainable development of individuals and our digital world. However, it remains challenging for secondary school students to assimilate CT. Recently, critical reflection has been proposed as a useful metacognitive strategy for regulating students' thinking to solve current and future problems. In this study, a quasi-experiment was conducted to investigate the role of critical reflection in advancing eighth-grade students' CT. The participants were 95 eighth-grade students, comprising an experimental group (n = 49) and a control group (n = 46). The students' CT was evaluated based on their learning performance in computational concepts, computational practices, and computational perspectives. The results showed that critical reflection, compared with traditional instruction from teachers, could significantly advance eighth-grade students' CT. Interestingly, the two groups showed significantly different learning performance in computational practices during the learning process. Furthermore, interaction with peers and instructors played an essential role in helping students engage as active agents in critical reflection. The results of this study emphasize the need to develop students' CT by practicing critical reflection in eighth-grade education.</p>",wos,llm,0.910,unreviewed,
discarded,Development and testing of the Draw-a-Programmer test (DAPT) to explore elementary preservice teachers' conceptions of computational thinking,"Radloff, Jeffrey; Hall, Jacob A.",2022,EDUCATION AND INFORMATION TECHNOLOGIES,10.1007/s10639-021-10787-7,https://www.webofscience.com/wos/woscc/full-record/WOS:000710609500003,adjacent-subtopic,"Recent US science standards conceptualize science as a set of shared multidisciplinary ideas and practices in common with engineering and computer science (CS). At the core, this portrayal requires an understanding of CS as a viable career path and set of discrete knowledge and skills, including those related to computer programming. However, research repeatedly shows inservice and preservice teachers to be unfamiliar or uncomfortable with reform-based instruction and CS-related careers. This exploratory study uses a Draw-a-Programmer Test (DAPT) instrument (adapted from the Draw-a-Scientist [DAST], Engineering [DAET], and Computer Scientist [DACST]) to investigate how preservice teachers understand and visualize computer programming. Here, we detail the development and testing of this tool across two preservice elementary science and technology courses. Participants in this study included 52 preservice teachers in the last semester of their teacher preparation program enrolled in these courses. Data were collected using the DAPT instrument and were analyzed using open coding of respondents' depictions and written descriptions of computer programming. Findings revealed that participants held somewhat stereotypical, yet distinct conceptions of CS and computer programming (i.e., separate from science and engineering) which may provide concrete entry points into fostering computational thinking skills. Implications are discussed as they relate to elementary teacher education and research.",wos,llm,0.900,unreviewed,
discarded,Effects of LEGO robotic on freshmen students' computational thinking and programming learning attitudes in Taiwan,"Weng, Cathy; Matere, Isaac Manyonge; Hsia, Chih-Hsien; Wang, Mei-Yen; Weng, Apollo",2022,LIBRARY HI TECH,10.1108/LHT-01-2021-0027,https://www.webofscience.com/wos/woscc/full-record/WOS:000709329100001,adjacent-subtopic,"Purpose Advancements in technology require that everyone is skilled with computational thinking (CT), problem-solving and computer programming skills. This study aims to examine the development of CT in problem-solving skills (PSS) and programming learning attitude by integrating LEGO robotics kits in a project-based learning course. Design/methodology/approach This study examines the development of CT in PSS and programming learning attitude by integrating LEGO robotics kits in a project-based learning course. This study consists of a single group pre-post-test research design with 32 freshmen university students. Quantitative and qualitative data were collected by pre-post-tests and recording of classroom discussions, respectively. Findings Therefore, this finding implies that robotics can be used to develop CT in university students; however, there is a need for designing curricula with advanced robotic kits as artificial intelligence (AI) has become more prevalent. Hence, programming knowledge learned will help students to understand the application of robots in AI. Originality/value The study creates educators' awareness that CT skills might be developed in freshmen university students through robotics. However, many still consider them toys rather than learning aids.",wos,llm,0.950,unreviewed,
kept,A K-6 computational thinking curricular framework: pedagogical implications for teaching practice,"Tsortanidou, Xanthippi; Daradoumis, Thanasis; Barbera, Elena",2023,INTERACTIVE LEARNING ENVIRONMENTS,10.1080/10494820.2021.1986725,https://www.webofscience.com/wos/woscc/full-record/WOS:000708710400001,supports-claim,"In this paper we propose a universal curricular framework that is intended to aid K-6 schoolteachers holistically and humanistically developing their students' computational thinking (CT) skills (e.g. algorithmic thinking, abstraction, decomposition, generalization, patterns recognition, evaluation, and logical thinking). This framework, which can be applied to any subject at the elementary school level, is grounded on specific principles that we have gleaned from both learning theories and considerations on child development. New media literacy skills (NML) and social-emotional skills are also targeted, as they are strongly connected with CT skills and display bidirectional linkages that can comprehensively benefit students in various ways (cognitively, imaginatively/creatively, materially, socially, and affectively/emotionally) without the need for digital technologies or coding. The universal nature of our curricular proposal rests on the following factors: it is based on a cross-disciplinary approach that can be applied in ways that mirror real life; CT is seen as a universal skill that should be learned by everyone, not just computer scientists, and is applicable to every aspect of daily life; one-sided intellectualism is avoided; and, lastly, the resulting classroom practices have an impact on and are influenced by children's cognitive, social, and emotional development.",wos,llm,0.940,unreviewed,
discarded,A cross-platform game for learning computational thinking with the support of collaborative learning,"Lee, Lap-Kei; Cheung, Tsz-Kin; Ho, Lok-Tin; Yiu, Wai-Hang; Wu, Nga-ln",2021,INTERNATIONAL JOURNAL OF INNOVATION AND LEARNING,,https://www.webofscience.com/wos/woscc/full-record/WOS:000708512900005,adjacent-subtopic,"Computational thinking (CT) has gained increasing attention from education researchers, practitioners, and parents in the past decade, as CT is a fundamental skill for everyone to solve problems effectively and efficiently with solutions that are reusable in different contexts. This paper presents a cross-platform game for learning CT anywhere and anytime using a computer or smartphone with or without internet connection. The game provides an easy-to-use visual programming environment for learners to instruct virtual 3D robot(s) to complete specific tasks. Our game levels are designed to cover these CT core elements: reformulation, recursion, decomposition, abstraction, and systematic testing. The game also supports collaborative learning for multiple learners, where learners find suitable solutions together. This helps to develop their communication and leadership skills. Two surveys were performed to confirm the successful integration of the five CT core elements in its game design, and its attractiveness and usefulness as a CT learning tool.",wos,llm,0.860,unreviewed,
kept,A systematic review of computational thinking in science classrooms,"Ogegbo, Ayodele Abosede; Ramnarain, Umesh",2022,STUDIES IN SCIENCE EDUCATION,10.1080/03057267.2021.1963580,https://www.webofscience.com/wos/woscc/full-record/WOS:000680799000001,supports-claim,"Computational thinking (CT) has been described as an essential skill that should be learned by everyone and can, therefore, be included in their skill set. Computational thinking uses essential principles in computer science for solving problems, understanding complex systems, and human behaviour. This way of thinking has significant consequences for teaching and learning science subjects at elementary and high school levels. In this review, we analyse and discuss the results from 23 studies and highlight the methodology, different strategies, and assessment practices used to promote the integration of computational thinking within science classrooms. We also give an overview of how computational thinking is being taught in science classrooms and describe tools available for teaching computational thinking in science instruction. Findings showed the value of using modelling-based pedagogy in incorporating key computational thinking skills within science instruction and suggests that educators should deploy effective technology tools to enhance the deductive and inductive teaching of science concepts using computational thinking framework.",wos,llm,0.930,unreviewed,
