status,title,authors,year,venue,doi,url,tags,abstract,provider,decision_source,llm_confidence,llm_review_outcome,llm_change_direction
discarded,Coding Like a Data Miner: A Sandbox Approach to Computing-Based Data Science for High School Student Learning,Justice T. Walker; Amanda Barany; Alex Acquah; Sayed Mohsin Reza; Alan Barrera; Karen Del Rio Guzman; Michael A. Johnson,2023,2023 IEEE Frontiers in Education Conference (FIE),10.1109/FIE58773.2023.10343283,https://ieeexplore.ieee.org/document/10343283/,adjacent-subtopic,"Personal health tracking devices and internet-based digital platforms with the capacity to collect, aggregate, and store data at massive scales are examples of tools that have broadened priorities in computing to include data science. In response, there has been growing attention in research and practice emphasizing pre-college groups. This is partly because of the growing recognition-reflected in initiatives like CS4ALL, Code.org, Bootstrap: Data Science, Exploring Computer Science-that learning experiences before college are consequential in sustaining a robust pipeline of computer scientists and engineers. Despite these inroads, there is justifiable concern that existing efforts might not fully support learner development in the necessary conceptual, epistemological, and heuristic styles needed to productively parse and understand “big data.” This is because computing-based curricula that include data science often involve data curated by others (rather than learners directly), which results in simulated versions of practice instead of engagement that is realistically discursive and messy. This is further complicated by the persistent shortage of K-12 computer science teachers in general and even fewer who can design and implement curricula that support authentic engagement with data science. To address these issues, we leverage culturally relevant and constructionist perspectives in a sandbox (i.e., open-ended) science where tools like Scratch and electronic textiles (E-textiles) have had success expanding possibilities in computing to also include activities where learners can engage broadly along varied pursuits-and encounter challenges that spur computational thinking and problem-solving. The literature suggests that learning activities framed in this way encourage knowledge construction, practice literacies, and seriously impact learner attitudes, interest, and perceptions of growth in the field. This latter set of self-concept measures represents a few of many related key predictors of long-term field participation and persistence. In this work-in-progress scholarship of discovery research, we co-develop, with youth and educators, “Coding Like a Data Miner” (CLDM)-a sandbox approach to computing-based data science wherein learners access a social media platform, Twitter, to mine, analyze, and understand quantitative and qualitative data sources. In this preliminary work, we assess affordances in co-developing a curriculum that leverages sandbox approaches to data science. Ultimately (and what will be presented in our final submission), we aim to study learning outcomes when high school students' access, analyze and make sense of “big data” sets of their own. We collaborated with high school teachers in a West Texas/Paso Del Norte region where computer science educators are exceptionally scarce and where there is an urgent and persistent need to support underrepresented learner access to burgeoning areas of computing. Using mixed-methodological approaches (e.g., quantitative analysis of learner pre- and post-survey responses along with qualitative assessments of semi-structured interview data), we address the following research questions: (1) What affordances exist using co-design approaches to develop sandbox data science for pre-college learners? (2) Which computational concepts do students learn when carrying out CLDM activities, (3) Which computational practices do high school students enact when mining, processing, and analyzing big data sets in CLDM? (4) How do learner knowledge and perceptions about data science shift after participating in CLDM? We use contemporary perspectives in computing education, constructionism, and equity to discuss how open-ended sandbox approaches to computing-based data science support learner computational thinking, practice literacies, and field perceptions.",ieee,llm,0.920,unreviewed,
discarded,Pedagogical Experience in AI Teaching for Technical High Schools: a Regional Approach From UNLP,Isabel Miyuki Kimura; Claudia Alejandra Queiruga; Francisco Javier Díaz,2025,"2025 IEEE CHILEAN Conference on Electrical, Electronics Engineering, Information and Communication Technologies (CHILECON)",10.1109/CHILECON66915.2025.11476467,https://ieeexplore.ieee.org/document/11476467/,adjacent-subtopic,"This article presents an experience of teaching Artificial Intelligence in the technological training of technical high school students specializing in “Professional and Personal Computing” and “Programming” in the province of Buenos Aires, Argentina, developed in a university extension project at the National University of La Plata. The conceptual framework of this work draws on the ideas and practices of the university extension programs of Argentina's national universities, the scientific and technological training provided in technical high education, and approaches to teaching computer science in schools, specifically the contributions of “computational thinking 2.0 ” and current revisions of its concepts and practices in relation to emerging technologies, including machine learning. Workshops were held that combined content on machine learning, deep learning, and ethical aspects, using accessible and free tools such as Google Teachable Machine and MIT App Inventor. Students built and trained supervised learning models that they integrated into mobile applications. The evaluation of the workshops showed that students recognize AI in everyday applications and demonstrate a high level of interest in practical activities, particularly those involving real data. The importance of producing contextualized data to enrich teaching and strengthen technical skills and crosscutting abilities such as creativity and critical thinking is highlighted. Initial results support the pedagogical relevance of integrating AI knowledge into technical high school from a local and regional perspective, promoting critical, ethical, and socially engaged literacy.",ieee,llm,0.760,unreviewed,
discarded,A systematic review on digital literacy,Hasan Tınmaz; Yoo -Taek LEE; Mina Fanea‐Ivanovici; Hasnan Baber,2022,Smart Learning Environments,10.1186/s40561-022-00204-y,https://openalex.org/W4281912517,off-topic-false-hit,"The purpose of this study is to discover the main themes and categories of the research studies regarding digital literacy. To serve this purpose, the databases of WoS/Clarivate Analytics, Proquest Central, Emerald Management Journals, Jstor Business College Collections and Scopus/Elsevier were searched with four keyword-combinations and final forty-three articles were included in the dataset. The researchers applied a systematic literature review method to the dataset. The preliminary findings demonstrated that there is a growing prevalence of digital literacy articles starting from the year 2013. The dominant research methodology of the reviewed articles is qualitative. The four major themes revealed from the qualitative content analysis are: digital literacy, digital competencies, digital skills and digital thinking. Under each theme, the categories and their frequencies are analysed. Recommendations for further research and for real life implementations are generated.",openalex,llm,0.990,unreviewed,
discarded,"Preschool children, robots, and computational thinking: A systematic review",Ewelina Bakała; Anaclara Gerosa; Juan Pablo Hourcade; Gonzalo Tejera,2021,International Journal of Child-Computer Interaction,10.1016/j.ijcci.2021.100337,https://openalex.org/W3167723192,adjacent-subtopic,,openalex,llm,0.710,unreviewed,
kept,Computational Thinking Through an Empirical Lens: A Systematic Review of Literature,Ndudi O. Ezeamuzie; Jessica Shuk Ching Leung,2021,Journal of Educational Computing Research,10.1177/07356331211033158,https://openalex.org/W3185393820,supports-claim,"This article provides an overview of the diverse ways in which computational thinking has been operationalised in the literature. Computational thinking has attracted much interest and debatably ranks in importance with the time-honoured literacy skills of reading, writing, and arithmetic. However, learning interventions in this subject have modelled computational thinking differently. We conducted a systematic review of 81 empirical studies to examine the nature, explicitness, and patterns of definitions of computational thinking. Data analysis revealed that most of the reviewed studies operationalised computational thinking as a composite of programming concepts and preferred definitions from assessment-based frameworks. On the other hand, a substantial number of the studies did not establish the meaning of computational thinking when theorising their interventions nor clearly distinguish between computational thinking and programming. Based on these findings, this article proposes a model of computational thinking that focuses on algorithmic solutions supported by programming concepts which advances the conceptual clarity between computational thinking and programming.",openalex,llm,0.990,unreviewed,
discarded,A Systematic Review of Studies on Educational Robotics,Saira Anwar; Nicholas Alexander Bascou; Muhsin Menekşe; Asefeh Kardgar,2019,Journal of Pre-College Engineering Education Research (J-PEER),10.7771/2157-9288.1223,https://openalex.org/W2959902542,adjacent-subtopic,"There has been a steady increase in the number of studies investigating educational robotics and its impact on academic and social skills of young learners. Educational robots are used both in and out of school environments to enhance K–12 students’ interest, engagement, and academic achievement in various fields of STEM education. Some prior studies show evidence for the general benefits of educational robotics as being effective in providing impactful learning experiences. However, there appears to be a need to determine the specific benefits which have been achieved through robotics implementation in K–12 formal and informal learning settings. In this study, we present a systematic review of the literature on K–12 educational robotics. Based on our review process with specific inclusion and exclusion criteria, and a repeatable method of systematic review, we found 147 studies published from the years 2000 to 2018. We classified these studies under five themes: (1) general effectiveness of educational robotics; (2) students’ learning and transfer skills; (3) creativity and motivation; (4) diversity and broadening participation; and (5) teachers’ professional development. The study outlines the research questions, presents the synthesis of literature, and discusses findings across themes. It also provides guidelines for educators, practitioners, and researchers in areas of educational robotics and STEM education, and presents dimensions of future research.",openalex,llm,0.990,unreviewed,
discarded,Artificial intelligence literacy in higher and adult education: A scoping literature review,Matthias Carl Laupichler; Alexandra Aster; Jana Schirch; Tobias Raupach,2022,Computers and Education Artificial Intelligence,10.1016/j.caeai.2022.100101,https://openalex.org/W4297093142,adjacent-subtopic,"Since artificial intelligence (AI) is finding its way into more and more areas of everyday life, improving the AI skills of non-experts is important and will become even more relevant in the future. While it is necessary that children learn about the possibilities of AI at an early age, adults in higher education and beyond should also have at least a basic understanding of AI (i.e., AI literacy) to be able to interact effectively with the technology. To evaluate the current state of the literature on AI literacy in higher and adult education, a scoping literature review was conducted with the objective of identifying thematic foci and recent research trends. Ten research databases were searched and out of 902 initial records, 30 studies were identified using predefined eligibility criteria, whereof the content was evaluated in the review. The results indicated that research in this area is still in its infancy and needs refinement in terms of how to define AI literacy in adult education as well as what content should be taught to non-experts. Lastly, several recommendations for research and practice are derived from the results.",openalex,llm,0.990,unreviewed,
discarded,The Impact of Coding Apps to Support Young Children in Computational Thinking and Computational Fluency. A Literature Review,Stamatis Papadakis,2021,Frontiers in Education,10.3389/feduc.2021.657895,https://openalex.org/W3169987478,adjacent-subtopic,"Data that shows that young children can learn and acquire Computational Thinking (CT) skills has led governments and policymakers internationally to integrate CT into the curriculum, starting in the earliest grades. Researchers support the idea that this introduction must not solely focus on a problem-solving process skill (CT) but instead provide children with new ways to express themselves, supporting their cognitive, language, and socio-emotional development (Computational Fluency-CF). Coupled with the media and government’s rhetoric and an increasing number of apps offering various programming lessons, puzzles, and challenges, educators have been responsible for introducing young children to CT and CF using touchscreen technology. This paper presents a literature review (N= 21) of empirical studies on applying four coding apps to support young children’s learning of CT and CF. The main conclusion is that all apps positively affect the development of children’s CT skills. None of the apps can ultimately support the development of CF, although ScratchJr, with a “sandbox” approach, can better help students express themselves.",openalex,llm,0.940,unreviewed,
discarded,Introductory programming: a systematic literature review,Andrew Luxton-Reilly; Simon; Ibrahim Albluwi; Brett A. Becker; Michail N. Giannakos; Amruth N. Kumar; Linda Ott; James H. Paterson; Michael Scott; Judy Sheard; Claudia Szabo,2018,,10.1145/3293881.3295779,https://openalex.org/W2910880405,adjacent-subtopic,"As computing becomes a mainstream discipline embedded in the school curriculum and acts as an enabler for an increasing range of academic disciplines in higher education, the literature on introductory programming is growing. Although there have been several reviews that focus on specific aspects of introductory programming, there has been no broad overview of the literature exploring recent trends across the breadth of introductory programming.",openalex,llm,0.980,unreviewed,
discarded,A Systematic Review of Computational Thinking Approach for Programming Education in Higher Education Institutions,Friday Joseph Agbo; Solomon Sunday Oyelere; Jarkko Suhonen; Sunday Eric Adewumi,2019,,10.1145/3364510.3364521,https://openalex.org/W2995714077,adjacent-subtopic,"This study examined how computational thinking (CT) has been used to teach problem-solving skills and programming education in the recent past. This study specifically (i) identified articles that discussed CT approach for programming education at higher education institutions (HEIs), (ii) classified the different CT approaches and tools employed for programming education at HEIs, (iii) synthesised and discussed results that are reported by relevant studies that utilized CT for teaching programming at HEIs. A systematic literature review methodology was adopted in this study. Out of 161 articles retrieved, 33 of them that met the inclusion criteria were reviewed. Our study revealed that the use of CT at HEIs for programming education began in 2010; many studies did not specify the context of use, but the use of CT is found to be gaining grounds in many contexts, especially the developed countries; course design approach was mostly employed by educators to introduce CT at HEIs for programming education. Furthermore, this study pointed out how CT approach can be explored for designing a smart learning environment to support students in learning computer programming.",openalex,llm,0.930,unreviewed,
discarded,Impacts of digital technologies on education and factors influencing schools' digital capacity and transformation: A literature review,Stella Timotheou; Ourania Miliou; Yannis Dimitriadis; Sara Villagrá‐Sobrino; Nikoleta Giannoutsou; Romina Cachia; Alejandra Martínez‐Monés; Andri Ioannou,2022,Education and Information Technologies,10.1007/s10639-022-11431-8,https://openalex.org/W4309777554,off-topic-false-hit,"Digital technologies have brought changes to the nature and scope of education and led education systems worldwide to adopt strategies and policies for ICT integration. The latter brought about issues regarding the quality of teaching and learning with ICTs, especially concerning the understanding, adaptation, and design of the education systems in accordance with current technological trends. These issues were emphasized during the recent COVID-19 pandemic that accelerated the use of digital technologies in education, generating questions regarding digitalization in schools. Specifically, many schools demonstrated a lack of experience and low digital capacity, which resulted in widening gaps, inequalities, and learning losses. Such results have engendered the need for schools to learn and build upon the experience to enhance their digital capacity and preparedness, increase their digitalization levels, and achieve a successful digital transformation. Given that the integration of digital technologies is a complex and continuous process that impacts different actors within the school ecosystem, there is a need to show how these impacts are interconnected and identify the factors that can encourage an effective and efficient change in the school environments. For this purpose, we conducted a non-systematic literature review. The results of the literature review were organized thematically based on the evidence presented about the impact of digital technology on education and the factors that affect the schools’ digital capacity and digital transformation. The findings suggest that ICT integration in schools impacts more than just students’ performance; it affects several other school-related aspects and stakeholders, too. Furthermore, various factors affect the impact of digital technologies on education. These factors are interconnected and play a vital role in the digital transformation process. The study results shed light on how ICTs can positively contribute to the digital transformation of schools and which factors should be considered for schools to achieve effective and efficient change.",openalex,llm,1.000,unreviewed,
discarded,A review of Project-Based Learning (PBL) and Computational Thinking (CT) in teaching and learning,Aslina Saad; Suhaila Zainudin,2022,Learning and Motivation,10.1016/j.lmot.2022.101802,https://openalex.org/W4220840682,adjacent-subtopic,"Project-Based Learning (PBL) and Computational Thinking (CT), a teaching strategy and a problem-solving method, respectively, have been widely used in teaching and learning because of their educational advantages for students and teachers. However, studies of their integration into the teaching and learning process have been scarce, resulting in a lack of guidance for educators to implement such an approach that apply constructivism learning theory. This study aims to systematically review and identify appropriate frameworks, models, techniques and tools that could guide the successful implementation of PBL-CT. This study examined relevant articles published from 2017 to 2021 to highlight the gaps in the PBL-CT execution and map their backgrounds into a coherent taxonomy that could help guide the directions of future studies. As revealed, none of such articles explicitly explain any suitable PBL-CT frameworks or models. The study identified several common elements for the PBL-CT framework formulation, indicating scaffolding and inquiry are the most commonly applied techniques, with visual tools dominating the PBL-CT implementation. Most articles involved computing, followed by STEM, with a few originating from non-STEM fields. Several important implications could help educators develop an effective PBL-CT course design and provide some guidelines for future research. An effective PBL-CT integration enhances teaching and learning besides improving students' computational thinking skills. Thinking skills are critical 21st-century skills needed for students' success.",openalex,llm,0.940,unreviewed,
