status,title,authors,year,venue,doi,url,tags,abstract,provider,decision_source,llm_confidence,llm_review_outcome,llm_change_direction
discarded,Instilling Computational Thinking in Undergraduate Students Across Multiple Disciplines through an Adaptive Gamified e-Learning Platform,Andrew Keong Ng; Indriyati Atmosukarto; Julia Kwok Lee Teo; Ashraaf Bin Amran,2023,"2023 IEEE International Conference on Teaching, Assessment and Learning for Engineering (TALE)",10.1109/TALE56641.2023.10398325,https://ieeexplore.ieee.org/document/10398325/,adjacent-subtopic,"This full paper presents the instillation of computational thinking (CT) in undergraduate students across multiple disciplines through an adaptive gamified e-learning platform. In today’s fast-paced digital age, possessing CT abilities is essential for effective critical thinking and problem-solving across various fields. To cultivate CT proficiency in students from diverse disciplines, we designed an innovative adaptive gamified e-learning platform called Computational Thinking Quest (CTQ). The eight key features of CTQ are (1) interactive storyline with customizable avatars, mini-games, and questions; (2) performance profiler; (3) comprehensive question bank with questions at three difficulty levels; (4) feedback and answer to each question; (5) additional learning resources via hyperlinks; (6) badges and leaderboard; (7) progress saving feature; and (8) integrated online feedback survey. The CTQ was introduced to recently enrolled first-year undergraduate students across all five discipline clusters at Singapore Institute of Technology. The learning performance and feedback of 135 students were gathered and examined. The student population comprised 33 Business, Communication and Design (BCD); 48 Health and Social Science (HSS); and 54 Infocomm Technology (ICT) undergraduates. Statistical results from the paired Student’s t-test reveal significant differences (p < 0.05) (i) between the pre-test and post-test scores for HSS, ICT, and all students combined; (ii) between the pre-test duration and post-test duration for all three clusters and all students combined; (iii) between the self-assessed knowledge score before CTQ and after completing CTQ for all three clusters and all students combined. Moreover, majority of the students commented that the CTQ generates interest in CT, is an engaging learning platform with enriching educational content, and has motivated their independent learning. Lastly, CTQ functions as an online preparatory course aimed at reducing the diversity in academic backgrounds and varying levels of prior knowledge of computer programming languages among students. This will help smoothly transition students into programming-relevant modules, and ultimately enhance the effectiveness of teaching and learning.",ieee,llm,0.940,unreviewed,
discarded,Can computational thinking predict academic performance?,Rami J. Haddad; Youakim Kalaani,2015,2015 IEEE Integrated STEM Education Conference,10.1109/ISECon.2015.7119929,https://ieeexplore.ieee.org/document/7119929/,adjacent-subtopic,"This paper introduces the notion of predicting academic performance based on Computational Thinking. The integral role that Computational Thinking modalities play in engineering disciplines can serve as an accurate indicator of the student future academic success. Therefore, this study investigated the students' performance in a Computational Thinking course offered at the freshman level to predict student academic success. To achieve this goal, a two-year study of the correlation between the students' accumulative grade point averages and their grades obtained in this course was conducted. The performance of nine hundred and eighty two students in forty sections was assessed over the two-year period. It was concluded that the students' future academic performance is strongly correlated to their Computational Thinking skills assessed at the freshman level. This clearly suggests the viability of using Computational Thinking skills as a fairly accurate predictor of students' academic success. These results have also implied that the assessment of Computational Thinking can be used as an early intervention tool to improve the students' retention, progression, and graduation rates in STEM related disciplines.",ieee,llm,0.960,unreviewed,
discarded,Problock: A tool for computational thinking development using problem-based learning,Juan Felipe Calderón; Javier Ebers,2017,2017 36th International Conference of the Chilean Computer Science Society (SCCC),10.1109/SCCC.2017.8405132,https://ieeexplore.ieee.org/document/8405132/,adjacent-subtopic,"While in the workplace are highly demanded work-related awareness of computing and information technology, this discipline does not have sufficient and accurate dissemination, especially in schools. New technologies have positioned more as a communication tool than as a means for building innovative products. On the other hand, it has missed the application of own abilities in the area, such as the development of logical reasoning, algorithmic thinking and problem solving, both the school curriculum as well as in instances of informal learning of students. In literature and on the web, there are tools that are accessible by both self-study students to be used as a complement to other activities. However, these tools seek the development of computational thinking itself, and not within a broader framework, which allows to present the computer science as an area of professional development, for example, inserted in a context where should solve problems requiring support programming and algorithms. Problock is proposed as a tool to (1) develop computational thinking, in a context of learning based on addiction problems, (2) disseminate and motivate students for future professional development in higher education in computer science and disciplines related. In this paper, the results of the construction of the tool are presented and the work in progress in a Chilean school.",ieee,llm,0.830,unreviewed,
discarded,"Computational Thinking, Code Complexity, and Prior Experience in a Videogame-Building Assignment",Patricia Boechler; Corbett Artym; Erik Dejong; Mike Carbonaro; Eleni Stroulia,2014,2014 IEEE 14th International Conference on Advanced Learning Technologies,10.1109/ICALT.2014.118,https://ieeexplore.ieee.org/document/6901492/,adjacent-subtopic,"Computational-thinking skills are an essential intellectual amplifier for all scientific and professional disciplines. Embedding these skills in the K-12 and University curricula is necessary for training the next generation of thinkers. A widely adopted approach to doing so is through simple and visual programming languages like Scratch and engaging assignments like video-game construction. In this work, we report on an empirical study we conducted with senior undergraduate education students aiming to understand how prior experience enables students to better develop their computation-thinking skills through a Scratch-based video-game assignment.",ieee,llm,0.940,unreviewed,
discarded,Fostering computational thinking skills with a tangible blocks programming environment,Tommaso Turchi; Alessio Malizia,2016,2016 IEEE Symposium on Visual Languages and Human-Centric Computing (VL/HCC),10.1109/VLHCC.2016.7739692,https://ieeexplore.ieee.org/document/7739692/,adjacent-subtopic,"Computational Thinking has recently returned into the limelight as an essential skill to have for both the general public and disciplines outside Computer Science. It encapsulates those thinking skills integral to solving complex problems using a computer, thus widely applicable in our technological society. Several public initiatives such as the Hour of Code successfully introduced it to millions of people of different ages and backgrounds, mostly using Blocks Programming Environments like Scratch that lower the barriers of programming and facilitate learning. In this paper we present our arguments for fostering Computational Thinking skills using a Blocks Programming Environment augmented with a Tangible User Interface, namely by exploiting objects whose interactions with the physical environment are mapped to digital actions performed on the system. Our demonstration includes a working prototype implementing our Tangible Blocks Programming Environment called TAPAS.",ieee,llm,0.930,unreviewed,
kept,Professional Development in Computational Thinking for teachers in Colombia,Alejandro Espinal; Camilo Vieira; Alejandra J. Magana,2021,2021 IEEE Frontiers in Education Conference (FIE),10.1109/FIE49875.2021.9637310,https://ieeexplore.ieee.org/document/9637310/,CT-facets-concepts-vs-practices; supports-claim,"This Research to practice work in progress paper explores teachers' experiences about a professional development program focused on discipline-based computational thinking (CT). The goal of the program is to integrate computational practices into disciplinary learning environments at the K-12 level in Colombia. To promote this integration and to explore teachers' conceptions and possible scenarios to integrate CT in this context, the research team designed, implemented, and assessed a 20-hour professional development program with 21 teachers from public middle and high schools in Antioquia, Colombia. The program introduced the concepts and practices of CT and discussed why these are relevant for students to learn. A use-modify-create instructional sequence was used as the pedagogical approach to scaffold participants' learning process. At the end of the workshop, the teachers completed a survey regarding their experience in the program. Preliminary results indicate that the participating teachers increased their knowledge and interest to integrate computational thinking practices into their disciplinary learning environments.",ieee,llm,0.740,unreviewed,
discarded,Create Coding Challenges and Activities that Foster the Development of Computational Thinking,Sakshi Gojaria; Vedika Kolambkar; Aditi Pandey; Pratibha Sajwan,2025,2025 International Conference on Next Generation Communication & Information Processing (INCIP),10.1109/INCIP64058.2025.11019799,https://ieeexplore.ieee.org/document/11019799/,adjacent-subtopic,"This compilation introduces a series of coding challenges and activities strategically crafted to nurture computational thinking skills across different proficiency levels. These exercises accommodate both individual and collaborative learning preferences targeting essential elements like problem-solving, algorithmic design, pattern recognition abstraction, and logical reasoning. These coding challenges are for everyone, from beginners to advanced learners, and can be used with different programming languages. They help build skills starting from basic problem-solving to more complex tasks like breaking down advanced problems. These challenges specifically draw inspiration from practical domains like data science, artificial intelligence, and software engineering which encourages learners to explore and understand the practical connections between theoretical concepts and real-world applications which gives a thorough grasp of computational thinking in action.",ieee,llm,0.900,unreviewed,
discarded,Exploration of ability development of engineering and computational thinking skills in software engineering majors,Zhenrong Deng; Wenming Huang; Rongsheng Dong; Peizhi Wen,2009,2009 4th International Conference on Computer Science & Education,10.1109/ICCSE.2009.5228288,https://ieeexplore.ieee.org/document/5228288/,adjacent-subtopic,"Software talents should have the engineering ability, a common sense in IT industry, which is characterized by the fact that design plays a very important role in software engineering. Basis on the enhancement of computational thinking, the reform ideas of the development of the student's engineering ability are introduced. The detailed approaches include: 1) Extraction of fundamental discipline concept of engineering ability development; 2) Problem solving-centered organization of courses of software development tools; 3) Initiate the courses of software engineering as soon as possible; 4) Continual training of abstract logical thinking for the purpose of software abstract thinking.",ieee,llm,0.880,unreviewed,
kept,Computational thinking tools,Alexander Repenning; Ashok Basawapatna; Nora Escherle,2016,2016 IEEE Symposium on Visual Languages and Human-Centric Computing (VL/HCC),10.1109/VLHCC.2016.7739688,https://ieeexplore.ieee.org/document/7739688/,CT-definition; CT-facets-concepts-vs-practices; qualifies-claim,"Computational Thinking is an essential skill for all students in the 21st Century. A fundamental question is how can we create computer affordances to empower novice teachers and students, in a variety of STEM and art disciplines, to think computationally while avoiding difficult overhead emerging from traditional coding? Over the last 20 years we have iteratively developed tools that aim to support computational thinking. As these tools evolved a philosophy emerged to support Computational Thinking by joining human abilities with computer affordances. Chief among these findings is that supporting Computational Thinking is much more than making coding accessible. Computational Thinking Tools aim to minimize coding overhead by supporting users through three fundamental stages of the Computational Thinking development cycle: problem formulation, solution expression, and solution execution/evaluation.",ieee,llm,0.820,unreviewed,
discarded,Scratching Out Problems: Exploring the Use of Computational Thinking for Social Work in Rural India,Parameswari Anitha; Sooraj K. Babu; Unnikrishnan R.; Rao R. Bhavani,2018,2018 IEEE Tenth International Conference on Technology for Education (T4E),10.1109/T4E.2018.00011,https://ieeexplore.ieee.org/document/8590099/,adjacent-subtopic,"Technologies for development have great potential in accelerating the socio-economic progress of disadvantaged communities. But these technologies are usually developed by people removed from the daily realities of fieldwork. This paper explores the need and the possibilities of educating rural populations and social workers on the use of technology to create their own digital artifacts. We discuss two workshops, one for villagers in the state of Telangana and the second one for graduate students of a university social work department exploring the use of MIT's Scratch software as a tool for assisting in social interventions. We also discuss the results of an acceptability study among the social work students to gauge the potential for such a tool to be used in the field.",ieee,llm,0.940,unreviewed,
discarded,A Free-Choice Social Learning Network for Computational Thinking,Hasan Jamil,2018,2018 IEEE 18th International Conference on Advanced Learning Technologies (ICALT),10.1109/ICALT.2018.00023,https://ieeexplore.ieee.org/document/8433456/,adjacent-subtopic,"The need to attract learners and improve retention in computational thinking classes has never been greater than presently. Alarmingly, research suggests that the relative popularity of computer science in K-12 and colleges is not increasing while other STEM subjects are witnessing substantial rise in enrollment. Moreover, more than one third of those who choose computer science, drop out or fail the first programming class dashing hopes of building a computationally savvy workforce for the emerging global economy. In this paper, we introduce a novel social networking system, called OpenSchool, for learners and educators alike, which is able to double as a contemporary social networking system along the lines of Facebook for instance, and serve the special needs of free-choice STEM learners, computer science learners in particular. We discuss its salient features, highlight its advantages, collaborating capabilities, and learning support for STEM, especially computational thinking, learners.",ieee,llm,0.950,unreviewed,
kept,Impact of Computational Thinking in Engineering and K12 Education,Deepak Singh Rana; Sushil Chandra Dimri; Preeti Malik; Shiv Ashish Dhondiyal,2022,2022 4th International Conference on Inventive Research in Computing Applications (ICIRCA),10.1109/ICIRCA54612.2022.9985593,https://ieeexplore.ieee.org/document/9985593/,CT-definition; supports-claim,"Computational thinking (CT) concept is a problem-solving approach that includes logical ordering, analyzing data and preparing solutions with the help of different visualization tools like flowcharts, graphs, pie charts etc. CT is not just used by computer programmer, but it can also be used by students and teachers in any classroom so that teaching learning process becomes successful. CT is an important element for the expansion of computer software, along with providing the huge support to problem solving skills across all disciplines of education like engineering, science, humanities and K12 education. It gives a logical idea to the students to solve a problem systematically using algorithm development, flowchart design and programming and problem-solving skills. CT increases the confidence among students in dealing with complexity of difficult problems, the capacity to handle complex issues and collaborate with others to find a shared purpose or solution. In this research paper, authors discuss the impact of CT among the students of different specialization of engineering and K12 by using different problem-solving techniques and strategies such as modeling, making sub goals, pruning and searching so that students will be able to think differently towards new problems.",ieee,llm,0.720,unreviewed,
discarded,Teaching computational thinking to entry-level undergraduate engineering students at Amrita University,C. K. Shyamala; C. Shunmuga Velayutham; Latha Parameswaran,2017,2017 IEEE Global Engineering Education Conference (EDUCON),10.1109/EDUCON.2017.7943084,https://ieeexplore.ieee.org/document/7943084/,adjacent-subtopic,"This paper is about various aspects of the Computational Thinking and Problem Solving course offered to entry-level undergraduate engineering students across 7 engineering disciplines at Amrita University, India. The various aspects include the motivations for offering the course, aims and objectives of the course, course design as well as the delivery and assessment of the course. The paper also shares the experience of conducting the course to a very large number of students and the lessons learnt during the process.",ieee,llm,0.930,unreviewed,
discarded,T{h}inker for Engaging Learning Experience in Computational Thinking and Programming,V. Anantha Narayanan; C. K. Shyamala; C. Shunmuga Velayutham,2019,2019 IEEE Global Engineering Education Conference (EDUCON),10.1109/EDUCON.2019.8725034,https://ieeexplore.ieee.org/document/8725034/,adjacent-subtopic,"This paper aims to study the potential of T{h}inker, a custom designed physical computing toolkit, to engage and enable students from diverse background to focus on the design, problem solving and programming aspects in a fun and creative way. 877 first year undergraduate students from 7 engineering disciplines took a 2 hour laboratory session with T{h}inker and at the end participated in a 5-point Likert scale survey. The survey results showed that T{h}inker provides an engaging way to learn computational thinking and programming; has the potential to offer a variety of project opportunities; is easier to tinker with and (upon little practice) can provide appropriate difficulty level for entry-level undergraduate students while implementing the project ideas. This engaging potential of T{h}inker can be attributed primarily to the exploratory design and problem solving style it promoted in the laboratory against few predefined ways of problem solving expected in typical programming laboratory sessions.",ieee,llm,0.940,unreviewed,
discarded,Development and assessment of computational thinking: A methodological proposal and a support tool,Alexis Daniel Fuentes Pérez; Gara Miranda Valladares,2018,2018 IEEE Global Engineering Education Conference (EDUCON),10.1109/EDUCON.2018.8363311,https://ieeexplore.ieee.org/document/8363311/,adjacent-subtopic,"The objective of this work is focused on the definition of a methodology for the development of computational thinking and the subsequent measurement of the development obtained in the students. The methodological proposal includes specific tasks or activities to develop computational thinking as well as tests that allow analyzing the extent to which computational thinking or skills related to problem solving have been developed in a scientific, specific, or even general or of practical application in situations of daily life. Once the methodological framework was defined, we proceeded to develop a computer tool that provides global support for the implementation of this methodology. The implemented platform has a simple and intuitive design that allows an easy use of it since it is aimed at pre-university students and teachers who necessarily do not have advanced knowledge of Computer Science. Finally, the platform automatically provides progress reports and course development, including statistical data by age or gender, among others.",ieee,llm,0.900,unreviewed,
