status,title,authors,year,venue,doi,url,tags,abstract,provider,decision_source,llm_confidence,llm_review_outcome,llm_change_direction
discarded,The Teaching-Learning-Lab - Digital Literacy and Computational Thinking for Everyone.,Heike Demarle-Meusel; Barbara Sabitzer; Julia Sylle,2017,CSEDU,10.5220/0006367001660170,https://dblp.org/rec/conf/csedu/Demarle-MeuselS17,adjacent-subtopic,"As advancement of the already successful Informatics Lab in 2016 a Teaching-Learning-Lab (TLL) was implemented with the main aim of supporting all teacher education departments of our university to teach and practice digital literacy and computational thinking as “fundamental skill for everyone” (Wing, 2006) in different ways. Our support is based on three pillars: equipment, know-how and research. Scientists, (future) teachers and students can use the rooms (creative, experimental and observation lab), the technical equipment and instructional technology for planning, designing, holding and/or observing and analyzing teaching units. We offer workshops for digital literacy and computational thinking in and for different subjects. Our main research focuses on the connection of computational thinking to other disciplines and its impact on problem solving and text comprehension. Furthermore, the Teaching-Learning-Lab offers research possibilities for scientists and students in different areas concerning teaching and learning. We enhance cooperation between schools and university and give support in finding research questions for master or PhD-theses in didactics, conducting teaching experiments. The paper describes challenges and opportunities of the Teaching-Learning-Lab in fostering the digital literacy competences and computational thinking of",dblp,llm,0.870,unreviewed,
discarded,How Computers Work: Computational Thinking for Everyone,Rex L. Page; Ruben Gamboa,2012,TFPIE,10.4204/EPTCS.106.1,https://dblp.org/rec/journals/corr/abs-1301-5074,adjacent-subtopic,"What would you teach if you had only one course to help students grasp the essence of computation and perhaps inspire a few of them to make computing a subject of further study? Assume they have the standard college prep background. This would include basic algebra, but not necessarily more advanced mathematics. They would have written a few term papers, but would not have written computer programs. They could surf and twitter, but could not exclusive-or and nand. What about computers would interest them or help them place their experience in context? This paper provides one possible answer to this question by discussing a course that has completed its second iteration. Grounded in classical logic, elucidated in digital circuits and computer software, it expands into areas such as CPU components and massive databases. The course has succeeded in garnering the enthusiastic attention of students with a broad range of interests, exercising their problem solving skills, and introducing them to computational thinking.",dblp,llm,0.840,unreviewed,
kept,Towards a conceptualization of computational thinking as situated,"Dohn, Nina Bonderup",2026,JOURNAL OF PHILOSOPHY OF EDUCATION,10.1093/jopedu/qhaf065,https://www.webofscience.com/wos/woscc/full-record/WOS:001780650300004,qualifies-claim,"Computational thinking (CT) is currently being introduced into non-computer science disciplines at all educational levels. Many who have written on or implemented CT in educational contexts claim that CT is a universally applicable set of general problem-solving skills. I challenge this claim by discussing how CT is used in practice within everyday contexts and in learning within different disciplines. I propose an alternative conceptualization of CT as being socially and disciplinarily situated and transforming across these contexts. I discuss the significance of a situated conceptualization of CT for educational and research practices, highlighting through example cases the risks that choosing an inadequate conceptualization of CT has for disciplinary learning. These risks include concentrating student learning time on neither meeting discipline-specific learning objectives nor on developing computer science skills, but on an artificial intermediary. Key questions for future research are identified, centring around the realization of CT in different disciplinary settings, its transformation across contexts, and how to develop and test assessment formats that take CT's situated nature into account.",wos,llm,0.980,unreviewed,
discarded,Manifestations of computational thinking practices on preservice mathematics teachers' pen-and-paper problem-solving,"Mahlaba, Sfiso C.",2025,PYTHAGORAS,10.4102/pythagoras.v46i1.855,https://www.webofscience.com/wos/woscc/full-record/WOS:001638335600001,adjacent-subtopic,"The development of computational thinking has been declared a necessity for everyone in the current digital era. Most studies dedicated to the development of computational thinking have focused on using plugged activities. However, in developing countries like South Africa, most schools struggle with resource provision which can inhibit the integration of computational thinking in all learners. This article considers an alternative approach to computational thinking in mathematics education using pen-and-paper problem-solving. Through the adoption of exploratory qualitative research with a purposeful sample of five preservice teachers, the manifestation of computational thinking in pen-and-paper problem-solving is explored. Adopting the combination of the metacognitive framework and Schoenfeld's framework for problem-solving, this study explains from the perspectives of preservice teachers how computational thinking practices manifest in pen-and-paper problem-solving. The thematic analysis conducted in this study revealed that computational thinking practices such as abstraction, decomposition and algorithmic thinking, and evaluation were observed in preservice teachers' pen-and-paper problem-solving. Two interesting findings emerged from this study: (1) there was no discernible difference between decomposition and algorithmic thinking in preservice teachers' pen-and-paper problem-solving, and (2) there was no clear evidence of pattern recognition as an important computational thinking practice in preservice teachers' pen-and-paper problem-solving. Contribution: The first finding indicates that during pen-and-paper problem-solving, it might be difficult to differentiate between decomposition and algorithmic thinking. The second finding indicates that more studies need to be conducted, directed towards how pattern recognition manifest in pen-and-paper problem-solving. Conclusions and recommendations are made for this study.",wos,llm,0.820,unreviewed,
discarded,A new paradigm for space education,"Weizman, Ayelet",2025,SPACE POLICY,10.1016/j.spacepol.2025.101708,https://www.webofscience.com/wos/woscc/full-record/WOS:001633383000001,off-topic-false-hit,"The ""New Space"" era broadens the scope of Space Education beyond its traditional focus on Astronomy. In this new era, Space Education involves more aspects than Astronomy and even STEM. Space may serve as a context for cultivating 21st-century skills across disciplines, such as problem-solving skills, and for developing interpersonal skills such as resilience and coping with uncertainty. Moreover, the new narrative of space education should emphasize the interconnectedness of space with our daily lives and the possibility that everyone has to be a part of it. This new emphasis is relevant to education at all age levels, but is especially important in the context of teacher training. While the ideas of interdisciplinary connections and focus on skills have been previously suggested in K-12 contexts (e.g. Rosu& Ceobanu, 2023), this commentary proposes a paradigm shift in Space Education for teachers-transitioning from focus on Astronomy to an interdisciplinary approach that integrates space-related topics with digital and technological literacy, particularly Computational Thinking. By adopting this new paradigm, Space Education can serve as a contextual framework for teacher Educational-Technology studies, and, as a result, influence the students of these teachers to develop essential 21st-century skills required to address future global challenges. The paper advocates interdisciplinary learning centered around real-world space applications and global issues, while simultaneously building digital competencies. Insights from a case study are provided to illustrate practical strategies for bridging this paradigm shift within teacher education programs.",wos,llm,0.960,unreviewed,
discarded,Exploring the Interplay Between Learning Programming and Probability Simultaneously: A Case Study of a 9th-Grade Student,"Nordvoll, Sindre Mathias Stromnes; Runde, Ragnhild Kobro; Cutts, Quintin; Sjoberg, Dag I. K.",2025,"PROCEEDINGS OF THE ACM CONFERENCE ON INTERNATIONAL COMPUTING EDUCATION RESEARCH V. 1, ICER 2025",10.1145/3702652.3744202,https://www.webofscience.com/wos/woscc/full-record/WOS:001593084100020,adjacent-subtopic,"Background and Context. In many countries, K-12 curricula include programming within existing STEM subjects, in particular mathematics, based on explicit arguments that everyone should learn some programming and that programming may improve students' mathematical understanding, and implicitly acknowledging the lack of specialized computing teachers and timetable slots. While much research in this area has focused on programming in the context of geometry, an ongoing shift in probability education from classical calculations to simulation-based approaches makes combined programming and probability learning an important area to explore.

Objectives. We aim to identify behavioral patterns exhibited by students working on integrated programming and probability tasks and to assess how these patterns support/hinder students in learning programming and probability simultaneously.

Method. This paper reports on an in-depth case study of a single ninth-grade student taking part in a two -month intervention where introductory Python programming and basic probabilistic reasoning were taught simultaneously and guided by a revised PRIMM framework. The relevant data material consists of video/screen recordings and observations of and discussions with the student during lessons and was analysed using Schulte's Structure-Function based Block Model in the context of fine-grained microgenetic analysis.

Findings. The analysis revealed three recurring behaviors: (1) Informed Cycle of Adjustments, a cycle of iterative code modifications, which could lead to programming constructs being reinforced through immediate feedback at the expense of superficial engagement with probability concepts, but could also lead to strong conceptual connections between programming and probability; (2) Running Program Fallacy, where a functioning program is taken as a sign that the code is correct, potentially masking underlying errors in the probabilistic reasoning, and hence obstructing probabilistic learning; and (3) Domain -Guided Program Comprehension, where probabilistic understanding is used to understand the program logic and behavior, resulting in an increased capacity to interpret and debug programs effectively.

Implications. Our findings suggest that it is difficult for students to learn programming and probability from scratch at the same time and that it might be more efficient if students first learn basic programming before moving on to combining (possibly more advanced) programming when learning probability. Combining programming and probability could be advantageous for the latter in that it encourages active engagement and immediate feedback through simulations, although overall, additional scaffolding may be required to help students achieve the intended learning outcomes in both domains.",wos,llm,0.900,unreviewed,
discarded,An Equitable Early Childhood Learning Platform for Designing a Range of Tangible and Embodied Learning Experiences with a Tangible Coding Game Prototype,"Bible, Paul W.; Saha, Pushpita; Furber, Matthew",2025,"HCI INTERNATIONAL 2025 POSTERS, HCII 2025, PT III",10.1007/978-3-031-94156-6_5,https://www.webofscience.com/wos/woscc/full-record/WOS:001554109000005,adjacent-subtopic,"Games and toys that introduce coding have become popular for teaching computational thinking to children. In this paper, we present an affordable platform for the development of educational experiences for children utilizing a tangible user interface. This novel system was conceived by a computer scientist and a digital media and design expert. Although engaging technology is often expensive, software platforms that target low-cost computers can promote equity by broadening access to engaging learning experiences. Our system utilizes computer vision algorithms to detect printed visual markers and requires only a computer, a camera, and paper. The system is optimized for low-cost computers and easily runs on the Raspberry Pi 4. A card-based coding game is presented as a prototype application. We evaluate the coding game in the context of an embodied learning design framework developed by Meltzer and Isbister, and present the results of a pilot study on user preferences for a vertical versus horizontal command card layout within the coding game. The coding game is analyzed in the context of the design framework as well as several other prospective learning games. These proposed applications provide insight into the creative application of the system's capabilities and showcase its potential to target a broad range of the framework's design space.",wos,llm,0.900,unreviewed,
discarded,A Model for Computational Thinking Development in GeoGebra with the Support of ChatGPT,"Yunianto, Wahid; Galic, Selen; Lavicza, Zsolt; Urhan, Selin",2025,COMPUTERS IN THE SCHOOLS,10.1080/07380569.2025.2544062,https://www.webofscience.com/wos/woscc/full-record/WOS:001552224900001,adjacent-subtopic,"Computational thinking (CT) has been perceived as an essential skill for everyone. Several countries and institutions have attempted to concretize CT in the schools' curricula. This paper presents the integration of CT into mathematics (Math + CT) lessons utilizing specific mathematics software, GeoGebra. Through the educational design research (EDR), we innovated our Math + CT lessons by integrating ChatGPT to generate GeoGebra commands. Five adults and 16 junior high school students participated in this study. We collected the data from participants' ChatGPT prompts and screen video recordings. The data were mainly analyzed through a content analysis method. The findings revealed that ChatGPT has limitations in generating GeoGebra commands but provided opportunities to develop students' CT skills. We also propose a model to inform educators and researchers about ChatGPT's strengths and weaknesses in supporting students' CT skills in GeoGebra, and to guide curriculum developers on integrating AI literacy and CT into mathematics curricula.",wos,llm,0.840,unreviewed,
discarded,Improving Teaching Standards in Computer Science Basics for Non-IT First-Year Students,"Mironova, Olga; Kormiltsyn, Aleksandr",2025,"FUTUREPROOFING ENGINEERING EDUCATION FOR GLOBAL RESPONSIBILITY, ICL2024, VOL 2",10.1007/978-3-031-85649-5_27,https://www.webofscience.com/wos/woscc/full-record/WOS:001485238700027,adjacent-subtopic,"Today, computer technologies are becoming more accessible to everyone. Even at a young age, people are confronted with information technologies (IT) in their daily lives. Therefore, computer science is becoming increasingly important, and its study is becoming more and more necessary. At Tallinn University of Technology (TalTech), the Study Centre for IT Foundations focuses on teaching IT fundamentals to first-year non-IT students from Estonia and abroad. Current computer science teaching standards focus on developing the fundamental computational thinking and knowledge necessary for success in the digital age. At the same time, there are several private initiatives, such as IT bootcamps, online courses, hackathons, and programming competitions, as well as various technical communities where people can expand their IT skills. However, such standards are not adapted in all countries and are often adapted to the level of IT knowledge and needs of the country. In addition, private initiatives often focus only on the practical part without providing the details of the academic foundation. In TalTech students join the IT Foundations course from all over the world that complicates the usage of some specific teaching standard in computer science education. In this paper, authors provide flexible student-oriented approach based on the analysis of first-year non-IT students entry knowledge level calculated with preliminary quizzes for constant improvement of the TalTech teaching standard in computer science field. This approach enables agile changes in course while following the latest needs and standards in the IT industry.",wos,llm,0.900,unreviewed,
discarded,Review on the Use of Augmented Reality Technology on Computational Thinking Education,"Kim, Jung-Soon; Choi, YoungMi; Kim, Sung-Hee",2025,"XR AND METAVERSE, XR-METAVERSE CONFERENCE 2024",10.1007/978-3-031-77975-6_5,https://www.webofscience.com/wos/woscc/full-record/WOS:001478291800005,adjacent-subtopic,"Augmented Reality (AR) in educational environments enables students to interact with the real world in a natural manner. Numerous studies have reported that AR can enhance students' learning motivation and commitment, foster problem-solving and inquiry skills, stimulate learning interest and enthusiasm, and significantly boost students' creativity. Meanwhile, Computational Thinking refers to the thought processes involved in planning, organizing, researching, interpreting, abstracting, decomposing, automating, simulating, and solving problems, as required by computer scientists when carrying out projects. It involves thinking about potential problems and utilizing the basics of computer science, which everyone should possess, to find solutions beyond just programming skills. Many papers have been published on Computational Thinking and STEM related to AR. This paper collects, classifies, and summarizes research on AR-based Computational Thinking and STEM education from 2018 to 2023 over the past five years. It measures learning and approaches using AR in each study, introduces the hardware, software, and interface methods used to create AR, and summarizes the various metrics used to evaluate these projects. We hope this paper serves as a valuable guide for conducting research related to AR and Computational Thinking.",wos,llm,0.880,unreviewed,
discarded,Designing Courses for Liberal Arts and Sciences Students Contextualized around Creative Expression and Social Justice,"Guzdial, Mark; Nelson-Fromm, Tamara",2025,"PROCEEDINGS OF THE 56TH ACM TECHNICAL SYMPOSIUM ON COMPUTER SCIENCE EDUCATION, SIGCSE TS 2025, VOL 1",10.1145/3641554.3701896,https://www.webofscience.com/wos/woscc/full-record/WOS:001443080400063,adjacent-subtopic,"The goal of teaching everyone computing (explicitly including programming) predates the definition of the computer science (CS) major and even the prospect of a software development career. At the University of Michigan, we are creating courses for non-CS majors which are grounded in the computational practices of liberal arts and sciences faculty. These courses have no connection to the CS major curriculum or software development jobs. We focus here on two of the themes that those faculty valued (Computing for Expression and Computing for Justice) and the introductory courses that we designed around each theme. The courses emphasize gaining broad perspectives of computing, which serve the study of multiple disciplines. Student activities include readings, writing essays, classroom discussion, and open-ended programming homework assignments. This experience report describes our design process, the Creative Expression and Social Justice courses, and an initial evaluation of our design. Most of the programming assignments were written in the block-based programming language Snap!, with some in-class exercises using teaspoon languages. Several units ended with an ebook assignment to connect the Snap! programming to equivalent programs in Python, Processing, and SQL. Interview and survey findings suggest that students found this sequence and the courses useful, despite not counting toward a CS major or focusing on early software development skills. Students described usefulness in terms of developing general computing knowledge, preparation for a range of future careers, and introducing them to other course choices.",wos,llm,0.860,unreviewed,
discarded,Does Any AI-Based Activity Contribute to Develop AI Conception? A Case Study with Italian Fifth and Sixth Grade Classes,"Baldoni, Matteo; Baroglio, Cristina; Bucciarelli, Monica; Capecchi, Sara; Gandolfi, Elena; Gena, Cristina; Iani, Francesco; Marengo, Elisa; Micalizio, Roberto; Rapp, Amon; Ras, Ivan Nabil",2024,"THIRTY-EIGTH AAAI CONFERENCE ON ARTIFICIAL INTELLIGENCE, VOL 38 NO 21",,https://www.webofscience.com/wos/woscc/full-record/WOS:001239989100046,adjacent-subtopic,"Artificial Intelligence is undoubtedly becoming pervasive in everyday life of everyone. In this setting, developing correct AI conception since childhood is not only a need to be addressed in educational curricula, but is also a children right.

