status,title,authors,year,venue,doi,url,tags,abstract,provider,decision_source,llm_confidence,llm_review_outcome,llm_change_direction
kept,Exploring the Definition of Computational Thinking in Research and the Classroom.,Tony Lowe; Sean P. Brophy; Monica Cardella,2019,SIGCSE,10.1145/3287324.3293842,https://dblp.org/rec/conf/sigcse/LoweBC20,qualifies-claim,"Our research group has studied how Kindergarteners through second graders can be introduced to the ideas of Computational Thinking (CT) through engineer design, unplugged, and programming activities. We often found it difficult to explain the boundaries and clear definitions for CT in research, to students and their teachers. Literature provides a variety of definitions from various perspectives, but these definitions often seem like capturing smoke. We see evidence CT, indicating fire, but how hot or lasting it burns cannot be measured by smoke alone. CT is typically defined by siloed concepts and skills. Some silos describe concrete ideas, which tend to be tied to programming principles. Many describe essential ideas, but over generalized becoming hard to teach and measure and distinguish from other types of problem solving. Is there a middle ground where we can clearly observe the presence and growing maturing of CT yet not limit the ways it can manifest, particularly without requiring coding? We hope this poster inspires conversation on 1.) the intersection of CT and programming skills, 2.) the priority and order for learning those skills, and 3.) how we can promote CT in disciplines who interact with and help define computational solutions yet are never expected to learn to program. We hope to share our perspective as well as garner feedback and possibly collaboration on better refining curriculum within Computer Science as well as promoting CT in other disciplines.",dblp,llm,0.970,unreviewed,
kept,Developing a community definition and teaching modules for computational thinking: accomplishments and challenges.,Ashley Ater-Kranov; Robert Bryant 0001; Genevieve Orr; Scott Wallace 0001; Mo Zhang,2010,SIGITE Conference,10.1145/1867651.1867689,https://dblp.org/rec/conf/sigite/Ater-KranovBOWZ10,supports-claim,,dblp,llm,0.720,unreviewed,
discarded,Frontier of conceptual mathematics and cognitive modeling,"Wolfengagen, Viacheslav; Ismailova, Larisa; Kosikov, Sergey; Dohrn, Juliane; Dohrn, Melanie",2026,COGNITIVE SYSTEMS RESEARCH,10.1016/j.cogsys.2026.101506,https://www.webofscience.com/wos/woscc/full-record/WOS:001851898100001,off-topic-false-hit,"It is shown that conceptual mathematics comes into contact with cognitive modeling through computational thinking, which acts as an intermediary and guide on the way to computing. Computational thinking is defined as the process of defining a clear, defined, step-by-step solution to a complex problem, going through the stages of decomposition, pattern recognition, abstraction, and algorithmization. Since the subject of computing is variety of effects caused by information processes, corresponding generated combinations, which form variable domains, are studied. In turn, they are collected from separate processes represented by individual functions. The notion of the cognitive stage is introduced, on the basis of which transition processes that occur in domains are considered, both its being and becoming are taken into account.",wos,llm,0.820,unreviewed,
kept,A Competency-Based Conceptual Framework and Assessment Method for Computational Thinking: Application to the Abstraction Competency,"Mazuera, Yuri Mercedes Bermudez; Uribe, Maria Patricia Trujillo; Frias, Juan Francisco Diaz",2026,EDUCATION SCIENCES,10.3390/educsci16060871,https://www.webofscience.com/wos/woscc/full-record/WOS:001802161100001,supports-claim,"Computational Thinking (CT) has emerged as a key competency in K-12 education; however, its assessment remains fragmented due to the lack of shared conceptualizations and coherent evaluation frameworks. This study proposes a conceptual framework and an assessment method for CT competencies, and illustrates its application with sixth-grade students in lower secondary education in Colombia. The framework is articulated through competencies, learning outcomes, assessment criteria, and achievement indicators. Methodologically, a conceptual framework for CT was first formulated, organized into three competencies: Abstraction, Decomposition, and Algorithmic Thinking. Subsequently, a rubric-based assessment method was designed to assign achievement levels according to defined thresholds. The method was empirically applied to the Abstraction competency using the Tower of Hanoi problem. Evidence was collected through Moodle questionnaires aligned with each learning outcome and was analyzed at two moments: pre-test and post-test. The results show that the method enables performance to be classified in a structured, traceable, and interpretable manner, preserving the internal differentiation of the Abstraction competency and making visible redistributions, stability, or absence of change in achievement levels. It is concluded that the conceptual framework and the assessment method provide a useful methodological basis for competency-based assessment of CT in educational contexts. However, further studies are required to examine its performance in other samples, grade levels, and CT competencies.",wos,llm,0.950,unreviewed,
discarded,Proportional Relations When Programming Using Scratch: The Case of Pre-Service Elementary School Teachers,"Keisar, Einav; Tabach, Michal",2026,INTERNATIONAL JOURNAL OF SCIENCE AND MATHEMATICS EDUCATION,10.1007/s10763-026-10696-6,https://www.webofscience.com/wos/woscc/full-record/WOS:001804159100001,adjacent-subtopic,"Programming activities provide learners with opportunities to implement both computational and mathematical thinking while developing abstraction, which lies at the core of both domains. Although abstraction is fundamental to both computational and mathematical thinking, it is conceptualized and interpreted differently in each, as explained below. This study examines changes in level of abstract thinking among 41 pre-service elementary school teachers as they use the Scratch environment to produce animations in sequence of six tasks. These tasks were designed to provide repeated opportunities for abstracting proportional relations, including direct and inverse relations between motion and time. To analyze the data, we defined three levels of abstraction that capture these relations in the scripts of each task. We examined the extent to which pre-service elementary school teachers' scripts demonstrated shifts in levels of abstraction across the sequence of programming tasks. The findings reveal gradual shifts in pre-service elementary school teachers' levels of abstraction for both direct and inverse relations. This study extends prior research on the relations between computational and mathematical abstract thinking by focusing on proportional relations and offering a novel approach for assessing levels of abstraction in programming.",wos,llm,0.960,unreviewed,
discarded,"The Relationship Between Digital Game Addiction, Computational Thinking Skills, and Well-Being of Middle School Children With and Without Congenital Heart Disease","Akkas Baysal, Emine; Karaca, Nezahat Hamiden; Pektas, Ayhan",2026,CHILDREN-BASEL,10.3390/children13050686,https://www.webofscience.com/wos/woscc/full-record/WOS:001774285800001,adjacent-subtopic,"Highlights What are the main findings? This study aims to examine associations within and across middle school children with and without congenital heart disease in terms of digital game addiction, computational thinking skills, and well-being. Children with congenital heart disease show different patterns in well-being and digital gaming behaviours compared to healthy peers. What is the implication of the main finding? The findings suggest that children with congenital heart disease may require tailored educational and digital well-being support programs to promote healthy technology use. Schools and healthcare professionals should consider integrating computational thinking development with digital well-being interventions for children.Highlights What are the main findings? This study aims to examine associations within and across middle school children with and without congenital heart disease in terms of digital game addiction, computational thinking skills, and well-being. Children with congenital heart disease show different patterns in well-being and digital gaming behaviours compared to healthy peers. What is the implication of the main finding? The findings suggest that children with congenital heart disease may require tailored educational and digital well-being support programs to promote healthy technology use. Schools and healthcare professionals should consider integrating computational thinking development with digital well-being interventions for children.Abstract Background: Digital gaming is an integral part of children's everyday lives and may relate to both cognitive development and psychosocial well-being. Although computational thinking is considered a key skill for navigating digital environments, limited research has examined how digital game addiction relates to computational thinking and well-being, particularly among children with chronic health conditions such as structural heart disease. Objectives: This study aimed to examine the associations among digital game addiction, computational thinking skills, and well-being among middle school children with structural heart disease and their typically developing peers. Methods: An exploratory correlational design was employed. The sample consisted of 30 children with structural heart disease and 25 typically developing peers aged 10-14 years. Data were collected using the Computational Thinking Skills Scale, the Digital Game Addiction Scale for Children, and the EPOCH Well-Being Scale. Relationships among variables were examined using correlation analyses. Results and Conclusions: Among children with structural heart disease, higher levels of digital game addiction were associated with lower creativity, collaboration, and overall computational thinking skills. Computational thinking skills were positively associated with selected dimensions of well-being, particularly connectedness and perseverance. In typically developing children, digital game addiction was negatively associated with several computational thinking dimensions, whereas perseverance and certain aspects of well-being were positively associated with computational thinking skills. Overall, digital game addiction showed limited associations with well-being in both groups. These findings suggest that the relationships among digital game addiction, computational thinking, and well-being may be complex and context-dependent. Given the exploratory correlational design and relatively small sample size, the results should be considered preliminary.",wos,llm,0.990,unreviewed,
discarded,From empathy to algorithms: how design thinking pedagogy influences primary school students' computational thinking skills and learning motivation in STEM education,"Zheng, Zhizi; Kong, Siu Cheung; Yang, Yuqin; Liao, Yingfeng; Sun, Daner",2026,EDUCATION AND INFORMATION TECHNOLOGIES,10.1007/s10639-026-14025-w,https://www.webofscience.com/wos/woscc/full-record/WOS:001768002800001,adjacent-subtopic,"As STEM education increasingly emphasizes the development of both cognitive and non-cognitive competencies, there remains a critical gap in understanding how pedagogical approaches such as design thinking can simultaneously foster computational thinking (CT) and learning motivation in primary school contexts. This study investigates the effectiveness of a design thinking-guided STEM intervention in fostering primary students' CT skills and learning motivation. It further examines the moderating roles of gender and educational stage, while addressing three specific gaps: the lack of empirical evidence on design thinking as a framework for CT development, the need for a nuanced understanding of differential growth across CT dimensions, and the unresolved relationship between general STEM motivation and domain-specific CT performance. A one-month quasi-experimental study was conducted with 34 fourth- to sixth-grade students (22 male, 12 female) from a public school in Shenzhen, China. Participants engaged in a micro: bit-based project to design an automated plant monitoring system, structured around the five phases of design thinking: empathize, define, ideate, prototype, and test. CT was assessed using pre- and post-test Bebras challenges across five dimensions (abstraction, algorithmic thinking, decomposition, evaluation, and generalization). Learning motivation was measured using adapted STEM self-efficacy and ability belief scales. Data were analyzed using paired t-tests, ANOVA, and content analysis. Results revealed a statistically significant overall improvement in CT following the intervention. Among the five dimensions, evaluation skills showed the most substantial growth, while algorithmic thinking remained the strongest component throughout. However, decomposition and generalization exhibited relative declines in normalized scores, suggesting these areas require additional instructional support. No significant gender or grade-level differences were found in overall CT gains, although greater performance variability was observed among female students, and Grade 5 demonstrated the highest mean post-test score. Notably, no significant correlation emerged between CT performance and STEM motivation, challenging conventional assumptions about the motivation-cognition relationship in project-based learning environments. This study provides novel empirical evidence for design thinking as an effective pedagogical framework for cultivating multi-dimensional CT in primary STEM education. It advances the field by revealing differential developmental trajectories across CT components and identifying a dissociation between general STEM motivation and CT performance, findings that underscore the need for domain-specific motivational frameworks.",wos,llm,0.940,unreviewed,
discarded,Model-driven Approach to Introduce Computational Thinking into Engineering Education: The STEM Perspective,"Burbaite, Renata; Stuikys, Vytautas; Drasutis, Sigitas; Binkis, Mikas; Ziberkas, Giedrius",2026,INTERNATIONAL JOURNAL OF ENGINEERING EDUCATION,,https://www.webofscience.com/wos/woscc/full-record/WOS:001764286300005,adjacent-subtopic,"With extremely rapid technological advancements, Computational Thinking (CT) skill is the most valuable entity in the 21st century for every active citizen on the globe. How to obtain this skill effectively is a focused matter of temporary education. This paper discusses a systematic, model-driven approach to introducing CT skills in Engineering Education (EE). The approach includes (i) a conceptual model covering relationships among robotics characteristics, Computer Science themes and basic CT attributes in the context of design and STEM task solving processes; (ii) a design-based process model defining the extended vision of these relationships, also covering learning resources and methods used and (iii) a CT skill assessment model based on Bloom taxonomy. The approach is validated and approved by designing and implementing the Goldberg machine.",wos,llm,0.880,unreviewed,
discarded,Virtual reality applications in computer science education: scoping review,"Janani, Azin S.; Yang, Yanzhuo; Lu, Xundi; Liang, Hai-Ning; Baghaei, Nilufar",2026,COMPUTERS & EDUCATION: X REALITY,10.1016/j.cexr.2026.100159,https://www.webofscience.com/wos/woscc/full-record/WOS:001766202800001,adjacent-subtopic,"This scoping review explores the application of virtual reality (VR) technologies to computer science (CS) education. With the increasing scholarly interest in immersive and interactive learning, VR exhibits a strong potential in helping learners understand abstract CS concepts such as algorithms, object-oriented programming (OOP), and computational thinking. This study conducted a comprehensive search across six databases and screened 3178 articles. A total of 30 peer-reviewed studies were included based on defined eligibility criteria. These studies were analyzed in terms of application features, educational focus, evaluation outcomes, and key findings. The findings revealed that the majority of VR applications support conceptual learning instead of practical programming. Common design features included visual metaphors, game-inspired tasks, virtual panels, and embodied interactions, frequently tailored to specific CS topics or user groups. While numerous studies reported positive outcomes in learner performance and engagement, a number of challenges persist such as limited features for collaboration, usability issues, and lack of theoretical foundation. Gamification and constructivist approaches were frequently adopted, although without clear instructional grounding in certain cases. This review addresses critical gaps in the existing literature by systematically analyzing VR design features and their reported associations with learning outcomes in CS education, identifying current trends, and persistent limitations. It offers insights for educators and developers on effective application designs and offers directions for future work, including broader content coverage, enhanced collaborative features, and increased integration of theoretically informed design strategies.",wos,llm,0.980,unreviewed,
discarded,Towards metaphors for quantum computational thinking,"Beardow, Caiseal; Stappers, Pieter Jan",2026,EPJ QUANTUM TECHNOLOGY,10.1140/epjqt/s40507-026-00502-1,https://www.webofscience.com/wos/woscc/full-record/WOS:001765278200001,adjacent-subtopic,"In recent years, the quantum computing industry has seen significant investment and growth. However, this burgeoning industry faces a persistent labour gap: individuals with computing expertise, an understanding of quantum principles, and the ability to apply these principles to computing practices, are in increasing demand, but finding such individuals is proving challenging. We frame this problem as one of education, arguing that a computing-centred approach to learning about quantum computing is needed, and that the notion of computational thinking can help to define appropriate learning goals and outcomes in this context. We propose that metaphors can be an effective pedagogical tool in supporting the development of'quantum computational thinking'. In this paper, we present our efforts to gather and assess a collection of metaphors that are currently used to teach quantum computing concepts. We describe a series of interviews with quantum computing experts in which we aimed to elicit such metaphors, and document our process of metaphor identification and metaphorical model synthesis. We subsequently assess these metaphors and models using both numerical rating data from experts and our own qualitative analysis. Informed by our findings, we suggest ways of developing metaphors that better support quantum computational thinking: emphasising target concepts' computational roles, acknowledging connections between concepts, and balancing procedural narratives with embodied, tangible imagery.",wos,llm,0.900,unreviewed,
discarded,A Customizable Escape Game-Like Based on Computational Thinking Categorization,"Vidigal Lima, Maria Adriana; Lopes, Renato Aquino; Domingues, Rodrigo de Godoy; Graffunder, Felipe Canabarro; de Oliveira, Gabriel Henrique; Cabrera Gaspar, Giovanna Lara; Toffoli, Guilherme Duarte; Andrade Otoni, Guilherme Henrique; Cardoso, Larissa Campos; Rabelo Barbosa, Luis Arthur; Borges, Victor Hugo",2026,"PROCEEDINGS OF 19TH IBERIAN CONFERENCE ON INFORMATION SYSTEMS AND TECHNOLOGIES, CISTI 2024, VOL 5",10.1007/978-3-032-12888-1_22,https://www.webofscience.com/wos/woscc/full-record/WOS:001737926900022,adjacent-subtopic,"This paper describes a customizable educational escape game-like project that aims to support Computational Thinking (CT) learning and evaluating processes. Recognizing the importance of fostering computational thinking skills in basic education, this work focuses on the design and development of a customizable serious game in a virtual reality environment, based on escape room concepts, containing various minigames designed to promote CT. The collection of minigames is based on Bebras challenges, which can be regarded as unplugged activities originally designed to stimulate students' interest in computer science. The sequence of minigames follows categorical flows, defined so that specifics informatics domains and CT skills are trained or evaluated. For this purpose, each minigame implemented is associated with informatics domain, CT skills (abstraction, algorithmic thinking, decomposition, evaluation, generalization), level of difficulty and student's age group, enabling the environment to be customizable. The project is being developed using Unity 3D framework and next steps include testing, conducting case studies in traditional classrooms and assessing the outcomes provided by students and teachers.",wos,llm,0.930,unreviewed,
