status,title,authors,year,venue,doi,url,tags,abstract,provider,decision_source,llm_confidence,llm_review_outcome,llm_change_direction
discarded,The Role of a Mental Model in Learning to Operate a Device*,David E. Kieras; Susan Bovair,1984,Cognitive Science,10.1207/s15516709cog0803_3,https://openalex.org/W2251129220,adjacent-subtopic,"This report presents three studies concerned with learning how to operate a simple control panel device, and how this learning is affected by understanding a device model that describes the internal mechanism of the device. The first experiment compared two groups, one of which learned a set of operating procedures for the device by rote, and the other learned the device model before receiving the identical procedure training. The model group learned the procedures faster, retained them more accurately, executed them faster, and simplified inefficient procedures far more often, than the rote group. The second study demonstrated that the model group is able to infer the procedures much more easily than the rote group, which would lead to more rapid learning and better recall performance. The third study showed that the important content of the device model was the specific configuration of components and controls, and not the motivational aspects, component descriptions, or general principles. This specific information is what is logically required to infer the procedures. Thus, the benefits of having a device model depend on whether it supports direct and simple inference of the exact steps required to operate the device.",openalex,llm,0.800,unreviewed,
discarded,A Time For Telling,Daniel L. Schwartz; John D. Bransford,1998,Cognition and Instruction,10.1207/s1532690xci1604_4,https://openalex.org/W2130232844,adjacent-subtopic,"Suggestions for improving text understanding often prescribe activating prior knowledge, a prescription that may be problematic if students do not have the relevant prior knowledge to begin with. In this article, we describe research about a method for developing prior knowledge that prepares students to learn from a text or lecture. We propose that analyzing contrasting cases can help learners generate the differentiated knowledge structures that enable them to understand a text deeply. Noticing the distinctions between contrasting cases creates a ""time for telling""; learners are prepared to be told the significance of the distinctions they have discovered. In 3 classroom studies, college students analyzed contrasting cases that consisted of simplified experimental designs and data from classic psychology experiments. They then received a lecture or text on the psychological phenomena highlighted in the experiments. Approximately 1 week later, the students predicted outcomes for a hypothetical experiment that could be interpreted in light of the concepts they had studied. Generating the distinctions between contrasting cases and then reading a text or hearing a lecture led to more accurate predictions than the control treatments of (a) reading about the distinctions between the cases and hearing a lecture, (b) summarizing a relevant text and hearing a lecture, and (c) analyzing the contrasting cases twice without receiving a lecture. We argue that analyzing the contrasting cases increased students' abilities to discern specific features that differentiated classes of psychological phenomena, much as a botanist can distinguish subspecies of a given flower. This differentiated knowledge prepared the students to understand deeply an explanation of the relevant psychological principles when it was presented to them. These results can inform constructivist models of instruction as they apply to classroom activities and learning from verbal materials. In particular, the results indicate that there is a place for lectures and readings in the classroom if students have sufficiently differentiated domain knowledge to use the expository materials in a generative manner.",openalex,llm,0.830,unreviewed,
kept,Blind learners programming through audio,Jaime Sánchez; Fernando Aguayo,2005,,10.1145/1056808.1057018,https://openalex.org/W2144901116,adjacent-subtopic,"The development of programming skills is a motivating issue in computer science. Most programming languages are focused on sighted users. This study introduces APL, Audio Programming Language for blind learners. APL is based on audio interfaces to assist novice blind learners to develop problem solving and algorithmic thinking skills. APL was designed by and for blind learners to construct meaning by making programs. We tested APL with novice blind programmers during and after development. They tried, analyzed, and make improvements to APL. Learners wrote programs to solve problems with increasingly complexity. Our preliminary results evidence that audio programming languages such as APL can be constructed to fit the needs and mental models of blind learners to motivate and help them to enter to the programming world.",openalex,llm,0.720,unreviewed,
discarded,Memory metaphors in cognitive psychology,Henry L. Roediger,1980,Memory & Cognition,10.3758/bf03197611,https://openalex.org/W2072041539,off-topic-false-hit,,openalex,llm,0.980,unreviewed,
discarded,The Perceptions of Primary School Teachers of Online Learning during the COVID-19 Pandemic Period: A Case Study in Indonesia,Rasmitadila Rasmitadila; Rusi Rusmiati Aliyyah; Reza Rachmadtullah; Achmad Samsudin; Ernawulan Syaodih; Muhammad Nurtanto; Anna Riana Suryanti Tambunan,2020,Journal of Ethnic and Cultural Studies,10.29333/ejecs/388,https://openalex.org/W3039868574,off-topic-false-hit,"This study explores the perceptions of primary school teachers of online learning in a program developed in Indonesia called School from Home during the COVID-19 Pandemic. Data were collected through surveys and semi-structured interviews with 67 class teachers in primary schools. Data analysis used thematic analysis of qualitative data. The analysis results found four main themes, namely, instructional strategies, challenges, support, and motivation of teachers. This research contributes to the literature of online collaborative learning between teachers, parents, and schools that impact student success. Broadly, the success of online learning in Indonesia during the COVID-19 Pandemic was determined by the readiness of technology in line with the national humanist curriculum, support and collaboration from all stakeholders, including government, schools, teachers, parents and the community.",openalex,llm,0.990,unreviewed,
kept,Students’ Misconceptions and Other Difficulties in Introductory Programming,Yizhou Qian; James Daniel Lehman,2017,ACM Transactions on Computing Education,10.1145/3077618,https://openalex.org/W2766624855,misconceptions-review,"Efforts to improve computer science education are underway, and teachers of computer science are challenged in introductory programming courses to help learners develop their understanding of programming and computer science. Identifying and addressing students’ misconceptions is a key part of a computer science teacher's competence. However, relevant research on this topic is not as fully developed in the computer science education field as it is in mathematics and science education. In this article, we first review relevant literature on general definitions of misconceptions and studies about students’ misconceptions and other difficulties in introductory programming. Next, we investigate the factors that contribute to the difficulties. Finally, strategies and tools to address difficulties including misconceptions are discussed. Based on the review of literature, we found that students exhibit various misconceptions and other difficulties in syntactic knowledge, conceptual knowledge, and strategic knowledge. These difficulties experienced by students are related to many factors including unfamiliarity of syntax, natural language, math knowledge, inaccurate mental models, lack of strategies, programming environments, and teachers’ knowledge and instruction. However, many sources of students’ difficulties have connections with students’ prior knowledge. To better understand and address students’ misconceptions and other difficulties, various instructional approaches and tools have been developed. Nevertheless, the dissemination of these approaches and tools has been limited. Thus, first, we suggest enhancing the dissemination of existing tools and approaches and investigating their long-term effects. Second, we recommend that computing education research move beyond documenting misconceptions to address the development of students’ (mis)conceptions by integrating conceptual change theories. Third, we believe that developing and enhancing instructors’ pedagogical content knowledge (PCK), including their knowledge of students’ misconceptions and ability to apply effective instructional approaches and tools to address students’ difficulties, is vital to the success of teaching introductory programming.",openalex,human,0.980,human,
discarded,AI literacy in K-12: a systematic literature review,Lorena Casal Otero; Alejandro Catalá; Carmen Fernández-Morante; M. Taboada; Beatriz Cebreiro López; Senén Barro,2023,International Journal of STEM Education,10.1186/s40594-023-00418-7,https://openalex.org/W4366393300,adjacent-subtopic,"Abstract The successful irruption of AI-based technology in our daily lives has led to a growing educational, social, and political interest in training citizens in AI. Education systems now need to train students at the K-12 level to live in a society where they must interact with AI. Thus, AI literacy is a pedagogical and cognitive challenge at the K-12 level. This study aimed to understand how AI is being integrated into K-12 education worldwide. We conducted a search process following the systematic literature review method using Scopus. 179 documents were reviewed, and two broad groups of AI literacy approaches were identified, namely learning experience and theoretical perspective. The first group covered experiences in learning technical, conceptual and applied skills in a particular domain of interest. The second group revealed that significant efforts are being made to design models that frame AI literacy proposals. There were hardly any experiences that assessed whether students understood AI concepts after the learning experience. Little attention has been paid to the undesirable consequences of an indiscriminate and insufficiently thought-out application of AI. A competency framework is required to guide the didactic proposals designed by educational institutions and define a curriculum reflecting the sequence and academic continuity, which should be modular, personalized and adjusted to the conditions of the schools. Finally, AI literacy can be leveraged to enhance the learning of disciplinary core subjects by integrating AI into the teaching process of those subjects, provided the curriculum is co-designed with teachers.",openalex,llm,0.930,unreviewed,
discarded,Situated Cognition and the Culture of Learning,John Seely Brown; Allan Collins; Paul Duguid,1989,Educational Researcher,10.3102/0013189x018001032,https://openalex.org/W2164599981,adjacent-subtopic,"Many teaching practices implicitly assume that conceptual knowledge can be abstracted from the situations in which it is learned and used. This article argues that this assumption inevitably limits the effectiveness of such practices. Drawing on recent research into cognition as it is manifest in everyday activity, the authors argue that knowledge is situated, being in part a product of the activity, context, and culture in which it is developed and used. They discuss how this view of knowledge affects our understanding of learning, and they note that conventional schooling too often ignores the influence of school culture on what is learned in school. As an alternative to conventional practices, they propose cognitive apprenticeship (Collins, Brown, & Newman, in press), which honors the situated nature of knowledge. They examine two examples of mathematics instruction that exhibit certain key features of this approach to teaching.",openalex,llm,0.840,unreviewed,
discarded,Computational thinking in programming with Scratch in primary schools: A systematic review,Janne Fagerlund; Päivi Häkkinen; Mikko Vesisenaho; Jouni Viiri,2020,Computer Applications in Engineering Education,10.1002/cae.22255,https://openalex.org/W3021329496,adjacent-subtopic,"Abstract Computer programming is being introduced in educational curricula, even at the primary school level. One goal of this implementation is to teach computational thinking (CT), which is potentially applicable in various computational problem‐solving situations. However, the educational objective of CT in primary schools is somewhat unclear: curricula in various countries define learning objectives for topics, such as computer science, computing, programming or digital literacy but not for CT specifically. Additionally, there has been confusion in concretely and comprehensively defining and operationalising what to teach, learn and assess about CT in primary education even with popular programming akin to Scratch. In response to the growing demands of CT, by conducting a literature review on studies utilising Scratch in K–9, this study investigates what kind of CT has been assessed in Scratch at the primary education level. As a theoretical background for the review, we define a tangible educational objective for introducing CT comprehensively in primary education and concretise the fundamental skills and areas of understanding involved in CT as its “core educational principles”. The results of the review summarise Scratch programming contents that students can manipulate and activities in which they can engage that foster CT. Moreover, methods for formatively assessing CT via students' Scratch projects and programming processes are explored. The results underpin that the summarised “CT‐fostering” programming contents and activities in Scratch are vast and multidimensional. The next steps for this study are to refine pedagogically meaningful ways to assess CT in students' Scratch projects and programming processes.",openalex,llm,0.950,unreviewed,
kept,Comparing loops misconceptions in block-based and text-based programming languages at the K-12 level,Monika Mladenović; Ivica Boljat; Žana Žanko,2017,Education and Information Technologies,10.1007/s10639-017-9673-3,https://openalex.org/W2768875651,supports-claim,"Novice programmers are facing many difficulties while learning to program. Most studies about misconceptions in programming are conducted at the undergraduate level, yet there is a lack of studies at the elementary school (K-12) level, reasonably because computer science neither programming are regularly still not the part of elementary school curricula's. Are the misconceptions about loops at elementary school level equal to those at the undergraduate level? Can we ""prevent"" the misconceptions by using the different pedagogical approach, visual programming language and shifting the programming context toward game programming? In this paper, we tried to answer these questions. We conducted the student misconceptions research on one of the fundamental programming concepts - the loop. The research is conducted in the classroom settings among 207 elementary school students. Students were learning to program in three programming languages: Scratch, Logo and Python. In this paper, we present the results of this research.",openalex,llm,0.990,unreviewed,
discarded,The school and society,John Dewey,2024,,10.55094/holistence.497,https://openalex.org/W1504190881,off-topic-false-hit,"John Dewey's ""The School and Society"" argues that the traditional school system, characterized by passive, isolated learning focused heavily on symbolic studies, is fundamentally incompatible with the radical industrial and social revolutions of the modern age. Dewey calls for a ""Copernican revolution"" in education, asserting that the child must become the central sun around which all learning revolves. The school must be transformed into an ""embryonic community life"" where the child learns through active occupations (such as shop-work, cooking, and weaving). These practical activities serve as integral starting points for scientific insight and historical interpretation, providing a vital motive for otherwise abstract learning and instilling genuine discipline through cooperative constructive work. By organically connecting the school to the child's life and the wider society, this progressive approach ensures that education is meaningful, social, and equips all citizens with the comprehensive training necessary for a democratic and evolving society.",openalex,llm,0.990,unreviewed,
discarded,Teachers' trust in AI ‐powered educational technology and a professional development program to improve it,Tanya Nazaretsky; Moriah Ariely; Mutlu Cukurova; Giora Alexandron,2022,British Journal of Educational Technology,10.1111/bjet.13232,https://openalex.org/W4229456833,adjacent-subtopic,"Abstract Evidence from various domains underlines the critical role that human factors, and especially trust, play in adopting technology by practitioners. In the case of Artificial Intelligence (AI) powered tools, the issue is even more complex due to practitioners' AI‐specific misconceptions, myths and fears (e.g., mass unemployment and privacy violations). In recent years, AI has been incorporated increasingly into K‐12 education. However, little research has been conducted on the trust and attitudes of K‐12 teachers towards the use and adoption of AI‐powered Educational Technology (AI‐EdTech). This paper sheds light on teachers' trust in AI‐EdTech and presents effective professional development strategies to increase teachers' trust and willingness to apply AI‐EdTech in their classrooms. Our experiments with K‐12 science teachers were conducted around their interactions with a specific AI‐powered assessment tool (termed AI‐Grader) using both synthetic and real data. The results indicate that presenting teachers with some explanations of (i) how AI makes decisions, particularly compared to the human experts, and (ii) how AI can complement and give additional strengths to teachers, rather than replacing them, can reduce teachers' concerns and improve their trust in AI‐EdTech. The contribution of this research is threefold. First, it emphasizes the importance of increasing teachers' theoretical and practical knowledge about AI in educational settings to gain their trust in AI‐EdTech in K‐12 education. Second, it presents a teacher professional development program (PDP), as well as the discourse analysis of teachers who completed it. Third, based on the results observed, it presents clear suggestions for future PDPs aiming to improve teachers' trust in AI‐EdTech. Practitioner notes What is already known about this topic Human factors, and especially trust, play a critical role in practitioners' adoption of technology. In recent years, AI has been incorporated increasingly into K‐12 education. Little research has been conducted on the trust and attitudes of K‐12 teachers towards the use and adoption of AI‐powered Educational Technology. What this paper adds This research emphasizes the importance of increasing teachers' theoretical and practical knowledge about AI in educational settings to gain their trust in AI‐EdTech in K‐12 education. It presents a teacher professional development program (PDP) to increase teachers' trust in AI‐EdTech, as well as the discourse analysis of teachers who completed it. It presents clear suggestions for future PDPs aiming at improving teachers' trust in AI‐EdTech. Implications for practice and/or policy Pre‐ and in‐service teacher education programs that aim to increase teachers' trust in AI‐EdTech should include a section providing teachers with a basic understanding of AI. PDPs aimed to increase teachers' trust in AI‐EdTech should focus on concrete pedagogical tasks and specific AI‐powered tools that are considered by teachers as helpful and worth the effort to learn. AI‐EdTech should not restrict teachers to follow specific pedagogical scenarios, but rather provide teachers with the freedom to design and implement various types of pedagogies that meet their preferences, students' needs, and classroom reality. Teacher agency is key to gaining their trust. AI‐EdTech should allow teachers to review, modify, and if necessary, override AI‐based recommendations before they are sent to students.",openalex,llm,0.910,unreviewed,
discarded,Some conceptual difficulties in the theory of social conflict,Clinton F. Fink,1968,Journal of Conflict Resolution,10.1177/002200276801200402,https://openalex.org/W2071483053,off-topic-false-hit,Peer Reviewed,openalex,llm,0.990,unreviewed,
discarded,Update on Prevalence of Pain in Patients With Cancer: Systematic Review and Meta-Analysis,M.H.J. van den Beuken-van Everdingen; Laura Hochstenbach; Elbert A.J. Joosten; Vivianne C. G. Tjan‐Heijnen; Daisy J.A. Janssen,2016,Journal of Pain and Symptom Management,10.1016/j.jpainsymman.2015.12.340,https://openalex.org/W2337210803,off-topic-false-hit,"Context. Cancer pain has a severe impact on quality of life and is associated with numerous psychosocial responses. Recent studies suggest that treatment of cancer pain has improved during the last decade.

Objectives. The aim of this review was to examine the present status of pain prevalence and pain severity in patients with cancer.

