status,title,authors,year,venue,doi,url,tags,abstract,provider,decision_source,llm_confidence,llm_review_outcome,llm_change_direction
discarded,SPYSE - A Semantic Search Engine for Python Packages and Modules,Shiva Krishna Imminni; Mir Anamul Hasan; Michael Duckett; Puneet Sachdeva; Sudipta Karmakar; Piyush Kumar; Sonia Haiduc,2016,2016 IEEE/ACM 38th International Conference on Software Engineering Companion (ICSE-C),,https://ieeexplore.ieee.org/document/7883356/,adjacent-subtopic,"Code reuse is a common practice among software developers,whether novices or experts. Developers often rely on online resources in order to find code to reuse. For Python, the Python Package Index (PyPI) contains all packages developed for the community and is the largest catalog of reusable, opensource packages developers can consult. While a valuableresource, the state of the art PyPI search has very limitedcapabilities, making it hard for developers to find useful, highquality Python code to use for their task at hand.We introduce SPYSE (Semantic PYthon Search Engine), a Web-based search engine that overcomes the limitations of the state of the art, making it easier for developers to find useful code. The power of SPYSE lays in the combination of three different aspects meant to provide developers with relevant,and at the same time high quality code: code semantics,popularity, and code quality. SPYSE also allows searching for modules, in addition to packages, which opens new reuseopportunities for developers, currently not supported.",ieee,llm,0.900,unreviewed,
discarded,Experimental Evaluation of Test-Driven Development With Interns Working on a Real Industrial Project,Bartosz Papis; Konrad Grochowski; Kamil Subzda; Kamil Sijko,2022,IEEE Transactions on Software Engineering,10.1109/TSE.2020.3027522,https://ieeexplore.ieee.org/document/9207972/,adjacent-subtopic,"Context: There is still little evidence on differences between Test-Driven Development and Test-Last Development, especially for real-world projects, so their impact on code/test quality is an ongoing research trend. An empirical comparison is presented, with 19 participants working on an industrial project developed for an energy market software company, implementing real-world requirements for one of the company's customers. Objective: Examine the impact of TDD and TLD on quality of the code and the tests. The aim is to evaluate if there is a significant difference in external code quality and test quality between these techniques. Method: The experiment is based on a randomized within-subjects block design, with participants working for three months on the same requirements using different techniques, changed from week to week, within three different competence blocks: Intermediate, Novice and Mixed. The resulting code was verified for process conformance. The participants developed only business logic and were separated from infrastructural concerns. A separate group of code repositories was used to work without unit tests, to verify that the requirements were not too easy for the participants. Also, it was analysed if there is any difference between the code created by shared efforts of developers with different competences and the code created by participants isolated in the competence blocks. The resulting implementations had LOC order of magnitude of 10k. Results: Statistically significant advantage of TDD in terms of external code quality (1.8 fewer bugs) and test quality (5 percentage points higher) than TLD. Additionally, TDD narrows the gap in code coverage between developers from different competence blocks. At the same time, TDD proved to have a considerable entry barrier and was hard to follow strictly, especially by Novices. Still, no significant difference w.r.t. code coverage has been observed between the Intermediate and the Novice developers - as opposed to TLD, which was easier to follow. Lastly, isolating the Intermediate developers from the Novices had significant impact on the code quality. Conclusion:TDD is a recommended technique for software projects with a long horizon or when it is critical to minimize the number of bugs and achieve high code coverage.",ieee,llm,0.840,unreviewed,
discarded,Evaluating Impact of Experience in Architectural Design Decision-Making Techniques: An Experimental Study,Juan P. Brito; Felipe Beroíza; Gastón Márquez; Marcello Visconti; Hernán Astudillo,2019,2019 38th International Conference of the Chilean Computer Science Society (SCCC),10.1109/SCCC49216.2019.8966395,https://ieeexplore.ieee.org/document/8966395/,adjacent-subtopic,"The software engineering literature describes several decision-making techniques for architectural design. However, the impact of the experience of those who use these techniques on their efficacy has been little explored. This article addresses this research gap through an experimental study to evaluate the impact of experience of software architecture decision-making team members on the efficacy of TaSPeR (Tactics Selection Poker), a software architecture tactics selection technique based on Planning Poker. A set of 24 IT professional developers was divided into two “expert” teams and two “novice” teams (of six people each); each team had to solve two scenarios, one using TaSPeR and one using an ad-hoc technique; the scenarios were crossed to mitigate possible learning effects. The study compared the effectiveness of teams in terms of precision, recall, and accuracy (of selected tactics versus a ground truth); accuracy was found best. Initial results suggest that TaSPeR improves the accuracy of novice teams but hurts the accuracy of expert teams. This result is quite unexpected and begs replication with even larger populations of IT professionals (no easy task). If the results are confirmed, the question that will rise is: if consensus techniques are so good to estimate, why would they hurt design decision-making by expert teams?",ieee,llm,0.980,unreviewed,
discarded,CONSORT 2010 explanation and elaboration: Updated guidelines for reporting parallel group randomised trials,David Moher; Sally Hopewell; Kenneth F. Schulz; Víctor M. Montori; Peter C Gøtzsche; P.J. Devereaux; Diana Elbourne; Matthias Egger; Douglas G. Altman,2011,International Journal of Surgery,10.1016/j.ijsu.2011.10.001,https://openalex.org/W4247903468,off-topic-false-hit,"Overwhelming evidence shows the quality of reporting of randomised controlled trials (RCTs) is not optimal. Without transparent reporting, readers cannot judge the reliability and validity of trial findings nor extract information for systematic reviews. Recent methodological analyses indicate that inadequate reporting and design are associated with biased estimates of treatment effects. Such systematic error is seriously damaging to RCTs, which are considered the gold standard for evaluating interventions because of their ability to minimise or avoid bias. A group of scientists and editors developed the CONSORT (Consolidated Standards of Reporting Trials) statement to improve the quality of reporting of RCTs. It was first published in 1996 and updated in 2001. The statement consists of a checklist and flow diagram that authors can use for reporting an RCT. Many leading medical journals and major international editorial groups have endorsed the CONSORT statement. The statement facilitates critical appraisal and interpretation of RCTs. During the 2001 CONSORT revision, it became clear that explanation and elaboration of the principles underlying the CONSORT statement would help investigators and others to write or appraise trial reports. A CONSORT explanation and elaboration article was published in 2001 alongside the 2001 version of the CONSORT statement. After an expert meeting in January 2007, the CONSORT statement has been further revised and is published as the CONSORT 2010 Statement. This update improves the wording and clarity of the previous checklist and incorporates recommendations related to topics that have only recently received recognition, such as selective outcome reporting bias. This explanatory and elaboration document—intended to enhance the use, understanding, and dissemination of the CONSORT statement—has also been extensively revised. It presents the meaning and rationale for each new and updated checklist item providing examples of good reporting and, where possible, references to relevant empirical studies. Several examples of flow diagrams are included. The CONSORT 2010 Statement, this revised explanatory and elaboration document, and the associated website (www.consort-statement.org) should be helpful resources to improve reporting of randomised trials.",openalex,llm,1.000,unreviewed,
discarded,CONSORT 2010 Explanation and Elaboration: updated guidelines for reporting parallel group randomised trials,David Moher; Sally Hopewell; Kenneth F. Schulz; Víctor M. Montori; Peter C Gøtzsche; P.J. Devereaux; Diana Elbourne; Matthias Egger; Douglas G. Altman,2010,Journal of Clinical Epidemiology,10.1016/j.jclinepi.2010.03.004,https://openalex.org/W4235092737,off-topic-false-hit,"Overwhelming evidence shows the quality of reporting of randomised controlled trials (RCTs) is not optimal. Without transparent reporting, readers cannot judge the reliability and validity of trial findings nor extract information for systematic reviews. Recent methodological analyses indicate that inadequate reporting and design are associated with biased estimates of treatment effects. Such systematic error is seriously damaging to RCTs, which are considered the gold standard for evaluating interventions because of their ability to minimise or avoid bias. A group of scientists and editors developed the CONSORT (Consolidated Standards of Reporting Trials) statement to improve the quality of reporting of RCTs. It was first published in 1996 and updated in 2001. The statement consists of a checklist and flow diagram that authors can use for reporting an RCT. Many leading medical journals and major international editorial groups have endorsed the CONSORT statement. The statement facilitates critical appraisal and interpretation of RCTs. During the 2001 CONSORT revision, it became clear that explanation and elaboration of the principles underlying the CONSORT statement would help investigators and others to write or appraise trial reports. A CONSORT explanation and elaboration article was published in 2001 alongside the 2001 version of the CONSORT statement. After an expert meeting in January 2007, the CONSORT statement has been further revised and is published as the CONSORT 2010 Statement. This update improves the wording and clarity of the previous checklist and incorporates recommendations related to topics that have only recently received recognition, such as selective outcome reporting bias. This explanatory and elaboration document-intended to enhance the use, understanding, and dissemination of the CONSORT statement-has also been extensively revised. It presents the meaning and rationale for each new and updated checklist item providing examples of good reporting and, where possible, references to relevant empirical studies. Several examples of flow diagrams are included. The CONSORT 2010 Statement, this revised explanatory and elaboration document, and the associated website (www.consort-statement.org) should be helpful resources to improve reporting of randomised trials.",openalex,llm,1.000,unreviewed,
discarded,The CONSORT statement: revised recommendations for improving the quality of reports of parallel-group randomised trials,David Moher; Kenneth F. Schulz; Douglas G. Altman,2001,The Lancet,10.1016/s0140-6736(00)04337-3,https://openalex.org/W2142960568,off-topic-false-hit,"To comprehend the results of a randomised controlled trial (RCT), readers must understand its design, conduct, analysis, and interpretation. That goal can be achieved only through total transparency from authors. Despite several decades of educational efforts, the reporting of RCTs needs improvement. Investigators and editors developed the original CONSORT (Consolidated Standards of Reporting Trials) statement to help authors improve reporting by use of a checklist and now diagram. The revised CONSORT statement presented here incorporates new evidence and addresses some criticisms of the original statement. The checklist items pertain to the content of the Title, Abstract, Introduction, Methods, Results, and Discussion. The revised checklist includes 22 items selected because empirical evidence indicates that not reporting this information is associated with biased estimates of treatment effect, or because the information is essential to judge the reliability or relevance of the findings. We intended the flow diagram to depict the passage of participants through an RCT. The revised flow diagram depicts information from four stages of a trial (enrolment, intervention allocation, followup, and analysis). The diagram explicitly shows the number of participants, for each intervention group, included in the primary data analysis. Inclusion of these numbers allows the reader to judge whether the authors have done an intention-to-treat analysis. In sum, the CONSORT statement is intended to improve the reporting of an RCT, enabling readers to understand a trial's conduct and to assess the validity of its results.",openalex,llm,1.000,unreviewed,
discarded,The Revised CONSORT Statement for Reporting Randomized Trials: Explanation and Elaboration,D G Altman; Kenneth F. Schulz; David Moher; Matthias Egger; Frank Davidoff; Diana Elbourne; Peter C. Gøtzsche; Thomas Lang; for the CONSORT Group,2001,Annals of Internal Medicine,10.7326/0003-4819-134-8-200104170-00012,https://openalex.org/W2147581820,off-topic-false-hit,"Overwhelming evidence now indicates that the quality of reporting of randomized, controlled trials (RCTs) is less than optimal. Recent methodologic analyses indicate that inadequate reporting and design are associated with biased estimates of treatment effects. Such systematic error is seriously damaging to RCTs, which boast the elimination of systematic error as their primary hallmark. Systematic error in RCTs reflects poor science, and poor science threatens proper ethical standards. A group of scientists and editors developed the CONSORT (Con solidated S tandards o f R eporting T rials) statement to improve the quality of reporting of RCTs. The statement consists of a checklist and flow diagram that authors can use for reporting an RCT. Many leading medical journals and major international editorial groups have adopted the CONSORT statement. The CONSORT statement facilitates critical appraisal and interpretation of RCTs by providing guidance to authors about how to improve the reporting of their trials. This explanatory and elaboration document is intended to enhance the use, understanding, and dissemination of the CONSORT statement. The meaning and rationale for each checklist item are presented. For most items, at least one published example of good reporting and, where possible, references to relevant empirical studies are provided. Several examples of flow diagrams are included. The CONSORT statement, this explanatory and elaboration document, and the associated Web site ( http://www.consort-statement.org ) should be helpful resources to improve reporting of randomized trials. Throughout the text, terms marked with an asterisk are defined at end of text.",openalex,llm,1.000,unreviewed,
discarded,The Strengthening the Reporting of Observational Studies in Epidemiology (STROBE) Statement: Guidelines for reporting observational studies,Erik von Elm; Douglas G. Altman; Matthias Egger; Stuart Pocock; Peter C Gøtzsche; Jan P. Vandenbroucke,2014,International Journal of Surgery,10.1016/j.ijsu.2014.07.013,https://openalex.org/W4294116629,off-topic-false-hit,"Much biomedical research is observational. The reporting of such research is often inadequate, which hampers the assessment of its strengths and weaknesses and of a study's generalisability. The Strengthening the Reporting of Observational Studies in Epidemiology (STROBE) Initiative developed recommendations on what should be included in an accurate and complete report of an observational study. We defined the scope of the recommendations to cover three main study designs: cohort, case–control, and cross-sectional studies. We convened a 2-day workshop in September 2004, with methodologists, researchers, and journal editors to draft a checklist of items. This list was subsequently revised during several meetings of the coordinating group and in e-mail discussions with the larger group of STROBE contributors, taking into account empirical evidence and methodological considerations. The workshop and the subsequent iterative process of consultation and revision resulted in a checklist of 22 items (the STROBE Statement) that relate to the title, abstract, introduction, methods, results, and discussion sections of articles. 18 items are common to all three study designs and four are specific for cohort, case–control, or cross-sectional studies. A detailed Explanation and Elaboration document is published separately and is freely available on the Web sites of PLoS Medicine, Annals of Internal Medicine, and Epidemiology. We hope that the STROBE Statement will contribute to improving the quality of reporting of observational studies.",openalex,llm,1.000,unreviewed,
discarded,Multivariable Feedback Control: Analysis and Design,Sigurd Skogestad; Ian Postlethwaite,1996,,,https://openalex.org/W2131588967,off-topic-false-hit,"From the Publisher:
This is a book on practical feedback control and not on system theory in general. Feedback is used in control systems to change the dynamics of the system and to reduce the sensitivity of the system to both signal and model uncertainty. The book presents a rigorous, yet easily readable, introduction to the analysis and design of robust multivariable control systems. It provides the reader with insights into the opportunities and limitations of feedback control. Its objective is to enable the engineer to design real control systems. Important topics are: extensions and classical frequency-domain methods to multivariable systems, analysis of directions using the singular value decomposition, performance limitations and input-output controllability analysis, model uncertainty and robustness including the structured singular value, control structure design, and methods for controller synthesis and model reduction. Numerous worked examples, exercises and case studies, which make frequent use of MATLAB, are included. MATLAB files for examples and figures, solutions to selected exercises, extra problems and linear state-space models for the case studies are available on the Internet.",openalex,llm,0.990,unreviewed,
discarded,Strengthening the Reporting of Observational Studies in Epidemiology (STROBE): Explanation and elaboration,Jan P. Vandenbroucke; Erik von Elm; Douglas G. Altman; Peter C Gøtzsche; Cynthia D. Mulrow; Stuart Pocock; Charles Poole; James J. Schlesselman; Matthias Egger,2014,International Journal of Surgery,10.1016/j.ijsu.2014.07.014,https://openalex.org/W4296024375,off-topic-false-hit,"Much medical research is observational. The reporting of observational studies is often of insufficient quality. Poor reporting hampers the assessment of the strengths and weaknesses of a study and the generalisability of its results. Taking into account empirical evidence and theoretical considerations, a group of methodologists, researchers, and editors developed the Strengthening the Reporting of Observational Studies in Epidemiology (STROBE) recommendations to improve the quality of reporting of observational studies. The STROBE Statement consists of a checklist of 22 items, which relate to the title, abstract, introduction, methods, results and discussion sections of articles. Eighteen items are common to cohort studies, case–control studies and cross-sectional studies and four are specific to each of the three study designs. The STROBE Statement provides guidance to authors about how to improve the reporting of observational studies and facilitates critical appraisal and interpretation of studies by reviewers, journal editors and readers. This explanatory and elaboration document is intended to enhance the use, understanding, and dissemination of the STROBE Statement. The meaning and rationale for each checklist item are presented. For each item, one or several published examples and, where possible, references to relevant empirical studies and methodological literature are provided. Examples of useful flow diagrams are also included. The STROBE Statement, this document, and the associated Web site ( http://www.strobe-statement.org/ ) should be helpful resources to improve reporting of observational research.",openalex,llm,1.000,unreviewed,
