status,title,authors,year,venue,doi,url,tags,abstract,provider,decision_source,llm_confidence,llm_review_outcome,llm_change_direction
discarded,Debloating Feature-Rich Closed-Source Windows Software,Zhen Huang,2024,"2024 IEEE International Conference on Software Analysis, Evolution and Reengineering (SANER)",10.1109/SANER60148.2024.00047,https://ieeexplore.ieee.org/document/10589724/,adjacent-subtopic,"Feature-rich software programs typically provide many configuration options for users to enable and disable features, or tune feature behaviors. Given the values of configuration options, certain code blocks in a program will become redundant code and never be used. However, the redundant code is still present in the program and thus unnecessarily increases a program's attack surface by allowing attackers to use it as return-oriented programming (ROP) gadgets. Existing code debloating techniques have several limitations: not targeting this type of redundant code, requiring access to program source code or user-provided test inputs. In this paper, we propose a practical code debloating approach, called BinDebloat, to address these limitations. BinDebloat identifies and removes redundant code caused by configuration option values. It does not require user-provided test inputs, or support from program developers, and is designed to work on closed-source programs. It uses static program analysis to identify code blocks that are control-dependent on configuration option values. Given a set of configuration option values, it automatically determines which of such code blocks become redundant and uses static binary rewriting to neutralize these code blocks so that they are removed from the attack surface. We evaluated BinDebloat on closed-source Windows programs and the results show that BinDebloat can effectively reduce a program's attack surface.",ieee,llm,0.950,unreviewed,
discarded,Fast and space-efficient defense against jump-oriented programming attacks,Jeehong Kim; Young Ik Eom,2015,2015 International Conference on Big Data and Smart Computing (BIGCOMP),10.1109/35021BIGCOMP.2015.7072839,https://ieeexplore.ieee.org/document/7072839/,off-topic-false-hit,"Recently, Jump-oriented Programming (JOP) attack has become widespread in various systems including server, desktop, and smart devices. JOP attack rearranges existing code snippets in program to make gadget sequences, and hijacks control flow of program by chaining and executing gadget sequences consecutively. However, existing defense schemes have limitations such as high execution overhead, high binary size increase overhead, and low applicability. In this paper, to solve these problems, we introduce target shepherding, which is a fast and space-efficient defender against general JOP attack. Our defense scheme generates monitoring code to determine whether the target is legitimate or not just before each indirect jump instruction at compile time, and then checks whether a control flow has been subverted by JOP attack at run time. We achieved very low run-time overhead with very small increase in file size. In our experimental results, the performance overhead is 2.36% and the file size overhead is 5.82% with secure execution.",ieee,llm,0.990,unreviewed,
discarded,CEDAR: Silent Control Flow Error Detection via Heterogeneous Relation Learning,Yang Liu; Jingjing Gu; Jingxuan Zhang; Bao Wen; Yi Zhuang,2025,IEEE Transactions on Software Engineering,10.1109/TSE.2025.3618552,https://ieeexplore.ieee.org/document/11197048/,off-topic-false-hit,"Control flow errors (CFEs) are prevalent and destructive runtime faults that compromise software reliability and security. Existing CFE detection approaches either perform coarse-grained modeling at the basic-block level, missing fine-grained implicit features, or rely on exhaustive fault injection for detailed error patterns. These limitations hinder efficient detection, especially for silent CFEs, where branches deviate from correct paths, yet still follow compiler-defined ones. To bridge this gap, we propose CEDAR, a novel CFE detection approach, which detects silent CFEs by localizing and hardening vulnerable instructions. Specifically, we first conduct multi-level control flow analysis with limited fault injection, enhanced by dynamic data propagation, to construct a dual-layer heterogeneous graph representation of the program. Subsequently, we employ Graph Neural Networks (GNNs) to learn silent CFE-relevant embeddings and develop a model to localize vulnerable instructions. Finally, targeted program hardening mechanisms are integrated to detect silent CFEs and improve overall CFE coverage. Experiments demonstrate that CEDAR achieves 92.28% coverage of silent CFEs and 96.47% on average for overall CFEs. While maintaining high coverage, it improves the Evaluation Factor (EF) by 21.97% over the state-of-the-art approach, achieving a favorable trade-off between effectiveness and overhead. Moreover, it demonstrates robustness across diverse input scenarios and Instruction Set Architectures (ISAs).",ieee,llm,0.980,unreviewed,
discarded,Scalable Automatic Concept Mining from Execution Traces,Soumaya Medini,2011,2011 IEEE 19th International Conference on Program Comprehension,10.1109/ICPC.2011.44,https://ieeexplore.ieee.org/document/5970171/,adjacent-subtopic,"Concept identification is the task of locating and identifying concepts (e.g., domain concepts) into code region or, more generally, into artifact chunks. Concept identification is fundamental to program comprehension, software maintenance, and evolution. Different static, dynamic, and hybrid approaches for concept identification exist in the literature. Both static and dynamic techniques have advantages and limitations. In fact, they can be considered to complement each other. Indeed, recent works focused on hybrid techniques to improve the performance in time as well as accuracy (i.e., precision and recall) of the concept location process. Furthermore, sometimes only a single execution trace is available, however, to the best of our knowledge, only few works attempt to automatically identify concepts in a single execution trace. We propose an approach built upon a dynamic-programming algorithm to split an execution trace into segments likely representing concepts. The approach improves performance and scalability with respect to currently available techniques. We also plan to use techniques derived from Latent Dirichlet Allocation (LDA)to automatically assign meanings to segments.",ieee,llm,0.950,unreviewed,
kept,Work-in-Progress: LOGIA—A Proposal for a Learning Framework Supported by Generative AI for Logical Reasoning in Programming,Rodrigo Guevara; Mónica Villavicencio; David Benavides,2026,2026 IEEE Global Engineering Education Conference (EDUCON),10.1109/EDUCON67543.2026.11574488,https://ieeexplore.ieee.org/document/11574488/,supports-claim,"Programming skills, such as logical reasoning, abstraction, and computational thinking, continue to pose challenges in introductory programming courses due to manual diagnostics, static content, and delayed feedback. To address this problem, this work-in-progress presents LOGIA, an adaptive framework aimed at modeling and supporting the progression of logical reasoning in beginning programming students through cognitive diagnosis, adaptation, and data-driven feedback.LOGIA integrates three components: (i) an initial diagnosis using the psychometrically validated Computational Thinking Test (CTt); (ii) adaptive generation of code tracing exercises using language models (LLMs), adjusted to the student's cognitive level; and (iii) immediate feedback based on learning analytics and knowledge tracing to guide learning trajectories. At this stage, LOGIA is defined as a design-level prototype, conceived for future validation in real teaching contexts. This approach seeks to overcome the limitations of traditional intelligent tutoring systems and isolated generative AI-based solutions by integrating diagnosis, adaptation, and feedback within a single pedagogical framework.",ieee,llm,0.770,unreviewed,
discarded,MuTT: A Multi-Threaded Tracer for Java Programs,Dapeng Liu; Shaochun Xu,2009,2009 Eighth IEEE/ACIS International Conference on Computer and Information Science,10.1109/ICIS.2009.159,https://ieeexplore.ieee.org/document/5223187/,adjacent-subtopic,"Tracing is an important technique for program comprehension and software maintenance. Existing trace tools have some limitations, such as requiring instrumentation. This paper presents a tracer, MuTT, which can be used to collect the run-time information of multi-threaded Java programs without source code or JVM instrumentation. We also propose guidelines to use MuTT for feature location in object-oriented systems, particularly in the event-driven systems. We conduct two case studies and the result demonstrates that MuTT can provide effective tracing and can be used for feature location, especially with the help of GREP.",ieee,llm,0.940,unreviewed,
discarded,Common Program Similarity Metric Method for Anti-Obfuscation,Xiaochuan Zhang; Jianmin Pang; Xiaonan Liu,2018,IEEE Access,10.1109/ACCESS.2018.2867531,https://ieeexplore.ieee.org/document/8449273/,off-topic-false-hit,"Program similarity metrics, especially malware similarity metrics, have long been an area of active research. However, code obfuscation techniques bring many challenges to similarity analysis. Most prior techniques lack extensibility since they focus on problems of only one particular type, such as malicious programs on a specific platform. Moreover, some of these techniques cannot measure the similarity between the various components of two programs, and some cannot accommodate code obfuscation techniques, particularly for control flow obfuscation. To address these limitations, we present the new concept of the reductive instruction dependence graph (RIDG), which is platform-independent and stable throughout most code obfuscation processes. In addition, we propose a four-level similarity schema that is based on RIDG for measuring the similarity between two programs, which can be used to find the similarity between the components of programs. We use the proposed program similarity metric method to measure similarities among 100 different programs, and we evaluate the anti-obfuscation ability of this method by using four popular code obfuscation techniques. The experimental results show that the proposed method can overcome the limitations described above.",ieee,llm,0.970,unreviewed,
discarded,Applying Cognitive Complexity to Checklist-Based Human-Machine Pair Inspection,Yujun Dai; Shaoying Liu,2021,"2021 IEEE 21st International Conference on Software Quality, Reliability and Security Companion (QRS-C)",10.1109/QRS-C55045.2021.00054,https://ieeexplore.ieee.org/document/9742155/,adjacent-subtopic,"With the rapid development of computer technology, the scale of software systems is increasing, the quality of software is getting more attention. Software inspection is a widely known practice of software quality assurance. However, most of the existing inspection techniques focus on the support of the peer review approach, but they may not be effective for complex systems due to the limitation of the approach. In this paper, we put forward a novel approach called Human-Machine Pair Inspection to support program inspection by the programmer who is constructing the program. The approach is characterized by the style that machine will intelligently guide the programmer to carry out inspections of the program code during the program construction process. To fulfill this goal, we use the Cognitive Complexity theory to determine what and how the inspection can be done by the programmer. We present an example to show how the method can be used and show its accuracy and usefulness. The result shows that our method can be automatic and effective in assisting programmers to detect defects during programming.",ieee,llm,0.900,unreviewed,
discarded,LiteXGNN: A Lightweight Explainable Graph Neural Network for Malware Detection with Control Flow Graph Explainability,Kaung Khant Wai Yan; Jakapan Suaboot; Maneenate Puongmanee; Warodom Werapun,2025,2025 9th International Conference on Information Technology (InCIT),10.1109/InCIT66780.2025.11276013,https://ieeexplore.ieee.org/document/11276013/,off-topic-false-hit,"Current malware detection systems prioritize classification accuracy while neglecting behavioral analysis, limiting their utility for security analysts. This paper presents LiteXGNN, a lightweight explainable graph neural network framework that simultaneously performs malware detection and provides interpretable explanations through Control Flow Graph (CFG) analysis. Our approach combines supervised GraphSAGE-based learning with unsupervised GNNExplainer for both local and global interpretability without requiring labeled explanation data. The key innovation involves training the explanation component on benign CFGs to extract pure malware subgraphs by removing benign noise, clarifying decision boundaries, and enhancing analytical precision. LiteXGNN addresses critical limitations including high computational costs, lack of explainability, and inability to isolate malicious patterns. The framework generates comprehensive analysis reports that contain behavioral indicators, API categorizations, and structural statistics to support the forensic investigation. The preliminary implementation demonstrates the feasibility of integrating explainable AI into malware detection while maintaining competitive performance, offering significant potential to improve analysis efficiency through actionable insights into malicious behaviors.",ieee,llm,0.990,unreviewed,
discarded,Stack Redundancy to Thwart Return Oriented Programming in Embedded Systems,Cyril Bresch; David Hély; Athanasios Papadimitriou; Adrien Michelet-Gignoux; Laurent Amato; Thomas Meyer,2018,IEEE Embedded Systems Letters,10.1109/LES.2018.2819983,https://ieeexplore.ieee.org/document/8326545/,off-topic-false-hit,"With the emergence of Internet of Things, embedded devices are increasingly the target of software attacks. The aim of these attacks is to maliciously modify the behavior of the software being executed by the device. The work presented in this letter has been developed for the Cyber Security Awareness Week Embedded Security Challenge. This contest focuses on memory corruption issues, such as stack overflow vulnerabilities. These low level vulnerabilities are the result of code errors. Once exploited, they allow an attacker to write arbitrary data in memory without limitations. We detail in this letter a hardware-based countermeasure against return address corruption in the processor stack. First, several exploitation techniques targeting stack return addresses are discussed, whereas a lightweight hardware countermeasure is proposed and validated on the OpenRISC core. The countermeasure presented follows the shadow stack concept with a minimal hardware modification of the targeted core and an easy integration at the application level.",ieee,llm,0.990,unreviewed,
discarded,"Why Minimal Guidance During Instruction Does Not Work: An Analysis of the Failure of Constructivist, Discovery, Problem-Based, Experiential, and Inquiry-Based Teaching",Paul A. Kirschner; John Sweller; Richard E. Clark,2006,Educational Psychologist,10.1207/s15326985ep4102_1,https://openalex.org/W1976637107,off-topic-false-hit,"Evidence for the superiority of guided instruction is explained in the context of our knowledge of human cognitive architecture, expert–novice differences, and cognitive load. Although unguided or minimally guided instructional approaches are very popular and intuitively appealing, the point is made that these approaches ignore both the structures that constitute human cognitive architecture and evidence from empirical studies over the past half-century that consistently indicate that minimally guided instruction is less effective and less efficient than instructional approaches that place a strong emphasis on guidance of the student learning process. The advantage of guidance begins to recede only when learners have sufficiently high prior knowledge to provide ""internal"" guidance. Recent developments in instructional research and instructional design models that support guidance during instruction are briefly described.",openalex,llm,0.980,unreviewed,
discarded,GPOWER: A general power analysis program,Edgar Erdfelder; Franz Faul; Axel Buchner,1996,"Behavior Research Methods, Instruments, & Computers",10.3758/bf03203630,https://openalex.org/W2069863414,off-topic-false-hit,"GPOWER is a completely interactive, menu-driven program for IBM-compatible and Apple Macintosh personal computers. It performs high-precision statistical power analyses for the most common statistical tests in behavioral research, that is, t tests, F tests, and chi(2) tests. GPOWER computes (1) power values for given sample sizes, effect sizes and alpha levels (post hoc power analyses); (2) sample sizes for given effect sizes, alpha levels, and power values (a priori power analyses); and (3) alpha and beta values for given sample sizes, effect sizes, and beta/alpha ratios (compromise power analyses). The program may be used to display graphically the relation between any two of the relevant variables, and it offers the opportunity to compute the effect size measures from basic parameters defining the alternative hypothesis. This article delineates reasons for the development of GPOWER and describes the program's capabilities and handling.",openalex,llm,0.990,unreviewed,
discarded,Metaphors We Think With: The Role of Metaphor in Reasoning,Paul H. Thibodeau; Lera Boroditsky,2011,PLoS ONE,10.1371/journal.pone.0016782,https://openalex.org/W2033778615,off-topic-false-hit,"The way we talk about complex and abstract ideas is suffused with metaphor. In five experiments, we explore how these metaphors influence the way that we reason about complex issues and forage for further information about them. We find that even the subtlest instantiation of a metaphor (via a single word) can have a powerful influence over how people attempt to solve social problems like crime and how they gather information to make ""well-informed"" decisions. Interestingly, we find that the influence of the metaphorical framing effect is covert: people do not recognize metaphors as influential in their decisions; instead they point to more ""substantive"" (often numerical) information as the motivation for their problem-solving decision. Metaphors in language appear to instantiate frame-consistent knowledge structures and invite structurally consistent inferences. Far from being mere rhetorical flourishes, metaphors have profound influences on how we conceptualize and act with respect to important societal issues. We find that exposure to even a single metaphor can induce substantial differences in opinion about how to solve social problems: differences that are larger, for example, than pre-existing differences in opinion between Democrats and Republicans.",openalex,llm,0.990,unreviewed,
discarded,The SPLASH-2 programs,Steven Cameron Woo; Moriyoshi Ohara; Evan Torrie; Jaswinder Pal Singh; Anoop Gupta,1995,,10.1145/223982.223990,https://openalex.org/W2145021036,off-topic-false-hit,"The SPLASH-2 suite of parallel applications has recently been released to facilitate the study of centralized and distributed shared-address-space multiprocessors. In this context, this paper has two goals. One is to quantitatively characterize the SPLASH-2 programs in terms of fundamental properties and architectural interactions that are important to understand them well. The properties we study include the computational load balance, communication to computation ratio and traffic needs, important working set sizes, and issues related to spatial locality, as well as how these properties scale with problem size and the number of processors. The other, related goal is methodological: to assist people who will use the programs in architectural evaluations to prune the space of application and machine parameters in an informed and meaningful way. For example, by characterizing the working sets of the applications, we describe which operating points in terms of cache size and problem size are representative of realistic situations, which are not, and which re redundant. Using SPLASH-2 as an example, we hope to convey the importance of understanding the interplay of problem size, number of processors, and working sets in designing experiments and interpreting their results.",openalex,llm,0.980,unreviewed,
