status,title,authors,year,venue,doi,url,tags,abstract,provider,decision_source,llm_confidence,llm_review_outcome,llm_change_direction
kept,The mediating role of self-regulation in the relationship between psychological resilience and computational thinking,"Beyazhancer, Rumeysa",2026,FRONTIERS IN PSYCHOLOGY,10.3389/fpsyg.2026.1714038,https://www.webofscience.com/wos/woscc/full-record/WOS:001754400700001,qualifies-claim,"Introduction: Psychological resilience and self-regulation are key psychological constructs that support learners' adaptation to challenges. Resilience provides the motivational foundation for persistence, while self-regulation enables planning, monitoring, and adjustment of strategies. Computational thinking (CT) represents a higher-order cognitive framework that includes creativity, algorithmic thinking, collaboration, critical thinking, and problem solving. This study examines the mediating role of self-regulation in the relationship between psychological resilience and CT among pre-service mathematics teachers. Method: Participants were 336 pre-service mathematics teachers from two state universities in T & uuml;rkiye. Data were collected using the Psychological Resilience Scale, the Self-Regulation Scale, and the Computational Thinking Skills Scale. Confirmatory factor analyses supported the validity and reliability of the measures. Correlation analyses examined the associations among constructs, and mediation was tested using PROCESS Macro (Model 4) with controls for gender and grade level. Results: Psychological resilience was positively associated with CT skills (r = 0.34, p < 0.001) and self-regulation (r = 0.41, p < 0.001). Self-regulation was also positively associated with CT skills (r = 0.36, p < 0.001). Mediation analyses showed that including self-regulation reduced the associations between resilience and CT sub-dimensions, though they remained significant, indicating partial mediation. Bootstrap analyses confirmed significant indirect effects across all CT sub-dimensions. Discussion and conclusion: Findings suggest that psychological resilience is related to CT skills both directly and indirectly through self-regulation. Self-regulation acts as a mechanism that channels resilient tendencies into goal-directed strategies, thereby enhancing CT. These results underscore the value of integrating resilience, self-regulation, and CT into teacher education programs to promote adaptability and 21st-century skills.",wos,llm,0.890,unreviewed,
kept,Construction and Application of a Computational Thinking Assessment Framework from the Perspective of the Iceberg Model,Xuchen Zhou; Wei Zhang; Shengming Wang; Hao Chen,2023,2023 5th International Workshop on Artificial Intelligence and Education (WAIE),10.1109/WAIE60568.2023.00025,https://ieeexplore.ieee.org/document/10496944/,qualifies-claim,"Computational thinking assessment is an important part of testing the effectiveness of computational thinking cultivation. However, the existing computational thinking assessments still suffer from the problem of insufficient examination of non-cognitive factors, leading to the lack of validity of its assessment results. Since the iceberg model can comprehensively and deeply explore individual characteristics, this paper draws on the division idea of the model and divides computational thinking into explicit computational thinking the basic knowledge required to solve problems using computational thinking and implicit computational thinking the internal psychological characteristics of individuals in the process of using computational thinking. A comprehensive assessment framework of computational thinking is constructed, which contains five dimensions: knowledge and skills, self-efficacy, internet attitude, learning motivation, and thinking style. Finally, its application in the hierarchical teaching of computational thinking and suggestions for personalized teaching programs are given in order to promote the development of personalized education in computational thinking.",ieee,llm,0.940,unreviewed,
discarded,Design and Performance Validation of a Computational Thinking Gamified Intelligent Tutoring System Focusing on Thinking Process,Zhilin Cen; Linlin Zheng; Zehui Zhan,2025,2025 14th International Conference on Educational and Information Technology (ICEIT),10.1109/ICEIT64364.2025.10975898,https://ieeexplore.ieee.org/document/10975898/,adjacent-subtopic,"Computational thinking (CT) is recognized as a crucial problem-solving skill in the age of artificial intelligence. However, there remains a significant gap in the availability of intelligent tools that effectively foster computational thinking in line with contemporary educational needs. To address this, the present study proposes a gamified intelligent tutoring system that supports learners' CT development through a process-oriented assessment methodology and targeted guidance. The assessment framework leverages machine learning algorithms to construct predictive models based on the frequency of six behavioral elements observed during gameplay, including a process-oriented failure risk assessment model for formative evaluation and a summative computational thinking level assessment model. The system identifies the critical process element contributing most to the prediction outcome to provide targeted guidance for learners at risk of failure or exhibiting low computational performance. Using a dataset of 754 real learner cases, five machine learning algorithms were compared, and multi-metric evaluation confirmed strong predictive performance, with accuracy exceeding 80%. Logistic regression was selected as the final algorithm due to its simplicity, efficiency, and interpretability, ensuring practical applicability. The tool will enable the scaling and personalization of computational thinking development.",ieee,llm,0.800,unreviewed,
kept,"Advancing Learning in Higher Education : A Triadic Framework of Computational Thinking, Doing and Systems Thinking",Prashant G. Joshi,2025,2025 International Conference on Computer and Applications (ICCA),10.1109/ICCA66035.2025.11430748,https://ieeexplore.ieee.org/document/11430748/,qualifies-claim,"This study proposes a triadic learning framework that integrates Computational Thinking (CT), Computational Doing (CD) and Systems Thinking (ST), going beyond conventional approaches focused solely on abstraction or execution. A key contribution is the introduction of CD as a novel pedagogical construct that bridges conceptual modeling and real-world implementation, forming a critical link between thought and action. The study validates how the integrated CT–CD–ST model enhances learner engagement, depth and systemic reasoning. While CT has gained global traction in computing education, existing curricula often lack emphasis on how computational solutions are practically implemented and contextually aligned. The need for a unified framework that supports abstraction, action and systemic insight is increasingly relevant across disciplines and programs worldwide. The framework is designed to foster: (1) cognitive clarity through CT, (2) iterative, purposeful implementation via CD and (3) contextual awareness and interdisciplinary thinking through ST. A structured experimental setup was employed using two problem scenarios a triangle classification task and a liquid dispensing system executed across three progressive levels aligned with CT, CD and ST. Learners’ responses were assessed qualitatively using a three-point rubric. Results indicate that learners advanced from structured problem-solving to deeper contextual integration. CD emerged as the pivotal bridge between abstraction and practice, while ST enabled broader reflection on usability, sustainability and systems-level impact. The triadic framework offers a scalable model for reimagining learning strategies in higher education.",ieee,llm,0.780,unreviewed,
kept,Collaborative Game-Based Environment and Assessment Tool for Learning Computational Thinking in Primary School: A Case Study,Mar&#x00ED;a Zapata-C&#x00E1;ceres; Estefan&#x00ED;a Mart&#x00ED;n-Barroso; Marcos Rom&#x00E1;n-Gonz&#x00E1;lez,2021,IEEE Transactions on Learning Technologies,10.1109/TLT.2021.3111108,https://ieeexplore.ieee.org/document/9536372/,supports-claim,"Computational thinking (CT) can be considered a 21st century core skill and, accordingly, it should be taught to students at an early age. Nevertheless, the implementation of CT in school curricula is still in an experimental stage, given that different performance metrics remain unclear, including the appropriate age for learning each skill, the significant and achievable computational concepts for each school year, teaching strategies, learning effectiveness, and strategies for assessing development. Based upon constructivist problem-solving learning strategies and supported by a three-dimensional framework, a game-based environment with both individual and collaborative playing modes has been developed as a learning and an assessment tool via learning analytics. Moreover, an exploratory case study has been carried out involving 176 primary school students. Results suggest that this environment is suitable as a learning and assessment tool for CT skills in primary school, providing enduring learning, particularly when it engages the collaborative playing mode. It seems to be better adapted to early primary school stage students, who showed greater improvements and who were able to assimilate more computational concepts than expected. Likewise, special needs or low percentile students benefit even more greatly from the learning tool and especially from the collaborative playing mode. The combination of different assessment methodologies&#x2014;including CT pre- and posttests, data-driven analytics, direct observation, and questionnaires&#x2014;provides assessment for each of the framework computational dimensions.",ieee,llm,0.790,unreviewed,
discarded,Using Rubrics for Assessment and Peer Assessment of Artful Robotics Projects with the Focus on Computational Thinking,Zuzana Kubincová; Karolína Miková; Lucia Budinská,2024,2024 21st International Conference on Information Technology Based Higher Education and Training (ITHET),10.1109/ITHET61869.2024.10837599,https://ieeexplore.ieee.org/document/10837599/,adjacent-subtopic,"Teaching with educational robots is increasingly being integrated into the curriculum. However, many teachers, and especially those who have been in practice for a long time have not been trained in this area. Therefore, in-service teacher training in educational robotics is now an important area. In the framework of the Erasmus FERTILE project, materials on this topic have been developed. Based on these, teacher training is being implemented in several European countries in 2024. Participants are introduced to educational robotics in combination with arts, with a particular focus on the development of computational thinking skills. In this paper, we focus on the final part of the training, in which a peer assessment using a rubric was used to evaluate the projects created. We demonstrate the inter-rater reliability of the rubric applied and use the results of the peer assessment to verify the participants' level of understanding of computational thinking.",ieee,llm,0.800,unreviewed,
discarded,Exploring the Integration of Artificial Intelligence and Programming Education: A Practice-Oriented Study on the Development of Computational Thinking Based on Human-AI Co-Creation,Yaojie Zhuang; Yi Ji; Zhaowen Huang; Yujiao Shang; Xiuhong Li; Xiaomin Su,2025,2025 IEEE 5th International Conference on Software Engineering and Artificial Intelligence (SEAI),10.1109/SEAI65851.2025.11108869,https://ieeexplore.ieee.org/document/11108869/,adjacent-subtopic,"In the era of digital transformation, Computational Thinking (CT) has emerged as a core 21st-century competency, providing a systematic approach to problem-solving. Programming education is widely recognized as a key avenue for cultivating CT skills. However, current online programming platforms often fall short, facing challenges such as insufficient CT development, limited interactivity, and suboptimal learning outcomes. To address these issues, this study proposes the integration of Artificial Intelligence into instructional design to enhance the effectiveness of online programming education. Guided by the Human-AI Co-Creation Model, the research investigates the collaborative roles of educators and AI, and outlines a design framework for developing instructional content. Case studies demonstrate that this model significantly improves learners' computational thinking abilities and engagement, contributing to the advancement of teacher-AI collaborative systems in digital programming education.",ieee,llm,0.850,unreviewed,
discarded,A Rubric-Guided Approach to Assessing Computational Thinking Through makerspaces among 8th grade students,Redar Ismail; Roxanne Owens; Rizgar Ahmed; Craig Miller,2026,2026 IEEE Global Engineering Education Conference (EDUCON),10.1109/EDUCON67543.2026.11574420,https://ieeexplore.ieee.org/document/11574420/,adjacent-subtopic,"Background: Introducing computational thinking (CT) at an early age helps students develop problem-solving skills. Makerspaces have become popular as a learning environment among researchers. However, assessing the development of CT skills in informal settings, such as makerspaces, poses challenges for educators due to the lack of structured tools and real-time feedback.Purpose: This research presents and investigates the use of a rubric-based framework to help teachers observe, assess, and scaffold the development of computational thinking (CT) skills among middle school students during maker-based activities.Methods: The study was conducted as part of design-based research involving 8th-grade students in two making and programming activities. During the intervention, teachers used rubric as a formative assessment tool to collect and provide real-time feedback on how students (n = 24) approached problems, adapted their strategies, and the extent to which they applied CT concepts to solve them. Educators engaged students in direct discussions to scaffold their thinking and provide support when students faced difficulty in applying CT concepts.Findings: Teachers and the researcher observed that students were more flexible and consistent in Activity 1 than in Activity 2. A t-test showed improvements among several variables. The quantitative analysis of the rubric reveals that students performed better in activity one than two across all variables.Contribution: These results underscore the need for further investigation to elucidate the factors that influence student performance. The findings introduce the prioritization of professional development and provide suggestions for educators interested in introducing CT through making",ieee,llm,0.800,unreviewed,
kept,Exploring Digital Card Games as a Cognitive Tool for Developing Computational Thinking Skills: A Theoretical Evaluation of Hearthstone,Xinyue Zhou,2026,2026 IEEE Conference on Serious Games and Applications for Health (SeGAH),10.1109/SEGAH69272.2026.11653351,https://ieeexplore.ieee.org/document/11653351/,supports-claim,"The integration of digital games into educational environments has shifted the focus from pure entertainment to interactive cognitive skill development. Concurrently, Computational Thinking (CT) has emerged as a fundamental literacy in K-12 education. However, current teaching approaches often narrowly associate CT with explicit coding, creating accessibility barriers for students and educators. This paper proposes a theoretical framework using commercial off-the-shelf Digital Card Games (DCGs) as implicit cognitive tools for developing CT skills. Through a systematic evaluation of the popular DCG Hearthstone, this paper maps core game mechanics like deck building, Mana resource management, and turn-based sequencing directly to established CT dimensions, including decomposition, pattern recognition, abstraction, algorithmic thinking, and evaluation. By analyzing specific gameplay scenarios, this framework shows how DCGs naturally require algorithmic problem-solving in a programming-free environment. Furthermore, this paper outlines a proposed methodological framework for future empirical studies to quantify the effectiveness of DCGs in K-12 CT education. Ultimately, this mapping provides educators and game designers with a foundational model for using existing DCGs to develop computational problem-solving skills.",ieee,llm,0.760,unreviewed,
kept,Computational Thinking in Game-Based Learning for STEM Education,Noor Affieyka Natasha Ahamad; Ismassabah Ismail; Nurul Hidayah Mat Zain; Marina Ismail,2024,2024 IEEE 14th Symposium on Computer Applications & Industrial Electronics (ISCAIE),10.1109/ISCAIE61308.2024.10576494,https://ieeexplore.ieee.org/document/10576494/,supports-claim,"Game-based learning (GBL) has been shown to enhance engagement, comprehension of course material, and academic achievements. This study aims to investigate previous studies on integrating computational thinking (CT) abilities in STEM education through GBL and propose a framework for integrating CT through the GBL framework. The proposed framework focuses on certain domains in creating mobile gaming content that facilitates the user's acquisition of knowledge about the advancement of CT in science, specifically within the STEM discipline. In addition, a comprehensive literature review was undertaken to identify a specific research need. In the proposed framework, this study emphasized more that CT is implemented as an approach to attract the involvement of students in STEM education through the framework. To foster more engagement, the development of CT should consider STEM-appropriate components of the framework by optimizing software and hardware functions.",ieee,llm,0.670,unreviewed,
discarded,A Study on the Effects of Agent-Assisted Pair Programming Instruction on Computational Thinking and Programming Self-Efficacy Among Middle School Students,Li Meng; Ling Jiang,2026,2026 8th International Conference on Computer Science and Technologies in Education (CSTE),10.1109/CSTE69562.2026.11649767,https://ieeexplore.ieee.org/document/11649767/,adjacent-subtopic,"Pair programming is a significant organizational form in programming education, holding positive implications for its development. However, traditional pair programming instruction faces numerous challenges at both the collaborative and programming levels. To address this, this study designed and developed a pair programming agent. A quasi-experimental study was conducted with seventh-grade students from a middle school in City W, Hubei Province, China. The experimental class implemented instruction assisted by the pair programming agent, while the control class followed traditional teaching methods. By comparing changes in computational thinking and programming self-efficacy between the two classes before and after the instructional intervention, this research explores the effects of the pair programming agent on these aspects. The findings indicate that, compared to traditional pair programming instruction, instruction assisted by the pair programming agent more effectively fosters the development of computational thinking and enhances programming self-efficacy among middle school students.",ieee,llm,0.880,unreviewed,
discarded,Reframing Digital Curation Practices through a Computational Thinking Framework,Richard Marciano; Sarah Agarrat; Hannah Frisch; Margaret Rose Hunt; Kanishka Jain; Genevieve Kocienda; Hannah Krauss; Chenxi Liu; Mary McKinley; Danish Mir; Connor Mullane; Emery Patterson; Debashish Pradhan; James Santos; Britton Schams; Hilary Szu Yin Shiue; Andy Jose Silva; Mayhah Suri; Tahura Turabi; Mirielle Vasselli; Jiale Xu,2019,2019 IEEE International Conference on Big Data (Big Data),10.1109/BigData47090.2019.9006485,https://ieeexplore.ieee.org/document/9006485/,adjacent-subtopic,"We describe the value of reframing digital curation practices through a computational thinking (CT) framework. Using a case study that demonstrates computational treatments of World War II Japanese-American Incarceration Camp Records, we demonstrate the applicability of CT with respect to: (1) Detecting personally identifiable information, (2) Developing name registries, (3) Integrating vital records, (4) Designing controlled vocabularies, (5) Mapping events and people, and (6) Connecting events and people through networks. The work was carried out by 5 teams of students in an 8week digital curation exploration and development sprint.",ieee,llm,0.820,unreviewed,
