status,title,authors,year,venue,doi,url,tags,abstract,provider,decision_source,llm_confidence,llm_review_outcome,llm_change_direction
kept,Intelligent Tutoring System for Learning Programming,Tonči Dadić,2010,IGI Global eBooks,10.4018/978-1-61692-008-1.ch009,https://openalex.org/W2504565872,supports-claim,"Tutoring systems for programming help students understand features of target programming languages, and develop their general problem solving skills. Our system guides novices in learning syntax and semantics of programming language, problem decomposition, program design and testing. It is language independent, automatically adjusting course material to the language - subject of learning. Semantic analysis of student’s programs is based on comparison of abstract semantics trees of student’s and model-program. Model-program is coded by innovative programming language describing goals and variants of possible solutions. The notional machine defined by programming language, its verbal description of instruction actions and visualization of program execution, helps students to understand semantics of teaching language. Advancement through the course material controlled by computer teacher supports connection of new concepts to the present student’s knowledge. The system applies distinct teaching strategies to stoppers and movers.",openalex,llm,0.840,unreviewed,
kept,Intelligent Tutoring System for Learning Programming,Tonči Dadić,2011,IGI Global eBooks,10.4018/9781616920081.ch009,https://openalex.org/W4246014860,supports-claim,"Tutoring systems for programming help students understand features of target programming languages, and develop their general problem solving skills. Our system guides novices in learning syntax and semantics of programming language, problem decomposition, program design and testing. It is language independent, automatically adjusting course material to the language - subject of learning. Semantic analysis of student’s programs is based on comparison of abstract semantics trees of student’s and model-program. Model-program is coded by innovative programming language describing goals and variants of possible solutions. The notional machine defined by programming language, its verbal description of instruction actions and visualization of program execution, helps students to understand semantics of teaching language. Advancement through the course material controlled by computer teacher supports connection of new concepts to the present student’s knowledge. The system applies distinct teaching strategies to stoppers and movers.Request access from your librarian to read this chapter's full text.",openalex,llm,0.880,unreviewed,
kept,Simplifying Programming for Non-technical Students: A Hermeneutic Approach,Andrea Valente; Emanuela Marchetti,2022,K&uuml;nstliche Intell.,10.1007/s13218-021-00748-0,https://openalex.org/W4205355547,qualifies-claim,"This paper investigates the simplification of programming for non-technical university students. Typical simplification strategies are outlined, and according to our findings CT courses for non-technical students typically address learners from different faculties, providing generic and basic knowledge, not specifically related to their major. In this study, we propose instead a hermeneutic approach to simplify programming, in which we aim at clarifying the problem-solving aspect of programming, addressing computational problems that are specific to their studies and leveraging on learners’ preunderstanding of the digital media they have experienced as users. The practical counterpart of our theoretical approach is a minimalistic Python multimedia library, called Medialib, that we designed to enable university students with a non-technical profile to create visual media and games with short and readable code. We discuss the use of Medialib in two empirical case studies: a collaboration with the university of Kyushu in Fukuoka, Japan, and a coding module for Media Studies students at the University of Southern Denmark. Furthermore, we use Notional Machines to attempt a comparison of the simplicity of learning tools for programming, and to ground our claim that Medialib is “simpler” for learners than other popular approaches. The main contribution is a hermeneutic approach to the simplification of programming for specific contexts that combines the hermeneutic spiral and notional machines. The approach is supported by a tool, the Medialib library; the two case studies provide examples of how the approach and tool can be deployed in beginners in CT courses.",openalex,llm,0.790,unreviewed,
discarded,Computational Thinking 2.0,Matti Tedre,2022,,10.1145/3556787.3556788,https://openalex.org/W4304698348,adjacent-subtopic,"Machine learning (ML) has triggered major changes across a great number of computing fields. People’s lives today are full of ML-driven services: eerily accurate recommendations, ability to automatically tag one’s friends in photos, and well working translation systems, for example. This keynote talk presents how ML technology upends the computational thinking (CT) consensus in computing education. It begins by presenting why and how a number of classical “CT1.0” concepts need to be re-thought for the “CT2.0” (machine learning) era, from control structures and problem-solving workflow, to correctness and notional machines. Based on a series of classroom interventions on teaching machine learning to middle schoolers, conducted by DIGS RC at University of Eastern Finland, the talk also presents how classroom pedagogy shifts between CT1.0 and CT2.0.",openalex,llm,0.910,unreviewed,
kept,Teaching Programming for First-Year Data Science,Joshua Burridge; Alan Fekete,2022,,10.1145/3502718.3524740,https://openalex.org/W4284890295,qualifies-claim,"This paper describes experiences in teaching Python programming as part of a large-enrolment first-year subject, that is a foundation for an undergraduate major in data science and it is also taken by a wide variety of non-majors across the arts, sciences and business fields. The paper focuses on some central design decisions about the content, sequence, approach, and tool support, and we reflect on how they have worked out and what we changed, as we have taught the subject to about 2500 students over four offerings (including two which were entirely on-line due to the pandemic). Particular aspects that are the focus in this paper include: teaching programming through a sequence of common patterns/idioms for data exploration and analysis, rather than in the language-feature focus that is traditional in programming classes; read-then-write-until-correct presentation for each pattern; explicit presentation of a notional machine for execution, in stages as more language complexity is experienced; starting with core Python before then covering use of libraries such as pandas, matplotlib and scikit-learn.",openalex,llm,0.970,unreviewed,
kept,From Procedures to Objects: What Have We (Not) Done?,Jorma Sajaniemi; Marja Kuittinen,2007,,,https://openalex.org/W2811455393,qualifies-claim,"Abstract. Programming education has experienced a shift from imperative and procedural programming to object-orientation. This shift has been motivated by educators ’ desire to please information technology industry and potential students; it is not motivated by psychology of programming nor by computer science education research—there are practically no results that would indicate that such a shift is desirable, needed in the first place, or even effective for learning programming. Moreover, there has been an implicit assumption that classic results on imperative and procedural programming education and learning apply to OO programming, also, but we argue that this is not the case and, therefore, call for systematic research into the fundamental cognitive and educational issues in learning and teaching OO programming. In order to understand the huge shift from imperative and procedural programming to object-orientation, we compare these paradigms at three levels: notations of languages, the notional machine that describes how programs are executed, and the orientation of a paradigm describing what programs are for and what can be done with them. We will also review research literature and see how it supports our claims. Finally, we present a research agenda intended to improve the understanding of OO programming and OO programming education. 1",openalex,llm,0.950,unreviewed,
kept,The Challenges of Learning Programming,Mark Guzdial,2016,Synthesis lectures on human-centered informatics,10.1007/978-3-031-02216-6_2,https://openalex.org/W4300843378,systematic-review,,openalex,llm,0.820,unreviewed,
kept,A Necessity-driven Learning Design for Computer Science,Marco Sbaraglia,2021,,10.1145/3456565.3460017,https://openalex.org/W3177140071,supports-claim,"I plan to develop a theoretical model for teaching programming to novice learners to learn CS core concepts based on a progression of ""notional machines"" (NMs). The progression is driven by a CS-specific learning design: passages from a NM to the next must be designed to make students ""feel the necessity"" to learn what is new.",openalex,llm,0.760,unreviewed,
discarded,An Exploration of Teachers’ Perspective About the Learning of Iteration-Control Constructs,Emanuele Scapin; Claudio Mirolo,2019,Lecture notes in computer science,10.1007/978-3-030-33759-9_2,https://openalex.org/W2984524534,adjacent-subtopic,,openalex,llm,0.840,unreviewed,
kept,An Initial Exploration of Code Diagram Query Effectiveness,Lauren Himbeault; Celine Latulipe,2024,,10.1145/3660650.3660664,https://openalex.org/W4399860921,supports-claim,"In introductory programming, students must develop an accurate mental model of how programming languages work. This model, often called a ‘notional machine,’ is essential for understanding how a machine interprets and executes code. Existing research highlights the importance of building effective and accurate mental models through code-tracing activities and tools like code visualizations. However, effectively integrating such tools into post-secondary classes remains challenging, especially in large classroom settings. To address this, we have developed Code Diagram Queries (CDQs) for introductory programming courses to help students build mental models of programming language notional machines. CDQs are questions incorporating diagrammatic representations of code at various execution stages to foster student engagement and comprehension of how the code is executed. CDQs were designed to challenge and refine student mental models of code execution. The effectiveness of these CDQs was assessed in an introductory Python programming course, where students in one section engaged with CDQ-based normative assessments (n=94) and students in a control section engaged with non-CDQ normative assessments (n=82). Through comparative evaluations of course performance and visualization engagement, as well as qualitative interview responses, we found preliminary evidence that CDQs helped identify and clarify misconceptions around abstract programming concepts.",openalex,llm,0.950,unreviewed,
kept,Students’ Misconceptions and Other Difficulties in Introductory Programming,Yizhou Qian; James Daniel Lehman,2017,ACM Transactions on Computing Education,10.1145/3077618,https://openalex.org/W2766624855,supports-claim,"Efforts to improve computer science education are underway, and teachers of computer science are challenged in introductory programming courses to help learners develop their understanding of programming and computer science. Identifying and addressing students’ misconceptions is a key part of a computer science teacher's competence. However, relevant research on this topic is not as fully developed in the computer science education field as it is in mathematics and science education. In this article, we first review relevant literature on general definitions of misconceptions and studies about students’ misconceptions and other difficulties in introductory programming. Next, we investigate the factors that contribute to the difficulties. Finally, strategies and tools to address difficulties including misconceptions are discussed. Based on the review of literature, we found that students exhibit various misconceptions and other difficulties in syntactic knowledge, conceptual knowledge, and strategic knowledge. These difficulties experienced by students are related to many factors including unfamiliarity of syntax, natural language, math knowledge, inaccurate mental models, lack of strategies, programming environments, and teachers’ knowledge and instruction. However, many sources of students’ difficulties have connections with students’ prior knowledge. To better understand and address students’ misconceptions and other difficulties, various instructional approaches and tools have been developed. Nevertheless, the dissemination of these approaches and tools has been limited. Thus, first, we suggest enhancing the dissemination of existing tools and approaches and investigating their long-term effects. Second, we recommend that computing education research move beyond documenting misconceptions to address the development of students’ (mis)conceptions by integrating conceptual change theories. Third, we believe that developing and enhancing instructors’ pedagogical content knowledge (PCK), including their knowledge of students’ misconceptions and ability to apply effective instructional approaches and tools to address students’ difficulties, is vital to the success of teaching introductory programming.",openalex,llm,0.960,unreviewed,
discarded,Parsons problems and computing education learning theories,Claudia Szabo; Judy Sheard; Lauri Malmi; Päivi Kinnunen,2025,,10.1145/3769994.3770032,https://openalex.org/W4415965781,adjacent-subtopic,"Parsons problems are code-ordering exercises where students create a correct program or algorithm by arranging a set of syntactically correct instructions into the correct sequence. The ordering allows novice programming students to focus on the program flow without being distracted by syntactical errors. By reducing cognitive load and promoting active engagement, Parsons Problems have been shown in many studies to support learning effectively. General learning theories such as cognitive load theory and constructivism have been used to underpin Parsons problems, and we first study the theoretical framing of Parsons problems with this lens. Despite Parsons problems originating within the computing domain, few computing education specific learning theories have been linked to Parsons problems. In this paper, we explore the depth of connections between computing specific theories of learning and Parsons problems as identified through a literature search. We found explicit and strong connections between Parsons problems and programming plans, notional machine and engagement taxonomy, with shallower connections with several other computing education theories.",openalex,llm,0.850,unreviewed,
kept,A Hermeneutic Approach to Simplify Programming: Secondary Education Case Studies,Andrea Valente; Emanuela Marchetti,2022,Lecture notes in computer science,10.1007/978-3-031-05657-4_36,https://openalex.org/W4285168303,adjacent-subtopic,"A central concern in the field of CT deals with how to simplify programming, to make it accessible to individuals without a technical background. Although CT should not be only reduced to it, programming remains the main challenge in the design of CT pedagogical approaches and tools. In the past years we have developed an approach to simplify programming, centered on the creation of a theoretical framework that can describe the learning path of beginner programmers in terms of knowledge distance. Our framework combines the hermeneutic spiral with Notional Machines, NoMs for short, seen as a more operational counterpart to hermeneutics. To simplify the problem-solving aspect of programming for learners, our approach addresses computational problems that are specific to their studies, and leverages learners' preunderstanding of the digital media, that they have experienced as users. To concretize the connection between the hermeneutic spiral and NoMs, we designed a minimalistic Python multimedia library, called Medialib, aimed at enabling secondary education students to create visual media and games with simple code; the choice of multimedia as the main domain to introduce CT spawns directly from the hermeneutic spiral and learners' preunderstanding. This paper compares three case studies that we conducted in the past three years, at universities in Japan and Denmark, and in a Danish gymnasium. The main contribution of this paper is a theoretical understanding of how CT is being constructed as a school subject in Danish high schools and non-technical lines in university. Our studies show a convergence of CT towards design of multimedia in secondary education, especially regarding the high-fidelity prototyping phase.",openalex,llm,0.860,unreviewed,
discarded,"From Symbol to ‘Symbol’, to Abstract Symbol: Response to Copeland and Shagrir on Turing-Machine Realism Versus Turing-Machine Purism",Eli Dresner; Ofra Rechter,2016,Minds and Machines,10.1007/s11023-016-9394-1,https://openalex.org/W2309353157,off-topic-false-hit,"In their recent paper ""Do Accelerating Turing Machines Compute the Uncomputable?"" Copeland and Shagrir (Minds Mach 21:221-239, 2011) draw a distinction between a purist conception of Turing machines, according to which these machines are purely abstract, and Turing machine realism according to which Turing machines are spatio-temporal and causal ""notional"" machines. In the present response to that paper we concede the realistic aspects of Turing's own presentation of his machines, pointed out by Copeland and Shagrir, but argue that Turing's treatment of symbols in the course of that presentation opens the door for later purist conceptions. Also, we argue that a purist conception of Turing machines (as well as other computational models) plays an important role not only in the analysis of the computational properties of Turing machines, but also in the philosophical debates over the nature of their realization.",openalex,llm,0.990,unreviewed,
discarded,Teaching Machine Learning in K–12 Classroom: Pedagogical and Technological Trajectories for Artificial Intelligence Education,Matti Tedre; Tapani Toivonen; Juho Kahila; Henriikka Vartiainen; Teemu Valtonen; Ilkka Jormanainen; Arnold Pears,2021,IEEE Access,10.1109/access.2021.3097962,https://openalex.org/W3192744758,adjacent-subtopic,"Over the past decades, numerous practical applications of machine learning techniques have shown the potential of AI-driven and data-driven approaches in a large number of computing fields. Machine learning is increasingly included in computing curricula in higher education, and a quickly growing number of initiatives are expanding it in K-12 computing education, too. As machine learning enters K-12 computing education, understanding how intuition and agency in the context of such systems is developed becomes a key research area. But as schools and teachers are already struggling with integrating traditional computational thinking and traditional artificial intelligence into school curricula, understanding the challenges behind teaching machine learning in K-12 is an even more daunting challenge for computing education research. Despite the central position of machine learning and AI in the field of modern computing, the computing education research body of literature contains remarkably few studies of how people learn to train, test, improve, and deploy machine learning systems. This is especially true of the K-12 curriculum space. This article charts the emerging trajectories in educational practice, theory, and technology related to teaching machine learning in K-12 education. The article situates the existing work in the context of computing education in general, and describes some differences that K-12 computing educators should take into account when facing this challenge. The article focuses on key aspects of the paradigm shift that will be required in order to successfully integrate machine learning into the broader K-12 computing curricula. A crucial step is abandoning the belief that rule-based “traditional” programming is a central aspect and building block in developing next generation computational thinking.",openalex,llm,0.900,unreviewed,
discarded,Constructivism in computer science education,Mordechai Ben‐Ari,1998,ACM SIGCSE Bulletin,10.1145/274790.274308,https://openalex.org/W2176513605,adjacent-subtopic,"Constructivism is a theory of learning which claims that students construct knowledge rather than merely receive and store knowledge transmitted by the teacher. Constructivism has been extremely influential in science and mathematics education, but not in computer science education (CSE). This paper surveys constructivism in the context of CSE, and shows how the theory can supply a theoretical basis for debating issues and evaluating proposals.",openalex,llm,0.820,unreviewed,
discarded,Constructivism in computer science education,Mordechai Ben‐Ari,1998,,10.1145/273133.274308,https://openalex.org/W2127757021,adjacent-subtopic,"Constructivism is a theory of learning which claims that students construct knowledge rather than merely receive and store knowledge transmitted by the teacher. Constructivism has been extremely influential in science and mathematics education, but not in computer science education (CSE). This paper surveys constructivism in the context of CSE, and shows how the theory can supply a theoretical basis for debating issues and evaluating proposals.",openalex,llm,0.820,unreviewed,
