status,title,authors,year,venue,doi,url,tags,abstract,provider,decision_source,llm_confidence,llm_review_outcome,llm_change_direction
discarded,College students' migraine perceptions and lived experiences: A qualitative study,"Minen, Mia T.; Dorf, Julia; Novo, Sara; Gima, David; Nasker, Shreya; Getz, Mara",2026,HEADACHE,10.1111/head.70103,https://www.webofscience.com/wos/woscc/full-record/WOS:001799576000001,off-topic-false-hit,"Objective Our objectives were to understand migraine-related perceptions among college students and the lived experiences of those with migraine on college campuses and to generate recommendations for supporting college students with migraine.Background During young adulthood, there is a sharp growth in migraine prevalence and disability-adjusted life years. Migraine prevalence is approximately 16% among university students and negatively influences several aspects of a student's college experience.Methods This was a qualitative study using phenomenological inquiry via virtual semistructured focus groups. Recruitment took place between April 2025 and July 2025. An initial 60-min focus group was conducted in May 2025 with an all-women's college to assess our questions' relevance and comprehensiveness. We then conducted four national focus groups in June 2025 and July 2025 with college students from across the United States. All focus groups included students with and without severe headache or migraine (self-reported). Focus groups were transcribed and independently coded twice. We developed themes for the five focus groups using content analysis. Qualitative analysis was conducted between July 2025 and September 2025.Results Three students attended the all-women's college focus group and 47 students attended one of the four national focus groups (n = 50). The following themes emerged from the five focus groups: (1) Migraine is often misunderstood and not discussed on campus, with misconceptions surrounding severity and its distinction from headache. (2) The impact of migraine on campus is significant, with students reporting various triggering environments, difficulty maintaining focus, attending class, performing academically, preserving social relationships, and participating in extracurricular activities. (3) The most commonly reported accommodations for migraine were academic, specifically exam- and attendance-related, though not always honored by professors. (4) Access to migraine care for students is challenging, with reports that student health centers are typically unapproachable, inconvenient, and unhelpful, with students seeking external providers for migraine. Students recommended more awareness and education initiatives for improved understanding of migraine as well as increased access to migraine resources and accommodations.Conclusion The experiences captured in our study provide unique qualitative insights by highlighting how misunderstanding of migraine on campus contributes to social and academic challenges faced by students with migraine. Students described unmet needs related to widespread misunderstanding of migraine, limited academic flexibility, environmental triggers, limited access to care, and inconsistent implementation of accommodations, highlighting that greater awareness of migraine, especially by professors and student health services, is crucial on college campuses. There are opportunities for migraine education programs on college campuses to increase knowledge and awareness about migraine and create a more supportive migraine environment.",wos,llm,1.000,unreviewed,
discarded,Impact of fortified food distributed through Anganwadi centers in the prevention of anemia among children in Andhra Pradesh,"Gupta, Arti; Sripad, Desai Vidya; Likhitha, Ramireddy Gari; Eswaramoorthi, Kishore; Aravindakshan, Rajeev; Guhan, Naga; Reddy, Bathina Sritha; Satya, Asu; Kamal, Bhukya; Bharath, E.",2026,JOURNAL OF FAMILY MEDICINE AND PRIMARY CARE,10.4103/jfmpc.jfmpc_379_26,https://www.webofscience.com/wos/woscc/full-record/WOS:001796486500024,off-topic-false-hit,"Background:Anemia remains a significant public health problem among young children in India despite long-standing supplementary nutrition interventions under the Integrated Child Development Services (ICDS). Balamrutham, a fortified food provided through Anganwadi Centers, aims to improve nutritional and biochemical outcomes; however, evidence of its effectiveness under routine program conditions is limited. This study assessed the burden of anemia and iron deficiency among children attending AWCs and examined the association between Balamrutham consumption and anemia-related biochemical parameters.Methods:A community-based cross-sectional mixed-methods study was conducted among 230 children aged 1-6 years attending 23 AWCs in rural Andhra Pradesh. Sociodemographic, feeding, and dietary information were collected using a structured questionnaire. Anthropometric and biochemical assessment, including hemoglobin, serum ferritin, and serum iron was performed. Quantitative data were analyzed using descriptive statistics and logistic regression analysis. Qualitative data on barriers to Balamrutham consumption were collected through in-depth interviews and analyzed thematically.Results:Among 230 children, 51 (22.2%) were consuming Balamrutham. The overall prevalence of anemia was 85.1%, with moderate anemia most common (57.8%). Low serum ferritin and low serum iron were observed in 47.0% and 44.8% of participants, respectively. Balamrutham consumption was not significantly associated with hemoglobin, serum ferritin, or serum iron levels. On multivariable logistic regression, younger age (1-3 years) and infrequent non-vegetarian food intake were independently associated with low ferritin levels. Thematic analysis identified five key barriers to Balamrutham utilization: perceived adverse effects, poor child acceptability, parental misconceptions, logistical constraints, and intra-household sharing.Conclusion:Despite the availability of fortified supplementary nutrition, inconsistent and inadequate consumption limited its measurable biochemical impact. Enhancing awareness, adherence, and implementation is key to improving ICDS nutrition outcomes.",wos,llm,1.000,unreviewed,
discarded,"Parents' knowledge, awareness, and practices towards children with epilepsy in the Riyadh Region, Saudi Arabia: A cross-sectional study","Bin Abdulrahman, Khalid A.; Alghanim, Abdulaziz M.; Bagazi, Ayad A.; ElShidi, Yazeed B.; Alshelaiel, Mohammed H.; Algezlan, Ammar S.; Alsalem, Khalid A.; Almunif, Thamer M.",2026,JOURNAL OF FAMILY MEDICINE AND PRIMARY CARE,10.4103/jfmpc.jfmpc_195_26,https://www.webofscience.com/wos/woscc/full-record/WOS:001796486500031,off-topic-false-hit,"Background: Epilepsy (EP) is among the most common neurological disorders in children globally, with a notably high prevalence in Saudi Arabia, partly due to elevated consanguinity rates. Despite substantial research, limited data exist on parental knowledge, awareness, and practices (KAP) regarding childhood epilepsy in Riyadh. This study assessed parents' understanding and attitudes towards epilepsy. Methods: A cross-sectional survey was conducted among 455 parents residing in Riyadh using a newly developed 27-item online questionnaire. Statistical analysis was performed using SPSS, with significance at P < 0.05. Results: Many parents lacked sufficient knowledge about epilepsy. About 37.6% believed epilepsy was curable, and 25.85% attributed it to possession by demons. Convulsions (38.54%) and loss of consciousness (31.67%) were the most recognized symptoms. Awareness of treatment options was low, with only 21.5% knowing about surgical interventions. While 64.2% of parents believed children with epilepsy could succeed academically and professionally, 51.9% preferred not to disclose the diagnosis to friends and family. Regarding practices, 62.6% had witnessed a seizure, but 67% reported fear when encountering one. First-aid responses varied: 31.7% prioritized removing the patient from danger, while 23.7% would call an ambulance. Conclusion: Parental knowledge and awareness remain moderate, with persistent misconceptions and social stigma. Targeted educational programs are urgently needed to correct misunderstandings, promote effective first-aid responses, and foster community support for children with epilepsy. Enhancing public awareness could significantly improve epilepsy management and outcomes for affected families.",wos,llm,1.000,unreviewed,
discarded,"Seroprevalence, vaccination coverage and associated factors of hepatitis B and C infections among pregnant women in Azare, Bauchi State, Northeast Nigeria","Magaji, Auwal; Abdullahi, Muhammad; Mahmud, Zinat; Aminu, Sabiu; Auwal, Amina",2026,BMC INFECTIOUS DISEASES,10.1186/s12879-026-13506-0,https://www.webofscience.com/wos/woscc/full-record/WOS:001799855700006,off-topic-false-hit,"Background Hepatitis B and C virus infections remain major public health challenges, particularly in low- and middle-income countries. Pregnant women are a high-risk group due to the potential for mother-to-child transmission. This study assessed the prevalence of HBV and HCV infections, vaccination coverage, and associated factors among pregnant women in Northeastern Nigeria. Methods This hospital-based cross-sectional study was conducted between April and November 2025. Blood samples were collected from 423 pregnant women attending selected hospitals, after obtaining socio-demographic information. The samples were screened for HBsAg and anti-HCV antibodies using rapid diagnostic test kits. Results The prevalence of HBV, HCV, and HBV/HCV co-infection were 9.93%, 4.49%, and 0.95%, respectively. Higher prevalence of HBV (4.96%; 95% CI: 2.89-7.03) and HCV (2.13%; 95% CI: 0.76-3.50) was observed among women aged 25-34 years. Vaccination coverage was relatively low and was significantly associated with educational level (p < 0.001) and place of residence (p < 0.001). Awareness and knowledge of hepatitis infection, transmission routes, and vaccine acceptance were significantly associated with vaccination uptake. The major barriers to vaccination included lack of awareness (42.32%), fear of side effects (22.93%), and misconceptions regarding vaccine necessity (20.57%). Conclusion HBV and HCV infections remain prevalent among pregnant women in Northeastern Nigeria, with low vaccination coverage and significant gaps in awareness and access to preventive services, demanding targeted health education, improved vaccination access and strengthened antennal programs to reduce the burden of the infections in the area. Clinical trial number Not applicable.",wos,llm,1.000,unreviewed,
discarded,Educators' knowledge and misconceptions about dyslexia: Implications for teacher training and practice,"Baixauli, Inmaculada; Benitez, Emilio; Berenguer, Carmen",2026,BRITISH JOURNAL OF SPECIAL EDUCATION,10.1111/1467-8578.70112,https://www.webofscience.com/wos/woscc/full-record/WOS:001792948200001,off-topic-false-hit,"Dyslexia is a common specific learning difficulty that can affect academic performance and students' educational experiences. Despite its prevalence in primary education, delays in identification are still reported, sometimes associated with educators' misconceptions and limited knowledge about the condition. Understanding educators' beliefs and knowledge may help inform the design of professional training programs, particularly in non-English-speaking contexts such as Spain, where research on this topic remains limited. The present study examined Spanish educators' knowledge of dyslexia, focusing on scientific understanding, misconceptions, and potential differences among professional groups, including speech-language pathologists (SLPs), therapeutic specialists and primary school teachers. It also explored the relationships between training, confidence, professional experience and exposure to students with dyslexia and overall knowledge scores. A total of 163 Spanish educators (47 speech-language pathologists, 78 therapeutic specialists and 38 primary school teachers) completed the Dyslexia Knowledge Questionnaire-2 (DKQ-2), which assesses respondents' endorsement of statements consistent with expert knowledge about dyslexia. The results indicated a mixed pattern of understanding. Misconceptions were most frequently observed in items related to treatment (62.6%), followed by origin/prevalence (36.8%), characteristics (14%) and diagnosis (12.9%). Knowledge related to identification appeared comparatively stronger, although some uncertainty remained regarding linguistic aspects and oral language comprehension. Primary school teachers tended to show lower knowledge scores than speech-language pathologists and therapeutic specialists. Total knowledge scores were positively associated with training, confidence, experience and exposure to dyslexia cases, although only the amount of training emerged as a significant predictor in the regression analysis. These findings suggest that professional preparation related to dyslexia may play an important role in educators' knowledge of the condition. Strengthening evidence-informed professional development opportunities may help address misconceptions and support educators in responding to the needs of students with dyslexia.",wos,llm,1.000,unreviewed,
discarded,"Community awareness and cultural beliefs on female genital mutilation in Ibadan, Oyo State: Insights from a localised intervention","Hammed, Semiyu Gbadebo; Jacob, Enemona",2026,BMC WOMENS HEALTH,10.1186/s12905-026-04483-2,https://www.webofscience.com/wos/woscc/full-record/WOS:001793435900001,off-topic-false-hit,"Background Female Genital Mutilation (FGM) remains a significant public health issue in Nigeria, particularly in Ibadan, with a prevalence rate of 38%. Despite increased awareness and advocacy, FGM persists as a rite of passage, chastity, or cultural custom. Objective To investigate the impact of community awareness programs and cultural beliefs regarding FGM in Ibadan Oyo State, examining traditional misconceptions, cultural justifications, and the impact of awareness programs. Method This is a qualitative study among female young adults of reproductive age (18-49 years), who participated in semistructured in-depth interviews using a narrative inquiry qualitative research approach. Insights into participants ' experiences, perspectives, and attitudes impacted by awareness programs, as well as the interaction of cultural phenomena with public health education were revealed through thematic analysis of the data. Results Participants perceived that awareness programs and education have reduced FGM prevalence by providing accurate information, challenging misconceptions, and offering alternatives. Schools and community-based initiatives empower younger generations, but bridging generational knowledge gaps remains a challenge. Conclusion Eliminating FGM in Ibadan requires not only disseminating information but also sustaining culturally respectful, context-specific advocacy. Long-term progress lies in embedding anti-FGM education in everyday institutions and empowering future generations to advocate for change.",wos,llm,1.000,unreviewed,
discarded,"The effect of epilepsy education on seizure intervention, knowledge, and stigma levels among high school students: A randomized controlled study","Yeni, Kubra; Kilic, Ceren Dilan; Camci, Gozde Nur; Soylu, Burak Mert",2026,NEUROLOGY ASIA,10.54029/2026upm,https://www.webofscience.com/wos/woscc/full-record/WOS:001788470500001,off-topic-false-hit,"Background & Objective: Misinformation and misconceptions regarding epilepsy in society contribute to the increasing stigma surrounding the condition and its patients. This study aimed to examine the impact of education provided to high school students about epilepsy on their awareness of seizure intervention, knowledge level, and stigma associated with the condition. Method: This study, designed as a randomized controlled experimental study with pre-test and post-test measurements, collected data between February and May 2024. To gather data, the Student Information Form, the Epilepsy Knowledge Scale, the Epilepsy Stigma Scale, and the Numerical Rating Scale were utilized. A total of 256 high school students participated in the experimental group, while 201 students were included in the control group. Results: The mean total score on the Epilepsy Knowledge Scale in the experimental group increased, indicating a significant improvement compared to the control group (p<0.001, Cohens d=1.57, effect size 0.61). A significant decrease was found in all sub-dimensions and total scores of the Epilepsy Stigma Scale in the experimental group. (p<0.001, Cohens d= -0.92, effect size -0.41). Both groups' level of competence in seizure intervention was similar before the training (p=0.531); however, a significant increase was noted in the experimental group post-education (p=0.002, Cohens d= 1.74, effect size 0.65). Conclusion: Education given to high school students about epilepsy increases their knowledge and seizure intervention competence and reduces the level of stigma. In light of these findings, it is recommended that educational initiatives aimed at reducing stigma against individuals with epilepsy be widely implemented across the community.",wos,llm,1.000,unreviewed,
discarded,Board Certified Behavior Analysts' Perceptions Regarding Roles in Serving Students with Extensive Support and Complex Communication Needs in Schools,"Andzik, Natalie R.; Pinczynski, Monique; Masud, Andy; Reilly, Alexandra M.; Pennington, Robert C.; Walker, Virginia L.; Tapp, Melissa C.",2026,EDUCATION AND TREATMENT OF CHILDREN,10.1007/s43494-026-00184-5,https://www.webofscience.com/wos/woscc/full-record/WOS:001786895500001,off-topic-false-hit,"Students with extensive support needs (ESN) and complex communication needs (CCN) require interdisciplinary support for communication. Yet, little research has examined how board certified behavior analysts (BCBAs) perceive their preparation and roles in this area. Using a multiple-methods approach, we explored the training experiences, confidence, and collaboration of school-based BCBAs related to communication instruction for students with ESN and CCN. Survey data from 107 BCBAs and interviews with 9 BCBAs revealed that their preparedness to support this student population varied. They felt most prepared when addressing challenging behavior through communication-based instruction and least prepared to select augmentative and alternative communication (AAC) systems and conduct communication assessments. Although most BCBAs supported students who used aided AAC, few had received coursework or field-based training specific to AAC. Interview findings highlighted how access to resources, quality relationships, backgrounds, and philosophical differences, including misconceptions about applied behavior analysis, influenced collaboration with educators and related service providers. Findings suggest a need to strengthen AAC-related content in BCBA preparation programs and expand interdisciplinary training that supports collaborative communication programming for students with ESN and CCN.",wos,llm,1.000,unreviewed,
discarded,The role of indigenous knowledge and cultural dynamics in immunization uptake in Africa,"Wirsiy, Frankline Sevidzem; Sangwe, Clovis Nchinjoh; Ako-Arrey, Denis Ebot; Tahmo, Nancy; Yeika, Eugene Vernyuy; Kwemu, Clinton Njakoi; Wirsiy, Jean-Claude Kindzeka; Dine, Roseline Dzekem",2025,PAN AFRICAN MEDICAL JOURNAL,10.11604/pamj.2025.52.168.46893,https://www.webofscience.com/wos/woscc/full-record/WOS:001783502300001,off-topic-false-hit,"Despite fifty years of development in immunization programs, vaccine uptake is still inconsistent throughout many parts of Africa. As global public health experts with a background in epidemiology and control of infectious diseases, including community engagement, we think the secret to closing the gap lies in the indigenous knowledge and cultural dynamics. These factors, which have their roots in conventional systems, affect vaccine acceptability by influencing how people view health and illness. This viewpoint emphasizes how indigenous customs, cultural values, and contemporary vaccination methods interact. Using cultural rites, the roles of traditional rulers, traditional healers, and community gatekeepers as examples, we suggest incorporating these dynamics into standard immunization frameworks. This culturally sensitive technique will promote equal vaccine uptake among Africa's diverse communities by developing trust and bolstering vaccination resilience. Cultural and indigenous practices are key to understanding barriers to immunization uptake, especially in rural and underserved communities. This school of thought addresses how leveraging indigenous knowledge can strengthen routine immunization programs and improve resilience against vaccine hesitancy rooted in cultural misconceptions. To effectively incorporate indigenous knowledge and cultural dynamics into immunization frameworks, we propose a three-pronged approach dubbed, the LET perspective i.e. L= leverage cultural events, E=engage traditional elders and healers, T=train community healthcare workers.",wos,llm,1.000,unreviewed,
