status,title,authors,year,venue,doi,url,tags,abstract,provider,decision_source,llm_confidence,llm_review_outcome,llm_change_direction
discarded,The adverse effects of code duplication in machine learning models of code,Miltiadis Allamanis,2019,,10.1145/3359591.3359735,https://openalex.org/W2903709763,off-topic-false-hit,"The field of big code relies on mining large corpora of code to perform some learning task towards creating better tools for software engineers. A significant threat to this approach was recently identified by Lopes et al. (2017) who found a large amount of near-duplicate code on GitHub. However, the impact of code duplication has not been noticed by researchers devising machine learning models for source code. In this work, we explore the effects of code duplication on machine learning models showing that reported performance metrics are sometimes inflated by up to 100% when testing on duplicated code corpora compared to the performance on de-duplicated corpora which more accurately represent how machine learning models of code are used by software engineers. We present a duplication index for widely used datasets, list best practices for collecting code corpora and evaluating machine learning models on them. Finally, we release tools to help the community avoid this problem in future research.",openalex,llm,0.990,unreviewed,
discarded,Complete removal of redundant expressions,Rastislav Bodík; Rajiv Gupta; Mary Lou Soffa,1998,,10.1145/277650.277653,https://openalex.org/W1983166063,off-topic-false-hit,"Partial redundancy elimination (PRE), the most important component of global optimizers, generalizes the removal of common subexpressions and loop-invariant computations. Because existing PRE implementations are based on code motion, they fail to completely remove the redundancies. In fact, we observed that 73% of loop-invariant statements cannot be eliminated from loops by code motion alone. In dynamic terms, traditional PRE eliminates only half of redundancies that are strictly partial. To achieve a complete PRE, control flow restructuring must be applied. However, the resulting code duplication may cause code size explosion.This paper focuses on achieving a complete PRE while incurring an acceptable code growth. First, we present an algorithm for complete removal of partial redundancies, based on the integration of code motion and control flow restructuring. In contrast to existing complete techniques, we resort to restructuring merely to remove obstacles to code motion, rather than to carry out the actual optimization.Guiding the optimization with a profile enables additional code growth reduction through selecting those duplications whose cost is justified by sufficient execution-time gains. The paper develops two methods for determining the optimization benefit of restructuring a program region, one based on path-profiles and the other on data-flow frequency analysis. Furthermore, the abstraction underlying the new PRE algorithm enables a simple formulation of speculative code motion guaranteed to have positive dynamic improvements. Finally, we show how to balance the three transformations (code motion, restructuring, and speculation) to achieve a near-complete PRE with very little code growth.We also present algorithms for efficiently computing dynamic benefits. In particular, using an elimination-style data-flow framework, we derive a demand-driven frequency analyzer whose cost can be controlled by permitting a bounded degree of conservative imprecision in the solution.",openalex,llm,0.980,unreviewed,
discarded,Complete removal of redundant expressions,Rastislav Bodík; Rajiv Gupta; Mary Lou Soffa,1998,ACM SIGPLAN Notices,10.1145/277652.277653,https://openalex.org/W4238167709,off-topic-false-hit,"Partial redundancy elimination (PRE), the most important component of global optimizers, generalizes the removal of common subexpressions and loop-invariant computations. Because existing PRE implementations are based on code motion , they fail to completely remove the redundancies. In fact, we observed that 73% of loop-invariant statements cannot be eliminated from loops by code motion alone. In dynamic terms, traditional PRE eliminates only half of redundancies that are strictly partial. To achieve a complete PRE, control flow restructuring must be applied. However, the resulting code duplication may cause code size explosion.This paper focuses on achieving a complete PRE while incurring an acceptable code growth. First, we present an algorithm for complete removal of partial redundancies, based on the integration of code motion and control flow restructuring. In contrast to existing complete techniques, we resort to restructuring merely to remove obstacles to code motion, rather than to carry out the actual optimization.Guiding the optimization with a profile enables additional code growth reduction through selecting those duplications whose cost is justified by sufficient execution-time gains. The paper develops two methods for determining the optimization benefit of restructuring a program region, one based on path-profiles and the other on data-flow frequency analysis. Furthermore, the abstraction underlying the new PRE algorithm enables a simple formulation of speculative code motion guaranteed to have positive dynamic improvements. Finally, we show how to balance the three transformations (code motion, restructuring, and speculation) to achieve a near-complete PRE with very little code growth.We also present algorithms for efficiently computing dynamic benefits. In particular, using an elimination-style data-flow framework, we derive a demand-driven frequency analyzer whose cost can be controlled by permitting a bounded degree of conservative imprecision in the solution.",openalex,llm,0.980,unreviewed,
kept,Visualizing and Understanding Code Duplication in Large Software Systems,Zhen Ming Jiang,2006,UWSpace (University of Waterloo),,https://openalex.org/W593312435,qualifies-claim,"Code duplication, or code cloning, is a common phenomena in the development of large \nsoftware systems. Developers have a love-hate relationship with cloning. On one hand, \ncloning speeds up the development process. On the other hand, clone management is a \nchallenging task as software evolves. Cloning has commonly been considered as undesirable for software maintenance and several research efforts have been devoted to automatically detect clones and eliminate clones aggressively. However, there is little empirical work done to analyze the consequences of cloning with respect to the software quality. Recent studies show that cloning is not necessarily undesirable. Cloning can used to minimize risks and \nthere are cases where cloning is used as a design technique. \n \n \nIn this thesis, three visualization techniques are proposed to aid researchers in analyzing cloning in studying large software systems. All of the visualizations abstract and display cloning information at the subsystem level but with different emphases. At the subsystem level, clones can be classified as external clones and internal clones. External clones refer to code duplicates that reside in the same subsystem, whereas external clones are clones that are spread across different subsystems. Software architecture quality attributes such as cohesion and coupling are introduced to contribute to the study of cloning at the architecture level. The Clone Cohesion and Coupling (CCC) Graph and the Clone System Hierarchy (CSH) Graph display the cloning information for one single release. In particular, the CCC Graph highlights the amount of internal and external cloning for each subsystems; whereas the CSH Graph focuses more on the details of the spread of cloning. Finally, the Clone System Evolution (CSE) Graph shows the evolution of cloning over a period of time.",openalex,llm,0.940,unreviewed,
discarded,Jam---designing a Java extension with mixins,Davide Ancona; Giovanni Lagorio; Elena Zucca,2003,ACM Transactions on Programming Languages and Systems,10.1145/937563.937567,https://openalex.org/W2086957250,off-topic-false-hit,"In this paper we present Jam, an extension of the Java language supporting mixins , that is, parametric heir classes. A mixin declaration in Jam is similar to a Java heir class declaration, except that it does not extend a fixed parent class, but simply specifies the set of fields and methods a generic parent should provide. In this way, the same mixin can be instantiated on many parent classes, producing different heirs, thus avoiding code duplication and largely improving modularity and reuse. Moreover, as happens for classes and interfaces, mixin names are reference types, and all the classes obtained by instantiating the same mixin are considered subtypes of the corresponding type, and hence can be handled in a uniform way through the common interface. This possibility allows a programming style where different ingredients are ""mixed"" together in defining a class; this paradigm is somewhat similar to that based on multiple inheritance, but avoids its complication.The language has been designed with the main objective in mind to obtain, rather than a new theoretical language, a working and smooth extension of Java. That means, on the design side, that we have faced the challenging problem of integrating the Java overall principles and complex type system with this new notion; on the implementation side, it means that we have developed a Jam-to-Java translator which makes Jam sources executable on every Java Virtual Machine.",openalex,llm,0.960,unreviewed,
kept,Evaluating the effect of code duplications on software maintainability,Tibor Bakota,2013,,10.14232/phd.1616,https://openalex.org/W1525256963,supports-claim; supports-claim,,openalex,llm,0.770,unreviewed,
kept,Eliminating Code Duplication in Cascading Style Sheets,Davood Mazinanian,2017,Spectrum Research Repository (Concordia University),,https://openalex.org/W2769992062,supports-claim,"Cascading Style Sheets (i.e., CSS) is the standard styling language, widely used for defining the presentation semantics of user interfaces for web, mobile and desktop applications. Despite its popularity, CSS has not received much attention from academia. Indeed, developing and maintaining CSS code is rather challenging, due to the inherent language design shortcomings, the interplay of CSS with other programming languages (e.g., HTML and JavaScript), the lack of empirically- evaluated coding best-practices, and immature tool support. As a result, the quality of CSS code bases is poor in many cases. \n \nIn this thesis, we focus on one of the major issues found in CSS code bases, i.e., the duplicated code. In a large, representative dataset of CSS code, we found an average of 68% duplication in style declarations. To alleviate this, we devise techniques for refactoring CSS code (i.e., grouping style declarations into new style rules), or migrating CSS code to take advantage of the code abstraction features provided by CSS preprocessor languages (i.e., superset languages for CSS that augment it by adding extra features that facilitate code maintenance). Specifically for the migration transformations, we attempt to align the resulting code with manually-developed code, by relying on the knowledge gained by conducting an empirical study on the use of CSS preprocessors, which revealed the common coding practices of the developers who use CSS preprocessor languages. \n \nTo guarantee the behavior preservation of the proposed transformations, we come up with a list of preconditions that should be met, and also describe a lightweight testing technique. By applying a large number of transformations on several web sites and web applications, it is shown that the transformations are indeed presentation-preserving, and can effectively reduce the amount of duplicated code in CSS.",openalex,llm,0.880,unreviewed,
discarded,Design of a Real-Time Monitoring System for Smoke and Dust in Thermal Power Plants Based on Improved Genetic Algorithm,Bo Wang; Xuliang Yao; Yongqing Jiang; Chao Sun; Mohammad Shabaz,2021,Journal of Healthcare Engineering,10.1155/2021/7212567,https://openalex.org/W3174921179,off-topic-false-hit,"The major health hazards from smoke and dust are due to microscopic fine particles present in smoke as well as in dust. These fine particles, which are microscopic in nature, can penetrate into human lungs and give rise to a range of health problems such as irritation in eyes, a runny nose, throat infection, and chronic cardiac and lung diseases. There is a need to device such mechanisms that can monitor smoke in thermal power plants for timely control of smoke that can pollute air and affects adversely the people living nearby the plants. In order to solve the problems of low accuracy of monitoring results and long monitoring time in conventional methods, a real-time smoke and dust monitoring system in thermal power plants is proposed, which makes use of modified genetic algorithm (GA). The collection and calibration of various monitoring parameters are accomplished through sampling control. The smoke and dust emission real-time monitoring subsystems are employed for the monitoring in an accurate manner. A dual-channel TCP/IP protocol is used between remote and local controlling modules for secure and speedy communication of the system. The generic GA is improved on the basis of the problem statement, and the linear programming model is used to avoid the defect of code duplication with genetic operations. The experimental results show that the proposed smoke and dust monitoring system can effectively improve the accuracy of the monitoring results and also reduce the time complexity by providing solutions in a faster manner. The significance of the proposed technique is to provide a reliable basis for the smoke and dust emission control of thermal power plants for safeguarding the human health.",openalex,llm,0.990,unreviewed,
kept,Code Duplication and Reuse in Jupyter Notebooks,Andreas P. Koenzen; Neil Ernst; Margaret‐Anne Storey,2020,,10.1109/vl/hcc50065.2020.9127202,https://openalex.org/W3029302266,qualifies-claim,"Duplicating one's own code makes it faster to write software. This expediency is particularly valuable for users of computational notebooks. Duplication allows notebook users to quickly test hypotheses and iterate over data. In this paper, we explore how much, how and from where code duplication occurs in computational notebooks, and identify potential barriers to code reuse. Previous work in the area of computational notebooks describes developers' motivations for reuse and duplication but does not show how much reuse occurs or which barriers they face when reusing code. To address this gap, we first analyzed GitHub repositories for code duplicates contained in a repository's Jupyter notebooks, and then conducted an observational user study of code reuse, where participants solved specific tasks using notebooks. Our findings reveal that repositories in our sample have a mean self-duplication rate of 7.6%. However, in our user study, few participants duplicated their own code, preferring to reuse code from online sources.",openalex,llm,0.950,unreviewed,
discarded,The Adverse Effects of Code Duplication in Machine Learning Models of\n Code,Miltiadis Allamanis,2018,arXiv (Cornell University),10.48550/arxiv.1812.06469,https://openalex.org/W4289108643,adjacent-subtopic,"The field of big code relies on mining large corpora of code to perform some\nlearning task. A significant threat to this approach has been recently\nidentified by Lopes et al. (2017) who found a large amount of near-duplicate\ncode on GitHub. However, the impact of code duplication has not been noticed by\nresearchers devising machine learning models for source code. In this work, we\nexplore the effects of code duplication on machine learning models showing that\nreported performance metrics are sometimes inflated by up to 100% when testing\non duplicated code corpora compared to the performance on de-duplicated corpora\nwhich more accurately represent how machine learning models of code are used by\nsoftware engineers. We present a duplication index for widely used datasets,\nlist best practices for collecting code corpora and evaluating machine learning\nmodels on them. Finally, we release tools to help the community avoid this\nproblem in future research.\n",openalex,llm,0.970,unreviewed,
discarded,On Inter-dataset Code Duplication and Data Leakage in Large Language Models,"José Antonio Hernández López; Boqi Chen; Saaz, Mootez; Tushar Sharma; Dániel Varró",2024,arXiv (Cornell University),10.48550/arxiv.2401.07930,https://openalex.org/W4390962521,adjacent-subtopic,"Motivation. Large language models (LLMs) have exhibited remarkable proficiency in diverse software engineering (SE) tasks. Handling such tasks typically involves acquiring foundational coding knowledge on large, general-purpose datasets during a pre-training phase, and subsequently refining on smaller, task-specific datasets as part of a fine-tuning phase. Problem statement. While intra-dataset code duplication examines the intersection between the training and test splits within a given dataset and has been addressed in prior research, inter-dataset code duplication, which gauges the overlap between different datasets, remains largely unexplored. If this phenomenon exists, it could compromise the integrity of LLM evaluations because of the inclusion of fine-tuning test samples that were already encountered during pre-training, resulting in inflated performance metrics. Contribution. This paper explores the phenomenon of inter-dataset code duplication and its impact on evaluating LLMs across diverse SE tasks. Study design. We conduct an empirical study using the CodeSearchNet dataset (CSN), a widely adopted pre-training dataset, and five fine-tuning datasets used for various se tasks. We first identify the intersection between the pre-training and fine-tuning datasets using a deduplication process. Next, we pre-train two versions of LLMs using a subset of CSN: one leaky LLM and one non-leaky LLM. Finally, we fine-tune both models and compare their performances using leaky fine-tuning test samples. Results. Our findings reveal a potential threat to the evaluation of LLMs across multiple SE tasks, stemming from the inter-dataset code duplication phenomenon. We also demonstrate that this threat is accentuated by the chosen fine-tuning technique. Furthermore, we provide evidence that open-source models could be affected by inter-dataset duplication.",openalex,llm,0.980,unreviewed,
discarded,The financial aspect of managing technical debt: A systematic literature review,Areti Ampatzoglou; Areti Ampatzoglou; Apostolos Ampatzoglou; Apostolos Ampatzoglou; Alexander Chatzigeorgiou; Paris Avgeriou,2015,Information and Software Technology,10.1016/j.infsof.2015.04.001,https://openalex.org/W2202602917,off-topic-false-hit,"Context: Technical debt is a software engineering metaphor, referring to the eventual financial consequences of trade-offs between shrinking product time to market and poorly specifying, or implementing a software product, throughout all development phases. Based on its inter-disciplinary nature, i.e. software engineering and economics, research on managing technical debt should be balanced between software engineering and economic theories.

Objective: The aim of this study is to analyze research efforts on technical debt, by focusing on their financial aspect. Specifically, the analysis is carried out with respect to: (a) how financial aspects are defined in the context of technical debt and (b) how they relate to the underlying software engineering concepts.

Method: In order to achieve the abovementioned goals, we employed a standard method for SLRs and applied it on studies retrieved from seven general-scope digital libraries. In total we selected 69 studies relevant to the financial aspect of technical debt.

Results: The most common financial terms that are used in technical debt research are principal and interest, whereas the financial approaches that have been more frequently applied for managing technical debt are real options, portfolio management, cost/benefit analysis and value-based analysis. However, the application of such approaches lacks consistency, i.e., the same approach is differently applied in different studies, and in some cases lacks a clear mapping between financial and software engineering concepts.

Conclusion: The results are expected to prove beneficial for the communication between technical managers and project managers, in the sense that they will provide a common vocabulary, and will help in setting up quality-related goals, during software development. To achieve this we introduce: (a) a glossary of terms and (b) a classification scheme for financial approaches used for managing technical debt. Based on these, we have been able to underline interesting implications for researchers and practitioners. (C) 2015 Elsevier B.V. All rights reserved.",openalex,llm,0.960,unreviewed,
