status,title,authors,year,venue,doi,url,tags,abstract,provider,decision_source,llm_confidence,llm_review_outcome,llm_change_direction
discarded,Code Clone Discovery Based on Concolic Analysis,Daniel E. Krutz,2013,NSUWorks (Nova Southeastern University),,https://openalex.org/W2203910187,adjacent-subtopic,"Software is often large, complicated and expensive to build and maintain. Redundant code can make these applications even more costly and difficult to maintain. Duplicated code is often introduced into these systems for a variety of reasons. Some of which include developer churn, deficient developer application comprehension and lack of adherence to proper development practices. Code redundancy has several adverse effects on a software application including an increased size of the codebase and inconsistent developer changes due to elevated program comprehension needs. A code clone is defined as multiple code fragments that produce similar results when given the same input. There are generally four types of clones that are recognized. They range from simple type-1 and 2 clones, to the more complicated type-3 and 4 clones. Numerous clone detection mechanisms are able to identify the simpler types of code clone candidates, but far fewer claim the ability to find the more difficult type-3 clones. Before CCCD, MeCC and FCD were the only clone detection techniques capable of finding type-4 clones. A drawback of MeCC is the excessive time required to detect clones and the likely exploration of an unreasonably large number of possible paths. FCD requires extensive amounts of random data and a significant period of time in order to discover clones. This dissertation presents a new process for discovering code clones known as Concolic Code Clone Discovery (CCCD). This technique discovers code clone candidates based on the functionality of the application, not its syntactical nature. This means that things like naming conventions and comments in the source code have no effect on the proposed clone detection process. CCCD finds clones by first performing concolic analysis on the targeted source code. Concolic analysis combines concrete and symbolic execution in order to traverse all possible paths of the targeted program. These paths are represented by the generated concolic output. A diff tool is then used to determine if the concolic output for a method is identical to the output produced for another method. Duplicated output is indicative of a code clone. CCCD was validated against several open source applications along with clones of all four types as defined by previous research. The results demonstrate that CCCD was able to detect all types of clone candidates with a high level of accuracy. In the future, CCCD will be used to examine how software developers work with type-3 and type-4 clones. CCCD will also be applied to various areas of security research, including intrusion detection mechanisms.",openalex,llm,0.910,unreviewed,
discarded,Code Clone Detection based on Event Embedding and Event Dependency,Cheng Zhi Huang; Hui Zhou; Chunyang Ye; Bingzhuo Li,2021,arXiv (Cornell University),10.48550/arxiv.2111.14183,https://openalex.org/W4308065128,adjacent-subtopic,"The code clone detection method based on semantic similarity has important value in software engineering tasks (e.g., software evolution, software reuse). Traditional code clone detection technologies pay more attention to the similarity of code at the syntax level, and less attention to the semantic similarity of the code. As a result, candidate codes similar in semantics are ignored. To address this issue, we propose a code clone detection method based on semantic similarity. By treating code as a series of interdependent events that occur continuously, we design a model namely EDAM to encode code semantic information based on event embedding and event dependency. The EDAM model uses the event embedding method to model the execution characteristics of program statements and the data dependence information between all statements. In this way, we can embed the program semantic information into a vector and use the vector to detect codes similar in semantics. Experimental results show that the performance of our EDAM model is superior to state of-the-art open source models for code clone detection.",openalex,llm,0.990,unreviewed,
kept,An Empirical Study of Code Clones from Commercial AI Code Generators,Weibin Wu; Haoxuan Hu; Zhaoji Fan; Yongjie Qiao; Yizhan Huang; Yichen Li; Zibin Zheng; Michael R. Lyu,2025,Proceedings of the ACM on software engineering.,10.1145/3729397,https://openalex.org/W4411450306,supports-claim,"Deep learning (DL) has revolutionized various software engineering tasks. Particularly, the emergence of AI code generators has pushed the boundaries of automatic programming to synthesize entire programs based on user-defined specifications in natural language. However, it remains a mystery if these AI code generators rely on the copy-and-paste programming practice, resulting in code clone concerns. In this work, to comprehensively study the code cloning behavior of AI code generators, we conduct an empirical study on three state-of-the-art commercial AI code generators to investigate the existence of all types of clones, which remains underexplored. Our experimental results show that the total Type-1 and Type-2 clone rates of the state-of-the-art commercial AI code generators can reach up to 7.50%, indicating marked code clone issues. Furthermore, it is observed that AI code generators risk infringing copyrights and propagating buggy and vulnerable code resulting from cloning code and show a certain degree of stability in generating code clones.",openalex,llm,0.930,unreviewed,
discarded,Fault Localization Using Textual Similarities,Zachary P. Fry; Westley Weimer,2012,arXiv (Cornell University),10.48550/arxiv.1211.2858,https://openalex.org/W1515943088,off-topic-false-hit,"Maintenance is a dominant component of software cost, and localizing reported defects is a significant component of maintenance. We propose a scalable approach that leverages the natural language present in both defect reports and source code to identify files that are potentially related to the defect in question. Our technique is language-independent and does not require test cases. The approach represents reports and code as separate structured documents and ranks source files based on a document similarity metric that leverages inter-document relationships. We evaluate the fault-localization accuracy of our method against both lightweight baseline techniques and also reported results from state-of-the-art tools. In an empirical evaluation of 5345 historical defects from programs totaling 6.5 million lines of code, our approach reduced the number of files inspected per defect by over 91%. Additionally, we qualitatively and quantitatively examine the utility of the textual and surface features used by our approach.",openalex,llm,0.990,unreviewed,
discarded,Evaluating the performance of clone detection tools in detecting cloned co-change candidates,Md Nadim; Manishankar Mondal; Chanchal K. Roy; Kevin A. Schneider,2022,Journal of Systems and Software,10.1016/j.jss.2022.111229,https://openalex.org/W4210732697,adjacent-subtopic,"Co-change candidates are the group of code fragments that require a change if any of these fragments experience a modification in a commit operation during software evolution. The cloned co-change candidates are a subset of the co-change candidates, and the members in this subset are clones of one another. The cloned co-change candidates are usually created by reusing existing code fragments in a software system. Detecting cloned co-change candidates is essential for clone-tracking, and studies have shown that we can use clone detection tools to find cloned co-change candidates. However, although several studies evaluate clone detection tools for their accuracy in detecting cloned fragments, we found no study that evaluates clone detection tools for detecting cloned co-change candidates. In this study, we explore the dimension of code clone research for detecting cloned co-change candidates. We compare the performance of 12 different configurations of nine promising clone detection tools in identifying cloned co-change candidates from eight open-source C and Java-based subject systems of various sizes and application domains. A ranked list and analysis of the results provides valuable insights and guidelines into selecting and configuring a clone detection tool for identifying co-change candidates and leads to a new dimension of code clone research into change impact analysis.",openalex,llm,0.980,unreviewed,
discarded,Ranking-Based Approaches for Localizing Faults,Lucia Lucia,2014,Singapore Management University Institutional Knowledge (InK) (Singapore Management University),,https://openalex.org/W621280188,off-topic-false-hit,"A fault is the root cause of program failures where a program behaves differently from the intended behavior. Finding or localizing faults is often laborious (especially so for complex programs), yet it is an important task in the software lifecycle. An automated technique that can accurately and quickly identify the faulty code is greatly needed to alleviate the costs of software debugging. Many fault localization techniques assume that faults are localizable, i.e., each fault manifests only in a single or a few lines of code that are close to one another. To verify this assumption, we study how faults spread across program elements. We find that most faults are localizable within a few lines of code or a few methods, while around 30% of the faults manifest in a single line of code. Spectrum-based fault localization approach is a lightweight approach that analyzes execution traces to highlight top-most suspicious program elements (i.e., statement, blocks, etc.) for inspection by developers. Our fault localization technique can be categorized into spectrum-based approach. Our technique localizes faults by measuring the strength of the relationship between the execution of a program element and the occurrence of a program failure. Various association measures are proposed in the domains of statistics and data mining to quantify the strength of the relationship between two variables of interest. However, their effectiveness in localizing faults is not well studied. We investigate the effectiveness of 40 association measures in localizing faults in single-bug and multiple-bug programs. Some of the measures achieve smaller percentage of code inspected on average than the two well-known spectrum-based techniques, namely Ochiai and Tarantula, while a number of the measures are comparable to Ochiai and Tarantula. Different fault localization techniques have different effectiveness in localizing faults for different buggy programs. We propose an approach called Fusion Localizer to leverage their differences and boost the effectiveness in localizing faults. Our approach combines scores or ranking information produced by existing spectrumbased fault localization techniques in particular, 40 association measures, Ochiai, and Tarantula, to inexpensively rank the faulty program elements using data fusion methods that have been studied in the domain of information retrieval. Our evaluation demonstrates that our approach can significantly improve the effectiveness of existing state-of-the-art fault localization techniques. The above approaches localize potential faulty elements using execution traces. However at times, full execution traces are not available for debugging. Code clones (i.e., pieces of similar code) have been shown to be useful for detecting bugs because the inconsistent changes among clones in a clone group may indicate potential bugs. However, clone-based bug detection techniques suffer from an excessive number of false positives. Our technique ranks the anomaly reports that contain bugs earlier in the list as compared to the original list. By actively and incrementally incorporating user feedback to iteratively refine our classification model and reorder the anomaly reports, our technique can successfully reduce the false positive rate. In summary, this dissertation has empirically demonstrated the need of and proposed a number of novel ranking-based approaches for localizing faults, which advances the previous state-of-the-art.",openalex,llm,0.990,unreviewed,
kept,A Comparative Study of Software Bugs in Clone and Non-Clone Code,Judith F. Islam; Manishankar Mondal; Chanchal K. Roy; Kevin A. Schneider,2017,Proceedings/Proceedings of the ... International Conference on Software Engineering and Knowledge Engineering,10.18293/seke2017-056,https://openalex.org/W2743745531,clones-faults,"Code cloning is a recurrent operation in everyday software development. Whether it is a good or bad practice is an ongoing debate among researchers and developers for the last few decades. In this paper, we conduct a comparative study on bugproneness in clone code and non-clone code by analyzing commit logs. According to our inspection on thousands of revisions of seven diverse subject systems, the percentage of changed files due to bug-fix commits is significantly higher in clone code compared with non-clone code. We perform a Mann-Whitney-Wilcoxon (MWW) test to show the statistical significance of our findings. Finally, the possibility of severe bugs occurring is higher in clone code than in non-clone code. Bug-fixing changes affecting clone code should be considered more carefully. According to our findings, clone code appears to be more bug-prone than non-clone code.",openalex,human,,human,
discarded,An Empirical Analysis of Code Clone Authorship in Apache Projects,Reishi Yokomori; Katsuro Inoue,2023,,10.1109/iwsc60764.2023.00008,https://openalex.org/W4393034738,adjacent-subtopic,"Many studies have been conducted to identify various types of code clones with a focus on accuracy, scalability, and performance. However, there has been limited exploration into the nature of code clones. Even fundamental questions, such as whether authors who write many non-clone lines also tend to write many clone lines, or whether code snippets in the same clone set were written by the same author or different authors, have not been thoroughly investigated. In this paper, we explore such fundamental questions regarding code clone authorship. We analyzed Java files from 153 Apache projects on GitHub, with a focus on line-level granularity. The analysis results showed that for 150 out of the 153 projects, the numbers of non-clone lines and clone lines contributed by each author are linearly correlated. We also found that two-thirds of the clone sets in all projects are primarily contributed to by single leading authors. These results confirm our intuitive understanding of clone characteristics, even though no previous publications have provided empirical validation data from multiple projects. Since these results could assist in designing better clone management methods, we will explore the implications of developing an effective clone management tool.",openalex,llm,0.950,unreviewed,
kept,"Clones in Deep Learning Code: What, Where, and Why?",Hadhemi Jebnoun; Md Saidur Rahman; Foutse Khomh; Biruk Asmare Muse,2021,arXiv (Cornell University),10.48550/arxiv.2107.13614,https://openalex.org/W4287064701,qualifies-claim,"Deep Learning applications are becoming increasingly popular. Developers of deep learning systems strive to write more efficient code. Deep learning systems are constantly evolving, imposing tighter development timelines and increasing complexity, which may lead to bad design decisions. A copy-paste approach is widely used among deep learning developers because they rely on common frameworks and duplicate similar tasks. Developers often fail to properly propagate changes to all clones fragments during a maintenance activity. To our knowledge, no study has examined code cloning practices in deep learning development. Given the negative impacts of clones on software quality reported in the studies on traditional systems, it is very important to understand the characteristics and potential impacts of code clones on deep learning systems. To this end, we use the NiCad tool to detect clones from 59 Python, 14 C# and 6 Java-based deep learning systems and an equal number of traditional software systems. We then analyze the frequency and distribution of code clones in deep learning and traditional systems. We do further analysis of the distribution of code clones using location-based taxonomy. We also study the correlation between bugs and code clones to assess the impacts of clones on the quality of the studied systems. Finally, we introduce a code clone taxonomy related to deep learning programs and identify the deep learning system development phases in which cloning has the highest risk of faults. Our results show that code cloning is a frequent practice in deep learning systems and that deep learning developers often clone code from files in distant repositories in the system. In addition, we found that code cloning occurs more frequently during DL model construction. And that hyperparameters setting is the phase during which cloning is the riskiest, since it often leads to faults.",openalex,llm,0.670,unreviewed,
kept,Governing the commons: code ownership and code-clones in large-scale software development,Anders Sundelin; Javier González‐Huerta; Richard Torkar; Krzysztof Wnuk,2024,Empirical Software Engineering,10.1007/s10664-024-10598-7,https://openalex.org/W4405400142,qualifies-claim; qualifies-claim,"Abstract Context In software development organizations employing weak or collective ownership, different teams are allowed and expected to autonomously perform changes in various components. This creates diversity both in the knowledge of, and in the responsibility for, individual components. Objective Our objective is to understand how and why different teams introduce technical debt in the form of code clones as they change different components. Method We collected data about change size and clone introductions made by ten teams in eight components which was part of a large industrial software system. We then designed a Multi-Level Generalized Linear Model (MLGLM), to illustrate the teams’ differing behavior. Finally, we discussed the results with three development teams, plus line manager and the architect team, evaluating whether the model inferences aligned with what they expected. Responses were recorded and thematically coded. Results The results show that teams do behave differently in different components, and the feedback from the teams indicates that this method of illustrating team behavior can be useful as a complement to traditional summary statistics of ownership. Conclusions We find that our model-based approach produces useful visualizations of team introductions of code clones as they change different components. Practitioners stated that the visualizations gave them insights that were useful, and by comparing with an average team, inter-team comparisons can be avoided. Thus, this has the potential to be a useful feedback tool for teams in software development organizations that employ weak or collective ownership.",openalex,llm,0.760,unreviewed,
discarded,DeepCNN: A Dual Approach to Fault Localization and Repair in Convolutional Neural Networks,Mohammad Wardat; Abdullah Al-Alaj,2024,IEEE Access,10.1109/access.2024.3384981,https://openalex.org/W4394564392,off-topic-false-hit,"Deep learning models, particularly Convolutional Neural Networks (CNNs), play a pivotal role in intelligent software. However, like any software application, CNN-based applications are susceptible to bugs. Bug-fix patterns in CNN differ from traditional techniques, primarily due to their inherent black-box nature. Moreover, current methods, although tailored for generic DNN structures, are time consuming, require specialized expertise, and are not directly applicable to the unique structure and requirements of CNNs. To address these issues, we propose DeepCNN, an innovative automated tool to identify the root causes of CNN faults and autonomously fix prevalent training faults that impact the performance and efficiency of CNN programs. DeepCNN, a data-driven tool, employs a transformer encoder model to abstract token-level CNN code, enabling it to effectively detect and fix bugs in real-world CNN models. Beyond mere identification, DeepCNN offers automated solutions for repairing CNN hyperparameter misconfigurations using an optimization solver. Additionally, by analyzing data dependencies and employing a search algorithm, it determines the most optimal hyperparameter values for the problematic models, ultimately generating patch fixes. Through rigorous evaluation on 36 diverse buggy models, DeepCNN outperformed existing methods in fault localization and repair, showing a robustness in identifying potential problems with a 90% detection rate. Among these problematic models, it manages to repair 90% of them — resulting in a 30% average accuracy boost.",openalex,llm,0.990,unreviewed,
