status,title,authors,year,venue,doi,url,tags,abstract,provider,decision_source,llm_confidence,llm_review_outcome,llm_change_direction
discarded,Enhancing Semantic Clone Detection with Siamese Bi-LSTM for Multi-Level Source Code Representations,"Quradaa, Fahmi Hassan Ali; Shahzad, Sara; Saeed, Rashad; Al-Hakimi, Mohammed H.",2026,ARABIAN JOURNAL FOR SCIENCE AND ENGINEERING,10.1007/s13369-025-10675-z,https://www.webofscience.com/wos/woscc/full-record/WOS:001583525900001,adjacent-subtopic,"Source code clone detectors are fundamental techniques in Software Engineering. Despite significant research efforts in the last ten years, current methods still need to be improved to detect semantic clones. The advancement of machine learning techniques has garnered the attention of researchers, motivating them to propose new methods for detecting semantic clones. However, many existing methods rely on manually crafted features to represent the syntactic and semantic information of source code, which hampers the detection of semantic clone pairs. This paper introduces a new approach for identifying semantic clones by leveraging the capabilities of the Siamese bidirectional long short-term memory technique to learn hidden syntactic and semantic patterns in source code representations. This technique transforms source code into two distinct representations: a high-level source code representation abstract syntax tree and a low-level abstract compiled code intermediate representation (Baf and Jimple block Program Dependency Graph). Extensive experiments were conducted on a large dataset of Java programs (BigCloneBench) to evaluate the effectiveness of the proposed technique. The results demonstrate that the proposed approach outperforms the baseline methods, including CCLearner, SourcererCC, NiCad, iClones, CCFinder, Oreo, and Deckard, in terms of the F1-score for detecting complex clone types such as MT-3 (94%) and WT-3/4 (93%). Furthermore, it outperforms CDLH, DLC, ASTNN, and Quradaa et al. in terms of F1-score performance for clone identification across VST-3 (97%), ST-3 (98%), MT-3 (94%), and WT-3/4 (93%), achieving an average F1-score of 95.5%. These results highlight its superior detection capability.",wos,llm,0.980,unreviewed,
kept,A Slicing-Based Approach for Detecting and Patching Vulnerable Code Clones,"Alomari, Hakam W.; Vendome, Christopher; Gyawali, Himal",2025,"2025 IEEE/ACM 33RD INTERNATIONAL CONFERENCE ON PROGRAM COMPREHENSION, ICPC",10.1109/ICPC66645.2025.00015,https://www.webofscience.com/wos/woscc/full-record/WOS:001540533300006,adjacent-subtopic,"Code cloning is a common practice in software development, but it poses significant security risks by propagating vulnerabilities across cloned segments. To address this challenge, we introduce SRCVUL, a scalable, precise detection approach that combines program slicing with Locality-Sensitive Hashing to identify vulnerable code clones and recommend patches. SRCVUL builds a database of vulnerability-related slices by analyzing known vulnerable programs and their corresponding patches, indexing each slice's unique structural characteristics as a vulnerability slicing vector. During clone detection, SRCVUL efficiently matches slicing vectors from target programs with those in the database, recommending patches upon identifying similarities. Our evaluation of SRCVUL against three state-of-the-art vulnerable clone detectors demonstrates its accuracy, efficiency, and scalability, achieving 91% precision and 75% recall on established vulnerability databases and open-source repositories. These results highlight SRCVUL's effectiveness in detecting complex vulnerability patterns across diverse codebases.",wos,llm,0.880,unreviewed,
discarded,Enhancing Change Impact Prediction by Integrating Evolutionary Coupling with Software Change Relationships,"Zhou, Daihong; Zhang, Jiyue; Yu, Ping; Guo, Wunan",2024,"PROCEEDINGS OF THE 18TH ACM/IEEE INTERNATIONAL SYMPOSIUM ON EMPIRICAL SOFTWARE ENGINEERING AND MEASUREMENT, ESEM 2024",10.1145/3674805.3686668,https://www.webofscience.com/wos/woscc/full-record/WOS:001537915200005,adjacent-subtopic,"Background: Changes on source code may propagate to distant code entities through various relationships, making related changes obligatory. Identifying change impacts is challenging due to the complexity of how changes spread. Although association rules are widely used for change impact prediction, they rely solely on historical co-changes, which limits their accuracy when entities rarely or never co-change. Aims: This study explores the integration of evolutionary coupling with software change relationships among changed code entities to enhance the state-of-the-art association rule mining technique, TARMAQ. Method: We integrate evolutionary coupling with 12 types of software change relationships, such as structural dependencies and code clones, to better capture associated changes. Results: Analyzing thousands of commits from six open-source systems, we observed: (1) Incorporating software change relationship analysis significantly improves TARMAQ's prediction recall and mean average precision (MAP), (2) The top-5 predictions exhibit notable increasing in precision, recall, F1-score, and MAP, and (3) Based on our implementation, the integrated method is practically applicable. Conclusions: Combining evolutionary coupling and software change relationships can improve the recall and prioritization of impact predictions in association rule-based techniques.",wos,llm,0.820,unreviewed,
kept,Unveiling code clone patterns in open source VR software: an empirical study,"Chen, Huashan; Huang, Zisheng; Xu, Yifan; Huang, Wenjie; Wang, Xuheng; Chen, Jinfu; Li, Haotang; Peng, Kebin; Liu, Feng; He, Sen",2025,AUTOMATED SOFTWARE ENGINEERING,10.1007/s10515-025-00536-2,https://www.webofscience.com/wos/woscc/full-record/WOS:001546441400002,adjacent-subtopic,"Code cloning is frequently observed in software development, often leading to a variety of maintenance and security issues. While substantial research has been conducted on code cloning in traditional software, to the best of my knowledge, there is a lack of studies on cloning in virtual reality (VR) software that consider its unique nature, particularly the presence of numerous serialized files in conjunction with the source code. In this paper, we conduct the first large-scale quantitative empirical analysis of software clones in 345 open-source VR projects, using the NiCad detector for source code clone detection and large language models (LLMs) for identifying serialized file clones. Our study leads to a number of insights into cloning phenomena in VR software, guided by seven carefully formulated research questions. These findings, along with their implications, are anticipated to provide useful guidance for both researchers and software developers within the VR field.",wos,llm,0.740,unreviewed,
discarded,Obfuscated Clone Search in JavaScript based on Reinforcement Subsequence Learning,"Song, Leo; Ding, Steven H. H.; Tian, Yuan; Li, Li Tao; Ou, Weihan; Charland, Philippe; Walenstein, Andrew",2025,ACM TRANSACTIONS ON SOFTWARE ENGINEERING AND METHODOLOGY,10.1145/3711903,https://www.webofscience.com/wos/woscc/full-record/WOS:001541993300004,adjacent-subtopic,"Finding similar code is important for software engineering, defense of intellectual property, and security, and one of the increasingly common ways adversaries use to defeat the detection of similar code is through obfuscations such as code transformation and scattering the code they wish to hide among long sequences. Moving code far enough apart poses a specific challenge for solutions with localized features (e.g., n-grams), or attention mechanisms as the code parts are distributed beyond the local context window. We introduce a neural network solution pattern called ""Cybertron"" that addresses this problem by utilizing reinforcement learning to train a code abstraction and summarization function; this converts arbitrarily long code into fixed-length real vectors in a way that is optimized for similarity search. The key to the design is the smart selection of important elements of the code and abstraction to preserve semantic function while minimizing syntactic feature information. We evaluated the approach on a three-challenge benchmark of obfuscated JavaScript, a scripting language that is commonly obfuscated and for which code-mixing is a rising challenge. The evaluation shows our approach identifies obfuscated code within even large scripts with an AUC of 78%, which outperforms current state-of-the-art sequence models by 7-35%.",wos,llm,0.970,unreviewed,
discarded,"Characteristics of Colistin-Resistant and Colistin-Sensitive Isolates of Carbapenem-Resistant<i> Klebsiella</i><i> pneumoniae</i> Among Hospitalized Patients in Tehran, Iran","Barkhordari, Maryam; Hajihasani, Azade; Rasouli-Nasab, Masoumeh; Shahcheraghi, Fereshteh",2025,JUNDISHAPUR JOURNAL OF MICROBIOLOGY,10.5812/jjm-158620,https://www.webofscience.com/wos/woscc/full-record/WOS:001540835600005,off-topic-false-hit,"Background: Resistance to antibiotics is a prominent issue in treating infections caused by Klebsiella pneumoniae. Objectives: The present study aimed to investigate the prevalence of carbapenem and colistin-resistant (Co1R) K pneumoniae and their molecular characteristics in a hospitalized patient in Tehran, Iran. Methods: This cross-sectional study was performed on K pneumoniae isolated from different wards of a hospital during 2020-2021. Following the biochemical identification of the isolates, their antibiotic resistance was evaluated. Genes of blaCTX-M, blaNDM, blaOXA-48, blaKPC, and mcr-1 were identified in isolates by PCR. The data were analyzed using SPSS software. Results: A total of 380 isolates of K pneumoniae were collected, of which 275 (723%) were extended-spectrum beta-lactamase (ESBL) producers, among which 49.4% (n =136/275) were carbapenemase producers, and 62.5% (n = 85/136) were Co1R. blaOXA-48 and blaNDM were the dominant genes. There was a significant correlation between the high prevalence of the blaNDM gene and Co1R isolates (P = 0.038). Conclusions: Our findings revealed the high prevalence of carbapenem-resistant isolates, likely due to the excessive clinical use of carbapenems in hospitals. The high prevalence of the blaNDM gene in Co1R carbapenem-resistant Klebsiella pneumoniae (CRkP) isolates could indicate the high incidence of a specific clone that contributes to the simultaneous acquisition of resistance genes among patients.",wos,llm,0.990,unreviewed,
discarded,Testing and Debugging Quantum Programs: The Road to 2030,"Ramalho, Neilson Carlos Leite; De Souza, Higor Amario; Chaim, Marcos Lordello",2025,ACM TRANSACTIONS ON SOFTWARE ENGINEERING AND METHODOLOGY,10.1145/3715106,https://www.webofscience.com/wos/woscc/full-record/WOS:001505551000029,off-topic-false-hit,"Quantum computing has existed in the theoretical realm for several decades. Recently, quantum computing has re-emerged as a promising technology to solve problems that a classical computer could take hundreds of years to solve. However, there are challenges and opportunities for academics and practitioners regarding software engineering practices for testing and debugging quantum programs. This article presents a roadmap for addressing these challenges, pointing out the existing gaps in the literature and suggesting research directions. We discuss the limitations caused by noise, the no-cloning theorem, the lack of a standard architecture for quantum computers, among others. Regarding testing, we highlight gaps and opportunities related to transpilation, mutation analysis, input states with hybrid interfaces, program analysis, and coverage. For debugging, we present the current strategies, including classical techniques applied to quantum programs, quantum-specific assertions, and quantum-related bug patterns. We introduce a conceptual model to illustrate concepts regarding the testing and debugging of quantum programs and the relationship between them. Those concepts are used to identify and discuss research challenges to cope with quantum programs through 2030, focusing on the interfaces between classical and quantum computing and on creating testing and debugging techniques that take advantage of the unique quantum computing characteristics.",wos,llm,0.980,unreviewed,
kept,Propagation-Based Code Clone Analysis for Detecting Smart Contract Vulnerability,"Zhang, Zhuo; Li, Donghui; Jiang, Kun; Li, Ya; Wang, Junhu; Meng, Xiankai",2025,IEICE TRANSACTIONS ON INFORMATION AND SYSTEMS,10.1587/transinf.2024EDL8079,https://www.webofscience.com/wos/woscc/full-record/WOS:001502735200022,adjacent-subtopic,"Smart contracts are self-executing programs that operate on a blockchain. Once deployed, they cannot be altered, which introduces distinct maintenance challenges unlike those found in traditional software systems. Bugs and vulnerabilities in smart contracts have led to significant economic losses, drawing increased attention to their security. The immutability of smart contracts has made thorough security checks prior to deployment a priority. In this paper, we introduce a smart contract times-tamp vulnerability detection technique PropaDT with propagation-based code clone analysis. The core idea of this technique involves using dataflow analysis based on an Abstract Syntax Tree (AST) to extract propagation chains that reveal how variables interact, potentially leading to vulnerabilities. Next, we extract code snippets based on the propagation chains and compare them with known vulnerability patterns in a database. This allows us to determine whether the tested smart contract contains a timestamp vulnerability, facilitating the detection of potential timestamp vulnerabilities in the code.",wos,llm,0.900,unreviewed,
discarded,ERS0: Enhancing Military Cybersecurity with AI-Driven SBOM for Firmware Vulnerability Detection and Asset Management,"Beninger, Max; Charland, Philippe; Ding, Steven H. H.; Fung, Benjamin C. M.",2024,"2024 16TH INTERNATIONAL CONFERENCE ON CYBER CONFLICT: OVER THE HORIZON, CYCON",10.23919/CyCon62501.2024.10685598,https://www.webofscience.com/wos/woscc/full-record/WOS:001339367700009,adjacent-subtopic,"Firmware vulnerability detection and asset management through a software bill of material (SBOM) approach is integral to defensive military operations. SBOMs provide a comprehensive list of software components, enabling military organizations to identify vulnerabilities within critical systems, including those controlling various functions in military platforms, as well as in operational technologies and Internet of Things devices. This proactive approach is essential for supply chain security, ensuring that software components are sourced from trusted suppliers and have not been tampered with during production, distribution, or through updates. It is a key element of defense strategies, allowing for rapid assessment, response, and mitigation of vulnerabilities, ultimately safeguarding military capabilities and information from cyber threats.

In this paper, we propose ERS0, an SBOM system, driven by artificial intelligence (AI), for detecting firmware vulnerabilities and managing firmware assets. We harness the power of pre-trained large-scale language models to effectively address a wide array of string patterns, extending our coverage to thousands of third-party library patterns. Furthermore, we employ AI-powered code clone search models, enabling a more granular and precise search for vulnerabilities at the binary level, reducing our dependence on string analysis only. Additionally, our AI models extract high-level behavioral functionalities in firmware, such as communication and encryption, allowing us to quantitatively define the behavioral scope of firmware. In preliminary comparative assessments against open-source alternatives, our solution has demonstrated better SBOM coverage, accuracy in vulnerability identification, and a wider array of features.",wos,llm,0.610,unreviewed,
discarded,Clonal reproduction and hydrochory drive colony and population structure in a narrowly endemic and endangered emergent aquatic plant (<i>Sagittaria fasciculata</i>; Alismataceae),"Fox, Skyler J.; Morris, Ashley B.",2025,CONSERVATION GENETICS,10.1007/s10592-025-01689-z,https://www.webofscience.com/wos/woscc/full-record/WOS:001449522700001,off-topic-false-hit,"In plants, dependence on clonal reproduction via rhizomes or other vegetative means has a significant influence on population genetic structure. This is further complicated in aquatic systems in which hydrochory may play a role in dispersal both within and among populations. Data suggests that in these instances, upstream populations may be genetically eroded as downstream populations become more genetically diverse. In the present study, we test this hypothesis in the case of an endangered emergent aquatic plant (Sagittaria fasciculata; Alismataceae) that is thought to be dependent on clonality and hydrochory. We developed 35 nuclear microsatellite loci for genotype-by-sequencing of 282 individuals across 15 colonies spanning the species range. All ramets were mapped and clonal assignment was overlaid to determine extent and distribution of clones. Our results indicate that S. fasciculata is highly dependent on clonal reproduction, with three sites exhibiting only a single multi-locus genotype or clone. The greatest genetic variation was observed among three sites occurring in close proximity (< 100 m), and here we observed evidence of low genetic diversity upstream relative to downstream, supporting the hypothesis of unidirectional gene flow as a result of hydrochory. In the context of species recovery, our data reiterate that stem counts are not an appropriate metric to assess population size or vigor. Additionally, the combined impacts of clonal reproduction and hydrochory of propagules means that greater attention should be given to recovery of colonies within relatively close proximity to each other to support the development of a robust and genetically diverse population.",wos,llm,0.990,unreviewed,
discarded,An input-denoising-based defense against stealthy backdoor attacks in large language models for code,"Qu, Yubin; Huang, Song; Chen, Xiang; Bai, Tongtong; Yao, Yongming",2025,INFORMATION AND SOFTWARE TECHNOLOGY,10.1016/j.infsof.2024.107661,https://www.webofscience.com/wos/woscc/full-record/WOS:001409276700001,adjacent-subtopic,"Context: Large Language Models are becoming integral to software development. They are trained on open data from platforms like GitHub, making them vulnerable to poisoning attacks. Research shows that backdoor attacks with traditional static triggers using fixed code patterns are relatively easy to detect. The novel attack approach uses specific Syntax Tree structures as triggers, offering greater stealthiness while maintaining explicit code structures. This method poses new challenges for backdoor detection. Objective: We propose an I nput-D enoising-based defense against stealthy B ackdoor A ttacks with dynamic triggers ( IDBA ) in Large Language Models for Code. Method: We overlay a set of malicious code segments onto the code segment with dynamic triggers, convert the output state of the input code into a random walk graph neural network, calculate the expected value of the final state through particle filtering, and thus detect the existence of a backdoor attack. Results: Empirical studies are conducted on Codebert, GraphCodebert, and CodeT5 for vulnerability and code clone detection tasks. Our results show that IDBA achieves an average detection rate of 73.75% and 68.12% for vulnerability and code clone detection tasks, respectively. Conclusion: Detecting backdoor attacks using IDBA on code models allows for the early identification of potential backdoor threats after model deployment, enhancing the security of code models.",wos,llm,0.950,unreviewed,
kept,Visualizing Variability Implemented with Object-Orientation and Code Clones: A Tale of Two Cities,"Brault, Yann; Collet, Philippe; Pinna-Dery, Anne-Marie",2024,"28TH INTERNATIONAL SYSTEMS AND SOFTWARE PRODUCT LINE CONFERENCE, SPLC 2024",10.1145/3646548.3673037,https://www.webofscience.com/wos/woscc/full-record/WOS:001328492000001,adjacent-subtopic,"Understanding variability in large software systems poses significant challenges for developers, especially when variability is implemented within a single codebase using diverse language mechanisms like in TypeScript. In this language, one can implement variability with traditional Object-Oriented (OO) techniques, but also with dynamic loading mechanisms that organize different forms of clones in sub-directories and files serving as internal variants. While certain approaches may facilitate partial identification or visualization, there exists no solution for handling all variability mechanisms simultaneously.

In this paper, we propose an approach by detecting all mechanisms and integrating two city-based representations to visualize these implemented variabilities. The first representation adapts the VariCity visualization and focuses on OO variability with classes as buildings and usage relationships as streets. The second representation leverages a codebase analysis combined with a code clone detection technique to visualize the directory hierarchy as streets and files as circular districts with shades and colors to highlight cloning. Some visual mechanisms enable to display relevant relationships between them, unveiling patterns of cross-usage and variability architecture. We also report on the application of the tooled approach on several large open-source systems.",wos,llm,0.940,unreviewed,
