status,title,authors,year,venue,doi,url,tags,abstract,provider,decision_source,llm_confidence,llm_review_outcome,llm_change_direction
discarded,The malsource dataset: Quantifying complexity and code reuse in malware development,Calleja A.,2019,IEEE Transactions on Information Forensics and Security,10.1109/TIFS.2018.2885512,https://www.scopus.com/inward/record.uri?partnerID=HzOxMe3b&scp=85058171525&origin=inward,adjacent-subtopic,"During the last decades, the problem of malicious and unwanted software (malware) has surged in numbers and sophistication. Malware plays a key role in most of today’s cyberattacks and has consolidated as a commodity in the underground economy. In this paper, we analyze the evolution of malware from 1975 to date from a software engineering perspective. We analyze the source code of 456 samples from 428 unique families and obtain measures of their size, code quality, and estimates of the development costs (effort, time, and number of people). Our results suggest an exponential increment of nearly one order of magnitude per decade in aspects such as size and estimated effort, with code quality metrics similar to those of benign software. We also study the extent to which code reuse is present in our dataset. We detect a significant number of code clones across malware families and report which features and functionalities are more commonly shared. Overall, our results support claims about the increasing complexity of malware and its production progressively becoming an industry.",scopus,llm,0.910,unreviewed,
kept,Is cloned code really stable?,Mondal M.,2018,Empirical Software Engineering,10.1007/s10664-017-9528-y,https://www.scopus.com/inward/record.uri?partnerID=HzOxMe3b&scp=85021825826&origin=inward,qualifies-claim; recorded-not-cited,,scopus,human,,human,
discarded,Machine-learning aided analysis of clone evolution,Zhang F.,2017,Chinese Journal of Electronics,10.1049/cje.2017.08.012,https://www.scopus.com/inward/record.uri?partnerID=HzOxMe3b&scp=85037030646&origin=inward,adjacent-subtopic,"Code clones are similar code fragments appearing in software. As software evolves, code clones may be subjected to changes as well; we term this clone evolution. There have not been many investigations into clone evolution characteristics. Therefore, we tackle this by exploring useful information associated with changes of clones during evolution. We focus on three perspectives of clone evolution, ranging from individual clone changes to characterization of clone genealogies. With the help Xmeans clustering, we establish associations between clone changes and life of clones. Our experimental results on two softwares show that clones are mostly stable throughout software evolution. For the relatively smaller group of “unstable” clones, changes usually happen after several versions, and consistent changes appear more frequently than inconsistent ones. We suggest that developers should pay more attention to relatively longer genealogies, and should consider applying changes consistently to clone group when a constituent clone fragment has undergone change.",scopus,human,0.940,human,
kept,On the Relationships between Stability and Bug-Proneness of Code Clones: An Empirical Study,Rahman M.S.,2017,Proceedings 2017 IEEE 17th International Working Conference on Source Code Analysis and Manipulation Scam 2017,10.1109/SCAM.2017.26,https://www.scopus.com/inward/record.uri?partnerID=HzOxMe3b&scp=85047228337&origin=inward,supports-claim,"Exact or similar copies of code fragments in a code base are known as code clones. Code clones are considered as one of the serious code smells. Stability is a widely investigated perspective of assessing the impacts of clones on software systems. A number of existing studies show that clones are often less stable than non-cloned code. This suggests that clones change more frequently than non-cloned code and thus may require comparatively more maintenance efforts. Again, frequent changes to clones may increase the likelihood of missing change propagation to the co-change candidates leading to inconsistencies or bugs. However, none of the existing studies investigate whether stability of clones is related to the bug-proneness. In this paper, we present an empirical study that analyzes the relationships between stability and bug-proneness of clones. We identify bug-fix commits by analyzing the commit messages from software repositories. We then identify the clones those are changed in the bug-fix commits as bug-prone clones. We then compare the stability of buggy and non-buggy clones considering the fine-grained syntactic change types and their significance.,,Our experimental results based on five open-source Java systems of different size and application domains show that (1) stability and bug-proneness of code clones are related and this relationship is statistically significant, (2) for both exact (Type 1) and near-miss (Type 2 and Type 3) clones, buggy clones tend to have higher frequency of changes than non-buggy clones, (3) the bug-proneness of Type 2 and Type 3 clones tend to be strongly related with their stability compared to Type 1 clones, and (4) the relation between the stability and the bug-proneness of clones with respect to fine-grained change types is likely to be influenced by the changes of low to medium significance. We believe that our findings are important and potentially useful in identifying and prioritizing candidate clones for management.",scopus,llm,0.930,unreviewed,
discarded,Evolution of code clone ratios throughout development history of open-source C and C++ programs,Goon A.,2017,Iwsc 2017 11th IEEE International Workshop on Software Clones Co Located with Saner 2017,10.1109/IWSC.2017.7880509,https://www.scopus.com/inward/record.uri?partnerID=HzOxMe3b&scp=85017234023&origin=inward,adjacent-subtopic,"A code clone is a fragment of code which is duplicated throughout the source code of a project. Code clones have been shown to make a project less maintainable because all code clones will share potential bugs and problems. Unlike other code clone research, this study analyzes the code clone ratios over the entire development lifetime of three open-source projects written in C/C++ to understand code clone growth in software over development and potential developer habits which could affect this growth. The study utilizes CCFinderX and Git to detect clone metrics across development history. The results from each project show very low, stable ratios across development history, with the code clone ratios only fluctuating greatly during the beginning of development mostly and very little refactoring occurring. This study goes further into the potential cause of low ratios and different fluctuations at different periods of development.",scopus,llm,0.780,unreviewed,
discarded,Can we find stable alternatives for unstable Eclipse interfaces?,Kawuma S.,2016,IEEE International Conference on Program Comprehension,10.1109/ICPC.2016.7503716,https://www.scopus.com/inward/record.uri?partnerID=HzOxMe3b&scp=84979763131&origin=inward,off-topic-false-hit,"The Eclipse framework is a popular and widely adopted framework that has been evolving for over a decade. Like many other evolving software systems, the Eclipse framework provides both stable and supported interfaces (APIs) and unstable, discouraged, and unsupported interfaces (non-APIs). However, despite being discouraged by Eclipse, the usage of bad interfaces is not uncommon. Our previous research has confirmed that as Eclipse states, indeed APIs are stable while non-APIs are unstable. Applications using non-APIs face compatibility challenges in new Eclipse releases. Furthermore, our previous studies further revealed that the reason why application developers use the unstable interfaces is because they cannot find stable interfaces with the functionality that they require. Moreover, in a study we conducted, Eclipse application developers stated that they manually find the functionality from Eclipse. Eclipse being a very large complex software system with a large number of committers, we hypothesize that as developers manually search for the functionality they they require, it is possible that they miss stable interfaces offering the same functionality. To this end, using code clone detection techniques, we analyzed 18 major releases of Eclipse for possible clones. Our findings are three fold: i) we discover that indeed there exist clones in Eclipse, ii) we also discovered that some of the identified clones originate from different Eclipse projects, iii) our findings reveal that there is no significant number of APIs (less than 1%) offering the same or similar functionality as the non-APIs in all Eclipse releases we studied. This reveals that there are very few syntactic clones between API and non-API, thus developers were forced to either use non-API or find an API that exists, that is similar in functionality, but not in syntax.",scopus,llm,0.990,unreviewed,
kept,A change-type based empirical study on the stability of cloned code,Rahman M.S.,2014,Proceedings 2014 14th IEEE International Working Conference on Source Code Analysis and Manipulation Scam 2014,10.1109/SCAM.2014.13,https://www.scopus.com/inward/record.uri?partnerID=HzOxMe3b&scp=84924907380&origin=inward,qualifies-claim,"Clones are the duplicate or similar code blocks in software systems. A large number of studies concerning the impacts of clones on software systems mainly focus on the frequency of changes to evaluate stability, consistency in evolution and introduction of bugs. Although it is obvious that not each type of changes has equal impact on software systems, none of the existing studies take the types of changes and their significance into account during comparative evaluation of stability of cloned and non-cloned code. This paper presents an empirical study on the comparative stability of cloned and non-cloned code from the perspective of different change types. Changes from successive revisions are extracted and classified using Change Distiller which employs Abstract Syntax Tree (AST) differencing of the successive revisions of source code and assigns the corresponding level of significance to each of the classified changes. We detect exact (Type-1) and near-miss (Type-2 and Type-3) clones using the hybrid clone detection tool NiCad. Extracted and classified changes and clone information are then analyzed to compare the stability of cloned and non-cloned code from three different perspectives: types of clones, types of changes with respect to the significance of changes, and size and extent of evolution of the systems. Our study on seven open-source Java systems with diversity in their size, length of evolution and application domain shows that changes are more frequent in cloned code than in noncloned code and Type-1 clones are comparatively more vulnerable to the stability of the systems. Therefore, cloned code is less stable than non-cloned code suggesting that cloned code is likely to pose more maintenance challenges than non-cloned code.",scopus,llm,0.960,unreviewed,
kept,Identifying clone removal opportunities based on co-evolution analysis,Higo Y.,2013,International Workshop on Principles of Software Evolution IWPSE,10.1145/2501543.2501552,https://www.scopus.com/inward/record.uri?partnerID=HzOxMe3b&scp=84883689737&origin=inward,supports-claim,"Previous research efforts have proposed various techniques for supporting code clone removal. They identify removal candidates based on the states of the source code in the latest version. However, those techniques suggest many code clones that are not suited for removal in addition to appropriate candidates. That is because the presence of code clones do not necessarily motivate developers to remove them if they are stable and do not require simultaneous modifications. In this paper, we propose a new technique that identifies removal candidates based on past records of code modifications. By using the proposed technique, we can identify code clones that actually required simultaneous modifications in the past.",scopus,llm,0.900,unreviewed,
kept,Cloned code: Stable code,Harder J.,2013,Journal of Software Evolution and Process,10.1002/smr.1551,https://www.scopus.com/inward/record.uri?partnerID=HzOxMe3b&scp=84898432792&origin=inward,qualifies-claim; recorded-not-cited,,scopus,human,,human,
kept,Clone stability,Göde N.,2011,Proceedings of the European Conference on Software Maintenance and Reengineering CSMR,10.1109/CSMR.2011.11,https://www.scopus.com/inward/record.uri?partnerID=HzOxMe3b&scp=79955157403&origin=inward,qualifies-claim,"Code clones are said to threaten the maintainability of a system -- especially when the system evolves and source code is changed. Whether clones truly increase maintenance effort can be analyzed by comparing the stability of cloned code to the stability of non-cloned code. A previous study found that cloned code is even more stable than non-cloned code and, thus, requiring less maintenance effort -- contrary to the frequently voiced assumption. In this paper, we describe our partial replication and extension of this study using a more detailed measurement and considering different parameters for clone detection. In general, we were able to validate the findings of the previous study. We furthermore explored possible reasons to gain a better understanding of the unintuitive results.",scopus,llm,0.990,unreviewed,
kept,An empirical study of long-lived code clones,Cai D.,2011,Lecture Notes in Computer Science Including Subseries Lecture Notes in Artificial Intelligence and Lecture Notes in Bioinformatics,10.1007/978-3-642-19811-3_30,https://www.scopus.com/inward/record.uri?partnerID=HzOxMe3b&scp=79953174967&origin=inward,qualifies-claim,,scopus,llm,0.730,unreviewed,
kept,Is cloned code more stable than non-cloned code?,Krinke J.,2008,Proceedings 8th IEEE International Working Conference on Source Code Analysis and Manipulation Scam 2008,10.1109/SCAM.2008.14,https://www.scopus.com/inward/record.uri?partnerID=HzOxMe3b&scp=56349141528&origin=inward,clones-stable,,scopus,human,,human,
discarded,Analysis of the Linux kernel evolution using code clone coverage,Livieri S.,2007,Proceedings ICSE 2007 Workshops Fourth International Workshop on Mining Software Repositories MSR 2007,10.1109/MSR.2007.1,https://www.scopus.com/inward/record.uri?partnerID=HzOxMe3b&scp=34548718215&origin=inward,adjacent-subtopic,"Most studies of the evolution of software systems are based on the comparison of simple software metrics. In this paper, we present our preliminary investigation of the evolution of the Linux kernel using code-clone analysis and the code-clone coverage metrics. We examined 136 versions of the stable Linux kernel using a distributed extension of the code clone detection tool CCFinder. The result is shown as a heat map.",scopus,llm,0.940,unreviewed,
kept,"""Cloning Considered Harmful"" Considered Harmful",Cory Kapser; Michael W. Godfrey,2006,,10.1109/wcre.2006.1,https://openalex.org/W2101251407,qualifies-claim; superseded-by-journal-version,"Current literature on the topic of duplicated (cloned) code in software systems often considers duplication harmful to the system quality and the reasons commonly cited for duplicating code often have a negative connotation. While these positions are sometimes correct, during our case studies we have found that this is not universally true, and we have found several situations where code duplication seems to be a reasonable or even beneficial design option. For example, a method of introducing experimental changes to core subsystems is to duplicate the subsystem and introduce changes there in a kind of sandbox testbed. As features mature and become stable within the experimental subsystem, they can then be introduced gradually into the stable code base. In this way risk of introducing instabilities in the stable version is minimized. This paper describes several patterns of cloning that we have encountered in our case studies and discusses the advantages and disadvantages associated with using them",openalex,human,,human,
kept,“Cloning considered harmful” considered harmful: patterns of cloning in software,Cory Kapser; Michael W. Godfrey,2008,Empirical Software Engineering,10.1007/s10664-008-9076-6,https://openalex.org/W2090432523,clones-beneficial,,openalex,human,,human,
discarded,Rapid Divergence of Gene Duplicates on the Drosophila melanogaster X Chromosome,Kevin Thornton; Manyuan Long,2002,Molecular Biology and Evolution,10.1093/oxfordjournals.molbev.a004149,https://openalex.org/W2162662933,off-topic-false-hit,"The recent sequencing of several eukaryotic genomes has generated considerable interest in the study of gene duplication events. The classical model of duplicate gene evolution is that recurrent mutation ultimately results in one copy becoming a pseudogene, and only rarely will a beneficial new function evolve. Here, we study divergence between coding sequence duplications in Drosophila melanogaster as a function of the linkage relationship between paralogs. The mean K(a)/K(s) between all duplicates in the D. melanogaster genome is 0.2803, indicating that purifying selection is maintaining the structure of duplicate coding sequences. However, the mean K(a)/K(s) between duplicates that are both on the X chromosome is 0.4701, significantly higher than the genome average. Further, the distribution of K(a)/K(s) for these X-linked duplicates is significantly shifted toward higher values when compared with the distributions for paralogs in other linkage relationships. Two models of molecular evolution provide qualitative explanations of these observations-relaxation of selective pressure on the duplicate copies and, more likely, positive selection on recessive adaptations. We also show that there is an excess of X-linked duplicates with low K(s), suggesting a larger proportion of relatively young duplicates on the D. melanogaster X chromosome relative to autosomes.",openalex,llm,1.000,unreviewed,
kept,An Empirical Study on the Impact of Duplicate Code,Keisuke Hotta; Yui Sasaki; Yukiko Sano; Yoshiki Higo; Shinji Kusumoto,2012,Advances in Software Engineering,10.1155/2012/938296,https://openalex.org/W2149635184,qualifies-claim,"It is said that the presence of duplicate code is one of the factors that make software maintenance more difficult. Many research efforts have been performed on detecting, removing, or managing duplicate code on this basis. However, some researchers doubt this basis in recent years and have conducted empirical studies to investigate the influence of the presence of duplicate code. In this study, we conduct an empirical study to investigate this matter from a different standpoint from previous studies. In this study, we define a new indicator “modification frequency” to measure the impact of duplicate code and compare the values between duplicate code and nonduplicate code. The features of this study are as follows the indicator used in this study is based on modification places instead of the ratio of modified lines; we use multiple duplicate code detection tools to reduce biases of detection tools; and we compare the result of the proposed method with other two investigation methods. The result shows that duplicate code tends to be less frequently modified than nonduplicate code, and we found some instances that the proposed method can evaluate the influence of duplicate code more accurately than the existing investigation methods.",openalex,llm,0.980,unreviewed,
discarded,Link-time binary rewriting techniques for program compaction,Bjorn De Sutter; Bruno De Bus; Koen De Bosschere,2005,ACM Transactions on Programming Languages and Systems,10.1145/1086642.1086645,https://openalex.org/W2056608406,off-topic-false-hit,"Small program size is an important requirement for embedded systems with limited amounts of memory. We describe how link-time compaction through binary rewriting can achieve code size reductions of up to 62% for statically bound languages such as C, C++, and Fortran, without compromising on performance. We demonstrate how the limited amount of information about a program at link time can be exploited to overcome overhead resulting from separate compilation. This is done with scalable, cost-effective, whole-program analyses, optimizations, and duplicate code and data elimination techniques. The discussed techniques are evaluated and their cost-effectiveness is quantified with Squeeze++, a prototype link-time compactor.",openalex,llm,0.960,unreviewed,
