status,title,authors,year,venue,doi,url,tags,abstract,provider,decision_source,llm_confidence,llm_review_outcome,llm_change_direction
kept,Tracking code clones in evolving software,"Duala-Ekoko, Ekwa; Robillard, Martin P.",2007,"ICSE 2007: 29TH INTERNATIONAL CONFERENCE ON SOFTWARE ENGINEERING, PROCEEDINGS",,https://www.webofscience.com/wos/woscc/full-record/WOS:000247063000016,qualifies-claim,"Code clones are generally considered harmful in software development, and the predominant approach is to try to eliminate them through refactoring. However, recent research has provided evidence that it may not always be practical, feasible, or cost-effective to eliminate certain clone groups. We propose a technique for tracking clones in evolving software. Our technique relies on the concept of abstract clone region descriptors (CRD), which describe clone regions within methods in a robust way that is independent from the exact text of the clone region or its location in a file. We present our definition of CRDs, and describe a complete clone tracking system capable of producing CRDs from the output of a clone detection tool, notify developers of modifications to clone regions, and support the simultaneous editing of clone regions. We report on two experiments and a case study conducted to assess the performance and usefulness of our approach.",wos,llm,0.880,unreviewed,
kept,Code Reuse and Good Clones in Programming Education,Bubenkova L.,2025,Proceedings of the International Symposium on Applied Machine Intelligence and Informatics Sami,10.1109/SAMI63904.2025.10883291,https://www.scopus.com/inward/record.uri?partnerID=HzOxMe3b&scp=105013055068&origin=inward,qualifies-claim,"This paper explores the concept of good code clones, which are recurring patterns in code that enhance software quality and maintainability. Traditionally, clones are seen as unfavorable due to their association with code smells, but our study finds that good clones can lead to better software structure and performance. We analyzed thousands of student submissions and observed that students who produced more good clones demonstrated better coding skills, higher grades, and, most importantly, adopted more robust software development practices. By identifying and encouraging good clones, which can be reusable patterns that follow best practices, educators can help students lay stronger foundations in programming, enabling them to master more complex topics confidently. This paper also discusses tools for clone detection and presents case studies of good clones in assignments, highlighting the educational benefits of distinguishing between harmful duplication and beneficial code reuse. We propose that embracing good clones in programming education can reassure professionals in the field about the effectiveness of the proposed approach in improving learning outcomes and software development practices.",scopus,llm,0.860,unreviewed,
discarded,A Method for Generating Adversarial Code Samples Based on Dynamic Weight Awareness and Rollback Control,Wang H.,2025,2025 IEEE 7th International Conference on Communications Information System and Computer Engineering Cisce 2025,10.1109/CISCE65916.2025.11065564,https://www.scopus.com/inward/record.uri?partnerID=HzOxMe3b&scp=105011963457&origin=inward,adjacent-subtopic,"Automatic processing of source code, such as code clone detection and software vulnerability detection, is highly beneficial for software engineers. Large pre-trained Programming Language (PL) models (e.g., CodeBERT, GraphCodeBERT, and CodeT5) demonstrate strong performance in these tasks. However, these PL models are vulnerable to adversarial sample attacks with slight perturbations. Existing adversarial sample generation methods face several challenges: a high number of queries, low similarity between generated adversarial samples and original samples, and excessive perturbation rates. To address this, we propose a method called DWRAttack (Dynamic Weight-aware and Rollback-controlled Attack). DWARattack evaluates the impact of variables through a global weight table and uses global initialization to identify potential adversarial samples. Additionally, it utilizes backtracking-based perturbation optimization techniques to control the perturbation rate of the generated adversarial samples. Compared to baseline methods, DWARattack achieves higher attack efficiency and generates higher-quality adversarial examples.",scopus,llm,0.980,unreviewed,
discarded,Enhancing Source Code Representations for Deep Learning with Static Analysis,Guan X.,2024,IEEE International Conference on Program Comprehension,10.1145/3643916.3644396,https://www.scopus.com/inward/record.uri?partnerID=HzOxMe3b&scp=85197266789&origin=inward,adjacent-subtopic,"Deep learning techniques applied to program analysis tasks such as code classification, summarization, and bug detection have seen widespread interest. Traditional approaches, however, treat programming source code as natural language text, which may neglect significant structural or semantic details. Additionally, most current methods of representing source code focus solely on the code, without considering beneficial additional context. This paper explores the integration of static analysis and additional context such as bug reports and design patterns into source code representations for deep learning models. We use the Abstract Syntax Tree-based Neural Network (ASTNN) method and augment it with additional context information obtained from bug reports and design patterns, creating an enriched source code representation that significantly enhances the performance of common software engineering tasks such as code classification and code clone detection. Utilizing existing open-source code data, our approach improves the representation and processing of source code, thereby improving task performance.CCS CONCEPTS• Software and its engineering • Programming languages",scopus,llm,0.970,unreviewed,
discarded,Creative and Correct: Requesting Diverse Code Solutions from AI Foundation Models,Blyth S.,2024,Proceedings 2024 IEEE ACM 1st International Conference on AI Foundation Models and Software Engineering Forge 2024,10.1145/3650105.3652302,https://www.scopus.com/inward/record.uri?partnerID=HzOxMe3b&scp=85197263462&origin=inward,adjacent-subtopic,"AI foundation models have the capability to produce a wide array of responses to a single prompt, a feature that is highly beneficial in software engineering to generate diverse code solutions. However, this advantage introduces a significant trade-off between diversity and correctness. In software engineering tasks, diversity is key to exploring design spaces and fostering creativity, but the practical value of these solutions is heavily dependent on their correctness. Our study systematically investigates this trade-off using experiments with HumanEval tasks, exploring various parameter settings and prompting strategies. We assess the diversity of code solutions using similarity metrics from the code clone community. The study identifies combinations of parameters and strategies that strike an optimal balance between diversity and correctness, situated on the Pareto front of this trade-off space. These findings offer valu-able insights for software engineers on how to effectively use AI foundation models to generate code solutions that are diverse and accurate.",scopus,llm,0.930,unreviewed,
discarded,CodeBERT-Attack: Adversarial attack against source code deep learning models via pre-trained model,Zhang H.,2024,Journal of Software Evolution and Process,10.1002/smr.2571,https://www.scopus.com/inward/record.uri?partnerID=HzOxMe3b&scp=85159192862&origin=inward,adjacent-subtopic,"Over the past few years, the software engineering (SE) community has widely employed deep learning (DL) techniques in many source code processing tasks. Similar to other domains like computer vision and natural language processing (NLP), the state‐of‐the‐art DL techniques for source code processing can still suffer from adversarial vulnerability, where minor code perturbations can mislead a DL model's inference. Efficiently detecting such vulnerability to expose the risks at an early stage is an essential step and of great importance for further enhancement. This paper proposes a novel black‐box effective and high‐quality adversarial attack method, namely CodeBERT‐Attack (CBA), based on the powerful large pre‐trained model (i.e., CodeBERT) for DL models of source code processing. CBA locates the vulnerable positions through masking and leverages the power of CodeBERT to generate textual preserving perturbations. We turn CodeBERT against DL models and further fine‐tuned CodeBERT models for specific downstream tasks, and successfully mislead these victim models to erroneous outputs. In addition, taking the power of CodeBERT, CBA is capable of effectively generating adversarial examples that are less perceptible to programmers. Our in‐depth evaluation on two typical source code classification tasks (i.e., functionality classification and code clone detection) against the most widely adopted LSTM and the powerful fine‐tuned CodeBERT models demonstrate the advantages of our proposed technique in terms of both effectiveness and efficiency. Furthermore, our results also show (1) that pre‐training may help CodeBERT gain resilience against perturbations further, and (2) certain pre‐training tasks may be beneficial for adversarial robustness.",scopus,llm,0.970,unreviewed,
discarded,Keeping Pace with Ever-Increasing Data: Towards Continual Learning of Code Intelligence Models,Gao S.,2023,Proceedings International Conference on Software Engineering,10.1109/ICSE48619.2023.00015,https://www.scopus.com/inward/record.uri?partnerID=HzOxMe3b&scp=85171799975&origin=inward,adjacent-subtopic,"Previous research on code intelligence usually trains a deep learning model on a fixed dataset in an offline manner. However, in real-world scenarios, new code repositories emerge incessantly, and the carried new knowledge is beneficial for providing up-to-date code intelligence services to developers. In this paper, we aim at the following problem: How to enable code intelligence models to continually learn from ever-increasing data? One major challenge here is catastrophic forgetting, meaning that the model can easily forget knowledge learned from previous datasets when learning from the new dataset. To tackle this challenge, we propose REPEAT, a novel method for continual learning of code intelligence models. Specifically, REPEAT addresses the catastrophic forgetting problem with representative exemplars replay and adaptive parameter regularization. The representative exemplars replay component selects informative and diverse exemplars in each dataset and uses them to re-train model periodically. The adaptive parameter regularization component recognizes important parameters in the model and adaptively penalizes their changes to preserve the knowledge learned before. We evaluate the proposed approach on three code intelligence tasks including code summarization, software vulnerability detection, and code clone detection. Extensive experiments demonstrate that REPEAT consistently outperforms baseline methods on all tasks. For example, REPEAT improves the conventional fine-tuning method by 1.22, 5.61, and 1.72 on code summarization, vulnerability detection and clone detection, respectively.",scopus,llm,0.950,unreviewed,
kept,Cross-project clone consistent-defect prediction via transfer-learning method,Jiang W.,2023,Information Sciences,10.1016/j.ins.2023.03.118,https://www.scopus.com/inward/record.uri?partnerID=HzOxMe3b&scp=85151308421&origin=inward,supports-claim,"Code clones are comparable code snippets that are introduced into software by developers in order to increase software development productivity. A change to code clone may result in a consistent-defect if the developers forget to verify the consistency of the code after the change. To reduce such change-related maintenance costs, researchers have proposed a number of methods for predicting clone consistency in advance. Unfortunately, the effectiveness of these cross-project models is unsatisfactory, and performing such predictions with insufficient data remains a challenge. Meanwhile, cross-project defect prediction via transfer learning method is prevalent in the software engineering community. Consequently, we first construct an empirical study to explore whether transfer-learning techniques could well be utilized for clone cross-project consistent-defect prediction in the initial stages of software development. In this paper, we employ transfer-learning techniques to predict clone consistency at both the time of clone creating and clone changing in order to avoid clone consistent-defects and maintenance. We conduct an experiment on open-source projects to evaluate the effectiveness of various transfer-learning methods. Our investigation demonstrates that transfer-learning techniques have a beneficial impact on predicting cross-project clone consistent-defect, and that the size of the dataset also has a positive effect on prediction. In order to promote software safety and security, we recommend that developers leverage transfer-learning to enhance the capability for clone cross -project consistent-defect prediction early in the software development phase.",scopus,llm,0.980,unreviewed,
discarded,WHAT IS YOUR CODE CLONE DETECTION and EVOLUTION RESEARCH MADE OF?,Wijesiriwardana C.,2021,Computing and Informatics,10.31577/cai_2021_3_690,https://www.scopus.com/inward/record.uri?partnerID=HzOxMe3b&scp=85121830877&origin=inward,adjacent-subtopic,". Over the past few decades, clone detection and evolution have become a major area of study in software engineering. Clone detection experiments present several challenges to researchers such as accurate data collection, selecting proper code detection algorithms, and understanding clone evolution phenomena. This paper attempts to facilitate clone detection and evolution research by providing a structured and systematic mechanism to conduct experiments. Clone detection experiments usually consist of several tasks such as fetching data from a version con-trol system, performing necessary pre-processing activities, and feeding the data to a clone detection algorithm. Therefore, a particular clone detection experiment can interpret as a meaningful combination of such tasks into a scientific workflow. In this work, the concrete tasks in a code clone detection workflow are referred to as Building Blocks. This paper presents a useful collection of Building Blocks identified based on a systematic literature review, and a conceptual framework of an experimental testbed to facilitate clone detection experiments. The reusability of the Building Blocks was validated using four case studies selected from the literature. The validation results confirm the reusability and the expressiveness of the Building Blocks in new ventures. Besides, the proposed experimental testbed is proven beneficial in conducting and replicating clone detection experiments.",scopus,llm,0.960,unreviewed,
discarded,Mapping Similarity Detectors of Code Clone to Academic Integrity in Programming,Pangestu M.A.,2021,Edunine 2021 5th IEEE World Engineering Education Conference the Future of Engineering Education Current Challenges and Opportunities Proceedings,10.1109/EDUNINE51952.2021.9429164,https://www.scopus.com/inward/record.uri?partnerID=HzOxMe3b&scp=85107057426&origin=inward,adjacent-subtopic,"When dealing with academic integrity in programming, code similarity detectors are often used to raise suspicion of student programs with undue similarity. However, it appears that only detectors designed for that purpose are discussed in computing education publications, although similarity detectors for other purposes might also be beneficial, both to foster research and to avoid ‘reinventing the wheel’. This paper maps similarity detectors used to identify code clones, repeated code segments in a software system, to the classifications used for academic integrity purposes. It will help academic integrity researchers to understand code clone similarity detectors and to read papers from that area. While there are other reviews of code clone detection, ours should be easier for computing educators to read as it uses the terminologies of academic integrity.",scopus,llm,0.980,unreviewed,
discarded,Visualization of Clones,Hammad M.,2021,Code Clone Analysis Research Tools and Practices,10.1007/978-981-16-1927-4_8,https://www.scopus.com/inward/record.uri?partnerID=HzOxMe3b&scp=85122037876&origin=inward,adjacent-subtopic,,scopus,llm,0.940,unreviewed,
discarded,"36th IFIP International Conference on ICT Systems Security and Privacy Protection, SEC 2021",,2021,IFIP Advances in Information and Communication Technology,,https://www.scopus.com/inward/record.uri?partnerID=HzOxMe3b&scp=85111378870&origin=inward,off-topic-false-hit,,scopus,llm,0.990,unreviewed,
kept,A Fine-Grained Analysis on the Inconsistent Changes in Code Clones,Mondal M.,2020,Proceedings 2020 IEEE International Conference on Software Maintenance and Evolution Icsme 2020,10.1109/ICSME46990.2020.00030,https://www.scopus.com/inward/record.uri?partnerID=HzOxMe3b&scp=85096661670&origin=inward,supports-claim,"Existing studies report that inconsistent changes in code clones can introduce bugs or inconsistencies in a software system’s code-base. However, inconsistent changes can often be intentional and these might not lead to bugs. Thus, it would be beneficial if we could have an automatic mechanism for proactively determining which inconsistent changes are likely to introduce bugs in a code-base. With this focus, in our research we investigate the underlying factors affecting the possibility that an inconsistent change made to code clones will lead to bugs. We extract the evolutionary history of the clone fragments in open-source software systems and analyze whether clone-types, former clone evolutionary patterns, and clone proximity have impacts on the bug-proneness of the inconsistent changes to clones. We perform our investigation on six subject systems written in three different programming languages (Java, C, and C#) and find that inconsistent changes in Type 3 clones have the highest possibility of introducing bugs among all three clone-types (Type 1, 2, and 3). Moreover, similarity preserving inconsistent changes are significantly more likely to introduce bugs compared to diverging inconsistent changes. Proximity as well as granularity of code clones have significant impacts on their possibilities of experiencing bug-fixes after having inconsistent changes. Findings from our research can be important for minimizing bugs and inconsistencies in software systems during their evolution.",scopus,llm,0.980,unreviewed,
discarded,A recommendation approach based on bayesian networks for clone refactor,Zhai Y.,2020,Computers Materials and Continua,10.32604/cmc.2020.09950,https://www.scopus.com/inward/record.uri?partnerID=HzOxMe3b&scp=85090854903&origin=inward,adjacent-subtopic,"Reusing code fragments by copying and pasting them with or without minor adaptation is a common activity in software development. As a result, software systems often contain sections of code that are very similar, called code clones. Code clones are beneficial in reducing software development costs and development risks. However, recent studies have indicated some negative impacts as a result. In order to effectively manage and utilize the clones, we design an approach for recommending refactoring clones based on a Bayesian network. Firstly, clone codes are detected from the source code. Secondly, the clones that need to be refactored are identified, and the static and evolutions features are extracted to build the feature database. Finally, the Bayesian network classifier is used for training and evaluating the classification results. Based on more than 640 refactor examples of five open source software developed in C, we observe a considerable enhancement. The results show that the accuracy of the approach is larger than 90%. We believe our approach will provide a more accurate and reasonable code refactoring and maintenance advice for software developers.",scopus,llm,0.810,unreviewed,
kept,Towards a Novel Conceptual Framework for Analyzing Code Clones to Assist in Software Development and Software Reuse,Rajakumari K.E.,2020,Proceedings of the International Conference on Intelligent Computing and Control Systems Iciccs 2020,10.1109/ICICCS48265.2020.9120965,https://www.scopus.com/inward/record.uri?partnerID=HzOxMe3b&scp=85087450537&origin=inward,qualifies-claim,"Cloning the codes is similar patterns or equivalent code fragments. The code cloning process in software systems has a great impact on software development. Code clones can be beneficial or harmful to the programmer depending on the type of clones detected. In this paper, a framework is proposed to highlight the impacts of cloning codes, which could be analyzed during the identification of code cloning process. Detected clones are segregated into beneficial and non-beneficial clones. By using the beneficial clones a database is created is used in the developing and as well as reusing software. Non-beneficial clones are discarded by refactoring. It is a new approach to software engineering. Effective use of code clones in new software will heighten the software quality.",scopus,llm,0.860,unreviewed,
