status,title,authors,year,venue,doi,url,tags,abstract,provider,decision_source,llm_confidence,llm_review_outcome,llm_change_direction
discarded,JARV1S: Phenotype Clone Search for Rapid Zero-Day Malware Triage and Functional Decomposition for Cyber Threat Intelligence,Christopher Molloy; Philippe Charland; Steven H. H. Ding; Benjamin C. M. Fung,2022,2022 14th International Conference on Cyber Conflict: Keep Moving! (CyCon),10.23919/CyCon55549.2022.9811078,https://ieeexplore.ieee.org/document/9811078/,off-topic-false-hit,"Cyber threat intelligence (CTI) has become a critical component of the defense of organizations against the steady surge of cyber attacks. Malware is one of the most challenging problems for CTI, due to its prevalence, the massive number of variants, and the constantly changing threat actor behaviors. Currently, Malpedia has indexed 2,390 unique malware families, while the AVTEST Institute has recorded more than 166 million new unique malware samples in 2021. There exists a vast number of variants per malware family. Consequently, the signature-based representation of patterns and knowledge of legacy systems can no longer be generalized to detect future malware attacks. Machine learning-based solutions can match more variants. However, as a black-box approach, they lack the explainability and maintainability required by incident response teams.There is thus an urgent need for a data-driven system that can abstract a future-proof, human-friendly, systematic, actionable, and dependable knowledge representation from software artifacts from the past for more effective and insightful malware triage. In this paper, we present the first phenotype-based malware decomposition system for quick malware triage that is effective against malware variants. We define phenotypes as directly observable characteristics such as code fragments, constants, functions, and strings. Malware development rarely starts from scratch, and there are many reused components and code fragments. The target under investigation is decomposed into known phenotypes that are mapped to known malware families, malware behaviors, and Advanced Persistent Threat (APT) groups. The implemented system provides visualizable phenotypes through an interactive tree map, helping the cyber analysts to navigate through the decomposition results. We evaluated our system on 200,000 malware samples, 100,000 benign samples, and a malware family with over 27,284 variants. The results indicate our system is scalable, efficient, and effective against zero-day malware and new variants of known families.",ieee,llm,1.000,unreviewed,
discarded,Applying clone change notification system into an industrial development process,Yuki Yamanaka; Eunjong Choi; Norihiro Yoshida; Katsuro Inoue; Tateki Sano,2013,2013 21st International Conference on Program Comprehension (ICPC),10.1109/ICPC.2013.6613848,https://ieeexplore.ieee.org/document/6613848/,adjacent-subtopic,"Programmers tend to write code clones unintentionally even in the case that they can easily avoid them. Clone change management is one of crucial issues in open source software (OSS) development as well as in industrial software development (e.g., development of social infrastructure, financial system, and medical equipment). When an industrial developer fixes a defect, he/she has to find the code clones corresponding to the code fragment including it. So far, several studies performed on the analysis of clone evolution in OSS. However, to our knowledge, a few researches have been reported on an application of a clone change notification system to industrial development process. In this paper, we introduce a system for notifying creation and change of code clones, and then report on the experience with 40-days application of it into a development process in NEC Corporation. In the industrial application, a developer successfully identified ten unintentionally-developed clones that should be refactored.",ieee,human,0.830,human,
discarded,Towards Learning (Dis)-Similarity of Source Code from Program Contrasts,"Din, Yangruibo; Buratti, Luca; Pujar, Saurabh; Morari, Alessandro; Ray, Baishakhi; Chakraborty, Saikat",2022,"PROCEEDINGS OF THE 60TH ANNUAL MEETING OF THE ASSOCIATION FOR COMPUTATIONAL LINGUISTICS (ACL 2022), VOL 1: (LONG PAPERS)",,https://www.webofscience.com/wos/woscc/full-record/WOS:000828702306032,adjacent-subtopic,"Understanding the functional (dis)-similarity of source code is significant for code modeling tasks such as software vulnerability and code clone detection. We present DISCO (DIS-similarity of COde), a novel self-supervised model focusing on identifying (dis)similar functionalities of source code. Different from existing works, our approach does not require a huge amount of randomly collected datasets. Rather, we design structure-guided code transformation algorithms to generate synthetic code clones and inject real-world security bugs, augmenting the collected datasets in a targeted way. We propose to pre-train the Transformer model with such automatically generated program contrasts to better identify similar code in the wild and differentiate vulnerable programs from benign ones. To better capture the structural features of source code, we propose a new cloze objective to encode the local tree-based context (e.g., parents or sibling nodes). We pre-train our model with a much smaller dataset, the size of which is only 5% of the state-of-the-art models' training datasets, to illustrate the effectiveness of our data augmentation and the pre-training approach. The evaluation shows that, even with much less data, DISCO can still outperform the state-of-the-art models in vulnerability and code clone detection tasks.",wos,llm,0.990,unreviewed,
discarded,Evolution of Code Clone Ratios throughout Development History of Open-Source C and C plus plus Programs,"Goon, Anfernee; Wu, Yuhao; Matsushita, Makoto; Inoue, Katsuro",2017,2017 IEEE 11TH INTERNATIONAL WORKSHOP ON SOFTWARE CLONES (IWSC),,https://www.webofscience.com/wos/woscc/full-record/WOS:000403150600009,adjacent-subtopic,"A code clone is a fragment of code which is duplicated throughout the source code of a project. Code clones have been shown to make a project less maintainable because all code clones will share potential bugs and problems. Unlike other code clone research, this study analyzes the code clone ratios over the entire development lifetime of three open-source projects written in C/C++ to understand code clone growth in software over development and potential developer habits which could affect this growth. The study utilizes CCFinderX and Git to detect clone metrics across development history. The results from each project show very low, stable ratios across development history, with the code clone ratios only fluctuating greatly during the beginning of development mostly and very little refactoring occurring. This study goes further into the potential cause of low ratios and different fluctuations at different periods of development.",wos,llm,0.900,unreviewed,
discarded,Can We Find Stable Alternatives For Unstable Eclipse Interfaces?,"Kawuma, Simon; Businge, John; Bainomugisha, Engineer",2016,2016 IEEE 24TH INTERNATIONAL CONFERENCE ON PROGRAM COMPREHENSION (ICPC),,https://www.webofscience.com/wos/woscc/full-record/WOS:000386302200013,off-topic-false-hit,"The Eclipse framework is a popular and widely adopted framework that has been evolving for over a decade. Like many other evolving software systems, the Eclipse framework provides both stable and supported interfaces (APIs) and unstable, discouraged, and unsupported interfaces (non-APIs). However, despite being discouraged by Eclipse, the usage of bad interfaces is not uncommon. Our previous research has confirmed t hat a s Eclipse s tates, indeed A PIs a re stable while non-APIs are unstable. Applications using non-APIs face compatibility challenges in new Eclipse releases. Furthermore, our previous studies further revealed that the reason why application developers use the unstable interfaces is because they cannot find s table interfaces with t he functionality t hat they require. Moreover, in a study we conducted, Eclipse application developers stated that they manually find t he functionality from Eclipse. Eclipse being a very large complex software system with a large number of committers, we hypothesize that as developers manually search for the functionality they they require, it is possible that they miss stable interfaces offering the same functionality. To this end, using code clone detection techniques, we analyzed 18 major releases of Eclipse for possible clones. Our findings a re three fold: i) we discover that indeed there exist clones in Eclipse, ii) we also discovered that some of the identified clones originate from different Eclipse projects, iii) our findings reveal t hat t here i s no significant number of APIs (less than 1 %) offering the same or similar functionality as the non-APIs in all Eclipse releases we studied. This reveals that there are very few syntactic clones between API and non-API, thus developers were forced to either use non-API or find a n A PI t hat exists, t hat i s similar in functionality, but not in syntax.",wos,llm,0.990,unreviewed,
discarded,An exploratory study on LLM-generated code and comments in code repositories,Ji Y.,2026,Journal of Systems and Software,10.1016/j.jss.2026.113026,https://www.scopus.com/inward/record.uri?partnerID=HzOxMe3b&scp=105044404091&origin=inward,off-topic-false-hit,"The use of LLMs in software development has become increasingly widespread on tasks such as code generation and summarization. Reports from large technology companies showed that around 20% to 30% of their code are generated by LLMs. However, there remains skepticism about the practical usage of LLM-generated code and comments, such as concerns on more time for debugging the generated code and the unnaturalness of the generated comments. In this paper, we study the code and comments detected as likely to be generated by LLMs and their characteristics, the differences between company- and community-maintained repositories, and how likely bugs are associated with LLM-generated code. We conduct extensive experiments on active company- and community-maintained repositories from 2021 to 2025 using various tools and techniques that detect code and comments generated by LLMs. Based on our detector-based proxy analysis, the results suggest that code detected as likely to be generated by LLMs decreased over time and appeared frequently in test cases, while that of comments remains relatively stable. Proxy results further suggest that code detected as likely to be generated by LLMs shows substantial intra-repository code clones, whereas comments exhibit a relatively low proportion of grammatically correct sentences. In addition, the company-maintained repositories show a higher percentage of code and comments detected as likely to be generated by LLMs, and only a small percentage of the human-labelled bugs are detected as being likely associated with LLM-generated code.",scopus,llm,0.970,unreviewed,
kept,Unveiling code clones in the Eclipse IIoT software ecosystem,Li Z.,2026,Journal of Systems and Software,10.1016/j.jss.2026.112869,https://www.scopus.com/inward/record.uri?partnerID=HzOxMe3b&scp=105037058403&origin=inward,supports-claim,"Industrial Internet of Things (IIoT) has become a prominent topic recently, with an increasing number of IIoT OSS projects emerging, also within the Eclipse Foundation. Code cloning is a common practice that can adversely affect software maintenance. In the IIoT OSS domain, developers frequently reuse code and configurations for efficiency, which can lead to code clone proliferation and maintenance challenges. However, the extent and effects of code clones in the IIoT OSS domain remain understudied. This study aims to investigate the prevalence, evolution, and co-modification of code clones within the Eclipse IIoT OSS ecosystem. We collected 90 release versions from 15 projects in the Eclipse IIoT OSS ecosystem, and investigated their code clone situations based on source code and change history using the NiCad tool and our custom analysis module. The investigation covered clone distribution, patterns, evolution trends, co-modified clones, and cross-project clones. 1) Code clones are prevalent in Eclipse IIoT OSS projects, with 16.3% of code lines involved in clones - nearly twice the proportion observed in traditional OSS projects; 2) Most code clones occur between commits, while there are still a significant proportion of code clones that each clone pair happens within a commit; 3) Most Eclipse IIoT projects remain stable in clone numbers during version iterations; 4) An average of 0.17% of the clones have been co-modified, which negatively affect maintenance; and 5) Cross-project clone pairs are prevalent, more in Java than in C projects, with rare co-modifications (0.02%) only in Java projects. Our findings highlight the potential negative impacts of these clones on software maintenance, emphasizing the need to address these issues to improve overall software quality.",scopus,llm,0.730,unreviewed,
discarded,AntiCopyPaster 3.0: Just-in-Time Clone Refactoring,AlOmar E.A.,2026,ACM Transactions on Software Engineering and Methodology,10.1145/3749100,https://www.scopus.com/inward/record.uri?partnerID=HzOxMe3b&scp=105032309832&origin=inward,adjacent-subtopic,"Refactoring is a crucial practice in software maintenance that aims at improving design and coding practices while addressing design flaws. The Extract Method refactoring is particularly popular for consolidating duplicate code fragments into a single method. Various studies have explored ways to recommend Extract Method refactoring opportunities using techniques such as program slicing, program dependency graph analysis, change history analysis, structural similarity, and feature extraction. Despite their effectiveness, these approaches often disrupt the developer’s workflow, requiring them to pause their coding and assess the refactoring opportunities suggested throughout the project, without considering the specific development context. To enhance the adoption of Extract Method refactoring, our previous work proposed AntiCopyPaster 2.0 and investigated the effectiveness of detecting and extracting code clones without disrupting the developer’s workflow. To address these limitations, we develop a new approach in this article that supports the detection of Type-1 and Type-2 clones using the Program Structure Interface (PSI) and includes a custom-built Extract Method refactoring tool. We implement our approach using an IntelliJ IDEA extension plugin. Additionally, we integrated name recommendation models, including IntelliJ’s built-in recommender and Code2Vec, to enhance the quality of method names and improve developer productivity. To evaluate the accuracy and usefulness of our approach, we conducted a qualitative study involving 13 developers. The results indicate that (1) developers appreciate the approach and are satisfied with various aspects of the plugin’s functionality, (2) PSI effectively identifies clones by analyzing the structural and semantic aspects of the code, (3) IntelliJ’s naming recommender often provides default generic names, while code2vec produces descriptive and relevant names based on the code context, (4) the performance of AntiCopyPaster remains stable regardless of the file size and the number of clones present, (5) despite different detection and correction mechanisms, JDeodorant and AntiCopyPaster were able to perform method extraction, and AntiCopyPaster features just-in-time detection and correction, and (6) our results show an improvement in code quality after performing Extract Method refactoring with both refactoring tools. We envision that our AntiCopyPaster solution can streamline the Extract Method refactoring process, enhancing both developer efficiency and code quality by seamlessly integrating Type-2 clone detection and name recommendation capabilities in the development workflow.",scopus,llm,0.960,unreviewed,
discarded,"Metrics-First, Language-Aware Clone Type Recognition: Auditable Signals Across C, C#, Java, and Python",Panchal N.,2026,Journal of Software Evolution and Process,10.1002/smr.70124,https://www.scopus.com/inward/record.uri?partnerID=HzOxMe3b&scp=105039673720&origin=inward,adjacent-subtopic,"Modern clone research has largely converged on powerful end‐to‐end detectors, yet practitioners still lack auditable guidance on which concrete code characteristics best distinguish clone types and whether those signals transfer across languages. Rather than building another detector, we focus on metrics‐level explainability for clone‐type recognition, where we examine which code‐level similarity metrics—spanning lexical, structural, semantic, and behavioral families—most strongly separate Syntactic (T1/2), Type 3, and Type 4 clones, and how stable and robust those metrics are across languages. We apply the GPTCloneBench within‐language pairs for C, C#, Java, and Python to compute a 20‐metric, format‐invariant representation per pair. Structural views are derived from Tree‐sitter ASTs/graphs; semantic views from CodeBERT/CodeT5 and CodeBLEU; a lightweight behavioral proxy captures decision‐path overlap. We adopt a nested design: RFECV selects features within training folds, and four tabular learners (Random Forest, XGBoost, AutoGluon–Tabular, TabPFN) are evaluated per language using macro‐F1 and accuracy measures, with non‐parametric tests (Friedman →$$ \to $$ Wilcoxon+Holm), effect sizes, and feature‐stability analyses (selection frequency and Top‐ k$$ k $$ Jaccard). A compact, mixed‐family core—TF–IDF, n$$ n $$ ‐gram Dice, AST shape similarity, and CodeBERT embedding—consistently accounts for the majority of discriminative signal across languages (Top‐5 mutual‐information [MI] share 0.58–0.65; Top‐5 Jaccard stability 0.63–0.72; low redundancy). Across learners, TabPFN yields the highest mean macro‐F1 overall (72.44%), is statistically superior in C and C#, and leads in Java; AutoGluon is best in Python (69.10%). Type 3 remains the persistent bottleneck, while Type 4 often exceeds T3 when semantic features dominate. Cross‐language spreads are bounded ( ≤$$ \le $$  10.67 pp), with C# showing the highest ceilings and Python the lowest. A small, auditable metric portfolio coupled with modern tabular learners provides interpretable, language‐aware clone‐type recognition. The results (i) identify stable, cross‐language metric subsets, (ii) quantify where semantics trump structure (T4 >$$ > $$ T3), and (iii) offer practical model guidance (TabPFN for statically typed languages; heterogeneous ensembling for dynamic ones). The accompanying artifacts enable exact regeneration and support future, metrics‐first refinement of T3‐sensitive signals.",scopus,llm,0.990,unreviewed,
discarded,Semantic code clone detection using hybrid intermediate representations and BiLSTM networks,Ismail M.S.,2026,Plos One,10.1371/journal.pone.0340971,https://www.scopus.com/inward/record.uri?partnerID=HzOxMe3b&scp=105028138667&origin=inward,adjacent-subtopic,"Semantic code clone detection plays an essential role in software maintenance and quality assurance, as it helps uncover fragments of code that express the same logic even when their syntax has been altered or deliberately obfuscated. In this study, we propose a framework that combines hybrid representation learning with deep bidirectional LSTM networks. The model is applied to two intermediate forms of Java programs—Baf and Jimple—extracted through the Soot framework, which together provide both syntactic structure and semantic detail. This design allows the method to cope with difficult obfuscation strategies such as polymorphism and metamorphism. In our experiments, the framework showed strong and stable performance. Training accuracy reached about 98%, while validation accuracy stayed above 95%, with good generalization across the different clone categories described in the Twilight-Zone taxonomy. When compared with other recurrent models, the BiLSTM consistently performed better, especially when combined with multiple intermediate representations and attention mechanisms. On the BigCloneBench dataset, the approach matched or exceeded the results of state-of-the-art tools, achieving recall and F1-scores of up to 97% on challenging clone types. These findings confirm the practical applicability of hybrid intermediate representations for semantic clone detection and suggest promising directions for future research using transformer-based models and large-scale deployment.",scopus,llm,0.990,unreviewed,
