status,title,authors,year,venue,doi,url,tags,abstract,provider,decision_source,llm_confidence,llm_review_outcome,llm_change_direction
discarded,"Fruit-Specific Promoters in Plants: Advances, Regulatory Mechanisms and Applications in Plant Biotechnology",Fan J.,2026,Plants,10.3390/plants15152338,https://www.scopus.com/inward/record.uri?partnerID=HzOxMe3b&scp=105047185101&origin=inward,off-topic-false-hit,"Fruit-specific promoters (FSPs) are a class of regulatory DNA sequences that direct transgene expression exclusively in fruit tissues or during specific stages of fruit development. They are indispensable molecular tools in modern agricultural biotechnology, with broad applications in fruit quality improvement, nutritional enhancement, and shelf-life extension. By functioning as precise molecular switches that regulate fruit-specific gene expression, FSPs overcome the limitations of constitutive promoters and facilitate precision molecular breeding for fruit quality improvement. This review systematically summarizes recent advances in FSP research. First, based on their spatiotemporal expression patterns, FSPs are classified into four categories: immature fruit-specific, fruit ripening-specific, whole fruit development stage-specific, and dual-stage (immature fruit/ripening) promoters. Their origins, expression characteristics, and key cis-regulatory elements are comprehensively summarized. Second, the complex transcriptional regulatory network governing FSP activity is discussed from the perspectives of cis-regulatory elements, major transcription factor families (such as MADS-box and NAC proteins), and epigenetic regulation, including DNA methylation and histone modifications. Furthermore, recent advances in key methodologies, including promoter cloning, functional characterization, and CRISPR/Cas9-mediated precise editing of cis-regulatory elements, are reviewed, together with their applications in crop genetic improvement, plant molecular farming, and fundamental molecular biology research. Finally, this review highlights the major challenges limiting the application of FSPs, including the relatively weak transcriptional activity of natural promoters, insufficient tissue specificity, and limited cross-species applicability. Future perspectives are discussed, emphasizing the integration of artificial intelligence-assisted promoter design, high-throughput screening, and single-cell omics technologies to develop finely tunable synthetic promoters. These advances are expected to provide both a theoretical foundation and technical support for precision molecular breeding in fruit crops.","dblp, openalex, wos, scopus, ieee",llm,0.990,unreviewed,
discarded,Beyond Production Code: A Pull Request-Based Study of Technical Debt in Test Code,Neto J.R.d.A.,2026,Proceedings 2026 ACM IEEE International Conference on Technical Debt Techdebt 2026,10.1145/3794915.3795781,https://www.scopus.com/inward/record.uri?partnerID=HzOxMe3b&scp=105045695546&origin=inward,adjacent-subtopic,"Technical Debt (TD) arises from design and implementation decisions that prioritize short-term delivery over long-term software quality. Pull Requests (PRs) represent discrete development units that offer valuable insight into how TD emerges, evolves, and is addressed throughout short development cycles. Test code plays a critical role in ensuring system reliability; however, accumulated TD can lead to fragile and hard-to-maintain tests, undermining developer confidence and hindering safe system evolution. Although TD has been extensively studied in production code, its manifestation and evolution in test code have received comparatively less attention. In this paper, we present an empirical study of 2,035 PRs from 12 Java-based Apache projects to deepen the understanding of how TD evolves in short development cycles, particularly within test code. Using SonarQube as an analysis tool, we investigate (i) how TD changes across PRs involving tests and (ii) which types of TD issues are most frequently fixed or neglected. Our results show that most test-related PRs maintain existing TD levels (48.9%), while 20.6% reduce and 30.5% increase it, indicating a higher tendency for accumulation compared to production code. Structural issues, such as improper exception handling, are more often addressed, whereas duplication- and style-related problems tend to persist. These findings suggest that developers apply different levels of rigor when managing TD in test versus production code, prioritizing functional correctness over maintainability.","dblp, openalex, wos, scopus, ieee",llm,0.940,unreviewed,
discarded,Repressor Element 1 Silencing Transcription Factor as a central regulator of autophagy and neuroinflammation in Alzheimer's disease,Dilip P.I.,2026,European Journal of Pharmacology,10.1016/j.ejphar.2026.179168,https://www.scopus.com/inward/record.uri?partnerID=HzOxMe3b&scp=105045567862&origin=inward,off-topic-false-hit,"Repressor element-1 silencing transcription factor (REST) is a critical epigenetic regulator involved in multiple cellular processes, including apoptosis, autophagy, and neuronal survival. By modulating the expression of neuronal and stress-response genes, REST contributes significantly to neuroprotection. REST is predominantly localised in the nucleus; however, in Alzheimer's Disease (AD), nuclear REST is reduced, leading to transcriptional dysregulation and contributing to AD pathology. The low levels of REST are associated with defective autophagy flux, including mitochondrial dysfunction and enhanced vulnerability to toxic protein aggregates, causing AD and other neurodegenerative disorders. Recent research shows that REST suppresses several apoptotic genes, modulating neuroinflammatory signalling and regulates autophagy. The specific regulatory mechanism of REST suggests new strategies for the prevention and treatment of AD and ageing. Despite REST's unique functions and importance in AD, its precise role and the molecular mechanisms underlying REST-mediated signalling pathways have not been comprehensively reviewed. The purpose of this review is to provide an overview of the structural and functional characteristics of REST, explore the mechanisms underlying REST-mediated autophagy, neuroinflammation and apoptosis in AD and discuss the emerging therapeutic implications of targeting REST.","dblp, openalex, wos, scopus, ieee",llm,0.990,unreviewed,
discarded,A Grounded Theory Study to Guide AI-Driven Code Comment Improvement,Dhakal M.,2026,Journal of Software Evolution and Process,10.1002/smr.70157,https://www.scopus.com/inward/record.uri?partnerID=HzOxMe3b&scp=105045845297&origin=inward,off-topic-false-hit,"Current automated code summarization research focuses primarily on mimicking existing human‐written comments, ignoring the fact that many baseline comments are incomplete or misaligned with developer needs. This paper presents a novel approach to intentionally improve code comments along different quality axes by rewriting those comments with customized artificial intelligence (AI)‐based tools. We first conduct an empirical study with developers, followed by grounded theory to develop a theoretical construct we define as comment refocusing. This theory identifies seven distinct quality axes grouped into two dimensions: Internalization (anchoring comments in implementation logic) and Externalization (projecting comments into system context). Based on this theoretical foundation, we propose a two‐stage alignment procedure using reinforcement learning from AI feedback (RLAIF) followed by human feedback (RLHF) to steer large language models toward these quality axes. We implement this procedure using a large‐scale teacher model (GPT‐4o) and distill the knowledge into smaller, privacy‐preserving models (e.g., jam, CodeLlama‐13B) capable of in‐house deployment. Our evaluation demonstrates that our procedure improves code comments along the quality axes, satisfying specific developer‐defined quality goals. We release all data and source code in an online repository for reproducibility.","dblp, openalex, wos, scopus, ieee",llm,0.990,unreviewed,
discarded,Microtubule-Associated Proteins: From Dynamic Regulation of Microtubules to Cellular Architecture,Pais E.,2026,Cells,10.3390/cells15141289,https://www.scopus.com/inward/record.uri?partnerID=HzOxMe3b&scp=105045702932&origin=inward,off-topic-false-hit,"Highlights What are the main findings? MAPs, MIPs, and MOPs act as central regulators of specialized microtubule architectures in centrioles, cilia, mitotic spindles, and neurons. Structural and comparative studies reveal that recurrent microtubule-binding modules are reused across compartments and adapted to distinct lattice geometries and functions. What is the implication of the main finding? Specialized microtubule systems are built and maintained by modular protein networks, not by tubulin polymers alone. Disruption of these networks links microtubule architecture to ciliopathies, neurodevelopmental and neurodegenerative disorders, chromosomal instability, and cancer. Abstract Microtubule-associated proteins (MAPs) are key regulators of microtubule architecture and dynamics, orchestrating microtubule stability, post-translational modification, and spatial organization across diverse cellular contexts. Through these activities, MAPs govern essential processes including cell division, intracellular transport, signaling, and differentiation. This review synthesizes current insights into how MAPs regulate a diverse range of cellular processes, including maintenance of structural integrity, centriole assembly, cell division, the dynamic transition between centrosomal and ciliary states, and neuronal growth and connectivity. We discuss advances from structural biology, proteomics, and cell imaging that are redefining the molecular landscape of centriole and cilia regulation, and we highlight emerging themes linking MAP dysfunction to human disease, including cancer, ciliopathies, and neurodegenerative disorders. By integrating these diverse perspectives, the review outlines a unifying framework for understanding how MAPs orchestrate microtubule function and identifies key challenges and opportunities for future research.","dblp, openalex, wos, scopus, ieee",llm,1.000,unreviewed,
discarded,HardCAM: A 65 nm radhard CAM design and evaluation for space applications,Merlin I.,2026,Array,10.1016/j.array.2026.100769,https://www.scopus.com/inward/record.uri?partnerID=HzOxMe3b&scp=105033933362&origin=inward,off-topic-false-hit,"This paper presents the design and first experimental validation under heavy ion (HI) irradiation of a Content Addressable Memory (HardCAM) fabricated in 65 nm CMOS technology. HardCAM was experimentally tested alongside a standard SRAM array to assess data integrity and proper function under HI beam irradiation. While the SRAM exhibited increasing error rates and consequent data corruption due to single event effects, radhard HardCAM maintained correct operation even under extreme conditions that induced several bit flips per memory row. HardCAM requires no error correction mechanism. It applies similarity, or Hamming distance tolerant search, to endure and tolerate errors rather than correct them. Our experimental results establish HardCAM as a viable and robust CAM solution for radiation-sensitive applications, such as space and aerospace systems.","dblp, openalex, wos, scopus, ieee",llm,0.990,unreviewed,
discarded,RiboScreenTM Technology Delivers Small-Molecule Ribodrugs to Convert Ribosomal Proteins into Molecular Valves for Tailored Protein Production Levels in Rare and Prevalent Disease †,Edobor G.,2026,Biomedicines,10.3390/biomedicines14071419,https://www.scopus.com/inward/record.uri?partnerID=HzOxMe3b&scp=105046369343&origin=inward,off-topic-false-hit,"Across all kingdoms of life, ribosomes are indispensable molecular machines that translate genetic information into the proteome of living cells. The fundamental catalytic centers of the ribosome, constructed primarily from ribosomal RNA (rRNA), exhibit remarkable conservation between the major domains of life. The ribosome’s A-site deciphers the mRNA’s triplet code, while the P-site synthesizes the growing protein chain and the E-site provides exit for deacylated tRNA; a distinct tunnel facilitates nascent polypeptide export. While the conservation of ribosomal proteins is less pronounced between bacteria and eukaryotes, striking homology exists from simple eukaryotes to humans. Ribosomal proteins were traditionally viewed mainly as scaffolding agents, steering rRNA folding during ribosome biogenesis and maintaining structural stability during translation. However, since the early 2000s, advances in structural and functional ribosome analysis have ushered in a more nuanced paradigm: ribosomes are no longer considered uniform machines. Instead, an array of rRNA and ribosomal protein modifications generates a spectrum of ribosome populations capable of specialized translation. RiboScreenTM technology leverages this regulatory potential of individual ribosomal proteins, enabling deliberate modulation of target protein output and representing a promising tool for correcting dysregulated protein expression involved in rare and common diseases. This review will first introduce relevant aspects of ribosome biology and then showcase the tools of this new technology. Finally, we report examples for the delivery of small molecules to target ribosomal proteins for tailored restoration of protein production levels in rare and prevalent diseases.","dblp, openalex, wos, scopus, ieee",llm,1.000,unreviewed,
discarded,Ataxia telangiectasia mutated (ATM) kinase as a predictive biomarker in clinical oncology: implications for a precision treatment approach,Pham A.T.,2026,Neoplasia United States,10.1016/j.neo.2026.101309,https://www.scopus.com/inward/record.uri?partnerID=HzOxMe3b&scp=105036733596&origin=inward,off-topic-false-hit,"Highlights • ATM kinase is a central regulator of DNA damage response, particularly in repairing double-strand breaks. Its loss leads to genomic instability, increased mutation rates, and heightened immunogenicity, making ATM-deficient tumors vulnerable to DNA-damage therapies.• ATM-deficient tumors showed enhanced sensitivity to radiotherapy, chemotherapy, and synthetic lethality approaches with ATR, CHEK1 and PARP inhibitors.• ATM loss activates STING/cGAS pathway, boosting antigen presentation and immune cell infiltration. This enhances responsiveness to immune checkpoint inhibitors, especially in tumors with high mutational burden.• The therapeutic responses vary significantly based on mutation types and co-mutation status. ATM and TP53 mutations are mutually exclusive. Biallelic loss leads to complete ATM deficiency, while certain monoallelic missense mutations (i.e. R3008H) exert dominant-negative effect. The functional distinction is crucial for treatment outcomes.","dblp, openalex, wos, scopus, ieee",llm,1.000,unreviewed,
discarded,Subcellular localization as a driver of protein function,Sigaeva A.,2026,Nature Reviews Molecular Cell Biology,10.1038/s41580-026-00947-3,https://www.scopus.com/inward/record.uri?partnerID=HzOxMe3b&scp=105030525020&origin=inward,off-topic-false-hit,"Biological functions depend on the spatiotemporal distribution of proteins within cells. Key cellular activities such as signal transduction, metabolism, cell cycle and cell death are driven by the interactions of proteins that are localized in multiple cellular compartments. Such multilocalization can even allow protein with identical sequences to display multifunctionality, a phenomenon known as moonlighting. Despite its biological importance, the relationship between protein localization and function remains underexplored. In this Review, we discuss the known mechanisms of protein localization (including RNA transport, role of proteoforms and molecular interactions) and how subcellular localization controls protein function. Proper regulation of protein localization is crucial for specialized cell and tissue functions, including cell differentiation, polarization and the epithelial–mesenchymal transition. Protein mislocalization can also have important roles in pathological processes, such as in cancer, neurodegeneration and autoimmunity. We end with a discussion of current technological and conceptual challenges in the field of subcellular proteomics and spatial biology. Addressing these challenges will allow us to link the dynamic nature of protein localization and function across biological scales and contexts, with great impact on fundamental cell biology and clinical applications. Proteins can localize to multiple cellular compartments and some exhibit distinct functions depending on their location. This Review discusses the mechanisms of protein localization, the control of specialized protein functions through subcellular localization, and how mislocalization is involved in cancer, neurodegeneration and autoimmunity.","dblp, openalex, wos, scopus, ieee",llm,1.000,unreviewed,
discarded,Learning Software Bug Reports: A Systematic Literature Review,Long G.,2026,ACM Transactions on Software Engineering and Methodology,10.1145/3750040,https://www.scopus.com/inward/record.uri?partnerID=HzOxMe3b&scp=105045918710&origin=inward,adjacent-subtopic,"The recent advancement of artificial intelligence, in particular Machine Learning (ML), has witnessed its significant growth in various software engineering research fields. Among them, bug report analysis is one of such examples as it aims to automatically understand, extract and correlate information from the reports with the help of ML approaches. Despite the importance of ML in automating and enhancing bug report analysis, a comprehensive review that systematically examines the state-of-the-art in this area is still lacking. In this article, we provide a systematic literature review on this promising research topic. Our review covers 1,825 papers, from which we extract 204 most relevant studies for detailed analysis. Based on the statistics and trends observed in these reviewed studies, we obtained seven key findings summarized as follows: (1) The extensive use of Convolutional Neural Network (CNN), Long Short-Term Memory (LSTM) and \( k \) -Nearest Neighbor ( \( k \) NN) for bug report analysis, noting the underutilization of more advanced models like BERT due to their complexity and computational demands. (2) Word2Vec and TF-IDF are the most common methods for feature representation, with a notable increase in deep learning-based methods in recent years. (3) Stop word removal is the most common preprocessing method, followed by tokenization and stemming. Structural methods surged post-2020. (4) Eclipse and Mozilla are the most frequently evaluated software projects, reflecting their prominence in the field. (5) Bug categorization is the most popular task, followed by bug localization, assignment, and severity/priority prediction, with a growing interest in bug report summarization driven by advancements in NLP. (6) Most studies focus on general bug types, but there is increasing attention on specific bugs such as non-functional and performance bugs. (7) Common evaluation metrics include F1-score, Recall, Precision, and Accuracy, but bug report related evaluation metrics have not received significant attention. The majority of studies prefer \( k \) -fold cross-validation for model evaluation. (8) Many studies lack robust statistical tests or effect size measurements. Finally, based on the key findings, we discover six promising future research directions, by which we hope, together with the findings, can offer useful insights to practitioners of this particular research direction.","dblp, openalex, wos, scopus, ieee",llm,0.980,unreviewed,
