status,title,authors,year,venue,doi,url,tags,abstract,provider,decision_source,llm_confidence,llm_review_outcome,llm_change_direction
discarded,Functional comparisons of three glutamate transporter subtypes cloned from human motor cortex,J.L. Arriza; W. A. Fairman; Jacques I. Wadiche; GH Murdoch; MP Kavanaugh; Susan Amara,1994,Journal of Neuroscience,10.1523/jneurosci.14-09-05559.1994,https://openalex.org/W2157853053,off-topic-false-hit,"Reuptake plays an important role in regulating synaptic and extracellular concentrations of glutamate. Three glutamate transporters expressed in human motor cortex, termed EAAT1, EAAT2, and EAAT3 (for excitatory amino acid transporter), have been characterized by their molecular cloning and functional expression. Each EAAT subtype mRNA was found in all human brain regions analyzed. The most prominent regional variation in message content was in cerebellum where EAAT1 expression predominated. EAAT1 and EAAT3 mRNAs were also expressed in various non-nervous tissues, whereas expression of EAAT2 was largely restricted to brain. The kinetic parameters and pharmacological characteristics of transport mediated by each EAAT subtype were determined in transfected mammalian cells by radio-label uptake and in microinjected oocytes by voltage-clamp measurements. The affinities of the EAAT subtypes for L-glutamate were similar, with Km determinations varying from 48 to 97 microM in the mammalian cell assay and from 18 to 28 microM in oocytes. Glutamate uptake inhibitors were used to compare the pharmacologies of the EAAT subtypes. The EAAT2 subtype was distinguishable from the EAAT1/EAAT3 subtypes by the potency of several inhibitors, but most notably by sensitivity to kainic acid (KA) and dihydrokainic acid (DHK). KA and DHK potently inhibited EAAT2 transport, but did not significantly affect transport by EAAT1/EAAT3. Using voltage-clamp measurements, most inhibitors were found to be substrates that elicited transport currents. In contrast, KA and DHK did not evoke currents and they were found to block EAAT2-mediated transport competitively. This selective interaction with the EAAT2 subtype could be a significant factor in KA neurotoxicity. These studies provide a foundation for understanding the role of glutamate transporters in human excitatory neurotransmission and in neuropathology.",openalex,llm,0.990,unreviewed,
discarded,Nonrandom X-inactivation patterns in normal females: lyonization ratios vary with age,Lambert Busque; Robert Mio; J Mattioli; E Brais; N Blais; Y Lalonde; Marlon Maragh; DG Gilliland,1996,Blood,10.1182/blood.v88.1.59.59,https://openalex.org/W4242239767,off-topic-false-hit,"Abstract The utility of X-inactivation based clonality assays for evaluation of human neoplasia is well-documented. However, excessive Lyonization is a potential limitation of these assays, because it mimics clonal derivation of cells. The incidence of excessive Lyonization in healthy females is controversial, with reported incidence varying from 4% to 33%. Several explanations have been offered for the observed variation, including different criteria for excessive Lyonization, diversity of X- linked clonality assays, small population sizes and more recently, tissue specificity of X-inactivation patterns. However, it is also possible that stem cell depletion, clonal hematopoiesis, or selection pressures on blood cells results in an increased incidence of excessive skewing. If any of the latter is true, then the incidence of excessive skewing should increase with age in blood cells. To test this hypothesis, we determined X-inactivation ratios at the human androgen receptor locus of 295 normal females from three age groups: (1) neonates, (2) females 28 to 32 years old and, (3) females aged > or = 60 years. The incidence of skewing (allele ratios > or = 3:1) was 8.6% (14 of 162) in neonates (P = .104 v 28 to 32); 16.4% (11/67) in 28 to 32 y.o. (P = .0064 v > or = 60), and 37.9% (25 of 66) in women > or = 60 y.o. (P < .0001 v neonates). When a more stringent criterion for skewing was used (allele ratios > or = 10:1), the incidence was 1.9% (3 of 162) in neonates (P = .362 v 28 to 32), 4.5% (3 of 67) in 28 to 32 y.o. (P = .0022 v > or = 60), and 22.7% (15 of 66) in > or = 60 y.o. group (P < .0001 v neonates). Results have been confirmed at the phosphoglycerate kinase locus for 48 heterozygous females. The incidence of excessive skewing increases with age. In neonates, the incidence is low and may correspond to true excessive Lyonization. Acquired skewing occurs with aging in normal females and is present in 38% of females over the age of 60. Further studies are needed to determine whether acquired skewing is a consequence of stem cell depletion, true clonal hematopoiesis, growth advantage conferred by parental-specific X-chromosomes, or other causes. These data provide an explanation for variation in reported incidence of excessive skewing in normal females. Furthermore, these findings suggest that any study of clonality using X-inactivation based assays should incorporate age- matched controls for Lyonization.",openalex,llm,0.990,unreviewed,
discarded,Single-cell landscape of bronchoalveolar immune cells in patients with COVID-19,Mingfeng Liao; Yang Liu; Jing Yuan; Yanling Wen; Gang Xu; Juanjuan Zhao; Lin Cheng; Jinxiu Li; Xin Wang; Fuxiang Wang; Lei Liu; Ido Amit; Shuye Zhang; Zheng Zhang,2020,Nature Medicine,10.1038/s41591-020-0901-9,https://openalex.org/W3024643080,off-topic-false-hit,"Respiratory immune characteristics associated with Coronavirus Disease 2019 (COVID-19) severity are currently unclear. We characterized bronchoalveolar lavage fluid immune cells from patients with varying severity of COVID-19 and from healthy people by using single-cell RNA sequencing. Proinflammatory monocyte-derived macrophages were abundant in the bronchoalveolar lavage fluid from patients with severe COVID-9. Moderate cases were characterized by the presence of highly clonally expanded CD8(+) T cells. This atlas of the bronchoalveolar immune microenvironment suggests potential mechanisms underlying pathogenesis and recovery in COVID-19.

Single-cell transcriptome and T cell receptor analysis of bronchoalveolar lavage fluid suggests enrichment of proinflammatory macrophages in patients with severe COVID-19 and the presence of clonally expanded CD8(+) T cells in patients with moderate COVID-19.",openalex,llm,0.990,unreviewed,
discarded,Development of the Human Infant Intestinal Microbiota,Chana Palmer; Elisabeth M. Bik; Daniel B. DiGiulio; David A. Relman; Patrick O. Brown,2007,PLoS Biology,10.1371/journal.pbio.0050177,https://openalex.org/W2052969143,off-topic-false-hit,"Almost immediately after a human being is born, so too is a new microbial ecosystem, one that resides in that person's gastrointestinal tract. Although it is a universal and integral part of human biology, the temporal progression of this process, the sources of the microbes that make up the ecosystem, how and why it varies from one infant to another, and how the composition of this ecosystem influences human physiology, development, and disease are still poorly understood. As a step toward systematically investigating these questions, we designed a microarray to detect and quantitate the small subunit ribosomal RNA (SSU rRNA) gene sequences of most currently recognized species and taxonomic groups of bacteria. We used this microarray, along with sequencing of cloned libraries of PCR-amplified SSU rDNA, to profile the microbial communities in an average of 26 stool samples each from 14 healthy, full-term human infants, including a pair of dizygotic twins, beginning with the first stool after birth and continuing at defined intervals throughout the first year of life. To investigate possible origins of the infant microbiota, we also profiled vaginal and milk samples from most of the mothers, and stool samples from all of the mothers, most of the fathers, and two siblings. The composition and temporal patterns of the microbial communities varied widely from baby to baby. Despite considerable temporal variation, the distinct features of each baby's microbial community were recognizable for intervals of weeks to months. The strikingly parallel temporal patterns of the twins suggested that incidental environmental exposures play a major role in determining the distinctive characteristics of the microbial community in each baby. By the end of the first year of life, the idiosyncratic microbial ecosystems in each baby, although still distinct, had converged toward a profile characteristic of the adult gastrointestinal tract.",openalex,llm,0.990,unreviewed,
discarded,Novel R tools for analysis of genome-wide population genetic data with emphasis on clonality,Zhian N. Kamvar; Jonah C. Brooks; Niklaus J. GrÃ ⁄ nwald,2015,Frontiers in Genetics,10.3389/fgene.2015.00208,https://openalex.org/W1536142406,off-topic-false-hit,"To gain a detailed understanding of how plant microbes evolve and adapt to hosts, pesticides, and other factors, knowledge of the population dynamics and evolutionary history of populations is crucial. Plant pathogen populations are often clonal or partially clonal which requires different analytical tools. With the advent of high throughput sequencing technologies, obtaining genome-wide population genetic data has become easier than ever before. We previously contributed the R package poppr specifically addressing issues with analysis of clonal populations. In this paper we provide several significant extensions to poppr with a focus on large, genome-wide SNP data. Specifically, we provide several new functionalities including the new function mlg.filter to define clone boundaries allowing for inspection and definition of what is a clonal lineage, minimum spanning networks with reticulation, a sliding-window analysis of the index of association, modular bootstrapping of any genetic distance, and analyses across any level of hierarchies.",openalex,llm,0.990,unreviewed,
kept,Using clone detection to identify bugs in concurrent software,Kevin Jalbert; Jeremy S. Bradbury,2010,2010 IEEE International Conference on Software Maintenance,10.1109/ICSM.2010.5609529,https://ieeexplore.ieee.org/document/5609529/,supports-claim,"In this paper we propose an active testing approach that uses clone detection and rule evaluation as the foundation for detecting bug patterns in concurrent software. If we can identify a bug pattern as being present then we can localize our testing effort to the exploration of interleavings relevant to the potential bug. Furthermore, if the potential bug is indeed a real bug, then targeting specific thread interleavings instead of examining all possible executions can increase the probability of the bug being detected sooner.",ieee,llm,0.830,unreviewed,
discarded,ACDPR: A Recommendation System for the Creational Design Patterns Using Anti-patterns,Nadia Nahar; Kazi Sakib,2016,"2016 IEEE 23rd International Conference on Software Analysis, Evolution, and Reengineering (SANER)",10.1109/SANER.2016.44,https://ieeexplore.ieee.org/document/7476740/,off-topic-false-hit,"Recommendation of creational design patterns is not an easy task due to the similarities in their intents. Relationships with anti-patterns can play a significant role here. However, the logical definition and characterization of these anti-patterns, categorized by the design patterns, is still missing. The contributions of this paper are to identify and characterize the anti-patterns that reside as alternative solutions to the creational design patterns, and detect those anti-patterns in software designs to recommend the correct design patterns. After the anti-patterns are defined through the analysis of their structure, behavior and semantic, a tool named Anti-pattern based Creational Design Pattern Recommender (ACDPR) is developed. ACDPR uses the findings of the analysis to detect the anti-patterns in software design, performing structural, behavioral and semantic matchings. The outcome of these matching levels are used to calculate a score for each pattern, and based on these scores, creational design patterns are recommended. The justification of the approach is done by running the tool in 21 software, that results in a precision of 1, recall of 0.95, and F-measure of 0.97.",ieee,llm,0.940,unreviewed,
kept,Refactoring patterns study in code clones during software evolution,Jaweria Kanwal; Katsuro Inoue; Onaiza Maqbool,2017,2017 IEEE 11th International Workshop on Software Clones (IWSC),10.1109/IWSC.2017.7880508,https://ieeexplore.ieee.org/document/7880508/,qualifies-claim,"To investigate how code clones are handled by developers when they perform refactorings during software releases, we performed a longitudinal study on different versions of five Java systems. Our results show that a small proportion of code clones are refactored during the releases and code clones of same clone class are refactored consistently.",ieee,llm,0.800,unreviewed,
kept,Understanding and Aiding Code Evolution by Inferring Change Patterns,Miryung Kim,2007,29th International Conference on Software Engineering (ICSE'07 Companion),10.1109/ICSECOMPANION.2007.81,https://ieeexplore.ieee.org/document/4222700/,adjacent-subtopic,"Evolution continues to play an ever-increasing role in software engineering. Although changing a program is the core of software evolution, program change patterns have not been considered as a first class entity in most classic studies of software evolution. Past empirical studies of software evolution primarily relied on quantitative and statistical analyses of a program over time, but did not focus on semantic and qualitative change patterns of a program. We hypothesize that by treating change patterns as first class entities we can better understand software evolution and also aid programmers in changing software. Our goal is to infer clone evolution patterns from a set of program versions stored in a source code repository. We defined a set of common clone evolution patterns based on our insights from the copy and paste study.",ieee,llm,0.640,unreviewed,
discarded,Comparison of Token-Based Code Clone Method with Pattern Mining Technique and Traditional String Matching Algorithms In- terms of Software Reuse,Kavitha Esther Rajakumari,2019,"2019 IEEE International Conference on Electrical, Computer and Communication Technologies (ICECCT)",10.1109/ICECCT.2019.8869324,https://ieeexplore.ieee.org/document/8869324/,adjacent-subtopic,"Code clones have a great impact on software. Detecting them has become a challenge among software industries. Code clones are mostly found in large-scale applications. There are many techniques available to detect them. Most of them are sophisticated, expensive and also difficult to implement. The detected clones are eliminated without further investigation. Careful analysis of code clones will aid in software reuse. In this paper, a generic architecture of token-based code clone reuse method which assists software reuse is proposed. It detects type-1 i.e. exact clones and type-4 i.e. functional clones and also helps in software reuse. Its performance is compared with traditional string matching technique and FP-Growth technique. Evaluation of the three types of algorithms is done based on six open source software. The results show that the proposed method can find more number of functional clones when compared to other techniques. This analysis will pave way for introducing new concepts based on fundamental logics.",ieee,human,0.870,human,
discarded,Analysis of Catalogue of GoF Software Design Patterns,Preeti Gahlyan; Shailendra Narayan Singh,2018,"2018 8th International Conference on Cloud Computing, Data Science & Engineering (Confluence)",10.1109/CONFLUENCE.2018.8442878,https://ieeexplore.ieee.org/document/8442878/,off-topic-false-hit,Software design patterns define the repeatable solution to common design problems. They don't provide a solution that can be directly used in code but rather expresses an approach to follow while designing a system. Knowledge of these patterns helps a developer to create more flexible and scalable system that not only fulfills today's requirement but can cater to the future goals as well. This paper lists over 23 GoF software design patterns. The type of problem these patterns address is the guiding principle for this catalogue.,ieee,llm,0.970,unreviewed,
discarded,Automatic Detection of Design Pattern for Reverse Engineering,Hakjin Lee; Hyunsang Youn; Eunseok Lee,2007,"5th ACIS International Conference on Software Engineering Research, Management & Applications (SERA 2007)",10.1109/SERA.2007.58,https://ieeexplore.ieee.org/document/4296988/,off-topic-false-hit,"In maintenance, the lack of documentation leads to high costs of reverse engineering. Generally, design-pattern is a reusable solution to a commonly occurring problem in software design. If design-patterns could be captured and reused in reverse engineering, the reverse engineering would be very helpful those who develops and maintains software. So there have been many attempts to detect design-patterns during reverse engineering. However, the approaches suffer from serious drawbacks to its practical implementation; false positive, false negative rate, the number of detected patterns. In this paper, we propose a new taxonomy of GoF design patterns that can guide the reverse-engineering process. This approach not only combines static analysis with dynamic analysis but also adds what we call the implementation- specific analysis. We apply a number of existing and new applications, including PURE toolkit, JINI based home application system, project management tool, MP3 player, and we demonstrate that the reverse engineering process is more accurate.",ieee,llm,0.960,unreviewed,
discarded,Linear complexity object-oriented similarity for clone detection and software evolution analyses,E. Merlo; G. Antoniol; M. Di Penta; V.F. Rollo,2004,"20th IEEE International Conference on Software Maintenance, 2004. Proceedings.",10.1109/ICSM.2004.1357826,https://ieeexplore.ieee.org/document/1357826/,adjacent-subtopic,"With the widespread adoption of object-oriented technologies, the lack of computationally efficient and scalable approaches is limiting the ability to model and analyze the history of large object-oriented software systems. This paper proposes an approximate representation of object-oriented code characteristics, inspired by pattern recognition centroids for clustering. An interesting application of such a representation is a linear-time complexity algorithm to detect duplicate or nearly duplicated code in object-oriented systems. The algorithm accuracy and time complexity were assessed on 11 releases of a large software system, the Eclipse framework.",ieee,llm,0.980,unreviewed,
discarded,Investigation of Coding Patterns over Version History,Hironori Date; Takashi Ishio; Katsuro Inoue,2012,2012 Fourth International Workshop on Empirical Software Engineering in Practice,10.1109/IWESEP.2012.18,https://ieeexplore.ieee.org/document/6363295/,adjacent-subtopic,"A coding pattern is a sequence of method calls and control structures, which appears repeatedly in the source code. In this paper, we have extracted coding patterns of each version of two Java applications, and then explored the life-span of all of the coding patterns across those versions. This paper reports the characteristics of coding patterns of various life-spans. While learning from coding patterns enables us to perform appropriate modifications and enhancements for the software, many coding patterns are unstable as similar to the result of clone genealogy research.",ieee,llm,0.860,unreviewed,
kept,Evolutionary Perspective of Structural Clones in Software,Jaweria Kanwal; Onaiza Maqbool; Hamid Abdul Basit; Muddassar Azam Sindhu,2019,IEEE Access,10.1109/ACCESS.2019.2913043,https://ieeexplore.ieee.org/document/8701448/,qualifies-claim,"Cloning in software represents similar program structures having its own benefits and drawbacks. Proper clone analysis is required to exploit the benefits of clones. A study of software clone evolution serves the purpose of understanding the maintenance implications of clones, which leads to their appropriate management. Structural clones (recurring patterns of simple clones) represent design level similarities in software. Evolutionary characteristics of clones can assess the relevance of those clones for software developers and maintainers. Although the evolution of simple clones has been thoroughly studied by researchers, the evolution of structural clones is still to be explored. In this paper, we study the evolution of structural clones by performing a longitudinal study on multiple versions of five Java systems. To perform a systematic study of the structural clone evolution, we define structural clones and their evolution patterns in a formal notation. Our results show that structural clones are more likely to change inconsistently, however, less frequently than simple clones, whereas the lifetime of the structural clones is similar to that of the simple clones. Evolutionary characteristics of structural clones suggest that they require more attention in their management. Analysis of structural clone evolution reveals similar reasons for changes, and similar trends in evolution patterns, for all subject systems. These trends reveal evolutionary characteristics of structural clones that can help in devising appropriate strategies for managing them, hence devising better clone management systems.",ieee,llm,0.800,unreviewed,
