status,title,authors,year,venue,doi,url,tags,abstract,provider,decision_source,llm_confidence,llm_review_outcome,llm_change_direction
kept,Ranking code clones to support maintenance activities,Ehsan O.,2023,Empirical Software Engineering,10.1007/s10664-023-10292-0,https://www.scopus.com/inward/record.uri?partnerID=HzOxMe3b&scp=85156089734&origin=inward,supports-claim,"Developers often reuse code fragments by copy-and-paste activities to speed up code delivery. Through this copy-and-paste process, they create duplicated code, also known as code clones. As the software system evolves, the number of clones can increase substantially and impact code quality negatively. Prior studies have shown that inconsistent changes on code clones can introduce bugs in a software system and clones that have experienced some specific evolutionary patterns being more at risk than others. As the number of clone copies increases in a software system. it becomes tedious and time-consuming for developers to track and maintain all code clones. Recent studies have proposed approaches to analyze the clone evolution history for better clone maintenance. However, these approaches do not provide a specified list of code clones at a granular level (i.e., commits) that can help developers prioritize their clone maintenance activities. It is important to track the code clone changes at the commit level, as developers can fix/refactor code clones early. In this paper, we leverage machine learning to develop clone ranking models that can help developers identify the most risky clones early on. Specifically, we detect clones from 52 projects (34 Java and 18 C) that have 534,672 commits and build 469,239 clone genealogies. We extract 28 features capturing the characteristics of code clones at commit level. We then train learning-to-rank (LtR), classification, and regression machine learning models to rank the code clones based on fault occurrence during their evolutionary history. Our comparison of machine learning approaches indicates that classification (for the probability of being faulty) and regression (for the proportion of faulty changes) perform well in ranking code clones. Multiple unique developers who change a code clone and the age of a code clone (in terms of the number of cloned code changes) have a significant effect on the risk of faults in the code clones. Our results can help developers identify the most risky code clones first and prioritize them for refactoring to prevent future faults.",scopus,llm,0.860,unreviewed,
kept,Is Late Propagation a Harmful Code Clone Evolutionary Pattern? An Empirical Study,Ehsan O.,2021,Code Clone Analysis Research Tools and Practices,10.1007/978-981-16-1927-4_11,https://www.scopus.com/inward/record.uri?partnerID=HzOxMe3b&scp=85174679786&origin=inward,supports-claim,,scopus,llm,0.820,unreviewed,
discarded,Finding duplicate code in java using beacons and idioms,Morales E.,2011,Proceedings of the IASTED International Conference on Software Engineering and Applications Sea 2011,10.2316/P.2011.758-063,https://www.scopus.com/inward/record.uri?partnerID=HzOxMe3b&scp=84862280424&origin=inward,adjacent-subtopic,Duplicate code in software increases maintenance costs and inconsistent changes to clones can create faults in the program. The negative impact duplicate code has on software has lead to a large area of research in methods and tools used to find code clones. Though numerous techniques exist for finding duplicate code none make the use of beacons and idioms. This thesis presents an approach to finding cone clones using three algorithms that search for beacons and idioms in Java code and are used to create an automated clone finding tool titled the Beacon Idiom Finder. This thesis shows that finding code clones using this approach is possible and in addition to assisting in software maintenance can also assist in program comprehension by informing the programmer of the existence of code beacons and idioms.,scopus,llm,0.970,unreviewed,
kept,Do code clones matter?,Elmar Juergens; Florian Deissenboeck; Benjamin Hummel; Stefan Wagner,2009,,10.1109/icse.2009.5070547,https://openalex.org/W2119887272,clones-faults,"Code cloning is not only assumed to inflate maintenance costs but also considered defect-prone as inconsistent changes to code duplicates can lead to unexpected behavior. Consequently, the identification of duplicated code, clone detection, has been a very active area of research in recent years. Up to now, however, no substantial investigation of the consequences of code cloning on program correctness has been carried out. To remedy this shortcoming, this paper presents the results of a large-scale case study that was undertaken to find out if inconsistent changes to cloned code can indicate faults. For the analyzed commercial and open source systems we not only found that inconsistent changes to clones are very frequent but also identified a significant number of faults induced by such changes. The clone detection tool used in the case study implements a novel algorithm for the detection of inconsistent clones. It is available as open source to enable other researchers to use it as basis for further investigations.",openalex,human,,human,
discarded,Just-in-time code duplicates extraction,Eman Abdullah AlOmar; Anton Ivanov; Zarina Kurbatova; Yaroslav Golubev; Mohamed Wiem Mkaouer; Ali Ouni; Timofey Bryksin; Le Nguyen; Amit Kini; Aditya Thakur,2023,Information and Software Technology,10.1016/j.infsof.2023.107169,https://openalex.org/W4319264802,adjacent-subtopic,"Refactoring is a critical task in software maintenance, and is usually performed to enforce better design and coding practices, while coping with design defects. The Extract Method refactoring is widely used for merging duplicate code fragments into a single new method. Several studies attempted to recommend Extract Method refactoring opportunities using different techniques, including program slicing, program dependency graph analysis, change history analysis, structural similarity, and feature extraction. However, irrespective of the method, most of the existing approaches interfere with the developer's workflow: they require the developer to stop coding and analyze the suggested opportunities, and also consider all refactoring suggestions in the entire project without focusing on the development context. To increase the adoption of the Extract Method refactoring, in this paper, we aim to investigate the effectiveness of machine learning and deep learning algorithms for its recommendation while maintaining the workflow of the developer. The proposed approach relies on mining prior applied Extract Method refactorings and extracting their features to train a deep learning classifier that detects them in the user's code. We implemented our approach as a plugin for IntelliJ IDEA called AntiCopyPaster. To develop our approach, we trained and evaluated various popular models on a dataset of 18,942 code fragments from 13 Open Source Apache projects. The results show that the best model is the Convolutional Neural Network (CNN), which recommends appropriate Extract Method refactorings with an F-measure of 0.82. We also conducted a qualitative study with 72 developers to evaluate the usefulness of the developed plugin. The results show that developers tend to appreciate the idea of the approach and are satisfied with various aspects of the plugin's operation.",openalex,llm,0.950,unreviewed,
discarded,On the Relationship between Software Complexity and Maintenance Costs,Edward E. Ogheneovo,2014,Journal of Computer and Communications,10.4236/jcc.2014.214001,https://openalex.org/W2083881076,off-topic-false-hit,"As software becomes more and more complex due to increased number of module size, procedure size, and branching complexity, software maintenance costs are often on the increase. Consider a software such as Windows 2000 operating systems with over 29 million lines of code (LOC), 480,000 pages if printed, a stack of paper 161 feet high, estimate of 63,000 bugs in the software when it was first released [1] and with over 1000 developers, there is no doubt that such a large and complex software will require large amount of money (in US Dollars), social and environmental factors to maintain it. It has been estimated that over 70% of the total costs of software development process is expended on maintenance after the software has been delivered. This paper studies the relationship between software complexity and maintenance cost, the factors responsible for software complexity and why maintenance costs increase with software complexity. Some data collected on Windows, Debian Linux, and Linux Kernel operating systems were used. The results of our findings show that there is a strong correlation between software complexity and maintenance costs. That is, as lines of code increase, the software becomes more complex and more bugs may be introduced, and hence the cost of maintaining software increases.",openalex,llm,0.980,unreviewed,
discarded,AntiCopyPaster: Extracting Code Duplicates As Soon As They Are Introduced in the IDE,Eman Abdullah AlOmar; Anton Ivanov; Zarina Kurbatova; Yaroslav Golubev; Mohamed Wiem Mkaouer; Ali Ouni; Timofey Bryksin; Le Nguyen; Amit Kini; Aditya Thakur,2022,,10.1145/3551349.3559537,https://openalex.org/W4313563578,adjacent-subtopic,"We developed a plugin for IntelliJ IDEA called AntiCopyPaster, which tracks the pasting of code fragments inside the IDE and suggests the appropriate Extract Method refactoring to combat the propagation of duplicates. Unlike the existing approaches, our tool is integrated with the developer’s workflow, and pro-actively recommends refactorings. Since not all code fragments need to be extracted, we develop a classification model to make this decision. When a developer copies and pastes a code fragment, the plugin searches for duplicates in the currently opened file, waits for a short period of time to allow the developer to edit the code, and finally inferences the refactoring decision based on a number of features.",openalex,llm,0.960,unreviewed,
discarded,The relation between technical debt and corrective maintenance in PHP web applications,Theodoros Amanatidis; Alexander Chatzigeorgiou; Apostolos Ampatzoglou,2017,Information and Software Technology,10.1016/j.infsof.2017.05.004,https://openalex.org/W2614820159,off-topic-false-hit,"Context: Technical Debt Management (TDM) refers to activities that are performed to prevent the accumulation of Technical Debt (TD) in software. The state-of-research on TDM lacks empirical evidence on the relationship between the amount of TD in a software module and the interest that it accumulates. Considering the fact that in the last years, a large portion of software applications are deployed in the web, we focus this study on PHP applications.

Objective: Although the relation between debt amount and interest is well-defined in traditional economics (i.e., interest is proportional to the amount of debt), this relation has not yet been explored in the context of TD. To this end, the aim of this study is to investigate the relation between the amount of TD and the interest that has to be paid during corrective maintenance.

Method: To explore this relation, we performed a case study on 10 open source PHP projects. The obtained data have been analyzed to assess the relation between the amount of TD and two aspects of interest: (a) corrective maintenance (i.e., bug fixing) frequency, which translates to interest probability and (b) corrective maintenance effort which is related to interest amount.

Results: Both interest probability and interest amount are positively related with the amount of TD accumulated in a specific module. Moreover, the amount of TD is able to discriminate modules that are in need of heavy corrective maintenance.

Conclusions: The results of the study confirm the cornerstone of TD research, which suggests that modules with a higher level of incurred TD, are costlier in maintenance activities. In particular, such modules prove to be more defect-prone and consequently require more (corrective) maintenance effort. (C) 2017 Elsevier B.V. All rights reserved.",openalex,llm,0.970,unreviewed,
discarded,GPAW: An open Python package for electronic structure calculations,Jens Jørgen Mortensen; Ask Hjorth Larsen; Mikael Kuisma; Aleksei V. Ivanov; Alireza Taghizadeh; Andrew A. Peterson; Anubhab Haldar; Asmus Ougaard Dohn; C. Schäfer; Elvar Örn Jónsson; Eric Hermes; Fredrik Nilsson; Georg Kastlunger; Gianluca Levi; Hannes Jónsson; Hannu Häkkinen; Jakub Fojt; Jiban Kangsabanik; Joachim Sødequist; Jouko Lehtomäki; Julian Heske; Jussi Enkovaara; Kirsten T. Winther; Marcin Dułak; Marko Melander; Martin Ovesen; Martti Louhivuori; Michael Walter; Morten N. Gjerding; Olga Lopez‐Acevedo; Paul Erhart; Robert Warmbier; Rolf Würdemann; Sami Kaappa; Simone Latini; Tara M. Boland; Thomas Bligaard; Thorbjørn Skovhus; Toma Susi; Tristan Maxson; Tuomas Rossi; Xi Chen; Yorick L. A. Schmerwitz; Jakob Schiøtz; Thomas Olsen; Karsten W. Jacobsen; Kristian S. Thygesen,2024,The Journal of Chemical Physics,10.1063/5.0182685,https://openalex.org/W4392552172,off-topic-false-hit,"We review the GPAW open-source Python package for electronic structure calculations. GPAW is based on the projector-augmented wave method and can solve the self-consistent density functional theory (DFT) equations using three different wave-function representations, namely real-space grids, plane waves, and numerical atomic orbitals. The three representations are complementary and mutually independent and can be connected by transformations via the real-space grid. This multi-basis feature renders GPAW highly versatile and unique among similar codes. By virtue of its modular structure, the GPAW code constitutes an ideal platform for the implementation of new features and methodologies. Moreover, it is well integrated with the Atomic Simulation Environment (ASE), providing a flexible and dynamic user interface. In addition to ground-state DFT calculations, GPAW supports many-body GW band structures, optical excitations from the Bethe-Salpeter Equation, variational calculations of excited states in molecules and solids via direct optimization, and real-time propagation of the Kohn-Sham equations within time-dependent DFT. A range of more advanced methods to describe magnetic excitations and non-collinear magnetism in solids are also now available. In addition, GPAW can calculate non-linear optical tensors of solids, charged crystal point defects, and much more. Recently, support for graphics processing unit (GPU) acceleration has been achieved with minor modifications to the GPAW code thanks to the CuPy library. We end the review with an outlook, describing some future plans for GPAW.",openalex,llm,1.000,unreviewed,
discarded,Code smells for Model-View-Controller architectures,Maurício Aniche; Gabriele Bavota; Christoph Treude; Marco Aurélio Gerosa; Arie van Deursen,2017,Empirical Software Engineering,10.1007/s10664-017-9540-2,https://openalex.org/W2754176165,off-topic-false-hit,"Previous studies have shown the negative effects that low-quality code can have on maintainability proxies, such as code change- and defect-proneness. One of the symptoms of low-quality code are code smells, defined as sub-optimal implementation choices. While this definition is quite general and seems to suggest a wide spectrum of smells that can affect software systems, the research literature mostly focuses on the set of smells defined in the catalog by Fowler and Beck, reporting design issues that can potentially affect any kind of system, regardless of their architecture (e.g., Complex Class). However, systems adopting a specific architecture (e.g., the Model-View-Controller pattern) can be affected by other types of poor practices that only manifest themselves in the chosen architecture. We present a catalog of six smells tailored to MVC applications and defined by surveying/interviewing 53 MVC developers. We validate our catalog from different perspectives. First, we assess the relationship between the defined smells and the code change- and defect-proneness. Second, we investigate when these smells are introduced and how long they survive. Third, we survey 21 developers to verify their perception of the defined smells. Fourth, since our catalog has been mainly defined together with developers adopting a specific Java framework in their MVC applications (e.g., Spring), we interview four expert developers working with different technologies for the implementation of their MVC applications to check the generalizability of our catalog. The achieved results show that the defined Web MVC smells (i) more often than not, have more chances of being subject to changes and defects, (ii) are mostly introduced when the affected file (i.e., the file containing the smell) is committed for the first time in the repository and survive for long time in the system, (iii) are perceived by developers as severe problems, and (iv) generalize to other languages/frameworks.",openalex,llm,0.970,unreviewed,
discarded,On the Impact of Programming Languages on Code Quality,Emery D. Berger; Celeste Hollenbeck; Petr Maj; Olga Vitek; Jan Vitek,2019,ACM Transactions on Programming Languages and Systems,10.1145/3340571,https://openalex.org/W2913200795,off-topic-false-hit,"In a 2014 article, Ray, Posnett, Devanbu, and Filkov claimed to have uncovered a statistically significant association between 11 programming languages and software defects in 729 projects hosted on GitHub. Specifically, their work answered four research questions relating to software defects and programming languages. With data and code provided by the authors, the present article first attempts to conduct an experimental repetition of the original study. The repetition is only partially successful, due to missing code and issues with the classification of languages. The second part of this work focuses on their main claim, the association between bugs and languages, and performs a complete, independent reanalysis of the data and of the statistical modeling steps undertaken by Ray et al. in 2014. This reanalysis uncovers a number of serious flaws that reduce the number of languages with an association with defects down from 11 to only 4. Moreover, the practical effect size is exceedingly small. These results thus undermine the conclusions of the original study. Correcting the record is important, as many subsequent works have cited the 2014 article and have asserted, without evidence, a causal link between the choice of programming language for a given task and the number of software defects. Causation is not supported by the data at hand; and, in our opinion, even after fixing the methodological flaws we uncovered, too many unaccounted sources of bias remain to hope for a meaningful comparison of bug rates across languages.",openalex,llm,0.980,unreviewed,
discarded,Towards lightweight checks for mass maintenance transformations,Niels Veerman,2005,Science of Computer Programming,10.1016/j.scico.2005.01.001,https://openalex.org/W2082526659,off-topic-false-hit,"We propose a lightweight, practical approach to check mass maintenance transformations. We present checks for both transformation tools and transformed source code, and illustrate them using examples of real-world transformations. Our approach is not a fully fledged, formal one but provides circumstantial evidence for transformation correctness, and has been applied to the mass maintenance of industrial Cobol systems. (c) 2005 Elsevier B.V. All rights",openalex,llm,0.950,unreviewed,
discarded,Review of Software Maintenance Problems and Proposed Solutions in IT consulting firms in Mauritius,V. Sokappadu; Mattapullut Gopaul; Rughoobur Paavan; Ramdoo Vimla,2016,International Journal of Computer Applications,10.5120/ijca2016912414,https://openalex.org/W2566678339,off-topic-false-hit,"Software maintenance is often a challenging and hectic process for both software engineers and IT consultancy firms. Software maintenance is considered as the longest phase in software""s lifecycle as it starts as soon as the software is deployed at the client-side and ends till the software goes obsolete. This paper sheds light on the various problems and challenges encountered by IT consulting firms in Mauritius during their software maintenance phase. A cause-analysis diagram has been used to illustrate the various problems along with their root causes. The paper then proposes some counteracting plans and solutions in order to alleviate those problems.",openalex,llm,0.990,unreviewed,
