status,title,authors,year,venue,doi,url,tags,abstract,provider,decision_source,llm_confidence,llm_review_outcome,llm_change_direction
Method: A systematic mapping study was performed to identify and analyze research on TD and its management, covering publications between 1992 and 2013.

Results: Ninety-four studies were finally selected. TD was classified into 10 types, 8 TDM activities were identified, and 29 tools for TDM were collected.

Conclusions: The term ""debt"" has been used in different ways by different people, which leads to ambiguous interpretation of the term. Code-related TD and its management have gained the most attention. There is a need for more empirical studies with high-quality evidence on the whole TDM process and on the application of specific TDM approaches in industrial settings. Moreover, dedicated TDM tools are needed for managing various types of TD in the whole TDM process. (C) 2014 Elsevier Inc. All rights reserved.",openalex,llm,0.940,unreviewed,
discarded,Identification and functional annotation of long intergenic non-coding RNAs in Brassicaceae,Kyle Palos; Anna C. Nelson Dittrich; Liang Yu; Jordan R. Brock; Caylyn E Railey; Hsin-Yen Larry Wu; Ewelina Sokolowska; Aleksandra Skirycz; Polly Yingshan Hsu; Brian D. Gregory; Eric Lyons; Mark A. Beilstein; Andrew D. L. Nelson,2022,The Plant Cell,10.1093/plcell/koac166,https://openalex.org/W4281622627,off-topic-false-hit,"Long intergenic noncoding RNAs (lincRNAs) are a large yet enigmatic class of eukaryotic transcripts that can have critical biological functions. The wealth of RNA-sequencing (RNA-seq) data available for plants provides the opportunity to implement a harmonized identification and annotation effort for lincRNAs that enables cross-species functional and genomic comparisons as well as prioritization of functional candidates. In this study, we processed >24 Tera base pairs of RNA-seq data from >16,000 experiments to identify ∼130,000 lincRNAs in four Brassicaceae: Arabidopsis thaliana, Camelina sativa, Brassica rapa, and Eutrema salsugineum. We used nanopore RNA-seq, transcriptome-wide structural information, peptide data, and epigenomic data to characterize these lincRNAs and identify conserved motifs. We then used comparative genomic and transcriptomic approaches to highlight lincRNAs in our data set with sequence or transcriptional conservation. Finally, we used guilt-by-association analyses to assign putative functions to lincRNAs within our data set. We tested this approach on a subset of lincRNAs associated with germination and seed development, observing germination defects for Arabidopsis lines harboring T-DNA insertions at these loci. LincRNAs with Brassicaceae-conserved putative miRNA binding motifs, small open reading frames, or abiotic-stress modulated expression are a few of the annotations that will guide functional analyses into this cryptic portion of the transcriptome.",openalex,llm,1.000,unreviewed,
discarded,An approach to quality engineering of TTCN-3 test specifications,Helmut Neukirchen; Benjamin Zeiß; Jens Grabowski,2008,International Journal on Software Tools for Technology Transfer,10.1007/s10009-008-0075-0,https://openalex.org/W2020268879,off-topic-false-hit,"Experience with the development and maintenance of large test suites specified using the Testing and Test Control Notation (TTCN-3) has shown that it is difficult to construct tests that are concise with respect to quality aspects such as maintainability or usability. The ISO/IEC standard 9126 defines a general software quality model that substantiates the term “quality” with characteristics and subcharacteristics. The domain of test specifications, however, requires an adaption of this general model. To apply it to specific languages such as TTCN-3, it needs to be instantiated. In this paper, we present an instantiation of this model as well as an approach to assess and improve test specifications. The assessment is based on metrics and the identification of code smells. The quality improvement is based on refactoring. Example measurements using our TTCN-3 tool TRex demonstrate how this procedure is applied in practise.",openalex,llm,0.880,unreviewed,
discarded,A toolbox for developing bioinformatics software,Kristian Rother; Wojciech Potrzebowski; T. Puton; M. Rother; Ewa Wywiał; Janusz M. Bujnicki,2011,Briefings in Bioinformatics,10.1093/bib/bbr035,https://openalex.org/W2057414058,off-topic-false-hit,"Creating useful software is a major activity of many scientists, including bioinformaticians. Nevertheless, software development in an academic setting is often unsystematic, which can lead to problems associated with maintenance and long-term availibility. Unfortunately, well-documented software development methodology is difficult to adopt, and technical measures that directly improve bioinformatic programming have not been described comprehensively. We have examined 22 software projects and have identified a set of practices for software development in an academic environment. We found them useful to plan a project, support the involvement of experts (e.g. experimentalists), and to promote higher quality and maintainability of the resulting programs. This article describes 12 techniques that facilitate a quick start into software engineering. We describe 3 of the 22 projects in detail and give many examples to illustrate the usage of particular techniques. We expect this toolbox to be useful for many bioinformatics programming projects and to the training of scientific programmers.",openalex,llm,0.900,unreviewed,
discarded,Revisiting the Identification of the Co-evolution of Production and Test Code,Weifeng Sun; Meng Yan; Zhongxin Liu; Xin Xia; Yan Lei; David Lo,2023,ACM Transactions on Software Engineering and Methodology,10.1145/3607183,https://openalex.org/W4382987312,off-topic-false-hit,"Many software processes advocate that the test code should co-evolve with the production code. Prior work usually studies such co-evolution based on production-test co-evolution samples mined from software repositories. A production-test co-evolution sample refers to a pair of a test code change and a production code change where the test code change triggers or is triggered by the production code change. The quality of the mined samples is critical to the reliability of research conclusions. Existing studies mined production-test co-evolution samples based on the following assumption: if a test class and its associated production class change together in one commit, or a test class changes immediately after the changes of the associated production class within a short time interval, this change pair should be a production-test co-evolution sample . However, the validity of this assumption has never been investigated. To fill this gap, we present an empirical study, investigating the reasons for test code updates occurring after the associated production code changes, and revealing the pervasive existence of noise in the production-test co-evolution samples identified based on the aforementioned assumption by existing works. We define a taxonomy of such noise, including six categories (i.e., adaptive maintenance, perfective maintenance, corrective maintenance, indirectly related production code update, indirectly related test code update, and other reasons). Guided by the empirical findings, we propose CHOSEN (an identifi C ation met H od O f production-te S t co- E volutio N ) based on a two-stage strategy. CHOSEN takes a test code change and its associated production code change as input, aiming to determine whether the production-test change pair is a production-test co-evolution sample. Such identified samples are the basis of or are useful for various downstream tasks. We conduct a series of experiments to evaluate our method. Results show that (1) CHOSEN achieves an AUC of 0.931 and an F1-score of 0.928, significantly outperforming existing identification methods, and (2) CHOSEN can help researchers and practitioners draw more accurate conclusions on studies related to the co-evolution of production and test code. For the task of Just-In-Time (JIT) obsolete test code detection, which can help detect whether a piece of test code should be updated when developers modify the production code, the test set constructed by CHOSEN can help measure the detection method’s performance more accurately, only leading to 0.76% of average error compared with ground truth. In addition, the dataset constructed by CHOSEN can be used to train a better obsolete test code detection model, of which the average improvements on accuracy, precision, recall, and F1-score are 12.00%, 17.35%, 8.75%, and 13.50% respectively.",openalex,llm,0.980,unreviewed,
discarded,Integrating Preventive Maintenance within the Product Life Cycle,Bindu Goel,2011,International Journal of Computer Applications,10.5120/3053-4156,https://openalex.org/W2124174523,off-topic-false-hit,"The complexities associated with software system implemented often makes it imperative to maintain the existing software as a system of high functionality and throughput regime even in the face of changed external environment. It is preferable to enhance the functional operation by upgrading the existing software than changing entire systems as is demonstrated by continued usage of proprietary systems in large banking, insurance, logistic, shipping and airline systems etc. This makes preventive maintenance a very critical tool in the hands of organizations who wish to bring software reliability and maintainability in the future operations of the software systems. Preventive maintenance focuses on the re-engineering of the software rather than its operational maintenance. In this paper we attempt to analyze that preventive maintenance as an inevitable option for the maintenance of the software systems. There is also an attempt to integrate the preventive maintenance into the existing software product life cycle with the focus on the pre and the post deployment phase till the retirement of that software.",openalex,llm,0.970,unreviewed,
discarded,Unveiling the impact of unchanged modules across versions on the evaluation of within‐project defect prediction models,Xutong Liu; Yufei Zhou; Yufei Zhou; Zeyu Lu; Yuanqing Mei; Yibiao Yang; Junyan Qian; Yuming Zhou; Yuming Zhou,2024,Journal of Software Evolution and Process,10.1002/smr.2715,https://openalex.org/W4401297334,adjacent-subtopic,"Abstract Background Software defect prediction (SDP) is a topic actively researched in the software engineering community. Within‐project defect prediction (WPDP) involves using labeled modules from previous versions of the same project to train classifiers. Over time, many defect prediction models have been evaluated under the WPDP scenario. Problem Data duplication poses a significant challenge in current WPDP evaluation procedures. Unchanged modules, characterized by identical executable source code, are frequently present in both target and source versions during experimentation. However, it is still unclear how and to what extent the presence of unchanged modules affects the performance assessment of WPDP models and the comparison of multiple WPDP models. Method In this paper, we provide a method to detect and remove unchanged modules from defect datasets and unveil the impact of data duplication in WPDP on model evaluation. Results The experiments conducted on 481 target versions from 62 projects provide evidence that data duplication significantly affects the reported performance values of individual learners in WPDP. However, when ranking multiple WPDP models based on prediction performance, the impact of removing unchanged instances is not substantial. Nevertheless, it is important to note that removing unchanged instances does have a slight influence on the selection of models with better generalization. Conclusion We recommend that future WPDP studies take into consideration the removal of unchanged modules from target versions when evaluating the performance of their models. This practice will enhance the reliability and validity of the results obtained in WPDP research, leading to improved understanding and advancements in defect prediction models.",openalex,llm,0.920,unreviewed,
discarded,An Empirical Study on Learning Bug-Fixing Patches in the Wild via Neural Machine Translation,Michele Tufano; Cody Watson; Gabriele Bavota; Massimiliano Di Penta; Martin White; Denys Poshyvanyk,2019,ACM Transactions on Software Engineering and Methodology,10.1145/3340544,https://openalex.org/W2905463374,off-topic-false-hit,"Millions of open source projects with numerous bug fixes are available in code repositories. This proliferation of software development histories can be leveraged to learn how to fix common programming bugs. To explore such a potential, we perform an empirical study to assess the feasibility of using Neural Machine Translation techniques for learning bug-fixing patches for real defects. First, we mine millions of bug-fixes from the change histories of projects hosted on GitHub in order to extract meaningful examples of such bug-fixes. Next, we abstract the buggy and corresponding fixed code, and use them to train an Encoder-Decoder model able to translate buggy code into its fixed version. In our empirical investigation, we found that such a model is able to fix thousands of unique buggy methods in the wild. Overall, this model is capable of predicting fixed patches generated by developers in 9--50% of the cases, depending on the number of candidate patches we allow it to generate. Also, the model is able to emulate a variety of different Abstract Syntax Tree operations and generate candidate patches in a split second.",openalex,llm,0.980,unreviewed,
discarded,A SonarQube Static Analysis of the Spectral Workbench,,2021,International Journal of Natural Science and Reviews,10.28933/ijnsr-2020-12-0605,https://openalex.org/W3118682726,off-topic-false-hit,"The Spectral Workbench is an open-source, community driven software suite to obtain and disseminate spectral data. It consists of a client application that collects spectral readings and a server application that is an online database of spectral data. It is difficult to detect software defects in the Spectral Workbench application. A static analysis tool, SonarQube, was selected to find these defects. Numerous defects were detected and documented. SonarQube will increase the reliability of the Spectral Workbench, which provides numerous benefits including increased confidence in its data and effectiveness which will drive additional number of users for spectral repository data collection.",openalex,llm,0.960,unreviewed,
discarded,A Proposed Technical Debt Management Approach Applied on Software Projects in Egypt,Abeer Hamed; Hazem M. El‐Bakry; Alaa El-Din Mohamed Riad; Ramadan Moawad,2023,Journal of Internet Services and Information Security,10.58346/jisis.2023.i3.010,https://openalex.org/W4386376275,adjacent-subtopic,"Technical Debt (TD) is a metaphor that can be described as the technical issues that are hidden from end users and customers, but in fact hinder the development efforts during system evolution and future enhancements. Due to tight budgets and timelines, TD is frequently incurred, which may lead to technical, financial, and quality issues that make future maintenance more costly or impossible. While business professionals concentrate on external issues related to customer satisfaction, in fact they rarely pay attention to internal software quality defects and maintenance, which would rather cause future interest payments. In this research study, we propose a TD management (TDM) approach with best practices developed using Design Science Research (DSR) and conducted with multiple case studies for the software development team in Small and Medium Enterprises (SMEs). The study demonstrates that the proposed approach for measuring the impact of internal / external software quality leads to increased awareness of TD’s occurrence and thereby provides processes for preventing, identifying, prioritizing, monitoring, and repaying TD to satisfy both customer value and technical requirements, along with halting project failures and cost overruns. In actuality, applying our proposed TDM approach leads to a deeper comprehension of TD contraction in selected software companies, improved team morale and motivation, as well as an enhancement in its maintainability.",openalex,llm,0.930,unreviewed,
kept,"Clone detection: Why, what and how?",Marat Akhin; Vladimir Itsykson,2010,2010 6th Central and Eastern European Software Engineering Conference (CEE-SECR),10.1109/CEE-SECR.2010.5783148,https://ieeexplore.ieee.org/document/5783148/,supports-claim,"Excessive code duplication is a bane of modern software development. Several experimental studies show that on average 15 percent of a software system can contain source code clones - repeatedly reused fragments of similar code. While code duplication may increase the speed of initial software development, it undoubtedly leads to problems during software maintenance and support. That is why many developers agree that software clones should be detected and dealt with at every stage of software development life cycle. This paper is a brief survey of current state-of-the-art in clone detection. First, we highlight main sources of code cloning such as copy-and-paste programming, mental code patterns and performance optimizations. We discuss reasons behind the use of these techniques from the developer's point of view and possible alternatives to them. Second, we outline major negative effects that clones have on software development. The most serious drawback duplicated code have on software maintenance is increasing the cost of modifications - any modification that changes cloned code must be propagated to every clone instance in the program. Software clones may also create new software bugs when a programmer makes some mistakes during code copying and modification. Increase of source code size due to duplication leads to additional difficulty of code comprehension. Third, we review existing clone detection techniques. Classification based on used source code representation model is given in this work. We also describe and analyze some concrete examples of clone detection techniques highlighting main distinctive features and problems that are present in practical clone detection. Finally, we point out some open problems in the area of clone detection. Currently questions like ""What is a code clone?"", ""Can we predict the impact clones have on software quality"" and ""How can we increase both clone detection precision and recall at the same time? "" stay open to further research. We list the most important questions in modern clone detection and explain why they continue to remain unanswered despite all the progress in clone detection research.",ieee,llm,0.890,unreviewed,
discarded,Reengineering analysis of object-oriented systems via duplication analysis,"Fioravanti, F; Migliarese, G; Nesi, P",2001,PROCEEDINGS OF THE 23RD INTERNATIONAL CONFERENCE ON SOFTWARE ENGINEERING,,https://www.webofscience.com/wos/woscc/full-record/WOS:000169430600055,adjacent-subtopic,"All software systems, no matter how they are designed, are subject to continuous evolution and maintenance activities to eliminate defects and extend their functionalities. This is particularly true for object-oriented systems where we may develop different software systems using the same internal library or framework. These systems may evolve in quite different directions in order to cover different functionalities. Typically there is the need to analyze their evolution in order to redefine the library or framework boundaries. This is a typical problem of software reengineering analysis. In this paper we describe metrics, based on duplication analysis, that contribute to the process of reengineering analysis of object-oriented systems. These metrics are the basic elements of a reengineering analysis method and tool. A duplication analysis at file, class and method levels have been performed. A structural analysis using metrics that capture similarities in class structure has been also exploited. In order to identify the best approach for the reengineering analysis of object-oriented systems a comparison between the two approaches is described. In this paper a case study based on real cases is presented, in which the results obtained by using a reengineering process with and without the analysis tool is described. The purpose of this study is to discover which method is the most powerful and which time reduction can be obtained by its use.",wos,llm,0.800,unreviewed,
