status,title,authors,year,venue,doi,url,tags,abstract,provider,decision_source,llm_confidence,llm_review_outcome,llm_change_direction
kept,A comparative study on the intensity and harmfulness of late propagation in near-miss code clones,Manishankar Mondal; Chanchal K. Roy; Kevin A. Schneider,2016,Software Quality Journal,10.1007/s11219-016-9305-y,https://openalex.org/W2287136920,supports-claim,"Exact or nearly similar code fragments in a software system's source code are referred to as code clones. It is often the case that updates (i.e., changes) to a code clone will need to be propagated to its related code clones to preserve their similarity and to maintain source code consistency. When there is a delay in propagating the changes (possibly because the developer is unaware of the related cloned code), the system might behave incorrectly. A delay in propagating a change is referred to as 'late propagation,' and a number of studies have investigated this phenomenon. However, these studies did not investigate the intensity of late propagation nor how late propagation differs by clone type. In this research, we investigate late propagation separately for each of the three clone types (Type 1, Type 2, and Type 3). According to our experimental results on thousands of revisions of eight diverse subject systems written in two programming languages, late propagation occurs more frequently in Type 3 clones compared with the other two clone types. More importantly, there is a higher probability that Type 3 clones will experience buggy late propagations compared with the other two clone types. Also, we discovered that block clones are more involved in late propagation than method clones. Refactoring and tracking of Similarity Preserving Change Pattern (SPCP) clones (i.e., the clone fragments that evolve following a SPCP) can help us minimize the occurrences of late propagation in clones.",openalex,llm,0.980,unreviewed,
discarded,Code Clone Graph Metrics for Detecting Diffused Code Clones,Yoshihiko Fukushima; Raula Gaikovina Kula; Shinji Kawaguchi; Kyohei Fushida; Masataka Nagura; Hajimu Iida,2009,,10.1109/apsec.2009.53,https://openalex.org/W2152208861,adjacent-subtopic,"Code clones (duplicated source code in a software system) are one of the major factors in decreasing maintainability. Many code clone detection methods have been proposed to find code clones automatically from large-scale software. However, it is still hard to find harmful code clones to improve maintainability because there are many code clones that should remain. Thus, to help find harmful code clones, we propose a code clone visualization method and a metrics application on the visualized information. Our method enables the location of harmful code clones diffused in a software system. We apply our method to three open source software programs and visualize their code clone information.",openalex,llm,0.840,unreviewed,
discarded,A comparative study of test code clones and production code clones,Brent van Bladel; Serge Demeyer,2021,Journal of Systems and Software,10.1016/j.jss.2021.110940,https://openalex.org/W3133906345,adjacent-subtopic,"Clones are one of the most widespread code smells, known to negatively aﬀect the evolution of software systems. While there is a large body of research on detecting, managing, and refactoring clones in production code, clones in test code are often neglected in today’s literature. In this paper we provide empirical evidence that further research on clones in test code is warranted. By analysing the clones in ﬁve representative open-source systems and comparing production code clones to test code clones, we observe that test code contains twice as many clones as production code. A detailed analysis reveals that most test clones are of Type II and Type III, and that many tests are duplicated multiple times with slight modiﬁcations. Moreover, current clone detection tools suﬀer from false negatives, and that this occurs more frequently in test code than in production code (NiCad = 76%, CPD = 90%, iClones = 12%). So even from a tools perspective, speciﬁc ﬁne-tuning for test code is needed.",openalex,llm,0.720,unreviewed,
discarded,TreeCen: Building Tree Graph for Scalable Semantic Code Clone Detection,Yutao Hu; Deqing Zou; Junru Peng; Yueming Wu; Junjie Shan; Hai Jin,2022,,10.1145/3551349.3556927,https://openalex.org/W4313563607,adjacent-subtopic,"Code clone detection is an important research problem that has attracted wide attention in software engineering. Many methods have been proposed for detecting code clone, among which text-based and token-based approaches are scalable but lack consideration of code semantics, thus resulting in the inability to detect semantic code clones. Methods based on intermediate representations of codes can solve the problem of semantic code clone detection. However, graph-based methods are not practicable due to code compilation, and existing tree-based approaches are limited by the scale of trees for scalable code clone detection.",openalex,llm,0.990,unreviewed,
kept,Comparative stability of cloned and non-cloned code,Manishankar Mondal; Chanchal K. Roy; Md Saidur Rahman; Ripon K. Saha; Jens Krinke; Kevin A. Schneider,2012,,10.1145/2245276.2231969,https://openalex.org/W2071342967,qualifies-claim,"Code cloning is a controversial software engineering practice due to contradictory claims regarding its effect on software maintenance. Code stability is a recently introduced measurement technique that has been used to determine the impact of code cloning by quantifying the changeability of a code region. Although most of the existing stability analysis studies agree that cloned code is more stable than non-cloned code, the studies have two major flaws: (i) each study only considered a single stability measurement (e.g., lines of code changed, frequency of change, age of change); and, (ii) only a small number of subject systems were analyzed and these were of limited variety.",openalex,llm,0.970,unreviewed,
kept,Toward an Understanding of Software Code Cloning as a Development Practice,Cory Kapser,2009,UWSpace (University of Waterloo),,https://openalex.org/W2228263219,qualifies-claim,"Code cloning is the practice of duplicating existing source code for use elsewhere within a software system. Within the \nresearch community, conventional wisdom has asserted that code cloning is generally a bad practice, and that code clones should be removed or refactored where possible. While there is significant anecdotal evidence that code cloning can lead to a variety of maintenance headaches --- such as code bloat, duplication of bugs, and inconsistent bug fixing --- there has been little empirical study on the frequency, severity, and costs of code cloning with respect to software maintenance. \n \nThis dissertation seeks to improve our understanding of code cloning as a common development practice through the study of several widely adopted, medium-sized open source software systems. We have explored the motivations behind the use of code cloning as a development practice by addressing several fundamental questions: For what reasons do developers choose to clone code? Are there distinct identifiable patterns of cloning? What are the possible short- and long-term term \nrisks of cloning? What management strategies are appropriate for the maintenance and evolution of clones? When is \nthe ``cure'' (refactoring) likely to cause more harm than the ``disease'' (cloning)? \n \nThere are three major research contributions of this dissertation. First, we propose a set of requirements for an effective clone analysis tool based on our experiences in clone analysis of large software systems. These requirements are demonstrated in an example implementation which we used to perform the case studies prior to and included in this thesis. Second, we present an annotated catalogue of common code cloning patterns that we observed in our studies. Third, we present an empirical study of the relative frequencies and likely harmfulness of instances of these cloning patterns as observed in two medium-sized open source software systems, the Apache web server and the Gnumeric spreadsheet application. In summary, it appears that code cloning is often used as a principled engineering technique for a variety of reasons, and that as many as 71% of the clones in our study could be considered to have a positive impact on the maintainability of the software system. These results suggest that the conventional wisdom that code clones are generally harmful to the quality of a software system has been proven wrong.",openalex,llm,0.980,unreviewed,
discarded,Investigating the Efficacy of Large Language Models for Code Clone Detection,Mohamad Khajezade; Jie JW Wu; Fatemeh H. Fard; Gema Rodríguez-Pérez; Mohamed Shehata,2024,,10.1145/3643916.3645030,https://openalex.org/W4399631347,adjacent-subtopic,"Large Language Models (LLMs) have demonstrated remarkable success in various natural language processing and software engineering tasks, such as code generation. The LLMs are mainly utilized in the prompt-based zero/few-shot paradigm to guide the model in accomplishing the task. GPT-based models are one of the popular ones studied for tasks such as code comment generation or test generation. These tasks are 'generative' tasks. However, there is limited research on the usage of LLMs for 'non-generative' tasks such as classification using the prompt-based paradigm. In this preliminary exploratory study, we investigated the applicability of LLMs for Code Clone Detection (CCD), a non-generative task. By building a mono-lingual and cross-lingual CCD dataset derived from CodeNet, we first investigated two different prompts using ChatGPT to detect Type-4 code clones in Java-Java and Java-Ruby pairs in a zero-shot setting. We then conducted an analysis to understand the strengths and weaknesses of ChatGPT in CCD. ChatGPT surpasses the baselines in cross-language CCD attaining an F1-score of 0.877 and achieves comparable performance to fully fine-tuned models for mono-lingual CCD, with an F1-score of 0.878. Also, the prompt and the difficulty level of the problems has an impact on the performance of ChatGPT. Finally, we provide insights and future directions based on our initial analysis1.",openalex,llm,0.990,unreviewed,
kept,Assessing the impact of bad smells using historical information,Angela Lozano; Michel Wermelinger; Bashar Nuseibeh,2007,,10.1145/1294948.1294957,https://openalex.org/W2047971903,supports-claim,"Our aim is to gain a better understanding of the relationship between bad smells and design principle violations, in order to better identify the root causes of a given set of bad smells and target refactoring efforts more effectively. In particular, knowing which bad smells point to important design problems would help to focus developers' efforts. In this position paper we argue that such knowledge requires the empirical study of the evolution of software systems: on the one hand because design problems and their symptoms take time to develop, on the other hand because we need to relate maintenance activity to bad smells to measure their relative importance. We illustrate how existing studies of the evolution of a particular kind of bad smell, code clones, have led to further insights into the harmfulness of cloning.",openalex,human,0.740,human,
discarded,Clone Swarm: A Cloud Based Code-Clone Analysis Tool,Venkat Bandi; Chanchal K. Roy; Carl Gutwin,2020,,10.1109/iwsc50091.2020.9047642,https://openalex.org/W3013047839,adjacent-subtopic,"A code clone is defined as a pair of similar code fragments within a software system. While code clones are not always harmful, they can have a detrimental effect on the overall quality of a software system due to the propagation of bugs and other maintenance implications. Because of this, software developers need to analyse the code clones that exist in a software system. However, despite the availability of several clone detection systems, the adoption of such tools outside of the clone community remains low. A possible reason for this is the difficulty and complexity involved in setting up and using these tools. In this paper, we present Clone Swarm, a code clone analytics tool that identifies clones in a project and presents the information in an easily accessible manner. Clone Swarm is publicly available and can mine any open-sourced GIT repository. Clone Swarm internally uses NiCad, a popular clone detection tool in the cloud and lets users interactively explore code clones using a web-based interface at multiple granularity levels (Function and Block level). Clone results are visualized in multiple overviews, all the way from a high-level plot down to an individual line by line comparison view of cloned fragments. Also, to facilitate future research in the area of clone detection and analysis, users can directly download the clone detection results for their projects. Clone Swarm is available online at clone-swarm.usask.ca. The source code for Clone Swarm is freely available under the MIT license on GitHub.",openalex,llm,0.950,unreviewed,
discarded,LICCA: A tool for cross-language clone detection,Tijana Vislavski; Gordana Rakić; Nicolás Cardozo; Zoran Budimac,2018,,10.1109/saner.2018.8330250,https://openalex.org/W2796335629,adjacent-subtopic,"Code clones mostly have been proven harmful for the development and maintenance of software systems, leading to code deterioration and an increase in bugs as the system evolves. Modern software systems are composed of several components, incorporating multiple technologies in their development. In such systems, it is common to replicate (parts of) functionality across the different components, potentially in a different programming language. Effect of these duplicates is more acute, as their identification becomes more challenging. This paper presents LICCA, a tool for the identification of duplicate code fragments across multiple languages. LICCA is integrated with the SSQSA platform and relies on its high-level representation of code in which it is possible to extract syntactic and semantic characteristics of code fragments positing full cross-language clone detection. LICCA is on a technology development level. We demonstrate its potential by adopting a set of cloning scenarios, extended and rewritten in five characteristic languages: Java, C, JavaScript, Modula-2 and Scheme.",openalex,llm,0.930,unreviewed,
kept,Analysis and removal of code clones in software product lines,Sandro Schulze,2013,Digitalen Hochschulbibliothek Sachsen-Anhalt (Universitäts- und Landesbibliothek Sachsen-Anhalt),10.25673/3948,https://openalex.org/W2936706935,supports-claim,"Software maintenance is the main driver of total costs in the lifecycle of long-living software systems.Code clones, that is, the replication of code fragments across the system, decrease maintainability: It increases the code size and hinders manual code change, inspection, and analysis.Intensive research has been spent in the last two decades to determine the nature of clones, specifically why and where they occur as well as whether they impair the maintenance of software systems.While recent studies expressed doubt on the general harmfulness of clones, it is commonly accepted that the awareness of existing code clones in software system is indispensable in any case.Recently, software product line engineering gained momentum since it provides a systematic approach for reuse amongst a set of similar programs, commonly referred to as software product lines (SPL).An SPL allows the programmer to manage a set of programs by describing variabilities and commonalities between them in terms of features.In this context, a feature is an increment in end-user visible functionality.As a result, a particular program can be derived by selecting the desired features and subsequently composing all corresponding assets.The goal of this thesis is to bridge the gap between both research areas, reengineering & maintenance (where code cloning belongs to) and software product lines.We argue, that SPLs evolve even more than single software systems and thus, maintenance becomes even more complex.Hence, it is important to figure out specialities of SPLs regarding software reengineering.In this thesis, we focus mainly on code clone analysis and removal.First, we present results from empirical studies that emphasize the existence of clones in SPLs.More specifically, we provide insights why clones occur in SPLs and point out differences between compositional and annotative SPLs.Second, we propose variant-preserving refactorings for compositional software product lines as mean for code clone removal.We present particular refactorings in a cataloguelike manner and demonstrate their applicability by means of a case study.",openalex,human,0.860,human,
discarded,Semantic code clone detection for enterprise applications,Jan Svacina; Jonathan Simmons; Tomas Cerny,2020,,10.1145/3341105.3374117,https://openalex.org/W3014128644,adjacent-subtopic,"Enterprise systems are widely adopted across industries as methods of solving complex problems. As software complexity increases, the software's codebase becomes harder to manage and maintenance costs raise significantly. One such source of cost-raising complexity and code bloat is that of code clones. We proposed an approach to identify semantic code clones in enterprise frameworks by using control flow graphs (CFGs) and applying various proprietary similarity functions to compare enterprise targeted metadata for each pair of CFGs. This approach enables us to detect semantic code clones with high accuracy within a time complexity of O(n2) where n is equal to the number of CFGs composed in the enterprise application (usually around hundreds). We demonstrated our solution on a blind study utilizing a production enterprise application.",openalex,llm,0.980,unreviewed,
discarded,CCEvovis: A Clone Evolution Visualization System for Software Maintenance,Hirotaka Honda; Shogo Tokui; Kazuki Yokoi; Eunjong Choi; Norihiro Yoshida; Katsuro Inoue,2019,2019 IEEE/ACM 27th International Conference on Program Comprehension (ICPC),10.1109/ICPC.2019.00026,https://ieeexplore.ieee.org/document/8813292/,adjacent-subtopic,"Understanding the evolution of code clones is important in software maintenance. With the information about how code clones evolve, both developers and researchers can understand the impacts of code clones and build a more robust code clone management system. So far, many studies have investigated the evolution of code clones to better understand the effects of code clones. However, only a few systems have been presented to support managing code clones based on the information about how code clone evolves. To mitigate this problem, in this paper, we present CCEvovis, a system that visualizes the evolved code clones across multiple versions of a program. CCEvovis highlights and visualizes the clone change to support software maintenance. CCEvovis is available at: https://github.com/hirotaka0616/CCEvovis.",ieee,llm,0.940,unreviewed,
discarded,Industrial application of clone change management system,Yuki Yamanaka; Eunjong Choi; Norihiro Yoshida; Katsuro Inoue; Tateki Sano,2012,2012 6th International Workshop on Software Clones (IWSC),10.1109/IWSC.2012.6227869,https://ieeexplore.ieee.org/document/6227869/,adjacent-subtopic,"Clone change management is one of crucial issues in open source software(OSS) development as well as in industrial software development (e.g., development of social infrastructure, financial system, and medical equipment). When an industrial developer fixes a defect, he/she has to find the code clones corresponding to the code fragment including it. So far, several studies performed on the analysis of clone evolution in OSS. However, to our knowledge, a few researches have been reported on an application of a clone change management system to industrial development process. In this paper, we propose a clone change management system based on the categorization of clone evolution, and then present case study of industrial application. In case study, we confirmed that the proposed system suggested two unintentionally developed clones in a half of the month.",ieee,human,0.790,human,
