status,title,authors,year,venue,doi,url,tags,abstract,provider,decision_source,llm_confidence,llm_review_outcome,llm_change_direction
discarded,FCCA: Hybrid Code Representation for Functional Clone Detection Using Attention Networks,Wei Hua; Yulei Sui; Yao Wan; Guangzhong Liu; Guandong Xu,2020,IEEE Transactions on Reliability,10.1109/tr.2020.3001918,https://openalex.org/W3045279034,adjacent-subtopic,"Code cloning, which reuses a fragment of source code via copy-and-paste with or without modifications, is a common way for code reuse and software prototyping. However, the duplicated code fragments often affect software quality, resulting in high maintenance cost. The existing clone detectors using shallow textual or syntactical features to identify code similarity are still ineffective in accurately finding sophisticated functional code clones in real-world code bases. This article proposes functional code clone detector using attention (FCCA), a deep-learning-based code clone detection approach on top of a hybrid code representation by preserving multiple code features, including unstructured (code in the form of sequential tokens) and structured (code in the form of abstract syntax trees and control-flow graphs) information. Multiple code features are fused into a hybrid representation, which is equipped with an attention mechanism that pays attention to important code parts and features that contribute to the final detection accuracy. We have implemented and evaluated FCCA using 275 777 real-world code clone pairs written in Java. The experimental results show that FCCA outperforms several state-of-the-art approaches for detecting functional code clones in terms of accuracy, recall, and F1 score.",openalex,llm,0.970,unreviewed,
discarded,HyFM: function merging for free,Rodrigo C. O. Rocha; Pavlos Petoumenos; Zheng Wang; Murray Cole; Kim Hazelwood; Hugh Leather,2021,,10.1145/3461648.3463852,https://openalex.org/W3174413148,off-topic-false-hit,"Function merging is an important optimization for reducing code size. It merges multiple functions into a single one, eliminating duplicate code among them. The existing state-of-the-art relies on a well-known sequence alignment algorithm to identify duplicate code across whole functions. However, this algorithm is quadratic in time and space on the number of instructions. This leads to very high time overheads and prohibitive levels of memory usage even for medium-sized benchmarks. For larger programs, it becomes impractical.",openalex,llm,0.950,unreviewed,
discarded,Agent Factory Micro Edition: A Framework for Ambient Applications,Conor Muldoon; G. M. P. O’Hare; Rem Collier; Michael J. O’Grady,2006,Lecture notes in computer science,10.1007/11758532_95,https://openalex.org/W1512443820,off-topic-false-hit,,openalex,llm,0.780,unreviewed,
kept,Development nature matters: An empirical study of code clones in JavaScript applications,Wai Ting Cheung; Sukyoung Ryu; Sunghun Kim,2015,Empirical Software Engineering,10.1007/s10664-015-9368-6,https://openalex.org/W2042711539,adjacent-subtopic,"Code cloning is one of the active research areas in the software engineering community. Specifically, researchers have conducted numerous empirical studies on code cloning and reported that 7 % to 23 % of the code in a typical software system has been cloned. However, there was less awareness of code clones in dynamically-typed languages and most studies are limited to statically-typed languages such as Java, C, and C++. In addition, most previous studies did not consider different application domains such as standalone projects or web applications. As a result, very little is known about clones in dynamically-typed languages, such as JavaScript, in different application domains. In this paper, we report a large-scale clone detection experiment in a dynamically-typed programming language, JavaScript, for different application domains: web pages and standalone projects. Our experimental results showed that unlike JavaScript standalone projects, JavaScript web applications have 95 % of inter-file clones and 91-97 % of widely scattered clones. We observed that web application developers created clones intentionally and such clones may not be as risky as claimed in previous studies. Understanding the risks of cloning in web applications requires further studies, as cloning may be due to either good or bad intentions. Also, we identified unique development practices such as including browser-dependent or device-specific code in code clones of JavaScript web applications. This indicates that features of programming languages and technologies affect how developers duplicate code.",openalex,llm,0.900,unreviewed,
discarded,Cloning and Beyond: A Quantum Solution to Duplicate Code,Samyak Jhaveri; A. Krone-Martins; Cristina Videira Lopes,2023,,10.1145/3622758.3622889,https://openalex.org/W4387773679,adjacent-subtopic,"Quantum computers are becoming a reality. The advantage of quantum computing is that it has the potential to solve computationally complex problems in a fixed amount time, independent of the size of the problem. However, the kinds of problems for which these computers are a good fit, and the ways to express those problems, are substantially different from the kinds of problems and expressions used in classical computing. Quantum annealers, in particular, are currently the most promising and available quantum computing devices in the short term. However, they are also the most foreign compared to classical programs, as they require a different kind of computational thinking. In order to ease the transition into this new world of quantum computing, we present a novel quantum approach to a well-known software problem: code clone detection. We express code clone detection as a subgraph isomorphism problem that is mapped into a quadratic optimization problem, and solve it using a DWave quantum annealing computer. We developed a quantum annealing algorithm that compares Abstract Syntax Trees (AST) and reports an energy value that indicates how similar they are.",openalex,llm,0.990,unreviewed,
discarded,Method-level code clone detection through LWH (Light Weight Hybrid) approach,E. Kodhai; S. Kanmani,2014,Journal of Software Engineering Research and Development,10.1186/s40411-014-0012-8,https://openalex.org/W2030841479,adjacent-subtopic,Many researchers have investigated different techniques to automatically detect duplicate code in programs exceeding thousand lines of code. These techniques have limitations in finding either the structural or functional clones. We propose a LWH (Light Weight Hybrid) approach combining textual analysis and metrics for the detection of method-level syntactic and semantic clones in C and Java projects. This approach has been experimenting for the detection of all four types of clones by a specific set of metrics assessment and textual comparison. A tool named CloneManager has been developed in Java to support the experiments carried out and to validate the proposed approach. A benchmark dataset widely referred in the literature and medium to large size open-source projects developed in C or Java. Java is used for the experiments. The results show that the proposed approach is able to detect all four types of clones accurately with the precision and recall values ranging from 88% to 100%.,openalex,llm,0.990,unreviewed,
discarded,Attitudes towards chiropractic: an analysis of written comments from a survey of north american orthopaedic surgeons,Jason W. Busse; Janey Jim; Craig Jacobs; Trung Ngo; Robert Rodine; David Torrance; Abhaya V. Kulkarni; Brad Petrisor; Brian Drew; Mohit Bhandari,2011,Chiropractic & Manual Therapies,10.1186/2045-709x-19-25,https://openalex.org/W2115860060,off-topic-false-hit,"BACKGROUND: There is increasing interest by chiropractors in North America regarding integration into mainstream healthcare; however, there is limited information about attitudes towards the profession among conventional healthcare providers, including orthopaedic surgeons. METHODS: We administered a 43-item cross-sectional survey to 1000 Canadian and American orthopaedic surgeons that inquired about demographic variables and their attitudes towards chiropractic. Our survey included an option for respondants to include written comments, and our present analysis is restricted to these comments. Two reviewers, independantly and in duplicate, coded all written comments using thematic analysis. RESULTS: 487 surgeons completed the survey (response rate 49%), and 174 provided written comments. Our analysis revealed 8 themes and 24 sub-themes represented in surgeons' comments. Reported themes were: variability amongst chiropractors (n = 55); concerns with chiropractic treatment (n = 54); areas where chiropractic is perceived as effective (n = 43); unethical behavior (n = 43); patient interaction (n = 36); the scientific basis of chiropractic (n = 26); personal experiences with chiropractic (n = 21); and chiropractic training (n = 18). Common sub-themes endorsed by surgeon's were diversity within the chiropractic profession as a barrier to increased interprofessional collaboration, endorsement for chiropractic treatment of musculoskeletal complaints, criticism for treatment of non-musculoskeletal complaints, and concern over whether chiropractic care was evidence-based. CONCLUSIONS: Our analysis identified a number of issues that will have to be considered by the chiropractic profession as part of its efforts to further integrate chiropractic into mainstream healthcare.",openalex,llm,1.000,unreviewed,
kept,Evaluating the Impact of Code Smell Refactoring on the Energy Consumption of Android Applications,Hina Anwar; Dietmar Pfahl; Satish Narayana Srirama,2019,,10.1109/seaa.2019.00021,https://openalex.org/W2991332382,supports-claim,"Energy consumption of mobile apps is receiving a lot of attention from researchers. Recent studies indicate that energy consumption of mobile devices could be lowered by improving the quality of mobile apps. Frequent refactoring is one way of achieving this goal. We explore the performance and energy impact of several common code refactorings in Android apps. Experimental results indicate that some code smell refactorings positively impact the energy consumption of Android apps. Refactoring of the code smells 'Duplicated code' and 'Type checking' reduce energy consumption by up to 10.8%. Significant reduction in energy consumption, however, does not seem to be directly related to the increase or decrease of execution time. In addition, the energy impact over permutations of code smell refactorings in the selected Android apps was small. When analyzing the order in which refactorings were made across code smell types, it turned out that some permutations resulted in a reduction and some in an increase of energy consumption for the analyzed apps.",openalex,llm,0.880,unreviewed,
discarded,Generic modelling of code clones,Simon Giesecke,2007,DROPS (Schloss Dagstuhl – Leibniz Center for Informatics),10.4230/dagsemproc.06301.8,https://openalex.org/W2118182762,adjacent-subtopic,"Code clones, i.e. instances of duplicated code, can be found in many software systems. They adversely affect the software systems’ quality, in particular their maintainability and comprehensibility. Thus, this aspect is particularly important to consider in software maintenance and reengineering. Many different algorithms detecting code clones have been developed. For various reasons, it is difficult to compare the results of different algorithms. Most notable among these reasons is that there is no conceptual model allowing description of code clones determined by different algorithms. Much more, each algorithm uses its specific concept of code clones, which is rarely made explicit. To overcome these problems, we have developed a generic model for describing clones. The model is generic in that it is independent of the programming language examined and of the clone detection algorithm used. It is flexible enough to facilitate various granularities of artifacts employed for selection and comparison, including inexact clones. The model allows separation of concerns between clone detection, description and management, which reduces the effort for the implementation of tools supporting these activities. On the basis of the model, we have implemented a prototype tool supporting these activities, tightly integrated into the Eclipse environment.",openalex,llm,0.950,unreviewed,
discarded,CCFinder: a multilinguistic token-based code clone detection system for large scale source code,T. Kamiya; S. Kusumoto; Koji Inoue,2002,IEEE Transactions on Software Engineering,10.1109/tse.2002.1019480,https://openalex.org/W2138756793,adjacent-subtopic,"A code clone is a code portion in source files that is identical or similar to another. Since code clones are believed to reduce the maintainability of software, several code clone detection techniques and tools have been proposed. This paper proposes a new clone detection technique, which consists of the transformation of input source text and a token-by-token comparison. For its implementation with several useful optimization techniques, we have developed a tool, named CCFinder (Code Clone Finder), which extracts code clones in C, C++, Java, COBOL and other source files. In addition, metrics for the code clones have been developed. In order to evaluate the usefulness of CCFinder and metrics, we conducted several case studies where we applied the new tool to the source code of JDK, FreeBSD, NetBSD, Linux, and many other systems. As a result, CCFinder has effectively found clones and the metrics have been able to effectively identify the characteristics of the systems. In addition, we have compared the proposed technique with other clone detection techniques.",openalex,llm,0.970,unreviewed,
discarded,Medical students’ perspectives of reflection for their professional development,Sara Heydari; Amin Beigzadeh,2024,BMC Medical Education,10.1186/s12909-024-06401-2,https://openalex.org/W4404849047,off-topic-false-hit,"BACKGROUND: Reflection is a critical component of learning which plays a significant role in improving knowledge and skills. It is a metacognitive process that aims to create a deeper understanding of the situation. This study sought to explore the perspectives of medical students concerning the role of reflection in their professional development. METHODOLOGY: This qualitative content analysis study was undertaken with 20 medical students across different year levels in 2023. Participants entered the study by purposive sampling. Data was collected through individual semi-structured interviews. Interviews were audio recorded and transcribed verbatim. Collected data was analyzed based on the steps proposed by Graneheim and Lundman. Data analysis was performed using MAXQDA-10 software. RESULTS: A total of 168 primary codes were extracted. After removing duplicate codes and merging similar codes, finally 54 codes were extracted, which were placed in 3 main themes and 7 subthemes. They encompassed: self-awareness (self-acceptance, metacognitive self-exploration, semantic perception); professional competence (self-directed learning, professional commitment); and reflection culture (organizational climate, educational structure). CONCLUSIONS: Findings revealed that the most important aspect of reflection is the recognition and acceptance of individual identity, along with the metacognitive awareness of how to know, especially in the early years, and understanding the meaning of behaviors and relationships over time. Students explained the undeniable impact of reflection on individual and self-directed learning and the development of professional commitment during their studies. The findings of this study, specifically major themes from reflection culture narratives, provide us with a better understanding of the lack of a positive organizational atmosphere, inappropriate educational structure and intensive clinical rotations, as well as lack of trust between students and medical teachers, which negatively impact on or hinder professional development. It seems that by faculty development initiatives, mentoring, group reflection sessions, reflective practices can turn into an opportunity to improve the quality of education.",openalex,llm,1.000,unreviewed,
discarded,An Extended Stable Marriage Problem Algorithm for Clone Detection,Hosam Alhakami; Feng Chen; Helge Janicke,2014,International Journal of Software Engineering & Applications,10.5121/ijsea.2014.5407,https://openalex.org/W2089768897,adjacent-subtopic,"Code cloning negatively affects industrial software and threatens intellectual property. This paper presents a novel approach to detecting cloned software by using a bijective matching technique. The proposed approach focuses on increasing the range of similarity measures and thus enhancing the precision of the detection. This is achieved by extending a well-known stable-marriage problem (SMP) and demonstrating how matches between code fragments of different files can be expressed. A prototype of the proposed approach is provided using a proper scenario, which shows a noticeable improvement in several features of clone detection such as scalability and accuracy.",openalex,llm,0.980,unreviewed,
discarded,HYBRID TECHNIQUE FOR SOFTWARE CODE CLONE DETECTION,Priyanka Batta; Miss Himanshi,2012,INTERNATIONAL JOURNAL OF COMPUTERS & TECHNOLOGY,10.24297/ijct.v2i2b.2639,https://openalex.org/W2202244451,adjacent-subtopic,Software Clone detection is one of the hottest research area that helps in detecting duplicate code from an applications. The research has shown that 5% to 20% of software systems can contain duplicated code that is generated by simply copying the existing program code and pasting with or without minor modifications. Cloning creates problem when a bug is found in one code segment that was copied and pasted at several locations earlier. The objective of this study is to analyze the working of hybrid clone detection technique that design and analyze a hybrid technique for detecting software clone in an application. We will combine metric approach with text base (line of code) technique for the above said reason. A model will be designed to automate the concept of clone detection.,openalex,llm,0.930,unreviewed,
discarded,"A systematic literature review on source code similarity measurement and clone detection: techniques, applications, and challenges",Morteza Zakeri‐Nasrabadi; Saeed Parsa; Mohammad Ramezani; Chanchal K. Roy; Masoud Ekhtiarzadeh,2023,arXiv (Cornell University),10.48550/arxiv.2306.16171,https://openalex.org/W4382618965,adjacent-subtopic,"Measuring and evaluating source code similarity is a fundamental software engineering activity that embraces a broad range of applications, including but not limited to code recommendation, duplicate code, plagiarism, malware, and smell detection. This paper proposes a systematic literature review and meta-analysis on code similarity measurement and evaluation techniques to shed light on the existing approaches and their characteristics in different applications. We initially found over 10000 articles by querying four digital libraries and ended up with 136 primary studies in the field. The studies were classified according to their methodology, programming languages, datasets, tools, and applications. A deep investigation reveals 80 software tools, working with eight different techniques on five application domains. Nearly 49% of the tools work on Java programs and 37% support C and C++, while there is no support for many programming languages. A noteworthy point was the existence of 12 datasets related to source code similarity measurement and duplicate codes, of which only eight datasets were publicly accessible. The lack of reliable datasets, empirical evaluations, hybrid methods, and focuses on multi-paradigm languages are the main challenges in the field. Emerging applications of code similarity measurement concentrate on the development phase in addition to the maintenance.",openalex,llm,0.990,unreviewed,
