status,title,authors,year,venue,doi,url,tags,abstract,provider,decision_source,llm_confidence,llm_review_outcome,llm_change_direction
discarded,Clone-Seeker: Effective Code Clone Search Using Annotations,Muhammad Hammad; Önder Babur; Hamid Abdul Basit; Mark van den Brand,2022,IEEE Access,10.1109/access.2022.3145686,https://openalex.org/W3167489172,adjacent-subtopic,"Source code search plays an important role in software development, e.g. for exploratory development or opportunistic reuse of existing code from a code base. Often, exploration of different implementations with the same functionality is needed for tasks like automated software transplantation, software diversification, and software repair. Code clones, which are syntactically or semantically similar code fragments, are perfect candidates for such tasks. Searching for code clones involves a given search query to retrieve the relevant code fragments. We propose a novel approach called Clone-Seeker that focuses on utilizing clone class features in retrieving code clones. For this purpose, we generate metadata for each code clone in the form of a natural language document. The metadata includes a pre-processed list of identifiers from the code clones augmented with a list of keywords indicating the semantics of the code clone. This keyword list can be extracted from a manually annotated general description of the clone class, or automatically generated from the source code of the entire clone class. This approach helps developers to perform code clone search based on a search query written either as source code terms, or as natural language. With various experiments, we show that (1) Clone-Seeker is effective in finding clones from BigCloneBench dataset by applying code queries and natural language queries; 2) Clone-Seeker has a higher recall when searching for semantic code clones (i.e., Type-4) in BigCloneBench than the state-of-the-art; 3) Clone-Seeker is a generalized technique as it is effective in finding clones in Project CodeNet dataset by applying code queries and natural language queries. 4) Clone-Seeker with manual annotation outperforms other variants in finding clones on the basis of natural language queries",openalex,llm,0.960,unreviewed,
discarded,Similar Code Detection and Elimination for Erlang Programs,Huiqing Li; Simon Thompson,2010,Lecture notes in computer science,10.1007/978-3-642-11503-5_10,https://openalex.org/W1600465065,adjacent-subtopic,,openalex,llm,0.760,unreviewed,
discarded,Code relatives: detecting similarly behaving software,Fang-Hsiang Su; Jonathan Bell; K Harvey; Simha Sethumadhavan; Gail E. Kaiser; Tony Jebara,2016,,10.1145/2950290.2950321,https://openalex.org/W2548028511,adjacent-subtopic,"Detecting “similar code” is useful for many software engineering tasks. Current tools can help detect code with statically similar syntactic and–or semantic features (code clones) and with dynamically similar functional input/output (simions). Unfortunately, some code fragments that behave similarly at the finer granularity of their execution traces may be ignored. In this paper, we propose the term “code relatives” to refer to code with similar execution behavior. We define code relatives and then present DyCLINK, our approach to detecting code relatives within and across codebases. DyCLINK records instruction-level traces from sample executions, organizes the traces into instruction-level dynamic dependence graphs, and employs our specialized subgraph matching algorithm to efficiently compare the executions of candidate code relatives. In our experiments, DyCLINK analyzed 422+ million prospective subgraph matches in only 43 minutes. We compared DyCLINK to one static code clone detector from the community and to our implementation of a dynamic simion detector. The results show that DyCLINK effectively detects code relatives with a reasonable analysis time.",openalex,llm,0.970,unreviewed,
discarded,Towards Understanding the Capability of Large Language Models on Code Clone Detection: A Survey,"Shihan Dou; Junjie Shan; Haoxiang Jia; Wenhao Deng; Zhiheng Xi; Wei He; Yueming Wu; Tao Gui; Yang Liu; Huang, Xuanjing",2023,arXiv (Cornell University),10.48550/arxiv.2308.01191,https://openalex.org/W4385967654,adjacent-subtopic,"Code cloning, the duplication of code fragments, is common in software development. While some reuse aids productivity, excessive cloning hurts maintainability and introduces bugs. Hence, automatic code clone detection is vital. Meanwhile, large language models (LLMs) possess diverse code-related knowledge, making them versatile for various software engineering challenges. However, LLMs' performance in code clone detection is unclear and needs more study for accurate assessment. In this paper, we provide the first comprehensive evaluation of LLMs for clone detection, covering different clone types, languages, and prompts. We find advanced LLMs excel in detecting complex semantic clones, surpassing existing methods. Adding intermediate reasoning steps via chain-of-thought prompts noticeably enhances performance. Additionally, representing code as vector embeddings, especially with text encoders, effectively aids clone detection.Lastly, the ability of LLMs to detect code clones differs among various programming languages. Our study suggests that LLMs have potential for clone detection due to their language capabilities, offering insights for developing robust LLM-based methods to enhance software engineering.",openalex,llm,0.950,unreviewed,
discarded,Assembly Code Clone Detection for Malware Binaries,Mohammad Farhadi,2013,Spectrum Research Repository (Concordia University),,https://openalex.org/W2159275016,adjacent-subtopic,"Malware, such as a virus or trojan horse, refers to software designed specifically to gain unauthorized access to a computer system and perform malicious activities. To analyze a piece of malware, one may employ a reverse engineering approach to perform an in-depth analysis on the assembly code of a malware. Yet, the reverse engineering process is tedious and time consuming. One way to speed up the analysis process is to compare the disassembled malware with some previously analyzed malware, identify the similar functions in the assembly code, and transfer the comments from the previously analyzed software to the new malware. The challenge is how to efficiently identify the similar code fragments (i.e., clones) from a large repository of assembly code. \n \nIn this thesis, an assembly code clone detection system is presented. Its performance is evaluated in terms of accuracy, efficiency, scalability, and feasibility of finding clones on assembly code decompiled from both Microsoft Windows 7 DLL files and real-life malware binary files. Experimental results suggest that the proposed clone detection algorithm is effective. This system can be used as the basis of future development of assembly code clone detection.",openalex,llm,0.950,unreviewed,
kept,EMPIRICAL STUDIES OF CODE CLONE GENEALOGIES,Liliane Barbour,2012,QSpace (Queen's University Library),,https://openalex.org/W2182165111,supports-claim; thesis-of-cited-source,"Thesis (Master, Electrical & Computer Engineering) -- Queen's University, 2012-01-31 11:39:10.503",openalex,human,0.660,human,
kept,Associating Code Clones with Association Rules for Change Impact Analysis,Manishankar Mondal; Banani Roy; Chanchal K. Roy; Kevin A. Schneider,2020,"2020 IEEE 27th International Conference on Software Analysis, Evolution and Reengineering (SANER)",10.1109/SANER48275.2020.9054846,https://ieeexplore.ieee.org/document/9054846/,supports-claim,"When a programmer makes changes to a target program entity (files, classes, methods), it is important to identify which other entities might also get impacted. These entities constitute the impact set for the target entity. Association rules have been widely used for discovering the impact sets. However, such rules only depend on the previous co-change history of the program entities ignoring the fact that similar entities might often need to be updated together consistently even if they did not co-change before. Considering this fact, we investigate whether cloning relationships among program entities can be associated with association rules to help us better identify the impact sets. In our research, we particularly investigate whether the impact set detection capability of a clone detector can be utilized to enhance the capability of the state-of-the-art association rule mining technique, Tarmaq, in discovering impact sets. We use the well known clone detector called NiCad in our investigation and consider both regular and micro-clones. Our evolutionary analysis on thousands of commit operations of eight diverse subject systems reveals that consideration of code clones can enhance the impact set detection accuracy of Tarmaq with a significantly higher precision and recall. Micro-clones of 3LOC and 4LOC and regular code clones of 5LOC to 20LOC contribute the most towards enhancing the detection accuracy.",ieee,llm,0.910,unreviewed,
discarded,BigCloneBench Considered Harmful for Machine Learning,Jens Krinke; Chaiyong Ragkhitwetsagul,2022,2022 IEEE 16th International Workshop on Software Clones (IWSC),10.1109/IWSC55060.2022.00008,https://ieeexplore.ieee.org/document/9978255/,adjacent-subtopic,"BigCloneBench is a well-known large-scale dataset of clones mainly targeted at the evaluation of recall of clone detection tools. It has been beneficial for research on clone detection and evaluating the performance of clone detection tools, for which it has become standard. It has also been used in machine learning approaches to clone detection or code similarity detection. However, the way BigCloneBench has been constructed makes it problematic to use as ground truth for learning code similarity. This paper highlights the features of BigCloneBench that affect the ground truth quality and discusses common misperceptions about the benchmark. For example, extending or replacing the ground truth without understanding the properties of BigCloneBench often leads to wrong assumptions which can lead to invalid results. Also, a manual investigation of a sample of Weak-Type-3/Type-4 clone pairs revealed 86% of pairs to be false positives, threatening the results of machine learning approaches using BigCloneBench. We call for a halt in using BigCloneBench as the ground truth for learning code similarity.",ieee,llm,0.980,unreviewed,
kept,Detection and analysis of near-miss software clones,Chanchal K. Roy,2009,2009 IEEE International Conference on Software Maintenance,10.1109/ICSM.2009.5306301,https://ieeexplore.ieee.org/document/5306301/,supports-claim,"Software clones are considered harmful in software maintenance and evolution. However, despite a decade of active research, there is a marked lack of work in the detection and analysis of near-miss software clones, those where minor to extensive modifications have been made to the copied fragments. In this thesis, we advance the state-of-the-art in clone detection and analysis in several ways. First, we develop a hybrid clone detection method. Second, we address the decade of vagueness in clone definition by proposing a metamodel of clone types. Third, we conduct a scenario-based comparison and evaluation of all of the currently available clone detection techniques and tools. Fourth, in order to evaluate and compare the available tools in a realistic setting, we develop a mutation-based framework that automatically and efficiently measures (and compares) the recall and precision of clone detection tools. Fifth, we conduct a large scale empirical study of cloning in open source systems.",ieee,llm,0.740,unreviewed,
discarded,CodeArena: Inspecting and Improving Code Quality Metrics using Minecraft,Simon Baars; Sander Meester,2019,2019 IEEE/ACM International Conference on Technical Debt (TechDebt),10.1109/TechDebt.2019.00023,https://ieeexplore.ieee.org/document/8785986/,off-topic-false-hit,"To minimize technical debt and increase the maintainability of software, it is essential to make developers aware of what factors influence the maintainability of a codebase. To make the field of code quality and maintenance intuitive to developers, we propose CodeArena, which is an extension to the popular 3D sandbox game called Minecraft. CodeArena converts patterns in a codebase that are considered harmful to monsters in Minecraft, which can then be fought to improve the codebase. This way, the developer can gradually improve the quality of the code, while learning about code quality in an engaging way.",ieee,llm,0.920,unreviewed,
discarded,Partition based model clone detection,Zhengping Liang; Yiqun Cheng; Kaitian Chen,2013,2013 IEEE 4th International Conference on Software Engineering and Service Science,10.1109/ICSESS.2013.6615282,https://ieeexplore.ieee.org/document/6615282/,adjacent-subtopic,"Model-based development has become a common development methodology in the past decade years. According to previous researches, model clone are considered harmful for software maintenance in model-based development. Existing approaches of model clone detection have a common drawback: a considerable number of detected clones are not interesting to the developers even though they fulfill model clone definition. In this paper, we present a partition based model clone detection approach, and design an experiment to evaluate the approach. The experiment result illustrates that our approach has better performance in finding more frequent and smaller clone instances which are easier to be reuse in modeling.",ieee,llm,0.890,unreviewed,
discarded,"Inter-Project Functional Clone Detection Toward Building Libraries - An Empirical Study on 13,000 Projects",Tomoya Ishihara; Keisuke Hotta; Yoshiki Higo; Hiroshi Igaki; Shinji Kusumoto,2012,2012 19th Working Conference on Reverse Engineering,10.1109/WCRE.2012.48,https://ieeexplore.ieee.org/document/6385134/,adjacent-subtopic,"Libraries created from commonly used functionalities offer a variety of benefits to developers. To locate such widely used functionalities, clone detection on a large corpus of source code could be useful. However, existing clone detection techniques did not address the creation of libraries. Therefore, existing clone detectors are sometimes unbefitting to detect candidates to be included in libraries. This paper proposes a method-based clone detection technique focusing on building libraries. This method-level granularity is appropriate for building libraries because a method composes a functionally coherent unit, and so it can be easily pulled up into libraries. Also, such a granularity realizes a scalable detection on huge data sets. Our experimental results on a huge data set (360 million lines of code, 13,000 projects) showed that the proposed technique could detect functional clones which might be beneficial on the creation of libraries within a short time frame.",ieee,human,0.950,human,
kept,An Empirical Study of the Impacts of Clones in Software Maintenance,Manishankar Mondal; Md. Saidur Rahman; Ripon K. Saha; Chanchal K. Roy; Jens Krinke; Kevin A. Schneider,2011,2011 IEEE 19th International Conference on Program Comprehension,10.1109/ICPC.2011.14,https://ieeexplore.ieee.org/document/5970172/,clones-research-plan,"The impacts of clones on software maintenance is a long-lived debate on whether clones are beneficial or not. Some researchers argue that clones lead to additional changes during the maintenance phase and thus increase the overall maintenance effort. Moreover, they note that inconsistent changes to clones may introduce faults during evolution. On the other hand, other researchers argue that cloned code exhibits more stability than non-cloned code. Studies resulting in such contradictory outcomes may be a consequence of using different methodologies, using different clone detection tools, defining different impact assessment metrics, and evaluating different subject systems. In order to understand the conflicting results from the studies, we plan to conduct a comprehensive empirical study using a common framework incorporating nine existing methods that yielded mostly contradictory findings. Our research strategy involves implementing each of these methods using four clone detection tools and evaluating the methods on more than fifteen subject systems of different languages and of a diverse nature. We believe that our study will help eliminate tool and study biases to resolve conflicts regarding the impacts of clones on software maintenance.",ieee,human,,human,
discarded,Adding Context to Source Code Representations for Deep Learning,Fuwei Tian; Christoph Treude,2022,2022 IEEE International Conference on Software Maintenance and Evolution (ICSME),10.1109/ICSME55016.2022.00042,https://ieeexplore.ieee.org/document/9978267/,off-topic-false-hit,"Deep learning models have been successfully applied to a variety of software engineering tasks, such as code classification, summarisation, and bug and vulnerability detection. In order to apply deep learning to these tasks, source code needs to be represented in a format that is suitable for input into the deep learning model. Most approaches to representing source code, such as tokens, abstract syntax trees (ASTs), data flow graphs (DFGs), and control flow graphs (CFGs) only focus on the code itself and do not take into account additional context that could be useful for deep learning models. In this paper, we argue that it is beneficial for deep learning models to have access to additional contextual information about the code being analysed. We present preliminary evidence that encoding context from the call hierarchy along with information from the code itself can improve the performance of a state-of-the-art deep learning model for two software engineering tasks. We outline our research agenda for adding further contextual information to source code representations for deep learning.",ieee,llm,0.940,unreviewed,
discarded,A Personalized Education Chatbot for the Novice Programmers in Action,Matej Ondov; Tomáš Kormaník; Jaroslav Porubän,2024,2024 IEEE 17th International Scientific Conference on Informatics (Informatics),10.1109/Informatics62280.2024.10900922,https://ieeexplore.ieee.org/document/10900922/,off-topic-false-hit,"Chatbots that utilize large language models are broadly popular these days. These chatbots and related tools are beneficial in the context of programming because they can explain solutions, provide guidance, solve simple issues, and communicate according to the user’s domain expertise. Our goal was to provide students with a chatbot that is tailored specifically for one subject, in this case Basics of Programming and Algorithmization, in order to provide guidance within the rules of our subject and information that is up-to-date and relevant. Additionally, we can tweak input parameters, data, and prompts specifically for the current week of the semester or the discussed topic. We evaluated the resulting solution using common methods like questionnaires and user testing. Experiments were performed in controlled and carefully selected groups of students with their consent and on a short-term basis.",ieee,llm,0.990,unreviewed,
discarded,Structural Optimization on Superscalar Processors,Xianfeng Zhao,2008,2008 International Conference on Computer Science and Software Engineering,10.1109/CSSE.2008.574,https://ieeexplore.ieee.org/document/4722376/,off-topic-false-hit,"Superblock scheduling is a common technique to increase the level of instruction level parallelism (ILP) in generated code. Compared to a basic block, the superblock gives an optimizer or scheduler a longer range over which instructions can be moved. The bookkeeping necessary to execute that move is less than would be necessary inside an arbitrary trace region. Additionally, the process of forming superblocks generates more instructions that are eligible for movement. These factors combine to produce a significant increase in the ILP of a section of code. This work investigates the effect of structural optimization when targeting an x86 processor. We show that the effect of structural compilation to specialize the control flow for the typical path of execution is still beneficial.",ieee,llm,0.970,unreviewed,
discarded,A Comparative Study of Clone Detection Approaches,Laxmi; Neelam Duhan; Huma Jameel,2019,2019 6th International Conference on Computing for Sustainable Global Development (INDIACom),,https://ieeexplore.ieee.org/document/8991379/,adjacent-subtopic,"Code resemblance or taking a fragment of code from any place and then regenerate it by writing the same either without or with any alteration is termed as code cloning. It is also called as Duplicate code. Most of the studies show that about 5% to 20% of a software system contains cloned code, this is just the outcome of mimeographing the existing fragments of code. One of the most impediment problem of such copied fragments of code is that all the code chunks need to be checked for the same bug reported in the original chunk. In software maintainance, the other prime concern is code refractoring. The state of the art is explored in clone detection. Firstly, we define the terms used in respect to clone detection and its literature and also specify there correlative mappings for the oftenly used type of clone. Secondly, the review of existing detection approaches, clone taxanomies and experimental evaluations of clone detection tools is provided. How clone detection applications when explored, could be beneficial to other areas of software engineering is also presented here in this paper.",ieee,llm,0.900,unreviewed,
