status,title,authors,year,venue,doi,url,tags,abstract,provider,decision_source,llm_confidence,llm_review_outcome,llm_change_direction
discarded,A systematic literature review of clone evolution,Zhong Y.,2022,ACM International Conference Proceeding Series,10.1145/3569966.3570091,https://www.scopus.com/inward/record.uri?partnerID=HzOxMe3b&scp=85145556941&origin=inward,adjacent-subtopic,"Code clones are identical or nearly similar code fragments often introduced into software systems by programmers with software modification and maintenance. During the evolution of the software system, code clones may experience multiple changes, such as the increase in number, disappearance, location change, etc. These changes increase the difficulty of clone management and possibly introduce bugs into the software, leading to the high price of clone management and maintenance. Therefore, it is necessary to study the clone evolution. In this paper, we summarize the research works in code clone evolution in recent decades. Based on the previous review and survey, we found a total of 47 relevant papers and divided them into five categories with the help of the LDA model. We present our analysis of the current research and discussion about the possible future progress in this paper. The final result of the debate is that we believe the future work will divide into two aspects. On the one hand, developing clone management tools based on the current results become a possible direction; on the other hand, development and improvement may appear in existing tools with more theoretical support due to more knowledge of the evolutionary characteristics of clones.","dblp, openalex, wos, scopus, ieee",human,0.760,human,
discarded,Predicting Change Propagation between Code Clone Instances by Graph-based Deep Learning,Hu B.,2022,IEEE International Conference on Program Comprehension,10.1145/3524610.3527766,https://www.scopus.com/inward/record.uri?partnerID=HzOxMe3b&scp=85133200335&origin=inward,adjacent-subtopic,"Code clones widely exist in open-source and industrial software projects and are still recognized as a threat to software maintenance due to the additional effort required for the simultaneous maintenance of multiple clone instances and potential defects caused by inconsistent changes in clone instances. To alleviate the threat, it is essential to accurately and efficiently make the decisions of change propagation between clone instances. Based on an exploratory study on clone change propagation with five famous open-source projects, we find that a clone class can have both propagation-required changes and propagation-free changes and thus fine-grained change propagation decision is required. Based on the findings, we propose a graph-based deep learning approach to predict the change propagation requirements of clone instances. We develop a graph representation, named Fused Clone Program Dependency Graph (FC-PDG), to capture the textual and structural code contexts of a pair of clone instances along with the changes on one of them. Based on the representation, we design a deep learning model that uses a Relational Graph Convolutional Network (R-GCN) to predict the change propagation requirement. We evaluate the approach with a dataset constructed based on 51 open-source Java projects, which includes 24,672 pairs of matched changes and 38,041 non-matched changes. The results show that the approach achieves high precision (83.1%), recall (81.2%), and F1-score (82.1%). Our further evaluation with three other open-source projects confirms the generality of the trained clone change propagation prediction model.","dblp, openalex, wos, scopus, ieee",human,0.980,human,
kept,"Clones in deep learning code: what, where, and why?",Jebnoun H.,2022,Empirical Software Engineering,10.1007/s10664-021-10099-x,https://www.scopus.com/inward/record.uri?partnerID=HzOxMe3b&scp=85128076663&origin=inward,qualifies-claim,"Deep Learning applications are becoming increasingly popular worldwide. Developers of deep learning systems like in every other context of software development strive to write more efficient code in terms of performance, complexity, and maintenance. The continuous evolution of deep learning systems imposing tighter development timelines and their increasing complexity may result in bad design decisions by the developers. Besides, due to the use of common frameworks and repetitive implementation of similar tasks, deep learning developers are likely to use the copy-paste practice leading to clones in deep learning code. Code clone is considered to be a bad software development practice since developers can inadvertently fail to properly propagate changes to all clones fragments during a maintenance activity. However, to the best of our knowledge, no study has investigated code cloning practices in deep learning development. The majority of research on deep learning systems mostly focusing on improving the dependability of the models. Given the negative impacts of clones on software quality reported in the studies on traditional systems and the inherent complexity of maintaining deep learning systems (e.g., bug fixing), it is very important to understand the characteristics and potential impacts of code clones on deep learning systems. This paper examines the frequency, distribution, and impacts of code clones and the code cloning practices in deep learning systems. To accomplish this, we use the NiCad clone detection tool to detect clones from 59 Python, 14 C#, and 6 Java based deep learning systems and an equal number of traditional software systems. We then analyze the comparative frequency and distribution of code clones in deep learning systems and the traditional ones. Further, we study the distribution of the detected code clones by applying a location based taxonomy. In addition, we study the correlation between bugs and code clones to assess the impacts of clones on the quality of the studied systems. Finally, we introduce a code clone taxonomy related to deep learning programs based on 6 DL software systems (from 59 DL systems) and identify the deep learning system development phases in which cloning has the highest risk of faults. Our results show that code cloning is a frequent practice in deep learning systems and that deep learning developers often clone code from files contain in distant repositories in the system. In addition, we found that code cloning occurs more frequently during DL model construction, model training, and data pre-processing. And that hyperparameters setting is the phase of deep learning model construction during which cloning is the riskiest, since it often leads to faults.","dblp, openalex, wos, scopus, ieee",human,0.870,human,
discarded,Context-Aware Code Change Embedding for Better Patch Correctness Assessment,Lin B.,2022,ACM Transactions on Software Engineering and Methodology,10.1145/3505247,https://www.scopus.com/inward/record.uri?partnerID=HzOxMe3b&scp=85130752121&origin=inward,adjacent-subtopic,"Despite the capability in successfully fixing more and more real-world bugs, existing Automated Program Repair (APR) techniques are still challenged by the long-standing overfitting problem (i.e., a generated patch that passes all tests is actually incorrect). Plenty of approaches have been proposed for automated patch correctness assessment (APCA). Nonetheless, dynamic ones (i.e., those that needed to execute tests) are time-consuming while static ones (i.e., those built on top of static code features) are less precise. Therefore, embedding techniques have been proposed recently, which assess patch correctness via embedding token sequences extracted from the changed code of a generated patch. However, existing techniques rarely considered the context information and program structures of a generated patch, which are crucial for patch correctness assessment as revealed by existing studies. In this study, we explore the idea of context-aware code change embedding considering program structures for patch correctness assessment. Specifically, given a patch, we not only focus on the changed code but also take the correlated unchanged part into consideration, through which the context information can be extracted and leveraged. We then utilize the AST path technique for representation where the structure information from AST node can be captured. Finally, based on several pre-defined heuristics, we build a deep learning based classifier to predict the correctness of the patch. We implemented this idea as Cache and performed extensive experiments to assess its effectiveness. Our results demonstrate that Cache can (1) perform better than previous representation learning based techniques (e.g., Cache relatively outperforms existing techniques by \( \approx \) 6%, \( \approx \) 3%, and \( \approx \) 16%, respectively under three diverse experiment settings), and (2) achieve overall higher performance than existing APCA techniques while even being more precise than certain dynamic ones including PATCH-SIM (92.9% vs. 83.0%). Further results reveal that the context information and program structures leveraged by Cache contributed significantly to its outstanding performance.","dblp, openalex, wos, scopus, ieee",llm,0.990,unreviewed,
discarded,A Systematic Literature Review on the Use of Deep Learning in Software Engineering Research,Watson C.,2022,ACM Transactions on Software Engineering and Methodology,10.1145/3485275,https://www.scopus.com/inward/record.uri?partnerID=HzOxMe3b&scp=85130684004&origin=inward,off-topic-false-hit,"An increasingly popular set of techniques adopted by software engineering (SE) researchers to automate development tasks are those rooted in the concept of Deep Learning (DL). The popularity of such techniques largely stems from their automated feature engineering capabilities, which aid in modeling software artifacts. However, due to the rapid pace at which DL techniques have been adopted, it is difficult to distill the current successes, failures, and opportunities of the current research landscape. In an effort to bring clarity to this cross-cutting area of work, from its modern inception to the present, this article presents a systematic literature review of research at the intersection of SE & DL. The review canvasses work appearing in the most prominent SE and DL conferences and journals and spans 128 papers across 23 unique SE tasks. We center our analysis around the components of learning, a set of principles that governs the application of machine learning techniques (ML) to a given problem domain, discussing several aspects of the surveyed work at a granular level. The end result of our analysis is a research roadmap that both delineates the foundations of DL techniques applied to SE research and highlights likely areas of fertile exploration for the future.","dblp, openalex, wos, scopus, ieee",llm,0.990,unreviewed,
discarded,Reinforcement-Learning-Guided Source Code Summarization Using Hierarchical Attention,Wang W.,2022,IEEE Transactions on Software Engineering,10.1109/TSE.2020.2979701,https://www.scopus.com/inward/record.uri?partnerID=HzOxMe3b&scp=85123167506&origin=inward,off-topic-false-hit,"Code summarization (aka comment generation) provides a high-level natural language description of the function performed by code, which can benefit the software maintenance, code categorization and retrieval. To the best of our knowledge, the state-of-the-art approaches follow an encoder-decoder framework which encodes source code into a hidden space and later decodes it into a natural language space. Such approaches suffer from the following drawbacks: (a) they are mainly input by representing code as a sequence of tokens while ignoring code hierarchy; (b) most of the encoders only input simple features (e.g., tokens) while ignoring the features that can help capture the correlations between comments and code; (c) the decoders are typically trained to predict subsequent words by maximizing the likelihood of subsequent ground truth words, while in real world, they are excepted to generate the entire word sequence from scratch. As a result, such drawbacks lead to inferior and inconsistent comment generation accuracy. To address the above limitations, this paper presents a new code summarization approach using hierarchical attention network by incorporating multiple code features, including type-augmented abstract syntax trees and program control flows. Such features, along with plain code sequences, are injected into a deep reinforcement learning (DRL) framework (e.g., actor-critic network) for comment generation. Our approach assigns weights (pays “attention”) to tokens and statements when constructing the code representation to reflect the hierarchical code structure under different contexts regarding code features (e.g., control flows and abstract syntax trees). Our reinforcement learning mechanism further strengthens the prediction results through the actor network and the critic network, where the actor network provides the confidence of predicting subsequent words based on the current state, and the critic network computes the reward values of all the possible extensions of the current state to provide global guidance for explorations. Eventually, we employ an advantage reward to train both networks and conduct a set of experiments on a real-world dataset. The experimental results demonstrate that our approach outperforms the baselines by around 22 to 45 percent in BLEU-1 and outperforms the state-of-the-art approaches by around 5 to 60 percent in terms of S-BLEU and C-BLEU.","dblp, openalex, wos, scopus, ieee",llm,0.990,unreviewed,
discarded,On the Reproducibility and Replicability of Deep Learning in Software Engineering,Liu C.,2022,ACM Transactions on Software Engineering and Methodology,10.1145/3477535,https://www.scopus.com/inward/record.uri?partnerID=HzOxMe3b&scp=105028248321&origin=inward,off-topic-false-hit,"
 Context:
 Deep learning (DL) techniques have gained significant popularity among software engineering (SE) researchers in recent years. This is because they can often solve many SE challenges without enormous manual feature engineering effort and complex domain knowledge.
 
 
 Objective:
 Although many DL studies have reported substantial advantages over other state-of-the-art models on effectiveness, they often ignore two factors:
 (1) reproducibility
 —whether the reported experimental results can be obtained by other researchers using authors’ artifacts (i.e., source code and datasets) with the same experimental setup; and
 (2) replicability
 —whether the reported experimental result can be obtained by other researchers using their re-implemented artifacts with a different experimental setup. We observed that DL studies commonly overlook these two factors and declare them as minor threats or leave them for future work. This is mainly due to high model complexity with many manually set parameters and the time-consuming optimization process, unlike classical supervised machine learning (ML) methods (e.g., random forest). This study aims to investigate the urgency and importance of reproducibility and replicability for DL studies on SE tasks.
 
 
 Method:
 In this study, we conducted a literature review on 147 DL studies recently published in 20 SE venues and 20 AI (Artificial Intelligence) venues to investigate these issues. We also re-ran four representative DL models in SE to investigate important factors that may strongly affect the reproducibility and replicability of a study.
 
 
 Results:
 Our statistics show the urgency of investigating these two factors in SE, where only 10.2% of the studies investigate any research question to show that their models can address at least one issue of replicability and/or reproducibility. More than 62.6% of the studies do not even share high-quality source code or complete data to support the reproducibility of their complex models. Meanwhile, our experimental results show the importance of reproducibility and replicability, where the reported performance of a DL model could not be reproduced for an unstable optimization process. Replicability could be substantially compromised if the model training is not convergent, or if performance is sensitive to the size of vocabulary and testing data.
 
 
 Conclusion:
 It is urgent for the SE community to provide a long-lasting link to a high-quality reproduction package, enhance DL-based solution stability and convergence, and avoid performance sensitivity on different sampled data.
","dblp, openalex, wos, scopus, ieee",llm,0.990,unreviewed,
discarded,Security Compliance in Model-driven Development of Software Systems in Presence of Long-Term Evolution and Variants,Peldszus S.M.,2022,Security Compliance in Model Driven Development of Software Systems in Presence of Long Term Evolution and Variants,10.1007/978-3-658-37665-9,https://www.scopus.com/inward/record.uri?partnerID=HzOxMe3b&scp=85141850933&origin=inward,off-topic-false-hit,,"dblp, openalex, wos, scopus, ieee",llm,0.930,unreviewed,
discarded,"Iteration Causes, Impact, and Timing in Software Development Lifecycle: An SLR",Mumtaz M.,2022,IEEE Access,10.1109/ACCESS.2022.3182703,https://www.scopus.com/inward/record.uri?partnerID=HzOxMe3b&scp=85132727772&origin=inward,off-topic-false-hit,"Context: Iteration—performing an activity once it has already been done—is unavoidable and omnipresent during software development. Management of iteration is a challenging task due to the lack of detailed analysis and use of different terms for the iteration at different places in software engineering. Objective: In order to manage iteration in a better way during software development processes, we investigate different iterative situations, the causes, the stages at which it can occur during the development, and its impacts. Method: We use the systematic literature review (SLR) method to search using six bibliographic databases. The SLR includes 153 primary studies published from 2007 to February 2017. Results: We identify twenty-two leading causes, five stages, and positive and negative impacts of iteration. Then, we develop a lucid taxonomy of iteration perspectives based on the causes and timing at which it occurs during the software development lifecycle. Conclusions: The frequently reported causes of iteration are defects, code smell, and conflicts, whereas the least referenced causes are poor management and different methods followed by teams. The most cited phase at which iteration occurs during the software development is maintenance. The most cited positive consequence of iteration is quality improvement, whereas the negative impacts of iteration are increasing time, effort, and cost. Our study provides a framework to understand the nature of iteration, what sources can lead to which iterative perspective, a particular iterative situation can have what kind of impacts on project milestones, and also provide research directions.","dblp, openalex, wos, scopus, ieee",llm,0.970,unreviewed,
discarded,A hybrid code representation learning approach for predicting method names,Zhang F.,2021,Journal of Systems and Software,10.1016/j.jss.2021.111011,https://www.scopus.com/inward/record.uri?partnerID=HzOxMe3b&scp=85107616552&origin=inward,off-topic-false-hit,"Program semantic properties such as class names, method names, and variable names and types play an important role in software development and maintenance. Method names are of particular importance because they provide the cornerstone of abstraction for developers to communicate with each other for various purposes (e.g., code review and program comprehension). Existing method name prediction approaches often represent code as lexical tokens or syntactical AST (abstract syntax tree) paths, making them difficult to learn code semantics and hindering their effectiveness in predicting method names. Initial attempts have been made to represent code as execution traces to capture code semantics, but suffer scalability in collecting execution traces.

In this paper, we propose a hybrid code representation learning approach, named Meth2Seq, to encode a method as a sequence of distributed vectors. Meth2Seq represents a method as (1) a bag of paths on the program dependence graph, (2) a sequence of typed intermediate representation statements and (3) a sentence of natural language comment, to scalably capture code semantics. The learned sequence of vectors of a method is fed to a decoder model to predict method names. Our evaluation with a dataset of 280.5K methods in 67 Java projects has demonstrated that Meth2Seq outperforms the two state-of-the-art code representation learning approaches in F1-score by 92.6% and 36.6%, while also outperforming two state-of-the-art method name prediction approaches in F1-score by 85.6% and 178.1%. (C) 2021 Elsevier Inc. All rights reserved.","dblp, openalex, wos, scopus, ieee",llm,0.990,unreviewed,
