status,title,authors,year,venue,doi,url,tags,abstract,provider,decision_source,llm_confidence,llm_review_outcome,llm_change_direction
kept,Identification of Variability Implementations in TypeScript: the 2Cities Visualization,"Brault, Yann; Collet, Philippe; Pinna-Dery, Anne-Marie",2024,"28TH INTERNATIONAL SYSTEMS AND SOFTWARE PRODUCT LINE CONFERENCE, SPLC 2024",10.1145/3646548.3676598,https://www.webofscience.com/wos/woscc/full-record/WOS:001328492000024,adjacent-subtopic,"When variability is directly implemented in a single codebase with languages supporting many different mechanisms, its identification and comprehension are impeded by the absence of documentation, their scattered locations, and obviously, their diversity. This is typically the case with TypeScript in which variability can be implemented with Object-Oriented (OO) mechanisms, and design patterns, but also with dynamic loading of files. This latter mechanism allows for organizing internal variants of part of code in directories and files, usually containing code clones of different forms. In this paper, we demonstrate 2Cities, a dedicated visualization based on the city metaphor to highlight variability implementations in a single TypeScript codebase. We introduce the detection toolchain that gathers all the necessary information and variability metrics. Then we detail the visualization mechanisms that use two dedicated cities whose relations also highlight the architecture of the implementation. The first one, ObjectCity, adapts the VariCity visualization with classes as buildings shaped by their variability and usage relationships as streets. The second one, CloneCity, visualizes the directory hierarchy as streets and files as circular districts with different colors to point out duplication and cylindrical shades to highlight clones obtained from a code clone detection phase.",wos,llm,0.930,unreviewed,
discarded,Genetic parameters and correlations associated with the selection of kale clones via REML/BLUP estimates,"da Silva, Eduardo Alves; da Costa, Ariana Lemes; Brito, Orlando Goncalves; de Andrade Junior, Valter Carvalho; da Gama, Andre Boscolo Nogueira; de Azevedo, Sebastiao Marcio",2024,PESQUISA AGROPECUARIA BRASILEIRA,10.1590/S1678-3921.pab2024.v59.03456,https://www.webofscience.com/wos/woscc/full-record/WOS:001381240200001,off-topic-false-hit,"- The objective of this work was to estimate the genetic parameters and correlations of characteristics related to production and color in kale and to select the best genotypes based on REML/BLUP estimates. The experiment was carried out in a completely randomized block design, with three replicates. The treatments consisted of 34 experimental kale clones. The parameters evaluated were: total leaf yield (TLY), number of commercial leaves (NCL), average leaf mass (ALM), number of shoots (NS), chlorophyll content (CC), and colorimetric patterns of luminosity (L), chroma (C), and hue (h) of the leaves. Genetic parameters, genotypic and phenotypic correlations, and genetic values were estimated. The kale genotypes UFLA 06, UFLA 14, UFLA 16, UFLA 22, and UFLA 34 have good productive characteristics and intense green color, with high heritability. The characteristics TLY, NCL, ALM, NS, CC, and colorimetric patterns of L and C present high heritability in kale. TLY shows a positive correlation with the NCL and the ALM in kale. The genotypes UFLA 02, UFLA 04, UFLA 13, UFLA 25, UFLA 31, and UFLA 32 stand out for their productive characteristics, but not in high levels of antioxidants. The NCL presents positive correlation with the NS, which does not benefit seed production.",wos,llm,0.990,unreviewed,
discarded,"Molecular cloning, characterization, and expression analysis of two GABAA receptor-associated proteins (GABARAP and GABARAPL2) from cephalopod Sepiella japonica",Yu S.F.,2026,Molecular Biology Reports,10.1007/s11033-026-11467-w,https://www.scopus.com/inward/record.uri?partnerID=HzOxMe3b&scp=105028098450&origin=inward,off-topic-false-hit,"Background GABAA receptor-associated proteins (GABARAPs) are evolutionarily conserved ubiquitin-like modulators known for their roles in gamma-aminobutyric acid (GABA) receptor trafficking and autophagy. Methods and results In this research, two GABARAPs' full-length cDNA sequences from the common Chinese cuttlefish Sepiella japonica (GABAA receptor-associated protein and GABAA receptor-associated protein like 2, SjGABARAP and SjGABARAPL2) were cloned and analyzed, with accession numbers PQ423738 and PQ423739, respectively. Both genes encode 117-amino-acid proteins, each containing a conserved ubiquitin-like domain typical of the autophagy-related protein 8 (ATG8) family. Sequence alignments and phylogenetic analysis confirmed that both proteins are highly conserved across invertebrates and vertebrates, with significant homology to GABARAP and GABARAPL2 from other species. Subcellular localization studies demonstrated that SjGABARAP and SjGABARAPL2 are primarily localized in the cytoplasm, and part of SjGABARAPL2 is also found in the nucleus. In situ hybridization revealed that both SjGABARAP and SjGABARAPL2 significant signals were notably observed in brain, optic lobe, and white body, with additional signals in pancreas of SjGABARAPL2. Furthermore, quantitative real-time PCR (qRT-PCR) analysis showed temporal and tissue-specific expression patterns, with high levels of SjGABARAPL2 in the pancreas, liver, gill, intestine, brain, and optic lobes. Conclusions These findings are expected to lay a basis for the next exploration of cell signaling and immune regulation of GABARAPs in S. japonica.",scopus,llm,0.990,unreviewed,
discarded,Dynamic landscape of microRNA expression in the feline small intestine during Toxoplasma gondii infection,Zhai B.,2026,Parasites and Vectors,10.1186/s13071-026-07356-7,https://www.scopus.com/inward/record.uri?partnerID=HzOxMe3b&scp=105039571478&origin=inward,off-topic-false-hit,"Toxoplasma gondii, an obligate intracellular parasite with felids as its definitive hosts, undergoes sexual reproduction and oocyst shedding in the feline small intestine, a critical stage for its transmission. Small non-coding RNAs, particularly microRNAs (miRNAs), are crucial post-transcriptional regulators in host–pathogen interactions, but their role in the definitive host’s intestine during T. gondii infection remains unexplored. Fifteen cats were divided into control, primary infection (6, 10, 14 days post-infection, DPI), and secondary infection (SI) groups. Infection was confirmed via B1 gene polymerase chain reaction (PCR). Small RNA sequencing was performed on the ileal epithelium. Bioinformatics analyses identified known and novel miRNAs, differential expression, target genes, and enriched pathways. Key miRNA–messenger RNA (mRNA) interactions were validated by dual-luciferase assay, and sequencing results were confirmed by quantitative PCR (qPCR). Successful infection was molecularly confirmed. Sequencing identified 2666 miRNAs (2575 known, 91 novel). A dynamic pattern of differentially expressed (DE) miRNAs was observed, with peaks at 6 DPI (126), 10 DPI (122), 14DPI (36) and SI DPI (237), coinciding with active oocyst shedding. Key miRNAs like hsa-miR-199b-5p and ssc-miR-199b-5p were persistently downregulated. Target prediction and network analysis revealed complex interactions, including miR-199b-5p targeting CYTH1 and COQ7. Functional enrichment highlighted significant involvement of target genes in the Rap1 and AMPK signaling pathways, as well as processes related to development and cellular organization. The novel_538–CNN2 interaction was experimentally validated. This study provides the first comprehensive profile of miRNA expression in the feline small intestine during T. gondii infection. The temporal dynamics and specific dysregulation of miRNAs, coupled with enrichment in key pathways controlling cell adhesion and metabolism, suggest that T. gondii could orchestrate a sophisticated post-transcriptional program in its definitive host to potentially modify the intestinal environment for successful oocyst production and shedding. These findings lay the groundwork for future functional studies regarding the interplay between T. gondii and its definitive hosts.",scopus,llm,0.990,unreviewed,
discarded,Glutathione S-transferase gene family analysis and enzymatic properties of three selenium-responsive members from selenium hyperaccumulator Cardamine hupingshanensis,Xie J.,2026,Plant Science,10.1016/j.plantsci.2026.113336,https://www.scopus.com/inward/record.uri?partnerID=HzOxMe3b&scp=105045495065&origin=inward,off-topic-false-hit,"Selenium is an essential trace element for plant growth and development; however, excessive selenium stress induces the accumulation of reactive oxygen species, leading to oxidative damage and inhibition of normal plant growth. Cardamine hupingshanensis is a selenium‑hyperaccumulating plant species endemic to China, exhibiting strong tolerance and high capacity for accumulation in high‑selenium environments. Glutathione S‑transferases (GSTs) are important enzymes involved in diverse metabolic processes and stress responses, yet systematic identification and functional characterization of the GST gene family in this species remain incomplete. In this study, a genome‑wide identification of the GST gene family in C. hupingshanensis was performed using bioinformatics approaches, and the phylogenetic relationships, gene structures, conserved motifs, physicochemical properties, and subcellular localizations were systematically analyzed. A total of 61 ChGST genes were identified and classified into eight subfamilies, with the Tau and Phi subfamilies being the most abundant. Three representative Tau subfamily genes (ChGSTU4-3, ChGSTU16-1, and ChGSTU24), which exhibit divergent tissue‑specific and selenium‑responsive expression patterns and belong to separate phylogenetic clades, were selected for subsequent functional characterization. Prokaryotic recombinant expression vectors were constructed via gene cloning, and the recombinant proteins were expressed in Escherichia coli and purified. The temperature and pH adaptability, metal ion responses, and enzymatic kinetic parameters of the fusion proteins were determined, and their antioxidant activities were evaluated using the disk diffusion method. In vitro enzymatic assays showed that all three fusion proteins exhibited high catalytic activity in the range of 30-50 °C and pH 7.0-8.0. Different metal ions exerted distinct regulatory effects on ChGST enzyme activity: Na+, K+, and Ca2+ had negligible effects, whereas the other tested ions showed various degrees of inhibition. The disk diffusion assay demonstrated that ChGSTU4-3, ChGSTU16-1, and ChGSTU24 protected bacterial cells from oxidative stress induced by hydrogen peroxide. This study delineates the basic characteristics and in vitro functions of the GST gene family in C. hupingshanensis, providing preliminary experimental evidence that may contribute to understanding the molecular basis of selenium tolerance in this species, as well as a theoretical reference for mining stress‑responsive genes and for the bioremediation of selenium‑contaminated environments.",scopus,llm,0.990,unreviewed,
discarded,"A novel endo-α-(1,3)-L-fucanase of the GH107 family from Winogradskyella eximia reveals source-dependent anticoagulant fucoidan oligosaccharides",Zueva A.O.,2026,International Journal of Biological Macromolecules,10.1016/j.ijbiomac.2026.153819,https://www.scopus.com/inward/record.uri?partnerID=HzOxMe3b&scp=105046516254&origin=inward,off-topic-false-hit,"Fucoidans are sulfated polysaccharides from brown algae whose diverse biological activities depend critically on their structural features. In particular, 2,4-di-sulfation is considered one of the key determinants of anticoagulant effects. Endo-fucanases of glycoside hydrolase family 107 (GH107) are valuable tools for the structural elucidation and controlled depolymerization of fucoidans into bioactive oligosaccharides. However, the specificity of endo-α-(1,3)-L-fucanases toward defined sulfation patterns remains insufficiently characterized. In the present work, three novel GH107 endo-fucanases (Wef1, Wef2, and Wef3) from the fucoidan-degrading gene cluster of Winogradskyella eximia KMM 3944T were identified. Sequence similarity network (SSN) clustering and virtual screening of 2,4-di-sulfated L-fucose (Fuc2,4S)-binding sites predicted preference of Wef3 for α-(1,3)-glycosidic bonds with selectivity toward Fuc2,4S residues. Specificity analysis confirmed that Wef3 preferentially hydrolyzes α-(1,3)-linkages between Fuc2,4S-Fuc2,4S and/or Fuc4S-Fuc4S in α-(1,3)-L-fucoidans, while accommodating C2-branched residues in defined sugar-binding subsites. Wef3 was also found to cleave the 2,3-di-sulfated α-(1,3;1,4)-decasaccharide, indicating catalytic promiscuity toward oligosaccharides with defined sulfation patterns. Recombinant Wef3 was used to depolymerize α-(1,3)-L-fucoidans from Saccharina cichorioides (ScF) and Saccharina bongardiana (SbF). The resulting reaction products were fractionated and evaluated for their anticoagulant and platelet-modulating effects in vitro. The oligosaccharide fraction LMP-SbF, compared with LMP-ScF, showed pronounced anticoagulant effects, primarily consistent with its higher Fuc2,4S content. Platelet activation similarly correlated with the 2,4-di-sulfation pattern and higher molecular weight. Native ScF and SbF significantly reduced ADP- and ristocetin-induced platelet aggregation. The obtained data expand the repertoire of structurally-specific fucanases for fucoidan structure analysis and bioactive oligosaccharide production, highlighting the importance of the fucoidan source.",scopus,llm,0.990,unreviewed,
discarded,Arming oncolytic Coxsackievirus B3 with Neoleukin-2/15 enhances growth inhibition of colorectal carcinomas and induces T cell activation,Elsner L.,2026,Molecular Therapy Oncology,10.1016/j.omton.2026.201292,https://www.scopus.com/inward/record.uri?partnerID=HzOxMe3b&scp=105045663186&origin=inward,off-topic-false-hit,"Oncolytic viruses (OVs) represent an emerging class of cancer immunotherapeutics. Arming OVs with immunomodulatory transgenes is a promising strategy to reshape the tumor microenvironment (TME) and enhance therapeutic efficacy. We developed the oncolytic Coxsackievirus B3 (CVB3) strain PD-H, which has previously shown antitumor activity in colorectal and pancreatic cancer models. Here, we evaluated the capacity of PD-H to express transgenes and investigated whether its antitumor efficacy in colorectal cancer can be enhanced by insertion of the interleukin-2 (IL-2) mimetic Neoleukin-2/15 (Neo-2/15). Transgene insertion was best tolerated at the VP1-2A junction of the PD-H polyprotein, with viral replication and cytotoxicity inversely correlating with insert size. Genetic stability depended on the host cell line, transgene sequence and transgene length, with inserts up to 350 bp remaining stable for at least 10 viral passages. PD-H-derived Neo-2/15 was biologically active and induced proliferation of human CD4+ and CD8+ T cells in vitro. In vivo, intratumoral administration of PD-Neo-2/15 reduced the growth of subcutaneous Colon-26 tumors more effectively than PD-H and was associated with modulation of the TME, including an increased proportion of CD8+ T cells. Taken together, we demonstrate that arming PD-H with Neo-2/15 is a promising strategy to further enhance its anticancer efficacy.",scopus,llm,0.990,unreviewed,
discarded,Decoding of amidated aromatic C-terminus and sulfation by cholecystokinin receptors reveals conserved and divergent evolutionary mechanisms,Chang J.H.,2026,Journal of Biological Chemistry,10.1016/j.jbc.2026.113327,https://www.scopus.com/inward/record.uri?partnerID=HzOxMe3b&scp=105046559444&origin=inward,off-topic-false-hit,"Understanding how evolutionarily-related receptors preserve recognition principles for conserved peptide post-translational modifications (PTMs) while acquiring new selectivity remains central to neuropeptide-G protein-coupled receptor (GPCR) biology. The Aplysia cholecystokinin (CCK) system provides an informative model, as its peptides combine two representative PTM-related features: an amidated aromatic C-terminus (RFamide/DFamide), and a dual-tyrosine sulfation pattern exceeding the single-site architecture typical of vertebrates. Notably, its two receptor subtypes, apCCKR1 and apCCKR2, exhibit distinct sensitivities to ligands carrying different numbers of sulfated tyrosines, yet the molecular basis remains unclear. Here, we first used multiple docking approaches and found that CCK ligands could insert into receptor binding pockets in either N-terminal-in or C-terminal-in orientations. We then applied pose-specific mutagenesis to resolve this ambiguity and established a common C-terminal-in binding mode for apCCK peptides, similar to mammalian CCK/gastrin binding modes observed by cryo-EM. Within this framework, recognition of the C-terminal aromatic motif is hierarchically organized through three receptor positions, comprising a conserved anchor, a CCK-biased layer and a flexible tuning site. Moreover, we uncovered a mechanism for sulfation-number-dependent subtype selectivity: apCCKR1 accommodates an additional sulfate with minimal structural rearrangement, whereas apCCKR2 loses a favorable electrostatic network, disfavoring the disulfated ligand. Comparative analyses across representative lineages identified a conserved sulfate-recognition module alongside a lineage-restricted modifier, enabling inferences regarding the ancestral state of sulfation recognition and how it was differentially remodeled across protostomes and deuterostomes. Together, these findings establish a framework for understanding how homologous receptors may decode peptide chemical features through conserved structural logic and adaptive diversification.",scopus,llm,0.990,unreviewed,
discarded,Structure and function of the coleoptericin gene in the ladybird beetle Serangium japonicum during seasonal development,Hu Y.,2026,Developmental and Comparative Immunology,10.1016/j.dci.2026.105675,https://www.scopus.com/inward/record.uri?partnerID=HzOxMe3b&scp=105044057380&origin=inward,off-topic-false-hit,"[OBJECTIVE]: This study was conducted to explain the relationship between structure and function of coleoptericin in Serangium japonicum, and importance of the differential expression patterns of it between in winter and summer, and to provide a theoretical foundation for the rational application of S. japonicum as a natural enemy in pest control. [METHOD]: The full length cDNA was obtained using rapid amplification of cDNA ends (RACE) technology. Bioinformatics software was employed to predict the structure and physicochemical properties of the coleoptericin protein based on its cDNA sequence. The prokaryotic expression protein were tested activity of anti against three experimental strains of microorganisms through using the pore diffusion method. Additionally, metagenome was sequenced and analyzed to find the proteins' effect on microorganism in S.japonicum. [RESULT]: The full-length cDNA sequence of coleoptericin was found to be 606 base pairs (bp) in length. Its open reading frame (ORF) spanned from nucleotide 48 to 495, totaling 447 bp, and encoded a polypeptide of 149 amino acids. Homology analysis revealed that the deduced amino acid sequence shared the highest similarity (55.1%) with the antimicrobial peptide from Tribolium castaneum. The protein had molecular weight of 17.03 kD and theoretical i-soelectric point of 9.19. Hydrophilicity analysis indicated a grand average of hydropathicity (GRAVY) score of -0.85, suggesting a hydrophilic nature. Furthermore, the protein was predicted to contain one transmembrane domain and a signal peptide. Agar well diffusion assays demonstrated that the prokaryotically expressed coleoptericin exhibited antimicrobial activity against Escherichia coli. Results from Metagenome showed that the abundance of Penicillium was significantly lower in winter compared to summer. [CONCLUSION]: The coleoptericin protein from S.japonicum had a sequence of over 100 amino acid residues and an α-helical secondary structure. For S. japonicum, our results supported that coleoptericin protein could protect the beetle from pathogenic bacteria in winter. Some results from relative reports suggested that coleoptericin protein also could be an antifreeze energy source except for immune function.",scopus,llm,0.990,unreviewed,
discarded,Programmed synthesis of mesoporous protein crystals in cellular reactors,Yang H.,2026,Nature Nanotechnology,10.1038/s41565-026-02198-x,https://www.scopus.com/inward/record.uri?partnerID=HzOxMe3b&scp=105041814337&origin=inward,off-topic-false-hit,"Protein crystals are naturally derived mesoporous materials with versatile structures and physicochemical properties. Here we introduce an intracellular synthesis platform that enables controllable and programmable protein crystallization. In live cells, we show that, after initial nucleation, steady protein expression governs crystal growth, yielding predictable, tunable dynamics in live cells. Exploiting this feature, we combined HaloTag and click chemistries to achieve modular, programmable immobilization of diverse guest materials with spatial patterning down to similar to 100 nm resolution. We further demonstrated the sequential release of immobilized materials in physiologically relevant fluids. As a proof of concept, we programmed particles to carry human fibroblast growth factors in distinct layers, which elicited designed oscillatory Akt signalling patterns in cell culture. This work outlines a programmable method for producing mesoporous materials, with possible applications in catalysis and biomedicine.",scopus,llm,1.000,unreviewed,
