status,title,authors,year,venue,doi,url,tags,abstract,provider,decision_source,llm_confidence,llm_review_outcome,llm_change_direction
discarded,Maintaining software product lines — an industrial practice,Michael Jiang; Jing Zhang; Hong Zhao; Yuanyuan Zhou,2008,2008 IEEE International Conference on Software Maintenance,10.1109/ICSM.2008.4658100,https://ieeexplore.ieee.org/document/4658100/,adjacent-subtopic,"Improved product quality and accelerated software development through systematic reuse of common software assets have been the key attractions behind software product lines. Magnitude of improvement in industrial practices has been reported in the literature. However, experiences with software product line also showed that it is a rather chall enging task to maintain software product lines and families over a long period of time. The time and resources needed to manage and maintain product lines increase and quality degrades as product lines evolve. This paper describes an industrial practice of software product line maintenance and evolution. The conventional software maintenance process is enhanced with data mining techniques to uncover lost reuse pattern and defects, maintain reuse, and reduce design erosion of product lines. Case studies with mobile phone product lines are described.",ieee,llm,0.710,unreviewed,
discarded,Software Repository Analysis for Investigating Design-Code Compliance,Kadriye Ozbas-Caglayan; Ali H. Dogru,2013,2013 Joint Conference of the 23rd International Workshop on Software Measurement and the 8th International Conference on Software Process and Product Measurement,10.1109/IWSM-Mensura.2013.40,https://ieeexplore.ieee.org/document/6693244/,off-topic-false-hit,"Compliance check between code and design is a labor-intensive job to do, since it requires the code to be reverse engineered and checked versus design manually. On the other hand, investigation of the design-code compliance would give some valuable information to software development and maintenance managers. In this study, an approach for employing software repository analysis and text mining techniques to extract and analyze compliance levels of design and code efficiently is presented.",ieee,llm,0.950,unreviewed,
kept,Study and Analysis of Bug Propagation in Evolving Software through Micro-clones,Md. Hasibul Islam; Manishankar Mondal,2024,2024 15th International Conference on Computing Communication and Networking Technologies (ICCCNT),10.1109/ICCCNT61001.2024.10726019,https://ieeexplore.ieee.org/document/10726019/,supports-claim,"Code clones, identical or substantially similar code segments in a code base, have both negative and positive impacts on evolving software. Detecting code clones is important for many reasons, such as bug fixing, change suggestions, refactoring, bug replication analysis, etc. An existing study shows that a significant number of bugs are propagated through code clones. However, Micro-clones (clones of code shorter than 5 lines long) were not considered in this study. Thus, bug propagation through micro-clones is still unexplored. This research paper presents an empirical investigation of the propagation of bugs through micro-clones. In particular, two evolutionary patterns are studied that indicate the propagation of bugs by code cloning. Initially, this paper detects micro-clones that have gone through bugfix modifications by examining the history of software evolution. Subsequently, these ascertain which of these micro-clones have evolved in accordance with the patterns of bug propagation. Based on this analysis of several hundreds of commits from four Java-based open-source systems, it has been found that as many as $\mathbf{6 3 \%}$ of the micro clone segments that have gone through bugfix modifications may contain propagating bugs. Approximately 29.41% of the bugfixes encountered by the micro clones are attributed to fixing propagating bugs. This paper’s finding indicates that identical micro clones predominantly contribute to bug propagation rather than near-miss micro clones. Propagation has a greater likelihood of occurring in the clone segments that are formed during a single commit action instead of in different commits. This discovery’s significance lies in the ability to prioritize micro-clones for refactoring and monitoring in terms of bug propagation.",ieee,llm,0.960,unreviewed,
discarded,Implementing a 3-way approach of clone detection and removal using PC Detector tool,Ginika Mahajan; Meena Bharti,2014,2014 IEEE International Advance Computing Conference (IACC),10.1109/IAdCC.2014.6779537,https://ieeexplore.ieee.org/document/6779537/,adjacent-subtopic,"Software Systems are evolving by adding new functions and modifying existing functions over time. Through the evolution process, copy paste programming and other processes leads to duplication of data resulting in model clones or code clones. Since clones are believed to reduce the maintainability of software, several code clone detection techniques and tools have been proposed. This paper proposes a new clone detection technique to outwit the hindrance of clones by applying a 3-way approach of detecting and removing the clones. The 3-way approach for cloning integrates the three aspects of software engineering: Model Based Visual Analysis, Pattern Based Semantic Analysis and Syntactical Code Analysis. The process is automated by developing a tool that requires no parsing yet is able to detect a significant amount of code duplication.",ieee,llm,0.930,unreviewed,
discarded,Identifying Instances of Model Design Patterns and Antipatterns Using Model Clone Detection,Matthew Stephan; James R. Cordy,2015,2015 IEEE/ACM 7th International Workshop on Modeling in Software Engineering,10.1109/MiSE.2015.16,https://ieeexplore.ieee.org/document/7167402/,adjacent-subtopic,"A hurdle in the growth of model driven software engineering is our ability to evaluate the quality of models automatically. One perspective is that software quality is a function of the existence, or lack thereof, of good and bad properties, also known as patterns and antipatterns, respectively. In this paper, we introduce the notion of using model clone detection to detect model pattern and antipattern instances by looking for models that are cross clones of pattern models. By detecting patterns at the model level, analysis is accomplished earlier in the engineering process, can be applied to primarily model-based projects, and remains at the same level of abstraction that engineers are used to. We outline the process of using model clone detection for this purpose, including representing the patterns and detection of instances. We present some Simulink examples of pattern representations and discuss future work and research in the area.",ieee,llm,0.970,unreviewed,
kept,Code Cloning in Smart Contracts on the Ethereum Platform: An Extended Replication Study,Faizan Khan; Istvan David; Daniel Varro; Shane McIntosh,2023,IEEE Transactions on Software Engineering,10.1109/TSE.2022.3207428,https://ieeexplore.ieee.org/document/9894714/,qualifies-claim,"Smart contracts are programs deployed on blockchains that run upon meeting predetermined conditions. Once deployed, smart contracts are immutable, thus, defects in the deployed code cannot be fixed. As a consequence, software engineering anti-patterns, such as code cloning, pose a threat to code quality and security if unnoticed before deployment. In this paper, we report on the cloning practices of the Ethereum blockchain platform by analyzing 33,073 smart contracts amounting to over 4MLOC. Prior work reported an unusually high 79.2% of code clones in Ethereum smart contracts. We replicate this study at the conceptual level, i.e., we answer the same research questions by employing different methods. In particular, we analyze clones at the granularity of functions instead of code files, thereby providing a more fine-grained estimate of the clone ratio. Furthermore, we analyze more complex clone types, allowing for a richer analysis of cloning cases. To achieve this finer granularity of cloning analysis, we rely on the NiCad clone detection tool and extend it with support for Solidity, the programming language of the Ethereum platform. Our analysis shows that most findings of the original study hold at the finer granularity of our study as well; but also sheds light on some differences, and contributes new findings. Most notably, we report a 30.13% overall clone ratio, out of which 27.03% are exact duplicates. Our findings motivate improving the reuse mechanisms of Solidity, and in a broader context, of programming languages used for the development of smart contracts. Tool builders and language engineers can use this paper in the design and development of such reuse mechanisms. Business stakeholders can use this paper to better assess the security risks and technical outlooks of blockchain platforms.",ieee,llm,0.770,unreviewed,
kept,Software code cloning detection and future scope development- Latest short review,Ritesh V. Patil; Lalit V. Patil; Sachin V. Shinde; S. D. Joshi,2014,International Conference on Recent Advances and Innovations in Engineering (ICRAIE-2014),10.1109/ICRAIE.2014.6909115,https://ieeexplore.ieee.org/document/6909115/,supports-claim,"Recognition regarding code clones equivalent or similar source code fragments is of concern both to researchers along with to practitioners. An evaluation of the clone detection results for a single source code version gives a developer with details about a discrete state in the development of the software system. Nevertheless, tracing clones throughout several source code versions enables a clone analysis to take into consideration a temporal dimension. This kind of an analysis of clone evolution may be utilized to find out the patterns as well as characteristics displayed by clones as they evolve within a system. Developers may utilize the outcomes of this analysis to recognize the clones more thoroughly, which may guide them to handle the clones more consequentially. Hence, studies of clone evolution provide a important role in perceiving as well as handling concerns of cloning in software. This paper gives a systematic overview of the literature on clone evolution. Specifically, we give a complete analysis of 20 appropriate papers that we found as per our review protocol. The review outcomes are arranged to deal with three research questions. As a result of our outcomes to these questions, we provide the approaches that researchers have utilized to analyze clone evolution, the patterns that researchers have detected evolving clones to exhibit, as well as the data that researchers have established concerning the extent of conflicting adjustment gone through clones throughout software evolution. Overall, the review outcomes show that while researchers have carried out many bench marked studies of clone evolution, there are conflicts among the noted findings, specifically concerning the lifetimes of clone lineages as well as the persistence with which clones are modified throughout software evolution. We recognize human-based benchmarked studies along with classification of clone evolution patterns as two areas in specifically require of further work.",ieee,llm,0.820,unreviewed,
kept,Investigating Context Adaptation Bugs in Code Clones,Manishankar Mondal; Banani Roy; Chanchal K. Roy; Kevin A. Schneider,2019,2019 IEEE International Conference on Software Maintenance and Evolution (ICSME),10.1109/ICSME.2019.00026,https://ieeexplore.ieee.org/document/8919065/,supports-claim,"The identical or nearly similar code fragments in a code-base are called code clones. There is a common belief that code cloning (copy/pasting code fragments) can introduce bugs in a software system if the copied code fragments are not properly adapted to their contexts (i.e., surrounding code). However, none of the existing studies have investigated whether such bugs are really present in code clones. We denote these bugs as Context Adaptation Bugs, or simply Context-Bugs, in our paper and investigate the extent to which they can be present in code clones. We define and automatically analyze two clone evolutionary patterns that indicate fixing of Context-Bugs. According to our analysis on thousands of revisions of six open-source subject systems written in Java, C, and C#, code cloning often introduces Context-Bugs in software systems. Around 50% of the clone related bug-fixes can occur for fixing Context-Bugs. Cloning (copy/pasting) a newly created code fragment (i.e., a code fragment that was not added in a former revision) is more likely to introduce Context-Bugs compared to cloning a preexisting fragment (i.e., a code fragment that was added in a former revision). Moreover, cloning across different files appears to have a significantly higher tendency of introducing Context-Bugs compared to cloning within the same file. Finally, Type 3 clones (gapped clones) have the highest tendency of containing Context-Bugs among the three major clone-types. Our findings can be important for early detection as well as removal of Context-Bugs in code clones.",ieee,llm,0.990,unreviewed,
discarded,A Project on Software Defect Prevention at Commit-Time: A Success Story of University-Industry Research Collaboration,Wahab Hamou-Lhadj; Mathieu Nayrolles,2018,2018 IEEE/ACM 5th International Workshop on Software Engineering Research and Industrial Practice (SER&IP),,https://ieeexplore.ieee.org/document/8452768/,adjacent-subtopic,"In this talk, we describe a research collaboration project between Concordia University and Ubisoft. The project consists of investigating techniques for defect prevention at commit-time for increased software quality. The outcome of this project is a tool called CLEVER (Combining Levels of Bug Prevention and Resolution techniques) that uses machine learning to automatically detect coding defects as programmers write code. The main novelty of CLEVER is that it relies on code matching techniques to detect coding mistakes based on a database of historical code defects found in multiple related projects. The tool also proposes fixes based on known patterns.",ieee,llm,0.850,unreviewed,
discarded,On Identifying Patterns in Code Repositories to Assist the Generation of Hardware Templates,Adriano Sanches; Joao M.P. Cardoso,2010,2010 International Conference on Field Programmable Logic and Applications,10.1109/FPL.2010.62,https://ieeexplore.ieee.org/document/5694261/,adjacent-subtopic,"The identification of patterns on large repositories of code can be of paramount importance to guide the design of new hardware accelerators, to acquire the suitability of a certain hardware accelerator, and to generate application-specific architectures that maximize hardware reuse. This work intends to research and develop methods to both acquire the presence of a given pattern (map-suitability) and to identify common and highly similar patterns in code repositories (design-suggestions). The approach being proposed is based on a number of identification layers that refine the selections at each stage. We analyze two possible complementary options for a high-level layer. A first option is based on the representation of programs as a sequence of symbols and string matching and clustering algorithms are then used to expose similar patterns. A second option is based on tree matching techniques for identifying the presence of user's input patterns in the programs under inspection. We are evaluating our approach using the MiBench, MediaBench, UTDSP, and SNU code repositories. The results show the potential of our approach to identify approximate patterns that can be implemented by merging highly similar structures.",ieee,llm,0.840,unreviewed,
discarded,Helping Mobile Software Code Reviewers: A Study of Bug Repair and Refactoring Patterns,Zhiyuan Chen,2016,2016 IEEE/ACM International Conference on Mobile Software Engineering and Systems (MOBILESoft),10.1145/2897073.2897130,https://ieeexplore.ieee.org/document/7832964/,adjacent-subtopic,"Mobile Developers commonly spend a significant amount of time and effort on conducting code reviews on newly introduced and domain-specific practices, such as platform-specific feature addition, quality of service anti-pattern refactorings, and battery-related bug fixes. To address these problems, we conducted a large empirical study over the software change history of 318 open source projects and investigated platform-dependent code changes from open source projects. Our analysis focuses on what types of changes mobile application developers typically make and how they perceive, recall, and communicate changed and affected code. Our study required the development of an automated strategy to examine open source repositories and categorize platform-related refactoring edits, bug repairs, and API updates, mining 1,961,990 commit changes. Our findings call for the need to develop a new recommendation system aimed at efficiently identifying required changes such as bug fixes and refactorings during mobile application code reviews.",ieee,llm,0.790,unreviewed,
discarded,Replacing Object-Oriented Design Patterns with Intrinsic Aspect-Oriented Design Patterns,Pavol Baca; Valentino Vranic,2011,2011 Second Eastern European Regional Conference on the Engineering of Computer Based Systems,10.1109/ECBS-EERC.2011.13,https://ieeexplore.ieee.org/document/6037510/,adjacent-subtopic,"This paper shows how intrinsic aspect-oriented design patterns can be used to implement object-oriented design patterns in order to achieve better compos ability compared to both original implementations of object-oriented design patterns and their aspect-oriented reimplementations. Director, an aspect-oriented pattern known for its ability to replace a number of object-oriented patterns, owes its success to its obliviousness to the problems addressed by the patterns it can be used instead of. The paper proposes how two other intrinsic aspect-oriented patterns can be used as an alternative to object-oriented patterns: Worker Object Creation can be successfully used instead of Proxy, while Cuckoo's Egg can replace Singleton, Abstract Factory, and Flyweight. To check that these replacements are valid beyond their isolated application, a small study has been conducted in which a composition of Worker Object Creation and Cuckoo's Egg in place of the composition of the original object-oriented patterns Proxy, Singleton, Abstract Factory, and Flyweight has been used. To assess the implementation of intrinsic aspect-oriented patterns compared to object-oriented patterns they replace and their aspect-oriented reimplementations, software metrics relevant both to object-oriented and aspect-oriented code mainly with respect to separation of concerns have been applied.",ieee,llm,0.970,unreviewed,
discarded,Mining Coding Patterns to Detect Crosscutting Concerns in Java Programs,Takashi Ishio; Hironori Date; Tatsuya Miyake; Katsuro Inoue,2008,2008 15th Working Conference on Reverse Engineering,10.1109/WCRE.2008.28,https://ieeexplore.ieee.org/document/4656401/,adjacent-subtopic,"A coding pattern is a frequent sequence of method calls and control statements to implement a particular behavior. Coding patterns include copy-and-pasted code, crosscutting concerns and implementation idioms. Duplicated code fragments and crosscutting concerns that spread across modules are problematic in software maintenance. In this paper, we propose a sequential pattern mining approach to capture coding patterns in Java programs. We have defined a set of rules to translate Java source code into a sequence database for pattern mining, and applied PrefixSpan algorithm to the sequence database. As a case study, we have applied our tool to six open-source programs and manually investigated the resultant patterns. We report coding patterns that are candidates of aspects and several logging patterns that are well-known crosscutting concerns but hard to modularize.",ieee,llm,0.940,unreviewed,
kept,Predicting Consistent Clone Change,Fanlong Zhang; Siau-Cheng Khoo; Xiaohong Su,2016,2016 IEEE 27th International Symposium on Software Reliability Engineering (ISSRE),10.1109/ISSRE.2016.11,https://ieeexplore.ieee.org/document/7774534/,supports-claim,"Code clones, being an inevitable by-product of rapid software development, can impact software quality. The introduction of code clone groups and clone genealogies enable software developers to be aware of the presence of and changes to clones as a collective group, they also allow developers to understand how clone groups evolve throughout software life cycle. Due to similarity in codes within a clone group, a change in one piece of the code may require developers to make changes to other clones in the group. Failure in making consistent change to a clone group when necessary is commonly known as ""clone consistency-defect"", which can adversely impact software reliability. We propose an approach to predict clone consistency-requirement at the time when changes have been made to a clone group. Our predictor is a Bayesian network implemented in WEKA. We build a variant of clone genealogies to collect all consistent/inconsistent changes to clone groups, and extract three sets of attributes from clone groups as input for predicting consistent clone change. These three sets are: code attributes, context attributes and evolution attributes. We conduct experiments on three open source projects. These experiments show that our approach has high precision and recall in predicting clone consistency-requirement. This holistic approach can aid developers in maintaining code clone changes, and avoid potential clone consistency-defect, which can improve the software quality and reliability.",ieee,llm,0.970,unreviewed,
