status,title,authors,year,venue,doi,url,tags,abstract,provider,decision_source,llm_confidence,llm_review_outcome,llm_change_direction
discarded,The zebrafish reference genome sequence and its relationship to the human genome,Kerstin Howe; Matthew D. Clark; Carlos Torroja; James Torrance; Camille Berthelot; Matthieu Muffato; John Collins; Sean Humphray; Karen McLaren; Lucy Matthews; Stuart McLaren; Ian Sealy; Mario Cáccamo; Carol Churcher; Carol Scott; Jeffrey C. Barrett; Romke Koch; Gerd-Jörg Rauch; Simon White; William Chow; Britt Kilian; Leonor Quintais; José Afonso Guerra‐Assunção; Yi Zhou; Yong Gu; Jennifer Yen; Jan-Hinnerk Vogel; T. A. Eyre; Seth Redmond; Ruby Banerjee; Jianxiang Chi; Beiyuan Fu; Elizabeth Langley; Sean Maguire; Gavin K. Laird; David Lloyd; Emma Kenyon; Sarah Donaldson; Harminder Sehra; J. P. Almeida; Jane Loveland; Stephen J. Trevanion; Matt Jones; Mike Quail; Dave Willey; Adrienne Hunt; John H. Burton; Sarah Sims; Kirsten McLay; Bob Plumb; Joy Davis; Chris M. Clee; Karen Oliver; Richard Clark; Clare Riddle; David Elliott; Glen Threadgold; Glenn Harden; Darren Ware; Sharmin Begum; Beverley Mortimore; Giselle Kerry; P. D. Heath; Benjamin Phillimore; Alan Tracey; N. Corby; Matthew Dunn; Christopher M. Johnson; Jonathan Wood; Susan Clark; Sarah Pelan; Guy Griffiths; Michelle Smith; Rebecca Glithero; Philip Howden; Nicholas Barker; Christine Lloyd; Christopher Stevens; Joanna Harley; Karen Holt; Georgios Panagiotidis; J. Lovell; Helen Beasley; Carl Henderson; Daria Gordon; Katherine A. Auger; Deborah Wright; Joanna Collins; Claire Raisen; Lauren Dyer; Kenric Leung; Lauren Robertson; Kirsty Ambridge; Daniel Leongamornlert; Sarah McGuire; Ruth Gilderthorp; Chris Griffiths; Deepa Manthravadi; Sarah Nichol; Gary Barker,2013,Nature,10.1038/nature12111,https://openalex.org/W1981239255,off-topic-false-hit,"A high-quality sequence assembly of the zebrafish genome reveals the largest gene set of any vertebrate and provides information on key genomic features, and comparison to the human reference genome shows that approximately 70% of human protein-coding genes have at least one clear zebrafish orthologue. The genome of the zebrafish — a key model organism for the study of development and human disease — has now been sequenced and published as a well-annotated reference genome. Zebrafish turns out to have the largest gene set of any vertebrate so far sequenced, and few pseudogenes. Importantly for disease studies, comparison between human and zebrafish sequences reveals that 70% of human genes have at least one obvious zebrafish orthologue. A second paper reports on an ongoing effort to identify and phenotype disruptive mutations in every zebrafish protein-coding gene. Using the reference genome sequence along with high-throughput sequencing and efficient chemical mutagenesis, the project's initial results — covering 38% of all known protein-coding genes — they describe phenotypic consequences of more than 1,000 alleles. The long-term goal is the creation of a knockout allele in every protein-coding gene in the zebrafish genome. All mutant alleles and data are freely available at go.nature.com/en6mos . Zebrafish have become a popular organism for the study of vertebrate gene function1,2. The virtually transparent embryos of this species, and the ability to accelerate genetic studies by gene knockdown or overexpression, have led to the widespread use of zebrafish in the detailed investigation of vertebrate gene function and increasingly, the study of human genetic disease3,4,5. However, for effective modelling of human genetic disease it is important to understand the extent to which zebrafish genes and gene structures are related to orthologous human genes. To examine this, we generated a high-quality sequence assembly of the zebrafish genome, made up of an overlapping set of completely sequenced large-insert clones that were ordered and oriented using a high-resolution high-density meiotic map. Detailed automatic and manual annotation provides evidence of more than 26,000 protein-coding genes6, the largest gene set of any vertebrate so far sequenced. Comparison to the human reference genome shows that approximately 70% of human genes have at least one obvious zebrafish orthologue. In addition, the high quality of this genome assembly provides a clearer understanding of key genomic features such as a unique repeat content, a scarcity of pseudogenes, an enrichment of zebrafish-specific genes on chromosome 4 and chromosomal regions that influence sex determination.","dblp, openalex, wos, scopus, ieee",llm,1.000,unreviewed,
discarded,BRAF gene duplication constitutes a mechanism of MAPK pathway activation in low-grade astrocytomas,Stefan M. Pfister; Wibke G. Janzarik; Marc Remke; Aurélie Ernst; Wiebke Werft; Natália Becker; Grischa Toedt; Andrea Wittmann; Christian P. Kratz; Heike Olbrich; Rezvan Ahmadi; Barbara Thieme; Stefan Joos; Bernhard Radlwimmer; Andreas E. Kulozik; Torsten Pietsch; Christel Herold‐Mende; Astrid Gnekow; Guido Reifenberger; Andrey Korshunov; Wolfram Scheurlen; Heymut Omran; Peter Lichter,2008,Journal of Clinical Investigation,10.1172/jci33656,https://openalex.org/W2126595521,off-topic-false-hit,"The molecular pathogenesis of pediatric astrocytomas is still poorly understood. To further understand the genetic abnormalities associated with these tumors, we performed a genome-wide analysis of DNA copy number aberrations in pediatric low-grade astrocytomas by using array-based comparative genomic hybridization. Duplication of the BRAF protooncogene was the most frequent genomic aberration, and tumors with BRAF duplication showed significantly increased mRNA levels of BRAF and a downstream target, CCND1, as compared with tumors without duplication. Furthermore, denaturing HPLC showed that activating BRAF mutations were detected in some of the tumors without BRAF duplication. Similarly, a marked proportion of low-grade astrocytomas from adult patients also had BRAF duplication. Both the stable silencing of BRAF through shRNA lentiviral transduction and pharmacological inhibition of MEK1/2, the immediate downstream phosphorylation target of BRAF, blocked the proliferation and arrested the growth of cultured tumor cells derived from low-grade gliomas. Our findings implicate aberrant activation of the MAPK pathway due to gene duplication or mutation of BRAF as a molecular mechanism of pathogenesis in low-grade astrocytomas and suggest inhibition of the MAPK pathway as a potential treatment.","dblp, openalex, wos, scopus, ieee",llm,1.000,unreviewed,
discarded,Establishment of H3K9-methylated heterochromatin and its functions in tissue differentiation and maintenance,Jan Padeken; Stephen P. Methot; Susan M. Gasser,2022,Nature Reviews Molecular Cell Biology,10.1038/s41580-022-00483-w,https://openalex.org/W4280577955,off-topic-false-hit,"Heterochromatin is characterized by dimethylated or trimethylated histone H3 Lys9 (H3K9me2 or H3K9me3, respectively) and is found at transposable elements, satellite repeats and genes, where it ensures their transcriptional silencing. The histone methyltransferases (HMTs) that methylate H3K9 — in mammals Suppressor of variegation 3–9 homologue 1 (SUV39H1), SUV39H2, SET domain bifurcated 1 (SETDB1), SETDB2, G9A and G9A-like protein (GLP) — and the ‘readers’ of H3K9me2 or H3K9me3 are highly conserved and show considerable redundancy. Despite their redundancy, genetic ablation or mistargeting of an individual H3K9 methyltransferase can correlate with impaired cell differentiation, loss of tissue identity, premature aging and/or cancer. In this Review, we discuss recent advances in understanding the roles of the known H3K9-specific HMTs in ensuring transcriptional homeostasis during tissue differentiation in mammals. We examine the effects of H3K9-methylation-dependent gene repression in haematopoiesis, muscle differentiation and neurogenesis in mammals, and compare them with mechanistic insights obtained from the study of model organisms, notably Caenorhabditis elegans and Drosophila melanogaster. In all these organisms, H3K9-specific HMTs have both unique and redundant roles that ensure the maintenance of tissue integrity by restricting the binding of transcription factors to lineage-specific promoters and enhancer elements. Histone H3 Lys9 (H3K9)-methylated heterochromatin ensures transcriptional silencing of repetitive elements and genes, and its deregulation leads to impaired cell and tissue identity, premature aging and cancer. Recent studies in mammals clarified the roles H3K9-specific histone methyltransferases in ensuring transcriptional homeostasis during tissue differentiation.","dblp, openalex, wos, scopus, ieee",llm,1.000,unreviewed,
discarded,Landscape of somatic mutations in 560 breast cancer whole-genome sequences,Serena Nik‐Zainal; Helen Davies; Johan Staaf; Manasa Ramakrishna; Dominik Głodzik; Xueqing Zou; Iñigo Martincorena; Ludmil B. Alexandrov; Sancha Martin; David C. Wedge; Peter Van Loo; Young Seok Ju; Marcel Smid; Arie B. Brinkman; Sandro Morganella; Miriam R. R. Aure; Ole Christian Lingjærde; Anita Langerød; Markus Ringnér; Sung‐Min Ahn; Sandrine Boyault; Jane E. Brock; Annegien Broeks; Adam P. Butler; Christine Desmedt; Luc Dirix; Serge Dronov; Aquila Fatima; John A. Foekens; Moritz Gerstung; Gerrit K. Hooijer; Se Jin Jang; David Jones; Hyung-Yong Kim; Tari King; Savitri Krishnamurthy; Hee Jin Lee; Jeong‐Yeon Lee; Yilong Li; Stuart McLaren; Andrew Menzies; Ville Mustonen; Sarah O’Meara; Iris Pauporté; Xavier Pivot; Colin A. Purdie; Keiran Raine; Kamna Ramakrishnan; F. Germán Rodríguez-González; Gilles Romieu; Anieta M. Sieuwerts; Peter T. Simpson; Rebecca Shepherd; Lucy Stebbings; Olafur A. Stefansson; Jon W. Teague; Stefania Tommasi; Isabelle Treilleux; Gert G. Van den Eynden; Peter Vermeulen; Anne Vincent‐Salomon; Lucy Yates; Carlos Caldas; Laura van’t Veer; Andrew Tutt; Stian Knappskog; Benita Kiat Tee Tan; Jos Jonkers; Åke Borg; Naoto T. Ueno; Christos Sotiriou; Alain Viari; P. Andrew Futreal; Peter J. Campbell; Paul N. Span; Steven Van Laere; Sunil R. Lakhani; Jorunn E. Eyfjord; Alastair M. Thompson; Ewan Birney; Hendrik G. Stunnenberg; Marc J. van de Vijver; John W.M. Martens; Anne‐Lise Børresen‐Dale; Andrea L. Richardson; Gu Kong; Gilles Thomas; Michael R. Stratton,2016,Nature,10.1038/nature17676,https://openalex.org/W2344657883,off-topic-false-hit,"We analysed whole-genome sequences of 560 breast cancers to advance understanding of the driver mutations conferring clonal advantage and the mutational processes generating somatic mutations. We found that 93 protein-coding cancer genes carried probable driver mutations. Some non-coding regions exhibited high mutation frequencies, but most have distinctive structural features probably causing elevated mutation rates and do not contain driver mutations. Mutational signature analysis was extended to genome rearrangements and revealed twelve base substitution and six rearrangement signatures. Three rearrangement signatures, characterized by tandem duplications or deletions, appear associated with defective homologous-recombination-based DNA repair: one with deficient BRCA1 function, another with deficient BRCA1 or BRCA2 function, the cause of the third is unknown. This analysis of all classes of somatic mutation across exons, introns and intergenic regions highlights the repertoire of cancer genes and mutational processes operating, and progresses towards a comprehensive account of the somatic genetic basis of breast cancer. Whole-genome sequencing of tumours from 560 breast cancer cases provides a comprehensive genome-wide view of recurrent somatic mutations and mutation frequencies across both protein coding and non-coding regions; several mutational signatures in these cancer genomes are associated with BRCA1 or BRCA2 function and defective homologous-recombination-based DNA repair. This study reports whole-genome sequencing of tumours and normal tissue from 560 breast cancer cases, providing a comprehensive genome-wide view of recurrent somatic mutations and mutation frequencies across both protein coding and non-coding regions. The authors analyse mutational signatures in these cancer genomes, including a new investigation of rearrangement mutational processes, and find several that are associated with BRCA1 or BRCA2 function and defective homologous-recombination-based DNA repair. They also find mutational signatures showing distinct DNA replication strand biases.","dblp, openalex, wos, scopus, ieee",llm,0.990,unreviewed,
discarded,Genetics of human neural tube defects,Nicholas D. E. Greene; Philip Stanier; Andrew J. Copp,2009,Human Molecular Genetics,10.1093/hmg/ddp347,https://openalex.org/W2103953947,off-topic-false-hit,"Neural tube defects (NTDs) are common, severe congenital malformations whose causation involves multiple genes and environmental factors. Although more than 200 genes are known to cause NTDs in mice, there has been rather limited progress in delineating the molecular basis underlying most human NTDs. Numerous genetic studies have been carried out to investigate candidate genes in cohorts of patients, with particular reference to those that participate in folate one-carbon metabolism. Although the homocysteine remethylation gene MTHFR has emerged as a risk factor in some human populations, few other consistent findings have resulted from this approach. Similarly, attention focused on the human homologues of mouse NTD genes has contributed only limited positive findings to date, although an emerging association between genes of the non-canonical Wnt (planar cell polarity) pathway and NTDs provides candidates for future studies. Priorities for the next phase of this research include: (i) larger studies that are sufficiently powered to detect significant associations with relatively minor risk factors; (ii) analysis of multiple candidate genes in groups of well-genotyped individuals to detect possible gene-gene interactions; (iii) use of high throughput genomic technology to evaluate the role of copy number variants and to detect 'private' and regulatory mutations, neither of which have been studied to date; (iv) detailed analysis of patient samples stratified by phenotype to enable, for example, hypothesis-driven testing of candidates genes in groups of NTDs with specific defects of folate metabolism, or in groups of fetuses with well-defined phenotypes such as craniorachischisis.","dblp, openalex, wos, scopus, ieee",llm,0.990,unreviewed,
discarded,Nuclear genetic defects of oxidative phosphorylation,Eric A. Shoubridge,2001,Human Molecular Genetics,10.1093/hmg/10.20.2277,https://openalex.org/W2053671179,off-topic-false-hit,"ATP generated by oxidative phosphorylation is necessary for the normal function of most cells in the body. Partial deficiencies in this system are an important cause of a large and diverse group of multisystem disorders. As both the nuclear and mitochondrial genomes encode structural components of the enzyme complexes of the oxidative phosphorylation system, the disorders can be transmitted either in a Mendelian fashion or maternally, or can occur as sporadic cases. Over the last 12 years more than 100 mutations have been uncovered in mtDNA, mostly associated with disease in the adult population. Recently, much attention has turned to the investigation of the nuclear oxidative phosphorylation gene defects. The majority of these are inherited as autosomal recessive traits, producing severe, and usually fatal disease in infants. Adult-onset Mendelian oxidative phosphorylation diseases, which can be inherited as autosomal recessive or dominant traits, have a milder phenotype, and most are associated with multiple mtDNA deletions. Approximately 20 different nuclear gene defects have now been identified in genes coding for structural components of the complexes, assembly/maintenance factors and factors necessary for the maintenance of mtDNA integrity. Some clear genotype-phenotype associations have emerged, and there is an unexpected link between some structural gene mutations and rare cancers, implicating mitochondria as oxygen sensors in the hypoxia response.","dblp, openalex, wos, scopus, ieee",llm,0.990,unreviewed,
discarded,The Centrosome and Its Duplication Cycle,Jingyan Fu; Iain Hagan; David M. Glover,2015,Cold Spring Harbor Perspectives in Biology,10.1101/cshperspect.a015800,https://openalex.org/W2021468144,off-topic-false-hit,"The centrosome was discovered in the late 19th century when mitosis was first described. Long recognized as a key organelle of the spindle pole, its core component, the centriole, was realized more than 50 or so years later also to comprise the basal body of the cilium. Here, we chart the more recent acquisition of a molecular understanding of centrosome structure and function. The strategies for gaining such knowledge were quickly developed in the yeasts to decipher the structure and function of their distinctive spindle pole bodies. Only within the past decade have studies with model eukaryotes and cultured cells brought a similar degree of sophistication to our understanding of the centrosome duplication cycle and the multiple roles of this organelle and its component parts in cell division and signaling. Now as we begin to understand these functions in the context of development, the way is being opened up for studies of the roles of centrosomes in human disease.","dblp, openalex, wos, scopus, ieee",llm,0.990,unreviewed,
discarded,PRC2 is high maintenance,Jia-Ray Yu; Chul‐Hwan Lee; Ozgur Oksuz; James M. Stafford; Danny Reinberg,2019,Genes & Development,10.1101/gad.325050.119,https://openalex.org/W2945156762,off-topic-false-hit,"As the process that silences gene expression ensues during development, the stage is set for the activity of Polycomb-repressive complex 2 (PRC2) to maintain these repressed gene profiles. PRC2 catalyzes a specific histone posttranslational modification (hPTM) that fosters chromatin compaction. PRC2 also facilitates the inheritance of this hPTM through its self-contained ""write and read"" activities, key to preserving cellular identity during cell division. As these changes in gene expression occur without changes in DNA sequence and are inherited, the process is epigenetic in scope. Mutants of mammalian PRC2 or of its histone substrate contribute to the cancer process and other diseases, and research into these aberrant pathways is yielding viable candidates for therapeutic targeting. The effectiveness of PRC2 hinges on its being recruited to the proper chromatin sites; however, resolving the determinants to this process in the mammalian case was not straightforward and thus piqued the interest of many in the field. Here, we chronicle the latest advances toward exposing mammalian PRC2 and its high maintenance.","dblp, openalex, wos, scopus, ieee",llm,0.980,unreviewed,
discarded,From Corrective to Predictive Maintenance—A Review of Maintenance Approaches for the Power Industry,Marek Molęda; Bożena Małysiak-Mrozek; Weiping Ding; Vaidy Sunderam; Dariusz Mrozek,2023,Sensors,10.3390/s23135970,https://openalex.org/W4382402849,off-topic-false-hit,"Appropriate maintenance of industrial equipment keeps production systems in good health and ensures the stability of production processes. In specific production sectors, such as the electrical power industry, equipment failures are rare but may lead to high costs and substantial economic losses not only for the power plant but for consumers and the larger society. Therefore, the power production industry relies on a variety of approaches to maintenance tasks, ranging from traditional solutions and engineering know-how to smart, AI-based analytics to avoid potential downtimes. This review shows the evolution of maintenance approaches to support maintenance planning, equipment monitoring and supervision. We present older techniques traditionally used in maintenance tasks and those that rely on IT analytics to automate tasks and perform the inference process for failure detection. We analyze prognostics and health-management techniques in detail, including their requirements, advantages and limitations. The review focuses on the power-generation sector. However, some of the issues addressed are common to other industries. The article also presents concepts and solutions that utilize emerging technologies related to Industry 4.0, touching on prescriptive analysis, Big Data and the Internet of Things. The primary motivation and purpose of the article are to present the existing practices and classic methods used by engineers, as well as modern approaches drawing from Artificial Intelligence and the concept of Industry 4.0. The summary of existing practices and the state of the art in the area of predictive maintenance provides two benefits. On the one hand, it leads to improving processes by matching existing tools and methods. On the other hand, it shows researchers potential directions for further analysis and new developments.","dblp, openalex, wos, scopus, ieee",llm,0.980,unreviewed,
