status,title,authors,year,venue,doi,url,tags,abstract,provider,decision_source,llm_confidence,llm_review_outcome,llm_change_direction
discarded,The <i>KCNQ1OT1</i> imprinting control region and non-coding RNA: new properties derived from the study of Beckwith-Wiedemann syndrome and Silver-Russell syndrome cases,"Chiesa, Nicoletta; De Crescenzo, Agostina; Mishra, Kankadeb; Perone, Lucia; Carella, Massimo; Palumbo, Orazio; Mussa, Alessandro; Sparago, Angela; Cerrato, Flavia; Russo, Silvia; Lapi, Elisabetta; Cubellis, Maria Vittoria; Kanduri, Chandrasekhar; Silengo, Margherita Cirillo; Riccio, Andrea; Ferrero, Giovanni Battista",2012,HUMAN MOLECULAR GENETICS,10.1093/hmg/ddr419,https://www.webofscience.com/wos/woscc/full-record/WOS:000297865100002,off-topic-false-hit,"A cluster of imprinted genes at chromosome 11p15.5 is associated with the growth disorders, Silver-Russell syndrome (SRS) and Beckwith-Wiedemann syndrome (BWS). The cluster is divided into two domains with independent imprinting control regions (ICRs). We describe two maternal 11p15.5 microduplications with contrasting phenotypes. The first is an inverted and in cis duplication of the entire 11p15.5 cluster associated with the maintenance of genomic imprinting and with the SRS phenotype. The second is a 160 kb duplication also inverted and in cis, but resulting in the imprinting alteration of the centromeric domain. It includes the centromeric ICR (ICR2) and the most 5' 20 kb of the non-coding KCNQ1OT1 gene. Its maternal transmission is associated with ICR2 hypomethylation and the BWS phenotype. By excluding epigenetic mosaicism, cell clones analysis indicated that the two closely located ICR2 sequences resulting from the 160 kb duplication carried discordant DNA methylation on the maternal chromosome and supported the hypothesis that the ICR2 sequence is not sufficient for establishing imprinted methylation and some other property, possibly orientation-dependent, is needed. Furthermore, the 1.2 Mb duplication demonstrated that all features are present for correct imprinting at ICR2 when this is duplicated and inverted within the entire cluster. In the individuals maternally inheriting the 160 kb duplication, ICR2 hypomethylation led to the expression of a truncated KCNQ1OT1 transcript and to down-regulation of CDKN1C. We demonstrated by chromatin RNA immunopurification that the KCNQ1OT1 RNA interacts with chromatin through its most 5' 20 kb sequence, providing a mechanism likely mediating the silencing activity of this long non-coding RNA.","dblp, openalex, wos, scopus, ieee",llm,0.990,unreviewed,
discarded,A primary microcephaly protein complex forms a ring around parental centrioles,"Sir, Joo-Hee; Barr, Alexis R.; Nicholas, Adeline K.; Carvalho, Ofelia P.; Khurshid, Maryam; Sossick, Alex; Reichelt, Stefanie; D'Santos, Clive; Woods, C. Geoffrey; Gergely, Fanni",2011,NATURE GENETICS,10.1038/ng.971,https://www.webofscience.com/wos/woscc/full-record/WOS:000296584000022,off-topic-false-hit,"Autosomal recessive primary microcephaly (MCPH) is characterized by a substantial reduction in prenatal human brain growth without alteration of the cerebral architecture and is caused by biallelic mutations in genes coding for a subset of centrosomal proteins(1-10). Although at least three of these proteins have been implicated in centrosome duplication(11), the nature of the centrosome dysfunction that underlies the neurodevelopmental defect in MCPH is unclear. Here we report a homozygous MCPH-causing mutation in human CEP63. CEP63 forms a complex with another MCPH protein, CEP152, a conserved centrosome duplication factor(12-15). Together, these two proteins are essential for maintaining normal centrosome numbers in cells. Using super-resolution microscopy, we found that CEP63 and CEP152 co-localize in a discrete ring around the proximal end of the parental centriole, a pattern specifically disrupted in CEP63-deficient cells derived from patients with MCPH. This work suggests that the CEP152-CEP63 ring-like structure ensures normal neurodevelopment and that its impairment particularly affects human cerebral cortex growth.","dblp, openalex, wos, scopus, ieee",llm,0.990,unreviewed,
discarded,Primary and secondary defects of the mitochondrial respiratory chain,"Schapira, AHV",2002,JOURNAL OF INHERITED METABOLIC DISEASE,,https://www.webofscience.com/wos/woscc/full-record/WOS:000175786300007,off-topic-false-hit,"Over 100 mutations of mitochondrial DNA (mtDNA) have been associated with human disease. The phenotypic manifestation of mtDNA mutations is extremely broad, from oligosymptomatic patients with isolated deafness, diabetes, ophthalmoplegia, etc., to complex encephalomyopathic disorders that may include dementia, seizures, ataxia, stroke-like episodes, etc. The genotype variants are also wide, with rearrangements (deletions, duplications) and point mutations affecting protein coding genes, tRNAs and rRNAs. There are some broad genotype/phenotype correlations but also substantial overlap. The pathogenetic mechanisms involved in the expression of mtDNA mutations are still not yet fully understood. More recently, mutations of nuclear genes encoding subunits of the respiratory chain, particularly those of complex I, have been identified. These predominantly, but not exclusively, involve infant onset disease with early death. Recently it has become clear that the function of the respiratory chain may be impaired by mutations affecting other mitochondrial proteins or as a secondary phenomenon to other intracellular biochemical derangements. Examples include Friedreich ataxia where a mutation of a nuclear encoded protein (frataxin), probably involved in iron homeostasis in mitochondria, results in severe deficiency of the respiratory chain in a pattern indicative of free radical mediated damage. Mutations of nuclear encoded proteins involved in cytochrome oxidase assembly and maintenance have been characterised and, as predicted, are associated with severe deficiency of cytochrome oxidase and, most frequently, Leigh syndrome. Defects of intracellular metabolism, with particularly excess-free radical generation including nitric oxide or peroxynitrite, may cause secondary damage to the respiratory chain. This is probably of relevance in Huntington disease, motor neuron disease (amyotrophic lateral sclerosis) and Wilson disease. These disorders seem to have defective oxidative phosphorylation as a common pathway in their pathogenesis and it may be that treatments designed to improve respiratory chain function may ameliorate the progression of these disorders.","dblp, openalex, wos, scopus, ieee",llm,0.990,unreviewed,
discarded,DNA methylation around transcription start sites is not globally associated with transcription in the grain of natural and synthetic hexaploid wheat,Banouh M.,2026,BMC Plant Biology,10.1186/s12870-026-08607-6,https://www.scopus.com/inward/record.uri?partnerID=HzOxMe3b&scp=105037518087&origin=inward,off-topic-false-hit,"Epigenetic mechanisms including DNA methylation are assumed to play crucial roles in the maintenance of genome integrity, regulation of gene expression and development, and their increasing exploitation in breeding applications is anticipated. However, the relationship between DNA methylation and gene expression remains ambiguous and difficult to generalize. Here we explored the hypothesized causality between the level of transcription and cytosine methylation at the 5’ end of genes (around transcription start sites and start codons) in relation to whole-genome duplication in natural and synthetic allohexaploid wheat (Triticum/Aegilops complex). Using transcriptomes and a sequence capture protocol coupled with bisulfite sequencing, we observed sometimes significant, but overall very weak associations between gene expression and 5’ end methylation on a genome-wide scale. In synthetic wheat allohexaploids, global methylation differences between subgenomes are not triggered by the polyploidization, as the subgenome patterns are rather faithfully inherited from parents. A small number of genes differentially methylated between the parents and synthetics was consistently recovered in reciprocal synthetics and subsequent generations. Differences in transcription between homeologs are not clearly associated with 5’ end methylation in either natural or synthetic wheat. Overall, allopolyploidization triggers only minor methylation changes around transcription start sites and start codons of nascent wheat allopolyploids, and these are not statistically associated with differential expression. Although there is a measurable methylation difference between expressed and non-expressed genes, our results do not support the hypothesis that 5’ end DNA methylation is engaged in the regulation of gene expression in natural and synthetic wheat. SIGNIFICANCE STATEMENT While a’genome shock’ hypothesis predicts extensive transcriptomic and epigenetic reorganization after polyploidization, DNA methylation patterns around transcription start sites are generally undisturbed in nascent wheat allohexaploids. Although this stability might indicate importance for gene regulation, a clear relationship between DNA methylation and transcription was not observed either on a genome-wide scale, or among triads of homeologous genes.","dblp, openalex, wos, scopus, ieee",llm,0.990,unreviewed,
discarded,Synthetic rewriting technologies in mammalian cells,Wang Y.,2026,Nature Communications,10.1038/s41467-025-68066-9,https://www.scopus.com/inward/record.uri?partnerID=HzOxMe3b&scp=105029164693&origin=inward,off-topic-false-hit,"Synthetic rewriting technologies, encompassing large-scale DNA assembly, transfer, maintenance, and rearrangement, enabled de novo synthesis or large-scale modifications of genomes. While significant progress has been made in model organisms of viruses, bacteria, and unicellular eukaryotes, their development in mammalian cells faces unique challenges. This review summarizes key breakthroughs in synthetic rewriting technologies, including megabase (Mb)-scale assembly of human DNA, yeast-mediated transfer methods, bottom-up human artificial chromosomes (HACs), and genome-scale rearrangement, along with emerging applications in constructing models and decoding genomes for mammals. These tools will expand functional engineering in mammals and deepen mechanistic insights into complex biological systems. Synthetic DNA rewriting technologies enable de novo synthesis or large-scale modification of genomes. Here the authors discuss key advances in the DNA rewriting toolbox at the level of large-scale DNA assembly, transfer, maintenance, and rearrangement, whilst highlighting emerging applications.","dblp, openalex, wos, scopus, ieee",llm,0.990,unreviewed,
discarded,"Loss of mitochondrial single stranded DNA-binding protein (mtSSB) gene is associated with mitochondrial genome fragmentation in Psocodea (bark lice, book lice, and parasitic lice)",Song N.,2026,BMC Biology,10.1186/s12915-025-02479-2,https://www.scopus.com/inward/record.uri?partnerID=HzOxMe3b&scp=105027285298&origin=inward,off-topic-false-hit,"Organelle genome fragmentation is a drastic large-scale chromosomal mutation. Why and how organelle genomes become fragmented is still poorly understood. Two previous studies based on whole genome comparison between human louse and fruit fly proposed that the loss of mtSSB gene (for mitochondrial single-stranded DNA-binding protein) might be associated with mitochondrial (mt) genome fragmentation. Whether this association is valid has not been investigated due to the lack of mt genome fragmentation data. We investigated this association by exploring the genomic and transcriptomic data of 198 species of parasitic lice, book lice, bark lice, and other closely related hemipteroid insects accumulated in the past few decades. We show that the loss of mtSSB gene is correlated significantly with mt genome fragmentation in bark lice, book lice, and parasitic lice (Psocodea). The absence of mtSSB is more frequent than expected in the species with fragmented mt genomes whereas the presence of mtSSB is more frequent than expected in the species with single-chromosome mt genome organization. Nevertheless, our results reject a cause-and-effect relationship between the loss of mtSSB and mt genome fragmentation because mtSSB is present in 11 species of parasitic lice and one book louse species that have fragmented mt genomes. The loss of mtSSB gene is correlated with mt genome fragmentation but is not the cause of mt genome fragmentation. Rather, it is plausible that fragmented mt genomes with multiple small-sized minichromosomes may make mtSSB gene and mtSSB protein less critical or unnecessary, leading to their loss eventually in the species with fragmented mt genomes.","dblp, openalex, wos, scopus, ieee",llm,0.990,unreviewed,
discarded,The intricate dance of RNA-binding proteins: unveiling the mechanisms behind male infertility,Gao Y.,2026,Human Reproduction Update,10.1093/humupd/dmaf023,https://www.scopus.com/inward/record.uri?partnerID=HzOxMe3b&scp=105026727314&origin=inward,off-topic-false-hit,"Abstract BACKGROUND RNA-binding proteins (RBPs) are indispensable for transcriptional and post-transcriptional processes during spermatogenesis, orchestrating germ cell proliferation, differentiation, and maturation. Despite their established importance, the contributions of RBPs in male infertility remain underexplored. Recently, a seminal Science publication reported an RBP atlas of 1744 murine testicular RBPs, 22 loss-of-function variants, and 137 deleterious missense variants identified in 1046 infertile patients, providing unprecedented opportunities to investigate their molecular and clinical relevance. Variants in RBP-related genes associated with azoospermia, oligozoospermia, teratozoospermia, and asthenozoospermia highlight their potential as diagnostic biomarkers and therapeutic targets. However, comprehensive analyses that integrate genetic, functional, and clinical insights are still lacking. OBJECTIVE AND RATIONALE This review aims to systematically analyze the roles of RBPs in male infertility. Leveraging state-of-the-art datasets and experimental insights, it examines pathogenic variants and variants of uncertain significance (VUS), and elucidates the gene–disease relationships (GDRs). Furthermore, it explores known RBP functions across spermatogenesis stages and identifies candidate RBP genes. By integrating these findings, this work provides a comprehensive framework to advance the genetic understanding of RBPs, and their potential as clinical biomarkers and therapeutic targets in male infertility. SEARCH METHODS We searched the PubMed database for articles until 13 July 2025, using the keywords ‘RNA-binding protein’, ‘male infertility’, ‘spermatogenesis’, ‘sperm’, ‘genetic variant’, ‘functional analyses’, and ‘knockout mouse model’. Pathogenic variants and VUS in 1744 RBP-coding genes, retrieved from the ClinVar and PubMed databases, were systematically analyzed to classify GDRs by the International Male Infertility Genomics Consortium database. Functional data from RBP knockout mouse models were assessed to elucidate stage-specific roles in spermatogenesis. Candidate RBP genes lacking knockout mouse models were identified by mining the RBP atlas, alongside data from the Genotype-Tissue Expression, Human Protein Atlas, and Uniprot databases. The clinical potential of RBPs as diagnostic biomarkers and therapeutic targets was also discussed. OUTCOMES Our search generated ∼2000 records, and 331 relevant articles were ultimately included in the final text. Firstly, this review identified 177 pathogenic variants in 62 RBP genes and 91 VUS in 35 RBP genes, 15 of which have been confidently linked to human male infertility. Secondly, functional analyses of 124 RBP knockout mouse models revealed their stage-specific regulatory roles in spermatocytogenesis, spermatidogenesis, and spermiogenesis, offering insights into key processes such as piwi-interacting RNA biogenesis, chromatin remodeling, and RNA stability. Thirdly, 38 RBP genes lacking knockout mouse models were screened as candidate RBP genes in male infertility, underscoring their potential for future functional investigations. Finally, this review discusses the clinical potential of RBPs as biomarkers and therapeutic targets, including RNA-based drugs, small molecules, and gene editing technologies as innovative strategies to address RBP-related male infertility. WIDER IMPLICATIONS This review highlights the role of RBPs in male infertility and offers a framework for integrating genetic, functional, and clinical data. By identifying candidate RBPs and their therapeutic potential, it lays the groundwork for future diagnostic advancements and personalized treatments in reproductive medicine. REGISTRATION NUMBER N/A.","dblp, openalex, wos, scopus, ieee",llm,0.990,unreviewed,
discarded,How efficient is your clone? Evaluating LLM capabilities for runtime and memory-aware code selection,Ramaswamy P.,2026,Journal of Systems and Software,10.1016/j.jss.2026.112973,https://www.scopus.com/inward/record.uri?partnerID=HzOxMe3b&scp=105042654890&origin=inward,adjacent-subtopic,"Context: Selecting the most execution-efficient implementation from a bounded set of functionally equivalent code submissions is valuable, yet running code at scale is costly and environment-sensitive. Objective: We assess whether large language models (LLMs) can select the most efficient implementation without executing code, and how this ability varies by prompt design, language, model state, and efficiency aspect (runtime vs. memory). Method: We treat an LLM as a pairwise comparator within a deterministic, cost-aware evaluation protocol that recovers Top-1 and Top-3 using subquadratic comparisons. Six models (DeepSeek Coder, CodeLlama, StarCoder, CodeT5, CodeBERT, Claude) are evaluated on Project CodeNet and the Computer Language Benchmark Game (CLBG) across Python, Java, and C. Metrics are Top-1, Top-3, Mean Reciprocal Rank (MRR), and efficiency gap to optimal (eGap); inference is execution-free and deterministic. Results: On CodeNet, upgrading from a code-only prompt (𝑃1) to a code+features prompt (𝑃2) consistently improves decoder models: Top-1 rises from 38.39% to 48.95% for DeepSeek Coder, from 36.47% to 49.47% for CodeLlama, and from 35.14% to 50.32% for StarCoder, while eGap drops by 28%, 6%, and 16%, respectively. CodeT5 and CodeBERT change little. On CLBG, the same direction is visible but is moderated by frequent Top- 3 ceiling effects; DeepSeek Coder and StarCoder remain strongest under 𝑃2, whereas CodeLlama and CodeT5 show limited gains. Language effects are small and rarely significant on CodeNet but become more aspect dependent on CLBG. Lightweight LoRA fine-tuning yields selective improvements for decoder families and is unstable for the encoder baseline. Runtime typically improves Top-1 and MRR, whereas memory often reduces eGap. Conclusion: Findings suggest that prompt design — and, secondarily, lightweight fine-tuning — can measurably improve benchmark-grounded, execution-free runtime-/memory-aware selection for modern decoder LLMs, while language and aspect effects remain context-dependent. We distill actionable guidelines for prompting, metrics, aspect choice, model state, and protocol design, and we release prompts, seeds, code, and preprocessing scripts to support replication.","dblp, openalex, wos, scopus, ieee",llm,0.970,unreviewed,
