status,title,authors,year,venue,doi,url,tags,abstract,provider,decision_source,llm_confidence,llm_review_outcome,llm_change_direction
kept,An empirical study on the maintenance of source code clones,Suresh Thummalapenta; Luigi Cerulo; Lerina Aversano; Massimiliano Di Penta,2009,Empirical Software Engineering,10.1007/s10664-009-9108-x,https://openalex.org/W2013638584,qualifies-claim,"Code cloning has been very often indicated as a bad software development practice. However, many studies appearing in the literature indicate that this is not always the case. In fact, either changes occurring in cloned code are consistently propagated, or cloning is used as a sort of templating strategy, where cloned source code fragments evolve independently. This paper (a) proposes an automatic approach to classify the evolution of source code clone fragments, and (b) reports a fine-grained analysis of clone evolution in four different Java and C software systems, aimed at investigating to what extent clones are consistently propagated or they evolve independently. Also, the paper investigates the relationship between the presence of clone evolution patterns and other characteristics such as clone radius, clone size and the kind of change the clones underwent, i.e., corrective maintenance or enhancement.","dblp, openalex, scopus, ieee",llm,0.980,unreviewed,
discarded,Global optimal eBURST analysis of multilocus typing data using a graphic matroid approach,Alexandre P. Francisco; Miguel Bugalho; Mário Ramirez; João André Carriço,2009,BMC Bioinformatics,10.1186/1471-2105-10-152,https://openalex.org/W1999417916,off-topic-false-hit,"BACKGROUND: Multilocus Sequence Typing (MLST) is a frequently used typing method for the analysis of the clonal relationships among strains of several clinically relevant microbial species. MLST is based on the sequence of housekeeping genes that result in each strain having a distinct numerical allelic profile, which is abbreviated to a unique identifier: the sequence type (ST). The relatedness between two strains can then be inferred by the differences between allelic profiles. For a more comprehensive analysis of the possible patterns of evolutionary descent, a set of rules were proposed and implemented in the eBURST algorithm. These rules allow the division of a data set into several clusters of related strains, dubbed clonal complexes, by implementing a simple model of clonal expansion and diversification. Within each clonal complex, the rules identify which links between STs correspond to the most probable pattern of descent. However, the eBURST algorithm is not globally optimized, which can result in links, within the clonal complexes, that violate the rules proposed. RESULTS: Here, we present a globally optimized implementation of the eBURST algorithm - goeBURST. The search for a global optimal solution led to the formalization of the problem as a graphic matroid, for which greedy algorithms that provide an optimal solution exist. Several public data sets of MLST data were tested and differences between the two implementations were found and are discussed for five bacterial species: Enterococcus faecium, Streptococcus pneumoniae, Burkholderia pseudomallei, Campylobacter jejuni and Neisseria spp.. A novel feature implemented in goeBURST is the representation of the level of tiebreak rule reached before deciding if a link should be drawn, which can used to visually evaluate the reliability of the represented hypothetical pattern of descent. CONCLUSION: goeBURST is a globally optimized implementation of the eBURST algorithm, that identifies alternative patterns of descent for several bacterial species. Furthermore, the algorithm can be applied to any multilocus typing data based on the number of differences between numeric profiles. A software implementation is available at http://goeBURST.phyloviz.net.","dblp, openalex, scopus, ieee",llm,0.990,unreviewed,
discarded,Investigation of geographical differences among Giardia duodenalis assemblage B populations using diverse haplotypes identified by cloning of PCR amplicons,Mizuno T.,2027,Parasitology International,10.1016/j.parint.2026.103368,https://www.scopus.com/inward/record.uri?partnerID=HzOxMe3b&scp=105048054127&origin=inward,off-topic-false-hit,"Recently, several studies using cloned PCR amplicons have revealed greater haplotype diversity in Giardia duodenalis assemblage B than can be detected using conventional methods. This study aimed to estimate the geographical distribution of G. duodenalis assemblage B using these highly diverse haplotype sets. Samples were collected from two Indonesian sites (Waitabula and Wainyapu). Partial sequences of the glutamate dehydrogenase (gdh), triosephosphate isomerase (tpi), and beta-giardin (bg) loci were used as the PCR targets. Sequence analysis of the cloned PCR amplicons confirmed the presence of unique haplotypes in each region. For further analysis, we employed not only the Indonesian (Waitabula and Wainyapu) haplotypes acquired in this study but also the Kenyan haplotypes detected in our previous study. The phylogenetic relationships among haplotypes were calculated and plotted using multidimensional scaling (MDS). The plot integrating information from the three loci indicated geographically dependent clustering not only between Waitabula and Wainyapu but also between Indonesia and Kenya. This study demonstrates that employing greater haplotype diversity detected using the PCR-cloning method is an effective way to detect geographical differences in G. duodenalis assemblage B.","dblp, openalex, scopus, ieee",llm,0.990,unreviewed,
discarded,Harnessing Kruppel-like Factor 4 for Glioblastoma Immunotherapy: A Multiepitope Subunit Vaccine Design Approach,Ahmad F.,2027,Journal of Pharmaceutical Innovation,10.1007/s12247-026-10887-2,https://www.scopus.com/inward/record.uri?partnerID=HzOxMe3b&scp=105047400679&origin=inward,off-topic-false-hit,"The most prevalent and very aggressive malignant brain tumor, glioblastoma multiforme (GBM), primarily affects adults. Currently, the usual course of treatment consists of surgery, followed by either chemotherapy or more frequent radiation. For GBM to be properly treated, novel therapeutic techniques are thus greatly needed. Investigating GBM cells has been essential in identifying many targets that can be the focus of immunotherapy-based approaches which include KLF4. By utilizing a range of reverse vaccinology and immunoinformatic techniques to find epitopes of B and T cell for the glioblastoma multiforme tumor KLF4 protein, a possible vaccine against the tumor was produced in this study. After being structurally modelled, each individual epitope was docked with its corresponding HLA. The vaccine was then modelled in three dimensions so that it could be docked with TLR-4. 50 S ribosomal protein L7/L12 (locus RL7_MYCTU) was added as an adjuvant to the vaccine sequence at the N-terminus to increase its immunogenicity, based on knowledge from earlier studies. After docking, we looked for a binding interaction among the vaccine and TLR-4 complexes. Additionally, immunological simulations utilizing the C-IMMSIM server were performed to validate the correctness of the final vaccine design. A natural immunological response was projected via the immune simulation analysis. With E. coli serving as the host, in silico cloning was conducted. The vaccine design is anticipated to fully express itself in the E. coli host, as shown by the CAI value of 0.97. Molecular docking reveals a high binding affinity - 39.77 kJ/mol of vaccine construct with TLR4. This is followed by molecular dynamic simulations which showed an initial fluctuation of 5 angstroms at 10 nanoseconds, increasing to 10.4 angstroms at the end of simulation time with stable system. Followed by binding energies PCA and hydrogen bonds together with SASA and interaction energies the anticipated SASA revealed a mean value of 182.35 +/- 2.74 nm2 across the simulation trajectory, with substantial conformational shifts seen at around 100 ns and 160 ns with possible interaction energies. Thus, illustrate the crucial significance of conformational flexibility in modifying protein-ligand binding affinity and give useful insights for rational drug design and protein engineering applications. Thus, these results enhance the effectiveness of vaccine construct for the experimentalist for developing the vaccine against such lethal cancer disease.","dblp, openalex, scopus, ieee",llm,0.990,unreviewed,
discarded,"Expression, purification, crystallization and structure solution of glyceraldehyde-3-phosphate dehydrogenase from the babesiosis infective agent Babesia bovis",Ukrainski B.,2027,Protein Expression and Purification,10.1016/j.pep.2026.106991,https://www.scopus.com/inward/record.uri?partnerID=HzOxMe3b&scp=105047742939&origin=inward,off-topic-false-hit,"cofactor molecules are observed in their respective sites. Comparisons to the theoretical model indicate a number of side chain conformation differences. These results provide support for future enzyme inhibition assays, in addition to crystallization assays with potential inhibitors.","dblp, openalex, scopus, ieee",llm,0.990,unreviewed,
discarded,Towards socially acceptable XR agents: A modular approach for user interaction,Proia S.,2027,International Journal of Human Computer Studies,10.1016/j.ijhcs.2026.103907,https://www.scopus.com/inward/record.uri?partnerID=HzOxMe3b&scp=105046802615&origin=inward,off-topic-false-hit,"Recent advancements in eXtended Reality (XR) technologies have opened new opportunities for integrating virtual and physical environments, enabling natural immersive user experiences. This paper addresses the challenge of developing socially acceptable XR agents that can engage in complex, meaningful interactions across various social and public settings. Specifically, we propose a modular architecture for enhancing user-XR agent interaction, integrated into the framework of the Horizon Europe project “Socially-acceptable Extended Reality Models And Systems (SERMAS)”. The architecture is designed to ensure adaptability, scalability, and the integration of diverse communication modalities, including verbal and non-verbal cues. Its main components work together to enable seamless user detection and communication. In particular, the Detection module plays a key role in managing the agent’s awareness of the surrounding environment. Its functions include identifying user intentions, monitoring group dynamics, and inferring emotional states, thereby increasing responsiveness and enabling more contextually grounded behavior. In contrast, the Communication module employs Large Language Models for personalized verbal responses and recognizes gestures and body language for enriched non-verbal communication. Together, these approaches guarantee contextually relevant, personalized, and emotionally intelligent interactions. The architecture supports scalability and the flexible integration or replacement of modules, fostering socially acceptable user-XR agent interactions. Its real-world applicability is demonstrated across three deployment scenarios, including a digital receptionist integrated with a physical robot, an XR-based security training system for journalists practicing safety-critical procedures, and a digital assistant supporting customers in a post-office environment. The functionality of the proposed system is presented through the implementation of the XR Agent interacting with users.","dblp, openalex, scopus, ieee",llm,0.990,unreviewed,
discarded,Efficient personalized image memorability via gaze-guided semantic cloning distillation,Ghosh I.,2026,Knowledge and Information Systems,10.1007/s10115-026-02835-w,https://www.scopus.com/inward/record.uri?partnerID=HzOxMe3b&scp=105043984683&origin=inward,off-topic-false-hit,"Image memorability (IM) estimation typically relies on learning generic semantic features from large-scale datasets; however, memorability is intrinsically individual-dependent and personalized visual viewing behavior, but overlooking this variability can undermine model performance in downstream cognitive and human–machine interaction tasks, leading toward suboptimal performance. To address this, we propose PerMem, a unified framework that integrates knowledge distillation (KD) and imitation learning (IL) to jointly learn generic and personalized salient representations for memorability estimation by leveraging both image content and gaze-derived heatmaps. PerMem employs a teacher network built upon a pre-trained ResNet-50 backbone, followed by an encoder–decoder architecture coupled with spatial and channel attention mechanisms to generate generic saliency-aware memorability maps. A lightweight, attention-guided student encoder–decoder is then optimized through a composite imitation-guided distillation process, where knowledge is distilled from the teacher while simultaneously imitating user-specific gaze fixation heatmaps. Through this joint training process, the student network learns to produce personalized memorability estimates while achieving substantial reductions in computational complexity. We validate PerMem on two public IM estimation datasets (LaMem and SUN) and a in-house WoM dataset comprising of 45 participants (UMBC IRB #670) engaged in visual search and navigation tasks that reflect individualized visual attention patterns. PerMem outperforms nine state-of-the-art IM models by capturing coarse-to-fine saliency and adapting to individual attention, achieving ≈\documentclass[12pt]{minimal} \usepackage{amsmath} \usepackage{wasysym} \usepackage{amsfonts} \usepackage{amssymb} \usepackage{amsbsy} \usepackage{mathrsfs} \usepackage{upgreek} \setlength{\oddsidemargin}{-69pt} \begin{document}$$\approx $$\end{document}6% improvement in memorability prediction. Lastly, we evaluate PerMem on heterogeneous embedded edge devices, including Jetson Nano, Jetson Xavier NX, and Raspberry Pi, demonstrating efficient on-device inference with consistent reductions in memory usage (25.6–33.4%), power consumption (19.0–25.0%), and inference latency (34.9–39.8%) relative to the teacher model, highlighting its practical robustness for resource-constrained, human-centric applications.","dblp, openalex, scopus, ieee",llm,0.980,unreviewed,
discarded,CyanoConstruct: simple platform for cyanobacterial expression construct assembly and translational tuning,Venero O.M.,2026,BMC Biotechnology,10.1186/s12896-025-01098-7,https://www.scopus.com/inward/record.uri?partnerID=HzOxMe3b&scp=105034909310&origin=inward,off-topic-false-hit,"Background Despite the advances in synthetic biology, the construction of efficient and balanced artificial pathways remains challenging and a general bottleneck in bacterial strain development. Although translational tuning can be applied for balancing consecutive catalytic steps at protein expression level, the potential remains underexplored in cyanobacterial engineering. To complement existing modular cloning systems for this purpose the objective here was to simplify the construct assembly procedure to make translational tuning more accessible for expression optimization in cyanobacteria. Results This study describes the design and use of a one-pot DNA construct assembly system (CyanoConstruct) for the generation transformation-ready multi-gene expression plasmids in a single Golden Gate reaction. This approach allows the user to select the ribosome binding site element (RBS) for each target gene, thus serving as a tool for independently modulating the translation efficiency of the individual overexpressed enzymes. For easy adaptation, a custom online tool (www.cyanoconstruct.com) guides the sequence design of new compatible parts and the assembly of constructs from user-specified parts in silico. We demonstrate the use of the system by assembling different two-gene and three-gene expression constructs from parts selected specifically for optimal performance in Synechocystis sp PCC 6803; the constructs functioned as intended in vivo and showed different pathway fluxes construed by alternative RBS combinations. The efficiency and specificity of the assembly were shown to be high, enabling the generation of the final expression plasmids from the library parts in one assembly cycle. Conclusions CyanoConstruct offers a simple strategy for building bacterial operon-based expression constructs, specifically facilitating the use of modular cloning systems for RBS optimization in routine cyanobacterial engineering. With the help of the web-based design tool that also serves as a sequence repository, the part library described in this work (https://www.addgene.org/browse/article/28263931/) can be easily expanded with user-specified sequences. By increasing the throughput for generating pathway variants with different translational patterns, the system is expected to advance the design of more efficient strains with higher flux to the desired end-product, thereby contributing to the development of next-generation biotechnologies. Supplementary Information The online version contains supplementary material available at 10.1186/s12896-025-01098-7.","dblp, openalex, scopus, ieee",llm,0.990,unreviewed,
discarded,Comprehensive genomic analysis of BAHD gene family: expression patterns during development and stress responses in pecan (Carya illinoinensis),Lv J.,2026,BMC Genomics,10.1186/s12864-026-12520-5,https://www.scopus.com/inward/record.uri?partnerID=HzOxMe3b&scp=105029766736&origin=inward,off-topic-false-hit,"The BAHD acyltransferase gene family performs diverse and essential biological functions in plants, mediating the biosynthesis of terpenoids, phenolic compounds, and esters that contribute to stress response mechanisms, cellular homeostasis, and fruit quality regulation. However, systematic characterization of this gene family in Carya illinoinensis remains largely unexplored. In this study, 88 BAHD genes (CiBAHD1-CiBAHD88) were characterized in the C. illinoinensis genome, with phylogenetic analysis categorizing them into five distinct evolutionary clades. The analysis showed significant diversity in gene length and protein size, while promoter examination identified numerous cis-acting elements linked to abiotic stress responses. Expression profiling across six tissues revealed a predominant expression of most CiBAHD genes in reproductive organs, particularly in female tissues, with 10 genes (e.g., CiBAHD8, 16, 34) showing fruit-specific expression. Under stress conditions, qRT-PCR analysis of 20 selected CiBAHD genes demonstrated diverse induction patterns: key genes like CiBAHD50 were rapidly and strongly induced by low temperature, CiBAHD54 and CiBAHD55 were significantly upregulated under high temperature, CiBAHD26 responded transiently to drought, and CiBAHD32 showed early induction under salt stress. This study presents the first genome-wide characterization of the BAHD acyltransferase family in pecan. The analysis identifies clade-specific conservation in gene structure and motif composition, and demonstrates enrichment of stress and hormone-related regulatory elements in promoter regions. Expression profiling establishes functional roles for CiBAHD members in reproductive processes and fruit development, while delineating specific genes with rapid and sustained transcriptional responses to abiotic stresses. These findings establish a foundational resource for future functional characterization and highlight potential targets for genetic improvement of stress resilience in C. illinoinensis.","dblp, openalex, scopus, ieee",llm,0.990,unreviewed,
discarded,Genome-wide identification of NAC gene family in pecan and its expression patterns during graft healing,Niu M.,2026,BMC Plant Biology,10.1186/s12870-026-09080-x,https://www.scopus.com/inward/record.uri?partnerID=HzOxMe3b&scp=105046089958&origin=inward,off-topic-false-hit,"The NAC gene family represents a class of plant-specific transcription factors characterized by a conserved NAC domain. These proteins exert pivotal regulatory influences in diverse biological processes, including plant growth and development, stress responses, and hormone signaling. Recent studies have further highlighted their core functions in graft union formation, scion-rootstock interactions, and the establishment of systemic functionality. In this study, we systematically identified the NAC gene family in pecan (Carya illinoinensis), revealing 116 CiNACs members distributed across.s 16 chromosomes. Phylogenetic analysis classified them into 16 subfamilies and 12 distinct groups, indicating evolutionary conservation of their functions. Interspecific collinearity analysis suggested that the family has undergone expansion and differentiation, leading to broad functional divergence. Furthermore, we screened six key CiNACs genes potentially associated with grafting and analyzed their expression patterns across different tissues, under drought stress, and during grafting via RNA-Seq and qRT-PCR. The results showed that, except for CiNAC24, the other five genes were significantly upregulated in stem tissues. Among them, the expression profiles of CiNAC24 and CiNAC72 implied a stronger responsiveness to abiotic stress rather than direct involvement in grafting. In contrast, CiNAC115 exhibited significant upregulation during grafting, suggesting its potential key role in regulating graft union formation. Collectively, this study provides important clues for elucidating the molecular mechanisms of CiNAC115 in grafting and lays a theoretical foundation for further uncovering the functions of the NAC gene family in the grafting process.","dblp, openalex, scopus, ieee",llm,0.990,unreviewed,
