status,title,authors,year,venue,doi,url,tags,abstract,provider,decision_source,llm_confidence,llm_review_outcome,llm_change_direction
discarded,Deep learning based identification of inconsistent method names: How far are we?,Taiming Wang; Yuxia Zhang; Lin Jiang; Yi Tang; Guangjie Li; Hui Liu,2024,Empirical Software Engineering,10.1007/s10664-024-10592-z,https://openalex.org/W4404697012,off-topic-false-hit,"For any software system, concise and meaningful method names are critical for program comprehension and maintenance. However, for various reasons, the method names might be inconsistent with their corresponding implementations. Such inconsistent method names are confusing and misleading, often resulting in incorrect method invocations. To this end, a few intelligent deep learning-based approaches based on neural networks have been proposed to identify such inconsistent method names in the industry. Existing evaluations suggest that the performance of such DL-based approaches is promising. However, the evaluations are conducted with a perfectly balanced dataset where the number of inconsistent method names is exactly equivalent to that of consistent ones. In addition, the construction method of this balanced dataset is flawed, leading to false positives in this dataset. Consequently, the reported performance may not represent their efficiency in the field where most method names are consistent with their corresponding method bodies and only a small part of method names are inconsistent with corresponding method bodies. To this end, in this paper, we conduct an empirical study to assess the state-of-the-art DL-based approaches in the automated identification of inconsistent method names. We first build a new benchmark (dataset) by using both automatic identification from commit history and manual inspection by developers, aiming to reduce the number of false positives. Based on the benchmark, we evaluate five representative DL-based approaches to identifying inconsistent method names (one is retrieval-based and two are generation-based). Our evaluation results suggest that the performance of the evaluated approaches is substantially reduced when we switch from the existing balanced dataset to our new benchmark. Furthermore, to reveal where and why the evaluated approaches work/fail, we conduct quantitative and qualitative analyses of the evaluation results. Our analysis results suggest that the evaluated approaches work well on methods with simple bodies and short names, and retrieval-based approaches are especially good at methods whose names start with popular first sub-tokens. Retrieval-based approaches fail frequently because the adopted method representation technique is not efficient enough. Another possible reason for the failures is their unverified rationale, i.e., two methods with similar bodies should have similar names. Generation-based approaches frequently fail because of inaccurate similarity calculation formulas and immature method name generation techniques. Through the data analysis, we also propose two possible ways for better identifying inconsistent method names by leveraging contrastive learning and LLMs. Overall, our empirical study suggests that the state-of-the-art DL-based approaches in inconsistent method name identification deserve significant improvement before applying them to practical software systems.",openalex,llm,0.990,unreviewed,
discarded,"Deep learning-based software engineering: progress, challenges, and opportunities",Xiangping Chen; Xing Hu; Yuan Huang; He Jiang; Weixing Ji; Yanjie Jiang; Yanyan Jiang; Bo Liu; Hui Liu; Xiaochen Li; Xiaoli Lian; Guozhu Meng; Peng Xin; Hailong Sun; Lin Shi; Bo Wang; Chong Wang; Jiayi Wang; Tiantian Wang; Jifeng Xuan; Xin Xia; Yibiao Yang; Yixin Yang; Yixin Yang; Yixin Yang; Lu Zhang; Zhang Li; Yuming Zhou; Lu Zhang; Lu Zhang,2024,Science China Information Sciences,10.1007/s11432-023-4127-5,https://openalex.org/W4403579163,off-topic-false-hit,"Abstract Researchers have recently achieved significant advances in deep learning techniques, which in turn has substantially advanced other research disciplines, such as natural language processing, image processing, speech recognition, and software engineering. Various deep learning techniques have been successfully employed to facilitate software engineering tasks, including code generation, software refactoring, and fault localization. Many studies have also been presented in top conferences and journals, demonstrating the applications of deep learning techniques in resolving various software engineering tasks. However, although several surveys have provided overall pictures of the application of deep learning techniques in software engineering, they focus more on learning techniques, that is, what kind of deep learning techniques are employed and how deep models are trained or fine-tuned for software engineering tasks. We still lack surveys explaining the advances of subareas in software engineering driven by deep learning techniques, as well as challenges and opportunities in each subarea. To this end, in this study, we present the first task-oriented survey on deep learning-based software engineering. It covers twelve major software engineering subareas significantly impacted by deep learning techniques. Such subareas spread out through the whole lifecycle of software development and maintenance, including requirements engineering, software development, testing, maintenance, and developer collaboration. As we believe that deep learning may provide an opportunity to revolutionize the whole discipline of software engineering, providing one survey covering as many subareas as possible in software engineering can help future research push forward the frontier of deep learning-based software engineering more systematically. For each of the selected subareas, we highlight the major advances achieved by applying deep learning techniques with pointers to the available datasets in such a subarea. We also discuss the challenges and opportunities concerning each of the surveyed software engineering subareas.",openalex,llm,0.980,unreviewed,
discarded,The Fault in our Stars: Quality Assessment of Code Generation Benchmarks,Mohammed Latif Siddiq; Simantika Dristi; Joy Saha; Joanna C. S. Santos,2024,arXiv (Cornell University),10.48550/arxiv.2404.10155,https://openalex.org/W4394907080,adjacent-subtopic,"Large Language Models (LLMs) are gaining popularity among software engineers. A crucial aspect of developing effective code generation LLMs is to evaluate these models using a robust benchmark. Evaluation benchmarks with quality issues can provide a false sense of performance. In this work, we conduct the first-of-its-kind study of the quality of prompts within benchmarks used to compare the performance of different code generation models. To conduct this study, we analyzed 3,566 prompts from 9 code generation benchmarks to identify quality issues in them. We also investigated whether fixing the identified quality issues in the benchmarks' prompts affects a model's performance. We also studied memorization issues of the evaluation dataset, which can put into question a benchmark's trustworthiness. We found that code generation evaluation benchmarks mainly focused on Python and coding exercises and had very limited contextual dependencies to challenge the model. These datasets and the developers' prompts suffer from quality issues like spelling and grammatical errors, unclear sentences to express developers' intent, and not using proper documentation style. Fixing all these issues in the benchmarks can lead to a better performance for Python code generation, but not a significant improvement was observed for Java code generation. We also found evidence that GPT-3.5-Turbo and CodeGen-2.5 models may have data contamination issues.",openalex,llm,0.920,unreviewed,
kept,Analyzing Clone Evolution for Identifying the Important Clones for Management,Manishankar Mondal,2017,University Library - University of Saskatchewan (University of Saskatchewan),,https://openalex.org/W2589586421,supports-claim,"Code clones (identical or similar code fragments in a code-base) have dual but contradictory impacts (i.e., both positive and negative impacts) on the evolution and maintenance of a software system. Because of the negative impacts (such as high change-proneness, bug-proneness, and unintentional inconsistencies), software researchers consider code clones to be the number one bad-smell in a code-base. Existing studies on clone management suggest managing code clones through refactoring and tracking. However, a software system's code-base may contain a huge number of code clones, and it is impractical to consider all these clones for refactoring or tracking. In these circumstances, it is essential to identify code clones that can be considered particularly important for refactoring and tracking. However, no existing study has investigated this matter. We conduct our research emphasizing this matter, and perform five studies on identifying important clones by analyzing clone evolution history. In our first study we detect evolutionary coupling of code clones by automatically investigating clone evolution history from thousands of commits of software systems downloaded from on-line SVN repositories. By analyzing evolutionary coupling of code clones we identify a particular clone change pattern, Similarity Preserving Change Pattern (SPCP), such that code clones that evolve following this pattern should be considered important for refactoring. We call these important clones the SPCP clones. We rank SPCP clones considering their strength of evolutionary coupling. In our second study we further analyze evolutionary coupling of code clones with an aim to assist clone tracking. The purpose of clone tracking is to identify the co-change (i.e. changing together) candidates of code clones to ensure consistency of changes in the code-base. Our research in the second study identifies and ranks the important co-change candidates by analyzing their evolutionary coupling. In our third study we perform a deeper analysis on the SPCP clones and identify their cross-boundary evolutionary couplings. On the basis of such couplings we separate the SPCP clones into two disjoint subsets. While one subset contains the non-cross-boundary SPCP clones which can be considered important for refactoring, the other subset contains the cross-boundary SPCP clones which should be considered important for tracking. In our fourth study we analyze the bug-proneness of different types of SPCP clones in order to identify which type(s) of code clones have high tendencies of experiencing bug-fixes. Such clone-types can be given high priorities for management (refactoring or tracking). In our last study we analyze and compare the late propagation tendencies of different types of code clones. Late propagation is commonly regarded as a harmful clone evolution pattern. Findings from our last study can help us prioritize clone-types for management on the basis of their tendencies of experiencing late propagations. We also find that late propagation can be considerably minimized by managing the SPCP clones. On the basis of our studies we develop an automatic system called AMIC (Automatic Mining of Important Clones) that identifies the important clones for management (refactoring and tracking) and ranks these clones considering their evolutionary coupling, bug-proneness, and late propagation tendencies. We believe that our research findings have the potential to assist clone management by pin-pointing the important clones to be managed, and thus, considerably minimizing clone management effort.",openalex,llm,0.950,unreviewed,
discarded,Proposing and Evaluating Clone Detection Approaches with Preprocessing Input Source Files,Eunjong Choi; Norihiro Yoshida; Yoshiki Higo; Katsuro Inoue,2015,IEICE Transactions on Information and Systems,10.1587/transinf.2014edp7292,https://openalex.org/W2017663101,adjacent-subtopic,"So far, many approaches for detecting code clones have been proposed based on the different degrees of normalizations (e.g. removal of white spaces, tokenization, and regularization of identifiers). Different degrees of normalizations lead to different granularities of source code to be detect as code clones. To investigate how the normalizations impact the code clone detection, this study proposes six approaches for detecting code clones with preprocessing input source files using different degrees of normalizations. More precisely, each normalization is applied to the input source files and then equivalence class partitioning is performed to the files in the preprocessing. After that, code clones are detected from a set of files that are representatives of each equivalence class using a token-based code clone detection tool named CCFinder. The proposed approaches can be categorized into two types, approaches with non-normalization and normalization. The former is the detection of only identical files without any normalization. Meanwhile, the latter category is the detection of identical files with different degrees of normalizations such as removal of all lines containing macros. From the case study, we observed that our proposed approaches detect code clones faster than the approach that uses only CCFinder. We also found the approach with non-normalization is the fastest among the proposed approaches in many cases.",openalex,llm,0.990,unreviewed,
discarded,A Computer System Quality metric for Infrastructure with Configuration Files' Changes,Noriko Hanakawa; Masaki Obana,2019,,10.1145/3305160.3305168,https://openalex.org/W2945013924,off-topic-false-hit,"We propose a system quality metric for computer infrastructure development. The feature of the metric is the usage of configuration files. The growths and changes of configuration files present characteristics of infrastructure development. The proposed metric consists of 4 element metrics and a total metric. The proposed metric was applied to a real large-scale project. The metric helps us understand how the configuration files were developed. There are two patterns, one is growing little by little, and another is suddenly large growth and suddenly decreasing. For evaluation of the metric, we compared the metric values with system faults that occurred in the real running. As a result, the two patterns of configuration files' development are not related to the system faults. However, the one element metric Scale is related to the system faults. Therefore, the Scale element metric may present system quality in the target project.",openalex,llm,0.970,unreviewed,
discarded,Where were the repair ingredients for Defects4j bugs?,Deheng Yang; Kui Liu; Dongsun Kim; Anil Koyuncu; Kisub Kim; Haoye Tian; Yan Lei; Xiaoguang Mao; Jacques Klein; Tegawendé F. Bissyandé,2021,Empirical Software Engineering,10.1007/s10664-021-10003-7,https://openalex.org/W3200983232,off-topic-false-hit,"A significant body of automated program repair research has built approaches under the redundancy assumption. Patches are then heuristically generated by leveraging repair ingredients (change actions and donor code) that are found in code bases (either the buggy program itself or big code). For example, common change actions (i.e., fix patterns) are frequently mined offline and serve as an important ingredient for many patch generation engines. Although the repetitiveness of code changes has been studied in general, the literature provides little insight into the relationship between the performance of the repair system and the source code base where the change actions were mined. Similarly, donor code is another important repair ingredient to concretize patches guided by abstract patterns. Yet, little attention has been paid to where such ingredients can actually be found. Through a large scale empirical study on the execution results of 24 repair systems evaluated on real-world bugs from Defects4J, we provide a comprehensive view on the distribution of repair ingredients that are relevant for these bugs. In particular, we show that (1) a half of bugs cannot be fixed simply because the relevant repair ingredient is not available in the search space of donor code; (2) bugs that are correctly fixed by literature tools are mostly addressed with shallow change actions; (3) programs with little history of changes can benefit from mining change actions in other programs; (4) parts of donor code to repair a given bug can be found separately at different search locations; (5) bug-triggering test cases are a rich source for donor code search.",openalex,llm,0.940,unreviewed,
discarded,,Miltiadis Allamanis; Earl T. Barr; Prémkumar Dévanbu; Charles Sutton,,Edinburgh Research Explorer (University of Edinburgh),,https://openalex.org/W2963935794,off-topic-false-hit,"Research at the intersection of machine learning, programming languages, and software engineering has recently taken important steps in proposing learnable probabilistic models of source code that exploit the abundance of patterns of code. In this article, we survey this work. We contrast programming languages against natural languages and discuss how these similarities and differences drive the design of probabilistic models. We present a taxonomy based on the underlying design principles of each model and use it to navigate the literature. Then, we review how researchers have adapted these models to application areas and discuss cross-cutting and application-specific challenges and opportunities.",openalex,llm,0.960,unreviewed,
discarded,Evaluating Representation Learning of Code Changes for Predicting Patch Correctness in Program Repair,Haoye Tian; Kui Liu; Abdoul Kader Kaboreé; Anil Koyuncu; Li Li; Jacques Klein; Tegawendé F. Bissyandé,2020,arXiv (Cornell University),10.48550/arxiv.2008.02944,https://openalex.org/W3047727558,off-topic-false-hit,"A large body of the literature of automated program repair develops approaches where patches are generated to be validated against an oracle (e.g., a test suite). Because such an oracle can be imperfect, the generated patches, although validated by the oracle, may actually be incorrect. While the state of the art explore research directions that require dynamic information or rely on manually-crafted heuristics, we study the benefit of learning code representations to learn deep features that may encode the properties of patch correctness. Our work mainly investigates different representation learning approaches for code changes to derive embeddings that are amenable to similarity computations. We report on findings based on embeddings produced by pre-trained and re-trained neural networks. Experimental results demonstrate the potential of embeddings to empower learning algorithms in reasoning about patch correctness: a machine learning predictor with BERT transformer-based embeddings associated with logistic regression yielded an AUC value of about 0.8 in predicting patch correctness on a deduplicated dataset of 1000 labeled patches. Our study shows that learned representations can lead to reasonable performance when comparing against the state-of-the-art, PATCH-SIM, which relies on dynamic information. These representations may further be complementary to features that were carefully (manually) engineered in the literature.",openalex,llm,0.970,unreviewed,
