status,title,authors,year,venue,doi,url,tags,abstract,provider,decision_source,llm_confidence,llm_review_outcome,llm_change_direction
discarded,A versatile plasmid platform for auxotrophic complementation in attenuated Mycobacterium bovis BCG,Madruga A.B.,2026,Molecular Biology Reports,10.1007/s11033-026-11830-x,https://www.scopus.com/inward/record.uri?partnerID=HzOxMe3b&scp=105037425972&origin=inward,off-topic-false-hit,"Background Mycobacterium bovis BCG is widely used as a vaccine vector due to its safety, genetic stability, and immunomodulatory properties. However, current expression systems for BCG transformation rely on antibiotic resistance genes, raising biosafety concerns. Therefore, alternative strategies—such as the use of auxotrophic strains—are highly desirable. Our group previously employed BioBrick™ technology to construct the pUP500 plasmid series containing various mycobacterial promoters. We engineered these plasmids for the auxotrophic complementation of BCG ΔLeuD, a leucine-auxotrophic strain, using an antibiotic-free and BioBrick™-compatible approach. Methods and Results The auxotrophic complementation cassette pAN-leuD was cloned into pUP500 plasmids. Subsequently, the egfp gene was inserted downstream of the promoters, the kanamycin resistance gene was removed, and fluorescence was assessed by flow cytometry, qPCR and confocal microscopy in BCG grown in 7H9 medium and inside macrophages. Auxotrophic complementation was confirmed by growth of transformants in non-selective medium and analysis of leuD expression, and plasmid stability was evaluated along six BCG generations. Strains harboring plasmids containing the pAN and HspX promoters exhibited stronger fluorescence levels both in vitro and within macrophages. In contrast, the 18 kDa promoter demonstrated marked activation specifically in the intracellular environment, driving robust gene expression inside macrophages. These expression patterns were significantly higher compared to strains carrying the Ag85B or Hsp60 promoters, as well as to the negative control. Except for the Hsp60 construct, all plasmids exhibited robust in vitro stability across six consecutive passages, supporting their potential as reliable expression systems for heterologous antigens in therapeutic and vaccine applications. Conclusions We developed five BioBrick™-compatible plasmids with distinct promoters for auxotrophic complementation and antigen expression in BCG ΔLeuD, eliminating the need for antibiotic-based selection. This standardized plasmid series reduces vector-related variability in comparative studies and provides a diverse promoter repertoire that may enhance the stability and efficacy of recombinant BCG ΔLeuD strains, representing a valuable advancement for prophylactic and therapeutic vaccine development. Supplementary Information The online version contains supplementary material available at 10.1007/s11033-026-11830-x.","dblp, openalex, scopus, ieee",llm,0.990,unreviewed,
discarded,"Genome-wide characterization of the TGF-β superfamily identifies bmp15, gdf9, and gsdf as sex-biased candidate regulators of gonadal differentiation in the synchronous hermaphrodite Plectropomus leopardus",Li J.,2026,Comparative Biochemistry and Physiology Part D Genomics and Proteomics,10.1016/j.cbd.2026.101892,https://www.scopus.com/inward/record.uri?partnerID=HzOxMe3b&scp=105040641277&origin=inward,off-topic-false-hit,"The transforming growth factor-β (TGF-β) superfamily plays conserved roles in vertebrate reproduction and gonadal sex differentiation. However, its genomic repertoire and sex-biased expression patterns remain unclear in the leopard coral grouper (Plectropomus leopardus), a species with synchronous hermaphroditism. Here, we performed a genome-wide identification of the TGF-β superfamily, identifying 42 genes from the chromosome-level genome. Phylogenetic and synteny analyses indicated that segmental duplication under purifying selection contributed to family expansion. Expression profiling across multiple tissues and four gonadal developmental stages (undifferentiated, 120 dph; early differentiated, 15 months; mature testis, 3 years; mature ovary, 3 years) identified eight gonad-enriched genes, among which bmp15 and gdf9 exhibited pronounced female-biased expression, with transcripts localized exclusively to the oocyte cytoplasm, particularly in stage II-III oocytes. In contrast, gsdf showed male-biased expression and was localized in spermatogenic cells of the testis. These reciprocal expression patterns indicate that bmp15/gdf9 and gsdf are candidate factors associated with gonadal sex differentiation. Our study provides the first comprehensive characterization of the TGF-β superfamily in P. leopardus and highlights bmp15, gdf9, and gsdf as candidate sex-differentiation factors in this hermaphroditic species.","dblp, openalex, scopus, ieee",llm,0.990,unreviewed,
discarded,Principle-Driven Self-Alignment of Language Models from Scratch with Minimal Human Supervision,Zhiqing Sun; Yikang Shen; Qinhong Zhou; Hongxin Zhang; Zhenfang Chen; David Cox; Yiming Yang; Chuang Gan,2023,arXiv (Cornell University),10.48550/arxiv.2305.03047,https://openalex.org/W4372283945,off-topic-false-hit,"Recent AI-assistant agents, such as ChatGPT, predominantly rely on supervised fine-tuning (SFT) with human annotations and reinforcement learning from human feedback (RLHF) to align the output of large language models (LLMs) with human intentions, ensuring they are helpful, ethical, and reliable. However, this dependence can significantly constrain the true potential of AI-assistant agents due to the high cost of obtaining human supervision and the related issues on quality, reliability, diversity, self-consistency, and undesirable biases. To address these challenges, we propose a novel approach called SELF-ALIGN, which combines principle-driven reasoning and the generative power of LLMs for the self-alignment of AI agents with minimal human supervision. Our approach encompasses four stages: first, we use an LLM to generate synthetic prompts, and a topic-guided method to augment the prompt diversity; second, we use a small set of human-written principles for AI models to follow, and guide the LLM through in-context learning from demonstrations (of principles application) to produce helpful, ethical, and reliable responses to user's queries; third, we fine-tune the original LLM with the high-quality self-aligned responses so that the resulting model can generate desirable responses for each query directly without the principle set and the demonstrations anymore; and finally, we offer a refinement step to address the issues of overly-brief or indirect responses. Applying SELF-ALIGN to the LLaMA-65b base language model, we develop an AI assistant named Dromedary. With fewer than 300 lines of human annotations (including < 200 seed prompts, 16 generic principles, and 5 exemplars for in-context learning). Dromedary significantly surpasses the performance of several state-of-the-art AI systems, including Text-Davinci-003 and Alpaca, on benchmark datasets with various settings.","dblp, openalex, scopus, ieee",llm,0.950,unreviewed,
discarded,FrameNet II: Extended theory and practice,Josef Ruppenhofer; Michael Ellsworth; Miriam R. L. Petruck; Christopher R. Johnson; Jan Scheffczyk,2006,Publication Server of the Institute for German Language (Institute for German Language),,https://openalex.org/W2119325477,off-topic-false-hit,"The understandings of ( 17) and ( 18) are clearly similar.However, there is a difference between the sentences in terms of the relative salience of the two frames, Mental property and Commerce sell.(17) mainly reports an event of selling whereas (18) focuses on the assessment of what the selling behavior says about the seller's mental abilities.The lie-test shows that this is so.If a speaker challenges (17) by saying That's a lie, the selling event is being contested, but if they challenge (18) in the same way, what's denied is the appropriateness of the assessment that it was wise to sell.This pragmatic difference fails to be captured by many current logical representation formalisms of adverb meanings, which suggest that the adverb has the clause in its scope.While FrameNet's practice of grouping the adjective and adverb in the same frame is in line with the logical-semantic similarity, it does not match the pragmatic-syntactic fact that the frame evoked by the syntactic head of the clause is more prominent.","dblp, openalex, scopus, ieee",llm,0.970,unreviewed,
discarded,L2 Pronunciation Tools: The Unrealized Potential of Prominent Computer-assisted Language Learning Software,Joan Palmiter Bajorek,2017,Issues and Trends in Educational Technology,10.2458/azu_itet_v5i1_bajorek,https://openalex.org/W2788625876,off-topic-false-hit,"Hundreds of millions of language learners worldwide use and purchase language software that may not fully support their language development. This review of Rosetta Stone (Swad, 1992), Duolingo (Hacker, 2011), Babbel (Witte & Holl, 2016), and Mango Languages (Teshuba, 2016) examines the current state of second language (L2) pronunciation technology through the review of the pronunciation features of prominent computer-assisted language learning (CALL) software (Lotherington, 2016; McMeekin, 2014; Teixeira, 2014). The objective of the review is: 1) to consider which L2 pronunciation tools are evidence-based and effective for student development (Celce-Murcia, Brinton, & Goodwin, 2010); 2) to make recommendations for which of the tools analyzed in this review is the best for L2 learners and instructors today; and 3) to conceptualize features of the ideal L2 pronunciation software. This research is valuable to language learners, instructors, and institutions that are invested in effective contemporary software for L2 pronunciation development. This article considers the importance of L2 pronunciation, the evolution of the L2 pronunciation field in relation to the language classroom, contrasting viewpoints of theory and empirical evidence, the power of CALL software for language learners, and how targeted feedback of spoken production can support language learners. Findings indicate that the software reviewed provide insufficient feedback to learners about their speech and, thus, have unrealized potential. Specific recommendations are provided for design elements in future software, including targeted feedback, explicit instructions, sophisticated integration of automatic speech recognition, and better scaffolding of language content.","dblp, openalex, scopus, ieee",llm,0.980,unreviewed,
kept,Staying DRY with OO and FP,Tom VERHOEFF,2024,OLYMPIADS IN INFORMATICS,10.15388/ioi.2024.09,https://openalex.org/W4400658566,qualifies-claim,"We discuss the coding principle Don’t Repeat Yourself (DRY) and compare various tactics to achieve DRY code, both in the context of object-oriented (OO) programming and functional programming (FP). Neither OO nor FP play a significant role in the International Olympiad in Informatics (IOI), but these paradigms are highly relevant in industry. This article aims to make clear that they offer useful computational insights that should appeal to talented students and that could somehow make their appearance in the IOI. We conclude with an AHA insight and some WET advice for talent development and programming contests.","dblp, openalex, scopus, ieee",llm,0.960,unreviewed,
discarded,An Introduction to Syntactic Analysis and Theory,Hilda Koopman; Dominique Sportiche; Edward P. Stabler,2013,MPG.PuRe (Max Planck Society),,https://openalex.org/W1582487387,off-topic-false-hit,"Open class categories: (new words can be freely created in these categories) Noun (N) table, computer, event, joy, action Verb (V) run, arrive, laugh, know, love, think, say, spray Adjective (A) big, yellow, stable, intelligent, legal, fake Adverb (Adv) badly, curiously, possibly, often Closed categories:Preposition (P) on, of, by, through, into, from, for, to Determiner (D) the, a, this, some, every Numerals (Num) one, two, three, ten, thirteen Complementizers (C) that, if, whether, for Auxiliaries (V) have, be Modals (v or M) will, would, can, could, may, might, shall, should Coordinators (Coord) and, or, but Negation/Affirmation (Neg/Aff) no ,too de-nation -al -ize -ation * nation de--al -ize -ation * nation -al de--ize -ation * nation -al -ize de--ation * nation -al -ize -ation de-* de--al nation -ize -ation * -al de-nation -ize -ation * -al nation de--ize -ation * -al nation -ize de--ation * -al nation -ize -ation de-* de--al -ize nation -ation * -al de--ize nation -ation * -al -ize de-nation -ation * -al -ize nation de--ation * -al -ize nation -ation de-* de--al -ize -ation nation * -al de--ize -ation nation * -al -ize de--ation nation * -al -ize -ation de-nation * -al -ize -ation nation de-* de-nation -ize -al -ation * nation de--ize -al -ation * nation -ize de--al -ation * nation -ize -al de--ation * nation -ize -al -ation de-* de--ize nation -al -ation * -ize de-nation -al -ation * -ize nation de--al -ation * -ize nation -al de--ation * -ize nation -al -ation de-* de--ize -al nation -ation * -ize de--al nation -ation * -ize -al de-nation -ation * -ize -al nation de--ation * -ize -al nation -ation de-* de--ize -al -ation nation * -ize de--al -ation nation * -ize -al de--ation nation * -ize -al -ation de-nation * -ize -al -ation nation de-* de-nation -ize -ation -al * nation de--ize -ation -al * nation -ize de--ation -al * nation -ize -ation de--al * nation -ize -ation -al de-* de--ize nation -ation -al * -ize de-nation -ation -al * -ize nation de--ation -al * -ize nation -ation de--al * -ize nation -ation -al de-* de--ize -ation nation -al * -ize de--ation nation -al * -ize -ation de-nation -al * -ize -ation nation de--al * -ize -ation nation -al de-* de--ize -ation -al nation * -ize de--ation -al nation * -ize -ation de--al nation * -ize -ation -al de-nation * -ize -ation -al nation de-* de-nation -al -ation -ize * nation de--al -ation -ize * nation -al de--ation -ize * nation -al -ation de--ize * nation -al -ation -ize de-* de--al nation -ation -ize * -al de-nation -ation -ize * -al nation de--ation -ize * -al nation -ation de--ize * -al nation -ation -ize de-* de--al -ation nation -ize * -al de--ation nation -ize * -al -ation de-nation -ize * -al -ation nation de--ize * -al -ation nation -ize de-* de--al -ation -ize nation * -al de--ation -ize nation * -al -ation de--ize nation * -al -ation -ize de-nation * -al -ation -ize nation de-* de-nation -ation -al -ize * nation de--ation -al -ize * nation -ation de--al -ize * nation -ation -al de--ize * nation -ation -al -ize de-* de--ation nation -al -ize * -ation de-nation -al -ize * -ation nation de--al -ize * -ation nation -al de--ize * -ation nation -al -ize de-* de--ation -al nation -ize * -ation de--al nation -ize * -ation -al de-nation -ize * -ation -al nation de--ize * -ation -al nation -ize de-* de--ation -al -ize nation * -ation de--al -ize nation * -ation -al de--ize nation * -ation -al -ize de-nation * -ation -al -ize nation de-* de-nation -ation -ize -al * nation de--ation -ize -al * nation -ation de--ize -al * nation -ation -ize de--al * nation -ation -ize -al de-* de--ation nation -ize -al * -ation de-nation -ize -al * -ation nation de--ize -al * -ation nation -ize de--al * -ation nation -ize -al de-* de--ation -ize nation -al * -ation de--ize nation -al * -ation -ize de-nation -al * -ation -ize nation de--al * -ation -ize nation -al de-* de--ation -ize -al nation * -ation de--ize -al nation * -ation -ize de--al nation * -ation -ize -al de-nation * -ation -ize -al nation de-Figure 1.1: 120 orderings, only 1 is intelligible How do we know nation-al is an A? if we have established that -ize generally suffixes to adjectives, one reason is that -ize can suffix to it.But there are of course other reasons: the other tests mentioned above converge on this conclusion.ok: class -ifi -cation -ist (singular,singular,singular) ok: class -ifi -cation -ist -s (singular,singular,plural) *: class -ifi -cation -s -ist (singular,plural,singular) *: class -ifi -cation -s -ist -s (singular,plural,plural) *: class -es -ifi -cation -ist (plural,singular,singular) *: class -es -ifi -cation -ist -s (plural,singular,plural) *: class -es -ifi -cation -s -ist (plural,plural,singular) *: class -es -ifi -cation -s -ist -s (plural,plural,plural)But the strongest reason we will give here is the following: If verbs such as father, wet, dry etc which are respectively related to the noun father, or the adjectives wet and dry are derived by affixation of a silent morpheme, it means that they are not roots: they are complex.This makes a prediction: no affixes that attach only to verb roots should be able to attach to these elements.This seems to be true: steer-age *wet-age *dry-age *father-age betray-al *wet-al *dry-al *father-al defi-ant *wet-ant *dry-ant *father-ant annoy-ance *wet-ance *dry-ance *father-ance forget-ful *wet-ful *dry-ful *father-ful restrict-ive *wet-ive *dry-ive *father-ive establish-ment *wet-ment *dry-ment *father-ment advis-ory *wet-ory *dry-ory *father-ory assembl-y *wett-y *dry-y *father-y * wett-en * wet-ize * wet-ate * dry-en * dry-ize * dry-ate * empty-en * empty-ize * empty-ate And furthermore, the words that take pronounced, ""overt"" causative affixes typically do not also allow the empty causative affix (though short occurs as a V with another meaning): * She shorts the dress * She normals the distribution * She domestics the animals","dblp, openalex, scopus, ieee",llm,0.990,unreviewed,
discarded,Agile Software Engineering Skills,Julian M. Bass,2023,,10.1007/978-3-031-05469-3,https://openalex.org/W4362571146,off-topic-false-hit,"This textbook covers skills in agile software development methods, team working, version control and continuous integration.","dblp, openalex, scopus, ieee",llm,0.840,unreviewed,
discarded,"Machine learning, social learning and the governance of self-driving cars",Jack Stilgoe,2017,Social Studies of Science,10.1177/0306312717741687,https://openalex.org/W2607757716,off-topic-false-hit,"Self-driving cars, a quintessentially 'smart' technology, are not born smart. The algorithms that control their movements are learning as the technology emerges. Self-driving cars represent a high-stakes test of the powers of machine learning, as well as a test case for social learning in technology governance. Society is learning about the technology while the technology learns about society. Understanding and governing the politics of this technology means asking 'Who is learning, what are they learning and how are they learning?' Focusing on the successes and failures of social learning around the much-publicized crash of a Tesla Model S in 2016, I argue that trajectories and rhetorics of machine learning in transport pose a substantial governance challenge. 'Self-driving' or 'autonomous' cars are misnamed. As with other technologies, they are shaped by assumptions about social needs, solvable problems, and economic opportunities. Governing these technologies in the public interest means improving social learning by constructively engaging with the contingencies of machine learning.","dblp, openalex, scopus, ieee",llm,0.980,unreviewed,
discarded,"SUSHI: an exquisite recipe for fully documented, reproducible and reusable NGS data analysis",Masaomi Hatakeyama; Lennart Opitz; Giancarlo Russo; Weihong Qi; Ralph Schlapbach; Hubert Rehrauer,2016,BMC Bioinformatics,10.1186/s12859-016-1104-8,https://openalex.org/W2415325177,off-topic-false-hit,"BACKGROUND: Next generation sequencing (NGS) produces massive datasets consisting of billions of reads and up to thousands of samples. Subsequent bioinformatic analysis is typically done with the help of open source tools, where each application performs a single step towards the final result. This situation leaves the bioinformaticians with the tasks to combine the tools, manage the data files and meta-information, document the analysis, and ensure reproducibility. RESULTS: We present SUSHI, an agile data analysis framework that relieves bioinformaticians from the administrative challenges of their data analysis. SUSHI lets users build reproducible data analysis workflows from individual applications and manages the input data, the parameters, meta-information with user-driven semantics, and the job scripts. As distinguishing features, SUSHI provides an expert command line interface as well as a convenient web interface to run bioinformatics tools. SUSHI datasets are self-contained and self-documented on the file system. This makes them fully reproducible and ready to be shared. With the associated meta-information being formatted as plain text tables, the datasets can be readily further analyzed and interpreted outside SUSHI. CONCLUSION: SUSHI provides an exquisite recipe for analysing NGS data. By following the SUSHI recipe, SUSHI makes data analysis straightforward and takes care of documentation and administration tasks. Thus, the user can fully dedicate his time to the analysis itself. SUSHI is suitable for use by bioinformaticians as well as life science researchers. It is targeted for, but by no means constrained to, NGS data analysis. Our SUSHI instance is in productive use and has served as data analysis interface for more than 1000 data analysis projects. SUSHI source code as well as a demo server are freely available.","dblp, openalex, scopus, ieee",llm,0.970,unreviewed,
