status,title,authors,year,venue,doi,url,tags,abstract,provider,decision_source,llm_confidence,llm_review_outcome,llm_change_direction
discarded,P4STA: High Performance Packet Timestamping with Programmable Packet Processors,Ralf Kundel; Fridolin Siegmund; Jeremias Blendin; Amr Rizk; Boris Koldehofe,2020,,10.1109/noms47738.2020.9110290,https://openalex.org/W3030140041,off-topic-false-hit,"QoS requirements of current network control and management applications require the ability to conduct precise measurements of network elements, including switches, routers and Virtual Network Functions (VNFs). State-of-the-art network switches have a forwarding delay of 1µs and below and offer high bandwidths of hundreds Gigabits per second. This imposes high time accuracy and loss-detection requirements on measurement equipment that are not met by existing, software-based measurement tools. The use of specialized tools, meeting these requirements, is restricted by limited flexibility and high cost.In this work, we introduce P4STA, an open source frame-work that combines the flexibility of software-based traffic load generation with the accuracy of hardware packet timestamping. Our evaluation results, obtained using an off-the-shelf P4-programmable switch, show that a time resolution up to 1ns can be achieved on these programmable data plane platforms. Moreover we show how to combine the traffic load of multiple software-based load generators to achieve a measurement load of up to 100Gbit/s per port. Experiments on further programmable platforms, specifically on P4-SmartNICs and FPGAs, show similar results. With this work, we make P4STA available for the research community to advance high performance experiment measurements at nanosecond accuracy.",openalex,llm,0.970,unreviewed,
discarded,Self-Programming AI: Code-Learning Agents for Autonomous Refactoring and Architectural Evolution,Kushal Khemani,2025,Research Square,10.21203/rs.3.rs-6688473/v1,https://openalex.org/W4410523928,off-topic-false-hit,,openalex,llm,0.820,unreviewed,
discarded,HealthShield: A Blockchain-Based Electronic Health Recording System with Enhanced Security Algorithm for Immutable and Confidential Health Data Management,Ms. Geeta N. Brijwani; Prafulla E. Ajmire; Ms. Varkha K. Jewani; Ms. Pragati V. Thawani; Atique Mohammad Junaid Dr. Mohammad; Mohd Mustafa Khan; Mr. Durgesh Shailesh Pawar,2024,International Journal of Scientific Research in Science and Technology,10.32628/ijsrst24113234,https://openalex.org/W4400166014,off-topic-false-hit,"This research introduces an Electronic Health Recording System (EHRS) fortified with the HealthShield security algorithm and blockchain technology to enhance the security, integrity, and accessibility of electronic health records (EHRs). HealthShield integrates Argon2, AES, PBFT, and MFA algorithms, surpassing the limitations of conventional SHA-256 encryption. Leveraging Angular, Truffle, Solidity, IPFS, Django, and MySQL, the EHRS offers a robust framework for secure, transparent, and decentralized health data management. The proposed system ensures the immutability and transparency of health records, fostering trust among stakeholders while mitigating the risks associated with centralized data repositories. It prioritizes user experience with a user-friendly interface, facilitating seamless interaction for healthcare professionals, patients, and administrators. Distinguishing itself from existing systems, the EHRS combines HealthShield and blockchain technology to redefine data security standards in healthcare, adhering to regulatory frameworks to uphold patient privacy and compliance. Scalability considerations accommodate the evolving needs of healthcare institutions, ensuring optimal performance and efficiency in data processing. Through empirical evaluation and real-world deployment scenarios, the efficacy and viability of the proposed system are validated, paving the way for transformative innovations in healthcare informatics. This research contributes to advancing EHRS systems by presenting a comprehensive framework that safeguards health data while enhancing accessibility, transparency, and integrity. In summary, this research contributes to advancing EHRS systems by presenting a comprehensive framework that safeguards health data while enhancing accessibility, transparency, and integrity. By integrating HealthShield and blockchain technology, the proposed EHRS sets new standards for data security in healthcare, promising significant impact on patient care and healthcare management.",openalex,llm,0.980,unreviewed,
discarded,Principles for data analysis workflows,Sara Stoudt; Váleri Vásquez; Ciera Martinez,2021,PLoS Computational Biology,10.1371/journal.pcbi.1008770,https://openalex.org/W3042819918,off-topic-false-hit,"A systematic and reproducible ""workflow""-the process that moves a scientific investigation from raw data to coherent research question to insightful contribution-should be a fundamental part of academic data-intensive research practice. In this paper, we elaborate basic principles of a reproducible data analysis workflow by defining 3 phases: the Explore, Refine, and Produce Phases. Each phase is roughly centered around the audience to whom research decisions, methodologies, and results are being immediately communicated. Importantly, each phase can also give rise to a number of research products beyond traditional academic publications. Where relevant, we draw analogies between design principles and established practice in software development. The guidance provided here is not intended to be a strict rulebook; rather, the suggestions for practices and tools to advance reproducible, sound data-intensive analysis may furnish support for both students new to research and current researchers who are new to data-intensive work.",openalex,llm,0.990,unreviewed,
discarded,Module-per-Object: a Human-Driven Methodology for C++-based High-Level Synthesis Design,Jeferson Santiago da Silva; François-Raymond Boyer; J. M. Pierre Langlois,2019,arXiv (Cornell University),10.48550/arxiv.1903.06693,https://openalex.org/W2952445776,off-topic-false-hit,"High-Level Synthesis (HLS) brings FPGAs to audiences previously unfamiliar to hardware design. However, achieving the highest Quality-of-Results (QoR) with HLS is still unattainable for most programmers. This requires detailed knowledge of FPGA architecture and hardware design in order to produce FPGA-friendly codes. Moreover, these codes are normally in conflict with best coding practices, which favor code reuse, modularity, and conciseness. To overcome these limitations, we propose Module-per-Object (MpO), a human-driven HLS design methodology intended for both hardware designers and software developers with limited FPGA expertise. MpO exploits modern C++ to raise the abstraction level while improving QoR, code readability and modularity. To guide HLS designers, we present the five characteristics of MpO classes. Each characteristic exploits the power of HLS-supported modern C++ features to build C++-based hardware modules. These characteristics lead to high-quality software descriptions and efficient hardware generation. We also present a use case of MpO, where we use C++ as the intermediate language for FPGA-targeted code generation from P4, a packet processing domain specific language. The MpO methodology is evaluated using three design experiments: a packet parser, a flow-based traffic manager, and a digital up-converter. Based on experiments, we show that MpO can be comparable to hand-written VHDL code while keeping a high abstraction level, human-readable coding style and modularity. Compared to traditional C-based HLS design, MpO leads to more efficient circuit generation, both in terms of performance and resource utilization. Also, the MpO approach notably improves software quality, augmenting parametrization while eliminating the incidence of code duplication.",openalex,llm,0.880,unreviewed,
discarded,SEON: a pyramid of ontologies for software evolution and its applications,Michael Würsch; Giacomo Ghezzi; Matthias Hert; Gerald Reif; Harald C. Gall,2012,Computing,10.1007/s00607-012-0204-1,https://openalex.org/W2087421491,off-topic-false-hit,"The Semantic Web provides a standardized, well-established framework to define and work with ontologies. It is especially apt for machine processing. However, researchers in the field of software evolution have not really taken advantage of that so far. In this paper, we address the potential of representing software evolution knowledge with ontologies and Semantic Web technology, such as Linked Data and automated reasoning. We present Seon, a pyramid of ontologies for software evolution, which describes stakeholders, their activities, artifacts they create, and the relations among all of them. We show the use of evolution-specific ontologies for establishing a shared taxonomy of software analysis services, for defining extensible meta-models, for explicitly describing relationships among artifacts, and for linking data such as code structures, issues (change requests), bugs, and basically any changes made to a system over time. For validation, we discuss three different approaches, which are backed by Seon and enable semantically enriched software evolution analysis. These techniques have been fully implemented as tools and cover software analysis with web services, a natural language query interface for developers, and large-scale software visualization.",openalex,llm,0.970,unreviewed,
discarded,A Web-based module and online video for pain management education for caregivers of children with fractures: A randomized controlled trial,Stevi Golden-Plotnik; Samina Ali; Amy L. Drendel; T.C.M. Wong; Frank Ferlisi; Sydney Todorovich; Kyle Canton; Michael R. Miller; Julia Younan; Sharlene Elsie; Naveen Poonai,2017,Canadian Journal of Emergency Medicine,10.1017/cem.2017.414,https://openalex.org/W2766791681,off-topic-false-hit,"Introduction: Over 80% of children experience compromise in functioning following a fracture. Digital media may improve caregiver knowledge of managing fracture pain at home.

Objectives: To determine whether an educational video was superior to an interactive web-based module (WBM) and verbal instructions, the standard of care (SOC).

Methods: This randomized trial included caregivers of children 0-17 years presenting to the emergency department (ED) with non-operative fractures. Primary outcome was the gain score (pre-post intervention) on a 21-item questionnaire testing knowledge surrounding pain recognition and management for children with fractures. Secondary outcomes included survey of caregiver confidence in managing pain (five-item Likert scale), number of days with difficulty sleeping, before return to a normal diet, and work/school missed.

Results: We analyzed 311 participants (WBM 99; video 108; SOC 104) with a mean (SD) child age of 9.6 (4.2) years, of which 125/311 (40.2%) were female. The video (delta =2.3, 95% CI: 1.3, 3.3; p<0.001) and WBM (delta =1.6; 95% CI: 0.5, 2.6; p =0.002) groups had significantly greater gain scores than the SOC group. The mean video gain score was not significantly greater than WBM (delta =0.7; 95% CI: -0.3, 1.8; p=0.25). There were no significant differences in caregiver confidence (p =0.4), number of absent school days (p=0.43), nights with difficulty sleeping (p=0.94), days before return to a normal diet (p=0.07), or workdays missed (p=0.95).

Conclusions: A web-based module and online video are superior to verbal instructions for improving caregiver knowledge on management of children's fracture pain without improvement in functional outcomes",openalex,llm,1.000,unreviewed,
discarded,Alginate: From Food Industry to Biomedical Applications and Management of Metabolic Disorders,Roxana Gheorghiță; Andrei Lobiuc; Mihai Dimian; Mihai Covașă,2020,Polymers,10.3390/polym12102417,https://openalex.org/W3094506115,off-topic-false-hit,"Initially used extensively as an additive and ingredient in the food industry, alginate has become an important compound for a wide range of industries and applications, such as the medical, pharmaceutical and cosmetics sectors. In the food industry, alginate has been used to coat fruits and vegetables, as a microbial and viral protection product, and as a gelling, thickening, stabilizing or emulsifying agent. Its biocompatibility, biodegradability, nontoxicity and the possibility of it being used in quantum satis doses prompted scientists to explore new properties for alginate usage. Thus, the use of alginate has been expanded so as to be directed towards the pharmaceutical and biomedical industries, where studies have shown that it can be used successfully as biomaterial for wound, hydrogel, and aerogel dressings, among others. Furthermore, the ability to encapsulate natural substances has led to the possibility of using alginate as a drug coating and drug delivery agent, including the encapsulation of probiotics. This is important considering the fact that, until recently, encapsulation and coating agents used in the pharmaceutical industry were limited to the use of lactose, a potentially allergenic agent or gelatin. Obtained at a relatively low cost from marine brown algae, this hydrocolloid can also be used as a potential tool in the management of diabetes, not only as an insulin delivery agent but also due to its ability to improve insulin resistance, attenuate chronic inflammation and decrease oxidative stress. In addition, alginate has been recognized as a potential weight loss treatment, as alginate supplementation has been used as an adjunct treatment to energy restriction, to enhance satiety and improve weight loss in obese individuals. Thus, alginate holds the promise of an effective product used in the food industry as well as in the management of metabolic disorders such as diabetes and obesity. This review highlights recent research advances on the characteristics of alginate and brings to the forefront the beneficial aspects of using alginate, from the food industry to the biomedical field.",openalex,llm,1.000,unreviewed,
discarded,Human Centered Data Science: Ungrading in an Introductory Data Science Course,Allison S. Theobold,2023,,10.1145/3587102.3588816,https://openalex.org/W4382652718,off-topic-false-hit,"The COVID-19 pandemic caused the flaws of traditional grading systems to become even more apparent. In response, a growing number of educators are transitioning their classrooms to focus on alternative methods of assessment. These subversive methods promote more equitable assessments, as they provide a more accurate picture of what a student has learned, cultivate students' intrinsic motivation, and do not privilege students from certain backgrounds. This article details how alternative grading, specifically ""ungrading,"" was integrated into an introductory data science course. I detail how the course components align with the principles of alternative grading, students' responses to the course structure, and the lessons I learned along the way. Finally, I close with a discussion of how infusing alternative methods of assessment into the classroom stands to cultivate the diversity continually lacking in computer science and data science.",openalex,llm,0.990,unreviewed,
discarded,Designing Software Architecture to Support Continuous Delivery and DevOps: A Systematic Literature Review,Robin Bolscher; Maya Daneva,2019,,10.5220/0007837000270039,https://openalex.org/W2968843250,off-topic-false-hit,"This paper presents a systematic literature review of software architecture approaches that support the implementation of Continuous Delivery (CD) and DevOps. Its goal is to provide an understanding of the state-of-the-art on the topic, which is informative for both researchers and practitioners. We found 17 characteristics of a software architecture that are beneficial for CD and DevOps adoption and identified ten potential software architecture obstacles in adopting CD and DevOps in the case of an existing software system. Moreover, our review indicated that micro-services are a dominant architectural style in this context. Our literature review has some implications: for researchers, it provides a map of the recent research efforts on software architecture in the CD and DevOps domain. For practitioners, it describes a set of software architecture principles that possibly can guide the process of creating or adapting software systems to fit in the CD and DevOps context.",openalex,llm,0.960,unreviewed,
discarded,Improving patient understanding on discharge from the short stay unit: an integrated human factors and quality improvement approach,Jenna Lauren Elizabeth Cook; Evie Fioratou; Peter Davey; Lynn Urquhart,2022,BMJ Open Quality,10.1136/bmjoq-2021-001810,https://openalex.org/W4292840683,off-topic-false-hit,"This intervention used a systems approach to improve patient understanding on discharge from the adult acute medicine short stay unit (SSU). Patient understanding was assessed across five domains: diagnosis, medication changes, follow-up care, return instructions and knowing who their consultant was. The aim of this approach was that at least 90% of patients achieved near-complete understanding (score >4) on questionnaire across all five discharge domains by the end of April 2021. Pre-intervention most patients received verbal instructions and only a minority received written information. Through staff interviews, we identified the electronic discharge document (EDD) as a practical source of written information. However, testing with patients showed that the format required substantial redesign to be written in patient-friendly language, using signposting, spacing information out and avoiding jargon. The effect of this intervention was assessed with a structured telephone questionnaire, which included both a patient self-rated score and a comparative understanding score to assess true patient understanding of the revised EDD. Pre-intervention 29 discharged patients were interviewed across 10 days and post-intervention 10 patients were interviewed in 7 days. Patients consistently over-rated their understanding of discharge information. Only one patient achieved the aim of comparative understanding >4 across all domains post-intervention. Understanding improved across all but one of the domains, the exception being medication changes. An important unanticipated consequence was that interviews identified inconsistencies in EDD information and gaps in patient understanding, which required escalation to the SSU team. In summary, this intervention improved patient understanding across four of the five domains. However, further work is required on process reliability for the redesigned EDD and on improving understanding of medication changes. Furthermore, the interviews revealed clinically important inconsistencies in EDD information and gaps in patient understanding.",openalex,llm,1.000,unreviewed,
discarded,Influence of liquid surface tension on stiction of SOI MEMS,Olivier Raccurt; F. Tardif; F. Arnaud d’Avitaya; T. Vareine,2004,Journal of Micromechanics and Microengineering,10.1088/0960-1317/14/7/031,https://openalex.org/W1980465550,off-topic-false-hit,"Stiction during the release step is one of the most important problems in micro-electromechanical systems (MEMS). This phenomenon, due to capillary forces and molecular adhesion, appears during drying after wet etching. This force is directly proportional to the surface tension of the last liquid used before drying. In this paper, we present firstly an experimental study of the influence of the liquid surface tension on the stiction of the SOI microstructure. In a second part we show how a new industrial bath process is able to perform the complete release step (etching, rinsing and drying).",openalex,llm,1.000,unreviewed,
discarded,"Examining Student Regulation of Collaborative, Computational, Problem-Solving Processes in Open-Ended Learning Environments",Mona Emara; Nicole Hutchins; Shuchi Grover; C. R. Snyder; Gautam Biswas,2021,Journal of Learning Analytics,10.18608/jla.2021.7230,https://openalex.org/W3152585019,off-topic-false-hit,"The integration of computational modelling in science classrooms provides a unique opportunity to promote key 21st century skills including computational thinking (CT) and collaboration. The open-ended, problem-solving nature of the task requires groups to grapple with the combination of two domains (science and computing) as they collaboratively construct computational models. While this approach has produced significant learning gains for students in both science and CT in K–12 settings, the collaborative learning processes students use, including learner regulation, are not well understood. In this paper, we present a systematic analysis framework that combines natural language processing (NLP) of collaborative dialogue, log file analyses of students’ model-building actions, and final model scores. This analysis is used to better understand students’ regulation of collaborative problem solving (CPS) processes over a series of computational modelling tasks of varying complexity. The results suggest that the computational modelling challenges afford opportunities for students to a) explore resource-intensive processes, such as trial and error, to more systematic processes, such as debugging model errors by leveraging data tools, and b) learn from each other using socially shared regulation (SSR) and productive collaboration. The use of such SSR processes correlated positively with their model-building scores. Our paper aims to advance our understanding of collaborative, computational modelling in K–12 science to better inform classroom applications.",openalex,llm,0.990,unreviewed,
