status,title,authors,year,venue,doi,url,tags,abstract,provider,decision_source,llm_confidence,llm_review_outcome,llm_change_direction
discarded,Cost and Benefit of Tracing Features with Embedded Annotations,Berger T.,2026,ACM Transactions on Software Engineering and Methodology,10.1145/3746060,https://www.scopus.com/inward/record.uri?partnerID=HzOxMe3b&scp=105035898889&origin=inward,adjacent-subtopic,"Features are commonly used to describe the functional and non-functional characteristics of software. Especially agile development methods, such as SCRUM, FDD, or XP, use features to plan and manage software development. Features are often the main units of software reuse, communication, and configuration, abstracting over code details. Especially in the age of generative AI, where feature requirements are specified as prompts and substantial code is cloned, codebases are becoming increasingly complex and redundant. This requires raising the level of abstraction at which we manage and evolve software systems. However, effectively using features requires knowing their precise locations within codebases, which is especially challenging when they are scattered across the codebase. Once implemented, the knowledge about a feature’s location quickly deteriorates when the software evolves or development teams change, requiring expensive recovery of features. This decades-old problem is known as the feature-location or concept assignment problem in software engineering, which researchers have—unsuccessfully over decades—tried to address with automated feature-location recovery techniques. The problem lies in the common belief that recording and maintaining feature locations during development is laborious and error-prone. In this study, we argue to the contrary. We hypothesize that such information can be effectively embedded into codebases, and that the arising costs will be amortized by the benefits of this information. We validated this hypothesis in a simulation study with three subjects systems: a smaller open source system, a large commercial firmware system, and an open source mobile app. We designed a lightweight code annotation technique and simulated its use as if annotations had been added, maintained, and exploited during the original development. We identified evolution patterns and measured the cost and benefit of these annotations. Our results show that not only the cost of adding annotations, but also that of maintaining them is negligible compared to the development and maintenance costs of the actual code. Embedding the annotations into the codebase significantly reduced their maintenance effort, because they naturally co-evolved with the code. The annotations provided a benefit for feature-related maintenance tasks, such as feature cloning or merging the clones into an integrated codebase, that exceeded the costs of using them.",scopus,llm,0.630,unreviewed,
discarded,Cold Stress Induces Tissue-Specific Lipid Metabolic Responses and Scd1-Mediated Hepatic Apoptosis in Silver Pomfret,Zhang M.,2026,Animals,10.3390/ani16081196,https://www.scopus.com/inward/record.uri?partnerID=HzOxMe3b&scp=105036850300&origin=inward,off-topic-false-hit,"Simple Summary Silver pomfret is an important fish species, but it is sensitive to cold temperatures. In this study, we investigated how these fish adapt to long-term cold exposure by looking at changes in fat metabolism across different body tissues. We found that during cold stress, different tissues take on specific roles at different times. For example, the liver and heart quickly use stored fats for energy in the early stages, while the gills adjust their cell membranes to remain flexible later on. We also discovered that the scd1 gene, involved in fat processing, plays a key role in protecting liver cells from dying under cold conditions. When this gene was active, cells survived better; when it was blocked, more cells died. Our findings help explain how fish cope with cold environments and may support future efforts to breed more cold-tolerant fish for aquaculture.",scopus,llm,1.000,unreviewed,
discarded,Mitotic BLM functions are required to maintain genomic stability,Hamann T.E.,2026,Nucleic Acids Research,10.1093/nar/gkag199,https://www.scopus.com/inward/record.uri?partnerID=HzOxMe3b&scp=105032414771&origin=inward,off-topic-false-hit,"The BLM helicase is a critical genome maintenance protein involved in diverse cellular processes including DNA replication, repair, transcription, and chromosome segregation. During mitosis, it cooperates with the PICH helicase and topoisomerases to resolve ultrafine DNA bridges (UFBs) - non-chromatinized DNA structures that link sister chromatids - through a mechanism that is not yet fully understood. Here we tagged endogenous BLM and PICH with fluorescent proteins and BLM with an auxin-inducible degron to generate a cell model system that enables temporal tracking of UFB dynamics in the presence or absence of BLM. Time-resolved lattice light sheet microscopy established the dynamic localization patterns of BLM and PICH throughout the cell cycle. While BLM cycles between PML bodies and DNA repair foci in interphase, it dissociates from chromatin at the mitotic entry, and re-associates during anaphase to UFBs as well as to CENP-B-positive mitotic foci. Acute BLM depletion during mitosis increased the fraction of unresolved UFBs, micronuclei containing acentric fragments, binucleation, and resulted in subtle genomic abnormalities detected by single-cell whole genome sequencing. These findings highlight a mitosis-specific role for BLM in UFB resolution and underscore its function in preserving genomic stability. Graphical abstract",scopus,llm,1.000,unreviewed,
discarded,Heterologous Overexpression of NtNACa from Narcissus tazetta L. var. chinensis ‘Yunxiang’ Enhances Drought and Salt Stress Resistance in Arabidopsis thaliana,Li P.F.,2026,Genes,10.3390/genes17030316,https://www.scopus.com/inward/record.uri?partnerID=HzOxMe3b&scp=105034193371&origin=inward,off-topic-false-hit,"Background/Objectives: NAC transcription factors are key regulators of stress responses, yet their roles in Narcissus tazetta L. var. chinensis remain uncharacterized. This study aimed to isolate and functionally analyze NtNACa, a NAC gene from the ‘Yunxiang’ narcissus variety, to evaluate its potential in enhancing abiotic stress tolerance. Methods: NtNACa was cloned and its expression pattern under heat, salt, and ABA treatments was assessed via qRT-PCR. Subcellular localization was determined using GFP fusion in tobacco. NtNACa was overexpressed in Arabidopsis thaliana through floral dip transformation, and transgenic lines were subjected to NaCl, ABA, and drought stress assays. Results: The results showed that NtNACa has high homology with monocot NAC family members and possesses typical NAC transcription factor features. Further analyses revealed that NtNACa localizes to the nucleus, and tissue-specific expression analysis indicated that it is highly expressed in leaves, followed by roots and bulbs. The transcriptional expression of NtNACa is differentially regulated in response to 100 mM NaCl, 100 μM ABA, and 50 °C temperature stress. Overexpression of NtNACa in A. thaliana produced transgenic lines with significantly higher germination rates under ABA and NaCl treatments. Soil-grown transgenic A. thaliana plants overexpressing NtNACa showed markedly increased drought stress. Moreover, NtNACa confers drought resilience by coordinately suppressing oxidative damage (via reduced O2−· production rate and MDA accumulation and elevated AtCAT2 expression), enhancing osmotic adjustment (through AtP5CR-mediated proline biosynthesis), and activating core stress-signaling components such as AtRD29A and AtSnRK2.4. Conclusions: Taken together, these results indicate that heterologous overexpression of NtNACa from ‘Yunxiang’ (N. tazetta) confers enhanced drought and salt tolerance in A. thaliana.",scopus,llm,1.000,unreviewed,
discarded,Hypoxia-inducible factor 1αa regulates lipid metabolism to coordinate adipocyte hypertrophy and hyperplasia in grass carp,Wei M.,2026,Journal of Biological Chemistry,10.1016/j.jbc.2026.111195,https://www.scopus.com/inward/record.uri?partnerID=HzOxMe3b&scp=105032155516&origin=inward,off-topic-false-hit,"Obesity significantly burdens global health. Conversely, some animals efficiently store substantial fat during food abundance while maintaining metabolic health, offering unique insights into the mechanisms of healthy adipose expansion. Understanding these short-term physiological adaptations is therefore crucial. Here, using the grass carp (Ctenopharyngodon idellus) as a model, which exhibits remarkable fat storage capacity, we found that adipose tissue responded to energy overload first and expanded through adipocyte hypertrophy and hyperplasia. Mechanistically, hypoxia inducible factor 1αa (HIF1αa) was activated in mature adipocytes after short-term high-energy intake, thereby bidirectionally regulating adipose triglyceride lipase (ATGL) to drive healthy expansion of adipose tissue in grass carp: (1) HIF1αa downregulates ATGL protein levels via the ubiquitin-proteasome pathway, promoting adipocyte hypertrophy; (2) HIF1αa upregulates ATGL transcription to sustain basal lipolysis, releasing free fatty acids that activate peroxisome proliferator–activated receptor γ in preadipocytes to promote adipocyte hyperplasia. Crucially, unlike obese mice requiring 7 weeks, grass carp exhibited rapid adipocyte hyperplasia. This not only increases the energy storage limit but also prevents excessive hypertrophy of adipocytes. Taken together, our study reveals how grass carp utilizes hypoxia signal (a signal often associated with metabolic disorders in mammals) to coordinate the pattern of adipose tissue expansion, achieving rapid and healthy lipid storage. Our findings redefine hypoxia's role as a metabolic orchestrator rather than a stress indicator, providing a theoretical basis for addressing obesity-related diseases in humans caused by excessive energy intake.",scopus,llm,1.000,unreviewed,
discarded,Cloning and Characterization of IbHQT1: A BAHD Acyltransferase Gene That Positively Regulates Chlorogenic Acid Biosynthesis in Sweet Potato,Xiang L.,2026,Genes,10.3390/genes17020123,https://www.scopus.com/inward/record.uri?partnerID=HzOxMe3b&scp=105031282533&origin=inward,off-topic-false-hit,"Background: Hydroxycinnamoyl-CoA quinate hydroxycinnamoyl-transferase (HQT) is an essential enzyme for chlorogenic acid (CGA) biosynthesis in plants. Multiple HQT-encoding genes potentially involved in CGA synthesis in sweet potato (Ipomoea batatas) have been predicted. However, the functions of these genes have not been verified. Methods: In this study, the gene IbHQT1 was isolated from the sweet potato cultivar ‘Nanshu-88’ and functionally characterized using transgenic technology. Results: IbHQT1 encodes a protein comprising 431 amino acids, with conserved HXXXD and DFGWG motifs characteristic of BAHD acyltransferase family members. A phylogenetic analysis indicated that IbHQT1 has a close evolutionary relationship with StHQT in Solanum tuberosum. According to qPCR data, IbHQT1 is highly expressed in young leaves, and its expression is affected by exogenous MeJA (100 µM), ABA (100 µM), GA3 (50 µM), and SA (100 µM). Analyses of cis-acting regulatory elements indicated that the IbHQT1 promoter contains multiple elements responsive to MeJA, ABA, SA, GA3, and light. In plants overexpressing IbHQT1, CGA contents in mature leaves and storage roots increased 1.30- to 1.44-fold and 1.28- to 1.43-fold, respectively. Conversely, in IbHQT1-RNAi lines, CGA contents in mature leaves and storage roots decreased by 16–38% and 18–40%, respectively. Conclusions: These findings indicate that IbHQT1 positively regulates CGA biosynthesis in sweet potato plants.",scopus,llm,1.000,unreviewed,
discarded,Bioinformatics Analysis of Genetic Variations and Clonal Relationships of Clinical Enterococci Species in the Context of Antibiotic Resistance in Iraq,Ojaimi R.R.,2026,Avicenna Journal of Clinical Microbiology and Infection,10.34172/ajcmi.3721,https://www.scopus.com/inward/record.uri?partnerID=HzOxMe3b&scp=105031721176&origin=inward,off-topic-false-hit,"Background: Antibiotic-resistant enterococci have turned into major pathogens in humans in Iraq. Therefore, this study examined genetic variations and clonal relationships among Enterococcus strains concerning antibiotic resistance in Al-Diwaniya, Iraq, using RAPD-PCR. Methods: Overall, 250 clinical samples were collected under sterilized conditions between December 2020 and May 2021. Using standard methods, enterococci isolates were identified and evaluated for antibacterial susceptibility. Moreover, molecular techniques were utilized to examine genetic variations and clonal relationships of Enterococcus spp. and detect EsβL genes. The random amplified polymorphic deoxyribonucleic acid-polymerase chain reaction (RAPD-PCR) results were analyzed by BioNumerics software. Results: Thirty-four enterococci strains were isolated and identified by amplifying and sequencing the 16S–23S rRNA gene. Of these strains, 82.3%, 8.8%, 5.8%, and 2.9% were identified as E. faecalis, E. faecium, E. casseliflavus, and E. gallinarum, respectively. The highest antibiotic resistance among E. faecium isolates was associated with ampicillin, cefotaxime, ceftriaxone, and gentamicin (100%), while the lowest resistance belonged to chloramphenicol (66.60%). Multidrug-resistant and extensively drug-resistant strains were present in 50% and 5.8% of the enterococci isolates, respectively. The presence of the bla-TEM, bla-SHV, and bla-CTX-M2 genes in several isolates at frequencies of 44.1%, 38.2%, and 11.7%, respectively, indicated the spread of antibiotic resistance mechanisms. RAPD results confirmed a relationship between RAPD patterns, isolate sources, and antibiotic resistance patterns. Conclusion: Our findings demonstrated a distinct genotypic variety of the E. faecalis, E. faecium, E. casseliflavus, and E. gallinarum strains isolated from various clinical cases. RAPD analysis proved to be highly effective in determining the genetic variation among Enterococcus species.",scopus,llm,0.990,unreviewed,
discarded,Identification of the JAZ gene family in Cucurbita pepo and functional analysis of CpJAZ5 in drought stress response,Xu K.,2026,Plant Science,10.1016/j.plantsci.2025.112862,https://www.scopus.com/inward/record.uri?partnerID=HzOxMe3b&scp=105021360761&origin=inward,off-topic-false-hit,"JAZ proteins act as critical negative regulators (repressors) in the jasmonic acid (JA) signaling pathway. Although numerous JAZ gene families have been characterized in various plant species, knowledge of the JAZ family in Cucurbita pepo (zucchini) remains limited. In this study, 16 CpJAZ genes were identified in C. pepo via available genomic data and classified into four distinct groups, each containing the conserved TIFY and Jas domains (hallmark domains of JAZ proteins). The promoters of CpJAZ genes exhibit a high density of stress-responsive cis-elements, with specific element types varying among genes. Analysis of the CpJAZ family's duplication pattern showed that segmental duplications are the predominant driver of its expansion in C. pepo. Expression profiling under drought stress revealed that most CpJAZ genes are upregulated, with CpJAZ5 showing the most pronounced induction. Heterologous expression of CpJAZ5 in yeast conferred enhanced resistance to osmotic stress-suggesting its potential role in mediating drought tolerance. Further analyses demonstrated that the CpJAZ5 protein interacts directly with the key transcription factor (TF) CpMYC2, negatively regulating CpMYC2-mediated signaling by repressing CpMYC2 expression. Functional assays indicated this regulatory mechanism mitigates the overactivation of JA signaling under drought conditions, thereby reducing C. pepo's sensitivity to drought stress. Additionally, the CpJAZ5 promoter contains W-box cis-elements (TTGACC), which are specifically recognized by WRKY TFs. Yeast one-hybrid (Y1H) and electrophoretic mobility shift assay (EMSA) confirmed that CpWRKY51 directly binds to these W-box elements, regulating CpJAZ5 transcription by targeting its promoter. Collectively, these results identify CpJAZ5 as a central molecular node linking the CpWRKY51 transcriptional module to MYC2-mediated JA signaling, providing new insights into the complex regulatory networks governing JAZ proteins in plant responses to environmental stress.",scopus,llm,0.990,unreviewed,
discarded,Renal tubular-derived retinoic acid drives renal fibrosis via a RAI14–TRIOBP–YAP mechanotransduction axis,Zhu J.,2026,Cellular Signalling,10.1016/j.cellsig.2025.112246,https://www.scopus.com/inward/record.uri?partnerID=HzOxMe3b&scp=105022687571&origin=inward,off-topic-false-hit,"Retinoic acid (RA), a metabolite of vitamin A, exerts paradoxical effects in tissue repair, promoting regeneration in some contexts while driving fibrosis in others. However, the mechanisms governing this functional switch remain elusive. Here, we identify RA as a key paracrine signal that links tubular epithelial injury to fibroblast activation in renal fibrosis. Spatial metabolomics and single-cell transcriptomics reveal that ALDH1A2-mediated RA synthesis is upregulated in injured renal tubules, while RA receptor signaling is enriched in interstitial fibroblasts. RA stimulation induces fibroblast-to-myofibroblast transition (FMT) by upregulating RAI14, a cytoskeletal adaptor that binds and stabilizes TRIOBP, thereby preventing its HECTD1-mediated ubiquitination and degradation. This stabilization enhances F-actin assembly and cytoskeletal tension, leading to YAP nuclear translocation and activation of profibrotic transcriptional programs. Genetic ablation of RAI14 significantly attenuates renal fibrosis in vivo. Together, our findings uncover a tubule-derived RA-RAI14-TRIOBP-YAP axis that translates epithelial injury into fibroblast mechanotransduction, providing mechanistic insight into epithelial-mesenchymal communication and a potential therapeutic target for fibrotic kidney disease.",scopus,llm,0.990,unreviewed,
discarded,Stuxnet balances mitochondria homeostasis by regulating uhg5 and parkin,Zhao X.,2026,Cell Reports,10.1016/j.celrep.2025.116855,https://www.scopus.com/inward/record.uri?partnerID=HzOxMe3b&scp=105029012899&origin=inward,off-topic-false-hit,"Emerging evidence implicates the Stuxnet (Stx) protein in human disease, extending beyond its known role in proteasome-independent degradation. Exploring this further, our investigation into stx downstream targets in Drosophila reveals that loss of the U snoRNA host gene 5 (Uhg5) gene disrupts sleep. This sleep phenotype is linked to inefficient translation of mitochondrial genes, as Uhg5 produces small nucleolar RNAs (snoRNAs) that directly regulate mitochondrial transcripts. Using GoldCLIP technology, we discover that Stx interacts with both Uhg5 and parkin mRNAs. parkin is a key regulator of mitochondrial quality control. Genetic tests confirm functional relationships between stx, Uhg5, and parkin. This study establishes that Uhg5-derived snoRNAs regulate sleep by controlling mitochondrial gene translation. Crucially, our findings propose a model in which Stx coordinates mitochondrial biogenesis (via Uhg5) with mitophagy (via parkin). This provides a molecular link for Stx's potential role in Parkinson's disease pathogenesis.",scopus,llm,0.980,unreviewed,
discarded,Farmer Behavior Augmented Reinforcement Learning for Smart Irrigation,Rakesh M.D.,2026,17th International Conference on Advances in Computing Control and Telecommunication Technologies Act 2026,,https://www.scopus.com/inward/record.uri?partnerID=HzOxMe3b&scp=105047248350&origin=inward,off-topic-false-hit,,scopus,llm,0.950,unreviewed,
discarded,Grass carp catalase inhibits GCRV replication through ROS scavenging-mediated immune suppression and autophagy,Wang X.,2026,Virulence,10.1080/21505594.2026.2678043,https://www.scopus.com/inward/record.uri?partnerID=HzOxMe3b&scp=105040921836&origin=inward,off-topic-false-hit,"ABSTRACT Catalase (CAT) is a key antioxidant enzyme that eliminates reactive oxygen species (ROS), thereby protecting organisms from oxidative stress and maintaining cellular homeostasis. In this study, we cloned and characterized a CAT gene (CiCAT) from grass carp (Ctenopharyngodon idellus), an important aquaculture species in China. The full-length cDNA of CiCAT is 2263 bp, with a 1575 bp open reading frame (ORF), and the encoded protein is highly conserved among fish species. CiCAT was constitutively expressed across all examined tissues, and its expression levels were significantly altered following infection with grass carp reovirus (GCRV) or stimulation with pathogen-associated molecular patterns (PAMPs). Subcellular localization analysis revealed that CiCAT was widely distributed in cells but co-localized with peroxisomes under H2O2 treatment. Functionally, CiCAT enhanced Escherichia coli resistance to H2O2 and heavy metal stress, and it inhibited GCRV replication in fish cells. Mechanistic investigations demonstrated that CiCAT suppresses GCRV replication not through activation of the host antiviral immune response, but by scavenging ROS, which attenuates host immune signaling. This reduced immune activity in turn promotes autophagy via the mTORC1/ULK1 pathway, thereby restricting GCRV replication. Collectively, our findings provide novel insights into the antiviral role of CAT in teleost fish.",scopus,llm,0.990,unreviewed,
