status,title,authors,year,venue,doi,url,tags,abstract,provider,decision_source,llm_confidence,llm_review_outcome,llm_change_direction
kept,Dom4LLM: Domain-Adaptive Large Language Models for Automated Code Clone Refactoring,Xia M.,2026,2026 IEEE Acis 24th International Conference on Software Engineering Research Management and Applications SERA 2026,10.1109/SERA69989.2026.11618621,https://www.scopus.com/inward/record.uri?partnerID=HzOxMe3b&scp=105047282951&origin=inward,adjacent-subtopic,"Large Language Models (LLMs) have demonstrated remarkable proficiency in general-purpose code understanding tasks. However, when deployed for specialized tasks like code clone detection, generalized models frequently suffer from severe performance degradation across unseen projects due to domain shift. Furthermore, standard development tools often lack the semantic awareness required to automatically unify complex clone classes. To address these challenges, we present Dom4LLM, a domain-adaptive approach tailored for automated code clone refactoring. Our approach dynamically orchestrates a model's data exposure through a curriculum-guided process, transitioning from universal clone patterns to target-domain structural idioms, enabling LLMs to encode project-specific semantics. We evaluated Dom4LLM using four state-of-the-art LLMs (CodeGPT, CodeBERT, GraphCodeBERT, and CodeT5) across 68 open-source Java and Python target projects. The results reveal that our adaptation resolves the performance instability of source-only fine-tuning, yielding a statistically significant surge in accuracy with median F1-scores $\geq 0.95$ for Java and up to 0.91 for Python. By accurately isolating syntactically and semantically extractable clone candidates-overcoming the localized constraints of standard IDEs-Dom4LLM improves the feasibility of automated Extract Method refactoring, translating raw detection into actionable technical debt reduction.",scopus,llm,0.980,unreviewed,
kept,Shazam4Code: An explainable method for detecting derivative clones for ensuring code providence,Heller J.A.,2026,2026 IEEE International Conference on AI and Data Analytics Icad 2026,10.1109/ICAD69378.2026.11608599,https://www.scopus.com/inward/record.uri?partnerID=HzOxMe3b&scp=105046398365&origin=inward,adjacent-subtopic,"Copying and pasting code is common and has implications in software maintenance, security, legal, and plagiarism applications. This behavior may have a poison pill effect that propagates a bug or even violates a software license. Despite the availability of AI to search large dataset corpus, there are fundamental limitations that inhibit LLMs from scaling efficiently and providing explainable results for these code providence applications. One major issue is the number of one-to-one matches (O(N)) that AI must perform, which doesn’t scale and is too costly. LLMs also suffer from semantic hallucination and are sensitive to prompt quality. AI agentic code generators also create duplicate code blocks, increasing the risk of vulnerabilities and maintenance issues. Furthermore, there are no quantitative metrics of assessment that are independent of human evaluators to establish the ground truth for code clones. Utilizing hybrid approaches that use offline processing to generate embedded representations can help alleviate some of these LLM challenges. The goal of this work is to present an efficient, explainable search system to determine if a code snippet is a derivative of known code, resulting from copying and pasting with possible edits. This will help to quickly identify code provenance, reducing the risk of license violations and helping to trace bug propagation. The methods we introduce will help address these foundational limitations of AI approaches and establish a new quantitative metric called shazaM trEe Edit disTance pRoxy(MEETER) to help reduce the dependency on human evaluators when establishing code clone ground truth datasets. The new framework approach called Shazam4Code has three major stages, source code normalization through canonicalization, functional fingerprinting through Syntax Tree (AST) decomposition, and efficient fingerprint matching. The search cost of our approach grows sub-linearly with database size. We evaluate our framework for accuracy and performance using BigCloneBench and the iJaDataset.",scopus,llm,0.800,unreviewed,
discarded,Impact of the photoperiod-responsive circadian clock gene period on reproductive diapause in Chrysoperla nipponensis (Okamoto),Kong X.,2026,Insect Biochemistry and Molecular Biology,10.1016/j.ibmb.2025.104444,https://www.scopus.com/inward/record.uri?partnerID=HzOxMe3b&scp=105021840634&origin=inward,off-topic-false-hit,"Reproductive diapause in insects is a crucial seasonal adaptation, predominantly regulated by photoperiod, with the circadian clock providing the internal time reference to measure day or night length. Despite its importance, the role of core circadian clock genes in photoperiodic responses and reproductive diapause induction remains poorly understood. The green lacewing, Chrysoperla nipponensis, an important predatory natural enemy, undergoes reproductive diapause under short-day (SD) conditions. This study aimed to investigate the role of circadian clock gene period (per) in photoperiod-mediated diapause of C. nipponensis. Firstly, we identified and molecularly characterized per in C. nipponensis. The encoded PER protein contains conserved domains (PAS, PAC, Period_C) and clusters phylogenetically with neuropteran and coleopteran orthologs. Next, we examined the spatiotemporal expression pattern of per, revealing that its expression was significantly influenced by photoperiod, daily expression pattern of per indicate it measuring night length. Functional RNAi assays demonstrated that per knockdown under diapause-inducing (short-day) conditions severely disrupted other core clock genes (timeless1, cycle, clock), abolished diapause phenotypes (ovarian arrest, lipid accumulation), and triggered precocious reproduction. Furthermore, transcriptional-level analysis revealed that per silencing upregulates core circadian clock genes and 20-hydroxyecdysone (20E) signaling genes, and reprograms lipid metabolism under short-day conditions in C. nipponensis. Overall, these findings establish per as a critical genetic switch linking circadian timing to diapause induction in C. nipponensis, offering new insights into the molecular mechanisms of circadian regulation in seasonal adaptations of natural enemies, with potential applications in biological control of agricultural pests.",scopus,llm,0.990,unreviewed,
discarded,"A secreted C-type lectin in Periplaneta americana functioning in antibacterial activity, innate immune signaling and leg regeneration",Liu X.,2026,Frontiers in Immunology,10.3389/fimmu.2025.1730116,https://www.scopus.com/inward/record.uri?partnerID=HzOxMe3b&scp=105029173983&origin=inward,off-topic-false-hit,"Introduction C-type lectins are important pattern-recognition receptors that play essential roles in innate immune responses by recognizing pathogen-associated molecular patterns. However, their biological functions in Periplaneta americana have not been systematically investigated. Methods Two PaSCLec isoforms predicted by RNA-seq, designated PaSCL-Ad and PaSCL-Reg, were identified using Rapid Amplification of cDNA Ends (RACE) and Nanopore sequencing. Tissue-specific expression and inducible expression following bacterial challenge were analyzed. Recombinant PaSCL-Ad and PaSCL-Reg proteins were produced to examine their binding activities to microbial polysaccharides, bacterial agglutination, antimicrobial effects, and membrane-disruptive activity. Hemocyte phagocytosis was evaluated by immunocytochemical analysis. RNA interference was employed to assess the role of PaSCLec in immune regulation and leg regeneration, followed by transcriptional analyses. Results and Discussion Total PaSCLec (PaSCL-Ad and PaSCL-Reg) was most highly expressed in the hemolymph and was significantly upregulated after challenge with Escherichia coli and Staphylococcus aureus. Both recombinant proteins bound lipopolysaccharides, peptidoglycan, mannan, and β-glucan in a dose-dependent manner, and agglutinated Gram-positive (Staphylococcus aureus, Bacillus subtilis) and Gram-negative (Escherichia coli, Salmonella Typhimurium) bacteria in a Ca2+-dependent manner. rPaSCL-Ad inhibited the growth of all tested bacteria and potentially compromised the membrane integrity of E. coli in a Ca2+-independent manner. Both recombinant proteins enhanced hemocyte phagocytic activity by promoting bacteria–hemocyte interactions. Knockdown of PaSCLec reduced the expression of multiple antimicrobial peptides and transcription factors associated with the Toll, IMD, and JAK/STAT signaling pathways; these effects were partially rescued by recombinant protein supplementation. In addition, PaSCLec knockdown impaired leg regeneration. qRT-PCR suggested an association between PaSCLec activity and JAK/STAT-related genes during regeneration. These findings demonstrate that PaSCLec is a multifunctional secreted lectin involved in microbial recognition, immune effector regulation, and leg regeneration in P. americana, although the underlying molecular mechanisms require further investigation.",scopus,llm,0.990,unreviewed,
discarded,Mechanistic insights into enterocin C targeting the undecaprenyl phosphate recycling protein BacA,Folcher V.,2026,Journal of Biological Chemistry,10.1016/j.jbc.2025.110929,https://www.scopus.com/inward/record.uri?partnerID=HzOxMe3b&scp=105024305043&origin=inward,off-topic-false-hit,"Enterococcus faecalis is an important opportunistic pathogen responsible for healthcare-associated infections. It is intrinsically resistant to various antibiotics, particularly to cephalosporins and vancomycin, creating an urgent need for alternative therapeutics. In this context, bacteriocins warrant investigations as a potential source of medical-use antibiotics. Herein, we demonstrate that Enterocin C, a class IIb two-peptide bacteriocin, specifically targets the membrane embedded undecaprenyl phosphate recycling protein BacA from enterococci as a cell surface receptor. Using biochemical and biophysical methods, supported by AlphaFold2 modelling and mutagenesis, we deciphered the EntC’s molecular interaction pattern with its target, marking the first mechanistic insight of a two-peptide bacteriocin. The two peptides act cooperatively at nanomolar concentrations to interact with the outward-open catalytic pocket of BacA: the peptide EntC1 docks deeply into the catalytic site, inhibits BacA’s enzymatic activity and enables the binding of peptide EntC2, eliciting membrane permeabilization, eventually leading to cell death. A comparative analysis with LcnG, a homologous bacteriocin, reveals a conserved interaction pattern, paving the way for bioengineering of these bacteriocins and developing tailored antimicrobial strategies.",scopus,llm,0.990,unreviewed,
discarded,Identification and Functional Analysis of tgfb2b Gene in Ovarian Development of Chinese Tongue Sole (Cynoglossus semilaevis),Li X.,2026,Biomolecules,10.3390/biom16010105,https://www.scopus.com/inward/record.uri?partnerID=HzOxMe3b&scp=105028819266&origin=inward,off-topic-false-hit,"Transforming growth factor β (TGF-β) superfamily members are critical in teleost sex determination and differentiation. Tgfb2b is an important TGF-β ligand gene exhibiting dominant expression in the ovary of Chinese tongue sole (Cynoglossus semilaevis), yet its function in sex regulation remains unclear. In the present study, the gene expression pattern, transcriptional regulation, and knockdown effect were examined. Its expression persisted and showed a gradual increase throughout ovarian development from 3 months to 1.5 years post-hatching. In situ hybridization (ISH) revealed that the gene was distributed across oocytes at stages I–III, while scarcely detectable in the testis. The transcriptional factors CCAAT/enhancer binding protein α (C/EBPα) and Jun proto-oncogene AP-1 transcription factor subunit (c-Jun) could repress the activity of tgfb2b promoter. In vitro knockdown of tgfb2b in C. semilaevis ovarian cells led to downregulation of its downstream genes (e.g., smad1 and smad2) as well as other sex-related genes (e.g., foxl2 and esr2b). Moreover, multi-omics analysis indicated that, in C. semilaevis gonads, a miRNA named novel-m0083-3p showed an opposite expression pattern with tgfb2b and might have a binding site with the gene. By dual-luciferase assay, tgfb2b was validated to be directly targeted and suppressed by the miRNA. These results demonstrate that tgfb2b plays a significant role in ovarian differentiation and development. Further functional and molecular studies on the interplay between tgfb2b and the foxl2–cyp19a–esr axis will help elucidate the regulatory network underlying sex development in teleost.",scopus,llm,0.990,unreviewed,
discarded,Multiple susceptibility enhancer variants increasing ADD3 expression predisposes to biliary atresia risk,Han X.,2026,Frontiers in Genetics,10.3389/fgene.2025.1733215,https://www.scopus.com/inward/record.uri?partnerID=HzOxMe3b&scp=105028405516&origin=inward,off-topic-false-hit,"Background Non-syndromic biliary atresia (BA) is a multifactorial disorder with a poorly understood genetic basis. We previously identified 154 BA-associated SNPs spanning the ADD3 locus, which harbors the most strongly associated common variants in Asian populations. The susceptibility SNPs are in high linkage disequilibrium, but the causal variants remain unidentified. Methods Using available databases, we predicted the regulatory potential of the 154 BA-associated SNPs. To functionally validate these findings, we assessed the enhancer activity of cis-regulatory elements (CREs) containing the risk variants using a dual-luciferase reporter assay. The role of ADD3 dysregulation in hepatobiliary development was investigated using zebrafish. The spatiotemporal expression pattern of the ADD3 ortholog in zebrafish embryos was mapped by in situ hybridization. Additionally, we performed mRNA overexpression and morpholino knockdown to examine the effects of perturbing ADD3 ortholog expression on zebrafish hepatobiliary development. Results Among 154 associated SNPs, 28 clustered within 10 putative CREs with predicted enhancer function. In vitro allele-specific luciferase assays demonstrated enhancer activity in eight of these CREs, with risk haplotypes at three loci driving significantly higher activity than non-risk haplotypes (P < 0.05). The zebrafish add3a gene, an ortholog of human ADD3, was expressed in developing livers. Both overexpression and knockdown of add3a in zebrafish disrupted hepatobiliary function and development, resulting in gallbladder hypoplasia/agenesis and reduced intrahepatic bile duct density. These phenotypes closely recapitulate BA pathology observed in humans. Combined with our prior data linking risk alleles to heightened ADD3 expression and demonstrating ADD3 overexpression in BA livers, these results indicate that genetic variants drive ADD3 upregulation, thereby predisposing to BA development. Conclusion Multiple risk variants within enhancers upregulated ADD3 expression, which contributed to BA pathogenesis.",scopus,llm,0.990,unreviewed,
discarded,Django Web Development Framework: Powering the Modern Web,Songtao Chen; Shahed Ahmmed; Karu Lal; Chunhua Deming,2020,American Journal of Trade and Policy,10.18034/ajtp.v7i3.675,https://openalex.org/W4388180165,adjacent-subtopic,"Django is a web development framework that is both powerful and flexible, and it has become an essential component in developing modern web applications. This open-source Python framework is lauded for its pragmatic design, precise code, and extensive collection of built-in features that speed up the software development process. Django's foundation is built on the ""Don't Repeat Yourself"" (DRY) principle, which streamlines the development of complex web applications by reducing the required duplication. Its Model-View-Controller (MVC) architectural pattern enables a clear separation of concerns, simplifying both the process of creation and the maintenance of the system. Object-relational mapping, or ORM for short, is a mechanism that Django uses to simplify and streamline database interactions by doing away with the need to perform complicated SQL queries. This review attempt will serve as a jumping-off point for our Django journey. This study will help to get started with Django by offering an overview of the fundamental principles and processes to begin building web apps.",openalex,human,0.780,human,
discarded,Don't Repeat Yourself: Seamless Execution and Analysis of Extensive Network Experiments,Alexander Frömmgen; Denny Stohr; Boris Koldehofe; Amr Rizk,2018,TUbilio (Technical University of Darmstadt),10.48550/arxiv.1802.03455,https://openalex.org/W2785400400,off-topic-false-hit,"This paper presents MACI, the first bespoke framework for the management, the scalable execution, and the interactive analysis of a large number of network experiments. Driven by the desire to avoid repetitive implementation of just a few scripts for the execution and analysis of experiments, MACI emerged as a generic framework for network experiments that significantly increases efficiency and ensures reproducibility. To this end, MACI incorporates and integrates established simulators and analysis tools to foster rapid but systematic network experiments. We found MACI indispensable in all phases of the research and development process of various communication systems, such as i) an extensive DASH video streaming study, ii) the systematic development and improvement of Multipath TCP schedulers, and iii) research on a distributed topology graph pattern matching algorithm. With this work, we make MACI publicly available to the research community to advance efficient and reproducible network experiments.",openalex,human,0.900,human,
discarded,The MOLGENIS toolkit: rapid prototyping of biosoftware at the push of a button,Morris A. Swertz; Martijn Dijkstra; Tomasz Adamusiak; Joeri K. van der Velde; Alexandros Kanterakis; Erik T Roos; Joris Lops; Guðmundur Á. Þórisson; Danny Arends; George Byelas; Juha Muilu; Anthony J. Brookes; E.O. de Brock; Ritsert C. Jansen; Helen Parkinson,2010,BMC Bioinformatics,10.1186/1471-2105-11-s12-s12,https://openalex.org/W2118147999,off-topic-false-hit,"BACKGROUND: There is a huge demand on bioinformaticians to provide their biologists with user friendly and scalable software infrastructures to capture, exchange, and exploit the unprecedented amounts of new *omics data. We here present MOLGENIS, a generic, open source, software toolkit to quickly produce the bespoke MOLecular GENetics Information Systems needed. METHODS: The MOLGENIS toolkit provides bioinformaticians with a simple language to model biological data structures and user interfaces. At the push of a button, MOLGENIS' generator suite automatically translates these models into a feature-rich, ready-to-use web application including database, user interfaces, exchange formats, and scriptable interfaces. Each generator is a template of SQL, JAVA, R, or HTML code that would require much effort to write by hand. This 'model-driven' method ensures reuse of best practices and improves quality because the modeling language and generators are shared between all MOLGENIS applications, so that errors are found quickly and improvements are shared easily by a re-generation. A plug-in mechanism ensures that both the generator suite and generated product can be customized just as much as hand-written software. RESULTS: In recent years we have successfully evaluated the MOLGENIS toolkit for the rapid prototyping of many types of biomedical applications, including next-generation sequencing, GWAS, QTL, proteomics and biobanking. Writing 500 lines of model XML typically replaces 15,000 lines of hand-written programming code, which allows for quick adaptation if the information system is not yet to the biologist's satisfaction. Each application generated with MOLGENIS comes with an optimized database back-end, user interfaces for biologists to manage and exploit their data, programming interfaces for bioinformaticians to script analysis tools in R, Java, SOAP, REST/JSON and RDF, a tab-delimited file format to ease upload and exchange of data, and detailed technical documentation. Existing databases can be quickly enhanced with MOLGENIS generated interfaces using the 'ExtractModel' procedure. CONCLUSIONS: The MOLGENIS toolkit provides bioinformaticians with a simple model to quickly generate flexible web platforms for all possible genomic, molecular and phenotypic experiments with a richness of interfaces not provided by other tools. All the software and manuals are available free as LGPLv3 open source at http://www.molgenis.org.",openalex,llm,0.700,unreviewed,
discarded,Open source tools for measuring the Internal Quality of Java software products. A survey,P. Tomas; María José Escalona; M. Mejías,2013,Computer Standards & Interfaces,10.1016/j.csi.2013.08.006,https://openalex.org/W1994450991,off-topic-false-hit,"Collecting metrics and indicators to assess objectively the different products resulting during the lifecycle of a software project is a research area that encompasses many different aspects, apart from being highly demanded by companies and software development teams.

