status,title,authors,year,venue,doi,url,tags,abstract,provider,decision_source,llm_confidence,llm_review_outcome,llm_change_direction
kept,Structured Review of the Evidence for Effects of Code Duplication on Software Quality,Wiebe Hordijk; María Laura Ponisio; Roel Wieringa,2009,University of Twente Research Information,,https://openalex.org/W2111756502,clones-evidence-review; extended-tech-report,"This report presents the detailed steps and results of a structured review of code clone literature. The aim of the review is to investigate the evidence for the claim that code duplication has a negative effect on code changeability. This report contains only the details of the review for which there is not enough place to include them in the companion paper published at a conference (Hordijk, Ponisio et al. 2009 - Harmfulness of Code Duplication - A Structured Review of the Evidence).",openalex,human,,human,
discarded,Structured Review of the Evidence on the Intersection of Housing and Health Policy in the WHO European Region,Amy Clair; David Stückler,2016,Open Access at Essex (University of Essex),,https://openalex.org/W2889830821,off-topic-false-hit,"A central challenge in promoting good health is to ensure access to adequate housing for all. The United Nations Committee on Economic, Social and Cultural Rights defines adequate housing as not only simple shelter, but a secure, affordable, accessible and fully equipped home. While there is potential for the housing sector to promote, or to harm, people’s health, housing policies are often made with little regard to their potential health impact. To better promote joined-up intersectoral action across health and housing policy, this paper reports a structured and thematic review of literature relevant to the WHO European Region. Eighty documents met the study inclusion criteria. The paper summarizes the impacts on health of physical housing quality, affordability and stability, and location, as well as the role of health in achieving desirable housing outcomes. Individuals who are especially vulnerable to housing impacts on health are those who spend greater quantities of time in their household, including self-employed persons who work at home, older persons, carers, children and persons with disabilities. The paper concludes with directions for future research and policy, with a view towards joined-up intersectoral action, such as policies that establish minimum housing standards and ensure housing affordability.",openalex,llm,0.990,unreviewed,
discarded,Residents as Teachers in postgraduate medical education: a structured review of global evidence and emerging gaps,Lateefa Mohamed AlMarzooqi; Nandu Goswami,2026,BMC Medical Education,10.1186/s12909-026-09920-2,https://openalex.org/W7168236784,off-topic-false-hit,"BACKGROUND: Residents serve as frontline educators in contemporary healthcare systems, yet formal preparation for this role remains uncommon globally. The persistent gap between teaching responsibility and structured institutional support represents a significant concern for educational quality, resident professional development, and patient safety. OBJECTIVES: To synthesize the current evidence on residents' involvement in teaching, their perceptions of the educator role, factors influencing teaching effectiveness, and the outcomes of formal Residents as Teachers (RaT) programs. METHODS: A structured narrative review was conducted using PubMed, Embase, and ERIC from 2010 to 2025, guided by a PCO (Population, Concept, Outcome) framework. Studies involving medical or surgical residents in postgraduate years 1-6 examining teaching roles, perceptions, or RaT program outcomes were included. Systematic reviews and studies focused on faculty or undergraduate populations were excluded. The screening and reporting process was informed by PRISMA principles; narrative synthesis with thematic organization was applied. RESULTS: Thirty-two studies met inclusion criteria, yielding four interconnected themes: (1) residents universally recognize teaching as central to their professional identity yet carry substantial informal teaching loads without formal preparation; (2) institutional culture, prior experience, and motivational profiles significantly shape teaching effectiveness; (3) residents across specialties and regions consistently request structured training with explicit objectives; and (4) longitudinal, integrated programs produce more durable skill gains than brief stand-alone workshops. CONCLUSIONS: Despite substantial informal teaching activity, residents remain underprepared for their educator role. Structured, longitudinal RaT programs are needed, particularly in under-researched healthcare systems, where unique cultural, institutional, and workforce characteristics call for locally developed approaches.",openalex,llm,0.990,unreviewed,
discarded,"Structured review of primary interventions to reduce group A streptococcal infections, acute rheumatic fever and rheumatic heart disease",Julie Bennett; Nelly Rentta; William Leung; Anneka Anderson; Jane Oliver; Rosemary Wyber; Matire Harwod; Rachel Webb; John Malcom; Michael G. Baker,2021,Journal of Paediatrics and Child Health,10.1111/jpc.15514,https://openalex.org/W3153873206,off-topic-false-hit,"Rheumatic heart disease (RHD) is a large, preventable, global public health burden. In New Zealand (NZ), acute rheumatic fever (ARF) and RHD rates are highest for Māori and Pacific children. This structured review explores the evidence for primary prevention interventions to diagnose and effectively treat group A Streptococcus (GAS) pharyngitis and skin infections to reduce rates of ARF and RHD. Medline, EMBASE and Scopus databases were searched as well as other electronic publications. Included were 50 publications from 1980 onwards. This review has identified that there is little available evidence for effective primary prevention strategies to reduce ARF rates in NZ. However, two primary intervention strategies that should be considered by communities at high-risk of ARF are: the use of school-based clinics to identify and treat GAS pharyngitis and GAS skin infections; and intramuscular benzathine penicillin G with lignocaine analgesia in children who present with a GAS positive throat.",openalex,llm,0.990,unreviewed,
discarded,BIM-Based Digital Twin and Extended Reality for Electrical Maintenance in Smart Buildings: A Structured Review with Implementation Evidence,Paolo Di Leo; Michele Zucco; M. Del Giudice,2026,Applied Sciences,10.3390/app16083685,https://openalex.org/W7152584410,off-topic-false-hit,"The current literature on electrical system maintenance highlights three technology domains—Building Information Modeling (BIM), Digital Twin (DT), and extended reality (XR)—that have independently demonstrated strong potential for improving lifecycle information management, predictive analytics, and operational support. However, their convergence remains largely underexplored, particularly in electrical system maintenance. This paper provides a structured review of BIM–DT–XR convergence in electrical system lifecycle management, examining their roles across lifecycle phases and their integration through literature synthesis and cross-domain implementation evidence. BIM is analyzed as a basis for modeling and integrating facility management with electrical asset lifecycles; DT as a framework for dynamic system representation and applications in electrical and power systems; and XR as a means of visualizing and interacting with BIM-DT environments. Cross-domain implementation evidence from an industrial electrical facility and a tertiary smart-building pilot shows that BIM–DT–XR integration is technically feasible at pilot scale. However, the analysis identifies five structural integration gaps: semantic misalignment between building-oriented IFC and grid-oriented CIM ontologies; fragmented standard adoption; inconsistent data governance and naming practices; validation approaches focused on syntactic rather than dynamic model fidelity; and the separation of XR visualization from predictive DT capabilities. The implementation evidence further indicates that real-world deployment remains constrained by data quality limitations, integration complexity, cost factors, and interoperability with legacy systems. The review concludes that, despite the maturity of individual technologies, their effective application depends on advances in semantic alignment, lifecycle data governance, validation of dynamic models, and scalable integration frameworks, enabling the transition toward integrated, interoperable, and lifecycle-aware infrastructures for electrical system maintenance.",openalex,llm,0.980,unreviewed,
discarded,"Effectiveness and acceptability of community pharmacy-based interventions in type 2 diabetes: a critical review of intervention design, pharmacist and patient perspectives",Alison Blenkinsopp; Alan Hassey,2005,International Journal of Pharmacy Practice,10.1211/ijpp.13.4.0001,https://openalex.org/W2040559878,off-topic-false-hit,"Abstract Objective It is generally accepted that greater use could be made of community pharmacy-based interventions. Diabetes care has been proposed as an area for enhanced community pharmacy involvement. However there is no published structured review of available evidence of either effectiveness or acceptability. This review aims to identify and assess such evidence and to synthesise findings to inform the design and delivery of future community pharmacy-based interventions in diabetes care. Method A systematic search of published literature was conducted using a defined search strategy, electronic databases and targeted hand searching of non Index Medicus journals. The search dates were 1990–2003. The scope was international and we included only articles in the English language. Key findings Seven experimental studies which tested community pharmacy-based interventions were reviewed. Four different primary outcomes were studied: diabetes control (three studies), adherence (two studies), medication problems (one study) and patient knowledge (one study). Six studies showed positive outcomes, and the findings were statistically significant in two. The theoretical basis of the interventions was unclear. Only one study included a cost-effectiveness analysis, and the interventions were provided free of charge to patients in all seven studies. Nine attitudinal studies were included, five involving pharmacists and four with patients. Members of the public do not currently expect community pharmacists to become involved in discussions about diabetes treatment and its monitoring, but when such services are offered they are well used by patients. Pharmacists were positive about the provision of services for people with diabetes. Patients' experiences indicated that community pharmacists overestimate their current provision of information and advice to people with diabetes. Conclusions There is limited evidence of effectiveness of community pharmacy-based interventions in diabetes care. Components of pharmacy-based intervention which appear to contribute to effectiveness include: elicitation and discussion of patient beliefs about their diabetes and its treatment; discussion of how patients are using their medicines; review of haemoglobin A1c (HbA1c) levels; and assessing and supporting necessary lifestyle changes. Further research is needed and future interventions need to incorporate evidence from the literature on patient and pharmacist perspectives on diabetes. The findings of this review will be useful to researchers and service planners involved in developing community pharmacy-based diabetes care.",openalex,llm,0.990,unreviewed,
kept,Harmfulness of Code Duplication - A Structured Review of the Evidence.,Wiebe Hordijk; María Laura Ponisio; Roel J. Wieringa,2009,EASE,,https://dblp.org/rec/conf/ease/HordijkPW09,clones-evidence-review; duplicate-record-of-cited-source,,dblp,human,,human,
kept,Harmfulness of code duplication - A structured review of the evidence,Hordijk W.,2009,13th International Conference on Evaluation and Assessment in Software Engineering Ease 2009,10.14236/ewic/ease2009.11,https://www.scopus.com/inward/record.uri?partnerID=HzOxMe3b&scp=85088408372&origin=inward,clones-evidence-review,,scopus,human,,human,
