status,title,authors,year,venue,doi,url,tags,abstract,provider,decision_source,llm_confidence,llm_review_outcome,llm_change_direction
discarded,Mining object-oriented design models for detecting identical design structures,Umut Tekin; Ural Erdemir; Feza Buzluca,2012,2012 6th International Workshop on Software Clones (IWSC),10.1109/IWSC.2012.6227865,https://ieeexplore.ieee.org/document/6227865/,adjacent-subtopic,"The object-oriented design is the most popular design methodology of the last twenty-five years. Several design patterns and principles are defined to improve the design quality of object-oriented software systems. In addition, designers can use unique design motifs which are particular for the specific application domain. Another common habit is cloning and modifying some parts of the software while creating new modules. Therefore, object-oriented programs can include many identical design structures. This work proposes a sub-graph mining based approach to detect identical design structures in object-oriented systems. By identifying and analyzing these structures, we can obtain useful information about the design, such as commonly-used design patterns, most frequent design defects, domain-specific patterns, and design clones, which may help developers to improve their knowledge about the software architecture. Furthermore, problematic parts of frequent identical design structures are the appropriate refactoring opportunities because they affect multiple areas of the architecture. Experiments with several open-source projects show that we can successfully find many identical design structures in each project. We observe that usually most of the identical structures are an implementation of common design patterns; however we also detect various anti-patterns, domain-specific patterns, and design-level clones.",ieee,llm,0.920,unreviewed,
discarded,Identify the Candidate Hunks Containing Statement Encapsulation Patterns,Yongsheng Yu; Chunhua Yang,2020,"2020 IEEE 4th Information Technology, Networking, Electronic and Automation Control Conference (ITNEC)",10.1109/ITNEC48623.2020.9084962,https://ieeexplore.ieee.org/document/9084962/,adjacent-subtopic,"Software version changes will result in the submission of a large number of change codes, and multiple change patterns are embedded in the change code. Identifying these change patterns helps to understand the details of the software changes. This paper examines the identification of candidate hunks for this change pattern in a common statement or sequence of statements moving to one or more different grammatical entities. For the existing code cloning tool Simian, the recognition rate of candidate hunk is not high for this statement encapsulation pattern. This paper proposes a candidate hunk recognition algorithm based on the longest common subsequence algorithm. The algorithm uses a text-based differential analysis tool to get the code change block hunk of the version before and after the code change. The candidate hunk is identified by combining the features of the statement encapsulation pattern candidate hunk. The algorithm was experimentally verified on four open source projects. Experimental results show that the algorithm has higher accuracy than Simian tools.",ieee,llm,0.950,unreviewed,
kept,Bug Propagation through Code Cloning: An Empirical Study,Manishankar Mondal; Chanchal K. Roy; Kevin A. Schneider,2017,2017 IEEE International Conference on Software Maintenance and Evolution (ICSME),10.1109/ICSME.2017.33,https://ieeexplore.ieee.org/document/8094424/,supports-claim,"Code clones are defined to be the identical or nearly similar code fragments in a code-base. According to a number of existing studies, code clones are directly related to bugs and inconsistencies in software systems. Code cloning (i.e., creating code clones) is suspected to propagate temporarily hidden bugs from one code fragment to another. However, there is no study on the intensity of bug-propagation through code cloning.In this paper we present our empirical study on bug-propagation through code cloning. We define two clone evolution patterns that reasonably indicate bug propagation through code cloning. We first identify code clones that experienced bug-fix changes by analyzing software evolution history, and then determine which of these code clones evolved following the bug propagation patterns. According to our study on thousands of commits of four open-source subject systems written in Java, up to 33% of the clone fragments that experience bug-fix changes can contain propagated bugs. Around 28.57% of the bug-fixes experienced by the code clones can occur for fixing propagated bugs. We also find that near-miss clones are primarily involved with bug-propagation rather than identical clones. The clone fragments involved with bug propagation are mostly method clones. Bug propagation is more likely to occur in the clone fragments that are created in the same commit operation rather than in different commits. Our findings are important for prioritizing code clones for refactoring and tracking from the perspective of bug propagation.",ieee,llm,0.990,unreviewed,
kept,An Empirical Study of Clone Removals,Saman Bazrafshan; Rainer Koschke,2013,2013 IEEE International Conference on Software Maintenance,10.1109/ICSM.2013.16,https://ieeexplore.ieee.org/document/6676876/,qualifies-claim,"It is often claimed that duplicated source code is a threat to the maintainability of a software system and that developers should manage code duplication. A previous study analyzed the evolution of four software systems and found a remarkable discrepancy between code clones detected by a state-of-the-art clone detector and those deliberately removed by developers as the scope of the clones hardly ever matched. However, the results are based on a relatively small amount of data and need to be validated by a more extensive analysis. In this paper, we present an extension of this study by analyzing deliberate as well as accidental removals of code duplication in the evolution of eleven systems. Based on our findings, we could confirm the results of the previous study. Beyond that we found that accidental removals of cloned code occur slightly more often than deliberate removals and that many clone removals were in fact incomplete.",ieee,llm,0.960,unreviewed,
kept,A study on code clone evolution analysis,Ke Wang; Liping Zhang; Sheng Yan,2017,2017 8th IEEE International Conference on Software Engineering and Service Science (ICSESS),10.1109/ICSESS.2017.8342928,https://ieeexplore.ieee.org/document/8342928/,qualifies-claim,"It is believed that identical or similar code fragments in source code, also known as code clones, result from copy-paste activity of programming, increase the complexity of software maintenance. Information provided by single code clone cannot effectively represent the features of clone maintenance, so it needs to be extracted from different perspective of clone evolution. Analysis of clone evolution provides strong support to improve the maintainability. In this paper, we present various methods that researchers have used to study clone evolution and summarize the advantages and disadvantages of relevant research on clone evolution. Finally we also summarize and prospect the development trend of clone evolution analysis.",ieee,llm,0.810,unreviewed,
kept,Identifying Refactorable Micro-Clones through Mining Similarity Preserving Change Patterns,Mahbub E Elahi; Manishankar Mondal; Amit Kumar Mondal,2024,2024 27th International Conference on Computer and Information Technology (ICCIT),10.1109/ICCIT64611.2024.11021894,https://ieeexplore.ieee.org/document/11021894/,supports-claim,"The daily lives of mass amount of people are disrupted by recurring anomalies of software services (such as crashes, denial of services, and security hacks). These anomalies originate from a lack of quality in the software codebase such as code smells. Duplicate codes (code clones), a special type of code smells are problematic and decrease software quality and increase the mentioned anomalies. Existing studies suggest to manage code clones through refactoring in order to minimize clone related complexities. While regular code clones, clones of at least 5 LOC (lines of clone), have been investigated a lot for refactoring, micro-clones (clones of at most 4 LOC) have been ignored in the existing studies. However, a software system generally contains a large number of micro-clones. Aggressively refactoring all these micro-clones is impractical. Thus, it is necessary to identify which of these large number of micro-clones residing in a software system’s codebase should be considered important for refactoring. Our research in this paper investigates this matter.We have investigated a particular clone change pattern, the Similarity Preserving Change Pattern (SPCP), by analyzing the evolutionary history of the micro-clones. We use Nicad and SPCP-Miner for our investigation and obtain the SPCP micro-clone pairs of Type 1, 2, and 3. We manually analyze the SPCP micro-clone pairs and discovered that pairs with LOC 3 and 4 are more refactorable than those with LOC of 1, and 2. Refactorable micro-clones primarily consist of four types of code constructs (functional, conditional, try-catch, and while loop). Additionally, Type 3 micro-clones in Java systems are generally not suitable for refactoring. We developed a webpage page to show micro-clones of 3 types and their refactoring techniques if they are refactorable. On the basis of our findings, we built a tool that can identify refactorable micro-clones from a software system. Our tool is available online.",ieee,llm,0.870,unreviewed,
kept,Structural clones: An evolution perspective,Jaweria Kanwal; Hamid Abdul Basit; Onaiza Maqbool,2018,2018 IEEE 12th International Workshop on Software Clones (IWSC),10.1109/IWSC.2018.8327313,https://ieeexplore.ieee.org/document/8327313/,qualifies-claim,"Structural clones are recurring patterns of simple code clones in software that represent a bigger picture of similarity in software (e.g. software design). Elevating the analysis of cloning to structural clone level helps in better clone management in terms of clone understanding, maintenance and evolution. In this paper, we propose a systematic approach to study structural clone evolution in software versions. We use our approach to analyze the evolutionary behavior of structural clones and also compare it with the evolution of simple clones. We performed experiments on different versions of three Java systems. Our analysis of structural clone evolution reveals interesting evolutionary characteristics of clones. For example, one finding is that simple clones are more frequently changed than structural clones whereas average lifetime of structural clones is less than that of simple clones. Study of clone evolution is helpful for identifying maintenance implications of clones and for devising better clone management systems.",ieee,llm,0.880,unreviewed,
discarded,Evaluation experiments on the detection of programming patterns using software metrics,K. Kontogiannis,1997,Proceedings of the Fourth Working Conference on Reverse Engineering,10.1109/WCRE.1997.624575,https://ieeexplore.ieee.org/document/624575/,adjacent-subtopic,"Cloning of code fragments in large systems is a common practice that may result in redundant code, higher maintenance costs, and less modular systems. The paper examines and evaluates the use of five data and control flow related metrics for identifying similar code fragments. The metrics are used as signatures for a code fragment. Matching on such signatures results in fast matching that can be used to locate instances of code cloning even in the presence of modifications such as changes in variable names, and insertion of statements. The paper takes an information retrieval approach and reports on experiments conducted for retrieving code fragments in three different software systems.",ieee,llm,0.960,unreviewed,
discarded,Mining frequent bug-fix code changes,Haidar Osman; Mircea Lungu; Oscar Nierstrasz,2014,"2014 Software Evolution Week - IEEE Conference on Software Maintenance, Reengineering, and Reverse Engineering (CSMR-WCRE)",10.1109/CSMR-WCRE.2014.6747191,https://ieeexplore.ieee.org/document/6747191/,adjacent-subtopic,"Detecting bugs as early as possible plays an important role in ensuring software quality before shipping. We argue that mining previous bug fixes can produce good knowledge about why bugs happen and how they are fixed. In this paper, we mine the change history of 717 open source projects to extract bug-fix patterns. We also manually inspect many of the bugs we found to get insights into the contexts and reasons behind those bugs. For instance, we found out that missing null checks and missing initializations are very recurrent and we believe that they can be automatically detected and fixed.",ieee,llm,0.930,unreviewed,
kept,On the Analysis of Co-Occurrence of Anti-Patterns and Clones,Fehmi Jaafar; Angela Lozano; Yann-Gaël Guéhéneuc; Kim Mens,2017,"2017 IEEE International Conference on Software Quality, Reliability and Security (QRS)",10.1109/QRS.2017.38,https://ieeexplore.ieee.org/document/8009932/,supports-claim,"In software engineering, a smell is a part of a software system's source code with a poor quality and that may indicate a deeper problem. Although many kinds of smells have been studied to analyze their causes, their behavior, and their impact on software quality, those smells typically are studied independently from each other. However, if two smells coincide inside a class, this could increases their negative effect (e.g., spaghetti code that is being cloned across the system). In this paper we report results from an empirical study conducted to examine the relationship between two specific kinds of smells: code clones and antipatterns. We conducted our study on three open-source software systems: Azureus, Eclipse, and JHotDraw. Results show that between 32% and 63% of classes in the analysed systems present co-occurrence of smells, and that such classes are more risky in term of fault-proneness.",ieee,llm,0.950,unreviewed,
kept,Partial redesign of Java software systems based on clone analysis,M. Balazinska; E. Merlo; M. Dagenais; B. Lague; K. Kontogiannis,1999,Sixth Working Conference on Reverse Engineering (Cat. No.PR00303),10.1109/WCRE.1999.806971,https://ieeexplore.ieee.org/document/806971/,supports-claim; supports-claim,"Code duplication, plausibly caused by copying source code and slightly modifying it, is often observed in large systems. Clone detection and documentation have been investigated by several researchers in past years. Recently, research focus has shifted towards the investigation of software and process restructuring actions based on clone detection. The paper presents a new redesign approach developed for Java software systems. The approach factorizes the common parts of cloned methods and parameterizes their differences using the strategy design pattern. The new entities created by such transformations are also decoupled from the original contexts of their use, thus facilitating reuse and increasing maintainability. The applicability and automation of the technique presented in the paper have been verified by partially redesigning JDK 1.1.5.",ieee,llm,0.930,unreviewed,
discarded,Vercation: Precise Vulnerable Open-Source Software Version Identification Based on Static Analysis and LLM,Yiran Cheng; Ting Zhang; Lwin Khin Shar; Shouguo Yang; Chaopeng Dong; David Lo; Shichao Lv; Zhiqiang Shi; Limin Sun,2026,IEEE Transactions on Software Engineering,10.1109/TSE.2025.3599581,https://ieeexplore.ieee.org/document/11129942/,adjacent-subtopic,"Open-source software (OSS) has experienced a surge in popularity, attributed to its collaborative development model and cost-effective nature. However, the adoption of specific software versions in development projects may introduce security risks when these versions bring along vulnerabilities. Current methods of identifying vulnerable versions typically analyze and extract the code features involved in vulnerability patches using static analysis with pre-defined rules. They then use code clone detection to identify the vulnerable versions. These methods are hindered by imprecision due to (1) the exclusion of vulnerability-irrelevant code in the analysis and (2) the inadequacy of code clone detection. This paper presents Vercation, an approach designed to identify vulnerable versions of OSS written in C/C++. Vercation combines program slicing with a Large Language Model (LLM) to identify vulnerability-relevant code from vulnerability patches. It then backtracks historical commits to gather previous modifications of identified vulnerability-relevant code. We propose code clone detection based on expanded and normalized ASTs to compare the differences between pre-modification and post-modification code, thereby locating the vulnerability-introducing commit (vic) and enabling the identification of the vulnerable versions between the vulnerability-fixing commit and the vic. We curate a dataset linking 122 OSS vulnerabilities and 1,211 versions to evaluate Vercation. On this dataset, our approach achieves an F1 score of 93.1%, outperforming current state-of-the-art methods. More importantly, Vercation detected 202 incorrect vulnerable OSS versions in NVD reports.",ieee,llm,0.970,unreviewed,
discarded,Are Classical Clone Detectors Good Enough For the AI Era?,"Alam, Ajmain I.; Roy, Palash R.; Al-omari, Farouq; Roy, Chanchal K.; Roy, Banani; Schneider, Kevin A.",2025,"2025 IEEE INTERNATIONAL CONFERENCE ON SOFTWARE MAINTENANCE AND EVOLUTION, ICSME",10.1109/ICSME64153.2025.00035,https://www.webofscience.com/wos/woscc/full-record/WOS:001831819900025,adjacent-subtopic,"The increasing adoption of AI-generated code has reshaped modern software development, introducing syntactic and semantic variations in cloned code. Unlike traditional human-written clones, AI-generated clones exhibit systematic syntactic patterns and semantic differences learned from large-scale training data. This shift presents new challenges for classical code clone detection (CCD) tools, which have historically been validated primarily on human-authored codebases and optimized to detect syntactic (Type 1-3) and limited semantic clones. Given that AI-generated code can produce both syntactic and complex semantic clones, it is essential to evaluate the effectiveness of classical CCD tools within this new paradigm. In this paper, we systematically evaluate nine widely used CCD tools using GPTCloneBench, a benchmark containing GPT-3-generated clones. To contextualize and validate our results, we further test these detectors on established human-authored benchmarks, BigCloneBench and SemanticCloneBench, to measure differences in performance between traditional and AI-generated clones. Our analysis demonstrates that classical CCD tools, particularly those enhanced by effective normalization techniques, retain considerable effectiveness against AI-generated clones, while some exhibit notable performance variation compared to traditional benchmarks. This paper contributes by (1) evaluating classical CCD tools against AI-generated clones, providing critical insights into their current strengths and limitations; (2) highlighting the role of normalization techniques in improving detection accuracy; and (3) delivering detailed scalability and execution-time analyses to support practical CCD tool selection. The research underscores the continued relevance of classical CCD tools and suggests adopting a hybrid approach that combines both classical and AI-based methods to improve clone detection in the modern era.",wos,llm,0.980,unreviewed,
