status,title,authors,year,venue,doi,url,tags,abstract,provider,decision_source,llm_confidence,llm_review_outcome,llm_change_direction
discarded,Lightweight global and local contexts guided method name recommendation with prior knowledge,Wang S.,2021,Esec Fse 2021 Proceedings of the 29th ACM Joint Meeting European Software Engineering Conference and Symposium on the Foundations of Software Engineering,10.1145/3468264.3468567,https://www.scopus.com/inward/record.uri?partnerID=HzOxMe3b&scp=85116200024&origin=inward,off-topic-false-hit,"The quality of method names is critical for the readability and maintainability of source code. However, it is often challenging to construct concise method names. To alleviate this problem, a number of approaches have been proposed to automatically recommend high-quality names for methods. Despite being effective, existing approaches meet their bottlenecks mainly in two aspects: (1) the leveraged information is restricted to the target method itself; and (2) lack of distinctions towards the contributions of tokens extracted from different program contexts. Through a large-scale empirical analysis on +12M methods from +14K real-world projects, we found that (1) the tokens composing a method’s name can be frequently observed in its callers/callees; and (2) tokens extracted from different specific contexts have diverse probabilities to compose the target method’s name. Motivated by our findings, we propose, in this paper, a context-guided method name recommender, which mainly embodies two key ideas: (1) apart from the local context, which is extracted from the target method itself, we also consider the global context, which is extracted from other methods in the project that have call relations with the target method, to include more useful information; and (2) we utilize our empirical results as the prior knowledge to guide the generation of method names and also to restrict the number of tokens extracted from the global contexts. We implemented the idea as Cognac and performed extensive experiments to assess its effectiveness. Results reveal that can (1) perform better than existing approaches on the method name recommendation task (e.g., it achieves an F-score of 63.2%, 60.8%, 66.3%, and 68.5%, respectively, on four widely-used datasets, which all outperform existing techniques); and (2) achieve higher performance than existing techniques on the method name consistency checking task (e.g., its overall accuracy reaches 76.6%, outperforming the state-of-the-art MNire by 11.2%). Further results reveal that the caller/callee information and the prior knowledge all contribute significantly to the overall performance of Cognac.","dblp, openalex, wos, scopus, ieee",llm,0.990,unreviewed,
discarded,RepChaBug: Automatically Repairing Incorrect Change Bugs in Software Evolution,Jun Wang; Samuel Sungmin Cho; Myoungkyu Song,2022,"2022 IEEE 46th Annual Computers, Software, and Applications Conference (COMPSAC)",10.1109/COMPSAC54236.2022.00242,https://ieeexplore.ieee.org/document/9842550/,adjacent-subtopic,"Software systems become inevitable to have bugs due to the change complexity in a large portion of code. Program repair is a critical maintenance task in software evolution. To reduce maintenance effort and time, the technique of copying and pasting code snippets (code clone) is generally practiced by both the novice and large parts of the developer community. Debugging errors on such replication changes is an effort-prone and time-consuming task. To address this problem, we present an automated program repair approach, called REPCHABUG that helps developers find and repair code change anomalies when they mistakenly apply contradictory updates (contradiction bugs) or miss required edits (exclusion bugs) on code cloning activity. Given the code change portion, REPCHABUG generalizes the code modification into a dependency-aware change template by computing data and control dependency relationships. In our evaluation, a case study with open source applications and a user study with computer science students showed that REPCHABUG should improve developer productivity in finding and fixing replication change bugs.","dblp, openalex, wos, scopus, ieee",human,0.970,human,
discarded,Signatures of mutational processes in human cancer,Australian Pancreatic Cancer Genome Initiative; Ludmil B. Alexandrov; ICGC PedBrain; Serena Nik‐Zainal; David C. Wedge; Samuel Aparício; Sam Behjati; Andrew V. Biankin; Graham R. Bignell; Niccolò Bolli; Åke Borg; Anne‐Lise Børresen‐Dale; Sandrine Boyault; Birgit Burkhardt; Adam P. Butler; Carlos Caldas; Helen Davies; Christine Desmedt; Roland Eils; Jórunn E. Eyfjörd; John A. Foekens; Mel Greaves; Fumie Hosoda; Barbara Hutter; Tomislav Ilicic; Sandrine Imbeaud; Marcin Imieliński; Natalie Jäger; David Jones; David R. Jones; Stian Knappskog; Marcel Kool; Sunil R. Lakhani; Carlos López-Otı́n; Sancha Martin; Nikhil C. Munshi; Hiromi Nakamura; Paul A. Northcott; Marina Pajic; Elli Papaemmanuil; Angelo Paradiso; John V. Pearson; Xosé S. Puente; Keiran Raine; Manasa Ramakrishna; Andrea L. Richardson; Julia Richter; Philip Rosenstiel; Matthias Schlesner; Ton N. Schumacher; Paul N. Span; Jon W. Teague; Yasushi Totoki; Andrew Tutt; Rafael Valdés‐Mas; Marit M. van Buuren; Laura van ‘t Veer; Anne Vincent‐Salomon; Nicola Waddell; Lucy Yates; Jessica Zucman‐Rossi; P. Andrew Futreal; Ultan McDermott; Peter Lichter; Matthew Meyerson; Sean M. Grimmond; Reiner Siebert; Elı́as Campo; Tatsuhiro Shibata; Stefan M. Pfister; Peter J. Campbell; Michael R. Stratton,2013,Nature,10.1038/nature12477,https://openalex.org/W2152061559,off-topic-false-hit,"All cancers are caused by somatic mutations; however, understanding of the biological processes generating these mutations is limited. The catalogue of somatic mutations from a cancer genome bears the signatures of the mutational processes that have been operative. Here we analysed 4,938,362 mutations from 7,042 cancers and extracted more than 20 distinct mutational signatures. Some are present in many cancer types, notably a signature attributed to the APOBEC family of cytidine deaminases, whereas others are confined to a single cancer class. Certain signatures are associated with age of the patient at cancer diagnosis, known mutagenic exposures or defects in DNA maintenance, but many are of cryptic origin. In addition to these genome-wide mutational signatures, hypermutation localized to small genomic regions, ‘kataegis’, is found in many cancer types. The results reveal the diversity of mutational processes underlying the development of cancer, with potential implications for understanding of cancer aetiology, prevention and therapy.","dblp, openalex, wos, scopus, ieee",llm,1.000,unreviewed,
discarded,Wannier90 as a community code: new features and applications,Giovanni Pizzi; Valerio Vitale; Ryotaro Arita; Stefan Blügel; Frank Freimuth; Guillaume Géranton; Marco Gibertini; Dominik Gresch; Charles Johnson; Takashi Koretsune; Julen Ibañez-Azpiroz; Hyungjun Lee; Jae-Mo Lihm; Daniel Marchand; Antimo Marrazzo; Yuriy Mokrousov; Jamal I Mustafa; Yoshiro Nohara; Yusuke Nomura; Lorenzo Paulatto; Samuel Poncé; Thomas Ponweiser; Junfeng Qiao; Florian Thöle; Stepan S Tsirkin; Małgorzata Wierzbowska; Nicola Marzari; David Vanderbilt; Ivo Souza; Arash A Mostofi; Jonathan R Yates,2019,Journal of Physics Condensed Matter,10.1088/1361-648x/ab51ff,https://openalex.org/W2982683571,off-topic-false-hit,"Wannier90 is an open-source computer program for calculating maximally-localised Wannier functions (MLWFs) from a set of Bloch states. It is interfaced to many widely used electronic-structure codes thanks to its independence from the basis sets representing these Bloch states. In the past few years the development of Wannier90 has transitioned to a community-driven model; this has resulted in a number of new developments that have been recently released in Wannier90 v3.0. In this article we describe these new functionalities, that include the implementation of new features for wannierisation and disentanglement (symmetry-adapted Wannier functions, selectively-localised Wannier functions, selected columns of the density matrix) and the ability to calculate new properties (shift currents and Berry-curvature dipole, and a new interface to many-body perturbation theory); performance improvements, including parallelisation of the core code; enhancements in functionality (support for spinor-valued Wannier functions, more accurate methods to interpolate quantities in the Brillouin zone); improved usability (improved plotting routines, integration with high-throughput automation frameworks), as well as the implementation of modern software engineering practices (unit testing, continuous integration, and automatic source-code documentation). These new features, capabilities, and code development model aim to further sustain and expand the community uptake and range of applicability, that nowadays spans complex and accurate dielectric, electronic, magnetic, optical, topological and transport properties of materials.","dblp, openalex, wos, scopus, ieee",llm,1.000,unreviewed,
discarded,Wannier90 as a community code: New features and applications,Giovanni Pizzi; Valerio Vitale; Ryotaro Arita; Stefan Blügel; Frank Freimuth; Guillaume Géranton; Marco Gibertini; Dominik Gresch; Charles Johnson; Takashi Koretsune; Julen Ibañez-Azpiroz; Hyungjun Lee; Jae-Mo Lihm; Daniel Marchand; Antimo Marrazzo; Yuriy Mokrousov; Jamal I. Mustafa; Yoshiro Nohara; Yusuke Nomura; Lorenzo Paulatto; Samuel Poncé; Thomas Ponweiser; Junfeng Qiao; Florian Thöle; Stepan S. Tsirkin; Małgorzata Wierzbowska; Nicola Marzari; David Vanderbilt; Ivo Souza; Arash A. Mostofi; Jonathan R. Yates,2019,Zurich Open Repository and Archive (University of Zurich),10.17863/cam.48267,https://openalex.org/W3102157866,off-topic-false-hit,"Wannier90 is an open-source computer program for calculating maximally-localised Wannier functions (MLWFs) from a set of Bloch states. It is interfaced to many widely used electronic-structure codes thanks to its independence from the basis sets representing these Bloch states. In the past few years the development of Wannier90 has transitioned to a community-driven model; this has resulted in a number of new developments that have been recently released in Wannier90 v3.0. In this article we describe these new functionalities, that include the implementation of new features for wannierisation and disentanglement (symmetry-adapted Wannier functions, selectively-localised Wannier functions, selected columns of the density matrix) and the ability to calculate new properties (shift currents and Berry-curvature dipole, and a new interface to many-body perturbation theory); performance improvements, including parallelisation of the core code; enhancements in functionality (support for spinor-valued Wannier functions, more accurate methods to interpolate quantities in the Brillouin zone); improved usability (improved plotting routines, integration with high-throughput automation frameworks), as well as the implementation of modern software engineering practices (unit testing, continuous integration, and automatic source-code documentation). These new features, capabilities, and code development model aim to further sustain and expand the community uptake and range of applicability, that nowadays spans complex and accurate dielectric, electronic, magnetic, optical, topological and transport properties of materials.","dblp, openalex, wos, scopus, ieee",llm,1.000,unreviewed,
discarded,Global trends of whole-genome duplications revealed by the ciliate Paramecium tetraurelia,Jean‐Marc Aury; Olivier Jaillon; Laurent Duret; Benjamin Noël; Claire Jubin; Betina M. Porcel; Béatrice Segurens; Vincent Daubin; Véronique Anthouard; Nathalie Aiach; Olivier Arnaiz; Alain Billaut; Janine Beisson; Isabelle Blanc; Khaled Bouhouche; Francisco Câmara Ferreira; Sandra Duharcourt; Roderic Guigó; Delphine Gogendeau; Michaël Katinka; Anne‐Marie Keller; Roland Kissmehl; Catherine Klotz; France Koll; Anne Le Mouël; Gersende Lepère; Sophie Malinsky; Mariusz Nowacki; J Nowak; Helmut Plattner; Julie Poulain; Françoise Ruiz; Vincent Serrano; Marek Zagulski; Philippe Dessen; Mireille Bétermier; Jean Weissenbach; Claude Scarpelli; Vincent Schächter; Linda Sperling; Éric Meyer; Jean Cohen; Patrick Wincker,2006,Nature,10.1038/nature05230,https://openalex.org/W1983811433,off-topic-false-hit,"The duplication of entire genomes has long been recognized as having great potential for evolutionary novelties, but the mechanisms underlying their resolution through gene loss are poorly understood. Here we show that in the unicellular eukaryote Paramecium tetraurelia, a ciliate, most of the nearly 40,000 genes arose through at least three successive whole-genome duplications. Phylogenetic analysis indicates that the most recent duplication coincides with an explosion of speciation events that gave rise to the P. aurelia complex of 15 sibling species. We observed that gene loss occurs over a long timescale, not as an initial massive event. Genes from the same metabolic pathway or protein complex have common patterns of gene loss, and highly expressed genes are over-retained after all duplications. The conclusion of this analysis is that many genes are maintained after whole-genome duplication not because of functional innovation but because of gene dosage constraints. Whole-genome duplications are a powerful evolutionary force, and much interest is focused on what happens to genes duplicated in these events. The genome of the ciliate Paramecium tetraurelia has now been sequenced, and its nearly 40,000 genes (it's a very 'gene rich' genome) show evidence of at least three whole-genome duplications. As the gene order is particularly well conserved in Paramecium, it is possible to identify genes that duplicated at each event, providing a complete picture of gene loss at different time points after duplications. A study of the duplicated genes in Paramecium tetraurelia suggests that after whole-genome duplication events, many duplicated genes are not able to immediately functionally diverge, because dosage constraints act on them. These dosage constraints also prevent loss of many duplicated genes after whole genome duplications.","dblp, openalex, wos, scopus, ieee",llm,1.000,unreviewed,
discarded,The functional role of long non-coding RNA in human carcinomas,Ewan A. Gibb; Carolyn J. Brown; Wan L. Lam,2011,Molecular Cancer,10.1186/1476-4598-10-38,https://openalex.org/W2150695488,off-topic-false-hit,"Long non-coding RNAs (lncRNAs) are emerging as new players in the cancer paradigm demonstrating potential roles in both oncogenic and tumor suppressive pathways. These novel genes are frequently aberrantly expressed in a variety of human cancers, however the biological functions of the vast majority remain unknown. Recently, evidence has begun to accumulate describing the molecular mechanisms by which these RNA species function, providing insight into the functional roles they may play in tumorigenesis. In this review, we highlight the emerging functional role of lncRNAs in human cancer.","dblp, openalex, wos, scopus, ieee",llm,1.000,unreviewed,
discarded,MtDNA‐maintenance defects: syndromes and genes,Carlo Viscomi; Massimo Zeviani,2017,Journal of Inherited Metabolic Disease,10.1007/s10545-017-0027-5,https://openalex.org/W2597654099,off-topic-false-hit,"A large group of mitochondrial disorders, ranging from early-onset pediatric encephalopathic syndromes to late-onset myopathy with chronic progressive external ophthalmoplegia (CPEOs), are inherited as Mendelian disorders characterized by disturbed mitochondrial DNA (mtDNA) maintenance. These errors of nuclear-mitochondrial intergenomic signaling may lead to mtDNA depletion, accumulation of mtDNA multiple deletions, or both, in critical tissues. The genes involved encode proteins belonging to at least three pathways: mtDNA replication and maintenance, nucleotide supply and balance, and mitochondrial dynamics and quality control. In most cases, allelic mutations in these genes may lead to profoundly different phenotypes associated with either mtDNA depletion or multiple deletions.","dblp, openalex, wos, scopus, ieee",llm,1.000,unreviewed,
discarded,Chromosome Duplication in Saccharomyces cerevisiae,Stephen P. Bell; Karim Labib,2016,Genetics,10.1534/genetics.115.186452,https://openalex.org/W2473838984,off-topic-false-hit,"The accurate and complete replication of genomic DNA is essential for all life. In eukaryotic cells, the assembly of the multi-enzyme replisomes that perform replication is divided into stages that occur at distinct phases of the cell cycle. Replicative DNA helicases are loaded around origins of DNA replication exclusively during G1 phase. The loaded helicases are then activated during S phase and associate with the replicative DNA polymerases and other accessory proteins. The function of the resulting replisomes is monitored by checkpoint proteins that protect arrested replisomes and inhibit new initiation when replication is inhibited. The replisome also coordinates nucleosome disassembly, assembly, and the establishment of sister chromatid cohesion. Finally, when two replisomes converge they are disassembled. Studies in Saccharomyces cerevisiae have led the way in our understanding of these processes. Here, we review our increasingly molecular understanding of these events and their regulation.","dblp, openalex, wos, scopus, ieee",llm,1.000,unreviewed,
discarded,Duplicated P5CS genes of Arabidopsis play distinct roles in stress regulation and developmental control of proline biosynthesis,Gyöngyi Székely; Edit Ábrahám; Ágnes Cséplö; Gábor Rigó; Laura Zsigmond; Jolán Csiszár; Ferhan Ayaydin; N. Strizhov; Ján Jásik; Elmon Schmelzer; Csaba Koncz; László Szabados,2007,The Plant Journal,10.1111/j.1365-313x.2007.03318.x,https://openalex.org/W2139780027,off-topic-false-hit,"Delta-1-pyrroline-5-carboxylate synthetase enzymes, which catalyse the rate-limiting step of proline biosynthesis, are encoded by two closely related P5CS genes in Arabidopsis. Transcription of the P5CS genes is differentially regulated by drought, salinity and abscisic acid, suggesting that these genes play specific roles in the control of proline biosynthesis. Here we describe the genetic characterization of p5cs insertion mutants, which indicates that P5CS1 is required for proline accumulation under osmotic stress. Knockout mutations of P5CS1 result in the reduction of stress-induced proline synthesis, hypersensitivity to salt stress, and accumulation of reactive oxygen species. By contrast, p5cs2 mutations cause embryo abortion during late stages of seed development. The desiccation sensitivity of p5cs2 embryos does not reflect differential control of transcription, as both P5CS mRNAs are detectable throughout embryonic development. Cellular localization studies with P5CS-GFP gene fusions indicate that P5CS1 is sequestered into subcellular bodies in embryonic cells, where P5CS2 is dominantly cytoplasmic. Although proline feeding rescues the viability of mutant embryos, p5cs2 seedlings undergo aberrant development and fail to produce fertile plants even when grown on proline. In seedlings, specific expression of P5CS2-GFP is seen in leaf primordia where P5CS1-GFP levels are very low, and P5CS2-GFP also shows a distinct cell-type-specific and subcellular localization pattern compared to P5CS1-GFP in root tips, leaves and flower organs. These data demonstrate that the Arabidopsis P5CS enzymes perform non-redundant functions, and that P5CS1 is insufficient for compensation of developmental defects caused by inactivation of P5CS2.","dblp, openalex, wos, scopus, ieee",llm,1.000,unreviewed,
discarded,"Inactivation of nucleolin leads to nucleolar disruption, cell cycle arrest and defects in centrosome duplication",Iva Ugrinova; Karine Monier; Corinne Ivaldi; Marc Thiry; Sébastien Storck; Fabien Mongélard; Philippe Bouvet,2007,BMC Molecular Biology,10.1186/1471-2199-8-66,https://openalex.org/W1976523417,off-topic-false-hit,"BACKGROUND: Nucleolin is a major component of the nucleolus, but is also found in other cell compartments. This protein is involved in various aspects of ribosome biogenesis from transcription regulation to the assembly of pre-ribosomal particles; however, many reports suggest that it could also play an important role in non nucleolar functions. To explore nucleolin function in cell proliferation and cell cycle regulation we used siRNA to down regulate the expression of nucleolin. RESULTS: We found that, in addition to the expected effects on pre-ribosomal RNA accumulation and nucleolar structure, the absence of nucleolin results in a cell growth arrest, accumulation in G2, and an increase of apoptosis. Numerous nuclear alterations, including the presence of micronuclei, multiple nuclei or large nuclei are also observed. In addition, a large number of mitotic cells showed a defect in the control of centrosome duplication, as indicated by the presence of more than 2 centrosomes per cell associated with a multipolar spindle structure in the absence of nucleolin. This phenotype is very similar to that obtained with the inactivation of another nucleolar protein, B23. CONCLUSION: Our findings uncovered a new role for nucleolin in cell division, and highlight the importance of nucleolar proteins for centrosome duplication.","dblp, openalex, wos, scopus, ieee",llm,1.000,unreviewed,
