status,title,authors,year,venue,doi,url,tags,abstract,provider,decision_source,llm_confidence,llm_review_outcome,llm_change_direction
kept,Why and How to Control Cloning in Software Artifacts,Elmar Juergens,2011,mediaTUM – the media and publications repository of the Technical University Munich (Technical University Munich),,https://openalex.org/W2765706740,supports-claim,"The majority of the total life cycle costs of long-lived software arises after its first release, during software maintenance.Cloning, the duplication of parts of software artifacts, hinders maintenance: it increases size, and thus effort for activities such as inspections and impact analysis.Changes need to be performed to all clones, instead of to a single location only, thus increasing effort.If individual clones are forgotten during a modification, the resulting inconsistencies can threaten program correctness.Cloning is thus a quality defect.The software engineering community has recognized the negative consequences of cloning over a decade ago.Nevertheless, it abounds in practice-across artifacts, organizations and domains.Cloning thrives, since its control is not part of software engineering practice.We are convinced that this has two principal reasons: first, the significance of cloning is not well understood.We do not know the extent of cloning across different artifact types and the quantitative impact it has on program correctness and maintenance efforts.Consequently, we do not know the importance of clone control.Second, no comprehensive method exists that guides practitioners through tailoring and organizational change management required to establish successful clone control.Lacking both a quantitative understanding of its harmfulness and comprehensive methods for its control, cloning is likely to be neglected in practice.»A man's gotta do what a man's gotta do« Fred MacMurray in The Rains of Ranchipur »A man's gotta do what a man's gotta do« Gary Cooper in High Noon »A man's gotta do what a man's gotta do« George Jetson in The Jetsons »A man's gotta do what a man's gotta do« John Cleese in Monty Python's Guide to LifeTo operationalize clone control, comprehensive tool support is required that supports all of its steps.Existing tools, however, typically focus on individual aspects, such as clone detection or change propagation, or are limited to source code and thus cannot be applied to specifications or models.Furthermore, most detection approaches are not both incremental and scalable.They thus cannot provide real-time results for large evolving software artifacts.Dedicated tool support is thus required for clone control.Problem We need a better understanding of the quantitative impact of cloning on software engineering and a comprehensive method and tool support for clone control.",openalex,llm,0.980,unreviewed,
discarded,Evolution of software in automated production systems: Challenges and research directions,Birgit Vogel‐Heuser; Alexander Fay; Ina Schaefer; Matthias Tichy,2015,Journal of Systems and Software,10.1016/j.jss.2015.08.026,https://openalex.org/W1159006237,off-topic-false-hit,"Coping with evolution in automated production systems implies a cross-disciplinary challenge along the system's life-cycle for variant-rich systems of high complexity. The authors from computer science and automation provide an interdisciplinary survey on challenges and state of the art in evolution of automated production systems. Selected challenges are illustrated on the case of a simple pick and place unit. In the first part of the paper, we discuss the development process of automated production systems as well as the different type of evolutions during the system's life-cycle on the case of a pick and place unit. In the second part, we survey the challenges associated with evolution in the different development phases and a couple of cross-cutting areas and review existing approaches addressing the challenges. We close with summarizing future research directions to address the challenges of evolution in automated production systems.",openalex,llm,0.950,unreviewed,
kept,On the Relationship of Inconsistent Software Clones and Faults: An Empirical Study,Stefan Wagner; Asim Abdulkhaleq; Kamer Kaya; Alexander Paar,2016,"2016 IEEE 23rd International Conference on Software Analysis, Evolution, and Reengineering (SANER)",10.1109/SANER.2016.94,https://ieeexplore.ieee.org/document/7476632/,clones-faults-weak,"Background: Code cloning - copying and reusing pieces of source code -- is a common phenomenon in software development in practice. There have been several empirical studies on the effects of cloning, but there are contradictory results regarding the connection of cloning and faults. Objective: Our aim is to clarify the relationship between code clones and faults. In particular, we focus on inconsistent (or type-3) clones in this work. Method: We conducted a case study with TWT GmbH where we detected the code clones in three Java systems, set them into relation to information from issue tracking and version control and interviewed three key developers. Results: Of the type-3 clones, 17 % contain faults. Developers modified most of the type-3 clones simultaneously and thereby fixed half of the faults in type-3 clones consistently. Type-2 clones with faults all evolved to fixed type-3 clones. Clone length is only weakly correlated with faultiness. Conclusion: There are indications that the developers in two cases have been aware of clones. It might be a reason for the weak relationship between type-3 clones and faults. Hence, it seems important to keep developers aware of clones, potentially with new tool support. Future studies need to investigate if the rate of faults in type-3 clones justifies using them as cues in defect detection.",ieee,human,,human,
kept,On the association between code cloning and fault-proneness: An empirical investigation,Mahmoud O. Elish,2017,2017 Computing Conference,10.1109/SAI.2017.8252205,https://ieeexplore.ieee.org/document/8252205/,supports-claim,"During software development projects, the reuse of code fragments with or without modification by copying and pasting is a common practice, which is known as code clones. It has been an arguable issue whether cloning has a harmful impact or not on software development and the quality of the produced software. This paper empirically explores the association between code clones and fault-proneness of object-oriented classes. An empirical investigation was conducted using data from more than 3000 classes in five open source software projects. It was found that classes with clones are significantly more fault-prone than the classes without clones. In addition, the classes with intra-class clones, regardless of whether they also have inter-class clones or not, were found to be significantly more fault-prone than the classes with inter-class clones only. Moreover, among the groups of classes that have only one type of clones, the group of classes with Type II clones was found to be the most fault-prone. Furthermore, the groups of classes that contain more than one type of clones where Type I is among them were found to be more fault-prone than the groups of classes with only one type of clones.",ieee,llm,0.990,unreviewed,
kept,An empirical study on the fault-proneness of clone migration in clone genealogies,Shuai Xie; Foutse Khomh; Ying Zou; Iman Keivanloo,2014,"2014 Software Evolution Week - IEEE Conference on Software Maintenance, Reengineering, and Reverse Engineering (CSMR-WCRE)",10.1109/CSMR-WCRE.2014.6747229,https://ieeexplore.ieee.org/document/6747229/,supports-claim,"Copy and paste activities create clone groups in software systems. The evolution of a clone group across the history of a software system is termed as clone genealogy. During the evolution of a clone group, developers may change the location of the code fragments in the clone group. The type of the clone group may also change (e.g., from Type-1 to Type-2). These two phenomena have been referred to as clone migration and clone mutation respectively. Previous studies have found that clone migration occur frequently in software systems, and suggested that clone migration can induce faults in a software system. In this paper, we examine how clone migration phenomena affect the risk for faults in clone segments, clone groups, and clone genealogies from three long-lived software systems JBoss, APACHE-ANT, and ARGOUML. Results show that: (1) migrated clone segments, clone groups, and clone genealogies are not equally fault-prone; (2) when a clone mutation occurs during a clone migration, the risk for faults in the migrated clone is increased; (3) migrating a clone that was not changed for a longer period of time is risky.",ieee,llm,0.930,unreviewed,
kept,An Empirical Study of Fault Prediction with Code Clone Metrics,Yasutaka Kamei; Hiroki Sato; Akito Monden; Shinji Kawaguchi; Hidetake Uwano; Masataka Nagura; Ken-Ichi Matsumoto; Naoyasu Ubayashi,2011,2011 Joint Conference of the 21st International Workshop on Software Measurement and the 6th International Conference on Software Process and Product Measurement,10.1109/IWSM-MENSURA.2011.12,https://ieeexplore.ieee.org/document/6113044/,qualifies-claim,"In this paper, we present a replicated study to predict fault-prone modules with code clone metrics to follow Baba's experiment. We empirically evaluated the performance of fault prediction models with clone metrics using 3 datasets from the Eclipse project and compared it to fault prediction without clone metrics. Contrary to the original Baba's experiment, we could not significantly support the effect of clone metrics, i.e., the result showed that F1-measure of fault prediction was not improved by adding clone metrics to the prediction model. To explain this result, this paper analyzed the relationship between clone metrics and fault density. The result suggested that clone metrics were effective in fault prediction for large modules but not for small modules.",ieee,llm,0.950,unreviewed,
kept,Late propagation in software clones,Liliane Barbour; Foutse Khomh; Ying Zou,2011,2011 27th IEEE International Conference on Software Maintenance (ICSM),10.1109/ICSM.2011.6080794,https://ieeexplore.ieee.org/document/6080794/,clones-faults,"Two similar code segments, or clones, form a clone pair within a software system. The changes to the clones over time create a clone evolution history. In this work we study late propagation, a specific pattern of clone evolution. In late propagation, one clone in the clone pair is modified, causing the clone pair to become inconsistent. The code segments are then re-synchronized in a later revision. Existing work has established late propagation as a clone evolution pattern, and suggested that the pattern is related to a high number of faults. In this study we examine the characteristics of late propagation in two long-lived software systems using the Simian and CCFinder clone detection tools. We define 8 types of late propagation and compare them to other forms of clone evolution. Our results not only verify that late propagation is more harmful to software systems, but also establish that some specific cases of late propagations are more harmful than others. Specifically, two cases are most risky: (1) when a clone experiences inconsistent changes and then a re-synchronizing change without any modification to the other clone in a clone pair; and (2) when two clones undergo an inconsistent modification followed by a re-synchronizing change that modifies both the clones in a clone pair.",ieee,human,,human,
kept,Predicting Consistency-Maintenance Requirement of Code Clonesat Copy-and-Paste Time,Xiaoyin Wang; Yingnong Dang; Lu Zhang; Dongmei Zhang; Erica Lan; Hong Mei,2014,IEEE Transactions on Software Engineering,10.1109/TSE.2014.2323972,https://ieeexplore.ieee.org/document/6815760/,supports-claim; supports-claim,"Code clones have always been a double edged sword in software development. On one hand, it is a very convenient way to reuse existing code, and to save coding effort. On the other hand, since developers may need to ensure consistency among cloned code segments, code clones can lead to extra maintenance effort and even bugs. Recently studies on the evolution of code clones show that only some of the code clones experience consistent changes during their evolution history. Therefore, if we can accurately predict whether a code clone will experience consistent changes, we will be able to provide useful recommendations to developers onleveraging the convenience of some code cloning operations, while avoiding other code cloning operations to reduce future consistency maintenance effort. In this paper, we define a code cloning operation as consistency-maintenance-required if its generated code clones experience consistent changes in the software evolution history, and we propose a novel approach that automatically predicts whether a code cloning operation requires consistency maintenance at the time point of performing copy-and-paste operations. Our insight is that whether a code cloning operation requires consistency maintenance may relate to the characteristics of the code to be cloned and the characteristics of its context. Based on a number of attributes extracted from the cloned code and the context of the code cloning operation, we use Bayesian Networks, a machine-learning technique, to predict whether an intended code cloning operation requires consistency maintenance. We evaluated our approach on four subjects—two large-scale Microsoft software projects, and two popular open-source software projects—under two usage scenarios: 1) recommend developers to perform only the cloning operations predicted to be very likely to be consistency-maintenance-free, and 2) recommend developers to perform all cloning operations unless they are predicted very likely to be consistency-maintenance-required. In the first scenario, our approach is able to recommend developers to perform more than 50 percent cloning operations with a precision of at least 94 percent in the four subjects. In the second scenario, our approach is able to avoid 37 to 72 percent consistency-maintenance-required code clones by warning developers on only 13 to 40 percent code clones, in the four subjects.",ieee,llm,0.900,unreviewed,
kept,Studying the Impact of Clones on Software Defects,Gehan M.K. Selim; Liliane Barbour; Weiyi Shang; Bram Adams; Ahmed E. Hassan; Ying Zou,2010,2010 17th Working Conference on Reverse Engineering,10.1109/WCRE.2010.11,https://ieeexplore.ieee.org/document/5645480/,clones-faults-systemdependent,"There are numerous studies that examine whether or not cloned code is harmful to software systems. Yet, few of them study which characteristics of cloned code in particular lead to software defects. In our work, we use survival analysis to understand the impact of clones on software defects and to determine the characteristics of cloned code that have the highest impact on software defects. Our survival models express the risk of defects in terms of basic predictors inherent to the code (e.g., LOC) and cloning predictors (e.g., number of clone siblings). We perform a case study using two clone detection tools on two large, long-lived systems using survival analysis. We determine that the defect-proneness of cloned methods is specific to the system under study and that more resources should be directed towards methods with a longer 'commit history'.",ieee,human,,human,
kept,A Comparative Study on Vulnerabilities in Categories of Clones and Non-cloned Code,Md. R. Islam; Minhaz F. Zibran,2016,"2016 IEEE 23rd International Conference on Software Analysis, Evolution, and Reengineering (SANER)",10.1109/SANER.2016.90,https://ieeexplore.ieee.org/document/7476787/,supports-claim; supports-claim,"Code clones are serious code smells. To investigate bug-proneness of clones as opposed to clone-free source code, earlier attempts have studied the stability of code clones and their contributions to program faults. This paper presents a comparative study on different types of clones and non-cloned code on the basis of their vulnerabilities, which may lead to software defects and issues in future. The empirical study along this new dimension examines source code of 97 software systems and derives results based on quantitative analysis with statistical significance. The findings from this work add to our under-standing of the characteristics and impacts of clones, which can be useful in clone-aware software development and in devising techniques for minimizing the negative impacts of code clones.",ieee,llm,0.840,unreviewed,
discarded,Measuring the Efficacy of Code Clone Information in a Bug Localization Task: An Empirical Study,Debarshi Chatterji; Jeffrey C. Carver; Beverly Massengil; Jason Oslin; Nicholas A. Kraft,2011,2011 International Symposium on Empirical Software Engineering and Measurement,10.1109/ESEM.2011.10,https://ieeexplore.ieee.org/document/6092550/,adjacent-subtopic,"Much recent research effort has been devoted to designing efficient code clone detection techniques and tools. However, there has been little human-based empirical study of developers as they use the outputs of those tools while performing maintenance tasks. This paper describes a study that investigates the usefulness of code clone information for performing a bug localization task. In this study 43 graduate students were observed while identifying defects in both cloned and non-cloned portions of code. The goal of the study was to understand how those developers used clone information to perform this task. The results of this study showed that participants who first identified a defect then used it to look for clones of the defect were more effective than participants who used the clone information before finding any defects. The results also show a relationship between the perceived efficacy of the clone information and effectiveness in finding defects. Finally, the results show that participants who had industrial experience were more effective in identifying defects than those without industrial experience.",ieee,llm,0.920,unreviewed,
kept,Do Code Clones Matter?,"Juergens, Elmar; Deissenboeck, Florian; Hummel, Benjamin; Wagner, Stefan",2009,"2009 31ST INTERNATIONAL CONFERENCE ON SOFTWARE ENGINEERING, PROCEEDINGS",,https://www.webofscience.com/wos/woscc/full-record/WOS:000271438200045,supports-claim,"Code cloning is not only assumed to inflate maintenance costs but also considered defet-prone as inconsistent changes to code duplicates can lead to unexpected behavior Consequently, the identification of duplicated code, clone detection, has, been a very active area of research in recent years. Up to now, however, no substantial investigation of the consequences of code cloning on program correctness has been carried out. To remedy this shortcoming, this paper presents the results of a large-scale case study that was undertaken to find out if inconsistent changes to cloned code can indicate faults. For the analyzed commercial and open source systems we not only found that inconsistent changes to clones are very frequent but also identified a significant number of faults induced by such changes. The clone detection tool used in the case study implements a novel algorithm for the detection of inconsistent clones. It is available as open source to enable other researchers to use it as basis for further investigations.",wos,llm,0.990,unreviewed,
