status,title,authors,year,venue,doi,url,tags,abstract,provider,decision_source,llm_confidence,llm_review_outcome,llm_change_direction
discarded,"SIMPSON’S FORENSIC MEDICINE, Fifteenth Edition",Payne-James J.,2025,Simpsons Forensic Medicine Fifteenth Edition,10.1201/b23300,https://www.scopus.com/inward/record.uri?partnerID=HzOxMe3b&scp=105019867775&origin=inward,off-topic-false-hit,"*Clear, concise and comprehensive text, illustrated with colour photographs of the highest quality help you find key information at a glance *It concentrates on key principles and is relevant to you whatever your legal system or country of origin *New authors bring you a fresh, modern and a totally up to date perspective *Now there is full and expanded coverage of forensic toxicology and forensic science as well as many important subspecialties of forensic medicine","dblp, openalex, scopus, ieee",llm,0.990,unreviewed,
discarded,"Lees' Loss Prevention in the Process Industries: Hazard Identification, Assessment And Control: Fourth Edition",Mannan S.,2012,Lees Loss Prevention in the Process Industries Hazard Identification Assessment and Control Fourth Edition,10.1016/C2009-0-24104-3,https://www.scopus.com/inward/record.uri?partnerID=HzOxMe3b&scp=85041156174&origin=inward,off-topic-false-hit,,"dblp, openalex, scopus, ieee",llm,0.990,unreviewed,
discarded,"Lees' Loss Prevention in the Process Industries: Hazard Identification, Assessment and Control: Third Edition",Mannan M.S.,2004,Lees Loss Prevention in the Process Industries Hazard Identification Assessment and Control Third Edition,10.1016/B978-0-7506-7555-0.X5081-6,https://www.scopus.com/inward/record.uri?partnerID=HzOxMe3b&scp=85041120899&origin=inward,off-topic-false-hit,,"dblp, openalex, scopus, ieee",llm,0.990,unreviewed,
discarded,JDeodorant: Clone Refactoring,"Mazinanian, Davood; Tsantalis, Nikolaos; Stein, Raphael; Valenta, Zackary",2016,2016 IEEE/ACM 38TH INTERNATIONAL CONFERENCE ON SOFTWARE ENGINEERING COMPANION (ICSE-C),10.1145/2889160.2889168,https://www.webofscience.com/wos/woscc/full-record/WOS:000402155300074,adjacent-subtopic,"Code duplication is widely recognized as a potentially harmful code smell for the maintenance of software systems. In this demonstration, we present a tool, developed as part of the JDeodorant Eclipse plug-in, which offers cutting-edge features for the analysis and refactoring of clones found in Java projects. https://youtu.be/K_xAEqIEJ-4",wos,llm,0.930,unreviewed,
discarded,Assessing the Refactorability of Software Clones,"Tsantalis, Nikolaos; Mazinanian, Davood; Krishnan, Giri Panamoottil",2015,IEEE TRANSACTIONS ON SOFTWARE ENGINEERING,10.1109/TSE.2015.2448531,https://www.webofscience.com/wos/woscc/full-record/WOS:000365018200002,adjacent-subtopic,"The presence of duplicated code in software systems is significant and several studies have shown that clones can be potentially harmful with respect to the maintainability and evolution of the source code. Despite the significance of the problem, there is still limited support for eliminating software clones through refactoring, because the unification and merging of duplicated code is a very challenging problem, especially when software clones have gone through several modifications after their initial introduction. In this work, we propose an approach for automatically assessing whether a pair of clones can be safely refactored without changing the behavior of the program. In particular, our approach examines if the differences present between the clones can be safely parameterized without causing any side-effects. The evaluation results have shown that the clones assessed as refactorable by our approach can be indeed refactored without causing any compile errors or test failures. Additionally, the computational cost of the proposed approach is negligible (less than a second) in the vast majority of the examined cases. Finally, we perform a large-scale empirical study on over a million clone pairs detected by four different clone detection tools in nine open-source projects to investigate how refactorability is affected by different clone properties and tool configuration options. Among the highlights of our conclusions, we found that a) clones in production code tend to be more refactorable than clones in test code, b) clones with a close relative location (i.e., same method, type, or file) tend to be more refactorable than clones in distant locations (i.e., same hierarchy, or unrelated types), c) Type-1 clones tend to be more refactorable than the other clone types, and d) clones with a small size tend to be more refactorable than clones with a larger size.",wos,llm,0.780,unreviewed,
discarded,AC 2012-4810: AN AUTOMATED APPROACH TO ASSESSING THE QUALITY OF CODE REVIEWS,"Ramachandran, Lakshmi; Gehringer, Edward F.",2012,2012 ASEE ANNUAL CONFERENCE,,https://www.webofscience.com/wos/woscc/full-record/WOS:000380250102061,adjacent-subtopic,"Peer review of code and other software documents is an integral component of a software development life cycle. In software engineering courses, peer reviewing is done by other students in the class. In order to help students improve their reviewing skills, feedback needs to be provided for the reviews written by students. The process of reviewing a review or identifying the quality of reviews can be referred to as metareviewing. Automated metareviewing ensures provision of immediate feedback to reviewers, which is likely to motivate the reviewer to improve his work and provide more useful feedback to the authors. In this work we focus especially on reviews written for software development projects. Our goal with this study is to try and identify metrics that would be best suited to study the quality of project reviews in comparison to those of reviews written for paper technical articles. Textual submissions are more likely to receive reviews that refer directly to the content of the submission as well as contain a lot of praise or criticism. Therefore metrics such as content, tone and quantity are used for such reviews. We performed experiments on review data collected from Expertiza and learnt that project reviews tend to focus more on issues related to the code and implementation of the project (they discuss testing, design aspects, code duplication) and are also not likely to contain a pronounced tone. We use natural language processing and machine learning techniques to identify and calculate the values of the new metrics. We also found that when using the new metrics to represent reviews, metareview scores were predicted with an accuracy of 84.3%, which is much higher than when just content, tone and quantity were used to predict metareview scores, which is 57.8%.",wos,llm,0.980,unreviewed,
discarded,Don't Repeat Yourself: Seamless Execution and Analysis of Extensive Network Experiments,"Frömmgen, Alexander; Stohr, Denny; Koldehofe, Boris; Rizk, Amr",2018,CONEXT'18: PROCEEDINGS OF THE 14TH INTERNATIONAL CONFERENCE ON EMERGING NETWORKING EXPERIMENTS AND TECHNOLOGIES,10.1145/3281411.3281420,https://www.webofscience.com/wos/woscc/full-record/WOS:000455383800003,off-topic-false-hit,"This paper presents MACI, the first bespoke framework for the management, the scalable execution, and the interactive analysis of a large number of network experiments. Driven by the desire to avoid repetitive implementation of just a few scripts for the execution and analysis of experiments, MACI emerged as a generic framework for network experiments that significantly increases efficiency and ensures reproducibility. MACI incorporates and integrates established simulators and analysis tools to foster rapid but systematic network experiments.

MACI significantly improved the research and development process of various communication systems, such as i) an extensive DASH video streaming study, ii) the systematic development and improvement of Multipath TCP schedulers, and iii) research on a distributed topology graph pattern matching algorithm. MACI is publicly available to the research community to advance efficient and reproducible network experiments.",wos,llm,0.990,unreviewed,
discarded,Construction of the Individualized College English Learning Management System Using Ruby On Rails,Cao Chunling,2015,2015 INTERNATIONAL CONFERENCE ON SERVICE SCIENCE (ICSS),10.1109/ICSS.2015.22,https://www.webofscience.com/wos/woscc/full-record/WOS:000380433800028,off-topic-false-hit,"One of the objectives of the new college English teaching model is to promote the development of individualized study methods and the autonomous learning ability on the part of students. However, the current common Learning Management System can't meet the individualized needs of both students and teachers. Ruby on Rails (RoR hereafter) is a full-stack web application framework written in Ruby, a dynamically scripting language. It follows the popular MVC (Model-View-Controller) pattern. By favoring ""convention over configuration"" and ""Don't Repeat Yourself"", RoR eliminates a lot of verbiage, steps and time that traditional web programming required, making applications easier and more effective to develop. From the perspective of an English teacher, this paper explores the design and construction of a college English Learning Management System using Ruby On Rails according to their own needs, and conduct the evaluation on the cost, efficiency and performance of the system.",wos,human,0.770,human,
discarded,Pedestrian and Bicyclist Crash Scenarios in the U.S,"Sherony, Rini; Zhang, Chong",2015,2015 IEEE 18TH INTERNATIONAL CONFERENCE ON INTELLIGENT TRANSPORTATION SYSTEMS,10.1109/ITSC.2015.250,https://www.webofscience.com/wos/woscc/full-record/WOS:000376668801096,off-topic-false-hit,"This paper shows the scenarios in light vehicle crashes involving pedestrians and bicyclists in the United States from 2000 to 2013. NHTSA's NASS GES and FARS dataset were analyzed to determine scenarios and associated factors. Among the key findings are: 6% of total injury crashes and 13.3% of total fatal crashes were pedestrian/bicyclist related, which resulted in an average 3600 pedestrian fatalities per year, 570 bicyclist fatalities per year, 57034 pedestrian injuries per year and 43240 bicyclist injuries per year. Crashes involving older pedestrians and bicyclists (age 70+) often were more severe than other groups. More male than females were involved in both pedestrian and bicyclist related fatal and injury crashes, as either driver or road user. Most crashes happened under no adverse weather conditions, on dry principle arterial roads and at non-junction location. Daylight condition had the highest bicyclist crash rates and pedestrian injury crash rates while fatal pedestrian rates were much higher in dark but lighted condition and dark condition. Pedestrians and bicyclists were more at risk in urban areas in part due to the large number of pedestrian and vehicle activity in that area. Pedestrian were more likely to be killed in a crash between 18: 00 and 21: 00 and in cold season ( during October to January). More bicyclist crashes happened in summer time. Before crashes happened, majority of vehicles were going straight, while more pedestrians were jaywalking/running and most of bicyclists were failing to yield. About 21% of total bicyclist related crash fatalities and 26% of total pedestrian related crash fatalities had alcohol involvement. This number may even higher since alcohol data are often missing. This analysis is applied for design and performance evaluation of in-vehicle pedestrian and bicyclist detection system.",wos,llm,1.000,unreviewed,
discarded,"Speak Fast, Use Jargon, and Don't Repeat Yourself: A Randomized Trial Assessing the Effectiveness of Online Videos to Supplement Emergency Department Discharge Instructions","Atzema, Clare L.; Austin, Peter C.; Wu, Libo; Brzozowski, Michael; Feldman, Michael J.; McDonnell, Michael; Mazurik, Laurie",2013,PLOS ONE,10.1371/journal.pone.0077057,https://www.webofscience.com/wos/woscc/full-record/WOS:000327221600006,off-topic-false-hit,"Background: Emergency department discharge instructions are variably understood by patients, and in the setting of emergency department crowding, innovations are needed to counteract shortened interaction times with the physician. We evaluated the effect of viewing an online video of diagnosis-specific discharge instructions on patient comprehension and recall of instructions.

Methods: In this prospective, single-center, randomized controlled trial conducted between November 2011 and January 2012, we randomized emergency department patients who were discharged with one of 38 diagnoses to either view (after they left the emergency department) a vetted online video of diagnosis-specific discharge instructions, or to usual care. Patients were subsequently contacted by telephone and asked three standardized questions about their discharge instructions; one point was awarded for each correct answer. Using an intention-to-treat analysis, differences between groups were assessed using univariate testing, and with logistic regression that accounted for clustering on managing physician. A secondary outcome measure was patient satisfaction with the videos, on a 10-point scale.

Results: Among 133 patients enrolled, mean age was 46.1 (s.d.D. 21.5) and 55% were female. Patients in the video group had 19% higher mean scores (2.5, s.d. 0.7) than patients in the control group (2.1, s.d. 0.8) (p=0.002). After adjustment for patient age, sex, first language, triage acuity score, and clustering, the odds of achieving a fully correct score (3 out of 3) were 3.5 (95% CI, 1.7 to 7.2) times higher in the video group, compared to the control group. Among those who viewed the videos, median rating of the videos was 10 (IQR 8 to 10).

Conclusions: In this single-center trial, patients who viewed an online video of their discharge instructions scored higher on their understanding of key concepts around their diagnosis and subsequent care. Those who viewed the videos found them to be a helpful addition to standard care.",wos,llm,1.000,unreviewed,
discarded,RAPID PROTOTYPING OF CONVERSATIONAL WEB FLOWS,"Lazar, I.; Motogna, S.; Parv, B.",2009,KEPT 2009: KNOWLEDGE ENGINEERING PRINCIPLES AND TECHNIQUES,,https://www.webofscience.com/wos/woscc/full-record/WOS:000282785400028,off-topic-false-hit,"In this paper we present a rapid prototyping development approach for conversational web flows based on Model-Driven Architecture (MDA). Prototypes are defined as executable Foundational UML (fUML) models. In order to ensure simple and fast definition of UML models, we apply the DRY (""don't repeat yourself"") principle and the concept of ""convention over configuration"". Update transformations in the small may be applied on model elements in order to rapidly create new elements based on some conventions.",wos,human,0.900,human,
discarded,DIFFERENCES BETWEEN THE TERF AND THE ERS TRITIUM CAPTURE SYSTEMS,"HEDLEY, WH; LAMBERGER, PH; COLVIN, CM; GIBBS, GE; ADAMS, FS; BOWSER, RP; KISSNER, TJ; MORGAN, FE; SCHMIDT, MJ; VANPATTEN, JF; WIENEKE, RE",1992,FUSION TECHNOLOGY,,https://www.webofscience.com/wos/woscc/full-record/WOS:A1992HM35700073,off-topic-false-hit,"The TERF and the ERS tritium capture systems are alike in that they both use the ""oxidize and dry"" principle to remove tritium from gases, but they differ significantly in engineering details.  The newer TERF system benefited in many ways from experience with the ERS.  The TERF is expected to:  1) operate at a higher pressure, leading to greater throughput, 2) have redesigned reactors with better efficiency to process tritiated organic compounds, 3) have better energy conservation, 4) use an advanced process control system to provide more versatility in operation of the system, to account for the amount of tritium in the system at all times, and to more completely log operating results, 5) utilize more corrosion resistant materials to minimize maintenance, and 6) provide double containment of all pressurized tritium containing equipment to reduce tritium losses and increase operating safety.",wos,llm,1.000,unreviewed,
discarded,Model clone detection in practice,Florian Deissenboeck; Benjamin Hummel; Elmar Juergens; Michael Pfaehler; Bernhard Schaetz,2010,,10.1145/1808901.1808909,https://openalex.org/W2015554754,adjacent-subtopic,"Cloned code is considered harmful for two reasons: (1) multiple, possibly unnecessary, duplicates of code increase maintenance costs and, (2) inconsistent changes to cloned code can create faults and, hence, lead to incorrect program behavior. Likewise, duplicated parts of models are problematic in model-based development. Recently, we and other authors proposed multiple approaches to automatically identify duplicates in graphical models. While it has been demonstrated that these approaches work in principal, a number of challenges remain for application in industrial practice. Based on an industrial case study undertaken with the BMW Group, this paper details on these challenges and presents solutions to the most pressing ones, namely scalability and relevance of the results. Moreover, we present tool support that eases the evaluation of detection results and thereby helps to make clone detection a standard technique in model-based quality assurance.",openalex,llm,0.930,unreviewed,
discarded,Tendermint: Byzantine Fault Tolerance in the Age of Blockchains,Ethan Buchman,2016,The Atrium (University of Guelph),,https://openalex.org/W2470694705,off-topic-false-hit,"Tendermint is a new protocol for ordering events in a distributed network under adversarial conditions. More commonly known as consensus or atomic broadcast, the problem has attracted significant attention recently due to the widespread success of digital currencies, such as Bitcoin and Ethereum, which successfully solve the problem in public settings without a central authority. Tendermint modernizes classic academic work on the subject to provide a secure consensus protocol with accountability guarantees, as well as an interface for building arbitrary applications above the consensus. Tendermint is high performance, achieving thousands of transactions per second on dozens of nodes distributed around the globe, with latencies of about one second, and performance degrading moderately in the face of adversarial attacks.",openalex,llm,1.000,unreviewed,
discarded,Some Code Smells Have a Significant but Small Effect on Faults,Tracy Hall; Min Zhang; David Bowes; Yi Sun,2014,ACM Transactions on Software Engineering and Methodology,10.1145/2629648,https://openalex.org/W2060561050,adjacent-subtopic,"We investigate the relationship between faults and five of Fowler et al.'s least-studied smells in code: Data Clumps, Switch Statements, Speculative Generality, Message Chains, and Middle Man. We developed a tool to detect these five smells in three open-source systems: Eclipse, ArgoUML, and Apache Commons. We collected fault data from the change and fault repositories of each system. We built Negative Binomial regression models to analyse the relationships between smells and faults and report the McFadden effect size of those relationships. Our results suggest that Switch Statements had no effect on faults in any of the three systems; Message Chains increased faults in two systems; Message Chains which occurred in larger files reduced faults; Data Clumps reduced faults in Apache and Eclipse but increased faults in ArgoUML; Middle Man reduced faults only in ArgoUML, and Speculative Generality reduced faults only in Eclipse. File size alone affects faults in some systems but not in all systems. Where smells did significantly affect faults, the size of that effect was small (always under 10 percent). Our findings suggest that some smells do indicate fault-prone code in some circumstances but that the effect that these smells have on faults is small. Our findings also show that smells have different effects on different systems. We conclude that arbitrary refactoring is unlikely to significantly reduce fault-proneness and in some cases may increase fault-proneness.",openalex,llm,0.880,unreviewed,
discarded,Hybrid threshold adaptable quantum secret sharing scheme with reverse Huffman-Fibonacci-tree coding,Hong Lai; Jun Zhang; Ming-Xing Luo; Lei Pan; Josef Pieprzyk; Fuyuan Xiao; Mehmet A. Orgun,2016,Scientific Reports,10.1038/srep31350,https://openalex.org/W2508570029,off-topic-false-hit,"With prevalent attacks in communication, sharing a secret between communicating parties is an ongoing challenge. Moreover, it is important to integrate quantum solutions with classical secret sharing schemes with low computational cost for the real world use. This paper proposes a novel hybrid threshold adaptable quantum secret sharing scheme, using an m-bonacci orbital angular momentum (OAM) pump, Lagrange interpolation polynomials, and reverse Huffman-Fibonacci-tree coding. To be exact, we employ entangled states prepared by m-bonacci sequences to detect eavesdropping. Meanwhile, we encode m-bonacci sequences in Lagrange interpolation polynomials to generate the shares of a secret with reverse Huffman-Fibonacci-tree coding. The advantages of the proposed scheme is that it can detect eavesdropping without joint quantum operations, and permits secret sharing for an arbitrary but no less than threshold-value number of classical participants with much lower bandwidth. Also, in comparison with existing quantum secret sharing schemes, it still works when there are dynamic changes, such as the unavailability of some quantum channel, the arrival of new participants and the departure of participants. Finally, we provide security analysis of the new hybrid quantum secret sharing scheme and discuss its useful features for modern applications.",openalex,llm,1.000,unreviewed,
