status,title,authors,year,venue,doi,url,tags,abstract,provider,decision_source,llm_confidence,llm_review_outcome,llm_change_direction
discarded,Knowledge Production in Digital Design and Fabrication,Rust R.,2024,Architectural Design,10.1002/ad.3102,https://www.scopus.com/inward/record.uri?partnerID=HzOxMe3b&scp=85203355409&origin=inward,off-topic-false-hit,"Romana Rust and Inés Ariza illustrate how digital fabrication projects developed by Gramazio Kohler Research at ETH Zurich are using innovative software pipelines and producing more collaborative software and digitally driven techniques to illicit much more dynamic and sustainably effective interfaces between machines and humans for the construction industry. Rust is a computational architect and Head of Research and Innovation at vyzn AG, and Ariza is an architect and researcher within the NCCR Digital Fabrication consortium at Gramazio Kohler Research, and R&D Project Lead at MESH AG.",scopus,llm,0.980,unreviewed,
discarded,Rethinking Answer Set Programming Templates,Alviano M.,2023,Lecture Notes in Computer Science Including Subseries Lecture Notes in Artificial Intelligence and Lecture Notes in Bioinformatics,10.1007/978-3-031-52038-9_6,https://www.scopus.com/inward/record.uri?partnerID=HzOxMe3b&scp=85182590454&origin=inward,adjacent-subtopic,"In imperative programming, the Domain-Driven Design methodology helps in coping with the complexity of software development by materializing in code the invariants of a domain of interest. Code is cleaner and more secure because any implicit assumption is removed in favor of invariants, thus enabling a fail fast mindset and the immediate reporting of unexpected conditions. This article introduces a notion of template for Answer Set Programming that, in addition to the don't repeat yourself principle, enforces locality of some predicates by means of a simple naming convention. Local predicates are mapped to the usual global namespace adopted bymainstream engines, using universally unique identifiers to avoid name clashes. This way, local predicates can be used to enforce invariants on the expected outcome of a template in a possibly empty context of application, independently by other rules that can be added to such a context. Template applications transpiled this way can be processed by mainstream engines and safely shared with other knowledge designers, even when they have zero knowledge of templates.",scopus,human,0.730,human,
discarded,LSQ Framework: The LSQ Framework for SPARQL Query Log Processing,Stadler C.,2022,Ceur Workshop Proceedings,,https://www.scopus.com/inward/record.uri?partnerID=HzOxMe3b&scp=85142809959&origin=inward,off-topic-false-hit,,scopus,llm,0.950,unreviewed,
discarded,"Simple and Efficient Programming with C#: Skills to Build Applications with Visual Studio and .NET, Second Edition",Sarcar V.,2022,Simple and Efficient Programming with C Skills to Build Applications with Visual Studio and Net Second Edition,10.1007/978-1-4842-8737-8,https://www.scopus.com/inward/record.uri?partnerID=HzOxMe3b&scp=105001882727&origin=inward,off-topic-false-hit,This book teaches you to apply skills and approaches to your programming to build real-world applications in C# 11 using the latest edition of .NET.,scopus,llm,0.940,unreviewed,
discarded,Simple and Efficient Programming with C#: Skills to Build Applications with Visual Studio and .NET,Sarcar V.,2021,Simple and Efficient Programming with C Skills to Build Applications with Visual Studio and Net,10.1007/978-1-4842-7322-7,https://www.scopus.com/inward/record.uri?partnerID=HzOxMe3b&scp=85152853800&origin=inward,off-topic-false-hit,,scopus,llm,0.940,unreviewed,
discarded,Using Software Engineering Design Principles as Tools for Freshman Students Learning,Cabezas I.,2020,Proceedings Frontiers in Education Conference Fie,10.1109/FIE44824.2020.9274177,https://www.scopus.com/inward/record.uri?partnerID=HzOxMe3b&scp=85098557752&origin=inward,adjacent-subtopic,"In this innovative practice work-in-progress paper, the software engineering design principles that are used for Programming Fundamentals, and Object-Oriented Programming courses, within a -recently renewed curriculum- software engineering program, are reviewed and discussed as tools to introduce first-year students into the engineering design skills learning pathway of the Engineering Accreditation Commission of the Accreditation Board for Engineering and Technology, ABET. Special attention is paid to highly abstract concepts such as high cohesion, low coupling, Keep it Short and Simple, Don’t Repeat Yourself, Single Responsibility Principle, among other object-oriented design principles. The aim of such exercise is two-fold: (i) to address how design principles can be used to guide students’ learning process, and (ii) to support pedagogical decision making for the software engineering program. The outtake of the whole research planned by the authors is as follows. On the one hand, design principles are discussed and analyzed, from the first-year programming courses perspective, aiming a pedagogical path planning for student outcomes attainment within a Project-Based-Learning approach. On the other hand, the discussion on how the program takes advantage of assessment and evaluation processes, can be useful for programs and faculty concerned with fulfilling the continuous improvement criterion, as defined by ABET. The presented work-in-progress focuses on reflection about design principles and establishing a link among them, with the engineering design process. In this way, this paper separates from similar works that may focus on design principles by itself, without the mentioned intentionality. Reported qualitative results are focused on conducted experiences so far within our software engineering program.",scopus,human,0.710,human,
discarded,Wendelstein Observatory control software,Snigula J.,2016,Proceedings of SPIE the International Society for Optical Engineering,10.1117/12.2231399,https://www.scopus.com/inward/record.uri?partnerID=HzOxMe3b&scp=85006512191&origin=inward,off-topic-false-hit,"LMU Munchen operates an astrophysical observatory on Mt. Wendelstein1. The 2m Fraunhofer telescope2, 3 is equipped with a 0.5 x 0.5 square degree field-of-view wide field camera4 and a 3 channel optical/NIR camera5, 6. Two fiber coupled spectrographs7-9 and a wavefront sensor will be added in the near future. The observatory hosts a multitude of supporting hardware, i.e. allsky cameras, webcams, meteostation, air conditioning etc. All scientific hardware can be controlled through a single, central ""Master Control Program"" (MCP). At the last SPIE astronomy venue we presented the overall Wendelstein Observatory software concept10. Here we explain concept and implementation of the MCP as a multi-threaded Python daemon in the area of conflict between debuggability and Don't Repeat Yourself (DRY).",scopus,human,0.800,human,
discarded,Basic design principles in software engineering,Wang H.,2012,Proceedings 4th International Conference on Computational and Information Sciences Iccis 2012,10.1109/ICCIS.2012.91,https://www.scopus.com/inward/record.uri?partnerID=HzOxMe3b&scp=84868549516&origin=inward,adjacent-subtopic,"Design Principles are standards used to organize and arrange the structural components of Software Engineering design. Methods in which these design principles are applied affect the expressive content and the working process from the start. Design principles help designers build up common consensus about architectural knowledge, help people process with large scale software engineering, help beginners avoid traps and pitfalls which have been detected by past experiences. In this paper, 5 main principles are elaborated and examples are given out, including Open-Closes Principle, Single Responsibility Principle, Don't repeat Yourself Principle, Liskov Substitution Principle, and Dependency Inversion Principle.",scopus,human,0.740,human,
discarded,Rapid prototyping of service-oriented applications on OSGi platform,Lazǎr I.,2009,2009 4th Balkan Conference in Informatics Bci 2009,10.1109/BCI.2009.31,https://www.scopus.com/inward/record.uri?partnerID=HzOxMe3b&scp=77951149847&origin=inward,adjacent-subtopic,"In this paper we present a rapid prototyping development approach for developing service-oriented applications on OSGi platform that combines incremental and evolutionary prototyping. Prototypes are defined as executable UML models. In order to ensure simple and fast definition of UML models, we apply the DRY (""don't repeat yourself'') principle and the concept of ""convention over configuration'' introduced in the context of rapid application development. Update transformations in the small may be applied onmodel elements explicitly selected by the user in order to rapidily create new model elements based on some conventions. During the development the system may contain platform independent and platform specific components.This feature allows developers to reuse platform specific components when they build a new system. Moreover, the approach may also be used when they maintain an existing system.",scopus,human,0.680,human,
kept,Stop Software Rot: Keep Your Architecture DRY,Lunde R.,2004,Cutter IT Journal,,https://www.scopus.com/inward/record.uri?partnerID=HzOxMe3b&scp=0442311042&origin=inward,supports-claim,,scopus,llm,0.770,unreviewed,
kept,Tracking code clones in evolving software,Ekwa Duala-Ekoko; Martin P. Robillard,2008,,10.1145/1342211.1342218,https://openalex.org/W2152828763,qualifies-claim,"Code clones are generally considered harmful in software development, and the predominant approach is to try to eliminate them through refactoring. However, recent research has provided evidence that it may not always be practical, feasible, or cost-effective to eliminate certain clone groups. We propose a technique for tracking clones in evolving software. Our technique relies on the concept of abstract clone region descriptors (CRD), which describe clone regions within methods in a robust way that is independent from the exact text of the clone region or its location in a file. We present our definition of CRDs, and describe a complete clone tracking system capable of producing CRDs from the output of a clone detection tool, notify developers of modifications to clone regions, and support the simultaneous editing of clone regions. We report on two experiments and a case study conducted to assess the performance and usefulness of our approach",openalex,llm,0.920,unreviewed,
discarded,Detecting Java Code Clones Based on Bytecode Sequence Alignment,Dongjin Yu; Jiazha Yang; Xin Chen; Jie Chen,2019,IEEE Access,10.1109/access.2019.2898411,https://openalex.org/W2914697834,adjacent-subtopic,"When the source code is copied and pasted or modified, there will be a lot of identical or similar code snippets in the software system, which are called code clones. Because code clones are believed to result in undesirable maintainability of software, numerous approaches and techniques have been proposed for code clone detection. However, most of them are based on the source code, while only a few employ the bytecode to detect code clones. In this paper, we introduce an approach based on Java bytecode, which mainly contains the steps of bytecode sequence alignment and similarity score comparison. In particular, we apply the Smith-Waterman algorithm to align bytecode sequences for precise matching. Moreover, we separately consider the similarities between instruction sequences and method call sequences, thus improving its effectiveness in detecting code clones. We conducted an extensive experiment on five open-source software to evaluate the proposed approach. The results show that our approach outperforms other state-of-the-art techniques.",openalex,llm,0.950,unreviewed,
discarded,Review Sharing via Deep Semi-Supervised Code Clone Detection,Chenkai Guo; Hui Yang; Dengrong Huang; Jianwen Zhang; Naipeng Dong; Jing Xu; Jingwen Zhu,2020,IEEE Access,10.1109/access.2020.2966532,https://openalex.org/W2999653107,adjacent-subtopic,"Code review as a typical type of user feedback has recently drawn increasing attentions for improving code quality. To carry out research on code review, sufficient review data is normally required. As a result, recent efforts commonly focus on analysis for projects with sufficient reviews (called “s-projects”), rather than projects with extremely few ones (called “f-projects”). Actually, through statistics on public platforms, the latter ones dominate open source software, in which novel approaches should be explored to improve their review-based code improvement. In this paper, we try to address the problem via building a review sharing channel where the informative review can be reasonably delivered from s-projects to the f-projects. To ensure the accuracy of shared reviews, we introduce a novel code clone detection model based on Convolutional Neural Network (CNN), and build suitable “s-projects, f-projects” pairs through the clone detection. Especially, to alleviate the dataset heterogeneity between the training and testing, an autoencoder-based semi-supervised learning strategy is employed. Furthermore, to improve the sharing experience, heuristic filtering tactics are applied to reduce the time cost. Meanwhile, the LDA (Latent Dirichlet Allocation)-based ranking algorithm is used for presenting diverse review themes. We have implemented the sharing channel as a prototype system RSharer+, which contains three representative modules: data preprocessing, code clone detection and review presentation. The collected datasets are first transformed into context-sensitive numerical vectors in the data proprecessing. Then in the clone detection, data vectors are trained and tested on the BigCloneBench and real code-review pairs. At last, the presentation module provides review classification and theme extraction for better sharing experience. Extensive comparative experiments on hundreds of real labelled code fragments demonstrate the precision of clone detection and the effectiveness of review sharing.",openalex,llm,0.970,unreviewed,
discarded,Large-Scale Code Clone Detection,Hitesh Sajnani,2016,eScholarship (California Digital Library),,https://openalex.org/W2467974757,adjacent-subtopic,"Clone detection locates exact or similar pieces of code, known as clones, within or between software systems. With the amount of source code increasing steadily, large-scale clone detection has become a necessity. Large code bases and repositories of projects have led to several new use cases of clone detection including mining library candidates, detecting similar mobile applications, detection of license violations, reverse engineering product lines, finding the provenance of a component, and code search. While several techniques have been proposed for clone detection over many years, accuracy and scalability of clone detection tools and techniques still remains an active area of research. Specifically, there is a marked lack in clone detectors that scale to large systems or repositories, particularly for detecting near-miss clones where significant editing activities may have taken place in the cloned code. The problem stated above motivates the need for clone detection techniques and tools that satisfy the following requirements: (1) accurate detection of near-miss clones, where minor to significant editing changes occur in the copy/pasted fragments; (2) scalability to hundreds of millions of lines of code and several thousand projects; and (3) minimal dependency on programming languages. To that effect, this dissertation presents SourcererCC, an accurate, near-miss clone detection tool that scales to hundreds of millions of lines of code (MLOC) on a single standard machine. The core idea of SourcererCC is to build an optimized index of code blocks and compare them using a simple bag-of-tokens strategy, which is very effective in detecting near-miss clones. Coupled with several filtering heuristics that reduce the size of the index, this approach is also very efficient, as it reduces the number of code block comparisons to detect the clones. This dissertation evaluates scalability, execution time, and accuracy of SourcererCC against four state-of-the-art open-source tools: CCFinderX, Deckard, iClones, and NiCad. To measure scalability, the performance of the tools is evaluated on inter-project software repository IJaDataset-2.0, consisting of 25,000 projects, containing 3 million files and 250 MLOC. To measure precision and recall, two recent benchmarks are used: (1) a benchmark of real clones, BigCloneBench, that spans the four primary clone types and the full spectrum of syntactical similarity in three different languages (Java, C, and C#); and (2) a Mutation/Injection-based framework of thousands of fine-grained artificial clones. The results of these experiments suggest that SourcererCC improves the state-of-the-art in code clone detection by being the most scalable technique known so far, with accuracy at par with the current state-of-the-art tools.Additionally, this dissertation presents two tools built on top of SourcererCC: (i) SourcererCC-D: a distributed version of SourcererCC that exploits the inherent parallelism present in SourcererCC's approach to scale horizontally on a cluster of commodity machines for large scale code clone detection. Our experiments demonstrate SourcererCC-D's ability to achieve ideal speed-up and near linear scale-up on large datasets; and (ii) SourcererCC-I: an interactive and real-time version of SourcererCC that is integrated with the Eclipse development environment. SourcererCC-I is built to support developers in clone-aware development and maintenance activities. Finally, this dissertation concludes by presenting two empirical studies conducted using SourcererCC to demonstrate its effectiveness in practice.",openalex,llm,0.970,unreviewed,
kept,Code clone analysis methods for efficient software maintenance,芳樹 肥後,2006,Institutional Repositories DataBase (IRDB),10.18910/47259,https://openalex.org/W2332026587,supports-claim,"Maintaining software systems becomes more difficult as the size and complexity of them increase.One factor that makes software maintenance more difficult is the presence of code clones.A code clone is a code fragment that has identical or similar code fragments to it in the source code.Code clones are introduced by various reasons such as reusing code by 'copy and paste'.If we modify a code clone with many similar code fragments, it is necessary to consider whether or not we have to modify each of them.Especially, for large-scale software, such a process is very complicated and expensive.We tend to overlook some of code fragments which should be modified.In this study, we propose maintenance support methods for the presence of code clones.This study covers comprehensive maintenance situations that we are suffered from code clones.To sophisticate and enrich our methods as practical ones, we are promoting academic-industrial collaboration.We deliver our tools to industrial people, and they apply the tools to their software development and maintenance contexts, and they send feedback to us.We improve our methods and tools based on the feedback, and deliver the improved tools to them repeatedly.This iterative improvement process enhanced our methods and tools as useful ones in practical software development and maintenance.We propose methods of visualizing and characterizing code clones to support understanding them in a software system.The methods are very practical since they have a filtering functionality for eliminating uninteresting code clones.Automatic code clone detection by tools tends to detect many uninteresting code clones.Uninteresting code clones are the ones that we are not interested in from a viewpoint of software maintenance.For example, consecutive method invocations and case entries of switch-statements are typically uninteresting.The existence reason of these code clones is not copy and paste but the syntax of the programming language.The visualization method provides a bird's eye view of code clones distribution all over the system.Using this view, we can understand the distribution state of code clones at a glance.The characterization method calculates some metrics of the software entities (code clones and source files).This quantitative characterization enables I am most indebted to my supervisor Professor Katsuro Inoue for his continuous support and supervision over the years.Without his help, experience and advice, this thesis would never have reached completion.",openalex,llm,0.910,unreviewed,
