status,title,authors,year,venue,doi,url,tags,abstract,provider,decision_source,llm_confidence,llm_review_outcome,llm_change_direction
kept,Improving maintenance-consistency prediction during code clone creation,Zhang F.,2020,IEEE Access,10.1109/ACCESS.2020.2990645,https://www.scopus.com/inward/record.uri?partnerID=HzOxMe3b&scp=85084955052&origin=inward,supports-claim,"Developers frequently introduce code clones into software through the copy-and-paste operations during the software development phase in order to shorten development time. Not all such clone creations are beneficial to software maintenance, as they may introduce extra effort at the software maintenance phase, where additional care is needed to ensure consistent change among these clones; i.e., changes made to a piece of code may need to be propagated to other clones. Failure in doing so may risk introducing bugs into software, which are usually called consistent defect. In response to the rampant maintenance cost caused by the introduction of new clones, some researchers have advocated the use of machine-learning approach to predict the likelihood of consistent change requirement when clones are freshly introduced. Leading in this approach is the work by Wang et al., which uses Bayesian Network to model maintenance-consistency of newly introduced clones. In this work, we leverage the success of the above-mentioned work by providing a revised set of attributes that has been shown to strengthen the predictive power of the Bayesian network model, as determined more quantitatively by the precision and recall levels. We firstly provide the definition of clone consistency-maintenance requirement, which can help transfer this problem to a classification problem. Then, based on collecting all clone creation operations through traversing clone genealogies, we redesign the attribute sets for representing clone creation with more information in code and context perspective. We evaluate the effectiveness of our approach on four open source projects with more quantitative analysis, and the experimental results show that our approach possesses a powerful ability in predicting clone consistency. To transfer this work into practice, we develop an Eclipse plug-in tool of this prediction to aid developers in software development and maintenance.",scopus,llm,0.950,unreviewed,
kept,An empirical study on bug propagation through code cloning,Mondal M.,2019,Journal of Systems and Software,10.1016/j.jss.2019.110407,https://www.scopus.com/inward/record.uri?partnerID=HzOxMe3b&scp=85072265282&origin=inward,supports-claim,"Abstract Code clones are identical or nearly similar code fragments in a code-base. According to the existing studies, code clones are directly related to bugs. Code cloning, creating code clones, is suspected to propagate temporarily hidden bugs from one code fragment to another. However, there is no study on the intensity of bug-propagation through code cloning. In this paper, we define two clone evolutionary patterns that reasonably indicate bug propagation through code cloning. By analyzing software evolution history, we identify those code clones that evolved following the bug propagation patterns. According to our study on thousands of commits of seven subject systems, overall 18.42% of the clone fragments that experience bug-fixes contain propagated bugs. Type-3 clones are primarily involved with bug-propagation. Bug propagation is more likely to occur in the clone fragments that are created in the same commit rather than in different commits. Moreover, code clones residing in the same file have a higher possibility of containing propagated bugs compared to those residing in different files. Severe bugs can sometimes get propagated through code cloning. Automatic support for immediately identifying occurrences of bug-propagation can be beneficial for software maintenance. Our findings are important for prioritizing code clones for management.",scopus,llm,0.990,unreviewed,
kept,Will this clone be short-lived? Towards a better understanding of the characteristics of short-lived clones,Thongtanunam P.,2019,Empirical Software Engineering,10.1007/s10664-018-9645-2,https://www.scopus.com/inward/record.uri?partnerID=HzOxMe3b&scp=85053613910&origin=inward,qualifies-claim,"Code clones are created when a developer duplicates a code fragment to reuse existing functionalities. Mitigating clones by refactoring them helps ease the long-term maintenance of large software systems. However, refactoring can introduce an additional cost. Prior work also suggest that refactoring all clones can be counterproductive since clones may live in a system for a short duration. Hence, it is beneficial to determine in advance whether a newly-introduced clone will be short-lived or long-lived to plan the most effective use of resources. In this work, we perform an empirical study on six open source Java systems to better understand the life expectancy of clones. We find that a large number of clones (i.e., 30% to 87%) lived in the systems for a short duration. Moreover, we find that although short-lived clones were changed more frequently than long-lived clones throughout their lifetime, short-lived clones were consistently changed with their siblings less often than long-lived clones. Furthermore, we build random forest classifiers in order to determine the life expectancy of a newly-introduced clone (i.e., whether a clone will be short-lived or long-lived). Our empirical results show that our random forest classifiers can determine the life expectancy of a newly-introduced clone with an average AUC of 0.63 to 0.92. We also find that the churn made to the methods containing a newly-introduced clone, the complexity and size of the methods containing the newly-introduced clone are highly influential in determining whether the newly-introduced clone will be short-lived. Furthermore, the size of a newly-introduced clone shares a positive relationship with the likelihood that the newly-introduced clone will be short-lived. Our results suggest that, to improve the efficiency of clone management efforts, practitioners can leverage our classifiers and insights in order to determine whether a newly-introduced clone will be short-lived or long-lived to plan the most effective use of their clone management resources in advance.",scopus,llm,0.920,unreviewed,
discarded,FACoY: A code-to-code search engine,Kim K.,2018,Proceedings International Conference on Software Engineering,10.1145/3180155.3180187,https://www.scopus.com/inward/record.uri?partnerID=HzOxMe3b&scp=85049382246&origin=inward,adjacent-subtopic,"Code search is an unavoidable activity in software development. Various approaches and techniques have been explored in the literature to support code search tasks. Most of these approaches focus on serving user queries provided as natural language free-form input. However, there exists a wide range of use-case scenarios where a code-to-code approach would be most beneficial. For example, research directions in code transplantation, code diversity, patch recommendation can leverage a code-to-code search engine to find essential ingredients for their techniques. In this paper, we propose FaCoY, a novel approach for statically finding code fragments which may be semantically similar to user input code. FaCoY implements a query alternation strategy: instead of directly matching code query tokens with code in the search space, FaCoY first attempts to identify other tokens which may also be relevant in implementing the functional behavior of the input code. With various experiments, we show that (1) FaCoY is more effective than online code-to-code search engines; (2) FaCoY can detect more semantic code clones (i.e., Type-4) in BigCloneBench than the state-of-the-art; (3) FaCoY, while static, can detect code fragments which are indeed similar with respect to runtime execution behavior; and (4) FaCoY can be useful in code/patch recommendation.",scopus,llm,0.980,unreviewed,
discarded,Tool Support for Managing Clone Refactorings to Facilitate Code Review in Evolving Software,Chen Z.,2017,Proceedings International Computer Software and Applications Conference,10.1109/COMPSAC.2017.242,https://www.scopus.com/inward/record.uri?partnerID=HzOxMe3b&scp=85031938842&origin=inward,adjacent-subtopic,"Developers often perform copy-and-paste activities. This practice causes the similar code fragment (aka code clones) to be scattered throughout a code base. Refactoring for clone removal is beneficial, preventing clones from having negative effects on software quality, such as hidden bug propagation and unintentional inconsistent changes. However, recent research has provided evidence that factoring out clones is not always to reduce the risk of introducing defects, and it is often difficult or impossible to remove clones using standard refactoring techniques. To investigate which or how clones can be refactored, developers typically spend a significant amount of their time managing individual clone instances or clone groups scattered across a large code base. To address the problem, this paper presents a technique for managing clone refactorings, Pattern-based clone Refactoring Inspection (PRI), using refactoring pattern templates. By matching the refactoring pattern templates against a code base, it summarizes refactoring changes of clones, and detects the clone instances not consistently factored out as potential anomalies. PRI also provides novel visualization user interfaces specifically designed for inspecting clone refactorings. In the evaluation, PRI analyzes clone instances in six open source projects. It identifies clone refactorings with 94.1% accuracy and detects inconsistent refactorings with 98.4% accuracy. Our results show that PRI should help developers effectively inspect evolving clones and correctly apply refactorings to clone groups.",scopus,llm,0.800,unreviewed,
kept,Variant-preserving refactorings for migrating cloned products to a product line,Fenske W.,2017,Saner 2017 24th IEEE International Conference on Software Analysis Evolution and Reengineering,10.1109/SANER.2017.7884632,https://www.scopus.com/inward/record.uri?partnerID=HzOxMe3b&scp=85018379245&origin=inward,supports-claim,"A common and simple way to create custom product variants is to copy and adapt existing software (a. k. a. the clone-and-own approach). Clone-and-own promises low initial costs for creating a new variant as existing code is easily reused. However, clone-and-own also comes with major drawbacks for maintenance and evolution since changes, such as bug fixes, need to be synchronized among several product variants. Software product lines (SPLs) provide solutions to these problems because commonalities are implemented only once. Thus, in an SPL, changes also need to be applied only once. Therefore, the migration of cloned product variants to an SPL would be beneficial. The main tasks of migration are the identification and extraction of commonalities from existing products. However, these tasks are challenging and currently not well-supported. In this paper, we propose a step-wise and semi-automated process to migrate cloned product variants to a feature-oriented SPL. Our process relies on clone detection to identify code that is common to multiple variants and novel, variant-preserving refactorings to extract such common code. We evaluated our approach on five cloned product variants, reducing code clones by 25 %. Moreover, we provide qualitative insights into possible limitations and potentials for removing even more redundant code. We argue that our approach can effectively decrease synchronization effort compared to clone-and-own development and thus reduce the long-term costs for maintenance and evolution.",scopus,llm,0.930,unreviewed,
discarded,CloCom: Mining existing source code for automatic comment generation,Wong E.,2015,2015 IEEE 22nd International Conference on Software Analysis Evolution and Reengineering Saner 2015 Proceedings,10.1109/SANER.2015.7081848,https://www.scopus.com/inward/record.uri?partnerID=HzOxMe3b&scp=84928681873&origin=inward,adjacent-subtopic,"Code comments are an integral part of software development. They improve program comprehension and software maintainability. The lack of code comments is a common problem in the software industry. Therefore, it is beneficial to generate code comments automatically. In this paper, we propose a general approach to generate code comments automatically by analyzing existing software repositories. We apply code clone detection techniques to discover similar code segments and use the comments from some code segments to describe the other similar code segments. We leverage natural language processing techniques to select relevant comment sentences. In our evaluation, we analyze 42 million lines of code from 1,005 open source projects from GitHub, and use them to generate 359 code comments for 21 Java projects. We manually evaluate the generated code comments and find that only 23.7% of the generated code comments are good. We report to the developers the good code comments, whose code segments do not have an existing code comment. Amongst the reported code comments, seven have been confirmed by the developers as good and committable to the software repository while the rest await for developers' confirmation. Although our approach can generate good and committable comments, we still have to improve the yield and accuracy of the proposed approach before it can be used in practice with full automation.",scopus,llm,0.970,unreviewed,
discarded,Software development and reuse using functional clones,Rajakumari K.,2015,International Journal of Applied Engineering Research,,https://www.scopus.com/inward/record.uri?partnerID=HzOxMe3b&scp=84927749935&origin=inward,adjacent-subtopic; no-abstract-title-only,,scopus,human,0.560,human,
kept,A comparative study of bug patterns in java cloned and non-cloned code,Sajnani H.,2014,Proceedings 2014 14th IEEE International Working Conference on Source Code Analysis and Manipulation Scam 2014,10.1109/SCAM.2014.12,https://www.scopus.com/inward/record.uri?partnerID=HzOxMe3b&scp=84924872048&origin=inward,qualifies-claim,"Code cloning via copy-and-paste is a common practice in software engineering. Traditionally, this practice has been considered harmful, and a symptom that some important design abstraction is being ignored. As such, many previous studies suggest approaches to facilitate the discovery, removal, and refactoring of clones. However, not many studies exist that empirically investigate the relationship of code clones with code quality. In this paper, we conduct an empirical study of 31 open source Java projects (1.7 MSLOC) to explore the relationship between code clones and a set of bug patterns reported by Find Bugs. We found that: (i) the defect density in cloned code is 3.7 times less than that of the rest of the code, (ii) 66% of the bug patterns associated with code clones are related to issues in coding style and practice, the two least problematic of the Find Bugs' categories, while that number is 49% for non-cloned code, and (iii) 75% of the bug patterns in cloned code are duplicated without any changes, while 25% are only present in one of the clones. These results show that, when using Find Bugs to detect bug patterns, there is a positive differentiation of cloned code with respect to the rest of the code: the cloned code has considerably less, and less problematic, bug patterns. While our study does not unveil any explanation for this, results from other, more qualitative studies indicate that developers use copy-and-paste intentionally and wisely, which may explain the quantitative observations of our study. Overall, these research results suggest that the practice of code cloning in Java, and possibly in all other object-oriented languages, needs to be given serious consideration on the part of tool designers.",scopus,llm,0.990,unreviewed,
discarded,Analyzing the effect of preprocessor annotations on code clones,Schulze S.,2011,Proceedings 11th IEEE International Working Conference on Source Code Analysis and Manipulation Scam 2011,10.1109/SCAM.2011.12,https://www.scopus.com/inward/record.uri?partnerID=HzOxMe3b&scp=82055200258&origin=inward,adjacent-subtopic,"The C preprocessor cpp is a powerful and language-independent tool, widely used to implement variable software in different programming languages (C, C++) using conditional compilation. Preprocessor annotations can used on different levels of granularity such as functions or statements. In this paper, we investigate whether there is a relation between code clones and preprocessor annotations. Specifically, we address the question whether the discipline of annotation has an effect on code clones. To this end, we perform a case study on fifteen different C programs and analyze them regarding code clones and #ifdef occurrences. We found only minor effects of annotations on code clones, but a relationship between annotations that align with the code structure (and code clones). With this work, we provide new insights why code clones occur in C programs. Furthermore, the results can support the decision whether or not it is beneficial to remove clones.",scopus,llm,0.840,unreviewed,
discarded,Automated scheduling for clone-based refactoring using a competent GA,Lee S.,2011,Software Practice and Experience,10.1002/spe.1031,https://www.scopus.com/inward/record.uri?partnerID=HzOxMe3b&scp=79952838956&origin=inward,adjacent-subtopic,"Abstract Refactoring is a widely accepted technique to improve the software quality by restructuring its design without changing its behavior. In general, a sequence of refactorings needs to be applied until the quality of the code is improved satisfactorily. In this case, the final design after refactoring can vary with the application order of refactorings, thereby producing different quality improvements. Therefore, it is necessary to determine a proper refactoring schedule to obtain as many benefits as possible. However, there is little research on the problem of generating appropriate schedules to maximize quality improvement. In this paper, we propose an approach to automatically determine an appropriate schedule to maximize quality improvement through refactoring. We first detect code clones that are suitable for refactoring and generate the most beneficial refactoring schedule to remove them. It is straightforward to select the best from the exhaustively enumerated schedules. However, such a technique becomes NP‐hard, as the number of available refactorings increases. We apply a genetic algorithm (GA) to generate the best refactoring schedule within a reasonable time to cope with this problem. We compare the GA‐based approach with manual scheduling, greedy heuristic‐based, and exhaustive approaches for four open systems. The results show that the proposed GA‐based approach generates more beneficial schedules than the others. Copyright © 2010 John Wiley & Sons, Ltd.",scopus,llm,0.940,unreviewed,
discarded,A data mining approach for detecting higher-level clones in software,Basit H.A.,2009,IEEE Transactions on Software Engineering,10.1109/TSE.2009.16,https://www.scopus.com/inward/record.uri?partnerID=HzOxMe3b&scp=69049086133&origin=inward,adjacent-subtopic,"Code clones are similar program structures recurring in variant forms in software system(s). Several techniques have been proposed to detect similar code fragments in software, so-called simple clones. Identification and subsequent unification of simple clones is beneficial in software maintenance. Even further gains can be obtained by elevating the level of code clone analysis. We observed that recurring patterns of simple clones often indicate the presence of interesting higher-level similarities that we call structural clones. Structural clones show a bigger picture of similarity situation than simple clones alone. Being logical groups of simple clones, structural clones alleviate the problem of huge number of clones typically reported by simple clone detection tools, a problem that is often dealt with postdetection visualization techniques. Detection of structural clones can help in understanding the design of the system for better maintenance and in reengineering for reuse, among other uses. In this paper, we propose a technique to detect some useful types of structural clones. The novelty of our approach includes the formulation of the structural clone concept and the application of data mining techniques to detect these higher-level similarities. We describe a tool called clone miner that implements our proposed technique. We assess the usefulness and scalability of the proposed techniques via several case studies. We discuss various usage scenarios to demonstrate in what ways the knowledge of structural clones adds value to the analysis based on simple clones alone.",scopus,llm,0.950,unreviewed,
