status,title,authors,year,venue,doi,url,tags,abstract,provider,decision_source,llm_confidence,llm_review_outcome,llm_change_direction
discarded,Bacterial cell division protein FtsZ complexes with a phage protein to activate bacterial immunity,Zhang T.,2026,Nature Microbiology,10.1038/s41564-026-02384-6,https://www.scopus.com/inward/record.uri?partnerID=HzOxMe3b&scp=105041662404&origin=inward,off-topic-false-hit,"Many antiphage defence systems directly bind a specific phage-encoded protein that acts similar to a pathogen-associated molecular pattern to activate an immune response. Such activation is often assumed to occur independent of host factors. Here we demonstrate that the antiphage defence protein CapRelEbc, a fused toxin–antitoxin system from Enterobacter chengduensis, senses the T7 phage-encoded protein Gp0.4 in complex with the host bacterial factor FtsZ, an essential cell division protein. During T7 infection, Gp0.4 sequesters monomeric FtsZ to block its polymerization and thereby inhibit bacterial cell division. Only the complex of Gp0.4–FtsZ, but neither protein alone, triggers CapRelEbc activity. Structural modelling and hydrogen–deuterium exchange mass spectrometry indicate that Gp0.4, FtsZ and CapRelEbc form a ternary complex that activates phage defence. Our work suggests that activation of bacterial immune systems does not always depend exclusively on phage-encoded triggers. Instead, activation can involve host factors targeted by phages, analogous to how eukaryotic innate immune systems detect pathogen-induced perturbations of host cells through effector-triggered immunity. The activation of an antiphage defence system relies on host factors targeted by phages, a mechanism analogous to the way that eukaryotic innate immune systems detect pathogen-induced perturbations of host cells through effector-triggered immunity.",scopus,llm,1.000,unreviewed,
discarded,SCOTT: Source code clone detection based on semantic mining from graph and text data,Gao S.,2026,Expert Systems with Applications,10.1016/j.eswa.2026.132000,https://www.scopus.com/inward/record.uri?partnerID=HzOxMe3b&scp=105034626643&origin=inward,adjacent-subtopic,"Source code clone detection is a critical research area in software engineering, playing a vital role in code quality management and software maintenance.Over the years, this field has attracted increasing attention from both academia and industry. Existing approaches for clone detection primarily fall into two categories: graph-based methods and text-based methods. However, graph-based techniques often struggle to detect Type III clones due to their reliance on structural similarity, while text-based methods exhibit limitations in identifying Type IV clones owing to their inability to capture deep semantic relationships. To bridge this gap, in this paper we propose Source Code clOne deTection based on semanTic mining from graph and text data (SCOTT), which detects all types of code clone patterns in an end-to-end manner. We conduct extensive experiments on the benchmark datasets of Big-CloneBench, POJ-104 and CF-500, and results show that SCOTT can averagely achieve 7.8% higher Hits@k and 5.6% higher MRR@k compared with the state-of-the-art methods.",scopus,llm,0.990,unreviewed,
kept,"ICCheck: A portable, language-Agnostic tool for synchronizing code clones",Abe M.,2026,Science of Computer Programming,10.1016/j.scico.2026.103472,https://www.scopus.com/inward/record.uri?partnerID=HzOxMe3b&scp=105033289010&origin=inward,supports-claim,"Inconsistent modifications to code clones can lead to software defects. Many approaches exist to support consistent modifications based on clone detection and/or change pattern extraction. However, no tool currently supports synchronization of code clones across diverse programming languages and development environments. We propose ICCheck, a tool designed to be language-agnostic and portable across various environments. By leveraging an existing language-agnostic clone search technique and limiting the tool's external dependency to an existing Git repository, we developed a tool that can assist in synchronizing code clones in diverse environments. We validated the tool's functionality in multiple open-source repositories, where ICCheck was able to detect overlooked clone modifications in over 30 programming and domain-specific languages and delivered interactive suggestions within a median of 0.27 seconds in editor environments, demonstrating its language independence and responsiveness. Furthermore, by supporting the Language Server Protocol, we confirmed that ICCheck can be integrated into multiple development environments with minimal effort. ICCheck is available at https://github.com/salab/iccheck",scopus,llm,0.930,unreviewed,
discarded,HDDF2—A Novel Patient-Derived Fibroblast Line from Huntington’s Disease with Prominent Cellular Senescence and polyQ Pathology,Parfenova P.,2026,Biomedicines,10.3390/biomedicines14071484,https://www.scopus.com/inward/record.uri?partnerID=HzOxMe3b&scp=105045867206&origin=inward,off-topic-false-hit,"Background/Objectives: Patient-derived cell lines retaining donor-specific age-related and genomic features are essential for modeling late-onset neurodegenerative disorders like Huntington’s disease (HD). This study aims to establish and comprehensively characterize HDDF2, a novel dermal fibroblast line from an HD patient, to provide a relevant cellular model. Methods: Dermal fibroblasts were isolated and cultured from a 44-year-old male HD patient carrying 46 CAG repeats in the HTT gene. Cells were evaluated for senescence markers (p16, lamin B1, SA-β-Gal activity, proliferation rates) and polyglutamine (polyQ) aggregation. Direct reprogramming protocols were applied to convert these fibroblasts into induced neurons. Results: HDDF2 fibroblasts exhibited a pronounced senescence-associated phenotype, evidenced by increased p16 expression, reduced lamin B1 levels, elevated SA-β-Gal activity, and decreased proliferation. Notably, polyQ deposition was preferentially detected within the senescent subpopulation, displaying distinct localization patterns differentiating senescent from proliferating cells. Despite this, HDDF2 cells retained their capacity for direct reprogramming and were successfully converted into induced neurons. Conclusions: HDDF2 represents a well-characterized, patient-specific cellular model for HD. The observed co-occurrence of polyQ deposition and cellular senescence, combined with successful neuronal conversion, establishes this line as a valuable resource for investigating the relationship between cellular aging and HD pathogenesis.",scopus,llm,1.000,unreviewed,
discarded,Multi-omics integration reveals fatty acid metabolism and functional roles of fatty Acyl-CoA reductases in pheromone biosynthesis of Monochamus saltuarius,Niu Y.,2026,Insect Biochemistry and Molecular Biology,10.1016/j.ibmb.2026.104590,https://www.scopus.com/inward/record.uri?partnerID=HzOxMe3b&scp=105039870046&origin=inward,off-topic-false-hit,"Monochamus saltuarius, a major vector of Bursaphelenchus xylophilus, relies on pheromone-mediated communication for successful reproduction, yet the metabolic and molecular basis of pheromone biosynthesis remains poorly understood. Here, we generated a comprehensive metabolomic dataset from male adults across five developmental stages and integrated it with previously obtained transcriptomic data to investigate pathways associated with pheromone biosynthesis. Multi-omics analyses consistently identified fatty acid metabolism as a central pathway and highlighted strong associations between FAR genes and lipid-derived metabolites. Comparative metabolomic analyses of males and females further revealed both conserved and sex-biased metabolic features, suggesting that pheromone biosynthesis in the two sexes involves partially shared but differentially regulated metabolic networks. In addition, two independent machine learning approaches convergently identified lipid- and fatty acid-related metabolites, including PG (18:1/13-HODE), as important discriminatory features across developmental stages. Transcriptome-based screening identified 12 putative MsalFARs, of which 8 were selected for further characterization based on their expression patterns, sequence features, and potential relevance to pheromone biosynthesis. RNAi analyses showed that four genes were involved in pheromone biosynthesis in a sex-specific manner: MsalFAR1 and MsalFAR4 affected female pheromone-related biosynthesis, whereas MsalFAR6 and MsalFAR7 affected male pheromone biosynthesis. Their silencing led to reduced pheromone production or pheromone-related responses, weakened antennal electrophysiological responses, and, in some cases, decreased mating success. Together, these findings indicate that pheromone biosynthesis in M. saltuarius is coordinately regulated by multiple pathways, with fatty acid metabolism playing a central role, and identify specific FAR enzymes as important contributors to this process.",scopus,llm,1.000,unreviewed,
discarded,Exogenous photoreceptor-specific N-glycosylated PROM1 rescues retinal degeneration in patient and mouse models,Xu P.,2026,Molecular Therapy,10.1016/j.ymthe.2026.02.040,https://www.scopus.com/inward/record.uri?partnerID=HzOxMe3b&scp=105032451180&origin=inward,off-topic-false-hit,"PROM1 is broadly expressed across multiple tissues. However, its pathogenic variants cause an exclusive retina-related disorder, PROM1-associated inherited retinal dystrophy (PROM1-IRD). The mechanistic basis underlying this tissue-specific vulnerability remains unclear, and no approved targeted therapy is available. Here, we used urine cells, hiPSCs, hiPSC-RPE cells, retinal organoids (ROs), and Prom1-/- mice to address these challenges. During photoreceptor differentiation in ROs, PROM1 localized to the apical ciliary compartment and the outer segment (OS)-like structures, co-localizing with ARL13B and PRPH2, and displayed photoreceptor-enriched mRNA splicing isoforms and distinct N-glycosylation patterns. In models derived from an IRD patient harboring a homozygous PROM1 c.619G>T (p.E207X) mutation, PROM1 transcripts underwent both nonsense-mediated mRNA decay and nonsense-associated altered splicing, resulting in complete loss of PROM1 protein and severe disruption of OS-like structures. To restore PROM1 function, a photoreceptor-targeted AAV7m8-CRXp-hPROM1 vector was developed, which efficiently restored PROM1 expression and rescued OS-like structures in patient-derived ROs. In vivo, subretinal delivery of AAV8-CRXp-hPROM1 to Prom1-/- mice produced sustained, photoreceptor-targeted expression of human PROM1, significantly preserving OS morphology and improving visual function. Collectively, these findings implicate a molecular basis for retinal vulnerability to PROM1 variants, and provide compelling preclinical evidence supporting AAV-mediated gene augmentation as a therapeutic approach for PROM1-IRD.",scopus,llm,1.000,unreviewed,
discarded,SparseZETA: Intelligent Auto-tuner for Designing High-Performance SpMV Programs,Du Z.,2026,Proceedings of the ACM on Programming Languages,10.1145/3808313,https://www.scopus.com/inward/record.uri?partnerID=HzOxMe3b&scp=105041504612&origin=inward,off-topic-false-hit,"Sparse matrix-vector multiplication (SpMV) is a crucial operation in scientific computing, graph analytics, and machine/deep learning. Its performance is highly sensitive to matrix sparsity patterns, necessitating tailored program designs. This paper introduces SparseZETA, an intelligent auto-tuner that generates high-performance, machine-designed SpMV programs by directly mimicking and composing human-expert actions. To efficiently navigate the vast design space, SparseZETA reformulates auto-tuning as a behavior-cloning problem: rather than costly exploration, it directly synthesizes programs by sequentially predicting actions in a one-pass decision-making process, guided by the real-time state of the evolving, partially constructed program designs. A novel self-training mechanism further accelerates the collection of training data for the prediction models. On NVIDIA A100 (and RTX 2080 Ti) GPUs, SparseZETA achieves average speedups of 1.27×–15.66× (1.44×–19.07×) over existing auto-tuners, human-designed programs, and a sparse compiler. SparseZETA substantially reduces the human effort required to design SpMV programs, including sparse format creation and kernel implementation, cutting the design time from days or even months to an average of 82.52ms per matrix via lightweight inference on only one CPU.",scopus,llm,0.990,unreviewed,
discarded,Abnormal expression pattern of knock-in marker in Eimeria tenella using CRISPR/Cas9,Liao Y.,2026,Poultry Science,10.1016/j.psj.2026.106763,https://www.scopus.com/inward/record.uri?partnerID=HzOxMe3b&scp=105033832815&origin=inward,off-topic-false-hit,"Gene editing technology has been widely applied in the genetic manipulation of many organisms and is increasingly being utilized in eukaryotic pathogens. However, its efficiency often requires improvement. In our study using CRISPR/Cas9 to genetically manipulate Eimeria tenella, we aimed to insert a tag into a target gene locus via homologous recombination, but observed outcomes inconsistent with expectations. Whole-genome sequencing analysis of the integration sites revealed that the transgenic E. tenella did not exhibit correct targeted integration. These results indicate that creating double-strand breaks (DSB) at specific genomic sites to trigger homology-directed repair (HDR) for gene modification can lead to mislocalized expression. This study provides insights for utilizing CRISPR/Cas9 technology in genetic editing, particularly in E. tenella, and offers suggestions for improving strategies that employ the co-transfection of multiple plasmids, such as Cas9-gRNA and donor plasmids.",scopus,llm,1.000,unreviewed,
discarded,"Molecular characterization, phylogenetic analysis, and successful therapeutic management of Babesia gibsoni infection in a 1.5-year-old female spitz from Tripura",Chakraborty P.,2026,Journal of Parasitic Diseases,10.1007/s12639-025-01870-8,https://www.scopus.com/inward/record.uri?partnerID=HzOxMe3b&scp=105020297510&origin=inward,off-topic-false-hit,,scopus,llm,0.990,unreviewed,
discarded,Asymmetric selection of a rice immune module and rebuild of disease resistance,Lin H.,2026,Nature,10.1038/s41586-026-10361-6,https://www.scopus.com/inward/record.uri?partnerID=HzOxMe3b&scp=105035141451&origin=inward,off-topic-false-hit,"Artificial selection has greatly shaped crop agronomic traits1, 2-3; however, the mechanistic basis of how immunity is selected remains unclear. Here we identify the Oryza sativa nucleotide-binding site and leucine-rich repeat (NLR) receptor XA48 and downstream transcription factors OsVOZ1 and OsVOZ2 (OsVOZ1/2), which confer resistance to bacterial blight. XA48 perceives the ancient pathogen effector XopG, activating effector-triggered immunity by degrading the negative regulator OsVOZ1/2. The XA48-OsVOZ1 module has undergone subspecies-specific selection: Xa48 is retained only in Oryza sativaindica and was lost in Oryza sativajaponica. By contrast, OsVOZ1 has diverged into two haplotypes-O. s. indica retains both OsVOZ1A/S alleles compatible with Xa48, whereas O. s. japonica has only OsVOZ1A. Reintroducing Xa48 into O. s. japonica severely compromises yield owing to the XA48-OsVOZ1A-mediated immune incompatibility. Stacking XA48-mediated effector-triggered immunity with XA21-mediated pattern-triggered immunity reconstitutes the broad-spectrum resistance from wild rice. Our study therefore reveals how asymmetric selection of an NLR-transcription factor module shapes disease resistance and reproductive development, providing a strategy for breeding crops by harnessing the relative immunity of wild rice.",scopus,llm,1.000,unreviewed,
kept,Code clone classification based on multi-dimension feature entropy,Hu B.,2026,Science of Computer Programming,10.1016/j.scico.2025.103419,https://www.scopus.com/inward/record.uri?partnerID=HzOxMe3b&scp=105024353824&origin=inward,supports-claim,"Code clones have been a hot topic in software engineering for decades. Due to the rapid development of clone detection techniques, it is not difficult to find code clones in software systems, while managing the vast amounts of clones remains an open problem. Typically, we should adopt refactoring approaches to eliminate clones, thereby mitigating the threat to software maintenance. In some situations, the clone group may contain several different code variants that reside in different locations, thus making refactoring too complicated, as their differences must be analyzed and reconciled before refactoring. Therefore, we should find an approach to recognize clone groups that are easy to refactor or eliminate. In this paper, we first collected large-scale datasets from three different domains and studied the distribution of four different metrics of code clones. We found that the distribution of each metric follows a certain pattern, the number of inner file clone accounts for approximately 50%, the number of Type3 clone accounts for above 45%. But we cannot judge the complexity of code clone groups based solely on these metrics. Based on our findings, we propose a classification approach to assist developers to find clone groups that are easy to eliminate by refactoring from those that are hard to refactor. We propose four different clone feature entropy measures based on information entropy theory, including variant entropy, distribution entropy, relation entropy, and syntactic entropy. Then, we calculate fused clone entropy, which is the weighted summation of the above four clone feature entropy. Finally, we use the four types of feature entropy and the fused feature entropy to classify or rank code clone groups. Experiments on three different application domains show that the proposed clone feature entropy can help developers identify clone groups that are easy to eliminate by refactoring. Manual validation also reveals that the complexity of clone groups is not solely dependent on the number of clone instances. This approach provides a new way to manage code clones and offers some useful ideas for future clone maintenance research.",scopus,llm,0.880,unreviewed,
discarded,System immunoinformatics-based design of a multi-epitope vaccine candidate against La Crosse virus,Masum M.H.U.,2026,Plos One,10.1371/journal.pone.0350287,https://www.scopus.com/inward/record.uri?partnerID=HzOxMe3b&scp=105040062447&origin=inward,off-topic-false-hit,"The emergence of La Crosse virus (LACV) infection has been attributed to the global expansion of mosquito habitats and climate change. This pressing issue underscores the urgency of preemptive actions to combat the infection. Currently, no vaccines or targeted antivirals are available for LACV infection. The present study utilizes advanced immunoinformatics approaches for the design of a multiepitope vaccine (LACV-mVax01) targeting the viral proteins G1, G2, and N. The structural assessment suggested favorable stability characteristics, reflected by an instability score of 17.12 and an aliphatic index of 81.88. Based on the two-dimensional structure, the LACV-mVax01 had an alpha-helical content of ~45%, with favorable beta sheets and coils. The refinement of the LACV-mVax01 resulted in an accurate model (TM-score 0.49, C-score −1.86), supported by high-quality metrics (RMSD 0.489, MolProbity 2.230, ERRAT 85.539). Docking analyses indicated potential binding interactions with TLR4, showing a binding energy of −1000.0 compared to −939.2 for TLR2. Molecular dynamics simulations were consistent with these observations, suggesting relatively stable interactions and maintenance of structural integrity in both complexes. Codon optimization yielded a codon adaptation index of 0.9848, and the predicted mRNA structure had a free energy of −342.16 kcal/mol, consistent with a stable conformation. Subsequent in silico immunological analyses suggested humoral and cellular responses, including probable memory B- and T-cell responses. However, sustained immunity was also supported by consecutive cytokine and antibody synthesis. The comprehensive structural, molecular, and immunological evaluations suggest that LACV-mVax01 is a promising vaccine candidate capable of eliciting sustained protective immunity against LACV infection. Though future in vitro, in vivo, and clinical validations are required to perceive its effectiveness and safety.",scopus,llm,1.000,unreviewed,
