status,title,authors,year,venue,doi,url,tags,abstract,provider,decision_source,llm_confidence,llm_review_outcome,llm_change_direction
discarded,Partial evaluation of call-by-value λ-calculus with side-effects,Kenichi Asai; Hidehiko Masuhara; Akinori Yonezawa,1997,ACM SIGPLAN Notices,10.1145/258994.258997,https://openalex.org/W3161134080,off-topic-false-hit,"We present a framework of an online partial evaluator for a call-by-value λ-calculus with destructive updates of data structures. It properly and correctly specializes expressions that contain side-effects, while preserving pointer equality, which is an important property for programs using updates. Our partial evaluator uses a side-effect analysis to extract immutable data structures and then performs an online specialization using preactions. Once mutable and immutable data structures are separated, partial evaluation is done in such a way that accesses to immutable ones are performed at specialization time, while accesses to mutable ones are residualized. For the correct residualization of side-effecting operations, preactions are used to solve various issues, including code elimination, code duplication, and execution order preservation. The preaction mechanism also enables us to reduce expressions that were residualized when the conventional let-expression approach of Similix was used. The resulting partial evaluator is simple enough to prove its correctness. Based on the framework, we have constructed a partial evaluator for Scheme, which is powerful enough to specialize fairly complicated programs with side-effects, such as an interpreter.",openalex,llm,0.930,unreviewed,
discarded,Enhanced applicability of loop transformations,M. Palkovic,2007,TU/e Research Portal,10.6100/ir629342,https://openalex.org/W1569608833,off-topic-false-hit,"Data transfers and storage of large arrays in background memories are dominating contributors to the chip area and power consumption of all modern multimedia embedded systems. Modern high-level memory optimizations contribute to the cost-ef??cient realization of these systems. In these optimizations an important step involves loop transformations across the global program scope. These transformations can be performed on a geometrical model extracted from the program. The geometrical model captures all the memory access dependencies in the program. Loop transformations in general modify the order in which the iterations and statements within a loop body are executed. This could be bene??cial for different reasons such as enabling more parallelism or improving locality of the accessed data. Due to the limitations of current geometrical models, the applicability of the transformations is limited. In this dissertation, we propose several applicability-enhancing techniques for loop transformations. First, hierarchical rewriting separates and encapsulates the details of the application into functions, reducing the complexity of the problem by hiding undesired constructs. Second, we instantiate and extend the scenario technique for loop transformations. A scenario is de??ned as a selected set of paths in the program which we choose to exploit in the same way. A careful exploitation of scenario information, similar to inlining, path predication or hyperblock creation, can signi??cantly enlarge the exploration space for optimizations. Unlike path predication or inlining, however it can work across several conditional branches, merge several condition bodies, and still control the exponential code explosion. Applying scenarios introduces several tradeoffs. The most obvious is that of code duplication vs. more optimizations (similar to tail duplication during hyperblock creation) when additional loop transformations are enabled by scenario usage. The exploration space of the scenario creation technique grows exponentially with the number of paths in the control-??ow graph of the application. In this dissertation we propose several heuristics for the scenario creation technique. These heuristics have different time requirements and accuracy limitations. Thus the designer has the possibility to choose the heuristic based on his time and accuracy constraints and the size of the problem. In addition, most current (global scope) loop optimizations target the best solution for locality. In this dissertation we show that targeting the best solution for locality is not necessarily optimal for a particular platform instance, and that trade-offs should be involved during loop transformations when the platform is unknown. This dissertation provides real-life examples of trade-offs during loop transformations and gives an overview of the joint research work in high-lever estimators for loop transformations which will make the loop transformations trade-off oriented.",openalex,llm,0.900,unreviewed,
discarded,Technical Debt in Pull Requests: Insights from Apache Projects,Felipe E. de O. Calixto; Eliane C. Araújo; Everton L. G. Alves,2025,Journal of Software Engineering Research and Development,10.5753/jserd.2025.5722,https://openalex.org/W7105889057,off-topic-false-hit,"Technical Debt (TD) represents the effort required to address quality issues that affect a software system and progressively hinder code evolution over time. A pull request (PR) is a discrete unit of work that must meet specific quality standards to be integrated into the main codebase. PRs offer a valuable opportunity to assess how developers handle TD and how codebase quality evolves. In this work, we conducted two empirical analyses to understand how developers address TD within PRs and whether TD is effectively managed during PR reviews by both developers and reviewers. We examined 12 Java projects from Apache. The first study employed the SonarQube tool on 2,035 merged PRs to evaluate TD variation, identify the most frequently neglected and resolved types of TD issues, and analyze how TD evolves over time. The second study involved a qualitative analysis of review threads of 250 PRs, focusing on the types of PRs that frequently discuss TD, the characteristics of TD fix suggestions, and the reasons some suggestions are rejected. Our findings reveal that TD issues are prevalent in PRs, following a ratio of 1:2:1 (reduced: unchanged: increased). Among all TD issues, those related to code duplication and cognitive complexity are most frequently overlooked, while code duplication and obsolete code are the most commonly resolved. Regarding PR code review, we found that around 76% of review threads address TD, with code, design, and documentation being the most frequently discussed areas. Additionally, 96% of discussions include a fix suggestion, and over 80% of the discussed issues are resolved. These insights can help practitioners become more aware of TD management and may inspire the development of new tools to facilitate TD handling during PRs.",openalex,llm,0.940,unreviewed,
discarded,Visualizing software refactoring using radar charts,Abdel-Rahman Al-Ghuwairi; Dimah Al-Fraihat; Yousef Sharrab; Huda Alrashidi; Nouf Abdullah Almujally; Ahmed Kittaneh; Ahmed Ali,2023,Scientific Reports,10.1038/s41598-023-44281-6,https://openalex.org/W4388540927,off-topic-false-hit,"Refactoring tools have advanced greatly and are being used in many large projects. As a result, a great deal of information is now available about past refactoring and its effects on the source code. However, when multiple refactoring is performed at once, it becomes more difficult to analyze their impact. Refactoring visualization can help developers create more maintainable code that is easier to understand and modify over time. Although there is an increasing interest in visualizing code changes in software engineering research, there has been relatively little research on visualizing the process of refactoring. In this paper, we propose a Radar Chart Refactoring Visualization (RcRV) approach to visualize software refactoring of source code across multiple software releases. Radar charts are a form of 2D visualization that can show multiple variables on a single chart. The RcRv receives input from developers or through refactoring identification tools, such as Ref-Finder, to generate charts. The generated charts can show the changes made during the refactoring process, highlighting areas of the trend of refactoring over evolution for multiple refactoring, multiple methods, and multiple classes. The evaluation study conducted to assess the usefulness of the RcRV tool has shown that the proposed tool is useful to developers, appealing, and easy to use. The proposed method of visualization can be beneficial for developers and maintainers to detect design violations and potential bugs in the code, thus saving time and effort during the development and maintenance process. Therefore, this research presents a significant contribution to the software engineering field by providing developers with an efficient tool to enhance code quality and maintainability.",openalex,llm,0.920,unreviewed,
kept,"""Cloning considered harmful"" considered harmful","Kapser, Cory; Godfrey, Michael W.",2006,13TH WORKING CONFERENCE ON REVERSE ENGINEERING PROCEEDINGS,,https://www.webofscience.com/wos/woscc/full-record/WOS:000242538400003,qualifies-claim,"Current literature on the topic of duplicated (cloned) code in software systems often considers duplication harmful to the system quality and the reasons commonly cited for duplicating code often have a negative connotation. While these positions are sometimes correct, during our case studies we have found that this is not universally true, and we have found several situations where code duplication seems to be a reasonable or even beneficial design option. For example, a method of introducing experimental changes to core subsystems is to duplicate the subsystem and introduce changes there in a kind of sandbox testbed. As features mature and become stable within the experimental subsystem, they can then be introduced gradually into the stable code base. In this way risk of introducing instabilities in the stable version is minimized. This paper describes several patterns of cloning that we have encountered in our case studies and discusses the advantages and disadvantages associated with using them.",wos,llm,0.990,unreviewed,
discarded,SPECULATIVE EXECUTION AND REDUCING BRANCH PENALTY ON A SUPERSCALAR PROCESSOR,"ANDO, H; NAKANISHI, C; MACHIDA, H; HARA, T; NAKAYA, M",1993,IEICE TRANSACTIONS ON ELECTRONICS,,https://www.webofscience.com/wos/woscc/full-record/WOS:A1993LP49800008,off-topic-false-hit,"Superscalar processors improve performance by exploiting instruction-level parallelism (ILP). ILP in a basic block is, however, not sufficient on non-numerical applications for gaining substantial speedup. Instructions across branches are required to be executed in parallel to dramatically improve performance. That is, speculative execution is strongly required. Boosting is a general solution to achieving speculative execution. Boosting labels an instruction to be speculatively executed, and the hardware handles side-effects. This paper describes the efficient implementation of boosting in terms of cost/performance trade-offs. Our policy in implementation is beneficial in code scheduling heuristics, penalties imposed by code duplication to maintain program semantics, and area cost. This paper also describes a branch scheme which minimizes branch penalty. Branch delay causes crucial penalties on the performance of superscalar processors since multiple delay slots exist even in a single delay cycle. Our scheme is the fetching of both sequential and target instructions, and either of them is selected on a branch. No delay cycle can be imposed. This scheme is realized by a combination of static code movement and hardware support. As a result, we reduce branch penalty with small cost. Simulation results show that our ideas are highly effective in improving the performance of a superscalar processor.",wos,llm,0.960,unreviewed,
kept,When Do You Repeat Yourself? Voices from the Trenches of Linux Kernel Maintainers on Code Duplication,Arcanjo L.,2026,Proceedings 2026 ACM IEEE International Conference on Technical Debt Techdebt 2026,10.1145/3794915.3795783,https://www.scopus.com/inward/record.uri?partnerID=HzOxMe3b&scp=105045683359&origin=inward,dry-practitioners,,scopus,human,,human,
discarded,"Motivations, benefits, and issues for adopting Micro-Frontends: A Multivocal Literature Review",Peltonen S.,2021,Information and Software Technology,10.1016/j.infsof.2021.106571,https://www.scopus.com/inward/record.uri?partnerID=HzOxMe3b&scp=85103127118&origin=inward,off-topic-false-hit,"[Context] Micro-Frontends are increasing in popularity, being adopted by several large companies, such as DAZN, Ikea, Starbucks and may others. Micro-Frontends enable splitting of monolithic frontends into independent and smaller micro applications. However, many companies are still hesitant to adopt Micro-Frontends, due to the lack of knowledge concerning their benefits. Additionally, provided online documentation is often times perplexed and contradictory. [Objective] The goal of this work is to map the existing knowledge on Micro-Frontends, by understanding the motivations of companies when adopting such applications as well as possible benefits and issues. [Method] We conducted a Multivocal Literature Review, analyzing 42 sources , and classifying motivations, benefits and issues. [Results] The results show that existing architectural options to build web applications are cumbersome if the application and development team grows, and if multiple teams need to develop the same frontend application. The application of the Micro-Frontend, confirmed the expected benefits, and Micro-Frontends resulted to provide the same benefits as microservices on the back end side, combining the development team into a fully cross-functional development team that can scale processes when needed. However, Micro-Frontends also showed some issues, such as the increased payload size of the application, increased code duplication and coupling between teams, and monitoring complexity. [Conclusions] Micro-Frontends allow companies to scale development according to business needs in the same way microservices do with the back end side. In addition, ...",scopus,llm,0.960,unreviewed,
discarded,Dominance-based duplication simulation (DBDS)* Code Duplication to Enable Compiler Optimizations,Leopoldseder D.,2018,Cgo 2018 Proceedings of the 2018 International Symposium on Code Generation and Optimization,10.1145/3168811,https://www.scopus.com/inward/record.uri?partnerID=HzOxMe3b&scp=85052762036&origin=inward,off-topic-false-hit,"Compilers perform a variety of advanced optimizations to improve the quality of the generated machine code. However, optimizations that depend on the data flow of a program are often limited by control-flow merges. Code duplication can solve this problem by hoisting, i.e. duplicating, instructions from merge blocks to their predecessors. However, finding optimization opportunities enabled by duplication is a non-trivial task that requires compile-time intensive analysis. This imposes a challenge on modern (just-in-time) compilers: Duplicating instructions tentatively at every control flow merge is not feasible because excessive duplication leads to uncontrolled code growth and compile time increases. Therefore, compilers need to find out whether a duplication is beneficial enough to be performed.",scopus,llm,0.970,unreviewed,
discarded,Developing code factoring transformation for FPGA,Bagly A.P.,2018,Ceur Workshop Proceedings,,https://www.scopus.com/inward/record.uri?partnerID=HzOxMe3b&scp=85058163884&origin=inward,off-topic-false-hit,,scopus,llm,0.840,unreviewed,
discarded,Design heuristics for reliable and flexible virtual machine subsystems,Valloud A.,2017,Iwst 2017 Proceedings of the 12th International Workshop on Smalltalk Technologies in Conjunction with the 25th International Smalltalk Joint Conference,10.1145/3139903.3139921,https://www.scopus.com/inward/record.uri?partnerID=HzOxMe3b&scp=85040198939&origin=inward,off-topic-false-hit,"This paper describes the process of designing a logging subsystem for a Smalltalk virtual machine written in C to illustrate a software design methodology focused on promoting reliability and flexibility. The design approach begins with identifying responsibilities, as well as sources of change and risk. Once these are determined, the implementation space is carved so that the areas affected by these sources of change and risk are encapsulated by interface boundaries that simultaneously fulfill the required responsibilities. Aligning responsibilities with sources of change and risk during this process results in clearer, less ambiguous interface boundaries. Interface clarity improvement manifests in a number of ways. For example, change mitigation implementation approaches should not be exposed by, or propagated through, their enclosing interface. Concentrating interface focus on fulfilling responsibilities reduces behavioral ambiguity. Moreover, by aligning responsibilities with sources of change and risk, the scope of responsibilities affected by future modifications is constrained. The resulting interfaces are more stable over time, and therefore reduce the background source code maintenance overhead. Consequently, these interfaces gain clarity from their stability. As an almost unintended side effect of this design methodology, the logging facility gained flexibility beyond initial expectations. Specifically, the more accurate boundaries allowed extending the logging subsystem's functionality in several beneficial, unanticipated ways without affecting its users or inducing code duplication. Hence, this design methodology also seems valuable as a heuristic approach to handle new feature requirements.",scopus,llm,0.880,unreviewed,
discarded,An improved Linux firewall using a hybrid frame of netfìlter,Nivedita ,2017,Proceedings International Conference on Trends in Electronics and Informatics Icei 2017,10.1109/ICOEI.2017.8300784,https://www.scopus.com/inward/record.uri?partnerID=HzOxMe3b&scp=85046686826&origin=inward,off-topic-false-hit,"With the steady advancement of the network technology present day, network not only brings us a conducive and productive life, and is followed by a collection of network security threats. Due to awareness about the threats the need for security has never been more important that's why it has become extremely important to protect our web servers as well as our web assets. A firewall is main security component that allows and restrict access to specific network and ports. In this research main focus is on designing strong firewall filtering rules so that detection of malicious code will be achieved to the optimal level. The proposed framework is introduced to improve performance issues, code maintenance (i.e. code duplication), scalability, for improving performance of the network traffic etc. in the dataset. In this work, we examine the Linux Netfilter/iptable, nftable firewall technology. In this paper, a new hybrid approach is proposed where Geometric efficient matching algorithm and stateless firewall optimization algorithm is merged into the code of the Linux iptables and nftables open source firewall for securing Linux web server. ""Geometric Efficient Matching algorithm"" GEM-iptables & nftables execution manage to filter packets-per-second on a standard system. It is efficient and practical, algorithm for firewall packet matching. While there are a number of paths that can be followed to provide a best malware detection method for firewall security, this work will be beneficial for small enterprises in terms of money and time using Netfilter/nftables. This makes it easy and simple to configure the strong firewall to solve the security related problems & detect malware using strong firewall rules to achieve optimal level.",scopus,llm,0.930,unreviewed,
kept,Supporting the analysis of clones in software systems: A case study,Kapser C.,2006,Journal of Software Maintenance and Evolution,10.1002/smr.327,https://www.scopus.com/inward/record.uri?partnerID=HzOxMe3b&scp=33646429779&origin=inward,qualifies-claim,"Abstract Code duplication is a well‐documented problem in industrial software systems. There has been considerable research into techniques for detecting duplication in software, and there are several effective tools to perform this task. However, there have been few detailed qualitative studies into how cloning actually manifests itself within software systems. This is primarily due to the large result sets that many clone‐detection tools return; these result sets are very difficult to manage without complementary tool support that can scale to the size of the problem, and this kind of support does not currently exist. In this paper we present an in‐depth case study of cloning in a large software system that is in wide use, the Apache Web server; we provide insights into cloning as it exists in this system, and we demonstrate techniques to manage and make effective use of the large result sets of clone‐detection tools. In our case study, we found several interesting types of cloning occurrences, such as ‘cloning hotspots’, where a single subsystem comprising only 17% of the system code contained 38.8% of the clones. We also found several examples of cloning behavior that were beneficial to the development of the system, in particular cloning as a way to add experimental functionality. Copyright © 2006 John Wiley & Sons, Ltd.",scopus,llm,0.950,unreviewed,
