status,title,authors,year,venue,doi,url,tags,abstract,provider,decision_source,llm_confidence,llm_review_outcome,llm_change_direction
discarded,Speculative execution and reducing branch penalty on a superscalar processor,Ando H.,1993,IEICE Transactions on Electronics,,https://www.scopus.com/inward/record.uri?partnerID=HzOxMe3b&scp=0027635052&origin=inward,off-topic-false-hit,,scopus,llm,0.960,unreviewed,
kept,Tracking Code Clones in Evolving Software,Ekwa Duala-Ekoko; Martin P. Robillard,2007,Proceedings/Proceedings - International Conference on Software Engineering,10.1109/icse.2007.90,https://openalex.org/W2145544369,adjacent-subtopic,"Code clones are generally considered harmful in software development, and the predominant approach is to try to eliminate them through refactoring. However, recent research has provided evidence that it may not always be practical, feasible, or cost-effective to eliminate certain clone groups. We propose a technique for tracking clones in evolving software. Our technique relies on the concept of abstract clone region descriptors (CRD), which describe clone regions within methods in a robust way that is independent from the exact text of the clone region or its location in a file. We present our definition of CRDs, and describe a complete clone tracking system capable of producing CRDs from the output of a clone detection tool, notify developers of modifications to clone regions, and support the simultaneous editing of clone regions. We report on two experiments and a case study conducted to assess the performance and usefulness of our approach.",openalex,llm,0.930,unreviewed,
kept,A Systematic Review on Code Clone Detection,Qurat Ul Ain; Wasi Haider Butt; Muhammad Waseem Anwar; Farooque Azam; Bilal Maqbool,2019,IEEE Access,10.1109/access.2019.2918202,https://openalex.org/W2945440850,adjacent-subtopic,"Code cloning refers to the duplication of source code. It is the most common way of reusing source code in software development. If a bug is identified in one segment of code, all the similar segments need to be checked for the same bug. Consequently, this cloning process may lead to bug propagation that significantly affects the maintenance cost. By considering this problem, code clone detection (CCD) appears as an active area of research. Consequently, there is a strong need to investigate the latest techniques, trends, and tools in the domain of CCD. Therefore, in this paper, we comprehensively inspect the latest tools and techniques utilized for the detection of code clones. Particularly, a systematic literature review (SLR) is performed to select and investigate 54 studies pertaining to CCD. Consequently, six categories are defined to incorporate the selected studies as per relevance, i.e., textual approaches (12), lexical approaches (8), tree-based approaches (3), metric-based approaches (7), semantic approaches (7), and hybrid approaches (17). We identified and analyzed 26 CCD tools, i.e., 13 existing and 13 proposed/developed. Moreover, 62 open-source subject systems whose source code is utilized for the CCD are presented. It is concluded that there exist several studies to detect type1, type2, type3, and type4 clones individually. However, there is a need to develop novel approaches with complete tool support in order to detect all four types of clones collectively. Furthermore, it is also required to introduce more approaches to simplify the development of a program dependency graph (PDG) while dealing with the detection of the type4 clones.",openalex,llm,0.980,unreviewed,
kept,An Empirical Study on Inconsistent Changes to Code Clones at Release Level,Nicolas Bettenburg; Weyi Shang; Walid Ibrahim; Bram Adams; Ying Zou; Ahmed E. Hassan,2009,,10.1109/wcre.2009.51,https://openalex.org/W2131112324,qualifies-claim; earlier-version-of-cited-source,"Current research on code clones tries to address the question whether or not code clones are harmful for the quality of software. As most of these studies are based on the fine-grained analysis of inconsistent changes at the revision level, they capture much of the chaotic and experimental nature inherent to any ongoing software development process. Conclusions drawn from the inspection of highly fluctuating and short-lived clones are likely to exaggerate the ill effects of inconsistent changes. To gain a broader perspective, we perform an empirical study on the effect of inconsistent changes on software quality at the release level. Based on a case study on two open source software systems, we observe that only 1% to 3% of inconsistent changes to clones introduce software defects, as opposed to substantially higher percentages reported by other studies. Our findings suggest that developers are able to effectively manage and control the evolution of cloned code at the release level.",openalex,human,0.990,human,
discarded,Code Clones: Detection and Management,Neha Saini; Sukhdip Singh; Suman,2018,Procedia Computer Science,10.1016/j.procs.2018.05.080,https://openalex.org/W2806530724,adjacent-subtopic,"In a software system, similar or identical fragments of code are known as code clones. Instead of implementing a new code from scratch, most of the developers prefer copy–paste programming in which they use existing code fragments. So, the primary reason behind code cloning isboth developers and programming languages used by them. Reusing existing software for increasing software productivity is a key element of object oriented programming which makes clone detection and management a primary concern for current industry. As a software system grows, it becomes more complex which leads to difficulty in maintaining it. The main reason behind difficulty in software maintenance is code clones which do not lead to conclusion that code clones are only harmful for software development. Code clones can be both advantageous and disastrous for software development. Therefore, clones should be analysed before refactoring or removing them. For analysing the clones properly, there is a need to study all the clone detection techniques, various types of clones and techniques to manage them.The main purpose of this paper is to gain insight in to the research available in the area of clone detection and management and identify the research gaps to work upon. It will help the researchers to get started easily with clones as they can study the basic concepts, techniques, general steps for code clone detection and management and research gaps together at one place. Also, it will help in the selection of appropriate techniques for detecting and managing clones as comparative analysis of different techniques on the basis of various parameters is also given in the paper.",openalex,human,0.840,human,
kept,Relation of Code Clones and Change Couplings,Reto Geiger; Beat Fluri; Harald C. Gall; Martin Pinzger,2006,Lecture notes in computer science,10.1007/11693017_31,https://openalex.org/W121288867,supports-claim; no-abstract-title-only,,openalex,human,0.690,human,
discarded,CCCD: Concolic code clone detection,Daniel E. Krutz; Emad Shihab,2013,,10.1109/wcre.2013.6671332,https://openalex.org/W2003285370,adjacent-subtopic,"Code clones are multiple code fragments that produce similar results when provided the same input. Prior research has shown that clones can be harmful since they elevate maintenance costs, increase the number of bugs caused by inconsistent changes to cloned code and may decrease programmer compre-hensibility due to the increased size of the code base. To assist in the detection of code clones, we propose a new tool known as Concolic Code Clone Discovery (CCCD). CCCD is the first known clone detection tool that uses concolic analysis as its primary component and is one of only three known techniques which are able to reliably detect the most complicated kind of clones, type-4 clones.",openalex,llm,0.960,unreviewed,
discarded,Siamese: scalable and incremental code clone search via multiple code representations,Chaiyong Ragkhitwetsagul; Jens Krinke,2019,Empirical Software Engineering,10.1007/s10664-019-09697-7,https://openalex.org/W2919074952,adjacent-subtopic,"This paper presents a novel code clone search technique that is accurate, incremental, and scalable to hundreds of million lines of code. Our technique incorporates multiple code representations (i.e., a technique to transform code into various representations to capture different types of clones), query reduction (i.e., a technique to select clone search keywords based on their uniqueness), and a customised ranking function (i.e., a technique to allow a specific clone type to be ranked on top of the search results) to improve clone search performance. We implemented the technique in a clone search tool, called Siamese, and evaluated its search accuracy and scalability on three established clone data sets. Siamese offers the highest mean average precision of 95% and 99% on two clone benchmarks compared to seven state-of-the-art clone detection tools, and reported the largest number of Type-3 clones compared to three other code search engines. Siamese is scalable and can return cloned code snippets within 8 seconds for a code corpus of 365 million lines of code. Using an index of 130,719 GitHub projects, we demonstrate that Siamese’s incremental indexing capability dramatically decreases the index preparation time for large-scale data sets with multiple releases of software projects. The paper discusses the applications of Siamese to facilitate software development and research with two use cases including online code clone detection and clone search with automated license analysis.",openalex,llm,0.990,unreviewed,
kept,A Survey of Software Clone Detection Techniques,Abdullah Sheneamer; Jugal Kalita,2016,International Journal of Computer Applications,10.5120/ijca2016908896,https://openalex.org/W2334699878,adjacent-subtopic,"If two fragments of source code are identical or similar to each other, they are called code clones. Code clones introduce difficulties in software maintenance and cause bug propagation. Software clones occur due to several reasons such as code reuse by copying pre-existing fragments, coding style, and repeated computation using duplicated functions with slight changes in variables or data structures used. If a code fragment is edited, it will have to be checked against all related code clones to see if they need to be modified as well. Removal, avoidance or refactoring of cloned code are other important issues in software maintenance. However, several research studies have demonstrated that removal or refactoring of cloned code is sometimes harmful. In this study, code clones, common types of clones, phases of clone detection, the state-ofthe-art in code clone detection techniques and tools, and challenges faced by clone detection techniques are discussed.",openalex,llm,0.790,unreviewed,
discarded,Classification model for code clones based on machine learning,Jiachen Yang; Keisuke Hotta; Yoshiki Higo; Hiroshi Igaki; Shinji Kusumoto,2014,Empirical Software Engineering,10.1007/s10664-014-9316-x,https://openalex.org/W1978777139,adjacent-subtopic,"Results from code clone detectors may contain plentiful useless code clones, but judging whether each code clone is useful varies from user to user based on a user’s purpose for the clone. In this research, we propose a classification model that applies machine learning to the judgments of each individual user regarding the code clones. To evaluate the proposed model, 32 participants completed an online survey to test its usability and accuracy. The result showed several important observations on the characteristics of the true positives of code clones for the users. Our classification model showed more than 70 % accuracy on average and more than 90 % accuracy for some particular users and projects.",openalex,llm,0.950,unreviewed,
kept,Can I clone this piece of code here?,Xiaoyin Wang; Yingnong Dang; Lu Zhang; Dongmei Zhang; Erica Lan; Hong Mei,2012,,10.1145/2351676.2351701,https://openalex.org/W2144854572,qualifies-claim,"While code cloning is a convenient way for developers to reuse existing code, it may potentially lead to negative impacts, such as degrading code quality or increasing maintenance costs. Actually, some cloned code pieces are viewed as harmless since they evolve independently, while some other cloned code pieces are viewed as harmful since they need to be changed consistently, thus incurring extra maintenance costs. Recent studies demonstrate that neither the percentage of harmful code clones nor that of harmless code clones is negligible. To assist developers in leveraging the benefits of harmless code cloning and/or in avoiding the negative impacts of harmful code cloning, we propose a novel approach that automatically predicts the harmfulness of a code cloning operation at the point of performing copy-and-paste. Our insight is that the potential harmfulness of a code cloning operation may relate to some characteristics of the code to be cloned and the characteristics of its context. Based on a number of features extracted from the cloned code and the context of the code cloning operation, we use Bayesian Networks, a machine-learning technique, to predict the harmfulness of an intended code cloning operation. We evaluated our approach on two large-scale industrial software projects under two usage scenarios: 1) approving only cloning operations predicted to be very likely of no harm, and 2) blocking only cloning operations predicted to be very likely of harm. In the first scenario, our approach is able to approve more than 50% cloning operations with a precision higher than 94.9% in both subjects. In the second scenario, our approach is able to avoid more than 48% of the harmful cloning operations by blocking only 15% of the cloning operations for the first subject, and avoid more than 67% of the cloning operations by blocking only 34% of the cloning operations for the second subject.",openalex,llm,0.930,unreviewed,
discarded,Conflict‐aware optimal scheduling of prioritised code clone refactoring,Minhaz F. Zibran; Chanchal K. Roy,2013,IET Software,10.1049/iet-sen.2012.0058,https://openalex.org/W2120801660,adjacent-subtopic,"Duplicated or similar source code, also known as code clones, are possible malicious ‘code smells’ that may need to be removed through refactoring to enhance maintainability. Among many potential refactoring opportunities, the choice and order of a set of refactoring activities may have distinguishable effect on the design/code quality measured in terms of software metrics. Moreover, there may be dependencies and conflicts among those refactorings of different priorities. Addressing all the conflicts, priorities and dependencies, a manual formulation of an optimal refactoring schedule is very expensive, if not impossible. Therefore an automated refactoring scheduler is necessary to ‘maximise benefit and minimise refactoring effort’. However, the estimation of the efforts required to perform code clone refactoring is a challenging task. This study makes two contributions. First, the authors propose an effort model for the estimation of code clone refactoring efforts. Second, the authors propose a constraint programming (CP) approach for conflict‐aware optimal scheduling of code clone refactoring. A qualitative evaluation of the effort model from the developers’ perspective suggests that the model is complete and useful for code clone refactoring effort estimation. The authors also quantitatively compared their refactoring scheduler with other well‐known scheduling techniques such as the genetic algorithm, greedy approaches and linear programming. The authors’ empirical study suggests that the proposed CP‐based approach outperforms other approaches they considered.",openalex,llm,0.900,unreviewed,
kept,An empirical study on inconsistent changes to code clones at the release level,Nicolas Bettenburg; Weiyi Shang; Walid M. Ibrahim; Bram Adams; Ying Zou; Ahmed E. Hassan,2010,Science of Computer Programming,10.1016/j.scico.2010.11.010,https://openalex.org/W2067377566,clones-no-postrelease-impact,,openalex,human,,human,
kept,Assessing the effect of clones on changeability,Angela Lozano; Michel Wermelinger,2008,,10.1109/icsm.2008.4658071,https://openalex.org/W2111305209,supports-claim,"To prioritize software maintenance activities, it is important to identify which programming flaws impact most on an applicationpsilas evolution. Recent empirical studies on such a flaw, code clones, have focused on one of the arguments to consider clones harmful, namely, that related clones are not updated consistently. We believe that a wider notion is needed to assess the effect of cloning on evolution. This paper compares measures of the maintenance effort on methods with clones against those without. Statistical and graphical analysis suggests that having a clone may increase the maintenance effort of changing a method. The effort seems to increase depending on the percentage of the system affected whenever the methods that share the clone are modified. We also found that some methods seem to increase significantly their maintenance effort when a clone was present. However, the characteristics analyzed in these methods did not reveal any systematic relation between cloning and such maintenance effort increase.",openalex,llm,0.970,unreviewed,
kept,On the characteristics of buggy code clones: A code quality perspective,Md. Rakibul Islam; Minhaz F. Zibran,2018,,10.1109/iwsc.2018.8327315,https://openalex.org/W2795178923,supports-claim,"Code clone is an immensely studied code smell. Not all the clones in a software system are equally harmful. Earlier work studied various traits of clones including their stability and relationships with program faults against non-cloned code. This paper presents a comparative study on the characteristics of buggy and non-buggy clones from a code quality perspective. In the light of 29 code quality metrics, we study buggy and non-buggy clones in 2,077 revisions of three software systems written in Java. The findings from this work add to the characterization of buggy clones. Such a characterization will be useful in cost-effective clone management and clone-aware software development.",openalex,llm,0.830,unreviewed,
kept,Toxic Code Snippets on Stack Overflow,Chaiyong Ragkhitwetsagul; Jens Krinke; Matheus Paixão; Giuseppe Bianco; Rocco Oliveto,2019,IEEE Transactions on Software Engineering,10.1109/tse.2019.2900307,https://openalex.org/W2809426407,supports-claim,"Online code clones are code fragments that are copied from software projects or online sources to Stack Overflow as examples. Due to an absence of a checking mechanism after the code has been copied to Stack Overflow, they can become toxic code snippets, e.g., they suffer from being outdated or violating the original software license. We present a study of online code clones on Stack Overflow and their toxicity by incorporating two developer surveys and a large-scale code clone detection. A survey of 201 high-reputation Stack Overflow answerers (33 percent response rate) showed that 131 participants (65 percent) have ever been notified of outdated code and 26 of them (20 percent) rarely or never fix the code. 138 answerers (69 percent) never check for licensing conflicts between their copied code snippets and Stack Overflow's CC BY-SA 3.0. A survey of 87 Stack Overflow visitors shows that they experienced several issues from Stack Overflow answers: mismatched solutions, outdated solutions, incorrect solutions, and buggy code. 85 percent of them are not aware of CC BY-SA 3.0 license enforced by Stack Overflow, and 66 percent never check for license conflicts when reusing code snippets. Our clone detection found online clone pairs between 72,365 Java code snippets on Stack Overflow and 111 open source projects in the curated Qualitas corpus. We analysed 2,289 non-trivial online clone candidates. Our investigation revealed strong evidence that 153 clones have been copied from a Qualitas project to Stack Overflow. We found 100 of them (66 percent) to be outdated, of which 10 were buggy and harmful for reuse. Furthermore, we found 214 code snippets that could potentially violate the license of their original software and appear 7,112 times in 2,427 GitHub projects.",openalex,llm,0.880,unreviewed,
