status,title,authors,year,venue,doi,url,tags,abstract,provider,decision_source,llm_confidence,llm_review_outcome,llm_change_direction
discarded,Amazon Employees Resources Access Data Extraction via Clonal Selection Algorithm and Logic Mining Approach,Nur Ezlin Zamri; Mohd. Asyraf Mansor; Mohd Shareduwan Mohd Kasihmuddin; Alyaa Alway; Siti Zulaikha Mohd Jamaludin; Shehab Abdulhabib Alzaeemi,2020,Entropy,10.3390/e22060596,https://openalex.org/W3031946898,off-topic-false-hit,"Amazon.com Inc. seeks alternative ways to improve manual transactions system of granting employees resources access in the field of data science. The work constructs a modified Artificial Neural Network (ANN) by incorporating a Discrete Hopfield Neural Network (DHNN) and Clonal Selection Algorithm (CSA) with 3-Satisfiability (3-SAT) logic to initiate an Artificial Intelligence (AI) model that executes optimization tasks for industrial data. The selection of 3-SAT logic is vital in data mining to represent entries of Amazon Employees Resources Access (AERA) via information theory. The proposed model employs CSA to improve the learning phase of DHNN by capitalizing features of CSA such as hypermutation and cloning process. This resulting the formation of the proposed model, as an alternative machine learning model to identify factors that should be prioritized in the approval of employees resources applications. Subsequently, reverse analysis method (SATRA) is integrated into our proposed model to extract the relationship of AERA entries based on logical representation. The study will be presented by implementing simulated, benchmark and AERA data sets with multiple performance evaluation metrics. Based on the findings, the proposed model outperformed the other existing methods in AERA data extraction.",openalex,llm,1.000,unreviewed,
discarded,Focusing Automatic Code Inspections,Cathal Boogerd,2010,Research Repository (Delft University of Technology),,https://openalex.org/W1600318815,off-topic-false-hit,"Automatic Code Inspection tools help developers in early detection of defects in software. A well-known drawback of many automatic inspection approaches is that they yield too many warnings and require a clearer focus. In this thesis, we provide such focus by proposing two methods to prioritize inspection results, based on the execution likelihood and the historical fault likelihood of warnings. We describe both methods in detail, and evaluate them on various open-source and industry projects.",openalex,llm,0.930,unreviewed,
discarded,Graph Neural Network for Source Code Defect Prediction,Lucija Šikić; Adrian Satja Kurdija; Klemo Vladimir; Marin Šilić,2022,IEEE Access,10.1109/access.2022.3144598,https://openalex.org/W4206433680,off-topic-false-hit,"Predicting defective software modules before testing is a useful operation that ensures that the time and cost of software testing can be reduced. In recent years, several models have been proposed for this purpose, most of which are built using deep learning-based methods. However, most of these models do not take full advantage of a source code as they ignore its tree structure or they focus only on a small part of a code. To investigate whether and to what extent information from this structure can be beneficial in predicting defective source code, we developed an end-to-end model based on a convolutional graph neural network (GCNN) for defect prediction, whose architecture can be adapted to the analyzed software, so that projects of different sizes can be processed with the same level of detail. The model processes the information of the nodes and edges from the abstract syntax tree (AST) of the source code of a software module and classifies the module as defective or not defective based on this information. Experiments on open source projects written in Java have shown that the proposed model performs significantly better than traditional defect prediction models in terms of AUC and F-score. Based on the F-scores of the existingstate-of-the-artmodels, the model has shown comparable predictive capabilities for the analyzed projects.",openalex,llm,0.960,unreviewed,
discarded,The do’s and don’ts of infrastructure code: A systematic gray literature review,Indika Kumara; Martín Garriga; Angel Urbano Romeu; Dario Di Nucci; Fabio Palomba; Damian A. Tamburri; Willem‐Jan van den Heuvel,2021,Information and Software Technology,10.1016/j.infsof.2021.106593,https://openalex.org/W3157440142,off-topic-false-hit,"Infrastructure-as-code (IaC) is the DevOps tactic of managing and provisioning software infrastructures through machine-readable definition files, rather than manual hardware configuration or interactive configuration tools. From a maintenance and evolution perspective, the topic has picked the interest of practitioners and academics alike, given the relative scarcity of supporting patterns and practices in the academic literature. At the same time, a considerable amount of gray literature exists on IaC. Thus we aim to characterize IaC and compile a catalog of best and bad practices for widely used IaC languages, all using gray literature materials. In this paper, we systematically analyze the industrial gray literature on IaC, such as blog posts, tutorials, white papers using qualitative analysis techniques. We proposed a definition for IaC and distilled a broad catalog summarized in a taxonomy consisting of 10 and 4 primary categories for best practices and bad practices, respectively, both language-agnostic and language-specific ones, for three IaC languages, namely Ansible, Puppet, and Chef. The practices reflect implementation issues, design issues, and the violation of/adherence to the essential principles of IaC. Our findings reveal critical insights concerning the top languages as well as the best practices adopted by practitioners to address (some of) those challenges. We evidence that the field of development and maintenance IaC is in its infancy and deserves further attention.",openalex,llm,0.880,unreviewed,
discarded,"Digital Twin in the IoT Context: A Survey on Technical Features, Scenarios, and Architectural Models",Roberto Minerva; Gyu Myoung Lee; Noël Crespi,2020,Proceedings of the IEEE,10.1109/jproc.2020.2998530,https://openalex.org/W3036600965,off-topic-false-hit,"Digital twin (DT) is an emerging concept that is gaining attention in various industries. It refers to the ability to clone a physical object (PO) into a software counterpart. The softwarized object, termed logical object, reflects all the important properties and characteristics of the original object within a specific application context. To fully determine the expected properties of the DT, this article surveys the state-of-the-art starting from the original definition within the manufacturing industry. It takes into account related proposals emerging in other fields, namely augmented and virtual reality (e.g., avatars), multiagent systems, and virtualization. This survey thereby allows for the identification of an extensive set of DT features that point to the “softwarization” of POs. To properly consolidate a shared DT definition, a set of foundational properties is identified and proposed as a common ground outlining the essential characteristics (must-haves) of a DT. Once the DT definition has been consolidated, its technical and business value is discussed in terms of applicability and opportunities. Four application scenarios illustrate how the DT concept can be used and how some industries are applying it. The scenarios also lead to a generic DT architectural model. This analysis is then complemented by the identification of software architecture models and guidelines in order to present a general functional framework for the DT. This article, eventually, analyses a set of possible evolution paths for the DT considering its possible usage as a major enabler for the softwarization process.",openalex,llm,1.000,unreviewed,
discarded,Bulk locality and quantum error correction in AdS/CFT,Ahmed Almheiri; Xi Dong; Daniel Harlow,2015,Journal of High Energy Physics,10.1007/jhep04(2015)163,https://openalex.org/W2098838878,off-topic-false-hit,"We point out a connection between the emergence of bulk locality in AdS/CFT and the theory of quantum error correction. Bulk notions such as Bogoliubov transformations, location in the radial direction, and the holographic entropy bound all have natural CFT interpretations in the language of quantum error correction. We also show that the question of whether bulk operator reconstruction works only in the causal wedge or all the way to the extremal surface is related to the question of whether or not the quantum error correcting code realized by AdS/CFT is also a “quantum secret sharing scheme”, and suggest a tensor network calculation that may settle the issue. Interestingly, the version of quantum error correction which is best suited to our analysis is the somewhat nonstandard “operator algebra quantum error correction” of Beny, Kempf, and Kribs. Our proposal gives a precise formulation of the idea of “subregion-subregion” duality in AdS/CFT, and clarifies the limits of its validity.",openalex,llm,1.000,unreviewed,
kept,Do Code Clones Matter,Elmar Juergens; Florian Deissenboeck; Benjamin Hummel; Stefan Wagner,2009,,,https://openalex.org/W3104103145,supports-claim; supports-claim,"Code cloning is not only assumed to inflate mainte-nance costs but also considered defect-prone as inconsistent changes to code duplicates can lead to unexpected behavior. Consequently, the identification of duplicated code, clone detection, has been a very active area of research in recent years. Up to now, however, no substantial investigation of the consequences of code cloning on program correctness has been carried out. To remedy this shortcoming, this pa-per presents the results of a large-scale case study that was undertaken to find out if inconsistent changes to cloned code can indicate faults. For the analyzed commercial and open source systems we not only found that inconsistent changes to clones are very frequent but also identified a significant number of faults induced by such changes. The clone de-",openalex,llm,0.990,unreviewed,
kept,Detecting and characterizing semantic inconsistencies in ported code,Baishakhi Ray; Miryung Kim; Suzette Person; Neha Rungta,2013,,10.1109/ase.2013.6693095,https://openalex.org/W2136279823,supports-claim,"Abstract—Adding similar features and bug fixes often requires porting program patches from reference implementations and adapting them to target implementations. Porting errors may result from faulty adaptations or inconsistent updates. This paper investigates (1) the types of porting errors found in practice, and (2) how to detect and characterize potential porting errors. Analyzing version histories, we define five categories of porting errors, including incorrect control- and data-flow, code redun-dancy, inconsistent identifier renamings, etc. Leveraging this categorization, we design a static control- and data-dependence analysis technique, SPA, to detect and characterize porting inconsistencies. Our evaluation on code from four open-source projects shows that SPA can detect porting inconsistencies with 65 % to 73 % precision and 90 % recall, and identify inconsistency",openalex,human,0.780,human,
kept,A Novel Approach for Predicting the Probability of Inconsistent Changes to Code Clones Based LDA,Lili Yin; Liping Zhang; Min Hou; Dongsheng Liu,2014,,10.2991/ccit-14.2014.32,https://openalex.org/W2035217371,supports-claim,"Inconsistent changes to code clones can create faults and, hence, lead to incorrect program behavior. Consequently, these clones increase the change effort when software is maintained. In order to improve software quality and to help programmers pre attention the hidden trouble of clone inconsistent changes. In this paper, Different from previous research, we predict the probability of inconsistent changes to clones based LDA. This paper expands the LDA (Latent Dirichlet Allocation) model application fields. The experiment on a large open source software system is presented. Experimental results show the feasibility of this technique.",openalex,llm,0.980,unreviewed,
kept,The Development and Prospect of Code Clone,Xunhui Zhang; Tao Wang; Yue Yu; Yanzhi Zhang; Yan Zhong; Huaimin Wang,2022,arXiv (Cornell University),10.48550/arxiv.2202.08497,https://openalex.org/W4226430668,supports-claim,"The application of code clone technology accelerates code search, improves code reuse efficiency, and assists in software quality assessment and code vulnerability detection. However, the application of code clones also introduces software quality issues and increases the cost of software maintenance. As an important research field in software engineering, code clone has been extensively explored and studied by researchers, and related studies on various sub-research fields have emerged, including code clone detection, code clone evolution, code clone analysis, etc. However, there lacks a comprehensive exploration of the entire field of code clone, as well as an analysis of the trend of each sub-research field. This paper collects related work of code clones in the past ten years. In summary, the contributions of this paper mainly include: (1) summarize and classify the sub-research fields of code clone, and explore the relative popularity and relation of these sub-research fields; (2) analyze the overall research trend of code clone and each sub-research field; (3) compare and analyze the difference between academy and industry regarding code clone research; (4) construct a network of researchers, and excavate the major contributors in code clone research field; (5) The list of popular conferences and journals was statistically analyzed. The popular research directions in the future include clone visualization, clone management, etc. For the clone detection technique, researchers can optimize the scalability and execution efficiency of the method, targeting particular clone detection tasks and contextual environments, or apply the technology to other related research fields continuously.",openalex,llm,0.840,unreviewed,
discarded,Path-based function embedding and its application to error-handling specification mining,Daniel DeFreez; Aditya Thakur; Cindy Rubio-González,2018,,10.1145/3236024.3236059,https://openalex.org/W2898811429,adjacent-subtopic,"Identifying relationships among program elements is useful for program understanding, debugging, and analysis. One such kind of relationship is synonymy. Function synonyms are functions that play a similar role in code; examples include functions that perform initialization for different device drivers, and functions that implement different symmetric-key encryption schemes. Function synonyms are not necessarily semantically equivalent and can be syntactically dissimilar; consequently, approaches for identifying code clones or functional equivalence cannot be used to identify them. This paper presents Func2 vec , a technique that learns an embedding mapping each function to a vector in a continuous vector space such that vectors for function synonyms are in close proximity. We compute the function embedding by training a neural network on sentences generated using random walks over the interprocedural control-flow graph. We show the effectiveness of Func2 vec at identifying function synonyms in the Linux kernel. Finally, we apply Func2 vec to the problem of mining error-handling specifications in Linux file systems and drivers. We show that the function synonyms identified by Func2 vec result in error-handling specifications with high support.",openalex,llm,0.940,unreviewed,
discarded,Finding Code-Clone Snippets in Large Source-Code Collection by ccgrep,Katsuro Inoue; Yuya Miyamoto; Daniel M. Germán; Takashi Ishio,2021,IFIP advances in information and communication technology,10.1007/978-3-030-75251-4_3,https://openalex.org/W3164944236,adjacent-subtopic,". Finding the same or similar code snippets in the source code for a query code snippet is one of the fundamental activities in software maintenance. Code clone detectors detect the same or similar code snip-pets, but they report all of the code clone pairs in the target, which are generally excessive to the users. In this paper, we propose ccgrep , a token-based pattern matching tool with the notion of code clone pairs. The user simply inputs a code snippet as a query and speciﬁes the target source code, and gets the matched code snippets as the result. The query and the result snippets form clone pairs. The use of special tokens (named meta-tokens) in the query allows the user to have precise control over the matching. It works for the source code in C, C++, Java, and Python on Windows or Unix with practical scalability and performance. The evaluation results show that ccgrep is eﬀective in ﬁnding intended code snippets in large Open Source Software.",openalex,llm,0.990,unreviewed,
kept,Efficient Code Clone Management based on Historical Analysis and Refactoring Support,Keisuke Hotta,2013,OUKA (Osaka University Knowledge Archive) (Osaka University),10.18910/26162,https://openalex.org/W2314259439,supports-claim,"Code clones have recieved great interests in recent years from many researchers, engineers, and practitioners in the field of software engineering.A code clone is defined as a group of code fragments that are identical or similar to one another.Code clones are introduced into source code of software systems by various reasons, and the most typical one is code cloning by copy-and-paste operations for reusing existing features.Typical software systems contain a certain amount of code clones because code cloning is a common practice for software developers.The existence of code clones has been regarded as a bad smell for software evolution over a period of time because code clones require much attention to be maintained.Once code clones are introduced into source code, most of them should be consistently maintained.Unintended inconsistencies among code clones have a high risk for introducing bugs in software systems.However, it is not an easy task for developers or maintainers to be aware of all the code clones and maintain all of them consistently, specifically in the case of large software systems.This is a reason why code clones are regarded as bad factors for software evolution.Many researchers have proposed a variety of techniques to cope with code clones based on this common wisdom.However, some of recent empirical studies have been against it.That is, these studies revealed that code clones do not highly affect software evolution.The discussion for harmfulness of code clones remains inconclusive, but it is widely accepted that not all but a part of code clones have negative impacts on software evolution.For these reasons, it is not effective to prohibit software engineers from code cloning.Furthermore, prohibiting code cloning is also unrealistic because of advantages of it.Therefore, it is strongly required to manage code clones effectively.The objective of the work described in this dissertation is to promote efficient software evolution through effective managements for code clones.To achieve this objective, it is necessary to know state-of-the-art of research achievements.Therefore, we conducted a survey on research literatures on code clones.This survey categorized literatures into five categories, detection, removal, prevention, analysis, and bug detection.The survey told us current states of re-During this work, I have been fortunate to have received assistance from many individuals.First, I would like to express my heartfelt gratitude to my supervisor, Professor Shinji Kusumoto, for his considerate support, encouragement, and guidance throughout this work.",openalex,llm,0.910,unreviewed,
