status,title,authors,year,venue,doi,url,tags,abstract,provider,decision_source,llm_confidence,llm_review_outcome,llm_change_direction
discarded,AmDB: functional genomics database of Astragalus membranaceus,Zhang H.,2026,BMC Genomics,10.1186/s12864-025-12327-w,https://www.scopus.com/inward/record.uri?partnerID=HzOxMe3b&scp=105028278094&origin=inward,off-topic-false-hit,"Astragalus membranaceus (A. membranaceus) belongs to the genus Astragalus within the family Leguminosae. Astragalus membranaceus var. mongholicus (A. mongholicus) is a variety of A. membranaceus. Its dried root is a Chinese herbal medicine, also known as “Huang Qi”. Sequencing technology has made a large amount of high-quality transcriptomics data for A. mongholicus and A. membranaceus publicly available. Their whole genomes were sequenced in 2022 and 2024, respectively. Despite the increasing availability of genomic and transcriptomic data, a reliable platform for comparing and mining gene function information remains unavailable. To fill this gap, this study aimed to develop AmDB (http://bioinformatics.nwnu.edu.cn/AmDB/), a functional genomics database of A. membranaceus. First, functional and structural annotations were performed for 27,245 genes based on genomic data, using algorithms and software tools. Second, 62 transcriptome samples were collected from the SRA database. A co-expression network was constructed using the Pearson correlation coefficient and the Mutual Rank method, containing 224,615 positive and 116,806 negative gene pairs, covering 94.87% of the coding genes. The network analysis revealed that the phenylalanine ammonia-lyase function was closely related to phenylpropanoid metabolism, and the positively co-expressed genes in the network exhibited similar expression patterns. These findings validated the reliability of the network. Finally, AmDB implemented easy-to-use bioinformatics tools, including gene set enrichment analysis, BLAST, sequence extraction, orthologue identification, JBrowse, and expression data extraction.","dblp, openalex, scopus, ieee",llm,0.990,unreviewed,
discarded,The Rana sylvatica skin-secreted antimicrobial peptide (AMP) gene repertoire highlights broader patterns in anuran AMP evolution,Douglas A.J.,2026,Scientific Reports,10.1038/s41598-026-43170-y,https://www.scopus.com/inward/record.uri?partnerID=HzOxMe3b&scp=105037625198&origin=inward,off-topic-false-hit,"Antimicrobial peptides (AMPs) are a diverse class of short peptides with therapeutic potential as antimicrobial agents and immune regulators. Many anurans (frogs and toads) produce diverse sets of AMPs via specialized skin glands, yet their biological significance remains debated. To better understand the evolution and expression of anuran AMPs, we examined the Wood Frog (Rana sylvatica) genome, assembled a skin transcriptome to identify skin-secreted AMP genes, and confirmed the presence of predicted AMPs in skin secretions using mass spectrometry. Along with discovering nine novel AMPs, we found that the AMP genes of R. sylvatica cluster in a manner similar to other AMP gene families and that analogous gene clusters appear in other Rana species and more distant relatives. These genes possess a consistent structure, and all encode a conserved signal peptide which is subject to strong purifying selection, contrasting with the varied associated AMPs. We examined the effects of season and pathogen exposure on AMP gene expression, observing large differences in transcript and peptide levels between genes. Overall, our findings provide insight into broad patterns of AMP evolution in anurans, reinforcing the importance of the signal peptide as a functional feature of skin-secreted peptide precursors which requires further study. Supplementary Information The online version contains supplementary material available at 10.1038/s41598-026-43170-y.","dblp, openalex, scopus, ieee",llm,0.990,unreviewed,
discarded,Butterfly brains change in morphology and in gene splicing patterns after brief pheromone exposure,Dion E.,2026,BMC Biology,10.1186/s12915-026-02514-w,https://www.scopus.com/inward/record.uri?partnerID=HzOxMe3b&scp=105028913656&origin=inward,off-topic-false-hit,"How insect brains differ between the sexes and respond to sex-specific pheromones is still not well understood. Here we briefly exposed female Bicyclus anynana butterflies to wild type (Wt) and modified male sex pheromone blends, previously shown to modify females’ sexual preferences, and examined how their brains were modified at the morphological and molecular levels, three days later. First, we 3D-reconstructed male and female brains of this species and documented sexual dimorphism in the size of seven of 67 glomeruli present in the olfactory lobe. Then we showed that several glomeruli changed in volume after blend exposures, implicating them in sex pheromone perception. Finally, we found that a few genes were differentially expressed but many more were differentially spliced between male and female naïve brains, and between naive and pheromone blend-exposed brains. These are primarily calcium-binding channels and RNA-binding genes, respectively. A learned preference for changed levels in a single pheromone component was linked to variants of proteins involved in synaptic transmission. Our work shows that naïve male and female brains differ primarily in gene splicing patterns and that a brief, 3-minute, exposure to pheromones produces slight changes in brain volume and large changes in the splicing of genes involved in neural development, that correlate with changes in sexual preferences in females. Significance statement How brains differ between the sexes and respond to sex-specific cues is a hot research topic. Here we investigate how the brains of female butterflies differ from those of males and respond to male sex pheromones. We find that the sexes differ in the volume of a sub-set of olfactory lobe glomeruli, and the volume of some glomeruli also changes after exposure to pheromone blends. In addition, male and female brains differ primarily in hundreds of splice variants, both before and after pheromone exposure. These findings suggest that different proteins (splice variants) characterize male and female brains and that a brief exposure to pheromones can lead to changes in brain structure and in further gene splicing linked to altered sexual preferences in female butterflies.","dblp, openalex, scopus, ieee",llm,0.990,unreviewed,
discarded,VulWeitor: a system for clone vulnerability detection using weighted code,Liu S.,2026,Cybersecurity,10.1186/s42400-025-00493-z,https://www.scopus.com/inward/record.uri?partnerID=HzOxMe3b&scp=105038987310&origin=inward,adjacent-subtopic,"Detecting and locating clone vulnerabilities in source code is essential for software maintenance and evolution. Although researchers have proposed many methods and tools for clone vulnerability detection, traditional methods fail to consider the sensitivity of code statements to vulnerabilities and do not adequately characterize the vulnerability features. As a result, the accuracy of the detection results is low, and the detection outcomes do not provide any guidance for remediation efforts. In this paper, we propose VulWeitor, a novel vulnerable code clone detection system that employs weighted code to detect clone vulnerabilities in source code. By performing program slicing on vulnerable and patched functions, VulWeitor generates the weight value of each code statement, along with vulnerability and patch feature information, thereby precisely characterizing the vulnerability features. We develop a CVE-oriented analysis method that generates a severity index for each detection result, facilitating developer verification, especially in scenarios with multiple functions. Experimental results demonstrate the effectiveness of our approach in detecting vulnerable code clones, with a precision of 92% and a recall of 87%, outperforming state-of-the-art comparative systems.","dblp, openalex, scopus, ieee",llm,0.950,unreviewed,
discarded,Evolutionary architecture and lineage-specific diversification of Forkhead box transcription factors in Perna viridis,Vysakh V.G.,2026,Comparative Biochemistry and Physiology Part D Genomics and Proteomics,10.1016/j.cbd.2026.101896,https://www.scopus.com/inward/record.uri?partnerID=HzOxMe3b&scp=105041064676&origin=inward,off-topic-false-hit,"The Forkhead box (Fox) transcription factors are evolutionarily conserved regulators of development, cell cycle, and apoptosis across metazoans. This study provides the first comprehensive genome-wide analysis of the Fox gene family in the Asian green mussel (Perna viridis). We identified 28 Fox genes distributed across 10 chromosomes. Comparative analysis reveals the absence of the FoxI, FoxQ1, FoxR and FoxS subfamily, consistent with other bivalves and indicative of lineage-specific gene loss during molluscan evolution. Notably, gene duplications in the FoxAB, FoxD, FoxH, FoxN1-4, FoxQ2 and FoxQD subfamilies may reflect functional diversification associated with environmental adaptation. Exon-intron structural variability, including intron loss in several paralogues, suggests structural diversification and potential regulatory variation. Phylogenetic reconstruction confirmed the monophyly of core Fox classes while highlighting divergent expansion patterns in lophotrochozoans. Selection analyses showed strong purifying selection across duplicated Fox paralogs, supporting functional conservation after lineage-specific expansion. Gene Ontology enrichment linked Fox genes to stress response, apoptosis, and transcriptional regulation. By integrating phylogenetic, structural, and transcriptomic analyses, this study provides a genomic framework for understanding Fox gene organisation, evolution, and tissue-associated expression patterns in Perna viridis and establishes a comparative resource for future functional studies in bivalves.","dblp, openalex, scopus, ieee",llm,0.990,unreviewed,
discarded,Transcriptome analysis identifies key regulatory genes and temporal expression dynamics during embryonic development in the Japanese eel (Anguilla japonica),Zhong Z.,2026,Molecular Genetics and Genomics,10.1007/s00438-026-02367-6,https://www.scopus.com/inward/record.uri?partnerID=HzOxMe3b&scp=105032342310&origin=inward,off-topic-false-hit,"The Japanese eel (Anguilla japonica), a commercially important species, has experienced severe population declines in the wild, underscoring the urgent need to improve artificial breeding techniques. However, the complexity of embryonic development and the limited understanding of its molecular regulatory mechanisms have constrained progress in artificial reproduction. To elucidate the dynamics of gene expression during early development, we conducted a comprehensive transcriptomic analysis of eight key embryonic stages using RNA-Seq. A total of 16,728 differentially expressed genes (DEGs) were identified, with the most pronounced pluripotency-related changes observed during the multicellular-blastula and differentiation-related changes in gastrula-embryo body transitions. Functional enrichment revealed distinct stage-specific pathways: early stages (multicellular) dominated by Notch and Wnt signaling, involved early developmental decisions; mid-stages (blastula to gastrula), with enriched pathways like Cell cycle, supporting rapid cell division; mid-late stages (embryo-body-formation to somite appearance) featured extracellular matrix receptor (ECM-receptor) interaction and focal adhesion, contributing to cell connectivity and tissue morphogenesis; and late stages (muscle-effect to newly-hatched-larvae) highlighted calcium signaling and metabolic pathways, providing signaling and energy support for organogenesis and functional maturation. Weighted gene co-expression network analysis (WGCNA) identified four stage-specific modules that correlated with developmental progression. Additionally, key members of the Sox, Hox, and Wnt transcription factor families were screened and found to exhibit dynamic, stage-specific expression patterns. These factors likely form a synergistic regulatory network that coordinates the entire developmental progression. Collectively, these findings delineate the molecular landscape of A. japonica embryogenesis and establish a crucial baseline transcriptomic resource that will facilitate future investigations into the molecular regulation of early development in this species.","dblp, openalex, scopus, ieee",llm,0.990,unreviewed,
discarded,Comparative evaluation of four reference genes for qRT-PCR assays in snow trout (Schizothorax richardsonii) under multiple experimental conditions,Rajesh M.,2026,Scientific Reports,10.1038/s41598-026-47431-8,https://www.scopus.com/inward/record.uri?partnerID=HzOxMe3b&scp=105044645072&origin=inward,off-topic-false-hit,"The analytical accuracy of gene expression analysis largely depends on the stability of the reference gene(s) used for normalization of target mRNA expression under different experimental conditions. In this study, we characterized three reference genes: beta-actin (β-act), elongation factor 1 alpha (ef1α), and glyceraldehyde 3-phosphate dehydrogenase (gapdh) in the Trans-Himalayan snow trout, Schizothorax richardsonii. Subsequently, we evaluated their stability, along with 18 S rRNA, under eight experimental conditions using the geNorm, NormFinder, BestKeeper, and delta CT algorithms. The results indicated that 18 S rRNA was the most stable reference gene across sixteen tissue types, whereas ef1α showed the highest stability during early developmental stages (0–21 days post-hatch) and between sexes (male and female muscle tissue). In other instances, β-act was the most stable reference gene in snow trout muscle across different age groups (0 + and 2 + years), nutritional conditions (starvation–refeeding and varying dietary protein and lipid levels), and rearing temperatures (6, 12, 18, and 24 °C). In contrast, gapdh exhibited poor stability and was regulated by low temperature, making it unsuitable as a reference gene under such conditions. For further validation, we performed relative quantification of primary myogenic regulators (myod and myf5) at different rearing temperatures using the most and least stable reference gene(s) as normalizers. The results reaffirmed the importance of selecting stable reference gene(s) for qRT-PCR assays, as the expression patterns of the myogenic regulators were significantly incorrect when normalized using the least stable reference genes. To our knowledge, this is the first comprehensive evaluation of internal reference genes for gene expression analysis in a coldwater cyprinid across different tissues, developmental stages, age, sex, nutritional conditions and temperature regimes.","dblp, openalex, scopus, ieee",llm,0.990,unreviewed,
discarded,Proteomic analysis of proteins responsive to drought stress in barley,Ramadan W.A.K.,2026,BMC Plant Biology,10.1186/s12870-026-08176-8,https://www.scopus.com/inward/record.uri?partnerID=HzOxMe3b&scp=105030884122&origin=inward,off-topic-false-hit,"Drought stress is one of the main environmental factors limiting the development, growth, and crop yield of barley plants. Finding drought-tolerant genes and the proteins they encode that are linked to the interplay between drought tolerance and growth/yield is crucial for enhancing genotypes’ ability to withstand drought and other abiotic stressors. Our study’s objective was to leverage prior proteomic research to identify candidate genes and the proteins they encode that are important in barley’s responses to drought tolerance and to examine how drought stress alters their expression. In this study we used two-dimensional electrophoresis (2D-gel), mass spectrometry and bioinformatics software to investigate Giza132 barley seedling proteins’ composition and function under drought stress in comparison with control. Our results showed about 56 spots (proteins) from various unique and common proteins, which are related with the ability of barley plants to tolerance. the drought stress. And these proteins have various biological functions and play an important role in drought and other abiotic stress tolerance such as; spot 32 (HORVU4Hr1G089510), spot 47 (HORVU4Hr1G057210) and spot 51 (HORVU4Hr1G016810) which related with L-ascorbate peroxidase enzyme, Alcohol dehydrogenase I enzyme and Fructose-bisphosphate aldolase enzyme, respectively. Moreover, from our results we found the control gel have six unique spots (spots sequence numbers; e.g., 25, 26, 27, 42, 46 and 50), while eight unique spots were detected in the drought stress gel (spots sequence numbers; e.g., 1, 17, 24, 34, 44, 47, 52 and 56). And the remaining 42 spots are common between both gels. And some of these previous proteins are up-regulated and the others are down-regulated expressions under the effect of drought stress. In addition, our data analysis showed that these previous proteins showed various biological functions and some of these functions were related with the ability of drought tolerance in plants. Furthermore, the putative expression patterns of the identified proteins by BAR databases as bioinformatics tools were also completed. To our knowledge, this is the first proteomic analysis for evaluating the effect of drought stress on the levels of expression of different proteins in Giza132 barley seedling. At the end, this information can be relied upon in future programs related to the production of new barley genotypes that are tolerant to drought and other biotic stresses.","dblp, openalex, scopus, ieee",llm,0.990,unreviewed,
discarded,Comparative study on the expression levels of antithrombotic genes in five sympatrically distributed leech species,Ai R.,2026,BMC Genomics,10.1186/s12864-026-12769-w,https://www.scopus.com/inward/record.uri?partnerID=HzOxMe3b&scp=105037372837&origin=inward,off-topic-false-hit,"Medicinal leeches are rich in various antithrombotic components, holding significant pharmaceutical value. To investigate the differences in potential antithrombotic capacity among species, this study utilized transcriptome sequencing technology to compare the expression differences of antithrombotic-related genes in five sympatrically distributed leech species (Whitmania pigra, Whitmania laevis, Whitmania acranulata, Hirudo nipponia, and Hirudo tianjinensis). The results revealed significant differences in the overall expression levels of antithrombotic genes among different species. Most samples clustered by species in the cluster analysis, indicating that the expression patterns of these genes are highly species-specific. Analysis of antithrombotic gene functional groups (coagulation inhibitor, platelet aggregation inhibitor, fibrinolysis enhancer, anti-inflammatory agents, and tissue penetration enhancer) showed that, except for W. laevis, the other four species exhibited the highest total expression in the coagulation inhibitor group. Among them, W. pigra, W. acranulata, and H. nipponia had a significantly greater number of dominantly expressed functional groups (N ≥ 2) compared to W. laevis and H. tianjinensis (N = 1). Gene family comparisons revealed that the number of dominantly expressed gene families in W. pigra, W. acranulata, and H. nipponia was significantly higher than that in W. laevis and H. tianjinensis. Additionally, 28 highly expressed key antithrombotic genes were identified across the five species, with the vast majority of these genes accounting for over 50% of the total expression within their respective gene families. According to the above results, we speculate that W. pigra, W. acranulata, and H. nipponia exhibit higher potential antithrombotic capacity at the transcriptional level. These molecular traits align, at least in part, with the empirical wisdom accumulated through centuries of traditional Chinese medicine practice regarding the therapeutic value of specific leech species, although further rigorous pharmacological validation is required to substantiate our hypothesis. Supplementary Information The online version contains supplementary material available at 10.1186/s12864-026-12769-w.","dblp, openalex, scopus, ieee",llm,0.990,unreviewed,
