status,title,authors,year,venue,doi,url,tags,abstract,provider,decision_source,llm_confidence,llm_review_outcome,llm_change_direction
discarded,"Cloning of p57KIP2, a cyclin-dependent kinase inhibitor with unique domain structure and tissue distribution.",Mong‐Hong Lee; Inga Reynisdóttir; Joan Massagué,1995,Genes & Development,10.1101/gad.9.6.639,https://openalex.org/W1982768428,off-topic-false-hit,"Progression through the cell cycle is catalyzed by cyclin-dependent kinases (CDKs) and is negatively controlled by CDK inhibitors (CDIs). We have isolated a new member of the p21CIP1/p27KIP1 CDI family and named it p57KIP2 to denote its apparent molecular mass and higher similarity to p27KIP1. Three distinct p57 cDNAs were cloned that differ at the start of their open reading frames and correspond to messages generated by the use of distinct splice acceptor sites. p57 is distinguished from p21 and p27 by its unique domain structure. Four distinct domains follow the heterogeneous amino-terminal region and include, in order, a p21/p27-related CDK inhibitory domain, a proline-rich (28% proline) domain, an acidic (36% glutamic or aspartic acid) domain, and a carboxy-terminal nuclear targeting domain that contains a putative CDK phosphorylation site and has sequence similarity to p27 but not to p21. Most of the acidic domain consists of a novel, tandemly repeated 4-amino acid motif. p57 is a potent inhibitor of G1- and S-phase CDKs (cyclin E-cdk2, cyclin D2-cdk4, and cyclin A-cdk2) and, to lesser extent, of the mitotic cyclin B-Cdc2. In mammalian cells, p57 localizes to the nucleus, associates with G1 CDK components, and its overexpression causes a complete cell cycle arrest in G1 phase. In contrast to the widespread expression of p21 and p27 in human tissues, p57 is expressed in a tissue-specific manner, as a 1.5-kb species in placenta and at lower levels in various other tissues and a 7-kb mRNA species observed in skeletal muscle and heart. The expression pattern and unique domain structure of p57 suggest that this CDI may play a specialized role in cell cycle control.",openalex,llm,0.990,unreviewed,
discarded,Hierarchical and Spatially Explicit Clustering of DNA Sequences with BAPS Software,Lu Cheng; Thomas R. Connor; Jukka Sirén; David M. Aanensen; Jukka Corander,2013,Molecular Biology and Evolution,10.1093/molbev/mst028,https://openalex.org/W2106961803,off-topic-false-hit,"Phylogeographical analyses have become commonplace for a myriad of organisms with the advent of cheap DNA sequencing technologies. Bayesian model-based clustering is a powerful tool for detecting important patterns in such data and can be used to decipher even quite subtle signals of systematic differences in molecular variation. Here, we introduce two upgrades to the Bayesian Analysis of Population Structure (BAPS) software, which enable 1) spatially explicit modeling of variation in DNA sequences and 2) hierarchical clustering of DNA sequence data to reveal nested genetic population structures. We provide a direct interface to map the results from spatial clustering with Google Maps using the portal http://www.spatialepidemiology.net/ and illustrate this approach using sequence data from Borrelia burgdorferi. The usefulness of hierarchical clustering is demonstrated through an analysis of the metapopulation structure within a bacterial population experiencing a high level of local horizontal gene transfer. The tools that are introduced are freely available at http://www.helsinki.fi/bsg/software/BAPS/.",openalex,llm,0.970,unreviewed,
discarded,Cloning and characterization of chi-1: a developmentally regulated member of a novel class of the ionotropic glutamate receptor family,AM Ciabarra; JM Sullivan; L.G Gahn; Gerlinde Pecht; Steve Heinemann; KA Sevarino,1995,Journal of Neuroscience,10.1523/jneurosci.15-10-06498.1995,https://openalex.org/W1919210158,off-topic-false-hit,"Ionotropic glutamate receptors are composed of homomeric or heteromeric configurations of glutamate receptor subunits. We have cloned a member of a novel class of the rat ionotropic glutamate receptor family, termed chi-1. This subunit exhibits an average identity of 27% to NMDA subunits and 23% to non-NMDA subunits. Regional transcript levels of chi-1 are elevated just prior to and during the first postnatal week, with the highest levels present in the spinal cord, brainstem, hypothalamus, thalamus, CA1 field of the hippocampus, and amygdala. The spatial distribution of chi-1 expression is similar from postnatal day 1 (P1) to adulthood. However, transcript levels decline sharply between P7 and P14 and remain attenuated into adulthood. Functional expression studies in Xenopus oocytes injected with in vitro transcribed chi-1 RNA did not demonstrate agonist-activated currents. Pairwise expression of chi-1 with members of the AMPA, KA, or delta class of glutamate recepto subunits either failed to generate agonist-activated currents or failed to alter the underlying current generated by the coexpressed subunit. However, coexpression of chi-1 with subunits forming otherwise functional NMDA receptors resulted in an inhibition of current responses. Since chi-1 did not alter the currents generated by non-NMDA subunits, this suggests that chi-1 may specifically interact with NMDA receptor subunits. Further characterization will be required to establish the precise role of this glutamate receptor subunit in neuronal signaling.",openalex,llm,0.990,unreviewed,
discarded,Standardizing methods to address clonality in population studies,Sophie Arnaud‐Haond; Carlos M. Duarte; Filipe Alberto; Ester Á. Serrão,2007,Molecular Ecology,10.1111/j.1365-294x.2007.03535.x,https://openalex.org/W2097932845,off-topic-false-hit,"Although clonal species are dominant in many habitats, from unicellular organisms to plants and animals, ecological and particularly evolutionary studies on clonal species have been strongly limited by the difficulty in assessing the number, size and longevity of genetic individuals within a population. The development of molecular markers has allowed progress in this area, and although allozymes remain of limited use due to their typically low level of polymorphism, more polymorphic markers have been discovered during the last decades, supplying powerful tools to overcome the problem of clonality assessment. However, population genetics studies on clonal organisms lack a standardized framework to assess clonality, and to adapt conventional data analyses to account for the potential bias due to the possible replication of the same individuals in the sampling. Moreover, existing studies used a variety of indices to describe clonal diversity and structure such that comparison among studies is difficult at best. We emphasize the need for standardizing studies on clonal organisms, and particularly on clonal plants, in order to clarify the way clonality is taken into account in sampling designs and data analysis, and to allow further comparison of results reported in distinct studies. In order to provide a first step towards a standardized framework to address clonality in population studies, we review, on the basis of a thorough revision of the literature on population structure of clonal plants and of a complementary revision on other clonal organisms, the indices and statistics used so far to estimate genotypic or clonal diversity and to describe clonal structure in plants. We examine their advantages and weaknesses as well as various conceptual issues associated with statistical analyses of population genetics data on clonal organisms. We do so by testing them on results from simulations, as well as on two empirical data sets of microsatellites of the seagrasses Posidonia oceanica and Cymodocea nodosa. Finally, we also propose a selection of new indices and methods to estimate clonal diversity and describe clonal structure in a way that should facilitate comparison between future studies on clonal plants, most of which may be of interest for clonal organisms in general.",openalex,llm,0.990,unreviewed,
discarded,"progressiveMauve: Multiple Genome Alignment with Gene Gain, Loss and Rearrangement",Aaron E. Darling; Bob Mau; Nicole T. Perna,2010,PLoS ONE,10.1371/journal.pone.0011147,https://openalex.org/W2041257508,off-topic-false-hit,"BACKGROUND: Multiple genome alignment remains a challenging problem. Effects of recombination including rearrangement, segmental duplication, gain, and loss can create a mosaic pattern of homology even among closely related organisms. METHODOLOGY/PRINCIPAL FINDINGS: We describe a new method to align two or more genomes that have undergone rearrangements due to recombination and substantial amounts of segmental gain and loss (flux). We demonstrate that the new method can accurately align regions conserved in some, but not all, of the genomes, an important case not handled by our previous work. The method uses a novel alignment objective score called a sum-of-pairs breakpoint score, which facilitates accurate detection of rearrangement breakpoints when genomes have unequal gene content. We also apply a probabilistic alignment filtering method to remove erroneous alignments of unrelated sequences, which are commonly observed in other genome alignment methods. We describe new metrics for quantifying genome alignment accuracy which measure the quality of rearrangement breakpoint predictions and indel predictions. The new genome alignment algorithm demonstrates high accuracy in situations where genomes have undergone biologically feasible amounts of genome rearrangement, segmental gain and loss. We apply the new algorithm to a set of 23 genomes from the genera Escherichia, Shigella, and Salmonella. Analysis of whole-genome multiple alignments allows us to extend the previously defined concepts of core- and pan-genomes to include not only annotated genes, but also non-coding regions with potential regulatory roles. The 23 enterobacteria have an estimated core-genome of 2.46Mbp conserved among all taxa and a pan-genome of 15.2Mbp. We document substantial population-level variability among these organisms driven by segmental gain and loss. Interestingly, much variability lies in intergenic regions, suggesting that the Enterobacteriacae may exhibit regulatory divergence. CONCLUSIONS: The multiple genome alignments generated by our software provide a platform for comparative genomic and population genomic studies. Free, open-source software implementing the described genome alignment approach is available from http://gel.ahabs.wisc.edu/mauve.",openalex,llm,0.970,unreviewed,
discarded,"Clonal hematopoiesis, with and without candidate driver mutations, is common in the elderly",Florian Zink; Simon Stacey; Gudmundur L. Norddahl; Michael L. Frigge; Ólafur Þ. Magnússon; Ingileif Jónsdóttir; Thorgeir E. Thorgeirsson; Ásgeir Sigurðsson; Sigurjón A. Guðjónsson; Jūlı́us Guðmundsson; Jón G. Jónasson; Laufey Tryggvadóttír; Þorvaldur Jónsson; Agnar Helgason; Arnaldur Gylfason; Patrick Sulem; Þórunn Rafnar; Unnur Þorsteinsdóttir; Daníel F. Guðbjartsson; Gísli Másson; Augustine Kong; Kāri Stefánsson,2017,Blood,10.1182/blood-2017-02-769869,https://openalex.org/W2612571615,off-topic-false-hit,"Key Points Whole-genome sequencing of 11 262 Icelanders reveals that clonal hematopoiesis is very common in the elderly. Somatic mutation of some genes is strongly associated with clonal hematopoiesis, but in most cases, no driver mutations were evident.",openalex,llm,0.990,unreviewed,
discarded,Patterns of metastasis in colon and rectal cancer,Matias Riihimäki; Akseli Hemminki; Jan Sundquist; Kari Hemminki,2016,Scientific Reports,10.1038/srep29765,https://openalex.org/W2470172036,off-topic-false-hit,"Investigating epidemiology of metastatic colon and rectal cancer is challenging, because cancer registries seldom record metastatic sites. We used a population based approach to assess metastatic spread in colon and rectal cancers. 49,096 patients with colorectal cancer were identified from the nationwide Swedish Cancer Registry. Metastatic sites were identified from the National Patient Register and Cause of Death Register. Rectal cancer more frequently metastasized into thoracic organs (OR = 2.4) and the nervous system (1.5) and less frequently within the peritoneum (0.3). Mucinous and signet ring adenocarcinomas more frequently metastasized within the peritoneum compared with generic adenocarcinoma (3.8 [colon]/3.2 [rectum]), and less frequently into the liver (0.5/0.6). Lung metastases occurred frequently together with nervous system metastases, whereas peritoneal metastases were often listed with ovarian and pleural metastases. Thoracic metastases are almost as common as liver metastases in rectal cancer patients with a low stage at diagnosis. In colorectal cancer patients with solitary metastases the survival differed between 5 and 19 months depending on T or N stage. Metastatic patterns differ notably between colon and rectal cancers. This knowledge should help clinicians to identify patients in need for extra surveillance and gives insight to further studies on the mechanisms of metastasis.",openalex,llm,0.990,unreviewed,
discarded,"A Field Guide to Pandemic, Epidemic and Sporadic Clones of Methicillin-Resistant Staphylococcus aureus",Stefan Monecke; Geoffrey W. Coombs; Anna C. Shore; David C. Coleman; Patrick Eberechi Akpaka; Michael Borg; Henry P. H. Chow; Margaret Ip; Lutz Jatzwauk; Daniel E Jonas; Kristina Kadlec; Angela Kearns; Frédéric Laurent; Frances O’Brien; Julie Pearson; Antje Ruppelt; Štefan Schwarz; Elizabeth Scicluna; Peter Slickers; Hui-Leen Tan; Stefan Weber; Ralf Ehricht,2011,PLoS ONE,10.1371/journal.pone.0017936,https://openalex.org/W2054504313,off-topic-false-hit,"In recent years, methicillin-resistant Staphylococcus aureus (MRSA) have become a truly global challenge. In addition to the long-known healthcare-associated clones, novel strains have also emerged outside of the hospital settings, in the community as well as in livestock. The emergence and spread of virulent clones expressing Panton-Valentine leukocidin (PVL) is an additional cause for concern. In order to provide an overview of pandemic, epidemic and sporadic strains, more than 3,000 clinical and veterinary isolates of MRSA mainly from Germany, the United Kingdom, Ireland, France, Malta, Abu Dhabi, Hong Kong, Australia, Trinidad & Tobago as well as some reference strains from the United States have been genotyped by DNA microarray analysis. This technique allowed the assignment of the MRSA isolates to 34 distinct lineages which can be clearly defined based on non-mobile genes. The results were in accordance with data from multilocus sequence typing. More than 100 different strains were distinguished based on affiliation to these lineages, SCCmec type and the presence or absence of PVL. These strains are described here mainly with regard to clinically relevant antimicrobial resistance- and virulence-associated markers, but also in relation to epidemiology and geographic distribution. The findings of the study show a high level of biodiversity among MRSA, especially among strains harbouring SCCmec IV and V elements. The data also indicate a high rate of genetic recombination in MRSA involving SCC elements, bacteriophages or other mobile genetic elements and large-scale chromosomal replacements.",openalex,llm,0.990,unreviewed,
discarded,Molecular patterns of response and treatment failure after frontline venetoclax combinations in older patients with AML,Courtney D. DiNardo; Ing Soo Tiong; Anna Quaglieri; Sarah MacRaild; Sanam Loghavi; Fiona C. Brown; Rachel Thijssen; Giovanna Pomilio; Adam Ivey; Jessica M. Salmon; Christina Glytsou; Shaun Fleming; Q. Zhang; Huaxian Ma; Keyur P. Patel; Steven M. Kornblau; Zhen Xu; Chong Chyn Chua; Xufeng Chen; Piers Blombery; Christoffer Flensburg; Nik Cummings; Iannis Aifantis; Hagop M. Kantarjian; David C.S. Huang; Andrew W. Roberts; Ian J. Majewski; Marina Konopleva; Andrew H. Wei,2020,Blood,10.1182/blood.2019003988,https://openalex.org/W3000515035,off-topic-false-hit,"The BCL-2 inhibitor venetoclax combined with hypomethylating agents or low-dose cytarabine represents an important new therapy for older or unfit patients with acute myeloid leukemia (AML). We analyzed 81 patients receiving these venetoclax-based combinations to identify molecular correlates of durable remission, response followed by relapse (adaptive resistance), or refractory disease (primary resistance). High response rates and durable remissions were typically associated with NPM1 or IDH2 mutations, with prolonged molecular remissions prevalent for NPM1 mutations. Primary and adaptive resistance to venetoclax-based combinations was most commonly characterized by acquisition or enrichment of clones activating signaling pathways such as FLT3 or RAS or biallelically perturbing TP53. Single-cell studies highlighted the polyclonal nature of intratumoral resistance mechanisms in some cases. Among cases that were primary refractory, we identified heterogeneous and sometimes divergent interval changes in leukemic clones within a single cycle of therapy, highlighting the dynamic and rapid occurrence of therapeutic selection in AML. In functional studies, FLT3 internal tandem duplication gain or TP53 loss conferred cross-resistance to both venetoclax and cytotoxic-based therapies. Collectively, we highlight molecular determinants of outcome with clinical relevance to patients with AML receiving venetoclax-based combination therapies.",openalex,llm,0.990,unreviewed,
discarded,Assignment ofStaphylococcus aureusisolates to clonal complexes based on microarray analysis and pattern recognition,Stefan Monecke; Peter Slickers; Ralf Ehricht,2008,FEMS Immunology & Medical Microbiology,10.1111/j.1574-695x.2008.00426.x,https://openalex.org/W2162052530,off-topic-false-hit,"A DNA microarray was designed for the rapid genotyping of Staphylococcus aureus. It covers 185 distinct genes and about 300 alleles thereof, including species-specific controls, accessory gene regulator (agr) alleles, genes encoding virulence factors, and microbial surface components recognizing adhesive matrix molecules, capsule type-specific genes, as well as resistance determinants. It was used to examine 100 clinical isolates and reference strains. Relationships of leukocidin and ssl/set (staphylococcal superantigen-like or exotoxin-like) genes were reviewed considering these experimental results as well as published sequences. A good correlation of overall hybridization pattern and multilocus sequence typing was found. Analysis of hybridization profiles thus allowed not only to assess virulence and drug resistance, but also to assign isolates to strains and to clonal complexes. Hybridization data were used to construct a split network tree and to analyse relationships between strains. Allelic variations of a number of genes indicate a division of S. aureus into three major branches that are not in accordance to agr group or capsule-type affiliations. Additionally, there are some isolated lineages, such as ST75, ST93, or ST152. These strains produce aberrant hybridization profiles, indicating that only a part of the gene pool of S. aureus has been investigated yet.",openalex,llm,0.990,unreviewed,
discarded,Inference of Bacterial Microevolution Using Multilocus Sequence Data,Xavier Didelot; Daniel Falush,2006,Genetics,10.1534/genetics.106.063305,https://openalex.org/W2157991545,off-topic-false-hit,"We describe a model-based method for using multilocus sequence data to infer the clonal relationships of bacteria and the chromosomal position of homologous recombination events that disrupt a clonal pattern of inheritance. The key assumption of our model is that recombination events introduce a constant rate of substitutions to a contiguous region of sequence. The method is applicable both to multilocus sequence typing (MLST) data from a few loci and to alignments of multiple bacterial genomes. It can be used to decide whether a subset of isolates share common ancestry, to estimate the age of the common ancestor, and hence to address a variety of epidemiological and ecological questions that hinge on the pattern of bacterial spread. It should also be useful in associating particular genetic events with the changes in phenotype that they cause. We show that the model outperforms existing methods of subdividing recombinogenic bacteria using MLST data and provide examples from Salmonella and Bacillus. The software used in this article, ClonalFrame, is available from http://bacteria.stats.ox.ac.uk/.",openalex,llm,0.990,unreviewed,
