status,title,authors,year,venue,doi,url,tags,abstract,provider,decision_source,llm_confidence,llm_review_outcome,llm_change_direction
discarded,Patient understanding of discharge instructions in the emergency department: do different patients need different approaches?,Hasan Sheikh; Aleksandar Brezar; Agata Dzwonek; Lawrence Yau; Lisa A. Calder,2018,International Journal of Emergency Medicine,10.1186/s12245-018-0164-0,https://openalex.org/W2786238427,off-topic-false-hit,"BACKGROUND: Previous studies have demonstrated that patients have poor understanding of the discharge instructions provided from the emergency department (ED). The aims of this study are to determine if patient factors, such as income and level of education, correlate with patient understanding of discharge instructions and to explore if different patient populations prefer different resources for receiving discharge instructions. METHODS: We conducted live observations of physicians providing discharge instructions in the ED to 100 patients followed by a patient survey to determine their understanding in four domains (diagnosis, treatment plan, follow-up instructions, and return to ED (RTED) instructions) and collect patient demographics. We enrolled patients over the age of 18 being discharged home. We excluded non-English- or French-speaking patients and those with significant psychiatric history or cognitive impairment. We performed a two-way ANOVA analysis of patient factors and patient understanding. RESULTS: We found that patients had poor understanding of discharge instructions, ranging from 24.0% having poor understanding of their follow-up plan to 64.0% for RTED instructions. Almost half (42%) of patients did not receive complete discharge instructions. Lower income was correlated with a significant decrease in patient understanding of discharge diagnosis (p = 0.01) and RTED instructions (p = 0.04). Patients who did not complete high school trended towards lower levels of understanding of their diagnosis and treatment plan (p = 0.06). Lower income patients had a preference for receiving a follow-up phone call by a nurse, while higher income patients preferred online resources. CONCLUSIONS: Lower income patients and those who have not completed high school are at a higher risk of poor understanding discharge instructions. As new technological solutions emerge to aid patient understanding of discharge instructions, our study suggests they may not aid those who are at the highest risk of failing to understand their instructions.",openalex,llm,0.990,unreviewed,
discarded,Book Discussion Web Application Based on Django Framework with UI/IX Design for Senior Citizens and Inexperienced Users,Gayane Kabalyan,2013,Language arts journal of Michigan,,https://openalex.org/W21813807,off-topic-false-hit,"With the Internet becoming available and affordable to more people, the number of Internet users among older generations is rapidly growing. However, most websites on the web are confusing to this age group, due to lack of experience, as well as disabilities coming with age. The purpose of this project is to create an easy to use, self-explanatory web application, taking into account this specific target group. It is a platform where one can discuss various books. The online book club can substitute a traditional book club by ignoring the time and geographic limitations. The process of the creation of this application included exploring a new web framework, Django, which is one of the trends in web application development.",openalex,llm,0.970,unreviewed,
discarded,"Fast, feature-rich weakly-compressible SPH on GPU: coding strategies and compiler choices","Giuseppe Bilotta; Vito Zago; Alexis Hérault; van Ettinger, Hendrik D.; Dalrymple, Robert A.",2022,arXiv (Cornell University),10.48550/arxiv.2207.11328,https://openalex.org/W4288055751,off-topic-false-hit,"GPUSPH was the first implementation of the weakly-compressible Smoothed Particle Hydrodynamics method to run entirely on GPU using CUDA. Version 5, released in June 2018, features a radical restructuring of the code, offering a more structured implementation of several features and specialized optimization of most heavy-duty computational kernels. While these improvements have led to a measurable performance boost (ranging from 15\% to 30\% depending on the test case and hardware configuration), it has also uncovered some of the limitations of the official CUDA compiler (\texttt{nvcc}) offered by NVIDIA, especially in regard to developer friendliness. This has led to an effort to support alternative compilers, particularly Clang, with surprising performance gains.",openalex,llm,0.910,unreviewed,
discarded,Protein Geometry Database: a flexible engine to explore backbone conformations and their relationships to covalent geometry,Donald S. Berkholz; Peter B. Krenesky; John Davidson; P. Andrew Karplus,2009,Nucleic Acids Research,10.1093/nar/gkp1013,https://openalex.org/W2149285653,off-topic-false-hit,"The backbone bond lengths, bond angles, and planarity of a protein are influenced by the backbone conformation (varphi,Psi), but no tool exists to explore these relationships, leaving this area as a reservoir of untapped information about protein structure and function. The Protein Geometry Database (PGD) enables biologists to easily and flexibly query information about the conformation alone, the backbone geometry alone, and the relationships between them. The capabilities the PGD provides are valuable for assessing the uniqueness of observed conformational or geometric features in protein structure as well as discovering novel features and principles of protein structure. The PGD server is available at http://pgd.science.oregonstate.edu/ and the data and code underlying it are freely available to use and extend.",openalex,llm,0.990,unreviewed,
discarded,Randomized Pilot Trial Measuring Knowledge Acquisition of Opioid Education in Emergency Department Patients using a Novel Media Platform,Bharath Chakravarthy; Shashank Somasundaram; Jennifer Mogi; Roshan Burns; Wirachin Hoonpongsimanont; Warren Wiechmann; Shahram Lotfipour,2017,Substance Abuse,10.1080/08897077.2017.1375061,https://openalex.org/W2753392504,off-topic-false-hit,"BACKGROUND: The number of active opioid analgesic prescriptions has risen steadily, causing increases in nonmedical opioid use, addiction, and overdose. Insufficient focus on patient discharge instructions has contributed to lack of patient awareness regarding dangers of opioids. This study examines whether an educational Khan Academy-style animation discharge instruction on the dangers and safe usage of opioid analgesics elicits higher knowledge acquisition than current standard of care. Additionally, it measures the feasibility of implementing this video discharge instruction in the emergency department (ED). METHODS: Fifty-two English-speaking patients aged 18 years or older receiving an opioid prescription were enrolled in this study. Patients were randomized into 2 groups. The standard of care group received verbal instruction and an informational sheet, whereas the video animation group received a 6-minute video on proper usage of opioids in addition to standard of care. Video content was sourced from samhsa.gov and administered within the ED prior to discharge. Both groups received a 26-question test regarding the dangers and safe usage of opioids immediately after education. An unpaired t test compared knowledge acquisition between the 2 groups. RESULTS: Fifty-four patients were approached, 52 patients enrolled; 27 in the standard group and 25 in the animation group. The standard of care group averaged 65% knowledge acquisition (16.8/26 correct), whereas the animation group averaged 82% acquisition (21.2/26 correct). The video animation significantly increased patient knowledge acquisition about opioid medications' risks and proper usage and disposal (P = .001). CONCLUSION: It can be concluded that medical knowledge acquisition is improved in the video animation group compared with the current standard of care (P = .001). It can also be concluded that it is feasible to implement a novel media platform to educate patients receiving opioid analgesics in the ED (96.1%).",openalex,llm,0.990,unreviewed,
discarded,Novel alternative pretreatment approaches for production of quality raisins from grapes: Opportunities and future prospects,Dilip A. Pawar; Saroj Kumar Giri; Ajay Kumar Sharma,2023,Journal of Food Process Engineering,10.1111/jfpe.14305,https://openalex.org/W4321376930,off-topic-false-hit,"Abstract Raisins are high‐value products obtained by drying grape berries. Natural drying of grapes is difficult because a hydrophobic waxy cuticle is present on the berry surface. Pretreatment is an important operation in raisin production in which the waxy layer is dissolved or removed for enhancing the drying rate of grapes. Chemical pretreatment consisting of dipping grape bunches in a solution of alkali and oil emulsion is commonly followed for raisin production. However, the threat of chemicals to human health, the environment, and longer processing time lead to the development of an alternative to chemical pretreatment. Various alternative methods have been explored including the abrasive pretreatment and some novel thermal and nonthermal techniques. The potential of these alternative pretreatments has been discussed in this review along with a critical analysis of literature on grape drying. The fundamentals of grape drying and unit operations of the chemical and abrasive process of raisin production have also been narrated. An abrasive process as the best alternative to chemicals in raisin production has been described in detail along with future prospects of different physical pretreatments. This review provides comprehensive information on raisin production with a focus on chemical‐free processing of grape for raisin production. Practical applications Raisins are dried grapes rich in nutritional and functional ingredients that are beneficial for human health. A predrying treatment to remove or to dissolve the waxy layer from surface of grapes is an important operation in raisin production. The chemical method of pretreatment is prevalent among raisin processors. However, a chemical method has some limitations like longer processing time, intense use of chemicals, food safety issues, and so forth. Many novel pretreatments like superficial abrasion, thermal, and nonthermal techniques have been explored by researchers and it has the potential to produce safe raisins without use of any chemicals. These alternative techniques can be adopted for industrial‐scale processing of raisins. A lot of literature is available on the grape drying process, modeling, and quality aspects of raisins. All this information has been summarized in this comprehensive review with a comparison of unit operations, analysis of findings, and future aspects for the production of safe raisins. This review will be very useful for industrial‐scale processing of raisins adopting novel processes and it will also provide in‐depth knowledge to the academician and research scholars.",openalex,llm,0.990,unreviewed,
discarded,"Large Language Models in IDEs: Context-Aware Coding, Refactoring, and Documentation",Guru Pramod Rusum,2023,International Journal of Emerging Trends in Computer Science and Information Technology,10.63282/3050-9246.ijetcsit-v4i2p110,https://openalex.org/W4414306461,off-topic-false-hit,"The Large Language Models (LLMs) have transformed the process of software development, particularly under the Integrated Development Environments (IDEs). Being trained on large corpora of code and natural language, LLMs have exhibited an extremely high potential to improve the productivity of developers, facilitate the work of code generation, help in refactoring, and automate documentation. The integration of LLMs in IDEs and the consequences of such a step are the topics of this paper and are addressed in three key fields, including context-aware code generation, intelligent code refactoring, and automated documentation. Based on the pre-2023 developments, we access a thorough literature review and construct a systematic approach to assessing productivity and quality enhancement carried out by LLM-based instruments. The paper indicates this transformation in the software development lifecycle using empirical review, case studies, and benchmark results. Moreover, the ethical implications and limitations are mentioned, and the opportunity to conduct further studies about it is discussed. Finally, the paper is expected to become a valuable addition to the body of knowledge available to the researchers and practitioners who might be interested in AI-aided software development",openalex,llm,0.930,unreviewed,
discarded,An empirical comparison of AI assisted software refactoring tools,Gul Saba; Sohaib Ahmed; Hiba Sania; Talha Ahmed Khan; Hidawati Bte Mohamad Nasir,2026,Scientific Reports,10.1038/s41598-026-49590-0,https://openalex.org/W7155542274,off-topic-false-hit,"Recent advancements in Artificial Intelligence (AI) have led to the development of powerful assistant tools for coding, such as ChatGPT, Gemini, and Codeium. Existing research has explored the application of ChatGPT in different areas of software engineering, including code summarization, new code generation, and error detection, whereas its potential in code refactoring has been sparsely examined. Investigating the ability of ChatGPT to improve code refactoring could streamline the processes and increase productivity of developers. The literature also reveals a significant gap regarding specific tools like Codeium and Gemini for code refactoring assistance. This study has conducted a detailed evaluation of ChatGPT, Gemini, and Codeium from a code refactoring point of view while focusing on maintaining functionality and ensuring correctness. To generate the reports for ChatGPT, Gemini, and Codeium, both original and refactored code, the tool SonarQube is utilized. The three AI models exhibited distinct performance trends across datasets. For smaller code dataset, Gemini and Codeium attain higher average scores such as 82% and 83%, respectively as compared to ChatGPT having 59%, while for larger codebases dataset, ChatGPT improved substantially to 77.2%, surpassing Codeium in several refactoring attributes. The results showed that these AI-supported tools still possess certain limitations, but Gemini stands as so far best tool for meeting the most quality attributes of refactoring, ChatGPT & Codeium outcomes vary from short to lengthy code. This study helps software developers to use suitable AI-supported code refactoring tools as per their requirements. It also helps policy makers to design policy guidelines to improve software code refactoring through AI-supported tools.",openalex,llm,0.900,unreviewed,
discarded,The impact of teach-back on patient recall and understanding of discharge information in the emergency department: the Emergency Teach-Back (EM-TeBa) study,Mandhkani Mahajan; Janine Alida Hogewoning; Jeroen Joseph Antonius Zewald; Margreet C. Kerkmeer; Mathilde Feitsma; Daphne Annika van Rijssel,2020,International Journal of Emergency Medicine,10.1186/s12245-020-00306-9,https://openalex.org/W3088112303,off-topic-false-hit,"BACKGROUND: Previous research has demonstrated that patients leaving the emergency department (ED) have poor recall and understanding of their discharge information. The teach-back method is an easy technique that can be used to check, and if necessary correct, inaccurate recall. In our study, we aimed to determine the direct and short-term impact of teach-back as well as feasibility for routine use in the ED. METHODS: A prospective cohort study in an urban, non-academic ED was performed which included adult patients who were discharged from the ED with a new medical problem. The control group with the standard discharge was compared to the intervention group using the teach-back method. Recall and comprehension scores were assessed immediately after discharge and 2-4 days afterward by phone, using four standardized questions concerning their diagnosis, treatment, follow-up care, and return precautions. RESULTS: Four hundred eighty-three patients were included in the study, 239 in the control group, and 244 in the intervention group. Patients receiving teach-back had higher scores on all domains immediately after discharge and on three domains after 2-4 days (6.3% versus 4.5%). After teach-back, the proportion of patients that left the ED with a comprehension deficit declined from 49 to 11.9%. Deficits were most common for return precautions in both groups (41.3% versus 8.1%). Teach-back conversation took 1:39 min, versus an average of 3:11 min for a regular discharge interview. CONCLUSION: Teach-back is an efficient and non-time-consuming method to improve patients' immediate and short-term recall and comprehension of discharge information in the ED.",openalex,llm,0.990,unreviewed,
discarded,"ASA3P: An automatic and scalable pipeline for the assembly, annotation and higher-level analysis of closely related bacterial isolates",Oliver Schwengers; Andreas Hoek; Moritz Fritzenwanker; Linda Falgenhauer; Torsten Hain; Trinad Chakraborty; Alexander Goesmann,2020,PLoS Computational Biology,10.1371/journal.pcbi.1007134,https://openalex.org/W3009469344,off-topic-false-hit,"Whole genome sequencing of bacteria has become daily routine in many fields. Advances in DNA sequencing technologies and continuously dropping costs have resulted in a tremendous increase in the amounts of available sequence data. However, comprehensive in-depth analysis of the resulting data remains an arduous and time-consuming task. In order to keep pace with these promising but challenging developments and to transform raw data into valuable information, standardized analyses and scalable software tools are needed. Here, we introduce ASA3P, a fully automatic, locally executable and scalable assembly, annotation and analysis pipeline for bacterial genomes. The pipeline automatically executes necessary data processing steps, i.e. quality clipping and assembly of raw sequencing reads, scaffolding of contigs and annotation of the resulting genome sequences. Furthermore, ASA3P conducts comprehensive genome characterizations and analyses, e.g. taxonomic classification, detection of antibiotic resistance genes and identification of virulence factors. All results are presented via an HTML5 user interface providing aggregated information, interactive visualizations and access to intermediate results in standard bioinformatics file formats. We distribute ASA3P in two versions: a locally executable Docker container for small-to-medium-scale projects and an OpenStack based cloud computing version able to automatically create and manage self-scaling compute clusters. Thus, automatic and standardized analysis of hundreds of bacterial genomes becomes feasible within hours. The software and further information is available at: asap.computational.bio.",openalex,llm,0.980,unreviewed,
discarded,Modeling and Analyzing Urban Networks and Amenities With OSMnx,Geoff Boeing,2025,Geographical Analysis,10.1111/gean.70009,https://openalex.org/W4410059844,off-topic-false-hit,"ABSTRACT OSMnx is a Python package for downloading, modeling, analyzing, and visualizing urban networks and any other geospatial features from OpenStreetMap data. A large and growing body of literature uses it to conduct scientific studies across the disciplines of geography, urban planning, transport engineering, computer science, and others. The OSMnx project has recently developed and implemented many new features, modeling capabilities, and analytical methods. The package now encompasses substantially more functionality than was previously documented in the literature. This article introduces OSMnx's modern capabilities, usage, and design—in addition to the scientific theory and logic underlying them. It shares lessons learned in geospatial software development and reflects on open science's implications for urban modeling and analysis.",openalex,llm,0.970,unreviewed,
discarded,Context-aware Recommendations on Rails,Tim Hussein; Werner Gaulke; Timm Linder; Jürgen Ziegler,2009,DuEPublico (University of Duisburg-Essen),,https://openalex.org/W2276264695,off-topic-false-hit,"In this paper, we introduce a framework for modular generation of context-aware recommendations. The components of this framework include context sensors, recommender algorithms and utility modules (converters and filters), all realized as so-called services, which can flexibly be combined in terms of a recommender construction kit. Different areas of an application (e. g. a web portal) thus can be powered by a distinct recommendation-providing service chain. In this way, different recommender techniques can be used in parallel, either separately or combined, with or without incorporating contextual information, which makes it a framework for context-aware, hybrid recommendation generation.",openalex,llm,0.970,unreviewed,
