status,title,authors,year,venue,doi,url,tags,abstract,provider,decision_source,llm_confidence,llm_review_outcome,llm_change_direction
discarded,"Large scale clone detection, analysis, and benchmarking: An evolutionary perspective (Keynote)",Roy C.,2018,2018 IEEE 12th International Workshop on Software Clones Iwsc 2018 Proceedings,10.1109/IWSC.2018.8327311,https://www.scopus.com/inward/record.uri?partnerID=HzOxMe3b&scp=85049674853&origin=inward,adjacent-subtopic,"Copying a code fragment and then reusing it by pasting and adapting (e.g., adding/modifying/deleting statements) is a common practice in software development, which results in a significant amount of duplicated code in software systems. Developers consider cloning as one of the principled re-engineering approaches and often intentionally practice cloning for a variety of reasons such as faster development, avoiding risk by reusing stable old code, or for time pressure. On the other hand, duplicated code poses a number of threats to the maintenance of software systems such as clones are the #1 “bad smell” in Flower's refactoring list and several recent studies including studies with industrial systems show that although for many cases clones are not really harmful, and even could be useful for some cases, they could be also detrimental to software maintenance. For example, reusing a fragment containing unknown bugs may result in bugs propagation, or any changes in requirements involving a cloned fragment may lead to changes to all the similar fragments to it, multiplying the work to be done. Furthermore, inconsistent changes to the cloned fragments during any updating processes may lead to severe unexpected behaviour. Software clones are thus considered to be one of the major contributors to the high software maintenance cost, which could be up to 80% of total software development cost. The era of Big Data has introduced new applications for clone detection. For example, clone detection has been used to find similar mobile applications, to intelligently tag code snippets, to identify code examples, and so on from large inter-project repositories. The dual role of clones in software development and maintenance, along with these many emerging new applications of clone detection, has led to a great many clone detection tools and analysis frameworks. In this keynote talk, I will review the cloning literature to date, in particular, I will talk about our recent work on large scale clone detection, and the challenges in evaluating such clone detectors and how we have overcome them at least in part with our BigCloneBench and Mutation framework. I will then talk about the recent advances in clone analysis and management along with a vision for a comprehensive clone management system.",scopus,human,0.880,human,
kept,Identifying accurate refactoring opportunities using metrics,Bian Y.,2014,Advances in Intelligent Systems and Computing,10.1007/978-81-322-1695-7_17,https://www.scopus.com/inward/record.uri?partnerID=HzOxMe3b&scp=84927537382&origin=inward,adjacent-subtopic,"Cloned code, also known as duplicated code, is among the bad ""code smells.'' Refactoring can be used to remove clones and makes a software system more maintainable. However, there is a problem that causes the output results of the clone code detection tool cannot be directly refactored. The problem is not all the clone groups are suitable for refactoring. To address it, we propose a metric method to identify clone groups that are suitable for refactoring. The results of several large-scale software system studies indicate that our method can significantly increase the accuracy of identifying clone groups that are suitable for refactoring. It is not only beneficial to the following study of refactoring, but also it connects the entire process from clone detection to clone refactoring.",scopus,llm,0.900,unreviewed,
discarded,ImageJ2: ImageJ for the next generation of scientific image data,Curtis Rueden; Johannes Schindelin; Mark Hiner; Barry E. DeZonia; Alison E. Walter; Ellen T. Arena; Kevin W. Eliceiri,2017,BMC Bioinformatics,10.1186/s12859-017-1934-z,https://openalex.org/W2580035316,off-topic-false-hit,"BACKGROUND: ImageJ is an image analysis program extensively used in the biological sciences and beyond. Due to its ease of use, recordable macro language, and extensible plug-in architecture, ImageJ enjoys contributions from non-programmers, amateur programmers, and professional developers alike. Enabling such a diversity of contributors has resulted in a large community that spans the biological and physical sciences. However, a rapidly growing user base, diverging plugin suites, and technical limitations have revealed a clear need for a concerted software engineering effort to support emerging imaging paradigms, to ensure the software's ability to handle the requirements of modern science. RESULTS: We rewrote the entire ImageJ codebase, engineering a redesigned plugin mechanism intended to facilitate extensibility at every level, with the goal of creating a more powerful tool that continues to serve the existing community while addressing a wider range of scientific requirements. This next-generation ImageJ, called ""ImageJ2"" in places where the distinction matters, provides a host of new functionality. It separates concerns, fully decoupling the data model from the user interface. It emphasizes integration with external applications to maximize interoperability. Its robust new plugin framework allows everything from image formats, to scripting languages, to visualization to be extended by the community. The redesigned data model supports arbitrarily large, N-dimensional datasets, which are increasingly common in modern image acquisition. Despite the scope of these changes, backwards compatibility is maintained such that this new functionality can be seamlessly integrated with the classic ImageJ interface, allowing users and developers to migrate to these new methods at their own pace. CONCLUSIONS: Scientific imaging benefits from open-source programs that advance new method development and deployment to a diverse audience. ImageJ has continuously evolved with this idea in mind; however, new and emerging scientific requirements have posed corresponding challenges for ImageJ's development. The described improvements provide a framework engineered for flexibility, intended to support these requirements as well as accommodate future needs. Future efforts will focus on implementing new algorithms in this framework and expanding collaborations with other popular scientific software suites.",openalex,llm,0.950,unreviewed,
discarded,Don't Repeat Yourself! Coarse-Grained Circuit Deduplication to Accelerate RTL Simulation,Haoyuan Wang; Thomas Nijssen; Scott Beamer,2024,,10.1145/3622781.3674184,https://openalex.org/W4409328887,off-topic-false-hit,"Designing a digital integrated circuit requires many register transfer level (RTL) simulations for design, debugging, and especially verification. To cope with the slow speed of RTL simulation, industry frequently uses private server farms to run many simulations in parallel. Surprisingly, the implications of parallel runs of different RTL simulations have not been extensively explored. Moreover, in modern digital hardware, there is a growing trend to replicate components to scale out. However, the potential for circuit deduplication has been mostly overlooked.",openalex,llm,1.000,unreviewed,
discarded,Nanospray Drying: Principle and Food Processing Applications,S. Padma Ishwarya; C. Anandharamakrishnan,2020,Elsevier eBooks,10.1016/b978-0-08-100596-5.22979-x,https://openalex.org/W3008246722,off-topic-false-hit,"Abstract Nanospray drying is a recent advent in the spray drying technology, which facilitates the production of submicron particles and its effective collection. The first part of this chapter explains the significance of food nanoparticles and the limitations of conventional spray drying process. The second section elaborates the design modifications and working principle of the nanospray dryer vis-a-vis conventional spray dryer. A comprehensive discussion is included on the principles of atomization and heating, pattern of hot air flow, design of the spray chamber and the mode of particle collection in a nanospray dryer. The third part of the chapter explains the control and response parameters of nanospray drying. Then, the various food processing applications of nanospray drying have been detailed with pertinent case studies. The final sections highlight the advantages and limitations of nanospray drying and the future scope for improvements in this novel technology.",openalex,llm,1.000,unreviewed,
discarded,ePHoRt: Towards a Reference Architecture for Tele-Rehabilitation Systems,Jorge-Luis Pérez-Medina; Karina Jimenes-Vargas; Louis Leconte; Santiago Villarreal-Narvaez; Yves Rybarczyk; Jean Vanderdonckt,2019,IEEE Access,10.1109/access.2019.2927461,https://openalex.org/W2957811738,off-topic-false-hit,"In recent years, the software applications for medical assistance, including the tele-rehabilitation, have known a high and a continuous presence in the medical area. The ePHoRt is a Web-based platform for the remote home monitoring rehabilitation exercises in patients after hip replacement surgery. It involves a learning phase and a serious game scheme for the execution and evaluation of the exercises as part of a therapeutic program. Modular software architecture is proposed, under the patient perspective, to be used as a reference model for researchers or professionals who wish to carry out tele-rehabilitation platforms, and to guarantee security, flexibility, and scalability. The architecture incorporates two main components. The first one manages the patient' therapeutic programs taking into account two principles: 1) maintain loose coupling between the layers of the framework and 2) Don't Repeat Yourself (DRY). The second one evaluates the performed exercises in real time considering an independent acquisition mechanism for the patient movements and two artificial algorithms. The first algorithm allows evaluating the quality of the movements, while the second one allows assessing the levels of pain intensity by recognizing the patient' emotions when performing the movements. Details of the components and the meta-model of the architecture are presented and discussed considering their advantages and disadvantages.",openalex,human,0.720,human,
discarded,Best Practices for Scientific Computing,Greg Wilson; D. A. Aruliah; C. Titus Brown; Neil Chue Hong; M. Ryleigh Davis; Richard Guy; Steven H. D. Haddock; Kathryn Huff; Ian M. Mitchell; Mark D. Plumbley; B. M. Waugh; Ethan P. White; Paul Wilson,2014,PLoS Biology,10.1371/journal.pbio.1001745,https://openalex.org/W2131966673,off-topic-false-hit,"Scientists spend an increasing amount of time building and using software. However, most scientists are never taught how to do this efficiently. As a result, many are unaware of tools and practices that would allow them to write more reliable and maintainable code with less effort. We describe a set of best practices for scientific software development that have solid foundations in research and experience, and that improve scientists' productivity and the reliability of their software.",openalex,llm,0.880,unreviewed,
discarded,Free and open source software for computational chemistry education,Susi Lehtola; Antti J. Karttunen,2022,Wiley Interdisciplinary Reviews Computational Molecular Science,10.1002/wcms.1610,https://openalex.org/W4220831522,off-topic-false-hit,"Abstract After decades of waiting, computational chemistry for the masses is finally here. Our brief review on free and open source software (FOSS) packages points out the existence of software offering a wide range of functionality, all the way from approximate semiempirical calculations with tight‐binding density functional theory to sophisticated ab initio wave function methods such as coupled‐cluster theory, covering both molecular and solid‐state systems. Combined with the remarkable increase in the computing power of personal devices, which now rivals that of the fastest supercomputers in the world in the 1990s, we demonstrate that a decentralized model for teaching computational chemistry is now possible thanks to FOSS packages, enabling students to perform reasonable modeling on their own computing devices in the bring your own device (BYOD) scheme. FOSS software can be made trivially simple to install and keep up to date, eliminating the need for departmental support, and also enables comprehensive teaching strategies, as various algorithms' actual implementations can be used in teaching. We exemplify what kinds of calculations are feasible with four FOSS electronic structure programs, assuming only extremely modest computational resources, to illustrate how FOSS packages enable decentralized approaches to computational chemistry education within the BYOD scheme. FOSS also has further benefits driving its adoption: the open access to the source code of FOSS packages democratizes the science of computational chemistry, and FOSS packages can be used without limitation also beyond education, in academic and industrial applications, for example. This article is categorized under: Software > Quantum Chemistry",openalex,llm,0.990,unreviewed,
discarded,"Discharge communication practices and healthcare provider and patient preferences, satisfaction and comprehension: A systematic review",Harvey Newnham; Anna Barker; Edward Ritchie; Karen Hitchcock; Harry Gibbs; Sara Holton,2017,International Journal for Quality in Health Care,10.1093/intqhc/mzx121,https://openalex.org/W2751822727,off-topic-false-hit,"PURPOSE: To systematically review the available evidence about hospital discharge communication practices and identify which practices were preferred by patients and healthcare providers, improved patient and provider satisfaction, and increased patients' understanding of their medical condition. DATA SOURCES: OVID Medline, Web of Science, ProQuest, PubMed and CINAHL plus. STUDY SELECTION: Databases were searched for peer-reviewed, English-language papers, published to August 2016, of empirical research using quantitative or qualitative methods. Reference lists in the papers meeting inclusion criteria were searched to identify further papers. DATA EXTRACTION: Of the 3489 articles identified, 30 met inclusion criteria and were reviewed. RESULTS OF DATA SYNTHESIS: Much research to date has focused on the use of printed material and person-based discharge communication methods including verbal instructions (either in person or via telephone calls). Several studies have examined the use of information technology (IT) such as computer-generated and video-based discharge communication practices. Utilizing technology to deliver discharge information is preferred by healthcare providers and patients, and improves patients' understanding of their medical condition and discharge instructions. CONCLUSION: Well-designed IT solutions may improve communication, coordination and retention of information, and lead to improved outcomes for patients, their families, caregivers and primary healthcare providers as well as expediting the task for hospital staff.",openalex,llm,0.990,unreviewed,
discarded,Agile Methodologies in Software Engineering and Web Engineering,Arun Kumar Kamepally; Tejaswini Nalamothu,2016,International Journal of Education and Management Engineering,10.5815/ijeme.2016.05.01,https://openalex.org/W2516335084,off-topic-false-hit,"Agile development methodologies have been gaining their importance in the present scenario. The usage of agile methodologies has been increased over the past few years for the development of software applications. It is a new paradigm transdisplanary research area. This paper helps the researcher to get a better understanding of agile methodologies in both software and web engineering: introduction, adoption, usage and analysis of agile in both streams. The rest of the paper summarizes the differences in adopting agile in software engineering and web engineering and also it explains the limitations of using agile in software engineering and web engineering.",openalex,llm,0.970,unreviewed,
discarded,Selection and use of third-party Software Components: Study of a IT consultancy firm,Martin Syvertsen,2011,BIBSYS Brage (BIBSYS (Norway)),,https://openalex.org/W638912171,off-topic-false-hit,"The use of third party software components is increasing. By looking at developers at a Norwegian IT consultancy firm I find that developers are using components at an individual level and there is no leading agenda that promotes reuse. Developers that are used to finding and using components do so often and with few problems this practice is aiding and improving software development. However the frequency of use is not as high as it could be, either because of limitations of reuse or lack of knowledge and skill on how to find components. By encouraging the use of small software components and proposing simple guidelines on how to do so companies could increase both reuse and the benefits of them.",openalex,llm,0.950,unreviewed,
discarded,Text mining stackoverflow,Arash Joorabchi; Michael English; Abdulhussain E. Mahdi,2016,Journal of Enterprise Information Management,10.1108/jeim-11-2014-0109,https://openalex.org/W2285561519,off-topic-false-hit,"Purpose – The use of social media and in particular community Question Answering (Q & A) websites by learners has increased significantly in recent years. The vast amounts of data posted on these sites provide an opportunity to investigate the topics under discussion and those receiving most attention. The purpose of this paper is to automatically analyse the content of a popular computer programming Q & A website, StackOverflow (SO), determine the exact topics of posted Q & As, and narrow down their categories to help determine subject difficulties of learners. By doing so, the authors have been able to rank identified topics and categories according to their frequencies, and therefore, mark the most asked about subjects and, hence, identify the most difficult and challenging topics commonly faced by learners of computer programming and software development. Design/methodology/approach – In this work the authors have adopted a heuristic research approach combined with a text mining approach to investigate the topics and categories of Q & A posts on the SO website. Almost 186,000 Q & A posts were analysed and their categories refined using Wikipedia as a crowd-sourced classification system. After identifying and counting the occurrence frequency of all the topics and categories, their semantic relationships were established. This data were then presented as a rich graph which could be visualized using graph visualization software such as Gephi. Findings – Reported results and corresponding discussion has given an indication that the insight gained from the process can be further refined and potentially used by instructors, teachers, and educators to pay more attention to and focus on the commonly occurring topics/subjects when designing their course material, delivery, and teaching methods. Research limitations/implications – The proposed approach limits the scope of the analysis to a subset of Q & As which contain one or more links to Wikipedia. Therefore, developing more sophisticated text mining methods capable of analysing a larger portion of available data would improve the accuracy and generalizability of the results. Originality/value – The application of text mining and data analytics technologies in education has created a new interdisciplinary field of research between the education and information sciences, called Educational Data Mining (EDM). The work presented in this paper falls under this field of research; and it is an early attempt at investigating the practical applications of text mining technologies in the area of computer science (CS) education.",openalex,llm,0.980,unreviewed,
discarded,Implementing Federated Governance in Data Mesh Architecture,Anton Dolhopolov; Arnaud Castelltort; Anne Laurent,2024,Future Internet,10.3390/fi16040115,https://openalex.org/W4393353261,off-topic-false-hit,"Analytical data platforms have been used for decades to improve organizational performance. Starting from the data warehouses used primarily for structured data processing, through the data lakes oriented for raw data storage and post-hoc data analyses, to the data lakehouses—a combination of raw storage and business intelligence pre-processing for improving the platform’s efficacy. But in recent years, a new architecture called Data Mesh has emerged. The main promise of this architecture is to remove the barriers between operational and analytical teams in order to boost the overall value extraction from the big data. A number of attempts have been made to formalize and implement it in existing projects. Although being defined as a socio-technical paradigm, data mesh still lacks the technology support to enable its widespread adoption. To overcome this limitation, we propose a new view of the platform requirements alongside the formal governance definition that we believe can help in the successful adoption of the data mesh. It is based on fundamental aspects such as decentralized data domains and federated computational governance. In addition, we also present a blockchain-based implementation of a mesh platform as a practical validation of our theoretical proposal. Overall, this article demonstrates a novel research direction for information system decentralization technologies.",openalex,llm,0.980,unreviewed,
