status,title,authors,year,venue,doi,url,tags,abstract,provider,decision_source,llm_confidence,llm_review_outcome,llm_change_direction
discarded,Genome-wide identification and expression profiling of HSD3B and SDR42E1 genes in the Pacific oyster (Crassostrea gigas): potential associations with gonadal development,Yang J.,2026,Comparative Biochemistry and Physiology Part D Genomics and Proteomics,10.1016/j.cbd.2026.101957,https://www.scopus.com/inward/record.uri?partnerID=HzOxMe3b&scp=105046331665&origin=inward,off-topic-false-hit,"Sex steroids are lipid-soluble signaling molecules that regulate sex differentiation, reproductive development and physiological homeostasis in animals. 3(3-Hydroxysteroid dehydrogenase/Delta 5-Delta 4 isomerase (3(3-HSD) is a key steroidogenic enzyme, whereas SDR42E1, an extended short-chain dehydrogenase/reductase, has been implicated in sterol-and steroid-related metabolism. However, the composition, evolutionary relationships and expression patterns of the HSD3B-and SDR42E1-related genes in bivalve gonadal development remain poorly characterized. In this study, five PF01073-containing genes, comprising three CgHsd3b and two CgSdr42e1 genes, were identified in the Pacific oyster Crassostrea gigas. Phylogenetic analysis separated the proteins into HSD3B-related and SDR42E1-related groups, and gene-structure and motif analyses indicated subfamily-level divergence. All five proteins retained the SDR domain but differed in exon-intron structure and motif composition. Each contained the extended-SDR TGxxGxxG motif, whereas exact classical [ST]GxxxGxG and NNAG motifs were absent. Tyr-and Lys-equivalent residues were conserved, while the HSD3B1 Ser-equivalent position contained Thr in two C. gigas proteins and Ser in one. These features support their classification as extended-SDR proteins but do not establish enzymatic activity or substrate specificity. The three CgHsd3b genes were dispersed on one chromosome, whereas CgSdr42e1-1 and CgSdr42e1-2 were adjacent on another chromosome, suggesting a possible local duplication event for the CgSdr42e1 pair. Public RNA-seq data showed distinct tissue-and gonadal-stage expression patterns, with several genes displaying gonad-biased or female-stage-associated expression. Independent RT-qPCR profiling of the representative genes CgHsd3b-3 and CgSdr42e1-1 detected stage-dependent expression, although tissue rankings differed from those in the public RNA-seq datasets. These differences may reflect the use of independent biological samples, tissue composition, normalization procedures, and platform-specific measurements. Because enzymatic assays, metabolite measurements, cellular localization, and functional perturbation were not performed, the results identify candidate genes whose expression is associated with gonadal development rather than demonstrating regulatory roles. This study provides a comparative framework for future functional investigation of sterol-and steroid-related metabolism in bivalves.","dblp, openalex, scopus, ieee",llm,0.990,unreviewed,
discarded,"Refined chloroplast annotations, repeat profiles, and phylogenomic evidence reveal maternal lineage shifts and independent evolution in the Triticum-Aegilops complex",Kadam S.K.,2026,BMC Plant Biology,10.1186/s12870-025-08093-2,https://www.scopus.com/inward/record.uri?partnerID=HzOxMe3b&scp=105029500662&origin=inward,off-topic-false-hit,"The Triticum-Aegilops complex has a complex reticulate evolutionary history shaped by multiple hybridization and polyploidization events. While nuclear genome relationships have been extensively explored, the maternal inheritance patterns embedded in chloroplast genomes remain unresolved. This study aims to elucidate the maternal lineage dynamics using comparative chloroplast genomics across key Triticum and Aegilops species. We assembled complete chloroplast genomes of three Triticum aestivum cultivars (Keumkang, Saekeumkang, and Olgeuru) and curated a dataset of 20 chloroplast genomes from 15 Triticum and Aegilops species. Annotation refinement revealed conserved gene content and structural stability, with lineage-specific SSR motifs AAAAT/ATTTT and AATAG/ATTCT supporting a maternal contribution of Aegilops speltoides to polyploid wheats. Phylogenetic and SNP-PCA analyses consistently clustered B and G genome-bearing taxa, reinforcing A. speltoides as the maternal donor in these lineages. In contrast, Aegilops tauschii formed a distinct clade and clustered near other Aegilops, suggesting an independent chloroplast origin of the D genome, potentially involving A. mutica as a maternal ancestor. Repeat profiles, codon usage patterns, and selective pressure analyses further underscored the evolutionary conservation and lineage specificity of chloroplast genomes within the complex. Comparative genomics and mVISTA alignments identified several hypervariable regions, such as trnK-rps16 and rpl32-trnL, as potential markers. Codon usage analysis showed strong bias toward A/U-ending codons, and neutrality and ENc-GC3 plots indicated natural selection as the dominant force shaping codon usage. Our findings provide strong evidence for maternal lineage continuity in B/G genome lineages via A. speltoides, while supporting a distinct chloroplast origin for the D genome lineage. This highlights the role of chloroplast genomics in resolving wheat evolutionary history and supports alternative models involving A. mutica in D genome evolution.","dblp, openalex, scopus, ieee",llm,0.990,unreviewed,
discarded,Identification of the BCO gene family and its effect on body coloration in Lutjanus erythropterus,Lai Z.,2026,Functional and Integrative Genomics,10.1007/s10142-026-01985-y,https://www.scopus.com/inward/record.uri?partnerID=HzOxMe3b&scp=105046206394&origin=inward,off-topic-false-hit,"The beta-carotene oxygenase (BCO) gene family plays a key role in carotenoid metabolism, which is closely linked to body color formation in teleosts. However, its function in Lutjanus erythropterus remains unclear. Here, we identified four BCO gene family members in the genome and characterized their evolutionary conservation, tissue-specific expression, and potential roles in pigmentation. Tissue expression profiling revealed high expression of all BCO genes in the heart, with Bco1, Bco1l, and Bco2l also highly expressed in the intestine and liver. Developmental stage analysis showed that Bco1 maintained relatively high expression around hatching, and all genes peaked at 3 days post-hatching (dph). In differently colored skin at 45 dph, Bco1 showed the highest expression in white skin, whereas Bco2b expression in black skin was approximately twice that in yellow and white skin. Astaxanthin feeding upregulated BCO expression in multiple tissues. Under different background culture conditions, Bco1 and Bco2b exhibited similar expression patterns, which followed a trend similar to total carotenoid content. These findings indicate a correlation between BCO gene expression and the body color of L. erythropterus, suggesting that these genes may serve as candidate genes potentially involved in body color formation in this species.","dblp, openalex, scopus, ieee",llm,0.990,unreviewed,
discarded,Evolutionary conservation of heat shock proteins in Blattodea and their roles in wing morphogenesis and ovarian development of Blattella germanica,Shi Z.,2026,Comparative Biochemistry and Physiology Part D Genomics and Proteomics,10.1016/j.cbd.2026.101890,https://www.scopus.com/inward/record.uri?partnerID=HzOxMe3b&scp=105040517382&origin=inward,off-topic-false-hit,"Heat shock proteins (Hsps) are essential molecular chaperones for protein homeostasis and stress responses. However, the Hsp repertoires and functions in Blattodea remain underexplored. Our genome-scale survey of nine Blattodea species revealed 37-46 conserved Hsp90, Hsp70, and DNAJ (Hsp40) genes, with DNAJ the most abundant and Hsp90 the least. Phylogenetic analysis confirmed the evolutionary conservation of three Hsp90, seven Hsp70, and 29 DNAJ subclades in Blattodea. Selection pressure analysis revealed predominant purifying selection (dN/dS ≪ 1) across lineages, strongest in DNAJ and highest in Hsp90 conservation. In Blattella germanica, expression of six representative BgHsp genes progressively increased during development, peaking in fifth-instar nymphs. Tissue expression profiling revealed that BgHspA1-2/3/4 were predominantly expressed in legs, BgDNAJB5 and BgHsp90AB1-2 were enriched in the fat body, and BgHsp90AB1 was highly expressed in the head. dsRNA injection targeting conserved Hsp gene regions achieved 61.9-94.1% knockdown of all six target genes. RNAi knockdown of six BgHsp genes disrupted wing morphogenesis, causing distinct phenotypes: wing whitening (56.7%, dsBgHspA1-4), unequal length (66.7%, dsBgHspA1-3; 76.7%, dsBgDNAJB5), and wing wrinkling (70%, dsBgHspA1-2; 63.3%, dsBgHsp90AB1; 76.7%, dsBgHsp90AB1-2). During ovarian formation, the developmental delay was most severe in the dsBgHsp90AB1 group, moderate in the dsBgHsp90AB1-2 and dsBgHspA1-2/3/4 groups, and weakest in the dsBgDNAJB5 group. Besides, knockdown significantly downregulated key developmental genes (apterous-a, nubbin, scalloped, ultrabithorax, wingless, and vitellogenin). These findings provide a reference for understanding the evolutionary patterns of Hsps in Blattodea, and offer mechanistic insights into the developmental regulation mediated by Hsps in this important public-health pest.","dblp, openalex, scopus, ieee",llm,0.990,unreviewed,
discarded,Genome-wide analysis of the pleiotropic drug resistance (PDR) gene family and putative PDR specific miRNAs: deciphering their functions in development processes and varied stresses in Triticum aestivum L.,Kesawat M.S.,2026,BMC Genomics,10.1186/s12864-026-12537-w,https://www.scopus.com/inward/record.uri?partnerID=HzOxMe3b&scp=105028928321&origin=inward,off-topic-false-hit,"The pleiotropic drug resistance (PDR) transporter stands out as one of the largest subfamilies within ABC transporters. These transporters play crucial roles in a multitude of biological processes, including detoxification, phytohormone transportation, stomatal movement, the translocation of various secondary metabolites, tolerance to heavy metal and adaptation to the diverse stress conditions. However, the structural and functional characterization of PDR gene family members in wheat has yet to be fully elucidated. In this investigation, we identified 66 TaPDR genes in the genome of wheat. The subsequent phylogenetic tree revealed that the genes clustered into four subfamilies. Chromosomal mapping unveiled the dispersal of 66 TaPDR genes across 17 wheat chromosomes. The twenty-two pairs of duplicated gene were identified in the PDR family. Ka/Ks ratio revealed that 22 duplicated TaPDR genes went through purifying selection. It was noted that the TaPDR genes displayed significant diversity in their gene structures. In addition, the presence of numerous cis-regulatory elements in the promoter regions of the TaPDR genes were identified. Differential expression patterns were observed among TaPDR family members across various tissues and in response to multiple stress conditions. Moreover, this investigation explored the miRNAs targeting TaPDR genes and their expression profiles in various tissues. Thus, the results of this study establish a strong basis for further investigation of the functions of TaPDR genes across different tissues, developmental stages, phytohormone responses, and diverse stress in wheat.","dblp, openalex, scopus, ieee",llm,0.990,unreviewed,
discarded,"Genome-wide identification and immunological expression analysis of the C3HC4-type zinc finger protein genes in the silkworm, Bombyx Mori",Liu J.,2026,BMC Genomics,10.1186/s12864-026-12605-1,https://www.scopus.com/inward/record.uri?partnerID=HzOxMe3b&scp=105035427354&origin=inward,off-topic-false-hit,"The ubiquitous C3HC4 nucleic acid-binding motif is widely distributed across diverse organisms. C3HC4-type RING finger genes constitute a large family and are essential for plant development as well as responses to biotic and abiotic stress. Zinc finger protein domains exhibit considerable variation, indicating that most proteins have unique binding sites and functions. However, the binding sites and functions of most C3HC4-ZF proteins are still largely unknown. In this study, 32 C3HC4 genes were identified in the silkworm (B. mori). Phylogenetic analysis showed that C3HC4-ZF protein genes in the silkworm can be grouped into four main clusters, with the 32 genes distributed across 18 chromosomes. Tissue-specific expression patterns were observed for some C3HC4-ZF protein genes in larval tissues of silkworms. Notably, several C3HC4-ZF genes were found to be expressed explicitly during silk gland development. Four genes—BMZFPC3HC43, BMZFPC3HC411, BMZFPC3HC413, and BMZFPC3HC417 were selected for real-time quantitative PCR analysis in the silk gland. The results showed distinct expression patterns among these genes. Additionally, given the high expression of C3HC4 zinc finger protein genes in the fat body, qRT-PCR was performed to investigate the expression profiles of six C3HC4-ZF genes in the fat body after exposure to pathogenic microorganisms. The results indicated significant differences in their expression patterns, suggesting a potential role in the immune response. These findings provide a foundation for further functional studies of C3HC4-ZF genes in Lepidoptera insects. Moreover, the results offer valuable insights into the molecular mechanisms underlying silk gland development and immunity in the silkworm. Supplementary Information The online version contains supplementary material available at 10.1186/s12864-026-12605-1.","dblp, openalex, scopus, ieee",llm,0.990,unreviewed,
discarded,Invasion dynamics of the disease vector Aedes japonicus in Spain,Lucati F.,2026,Scientific Reports,10.1038/s41598-026-49121-x,https://www.scopus.com/inward/record.uri?partnerID=HzOxMe3b&scp=105043831397&origin=inward,off-topic-false-hit,"Native to East Asia, the Asian bush mosquito (Aedes japonicus) has recently expanded its global range, with established invasive populations in Europe and North America. Given its potential role as a vector of various arboviruses, understanding its invasion process and ecological dynamics is crucial for managing its spread and mitigating public health risks. In the Iberian Peninsula, the species was first detected in Asturias in 2018 and has since expanded to neighbouring regions. Here, we elucidate the invasion pathways and possible origins of Ae. japonicus populations in Spain using sequence data and microsatellite markers, and by screening for the presence of maternally transmitted bacteria of the genus Wolbachia. We analysed 635 Ae. japonicus from 14 countries, including Japan (native range), the United States, and 12 European countries. No clear association between haplotypes and geographical location was detected in any of the three genes analysed (nuclear ITS2, mitochondrial COI and ND4). Wolbachia was not detected in any of the screened samples. In contrast, microsatellite-based population structure analyses showed that most Spanish samples clustered closely with those from College Park, Maryland (USA), located near the Port of Baltimore, one of the largest ports in the United States and a recognised gateway for invasive species introductions. Northern Spain hosts major seaports such as Bilbao and Gijón, whereas the nearest established Ae. japonicus population in Europe lies over 1,000 km away in northeastern France. Taken together, these findings suggest that the most plausible invasion route of Ae. japonicus into Spain involves maritime transport from the eastern coast of the United States to northern Spanish ports, likely accompanied by additional minor introductions of European origin. The inclusion of additional microsatellite loci originally developed for Ae. albopictus yielded results consistent with those obtained using Ae. japonicus-specific loci, reinforcing the robustness of the observed patterns. This work provides new insights into the invasion process of Ae. japonicus in Europe and highlights the need for continuous monitoring and tailored interventions at key ports of entry.","dblp, openalex, scopus, ieee",llm,0.990,unreviewed,
discarded,Genome-wide integrative dissection of genetic basis of fiber color and whiteness regulation in upland cotton (Gossypium hirsutum),Khalid S.,2026,BMC Biology,10.1186/s12915-026-02662-z,https://www.scopus.com/inward/record.uri?partnerID=HzOxMe3b&scp=105047560721&origin=inward,off-topic-false-hit,"Naturally colored cotton has gained renewed interest due to increasing environmental concerns over synthetic dyes. The genetic regulatory characteristics of fiber color are discovered by two perspectives in this study. Genome-wide association studies (GWAS) identified two major loci D11: 24.3–24.7 Mb and A07: 20.4–22.3 Mb controlling fiber color variation. Integrative QTL mapping and transcriptome profiling revealed three candidate genes Gh_D11G208100, Gh_D11G207100, and Gh_D11G207600 with distinct expression profiles in fiber whiteness on D11. In contrast, the A07 locus harbors key transcription regulators TT2, C1, and bHLH82 which are implicated in flavonoid-mediated brown pigmentation along with differentially expressed genes, Gh_A07G015400, Gh_A07G019500, and Gh_A07G019400, further supporting their potential role in regulating fiber pigmentation. Segregation analysis of fiber color across three different F2 populations revealed three gene models. The W1_W2_loci were proposed to determine fiber whiteness located on D11 chromosome, while the fiber color gene locus Lb_ determined by genetic analysis is related to the key locus for transcription regulators TT2 on the A07 chromosome. The interaction of these three genes controls fiber color. Inheritance patterns were consistent pigment loss and a graded dilution model for pigmented phenotypes, with stable extreme classes white and near white, whereas intermediate pigmentation classes shifted between populations. We also identified overlapping QTLs of fiber quality and color attributes, indicating strongly linked genetic mechanisms. This integrated analysis supports a model of coordinated regulation, where transcriptional control from A07 influences pigment biosynthesis, while D11 modulates fiber surface or secondary metabolism to fine tune color intensity and whiteness.","dblp, openalex, scopus, ieee",llm,0.990,unreviewed,
discarded,Rator: detecting fine-grained semantic code clones using tree encoding based on node degrees of freedom,Zhang Y.,2026,Cybersecurity,10.1186/s42400-025-00456-4,https://www.scopus.com/inward/record.uri?partnerID=HzOxMe3b&scp=105032361887&origin=inward,adjacent-subtopic,"Code clone detection has garnered significant attention across various fields, including code refactoring, plagiarism detection, and software maintenance. Numerous methods have been proposed for detecting code clones; however, while text-based and token-based approaches are scalable, they often fail to consider code semantics and are unable to effectively handle semantic code clones. Although tree-based methods perform well in semantic code clone detection, they are limited by the complex structure of trees, making it challenging to apply to large-scale clone detection. Moreover, these methods struggle to achieve fine-grained semantic code clone detection, lacking the ability to pinpoint specific code blocks within semantic clones. In this paper, we propose Rator, a tree-based code clone detector that combines scalability and fine-grained analysis capabilities while effectively detecting semantic clones. Specifically, we design a tree encoding method based on node degrees of freedom, which can transform complex tree structures into simple vector representations while preserving the structural details of the tree. In this way, we can encode all the subtrees of the abstract syntax tree into separate sets of vectors and derive similar features by calculating the similarity between these vectors. The derived similar features serve dual purposes: firstly, they are employed to train a machine learning-based code clone detector, and then, by analyzing the subtree types corresponding to the feature values, specific clone code blocks can be precisely located, thus achieving fine-grained code clone detection. Experimental results show that Rator outperforms nine state-of-the-art code clone detectors with F1 scores of 0.99 and 0.91 on BigCloneBench and Google Code Jam datasets, respectively. As for scalability, Rator is about 93 times faster than ASTNN, another state-of-the-art tree-based semantic clone detector. Regarding fine-grained detection, Rator correctly identifies the concrete clone block with a Top-3 ranked list. Furthermore, the accuracy of fine-grained detection on the Google Code Jam dataset is up to 100% with a Top-2 ranked list.","dblp, openalex, scopus, ieee",llm,0.980,unreviewed,
