status,title,authors,year,venue,doi,url,tags,abstract,provider,decision_source,llm_confidence,llm_review_outcome,llm_change_direction
kept,Unraveling Code Clone Dynamics in Deep Learning Frameworks,Assi M.,2025,ACM Transactions on Software Engineering and Methodology,10.1145/3721125,https://www.scopus.com/inward/record.uri?partnerID=HzOxMe3b&scp=105019646620&origin=inward,supports-claim,"Deep Learning (DL) frameworks play a critical role in advancing AI, and their rapid growth underscores the need for a comprehensive understanding of software quality and maintainability. DL frameworks, like other systems, are prone to code clones. Code clones refer to identical or highly similar source code fragments within the same project or even across different projects. Code cloning can have positive and negative implications for software development, influencing maintenance, readability, and bug propagation. While the existing studies focus on studying clones in DL-based applications, to our knowledge, no work has been done investigating clones, their evolution, and their impact on the maintenance of DL frameworks. In this article, we aim to address the knowledge gap concerning the evolutionary dimension of code clones in DL frameworks and the extent of code reuse across these frameworks. We empirically analyze code clones in nine popular DL frameworks, i.e., TensorFlow, Paddle, PyTorch, Aesara, Ray, MXNet, Keras, Jax, and BentoML, to investigate (1) the characteristics of the long-term code cloning evolution over releases in each framework, (2) the short-term, i.e., within-release, code cloning patterns and their influence on the long-term trends, and (3) the file-level code clones within the DL frameworks. Our findings reveal that DL frameworks adopt four distinct cloning trends: “Serpentine,” “Rise and Fall,” “Decreasing,” and “Stable” and that these trends present some common and distinct characteristics. For instance, bug-fixing activities persistently happen in clones irrespective of the clone evolutionary trend but occur more in the “Serpentine” trend. Moreover, the within-release level investigation demonstrates that short-term code cloning practices impact long-term cloning trends. The cross-framework code clone investigation reveals the presence of functional and architectural adaptation file-level cross-framework code clones across the nine studied frameworks. We provide insights that foster robust clone practices and collaborative maintenance in the development of DL frameworks.",scopus,llm,0.880,unreviewed,
discarded,BASSET: Enhancing Binary Code Clone Searching through Multi-Level Hybrid Semantic Indexing,Zhao Y.,2025,Proceedings 2025 55th Annual IEEE IFIP International Conference on Dependable Systems and Networks Dsn 2025,10.1109/DSN64029.2025.00020,https://www.scopus.com/inward/record.uri?partnerID=HzOxMe3b&scp=105011815358&origin=inward,adjacent-subtopic,"Binary code search is critical for applications such as plagiarism detection and security analysis, but it is challenging due to compiler-induced transformations at different optimization levels. Existing function similarity methods often fail in large-scale search scenarios, particularly pairwise approaches that struggle with scalability. To address this, we propose BASSET, a novel framework that leverages multilevel hybrid semantic features for efficient large-scale binary function clone search. BASSET decomposes functions into five semantic units and applies various embedding strategies to generate indexing vectors for similarity measurement. Notably, it integrates an expression tree-based representation to capture robust features across compiler optimization levels. By utilizing a learning-to-rank approach with convolutional neural networks, BASSET combines similarity scores from different semantic units to generate a final ranking. Experimental results show that BASSET outperforms existing methods, achieving an AUC of 0.992, an nDCG@10 of 0.853, and a stable MRR of 59%, even as the search space grows.",scopus,llm,0.990,unreviewed,
discarded,Misactivation-Aware Stealthy Backdoor Attacks on Neural Code Understanding Models,Sun X.,2025,IEEE Transactions on Software Engineering,10.1109/TSE.2025.3614128,https://www.scopus.com/inward/record.uri?partnerID=HzOxMe3b&scp=105017745992&origin=inward,off-topic-false-hit,"Neural code models (NCMs) play a crucial role in helping developers solve code understanding tasks. Recent studies have exposed that NCMs are vulnerable to several security threats, among which backdoor attack is one of the toughest. It is usually achieved through data poisoning. Specifically, backdoored NCMs work normally on the clean example but produce attacker-expected output on the example injected with backdoor triggers. However, existing backdoor attacks against NCMs face two significant drawbacks: 1) lack of stealthiness, that is trigger tokens are easily detected by defense techniques/humans when they appear in excessive numbers; 2) damage to the model’s normal performance, that is partial trigger tokens may frequently appear as benign features in the clean samples, resulting in clean samples containing them may falsely activate the backdoor. To address these drawbacks, we propose a misactivation-aware stealthy backdoor attack against NCMs through data poisoning called MisNCM. MisNCM features target-biased trigger generation, thus achieving stealthy backdoor attacks. Moreover, we utilize misactivation-aware data poisoning to create calibration samples with partial trigger tokens to reduce false activations and ensure the regular performance of the model. We conduct comprehensive experiments to evaluate the effectiveness of MisNCM in attacking NCMs used for three code understanding tasks: defect detection, clone detection, and authorship attribution. The experimental results demonstrate that the triggers generated by MisNCM achieve an average attack success rate increase of 12.67% over IR and 8.38% over AFRAIDOOR. Furthermore, MisNCM achieves a 3.64% improvement in F1 score on the code clone detection task, and an average of 5.91% improvement in accuracy on the defect detection and authorship attribution tasks, compared with the two baselines.",scopus,llm,0.980,unreviewed,
discarded,Detecting Malicious Android Game Applications on Third-Party Stores Using Machine Learning,Sanamontre T.,2024,Lecture Notes on Data Engineering and Communications Technologies,10.1007/978-3-031-57916-5_21,https://www.scopus.com/inward/record.uri?partnerID=HzOxMe3b&scp=85191327710&origin=inward,adjacent-subtopic,"Due to Android's flexibility in installing applications, it is one of the most popular mobile operating systems. Some Android users install applications from third-party stores even though they have the official application store, Google Play. These third-party stores usually have themodversion and the self-proclaimed original applications, which can be repackaged applications. Applications on these third-party stores can introduce security risks because of the non-transparent alteration and uploading processes. In this research, we inspect 492 Android applications from ten third-party stores for repackaged applications using information of APK files and a token-based code clone detection technique. We also classify repackaged applications as benign or malicious and categorize malicious applications into twelve malware categories. For the malware classification, we use machine learning techniques, including Random Forest, Decision Tree, and XGBoost, with the CCCS-CIC-AndMal-2020 Android malware dataset. Finally, we compare the results with VirusTotal, a well-known malware scanning website.",scopus,llm,0.940,unreviewed,
discarded,CONCORD: Clone-Aware Contrastive Learning for Source Code,Ding Y.,2023,Issta 2023 Proceedings of the 32nd ACM SIGSOFT International Symposium on Software Testing and Analysis,10.1145/3597926.3598035,https://www.scopus.com/inward/record.uri?partnerID=HzOxMe3b&scp=85167691404&origin=inward,adjacent-subtopic,"Deep Learning (DL) models to analyze source code have shown immense promise during the past few years. More recently, self-supervised pre-training has gained traction for learning generic code representations valuable for many downstream SE tasks, such as clone and bug detection. While previous work successfully learned from different code abstractions (e.g., token, AST, graph), we argue that it is also essential to factor in how developers code day-to-day for learning general-purpose representation. On the one hand, human developers tend to write repetitive programs referencing existing code snippets from the current codebase or online resources (e.g., Stack Overflow website) rather than implementing functions from scratch; such behaviors result in a vast number of code clones. In contrast, a deviant clone by mistake might trigger malicious program behaviors. Thus, as a proxy to incorporate developers' coding behavior into the pre-training scheme, we propose to include code clones and their deviants. In particular, we propose CONCORD, a self-supervised pre-training strategy to place benign clones closer in the representation space while moving deviants further apart. We show that CONCORD's clone-aware pre-training drastically reduces the need for expensive pre-training resources while improving the performance of downstream SE tasks. We also empirically demonstrate that CONCORD can improve existing pre-trained models to learn better representations that consequently become more efficient in both identifying semantically equivalent programs and differentiating buggy from non-buggy code.",scopus,llm,0.950,unreviewed,
discarded,Towards Learning Generalizable Code Embeddings Using Task-agnostic Graph Convolutional Networks,Ding Z.,2023,ACM Transactions on Software Engineering and Methodology,10.1145/3542944,https://www.scopus.com/inward/record.uri?partnerID=HzOxMe3b&scp=85153731394&origin=inward,adjacent-subtopic,"Code embeddings have seen increasing applications in software engineering (SE) research and practice recently. Despite the advances in embedding techniques applied in SE research, one of the main challenges is their generalizability. A recent study finds that code embeddings may not be readily leveraged for the downstream tasks that the embeddings are not particularly trained for. Therefore, in this article, we propose GraphCodeVec, which represents the source code as graphs and leverages the Graph Convolutional Networks to learn more generalizable code embeddings in a task-agnostic manner. The edges in the graph representation are automatically constructed from the paths in the abstract syntax trees, and the nodes from the tokens in the source code. To evaluate the effectiveness of GraphCodeVec , we consider three downstream benchmark tasks (i.e., code comment generation, code authorship identification, and code clones detection) that are used in a prior benchmarking of code embeddings and add three new downstream tasks (i.e., source code classification, logging statements prediction, and software defect prediction), resulting in a total of six downstream tasks that are considered in our evaluation. For each downstream task, we apply the embeddings learned by GraphCodeVec and the embeddings learned from four baseline approaches and compare their respective performance. We find that GraphCodeVec outperforms all the baselines in five out of the six downstream tasks, and its performance is relatively stable across different tasks and datasets. In addition, we perform ablation experiments to understand the impacts of the training context (i.e., the graph context extracted from the abstract syntax trees) and the training model (i.e., the Graph Convolutional Networks) on the effectiveness of the generated embeddings. The results show that both the graph context and the Graph Convolutional Networks can benefit GraphCodeVec in producing high-quality embeddings for the downstream tasks, while the improvement by Graph Convolutional Networks is more robust across different downstream tasks and datasets. Our findings suggest that future research and practice may consider using graph-based deep learning methods to capture the structural information of the source code for SE tasks.",scopus,llm,0.980,unreviewed,
discarded,Towards Learning (Dis)-Similarity of Source Code from Program Contrasts,Ding Y.,2022,Proceedings of the Annual Meeting of the Association for Computational Linguistics,10.18653/v1/2022.acl-long.436,https://www.scopus.com/inward/record.uri?partnerID=HzOxMe3b&scp=85141267467&origin=inward,adjacent-subtopic,"Understanding the functional (dis)-similarity of source code is significant for code modeling tasks such as software vulnerability and code clone detection. We present DISCO (DIS-similarity of COde), a novel self-supervised model focusing on identifying (dis)similar functionalities of source code. Different from existing works, our approach does not require a huge amount of randomly collected datasets. Rather, we design structure-guided code transformation algorithms to generate synthetic code clones and inject real-world security bugs, augmenting the collected datasets in a targeted way. We propose to pre-train the Transformer model with such automatically generated program contrasts to better identify similar code in the wild and differentiate vulnerable programs from benign ones. To better capture the structural features of source code, we propose a new cloze objective to encode the local tree-based context (e.g., parents or sibling nodes). We pre-train our model with a much smaller dataset, the size of which is only 5% of the state-of-the-art models’ training datasets, to illustrate the effectiveness of our data augmentation and the pre-training approach. The evaluation shows that, even with much less data, DISCO can still outperform the state-of-the-art models in vulnerability and code clone detection tasks.",scopus,llm,0.990,unreviewed,
kept,"Assessing Code Clone Harmfulness: Indicators, Factors, and Counter Measures",Hu B.,2021,Proceedings 2021 IEEE International Conference on Software Analysis Evolution and Reengineering Saner 2021,10.1109/SANER50967.2021.00029,https://www.scopus.com/inward/record.uri?partnerID=HzOxMe3b&scp=85106561277&origin=inward,supports-claim,"Code clones are identical or similar code in software projects. On one hand, developers clone code to achieve higher productivity and thus clones inherently exist; on the other hand, code clones demand extra effort to maintain the consistency between clone instances and may introduce bugs, and thus are often considered harmful for software maintenance and quality. We believe that not all code clones have the same level of harmfulness. A systematic way of assessing the harmfulness level of cloned code would facilitate informed decisions on how to deal with clones. We propose a model for clone harmfulness level assessment with four quantitative indicators that can be extracted from the evolution history of the clones. Specifically, we gather information, such as code clone changes and bug- fixes related to clone divergence and re-synchronization, to find objective evidence that a clone harms the software quality or brings potential risks even if no bugs are found. The assessment model consists of four harmfulness levels of clones determined by the four indicators. We also derive three harmfulness factors from the intrinsic properties of clones that potentially affect the harmfulness of clones. We conduct a large-scale empirical study with five open-source and three industry systems and find that 61.0-84.7% of the clones are not harmful in terms of consistent maintenance overhead. We find evidence in the evolution history that several factors, such as spread of clone instances, number of clone instances, and number of developers, have non-trivial correlation with clone harmfulness levels. We also propose six counter measures for clone harmfulness mitigation based on the observation of the harmfulness factors, and have collected useful feedback from industrial software architects and senior developers through an interview meeting.",scopus,llm,0.960,unreviewed,
discarded,DroidMD: An efficient and scalable Android malware detection approach at source code level,Akram J.,2021,International Journal of Information and Computer Security,10.1504/IJICS.2021.116310,https://www.scopus.com/inward/record.uri?partnerID=HzOxMe3b&scp=85111105890&origin=inward,off-topic-false-hit,"Security researchers and anti-virus industries have speckled stress on an Android malware, which can actually damage your phones and threatens the Android markets. In this paper, we propose and develop DroidMD, a scalable self-improvement based tool, based on auto optimisation of signature set, which detect malicious apps in the market at source code level. A prototype has been developed tested and implemented to detect malware in applications. We implement and evaluate our approach on almost 30,000 applications including 27,000 benign and 3,670 malware applications. DroidMD detects malware in different applications at partial level and full level. It analyses only the applications code, which increase its reliability. Our evaluation of DroidMD demonstrates that our approach is very efficient in detecting malware at large scale with high accuracy of 95.5%.",scopus,llm,0.990,unreviewed,
discarded,Clone Notifier: Developing and Improving the System to Notify Changes of Code Clones,Tokui S.,2020,Saner 2020 Proceedings of the 2020 IEEE 27th International Conference on Software Analysis Evolution and Reengineering,10.1109/SANER48275.2020.9054793,https://www.scopus.com/inward/record.uri?partnerID=HzOxMe3b&scp=85083588566&origin=inward,adjacent-subtopic,"A code clone is a code fragment that is identical or similar to it in the source code. It has been identified as one of the main problems in software maintenance. When a developer fixes a defect, they need to find the code clones corresponding to the code fragments. In this paper, we present Clone Notifier, a system that alerts on creations and changes of code clones to software developers. First, Clone Notifier identifies creations and changes of code clones. Subsequently, it groups them into four categories (new, deleted, changed, stable) and assigns labels (e.g., consistent, inconsistent) to them. Finally, it notifies on creations and changes of code clones along with the corresponding categories and labels. Clone Notifier and its video are available at: https://github.com/s-tokui/CloneNotifier.",scopus,llm,0.950,unreviewed,
discarded,DroidClone: Attack of the android malware clones - a step towards stopping them?,Alam S.,2020,Computer Science and Information Systems,10.2298/CSIS200330035A,https://www.scopus.com/inward/record.uri?partnerID=HzOxMe3b&scp=85100526648&origin=inward,adjacent-subtopic,"Code clones are frequent in use because they can be created fast with little effort and expense. Especially for malware writers, it is easier to create a clone of the original than writing a new malware. According to the recent Symantec threat reports, Android continues to be the most targeted mobile platform, and the number of new mobile malware clones grew by 54%. There is a need to develop techniques and tools to stop this attack of Android malware clones. To stop this attack, we propose DroidClone that exposes code clones (segments of code that are similar) in Android applications to help detect malware. DroidClone is the first such effort uses specific control flow patterns for reducing the effect of obfuscations and detect clones that are syntactically different but semantically similar up to a threshold. DroidClone is independent of the programming language of the code clones. When evaluated with real malware and benign Android applications, DroidClone obtained a detection rate of 94.2% and false positive rate of 5.6%. DroidClone, when tested against various obfuscations, was able to successfully provide resistance against all the trivial (Renaming methods, parameters, and nop insertion, etc) and some non-trivial (Call graph manipulation and function indirection, etc.) obfuscations.",scopus,llm,0.970,unreviewed,
discarded,Robust app clone detection based on similarity of UI structure,Hu Y.,2020,IEEE Access,10.1109/ACCESS.2020.2988400,https://www.scopus.com/inward/record.uri?partnerID=HzOxMe3b&scp=85084828890&origin=inward,adjacent-subtopic,"App clone is a serious threat to the mobile app ecosystem, which not only damages the benefits of original developers, but also contributes to spreading malware. App clone detection has received extensive attentions from our research community, and a number of approaches were proposed, which mainly rely on code or visual similarity of the apps. However, the tricky plagiarists in the wild may specifically modify the code or the content of User Interface (UI), which will lead to the ineffectiveness of current methods. In this paper, we propose a robust app clone detection method based on the similarity of UI structure. The key idea behind our approach is based on the finding that content features (e.g., background color) are more likely to be modified by plagiarists, while structure features (e.g., overall hierarchy structure, widget hierarchy structure) are relative stable, which could be used to detect different levels of clone attacks. Experiment results on a labeled benchmark of 4,720 similar app pairs show that our approach could achieve an accuracy of 99.6%. Compare with existing approaches, our approach works in practice with high effectiveness. We have implemented a prototype system and applied it to more than 404,650 app pairs, and we found 1,037 app clone pairs, most of them are piggybacking apps that introduced malicious payloads.",scopus,llm,0.980,unreviewed,
