status,title,authors,year,venue,doi,url,tags,abstract,provider,decision_source,llm_confidence,llm_review_outcome,llm_change_direction
discarded,Reengineering analysis of object-oriented systems via duplication analysis,Fioravanti F.,2001,Proceedings International Conference on Software Engineering,10.1109/ICSE.2001.919132,https://www.scopus.com/inward/record.uri?partnerID=HzOxMe3b&scp=0035001371&origin=inward,adjacent-subtopic,"All software systems, no matter how they are designed, are subject to continuous evolution and maintenance activities to eliminate defects and extend their functionalities. This is particularly true for object-oriented systems, where we may develop different software systems using the same internal library or framework. These systems may evolve in quite different directions in order to cover different functionalities. Typically, there is the need to analyze their evolution in order to redefine the library or framework boundaries. This is a typical problem of software reengineering analysis. In this paper, we describe metrics, based on duplication analysis, that contribute to the process of reengineering analysis of object-oriented systems. These metrics are the basic elements of a reengineering analysis method and tool. Duplication analyses at the file, class and method levels have been performed. A structural analysis using metrics that capture similarities in class structure has been also exploited. In order to identify the best approach for the reengineering analysis of object-oriented systems, a comparison between the two approaches is described. In this paper, a case study based on real cases is presented, in which the results obtained by using a reengineering process with and without the analysis tool are described. The purpose of this study is to discover which method is the most powerful and how much time reduction can be obtained by its use.",scopus,llm,0.820,unreviewed,
discarded,QuPath: Open source software for digital pathology image analysis,Peter Bankhead; Maurice B. Loughrey; José A. Fernández; Yvonne Dombrowski; Darragh G. McArt; Philip D. Dunne; Stephen McQuaid; Ronan T. Gray; Liam Murray; Helen G. Coleman; Jacqueline A. James; Manuel Salto‐Tellez; Peter W. Hamilton,2017,Scientific Reports,10.1038/s41598-017-17204-5,https://openalex.org/W2952481429,off-topic-false-hit,"QuPath is new bioimage analysis software designed to meet the growing need for a user-friendly, extensible, open-source solution for digital pathology and whole slide image analysis. In addition to offering a comprehensive panel of tumor identification and high-throughput biomarker evaluation tools, QuPath provides researchers with powerful batch-processing and scripting functionality, and an extensible platform with which to develop and share new algorithms to analyze complex tissue images. Furthermore, QuPath's flexible design makes it suitable for a wide range of additional image analysis applications across biomedical research.",openalex,llm,0.990,unreviewed,
discarded,Primer3—new capabilities and interfaces,Andreas Untergasser; Ioana Cutcutache; Triinu Kõressaar; Jian Ye; Brant C. Faircloth; Maido Remm; Steve Rozen,2012,Nucleic Acids Research,10.1093/nar/gks596,https://openalex.org/W2162098634,off-topic-false-hit,"Polymerase chain reaction (PCR) is a basic molecular biology technique with a multiplicity of uses, including deoxyribonucleic acid cloning and sequencing, functional analysis of genes, diagnosis of diseases, genotyping and discovery of genetic variants. Reliable primer design is crucial for successful PCR, and for over a decade, the open-source Primer3 software has been widely used for primer design, often in high-throughput genomics applications. It has also been incorporated into numerous publicly available software packages and web services. During this period, we have greatly expanded Primer3's functionality. In this article, we describe Primer3's current capabilities, emphasizing recent improvements. The most notable enhancements incorporate more accurate thermodynamic models in the primer design process, both to improve melting temperature prediction and to reduce the likelihood that primers will form hairpins or dimers. Additional enhancements include more precise control of primer placement-a change motivated partly by opportunities to use whole-genome sequences to improve primer specificity. We also added features to increase ease of use, including the ability to save and re-use parameter settings and the ability to require that individual primers not be used in more than one primer pair. We have made the core code more modular and provided cleaner programming interfaces to further ease integration with other software. These improvements position Primer3 for continued use with genome-scale data in the decade ahead.",openalex,llm,0.990,unreviewed,
discarded,BEAST 2.5: An advanced software platform for Bayesian evolutionary analysis,Remco Bouckaert; Timothy G. Vaughan; Joëlle Barido‐Sottani; Sebastián Duchêne; Mathieu Fourment; Alexandra Gavryushkina; Joseph Heled; Graham Jones; Denise Kühnert; Nicola De Maio; Michael Matschiner; Fábio K. Mendes; Nicola F. Müller; Huw A. Ogilvie; Louis du Plessis; Alex Popinga; Andrew Rambaut; David A. Rasmussen; Igor Siveroni; Marc A. Suchard; Chieh‐Hsi Wu; Dong Xie; Chi Zhang; Tanja Stadler; Alexei J. Drummond,2019,PLoS Computational Biology,10.1371/journal.pcbi.1006650,https://openalex.org/W2901954177,off-topic-false-hit,"Elaboration of Bayesian phylogenetic inference methods has continued at pace in recent years with major new advances in nearly all aspects of the joint modelling of evolutionary data. It is increasingly appreciated that some evolutionary questions can only be adequately answered by combining evidence from multiple independent sources of data, including genome sequences, sampling dates, phenotypic data, radiocarbon dates, fossil occurrences, and biogeographic range information among others. Including all relevant data into a single joint model is very challenging both conceptually and computationally. Advanced computational software packages that allow robust development of compatible (sub-)models which can be composed into a full model hierarchy have played a key role in these developments. Developing such software frameworks is increasingly a major scientific activity in its own right, and comes with specific challenges, from practical software design, development and engineering challenges to statistical and conceptual modelling challenges. BEAST 2 is one such computational software platform, and was first announced over 4 years ago. Here we describe a series of major new developments in the BEAST 2 core platform and model hierarchy that have occurred since the first release of the software, culminating in the recent 2.5 release.",openalex,llm,0.970,unreviewed,
discarded,Clonal evolution in relapsed acute myeloid leukaemia revealed by whole-genome sequencing,Li Ding; Timothy J. Ley; David E. Larson; Christopher A. Miller; Daniel C. Koboldt; John S. Welch; Julie Ritchey; Margaret A. Young; Tamara Lamprecht; Michael D. McLellan; Joshua F. McMichael; John W. Wallis; Charles Lu; Dong Shen; Christopher Harris; David J. Dooling; Robert S. Fulton; Lucinda Fulton; Ken Chen; Heather K. Schmidt; Joelle Kalicki-Veizer; Vincent Magrini; Lisa Cook; Sean McGrath; Tammi L. Vickery; Michael C. Wendl; Sharon E. Heath; Mark A. Watson; Daniel C. Link; Michael H. Tomasson; William D. Shannon; Jacqueline E. Payton; Shashikant Kulkarni; Peter Westervelt; Matthew J. Walter; Timothy A. Graubert; Elaine R. Mardis; Richard K. Wilson; John F. DiPersio,2012,Nature,10.1038/nature10738,https://openalex.org/W2093144236,off-topic-false-hit,"The sequencing of AML genomes of eight patients before and after relapse reveals two major patterns of clonal evolution, with chemotherapy appearing to have a role in both patterns. Many patients with acute myeloid leukaemia (AML) achieve remission, but it is often short-lived and the returned disease is usually refractory to therapy. Genome sequencing of eight patients with AML before and after relapse reveals two major patterns of tumour cell evolution. The founding clone survives chemotherapy in all patients, and, in one clonal pattern, it acquires new mutations and expands at relapse. In the other, a subclone surviving from the original tumour expands and then acquires new mutations. Comparisons of relapse-specific and primary tumour mutations point to an increase in transversions, implying DNA damage caused by cytotoxic chemotherapy. This work demonstrates that the AML genome in an individual patient presents a moving target, and highlights the importance of striving to eradicate both the founding clone and all of its subclones. Most patients with acute myeloid leukaemia (AML) die from progressive disease after relapse, which is associated with clonal evolution at the cytogenetic level1,2 . To determine the mutational spectrum associated with relapse, we sequenced the primary tumour and relapse genomes from eight AML patients, and validated hundreds of somatic mutations using deep sequencing; this allowed us to define clonality and clonal evolution patterns precisely at relapse. In addition to discovering novel, recurrently mutated genes (for example, WAC, SMC3, DIS3, DDX41 and DAXX) in AML, we also found two major clonal evolution patterns during AML relapse: (1) the founding clone in the primary tumour gained mutations and evolved into the relapse clone, or (2) a subclone of the founding clone survived initial therapy, gained additional mutations and expanded at relapse. In all cases, chemotherapy failed to eradicate the founding clone. The comparison of relapse-specific versus primary tumour mutations in all eight cases revealed an increase in transversions, probably due to DNA damage caused by cytotoxic chemotherapy. These data demonstrate that AML relapse is associated with the addition of new mutations and clonal evolution, which is shaped, in part, by the chemotherapy that the patients receive to establish and maintain remissions.",openalex,llm,0.990,unreviewed,
discarded,Gradient-based learning applied to document recognition,Yann LeCun; Léon Bottou; Yoshua Bengio; Patrick Haffner,1998,Proceedings of the IEEE,10.1109/5.726791,https://openalex.org/W2112796928,off-topic-false-hit,"Multilayer neural networks trained with the back-propagation algorithm constitute the best example of a successful gradient based learning technique. Given an appropriate network architecture, gradient-based learning algorithms can be used to synthesize a complex decision surface that can classify high-dimensional patterns, such as handwritten characters, with minimal preprocessing. This paper reviews various methods applied to handwritten character recognition and compares them on a standard handwritten digit recognition task. Convolutional neural networks, which are specifically designed to deal with the variability of 2D shapes, are shown to outperform all other techniques. Real-life document recognition systems are composed of multiple modules including field extraction, segmentation recognition, and language modeling. A new learning paradigm, called graph transformer networks (GTN), allows such multimodule systems to be trained globally using gradient-based methods so as to minimize an overall performance measure. Two systems for online handwriting recognition are described. Experiments demonstrate the advantage of global training, and the flexibility of graph transformer networks. A graph transformer network for reading a bank cheque is also described. It uses convolutional neural network character recognizers combined with global training techniques to provide record accuracy on business and personal cheques. It is deployed commercially and reads several million cheques per day.",openalex,llm,0.990,unreviewed,
discarded,TopHat: discovering splice junctions with RNA-Seq,Cole Trapnell; Lior Pachter; Steven L. Salzberg,2009,Bioinformatics,10.1093/bioinformatics/btp120,https://openalex.org/W2097065948,off-topic-false-hit,"MOTIVATION: A new protocol for sequencing the messenger RNA in a cell, known as RNA-Seq, generates millions of short sequence fragments in a single run. These fragments, or 'reads', can be used to measure levels of gene expression and to identify novel splice variants of genes. However, current software for aligning RNA-Seq data to a genome relies on known splice junctions and cannot identify novel ones. TopHat is an efficient read-mapping algorithm designed to align reads from an RNA-Seq experiment to a reference genome without relying on known splice sites. RESULTS: We mapped the RNA-Seq reads from a recent mammalian RNA-Seq experiment and recovered more than 72% of the splice junctions reported by the annotation-based software from that study, along with nearly 20,000 previously unreported junctions. The TopHat pipeline is much faster than previous systems, mapping nearly 2.2 million reads per CPU hour, which is sufficient to process an entire RNA-Seq experiment in less than a day on a standard desktop computer. We describe several challenges unique to ab initio splice site discovery from RNA-Seq reads that will require further algorithm development. AVAILABILITY: TopHat is free, open-source software available from http://tophat.cbcb.umd.edu. SUPPLEMENTARY INFORMATION: Supplementary data are available at Bioinformatics online.",openalex,llm,0.990,unreviewed,
discarded,New Screening Software Shows that Most Recent Large 16S rRNA Gene Clone Libraries Contain Chimeras,Kevin E. Ashelford; Nadia Chuzhanova; John C. Fry; Antonia J. Jones; Andrew J. Weightman,2006,Applied and Environmental Microbiology,10.1128/aem.00556-06,https://openalex.org/W2061559511,off-topic-false-hit,"A new computer program, called Mallard, is presented for screening entire 16S rRNA gene libraries of up to 1,000 sequences for chimeras and other artifacts. Written in the Java computer language and capable of running on all major operating systems, the program provides a novel graphical approach for visualizing phylogenetic relationships among 16S rRNA gene sequences. To illustrate its use, we analyzed most of the large libraries of cloned bacterial 16S rRNA gene sequences submitted to the public repository during 2005. Defining a large library as one containing 100 or more sequences of 1,200 bases or greater, we screened 25 of the 28 libraries and found that all but three contained substantial anomalies. Overall, 543 anomalous sequences were found. The average anomaly content per clone library was 9.0%, 4% higher than that previously estimated for the public repository overall. In addition, 90.8% of anomalies had characteristic chimeric patterns, a rise of 25.4% over that found previously. One library alone was found to contain 54 chimeras, representing 45.8% of its content. These figures far exceed previous estimates of artifacts within public repositories and further highlight the urgent need for all researchers to adequately screen their libraries prior to submission. Mallard is freely available from our website at http://www.cardiff.ac.uk/biosi/research/biosoft/.",openalex,llm,0.990,unreviewed,
discarded,A comprehensive survey of soil acidobacterial diversity using pyrosequencing and clone library analyses,Ryan T. Jones; Michael S. Robeson; Christian L. Lauber; Micah Hamady; Rob Knight; Noah Fierer,2009,The ISME Journal,10.1038/ismej.2008.127,https://openalex.org/W2148699022,off-topic-false-hit,"Acidobacteria are ubiquitous and abundant members of soil bacterial communities. However, an ecological understanding of this important phylum has remained elusive because its members have been difficult to culture and few molecular investigations have focused exclusively on this group. We generated an unprecedented number of acidobacterial DNA sequence data using pyrosequencing and clone libraries (39,707 and 1787 sequences, respectively) to characterize the relative abundance, diversity and composition of acidobacterial communities across a range of soil types. To gain insight into the ecological characteristics of acidobacterial taxa, we investigated the large-scale biogeographic patterns exhibited by acidobacterial communities, and related soil and site characteristics to acidobacterial community assemblage patterns. The 87 soils analyzed by pyrosequencing contained more than 8600 unique acidobacterial phylotypes (at the 97% sequence similarity level). One phylotype belonging to Acidobacteria subgroup 1, but not closely related to any cultured representatives, was particularly abundant, accounting for 7.4% of bacterial sequences and 17.6% of acidobacterial sequences, on average, across the soils. The abundance of Acidobacteria relative to other bacterial taxa was highly variable across the soils examined, but correlated strongly with soil pH (R=-0.80, P<0.001). Soil pH was also the best predictor of acidobacterial community composition, regardless of how the communities were characterized, and the relative abundances of the dominant Acidobacteria subgroups were readily predictable. Acidobacterial communities were more phylogenetically clustered as soil pH departed from neutrality, suggesting that pH is an effective habitat filter, restricting community membership to progressively more narrowly defined lineages as pH deviates from neutrality.",openalex,llm,0.990,unreviewed,
discarded,A survey of software refactoring,Tom Mens; Tom Tourwé,2004,IEEE Transactions on Software Engineering,10.1109/tse.2004.1265817,https://openalex.org/W2171383742,adjacent-subtopic,"We provide an extensive overview of existing research in the field of software refactoring. This research is compared and discussed based on a number of different criteria: the refactoring activities that are supported, the specific techniques and formalisms that are used for supporting these activities, the types of software artifacts that are being refactored, the important issues that need to be taken into account when building refactoring tool support, and the effect of refactoring on the software process. A running example is used to explain and illustrate the main concepts.",openalex,llm,0.880,unreviewed,
discarded,Deep learning code fragments for code clone detection,Martin White; Michele Tufano; Christopher Vendome; Denys Poshyvanyk,2016,,10.1145/2970276.2970326,https://openalex.org/W2511803001,adjacent-subtopic,"Code clone detection is an important problem for software maintenance and evolution. Many approaches consider either structure or identifiers, but none of the existing detection techniques model both sources of information. These techniques also depend on generic, handcrafted features to represent code fragments. We introduce learning-based detection techniques where everything for representing terms and fragments in source code is mined from the repository. Our code analysis supports a framework, which relies on deep learning, for automatically linking patterns mined at the lexical level with patterns mined at the syntactic level. We evaluated our novel learning-based approach for code clone detection with respect to feasibility from the point of view of software maintainers. We sampled and manually evaluated 398 file- and 480 method-level pairs across eight real-world Java systems; 93% of the file- and method-level samples were evaluated to be true positives. Among the true positives, we found pairs mapping to all four clone types. We compared our approach to a traditional structure-oriented technique and found that our learning-based approach detected clones that were either undetected or suboptimally reported by the prominent tool Deckard. Our results affirm that our learning-based approach is suitable for clone detection and a tenable technique for researchers.",openalex,llm,0.970,unreviewed,
