status,title,authors,year,venue,doi,url,tags,abstract,provider,decision_source,llm_confidence,llm_review_outcome,llm_change_direction
discarded,"Deep Learning for Code Intelligence: Survey, Benchmark and Toolkit",Wan Y.,2024,ACM Computing Surveys,10.1145/3664597,https://www.scopus.com/inward/record.uri?partnerID=HzOxMe3b&scp=85201173951&origin=inward,adjacent-subtopic,"Code intelligence leverages machine learning techniques to extract knowledge from extensive code corpora, with the aim of developing intelligent tools to improve the quality and productivity of computer programming. Currently, there is already a thriving research community focusing on code intelligence, with efforts ranging from software engineering, machine learning, data mining, natural language processing, and programming languages. In this paper, we conduct a comprehensive literature review on deep learning for code intelligence, from the aspects of code representation learning, deep learning techniques, and application tasks. We also benchmark several state-of-the-art neural models for code intelligence, and provide an open-source toolkit tailored for the rapid prototyping of deep-learning-based code intelligence models. In particular, we inspect the existing code intelligence models under the basis of code representation learning, and provide a comprehensive overview to enhance comprehension of the present state of code intelligence. Furthermore, we publicly release the source code and data resources to provide the community with a ready-to-use benchmark, which can facilitate the evaluation and comparison of existing and future code intelligence models (https://xcodemind.github.io). At last, we also point out several challenging and promising directions for future research.","dblp, openalex, wos, scopus, ieee",llm,0.990,unreviewed,
discarded,Measuring and Characterizing (Mis)compliance of the Android Permission System,Barzolevskaia A.,2024,IEEE Transactions on Software Engineering,10.1109/TSE.2024.3362921,https://www.scopus.com/inward/record.uri?partnerID=HzOxMe3b&scp=85187296020&origin=inward,adjacent-subtopic,"Within the Android mobile operating system, Android permissions act as a system of safeguards designed to restrict access to potentially sensitive data and privileged components. Multiple research studies indicate flaws and limitations of the Android permission system, prompting Google to implement a more regulated and fine-grained permission model. This newly-introduced complexity creates confusion for developers leading to incorrect permissions and a significant risk to users security and privacy. We present a systematic study of theoretical and practical misuse of permissions. For this analysis we derive the unified permissions and call mappings that represent theoretical requirements of permissions and calls. We develop PChecker, an approach that identifies the discrepancies between the official Android permissions documentation and permission implementation in the Android platform source code based on these mappings. We evaluate four versions of the Android Open Source Project code (major versions 10–13) and shed light on the prevalence of discrepancies between the official Android guidelines for permissions and their implementation in the Android platform source code. We further show that these discrepancies result in miscompliance in third-party Android apps.","dblp, openalex, wos, scopus, ieee",llm,0.990,unreviewed,
kept,Multilingual Investigation of Cross-Project Code Clones in Open-Source Software for Internet of Things Systems,Zhu W.,2024,IEEE Access,10.1109/ACCESS.2024.3506013,https://www.scopus.com/inward/record.uri?partnerID=HzOxMe3b&scp=85210936121&origin=inward,qualifies-claim,"The prevalence and impact of code clones in software systems have been widely studied in the past few decades. However, the focus has primarily been on intra-project clones. Our work comprehensively investigates cross-project code clones in open-source software for Internet of Things (IoT) systems across multiple programming languages. This work addresses the prevalence of cross-project code clones in IoT systems and their impact on software maintainability. We collected 122 IoT system repositories in nine languages from GitHub and grouped them according to their primary functionality in IoT systems. We used MSCCD, a multilingual code clone detector to detect Type-3 code clones for each group. The results show that cross-project clones exist in more than 30% of the projects, particularly in communication-related functionalities. We tracked the historical evolution of these clones and classified them according to the revision history and changing trend of similarity. The results show that 95% cross-project clones are untouched. Moreover, clones with decreasing similarities were over 72%. Therefore, the same clone detector may no longer detect these clones. We also investigated whether these cross-project code clones lead to defect propagation by analyzing the commit message to determine the commits that fixed a defect. We identified nine defect propagation instances, of which seven remain unfixed. Our work contributes to understanding cross-project code clones, highlighting the importance of automated clone management tools for improving the quality and security of IoT system software to mitigate the risks associated with unresolved defects and inconsistencies in IoT software development.","dblp, openalex, wos, scopus, ieee",llm,0.910,unreviewed,
discarded,Unifying the Perspectives of NLP and Software Engineering: A Survey on Language Models for Code,Zhang Z.,2024,Transactions on Machine Learning Research,,https://www.scopus.com/inward/record.uri?partnerID=HzOxMe3b&scp=105000655240&origin=inward,adjacent-subtopic,,"dblp, openalex, wos, scopus, ieee",llm,0.980,unreviewed,
discarded,"""Get in Researchers; We're Measuring Reproducibility"": A Reproducibility Study of Machine Learning Papers in Tier 1 Security Conferences",Olszewski D.,2023,Ccs 2023 Proceedings of the 2023 ACM Sigsac Conference on Computer and Communications Security,10.1145/3576915.3623130,https://www.scopus.com/inward/record.uri?partnerID=HzOxMe3b&scp=85179843040&origin=inward,adjacent-subtopic,"Reproducibility is crucial to the advancement of science; it strengthens confidence in seemingly contradictory results and expands the boundaries of known discoveries. Computer Security has the natural benefit of creating artifacts that should facilitate computational reproducibility, the ability for others to use someone else's code and data to independently recreate results, in a relatively straightforward fashion. While the Security community has recently increased its attention on reproducibility, an independent and comprehensive measurement of the current state of reproducibility has not been conducted. In this paper, we perform the first such study, targeting reproducible artifacts generated specifically by papers on machine learning security (one of the most popular areas in academic research) published in Tier 1 security conferences over the past ten years (2013-2022). We perform our measurement study of indirect and direct reproducibility over nearly 750 papers, their codebases, and datasets. Our analysis shows that there is no statistically significant difference between the availability of artifacts before and after the introduction of Artifact Evaluation Committees in Tier 1 conferences. However, based on three years of results, artifacts that pass through this process work at a higher rate than those that do not. From our collected findings, we offer data-driven suggestions for improving reproducibility in our community, including five common problems observed in our study. In so doing, we demonstrate that significant progress still needs to be made in computational reproducibility in Computer Security research.","dblp, openalex, wos, scopus, ieee",llm,0.980,unreviewed,
discarded,An Accurate Identifier Renaming Prediction and Suggestion Approach,Zhang J.,2023,ACM Transactions on Software Engineering and Methodology,10.1145/3603109,https://www.scopus.com/inward/record.uri?partnerID=HzOxMe3b&scp=85174698076&origin=inward,adjacent-subtopic,"Identifiers play an important role in helping developers analyze and comprehend source code. However, many identifiers exist that are inconsistent with the corresponding code conventions or semantic functions, leading to flawed identifiers. Hence, identifiers need to be renamed regularly. Even though researchers have proposed several approaches to identify identifiers that need renaming and further suggest correct identifiers for them, these approaches only focus on a single or a limited number of granularities of identifiers without universally considering all the granularities and suggest a series of sub-tokens for composing identifiers without completely generating new identifiers. In this article, we propose a novel identifier renaming prediction and suggestion approach. Specifically, given a set of training source code, we first extract all the identifiers in multiple granularities. Then, we design and extract five groups of features from identifiers to capture inherent properties of identifiers themselves and the relationships between identifiers and code conventions, as well as other related code entities, enclosing files, and change history. By parsing the change history of identifiers, we can figure out whether specific identifiers have been renamed or not. These identifier features and their renaming history are used to train a Random Forest classifier, which can be further used to predict whether a given new identifier needs to be renamed or not. Subsequently, for the identifiers that need renaming, we extract all the related code entities and their renaming change history. Based on the intuition that identifiers are co-evolved as their relevant code entities with similar patterns and renaming sequences, we could suggest and recommend a series of new identifiers for those identifiers. We conduct extensive experiments to validate our approach in both the Java projects and the Android projects. Experimental results demonstrate that our approach could identify identifiers that need renaming with an average F-measure of more than 89%, which outperforms the state-of-the-art approach by 8.30% in the Java projects and 21.38% in the Android projects. In addition, our approach achieves a Hit@10 of 48.58% and 40.97% in the Java and Android projects in suggesting correct identifiers and outperforms the state-of-the-art approach by 29.62% and 15.75%, respectively.","dblp, openalex, wos, scopus, ieee",llm,0.990,unreviewed,
discarded,Pre-implementation Method Name Prediction for Object-oriented Programming,Wang S.,2023,ACM Transactions on Software Engineering and Methodology,10.1145/3597203,https://www.scopus.com/inward/record.uri?partnerID=HzOxMe3b&scp=85174671970&origin=inward,adjacent-subtopic,"Method naming is a challenging development task in object-oriented programming. In recent years, several research efforts have been undertaken to provide automated tool support for assisting developers in this task. In general, literature approaches assume the availability of method implementation to infer its name. Methods, however, are usually named before their implementations. In this work, we fill the gap in the literature about method name prediction by developing an approach that predicts the names of all methods to be implemented within a class. Our work considers the class name as the input: The overall intuition is that classes with semantically similar names tend to provide similar functionalities, and hence similar method names. We first conduct a large-scale empirical analysis on 258K+ classes from real-world projects to validate our hypotheses. Then, we propose a hybrid big code-driven approach, Mario, to predict method names based on the class name: We combine a deep learning model with heuristics summarized from code analysis. Extensive experiments on 22K+ classes yielded promising results: compared to the state-of-the-art code2seq model (which leverages method implementation data), our approach achieves comparable results in terms of F-score at token-level prediction; our approach, additionally, outperforms code2seq in prediction at the name level. We further show that our approach significantly outperforms several other baselines.","dblp, openalex, wos, scopus, ieee",llm,0.990,unreviewed,
discarded,Clone consistent-defect prediction based on deep learning method,Zhang F.,2023,Information Sciences,10.1016/j.ins.2023.03.007,https://www.scopus.com/inward/record.uri?partnerID=HzOxMe3b&scp=85150012567&origin=inward,adjacent-subtopic,"Many consistent changes take place across code clones in software, and this has emerged as a severe issue for software security. If the developers forget to modify the relevant clones consistently, such modifications will introduce consistent-defect. Researchers leverage machine learning techniques to predict clone consistent-defect by representing these changes with the designed attributes. Meanwhile, deep learning technology has demonstrated tremendous potential in characterizing source code. As such, we explore whether deep learning technology can enhance the effectiveness of clone consistent-defect prediction. In this study, we investigate various neural networks for modeling clone consistent change. Specifically, our approach models code clones and their evolution to capture the semantic properties automatically from the perspectives of clone fragment, clone group, and clone evolution, as opposed to manually generated attributes. To evaluate the effectiveness of our approach, we conduct an experiment on the dataset collected from 8 open-source projects. The results demonstrate that our neural network models are efficient both in cross-project and within-project scenarios, with F-measures of around 80% and recalls of around 90%. We conclude that deep learning technology may successfully assist developers in predicting clone consistent-defect, so helping to improve the security of code clones by alerting developers to confirm their consistency.","dblp, openalex, wos, scopus, ieee",human,0.990,human,
discarded,The Best of Both Worlds: Combining Learned Embeddings with Engineered Features for Accurate Prediction of Correct Patches,Tian H.,2023,ACM Transactions on Software Engineering and Methodology,10.1145/3576039,https://www.scopus.com/inward/record.uri?partnerID=HzOxMe3b&scp=85164237362&origin=inward,adjacent-subtopic,"A large body of the literature on automated program repair develops approaches where patches are automatically generated to be validated against an oracle (e.g., a test suite). Because such an oracle can be imperfect, the generated patches, although validated by the oracle, may actually be incorrect. While the state-of-the-art explores research directions that require dynamic information or rely on manually-crafted heuristics, we study the benefit of learning code representations in order to learn deep features that may encode the properties of patch correctness. Our empirical work investigates different representation learning approaches for code changes to derive embeddings that are amenable to similarity computations of patch correctness identification, and assess the possibility of accurate classification of correct patch by combining learned embeddings with engineered features. Experimental results demonstrate the potential of learned embeddings to empower Leopard (a patch correctness predicting framework implemented in this work) with learning algorithms in reasoning about patch correctness: a machine learning predictor with BERT transformer-based learned embeddings associated with XGBoost achieves an AUC value of about 0.803 in the prediction of patch correctness on a new dataset of 2,147 labeled patches that we collected for the experiments. Our investigations show that deep learned embeddings can lead to complementary/better performance when comparing against the state-of-the-art, PATCH-SIM, which relies on dynamic information. By combining deep learned embeddings and engineered features, Panther (the upgraded version of Leopard implemented in this work) outperforms Leopard with higher scores in terms of AUC, +Recall and -Recall, and can accurately identify more (in)correct patches that cannot be predicted by the classifiers only with learned embeddings or engineered features. Finally, we use an explainable ML technique, SHAP, to empirically interpret how the learned embeddings and engineered features are contributed to the patch correctness prediction.","dblp, openalex, wos, scopus, ieee",llm,0.990,unreviewed,
discarded,"Composite refactoring: Representations, characteristics and effects on software projects",Bibiano A.C.,2023,Information and Software Technology,10.1016/j.infsof.2022.107134,https://www.scopus.com/inward/record.uri?partnerID=HzOxMe3b&scp=85145966825&origin=inward,adjacent-subtopic,"Context: code refactoring is a code transformation that aims to improve software quality. A composite refactoring (or, simply, composite) is defined by two or more interrelated refactorings, which is often applied by developers. Each composite needs to be somehow represented and has its own characteristics (e.g., code scope) as well as its effects on software quality. However, these basic elements of composites are rarely studied systematically. The lack of systematic knowledge also misguides the design of automated support tools for supporting composite refactoring. Thus, researchers might have controversial views about basic elements of composite refactorings. An example of these literature conflicts concerns the effect of composites: while some studies suggest composites more often remove code smells, other studies indicate composites often introduce code smells.Objective: in this sense, our study aims at analyzing the technical literature of composite refactoring and building a conceptual framework of the representation models, characteristics, and the effect of composite refactoring.Method: we conducted a systematic mapping with 140 primary empirical studies about refactoring. Our sys-tematic mapping summarizes the current knowledge on composites and also presents a conceptual framework intended to characterize composite refactoring.Results: our conceptual framework presents seven representation models, nine characteristics, and thirteen effects of composites. We found out that studies used multidimensional representations, like graphs, to deter-mine what refactoring(s) may be suggested and combined. On composite characteristics, studies mentioned developers often finish a composite in up to a month. However, these studies do not detail why and when composites span for several weeks. Then, we discussed other existing gaps on the current literature of composites. For instance, while most of the studies report the effect of composites on internal software quality, e.g., code smells, their effect on external software quality is little explored.Conclusion: our results can motivate future studies to more deeply investigate composite refactoring applica-tions, and the improvement of tooling support for composite refactorings.","dblp, openalex, wos, scopus, ieee",llm,0.940,unreviewed,
discarded,Just-In-Time Method Name Updating With Heuristics and Neural Model,Guo Z.,2023,IEEE International Conference on Software Quality Reliability and Security Qrs,10.1109/QRS60937.2023.00074,https://www.scopus.com/inward/record.uri?partnerID=HzOxMe3b&scp=85182520695&origin=inward,adjacent-subtopic,"Ensuring the quality and conciseness of method names is pivotal for the readability and maintainability of source code. However, for developers, it often presents challenges, particularly during the course of code evolution. Throughout this process, developers sometimes may neglect to update the method name, resulting in inconsistency which could potentially mislead developers and introduce future bugs. In this paper, we propose the task of “Just-In-Time (JIT) Method Name Updating” which automatically performs method name updates to avoid inconsistent names and fix them before being introduced into code bases. Specifically, we propose an approach that combines heuristic rules and a neural model. The heuristic rule-based component mainly focuses on the single-token changes for our empirical findings that the proportion of single-token modifications is extensive, and often corresponds to code-indicative updates. The neural model-based component is a customized Seq2seq model considering code changes and the new method body’s token type. To evaluate our approach, we conduct extensive experiments on the collected dataset with over 108K method name-body co-change samples from popular Java projects. The results show that our method outperforms the three baselines on all metrics. In particular, our approach achieves a significant improvement in Accuracy and improves method generation baseline by 23.5%.","dblp, openalex, wos, scopus, ieee",llm,0.990,unreviewed,
discarded,Detecting API Post-Handling Bugs Using Code and Description in Patches,Lin M.,2023,32nd Usenix Security Symposium Usenix Security 2023,,https://www.scopus.com/inward/record.uri?partnerID=HzOxMe3b&scp=85176110182&origin=inward,adjacent-subtopic,,"dblp, openalex, wos, scopus, ieee",llm,0.950,unreviewed,
