status,title,authors,year,venue,doi,url,tags,abstract,provider,decision_source,llm_confidence,llm_review_outcome,llm_change_direction
discarded,Scalable Large-Scale Multi-Granularity Code Clone Detection via Clustering Search and Pre-Trained Models,An Y.,2026,IEEE Transactions on Software Engineering,10.1109/TSE.2025.3635158,https://www.scopus.com/inward/record.uri?partnerID=HzOxMe3b&scp=105023146794&origin=inward,adjacent-subtopic,"Code cloning is a common phenomenon in software development, which reduces developers’ programming efforts but also poses risks of defect inheritance. Clone detection locates exact or similar pieces of code within or between software systems. With the amount of source code increasing steadily, efficient and large-scale clone detection has become a necessity. Moreover, code clones may occur at various levels of code granularity, e.g., file, function, and block level, which pose more challenges for efficient clone detection. Although numerous methods have been proposed to detect code clones at different granularities, they often suffer from low detection efficiency, false positive results and are typically limited to identifying clones at a specific granularity. In this paper, we introduce an efficient clone detection, named MGCD, to detect code clones among large-scale codebases. Specifically, we embed function-level code into vectors using a pre-trained model and perform clustering search with the IVF_Flat algorithm to identify clone candidates. These candidates are then filtered through an entropy-based method to enhance accuracy and avoid false positive results. Moreover, we leverage the information from function-level clone detection results to further conduct file and block level clone detection. We evaluate our approach on the BigCloneBench benchmark. Experimental results show that our approach only takes 0.23 ms to search clone results among 800,000 functions and achieves high precision and recall.","dblp, openalex, wos, scopus, ieee",llm,0.970,unreviewed,
discarded,Autonomous Decentralized Root Certification Authority System,Luis Carlos Coronado-Garcia; Carlos Hernandez-Lopez; Carlos Perez-Leguizamo,2009,2009 29th IEEE International Conference on Distributed Computing Systems Workshops,10.1109/ICDCSW.2009.58,https://ieeexplore.ieee.org/document/5158863/,off-topic-false-hit,"A public key infrastructure (PKI) is a set of elements and procedures needed to create, store, manage, distribute and revoke digital certificates. Its main objective is to bind public keys with respective user identities assuring the uniqueness of these public keys. A PKI must guarantee the reliability of its services, assuring the timeliness of its responses and the continuity of the service despite of the growth in the number of users and the presence of hardware or software failures. Avoiding duplication of public keys due to intentional or involuntary errors is mandatory in a PKI, hence the verification of public keys uniqueness is a fundamental task. In this paper we propose a model in which a PKI is constituted by the following entities: a root certification authority (root-CA) responsible for issuing Authorities' certificates and verifying the uniqueness of the public keys issued on its own or by any of the others authorities belonging to this PKI, a number of certification authorities (CA's) which issue end user's certificates, and a number registration authorities (RA's), which store the user certificates. In our PKI model the root certification authority has a main role and it is clear that could become a bottle neck in a real implementation; in order to avoid this risk, we have tried to benefit from autonomous decentralized systems concepts and have proposed an approach in which the root certification authority has the properties of an ADS, namely on-line expandability, on-line maintenance and fault tolerance. Two are the main contributions of this paper, first we apply ADS concepts in a PKI model and, second show a software implementation of an ADS architecture.","dblp, openalex, wos, scopus, ieee",llm,0.980,unreviewed,
discarded,Tai Chi Thought and research on software problems,Ming-zhen Liu; Ya-feng Liu,2015,2015 12th International Joint Conference on Computer Science and Software Engineering (JCSSE),10.1109/JCSSE.2015.7219783,https://ieeexplore.ieee.org/document/7219783/,adjacent-subtopic,"By using the essence of Tai Chi Thought (TCT), software's characteristics are analyzed, and a new kind of method for solving software problems is provided. The basic elements of TCT are introduced and their application is discussed. Software, in general, not only has a weakness such as abnormality, but also has a strength, namely plasticity. The complexity of software is due to the complexity of human consciousness, because software is a kind of intelligent product. Based on the TCT's two sides, soft ways and hard ways have been proposed to solve the problems of software. To solve software problems, moral force should be utilized, and software needs to be hardening and hyalinizing. Following the Tai Chi movement rule, the illegal duplication must be restrained, and flexible self-repair software should be promoted.","dblp, openalex, wos, scopus, ieee",llm,0.730,unreviewed,
discarded,IEEE Recommended Practice for Motor Protection in Industrial and Commercial Power Systems,,2017,IEEE Std 3004.8-2016,10.1109/IEEESTD.2017.7930540,https://ieeexplore.ieee.org/document/7930540/,off-topic-false-hit,The protection of motors used in industrial and commercial power systems is covered. It is likely to be of greatest value to the power-oriented engineer with limited experience in the area of protection and control. It can also be an aid to all engineers responsible for the electrical design of industrial and commercial power systems.,"dblp, openalex, wos, scopus, ieee",llm,0.990,unreviewed,
discarded,Pattern mining of cloned codes in software systems,Wei Qu; Yuanyuan Jia; Michael Jiang,2010,Information Sciences,10.1016/j.ins.2010.04.022,https://openalex.org/W2096771702,adjacent-subtopic,"Pattern mining of cloned codes in software systems is a challenging task due to various modifications and the large size of software codes. Most existing approaches adopt a token-based software representation and use sequential analysis for pattern mining of cloned codes. Due to the intrinsic limitations of such spatial space analysis, these methods have difficulties handling statement reordering, insertion and control replacement. Recently, graph-based models such as program dependent graph have been exploited to solve these issues. Although they can improve the performance in terms of accuracy, they introduce additional problems. Their computational complexity is very high and dramatically increases with the software size, thus limiting their applications in practice. In this paper, we propose a novel pattern mining framework for cloned codes in software systems. It efficiently exploits software's spatial space information as well as graph space information and thus can mine accurate patterns of cloned codes for software systems. Preliminary experimental results have demonstrated the superior performance of the proposed approach compared with other methods. (C) 2010 Elsevier Inc. All rights reserved.","dblp, openalex, scopus, ieee",llm,0.980,unreviewed,
discarded,Asm2Vec: Boosting Static Representation Robustness for Binary Clone Search against Code Obfuscation and Compiler Optimization,Steven H. H. Ding; Benjamin C. M. Fung; Philippe Charland,2019,,10.1109/sp.2019.00003,https://openalex.org/W2926178846,adjacent-subtopic,"Reverse engineering is a manually intensive but necessary technique for understanding the inner workings of new malware, finding vulnerabilities in existing systems, and detecting patent infringements in released software. An assembly clone search engine facilitates the work of reverse engineers by identifying those duplicated or known parts. However, it is challenging to design a robust clone search engine, since there exist various compiler optimization options and code obfuscation techniques that make logically similar assembly functions appear to be very different. A practical clone search engine relies on a robust vector representation of assembly code. However, the existing clone search approaches, which rely on a manual feature engineering process to form a feature vector for an assembly function, fail to consider the relationships between features and identify those unique patterns that can statistically distinguish assembly functions. To address this problem, we propose to jointly learn the lexical semantic relationships and the vector representation of assembly functions based on assembly code. We have developed an assembly code representation learning model \emph{Asm2Vec}. It only needs assembly code as input and does not require any prior knowledge such as the correct mapping between assembly functions. It can find and incorporate rich semantic relationships among tokens appearing in assembly code. We conduct extensive experiments and benchmark the learning model with state-of-the-art static and dynamic clone search approaches. We show that the learned representation is more robust and significantly outperforms existing methods against changes introduced by obfuscation and optimizations.","dblp, openalex, scopus, ieee",llm,0.970,unreviewed,
