status,title,authors,year,venue,doi,url,tags,abstract,provider,decision_source,llm_confidence,llm_review_outcome,llm_change_direction
discarded,Targeting poly(ADP-ribose) polymerase in metastatic prostate cancer: current landscape and future directions,Shi X.,2026,Current Opinion in Oncology,10.1097/CCO.0000000000001230,https://www.scopus.com/inward/record.uri?partnerID=HzOxMe3b&scp=105034421400&origin=inward,off-topic-false-hit,"Purpose of review PARP inhibitors (PARPi) have rapidly reshaped the treatment landscape for metastatic prostate cancer, moving from biomarker-selected monotherapy in metastatic castration-resistant prostate cancer (mCRPC) to first-line combination strategies with androgen receptor pathway inhibitors (ARPIs) and more recently, into metastatic hormone-sensitive disease (mHSPC). This review summarizes the evidence-based use of PARPi in metastatic prostate cancer, integrating the mechanistic rationale and guideline perspectives. We also highlight the resistance mechanisms that inform patient selection and underpin emerging strategies. Recent findings The most consistent and clinically meaningful benefit from PARPi is observed among patients with deleterious BRCA1/2 alterations, whereas outcomes among patients with non-BRCA defective homologous recombination repair (HRR) gene subsets are heterogeneous and often modest. Pairing PARPi with ARPI in mCRPC patients bearing HRR mutations, especially BRCA1/2 mutations, not only improves clinical outcomes but also increases toxicity. Furthermore, uncertainty remains regarding the overall impact of the incremental benefit of PARPi/ARPI combinations over sequential therapy. Expansion into mHSPC further underscores the field’s shift toward earlier, genomically guided treatment intensification strategies. Summary Clinical practice is converging on early comprehensive genomic testing and prioritization of PARPi-based therapy for HRR-altered, especially BRCA1/2-mutated, prostate cancer. Key research priorities include functional biomarkers beyond gene panels, rational combinations to prevent/overcome resistance, and optimized sequencing across disease states.","dblp, openalex, wos, scopus, ieee",llm,1.000,unreviewed,
discarded,The expanding roles of adhesion GPCRs in neural circuit assembly,Watson S.,2026,Molecules and Cells,10.1016/j.mocell.2026.100328,https://www.scopus.com/inward/record.uri?partnerID=HzOxMe3b&scp=105030938004&origin=inward,off-topic-false-hit,"Bidirectional trans-synaptic signaling directs synapse formation and neural circuit assembly. Increasing evidence supports that several subfamilies of adhesion G protein-coupled receptors (aGPCRs) control important mechanistic aspects of synapse assembly and neural circuit wiring by combining trans-synaptic adhesion with G protein-coupled receptor signaling. These subfamilies include Latrophilins (ADGRL), CELSRs (cadherin EGF LAG 7-transmembrane receptors/ADGRC), and BAIs (brain angiogenesis inhibitors/ADGRB). Recently, aGPCRs have been linked to neurological disorders, further emphasizing the important roles of these receptors for proper neurological functions. Here, we discuss our current understanding of the functions of several aGPCRs in synaptic circuits and their links to neurological and neurodevelopmental disorders.","dblp, openalex, wos, scopus, ieee",llm,0.990,unreviewed,
discarded,Histone Modifications in the Cell Cycle of C. elegans Embryogenesis: A Comparative Review,Azhar A.A.,2026,Epigenomes,10.3390/epigenomes10010015,https://www.scopus.com/inward/record.uri?partnerID=HzOxMe3b&scp=105034227027&origin=inward,off-topic-false-hit,"Cell division is a highly regulated process that actively involves dynamic changes to the genetic material within the nucleus. DNA is faithfully replicated in the S-Phase of the cell cycle, being converted from loose, relaxed chromatin into tight, condensed chromosomes to be segregated in mitosis. In addition to scaffolding proteins that shape these mitotic chromosomes, post-translational modifications of histones within nucleosomes modulate chromosome dynamics throughout the cell cycle. In this review, we use a comparative approach to highlight some of the major epigenetic marks affected by the cell cycle during embryogenesis of Caenorhabditis elegans: H4K20me1, H3S10ph, H4S1ph, H2AS1ph, and H3T118ph. These five histone post-translational modifications will be specifically highlighted in the context of the mitotic cell cycle, as they are well documented in the C. elegans literature.","dblp, openalex, wos, scopus, ieee",llm,0.990,unreviewed,
discarded,Heat shock transcription factors in development and disease,Smith R.S.,2026,Dmm Disease Models and Mechanisms,10.1242/dmm.052700,https://www.scopus.com/inward/record.uri?partnerID=HzOxMe3b&scp=105034704978&origin=inward,off-topic-false-hit,"ABSTRACT The heat shock response is a highly conserved cellular defense mechanism against proteotoxic stress, characterized by the induction of heat shock proteins (HSPs) that function as molecular chaperones to maintain protein homeostasis. Central to this response are the heat shock transcription factors (HSFs), which regulate the expression of HSPs. This Review explores the structural and functional relationships of the mammalian HSF family, including HSF1, HSF2, HSF4 and HSF5. We highlight HSF gene expression and function during organismal development and details of HSFs involvement in neurodegenerative diseases, in which they mitigate/counteract protein aggregation and promote neuronal survival, and in cancer, in which they support tumor growth and metastasis. We also examine the interplay between different HSFs and their context-dependent functions, emphasizing their relevance as potential targets for therapeutic intervention. Understanding the diverse roles of these factors is essential for advancing our knowledge of physiological regulation, and for developing targeted therapies for a broad range of diseases.","dblp, openalex, wos, scopus, ieee",llm,0.990,unreviewed,
discarded,Mathematical analysis of G1/S sub-networks in hematopoietic proliferation: Sequential and lineage-specific activation,Hanel A.,2026,Iscience,10.1016/j.isci.2025.114291,https://www.scopus.com/inward/record.uri?partnerID=HzOxMe3b&scp=105029572374&origin=inward,off-topic-false-hit,"Summary Commitment to the cell division cycle constrains other fate choices at the single-cell level. Hence the molecular network controlling the G1/S transition must be coordinated with developmental phases. Healthy hematopoiesis relies on shifts in cell cycle dynamics that balance proliferation and differentiation of hematopoietic stem cells and lineage progenitors, offering an ideal model system to study this coordination. Using computational analysis of published single-cell transcriptomics profiles of human bone marrow and mathematical modeling, we demonstrate that variations in the expression of cyclin D- and cyclin E-centered sub-modules of the G1/S network carve out distinct trajectories from G1 to S, explaining the distinct proliferation properties of hematopoietic cell types evolving in the same microenvironment. We map 68 hematopoietic cell types to specific model parameters, and identify their individual route through G1/S. This theoretical work provides mechanistic insight into hematopoietic proliferation that could guide experimental testing and the design of more nuanced cell cycle-targeting pharmacological strategies.","dblp, openalex, wos, scopus, ieee",llm,0.990,unreviewed,
discarded,Exploring JVM Garbage Collector Testing with Event-Coverage,Zheng K.,2026,ACM Transactions on Software Engineering and Methodology,10.1145/3733598,https://www.scopus.com/inward/record.uri?partnerID=HzOxMe3b&scp=105030128969&origin=inward,adjacent-subtopic,"Garbage Collection (GC) in the Java Virtual Machine (JVM) serves as an automatic memory management mechanism, efficiently reclaiming unused memory space in different production scenarios. To optimize JVM performance, developers typically fine-tune the garbage collector by identifying an optimal set of GC configurations for specific scenarios. Despite the sophisticated design of garbage collectors, they still have the potential for bugs in different settings, and these bugs can result in more severe consequences. Hence, comprehensive testing of these garbage collectors is imperative before their release. Code coverage criteria are typically employed to assess the comprehensiveness of a test suite. However, traditional code coverage metrics, such as branch coverage, are hardly applicable for GC testing due to their inherent concurrency. Additionally, existing JVM testing techniques do not adequately consider the characteristics of garbage collectors, making it difficult to test these garbage collectors sufficiently. In this article, we make the first effort to design coverage criteria against garbage collectors based on the events of GC called Event-Coverage. Its key insight is to measure the diversity of GC executions for testing purposes by assessing the range of GC events these executions cover. Furthermore, we design a new testing method for maximizing Event-Coverage called GCFuzz. GCFuzz conducts an exhaustive investigation of the memory state space of GC and thoroughly explores the memory state under various GC configurations. To enhance GCFuzz’s efficiency in achieving higher Event-Coverage, we have further designed a coverage-driven strategy for preserving candidate seed programs and selecting GC configurations. Extensive evaluations demonstrate a positive correlation between Event-Coverage and the bug-revealing efficiency. Moreover, GCFuzz outperforms state-of-the-art techniques in detecting unique GC-related inconsistencies and achieving higher Event-Coverage. Remarkably, GCFuzz has identified 20 previously undetected GC bugs, with 15 of them already confirmed or fixed by developers.","dblp, openalex, wos, scopus, ieee",llm,0.820,unreviewed,
discarded,Single-nucleus RNA-Seq reveals apical-basal polarity as a somatic embryogenesis checkpoint in Picea abies,Zhu T.,2026,Plant Physiology,10.1093/plphys/kiag019,https://www.scopus.com/inward/record.uri?partnerID=HzOxMe3b&scp=105030097408&origin=inward,off-topic-false-hit,"Somatic embryogenesis is pivotal for conifer propagation, yet its molecular basis remains poorly understood in gymnosperms. Single-nucleus RNA-seq offers unprecedented resolution for deciphering cell-type-specific transcriptional dynamics during gymnosperm embryogenesis. Here, we constructed a high-resolution transcriptomic atlas of Norway spruce (Picea abies) using high-efficiency and non/low-efficiency proembryogenic masses (HEMs and LEMs) collected before and after somatic embryo induction. Analysis of 55,635 nuclei identified 11 clusters, including somatic embryogenic cells (SCs) responsible for somatic embryo formation. Developmental trajectory analysis revealed a polarity-associated state S6 enriched in SCs, which was abundant in HEMs but nearly absent in LEMs. Key polarity genes, such as ROP-Guanine Exchange Factors, a homolog of PIN-FORMED 1, and PaWOX2, were enriched in the S6 state. Strikingly, overexpression of P. abies AGAMOUS-like 104 (PaAGL104), an S6-enriched transcription factor, induced excessive suspensor growth and apical-basal defects in both HEMs and LEMs embryos. TUNEL assays showed impaired suspensor elimination via suppressed programmed cell death in PaAGL104 overexpressors. Spatial expression analysis using a PaAGL104pro::NLS-mCherry reporter line revealed dynamic expression from ubiquitous to basal-enriched in the embryo proper. This region potentially contains the ""tube cell"", a gymnosperm-specific stem cell crucial for suspensor formation and embryonic polarization. Our study identifies embryonic polarization as a key developmental checkpoint in conifer somatic embryogenesis and provides a high-resolution transcriptomic atlas of gymnosperm callus. These findings advance our understanding of totipotency in spruce and offer practical insights for improving clonal propagation in forestry.","dblp, openalex, wos, scopus, ieee",llm,0.990,unreviewed,
discarded,"Pathology of Methylation, Demethylation, and Methylated DNA Binding Machinery",Zemlianaia O.A.,2026,Molecular Biology,10.1134/S0026893325700566,https://www.scopus.com/inward/record.uri?partnerID=HzOxMe3b&scp=105039997995&origin=inward,off-topic-false-hit,"Abstract Along with genetic factors, epigenetic factors have been convincingly demonstrated to determine the development of pathological processes to date. These include hereditary and nonhereditary changes in expression of a specific gene without any corresponding structural changes in its nucleotide sequence. Epigenetic mechanisms regulating gene expression include cytosine methylation in CpG dinucleotides, posttranslational modification of histones, ATP-dependent chromatin remodeling, and inactivation of gene expression by various types of noncoding RNAs. At the same time, pathological variants of genes involved in epigenetic mechanisms can lead to both Mendelian syndromes and multi-symptom complexes, in which the main manifestations are mental retardation, delayed physical development, neurological symptoms, and mild signs of dysgenesis. New pathological conditions due to variants in epigenetic machinery genes have been described in the modern literature, and previously described syndromic conditions have been combined into certain “continuous sequences of clinical features” in some cases. The review focuses on germline disorders of genes involved in methylation, demethylation, and methylated DNA binding machinery and their phenotypic manifestations. Somatic variants, which often lead to oncological diseases, are beyond the scope of this review.","dblp, openalex, wos, scopus, ieee",llm,0.990,unreviewed,
discarded,Orchestrating Microtubules: A Review of Kinase–Dependent Regulatory Mechanisms,Zhang Y.,2026,Cell Biology International,10.1002/cbin.70133,https://www.scopus.com/inward/record.uri?partnerID=HzOxMe3b&scp=105028379627&origin=inward,off-topic-false-hit,"Microtubules are subject to dynamic regulation through post‐translational modifications, with phosphorylation serving as a key mechanism. The human kinome, comprising over 500 protein kinases, represents a comprehensive regulatory network. Some of these kinases precisely regulate microtubule dynamics and organization, both spatially and temporally, by modulating various microtubule‐associated proteins or by directly binding to microtubules. This review, based on a systematic and kinome‐wide perspective across multiple physiological systems, provides a comprehensive overview and in‐depth analysis of the key kinase families that regulate microtubules, covering both direct and indirect mechanisms. The complex interactions between these kinases and microtubules are not only vital for normal cellular physiology but are often disrupted in various diseases, particularly cancer and neurodegenerative disorders. By synthesizing this knowledge, our work enhances the understanding of kinase–mediated microtubule regulation and lays a foundation for the future development of targeted therapeutic strategies.","dblp, openalex, wos, scopus, ieee",llm,0.990,unreviewed,
discarded,An Exploratory Study of the Code Quality of Open-Source JavaScript Projects,Mohammad S.,2026,Communications in Computer and Information Science,10.1007/978-3-032-19050-5_12,https://www.scopus.com/inward/record.uri?partnerID=HzOxMe3b&scp=105039013385&origin=inward,adjacent-subtopic,"JavaScript (JS) has been the most dominant language in the programming world, extending its use across diverse domains. Despite the wide usage of JavaScript, a limited study highlights the programming trends and code quality metrics and their influence on one another. Addressing this gap, we conduct an exploratory study of the code quality of open-source JavaScript projects to examine code practices across various project sizes and developer experience levels, uncovering the underlying factors impacting code quality metrics and their influence on development. We choose 200 open-source projects from GitHub, select six code evaluation tools, and perform in-depth code analysis using 10 code metrics. The analyzed code metrics include maintainability, average estimated error, lint error, cyclomatic complexity, cognitive complexity, code smell, code duplication, issue density, Line of Code (LOC), and code quality. Furthermore, we conduct an analysis of 69 open-source Continuous Integration and Continuous Deployment (CI/CD) implemented projects and compare how CI/CD practices influence code metrics. It becomes evident from the results that with the increment of project size, maintainability tends to decrease, and average estimated error, lint error, cyclomatic complexity, cognitive complexity, and code smell increase. The more experience a developer has, the better the quality of code produced. Furthermore, projects implementing a CI/CD pipeline are also seen to have better code quality metrics, indicating a direct relation between the implementation of CI/CD practices and improved software quality. This study contributes to bridging the gap between academic research and practical software development by uncovering concealed insights for better development practices. Moreover, by highlighting the recent CI/CD trends and their impact on software development, the study opens up future directions of relevant research in this domain.","dblp, openalex, wos, scopus, ieee",human,0.650,human,
kept,An Empirical Study of Iterative Batch Refactoring for Code Smell Reduction and Software Quality Improvement,Parveen G.,2026,Proceedings of the 2026 13th International Conference on Computing for Sustainable Global Development Indiacom 2026,10.23919/INDIACom70271.2026.11526613,https://www.scopus.com/inward/record.uri?partnerID=HzOxMe3b&scp=105041903448&origin=inward,supports-claim,"Code smells are some type of structural indicator that might refer to maintainability issues within computer systems. The purpose of this research study is to examine how code analysis techniques and assisted refactoring might be utilised to improve code quality within computer software developed via Java programming. The proposed empirical study is carried out using “SmellyCodeDataset”, which is a relatively newly proposed multilingual dataset for evaluating approaches to code smell detection within computer software. The purpose of using this dataset is to evaluate Large Language Models (LLMs) for smell detection within computer software and to refactor respective software smells. Initially GitHub Action was also established to extract the code. After extraction, the code smells were identified using Eclipse and SonarCloud. Code smells such as long methods, duplicate code, long parameter lists, God class, feature envy, unused variables, and complex code were identified in the original code. The refactoring techniques, including extract method, pull up method, parameter object, extract class, move method, removal of dead code, and reduction of code complexity, were applied. The purpose of applying refactoring is the removal of inefficient design principles, which occur due to the presence of code smells. Some duplicate source files were also identified in the dataset and were removed during the evaluation to get accurate results after applying the refactoring techniques. The result indicates the positive effects on the maintainability of the software. It is also observed that while applying refactoring, reduction in code smells is achieved by 70%. When this reduction in code smell is combined with the process of fixing code duplication, overall software quality is improved by approximately 70%. The results of the current study will be useful to the software developer as they can identify the code smells and can take timely interventions using the refactoring technique to produce high-quality software. Developers can also make use of static code analysis approach used in this empirical study to identify the software debts and rectify the same within strict time frames.","dblp, openalex, wos, scopus, ieee",llm,0.730,unreviewed,
