status,title,authors,year,venue,doi,url,tags,abstract,provider,decision_source,llm_confidence,llm_review_outcome,llm_change_direction
discarded,"The Biodiversity of the Mediterranean Sea: Estimates, Patterns, and Threats",Marta Coll; Chiara Piroddi; Jeroen Steenbeek; Kristin Kaschner; Frida Ben Rais Lasram; Jacopo Aguzzi; Enric Ballesteros; Carlo Nike Bianchi; Jordi Corbera; Thanos Dailianis; Roberto Danovaro; Marta Estrada; Carlo Froglia; Bella S. Galil; Josep M. Gasol; Ruthy Gertwagen; João Gil; François Guilhaumon; Kathleen Kesner‐Reyes; Miltiadis‐Spyridon Kitsos; Athanasios Koukouras; Nikolaos Lampadariou; Elijah Laxamana; Carlos M. López-Fé de la Cuadra; Heike K. Lotze; Daniel Martín; David Mouillot; Daniel Oró; Saša Raicevich; Josephine Rius-Barile; José Ignacio Sáiz-Salinas; Carles San Vicente; Samuel Somot; José Templado; Xavier Turón; Dimitris Vafidis; Roger Villanueva; Eleni Voultsiadou,2010,PLoS ONE,10.1371/journal.pone.0011842,https://openalex.org/W2073423327,off-topic-false-hit,"The Mediterranean Sea is a marine biodiversity hot spot. Here we combined an extensive literature analysis with expert opinions to update publicly available estimates of major taxa in this marine ecosystem and to revise and update several species lists. We also assessed overall spatial and temporal patterns of species diversity and identified major changes and threats. Our results listed approximately 17,000 marine species occurring in the Mediterranean Sea. However, our estimates of marine diversity are still incomplete as yet-undescribed species will be added in the future. Diversity for microbes is substantially underestimated, and the deep-sea areas and portions of the southern and eastern region are still poorly known. In addition, the invasion of alien species is a crucial factor that will continue to change the biodiversity of the Mediterranean, mainly in its eastern basin that can spread rapidly northwards and westwards due to the warming of the Mediterranean Sea. Spatial patterns showed a general decrease in biodiversity from northwestern to southeastern regions following a gradient of production, with some exceptions and caution due to gaps in our knowledge of the biota along the southern and eastern rims. Biodiversity was also generally higher in coastal areas and continental shelves, and decreases with depth. Temporal trends indicated that overexploitation and habitat loss have been the main human drivers of historical changes in biodiversity. At present, habitat loss and degradation, followed by fishing impacts, pollution, climate change, eutrophication, and the establishment of alien species are the most important threats and affect the greatest number of taxonomic groups. All these impacts are expected to grow in importance in the future, especially climate change and habitat degradation. The spatial identification of hot spots highlighted the ecological importance of most of the western Mediterranean shelves (and in particular, the Strait of Gibraltar and the adjacent Alboran Sea), western African coast, the Adriatic, and the Aegean Sea, which show high concentrations of endangered, threatened, or vulnerable species. The Levantine Basin, severely impacted by the invasion of species, is endangered as well. This abstract has been translated to other languages (File S1).",openalex,llm,0.990,unreviewed,
discarded,FACETS: allele-specific copy number and clonal heterogeneity analysis tool for high-throughput DNA sequencing,Ronglai Shen; Venkatraman Seshan,2016,Nucleic Acids Research,10.1093/nar/gkw520,https://openalex.org/W2405513305,off-topic-false-hit,"Allele-specific copy number analysis (ASCN) from next generation sequencing (NGS) data can greatly extend the utility of NGS beyond the identification of mutations to precisely annotate the genome for the detection of homozygous/heterozygous deletions, copy-neutral loss-of-heterozygosity (LOH), allele-specific gains/amplifications. In addition, as targeted gene panels are increasingly used in clinical sequencing studies for the detection of 'actionable' mutations and copy number alterations to guide treatment decisions, accurate, tumor purity-, ploidy- and clonal heterogeneity-adjusted integer copy number calls are greatly needed to more reliably interpret NGS-based cancer gene copy number data in the context of clinical sequencing. We developed FACETS, an ASCN tool and open-source software with a broad application to whole genome, whole-exome, as well as targeted panel sequencing platforms. It is a fully integrated stand-alone pipeline that includes sequencing BAM file post-processing, joint segmentation of total- and allele-specific read counts, and integer copy number calls corrected for tumor purity, ploidy and clonal heterogeneity, with comprehensive output and integrated visualization. We demonstrate the application of FACETS using The Cancer Genome Atlas (TCGA) whole-exome sequencing of lung adenocarcinoma samples. We also demonstrate its application to a clinical sequencing platform based on a targeted gene panel.",openalex,llm,0.990,unreviewed,
discarded,SciClone: Inferring Clonal Architecture and Tracking the Spatial and Temporal Patterns of Tumor Evolution,Christopher A. Miller; Brian S. White; Nathan D. Dees; Malachi Griffith; John S. Welch; Obi L. Griffith; Ravi Vij; Michael H. Tomasson; Timothy A. Graubert; Matthew J. Walter; Matthew J. Ellis; William Schierding; John F. DiPersio; Timothy J. Ley; Elaine R. Mardis; Richard K. Wilson; Li Ding,2014,PLoS Computational Biology,10.1371/journal.pcbi.1003665,https://openalex.org/W1979115864,off-topic-false-hit,"The sensitivity of massively-parallel sequencing has confirmed that most cancers are oligoclonal, with subpopulations of neoplastic cells harboring distinct mutations. A fine resolution view of this clonal architecture provides insight into tumor heterogeneity, evolution, and treatment response, all of which may have clinical implications. Single tumor analysis already contributes to understanding these phenomena. However, cryptic subclones are frequently revealed by additional patient samples (e.g., collected at relapse or following treatment), indicating that accurately characterizing a tumor requires analyzing multiple samples from the same patient. To address this need, we present SciClone, a computational method that identifies the number and genetic composition of subclones by analyzing the variant allele frequencies of somatic mutations. We use it to detect subclones in acute myeloid leukemia and breast cancer samples that, though present at disease onset, are not evident from a single primary tumor sample. By doing so, we can track tumor evolution and identify the spatial origins of cells resisting therapy.",openalex,llm,0.990,unreviewed,
kept,Survey of Research on Software Clones,Rainer Koschke,2007,DROPS (Schloss Dagstuhl – Leibniz Center for Informatics),10.4230/dagsemproc.06301.13,https://openalex.org/W1857184435,qualifies-claim,"This report summarizes my overview talk on software clone detection research. It first discusses the notion of software redundancy, cloning, duplication, and similarity. Then, it describes various categorizations of clone types, empirical studies on the root causes for cloning, current opinions and wisdom of consequences of cloning, empirical studies on the evolution of clones, ways to remove, to avoid, and to detect them, empirical evaluations of existing automatic clone detector performance (such as recall, precision, time and space consumption) and their fitness for a particular purpose, benchmarks for clone detector evaluations, presentation issues, and last but not least application of clone detection in other related fields. After each summary of a subarea, I am listing open research questions.",openalex,llm,0.860,unreviewed,
discarded,Pattern Matching for Clone and Concept Detection,Kostas Kontogiannis; R. DeMori; Ettore Merlo; Michael A. Galler; M. Bernstein,2007,,10.1007/978-0-585-27477-5_4,https://openalex.org/W1964795700,adjacent-subtopic,,openalex,llm,0.840,unreviewed,
discarded,Pattern matching for clone and concept detection,Kostas Kontogiannis; R. DeMori; Ettore Merlo; Michael A. Galler; M. Bernstein,1996,Automated Software Engineering,10.1007/bf00126960,https://openalex.org/W4239812996,adjacent-subtopic,,openalex,llm,0.960,unreviewed,
discarded,Acquired Resistance and Clonal Evolution in Melanoma during BRAF Inhibitor Therapy,Hubing Shi; Willy Hugo; Xiangju Kong; Aayoung Hong; Richard C. Koya; Gatien Moriceau; Thinle Chodon; Rongqing Guo; Douglas B. Johnson; Kimberly B. Dahlman; Mark C. Kelley; Richard Kefford; Bartosz Chmielowski; John A. Glaspy; Jeffrey A. Sosman; Nicolas van Baren; Georgina V. Long; Antoni Ribas; Roger S. Lo,2013,Cancer Discovery,10.1158/2159-8290.cd-13-0642,https://openalex.org/W2105660237,off-topic-false-hit,"Abstract BRAF inhibitors elicit rapid antitumor responses in the majority of patients with BRAFV600-mutant melanoma, but acquired drug resistance is almost universal. We sought to identify the core resistance pathways and the extent of tumor heterogeneity during disease progression. We show that mitogen-activated protein kinase reactivation mechanisms were detected among 70% of disease-progressive tissues, with RAS mutations, mutant BRAF amplification, and alternative splicing being most common. We also detected PI3K–PTEN–AKT–upregulating genetic alterations among 22% of progressive melanomas. Distinct molecular lesions in both core drug escape pathways were commonly detected concurrently in the same tumor or among multiple tumors from the same patient. Beyond harboring extensively heterogeneous resistance mechanisms, melanoma regrowth emerging from BRAF inhibitor selection displayed branched evolution marked by altered mutational spectra/signatures and increased fitness. Thus, melanoma genomic heterogeneity contributes significantly to BRAF inhibitor treatment failure, implying upfront, cotargeting of two core pathways as an essential strategy for durable responses. Significance: This study provides critical insights into how human BRAF-mutant melanoma, a malignancy with marked mutational burden, escapes from BRAF inhibitors. Understanding the core resistance pathways as well as tumor heterogeneity, fitness, and mutational patterns, which emerge under drug selection, lays a foundation to rationalize clinical studies and investigate mechanisms of disease progression. Cancer Discov; 4(1); 80–93. ©2013 AACR. See related commentary by Solit and Rosen, p. 27 This article is highlighted in the In This Issue feature, p. 1",openalex,llm,0.990,unreviewed,
discarded,Isolation of the Arabidopsis ABI3 gene by positional cloning.,J. Giraudat; Brian M. Hauge; Christiane Valon; Jan Smalle; François Parcy; H M Goodman,1992,The Plant Cell,10.1105/tpc.4.10.1251,https://openalex.org/W2141985540,off-topic-false-hit,"Arabidopsis abi3 mutants are altered in various aspects of seed development and germination that reflect a decreased responsiveness to the hormone abscisic acid. The ABI3 gene has been isolated by positional cloning. A detailed restriction fragment length polymorphism (RFLP) map of the abi3 region was constructed. An RFLP marker closely linked to the abi3 locus was identified, and by analyzing an overlapping set of cosmid clones containing this marker, the abi3 locus was localized within a 35-kb region. An 11-kb subfragment was then shown to complement the mutant phenotype in transgenic plants, thereby further delimiting the position of the locus. A candidate ABI3 gene was identified within this fragment as being expressed in developing fruits. The primary structure of the encoded protein was deduced from sequence analysis of a corresponding cDNA clone. In the most severe abi3-4 allele, the size of this predicted protein was reduced by 40% due to the presence of a point mutation that introduced a premature stop codon. The predicted ABI3 protein displays discrete regions of high similarity to the maize viviparous-1 protein.",openalex,llm,0.990,unreviewed,
discarded,Spatial reconstruction of single-cell gene expression data,Rahul Satija; Jeffrey A. Farrell; David Gennert; Alexander F. Schier; Aviv Regev,2015,Nature Biotechnology,10.1038/nbt.3192,https://openalex.org/W2069089843,off-topic-false-hit,"Spatial localization is a key determinant of cellular fate and behavior, but methods for spatially resolved, transcriptome-wide gene expression profiling across complex tissues are lacking. RNA staining methods assay only a small number of transcripts, whereas single-cell RNA-seq, which measures global gene expression, separates cells from their native spatial context. Here we present Seurat, a computational strategy to infer cellular localization by integrating single-cell RNA-seq data with in situ RNA patterns. We applied Seurat to spatially map 851 single cells from dissociated zebrafish (Danio rerio) embryos and generated a transcriptome-wide map of spatial patterning. We confirmed Seurat's accuracy using several experimental approaches, then used the strategy to identify a set of archetypal expression patterns and spatial markers. Seurat correctly localizes rare subpopulations, accurately mapping both spatially restricted and scattered groups. Seurat will be applicable to mapping cellular localization within complex patterned tissues in diverse systems.",openalex,llm,0.990,unreviewed,
discarded,The Population Genetics of Clonal and Partially Clonal Diploids,François Balloux; Laurent Lehmann; Thierry De Meeûs,2003,Genetics,10.1093/genetics/164.4.1635,https://openalex.org/W2050534163,off-topic-false-hit,"The consequences of variable rates of clonal reproduction on the population genetics of neutral markers are explored in diploid organisms within a subdivided population (island model). We use both analytical and stochastic simulation approaches. High rates of clonal reproduction will positively affect heterozygosity. As a consequence, nearly twice as many alleles per locus can be maintained and population differentiation estimated as F(ST) value is strongly decreased in purely clonal populations as compared to purely sexual ones. With increasing clonal reproduction, effective population size first slowly increases and then points toward extreme values when the reproductive system tends toward strict clonality. This reflects the fact that polymorphism is protected within individuals due to fixed heterozygosity. Contrarily, genotypic diversity smoothly decreases with increasing rates of clonal reproduction. Asexual populations thus maintain higher genetic diversity at each single locus but a lower number of different genotypes. Mixed clonal/sexual reproduction is nearly indistinguishable from strict sexual reproduction as long as the proportion of clonal reproduction is not strongly predominant for all quantities investigated, except for genotypic diversities (both at individual loci and over multiple loci).",openalex,llm,0.990,unreviewed,
discarded,Temperature Gradient Gel Electrophoresis Analysis of 16S rRNA from Human Fecal Samples Reveals Stable and Host-Specific Communities of Active Bacteria,Erwin G. Zoetendal; A.D.L. Akkermans; Willem M. de Vos,1998,Applied and Environmental Microbiology,10.1128/aem.64.10.3854-3859.1998,https://openalex.org/W2122007620,off-topic-false-hit,"The diversity of the predominant bacteria in the human gastrointestinal tract was studied by using 16S rRNA-based approaches. PCR amplicons of the V6 to V8 regions of fecal 16S rRNA and ribosomal DNA (rDNA) were analyzed by temperature gradient gel electrophoresis (TGGE). TGGE of fecal 16S rDNA amplicons from 16 individuals showed different profiles, with some bands in common. Fecal samples from two individuals were monitored over time and showed remarkably stable profiles over a period of at least 6 months. TGGE profiles derived from 16S rRNA and rDNA amplicons showed similar banding patterns. However, the intensities of bands with similar mobilities differed in some cases, indicating a different contribution to the total active fraction of the prominent fecal bacteria. Most 16S rRNA amplicons in the TGGE pattern of one subject were identified by cloning and sequence analysis. Forty-five of the 78 clones matched 15 bands, and 33 clones did not match any visible band in the TGGE pattern. Nested PCR of amplified 16S rDNA indicated preferential amplification of a sequence corresponding to 12 of the 33 nonmatching clones with similar mobilities in TGGE. The sequences matching 15 bands in the TGGE pattern showed 91.5 to 98.7% homology to sequences derived from different Clostridium clusters. Most of these were related to strains derived from the human intestine. The results indicate that the combination of cloning and TGGE analysis of 16S rDNA amplicons is a reliable approach to monitoring different microbial communities in feces.",openalex,llm,0.980,unreviewed,
discarded,Clustering and conservation patterns of human microRNAs,Yaël Altuvia,2005,Nucleic Acids Research,10.1093/nar/gki567,https://openalex.org/W2133763262,off-topic-false-hit,"MicroRNAs (miRNAs) are approximately 22 nt-long non-coding RNA molecules, believed to play important roles in gene regulation. We present a comprehensive analysis of the conservation and clustering patterns of known miRNAs in human. We show that human miRNA gene clustering is significantly higher than expected at random. A total of 37% of the known human miRNA genes analyzed in this study appear in clusters of two or more with pairwise chromosomal distances of at most 3000 nt. Comparison of the miRNA sequences with their homologs in four other organisms reveals a typical conservation pattern, persistent throughout the clusters. Furthermore, we show enrichment in the typical conservation patterns and other miRNA-like properties in the vicinity of known miRNA genes, compared with random genomic regions. This may imply that additional, yet unknown, miRNAs reside in these regions, consistent with the current recognition that there are overlooked miRNAs. Indeed, by comparing our predictions with cloning results and with identified miRNA genes in other mammals, we corroborate the predictions of 18 additional human miRNA genes in the vicinity of the previously known ones. Our study raises the proportion of clustered human miRNAs that are <3000 nt apart to 42%. This suggests that the clustering of miRNA genes is higher than currently acknowledged, alluding to its evolutionary and functional implications.",openalex,llm,0.980,unreviewed,
discarded,Base-Calling of Automated Sequencer Traces Using Phred. I. Accuracy Assessment,Brent Ewing; LaDeana Hillier; Michael C. Wendl; Phil Green,1998,Genome Research,10.1101/gr.8.3.175,https://openalex.org/W2121016876,off-topic-false-hit,"The availability of massive amounts of DNA sequence information has begun to revolutionize the practice of biology. As a result, current large-scale sequencing output, while impressive, is not adequate to keep pace with growing demand and, in particular, is far short of what will be required to obtain the 3-billion-base human genome sequence by the target date of 2005. To reach this goal, improved automation will be essential, and it is particularly important that human involvement in sequence data processing be significantly reduced or eliminated. Progress in this respect will require both improved accuracy of the data processing software and reliable accuracy measures to reduce the need for human involvement in error correction and make human review more efficient. Here, we describe one step toward that goal: a base-calling program for automated sequencer traces, phred, with improved accuracy. phred appears to be the first base-calling program to achieve a lower error rate than the ABI software, averaging 40%-50% fewer errors in the data sets examined independent of position in read, machine running conditions, or sequencing chemistry.",openalex,llm,0.980,unreviewed,
