status,title,authors,year,venue,doi,url,tags,abstract,provider,decision_source,llm_confidence,llm_review_outcome,llm_change_direction
discarded,"Code Readability Testing, an Empirical Study",Todd Sedano,2016,,10.1109/cseet.2016.36,https://openalex.org/W2403787929,off-topic-false-hit,"Context: One of the factors that leads to improved code maintainability is its readability. When code is difficult to read, it is difficult for subsequent developers to understand its flow and its side effects. They are likely to introduce new bugs while trying to fix old bugs or adding new features. But how do software developers know they have written readable code? Objective: This paper presents a new technique, Code Readability Testing, to determine whether code is readable and evaluates whether the technique increases programmers' ability to write readable code. Method: The researcher conducted a field study using 21 software engineering master students and followed the Code Readability Testing with each student in four separate sessions evaluating different ""production ready"" software. After the observations, a questionnaire evaluated the programmer's perspective. Results: By following Code Readability Testing, half of the programmers writing ""unreadable"" code started writing ""readable"" code after four sessions. Programmers writing ""readable"" code also improved their ability to write readable code. The study reveals that the most frequent suggestions for increasing code readability are improving variable names, improving method names, creating new methods in order to reduce code duplication, simplifying if conditions and structures, and simplifying loop conditions. The programmers report that readability testing is worth their time. They observe increases in their ability to write readable code. When programmers experience a reader struggling to understand their code, they become motivated to write readable code. Conclusion: This paper defines code readability, demonstrates that Code Readability Testing improves programmers' ability to write readable code, and identifies frequent fixes needed to improve code readability.",openalex,llm,0.980,unreviewed,
discarded,Analyzing the concept of technical debt in the context of agile software development: A systematic literature review,Woubshet Behutiye; Pilar Rodríguez; Markku Oivo; Ayşe Tosun,2016,Information and Software Technology,10.1016/j.infsof.2016.10.004,https://openalex.org/W2541116876,off-topic-false-hit,"Abstract Context Technical debt (TD) is a metaphor that is used to communicate the consequences of poor software development practices to non-technical stakeholders. In recent years, it has gained significant attention in agile software development (ASD). Objective The purpose of this study is to analyze and synthesize the state of the art of TD, and its causes, consequences, and management strategies in the context of ASD. Research Method Using a systematic literature review (SLR), 38 primary studies, out of 346 studies, were identified and analyzed. Results We found five research areas of interest related to the literature of TD in ASD. Among those areas, “managing TD in ASD” received the highest attention, followed by “architecture in ASD and its relationship with TD”. In addition, eight categories regarding the causes and five categories regarding the consequences of incurring TD in ASD were identified. “Focus on quick delivery” and “architectural and design issues” were the most popular causes of incurring TD in ASD. “Reduced productivity”, “system degradation” and “increased maintenance cost” were identified as significant consequences of incurring TD in ASD. Additionally, we found 12 strategies for managing TD in the context of ASD, out of which “refactoring” and “enhancing the visibility of TD” were the most significant. Conclusion The results of this study provide a structured synthesis of TD and its management in the context of ASD as well as potential research areas for further investigation.",openalex,llm,0.950,unreviewed,
discarded,Scalable detection of similar code: Techniques and applications,Lingxiao Jiang,2009,,,https://openalex.org/W2162070924,adjacent-subtopic,"Similar code, also known as cloned code, commonly exists in large software. Studies show that code duplication can incur higher software maintenance cost and more software defects. Thus, detecting similar code and tracking its migration have many important applications, including program understanding, refactoring, optimization, and bug detection. This dissertation presents novel, general techniques for detecting and analyzing both syntactic and semantic code clones. The techniques can scalably and accurately detect clones based on various similarity definitions, including trees, graphs, and functional behavior. They also have the general capability to help reduce software defects and advance code reuse. Specifically, this dissertation makes the following main contributions: First, it presents Deckard, a tree-based clone detection technique and tool. The key insight is that we accurately represent syntax trees and dependency graphs of a program as characteristic vectors in the Euclidean space and apply hashing algorithms to cluster similar vectors efficiently. Experiments show that Deckard scales to millions of lines of code with few false positives. In addition, Deckard is language-agnostic and easily parallelizable,",openalex,llm,0.880,unreviewed,
discarded,The Impact of Ensemble Techniques on Software Maintenance Change Prediction: An Empirical Study,Hadeel Alsolai; Marc Roper,2022,Applied Sciences,10.3390/app12105234,https://openalex.org/W4281259629,off-topic-false-hit,"Various prediction models have been proposed by researchers to predict the change-proneness of classes based on source code metrics. However, some of these models suffer from low prediction accuracy because datasets exhibit high dimensionality or imbalanced classes. Recent studies suggest that using ensembles to integrate several models, select features, or perform sampling has the potential to resolve issues in the datasets and improve the prediction accuracy. This study aims to empirically evaluate the effectiveness of the ensemble models, feature selection, and sampling techniques on predicting change-proneness using different metrics. We conduct an empirical study to compare the performance of four machine learning models (naive Bayes, support vector machines, k-nearest neighbors, and random forests) on seven datasets for predicting change-proneness. We use two types of feature selection (relief and Pearson’s correlation coefficient) and three types of ensemble sampling techniques, which integrate different types of sampling techniques (SMOTE, spread sub-sample, and randomize). The results of this study reveal that the ensemble feature selection and sampling techniques yield improved prediction accuracy over most of the investigated models, and using sampling techniques increased the prediction accuracy of all models. Random forests provide a significant improvement over other prediction models and obtained the highest value of the average of the area under curve in all scenarios. The proposed ensemble feature selection and sampling techniques, along with the ensemble model (random forests), were found beneficial in improving the prediction accuracy of change-proneness.",openalex,llm,0.980,unreviewed,
discarded,Code Similarity Detection by Computing Block Level Feature Metrics,M Sudhamani; Lalitha Rangarajan,2018,INTERNATIONAL JOURNAL OF COMPUTER APPLICATION,10.26808/rs.ca.i8v2.02,https://openalex.org/W2791725569,adjacent-subtopic,"All software systems are subject to continuous evolution and maintenance activities in order to eliminate defects and extend their functionalities. We need to deal with code duplication in order to prevent some problems that will appear when trying to adapt to the changes that are imminent in a real software system. In this paper, source code is divided into different types of blocks to detect duplicate segments. The proposed method aims at detecting segments that have similar functional blocks. We have experimentally validated the proposed technique in terms of accuracy. The method can efficiently identify structural and functional similar clones.",openalex,llm,0.970,unreviewed,
discarded,Free open source communities sustainability: Does it make a difference in software quality?,Adam Alami; Raúl Pardo; Johan Linåker,2024,Empirical Software Engineering,10.1007/s10664-024-10529-6,https://openalex.org/W4400920480,off-topic-false-hit,"Abstract Context Free and Open Source Software (FOSS) communities’ ability to stay viable and productive over time is pivotal for society as they maintain the building blocks that digital infrastructure, products, and services depend on. Sustainability may, however, be characterized from multiple aspects, and less is known how these aspects interplay and impact community outputs, and software quality specifically. Objective This study, therefore, aims to empirically explore how the different aspects of FOSS sustainability impact software quality. Method 16 sustainability metrics across four categories were sampled and applied to a set of 217 OSS projects sourced from the Apache Software Foundation Incubator program. The impact of a decline in the sustainability metrics was analyzed against eight software quality metrics using Bayesian data analysis, which incorporates probability distributions to represent the regression coefficients and intercepts. Results Findings suggest that selected sustainability metrics do not significantly affect defect density or code coverage. However, a positive impact of community age was observed on specific code quality metrics, such as risk complexity, number of very large files, and code duplication percentage. Interestingly, findings show that even when communities are experiencing sustainability, certain code quality metrics are negatively impacted. Conclusion Findings imply that code quality practices are not consistently linked to sustainability, and defect management and prevention may be prioritized over the former. Results suggest that growth, resulting in a more complex and large codebase, combined with a probable lack of understanding of code quality standards, may explain the degradation in certain aspects of code quality.",openalex,llm,0.970,unreviewed,
discarded,Customizable visualization of quality metrics for object-oriented variability implementations,Johann Mortara; Philippe Collet; Anne-Marie Déry-Pinna,2022,,10.1145/3546932.3547073,https://openalex.org/W4291385964,adjacent-subtopic,"Many large-scale software systems intensively implement variability to reuse software and speed up development. Such mechanisms, however, bring additional complexity, which eventually leads to technical debt, threatening the software quality, and hampering maintenance and evolution. This is especially the case for variability-rich object-oriented (OO) systems that implement variability in a single codebase. They heavily rely on existing OO mechanisms to implement their variability, making them especially prone to variability debt at the code level. In this paper, we propose VariMetrics, an extension of a visualization relying on the city metaphor to reveal such zones of indebted OO variability implementations. VariMetrics extends the VariCity visualization and displays standard OO quality metrics, such as code duplication, code complexity, or test coverage, as additional visual properties on the buildings representing classes. Extended configuration options allow the user to choose and combine quality metrics, uncovering the critical zones of OO variability implementations. We evaluate VariMetrics both by reporting on the exposed quality-critical zones found on multiple large open-source projects, and by correcting the reported issues in such zones of one project, showing an improvement in quality.",openalex,llm,0.840,unreviewed,
discarded,"Security for Machine Learning-based Software Systems: A Survey of Threats, Practices, and Challenges",Huaming Chen; Muhammad Ali Babar,2023,ACM Computing Surveys,10.1145/3638531,https://openalex.org/W4390317578,off-topic-false-hit,"The rapid development of Machine Learning (ML) has demonstrated superior performance in many areas, such as computer vision and video and speech recognition. It has now been increasingly leveraged in software systems to automate the core tasks. However, how to securely develop the machine learning-based modern software systems (MLBSS) remains a big challenge, for which the insufficient consideration will largely limit its application in safety-critical domains. One concern is that the present MLBSS development tends to be rushed, and the latent vulnerabilities and privacy issues exposed to external users and attackers will be largely neglected and hard to be identified. Additionally, machine learning-based software systems exhibit different liabilities towards novel vulnerabilities at different development stages from requirement analysis to system maintenance, due to its inherent limitations from the model and data and the external adversary capabilities. The successful generation of such intelligent systems will thus solicit dedicated efforts jointly from different research areas, i.e., software engineering, system security, and machine learning. Most of the recent works regarding the security issues for ML have a strong focus on the data and models, which has brought adversarial attacks into consideration. In this work, we consider that security for machine learning-based software systems may arise from inherent system defects or external adversarial attacks, and the secure development practices should be taken throughout the whole lifecycle. While machine learning has become a new threat domain for existing software engineering practices, there is no such review work covering the topic. Overall, we present a holistic review regarding the security for MLBSS, which covers a systematic understanding from a structure review of three distinct aspects in terms of security threats. Moreover, it provides a thorough state-of-the-practice for MLBSS secure development. Finally, we summarize the literature for system security assurance and motivate the future research directions with open challenges. We anticipate this work provides sufficient discussion and novel insights to incorporate system security engineering for future exploration.",openalex,llm,0.990,unreviewed,
discarded,Analysis of Program Representations Based on Abstract Syntax Trees and Higher-Order Markov Chains for Source Code Classification Task,Artyom V. Gorchakov; Liliya Demidova; Peter N. Sovietov,2023,Future Internet,10.3390/fi15090314,https://openalex.org/W4386833013,adjacent-subtopic,"In this paper we consider the research and development of classifiers that are trained to predict the task solved by source code. Possible applications of such task detection algorithms include method name prediction, hardware–software partitioning, programming standard violation detection, and semantic code duplication search. We provide the comparative analysis of modern approaches to source code transformation into vector-based representations that extend the variety of classification and clustering algorithms that can be used for intelligent source code analysis. These approaches include word2vec, code2vec, first-order and second-order Markov chains constructed from abstract syntax trees (AST), histograms of assembly language instruction opcodes, and histograms of AST node types. The vectors obtained with the forementioned approaches are then used to train such classification algorithms as k-nearest neighbor (KNN), support vector machine (SVM), random forest (RF), and multilayer perceptron (MLP). The obtained results show that the use of program vectors based on first-order AST-based Markov chains with an RF-based classifier leads to the highest accuracy, precision, recall, and F1 score. Increasing the order of Markov chains considerably increases the dimensionality of a vector, without any improvements in classifier quality, so we assume that first-order Markov chains are best suitable for real world applications. Additionally, the experimental study shows that first-order AST-based Markov chains are least sensitive to the used classification algorithm.",openalex,llm,0.940,unreviewed,
discarded,A learning-based method for detecting defective classes in object-oriented systems,Cagil Biray; Feza Buzluca,2015,,10.1109/icstw.2015.7107477,https://openalex.org/W1573486701,off-topic-false-hit,"Code or design problems in software classes reduce understandability, flexibility and reusability of the system. Performing maintenance activities on defective components such as adding new features, adapting to the changes, finding bugs, and correcting errors, is hard and consumes a lot of time. Unless the design defects are corrected by a refactoring process these error-prone classes will most likely generate new errors after later modifications. Therefore, these classes will have a high error frequency (EF), which is defined as the ratio between the number of errors and modifications. Early estimate of error-prone classes helps developers to focus on defective modules, thus reduces testing time and maintenance costs. In this paper, we propose a learning-based decision tree model for detecting error-prone classes with structural design defects. The main novelty in our approach is that we consider EFs and change counts (ChC) of classes to construct a proper data set for the training of the model. We built our training set that includes design metrics of classes by analyzing numerous releases of real-world software products and considering EFs of classes to mark them as error-prone or non-error-prone. We evaluated our method using two long-standing software solutions of Ericsson Turkey. We shared and discussed our findings with the development teams. The results show that, our approach succeeds in finding error-prone classes and it can be used to decrease the testing and maintenance costs.",openalex,llm,0.960,unreviewed,
discarded,Does Technical Debt Lead to the Rejection of Pull Requests?,Marcelino Campos Oliveira Silva; Marco Túlio Valente; Ricardo Terra,2016,Anais do Simpósio Brasileiro de Sistemas de Informação (SBSI),10.5753/sbsi.2016.5969,https://openalex.org/W2339737717,off-topic-false-hit,"Technical Debt is a term used to classify non-optimal solutions during software development. These solutions cause several maintenance problems and hence they should be avoided or at least documented. Although there are a considered number of studies that focus on the identification of Technical Debt, we focus on the identification of Technical Debt in pull requests. Specifically, we conduct an investigation to reveal the different types of Technical Debt that can lead to the rejection of pull requests. From the analysis of 1,722 pull requests, we classify Technical Debt in seven categories namely design, documentation, test, build, project convention, performance, or security debt. Our results indicate that the most common category of Technical Debt is design with 39.34%, followed by test with 23.70% and project convention with 15.64%. We also note that the type of Technical Debt influences on the size of push request discussions, e.g., security and project convention debts instigate more discussion than the other types.",openalex,llm,0.930,unreviewed,
discarded,A Survey of Software Clone Detection From Security Perspective,Haibo Zhang; Kouichi Sakurai,2021,IEEE Access,10.1109/access.2021.3065872,https://openalex.org/W3137884047,adjacent-subtopic,"For software engineering, if two code fragments are closely similar with minor modifications or even identical due to a copy-paste behavior, that is called software/code clone. Code clones can cause trouble in software maintenance and debugging process because identifying all copied compromised code fragments in other locations is time-consuming. Researchers have been working on code clone detection issues for a long time, and the discussion mainly focuses on software engineering management and system maintenance. Another considerable issue is that code cloning provides an easy way to attackers for malicious code injection. A thorough survey work of code clone identification/detection from the security perspective is indispensable for providing a comprehensive review of existing related works and proposing future potential research directions. This paper can satisfy above requirements. We review and introduce existing security-related works following three different classifications and various comparison criteria. We then discuss three further research directions, (i) deep learning-based code clone vulnerability detection, (ii) vulnerable code clone detection for 5G-Internet of Things devices, and (iii) real-time detection methods for more efficiently detecting clone attacks. These methods are more advanced and adaptive to technological development than current technologies, and still have enough research space for future studies.",openalex,llm,0.930,unreviewed,
discarded,A systematic mapping study on technical debt and its management,Zengyang Li; Paris Avgeriou; Peng Liang,2014,Journal of Systems and Software,10.1016/j.jss.2014.12.027,https://openalex.org/W2028836139,off-topic-false-hit,"Context: Technical debt (TD) is a metaphor reflecting technical compromises that can yield short-term benefit but may hurt the long-term health of a software system.

Objective: This work aims at collecting studies on TD and TD management (TDM), and making a classification and thematic analysis on these studies, to obtain a comprehensive understanding on the TD concept and an overview on the current state of research on TDM.

