status,title,authors,year,venue,doi,url,tags,abstract,provider,decision_source,llm_confidence,llm_review_outcome,llm_change_direction
Focusing on software products, one of the most used methods by development teams for measuring Internal Quality is the static analysis of the source code. This paper works in this line and presents a study of the state-of-the-art open source software tools that automate the collection of these metrics, particularly for developments in Java. These tools have been compared according to certain criteria defined in this study. (C) 2013 The Authors. Published by Elsevier B.V. All rights reserved.",openalex,llm,0.920,unreviewed,
discarded,bertha: Project skeleton for scientific software,Michael Riesch; Tien Dat Nguyen; Christian Jirauschek,2020,PLoS ONE,10.1371/journal.pone.0230557,https://openalex.org/W3012944580,off-topic-false-hit,"Science depends heavily on reliable and easy-to-use software packages, such as mathematical libraries or data analysis tools. Developing such packages requires a lot of effort, which is too often avoided due to the lack of funding or recognition. In order to reduce the efforts required to create sustainable software packages, we present a project skeleton that ensures the best software engineering practices from the start of a project, or serves as reference for existing projects.",openalex,llm,0.900,unreviewed,
discarded,Bionitio: demonstrating and facilitating best practices for bioinformatics command-line software,Peter Georgeson; Anna Syme; Clare Sloggett; Jessica Chung; Harriet Dashnow; Michael Milton; Andrew Lonsdale; David Powell; Torsten Seemann; Bernard J. Pope,2019,GigaScience,10.1093/gigascience/giz109,https://openalex.org/W2976808621,off-topic-false-hit,"BACKGROUND: Bioinformatics software tools are often created ad hoc, frequently by people without extensive training in software development. In particular, for beginners, the barrier to entry in bioinformatics software development is high, especially if they want to adopt good programming practices. Even experienced developers do not always follow best practices. This results in the proliferation of poorer-quality bioinformatics software, leading to limited scalability and inefficient use of resources; lack of reproducibility, usability, adaptability, and interoperability; and erroneous or inaccurate results. FINDINGS: We have developed Bionitio, a tool that automates the process of starting new bioinformatics software projects following recommended best practices. With a single command, the user can create a new well-structured project in 1 of 12 programming languages. The resulting software is functional, carrying out a prototypical bioinformatics task, and thus serves as both a working example and a template for building new tools. Key features include command-line argument parsing, error handling, progress logging, defined exit status values, a test suite, a version number, standardized building and packaging, user documentation, code documentation, a standard open source software license, software revision control, and containerization. CONCLUSIONS: Bionitio serves as a learning aid for beginner-to-intermediate bioinformatics programmers and provides an excellent starting point for new projects. This helps developers adopt good programming practices from the beginning of a project and encourages high-quality tools to be developed more rapidly. This also benefits users because tools are more easily installed and consistent in their usage. Bionitio is released as open source software under the MIT License and is available at https://github.com/bionitio-team/bionitio.",openalex,llm,0.900,unreviewed,
discarded,Unraveling Java's Prowess and Adaptable Architecture in Modern Software Development,Parikshith Reddy Baddam; Vishal Reddy Vadiyala; Upendar Rao Thaduri,2018,Global Disclosure of Economics and Business,10.18034/gdeb.v7i2.710,https://openalex.org/W4390451158,off-topic-false-hit,"This research delves into the multifaceted landscape of the Java programming language, elucidating its fundamental strengths and adaptive architecture that have dominated the software development realm for nearly two decades. The study meticulously explores the objectives of deciphering Java's platform independence, leveraging its object-oriented paradigm, and evaluating its expansive ecosystem. By examining the findings related to Java's role in cross-platform development, web and mobile application development, enterprise software, and the Internet of Things (IoT), this research sheds light on the language's unparalleled versatility. The author's contribution lies in synthesizing a comprehensive overview of Java's features, from its robust security measures to its extensive standard library. This research underscores Java's pivotal role in shaping the ever-evolving landscape of software development and concludes with implications for future advancements in the field.",openalex,llm,0.960,unreviewed,
discarded,FRETBursts: An Open Source Toolkit for Analysis of Freely-Diffusing Single-Molecule FRET,Antonino Ingargiola; Eitan Lerner; Sangyoon Chung; Shimon Weiss; Xavier Michalet,2016,PLoS ONE,10.1371/journal.pone.0160716,https://openalex.org/W2950138311,off-topic-false-hit,"Single-molecule Förster Resonance Energy Transfer (smFRET) allows probing intermolecular interactions and conformational changes in biomacromolecules, and represents an invaluable tool for studying cellular processes at the molecular scale. smFRET experiments can detect the distance between two fluorescent labels (donor and acceptor) in the 3-10 nm range. In the commonly employed confocal geometry, molecules are free to diffuse in solution. When a molecule traverses the excitation volume, it emits a burst of photons, which can be detected by single-photon avalanche diode (SPAD) detectors. The intensities of donor and acceptor fluorescence can then be related to the distance between the two fluorophores. While recent years have seen a growing number of contributions proposing improvements or new techniques in smFRET data analysis, rarely have those publications been accompanied by software implementation. In particular, despite the widespread application of smFRET, no complete software package for smFRET burst analysis is freely available to date. In this paper, we introduce FRETBursts, an open source software for analysis of freely-diffusing smFRET data. FRETBursts allows executing all the fundamental steps of smFRET bursts analysis using state-of-the-art as well as novel techniques, while providing an open, robust and well-documented implementation. Therefore, FRETBursts represents an ideal platform for comparison and development of new methods in burst analysis. We employ modern software engineering principles in order to minimize bugs and facilitate long-term maintainability. Furthermore, we place a strong focus on reproducibility by relying on Jupyter notebooks for FRETBursts execution. Notebooks are executable documents capturing all the steps of the analysis (including data files, input parameters, and results) and can be easily shared to replicate complete smFRET analyzes. Notebooks allow beginners to execute complex workflows and advanced users to customize the analysis for their own needs. By bundling analysis description, code and results in a single document, FRETBursts allows to seamless share analysis workflows and results, encourages reproducibility and facilitates collaboration among researchers in the single-molecule community.",openalex,llm,0.970,unreviewed,
discarded,Model Driven Software Engineering for Web Applications,Andreas Kraus,2007,Electronic Theses of LMU Munich (Ludwig-Maximilians-Universität München),10.5282/edoc.7936,https://openalex.org/W1805562699,off-topic-false-hit,"Model driven software engineering (MDSE) is becoming a widely accepted approach for developing complex applications and it is on its way to be one of the most promising paradigms in software engineering. MDSE advocates the use of models as the key artifacts in all phases of the development process, from analysis to design, implementation and testing. The most promising approach to model driven engineering is the Model Driven Architecture (MDA) defined by the Object Management Group (OMG). Applications are modeled at a platform independent level and are transformed to (possibly several) platform specific implementations. Model driven Web engineering (MDWE) is the application of model driven engineering to the domain of Web application development where it might be particularly helpful because of the continuous evolution of Web technologies and platforms. However, most current approaches for MDWE provide only a partial application of the MDA pattern. Further, metamodels and transformations are not always made explicit and metamodels are often too general or do not contain sufficient information for the automatic code generation. Thus, the main goal of this work is the complete application of the MDA pattern to the Web application domain from analysis to the generated implementation, with transformations playing an important role at every stage of the development process. Explicit metamodels are defined for the platform independent analysis and design and for the platform specific implementation of dynamic Web applications. Explicit transformations allow the automatic generation of executable code for a broad range of technologies. For pursuing this goal, the following approach was chosen. A metamodel is defined for the platform independent analysis and for the design of the content, navigation, process and presentation concerns of Web applications as a conservative extension of the UML (Unified Modeling Language) metamodel, together with a cor-responding UML profile as notation. OCL constraints ensure the well-formedness of models and are checked by transformations. Transformations implement the systematic evolution of analysis and design models. A generic platform for Web applications built on an open-source Web platform and a generic runtime environment is proposed that represents a family of platforms supporting the combination of a broad range of technologies. The transformation to the platform specific models for this generic platform is decomposed along the concerns of Web applications to cope in a fine-grained way with technology changes. For each of the concerns a metamodel for the corresponding technology is defined together with the corresponding transformations from the platform independent design models. The resulting models are serialized to code by means of serialization transformations.",openalex,llm,0.930,unreviewed,
discarded,GenUI: interactive and extensible open source software platform for de novo molecular generation and cheminformatics,M. Sicho; Xuhan Liu; Daniel Svozil; Gerard J. P. van Westen,2021,Journal of Cheminformatics,10.1186/s13321-021-00550-y,https://openalex.org/W3202726775,off-topic-false-hit,"Many contemporary cheminformatics methods, including computer-aided de novo drug design, hold promise to significantly accelerate and reduce the cost of drug discovery. Thanks to this attractive outlook, the field has thrived and in the past few years has seen an especially significant growth, mainly due to the emergence of novel methods based on deep neural networks. This growth is also apparent in the development of novel de novo drug design methods with many new generative algorithms now available. However, widespread adoption of new generative techniques in the fields like medicinal chemistry or chemical biology is still lagging behind the most recent developments. Upon taking a closer look, this fact is not surprising since in order to successfully integrate the most recent de novo drug design methods in existing processes and pipelines, a close collaboration between diverse groups of experimental and theoretical scientists needs to be established. Therefore, to accelerate the adoption of both modern and traditional de novo molecular generators, we developed Generator User Interface (GenUI), a software platform that makes it possible to integrate molecular generators within a feature-rich graphical user interface that is easy to use by experts of diverse backgrounds. GenUI is implemented as a web service and its interfaces offer access to cheminformatics tools for data preprocessing, model building, molecule generation, and interactive chemical space visualization. Moreover, the platform is easy to extend with customizable frontend React.js components and backend Python extensions. GenUI is open source and a recently developed de novo molecular generator, DrugEx, was integrated as a proof of principle. In this work, we present the architecture and implementation details of GenUI and discuss how it can facilitate collaboration in the disparate communities interested in de novo molecular generation and computer-aided drug discovery.",openalex,llm,0.990,unreviewed,
discarded,Self-Organizing Software Architectures,Pietu Pohjalainen,2013,Työväentutkimus Vuosikirja,,https://openalex.org/W2152343463,off-topic-false-hit,"Looking at engineering productivity is a source for improving the state of software engineering. We present two approaches to improve productivity: bottom-up modeling and self-configuring software components. Productivity, as measured in the ability to produce correctly working software features using limited resources is improved by performing less wasteful activities and by concentrating on the required activities to build sustainable software development organizations. Bottom-up modeling is a way to combine improved productivity with agile software engineering. Instead of focusing on tools and up-front planning, the models used emerge, as the requirements to the product are unveiled during a project. The idea is to build the modeling formalisms strong enough to be employed in code generation and as runtime models. This brings the benefits of model-driven engineering to agile projects, where the benefits have been rare. Self-configuring components are a development of bottom-up modeling. The notion of a source model is extended to incorporate the software entities themselves. Using computational reflection and introspection, dependent components of the software can be automatically updated to reflect changes in the dependence. This improves maintainability, thus making software changes faster. The thesis contains a number of case studies explaining the ways of applying the presented techniques. In addition to constructing the case studies, an empirical validation with test subjects is presented to show the usefulness of the techniques.",openalex,llm,0.900,unreviewed,
discarded,Strategies for reuse and sharing among data scientists in software teams,Will Epperson; April Yi Wang; Robert DeLine; Steven M. Drucker,2022,,10.1145/3510457.3513042,https://openalex.org/W4312469091,off-topic-false-hit,"Effective sharing and reuse practices have long been hallmarks of proficient software engineering. Yet the exploratory nature of data science presents new challenges and opportunities to support sharing and reuse of analysis code. To better understand current practices, we conducted interviews (N=17) and a survey (N=132) with data scientists at Microsoft, and extract five commonly used strategies for sharing and reuse of past work: personal analysis reuse, personal utility libraries, team shared analysis code, team shared template notebooks, and team shared libraries. We also identify factors that encourage or discourage data scientists from sharing and reusing. Our participants described obstacles to reuse and sharing including a lack of incentives to create shared code, difficulties in making data science code modular, and a lack of tool interoperability. We discuss how future tools might help meet these needs.",openalex,llm,0.890,unreviewed,
discarded,Strategies for Reuse and Sharing among Data Scientists in Software Teams,Will Epperson; April Yi Wang; Robert DeLine; Steven M. Drucker,2022,,10.1109/icse-seip55303.2022.9793945,https://openalex.org/W4283078951,off-topic-false-hit,"Effective sharing and reuse practices have long been hallmarks of proficient software engineering. Yet the exploratory nature of data science presents new challenges and opportunities to support sharing and reuse of analysis code. To better understand current practices, we conducted interviews (N=17) and a survey (N=132) with data scientists at Microsoft, and extract five commonly used strategies for sharing and reuse of past work: personal analysis reuse, personal utility libraries, team shared analysis code, team shared template notebooks, and team shared libraries. We also identify factors that encourage or discourage data scientists from sharing and reusing. Our participants described obstacles to reuse and sharing including a lack of incentives to create shared code, difficulties in making data science code modular, and a lack of tool interoperability. We discuss how future tools might help meet these needs.",openalex,llm,0.890,unreviewed,
discarded,Sequenceserver: a modern graphical user interface for custom BLAST databases,Anurag Priyam; Ben J. Woodcroft; Vivek Rai; Alekhya Munagala; Ismail Moghul; Filip Ter; Mark Anthony Gibbins; HongKee Moon; Guy Leonard; Wolfgang Rumpf; Yannick Wurm,2015,bioRxiv (Cold Spring Harbor Laboratory),10.1101/033142,https://openalex.org/W2299074704,off-topic-false-hit,"Abstract The dramatic drop in DNA sequencing costs has created many opportunities for novel biological research. These opportunities largely rest upon the ability to effectively compare newly obtained and previously known sequences. This is commonly done with BLAST, yet using BLAST directly on new datasets requires substantial technical skills or helpful colleagues. Furthermore, graphical interfaces for BLAST are challenging to install and largely mimic underlying computational processes rather than work patterns of researchers. We combined a user-centric design philosophy with sustainable software development approaches to create Sequenceserver ( http://sequenceserver.com ), a modern graphical user interface for BLAST. Sequenceserver substantially increases the efficiency of researchers working with sequence data. This is due to innovations at three levels. First, our software can be installed and used on custom datasets extremely rapidly for personal and shared applications. Second, based on analysis of user input and simple algorithms, Sequenceserver reduces the amount of decisions the user must make, provides interactive visual feedback, and prevents common potential errors that would otherwise cause erroneous results. Finally, Sequenceserver provides multiple highly visual and text-based output options that mirror the requirements and work patterns of researchers. Together, these features greatly facilitate BLAST analysis and interpretation and thus substantially enhance researcher productivity.",openalex,llm,0.990,unreviewed,
discarded,"Software Development, Design, and Coding",John F. Dooley; Vera A. Kazakova,2024,Apress eBooks,10.1007/979-8-8688-0285-0,https://openalex.org/W4400097323,off-topic-false-hit,"This book uses the Java language to teach coding standards, debugging, unit testing, modularity, and other characteristics of good programs.",openalex,llm,0.830,unreviewed,
discarded,Gathering evidence: Model-driven software engineering in automated digital forensics,Jeroen van den Bos,2014,UvA-DARE (University of Amsterdam),,https://openalex.org/W2110265121,off-topic-false-hit,"Digital forensics concerns the acquisition, recovery and analysis of information on digital devices to answer legal questions. Exponential increases in available storage, as well as growing device adoption by the public, have made manual inspection of all information infeasible. A solution is automated digital forensics, which is the use of software to perform tasks in digital forensics automatically, reducing the time required. Software engineering techniques exist to construct high performance solutions. However, one requirement complicates the application of standard techniques: handling the high variability in how investigated information is stored. The number of different devices and applications is huge and constantly changing. This leads to a constant stream of required changes to digital forensics software in order to recover as much information as possible. Factoring out commonality so that the changing aspects of a solution can evolve separately is a supposed strength of model-driven software engineering (MDSE). This separation of concerns is achieved through the use of a domain-specific language (DSL). Changes expressed in this DSL are then automatically applied through the use of transformation tools, which handle fixed requirements such as high performance. The research in this thesis forms an extensive case study in the application of MDSE in the domain of automated digital forensics, using the Rascal metaprogramming language. It provides concrete evidence for the successful application of MDSE in automated digital forensics, and contributes to knowledge about the application of MDSE in general. The implementations illustrate the usefulness of Rascal in DSL engineering.",openalex,llm,0.860,unreviewed,
discarded,Concept-Centric Software Development: An Experience Report,Peter Wilczynski; Taylor Gregoire-Wright; Daniel J. Jackson,2023,,10.1145/3622758.3622894,https://openalex.org/W4387773528,off-topic-false-hit,"Developers have long recognized the importance of the concepts underlying the systems they build, and the primary role that concepts play in shaping user experience. To date, however, concepts have tended to be only implicit in software design with development being organized instead around more concrete artifacts (such as wireframes and code modules).",openalex,llm,0.900,unreviewed,
