status,title,authors,year,venue,doi,url,tags,abstract,provider,decision_source,llm_confidence,llm_review_outcome,llm_change_direction
kept,An investigation of the fault-proneness of clone evolutionary patterns,Liliane Barbour; Le An; Foutse Khomh; Ying Zou; Shaohua Wang,2017,Software Quality Journal,10.1007/s11219-017-9375-5,https://openalex.org/W2626932320,supports-claim,"Two identical or similar code fragments form a clone pair. Previous studies have identified cloning as a risky practice. Therefore, a developer needs to be aware of any clone pairs in order to properly propagate any changes between clones. A clone pair may experience many changes during the creation and maintenance of a software system. A change can either maintain or remove the similarity between clones in a clone pair. If a change maintains the similarity between clones, the clone pair is left in a consistent state. When a change makes the clones no longer similar, the clone pair is left in an inconsistent state. The set of states and changes experienced by clone pairs over time form an evolution history known as a clone genealogy. In this paper, we examine clone genealogies to identify fault-prone patterns of states and changes. We explore the use of clone genealogy information in fault prediction. We conduct a quasi-experiment with four long-lived software systems (i.e., Apache Ant, ArgoUML, JEdit, Maven) and identify clones using the NiCad and iClones clone detection tools. Overall, we find that the size of the clone can impact the fault-proneness of a clone pair. However, there is no clear impact of the time interval between changes to a clone pair on the fault-proneness of the clone pair. We also discover that adding clone genealogy information can increase the explanatory power of fault prediction models.",openalex,llm,0.980,unreviewed,
discarded,Building consistent transactions with inconsistent replication,Irene Zhang; Naveen Sharma; Adriana Szekeres; Arvind Krishnamurthy; Dan R. K. Ports,2015,,10.1145/2815400.2815404,https://openalex.org/W2085422792,off-topic-false-hit,"Application programmers increasingly prefer distributed storage systems with strong consistency and distributed transactions (e.g., Google's Spanner) for their strong guarantees and ease of use. Unfortunately, existing transactional storage systems are expensive to use -- in part because they require costly replication protocols, like Paxos, for fault tolerance. In this paper, we present a new approach that makes transactional storage systems more affordable: we eliminate consistency from the replication protocol while still providing distributed transactions with strong consistency to applications.",openalex,llm,0.990,unreviewed,
discarded,Building Consistent Transactions with Inconsistent Replication,Irene Zhang; Naveen Sharma; Adriana Szekeres; Arvind Krishnamurthy; Dan R. K. Ports,2017,ACM Transactions on Computer Systems,10.1145/3269981,https://openalex.org/W2996998733,off-topic-false-hit,"Application programmers increasingly prefer distributed storage systems with strong consistency and distributed transactions (e.g., Google’s Spanner) for their strong guarantees and ease of use. Unfortunately, existing transactional storage systems are expensive to use—in part, because they require costly replication protocols, like Paxos, for fault tolerance. In this article, we present a new approach that makes transactional storage systems more affordable: We eliminate consistency from the replication protocol, while still providing distributed transactions with strong consistency to applications. We present the Transactional Application Protocol for Inconsistent Replication (TAPIR), the first transaction protocol to use a novel replication protocol, called inconsistent replication , that provides fault tolerance without consistency. By enforcing strong consistency only in the transaction protocol, TAPIR can commit transactions in a single round-trip and order distributed transactions without centralized coordination. We demonstrate the use of TAPIR in a transactional key-value store, TAPIR-KV . Compared to conventional systems, TAPIR-KV provides better latency and better throughput.",openalex,llm,0.990,unreviewed,
discarded,A literature review of fault diagnosis based on ensemble learning,Zhibao Mian; Xiaofei Deng; Xiaohui Dong; Yuzhu Tian; Tianya Cao; Kairan Chen; Tareq Al Jaber,2023,Engineering Applications of Artificial Intelligence,10.1016/j.engappai.2023.107357,https://openalex.org/W4388558401,off-topic-false-hit,"The accuracy of fault diagnosis is an important indicator to ensure the reliability of key equipment systems. Ensemble learning integrates different weak learning methods to obtain stronger learning and has achieved remarkable results in the field of fault diagnosis. This paper reviews the recent research on ensemble learning from both technical and field application perspectives. The paper summarizes 87 journals in recent web of science and other academic resources, with a total of 209 papers. It summarizes 78 different ensemble learning based fault diagnosis methods, involving 18 public datasets and more than 20 different equipment systems. In detail, the paper summarizes the accuracy rates, fault classification types, fault datasets, used data signals, learners (traditional machine learning or deep learning-based learners), ensemble learning methods (bagging, boosting, stacking and other ensemble models) of these fault diagnosis models. The paper uses accuracy of fault diagnosis as the main evaluation metrics supplemented by generalization and imbalanced data processing ability to evaluate the performance of those ensemble learning methods. The discussion and evaluation of these methods lead to valuable research references in identifying and developing appropriate intelligent fault diagnosis models for various equipment. This paper also discusses and explores the technical challenges, lessons learned from the review and future development directions in the field of ensemble learning based fault diagnosis and intelligent maintenance.",openalex,llm,1.000,unreviewed,
discarded,Automatic detection of bad smells in code: An experimental assessment.,Francesca Arcelli Fontana; Pietro Braione; Marco Zanoni,2012,The Journal of Object Technology,10.5381/jot.2012.11.2.a5,https://openalex.org/W2073792498,adjacent-subtopic,"Code smells are structural characteristics of software that may indicate a code or design problem that makes software hard to evolve and maintain, and may trigger refactoring of code. Recent research is active in defining automatic detection tools to help humans in finding smells when code size becomes unmanageable for manual review. Since the definitions of code smells are informal and subjective, assessing how effective code smell detection tools are is both important and hard to achieve. This paper reviews the current panorama of the tools for automatic code smell detection. It defines research questions about the consistency of their responses, their ability to expose the regions of code most affected by structural decay, and the relevance of their responses with respect to future software evolution. It gives answers to them by analyzing the output of four representative code smell detectors applied to six different versions of GanttProject, an open source system written in Java. The results of these experiments cast light on what current code smell detection tools are able to do and what the relevant areas for further improvement are.",openalex,llm,0.900,unreviewed,
discarded,Cloning,Maria Hybinette; Richard Fujimoto,1997,,10.1145/268437.268523,https://openalex.org/W2080285072,off-topic-false-hit,"testing what-if and alternative scenarios in parallel simulations is presented. Potential branches or choices can be specified interactively and interjected into the on-going simulation as decision points. Once a decision point is defined, different ""futures"" are computed by cloning the simulation, and executing the clones concurrently. A construct called virtual logical processes is introduced to avoid repeating common computations in different cloned simulations.",openalex,llm,0.980,unreviewed,
discarded,Deep learning similarities from different representations of source code,Michele Tufano; Cody Watson; Gabriele Bavota; Massimiliano Di Penta; Martin White; Denys Poshyvanyk,2018,,10.1145/3196398.3196431,https://openalex.org/W2883359218,adjacent-subtopic,"Assessing the similarity between code components plays a pivotal role in a number of Software Engineering (SE) tasks, such as clone detection, impact analysis, refactoring, etc. Code similarity is generally measured by relying on manually defined or hand-crafted features, e.g., by analyzing the overlap among identifiers or comparing the Abstract Syntax Trees of two code components. These features represent a best guess at what SE researchers can utilize to exploit and reliably assess code similarity for a given task. Recent work has shown, when using a stream of identifiers to represent the code, that Deep Learning (DL) can effectively replace manual feature engineering for the task of clone detection. However, source code can be represented at different levels of abstraction: identifiers, Abstract Syntax Trees, Control Flow Graphs, and Bytecode. We conjecture that each code representation can provide a different, yet orthogonal view of the same code fragment, thus, enabling a more reliable detection of similarities in code. In this paper, we demonstrate how SE tasks can benefit from a DL-based approach, which can automatically learn code similarities from different representations.",openalex,llm,0.980,unreviewed,
discarded,An Empirical Study of the Non-Determinism of ChatGPT in Code Generation,Shuyin Ouyang; Jie M. Zhang; Mark Harman; Meng Wang,2024,ACM Transactions on Software Engineering and Methodology,10.1145/3697010,https://openalex.org/W4402860127,adjacent-subtopic,"There has been a recent explosion of research on Large Language Models (LLMs) for software engineering tasks, in particular code generation. However, results from LLMs can be highly unstable; non-deterministically returning very different code for the same prompt. Such non-determinism affects the correctness and consistency of the generated code, undermines developers’ trust in LLMs, and yields low reproducibility in LLM-based papers. Nevertheless, there is no work investigating how serious this non-determinism threat is. To fill this gap, this article conducts an empirical study on the non-determinism of ChatGPT in code generation. We chose to study ChatGPT because it is already highly prevalent in the code generation research literature. We report results from a study of 829 code generation problems across three code generation benchmarks (i.e., CodeContests, APPS and HumanEval) with three aspects of code similarities: semantic similarity, syntactic similarity, and structural similarity. Our results reveal that ChatGPT exhibits a high degree of non-determinism under the default setting: the ratio of coding tasks with zero equal test output across different requests is 75.76%, 51.00% and 47.56% for three different code generation datasets (i.e., CodeContests, APPS and HumanEval), respectively. In addition, we find that setting the temperature to 0 does not guarantee determinism in code generation, although it indeed brings less non-determinism than the default configuration ( temperature \(=\) 1). In order to put LLM-based research on firmer scientific foundations, researchers need to take into account non-determinism in drawing their conclusions.",openalex,llm,0.960,unreviewed,
discarded,Nonlinear perturbation theory extension of the Boltzmann code CLASS,Anton Chudaykin; Mikhail M. Ivanov; Oliver H. E. Philcox; Marko Simonović,2020,Physical review. D/Physical review. D.,10.1103/physrevd.102.063533,https://openalex.org/W3082555333,off-topic-false-hit,"We present a new open-source code that calculates one-loop power spectra and cross spectra for matter fields and biased tracers in real and redshift space. These spectra incorporate all ingredients required for a direct application to data: nonlinear bias and redshift-space distortions, infrared resummation, counterterms, and the Alcock-Paczynski effect. Our code is based on the Boltzmann solver class and inherits its advantageous properties: user friendliness, ease of modification, high speed, and simple interface with other software. We present detailed descriptions of the theoretical model, the code structure, approximations, and accuracy tests. A typical end-to-end run for one cosmology takes 0.3 seconds, which is sufficient for Markov chain Monte Carlo parameter extraction. As an example, we apply the code to the Baryon Oscillation Spectroscopic Survey (BOSS) data and infer cosmological parameters from the shape of the galaxy power spectrum.",openalex,llm,1.000,unreviewed,
discarded,Automated Random Testing to Detect Specification-Code Inconsistencies,Yoonsik Cheon,2007,scholarworks - UTEP (The University of Texas at El Paso),,https://openalex.org/W2099724188,off-topic-false-hit,"An interface specification language such as JML provides a means to document precisely the behavior of program modules such as Java classes, and it is being adopted by industry. However, few practical tools exist for programmers to assure the correctness of their interface specifications. Nonetheless, the correctness of an interface specification is a prerequisite for the use of the specification, both as a precise API documentation and as a foundation for formal verification of and reasoning about the implementation. We propose automated random testing as a practical tool to assure the correctness of interface specifications. The key idea of our approach is to fully automate dynamic, random testing to detect as many inconsistencies as possible between the specification and its implementation. For this, we use a runtime assertion checker as a test oracle, and the goal of our testing is to generate as many non-duplicate test cases as possible that incur a certain type of runtime assertion violations. Our approach has been implemented for Java/JML in a prototype tool called JET, and a preliminary experiment shows that it has potential to be a valuable testing tool for Java/JML. Our approach can be adapted for other interface specification languages.",openalex,llm,0.980,unreviewed,
discarded,Automatic error elimination by horizontal code transfer across multiple applications,Stelios Sidiroglou-Douskos; Eric Lahtinen; Fan Long; Martin Rinard,2015,,10.1145/2737924.2737988,https://openalex.org/W1975455521,off-topic-false-hit,"We present Code Phage (CP), a system for automatically transferring correct code from donor applications into recipient applications that process the same inputs to successfully eliminate errors in the recipient. Experimental results using seven donor applications to eliminate ten errors in seven recipient applications highlight the ability of CP to transfer code across applications to eliminate out of bounds access, integer overflow, and divide by zero errors. Because CP works with binary donors with no need for source code or symbolic information, it supports a wide range of use cases. To the best of our knowledge, CP is the first system to automatically transfer code across multiple applications.",openalex,llm,0.820,unreviewed,
discarded,Automatic detection of Long Method and God Class code smells through neural source code embeddings,Aleksandar Kovačević; Јелена Сливка; Dragan Vidaković; Katarina-Glorija Grujić; Nikola Luburić; Simona Prokić; Goran Sladić,2022,Expert Systems with Applications,10.1016/j.eswa.2022.117607,https://openalex.org/W4280612166,off-topic-false-hit,"Code smells are structures in code that often harm its quality. Manually detecting code smells is challenging, so researchers proposed many automatic detectors. Traditional code smell detectors employ metric-based heuristics, but researchers have recently adopted a Machine-Learning (ML) based approach. This paper compares the performance of multiple ML-based code smell detection models against multiple metric-based heuristics for detection of God Class and Long Method code smells. We assess the effectiveness of different source code representations for ML: we evaluate the effectiveness of traditionally used code metrics against code embeddings (code2vec, code2seq, and CuBERT). This study is the first to evaluate the effectiveness of pre-trained neural source code embeddings for code smell detection to the best of our knowledge. This approach helped us leverage the power of transfer learning – our study is the first to explore whether the knowledge mined from code understanding models can be transferred to code smell detection. A secondary contribution of our research is the systematic evaluation of the effectiveness of code smell detection approaches on the same large-scale, manually labeled MLCQ dataset. Almost every study that proposes a detection approach tests this approach on the dataset unique for the study. Consequently, we cannot directly compare the reported performances to derive the best-performing approach.",openalex,llm,0.970,unreviewed,
discarded,Improving bug detection via context-based code representation learning and attention-based neural networks,Yi Li; Shaohua Wang; Tien N. Nguyen; Son Nguyen,2019,Proceedings of the ACM on Programming Languages,10.1145/3360588,https://openalex.org/W2979566992,off-topic-false-hit,"Bug detection has been shown to be an effective way to help developers in detecting bugs early, thus, saving much effort and time in software development process. Recently, deep learning-based bug detection approaches have gained successes over the traditional machine learning-based approaches, the rule-based program analysis approaches, and mining-based approaches. However, they are still limited in detecting bugs that involve multiple methods and suffer high rate of false positives. In this paper, we propose a combination approach with the use of contexts and attention neural network to overcome those limitations. We propose to use as the global context the Program Dependence Graph (PDG) and Data Flow Graph (DFG) to connect the method under investigation with the other relevant methods that might contribute to the buggy code. The global context is complemented by the local context extracted from the path on the AST built from the method’s body. The use of PDG and DFG enables our model to reduce the false positive rate, while to complement for the potential reduction in recall, we make use of the attention neural network mechanism to put more weights on the buggy paths in the source code. That is, the paths that are similar to the buggy paths will be ranked higher, thus, improving the recall of our model. We have conducted several experiments to evaluate our approach on a very large dataset with +4.973M methods in 92 different project versions. The results show that our tool can have a relative improvement up to 160% on F-score when comparing with the state-of-the-art bug detection approaches. Our tool can detect 48 true bugs in the list of top 100 reported bugs, which is 24 more true bugs when comparing with the baseline approaches. We also reported that our representation is better suitable for bug detection and relatively improves over the other representations up to 206% in accuracy.",openalex,llm,0.950,unreviewed,
discarded,Disciplined Inconsistency with Consistency Types,Brandon Alexander Holt; James Bornholt; Irene Zhang; Dan R. K. Ports; Mark Oskin; Luís Ceze,2016,,10.1145/2987550.2987559,https://openalex.org/W2521191038,off-topic-false-hit,"Distributed applications and web services, such as online stores or social networks, are expected to be scalable, available, responsive, and fault-tolerant. To meet these steep requirements in the face of high round-trip latencies, network partitions, server failures, and load spikes, applications use eventually consistent datastores that allow them to weaken the consistency of some data. However, making this transition is highly error-prone because relaxed consistency models are notoriously difficult to understand and test.",openalex,llm,0.990,unreviewed,
discarded,A Survey of Machine Learning for Big Code and Naturalness,Miltiadis Allamanis; Earl T. Barr; Prémkumar Dévanbu; Charles Sutton,2018,ACM Computing Surveys,10.1145/3212695,https://openalex.org/W2754629507,off-topic-false-hit,"Research at the intersection of machine learning, programming languages, and software engineering has recently taken important steps in proposing learnable probabilistic models of source code that exploit the abundance of patterns of code. In this article, we survey this work. We contrast programming languages against natural languages and discuss how these similarities and differences drive the design of probabilistic models. We present a taxonomy based on the underlying design principles of each model and use it to navigate the literature. Then, we review how researchers have adapted these models to application areas and discuss cross-cutting and application-specific challenges and opportunities.",openalex,llm,0.940,unreviewed,
