status,title,authors,year,venue,doi,url,tags,abstract,provider,decision_source,llm_confidence,llm_review_outcome,llm_change_direction
discarded,Quantifying the Effect of Code Smells on Maintenance Effort,Dag I.K. Sjøberg; Aiko Yamashita; Bente C.D. Anda; Audris Mockus; Tore Dybå,2013,IEEE Transactions on Software Engineering,10.1109/TSE.2012.89,https://ieeexplore.ieee.org/document/6392174/,off-topic-false-hit,"Context: Code smells are assumed to indicate bad design that leads to less maintainable code. However, this assumption has not been investigated in controlled studies with professional software developers. Aim: This paper investigates the relationship between code smells and maintenance effort. Method: Six developers were hired to perform three maintenance tasks each on four functionally equivalent Java systems originally implemented by different companies. Each developer spent three to four weeks. In total, they modified 298 Java files in the four systems. An Eclipse IDE plug-in measured the exact amount of time a developer spent maintaining each file. Regression analysis was used to explain the effort using file properties, including the number of smells. Result: None of the 12 investigated smells was significantly associated with increased effort after we adjusted for file size and the number of changes; Refused Bequest was significantly associated with decreased effort. File size and the number of changes explained almost all of the modeled variation in effort. Conclusion: The effects of the 12 smells on maintenance effort were limited. To reduce maintenance effort, a focus on reducing code size and the work practices that limit the number of changes may be more beneficial than refactoring code smells.",ieee,llm,0.900,unreviewed,
discarded,A study of repetitiveness of code changes in software evolution,Hoan Anh Nguyen; Anh Tuan Nguyen; Tung Thanh Nguyen; Tien N. Nguyen; Hridesh Rajan,2013,2013 28th IEEE/ACM International Conference on Automated Software Engineering (ASE),10.1109/ASE.2013.6693078,https://ieeexplore.ieee.org/document/6693078/,off-topic-false-hit,"In this paper, we present a large-scale study of repetitiveness of code changes in software evolution. We collected a large data set of 2,841 Java projects, with 1.7 billion source lines of code (SLOC) at the latest revisions, 1.8 million code change revisions (0.4 million fixes), 6.2 million changed files, and 2.5 billion changed SLOCs. A change is considered repeated within or cross-project if it matches another change having occurred in the history of the project or another project, respectively. We report the following important findings. First, repetitiveness of changes could be as high as 70-100% at small sizes and decreases exponentially as size increases. Second, repetitiveness is higher and more stable in the cross-project setting than in the within-project one. Third, fixing changes repeat similarly to general changes. Importantly, learning code changes and recommending them in software evolution is beneficial with accuracy for top-1 recommendation of over 30% and top-3 of nearly 35%. Repeated fixing changes could also be useful for automatic program repair.",ieee,llm,0.790,unreviewed,
discarded,Advancing Static Code Analysis With Language-Agnostic Component Identification,Micah Schiewe; Jacob Curtis; Vincent Bushong; Tomas Cerny,2022,IEEE Access,10.1109/ACCESS.2022.3160485,https://ieeexplore.ieee.org/document/9737496/,off-topic-false-hit,"Static code analysis of software systems has proven beneficial for a broad range of domains, including security assessments, coding practice, error detection, and others. However, as modern systems have grown in complexity and heterogeneity over the past few decades, advances in development frameworks have dominated. Rather than involving low-level language constructs, these frameworks typically focus on software components, including data entities, controllers, and endpoints. As a result, current code analysis approaches have become unsuitable for analyzing these modern systems due to their focus on low-level constructs in a single language. Thus, code analysis has become a far more complicated endeavor thanks to the plethora of languages, frameworks, and design approaches in modern software development. This paper presents a novel approach to solving the problem of being tied to a single language and its low-level constructs. The system’s source code is transformed into an intermediate representation called a language-agnostic abstract-syntax tree. This system representation is then assessed by generalized component parsers that extract relevant high-level information, such as components, from low-level structures. The design of the approach is presented here in detail, along with its evaluation in a case study involving two large, heterogeneous, cloud-native system benchmarks (Java and C++ microservices). The study demonstrates a unified identification approach to determine system data entities and endpoints. Utilizing higher-level constructs, such as components, can advance the current practice of system analysis to better face broader problems introduced by modern system development practices.",ieee,llm,0.960,unreviewed,
discarded,Classification and Experimental Analysis for Clone Detection Approaches in Wireless Sensor Networks,Kwantae Cho; Minho Jo; Taekyoung Kwon; Hsiao-Hwa Chen; Dong Hoon Lee,2013,IEEE Systems Journal,10.1109/JSYST.2012.2188689,https://ieeexplore.ieee.org/document/6175923/,off-topic-false-hit,"Wireless sensor networks (WSNs) consist of tiny sensor nodes that communicate with each other over wireless channels, often in a hostile environment where nodes can be captured and compromised. Consequently, an adversary may launch a clone attack by replicating the captured nodes to enlarge the compromised areas employing clones. Thus, it is critical to detect clone nodes promptly for minimizing their damage to WSNs. Recently, various clone detection schemes were proposed for WSNs, considering different types of network configurations, such as device types and deployment strategies. In order to choose an effective clone detection scheme for a given sensor network, the selection criteria play an important role. In this paper, we first investigate the selection criteria of clone detection schemes with regard to device types, detection methodologies, deployment strategies, and detection ranges. We then classify the existing schemes according to the proposed criteria. Simulation experiments are conducted to compare their performances. It is concluded that it is beneficial to utilize the grid deployment knowledge for static sensor networks; the scheme using the grid deployment knowledge can save energy by up to 94.44% in comparable performance (specifically in terms of clone detection ratio and the completion time), as compared to others. On the other hand, for mobile sensor networks, no existing approach works efficiently in reducing detection error rate.",ieee,llm,0.990,unreviewed,
discarded,Improving Syntactical Clone Detection Methods through the Use of an Intermediate Representation,Pedro M. Caldeira; Kazunori Sakamoto; Hironori Washizaki; Yoshiaki Fukazawa; Takahisa Shimada,2020,2020 IEEE 14th International Workshop on Software Clones (IWSC),10.1109/IWSC50091.2020.9047637,https://ieeexplore.ieee.org/document/9047637/,adjacent-subtopic,"Detection of type-3 and type-4 clones remains a difficult task. Current methods are complex, both on a conceptual and computational level. Similarly, their usage requires substantial implementation efforts. Instead of creating yet another method, it might be more productive to combine the simplicity of syntactic approaches with the abstractions granted by intermediate representations (IR). To this end, we devised a c-like IR based on LLVM and ran NiCad on it (LLNiCad). To establish whether the clone detection capabilities of syntactic approaches can be improved through an IR, we compared NiCad and LLNiCad on three open source projects taken from Krutz's benchmark and a subset of Google code jam solutions. In our results, the f1-score of LLNiCad consistently outperforms NiCad. Indeed, for all clone types in Krutz's benchmark, LLNiCad has a f1-score that is 37% higher than NiCad; with both better precision and recall. For type-4 clones in our GCJ benchmark, the f1-score of LLNiCad also outperforms CCCD (a semantic clone detector) by 44%. These findings suggest that IRs are beneficial for improving clone detection and that they have a larger impact on type-3 and type-4 clones.",ieee,llm,0.980,unreviewed,
discarded,Similarities Across Libraries: Making a Case for Leveraging Test Suites,Devika Sondhi; Divya Rani; Rahul Purandare,2019,"2019 12th IEEE Conference on Software Testing, Validation and Verification (ICST)",10.1109/ICST.2019.00018,https://ieeexplore.ieee.org/document/8730155/,adjacent-subtopic,"Developers may choose to implement a library, despite the existence of similar libraries, considering factors such as computational performance, language or platform dependency, and accuracy. As a result, GitHub is a host to several library projects that have overlaps in the functionalities. These overlaps have been of interest to developers from the perspective of code reuse or preferring one implementation over the other. We present an empirical study to explore the extent and nature of existence of these similarities in the library functions. We have further studied whether the similarity among functions across different libraries and their associated test suites can be leveraged to reveal defects in one another. Applying a natural language processing based approach on the documentations associated with functions, we have extracted matching functions across 12 libraries, available on GitHub, over 2 programming languages and 3 themes. Our empirical evaluation indicates existence of a significant number of similar functions across libraries in same as well as different programming languages where a language can influence the extent of existence of similarities. The test suites from another library can serve as an effective source of defect revealing tests. The study resulted in revealing 72 defects in 12 libraries. Further, we analyzed the source of origination of the defect revealing tests. We deduce that issue reports and pull requests can be beneficial in attaining quality test cases not only to test the libraries in which these issues are reported but also for other libraries that are similar in theme.",ieee,llm,0.660,unreviewed,
discarded,Reengineering Idiomatic Exception Handling in Legacy C Code,Magiel Bruntink,2008,2008 12th European Conference on Software Maintenance and Reengineering,10.1109/CSMR.2008.4493308,https://ieeexplore.ieee.org/document/4493308/,off-topic-false-hit,"Some legacy programming languages, e.g., C, do not provide adequate support for exception handling. As a result, users of these legacy programming languages often implement exception handling by applying an idiom. An idiomatic style of implementation has a number of drawbacks: applying idioms can be fault prone and requires significant effort. Modern programming languages provide support for structured exception handling (SEH) that makes idioms largely obsolete. Additionally, aspect-oriented programming (AOP) is believed to further reduce the effort of implementing exception handling. This paper investigates the gains that can be achieved by reengineering the idiomatic exception handling of a legacy C component to these modern techniques. First, we will reengineer a C component such that its exception handling idioms are almost completely replaced by SEH constructs. Second, we will show that the use of AOP for exception handling can be beneficial, even though the benefits are limited by inconsistencies in the legacy implementation.",ieee,llm,0.900,unreviewed,
discarded,Speculative execution and reducing branch penalty in a parallel issue machine,H. Ando; C. Nakanishi; H. Machida; T. Hara; S. Kishida; M. Nakaya,1993,Proceedings of 1993 IEEE International Conference on Computer Design ICCD'93,10.1109/ICCD.1993.393396,https://ieeexplore.ieee.org/document/393396/,off-topic-false-hit,"Parallel instruction issue is essential for performance improvement in current microprocessor designs. Just extra function units are, however, little beneficial in non-numerical applications since control dependence severely limits exploitation of instruction-level parallelism (ILP) and frequent branches consume ILP due to its long latency. Boosting is an interesting technique to reduce control dependence. It allows general speculative execution with little cycle time penalty. From the cost/performance point of view, we propose the efficient implementation of boosting, which requires the small support hardware and maximizes performance gain from boosting in the limited hardware. We also propose a new branch scheme to reduce the branch penalty which has a particularly big performance impact in a parallel issue machine. Our scheme fetches from both directions of the branch with small hardware cost through integration of a code movement and hardware support. We evaluate our schemes and find that they significantly contribute to performance improvement.<>",ieee,llm,0.990,unreviewed,
discarded,Using Examples as Guideposts for Programming Exercises: Providing Support while Preserving the Challenge,Iris Gaber; Amir Kirsh,2021,2021 16th International Conference on Computer Science & Education (ICCSE),10.1109/ICCSE51940.2021.9569541,https://ieeexplore.ieee.org/document/9569541/,off-topic-false-hit,"Professional programmers often use examples when writing code. Programming students are less skilled at understanding and modifying code that they did not write by themselves. We offered our students a large example that resembled their assignment and then analyzed their submissions. We argue that this practice is beneficial for students as it helps them in preparing their assignment, trains them in refactoring code, while keeping the task challenging enough to allow teachers to assess the quality of individual students’ work.",ieee,llm,0.920,unreviewed,
kept,Comparing Multiple MATLAB/Simulink Models Using Static Connectivity Matrix Analysis,Alexander Schlie; Sandro Schulze; Ina Schaefer,2018,2018 IEEE International Conference on Software Maintenance and Evolution (ICSME),10.1109/ICSME.2018.00026,https://ieeexplore.ieee.org/document/8530026/,supports-claim,"Model-based languages such as MATLAB/Simulink are crucial for the development of embedded software systems. To adapt to changing requirements, engineers commonly copy and modify existing systems to create new variants. Commonly referred to as clone-and-own, this reuse strategy is easy to apply and beneficial in the short term, but it entails severe maintenance and consistency issues in the long term, leading to a huge amount of redundant and similar assets. Moreover, a later transition towards structured reuse such as with software product lines inevitably requires the comparison of all existing variants prior to the actual migration. However, current work mostly revolves around the comparison of only two systems and despite approaches proposed that can cope with more, such are not applicable to embedded software systems such as MATLAB/Simulink. In this paper, we bridge this gap and propose Static Connectivity Matrix Analysis (SCMA), a novel comparison procedure that allows for the evaluation of multiple MATLAB/Simulink model variants at once. In particular, we transform models into a matrix form which is used to compare all models and to identify all similar structures between them, even with model parts being completely relocated during clone-and-own. We allow engineers to tailor results and to focus on any arbitrary variant subset, enabling individual reasoning prior to migration. We provide a feasibility study from the automotive domain, showing our matrix representation to be suitable and our technique to be fast and precise.",ieee,llm,0.870,unreviewed,
discarded,Enhancing Source Code Representations for Deep Learning with Static Analysis,Xueting Guan; Christoph Treude,2024,2024 IEEE/ACM 32nd International Conference on Program Comprehension (ICPC),,https://ieeexplore.ieee.org/document/10556422/,adjacent-subtopic,"Deep learning techniques applied to program analysis tasks such as code classification, summarization, and bug detection have seen widespread interest. Traditional approaches, however, treat programming source code as natural language text, which may neglect significant structural or semantic details. Additionally, most current methods of representing source code focus solely on the code, without considering beneficial additional context. This paper explores the integration of static analysis and additional context such as bug reports and design patterns into source code representations for deep learning models. We use the Abstract Syntax Tree-based Neural Network (ASTNN) method and augment it with additional context information obtained from bug reports and design patterns, creating an enriched source code representation that significantly enhances the performance of common software engineering tasks such as code classification and code clone detection. Utilizing existing open-source code data, our approach improves the representation and processing of source code, thereby improving task performance.CCS CONCEPTS• Software and its engineering • Programming languages",ieee,llm,0.970,unreviewed,
kept,Variant-Preserving Refactorings for Migrating Cloned Products to a Product Line,"Fenske, Wolfram; Meinicke, Jens; Schulze, Sandro; Schulze, Steffen; Saake, Gunter",2017,"2017 IEEE 24TH INTERNATIONAL CONFERENCE ON SOFTWARE ANALYSIS, EVOLUTION, AND REENGINEERING (SANER)",,https://www.webofscience.com/wos/woscc/full-record/WOS:000402557000029,supports-claim,"A common and simple way to create custom product variants is to copy and adapt existing software (a. k. a. the cloneand-own approach). Clone-and-own promises low initial costs for creating a new variant as existing code is easily reused. However, clone-and-own also comes with major drawbacks for maintenance and evolution since changes, such as bug fixes, need to be synchronized among several product variants. Software product lines (SPLs)provide solutions to these problems because commonalities are implemented only once. Thus, in an SPL, changes also need to be applied only once. Therefore, the migration of cloned product variants to an SPL would be beneficial. The main tasks of migration are the identification and extraction of commonalities from existing products. However, these tasks are challenging and currently not well-supported. In this paper, we propose a step-wise and semi-automated process to migrate cloned product variants to a feature-oriented SPL. Our process relies on clone detection to identify code that is common to multiple variants and novel, variant-preserving refactorings to extract such common code. We evaluated our approach on five cloned product variants, reducing code clones by 25 %. Moreover, we provide qualitative insights into possible limitations and potentials for removing even more redundant code. We argue that our approach can effectively decrease synchronization effort compared to clone-and-own development and thus reduce the long-term costs for maintenance and evolution.",wos,llm,0.950,unreviewed,
kept,Can I Clone This Piece of Code Here?,"Wang, Xiaoyin; Dang, Yingnong; Zhang, Lu; Zhang, Dongmei; Lan, Erica; Mei, Hong",2012,2012 PROCEEDINGS OF THE 27TH IEEE/ACM INTERNATIONAL CONFERENCE ON AUTOMATED SOFTWARE ENGINEERING (ASE),,https://www.webofscience.com/wos/woscc/full-record/WOS:000319336200018,qualifies-claim,"While code cloning is a convenient way for developers to reuse existing code, it could potentially lead to negative impacts, such as degrading code quality or increasing maintenance costs. Actually, some cloned code pieces are viewed as harmless since they evolve independently, while other cloned code pieces are viewed as harmful since they need to be changed consistently, thus incurring extra maintenance costs. Recent studies demonstrate that neither the percentage of harmful code clones nor that of harmless code clones is negligible. To assist developers in leveraging the benefits of harmless code cloning and/or in avoiding the negative impacts of harmful code cloning, we propose a novel approach that automatically predicts the harmfulness of a code cloning operation at the point of performing copy-and-paste. Our insight is that the potential harmfulness of a code cloning operation may relate to some characteristics of the code to be cloned and the characteristics of its context. Based on a number of features extracted from the cloned code and the context of the code cloning operation, we use Bayesian Networks, a machine-learning technique, to predict the harmfulness of an intended code cloning operation. We evaluated our approach on two large-scale industrial software projects under two usage scenarios: 1) approving only cloning operations predicted to be very likely of no harm, and 2) blocking only cloning operations predicted to be very likely of harm. In the first scenario, our approach is able to approve more than 50% cloning operations with a precision higher than 94.9% in both subjects. In the second scenario, our approach is able to avoid more than 48% of the harmful cloning operations by blocking only 15% of the cloning operations for the first subject, and avoid more than 67% of the cloning operations by blocking only 34% of the cloning operations for the second subject.",wos,llm,0.980,unreviewed,
