status,title,authors,year,venue,doi,url,tags,abstract,provider,decision_source,llm_confidence,llm_review_outcome,llm_change_direction
discarded,Enumerating Ill-Typed Programs for Testing Type Analyzers,Sotiropoulos T.,2026,Proceedings of the ACM on Programming Languages,10.1145/3808320,https://www.scopus.com/inward/record.uri?partnerID=HzOxMe3b&scp=105041473560&origin=inward,adjacent-subtopic,"We propose error enumeration, a method that aims to discover soundness defects in type analyzers by generating ill-typed programs by construction. Given a well-typed program P, it systematically injects type mismatches at all possible program locations to explore ill-typed programs that differ from P by replacing one expression with incompatible ones. The core contributions of our work are: (1) soundly injecting type mismatches even in the presence of type inference and refinements, and (2) enabling practical exploration of large seed programs by pruning the search space. Incomplete type information complicates the injection of type mismatches, as type inference can silently ”repair” the injected error by adjusting inferred types in the surrounding context so that the program still type-checks. We address this by introducing a lightweight, usage-based reasoning technique that recovers missing types of program elements by leveraging the existing type annotations at each element’s use site. This enables the injection of errors that guarantee type incompatibilities at the use sites of variables and other expressions. Finally, to prune the search space, we enumerate only those errors that ultimately lead to comparisons between types with distinct shape characteristics. We evaluated our implementation, Eris, on (1) three type analyzers integrated into the compilers of Kotlin, Scala, and Groovy, and (2) the Checker Framework, widely used to identify null-related errors in Java programs. Eris has uncovered 64 bugs caused by ill-typed programs: 51 leading to unsoundness, and 13 to compile-time crashes. Further investigation reveals that the majority of the soundness bugs discovered by Eris are triggered under highly complex conditions, where error injection requires (1) specific combinations of actual vs. expected type pairs at deeply-nested program locations, or (2) reasoning about control flow and missing type information, capabilities that lie beyond the scope of existing work.","dblp, openalex, wos, scopus, ieee",llm,0.980,unreviewed,
discarded,Rtt107 cooperates with Rad55 to limit specific types of genome instability in Saccharomyces cerevisiae,Brown J.A.R.,2026,DNA Repair,10.1016/j.dnarep.2026.103937,https://www.scopus.com/inward/record.uri?partnerID=HzOxMe3b&scp=105038647982&origin=inward,off-topic-false-hit,"A range of genome maintenance factors respond to endogenous and exogenous DNA damage to prevent mutations and cell death. The scaffold protein, Rtt107, is important for the growth of cells exposed to DNA-damaging agents in the budding yeast Saccharomyces cerevisiae. Rtt107 binds to a diverse array of partner proteins and responds to DNA damage by localizing to phosphorylated histone H2A. Rad55-Rad57, a heterodimer involved in DNA repair, also binds to Rtt107, but the function of the Rtt107-Rad55-Rad57 complex remains unclear. In addition to their sensitivity to DNA-damaging agents, rtt107∆ mutants exhibit spontaneous genome instability phenotypes, including spontaneous loss of heterozygosity (LOH) caused by crossovers and other genetic events. However, the binding partners with which Rtt107 interacts to prevent spontaneous genome instability have yet to be elucidated. Here, we showed that Rtt107 acts in the same pathway as Rad55 to limit LOH, specifically by preventing crossover events. A rad55-S404A mutation largely disrupted the interaction between Rtt107 and Rad55-Rad57, resulting in increased LOH and crossover rates, consistent with the contribution of Rtt107-Rad55-Rad57 interaction to genome stability. Strikingly, an rtt107-K887M mutation that reduces Rtt107 recruitment to H2A did not result in an LOH phenotype, suggesting that the role of Rtt107 in preventing LOH is distinct from its function as an H2A-binding scaffold. Taken together, our observations suggested that Rtt107 limits spontaneous LOH and crossover events in part by binding to Rad55 in a manner dependent on Rad55-S404.","dblp, openalex, wos, scopus, ieee",llm,1.000,unreviewed,
discarded,Distinct repair outcomes from single and convergent replication fork collapse,Conwell S.C.,2026,Nature Structural and Molecular Biology,10.1038/s41594-026-01812-9,https://www.scopus.com/inward/record.uri?partnerID=HzOxMe3b&scp=105040242366&origin=inward,off-topic-false-hit,"Replication fork collapse at single-strand DNA breaks threatens genome stability but how such forks are repaired and resolved has remained unclear. Here we replicate site-specific nicks with single or converging replication forks in Xenopuslaevis egg extracts. Collapse of a single fork generates a single-ended double-strand break (DSB) that undergoes homologous recombination to yield stable D-loops and end-to-end fusions, yet does not restart DNA synthesis. Single collapsed forks can also undergo extensive nucleolytic degradation, appearing to disassemble the sister fork through ‘secondary collapse’ events that resolve single-ended DSBs without engaging DSB repair. In contrast, semisynchronous convergent collapse generates a double-ended DSB that is primarily repaired through annealing-dependent DSB repair, completing DNA synthesis but generating precise deletions and templated insertions. These error-prone products are not detected following single-fork collapse. Our findings demonstrate that single and semisynchronous convergent collapsed forks elicit distinct repair outcomes. Here the authors show that collapse of single replication forks causes recombination, end fusions or degradation but does not restart DNA synthesis. In contrast, collapse of convergent forks completes DNA synthesis through error-prone double-strand break repair.","dblp, openalex, wos, scopus, ieee",llm,1.000,unreviewed,
discarded,Unlocking the Potential of Retinoic Acid: A Comprehensive Review of Its Regulatory Role in Epimorphic Regeneration in Axolotl Limbs for Regenerative Medicine,Khan S.,2026,Regenerative Engineering and Translational Medicine,10.1007/s40883-025-00407-y,https://www.scopus.com/inward/record.uri?partnerID=HzOxMe3b&scp=105001714884&origin=inward,off-topic-false-hit,"The development of innovative strategies to regrow the amputated limb is a great challenge for human limb loss. The field of regeneration has been extensively studied with remarkable advancement, and many vertebrates were found to have the ability to form and pattern amputated limbs by this mechanism. Regeneration is how an organism replaces lost body parts through various molecular pathways and mechanisms. Retinoic acid (RA) plays a critical role in regeneration by maintaining cell differentiation, proliferation, and other cellular processes. The factors involved in molecular characterization in regeneration processes are a dynamic source for developing regenerative medicines. In axolotl, the role of RA has been studied primarily at the morphological level during epimorphic regeneration. However, in this article, the regulation of several signaling pathways such as wnt, shh, bmp, and Fgf by RA during epimorphic regeneration is briefly and fully summarized. Furthermore, the review fundamentally revolves around the potential of RA as a regenerative medicine to initiate and enhance the mechanisms of regeneration in higher organisms, particularly limb regeneration in humans. The future perspectives in this article will open new avenues for the scientific community to apply RA in higher vertebrates successfully.","dblp, openalex, wos, scopus, ieee",llm,1.000,unreviewed,
discarded,Mutation of BrDAD1 affects flower opening and anther dehiscence by regulating jasmonate-mediated BrMYB108-BrSWEET15 module,Tang T.,2026,Theoretical and Applied Genetics,10.1007/s00122-026-05248-z,https://www.scopus.com/inward/record.uri?partnerID=HzOxMe3b&scp=105037773345&origin=inward,off-topic-false-hit,"Key messageBrDAD1 encodes a phospholipase A1 family protein and was precisely localized using MutMap technology. Allelic mutations and functional complementation experiments using Arabidopsis T-DNA insertion mutants demonstrated that BrDAD1 regulates petal opening and anther dehiscence by controlling jasmonic acid synthesis in Chinese cabbage.AbstractFlower opening and anther dehiscence are crucial for the successful reproduction of cross-pollinated crops. The role of jasmonic acid (JA) in floral organ development and fertility regulation has been extensively documented. However, its function in Chinese cabbage (Brassica rapa L. ssp. pekinensis) remains poorly characterized. In this study, three mutant plants, M5068, M5036 and M5088, with defects in flower opening and anther dehiscence were screened from a Chinese cabbage ethyl methane sulfonate-induced mutation library. Through genetic analysis, allelic tests, and MutMap, we identified that these three mutants each harbored non-synonymous mutations at distinct sites within the BrDAD1 gene, which encodes a phospholipase A1 family protein critical for JA biosynthesis. The mutation led to a significant reduction in JA in the M5068 mutant. Notably, exogenous application of methyl jasmonate can completely restore the phenotype of M5068. In addition, overexpression of BrMYB108 rescued the delayed flower opening and impaired anther dehiscence phenotypes in dad1, which results from JA deficiency in Arabidopsis thaliana. Further evidence from yeast one-hybrid, dual-luciferase reporter, and electrophoretic mobility shift assays revealed that BrMYB108 regulates flower opening and anther dehiscence by activating the promoter activity of BrSWEET15. This study identifies a novel regulatory mechanism of JA in flower opening and anther dehiscence, providing new insights into molecular mechanisms underlying floral organ development in Chinese cabbage. It also offers new targets and strategies for the application of male sterile lines in hybrid breeding.","dblp, openalex, wos, scopus, ieee",llm,1.000,unreviewed,
discarded,A genomic and epigenomic view of human centromeres,Jaggi K.E.,2026,Nature Reviews Genetics,10.1038/s41576-025-00923-1,https://www.scopus.com/inward/record.uri?partnerID=HzOxMe3b&scp=105026714305&origin=inward,off-topic-false-hit,"Human centromeres are large, complex chromosomal loci that serve as the foundation for kinetochore assembly, contribute to chromosome architecture and sister chromatid cohesion, and participate in chromosome separation during cell division. Encoded by thousands to millions of base pairs of repetitive DNA, these regions were previously represented as gaps in the human genome assembly due to limitations in sequencing technologies and computational tools that could accurately distinguish and anchor the highly similar repeats within a linear genome assembly. Substantial advances in long-read sequencing over the past 5 years have permitted these large human centromere regions to be spanned, revealing new genomic and epigenomic information and the structural organization of these essential regions. Here, we review these discoveries and discuss knowledge gaps that have been filled and emerging functional questions.","dblp, openalex, wos, scopus, ieee",llm,1.000,unreviewed,
discarded,Tracing Genetic Images Formed During Evolution,Kasperski A.,2026,International Journal of Molecular Sciences,10.3390/ijms27093864,https://www.scopus.com/inward/record.uri?partnerID=HzOxMe3b&scp=105038452407&origin=inward,off-topic-false-hit,"This work introduces an approach to evolutionary analysis in which information encoded in amino-acid sequences is converted into a specific type of image, termed a genetic image. Genetic images derived from the amino-acid sequences of cytochrome b and cytochrome c oxidase subunit I are shown to be suitable for identifying evolutionary similarities between organisms. Furthermore, artificial neural networks are demonstrated to recognize these genetic images, enabling identification of species evolution. The results indicate the similarity of the genetic images of organisms belonging to species that emerged earlier during Earth’s evolutionary history to the genetic images of organisms belonging to species that emerged later. This finding indicates that genetic images are inherited and undergo gradual modification during evolutionary processes. The phenomenon of inheritance and modification of genetic images suggests that evolution tends to change the already existing functionalities of organisms, which allows for the ordering of organisms belonging to different species from ancient forms, through species that appeared successively during evolution, to those belonging to species that have developed more recently, up to Homo sapiens. Moreover, unlike analyses based on phylogenetic trees, the method presented in this article does not require computing hypothetical taxonomic units to study evolution. Combined with analyses of the inheritance of genetic images, it can support the interpretations of phylogenetic trees and evolutionary research.","dblp, openalex, wos, scopus, ieee",llm,1.000,unreviewed,
discarded,Critical constituents and assembly principles of centriole biogenesis in human cells,Gönczy P.,2026,Nature Reviews Molecular Cell Biology,10.1038/s41580-025-00921-5,https://www.scopus.com/inward/record.uri?partnerID=HzOxMe3b&scp=105023218049&origin=inward,off-topic-false-hit,"The centriole is an evolutionarily conserved microtubule-bearing organelle with a striking 9-fold symmetrical architecture that is crucial for fundamental cellular processes in eukaryotes, including polarity, signalling and motility. The last two decades have witnessed important progress in uncovering the molecular architecture and assembly principles governing centriole biogenesis, which are discussed in this Review, with a focus on human cells. Recently developed advanced microscopy approaches have increased our understanding of the mechanisms governing centriole biogenesis, from initiating the assembly process to forming a full-fledged organelle. Some two billion years after its emergence during evolution, and more than 100 years after its identification by pioneering scientists, these advances make the centriole ripe for another era of discoveries.","dblp, openalex, wos, scopus, ieee",llm,1.000,unreviewed,
discarded,Circle-mediated HGT shapes the multichromosomal mitochondrial genome of the endoparasitic plant Mitrastemon yamamotoi,Roulet M.E.,2026,Plant Journal,10.1111/tpj.70889,https://www.scopus.com/inward/record.uri?partnerID=HzOxMe3b&scp=105036456976&origin=inward,off-topic-false-hit,"Horizontal gene transfer (HGT), a well-established driver of genome evolution in prokaryotes, was historically considered rare in plants. However, accumulating genomic evidence supports its occurrence in angiosperms, impacting both nuclear and mitochondrial genomes, particularly in parasitic species that establish vascular connections with their hosts. Despite the increasing recognition of HGT in a few clades of parasitic plants (e.g., Cuscuta, Balanophoraceae, Rafflesiaceae, and Orobanchaceae), the underlying mechanisms and evolutionary consequences of these transfers are still not fully understood, and a few parasitic lineages have not been thoroughly examined yet (i.e., Apodanthaceae, Cytinaceae, Lennoaceae, Mitrastemonaceae). In this study, we assembled the first mtDNA of Mitrastemonaceae. Mitrastemon yamamotoi, a holoparasitic endoparasite in the order Ericales, invades the roots of host trees in the Fagaceae family, creating favorable conditions for HGT. The M. yamamotoi mtDNA exhibits a multipartite structure consisting of 54 circular-mapping chromosomes. Phylogenetic and comparative genomic analyses uncovered extensive HGT from Fagaceae hosts, affecting both coding and non-coding regions. Notably, almost 60% of the M. yamamotoi mtDNA is of foreign origin, and seven chromosomes are entirely foreign, with structural signatures in the donor mtDNA consistent with the recently proposed circle-mediated HGT model. Additionally, we detected six protein-coding genes of foreign origin and one chimeric gene. Remarkably, a foreign atp1 gene has replaced the missing native copy and represents a rare event of functional HGT in plant mitochondria. These results position M. yamamotoi as a valuable model for studying mtDNA evolution and deepening our understanding of the HGT process. Our findings expand the range of lineages in which circle-mediated HGT has been documented, suggesting it is a more widespread and fundamental mode of mitochondrial HGT in plants.","dblp, openalex, wos, scopus, ieee",llm,1.000,unreviewed,
discarded,Signal control during tissue regeneration in adult animals,Bangru S.,2026,Nature Reviews Molecular Cell Biology,10.1038/s41580-025-00917-1,https://www.scopus.com/inward/record.uri?partnerID=HzOxMe3b&scp=105021430495&origin=inward,off-topic-false-hit,"Tissue regeneration has historically been the subject of intense scientific scrutiny, from basic biology to applications for regenerative medicine. organisms and cutting-edge technologies have uncovered a variety of mechanisms of regeneration. A outstanding challenge for the field is to understand how signals – the outcomes of gene expression and gene product activities – are regulated spatiotemporally to renew lost structures at scale. Emerging insights into enhancer regulation, immune-tissue crosstalk, bioelectric and metabolic cues, and quantitative modeling are reshaping our understanding of tissue regeneration. The evolution of cutting-edge tools for in vivo profiling and tracking of single cells are providing unprecedented and dynamic views of regeneration across scales. Here, we synthesize the current knowledge of signal control in regeneration, with emphasis on conceptual advances, technical innovations, and future directions for a more quantitative understanding of regenerative biology.","dblp, openalex, wos, scopus, ieee",llm,1.000,unreviewed,
discarded,2025 Inborn errors of immunity practice parameter,Orange J.S.,2026,Annals of Allergy Asthma and Immunology,10.1016/j.anai.2025.10.026,https://www.scopus.com/inward/record.uri?partnerID=HzOxMe3b&scp=105033200592&origin=inward,off-topic-false-hit,,"dblp, openalex, wos, scopus, ieee",llm,0.960,unreviewed,
discarded,"Modeling diseases of aging in larval zebrafish, a paradoxical yet powerful strategy",Özcan G.G.,2026,Genetics,10.1093/genetics/iyag027,https://www.scopus.com/inward/record.uri?partnerID=HzOxMe3b&scp=105035010639&origin=inward,off-topic-false-hit,"Abstract Neurodegenerative diseases are a set of devastating medical conditions in which neuronal loss associated with the aggregation of toxic proteins leads to progressive cognitive impairment. These diseases are usually modeled in animals by mimicking late disease stages through genetic modifications that aggressively accumulate proteins that damage the brain. However, these diseases typically unfold over decades, and disease-associated genes are known to have important, but understudied, biological functions in early life stages. To address this research gap, we suggest that the larval zebrafish, which has conserved orthologs of most neurodegeneration-linked genes, is an excellent model to examine early mechanisms that set the stage for disease progression, such as altered neuronal function, synaptic re-wiring, and proteostasis. We propose a systematic genetic modeling and phenotyping pipeline in zebrafish that integrates CRISPR editing, high-throughput behavioral assays, brain-wide activity mapping, and pharmacological screens to capture neurodegenerative disease-related changes that occur well before clinical disease emerges. Studying diseases of aging in larval zebrafish may sound paradoxical; however, by uncovering cellular dysfunction at the earliest stages of disease in a living vertebrate brain, this approach could identify critical therapeutic targets at timepoints before degeneration becomes irreversible.","dblp, openalex, wos, scopus, ieee",llm,1.000,unreviewed,
