status,title,authors,year,venue,doi,url,tags,abstract,provider,decision_source,llm_confidence,llm_review_outcome,llm_change_direction
discarded,A subfunctionalisation model of gene family evolution predicts balanced tree shapes,Jiahao Diao; Małgorzata M. O’Reilly; Barbara R. Holland,2022,Molecular Phylogenetics and Evolution,10.1016/j.ympev.2022.107566,https://openalex.org/W4284977083,off-topic-false-hit,"We consider a subfunctionalisation model of gene family evolution. A family of n genes that perform z functions is represented by an n×z binary matrix Yt where a 1 in the ijth position indicates that gene i can perform function j. Yt evolves according to a continuous time Markov chain (CTMC) that represents the processes of gene duplication, coding region loss and regulatory region loss with the restriction that each function is protected by selection, meaning that each column in the matrix must contain at least one 1. We generate gene trees based on the CTMC {Yt,t⩾0}. We analyse the long-run behaviour of the model and specify the conditions where we expect gene trees to continue to grow and where we expect them to have a stable number of genes. We show that different choices of rate parameters for the processes of duplication and loss lead to different tree shapes as measured by two common tree-shape statistics: the β-statistic for measuring tree balance and the γ-statistic for assessing diversification rate. We use an extension of β that is estimated from sets of trees. This extension is less biased compared to using the average β value for individual trees. When the rate of gene duplication dominates the rate of gene loss, the process is unstable and the distribution of tree shapes is close to following the uniform ranked tree shape (URT) distribution. However, when the process is stable, gene trees are predicted to have positive values of β indicating balanced trees and negative values of γ indicating that diversification occurs more towards the root of the tree. The results of our analyses suggest that comparing the tree-shape statistics of empirical gene-trees to the predictions presented here will provide a test of the subfunctionalisation model.",openalex,llm,1.000,unreviewed,
discarded,Behind the Intent of Extract Method Refactoring: A Systematic Literature Review,Eman Abdullah AlOmar; Mohamed Wiem Mkaouer; Ali Ouni,2024,IEEE Transactions on Software Engineering,10.1109/tse.2023.3345800,https://openalex.org/W4390591120,adjacent-subtopic,"Background:Code refactoring is widely recognized as an essential software engineering practice to improve the understandability and maintainability of the source code. TheExtract Methodrefactoring is considered as “Swiss army knife” of refactorings, as developers often apply it to improve their code quality,e.g., decompose long code fragments, reduce code complexity, eliminate duplicated code, etc. In recent years, several studies attempted to recommendExtract Methodrefactorings allowing the collection, analysis, and revelation of actionable data-driven insights about refactoring practices within software projects.Aim:In this paper, we aim at reviewing the current body of knowledge on existing Extract Method refactoring research and explore their limitations and potential improvement opportunities for future research efforts. That is,Extract Methodis considered one of the most widely-used refactorings, but difficult to apply in practice as it involves low-level code changes such as statements, variables, parameters, return types, etc. Hence, researchers and practitioners begin to be aware of the state-of-the-art and identify new research opportunities in this context.Method:We review the body of knowledge related toExtract Methodrefactoring in the form of a systematic literature review (SLR). After compiling an initial pool of 1,367 papers, we conducted a systematic selection and our final pool included 83 primary studies. We define three sets of research questions and systematically develop and refine a classification schema based on several criteria including their methodology, applicability, and degree of automation.Results:The results construct a catalog of 83Extract Methodapproaches indicating that several techniques have been proposed in the literature. Our results show that: (i) 38.6% ofExtract Methodrefactoring studies primarily focus on addressing code clones; (ii) Several of theExtract Methodtools incorporate the developer’s involvement in the decision-making process when applying the method extraction, and (iii) the existing benchmarks are heterogeneous and do not contain the same type of information, making standardizing them for the purpose of benchmarking difficult.Conclusions:Our study serves as an “index” to the body of knowledge in this area for researchers and practitioners in determining theExtract Methodrefactoring approach that is most appropriate for their needs. Our findings also empower the community with information to guide the future development of refactoring tools.",openalex,llm,0.900,unreviewed,
discarded,The First WHO International Standard for Harmonizing the Biological Activity of Bevacizumab,Haiyan Jia; Parvathy E. Harikumar; Eleanor Atkinson; Peter Rigsby; Meenu Wadhwa,2021,Biomolecules,10.3390/biom11111610,https://openalex.org/W3208074468,off-topic-false-hit,"Several Bevacizumab products are approved for clinical use, with many others in late-stage clinical development worldwide. To aid the harmonization of potency assessment across different Bevacizumab products, the first World Health Organization (WHO) International Standard (IS) for Bevacizumab has been developed. Two preparations of a Bevacizumab candidate and comparator were assessed for their ability to neutralize and bind vascular endothelial growth factor (VEGF) using different bioassays and binding assays in an international collaborative study. Relative potency estimates were similar across different assays for the comparator or the duplicate-coded candidate sample. Variability in relative potency estimates was reduced when the candidate standard was used for calculation compared with various in-house reference standards, enabling harmonization in bioactivity evaluations. The results demonstrated that the candidate standard is suitable to serve as an IS for Bevacizumab, with assigned unitages for VEGF neutralization and VEGF binding activity. This standard coded 18/210 was established by the WHO Expert Committee on Biological Standardization, which is intended to support the calibration of secondary standards for product development and lifecycle management. The availability of IS 18/210 will help facilitate the global harmonization of potency evaluation to ensure patient access to Bevacizumab products with consistent safety, quality and efficacy.",openalex,llm,1.000,unreviewed,
discarded,StaTI: Protecting against Fault Attacks Using Stable Threshold Implementations,Siemen Dhooghe; Artemii Ovchinnikov; Dilara Toprakhisar,2023,IACR Transactions on Cryptographic Hardware and Embedded Systems,10.46586/tches.v2024.i1.229-263,https://openalex.org/W4389395051,off-topic-false-hit,"Fault attacks impose a serious threat against the practical implementations of cryptographic algorithms. Statistical Ineffective Fault Attacks (SIFA), exploiting the dependency between the secret data and the fault propagation overcame many of the known countermeasures. Later, several countermeasures have been proposed to tackle this attack using error detection methods. However, the efficiency of the countermeasures, in part governed by the number of error checks, still remains a challenge.In this work, we propose a fault countermeasure, StaTI, based on threshold implementations and linear encoding techniques. The proposed countermeasure protects the implementations of cryptographic algorithms against both side-channel and fault adversaries in a non-combined attack setting. We present a new composable notion, stability, to protect a threshold implementation against a formal gate/register-faulting adversary. Stability ensures fault propagation, making a single error check of the output suffice. To illustrate the stability notion, first, we provide stable encodings of the XOR and AND gates. Then, we present techniques to encode threshold implementations of S-boxes, and provide stable encodings of some quadratic S-boxes together with their security and performance evaluation. Additionally, we propose general encoding techniques to transform a threshold implementation of any function (e.g., non-injective functions) to a stable one. We then provide an encoding technique to use in symmetric primitives which encodes state elements together significantly reducing the encoded state size. Finally, we used StaTI to implement a secure Keccak on FPGA and report on its efficiency.",openalex,llm,1.000,unreviewed,
discarded,Model-Driven Development of Model Transformations,Pieter Van Gorp,2008,Lecture notes in computer science,10.1007/978-3-540-87405-8_51,https://openalex.org/W1512639770,off-topic-false-hit,,openalex,llm,0.750,unreviewed,
discarded,Efficient and effective branch reordering using profile data,Minghui Yang; Gang‐Ryung Uh; David Whalley,2002,ACM Transactions on Programming Languages and Systems,10.1145/586088.586091,https://openalex.org/W1998298122,off-topic-false-hit,"The conditional branch has long been considered an expensive operation. The relative cost of conditional branches has increased as recently designed machines are now relying on deeper pipelines and higher multiple issue. Reducing the number of conditional branches executed often results in a substantial performance benefit. This paper describes a code-improving transformation to reorder sequences of conditional branches that compare a common variable to constants. The goal is to obtain an ordering where the fewest average number of branches in the sequence will be executed. First, sequences of branches that can be reordered are detected in the control flow. Second, profiling information is collected to predict the probability that each branch will transfer control out of the sequence. Third, the cost of performing each conditional branch is estimated. Fourth, the most beneficial ordering of the branches based on the estimated probability and cost is selected. The most beneficial ordering often includes the insertion of additional conditional branches that did not previously exist in the sequence. Finally, the control flow is restructured to reflect the new ordering. The results of applying the transformation are on average reductions of about 8% fewer instructions executed and 13% branches performed, as well as about a 4% decrease in execution time.",openalex,llm,0.980,unreviewed,
kept,Jupyter Notebooks on GitHub: Characteristics and Code Clones,Malin Källén; Tobias Wrigstad,2021,The Art Science and Engineering of Programming,10.22152/programming-journal.org/2021/5/15,https://openalex.org/W3042955694,adjacent-subtopic,"Jupyter notebooks has emerged as a standard tool for data science programming.Programs in Jupyter notebooks are different from typical programs as they are constructed by a collection of code snippets interleaved with text and visualisation.This allows interactive exploration and snippets may be executed in different order which may give rise to different results due to side-effects between snippets.Previous studies have shown the presence of considerable code duplication -code clones -in sources of traditional programs, in both so-called systems programming languages and so-called scripting languages.In this paper we present the first large-scale study of code cloning in Jupyter notebooks.We analyse a corpus of 2.7 million Jupyter notebooks hosted on GitHub, representing 37 million individual snippets and 227 million lines of code.We study clones at the level of individual snippets, and study the extent to which snippets are recurring across multiple notebooks.We study both identical clones and approximate clones and conduct a small-scale ocular inspection of the most common clones.We find that code cloning is common in Jupyter notebooks -more than 70 % of all code snippets are exact copies of other snippets (with possible differences in white spaces), and around 50 % of all notebooks do not have any unique snippet, but consists solely of snippets that are also found elsewhere.In notebooks written in Python, at least 80 % of all snippets are approximate clones and the prevalence of code cloning is higher in Python than in other languages.We further find that clones between different repositories are far more common than clones within the same repository.However, the most common individual repository from which a Jupyter notebook contains clones is the repository in which itself resides.",openalex,llm,0.890,unreviewed,
discarded,Fixing Your Own Smells: Adding a Mistake-Based Familiarisation Step When Teaching Code Refactoring,Ivan Tan; Christopher M. Poskitt,2024,,10.1145/3626252.3630856,https://openalex.org/W4392564437,adjacent-subtopic,"Programming problems can be solved in a multitude of functionally correct ways, but the quality of these solutions (e.g. readability, maintainability) can vary immensely. When code quality is poor, symptoms emerge in the form of 'code smells', which are specific negative characteristics (e.g. duplicate code) that can be resolved by applying refactoring patterns. Many undergraduate computing curricula train students on this software engineering practice, often doing so via exercises on unfamiliar instructor-provided code. Our observation, however, is that this makes it harder for novices to internalise refactoring as part of their own development practices. In this paper, we propose a new approach to teaching refactoring, in which students must first complete a programming exercise constrained to ensure they will produce a code smell. This simple intervention is based on the idea that learning refactoring is easier if students are familiar with the code (having built it), that it brings refactoring closer to their regular development practice, and that it presents a powerful opportunity to learn from a 'mistake'. We designed and conducted a study with 35 novice undergraduates in which they completed various refactoring exercises alternately taught using a traditional and our 'mistake-based' approach, finding that students were significantly more effective and confident at completing exercises using the latter.",openalex,llm,0.840,unreviewed,
discarded,The program dependence graph and its use in optimization,Jeanne Ferrante; Karl J. Ottenstein; Joe Warren,1987,ACM Transactions on Programming Languages and Systems,10.1145/24039.24041,https://openalex.org/W2144344516,off-topic-false-hit,"In this paper we present an intermediate program representation, called the program dependence graph ( PDG ), that makes explicit both the data and control dependences for each operation in a program. Data dependences have been used to represent only the relevant data flow relationships of a program. Control dependences are introduced to analogously represent only the essential control flow relationships of a program. Control dependences are derived from the usual control flow graph. Many traditional optimizations operate more efficiently on the PDG. Since dependences in the PDG connect computationally related parts of the program, a single walk of these dependences is sufficient to perform many optimizations. The PDG allows transformations such as vectorization, that previously required special treatment of control dependence, to be performed in a manner that is uniform for both control and data dependences. Program transformations that require interaction of the two dependence types can also be easily handled with our representation. As an example, an incremental approach to modifying data dependences resulting from branch deletion or loop unrolling is introduced. The PDG supports incremental optimization, permitting transformations to be triggered by one another and applied only to affected dependences.",openalex,llm,0.990,unreviewed,
discarded,Developing Children’s Computational Thinking using Programming Games,Simon Rose,2019,Sheffield Hallam University,10.7190/shu-thesis-00257,https://openalex.org/W3008118546,off-topic-false-hit,"Computation is a fundamental part of our world, with today’s children growing up surrounded by technology. This has led governments and policymakers to introduce computer science into primary and secondary education (age 5 to 16). These developments have been driven by ‘computational thinking’: the idea that the problemsolving skills used in computer science are useful in other disciplines. They have resulted in a wide range of programming tools designed for novices, of which Scratch, a block-based visual programming environment, is the most popular. Yet, so far, both computer science education and claims of computational thinking as a universal skill have failed to live up to their potential. This thesis begins by reviewing the literature on computer science in primary education and computational thinking. It then describes a study that aimed to reproduce findings that programming improves story sequencing, a non-computational skill, in young children (age 5 and 6) using a programming game. The results showed an overall improvement for both the intervention and control group. In addition, it highlighted issues with teaching programming to young children. The thesis then refocuses on teaching older children (age 9 to 11) the computer science skill of abstraction and the idea that it can be used to refactor code to remove ‘code smells’ (bad programming practices). Code smells indicate an underlying problem in a program, such as code duplication, and are common in Scratch projects. A study is then reported that establishes that primary school children can recognise the benefits of abstraction when asked to alter Scratch projects that contain it. The thesis then describes the design and development of Pirate Plunder, a novel educational block-based programming game designed to teach children to use abstraction in Scratch, using custom blocks (parameterised procedures) and cloning (instances of sprites). Two studies are reported in the subsequent chapters. The first investigates the value of a debugging-first approach in Pirate Plunder, finding that it was not always beneficial. The second measures for improvements in using abstraction in Scratch, finding that children who played the game were then able to use custom blocks to reduce duplication code smells in a Scratch project. In addition, Pirate Plunder players improved on a computational thinking assessment compared to the non-programming control group. The final chapter discusses the original contributions of the thesis, the implications of these and future direction.",openalex,llm,0.990,unreviewed,
discarded,A Novel Four-Way Approach Designed With Ensemble Feature Selection for Code Smell Detection,Inderpreet Kaur; Arvinder Kaur,2021,IEEE Access,10.1109/access.2021.3049823,https://openalex.org/W3119003027,off-topic-false-hit,"Purpose: Code smells are residuals of technical debt induced by the developers. They hinder evolution, adaptability and maintenance of the software. Meanwhile, they are very beneficial in indicating the loopholes of problems and bugs in the software. Machine learning has been extensively used to predict Code Smells in research. The current study aims to optimise the prediction using Ensemble Learning and Feature Selection techniques on three open-source Java data sets. Design and Results: The work Compares four varied approaches to detect code smells using four performance measures Accuracy(P1), G-mean1 (P2), G-mean2 (P3), and F-measure (P4). The study found out that values of the performance measures did not degrade it instead of either remained same or increased with feature selection and Ensemble Learning. Random Forest turns out to be the best classifier while Correlation-based Feature selection(BFS) is best amongst Feature Selection techniques. Ensemble Learning aggregators, i.e. ET5C2 (BFS intersection Relief with classifier Random Forest), ET6C2 (BFS union Relief with classifier Random Forest), and ET5C1 (BFS intersection Relief with Bagging) and Majority Voting give best results from all the aggregation combinations studied. Conclusion: Though the results are good, but using Ensemble learning techniques needs a lot of validation for a variety of data sets before it can be standardised. The Ensemble Learning techniques also pose a challenge concerning diversity and reliability and hence needs exhaustive studies.",openalex,llm,0.960,unreviewed,
