status,title,authors,year,venue,doi,url,tags,abstract,provider,decision_source,llm_confidence,llm_review_outcome,llm_change_direction
discarded,On the use of deep learning in software defect prediction,Görkem Giray; Kwabena Ebo Bennin; Ömer Köksal; Önder Babur; Bedir Teki̇nerdoğan,2022,Journal of Systems and Software,10.1016/j.jss.2022.111537,https://openalex.org/W4304688778,adjacent-subtopic,"Automated software defect prediction (SDP) methods are increasingly applied, often with the use of machine learning (ML) techniques. Yet, the existing ML-based approaches require manually extracted features, which are cumbersome, time consuming and hardly capture the semantic information reported in bug reporting tools. Deep learning (DL) techniques provide practitioners with the opportunities to automatically extract and learn from more complex and high-dimensional data. The purpose of this study is to systematically identify, analyze, summarize, and synthesize the current state of the utilization of DL algorithms for SDP in the literature. We systematically selected a pool of 102 peer-reviewed studies and then conducted a quantitative and qualitative analysis using the data extracted from these studies. Main highlights include: (1) most studies applied supervised DL; (2) two third of the studies used metrics as an input to DL algorithms; (3) Convolutional Neural Network is the most frequently used DL algorithm. Based on our findings, we propose to (1) develop more comprehensive DL approaches that automatically capture the needed features; (2) use diverse software artifacts other than source code; (3) adopt data augmentation techniques to tackle the class imbalance problem; (4) publish replication packages.","dblp, openalex, wos, scopus, ieee",llm,0.930,unreviewed,
discarded,Growth and Early Postimplantation Defects in Mice Deficient for the Bromodomain-Containing Protein Brd4,Denis Houzelstein; Simon L. Bullock; Denise Lynch; Elena Grigorieva; Valerie Wilson; Rosa Beddington,2002,Molecular and Cellular Biology,10.1128/mcb.22.11.3794-3802.2002,https://openalex.org/W2148682747,off-topic-false-hit,"In a gene trap screen we recovered a mouse mutant line in which an insertion generated a null allele of the Brd4 gene. Brd4 belongs to the Fsh/Brd family, a group of structurally related proteins characterized by the association of two bromodomains and one extraterminal domain. Members of this family include Brd2/Ring3/Fsrg1 in mammals, fs(1)h in Drosophila, and Bdf1 in Saccharomyces cerevisiae. Brd4 heterozygotes display pre- and postnatal growth defects associated with a reduced proliferation rate. These mice also exhibit a variety of anatomical abnormalities: head malformations, absence of subcutaneous fat, cataracts, and abnormal liver cells. In primary cell cultures, heterozygous cells also display reduced proliferation rates and moderate sensitivity to methyl methanesulfonate. Embryos nullizygous for Brd4 die shortly after implantation and are compromised in their ability to maintain an inner cell mass in vitro, suggesting a role in fundamental cellular processes. Finally, sequence comparisons suggest that Brd4 is likely to correspond to the Brd-like element of the mediator of transcriptional regulation isolated by Y. W. Jiang, P. Veschambre, H. Erdjument-Bromage, P. Tempst, J. W. Conaway, R. C. Conaway, and R. D. Kornberg (Proc. Natl. Acad. Sci. USA 95:8538-8543, 1998) and the Brd4 mutant phenotype is discussed in light of this result. Together, our results provide the first genetic evidence for an in vivo role in mammals for a member of the Fsh/Brd family.","dblp, openalex, wos, scopus, ieee",llm,0.980,unreviewed,
discarded,Maintenance of Pluripotency in Human Embryonic Stem Cells Is STAT3 Independent,Rohan K. Humphrey; Gillian M. Beattie; Ana D. Lopez; Nathan Bucay; Charles C. King; Meri T. Firpo; Stefan Rose‐John; Alberto Hayek,2004,Stem Cells,10.1634/stemcells.22-4-522,https://openalex.org/W2005432188,off-topic-false-hit,"The preservation of ""stemness"" in mouse embryonic stem (mES) cells is maintained through a signal transduction pathway that requires the gp130 receptor, the interleukin-6 (IL-6) family of cytokines, and the Janus Kinase-signal transducer and activator (JAK/STAT) pathway. The factors and signaling pathways that regulate ""stemness"" in human embryonic stem (hES) cells remain to be elucidated. Here we report that STAT3 activation is not sufficient to block hES cell differentiation when the cells are grown on mouse feeder cells or when they are treated with conditioned media from feeder cells. Human ES cells differentiate in the presence of members of the IL-6 family of cytokines including leukemia inhibitory factor (LIF) and IL-6 or in the presence of the designer cytokine hyper-IL-6, which is a complex of soluble interleukin-6 receptor (IL-6R) and IL-6 with greatly enhanced bioactivity. Human ES cells express LIF, IL-6, and gp130 receptors, as well as the downstream signaling molecules. Stimulation of human and mouse ES cells with gp130 cytokines resulted in a robust phosphorylation of downstream ERK1, ERK2, and Akt kinases, as well as the STAT3 transcription factor. Loss of the pluripotency markers Nanog, Oct-4, and TRA-1-60 was observed in hES cells during gp130-dependent signaling, indicating that signaling through this pathway is insufficient to prevent the onset of differentiation. These data underscore a fundamental difference in requirements of murine versus hES cells. Furthermore, the data demonstrate the existence of an as-yet-unidentified factor in the conditioned media of mouse feeder layer cells that acts to maintain hES cell renewal in a STAT3-independent manner.","dblp, openalex, wos, scopus, ieee",llm,0.990,unreviewed,
discarded,Software Defect Prediction Using Ensemble Learning: A Systematic Literature Review,Faseeha Matloob; Taher M. Ghazal; Nasser Taleb; Shabib Aftab; Munir Ahmad; Muhammad Adnan Khan; Sagheer Abbas; Tariq Rahim Soomro,2021,IEEE Access,10.1109/access.2021.3095559,https://openalex.org/W3182306886,adjacent-subtopic,"Recent advances in the domain of software defect prediction (SDP) include the integration of multiple classification techniques to create an ensemble or hybrid approach. This technique was introduced to improve the prediction performance by overcoming the limitations of any single classification technique. This research provides a systematic literature review on the use of the ensemble learning approach for software defect prediction. The review is conducted after critically analyzing research papers published since 2012 in four well-known online libraries: ACM, IEEE, Springer Link, and Science Direct. In this study, five research questions covering the different aspects of research progress on the use of ensemble learning for software defect prediction are addressed. To extract the answers to identified questions, 46 most relevant papers are shortlisted after a thorough systematic research process. This study will provide compact information regarding the latest trends and advances in ensemble learning for software defect prediction and provide a baseline for future innovations and further reviews. Through our study, we discovered that frequently employed ensemble methods by researchers are the random forest, boosting, and bagging. Less frequently employed methods include stacking, voting and Extra Trees. Researchers proposed many promising frameworks, such as EMKCA, SMOTE-Ensemble, MKEL, SDAEsTSE, TLEL, and LRCR, using ensemble learning methods. The AUC, accuracy, F-measure, Recall, Precision, and MCC were mostly utilized to measure the prediction performance of models. WEKA was widely adopted as a platform for machine learning. Many researchers showed through empirical analysis that features selection, and data sampling was necessary pre-processing steps that improve the performance of ensemble classifiers.","dblp, openalex, wos, scopus, ieee",llm,0.960,unreviewed,
discarded,Two Sox9 Genes on Duplicated Zebrafish Chromosomes: Expression of Similar Transcription Activators in Distinct Sites,Evelyn Chiang; Chin-I Pai; M. Keith Wyatt; Yi‐Lin Yan; John H. Postlethwait; Bon‐chu Chung,2001,Developmental Biology,10.1006/dbio.2000.0129,https://openalex.org/W2077597259,off-topic-false-hit,"Sox9 is a transcription factor required for cartilage formation and testis determination in mammals. We have cloned from zebrafish two sox9 genes, termed sox9a and sox9b. Gene phylogenies showed that both genes are orthologous to tetrapod SOX3 genes. Genetic mapping showed that these two loci reside on chromosome segments that were apparently duplicated in a large-scale genomic duplication event in ray fin fish phylogeny. Both Sox9a and Sox9b proteins bind to the HMG consensus DNA sequences in vitro. We tested different domains for transactivation potential and identified a potential activation domain located in the middle of both Sox9a and Sox9b. During embryogenesis, sox9a and sox9b expression patterns are distinct but overlap in some regions of the brain, head skeleton, and fins. Expression of sox9a/b correlates well with that of col2a1 in chondrogenic elements. In the adults, sox9a is expressed in many tissues including brain, muscle, fin, and testis, whereas sox9b expression is restricted to previtellogenic oocytes of the ovary. This expression pattern predicts that sox9a and sox9b may have unique functions in some specific tissues during development. The role of gene duplication for the evolution of developmental gene function is discussed. (C) 2001 Academic Press.","dblp, openalex, wos, scopus, ieee",llm,0.990,unreviewed,
discarded,The gene encoding bone morphogenetic protein 8B is required for the initiation and maintenance of spermatogenesis in the mouse.,Guojie Zhao; Ke‐Yu Deng; Patricia A. Labosky; Lucy Liaw; B L Hogan,1996,Genes & Development,10.1101/gad.10.13.1657,https://openalex.org/W2069199157,off-topic-false-hit,"Bone morphogenetic protein 8B (BMP8B) is a member of the TGFbeta superfamily of growth factors. In the mouse, Bmp8b is expressed in male germ cells of the testis and trophoblast cells of the placenta, suggesting that it has a role in spermatogenesis and reproduction. To investigate these possibilities, we have generated mice with a targeted mutation in Bmp8b. Here, we show that homozygous Bmp8b(tm1blh) mutant males exhibit variable degrees of germ-cell deficiency and infertility. Detailed analysis reveals two separable defects in the homozygous mutant testes. First, during early puberty (2 weeks old or younger) the germ cells of all homozygous mutants either fail to proliferate or show a marked reduction in proliferation and a delayed differentiation. Second, in adults, there is a significant increase in programmed cell death (apoptosis) of spermatocytes, leading to germ-cell depletion and sterility. Sertoli cells and Leydig cells appear relatively unaffected in mutants. This study therefore provides the first genetic evidence that a murine germ cell-produced factor, BMP8B, is required for the resumption of male germ-cell proliferation in early puberty, and for germ-cell survival and fertility in the adult.","dblp, openalex, wos, scopus, ieee",llm,0.990,unreviewed,
discarded,Centrosome defects can account for cellular and genetic changes that characterize prostate cancer progression.,Germán Pihán; Aruna Purohit; Janice Wallace; Raji Malhotra; Lance Liotta; Stephen Doxsey,2001,PubMed,,https://openalex.org/W2155954315,off-topic-false-hit,"Factors that determine the biological and clinical behavior of prostate cancer are largely unknown. Prostate tumor progression is characterized by changes in cellular architecture, glandular organization, and genomic composition. These features are reflected in the Gleason grade of the tumor and in the development of aneuploidy. Cellular architecture and genomic stability are controlled in part by centrosomes, organelles that organize microtubule arrays including mitotic spindles. Here we demonstrate that centrosomes are structurally and numerically abnormal in the majority of prostate carcinomas. Centrosome abnormalities increase with increasing Gleason grade and with increasing levels of genomic instability. Selective induction of centrosome abnormalities by elevating levels of the centrosome protein pericentrin in prostate epithelial cell lines reproduces many of the phenotypic characteristics of high-grade prostate carcinoma. Cells that transiently or permanently express pericentrin exhibit severe centrosome and spindle defects, cellular disorganization, genomic instability, and enhanced growth in soft agar. On the basis of these observations, we propose a model in which centrosome dysfunction contributes to the progressive loss of cellular and glandular architecture and increasing genomic instability that accompany prostate cancer progression, dissemination, and lethality.","dblp, openalex, wos, scopus, ieee",llm,0.990,unreviewed,
discarded,"Normal microRNA Maturation and Germ-Line Stem Cell Maintenance Requires Loquacious, a Double-Stranded RNA-Binding Domain Protein",Klaus Förstemann; Yukihide Tomari; Tingting Du; Vasily V. Vagin; Ahmet M. Denli; Diana P. Bratu; Carla Klattenhoff; William E. Theurkauf; Phillip D. Zamore,2005,PLoS Biology,10.1371/journal.pbio.0030236,https://openalex.org/W2105068295,off-topic-false-hit,"microRNAs (miRNAs) are single-stranded, 21- to 23-nucleotide cellular RNAs that control the expression of cognate target genes. Primary miRNA (pri-miRNA) transcripts are transformed to mature miRNA by the successive actions of two RNase III endonucleases. Drosha converts pri-miRNA transcripts to precursor miRNA (pre-miRNA); Dicer, in turn, converts pre-miRNA to mature miRNA. Here, we show that normal processing of Drosophila pre-miRNAs by Dicer-1 requires the double-stranded RNA-binding domain (dsRBD) protein Loquacious (Loqs), a homolog of human TRBP, a protein first identified as binding the HIV trans-activator RNA (TAR). Efficient miRNA-directed silencing of a reporter transgene, complete repression of white by a dsRNA trigger, and silencing of the endogenous Stellate locus by Suppressor of Stellate, all require Loqs. In loqs(f00791) mutant ovaries, germ-line stem cells are not appropriately maintained. Loqs associates with Dcr-1, the Drosophila RNase III enzyme that processes pre-miRNA into mature miRNA. Thus, every known Drosophila RNase-III endonuclease is paired with a dsRBD protein that facilitates its function in small RNA biogenesis.","dblp, openalex, wos, scopus, ieee",llm,0.990,unreviewed,
discarded,Processing of Mgm1 by the Rhomboid-type Protease Pcp1 Is Required for Maintenance of Mitochondrial Morphology and of Mitochondrial DNA,Mark Herlan; Frank Vogel; Carsten Bornhövd; Walter Neupert; Andreas S. Reichert,2003,Journal of Biological Chemistry,10.1074/jbc.m211311200,https://openalex.org/W2079676584,off-topic-false-hit,"The structure of mitochondria is highly dynamic and depends on the balance of fusion and fission processes. Deletion of the mitochondrial dynamin-like protein Mgm1 in yeast leads to extensive fragmentation of mitochondria and loss of mitochondrial DNA. Mgm1 and its human ortholog OPA1, associated with optic atrophy type I in humans, were proposed to be involved in fission or fusion of mitochondria or, alternatively, in remodeling of the mitochondrial inner membrane and cristae formation (Wong, E. D., Wagner, J. A., Gorsich, S. W., McCaffery, J. M., Shaw, J. M., and Nunnari, J. (2000) J. Cell Biol. 151, 341-352; Wong, E. D., Wagner, J. A., Scott, S. V., Okreglak, V., Holewinske, T. J., Cassidy-Stone, A., and Nunnari, J. (2003) J. Cell Biol. 160, 303-311; Sesaki, H., Southard, S. M., Yaffe, M. P., and Jensen, R. E. (2003) Mol. Biol. Cell, in press). Mgm1 and its orthologs exist in two forms of different lengths. To obtain new insights into their biogenesis and function, we have characterized these isoforms. The large isoform (l-Mgm1) contains an N-terminal putative transmembrane segment that is absent in the short isoform (s-Mgm1). The large isoform is an integral inner membrane protein facing the intermembrane space. Furthermore, the conversion of l-Mgm1 into s-Mgm1 was found to be dependent on Pcp1 (Mdm37/YGR101w) a recently identified component essential for wild type mitochondrial morphology. Pcp1 is a homolog of Rhomboid, a serine protease known to be involved in intercellular signaling in Drosophila melanogaster, suggesting a function of Pcp1 in the proteolytic maturation process of Mgm1. Expression of s-Mgm1 can partially complement the Deltapcp1 phenotype. Expression of both isoforms but not of either isoform alone was able to partially complement the Deltamgm1 phenotype. Therefore, processing of l-Mgm1 by Pcp1 and the presence of both isoforms of Mgm1 appear crucial for wild type mitochondrial morphology and maintenance of mitochondrial DNA.","dblp, openalex, wos, scopus, ieee",llm,0.990,unreviewed,
discarded,The landscape of <i>BRCA1</i> and <i>BRCA2</i> large rearrangements in an international cohort of over 20 000 ovarian tumors identified using next-generation sequencing,"Jones, Melanie A.; Timms, Kirsten M.; Hatcher, Shanell; Cogan, Elizabeth S.; Comeaux, Matthew S.; Perry, Michael; Morris, Brian; Swedlund, Brad; Elks, Cathy E.; Lao-Sirieix, Pierre; Dearden, Simon; Egile, Coumaran; Brown, Jessica S.; Harrington, Elizabeth A.; Hodgson, Darren; Stern, Matt; Slavin, Thomas P.; Mancini-DiNardo, Debora",2023,GENES CHROMOSOMES & CANCER,10.1002/gcc.23150,https://www.webofscience.com/wos/woscc/full-record/WOS:000994237500001,off-topic-false-hit,"Background: Approximately half of ovarian tumors have defects within the homologous recombination repair pathway. Tumors carrying pathogenic variants (PVs) in BRCA1/BRCA2 are more likely to respond to poly-ADP ribose polymerase (PARP) inhibitor treatment. Large rearrangements (LRs) are a challenging class of variants to identify and characterize in tumor specimens and may therefore be underreported. This study describes the prevalence of pathogenic BRCA1/BRCA2 LRs in ovarian tumors and discusses the importance of their identification using a comprehensive testing strategy.

Methods: Sequencing and LR analyses of BRCA1/BRCA2 were conducted in 20 692 ovarian tumors received between March 18, 2016 and February 14, 2023 for MyChoice CDx testing. MyChoice CDx uses NGS dosage analysis to detect LRs in BRCA1/BRCA2 genes using dense tiling throughout the coding regions and limited flanking regions.

Results: Of the 2217 PVs detected, 6.3% (N = 140) were LRs. Overall, 0.67% of tumors analyzed carried a pathogenic LR. The majority of detected LRs were deletions (89.3%), followed by complex LRs (5.7%), duplications (4.3%), and retroelement insertions (0.7%). Notably, 25% of detected LRs encompassed a single or partial single exon. This study identified 84 unique LRs, 2 samples each carried 2 unique LRs in the same gene. We identified 17 LRs that occurred in multiple samples, some of which were specific to certain ancestries. Several cases presented here illustrate the intricacies involved in characterizing LRs, particularly when multiple events occur within the same gene.

Conclusions: Over 6% of PVs detected in the ovarian tumors analyzed were LRs. It is imperative for laboratories to utilize testing methodologies that will accurately detect LRs at a single exon resolution to optimize the identification of patients who may benefit from PARP inhibitor treatment.","dblp, openalex, wos, scopus, ieee",llm,0.990,unreviewed,
discarded,Regulation of Myelination in the Central Nervous System by Nuclear Lamin B1 and Non-coding RNAs,"Lin, Shu-Ting; Heng, Mary Y.; Ptacek, Louis J.; Fu, Ying-Hui",2014,TRANSLATIONAL NEURODEGENERATION,10.1186/2047-9158-3-4,https://www.webofscience.com/wos/woscc/full-record/WOS:000215872800003,off-topic-false-hit,"Adult-onset autosomal dominant leukodystrophy (ADLD) is a progressive and fatal hereditary demyelination disorder characterized initially by autonomic dysfunction and loss of myelin in the central nervous system (CNS). Majority of ADLD is caused by a genomic duplication of the nuclear lamin B1 gene (LMNB1) encoding lamin B1 protein, resulting in increased gene dosage in brain tissue. In vitro, excessive lamin B1 at the cellular level reduces transcription of myelin genes, leading to premature arrest of oligodendrocyte differentiation. Murine models of ADLD overexpressing LMNB1 exhibited age-dependent motor deficits and myelin defects, which are associated with reduced occupancy of the Yin Yang 1 transcription factor at the promoter region of the proteolipid protein gene. Lamin B1 overexpression mediates oligodendrocyte cell-autonomous neuropathology in ADLD and suggests lamin B1 as an important regulator of myelin formation and maintenance during aging. Identification of microRNA-23 (miR-23) as a negative regulator of lamin B1 can ameliorate the consequences of excessive lamin B1 at the cellular level. miR-23a-overexpressing mice display enhanced oligodendrocyte differentiation and myelin synthesis. miR-23a targets include a protein coding transcript PTEN (phosphatase and tensin homolog on chromosome 10), and a long noncoding RNA (2700046G09Rik), indicating a unique role for miR-23a in the coordination of proteins and noncoding RNAs in generating and maintaining healthy myelin. Here, we provide a concise review of the current literature on clinical presentations of ADLD and how lamin B1 affects myelination and other developmental processes. Moreover, we address the emerging role of non-coding RNAs (ncRNAs) in modulating gene networks, specifically investigating miR-23 as a potential target for the treatment of ADLD and other demyelinating disorders.","dblp, openalex, wos, scopus, ieee",llm,0.990,unreviewed,
