status,title,authors,year,venue,doi,url,tags,abstract,provider,decision_source,llm_confidence,llm_review_outcome,llm_change_direction
discarded,Improving Supply Chain Management Processes Using Smart Contracts in the Ethereum Network Written in Solidity,Eren Yigit; Tamer Dağ,2024,Applied Sciences,10.3390/app14114738,https://openalex.org/W4399171582,off-topic-false-hit,"This paper investigates the potential of integrating supply chain management with blockchain technology, specifically by implementing smart contracts on the Ethereum network using Solidity. The paper explores supply chain management concepts, blockchain, distributed ledger technology, and smart contracts in the context of their integration into supply chains to increase traceability, transparency, and accountability with faster processing times. After investigating these technologies’ applications and potential use cases, a framework for smart contract implementation for supply chain management is constructed. Potential data models and functions of a smart contract implementation improving supply chain management processes are discussed. After constructing a framework, the effects of the proposed system on supply chain processes are explained. The proposed framework increases the reliability of the supply chain history due to the usage of DLT (distributed ledger technology). It utilizes smart contracts to increase the manageability and traceability of the supply chain. The proposed framework also eliminates the SPoF (Single Point of Failure) vulnerabilities and external alteration of the transactional data. However, due to the ever-changing and variable nature of the supply chains, the proposed architecture might not be a one-size-fits-all solution, and tailor-made solutions might be necessary for different supply chain management implementations.",openalex,llm,0.970,unreviewed,
discarded,,,,,,,off-topic-false-hit,,scopus,llm,0.600,unreviewed,
discarded,A structured review of the evidence for pacing as a chronic pain intervention,Joanna R. Gill; Cary A. Brown,2008,European Journal of Pain,10.1016/j.ejpain.2008.03.011,https://openalex.org/W2003739752,off-topic-false-hit,"Pacing as an intervention appears with great regularity in the chronic pain management literature and yet what service providers actually mean by pacing is unclear and poorly defined. This short communication reports the findings of a structured review of the literature which examined the strength of the evidence for pacing as an intervention for people with chronic pain. The McMaster critical review guidelines were followed and the relevant electronic databases were searched. Findings revealed a paucity of outcome studies specific to pacing as an intervention. Although background literature demonstrates that pacing is often one part of a multidisciplinary intervention program, the research conducted on these programs presents pacing itself as an ill- or undefined construct. It is evident from this review that ""pacing,"" while a widely employed term, lacks consensus of definition and a demonstrable evidence-base.",openalex,llm,1.000,unreviewed,
discarded,Contingency management in substance abuse treatment: A structured review of the evidence for its transportability,Bryan Hartzler; Steve J. Lash; John M. Roll,2011,Drug and Alcohol Dependence,10.1016/j.drugalcdep.2011.11.011,https://openalex.org/W2033184877,off-topic-false-hit,"Aims Extant literature on contingency management (CM) transportability, or its transition from academia to community practice, is reviewed. The Consolidated Framework for Implementation Research (CFIR; Damschroder et al., 2009) guides the examination of this material. Methods PsychInfo and Medline database searches identified 27 publications, with reviewed reference lists garnering 22 others. These 49 sources were examined according to CFIR domains of the intervention, outer setting, inner setting, clinicians, and implementation processes. Results Intervention characteristics were focal in 59% of the identified literature, with less frequent focus on clinicians (34%), inner setting (32%), implementation processes (18%), and outer setting (8%). As intervention characteristics, adaptability and trialability most facilitate transportability whereas non-clinical origin, perceived inefficacy or disadvantages, and costs are impediments. Clinicians with a managerial focus and greater clinic tenure and CM experience are candidates to curry organizational readiness for implementation, and combat staff disinterest or philosophical objection. A clinic’s technology comfort, staff continuity, and leadership advocacy are inner setting characteristics that prompt effective implementation. Implementation processes in successful demonstration projects include careful fiscal/logistical planning, role-specific staff engagement, practical adaptation in execution, and evaluation via fidelity-monitoring and cost-effectiveness analyses. Outer setting characteristics—like economic policies and inter-agency networking or competition—are salient, often unrecognized influences. Conclusions As most implementation constructs are still moving targets, CM transportability is in its infancy and warrants further scientific attention. More effective dissemination may necessitate that future research weight emphasis on external validity, and utilize models of implementation science.",openalex,llm,1.000,unreviewed,
discarded,A Structured Review of the Validity of BLEU,Ehud Reiter,2018,Computational Linguistics,10.1162/coli_a_00322,https://openalex.org/W2806532810,off-topic-false-hit,"The BLEU metric has been widely used in NLP for over 15 years to evaluate NLP systems, especially in machine translation and natural language generation. I present a structured review of the evidence on whether BLEU is a valid evaluation technique—in other words, whether BLEU scores correlate with real-world utility and user-satisfaction of NLP systems; this review covers 284 correlations reported in 34 papers. Overall, the evidence supports using BLEU for diagnostic evaluation of MT systems (which is what it was originally proposed for), but does not support using BLEU outside of MT, for evaluation of individual texts, or for scientific hypothesis testing.",openalex,llm,0.990,unreviewed,
discarded,"An evidence-based review of the practice of cardiopulmonary bypass in adults: A focus on neurologic injury, glycemic control, hemodilution, and the inflammatory response",Kenneth G. Shann; Donald S. Likosky; John M. Murkin; Robert A. Baker; Yvon R. Baribeau; Gordon R. DeFoe; Timothy A. Dickinson; Timothy J. Gardner; Hilary P. Grocott; Gerald T. O’Connor; David Rosinski; Frank W. Sellke; Timothy W. Willcox,2006,Journal of Thoracic and Cardiovascular Surgery,10.1016/j.jtcvs.2006.03.027,https://openalex.org/W2113470761,off-topic-false-hit,,openalex,llm,1.000,unreviewed,
discarded,Continuing to care : the organization of midwifery services in the UK : a structures review of the evidence,Josephine Green,1998,Books for Midwives,,https://openalex.org/W610631910,off-topic-false-hit,Introduction Context and background Some methodological issues Terminology used Methods of the review Results of the search Description of core comparitive studies Multi-scheme descriptive studies Are new ways of organizing services achieving greater continuity of carer? Are new ways organizing services associated with different clinical outcomes? What are women's views and experiences of these alternative ways of organizing midwifery services? What are the views and experiences of the midwives who work in these schemes? What are the views and experiences of other healthcare workers? What are the costs? Discussions Conclusions Recommendations Appendices,openalex,llm,1.000,unreviewed,
discarded,The balanced care model: the case for both hospital- and community-based mental healthcare,Graham Thornicroft; Michele Tansella,2013,The British Journal of Psychiatry,10.1192/bjp.bp.112.111377,https://openalex.org/W2151315402,off-topic-false-hit,"The balanced care model proposes that a comprehensive mental health system needs to include both community- and hospital-based care. The model is based on a structured review of scientific evidence, and is also informed by the experience of experts active in mental health system change in many countries worldwide.",openalex,llm,1.000,unreviewed,
discarded,Systematic review or meta-analysis? Their place in the evidence hierarchy,Mical Paul; Leonard Leibovici,2013,Clinical Microbiology and Infection,10.1111/1469-0691.12489,https://openalex.org/W1889580427,off-topic-false-hit,,openalex,llm,0.990,unreviewed,
discarded,Planned mode of birth after previous cesarean section: A structured review of the evidence on the associated outcomes for women and their children in high-income setting,Kathryn Fitzpatrick; Maria Quigley; Jennifer J. Kurinczuk,2022,Frontiers in Medicine,10.3389/fmed.2022.920647,https://openalex.org/W4294739435,off-topic-false-hit,"In many high-income settings policy consensus supports giving pregnant women who have had a previous cesarean section a choice between planning an elective repeat cesarean section (ERCS) or planning a vaginal birth after previous cesarean (VBAC), provided they have no contraindications to VBAC. To help women make an informed decision regarding this choice, clinical guidelines advise women should be counseled on the associated risks and benefits. The most recent and comprehensive review of the associated risks and benefits of planned VBAC compared to ERCS in high-income settings was published in 2010 by the US Agency for Healthcare Research and Quality (AHRQ). This paper describes a structured review of the evidence in high-income settings that has been published since the AHRQ review and the literature in high-income settings that has been published since 1980 on outcomes not included in the AHRQ review. Three databases (MEDLINE, EMBASE, and PsycINFO) were searched for relevant studies meeting pre-specified eligible criteria, supplemented by searching of reference lists. Forty-seven studies were identified as meeting the eligibility criteria and included in the structured review. The review suggests that while planned VBAC compared to ERCS is associated with an increased risk of various serious birth-related complications for both the mother and her baby, the absolute risk of these complications is small for either birth approach. The review also found some evidence that planned VBAC compared to ERCS is associated with benefits such as a shorter length of hospital stay and a higher likelihood of breastfeeding. The limited evidence available also suggests that planned mode of birth after previous cesarean section is not associated with the child's subsequent risk of experiencing adverse neurodevelopmental or health problems in childhood. This information can be used to manage and counsel women with previous cesarean section about their subsequent birth choices. Collectively, the evidence supports existing consensus that there are risks and benefits associated with both planned VBAC and ERCS, and therefore women without contraindications to VBAC should be given an informed choice about planned mode of birth after previous cesarean section. However, further studies into the longer-term effects of planned mode of birth after previous cesarean section are needed along with more research to address the other key limitations and gaps that have been highlighted with the existing evidence.",openalex,llm,1.000,unreviewed,
discarded,Transition from Acute to Chronic Pain: Evaluating Risk for Chronic Postsurgical Pain,Jingping Wang,2019,Pain Physician,10.36076/ppj/2019.22.479,https://openalex.org/W2980430934,off-topic-false-hit,"BACKGROUND: The pathophysiology of pain involves complex nervous system interactions after initial noxious stimuli. When stimuli persist, biochemical and structural changes occur in the nociceptive pathways of the central and peripheral nervous systems, leading to pain sensitization. Peripheral and central sensitization are key in the transition from acute to chronic pain. This development of chronic pain is particularly common following various surgical procedures, with many postsurgical patients experiencing persistent pain for significant periods. Chronic pain is a common and severe complication of surgery, and preventing its development is tantamount in improving patient outcomes. OBJECTIVES: To understand underlying pathophysiology of chronic postsurgical pain (CPSP) and the underlying risk factors predisposing the transition from acute to CPSP. To review our ability to identify patients at highest risk for the development CPSP. To identify evidence-based multimodal approaches that can aid in the prevention of CPSP. STUDY DESIGN: Narrative review of peer-reviewed literature. SETTING: Inpatient surgical centers. METHODS: Medline and Cochrane databases were reviewed to identify publications relevant to CPSP pathophysiology, risk factors, predictive models, and prevention. Publications were selected based on author expertise to summarize our current understanding of CPSP. RESULTS: This review presents our current understanding of CPSP in the following domains: underlying pathophysiology, predisposing risk factors, predictive models of CPSP, and preventative strategies. Each section provides a structured review of key evidence base to understand the complex topic of CPSP. LIMITATIONS: This narrative review is a nonsystematic review of relevant publications aimed at presenting succinct overview of CPSP. CONCLUSIONS: The incidence of CPSP can potentially be reduced through early identification of perioperative, genetic, physiologic, and psychologic factors. Models predicting the development of CPSP continue to improve and may help focus preventative efforts in patients at highest risk. There is a growing body of evidence supporting the use of multimodal analgesia and anesthetic techniques in the reducing rates of CPSP development. KEY WORDS: Acute pain, chronic postsurgical pain, pain sensitization, chronic pain prevention, regional anesthesia, pain adjuncts, neuraxial anesthesia, chronic pain risk factors.",openalex,llm,0.990,unreviewed,
discarded,Personalisation schemes in social care: are they growing social and health inequalities?,Eleanor Malbon; Gemma Carey; Ariella Meltzer,2019,BMC Public Health,10.1186/s12889-019-7168-4,https://openalex.org/W2952706117,off-topic-false-hit,"BACKGROUND: The connection between choice, control and health is well established in the literature on the social determinants of health, which includes choice and control of vital health and social services. However, even in the context of universal health and social care schemes, the ability to exercise choice and control can be distributed unequally. This paper uses the case of the Australian National Disability Insurance Scheme (NDIS) to examine these issues. The NDIS is a major policy reform based on an international trend towards personalisation in social care. It aims to increase choice and control over services and supports for people who have or acquire a permanent disability, thereby boosting citizen empowerment and improving health and social outcomes. METHODS: The research is a structured review of empirical evidence on the administration and outcomes of the NDIS to identify how social factors constrain or enable the ability of individuals to exercise choice within personalised care schemes. RESULTS: We show how social determinants of health at the individual level can collide with the complexity of policy delivery systems to entrench health inequalities. CONCLUSION: Many social policy reforms internationally focus on improving empowerment through enabling choice and control. However, if administrative systems do not take account of existing structural inequities, then such schemes are likely to entrench or grow social inequality. Our research indicates that more attention must be given to the design of policy delivery systems for personalisation schemes to ensure health equity.",openalex,llm,0.990,unreviewed,
discarded,A lack of sociodemographic participant diversity in endometriosis evidence risks unrepresentative clinical guidance: a structured review of the evidence contributing to a NICE guideline,Zara Khan; Katy Vincent; Tanvi Rai; Sharon Dixon,2024,British Journal of General Practice,10.3399/bjgp24x737697,https://openalex.org/W4399908353,off-topic-false-hit,"BACKGROUND: Women who are black are less likely to be diagnosed with endometriosis than white women. There is no confirmed biological basis, so this likely represents structural barriers around health care. There is a lack of evidence exploring the interface between ethnicity and symptoms or experience of care and treatment. AIM: To map recording of sociodemographic diversity in the evidence informing an endometriosis guideline. METHOD: . Included were 44 studies with 43 sample groups from the chapters: 'Signs and Symptoms', 'Information and Support', and 'Diagnosis'. Data were extracted independently by two researchers. RESULTS: No studies were conducted in primary care. The evidence cited in 'Signs and Symptoms' and 'Diagnosis' was exclusively from tertiary care. 'Information and Support' included 9/16 studies from tertiary care, and 7/16 recruited through community and advocacy networks. For ethnicity, 4/44 studies formally reported participant ethnicity (three from 'Information and Support', one from 'Diagnosis'). In these, 93%, 90%, 60%, and 75% of participants were white/Caucasian (mean 79.5%). For age, 3/44 studies included adolescents. Many studies excluded women who were deemed outside reproductive age. For socioeconomic status, eight studies, all from 'Information and Support', reported socioeconomic status in some form. The majority of participants were tertiary educated. CONCLUSION: These results highlight the missing demographics within evidence cited in a national guideline for endometriosis. These align with documented inequities in diagnosis of endometriosis and warrant urgent attention.",openalex,llm,0.990,unreviewed,
discarded,Optical Versus Virtual Microscope for Medical Education: A Systematic Review,Kuo‐Hsing Kuo; Joyce M. Leo,2018,Anatomical Sciences Education,10.1002/ase.1844,https://openalex.org/W2899537006,off-topic-false-hit,"Many technological innovations have changed the traditional practice of medical education and clinical practice. Whole slide imaging (WSI) technology provided an unique way of viewing conventional glass slides in histology and pathology laboratories. The WSI technology digitalized glass slide images and made them readily accessible via the Internet using tablets or computers. Users utilized the pan-and-zoom function to view digital images of slides, also referred to as the virtual microscope (VM), simulating use of an optical microscope (OM). Several articles have reported various outcomes on the utility of VM in teaching laboratories. Recently, the Royal College of Physicians and Surgeons of Canada certification examinations for anatomical pathologists ha completely adopted VM for the national licensing examination. To better inform medical educators, there is an urgent need for more structured reviews to draw evidence-based conclusions on the effectiveness of VM and learner's perceptions, in comparison to OM. The current study provides a descriptive summary of published outcomes using the systematic review approach. In conclusion, medical students' performance was improved with adoption of VM into the curriculum and recognized as a preferred learning modality, compared to OM. On the contrary, resident learners' performance was comparable between using OM and VM, with OM being the favored slide-viewing modality.",openalex,llm,0.990,unreviewed,
discarded,Glossary for systematic reviews and meta‐analyses,Venkateshbabu Nagendrababu; Piyameth Dilokthornsakul; Peerawat Jinatongthai; Sajesh K. Veettil; Shaju Jacob Pulikkotil; Henry F. Duncan; P. M. H. Dummer,2019,International Endodontic Journal,10.1111/iej.13217,https://openalex.org/W2973164318,off-topic-false-hit,"A systematic review aims to answer a focussed research question through a structured review of the evidence, using a predefined methodology, which often includes a meta-analysis. A meta-analysis is a statistical method used to combine the effect estimates from the individual studies included in a systematic review. Systematic reviews and meta-analyses are positioned at the highest level in the hierarchy of clinical evidence. The Preferred Reporting Items for Systematic Reviews and Meta-Analyses (PRISMA) statement was introduced in 2009 to help authors improve the quality and reliability of systematic reviews and meta-analyses. Recently, the volume of systematic reviews and meta-analyses in the field of Endodontology has increased; however, the quality of the published manuscripts has been reported to be sub-optimal, which does not take account of the systematic reviews that were rejected because of more obvious deficiencies. The aim of this paper is to present a comprehensive glossary of terminology commonly used in systematic reviews and meta-analyses in an attempt to provide easily understood definitions and explanations to assist authors when reporting systematic reviews and meta-analyses and to allow those wishing to read them to become better informed.",openalex,llm,0.990,unreviewed,
