status,title,authors,year,venue,doi,url,tags,abstract,provider,decision_source,llm_confidence,llm_review_outcome,llm_change_direction
kept,Understanding Mirror Bugs in Multiple-Language Projects,"Tang, Ye; Chen, Honghao; He, Zhixing; Zhong, Hao",2026,ACM TRANSACTIONS ON SOFTWARE ENGINEERING AND METHODOLOGY,10.1145/3727145,https://www.webofscience.com/wos/woscc/full-record/WOS:001667284700001,supports-claim,"As software is widely used in daily life, bugs can introduce catastrophic consequences. Researchers have conducted empirical studies to delve into bug characteristics, exploring topics such as buggy locations, symptoms, causes, and repair patterns. To attract users, many applications have implementations in different languages. If an implementation has a bug, other implementations can have similar bugs. In this article, we call such cross-language clone bugs mirror bugs. Understanding mirror bugs is crucial, as they offer insights into broader bug patterns. Still, no prior study has explored mirror bugs, leaving several research questions unanswered. For instance, can bug fixes in one language help detect and repair bugs in other languages? To address these questions, we conducted the first empirical study analyzing mirror bugs. Our investigation focused on 638 bugs from four projects, implemented in both Java and C#. Our study presents answers to five interesting research questions. For instance, some programmers actively fix mirror bugs even without tool support. Consequently, there is a timely need for tools that assist in detecting mirror bugs. Following this insight, we manually identified and implemented the patches of nine new mirror bugs. Among them, five patches are already accepted by programmers.",wos,llm,0.920,unreviewed,
discarded,Improving the ability of pre-trained language model by imparting large language model's experience,"Yin, Xin; Ni, Chao; Li, Xinrui; Yang, Xiaohu",2026,JOURNAL OF SYSTEMS AND SOFTWARE,10.1016/j.jss.2025.112744,https://www.webofscience.com/wos/woscc/full-record/WOS:001653297000001,off-topic-false-hit,"Large Language Models (LLMs) and pre-trained Language Models (LMs) have achieved impressive success on many software engineering tasks (e.g., code completion and code generation). By leveraging huge existing code corpora (e.g., GitHub), these models can understand the patterns in source code and use these patterns to predict code properties. However, LLMs under few-shot learning perform poorly on non-generative tasks (e.g., fault localization and vulnerability localization), and fine-tuning LLMs is time-consuming and costly for end users and small organizations. Furthermore, the performance of fine-tuning LMs for non-generative tasks is impressive, yet it heavily depends on the amount and quality of data. As a result, the current lack of data and the high cost of collecting it in real-world scenarios further limit the applicability of LMs. In this paper, we leverage the powerful generation capabilities of LLMs to enhance pre-trained LMs. Specifically, we use LLMs to generate domain-specific data, thereby improving the performance of pre-trained LMs on the target tasks. We conduct experiments by combining different LLMs in our generation phase and introducing various LMs to learn from the LLM-generated data. Then, we compare the performance of these LMs before and after learning the data. We find that LLM-generated data significantly enhances the performance of LMs. The improvement can reach up to 58.36% for fault localization and up to 6.09% for clone detection.",wos,llm,0.900,unreviewed,
discarded,Alternative Splicing of Secretin Receptor (SCTR) and Its Low Expression Drive the Occurrence of Pancreatic Ductal Adenocarcinoma,"Ke, Yanqi; Wang, Ling; Liu, Qicai; Gao, Feng",2026,PANCREAS,10.1097/MPA.0000000000002569,https://www.webofscience.com/wos/woscc/full-record/WOS:001643418600007,off-topic-false-hit,"Objectives:This study aim to elucidate the mechanistic role of secretin receptor (SCTR) in pancreatic ductal adenocarcinoma (PDAC) pathogenesis by systematically characterizing its alternative splicing (AS) landscape.Methods:This study systematically investigated the specific gene expression profiles of PDAC by integrating multi-omics data from TCGA and GTEx public databases. We collected formalin-fixed paraffin-embedded (FFPE) specimens and clinicopathologic data from 65 PDAC patients. Immunohistochemical (IHC) analysis was performed to determine the differential expression of secretin receptor (SCTR) between PDAC and adjacent nontumor (ATN) tissues, along with its clinicopathologic correlations. RNA sequencing (RNA-seq) was conducted on 9 paired PDAC and ATN samples, followed by alternative splicing (AS) analysis using rMATs software to identify prognostic-related splicing events. IHC validation confirmed the protein-level expression patterns. Notably, through RT-qPCR and cloning/sequencing approaches, we unexpectedly discovered an intron 2-retained alternative splicing variant of SCTR, which may represent a novel PDAC-specific isoform.Results:Public data shows that compared with other tissues, SCTR expression in pancreatic tissue and pancreatic cancer is higher, and SCTR expression in pancreatic cancer is lower (P<0.001). In pancreatic cancer, the high expression of SCTR is associated with better overall survival (P<0.01). IHC expression analysis of 65 PDAC retrospective samples showed that the expression of SCTR protein in PDAC was significantly lower than that of ATN (P<0.001), and the expression of SCTR protein was correlated with distant metastasis (P<0.05), tumor stage (P<0.001) and Ki67 expression (P<0.05) in PDAC.The RNA-seq results of this study showed that in 6 groups of samples, the expression of SCTR in PDAC was lower than that in ATN, with 5 groups significantly down regulated (P<0.05). RNA-seq sequencing revealed 18 alternative splicing patterns of SCTR in PDAC and ATN, among which the number of 3 high-frequency alternative splicing events, namely exon 9 skipping, fragments of intron 2 retention, and alternative 3' splice site of exon 3, were differed among multiple pairs of PDAC and ATN samples (P<0.05) (>= 3 groups). Simultaneously, it was found that SNP rs2587682 (c.194-1804 T>C) and the fragments of intron 2 retention of SCTR were associated with the occurrence of this alternative splicing event (P<0.01). RT-qPCR and cloning sequencing results verified the existence of alternative splicing, the retained fragment is located in intron 2 between exons 2 and 3 of SCTR, and the sequence is 114bp. The expression of intron 2 of SCTR in ATN (2.58 +/- 4.41) was higher than that in PDAC (0.16 +/- 0.12) (P<0.001). Moreover, the expression of intron 2 of SCTR in samples with genotype GG of rs2587682 (2.42 +/- 1.61) was significantly higher than that in samples with genotype AA (1.01 +/- 0.20) (P<0.05).Conclusions:This study provides novel insights into identifying potential therapeutic targets for pancreatic cancer, highlighting that SCTR may serve as a promising prognostic and diagnostic biomarker, with its low expression significantly associated with poor clinical outcomes in PDAC.",wos,llm,0.990,unreviewed,
discarded,Prism: Decomposing Program Semantics for Code Clone Detection through Compilation,"Li, Haoran; Wang, Siqian; Quan, Weihong; Gong, Xiaoli; Su, Huayou; Zhang, Jin",2024,"PROCEEDINGS OF THE IEEE/ACM 46TH INTERNATIONAL CONFERENCE ON SOFTWARE ENGINEERING, ICSE 2024",10.1145/3597503.3639129,https://www.webofscience.com/wos/woscc/full-record/WOS:001593206300217,adjacent-subtopic,"Code clone detection (CCD) is of critical importance in software engineering, while semantic similarity is a key evaluation factor for CCD. The embedding technique, which represents an object using a numerical vector, is utilized to generate code representations, where code snippets with similar semantics (clone pairs) should have similar vectors. However, due to the diversity and flexibility of high-level program languages, the code representation of clone pairs may be inconsistent. Assembly code provides the program execution trace and can normalize the diversity of high-level languages in terms of the program behavior semantics. After revisiting the assembly language, we find that different assembly codes can align with the computational logic and memory access patterns of cloned pairs. Therefore, the use of multiple assembly languages can capture the behavior semantics to enhance the understanding of programs. Thus, we propose Prism, a new method for code clone detection fusing behavior semantics from multiple architecture assembly code, which directly captures multilingual domains' syntax and semantic information. Additionally, we introduce a multi-feature fusion strategy that leverages global information interaction to expand the representation space. This fusion process allows us to capture the complementary information from each feature and leverage the relationships between them to create a more expressive representation of the code. After testing the OJClone dataset, the Prism model exhibited exceptional performance with precision and recall scores of 0.999 and 0.999, respectively.",wos,llm,0.990,unreviewed,
kept,An Empirical Analysis of Git Commit Logs for Potential Inconsistency in Code Clones,"Yokomori, Reishi; Inoue, Katsuro",2024,"2024 IEEE INTERNATIONAL CONFERENCE ON SOURCE CODE ANALYSIS AND MANIPULATION, SCAM 2024",10.1109/SCAM63643.2024.00011,https://www.webofscience.com/wos/woscc/full-record/WOS:001593224500001,supports-claim,"Code clones are code snippets that are identical or similar to other snippets within the same or different files. They are often created through copy-and-paste practices and modified during development and maintenance activities. Since a pair of code clones, known as a clone pair, has a possible logical coupling between them, it is expected that changes to each snippet are made simultaneously (co-changed) and consistently. There is extensive research on code clones, including studies related to the co-change of clones; however, detailed analysis of commit logs for code clone pairs has been limited.

In this paper, we investigate the commit logs of code snippets from clone pairs, using the git-log command to extract changes to cloned code snippets. We analyzed 45 repositories owned by the Apache Software Foundation on GitHub and addressed three research questions regarding commit frequency, co-change ratio, and commit patterns. Our findings indicate that (1) on average, clone snippets are changed infrequently, typically only two or three times throughout their lifetime, (2) the ratio of co-changes is about half of all clone changes, with 10-20% of co-changed commits being concerning (potentially inconsistent), and (3) 35-65% of all clone pairs being classified as concerning clone pairs (potentially inconsistent clone pairs). These results suggest the need for a consistent management system through the commit timeline of clones.",wos,llm,0.830,unreviewed,
kept,Beyond Dependencies: The Role of Copy-Based Reuse in Open Source Software Development,"Jahanshahi, Mahmoud; Reid, David; Mockus, Audris",2025,ACM TRANSACTIONS ON SOFTWARE ENGINEERING AND METHODOLOGY,10.1145/3715907,https://www.webofscience.com/wos/woscc/full-record/WOS:001612246800020,qualifies-claim,"In Open Source Software, resources of any project are open for reuse by introducing dependencies or copying the resource itself. In contrast to dependency-based reuse, the infrastructure to systematically support copy-based reuse appears to be entirely missing. Our aim is to enable future research and tool development to increase efficiency and reduce the risks of copy-based reuse. We seek a better understanding of such reuse by measuring its prevalence and identifying factors affecting the propensity to reuse. To identify reused artifacts and trace their origins, our method exploits World of Code infrastructure. We begin with a set of theory-derived factors related to the propensity to reuse, sample instances of different reuse types, and survey developers to better understand their intentions. Our results indicate that copy-based reuse is common, with many developers being aware of it when writing code. The propensity for a file to be reused varies greatly among languages and between source code and binary files, consistently decreasing over time. Files introduced by popular projects are more likely to be reused, but at least half of reused resources originate from ""small"" and ""medium"" projects. Developers had various reasons for reuse but were generally positive about using a package manager.",wos,llm,0.840,unreviewed,
discarded,Clonal spread of <i>Mycobacterium monacense</i> strains among patients with extrapulmonary mycobacteriosis,"Opperman, Christoffel; Ahmed, Aysha; De Kock, Marianna; Spies, Claudia; Biggel, Michael; Lourens, Tristen; Singh, Sarishna; Ghebrekristos, Yonas; Warren, Robin; Goosen, Wynand; Ghielmetti, Giovanni",2026,EUROPEAN JOURNAL OF CLINICAL MICROBIOLOGY & INFECTIOUS DISEASES,10.1007/s10096-025-05318-y,https://www.webofscience.com/wos/woscc/full-record/WOS:001602333800001,off-topic-false-hit,"BackgroundThis study presents the phylogenetic and antimicrobial susceptibility characterization of Mycobacterium monacense, a rare nontuberculous mycobacterium (NTM), cultured from clinical extrapulmonary samples.MethodsEight Mycobacterium monacense isolates were identified between 2019 and 2023 in the Western Cape province of South Africa. Whole-genome sequencing (WGS) was applied to assess phylogenetic relatedness, identify virulence factors, and characterize the resistome of the isolates. Antimicrobial susceptibility testing (AST) was performed using the GenoType NTM-DR line probe assay (LPA), Sensititre minimum inhibitory concentrations (MIC) plates, and the proportional method based on critical concentrations. Spatial distribution of cases was mapped using ArcGIS software.ResultsSpatiotemporal distribution patterns indicated the presence of circulating clones confined within specific geographical areas. Plasmids coding for ferredoxin and cytochrome P450 genes were identified in one cluster, which notably lacked the chromosomal mbtH gene involved in siderophore biosynthesis for iron acquisition. In contrast, isolates grouped in a second cluster harbored the mbtH chromosomal gene but lacked these plasmid-associated elements. LPA and broth microdilution showed that all Mycobacterium monacense isolates were susceptible to aminoglycosides, fluoroquinolones, and macrolides, but generally exhibited elevated MICs against beta-lactam antibiotics. Phenotypic AST indicated that drugs commonly used to treat Mycobacterium tuberculosis complex (MTBC), namely bedaquiline, linezolid, and rifampicin, are effective against Mycobacterium monacense.ConclusionMycobacterium monacense in extrapulmonary cultures accentuates the need for improved diagnostics and enhanced clinical awareness of infections with rare NTM. WGS highlights the potential significance provided by plasmid-encoded genes. Current treatment regimens for MTBC exhibit therapeutic efficacy against Mycobacterium monacense isolates.",wos,llm,0.990,unreviewed,
discarded,Comprehensive analysis of the Caffeic acid O-methyltransferase gene family in kenaf (<i>Hibiscus cannabinus</i> L.) and their expression characteristics in response to salinity stress,"Xu, Jiantang; Liu, Tianjin; Lin, Hui; Huang, Rong; Chen, Meixia; Fang, Pingping; Niu, Xiaoping",2025,FRONTIERS IN PLANT SCIENCE,10.3389/fpls.2025.1678383,https://www.webofscience.com/wos/woscc/full-record/WOS:001596511100001,off-topic-false-hit,"Caffeic acid O-methyltransferase (COMT) catalyzes the penultimate methylation in monolignol biosynthesis, controlling lignin composition and abiotic-stress tolerance. Kenaf (Hibiscus cannabinus L.), a fast bast-fiber crop rich in lignin, is valued for its mechanical strength and resilience to salinity. However, the COMT gene family has not yet been systematically characterized in this species. Here, we integrated phylogenetics, synteny, promoter and transcriptome analyses to create a comprehensive profile of kenaf COMT genes. Genome-wide screening identified 81 HcCOMT genes. Phylogenetic reconstruction with COMTs from Arabidopsis thaliana and Gossypium hirsutum resolved 10 distinct clades. Synteny analysis revealed 2 collinear blocks with Arabidopsis and 14 with cotton, whereas intraspecific duplication events indicated recent lineage-specific expansion. Promoter analysis identified numerous cis-elements responsive to light, phytohormones and abiotic stress, suggesting complex transcriptional regulation. Transcriptome mining uncovered 6 candidate genes with pronounced tissue specificity and salt responsiveness; qRT-PCR confirmed these patterns in root, stem and leaf tissues under 200 mM NaCl: HcCOMT28 and HcCOMT29 were repressed in the leaf, whereas HcCOMT11, HcCOMT12, HcCOMT13, and HcCOMT17 were up-regulated, consistent with altered lignin deposition patterns. Our findings provide a comprehensive genomic resource delineating the structure, evolution, and salt-responsive expression of the kenaf COMT family, and establish a foundation for elucidating the molecular mechanisms underlying lignin-mediated salt tolerance and for breeding elite kenaf cultivars with tailored fiber properties.",wos,llm,0.990,unreviewed,
discarded,Matrix-assisted laser desorption/ionization-time of flight MS as a tool for clonal discrimination in<i> Streptococcus</i><i> dysgalactiae</i> subsp. <i>equisimilis</i>,"dos Anjos, Isis Hazelman Vieira; Martini, Caroline Lopes; Longo, Luis Guilherme de Araujo; Lopez, Ursula Santos; Pinto, Tatiana de Castro Abreu; Figueiredo, Agnes Marie Sa; Ferreira-Carvalho, Bernadete Teixeira",2025,JOURNAL OF MEDICAL MICROBIOLOGY,10.1099/jmm.0.002080,https://www.webofscience.com/wos/woscc/full-record/WOS:001591451700001,off-topic-false-hit,"Introduction. Streptococcus dysgalactiae subsp. equisimilis (SDSE) is an emerging pathogen closely related to Streptococcus pyogenes, causing infections from mild to severe, including necrotizing fasciitis and toxic shock syndrome. Understanding bacterial diversity is crucial for monitoring the spread of antimicrobial-resistant and highly virulent strains. Clonal analysis by whole-genome sequencing (WGS) is costly, time-consuming and requires specialized bioinformatics expertise. PFGE-defined clones are often linked to human infections, but PFGE is also demanding and costly and results can vary between laboratories. Aim. This study explores the use of matrix-assisted laser desorption/ionization-time of flight MS (MALDI-TOF MS) to detect discriminatory biomarkers that discriminate SDSE strains exhibiting distinct PFGE clonal types. Methodology. MALDI-TOF MS spectra were generated from SDSE strains using a Microflex LT mass spectrometer (Bruker) and analysed with BioNumerics software v7.6. To validate the genetic relevance of PFGE pulsotypes, WGS and phylogenomic reconstruction were performed. Results. Unique MALDI-TOF MS biomarker peaks consistently differentiated SDSE strains corresponding to PFGE patterns A and B, providing robust molecular signatures for discriminating these clonal types. Phylogenomic analyses further supported this distinction by clustering PFGE A and B strains into two distinct main clades with an elevated accuracy of 95.2 (95% confidence interval: 76.2-99.9%). Conclusion. MALDI-TOF MS is effective not only for species identification but also for rapid and reliable assessment of SDSE clonal diversity. This approach has the potential to enable epidemiological tracking of specific clones, enhance understanding of SDSE in human infections and provide a practical tool for research and clinical surveillance.",wos,llm,0.990,unreviewed,
kept,Automated Detection and Refactoring of Mock Clones in Java Projects,"Zhao, Gengwu",2025,"2025 IEEE/ACM 47TH INTERNATIONAL CONFERENCE ON SOFTWARE ENGINEERING: COMPANION PROCEEDINGS, ICSE-COMPANION",10.1109/ICSE-Companion66252.2025.00035,https://www.webofscience.com/wos/woscc/full-record/WOS:001554070400025,supports-claim,"Mocking is an essential technique in unit testing, allowing developers to isolate dependencies for more focused and reliable tests. However, repetitive patterns of mock creation, termed mock clones, introduce significant redundancy, increasing maintenance costs, reducing readability, and complicating updates in test code. To address these challenges, our research investigates the detection and refactoring of mock clones, aiming to improve the maintainability and efficiency of test code in large software projects.

We began with an empirical study of mocking framework usage across open-source Java projects, revealing widespread adoption of frameworks like Mockito, along with patterns and practices that commonly lead to mock clones. Following this, we analyzed the prevalence and impact of mock clones across six representative projects, identifying significant redundancy and demonstrating the limitations of traditional clone detection tools. Manual refactoring of identified mock clones reduced thousands of redundant lines, with developers responding positively to these improvements.

Building on these foundational studies, our ongoing work seeks to develop automated tools for detecting and refactoring mock clones, enabling systematic and scalable improvements to test code. This research offers both empirical insights and practical solutions that contribute toward automated test code maintenance, advancing sustainable software testing practices.",wos,llm,0.900,unreviewed,
