status,title,authors,year,venue,doi,url,tags,abstract,provider,decision_source,llm_confidence,llm_review_outcome,llm_change_direction
discarded,Wearing masks to reduce the spread of respiratory viruses: a systematic evidence mapping,Yanfei Li; Zhipeng Wei; Jingyun Zhang; Rui Li; Huijuan Li; Liujiao Cao; Liangying Hou; Weiyi Zhang; Nan Chen; Kangle Guo; Xiuxia Li; Kehu Yang,2021,Annals of Translational Medicine,10.21037/atm-20-6745,https://openalex.org/W3163503496,off-topic-false-hit,"Since the outbreak of coronavirus disease in 2019, the controversy over the effectiveness, safety, and enforceability of masks used by the public has been prominent. This study aims to identify, describe, and organize the currently available high-quality design evidence concerning mask use during the spread of respiratory viruses and find evidence gaps. Databases including PubMed, Cochrane Library, Web of Science, EMBASE, WHO International Clinical Trials Registry Platform (ICTRP), clinical trial registry, gray literature database, and reference lists of articles were searched for relevant randomized controlled trials (RCTs) and systematic reviews (SRs) in April 2020. The quality of the studies was assessed using the risk of bias tool recommended by the Cochrane Handbook Version 5.1.0 and the Assessment of Multiple Systematic Reviews (AMSTAR 2) tool. A bubble plot was designed to display information in four dimensions. Finally, twenty-one RCTs and nine SRs met our inclusion criteria. Most studies were of ""Low quality"" and focused on healthcare workers. Six RCTs reported adverse effects, with one implying that the cloth masks reuse may increase the infection risk. When comparing masks with usual practice, over 70% RCTs and also SRs showed that masks were ""beneficial"" or ""probably beneficial""; however, when comparing N95 respirators with medical masks, 75% of SRs showed ""no effect"", whereas 50% of RCTs showed ""beneficial effect"". Overall, the current evidence provided by high-quality designs may be insufficient to deal with a second impact of the pandemic. Masks may be effective in interrupting or reducing the spread of respiratory viruses; however, the effect of an N95 respirator or cloth masks versus medical masks is unclear. Additional high-quality studies determining the impact of prolonged mask use on vulnerable populations (such as children and pregnant women), the possible adverse effects (such as skin allergies and shortness of breath) and optimal settings and exposure circumstances for populations to use masks are needed.",openalex,llm,1.000,unreviewed,
discarded,Qualitative analysis of the dynamics of policy design and implementation in hospital funding reform,Karen S. Palmer; Adalsteinn Brown; Jenna M. Evans; Husayn Marani; Kirstie K. Russell; Danielle Martin; Noah Ivers,2018,PLoS ONE,10.1371/journal.pone.0191996,https://openalex.org/W2784905975,off-topic-false-hit,"BACKGROUND: As in many health care systems, some Canadian jurisdictions have begun shifting away from global hospital budgets. Payment for episodes of care has begun to be implemented. Starting in 2012, the Province of Ontario implemented hospital funding reforms comprising three elements: Global Budgets; Health Based Allocation Method (HBAM); and Quality-Based Procedures (QBP). This evaluation focuses on implementation of QBPs, a procedure/diagnosis-specific funding approach involving a pre-set price per episode of care coupled with best practice clinical pathways. We examined whether or not there was consensus in understanding of the program theory underpinning QBPs and how this may have influenced full and effective implementation of this innovative funding model. METHODS: We undertook a formative evaluation of QBP implementation. We used an embedded case study method and in-depth, one-on-one, semi-structured, telephone interviews with key informants at three levels of the health care system: Designers (those who designed the QBP policy); Adoption Supporters (organizations and individuals supporting adoption of QBPs); and Hospital Implementers (those responsible for QBP implementation in hospitals). Thematic analysis involved an inductive approach, incorporating Framework analysis to generate descriptive and explanatory themes that emerged from the data. RESULTS: Five main findings emerged from our research: (1) Unbeknownst to most key informants, there was neither consistency nor clarity over time among QBP designers in their understanding of the original goal(s) for hospital funding reform; (2) Prior to implementation, the intended hospital funding mechanism transitioned from ABF to QBPs, but most key informants were either unaware of the transition or believe it was intentional; (3) Perception of the primary goal(s) of the policy reform continues to vary within and across all levels of key informants; (4) Four years into implementation, the QBP funding mechanism remains misunderstood; and (5) Ongoing differences in understanding of QBP goals and funding mechanism have created challenges with implementation and difficulties in measuring success. CONCLUSIONS: Policy drift and policy layering affected both the goal and the mechanism of action of hospital funding reform. Lack of early specification in both policy goals and hospital funding mechanism exposed the reform to reactive changes that did not reflect initial intentions. Several challenges further exacerbated implementation of complex hospital funding reforms, including a prolonged implementation schedule, turnover of key staff, and inconsistent messaging over time. These factors altered the trajectory of the hospital funding reforms and created confusion amongst those responsible for implementation. Enacting changes to hospital funding policy through a process that is transparent, collaborative, and intentional may increase the likelihood of achieving intended effects.",openalex,llm,1.000,unreviewed,
discarded,Gene duplications drive the evolution of complex traits and regulation,Alexander Lalejini; Michael J. Wiser; Charles Ofria,2017,,10.1162/isal_a_045,https://openalex.org/W2754929710,off-topic-false-hit,"Gene duplications have been shown to promote evolvability in biology and in computational systems. We use digital evolution to explore why; that is, what characteristics of gene duplications increase evolutionary potential? Are duplications valuable because they inflate the effective mutation rate, generating increased amounts of genetic variation? Or is it that those mutations are clustered together? Or, is it that the mutations insert genetic material, providing evolution an easy technique to select for longer genomes? Does the value pertain to the information being duplicated in the genome? If so, is the full structure of duplicated code critical, or would the duplication of functional building blocks be valuable even if rearranged? Using the Avida Digital Evolution Platform, we experimentally tease apart these aspects in two qualitatively different environments: one where complex computational traits are directly selected, and another where those traits need to be regulated based on current environmental conditions. We confirm that gene duplications promote evolvability in both static and changing environments. Furthermore, we find that the primary value of gene duplications comes from their capacity to duplicate existing genetic information within a genome. Specifically, while duplications that randomize the order of genetic material are valuable, the most useful form of duplication also preserve the structure (and thus information content) of duplicated sequences.",openalex,llm,1.000,unreviewed,
discarded,Integrating community-based health promotion programs and primary care: a mixed methods analysis of feasibility,Aaron L. Leppin; Karen Schaepe; Jason S. Egginton; Sara Dick; Megan E. Branda; Lori Christiansen; Nicole M. Burow; Charlene Gaw; Víctor M. Montori,2018,BMC Health Services Research,10.1186/s12913-018-2866-7,https://openalex.org/W2785862205,off-topic-false-hit,"BACKGROUND: Implementation of evidence-based programs (EBPs) for disease self-management and prevention is a policy priority. It is challenging to implement EBPs offered in community settings and to integrate them with healthcare. We sought to understand, categorize, and richly describe key challenges and opportunities related to integrating EBPs into routine primary care practice in the United States. METHODS: As part of a parent, participatory action research project, we conducted a mixed methods evaluation guided by the PRECEDE implementation planning model in an 11-county region of Southeast Minnesota. Our community-partnered research team interviewed and surveyed 15 and 190 primary care clinicians and 15 and 88 non-clinician stakeholders, respectively. We coded interviews according to pre-defined PRECEDE factors and by participant type and searched for emerging themes. We then categorized survey items-before looking at participant responses-according to their ability to generate further evidence supporting the PRECEDE factors and emerging themes. We statistically summarized data within and across responder groups. When consistent, we merged these with qualitative insight. RESULTS: The themes we found, ""Two Systems, Two Worlds,"" ""Not My Job,"" and ""Seeing is Believing,"" highlighted the disparate nature of prescribed activities that different stakeholders do to contribute to health. For instance, primary care clinicians felt pressured to focus on activities of diagnosis and treatment and did not imagine ways in which EBPs could contribute to either. Quantitative analyses supported aspects of all three themes, highlighting clinicians' limited trust in community-placed activities, and the need for tailored education and system and policy-level changes to support their integration with primary care. CONCLUSIONS: Primary care and community-based programs exist in disconnected worlds. Without urgent and intentional efforts to bridge well-care and sick-care, interventions that support people's efforts to be and stay well in their communities will remain outside of-if not at odds with-healthcare.",openalex,llm,1.000,unreviewed,
kept,Abstract Syntax Tree Based Clone Detection for Java Projects,Tahira Khatoon,2012,IOSR Journal of Engineering,10.9790/3021-021234547,https://openalex.org/W2320464226,adjacent-subtopic,"A large amount of unavoidable money is spent on the maintenance of any existing software systems. Software maintenance cost is generally higher than the development cost therefore reducing maintenance cost is a necessary task of today's software industries. Software system includes similar bugs at different places which makes system inefficient n takes extra time and effort to deal with them. As a result the cost of software maintenance activities is increased. By detecting duplicate code fragments we can reduce the time and effort as well as maintenance cost. By analyzing the source code of a given software system, code clones can be detected. By this paper an abstract syntax tree based clone detector for java system is designed and implemented easily. There are various technique which can be used to find the clones This paper examines a software engineering process to create an abstract syntax tree based clone detector for java projects.",openalex,llm,0.950,unreviewed,
discarded,"Identifying and selecting implementation theories, models and frameworks: a qualitative study to inform the development of a decision support tool",Lisa Strifler; Jan Barnsley; Michael Hillmer; Sharon E. Straus,2020,BMC Medical Informatics and Decision Making,10.1186/s12911-020-01128-8,https://openalex.org/W3027843039,off-topic-false-hit,"BACKGROUND: Implementation theories, models and frameworks offer guidance when implementing and sustaining healthcare evidence-based interventions. However, selection can be challenging given the myriad of potential options. We propose to inform a decision support tool to facilitate the appropriate selection of an implementation theory, model or framework in practice. To inform tool development, this study aimed to explore barriers and facilitators to identifying and selecting implementation theories, models and frameworks in research and practice, as well as end-user preferences for features and functions of the proposed tool. METHODS: We used an interpretive descriptive approach to conduct semi-structured interviews with implementation researchers and practitioners in Canada, the United States and Australia. Audio recordings were transcribed verbatim. Data were inductively coded by a single investigator with a subset of 20% coded independently by a second investigator and analyzed using thematic analysis. RESULTS: Twenty-four individuals participated in the study. Categories of barriers/facilitators, to inform tool development, included characteristics of the individual or team conducting implementation and characteristics of the implementation theory, model or framework. Major barriers to selection included inconsistent terminology, poor fit with the implementation context and limited knowledge about and training in existing theories, models and frameworks. Major facilitators to selection included the importance of clear and concise language and evidence that the theory, model or framework was applied in a relevant health setting or context. Participants were enthusiastic about the development of a decision support tool that is user-friendly, accessible and practical. Preferences for tool features included key questions about the implementation intervention or project (e.g., purpose, stage of implementation, intended target for change) and a comprehensive list of relevant theories, models and frameworks to choose from along with a glossary of terms and the contexts in which they were applied. CONCLUSIONS: An easy to use decision support tool that addresses key barriers to selecting an implementation theory, model or framework in practice may be beneficial to individuals who facilitate implementation practice activities. Findings on end-user preferences for tool features and functions will inform tool development and design through a user-centered approach.",openalex,llm,1.000,unreviewed,
discarded,Genetic factors responsible for eating and cooking qualities of rice grains in a recombinant inbred population of an inter-subspecific cross,Yu‐Chia Hsu; Meng-Chun Tseng; Yong‐Pei Wu; Meng-Ying Lin; Fu‐Jin Wei; Kae‐Kang Hwu; Yue‐Ie Hsing; Yann‐Rong Lin,2014,Molecular Breeding,10.1007/s11032-014-0065-8,https://openalex.org/W2070690234,off-topic-false-hit,"The eating and cooking qualities of rice grains are the major determinants of consumer preference and, consequently, the economic value of a specific rice variety. These two qualities are largely determined by the physicochemical properties of the starch, i.e. the starch composition, of the rice grain. In our study, we determined the genetic factors responsible for the physicochemical properties of starch in recombinant inbred lines (RILs) of japonica cv. Tainung 78 × indica cv. Taichung Sen 17 (TCS 17) cultivated over two crop seasons by examining palatability characteristics and several Rapid Viscosity Analyzer (RVA) parameters. Thirty-four quantitative trait loci (QTLs), each explaining between 1.2 and 78.1 % phenotypic variation, were mapped in clusters on eight chromosomes in 190 RILs genotyped with 139 markers. Ten pairs of QTLs were detected in the two environments, of which seven were in agreement with previous findings, suggesting that these QTLs may express stable experimental populations across various environments. Waxy ( Wx ), which controls amylose synthesis, was determined to be a primary gene regulating the physicochemical properties of cooked rice grains, as indicated by the presence of a major QTL cluster on chromosome 6 and by marker regression analysis. Six starch synthesis-related genes (SSRGs) which were located in the QTL intervals significantly differed in terms of gene expression between the two parents during grain-filling and were important genetic factors affecting physicochemical properties. The expression of four genes, PUL , ISA2 , GBSSI , and SSII - 3 , was significantly upregulated in TCS 17, and this expression was positively correlated with six traits. The effects of the six SSRGs and gene interaction depended on genetic background and environment; grain quality may be fine tuned by selecting for SBE4 for japonica and PUL for indica . We provide valuable information for application in the breeding of new rice varieties as daily staple food and for use in industrial manufacturing by marker-assisted selection.",openalex,llm,1.000,unreviewed,
kept,Refactoring cross-project code duplication in an industrial software product line: A case study from RDW,van der Zwaag J.,2025,Journal of Systems and Software,10.1016/j.jss.2025.112496,https://www.scopus.com/inward/record.uri?partnerID=HzOxMe3b&scp=105007827482&origin=inward,supports-claim; supports-claim,"Code duplication across projects is a common challenge in Software Product Line (SPL) development, impacting maintainability and efficiency. This paper reports on an applied research project conducted within RDW, The Netherlands Vehicle Authority, aimed at addressing cross-project code duplication in a multi-application SPL environment. The objective of this work was to investigate the impact of refactoring cross-project duplicated code on maintainability, code reuse, and technical debt within RDW’s Electronic Services System (EDS), composed of 62 applications. We used an action research approach, focusing on two applications to identify, refactor, and package duplicated features into reusable components. SonarQube was used to detect and quantify duplication, and the effectiveness of refactoring was evaluated using code duplication reduction metrics and developer feedback. The refactoring effort led to the removal of 38% of the duplicated code on average, improving code reuse by 33%. Efficiency gains were observed in the second application due to the experience from the first intervention, reducing the time required for code maintenance and updates by 89%. While the study demonstrates that systematically addressing cross-project code duplication in SPLs improves maintainability and reduces technical debt, it also highlights a key limitation: refactoring efforts need to be undertaken early to be feasible. As the number of applications in RDW’s system steadily expanded to 80, the engineers reported that the required refactoring work, although highly beneficial, has become too extensive and time-consuming to be practical. The effort was ultimately left too late, making large-scale refactoring no longer a viable solution. Future strategies should focus on early duplication identification, architectural solutions such as modularization or microservices, and automated dependency management to prevent similar challenges from arising.",scopus,llm,0.930,unreviewed,
kept,Cleaning up copy–paste clones with interactive merging,Narasimhan K.,2018,Automated Software Engineering,10.1007/s10515-018-0238-5,https://www.scopus.com/inward/record.uri?partnerID=HzOxMe3b&scp=85049609502&origin=inward,supports-claim,"Copy-paste-modify is a form of software reuse in which developers explicitly duplicate source code. This duplicated source code, amounting to a code clone, is adapted for a new purpose. Copy-paste-modify is popular among software developers, however, empirical evidence shows that it complicates software maintenance and increases the frequency of bugs. To allow developers to use copy-paste-modify without having to worry about these concerns, we propose an approach that automatically merges similar pieces of code by creating suitable abstractions. Because different kinds of abstractions may be beneficial in different contexts, our approach offers multiple abstraction mechanisms, which were selected based on a study of popular open-source repositories. To demonstrate the feasibility of our approach, we have designed and implemented a prototype merging tool for C++ and evaluated it on a number of code clones exhibiting some variation, i.e., near-miss clones, in popular Open Source packages. We observed that maintainers find our algorithmically created abstractions to be largely preferable to the existing duplicated code.",scopus,llm,0.840,unreviewed,
