status,title,authors,year,venue,doi,url,tags,abstract,provider,decision_source,llm_confidence,llm_review_outcome,llm_change_direction
discarded,Skills and Knowledge for Data-Intensive Environmental Research,Stephanie E. Hampton; Matthew B. Jones; Leah Wasser; Mark Schildhauer; Sarah R. Supp; Julien Brun; Rebecca R. Hernandez; Carl Boettiger; Scott L. Collins; Louis J. Gross; Denny S. Fernández; Amber E Budden; Ethan P. White; Tracy Teal; Stephanie Labou; Juliann E. Aukema,2017,BioScience,10.1093/biosci/bix025,https://openalex.org/W2610439671,off-topic-false-hit,"The scale and magnitude of complex and pressing environmental issues lend urgency to the need for integrative and reproducible analysis and synthesis, facilitated by data-intensive research approaches. However, the recent pace of technological change has been such that appropriate skills to accomplish data-intensive research are lacking among environmental scientists, who more than ever need greater access to training and mentorship in computational skills. Here, we provide a roadmap for raising data competencies of current and next-generation environmental researchers by describing the concepts and skills needed for effectively engaging with the heterogeneous, distributed, and rapidly growing volumes of available data. We articulate five key skills: (1) data management and processing, (2) analysis, (3) software skills for science, (4) visualization, and (5) communication methods for collaboration and dissemination. We provide an overview of the current suite of training initiatives available to environmental scientists and models for closing the skill-transfer gap.",openalex,llm,0.980,unreviewed,
discarded,Characteristics of mathematical modeling languages that facilitate model reuse in systems biology: a software engineering perspective,Christopher Schölzel; Valeria Blesius; Gernot Ernst; Andreas Dominik,2021,npj Systems Biology and Applications,10.1038/s41540-021-00182-w,https://openalex.org/W3165695615,off-topic-false-hit,"Reuse of mathematical models becomes increasingly important in systems biology as research moves toward large, multi-scale models composed of heterogeneous subcomponents. Currently, many models are not easily reusable due to inflexible or confusing code, inappropriate languages, or insufficient documentation. Best practice suggestions rarely cover such low-level design aspects. This gap could be filled by software engineering, which addresses those same issues for software reuse. We show that languages can facilitate reusability by being modular, human-readable, hybrid (i.e., supporting multiple formalisms), open, declarative, and by supporting the graphical representation of models. Modelers should not only use such a language, but be aware of the features that make it desirable and know how to apply them effectively. For this reason, we compare existing suitable languages in detail and demonstrate their benefits for a modular model of the human cardiac conduction system written in Modelica.",openalex,llm,0.870,unreviewed,
discarded,Development of InfoVis Software for Digital Forensics,Grant Osborne; Benjamin Turnbull; Jill Slay,2012,,10.1109/compsacw.2012.47,https://openalex.org/W2063333689,off-topic-false-hit,"Information Visualisation techniques are one method that may be used to combat the growing complexity and data sizes associated with digital forensic investigations. This work outlines the processes, challenges, trials and tribulations of developing proof-of-concept forensic software designed to create interactive Information Visualisations from digital evidence sources.",openalex,llm,0.970,unreviewed,
discarded,On the Security Blind Spots of Software Composition Analysis,Jens Dietrich; Shawn Rasheed; Alexander Jordan; Tim White,2023,,10.1145/3689944.3696165,https://openalex.org/W4404515219,off-topic-false-hit,"Modern software heavily relies on the use of components. Those components are usually published in central repositories, and managed by build systems via dependencies. Due to issues around vulnerabilities, licenses, and the propagation of bugs, the study of those dependencies is of interest, and numerous software composition analysis (SCA) tools have emerged for this purpose. Most existing tools are based on the analysis of the dependency graph constructed from project metadata (declared dependencies). While this is easy to implement and scales well, there are known issues around the accuracy of the analysis. Recently, improvements have been proposed to address the low precision of this approach.",openalex,llm,0.910,unreviewed,
discarded,Mind the chasm: A UK fisheye lens view of sustainable software engineering,M. L. Gibson; Colin C. Venters; Letícia Duboc; Stefanie Betz; Ruzanna Chitchyan; V. Palacin Silva; Birgit Penzenstadler; Norbert Seyff,2017,Bristol Research (University of Bristol),,https://openalex.org/W2738077428,off-topic-false-hit,"Requirements that express the needs of all stakeholders and cover the key aspects of a software system (such as those addressing sustainability) are critical to the system’s successful development and adoption. For practitioners who want to develop sustainable software-intensive systems, it is also argued that software requirements are the key leverage point. But what do software developers know about broader sustainability and sustainability requirements in particular? As part of the University of Huddersfield’s ’Student as a Researcher’ initiative, this paper provides a FishEye Lens View on how novice software developers who design and develop software systems at software companies relate to the notions of sustainability and sustainability requirements. The study has found that although sustainability is valued highly by the novice software developers, the concept of sustainability and sustainability requirements are not fully understood. This lack of knowledge in the software industry and organizations must be addressed to enable delivery of truly sustainability enabling software systems.",openalex,llm,0.960,unreviewed,
discarded,Development of a Quality-Based Model for Software Architecture Optimization: A Case Study of Monolith and Microservice Architectures,Miloš Milić; Dragana Makajić-Nikolić,2022,Symmetry,10.3390/sym14091824,https://openalex.org/W4294958966,off-topic-false-hit,"Various architectures can be applied in software design. The aim of this research is to examine a typical implementation of Jakarta EE monolithic and microservice software architectures in the context of software quality attributes. Software quality standards are used to define quality models, as well as quality characteristics and sub-characteristics, i.e., software quality attributes. This paper evaluates monolithic and microservice architectures in the context of Coupling, Testability, Security, Complexity, Deployability, and Availability quality attributes. The performed examinations yielded a quality-based mixed integer goal programming mathematical model for software architecture optimization. The model incorporates various software metrics and considers their maximal, minimal or targeted values, as well as upper and lower deviations. The objective is the sum of all deviations, which should be minimal. Considering the presented model, a solution which incorporated multiple monoliths and microservices was defined. This way, the internal structure of the software is defined in a consistent and symmetrical context, while the external software behavior remains unchanged. In addition, an intersection point of monolithic and microservice software architectures, where software metrics obtain the same values, was introduced. Within the intersection point, either one of the architectures can be applied. With the exception of some metrics, an increase in the number of features leads to a value increase of software metrics in microservice software architecture, whilst these values are constant in monolithic software architecture. An increase in the number of features indicated a quality attribute’s importance for the software system should be examined and an appropriate architecture should be selected accordingly. Finally, practical recommendations regarding software architectures in terms of software quality were given. Since each software system needs to meet non-functional in addition to functional requirements, a quality-driven software engineering can be established.",openalex,llm,0.950,unreviewed,
discarded,Documentation as Code in Automotive System/Software Engineering,Momčilo Krunić,2023,Elektronika ir Elektrotechnika,10.5755/j02.eie.33843,https://openalex.org/W4386526631,off-topic-false-hit,"Documentation as Code (DaC) is an approach that applies the principles of software development to the production of technical documentation. Using modern tools, DaC enables software engineers to treat documentation as a first-class citizen in the development process, alongside code and tests. In this paper, we discuss the advantages of DaC in system and software engineering, including improved accuracy, traceability, and maintainability. In the automotive industry, DaC has been used to document various aspects of vehicle development, such as requirements, design, testing, and compliance. This paper provides an overview of the state-of-the-art in DaC in the automotive industry and discusses the potential benefits and challenges of using this approach. In addition, case studies and examples of how DaC has been used in the automotive industry to improve the quality and maintainability of documentation are presented. This research has been conducted with more than 150 engineers actively contributing to DaC on the project for more than a year within a company, so the scalability of the presented solution has been tested. Finally, a set of guidelines is provided for teams to follow when adopting DaC to ensure successful implementation.",openalex,llm,0.920,unreviewed,
discarded,Guidelines for Structuring Object-Oriented Product Configuration Models in Standard Configuration Software,Jeppe Bredahl Rasmussen; Lars Hvam; Katrín Kristjánsdóttir; Niels Henrik Mortensen,2020,JUCS - Journal of Universal Computer Science,10.3897/jucs.2020.020,https://openalex.org/W3029987277,off-topic-false-hit,"Product configuration systems (PCSs) are increasingly being used in various industries to manage product knowledge and create the required specifications of customized products. Companies applying PCS face significant challenges in modelling, structuring and documenting the systems. Some of the main challenges related to PCSs are formalising product knowledge conceptually and structuring the product features. The modelling techniques predominantly used to visualise and structure PCSs are the Unified Modelling Language (UML) notations, Generic Bill of Materials (GBOM) and Product Variant Master (PVM), associated with class collaboration cards (CRC-cards). These methods are used to both analyse and model the products and create a basis for implementation to a PCS by using an object-oriented approach. However, the modelling techniques do not consider that most commercial PCSs are not fully object-oriented, but rather, they are expert systems with an inference engine and a knowledge base; therefore, the constructed product models require modifications before implementation in the configuration software. The consequences are that what is supposedly a feasible structure of the product model is not always appropriate for the implementation in standard PCS software. To address this challenge, this paper investigates the best practice in modelling and implementation techniques for PCSs in standard software and alternative structuring methods used in object-oriented software design. The paper proposes a method for a modular design of a PCS in not fully object-oriented standard PCS software using design patterns. The proposed method was tested in a case company that suffered from a poorly structured product model in a not fully object-oriented PCS. The results show that its maintainability can be improved by using design patterns in combination with an agile documentation approach.",openalex,llm,0.940,unreviewed,
discarded,Mastering ABP Framework: Build maintainable .NET solutions by implementing software development best practices,Halil İbrahim Kalkan; İsmail ÇAĞDAŞ,2022,Mastering ABP Framework: Build maintainable .NET solutions by implementing software development best practices,,https://ieeexplore.ieee.org/document/10163518/,adjacent-subtopic,"Learn how to build modern web applications from the creator of ABP FrameworkKey FeaturesBuild robust, maintainable, modular, and scalable software solutions using ABP FrameworkLearn how to implement SOLID principles and domain-driven design in your web applicationsDiscover how ABP Framework speeds up your development cycle by automating repetitive tasksBook DescriptionABP Framework is a complete infrastructure for creating modern web applications by following software development best practices and conventions. With ABP's high-level framework and ecosystem, you can implement the Don’t Repeat Yourself (DRY) principle and focus on your business code. Written by the creator of ABP Framework, this book will help you to gain a complete understanding of the framework and modern web application development techniques. With step-by-step explanations of essential concepts and practical examples, you'll understand the requirements of a modern web solution and how ABP Framework makes it enjoyable to develop your own solutions. You'll discover the common requirements of enterprise web application development and explore the infrastructure provided by ABP. Throughout the book, you’ll get to grips with software development best practices for building maintainable and modular web solutions. By the end of this book, you'll be able to create a complete web solution that is easy to develop, maintain, and test.What you will learnSet up the development environment and get started with ABP FrameworkWork with Entity Framework Core and MongoDB to develop your data access layerUnderstand cross-cutting concerns and how ABP automates repetitive tasksGet to grips with implementing domain-driven design with ABP FrameworkBuild UI pages and components with ASP.NET Core MVC (Razor Pages) and BlazorWork with multi-tenancy to create modular web applicationsUnderstand modularity and create reusable application modulesWrite unit, integration, and UI tests using ABP FrameworkWho this book is forThis book is for web developers who want to learn software architectures and best practices for building maintainable web-based solutions using Microsoft technologies and ABP Framework. Basic knowledge of C# and ASP.NET Core is necessary to get started with this book.",ieee,human,0.900,human,
kept,"OO in one sentence: keep it DRY, shy, and tell the other guy",A. Hunt; D. Thomas,2004,IEEE Software,10.1109/MS.2004.1293081,https://ieeexplore.ieee.org/document/1293081/,supports-claim,"Some people feel that ""getting"" object-oriented programming is a difficult, time-consuming process. Many of the cornerstones of OO programming benefit other programming paradigms as well. Even if we are writing shell scripts or batch files, we can use these techniques to great advantage. There are many aspects to writing good code, but most of these hinge on a single underlying quality: flexibility. Flexibility means that you can change the code easily, adapt it to new and revised circumstances, and use it in contexts other than those originally intended. Most of the important lessons to be learned about object technology - how to avoid many common mistakes and keep code flexible - can be summed up into one sentence: keep it DRY (don't repeat yourself), shy, and tell the other guy. We describe what that means and how we can apply these lessons to all good code, not just OO code.",ieee,human,0.980,human,
discarded,State machines,D. Thomas; A. Hunt,2002,IEEE Software,10.1109/MS.2002.1049380,https://ieeexplore.ieee.org/document/1049380/,off-topic-false-hit,"We are surrounded by real-world state machines: ballpoint pen retractor mechanisms, vending machines, washing-machine controllers, digital watches. They are a trivial but underused technology that can simplify how we implement programs that must track how they got to their current state before handling a new event. However, many programmers feel that state machines are only useful when they're developing communication protocol stacks, which is not an everyday activity. This is unfortunate. State machines can be appropriate in surprising circumstances. Correctly applied, they will result in faster, more modular, less coupled, and easier to maintain code. State machines make it easy to eliminate duplication, honoring the DRY principle. They also let you write more expressive code, because you can specify intent and implementation independently. These are all good, pragmatic, reasons to investigate them further, so let's look at some simple state machine implementations and problems they can solve.",ieee,human,0.960,human,
discarded,Using Software Engineering Design Principles as Tools for Freshman Students Learning,"Cabezas, Ivan; Caratozzolo, Patricia; Segovia, Rocio; Webb, Eileen",2020,2020 IEEE FRONTIERS IN EDUCATION CONFERENCE (FIE 2020),,https://www.webofscience.com/wos/woscc/full-record/WOS:000646660800297,adjacent-subtopic,"In this innovative practice work-in-progress paper, the software engineering design principles that are used for Programming Fundamentals, and Object-Oriented Programming courses, within a -recently renewed curriculum-software engineering program, are reviewed and discussed as tools to introduce first-year students into the engineering design skills learning pathway of the Engineering Accreditation Commission of the Accreditation Board for Engineering and Technology, ABET. Special attention is paid to highly abstract concepts such as high cohesion, low coupling, Keep it Short and Simple, Don't Repeat Yourself Single Responsibility Principle, among other object-oriented design principles. The aim of such exercise is two-fold: (i) to address how design principles can be used to guide students' learning process, and (ii) to support pedagogical decision making for the software engineering program. The outtake of the whole research planned by the authors is as follows. On the one hand, design principles are discussed and analyzed, from the first-year programming courses perspective, aiming a pedagogical path planning for student outcomes attainment within a Project-Based-Learning approach. On the other hand, the discussion on how the program takes advantage of assessment and evaluation processes, can be useful for programs and faculty concerned with fulfilling the continuous improvement criterion, as defined by ABET. The presented work-in-progress focuses on reflection about design principles and establishing a link among them, with the engineering design process. In this way, this paper separates from similar works that may focus on design principles by itself, without the mentioned intentionality. Reported qualitative results are focused on conducted experiences so far within our software engineering program.",wos,human,0.700,human,
discarded,Wendelstein Observatory Control Software,"Snigula, Jan M.; Goessl, Claus; Riffeser, Arno",2019,ASTRONOMICAL DATA ANALYSIS SOFTWARE AND SYSTEMS XXVI,,https://www.webofscience.com/wos/woscc/full-record/WOS:000495812900134,off-topic-false-hit,"LMU Mtinchen operates an astrophysical observatory on Mt. Wendel-stein (Hopp et al. 2008). The 2m Fraunhofer telescope (Thiele et al. 2012; Hopp et al. 2012) is equipped with a 0.5 x 0.5 square degree field-of-view wide field camera (Gossl et al. 2012) and a 3 channel optical/NIR camera (Lang-Bardl et al. 2010, 2016). Two fiber coupled spectrographs (Fabricius et al. 2012; Pfeiffer et al. 1998; Brucalassi et al. 2012) and a wavefront sensor will be added in the near future. The observatory hosts a multitude of supporting hardware, i.e. allsky cameras, webcams, meteostation, air conditioning etc. All scientific hardware can be controlled through a single, central ""Master Control Program"" (MCP). At the ADASS conference in 2014 we presented the overall Wendelstein Observatory software concept (Gossl et al. 2014). Here we explain concept and implementation of the MCP as a multi-threaded Python daemon in the area of conflict between debuggability and Don't Repeat Yourself (DRY).",wos,human,0.760,human,
discarded,Developing a Mobile App to Establish Online Support Community for Mental Health Wellness,Mathur A.,2026,Smart Innovation Systems and Technologies,10.1007/978-3-032-18802-1_34,https://www.scopus.com/inward/record.uri?partnerID=HzOxMe3b&scp=105038958948&origin=inward,off-topic-false-hit,,scopus,llm,0.970,unreviewed,
discarded,Addressing open-source software complexity using a large language model,Gehringer E.F.,2025,ASEE Annual Conference and Exposition Conference Proceedings,10.18260/1-2--57567,https://www.scopus.com/inward/record.uri?partnerID=HzOxMe3b&scp=105029299800&origin=inward,off-topic-false-hit,,scopus,llm,0.890,unreviewed,
