status,title,authors,year,venue,doi,url,tags,abstract,provider,decision_source,llm_confidence,llm_review_outcome,llm_change_direction
discarded,Delta modeling workflow,Michiel Helvensteijn,2012,,10.1145/2110147.2110162,https://openalex.org/W2079152712,adjacent-subtopic,"In previous work we show how abstract delta modeling can be used to model product lines. The formalism assigns a functional meaning to features from a feature model and provides a novel mechanism for resolving implementation conflicts without code duplication or overspecification. But in the vast expressive space of delta modeling, it may not be clear to a developer how to create a product line from scratch. The formalism was descriptive rather than prescriptive. To that end, we propose a development workflow based directly on Abstract Delta Modeling. We show preservation of global unambiguity and completeness in the product lines resulting from this workflow. We also show that the work-flow naturally supports concurrent development.",openalex,llm,0.860,unreviewed,
discarded,Instruction scheduling over regions: A framework for scheduling across basic blocks,Uma Mahadevan; Sridhar Ramakrishnan,1994,Lecture notes in computer science,10.1007/3-540-57877-3_28,https://openalex.org/W1866190373,off-topic-false-hit,,openalex,llm,0.930,unreviewed,
discarded,Generator of efficient strongly typed abstract syntax trees in Java,Mark van den Brand; P.-E. Moreau; Jurgen Vinju,2005,IEE Proceedings - Software,10.1049/ip-sen:20041181,https://openalex.org/W2101310909,off-topic-false-hit,"syntax trees are a very common data-structure in language related tools. For example, compilers, interpreters, documentation generators and syntax-directed editors use them extensively to extract, transform, store and produce information that is key to their functionality. The authors present a Java back-end for ApiGen a tool that generates implementations of abstract syntax trees. The generated code is characterised by strong typing combined with a generic interface and maximal sub-term sharing for memory efficiency and fast equality checking. The goal of this tool is to obtain safe and more efficient programming interfaces for abstract syntax trees. The contribution of this work is the combination of generating a strongly typed data-structure with maximal sub-term sharing in Java. Practical experience shows that this approach is beneficial for extremely large as well as smaller data types.",openalex,llm,0.900,unreviewed,
discarded,Enhancing Performance Through Control-Flow Unmerging and Loop Unrolling on GPUs,Alnis Murtovi; Giorgis Georgakoudis; Konstantinos Parasyris; Chunhua Liao; Ignacio Laguna; Bernhard Steffen,2024,,10.1109/cgo57630.2024.10444819,https://openalex.org/W4392265885,off-topic-false-hit,"Compilers use a wide range of advanced optimizations to improve the quality of the machine code they generate. In most cases, compiler optimizations rely on precise analyses to be able to perform the optimizations. However, whenever a control-flow merge is performed information is lost as it is not possible to precisely reason about the program anymore. One existing solution to this issue is code duplication, which involves duplicating instructions from merge blocks to their predecessors. This paper introduces a novel and more aggressive approach to code duplication, grounded in loop unrolling and control-flow unmerging that enables subsequent optimizations that cannot be enabled by applying only one of these transformations. We implemented our approach inside LLVM, and evaluated its performance on a collection of GPU benchmarks in CUDA. Our results demonstrate that, even when faced with branch divergence, which complicates code duplication across multiple branches and increases the associated cost, our optimization technique achieves performance improvements of up to 81%.",openalex,llm,0.960,unreviewed,
discarded,Renovation of Idiomatic Crosscutting Concerns in Embedded Systems,Magiel Bruntink,2005,"Centrum Wiskunde & Informatica (CWI), the national research institute for mathematics and computer science in the Netherlands",,https://openalex.org/W2157102143,adjacent-subtopic,"Crosscutting concerns are phenomena that are present in almost any (embedded) software system. They arise if the implementation of a concern ""a requirement or design decision"" does not fit neatly into the modular decomposition of a software system. A crosscutting concern cannot be confined to a single modular unit and therefore becomes scattered across the system and tangled with other concerns. This thesis focuses on the specific class of idiomatic crosscutting concerns, which are crosscutting concerns that are idiomatic in the sense that they are implemented manually by applying an idiom, resulting in many similar pieces of source code. The approach taken is that of renovation, i.e., a step-wise improvement process aimed at easing the evolution of legacy software systems. The legacy software system that is studied in this thesis is the (embedded) control software of an ASML wafer scanner, a device used in the manufacturing process of integrated circuits. This software system consists of 15 million lines of C code. We study whether the use of AOP is beneficial compared to the idiomatic style of implementation used in the ASML software system.",openalex,human,0.750,human,
discarded,Industry practices and challenges for the evolvability assurance of microservices,Justus Bogner; Jonas Fritzsch; Stefan Wagner; Alfréd Zimmermann,2021,Empirical Software Engineering,10.1007/s10664-021-09999-9,https://openalex.org/W3185222174,off-topic-false-hit,"Abstract Context Microservices as a lightweight and decentralized architectural style with fine-grained services promise several beneficial characteristics for sustainable long-term software evolution. Success stories from early adopters like Netflix, Amazon, or Spotify have demonstrated that it is possible to achieve a high degree of flexibility and evolvability with these systems. However, the described advantageous characteristics offer no concrete guidance and little is known about evolvability assurance processes for microservices in industry as well as challenges in this area. Insights into the current state of practice are a very important prerequisite for relevant research in this field. Objective We therefore wanted to explore how practitioners structure the evolvability assurance processes for microservices, what tools, metrics, and patterns they use, and what challenges they perceive for the evolvability of their systems. Method We first conducted 17 semi-structured interviews and discussed 14 different microservice-based systems and their assurance processes with software professionals from 10 companies. Afterwards, we performed a systematic grey literature review (GLR) and used the created interview coding system to analyze 295 practitioner online resources. Results The combined analysis revealed the importance of finding a sensible balance between decentralization and standardization. Guidelines like architectural principles were seen as valuable to ensure a base consistency for evolvability and specialized test automation was a prevalent theme. Source code quality was the primary target for the usage of tools and metrics for our interview participants, while testing tools and productivity metrics were the focus of our GLR resources. In both studies, practitioners did not mention architectural or service-oriented tools and metrics, even though the most crucial challenges like Service Cutting or Microservices Integration were of an architectural nature. Conclusions Practitioners relied on guidelines, standardization, or patterns like Event-Driven Messaging to partially address some reported evolvability challenges. However, specialized techniques, tools, and metrics are needed to support industry with the continuous evaluation of service granularity and dependencies. Future microservices research in the areas of maintenance, evolution, and technical debt should take our findings and the reported industry sentiments into account.",openalex,llm,0.830,unreviewed,
discarded,The role of formal methods in developing safety-critical software,Martyn Thomas,1990,Microprocessors and Microsystems,10.1016/0141-9331(90)90127-h,https://openalex.org/W2077100935,off-topic-false-hit,,openalex,llm,0.950,unreviewed,
discarded,Guidelines for Architecting Android Apps: A Mixed-Method Empirical Study,Roberto Verdecchia; Ivano Malavolta; Patricia Lago,2019,,10.1109/icsa.2019.00023,https://openalex.org/W2922720877,off-topic-false-hit,"For surviving in the highly competitive market of Android apps, it is fundamental for app developers to deliver apps of high quality and with short release times. A well-architected Android app is beneficial for developers, e.g. in terms of maintainability, testability, performance, and avoidance of resource leaks. However, how to properly architect Android apps is still debated and subject to conflicting opinions usually influenced by technological hypes rather than objective evidence. In this paper we present an empirical study on how developers architect Android apps, what architectural patterns and practices Android apps are based on, and their potential impact on quality. We apply a mixed-method empirical research design that combines (i) semi-structured interviews with Android practitioners in the field and (ii) a systematic analysis of both the grey (i.e., websites, Online blogs) and white literature (i.e., academic studies) on the architecture of Android apps. Based on the analysis of the state of the art and practice about architecting Android apps, we systematically extract a set of 42 evidence-based guidelines supporting developers when architecting their Android apps.",openalex,llm,0.860,unreviewed,
discarded,NeighborTrack: Improving Single Object Tracking by Bipartite Matching with Neighbor Tracklets,Yu‐Hsi Chen; Chien-Yao Wang; Cheng-Yun Yang; Hung–Shuo Chang; Youn-Long Lin; Yung‐Yu Chuang; Hong-Yuan Mark Liao,2022,arXiv (Cornell University),10.48550/arxiv.2211.06663,https://openalex.org/W4309129951,off-topic-false-hit,"We propose a post-processor, called NeighborTrack, that leverages neighbor information of the tracking target to validate and improve single-object tracking (SOT) results. It requires no additional data or retraining. Instead, it uses the confidence score predicted by the backbone SOT network to automatically derive neighbor information and then uses this information to improve the tracking results. When tracking an occluded target, its appearance features are untrustworthy. However, a general siamese network often cannot tell whether the tracked object is occluded by reading the confidence score alone, because it could be misled by neighbors with high confidence scores. Our proposed NeighborTrack takes advantage of unoccluded neighbors' information to reconfirm the tracking target and reduces false tracking when the target is occluded. It not only reduces the impact caused by occlusion, but also fixes tracking problems caused by object appearance changes. NeighborTrack is agnostic to SOT networks and post-processing methods. For the VOT challenge dataset commonly used in short-term object tracking, we improve three famous SOT networks, Ocean, TransT, and OSTrack, by an average of ${1.92\%}$ EAO and ${2.11\%}$ robustness. For the mid- and long-term tracking experiments based on OSTrack, we achieve state-of-the-art ${72.25\%}$ AUC on LaSOT and ${75.7\%}$ AO on GOT-10K. Code duplication can be found in https://github.com/franktpmvu/NeighborTrack.",openalex,llm,0.990,unreviewed,
discarded,PaLM: Scaling Language Modeling with Pathways,"Aakanksha Chowdhery; Sharan Narang; Jacob Devlin; Maarten Bosma; Gaurav Mishra; Adam Roberts; Paul Barham; Hyung Won Chung; Charles Sutton; Sebastian Gehrmann; Parker Schuh; Kensen Shi; Sasha Tsvyashchenko; Joshua Maynez; Abhishek S. Rao; Parker Barnes; Yi Tay; Noam Shazeer; Vinodkumar Prabhakaran; Emily Reif; Nan Du; Ben Hutchinson; Reiner Pope; James T. Bradbury; Jacob Austin; Michael Isard; Guy Gur-Ari; Pengcheng Yin; Toju Duke; Anselm Levskaya; Sanjay Ghemawat; Sunipa Dev; Henryk Michalewski; Xavier García; Vedant Misra; Kevin Robinson; Liam Fedus; Denny Zhou; Daphne Ippolito; David Luan; Hyeontaek Lim; Barret Zoph; Alexander Spiridonov; Ryan Sepassi; D. Dohan; Shivani Agrawal; Mark Omernick; Andrew M. Dai; Thanumalayan Sankaranarayana Pillai; Marie Pellat; Aitor Lewkowycz; Érica Rodrigues Moreira; Rewon Child; Oleksandr Polozov; Katherine Lee; Zongwei Zhou; Xuezhi Wang; Brennan Saeta; Mark Díaz; Orhan Fırat; Michele Catasta; Wei, Jason; Meier-Hellstern, Kathy; Douglas Eck; Jeff Dean; Slav Petrov; Noah Fiedel",2022,arXiv (Cornell University),10.48550/arxiv.2204.02311,https://openalex.org/W4224308101,off-topic-false-hit,"Large language models have been shown to achieve remarkable performance across a variety of natural language tasks using few-shot learning, which drastically reduces the number of task-specific training examples needed to adapt the model to a particular application. To further our understanding of the impact of scale on few-shot learning, we trained a 540-billion parameter, densely activated, Transformer language model, which we call Pathways Language Model PaLM. We trained PaLM on 6144 TPU v4 chips using Pathways, a new ML system which enables highly efficient training across multiple TPU Pods. We demonstrate continued benefits of scaling by achieving state-of-the-art few-shot learning results on hundreds of language understanding and generation benchmarks. On a number of these tasks, PaLM 540B achieves breakthrough performance, outperforming the finetuned state-of-the-art on a suite of multi-step reasoning tasks, and outperforming average human performance on the recently released BIG-bench benchmark. A significant number of BIG-bench tasks showed discontinuous improvements from model scale, meaning that performance steeply increased as we scaled to our largest model. PaLM also has strong capabilities in multilingual tasks and source code generation, which we demonstrate on a wide array of benchmarks. We additionally provide a comprehensive analysis on bias and toxicity, and study the extent of training data memorization with respect to model scale. Finally, we discuss the ethical considerations related to large language models and discuss potential mitigation strategies.",openalex,llm,0.980,unreviewed,
discarded,The Reaction of Open-Source Projects to New Language Features: An Empirical Study of C# Generics.,Donghoon Kim; Emerson Murphy-Hill; Chris Parnin; Christian Bird; Ronald Garcia,2013,The Journal of Object Technology,10.5381/jot.2013.12.4.a1,https://openalex.org/W2022361257,off-topic-false-hit,"Language designers introduce new language features in programming languages because those features are claimed to be beneficial. In this paper, we investigate claims made about the generics language feature, and compare how those claims stack up in C# versus Java. Through an empirical study of the generics feature in open-source projects, we found that (1) although they have the same claimed benefits in different programming languages, generics are more readily used in C# than in Java and that the benefits of generics are manifested more clearly in C# programs, and (2) programmers rarely use the var keyword with generics, except when using very long generic expressions, suggesting that programmers prefer readability over succinct syntax, as long as the syntax does not become overly verbose.",openalex,llm,0.910,unreviewed,
discarded,Evaluation of a machine learning classifier for metamodels,Phuong T. Nguyen; Juri Di Rocco; Ludovico Iovino; Davide Di Ruscio; Alfonso Pierantonio,2021,Software & Systems Modeling,10.1007/s10270-021-00913-x,https://openalex.org/W3200120118,off-topic-false-hit,"Abstract Modeling is a ubiquitous activity in the process of software development. In recent years, such an activity has reached a high degree of intricacy, guided by the heterogeneity of the components, data sources, and tasks. The democratized use of models has led to the necessity for suitable machinery for mining modeling repositories. Among others, the classification of metamodels into independent categories facilitates personalized searches by boosting the visibility of metamodels. Nevertheless, the manual classification of metamodels is not only a tedious but also an error-prone task. According to our observation, misclassification is the norm which leads to a reduction in reachability as well as reusability of metamodels. Handling such complexity requires suitable tooling to leverage raw data into practical knowledge that can help modelers with their daily tasks. In our previous work, we proposed AURORA as a machine learning classifier for metamodel repositories. In this paper, we present a thorough evaluation of the system by taking into consideration different settings as well as evaluation metrics. More importantly, we improve the original AURORA tool by changing its internal design. Experimental results demonstrate that the proposed amendment is beneficial to the classification of metamodels. We also compared our approach with two baseline algorithms, namely gradient boosted decision tree and support vector machines. Eventually, we see that AURORA outperforms the baselines with respect to various quality metrics.",openalex,llm,0.970,unreviewed,
discarded,A comparison of single-cell trajectory inference methods,Wouter Saelens; Robrecht Cannoodt; Helena Todorov; Yvan Saeys,2019,Nature Biotechnology,10.1038/s41587-019-0071-9,https://openalex.org/W2927507212,off-topic-false-hit,"Trajectory inference approaches analyze genome-wide omics data from thousands of single cells and computationally infer the order of these cells along developmental trajectories. Although more than 70 trajectory inference tools have already been developed, it is challenging to compare their performance because the input they require and output models they produce vary substantially. Here, we benchmark 45 of these methods on 110 real and 229 synthetic datasets for cellular ordering, topology, scalability and usability. Our results highlight the complementarity of existing tools, and that the choice of method should depend mostly on the dataset dimensions and trajectory topology. Based on these results, we develop a set of guidelines to help users select the best method for their dataset. Our freely available data and evaluation pipeline (https://benchmark.dynverse.org) will aid in the development of improved tools designed to analyze increasingly large and complex single-cell datasets.",openalex,llm,0.990,unreviewed,
discarded,The third international standard for anti‐D immunoglobulin: international collaborative study to evaluate candidate preparations,B. Fox; Giles Sharp; Eleanor Atkinson; Graham Roberts; Peter Rigsby; Lucy Studholme,2019,Vox Sanguinis,10.1111/vox.12822,https://openalex.org/W2963431771,off-topic-false-hit,"BACKGROUND AND OBJECTIVES: The purpose of the study was to evaluate a lyophilized anti-D immunoglobulin preparation to serve as a replacement WHO International Standard for the calibration of potency assays of anti-D immunoglobulin products. Such products are used to prevent haemolytic disease of the foetus and newborn due to maternal alloanti-D. MATERIALS AND METHODS: The candidate 3rd International Standard for anti-D immunoglobulin (16/332) was evaluated and calibrated against the 2nd International Standard for anti-D immunoglobulin (01/572), along with a coded duplicate, a second candidate preparation (16/278) and a comparability sample (16/272) in an international collaborative study. Twenty of 21 laboratories in 15 countries performed one or more of the three European Pharmacopoeia reference methods. RESULTS: The overall geometric mean potency (from all methods) of the candidate 3rd International Standard, 16/332, was 296·6 IU/ampoule, with inter-laboratory variability, expressed as % GCV, of 4·7%. SE-HPLC of the immunoglobulin preparations demonstrated combined monomeric and dimeric IgG peak areas of >95% for all samples. Accelerated stability studies have shown both 16/332 and 16/278 to be very stable for long-term storage at -20°C. CONCLUSIONS: Preparation 16/332 was established by the World Health Organisation Expert Committee on Biological Standardization as the 3rd International Standard for anti-D immunoglobulin with an assigned potency of 297 IU/ampoule.",openalex,llm,0.990,unreviewed,
discarded,Preprocessing Strategy for Effective Modulo Scheduling on Multi-issue Digital Signal Processors,Doosan Cho; Ravi Ayyagari; Gang‐Ryung Uh; Yunheung Paek,2007,Lecture notes in computer science,10.1007/978-3-540-71229-9_2,https://openalex.org/W1667360496,off-topic-false-hit,,openalex,llm,0.900,unreviewed,
