status,title,authors,year,venue,doi,url,tags,abstract,provider,decision_source,llm_confidence,llm_review_outcome,llm_change_direction
discarded,Overexpression of a kinase‐inactive ATR protein causes sensitivity to DNA‐damaging agents and defects in cell cycle checkpoints,William A. Cliby; Christopher J. Roberts; Karlene A. Cimprich; Cheri M. Stringer; John R. Lamb; Stuart L. Schreiber; Stephen H. Friend,1998,The EMBO Journal,10.1093/emboj/17.1.159,https://openalex.org/W2133318290,off-topic-false-hit,"ATR, a phosphatidylinositol kinase-related protein homologous to ataxia telangiectasia mutated (ATM), is important for the survival of human cells following many forms of DNA damage. Expression of a kinase-inactive allele of ATR (ATRkd) in human fibroblasts causes increased sensitivity to ionizing radiation (IR), cis-platinum and methyl methanesulfonate, but only slight UV radiation sensitivity. ATRkd overexpression abrogates the G(2)/M arrest after exposure to IR, and overexpression of wild-type ATR complements the radioresistant DNA synthesis phenotype of cells lacking ATM, suggesting a potential functional overlap between these proteins, ATRkd overexpression also causes increased sensitivity to hydroxyurea that is associated with microtubule-mediated nuclear abnormalities. These observations are consistent with uncoupling of certain mitotic events from the completion of S-phase. Thus, ATR is an important component of multiple DNA damage response pathways and may be involved in the DNA replication (S/M) checkpoint.","dblp, openalex, wos, scopus, ieee",llm,0.990,unreviewed,
discarded,Maintenance of Epigenetic Information,Geneviève Almouzni; Howard Cedar,2016,Cold Spring Harbor Perspectives in Biology,10.1101/cshperspect.a019372,https://openalex.org/W2347124524,off-topic-false-hit,"The genome is subject to a diverse array of epigenetic modifications from DNA methylation to histone posttranslational changes. Many of these marks are somatically stable through cell division. This article focuses on our knowledge of the mechanisms governing the inheritance of epigenetic marks, particularly, repressive ones, when the DNA and chromatin template are duplicated in S phase. This involves the action of histone chaperones, nucleosome-remodeling enzymes, histone and DNA methylation binding proteins, and chromatin-modifying enzymes. Last, the timing of DNA replication is discussed, including the question of whether this constitutes an epigenetic mark that facilitates the propagation of epigenetic marks.","dblp, openalex, wos, scopus, ieee",llm,0.990,unreviewed,
discarded,Role of SWI/SNF in acute leukemia maintenance and enhancer-mediated Myc regulation,Junwei Shi; Warren A. Whyte; Cinthya Zepeda‐Mendoza; Joseph P. Milazzo; Chen Shen; Jae‐Seok Roe; Jessica L. Minder; Fatih Mercan; Eric Wang; Mélanie Eckersley-Maslin; Amy E. Campbell; Shinpei Kawaoka; Sarah J. Shareef; Zhu Zhu; Jude Kendall; Matthias Muhar; Christian Haslinger; Ming Yu; Robert G. Roeder; Michael Wigler; Gerd A. Blobel; Johannes Zuber; David L. Spector; Richard A. Young; Christopher R. Vakoc,2013,Genes & Development,10.1101/gad.232710.113,https://openalex.org/W2148261329,off-topic-false-hit,"Cancer cells frequently depend on chromatin regulatory activities to maintain a malignant phenotype. Here, we show that leukemia cells require the mammalian SWI/SNF chromatin remodeling complex for their survival and aberrant self-renewal potential. While Brg1, an ATPase subunit of SWI/SNF, is known to suppress tumor formation in several cell types, we found that leukemia cells instead rely on Brg1 to support their oncogenic transcriptional program, which includes Myc as one of its key targets. To account for this context-specific function, we identify a cluster of lineage-specific enhancers located 1.7 Mb downstream from Myc that are occupied by SWI/SNF as well as the BET protein Brd4. Brg1 is required at these distal elements to maintain transcription factor occupancy and for long-range chromatin looping interactions with the Myc promoter. Notably, these distal Myc enhancers coincide with a region that is focally amplified in ∼3% of acute myeloid leukemias. Together, these findings define a leukemia maintenance function for SWI/SNF that is linked to enhancer-mediated gene regulation, providing general insights into how cancer cells exploit transcriptional coactivators to maintain oncogenic gene expression programs.","dblp, openalex, wos, scopus, ieee",llm,0.980,unreviewed,
discarded,Whole genomes redefine the mutational landscape of pancreatic cancer,Australian Pancreatic Cancer Genome Initiative; Nicola Waddell; Marina Pajic; Ann‐Marie Patch; David K. Chang; Karin S. Kassahn; Peter J. Bailey; Amber L. Johns; David S. Miller; Kátia Nones; Kelly Quek; Michael C. Quinn; Alan J. Robertson; Muhammad Zaki Hidayatullah Fadlullah; Timothy J. C. Bruxner; Angelika N. Christ; Ivon Harliwong; Senel Idrisoglu; Suzanne Manning; Craig Nourse; Ehsan Nourbakhsh; Shivangi Wani; Peter J. Wilson; Emma Markham; Nicole Cloonan; Matthew J. Anderson; J. Lynn Fink; Oliver Holmes; Stephen H. Kazakoff; Conrad Leonard; Felicity Newell; Barsha Poudel; Sarah Song; Darrin F. Taylor; Nick M. Waddell; Scott Wood; Qinying Xu; Jianmin Wu; Mark Pinese; Mark J. Cowley; Hong C. Lee; Marc D. Jones; Adnan Nagrial; Jeremy L. Humphris; Lorraine A. Chantrill; Venessa Chin; Angela Steinmann; Amanda Mawson; Emily S. Humphrey; Emily K. Colvin; Angela Chou; Christopher J. Scarlett; Andreia V. Pinho; Marc Giry-Laterrière; Ilse Rooman; Jaswinder S. Samra; James G. Kench; Jessica A. Pettitt; Neil D. Merrett; Christopher W. Toon; Krishna Epari; Nam Q. Nguyen; Andrew P. Barbour; Nikolajs Zeps; Nigel B. Jamieson; Janet Graham; Simone P. Niclou; Rolf Bjerkvig; Robert Grützmann; Daniela E. Aust; Ralph H. Hruban; Anirban Maitra; Christine A. Iacobuzio–Donahue; Christopher L. Wolfgang; Richard A. Morgan; Rita T. Lawlor; Vincenzo Corbo; Claudio Bassi; Massimo Falconi; Giuseppe Zamboni; Giampaolo Tortora; Margaret A. Tempero; Anthony J. Gill; James R. Eshleman; Christian Pilarsky; Aldo Scarpa; Elizabeth A. Musgrove; John V. Pearson; Andrew V. Biankin; Sean M. Grimmond,2015,Nature,10.1038/nature14169,https://openalex.org/W1987313243,off-topic-false-hit,"Pancreatic cancer remains one of the most lethal of malignancies and a major health burden. We performed whole-genome sequencing and copy number variation (CNV) analysis of 100 pancreatic ductal adenocarcinomas (PDACs). Chromosomal rearrangements leading to gene disruption were prevalent, affecting genes known to be important in pancreatic cancer (TP53, SMAD4, CDKN2A, ARID1A and ROBO2) and new candidate drivers of pancreatic carcinogenesis (KDM6A and PREX2). Patterns of structural variation (variation in chromosomal structure) classified PDACs into 4 subtypes with potential clinical utility: the subtypes were termed stable, locally rearranged, scattered and unstable. A significant proportion harboured focal amplifications, many of which contained druggable oncogenes (ERBB2, MET, FGFR1, CDK6, PIK3R3 and PIK3CA), but at low individual patient prevalence. Genomic instability co-segregated with inactivation of DNA maintenance genes (BRCA1, BRCA2 or PALB2) and a mutational signature of DNA damage repair deficiency. Of 8 patients who received platinum therapy, 4 of 5 individuals with these measures of defective DNA maintenance responded.","dblp, openalex, wos, scopus, ieee",llm,0.990,unreviewed,
discarded,"Mutation of OPA1 causes dominant optic atrophy with external ophthalmoplegia, ataxia, deafness and multiple mitochondrial DNA deletions: a novel disorder of mtDNA maintenance",Gavin Hudson; Patrizia Amati‐Bonneau; Emma L. Blakely; Joanna D. Stewart; Langping He; Andrew M. Schaefer; Philip G. Griffiths; Kati J. Ahlqvist; Anu Suomalainen; Pascal Reynier; Robert McFarland; Douglass M. Turnbull; Patrick F. Chinnery; Robert W. Taylor,2007,Brain,10.1093/brain/awm272,https://openalex.org/W2120695551,off-topic-false-hit,"Mutations in nuclear genes involved in mitochondrial DNA (mtDNA) maintenance cause a wide range of clinical phenotypes associated with the secondary accumulation of multiple mtDNA deletions in affected tissues. The majority of families with autosomal dominant progressive external ophthalmoplegia (PEO) harbour mutations in genes encoding one of three well-characterized proteins--pol gamma, Twinkle or Ant 1. Here we show that a heterozygous mis-sense mutation in OPA1 leads to multiple mtDNA deletions in skeletal muscle and a mosaic defect of cytochrome c oxidase (COX). The disorder presented with visual failure and optic atrophy in childhood, followed by PEO, ataxia, deafness and a sensory-motor neuropathy in adult life. COX-deficient skeletal muscle fibres contained supra-threshold levels of multiple mtDNA deletions, and genetic linkage, sequencing and expression analysis excluded POLG1, PEO1 and SLC25A4, the gene encoding Ant 1, as the cause. This demonstrates the importance of OPA1 in mtDNA maintenance, and implicates OPA1 in diseases associated with secondary defects of mtDNA.","dblp, openalex, wos, scopus, ieee",llm,0.990,unreviewed,
discarded,High Rates of Actin Filament Turnover in Budding Yeast and Roles for Actin in Establishment and Maintenance of Cell Polarity Revealed Using the Actin Inhibitor Latrunculin-A,Kathryn R. Ayscough; Joel Stryker; Navin Pokala; Miranda L. Sanders; P. Crews; David G. Drubin,1997,The Journal of Cell Biology,10.1083/jcb.137.2.399,https://openalex.org/W2101441813,off-topic-false-hit,"We report that the actin assembly inhibitor latrunculin-A (LAT-A) causes complete disruption of the yeast actin cytoskeleton within 2-5 min, suggesting that although yeast are nonmotile, their actin filaments undergo rapid cycles of assembly and disassembly in vivo. Differences in the LAT-A sensitivities of strains carrying mutations in components of the actin cytoskeleton suggest that tropomyosin, fimbrin, capping protein, Sla2p, and Srv2p act to increase actin cytoskeleton stability, while End3p and Sla1p act to decrease stability. Identification of three LAT-A resistant actin mutants demonstrated that in vivo effects of LAT-A are due specifically to impairment of actin function and implicated a region on the three-dimensional actin structure as the LAT-A binding site. LAT-A was used to determine which of 19 different proteins implicated in cell polarity development require actin to achieve polarized localization. Results show that at least two molecular pathways, one actin-dependent and the other actin-independent, underlie polarity development. The actin-dependent pathway localizes secretory vesicles and a putative vesicle docking complex to sites of cell surface growth, providing an explanation for the dependence of polarized cell surface growth on actin function. Unexpectedly, several proteins that function with actin during cell polarity development, including an unconventional myosin (Myo2p), calmodulin, and an actin-interacting protein (Bud6/Aip3p), achieved polarized localization by an actin-independent pathway, revealing interdependence among cell polarity pathways. Finally, transient actin depolymerization caused many cells to abandon one bud site or mating projection and to initiate growth at a second site. Thus, actin filaments are also required for maintenance of an axis of cell polarity.","dblp, openalex, wos, scopus, ieee",llm,0.980,unreviewed,
discarded,Diseases caused by defects of mitochondrial carriers: A review,Ferdinando Palmieri,2008,Biochimica et Biophysica Acta (BBA) - Bioenergetics,10.1016/j.bbabio.2008.03.008,https://openalex.org/W2046790183,off-topic-false-hit,"A strikingly large number of mitochondrial DNA (mtDNA) mutations have been found to be the cause of respiratory chain and oxidative phosphorylation defects. These mitochondrial disorders were the first to be investigated after the small mtDNA had been sequenced in the 80s. Only recently numerous diseases resulting from mutations in nuclear genes encoding mitochondrial proteins have been characterized. Among these, nine are caused by defects of mitochondrial carriers, a family of nuclear-coded proteins that shuttle a variety of metabolites across the mitochondrial membrane. Mutations of mitochondrial carrier genes involved in mitochondrial functions other than oxidative phosphorylation are responsible for carnitine/acylcarnitine carrier deficiency, HHH syndrome, aspartate/glutamate isoform 2 deficiency, Amish microcephaly, and neonatal myoclonic epilepsy; these disorders are characterized by specific metabolic dysfunctions, depending on the physiological role of the affected carrier in intermediary metabolism. Defects of mitochondrial carriers that supply mitochondria with the substrates of oxidative phosphorylation, inorganic phosphate and ADP are responsible for diseases characterized by defective energy production. Herein, all the mitochondrial carrier-associated diseases known to date are reviewed for the first time. Particular emphasis is given to the molecular basis and pathogenetic mechanism of these inherited disorders. (c) 2008 Elsevier B.V. All rights reserved.","dblp, openalex, wos, scopus, ieee",llm,0.990,unreviewed,
discarded,"POU domain family values: flexibility, partnerships, and developmental codes.",Aimee K. Ryan; Michael G. Rosenfeld,1997,Genes & Development,10.1101/gad.11.10.1207,https://openalex.org/W2046707099,off-topic-false-hit,,"dblp, openalex, wos, scopus, ieee",llm,0.970,unreviewed,
discarded,CEP152 is a genome maintenance protein disrupted in Seckel syndrome,Ersan Kalay; Gökhan Yigit; Yakup Aslan; Karen Brown; Esther Pohl; Louise S. Bicknell; Hülya Kayserili; Yun Li; Beyhan Tüysüz; Gudrun Nürnberg; Wieland Kieß; Manfred Koegl; Ingelore Baessmann; Celal Kurtuluş Buruk; Bayram Toraman; Saadettin Kayıpmaz; Sibel Kul; Mevlit Íkbal; Daniel J. Turner; Martin S. Taylor; Jan Aerts; Carol Scott; Karen Milstein; Hélène Dollfus; Dagmar Wieczorek; Han G. Brunner; Matthew E. Hurles; Andrew P. Jackson; Anita Rauch; Peter Nürnberg; Ahmet Karagüzel; Bernd Wollnik,2010,Nature Genetics,10.1038/ng.725,https://openalex.org/W1988156733,off-topic-false-hit,"Bernd Wollnik and colleagues report mutations in CEP152 cause Seckel syndrome, which is characterized by short stature, severe microcephaly and mental retardation. The work suggests that CEP152 has a function in genome maintenance. Functional impairment of DNA damage response pathways leads to increased genomic instability. Here we describe the centrosomal protein CEP152 as a new regulator of genomic integrity and cellular response to DNA damage. Using homozygosity mapping and exome sequencing, we identified CEP152 mutations in Seckel syndrome and showed that impaired CEP152 function leads to accumulation of genomic defects resulting from replicative stress through enhanced activation of ATM signaling and increased H2AX phosphorylation.","dblp, openalex, wos, scopus, ieee",llm,0.990,unreviewed,
discarded,Targeting the Notch-regulated non-coding RNA TUG1 for glioma treatment,Keisuke Katsushima; Atsushi Natsume; Fumiharu Ohka; Keiko Shinjo; Akira Hatanaka; Norihisa Ichimura; Shinya Sato; Satoru Takahashi; Hiroshi Kimurâ; Yasushi Totoki; Tatsuhiro Shibata; Mitsuru Naito; Hyun Jin Kim; Kanjiro Miyata; Kazunori Kataoka; Yutaka Kondo,2016,Nature Communications,10.1038/ncomms13616,https://openalex.org/W2560385907,off-topic-false-hit,"Targeting self-renewal is an important goal in cancer therapy and recent studies have focused on Notch signalling in the maintenance of stemness of glioma stem cells (GSCs). Understanding cancer-specific Notch regulation would improve specificity of targeting this pathway. In this study, we find that Notch1 activation in GSCs specifically induces expression of the lncRNA, TUG1. TUG1 coordinately promotes self-renewal by sponging miR-145 in the cytoplasm and recruiting polycomb to repress differentiation genes by locus-specific methylation of histone H3K27 via YY1-binding activity in the nucleus. Furthermore, intravenous treatment with antisense oligonucleotides targeting TUG1 coupled with a drug delivery system induces GSC differentiation and efficiently represses GSC growth in vivo. Our results highlight the importance of the Notch-lncRNA axis in regulating self-renewal of glioma cells and provide a strong rationale for targeting TUG1 as a specific and potent therapeutic approach to eliminate the GSC population.","dblp, openalex, wos, scopus, ieee",llm,0.980,unreviewed,
discarded,Identification and analysis of functional elements in 1% of the human genome by the ENCODE pilot project,Ewan Birney; Paul Flicek; Damian Keefe; Ari Löytynoja; Simon Whelan; Fabio Pardi; Tim Massingham; Abel Ureta‐Vidal; Benedict Paten; Nick Goldman; Ewan Birney; J Stamatoyannopoulos; Robert E. Thurman; Michael S. Kuehn; Shane Neph; Nathan Day; Michael O. Dorschner; Jeff Goldy; Andrew Haydock; Richard Humbert; Kirsten Lee; Fidencio Neri; Peter J. Sabo; R Sandström; Anthony Shafer; Molly Weaver; William Stafford Noble; Anindya Dutta; Christopher M. Taylor; Ankit Malhotra; Patrick J. Boyle; Neerja Karnani; Grégory Lefebvre; Man Yu; Roderic Guigó; Tyler Alioto; France Denoeud; Robert Castelo; Julien Lagarde; Josep F. Abril; Núria López-Bigas; Eduardo Eyras; T Gingeras; Philipp Kapranov; Srinka Ghosh; Sujit Dike; Jill Cheng; Jörg Drenkow; Ian Bell; Sylvain Foissac; Evelyn J. Cheung; Madhavan Ganesh; Sandeep Patel; Hari Tammana; David A. Nix; Elliott H. Margulies; Francis S. Collins; E GREEN; James C. Mullikin; Gerard G. Bouffard; Jacquelyn R. Idol; Valerie V.B. Maduro; Robert W. Blakesley; Zhiping Weng; Yutao Fu; Ulaş Karaöz; Anason Halees; Xiaoling Zhang; Mousheng Xu; Jane M. Lin; Hennady P. Shulha; Jaafar N. Haidar; Yong Yu; M Snyder; Ugrappa Nagalakshmi; Jiaqian Wu; Ghia Euskirchen; Stephen E. Hartman; Alexander E. Urban; Peter R. Kraus; Joel Rozowsky; Deyou Zheng; Jan O. Korbel; Olof Emanuelsson; Mark Gerstein; Michael Seringhaus; Zhengdong D. Zhang; Emmanouil T. Dermitzakis; Christoph M. Koch; Robert Andrews; N. P. Carter; Gayle K. Clelland; Pawandeep Dhami; Shane C. Dillon; Heike Fiegler; Keith James; D Vetrie; Sarah Wilcox; Ian Dunham; Adam Frankish,2007,Nature,10.1038/nature05874,https://openalex.org/W2102304447,off-topic-false-hit,"We report the generation and analysis of functional data from multiple, diverse experiments performed on a targeted 1% of the human genomeas part of the pilot phase of the ENCODE Project. These data have been further integrated and augmented by a number of evolutionary and computational analyses. Together, our results advance the collective knowledge about human genome function in several major areas. First, our studies provide convincing evidence that the genome is pervasively transcribed, such that the majority of its bases can be found in primary transcripts, including non-protein-coding transcripts, and those that extensively overlap one another. Second, systematic examination of transcriptional regulation has yielded new understanding about transcription start sites, including their relationship to specific regulatory sequences and features of chromatin accessibility and histone modification. Third, a more sophisticated view of chromatin structure has emerged, including its inter-relationship with DNA replication and transcriptional regulation. Finally, integration of these new sources of information, in particular with respect to mammalian evolution based on inter-and intra-species sequence comparisons, has yielded new mechanistic and evolutionary insights concerning the functional landscape of the human genome. Together, these studies are defining a path for pursuit of a more comprehensive characterization of human genome function.","dblp, openalex, wos, scopus, ieee",llm,0.990,unreviewed,
discarded,Haematopoietic and immune defects associated with GATA2 mutation,Matthew Collin; Rachel Dickinson; Venetia Bigley,2015,British Journal of Haematology,10.1111/bjh.13317,https://openalex.org/W1985540837,off-topic-false-hit,"Heterozygous familial or sporadic GATA2 mutations cause a multifaceted disorder, encompassing susceptibility to infection, pulmonary dysfunction, autoimmunity, lymphoedema and malignancy. Although often healthy in childhood, carriers of defective GATA2 alleles develop progressive loss of mononuclear cells (dendritic cells, monocytes, B and Natural Killer lymphocytes), elevated FLT3 ligand, and a 90% risk of clinical complications, including progression to myelodysplastic syndrome (MDS) by 60 years of age. Premature death may occur from childhood due to infection, pulmonary dysfunction, solid malignancy and MDS/acute myeloid leukaemia. GATA2 mutations include frameshifts, amino acid substitutions, insertions and deletions scattered throughout the gene but concentrated in the region encoding the two zinc finger domains. Mutations appear to cause haplo-insufficiency, which is known to impair haematopoietic stem cell survival in animal models. Management includes genetic counselling, prevention of infection, cancer surveillance, haematopoietic monitoring and, ultimately, stem cell transplantation upon the development of MDS or another life-threatening complication.","dblp, openalex, wos, scopus, ieee",llm,0.980,unreviewed,
