status,title,authors,year,venue,doi,url,tags,abstract,provider,decision_source,llm_confidence,llm_review_outcome,llm_change_direction
discarded,Hyperinvasive and quinolone-resistant meningococci cc4821 achieved immune evasion through capsule switching,"Huang, Jiebin; Lv, Panpan; Jiang, Yue; Shao, Youxing; Zeng, Mei; Guo, Qinglan; Chen, Mingliang",2026,BMC MICROBIOLOGY,10.1186/s12866-026-05194-2,https://www.webofscience.com/wos/woscc/full-record/WOS:001822364800001,off-topic-false-hit,"Background Neisseria meningitidis stands as one of the predominant etiological agents of bacterial meningitis worldwide. Sequence type (ST) 4821 clonal complex (cc4821), notably linked to the hyperinvasive and quinolone-resistant clone ChinaCC4821-R1-C/B, has emerged and caused the epidemiological shift from serogroup A (MenA, mostly cc5 and cc1) to MenC in China since 2003 and the subsequent introduction of MenA + C vaccination. However, the evolution path of capsule in MenB ChinaCC4821-R1-C/B under the vaccine-induced selective pressure remains unclear. For phylogenetic analysis, nucleotide sequences of the capsular polysaccharide synthesis (cps) gene cluster were extracted from MenC and MenB ChinaCC4821-R1-C/B genomes in the Neisseria PubMLST Database. Recombination analyses were conducted using software MEGA and RDP. The capsule switching from MenC to MenB in ChinaCC4821-R1-C/B was conducted via natural transformation.Results Phylogenetic analysis of the cps loci revealed that recombination events probably occurred in region A. Among MenB ChinaCC4821-R1-C/B isolates, isolate Nm119 (B: P1.7-2,14: F3-3: ST-9455 [cc4821]) was selected as the representative strain. Through sequence analysis, a potential donor strain (2061370; B: P1.19-1,15 - 11: F3-7: ST-269 [cc269]) was identified from 80 candidate isolates, with a 5,527-bp recombination sequence spanning the region between ctrG and cssA in region A. To further validate capsule switching from MenC to MenB, we performed biological experiments using a MenC ChinaCC4821-R1-C/B isolate (Nm044; C: P1.7-2,14: F3-3: ST-4821 [cc4821]) as a recipient strain. The recombination sequence identified in the transformant (Nm044Nm119_T20) was only 414 bp larger than the sequence predicted by the in silico analysis. Functional analysis of the transformant revealed that its capsular polysaccharide expression and serum survival capacity were comparable to those of the donor strain. The capsule switching pattern, exemplified by Nm119, could serve as a model for MenB ChinaCC4821-R1-C/B. Through MenC -> MenB capsule switching, ChinaCC4821-R1-C/B isolates have gained the capacity to evade immunity induced by MenA + C vaccines.Conclusions The potential capsule switch from MenC -> MenB in ChinaCC4821-R1-C/B isolates has been confirmed through both sequence-based analyses and molecular biological experiments. The MenB capsule likely originated from a cc269 strain. Given the potential of capsule switching events to compromise vaccine efficacy, enhanced surveillance of capsule variation in cc4821 isolates is warranted under current immunization strategies in China.",wos,llm,0.990,unreviewed,
discarded,PatchTrack: A comprehensive analysis of ChatGPT's influence on pull request outcomes,"Ogenrwot, Daniel; Businge, John",2026,EMPIRICAL SOFTWARE ENGINEERING,10.1007/s10664-026-10869-5,https://www.webofscience.com/wos/woscc/full-record/WOS:001760006100003,off-topic-false-hit,"The rapid adoption of large language models (LLMs) like ChatGPT has introduced new dynamics in software development, particularly within pull request workflows. While prior research has examined the quality of AI-generated code, less is known about how developers evaluate, adapt, and integrate these suggestions in real-world collaboration. We analyze 338 pull requests from 255 GitHub repositories containing self-admitted ChatGPT usage, comprising 645 AI-generated snippets and 3,486 developer-authored patches. To support this analysis at scale, we use PatchTrack, an automated classifier that identifies whether AI-generated patches were applied, partially reused, or not integrated. Our findings reveal that full adoption of ChatGPT-generated code is uncommon: the median integration rate is 25%. Qualitative analysis of 89 pull requests with integrated patches reveals recurring patterns of structural integration, selective extraction, and iterative refinement, indicating that developers typically treat AI output as a starting point rather than a final implementation. Even when code is not directly adopted, ChatGPT influences workflows through conceptual guidance, documentation, and debugging strategies. Integration decisions reflect contextual fit, integration effort, maintainer trust, and established pull request review norms rather than serving as direct indicators of code correctness. Overall, this study provides empirical insight into AI-mediated decision-making in collaborative software development, showing that the influence of generative AI extends beyond patch generation to how developers reason about, adapt, and negotiate code during review within pull request workflows. These findings inform the design of AI-assisted tools and support more transparent and effective use of LLMs in practice.",wos,llm,0.910,unreviewed,
discarded,FixConsult: Leveraging External Defect Knowledge Driven Natural Language Suggestions Generation for Software Vulnerability Repair,"Hu, Gang; Geng, Linhui; Jin, Jiayao; Sun, Xiaoshu; Peng, Min",2025,"2025 32ND ASIA-PACIFIC SOFTWARE ENGINEERING CONFERENCE, APSEC",10.1109/APSEC66846.2025.00037,https://www.webofscience.com/wos/woscc/full-record/WOS:001733912600026,off-topic-false-hit,"Despite advances in automated repair technologies, software vulnerabilities continue to pose significant threats to system security. Existing deep learning-based methods (e.g., VRepair, VulRepair) focus primarily on generating patch code, but suffer from low success rates (<20%) and poor interpretability due to syntactic/semantic discrepancies and lack of contextual awareness. To address these issues, we propose FixConsult 1, a novel framework that generates natural language repair suggestions by integrating external defect knowledge. FixConsult leverages a neural network architecture trained on a CodeT5-based fine-tuned LLM, introducing three key innovations: (1) Patch Knowledge Integration: Embeds structural patterns from historical fixes to enhance contextual repair reasoning. (2) Defect Type Classification: Uses the Qwen-Max LLM to classify vulnerabilities, providing targeted repair solutions for different defect types. (3) Self-learning Composite Loss: Implements an adaptive attention strategy to dynamically balance keyword relevance and semantic consistency. In experiments conducted on 18K real-world C/C++ vulnerability-suggestion pairs, FixConsult significantly surpasses the state-of-the-art baseline across various automatic evaluation metrics, including BLEU (+1.8), ROUGE-L (+4.7), BERTScore (+5.1) and RAS (+2.2), as well as human evaluation scores (+0.29) that combine repair actions and repair objectives. Case studies further confirm its superiority in generating accurate, actionable repair rationales. This work pioneers the integration of patch structure and defect type, offering a developer-centric, trustworthy path for explainable vulnerability repair automation.",wos,llm,0.950,unreviewed,
discarded,"How Do Developers Use ChatGPT for Software Test Generation? Usage Patterns, Satisfaction, and Code Adoption Analysis","He, Sicheng; Zhan, Wanwei; Wang, Jijun; Dai, Junjie; Chen, Haoxuan; Tan, Cheng; Li, Fuyang",2025,"2025 32ND ASIA-PACIFIC SOFTWARE ENGINEERING CONFERENCE, APSEC",10.1109/APSEC66846.2025.00067,https://www.webofscience.com/wos/woscc/full-record/WOS:001733912600056,adjacent-subtopic,"Large Language Models (LLMs) such as ChatGPT are increasingly used by developers to generate test code, yet little is known about their real-world usage patterns, developer satisfaction, and the extent to which generated code is integrated into software projects. This paper presents an empirical study of 407 user-ChatGPT conversations related to test generation from GitHub, including 152 that contain both test and corresponding source code. We systematically categorize the primary use cases of ChatGPT in test generation, employ sentiment analysis to assess developer satisfaction across different testing scenarios, and analyze the adoption between ChatGPT-generated test code and existing project code using PMD's Copy-Paste Detector (CPD) tool. Our analysis identifies six ChatGPT usage scenarios in test generation: test case creation, framework demonstration, test enhancement, debugging, CI/CD integration, and mocking solution. Among these, test case creation and framework demonstration emerge as the most frequent. Sentiment analysis reveals that, except for framework demonstration, all other scenarios exhibit a higher proportion of negative feedback than positive. Moreover, adoption analysis indicates that only 25.7% of conversations show evidence of code reuse, suggesting developers are generally cautious when integrating LLM-generated test code. Based on these findings, we propose several practical implications for enhancing the effectiveness of LLM-assisted test generation.",wos,llm,0.700,unreviewed,
discarded,"Demystifying the Evolution of Neural Networks with BOM Analysis: Insights from a Large-Scale Study of 55,997 GitHub Repositories","Ren, Xiaoning; Ye, Yuhang; Wu, Xiongfei; Wu, Yueming; Xue, Yinxing",2025,"2025 40TH IEEE/ACM INTERNATIONAL CONFERENCE ON AUTOMATED SOFTWARE ENGINEERING, ASE",10.1109/ASE63991.2025.00170,https://www.webofscience.com/wos/woscc/full-record/WOS:001706323100162,off-topic-false-hit,"Neural networks have become integral to many fields due to their exceptional performance. The open-source community has witnessed a rapid influx of neural network (NN) repositories with fast-paced iterations, making it crucial for practitioners to analyze their evolution to guide development and stay ahead of trends. While extensive research has explored traditional software evolution using Software Bill of Materials (SBOMs), these are ill-suited for NN software, which relies on pre-defined modules and pre-trained models (PTMs) with distinct component structures and reuse patterns. Conceptual AI Bills of Materials (AIBOMs) also lack practical implementations for large-scale evolutionary analysis. To fill this gap, we introduce the Neural Network Bill of Material (NNBOM), a comprehensive dataset construct tailored for NN software. We create a large-scale NNBOM database from 55,997 curated PyTorch GitHub repositories, cataloging their TPLs, PTMs, and modules. Leveraging this database, we conduct a comprehensive empirical study of neural network software evolution across software scale, component reuse, and inter-domain dependency, providing maintainers and developers with a holistic view of its long-term trends. Building on these findings, we develop two prototype applications, Multi repository Evolution Analyzer and Single repository Component Assessor and Recommender, to demonstrate the practical value of our analysis.",wos,llm,0.940,unreviewed,
discarded,TCRcloud: a global visualization tool for T-cell and B-cell receptor transcripts,"de Sousa, Eric; Lerias, Joana R.; Gorgulho, Carolina M.; Chaves-Ferreira, Miguel; Balan, Vitaly; Pan, Wenjing; Byrne-Steele, Miranda; Wang, Zhe; Han, Jian; Gama-Carvalho, Margarida; Maeurer, Markus",2026,JOURNAL OF TRANSLATIONAL MEDICINE,10.1186/s12967-025-07619-4,https://www.webofscience.com/wos/woscc/full-record/WOS:001714860700003,off-topic-false-hit,"BackgroundDeep 'bulk' T-cell receptor (TCR) sequencing is a comprehensive approach to gauge the TCR repertoire in clinical specimens to address spatio-temporal differences in TCR compositions. Clonal T-cell expansion in the course of anti-cancer directed cellular immune responses can be antigen-driven, either by commonly shared or mutant tumor-associated antigens (TAAs), by viral targets, or reflect 'bystander activation' of T-cell clones. Different analytic tools and platforms are available to describe the molecular texture of the TCR composition. We report here on an open-access platform 'TCRcloud' that enables to address the unmet need to visualize TCR diversity in cellular immune response, e.g. to checkpoint blockade therapies, termed 'clonal replacement'. We took advantage of a publicly available dataset that linked TCR composition analysis with clinically relevant responses to immune checkpoint inhibitor (ICI) treatment and visualized the TCR changes using the TCRcloud platform described in this report. In order to test 'real world data', we visualized TCRs and B-cell receptors (BCRs) in blood and matching tumor tissue from 3 patients with pancreatic cancer.ResultsTCRcloud, is a computational tool to screen the 'TCR data warehouse' for biologically and clinically relevant patterns, i.e. the CDR3 length, number of unique CDR3 transcripts, TCR convergence, different indices gauging the TCR composition in biological samples, i.e. the D50 Index, Gini Coefficient, Shannon Index, Gini-Simpson Index, Chao1 index, as well as the changes in amino acid usage at each position of the TCR and BCR CDR3. TCRcloud is a free open-source software distributed under the MIT license and available from https://github.com/eriicdesousa/TCRcloud or via the Python Package Index (PyPI). TCRcloud is compatible with both TCR and BCR molecular datasets if these fulfill Adaptive Immune Receptor Repertoire (AIRR) community standards. The analysis of a public TCR database allowed us to select a subject to demonstrate detailed molecular changes in the CDR3 TCR datasets which have been associated with relevant clinical responses in patients with basal cell cancer or squamous cell carcinoma receiving checkpoint inhibitor treatment (Yost et al. 10.1038/s41591-019-0522-3). Analysis of real world immune receptor sequencing data obtained from tissue from patients with cancer allowed us to demonstrate the different dynamics in the TCR and BCR in blood and corresponding tumor from of 3 patients with pancreatic cancer.ConclusionTCRcloud enables to i) intuitively visualize molecular TCR compositions, ii) combine different TCR repertoire measurements within a single radar plot to capture biologically relevant TCR indices in a single image iii) visualize the usage of the V-genes and iv) visualize the frequency of amino acids in the CDR3. This easy to use tool enables to intuitively visualize changes in bulk TCR and BCR compositions in association with immunotherapies in a spatio-temporal fashion.",wos,llm,0.990,unreviewed,
discarded,Cloning and expression analysis of the small heat shock protein gene <i>GmsHsp12.2</i> in <i>Galleria mellonella</i> under thermal and UV-A stress,"Liu, Yangyang; Ran, Xuyu; Ma, Binkai; Wang, Rong; Chen, Manqi; Feng, Yu; Li, Zuzhen; Li, Guoyong",2026,JOURNAL OF BASIC AND APPLIED ZOOLOGY,10.1186/s41936-026-00568-4,https://www.webofscience.com/wos/woscc/full-record/WOS:001711386700001,off-topic-false-hit,"Background Galleria mellonella is a destructive pest of honeybee colonies, its strong tolerance to temperature extremes and ultraviolet radiation facilitates its wide distribution and infestation. Small heat shock proteins (sHsps) play critical roles in insect development and in adaptive responses to environmental stresses. In this study, the molecular characteristics and expression patterns of the small heat shock protein gene GmsHsp12.2 were investigated in G. mellonella. Methods Based on a previously generated transcriptome dataset, the full-length coding sequence (CDS) of GmsHsp12.2 was cloned using polymerase chain reaction (PCR) and subsequently analyzed using bioinformatics approaches. Phylogenetic relationships were inferred using MEGA-X software. Quantitative real-time PCR (RT-qPCR) was employed to examine the expression profiles of GmsHsp12.2 across different developmental stages, in various tissues, and under environmental stress conditions, including high temperature, low temperature, and ultraviolet-A (UV-A) exposure. Results The obtained CDS was 504 bp in length and encoded a protein of 167 amino acids containing the conserved alpha-crystallin domain characteristic of the sHsp family. The results revealed that GmsHsp12.2 expression was highest in fourth-instar larvae and Malpighian tubules. Moreover, the gene was significantly upregulated in response to high temperature (36 degrees C), low temperature (4 degrees C), and UV-A stress, with peak expression occurring at 90, 120, and 60 min, respectively. Conclusion These findings indicated that GmsHsp12.2 is a stress-responsive gene and may function as a molecular chaperone involved in thermal and ultraviolet stress adaptation during the development of G. mellonella. This study provides a molecular basis for understanding stress adaptation mechanisms in this economically important pest and supports the development of novel pest management strategies targeting stress-related genes.",wos,llm,0.990,unreviewed,
discarded,Multi-omics analysis reveals structural and transcriptional regulation specificity underlying differential benzylisoquinoline alkaloid accumulation in Coptis,"Tian, Xufang; Yang, Siyu; Wang, Siyu; Li, Wei; Li, Guofeng; Zhang, Shi; Wang, Jin; Liu, Di; Liu, Yifei",2026,HORTICULTURE RESEARCH,10.1093/hr/uhaf338,https://www.webofscience.com/wos/woscc/full-record/WOS:001710751700001,off-topic-false-hit,"Coptis species are rich in protoberberine-type benzylisoquinoline alkaloids (BIAs). However, the differential BIA accumulation between Coptis chinensis and C. teeta, two primary botanical sources of traditional Chinese medicine 'Huanglian', remains mechanistically poorly understood. Here, we combined widely targeted metabolomics, matrix-assisted laser desorption/ionization mass spectrometry imaging, histological characterization, and transcriptomic analyses to investigate the mechanisms underlying the specialized BIA accumulation in C. chinensis versus C. teeta. Clearly, we observed significantly elevated BIA accumulation in C. chinensis rhizomes compared to C. teeta, in particular, the preferential BIA localization within the cortical tissues of C. chinensis rhizomes, consistent with the anatomically expanded cortical and xylem regions. This structural specialization facilitates BIA compartmental distribution patterns. Integrated transcriptomic-metabolomic analysis further constructed a BIA biosynthetic regulatory network, identifying key transcription factors that synergistically promote BIA accumulation in C. chinensis rhizomes, establishing their roles as speciation-associated regulators of medicinal quality divergence between C. chinensis and C. teeta. Overall, this study provides the first integrated anatomical and transcriptional framework explaining interspecies differences in BIA accumulation, enabling the development of quality improvement strategies for medicinal plants.",wos,llm,0.990,unreviewed,
discarded,Revealing the Diversity and Varietal Relationships of Regional Cacao and Close Relatives in the Northwestern Colombian Amazon: Insights for Conservation and Agroforestry Resilience,"Sterling, Armando; Polo-Munar, Felix H.; Velasco-Anacona, Ginna P.; Caicedo-Rodriguez, Diego F.; Valderrama-Cuspian, Sebastian; do Rosario Costa, Sidney; Suarez-Salazar, Juan C.; Rodriguez-Leon, Carlos H.",2025,DIVERSITY-BASEL,10.3390/d18010020,https://www.webofscience.com/wos/woscc/full-record/WOS:001671370300001,off-topic-false-hit,"Understanding the genetic diversity and structure of regional cacao and its close relatives is essential for strengthening conservation strategies and enhancing the resilience of Amazonian agroforestry systems. This study evaluated the genetic diversity, population structure, and varietal relationships of 48 sexually derived regional accessions of Theobroma cacao, T. grandiflorum, and T. bicolor with desirable morpho-agronomic traits, together with eight universal T. cacao reference clones, all cultivated in farmer-managed agroforests of the northwestern Colombian Amazon, using a panel of 15 SSR markers. The loci exhibited substantial allelic richness (mean Na = 8.53) and consistently high expected heterozygosity (Hexp = 0.74), with numerous private alleles indicating species- and lineage-specific divergence. Bayesian clustering, Delta K inference, and minimum spanning networks identified four genetically coherent subpopulations corresponding to the three species and a distinct lineage within T. cacao, strongly aligned with the discriminant analysis of principal components (DAPC) results. Analysis of Molecular Variance (AMOVA) revealed that most genetic variation occurred among subpopulations (56.68%), while pairwise FST (Wright's fixation index) values confirmed strong interspecific differentiation and significant divergence within T. cacao. No isolation-by-distance pattern was detected. These findings demonstrate that regional Theobroma germplasm maintained in smallholder agroforests constitutes a valuable reservoir of genetic diversity that complements universal reference clones. By documenting species-level divergence and lineage-specific variation, this study supports the integration of farmer-managed genetic resources into conservation planning and highlights their importance for the long-term resilience of Amazonian cacao-based agroforestry landscapes.",wos,llm,0.990,unreviewed,
