status,title,authors,year,venue,doi,url,tags,abstract,provider,decision_source,llm_confidence,llm_review_outcome,llm_change_direction
discarded,SC-framework: A robust and FAIR semi-interactive environment for single-cell resolution datasets,"Schultheis, Hendrik; Detleffsen, Jan; Wiegandt, Rene; Bentsen, Mette; Alayoubi, Yousef; Valente, Guilherme; Kessler, Micha Frederick; Bruns, Brenton; Mirza, Dlnija; Usanayo, Angeline; Mueller, Kristina; Walter, Jasmin; Goymann, Philipp; Hobein, Moritz; Kuenne, Carsten; Looso, Mario",2026,ISCIENCE,10.1016/j.isci.2026.116631,https://www.webofscience.com/wos/woscc/full-record/WOS:001827443000001,adjacent-subtopic,"Single-cell (SC) sequencing technologies have advanced our ability to resolve cellular heterogeneity, yet the analysis of the resulting data remains complex, insufficiently standardized, and difficult to reproduce. Here, we present the SC-Framework, an FAIR-compliant, layered, semi-interactive analysis environment that combines a Python package with a structured series of Jupyter Notebooks to provide a complete, guided, reproducible, and flexible SC analysis workflow, across multiple modalities. The framework ensures traceability and findability via self-documenting data objects and configuration-defined directory structures. Containerized releases support long-term reproducibility, on both local machines and high-performance clusters. Exemplary single-cell RNA sequencing (scRNA-seq) and single-nucleus assay for transposase-accessible chromatin with sequencing (snATAC-seq) analysis retrace published results within a standardized workflow, and benchmarking demonstrates scalability to nearly 1,000,000 cells. The SC-Framework addresses a gap between rigid automated pipelines and flexible but unstructured toolkit-based approaches, by balancing automation with interactivity, making robust SC analysis accessible to a broad range of users.",wos,llm,0.760,unreviewed,
discarded,Cloud-based structural biology and drug discovery training module on google cloud platform,"Dutta, Ojasvi; Ray, Sonalika; Rajasekaran, Magesh; Shrestha, Prajesh; O'Connell, Kyle; Cole, Logan; Pinney, Jonathan; Kousoulas, Konstantin G.; Jois, Seetharama D.",2026,FRONTIERS IN EDUCATION,10.3389/feduc.2026.1837315,https://www.webofscience.com/wos/woscc/full-record/WOS:001826361400001,adjacent-subtopic,"Training in structural biology and structure-based drug discovery commonly requires specialized software, local high-performance computing resources, and a complex technical setup - conditions that exclude many learners. We present a cloud-based Structural Biology and Drug Discovery curriculum implemented on the National Institute of General Medical Sciences (NIGMS) Sandbox platform, giving users browser-native access to research-grade computational workflows without local installation. The course is organized into four modular subunits covering protein structure analysis, protein-ligand docking, protein-protein interactions, and structure-guided drug design, delivered through interactive Jupyter notebooks running on Google Cloud's Vertex AI Workbench and integrate widely used tools including AlphaFold, PyMOL, AutoDock, and ClusPro. Pilot testing with graduate and postgraduate learners preceded two live workshops with 139 total registrants. Both workshops demonstrated reliable deployment of the cloud-based environment, and participant surveys indicated high satisfaction across clarity of instruction, relevance of activities, and technical robustness (mean scores approximately 4.1-4.4 on a 5-point scale). Together, these results show that cloud-native, reproducible computational environments can substantially reduce the technical barriers that limit access to structural biology training, making such curricula scalable across institutions and equipping learners with the computational skills now expected in modern drug discovery research.",wos,llm,0.700,unreviewed,
kept,A Model-Driven Approach To Support The Understanding Of Machine Learning Pipelines,"Lacroix, Nicolas; Blay-Fornarino, Mireille; Collet, Philippe; Precioso, Frederic; Mosser, Sebastien",2026,JOURNAL OF OBJECT TECHNOLOGY,10.5381/jot.2026.25.3.a10,https://www.webofscience.com/wos/woscc/full-record/WOS:001813914800010,criticism; qualifies-claim,"Artificial Intelligence in general and Machine Learning in particular is a very dynamic field, with evolving technologies and practices. Key decisions, from dataset preparation methods to model architecture and evaluation metrics, are made in an exploratory way, diverging from standard software engineering practices and guided by the data scientist's empirical knowledge and experience. In this context, (i) some practices work, while others do not; (ii) some unexpected approaches perform better than the regular ones; (iii) some anti-patterns are accidentally used, leading to model contamination and biases. Developers and data scientists have to work on code artifacts (e.g., Jupyter notebooks) to identify key differences across multiple variations of the same machine learning pipelines, which is confusing and error-prone because it is only syntactic. In this paper, we defend a model-driven approach that reifies semantic information about machine learning pipelines to improve their understanding. Based on this metamodel, which captures essential steps in a given pipeline and links them to code artifacts, we define a pattern-matching language that supports data scientists in exploring corpora of machine learning artifacts. We validate the approach by identifying real-world use cases in collaboration with data scientists and applying them to the qualitative analysis of 105 Kaggle notebooks (a popular competition platform where participants submit pipelines to solve similar tasks). This work opens the door to transferring program understanding techniques to machine learning while accounting for its intrinsic exploratory nature. By relying on explicit models and a dedicated pattern language, we provide a foundation that supports systematic analysis of ML pipelines-such as pipeline comparison, practices identification, and anti-pattern detection-while remaining robust to the evolution of libraries, frameworks, and implementation technologies.",wos,llm,0.830,unreviewed,
discarded,Open Data at ATLAS: Bringing TeV collisions to the World,"Guerrieri, Giovanni",2025,"27TH INTERNATIONAL CONFERENCE ON COMPUTING IN HIGH ENERGY AND NUCLEAR PHYSICS, CHEP 2024",10.1051/epjconf/202533701293,https://www.webofscience.com/wos/woscc/full-record/WOS:001759024000294,adjacent-subtopic,"ATLAS Open Data for Education delivers proton-proton collision data from the ATLAS experiment at CERN to the public along with open-access resources for education and outreach. To date ATLAS has released a substantial amount of data from 8 TeV and 13 TeV collisions in an easily-accessible format and supported by dedicated documentation, software, and tutorials to ensure that everyone can access and exploit the data for different educational objectives. Along with datasets, ATLAS also provides data visualisation tools and interactive web based applications for studying the data, along with Jupyter Notebooks and downloadable code enabling users to further analyse data for known and unknown physics cases. The Open Data educational platform which hosts the data and tools is used by tens of thousands of students worldwide, and we present the project development, lessons learnt, impacts, and future goals.",wos,llm,0.740,unreviewed,
discarded,ML-based classification in an open-source framework for the ALICE heavy-flavour analysis,"Camerlingo, M. T.",2025,"27TH INTERNATIONAL CONFERENCE ON COMPUTING IN HIGH ENERGY AND NUCLEAR PHYSICS, CHEP 2024",10.1051/epjconf/202533701049,https://www.webofscience.com/wos/woscc/full-record/WOS:001759024000050,adjacent-subtopic,"The ALICE Collaboration aims to precisely measure heavy-flavour (HF) hadron production in high-energy proton-proton and heavy-ion collisions to provide valuable tests of perturbative quantum chromodynamics models and insights into hadronisation mechanisms. Measurements of the production of the Xi(+)(c) and Delta(+)(c) baryons decaying into a proton (p) and charged pi and K mesons are remarkable examples of investigation in the HF sector. As in other ALICE analyses, a Boosted Decision Tree (BDT) classifiers has been adopted to discriminate the signal yields from the background processes. Especially for the Xi+c -> pK(-)pi(+) process, the Machine Learning (ML)-based approach is required and particularly challenging due to its large combinatorial background, small branching ratio, and short O(100 mu m) decay length. FAIR, a European project synergic to the ALICE experiment, aims to set up an open-source, user-friendly, and interactive pytorch-based environment external to the official ALICE framework to perform BDT-based multivariate analyses. The FAIR benchmark imports different ML libraries (XGBoost, Sklearn, and Ray) to prepare the data and configure the BDT models in Jupyter notebooks. Currently, the training is performed on a preliminary dataset with limited statistics using a partitioned shared GPU available through an Apache Mesos cluster at the ReCaS-Bari datacenter. In the future, when a larger dataset is available, we intend to leverage a GPU-powered Kubernetes cluster for processing large-scale applications, including ML tool training. This contribution will present a performance comparison of the investigated ML architectures trained with simulated signal events and background data provided by ALICE during LHC Run 3 proton-proton collisions at root s = 13.6 TeV.",wos,llm,0.730,unreviewed,
discarded,The First Release of ATLAS Open Data for Research,"Marshall, Zachary; Heinrich, Lukas Alexander; Lassnig, Mario; Albornoz, Mariana Isabel Vivas; Willocq, Stephane",2025,"27TH INTERNATIONAL CONFERENCE ON COMPUTING IN HIGH ENERGY AND NUCLEAR PHYSICS, CHEP 2024",10.1051/epjconf/202533701345,https://www.webofscience.com/wos/woscc/full-record/WOS:001759024000346,adjacent-subtopic,"The ATLAS Collaboration has released an extensive volume of Open Data for Research use for the first time. The full datasets of proton collisions from 2015 and 2016, alongside a wide array of matching simulated data, are all offered in the PHYSLITE format. This lightweight format is chosen for its efficiency and is the preferred standard for ATLAS internal analyses. Additionally, the inclusion of Heavy Ion collision data considerably widens the scope for research within the particle physics community. To ensure accessibility and usability, the release includes a comprehensive suite of software tools and detailed documentation, catering to a varied audience. Code examples, from basic Jupyter notebooks to more complex C++ analysis packages, aim to facilitate engagement with the data. This contribution details the available data, corresponding metadata, software, and documentation, and initial interactions with researchers outside the ATLAS collaboration, underscoring the project's potential to foster new research and collaborations.",wos,llm,0.910,unreviewed,
discarded,"Data discovery, analysis and reproducibility in Virtual Research Environments","Garcia, Enrique Garcia; Guerrieri, Giovanni; Mercado, Ruben Perez; Zengel, Michael Ryan; Skorobogatov, Georgy; Labrador, Hugo Gonzalez; Curull, Xavier Espinal",2025,"27TH INTERNATIONAL CONFERENCE ON COMPUTING IN HIGH ENERGY AND NUCLEAR PHYSICS, CHEP 2024",10.1051/epjconf/202533701018,https://www.webofscience.com/wos/woscc/full-record/WOS:001759024000019,adjacent-subtopic,"During the ESCAPE project, a pilot analysis facility was developed with a bottom-up approach, in collaboration with all the project partners. As a result, the CERN Virtual Research Environment (VRE) initiative proposes a workspace that facilitates data access from the ESCAPE Data Lake, managed by Rucio, a data management framework, and supports interactive analysis via Jupyter notebooks. The facility offers custom software stacks and access to CVMFS, and connects to local data processing resources through REANA, an open-source framework developed by CERN IT for reanalysis and reproducibility. The CERN VRE deploys an instance of REANA, allowing users to utilise its features together with the analysis facility's services.

Integrating heterogeneous services with a unified interface significantly eases the user experience. Furthermore, in line with the ESCAPE Open Collaboration, the development of open source tools that can be leveraged by different physics communities with similar analysis strategies, laying the foundation of common lifecycle analysis practices. Therefore, in order to foster accessibility, as well as interactivity, reproducibility and data preservation to more complex infrastructure services, the development of user-friendly middleware should be prioritized.

This contribution focuses on the connection of REANA and Zenodo to the CERN Virtual Research Environment's interface through Jupyter extensions. The development of these extensions makes it possible to use the Virtual Research Environment as a single workspace to enhance the lifecycle of research analysis: from data discovery and data access, through interactive analysis and offload to computing resources, to reproducibility and preservation of results.",wos,llm,0.930,unreviewed,
discarded,JUPITER: Enhancing LLM Data Analysis Capabilities via Notebook and Inference-Time Value-Guided Search,"Li, Shuocheng; Liu, Yihao; Du, Silin; Zeng, Wenxuan; Xu, Zhe; Zhou, Mengyu; He, Yeye; Dong, Haoyu; Han, Shi; Zhang, Dongmei",2026,"FORTIETH AAAI CONFERENCE ON ARTIFICIAL INTELLIGENCE, AAAI-26, VOL 40 NO 37",,https://www.webofscience.com/wos/woscc/full-record/WOS:001769433900097,adjacent-subtopic,"Large language models (LLMs) have shown great promise in automating data science workflows. However, existing models still struggle with multi-step reasoning and tool use, limiting their effectiveness on complex data analysis tasks. To address this limitation, we propose a scalable pipeline that extracts high-quality, tool-based data analysis tasks and their executable multi-step solutions from real-world Jupyter notebooks and associated data files. Using this pipeline, we introduce NbQA, a large-scale dataset of standardized task-solution pairs that reflect authentic tool-use patterns in practical data science scenarios. To further enhance the multistep reasoning capabilities, we present JUPITER, a framework that formulates data analysis as a search problem and applies Monte Carlo Tree Search (MCTS) to generate diverse solution trajectories for value model learning. During inference, JUPITER combines the value model and node visit counts to efficiently collect executable multi-step plans with minimal search steps. Experimental results show that Qwen2.5-7B and 14B-Instruct models on NbQA solve 77.82% and 86.38% of tasks on InfiAgent-DABench, respectively-matching or surpassing GPT-4o and advanced agent frameworks. Further evaluations demonstrate improved generalization and stronger tool-use reasoning across diverse multi-step reasoning tasks. Code- https://github.com/microsoft/Jupiter Datasets- https://github.com/microsoft/Jupiter Extended version- https://arxiv.org/abs/2509.09245",wos,llm,0.950,unreviewed,
discarded,Observing fine-grained changes in Jupyter notebooks during development time,"Titov, Sergey; Grotov, Konstantin; Sarasua, Cristina; Golubev, Yaroslav; Ramasamy, Dhivyabharathi; Bacchelli, Alberto; Bernstein, Abraham; Bryksin, Timofey",2026,JOURNAL OF SYSTEMS AND SOFTWARE,10.1016/j.jss.2026.112983,https://www.webofscience.com/wos/woscc/full-record/WOS:001802849100001,adjacent-subtopic,"In software engineering research, the analysis of fine-grained logs led to significant innovations in areas such as refactoring, security, and code completion. However, even though computational notebooks are a staple of data science and an important tool in machine learning, few similar studies have been conducted in this area. To help bridge this research gap, this paper makes three scientific contributions. (1) We introduce a toolset for collecting code changes in Jupyter notebooks during development time. (2) We use it to collect more than 100 hours of work related to a data analysis task and a machine learning task (carried out by 20 developers with different levels of expertise), resulting in a dataset containing 2655 cells and 9207 cell executions. (3) Finally, we use this dataset to investigate the dynamic nature of the notebook development process and the changes that take place in the notebooks. In our analysis of the collected data, we classified the changes made to the cells between executions and found that a significant number of these changes constituted code iteration modifications. We report a number of other insights and propose detailed future research directions on the novel data.",wos,llm,0.940,unreviewed,
discarded,A Taste of Formal Methods for Computer Science Students using Jupyter Notebooks,"Fitzsimmons, Zack; Hassan, Zohair Raza; Hemaspaandra, Edith; Rivero, Carlos R.",2026,"PROCEEDINGS OF THE 57TH ACM TECHNICAL SYMPOSIUM ON COMPUTER SCIENCE EDUCATION V.2, SIGCSE TS 2026",10.1145/3770761.3777178,https://www.webofscience.com/wos/woscc/full-record/WOS:001780599900059,adjacent-subtopic,"Formal methods in computer science aim to increase reliability and robustness of software or hardware designs. Unfortunately, formal methods are typically only accessible to specialized professionals. One of the reasons of this limited accessibility is the lack of exposure to formal methods in undergraduate education, even for computer science majors. We aim to rectify this by developing self-contained, turnkey Jupyter notebooks that will introduce students to SMT solvers, an important tool in formal methods, to solve problems related to their courses. This allows students to explore formal methods while not distracting from their coursework. In this work, we report on four Jupyter notebooks that we developed and deployed for this purpose.",wos,llm,0.950,unreviewed,
discarded,Exploring the Jupyter Ecosystem: An Empirical Study of Bugs and Vulnerabilities,"Jiang, Wenyuan; Pressato, Diany; Darji, Harsh; Lutellier, Thibaud",2025,"2025 ACM/IEEE INTERNATIONAL SYMPOSIUM ON EMPIRICAL SOFTWARE ENGINEERING AND MEASUREMENT, ESEM",10.1109/ESEM64174.2025.00052,https://www.webofscience.com/wos/woscc/full-record/WOS:001776176200009,adjacent-subtopic,"Background. Jupyter notebooks are one of the main tools used by data scientists. Notebooks include features (configuration scripts, markdown, images, etc.) that make them challenging to analyze compared to traditional software. As a result, existing software engineering models, tools, and studies do not capture the uniqueness of Notebook's behavior.

Aims. This paper aims to provide a large-scale empirical study of bugs and vulnerabilities in the Notebook ecosystem.

Method. We collected and analyzed a large dataset of Notebooks from two major platforms. Our methodology involved quantitative analyses of notebook characteristics (such as complexity metrics, contributor activity, and documentation) to identify factors correlated with bugs. Additionally, we conducted a qualitative study using grounded theory to categorize notebook bugs, resulting in a comprehensive bug taxonomy. Finally, we analyzed security-related commits and vulnerability reports to assess risks associated with Notebook deployment frameworks.

Results. Our findings highlight that configuration issues are among the most common bugs in notebook documents, followed by incorrect API usage. Finally, we explore common vulnerabilities associated with popular deployment frameworks to better understand risks associated with Notebook development.

Conclusions. This work highlights that notebooks are less well-supported than traditional software, resulting in more complex code, misconfiguration, and poor maintenance.",wos,llm,0.930,unreviewed,
kept,Deploying a JupyterHub Server for Academic Research Using Netbooks as an Example,"Ben Guebila, Marouen; Saha, Enakshi; Shapoval, Mia; Chen, Chen; Micheletti, Soel; Eicher, Tara D.; Fanfani, Viola; Fischer, Jonas; Shutta, Katherine H.; Mandros, Panagiotis; Kuijjer, Marieke L.; Lopes-Ramos, Camila M.; Quackenbush, John",2026,CURRENT PROTOCOLS,10.1002/cpz1.70396,https://www.webofscience.com/wos/woscc/full-record/WOS:001790635600001,adjacent-subtopic; established,"Jupyter Notebooks have transformed the way we conduct computational research thanks to a versatile platform that combines code, annotations, plots, and a lightweight format that enables versioning. However, steps for installing dependencies and downloading data for a specific notebook may require significant time and failure to establish identical environments can compromise reproducibility of environments. Deploying a JupyterHub server not only provides a containerized environment for each notebook to ensure fast execution and exact reproducibility but also provides a computational engine that makes these applications available from any device. By providing all the steps for deploying a JupyterHub server, and providing our experience deploying and maintaining Netbooks, a server for academic investigations in network biology, we want to encourage other groups to deploy JupyterHub servers for their own computational work and to recognize their value in improving reproducibility, accelerating manuscript review, and supporting education.",wos,llm,0.630,unreviewed,
