status,title,authors,year,venue,doi,url,tags,abstract,provider,decision_source,llm_confidence,llm_review_outcome,llm_change_direction
discarded,Capital Market Literation Program in Class,Tine Badriatin; Lucky Radi Rinandiyana; Fuzi Waliyul Mujtahidin; Elis Listiana Mulyani,2019,JCES | FKIP UMMat,10.31764/jces.v2i1.1546,https://openalex.org/W2995108117,off-topic-false-hit,"Abstrak : Untuk mengenalkan investasi khususnya pasar modal pada kalangan investor muda dapat dilakukan dengan berbagai cara, dalam hal ini penulis melakukan pengabdian pada masyarakat untuk mengenalkan investasi di pasar modal melalui literasi dalam kelas yang dilaksanakan pada mahasiswa Fakultas Ekonomi Universitas Siliwangi sebanyak 120 orang. Harapannya diadakan literasi pasar modal dalam kelas ini adalah para mahasiswa yang merupakan generasi muda dapat memahami tentang investasi di pasar modal serta mengubah paradigma tentang investasi hanyalah sekedar menabung namun juga ada investasi lain selain menabung serta mengubah anggapan menabung menjadi investasi dan mulai bergerak dari saving society menjadi investing society . Metode yang digunakan dalam kegiatan ini adalah kuliah umum dalam kelas dan simulasi online trading Relitrade yang diisi oleh praktisi pasar modal dari PT. Reliance Sekuritas Indonesia, Tbk Kantor Perwakilan Tasikmalaya. Output yang dihasilkan dari kegiatan ini adalah sudah adanya ketertarikan dari mahasiswa untuk memulai menjadi investor pemula yang mana hal ini ditandai dengan adanya mahasiswa yang mulai mencoba bertanya bahkan mendaftar untuk membuka rekening saham. Abstract : To introduce investment, especially the capital market, to young investors can be done in various ways, in this case the authors devote to the community to introduce investment in the capital market through literacy in classes conducted at the Faculty of Economics, Siliwangi University students as many as 120 people. It is hoped that capital market literacy will be held in this class. Students who are young people can understand about investing in the capital market and change the paradigm of investment to save money, but there are also other investments besides saving and change the notion of saving into investment and start moving from saving society to investing society. The method used in this activity is a public lecture in class and an online trading simulation Relitrade filled by capital market practitioners from PT. Reliance Sekuritas Indonesia, Tbk Tasikmalaya Representative Office. The output generated from this activity is that there is already an interest from students to start becoming a novice investor which is marked by the students who start trying to ask questions and even register to open a stock account.",openalex,llm,1.000,unreviewed,
kept,Literate programming as an aid to marking student assignments,Ada Hurst,1996,,10.1145/369585.369650,https://openalex.org/W2006446048,adjacent-subtopic,No abstract available.,openalex,llm,0.800,unreviewed,
kept,"A comparison of hypertext, scrolling and folding as mechanisms for program browsing",Andrew Monk; Paul Walsh; Alan Dix,1988,,,https://openalex.org/W202149136,adjacent-subtopic,"Hypertext removes some of the constraints of conventional linear text by providing mechanisms for physicaily realizing the conceptual links between related sections of material. This research examines the use of a hypertext browser with a literate program. A literate program has a sequential structure, in that it is divided into sections presented in a particular order, and a hierarchical structure, in that some sections 'use' other sections.",openalex,llm,0.890,unreviewed,
kept,Algorithms and Literate Programs for Weighted Low-Rank Approximation with Missing Data,Ivan Markovsky,2010,Springer proceedings in mathematics,10.1007/978-3-642-16876-5_12,https://openalex.org/W1733588447,adjacent-subtopic,,openalex,llm,0.800,unreviewed,
kept,An Introduction to Literate Programming.,Charles Lins,1989,,,https://openalex.org/W112664104,supports-claim,,openalex,llm,0.940,unreviewed,
discarded,Structured Low-Rank Approximation with Missing Data,Ivan Markovsky; Konstantin Usevich,2013,SIAM Journal on Matrix Analysis and Applications,10.1137/120883050,https://openalex.org/W2027924293,adjacent-subtopic,"We consider low-rank approximation of affinely structured matrices with missing elements. The method proposed is based on reformulation of the problem as inner and outer optimization. The inner minimization is a singular linear least-norm problem and admits an analytic solution. The outer problem is a nonlinear least-squares problem and is solved by local optimization methods: minimization subject to quadratic equality constraints and unconstrained minimization with regularized cost function. The method is generalized to weighted low-rank approximation with missing values and is illustrated on approximate low-rank matrix completion, system identification, and data-driven simulation problems. An extended version of this paper is a literate program, implementing the method and reproducing the presented results.",openalex,llm,0.780,unreviewed,
kept,Literate programming in quantum chemistry: A simple example,Harry M. Quiney; Stephen Wilson,2005,International Journal of Quantum Chemistry,10.1002/qua.20641,https://openalex.org/W1983032075,qualifies-claim,"Abstract Literate programming methods have not been widely used in computational molecular structure theory. We argue that significant advantages would result from the use of literate programming methods in the computational molecular sciences and, indeed, in computational science, in general. Our arguments are illustrated by a simple example of literate programming methods in ab initio electronic structure theory is described. We distinguish text‐embedded code, or literate programs, from code‐embedded text and suggest that the latter may form a more useful vehicle for publication than literate programs. © 2005 Wiley Periodicals, Inc. Int J Quantum Chem, 2005",openalex,llm,0.970,unreviewed,
kept,AOPS: an abstraction-oriented programming system for literate programming,Stephen Shum; Curtis R. Cook,1993,Software Engineering Journal,10.1049/sej.1993.0016,https://openalex.org/W2067647715,qualifies-claim,"The practice of literate programming is not widespread because existing literate programming systems have some undesirable characteristics such as programming language and text processor dependence and a lack of flexible tools for viewing and manipulating the source file. This paper describes the literate programming system AOPS (abstraction-oriented programming system) which addresses both of these problems. AOPS is a programming language and text processor-independent literate programming system. AOPS tools include a hypertext browser, a lister with the ability to select what is presented and what is suppressed, and a filter to extract the program code from the AOPS source file. AOPS introduces the notion of a phantom abstraction which enhances the intelligibility of the literate program and, when used in conjunction with the browser, greatly extends the capabilities of AOPS. We discuss how the design of AOPS supports extension of the concept of literate programming. We also report the results of a preliminary experiment which showed that literate programs contain more documentation than traditional programs.",openalex,llm,0.980,unreviewed,
kept,R for Data Science,Garrett Grolemund; Hadley Wickham,2014,,,https://openalex.org/W2996781520,adjacent-subtopic,"This book will teach you how to do data science with R: You’ll learn how to get your data into R, get it into the most useful structure, transform it, visualise it and model it. In this book, you will find a practicum of skills for data science. Just as a chemist learns how to clean test tubes and stock a lab, you’ll learn how to clean data and draw plots—and many other things besides. These are the skills that allow data science to happen, and here you will find the best practices for doing each of these things with R. You’ll learn how to use the grammar of graphics, literate programming, and reproducible research to save time. You’ll also learn how to manage cognitive resources to facilitate discoveries when wrangling, visualising, and exploring data.",openalex,llm,0.800,unreviewed,
kept,The five pillars of computational reproducibility: Bioinformatics and beyond,Mark Ziemann; Pierre Poulain; Anusuiya Bora,2023,,10.31219/osf.io/4pd9n,https://openalex.org/W4381163525,supports-claim,"Computational reproducibility is a simple premise in theory, but is difficult to achieve in practice. Building upon past efforts and proposals to maximize reproducibility and rigor in bioinformatics, we present a framework called the five pillars of reproducible computational research. These include (1) literate programming, (2) code version control and sharing, (3) compute environment control, (4) persistent data sharing and (5) documentation. These practices will ensure that computational research work can be reproduced quickly and easily, long into the future. This guide is designed for bioinformatics data analysts and bioinformaticians in training, but should be relevant to other domains of study.",openalex,llm,0.940,unreviewed,
kept,Interval Tools for ODEs and DAEs,Nedialko S. Nedialkov,2006,,,https://openalex.org/W3149233563,duplicate-record-of-cited-source,"We overview the current state of interval methods and software for computing bounds on solutions in initial value problems (IVPs) for ordinary differential equations (ODEs). We introduce the VNODE-LP solver for IVP ODEs, a suc- cessor of the author's VNODE package. VNODE-LP is implemented entirely using literate programming. A ma- jor goal of the VNODE-LP work is to produce an interval solver such that its correctness can be verified by a human expert, similar to how mathematical results are certified for correctness. We also discuss the state in computing bounds on solu- tions in differential algebraic equations.",openalex,llm,0.980,unreviewed,
kept,"Combining Operational Semantics, Logic Programming and Literate Programming in the Specification and Animation of the Verilog Hardware Description Language",Jonathan P. Bowen,2000,Lecture notes in computer science,10.1007/3-540-40911-4_16,https://openalex.org/W1573095814,adjacent-subtopic,,openalex,llm,0.810,unreviewed,
kept,Data Structures and Algorithms in C++,Lee Wittenberg,2017,,10.1515/9781683922773,https://openalex.org/W4385677542,adjacent-subtopic,"This book takes a minimalist approach to the traditional data structures course. It covers only those topics that are absolutely essential; the more esoteric structures and algorithms are left for later study. Suitable for an introductory data structures course or self-study, this book is written from the ground up in C++ (not translated from a Java-based text), and uses features of the C++ Standard Template Library to illustrate important concepts. A unique feature of the text is its use of literate programming techniques (originally developed by Donald Knuth) to present the sample code in a way that keeps the code from overwhelming the accompanying explanations. This book is suitable for an undergraduate data structures course using C++ or for developers needing review. Features • Takes a “minimalist” approach to the material that presents only essential concepts. This enables readers to focus on (and remember) just what they’ll need. • Uses select features of the C++11 standard to simplify the sample code and make it easier to understand. • Connects the concepts directly to the classes provided the Standard Template Library (STL), and shows how these classes can be implemented in C++. • Uses “literate programming” techniques that allow the presentation of the sample code to more clearly show the details of the code as well as how the pieces fit together.",openalex,llm,0.760,unreviewed,
kept,The CLiP Style of Literate Programming,E.W. van Ammers; Mark R. Kramer,2000,,,https://openalex.org/W119461750,qualifies-claim,"Literate programming is a method to integrate programs with their documentation. Compilable modules are no separate entities, but they are extracted from the documentation. Most literate programming tools use explicit commands in the formatter input files to guide the extraction process. The CLiP approach presented in this paper relies on coding style instead. This makes the code extraction completely independent of the text processing environment. Thus CLiP can even be used in combination with a modern wordprocessor. In addition the CLiP mechanism is independent of programming languages as well, and the CLiP style is easily adapted to any language. Keywords: Literate programming, Language independent literate programming, Text processing independent literate programming, Multi-file/multi-module literate",openalex,llm,0.970,unreviewed,
kept,Literate Programming and the LIPED Environment.,Judy M. Bishop; Kevin M. Gregson,1992,,,https://openalex.org/W126446125,supports-claim,,openalex,llm,0.940,unreviewed,
kept,An environment for literate Smalltalk programming,Trygve Reenskaug; A. L. Skaar,1989,ACM SIGPLAN Notices,10.1145/74878.74912,https://openalex.org/W4247376722,supports-claim,"The programming environment described in this paper is an adaptation of Donald Knuth's concept of literate programming, applied to Smalltalk programs. The environment provides a multi-media document production system including media for Smalltalk class and method definitions. There are two outputs from the system. The first output is a document which contains general descriptions and discussions intermixed with precise definitions of program fragments, test inputs and test results. The second output consists of compiled Smalltalk programs installed and ready for execution. The main idea was to produce program documentation that was just as interesting and fascinating to read as ordinary literature. Our experience showed an added benefit, namely that the literate programming environment was an active aid in the problem solving process. The simultaneous programming and documentation lead to significantly improved quality of both programs and documentation.",openalex,llm,0.980,unreviewed,
kept,Selected Papers on Computer Science,Donald E. Knuth,1996,,,https://openalex.org/W2097983898,origin,"From the Publisher:
The author's influence in computer science ranges from the invention of literate programming to the development of the TeX programming language. This collection includes articles on the history of computing, algorithms, numerical techniques, computational models, typesetting, and more.",openalex,llm,0.840,unreviewed,
kept,Programming pearls,Jon Bentley; Don Knuth,1986,Communications of the ACM,10.1145/5689.315644,https://openalex.org/W1870798554,origin,"article Free Access Share on Programming pearls: literate programming Authors: Jon Bentley AT&T Bell Laboratories, Room 2C-317, 600 Mountain Ave., Murray Hill, NJ AT&T Bell Laboratories, Room 2C-317, 600 Mountain Ave., Murray Hill, NJView Profile , Don Knuth View Profile Authors Info & Claims Communications of the ACMVolume 29Issue 5May 1986 pp 384–369https://doi.org/10.1145/5689.315644Published:01 May 1986Publication History 38citation2,798DownloadsMetricsTotal Citations38Total Downloads2,798Last 12 Months107Last 6 weeks14 Get Citation AlertsNew Citation Alert added!This alert has been successfully added and will be sent to:You will be notified whenever a record that you have chosen has been cited.To manage your alert preferences, click on the button below.Manage my Alerts New Citation Alert!Please log in to your account Save to BinderSave to BinderCreate a New BinderNameCancelCreateExport CitationPublisher SiteeReaderPDF",openalex,llm,0.930,unreviewed,
kept,Programming pearls,Jon Bentley; Don Knuth; Doug McIlroy,1986,Communications of the ACM,10.1145/5948.315654,https://openalex.org/W1499824048,supports-claim,"article Free Access Share on Programming pearls: a literate program Authors: Jon Bentley AT&T Bell Laboratories, Room 2C-317, 600 Mountain Ave., Murray Hill, NJ AT&T Bell Laboratories, Room 2C-317, 600 Mountain Ave., Murray Hill, NJView Profile , Don Knuth View Profile , Doug McIlroy View Profile Authors Info & Claims Communications of the ACMVolume 29Issue 6June 1986 pp 471–483https://doi.org/10.1145/5948.315654Published:01 June 1986Publication History 30citation3,295DownloadsMetricsTotal Citations30Total Downloads3,295Last 12 Months300Last 6 weeks178 Get Citation AlertsNew Citation Alert added!This alert has been successfully added and will be sent to:You will be notified whenever a record that you have chosen has been cited.To manage your alert preferences, click on the button below.Manage my Alerts New Citation Alert!Please log in to your account Save to BinderSave to BinderCreate a New BinderNameCancelCreateExport CitationPublisher SiteeReaderPDF",openalex,llm,0.970,unreviewed,
kept,Knuth With Knobs On — Literate Program Development,John Pardoe; Stephen J. Wade,1988,,10.1007/978-1-4613-1033-4_26,https://openalex.org/W368476793,supports-claim,,openalex,llm,0.830,unreviewed,
kept,Literate programming in quantum chemistry: a collaborative approach to the development of theory and computer code,Harry M. Quiney; Stephen Wilson,2005,Molecular Physics,10.1080/000268970512331317237,https://openalex.org/W2077532308,qualifies-claim,"Literate programming has not so far found widespread application in quantum chemistry. Here we suggest that literate programming would do much to enhance the communication of the methods and algorithms of computational quantum chemistry. We argue that literate programming can foster a collaborative approach to the development of theory and code in quantum chemistry. We consider a collaborative approach to computational quantum chemistry via a collaborative virtual environment involving literate programming methods and contrast this with the more traditional approaches, such as the UK's Collaborative Computational Project 1. A sample literate program for the evaluation of the incomplete gamma function is presented using C and the literate programming conventions introduced by Knuth. This demonstrates the application of literate programming methodology to the heart of the molecular integral problem when Gaussian basis sets are employed. We briefly indicate how literate programming techniques may prove useful more generally in other computational sciences.",openalex,llm,0.980,unreviewed,
discarded,DEMO — A Demo of Epistemic Modelling,D.J.N. vanEijck; Johan van Benthem; Michael Gabbay; Benedikt Löwe,2007,,,https://openalex.org/W2983820811,adjacent-subtopic,"This paper introduces and documents DEMO, a Dynamic Epistemic Modelling tool. DEMO allows modelling epistemic updates, graphical display of update results, graphical display of action models, formula evaluation in epistemic models, translation of dynamic epistemic formulas to PDL formulas. Also, DEMO implements the reduction of dynamic epistemic logic to PDL. The paper is an exemplar of tool building for epistemic update logic. It contains the essential code of an implementation of DEMO in Haskell, in Knuth’s ‘literate programming’ style.",openalex,llm,0.800,unreviewed,
kept,Modular libraries and literate programming in software for ab initio atomic and molecular electronic structure calculations,Carlos F. Bunge; G. Andrés Cisneros,1988,Computers & Chemistry,10.1016/0097-8485(88)85009-5,https://openalex.org/W2044689218,supports-claim,,openalex,llm,0.900,unreviewed,
kept,Analysis of Literate Programs from the Viewpoint of Reuse,Bart Childs; Johannes Sametinger,1997,,,https://openalex.org/W1220206839,supports-claim,". Donald Knuth created the WEB system for literate programming when he wrote the second version of T E X, a book-quality formatting system. Levy later created CWEB, which is based on Knuth's WEB using the C programming language and supporting development using the C and C++ programming languages. Krommes' FWEB is based on CWEB and supports several programming languages. We analyze some parts of these systems from the viewpoint of reuse. We make reuse comparisons of four elements of the T E X system: T E X, METAFONT, DVItype and METAPOST. We also compare the primary filters (tangle and weave) of CWEB and FWEB. We analyze the code and integral documentation, considering similarities of chapters, lines and words. With this study we demonstrate that both code and documentation can and should be reused systematically and that there is a need for methods and tools for doing so. Literate programming and software reuse are by no means in contradiction. However, current literate programming sys...",openalex,llm,0.960,unreviewed,
kept,Literate Program Execution for Teaching Computational Science,Sébastien Li‐Thiao‐Té,2012,Procedia Computer Science,10.1016/j.procs.2012.04.190,https://openalex.org/W1993817217,supports-claim,"Class material for computer science courses often contains algorithms and code snippets, as well as the results of their execution. Usually, these are written and tested outside the source document then included via copy-and-paste. Making sure that the code compiles and that the results really correspond to the included code is the teacher's responsibility. Using techniques and ideas from literate programming, we propose to include source code and executable instruc-tions inside the source document. To support this, we have implemented Lepton which is a tool for extracting source code, compiling, executing, and including the results of the documented programs. Consequently, copy-and-paste is eliminated and code output is guaranteed to be up-to-date with source code. This manuscript was written with Lepton.",openalex,llm,0.950,unreviewed,
