status,title,authors,year,venue,doi,url,tags,abstract,provider,decision_source,llm_confidence,llm_review_outcome,llm_change_direction
discarded,"Composing Flexibly-Organized Step-by-Step Tutorials from Linked Source Code, Snippets, and Outputs","Head, Andrew; Jiang, Jason; Smith, James; Hearst, Marti A.; Hartmann, Bjorn",2020,PROCEEDINGS OF THE 2020 CHI CONFERENCE ON HUMAN FACTORS IN COMPUTING SYSTEMS (CHI'20),10.1145/3313831.3376798,https://www.webofscience.com/wos/woscc/full-record/WOS:000696110400087,adjacent-subtopic,"Programming tutorials are a pervasive, versatile medium for teaching programming. In this paper, we report on the content and structure of programming tutorials, the pain points authors experience in writing them, and a design for a tool to help improve this process. An interview study with 12 experienced tutorial authors found that they construct documents by interleaving code snippets with text and illustrative outputs. It also revealed that authors must often keep the related artifacts of source programs, snippets, and outputs consistent as a program evolves. A content analysis of 200 frequently-referenced tutorials on the web also found that most tutorials contain related artifacts-duplicate code and outputs generated from snippets-that an author would need to keep consistent with each other. To address these needs, we designed a tool called Torii with novel authoring capabilities. An in-lab study showed that tutorial authors can successfully use the tool for the unique affordances identified, and provides guidance for designing future tools for tutorial authoring.",wos,llm,0.780,unreviewed,
kept,Using Cloud Tools for Literate Programming to Redesign an AI Course for Non-Traditional College Students,"Hwang, Maria; Williamson, Calvin",2020,"THIRTY-FOURTH AAAI CONFERENCE ON ARTIFICIAL INTELLIGENCE, THE THIRTY-SECOND INNOVATIVE APPLICATIONS OF ARTIFICIAL INTELLIGENCE CONFERENCE AND THE TENTH AAAI SYMPOSIUM ON EDUCATIONAL ADVANCES IN ARTIFICIAL INTELLIGENCE",,https://www.webofscience.com/wos/woscc/full-record/WOS:000668126805134,supports-claim,"As more open source educational software applications become available, higher educational institutions have the opportunity to utilize these cost efficient tools to deliver the instruction traditionally taught off line with heavy associated costs. Here we introduce a machine learning course that uses a simple, cloud computing approach to creating course materials. We see this type of serverless, cloud-based, literate programming to be the future of computer science education in non-traditional higher educational institutions in particular serving students who will need the basic literacy for computing and computation but will not pursue the traditional computer scientist path.",wos,llm,0.980,unreviewed,
kept,"Low-Code Is Often High-Code, So We Must Design Low-Code Platforms to Enable Proper Software Engineering","Lethbridge, Timothy C.",2021,"LEVERAGING APPLICATIONS OF FORMAL METHODS, VERIFICATION AND VALIDATION, ISOLA 2021",10.1007/978-3-030-89159-6_14,https://www.webofscience.com/wos/woscc/full-record/WOS:001434780900015,qualifies-claim,"The concept of low-code (and no-code) platforms has been around for decades, even before the term was used. The idea is that applications on these platforms can be built by people with less technical expertise than a professional programmer, yet can leverage powerful technology such as, for example, for databases, financial analysis, web development and machine learning. However, in practice, software written on such platforms often accumulates large volumes of complex code, which can be worse to maintain than in traditional languages because the low-code platforms tend not to properly support good engineering practices such as version control, separation of concerns, automated testing and literate programming. In this paper we discuss experiences with several low-code platforms and provide suggestions for directions forward towards an era where the benefits of low-code can be obtained without accumulation of technical debt. Our recommendations focus on ensuring low-code platforms enable scaling, understandability, documentability, testability, vendor-independence, and the overall user experience for developers those end-users who do some development.",wos,llm,0.900,unreviewed,
discarded,HOW TO MAKE A PIE: REPRODUCIBLE RESEARCH FOR EMPIRICAL ECONOMICS AND ECONOMETRICS,"Orozco, Valerie; Bontemps, Christophe; Maigne, Elise; Piguet, Virginie; Hofstetter, Annie; Lacroix, Anne; Levert, Fabrice; Rousselle, Jean-Marc",2020,JOURNAL OF ECONOMIC SURVEYS,10.1111/joes.12389,https://www.webofscience.com/wos/woscc/full-record/WOS:000571341300001,adjacent-subtopic,"Empirical economics and econometrics (EEE) research now relies primarily on the application of code to data sets. Handling the workflow that links data sets, programs, results, and finally manuscript(s) is essential if one wishes to reproduce results. Herein, we highlight the importance of ""reproducible research"" in EEE and propose three simple principles to follow: organize your work, code for others, and automate as much as you can. The first principle, ""organize your work"", deals with the overall organization of files and the documentation of a research workflow. ""Code for others"" emphasizes that we should take care in how we write code that has to be read by others or later by our future self. Finally, ""automate as much as you can"" is a proposal to avoid any manual treatment and to automate most, if not all, of the steps used in a research process to reduce errors and increase reproducibility. As software is not always the problem and will never be the solution, we illustrate these principles with good habits and tools, with a particular focus on their implementation in most popular software and languages in applied economics.",wos,llm,0.860,unreviewed,
discarded,"Languages, literacies and literate programming: can we use the latest theories on how bilingual people learn to help us teach computational literacies?","Vogel, Sara; Hoadley, Christopher; Castillo, Ana Rebeca; Ascenzi-Moreno, Laura",2020,COMPUTER SCIENCE EDUCATION,10.1080/08993408.2020.1751525,https://www.webofscience.com/wos/woscc/full-record/WOS:000544386500001,off-topic-false-hit,"In this theory paper, we explore the concept of translanguaging from bilingual education, and its implications for teaching and learning programming and computational thinking in especially computer science (CS) for all initiatives. We review theory from applied linguistics, literacy, and computational literacy, using translanguaging to examine how programming is and isn't like using human languages, ultimately framing CS as computational literacies. We describe a pedagogical approach to teaching computational literacies, providing a design narrative that describes activities from bilingual middle school classrooms integrating Scratch into academic subjects. We find that translanguaging pedagogy can leverage learners' (bilingual and otherwise) full linguistic repertoires as they engage with computational literacies. Our data helps demonstrate how translanguaging can be mobilized to do CS, which has implications for increasing equitable participation in computer science.",wos,llm,0.960,unreviewed,
kept,Untangling Mechanized Proofs,"Pit-Claudel, Clement",2020,"PROCEEDINGS OF THE 13TH ACM SIGPLAN INTERNATIONAL CONFERENCE ON SOFTWARE LANGUAGE ENGINEERING, SLE 2020",10.1145/3426425.3426940,https://www.webofscience.com/wos/woscc/full-record/WOS:001119772200013,supports-claim,"Proof assistants like Coq, Lean, or HOL4 rely heavily on stateful meta-programs called scripts to assemble proofs. Unlike pen-and-paper proofs, proof scripts only describe the steps to take (induct on x, apply a theorem,.), not the states that these steps lead to; as a result, plain proof scripts are essentially incomprehensible without the assistance of an interactive user interface able to run the script and show the corresponding proof states.

Until now, the standard process to communicate a proof without forcing readers to execute its script was to manually copy-paste intermediate proof states into the script, as source code comments - a tedious and error-prone exercise. Additional prose (such as for a book or tutorial) was likewise embedded in comments, preserving executability at the cost of a mediocre text-editing experience.

This paper describes a new approach to the development and dissemination of literate proof scripts, with a focus on the Coq proof assistant. Specifically, we describe two contributions: a compiler that interleaves Coq's output with the original proof script to produce interactive webpages that are complete, self-contained presentations of Coq proofs; and a new literate programming toolkit that allows authors to switch seamlessly between prose- and code-oriented views of the same sources, by translating back and forth between reStructuredText documents and literate Coq source files. In combination, these tools offer a new way to write, communicate, and preserve proofs, combining the flexibility of procedural proof scripts and the intelligibility of declarative proofs.",wos,llm,0.950,unreviewed,
kept,Enhancing Student Learning of Differential Equations through Technology,"Seshaiyer, Padmanabhan; Solin, Pavel",2017,INTERNATIONAL JOURNAL FOR TECHNOLOGY IN MATHEMATICS EDUCATION,10.1564/tme_v24.4.05,https://www.webofscience.com/wos/woscc/full-record/WOS:000432472300007,supports-claim,"In this work, we review and share some useful technology for mathematics educators that can help to enhance their pedagogical practices to motivate students to improve their further understanding of differential equations after an initial exposure to the topic in an undergraduate class. In particular, we present some innovative ways to employ technology tools to motivate the learning of students and their appreciation of the applications of differential equations to real-world problems. The objective is to engage the students in exploration to solve differential equations using technology. This work presents a benchmark example involving modelling epidemics as a real-world problem and how to engage students who have basic familiarity with differential equations through literate programming. Visualization of the results using graphical user interface is also presented. The readers are also exposed to a novel free network computing laboratory called NCLab which is applied to a variety of applications involving differential equations.",wos,llm,0.780,unreviewed,
kept,Collaborative Reproducible Reporting <i>Git Submodules as a Data Security Solution</i>,"DeWitt, Peter E.; Bennett, Tellen D.",2017,"PROCEEDINGS OF THE 10TH INTERNATIONAL JOINT CONFERENCE ON BIOMEDICAL ENGINEERING SYSTEMS AND TECHNOLOGIES, VOL 5: HEALTHINF",10.5220/0006109302300235,https://www.webofscience.com/wos/woscc/full-record/WOS:000413253100024,supports-claim,"Sensitive data and collaborative projects pose challenges for reproducible computational research. We present a workflow based on literate programming and distributed version control to produce well-documented and dynamic documents collaboratively authored by a team composed of members with varying data access privileges. Data are stored on secure institutional network drives and incorporated into projects using a feature of the Git version control system: submodules. Code to analyze data and write text is managed on public collaborative development environments. This workflow supports collaborative authorship while simultaneously protecting sensitive data. The workflow is designed to be inexpensive and is implemented primarily with a variety of free and open-source software. Work products can be abstracts, manuscripts, posters, slide decks, grant applications, or other documents. This approach is adaptable to teams of varying size in other collaborative situations.",wos,llm,0.960,unreviewed,
kept,Rethinking literate programming in statistics,"Haghish, E. F.",2016,STATA JOURNAL,,https://www.webofscience.com/wos/woscc/full-record/WOS:000392035900008,qualifies-claim,"Literate programming is becoming increasingly trendy for data analysis because it allows the generation of dynamic-analysis reports for communicating data analysis and eliminates untraceable human errors in analysis reports. Traditionally, literate programming includes separate processes for compiling the code and preparing the documentation. While this workflow might be satisfactory for software documentation, it is not ideal for writing statistical analysis reports. Instead, these processes should run in parallel. In this article, I introduce the weaver package, which examines this idea by creating a new log system in HTML or LATEX that can be used simultaneously with the Stata log system. The new log system provides many features that the Stata log system lacks; for example, it can render mathematical notations, insert figures, create publication-ready dynamic tables, and style text, and it includes a built-in syntax highlighter. The weaver package also produces dynamic PDF documents by converting the HTML log to PDF or by typesetting the LATEX log and thus provides a real-time preview of the document without recompiling the code. I also discuss potential applications of the weaver package.",wos,llm,0.980,unreviewed,
kept,Language-Agnostic Reproducible Data Analysis Using Literate Programming,"Vassilev, Boris; Louhimo, Riku; Ikonen, Elina; Hautaniemi, Sampsa",2016,PLOS ONE,10.1371/journal.pone.0164023,https://www.webofscience.com/wos/woscc/full-record/WOS:000385697600064,supports-claim,"A modern biomedical research project can easily contain hundreds of analysis steps and lack of reproducibility of the analyses has been recognized as a severe issue. While thorough documentation enables reproducibility, the number of analysis programs used can be so large that in reality reproducibility cannot be easily achieved. Literate programming is an approach to present computer programs to human readers. The code is rearranged to follow the logic of the program, and to explain that logic in a natural language. The code executed by the computer is extracted from the literate source code. As such, literate programming is an ideal formalism for systematizing analysis steps in biomedical research. We have developed the reproducible computing tool Lir (literate, reproducible computing) that allows a tool-agnostic approach to biomedical data analysis. We demonstrate the utility of Lir by applying it to a case study. Our aim was to investigate the role of endosomal trafficking regulators to the progression of breast cancer. In this analysis, a variety of tools were combined to interpret the available data: a relational database, standard command-line tools, and a statistical computing environment. The analysis revealed that the lipid transport related genes LAPTM4B and NDRG1 are coamplified in breast cancer patients, and identified genes potentially cooperating with LAPTM4B in breast cancer progression. Our case study demonstrates that with Lir, an array of tools can be combined in the same data analysis to improve efficiency, reproducibility, and ease of understanding. Lir is an open-source software available at github. com/borisvassilev/lir.",wos,llm,0.990,unreviewed,
discarded,Modeling Stateless Transport Protocols in ns-3,"Chalyy, Dmitry Ju.",2015,PROCEEDINGS OF THE 17TH CONFERENCE OF OPEN INNOVATIONS ASSOCIATION FRUCT,,https://www.webofscience.com/wos/woscc/full-record/WOS:000380492600005,off-topic-false-hit,"Development of transport protocols have received a great deal of attention of network research community at several past decades. One of the general directions of such an effort was to improve a congestion control mechanism of the TCP (Transmission Control Protocol), which is tightly bounded with other components of the protocol responsible, for example, for robust delivery of data and loss detection. Such a solid architecture complicates innovations in this area and leads to inefficient or misleading functioning in different network settings.

Last decade has shown the emergence of new communication paradigms such as cloud computing, software-defined networks, sensor networks, fog networks etc. Thus, rethinking architecture of the transport protocol can be useful to comply new demands. The standard TCP approach ties the transport connection to its endpoints however approaching network applications in new network settings may demand more flexible and transparent data transfer. For example, in cloud computing architectures, servers can dynamically power on or shutdown and such a behavior must be transparent for clients. This can be difficult or even impossible to achieve if the transport protocol's state is distributed between both sides of the connection. We consider a protocol called the Trickles [1], which is one of the first efforts to migrate all connection state to one endpoint allowing its counterpart to operate without any per-connection state.

In this paper we describe the architecture of the model of such a stateless protocol and describe a framework that can be used to model such protocols in ns-3. Another contribution of the paper is an approach based on ideas of literate programming [3] to achieve reproducible results of analysis of network protocols.",wos,llm,0.980,unreviewed,
kept,Tools and techniques for computational reproducibility,"Piccolo, Stephen R.; Frampton, Michael B.",2016,GIGASCIENCE,10.1186/s13742-016-0135-4,https://www.webofscience.com/wos/woscc/full-record/WOS:000379685700001,adjacent-subtopic,"When reporting research findings, scientists document the steps they followed so that others can verify and build upon the research. When those steps have been described in sufficient detail that others can retrace the steps and obtain similar results, the research is said to be reproducible. Computers play a vital role in many research disciplines and present both opportunities and challenges for reproducibility. Computers can be programmed to execute analysis tasks, and those programs can be repeated and shared with others. The deterministic nature of most computer programs means that the same analysis tasks, applied to the same data, will often produce the same outputs. However, in practice, computational findings often cannot be reproduced because of complexities in how software is packaged, installed, and executed-and because of limitations associated with how scientists document analysis steps. Many tools and techniques are available to help overcome these challenges; here we describe seven such strategies. With a broad scientific audience in mind, we describe the strengths and limitations of each approach, as well as the circumstances under which each might be applied. No single strategy is sufficient for every scenario; thus we emphasize that it is often useful to combine approaches.",wos,llm,0.740,unreviewed,
kept,A Document-Driven Method for Certifying Scientific Computing Software for Use in Nuclear Safety Analysis,"Smith, W. Spencer; Koothoor, Nirmitha",2016,NUCLEAR ENGINEERING AND TECHNOLOGY,10.1016/j.net.2015.11.008,https://www.webofscience.com/wos/woscc/full-record/WOS:000375141000013,supports-claim,"This paper presents a documentation and development method to facilitate the certification of scientific computing software used in the safety analysis of nuclear facilities. To study the problems faced during quality assurance and certification activities, a case study was performed on legacy software used for thermal analysis of a fuelpin in a nuclear reactor. Although no errors were uncovered in the code, 27 issues of incompleteness and inconsistency were found with the documentation. This work proposes that software documentation follow a rational process, which includes a software requirements specification following a template that is reusable, maintainable, and understandable. To develop the design and implementation, this paper suggests literate programming as an alternative to traditional structured programming. Literate programming allows for documenting of numerical algorithms and code together in what is termed the literate programmer's manual. This manual is developed with explicit traceability to the software requirements specification. The traceability between the theory, numerical algorithms, and implementation facilitates achieving completeness and consistency, as well as simplifies the process of verification and the associated certification. Copyright (C) 2015, Published by Elsevier Korea LLC on behalf of Korean Nuclear Society.",wos,llm,0.950,unreviewed,
