status,title,authors,year,venue,doi,url,tags,abstract,provider,decision_source,llm_confidence,llm_review_outcome,llm_change_direction
kept,Using R in hydrology: a review of recent developments and future directions,Louise Slater; Guillaume Thirel; Shaun Harrigan; Olivier Delaigue; Alexander Hurley; Abdou Khouakhi; Ilaria Prosdocimi; Claudia Vitolo; Katie Smith,2019,Hydrology and earth system sciences,10.5194/hess-23-2939-2019,https://openalex.org/W2917880199,adjacent-subtopic,"Abstract. The open-source programming language R has gained a central place in the hydrological sciences over the last decade, driven by the availability of diverse hydro-meteorological data archives and the development of open-source computational tools. The growth of R's usage in hydrology is reflected in the number of newly published hydrological packages, the strengthening of online user communities, and the popularity of training courses and events. In this paper, we explore the benefits and advantages of R's usage in hydrology, such as the democratization of data science and numerical literacy, the enhancement of reproducible research and open science, the access to statistical tools, the ease of connecting R to and from other languages, and the support provided by a growing community. This paper provides an overview of a typical hydrological workflow based on reproducible principles and packages for retrieval of hydro-meteorological data, spatial analysis, hydrological modelling, statistics, and the design of static and dynamic visualizations and documents. We discuss some of the challenges that arise when using R in hydrology and useful tools to overcome them, including the use of hydrological libraries, documentation, and vignettes (long-form guides that illustrate how to use packages); the role of integrated development environments (IDEs); and the challenges of big data and parallel computing in hydrology. Lastly, this paper provides a roadmap for R's future within hydrology, with R packages as a driver of progress in the hydrological sciences, application programming interfaces (APIs) providing new avenues for data acquisition and provision, enhanced teaching of hydrology in R, and the continued growth of the community via short courses and events.",openalex,llm,0.820,unreviewed,
discarded,A Language-Independent Static Checking System for Coding Conventions,Sarah Mount,2013,Wolverhampton Intellectual Repository and E-Theses (University of Wolverhampton),,https://openalex.org/W2105286820,adjacent-subtopic,A thesis submitted in partial fulfilment of the requirements of the University of Wolverhampton for the degree of Doctor of Philosophy.,openalex,llm,0.840,unreviewed,
discarded,CoreASM: an extensible modeling framework & tool environment for high-level design and analysis of distributed systems,Roozbeh Farahbod,2009,Summit (Simon Fraser University),,https://openalex.org/W434402513,adjacent-subtopic,"Model-based systems engineering naturally requires abstract executable specifications to facilitate simulation and testing in early stages of the system design process.Abstraction and formalization provide effective instruments for establishing critical system requirements by precisely modeling the system prior to construction so that one can analyze and reason about specification and design choices and better understand their implications.There are many approaches to formal modeling of software and hardware systems.Abstract State Machines, or ASMs, are well known for their versatility in computational and mathematical modeling of complex distributed systems with an orientation toward practical applications.They offer a good compromise between declarative, functional and operational views towards modeling of systems.The emphasis on freedom of abstraction in ASMs leads to intuitive yet accurate descriptions of the dynamic properties of systems.Since ASMs are in principle executable, the resulting models are validatable and possibly falsifiable by experiment.Finally, the welldefined notion of step-wise refinement in ASMs bridges the gap between abstract models and their final implementations.There is a variety of tools and executable languages available for ASMs, each coming with their own strengths and limitations.Building on these experiences, this work puts forward the design and development of an extensible and executable ASM language and tool architecture, called CoreASM, emphasizing freedom of experimentation and design exploration in the early phases of the software development process.CoreASM aims at preserving the very idea of ASM modeling-the design of accurate abstract models at the level of abstraction determined by the application domain, while encouraging rapid prototyping of such abstract models for testing and design space exploration.In addition, the extensible language and tool architecture of CoreASM facilitates integration of domain specific concepts and special-purpose tools into its language and modeling environment.iii CoreASM has been applied in a broad scope of R&D projects, spanning maritime surveillance, situation analysis, and computational criminology.In light of these applications, we argue that the design and implementation of CoreASM accomplishes its goals; it not only preserves the desirable characteristics of abstract mathematical models, such as conciseness, simplicity and intelligibility, but it also adheres to the methodological guidelines and best practices for ASM modeling.",openalex,llm,0.860,unreviewed,
discarded,Web scraping: a promising tool for geographic data acquisition,Alexander Brenning; Sebastian Henn,2023,arXiv (Cornell University),10.48550/arxiv.2305.19893,https://openalex.org/W4379089496,adjacent-subtopic,"With much of our lives taking place online, researchers are increasingly turning to information from the World Wide Web to gain insights into geographic patterns and processes. Web scraping as an online data acquisition technique allows us to gather intelligence especially on social and economic actions for which the Web serves as a platform. Specific opportunities relate to near-real-time access to object-level geolocated data, which can be captured in a cost-effective way. The studied geographic phenomena include, but are not limited to, the rental market and associated processes such as gentrification, entrepreneurial ecosystems, or spatial planning processes. Since the information retrieved from the Web is not made available for that purpose, Web scraping faces several unique challenges, several of which relate to location. Ethical and legal issues mainly relate to intellectual property rights, informed consent and (geo-) privacy, and website integrity and contract. These issues also effect the practice of open science. In addition, there are technical and statistical challenges that relate to dependability and incompleteness, data inconsistencies and bias, as well as the limited historical coverage. Geospatial analyses furthermore usually require the automated extraction and subsequent resolution of toponyms or addresses (geoparsing, geocoding). A study on apartment rent in Leipzig, Germany is used to illustrate the use of Web scraping and its challenges. We conclude that geographic researchers should embrace Web scraping as a powerful and affordable digital fieldwork tool while paying special attention to its legal, ethical, and methodological challenges.",openalex,llm,0.930,unreviewed,
kept,Remote Labs Meet Computational Notebooks: An Architecture for Simplifying the Workflow of Remote Educational Experiments,Oswaldo Andrés Vanegas Guillén; Pablo Parra; Javier Mu Muñoz-Antón; Johanna Zumba Gamboa; Carlos Dillon Vera,2023,IEEE Access,10.1109/access.2023.3336287,https://openalex.org/W4388964137,adjacent-subtopic,"Online laboratories and computational notebooks have established themselves as essential tools in the fields of engineering and science education, significantly enhancing the teaching and learning experience. Despite the benefits of remote laboratories, and although architectures, models, and tools have been proposed to facilitate the work involved in their implementation, challenges remain in the development lifecycle. This paper proposes a novel architecture that simplifies the development and management of remote experiments using a publisher-subscriber communication paradigm to securely and efficiently integrate WebAssembly computational notebooks. This approach eliminates the need for additional infrastructure for communication at the lab stations. It also avoids the need for servers to deploy notebooks, because all operations, calculations, and data processing run locally in the user’s web browser. To achieve this, a remote laboratory management system (RLMS) interoperable with virtual learning environments was designed and implemented, including notebook-based authoring, learning scenarios, and grading tools. As a case study, remote experiments were developed to characterize and evaluate the performance of heat exchangers using a thermal fluid systems test bench built for this project. Several quality criteria categorized into technical, educational, and adaptability groups were quantitatively evaluated using the responses of 70 participants from two different universities. The analysis highlighted both the advantages and challenges of the proposal, with a significant emphasis on interaction, scalability, reusability, interoperability, and accessibility. The results confirmed the effectiveness of the notebooks in each phase of the remote experiments, demonstrating an increase in students’ active and autonomous participation and exploration.",openalex,llm,0.760,unreviewed,
kept,,Jeremy Leipzig; Daniel Nüst; Charles Tapley Hoyt; Stian Soiland-Reyes; Karthik Ram; Jane Greenberg,,Research Explorer (The University of Manchester),10.48550/arXiv.2006.08589,https://openalex.org/W3200572611,adjacent-subtopic,"Reproducible computational research (RCR) is the keystone of the scientific method for in silico analyses, packaging the transformation of raw data to published results. In addition to its role in research integrity, improving the reproducibility of scientific studies can accelerate evaluation and reuse. This potential and wide support for the FAIR principles have motivated interest in metadata standards supporting reproducibility. Metadata provide context and provenance to raw data and methods and are essential to both discovery and validation. Despite this shared connection with scientific data, few studies have explicitly described how metadata enable reproducible computational research. This review employs a functional content analysis to identify metadata standards that support reproducibility across an analytic stack consisting of input data, tools, notebooks, pipelines, and publications. Our review provides background context, explores gaps, and discovers component trends of embeddedness and methodology weight from which we derive recommendations for future work.",openalex,llm,0.840,unreviewed,
discarded,GeneTonic: an R/Bioconductor package for streamlining the interpretation of RNA-seq data,Fédérico Marini; Annekathrin Ludt; Jan Linke; Konstantin Strauch,2021,BMC Bioinformatics,10.1186/s12859-021-04461-5,https://openalex.org/W4225463239,off-topic-false-hit,"BACKGROUND: The interpretation of results from transcriptome profiling experiments via RNA sequencing (RNA-seq) can be a complex task, where the essential information is distributed among different tabular and list formats-normalized expression values, results from differential expression analysis, and results from functional enrichment analyses. A number of tools and databases are widely used for the purpose of identification of relevant functional patterns, yet often their contextualization within the data and results at hand is not straightforward, especially if these analytic components are not combined together efficiently. RESULTS: We developed the GeneTonic software package, which serves as a comprehensive toolkit for streamlining the interpretation of functional enrichment analyses, by fully leveraging the information of expression values in a differential expression context. GeneTonic is implemented in R and Shiny, leveraging packages that enable HTML-based interactive visualizations for executing drilldown tasks seamlessly, viewing the data at a level of increased detail. GeneTonic is integrated with the core classes of existing Bioconductor workflows, and can accept the output of many widely used tools for pathway analysis, making this approach applicable to a wide range of use cases. Users can effectively navigate interlinked components (otherwise available as flat text or spreadsheet tables), bookmark features of interest during the exploration sessions, and obtain at the end a tailored HTML report, thus combining the benefits of both interactivity and reproducibility. CONCLUSION: GeneTonic is distributed as an R package in the Bioconductor project ( https://bioconductor.org/packages/GeneTonic/ ) under the MIT license. Offering both bird's-eye views of the components of transcriptome data analysis and the detailed inspection of single genes, individual signatures, and their relationships, GeneTonic aims at simplifying the process of interpretation of complex and compelling RNA-seq datasets for many researchers with different expertise profiles.",openalex,llm,0.970,unreviewed,
discarded,Nonlinear Mixed‐Effects Model Development and Simulation Using nlmixr and Related R Open‐Source Packages,Matthew Fidler; Justin Wilkins; Richard Hooijmaijers; Teun M. Post; Rik C. Schoemaker; Mirjam N. Trame; Yuan Xiong; Wenping Wang,2019,CPT Pharmacometrics & Systems Pharmacology,10.1002/psp4.12445,https://openalex.org/W2950199458,off-topic-false-hit,"nlmixr is a free and open-source R package for fitting nonlinear pharmacokinetic (PK), pharmacodynamic (PD), joint PK-PD, and quantitative systems pharmacology mixed-effects models. Currently, nlmixr is capable of fitting both traditional compartmental PK models as well as more complex models implemented using ordinary differential equations. We believe that, over time, it will become a capable, credible alternative to commercial software tools, such as NONMEM, Monolix, and Phoenix NLME.",openalex,llm,0.970,unreviewed,
discarded,Program MARK: survival estimation from populations of marked animals,Gary C. White; Kenneth P. Burnham,1999,Bird Study,10.1080/00063659909477239,https://openalex.org/W2133371793,off-topic-false-hit,"MARK provides parameter estimates from marked animals when they are re-encountered at a later time as dead recoveries, or live recaptures or re-sightings. The time intervals between re-encounters do not have to be equal. More than one attribute group of animals can be modelled. The basic input to MARK is the encounter history for each animal. MARK can also estimate the size of closed populations. Parameters can be constrained to be the same across re-encounter occasions, or by age, or group, using the parameter index matrix. A set of common models for initial screening of data are provided. Time effects, group effects, time x group effects and a null model of none of the above, are provided for each parameter. Besides the logit function to link the design matrix to the parameters of the model, other link functions include the log—log, complimentary log—log, sine, log, and identity. The estimates of model parameters are computed via numerical maximum likelihood techniques. The number of parameters that are estimable in the model are determined numerically and used to compute the quasi-likelihood AIC value for the model. Both the input data, and outputs for various models that the user has built, are stored in the Results database which contains a complete description of the model building process. It is viewed and manipulated in a Results Browser window. Summaries available from this window include viewing and printing model output, deviance residuals from the model, likelihood ratio and analysis of deviance between models, and adjustments for over dispersion. Models can also be retrieved and modified to create additional models. These capabilities are implemented in a Microsoft Windows 95 interface. The online help system has been developed to provide all necessary program documentation.",openalex,llm,0.980,unreviewed,
discarded,Using test oracles generated from program documentation,Dennis Peters; David Lorge Parnas,1998,IEEE Transactions on Software Engineering,10.1109/32.667877,https://openalex.org/W2111654822,adjacent-subtopic,"The paper illustrates how software can be described precisely using LD-relations, how these descriptions can be presented in a readable manner using tabular notations, and one way such descriptions can be used to test programs. The authors describe an algorithm that can be used to generate a test oracle from program documentation, and present the results of using a tool based on it to help test part of a commercial network management application. The results demonstrate that these methods can be effective at detecting errors and greatly increase the speed and accuracy of test evaluation when compared with manual evaluation. Such oracles can be used for unit testing, in situ testing, constructing self-checking software, and ensuring consistency between code and documentation.",openalex,llm,0.900,unreviewed,
discarded,A System to Generate Test Data and Symbolically Execute Programs,Lori A. Clarke,1976,IEEE Transactions on Software Engineering,10.1109/tse.1976.233817,https://openalex.org/W2109276114,off-topic-false-hit,"This paper describes a system that attempts to generate test data for programs written in ANSI Fortran. Given a path, the system symbolically executes the path and creates a set of constraints on the program's input variables. If the set of constraints is linear, linear programming techniques are employed to obtain a solution. A solution to the set of constraints is test data that will drive execution down the given path. If it can be determined that the set of constraints is inconsistent, then the given path is shown to be nonexecutable. To increase the chance of detecting some of the more common programming errors, artificial constraints are temporarily created that simulate error conditions and then an attempt is made to solve each augmented set of constraints. A symbolic representation of the program's output variables in terms of the program's input variables is also created. The symbolic representation is in a human readable form that facilitates error detection as well as being a possible aid in assertion generation and automatic program documentation.",openalex,llm,0.970,unreviewed,
discarded,Factors Contributing to the Difficulties in Teaching and Learning of Computer Programming: A Literature Review,Chin Soon Cheah,2020,Contemporary Educational Technology,10.30935/cedtech/8247,https://openalex.org/W3021341584,adjacent-subtopic,"This paper reviews the literature relating to the factors that contribute to the difficulties in learning of computer programming. Programming has been a difficult subject to learn and master even at the early stage of education. It has been a global problem and continues to worsen at the local level. Although, there are many education tools available to complement the teaching and learning of computer programming. The problem persists until present day. Even at the initial stage of computer introduction courses, there were high failure rates and high drop out. One of the rationalism behind this scenario is from the students’ lack of problem solving abilities. However, the problem does not only lie within the students’ level of efficacy. It involves the effective use of teaching and learning material as well. Therefore, the focus of this review is on the factors concerning the students learning method and the effectiveness of the teaching material. Based on plethora of literature review, it is vital that these two aspects need to be consider simultaneously to overcome the difficulties of learning computer programming. A much more comprehensive, effective and universal teaching and learning tools need to be design to address the severity of this problem.",openalex,llm,0.900,unreviewed,
discarded,Analysis and visualization of large networks with program package Pajek,Andrej Mrvar; Vladimir Batagelj,2016,Complex Adaptive Systems Modeling,10.1186/s40294-016-0017-8,https://openalex.org/W2335008118,off-topic-false-hit,"Abstract Pajek is a program package for analysis and visualization of large networks (networks containing up to one billion of vertices, there is no limit—except the memory size—on the number of lines). It has been available for 20 years. The program, documentation and supporting material can be downloaded and used for free for noncommercial use from its web page: http://mrvar.fdv.uni-lj.si/pajek/",openalex,llm,0.990,unreviewed,
discarded,Control flow and data structure documentation,Ben Shneiderman,1982,Communications of the ACM,10.1145/358315.358391,https://openalex.org/W2093064598,adjacent-subtopic,"Two experiments were carried out to assess the utility of external documentation aids such as macro flowcharts, pseudocode, data structure diagrams, and data structure descriptions. A 223 line Pascal program which manipulates four arrays was used. The program interactively handles commands that allow the user to manage five lists of items. A comprehension test was given to participants along with varying kinds of external documentation. The results indicate that for this program the data structure information was more helpful than the control flow information, independently of whether textual or graphic formats were used.",openalex,llm,0.900,unreviewed,
