status,title,authors,year,venue,doi,url,tags,abstract,provider,decision_source,llm_confidence,llm_review_outcome,llm_change_direction
kept,Restoring Reproducibility of Jupyter Notebooks,Jiawei Wang; Tzu-yang Kuo; Li Li; Andreas Zeller,2020,2020 IEEE/ACM 42nd International Conference on Software Engineering: Companion Proceedings (ICSE-Companion),,https://ieeexplore.ieee.org/document/9270316/,qualifies-claim,"Jupyter notebooks-documents that contain live code, equations, visualizations, and narrative text-now are among the most popular means to compute, present, discuss and disseminate scientific findings. In principle, Jupyter notebooks should easily allow to reproduce and extend scientific computations and their findings; but in practice, this is not the case. The individual code cells in Jupyter notebooks can be executed in any order, with identifier usages preceding their definitions and results preceding their computations. In a sample of 936 published notebooks that would be executable in principle, we found that 73% of them would not be reproducible with straightforward approaches, requiring humans to infer (and often guess) the order in which the authors created the cells. In this paper, we present an approach to (1) automatically satisfy dependencies between code cells to reconstruct possible execution orders of the cells; and (2) instrument code cells to mitigate the impact of non-reproducible statements (i.e., random functions) in Jupyter notebooks. Our Osiris prototype takes a notebook as input and outputs the possible execution schemes that reproduce the exact notebook results. In our sample, Osiris was able to reconstruct such schemes for 82.23% of all executable notebooks, which has more than three times better than the state-of-the-art; the resulting reordered code is valid program code and thus available for further testing and analysis.",ieee,llm,0.920,unreviewed,
kept,"Better Code, Better Sharing: On the Need of Analyzing Jupyter Notebooks",Jiawei Wang; Li Li; Andreas Zeller,2020,2020 IEEE/ACM 42nd International Conference on Software Engineering: New Ideas and Emerging Results (ICSE-NIER),,https://ieeexplore.ieee.org/document/9397540/,qualifies-claim,"By bringing together code, text, and examples, Jupyter notebooks have become one of the most popular means to produce scientific results in a productive and reproducible way. As many of the notebook authors are experts in their scientific fields, but laymen with respect to software engineering, one may ask questions on the quality of notebooks and their code. In a preliminary study, we experimentally demonstrate that Jupyter notebooks are inundated with poor quality code, e.g., not respecting recommended coding practices, or containing unused variables and deprecated functions. Considering the education nature of Jupyter notebooks, these poor coding practices, as well as the lacks of quality control, might be propagated into the next generation of developers. Hence, we argue that there is a strong need to programmatically analyze Jupyter notebooks, calling on our community to pay more attention to the reliability of Jupyter notebooks.",ieee,llm,0.900,unreviewed,
kept,"How Scientists Use Jupyter Notebooks: Goals, Quality Attributes, and Opportunities",Ruanqianqian Lisa Huang; Savitha Ravi; Michael He; Boyu Tian; Sorin Lerner; Michael Coblenz,2025,2025 IEEE/ACM 47th International Conference on Software Engineering (ICSE),10.1109/ICSE55347.2025.00232,https://ieeexplore.ieee.org/document/11029931/,established; qualifies-claim,"Computational notebooks are intended to prioritize the needs of scientists, but little is known about how scientists interact with notebooks, what requirements drive scientists' software development processes, or what tactics scientists use to meet their requirements. We conducted an observational study of 20 scientists using Jupyter notebooks for their day-to-day tasks, finding that scientists prioritize different quality attributes depending on their goals. A qualitative analysis of their usage shows (1) a collection of goals scientists pursue with Jupyter notebooks, (2) a set of quality attributes that scientists value when they write software, and (3) tactics that scientists leverage to promote quality. In addition, we identify ways scientists incorporated AI tools into their notebook work. From our observations, we derive design recommendations for improving computational notebooks and future programming systems for scientists. Key opportunities pertain to helping scientists create and manage state, dependencies, and abstractions in their software, enabling more effective reuse of clearly-defined components.",ieee,llm,0.870,unreviewed,
discarded,Exploring Code Comprehension in Scientific Programming: Preliminary Insights from Research Scientists,Alyssia Chen; Carol Wong; Bonita Sharif; Anthony Peruma,2025,2025 IEEE/ACM 33rd International Conference on Program Comprehension (ICPC),10.1109/ICPC66645.2025.00043,https://ieeexplore.ieee.org/document/11025914/,adjacent-subtopic,"Scientific software, defined as computer programs, scripts, or code used in scientific research, data analysis, modeling, or simulation, has become central to modern research. However, there is limited research on the readability and understandability of scientific code, both of which are vital for effective collaboration and reproducibility in scientific research. This study surveys 57 research scientists from various disciplines to explore their programming backgrounds, practices, and the challenges they face regarding code readability. Our findings reveal that most participants learn programming through self-study or on-the-job training, with $\mathbf{5 7. 9 \%}$ lacking formal instruction in writing readable code. Scientists mainly use Python and $R$, relying on comments and documentation for readability. While most consider code readability essential for scientific reproducibility, they often face issues with inadequate documentation and poor naming conventions, with challenges including cryptic names and inconsistent conventions. Our findings also show low adoption of code quality tools and a trend towards utilizing large language models to improve code quality. These findings offer practical insights into enhancing coding practices and supporting sustainable development in scientific software.",ieee,llm,0.800,unreviewed,
kept,Can Code Metrics Enhance Documentation Generation for Computational Notebooks?,Mojtaba Mostafavi Ghahfarokhi; Hamed Jahantigh; Sepehr Kianiangolafshani; Ashkan Khademian; Alireza Asadi; Abbas Heydarnoori,2024,2024 39th IEEE/ACM International Conference on Automated Software Engineering (ASE),,https://ieeexplore.ieee.org/document/10765001/,adjacent-subtopic,"In software development, code documentation is crucial for collaboration and maintenance, especially as projects become more complex. However, it is often neglected due to the tedious effort it requires. This paper explores automating documentation generation for computational notebooks, focusing on the impact of code metrics such as lines of code, API popularity, and complexity on this task. Using a dataset of 22K code-documentation pairs, we compare deep learning models with and without code metric augmentation. The results show that incorporating these metrics significantly improves the accuracy of documentation generation, underscoring the connection between code metrics and quality documentation.",ieee,llm,0.820,unreviewed,
kept,Assessing the Quality of Computational Notebooks for a Frictionless Transition from Exploration to Production,Luigi Quaranta,2022,2022 IEEE/ACM 44th International Conference on Software Engineering: Companion Proceedings (ICSE-Companion),10.1145/3510454.3517055,https://ieeexplore.ieee.org/document/9793798/,qualifies-claim,"The massive trend of integrating data-driven AI capabilities into traditional software systems is rising new intriguing challenges. One of such challenges is achieving a smooth transition from the explorative phase of Machine Learning projects – in which data scientists build prototypical models in the lab – to their production phase – in which software engineers translate prototypes into production-ready AI components. To narrow down the gap between these two phases, tools and practices adopted by data scientists might be improved by incorporating consolidated software engineering solutions. In particular, computational notebooks have a prominent role in determining the quality of data science prototypes. In my research project, I address this challenge by studying the best practices for collaboration with computational notebooks and proposing proof-of-concept tools to foster guidelines compliance.CCS CONCEPTS • Software and its engineering; • Computing methodologies → Machine learning;",ieee,llm,0.850,unreviewed,
kept,Assessing and Restoring Reproducibility of Jupyter Notebooks,Jiawei Wang; Tzu-Yang KUO; Li Li; Andreas Zeller,2020,2020 35th IEEE/ACM International Conference on Automated Software Engineering (ASE),,https://ieeexplore.ieee.org/document/9286024/,qualifies-claim,"Jupyter notebooks-documents that contain live code, equations, visualizations, and narrative text-now are among the most popular means to compute, present, discuss and disseminate scientific findings. In principle, Jupyter notebooks should easily allow to reproduce and extend scientific computations and their findings; but in practice, this is not the case. The individual code cells in Jupyter notebooks can be executed in any order, with identifier usages preceding their definitions and results preceding their computations. In a sample of 936 published notebooks that would be executable in principle, we found that 73% of them would not be reproducible with straightforward approaches, requiring humans to infer (and often guess) the order in which the authors created the cells. In this paper, we present an approach to (1) automatically satisfy dependencies between code cells to reconstruct possible execution orders of the cells; and (2) instrument code cells to mitigate the impact of non-reproducible statements (i.e., random functions) in Jupyter notebooks. Our Osiris prototype takes a notebook as input and outputs the possible execution schemes that reproduce the exact notebook results. In our sample, Osiris was able to reconstruct such schemes for 82.23% of all executable notebooks, which has more than three times better than the state-of-the-art; the resulting reordered code is valid program code and thus available for further testing and analysis.",ieee,llm,0.950,unreviewed,
kept,Immediate Feedback for Students to Solve Notebook Reproducibility Problems in the Classroom,Christophe Casseau; Jean-Rémy Falleri; Xavier Blanc; Thomas Degueule,2021,2021 IEEE Symposium on Visual Languages and Human-Centric Computing (VL/HCC),10.1109/VL/HCC51201.2021.9576363,https://ieeexplore.ieee.org/document/9576363/,qualifies-claim,"Jupyter notebooks have gained popularity in educational settings. In France, it is one of the tools used by teachers in post-secondary classes to teach programming. When students complete their assignments, they send their notebooks to the teacher for feedback or grading. However, the teacher may not be able to reproduce the results contained in the notebooks. Indeed, students rely on the non-linearity of notebooks to write and execute code cells in an arbitrary order. Conversely, teachers are not aware of this implicit execution order and expect to reproduce the results by running the cells linearly from top to bottom. These two modes of usage conflict, making it difficult for teachers to evaluate their students' work. This article investigates the use of immediate visual feedback to alleviate the issue of non-reproducibility of students' notebooks. We implemented a Jupyter plug-in called Notebook Reproducibility Monitor (NoRM) that pinpoints the non-reproducible cells of a notebook under modifications. To evaluate the benefits of this approach, we perform a controlled study with 37 students on a programming assignment, followed by a focus group. Our results show that the plug-in significantly improves the reproducibility of notebooks without sacrificing the productivity of students.",ieee,llm,0.890,unreviewed,
kept,Socially-Informed Jupyter Notebook Quality: A Role-and Lifecycle-Aware Metrics Framework,Alexandra Volentir; Nafiseh Soveizi; Zhiming Zhao,2025,"2025 25th International Conference on Software Quality, Reliability, and Security Companion (QRS-C)",10.1109/QRS-C65679.2025.00077,https://ieeexplore.ieee.org/document/11216562/,qualifies-claim,"Jupyter Notebooks are widely used in data science, education, and research for their ability to combine executable code with narrative and visualization. However, their interactive and exploratory nature often leads to quality concerns—such as inconsistent execution order, hidden dependencies, and low modularity—that negatively affect key software quality characteristics like maintainability, reliability, and analyzability. Existing quality models, including those based on ISO/IEC 25010, are not well-suited to the specific structure and workflows of notebooks. In this paper, we propose a role-and lifecycle-aware quality assessment framework tailored to Jupyter Notebooks. Drawing from ISO/IEC 25010 and the EOSC TF–SQ3 catalogue, we identify 25 measurable quality metrics relevant to common notebook practices. We organize these metrics using Kruchten’s 4+1 View Model and map them across the stages of the data science lifecycle. Drawing on practitioner insights and developer social-network patterns, we combined expert interviews with Rank-Biased Precision (RBP) and statistical methods (PCA and clustering) to prioritize our 25 metrics. The resulting framework organizes them into universal, viewpoint-specific, and context-dependent categories—offering Tier 1 and Tier 2 users a lightweight roadmap to boost notebook quality. Expert feedback confirms its clarity, relevance, and practical utility, paving the way for tool integration and future refinements.",ieee,llm,0.810,unreviewed,
kept,Beyond Syntax: Unleashing the Power of Computational Notebooks Code Metrics in Documentation Generation,Mojtaba Mostafavi Ghahfarokhi; Ashkan Khademian; Sepehr Kianiangolafshani; Alireza Asadi; Hamed Jahantigh; Abbas Heydarnoori,2024,2024 IEEE/ACM 3rd International Conference on AI Engineering – Software Engineering for AI (CAIN),,https://ieeexplore.ieee.org/document/10556097/,adjacent-subtopic,"Computational notebooks, like Kaggle notebooks, offer an integrated platform for coding and documentation, yet the latter’s quality often falls short as scientists may neglect this crucial aspect. This paper addresses the need for improved and efficient code documentation generation in computational notebooks. As recent literature emphasizes integrating code's inherent structure into documentation generation models, our research explores unutilized structural characteristics, incorporating metrics from code sequences to enable better code documentation suggestions. Evidenced by the improved BLEU scores, our proposed method significantly outperforms the conventional model in a preliminary 10-fold cross-validation experiment and further provides a flexible foundation for integrating source code metrics into diverse code documentation generation models.",ieee,llm,0.800,unreviewed,
kept,Hidden Gems in the Rough: Computational Notebooks as an Uncharted Oasis for IDEs,Sergey Titov; Konstantin Grotov; Ashwin Prasad S. Venkatesh,2024,2024 IEEE/ACM First IDE Workshop (IDE),10.1145/3643796.3648465,https://ieeexplore.ieee.org/document/10713942/,adjacent-subtopic,"In this paper, we outline potential ways for the further development of computational notebooks in Integrated Development Environments (IDEs). We discuss notebooks integration with IDEs, focusing on three main areas: facilitating experimentation, adding collaborative features, and improving code comprehension. We propose that better support of notebooks will not only benefit the notebooks, but also enhance IDEs by supporting new development processes native to notebooks. In conclusion, we suggest that adapting IDEs for more experimentation-oriented notebook processes will prepare them for the future of AI-powered programming.",ieee,llm,0.780,unreviewed,
kept,Pynblint: a Static Analyzer for Python Jupyter Notebooks,Luigi Quaranta; Fabio Calefato; Filippo Lanubile,2022,2022 IEEE/ACM 1st International Conference on AI Engineering – Software Engineering for AI (CAIN),10.1145/3522664.3528612,https://ieeexplore.ieee.org/document/9796451/,qualifies-claim,"Jupyter Notebook is the tool of choice of many data scientists in the early stages of ML workflows. The notebook format, however, has been criticized for inducing bad programming practices; indeed, researchers have already shown that open-source repositories are inundated by poor-quality notebooks. Low-quality output from the prototypical stages of ML workflows constitutes a clear bottleneck towards the productization of ML models. To foster the creation of better notebooks, we developed Pynblint, a static analyzer for Jupyter notebooks written in Python. The tool checks the compliance of notebooks (and surrounding repositories) with a set of empirically validated best practices and provides targeted recommendations when violations are detected.CCS CONCEPTS• Software and its engineering → Software maintenance tools; Software configuration management and version control systems; • Human-centered computing → Collaborative and social computing systems and tools.",ieee,llm,0.900,unreviewed,
kept,A Roadmap for Enriching Jupyter Notebooks Documentation with Kaggle Data,Mojtaba Mostafavi Ghahfarokhi; Hamed Jahantigh; Alireza Asadi; Sepehr Kianiangolafshani; Ashkan Khademian; Abbas Heydarnoori,2024,2024 IEEE/ACM 3rd International Conference on AI Engineering – Software Engineering for AI (CAIN),,https://ieeexplore.ieee.org/document/10556010/,adjacent-subtopic,"Recent advancements in AI and data science have led to the increased use of Jupyter notebooks. As such, various AI-Based automated tools have been also developed to automatically document notebooks. However, a key challenge is the absence of suitable datasets for training AI models. In this paper, we outline a valuable roadmap for developing a dataset of (markdown, code) pairs centered on functions in Jupyter notebooks. The roadmap encompasses four high-level steps: structural filtering, structural processing, conceptual filtering, and conceptual processing. Our proposed roadmap leads to providing a quality dataset for training AI models on Jupyter notebooks.",ieee,llm,0.770,unreviewed,
discarded,Toward Code Review Notebooks,Juan Carlos Farah; Basile Spaenlehauer; María Jesús Rodríguez-Triana; Sandy Ingram; Denis Gillet,2022,2022 International Conference on Advanced Learning Technologies (ICALT),10.1109/ICALT55010.2022.00068,https://ieeexplore.ieee.org/document/9853748/,off-topic-false-hit,"Peer code review has proven to be a valuable tool in software engineering. However, integrating code reviews into educational contexts is particularly challenging due to the complexity of both the process and popular code review tools. We propose to address this challenge by designing a code review application (CRA) aimed at teaching the code review process directly within existing online learning platforms. Using the CRA, instructors can scaffold online lessons that introduce the code review process to students through code snippets, following a format resembling computational notebooks. We refer to this online lesson format as the code review notebook format. Through a case study comprising an online lesson on code quality standards completed by 23 university students, we evaluated the usability of the CRA and the code review notebook format, obtaining positive results for both. These results are a first step toward integrating code review notebooks into software engineering education.",ieee,llm,0.940,unreviewed,
kept,Method Names in Jupyter Notebooks: An Exploratory Study,Carol Wong; Gunnar Larsen; Rocky Huang; Bonita Sharif; Anthony Peruma,2025,2025 IEEE/ACM 33rd International Conference on Program Comprehension (ICPC),10.1109/ICPC66645.2025.00044,https://ieeexplore.ieee.org/document/11025922/,adjacent-subtopic,"Method names play an important role in communicating the purpose and behavior of their functionality. Research has shown that high-quality names significantly improve code comprehension and the overall maintainability of software. However, these studies primarily focus on naming practices in traditional software development. There is limited research on naming patterns in Jupyter Notebooks, a popular environment for scientific computing and data analysis. In this exploratory study, we analyze the naming practices found in 691 methods across 384 Jupyter Notebooks, focusing on three key aspects: naming style conventions, grammatical composition, and the use of abbreviations and acronyms. Our findings reveal distinct characteristics of notebook method names, including a preference for conciseness and deviations from traditional naming patterns. We identified 68 unique grammatical patterns, with only 55.57 % of methods beginning with a verb. Further analysis revealed that half of the methods with return statements do not start with a verb. We also found that 30.39 % of method names contain abbreviations or acronyms, representing mathematical or statistical terms and image processing concepts, among others. We envision our findings contributing to developing specialized tools and techniques for evaluating and recommending high-quality names in scientific code and creating educational resources tailored to the notebook development community.",ieee,llm,0.750,unreviewed,
