status,title,authors,year,venue,doi,url,tags,abstract,provider,decision_source,llm_confidence,llm_review_outcome,llm_change_direction
discarded,A EDUCAÇÃO DE JOVENS E ADULTOS NO SÉCULO XXI – DA ALFABETIZAÇÃO AO ENSINO PROFISSIONAL,Maria Margarida Machado,2011,Revista Inter-Ação,10.5216/ia.v36i2.16713,https://openalex.org/W2028617407,off-topic-false-hit,"This article presents an analysis of Youth and Adult Education, based on Federal Government measures for this type of education in the context of the first decade of the twenty-first century. The study focuses on dialogue with the proposed action initially aimed at promoting literacy, especially the Brazil Literate Program, and moves on to the education of youth and adult workers, with particular emphasis on PROEJA at the Instituto Federal de Goiás in Goiânia. The analysis of these actions and programs would indicate that there has been a broadening of the scope of proposals for the education of young people and adults. It is no longer restricted or focused only on literacy, but tends to bring basic and vocational education closer together. However, the initiatives have not yet become public policies involving people on a large scale, nor have they been any way influential in trying to get rid of a very commonly held view that young people and adults have little need of education. This reveals the country’s lack of awareness of the importance of the right of all to culture and education.",openalex,llm,1.000,unreviewed,
kept,Genome-wide binding analysis of 195 DNA binding proteins reveals “reservoir” promoters and human specific SVA-repeat family regulation,Michael J. Smallegan; Soraya I. Shehata; Savannah Spradlin; Alison R. Swearingen; Graycen E. Wheeler; Arpan Das; Giulia Corbet; Benjamin Nebenfuehr; Daniel Ahrens; Devin Tauber; Shelby R. Lennon; Kevin Choi; Thao Ngoc Huynh; Tom Wieser; Kristen Schneider; Michael S. Bradshaw; Joel Basken; Maria Eliana Lai; Timothy Read; Matt Hynes-Grace; Dan Timmons; Jon Demasi; John L. Rinn,2021,PLoS ONE,10.1371/journal.pone.0237055,https://openalex.org/W3175779963,supports-claim,"A key aspect in defining cell state is the complex choreography of DNA binding events in a given cell type, which in turn establishes a cell-specific gene-expression program. Here we wanted to take a deep analysis of DNA binding events and transcriptional output of a single cell state (K562 cells). To this end we re-analyzed 195 DNA binding proteins contained in ENCODE data. We used standardized analysis pipelines, containerization, and literate programming with R Markdown for reproducibility and rigor. Our approach validated many findings from previous independent studies, underscoring the importance of ENCODE's goals in providing these reproducible data resources. We also had several new findings including: (i) 1,362 promoters, which we refer to as 'reservoirs,' that are defined by having up to 111 different DNA binding-proteins localized on one promoter, yet do not have any expression of steady-state RNA (ii) Reservoirs do not overlap super-enhancer annotations and distinct have distinct properties from super-enhancers. (iii) The human specific SVA repeat element may have been co-opted for enhancer regulation and is highly transcribed in PRO-seq and RNA-seq. Collectively, this study performed by the students of a CU Boulder computational biology class (BCHM 5631 -Spring 2020) demonstrates the value of reproducible findings and how resources like ENCODE that prioritize data standards can foster new findings with existing data in a didactic environment.",openalex,llm,0.960,unreviewed,
discarded,"The ODD Protocol for Describing Agent-Based and Other Simulation Models: A Second Update to Improve Clarity, Replication, and Structural Realism",Volker Grimm; Steven F. Railsback; Christian E. Vincenot; Uta Berger; Cara A. Gallagher; Donald L. DeAngelis; Bruce Edmonds; Jiaqi Ge; Jarl Giske; Jürgen Groeneveld; Alice S. A. Johnston; Alexander Milles; Jacob Nabe‐Nielsen; Gary Polhill; Viktoriia Radchuk; Marie‐Sophie Rohwäder; Richard A. Stillman; Jan Christoph Thiele; Daniel Ayllón,2020,Journal of Artificial Societies and Social Simulation,10.18564/jasss.4259,https://openalex.org/W3014128467,adjacent-subtopic,"by Volker Grimm, Steven F. Railsback, Christian E. Vincenot, Uta Berger, Cara Gallagher, Donald L. DeAngelis, Bruce Edmonds, Jiaqi Ge, Jarl Giske, Jürgen Groeneveld, Alice S.A. Johnston, Alexander Milles, Jacob Nabe-Nielsen, J. Gareth Polhill, Viktoriia Radchuk, Marie-Sophie Rohwäder, Richard A. Stillman, Jan C. Thiele and Daniel Ayllón",openalex,llm,0.950,unreviewed,
kept,bookdown: Authoring Books and Technical Documents with R Markdown,Pedro Miguel Valero Mora,2018,Journal of Statistical Software,10.18637/jss.v087.b01,https://openalex.org/W2899246669,supports-claim,"Are you surprised to find a review of a book on software for formatting books in the Journal of Statistical Software?Well, do not be: there are strong arguments that make the bookdown package worth to be known by people who analyze data and then write books, reports, web sites, or e-books about their results.So, the bookdown package extends the literate programming facilities of knitr and the text-formatting capabilities of R Markdown to longer documents such as books or multipage sites by including automatic reference figuring, separated files for chapters or html pages, and easy export to L A T E X book documents.After using it for a few months, I can say it is a very good option, if not the best, for books or academical writing.However, although the bookdown package works very well once you master it, there is a downside: in order to take advantage of its capabilities you have to get acquainted also with other packages, programming languages, formats, syntax, commands, environments, nomenclature, and else.As in the Bach quote: ""It's easy to play any musical instrument: all you have to do is hit the right keys at the right time and the instrument will play itself"".The bookdown package will pay off very quickly if you have invested a fair amount of time in the past learning the technologies that it integrates, but if you have not, then the reward will take longer and you may even wonder if it is worth of the effort.And, if you are not willing to acquire the ABCs of these technologies, then you might probably be better off sticking to alternatives such as, cough, the word processor that we all love to hate.The first thing you have to know to take advantage of bookdown is, of course, R. If you are not familiar with it, and not interested in learning it, I think you can skip bookdown safely.But if you are not enticed by the currently most exciting statistical system it can be only because you are not interested in data analysis at all, and, in that case, why are you reading book reviews published in the Journal of Statistical Software?The second thing you need to know is knitr, one of the implementations in R of literate programming, a programming paradigm in which natural language explains the logic of code that is interspersed with it, with the particularity that the code can be extracted automatically and executed as a normal program later on.This way, programs and documentation are not separated and programmers can write them following the logic of their thoughts.Literate",openalex,llm,0.930,unreviewed,
kept,"Bacatá: Notebooks for DSLs, Almost for Free",Mauricio Verano Merino; Jurgen Vinju; Tijs van der Storm,2020,The Art Science and Engineering of Programming,10.22152/programming-journal.org/2020/4/11,https://openalex.org/W3005653651,supports-claim,"Context: Computational notebooks are a contemporary style of literate programming, in which users can communicate and transfer knowledge by interleaving executable code, output, and prose in a single rich document.A Domain-Specific Language (DSL) is a software language tailored for an application domain.Usually, DSL users are domain experts that may not have a software engineering background.Therefore, they might not be familiar with Integrated Development Environments (IDEs).In brief, the development of tools that offer different interfaces for interacting with a DSL is relevant.Inquiry: However, DSL designers' resources are limited.We want to leverage General-purpose Languages (GPLs) tooling in the context of DSLs.Computational notebooks are an example of such tools.Then, our main question is: What is an efficient and effective method of designing and implementing notebook interfaces for DSLs?By addressing this question, we might be able to speed up the development of DSL tools, and ease the interaction between end-users and DSLs.Approach: In this paper, we present Bacatá, a mechanism for generating notebook interfaces for external DSLs in a language-parametric fashion.This mechanism is designed in a way in which language engineers can reuse as many language components as possible (e.g., language processors, type checkers, code generators).In addition, we present a Feature-Oriented Domain Analysis that depicts language dependent and language independent features of computational notebooks.Knowledge: Our results show that notebook interfaces generated by Bacatá can be used with little manual configuration.However, there are a few considerations and caveats that should be addressed by language engineers that rely on language design aspects.The creation of a notebook for a DSL with Bacatá becomes a matter of writing the code that wires existing language components in the Rascal language workbench with the Jupyter platform.Grounding: We evaluate Bacatá by generating functional computational notebook interfaces for three different non-trivial DSLs, namely: a small subset of Halide (a DSL for digital image processing), SweeterJS (an extended version of JavaScript), and QL (a DSL for questionnaires).Additionally, it is relevant to generate notebook implementations rather than implementing them manually.To illustrate this, we measured and compared the number of source lines of code that we reused from existing implementations of those languages.Importance: The adoption of notebooks by novice-programmers and end-users has made them very popular in several domains such as exploratory programming, data science, data journalism, and machine learning.Why are they popular?In (data) science, it is essential to make results reproducible as well as understandable.However, notebooks are only available for GPLs.This paper opens the notebook metaphor for DSLs to improve the end-user experience when interacting with code and to increase DSLs adoption.",openalex,llm,0.970,unreviewed,
kept,A First Look,Yihui Xie,2016,,10.1201/b15166-11,https://openalex.org/W3005203927,supports-claim,"The knitr package is a general-purpose literate programming engine — it supports document formats including LATEX, HTML, and Markdown (see Chapter 5), and programming languages such as R, Python, awk, C++, and shell scripts (Chapter 11). Before we get started, we need to install knitr in R. Then we will introduce the basic concepts with minimal examples. Finally, we will show how to generate reports quickly from pure R scripts, which can be useful for beginners who do not know anything about dynamic documents.",openalex,llm,0.920,unreviewed,
kept,R.rsp: Dynamic Generation of Scientific Reports,Henrik Bengtsson,2006,,10.32614/cran.package.r.rsp,https://openalex.org/W4399648232,supports-claim,"The RSP markup language makes any text-based document come alive. RSP provides a powerful markup for controlling the content and output of LaTeX, HTML, Markdown, AsciiDoc, Sweave and knitr documents (and more), e.g. 'Today's date is <%=Sys.Date()%>'. Contrary to many other literate programming languages, with RSP it is straightforward to loop over mixtures of code and text sections, e.g. in month-by-month summaries. RSP has also several preprocessing directives for incorporating static and dynamic contents of external files (local or online) among other things. Functions rstring() and rcat() make it easy to process RSP strings, rsource() sources an RSP file as it was an R script, while rfile() compiles it (even online) into its final output format, e.g. rfile('report.tex.rsp') generates 'report.pdf' and rfile('report.md.rsp') generates 'report.html'. RSP is ideal for self-contained scientific reports and R package vignettes. It's easy to use - if you know how to write an R script, you'll be up and running within minutes.",openalex,llm,0.950,unreviewed,
kept,Software documentation with markdoc 5.0,E. F. Haghish,2020,The Stata Journal Promoting communications on statistics and Stata,10.1177/1536867x20931000,https://openalex.org/W3036185194,supports-claim,"markdoc is a general-purpose literate programming package for generating dynamic documents, dynamic presentation slides, Stata help files, and package vignettes in various formats. In this article, I introduce markdoc version 5.0, which performs independently of any third-party software, using the mini engine. The mini engine is a lightweight alternative to Pandoc (MacFarlane [2006, https://pandoc.org/ ]), completely written in Stata. I also propose a procedure for remodeling package documentation and data documentation in Stata and present a tutorial for generating help files, package vignettes, and GitHub Wiki documentation using markdoc.",openalex,llm,0.980,unreviewed,
kept,Beautiful code - circularity and anti-foundation axiom,T. V. Gopal,2016,International Journal of Computational Systems Engineering,10.1504/ijcsyse.2016.079001,https://openalex.org/W2507146323,supports-claim,"Computing is essentially a combination of theoretical, scientific, and engineering traditions. Programming is a process of mapping the computing problem into a form that can be executed on an automaton. The resulting software implementations are representations (models) of real-world conceptual systems. The engineering processes move a concept from the realm of actions (concepts) to the realm of representations (technology). Modelling the application in terms of well-defined structures and algorithms' is the most important step towards evolving a solution. It is becoming increasingly difficult to decide on a correct solution while building complex evolving software. This paper demonstrates 'literate programming' and 'software aesthetics' as two best practices that may result in deciding early the beautiful solutions that can be verified and validated.",openalex,llm,0.840,unreviewed,
discarded,Semi-automated extraction of morphological grammars for Nguni with special reference to Southern Ndebele,Laurette Pretorius; Sonja E. Bosch,2012,,,https://openalex.org/W2187788789,adjacent-subtopic,"A finite-state morphological grammar for Southern Ndebele, a seriously under-resourced language, has been semi-automatically obtained from a general Nguni morphological analyser, which was bootstrapped from a mature hand-written morphological analyser for Zulu. The results for Southern Ndebele morphological analysis, using the Nguni analyser, are surprisingly good, showing that the Nguni languages (Zulu, Xhosa, Swati and Southern Ndebele) display significant cross-linguistic similarities that can be exploited to accelerate documentation, resource-building and software development. The project embraces recognized best practices for the encoding of resources to ensure sustainability, access, and easy adaptability to future formats, lingware packages and development platforms. The normalisation and technological development of under-resourced languages not only involves the creation of basic resources, tools and technologies for processing these languages electronically, but also requires that such work be sustainable. Sustainability means that resources will remain accessible and available into the future even if the formats, software systems and development platforms on which they were developed become obsolete. To be sustainable they must even transcend communities of practice, domains of applications and the passage of time (Simons & Bird, 2008). Maxwell’s (2012) approach to the sustainability of (morphological) grammars is of significance. He makes the point that grammatical descriptions must be reproducible (testable) and archivable, and shows that by making a grammar, including machine-processible rules, archivable, it also becomes reproducible. By using literate programming a descriptive and a formal grammar are interwoven. Furthermore, the formal grammar is a structured XML version of the descriptive grammar and is also parsing technology agnostic. In other words, it is archivable, (re)producible, human and machine-readable.",openalex,llm,0.880,unreviewed,
kept,A Case Study of Writing to Learn to Program: Codebook Implementation and Analysis,Mahnas Mohammadi-Aragh; Phyllis Beck; Amy J. Barton; Bryan A. Jones,2020,,10.18260/1-2--31943,https://openalex.org/W2959740546,adjacent-subtopic,"Abstract Introductory computer science courses continue to be a barrier to engineers who are pursuing a computing degree pathway. Learning to program requires students to self-monitor and self-assess their programming metacognition. Based on the idea that writing is a visual representation of thinking, Writing-to-learn (WTL) activities are usually short, low-stakes writing assignments that are designed to promote reflection, analysis, synthesis, and deeper understanding of course material. WTL activities can promote metacognition in any discipline. The research discussed in this paper focuses on answering the following two research questions: RQ1) What do source code comments tell us about novice programmers’ organizational and thinking processes while coding? RQ2) How do WTL activities impact novice programmers’ organizational and thinking processes? In this paper, we present a case study that demonstrates how we used WTL techniques and the literate programming paradigm in an introductory programming course. Next, we detail our analysis using three laboratory assignments to describe how we analyzed student submissions to create a qualitative codebook for students’ Visual Organization Strategy and Thinking Processes. Students’ Visual Organization Strategy is a top-level overview of the organizational structure of students’ code and the underlying characteristics such as white-space, commenting patterns, and blocks of code that students use to visually communicate the structure of their code. We identified five Visual Organization Strategies: Block-level, Unitization, Every-line, insufficient and None. Student’s Thinking Processes are a line-by-line determination of the level of programming metacognition and strategic knowledge. Our efforts resulted in six categories of Thinking Processes: Organizational, Reflective, Conceptual, Literal, Insufficient, and None. We conclude the paper with initial classification results for WTL sections, and a description of future applications of our research.",openalex,llm,0.780,unreviewed,
discarded,On Two Infinite Families of Pairing Bijections,Paul Tarau,2013,arXiv (Cornell University),10.48550/arxiv.1301.0129,https://openalex.org/W1581352711,adjacent-subtopic,"We describe two general mechanisms for producing pairing bijections (bijective functions defined from N x N to N). The first mechanism, using n-adic valuations results in parameterized algorithms generating a countable family of distinct pairing bijections. The second mechanism, using characteristic functions of subsets of N provides 2^N distinct pairing bijections. Mechanisms to combine such pairing functions and their application to generate families of permutations of N are also described. The paper uses a small subset of the functional language Haskell to provide type checked executable specifications of all the functions defined in a literate programming style. The self-contained Haskell code extracted from the paper is available at http://logic.cse.unt.edu/tarau/research/2012/infpair.hs .",openalex,llm,0.720,unreviewed,
discarded,rotl: an R package to interact with the Open Tree of Life data,François Michonneau; Joseph W. Brown; David J. Winter,2016,Methods in Ecology and Evolution,10.1111/2041-210x.12593,https://openalex.org/W2177436571,off-topic-false-hit,"Summary While phylogenies have been getting easier to build, it has been difficult to reuse, combine and synthesize the information they provide because published trees are often only available as image files, and taxonomic information is not standardized across studies. The Open Tree of Life (OTL) project addresses these issues by providing a digital tree that encompasses all organisms, built by combining taxonomic information and published phylogenies. The project also provides tools and services to query and download parts of this synthetic tree, as well as the source data used to build it. Here, we present rotl, an R package to search and download data from the Open Tree of Life directly in R. rotl uses common data structures allowing researchers to take advantage of the rich set of tools and methods that are available in R to manipulate, analyse and visualize phylogenies. Here, and in the vignettes accompanying the package, we demonstrate how rotl can be used with other R packages to analyse biodiversity data. As phylogenies are being used in a growing number of applications, rotl facilitates access to phylogenetic data and allows their integration with statistical methods and data sources available in R.",openalex,llm,0.930,unreviewed,
