status,title,authors,year,venue,doi,url,tags,abstract,provider,decision_source,llm_confidence,llm_review_outcome,llm_change_direction
discarded,Algorithmic Debugging and Literate Programming to Generate Feedback in Intelligent Tutoring Systems,Claus Zinn,2014,Lecture notes in computer science,10.1007/978-3-319-11206-0_4,https://openalex.org/W21646973,adjacent-subtopic,,openalex,llm,0.640,unreviewed,
kept,Literate programming in APL and APLWEB,Lee J. Dickey,1993,ACM SIGAPL APL Quote Quad,10.1145/173834.173841,https://openalex.org/W1966325284,supports-claim,No abstract available.,openalex,llm,0.900,unreviewed,
kept,DESL: A Literate Programming Language Framework for Interoperable Parallel Discrete Event Simulation,Simone Bauco; Romolo Marotta; Alessandro Pellegrini,2025,,10.1145/3726301.3728420,https://openalex.org/W4411515866,supports-claim,"Simulation is indispensable for advanced scientific research, enabling accurate explorations of complex phenomena and supporting evidence-based decision-making across interdisciplinary boundaries. Parallel Discrete Event Simulation (PDES) provides substantial advantages in modelling large-scale systems by distributing computational tasks among multiple processors, enhancing scalability. However, exploiting it is extremely challenging due to obstacles in model efficiency, concurrency control, reproducibility, and maintainability. Furthermore, the large number of available PDES run-time environments makes it difficult to explore their (performance) capabilities for some specific model, hindering the identification of the best-suited technology for a certain simulation study. To address these limitations, we introduce a unified framework grounded in literate programming and model-driven engineering, integrating interwoven documentation and model logic within a single source. This design enhances intrinsic consistency between model logic and explanatory content, while enabling the generation of model implementations tailored to multiple runtime environments, thus allowing simulationists to focus on model development without being locked in to any specific technology or environment. This facilitates model reuse and performance comparisons across diverse execution environments. We show the viability of this approach by providing the first-ever experimental comparison across three different simulators, starting from the same model implementation.",openalex,llm,0.950,unreviewed,
discarded,"LUME: Eliminating Cognitive Distance - A Deterministic Natural-Language Programming Language with Intent-Resolving Compilation, Voice Input, Certified Security, and Synthetic Organism Runtime",Ronald Jason Andrews,2026,Zenodo (CERN European Organization for Nuclear Research),10.5281/zenodo.19382282,https://openalex.org/W7148269042,off-topic-false-hit,"Lume is a deterministic natural-language programming language that accepts natural English as valid source code. The compiler uses a 7-layer intent resolution pipeline in which Layers 1 through 6 are entirely deterministic; AI is used only as an optional final fallback. Version 1.1.0 introduces the Full-Stack Expansion Block: a 31-rule Deterministic Inference Rulebook (LDIR), Ed25519-signed Lume Trust Certificates (LTC), a Synthetic Organism Runtime (SOR) with a 7-state cell lifecycle and deterministic signal bus, and the Lume Multi-Agent Deterministic Protocol (LMADP). The compiler introduces a novel three-layer security model with live AST-level scanning that produces tamper-evident certificates embedded in the compiled output — a paradigm called ""certified at birth."" [...] v6 expands the Related Work section with critical academic references including Green and Petre's Cognitive Dimensions of Notations (1996), Erlang/OTP supervision trees (Armstrong, 2003), program synthesis (Gulwani's FlashFill, Solar-Lezama's Sketch), Knuth's Literate Programming, Simonyi's Intentional Programming, and the EU AI Act (2024). Patent pending — DarkWave Studios LLC. 38 ecosystem apps, 2,358 tests across 63 test files with 0 failures, 93 source modules, 179 patterns, 10 human languages, 5 compilation targets. **v6 — Updated April 16, 2026.**",openalex,llm,0.990,unreviewed,
discarded,A Practical Guide for Improving Transparency and Reproducibility in Neuroimaging Research,Krzysztof J. Gorgolewski; Russell A. Poldrack,2016,PLoS Biology,10.1371/journal.pbio.1002506,https://openalex.org/W2300867265,adjacent-subtopic,"Recent years have seen an increase in alarming signals regarding the lack of replicability in neuroscience, psychology, and other related fields. To avoid a widespread crisis in neuroimaging research and consequent loss of credibility in the public eye, we need to improve how we do science. This article aims to be a practical guide for researchers at any stage of their careers that will help them make their research more reproducible and transparent while minimizing the additional effort that this might require. The guide covers three major topics in open science (data, code, and publications) and offers practical advice as well as highlighting advantages of adopting more open research practices that go beyond improved transparency and reproducibility.",openalex,llm,0.820,unreviewed,
discarded,Literary criticism and programming pedagogy,Corey Schou; Roland Nord,1988,,10.1145/322609.322617,https://openalex.org/W2021239524,off-topic-false-hit,"If one grants certain similarities between the programming and writing processes, then the critical perspectives adopted by the readers of literature may be generalizable to the readers of program texts. M.H. Abrams' classification of literary critical theories as expressive, mimetic, pragmatic, or objective serves as an impetus for a discussion of the reading and writing of program texts. Recognition that program texts can be viewed from numerous perspectives may serve as a liberating force in programming pedagogy.",openalex,llm,0.920,unreviewed,
kept,Natural Language Outlines for Code: Literate Programming in the LLM Era,Kensen Shi; Deniz Altınbüken; Saswat Anand; Mihai Christodorescu; Katja Grünwedel; Alexa Koenings; S Sanyasi Naidu; A. D. Pathak; Marc Rasi; Fredde Ribeiro; Brandon Ruffin; Siddhant Sanyam; Maxim Tabachnyk; Sara Toth; Roy Tu; Tobias Welp; Pengcheng Yin; Manzil Zaheer; Satish Chandra; Charles Sutton,2024,arXiv (Cornell University),10.48550/arxiv.2408.04820,https://openalex.org/W4402559751,adjacent-subtopic,"We propose using natural language outlines as a novel modality and interaction surface for providing AI assistance to developers throughout the software development process. An NL outline for a code function comprises multiple statements written in concise prose, which partition the code and summarize its main ideas in the style of literate programming. Crucially, we find that modern LLMs can generate accurate and high-quality NL outlines in practice. Moreover, NL outlines enable a bidirectional sync between code and NL, where a developer can change either code or NL and have the LLM automatically update the other. We discuss many use cases for NL outlines: they can accelerate understanding and navigation of code and diffs, simplify code maintenance, augment code search, steer code generation, and more. We then propose and compare multiple LLM prompting techniques for generating outlines and ask professional developers to judge outline quality. Finally, we present two case studies applying NL outlines toward code review and malware detection.",openalex,llm,0.890,unreviewed,
kept,Literate Statistical Practice,Anthony Rossini; Friedrich Leisch,2003,Collection of Biostatistics Research Archive,,https://openalex.org/W178162822,supports-claim,"Literate Statistical Practice (LSP, Rossini, 2001) describes an approach for creating self-documenting statistical results. It applies literate programming (Knuth, 1992) and related techniques in a natural fashion to the practice of statistics. In particular, documentation, specification, and descriptions of results are written concurrently with writing and evaluation of statistical programs. We discuss how and where LSP can be integrated into practice and illustrate this with an example derived from an actual statistical consulting project. The approach is simplified through the use of a comprehensive, open source toolset incorporating Noweb, Emacs Speaks Statistics (ESS), Sweave (Ramsey, 1994; Rossini, et al, 2002; Leisch, 2002; Ihaka and Gentlemen, 1996). We conclude with an assessment of LSP for the construction of reproducible, auditable, and comprehensible statistical analyses.",openalex,llm,0.990,unreviewed,
discarded,The case for case studies of programming problems,Marcia C. Linn; Michael Clancy,1992,Communications of the ACM,10.1145/131295.131301,https://openalex.org/W2098307754,adjacent-subtopic,"article Free Access Share on The case for case studies of programming problems Authors: Marcia C. Linn School of Education, 4611 Tolman School of Education, 4611 TolmanView Profile , Michael J. Clancy EECS/Computer Science, 545 Evans Hall, at the University of California, Berkeley, CA EECS/Computer Science, 545 Evans Hall, at the University of California, Berkeley, CAView Profile Authors Info & Claims Communications of the ACMVolume 35Issue 3March 1992 pp 121–132https://doi.org/10.1145/131295.131301Published:01 March 1992Publication History 220citation2,000DownloadsMetricsTotal Citations220Total Downloads2,000Last 12 Months270Last 6 weeks83 Get Citation AlertsNew Citation Alert added!This alert has been successfully added and will be sent to:You will be notified whenever a record that you have chosen has been cited.To manage your alert preferences, click on the button below.Manage my Alerts New Citation Alert!Please log in to your account Save to BinderSave to BinderCreate a New BinderNameCancelCreateExport CitationPublisher SiteeReaderPDF",openalex,llm,0.950,unreviewed,
kept,Experience with literate programming in the modelling and validation of systems,Theo C. Ruys; Ed Brinksma,1998,Lecture notes in computer science,10.1007/bfb0054185,https://openalex.org/W2131983024,supports-claim,,openalex,llm,0.880,unreviewed,
kept,Experiences of 'Literate Programming' using cweb (a variant of Knuth's WEB),Harold Thimbleby,1986,The Computer Journal,10.1093/comjnl/29.3.201,https://openalex.org/W2106005943,qualifies-claim,"Cweb is a literate programming system for the programming language C. Experience developing and using it forms the basis of this paper, the purpose of which is to: support Knuth's enthusiasm for literate programming; discuss developments in literate programming support, both within the current framework of cweb and to interactive graphics support; discuss the implementation issues, considering cweb as part of a simple IPSE (Integrated Project Support Environment); the conclusions for IPSEs appear pessimistic.",openalex,llm,0.980,unreviewed,
kept,Computational Reproducibility in Archaeological Research: Basic Principles and a Case Study of Their Implementation,Ben Marwick,2016,Journal of Archaeological Method and Theory,10.1007/s10816-015-9272-9,https://openalex.org/W2224340517,adjacent-subtopic,"The use of computers and complex software is pervasive in archaeology, yet their role in the analytical pipeline is rarely exposed for other researchers to inspect or reuse. This limits the progress of archaeology because researchers cannot easily reproduce each other’s work to verify or extend it. Four general principles of reproducible research that have emerged in other fields are presented. An archaeological case study is described that shows how each principle can be implemented using freely available software. The costs and benefits of implementing reproducible research are assessed. The primary benefit, of sharing data in particular, is increased impact via an increased number of citations. The primary cost is the additional time required to enhance reproducibility, although the exact amount is difficult to quantify.",openalex,llm,0.830,unreviewed,
kept,Literate programming on a team project,Norman F. Ramsey; Carla Marceau,1991,Software Practice and Experience,10.1002/spe.4380210703,https://openalex.org/W2055306606,qualifies-claim,"Abstract We used literate programming on a team project to write a 33,000 line program for the Synthesizer Generator. The program, Penelope, was written using WEB, a tool designed for writing literate programs. Unlike other WEB programs, many of which have been written by WEB's developer or by individuals, Penelope was not intended to be published. We used WEB in the hope that both our team and its final product would benefit from the advantages often attributed to literate programming. The WEB source served as good internal documentation throughout development and maintenance, and it continues to document Penelope's design and implementation. Our experience also uncovered a number of problems with WEB.",openalex,llm,0.990,unreviewed,
discarded,Meta-environment and executable meta-language using smalltalk: an experience report,Sté́phane Ducasse; Tudor Gîrba; Adrian Kuhn; Lukas Renggli,2008,Software & Systems Modeling,10.1007/s10270-008-0081-4,https://openalex.org/W2075475229,off-topic-false-hit,"Object-oriented modelling languages such as EMOF are often used to specify domain specific meta-models. However, these modelling languages lack the ability to describe behavior or operational semantics. Several approaches have used a subset of Java mixed with OCL as executable meta-languages. In this experience report we show how we use Smalltalk as an executable meta-language in the context of the Moose reengineering environment. We present how we implemented EMOF and its behavioral aspects. Over the last decade we validated this approach through incrementally building a meta-described reengineering environment. Such an approach bridges the gap between a code-oriented view and a meta-model driven one. It avoids the creation of yet another language and reuses the infrastructure and run-time of the underlying implementation language. It offers an uniform way of letting developers focus on their tasks while at the same time allowing them to meta-describe their domain model. The advantage of our approach is that developers use the same tools and environment they use for their regular tasks. Still the approach is not Smalltalk specific but can be applied to language offering an introspective API such as Ruby, Python, CLOS, Java and C#.",openalex,llm,0.930,unreviewed,
kept,Using literate programming to teach good programming practices,Stephen Shum; Curtis R. Cook,1994,,10.1145/191029.191059,https://openalex.org/W2022870891,supports-claim,"The ability to comprehend a program written by other individuals is becoming increasingly important in software development and maintenance. In an attempt to encourage undergraduate Computer Science students to write informative and usable documentation, the literate programming paradigm was incorporated into the teaching of one undergraduate Computer Science course at Augustana College. This paper describes the concept of literate programming, the experience of using literate programming to teach good programming practices, and the results from the experiment that showed that literate programming encourages more documentation.",openalex,llm,0.960,unreviewed,
kept,Using literate programming to teach good programming practices,Stephen Shum; Curtis R. Cook,1994,ACM SIGCSE Bulletin,10.1145/191033.191059,https://openalex.org/W3063251119,supports-claim,"The ability to comprehend a program written by other individuals is becoming increasingly important in software development and maintenance. In an attempt to encourage undergraduate Computer Science students to write informative and usable documentation, the literate programming paradigm was incorporated into the teaching of one undergraduate Computer Science course at Augustana College. This paper describes the concept of literate programming, the experience of using literate programming to teach good programming practices, and the results from the experiment that showed that literate programming encourages more documentation.",openalex,llm,0.960,unreviewed,
kept,SHARE: a web portal for creating and sharing executable research papers,Pieter Van Gorp; Steffen Mazanek,2011,Procedia Computer Science,10.1016/j.procs.2011.04.062,https://openalex.org/W2040463770,adjacent-subtopic,"This paper describes how SHARE (Sharing Hosted Autonomous Research Environments) satisfies the criteria of the Elsevier 2011 Executable Paper Grand Challenge. This challenge aims at disseminating the use of systems that provide reviewers and fellow scientists a convenient way to reproduce computational results of research papers. This can involve among others the calculation of a number, the plotting of a diagram, the automatic proof of a theorem or the interactive transformation of various inputs into a complex output document. Besides reproducing the literate results, readers of an executable paper should also be able to explore the result space by entering different input parameters than the ones reported in the original text. SHARE is a web portal that enables academics to create, share, and access remote virtual machines that can be cited from research papers. By deploying in SHARE a copy of the required operating system as well as all the relevant software and data, authors can make a conventional paper fully reproducible and interactive. Shared virtual machines can also contain the original paper text— when desirable even with embedded computations. This paper shows the concrete potential of SHARE-based articles by means of an example virtual machine that is based on a conventional research article published by Elsevier recently. More generally, it demonstrates how SHARE has supported the publication workflow of a journal special issue and various workshop proceedings. Finally, it clarifies how the SHARE architecture supports among others the Elsevier challenge's licensing and scalability requirements without domain specific restrictions.",openalex,llm,0.910,unreviewed,
kept,An annotated bibliography of literate programming,Lisa M. Smith; Mansur H. Samadzadeh,1991,ACM SIGPLAN Notices,10.1145/122203.122204,https://openalex.org/W1977626599,supports-claim,This bibliography on literate programming was compiled while researching for a Master's thesis. The idea was obtained,openalex,llm,0.970,unreviewed,
kept,Literate Program Execution for Reproducible Research and Executable Papers,Sébastien Li‐Thiao‐Té,2012,Procedia Computer Science,10.1016/j.procs.2012.04.047,https://openalex.org/W1994235115,supports-claim,"Lepton is an automaton for literate executable papers. It enables researchers to publish their work in the form of a script or program that can generate the research paper along with the corresponding source code, input data and output results. Lepton files do not contain pre-computed results, but the full set of instructions for reproducing the results presented in the manuscript. Taking inspiration from literate programming for code review and code re-use, we have written Lepton to facilitate the review and re-use of computational methods. Lepton is designed to provide strong guarantees for the reproducibil-ity of the results, many features for easily applying the methods to new data while remaining unobtrusive and easy to deploy in any environment. Lepton is designed for writing reproducible technical reports during method development, and journal manuscripts when the research is polished. Developped independently from the Elsevier Executable Paper Grand Challenge, it addresses similar issues and objectives. This manuscript was written with Lepton.",openalex,llm,0.970,unreviewed,
kept,FWEB: a literate programming system for Fortran8x,A. Avenarius; S. Oppermann,1990,ACM SIGPLAN Notices,10.1145/74105.74112,https://openalex.org/W2006437031,supports-claim,The new FWEB system applies the concept of literate programming to the FORTRAN8X language. Its design and implementation provided an opportunity to field-test WEB's applicability and provoked some reflections on its underlying concepts.,openalex,llm,0.940,unreviewed,
kept,Literate program derivation: A case study,Peter Pepper,2005,Lecture notes in computer science,10.1007/bfb0018271,https://openalex.org/W1590845931,adjacent-subtopic,,openalex,llm,0.800,unreviewed,
kept,Literate programming,Christopher J. Van Wyk,1987,Communications of the ACM,10.1145/28569.315738,https://openalex.org/W2340449256,origin,"article Free Access Share on Literate programming Author: Christopher J. Van Wyk AT&T Bell Laboratories, Room 2C-457, 600 Mountain Avenue, Murray Hill, NJ AT&T Bell Laboratories, Room 2C-457, 600 Mountain Avenue, Murray Hill, NJView Profile Authors Info & Claims Communications of the ACMVolume 30Issue 7July 1987 pp 583–599https://doi.org/10.1145/28569.315738Published:01 July 1987Publication History 4citation621DownloadsMetricsTotal Citations4Total Downloads621Last 12 Months21Last 6 weeks2 Get Citation AlertsNew Citation Alert added!This alert has been successfully added and will be sent to:You will be notified whenever a record that you have chosen has been cited.To manage your alert preferences, click on the button below.Manage my Alerts New Citation Alert!Please log in to your account Save to BinderSave to BinderCreate a New BinderNameCancelCreateExport CitationPublisher SiteeReaderPDF",openalex,llm,0.920,unreviewed,
