status,title,authors,year,venue,doi,url,tags,abstract,provider,decision_source,llm_confidence,llm_review_outcome,llm_change_direction
discarded,<i>Vitabel</i>: A Python Framework for Visualizing and Labelling High-Resolution Physiological Data for Critical Care Machine Learning,"Orlob, Simon; Kern, Wolfgang J.; Hackl, Benjamin; Wnent, Jan; Grasner, Jan-Thorsten; Holler, Martin",2026,JOURNAL OF MEDICAL SYSTEMS,10.1007/s10916-026-02417-x,https://www.webofscience.com/wos/woscc/full-record/WOS:001788277000002,adjacent-subtopic,"Artificial intelligence offers great opportunities in critical care, particularly when a vast amount of continuously acquired physiological data is incorporated. High-quality, reliably labelled data are paramount for developing and training artificial intelligence methods. However, routinely recorded data in critical care are often noisy, and the sheer volume of high-resolution data is challenging to manage. Generalizable solutions for these problems are lacking, restricting progress. To address these barriers, we developed Vitabel, an open-source Python framework for post hoc loading, visualizing, aligning, and annotating medical time series. The framework provides sensible defaults and interactive components for efficient use in preconfigured workflows, while remaining flexible and extendable for custom analysis and annotation pipelines. It integrates seamlessly into Jupyter Notebooks, providing an interactive, customizable interface for visual interaction with the data. In this publication, we demonstrate its utility across three use cases. The code and exemplary data are provided as browser-based demos. Vitabel is freely available and published under the MIT license accompanying this publication.",wos,llm,0.950,unreviewed,
discarded,eMZed 3: flexible and interactive development of scalable LC-MS/MS data analysis workflows in python,"Schmitt, Uwe; Hemmann, Jethro; Zamboni, Nicola; Vorholt, Julia A.; Kiefer, Patrick",2026,BIOINFORMATICS ADVANCES,10.1093/bioadv/vbag138,https://www.webofscience.com/wos/woscc/full-record/WOS:001785537200001,adjacent-subtopic,"Liquid chromatography-mass spectrometry (LC-MS/MS) data analysis requires adaptable software solutions to meet diverse analytical needs. We present eMZed 3, a modern Python framework for flexible and interactive analysis of LC-MS/MS data. eMZed 3 enables users to develop scalable workflows tailored to their specific requirements while leveraging Python's extensive ecosystem of libraries. Building on its predecessor, eMZed 3 is now Python 3-based and includes substantial enhancements, including support for chromatogram-based LC-MS data, a new SQLite-based backend supporting optional out-of-memory processing, and rich interactive visualization tools. Compared to the previous version, eMZed 3 is now split into three packages: emzed (core functionalities), emzed-gui (interactive data visualization), and emzed-spyder (an integrated development environment). This modular architecture allows straightforward integration of the emzed core library into headless Python environments, including computational notebooks (such as Jupyter) or high-performance computing clusters. eMZed 3 incorporates well-established libraries such as OpenMS, and is suited for both targeted and untargeted metabolomics. Overall, eMZed 3 supports the efficient development of scalable and reproducible LC-MS data analysis and is accessible to both novice and advanced programmers.Availability and implementation eMZed 3 and its documentation are freely available at https://emzed.ethz.ch, the source code is hosted at https://gitlab.com/groups/emzed3. An online-executable example workflow is available on Binder at: https://mybinder.org/v2/gl/emzed3%2Femzed-example-workflow/HEAD?_labpath=example.ipynb.Availability and implementation eMZed 3 and its documentation are freely available at https://emzed.ethz.ch, the source code is hosted at https://gitlab.com/groups/emzed3. An online-executable example workflow is available on Binder at: https://mybinder.org/v2/gl/emzed3%2Femzed-example-workflow/HEAD?_labpath=example.ipynb.",wos,llm,0.940,unreviewed,
kept,Open science meets orange skies: K-12 educators' engagement with computational notebooks to explore scientific events with human impacts,"Wilkerson, Michelle H.; Shin, Jung Min; Ban, Sun Young",2026,ZDM-MATHEMATICS EDUCATION,10.1007/s11858-026-01798-0,https://www.webofscience.com/wos/woscc/full-record/WOS:001769014100001,adjacent-subtopic; established,"Computational notebooks are becoming a popular method to introduce mathematics, data, and scientific computing concepts to secondary students. Advocates argue computational notebooks encourage transparency and reproducibility in student work and can enable more personalized investigations of publicly available civic and scientific datasets. However, little is known about how teachers navigate these complex artifacts, let alone how they might support their students in doing so. In this paper, we investigate six pre-service and two in-service K-12 teachers' sensemaking during a structured clinical think-aloud interview as they engaged with a computational notebook that examines disruptions in local air quality. The notebook presented a common event (annual fireworks) and an extreme event that impacted human health, during which the skies above the greater metropolitan San Francisco Bay region in California, USA turned orange due to wildfire pollution (""Orange Skies Day"", Sept 9, 2020). We examine the ideas that participants engaged as they interacted with the notebooks, and identify three ways in which they interacted with code in the notebook: to make sense of the scientific phenomenon (all participants), to make sense of the available data (6 out of 8 participants), and/or integrate these two dimensions (4 out of 8 participants). We present examples of each of these three forms of sensemaking, highlight their similarities and distinguishing features, and discuss implications for teacher education.",wos,llm,0.690,unreviewed,
kept,Reproducibility assessment of Dextrusion: A deep learning pipeline for detecting epithelial cell extrusion events,"Condon, Nicholas D.; Wang, Jian Xiong; Felder, Alessandro A.",2026,JOURNAL OF MICROSCOPY,10.1111/jmi.70101,https://www.webofscience.com/wos/woscc/full-record/WOS:001757450400001,adjacent-subtopic; criticism; qualifies-claim,"Reproducibility is essential for scientific software but can be hindered by technical and maintenance challenges. As part of the Global Bioimage Analyst Society reproducibility initiative, we evaluated Dextrusion, a deep learning pipeline for detecting epithelial cell extrusion events published by Villars et al. The code is openly available and supported by example datasets, ImageJ macros, and Jupyter notebooks. We can independently confirm the repeatability (using the provided example data) and reproducibility (using new semi-synthetic confocal data) to detect cell death and division events using Dextrusion. This mini-review highlights both the strengths of Dextrusion, including transparency and performance, and the wider challenges of long-term sustainability and platform compatibility in publishing scientific software.",wos,llm,0.700,unreviewed,
discarded,A Python-based package for X-ray phase contrast imaging data analysis and CT reconstruction: first developments,"Vigorelli, L.; Marcucci, G.; Di Martino, D.; Di Francia, E.; Lo Giudice, A.; Guidorzi, L.; Garagiola, C.; Trocino, D.; Cerello, P.; Magalini, M.; Marabotto, M.; Fiorina, E.; Mosco, N.; Ramello, L.; Boano, R.; Giustetto, R.; Ricchiardi, G.; Pozzi, F.; Ricci, C.; Re, A.",2026,JOURNAL OF INSTRUMENTATION,10.1088/1748-0221/21/04/C04077,https://www.webofscience.com/wos/woscc/full-record/WOS:001756073900001,adjacent-subtopic,"X-ray imaging has improved significantly as a high-resolution and non-invasive probe to detect the internal structures of samples in different fields. While the conventional absorption contrast method is particularly beneficial for characterising medium-density samples (but not for low-Z materials), Phase Contrast X-ray imaging is an effective technique for detecting low contrast details in weakly absorbing samples. As such, it has great potential in many fields of application, delivering high-quality information on micro-structural features. X-ray Grating Interferometry is one of the techniques vastly adopted at both synchrotron facilities and laboratories for phase contrast analysis, where the diffraction patterns generated by gratings are used to extract phase information. In this paper, a Python-based package for signals extraction (absorption, differential phase and dark field) and computed tomography reconstruction is illustrated; the code is developed in the framework of the PRIN2022 PITCH Italian project, based on a Metaljet X-ray source in a laboratory setup installed at the University of Torino, and focused on the analysis of Cultural Heritage materials. This package can be used through preset Jupyter Notebooks for the different tasks; also, a user-friendly GUI is in preparation.",wos,llm,0.940,unreviewed,
kept,Data Mining for Materials Science: A Jupyter-Based Tutorial for Students and Instructors,"Miranda, Valentina; Jimenez-Orozco, Carlos",2026,JOURNAL OF CHEMICAL EDUCATION,10.1021/acs.jchemed.5c01585,https://www.webofscience.com/wos/woscc/full-record/WOS:001754756200001,adjacent-subtopic; established,"Computational and data-driven approaches have become increasingly important in materials science and chemistry education, motivating the integration of professional research tools into undergraduate curricula. In this Technology Report, we present a series of activities designed for chemistry and materials science courses that introduce students to real-world materials data and computational workflows. The resource is delivered as a step-by-step interactive Jupyter Book that guides students through exploring and retrieving materials data from the Materials Project database via its application programming interface (API), followed by analysis and visualization using open-source Python libraries such as Pymatgen, Matminer, and the Atomic Simulation Environment (ASE). The activity emphasizes the connection between foundational chemical concepts, materials properties, and computational methods, while requiring minimal prior programming experience. Implemented in an undergraduate inorganic chemistry course, the tutorial supports active learning through structured, hands-on interaction with real materials data in an interactive notebook environment, progressing from manual data exploration to automated queries and basic data analysis. This openly available resource provides instructors with a flexible and reproducible framework for incorporating materials informatics and computational thinking into undergraduate chemistry education.",wos,llm,0.720,unreviewed,
discarded,"From global data to local action: A participatory framework for national wind, solar, and hydropower atlases based on observations, climate projections and artificial intelligence","Petitta, Marcello; Venturini, Marco; Moser, Alessandro; Dal Gesso, Sara; Boscolo, Roberta; Bastani, Hamid",2026,CLIMATE SERVICES,10.1016/j.cliser.2026.100663,https://www.webofscience.com/wos/woscc/full-record/WOS:001752873100001,adjacent-subtopic,"Many emerging economy countries face major challenges in accessing high-resolution, locally relevant information on renewable energy resources. While global atlases exist, they often lack the spatial detail, methodological transparency, and local ownership required for effective policy and planning. This paper presents a standardized, open-source framework, developed under the World Meteorological Organization, that enables national institutions to generate their own high-resolution renewable energy atlases for solar, wind, and hydropower through a structured Co-design, Co-development, and Co-production (CO-CO-CO) process. The framework integrates ERA5 reanalysis, satellite products, and national observational networks using a modified optimal interpolation scheme and AI-based downscaling (Multilayer Perceptron), producing maps at resolutions down to 90 m. It was implemented with four pilot countries: Chile and Iran (solar), Costa Rica (wind), and Malawi (hydropower), demonstrating accuracy improvements up to 20-35% in selected pilots on standard error metrics, and delivering enhanced spatial detail and bias correction in the others. Together, these results enable resource assessments that reflect local climatology and stakeholder priorities. All workflows, Jupyter notebooks, and documentation are delivered as open-source tools, ensuring reproducibility and long-term national capacity. By bridging the gap between global data and local decision-making, this framework supports evidence-based energy planning, enhances institutional autonomy, and provides a scalable, replicable pathway for countries worldwide to develop independent renewable energy assessment capabilities while integrating climate change considerations into national energy strategies.",wos,llm,0.960,unreviewed,
discarded,Charting EDA: Characterizing Interactive Visualization Use in Computational Notebooks with a Mixed-Methods Formalism,"Wootton, Dylan; Fox, Amy Rae; Peck, Evan; Satyanarayan, Arvind",2025,IEEE TRANSACTIONS ON VISUALIZATION AND COMPUTER GRAPHICS,10.1109/TVCG.2024.3456217,https://www.webofscience.com/wos/woscc/full-record/WOS:001367808800005,adjacent-subtopic,"Interactive visualizations are powerful tools for Exploratory Data Analysis (EDA), but how do they affect the observations analysts make about their data? We conducted a qualitative experiment with 13 professional data scientists analyzing two datasets with Jupyter notebooks, collecting a rich dataset of interaction traces and think-aloud utterances. By qualitatively coding participant utterances, we introduce a formalism that describes EDA as a sequence of analysis states, where each state is comprised of either a representation an analyst constructs (e.g., the output of a data frame, an interactive visualization, etc.) or an observation the analyst makes (e.g., about missing data, the relationship between variables, etc.). By applying our formalism to our dataset, we identify that interactive visualizations, on average, lead to earlier and more complex insights about relationships between dataset attributes compared to static visualizations. Moreover, by calculating metrics such as revisit count and representational diversity, we uncover that some representations serve more as ""planning aids"" during EDA rather than tools strictly for hypothesis-answering. We show how these measures help identify other patterns of analysis behavior, such as the ""80-20 rule"", where a small subset of representations drove the majority of observations. Based on these findings, we offer design guidelines for interactive exploratory analysis tooling and reflect on future directions for studying the role that visualizations play in EDA.",wos,llm,0.920,unreviewed,
discarded,MarsCONE: A software toolbox for automatic morphological analysis of Martian pitted-cones,"Sledziowski, Jakub; Pieterek, Bartosz; Jones, Thomas J.",2026,SOFTWAREX,10.1016/j.softx.2026.102608,https://www.webofscience.com/wos/woscc/full-record/WOS:001725203100001,adjacent-subtopic,"Advances in automated image classification, together with near-global imaging coverage of the Martian surface, have enabled detailed characterization of the spatial distribution of pitted cones, providing a foundation for systematic investigations of their morphological diversity. Concurrently, the continued acquisition of highresolution Martian imagery over the past decades has allowed photogrammetrically derived digital elevation models (DEMs) to enhance the accessibility, precision, and overall robustness of morphological analyses. However, the number of identified Martian pitted cones causes systematic, manual morphological measurements to be highly labour-intensive and, consequently, impractical for large datasets. To address this challenge, we present a command-line open-source MarsCONE software toolbox, designed to perform automatic conemorphology detection, and to compute the morphological parameters of Martian pitted cones using High Resolution Imaging Science Experiment (HiRISE)-derived DEMs. The toolbox is built on as a suite of Python tools and Jupyter notebooks, and performs key processing steps including data preparation and transect generation according to user-defined configurations (Generator), signal extraction and landform-point morphology detection (Finder), and cross-transect aggregation with uncertainty handling and data export (Analyzer). This enables MarsCONE to analyze hundreds of pitted cones in a single batch, providing fully reproducible and systematic results within seconds and at minimal computational cost. Consequently, the MarsCONE toolbox improves reproducibility, reduces manual workload, and facilitates large-scale comparative studies of pitted cones across Mars, thereby supporting a more robust understanding of the geological processes governing their formation.",wos,llm,0.950,unreviewed,
discarded,Chipmink: Efficient Delta Identification for Massive Object Graphs,"Chockchowwat, Supawit; Thakurdesai, Sumay; Li, Zhaoheng; Krafczyk, Matthew S.; Park, Yongjoo",2025,PROCEEDINGS OF THE VLDB ENDOWMENT,10.14778/3785297.3785303,https://www.webofscience.com/wos/woscc/full-record/WOS:001723000200006,adjacent-subtopic,"Ranging from batch scripts to computational notebooks, modern data science tools rely on massive and evolving object graphs that represent structured data, models, plots, and more. Persisting these objects is critical, not only to enhance system robustness against unexpected failures but also to support continuous, non-linear data exploration via versioning. Existing object persistence mechanisms (e.g., Pickle, Dill) rely on complete snapshotting, often redundantly storing unchanged objects during execution and exploration, resulting in significant inefficiency in both time and storage. Unlike DBMSs, data science systems lack centralized buffer managers that track dirty objects. Worse, object states span various locations such as memory heaps, shared memory, GPUs, and remote machines, making dirty object identification fundamentally more challenging. In this work, we propose a graph-based object store, named Chip-mink, that acts like the centralized buffer manager. Unlike static pages in DBMSs, persistence units in Chipmink are dynamically induced by partitioning objects into appropriate subgroups (called pods), minimizing expected persistence costs based on object sizes and reference structure. These pods effectively isolate dirty objects, enabling efficient partial persistence. Our experiments show that Chipmink is general, supporting libraries that rely on shared memory, GPUs, and remote objects. Moreover, Chipmink achieves up to 36.5 -> smaller storage sizes and 12.4 -> faster persistence than the best baselines in real-world notebooks and scripts.",wos,llm,0.900,unreviewed,
discarded,CC30k: A Citation Contexts Dataset for Reproducibility-Oriented Sentiment Analysis,"Obadage, Rochana R.; Rajtmajer, Sarah; Wu, Jian",2025,"2025 ACM/IEEE JOINT CONFERENCE ON DIGITAL LIBRARIES, JCDL",10.1109/JCDL67857.2025.00013,https://www.webofscience.com/wos/woscc/full-record/WOS:001710657900003,adjacent-subtopic,"Sentiments about the reproducibility of cited papers in downstream literature offer community perspectives and have shown as a promising signal of the actual reproducibility of published findings. To train effective models to effectively predict reproducibility-oriented sentiments and further systematically study their correlation with reproducibility, we introduce the CC30k dataset, comprising a total of 30,734 citation contexts in machine learning papers. Each citation context is labeled with one of three reproducibility-oriented sentiment labels: Positive, Negative, or Neutral, reflecting the cited paper's perceived reproducibility or replicability. Of these, 25,829 are labeled through crowdsourcing, supplemented with negatives generated through a controlled pipeline to counter the scarcity of negative labels. Unlike traditional sentiment analysis datasets, CC30k focuses on reproducibility-oriented sentiments, addressing a research gap in resources for computational reproducibility studies. The dataset was created through a pipeline that includes robust data cleansing, careful crowd selection, and thorough validation. The resulting dataset achieves a labeling accuracy of 94%. We then demonstrated that the performance of three large language models significantly improves on the reproducibility-oriented sentiment classification after fine-tuning using our dataset. The dataset lays the foundation for large-scale assessments of the reproducibility of machine learning papers. The CC30k dataset and the Jupyter notebooks used to produce and analyze the dataset are publicly available at https://github.com/lamps-lab/CC30k.",wos,llm,0.950,unreviewed,
