status,title,authors,year,venue,doi,url,tags,abstract,provider,decision_source,llm_confidence,llm_review_outcome,llm_change_direction
discarded,Global Dataset of Solar Power Plants: Multidimensional Integration and Analysis,"Mantilla-Guerra, Anibal; Mejia-Escobar, Christian; Azorin-Lopez, Jorge; Garcia-Rodriguez, Jose",2026,ENG,10.3390/eng7070343,https://www.webofscience.com/wos/woscc/full-record/WOS:001831662600001,adjacent-subtopic,"The global expansion of renewable energy has increased the strategic importance of photovoltaic (PV) power plants and the demand for comprehensive, high-quality solar datasets to support energy planning, optimization, and data-driven applications. However, existing datasets are often constrained by limited attribute integration, incomplete information, and insufficient global coverage. This study presents a standardized, reliable, and multidimensional global dataset for photovoltaic power plant analysis, together with a largely reproducible and documented methodology that automates the collection, generation, and integration of heterogeneous solar-related data from multiple sources. Using this methodology, 27 geographic, topographic, logistical, climatic, and power-related attributes were integrated into a unified dataset comprising 58,978 photovoltaic plant records worldwide. Descriptive statistical analyses were performed to characterize the dataset and assess its informational richness and consistency. The results demonstrate that both the proposed methodology and the resulting dataset provide a robust foundation for photovoltaic energy research and decision-making across diverse application domains. By making this resource publicly available, this work facilitates reproducible research and supports the development of advanced analytical, predictive, and optimization models for academic, industrial, and policy-oriented applications.",wos,llm,0.940,unreviewed,
discarded,Efficiency-Corrected Relative Quantification of qPCR Data Using LinRegPCR and a Spreadsheet-Based Workflow,"Muller, Louis Arnould; Tiret, Laurent",2026,BIO-PROTOCOL,10.21769/BioProtoc.5729,https://www.webofscience.com/wos/woscc/full-record/WOS:001828679200009,adjacent-subtopic,"Quantitative real-time PCR (qPCR) is widely used for the quantitative assessment of relative transcript abundance in biological and medical research. Rigorous interpretation of qPCR data requires appropriate correction and normalization workflows that account for both technical variability and experimental heterogeneity. Regarding the correction step, the most used qPCR analysis relies on the 2-Delta Delta Cq method, which assumes identical and optimal amplification efficiencies across assays. Alternative strategies estimate amplification efficiencies using standard curves generated from serial dilutions, but these approaches require additional experimental work and may introduce serious dilution-related bias. Here, we describe a spreadsheet-based computational protocol for the correction of relative quantification of qPCR data that integrates amplification efficiencies derived directly from raw amplification curves using LinRegPCR. Cq values and per-reaction efficiency estimates are combined to calculate efficiency-corrected target quantities. Correction is then followed by normalization using the geometric mean of two reference genes. The workflow enables calculation of relative abundance fold-changes without the need for standard curves and produces output tables suitable for downstream statistical analysis. This protocol provides a transparent, dilution-free method for efficiency-corrected qPCR data analysis that can be implemented using commonly available software, facilitating reproducible and Minimum Information for Publication of Quantitative Real-Time PCR Experiments (MIQE)-compliant reporting of qPCR results.",wos,llm,0.970,unreviewed,
discarded,How Software Development Conceals and Constrains Critical Analytic Decisions: Tracing the Encoded Choices Behind a Failure to Reproduce a Spatial Scan Statistic,"Zhou, Emily; Holler, Joseph; Kedron, Peter",2026,GEOGRAPHICAL ANALYSIS,10.1111/gean.70053,https://www.webofscience.com/wos/woscc/full-record/WOS:001825729100001,adjacent-subtopic,"Researchers increasingly call for transparent reporting of analytic decisions as foundations for reproducible research and collective knowledge production. However, these calls for openness often overlook a critical dimension: software environments encode implicit computational decisions that are not always visible to researchers, even when the same statistical methods are applied. Analyses may be technically reproducible, while the epistemological function of reproduction to evaluate and validate prior conclusions is undermined by the opacity of software design. Moreover, unexamined software behavior can compromise the conceptual rigor of research by shaping analytic choices unbeknownst to researchers. While attempting to reproduce a study correlating spatial distributions of COVID-19 and people with disabilities, we investigated how software-encoded decisions influenced intermediate analytic outputs, propagated into downstream inference, and ultimately shaped the research design. Through systematic comparison across software, we demonstrate that (1) software-encoded decisions structure both intermediate results and final analytic conclusions; (2) researchers must remain attentive to the decisions and materials required to execute an analysis, understand what software is doing on their behalf, and consider the numerical and conceptual ramifications of those decisions; and (3) cross-software sensitivity analysis is particularly important when analytic workflows span multiple platforms or when outputs from one system are used as inputs to another.",wos,llm,0.910,unreviewed,
discarded,Synthetic Data Generation for NCAA Basketball Performance Analytics,"Mastropaolo, Ryan; Sharma, Srishti; Shah, Jui; Hudy, Andrea; Artan, N. Sertac; Young, Alexander; Kaya, Tolga; Taber, Christopher; Raval, Mehul S.",2026,"SPORTS ANALYTICS, ISACE 2026",10.1007/978-3-032-27272-0_17,https://www.webofscience.com/wos/woscc/full-record/WOS:001795831900017,off-topic-false-hit,"Access to athlete monitoring data in NCAA Division 1 basketball is limited by privacy and proprietary restrictions, despite the growing use of wearable analytics for training, recovery, and performance decision-making. This study introduces a privacy-preserving synthetic data generation framework explicitly designed for collegiate basketball performance analytics. The real dataset consists of wearable-derived workload measurements collected from collegiate women's basketball athletes across practices, training sessions, and games. Key metrics include Total Athlete g-Load, limb-specific load, impact, push-off, intensity, and asymmetry measurements. The proposed pipeline preprocesses and anonymizes raw data, imputes missing values using Multiple Imputation by Chained Equations (MICE), and generates synthetic data via Gaussian resampling based on athlete-specific statistical profiles. Real and synthetic datasets are then used for model development, including a downstream multivariate regression model with regularization and feature -importance analysis. We evaluated the following train test protocols for assessing synthetic data fidelity: Train Real Test Real (TRTR, gold-standard baseline), train synthetic test real (TSTR), train real test synthetic (TRTS), and train synthetic test synthetic (TSTS). Predictive results for TSTR (train R-2 0.99 / test R-2 0.76) closely follow those for TRTR (train R-2 0.91 / test R-2 0.91), showcasing good generalization ability. The TSTS train and test R-2 values are 0.91, indicating good internal consistency of the dataset. Results demonstrate strong statistical fidelity and preservation of meaningful workload relationships, with correlations among load, impact, and push-off metrics consistent with biomechanical expectations. Overall, the framework provides a valuable approach for enabling reproducible research and predictive model development in NCAA basketball while addressing data scarcity and athlete privacy concerns.",wos,llm,1.000,unreviewed,
discarded,Genotypic and phenotypic landscape of carbapenem-resistant <i>Pseudomonas aeruginosa</i> isolated from respiratory and non-respiratory samples in a tertiary hospital,"Gundogdu, Hamiyet Busra; Rakici, Erva; Ejder, Nebahat; Copur Cicek, Aysegul; Ozgumus, Osman Birol",2026,BMC MICROBIOLOGY,10.1186/s12866-026-04756-8,https://www.webofscience.com/wos/woscc/full-record/WOS:001811547700001,off-topic-false-hit,"Background The World Health Organization lists carbapenem-resistant Pseudomonas aeruginosa (CRPA) as a critical priority pathogen. However, the links between resistance phenotypes, virulence factors, and clonal spread remain incompletely understood. We aimed to characterize the genotypic and phenotypic landscape of clinical CRPA isolates and evaluate whether specimen source or type III secretion effectors (exoT/exoY) serve as predictors of antibiotic resistance. Methods Fifty-eight consecutive CRPA isolates from respiratory and non-respiratory specimens were analyzed. Susceptibility to 10 antimicrobial agents was determined using an automated system. PCR was used to screen for seven carbapenemase genes, six virulence/quorum-sensing genes, and the efflux marker mexY. Macrorestriction patterns were typed by SpeI-PFGE. Statistical associations were assessed using two-tailed Fisher's exact tests with Benjamini-Hochberg false-discovery-rate (FDR) correction (alpha = 0.05). Results Resistance rates were highest for piperacillin/tazobactam (91%), ceftazidime (81%), and cefepime (81%); notably, 34% of isolates exhibited a pan-drug-resistant (PDR) profile. Only three isolates (5%) carried blaVIM; no other carbapenemase genes were detected. Virulence markers were highly prevalent (exoY 66%, exoT 57%, algD 45%; lasR 91%, rhlR 95%). After FDR adjustment, neither virulence gene presence (exoT, exoY) nor specimen origin correlated significantly with resistance to beta-lactams, aminoglycosides, or fluoroquinolones (lowest q = 0.093). Furthermore, gene prevalence did not differ significantly between respiratory and non-respiratory isolates. PFGE analysis revealed 41 distinct pulsotypes without a dominant clone, suggesting sporadic horizontal gene transfer rather than clonal expansion. Conclusions This CRPA cohort is genetically diverse, multidrug-resistant, and lacks anatomical segregation by genotype. The presence of exoT/exoY does not appear to shape resistance phenotypes in this setting. Infection control strategies should prioritize the containment of mobile genetic elements and implement genome-based surveillance, rather than focusing solely on specific clones or infection sites.",wos,llm,1.000,unreviewed,
discarded,Prioritising measures and interventions to strengthen research reproducibility: a Delphi consultation study,"Pejdo, Dora; Buljan, Ivan; Marusic, Ana",2026,RESEARCH INTEGRITY AND PEER REVIEW,10.1186/s41073-026-00217-y,https://www.webofscience.com/wos/woscc/full-record/WOS:001809936200001,adjacent-subtopic,"BackgroundResearch reproducibility - the ability of others to independently verify scientific findings by following the same methods and data - is a fundamental aspect of research integrity. When this fails, trust in evidence is undermined and research resources are wasted. Reproducibility measures describe the standards that define reproducible research, and reproducibility interventions are the actions used to improve those standards. There is little agreement on which practices and initiatives should be prioritised for implementation in practice. This study aimed to establish expert consensus on the key measures and interventions that should be prioritised to strengthen research reproducibility.MethodsWe conducted a Delphi consensus study as part of the EU Horizon Europe iRISE project. Experts from five stakeholder groups (researchers, editors, publishers, funders, and policymakers) evaluated reproducibility measures and interventions identified through prior literature mapping across two online survey rounds, followed by a final virtual consensus panel. Items were rated on a 10-point Likert scale, with consensus defined a priori as agreement by at least 70% of panellists assigning high-priority scores, corresponding to scores of eight to ten on the Likert scale.ResultsSeventy-three panellists from 34 countries participated in the first round, with high retention rates in the subsequent round. Consensus was achieved on eight reproducibility measures and six reproducibility interventions in the first round. Prioritised measures included methodological quality, reporting quality, code and data availability and reuse, computational reproducibility, transparency of research plan, reproducible workflow practices, trial registration, and materials availability and reuse. Prioritised interventions included data management training, data quality checks/feedback, statistical training, data sharing policy/guidelines, protocol/trial registration, and reproducible code/analysis training.ConclusionsThe prioritised measures and interventions provide a structured foundation for improving research reproducibility across disciplines. The findings can inform the development of institutional training curricula in data management and statistical methods, policies supporting data sharing and trial registration, and future empirical evaluation of these practices across research contexts.",wos,llm,0.950,unreviewed,
discarded,A Reproducible Synthetic Socio-Digital Network Dataset for Analyzing Digital Gaps in Community-Based Tourism Communities in Rural Ecuador,"Mieles-Cevallos, Dolores; Suntagsi-Tuasa, Lourdes; Zambrano-Mieles, Jael; Zambrano-Burgos, Velasco; Vera, Miguel; Marquez, Nicolas; Vidal-Silva, Cristian",2026,DATA,10.3390/data11060151,https://www.webofscience.com/wos/woscc/full-record/WOS:001803612500001,adjacent-subtopic,"Digital transformation has become an essential component of sustainable rural development, yet substantial inequalities persist in how communities access, adopt, and benefit from digital technologies. Understanding these disparities requires not only information about technological resources but also knowledge of the relational structures through which information, support, and opportunities circulate. This article presents a reproducible synthetic socio-digital network dataset designed to support the analysis of digital gaps in community-based tourism (CBT) environments. Rather than containing original respondent-level observations, the repository was computationally reconstructed from aggregate statistics derived from field studies conducted in three rural communities in the province of Guayas, Ecuador: Bucay (5 de Septiembre), Manglares Churute, and Ruta de los Chirijos. All node-level records, survey variables, and support relationships included in the repository were synthetically generated to preserve aggregate community characteristics while protecting participant confidentiality and preventing individual re-identification. The repository contains synthetic actor metadata, reconstructed socio-digital variables, directed support networks, graph representations in interoperable formats, and precomputed Social Network Analysis (SNA) indicators. The dataset includes 90 synthetic actors, more than one thousand generated support interactions distributed across multiple socio-digital dimensions, machine-readable metadata, and reusable scripts for preprocessing, validation, graph construction, and metric computation. The represented dimensions include financial assistance, training support, information exchange, technological support, social media promotion, institutional collaboration, trust, and emotional closeness. To facilitate reuse, all resources are distributed in standardized formats compatible with NetworkX, Gephi, Neo4j, and graph-learning frameworks. The repository follows FAIR principles and includes documentation intended to support transparency, reproducibility, and methodological benchmarking. Potential applications include social network analysis, graph mining, graph neural networks, digital inequality research, computational social science, community resilience studies, and educational activities. By providing an openly documented synthetic dataset and reproducible computational workflow, the repository contributes to the study of socio-digital systems, privacy-preserving data sharing, and community-level digital transformation processes.",wos,llm,0.950,unreviewed,
discarded,MIGEE: A comprehensive package for missing data imputation and longitudinal analysis in large-scale datasets,"Kumar, Neelesh; Bhattacharjee, Atanu; Vishwakarma, Gajendra K.; Majumdar, Tanmoy",2026,JOURNAL OF COMPUTATIONAL SCIENCE,10.1016/j.jocs.2026.102906,https://www.webofscience.com/wos/woscc/full-record/WOS:001799595800001,off-topic-false-hit,"This study introduces MIGEE, an R package that combines multiple imputation strategies, longitudinal data modelling, and visualization within a single streamlined workflow. The package implements six imputation methods (PMM, kNN, norm, RF, norm.nob, and sample) and supports both linear and mixed-effects models for downstream analysis. Unlike conventional workflows that require manual coordination across packages such as mice, lme4, and ggplot2, MIGEE reduces the full impute-model-visualize pipeline to a single function call, eliminating intermediate data reshaping steps (e.g., long-to-wide transformations) and ensuring structural consistency between imputation and modelling outputs. This results in a reduction of more than 80% in user-written code (from more than 50 lines across seven manual steps to approximately 10 lines in a single function call) and consolidates seven conceptually distinct pipeline steps into one, removing multiple preprocessing operations typically required in manual workflows. It was evaluated using a longitudinal clinical dataset comprising 11,761 rows and 12 variables from 2000 patients with repeated measurements over time. Across this dataset, all imputation methods successfully preserved the mean and variability of incomplete variables, with differences in mean below 0.2 units and standard deviation differences below 0.5 units, indicating negligible bias and stable treatment-effect estimates. MIGEE streamlines complex longitudinal workflows, reduces computational burden, and supports reproducible research in biomedical and population health applications. The MIGEE package is publicly available on CRAN at https://doi.org/10.32614/CRAN. package.MIGEE.",wos,llm,0.990,unreviewed,
discarded,A multisource dataset for anomaly detection and fault prediction in urban water distribution networks,"Babela, Jan; Munk, Michal; Munkova, Dasa",2026,SCIENTIFIC DATA,10.1038/s41597-026-07203-5,https://www.webofscience.com/wos/woscc/full-record/WOS:001796350400002,off-topic-false-hit,"This multi-source dataset was compiled to support research on anomaly-based leak detection in urban water distribution networks (WDNs). It contains one year of hourly data collected from a Slovak water utility, combining supervisory control and data acquisition (SCADA) measurements (flow and pressure), energy consumption variables (kilowatts, kW; kilovolt-ampere reactive, kvar), and environmental indicators such as groundwater level, temperature, and humidity. All features were transformed into standardized anomaly scores on a 0-100 scale using Elastic Machine Learning and Isolation Forest methods. Confirmed leak records from the utility's operational information system were mapped to binary labels using a +/- 7-day temporal window. Feature selection resulted in 18 variables retained based on their statistical association with leak labels using the Goodman-Kruskal gamma coefficient. The dataset can be used for benchmarking anomaly detection and prediction models, evaluating lead-time sensitivity, and developing data-driven early-warning systems. It is also suitable for studies on spatially segmented WDN analysis and is publicly available to support reproducible research.",wos,llm,0.990,unreviewed,
discarded,CANCHARI PLS-SEM PRO: A reproducible web-based application for partial least squares structural equation modeling,"Canchari-Preciado, Miguel Angel",2026,SOFTWAREX,10.1016/j.softx.2026.102718,https://www.webofscience.com/wos/woscc/full-record/WOS:001779409300001,adjacent-subtopic,"Partial Least Squares Structural Equation Modeling (PLS-SEM) is widely adopted across disciplines but often requires specialized software that may limit accessibility and reproducibility. CANCHARI PLS-SEM PRO is an open-source web application developed in R and Shiny that provides a comprehensive, reproducible environment for PLS-SEM analysis. The software integrates measurement model assessment (AVE, CR, Cronbach's alpha, HTMT), structural model estimation, bias-corrected bootstrapping (5000 resamples), predictive evaluation (PLS Predict, blindfolding), measurement invariance testing (MICOM, permutation-based), multi-group analysis (MGA), and robustness testing via the Gaussian Copula approach. All analyses are conducted through a browserbased graphical interface without any programming requirement, and results can be exported as APA 7formatted Word documents, Excel workbooks, HTML reports, and ZIP bundles. By standardizing analytical workflows, eliminating installation barriers, and making source code publicly available on GitHub, the application substantially enhances accessibility and reproducibility in structural equation modeling research. The software is freely available and designed to support researchers, educators, and students.",wos,llm,0.880,unreviewed,
