status,title,authors,year,venue,doi,url,tags,abstract,provider,decision_source,llm_confidence,llm_review_outcome,llm_change_direction
discarded,Precise documentation of well-structured programs,David Lorge Parnas; Jan Madey; Michal Iglewski,1994,IEEE Transactions on Software Engineering,10.1109/32.368133,https://openalex.org/W2137860663,adjacent-subtopic,"Describes a new form of program documentation that is precise, systematic and readable. This documentation comprises a set of displays supplemented by a lexicon and an index. Each display presents a program fragment in such a way that its correctness can be examined without looking at any other display. Each display has three parts: (1) the specification of the program presented in the display, (2) the program itself, and (3) the specifications of programs invoked by this program. The displays are intended to be used by software engineers as a reference document during inspection and maintenance. This paper also introduces a specification technique that is a refinement of H.D. Mills's (1975) functional approach to program documentation and verification; programs are specified and described in tabular form.>",openalex,llm,0.910,unreviewed,
discarded,Effects of Marginalization on School Physical Education Programs: a Literature Review,Justin Laureano; Ferman Konukman; Hayrettin GÜMÜŞDAĞ; Şamil Erdoğan; Jong-Hoon Yu; Resul Çekin,2014,Physical Culture and Sport Studies and Research,10.2478/pcssr-2014-0029,https://openalex.org/W2000534161,off-topic-false-hit,"Abstract The purpose of this research was to examine the causes of marginalization in Physical Education (PE) and to examine how PE teachers can counter the effects of this marginalization. Therefore, a recent literature review was conducted for the purpose of investigating the effects of marginalization. Four studies addressed feelings of burnout among PE teachers, including isolation, lack of equipment, and lack of space. Three research articles addressed communication with parents to encourage their support of PE. These three articles examined the use of PE websites as a tool to stay in constant communication with parents. In addition, one research study looked at how PE assessments needed to be consistent with other content areas and aligned with state and national standards. Moreover, one research article addressed the causes of parents' misconceptions of their children's PE programs. The final research article was a case study that related to how one teacher was able to change the parents' misconceptions about the PE programs. Results from this literature review study indicated that PE programs are being marginalized, yet there are ways for PE teachers to combat this issue.",openalex,llm,0.990,unreviewed,
discarded,Enhancing program readability and comprehensibility with tools for program visualization,Ron Baecker,1988,International Conference on Software Engineering,10.5555/55823.55858,https://openalex.org/W2125358012,adjacent-subtopic,"In order to make computer programs more comprehensible, the presentation of program source text, program documentation, and program execution needs to be enhanced over its conventional treatment. The paper describes a number of new techniques and tools developed to achieve these ends. One of these is a novel design for the effective presentation of source text in the C programming language using high quality digital typography, and a processor which implements the design. Some experimental evidence is summarized to demonstrate that the resulting source text presentation is significantly more readable and comprehensible than the presentation conventionally used today. Brief descriptions are also given of two other techniques, the development of a novel system of structured program documentation incorporating both text and graphics, and the portrayal of program execution with coloured computer animation.",openalex,llm,0.890,unreviewed,
discarded,Water and energy minimization in industrial processes through mathematical programming: A literature review,Tuba Budak Duhbacı; Semih Özel; Serol Bulkan,2020,Journal of Cleaner Production,10.1016/j.jclepro.2020.124752,https://openalex.org/W3093812028,off-topic-false-hit,"Abstract Water and energy are significant resources for industrial processes. While energy is the main source for the heating and cooling of water to be used in manufacturing processes, water is used to produce energy and as a cleaning agent in the production process, a pollution diluent or as part of the final product. This situation indicates that water and energy are intertwined in industrial processes and they should be considered simultaneously. Mathematical programming methods and pinch analysis are used for water and energy minimization in industrial processes. This paper depends on a comprehensive literature search of the databases of Google Scholar and the Web of Science for publications relating to water and energy minimization, heat integrated water network, and mathematical programming. This study presents a detailed overview on mathematical programming methods used in the literature regarding water network synthesis problems, their proposed approaches, and the improvements achieved through mathematical programming in sectoral case studies published from 2014 to 2019. In addition, heat integrated water network problems are examined according to isothermal and nonisothermal mixing. Several research gaps are also noted, with regards to the assumptions of the mathematical models, the sectoral applications of water network synthesis problems and sensitivity analysis of case studies. The paper ends with a critical analysis outlining the current situation and the need for future research for the integration of water and heat losses into the existing mathematical models.",openalex,llm,0.990,unreviewed,
discarded,Fundus Photography in the 21st Century—A Review of Recent Technological Advances and Their Implications for Worldwide Healthcare,Nishtha Panwar; Philemon Huang; Jia Ying Lee; Pearse A. Keane; Tjin Swee Chuan; Ashutosh Richhariya; Stephen C. Teoh; Tock Han Lim; Rupesh Agrawal,2015,Telemedicine Journal and e-Health,10.1089/tmj.2015.0068,https://openalex.org/W1616249925,off-topic-false-hit,"BACKGROUND: The introduction of fundus photography has impacted retinal imaging and retinal screening programs significantly. LITERATURE REVIEW: Fundus cameras play a vital role in addressing the cause of preventive blindness. More attention is being turned to developing countries, where infrastructure and access to healthcare are limited. One of the major limitations for tele-ophthalmology is restricted access to the office-based fundus camera. RESULTS: Recent advances in access to telecommunications coupled with introduction of portable cameras and smartphone-based fundus imaging systems have resulted in an exponential surge in available technologies for portable fundus photography. Retinal cameras in the near future would have to cater to these needs by featuring a low-cost, portable design with automated controls and digitalized images with Web-based transfer. CONCLUSIONS: In this review, we aim to highlight the advances of fundus photography for retinal screening as well as discuss the advantages, disadvantages, and implications of the various technologies that are currently available.",openalex,llm,0.990,unreviewed,
kept,A source code documentation system for Ada,Yingjie Wu; T. P. Baker,1989,ACM SIGAda Ada Letters,10.1145/71340.71344,https://openalex.org/W2051195385,supports-claim,"This paper presents a first step toward a high-quality source code documentation syste m for Ada . The system is an adaptation of Web 2 , a system of structured documentation created as a part o f the TEX project by Professor Donald E . Knuth [1-3] at",openalex,llm,0.950,unreviewed,
discarded,Learning First-Order Horn Clauses from Web Text,Stefan Schoenmackers; Jesse Davis; Oren Etzioni; Daniel S. Weld,2010,Lirias,,https://openalex.org/W1543747524,off-topic-false-hit,"Even the entire Web corpus does not explicitly answer all questions, yet inference can uncover many implicit answers. But where do inference rules come from? This paper investigates the problem of learning inference rules from Web text in an unsupervised, domain-independent manner. The SHERLOCK system, described herein, is a first-order learner that acquires over 30,000 Horn clauses from Web text. SHERLOCK embodies several innovations, including a novel rule scoring function based on Statistical Relevance (Salmon et al., 1971) which is effective on ambiguous, noisy and incomplete Web extractions. Our experiments show that inference over the learned rules discovers three times as many facts (at precision 0.8) as the TEXTRUNNER system which merely extracts facts explicitly stated in Web text. 1",openalex,llm,0.990,unreviewed,
discarded,An Approach to High-Level Behavioral Program Documentation Allowing Lightweight Verification,Coen De Roover; Isabel Michiels; Kim Gybels; Kris Gybels; Theo D’Hondt,2006,,10.1109/icpc.2006.10,https://openalex.org/W2143724385,adjacent-subtopic,"Typically, multiple developers are involved in the various stages of the software development and maintenance process. To ensure an optimal transfer of knowledge between these different peers, a reliable human-readable model of the dynamics of a software artefact is needed. Once these models become machine-verifiable, they can be used throughout an application’s lifetime to check whether the documented behavioral properties continue to hold as the application evolves. Unfortunately, most existing modeling media are inadequate to express human-readable behavioral models which are at the same time machine-verifiable. We therefore propose a declarative platform wherein behavioral program models can be expressed in terms of userdefined high-level concepts and be automatically verified against an application’s actual behavior. We demonstrate our approach by using it to both document and verify an interpreter for a garbage-collected programming language.",openalex,llm,0.860,unreviewed,
discarded,World Wheat Policy Simulation Model: Description and Computer Program Documentation,"Martin Benirschka; Won W. Koo; Benirschka, Martin; Koo, Won W.",1995,RePEc: Research Papers in Economics,10.22004/ag.econ.23333,https://openalex.org/W1576210070,off-topic-false-hit,"The World Sugar Policy Simulation Model is a dynamic, partial equilibrium, net trade model. It distinguishes 18 countries and regions, and sugar is assumed to be a homogenous commodity. The model is designed for evaluating the effects on the world sugar economy of farm and trade policies by simulating production, consumption, stocks, and trade for sugar over a 10- to 15-year period. Figures are not included in the machine readable file--contact the authors for paper copies.",openalex,llm,0.980,unreviewed,
kept,Literate Programming,Donald E. Knuth,1984,The Computer Journal,10.1093/comjnl/27.2.97,https://openalex.org/W2342082360,origin,"The author and his associates have been experimenting for the past several years with a programming language and documentation system called WEB. This paper presents WEB by example, and discusses why the new system appears to be an improvement over previous ones.",openalex,human,0.990,human,
kept,Physically Based Rendering: From Theory to Implementation,Matt Pharr; Greg Humphreys,2004,,10.1016/c2013-0-15557-2,https://openalex.org/W1564611446,supports-claim,"Physically Based Rendering, 2nd Edition describes both the mathematical theory behind a modern photorealistic rendering system as well as its practical implementation. A method - known as 'literate programming'- combines human-readable documentation and source code into a single reference that is specifically designed to aid comprehension. The result is a stunning achievement in graphics education. Through the ideas and software in this book, you will learn to design and employ a full-featured rendering system for creating stunning imagery. New sections on subsurface scattering, Metropolis light transport, precomputed light transport, multispectral rendering, and much more. Includes a companion site complete with source code for the rendering system described in the book, with support for Windows, OS X, and Linux",openalex,llm,0.880,unreviewed,
kept,Literate Programming Using Noweb,A. Johnson; Brad Johnson,1997,Linux journal,,https://openalex.org/W1546799639,supports-claim,"An introduction to Noweb, a tool designed to aid the programmer in producing understandable and easy to maintain code",openalex,llm,0.980,unreviewed,
kept,Weaving a Program: Literate Programming in Web,Wayne Sewell,1989,CERN Document Server (European Organization for Nuclear Research),,https://openalex.org/W1603347459,supports-claim,,openalex,llm,0.940,unreviewed,
kept,Literate programming,Christopher J. Van Wyk,1990,Communications of the ACM,10.1145/77481.316051,https://openalex.org/W4243260509,qualifies-claim,No abstract available.,openalex,llm,0.970,unreviewed,
kept,Literate programming,Christopher J. Van Wyk,1988,Communications of the ACM,10.1145/53580.315830,https://openalex.org/W4234743565,supports-claim,"article Free Access Share on Literate programming Author: Christopher J. Van Wyk AT&T Bell Laboratories, Room 2C-457, 600 Mountain Avenue, Murray Hill AT&T Bell Laboratories, Room 2C-457, 600 Mountain Avenue, Murray HillView Profile Authors Info & Claims Communications of the ACMVolume 31Issue 12Dec. 1988 pp 1376–1395https://doi.org/10.1145/53580.315830Online:01 December 1988Publication History 5citation404DownloadsMetricsTotal Citations5Total Downloads404Last 12 Months5Last 6 weeks2 Get Citation AlertsNew Citation Alert added!This alert has been successfully added and will be sent to:You will be notified whenever a record that you have chosen has been cited.To manage your alert preferences, click on the button below.Manage my AlertsNew Citation Alert!Please log in to your account Save to BinderSave to BinderCreate a New BinderNameCancelCreateExport CitationPublisher SiteeReaderPDF",openalex,llm,0.920,unreviewed,
kept,Literate programming,Christopher J. Van Wyk,1989,Communications of the ACM,10.1145/63526.315960,https://openalex.org/W4230126839,duplicate-record-of-cited-source,"article Literate programming Share on Author: Christopher J. Van Wyk AT&T Bell Laboratories, Room 2C-457, 600 Mountain Avenue, Murray Hill, NJ AT&T Bell Laboratories, Room 2C-457, 600 Mountain Avenue, Murray Hill, NJView Profile Authors Info & Claims Communications of the ACMVolume 32Issue 6June 1989 pp 740–755https://doi.org/10.1145/63526.315960Published:01 June 1989 4citation572DownloadsMetricsTotal Citations4Total Downloads572Last 12 Months4Last 6 weeks1 Get Citation AlertsNew Citation Alert added!This alert has been successfully added and will be sent to:You will be notified whenever a record that you have chosen has been cited.To manage your alert preferences, click on the button below.Manage my AlertsNew Citation Alert!Please log in to your account Save to BinderSave to BinderCreate a New BinderNameCancelCreateExport CitationPublisher SiteGet Access",openalex,llm,0.960,unreviewed,
kept,Literate Programming: An Assessment.,Christopher J. Van Wyk,1990,Communications of the ACM,,https://openalex.org/W62548751,qualifies-claim,,openalex,llm,0.950,unreviewed,
kept,"Physically Based Rendering, Second Edition: From Theory To Implementation",Matt Pharr; Greg Humphreys,2010,Morgan Kaufmann Publishers Inc. eBooks,,https://openalex.org/W174441044,duplicate-record-of-cited-source,"Physically Based Rendering, 2nd Edition describes both the mathematical theory behind a modern photorealistic rendering system as well as its practical implementation. A method - known as 'literate programming'- combines human-readable documentation and source code into a single reference that is specifically designed to aid comprehension. The result is a stunning achievement in graphics education. Through the ideas and software in this book, you will learn to design and employ a full-featured rendering system for creating stunning imagery. New sections on subsurface scattering, Metropolis light transport, precomputed light transport, multispectral rendering, and much more.Includes a companion site complete with source code for the rendering system described in the book, with support for Windows, OS X, and Linux. Please visit, www.pbrt.org. Code and text are tightly woven together through a unique indexing feature that lists each function, variable, and method on the page that they are first described.",openalex,llm,0.970,unreviewed,
kept,SASweave: Literate Programming UsingSAS,Russell V. Lenth; Søren Højsgaard,2007,Journal of Statistical Software,10.18637/jss.v019.i08,https://openalex.org/W2143530464,supports-claim,"SASweave is a collection of scripts that allow one to embed SAS code into a LATEX document, and automatically incorporate the results as well. SASweave is patterned after Sweave, which does the same thing for code written in R. In fact, a document may contain both SAS and R code. Besides the convenience of being able to easily incorporate SAS examples in a document, SASweave facilitates the concept of",openalex,llm,0.970,unreviewed,
discarded,Fast and Robust Smallest Enclosing Balls,Bernd Gärtner,1999,Lecture notes in computer science,10.1007/3-540-48481-7_29,https://openalex.org/W1606594487,off-topic-false-hit,,openalex,llm,0.990,unreviewed,
kept,An interactive environment for literate programming,Marcus Edward Brown; Stephen Childs,1988,,,https://openalex.org/W2570359127,supports-claim,,openalex,llm,0.900,unreviewed,
kept,Nuweb A Simple Literate Programming Tool,Preston Briggs; John D. Ramsdell; M. Mengel,2000,,,https://openalex.org/W48656542,supports-claim,,openalex,llm,0.950,unreviewed,
kept,A case for contemporary literate programming,Vreda Pieterse; Derrick G. Kourie; Andrew Boake,2004,South African Institute of Computer Scientists and Information Technologists,10.5555/1035053.1035054,https://openalex.org/W1546703414,supports-claim,In this paper we discuss the characteristics of Literate Programming and the development of programming environments to support Literate Programming in the past two decades. We argue that recent technological developments allow Literate Programming to be re-introduced as a viable approach to improve the quality and consistency of software artefacts.,openalex,llm,0.980,unreviewed,
kept,Increasing Assurance with Literate Programming Techniques,Andrew P. Moore; Jr Payne; N. Charles,1996,,10.21236/ada462931,https://openalex.org/W4251189198,duplicate-record-of-cited-source,,openalex,llm,0.900,unreviewed,
kept,Post-literate Programming: Linking Discussion and Code in Software Development Teams,Soya Park; Amy X. Zhang; David R. Karger,2018,,10.1145/3266037.3266098,https://openalex.org/W2897989157,qualifies-claim,"The literate programming paradigm presents a program interleaved with natural language text explaining the code's rationale and logic. While this is great for program readers, the labor of creating literate programs deters most program authors from providing this text at authoring time. Instead, as we determine through interviews, developers provide their design rationales after the fact, in discussions with collaborators. We propose to capture these discussions and incorporate them into the code. We have prototyped a tool to link online discussion of code directly to the code it discusses. Incorporating these discussions incrementally creates post-literate programs that convey information to future developers.",openalex,llm,0.970,unreviewed,
kept,A Structured Method for Literate Programming.,Sho-Huan Simon Tung,1989,,,https://openalex.org/W5570727,adjacent-subtopic,,openalex,llm,0.900,unreviewed,
kept,A First Look at Literate Programming.,Charles Lins,1989,,,https://openalex.org/W187747188,supports-claim,,openalex,llm,0.930,unreviewed,
