status,title,authors,year,venue,doi,url,tags,abstract,provider,decision_source,llm_confidence,llm_review_outcome,llm_change_direction
discarded,SnakeMaker A Preview of A User-Friendly Tool For Biomedical Data Processing,Tomáš Krajča; Stanislav Mareček; Iva Bublíková; Tereza Hubená; Radim Krupička,2024,2024 E-Health and Bioengineering Conference (EHB),10.1109/EHB64556.2024.10805593,https://ieeexplore.ieee.org/document/10805593/,adjacent-subtopic,"Biomedical data analysis often relies on complex computational steps, leading to pipelines that are challenging to reproduce and share. These scripts, while powerful, can be difficult to understand and modify, especially for researchers with limited programming experience. This lack of transparency deteriorates collaboration and impedes the verification of scientific findings. To address this, we introduce SnakeMaker, a novel tool that simplifies the creation of reproducible and shareable workflows using the Snakemake workflow management system. SnakeMaker parses a set of user-friendly configuration files that specify inputs, outputs, parameters, and shell commands (or custom Python functions), automatically generating a complete Snakemake workflow. This approach significantly reduces the complexity of workflow definition, while enhancing transparency and reproducibility. By enabling easier workflow creation, sharing, and execution, SnakeMaker aims to foster collaboration and improve the reliability of neuroimaging research. The tool's modular design also allows for the creation and sharing of specialized ”forks” tailored to specific analysis pipelines, promoting a community-driven approach to workflow development. SnakeMaker has the potential to be a valuable resource for the scientific community, facilitating robust and reproducible research practices.",ieee,llm,0.940,unreviewed,
discarded,Reproducibility and Replicability,Alejandro C. Frery; Jie Wu; Luis Gomez,2022,"SAR Image Analysis - A Computational Statistics Approach: With R Code, Data, and Applications",10.1002/9781119795520.ch7,https://ieeexplore.ieee.org/document/9844950/,adjacent-subtopic,"This chapter deals with reproducibility and replicability. It is important to notice that reproducibility and replicability should permeate the whole scientific life. Reproducibility is at the very core of experimental sciences. Whatever result has been obtained by a researcher must be obtained easily by another researcher at low cost, without tricks. A result is replicable when the same analysis performed on different datasets produces qualitatively similar answers. Robust results show that the work is not dependent on the specificities of the programming language chosen to perform the analysis. Synthetic Aperture Radar, as a part of the Remote Sensing community, is a very active research area, with many people involved and huge data that needs to be processed, in many cases, daily, in a frenetic stream, almost always in real time. This chapter provides some clues to invite researchers to adhere to the good practices to make good science.",ieee,llm,0.920,unreviewed,
discarded,Front Matter,Ron S. Kenett; Galit Shmueli,2017,Information Quality: The Potential of Data and Analytics to Generate Knowledge,10.1002/9781118890622.fmatter,https://ieeexplore.ieee.org/document/9821434/,off-topic-false-hit,,ieee,llm,0.990,unreviewed,
discarded,MIRAGE: Mobile-app Traffic Capture and Ground-truth Creation,Giuseppe Aceto; Domenico Ciuonzo; Antonio Montieri; Valerio Persico; Antonio Pescapé,2019,"2019 4th International Conference on Computing, Communications and Security (ICCCS)",10.1109/CCCS.2019.8888137,https://ieeexplore.ieee.org/document/8888137/,adjacent-subtopic,"Network traffic analysis, i.e., the umbrella of procedures for distilling information from network traffic, represents the enabler for highly-valuable profiling information, other than being the workhorse for several key network management tasks. While it is currently being revolutionized in its nature by the rising share of traffic generated by mobile and hand-held devices, existing design solutions are mainly evaluated on private traffic traces, and only a few public datasets are available, thus clearly limiting repeatability and further advances on the topic. To this end, this paper introduces and describes MIRAGE, a reproducible architecture for mobile-app traffic capture and ground-truth creation. The outcome of this system is MIRAGE-2019, a human-generated dataset for mobile traffic analysis (with associated ground-truth) having the goal of advancing the state-of-the-art in mobile app traffic analysis. A first statistical characterization of the mobile-app traffic in the dataset is provided in this paper. Still, MIRAGE is expected to be capitalized by the networking community for different tasks related to mobile traffic analysis.",ieee,llm,0.950,unreviewed,
discarded,Processing of Experimental Results Using Databases on the Example of Studying the Process of Styrene-butadiene Copolymerization in the Cascade of Reactors,Tatiana Mikhailova; Vladimir Mikhailov; Svetlana Mustafina,2025,"2025 7th International Conference on Control Systems, Mathematical Modeling, Automation and Energy Efficiency (SUMMA)",10.1109/SUMMA68668.2025.11302229,https://ieeexplore.ieee.org/document/11302229/,adjacent-subtopic,"The study addresses the use of a database for processing the results of computational experiments on the modeling of continuous copolymerization of butadiene with styrene in the cascade of reactors. The developed database comprises experimental conditions, measurement results, and calculated parameters, thereby enabling data filtering, analysis of the influence of operating regimes on copolymer properties, and comparison with experimental findings. The proposed approach enhances the efficiency of data processing and the reproducibility of research, providing a foundation for integration with modeling and advanced data analysis methods.",ieee,llm,0.960,unreviewed,
discarded,Provenance Tracking in the LHCb Software,Ana Trisovic; Chris R. Jones; Ben Couturier; Marco Clemencic,2020,Computing in Science & Engineering,10.1109/MCSE.2020.2970625,https://ieeexplore.ieee.org/document/8976106/,adjacent-subtopic,"Even though computational reproducibility is widely accepted as necessary for research validation and reuse, it is often not considered during the research process. This is because reproducibility tools are typically stand-alone and require additional training to be employed. In this article, we present a solution to foster reproducibility, which is integrated within existing scientific software that is actively used in the Large Hadron Collider beauty (LHCb) collaboration. Our provenance tracking service captures metadata of a dataset, which is then saved inside the output data file on the disk. The captured information allows a complete understanding of how the file was produced and enables a user to reproduce the dataset, even when the original input code (that was used to initially produce the dataset) is altered or lost. This article describes the implementation of the service and gives examples of its application.",ieee,llm,0.950,unreviewed,
discarded,Optimal transport vs. Fisher-Rao distance between copulas for clustering multivariate time series,G. Marti; S. Andler; F. Nielsen; P. Donnat,2016,2016 IEEE Statistical Signal Processing Workshop (SSP),10.1109/SSP.2016.7551770,https://ieeexplore.ieee.org/document/7551770/,adjacent-subtopic,"We present a methodology for clustering N objects which are described by multivariate time series, i.e. several sequences of real-valued random variables. This clustering methodology leverages copulas which are distributions encoding the dependence structure between several random variables. To take fully into account the dependence information while clustering, we need a distance between copulas. In this work, we compare renowned distances between distributions: the Fisher-Rao geodesic distance, related divergences and optimal transport, and discuss their advantages and disadvantages. Applications of such methodology can be found in the clustering of financial assets. A tutorial, experiments and implementation for reproducible research can be found at www.datagrapple.com/Tech.",ieee,llm,0.880,unreviewed,
kept,Demystifying Knitr Package: Essential Recipes and Easy Steps for Adding Knit-Engines in R,Sagiru Mati; Irfan Civcir; Salim Jibrin Danbatta; Asaf Varol; Ahad Nasab; Ahmad Muhammad; Sani Isa Abba,2024,2024 12th International Symposium on Digital Forensics and Security (ISDFS),10.1109/ISDFS60797.2024.10527232,https://ieeexplore.ieee.org/document/10527232/,supports-claim; established,"The knitr package provides an avenue for incorporating programming languages and statistical applications into R Markdown and Quarto document for the sake of reproducibility. However, deep technical knowledge of R programming is required to achieve this task. In addition to this, the existing literature does not provide a guide on how to add econometric/statistical programs such as EViews, gretl, and Dynare. This paper develops and explains four easy steps for adding econometric/statistical applications by taking into account their peculiarities. The recipes provided in this paper can be useful in enhancing the reproducibility, accuracy, and reliability of econometric/statistical computations. The recipes can also be used in cooking new knit-engines or modifying the existing ones.",ieee,llm,0.940,unreviewed,
discarded,"Empirically Evaluating Regression Testing Techniques: Challenges, Solutions, and a Potential Way Forward",Gregory M. Kapfhammer,2011,"2011 IEEE Fourth International Conference on Software Testing, Verification and Validation Workshops",10.1109/ICSTW.2011.88,https://ieeexplore.ieee.org/document/5954396/,adjacent-subtopic,"The published studies of regression testing methods often contain many of the hallmarks of high quality empirical research. Beyond features like clear descriptions of the methodology and the visualization and statistical analysis of the data sets, certain papers in this field also provide some of the artifacts used in and/or produced by the experiments. Yet, the limited industrial adoption of regression testing techniques is due in part to a lack of comprehensive empirical evaluations. Moreover, the regression testing community has not achieved a level of experimental reproducibility that would fully establish it as a science. After identifying the challenges associated with evaluating regression testing methods, this paper advocates a way forward involving a mutually beneficial increased sharing of the inputs, outputs, and procedures used in experiments.",ieee,llm,0.930,unreviewed,
discarded,Reproducibility of EEG-Based Face Processing Findings Across Analysis Software,Aya Kabbara; Youssof El Traboulsi,2025,2025 Eighth International Conference on Advances in Biomedical Engineering (ICABME),10.1109/ICABME66883.2025.11211543,https://ieeexplore.ieee.org/document/11211543/,adjacent-subtopic,"The pursuit of scientific rigor and robust findings necessitates the ability to reproduce experimental results consistently across different settings and analytical tools. In the field of electroencephalography (EEG), where complex data processing pipelines are commonplace, the choice of software environment can potentially introduce variability into the final outcomes. This paper delves into the critical issue of reproducibility by comparing Event-Related Potential (ERP) analyses performed using two widely utilized neurophysiological toolboxes: Python MNE and MATLAB EEGLAB. Specifically, we investigate the N170 component, an ERP known for its sensitivity to face processing, by reanalyzing data initially explored in the ERP CORE article, focusing on the differential responses to ‘Faces’ versus ‘Cars’ stimuli. Our results indicate qualitative agreement in ERP waveform morphology between the two software environments, with both MNE and EEGLAB successfully identifying the expected N170 differentiation between Faces and Cars. However, quantitative analyses revealed notable discrepancies in ERP peak amplitudes and latencies, despite rigorous adherence to the same processing steps. This highlights that while the overall pattern of results may be preserved, precise numerical values can vary depending on the software implementation. This study underscores the critical need for transparent reporting of software details and contributes to the ongoing discourse on best practices for reproducible science in human neuroscience.",ieee,llm,0.950,unreviewed,
discarded,OmniReprodubileCellAnalysis: a comprehensive toolbox for the analysis of cellular biology data,Dora Tortarolo; Simone Pernice; Fabiana Clapero; Donatella Valdembri; Guido Serini; Federica Riccardo; Lidia Tarone; Chiara Enrico Bena; Carla Bosia; Sandro Gepiro Contaldo; Marco Beccuti; Marzio Pennisi; Francesca Cordero,2023,2023 IEEE International Conference on Bioinformatics and Biomedicine (BIBM),10.1109/BIBM58861.2023.10385438,https://ieeexplore.ieee.org/document/10385438/,adjacent-subtopic,"Open science and reproducibility are two key pillars of modern scientific research. Open science is making scientific research and data accessible and transparent to the broader scientific community and the public. Reproducibility, on the other hand, is the ability to replicate and confirm research results by following the same methods and procedures. Reproducibility is thus crucial because it ensures the reliability and validity of scientific findings. The relationship between open science and reproducibility is intertwined; indeed open science practices, such as sharing raw data, detailed methodologies, and code, greatly facilitate the reproducibility of research. In recent years, concerns about the reproducibility of scientific research have gained prominence, and indeed scientists still lament the lack of details in the methods sections of published papers and the unavailability of raw data from the authors.To assist cellular biologists and immunologists and to promote a more transparent, open and reproducible research practice, we developed OmniReproducibleCellAnalysis (ORCA), a new Shiny Application based in R, for the semi-automated analysis of Western Blot (WB), Reverse Transcription-quantitative PCR (RT-qPCR), Enzyme-Linked ImmunoSorbent Assay (ELISA), Endocytosis and Cytotoxicity experiments. ORCA is open-source and approachable by scientists without advanced R language knowledge. Our application automatically compiles a report containing the finalized data analysis and all its preliminary and intermediate steps, ensuring data analysis standardization and reproducibility. Furthermore, ORCA allows to upload raw data and results directly on the data repository Harvard Dataverse, a valuable tool for promoting transparency and data accessibility in scientific research.By employing ORCA, scientists will cut down analysis time and human-dependent errors, while taking a step towards a research practice compliant with Open Science and FAIR principle.",ieee,llm,0.940,unreviewed,
discarded,"Support for Accessibility, Reproducibility and Transparency in a Service-Oriented Gene Expression Analysis Platform",Wilson Daniel da Silva; Clever Ricardo Guareis de Farias,2019,2019 IEEE 32nd International Symposium on Computer-Based Medical Systems (CBMS),10.1109/CBMS.2019.00098,https://ieeexplore.ieee.org/document/8787390/,adjacent-subtopic,"An integrated platform can be used to support the analysis of gene expression data. In principle, this platform should provide support for accessibility, reproducibility and transparency in order to facilitate its use. However, this support varies among different platforms. SemanticSCo consists of an integrated platform that allows the development of a gene expression analysis workflow based on the semiautomatic composition of semantic web services. SemanticSCo provides limited support for accessibility. Further, the platform lacks support for reproducibility and transparency. This paper describes how accessibility was improved and how reproducibility and transparency were introduced into a new version of the platform, called SemanticSCo Web. These improvements facilitate the development, execution and sharing of gene expression analysis workflows.",ieee,llm,0.930,unreviewed,
discarded,A Practical Recipe for Federated Learning Under Statistical Heterogeneity Experimental Design,Mahdi Morafah; Weijia Wang; Bill Lin,2024,IEEE Transactions on Artificial Intelligence,10.1109/TAI.2023.3297090,https://ieeexplore.ieee.org/document/10189084/,adjacent-subtopic,"Federated learning (FL) has been an area of active research in recent years. There have been numerous studies in FL to make it more successful in the presence of data heterogeneity. However, despite the existence of many publications, the state of progress in the field is unknown. Many of the works use inconsistent experimental settings and there are no comprehensive studies on the effect of FL-specific experimental variables on the results and practical insights for a more comparable and consistent FL experimental setup. Furthermore, the existence of several benchmarks and confounding variables has further complicated the issue of inconsistency and ambiguity. In this work, we present the first comprehensive study on the effect of FL-specific experimental variables in relation to each other and performance results, bringing several insights and recommendations for designing a meaningful and well-incentivized FL experimental setup. We further aid the community by releasing FedZoo-Bench, an open-source library based on PyTorch with pre-implementation of 22 state-of-the-art methods, and a broad set of standardized and customizable features. We also provide a comprehensive comparison of several SOTA ethods to better understand the current state of the field and existing limitations.",ieee,llm,0.950,unreviewed,
discarded,RunMyCode.org: A novel dissemination and collaboration platform for executing published computational results,Victoria Stodden; Christophe Hurlin; Christophe Pérignon,2012,2012 IEEE 8th International Conference on E-Science,10.1109/eScience.2012.6404455,https://ieeexplore.ieee.org/document/6404455/,adjacent-subtopic,"We believe computational science as practiced today suffers from a growing credibility gap - it is impossible to replicate most of the computational results presented at conferences or published in papers today. We argue that this crisis can be addressed by the open availability of the code and data that generated the results, in other words practicing reproducible computational science. In this paper we present a new computational infrastructure called RunMyCode.org that is designed to support published articles by providing a dissemination platform for the code and data that generated the their results. Published articles are given a companion webpage on the RunMyCode.org website from which a visitor can both download the associated code and data, and execute the code in the cloud directly through the RunMyCode.org website. This permits results to be verified through the companion webpage or on a user's local system. RunMyCode.org also permits a user to upload their own data to the companion webpage to check the code by running it on novel datasets. Through the creation of “coder pages” for each contributor to RunMyCode.org, we seek to facilitate social network-like interaction. Descriptive information appears on each coder page, including demographic data and other companion pages to which they made contributions. In this paper we motivate the rationale and functionality of RunMyCode.org and outline a vision of its future.",ieee,llm,0.910,unreviewed,
discarded,Toward Reusable Science with Readable Code and Reproducibility,Layan Bahaidarah; Ethan Hung; Andreas Francisco De Melo Oliveira; Jyotsna Penumaka; Lukas Rosario; Ana Trisovic,2022,2022 IEEE 18th International Conference on e-Science (e-Science),10.1109/eScience55777.2022.00079,https://ieeexplore.ieee.org/document/9973447/,adjacent-subtopic,"An essential part of research and scientific communication is researchers' ability to reproduce the results of others. While there have been increasing standards for authors to make data and code available, many of these files are hard to re-execute in practice, leading to a lack of research reproducibility. This poses a major problem for students and researchers in the same field who cannot leverage the previously published findings for study or further inquiry. To address this, we propose an open-source platform named RE3 that helps improve the reproducibility and readability of research projects involving R code. Our platform incorporates assessing code readability with a machine learning model trained on a code readability survey and an automatic containerization service that executes code files and warns users of reproducibility errors. This process helps ensure the reproducibility and readability of projects and therefore fast-track their verification and reuse.",ieee,llm,0.900,unreviewed,
