status,title,authors,year,venue,doi,url,tags,abstract,provider,decision_source,llm_confidence,llm_review_outcome,llm_change_direction
discarded,Assisted proof document authoring,"Aspinall, D; Lüth, C; Wolff, B",2006,MATHEMATICAL KNOWLEDGE MANAGEMENT,,https://www.webofscience.com/wos/woscc/full-record/WOS:000236905900005,adjacent-subtopic,"Recently, significant advances have been made in formalised mathematical texts for large, demanding proofs. But although such large developments axe possible, they still take an inordinate amount of effort and time, and there is a significant gap between the resulting formalised machine-checkable proof scripts and the corresponding human-readable mathematical texts. We present an authoring system for formal proof which addresses these concerns. It is based on a central document format which, in the tradition of literate programming, allows one to extract either a formal proof script or a human-readable document; the two may have differing structure and detail levels, but are developed together in a synchronised way. Additionally, we introduce ways to assist production of the central document, by allowing tools to contribute backflow to update and extend it. Our authoring system builds on the new PG Kit architecture for Proof General, bringing the extra advantage that it works in a uniform interface, generically across various interactive theorem provers.",wos,llm,0.900,unreviewed,
kept,Reproducible research: A bioinformatics case study,"Gentleman, Robert",2005,STATISTICAL APPLICATIONS IN GENETICS AND MOLECULAR BIOLOGY,,https://www.webofscience.com/wos/woscc/full-record/WOS:000238478100036,supports-claim,"While scientific research and the methodologies involved have gone through substantial technological evolution the technology involved in the publication of the results of these endeavors has remained relatively stagnant. Publication is largely done in the same manner today as it was fifty years ago. Many journals have adopted electronic formats, however, their orientation and style is little different from a printed document. The documents tend to be static and take little advantage of computational resources that might be available. Recent work, Gentleman and Temple Lang (2003), suggests a methodology and basic infrastructure that can be used to publish documents in a substantially different way. Their approach is suitable for the publication of papers whose message relies on computation. Stated quite simply, Gentleman and Temple Lang (2003) propose a paradigm where documents are mixtures of code and text. Such documents may be self-contained or they may be a component of a compendium which provides the infrastructure needed to provide access to data and supporting software. These documents, or compendiums, can be processed in a number of different ways. One transformation will be to replace the code with its output - thereby providing the familiar, but limited, static document. < p /> In this paper we apply these concepts to a seminal paper in bioinformatics, namely The Molecular Classification of Cancer, Golub et al (1999). The authors of that paper have generously provided data and other information that have allowed us to largely reproduce their results. Rather than reproduce this paper exactly we demonstrate that such a reproduction is possible and instead concentrate on demonstrating the usefulness of the compendium concept itself.",wos,llm,0.970,unreviewed,
kept,Toward documentation of program evolution,"Vestdam, T; Normark, K",2005,ICSM 2005: PROCEEDINGS OF THE 21ST IEEE INTERNATIONAL CONFERENCE ON SOFTWARE MAINTENANCE,,https://www.webofscience.com/wos/woscc/full-record/WOS:000234333200050,adjacent-subtopic,"The documentation of a program often falls behind the evolution of the program source files. When this happens it may be attractive to shift the documentation mode from updating the documentation to documenting the evolution of the program. This paper describes tools that support the documentation of program evolution. The tools are refinements of the Elucidative Programming tools, which in turn are inspired from Literate Programming tools. The version aware Elucidative Programming tools are able to process a set of program source files in different versions together with unversioned documentation files. The paper introduces a set of fine grained program evolution steps, which are supported directly by the documentation tools. The automatic discovery of the fine grained program evolution steps makes up a platform for documenting coarse grained and more high-level program evolution steps. It is concluded that our approach can help revitalize older documentation, and that discovery of the fine grained program evolution steps help the programmer in documenting the evolution of the program.",wos,llm,0.900,unreviewed,
discarded,A data validation method in requirement specification of software application,"Thadadech, A; Bhattarakosol, P; O'Brien, F",2004,Proceedings of the IASTED International Conference on Software Engineering,,https://www.webofscience.com/wos/woscc/full-record/WOS:000228511000040,adjacent-subtopic,"The purpose of this paper is a technique for checking requirement contract, which signed between client and software developer. A validation of software requirements contract, which is requirements of software contract, was written in text mode, and it will convert to news form in the graphic mode. This research has developed a software prototype for Contract-Based Diagram Generator (CBDG) that can generate a piece of data declaration code in C and also a diagram for elaborating relationships among classes. Then we transform the outcome, which came from CBDG to develop software in literate programming. The concept of literate programming can split source code to code of the software application. This new technique is useful for users who want to check and ensure that validation method in the application based on the requirement specification. The benefit of doing this is the user can check the software requirements and also run the application, which creates, by literate programming in parallel with documentation.",wos,llm,0.720,unreviewed,
discarded,Animations in pdfT<sub>E</sub>X-generated PDF - A new method for directly embedding animation into PDF,"Holecek, J; Sojka, P",2004,"TEX, XML, AND DIGITAL TYPOGRAPHY, PROCEEDINGS",,https://www.webofscience.com/wos/woscc/full-record/WOS:000223491700014,off-topic-false-hit,"This paper presents a new approach for creating animations in Portable Document Format (PDF). The method of animation authoring described uses free software (pdfTEX) only. The animations are viewable by any viewer that supports at least some features of Acrobat JavaScript, particularly Adobe (Acrobat) Reader, which is available at no cost for a wide variety of platforms. Furthermore, the capabilities of PDF make it possible to have a single file with animations both for interactive viewing and printing.

The paper explains the principles of PDF, Acrobat JavaScript and pdfTEX needed to create animations for Adobe Reader using no other software except pdfTEX. We present a step by step explanation of animation preparation, together with sample code, using a literate programming style. Finally, we discuss other possibilities of embedding animations into documents using open standards (SVG) and free tools, and conclude with their strengths and weaknesses with respect to the method presented.",wos,llm,0.950,unreviewed,
kept,Literate programming to enhance agile methods,"Pieterse, V; Kourie, DG; Boake, A",2004,"EXTREME PROGRAMMING AND AGILE PROCESSES IN SOFTWARE ENGINEERING, PROCEEDINGS",,https://www.webofscience.com/wos/woscc/full-record/WOS:000222261800034,supports-claim,"In this position paper, after explaining the essentials of literate programming, we argue that a literate programming style is consistent with the values espoused by agile software development; and that the application of literate programming in the context of an agile software development methodology is likely to enhance both the quality and lifespan of the final product.",wos,llm,0.940,unreviewed,
kept,Explaining code for publication,"Thimbleby, H",2003,SOFTWARE-PRACTICE & EXPERIENCE,10.1002/spe.537,https://www.webofscience.com/wos/woscc/full-record/WOS:000184953700005,supports-claim,"The computer science literature discusses code and algorithms extensively, but not always reliably. Tool support can help ensure integrity between code and explanation so that published papers are more reliable.

A versatile, lightweight tool to support explaining code for publication is justified, described and compared with alternatives. The tool works with Java, C and similar languages, and provides support for publishing explanations of real code in LAT(E)X, XML, HTML, etc. Copyright (C) 2003 John Wiley Sons, Ltd.",wos,llm,0.920,unreviewed,
kept,PROGDOC - A new program documentation system,"Simonis, V; Weiss, R",2003,PERSPECTIVES OF SYSTEM INFORMATICS,,https://www.webofscience.com/wos/woscc/full-record/WOS:000189417700044,qualifies-claim,"Though programming languages and programming styles evolve with remarkable speed today, there is no such evolution in the field of program documentation. And although there exist some popular approaches like Knuth's literate programming system WEB [26], and nowadays JavaDoc [15] or Doxygen [16], tools for managing software development and documentation are not as widespread as desirable.

This paper analyses a wide range of literate programming tools available during the past two decades and introduces PROGDOC, a new software documentation system. It is simple, language independent, and it keeps documentation and the documented software consistent. It uses LATEX for typesetting purposes, supports syntax highlighting for various languages, and produces output in Postscript, PDF or HTML format.",wos,llm,0.970,unreviewed,
discarded,Transient thermohydraulic heat pipe modeling: Incorporating THROHPUT into the CAESAR environment,"Hall, ML",2003,SPACE TECHNOLOGY AND APPLICATIONS INTERNATIONAL FORUM - STAIF 2003,,https://www.webofscience.com/wos/woscc/full-record/WOS:000181267400014,adjacent-subtopic,"The THROHPUT code, which models transient thermohydraulic heat pipe behavior, is being incorporated into the GESAR computational physics development environment. The GESAR environment provides many beneficial features for enhanced model development, including levelized design, unit testing, Design by Contract(TM) (Meyer, 1997), and literate programming (Knuth, 1992), in a parallel, object-based manner. The original THROHPUT code was developed as a doctoral thesis research code; the current emphasis is on making a robust, verifiable, documented, component-based production package. Results from the original, code axe included.",wos,llm,0.700,unreviewed,
discarded,Software design for analysis of multichannel intracardial and body surface electrocardiograms,"Potse, M; Linnenbank, AC; Grimbergen, CA",2002,COMPUTER METHODS AND PROGRAMS IN BIOMEDICINE,,https://www.webofscience.com/wos/woscc/full-record/WOS:000178065900005,adjacent-subtopic,"Analysis of multichannel ECG recordings (body surface maps (BSMs) and intracardial maps) requires special software. We created a software package and a user interface on top of a commercial data analysis package (MATLAB) by a combination of high-level and low-level programming. Our software was created to satisfy the needs of a diverse group of researchers. It can handle a large variety of recording configurations. It allows for interactive usage through a fast and robust user interface, and batch processing for the analysis of large amounts of data. The package is user-extensible, includes routines for both common and experimental data processing tasks, and works on several computer platforms. The source code is made intelligible using software for structured documentation and is available to the users. The package is currently used by more than ten research groups analysing ECG data worldwide. (C) 2002 Elsevier Science Ireland Ltd. All rights reserved.",wos,llm,0.670,unreviewed,
discarded,Reference resolution in context,"van Eijck, J",2002,COMPUTATIONAL LINGUISTICS IN THE NETHERLANDS 2001,,https://www.webofscience.com/wos/woscc/full-record/WOS:000179288800008,adjacent-subtopic,"This paper sketches an approach to pronoun reference resolution in context based on a dynamic incremental semantics for NL in polymorphic type theory. Our set-up provides full incrementality of processing, and can handle salience and pronoun resolution in context. An implementation of the system in Haskell, in 'literate programming' style, exists. The full literate source code can be found at http://www.cwi.n1/(similar to)jve/papers/02/rric.",wos,llm,0.780,unreviewed,
kept,Aspects of internal program documentationan - an elucidative perspective,"Vestdam, T; Normark, K",2002,"10TH INTERNATIONAL WORKSHOP ON PROGRAM COMPREHENSION, PROCEEDINGS",,https://www.webofscience.com/wos/woscc/full-record/WOS:000177067200005,qualifies-claim,"It is difficult and challenging to comprehend the internal aspects of a program. The internal aspects are seen as contrasts to end user aspects and interface aspects. Internal program documentation is relevant for almost any kind of software. The internal program documentation represents the original as well as the accumulated understanding of the program, which is very difficult to extract from the source program and its modifications over time. Elucidative Programming is a documentation technique that originally is inspired by Literate Programming. As an important difference between the two, Elucidative Programming does not call for any reorganization of the source programs, as required by Literate Programming tools. Elucidative Programming provides for mutual navigation in between program source files and sections of the documentation. The navigation takes place in an Internet browser applying a two-framed layout. In this paper we investigate the applicability of Elucidative Programming in a number of areas related to internal program documentation. It is concluded that Elucidative Programming can solve a number of concrete problems in the areas of program tutorials, frameworks, and program reviews. In addition we see positive impacts of Elucidative Programming in the area of programming education.",wos,llm,0.950,unreviewed,
discarded,Automated parametric execution and documentation for large-scale simulations,"Kelsey, RL; Bisset, KR; Webster, RB",2001,ENABLING TECHNOLOGY FOR SIMULATION SCIENCE V,,https://www.webofscience.com/wos/woscc/full-record/WOS:000175015600021,adjacent-subtopic,"A language has been created to facilitate the automatic execution of simulations for purposes of enabling parametric study and test and evaluation. Its function is similar in nature to a job-control language, but more capability is provided in that the language extends the notion of literate programming to job control. Interwoven markup tags self document and define the job control process. The language works in tandem with another language used to describe physical systems. Both languages are implemented in the Extensible Markup Language (XML).

A user describes a physical system for simulation and then creates a set of instructions for automatic execution of the simulation. Support routines merge the instructions with the physical-system description, execute the simulation the specified number of times, gather the output data, and document the process and output for the user.

The language enables the guided exploration of a parameter space and can be used for simulations that must determine optimal solutions to particular problems. It is generalized enough that it can be used with any simulation input files that are described using XML. XML is shown to be useful as a description language, an interchange language, and a self-documented language.",wos,llm,0.700,unreviewed,
kept,Formalization and 'literate' programming,"Anderson, H",2001,"APSEC 2001: EIGHTH ASIA-PACIFIC SOFTWARE ENGINEERING CONFERENCE, PROCEEDINGS",,https://www.webofscience.com/wos/woscc/full-record/WOS:000173315700005,supports-claim,"The 'literate' programming model is extended to include a concept of mechanical transformation. A prototype tool, FLP (Formal Literate Programming tool), has been developed which uses this extended 'literate' programming model in both a formal program proof setting, and within a formal (refinement) program development setting. In both settings, FLP provides history, access to tools, and an easy-to-use interface. FLP is a system with

a tree structured revision control system allowing easy access to an entire software development history,

a unifying semi-formal model encompassing both program proof and refinement, and

a single simple mechanism for managing both formal transformations on programs (proofs, tests, refinements) and informal transformations (explanations).

In this paper, we outline the underlying semi-formal model for this extended 'literate' programming tool, briefly show the system architecture, and demonstrate the tool's use during a sample program development.",wos,llm,0.930,unreviewed,
kept,"Java, XML, & literate programming","Dwelly, A",2000,DR DOBBS JOURNAL,,https://www.webofscience.com/wos/woscc/full-record/WOS:000084645300020,supports-claim,,wos,llm,0.830,unreviewed,
discarded,Practical performance of efficient minimum cut algorithms,"Jünger, M; Rinaldi, G; Thienel, S",2000,ALGORITHMICA,,https://www.webofscience.com/wos/woscc/full-record/WOS:000083644100009,off-topic-false-hit,"In the late eighties and early nineties, three major exciting new developments land some ramifications) in the computation of minimum capacity cuts occurred and these developments motivated us to evaluate the old and new methods experimentally. We provide a brief overview of the most important algorithms for the minimum capacity cut problem and compare these methods both with problem instances from the literature and with problem instances originating from the solution of the traveling salesman problem by branch-and-cut.",wos,llm,0.990,unreviewed,
kept,"Combining operational semantics, logic programming and literate programming in the specification and animation of the verilog hardware description language","Bowen, JP",2000,"INTEGRATED FORMAL METHODS, PROCEEDINGS",,https://www.webofscience.com/wos/woscc/full-record/WOS:000174115700015,supports-claim,"An operational semantics for a significant subset of the Verilog Hardware Description Language (HDL) has been developed. An unusual aspect of the semantics is that it was formulated as a Prolog logic program. This allows the possibility of simulating the semantics. In addition, a literate programming style has been used, so the semantics can be processed by the LATEX document preparation system with minimal and fully automated preprocessing. Bringing together the paradigms of operational semantics, logic programming and literate programming in this manner has proved a great aid in a number of ways. It has helped improve the understanding of the semantics, in the formalization of semantic aspects left informal in the original mathematical formulation of the semantics, and in the maintenance of the formal semantics and its associated informal description.",wos,llm,0.970,unreviewed,
kept,An animatable operational semantics of the Verilog Hardware Description Language,"Bowen, JP; He, JF; Xu, QW",2000,"ICFEM 2000: THIRD INTERNATIONAL CONFERENCE ON FORMAL ENGINEERING METHODS, PROCEEDINGS",,https://www.webofscience.com/wos/woscc/full-record/WOS:000165826300021,supports-claim,"An operational semantics of a significant subset of the Verilog Hardware Description Language (HDL) is presented The semantics is encoded using the logic programming language Prolog in a literate programming style. This allows the associated documentation to be maintained in step with the semantics, and the printed version to be presented in a standard mathematical operational semantics style. It also enables the semantics to be directly animated using a Prolog interpreter: Using this approach allows the exploration of sometimes subtle behaviours of parallel programs and the possibility of rapid changes or additions to the semantics of the language covered that could be missed otherwise. In addition, it provides an extra check on the validity of the operational semantics.",wos,llm,0.970,unreviewed,
kept,Requirements for an elucidative programming environment,"Normark, K",2000,"8TH INTERNATIONAL WORKSHOP ON PROGRAM COMPREHENSION (IWPC 2000), PROCEEDINGS",,https://www.webofscience.com/wos/woscc/full-record/WOS:000089734400014,qualifies-claim,"The main goal with this paper is to motivate and coin a variation of literate programming which we call elucidative programming. Elucidative programming is oriented towards program explanation with the purpose of throwing lights on important and complex program relationships. Since proposed by Knuth in 1984, literate programming has been one of the most viable approaches to a radical improvement of internal program documentation. Unfortunately, most programmers find the ideas of literate programming, as supported by WEB-like tools, for impractical, academic, and far-fetched in relation to current programming practices. With elucidative programming we intend to focus on the best ideas of literate programming. We disregards the aspects of publishing programs as technical literature, and we provide for mechanisms with which documentation can be added to a program without affecting or disturbing the source program. Our ideas about elucidative programming are presented as a number of requirements, and in a discussion of programming environment issues in relation to the new ideas.",wos,llm,0.990,unreviewed,
