status,title,authors,year,venue,doi,url,tags,abstract,provider,decision_source,llm_confidence,llm_review_outcome,llm_change_direction
discarded,Unakite: Scaffolding Developers' Decision-Making Using the Web,Michael Xieyang Liu; Jane Hsieh; Nathan Hahn; Angelina Zhou; Emily Deng; Shaun Burley; Cynthia Taylor; Aniket Kittur; Brad A. Myers,2019,,10.1145/3332165.3347908,https://openalex.org/W2980877729,adjacent-subtopic,"Developers spend a significant portion of their time searching for solutions and methods online. While numerous tools have been developed to support this exploratory process, in many cases the answers to developers' questions involve trade-offs among multiple valid options and not just a single solution. Through interviews, we discovered that developers express a desire for help with decision-making and understanding trade-offs. Through an analysis of Stack Overflow posts, we observed that many answers describe such trade-offs. These findings suggest that tools designed to help a developer capture information and make decisions about trade-offs can provide crucial benefits for both the developers and others who want to understand their design rationale. In this work, we probe this hypothesis with a prototype system named Unakite that collects, organizes, and keeps track of information about trade-offs and builds a comparison table, which can be saved as a design rationale for later use. Our evaluation results show that Unakite reduces the cost of capturing tradeoff-related information by 45%, and that the resulting comparison table speeds up a subsequent developer's ability to understand the trade-offs by about a factor of three.",openalex,llm,0.920,unreviewed,
kept,"Reasons, challenges, and some tools for doing reproducible transportation research",Zuduo Zheng,2021,Communications in Transportation Research,10.1016/j.commtr.2021.100004,https://openalex.org/W3197752125,adjacent-subtopic,"This paper introduces reproducible research (RR), and explains its importance, benefits, and challenges. Some important tools for conducting RR in Transportation Research are also introduced. Moreover, the source code for generating this paper has been designed in a way so that it can be used as a template for researchers to write their future journal papers as dynamic and reproducible documents.",openalex,llm,0.780,unreviewed,
kept,Tools and techniques for computational reproducibility,Stephen Piccolo; Michael Frampton,2015,bioRxiv (Cold Spring Harbor Laboratory),10.1101/022707,https://openalex.org/W2300554069,adjacent-subtopic,"Abstract When reporting research findings, scientists document the steps they followed so that others can verify and build upon the research. When those steps have been described in sufficient detail that others can retrace the steps and obtain similar results, the research is said to be reproducible. Computers play a vital role in many research disciplines and present both opportunities and challenges for reproducibility. Computers can be programmed to execute analysis tasks, and those programs can be repeated and shared with others. Due to the deterministic nature of most computer programs, the same analysis tasks, applied to the same data, will often produce the same outputs. However, in practice, computational findings often cannot be reproduced due to complexities in how software is packaged, installed, and executed—and due to limitations in how scientists document analysis steps. Many tools and techniques are available to help overcome these challenges. Here we describe seven such strategies. With a broad scientific audience in mind, we describe strengths and limitations of each approach, as well as circumstances under which each might be applied. No single strategy is sufficient for every scenario; thus we emphasize that it is often useful to combine approaches.",openalex,llm,0.800,unreviewed,
discarded,The GenABEL Project for statistical genomics,Lennart C. Karssen; Cornelia M. van Duijn; Yurii S. Aulchenko,2016,F1000Research,10.12688/f1000research.8733.1,https://openalex.org/W2401247770,adjacent-subtopic,"Development of free/libre open source software is usually done by a community of people with an interest in the tool. For scientific software, however, this is less often the case. Most scientific software is written by only a few authors, often a student working on a thesis. Once the paper describing the tool has been published, the tool is no longer developed further and is left to its own device. Here we describe the broad, multidisciplinary community we formed around a set of tools for statistical genomics. The GenABEL project for statistical omics actively promotes open interdisciplinary development of statistical methodology and its implementation in efficient and user-friendly software under an open source licence. The software tools developed withing the project collectively make up the GenABEL suite, which currently consists of eleven tools. The open framework of the project actively encourages involvement of the community in all stages, from formulation of methodological ideas to application of software to specific data sets. A web forum is used to channel user questions and discussions, further promoting the use of the GenABEL suite. Developer discussions take place on a dedicated mailing list, and development is further supported by robust development practices including use of public version control, code review and continuous integration. Use of this open science model attracts contributions from users and developers outside the ""core team"", facilitating agile statistical omics methodology development and fast dissemination.",openalex,llm,0.870,unreviewed,
kept,Visualising data science workflows to support third-party notebook comprehension: an empirical study,Dhivyabharathi Ramasamy; Cristina Sarasua; Alberto Bacchelli; Abraham Bernstein,2023,Empirical Software Engineering,10.1007/s10664-023-10289-9,https://openalex.org/W4360614990,adjacent-subtopic,"Abstract Data science is an exploratory and iterative process that often leads to complex and unstructured code. This code is usually poorly documented and, consequently, hard to understand by a third party. In this paper, we first collect empirical evidence for the non-linearity of data science code from real-world Jupyter notebooks, confirming the need for new approaches that aid in data science code interaction and comprehension. Second, we propose a visualisation method that elucidates implicit workflow information in data science code and assists data scientists in navigating the so-called garden of forking paths in non-linear code. The visualisation also provides information such as the rationale and the identification of the data science pipeline step based on cell annotations. We conducted a user experiment with data scientists to evaluate the proposed method, assessing the influence of (i) different workflow visualisations and (ii) cell annotations on code comprehension. Our results show that visualising the exploration helps the users obtain an overview of the notebook, significantly improving code comprehension. Furthermore, our qualitative analysis provides more insights into the difficulties faced during data science code comprehension.",openalex,llm,0.850,unreviewed,
discarded,"Planning, optimisation and evaluation of hyperthermia treatments",H. Petra Kok; A.N.T.J. Kotte; Johannes Crezee,2017,International Journal of Hyperthermia,10.1080/02656736.2017.1295323,https://openalex.org/W2588123889,off-topic-false-hit,"BACKGROUND: Hyperthermia treatment planning using dedicated simulations of power and temperature distributions is very useful to assist in hyperthermia applications. This paper describes an advanced treatment planning software package for a wide variety of applications. METHODS: The in-house developed C++ software package Plan2Heat runs on a Linux operating system. Modules are available to perform electric field and temperature calculations for many heating techniques. The package also contains optimisation routines, post-treatment evaluation tools and a sophisticated thermal model enabling to account for 3D vasculature based on an angiogram or generated artificially using a vessel generation algorithm. The use of the software is illustrated by a simulation of a locoregional hyperthermia treatment for a pancreatic cancer patient and a spherical tumour model heated by interstitial hyperthermia, with detailed 3D vasculature included. RESULTS: The module-based set-up makes the software flexible and easy to use. The first example demonstrates that treatment planning can help to focus the heating to the tumour. After optimisation, the simulated absorbed power in the tumour increased with 50%. The second example demonstrates the impact of accurately modelling discrete vasculature. Blood at body core temperature entering the heated volume causes relatively cold tracks in the heated volume, where the temperature remains below 40 °C. CONCLUSIONS: A flexible software package for hyperthermia treatment planning has been developed, which can be very useful in many hyperthermia applications. The object-oriented structure of the source code allows relatively easy extension of the software package with additional tools when necessary for future applications.",openalex,llm,0.990,unreviewed,
discarded,Leveraging Program Comprehension with Concern-oriented Source Code Projections,Jaroslav Porubän; Milan Nosáľ,2014,DROPS (Schloss Dagstuhl – Leibniz Center for Informatics),10.4230/oasics.slate.2014.35,https://openalex.org/W2240979497,adjacent-subtopic,In this paper we briefly introduce our concern-oriented source code projections that enable looking at same source code in multiple different ways. The objective of this paper is to discuss projection creation process in detail and to explain benefits of using projections to aid program comprehension. We achieve this objective by showing a case study that illustrates using projections on examples. Presented case study was done using our prototypical tool that is implemented as a plugin for NetBeans IDE. We briefly introduce the tool and present an experiment that we have conducted with a group of students at our university. The results of the experiment indicate that projections have positive effect on program comprehension.,openalex,llm,0.900,unreviewed,
kept,"Transparency, Reproducibility, and the Credibility of Economics Research",Garret Christensen; Edward Miguel,2018,Journal of Economic Literature,10.1257/jel.20171350,https://openalex.org/W2561942675,adjacent-subtopic,"There is growing interest in enhancing research transparency and reproducibility in economics and other scientific fields. We survey existing work on these topics within economics and discuss the evidence suggesting that publication bias, inability to replicate, and specification searching remain widespread in the discipline. We next discuss recent progress in this area, including through improved research design, study registration and pre-analysis plans, disclosure standards, and open sharing of data and materials, drawing on experiences in both economics and other social sciences. We discuss areas where consensus is emerging on new practices, as well as approaches that remain controversial, and speculate about the most effective ways to make economics research more credible in the future. ( JEL A11, C18, I23)",openalex,llm,0.740,unreviewed,
discarded,"Digital Humanities Pedagogy: Practices, Principles and Politics","Hirsch, Brett D. (Editor)",2012,Open Book Publishers,10.11647/obp.0024,https://openalex.org/W1891628650,adjacent-subtopic,"The essays in this collection offer a timely intervention in digital humanities scholarship. Bringing together established and emerging scholars from a variety of humanities disciplines, the book offers views on the practical realities of teaching digital humanities at undergraduate and graduate level, proposes strategies for teaching foundational digital humanities methods across a variety of disciplines, and engages with wider debates about the place of digital humanities in the academy. Broadening the ways in which both scholars and practitioners can think about this emerging discipline, this book makes an important contribution to its ongoing development, vitality and long-term sustainability.",openalex,llm,0.760,unreviewed,
discarded,The art and practice of data science pipelines,Sumon Biswas; Mohammad Wardat; Hridesh Rajan,2022,Proceedings of the 44th International Conference on Software Engineering,10.1145/3510003.3510057,https://openalex.org/W4284677512,adjacent-subtopic,"Increasingly larger number of software systems today are including data science components for descriptive, predictive, and prescriptive analytics. The collection of data science stages from acquisition, to cleaning/curation, to modeling, and so on are referred to as data science pipelines. To facilitate research and practice on data science pipelines, it is essential to understand their nature. What are the typical stages of a data science pipeline? How are they connected? Do the pipelines differ in the theoretical representations and that in the practice? Today we do not fully understand these architectural characteristics of data science pipelines. In this work, we present a three-pronged comprehensive study to answer this for the state-of-the-art, data science in-the-small, and data science in-the-large. Our study analyzes three datasets: a collection of 71 proposals for data science pipelines and related concepts in theory, a collection of over 105 implementations of curated data science pipelines from Kaggle competitions to understand data science in-the-small, and a collection of 21 mature data science projects from GitHub to understand data science in-the-large. Our study has led to three representations of data science pipelines that capture the essence of our subjects in theory, in-the-small, and in-the-large.",openalex,llm,0.890,unreviewed,
discarded,Forgetting Practices in the Data Sciences,Michael Müller; Angelika Strohmayer,2022,CHI Conference on Human Factors in Computing Systems,10.1145/3491102.3517644,https://openalex.org/W4225109361,adjacent-subtopic,"HCI engages with data science through many topics and themes. Researchers have addressed biased dataset problems, arguing that bad data can cause innocent software to produce bad outcomes. But what if our software is not so innocent? What if the human decisions that shape our data-processing software, inadvertently contribute their own sources of bias? And what if our data-work technology causes us to forget those decisions and operations? Based in feminisms and critical computing, we analyze forgetting practices in data work practices. We describe diverse beneficial and harmful motivations for forgetting. We contribute: (1) a taxonomy of data silences in data work, which we use to analyze how data workers forget, erase, and unknow aspects of data; (2) a detailed analysis of forgetting practices in machine learning; and (3) an analytic vocabulary for future work in remembering, forgetting, and erasing in HCI and the data sciences.",openalex,llm,0.830,unreviewed,
discarded,The mismatch between current statistical practice and doctoral training in ecology,Justin C. Touchon; Michael McCoy﻿﻿,2016,Ecosphere,10.1002/ecs2.1394,https://openalex.org/W2512553241,adjacent-subtopic,"Abstract Ecologists are studying increasingly complex and important issues such as climate change and ecosystem services. These topics often involve large data sets and the application of complicated quantitative models. We evaluated changes in statistics used by ecologists by searching nearly 20,000 published articles in ecology from 1990 to 2013. We found that there has been a rise in sophisticated and computationally intensive statistical techniques such as mixed effects models and Bayesian statistics and a decline in reliance on approaches such as ANOVA or t tests. Similarly, ecologists have shifted away from software such as SAS and SPSS to the open source program R. We also searched the published curricula and syllabi of 154 doctoral programs in the United States and found that despite obvious changes in the statistical practices of ecologists, more than one‐third of doctoral programs showed no record of required or optional statistics classes. Approximately one‐quarter of programs did require a statistics course, but most of those did not cover contemporary statistical philosophy or advanced techniques. Only one‐third of doctoral programs surveyed even listed an optional course that teaches some aspect of contemporary statistics. We call for graduate programs to lead the charge in improving training of future ecologists with skills needed to address and understand the ecological challenges facing humanity.",openalex,llm,0.900,unreviewed,
discarded,f90wrap: an automated tool for constructing deep Python interfaces to modern Fortran codes,James R. Kermode,2020,Journal of Physics Condensed Matter,10.1088/1361-648x/ab82d2,https://openalex.org/W3013890918,off-topic-false-hit,"f90wrap is a tool to automatically generate Python extension modules which interface to Fortran libraries that makes use of derived types. It builds on the capabilities of the popular f2py utility by generating a simpler Fortran 90 interface to the original Fortran code which is then suitable for wrapping with f2py, together with a higher-level Pythonic wrapper that makes the existance of an additional layer transparent to the final user. f90wrap has been used to wrap a number of large software packages of relevance to the condensed matter physics community, including the QUIP molecular dynamics code and the CASTEP density functional theory code.",openalex,llm,0.980,unreviewed,
kept,"YesWorkflow: A User-Oriented, Language-Independent Tool for Recovering Workflow Information from Scripts",Timothy McPhillips; Tianhong Song; Tyler Kolisnik; S. Aulenbach; Khalid Belhajjame; R. Kyle Bocinsky; Yang Cao; Fernando Chirigati; Saumen Dey; Juliana Freire; D. N. Huntzinger; Christopher S. Jones; David Koop; Paolo Missier; Mark Schildhauer; Christopher R. Schwalm; Yaxing Wei; James Cheney; Mark Bieda; Bertram Ludaescher,2015,arXiv (Cornell University),10.48550/arxiv.1502.02403,https://openalex.org/W2952864324,adjacent-subtopic,"Scientific workflow management systems offer features for composing complex computational pipelines from modular building blocks, for executing the resulting automated workflows, and for recording the provenance of data products resulting from workflow runs. Despite the advantages such features provide, many automated workflows continue to be implemented and executed outside of scientific workflow systems due to the convenience and familiarity of scripting languages (such as Perl, Python, R, and MATLAB), and to the high productivity many scientists experience when using these languages. YesWorkflow is a set of software tools that aim to provide such users of scripting languages with many of the benefits of scientific workflow systems. YesWorkflow requires neither the use of a workflow engine nor the overhead of adapting code to run effectively in such a system. Instead, YesWorkflow enables scientists to annotate existing scripts with special comments that reveal the computational modules and dataflows otherwise implicit in these scripts. YesWorkflow tools extract and analyze these comments, represent the scripts in terms of entities based on the typical scientific workflow model, and provide graphical renderings of this workflow-like view of the scripts. Future versions of YesWorkflow also will allow the prospective provenance of the data products of these scripts to be queried in ways similar to those available to users of scientific workflow systems.",openalex,llm,0.880,unreviewed,
discarded,"Models of soil organic matter decomposition: the SoilR package, version 1.0",Carlos A. Sierra; Markus M. Müller; Susan Trumbore,2012,Geoscientific model development,10.5194/gmd-5-1045-2012,https://openalex.org/W2160907400,off-topic-false-hit,"Abstract. Soil organic matter decomposition is a very important process within the Earth system because it controls the rates of mineralization of carbon and other biogeochemical elements, determining their flux to the atmosphere and the hydrosphere. SoilR is a modeling framework that contains a library of functions and tools for modeling soil organic matter decomposition under the R environment for computing. It implements a variety of model structures and tools to represent carbon storage and release from soil organic matter. In SoilR, organic matter decomposition is represented as a linear system of ordinary differential equations that generalizes the structure of most compartment-based decomposition models. A variety of functions is also available to represent environmental effects on decomposition rates. This document presents the conceptual basis for the functions implemented in the package. It is complementary to the help pages released with the software.",openalex,llm,0.970,unreviewed,
discarded,The Desert environment,Steven P. Reiss,1999,ACM Transactions on Software Engineering and Methodology,10.1145/322993.322994,https://openalex.org/W2041490592,adjacent-subtopic,"The Desert software engineering environment is a suite of tools developed to enhance programmer productivity through increased tool integration. It introduces an inexpensive form of data integration to provide additional tool capabilities and information sharing among tools, uses a common editor to give high-quality semantic feedback and to integrate different types of software artifacts, and builds virtual files on demand to address specific tasks. All this is done in an open and extensible environment capable of handling large software systems.",openalex,llm,0.930,unreviewed,
