status,title,authors,year,venue,doi,url,tags,abstract,provider,decision_source,llm_confidence,llm_review_outcome,llm_change_direction
kept,Joint Grammar Development by Linguists and Computer Scientists,Michael Maxwell; Anne David,2008,University Libraries (University of Maryland),,https://openalex.org/W2146385258,supports-claim,"For languages with inflectional morphology, development of a morphological parser can be a bottleneck to further development. We focus on two difficulties: first, finding people with expertise in both computer programming and the linguistics of a particular language, and second, the short lifetime of software such as parsers. We describe a methodology to split parser building into two tasks: descriptive grammar development, and formal grammar development. The two grammars are combined into a single document using Literate Programming. The formal",openalex,llm,0.900,unreviewed,
kept,APL programming without tears,P. Naeve; Bernhard Strohmeier; P. Wolf,1993,ACM SIGAPL APL Quote Quad,10.1145/166198.166220,https://openalex.org/W3195456574,supports-claim,To overcome the unreadability of traditional APL -code Knuth's idea of literate programming is adapted to APL. The APL 2 web system of structured documentation is introduced as a new way of APL -programming. An example is given to highlight the merits of this combination.,openalex,llm,0.950,unreviewed,
kept,APL programming without tears,P. Naeve; Bernhard Strohmeier; P. Wolf,1993,,10.1145/166197.166220,https://openalex.org/W2064613680,duplicate-record-of-cited-source,To overcome the unreadability of traditional APL-code Knuth's idea of literate programming is adapted to APL. The APL2web system of structured documentation is introduced as a new way of APL-programming. An example is given to highlight the merits of this combination.,openalex,llm,0.990,unreviewed,
kept,Measuring Complexity and Stability of WEB programs.,Lisa M. Smith; Mansur H. Samadzadeh,1992,SHAREOK (University of Oklahoma; Oklahoma State University; Central Oklahoma University),,https://openalex.org/W85368004,supports-claim,"Software maintenance engineers spend at least half of their time trying to understand the system they are to modify. This is due partially to the fact that often the only documentation available is the source code itself. The literate programming paradigm provides the incentive and the capability to produce high quality documentation and code simultaneously. The goal is to create ""works of literature"" which have all the extras (table of contents, cross references, and indices) to help readers to comprehend the programs quickly and thoroughly. The purpose of this thesis is to explore the similarities and differences in measurements of complexity and stability of literate programs compared to those of traditionally developed code.",openalex,llm,0.970,unreviewed,
discarded,NEW INVESTOR LITERATION PROGRAM SEBAGAI UPAYA PENINGKATAN PENGETAHUAN INVESTASI PASAR MODAL SISWA SMA NEGERI 2 PEMALANG,Muhammad Aris Safii; Versiandika Yudha Pratama; Happy Sista Devy,2022,Jubaedah Jurnal Pengabdian Dan Edukasi Sekolah (Indonesian Journal Of Community Services And School Education),10.46306/jub.v2i3.96,https://openalex.org/W4311990787,off-topic-false-hit,"Investment essentially investing capital with the hope of getting a profit in the future. One of the investment instruments is the capital market. Financial inclusion index data shows that the capital market literacy index in Indonesia is quite low compared to other financial literacy indexes such as banking, insurance, financing institutions and pawnshops. In fact, investing in the capital market is one investment that is quite easy and profitable. In terms of the age of investors, the age range of 15-17 years, which is the age of teenagers, still has a minimal level of capital market investment literacy. This is also experienced by students of SMA Negeri 2 Pemalang who are still new to capital market investment. The New Investor Literacy Program is expected to be able to increase investment understanding so that students can prepare for financial well-being in the future. The method used in this activity is education and training, where SMA Negeri 2 Pemalang students will be given education in advance about the concept of capital market investment, then continue with training on how to practice investing in capital market products in Indonesia. In general, this activity ran smoothly and conducively with the enthusiasm and curiosity of SMA Negeri 2 Pemalang students who were so great in terms of capital market investment.",openalex,llm,1.000,unreviewed,
kept,Rational points on circles,Christoph Burnikel,1998,MPG.PuRe (Max Planck Society),,https://openalex.org/W1569165663,adjacent-subtopic,"We solve the following problem. For a given rational circle $C$ passing through the rational points $p$, $q$, $r$ and a given angle $\\alpha$, compute a rational point on $C$ whose angle at $C$ differs from $\\alpha$ by a value of at most $\\epsilon$. In addition, try to minimize the bit length of the computed point. This document contains the C++ program |rational_points_on_circle.c|. We use the literate programming tool |noweb| by Norman Ramsey.",openalex,llm,0.840,unreviewed,
discarded,Literate Proving: Presenting and Documenting Formal Proofs,Paul Cairns; Jeremy Gow,2006,Lecture notes in computer science,10.1007/11618027_11,https://openalex.org/W1488321836,adjacent-subtopic,,openalex,llm,0.740,unreviewed,
discarded,9. Programming with Humanists: Reflections on Raising an Army of Hacker-Scholars in the Digital Humanities,Stephen Ramsay,2015,OpenEdition (OpenEdition),,https://openalex.org/W1833046747,adjacent-subtopic,"Let us change our traditional attitude to the construction of programs: Instead of imagining that our main task is to instruct a computer what to do, let us concentrate rather on explaining to human beings what we want a computer to do. —Donald E. Knuth, Literate Programming (1992) ""Program or be programmed."" That is the strong claim made by Douglas Rushkoff in a recent book that eloquently—at times, movingly—articulates an argument often made by those who teach programming: In the emerging, ...",openalex,llm,0.830,unreviewed,
kept,Reviewing the TEI ODD system,Sebastian Rahtz; Lou Burnard,2013,,10.1145/2494266.2494321,https://openalex.org/W2089802183,supports-claim,"For many years the Text Encoding Initiative (TEI) has maintained a specialised high-level XML vocabulary in the 'literate programming' paradigm to define its influential Guidelines, from which schemas or DTDs in other schema languages are derived. This paper reviews the development of this vocabulary, known as ODD (for 'One Document Does it all'). We discuss some problems with the language, and propose solutions to make it more complete and extensible.",openalex,llm,0.930,unreviewed,
kept,Unparsing expressions with prefix and postfix operators,Norman F. Ramsey,1998,Software Practice and Experience,10.1002/(sici)1097-024x(1998100)28:12<1327::aid-spe195>3.0.co;2-c,https://openalex.org/W2063194588,supports-claim,"Unparsing is the problem of transforming an internal representation of a program into an external, concrete syntax. In conjunction with prettyprinting, it is useful for generating readable programs from internal representations. If the target language uses prefix and postfix operators, the problem is nontrivial. This paper shows how to unparse expressions using a simple, bottom-up tree walk, which keeps track of the least tightly binding operator not enclosed by parentheses. During the tree walk, this operator is compared with the operator of the parent expression, and parentheses are inserted based on the precedence, associativity, and fixity (infix, prefix, or postfix) of the two operators. The paper is a literate program. It includes code for the unparser and for its inverse parser, both of which can handle operators of dynamically chosen precedence and associativity. Supporting such operators is useful for languages like ML, in which programmers may assign precedence and associativity to their own functions. © 1998 John Wiley & Sons, Ltd.",openalex,llm,0.910,unreviewed,
discarded,An Introduction to Counterfactual Regret Minimization,Todd W. Neller; Marc Lanctot,2013,The Cupola: Scholarship at Gettysburg College (Gettysburg College),,https://openalex.org/W77704268,adjacent-subtopic,"In 2000, Hart and Mas-Colell introduced the important game-theoretic algorithm of regret matching. Players reach equilibrium play by tracking regrets for past plays, making future plays proportional to positive regrets. The technique is not only simple and intuitive; it has sparked a revolution in computer game play of some of the most difficult bluffing games, including clear domination of annual computer poker competitions. Since the algorithm is relatively recent, there are few curricular materials available to introduce regret-based algorithms to the next generation of researchers and practitioners in this area. These materials represent a modest first step towards making recent innovations more accessible to advanced Computer Science undergraduates, graduate students, interested researchers, and ambitious practitioners. In Section 2, we introduce the concept of player regret, describe the regret-matching algorithm, present a rock-paper-scissors worked example in the literate programming style, and suggest related exercises. Counterfactual Regret Minimization (CFR) is introduced in Section 3 with a worked example solving Kuhn Poker. Supporting code is provided for a substantive CFR exercise computing optimal play for 1-die-versus-1-die Dudo. In Section 4, we briey mention means of \cleaning"" approximately optimal computed policies, which can in many cases improve results. Section 5 covers an advanced application of CFR to games with repeated states (e.g. through imperfect recall abstraction) that can reduce computational complexity of a CFR training iteration from exponential to linear. Here, we use our independently devised game of Liar Die to demonstrate application of the algorithm. We then suggest that the reader apply the technique to 1-die-versus-1-die Dudo with a memory of 3 claims. In Section 6, we briefly discuss an open research problem: Among possible equilibrium strategies, how do we compute one that optimally exploits opponent errors? The reader is invited to modify our Liar Die example code to so as to gain insight to this interesting problem. Finally, in Section 7, we suggest further challenge problems and paths for continued learning. [excerpt]",openalex,llm,0.780,unreviewed,
discarded,GCAC: galaxy workflow system for predictive model building for virtual screening,Deepak R. Bharti; Anmol Jaywant Hemrom; Andrew M. Lynn,2019,BMC Bioinformatics,10.1186/s12859-018-2492-8,https://openalex.org/W2912890432,adjacent-subtopic,"BACKGROUND: Traditional drug discovery approaches are time-consuming, tedious and expensive. Identifying a potential drug-like molecule using high throughput screening (HTS) with high confidence is always a challenging task in drug discovery and cheminformatics. A small percentage of molecules that pass the clinical trial phases receives FDA approval. This whole process takes 10-12 years and millions of dollar of investment. The inconsistency in HTS is also a challenge for reproducible results. Reproducible research in computational research is highly desirable as a measure to evaluate scientific claims and published findings. This paper describes the development and availability of a knowledge based predictive model building system using the R Statistical Computing Environment and its ensured reproducibility using Galaxy workflow system. RESULTS: We describe a web-enabled data mining analysis pipeline which employs reproducible research approaches to confront the issue of availability of tools in high throughput virtual screening. The pipeline, named as ""Galaxy for Compound Activity Classification (GCAC)"" includes descriptor calculation, feature selection, model building, and screening to extract potent candidates, by leveraging the combined capabilities of R statistical packages and literate programming tools contained within a workflow system environment with automated configuration. CONCLUSION: GCAC can serve as a standard for screening drug candidates using predictive model building under galaxy environment, allowing for easy installation and reproducibility. A demo site of the tool is available at http://ccbb.jnu.ac.in/gcac.",openalex,llm,0.870,unreviewed,
kept,Adapting Gurvich-Karzanov-Khachiyan's Algorithm for Parity Games: Implementation and Experimentation,Emmanuel Beffara; Vorobyov,2001,Uppsala University Publications (Uppsala University),,https://openalex.org/W2161788555,supports-claim,"We suggest and experimentally test a new approach to solving the Parity Games problem, equivalent to the propositional modal µ-calculus, a fundamental problem in automata, games, complexity theories, as well as in practical computer-aided verification, whose precise computational complexity is a long-standing open question. Based on the algorithm due to Gurvich, Karzanov, and Khachiyan for solving the more general Mean Payoff Games, we make an adaptation and optimization for parity games, implement it in Knuth's system CWEB of ""literate programming"" using C++. The algorithm is less known in the model-checking community and is based on different ideas, as compared to the well-investigated ideas including fixpoint iteration, strategy improvement, dynamic programming. Run on a considerable number (several millions) of randomly generated test game instances with up to 20.000 vertices and 6 - 7 colors, the algorithm demonstrates a rapid convergence with sublinear number of iterations. Moreover, unlike other known algorithms, for which examples of exponential behaviors are known, our algorithm admits internal randomization, which gives improvements in our tests and may help the algorithm to avoid bad cases. Our experiments strongly suggest that the algorithm is polynomial on the average under reasonable distributions, which remains to be explained in further studies. This report contains results of the summer project done by the first author under the supervision and with participation of the second author. It represents an ongoing project, the new updates will be available from http://www.csd.uu.se/~vorobyov/eb-gkk",openalex,llm,0.900,unreviewed,
