status,title,authors,year,venue,doi,url,tags,abstract,provider,decision_source,llm_confidence,llm_review_outcome,llm_change_direction
discarded,FLEET: A Federated Learning Emulation and Evaluation Testbed for Holistic Research,Osama Abu Hamdan; Hao Che; Engin Arslan; Md Arifuzzaman,2026,2026 IEEE 23rd Consumer Communications & Networking Conference (CCNC),10.1109/CCNC65079.2026.11366595,https://ieeexplore.ieee.org/document/11366595/,adjacent-subtopic,"Federated Learning (FL) presents a robust paradigm for privacy-preserving, decentralized machine learning. However, a significant gap persists between the theoretical design of FL algorithms and their practical performance, largely because existing evaluation tools often fail to model realistic operational conditions. Many testbeds oversimplify the critical dynamics among algorithmic efficiency, client-level heterogeneity, and continuously evolving network infrastructure. To address this challenge, we introduce the Federated Learning Emulation and Evaluation Testbed (FLEET). This comprehensive platform provides a scalable and configurable environment by integrating a versatile, framework-agnostic learning component with a high-fidelity network emulator. FLEET supports diverse machine learning frameworks, customizable real-world network topologies, and dynamic background traffic generation. The testbed collects holistic metrics that correlate algorithmic outcomes with detailed network statistics. By unifying the entire experiment configuration, FLEET enables researchers to systematically investigate how network constraints, such as limited bandwidth, high latency, and packet loss, affect the convergence and efficiency of FL algorithms. This work provides the research community with a robust tool to bridge the gap between algorithmic theory and real-world network conditions, promoting the holistic and reproducible evaluation of federated learning systems.",ieee,llm,0.970,unreviewed,
discarded,Enriched Multimodal Representations of Music Performances: Online Access and Visualization,Esteban Maestre; Panagiotis Papiotis; Marco Marchini; Quim Llimona; Oscar Mayor; Alfonso Pérez; Marcelo M. Wanderley,2017,IEEE MultiMedia,10.1109/MMUL.2017.3,https://ieeexplore.ieee.org/document/7849104/,adjacent-subtopic,"The authors provide a first-person outlook on the technical challenges involved in the recording, analysis, archiving, and cloud-based interchange of multimodal string quartet performance data as part of a collaborative research project on ensemble music making. To facilitate the sharing of their own collection of multimodal recordings and extracted descriptors and annotations, they developed a hosting platform through which multimodal data (audio, video, motion capture, and derived signals) can be stored, visualized, annotated, and selectively retrieved via a web interface and a dedicated API. This article offers a twofold contribution: the authors open their collection of enriched multimodal recordings, the Quartet dataset, to the community, and they introduce and enable access to their multimodal data exchange platform and web application, the Repovizz system. This article is part of a special issue on multimedia technologies for enriched music.",ieee,llm,0.950,unreviewed,
discarded,AIM: AN ABSTRACTION FOR IMPROVING MACHINE LEARNING PREDICTION,Victoria Stodden; Xiaomian Wu; Vanessa Sochat,2018,2018 IEEE Data Science Workshop (DSW),10.1109/DSW.2018.8439914,https://ieeexplore.ieee.org/document/8439914/,adjacent-subtopic,"We introduce a structured and portable Abstraction for Improving Machine learning (AIM) to improve prediction outcomes and enable meaningful comparisons of ML pipelines. We implement AIM for a well-known acute leukemia classification problem using the Scientific Filesystem, enabling direct performance comparisons across a variety of classifiers. AIM provides three direct efficiency benefits: 1) the sources of performance differences between ML pipelines can identified at the algorithm implementation level as defined by the AIM, 2) improvements can be made to specific aspects of the pipeline and thus better understood, and 3) the reuse of these defined abstraction components across different pipelines is facilitated. When the AIM is defined at the outset of the prediction challenge, these benefits can come at minimal cost. We show these benefits by implementing AIM and the Scientific Filesystem on the well-known Golub AML/ALL cancer dataset.",ieee,llm,0.920,unreviewed,
discarded,"What Is the Impact of Releasing Code With Publications?: Statistics from the Machine Learning, Robotics, and Control Communities",Siqi Zhou; Lukas Brunke; Allen Tao; Adam W. Hall; Federico Pizarro Bejarano; Jacopo Panerati; Angela P. Schoellig,2024,IEEE Control Systems,10.1109/MCS.2024.3402888,https://ieeexplore.ieee.org/document/10621946/,adjacent-subtopic,"Open-sourcing research publications is a key enabler for the reproducibility of studies and the collective scientific progress of a research community. As all fields of science develop more advanced algorithms, we become more dependent on complex computational toolboxes—sharing research ideas solely through equations and proofs is no longer sufficient to communicate scientific developments. Over the past years, several efforts have highlighted the importance and challenges of transparent and reproducible research; code sharing is one of the key necessities in such efforts.",ieee,llm,0.860,unreviewed,
kept,Literacy for the Masses: Integrating Software and Knowledge Reuse for End-User Developers Through Literate Programming,Matthew Dinmore; Anthony F. Norcio,2007,2007 IEEE International Conference on Information Reuse and Integration,10.1109/IRI.2007.4296662,https://ieeexplore.ieee.org/document/4296662/,qualifies-claim,"We examine the potential for applying the literate programming approach to end-user development problems in which explicit knowledge capture and sharing is an objective. Research results from the literate programming literature are presented to support this concept, and recent work addressing previously recognized shortcomings of literate programming technology is highlighted. A prototype system and early experiences with an end-user literate programming are briefly described.",ieee,llm,0.950,unreviewed,
kept,Literate programming: a software engineering perspective,J. Hamer,1994,Proceedings Software Education Conference (SRIG-ET'94),10.1109/SEDC.1994.475349,https://ieeexplore.ieee.org/document/475349/,qualifies-claim,"Initial impressions of literate programming tend to the view that this is the software equivalent of the ""Faberge egg"": ornate beyond all practical uses. However, recent advances in the field have produced tools that are less ornate, easy to use and eminently practical. We take a critical look at what literate programming has to offer in the practice and teaching of software engineering, and present a brief review of the state-of-the-art tools now (freely) available. No previous experience with literate programming is assumed.<>",ieee,llm,0.980,unreviewed,
kept,VAMP: A tool for literate programming independent of programming language and formatter,E.W. van Ammers; M.R. Kramer,1992,CompEuro 1992 Proceedings Computer Systems and Software Engineering,10.1109/CMPEUR.1992.218405,https://ieeexplore.ieee.org/document/218405/,qualifies-claim,"The authors have developed a module extractor called VAMP, that cooperates with a standard formatter. They describe the VAMP approach to literate programming. Literate programming identifies a method of documentation which explains to people what a computer is supposed to do. Generally, this means that refinement steps are documented in such a way that modules can be extracted from the documentation files. The tool has been in use since 1982. The experiences are predominantly positive, in spite of the overhead implicit in the methodology. The fact that VAMP is independent of both programming language and formatter distinguishes it from WEB and its derivatives.<>",ieee,llm,0.970,unreviewed,
kept,A Modular Plugin Architecture for Literate Programming Editors,Suman Adhikari; Bryan A. Jones,2019,2019 SoutheastCon,10.1109/SoutheastCon42311.2019.9020617,https://ieeexplore.ieee.org/document/9020617/,supports-claim,"The CodeChat plugin transforms source code into a web page, allowing the programmer to view their source code as a descriptive document by adding headings, formatting, hyperlinks, diagrams, and images. However, this plugin requires the use of a little-known text editor, Enki. To broaden CodeChat's impact, this project presents the creation of a modular plug-in architecture for CodeChat, enabling its use with a Visual Studio Code. This approach bridges the services CodeChat provides, which are written in the Python programming language, to the variety of programming languages which various text editors require. To accomplish this, this project employs Apache Thrift, which provides scalable cross-language service development; develops a CodeChat server to provide the needed services; and creates a JavaScript plugin client for Visual Studio Code, a free and popular cross-platform text editor.",ieee,llm,0.970,unreviewed,
kept,Integrated literate programming for structured light camera calibration,Władysław Skarbek,2012,"2012 Joint Conference New Trends In Audio & Video And Signal Processing: Algorithms, Architectures, Arrangements And Applications (NTAV/SPA)",,https://ieeexplore.ieee.org/document/7085507/,supports-claim,"Literate programming is a concept initially conceived by Professor Donald Knuth who had applied it in practice while developing his TEX formatting system. In my integrated approach I advocate the concept of literate programming in a single book, i.e. all levels of a created application (including the descriptions of new algorithms) are joined together with all source codes in one PDF document, which is created from a tree of Latex documents. The code granularity can be of any detail. Even a single line of code is possible, surrounded by necessary comments, if needed. Codes can be composed sequentially and hierarchically. The presented paper will discuss advantages of the proposed programming methodology for developing software prototypes of applications within digital media one the example of calibration algorithms for a structured light camera system.",ieee,llm,0.950,unreviewed,
kept,Application of literate-programming principles for the description of a FORTRAN 90 extension to quaternion arithmetic,P.E. Atlamazoglou; H.T. Anastassiu; D.I. Kaklamani,2001,IEEE Antennas and Propagation Magazine,10.1109/74.951564,https://ieeexplore.ieee.org/document/951564/,supports-claim,"In an effort to effectively annotate and document a FORTRAN 90 module that extends the language's mathematical capabilities to the performance of quaternion operations, the literate-programming paradigm is adopted. The basic principles of this paradigm are discussed through a short introduction to the features of a specific literate-programming system known as FWEB. This system is then employed for the efficient presentation of the FORTRAN 90 quaternion arithmetic module.",ieee,llm,0.980,unreviewed,
kept,Increasing assurance with literate programming techniques,A.P. Moore; C.N. Payne,1996,Proceedings of 11th Annual Conference on Computer Assurance. COMPASS '96,10.1109/CMPASS.1996.507887,https://ieeexplore.ieee.org/document/507887/,supports-claim,"The assurance argument that a trusted system satisfies its information security requirements mast be convincing, because the argument supports the accreditation decision to allow the computer to process classified information in an operational environment. Assurance is achieved through understanding, but some evidence that supports the assurance argument can be difficult to understand. The paper describes a novel application of a technique, called literate programming (D.E. Knuth, 1984), that significantly improves the readability of the assurance argument while maintaining its consistency with formal specifications that are input to specification and verification systems. We describe an application of this technique to a simple example and discuss the lessons learned from this effort.",ieee,llm,0.960,unreviewed,
kept,Literate programming and documentation reuse,B. Childs; J. Sametinger,1996,Proceedings of Fourth IEEE International Conference on Software Reuse,10.1109/ICSR.1996.496128,https://ieeexplore.ieee.org/document/496128/,adjacent-subtopic,"Object-oriented programming has brought many advantages to the software engineering community. The reuse of existing software components and application frameworks can improve the productivity in software development considerably. The same object-oriented techniques, i.e., inheritance and information hiding, that ease reusing software, can be applied to documentation and thus, enable its reuse. One can document each software component-regardless of what a component is-from scratch. This leads to multiple documentation of features that are multiply reused. One can also describe a component's differences to other components. This seems logical for the systems documentation of object-oriented software. However, as is shown, this kind of reuse can not only be applied to source-code related documentation, but also to documentation, where there is no source code involved at all, e.g., user documentation. We describe the concepts for documentation reuse, how these concepts can be realized with a literate programming tool, and the application of documentation reuse.",ieee,llm,0.820,unreviewed,
kept,Using object-oriented and literate-programming techniques for the development of a computational electromagnetics library,D.G. Lymperopoulos; D. Logothetis; P. Atlamazoglou; D.L. Kaklamani,2005,IEEE Antennas and Propagation Magazine,10.1109/MAP.2005.1532539,https://ieeexplore.ieee.org/document/1532539/,supports-claim,"Code maintenance is perhaps the most time-consuming problem in developing source code for various purposes. The increased complexity of computational-electromagnetics (CEM) simulation software makes this task even more difficult and tedious. The current paper proposes a sophisticated approach for a significant performance improvement in CEM code-maintenance tasks, with the fusion of object-oriented and literate-programming techniques. A case study concerning the development of a CEM library is thoroughly analyzed and presented. Various aspects of computational efficiency have been examined in order to estimate the costs of developing object-oriented CEM programs. The aim of the analysis is to stress the advantages of the above-mentioned techniques, and to provide useful guidelines for effective implementation of CEM programs with reusable, extensible, self-documented source code.",ieee,llm,0.900,unreviewed,
kept,Theme-based literate programming,A. Kacofegitis; N. Churcher,2002,"Ninth Asia-Pacific Software Engineering Conference, 2002.",10.1109/APSEC.2002.1183079,https://ieeexplore.ieee.org/document/1183079/,qualifies-claim,"The source code for computer programs is destined to be read by compilers and consequently its internal structure is heavily constrained. The compiler neither knows nor cares about such things as a program's internal structure, the relationships between its components and their specifications, the way design patterns are instantiated, the best way to explain its algorithms or how it is intended to be used. People do. Literate programming (LP) was invented by Donald Knuth as a way to address such problems. The idea is appealing but LP has not been adopted widely: the lack of good tools, difficulties with object-oriented languages and the limitations of a single psychological order are among the reasons. We report the development of theme-based literate programming (TBLP). Themes are extremely flexible: they may be aimed at particular reader groups or represent aspects of the program. Features of TBLP include an extended chunk model which accommodates a richer variety of types, an extended connection model which allows chunks to be threaded together into multiple themes, an enhanced processing model which generalises tangling and weaving and a chunk-level version management system. XML is used to represent the web structure and XML-based technologies such as XSLT are used in processing. This provides flexibility and extensibility, allowing users to define new chunk types. An application which implements TBLP is presented and the integration of TBLP with software engineering processes is discussed.",ieee,llm,0.980,unreviewed,
discarded,Extraction of Documentation from Fortran 90 Source Code: An Industrial Experience,Josef Pichler,2013,2013 17th European Conference on Software Maintenance and Reengineering,10.1109/CSMR.2013.58,https://ieeexplore.ieee.org/document/6498497/,adjacent-subtopic,"Software programs in scientific and engineering domains typically contain complex and extensive computations that are additionally optimized concerning running time or memory requirements. As a consequence, the actual computations are often hard to comprehend from the source code only. This paper presents tool support to extract documentation from source code that reveals the actual computation. We discuss how to generate the entire documentation from the source code automatically by using a minimum of additional annotations. This reduces the effort for writing documentation manually and ensures consistency between source code and documentation. Furthermore, the extracted documentation is given in a notation expected and comprehensible by domain experts. We applied our approach in the electrical engineering domain for software systems implemented in the Fortran 90 programming langugage.",ieee,llm,0.870,unreviewed,
kept,Source Code Publishing on World Wide Web,Tsunetoshi Hayashi,2012,2012 26th International Conference on Advanced Information Networking and Applications Workshops,10.1109/WAINA.2012.94,https://ieeexplore.ieee.org/document/6185096/,supports-claim,"The design principle of publishing program source code document on-line is presented. In this design, Knuth's literate programming is employed as the foundation of the publishing method. The concepts similar to World Wide Web are adapted to our publishing method utilizing the extended markup language design. Concrete syntax of the markup language and some discussions on the document delivery of the methodology are also presented. Finally, notes on the implementation are given, as closing remarks.",ieee,llm,0.950,unreviewed,
kept,GuideAutomator: Continuous Delivery of End User Documentation,Rodrigo Souza; Allan Oliveira,2017,2017 IEEE/ACM 39th International Conference on Software Engineering: New Ideas and Emerging Technologies Results Track (ICSE-NIER),10.1109/ICSE-NIER.2017.10,https://ieeexplore.ieee.org/document/7966874/,adjacent-subtopic,"User guides, also known as user manuals, are a type of documentation aimed at helping a user operate a specific system. For software systems, user guides usually include screenshots that show users how to interact with the user interface. Because creating such screenshots is a slow, manual process, keeping the user guide up-to-date with changes in the user interface is challenging. We propose an approach in which the documentation writer interleaves the user guide text with source code that automates screen capturing. As a result, screenshots always reflect the latest software version, which makes the approach suitable for a project that uses continuous delivery. The approach was implemented as a prototype, called GuideAutomator.",ieee,llm,0.750,unreviewed,
kept,Design and evaluation of a literate spreadsheet,Matthew Dinmore,2012,2012 IEEE Symposium on Visual Languages and Human-Centric Computing (VL/HCC),10.1109/VLHCC.2012.6344472,https://ieeexplore.ieee.org/document/6344472/,supports-claim,"Support for capturing and sharing the problem-solving knowledge associated with end-user-developed software is often lacking. The principles behind literate programming have been proposed as an approach to addressing this. To study the potential efficacy of these principles in the general end-user programming case, they were applied to spreadsheets, the most common end-user programming environment, to produce a literate spreadsheet design. The resulting artifact was then evaluated through a user study with a focus on the literate design's effect on user comprehension and modification performance in each of the data, formula and dependency layers of the spreadsheet model. Significant performance improvements were observed in the formula and dependency layers over the traditional spreadsheet design, suggesting that the literate form can help improve end-user problem-solving knowledge reuse.",ieee,llm,0.950,unreviewed,
