status,title,authors,year,venue,doi,url,tags,abstract,provider,decision_source,llm_confidence,llm_review_outcome,llm_change_direction
discarded,C Interfaces and Implementations: Techniques for Creating Reusable Software,David R. Hanson,1996,International Linear Collider,,https://openalex.org/W1972107637,off-topic-false-hit,"Every programmer and software project manager must master the art of creating reusable software modules; they are the building blocks of large, reliable applications. Unlike some modern object-oriented languages, C provides little linguistic support or motivation for creating reusable application programming interfaces (APIs). While most C programmers use APIs and the libraries that implement them in almost every application they write, relatively few programmers create and disseminate new, widely applicable APIs. C Interfaces and Implementations shows how to create reusable APIs using interface-based design, a language-independent methodology that separates interfaces from their implementations. This methodology is explained by example. The author describes in detail 24 interfaces and their implementations, providing the reader with a thorough understanding of this design approach.Features of C Interfaces and Implementations: Concise interface descriptions that comprise a reference manual for programmers interested in using the interfaces. A guided tour of the code that implements each chapter's interface tp help those modifying or extending an interface or designing related interfaces. In-depth focus on algorithm engineering: how to package data structures and related algorithms into reusable modules. Source code for 24 APIs and 8 sample applications is examined, with each presented as a literate program in which a thorough explanation is interleaved with the source code. Rarely documented C programming tricks-of-the-trade. Convenient access to all source code in the book via the World Wide Web at http://www.cs.princeton.edu/software/cii/",openalex,llm,0.980,unreviewed,
kept,"It Ain't What You View, But The Way That You View It: documenting spreadsheets with Excelsior, semantic wikis, and literate programming",Jocelyn Paine,2008,arXiv (Cornell University),10.48550/arxiv.0802.3478,https://openalex.org/W1615918158,supports-claim,"I describe preliminary experiments in documenting Excelsior versions of spreadsheets using semantic wikis and literate programming. The objective is to create well-structured and comprehensive documentation, easy to use by those unfamiliar with the spreadsheets documented. I discuss why so much documentation is hard to use, and briefly explain semantic wikis and literate programming; although parts of the paper are Excelsior-specific, these sections may be of more general interest.",openalex,llm,0.920,unreviewed,
kept,A Simple Solver for Linear Equations Containing Nonlinear Operators,Norman F. Ramsey,1996,Software Practice and Experience,10.1002/(sici)1097-024x(199604)26:4<467::aid-spe17>3.0.co;2-m,https://openalex.org/W1999291634,supports-claim,"This paper presents a simple equation solver. The solver finds solutions for sets of linear equations extended with several nonlinear operators, including integer division and modulus, sign extension, and bit slicing. The solver uses a new technique called {\em balancing}, which can eliminate some nonlinear operators from a set of equations before applying Gaussian elimination. The solver's principal advantages are its simplicity and its ability to handle some nonlinear operators, including nonlinear functions of more than one variable. The solver is part of an application generator that provides encoding and decoding of machine instructions based on equational specifications. The solver is presented not as pseudo code but as a literate program, which guarantees that the code shown in the paper is the same code that is actually used. Using real code exposes more detail than using pseudocode, but literate-programming techniques help manage the detail. The detail should benefit readers who want to implement their own solvers based on the techniques presented here.",openalex,llm,0.900,unreviewed,
kept,workflowr: A Framework for Reproducible and Collaborative Data Science,John Blischak; Peter Carbonetto; Matthew Stephens,2018,,10.32614/cran.package.workflowr,https://openalex.org/W4399580927,supports-claim,"Provides a workflow for your analysis projects by combining literate programming ('knitr' and 'rmarkdown') and version control ('Git', via 'git2r') to generate a website containing time-stamped, versioned, and documented results.",openalex,llm,0.970,unreviewed,
kept,A Perl port of the mathsPIC graphics package,Apostolos Syropoulos; Richard W. D. Nickalls,2000,,,https://openalex.org/W2182245216,supports-claim,"This article describes the authors’ experience of porting the mathsPIC graphics package to Perl. The motivation for using Perl is described, as well as the reasons for developing it using the Noweb literate programming system. Finally, a simple example is presented.",openalex,llm,0.940,unreviewed,
kept,MathModelica An Extensible Modeling and Simulation Environment with Integrated Graphics and Literate Programming (Abridged Version,Peter Fritzson; Johan Gunnarsson; Mats Jirstrand,2002,,,https://openalex.org/W2189482807,adjacent-subtopic,"MathModelica is an integrated interactive development environment for advanced system modeling and simulation. The environment integrates Modelica-based modeling and simulation with graphic design, advanced scripting facilities, integration of program code, test cases, graphics, documentation, mathematical type setting, and symbolic formula manipulation provided via Mathematica. The user interface consists of a graphical Model Editor and Notebooks. The Model Editor is a graphical user interface in which models can be assembled using components from a number of standard libraries representing different physical domains or disciplines, such as electrical, mechanics, block-diagram and multi-body systems. Notebooks are interactive documents that combine technical computations with text, graphics, tables, code, and other elements. The accessible MathModelica internal form allows the user to extend the system with new functionality, as well as performing queries on the model representation and write scripts for automatic model generation. Furthermore, extensibility of syntax and semantics provides additional flexibility in adapting to unforeseen user needs. 1 Background",openalex,llm,0.760,unreviewed,
discarded,,Matthew C. Pickering; Nicolas Wu; Jeremy Gibbons,,Bristol Research (University of Bristol),,https://openalex.org/W2990129438,off-topic-false-hit,"CONTEXT: Data accessors allow one to read and write components of a data structure, such as the fields of a record, the variants of a union, or the elements of a container. These data accessors are collectively known as optics; they are fundamental to programs that manipulate complex data. INQUIRY: Individual data accessors for simple data structures are easy to write, for example as pairs of ""getter"" and ""setter"" methods. However, it is not obvious how to combine data accessors, in such a way that data accessors for a compound data structure are composed out of smaller data accessors for the parts of that structure. Generally, one has to write a sequence of statements or declarations that navigate step by step through the data structure, accessing one level at a time - which is to say, data accessors are traditionally not first-class citizens, combinable in their own right. APPROACH: We present a framework for modular data access, in which individual data accessors for simple data structures may be freely combined to obtain more complex data accessors for compound data structures. Data accessors become first-class citizens. The framework is based around the notion of profunctors, a flexible generalization of functions. KNOWLEDGE: The language features required are higher-order functions (""lambdas"" or ""closures""), parametrized types (""generics"" or ""abstract types""), and some mechanism for separating interfaces from implementations (""abstract classes"" or ""modules""). We use Haskell as a vehicle in which to present our constructions, but languages such as Java, C#, or Scala that provide the necessary features should work just as well. GROUNDING: We provide implementations of all our constructions, in the form of a literate program: the manuscript file for the paper is also the source code for the program, and the extracted code is available separately for evaluation. We also prove the essential properties demonstrating that our profunctor-based representations are precisely equivalent to the more familiar concrete representations. IMPORTANCE: Our results should pave the way to simpler ways of writing programs that access the components of compound data structures.",openalex,llm,0.990,unreviewed,
kept,ProgDOC: A new program documentation system,Volker Simonis; Roland Weiß,2003,,,https://openalex.org/W2113631256,supports-claim,"Though programming languages and programming styles evolve with remarkable speed today, there is no such evolution in the field of program documentation. And although there exist some popular approaches like Knuth’s literate programming system WEB [26], and nowadays JavaDoc [15] or Doxygen [16], tools for managing software development and documentation are not as widespread as desirable. This paper analyses a wide range of literate programming tools available during the past two decades and introduces ProgDOC, a new software documentation system. It is simple, language independent, and it keeps documentation and the documented software consistent. It uses LATEX for typesetting purposes, supports syntax highlighting for various languages, and produces output in Postscript, PDF or HTML format.",openalex,llm,0.980,unreviewed,
discarded,Cleanroom and Z,Glyn Normington,1993,Workshops in computing,10.1007/978-1-4471-3556-2_18,https://openalex.org/W2151026002,off-topic-false-hit,,openalex,llm,0.790,unreviewed,
kept,THE ROLE OF AI CODING ASSISTANTS: REVISITING THE NEED FOR LITERATE PROGRAMMING IN COMPUTER AND DATA SCIENCE EDUCATION,Marcus Birkenkrahe,2024,INTED proceedings,10.21125/inted.2024.0071,https://openalex.org/W4392708690,qualifies-claim,THE ROLE OF AI CODING ASSISTANTS: REVISITING THE NEED FOR LITERATE PROGRAMMING IN COMPUTER AND DATA SCIENCE EDUCATION,openalex,llm,0.880,unreviewed,
discarded,Assisted Proof Document Authoring,David Aspinall; Christoph Lüth; Burkhart Wolff,2006,Lecture notes in computer science,10.1007/11618027_5,https://openalex.org/W1483048852,adjacent-subtopic,,openalex,llm,0.700,unreviewed,
discarded,Profunctor Optics: Modular Data Accessors,Matthew Pickering; Jeremy Gibbons; Nicolas Wu,2017,The Art Science and Engineering of Programming,10.22152/programming-journal.org/2017/1/7,https://openalex.org/W2601103017,off-topic-false-hit,"Data accessors allow one to read and write components of a data structure, such as the fields of a record, the variants of a union, or the elements of a container.These data accessors are collectively known as optics; they are fundamental to programs that manipulate complex data.Individual data accessors for simple data structures are easy to write, for example as pairs of 'getter' and 'setter' methods.However, it is not obvious how to combine data accessors, in such a way that data accessors for a compound data structure are composed out of smaller data accessors for the parts of that structure.Generally, one has to write a sequence of statements or declarations that navigate step by step through the data structure, accessing one level at a time-which is to say, data accessors are traditionally not first-class citizens, combinable in their own right.We present a framework for modular data access, in which individual data accessors for simple data structures may be freely combined to obtain more complex data accessors for compound data structures.Data accessors become first-class citizens.The framework is based around the notion of profunctors, a flexible generalization of functions.The language features required are higher-order functions ('lambdas' or 'closures'), parametrized types ('generics' or 'abstract types') of higher kind, and some mechanism for separating interfaces from implementations ('abstract classes' or 'modules').We use Haskell as a vehicle in which to present our constructions, but other languages such as Scala that provide the necessary features should work just as well.We provide implementations of all our constructions, in the form of a literate program: the manuscript file for the paper is also the source code for the program, and the extracted code is available separately for evaluation.We also prove the essential properties, demonstrating that our profunctor-based representations are precisely equivalent to the more familiar concrete representations.Our results should pave the way to simpler ways of writing programs that access the components of compound data structures.",openalex,llm,0.990,unreviewed,
kept,An Integrated Development Environment for the Prototype Verification System,Paolo Masci; César A. Muñoz,2019,Electronic Proceedings in Theoretical Computer Science,10.4204/eptcs.310.5,https://openalex.org/W2995507399,adjacent-subtopic,"The steep learning curve of formal technologies is a well-known barrier to the adoption of formal verification tools in industry. This paper presents VSCode-PVS, a modern integrated development environment for the Prototype Verification System (PVS). This new environment integrates the editing and proof management functionalities of PVS in Visual Studio Code, a popular code editor widely used by software developers. VSCode-PVS provides functionalities that developers expect to find in modern verification tools, but are not available in the standard Emacs front-end of PVS, such as auto-completion, point-and-click navigation of definitions, live diagnostics for errors, and literate programming. The main features and architecture of the environment are presented, along with a comparison with other similar tools.",openalex,llm,0.760,unreviewed,
discarded,Pengaruh Program Literasi Sekolah terhadap Minat Baca Peserta Didik SMAN 2 Gadingrejo,Ridwan Santoso; Berchah Pitoewas; Yunisca Nurmalisa,2018,Jurnal Kultur Demokrasi,,https://openalex.org/W2923426877,off-topic-false-hit,"The purpose of this research was explain and analyze how impact of school literation program toward state senior high school 2 Gadingrejo student interest 2017/2018 . A method used in this research is descriptive quantitative with sampel 65 respondents As sampel. A technique used for data collection is quisioner, interview and documentation and data analyzed using chi square. Based on the research it was discovered that there are a very strong and significant impact between implementation of school literation program with an increase of state senior high school 2 gadingrejo student interest in school term 2017/2018. This means a better implementation of school literation program will make a better student reading interest, more one is showed signs of positive sentiments an increase in reading interest of school tuition. Tujuan penelitian ini untuk menjelaskan dan menganalisis bagaimana pengaruh program literasi sekolah terhadap minat baca peserta didik di SMA Negeri 2 Gadingrejo tahun pelajaran 2017/2018. Jenis penelitian yang digunakan dalam penelitian ini adalah penelitian deskriptif kuantitatif dengan sampel 65 responden. Teknik yang digunakan, untuk pengumpulan data, adalah menggunakan angket, wawancara dan dokumentasi. Serta analisis data menggunakan chi kuadrat. Berdasarkan hasil penelitian diketahui bahwa terdapat pengaruh yang kuat dan signifikan antara pelaksanaan gerakan literasi sekolah dengan peningkatan minat baca peserta didik di SMA Negeri 2 Gadingrejo tahun pelajaran 2017/2018. Artinya semakin baik pelaksanaan gerakan literasi sekolahnya maka akan semakin positif peningkatan minat baca peserta didik. Kata kunci: Literasi, minat baca, peserta didik.",openalex,llm,1.000,unreviewed,
kept,The noweb Hacker's Guide,Norman F. Ramsey,1997,,,https://openalex.org/W2136791265,supports-claim,"Noweb is unique among literate-programming tools in its pipelined architecture, which makes it easy for users to change its behavior or to add new features, without even recompiling. This guide describes the representation used in the pipeline and the behavior of the existing pipeline stages. Ordinary users will find nothing of interest here; the guide is addressed to those who want to change or extend noweb.",openalex,llm,0.980,unreviewed,
discarded,HESS Opinions: Participatory Digital eARth Twin Hydrology systems (DARTHs) for everyone – a blueprint for hydrologists,Riccardo Rigon; Giuseppe Formetta; Marialaura Bancheri; Niccolo' Tubini; Concetta D’Amato; Olaf David; Christian Massari,2022,Hydrology and earth system sciences,10.5194/hess-26-4773-2022,https://openalex.org/W4298004004,adjacent-subtopic,"Abstract. The “Digital Earth” (DE) metaphor is very useful for both end users and hydrological modelers (i.e., the coders). In this opinion paper, we analyze different categories of models with the view of making them part of Digital eARth Twin Hydrology systems (DARTHs). We stress the idea that DARTHs are not models, rather they are an appropriate infrastructure that hosts (certain types of) models and provides some basic services for connecting to input data. We also argue that a modeling-by-component strategy is the right one for accomplishing the requirements of the DE. Five technological steps are envisioned to move from the current state of the art of modeling. In step 1, models are decomposed into interacting modules with, for instance, the agnostic parts dealing with inputs and outputs separated from the model-specific parts that contain the algorithms. In steps 2 to 4, the appropriate software layers are added to gain transparent model execution in the cloud, independently of the hardware and the operating system of computer, without human intervention. Finally, step 5 allows models to be selected as if they were interchangeable with others without giving deceptive answers. This step includes the use of hypothesis testing, the inclusion of error of estimates, the adoption of literate programming and guidelines to obtain informative clean code. The urgency for DARTHs to be open source is supported here in light of the open-science movement and its ideas. Therefore, it is argued that DARTHs must promote a new participatory way of performing hydrological science, in which researchers can contribute cooperatively to characterize and control model outcomes in various territories. Finally, three enabling technologies are also discussed in the context of DARTHs – Earth observations (EOs), high-performance computing (HPC) and machine learning (ML) – as well as how these technologies can be integrated in the overall system to both boost the research activity of scientists and generate knowledge.",openalex,llm,0.700,unreviewed,
kept,Syllogistics = Monotonicity + Symmetry + Existential Import,Jan van Eijck,2005,,,https://openalex.org/W2163966001,adjacent-subtopic,"Syllogistics reduces to only two rules of inference: monotonicity and symmetry, plus a third if one wants to take existential import into account. We give an implementation that uses only the monotonicity and symmetry rules, with an addendum for the treatment of existential import. Soundness follows from the monotonicity properties and symmetry properties of the Aristotelean quantifiers, while completeness for syllogistic theory is proved by direct inspection of the valid syllogisms. Next, the valid syllogisms are decomposed in terms of the rules they involve. The implementation uses Haskell [8], and is given in ‘literate programming’ style [9].",openalex,llm,0.800,unreviewed,
kept,Automated cell header generator for Jupyter notebooks,Ashwin Prasad Shivarpatna Venkatesh; Eric Bodden,2021,,10.1145/3464968.3468410,https://openalex.org/W3178331434,supports-claim,"Jupyter notebooks are now widely adopted by data analysts as they provide a convenient environment for presenting computational results in a literate-programming document that combines code snippets, rich text, and inline visualizations. Literate-programming documents are intended to be computational narratives that are supplemented with self-explanatory text, but, recent studies have shown that this is lacking in practice. Efforts in the software engineering community to increase code comprehension in literate programming are limited. To address this, as a first step, this paper presents a prototype Jupyter notebook annotator, HeaderGen, that automatically creates a narrative structure in notebooks by classifying and annotating code cells based on the machine learning workflow. HeaderGen generates a markdown cell header for each code cell by statically analyzing the notebook, and in addition, associates these cell headers with a clickable table of contents for easier navigation. Further, we discuss our vision and opportunities based on this prototype.",openalex,llm,0.950,unreviewed,
