status,title,authors,year,venue,doi,url,tags,abstract,provider,decision_source,llm_confidence,llm_review_outcome,llm_change_direction
discarded,"MIMIC-III, a freely accessible critical care database",Alistair E. W. Johnson; Tom Pollard; Lu Shen; Li-wei H. Lehman; Mengling Feng; Mohammad M. Ghassemi; Benjamin Moody; Peter Szolovits; Leo Anthony Celi; Roger G. Mark,2016,Scientific Data,10.1038/sdata.2016.35,https://openalex.org/W2396881363,off-topic-false-hit,"MIMIC-III ('Medical Information Mart for Intensive Care') is a large, single-center database comprising information relating to patients admitted to critical care units at a large tertiary care hospital. Data includes vital signs, medications, laboratory measurements, observations and notes charted by care providers, fluid balance, procedure codes, diagnostic codes, imaging reports, hospital length of stay, survival data, and more. The database supports applications including academic and industrial research, quality improvement initiatives, and higher education coursework.",openalex,llm,0.970,unreviewed,
discarded,nbgrader: A Tool for Creating and Grading Assignments in the Jupyter Notebook,Project Jupyter; Douglas Blank; David Bourgin; Alexander Brown; Matthias Bussonnier; Jonathan Frederic; Brian Granger; Thomas L. Griffiths; Jessica B. Hamrick; Kyle Kelley; Michael Pacer; Logan Page; Fernando Pérez; Benjamin Ragan-Kelley; Jordan W. Suchow; Carol Willing,2019,Journal of Open Source Education,10.21105/jose.00032,https://openalex.org/W2908343980,adjacent-subtopic,"nbgrader is a flexible tool for creating and grading assignments in the Jupyter Notebook nbgrader allows instructors to create a single, master copy of an assignment, including tests and canonical solutions. From the master copy, a student version is generated without the solutions, thus obviating the need to maintain two separate versions. nbgrader also automatically grades submitted assignments by executing the notebooks and storing the results of the tests in a database. After auto-grading, instructors can manually grade free responses and provide partial credit using the formgrader Jupyter Notebook extension. Finally, instructors can use nbgrader to leave personalized feedback for each student's submission, including comments as well as detailed error information.",openalex,llm,0.690,unreviewed,
kept,Computational reproducibility of Jupyter notebooks from biomedical publications,Sheeba Samuel; Daniel Mietchen,2024,GigaScience,10.1093/gigascience/giad113,https://openalex.org/W4390739569,criticism; qualifies-claim,"BACKGROUND: Jupyter notebooks facilitate the bundling of executable code with its documentation and output in one interactive environment, and they represent a popular mechanism to document and share computational workflows, including for research publications. The reproducibility of computational aspects of research is a key component of scientific reproducibility but has not yet been assessed at scale for Jupyter notebooks associated with biomedical publications. APPROACH: We address computational reproducibility at 2 levels: (i) using fully automated workflows, we analyzed the computational reproducibility of Jupyter notebooks associated with publications indexed in the biomedical literature repository PubMed Central. We identified such notebooks by mining the article's full text, trying to locate them on GitHub, and attempting to rerun them in an environment as close to the original as possible. We documented reproduction success and exceptions and explored relationships between notebook reproducibility and variables related to the notebooks or publications. (ii) This study represents a reproducibility attempt in and of itself, using essentially the same methodology twice on PubMed Central over the course of 2 years, during which the corpus of Jupyter notebooks from articles indexed in PubMed Central has grown in a highly dynamic fashion. RESULTS: Out of 27,271 Jupyter notebooks from 2,660 GitHub repositories associated with 3,467 publications, 22,578 notebooks were written in Python, including 15,817 that had their dependencies declared in standard requirement files and that we attempted to rerun automatically. For 10,388 of these, all declared dependencies could be installed successfully, and we reran them to assess reproducibility. Of these, 1,203 notebooks ran through without any errors, including 879 that produced results identical to those reported in the original notebook and 324 for which our results differed from the originally reported ones. Running the other notebooks resulted in exceptions. CONCLUSIONS: We zoom in on common problems and practices, highlight trends, and discuss potential improvements to Jupyter-related workflows associated with biomedical publications.",openalex,llm,0.960,unreviewed,
discarded,"Python for data analysis data wrangling with Pandas, NumPy, and IPython",Wes McKinney,2017,,,https://openalex.org/W2981018396,adjacent-subtopic,"Get complete instructions for manipulating, processing, cleaning, and crunching datasets in Python. Updated for Python 3.6, the second edition of this hands-on guide is packed with practical case studies that show you how to solve a broad set of data analysis problems effectively. You’ll learn the latest versions of pandas, NumPy, IPython, and Jupyter in the process. Written by Wes McKinney, the creator of the Python pandas project, this book is a practical, modern introduction to data science tools in Python. It’s ideal for analysts new to Python and for Python programmers new to data science and scientific computing. Data files and related material are available on GitHub. Use the IPython shell and Jupyter notebook for exploratory computing Learn basic and advanced features in NumPy (Numerical Python) Get started with data analysis tools in the pandas library Use flexible tools to load, clean, transform, merge, and reshape data Create informative visualizations with matplotlib Apply the pandas groupby facility to slice, dice, and summarize datasets Analyze and manipulate regular and irregular time series data Learn how to solve real-world data analysis problems with thorough, detailed examples",openalex,llm,0.720,unreviewed,
discarded,"Clustergrammer, a web-based heatmap visualization and analysis tool for high-dimensional biological data",Nicolas Fernandez; Gregory W. Gundersen; Adeeb Rahman; Mark L. Grimes; Klarisa Rikova; Peter Hornbeck; Avi Ma’ayan,2017,Scientific Data,10.1038/sdata.2017.151,https://openalex.org/W2762082538,adjacent-subtopic,"Most tools developed to visualize hierarchically clustered heatmaps generate static images. Clustergrammer is a web-based visualization tool with interactive features such as: zooming, panning, filtering, reordering, sharing, performing enrichment analysis, and providing dynamic gene annotations. Clustergrammer can be used to generate shareable interactive visualizations by uploading a data table to a web-site, or by embedding Clustergrammer in Jupyter Notebooks. The Clustergrammer core libraries can also be used as a toolkit by developers to generate visualizations within their own applications. Clustergrammer is demonstrated using gene expression data from the cancer cell line encyclopedia (CCLE), original post-translational modification data collected from lung cancer cells lines by a mass spectrometry approach, and original cytometry by time of flight (CyTOF) single-cell proteomics data from blood. Clustergrammer enables producing interactive web based visualizations for the analysis of diverse biological data.",openalex,llm,0.720,unreviewed,
kept,Using Jupyter for Reproducible Scientific Workflows,Marijan Beg; Juliette Taka; Thomas Kluyver; Olexandr Konovalov; Min Ragan-Kelley; Nicolas M. Thiery; Hans Fangohr,2021,Computing in Science & Engineering,10.1109/mcse.2021.3052101,https://openalex.org/W3121485564,supports-claim; established,"Literate computing has emerged as an important tool for computational studies and open science, with growing folklore of best practices. In this work, we report two case studies-one in computational magnetism and another in computational mathematics-where domain-specific software was exposed to the Jupyter environment. This enables high level control of simulations and computation, interactive exploration of computational results, batch processing on HPC resources, and reproducible workflow documentation in Jupyter notebooks. In the first study, Ubermag drives existing computational micromagnetics software through a domain-specific language embedded in Python. In the second study, a dedicated Jupyter kernel interfaces with the GAP system for computational discrete algebra and its dedicated programming language. In light of these case studies, we discuss the benefits of this approach, including progress toward more reproducible and reusable research results and outputs, notably through the use of infrastructure such as JupyterHub and Binder.",openalex,llm,0.970,unreviewed,
kept,Aiding Collaborative Reuse of Computational Notebooks with Annotated Cell Folding,Adam Rule; Ian Drosos; Aurélien Tabard; James D. Hollan,2018,Proceedings of the ACM on Human-Computer Interaction,10.1145/3274419,https://openalex.org/W2890114759,adjacent-subtopic,"Computational notebooks aim to support collaborative data analysis by combining code, visualizations, and text in a single easily shared document. Yet, as notebooks evolve and grow they often become difficult to navigate or understand, discouraging sharing and reuse. We present the design and evaluation of a Jupyter Notebook extension providing facilities for annotated cell folding. Through a lab study and multi-week deployment we find cell folding aids notebook navigation and comprehension, not only by the original author, but also by collaborators viewing the notebook in a meeting or revising it on their own. However, in some cases cell folding encouraged collaborators to overlook folded sections or spend longer reviewing a notebook before editing it. These findings extend our understanding of code folding's trade-offs to a new medium and demonstrate its benefits for everyday collaboration. We conclude by discussing how dynamic reorganization can support sharing and reuse of computational notebooks.",openalex,llm,0.860,unreviewed,
kept,"Reactive, reproducible, collaborative: computational notebooks evolve",Jeffrey M. Perkel,2021,Nature,10.1038/d41586-021-01174-w,https://openalex.org/W3157508175,established; supports-claim,"A new breed of notebooks is taking data visualization and collaborative functionality to the next level, with spreadsheet simplicity.",openalex,llm,0.910,unreviewed,
kept,"""Live in the Editor"": Low-Tech In-Situ Feedback for Plain-Text Live Programming","Cheng, Luyu; Su, Bairui; Parreaux, Lionel",2026,"EXTENDED ABSTRACTS OF THE 2026 CHI CONFERENCE ON HUMAN FACTORS IN COMPUTING SYSTEMS, CHI 2026",10.1145/3772363.3798318,https://www.webofscience.com/wos/woscc/full-record/WOS:001792737300121,qualifies-claim; adjacent-subtopic,"Programming often benefits from immediate, co-located behavioral feedback such as values, traces, and visual hints. Computational notebooks are a popular way to provide such feedback, but their reliance on cells, execution order, global state, and dedicated interfaces can introduce conceptual and practical overhead in some contexts. In this extended abstract, we explore a low-tech, complementary design point: providing in-situ runtime feedback directly within plain-text source files. Rather than competing with notebooks, the approach trades rich graphical interfaces for low implementation overhead, strong portability, and seamless integration with existing text-based workflows, while retaining much of the immediacy and expressiveness of live feedback. The core of the system is a runtime that incrementally re-evaluates semantically defined code cells and embeds their outputs adjacent to source code as specialized comments. We present a working prototype and outline its design rationale, implementation, and initial evaluation plan.",wos,llm,0.740,unreviewed,
discarded,"An introduction to modern reaction optimization in Python: how to develop and code a closed-loop reaction optimization system with Bayesian optimization, continuous-flow chemistry, and in-line analysis","Mabit, Thibaud; Kairouz, Vanessa; Charette, Andre B.",2026,ORGANIC CHEMISTRY FRONTIERS,10.1039/d6qo01040g,https://www.webofscience.com/wos/woscc/full-record/WOS:001845379000001,adjacent-subtopic,"The digital transformation of chemical sciences is redefining how reaction optimization is implemented. This article provides a step-by-step guide to closed-loop optimization of organic reactions using Python, Bayesian optimization, continuous-flow chemistry, and in-line spectroscopic analysis. A nucleophilic aromatic substitution case study illustrates how computational tools and experimental chemistry can be integrated for efficient exploration of chemical space and rapid identification of optimal conditions. Key concepts are introduced and fully illustrated in the SI, with Jupyter Notebooks offering both complete code implementations and partially filled exercises for training. It is assumed that the reader has fundamental knowledge of Python, including conditionals, loops, coding structures as functions, and basic libraries. By bridging coding and practical experimental knowledge, this work highlights Python literacy as a central requirement for the next generation of chemists.",wos,llm,0.680,unreviewed,
discarded,Reproducible benchmark of wavelet-enhanced intrabody communication biometric identification,"Jin, Seungmin; Komarov, Mikhail M.",2026,SCIENTIFIC REPORTS,10.1038/s41598-026-55584-9,https://www.webofscience.com/wos/woscc/full-record/WOS:001843397800011,off-topic-false-hit,"Intrabody communication (IBC) channels offer physiological diversity that may support future wearable biometric identification. Recent reports of over 99 per cent identification accuracy have frequently resulted from data leakage, where samples from the same subject are seen in both training and evaluation, yielding inflated and unreliable metrics. In this work, we establish a public, leakage-free benchmark for IBC biometrics built on a 30-subject open dataset, using strict subject-wise 80/20 splits repeated five times to ensure reproducibility. We systematically compare frequency-domain and time-frequency representations, including resampled spectra, discrete wavelet transform (DWT) statistics, and their fusion. Under the subject-wise embedded-friendly benchmark, the strongest classical configuration, Scattering + LightGBM, reaches 54.0 per cent accuracy, while db4-DWT and lifting-based wavelet statistics with Random Forest improve over the Simple-3 baseline (49.3 and 51.6 per cent versus 39.0 per cent). Separately, closed-set neural analyses provide exploratory upper bounds rather than leakage-free subject-wise results: a Raw MLP reaches 83.7 per cent accuracy, whereas adding DWT statistics does not improve this result (81.2 per cent for Combined MLP), and SpectralCNN reaches 74 per cent. Confusion matrix analysis reveals that residual errors are concentrated among subject pairs with statistically overlapping signatures, suggesting the presence of intrinsically hard users and a potential biometric ceiling for this modality. Embedded profiling on an STM32F446RE Cortex-M4 microcontroller indicates that lifting-based wavelet features enable low-latency, low-energy scoring, requiring approximately 0.55 ms and 18 micro-J per 256-point spectrum for Lift-bior feature extraction plus Random Forest inference (versus approx. 33 micro-J for the equivalent db4-DWT pipeline). All code, data split scripts, and Jupyter notebooks are released open source to facilitate reproducibility and enable rigorous future comparisons.",wos,llm,0.970,unreviewed,
discarded,A modular open-source suite of notebooks for multi-process hydrological analysis with GEOframe,"Busti, Riccardo; Formetta, Giuseppe",2026,HYDROLOGY RESEARCH,10.1016/j.hydrch.2026.100024,https://www.webofscience.com/wos/woscc/full-record/WOS:001836389000003,adjacent-subtopic,"Hydrological models are essential tools for simulating the water cycle and supporting decisionmaking in water resource management, especially in the context of climate change and increasing hydrological extremes. Among semi-distributed models, the GEOframe system, developed at the University of Trento, stands out for its process-based and modular architecture. However, previous versions were overly complex, fragmented across multiple programming languages, and lacked unified documentation, hindering accessibility, reproducibility, and adoption beyond academics. To address these challenges, we present a fully restructured, open-source workflow that standardizes the hydrological modeling process, from geomorphological analysis to rainfallrunoff simulation, supporting hillslopes, natural lakes, artificial reservoirs for hydropower, and diversion flows. The new framework integrates all components within user-friendly Python-based Jupyter Notebooks, simplifying data preparation, model configuration, execution, and output analysis while eliminating manual interaction with Java-based tools, facilitating teaching and use by practitioners and local authorities. For the first time, GEOframe becomes an interchangeable Python object that can be plugged into third-party modules, as demonstrated here with a sensitivity analysis package. Applied to the Brenta and Avisio catchments (North-Eastern Italian Alps) and benchmarked against HBV, GEOframe effectively reproduces discharge, snow dynamics, evapotranspiration, and storage variations.",wos,llm,0.750,unreviewed,
discarded,"ClusterApp to visualize, organize, and navigate metabolomics data","da Costa, Vinicius Hansel Figueiredo; Karunarathne, Pothuvilage; Borelli, Tiago Cabral; da Silva Amatto, Isabela Victorino; Ortega, Matheus de Lima; Quinn, Robert A.; da Silva, Ricardo R.",2026,PLOS COMPUTATIONAL BIOLOGY,10.1371/journal.pcbi.1014586,https://www.webofscience.com/wos/woscc/full-record/WOS:001835340500003,off-topic-false-hit,"Background Clustering analysis is a foundational step in exploratory data analysis workflows, with dimensionality reduction methods commonly used to visualize multidimensional data in lower-dimensional spaces and infer sample clustering. Principal Component Analysis (PCA) is widely applied in metabolomics but is often suboptimal for clustering visualization. Metabolomics data often require specialized manipulations such as blank removal, quality control adjustments, and data transformations that demand efficient visualization tools. However, the lack of user-friendly tools for clustering without computational expertise presents a challenge for metabolomics researchers. ClusterApp addresses this gap as a web application that performs Principal Coordinate Analysis (PCoA), expanding clustering alternatives in metabolomics. Built on a QIIME 2 Docker image, it enables PCoA computation and Emperor plot visualization. The app supports data input from GNPS, GNPS2, or user-provided spreadsheets. Freely available, ClusterApp can be locally installed as a Docker image or integrated into Jupyter notebooks, offering accessibility and flexibility to diverse users.Results To demonstrate the data preprocessing techniques available in ClusterApp, we analyzed two Liquid Chromatography coupled to Tandem Mass Spectrometry (LC-MS/MS) metabolomics datasets: one exploring metabolomic differences in mouse tissue samples and another investigating coral life history stages. Among the dissimilarity measures available, the Bray-Curtis measure effectively highlighted key metabolomic variations and patterns across both datasets. Targeted filtering significantly enhanced data reliability by retaining biologically relevant features, 10,617 in the coral dataset and 7,341 in the mouse dataset while eliminating noise. The combination of Total Ion Current (TIC) normalization and auto-scaling improved clustering resolution, revealing distinct separations in tissue types and life stages. ClusterApp's flexible features, such as customizable blank removal and group selection, provided tailored analyses, enhancing visualization and interpretation of metabolomic profiles.Conclusion ClusterApp addresses the need for accessible, dynamic tools for exploratory data analysis in metabolomics. By coupling data transformation capabilities with PCoA on multiple dissimilarity matrices, it provides a versatile solution for clustering analysis. Its web interface and Docker-based deployment offer flexibility, accommodating a wide range of use cases through graphical or programmatic interactions. ClusterApp empowers researchers to uncover meaningful patterns and relationships in metabolomics data without requiring cumbersome data manipulation or advanced bioinformatics expertise.",wos,llm,0.940,unreviewed,
