status,title,authors,year,venue,doi,url,tags,abstract,provider,decision_source,llm_confidence,llm_review_outcome,llm_change_direction
discarded,"Statistical analysis guidelines for The Cardiothoracic Surgeon: a comprehensive framework for study design, analysis, and reporting","Arafat, Amr A.; Awad, Ahmed K.; Albabtain, Monirah A.; Alotaibi, Haifa F.; Alqussayer, Samar A.; Altunusi, Feras; Adel, Mohamed El; Gumaa, Mohammed",2026,CARDIOTHORACIC SURGEON,10.1186/s43057-026-00196-2,https://www.webofscience.com/wos/woscc/full-record/WOS:001730301800001,adjacent-subtopic,"BackgroundRigorous statistical methods and transparent reporting are fundamental to the integrity and reproducibility of cardiothoracic surgical research. As study designs and analytical approaches grow more sophisticated, comprehensive statistical guidelines have become essential to ensure research quality and reliability. These guidelines serve as a comprehensive framework for authors submitting manuscripts to The Cardiothoracic Surgeon, providing detailed recommendations for statistical analysis, interpretation, and reporting across the full spectrum of study designs commonly encountered in cardiothoracic surgical research.Main textThe importance of sound statistical practice cannot be overstated in an era where evidence-based medicine drives clinical decision-making and patient care protocols. Inadequate statistical methodology undermines the validity of individual studies and fuels the broader reproducibility crisis in the medical literature. These guidelines establish clear standards for statistical rigor across the research continuum-from study design and power calculations to data analysis and result interpretation. The guidelines encompass key areas, including descriptive statistics, inferential testing, regression analysis, survival analysis, propensity score methods, diagnostic accuracy studies, and specialized techniques such as repeated measures analysis and competing risk models. Each section provides detailed guidance on appropriate test selection, assumption verification, result interpretation, and reporting requirements. Special attention is given to common statistical pitfalls and misconceptions that frequently appear in surgical literature, offering practical solutions and alternative approaches. The intended audience includes cardiothoracic surgeons, clinical researchers, biostatisticians, and journal reviewers who seek to enhance the statistical quality of surgical research.ConclusionsBy following these guidelines, authors will be better equipped to conduct methodologically sound analyses, interpret results appropriately, and communicate findings clearly to the scientific community. Ultimately, these standards aim to elevate the quality of evidence in cardiothoracic surgery, supporting improved patient outcomes through more reliable and reproducible research.",wos,llm,0.900,unreviewed,
discarded,Frequency-Band Acoustic Feature Dataset for Comparative Analysis of Electric Vehicle Gearbox Housing Stiffness,"Horvath, Krisztian",2026,DATA,10.3390/data11030050,https://www.webofscience.com/wos/woscc/full-record/WOS:001727305000001,off-topic-false-hit,"This data descriptor presents a compact acoustic feature dataset derived from an open simulation-based study on electric vehicle gearbox housings with different structural stiffness levels. The dataset contains band-averaged sound pressure level (SPL) features extracted from radiated noise spectra of three housing concepts-flexible, intermediate, and rigid-differing only in ribbing configuration. Frequency-domain SPL spectra in the 1-6 kHz range were partitioned into five one-kilohertz bands, yielding a five-dimensional acoustic feature vector for each housing-microphone combination. In total, twelve feature vectors are provided, accompanied by stiffness labels and metadata describing the underlying simulation context. In addition to the dataset itself, baseline exploratory analyses are reported to illustrate potential reuse scenarios. Principal component analysis and unsupervised clustering demonstrate that mid-frequency bands, particularly between 2 and 4 kHz, exhibit sensitivity to housing stiffness, whereas total integrated spectral energy shows limited discriminative power. These analyses are intended to be illustrative examples rather than predictive models, given the deliberately small dataset size. The dataset is designed for reuse in benchmarking dimensionality reduction methods, clustering algorithms, uncertainty-aware classifications, and educational demonstrations of small-sample NVH data analysis. By providing a transparent and lightweight acoustic feature representation, this contribution supports reproducible research and early-stage comparative studies in drivetrain noise and vibration analysis.",wos,llm,0.990,unreviewed,
discarded,"Algorithm 1060: EDOLAB, a Platform for Research and Education in Evolutionary Dynamic Optimization","Peng, Mai; Yazdani, Delaram; Yazdani, Danial; She, Zeneng; Luo, Wenjian; Li, Changhe; Branke, Juergen; Nguyen, Trung Thanh; Gandomi, Amir H.; Yang, Shengxiang; Jin, Yaochu; Yao, Xin",2026,ACM TRANSACTIONS ON MATHEMATICAL SOFTWARE,10.1145/3785134,https://www.webofscience.com/wos/woscc/full-record/WOS:001721906600001,adjacent-subtopic,"Many real-world optimization problems exhibit dynamic characteristics, posing significant challenges for traditional optimization methods. Evolutionary Dynamic Optimization Algorithms (EDOAs) have been developed to address these challenges by adapting to changing environments over time. However, the reproducibility and consistency of experimental results in the literature remain limited due to the lack of publicly available source codes and the complexity of accurately re-implementing algorithms and performance evaluation protocols. To support the community, we introduce Evolutionary Dynamic Optimization LABoratory (EDOLAB), an open source MATLAB platform designed for both research and educational purposes. EDOLAB includes 27 EDOAs, four highly configurable benchmark generators, and a growing suite of performance indicators. The platform supports full parameter tuning, batch experiment management, parallel execution, and automated statistical comparisons-including rankings, significance testing, box plots, and performance trend visualizations over time. An educational application allows users to observe: (a) dynamic changes in a 2D problem landscape, (b) the movement of individuals in response to these changes, and (c) the ability of an algorithm to track moving optima. By providing an integrated environment for experimentation, benchmarking, and instructional use, EDOLAB promotes reproducibility, comparative analysis, and a deeper understanding of EDOAs in dynamic environments.",wos,llm,0.880,unreviewed,
discarded,CSRD2025: A Large-Scale Synthetic Radio Dataset for Spectrum Sensing in Wireless Communications,"Chang, Shuo; Sun, Rui; He, Jiashuo; Huang, Sai; Yu, Kan; Feng, Zhiyong",2026,IEEE JOURNAL ON SELECTED AREAS IN COMMUNICATIONS,10.1109/JSAC.2025.3641910,https://www.webofscience.com/wos/woscc/full-record/WOS:001696628300025,off-topic-false-hit,"The development of Large AI Models (LAMs) for wireless communications, particularly for complex tasks like spectrum sensing, is critically dependent on the availability of vast, diverse, and realistic datasets. Addressing this need, this paper introduces the ChangShuoRadioData (CSRD) framework, an open-source, modular simulation platform designed for generating large-scale synthetic radio frequency (RF) data. CSRD simulates the end-to-end transmission and reception process, incorporating an extensive range of modulation schemes (100 types, including analog, digital, OFDM, and OTFS), configurable channel models featuring both statistical fading and site-specific ray tracing using OpenStreetMap data, and detailed modeling of realistic RF front-end impairments for various antenna configurations (SISO/MISO/MIMO). Using this framework, we characterize CSRD2025, a substantial dataset benchmark comprising over 25,000,000 frames (approx. 200TB), which is approximately 10,000 times larger than the widely used RML2018 dataset. CSRD2025 offers unprecedented signal diversity and complexity, specifically engineered to bridge the Sim2Real gap. Furthermore, we provide processing pipelines to convert IQ data into spectrograms annotated in COCO format, facilitating object detection approaches for time-frequency signal analysis. The dataset specification includes standardized 8:1:1 training, validation, and test splits (via frame indices) to ensure reproducible research. The CSRD framework is released at https://github.com/Singingkettle/ChangShuoRadioData. The dataset is designed to be fully reproducible using the provided framework, configurations, and configurable fixed random seeds to accelerate the advancement of AI-driven spectrum sensing and management.",wos,llm,0.990,unreviewed,
discarded,Adaptive Multi-Stage Hybrid Localization for RIS-Aided 6G Indoor Positioning Systems: Combining Fingerprinting and Geometric Methods with Condition-Aware Fusion,"Ioannou, Iacovos; Vassiliou, Vasos; Raspopoulos, Marios",2026,SENSORS,10.3390/s26041084,https://www.webofscience.com/wos/woscc/full-record/WOS:001701321800001,off-topic-false-hit,"Reconfigurable intelligent surfaces (RISs) represent a paradigm shift in wireless communications, offering unprecedented control over electromagnetic wave propagation for next-generation 6G networks. This paper presents a comprehensive framework for high-precision indoor localization exploiting cooperative multi-RIS deployments. We introduce the adaptive multi-stage hybrid localization (AMSHL) algorithm, a novel approach that strategically combines fingerprinting-based and geometric time-difference-of-arrival (TDoA) methods through condition-aware adaptive fusion. The proposed framework employs a 4-RIS cooperative architecture with strategically positioned panels on room walls, enabling comprehensive spatial coverage and favorable geometric diversity. AMSHL incorporates five key innovations: (1) a hybrid fingerprint database combining received signal strength indicator (RSSI) and TDoA features for enhanced location distinctiveness; (2) a multi-stage cascaded refinement process progressing from coarse fingerprinting initialization through to iterative geometric optimization; (3) an adaptive fusion mechanism that dynamically adjusts algorithm weights based on real-time channel quality assessment including signal-to-noise ratio (SNR) and geometric dilution of precision (GDOP); (4) a robust iteratively reweighted least squares (IRLS) solver with Huber M-estimation for outlier mitigation; and (5) Bayesian regularization incorporating fingerprinting estimates as informative priors. Comprehensive Monte Carlo simulations at 3.5 GHz carrier frequency with 400 MHz bandwidth demonstrate that AMSHL achieves a median localization error of 0.661 m, root-mean-squared error (RMSE) of 1.54 m, and mean-squared error (MSE) of 2.38 m2, with 87.5% probability of sub-2m accuracy, representing a 4.9 & times; improvement over conventional hybrid fingerprinting in median error and a 7.1 & times; reduction in MSE (from 16.83 m2 to 2.38 m2). An optional sigmoid-based fusion variant (AMSHL-S) further improves sub-2m accuracy to 89.4% by eliminating discrete switching artifacts. Furthermore, we provide theoretical analysis including Cram & eacute;r-Rao lower bound (CRLB) derivation with an empirical MSE comparison to quantify the gap between practical algorithm performance and theoretical bounds (MSE-to-CRLB ratio of approximately 4.0 & times;104), as well as a computational complexity assessment. All reported metrics have been cross-validated for internal consistency across formulas, tables, and textual descriptions; improvement factors and error statistics are verified against primary simulation outputs to ensure reproducibility. The complete simulation framework is made publicly available to facilitate reproducible research in RIS-aided positioning systems.",wos,llm,0.990,unreviewed,
discarded,ASEADOS-SDN-IoT: A novel SDN-IoT network intrusion detection dataset and framework,"Yasarathna, Tharindu Lakshan; Le-Khac, Nhien-An",2026,INTERNET OF THINGS,10.1016/j.iot.2026.101891,https://www.webofscience.com/wos/woscc/full-record/WOS:001692338400001,off-topic-false-hit,"The convergence of Software-Defined Networking (SDN) and the Internet of Things (IoT) offers a transformative architecture for intelligent, programmable, and scalable network management. However, this integration also exposes new attack surfaces and security challenges that require robust Intrusion Detection Systems (IDS). Progress in IDS research for SDN-IoT environments has been limited by the absence of realistic datasets that capture both IoT traffic diversity and SDN control-plane dynamics. To address this gap, this paper presents ASEADOS-SDN-IoT, a novel, publicly available intrusion detection dataset supported by a fully documented hybrid testbed framework. The proposed framework integrates physical IoT devices and virtual IoT nodes within an ONOS-controlled OpenFlow infrastructure, enabling synchronised collection of packet-flow data and SDN controller telemetry under benign and adversarial conditions. The dataset covers four representative attack categories-Denial-of-Service (DoS), Distributed Denial-of-Service (DDoS), Probe, and Botnet-and captures genuine control-data plane interactions observed during live network operation. ASEADOS-SDN-IoT comprises 457,044 labelled flow instances with 83 statistical features and is publicly released to support reproducible research. The experimental evaluation using machine learning (ML) and deep learning (DL) models demonstrates clear separability between benign and malicious traffic. It confirms the dataset's suitability for training and bench-marking intrusion detection systems. By combining realistic traffic generation, cross-layer visibility, and reproducible design, ASEADOS-SDN-IoT provides a robust benchmark for advancing secure and adaptive SDN-IoT infrastructures.",wos,llm,0.990,unreviewed,
discarded,"VizGenie: Toward Self-Refining, Domain-Aware Workflows for Next-Generation Scientific Visualization","Biswas, Ayan; Turton, Terece L.; Ranasinghe, Nishath Rajiv; Jones, Shawn; Love, Bradley; Jones, William; Hagberg, Aric; Shen, Han-Wei; Debardeleben, Nathan; Lawrence, Earl",2026,IEEE TRANSACTIONS ON VISUALIZATION AND COMPUTER GRAPHICS,10.1109/TVCG.2025.3634655,https://www.webofscience.com/wos/woscc/full-record/WOS:001682700300030,adjacent-subtopic,"We present VizGenie, a self-improving, agentic framework that advances scientific visualization through large language model (LLM) by orchestrating of a collection of domain-specific and dynamically generated modules. Users initially access core functionalities-such as threshold-based filtering, slice extraction, and statistical analysis-through pre-existing tools. For tasks beyond this baseline, VizGenie autonomously employs LLMs to generate new visualization scripts (e.g., VTK Python code), expanding its capabilities on-demand. Each generated script undergoes automated backend validation and is seamlessly integrated upon successful testing, continuously enhancing the system's adaptability and robustness. A distinctive feature of VizGenie is its intuitive natural language interface, allowing users to issue high-level feature-based queries (e.g., ""visualize the skull"" or ""highlight tissue boundaries""). The system leverages image-based analysis and visual question answering (VQA) via fine-tuned vision models to interpret these queries precisely, bridging domain expertise and technical implementation. Additionally, users can interactively query generated visualizations through VQA, facilitating deeper exploration. Reliability and reproducibility are further strengthened by Retrieval-Augmented Generation (RAG), providing context-driven responses while maintaining comprehensive provenance records. Evaluations on complex volumetric datasets demonstrate significant reductions in cognitive overhead for iterative visualization tasks. By integrating curated domain-specific tools with LLM-driven flexibility, VizGenie not only accelerates insight generation but also establishes a sustainable, continuously evolving visualization practice. The resulting platform dynamically learns from user interactions, consistently enhancing support for feature-centric exploration and reproducible research in scientific visualization.",wos,llm,0.820,unreviewed,
discarded,PIC-SURE: an open-source platform for integrating clinical and genomic data,"Gutierrez-Sacristan, Alba; Hughes, Emily E.; Amari, Ryan; Colon, George; Desain, Thomas N.; Neely, Sharra; Peck, James T.; Piatt, Samantha; Sikina, Lucas; Lyons, Jessica; Pillion, Danielle; Avillach, Paul",2025,NPJ DIGITAL MEDICINE,10.1038/s41746-025-02284-9,https://www.webofscience.com/wos/woscc/full-record/WOS:001674389500001,adjacent-subtopic,"PIC-SURE is an open-source platform for integrating and analyzing large-scale clinical and genomic data. Part of the NIH NHLBI BioData Catalyst (R) ecosystem, PIC-SURE enables real-time cohort building and analysis across 1.4 M participants within 273 studies (May 2025). Through a graphical interface and API, researchers can explore and analyze complex datasets in real time. This flexibility supports scalable and reproducible research, lowering the barrier to integrated clinical and genomic data analysis.",wos,llm,0.860,unreviewed,
discarded,Colony: a framework for reproducible and easy-to-use data analysis pipelines for biomedical research with singularity containers,"Eschner, Sebastian; Alabdullah, Mohammad; Dugas, Martin",2026,BIOINFORMATICS ADVANCES,10.1093/bioadv/vbaf304,https://www.webofscience.com/wos/woscc/full-record/WOS:001655448700001,adjacent-subtopic,"Bioinformatics pipelines should meet the FAIR criteria to enable reproducible analysis. FAIR describes four key requirements for reproducible research: findability, accessibility, interoperability and reusability. Software containers such as Singularity are widely used tools that facilitate the reuse of software across different computing environments. However, many biologists and other researchers find command line tools such as Singularity unfamiliar and do not feel productive when using software via the command line. We present a graphical user interface that allows biologists without programming experience to interact with containerized software. We evaluate the feasibility of our approach with software used at the TRR156.Availability and implementation Colony can be freely downloaded on its project page: https://clipc-jpg.github.io/ColonyWebsite/. The Colony launcher's code is MIT-licensed and freely available at: https://github.com/clipc-jpg/Colony. All related assets can be found at: https://doi.org/10.7910/DVN/Z3OTWY.",wos,llm,0.890,unreviewed,
kept,"Against the Power of Algorithms Closing, Literate Programming, and Source Code Critique","Krajewski, Markus",2019,LAW TEXT CULTURE,,https://www.webofscience.com/wos/woscc/full-record/WOS:000510770300007,adjacent-subtopic,"Some algorithms know more than we think they would know at certain moments: the notorious examples range from superior, hidden knowledge to explicit oppression. A famous example is one of a large American retail chain that knew of a teenage customer's pregnancy long before her own father because of the goods in her online shopping cart (Mayer-Schonberger et al 2013: 57-58). In the context of socalled predictive policing, authorities pretend to know the next crime scene even before the crime is committed (Fry 2018:144 ff.). And finally, criticism of Google's Page Rank algorithm continues: as Safiya Noble observes in her book Algorithms of Oppression, its design is based on an intricate series of racist assumptions. In the juridical realm, algorithms that technically consist merely of decisions between 0 and 1 on a basal level appear to play an increasing role in legal decision making. Sometimes algorithms themselves become 'defendants', as the following example from rural, sparsely populated Central Finland will show.",wos,llm,0.700,unreviewed,
kept,Theory and computation in the study of molecular structure,"Quiney, H. M.; Wilson, S.",2006,RECENT ADVANCES IN THE THEORY OF CHEMICAL AND PHYSICAL SYSTEMS,,https://www.webofscience.com/wos/woscc/full-record/WOS:000237615100001,supports-claim,"In this paper, we advocate the use of literate programming techniques in molecular physics and quantum chemistry. With a suitable choice of publication medium, literate programming allows both a theory and corresponding computer code to be placed in the public domain and subject to the usual ""open criticism and constructive use"" which form an essential ingredient of the scientific method.

The use of literate programming methods leads naturally to structure and standardization in computer code. In turn, this structure leads to subroutine libraries and we describe the specification of a basic tensor algebra subroutine library, which we have recently developed, and which we expect to prove useful in a range of applications.

We briefly consider the use of literate programming techniques in enhancing collaborative virtual environments, which facilitate developed cooperation between geographically distributed sites.",wos,llm,0.950,unreviewed,
