status,title,authors,year,venue,doi,url,tags,abstract,provider,decision_source,llm_confidence,llm_review_outcome,llm_change_direction
kept,An open-source package with interactive Jupyter Notebooks to enhance the accessibility of reservoir operations simulation and optimisation,Andrés Peñuela; Christopher Hutton; Francesca Pianosi,2021,Environmental Modelling & Software,10.1016/j.envsoft.2021.105188,https://openalex.org/W3177815931,supports-claim,"In this paper we present the interactive Reservoir Operations Notebooks and Software (iRONS) toolbox for reservoir modelling and optimisation. The toolbox is meant to serve the research and professional community in hydrology and water resource management and contribute to bridge the gaps between them. iRONS is composed of a package of Python core functions and a set of interactive Jupyter Notebooks. Core functions implement typical reservoir modelling tasks and the interactive Jupyter Notebooks illustrate, with practical examples, the key functionalities of iRONS. We describe our development philosophy, the key features of iRONS, and report some results of evaluating the effectiveness of interactive Jupyter Notebooks for training and knowledge transfer. The paper may be of interest also beyond the water resources management field, as an example of how Jupyter Notebooks and interactive visualisation help improving the documentation and sharing of open-source code and the communication of underpinning methodologies.",openalex,llm,0.900,unreviewed,
kept,multiverse: Multiplexing Alternative Data Analyses in R Notebooks,Abhraneel Sarma; Alex Kale; Michael Moon; Nathan Taback; Fanny Chevalier; Jessica Hullman; Matthew Kay,2023,,10.1145/3544548.3580726,https://openalex.org/W4366547405,adjacent-subtopic,"There are myriad ways to analyse a dataset. But which one to trust? In the face of such uncertainty, analysts may adopt multiverse analysis: running all reasonable analyses on the dataset. Yet this is cognitively and technically difficult with existing tools—how does one specify and execute all combinations of reasonable analyses of a dataset?—and often requires discarding existing workflows. We present multiverse, a tool for implementing multiverse analyses in R with expressive syntax supporting existing computational notebook workflows. multiverse supports building up a multiverse through local changes to a single analysis and optimises execution by pruning redundant computations. We evaluate how multiverse supports programming multiverse analyses using (a) principles of cognitive ergonomics to compare with two existing multiverse tools; and (b) case studies based on semi-structured interviews with researchers who have successfully implemented an end-to-end analysis using multiverse. We identify design tradeoffs (e.g. increased flexibility versus learnability), and suggest future directions for multiverse tool design.",openalex,llm,0.850,unreviewed,
kept,B2,Yifan Wu; Joseph M. Hellerstein; Arvind Satyanarayan,2020,,10.1145/3379337.3415851,https://openalex.org/W3094507803,adjacent-subtopic,"Data scientists have embraced computational notebooks to author analysis code and accompanying visualizations within a single document. Currently, although these media may be interleaved, they remain siloed: interactive visualizations must be manually specified as they are divorced from the analysis provenance expressed via dataframes, while code cells have no access to users' interactions with visualizations, and hence no way to operate on the results of interaction. To bridge this divide, we present B2, a set of techniques grounded in treating data queries as a shared representation between the code and interactive visualizations. B2 instruments data frames to track the queries expressed in code and synthesize corresponding visualizations. These visualizations are displayed in a dashboard to facilitate interactive analysis. When an interaction occurs, B2 reifies it as a data query and generates a history log in a new code cell. Subsequent cells can use this log to further analyze interaction results and, when marked as reactive, to ensure that code is automatically recomputed when new interaction occurs. In an evaluative study with data scientists, we find that B2 promotes a tighter feedback loop between coding and interacting with visualizations. All participants frequently moved from code to visualization and vice-versa, which facilitated their exploratory data analysis in the notebook.",openalex,llm,0.820,unreviewed,
kept,Code Code Evolution: Understanding How People Change Data Science Notebooks Over Time,Deepthi Raghunandan; Aayushi Roy; Shenzhi Shi; Niklas Elmqvist; Leilani Battle,2023,,10.1145/3544548.3580997,https://openalex.org/W4366548004,adjacent-subtopic,"Sensemaking is the iterative process of identifying, extracting, and explaining insights from data, where each iteration is referred to as the “sensemaking loop.” However, little is known about how sensemaking behavior evolves from exploration and explanation during this process. This gap limits our ability to understand the full scope of sensemaking, which in turn inhibits the design of tools that support the process. We contribute the first mixed-method to characterize how sensemaking evolves within computational notebooks. We study 2,574 Jupyter notebooks mined from GitHub by identifying data science notebooks that have undergone significant iterations, presenting a regression model that automatically characterizes sensemaking activity, and using this regression model to calculate and analyze shifts in activity across GitHub versions. Our results show that notebook authors participate in various sensemaking tasks over time, such as annotation, branching analysis, and documentation. We use our insights to recommend extensions to current notebook environments.",openalex,llm,0.870,unreviewed,
kept,Contexere-Systematic Tracking and Referencing of Digital Artefacts for Postgraduate Students and Early Career Researchers,"Kempa-Liehr, Andreas W.",2026,DATA,10.3390/data11060140,https://www.webofscience.com/wos/woscc/full-record/WOS:001803620300001,adjacent-subtopic,"The efficiency of data-driven research relies not only on high-quality data and sufficient computational resources but also depends sensitively on the personal knowledge management of the researcher. The multitude of digital artefacts created during a researcher's daily workflow might comprise experimental results, simulation results, literate programming notebooks analysing experiments and simulations, statistical models, machine learning models, figures, tables, and conversations with generative Artificial Intelligence systems. In order to trace and track these interconnected research artefacts over several months of research or even extended research periods and different research projects, these artefacts need to be systematically named so that they can be referenced in note-keeping systems and research outputs. Therefore, the naming and referencing scheme for research artefacts needs to be flexible, consistent, efficient and support the linking of artefacts across different software frameworks and even classical laboratory notebooks. This article introduces a hierarchical naming scheme and the supporting open-source Python package contexere together with best practices for the personal knowledge management for postgraduate students and early career researchers, which provides a clear and linkable structure for data artefacts and thus supports effective personalised research workflows.",wos,llm,0.760,unreviewed,
kept,ActinoMation: A literate programming approach for medium-throughput robotic conjugation of<i> Streptomyces</i> spp,"Moller, Tenna A.; Booth, Thomas J.; Shaw, Simon; Moller, Vilhelm K.; Frandsen, Rasmus J. N.; Weber, Tilmann",2025,SYNTHETIC AND SYSTEMS BIOTECHNOLOGY,10.1016/j.synbio.2025.03.005,https://www.webofscience.com/wos/woscc/full-record/WOS:001471035500001,supports-claim,"The genus Streptomyces are valuable producers of antibiotics and other pharmaceutically important bioactive compounds. Advances in molecular engineering tools, such as CRISPR, have provided some access to the metabolic potential of Streptomyces, but efficient genetic engineering of strains is hindered by laborious and slow manual transformation protocols. In this paper, we present a semi-automated medium-throughput workflow for the introduction of recombinant DNA into Streptomyces spp. using the affordable and open-sourced Opentrons (OT-2) robotics platform. To increase the accessibility of the workflow we provide an open-source protocolcreator, ActinoMation. ActinoMation is a literate programming environment using Python in Jupyter Notebook. We validated the method by transforming Streptomyces coelicolor (M1152 and M1146), S. albidoflavus (J1047), and S. venezuelae (DSM40230) with the plasmids pSETGUS and pIJ12551. We demonstrate conjugation efficiencies of 3.33*10-3/0.33 % for M1152 with pSETGUS and pIJ12551; 2.96*10-3/0.29 % for M1146 with pSETGUS and pIJ12551; 1.21*10-5/0.0012 % for J1047 with pSETGUS and 4.70*10-4/0.047 % with pIJ12551, and 4.97*10-2/4.97 % for DSM40230 with pSETGUS and 6.13*10-2/6.13 % with pIJ12551 with a false positive rate between 8.33 % and 54.54 %. Automation of the conjugation workflow facilitates a streamlined workflow on a larger scale without any evident loss of conjugation efficiency.",wos,llm,0.990,unreviewed,
kept,Extending Jupyter with Multi-Paradigm Editors,"Weber, Thomas; Ehe, Janina; Mayer, Sven",2024,PROCEEDINGS OF THE ACM ON HUMAN COMPUTER INTERACTION,10.1145/3660247,https://www.webofscience.com/wos/woscc/full-record/WOS:001552751100003,supports-claim,"Computational notebooks like the Jupyter programming environment have been popular, particularly for developing data-driven applications. One of its main benefits is that it easily supports different programming languages with exchangeable kernels. Thus, it makes the user interface of computational notebooks broadly accessible. While their literate programming paradigm has advantages, we can use this infrastructure to make other paradigms similarly easily and broadly accessible to developers. In our work, we demonstrate how the Jupyter infrastructure can be utilized with different interfaces for different programming paradigms, enabling even greater flexibility for programmers and making it easier for them to adopt different paradigms when they are most suitable. We present a prototype that adds graphical programming and a multi-paradigm editor on top of the Jupyter system. The multi-paradigm editor seamlessly combines the added graphical programming with the familiar notebook interface side-by-side, which can further help developers switch between programming paradigms when desired. A subsequent user evaluation demonstrates the benefits not only of alternate interfaces and paradigms but also of the flexibility of seamlessly switching between them. Finally, we discuss some of the challenges in implementing these systems and how these can enhance the software development process in the future.",wos,llm,0.970,unreviewed,
kept,AlphaPept: a modern and open framework for MS-based proteomics,"Strauss, Maximilian T.; Bludau, Isabell; Zeng, Wen-Feng; Voytik, Eugenia; Ammar, Constantin; Schessner, Julia P.; Ilango, Rajesh; Gill, Michelle; Meier, Florian; Willems, Sander; Mann, Matthias",2024,NATURE COMMUNICATIONS,10.1038/s41467-024-46485-4,https://www.webofscience.com/wos/woscc/full-record/WOS:001328105700001,supports-claim,"In common with other omics technologies, mass spectrometry (MS)-based proteomics produces ever-increasing amounts of raw data, making efficient analysis a principal challenge. A plethora of different computational tools can process the MS data to derive peptide and protein identification and quantification. However, during the last years there has been dramatic progress in computer science, including collaboration tools that have transformed research and industry. To leverage these advances, we develop AlphaPept, a Python-based open-source framework for efficient processing of large high-resolution MS data sets. Numba for just-in-time compilation on CPU and GPU achieves hundred-fold speed improvements. AlphaPept uses the Python scientific stack of highly optimized packages, reducing the code base to domain-specific tasks while accessing the latest advances. We provide an easy on-ramp for community contributions through the concept of literate programming, implemented in Jupyter Notebooks. Large datasets can rapidly be processed as shown by the analysis of hundreds of proteomes in minutes per file, many-fold faster than acquisition. AlphaPept can be used to build automated processing pipelines with web-serving functionality and compatibility with downstream analysis tools. It provides easy access via one-click installation, a modular Python library for advanced users, and via an open GitHub repository for developers.",wos,llm,0.980,unreviewed,
kept,Clerk: Moldable Live Programming for Clojure,"Kavalar, Martin; Markovics, Philippa; Rusher, Jack",2023,"COMPANION PROCEEDINGS OF THE 7TH INTERNATIONAL CONFERENCE ON THE ART, SCIENCE, AND ENGINEERING OF PROGRAMMING, PROGRAMMING 2023",10.1145/3594671.3594682,https://www.webofscience.com/wos/woscc/full-record/WOS:001142109200007,adjacent-subtopic,"Clerk is an open source Clojure programmer's assistant that builds upon the traditions of interactive and literate programming to provide a holistic moldable development environment. Clerk layers static analysis, incremental computation, and rich browser-based graphical presentations on top of a Clojure programmer's familiar toolkit to enhance their workflow.",wos,llm,0.840,unreviewed,
kept,Colaroid: A Literate Programming Approach for Authoring Explorable Multi-Stage Tutorials,"Wang, April Yi; Head, Andrew; Zhang, Ashley; Oney, Steve; Brooks, Christopher",2023,PROCEEDINGS OF THE 2023 CHI CONFERENCE ON HUMAN FACTORS IN COMPUTING SYSTEMS (CHI 2023),10.1145/3544548.3581525,https://www.webofscience.com/wos/woscc/full-record/WOS:001048393806054,adjacent-subtopic,"Multi-stage programming tutorials are key learning resources for programmers, using progressive incremental steps to teach them how to build larger software systems. A good multi-stage tutorial describes the code clearly, explains the rationale and code changes for each step, and allows readers to experiment as they work through the tutorial. In practice, it is time-consuming for authors to create tutorials with these attributes. In this paper, we introduce Colaroid, an interactive authoring tool for creating high quality multi-stage tutorials. Colaroid tutorials are augmented computational notebooks, where snippets and outputs represent a snapshot of a project, with source code differences highlighted, complete source code context for each snippet, and the ability to load and tinker with any stage of the project in a linked IDE. In two laboratory studies, we found Colaroid makes it easy to create multi-stage tutorials, while offering advantages to readers compared to video and web-based tutorials.",wos,llm,0.830,unreviewed,
kept,Imprimer: Computational Notebooks for CNC Milling,"O'Leary, Jasper Tran; Benabdallah, Gabrielle; Peek, Nadya",2023,PROCEEDINGS OF THE 2023 CHI CONFERENCE ON HUMAN FACTORS IN COMPUTING SYSTEMS (CHI 2023),10.1145/3544548.3581334,https://www.webofscience.com/wos/woscc/full-record/WOS:001048393803038,supports-claim,"Digital fabrication in industrial contexts involves standardized procedures that prioritize precision and repeatability. However, fabrication machines are now available for practitioners who focus instead on experimentation. In this paper, we reframe hobbyist CNC milling as writing literate programs which interleave documentation, interactive graphics, and source code for machine control. To test this approach, we present Imprimer, a machine infrastructure for a CNC mill and an associated library for a computational notebook. Imprimer lets makers learn experimentally, prototype new interactions for making, and understand physical processes by writing and debugging code. We demonstrate three experimental milling workflows as computational notebooks, conduct a user study with practitioners with a range of backgrounds, and discuss literate programming as a future vision for digital fabrication altogether.",wos,llm,0.970,unreviewed,
kept,Literate programming for motivating and teaching neural network-based approaches to solve differential equations,"Ogueda-Oliva, Alonso; Seshaiyer, Padmanabhan",2024,INTERNATIONAL JOURNAL OF MATHEMATICAL EDUCATION IN SCIENCE AND TECHNOLOGY,10.1080/0020739X.2023.2249901,https://www.webofscience.com/wos/woscc/full-record/WOS:001068924200001,supports-claim,"In this paper, we introduce novel instructional approaches to engage students in using modelling with data to motivate and teach differential equations. Specifically, we introduce a pedagogical framework that will execute instructional modules to teach different solution techniques for differential equations through repositories and notebook environments during real-time instruction. Each of these teaching modules employs a literate programming approach that uses the notebook environment to explain the concepts in a natural language, such as English, interspersed with snippets of macros and traditional source code on a web browser. The pedagogical approach employed is reproducible and leads to openaccess material for students to motivate and teach differential equations efficiently. We will share examples of this framework applied to teaching advanced concepts such as machine learning and neural network approaches for solving ordinary and partial differential equations as well as estimating parameters in these equations for given datasets. More details of the work can be accessed from https://aoguedao.github.io/teaching-ml-diffeq.",wos,llm,0.980,unreviewed,
kept,The five pillars of computational reproducibility: bioinformatics and beyond,"Ziemann, Mark; Poulain, Pierre; Bora, Anusuiya",2023,BRIEFINGS IN BIOINFORMATICS,10.1093/bib/bbad375,https://www.webofscience.com/wos/woscc/full-record/WOS:001136371500043,supports-claim,"Computational reproducibility is a simple premise in theory, but is difficult to achieve in practice. Building upon past efforts and proposals to maximize reproducibility and rigor in bioinformatics, we present a framework called the five pillars of reproducible computational research. These include (1) literate programming, (2) code version control and sharing, (3) compute environment control, (4) persistent data sharing and (5) documentation. These practices will ensure that computational research work can be reproduced quickly and easily, long into the future. This guide is designed for bioinformatics data analysts and bioinformaticians in training, but should be relevant to other domains of study.",wos,llm,0.990,unreviewed,
kept,Five Guiding Principles to Make Jupyter Notebooks Fit for Earth Observation Data Education,"Wagemann, Julia; Fierli, Federico; Mantovani, Simone; Siemen, Stephan; Seeger, Bernhard; Bendix, Joerg",2022,REMOTE SENSING,10.3390/rs14143359,https://www.webofscience.com/wos/woscc/full-record/WOS:000832103500001,supports-claim,"There is a growing demand to train Earth Observation (EO) data users in how to access and use existing and upcoming data. A promising tool for data-related training is computational notebooks, which are interactive web applications that combine text, code and computational output. Here, we present the Learning Tool for Python (LTPy), which is a training course (based on Jupyter notebooks) on atmospheric composition data. LTPy consists of more than 70 notebooks and has taught over 1000 EO data users so far, whose feedback is overall positive. We adapted five guiding principles from different fields (mainly scientific computing and Jupyter notebook research) to make the Jupyter notebooks more educational and reusable. The Jupyter notebooks developed (i) follow the literate programming paradigm by a text/code ratio of 3, (ii) use instructional design elements to improve navigation and user experience, (iii) modularize functions to follow best practices for scientific computing, (iv) leverage the wider Jupyter ecosystem to make content accessible and (v) aim for being reproducible. We see two areas for future developments: first, to collect feedback and evaluate whether the instructional design elements proposed meet their objective; and second, to develop tools that automatize the implementation of best practices.",wos,llm,0.980,unreviewed,
