status,title,authors,year,venue,doi,url,tags,abstract,provider,decision_source,llm_confidence,llm_review_outcome,llm_change_direction
discarded,Towards reusability of computational experiments: Capturing and sharing Research Objects from knowledge discovery processes,Armel Lefebvre; Marco Spruit; Wienand Omta,2015,"2015 7th International Joint Conference on Knowledge Discovery, Knowledge Engineering and Knowledge Management (IC3K)",,https://ieeexplore.ieee.org/document/7526955/,adjacent-subtopic,"Calls for more reproducible research by sharing code and data are released in a large number of fields from biomedical science to signal processing. At the same time, the urge to solve data analysis bottlenecks in the biomedical field generates the need for more interactive data analytics solutions. These interactive solutions are oriented towards wet lab users whereas bioinformaticians favor custom analysis tools. In this position paper we elaborate on why Reproducible Research, by presenting code and data sharing as a gold standard for reproducibility misses important challenges in data analytics. We suggest new ways to design interactive tools embedding constraints of reusability with data exploration. Finally, we seek to integrate our solution with Research Objects as they are expected to bring promising advances in reusability and partial reproducibility of computational work.",ieee,llm,0.890,unreviewed,
discarded,Experiences with Reproducible Research in Various Facets of Signal Processing Research,P. Vandewalle; G. Barrenetxea; I. Jovanovic; A. Ridolfi; M. Vetterli,2007,"2007 IEEE International Conference on Acoustics, Speech and Signal Processing - ICASSP '07",10.1109/ICASSP.2007.367304,https://ieeexplore.ieee.org/document/4218335/,adjacent-subtopic,"How often have you been able to implement an algorithm as it is described in a paper? And when you did, were you confident that you had exactly the same parameter values and results as the authors of the paper? All too often, articles do not describe all the details of an algorithm and thus prohibit an implementation by someone else. In this paper, we describe our experience with reproducible research, a paradigm to allow other people to reproduce with minimal effort the results we have obtained. We discuss both the reproducibility of data and algorithms, and give examples for each of them. The effort required to make research reproducible is compensated by a higher visibility and impact of the results.",ieee,llm,0.890,unreviewed,
discarded,Scalable Pathogen Pipeline Platform (SP^3): Enabling Unified Genomic Data Analysis with Elastic Cloud Computing,Fan Yang-Turner; Denis Volk; Philip Fowler; Jeremy Swann; Matthew Bull; Sarah Hoosdally; Thomas Connor; Tim Peto; Derrick Crook,2019,2019 IEEE 12th International Conference on Cloud Computing (CLOUD),10.1109/CLOUD.2019.00083,https://ieeexplore.ieee.org/document/8814501/,adjacent-subtopic,"Pathogen genomic data analysis can be extremely bespoke and diverse. This paper presents our plan and progress towards creating a Scalable Pathogen Pipeline Platform (SP^3) providing an efficient and unified process of collecting, analysing and comparing genomic data analysis with the benefit of elastic cloud computing. SP^3 enables container-centric bioinformatic workflows run on personal computers, High-performance computing (HPC) clusters and cloud platforms. We have deployed and tested SP^3 on local HPC, Google Cloud Platform (GCP), Microsoft Azure and OpenStack Platforms. SP^3 allows users to fetch genomic sequencing data from European Nucleotide Archive (ENA) and conduct analysis with open-source bioinformatic pipelines. We believe SP^3 will promote common standards around pathogen genomic data quality, data processing and data analysis, helping answer the challenges of tools divergence and leveraging a pool of public genomic data repository and cloud resources.",ieee,llm,0.960,unreviewed,
discarded,A Framework for Statistical Nonlocal Means Noise Reduction in PolSAR Data,Luis Gomez; Jie Wu; A. C. Frery,2021,2021 IEEE International Geoscience and Remote Sensing Symposium IGARSS,10.1109/IGARSS47720.2021.9554507,https://ieeexplore.ieee.org/document/9554507/,off-topic-false-hit,"Fully Polarimetric SAR (Synthetic Aperture Radar), PolSAR, inherits the advantages of SAR systems (day and night imaging capacity, almost all-weather and active imaging), while extending its capabilities through the use of four polarization combinations (Horizontal and Vertical - HH, VV, HV, VH) [1]. PolSAR data integrates multiple types of rich information, such as frequency, amplitude and phase, which contributes to better characterizing different targets.",ieee,llm,0.990,unreviewed,
discarded,Breakdown Point of Model Selection When the Number of Variables Exceeds the Number of Observations,D. Donoho; V. Stodden,2006,The 2006 IEEE International Joint Conference on Neural Network Proceedings,10.1109/IJCNN.2006.246934,https://ieeexplore.ieee.org/document/1716344/,off-topic-false-hit,"The classical multivariate linear regression problem assumes p variables X1, X2,... ,Xp and a response vector y, each with n observations, and a linear relationship between the two: y = Xbeta + z, where z ~ N(0, sigma2). We point out that when p > n, there is a breakdown point for standard model selection schemes, such that model selection only works well below a certain critical complexity level depending on n/p. We apply this notion to some standard model selection algorithms (Forward Stepwise, LASSO, LARS) in the case where pGtn. We find that 1) the breakdown point is well-de ned for random X-models and low noise, 2) increasing noise shifts the breakdown point to lower levels of sparsity, and reduces the model recovery ability of the algorithm in a systematic way, and 3) below breakdown, the size of coef cient errors follows the theoretical error distribution for the classical linear model.",ieee,llm,0.990,unreviewed,
discarded,MCALab: Reproducible Research in Signal and Image Decomposition and Inpainting,Jalal M. Fadili; Jean-Luc Starck; Michael Elad; David L. Donoho,2010,Computing in Science & Engineering,10.1109/MCSE.2010.14,https://ieeexplore.ieee.org/document/5372180/,adjacent-subtopic,"Morphological component analysis of signals and images has far-reaching applications in science and technology, but some consider it problematic and even intractable. Reproducible research is essential to give MCA a firm scientific foundation. Researchers developed MCALab to demonstrate key MCA concepts and make them available to interested researchers.",ieee,llm,0.880,unreviewed,
discarded,COOPER: An Open Dataset of Synthetic Mobile Network Performance Indicators for Reproducible Research,M. Sousa; M. Cilínio; T. Saraiva; L. Mata; P. Vieira,2026,2026 32nd International Conference on Telecommunications (ICT),10.1109/ICT70370.2026.11594714,https://ieeexplore.ieee.org/document/11594714/,off-topic-false-hit,"Data-driven research in mobile networks depends critically on access to high-quality Performance Management (PM) data. However, regulatory, privacy, and confidentiality constraints limit data sharing, hindering reproducibility and systematic comparison across studies. Synthetic Data Generation (SDG) offers a promising alternative, yet publicly available datasets and systematic evaluation frameworks for mobile network PM data remain lacking. This paper introduces Cellular Operational Observations for Performance and Evaluation Research (COOPER), an open-source synthetic dataset of multi-cell 5 G PM time series comprising 45 indicators across multiple PM categories. COOPER is designed to reproduce the statistical, temporal, and inter-variable characteristics of an operational network. Three SDG paradigms, adversarial, probabilistic, and model-based, are evaluated using a unified framework assessing distributional similarity, temporal fidelity, dependency preservation, protocol consistency, and forecasting accuracy. Results show that the selected approach consistently outperforms alternatives while satisfying protocol constraints. The COOPER dataset is now publicly available on Hugging Face 11https://huggingface.co/datasets/CelfAI/COOPER",ieee,llm,0.990,unreviewed,
kept,A principled approach to reproducible research: a comparative review towards scientific integrity in computational research,Rajesh Sinha; Prem Sewak Sudhish,2016,"2016 IEEE International Symposium on Ethics in Engineering, Science and Technology (ETHICS)",10.1109/ETHICS.2016.7560050,https://ieeexplore.ieee.org/document/7560050/,supports-claim; established,"Independent replication has stood up sciences in good stead, allowing for a process of self-correction and weeding out spurious claims. The factors related to inability of replication are usually related to lack of resources (e.g. money, primary data sources), uniqueness of study or a lack of time or opportunity. As the cost of irreproducible research escalates, computationally intensive research fields such as cancer research show extremely poor results in actual clinical trials pointing to acceptance of poor quality research at preclinical stage. Between complete replication and reliance purely on peer reviews, reproducible research has emerged as a common minimum, allowing regeneration of all facts and figures reported in a research. In this paper, we evaluate concepts for reproducible research, such as literate statistical programming, literate computing frameworks and scientific workflow systems along with set of practices that enable researchers create reproducible research documents. We then present a maturity model wherein reproducible research must require a minimal compliance. The paper also presents details of possible set of copyright laws and open source licenses that can be mixed to provide a compelling open access publication platform protection for researchers.",ieee,llm,0.950,unreviewed,
discarded,Enabling Reproducible Research in Sensor-Based Transportation Mode Recognition With the Sussex-Huawei Dataset,Lin Wang; Hristijan Gjoreski; Mathias Ciliberto; Sami Mekki; Stefan Valentin; Daniel Roggen,2019,IEEE Access,10.1109/ACCESS.2019.2890793,https://ieeexplore.ieee.org/document/8600317/,adjacent-subtopic,"Transportation and locomotion mode recognition from multimodal smartphone sensors is useful for providing just-in-time context-aware assistance. However, the field is currently held back by the lack of standardized datasets, recognition tasks, and evaluation criteria. Currently, the recognition methods are often tested on the ad hoc datasets acquired for one-off recognition problems and with different choices of sensors. This prevents a systematic comparative evaluation of methods within and across research groups. Our goal is to address these issues by: 1) introducing a publicly available, large-scale dataset for transportation and locomotion mode recognition from multimodal smartphone sensors; 2) suggesting 12 reference recognition scenarios, which are a superset of the tasks we identified in the related work; 3) suggesting relevant combinations of sensors to use based on energy considerations among accelerometer, gyroscope, magnetometer, and global positioning system sensors; and 4) defining precise evaluation criteria, including training and testing sets, evaluation measures, and user-independent and sensor-placement independent evaluations. Based on this, we report a systematic study of the relevance of statistical and frequency features based on the information theoretical criteria to inform recognition systems. We then systematically report the reference performance obtained on all the identified recognition scenarios using a machine-learning recognition pipeline. The extent of this analysis and the clear definition of the recognition tasks enable future researchers to evaluate their own methods in a comparable manner, thus contributing to further advances in the field. The dataset and the code are available online. http://www.shl-dataset.org/.",ieee,llm,0.840,unreviewed,
discarded,Towards Reproducible Research of Event Detection Techniques for Twitter,Andreas Weiler; Harry Schilling; Lukas Kircher; Michael Grossniklaus,2019,2019 6th Swiss Conference on Data Science (SDS),10.1109/SDS.2019.000-5,https://ieeexplore.ieee.org/document/8789859/,adjacent-subtopic,"A major challenge in many research areas is reproducibility of implementations, experiments, or evaluations. New data sources and research directions complicate the reproducibility even more. For example, Twitter continues to gain popularity as a source of up-to-date news and information. As a result, numerous event detection techniques have been proposed to cope with the steadily increasing rate and volume of social media data streams. Although some of these works provide their implementation or conduct an evaluation of the proposed technique, it is almost impossible to reproduce their experiments. The main drawback is that Twitter prohibits the release of crawled datasets that are used by researchers in their experiments. In this work, we present a survey of the vast landscape of implementations, experiments, and evaluations presented by the different research works. Furthermore, we propose a reproducibility toolkit including Twistor (Twitter Stream Simulator), which can be used to simulate an artificial Twitter data stream (including events) as input for the experiments or evaluations of event detection techniques. We further present the experimental application of the reproducibility toolkit to state-of-the-art event detection techniques.",ieee,llm,0.920,unreviewed,
discarded,Methods for Enhancing the Reproducibility of Observational Research Using Electronic Health Records: Preliminary Findings from the CALIBER Resource,Spiros Denaxas; Arturo Gonzalez-Izquierdo; Maria Pikoula; Kenan Direk; Natalie Fitzpatrick; Harry Hemingway; LIam Smeeth,2017,2017 IEEE 30th International Symposium on Computer-Based Medical Systems (CBMS),10.1109/CBMS.2017.74,https://ieeexplore.ieee.org/document/8104246/,adjacent-subtopic,"The ability of external investigators to reproduce published scientific findings is critical for the evaluation and validation of health research by the wider community. However, a substantial proportion of health research using electronic health records, data collected and generated during routine clinical care, potentially cannot reproduced. With the complexity, volume and variety of electronic health records made available for research steadily increasing, it is critical to ensure that findings from such data are reproducible and replicable by researchers. In this paper, we present some preliminary findings on how a series of methods and tools utilized in adjunct scientific disciplines can be used to enhance the reproducibility of research using electronic health records.",ieee,llm,0.910,unreviewed,
discarded,Reusable Versus Re-editable Code,Konrad Hinsen,2018,Computing in Science & Engineering,10.1109/MCSE.2018.03202636,https://ieeexplore.ieee.org/document/8358032/,adjacent-subtopic,"Using a simple data analysis as an example, the author explores the relative merits of general-purpose library code and code written for a specific narrow application scenario.",ieee,llm,0.780,unreviewed,
discarded,SCUP-HPC: System for Constructing and Utilizing Provenance on High-Performance Computing Systems,Yuta Namiki; Takeo Hosomi; Hideyuki Tanushi; Akihiro Yamashita; Susumu Date,2025,IEEE Access,10.1109/ACCESS.2025.3597361,https://ieeexplore.ieee.org/document/11121867/,adjacent-subtopic,"Provenance, which documents how data are produced and processed, plays an important role in improving research reproducibility. In computing systems, provenance typically describes a suite of data relationships between simulation and analysis results, programs that generate results, and the input data fed to the programs. Recent research has introduced methods for automatically collecting such data relationships by embedding plugins in the operating system to trace file access and process creation. However, these methods fail to fully describe data processing from the perspective of research reproducibility, particularly in high-performance computing (HPC) systems. To ensure the reproducibility on an HPC system, the provenance must describe the following relationships: 1) executed programs and the corresponding job definition submitted to a workload manager, 2) the program and its source code, and 3) the program and its input/output files. We propose SCUP-HPC, a system for constructing and utilizing data provenance that targets modern HPC systems to support the reproducibility of research activities. We developed a suite of techniques to capture data from the operating system and the workload manager. In addition, we developed a suite of techniques to transform the captured data into provenance by extracting the relationships among programs, files, jobs, and source code from the user’s perspective. We evaluated SCUP-HPC with well-known HPC applications, assessing both the functionality of the constructed provenance and the performance impacts on the applications. The results demonstrate that SCUP-HPC can provide a provenance that supports reproducibility with less than 3% performance overhead.",ieee,llm,0.940,unreviewed,
discarded,Generative Private Synthetic Student Data for Learning Analytics: An Empirical Study,Divine Iloh; Oluwakemi Temitope Olayinka; Faith Iyere; Sanath Chilakala,2025,IEEE Access,10.1109/ACCESS.2025.3619091,https://ieeexplore.ieee.org/document/11196758/,off-topic-false-hit,"Learning analytics has the potential to significantly enhance educational outcomes by personalizing student support. However, this field relies on sensitive student data, creating substantial privacy risks and hindering open research. Synthetic data generation offers a promising solution by creating artificial datasets that mimic the statistical properties of real data without exposing personal information. This paper presents a comprehensive framework for generating, evaluating, and utilizing synthetic student data based on the widely used Open University Learning Analytics Dataset (OULAD). We employ two state-of-the-art synthesizers, the Gaussian Copula (GC) and Conditional Tabular GAN (CTGAN), to create synthetic versions of the dataset. The synthetic data are rigorously evaluated against the original data along three critical axes: 1) machine learning utility for predicting student dropout and final grades, 2) statistical quality using the SDMetrics library, and 3) privacy risk via a membership inference attack. CTGAN-generated data retained 93.1% of dropout-prediction AUC relative to real data while remaining robust to membership-inference attacks. Gaussian Copula achieved higher statistical-fidelity scores but materially lower predictive utility, quantifying a practical utility–privacy trade-off for educational tabular synthesis.",ieee,llm,0.990,unreviewed,
discarded,InfoQ and reproducible research,Ron S. Kenett; Galit Shmueli,2017,Information Quality: The Potential of Data and Analytics to Generate Knowledge,10.1002/9781118890622.ch11,https://ieeexplore.ieee.org/document/9821400/,adjacent-subtopic,"Research is about the advancement of knowledge. A main tool of research and empirical studies is the publication of results. Reports on difficulties in deriving repeated results under different circumstances or even with the original data have been growing, posing fundamental questions such as how to ensure integrity of research work. In some cases, the difficulties are related to partial documentation, in others to changing technology or context and yet in others to fraudulent practices. This chapter is about applying the information quality (InfoQ) framework to a specific research project to increase its chances of being reproduced and, therefore, contributing to the advancement of knowledge. Terminology is a key element in communication of work performed and results obtained. We focus here on three terms commonly used in scientific research and publication: <i>reproducibility</i>, <i>repeatability</i>, and <i>replicability</i>. We start by discussing how reproducibility, repeatability, and replicability are defined in several fields and the basis for those definitions. We then show that a clarification of meaning in these terms can be achieved by considering their intended generalization, which is the generalizability dimension in the InfoQ framework.",ieee,llm,0.900,unreviewed,
discarded,Beyond Spreadsheets with R: A beginner's guide to R and RStudio,Jonathan Carroll,2018,Beyond Spreadsheets with R: A beginner's guide to R and RStudio,,https://ieeexplore.ieee.org/document/10280252/,adjacent-subtopic,"Beyond Spreadsheets with R shows you how to take raw data and transform it for use in computations, tables, graphs, and more. You’ll build on simple programming techniques like loops and conditionals to create your own custom functions. You’ll come away with a toolkit of strategies for analyzing and visualizing data of all sorts using R and RStudio.",ieee,llm,0.950,unreviewed,
