status,title,authors,year,venue,doi,url,tags,abstract,provider,decision_source,llm_confidence,llm_review_outcome,llm_change_direction
discarded,Challenges in Preserving Intent Comprehensibility in Software,"Vranic, Valentino; Porubaen, Jaroslav; Bystricky, Michal; Frtala, Tomas; Polasek, Ivan; Nosal, Milan; Lang, Jan",2015,ACTA POLYTECHNICA HUNGARICA,,https://www.webofscience.com/wos/woscc/full-record/WOS:000366994500004,adjacent-subtopic,"Software is not only difficult to create, but it is also difficult to understand. Even the authors themselves in a relatively short time become unable to readily interpret their own code and to explain what intent they have followed by it. Software is being created with the goal to satisfy the needs of a customer or directly of the end users. Out of these needs comes the intent, which is relatively well understandable to all stakeholders. By using other specialized modeling techniques (typically the UML language) or in the code itself, use cases and other high-level specification and analytical artifacts in common software development almost completely dissolve. Along with dedicated initiatives to improve preserving intent comprehensibility in software, such as literate programming, intentional programming, aspect-oriented programming, or the DCI (Data, Context and Interaction) approach, this issue is a subject of contemporary research in the re-revealed area of engaging end users in software development, which has its roots in Alan Kay's vision of a personal computer programmable by end users. From the perspective of the reality of complex software system development, the existing approaches are solving the problem of losing intent comprehensibility only partially by a simplified and limited perception of the intent and do this only at the code level. This paper explores the challenges in preserving the intent comprehensibility in software. The thorough treatment of this problem requires a number of techniques and approaches to be engaged, including preserving use cases in the code, dynamic code structuring, executable intent representation using domain specific languages, advanced UML modularization, 3D rendering of UML, and representation and animation of organizational patterns.",wos,llm,0.790,unreviewed,
kept,Teaching Foundations of Computation and Deduction Through Literate Functional Programming and Type Theory Formalization,"Huet, Gerard",2016,"1ST INTERNATIONAL CONFERENCE ON FORMAL STRUCTURES FOR COMPUTATION AND DEDUCTION, FSCD 2016",10.4230/LIPIcs.FSCD.2016.3,https://www.webofscience.com/wos/woscc/full-record/WOS:001587817900003,adjacent-subtopic,"We describe experiments in teaching fundamental informatics notions around mathematical structures for formal concepts, and effective algorithms to manipulate them. The major themes of lambda-calculus and type theory served as guides for the effective implementation of functional programming languages and higher-order proof assistants, appropriate for reflecting the theoretical material into effective tools to represent constructively the concepts and formally certify the proofs of their properties. Progressively, a literate programming and proving style replaced informal mathematics in the presentation of the material as executable course notes. The talk will evoke the various stages of (in)completion of the corresponding set of notes along the years (see [1, 2, 14, 5, 6, 10, 12, 16, 7, 15, 17, 9, 3, 13, 11, 4, 8]), and tell how their elaboration proved to be essential to the discovery of fundamental results.",wos,llm,0.860,unreviewed,
discarded,Recent progress on variable projection methods for structured low-rank approximation,"Markovsky, Ivan",2014,SIGNAL PROCESSING,10.1016/j.sigpro.2013.09.021,https://www.webofscience.com/wos/woscc/full-record/WOS:000330203500029,off-topic-false-hit,"Rank deficiency of a data matrix is equivalent to the existence of an exact linear model for the data. For the purpose of linear static modeling, the matrix is unstructured and the corresponding modeling problem is an approximation of the matrix by another matrix of a lower rank. In the context of linear time-invariant dynamic models, the appropriate data matrix is Hankel and the corresponding modeling problems becomes structured low-rank approximation. Low-rank approximation has applications in: system identification; signal processing, machine learning, and computer algebra, where different types of structure and constraints occur.

This paper gives an overview of recent progress in efficient local optimization algorithms for solving weighted mosaic-Hankel structured low-rank approximation problems. In addition, the data matrix may have missing elements and elements may be specified as exact. The described algorithms are implemented in a publicly available software package. Their application to system identification, approximate common divisor, and data-driven simulation problems is described in this paper and is illustrated by reproducible simulation examples. As a data modeling paradigm the low-rank approximation setting is closely related to the behavioral approach in systems and control, total least squares, errors-in-variables modeling, principal component analysis, and rank minimization. (C) 2013 Elsevier B.V. All rights reserved.",wos,llm,0.980,unreviewed,
discarded,Implementing a new EPR lineshape parameter for organic radicals in carbonaceous matter,"Bourbin, Mathilde; Le Du, Yann; Binet, Laurent; Gourier, Didier",2013,SOURCE CODE FOR BIOLOGY AND MEDICINE,10.1186/1751-0473-8-15,https://www.webofscience.com/wos/woscc/full-record/WOS:000215861200015,off-topic-false-hit,"Background: Electron Paramagnetic Resonance (EPR) is a non-destructive, non-invasive technique useful for the characterization of organic moieties in primitive carbonaceous matter related to the origin of life. The classical EPR parameters are the peak-to-peak amplitude, the linewidth and the g factor; however, such parameters turn out not to suffice to fully determine a single EPR line.

Results: In this paper, we give the definition and practical implementation of a new EPR parameter based on the signal shape that we call the R-10 factor. This parameter was originally defined in the case of a single symmetric EPR line and used as a new datation method for organic matter in the field of exobiology.

Conclusion: Combined to classical EPR parameters, the proposed shape parameter provides a full description of an EPR spectrum and opens the way to novel applications like datation. Such a parameter is a powerful tool for future EPR studies, not only of carbonaceous matter, but also of any substance which spectrum exhibits a single symmetric line.

Reproducibility: The paper is a literate program-written using Noweb within the Org-mode as provided by the Emacs editor-and it also describes the full data analysis pipeline that computes the R-10 on a real EPR spectrum.",wos,llm,0.970,unreviewed,
kept,Elucidative Development for Model-Based Documentation,"Wilke, Claas; Bartho, Andreas; Schroeter, Julia; Karol, Sven; Assmann, Uwe",2012,"OBJECTS, MODELS, COMPONENTS, PATTERNS, TOOLS 2012",,https://www.webofscience.com/wos/woscc/full-record/WOS:000320619000022,adjacent-subtopic,"Documentation is an essential activity in software development, for source code as well as modelling artefacts. Typically, documentation is created and maintained manually which leads to inconsistencies as documented artefacts like source code or models evolve during development. Existing approaches like literate/elucidative programming or literate modelling address these problems by deriving documentation from software development artefacts or vice versa. However, these approaches restrict themselves to a certain kind of artefact and to a certain phase of the software development life-cycle. In this paper, we propose elucidative development as a generalisation of these approaches supporting heterogeneous kinds of artefacts as well as the analysis, design and implementation phases of the software development life-cycle. Elucidative development links source code and model artefacts into documentation and thus, maintains and updates their presentation semi-automatically. We present DEFT as an integrated development environment for elucidative development. We show, how DEFT can be applied to language specifications like the UML specification and help to avoid inconsistencies caused by maintenance and evolution of such a specification.",wos,llm,0.840,unreviewed,
kept,Design and Evaluation of a Literate Spreadsheet,"Dinmore, Matthew",2012,2012 IEEE SYMPOSIUM ON VISUAL LANGUAGES AND HUMAN-CENTRIC COMPUTING (VL/HCC),,https://www.webofscience.com/wos/woscc/full-record/WOS:000313198600004,supports-claim,"Support for capturing and sharing the problem-solving knowledge associated with end-user-developed software is often lacking. The principles behind literate programming have been proposed as an approach to addressing this. To study the potential efficacy of these principles in the general end-user programming case, they were applied to spreadsheets, the most common end-user programming environment, to produce a literate spreadsheet design. The resulting artifact was then evaluated through a user study with a focus on the literate design's effect on user comprehension and modification performance in each of the data, formula and dependency layers of the spreadsheet model. Significant performance improvements were observed in the formula and dependency layers over the traditional spreadsheet design, suggesting that the literate form can help improve end-user problem-solving knowledge reuse.",wos,llm,0.910,unreviewed,
kept,How Data Scientists Use Computational Notebooks for Real-Time Collaboration,April Yi Wang; Anant Mittal; Christopher Brooks; Steve Oney,2019,Proceedings of the ACM on Human-Computer Interaction,10.1145/3359141,https://openalex.org/W2983901715,adjacent-subtopic,"Effective collaboration in data science can leverage domain expertise from each team member and thus improve the quality and efficiency of the work. Computational notebooks give data scientists a convenient interactive solution for sharing and keeping track of the data exploration process through a combination of code, narrative text, visualizations, and other rich media. In this paper, we report how synchronous editing in computational notebooks changes the way data scientists work together compared to working on individual notebooks. We first conducted a formative survey with 195 data scientists to understand their past experience with collaboration in the context of data science. Next, we carried out an observational study of 24 data scientists working in pairs remotely to solve a typical data science predictive modeling problem, working on either notebooks supported by synchronous groupware or individual notebooks in a collaborative setting. The study showed that working on the synchronous notebooks improves collaboration by creating a shared context, encouraging more exploration, and reducing communication costs. However, the current synchronous editing features may lead to unbalanced participation and activity interference without strategic coordination. The synchronous notebooks may also amplify the tension between quick exploration and clear explanations. Building on these findings, we propose several design implications aimed at better supporting collaborative editing in computational notebooks, and thus improving efficiency in teamwork among data scientists.",openalex,llm,0.880,unreviewed,
discarded,Fork It: Supporting Stateful Alternatives in Computational Notebooks,Nathaniel Weinman; Steven M. Drucker; Titus Barik; Robert DeLine,2021,,10.1145/3411764.3445527,https://openalex.org/W3161042817,adjacent-subtopic,"Computational notebooks, which seamlessly interleave code with results, have become a popular tool for data scientists due to the iterative nature of exploratory tasks. However, notebooks provide a single execution state for users to manipulate through creating and manipulating variables. When exploring alternatives, data scientists must carefully create many-step manipulations in visually distant cells.",openalex,llm,0.890,unreviewed,
kept,Computational Notebooks for AI Education,Keith J. O’Hara; Douglas Blank; James B. Marshall,2015,"Scholarship, Research, and Creative Work at Bryn Mawr College (Bryn Mawr College)",10.13140/2.1.2434.5928,https://openalex.org/W2254368993,supports-claim; established,"Computational notebooks are documents that serve dual purposes: they serve as an archive format containing code, text, images and equations; but they can also be run like computer programs. This paper explores the use of these new computational notebooks to teach AI and introduces tools that we have developed — ICalico and Calysto — to facilitate that use. Not only do these new tools broaden the languages and contexts available to students exploring notebook-based AI computing, but they offer a new mode of teaching and learning for the AI classroom.",openalex,llm,0.900,unreviewed,
kept,ToonNote: Improving Communication in Computational Notebooks Using Interactive Data Comics,Daye Kang; Tony Ho; Nicolai Marquardt; Bilge Mutlu; Andrea Bianchi,2021,,10.1145/3411764.3445434,https://openalex.org/W3162071453,adjacent-subtopic,"Computational notebooks help data analysts analyze and visualize datasets, and share analysis procedures and outputs. However, notebooks typically combine code (e.g., Python scripts), notes, and outputs (e.g., tables, graphs). The combination of disparate materials is known to hinder the comprehension of notebooks, making it difficult for analysts to collaborate with other analysts unfamiliar with the dataset. To mitigate this problem, we introduce ToonNote, a JupyterLab extension that enables the conversion of notebooks into “data comics.” ToonNote provides a simplified view of a Jupyter notebook, highlighting the most important results while supporting interactive and free exploration of the dataset. This paper presents the results of a formative study that motivated the system, its implementation, and an evaluation with 12 users, demonstrating the effectiveness of the produced comics. We discuss how our findings inform the future design of interfaces for computational notebooks and features to support diverse collaborators.",openalex,llm,0.840,unreviewed,
kept,Eliciting Best Practices for Collaboration with Computational Notebooks,Luigi Quaranta; Fabio Calefato; Filippo Lanubile,2022,Proceedings of the ACM on Human-Computer Interaction,10.1145/3512934,https://openalex.org/W4225469545,supports-claim; established,"Despite the widespread adoption of computational notebooks, little is known about best practices for their usage in collaborative contexts. In this paper, we fill this gap by eliciting a catalog of best practices for collaborative data science with computational notebooks. With this aim, we first look for best practices through a multivocal literature review. Then, we conduct interviews with professional data scientists to assess their awareness of these best practices. Finally, we assess the adoption of best practices through the analysis of 1,380 Jupyter notebooks retrieved from the Kaggle platform. Findings reveal that experts are mostly aware of the best practices and tend to adopt them in their daily work. Nonetheless, they do not consistently follow all the recommendations as, depending on specific contexts, some are deemed unfeasible or counterproductive due to the lack of proper tool support. As such, we envision the design of notebook solutions that allow data scientists not to have to prioritize exploration and rapid prototyping over writing code of quality.",openalex,llm,0.960,unreviewed,
kept,Notable: On-the-fly Assistant for Data Storytelling in Computational Notebooks,Haotian Li; Ying Lü; Haidong Zhang; Yingcai Wu; Huamin Qu; Yun Wang,2023,,10.1145/3544548.3580965,https://openalex.org/W4323651262,adjacent-subtopic,"Computational notebooks are widely used for data analysis. Their interleaved displays of code and execution results (e.g., visualizations) are welcomed since they enable iterative analysis and preserve the exploration process. However, the communication of data findings remains challenging in computational notebooks. Users have to carefully identify useful findings from useless ones, document them with texts and visual embellishments, and then organize them in different tools. Such workflow greatly increases their workload, according to our interviews with practitioners. To address the challenge, we designed Notable to offer on-the-fly assistance for data storytelling in computational notebooks. It provides intelligent support to minimize the work of documenting and organizing data findings and diminishes the cost of switching between data exploration and storytelling. To evaluate Notable, we conducted a user study with 12 data workers. The feedback from user study participants verifies its effectiveness and usability.",openalex,llm,0.820,unreviewed,
kept,Wrex: A Unified Programming-by-Example Interaction for Synthesizing Readable Code for Data Scientists,Ian Drosos; Titus Barik; Philip J. Guo; Robert DeLine; Sumit Gulwani,2020,,10.1145/3313831.3376442,https://openalex.org/W3011590361,adjacent-subtopic,"Data wrangling is a difficult and time-consuming activity in computational notebooks, and existing wrangling tools do not fit the exploratory workflow for data scientists in these environments. We propose a unified interaction model based on programming-by-example that generates readable code for a variety of useful data transformations, implemented as a Jupyter notebook extension called Wrex. User study results demonstrate that data scientists are significantly more effective and efficient at data wrangling with Wrex over manual programming. Qualitative participant feedback indicates that Wrex was useful and reduced barriers in having to recall or look up the usage of various data transform functions. The synthesized code allowed data scientists to verify the intended data transformation, increased their trust and confidence in Wrex, and fit seamlessly within their cell-based notebook workflows. This work suggests that presenting readable code to professional data scientists is an indispensable component of offering data wrangling tools in notebooks.",openalex,llm,0.830,unreviewed,
kept,Toward collaborative open data science in metabolomics using Jupyter Notebooks and cloud computing,Kevin Mendez; Leighton Pritchard; Stacey N. Reinke; David Broadhurst,2019,Metabolomics,10.1007/s11306-019-1588-0,https://openalex.org/W2972529175,supports-claim; established,"BACKGROUND: A lack of transparency and reporting standards in the scientific community has led to increasing and widespread concerns relating to reproduction and integrity of results. As an omics science, which generates vast amounts of data and relies heavily on data science for deriving biological meaning, metabolomics is highly vulnerable to irreproducibility. The metabolomics community has made substantial efforts to align with FAIR data standards by promoting open data formats, data repositories, online spectral libraries, and metabolite databases. Open data analysis platforms also exist; however, they tend to be inflexible and rely on the user to adequately report their methods and results. To enable FAIR data science in metabolomics, methods and results need to be transparently disseminated in a manner that is rapid, reusable, and fully integrated with the published work. To ensure broad use within the community such a framework also needs to be inclusive and intuitive for both computational novices and experts alike. AIM OF REVIEW: To encourage metabolomics researchers from all backgrounds to take control of their own data science, mould it to their personal requirements, and enthusiastically share resources through open science. KEY SCIENTIFIC CONCEPTS OF REVIEW: This tutorial introduces the concept of interactive web-based computational laboratory notebooks. The reader is guided through a set of experiential tutorials specifically targeted at metabolomics researchers, based around the Jupyter Notebook web application, GitHub data repository, and Binder cloud computing platform.",openalex,llm,0.930,unreviewed,
kept,Jupyter: Thinking and Storytelling With Code and Data,Brian Granger; Fernando Pérez,2021,Computing in Science & Engineering,10.1109/mcse.2021.3059263,https://openalex.org/W3129777601,supports-claim; established,"Project Jupyter is an open-source project for interactive computing widely used in data science, machine learning, and scientific computing. We argue that even though Jupyter helps users perform complex, technical work, Jupyter itself solves problems that are fundamentally human in nature. Namely, Jupyter helps humans to think and tell stories with code and data. We illustrate this by describing three dimensions of Jupyter: 1) interactive computing; 2) computational narratives; and 3) the idea that Jupyter is more than software. We illustrate the impact of these dimensions on a community of practice in earth and climate science.",openalex,llm,0.970,unreviewed,
