status,title,authors,year,venue,doi,url,tags,abstract,provider,decision_source,llm_confidence,llm_review_outcome,llm_change_direction
discarded,How Do Data Analysts Respond to AI Assistance? A Wizard-of-Oz Study,Ken Gu; Madeleine Grunde-McLaughlin; Andrew McNutt; Jeffrey Heer; Tim Althoff,2023,arXiv (Cornell University),10.48550/arxiv.2309.10108,https://openalex.org/W4386907134,adjacent-subtopic,"Data analysis is challenging as analysts must navigate nuanced decisions that may yield divergent conclusions. AI assistants have the potential to support analysts in planning their analyses, enabling more robust decision making. Though AI-based assistants that target code execution (e.g., Github Copilot) have received significant attention, limited research addresses assistance for both analysis execution and planning. In this work, we characterize helpful planning suggestions and their impacts on analysts' workflows. We first review the analysis planning literature and crowd-sourced analysis studies to categorize suggestion content. We then conduct a Wizard-of-Oz study (n=13) to observe analysts' preferences and reactions to planning assistance in a realistic scenario. Our findings highlight subtleties in contextual factors that impact suggestion helpfulness, emphasizing design implications for supporting different abstractions of assistance, forms of initiative, increased engagement, and alignment of goals between analysts and assistants.",openalex,llm,0.950,unreviewed,
discarded,Computer Science Achievement and Writing Skills Predict Vibe Coding Proficiency,Sverrir Thorgeirsson; Theo B. Weidmann; Zhendong Su,2026,,10.1145/3772318.3791666,https://openalex.org/W7138962433,off-topic-false-hit,"Many software development platforms now support LLM-driven programming, or “vibe coding”, a technique that allows one to specify programs in natural language and iterate from observed behavior, all without directly editing source code. While its adoption is accelerating, little is known about which skills best predict success in this workflow. We report a preregistered cross-sectional study with tertiary-level students (N = 100) who completed measures of computer-science achievement, domain-general cognitive skills, written-communication proficiency, and a vibe-coding assessment. Tasks were curated via an eight-expert consensus process and executed in a purpose-built, vibe-coding environment that mirrors commercial tools while enabling controlled evaluation. We find that both writing skill and CS achievement are significant predictors of vibe-coding performance, and that CS achievement remains a significant predictor after controlling for domain-general cognitive skills. The results may inform tool and curriculum design, including when to emphasize prompt-writing versus CS fundamentals to support future software creators.",openalex,llm,0.980,unreviewed,
discarded,Can Large Language Models Accurately Generate Answer Keys for Health-related Questions?,Davis Bartels; Deepak Gupta; Dina Demner‐Fushman,2025,,10.18653/v1/2025.acl-short.28,https://openalex.org/W4412889545,off-topic-false-hit,"The evaluation of text generated by large language models (LLMs) remains a challenge for question answering, retrieval augmented generation (RAG), summarization, and many other natural language processing tasks.Evaluating the factuality of LLM-generated responses is particularly important in medical question answering, where the stakes are high.One method of evaluating the factuality of text is through the use of information nuggets (answer keys).Nuggets are text representing atomic facts that may be used by an assessor to make a binary decision as to whether the fact represented by said nugget is contained in an answer.Given that manual nugget extraction is expensive and time-consuming, recent RAG shared task evaluations have explored automating the nuggetization of text with LLMs.In this work, we explore several approaches to nugget generation for medical question answering and evaluate their alignment with expert human nugget generation.We find providing an example and extracting nuggets from an answer to be the best approach to nuggetization.While, overall, we found the capabilities of LLMs to distill atomic facts limited, Llama 3.3 performed the best out of the models we tested.",openalex,llm,0.990,unreviewed,
kept,A Literate Programming Environment for Human and Machine Agents,Adam Burke,2026,arXiv (Cornell University),10.48550/arxiv.2608.24644,https://openalex.org/W7204240556,llm-era; supports-claim,"This paper introduces an environment for constructing literate programs in concert with language-aware machine agents. This environment includes a grammar for executable program essays, a parser that treats names as first-class objects, an internal name-graph which relates prose, names and executable artifacts, and a binding mechanism for existing languages and testing toolsets. This supports co-location of code with its most relevant natural language and structured data context, making better use of Large Language Model (LLM) context windows. It also provides LLM coding agents with a toolset more analogous to the symbol-aware search and usage information available in human programmer-facing Integrated Development Environments (IDEs). We describe a working implementation with bindings to three established programming languages, and several example programs.",openalex,llm,0.970,unreviewed,
kept,Toward a woven literature: Open-source infrastructure for networked scientific publishing,Agâh Karakuzu,2025,Aperture Neuro,10.52294/001c.146072,https://openalex.org/W4415882006,qualifies-claim,"Scientific publishing must evolve to reflect the computational nature of modern research. While code, data, and analysis increasingly shape scientific findings, current publishing formats often flatten these elements into static narratives. In response, a new model is emerging: the woven literature. Inspired by principles of literate programming, this approach integrates code, data, narrative, and interactive environments to enable reproducibility and transparency within the article itself. This review explores the technical foundations, cultural barriers, and infrastructural innovations shaping this transition. Drawing on case studies from the NeuroLibre platform, it illustrates how open-source tools can support next-generation publications that are executable, sustainable, and adaptable across disciplines. The discussion highlights how workflows of varying complexity can be modularized and surfaced through reproducibility-focused platforms, while also addressing limitations imposed by current incentive structures and legacy systems. By embedding computation directly within the scholarly article, woven literature transforms the role of publishing from passive documentation into an active and verifiable part of the research process, allowing readers to engage with and extend the work itself.",openalex,llm,0.930,unreviewed,
kept,"Literate Programming: Donald Knuth, WEB, and Contemporary Workflows",Sam Starling; Oksana Dubinetska,2026,Zenodo (CERN European Organization for Nuclear Research),10.5281/zenodo.21880367,https://openalex.org/W7202212435,origin; established; supports-claim,"Donald Knuth’s 1984 article Literate Programming proposed writing programs primarily for human readers and only secondarily for machine execution. This review reconstructs that argument through WEB and traces its relevance to source generation, executable documents, reproducible environments, and LLM-assisted development. Companion repository: https://github.com/Zhovten-Games/literate-programming",openalex,llm,0.980,unreviewed,
discarded,"Literate Programming: Donald Knuth, WEB, and Contemporary Workflows",Sam Starling; Oksana Dubinetska,2026,Zenodo (CERN European Organization for Nuclear Research),10.5281/zenodo.20608559,https://openalex.org/W7164045216,duplicate-record-of-cited-source; duplicate-record,"Donald Knuth’s 1984 article Literate Programming proposed writing programs primarily for human readers and only secondarily for machine execution. This review reconstructs that argument through WEB and traces its relevance to source generation, executable documents, reproducible environments, and LLM-assisted development. Companion repository: https://github.com/Zhovten-Games/literate-programming",openalex,llm_reviewed,1.000,changed,kept->discarded
discarded,"Literate Programming: Donald Knuth, WEB, and Contemporary Workflows",Sam Starling; Oksana Dubinetska,2026,Zenodo (CERN European Organization for Nuclear Research),10.5281/zenodo.20608558,https://openalex.org/W7164004216,duplicate-record-of-cited-source; duplicate-record,"Donald Knuth’s 1984 article Literate Programming proposed writing programs primarily for human readers and only secondarily for machine execution. This review reconstructs that argument through WEB and traces its relevance to source generation, executable documents, reproducible environments, and LLM-assisted development. Companion repository: https://github.com/Zhovten-Games/literate-programming",openalex,llm_reviewed,1.000,changed,kept->discarded
kept,WIP: Focusing on Programmer Literacy in the Time of AI-Aided Code Generation,"Rosiene, Joel A.; Rosiene, Carolyn Pe",2024,"2024 IEEE FRONTIERS IN EDUCATION CONFERENCE, FIE",10.1109/FIE61694.2024.10893329,https://www.webofscience.com/wos/woscc/full-record/WOS:001447128100374,qualifies-claim; llm-era,"This work-in-progress, innovative-practice, full paper describes an approach to the training of computer scientists and engineers focused on the reading of programs generated by AI-based Large Language Models (LLM). In contrast to the practice of Literate Programming, in which the coder crafts a solution which reads as English, the proposed approach treats an existing programming as a ""shorthand"", which, when articulated, is explanatory. LLMs amount to enhanced search, having digested numerous examples with attention to context in order to provide a most ""desired"" result for a given prompt. How well the LLM generates a solution for a particular language varies substantially.

The paper gives numerous LLM-generated code examples of how the proper reading of programming statements conveys their function and requires little or no commentary. The Sieve of Eratosthenes will be used to contrast the LLM-generated code against code which adheres to the language's idiom.",wos,llm_reviewed,0.900,confirmed,
kept,Renaissance of Literate Programming in the Era of LLMs: Enhancing LLM-Based Code Generation in Large-Scale Projects.,Wuyang Zhang; Yansong Li; Zeyu Dong; Yu Wu 0020; Yingyao Zhou; Duolei Wang; Songsirou Xing; Chichun Zhou 0001; Da Shen,2025,CoRR,10.48550/ARXIV.2502.17441,https://dblp.org/rec/journals/corr/abs-2502-17441,qualifies-claim; llm-era,,dblp,llm_reviewed,0.920,confirmed,
kept,Literate Programming With LLMs? - A Study on Rosetta Code and CodeNet.,Simin Sun; Miroslaw Staron,2026,IEEE Trans. Software Eng.,10.1109/TSE.2025.3629828,https://dblp.org/rec/journals/tse/SunS26,supports-claim; llm-era,,dblp,llm_reviewed,0.940,confirmed,
kept,Guiding Human Validation of LLM-Generated Code via Verifiable Literate Programming.,Ziqi Yuan; Wenhao Lu; Hao Wu; Dunhong Jin; Chuan Wu,2026,CoRR,10.48550/ARXIV.2607.02333,https://dblp.org/rec/journals/corr/abs-2607-02333,adjacent-subtopic,,dblp,llm,0.860,unreviewed,
kept,Natural Language Outlines for Code: Literate Programming in the LLM Era.,Kensen Shi; Deniz Altinbüken; Saswat Anand; Mihai Christodorescu; Katja Grünwedel; Alexa Koenings; Sai Naidu; Anurag Pathak; Marc Rasi; Fredde Ribeiro; Brandon Ruffin; Siddhant Sanyam; Maxim Tabachnyk; Sara Toth; Roy Tu; Tobias Welp; Pengcheng Yin; Manzil Zaheer; Satish Chandra 0001; Charles Sutton,2025,SIGSOFT FSE Companion,10.1145/3696630.3728541,https://dblp.org/rec/conf/sigsoft/ShiAACGKNPRRRST25,qualifies-claim; llm-era,,dblp,llm_reviewed,0.900,confirmed,
