status,title,authors,year,venue,doi,url,tags,abstract,provider,decision_source,llm_confidence,llm_review_outcome,llm_change_direction
kept,xmLP - a Literate Programming Tool for XML & Text.,Anthony B. Coates; Zarella Rendon,2002,Extreme Markup Languages&#174;,,https://openalex.org/W7797199,supports-claim,,openalex,llm,0.880,unreviewed,
kept,ANOTHER APPROACH TO LITERATE PROGRAMMING.,Bradley M. Broom; James M. Welsh,1988,,,https://openalex.org/W172984727,qualifies-claim,,openalex,llm,0.840,unreviewed,
kept,The Design of Distributed Hyperlinked Programming Documentation,Lisa Friendly,1996,Workshops in computing,10.1007/978-1-4471-3082-6_17,https://openalex.org/W2122327724,adjacent-subtopic,,openalex,llm,0.660,unreviewed,
kept,Literate Programming to Enhance Agile Methods,Vreda Pieterse; Derrick G. Kourie; Andrew Boake,2004,Lecture notes in computer science,10.1007/978-3-540-24853-8_34,https://openalex.org/W1587565652,adjacent-subtopic,,openalex,llm,0.840,unreviewed,
kept,A hypertext system for literate C++ programming,Johannes Sametinger; Gustav Pomberger,1992,,,https://openalex.org/W2054455173,supports-claim,"Programs are written to be executed by computers rather than to be read by humans. This complicates program comprehension, which plays a major role in software maintenance. Literate programming is an approach to improve program understanding by regarding programs as works of literature (see [Knu84]). In this paper we present a tool that supports literate programming with the objectoriented programming language C++. The tool is based on a hypertext system which has been developed to support program comprehension and, thus, software maintenance. An introduction of the basic hypertext system is followed by a presentation of the global structure of the documentation. Afterwards, the user interface of the tool, its use and a sample documentation are given. Some implementation aspects conclude the presentation. Introduction Development programmers hate documentation which, therefore, almost never is either complete or consistent. Maintenance programmers need documentation to understand t...",openalex,llm,0.970,unreviewed,
kept,Literate programming,Robert Spotnitz,1998,Computers & Chemical Engineering,10.1016/s0098-1354(98)00029-5,https://openalex.org/W4250274777,supports-claim,An application of literate programming methodology using WEB tools to chemical engineering is provided. Literate programming produces beautifully typeset manuscripts that combine textual explanation and fragments of computer code. Literate programming is especially useful for technical programming because the possibility for errors is reduced when the textual explanation and code are combined. (C) 1998 Elsevier Science Ltd. All rights reserved.,openalex,llm,0.950,unreviewed,
kept,Practical Reproducibility in Geography and Geosciences,Daniel Nüst; Edzer Pebesma,2022,,10.31223/x5xh0z,https://openalex.org/W4220901028,supports-claim,"Reproducible research is often perceived as a technological challenge, but it is rooted in the challenge to improve scholarly communication in an age of digitisation. When computers become involved and researchers want to allow other scientists to inspect, understand, evaluate, and build upon their work, they need to create a research compendium that includes the code, data, computing environment, and script-based workflows used. Here, we present the state of the art for approaches to reach this degree of computational reproducibility, addressing literate programming and containerisation, while paying attention to working with geospatial data (digital maps, GIS). We argue that all researchers working with computers should understand these technologies to control their computing environment, and we present the benefits of reproducible workflows in practice. Example research compendia illustrate the presented concepts and are the basis for challenges specific to geography and geosciences. Based on existing surveys and best practices from different scientific domains, we conclude that researchers today can overcome many barriers and achieve a very high degree of reproducibility. If the geography and geosciences and communities adopt reproducibility and the underlying technologies in practice and in policies, they can transform the way researchers conduct and communicate their work towards increased transparency, understandability, openness, trust, productivity, and innovation.",openalex,llm,0.970,unreviewed,
kept,A literate programming environment based on an extensible editor,Mark Bentley Motl; Stephen Childs,1990,,,https://openalex.org/W2243040027,supports-claim,"The concept of literate programming was developed by Donald Knuth in the early eighties. Knuth believes the programs should be treated as works of literature. He developed the scWEB system to promote this style of programming. A scWEB system incorporates at least two languages: a high-level programming language and a formatting language as well as scWEB rules and constructs which tie the languages together. From a scWEB source, one can generate a high-level language source suitable for input to a compiler and eventual execution or a source suitable for input to a text formatter.
This research involved the creation of a prototype editing environment that would be supportive of the scWEB style of literate programming. The environment is based on GNU Emacs, a commonly available extensible editor.
The environment was subjectively tested with three different types of users. A group of student programmers who had limited scWEB experience used the environment successfully to perform a maintenance task on a significant scWEB code. An intensive user familiar with the scWEB style of literate programming used the environment in the development and debugging of a significant scWEB code over a four month period. An experienced scWEB programmer also used the environment in the development of a small code.
Since the environment was used successfully by three different types of users, we feel that the environment is viable and should be incorporated with other tools to form a complete literate programming environment. This tool and other should be integrated to make the scWEB style of literate programming more appealing to a wider user community.",openalex,llm,0.960,unreviewed,
kept,Expanding the Role of Tools in a Literate Programming Environment,Kent Beck; Ward Cunningham,2000,,,https://openalex.org/W2104892787,supports-claim,The tools in a literate programming environment need to accept additional responsibility to support the programmer's communication with other programmers. 1. The Expanded Role of Programmers,openalex,llm,0.720,unreviewed,
kept,Scribble,Matthew Flatt; Eli Barzilay; Robert Bruce Findler,2009,,10.1145/1596550.1596569,https://openalex.org/W2049946917,supports-claim,"Scribble is a system for writing library documentation, user guides, and tutorials. It builds on PLT Scheme's technology for language extension, and at its heart is a new approach to connecting prose references with library bindings. Besides the base system, we have built Scribble libraries for JavaDoc-style API documentation, literate programming, and conference papers. We have used Scribble to produce thousands of pages of documentation for PLT Scheme; the new documentation is more complete, more accessible, and better organized, thanks in large part to Scribble's flexibility and the ease with which we cross-reference information across levels. This paper reports on the use of Scribble and on its design as both an extension and an extensible part of PLT Scheme.",openalex,llm,0.930,unreviewed,
kept,Scribble,Matthew Flatt; Eli Barzilay; Robert Bruce Findler,2009,ACM SIGPLAN Notices,10.1145/1631687.1596569,https://openalex.org/W4233661059,duplicate-record-of-cited-source,"Scribble is a system for writing library documentation, user guides, and tutorials. It builds on PLT Scheme's technology for language extension, and at its heart is a new approach to connecting prose references with library bindings. Besides the base system, we have built Scribble libraries for JavaDoc-style API documentation, literate programming, and conference papers. We have used Scribble to produce thousands of pages of documentation for PLT Scheme; the new documentation is more complete, more accessible, and better organized, thanks in large part to Scribble's flexibility and the ease with which we cross-reference information across levels. This paper reports on the use of Scribble and on its design as both an extension and an extensible part of PLT Scheme.",openalex,llm,0.990,unreviewed,
discarded,Dynamic epistemic modelling,Jan van Eijck,2004,,,https://openalex.org/W2183451158,adjacent-subtopic,"This paper introduces DEMO, a Dynamic Epistemic Modelling tool. DEMO allows modelling epistemic updates, graphical display of update results, graphical display of action models, formula evaluation in epistemic models, translation of dynamic epistemic formulas to PDL formulas, and so on. The paper implements the reduction of dynamic epistemic logic [16, 2, 3, 1] to PDL given in [12]. The reduction of dynamic epistemic logic to automata PDL from [24] is also discussed and implemented. Epistemic models are minimized under bisimulation, and update action models are minimized under action emulation (the appropriate structural notion for having the same update eect, cf. [13]). The paper is an exemplar of tool building for epistemic update logic. It contains the full code of an implementation in Haskell [22], in ‘literate programming’ style [23], of DEMO.",openalex,llm,0.820,unreviewed,
kept,A data repository and analysis framework for spontaneous neural activity recordings in developing retina,Stephen J. Eglen; Michael Weeks; Mark Jessop; Jennifer Simonotto; Tom Jackson; Evelyne Sernagor,2014,GigaScience,10.1186/2047-217x-3-3,https://openalex.org/W2097888424,supports-claim,"BACKGROUND: During early development, neural circuits fire spontaneously, generating activity episodes with complex spatiotemporal patterns. Recordings of spontaneous activity have been made in many parts of the nervous system over the last 25 years, reporting developmental changes in activity patterns and the effects of various genetic perturbations. RESULTS: We present a curated repository of multielectrode array recordings of spontaneous activity in developing mouse and ferret retina. The data have been annotated with minimal metadata and converted into HDF5. This paper describes the structure of the data, along with examples of reproducible research using these data files. We also demonstrate how these data can be analysed in the CARMEN workflow system. This article is written as a literate programming document; all programs and data described here are freely available. CONCLUSIONS: 1. We hope this repository will lead to novel analysis of spontaneous activity recorded in different laboratories. 2. We encourage published data to be added to the repository. 3. This repository serves as an example of how multielectrode array recordings can be stored for long-term reuse.",openalex,llm,0.970,unreviewed,
kept,Using literate programming notation in introductory programming courses,Lee Wittenberg,1996,,10.1145/369585.369644,https://openalex.org/W1965196873,supports-claim,No abstract available.,openalex,llm,0.840,unreviewed,
kept,Elucidative programming,Kurt Nørmark,2000,VBN Forskningsportal (Aalborg Universitet),,https://openalex.org/W2913557302,qualifies-claim,"In this paper we introduce Elucidative Programming as a variant of Literate Programming. Literate Programming represents the idea of organizing a source program in an essay that documents the program understanding. An elucidative program connects textual documentation with the abstractions and the details in the source program. The documentation and the source program are defined in separate files. Using Elucidative Programming, the relations between the documentation and the units of the program are defined without use of containment. The textual documentation is intended to be technical writing about the program. Elucidative Programming allows for documentation of transverse relations among the program constituents. In addition, Elucidative Programming is oriented towards on-line presentation of documentation and programs in a WWW browser.",openalex,llm,0.950,unreviewed,
kept,STOL - literate programming in SCHEME,Daniel Kobler; Daniel Hernández,1992,ACM SIGPLAN Lisp Pointers,10.1145/382126.382663,https://openalex.org/W2055249380,supports-claim,No abstract available.,openalex,llm,0.860,unreviewed,
kept,A study on the maintenance of literate programs,Randy Smith; Marcus Brown,1997,,10.1145/2817460.2817507,https://openalex.org/W2031265062,qualifies-claim,This paper outlines an ongoing study investigating the maintenance of literate programs. The study examines the accuracy and performance time of subjects performing maintenance task on 4 different literate programs of varying size. The preliminary data suggest that subject performance is not directly related to program size.,openalex,llm,0.970,unreviewed,
discarded,Demonstrating the Compliance of Ada Programs with Z Specifications,C. T. Sennett,1992,Workshops in computing,10.1007/978-1-4471-3550-0_5,https://openalex.org/W1575203440,off-topic-false-hit,,openalex,llm,0.730,unreviewed,
kept,DocBook-Based Literate Programming,Mark Wroth,2001,,,https://openalex.org/W29508467,supports-claim,,openalex,llm,0.900,unreviewed,
kept,"Literate Programming, A Practioner's View",Bart Childs,1992,,,https://openalex.org/W2127177680,qualifies-claim,"I have been using the WEB style of Literate Programming since my first efforts to port TEX to the Data General AOS system. When I looked back at those efforts, the work in porting drivers that were not written in WEB and the writing of drivers in WEB (based upon DVITYPE, of course), the value of this method of programming became evident. I have concentrated my research (and some teaching) efforts upon this style of programming. I will relate my insights and opinions of the following: some quantitative and qualitative measures of the value of WEB programming; a description of some tools that are part of an environment for writing and maintaining literate programs; literate programming environments that are alternatives to the WEB style; an annotated list of some literate programming systems; and I will conclude with my perception of the future of literate programming.",openalex,llm,0.980,unreviewed,
kept,Literate programming and the “Spaniel“ method,Nick Hatzigeorgiu; Apostolos Syropoulos,1998,ACM SIGPLAN Notices,10.1145/307824.307866,https://openalex.org/W2041379190,supports-claim,"Software has to be well structured and well documented in order to be reusable and maintainable. Literate programs have both properties. Unfortunately, even today many programmers write program without proper documentation. We propose a technique by which one can relatively easily transform a well structured program into a literate one. We exemplify the technique by means of an example and we conclude with the presentation of some related work and ideas.",openalex,llm,0.970,unreviewed,
kept,A wysiwyg literate programming system,Eitan M. Gurari; Cheng-Shiung Jesse Wu,1990,,,https://openalex.org/W179059918,supports-claim,"Conceptually, literate programming systems are document preparation systems that are augmented with features for writing programs. They offer features for identifying the different components of the programs, for highlighting the relations that exist between the components, and for explaining the components and the relations.
We introduce a literate programming system that is based on a hierarchical variation of MacWrite. The system distinguishes code from prose by the fonts that they are written in, uses boxes for abstracting and structuring code, and uses ports for generating different views of the code.",openalex,llm,0.970,unreviewed,
kept,A Meta-Model for Literate Programming,Tim Evans,1999,,,https://openalex.org/W103980759,supports-claim,Literate programming is a program development method based on combining source code and documentation in a single file. The separate documents are then automatically extracted by a literate programming tool.,openalex,llm,0.950,unreviewed,
kept,Writing software to be understood: an exercise in Ginger using literate programming,Eddie Hillenbrand; James D. Palmer,2010,Journal of computing sciences in colleges,,https://openalex.org/W2994581440,supports-claim,"Ginger is a new language being developed at Northern Arizona University that emphasizes human readability and comprehension over computer readability by supporting literate programming techniques. A program written in Ginger can be compiled to either a machine executable or a rich human readable document that interweaves human narrative with a high-level programming language. In this paper we demonstrate how Ginger has been used in a Computer Graphics course to enable students in developing rich programs that emphasize the communication of ideas as part of the programming process. The result differs markedly from meager comments nested in code. Instead, the narrative must strongly root and communicate the program which in turn encourages students to think about their program organization in terms of potency and efficiency of idea communication. This strong connectivity and communication of code and mental process gives the instructor a larger window into how students approach and think about problems and may provide added tools to identify misconceptions, poor organization and poor communication skills.",openalex,llm,0.940,unreviewed,
kept,Literate Programming for Authorship of Interactive Textbooks for Programming-centric Courses,Bryan A. Jones; Jane Moorhead,2020,,10.18260/1-2--30774,https://openalex.org/W2942346227,supports-claim,"Abstract Software defines and empowers much of our modern society, from water treatment plants to banking, social media to anti-lock brakes. A wide variety of programming languages (C/C++, JavaScript, Python, etc.) enable computer scientists and software engineers to create the software and firmware necessary to our modern society. As educators, we must therefore find effective ways to instruct students in the use of these complex languages. Therefore, this paper presents a novel approach to programming pedagogy by combining literate programming, in which a program is presented as a web page, with Runestone Interactive, an open-source platform to author and host interactive textbooks. Each program/web page becomes a section in the text, meaning that students can both read the text as a web page, or execute it in their development environment as a program. Questions and programming exercises directly embedded within these program/web pages allow authors to present brief, concise exposition of a new concept followed by comprehension questions and automatically-graded programming exercises to reinforce this concept. Since the textual version of the web page can also be executed as a demonstration program, students can observe these programs in operation, while instructors can automatically check that all their code compiles and executes correctly. A comprehensive set of tools enables instructors to quickly and easily compose books consisting of program/web pages, embed exercises, check the correctness of the programs, then host their textbooks for student use. Student feedback provides preliminary indicators of this approach’s effectiveness.",openalex,llm,0.960,unreviewed,
kept,Literate programming in C : CWEBx manual,M.A.A. vanLeeuwen,1995,"Department of Analysis, Algebra and Geometry [AM]",,https://openalex.org/W2987335106,supports-claim,"This is the manual for the CWEBx system that supports literate programming in the programming language C. We give an introduction to the concept of Literate programming for structured software documentation, which was developed by D.~E. Knuth. This is followed by a concrete example and a detailed description of the CWEBx system.",openalex,llm,0.960,unreviewed,
kept,The use of literate program development tools,Paul Vickers; John Pardoe; S. Wade,1991,Northumbria Research Link (Northumbria University),,https://openalex.org/W602326145,supports-claim,,openalex,llm,0.870,unreviewed,
kept,SASWeave: Literate Programming Using SAS,Russell V. Lenth; Søren Højsgaard,2007,,,https://openalex.org/W4300805993,supports-claim,"SASweave is a collection of scripts that allow one to embed SAS code into a LATEX document, and automatically incorporate the results as well. SASweave is patterned after Sweave, which does the same thing for code written in R. In fact, a document may contain both SAS and R code. Besides the convenience of being able to easily incorporate SAS examples in a document, SASweave facilitates the concept of ""literate programming"": having code, documentation, and results packaged together. Among other things, this helps to ensure that the SAS output in the document is in concordance with the code.",openalex,llm,0.980,unreviewed,
kept,CLWEB: A literate programming system for Common Lisp.,Alexander F. Plotnik,2010,,,https://openalex.org/W2989619697,supports-claim,,openalex,llm,0.870,unreviewed,
