status,title,authors,year,venue,doi,url,tags,abstract,provider,decision_source,llm_confidence,llm_review_outcome,llm_change_direction
kept,AN APPLICATION OF LITERATE PROGRAMMING - CREATING A FORMAT FOR THE BULLETIN OF THE POLISH TUG,"BZYL, W; PRZECHLEWSKI, T",1993,"TUGBOAT, VOL 14, NO 3, OCTOBER 1993",,https://www.webofscience.com/wos/woscc/full-record/WOS:A1993BZ90Y00023,supports-claim,,wos,llm,0.800,unreviewed,
discarded,THE CASE FOR CASE-STUDIES OF PROGRAMMING-PROBLEMS,"LINN, MC; CLANCY, MJ",1992,COMMUNICATIONS OF THE ACM,,https://www.webofscience.com/wos/woscc/full-record/WOS:A1992HF77600012,off-topic-false-hit,,wos,llm,0.900,unreviewed,
kept,LITERATE PROGRAMMING AND THE LIPED ENVIRONMENT,"BISHOP, JM; GREGSON, KM",1992,STRUCTURED PROGRAMMING,,https://www.webofscience.com/wos/woscc/full-record/WOS:A1992GU72600003,qualifies-claim,"Literate programming is a methodology that encourages the production of a program whose primary purpose is to explain to a human what it does, rather than to instruct a computer what to do. Each program element is clearly explained, and is presented in an order that is best for human understanding. The writer has the freedom to introduce parts of the program as they are needed-which is not necessarily the order required for compilation.

The philosophy of literate programming was introduced by Donald Knuth while developing the documentation System TEX. His WEB system consists of two processes, WEAVE and TANGLE, that read a specially constructed literate program source file and produce as output a file containing compilable code and a file for input into TEX. WEB uses a batch approach that seems to hinder the development of new literate programs, and it has not been widely used outside its home base. The literate programming environment LIPED, described in this paper, aims to make the development of literate programs easier by being interactive (rather than batch as is WEB) and by providing instant access to a table of contents, a cross-reference table, and the extracted code. Language independence is achieved, and special facilities are made available to cater for modem programming paradigms. The system runs on minimal hardware and interfaces easily to existing compilers and text processors.

This paper describes the background and progress of literate programming, compares the available literate programming systems, and provides an overview of LIPED.",wos,llm,0.990,unreviewed,
kept,A HYPERTEXT SYSTEM FOR LITERATE C++ PROGRAMMING,"SAMETINGER, J; POMBERGER, G",1992,JOURNAL OF OBJECT-ORIENTED PROGRAMMING,,https://www.webofscience.com/wos/woscc/full-record/WOS:A1992GY24600004,supports-claim,"Programs are written to be executed by computers rather than read by humans.  This complicates program comprehension, which plays a major role in software maintenance.  Literate programming is an approach to improve program understanding by regarding programs as works of literature.  The authors present a tool that supports literate programming in C++, based on a hypertext system.",wos,llm,0.980,unreviewed,
kept,"LITERATE PROGRAMMING, A PRACTITIONERS VIEW","CHILDS, B",1992,"TUGBOAT, VOL 12, NO 3, OCTOBER 1992",,https://www.webofscience.com/wos/woscc/full-record/WOS:A1992BA08V00002,supports-claim,,wos,llm,0.890,unreviewed,
kept,VAMP - A TOOL FOR LITERATE PROGRAMMING INDEPENDENT OF PROGRAMMING LANGUAGE AND FORMATTER,"VANAMMERS, EW; KRAMER, MR",1992,COMPUTER SYSTEMS AND SOFTWARE ENGINEERING,,https://www.webofscience.com/wos/woscc/full-record/WOS:A1992BW32W00067,supports-claim,,wos,llm,0.950,unreviewed,
kept,CNEST AND CSCOPE - TOOLS FOR THE LITERATE PROGRAMMING ENVIRONMENT,"KORTRIGHT, E; CORDES, D",1992,"PROCEEDINGS : IEEE SOUTHEASTCON 92, VOLS 1 AND 2",,https://www.webofscience.com/wos/woscc/full-record/WOS:A1992BW25T00134,supports-claim,,wos,llm,0.940,unreviewed,
kept,MEASURING COMPLEXITY AND STABILITY OF WEB PROGRAMS,"SMITH, LMC; SAMADZADEH, MH",1992,STRUCTURED PROGRAMMING,,https://www.webofscience.com/wos/woscc/full-record/WOS:A1992GU72600004,supports-claim,"Software maintenance engineers spend at least half of their time trying to understand the system they are to modify. This is due partially to the fact that often the only documentation available is the source code itself. The literate programming paradigm provides the incentive and the capability to produce high quality code and documentation simultaneously. The goal is to create ""works of literature"" which have all the extras (table of contents, cross references, and indexes) to help readers to comprehend the programs quickly and thoroughly. The purpose of this research is to explore the viability of application of the measurements of software complexity and stability of traditionally developed code to literate programs. A literate program, the WEBmeter, was developed to collect some of the well-known metrics, originally defined for conventional software. for literate programs. Other design and stability metrics were manually extracted from the TANGLEd version of the input WEB programs. Some observations about ten programs that were subjected to the metrics/stability analysis are included.",wos,llm,0.970,unreviewed,
kept,LITERATE PROGRAMMING ON A TEAM PROJECT,"RAMSEY, N; MARCEAU, C",1991,SOFTWARE-PRACTICE & EXPERIENCE,,https://www.webofscience.com/wos/woscc/full-record/WOS:A1991FW92700002,qualifies-claim,"We used literate programming on a team project to write a 33,000 line program for the Synthesizer Generator.  The program, Penelope, was written using WEB, a tool designed for writing literate programs.  Unlike other WEB programs, many of which have been written by WEB's developer or by individuals, Penelope was not intended to be published.  We used WEB in the hope that both our team and its final product would benefit from the advantages often attributed to literate programming.  The WEB source served as good internal documentation throughout development and maintenance, and it continues to document Penelope's design and implementation.  Our experience also uncovered a number of problems with WEB.",wos,llm,0.990,unreviewed,
kept,THE LITERATE-PROGRAMMING PARADIGM,"CORDES, D; BROWN, M",1991,COMPUTER,,https://www.webofscience.com/wos/woscc/full-record/WOS:A1991FR77500006,qualifies-claim,"Literate programming presents a tool for constructing readable, understandable, and maintainable code.  We review this paradigm, analyze its strengths and weaknesses, and present some enhancements.",wos,llm,0.980,unreviewed,
kept,AN ANNOTATED-BIBLIOGRAPHY OF LITERATE PROGRAMMING,"SMITH, LMC; SAMADZADEH, MH",1991,SIGPLAN NOTICES,,https://www.webofscience.com/wos/woscc/full-record/WOS:A1991ER26200001,supports-claim,,wos,llm,0.930,unreviewed,
kept,LITERATE PROGRAM DERIVATION - A CASE-STUDY,"PEPPER, P",1991,LECTURE NOTES IN COMPUTER SCIENCE,,https://www.webofscience.com/wos/woscc/full-record/WOS:A1991LE71900006,supports-claim,"''Literate programming'' is a notion that has been introduced by Don Knuth as a means for improving the art of programming by amalgamating explanatory text with the program proper. In this paper, we attempt to combine the principal ideas of literate programming with the concepts of formal program development, based on algebraic specifications and transformations. This experiment is performed using the sublinear string-searching algorithm of Boyer and Moore (1977) as an illustrating example.",wos,llm,0.950,unreviewed,
kept,LITERATE PROGRAMMING - AN ASSESSMENT,"VANWYK, CJ",1990,COMMUNICATIONS OF THE ACM,,https://www.webofscience.com/wos/woscc/full-record/WOS:A1990CR23300028,qualifies-claim,,wos,llm,0.960,unreviewed,
kept,A LITERATE PROGRAMMING DESIGN LANGUAGE,"BROWN, M; CORDES, D",1990,PROCEEDINGS OF THE 1990 IEEE INTERNATIONAL CONFERENCE ON COMPUTER SYSTEMS AND SOFTWARE ENGINEERING,,https://www.webofscience.com/wos/woscc/full-record/WOS:A1990BQ97W00077,supports-claim,,wos,llm,0.900,unreviewed,
kept,A HYPERTEXT FOR LITERATE PROGRAMMING,"BROWN, M; CZEJDO, B",1990,LECTURE NOTES IN COMPUTER SCIENCE,,https://www.webofscience.com/wos/woscc/full-record/WOS:A1990FG00900027,supports-claim,"In this paper we describe a hypertext presentation for the WEB system for literate programming. The requirements for an environment for modern literate programming are analyzed and the WEB hypertext system is proposed. Different types of windows for displaying text, indices and graphical representations are discussed. All semantic links and operators using them are analyzed. The proposed architecture of the WEB hypertext system includes a general purpose relational database management system. Mapping between hypertext queries and relational database queries is provided. The system allows the user to define new hypertext operations by providing the corresponding SQL queries for the underlying relational database. The described system can be easily extended by many other types of queries and applications.",wos,llm,0.980,unreviewed,
kept,LITERATE PROGRAMMING APPLIED TO CONVENTIONAL SOFTWARE-DESIGN,"BROWN, M; CORDES, D",1990,STRUCTURED PROGRAMMING,,https://www.webofscience.com/wos/woscc/full-record/WOS:A1990FY21100004,supports-claim,"As software maintenance costs continue to increase, greater emphasis is being placed on techniques for improving the readability and understandability of programs. The ability of the program author to present the underlying logic and design of the program plays a large role in reader comprehension of the program. This paper looks at the use of Literate Programming to help capture the system design within the generated code.",wos,llm,0.980,unreviewed,
kept,FWEB - A LITERATE PROGRAMMING SYSTEM FOR FORTRAN8X,"AVENARIUS, A; OPPERMANN, S",1990,SIGPLAN NOTICES,,https://www.webofscience.com/wos/woscc/full-record/WOS:A1990CH21500007,supports-claim,,wos,llm,0.950,unreviewed,
kept,AN INTERACTIVE ENVIRONMENT FOR LITERATE PROGRAMMING,"BROWN, M; CHILDS, B",1990,STRUCTURED PROGRAMMING,,https://www.webofscience.com/wos/woscc/full-record/WOS:A1990DC83100002,supports-claim,,wos,llm,0.940,unreviewed,
kept,LITERATE PROGRAMMING FOR REUSABILITY - A QUEUE PACKAGE EXAMPLE,"PAPPAS, TLF",1990,PROCEEDINGS OF EIGHTH ANNUAL NATIONAL CONFERENCE ON ADA TECHNOLOGY,,https://www.webofscience.com/wos/woscc/full-record/WOS:A1990BT88R00060,supports-claim,,wos,llm,0.910,unreviewed,
kept,MODULAR LIBRARIES AND LITERATE PROGRAMMING IN SOFTWARE FOR ABINITIO ATOMIC AND MOLECULAR ELECTRONIC-STRUCTURE CALCULATIONS,"BUNGE, CF; CISNEROS, G",1988,COMPUTERS & CHEMISTRY,,https://www.webofscience.com/wos/woscc/full-record/WOS:A1988M936500001,supports-claim,,wos,llm,0.870,unreviewed,
kept,ANNOUNCING LITERATE PROGRAMMING,"DENNING, PJ",1987,COMMUNICATIONS OF THE ACM,,https://www.webofscience.com/wos/woscc/full-record/WOS:A1987J209100007,supports-claim,,wos,llm,0.920,unreviewed,
kept,EXPERIENCES OF LITERATE PROGRAMMING USING CWEB (A VARIANT OF KNUTH WEB),"THIMBLEBY, H",1986,COMPUTER JOURNAL,,https://www.webofscience.com/wos/woscc/full-record/WOS:A1986C970800002,supports-claim,,wos,llm,0.970,unreviewed,
kept,LITERATE PROGRAMMING,"GROSCH, HRJ",1984,COMPUTER JOURNAL,,https://www.webofscience.com/wos/woscc/full-record/WOS:A1984TU79800017,duplicate-record-of-cited-source,,wos,human,0.550,human,
kept,LITERATE PROGRAMMING,"KNUTH, DE",1984,COMPUTER JOURNAL,,https://www.webofscience.com/wos/woscc/full-record/WOS:A1984ST33100001,duplicate-record-of-cited-source,,wos,human,1.000,human,
discarded,A Reproducible Review of Selected Analytical Methods in the Geosciences with R Implementations Using Simulated Data,"Haddad, Khaled; Shrestha, Surendra",2026,GEOSCIENCES,10.3390/geosciences16080339,https://www.webofscience.com/wos/woscc/full-record/WOS:001858981600001,adjacent-subtopic,"The geosciences have witnessed a rapid expansion of analytical methods, from classical linear models to geostatistics and modern machine learning. However, no single resource compares a curated selection of these methods systematically while also providing reproducible code. This reproducibility-driven review evaluates seven analytical techniques applied to three simulated geoscience datasets: spatial points, time series, and a spatio-temporal grid. Methods were selected based on their availability in R to ensure transparency and accessibility. This paper serves as a historical review, a comparative benchmarking study, and a practical teaching resource with fully reproducible R code. The methods include linear regression, ARIMAX, ordinary kriging, regression-kriging, random forest, feed-forward neural networks, and BART. For spatial prediction, when evaluated against the true field, linear regression achieved the lowest mean RMSE (1.94 +/- 0.23), followed by random forest (2.13 +/- 0.23) and ordinary kriging (2.20 +/- 0.26)-highlighting the importance of consistent out-of-sample validation. Regression-kriging performed similarly to ordinary kriging (2.22 +/- 0.26). For time series, a feed-forward neural network (0.37 +/- 0.09) substantially outperformed seasonal ARIMAX (1.90 +/- 1.30). For spatio-temporal prediction, random forest and BART performed indistinguishably (0.534 +/- 0.004 vs. 0.543 +/- 0.004). A practical decision guide, grounded in these empirical results, summarises method selection based on sample size, data type, and research goal-whether inference, prediction, or uncertainty quantification. All code is open and reproducible, providing a template for future method comparisons.",wos,llm,0.950,unreviewed,
discarded,"Statistical power in UK genetic syndrome research; evidence from studies of Down syndrome, Fragile X syndrome and Williams syndrome as model syndrome groups","Farran, Emily K.; Alexiou, Sophia; Danielsson, Henrik; Orefice, Camilla; Cristescu, Laura; Pellicano, Elizabeth; Van Herwegen, Jo; Scerif, Gaia",2026,BRITISH JOURNAL OF DEVELOPMENTAL PSYCHOLOGY,10.1111/bjdp.70065,https://www.webofscience.com/wos/woscc/full-record/WOS:001858545200001,off-topic-false-hit,"Research on genetic syndromes is vital to our understanding of how development unfolds, but the rarity of genetic syndromes can mean that studies are carried out with small sample sizes. Small sample sizes can reduce the statistical power of a study to produce reliable and replicable results. Here, we review all UK journal articles on three target genetic syndromes published from 2013 to 2022. There were 368 eligible articles. The median sample size of genetic syndrome groups was N = 30, and only 6.5% of articles reported a power analysis. Power analysis was performed on the 123 articles classed as 'Cognitive' research, as a test case. This demonstrated an average power of only 54% for a medium effect size and an alpha of 0.05. This is well below the recommended threshold of 80% power. The low power of UK genetic syndrome research has consequences for the replicability of the field due to the risk of Type II errors and reduced precision in effect size estimates, as well as implications for the communities that this research seeks to serve. We provide suggestions for researchers, journal editors and funders for improving the replicability of the field of genetic syndrome research.",wos,llm,1.000,unreviewed,
discarded,Foundation models in omics research: a comprehensive survey,"Liu, Haozhe; Cai, Wenhao; Sun, Yizheng; Liu, Haiping; Zou, Zhiyong; Zhao, Qian; Georgaka, Sokratia; Zhou, Hongpeng; Sun, Jingyuan",2026,BRIEFINGS IN BIOINFORMATICS,10.1093/bib/bbag439,https://www.webofscience.com/wos/woscc/full-record/WOS:001852906200001,off-topic-false-hit,"The rapid expansion of high-throughput omics has created molecular datasets of unprecedented scale and complexity. These data are rich in biological information yet inherently sparse and high-dimensional, often limiting the effectiveness of conventional machine learning techniques. Foundation models (FMs), built on large-scale self-supervised pretraining, offer a robust alternative by learning generalizable representations directly from raw biological data. This review systematically analyzes the emerging landscape of FMs in omics research, spanning sequence modeling, cell state characterization, and multimodal integration. We organize the current literature into three distinct paradigms-sequence-centric, cell-centric, and multi-omics-to clarify a field currently fragmented by diverse tokenization strategies and architectural choices. Beyond methodology, we evaluate the practical utility of these models in tasks ranging from biomarker discovery to perturbation response prediction. We also identify critical barriers to adoption, including high computational costs, interpretability challenges, and the lack of standardized benchmarks. To support reproducible research, we provide a curated catalog of essential datasets and evaluation frameworks. Finally, we propose a roadmap for the next generation of FMs, advocating for architectures that move beyond statistical correlation to incorporate causal reasoning, temporal dynamics, and autonomous experimental validation.",wos,llm,1.000,unreviewed,
discarded,A Rank-Ratio Bound for Pixel-Space Signal Fragility in Latent-Diffusion Autoencoders,"Behera, Mohini Mohan",2026,IEEE ACCESS,10.1109/ACCESS.2026.3717412,https://www.webofscience.com/wos/woscc/full-record/WOS:001837848500017,off-topic-false-hit,"Variational autoencoders (VAEs) in Stable-Diffusion-class latent-diffusion pipelines preserve image content while destroying most structured pixel-space perturbations. We show this is not a diffusionsampling artifact: at 256 & times;256, the deterministic VAE roundtrip alone accounts for over 90% of the damage to post-hoc pixel-space signals (e.g., invisible watermarks), independently of diffusion noising. The mechanism is differential spectral amplification-the VAE rotates high-frequency perturbation directions beyond a decoder-specific angular tolerance while preserving low-frequency content. We formalize this as a cliff criterion (theta V < theta c) and derive a closed-form rank-ratio bound, cos <= root r/n, linking failure severity to the autoencoder's latent width and input resolution. Validation across five watermark families, five autoencoders from three laboratories, ten distortion types, and five resolutions yields correct predictions across all tested cases without prediction errors in our evaluation. The multi-round bound (Proposition 3) holds strictly for independent per-round perturbations; for iterative attacks it is loose by factors of 7-1400, necessitating direct empirical measurement for multi-round prediction. As a proof-of-principle under a known target VAE, an encoder-decoder pair trained with full VAE gradient flow survives the roundtrip at payloads from 8 to 64 bits (post-VAE accuracy 0.925 +/- 0.103 at 64 bits across three independent seeds, every seed exceeding the survival threshold tau = 0.7) and resists all standard distortions evaluated (11/11 in our experiments), demonstrating that the bottleneck is addressable through signal-aware co-design. The analysis applies to any structured pixel-space signal processed through learned, low-rank image-reconstruction operators.",wos,llm,1.000,unreviewed,
discarded,A reproducible EEG hyperscanning dataset for triadic social decision-making during an iterated 3-player Prisoner's Dilemma,"Kim, H.; Jun, S. C.; Nam, C. S.",2026,DATA IN BRIEF,10.1016/j.dib.2026.113064,https://www.webofscience.com/wos/woscc/full-record/WOS:001835175300001,adjacent-subtopic,"This data article describes an open EEG hyperscanning dataset acquired during an iterated 3-player Prisoner's Dilemma (PD) task, designed to support reproducible research on triadic social decision-making. EEG was recorded simultaneously from three participants per group (11 groups; 33 subjects) using synchronized acquisition, with decision-locked and feedback-locked epochs provided for 40 task trials per subject and three 60-s resting-state runs per group. The released BIDS format contain 19-channel EEG arrays sampled at 300 Hz, with explicit epoch definitions for decision (-1000 to 4000 ms) and feedback (-1000 to 2000 ms) periods, as well as trial-wise behavioral choice labels (1 = cooperate, 2 = defect) enabling reconstruction of dyad- and triad-level outcomes. Questionnaire metadata (personal information and pre/mid/post state measures) Yare also provided as supplementary spreadsheets. To facilitate reuse and benchmarking, we release Python code that reproduces the preprocessing pipeline (average reference, FIR filtering, ICA + ICLabel for task EEG), ERP summaries, and inter-brain synchrony measures (PLV and coherence) with window-matched resting baselines and cluster-permutation statistics. The dataset is intended for method development and benchmarking in ERP analysis, inter-brain synchrony estimation, and modeling of dynamic group interaction states in triadic games. (c) 2026 Published by Elsevier Inc. This is an open access article under the CC BY license (http://creativecommons.org/licenses/by/4.0/)",wos,llm,0.940,unreviewed,
