status,title,authors,year,venue,doi,url,tags,abstract,provider,decision_source,llm_confidence,llm_review_outcome,llm_change_direction
kept,Automated parametric execution and documentation for large-scale simulations,Robert L. Kelsey; Keith Bisset; Robert B. Webster,2001,"Proceedings of SPIE, the International Society for Optical Engineering/Proceedings of SPIE",10.1117/12.440022,https://openalex.org/W2012195424,adjacent-subtopic,"A language has been created to facilitate the automatic execution of simulations for purposes of enabling parametric study and test and evaluation. Its function is similar in nature to a job-control language, but more capability is provided in that the language extends the notion of literate programming to job control. Interwoven markup tags self document and define the job control process. The language works in tandem with another language used to describe physical systems. Both languages are implemented in the Extensible Markup Language (XML). A user describes a physical system for simulation and then creates a set of instructions for automatic execution of the simulation. Support routines merge the instructions with the physical-system description, execute the simulation the specified number of times, gather the output data, and document the process and output for the user. The language enables the guided exploration of a parameter space and can be used for simulations that must determine optimal solutions to particular problems. It is generalized enough that it can be used with any simulation input files that are described using XML. XML is shown to be useful as a description language, an interchange language, and a self-documented language.",openalex,llm,0.830,unreviewed,
kept,tutorial Literate Programming,Michael Guravage; Anthony Fokkerweg,2000,,,https://openalex.org/W2181731231,supports-claim,"This article is a short introduction to the theory and practice of a programming style known as Literate Programming; a style that changes the focus of writing programs away from telling a computer what to do and toward explaining to a person what it is we are telling the computer to do. Literate Programming overcomes the limitations inherent in presenting traditionally structured program text. Using a balanced mix of informal and formal methods, literate programs are presented in a way suited for human understanding. Processing a literate program source results in both a nicely typeset document describing the parts of the program in an order that elucidates their design, and source code in an order in which it will compile.",openalex,llm,0.990,unreviewed,
kept,Literate programming (knuth),Richard Mitchell,1988,,,https://openalex.org/W63840785,origin,,openalex,llm,0.900,unreviewed,
kept,The cweb Class,Joachim Schrod,1995,,,https://openalex.org/W170135416,supports-claim,"1. CWEB is a Literate Programming tool that enables you to combine documentation and actual C or C++ code in one document. The cweb class allows you to use LaTE Xf or the documentation of your CWEB programs. Now a CWEB document is like a usual LaTE Xd ocument—as you have probably written dozens before. With all the features of LaTEX, and with all the quirks of LaTEX. Originally, CWEB was only usable with Plain TEX, as CWEAVE outputs TEX code that looks as if it were Plain TEX. Well, it isn’t—it’s just not the normal LaTEX markup. No change in CWEAVE is necessary to use LaTEX. For the sake of those CWEB programmers who have used the original markup interface (i.e., the Plain TEX macros) before, I’ll sometimes contrast the approach presented here with the original one. Then I’ll call the original interface “Plain CWEB”. The new interface is called “LaTEX CWEB”. If you never used CWEB before, you won’t find enough information in this manual. Please read the user manual of CWEB first, and then come back again. I assume a working knowledge, and will only present the new stuff introduced by this class.",openalex,llm,0.960,unreviewed,
kept,Observations on literate program structure,Guravage,2001,,,https://openalex.org/W176142397,supports-claim,,openalex,llm,0.720,unreviewed,
kept,The use of symbolic manipulation to enable the practical use of power series integrators,Timothy Jay McGuire,1992,,,https://openalex.org/W2543469128,adjacent-subtopic,"A prototype scientific programming environment for solving initial and boundary value problems in ordinary differential and integro-differential equations is presented. This environment is designed to assist scientific programmers in overcoming the semantic gap between the formulation of the mathematical model of a physical system and the code for solving that model. The environment is part of a larger view of literate programming than has been proposed and is designed to interact with WEB systems. The inputs to the environment are a standardized description of the mathematical system of differential, integro-differential, and algebraic equations. It is desired to use a power series integrator. This integrator is: (1) faster than standard Runge-Kutta or multistep integrators, (2) robust in that it works equally well with stiff and non-stiff problems, and (3) convenient and fast in solving problems with convolution integral terms.
A parser has been created to convert the standardized description into statements in a typical high level language for inclusion into a computer program. The use of these integrators has previously required significant manual algebra. The prototype system developed and reported here removes this manual requirement. Conclusions and recommendations for further study and how to use the lessons learned in this narrow study on the more general scientific programming issues are included. This research is typical of the radically different reconsiderations which may lead to better methods for the newer architectures that are becoming available for scientific computing.",openalex,llm,0.870,unreviewed,
kept,A literate programming framework for ActivePapers,Konrad Hinsen,2016,Zenodo (CERN European Organization for Nuclear Research),10.5281/zenodo.61695,https://openalex.org/W2519480340,supports-claim,"The approach taken is very simple: a literate module or calclet is simply Python code with comment sections written in Markdown. In the generated documentation, the comment sections become uncommented Markdown, and the Python code is transformed to Markdown code blocks. There are also a few commands for including text blocks, data, and images from the documentation section of an ActivePaper. For a usage example, see code/python-packages/example_module code/example_calclet code/generate_report To use this framework in your own ActivePapers, link code/python-packages/literate_python into it. Then write a calclet similar to generate_report for generating a complete documentation of your work in Markdown format. You can then use pandoc to generate documentation in other formats.",openalex,llm,0.940,unreviewed,
kept,Sweave: Dynamic Generation of Statistical Reports Using Literate Data Analysis,Friedrich Leisch,2002,COMPSTAT,10.1007/978-3-642-57489-4_89,https://openalex.org/W1520411860,supports-claim,"Sweave combines typesetting with L A T E X and data anlysis with S into integrated statistical documents. When run through R or Splus, all data analysis output (tables, graphs,…) is created on the fly and inserted into a final L A T E X document. Options control which parts of the original S code are shown to or hidden from the reader, respectively. Many S users are also L A T E X users, hence no new software has to be learned. The report can be automatically updated if data or analysis change, which allows for truly reproducible research.",openalex,llm,0.990,unreviewed,
discarded,Best practices in data analysis and sharing in neuroimaging using MRI,Thomas E. Nichols; Samir Das; Simon B. Eickhoff; Alan C. Evans; Tristan Glatard; Michael Hanke; Nikolaus Kriegeskorte; Michael P. Milham; Russell A. Poldrack; Jean‐Baptiste Poline; Erika Proal; Bertrand Thirion; David C. Van Essen; Tonya White; B.T. Thomas Yeo,2017,Nature Neuroscience,10.1038/nn.4500,https://openalex.org/W2950532129,adjacent-subtopic,"Abstract Neuroimaging enables rich noninvasive measurements of human brain activity, but translating such data into neuroscientific insights and clinical applications requires complex analyses and collaboration among a diverse array of researchers. The open science movement is reshaping scientific culture and addressing the challenges of transparency and reproducibility of research. To advance open science in neuroimaging the Organization for Human Brain Mapping created the Committee on Best Practice in Data Analysis and Sharing (COBIDAS), charged with creating a report that collects best practice recommendations from experts and the entire brain imaging community. The purpose of this work is to elaborate the principles of open and reproducible research for neuroimaging using Magnetic Resonance Imaging (MRI), and then distill these principles to specific research practices. Many elements of a study are so varied that practice cannot be prescribed, but for these areas we detail the information that must be reported to fully understand and potentially replicate a study. For other elements of a study, like statistical modelling where specific poor practices can be identified, and the emerging areas of data sharing and reproducibility, we detail both good practice and reporting standards. For each of seven areas of a study we provide tabular listing of over 100 items to help plan, execute, report and share research in the most transparent fashion. Whether for individual scientists, or for editors and reviewers, we hope these guidelines serve as a benchmark, to raise the standards of practice and reporting in neuroimaging using MRI.",openalex,llm,0.760,unreviewed,
discarded,Critical assessment of automated flow cytometry data analysis techniques,Nima Aghaeepour; Greg Finak; Holger H. Hoos; Tim R. Mosmann; Ryan R. Brinkman; Raphaël Gottardo; Richard H. Scheuermann,2013,Nature Methods,10.1038/nmeth.2365,https://openalex.org/W2112493011,off-topic-false-hit,"In this analysis, the authors directly compared the performance of flow cytometry data processing algorithms to manual gating approaches. The results offer information of practical utility about the performance of the algorithms as applied to different data sets and challenges. Traditional methods for flow cytometry (FCM) data processing rely on subjective manual gating. Recently, several groups have developed computational methods for identifying cell populations in multidimensional FCM data. The Flow Cytometry: Critical Assessment of Population Identification Methods (FlowCAP) challenges were established to compare the performance of these methods on two tasks: (i) mammalian cell population identification, to determine whether automated algorithms can reproduce expert manual gating and (ii) sample classification, to determine whether analysis pipelines can identify characteristics that correlate with external variables (such as clinical outcome). This analysis presents the results of the first FlowCAP challenges. Several methods performed well as compared to manual gating or external variables using statistical performance measures, which suggests that automated methods have reached a sufficient level of maturity and accuracy for reliable use in FCM data analysis.",openalex,llm,0.990,unreviewed,
discarded,Data-analysis strategies for image-based cell profiling,Juan Carlos Caicedo; Sam Cooper; Florian Heigwer; Scott Warchal; Peng Qiu; Csaba Molnár; Aliaksei Vasilevich; Joseph D. Barry; Harmanjit Singh Bansal; Oren Kraus; Mathias J. Wawer; Lassi Paavolainen; Markus D. Herrmann; Mohammad Hossein Rohban; Jane Hung; Holger Hennig; John Concannon; Ian C. P. Smith; Paul A. Clemons; Shantanu Singh; Paul Rees; Péter Horváth; Roger G. Linington; Anne E. Carpenter,2017,Nature Methods,10.1038/nmeth.4397,https://openalex.org/W2751625431,off-topic-false-hit,"Image-based cell profiling is a high-throughput strategy for the quantification of phenotypic differences among a variety of cell populations. It paves the way to studying biological systems on a large scale by using chemical and genetic perturbations. The general workflow for this technology involves image acquisition with high-throughput microscopy systems and subsequent image processing and analysis. Here, we introduce the steps required to create high-quality image-based (i.e., morphological) profiles from a collection of microscopy images. We recommend techniques that have proven useful in each stage of the data analysis process, on the basis of the experience of 20 laboratories worldwide that are refining their image-based cell-profiling methodologies in pursuit of biological discovery. The recommended techniques cover alternatives that may suit various biological goals, experimental designs, and laboratories' preferences.",openalex,llm,0.990,unreviewed,
kept,Madagascar: open-source software project for multidimensional data analysis and reproducible computational experiments,Sergey Fomel; Paul Sava; Ioan Vlad; Yang Liu; Vladimir Bashkardin,2013,Journal of Open Research Software,10.5334/jors.ag,https://openalex.org/W2113825554,adjacent-subtopic,"The Madagascar software package is designed for analysis of large-scale multidimensional data, such as those occurring in exploration geophysics. Madagascar provides a framework for reproducible research. By “reproducible research” we refer to the discipline of attaching software codes and data to computational results reported in publications. The package contains a collection of (a) computational modules, (b) data-processing scripts, and (c) research papers. Madagascar is distributed on SourceForge under a GPL v2 license https://sourceforge.net/projects/rsf/. By October 2013, more than 70 people from different organizations around the world have contributed to the project, with increasing year-to-year activity. The Madagascar website is http://www.ahay.org/.",openalex,llm,0.780,unreviewed,
discarded,"Reproducible research practices, transparency, and open access data in the biomedical literature, 2015–2017",Joshua D. Wallach; Kevin W. Boyack; John P. A. Ioannidis,2018,PLoS Biology,10.1371/journal.pbio.2006930,https://openalex.org/W2901231347,adjacent-subtopic,"Currently, there is a growing interest in ensuring the transparency and reproducibility of the published scientific literature. According to a previous evaluation of 441 biomedical journals articles published in 2000-2014, the biomedical literature largely lacked transparency in important dimensions. Here, we surveyed a random sample of 149 biomedical articles published between 2015 and 2017 and determined the proportion reporting sources of public and/or private funding and conflicts of interests, sharing protocols and raw data, and undergoing rigorous independent replication and reproducibility checks. We also investigated what can be learned about reproducibility and transparency indicators from open access data provided on PubMed. The majority of the 149 studies disclosed some information regarding funding (103, 69.1% [95% confidence interval, 61.0% to 76.3%]) or conflicts of interest (97, 65.1% [56.8% to 72.6%]). Among the 104 articles with empirical data in which protocols or data sharing would be pertinent, 19 (18.3% [11.6% to 27.3%]) discussed publicly available data; only one (1.0% [0.1% to 6.0%]) included a link to a full study protocol. Among the 97 articles in which replication in studies with different data would be pertinent, there were five replication efforts (5.2% [1.9% to 12.2%]). Although clinical trial identification numbers and funding details were often provided on PubMed, only two of the articles without a full text article in PubMed Central that discussed publicly available data at the full text level also contained information related to data sharing on PubMed; none had a conflicts of interest statement on PubMed. Our evaluation suggests that although there have been improvements over the last few years in certain key indicators of reproducibility and transparency, opportunities exist to improve reproducible research practices across the biomedical literature and to make features related to reproducibility more readily visible in PubMed.",openalex,llm,0.780,unreviewed,
kept,Reproducible Research with R and RStudio,Christopher Gandrud,2020,,10.1201/9780429031854,https://openalex.org/W4285706078,duplicate-record-of-cited-source,"Praise for previous editions:""Gandrud has written a great outline of how a fully reproducible research project should look from start to finish, with brief explanations of each tool that he uses along the way… Advanced undergraduate students in mathematics, statistics, and similar fields as well as students just beginning their graduate studies would benefit the most from reading this book. Many more experienced R users or second-year graduate students might find themselves thinking, ‘I wish I’d read this book at the start of my studies, when I was first learning R!’…This book could be used as the main text for a class on reproducible research …"" (The American Statistician) Reproducible Research with R and R Studio, Third Edition brings together the skills and tools needed for doing and presenting computational research. Using straightforward examples, the book takes you through an entire reproducible research workflow. This practical workflow enables you to gather and analyze data as well as dynamically present results in print and on the web. Supplementary materials and example are available on the author’s website. New to the Third Edition Updated package recommendations, examples, URLs, and removed technologies no longer in regular use. More advanced R Markdown (and less LaTeX) in discussions of markup languages and examples. Stronger focus on reproducible working directory tools. Updated discussion of cloud storage services and persistent reproducible material citation. Added discussion of Jupyter notebooks and reproducible practices in industry. Examples of data manipulation with Tidyverse tibbles (in addition to standard data frames) and pivot_longer() and pivot_wider() functions for pivoting data. Features Incorporates the most important advances that have been developed since the editions were published Describes a complete reproducible research workflow, from data gathering to the presentation of results Shows how to automatically generate tables and figures using R Includes instructions on formatting a presentation document via markup languages Discusses cloud storage and versioning services, particularly Github Explains how to use Unix-like shell programs for working with large research projects",openalex,llm,0.990,unreviewed,
discarded,"MSnbase-an R/Bioconductor package for isobaric tagged mass spectrometry data visualization, processing and quantitation",Laurent Gatto; Kathryn S. Lilley,2011,Bioinformatics,10.1093/bioinformatics/btr645,https://openalex.org/W2106839391,adjacent-subtopic,"UNLABELLED: MSnbase is an R/Bioconductor package for the analysis of quantitative proteomics experiments that use isobaric tagging. It provides an exploratory data analysis framework for reproducible research, allowing raw data import, quality control, visualization, data processing and quantitation. MSnbase allows direct integration of quantitative proteomics data with additional facilities for statistical analysis provided by the Bioconductor project. AVAILABILITY: MSnbase is implemented in R (version ≥ 2.13.0) and available at the Bioconductor web site (http://www.bioconductor.org/). Vignettes outlining typical workflows, input/output capabilities and detailing underlying infrastructure are included in the package.",openalex,llm,0.740,unreviewed,
discarded,Reproducible research and GIScience: an evaluation using AGILE conference papers,Daniel Nüst; Carlos Granell; Barbara Hofer; Markus Konkol; Frank Ostermann; Rusné Šileryté; Valentina Cerutti,2018,PeerJ,10.7717/peerj.5072,https://openalex.org/W2788397482,adjacent-subtopic,"The demand for reproducible research is on the rise in disciplines concerned with data analysis and computational methods. Therefore, we reviewed current recommendations for reproducible research and translated them into criteria for assessing the reproducibility of articles in the field of geographic information science (GIScience). Using this criteria, we assessed a sample of GIScience studies from the Association of Geographic Information Laboratories in Europe (AGILE) conference series, and we collected feedback about the assessment from the study authors. Results from the author feedback indicate that although authors support the concept of performing reproducible research, the incentives for doing this in practice are too small. Therefore, we propose concrete actions for individual researchers and the GIScience conference series to improve transparency and reproducibility. For example, to support researchers in producing reproducible work, the GIScience conference series could offer awards and paper badges, provide author guidelines for computational research, and publish articles in Open Access formats.",openalex,llm,0.820,unreviewed,
