status,title,authors,year,venue,doi,url,tags,abstract,provider,decision_source,llm_confidence,llm_review_outcome,llm_change_direction
discarded,Barriers and solutions to online learning in medical education – an integrative review,Diane O’Doherty; Marie Dromey; Justan Lougheed; Ailish Hannigan; Jason Last; Deirdre McGrath,2018,BMC Medical Education,10.1186/s12909-018-1240-0,https://openalex.org/W2805112548,off-topic-false-hit,"BACKGROUND: The aim of this study is to review the literature on known barriers and solutions that face educators when developing and implementing online learning programs for medical students and postgraduate trainees. METHODS: An integrative review was conducted over a three-month period by an inter-institutional research team. The search included ScienceDirect, Scopus, BioMedical, PubMed, Medline (EBSCO & Ovid), ERIC, LISA, EBSCO, Google Scholar, ProQuest A&I, ProQuest UK & Ireland, UL Institutional Repository (IR), UCDIR and the All Aboard Report. Search terms included online learning, medical educators, development, barriers, solutions and digital literacy. The search was carried out by two reviewers. Titles and abstracts were screened independently and reviewed with inclusion/exclusion criteria. A consensus was drawn on which articles were included. Data appraisal was performed using the Critical Appraisal Skills Programme (CASP) Qualitative Research Checklist and NHMRC Appraisal Evidence Matrix. Data extraction was completed using the Cochrane Data Extraction Form and a modified extraction tool. RESULTS: Of the 3101 abstracts identified from the search, ten full-text papers met the inclusion criteria. Data extraction was completed on seven papers of high methodological quality and on three lower quality papers. Findings suggest that the key barriers which affect the development and implementation of online learning in medical education include time constraints, poor technical skills, inadequate infrastructure, absence of institutional strategies and support and negative attitudes of all involved. Solutions to these include improved educator skills, incentives and reward for the time involved with development and delivery of online content, improved institutional strategies and support and positive attitude amongst all those involved in the development and delivery of online content. CONCLUSION: This review has identified barriers and solutions amongst medical educators to the implementation of online learning in medical education. Results can be used to inform institutional and educator practice in the development of further online learning.","openalex, wos, scopus",llm,0.980,unreviewed,
discarded,Intertextuality: Interpretive practice and textual strategy,Brian L. Ott; Cameron Kenneth Walter,2000,Critical Studies in Media Communication,10.1080/15295030009388412,https://openalex.org/W1994001296,off-topic-false-hit,"In contemporary media scholarship, the concept of intertextuality is used to describe both an interpretive practice of audiences and a stylistic device consciously employed by producers of media. This study examines how the frequent, scholarly conflation of these two conceptions has weakened the theoretical usefulness of both perspectives. Turning to the view of intertextuality as stylistic device, the essay identifies parodic allusion, creative appropriation, and self‐reflexive reference as three distinct intertextual strategies. It concludes by considering the ways audiences use these devices to define their identities and order their experiences.","openalex, wos, scopus",llm,0.970,unreviewed,
discarded,Creating design knowledge: from research into practice,Ken Friedman,2001,Loughborough University Institutional Repository (Loughborough University),10.25916/sut.26253722,https://openalex.org/W2109711970,off-topic-false-hit,"Design knowledge involves many questions. Some of these questions are the fundamental ontological and epistemological questions that are fundamental to any field. In design, we have only recently begun to ask them. [Introduction]","openalex, wos, scopus",llm,0.960,unreviewed,
discarded,Effectiveness of using AI-powered microsoft search progress for enhancing information literacy in research tasks,Jose J.,2026,Discover Artificial Intelligence,10.1007/s44163-025-00786-9,https://www.scopus.com/inward/record.uri?partnerID=HzOxMe3b&scp=105033542990&origin=inward,off-topic-false-hit,"The plethora of internet sources today can overwhelm even tech-savvy learners, making it hard to determine information reliability. Consequently, information literacy is paramount for learners to identify reliable sources and information, comprehending, creating and organizing, and using information as research is a time-consuming process. To address this, amid limited empirical evidence on AI-enhanced tools in non-Western contexts, Microsoft introduced Artificial Intelligence powered Search Progress in February 2023, which, educators at the University of Technology and Applied Sciences, AlMusannah, have been exploiting to promote learners’ information literacy in research. An explorative mixed methodological study, therefore, examined foundation level learners’ (N = 205; 97 males and 108 females) perceptions Microsoft Search Progress effectiveness for a Project and Presentation course based on principles of constructivism, connectivism and Technology Acceptance Model (TAM) and Technology, Pedagogy, Content Knowledge. A 5- point Likert scale survey questionnaire was used to collect quantitative data, and an open-ended question was used to collect qualitative data to gain deeper insights. The quantitative data were analyzed using descriptive and inferential statistics and triangulated with qualitative data findings, which was analyzed using the framework method for interpretation. Findings demonstrated moderate positive perceptions (M = 3.4–3.6) but trivial affirmative TAM correlations (r = 0.00–0.19, p < 0.5), contrasting conventional theory. Importantly, information literacy correlated negatively with perceived ease of use (r = − 0.91, p = 0.03), revealing “expert contradiction, while gender variation was statically significant (p < 0.001). The study suggests a TAM-AI framework integrating algorithmic transparency, illustrating AI platforms need adapted acceptance models. Future research should corroborate this framework and research educational strategies for advancing integrated AI-information literacy skills.","openalex, wos, scopus",llm,0.990,unreviewed,
discarded,"Digital Geographies—Theory, Space, and Communities: A Machine-Generated Literature Review",Shaban A.,2025,Digital Geographiestheory Space and Communities A Machine Generated Literature Review,10.1007/978-981-97-4734-4,https://www.scopus.com/inward/record.uri?partnerID=HzOxMe3b&scp=105015684943&origin=inward,off-topic-false-hit,This machine-generated volume showcases how digital technologies are having deep transformative impacts on geographies and temporalities,"openalex, wos, scopus",llm,0.950,unreviewed,
discarded,Transformational Leadership Styles for Global Leaders: Management and Communication Strategies,Roache D.A.M.,2023,Transformational Leadership Styles for Global Leaders Management and Communication Strategies,10.4018/979-8-3693-1380-0,https://www.scopus.com/inward/record.uri?partnerID=HzOxMe3b&scp=85175667493&origin=inward,off-topic-false-hit,"""The impact of transformational leadership styles, management strategies, and communication for organizational effectiveness and employee performance within organizations cannot be overemphasized. Leadership as a concept has evolved over the years based on situations, practices, and change management approaches in organizations. The evolution of transformational leadership in organizations is imperative to examine in order to motivate and encourage others to collectively support and work to achieve organizational effectiveness, or vision and mission. Leadership needs a paradigm shift to influence opportunities and challenges in organizations such as organizational behavior, motivation, communication, and management functions. Transformational leadership styles, management strategies, and communication for global leaders aims to provide relevant theoretical, conceptual, and procedural frameworks and the latest empirical research findings that critically examine the areas of leadership, leadership styles, management studies, and communication for leaders globally. It is ideal for multi-sectoral interests in business and educational organizations, chief executive officers, executive members, team leaders, industry leaders, human resource directors and personnel, leadership and management, and practitioners.""--","openalex, wos, scopus",llm,0.990,unreviewed,
discarded,Public Acceptability of Congestion Charging in China,Qiyang L.,2022,Public Acceptability of Congestion Charging in China,10.1007/978-981-19-0236-9,https://www.scopus.com/inward/record.uri?partnerID=HzOxMe3b&scp=85160152645&origin=inward,off-topic-false-hit,,"openalex, wos, scopus",llm,0.990,unreviewed,
discarded,Research Anthology on Improving Health Literacy Through Patient Communication and Mass Media,,2021,Research Anthology on Improving Health Literacy Through Patient Communication and Mass Media,10.4018/978-1-6684-2414-8,https://www.scopus.com/inward/record.uri?partnerID=HzOxMe3b&scp=85127663012&origin=inward,off-topic-false-hit,"""This book provides an overview of the importance of health literacy and the various means to achieve health literacy for patients using several strategies and elements such as patient communication and mass media and covers health awareness challenges that have been faced recently and historically and pushes for better patient-provider communication""--","openalex, wos, scopus",llm,0.990,unreviewed,
discarded,Routledge Encyclopedia of Translation Studies,Baker M.,2019,Routledge Encyclopedia of Translation Studies,10.4324/9781315678627,https://www.scopus.com/inward/record.uri?partnerID=HzOxMe3b&scp=105028382845&origin=inward,off-topic-false-hit,"Book file PDF easily for everyone and every device. You can download and read online Routledge Encyclopedia of Translation Studies file PDF Book only if you are registered here. And also you can download or read online all Book PDF file that related with Routledge Encyclopedia of Translation Studies book. Happy reading Routledge Encyclopedia of Translation Studies Bookeveryone. Download file Free Book PDF Routledge Encyclopedia of Translation Studies at Complete PDF Library. This Book have some digital formats such us :paperbook, ebook, kindle, epub, fb2 and another formats. Here is The Complete PDF Book Library. It's free to register here to get Book file PDF Routledge Encyclopedia of Translation Studies.","openalex, wos, scopus",llm,0.980,unreviewed,
discarded,Human and mediated communication around the world: A comprehensive review and analysis,De Mooij M.,2014,Human and Mediated Communication Around the World A Comprehensive Review and Analysis,10.1007/978-3-319-01249-0,https://www.scopus.com/inward/record.uri?partnerID=HzOxMe3b&scp=84930156491&origin=inward,off-topic-false-hit,,"openalex, wos, scopus",llm,0.970,unreviewed,
discarded,Handbook of information science,Stock W.G.,2013,Handbook of Information Science,,https://www.scopus.com/inward/record.uri?partnerID=HzOxMe3b&scp=84983398212&origin=inward,off-topic-false-hit,,"openalex, wos, scopus",llm,0.960,unreviewed,
discarded,21st century education: A reference handbook,Good T.L.,2008,21st Century Education A Reference Handbook,,https://www.scopus.com/inward/record.uri?partnerID=HzOxMe3b&scp=84950278075&origin=inward,off-topic-false-hit,,"openalex, wos, scopus",llm,0.970,unreviewed,
discarded,21st century sociology: A reference handbook,Bryant C.D.,2007,21st Century Sociology A Reference Handbook,10.4135/9781412939645,https://www.scopus.com/inward/record.uri?partnerID=HzOxMe3b&scp=84950237851&origin=inward,off-topic-false-hit,,"openalex, wos, scopus",llm,0.970,unreviewed,
discarded,The case for case studies of programming problems,Marcia C. Linn; Michael Clancy,1992,Communications of the ACM,10.1145/131295.131301,https://openalex.org/W2098307754,adjacent-subtopic,"article Free Access Share on The case for case studies of programming problems Authors: Marcia C. Linn School of Education, 4611 Tolman School of Education, 4611 TolmanView Profile , Michael J. Clancy EECS/Computer Science, 545 Evans Hall, at the University of California, Berkeley, CA EECS/Computer Science, 545 Evans Hall, at the University of California, Berkeley, CAView Profile Authors Info & Claims Communications of the ACMVolume 35Issue 3March 1992 pp 121–132https://doi.org/10.1145/131295.131301Published:01 March 1992Publication History 220citation2,000DownloadsMetricsTotal Citations220Total Downloads2,000Last 12 Months270Last 6 weeks83 Get Citation AlertsNew Citation Alert added!This alert has been successfully added and will be sent to:You will be notified whenever a record that you have chosen has been cited.To manage your alert preferences, click on the button below.Manage my Alerts New Citation Alert!Please log in to your account Save to BinderSave to BinderCreate a New BinderNameCancelCreateExport CitationPublisher SiteeReaderPDF","openalex, scopus",llm,0.880,unreviewed,
discarded,"Journalism, Poetry, Stand-Up Comedy, and Academic Literacy: Mapping the Interplay of Curricular and Extracurricular Literate Activities",Kevin Roozen,2008,Journal of Basic Writing,10.37514/jbw-j.2008.27.1.02,https://openalex.org/W2992266687,off-topic-false-hit,"Composition in a New Key,"" Kathleen Blake Yancey argues for the importance of attending to the self-sponsored writing that populates what Anne Gere refers to as ""composition's extracurriculum"" (79), those spaces outside of school where writing plays a major role.Yancey's call to bring together ""the writing outside of school and that inside"" (308) signals a growing awareness that coming to terms with the complexity of undergraduates' growth as writers has increasingly meant attending to the writing students do beyond the temporal and spatial boundaries of the classroom.It likewise points to the Journalism, Poetry, Stand-up","openalex, scopus",llm,0.990,unreviewed,
discarded,,Miltiadis Allamanis; Earl T. Barr; Prémkumar Dévanbu; Charles Sutton,,Edinburgh Research Explorer (University of Edinburgh),,https://openalex.org/W2963935794,adjacent-subtopic,"Research at the intersection of machine learning, programming languages, and software engineering has recently taken important steps in proposing learnable probabilistic models of source code that exploit the abundance of patterns of code. In this article, we survey this work. We contrast programming languages against natural languages and discuss how these similarities and differences drive the design of probabilistic models. We present a taxonomy based on the underlying design principles of each model and use it to navigate the literature. Then, we review how researchers have adapted these models to application areas and discuss cross-cutting and application-specific challenges and opportunities.","openalex, scopus",llm,0.930,unreviewed,
discarded,Is prosodic reading a strategy for comprehension?,David D. Paige; William H. Rupley; Grant S. Smith; Timothy V. Rasinski; William J. Nichols; Theresa Magpuri‐Lavell,2017,Pedocs (German Institute for International Educational Research),10.25656/01:14951,https://openalex.org/W2749481515,off-topic-false-hit,"Emerging research on reading prosody, an indicator of fluent reading, is finding that it contributes to comprehension processing in students across elementary, middle, and secondary grades. In this study we measure the growth of reading prosody and comprehension of 250 first-, second-, and third-grade readers across the school year using the Multidimensional Fluency Scale (MDFS; Zutell & Rasinski, 1991). Our results show that students gradually improve their reading prosody and reach asymptote with grade-level text by the end of second-grade. We found that reading rate was not a significant predictor of comprehension while word identification accuracy and prosody accounted for 64.9% of unique variance in reading comprehension. Using both a three-step (Baron & Kenny, 1986) and bootstrap resampling approach to mediation analysis (Preacher & Hayes, 2004; Preacher & Kelly, 2011), we found that prosody exerts a significant mediating effect on the relationship between automaticity and comprehension. Additional analysis revealed that a reader’s ability to accurately read connected text with appropriate pacing emerges more quickly than does expressive reading and phrasing. Finally, we use the Implicit Prosody Hypothesis (Fodor, 2002) to advance the notion that prosodic readers may leverage reading prosody as a problem-solving tool to interpret ambiguous text, and thus increase reading comprehension. (DIPF/Orig.)","openalex, scopus",llm,0.990,unreviewed,
discarded,Program Alternatives for Linguistically Diverse Students,Fred Genesee,1999,eScholarship (California Digital Library),,https://openalex.org/W1830568616,off-topic-false-hit,"This report looks at programs and approaches for educating students from diverse linguistic and cultural backgrounds. It is intended as a guide for decision makers in schools and school districts to help them identify the instructional approaches and programs that would best serve their students, meet their goals and needs, and match local resources and conditions. An underlying assumption of this report is that no single approach or program model works best in every situation. Many different approaches can be successful when implemented well. Local conditions, choices, and innovation are critical ingredients of success.We discuss four program alternatives that are currently available to meet the diverse and complex needs of English language learners: (1) newcomer programs, (2) transitional bilingual education, (3) developmental bilingual education, and (4) two-way immersion. We also discuss an instructional approach that can be used with all students learning through the medium of a second language regardless of the type of program they are in. This approach is called sheltered instruction. Sheltered instruction can be implemented in conjunction with the other program alternatives discussed in this report, or it can be implemented as the sole approach for educating English language learners.We also discuss foreign/second language immersion, which is designed for native-English-speaking students from the mainstream culture who want to acquire advanced proficiency in another language. Immersion programs also provide a viable option for educating indigenous language groups who have lost their heritage language. They are not intended, however, for English language learners; results from immersion programs should not be used to argue against first language instruction for these students.Virtually all schools in America are being called upon to provide educational services for linguistically and culturally diverse students. It is imperative for the well-being of these students, their communities, and the nation that they receive the best education possible. In this report, we describe educational alternatives that work.","openalex, scopus",llm,0.990,unreviewed,
