status,title,authors,year,venue,doi,url,tags,abstract,provider,decision_source,llm_confidence,llm_review_outcome,llm_change_direction
discarded,"LAMMPS - a flexible simulation tool for particle-based materials modeling at the atomic, meso, and continuum scales",Aidan P. Thompson; Hasan Metin Aktulga; Richard A. Berger; Dan Bolintineanu; William M. Brown; Paul Crozier; Pieter J. in ’t Veld; Axel Kohlmeyer; Stan Moore; Trung Dac Nguyen; Ray Shan; Mark J. Stevens; Julien Tranchida; Christian Robert Trott; Steven J. Plimpton,2021,Computer Physics Communications,10.1016/j.cpc.2021.108171,https://openalex.org/W3201073812,off-topic-false-hit,"Since the classical molecular dynamics simulator LAMMPS was released as an open source code in 2004, it has become a widely-used tool for particle-based modeling of materials at length scales ranging from atomic to mesoscale to continuum. Reasons for its popularity are that it provides a wide variety of particle interaction models for different materials, that it runs on any platform from a single CPU core to the largest supercomputers with accelerators, and that it gives users control over simulation details, either via the input script or by adding code for new interatomic potentials, constraints, diagnostics, or other features needed for their models. As a result, hundreds of people have contributed new capabilities to LAMMPS and it has grown from fifty thousand lines of code in 2004 to a million lines today. In this paper several of the fundamental algorithms used in LAMMPS are described along with the design strategies which have made it flexible for both users and developers. We also highlight some capabilities recently added to the code which were enabled by this flexibility, including dynamic load balancing, on-the-fly visualization, magnetic spin dynamics models, and quantum-accuracy machine learning interatomic potentials. Program Title: Large-scale Atomic/Molecular Massively Parallel Simulator (LAMMPS) CPC Library link to program files: https://doi.org/10.17632/cxbxs9btsv.1 Developer's repository link: https://github.com/lammps/lammps Licensing provisions: GPLv2 Programming language: C++, Python, C, Fortran Supplementary material: https://www.lammps.org Nature of problem: Many science applications in physics, chemistry, materials science, and related fields require parallel, scalable, and efficient generation of long, stable classical particle dynamics trajectories. Within this common problem definition, there lies a great diversity of use cases, distinguished by different particle interaction models, external constraints, as well as timescales and lengthscales ranging from atomic to mesoscale to macroscopic. Solution method: The LAMMPS code uses parallel spatial decomposition, distributed neighbor lists, and parallel FFTs for long-range Coulombic interactions [1]. The time integration algorithm is based on the Størmer-Verlet symplectic integrator [2], which provides better stability than higher-order non-symplectic methods. In addition, LAMMPS supports a wide range of interatomic potentials, constraints, diagnostics, software interfaces, and pre- and post-processing features. Additional comments including restrictions and unusual features: This paper serves as the definitive reference for the LAMMPS code. S. Plimpton, Fast parallel algorithms for short-range molecular dynamics. J. Comp. Phys. 117 (1995) 1–19. L. Verlet, Computer experiments on classical fluids: I. Thermodynamical properties of Lennard–Jones molecules, Phys. Rev. 159 (1967) 98–103.",openalex,llm,0.960,unreviewed,
discarded,The Generic Mapping Tools Version 6,Paul Wessel; Joaquim Luís; Leonardo Uieda; Remko Scharroo; Florian Wobbe; Walter H. F. Smith; Dongdong Tian,2019,Geochemistry Geophysics Geosystems,10.1029/2019gc008515,https://openalex.org/W2972175553,off-topic-false-hit,"Abstract The Generic Mapping Tools (GMT) software is ubiquitous in the Earth and ocean sciences. As a cross‐platform tool producing high‐quality maps and figures, it is used by tens of thousands of scientists around the world. The basic syntax of GMT scripts has evolved very slowly since the 1990s, despite the fact that GMT is generally perceived to have a steep learning curve with many pitfalls for beginners and experienced users alike. Reducing these pitfalls means changing the interface, which would break compatibility with thousands of existing scripts. With the latest GMT version 6, we solve this conundrum by introducing a new “modern mode” to complement the interface used in previous versions, which GMT 6 now calls “classic mode.” GMT 6 defaults to classic mode and thus is a recommended upgrade for all GMT 5 users. Nonetheless, new users should take advantage of modern mode to make shorter scripts, quickly access commonly used global data sets, and take full advantage of the new tools to draw subplots, place insets, and create animations.",openalex,llm,0.940,unreviewed,
discarded,MDAnalysis: A Python Package for the Rapid Analysis of Molecular Dynamics Simulations,Richard Gowers; Max Linke; Jonathan Barnoud; Tyler Reddy; Manuel N. Melo; Sean L. Seyler; Jan Domański; David Dotson; Sébastien Buchoux; Ian M. Kenney; Oliver Beckstein,2016,Proceedings of the Python in Science Conferences,10.25080/majora-629e541a-00e,https://openalex.org/W2510475640,adjacent-subtopic,"MDAnalysis (http://mdanalysis.org) is a library for structural and temporal analysis of molecular dynamics (MD) simulation trajectories and individual protein structures. MD simulations of biological molecules have become an important tool to elucidate the relationship between molecular structure and physiological function. Simulations are performed with highly optimized software packages on HPC resources but most codes generate output trajectories in their own formats so that the development of new trajectory analysis algorithms is confined to specific user communities and widespread adoption and further development is delayed. MDAnalysis addresses this problem by abstracting access to the raw simulation data and presenting a uniform object-oriented Python interface to the user. It thus enables users to rapidly write code that is portable and immediately usable in virtually all biomolecular simulation communities. The user interface and modular design work equally well in complex scripted work flows, as foundations for other packages, and for interactive and rapid prototyping work in IPython / Jupyter notebooks, especially together with molecular visualization provided by nglview and time series analysis with pandas. MDAnalysis is written in Python and Cython and uses NumPy arrays for easy interoperability with the wider scientific Python ecosystem. It is widely used and forms the foundation for more specialized biomolecular simulation tools.",openalex,llm,0.820,unreviewed,
discarded,BlobToolKit – Interactive Quality Assessment of Genome Assemblies,Richard Challis; E. G. Richards; Jeena Rajan; Guy Cochrane; Mark Blaxter,2020,G3 Genes Genomes Genetics,10.1534/g3.119.400908,https://openalex.org/W3007075333,adjacent-subtopic,"Reconstruction of target genomes from sequence data produced by instruments that are agnostic as to the species-of-origin may be confounded by contaminant DNA. Whether introduced during sample processing or through co-extraction alongside the target DNA, if insufficient care is taken during the assembly process, the final assembled genome may be a mixture of data from several species. Such assemblies can confound sequence-based biological inference and, when deposited in public databases, may be included in downstream analyses by users unaware of underlying problems. We present BlobToolKit, a software suite to aid researchers in identifying and isolating non-target data in draft and publicly available genome assemblies. BlobToolKit can be used to process assembly, read and analysis files for fully reproducible interactive exploration in the browser-based Viewer. BlobToolKit can be used during assembly to filter non-target DNA, helping researchers produce assemblies with high biological credibility. We have been running an automated BlobToolKit pipeline on eukaryotic assemblies publicly available in the International Nucleotide Sequence Data Collaboration and are making the results available through a public instance of the Viewer at https://blobtoolkit.genomehubs.org/view We aim to complete analysis of all publicly available genomes and then maintain currency with the flow of new genomes. We have worked to embed these views into the presentation of genome assemblies at the European Nucleotide Archive, providing an indication of assembly quality alongside the public record with links out to allow full exploration in the Viewer.",openalex,llm,0.760,unreviewed,
kept,ipyrad: Interactive assembly and analysis of RADseq datasets,Deren A. R. Eaton; Isaac Overcast,2019,Bioinformatics,10.1093/bioinformatics/btz966,https://openalex.org/W2999357634,adjacent-subtopic,"SUMMARY: ipyrad is a free and open source tool for assembling and analyzing restriction site-associated DNA sequence datasets using de novo and/or reference-based approaches. It is designed to be massively scalable to hundreds of taxa and thousands of samples, and can be efficiently parallelized on high performance computing clusters. It is available both as a command line interface and as a Python package with an application programming interface, the latter of which can be used interactively to write complex, reproducible scripts and implement a suite of downstream analysis tools. AVAILABILITY AND IMPLEMENTATION: ipyrad is a free and open source program written in Python. Source code is available from the GitHub repository (https://github.com/dereneaton/ipyrad/), and Linux and MacOS installs are distributed through the conda package manager. Complete documentation, including numerous tutorials, and Jupyter notebooks demonstrating example assemblies and applications of downstream analysis tools are available online: https://ipyrad.readthedocs.io/.",openalex,llm,0.670,unreviewed,
kept,Exploration and Explanation in Computational Notebooks,Adam Rule; Aurélien Tabard; James D. Hollan,2018,,10.1145/3173574.3173606,https://openalex.org/W2784241156,qualifies-claim,"Computational notebooks combine code, visualizations, and text in a single document. Researchers, data analysts, and even journalists are rapidly adopting this new medium. We present three studies of how they are using notebooks to document and share exploratory data analyses. In the first, we analyzed over 1 million computational notebooks on GitHub, finding that one in four had no explanatory text but consisted entirely of visualizations or code. In a second study, we examined over 200 academic computational notebooks, finding that although the vast majority described methods, only a minority discussed reasoning or results. In a third study, we interviewed 15 academic data analysts, finding that most considered computational notebooks personal, exploratory, and messy. Importantly, they typically used other media to share analyses. These studies demonstrate a tension between exploration and explanation in constructing and sharing computational notebooks. We conclude with opportunities to encourage explanation in computational media without hindering exploration.",openalex,llm,0.960,unreviewed,
discarded,UMI-tools: modeling sequencing errors in Unique Molecular Identifiers to improve quantification accuracy,Tom Smith; Andreas Heger; Ian Sudbery,2017,Genome Research,10.1101/gr.209601.116,https://openalex.org/W2952109315,off-topic-false-hit,"Unique Molecular Identifiers (UMIs) are random oligonucleotide barcodes that are increasingly used in high-throughput sequencing experiments. Through a UMI, identical copies arising from distinct molecules can be distinguished from those arising through PCR amplification of the same molecule. However, bioinformatic methods to leverage the information from UMIs have yet to be formalized. In particular, sequencing errors in the UMI sequence are often ignored or else resolved in an ad hoc manner. We show that errors in the UMI sequence are common and introduce network-based methods to account for these errors when identifying PCR duplicates. Using these methods, we demonstrate improved quantification accuracy both under simulated conditions and real iCLIP and single-cell RNA-seq data sets. Reproducibility between iCLIP replicates and single-cell RNA-seq clustering are both improved using our proposed network-based method, demonstrating the value of properly accounting for errors in UMIs. These methods are implemented in the open source UMI-tools software package.",openalex,llm,0.950,unreviewed,
kept,Why Jupyter is data scientists’ computational notebook of choice,Jeffrey M. Perkel,2018,Nature,10.1038/d41586-018-07196-1,https://openalex.org/W2898671507,established; supports-claim,,openalex,llm,0.880,unreviewed,
kept,Using the Jupyter Notebook as a Tool for Open Science: An Empirical Study,Bernadette M. Randles; Irene V. Pasquetto; Milena S. Golshan; Christine L. Borgman,2017,,10.1109/jcdl.2017.7991618,https://openalex.org/W2740279402,supports-claim,"As scientific work becomes more computational and data-intensive, research processes and results become more difficult to interpret and reproduce. In this poster, we show how the Jupyter notebook, a tool originally designed as a free version of Mathematica notebooks, has evolved to become a robust tool for scientists to share code, associated computation, and documentation.",openalex,llm,0.900,unreviewed,
kept,Understanding and improving the quality and reproducibility of Jupyter notebooks,João Felipe Pimentel; Leonardo Murta; Vanessa Braganholo; Juliana Freire,2021,Empirical Software Engineering,10.1007/s10664-021-09961-9,https://openalex.org/W3160344069,qualifies-claim,,openalex,llm,0.970,unreviewed,
discarded,RESCRIPt: Reproducible sequence taxonomy reference database management,Michael S. Robeson; Devon O’Rourke; Benjamin D. Kaehler; Michał Ziemski; Matthew R. Dillon; Jeffrey T. Foster; Nicholas A. Bokulich,2021,PLoS Computational Biology,10.1371/journal.pcbi.1009581,https://openalex.org/W3213732104,adjacent-subtopic,"Nucleotide sequence and taxonomy reference databases are critical resources for widespread applications including marker-gene and metagenome sequencing for microbiome analysis, diet metabarcoding, and environmental DNA (eDNA) surveys. Reproducibly generating, managing, using, and evaluating nucleotide sequence and taxonomy reference databases creates a significant bottleneck for researchers aiming to generate custom sequence databases. Furthermore, database composition drastically influences results, and lack of standardization limits cross-study comparisons. To address these challenges, we developed RESCRIPt, a Python 3 software package and QIIME 2 plugin for reproducible generation and management of reference sequence taxonomy databases, including dedicated functions that streamline creating databases from popular sources, and functions for evaluating, comparing, and interactively exploring qualitative and quantitative characteristics across reference databases. To highlight the breadth and capabilities of RESCRIPt, we provide several examples for working with popular databases for microbiome profiling (SILVA, Greengenes, NCBI-RefSeq, GTDB), eDNA and diet metabarcoding surveys (BOLD, GenBank), as well as for genome comparison. We show that bigger is not always better, and reference databases with standardized taxonomies and those that focus on type strains have quantitative advantages, though may not be appropriate for all use cases. Most databases appear to benefit from some curation (quality filtering), though sequence clustering appears detrimental to database quality. Finally, we demonstrate the breadth and extensibility of RESCRIPt for reproducible workflows with a comparison of global hepatitis genomes. RESCRIPt provides tools to democratize the process of reference database acquisition and management, enabling researchers to reproducibly and transparently create reference materials for diverse research applications. RESCRIPt is released under a permissive BSD-3 license at https://github.com/bokulich-lab/RESCRIPt.",openalex,llm,0.740,unreviewed,
discarded,ImageJ2: ImageJ for the next generation of scientific image data,Curtis Rueden; Johannes Schindelin; Mark Hiner; Barry E. DeZonia; Alison E. Walter; Ellen T. Arena; Kevin W. Eliceiri,2017,BMC Bioinformatics,10.1186/s12859-017-1934-z,https://openalex.org/W2580035316,off-topic-false-hit,"BACKGROUND: ImageJ is an image analysis program extensively used in the biological sciences and beyond. Due to its ease of use, recordable macro language, and extensible plug-in architecture, ImageJ enjoys contributions from non-programmers, amateur programmers, and professional developers alike. Enabling such a diversity of contributors has resulted in a large community that spans the biological and physical sciences. However, a rapidly growing user base, diverging plugin suites, and technical limitations have revealed a clear need for a concerted software engineering effort to support emerging imaging paradigms, to ensure the software's ability to handle the requirements of modern science. RESULTS: We rewrote the entire ImageJ codebase, engineering a redesigned plugin mechanism intended to facilitate extensibility at every level, with the goal of creating a more powerful tool that continues to serve the existing community while addressing a wider range of scientific requirements. This next-generation ImageJ, called ""ImageJ2"" in places where the distinction matters, provides a host of new functionality. It separates concerns, fully decoupling the data model from the user interface. It emphasizes integration with external applications to maximize interoperability. Its robust new plugin framework allows everything from image formats, to scripting languages, to visualization to be extended by the community. The redesigned data model supports arbitrarily large, N-dimensional datasets, which are increasingly common in modern image acquisition. Despite the scope of these changes, backwards compatibility is maintained such that this new functionality can be seamlessly integrated with the classic ImageJ interface, allowing users and developers to migrate to these new methods at their own pace. CONCLUSIONS: Scientific imaging benefits from open-source programs that advance new method development and deployment to a diverse audience. ImageJ has continuously evolved with this idea in mind; however, new and emerging scientific requirements have posed corresponding challenges for ImageJ's development. The described improvements provide a framework engineered for flexibility, intended to support these requirements as well as accommodate future needs. Future efforts will focus on implementing new algorithms in this framework and expanding collaborations with other popular scientific software suites.",openalex,llm,0.920,unreviewed,
discarded,Scanning the horizon: towards transparent and reproducible neuroimaging research,Russell A. Poldrack; Chris I. Baker; Joke Durnez; Krzysztof J. Gorgolewski; Paul M. Matthews; Marcus R. Munafò; Thomas E. Nichols; Jean‐Baptiste Poline; Edward Vul; Tal Yarkoni,2017,Nature reviews. Neuroscience,10.1038/nrn.2016.167,https://openalex.org/W2571093196,adjacent-subtopic,"Functional neuroimaging techniques have transformed our ability to probe the neurobiological basis of behaviour and are increasingly being applied by the wider neuroscience community. However, concerns have recently been raised that the conclusions that are drawn from some human neuroimaging studies are either spurious or not generalizable. Problems such as low statistical power, flexibility in data analysis, software errors and a lack of direct replication apply to many fields, but perhaps particularly to functional MRI. Here, we discuss these problems, outline current and suggested best practices, and describe how we think the field should evolve to produce the most meaningful and reliable answers to neuroscientific questions.",openalex,llm,0.780,unreviewed,
discarded,Wiley Interdisciplinary Reviews: Computational Molecular Science,,2011,Wiley Interdisciplinary Reviews Computational Molecular Science,10.1111/(issn)1759-0884,https://openalex.org/W4253191544,adjacent-subtopic,"AQME is an open-source Python package to automate the development of workflows with sequential and heterogeneous computational chemistry tasks, such as conformer generation with molecular mechanics, geometry refinement with a neural network potential, and ensemble property prediction with QM calculations. The workflows are customizable, reproducible, and transparent, and several ready-to-use Jupyter Notebooks and bash scripts for HPC environments are provided with video tutorials.",openalex,llm,0.630,unreviewed,
