status,title,authors,year,venue,doi,url,tags,abstract,provider,decision_source,llm_confidence,llm_review_outcome,llm_change_direction
discarded,Enhancing program readability and comprehensibility with tools for program visualization,R. Baecker,1988,Proceedings. [1989] 11th International Conference on Software Engineering,10.1109/ICSE.1988.93716,https://ieeexplore.ieee.org/document/93716/,adjacent-subtopic,"To make computer programs for comprehensible, the presentation of program source text, program documentation, and program execution needs to be enhanced. A number of techniques and tools developed to achieve these ends are described. One of these is a design for the effective presentation of source text in the C programming language using high-quality digital typography; a processor which implements the design is also given. Some experimental evidence is summarized to demonstrate that the resulting source text presentation is significantly more readable and comprehensible than the presentation conventionally used today. Brief descriptions are given of two other techniques, the development of a system of structured program documentation incorporating both text and graphics and the portrayal of program execution with colored computer animation.<>",ieee,llm,0.840,unreviewed,
discarded,More versatile scientific documents,R.J. Fateman,1997,Proceedings of the Fourth International Conference on Document Analysis and Recognition,10.1109/ICDAR.1997.620680,https://ieeexplore.ieee.org/document/620680/,adjacent-subtopic,"The electronic representation of scientific documents (journals, technical reports, program documentation, laboratory notebooks, etc.) presents challenges in several distinct communities. We see five distinct groups who are concerned with electronic versions of scientific documents: (1) publishers of journals, texts and reference works, and their authors; (2) software publishers for OCR/document analysis and document formatting; (3) software publishers whose products access ""contents semantics"" from documents, including library keyword search programs, natural language search programs, database systems, visual presentation systems, mathematical computation systems, etc.; (4) institutions maintaining access to electronic libraries, which must be broadly construed to include data and programs of all sorts; and (5) individuals and programs acting as their agents who need to use these libraries to identify, locate and retrieve relevant documents. It would be good to have a convergence in design and standards for encoding new or pre-existing (typically paper-based) documents in order to meet the needs of all these groups. Various efforts, some loosely coordinated, but just as often competing, are trying to set standards and build tools. This paper discusses where we are headed.",ieee,llm,0.900,unreviewed,
kept,A literate programming design language,M. Brown; D. Cordes,1990,COMPEURO'90: Proceedings of the 1990 IEEE International Conference on Computer Systems and Software Engineering - Systems Engineering Aspects of Complex Computerized Systems,10.1109/CMPEUR.1990.113677,https://ieeexplore.ieee.org/document/113677/,supports-claim,"A literate programming paradigm that provides an environment suitable for documenting and organizing the low-level design of a system is presented. It is shown that a literate program design language (PDL) strengthens the bridge design and implementation activities since the documentation generated during the design phase can be used directly as a shell for program construction. In this type of language, module names and program constructs appear as labeled modules which can be directly expanded into their equivalent code.<>",ieee,llm,0.900,unreviewed,
kept,The literate-programming paradigm,D. Cordes; M. Brown,1991,Computer,10.1109/2.86838,https://ieeexplore.ieee.org/document/86838/,qualifies-claim,"Literate programming, a technique for coding software systems that promotes readability and comprehension, is examined in detail. The current literate-programming paradigm is reviewed by looking at two sample literate programs. A critique of literate programming as it is currently used is presented, and methods for enhancing the process are explored. A number of new facilities are proposed, and restrictions on current literate-programming practices are suggested.<>",ieee,llm,0.950,unreviewed,
kept,Formalization and 'literate' programming,H. Anderson,2001,Proceedings Eighth Asia-Pacific Software Engineering Conference,10.1109/APSEC.2001.991457,https://ieeexplore.ieee.org/document/991457/,adjacent-subtopic,"The 'literate' programming model is extended to include a concept of mechanical transformation. A prototype tool, FLP (formal literate programming tool), has been developed which uses this extended 'literate' programming model in both a formal program proof setting, and within a formal (refinement) program development setting. In both settings, FLP provides history, access to tools, and an easy-to-use interface. FLP is a system with (i) a tree structured revision control system allowing easy access to an entire software development history, (ii) a unifying semi-formal model encompassing both program proof and refinement, and (iii) a single simple mechanism for managing both formal transformations on programs (proofs, tests, refinements) and informal transformations (explanations). In this paper, we outline the underlying semi-formal model for this extended 'literate' programming tool, briefly show the system architecture, and demonstrate the tool's use during a sample program development.",ieee,llm,0.710,unreviewed,
kept,Cnest and Cscope: Tools for the literate programming environment,E. Kortright; D. Cordes,1992,Proceedings IEEE Southeastcon '92,10.1109/SECON.1992.202267,https://ieeexplore.ieee.org/document/202267/,supports-claim,The authors describe two tools for the literate programming language Cweb: Cnest and Cscope. Cweb is a Web programming environment for the programming language C using the typesetting program T/sub E/X. An overview of Web is given. Cnest and Cscope operate within the EMACS editing environment and provide support both for the program developer and for the maintenance programmer. Their implementations are discussed in detail.<>,ieee,llm,0.960,unreviewed,
kept,Literate programming simplified,N. Ramsey,1994,IEEE Software,10.1109/52.311070,https://ieeexplore.ieee.org/document/311070/,supports-claim,"Literate programming tools let you arrange the parts of a program in any order and extract documentation and code from the same source file. The author argues that language-dependence and feature complexity have hampered acceptance of these tools, then offers a simpler alternative.<>",ieee,llm,0.930,unreviewed,
kept,High Throughput Reproducible Literate Phylogenetic Analysis,Rohit Goswami; Ruhila S.,2022,"2022 Seventh International Conference on Parallel, Distributed and Grid Computing (PDGC)",10.1109/PDGC56933.2022.10053210,https://ieeexplore.ieee.org/document/10053210/,supports-claim,"We present a holistic approach from a literate programming perspective to frame and solve systems biology problems. In particular, given the large data-sets required for answering questions relating to evolutionary histories we focus on the generalization and workflow required on a typical SLURM or PBS TORQUE queue driven high performance computing cluster. We demonstrate how to leverage multiple CLI tools compiled for efficient use in a portable manner on heterogeneous computational resources and further demonstrating the use of R to generate literate data-driven plots and analysis. High Performance Computing cluster (HPC) bottlenecks and installation barriers are also discussed and mitigation strategies are developed. As a concrete example we demonstrate the estimation of a phylogenetic tree, used to pose and answer questions on evolutionary lineages. In this manner, a generalized approach which can be used for systems biology is elucidated for manipulating phylogenetic data, including its validation, multiple sequence alignment, tree estimation through different models and reproduction.",ieee,llm,0.900,unreviewed,
kept,Using Org-mode and Subversion for Managing and Publishing Content in Computer Science Courses,Sankalp Khare; Yishan Misra; Venkatesh Choppella,2012,2012 IEEE Fourth International Conference on Technology for Education,10.1109/T4E.2012.58,https://ieeexplore.ieee.org/document/6305975/,adjacent-subtopic,"Content creation and management is an inevitable part of teaching a course. This paper describes a novel way of handling this problem using Org-mode, a recently created text based information management tool being used within the Emacs user community. We list certain desirable features, specially for the purposes of computer science courses, such as support for collaborative development and literate programming. We show how Org-mode compares favourably over other approaches like wikis and other content and course management systems. We describe why the combination of Org-mode and version control is suitable for creating and publishing content quickly, with minimum overhead in a collaborative manner.",ieee,llm,0.760,unreviewed,
discarded,How to Encourage and Publish Reproducible Research,Jelena Kovacevic,2007,"2007 IEEE International Conference on Acoustics, Speech and Signal Processing - ICASSP '07",10.1109/ICASSP.2007.367309,https://ieeexplore.ieee.org/document/4218340/,adjacent-subtopic,"I discuss the ""what"", ""why"" and ""how"" of reproducible research, a concept that emerged recently in computational sciences. It refers to the idea that the ultimate product is not a published paper only, but the data, software and everything else needed to produce that paper. In signal processing, the discussion just started, and this paper attempts to add to the current efforts of bringing the issue to the forefront and looking for solutions to make it happen.",ieee,llm,0.900,unreviewed,
kept,Literate Smalltalk programming using hypertext,K. Osterbye,1995,IEEE Transactions on Software Engineering,10.1109/32.345829,https://ieeexplore.ieee.org/document/345829/,qualifies-claim,"The problem examined in this paper is: how and to what extent can hypertext support literate programming in Smalltalk? In order to examine this question we have created a hypertext system which allows us to write Smalltalk code and documentation, and to link code and documentation freely. The literate programs created in hypertext differ from those created with traditional literate programming tools. The main difference is that hypertext-based program exposition promotes description of program dependencies and is perhaps less suited for the detailed exposition of algorithms.<>",ieee,llm,0.970,unreviewed,
discarded,Real-time Metacognition Feedback for Introductory Programming Using Machine Learning,Phyllis J. Beck; M. Jean Mohammadi-Aragh; Christopher Archibald; Bryan A. Jones; Amy Barton,2018,2018 IEEE Frontiers in Education Conference (FIE),10.1109/FIE.2018.8658973,https://ieeexplore.ieee.org/document/8658973/,adjacent-subtopic,"This is a Work in Progress Research to Practice Category paper. Research has shown that novice programmers struggle with learning introductory concepts and find it difficult to monitor their own progress. Teachers often have hundreds of students and multiple sections of programming courses to teach, making it infeasible to provide the amount of independent feedback each student may need to flourish. With limited instructor feedback, students who can self-monitor and self-assess their programming metacognition have a higher chance of developing a process for solving programming challenges. In this paper, we expand on the literate programming paradigm by using natural language processing and machine learning methods to automatically analyze and classify student programming metacognition levels through their source code comments. Our intent is to ultimately integrate our classification models into an interactive developer environment to provide real-time feedback to students about their metacognition while learning to program.",ieee,llm,0.860,unreviewed,
kept,The case for perspicuous programming,N. Holmes,2003,Computer,10.1109/MC.2003.1193236,https://ieeexplore.ieee.org/document/1193236/,qualifies-claim,"Traditional approaches to coding interactive programs, even literate programming, suffer from the problem of focusing on what the computer will do, not what the user wants it to do. The algorithmic code is primary and any documentation secondary, especially user documentation. Help facilities appear to be added as an almost independent exercise. We can solve this problem by focusing on the user documentation and regarding the algorithmic code as a mere adjunct. The production of an interactive program should start with the user documentation, with the majority of effort spent on developing and refining that documentation and its structure. Developers should add algorithmic code for any program module only after its documentation is complete and all parties have tested and agreed to it. This perspicuous programming approach seeks to produce programs for the user that are as unenigmatic as possible. With a touch of blithely false etymology, we could call this igmatic programming instead. Take your pick.",ieee,llm,0.950,unreviewed,
kept,Design and Implementation of a Documentation Tool for Interactive Commandline Sessions,Andreas Dewald; Felix C. Freiling; Tim Weber,2011,2011 Sixth International Conference on IT Security Incident Management and IT Forensics,10.1109/IMF.2011.17,https://ieeexplore.ieee.org/document/5931113/,adjacent-subtopic,"In digital investigations it is important to document the examination of a computer system with as much detail as possible. Allthough never designed for digital investigations, many experts use the software script to record their whole terminal session while analyzing a target system. We analyze script's deficiencies and present the design and implementation of for script (forensic script), a software providing additional capabilities and mechanisms for digital investigations, following the paradigm of literate programming.",ieee,llm,0.830,unreviewed,
kept,Toward documentation of program evolution,T. Vestdam; K. Noermark,2005,21st IEEE International Conference on Software Maintenance (ICSM'05),10.1109/ICSM.2005.92,https://ieeexplore.ieee.org/document/1510145/,qualifies-claim,"The documentation of a program often falls behind the evolution of the program source files. When this happens it may be attractive to shift the documentation mode from updating the documentation to documenting the evolution of the program. This paper describes tools that support the documentation of program evolution. The tools are refinements of the elucidative programming tools, which in turn are inspired from literate programming tools. The version-aware elucidative programming tools are able to process a set of program source files in different versions together with unversioned documentation files. The paper introduces a set of fine grained program evolution steps, which are supported directly by the documentation tools. The automatic discovery of the fine grained program evolution steps makes up a platform for documenting coarse grained and more high-level program evolution steps. It is concluded that our approach can help revitalize older documentation, and that discovery of the fine grained program evolution steps help the programmer in documenting the evolution of the program.",ieee,llm,0.930,unreviewed,
kept,Using an ER query and update interface for rapid prototyping of hypertext systems,B. Czejdo,1990,Twenty-Third Annual Hawaii International Conference on System Sciences,10.1109/HICSS.1990.205193,https://ieeexplore.ieee.org/document/205193/,adjacent-subtopic,"The author discusses a method for rapid prototyping of hypertext systems using an entity-relationship (ER) query and update interface. Prototyping of a hypertext system for literate programming is shown as an example. The approach is based on utilizing a relational database management system as a major component of the prototyped system. An ER query and update interface is described. Such an interface allows an interactive manipulation of ER database schemas. Sample interactions between a user and the system are given. During the process of manipulation of ER diagrams the information needed to generate an equivalent SQL query is accumulated. A hypertext system for literature programming is described, and the architecture of a prototype system is presented.<>",ieee,llm,0.860,unreviewed,
discarded,Making Reproducible Research Data by Utilizing Persistent ID Graph Structure,Jung-Ho Um; Myeongseok Choi; Hyunwoo Kim; Sanghwan Lee,2020,2020 IEEE International Conference on Big Data and Smart Computing (BigComp),10.1109/BigComp48618.2020.00018,https://ieeexplore.ieee.org/document/9070341/,adjacent-subtopic,"Globally, in order to share the achievements of science, we open the published papers that are the output of scientific research. In addition, research data as supplemental data of the paper, and source data that is generated as a large amount of volumes of data from various experimental equipment are disclosed and shared to all researchers. This research data is enabling to grow and improve scientific research, quickly. In Europe, as open research data are archived enough, projects (EOSC, REANA, WES-ELIXIR, and so on) are being actively conducted for research environments in which researchers analyze and reproduce research data. Major publishers are also supporting the publication of open accessed papers and their supplemental data in keeping with the flow of open science, and developing platforms to support researchers' research activities. Therefore, in this paper, we design a system that can reproduce data analysis and research environment of researchers who published existing papers. The data structure in the proposed system utilizes a PID graph that connects papers, research data, and software. We analyze the functional requirements for building the system.",ieee,llm,0.940,unreviewed,
discarded,Distributed Reproducible Research Using Cached Computations,Roger D. Peng; Sandrah P. Eckel,2009,Computing in Science & Engineering,10.1109/MCSE.2009.6,https://ieeexplore.ieee.org/document/4720220/,adjacent-subtopic,The ability to make scientific findings reproducible is increasingly important. The authors describe a simple framework in which scientists can perform and distribute reproducible research via cached computations. This article describes a prototype implementation as well as a case study application.,ieee,llm,0.900,unreviewed,
discarded,Potential use of R-statistical programming in the field of geoscience,R. M. Bishwal,2017,2017 2nd International Conference for Convergence in Technology (I2CT),10.1109/I2CT.2017.8226275,https://ieeexplore.ieee.org/document/8226275/,off-topic-false-hit,"Computational and statistical assessment of data has become the most valuable resource in every field including geoscience for making accurate decision. Analysis of soil and earth structures requires complex mathematical and numerical simulation which demands significant expertise and resources inciting costlier and tedious tasks. The unavailability of proper open-source tools and technical resources has resulted in limited flow of knowledge among the research communities. These resources, however, when available is not easy to understand due to its complexity in data analysis and results interpretation, and restricted mostly to the original contributor. This paper presents some recent developments in geoscience field such as geology, remote sensing, soil and rock mechanics where the open-source tool R-programming can be used in statistical research and understandings. It also describes the list of packages available in R-programming for specific field of study and how it can be used to promote open and reproducible research.",ieee,llm,0.970,unreviewed,
discarded,Scientific Computing Environments in the age of virtualization toward a universal platform for the Cloud,Karim Chine,2009,2009 IEEE International Workshop on Open-source Software for Scientific Computation (OSSC),10.1109/OSSC.2009.5416790,https://ieeexplore.ieee.org/document/5416790/,adjacent-subtopic,"This paper describes Biocep-R, an Open Source platform for the virtualization of Scientific Computing Environments (SCEs) such as R and Scilab. To our knowledge it is the first time that a software platform enables geographically distributed collaborators to view and analyze terabytes of data interactively and collaboratively, using standard computational tools. Those tools can be running on high performance machines or on a Cloud. This is also the first time that a full end-to-end solution is proposed for reproducible computational research in a Cloud and for virtual appliances-based education.",ieee,llm,0.930,unreviewed,
discarded,Search for Computational Workflow Synergies in Reproducible Research Data Analyses in Particle Physics and Life Sciences,Tibor Šimko; Kyle Cranmer; Michael R. Crusoe; Lukas Heinrich; Anton Khodak; Dinos Kousidis; Diego Rodríguez,2018,2018 IEEE 14th International Conference on e-Science (e-Science),10.1109/eScience.2018.00123,https://ieeexplore.ieee.org/document/8588742/,adjacent-subtopic,We describe the REANA reusable and reproducible research data analysis platform that originated in the domain of particle physics. We integrated support for running Common Workflow Language (CWL) workflows that originated in the domain of life sciences. This integration allowed us to study the applicability of CWL to particle physics analyses and look for synergies in computational practices in the two communities.,ieee,llm,0.940,unreviewed,
