status,title,authors,year,venue,doi,url,tags,abstract,provider,decision_source,llm_confidence,llm_review_outcome,llm_change_direction
discarded,Fast and robust smallest enclosing balls,"Gärtner, B",1999,ALGORITHMS - ESA'99,,https://www.webofscience.com/wos/woscc/full-record/WOS:000084091000028,adjacent-subtopic,"I describe a c++ program for computing the smallest enclosing ball of a point set in d-dimensional space, using floating-point arithmetic only. The program is very fast for d less than or equal to 20, robust and simple (about 300 lines of code, excluding prototype definitions). Its new features are a pivoting approach resembling the simplex method for linear programming, and a robust update scheme for intermediate solutions. The program with complete documentation following the literate programming paradigm [3] is available on the Web.(1)",wos,llm,0.760,unreviewed,
discarded,BiP on line: A software project library on the internet,"Boccignone, G; Chianese, A; Picariello, A",1999,"WORLD MULTICONFERENCE ON SYSTEMICS, CYBERNETICS AND INFORMATICS, VOL 1, PROCEEDINGS",,https://www.webofscience.com/wos/woscc/full-record/WOS:000175784700058,adjacent-subtopic,"At the Department of Computer Science and Systems of the University of Napoli ""Federico II"" we are developing an innovative teaching environment called BiP (Biblioteca di Programmi, Programs Library in Italian) on Line (BiPoL). In this paper we firstly provide an overall description of the kernel of our system, called Automatic Publishing System, APS. Secondly we describe a more specialized layer we have developed for Computer Programming teaching. Eventually we report the results of the impact of this environment on teaching computer programming in first level courses.",wos,llm,0.840,unreviewed,
kept,"Literate programming and the ""Spaniel"" method","Hatzigeorgiu, N; Syropoulos, A",1998,ACM SIGPLAN NOTICES,,https://www.webofscience.com/wos/woscc/full-record/WOS:000077443900009,supports-claim,"Software has to be well structured and well documented in order to be reusable and maintainable. Literate programs have both properties. Unfortunately, even today many programmers write program without proper documentation. We propose a technique by which one can relatively easily transform a well structured program into a literate one. We exemplify the technique by means of an example and we conclude with the presentation of some related work and ideas.",wos,llm,0.960,unreviewed,
discarded,Unparsing expressions with prefix and postfix operators,"Ramsey, N",1998,SOFTWARE-PRACTICE & EXPERIENCE,,https://www.webofscience.com/wos/woscc/full-record/WOS:000076527500005,adjacent-subtopic,"Unparsing is the problem of transforming an internal representation of a program into an external, concrete syntax. In conjunction with prettyprinting, it is useful for generating readable programs from internal representations. If the target language uses prefix and postfix operators, the problem is nontrivial. This paper shows how to unparse expressions using a simple, bottom-up tree walk, which keeps track of the least tightly binding operator not enclosed by parentheses. During the tree walk, this operator is compared with the operator of the parent expression, and parentheses are inserted based on the precedence, associativity, and fixity (infix, prefix, or postfix) of the two operators. The paper is a literate program. It includes code for the unparser and for its inverse parser, both of which can handle operators of dynamically chosen precedence and associativity. Supporting such operators is useful for languages like ML, in which programmers may assign precedence and associativity to their own functions. (C) 1998 John Wiley & Sons, Ltd.",wos,llm,0.790,unreviewed,
discarded,Algebraic specification of documents,"Ramalho, JC; Almeida, JJ; Henriques, P",1998,THEORETICAL COMPUTER SCIENCE,,https://www.webofscience.com/wos/woscc/full-record/WOS:000073723800010,off-topic-false-hit,"According to recent research, nearly 95% of a corporate's information is stored in documents. Further studies indicate that companies spend between 6% and 10% of their gross revenues in printing and distributing documents in several ways: web and cdrom publishing, database storage and retrieval, and printing. In this context documents exist in different formats, from plain text files to internal database or text processor formats. It is clear that document reusability and low-cost maintenance are two important issues in the near future.

The majority of available document processors is purpose-oriented, reducing the necessary flexibility and reusability of documents. The problem of adapting the same text to different purposes gives rise to waste of time. For example you may want to have the same document as an article, as a set of slides, or as a poster; or you can have a dictionary document producing a book and a list of words for a spell checker. This conversion could be done automatically from the first version of the document if it complies with some standard requirements. The key idea will be to keep a complete separation between syntax and semantics. In this way, we produce an abstract description separating conceptual issues of document structure from those concerned with document use.

This note proposes a few guidelines to build a system to solve the above problem. Such a system should be an algebraic based environment in order to provide facilities for

definition of document types;

specification of functions over document types; and

definition and handling of documents as algebraic terms.

Our approach (rooted in the tradition of constructive algebraic specification), allows for a homogeneous environment to deal with operations such as merging documents, converting formats, translating documents, extracting different kinds of information (to setup information repositories, data bases, or semantic networks) or portions of documents (as it happens, for instance, in literate programming), and some other actions, not so traditional, like mail reply, or memo production.

We intend to use CAMILA(a specification language and prototyping environment developed at Universidade do Minho, by the Computer Science group) to develop the above-mentioned system. (C) 1998-Elsevier Science B.V. All rights reserved.",wos,llm,0.970,unreviewed,
discarded,Program families: Program construction by context independent refinements,"van Ammers, EW",1998,SCIENCE OF COMPUTER PROGRAMMING,,https://www.webofscience.com/wos/woscc/full-record/WOS:000072506700001,adjacent-subtopic,"The concept of program families is a generalisation of the conventional stepwise refinement paradigm. We formalise program families by allowing Hoare-triplets to be parameterized. Next we derive a simple calculus to develop programs which are known a priori to be correct with respect to explicitly formulated pre-and postconditions.

Program families deal with at least two important problems of conventional refinement steps, i.e. program families are not context dependent and they apply just as well to top-down decomposition as to the bottom-up or middle-out approach. It turns out that the meaning of a pseudostatement in the context of program families is quite different from its meaning in the conventional refinement process.

A couple of examples illustrate the technique: the 1000 primes problem, a palindrome filter and a sorting routine.

The discussion relates program families to Morgan's refinement calculus, Knuth' literate programming and Soloway's programming plans. (C) 1998 Elsevier Science B.V. All rights reserved.",wos,llm,0.720,unreviewed,
kept,Experience with literate programming in the modelling and validation of systems,"Ruys, TC; Brinksma, E",1998,TOOLS AND ALGORITHMS FOR THE CONSTRUCTION AND ANALYSIS OF SYSTEMS,,https://www.webofscience.com/wos/woscc/full-record/WOS:000077580900026,supports-claim,This paper discusses our experience with literate programming tools in the realm of the modelling and validation of systems. We propose the use of literate programming techniques to structure and control the validation trajectory. The use of literate programming is illustrated by means of a running example using Promela and Spin. The paper can also be read as a tutorial on the application of literate programming to formal methods.,wos,llm,0.980,unreviewed,
kept,"Don't verify, abstract!","O'Halloran, C; Smith, A",1998,"13TH IEEE INTERNATIONAL CONFERENCE ON AUTOMATED SOFTWARE ENGINEERING, PROCEEDINGS",,https://www.webofscience.com/wos/woscc/full-record/WOS:000077906400006,supports-claim,"This paper describes a notation and tool for demonstrating to a third party certifier that software written in a subset of Ada is safe and gives the experience of using them on real projects. The thesis underlying the design is that people write adequate code, but that they make design and implementation decisions which can conflict with each other to introduce safety problems. The usual paradigm of formally specifying and then developing and verifying the code is less cost effective than writing the code and then abstracting it to a level suitable for human judgements to be made. This is because there are more people who know how to write good code than those who can write effective formal specifications. The tool processes a formal, or informal, argument that code meets its safety requirements using literate programming, and concepts from the refinement calculus developed at Oxford University.",wos,llm,0.880,unreviewed,
kept,Literate programming,"Spotnitz, R",1998,COMPUTERS & CHEMICAL ENGINEERING,,https://www.webofscience.com/wos/woscc/full-record/WOS:000077860900003,supports-claim,An application of literate programming methodology using WEB tools to chemical engineering is provided. Literate programming produces beautifully typeset manuscripts that combine textual explanation and fragments of computer code. Literate programming is especially useful for technical programming because the possibility for errors is reduced when the textual explanation and code are combined. (C) 1998 Elsevier Science Ltd. All rights reserved.,wos,llm,0.980,unreviewed,
kept,Literate programming for mathematical modeling of battery systems,"Spotnitz, RM; Nagarajan, GS; Van Zee, JW; Newman, JS",1998,PROCEEDINGS OF THE SYMPOSIUM ON ADVANCES IN MATHEMATICAL MODELING AND SIMULATION OF ELECTROCHEMICAL PROCESSES AND OXYGEN DEPOLARIZED CATHODES AND ACTIVATED CATHODES FOR CHLOR-ALKALI AND CHLORATED PROCESSES,,https://www.webofscience.com/wos/woscc/full-record/WOS:000077232200002,supports-claim,"The advantages of literate programming are described and a detailed example provided. Literate programming is implemented using so-called ""WEB"" programming tools. Literate programming is shown to allow tight coupling of high-level conceptual views of algorithms with detailed computer code. This, along with the finest quality manuscripts that result from use of the TeX typesetting system, enables development of more comprehensible codes than conventional programming languages.",wos,llm,0.980,unreviewed,
kept,Literate programming and code reuse,"Hendseth, S",1997,DR DOBBS JOURNAL,,https://www.webofscience.com/wos/woscc/full-record/WOS:000168725700015,supports-claim,,wos,llm,0.870,unreviewed,
discarded,Differential geometric computations and computer algebra,"Gragert, PKH; Kersten, PHM",1997,MATHEMATICAL AND COMPUTER MODELLING,,https://www.webofscience.com/wos/woscc/full-record/WOS:A1997XH00200003,off-topic-false-hit,"The use of computer algebra in the field of differential geometry and its applications to geometric structures of partial differential equations is discussed. The differential geometric setting is shortly described; a number of programs are slightly touched, some examples given, and an application to the construction of supersymmetric extensions of the Korteweg-de Vries equation is demonstrated.",wos,llm,0.980,unreviewed,
kept,Analysis of literate programs from the viewpoint of reuse,"Childs, B; Sametinger, J",1997,SOFTWARE-CONCEPTS AND TOOLS,,https://www.webofscience.com/wos/woscc/full-record/WOS:A1997WT90000004,qualifies-claim,"Donald Knuth created the WEB system for literate programming when he wrote the second version of TEX, a book-quality formatting system. Levy later created CWEB, which is based on Knuth's WEB using the C programming language and supporting development using the C and C++ programming languages. Krommes' FWEB is based on CWEB and supports several programming languages. We analyze some parts of these systems from the viewpoint of reuse.

We make reuse comparisons of four elements of the TEX system: TEX, METAFONT, DVItype and METAPOST. We also compare the primary filters (tangle and weave) of CWEB and FWEB. We analyze the code and integral documentation, considering similarities of chapters, lines and words.

With this study we demonstrate that both code and documentation can and should be reused systematically and that there is a need for methods and tools for doing so. Literate programming and software reuse are by no means in contradiction. However, current literate programming systems do not explicitly support software reuse, even though reuse was common in their development.",wos,llm,0.990,unreviewed,
discarded,A simple solver for linear equations containing nonlinear operators,"Ramsey, N",1996,SOFTWARE-PRACTICE & EXPERIENCE,,https://www.webofscience.com/wos/woscc/full-record/WOS:A1996UG36000006,adjacent-subtopic,"This paper presents a simple equation solver, The solver finds solutions for sets of linear equations extended with several nonlinear operators, including integer division and modulus, sign extension, and bit slicing. The solver uses a new technique called balancing, which can eliminate some nonlinear operators from a set of equations before applying Gaussian elimination. The solver's principal advantages are its simplicity and its ability to handle some nonlinear operators, including nonlinear functions of more than one variable.

The solver is part of an application generator that provides encoding and decoding of machine instructions based on equational specifications. The solver is presented not as pseudo code but as a literate program, which guarantees that the code shown in the paper is the same code that is actually used. Using real code exposes more detail than using pseudocode, but literate-programming techniques help manage the detail, The detail should benefit readers who want to implement their own solvers based on the techniques presented here.",wos,llm,0.810,unreviewed,
kept,Literate programming - Automatic parallelization,"Briggs, P",1996,ACM SIGPLAN NOTICES,,https://www.webofscience.com/wos/woscc/full-record/WOS:A1996UT15600003,supports-claim,,wos,llm,0.740,unreviewed,
kept,Reverse literate programming,"Knasmuller, M",1996,PROCEEDINGS OF THE 5TH SOFTWARE QUALITY CONFERENCE,,https://www.webofscience.com/wos/woscc/full-record/WOS:A1996BG09L00010,qualifies-claim,,wos,llm,0.840,unreviewed,
kept,Increasing assurance with literate programming techniques,"Moore, AP; Payne, CN",1996,COMPASS '96 - PROCEEDINGS OF THE ELEVENTH ANNUAL CONFERENCE ON COMPUTER ASSURANCE,,https://www.webofscience.com/wos/woscc/full-record/WOS:A1996BF91S00018,supports-claim,,wos,llm,0.820,unreviewed,
kept,Literate programming and documentation reuse,"Childs, B; Sametinger, J",1996,"FOURTH INTERNATIONAL CONFERENCE ON SOFTWARE REUSE, PROCEEDINGS",,https://www.webofscience.com/wos/woscc/full-record/WOS:A1996BF64P00022,supports-claim,,wos,llm,0.860,unreviewed,
discarded,Making SGML work - Introducing SGML into an enterprise and using its possibilities in advanced applications,"Rath, HH; Wiedling, HP",1996,COMPUTER STANDARDS & INTERFACES,,https://www.webofscience.com/wos/woscc/full-record/WOS:A1996TU86000005,adjacent-subtopic,"Nowadays more and more companies are evolving into worldwide operating enterprises embedded in interdependent networks of communication, information exchange and product manufacturing. An up-to-date enterprise is spread over several sites with distributed subsidiaries for administration, product launches and manufacturing. At the same time internationalization is combined with a strong need for efficient information exchange in an open system environment. Information management and dissemination is becoming a key issue to success in every phase of the product life cycle. Any solution must take all these developments into account. With SGML-based documents and tools a flexible approach can be made towards open system independent document management with re-usable portions of information. In this paper different aspects are described: the steps required to set up an SGML-based application are introduced, ideas and the benefits of Literate Programming to SGML applications are explained, database functionality in distributed environments is presented, and document exchange and hypermedia documents are considered.",wos,llm,0.710,unreviewed,
kept,LITERATE SMALLTALK PROGRAMMING USING HYPERTEXT,"OSTERBYE, K",1995,IEEE TRANSACTIONS ON SOFTWARE ENGINEERING,,https://www.webofscience.com/wos/woscc/full-record/WOS:A1995QG40700009,qualifies-claim,"The problem examined in this paper is: How and to what extent can hypertext support literate programming in Smalltalk? In order to examine this question we have created a hypertext system which allows us to write Smalltalk code and documentation, and to link code and documentation freely. The literate programs created in hypertext differ from those created with traditional literate programming tools. The main difference is that hypertext-based program exposition promotes description of program dependencies and is perhaps less suited for the detailed exposition of algorithms.",wos,llm,0.980,unreviewed,
kept,LITERATE PROGRAMMING SIMPLIFIED,"RAMSEY, N",1994,IEEE SOFTWARE,,https://www.webofscience.com/wos/woscc/full-record/WOS:A1994PD79900021,supports-claim,,wos,llm,0.970,unreviewed,
kept,LITERATE AND STRUCTURED PRESENTATION OF FORMAL PROOFS,"SIMONS, M; BIERSACK, M; RASCHKE, R",1994,"PROGRAMMING CONCEPTS, METHODS AND CALCULI",,https://www.webofscience.com/wos/woscc/full-record/WOS:A1994BB84S00004,adjacent-subtopic,"The paper focusses on the literate and structured presentation of formal proofs. The approach presented is influenced by Leslie Lamport's ideas on how to write proofs, by Donald Knuth's paradigm of literate programming, and by the concepts of calculational reasoning. The approach is illustrated with the proofs of two mathematical theorems the Knaster-Tarski fixpoint theorem and the Schroder-Bernstein theorem - formalized in Deva. We discuss to what degree our aims have been achieved and what work remains to be done. The paper was written using the DevaWEB-system, and the Deva formalization was checked by an implementation of Deva.",wos,llm,0.800,unreviewed,
kept,MINI-INDEXES FOR LITERATE PROGRAMS,"KNUTH, DE",1994,SOFTWARE-CONCEPTS AND TOOLS,,https://www.webofscience.com/wos/woscc/full-record/WOS:A1994NK91900001,supports-claim,"This paper describes how to implement a documentation technique that helps readers to understand large programs or collections of programs, by providing local indexes to all identifiers that are visible on every two-page spread. A detailed example is given for a program that finds all Hamiltonian circuits in an undirected graph.",wos,llm,0.990,unreviewed,
kept,LITERATE PROGRAMMING IN C++,"PAPPAS, TLF",1994,COMPUTER,,https://www.webofscience.com/wos/woscc/full-record/WOS:A1994MP97300012,supports-claim,,wos,llm,0.880,unreviewed,
kept,AOPS - AN ABSTRACTION-ORIENTED PROGRAMMING SYSTEM FOR LITERATE PROGRAMMING,"SHUM, S; COOK, C",1993,SOFTWARE ENGINEERING JOURNAL,,https://www.webofscience.com/wos/woscc/full-record/WOS:A1993LU90900002,qualifies-claim,"The practice of literate programming is not widespread because existing literate programming systems have some undesirable characteristics such as programming language and text processor dependence and a lack of flexible tools for viewing and manipulating the source file. This paper describes the literate programming system AOPS (abstraction-oriented programming system) which addresses both of these problems. AOPS is a programming language and text processor-independent literate programming system. AOPS tools include a hypertext browser, a lister with the ability to select what is presented and what is suppressed, and a filter to extract the program code from the AOPS source file. AOPS introduces the notion of a phantom abstraction which enhances the intelligibility of the literate program and, when used in conjunction with the browser, greatly extends the capabilities of AOPS. We discuss how the design of AOPS supports extension of the concept of literate programming. We also report the results of a preliminary experiment which showed that literate programs contain more documentation than traditional programs.",wos,llm,0.990,unreviewed,
kept,THE NATURAL REPRESENTATION OF REAL NUMBERS,"MCINTOSH, A; BRODBELT, J",1993,COMPUTERS & MATHEMATICS WITH APPLICATIONS,,https://www.webofscience.com/wos/woscc/full-record/WOS:A1993KL05000001,adjacent-subtopic,"This paper reports the modular design of software library components which read, write, add, subtract, multiply, and divide real valued numbers with attention to significant digits and digit grouping. Additionally, an example is presented about how to use this module to make other library components to read, write, and manipulate data matrix files with attention to embedded prose documentation. These components can be used to apply literate programming to data files.",wos,llm,0.690,unreviewed,
