status,title,authors,year,venue,doi,url,tags,abstract,provider,decision_source,llm_confidence,llm_review_outcome,llm_change_direction
discarded,Conversational AI Threads for Visualizing Multidimensional Datasets,Matt-Heun Hong; Anamaria Crisan,2023,arXiv (Cornell University),10.48550/arxiv.2311.05590,https://openalex.org/W4388585655,adjacent-subtopic,"Generative Large Language Models (LLMs) show potential in data analysis, yet their full capabilities remain uncharted. Our work explores the capabilities of LLMs for creating and refining visualizations via conversational interfaces. We used an LLM to conduct a re-analysis of a prior Wizard-of-Oz study examining the use of chatbots for conducting visual analysis. We surfaced the strengths and weaknesses of LLM-driven analytic chatbots, finding that they fell short in supporting progressive visualization refinements. From these findings, we developed AI Threads, a multi-threaded analytic chatbot that enables analysts to proactively manage conversational context and improve the efficacy of its outputs. We evaluate its usability through a crowdsourced study (n=40) and in-depth interviews with expert analysts (n=10). We further demonstrate the capabilities of AI Threads on a dataset outside the LLM's training corpus. Our findings show the potential of LLMs while also surfacing challenges and fruitful avenues for future research.",openalex,llm,0.950,unreviewed,
kept,BISCUIT: Scaffolding LLM-Generated Code with Ephemeral UIs in Computational Notebooks,Ruijia Cheng; Titus Barik; Alan Leung; Fred Hohman; Jeffrey Nichols,2024,arXiv (Cornell University),10.48550/arxiv.2404.07387,https://openalex.org/W4394780877,adjacent-subtopic; llm-era,"Programmers frequently engage with machine learning tutorials in computational notebooks and have been adopting code generation technologies based on large language models (LLMs). However, they encounter difficulties in understanding and working with code produced by LLMs. To mitigate these challenges, we introduce a novel workflow into computational notebooks that augments LLM-based code generation with an additional ephemeral UI step, offering users UI scaffolds as an intermediate stage between user prompts and code generation. We present this workflow in BISCUIT, an extension for JupyterLab that provides users with ephemeral UIs generated by LLMs based on the context of their code and intentions, scaffolding users to understand, guide, and explore with LLM-generated code. Through a user study where 10 novices used BISCUIT for machine learning tutorials, we found that BISCUIT offers users representations of code to aid their understanding, reduces the complexity of prompt engineering, and creates a playground for users to explore different variables and iterate on their ideas.",openalex,llm,0.740,unreviewed,
discarded,Harden and Catch for Just-in-Time Assured LLM-Based Software Testing: Open Research Challenges,Mark Harman; Peter O'Hearn; Shubho Sengupta,2025,,10.1145/3696630.3734199,https://openalex.org/W4412703921,off-topic-false-hit,"Despite decades of research and practice in automated software testing, several fundamental concepts remain ill-defined and under-explored, yet offer enormous potential real-world impact. We show that these concepts raise exciting new challenges in the context of Large Language Models for software test generation. More specifically, we formally define and investigate the properties of hardening and catching tests. A hardening test is one that seeks to protect against future regressions, while a catching test is one that catches such a regression or a fault in new functionality introduced by a code change. Hardening tests can be generated at any time and may become catching tests when a future regression is caught. We also define and motivate the Catching 'Just-in-Time' (JiTTest) Challenge, in which tests are generated 'just-in-time' to catch new faults before they land into production. We show that any solution to Catching JiTTest generation can also be repurposed to catch latent faults in legacy code. We enumerate possible outcomes for hardening and catching tests and JiTTests, and discuss open research problems, deployment options, and initial results from our work on automated LLM-based hardening at Meta. This paper1 was written to accompany the keynote by the authors at the ACM International Conference on the Foundations of Software Engineering (FSE) 2025.",openalex,llm,0.990,unreviewed,
discarded,A Research Roadmap for Augmenting Software Engineering Processes and Software Products with Generative AI,Domenico Amalfitano; Andreas Metzger; Marco Autili; Tommaso Fulcini; Tobias Hey; Jan Keim; Patrizio Pelliccione; Vincenzo Scotti; Anne Koziolek; Raffaela Mirandola; Andreas Vogelsang,2026,ACM Transactions on Software Engineering and Methodology,10.1145/3788879,https://openalex.org/W7126151786,off-topic-false-hit,"Generative AI (GenAI) is rapidly transforming Software Engineering (SE) practices, influencing how SE processes are executed, as well as how software systems are developed, operated, and evolved. This article applies design science research to build a roadmap for GenAI-augmented SE. The process consists of three cycles that incrementally integrate multiple sources of evidence, including collaborative discussions from the FSE 2025 “Software Engineering 2030” workshop, rapid literature reviews, and external feedback sessions involving peers. McLuhan’s tetrads were used as a conceptual instrument to systematically capture the transforming effects of GenAI on SE processes and software products. The resulting roadmap identifies four fundamental forms of GenAI augmentation in SE and systematically characterizes their related research challenges and opportunities. These insights are then consolidated into a set of future research directions. By grounding the roadmap in a rigorous multi-cycle process and cross-validating it among independent author teams and peers, the study provides a transparent and reproducible foundation for analyzing how GenAI affects SE processes, methods and tools, and for framing future research within this rapidly evolving area.",openalex,llm,0.980,unreviewed,
discarded,The Fools are Certain; the Wise are Doubtful: Exploring LLM Confidence in Code Completion,Zoe Kotti; Konstantina Dritsa; Diomidis Spinellis; Πάνος Λουρίδας,2025,Research Square,10.21203/rs.3.rs-7302683/v1,https://openalex.org/W4414428062,off-topic-false-hit,,openalex,llm,0.950,unreviewed,
kept,Teaching Data Science with Literate Programming Tools,Marcus Birkenkrahe,2023,Digital,10.3390/digital3030015,https://openalex.org/W4386547043,qualifies-claim,"This paper presents a case study on using Emacs and Org-mode for literate programming in undergraduate computer and data science courses. Over three academic terms, the author mandated these tools across courses in R, Python, C++, SQL, and more. The onboarding relied on simplified Emacs tutorials and starter configurations. Students gained proficiency after undertaking initial practice. Live coding sessions demonstrated the flexible instruction enabled by literate notebooks. Assignments and projects required documentation alongside functional code. Student feedback showed enthusiasm for learning a versatile IDE, despite some frustration with the learning curve. Skilled students highlighted efficiency gains in a unified environment. However, the uneven adoption of documentation practices pointed to a need for better incorporation into grading. Additionally, some students found Emacs unintuitive, desiring more accessible options. This highlights a need to match tools to skill levels, potentially starting novices with graphical IDEs before introducing Emacs. The key takeaways are as follows: literate programming aids comprehension but requires rigorous onboarding and reinforcement, and Emacs excels for advanced workflows but has a steep initial curve. With proper support, these tools show promise for data science education.",openalex,llm,0.950,unreviewed,
discarded,"“Don’t Look, But I Know You Do”: Norms and Observer Effects in Shared LLM Accounts",Ji Seok Song; Eunchae Lee; Juhee Im; Hyunsoo Jang; Eunji Kim; Joongseek Lee,2026,,10.1145/3772318.3790460,https://openalex.org/W7140549503,off-topic-false-hit,"Account sharing is common in subscription services and is now extending to generative AI platforms, which are still primarily designed for individual use. Sharing often requires workarounds that create new tensions. This study examines how LLM subscriptions are shared and the norms that develop. We combined a survey of 245 users with interviews of 36 participants to understand both patterns and lived experiences. Our analysis identified four types of account sharing, organized along two dimensions: whether the owner uses the account and whether subscription costs are shared. Within these types, we examined how norms were formed and how their fragility, especially privacy, became evident in practice. Users, fully aware of this, subtly adjusted their behavior, which we interpret through the lens of the observer effect. We frame LLM account sharing as a social practice of appropriation and outline design implications to adapt single-user platforms to multi-user realities.",openalex,llm,0.990,unreviewed,
discarded,How Do Analysts Understand and Verify AI-Assisted Data Analyses?,Ken Gu; Ruoxi Shang; Tim Althoff; Chenglong Wang; Steven M. Drucker,2023,arXiv (Cornell University),10.48550/arxiv.2309.10947,https://openalex.org/W4386942691,adjacent-subtopic,"Data analysis is challenging as it requires synthesizing domain knowledge, statistical expertise, and programming skills. Assistants powered by large language models (LLMs), such as ChatGPT, can assist analysts by translating natural language instructions into code. However, AI-assistant responses and analysis code can be misaligned with the analyst's intent or be seemingly correct but lead to incorrect conclusions. Therefore, validating AI assistance is crucial and challenging. Here, we explore how analysts understand and verify the correctness of AI-generated analyses. To observe analysts in diverse verification approaches, we develop a design probe equipped with natural language explanations, code, visualizations, and interactive data tables with common data operations. Through a qualitative user study (n=22) using this probe, we uncover common behaviors within verification workflows and how analysts' programming, analysis, and tool backgrounds reflect these behaviors. Additionally, we provide recommendations for analysts and highlight opportunities for designers to improve future AI-assistant experiences.",openalex,llm,0.960,unreviewed,
discarded,Magic Markup: Maintaining Document-External Markup with an LLM,Edward Misback; Zachary Tatlock; Steve Tanimoto,2024,,10.1145/3660829.3660836,https://openalex.org/W4400440019,adjacent-subtopic,"Text documents, including programs, typically have human-readable semantic structure. Historically, programmatic access to these semantics has required explicit in-document tagging. Especially in systems where the text has an execution semantics, this means it is an opt-in feature that is hard to support properly. Today, language models offer a new method: metadata can be bound to entities in changing text using a model’s human-like understanding of semantics, with no requirements on the document structure. This method expands the applications of document annotation, a fundamental operation in program writing, debugging, maintenance, and presentation. We contribute a system that employs an intelligent agent to re-tag modified programs, enabling rich annotations to automatically follow code as it evolves. We also contribute a formal problem definition, an empirical synthetic benchmark suite, and our benchmark generator. Our system achieves an accuracy of 90% on our benchmarks and can replace a document’s tags in parallel at a rate of 5 seconds per tag. While there remains significant room for improvement, we find performance reliable enough to justify further exploration of applications.",openalex,llm,0.890,unreviewed,
discarded,Understanding Conversational Patterns in Multi-agent Programming: A Case Study on Fibonacci Game Development,Srijita Basu; Viktor Kjellberg; Simin Sun; Bengt Haraldsson; Md Abu Ahammed Babu; Wilhelm Meding; Farnaz Fotrousi; Miroslaw Staron,2026,,10.1145/3805760.3814914,https://openalex.org/W7162518910,off-topic-false-hit,"Large Language Models (LLMs) are increasingly applied to software engineering (SE), yet their potential for autonomous, role-oriented collaboration remains largely underexplored. Understanding how multiple LLM-based agents coordinate, maintain role alignment, and converge on solutions is critical for SE, as naively allowing agents to interact does not reliably lead to correct or stable outcomes. Recent empirical studies show that unstructured or poorly understood interaction dynamics can result in error propagation, premature consensus on incorrect solutions, or prolonged disagreement that prevents convergence, even when correct partial solutions are present early in the interaction. As an initial step towards addressing this underexplored area, we undertake a systematic analysis of conversations between two agents, a Designer and a Programmer across 12 model combinations from 7 open-source LLMs (Gemma 2, Gemma 3, LLaMA 3.2, LLaMA 3.3, DeepSeek-R1, MiniCPM, and Qwen3). Our systematic approach reveals three key dimensions of multi-agent interaction: efficiency (the speed and stability of convergence), consistency (the degree of role alignment visualized by BLEU and ROUGE), and effectiveness (the extent of compilation success and error resolution). Results show that the DeepSeek-R1:DeepSeek-R1 pair was unique in converging to the correct solution from the very first iteration and sustaining it consistently to the final iteration, while LLaMA 3.2:LLaMA 3.2 and Qwen3:Qwen3 demonstrated strong Designer:Programmer role alignment despite of diverging from the correct solution. The other pairs deviated from the task, never to converge to a result. These findings advance understanding of agentic programming and highlight the need for further research on understanding and calibrating convergence and stop conditions essential for future autonomous SE.",openalex,llm,0.990,unreviewed,
discarded,MindScratch: A Visual Programming Support Tool for Classroom Learning Based on Multimodal Generative AI,Yunnong Chen; Shuhong Xiao; Yaxuan Song; Zejian Li; Lingyun Sun; Liuqing Chen,2024,arXiv (Cornell University),10.48550/arxiv.2412.09001,https://openalex.org/W4405354797,off-topic-false-hit,"Programming has become an essential component of K-12 education and serves as a pathway for developing computational thinking skills. Given the complexity of programming and the advanced skills it requires, previous research has introduced user-friendly tools to support young learners. However, our interviews with six programming educators revealed that current tools often fail to reflect classroom learning objectives, offer flexible, high-quality guidance, and foster student creativity. This highlights the need for more adaptive and reflective tools. Therefore, we introduced MindScratch, a multimodal generative AI (GAI) powered visual programming support tool. MindScratch aims to balance structured classroom activities with free programming creation, supporting students in completing creative programming projects based on teacher-set learning objectives while also providing programming scaffolding. Our user study results indicate that, compared to the baseline, MindScratch more effectively helps students achieve high-quality projects aligned with learning objectives. It also enhances students' computational thinking skills and creative thinking. Overall, we believe that GAI-driven educational tools like MindScratch offer students a focused and engaging learning experience.",openalex,llm,0.980,unreviewed,
discarded,"Intelligent Canvas: Enabling Design-Like Exploratory Visual Data Analysis with Generative AI through Rapid Prototyping, Iteration and Curation",Zijian Ding; Joel Chan,2024,arXiv (Cornell University),10.48550/arxiv.2402.08812,https://openalex.org/W4391835410,adjacent-subtopic,"Complex data analysis inherently seeks unexpected insights through exploratory visual analysis methods, transcending logical, step-by-step processing. However, existing interfaces such as notebooks and dashboards have limitations in exploration and comparison for visual data analysis. Addressing these limitations, we introduce a ""design-like"" intelligent canvas environment integrating generative AI into data analysis, offering rapid prototyping, iteration, and comparative visualization management. Our dual contributions include the integration of generative AI components into a canvas interface, and empirical findings from a user study (N=10) evaluating the effectiveness of the canvas interface.",openalex,llm,0.950,unreviewed,
discarded,Advancing research software engineering with AI: a research framework,Siamak Farshidi; Kwabena Ebo Bennin; Önder Babur; June Sallou; Ayalew Kassahun; Bedir Teki̇nerdoğan,2026,Automated Software Engineering,10.1007/s10515-026-00621-0,https://openalex.org/W4413043605,adjacent-subtopic,"Abstract The rapid adoption of Artificial Intelligence (AI) and Generative AI (GenAI) tools is transforming the creation, maintenance, and dissemination of research software. Despite their growing prevalence, the implications of these technologies for Research Software Engineering (RSE) practices remain underexplored. This work introduces AI4RSE , an emerging research domain focused on the integration of AI into the development lifecycle of research software. To investigate current trends in AI-augmented RSE, we conducted an empirical study of more than 1,500 open-source research software repositories hosted on Zenodo. Each repository was assessed using a quadrant-based typology defined by two key dimensions: software engineering maturity and the level of AI integration. Our analysis combined static and semantic code inspection, evaluation of alignment with the FAIR Principles for Research Software (FAIR4RS), and heuristic classification of generative AI usage and MLOps adoption. Repositories are categorized into four development modes: Exploratory Coding , Vibe Coding , RSE , and AI4RSE , which reflect different levels of process rigor and AI tool integration. While many projects exhibit informal development patterns, a growing subset demonstrates mature, AI-assisted workflows. This landscape reveals key challenges, such as reproducibility risks and licensing ambiguity, while also highlighting emerging opportunities, including AI-assisted testing and intelligent documentation generation. The findings support a research agenda for AI4RSE, outlining benchmarks, guidelines, and community standards to promote responsible, reproducible, and scalable adoption of AI in scientific software development.",openalex,llm,0.900,unreviewed,
discarded,A Road Map for Tamed Interactions with Large Language Models,Vincenzo Scotti; Jan Keim; Tobias Hey; Andreas Metzger; Anne Koziolek; Raffaela Mirandola,2026,ACM Transactions on Software Engineering and Methodology,10.1145/3832776,https://openalex.org/W7169792484,off-topic-false-hit,"Large Language Models are increasingly embedded in software systems (GenAIware), enabling new forms of automation and interaction. However, their probabilistic nature and reliance on prompt programming challenge reliability, robustness, and maintainability. In current practice, prompt-related concerns (e.g., context management, interaction logic, output validation) are embedded in general-purpose code, leading to implicit, hard-to-analyze systems. We argue that prompt programming should be treated as a first-class Software Engineering (SE) concern and propose LLM Scripting Language (LSL), a Domain-Specific Language (DSL) for structuring LLM interactions as analyzable programs. LSL introduces abstractions for interaction blocks, context scopes, output constraints, and control flow, separating deterministic logic from probabilistic model behavior while ensuring syntactic compliance. From an SE perspective, LSL supports disciplined development by making interaction logic explicit, analyzable, and amenable to verification and validation. It also acts as cognitive scaffolding, externalizing prompt design into programmable artifacts that reduce implicit reasoning and support systematic debugging, evolution, and reuse. We illustrate these properties in a structured generation scenario, showing improved failure localization and interaction transparency. While LSL does not guarantee semantic correctness or factual accuracy, it provides a principled foundation for more analyzable and maintainable prompt-based systems.",openalex,llm,0.980,unreviewed,
