status,title,authors,year,venue,doi,url,tags,abstract,provider,decision_source,llm_confidence,llm_review_outcome,llm_change_direction
kept,Literate Data Analysis with Stata and Markdown,Germán Rodríguez,2017,The Stata Journal Promoting communications on statistics and Stata,10.1177/1536867x1701700304,https://openalex.org/W2769219102,supports-claim,"In this article, I introduce markstat, a command for combining Stata code and output with comments and annotations written in Markdown into a beautiful webpage or PDF file, thus encouraging literate programming and reproducible research. The command tangles the input separating Stata and Markdown code, runs the Stata code, relies on Pandoc to process the Markdown code, and then weaves the outputs into a single file. HTML documents may include inline and display math using MathJax. Generating PDF output requires access to L A T E X and a style file from Stata but works with the same input file.",openalex,llm,1.000,unreviewed,
kept,"Galaxy: a comprehensive approach for supporting accessible, reproducible, and transparent computational research in the life sciences",Jeremy Goecks; Anton Nekrutenko; James Taylor; The Galaxy Team,2010,Genome biology,10.1186/gb-2010-11-8-r86,https://openalex.org/W2136482257,adjacent-subtopic,"Increased reliance on computational approaches in the life sciences has revealed grave concerns about how accessible and reproducible computation-reliant results truly are. Galaxy http://usegalaxy.org, an open web-based platform for genomic research, addresses these problems. Galaxy automatically tracks and manages data provenance and provides support for capturing the context and intent of computational methods. Galaxy Pages are interactive, web-based documents that provide users with a medium to communicate a complete computational analysis.",openalex,llm,0.780,unreviewed,
kept,Challenges in Preserving Intent Comprehensibility in Software,,2015,Acta Polytechnica Hungarica,10.12700/aph.12.7.2015.7.4,https://openalex.org/W4231729643,adjacent-subtopic,"Software is not only difficult to create, but it is also difficult to understand. Even the authors themselves in a relatively short time become unable to readily interpret their own code and to explain what intent they have followed by it. Software is being created with the goal to satisfy the needs of a customer or directly of the end users. Out of these needs comes the intent, which is relatively well understandable to all stakeholders. By using other specialized modeling techniques (typically the UML language) or in the code itself, use cases and other high-level specification and analytical artifacts in common software development almost completely dissolve. Along with dedicated initiatives to improve preserving intent comprehensibility in software, such as literate programming, intentional programming, aspect-oriented programming, or the DCI (Data, Context and Interaction) approach, this issue is a subject of contemporary research in the re-revealed area of engaging end users in software development, which has its roots in Alan Kay's vision of a personal computer programmable by end users. From the perspective of the reality of complex software system development, the existing approaches are solving the problem of losing intent comprehensibility only partially by a simplified and limited perception of the intent and do this only at the code level. This paper explores the challenges in preserving the intent comprehensibility in software. The thorough treatment of this problem requires a number of techniques and approaches to be engaged, including preserving use cases in the code, dynamic code structuring, executable intent representation using domain specific languages, advanced UML modularization, 3D rendering of UML, and representation and animation of organizational patterns.",openalex,llm,0.800,unreviewed,
kept,Encoding Reproducible and Executable Experiments with Jupyter Notebooks,Max Schröder; Susanne Staehlke; Frank Krüger,2020,Systems Medicine,10.1016/b978-0-12-801238-3.11686-1,https://openalex.org/W3029938589,supports-claim,"The analysis of digital data plays an essential role in today׳s research investigations. Literate programming techniques interweave documentation and source code in order to provide a comprehensive view on the research process. Jupyter Notebooks are a recent mechanism of literate programming that furthermore enables the execution of the source code in order to integrate also the results. Thus, they provide a promising method of encoding reproducible research investigations. This chapter introduces the basic concepts of Jupyter Notebooks by employing a biomedical running example. Furthermore, aspects of preservation, readability, and executability as well as sharing of the experiments are discussed by proposing example workflows.",openalex,llm,0.990,unreviewed,
discarded,Implementasi Program Gerakan Literasi Sekolah Pada Tahap Pembiasaan Membaca,Fidafatul Hidayati; Ma’as Shobirin; Fitria Martanti,2020,Magistra Media Pengembangan Ilmu Pendidikan Dasar dan Keislaman,10.31942/mgs.v11i1.3462,https://openalex.org/W3035770438,off-topic-false-hit,"Abstract This research study about implementation of literation movement program of reading habbit steps for 4th grader in SDN Sampangan, study about impact and teacher’s role in conducting literation program. This research is field research with use qualitative approach. Technique of data collection is conducted by documentation, observation and interview. Technique of data analysis is done by data reduction, data presentation, and making conclusion while to check data validity is done by observation, triangulation technique and triangulation sources. The result show that The Implementation of Literation Movement Program on Reading Habituation Step for 4th Grader in SDN Sampangan 02 through six steps. First, giving time 10-15 minutes for reading. It can be conducted in class or out of class. Summerize what they are read from the textbook. Retelling what they are read in front of the class. Giving appreciate for student who are already retelling in front of the class and making a note for book which are already read and borrowed by the student in reading card. Positive impact of this activity is there are daily reading habbit which make students become keen on reading and improving their reading references. The role of 4th grader teacher are as assistant and facilitator.",openalex,llm,1.000,unreviewed,
kept,Teaching CS/1 Courses in a Literate Manner,Bart Childs; Deborah Dunn; William M. Lively,1995,,,https://openalex.org/W2188811556,supports-claim,"The first course in Computer Science is often called `CS/1' based upon the designation in curriculae recommendations. The content of CS/1 courses often shows that it should include a significant amount of documentation, problem solving, problem formulation, : : : Experience has shown that instructors often slide into almost total emphasis on language syntax. Ask the student who has taken such a class as to its content and the answer usually comes back like ""It was a C (or Pascal or : : : ) course."" We will report on an experiment of teaching the honors section of our first course at Texas A&M University using Knuth's WEB. The primary advantage we saw in the use of the system is that the WEB system would enable the progression through the problem solving methodology by editing and extending the same document. Our analysis of data obtained by tracking the students in later semesters shows significant benefit from the use of literate programming. We found little or no problem using emacs, T E X, WEB, and requiring documentation after the initial scares in the course. We will describe how we taught the course, present performance statistics, and outline our recommendations for pursuit of similar goals. Finally, we will outline our longer range goals with the use of similar systems. 1",openalex,llm,0.980,unreviewed,
kept,ezknitr: Avoid the Typical Working Directory Pain When Using 'knitr',Dean Attali,2016,The Journal of Open Source Software,10.21105/joss.00075,https://openalex.org/W2508515095,supports-claim,"knitr' (Xie 2014) is a popular R package (R Core Team 2016) that implements the concept of literate programming (Knuth 1984) in R. It has been widely adopted in the R community as a means of generating dynamic reports. Despite its popularity, one common source of frustration with 'knitr' is that it makes important assumptions about the directory structure of the input files and does not offer much flexibility in deciding where the different output files are generated. The 'ezknitr' package (Attali 2016) is an R package that addresses these problems and enhances the functionality of 'knitr'. 'ezknitr' provides the user with complete control over where all the inputs and outputs are, and adds several other convenient features to make the process of generating dynamic documents more streamlined and efficient.",openalex,llm,0.980,unreviewed,
kept,A Review of Containerization for Interactive and Reproducible Analysis,Gregory J. Hunt; Johann A. Gagnon-Bartsch,2023,Journal of Data Science Statistics and Visualisation,10.52933/jdssv.v3i1.53,https://openalex.org/W3188518593,adjacent-subtopic,"In recent decades the analysis of data has become increasingly computational. Correspondingly, this has changed how scientific and statistical work is shared. For example, it is now commonplace for underlying analysis code and data to be proffered alongside journal publications and conference talks. Unfortunately, sharing code faces several challenges. First, it is often difficult to take code from one computer and run it on another. Code configuration, version, and dependency issues often make this challenging. Secondly, even if the code runs, it is often hard to understand or interact with the analysis. This makes it difficult to assess the code and its findings, for example, in a peer review process. In this review we describe the combination of two computing technologies that help make analyses shareable, interactive, and completely reproducible. These technologies are (1) analysis containerization, which leverages virtualization to fully encapsulate analysis, data, code and dependencies into an interactive and shareable format, and (2) code notebooks, a literate programming format for interacting with analyses. The fusion of these two technologies offers significant advantages over using either individually. This review surveys how the combination enhances the accessibility and reproducibility of code, analyses, and ideas.",openalex,llm,0.820,unreviewed,
kept,Transient Thermohydraulic Heat Pipe Modeling: Incorporating throhput into the cæsar Environment,Michael L. Hall,2003,AIP conference proceedings,10.1063/1.1541284,https://openalex.org/W2131341725,adjacent-subtopic,"The THROHPUT code, which models transient thermohydraulic heat pipe behavior, is being incorporated into the CAESAR computational physics development environment. The CAESAR environment provides many beneficial features for enhanced model development, including levelized design, unit testing, Design by ContractTM (Meyer, 1997), and literate programming (Knuth, 1992), in a parallel, object-based manner. The original THROHPUT code was developed as a doctoral thesis research code; the current emphasis is on making a robust, verifiable, documented, component-based production package. Results from the original code are included.",openalex,llm,0.800,unreviewed,
kept,WebGL and web audio software lightweight components for multimedia education,Xin Chang; Kıvanç Yüksel; Władysław Skarbek,2017,"Proceedings of SPIE, the International Society for Optical Engineering/Proceedings of SPIE",10.1117/12.2281018,https://openalex.org/W2744007107,supports-claim,"The paper presents the results of our recent work on development of contemporary computing platform DC2 for multimedia education usingWebGL andWeb Audio { the W3C standards. Using literate programming paradigm the WEBSA educational tools were developed. It offers for a user (student), the access to expandable collection of WEBGL Shaders and web Audio scripts. The unique feature of DC2 is the option of literate programming, offered for both, the author and the reader in order to improve interactivity to lightweightWebGL andWeb Audio components. For instance users can define: source audio nodes including synthetic sources, destination audio nodes, and nodes for audio processing such as: sound wave shaping, spectral band filtering, convolution based modification, etc. In case of WebGL beside of classic graphics effects based on mesh and fractal definitions, the novel image processing analysis by shaders is offered like nonlinear filtering, histogram of gradients, and Bayesian classifiers.",openalex,llm,0.840,unreviewed,
kept,Orchestrating a community-developed computational workshop and accompanying training materials,Sean Davis; Marcel Ramos; Lori Shepherd; Nitesh Turaga; Ludwig Geistlinger; Martin Morgan; Benjamin Haibe‐Kains; Levi Waldron,2018,F1000Research,10.12688/f1000research.16516.1,https://openalex.org/W2897218130,supports-claim,"The importance of bioinformatics, computational biology, and data science in biomedical research continues to grow, driving a need for effective instruction and education. A workshop setting, with lectures and guided hands-on tutorials, is a common approach to teaching practical computational and analytical methods. Here, we detail the process we used to produce high-quality, community-authored educational materials that are available for public consumption and reuse. The coordinated efforts of 17 authors over 10 weeks resulted in 15 workshops available as a website and as a 388-page electronic book. We describe how we utilized cloud infrastructure, GitHub, and a literate programming approach to robustly deliver hands-on tutorials to participants of the annual Bioconductor conference. The scripts, raw and published workshop materials, and cloud machine image are all openly available. Our approach uses free services and software and can be adapted by workshop organizers and authors in other contests with appropriate technical backgrounds.",openalex,llm,0.900,unreviewed,
kept,Delaunay graphs by divide and conquer,Christoph Burnikel,1998,Max Planck Digital Library,,https://openalex.org/W1514276217,supports-claim,This document describes the LEDA program dc_delaunay.c for computing Delaunay graphs by the divide-and-conquer method. The program can be used either with exact primitives or with non-exact primitives. It handles all cases of degeneracy and is relatively robust against the use of imprecise arithmetic. We use the literate programming tool noweb by Norman Ramsey.,openalex,llm,0.960,unreviewed,
discarded,Animations in pdfTeX-Generated PDF,Jan Holeček; Petr Sojka,2004,Lecture notes in computer science,10.1007/978-3-540-27773-6_14,https://openalex.org/W1552662221,off-topic-false-hit,,openalex,llm,0.930,unreviewed,
kept,An Accept-and-Reject Algorithm to Sample from a Set of Permutations Restricted by a Time Constraint,Johannes Hüsing,2006,Journal of Statistical Software,10.18637/jss.v016.i06,https://openalex.org/W2137828427,supports-claim,"A modification of an accept-and-reject algorithm to sample from a set of restricted permutations is proposed. By concentrating on a special class of matrices obtained by restriction of the permutation in time, assuming the objects to be permuted to be events in time, the modified algorithm's running time can be shown to be linear instead of geometric in the number of elements. The implementation of the algorithm in the language R is presented in a Literate Programming style.",openalex,llm,0.970,unreviewed,
kept,Reference Resolution in Context,Jan van Eijck,2002,,10.1163/9789004334038_009,https://openalex.org/W35718571,supports-claim,"This paper sketches an approach to pronoun reference resolution in context based on a dynamic incremental semantics for NL in polymorphic type theory. Our set-up provides full incrementality of processing, and can handle salience and pronoun resolution in context. An implementation of the system in Haskell, in ‘literate programming’ style, exists. The full literate source code can be found at http://www.cwi.nl/˜jve/papers/02/rric.",openalex,llm,0.910,unreviewed,
kept,Document driven certification of computational science and engineering software,Spencer Smith; Nirmitha Koothoor; Nedialko S. Nedialkov,2013,,10.1145/2532352.2532353,https://openalex.org/W1963871921,adjacent-subtopic,"This paper presents a documentation and development methodology to facilitate the certification of Computational Science and Engineering (CSE) software that is produced by professional end user developers to solve mathematical models of physical systems. To study the problems faced during quality assurance and certification activities, a case study was performed on legacy software used by a nuclear power generating company for safety analysis in a nuclear reactor. Although no errors were uncovered in the code, the documentation still needed significant updating for certification, since its was incomplete and inconsistent. During the case study, 27 issues were found with the documentation. This work proposes improvements to the case study software and other CSE software via a new template for the Software Requirements Specification (SRS) that clearly and sufficiently states the requirements, while satisfying the desired qualities for a good SRS. For developing the design and implementation, this paper suggests Literate Programming (LP) as an alternative to traditional structured programming. Literate Programming documents the numerical algorithms and the logic behind the development and the code together in the same document, the Literate Programmer's Manual (LPM). The LPM is developed in connection with the SRS. The explicit traceability between the theory, numerical algorithms and implementation (code), facilitates completeness and consistency, and simplifies the process of verification and the associated certification.",openalex,llm,0.760,unreviewed,
kept,Markup to generate markup to generate markup,Peter Flynn,2013,Balisage series on markup technologies,10.4242/balisagevol10.flynn01,https://openalex.org/W2422102396,supports-claim,"This paper presents an experiment in using DocBook5 to mark up and maintain LaTeX classes and packages in the literate-programming style, using XSLT2 to generate the standard format of distribution files suitable for the CTAN repository. It identifies several benefits in automation and reusability of code; a number of areas where a customisation layer for DocBook would be useful; and a few unresolved restrictions that package and class authors or maintainers would need to be aware of when editing XML.",openalex,llm,0.960,unreviewed,
kept,Computing Infrastructure and Curriculum Design for Introductory Data Science,Mine Çetinkaya-Rundel,2019,,10.1145/3287324.3287556,https://openalex.org/W2917806156,supports-claim,"The goal of this workshop is to equip educators with concrete information on content and infrastructure for designing and painlessly running a modern data science course. This is a three-part workshop. Part 1 will outline a curriculum for an introductory data science course and discuss pedagogical decisions that go into the choice of topics and concepts as well as the choice of programming language (R) and syntax (primarily tidyverse), and the emphasis on literate programming for reproducibility (with R Markdown). Part 2 will discuss infrastructure choices around teaching data science with R: RStudio as an integrated development environment, cloud-based access with RStudio Cloud and Server, version control with Git, and collaboration with GitHub. Part 3 will focus on classroom management on GitHub (with ghclass). Workshop attendees will work through several exercises from the course and get first-hand experience with using the tool-chains and techniques described above. While the workshop content will focus on usage of R, many of the pedagogical takeaways will be language agnostic. All workshop content, including teacher facing documentation and student facing course materials, will also be available to participants via datasciencebox.org. Please bring a laptop with you.",openalex,llm,0.900,unreviewed,
kept,Building-In Quality Rather Than Assessing Quality Afterwards: A Technological Solution to Ensuring Computational Accuracy in Learning Materials,Peter K. Dunn,2008,University of Southern Queensland ePrints (University of Southern Queensland),,https://openalex.org/W1540162807,supports-claim,"Quality encompasses a very broad range of ideas in learning materials, yet the accuracy of the content is often overlooked as a measure of quality. Various aspects of accuracy are briefly considered, and the issue of computational accuracy is then considered further. When learning materials are produced containing the results of mathematical computations, accuracy is essential: but how can the results of these computations be known to be correct? A solution is to embed the instructions for performing the calculations in the materials, and let the computer calculate the result and place it in the text. In this way, quality is built into the learning materials by design, not evaluated after the event. This is all accomplished using the ideas of literate programming, applied to the learning materials context. A small example demonstrates how remarkably easy the ideas are to apply in practice using the appropriate technology. Given the technology is available and is easy to use, it would seem imperative the approach discussed is adopted to improve quality in learning materials containing computational results.",openalex,llm,0.960,unreviewed,
