status,title,authors,year,venue,doi,url,tags,abstract,provider,decision_source,llm_confidence,llm_review_outcome,llm_change_direction
kept,Executable Documentation: From Documentation Languages to Purpose-Specific Languages,"Tegeler, Tim; Bosselmann, Steve; Schuermann, Jonas; Smyth, Steven; Teumert, Sebastian; Steffen, Bernhard",2022,"LEVERAGING APPLICATIONS OF FORMAL METHODS, VERIFICATION AND VALIDATION. SOFTWARE ENGINEERING, ISOLA 2022, PT II",10.1007/978-3-031-19756-7_10,https://www.webofscience.com/wos/woscc/full-record/WOS:001435171300010,qualifies-claim,"We present executable documentation as a natural continuation of a long-term trend of documentation/code alignment that started with self-documenting code in the seventies (choice of meaningful naming), followed by literate programming (documentation embedded in code) and the dual where documentation embeds code as provided by Jupyter notebooks in the beginning of the new millennium. Executable documentation goes a step further by turning domain-specific notation and documentation languages typically used in the requirements and the design phase into fully-fledged modeling/programming languages. The resulting so-called Purpose-Specific Languages are meant to tighten the semantic gap, while directly covering the what, providing the how via automated transformation, and reduce the handwritten part to why the project is of importance. We will illustrate the impact of this approach in the DevOps scenario where we turn the graphical notation GitLab provides for documenting CI/CD workflows into an Integrated Modeling Environment called Rig. At a larger scale, Rig can be seen as part of our Language-Driven Engineering approach where it covers the aspect of CI/CD at the modeling level with a push-button link towards execution. This turns the corresponding running system into the 'ultimate' documentation where the understanding of all stakeholders should converge.",wos,llm,0.950,unreviewed,
kept,"Callisto: Capturing the ""Why"" by Connecting Conversations with Computational Narratives","Wang, April Yi; Wu, Zihan; Brooks, Christopher; Oney, Steve",2020,PROCEEDINGS OF THE 2020 CHI CONFERENCE ON HUMAN FACTORS IN COMPUTING SYSTEMS (CHI'20),10.1145/3313831.3376740,https://www.webofscience.com/wos/woscc/full-record/WOS:000696110400029,adjacent-subtopic,"When teams of data scientists collaborate on computational notebooks, their discussions often contain valuable insight into their design decisions. These discussions not only explain analysis in the current notebook but also alternative paths, which are often poorly documented. However, these discussions are disconnected from the notebooks for which they could provide valuable context. We propose Callisto, an extension to computational notebooks that captures and stores contextual links between discussion messages and notebook elements with minimal effort from users. Callisto allows notebook readers to better understand the current notebook content and the overall problem-solving process that led to it, by making it possible to browse the discussions and code history relevant to any part of the notebook. This is particularly helpful for onboarding new notebook collaborators to avoid misinterpretations and duplicated work, as we found in a two-stage evaluation with 32 data science students.",wos,llm,0.880,unreviewed,
kept,Literate programming with CCTBX and PyMOL in Jupyter notebooks Computing & Data Management,"Mooers, Blaine",2021,ACTA CRYSTALLOGRAPHICA A-FOUNDATION AND ADVANCES,10.1107/S0108767321098111,https://www.webofscience.com/wos/woscc/full-record/WOS:000720840500189,supports-claim,,wos,llm,0.920,unreviewed,
discarded,Publishing computational research-a review of infrastructures for reproducible and transparent scholarly communication,"Konkol, Markus; Nuest, Daniel; Goulier, Laura",2020,RESEARCH INTEGRITY AND PEER REVIEW,10.1186/s41073-020-00095-y,https://www.webofscience.com/wos/woscc/full-record/WOS:000552995700001,adjacent-subtopic,"Background The trend toward open science increases the pressure on authors to provide access to the source code and data they used to compute the results reported in their scientific papers. Since sharing materials reproducibly is challenging, several projects have developed solutions to support the release of executable analyses alongside articles. Methods We reviewed 11 applications that can assist researchers in adhering to reproducibility principles. The applications were found through a literature search and interactions with the reproducible research community. An application was included in our analysis if it(i)was actively maintained at the time the data for this paper was collected,(ii)supports the publication of executable code and data,(iii)is connected to the scholarly publication process. By investigating the software documentation and published articles, we compared the applications across 19 criteria, such as deployment options and features that support authors in creating and readers in studying executable papers. Results From the 11 applications, eight allow publishers to self-host the system for free, whereas three provide paid services. Authors can submit an executable analysis using Jupyter Notebooks or R Markdown documents (10 applications support these formats). All approaches provide features to assist readers in studying the materials, e.g., one-click reproducible results or tools for manipulating the analysis parameters. Six applications allow for modifying materials after publication. Conclusions The applications support authors to publish reproducible research predominantly with literate programming. Concerning readers, most applications provide user interfaces to inspect and manipulate the computational analysis. The next step is to investigate the gaps identified in this review, such as the costs publishers have to expect when hosting an application, the consideration of sensitive data, and impacts on the review process.",wos,llm,0.850,unreviewed,
kept,A reproducible educational plan to teach mini autonomous race car programming,"Eken, Suleyman; Sara, Muhammed; Satilmis, Yusuf; Karsli, Munir; Tufan, Muhammet Furkan; Menhour, Houssem; Sayar, Ahmet",2020,INTERNATIONAL JOURNAL OF ELECTRICAL ENGINEERING EDUCATION,10.1177/0020720920907879,https://www.webofscience.com/wos/woscc/full-record/WOS:000514771000001,supports-claim,"As autonomous cars and complex features of them grow in popularity, ensuring that analyses and capabilities are reproducible and repeatable has taken on importance in education plans too. This paper describes a reproducible research plan on mini autonomous race car programming. This educational plan is designed and implemented as part of a summer internship program at Kocaeli University and it consists of theoretical courses and laboratory assignments. A literate programming approach with the Python language is used for programming the race car. To assess the educational program's impact on the learning process and to evaluate the acceptance and satisfaction level of students, they answered an electronic questionnaire after finishing the program. According to students' feedback, the reproducible educational program is useful for learning and consolidating new concepts of mini autonomous car programming.",wos,llm,0.900,unreviewed,
discarded,IUI4EUD: Intelligent User Interfaces for End-User Development,"Myers, Brad A.",2020,"PROCEEDINGS OF THE 25TH INTERNATIONAL CONFERENCE ON INTELLIGENT USER INTERFACES, IUI 2020",10.1145/3377325.3380622,https://www.webofscience.com/wos/woscc/full-record/WOS:001062821300001,off-topic-false-hit,"End-User Developers program to meet some goal other than the code itself. This includes scientists, data analysts, and the general public when they write code. We have been working for many years on various ways to make end-user development more successful. In this talk, I will focus on two new projects where we are applying intelligent user interfaces to this long-standing challenge. In SUGILITE, the user can teach an intelligent agent new skills interactively with the user interfaces of relevant smartphone apps through a combination of programming by example (PBE) and natural language instructions. For instance, a user can teach SUGILITE how to order the cheaper car between Uber and Lyft, even though SUGILITE has no access to their APIs, no knowledge about the task domain, and no understanding of the concept ""cheap"" in advance. Another project, called Verdant, is focusing on helping data scientists, including those using Machine Learning and AI, to do exploratory programming. Verdant supports micro-versioning in computational notebooks for understanding the difference among the output and code of different versions, backtracking, provenance of output to its code, and searching the history. A goal for Verdant is to intelligently organize and summarize the raw history data to help data scientists make effective choices from it.",wos,llm,0.950,unreviewed,
kept,Exploring the Benefits and Barriers of Using Computational Notebooks for Collaborative Programming Assignments,"Borowski, Marcel; Zagermann, Johannes; Klokmose, Clemens N.; Reiterer, Harald; Radle, Roman",2020,SIGCSE 2020: PROCEEDINGS OF THE 51ST ACM TECHNICAL SYMPOSIUM ON COMPUTER SCIENCE EDUCATION,10.1145/3328778.3366887,https://www.webofscience.com/wos/woscc/full-record/WOS:000810169400077,supports-claim,"Programming assignments in computer science courses are often processed in pairs or groups of students. While working together, students face several shortcomings in today's software: The lack of real-time collaboration capabilities, the setup time of the development environment, and the use of different devices or operating systems can hamper students when working together on assignments. Text processing platforms like Google Docs solve these problems for the writing process of prose text, and computational notebooks like Google Colaboratory for data analysis tasks. However, none of these platforms allows users to implement interactive applications. We deployed a web-based literate programming system for three months during an introductory course on application development to explore how collaborative programming practices unfold and how the structure of computational notebooks affect the development. During the course, pairs of students solved weekly programming assignments. We analyzed data from weekly questionnaires, three focus groups with students and teaching assistants, and keystroke-level log data to facilitate the understanding of the subtleties of collaborative programming with computational notebooks. Findings reveal that there are distinct collaboration patterns; the preferred collaboration pattern varied between pairs and even varied within pairs over the course of three months. Recognizing these distinct collaboration patterns can help to design future computational notebooks for collaborative programming assignments.",wos,llm,0.950,unreviewed,
kept,Benefits and Pitfalls of Jupyter Notebooks in the Classroom,"Johnson, Jeremiah W.",2020,"PROCEEDINGS OF THE 21ST ANNUAL CONFERENCE ON INFORMATION TECHNOLOGY EDUCATION, SIGITE 2020",10.1145/3368308.3415397,https://www.webofscience.com/wos/woscc/full-record/WOS:001686644000006,qualifies-claim,"Jupyter notebooks are widely used in industry and in academic research, but have only begun to make inroads into the classroom. The design of the Jupyter notebook is in many ways well suited for teaching subjects in information technology and computer science, but it is a tool that departs significantly from a standard text editor or integrated development environment, and thus carries with it several unique advantages as well as several surprising potential pitfalls. As use of Jupyter notebooks has grown, so has criticism of the notebook, for varied reasons: notebooks can behave in unexpected ways, they can be difficult to reproduce, they open up potential security issues, and they may encourage poor coding practices. A set of best practices to guide instructors and help addressing these concerns when using Jupyter notebooks in the classroom is currently lacking. This paper addresses the strengths and weaknesses of the Jupyter notebook for education, drawing on existing literature as well as the author's experience teaching a range of courses with Jupyter notebooks for over five years, and recommends a set of best practices for teaching with the Jupyter notebook.",wos,llm,0.930,unreviewed,
discarded,Towards Effective Foraging by Data Scientists to Find Past Analysis Choices,"Kery, Mary Beth; John, Bonnie E.; O'Flaherty, Patrick; Horvath, Amber; Myers, Brad A.",2019,CHI 2019: PROCEEDINGS OF THE 2019 CHI CONFERENCE ON HUMAN FACTORS IN COMPUTING SYSTEMS,10.1145/3290605.3300322,https://www.webofscience.com/wos/woscc/full-record/WOS:000474467901021,adjacent-subtopic,"Data scientists are responsible for the analysis decisions they make, but it is hard for them to track the process by which they achieved a result. Even when data scientists keep logs, it is onerous to make sense of the resulting large number of history records full of overlapping variants of code, output, plots, etc. We developed algorithmic and visualization techniques for notebook code environments to help data scientists forage for information in their history. To test these interventions, we conducted a think-aloud evaluation with 15 data scientists, where participants were asked to find specific information from the history of another person's data science project. The participants succeed on a median of 80% of the tasks they performed. The quantitative results suggest promising aspects of our design, while qualitative results motivated a number of design improvements. The resulting system, called Verdant, is released as an open-source extension for JupyterLab.",wos,llm,0.880,unreviewed,
kept,A Notebook Format for the Holistic Design of Embedded Systems (Tool Paper),"Park, Spencer; Sekerinski, Emil",2018,ELECTRONIC PROCEEDINGS IN THEORETICAL COMPUTER SCIENCE,10.4204/EPTCS.284.7,https://www.webofscience.com/wos/woscc/full-record/WOS:000465433300008,supports-claim,"This paper proposes the use of notebooks for the design documentation and tool interaction in the rigorous design of embedded systems. Conventionally, a notebook is a sequence of cells alternating between (textual) code and prose to form a document that is meant to be read from top to bottom, in the spirit of literate programming. We extend the use of notebooks to embedded systems specified by pCharts. The charts are visually edited in cells inline. Other cells can contain statements that generate code and analyze the charts qualitatively and quantitatively; in addition, notebook cells can contain other instructions to build the product from the generated code. This allows a notebook to be replayed to re-analyze the design and re-build the product, like a script, but also allows the notebook to be used for presentations, as for this paper, and for the inspection of the design. The interaction with the notebook is done through a web browser that connects to a local or remote server, thus allowing a computationally intensive analysis to run remotely if needed. The pState notebooks are implemented as an extension to Jupyter. The underlying software architecture is described and the issue of proper placement of transition labels in charts embedded in notebooks is discussed.",wos,llm,0.930,unreviewed,
kept,Bacata: A Language Parametric Notebook Generator (Tool Demo),"Merino, Mauricio Verano; Vinju, Jurgen; van der Storm, Tijs",2018,PROCEEDINGS OF THE 11TH ACM SIGPLAN INTERNATIONAL CONFERENCE ON SOFTWARE LANGUAGE ENGINEERING (SLE '18),10.1145/3276604.3276981,https://www.webofscience.com/wos/woscc/full-record/WOS:000458145800022,supports-claim,"Interactive notebooks allow people to communicate and collaborate through a single rich document that might include live code, multimedia, computed results, and documentation, which is persisted as a whole for reproducibility. Notebooks are currently being used extensively in domains such as data science, data journalism, and machine learning. However, constructing a notebook interface for a new language requires a lot of effort. In this tool paper, we present Bacata, a language parametric notebook generator for domain-specific languages (DSL) based on the Jupyter framework. Bacata is designed so that language engineers may reuse existing language components (such as parsers, code generators, interpreters, etc.) as much as possible. Moreover, we explain the design of Bacata and how DSL notebooks can be generated with minimum effort in the context of the Rascal meta programming system and language workbench.",wos,llm,0.900,unreviewed,
kept,Codestrates: Literate Computing with Webstrates,"Radle, Roman; Nouwens, Midas; Antonsen, Kristian; Eagan, James R.; Klokmose, Clemens N.",2017,UIST'17: PROCEEDINGS OF THE 30TH ANNUAL ACM SYMPOSIUM ON USER INTERFACE SOFTWARE AND TECHNOLOGY,10.1145/3126594.3126642,https://www.webofscience.com/wos/woscc/full-record/WOS:000455360100062,qualifies-claim,"We introduce Codestrates, a literate computing approach to developing interactive software. Codestrates blurs the distinction between the use and development of applications. It builds on the literate computing approach, commonly found in interactive notebooks such as Jupyter notebook. Literate computing weaves together prose and live computation in the same document. However, literate computing in interactive notebooks are limited to computation and it is challenging to extend their user interface, reprogram their functionality, or develop stand-alone applications. Codestrates builds literate computing capabilities on top of Webstrates and demonstrates how it can be used for (i) collaborative interactive notebooks, (ii) extending its functionality from within itself, and (iii) developing reprogrammable applications.",wos,llm,0.950,unreviewed,
kept,Voyant Notebooks: Literate Programming and Programming Literacy.,Stéfan Sinclair; Geoffrey Rockwell,2013,DH,,https://dblp.org/rec/conf/dihu/SinclairR13,adjacent-subtopic,,dblp,llm,0.800,unreviewed,
discarded,"Reproducible, interactive, scalable and extensible microbiome data science using QIIME 2",Evan Bolyen; Jai Ram Rideout; Matthew R. Dillon; Nicholas A. Bokulich; Christian C. Abnet; Gabriel A. Al‐Ghalith; Harriet Alexander; Eric J. Alm; Manimozhiyan Arumugam; Francesco Asnicar; Yang Bai; Jordan E. Bisanz; Kyle Bittinger; Asker Brejnrod; Colin Brislawn; C. Titus Brown; Benjamin J. Callahan; Andrés Mauricio Caraballo‐Rodríguez; John Chase; Emily K. Cope; Ricardo Silva; Christian Diener; Pieter C. Dorrestein; Gavin M. Douglas; Daniel M. Durall; Claire Duvallet; Christian F. Edwardson; Madeleine Ernst; Mehrbod Estaki; Jennifer Fouquier; Julia M. Gauglitz; Sean M. Gibbons; Deanna L. Gibson; Antonio González; Kestrel Gorlick; Jiarong Guo; Benjamin Hillmann; Susan Holmes; Hannes Holste; Curtis Huttenhower; Gavin Huttley; Stefan Janssen; Alan K. Jarmusch; Lingjing Jiang; Benjamin D. Kaehler; Kyo Bin Kang; Christopher R. Keefe; Paul Keim; Scott T. Kelley; Dan Knights; Irina Koester; Tomasz Kościółek; Jorden Kreps; Morgan G. I. Langille; Joslynn S. Lee; Ruth E. Ley; Yongxin Liu; Erikka Loftfield; Catherine Lozupone; Massoud Maher; Clarisse Marotz; Bryan D Martin; Daniel McDonald; Lauren J. McIver; Alexey V. Melnik; Jessica L. Metcalf; Sydney Morgan; Jamie Morton; Ahmad Turan Naimey; José A. Navas-Molina; Louis‐Félix Nothias; Stephanie B. Orchanian; Talima Pearson; Samuel L Peoples; Daniel Petras; Mary L. Preuss; Elmar Pruesse; Lasse Buur Rasmussen; Adam R. Rivers; Michael S. Robeson; Patrick Rosenthal; Nicola Segata; Michael Shaffer; Arron Shiffer; Rashmi Sinha; Se Jin Song; John R. Spear; Austin D. Swafford; Luke Thompson; Pedro J. Torres; Pauline Trinh; Anupriya Tripathi; Peter J. Turnbaugh; Sabah Ul-Hasan; Justin J. J. van der Hooft; Fernando Vargas; Yoshiki Vázquez‐Baeza; Emily Vogtmann; Max von Hippel; William A. Walters,2019,Nature Biotechnology,10.1038/s41587-019-0209-9,https://openalex.org/W2963276645,adjacent-subtopic,"QIIME 2 development was primarily funded by NSF Awards 1565100 to J.G.C. and 1565057 to R.K. Partial support was also provided by the following: grants NIH U54CA143925 (J.G.C. and T.P.) and U54MD012388 (J.G.C. and T.P.); grants from the Alfred P. Sloan Foundation (J.G.C. and R.K.); ERCSTG project MetaPG (N.S.); the Strategic Priority Research Program of the Chinese Academy of Sciences QYZDB-SSW-SMC021 (Y.B.); the Australian National Health and Medical Research Council APP1085372 (G.A.H., J.G.C., Von Bing Yap and R.K.); the Natural Sciences and Engineering Research Council (NSERC) to D.L.G.; and the State of Arizona Technology and Research Initiative Fund (TRIF), administered by the Arizona Board of Regents, through Northern Arizona University. All NCI coauthors were supported by the Intramural Research Program of the National Cancer Institute. S.M.G. and C. Diener were supported by the Washington Research Foundation Distinguished Investigator Award.",openalex,llm,0.730,unreviewed,
