status,title,authors,year,venue,doi,url,tags,abstract,provider,decision_source,llm_confidence,llm_review_outcome,llm_change_direction
discarded,Archimedes: Developing a Model of Cognition and Intelligent Learning System to Support Metacognition in Novice Programmers,Phyllis J. Beck; M. Jean Mohammadi-Aragh,2020,2020 IEEE Frontiers in Education Conference (FIE),10.1109/FIE44824.2020.9274133,https://ieeexplore.ieee.org/document/9274133/,adjacent-subtopic,"This is a Work-in-Progress Innovative Practice paper. This paper introduces a multidimensional model of cognition and an application programming interface (API) for an intelligent learning system, which we will refer to as Archimedes, that implements the first two components of the model of cognition into a web application. The model of cognition currently includes five components thinking processes, organizational strategy, design cohesion, skill mastery, and path of program development. Together these components seek to support six strategies of metacognition, metacognitive scaffolding, reflective prompts, self-assessment, self-questioning, self-directed learning, and graphic organizers. This paper focuses on the implementation and integration of the first two components of the model, thinking processes and organizational strategies into a web application. Together these components integrate Writing-To-Learn and literate programming paradigms to allow the Archimedes application to assess introductory programming students' current level of metacognition and provide automated feedback and allow them to self-monitor, self-assess and improve self-efficacy through the development of strategic knowledge for solving real-world programming problems.",ieee,llm,0.720,unreviewed,
kept,Requirements for an elucidative programming environment,K. Normark,2000,Proceedings IWPC 2000. 8th International Workshop on Program Comprehension,10.1109/WPC.2000.852486,https://ieeexplore.ieee.org/document/852486/,qualifies-claim; criticism,"Motivates a variation of literate programming which I call ""elucidative programming"". Elucidative programming is oriented towards program explanation, with the purpose of throwing light on important and complex program relationships. Since it was proposed by D.E. Knuth (1984), literate programming has been one of the most viable approaches to radically improving internal program documentation. Unfortunately, most programmers find the ideas of literate programming, as supported by Web-like tools, far too impractical, academic and far-fetched in relation to current programming practices. With elucidative programming, I focus on the best ideas of literate programming. I disregard the program-publishing aspects as technical literature, and I provide mechanisms with which documentation can be added to a program without affecting or disturbing the source program. My ideas about elucidative programming are presented as a number of requirements, and in a discussion of programming environment issues in relation to these new ideas.",ieee,human,0.980,human,
kept,Aspects of internal program documentation-an elucidative perspective,T. Vestdam; K. Normark,2002,Proceedings 10th International Workshop on Program Comprehension,10.1109/WPC.2002.1021315,https://ieeexplore.ieee.org/document/1021315/,qualifies-claim,"It is difficult and challenging to comprehend the internal aspects of a program. The internal aspects are seen as contrasts to end user aspects and interface aspects. Internal program documentation is relevant for almost any kind of software. The internal program documentation represents the original as well as the accumulated understanding of the program, which is very difficult to extract from the source program and its modifications over time. Elucidative programming is a documentation technique that was originally inspired by literate programming. As an important difference between the two, elucidative programming does not call for any reorganization of the source programs, as required by literate programming tools. Elucidative programming provides for mutual navigation in between program source files and sections of the documentation. The navigation takes place in an Internet browser applying a two-framed layout. In this paper we investigate the applicability of elucidative programming in a number of areas related to internal program documentation. It is concluded that elucidative programming can solve a number of concrete problems in the areas of program tutorials, frameworks, and program reviews. In addition we see positive impacts of elucidative programming in the area of programming education.",ieee,llm,0.950,unreviewed,
kept,Relational views for program comprehension,T. Jones; W. Allison; D. Carrington,1994,Proceedings 1994 IEEE 3rd Workshop on Program Comprehension- WPC '94,10.1109/WPC.1994.341262,https://ieeexplore.ieee.org/document/341262/,adjacent-subtopic,"In this paper we describe UQ*, an integrated development environment that is currently under construction at the University of Queensland. Its architecture supports the definition of multiple documents and multiple document types, and allows the relationships that are implicit within the set of documents to be represented explicitly. We identify two techniques that aid program comprehension which require knowledge about the relationships that exist in and between documents. They are program dependency analysis and literate programming. Two simple examples are presented to illustrate the flexible definition of relations within such an architecture and the use of relations for presentation of and navigation through, various views of a program and its related documentation. These examples highlight the application of such an approach to program dependency analysis and literate programming.<>",ieee,llm,0.840,unreviewed,
kept,Interval Tools for ODEs and DAEs,N.S. Nedialkov,2006,"12th GAMM - IMACS International Symposium on Scientific Computing, Computer Arithmetic and Validated Numerics (SCAN 2006)",10.1109/SCAN.2006.28,https://ieeexplore.ieee.org/document/4402394/,supports-claim,"We overview the current state of interval methods and software for computing bounds on solutions in initial value problems (IVPs)for ordinary differential equations (ODEs). We introduce the VNODE-LP solver for IVP ODEs, a successor of the author's VNODE package. VNODE-LP is implemented entirely using literate programming. A major goal of the VNODE-LP work is to produce an interval solver such that its correctness can be verified by a human expert, similar to how mathematical results are certified for correctness. We also discuss the state in computing bounds on solutions in differential algebraic equations.",ieee,llm,0.950,unreviewed,
discarded,An animatable operational semantics of the Verilog hardware description language,J.P. Bowen; He Jifeng; Xu Qiwen,2000,ICFEM 2000. Third IEEE International Conference on Formal Engineering Methods,10.1109/ICFEM.2000.873820,https://ieeexplore.ieee.org/document/873820/,adjacent-subtopic,"An operational semantics of a significant subset of the Verilog hardware description language (HDL) is presented. The semantics is encoded using the logic programming language Prolog in a literate programming style. This allows the associated documentation to be maintained in step with the semantics, and the printed version to be presented in a standard mathematical operational semantics style. It also enables the semantics to be directly animated using a Prolog interpreter. Using this approach allows the exploration of sometimes subtle behaviours of parallel programs and the possibility of rapid changes or additions to the semantics of the language covered that could be missed otherwise. In addition, it provides and extra check on the validity of the operational semantics.",ieee,llm,0.790,unreviewed,
kept,"Don't verify, abstract!",C. O'Halloran; A. Smith,1998,Proceedings 13th IEEE International Conference on Automated Software Engineering (Cat. No.98EX239),10.1109/ASE.1998.732573,https://ieeexplore.ieee.org/document/732573/,adjacent-subtopic,"Describes a notation and tool for demonstrating to a third-party certifier that software written in a subset of Ada is safe, and gives some experience of using them on real projects. The thesis underlying the design is that people write adequate code, but that they make design and implementation decisions which can conflict with each other to introduce safety problems. The usual paradigm of formally specifying and then developing and verifying the code is less cost-effective than writing the code and then abstracting it to a level that is suitable for human judgements to be made. This is because there are more people who know how to write good code than those who can write effective formal specifications. The tool processes a formal, or informal, argument that code meets its safety requirements using literate programming and concepts from the refinement calculus developed at Oxford University.",ieee,llm,0.820,unreviewed,
discarded,Modeling stateless transport protocols in ns-3,Dmitry Ju. Chalyy,2015,2015 17th Conference of Open Innovations Association (FRUCT),10.1109/FRUCT.2015.7117967,https://ieeexplore.ieee.org/document/7117967/,off-topic-false-hit,"Development of transport protocols have received a great deal of attention of network research community at several past decades. One of the general directions of such an effort was to improve a congestion control mechanism of the TCP (Transmission Control Protocol), which is tightly bounded with other components of the protocol responsible, for example, for robust delivery of data and loss detection. Such a solid architecture complicates innovations in this area and leads to inefficient or misleading functioning in different network settings. Last decade has shown the emergence of new communication paradigms such as cloud computing, software-defined networks, sensor networks, fog networks etc. Thus, rethinking architecture of the transport protocol can be useful to comply new demands. The standard TCP approach ties the transport connection to its endpoints however approaching network applications in new network settings may demand more flexible and transparent data transfer. For example, in cloud computing architectures, servers can dynamically power on or shutdown and such a behavior must be transparent for clients. This can be difficult or even impossible to achieve if the transport protocol's state is distributed between both sides of the connection. We consider a protocol called the Trickles [1], which is one of the first efforts to migrate all connection state to one endpoint allowing its counterpart to operate without any per-connection state. In this paper we describe the architecture of the model of such a stateless protocol and describe a framework that can be used to model such protocols in ns-3. Another contribution of the paper is an approach based on ideas of literate programming [3] to achieve reproducible results of analysis of network protocols.",ieee,llm,0.980,unreviewed,
kept,Context-Aware Notebook Search in a Jupyter-Based Virtual Research Environment,Na Li; Siamak Farshidi; Riccardo Bianchi; Spiros Koulouzis; Zhiming Zhao,2022,2022 IEEE 18th International Conference on e-Science (e-Science),10.1109/eScience55777.2022.00054,https://ieeexplore.ieee.org/document/9973460/,supports-claim,"Computational notebook environments such as the Jupyter play an increasingly important role in data-centric research for prototyping computational experiments, documenting code implementations, and sharing scientific results. Effectively discovering and reusing notebooks available on the web can reduce repetitive work and facilitate scientific innovations. However, general-purpose web search engines (e.g., Google Search) do not explicitly index the contents of notebooks, and notebook repositories (e.g., Kaggle and GitHub) require users to create domain-specific queries based on the metadata in the notebook catalogs, which fail to capture the working contexts in the notebook environment. This poster presents a Context-aware Notebook Search Framework (CANSF) to enable a researcher to seamlessly discover external notebooks based on semantic contexts of the literate programming activities in the Jupyter environment.",ieee,llm,0.940,unreviewed,
kept,Enhancing Comprehension and Navigation in Jupyter Notebooks with Static Analysis,Ashwin Prasad Shivarpatna Venkatesh; Jiawei Wang; Li Li; Eric Bodden,2023,"2023 IEEE International Conference on Software Analysis, Evolution and Reengineering (SANER)",10.1109/SANER56733.2023.00044,https://ieeexplore.ieee.org/document/10123615/,qualifies-claim,"Jupyter notebooks enable developers to interleave code snippets with rich-text and in-line visualizations. Data scientists use Jupyter notebook as the de-facto standard for creating and sharing machine-learning based solutions, primarily written in Python. Recent studies have demonstrated, however, that a large portion of Jupyter notebooks available on public platforms are undocumented and lacks a narrative structure. This reduces the readability of these notebooks. To address this shortcoming, this paper presents HeaderGen, a novel tool-based approach that automatically annotates code cells with categorical markdown headers based on a taxonomy of machine-learning operations, and classifies and displays function calls according to this taxonomy. For this functionality to be realized, HeaderGen enhances an existing call graph analysis in PyCG. To improve precision, HeaderGen extends PyCG's analysis with support for handling external library code and flow-sensitivity. The former is realized by facilitating the resolution of function return-types. Furthermore, HeaderGen uses type information to perform pattern matching on code syntax to annotate code cells.The evaluation on 15 real-world Jupyter notebooks from Kaggle shows that HeaderGen's underlying call graph analysis yields high accuracy (96.4% precision and 95.9% recall). This is because HeaderGen can resolve return-types of external libraries where existing type inference tools such as pytype (by Google), pyright (by Microsoft), and Jedi fall short. The header generation has a precision of 82.2% and a recall rate of 96.8% with regard to headers created manually by experts. In a user study, HeaderGen helps participants finish comprehension and navigation tasks faster. All participants clearly perceive HeaderGen as useful to their task.",ieee,llm,0.970,unreviewed,
kept,The Design Space of Computational Notebooks: An Analysis of 60 Systems in Academia and Industry,Sam Lau; Ian Drosos; Julia M. Markel; Philip J. Guo,2020,2020 IEEE Symposium on Visual Languages and Human-Centric Computing (VL/HCC),10.1109/VL/HCC50065.2020.9127201,https://ieeexplore.ieee.org/document/9127201/,qualifies-claim,"Computational notebooks such as Jupyter are now used by millions of data scientists, machine learning engineers, and computational researchers to do exploratory and end-user programming. In recent years, dozens of different notebook systems have been developed across academia and industry. However, we still lack an understanding of how their individual designs relate to one another and what their tradeoffs are. To provide a holistic view of this rapidly-emerging landscape, we performed, to our knowledge, the first comprehensive design analysis of dozens of notebook systems. We analyzed 60 notebooks (16 academic papers, 29 industry products, and 15 experimental/R&D projects) and formulated a design space that succinctly captures variations in system features. Our design space covers 10 dimensions that include diverse ways of importing data, editing code and prose, running code, and publishing notebook outputs. We conclude by suggesting ways for researchers to push future projects beyond the current bounds of this space.",ieee,llm,0.820,unreviewed,
kept,A Large-Scale Study About Quality and Reproducibility of Jupyter Notebooks,João Felipe Pimentel; Leonardo Murta; Vanessa Braganholo; Juliana Freire,2019,2019 IEEE/ACM 16th International Conference on Mining Software Repositories (MSR),10.1109/MSR.2019.00077,https://ieeexplore.ieee.org/document/8816763/,qualifies-claim,"Jupyter Notebooks have been widely adopted by many different communities, both in science and industry. They support the creation of literate programming documents that combine code, text, and execution results with visualizations and all sorts of rich media. The self-documenting aspects and the ability to reproduce results have been touted as significant benefits of notebooks. At the same time, there has been growing criticism that the way notebooks are being used leads to unexpected behavior, encourage poor coding practices, and that their results can be hard to reproduce. To understand good and bad practices used in the development of real notebooks, we studied 1.4 million notebooks from GitHub. We present a detailed analysis of their characteristics that impact reproducibility. We also propose a set of best practices that can improve the rate of reproducibility and discuss open challenges that require further research and development.",ieee,llm,0.980,unreviewed,
kept,"Entangled, a Bidirectional System for Sustainable Literate Programming",Johan Hidding,2023,2023 IEEE 19th International Conference on e-Science (e-Science),10.1109/e-Science58273.2023.10254816,https://ieeexplore.ieee.org/document/10254816/,supports-claim,"In order to increase the reliability of scientific discourse, the Open Science movement has proposed stronger emphasis open access publishing, open data, and improved coding practices. Such goals should also be supported by better tooling for publishing research with a strong software component. Literate Programming is a paradigm for creating and publishing about software, where functioning source code is interlaced with literary prose. As such literate programming is ideal for mixing scientific content with its own software implementation. The reason why literate programming has not found widespread adoption by the community is two-fold: lack of proper tooling and general unawareness in the scientific community. Entangled aims to remedy the first problem, with the long term ambition to work on the second. A problem holding back literate programming has always been the perceived lack of maintainability of literate programs. Entangled is a Markdown based system that keeps the literate text synchronized with extracted source code. Because Entangled works both ways, the user can keep using their IDE for linting, debugging or AI outsourcing. This paper explores the Entangled method, how it fits with current landscape of tooling, and ramifications for how software publications could look in the future.",ieee,llm,0.980,unreviewed,
kept,Cloud-Operated Open Literate Educational Resources: The Case of the MyBinder,Alberto Corbi; Daniel Burgos; Antonio María Pérez,2024,IEEE Transactions on Learning Technologies,10.1109/TLT.2023.3343690,https://ieeexplore.ieee.org/document/10365663/,supports-claim,"Literate programming and cloud-operated open literate educational resources (COOLERs) have been catching the attention of the education community in recent years. This set of learning materials mainly comprises digital notebook-like documents, which are stored, backed, and delivered from cloud services and eventually displayed in students' web browsers. As we demonstrate in this article, the advent of cloud architectures and the COVID-19 pandemic (which forced worldwide long-term distant academic environments) fortuitously teamed up with this learning and methodological trend by easing its use and fostering its adoption. With more detail, we have quantitatively measured the impact that the COOLER paradigm has had on the teaching realm by analyzing five years of logged data gathered by its current major player in the ecosystem: MyBinder. Among other results, we show how this growth in the production and delivery of notebooks made an important leap during the second SARS-CoV-2 wave (July–September 2020). However, the general usage trend seems to have strongly decreased after the end of the most recent seventh wave (September 2022), coinciding with the official end of the global health crisis and all the lockdown episodes. From these examined data, we conclude that COOLER and recent massive online learning scenarios have been very intimately linked. This fact may represent a flaw in the adoption of these exciting and useful learning materials.",ieee,llm,0.970,unreviewed,
