status,title,authors,year,venue,doi,url,tags,abstract,provider,decision_source,llm_confidence,llm_review_outcome,llm_change_direction
discarded,Slide4N: Creating Presentation Slides from Computational Notebooks with Human-AI Collaboration,Fengjie Wang; Xuye Liu; Oujing Liu; Ali Neshati; Tengfei Ma; Min Zhu; Jian Zhao,2023,,10.1145/3544548.3580753,https://openalex.org/W4366550073,adjacent-subtopic,"Data scientists often have to use other presentation tools (e.g., Microsoft PowerPoint) to create slides to communicate their analysis obtained using computational notebooks. Much tedious and repetitive work is needed to transfer the routines of notebooks (e.g., code, plots) to the presentable contents on slides (e.g., bullet points, figures). We propose a human-AI collaborative approach and operationalize it within Slide4N, an interactive AI assistant for data scientists to create slides from computational notebooks. Slide4N leverages advanced natural language processing techniques to distill key information from user-selected notebook cells and then renders them in appropriate slide layouts. The tool also provides intuitive interactions that allow further refinement and customization of the generated slides. We evaluated Slide4N with a two-part user study, where participants appreciated this human-AI collaborative approach compared to fully-manual or fully-automatic methods. The results also indicate the usefulness and effectiveness of Slide4N in slide creation tasks from notebooks.",openalex,llm,0.880,unreviewed,
kept,Urban Street Network Analysis in a Computational Notebook,Geoff Boeing,2020,REGION,10.18335/region.v6i3.278,https://openalex.org/W2997898226,supports-claim,"Computational notebooks offer researchers, practitioners, students, and educators the ability to interactively run code and disseminate reproducible workflows that weave together code, visuals, and narratives. This article explores the potential of computational notebooks in urban analytics and planning, demonstrating their utility through a case study of OSMnx and its tutorials repository. OSMnx is a Python package for working with OpenStreetMap data and modeling, analyzing, and visualizing street networks anywhere in the world. Its official demos and tutorials are distributed as open-source Jupyter notebooks on GitHub. This article showcases this resource by documenting the repository and demonstrating OSMnx interactively through a synoptic tutorial adapted from the repository. It illustrates how to download and model street networks for various study sites, compute network indicators, visualize street centrality, calculate routes, and work with other spatial data such as building footprints and points of interest. Computational notebooks can empower guides for introducing methods to new users and can help researchers reach broader audiences interested in learning from, adapting, and remixing their work. Due to their utility and versatility, the ongoing adoption of computational notebooks in urban planning, analytics, and related geocomputation disciplines should continue into the future.",openalex,llm,0.920,unreviewed,
kept,Refactoring in Computational Notebooks,Eric S. Liu; Dylan A. Lukes; William G. Griswold,2022,ACM Transactions on Software Engineering and Methodology,10.1145/3576036,https://openalex.org/W4311349022,qualifies-claim; criticism,"Due to the exploratory nature of computational notebook development, a notebook can be extensively evolved even though it is small, potentially incurring substantial technical debt. Indeed, in interview studies notebook authors have attested to performing ongoing tidying and big cleanups. However, many notebook authors are not trained as software developers, and environments like JupyterLab possess few features to aid notebook maintenance. As software refactoring is traditionally a critical tool for reducing technical debt, we sought to better understand the unique and growing ecology of computational notebooks by investigating the refactoring of public Jupyter notebooks. We randomly selected 15,000 Jupyter notebooks hosted on GitHub and studied 200 with meaningful commit histories. We found that notebook authors do refactor, favoring a few basic classic refactorings as well as those involving the notebook cell construct. Those with a computing background refactored differently than others, but not more so. Exploration-focused notebooks had a unique refactoring profile compared to more exposition-focused notebooks. Authors more often refactored their code as they went along, rather than deferring maintenance to big cleanups. These findings point to refactoring being intrinsic to notebook development.",openalex,llm,0.950,unreviewed,
kept,Notes on notebooks: is Jupyter the bringer of jollity?,Jeremy Singer,2020,,10.1145/3426428.3426924,https://openalex.org/W3106759042,qualifies-claim; criticism,"As the interactive computational notebook becomes a more prominent code development medium, we examine advantages and disadvantages of this particular source code format. We specify the structure of a coding notebook layout. We describe complexities in notebook programming; some of these are incidental whereas others may be inherent complexities. We outline how we envisage research and development might proceed to advance the cause of notebook programming.",openalex,llm,0.940,unreviewed,
kept,Bug Analysis in Jupyter Notebook Projects: An Empirical Study,Taijara Loiola de Santana; Paulo Anselmo da Mota Silveira Neto; Eduardo Santana de Almeida; Iftekhar Ahmed,2024,ACM Transactions on Software Engineering and Methodology,10.1145/3641539,https://openalex.org/W4391103900,qualifies-claim; criticism,"Computational notebooks, such as Jupyter, have been widely adopted by data scientists to write code for analyzing and visualizing data. Despite their growing adoption and popularity, few studies have been found to understand Jupyter development challenges from the practitioners’ point of view. This article presents a systematic study of bugs and challenges that Jupyter practitioners face through a large-scale empirical investigation. We mined 14,740 commits from 105 GitHub open source projects with Jupyter Notebook code. Next, we analyzed 30,416 StackOverflow posts, which gave us insights into bugs that practitioners face when developing Jupyter Notebook projects. Next, we conducted 19 interviews with data scientists to uncover more details about Jupyter bugs and to gain insight into Jupyter developers’ challenges. Finally, to validate the study results and proposed taxonomy, we conducted a survey with 91 data scientists. We highlight bug categories, their root causes, and the challenges that Jupyter practitioners face.",openalex,llm,0.930,unreviewed,
kept,Computational Notebooks in Chemical Engineering Curricula,Jonathan Verrett; Fani Boukouvala; Alexander W. Dowling; Zachary W. Ulissi; Ví­ctor M. Zavala,2020,Chemical Engineering Education,10.18260/2-1-370.660-116661,https://openalex.org/W3048338996,supports-claim; established,"Computational notebooks are an increasingly common tool used to support student learning in a variety of contexts where computer programming can be applied. These notebooks provide an easily distributable method of displaying text and images, as well as sections of computer code that can be manipulated and run in real-time. This format allows instructors to introduce content and methodologies to students in a single document that can be copied and manipulated. In this paper we outline case studies of computational notebook usage at a variety of institutions. These notebooks have been successfully used in required and elective courses from the undergraduate sophomore-level to the graduate level. In each case study, implementation, pedagogical strategies, and results are discussed.",openalex,llm,0.910,unreviewed,
kept,Design and Use of Computational Notebooks,Adam Rule,2018,eScholarship (California Digital Library),,https://openalex.org/W2820738241,supports-claim; established,"Individuals and organizations increasingly rely on data analysis to generate insights and make decisions. Yet, small changes in how data are collected, cleaned, or modeled can lead to vastly different results. If data-driven insights are to be reviewed, reused, or trusted the process used to generate them must be tracked and communicated in detail. But data analysis is typically an iterative and exploratory process that is hard to articulate, especially when it involves programming. Computational notebooks aim to ease tracking and sharing of complex analyses by enabling analysts to write rich \\emph{computational narratives} combining executable code, interactive visualizations, and explanatory text in a single document. While millions of people use computational notebooks, we know little about how they use them, or how well they help people track and share complex analyses.In this dissertation I present three studies of how people currently use computational notebooks, demonstrating that few notebooks, even those published alongside academic papers, have much in the way of narrative. Instead, most notebooks are loose collections of notes and scripts that even the original analyst struggles to understand. I then present two systems demonstrating how computational notebooks might be designed to support clearer communication of complex analyses. The first system, Janus, shows how current notebooks might be modified to aid both ongoing analysis and later communication by adding interactive hierarchy for selectively showing and hiding portions of the notebook. The second system, ActiveNotes, a prototype clinical note editor, demonstrates how computational notebooks might support data-driven work even when programming is not the primary means of interacting with data. Together, these studies demonstrate that tracking and sharing of complex analyses is hindered by a tension between exploration and explanation, but that computational notebooks and other media can reduce this tension by supporting not only the combination of, but also flexible organization and navigation of analytical steps, explanatory text, and computed results.",openalex,llm,0.980,unreviewed,
discarded,NotePlayer: Engaging Computational Notebooks for Dynamic Presentation of Analytical Processes,Yang Ouyang; Leixian Shen; Yun Wang; Quan Li,2024,,10.1145/3654777.3676410,https://openalex.org/W4402553935,adjacent-subtopic,"Diverse presentation formats play a pivotal role in effectively conveying code and analytical processes during data analysis. One increasingly popular format is tutorial videos, particularly those based on Jupyter notebooks, which offer an intuitive interpretation of code and vivid explanations of analytical procedures. However, creating such videos requires a diverse skill set and significant manual effort, posing a barrier for many analysts. To bridge this gap, we introduce an innovative tool called NotePlayer, which connects notebook cells to video segments and incorporates a computational engine with language models to streamline video creation and editing. Our aim is to make the process more accessible and efficient for analysts. To inform the design of NotePlayer, we conducted a formative study and performed content analysis on a corpus of 38 Jupyter tutorial videos. This helped us identify key patterns and challenges encountered in existing tutorial videos, guiding the development of NotePlayer. Through a combination of a usage scenario and a user study, we validated the effectiveness of NotePlayer. The results show that the tool streamlines the video creation and facilitates the communication process for data analysts.",openalex,llm,0.830,unreviewed,
kept,MathModelica - An Extensible Modeling and Simulation Environment with Integrated Graphics and Literate Programming,Peter Fritzson; Johan Gunnarsson; Mats Jirstrand,2002,,,https://openalex.org/W25983866,supports-claim,"MathModelica is an integrated interactive development environment for advanced system modeling and simulation. The environment integrates Modelica-based modeling and simulation with graphic design, advanced scripting facilities, integration of program code, test cases, graphics, documentation, mathematical type setting, and symbolic formula manipulation provided via Mathematica. The user interface consists of a graphical Model Editor and Notebooks. The Model Editor is a graphical user interface in which models can be assembled using components from a number of standard libraries representing different physical domains or disciplines, such as electrical, mechanics, block-diagram and multi-body systems. Notebooks are interactive documents that combine technical computations with text, graphics, tables, code, and other elements. The accessible MathModelica internalform allows the user to extend the system with new functionality, as well as performing queries on the model representation and write scripts for automatic model generation. Furthermore, extensibility of syntax and semantics provides additional flexibility in adapting to unforeseen user needs.",openalex,llm,0.930,unreviewed,
discarded,Evaluating Navigation and Comparison Performance of Computational Notebooks on Desktop and in Virtual Reality,S.R. In; Eric Krokos; Kirsten Whitley; Chris North; Yalong Yang,2024,,10.1145/3613904.3642932,https://openalex.org/W4396831882,adjacent-subtopic,"The computational notebook serves as a versatile tool for data analysis. However, its conventional user interface falls short of keeping pace with the ever-growing data-related tasks, signaling the need for novel approaches. With the rapid development of interaction techniques and computing environments, there is a growing interest in integrating emerging technologies in data-driven workflows. Virtual reality, in particular, has demonstrated its potential in interactive data visualizations. In this work, we aimed to experiment with adapting computational notebooks into VR and verify the potential benefits VR can bring. We focus on the navigation and comparison aspects as they are primitive components in analysts’ workflow. To further improve comparison, we have designed and implemented a Branching&Merging functionality. We tested computational notebooks on the desktop and in VR, both with and without the added Branching&Merging capability. We found VR significantly facilitated navigation compared to desktop, and the ability to create branches enhanced comparison.",openalex,llm,0.870,unreviewed,
discarded,mgwr: A Python Implementation of Multiscale Geographically Weighted Regression for Investigating Process Spatial Heterogeneity and Scale,Taylor M. Oshan; Ziqi Li; Wei Kang; Levi John Wolf; A. Stewart Fotheringham,2019,ISPRS International Journal of Geo-Information,10.3390/ijgi8060269,https://openalex.org/W2948613401,off-topic-false-hit,"Geographically weighted regression (GWR) is a spatial statistical technique that recognizes that traditional ‘global’ regression models may be limited when spatial processes vary with spatial context. GWR captures process spatial heterogeneity by allowing effects to vary over space. To do this, GWR calibrates an ensemble of local linear models at any number of locations using ‘borrowed’ nearby data. This provides a surface of location-specific parameter estimates for each relationship in the model that is allowed to vary spatially, as well as a single bandwidth parameter that provides intuition about the geographic scale of the processes. A recent extension to this framework allows each relationship to vary according to a distinct spatial scale parameter, and is therefore known as multiscale (M)GWR. This paper introduces mgwr, a Python-based implementation of MGWR that explicitly focuses on the multiscale analysis of spatial heterogeneity. It provides novel functionality for inference and exploratory analysis of local spatial processes, new diagnostics unique to multi-scale local models, and drastic improvements to efficiency in estimation routines. We provide two case studies using mgwr, in addition to reviewing core concepts of local models. We present this in a literate programming style, providing an overview of the primary software functionality and demonstrations of suggested usage alongside the discussion of primary concepts and demonstration of the improvements made in mgwr.",openalex,llm,0.980,unreviewed,
kept,Jupyter Notebooks on GitHub: Characteristics and Code Clones,Malin Källén; Tobias Wrigstad,2021,The Art Science and Engineering of Programming,10.22152/programming-journal.org/2021/5/15,https://openalex.org/W3042955694,qualifies-claim; criticism,"Jupyter notebooks has emerged as a standard tool for data science programming.Programs in Jupyter notebooks are different from typical programs as they are constructed by a collection of code snippets interleaved with text and visualisation.This allows interactive exploration and snippets may be executed in different order which may give rise to different results due to side-effects between snippets.Previous studies have shown the presence of considerable code duplication -code clones -in sources of traditional programs, in both so-called systems programming languages and so-called scripting languages.In this paper we present the first large-scale study of code cloning in Jupyter notebooks.We analyse a corpus of 2.7 million Jupyter notebooks hosted on GitHub, representing 37 million individual snippets and 227 million lines of code.We study clones at the level of individual snippets, and study the extent to which snippets are recurring across multiple notebooks.We study both identical clones and approximate clones and conduct a small-scale ocular inspection of the most common clones.We find that code cloning is common in Jupyter notebooks -more than 70 % of all code snippets are exact copies of other snippets (with possible differences in white spaces), and around 50 % of all notebooks do not have any unique snippet, but consists solely of snippets that are also found elsewhere.In notebooks written in Python, at least 80 % of all snippets are approximate clones and the prevalence of code cloning is higher in Python than in other languages.We further find that clones between different repositories are far more common than clones within the same repository.However, the most common individual repository from which a Jupyter notebook contains clones is the repository in which itself resides.",openalex,llm,0.900,unreviewed,
discarded,Keeping modelling notebooks with TRACE: Good for you and good for environmental research and management support,Daniel Ayllón; Steven F. Railsback; Cara A. Gallagher; Jacqueline Augusiak; J.M. Baveco; Uta Berger; Sandrine Charles; Romina Martin; Andreas Focks; Nika Galić; Chun Liu; E. Emiel van Loon; Jacob Nabe‐Nielsen; Cyril Piou; Gary Polhill; Thomas G. Preuß; Viktoriia Radchuk; Amélie Schmolke; Julita Stadnicka-Michalak; Pernille Thorbek; Volker Grimm,2020,Environmental Modelling & Software,10.1016/j.envsoft.2020.104932,https://openalex.org/W3107091372,off-topic-false-hit,"Abstract The acceptance and usefulness of simulation models are often limited by the efficiency, transparency, reproducibility, and reliability of the modelling process. We address these issues by suggesting that modellers (1) “trace” the iterative modelling process by keeping a modelling notebook corresponding to the laboratory notebooks used by empirical researchers, (2) use a standardized notebook structure and terminology based on the existing TRACE documentation framework, and (3) use their notebooks to compile TRACE documents that supplement publications and reports. These practices have benefits for model developers, users, and stakeholders: improved and efficient model design, analysis, testing, and application; increased model acceptance and reuse; and replicability and reproducibility of the model and the simulation experiments. Using TRACE terminology and structure in modelling notebooks facilitates production of TRACE documents. We explain the rationale of TRACE, provide example TRACE documents, and suggest strategies for keeping “TRACE Modelling Notebooks.”",openalex,llm,0.960,unreviewed,
kept,Persist: Persistent and Reusable Interactions in Computational Notebooks,Kiran Gadhave; Zach Cutler; Alexander Lex,2024,Computer Graphics Forum,10.1111/cgf.15092,https://openalex.org/W4399492307,adjacent-subtopic,"Abstract Computational notebooks, such as Jupyter, support rich data visualization. However, even when visualizations in notebooks are interactive, they are a dead end: Interactive data manipulations, such as selections, applying labels, filters, categorizations, or fixes to column or cell values, could be efficiently applied in interactive visual components, but interactive components typically cannot manipulate Python data structures. Furthermore, actions performed in interactive plots are lost as soon as the cell is re‐run, prohibiting reusability and reproducibility. To remedy this problem, we introduce Persist, a family of techniques to (a) capture interaction provenance, enabling the persistence of interactions, and (b) map interactions to data manipulations that can be applied to dataframes. We implement our approach as a JupyterLab extension that supports tracking interactions in Vega‐Altair plots and in a data table view. Persist can re‐execute interaction provenance when a notebook or a cell is re‐executed, enabling reproducibility and re‐use. We evaluate Persist in a user study targeting data manipulations with 11 participants skilled in Python and Pandas, comparing it to traditional code‐based approaches. Participants were consistently faster and were able to correctly complete more tasks with Persist.",openalex,llm,0.840,unreviewed,
