status,title,authors,year,venue,doi,url,tags,abstract,provider,decision_source,llm_confidence,llm_review_outcome,llm_change_direction
discarded,"Generative AI for Reproducible Research in Control, Automation and Robotics",Enric Cervera,2025,"2025 11th International Conference on Control, Automation and Robotics (ICCAR)",10.1109/ICCAR64901.2025.11072983,https://ieeexplore.ieee.org/document/11072983/,adjacent-subtopic,"Reproducing the results of a research paper is typically difficult and time consuming. Even when the source code is publicly available, the installation and configuration process can fail due to the slight differences in the versions of the software tools and libraries used by the original authors. Software images and containers are a solution to the dependency issues, since they provide the user with a complete environment with all the necessary components for running the software. But the steps for building such containers must be carefully engineered and described in detail. Generative AI tools may provide a valuable help to the human programmer during the development process. In this paper we present a method for building a software image of an open source code repository, which can be readily reproduced by any user. Generative AI is used for processing the textual information in the repository, and producing the building instructions. The AI agent is able to take into account any errors reported by the user in an iterative dialogue until a successful outcome is obtained. The quality of the results is comparable to those produced by a human programmer, demonstrating the validity of the approach.",ieee,llm,0.960,unreviewed,
discarded,Preserving Reproducibility: Provenance and Executable Containers in DataONE Data Packages,Bryce Mecum; Matthew B. Jones; Dave Vieglais; Craig Willis,2018,2018 IEEE 14th International Conference on e-Science (e-Science),10.1109/eScience.2018.00019,https://ieeexplore.ieee.org/document/8588638/,adjacent-subtopic,"Many data packaging standards are available to researchers and data repository operators and the choice to use an existing standard or create a new one is challenging. We introduce the DataONE Data Package standard which is based on the existing OAI-ORE Resource Map standard. We describe the functionality Data Package provides, implementation considerations, compare it to existing standards, and discuss future extensions to the standard including the ability to describe execution environments via WholeTale ""Tales"""" and alternate serialization formats.",ieee,llm,0.940,unreviewed,
discarded,The SmartSHARK Ecosystem for Software Repository Mining,Alexander Trautsch; Fabian Trautsch; Steffen Herbold; Benjamin Ledel; Jens Grabowski,2020,2020 IEEE/ACM 42nd International Conference on Software Engineering: Companion Proceedings (ICSE-Companion),,https://ieeexplore.ieee.org/document/9270403/,adjacent-subtopic,"Software repository mining is the foundation for many empirical software engineering studies. The collection and analysis of detailed data can be challenging, especially if data shall be shared to enable replicable research and open science practices. SmartSHARK is an ecosystem that supports replicable and reproducible research based on software repository mining.",ieee,llm,0.950,unreviewed,
kept,Active Documents with Org-Mode,Eric Schulte; Dan Davison,2011,Computing in Science & Engineering,10.1109/MCSE.2011.41,https://ieeexplore.ieee.org/document/5756277/,supports-claim; established,"The paper discusses Org-mode. It is a simple, plain-text markup language for hierarchical documents that allows the intermingling of data, code, and prose.",ieee,llm,0.930,unreviewed,
discarded,Occam: Software environment for creating reproducible research,Luís Oliveira; David Wilkinson; Daniel Mossé; Bruce R. Childers,2018,2018 IEEE 14th International Conference on e-Science (e-Science),10.1109/eScience.2018.00117,https://ieeexplore.ieee.org/document/8588736/,adjacent-subtopic,"We have implemented an opensource prototype system called Occam1 to define, conduct, and share artifacts as executable content. Occam is a platform to create, run and share experiments. It allows users to contribute their own artifacts, which can be composed with other artifacts and used in workflows to define and conduct experiments. Workflows are directed acyclic graphs that describe the data flow within experiments. The execution of the experiment is automated by Occam, according to the workflow that describes it. Occam preserves provenance information and allows the inspection of the source code, configuration parameters, and datasets used in experiments; more importantly, it allows access to all this information from simply clicking on (the PDF-embedded) plots/results. In fact, with appropriate support in a digital library, we have implemented a mechanism in which clicking on a plot in a published article takes the user to the experiment setup in Occam. This strict approach to executable content preservation imposes little overhead on developers, but it greatly improves the preservation, reuse, and extensibility of software experiments. Consequently, Occam improves science by creating a tool and process that embodies the scientific method.",ieee,llm,0.900,unreviewed,
discarded,End-User Programmers Repurposing End-User Programming Tools to Foster Diversity in Adult End-User Programming Education,Sean Kross; Philip J. Guo,2019,2019 IEEE Symposium on Visual Languages and Human-Centric Computing (VL/HCC),10.1109/VLHCC.2019.8818824,https://ieeexplore.ieee.org/document/8818824/,adjacent-subtopic,"Efforts to improve diversity in computing have mostly focused on K-12 and university student populations, so there is a lack of research on how to provide these benefits to adults who are not in school. To address this knowledge gap, we present a case study of how a nine-member team of end-user programmers designed an educational program to bring job-relevant computing skills to adult populations that have traditionally not been reached by existing efforts. This team conceived, implemented, and delivered Cloud Based Data Science (CBDS), a data science course designed for adults in their local community in historically marginalized groups that are underrepresented in computing fields. Notably, nobody on the course development team was a full-time educator or software engineer. To reduce the amount of time and cost required to launch their program, they repurposed end-user programming skills and tools from their professions, such as data-analytic programming and reproducible scientific research workflows. This case study demonstrates how the spirit of end-user programming can be a vehicle to drive social change through grassroots efforts.",ieee,llm,0.880,unreviewed,
discarded,Teaching Reproducible Research in Industrial Electronics with Project TIER,Jerzy Baranowski; Waldemar Bauer; Kacper Jarzyna,2025,2025 IEEE 12th International Conference on E-Learning in Industrial Electronics (ICELIE),10.1109/ICELIE64733.2025.11244783,https://ieeexplore.ieee.org/document/11244783/,adjacent-subtopic,"The rapid adoption of Industry 4.0 technologies-digital twins, IoT sensors, and AI-driven analytics-has amplified long-standing reproducibility challenges in industrial-electronics R&D. This paper demonstrates how the Project TIER Protocol (Version 4.0) can be tailored to electronics laboratory courses, detailing a standardized folder hierarchy, “one-click” Master Script workflow, and integration with Git for full auditability. We analyze domain-specific hurdles, including cultural resistance to data sharing, tooling and infrastructure barriers, and curricular gaps in data literacy and experiment design. A concrete case study-a TIER-compliant DC-motor vibration dataset with preregistration, metadata schemas, and analysis scripts-is presented to illustrate end-to-end feasibility. Finally, we offer practical recommendations for phased adoption, including lightweight lab-exercise templates and faculty workshops, to equip students and researchers with rigorous, transparent workflows essential for credible, AI-augmented industrial-electronics research.",ieee,llm,0.920,unreviewed,
discarded,Reproducible Computational Experiments using Scons,S. Fomel; G. Hennenfent,2007,"2007 IEEE International Conference on Acoustics, Speech and Signal Processing - ICASSP '07",10.1109/ICASSP.2007.367305,https://ieeexplore.ieee.org/document/4218336/,adjacent-subtopic,"SCons (from software construction) is a well-known open-source program designed primarily for building software. In this paper, we describe our method of extending SCons for managing data processing flows and reproducible computational experiments. We demonstrate our usage of SCons with a simple example.",ieee,llm,0.910,unreviewed,
discarded,"VERA: A Dual-Validated, Behaviorally-Verified Repository of 15,000+ Raw Windows Ransomware Binaries",Garvit Agarwal; Nithish Vasanth; Seunghyun Cho; Yousef Mohammed Y. Alomayri; Noah D. Pumphrey; Feng Li; Yucheng Xie; Xukai Zou,2026,2026 35th International Conference on Computer Communications and Networks (ICCCN),10.1109/ICCCN69946.2026.11662597,https://ieeexplore.ieee.org/document/11662597/,off-topic-false-hit,"Reliable ransomware detection research is hindered by a scarcity of high-quality, reproducible data. Public repositories often suffer from label noise where generic malware, benign files, or corrupted binaries are misclassified. We introduce VERA (Validated Execution-based Ransomware Analysis), a repository of behaviorally verified raw Windows ransomware constructed using a comprehensive Dual-Validation Methodology. We processed 40,552 candidates with VirusTotal consensus and subjected them to dynamic verification in the CAPE Sandbox. This process revealed that 22,837 samples were dynamically silent due to defunct infrastructure or incompatibility with modern Windows environments. We segregated these into a secondary VERA-Latent dataset to preserve the comprehensive pool while cleaning the primary set.For the remaining 15,448 samples in the primary VERA-Active dataset, we ensured family label purity by cross-referencing static AVClass, a malware labeling tool, consensus with unsupervised behavioral clustering of dynamic execution traces. This process explicitly prunes samples with conflicting static and dynamic identities. Benchmarking demonstrates the high quality of VERA-Active. A standard XGBoost classifier achieves > 99.9% specificity, distinguishing VERA samples from the BODMAS general malware dataset, confirming the isolation of high-fidelity ransomware signatures distinct from general malicious noise. By releasing raw binaries and execution logs, VERA offers a standardized benchmark for reproducible research.",ieee,llm,0.990,unreviewed,
discarded,Reproducible research in signal processing,Patrick Vandewalle; Jelena Kovacevic; Martin Vetterli,2009,IEEE Signal Processing Magazine,10.1109/MSP.2009.932122,https://ieeexplore.ieee.org/document/4815541/,adjacent-subtopic,"What should we do to raise the quality of signal processing publications to an even higher level? We believe it to be crucial to maintain the precision in describing our work in publications, ensured through a high-quality reviewing process. We also believe that if the experiments are performed on a large data set, the algorithm is compared to the state-of-the-art methods, the code and/or data are well documented and available online, we will all benefit and make it easier to build upon each other's work. It is a clear win-win situation for our community: we will have access to more and more algorithms and can spend time inventing new things rather than recreating existing ones.",ieee,llm,0.890,unreviewed,
discarded,Sound Software: Towards software reuse in audio and music research,Chris Cannam; Luís A. Figueira; Mark D. Plumbley,2012,"2012 IEEE International Conference on Acoustics, Speech and Signal Processing (ICASSP)",10.1109/ICASSP.2012.6288485,https://ieeexplore.ieee.org/document/6288485/,adjacent-subtopic,"Although researchers are increasingly aware of the need to publish and maintain software code alongside their results, practical barriers prevent this from happening in many cases. We examine these barriers, propose an incremental approach to overcoming some of them, and describe the Sound Software project, an effort to support software development practice in the UK audio and music research community. Finally we make some recommendations for research groups seeking to improve their own researchers' software practice.",ieee,llm,0.900,unreviewed,
discarded,VeinPLUS+: A Publicly Available and Free Software Framework for Vein Recognition,Michael Linortner; Andreas Uhl,2021,2021 International Conference of the Biometrics Special Interest Group (BIOSIG),10.1109/BIOSIG52210.2021.9548286,https://ieeexplore.ieee.org/document/9548286/,adjacent-subtopic,"In this work a new and open source software framework for vein recognition is presented, which supports a complete tool chain to conduct biometric experiments. The software can be used out of the box on several publicly available databases and offers a convenient mechanism to configure the tool chain to fit the needs for individual experimental setups. It is implemented in C++ and works on Linux as well as on Windows and therefore offers an advantage over existing vein recognition libraries. The project’s aim is to offer a valuable tool to conduct research in the field of vein recognition and importantly, supporting reproducible research.",ieee,llm,0.970,unreviewed,
discarded,Expanding Library Resources for Data and Compute-Intensive Education and Research,Stephanie Labou; Reid Otsuji,2019,2019 15th International Conference on eScience (eScience),10.1109/eScience.2019.00100,https://ieeexplore.ieee.org/document/9041701/,adjacent-subtopic,"As reproducible research tools and skills become increasingly in-demand across disciplines, so too does the need for innovative and collaborative training. While some academic departments incorporate software like R or Python in coursework and research, many students remain reliant on self-teaching in order to gain the necessary skills to work with their data. However, given the growing number of students interested in computational tools and resources for research automation, relying on student self-teaching and learning is not an efficient method for training the next generation of scholars. To address the educational need for computational thinking and learning across various academic departments on campus, the UC San Diego Library has been running Software Carpentry workshops (two day bootcamps to introduce foundational programming concepts and best practices) since 2015. The Library, as a discipline-agnostic entity with a history of serving as a trusted resource for information, has been well positioned to provide training for this new era of research methodology. The core of our success is the collaboration with the growing community of Software and Data Carpentry instructors at UC San Diego with expertise in various research disciplines. Building on this strong partnership and leveraging the Library's resources and expertise in digital literacy, the campus can better support data-driven and technologically-focused education and research.",ieee,llm,0.950,unreviewed,
discarded,BenGQL: An Extensible Benchmarking Framework for Automated GraphQL Testing,Abenezer Angamo; Marcello Maugeri,2025,2025 40th IEEE/ACM International Conference on Automated Software Engineering (ASE),10.1109/ASE63991.2025.00376,https://ieeexplore.ieee.org/document/11334631/,off-topic-false-hit,"GraphQL APIs provide a unified endpoint for retrieving and uploading data in a web application. Due to its efficient data-fetching strategy, which allows for the retrieval of only the required data, GraphQL is gaining popularity. Its software nature necessitates robust testing, both functional and non-functional. As automated testing tools, including load testers and fuzzers, are developed to assess GraphQL APIs, they lack a common set of case studies for rigorous evaluation and comparison.To address this gap, we present BenGQL, a benchmarking framework containing 23 representative open-source GraphQL server applications, spanning different underlying engines and schema complexities. BenGQL provides an extensible infrastructure for running testing tools against these case studies, enabling developers and researchers to: (i) execute testing tools against the same case studies, (ii) analyse and compare results using custom analysis modules, and (iii) extend the benchmark with new case studies, tools, or metrics.The ultimate goal of BenGQL is to foster more rigorous, reproducible research in automated GraphQL testing by providing both the case studies and the infrastructure for running experiments. As a consequence, we release the source code at https://github.com/marcellomaugeri/BenGQL, inviting other researchers to contribute. A video demonstration is also available at https://youtu.be/wZ06Xxa_Koo.",ieee,llm,0.990,unreviewed,
discarded,A Low-Cost Experimental Setup to Characterize Piezoelectric Cantilever Bimorphs,Bruno Ando; Pietro Giannone; Salvatore Graziani,2008,IEEE Transactions on Instrumentation and Measurement,10.1109/TIM.2007.909409,https://ieeexplore.ieee.org/document/4404105/,off-topic-false-hit,"Hysteresis is a common phenomenon in nonlinear systems. Piezoelectric bimorphs show hysteretic behavior when operating as actuators. Tools that produce the characterization of these devices are available; they use high-cost setups that measure deformations with resolutions on the order of nanometers. In this paper, a new low-cost experimental setup that uses coupled infrared detectors to investigate the behavior of piezoelectric actuators is discussed. The tool, providing deformation measurements with a resolution on the order of 10 , is intended to produce a rough estimation of the device behavior and is of interest for research and educational purposes. Low cost, easy reproducibility in research and educational laboratories, a contactless measurement strategy, an inset calibration facility, and a suitable user interface are the main features of the tool developed. Notes on the uncertainty introduced by the tool when estimating bimorph deformations are given. Moreover, a case study that concerns the characterization of a piezoelectric bimorph actuator is discussed to illustrate the performance of the system developed in a real case.",ieee,llm,0.990,unreviewed,
discarded,Variorum: a multimedia-based program documentation system,T. Chiueh; W. Wu; L.-C. Lam,2000,2000 IEEE International Conference on Multimedia and Expo. ICME2000. Proceedings. Latest Advances in the Fast Changing World of Multimedia (Cat. No.00TH8532),10.1109/ICME.2000.869567,https://ieeexplore.ieee.org/document/869567/,adjacent-subtopic,"Conventional software documentation systems are mostly based on textual descriptions that explain or annotate the program's source code. Because these systems rely solely on texts, it is difficult for program authors to describe the overall algorithm structures and detailed implementation techniques of the programs, especially those that require visual presentation. Variorum is one of the first, if not the first, software documentation systems that allows program authors to record the process of ""walking through"" their own code using multimedia technology, specifically text, audio and digital pen drawing. This approach greatly improves the interactivity and flexibility in the software documentation process, as well as the quality of resulting software implementation documentations. In addition, to broaden its applicability and to reduce the implementation complexity, Variorum is designed to inter-operate with WWW technology, in that the program source code files and their annotations are stored on Web servers and are directly accessible via commercial Web browsers. This paper describes the design and implementation of Variorum, as well as the results of a preliminary usability study with the current prototype.",ieee,llm,0.880,unreviewed,
discarded,Towards a Universal Service Description Language,L. Simon; A. Bansal; A. Mallya; S. Kona; G. Gupta; T.D. Hile,2005,International Conference on Next Generation Web Services Practices (NWeSP'05),10.1109/NWESP.2005.76,https://ieeexplore.ieee.org/document/1592425/,off-topic-false-hit,"To fully utilize Web-services, users and applications should be able to discover, deploy, compose and synthesize services automatically. This automation can take place only if a formal semantic description of the Web-services is available. In this paper we present the design of USDL (Universal Service Description Language), a language for formally describing the semantics of information utilized and produced by Web-services. USDL is based on the Web ontology language (OWL) and employs WordNet as a common basis for understanding the meaning of services. USDL can be regarded as formal program documentation that will allow sophisticated conceptual modeling and searching of available Web-services, automated service composition, and other forms of automated service integration. The preliminary design of USDL is presented, along with examples, and its formal semantics given.",ieee,llm,0.960,unreviewed,
