status,title,authors,year,venue,doi,url,tags,abstract,provider,decision_source,llm_confidence,llm_review_outcome,llm_change_direction
kept,Artifact Evaluation in the FPGA Community and in ACM TRETS,"Leeser, Miriam",2026,ACM TRANSACTIONS ON RECONFIGURABLE TECHNOLOGY AND SYSTEMS,10.1145/3802561,https://www.webofscience.com/wos/woscc/full-record/WOS:001856166800001,adjacent-subtopic,"Artifact evaluation (AE) is gaining traction across the computer science community as a means of advancing reproducible research and strengthening readers' confidence in published results. Applying reproducibility to computer systems and architecture research has proven particularly challenging, and the FPGA community faces its own distinct hurdles-namely, the use of non-standard hardware platforms and dependence on specific software tools and versions. In this editorial, we review the history of AE in the FPGA community, compare it to practices in related fields, and discuss challenges and future directions. To date, AE has meaningfully improved the availability and accessibility of artifacts and their documentation, while also increasing readers' confidence in published findings. Looking ahead, AE is poised to continue growing across the reconfigurable hardware community. Notably, ACM Transactions on Reconfigurable Technology and Systems will now offer AE with the opportunity to earn artifact badges for all accepted papers.",wos,llm,0.760,unreviewed,
discarded,SpanishTweetsCOVID-19: A Social Media Enriched Covid-19 Twitter Spanish Dataset,"Tommasel, Antonela; Rodriguez, Juan Manuel",2025,"2025 IEEE INTERNATIONAL CONFERENCE ON BIG DATA, BIGDATA",10.1109/BIGDATA66926.2025.11400952,https://www.webofscience.com/wos/woscc/full-record/WOS:001793516600184,off-topic-false-hit,"The COVID-19 pandemic reshaped how citizens, institutions, and governments communicated under crisis, exposing deep cultural, political, and emotional dynamics on social media. However, most analyses of these processes have focused on English-language data, leaving the Latin American public sphere underexplored. This paper introduces SpanishTweetsCOVID-19, a large-scale collection of over 278 million tweets related to the COVID-19 pandemic in Spanish language (primarily from Argentina) posted on Twitter between March 2020 and June 2021. By integrating official government communications with organic public discourse, the collection enables a fine-grained study of how information, emotions, and narratives evolved across Spanish-speaking communities, particularly in Argentina. Beyond serving as a data resource, the collection provides a foundation for investigating how communication strategies influence public engagement, the adoption of guidelines, the dynamics and spread of information, and the emergence of collective emotional patterns. It includes extensive metadata and psycholinguistic annotations that support cross-disciplinary analyses in computational social science, public health, and crisis communication. To foster transparent and reproducible research, the collection and accompanying tools are publicly available(1).",wos,llm,0.990,unreviewed,
discarded,"JOSSeph: A reproducible, reusable, and extensible pipeline for large-scale extraction of software quality metrics from open-source Java projects","Chesnokov, A.; Kovalev, D.",2026,SOFTWAREX,10.1016/j.softx.2026.102965,https://www.webofscience.com/wos/woscc/full-record/WOS:001856494800001,adjacent-subtopic,"Empirical studies of software quality require large datasets collected from multiple metric sources. Building such datasets is difficult because researchers must combine different analysis tools, write custom data-collection scripts, and manage heterogeneous execution environments. These workflows are often insufficiently documented and therefore hard to reproduce and verify. This paper presents JOSSeph, an open-source pipeline for collecting structural object-oriented code metrics computed with the CK tool, change metrics, repository metadata from the GitHub API, and static-analysis quality indicators from SonarQube in a single containerized workflow. In contrast to existing approaches that rely on heavier deployment models or are presented primarily as dataset artifacts, JOSSeph requires only Docker and a YAML configuration file to reproduce a complete data-collection run. We demonstrate the pipeline on 500 popular open-source Java repositories and obtain more than 1.76 million metric records at class, file, and repository granularity. In the full dataset, coupling and code smells have a positive correlation. However, this correlation disappears or becomes negative when projects are grouped by size. Such a Simpson's-paradox pattern is hard to observe without combining multiple metric sources. These results illustrate JOSSeph's value for reproducible large-scale studies of software quality.",wos,llm,0.860,unreviewed,
discarded,The HydroGym reinforcement learning platform for fluid dynamics,"Lagemann, Christian; Mokbel, Sajeda; Gondrum, Miro; Ruttgers, Mario; Wang, Yuning; Suarez, Pol; Paehler, Ludger; Bezgin, Deniz A.; Buhendwa, Aaron B.; Callaham, Jared L.; Ahnert, Samuel; Zolman, Nicholas; Shao, Xiao; Loiseau, Jean-Christophe; Adams, Nikolaus A.; Meinke, Matthias; Schroder, Wolfgang; Lagemann, Kai; Lagemann, Esther; Vinuesa, Ricardo; Brunton, Steven L.",2026,NATURE,10.1038/s41586-026-10917-6,https://www.webofscience.com/wos/woscc/full-record/WOS:001853594700001,adjacent-subtopic,"Effective control of fluid flows is critical across transportation, energy and medicine, where it can increase lift, reduce drag, enhance mixing and attenuate noise1, 2-3. Yet fluids are notoriously difficult to control because they involve high-dimensional, nonlinear and multiscale dynamics that resist conventional approaches4, 5-6. Reinforcement learning has driven remarkable progress in fields such as protein folding and complex games, which have shared benchmarks and standardized environments7, 8, 9-10. Fluid dynamics has lacked such infrastructure, so each controller is typically tuned to a single geometry and operating condition, making progress difficult to accumulate, transfer and compare11, 12-13. Here we introduce HydroGym, a solver-independent reinforcement learning platform providing more than 60 validated, openly available flow control environments spanning from canonical laminar flows to complex turbulent flows, with systematic progression in the Reynolds number up to Re = 4 & times; 105, and Mach number variations in two and three dimensions. Across these environments, agents repeatedly discover robust control principles, including boundary layer manipulation, disruption of acoustic feedback and reorganization of turbulent wakes. Critically, we demonstrate a proof of concept for zero-shot transfer, in which agents that are trained exclusively in inexpensive surrogate environments are deployed to challenging real-world scenarios such as a three-dimensional wing section. We achieve a 38% reduction in local skin friction while reducing exploration costs by four orders of magnitude compared with direct on-wing optimization. As this transfer exploits shared near-wall physics, the breadth of generalization remains open, suggesting a new pathway for research toward policy generalization across computationally prohibitive simulation environments. By offering a common, extensible foundation for reproducible research, HydroGym moves flow control from isolated case studies toward a cohesive community effort.",wos,llm,0.850,unreviewed,
discarded,Quantitative measurement of agonistic behaviors of intra- and interspecifics of <i>Gryllus bimaculatus</i> and <i>Acheta domesticus</i> by using DeepLabCut,"Audira, Gilbert; Siregar, Petrus; Kurnia, Kevin Adi; Ger, Tzong-Rong; Hsiao, Chung-Der",2026,SCIENTIFIC REPORTS,10.1038/s41598-026-55331-0,https://www.webofscience.com/wos/woscc/full-record/WOS:001850042500015,off-topic-false-hit,"Animal social behavior, such as agonistic behavior, has been extensively studied for a long time since it is one of the key factors that influence the survivability and reproductive success in many animals, including crickets. Gryllus bimaculatus, a field cricket, and Acheta domesticus, a house cricket, are two cricket species whose social behaviors have been extensively studied. However, the interspecific behaviors of these crickets had not been assessed and comprehensively compared to their behaviors when encountering their conspecifics. Moreover, most of the behavior studies in crickets still rely on traditional observational methods, which are labor-intensive and prone to observer bias. Fortunately, due to the advancement in machine learning, a markerless pose estimation method has revolutionized behavioral analysis in animal studies by enabling precise, automated tracking of body parts without the need for physical markers, reducing stress and allowing for naturalistic behavior in animals. Therefore, the study aimed to demonstrate a comprehensive methodology in analyzing the intra- and interspecies social behaviors of G. bimaculatus and A. domesticus by DeepLabCut (DLC), a deep learning-based pose estimation tool. Based on the results, the trained model that was used in the current study showed a relatively high accuracy after undergoing several rounds of training, as indicated by the relatively high value of average likelihood (0.94) and low value of average low likelihood percentage (3.85%) of each detected body part in every tested cricket. Meanwhile, GLMM analysis revealed no significant differences between the proposed method and manual scoring in both calculated aggressive-related behavior endpoints. Moreover, the system achieved high sensitivity with an average of 0.8, with acceptable precision with an average of 0.7 for both behaviors, demonstrating that the automated approach provides accurate and reliable quantification of aggressive interactions in paired crickets. Next, in terms of the cricket's social behaviors, males of G. bimaculatus displayed aggressive behaviors as indicated by statistically high overt physical combat count, which were followed by high locomotion and movement complexity, while a slightly higher posterior-oriented interaction count was observed in the male & times; female group of this species. Meanwhile, although overt physical combat behaviors still could be observed in males of A. domesticus, this cricket in other gender combinations did not display noticeable aggressive behaviors compared to G. bimaculatus. On the other hand, aggressive behaviors were still shown by both males and females during interspecific tests, though in a relatively lesser magnitude compared to intraspecific G. bimaculatus. Taken together, the present study highlighted the effectiveness of DLC for markerless pose estimation of crickets, emphasizing the potential of this methodology as an alternative to provide novel quantitative insights into the dynamics of their social interactions, and thus, paving the way for large-scale, reproducible research on animal social interactions that could advance our understanding of animal behaviors.",wos,llm,0.990,unreviewed,
discarded,Internet fragmentation in the black sea region: the RAITM framework as an adaptive assessment tool for new fragmented reality,"Iavich, Maksim; Svanadze, Vladimer; Grdzelidze, Ketevani",2026,DIGITAL POLICY REGULATION AND GOVERNANCE,10.1108/DPRG-05-2026-0273,https://www.webofscience.com/wos/woscc/full-record/WOS:001846260700001,off-topic-false-hit,"Purpose The internet fragmentation has transitioned from a conceptual risk to a critical operational governance crisis. In the Black Sea region, this shift is accelerated by war, sanctions and competing models of digital sovereignty. This study aims to provide a novel instrument to translate these geopolitical pressures into assessable organizational variables. By treating software development as a methodological necessity, the study enables companies to maintain an adaptive posture amidst intensifying digital divergence. Design/methodology/approach The paper introduces a dual-layer architecture: the RCA (resilience-compliance-adaptability) governance model and the RAITM (regulatory intelligence, alignment, implementation, training, monitoring) operational lifecycle. Following a literature review on fragmentation and a case study of the Black Sea region, the methodology maps country-level mandates into standardized ""Compliance Components."" The research made it explicit through the presentation of software architecture and a pseudocode representation designed for reproducibility. Findings The study finds that RAITM successfully operationalized legal and institutional fragmentation through RCA-centered assessment model. The research also, together with the policy design and technology approach, provides a mathematical model for technical fragmentation. The findings suggest that ""smart-system"" capabilities are essential for predictive monitoring and real-time dashboard intelligence in high-volatility environments. Originality/value This research offers a novel methodological bridge between fragmentation studies and governance. Its primary value lies in situating the ""new reality"" of geopolitical conflict within a reproducible research. By integrating theoretical and practical approaches, it provides a strategic roadmap for connecting legal assessment with intelligent decision support and fragmentation modelling.",wos,llm,0.980,unreviewed,
discarded,Resilient Last-Mile Allocation in Humanitarian Supply Chains: A Reproducible Four-Objective Fuzzy Framework,"Rabiei, Peyman; Arias-Aranda, Daniel; Stantchev, Vladimir",2026,APPLIED SCIENCES-BASEL,10.3390/app16157581,https://www.webofscience.com/wos/woscc/full-record/WOS:001846664900001,off-topic-false-hit,"Disaster frequency is rising, and response-phase planners face a binding constraint: relief capacity is always smaller than need, so directing affected people to relief centres is a triage decision under time pressure. Published optimisation models speak operations-research vocabulary (cost, distance, equity); civil-protection planners speak supply-chain-resilience vocabulary (the 4R framework of Bruneau et al.). We close the gap with a four-objective humanitarian last-mile allocation model whose objectives map one-to-one onto the 4R components-Resourcefulness, Robustness, Rapidity, Redundancy-evaluated by Mamdani fuzzy inference systems and solved by NSGA-II, NRGA, and NSGA-III. Across 540 runs over three problem sizes, the four-objective formulation surfaces independent Robustness and Rapidity axes that the baseline three-objective formulation fuses into one, a visibility gain established by rank-correlation analysis; NSGA-III is faster than NSGA-II at every size (27-37%, mean 32%), with the hypervolume ranking depending on the reference-point scheme. Weight- and rule-perturbation sweeps confirm the recommendations are robust to expert-elicitation noise, flagging the three-rule Rapidity classifier as a sensitivity hot-spot. The framework is released as a production-grade, openly licensed decision-support tool-continuously tested, dependency-audited, and reproducible bit-for-bit on stock hardware-treating reproducibility as a first-class resilience criterion and positioning audit-ready operational tooling as the digital-technology innovation supply-chain-resilience practice needs.",wos,llm,0.980,unreviewed,
discarded,Introducing GalaxyR: an easy-to-use R implementation of the Galaxy API,"Frey, Julian; Schindler, Zoe; Ali, Muhammad; Braun-Wimmer, Joshua; Gerberding, Kilian; Kroner, Katja; Larysch, Elena; Lusk, Daniel; Vanja-Jehle, Janusch; Wardius, Yannik; Weidenfeller, Maximilian; Kattenborn, Teja; Seifert, Thomas",2026,BMC BIOINFORMATICS,10.1186/s12859-026-06591-0,https://www.webofscience.com/wos/woscc/full-record/WOS:001846356300001,adjacent-subtopic,"Background Standardisation, accessibility, and reproducibility remain persistent challenges in data-intensive scientific research. The Galaxy platform addresses these issues by providing a web-based environment for executing, sharing, and publishing computational workflows, yet programmatic access has been largely centred on the Python ecosystem through BioBlend.Methods Here, we introduce GalaxyR, a native R package that provides a comprehensive and structured interface to the Galaxy application programming interface. GalaxyR enables users to manage histories, upload and retrieve data, execute tools and workflows, monitor jobs, and inspect results directly from within the R environment. By integrating Galaxy's scalable computational infrastructure with R's widely adopted data analysis ecosystem, GalaxyR facilitates automated, reproducible, and resource-efficient workflows without requiring local high-performance computing resources. The package supports both HTTPS- and FTP-based data transfer, robust history and dataset management, and programmatic workflow orchestration across Galaxy instances.Results An application example demonstrates the use of GalaxyR for large-scale processing of drone-based laser scanning data, where computationally intensive tree-level segmentation was delegated to the Galaxy infrastructure, while workflow control and preprocessing were handled in R within a few lines of code.Conclusions GalaxyR thus bridges a critical gap for R users, significantly expanding access to Galaxy-based analyses and enabling scalable, reproducible research across bioinformatics, ecology, remote sensing, and related data-driven disciplines.",wos,llm,0.940,unreviewed,
discarded,ReCliDaR: An open-source ML-based tool to identify representative climate days for urban environmental modeling,"Manapragada, Naga Venkata Sai Kumar; Pignatta, Gloria",2026,BUILDING AND ENVIRONMENT,10.1016/j.buildenv.2026.114998,https://www.webofscience.com/wos/woscc/full-record/WOS:001840935800001,adjacent-subtopic,"Building Energy Modeling and Computational Fluid Dynamics-based Urban Climate Modeling tools are essential environmental modeling tools for designers to make informed, climate-responsive design decisions. However, these tools are computationally intensive, particularly when applied at large spatial scales or within optimization workflows. Traditional approaches, such as simulating for solstice, equinox, or peak cooling days, often fail to capture the diversity of climatic conditions. This can lead to overestimation or undermining of urban environmental performance. The Representative Climate Days Recognizer (ReCliDaR) tool bridges this gap by utilizing unsupervised machine learning to identify representative climate days, condensing a typical meteorological year into a manageable subset of 24-hour profiles. The framework of the tool automates the data preprocessing, feature scaling, and dimensionality reduction before executing a comparative clustering analysis using k-means, Gaussian Mixture, and Hierarchical Agglomerative Clustering. Evaluation of 108 global cities across 11 ASHRAE climate zones demonstrates that the k-means algorithm provides the most robust performance, achieving almost a 100% seasonal continuity rate in most regions while minimizing data loss. The results indicate that while temperate and high-latitude climates typically follow binary seasonal structures, tropical environments often exhibit complex ternary patterns driven by monsoon cycles. By providing a validated, user-friendly interface for extracting medoid-based representative days, the ReCliDaR tool empowers researchers and practitioners to perform accurate, long-term environmental assessments. The tool and its source code are openly available on GitHub to support reproducible research in climate-responsive urban design and energy-efficient building performance.",wos,llm,0.830,unreviewed,
