status,title,authors,year,venue,doi,url,tags,abstract,provider,decision_source,llm_confidence,llm_review_outcome,llm_change_direction
discarded,A Simple Way To Bring Python To The Classrooms,Alberto P. Lorandi Medina; Gerardo M. Ortigoza Capetillo; Guillermo Hermida Saba; Miguel Angel Hernández Pérez; Pedro J. García Ramírez,2020,2020 IEEE International Conference on Engineering Veracruz (ICEV),10.1109/ICEV50249.2020.9289692,https://ieeexplore.ieee.org/document/9289692/,adjacent-subtopic,"Jupyter Notebooks arise as a tool accessible from a browser that have a dual purpose: to offer a medium that can contain code, text, images and equations; and the possibility of executing code, which makes them an innovative tool for teaching and collaborative work. This article proposes an alternative for a teacher to make available to their students, a multi-user system, to potentiate programming classes, mathematics, numerical methods, linear algebra, control engineering, statistics and even big-data, using Virtual Box and the JupyterHub application. The work describes the way in which a virtual machine was created to be imported in a simple way, where the server starts automatically, requiring only teacher intervention to create the user accounts of its students, maintain the system and shut down the system service virtualized.",ieee,llm,0.860,unreviewed,
discarded,The Involvement of Jupyter Notebooks as an Educational Tools: A Case Study,Vira Liubchenko; Hlib Parkhomenko,2021,2021 IEEE 16th International Conference on Computer Sciences and Information Technologies (CSIT),10.1109/CSIT52700.2021.9648674,https://ieeexplore.ieee.org/document/9648674/,adjacent-subtopic,"The paper presents a case study of involvement Jupyter notebooks as an educational tool. We described implementing a notebook for one task - exploratory data analysis - in the context of the win-day-one pedagogical pattern. Notebook implements the workflow of exploratory analysis, and Python scripts implement measurement scale identification, descriptive statistics calculation, frequency distribution visualization, and correlation analysis. We also examined the properties of notebooks as an educational tool and ways to mitigate the pedagogical and technical challenges.",ieee,llm,0.840,unreviewed,
kept,The Computational Notebook Paradigm for Multi-paradigm Modeling,Bentley James Oakes; Romain Franceschini; Simon Van Mierlo; Hans Vangheluwe,2019,2019 ACM/IEEE 22nd International Conference on Model Driven Engineering Languages and Systems Companion (MODELS-C),10.1109/MODELS-C.2019.00072,https://ieeexplore.ieee.org/document/8904600/,supports-claim; established,"Computational notebooks are gaining widespread acceptance as a paradigm for storage, dissemination, and re-production of experimental results. In this paper, we define the computational notebook paradigm (CNP) consisting of entities and processes and discuss how the reproducibility of the experimental process and results is enhanced by each element. This paper also details the interactions of CNP and multi-paradigm modeling (MPM), with an aim of understanding how to support MPM within the CNP, and improve the reproducibility aspects of both the CNP and MPM.",ieee,llm,0.900,unreviewed,
discarded,Student Involvement in Development of Learning Tools - Collaboration Models and Challenges,Jens Liebehenschel,2024,2024 IEEE Global Engineering Education Conference (EDUCON),10.1109/EDUCON60312.2024.10578641,https://ieeexplore.ieee.org/document/10578641/,off-topic-false-hit,"Over the last years the author developed several learning tools like quizzes, interactive notebooks, and a learning app together with students. This paper gives insights into the collaboration models with the students. Several challenges in this context are discussed and conclusions are drawn.",ieee,llm,0.930,unreviewed,
discarded,Towards Understanding Machine Learning Testing in Practise,Arumoy Shome; Luís Cruz; Arie van Deursen,2023,2023 IEEE/ACM 2nd International Conference on AI Engineering – Software Engineering for AI (CAIN),10.1109/CAIN58948.2023.00028,https://ieeexplore.ieee.org/document/10164773/,adjacent-subtopic,"Visualisations drive all aspects of the Machine Learning (ML) Development Cycle but remain a vastly untapped resource by the research community. ML testing is a highly interactive and cognitive process which demands a human-in-the-loop approach. Besides writing tests for the code base, bulk of the evaluation requires application of domain expertise to generate and interpret visualisations. To gain a deeper insight into the process of testing ML systems, we propose to study visualisations of ML pipelines by mining Jupyter notebooks. We propose a two prong approach in conducting the analysis. First, gather general insights and trends using a qualitative study of a smaller sample of notebooks. And then use the knowledge gained from the qualitative study to design an empirical study using a larger sample of notebooks. Computational notebooks provide a rich source of information in three formats—text, code and images. We hope to utilise existing work in image analysis and Natural Language Processing for text and code, to analyse the information present in notebooks. We hope to gain a new perspective into program comprehension and debugging in the context of ML testing.",ieee,llm,0.800,unreviewed,
discarded,Typhon: Automatic Recommendation of Relevant Code Cells in Jupyter Notebooks,Chaiyong Ragkhitwetsagul; Veerakit Prasertpol; Natanon Ritta; Paphon Sae-Wong; Thanapon Noraset; Morakot Choetkiertikul,2024,2024 21st International Joint Conference on Computer Science and Software Engineering (JCSSE),10.1109/JCSSE61278.2024.10613645,https://ieeexplore.ieee.org/document/10613645/,adjacent-subtopic,"At present, code recommendation tools have gained greater importance to many software developers in various areas of expertise. Having code recommendation tools has enabled better productivity and performance in developing the code in software and made it easier for developers to find code examples and learn from them. This paper proposes Typhon, an approach to automatically recommend relevant code cells in Jupyter notebooks. Typhon tokenizes developers' markdown description cells and looks for the most similar code cells from the database using text similarities such as the BM25 ranking function or CodeBERT, a machine-learning approach. Then, the algorithm computes the similarity distance between the tokenized query and markdown cells to return the most relevant code cells to the developers. We evaluated the Typhon tool on Jupyter notebooks from Kaggle competitions and found that the approach can recommend code cells with moderate accuracy. The approach and results in this paper can lead to further improvements in code cell recommendations in Jupyter notebooks.",ieee,llm,0.830,unreviewed,
discarded,Promoting Computational Thinking Skills in Non-Computer-Science Students: Gamifying Computational Notebooks to Increase Student Engagement,Alessio De Santo; Juan Carlos Farah; Marc Lafuente Martínez; Arielle Moro; Kristoffer Bergram; Aditya Kumar Purohit; Pascal Felber; Denis Gillet; Adrian Holzer,2022,IEEE Transactions on Learning Technologies,10.1109/TLT.2022.3180588,https://ieeexplore.ieee.org/document/9790858/,adjacent-subtopic,"Computational thinking (CT) skills are becoming increasingly relevant for future professionals across all domains, beyond computer science (CS). As such, an increasing number of bachelor's and master's programs outside of the CS discipline integrate CT courses within their study program. At the same time, tools such as notebooks and interactive apps designed to support the teaching of programming concepts are becoming ever more popular. However, in non-CS majors, CT might not be perceived as essential, and students might lack the motivation to engage with such tools in order to acquire solid CT skills. This article presents a field study conducted with 115 students during a full semester on a novel computational notebook environment. It evaluates computational notebooks and CT skills in an introductory course on information technology for first-year undergraduates in business and economics. A multidimensional evaluation approach makes use of pre- and post-test surveys, lectures, and self-directed laboratory sessions tracking analytics. Our findings suggest that, in the process of learning CT for non-CS students, engagement in active learning activities can be a stronger determinant of learning outcomes than initial knowledge. Furthermore, gamifying computational notebooks can serve as a strong driver of active learning engagement, even more so than initial motivational factors.",ieee,llm,0.850,unreviewed,
discarded,Exploring Large Language Models for Analyzing and Improving Method Names in Scientific Code,Gunnar Larsen; Carol Wong; Anthony Peruma,2025,2025 ACM/IEEE International Symposium on Empirical Software Engineering and Measurement (ESEM),10.1109/ESEM64174.2025.00030,https://ieeexplore.ieee.org/document/11323379/,adjacent-subtopic,"Background: Research scientists increasingly rely on implementing software to support their research. While previous research has examined the impact of identifier names on program comprehension in traditional programming environments, limited work has explored this area in scientific software, especially regarding the quality of method names in the code. Aims: This study aims to evaluate the effectiveness of four popular Large Language Models (LLMs) in analyzing grammatical patterns and suggesting improvements for method names in scientific code. Method: We conducted an analysis of 496 method names extracted from Python-based Jupyter Notebooks, using LLMs to assess their ability to provide appraisals and recommendations. Results: Our findings show that the LLMs are somewhat effective in analyzing these method names and generally follow good naming practices, like starting method names with verbs. However, their inconsistent handling of domain-specific terminology and only moderate agreement with human annotations indicate that automated suggestions require human evaluation. Conclusions: This work provides foundational insights for improving the quality of scientific code through AI automation.",ieee,llm,0.940,unreviewed,
discarded,"The Nascent Case for Adopting Jupyter Notebooks as a Pedagogical Tool for Interdisciplinary Humanities, Social Science, and Arts Education",Chiin-Rui Tan,2021,Computing in Science & Engineering,10.1109/MCSE.2021.3062199,https://ieeexplore.ieee.org/document/9387480/,adjacent-subtopic,"In education, Jupyter notebooks are established as the gold-standard tool for teaching and learning STEM subjects. However, this article demonstrates the natural fit this technology has beyond classic technical use-cases, in support of wider adoption by educators across the curriculum. The growing efforts to modernize humanities, social science, and art education by leveraging present-day capabilities of computers and data give rise to significant opportunity for the pedagogical exploitation of Jupyter notebooks. In examining available education data relating to the activity of pioneers of this interdisciplinarity who are already utilizing notebooks, we find compelling evidence of the powerful role this Jupyter tool can play in these expanding contemporary use-cases. From the progressive syllabi containing future-relevant content to compelling testimony of some pioneers and a student lauding this technology ability to empower their teaching and learning of these interdisciplinary materials, a case is emerging. Therefore, as innovation of this vein continues in education, this article advocates adoption of Jupyter notebooks as a high-potential pedagogical tool by initiatives offering interdisciplinary studies of the humanities, social sciences, and the arts. As decisions that better optimize educational experiences with respect to our increasingly transdisciplinary world can have life-changing repercussions for students, the ambition of this article is to assist educators in choosing the best tools for the job, and ultimately support higher-quality outcomes for those they teach.",ieee,llm,0.840,unreviewed,
discarded,A Tool for Detecting Similarities in Jupyter Notebooks Used as Assessment Reports,Nikesh Bajaj; Dimitrios Chiotis; Reza Moosaei; Jordan B. L. Smith; Pengfei Fan; Jesús Requena Carrión,2025,2025 IEEE Global Engineering Education Conference (EDUCON),10.1109/EDUCON62633.2025.11016521,https://ieeexplore.ieee.org/document/11016521/,adjacent-subtopic,"Coding-based assessment is essential not only for evaluating students' programming skills but also for assessing their ability to apply theoretical concepts to real-world scenarios. Jupyter Notebooks constitute a unique platform to assess coding-based pieces of work. Using a Jupyter Notebook, students can write, execute and visualise code while documenting their pro-cess through explanations, equations, and multimedia elements. However, identifying cases of plagiarism and collusion in Jupyter Notebooks can be challenging. Since Jupyter Notebooks cannot be processed by traditional text-based plagiarism detection tools, the ability to identify plagiarism largely relies on manual approaches. Hence, to fully benefit from Jupyter Notebooks as an assessment platform, automatic approaches that can contribute to identifying plagiarism and collusion are needed. In this paper, we introduce a new tool - JBEval, that identifies similar code and text blocks in a collection of Jupyter Notebooks and provides similarity scores for overall code and text individually. JBEval also provides a visual comparison of any two Jupyter Notebooks, allowing to trace identical blocks for further investigation and reporting. Our similarity detection algorithm is parameterized for controlling the aggressiveness of the similarity-based detection process, which makes it adaptable to a wide diversity of courses. This fast and reliable tool will be made widely accessible by sharing it in the public domain, enabling educators across diverse disciplines to integrate it into their assessment workflows.",ieee,llm,0.830,unreviewed,
kept,Reproducible research for scientific computing: Tools and strategies for changing the culture,Randall J. LeVeque; Ian M. Mitchell; Victoria Stodden,2012,Computing in Science & Engineering,10.1109/MCSE.2012.38,https://ieeexplore.ieee.org/document/6171147/,adjacent-subtopic; established; supports-claim,This article considers the obstacles involved in creating reproducible computational research as well as some efforts and approaches to overcome them.,ieee,llm,0.850,unreviewed,
discarded,Using Virtualisation for Reproducible Research and Code Portability,Svetlana Sveshnikova; Ivan Gankevich,2017,2017 International Conference on High Performance Computing & Simulation (HPCS),10.1109/HPCS.2017.139,https://ieeexplore.ieee.org/document/8035178/,adjacent-subtopic,"Research reproducibility is an emerging topic in computer science. One of the problems in research reproducibility is the absence of tools to reproduce specified operating system with specific version of the software installed. In the proposal reported here we investigate how a tool based on lightweight virtualisation technologies reproduces them. The experiments show that creating reproducible environment adds significant overhead only on the first run of the application, and propose a number of ways to improve the tool.",ieee,llm,0.880,unreviewed,
discarded,Python Tools for Reproducible Research on Hyperbolic Problems,Randall J. LeVeque,2009,Computing in Science & Engineering,10.1109/MCSE.2009.13,https://ieeexplore.ieee.org/document/4720219/,adjacent-subtopic,Reproducible research in computational science is only possible if the computer codes used to generate published results are distributed and/or archived in a form that can later be used to regenerate the results and can be examined to determine details of the method used. The author discusses some difficulties in achieving this goal and surveys a set of Python tools for facilitating reproducible research on finite volume methods for hyperbolic conservation laws using the Clawpack software.,ieee,llm,0.780,unreviewed,
discarded,Hardware and software for reproducible research in audio array signal processing,Eric Bezzam; Robin Scheibler; Juan Azcarreta; Hanjie Pan; Matthieu Simeoni; Rene Beuchat; Paul Hurley; Basile Bruneau; Corentin Ferry; Sepand Kashani,2017,"2017 IEEE International Conference on Acoustics, Speech and Signal Processing (ICASSP)",10.1109/ICASSP.2017.8005297,https://ieeexplore.ieee.org/document/8005297/,adjacent-subtopic,"In our demo, we present two hardware platforms for prototyping audio array signal processing. Pyramic is a 48-channel microphone array fitted on an FPGA and Compact Six is a portable microphone array with six microphones, closer to the technical constraints of consumer electronics. A browser based interface was developed that allows the user to interact with the audio stream from the arrays in real time. The software component of this demo is a Python module with implementations of basic audio signal processing blocks and popular techniques like STFT, beamforming, and DoA. Both the hardware design files and the software are open source and freely shared. As part of a collaboration with IBM Research, their beamforming and imaging technologies will also be portrayed. The hardware will be demonstrated through an installation processing the microphone signals into light patterns on a circular LED array. The demo will be interactive and let visitors play with different algorithms for DoA (SRP, FRIDA [1], Bluebild) and beamforming (MVDR, Flexibeam [2]). The availability of an open platform with reference implementations encourages reproducible research and minimizes setup-time when testing and benchmarking new audio array signal processing algorithms. It can also serve as a useful educational tool, providing a means to work with real-life signals.",ieee,llm,0.900,unreviewed,
discarded,Facilitating reproducible research by investigating computational metadata,Priyaa Thavasimani; Paolo Missier,2016,2016 IEEE International Conference on Big Data (Big Data),10.1109/BigData.2016.7840958,https://ieeexplore.ieee.org/document/7840958/,adjacent-subtopic,"Computational workflows consist of a series of steps in which data is generated, manipulated, analysed and transformed. Researchers use tools and techniques to capture the provenance associated with the data to aid reproducibility. The metadata collected not only helps in reproducing the computation but also aids in comparing the original and reproduced computations. In this paper, we present an approach, “Why-Diff”, to analyse the difference between two related computations by changing the artifacts and how the existing tools “YesWorkflow” and “NoWorkflow” record the changed artifacts.",ieee,llm,0.760,unreviewed,
discarded,Containerization of Biomedical Research: Advantages of Docker for Scaling Cryoimage Analysis,Yuriy Samokhin; Oleg Avrunin; Iryna Moroz,2025,2025 IEEE 6th KhPI Week on Advanced Technology (KhPIWeek),10.1109/KhPIWeek61436.2025.11288690,https://ieeexplore.ieee.org/document/11288690/,adjacent-subtopic,"With the growing volume of biomedical data and increasing complexity of analysis methods, containerization has become a key tool for ensuring reproducibility and scalability in research. This paper explores the advantages of using Docker to encapsulate the environment for cryomicroscopic image analysis, including modules for annotation, model training, and data processing. It highlights practical aspects of deploying containers across different machines, ensuring stable performance, code portability, and simplified collaboration among researchers. The use of Docker enables the unification of the research pipeline and accelerates development processes in biomedical projects.",ieee,llm,0.910,unreviewed,
discarded,Cobra: A CLI Tool To Create And Share Reproducible Projects,Lars Vögtlin; Vinaychandran Pondenkandath; Rolf Ingold,2020,2020 7th Swiss Conference on Data Science (SDS),10.1109/SDS49233.2020.00016,https://ieeexplore.ieee.org/document/9145018/,adjacent-subtopic,"We introduce Cobra: a tool designed to enable quick and intuitive setup of reproducible project environments with the help of known and well-established tools. It can be very hard and frustrating to reproduce project environments during research or reproducing the methods of scientific papers. Our tool enables researchers to easily create reproducible environments and share them among others. Most other frameworks and tools take care of versioning the code, creating code, or managing your data but they do not take into account package versioning. By keeping the code and the package versions in sync we prevent the time-intensive task of reproducing a method environment. Cobra is implemented in Python and interfaces with well-established tools like Git and Anaconda. It is completely open-source and free to use.",ieee,llm,0.950,unreviewed,
