status,title,authors,year,venue,doi,url,tags,abstract,provider,decision_source,llm_confidence,llm_review_outcome,llm_change_direction
kept,Employing Literate Programming Instruction in a Microprocessors Course,Bryan A. Jones; Mahnas Mohammadi-Aragh,2016,,10.18260/p.26941,https://openalex.org/W2614089611,supports-claim; established,"Through her role in the Hearin Engineering First-year Experiences (EFX) Program, she is assessing the college's current first-year","openalex, dblp, wos, scopus",llm,0.950,unreviewed,
kept,Literate Executables,Terence Kelly,2022,Queue,10.1145/3570938,https://openalex.org/W4309467806,supports-claim; established,"Literate executables redefine the relationship between compiled binaries and source code to be that of chicken and egg, so it's easy to derive either from the other. This episode of Drill Bits provides a general-purpose literacy tool and showcases the advantages of literacy by retrofitting it onto everyone's favorite command-line utility.","openalex, dblp, wos, scopus",llm,0.960,unreviewed,
kept,Reproducible Econometric Research. A Critical Review of the State of the Art.,Roger Koenker; Achim Zeileis,2007,ePubWU Institutional Repository (Wirtschaftsuniversität Wien),10.57938/3e86d851-baf9-46d3-b3ad-3ff0c9c9e2e0,https://openalex.org/W1711310657,supports-claim; established,"Recent software developments are reviewed from the vantage point of reproducible econometric research. We argue that the emergence of new tools, particularly in the open-source community, have greatly eased the burden of documenting and archiving both empirical and simulation work in econometrics. Some of these tools are highlighted in the discussion of three small replication exercises.","openalex, dblp, wos, scopus",llm,0.870,unreviewed,
discarded,"Reproducibility, Replicability and Repeatability: A survey of reproducible research with a focus on high performance computing",Benjamin Antunes; David R.C. Hill,2024,Computer Science Review,10.1016/j.cosrev.2024.100655,https://openalex.org/W4391740237,adjacent-subtopic,"Reproducibility is widely acknowledged as a fundamental principle in scientific research. Currently, the scientific community grapples with numerous challenges associated with reproducibility, often referred to as the ''reproducibility crisis.'' This crisis permeated numerous scientific disciplines. In this study, we examined the factors in scientific practices that might contribute to this lack of reproducibility. Significant focus is placed on the prevalent integration of computation in research, which can sometimes function as a black box in published papers. Our study primarily focuses on highperformance computing (HPC), which presents unique reproducibility challenges. This paper provides a comprehensive review of these concerns and potential solutions. Furthermore, we discuss the critical role of reproducible research in advancing science and identifying persisting issues within the field of HPC.","openalex, dblp, wos, scopus",llm,0.720,unreviewed,
discarded,Low-Fat Recipes for SPIN,Theo C. Ruys,2000,Lecture notes in computer science,10.1007/10722468_17,https://openalex.org/W1900874134,off-topic-false-hit,,"openalex, dblp, wos, scopus",llm,0.620,unreviewed,
kept,Tooling for Reproducible Research: Considerations for the Past and Future of Data Analysis,Roger D. Peng,2025,Austrian Journal of Statistics,10.17713/ajs.v54i3.2052,https://openalex.org/W4409751567,supports-claim; established,"The concept of reproducible research has evolved significantly over the past 30 years, with the idea growing in popularity, awareness, and acceptance. Upon its introduction to the statistical and broader scientific community, computational reproducibility was proposed as an essential concept for communicating the process of computational research and for being able to understand what exactly was done to produce a result. However, in the early stages, computational reproducibility faced at least one significant challenge, which was the lack of tools to make it easier for people to implement reproducible workflows. Fritz Leisch made major contributions to this area with his development of Sweave for the R programming language and his general promotion of software tools for reproducibility. We consider these contributions in the context of the history of reproducible research and consider what the implications are for the future of data analysis.","openalex, dblp, wos, scopus",llm,0.990,unreviewed,
discarded,Proceedings of the 11th Python in Science Conference,,2012,Proceedings of the Python in Science Conferences,10.25080/majora-54c7f2c8-00d,https://openalex.org/W4300454675,off-topic-false-hit,"We use a combination of code-generation, code lowering, and just-in-time compilation techniques called SEJITS (Selective Embedded JIT Specialization) to generate highly performant parallel code for Bag of Little Bootstraps (BLB), a statistical sampling algorithm that solves the same class of problems as general bootstrapping, but which parallelizes better. We do this by embedding a very small domain-specific language into Python for describing instances of the problem and using expert-created code generation strategies to generate code at runtime for a parallel multicore platform. The resulting code can sample gigabyte datasets with performance comparable to hand-tuned parallel code, achieving near-linear strong scaling on a 32-core CPU, yet the Python expression of a BLB problem instance remains source-and performance-portable across platforms. This work represents another case study in a growing list of algorithms we have ""packaged"" using SEJITS in order to make high-performance implementations of the algorithms available to Python programmers across diverse platforms.","openalex, dblp, wos, scopus",llm,0.980,unreviewed,
kept,Incremental redocumentation using literate programming,Nwe Nwe Win,1998,Durham e-Theses (Durham University),,https://openalex.org/W141415814,supports-claim; established,"The primary aim of this research is to investigate means of improving program comprehension through redocumentation. In particular it will concentrate on using Literate Programming as a method for program redocumentation. Documentation is crucially important as an aid to understanding software systems. The Incremental Redocumentation Using Literate Programming System analyses the existing source code and merges in a range of other information, in order to create a complete documentation package. This may include not only traditional paper documents, but also hypertext facilities, animated specifications and output from other analysis tools. The status of the documentation is implicitly elevated to that of an integral part of the system, rather than an optional extra. Where a configuration management system is used to manage different versions of a system, the documentation can also be brought under its control. The literate programming paradigm provides the encouragement and capability to produce high quality code and documentation simultaneously. Conceptually, literate programming systems are document preparation systems. The primary goal of a literate program is to be understandable to the programmers who are going to have to read it at some later date - often while involved in maintenance, or perhaps when trying to determine the possibility of reusing parts of the code for later projects. This thesis presents a structures of C programs and literate C programs, and describes the features of captured literate C programs. A method of the capture process and also the functions of the redocumentation process are described. In addition, this thesis outlines how the individual stages in the capture process and the edit process are used to redocument a C program. The results of application of the process are highlighted by way of example programs. The evaluation process is performed by comparing the results of an existing literate program with those resulting from the application of the method described within this thesis. The results have shown that the captured redocumented literate C program is more readable and understandable than source code only, and that it provides a basis for subsequent maintenance and further redocumentation.","openalex, dblp, wos, scopus",llm,0.990,unreviewed,
kept,Renaissance of Literate Programming in the Era of LLMs: Enhancing LLM-Based Code Generation in Large-Scale Projects,Wuyang Zhang; Yansong Li; Zeyu Dong; Yu Wu; Yingyao Zhou; D Wang; Songsirou Xing; Chi-Chun Zhou; Da Shen,2024,arXiv (Cornell University),10.48550/arxiv.2502.17441,https://openalex.org/W4414850747,supports-claim; established,"Large Language Models (LLMs) have helped programmers increase efficiency through code generation, comprehension, and repair. However, their application to large-scale projects remains challenging due to complex interdependencies and the extensive size of modern codebases. Although Knuth's concept of Literate Programming (LP) combines code and natural language to convey logic and intent, its potential for enhancing relationships in large projects has not been fully explored. In this study, we introduce the idea of Interoperable LP (ILP), which leverages literate programming principles to enhance the development of both small-scale documents and large-scale projects with LLMs. We investigate how LLMs perform under ILP-style instructions for both document-oriented tasks and entire projects. Recognizing that many researchers rely on well-structured templates to guide LLMs, we propose a concise prompt engineering method to write LP documents so LLMs can better be involved in code generation. We also examine the capacity of various LLMs to generate Scheme and Python code on the RepoBench benchmark, illustrating the advantages of our approach. Our findings indicate that ILP with LLMs can enhance LLM-based code generation in large-scale project development.","openalex, dblp, wos, scopus",human,0.880,human,
kept,Rethinking literate programming in statistics,Haghish E.F.,2016,Stata Journal,10.1177/1536867x1601600408,https://www.scopus.com/inward/record.uri?partnerID=HzOxMe3b&scp=85008388757&origin=inward,established,"Literate programming is becoming increasingly trendy for data analysis because it allows the generation of dynamic-analysis reports for communicating data analysis and eliminates untraceable human errors in analysis reports. Traditionally, literate programming includes separate processes for compiling the code and preparing the documentation. While this workflow might be satisfactory for software documentation, it is not ideal for writing statistical analysis reports. Instead, these processes should run in parallel. In this article, I introduce the weaver package, which examines this idea by creating a new log system in HTML or L A T E X that can be used simultaneously with the Stata log system. The new log system provides many features that the Stata log system lacks; for example, it can render mathematical notations, insert figures, create publication-ready dynamic tables, and style text, and it includes a built-in syntax highlighter. The weaver package also produces dynamic PDF documents by converting the HTML log to PDF or by typesetting the L A T E X log and thus provides a real-time preview of the document without recompiling the code. I also discuss potential applications of the weaver package.","openalex, dblp, wos, scopus",human,,human,
kept,A Document-Driven Method for Certifying Scientific Computing Software for Use in Nuclear Safety Analysis,Smith W.S.,2016,Nuclear Engineering and Technology,10.1016/j.net.2015.11.008,https://www.scopus.com/inward/record.uri?partnerID=HzOxMe3b&scp=84963613840&origin=inward,supports-claim; established,"This paper presents a documentation and development method to facilitate the certification of scientific computing software used in the safety analysis of nuclear facilities. To study the problems faced during quality assurance and certification activities, a case study was performed on legacy software used for thermal analysis of a fuelpin in a nuclear reactor. Although no errors were uncovered in the code, 27 issues of incompleteness and inconsistency were found with the documentation. This work proposes that software documentation follow a rational process, which includes a software requirements specification following a template that is reusable, maintainable, and understandable. To develop the design and implementation, this paper suggests literate programming as an alternative to traditional structured programming. Literate programming allows for documenting of numerical algorithms and code together in what is termed the literate programmer’s manual. This manual is developed with explicit traceability to the software requirements specification. The traceability between the theory, numerical algorithms, and implementation facilitates achieving completeness and consistency, as well as simplifies the process of verification and the associated certification.","openalex, dblp, wos, scopus",llm,0.920,unreviewed,
kept,Explaining code for publication,Thimbleby H.,2003,Software Practice and Experience,10.1002/spe.537,https://www.scopus.com/inward/record.uri?partnerID=HzOxMe3b&scp=0043037228&origin=inward,supports-claim; established,"Abstract The computer science literature discusses code and algorithms extensively, but not always reliably. Tool support can help ensure integrity between code and explanation so that published papers are more reliable. A versatile, lightweight tool to support explaining code for publication is justified, described and compared with alternatives. The tool works with Java, C and similar languages, and provides support for publishing explanations of real code in LATEX, XML, HTML, etc. Copyright © 2003 John Wiley &amp; Sons, Ltd.","openalex, dblp, wos, scopus",llm,0.840,unreviewed,
kept,Requirements for an elucidative programming environment,Normark K.,2000,Proceedings IEEE Workshop on Program Comprehension,10.1109/WPC.2000.852486,https://www.scopus.com/inward/record.uri?partnerID=HzOxMe3b&scp=84855436784&origin=inward,criticism,"Motivates a variation of literate programming which I call ""elucidative programming"". Elucidative programming is oriented towards program explanation, with the purpose of throwing light on important and complex program relationships. Since it was proposed by D.E. Knuth (1984), literate programming has been one of the most viable approaches to radically improving internal program documentation. Unfortunately, most programmers find the ideas of literate programming, as supported by Web-like tools, far too impractical, academic and far-fetched in relation to current programming practices. With elucidative programming, I focus on the best ideas of literate programming. I disregard the program-publishing aspects as technical literature, and I provide mechanisms with which documentation can be added to a program without affecting or disturbing the source program. My ideas about elucidative programming are presented as a number of requirements, and in a discussion of programming environment issues in relation to these new ideas.","openalex, dblp, wos, scopus",human,,human,
kept,Literate Statistical Practice,Anthony Rossini; Friedrich Leisch,2003,Collection of Biostatistics Research Archive,,https://openalex.org/W178162822,supports-claim; established,"Literate Statistical Practice (LSP, Rossini, 2001) describes an approach for creating self-documenting statistical results. It applies literate programming (Knuth, 1992) and related techniques in a natural fashion to the practice of statistics. In particular, documentation, specification, and descriptions of results are written concurrently with writing and evaluation of statistical programs. We discuss how and where LSP can be integrated into practice and illustrate this with an example derived from an actual statistical consulting project. The approach is simplified through the use of a comprehensive, open source toolset incorporating Noweb, Emacs Speaks Statistics (ESS), Sweave (Ramsey, 1994; Rossini, et al, 2002; Leisch, 2002; Ihaka and Gentlemen, 1996). We conclude with an assessment of LSP for the construction of reproducible, auditable, and comprehensible statistical analyses.","openalex, dblp",llm,1.000,unreviewed,
kept,MiFuMax—a Literate MaxSAT Solver,Mikoláš Janota,2015,Journal on Satisfiability Boolean Modeling and Computation,10.3233/sat190103,https://openalex.org/W2278445211,supports-claim; established,The main motivation behind the MaxSAT solver MiFuMax is twofold. It provides a baseline implementation of core-based algorithms for both weighted and unweighted MaxSAT. Such baseline implementation may serve for evaluation of evolving solvers. MiFuMa,"openalex, dblp",llm,0.910,unreviewed,
kept,Language-Agnostic Reproducible Data Analysis Using Literate Programming,Boris Vassilev; Riku Louhimo; Elina Ikonen; Sampsa Hautaniemi,2016,PLoS ONE,10.1371/journal.pone.0164023,https://openalex.org/W2528118653,supports-claim; established,"A modern biomedical research project can easily contain hundreds of analysis steps and lack of reproducibility of the analyses has been recognized as a severe issue. While thorough documentation enables reproducibility, the number of analysis programs used can be so large that in reality reproducibility cannot be easily achieved. Literate programming is an approach to present computer programs to human readers. The code is rearranged to follow the logic of the program, and to explain that logic in a natural language. The code executed by the computer is extracted from the literate source code. As such, literate programming is an ideal formalism for systematizing analysis steps in biomedical research. We have developed the reproducible computing tool Lir (literate, reproducible computing) that allows a tool-agnostic approach to biomedical data analysis. We demonstrate the utility of Lir by applying it to a case study. Our aim was to investigate the role of endosomal trafficking regulators to the progression of breast cancer. In this analysis, a variety of tools were combined to interpret the available data: a relational database, standard command-line tools, and a statistical computing environment. The analysis revealed that the lipid transport related genes LAPTM4B and NDRG1 are coamplified in breast cancer patients, and identified genes potentially cooperating with LAPTM4B in breast cancer progression. Our case study demonstrates that with Lir, an array of tools can be combined in the same data analysis to improve efficiency, reproducibility, and ease of understanding. Lir is an open-source software available at github.com/borisvassilev/lir.","openalex, dblp",llm,1.000,unreviewed,
kept,Teaching Data Science with Literate Programming Tools,Marcus Birkenkrahe,2023,Digital,10.3390/digital3030015,https://openalex.org/W4386547043,supports-claim; established,"This paper presents a case study on using Emacs and Org-mode for literate programming in undergraduate computer and data science courses. Over three academic terms, the author mandated these tools across courses in R, Python, C++, SQL, and more. The onboarding relied on simplified Emacs tutorials and starter configurations. Students gained proficiency after undertaking initial practice. Live coding sessions demonstrated the flexible instruction enabled by literate notebooks. Assignments and projects required documentation alongside functional code. Student feedback showed enthusiasm for learning a versatile IDE, despite some frustration with the learning curve. Skilled students highlighted efficiency gains in a unified environment. However, the uneven adoption of documentation practices pointed to a need for better incorporation into grading. Additionally, some students found Emacs unintuitive, desiring more accessible options. This highlights a need to match tools to skill levels, potentially starting novices with graphical IDEs before introducing Emacs. The key takeaways are as follows: literate programming aids comprehension but requires rigorous onboarding and reinforcement, and Emacs excels for advanced workflows but has a steep initial curve. With proper support, these tools show promise for data science education.","openalex, dblp",llm,0.990,unreviewed,
