status,title,authors,year,venue,doi,url,tags,abstract,provider,decision_source,llm_confidence,llm_review_outcome,llm_change_direction
kept,JISDLab: A web-based interactive literate debugging environment,Sakutaro Sugiyama; Takashi Kobayashi; Kazumasa Shimari; Takashi Ishio,2022,"2022 IEEE International Conference on Software Analysis, Evolution and Reengineering (SANER)",10.1109/SANER53432.2022.00067,https://ieeexplore.ieee.org/document/9825756/,supports-claim,"The debugging process is a huge burden on developers, both in terms of time and mentality. Scriptable debugging approaches have been proposed to reduce the burden associated with such debugging work. Scriptable debuggers (SDs) enable to describe developers' debugging process and share the debug scripts to reduce debugging effort. However, SDs require an execution environment for those scripts, and they are unable to manage ancillary information such as execution results and prerequisites for using the script in one place. We extend the existing scriptable debugging and propose an interactive literate debugging environment that enables reproducible bug reporting. The proposed method provides an executable script description that manipulates the debugger, information obtained through the debugger by executing the script, its visualization format, and the ability to save the information in the form of a document that includes explanatory text. By using these documents, it is possible to observe the detailed behavior of a program at runtime and to share the situation in which the focused behavior occurs among developers. In this paper, we describe our proposed interactive literate debugging environment and introduce our prototype tool, JISDLab, which is a web application using Jupyter. The sample debug script used in our demonstration scenario can be accessed via https://github.com/tklabgroup/JISDLab/blob/master/debugspace/case-SANER2022-tooldemo.ipynb",ieee,llm,0.980,unreviewed,
kept,Installing a Python Distribution,John Paul Mueller; Luca Massaron,2021,Machine Learning For Dummies,,https://ieeexplore.ieee.org/document/10950851/,supports-claim; established,"Summary <p>This chapter determines which Python distribution is used for machine learning. It explains how to perform the required Python setups and downloads. The downloadable source code is there to help readers get a good start with their machine learning and Python learning experience. The chapter provides a brief overview of Anaconda as a product. Anaconda provides a separate uninstall program in the Anaconda executable folder on the system, the location of which can vary. Both Windows and Mac OS X provide graphical installers. The chapter emphasizes Jupyter Notebook when Anaconda provides access to a number of Integrated Development Environments. A notebook differs from a text editor in that it focuses on a technique called literate programming, advanced by Stanford computer scientist Donald Knuth. Anaconda comes with a graphical installation application for Windows, so getting a good install means using a wizard, as readers would for any other installation.</p>",ieee,llm,0.890,unreviewed,
kept,On the Executability of R Markdown Files,Md Anaytul Islam; Muhammad Asaduzzman; Shaowei Wang,2024,2024 IEEE/ACM 21st International Conference on Mining Software Repositories (MSR),,https://ieeexplore.ieee.org/document/10555677/,supports-claim; criticism,"R Markdown files are examples of literate programming documents that combine R code with results and explanations. Such dynamic documents are designed to execute easily and reproduce study results. However, little is known about the executability of R Markdown files which can cause frustration among its users who intend to reuse the document. This paper presents a large-scale study on the executability of R Markdown files collected from GitHub. Results from our study show that a significant number of R Markdown files (64.95%) are not executable, even after our best efforts. To better understand the challenges, we categorize the exceptions encountered while executing the documents into different categories. Finally, we develop a classifier to determine which Markdown files are likely to be executable. Such a classifier can be utilized by search engines in their ranking which helps developers to find literate programming documents as learning resources.",ieee,llm,0.980,unreviewed,
kept,"maplib: Interactive, Literal RDF Model Mapping for Industry",Magnus Bakken,2023,IEEE Access,10.1109/ACCESS.2023.3269093,https://ieeexplore.ieee.org/document/10106242/,supports-claim,"Knowledge graphs are important for industrial digitalization. Industrial knowledge graphs are often mapped from multiple existing large data sources, and creating a mapping requires the time of scarce subject matter experts (SME). Interactive, literal programming for large scale mapping would allow mapping engineers to make good use of SME time, and document their work. Currently, there are no open-source tools supporting such a process. To solve this problem, we implement maplib, which leverages existing tooling from data science. In data science, there is widespread use of literate programming using frameworks such as Jupyter notebooks to interactively prepare data and create analyses using in-memory tables called DataFrames. Maplib is implemented in Rust using Polars DataFrames and has Python bindings, allowing us to leverage tooling used in data science. Maplib implements the OTTR mapping language, which is highly suited for industrial use cases. Maplib features a SPARQL engine defined directly on DataFrames, making querying possible immediately after mapping. We evaluate our approach by comparing mapping and querying performance with Morph-KGC and SPARQL Anything on the GTFS Madrid benchmark. Our approach materializes the graph and is ready to query  $47\times $ - $182\times $  faster, and scales to models that are over twice as large. Morph-KGC and SPARQL Anything perform better for most, but not all of the queries once the graph has been constructed. On the end-to-end task of mapping and querying however, which is very important for interactive mapping, maplib performs better for most queries.",ieee,llm,0.950,unreviewed,
kept,Design Exposition with Literate Visualization,Jo Wood; Alexander Kachkaev; Jason Dykes,2019,IEEE Transactions on Visualization and Computer Graphics,10.1109/TVCG.2018.2864836,https://ieeexplore.ieee.org/document/8440080/,qualifies-claim,"We propose a new approach to the visualization design and communication process, literate visualization, based upon and extending, Donald Knuth's idea of literate programming. It integrates the process of writing data visualization code with description of the design choices that led to the implementation (design exposition). We develop a model of design exposition characterised by four visualization designer architypes: the evaluator, the autonomist, the didacticist and the rationalist. The model is used to justify the key characteristics of literate visualization: ‘notebook’ documents that integrate live coding input, rendered output and textual narrative; low cost of authoring textual narrative; guidelines to encourage structured visualization design and its documentation. We propose narrative schemas for structuring and validating a wide range of visualization design approaches and models, and branching narratives for capturing alternative designs and design views. We describe a new open source literate visualization environment, litvis, based on a declarative interface to Vega and Vega-Lite through the functional programming language Elm combined with markdown for formatted narrative. We informally assess the approach, its implementation and potential by considering three examples spanning a range of design abstractions: new visualization idioms; validation though visualization algebra; and feminist data visualization. We argue that the rich documentation of the design process provided by literate visualization offers the potential to improve the validity of visualization design and so benefit both academic visualization and visualization practice.",ieee,llm,0.940,unreviewed,
discarded,Thrilled by Your Progress! Large Language Models (GPT-4) No Longer Struggle to Pass Assessments in Higher Education Programming Courses,Jaromír Šavelka; Arav Agarwal; Marshall An; Christopher Bogart; Majd Sakr,2023,,10.1145/3568813.3600142,https://openalex.org/W4381587445,off-topic-false-hit,"This paper studies recent developments in large language models’ (LLM) abilities to pass assessments in introductory and intermediate Python programming courses at the postsecondary level. The emergence of ChatGPT resulted in heated debates of its potential uses (e.g., exercise generation, code explanation) as well as misuses in programming classes (e.g., cheating). Recent studies show that while the technology performs surprisingly well on diverse sets of assessment instruments employed in typical programming classes the performance is usually not sufficient to pass the courses. The release of GPT-4 largely emphasized notable improvements in the capabilities related to handling assessments originally designed for human test-takers. This study is the necessary analysis in the context of this ongoing transition towards mature generative AI systems. Specifically, we report the performance of GPT-4, comparing it to the previous generations of GPT models, on three Python courses with assessments ranging from simple multiple-choice questions (no code involved) to complex programming projects with code bases distributed into multiple files (599 exercises overall). Additionally, we analyze the assessments that were not handled well by GPT-4 to understand the current limitations of the model, as well as its capabilities to leverage feedback provided by an auto-grader. We found that the GPT models evolved from completely failing the typical programming class’ assessments (the original GPT-3) to confidently passing the courses with no human involvement (GPT-4). While we identified certain limitations in GPT-4’s handling of MCQs and coding exercises, the rate of improvement across the recent generations of GPT models strongly suggests their potential to handle almost any type of assessment widely used in higher education programming courses. These findings could be leveraged by educators and institutions to adapt the design of programming assessments as well as to fuel the necessary discussions into how programming classes should be updated to reflect the recent technological developments. This study provides evidence that programming instructors need to prepare for a world in which there is an easy-to-use widely accessible technology that can be utilized by learners to collect passing scores, with no effort whatsoever, on what today counts as viable programming knowledge and skills assessments.",openalex,llm,0.990,unreviewed,
discarded,Understanding the Dataset Practitioners Behind Large Language Models,Crystal Qian; Emily Reif; Minsuk Kahng,2024,,10.1145/3613905.3651007,https://openalex.org/W4392222908,off-topic-false-hit,"As large language models (LLMs) become more advanced and impactful, it is increasingly important to scrutinize the data that they rely upon and produce. What is it to be a dataset practitioner doing this work? We approach this in two parts: first, we define the role of “dataset practitioners” by performing a retrospective analysis on the responsibilities of teams contributing to LLM development at a technology company, Google. Then, we conduct semi-structured interviews with a cross-section of these practitioners (N=10). We find that although data quality is a top priority, there is little consensus around what data quality is and how to evaluate it. Consequently, practitioners either rely on their own intuition or write custom code to evaluate their data. We discuss potential reasons for this phenomenon and opportunities for alignment.",openalex,llm,0.990,unreviewed,
discarded,MapCoder: Multi-Agent Code Generation for Competitive Problem Solving,Md. Ashraful Islam; Mohammed Eunus Ali; Md Rizwan Parvez,2024,,10.18653/v1/2024.acl-long.269,https://openalex.org/W4402671883,off-topic-false-hit,"Code synthesis, which requires a deep understanding of complex natural language (NL) problem descriptions, generation of code instructions for complex algorithms and data structures, and the successful execution of comprehensive unit tests, presents a significant challenge.Thus, while large language models (LLMs) demonstrate impressive proficiency in natural language processing (NLP), their performance in code generation tasks remains limited.In this paper, we introduce a new approach to code generation tasks leveraging the multi-agent prompting that uniquely replicates the full cycle of program synthesis as observed in human developers.Our framework, MapCoder, consists of four LLM agents specifically designed to emulate the stages of this cycle: recalling relevant examples, planning, code generation, and debugging.After conducting thorough experiments, with multiple LLMs ablations and analyses across eight challenging competitive problem-solving and program synthesis benchmarks-MapCoder showcases remarkable code generation capabilities, achieving their new state-of-the-art (pass@1) results-(HumanEval 93.9%, MBPP 83.1%, APPS 22.0%, CodeContests 28.5%, and xCodeEval 45.3%).Moreover, our method consistently delivers superior performance across various programming languages and varying problem difficulties.",openalex,llm,0.990,unreviewed,
discarded,Improving Steering and Verification in AI-Assisted Data Analysis with Interactive Task Decomposition,Majeed Kazemitabaar; Jack M. Williams; Ian Drosos; Tovi Grossman; Austin Z. Henley; Carina Negreanu; Advait Sarkar,2024,,10.1145/3654777.3676345,https://openalex.org/W4400375663,adjacent-subtopic,"LLM-powered tools like ChatGPT Data Analysis, have the potential to help users tackle the challenging task of data analysis programming, which requires expertise in data processing, programming, and statistics. However, our formative study (n=15) uncovered serious challenges in verifying AI-generated results and steering the AI (i.e., guiding the AI system to produce the desired output). We developed two contrasting approaches to address these challenges. The first (Stepwise) decomposes the problem into step-by-step subgoals with pairs of editable assumptions and code until task completion, while the second (Phasewise) decomposes the entire problem into three editable, logical phases: structured input/output assumptions, execution plan, and code. A controlled, within-subjects experiment (n=18) compared these systems against a conversational baseline. Users reported significantly greater control with the Stepwise and Phasewise systems, and found intervention, correction, and verification easier, compared to the baseline. The results suggest design guidelines and trade-offs for AI-assisted data analysis tools.",openalex,llm,0.960,unreviewed,
discarded,Perplexed: Understanding When Large Language Models are Confused,N. Cooper; Torsten Scholak,2024,arXiv (Cornell University),10.48550/arxiv.2404.06634,https://openalex.org/W4394778207,off-topic-false-hit,"Large Language Models (LLMs) have become dominant in the Natural Language Processing (NLP) field causing a huge surge in progress in a short amount of time. However, their limitations are still a mystery and have primarily been explored through tailored datasets to analyze a specific human-level skill such as negation, name resolution, etc. In this paper, we introduce perplexed, a library for exploring where a particular language model is perplexed. To show the flexibility and types of insights that can be gained by perplexed, we conducted a case study focused on LLMs for code generation using an additional tool we built to help with the analysis of code models called codetokenizer. Specifically, we explore success and failure cases at the token level of code LLMs under different scenarios pertaining to the type of coding structure the model is predicting, e.g., a variable name or operator, and how predicting of internal verses external method invocations impact performance. From this analysis, we found that our studied code LLMs had their worst performance on coding structures where the code was not syntactically correct. Additionally, we found the models to generally perform worse at predicting internal method invocations than external ones. We have open sourced both of these tools to allow the research community to better understand LLMs in general and LLMs for code generation.",openalex,llm,0.990,unreviewed,
discarded,Large Language Models (GPT) Struggle to Answer Multiple-Choice Questions about Code,Jaromír Šavelka; Arav Agarwal; Christopher Bogart; Majd Sakr,2023,arXiv (Cornell University),10.48550/arxiv.2303.08033,https://openalex.org/W4327526380,off-topic-false-hit,"We analyzed effectiveness of three generative pre-trained transformer (GPT) models in answering multiple-choice question (MCQ) assessments, often involving short snippets of code, from introductory and intermediate programming courses at the postsecondary level. This emerging technology stirs countless discussions of its potential uses (e.g., exercise generation, code explanation) as well as misuses in programming education (e.g., cheating). However, the capabilities of GPT models and their limitations to reason about and/or analyze code in educational settings have been under-explored. We evaluated several OpenAI's GPT models on formative and summative MCQ assessments from three Python courses (530 questions). We found that MCQs containing code snippets are not answered as successfully as those that only contain natural language. While questions requiring to fill-in a blank in the code or completing a natural language statement about the snippet are handled rather successfully, MCQs that require analysis and/or reasoning about the code (e.g., what is true/false about the snippet, or what is its output) appear to be the most challenging. These findings can be leveraged by educators to adapt their instructional practices and assessments in programming courses, so that GPT becomes a valuable assistant for a learner as opposed to a source of confusion and/or potential hindrance in the learning process.",openalex,llm,0.990,unreviewed,
discarded,The Evolution of LLM Adoption in Industry Data Curation Practices,"Crystal Qian; Michael Xieyang Liu; Emily Reif; Simon, Grady; Nada Hussein; Nathan Clement; James Wexler; Carrie J. Cai; Michael Terry; Minsuk Kahng",2024,arXiv (Cornell University),10.48550/arxiv.2412.16089,https://openalex.org/W4405715734,off-topic-false-hit,"As large language models (LLMs) grow increasingly adept at processing unstructured text data, they offer new opportunities to enhance data curation workflows. This paper explores the evolution of LLM adoption among practitioners at a large technology company, evaluating the impact of LLMs in data curation tasks through participants' perceptions, integration strategies, and reported usage scenarios. Through a series of surveys, interviews, and user studies, we provide a timely snapshot of how organizations are navigating a pivotal moment in LLM evolution. In Q2 2023, we conducted a survey to assess LLM adoption in industry for development tasks (N=84), and facilitated expert interviews to assess evolving data needs (N=10) in Q3 2023. In Q2 2024, we explored practitioners' current and anticipated LLM usage through a user study involving two LLM-based prototypes (N=12). While each study addressed distinct research goals, they revealed a broader narrative about evolving LLM usage in aggregate. We discovered an emerging shift in data understanding from heuristic-first, bottom-up approaches to insights-first, top-down workflows supported by LLMs. Furthermore, to respond to a more complex data landscape, data practitioners now supplement traditional subject-expert-created 'golden datasets' with LLM-generated 'silver' datasets and rigorously validated 'super golden' datasets curated by diverse experts. This research sheds light on the transformative role of LLMs in large-scale analysis of unstructured data and highlights opportunities for further tool development.",openalex,llm,0.990,unreviewed,
discarded,On the Design of AI-powered Code Assistants for Notebooks,Andrew McNutt; Chenglong Wang; Robert DeLine; Steven M. Drucker,2023,,10.1145/3544548.3580940,https://openalex.org/W4366587430,adjacent-subtopic,"AI-powered code assistants, such as Copilot, are quickly becoming a ubiquitous component of contemporary coding contexts. Among these environments, computational notebooks, such as Jupyter, are of particular interest as they provide rich interface affordances that interleave code and output in a manner that allows for both exploratory and presentational work. Despite their popularity, little is known about the appropriate design of code assistants in notebooks. We investigate the potential of code assistants in computational notebooks by creating a design space (reified from a survey of extant tools) and through an interview-design study (with 15 practicing data scientists). Through this work, we identify challenges and opportunities for future systems in this space, such as the value of disambiguation for tasks like data visualization, the potential of tightly scoped domain-specific tools (like linters), and the importance of polite assistants.",openalex,llm,0.900,unreviewed,
