status,title,authors,year,venue,doi,url,tags,abstract,provider,decision_source,llm_confidence,llm_review_outcome,llm_change_direction
discarded,"The journey to transparency, reproducibility, and replicability",Suzanne Bakken,2019,Journal of the American Medical Informatics Association,10.1093/jamia/ocz007,https://openalex.org/W2913154181,adjacent-subtopic,"Regardless of the type of biomedical and health informatics research conducted (eg computational, randomized controlled trials, qualitative, mixed methods), transparency, reproducibility, and replicability are crucial to scientific rigor, open science, and advancing the knowledge base of our field and its application across practice domains. These principles are also essential to high-quality publications in Journal of the American Medical Informatics Association (JAMIA). Transparency is reflected by explicit, clear, and open communication about the methods and procedures used to obtain the research results and is foundational to reproducibility (ability to repeatedly obtain the same results from data) and replicability (ability of other investigators to observe the same result under identical conditions).1,2 In the following paragraphs, I summarize key strategies from a number of authors1–3 as well as my own thoughts in 4 categories (data, code, connect, publish) and, when applicable, describe their relationship to publishing in JAMIA. While the principles apply across types of research, the relevance of some strategies varies. Record how each result was produced.3 The analysis workflow, including pre- and postprocessing steps, should be presented in your JAMIA manuscript as a figure or in an online supplement. Record all intermediate results.3 Deposit data in a repository. JAMIA authors can deposit their data in Dryad free of charge (https://datadryad.org/journal/1067-5027). Dryad provides a basic level of curation, assignment of a digital object identifier, and long-term data storage. JAMIA articles that include deposited data will receive additional promotion by both the American Medical Informatics Association and Oxford University Press. Publish a dataset paper if the dataset is unique and available for reuse by others. For JAMIA, a dataset paper is considered a Research and Applications paper. Avoid manual data manipulation steps.3 Record and, if possible, archive the exact versions of all external programs used.3 This includes not only data analysis programs, but also algorithms used to extract, filter, and reduce multidimensionality of the data at the various stages of the analysis workflow. These programs should be reported in your JAMIA manuscript. Apply and record version-control strategies to all custom scripts (eg, Git).3 Record underlying random seeds and which analysis steps involve randomness for analyses that include randomness.3 This should be reported in your JAMIA manuscript. Store raw data behind and the code used to create plot or figures.3 Generate layered output for inspection in levels of detail (eg, use HTML file hypertext links to go from summary to detail).3 Layered output can be included in the online supplement for your JAMIA manuscript. Connect textual statements to underlying results.3 Such annotations are a typical part of qualitative research and supported by multiple software packages (eg, ATLAS.ti, Dedoose, NVivo). Quantitative packages include the Sweave function in R that creates dynamic reports for integration into LaTeX or LyX documents. Literate programming approaches combine analysis code, plots, and text narrative that can be shared: for example, Jupyter Notebooks (for R, Python, and Julia; http://jupyter.org), R Markdown (http://rmarkdown.rstudio.com), and matlabweb (https://www.ctan.org/pkg/matlabweb).2 The site for your literate programming content should be referenced in your JAMIA manuscript. Register your research protocol.1,4 While registration of research protocols for clinical trials is routine at ClinicalTrials.gov/, other registries are emerging. For example, PROSPERO (https://www.crd.york.ac.uk/prospero/) is an international register for prospective systematic reviews. Your registered protocol should be noted in your JAMIA manuscript. Make a draft version of a manuscript available on a preprint server such as arXiv (https://arxiv.org/) or bioRxiv (https://www.biorxiv.org/). This does not preclude publication of the manuscript in JAMIA. Attend to general guidelines and checklists for publishing research and JAMIA author guidelines when preparing a JAMIA manuscript. General guidelines vary by research design and purpose, and include CONSORT (Consolidated Standards of Reporting Trials), (Strengthening the Reporting of Observational Studies in Epidemiology), PRISMA (Preferred Reporting Items for Systematic Reviews and Meta-Analyses), and SRQR (Standards for Reporting Qualitative Research). Many guidelines are available on the EQUATOR (Enhancing the Quality and Transparency of Health Research) Network website (https://www.equator-network.org/reporting-guidelines/). Provide public access to scripts, runs, and results.1,3 Multiple generic and health research-specific platforms support public access, and include GitHub (https://github.com/); CIELO (Collaborative Informatics Environment for Learning on Health Outcomes),5 which is now part of the Clinical and Translational Science Award Clinical Data to Health program (https://ctsa.ncats.nih.gov/cd2h/cd2h-labs/); and literate programming packages (eg, Jupyter Notebook, R Markdown). The site relevant to the contents of your JAMIA manuscript should be referenced. Clearly disclose research outcomes as primary, secondary, or exploratory in experimental research.1 Such specification is foundational to distinguish hypothesis testing from hypothesis-generating analyses. For JAMIA, an online supplement provides the opportunity to balance manuscript length with full disclosure. Gonul et al7 describe the development and validation of a template-based digital intervention design framework to support just-in-time adaptable interventions. Their automated approach provides the foundation for transparency, reproducibility, and replicability by (1) enabling experts to explicitly specify decision points, intervention options, tailoring variables and decision rules (through a rule definition language), and proximal or distal outcomes; and (2) dynamically tailoring intervention delivery strategies with respect to timing, frequency, and type (content) of interventions based on a personalization algorithm. The authors provide evidence for the extensibility of their design as well as preliminary validation of the personalization algorithm. Mercaldo et al8 report the study design used for the eMERGE (Electronic Medical Records and Genomic) Network’s survey of perspectives on broad consent and data sharing in biomedical research. To ensure that understudied populations were adequately represented (eg, minorities, those from rural areas, those with low educational attainment), they combined electronic health record data and U.S. Census data to construct sampling strata by imputing missing electronic health record data using the most frequent (mode) value from the patient’s census block group. Reproducibility and replicability are enabled by provision of details about the algorithmic approach as well as an example from 1 study site. Moreover, the authors are transparent about the limitations of their approach. To complement existing approaches for screening, brief intervention, and referral to treatment programs at trauma centers that have proven efficacy for reducing alcohol consumption and decreasing injury recurrence, Afshar et al9 applied the clinical Text Analysis and Knowledge Extraction System (cTAKES) natural language processor and machine learning to clinical emergency department notes for trauma admissions using the as the reference standard. Regarding transparency, the authors specified hypotheses about the expected performance of cTAKES on the corpus and developed the rule-based keyword algorithm that in advance of the cTAKES results. To support reproducibility and replicability, the reference standard (Alcohol Use Disorders Identification Test) and various programs or frameworks used are described, the supplement lists the Unified Medical Language System semantic types used for alcoholic beverages, and the source code is publicly available in Apache cTAKES SVN (subversion) repository. Lu et al,10 from the Lister Hill National Center for Biomedical Communications at the National Library of Medicine, developed a novel spell-checking tool, CSpell, that handles nonword errors, real-word errors, word boundary infractions, punctuation errors, and combinations of these errors and infractions for consumer-generated questions. Their approach uses dual embedding within Word2vec for context-dependent corrections in combination with dictionary-based corrections in a 2-stage ranking system. They also developed various splitters and handlers to correct word boundary infractions. The dual-embedding model shows a significant improvement in F1 score compared with the general practice of using cosine similarity with word vectors in Word2vec for context ranking and the 2-stage ranking system shows an almost 5% improvement in F1 score compared with the best 1-stage ranking system. In support of reproducibility and replicability, the software and the CSpell test set are available at https://umlslex.nlm.nih.gov/cSpell. The scientific community in general, our informatics community, and JAMIA are on a journey toward increased transparency, reproducibility, and replicability. I ask the JAMIA readers and authors to engage with the editorial team to make our journey one that meets the needs of our biomedical and health informatics community while advancing an open science framework.",openalex,llm,0.850,unreviewed,
kept,CogentHelp,Michael White; David E. Caldwell,1997,,10.3115/974557.974595,https://openalex.org/W2105202446,adjacent-subtopic,"CogentHelp is a prototype tool for authoring dynamically generated on-line help for applications with graphical user interfaces, embodying the ""evolution-friendly"" properties of tools in the literate programming tradition. In this paper, we describe CogentHelp, highlighting the usefulness of certain natural language generation techniques in supporting software-engineering goals for help authoring tools --principally, quality and evolvability of help texts.",openalex,llm,0.800,unreviewed,
discarded,XML Lossy Text Compression: A Preliminary Study,Angela Bonifati; Marianna Lorusso; Domenica Sileo,2009,Lecture notes in computer science,10.1007/978-3-642-03555-5_9,https://openalex.org/W1544855974,off-topic-false-hit,,openalex,llm,0.970,unreviewed,
discarded,AnnAnn and AnnAnn.Net: Tools for Teaching Programming,Clare Hooper; Leslie Carr; Hugh Davis; David E. Millard; Su White; Gary Wills,2007,Journal of Computers,10.4304/jcp.2.5.9-16,https://openalex.org/W2168975958,adjacent-subtopic,"Abstract — It is difficult for a student to learn about programs and to understand the rational that went into the development of the parts that led to the whole. Tools for explaining this essentially dynamic process are limited and typically static in nature, making it difficult for students to understand how it was developed, or where to start. This paper presents AnnAnn.Net, an animated code annotator which makes it possible to present the incremental development of code to large groups or for self study. The tool is designed for ease of use by both lecturers and students. The implementation and the ration for which are described in detail. The design of the system is underpinned by a sound pedagogical approach and these are discussed, along with the educational benefits of this approach are examined. Index Terms — Learning to Program, literate programming, cognitive apprenticeship, scaffolding, constructivist learning I.",openalex,llm,0.870,unreviewed,
kept,Electronic Grammars and Reproducible Research,Mike Maxwell,2012,The COCOON platform (University of Paris),,https://openalex.org/W2171760567,supports-claim,"It is time for grammatical descriptions to become reproducible research. In order for this to happen, grammar descriptions must be testable, not only by the original author, but also by other linguists. Given the complexity of natural language grammars, and the ambiguity of prose descriptions, that testing is best done using computational tools to verify a computationally implementable grammar. At the same time, grammars need to be useful---and testable---for the foreseeable future; that is, they must be archivable. Yet if a computational grammar is tied to particular computational tools, it will inevitably become obsolescent. This paper describes a means of creating computationally interpretable grammars which are not tied to particular computational tools, nor (to the extent possible) to any particular linguistic theory, and which can therefore be expected to remain useful into the future. In order to make such formal grammars simultaneously understandable to humans, they are embedded into descriptive grammars of a more traditional sort, using the technique of Literate Programming. The implementation of this technology for morphology and phonology is described. It has been used to create morphological grammars for Bangla, Urdu and Pashto which are both human-readable and computationally testable.",openalex,llm,0.740,unreviewed,
kept,Literate sources for content dictionaries.,Lars Hellström,2013,,,https://openalex.org/W595806559,supports-claim,It is suggested that a LaTeX document could be used as the Literate Programming source of an OpenMath content dictionary. Several approaches to literate programming are reviewed and a possible implementation is sketched.,openalex,llm,0.970,unreviewed,
kept,"The RS-232 Character Repeater Refinement and Assurance Argument,",Andrew P. Moore; Charles Payne,1996,,10.21236/ada311105,https://openalex.org/W272396131,supports-claim,"Abstract : Past experience in system security certification indicates the need for developers of high assurance systems to coherently integrate the evidence that their system satisfies its critical requirements. This document describes a method based on literate programming techniques to help developers present the evidence they gather in a manner that facilitates the certification effort. We demonstrate this method through the implementation and verification of a small but nontrivial, security-relevant example, an RS-232 character repeater. By addressing many of the important issues in system design, we expect that this example will provide a model for developing assurance arguments for full-scale composite systems with corresponding gains in the expediency of the system certification process.",openalex,llm,0.940,unreviewed,
kept,Computer Programming and the Law: A New Research Agenda,Paul Ohm,2009,bepress Legal Repository,,https://openalex.org/W2172366514,supports-claim,"This essay proposes a new interdisciplinary research agenda called Computer Programming and the Law. By harnessing the power of computer programming, legal scholars can develop better tools, data, and insights for advancing their research interests. This essay presents the case for this new research agenda, highlights some examples of those who have begun to blaze the trail, and includes code samples to demonstrate the power and potential of developing software for legal scholarship. The code samples in this essay can be run like a piece of software - thanks to a technique known as literate programming - making this the world's first law review article that is also a working computer program.",openalex,llm,0.920,unreviewed,
kept,"An implementation of a Convex Hull Algorithm, Version 1.0",Michael Müller; Joachim Ziegler,1994,,,https://openalex.org/W84397728,supports-claim,"We give an implementation of an incremental construction algorithm for convex hulls in IR d using Literate Programming and LEDA in C++. We treat convex hulls in arbitrary dimensions without any non-degeneracy assumption. The main goal of this paper is to demonstrate the benefits of the literate programming approach. We find that the time we spent for the documentation parts is well invested. It leads to a much better understanding of the program and to much better code. Besides being easier to understand and thus being much easier to modify, it is first at all much more likely to be correct. In particular, a literate program takes much less time to debug. The difference between traditional straight forward programming and literate programming is somewhat like the difference between having the idea to a proof of some theorem in mind versus actually writing it down accurately (and thereby often recognizing that the proof is not as easy as one thought). Keywords Literate Programming, Co...",openalex,llm,0.990,unreviewed,
discarded,Identifying Health Literacy in Kansas Using the Behavioral Risk Factor Surveillance System,Amy Chesser; Jared Reyes; Nikki Keene Woods,2018,International Quarterly of Community Health Education,10.1177/0272684x18821305,https://openalex.org/W2906875903,off-topic-false-hit,"Health literacy continues to be an important research topic as part of population-based assessments for overall health issues. The objective of this continuation study was to examine the health literacy rates and health outcomes as measured by the Kansas Behavioral Risk Factor Surveillance System (BRFSS) survey. A cross-sectional research design was used. Health literacy data were extracted from the state-specific module of the BRFSS telephone survey. Demographic and health status variables were extracted from the core BRFSS dataset. The association between demographic and health status characteristics with health literacy was obtained using weighted samples in multivariable logistic regression models. As in the previous study, most respondents had moderate health literacy (61.1%), followed by high health literacy (31.4%) and low health literacy (7.5%). The demographic variables of interest included race, marital status, home ownership, insurance status, metropolitan status code, survey language, veteran status, education, employment, income, sex, and age. The health status variables included general health rating, presence of chronic conditions, and length of time since last check-up. Findings include individuals with low levels of health literacy were nearly 7 times as likely to be unsure of at least one health condition than those with high health literacy and demonstrate a broad gap in people's ability to communicate accurate information to health-care providers. Results can inform future efforts to build programs that address health disparities issues including low health literacy to provide equitable health-care services. There is a continued need for support for the creation of health literate programs.",openalex,llm,1.000,unreviewed,
kept,Reproducible statistical analysis with multiple languages,Russell V. Lenth; Søren Højsgaard,2011,Computational Statistics,10.1007/s00180-011-0245-5,https://openalex.org/W2000279234,supports-claim,,openalex,llm,0.960,unreviewed,
discarded,Most Common Words – A cP Systems Solution,Radu Nicolescu,2017,Lecture notes in computer science,10.1007/978-3-319-73359-3_14,https://openalex.org/W2779172463,off-topic-false-hit,,openalex,llm,0.940,unreviewed,
kept,Exploratory data science on supercomputers for quantum mechanical calculations,William Harbutt Dawson; Louis Beal; Laura E. Ratcliff; Martina Stella; Takahito Nakajima; Luigi Genovese,2024,Electronic Structure,10.1088/2516-1075/ad4b80,https://openalex.org/W4396883132,supports-claim,"Abstract Literate programming—the bringing together of program code and natural language narratives—has become a ubiquitous approach in the realm of data science. This methodology is appealing as well for the domain of Density Functional Theory (DFT) calculations, particularly for interactively developing new methodologies and workflows. However, effective use of literate programming is hampered by old programming paradigms and the difficulties associated with using high performance computing (HPC) resources. Here we present two Python libraries that aim to remove these hurdles. First, we describe the PyBigDFT library, which can be used to setup materials or molecular systems and provides high-level access to the wavelet based BigDFT code. We then present the related remotemanager library, which is able to serialize and execute arbitrary Python functions on remote supercomputers. We show how together these libraries enable transparent access to HPC based DFT calculations and can serve as building blocks for rapid prototyping and data exploration.",openalex,llm,0.980,unreviewed,
discarded,Coating and dicing of wafer applied underfills for low-cost flip chip processing,S.C. Busch; Jicun Lu; B. Smith,2005,,10.1109/isapm.2000.869265,https://openalex.org/W2101068021,off-topic-false-hit,"The following topics were dealt with: teamwork; system
prototyping; technical communication education; distance teaching; user
advocates; online document editing; Internet and Web design;
globalization; professional communication and learning; process
integration; process management; testing; online-based instruction;
design collaboration; wordcraft; literate programming; documentation
tools; and information migration",openalex,llm,0.980,unreviewed,
kept,"The refinement calculus, and literate development",Carroll Morgan,1993,Lecture notes in computer science,10.1007/3-540-57499-9_20,https://openalex.org/W1503955503,supports-claim,,openalex,llm,0.860,unreviewed,
