status,title,authors,year,venue,doi,url,tags,abstract,provider,decision_source,llm_confidence,llm_review_outcome,llm_change_direction
The approach of notebooks and literate programming has one important benefit for any single author who offers scientific software for reuse: the access to a proper code review. No serious business releases code without a proper review; its reputation and potential for customers depend on it. In research backed by software, it seems that only the correctness of results matter; how we get them is secondary. Very few reviews will ever venture beyond the proverbial double click and a visual confirmation of expected results. However, if the method is reused, currently it is most often reused through the software. It is thus the software, not just its verbal or mathematical description, which should be reviewed. This can be facilitated by making software code into an intrinsic part of an article, following Ihlen's approach or Knuth's suggestions. Interactive reviews are already possible, for example through interactive notebooks (Shen, 2014). Just as with published articles, public code sharing will drive authors toward a better style for source code and comments, and toward code that is not only correct, but also easy to parse and interpret.",wos,llm,0.700,unreviewed,
kept,"Creating statistical reports in the past, present and future","Daroczi, Gergely",2014,ROMANIAN STATISTICAL REVIEW,,https://www.webofscience.com/wos/woscc/full-record/WOS:000217284000003,supports-claim,"The paper summarizes the most important milestones in the recent history of computer-aided data analysis, then suggests an alternative reporting workflow to the traditional statistical software methods by the means of an R package implementing statistical report templates with annotations in plain English.",wos,llm,0.840,unreviewed,
discarded,"Sustainable, Extensible Documentation Generation Using inlinedocs","Hocking, Toby Dylan; Wutzler, Thomas; Ponting, Keith; Grosjean, Philippe",2013,JOURNAL OF STATISTICAL SOFTWARE,,https://www.webofscience.com/wos/woscc/full-record/WOS:000324371300001,adjacent-subtopic,"This article presents inlinedocs, an R package for generating documentation from comments. The concept of structured, interwoven code and documentation has existed for many years, but existing systems that implement this for the R programming language do not tightly integrate with R code, leading to several drawbacks. This article attempts to address these issues and presents 2 contributions for documentation generation for the R community. First, we propose a new syntax for inline documentation of R code within comments adjacent to the relevant code, which allows for highly readable and maintainable code and documentation. Second, we propose an extensible system for parsing these comments, which allows the syntax to be easily augmented.",wos,llm,0.890,unreviewed,
kept,A Multi-Language Computing Environment for Literate Programming and Reproducible Research,"Schulte, Eric; Davison, Dan; Dye, Thomas; Dominik, Carsten",2012,JOURNAL OF STATISTICAL SOFTWARE,,https://www.webofscience.com/wos/woscc/full-record/WOS:000301069900001,supports-claim,"We present a new computing environment for authoring mixed natural and computer language documents. In this environment a single hierarchically-organized plain text source file may contain a variety of elements such as code in arbitrary programming languages, raw data, links to external resources, project management data, working notes, and text for publication. Code fragments may be executed in situ with graphical, numerical and textual output captured or linked in the file. Export to LATEX, HTML, LATEX beamer, DocBook and other formats permits working reports, presentations and manuscripts for publication to be generated from the file. In addition, functioning pure code files can be automatically extracted from the file. This environment is implemented as an extension to the Emacs text editor and provides a rich set of features for authoring both prose and code, as well as sophisticated project management capabilities.",wos,llm,0.980,unreviewed,
kept,Literate PSA modeling for a modular PSA,"Hibti, M.",2012,"ADVANCES IN SAFETY, RELIABILITY AND RISK MANAGEMENT",,https://www.webofscience.com/wos/woscc/full-record/WOS:000392426502047,adjacent-subtopic,"Now that PSAs are widely used to check and improve the design of many complex industrial systems, and as a key tool for maintenance planning and many Risk Informed Decision processes, it is time to take a look at the complexity of the tool and have a discussion on the way models are built and documented.

For Nuclear Power Plants, for example, many PSA models were developed and are used for maintenance and operational tasks. These models have been extended in many directions to meet licensees needs and safety authority requirements. The models nowadays deal not only with internal events, for shut-down and power states, but also with fire, flooding, and all external events in addition to other considerations with respect to different PSA applications.

These developments depend on the softwares that are used to develop the models. Moreover, the modeling was mostly performed regarding a set of needs, requirements, extensions that may not have necessarily been planned initially. This generally leads to very complex models. In this paper, we propose to pursue an idea of Donald Knuth (Literate Programming) to propose a Literate PSA Modeling. The idea is to implement PSA modeling in such a way that ""the presentation of the model"", its clarity and its accurate use shall be considered as an objective of a good PSA modeling. A prototype is proposed to give an idea of what could be a tool of literate PSA modeling. We discuss the benefits of such approach in a context of modular PSA, the reasons for which such an approach, initially introduced as Literate Programming was not successful in the computer science community and why it should be in the community of PSA modeling/programming.",wos,llm,0.780,unreviewed,
kept,Integrated Literate Programming for Structured Light Camera Calibration,"Skarbek, Wladyslaw",2012,"2012 JOINT CONFERENCE NEW TRENDS IN AUDIO & VIDEO AND SIGNAL PROCESSING: ALGORITHMS, ARCHITECTURES, ARRANGEMENTS, & APPLICATIONS (NTAV-SPA 2012)",,https://www.webofscience.com/wos/woscc/full-record/WOS:000393825800002,supports-claim,"Literate programming is a concept initially conceived by Professor Donald Knuth who had applied it in practice while developing his TEX formatting system. In my integrated approach I advocate the concept of literate programming in a single book, i.e. all levels of a created application ( including the descriptions of new algorithms) are joined together with all source codes in one PDF document, which is created from a tree of Latex documents. The code granularity can be of any detail. Even a single line of code is possible, surrounded by necessary comments, if needed. Codes can be composed sequentially and hierarchically. The presented paper will discuss advantages of the proposed programming methodology for developing software prototypes of applications within digital media one the example of calibration algorithms for a structured light camera system.",wos,llm,0.920,unreviewed,
kept,Implementing the Compendium Concept with Sweave and DOCSTRIP,"Lundholm, Michael",2011,R JOURNAL,,https://www.webofscience.com/wos/woscc/full-record/WOS:000208590200004,supports-claim,This article suggests an implementation of the compendium concept by combining Sweave and the LAT(E)X literate programming environment DOCSTRIP.,wos,llm,0.950,unreviewed,
kept,Implementing a Rigorous ODE Solver Through Literate Programming,"Nedialkov, Nedialko S.",2011,"MODELING, DESIGN, AND SIMULATION OF SYSTEMS WITH UNCERTAINTIES",,https://www.webofscience.com/wos/woscc/full-record/WOS:000293208200001,supports-claim,"Interval numerical methods produce results that can have the power of a mathematical proof. Although there is a substantial amount of theoretical work on these methods, little has been done to ensure that an implementation of an interval method can be readily verified. However, when claiming rigorous numerical results, it is crucial to ensure that there are no errors in their computation. Furthermore, when such a method is used in a computer assisted proof, it would be desirable to have its implementation published in a form that is convenient for verification by human experts.

We have applied Literate Programming (LP) to produce VNODE-LP, a C++ solver for computing rigorous bounds on the solution of an initial-value problem (IVP) for an ordinary differential equation (ODE). We have found LP well suited for ensuring that an implementation of a numerical algorithm is a correct translation of its underlying theory into a programming language: we can split the theory into small pieces, translate each of them, and keep mathematical expressions and the corresponding code close together in a unified document. Then it can be reviewed and checked for correctness by human experts, similarly to how a scientific work is examined in a peer-review process.",wos,llm,0.960,unreviewed,
discarded,"Of n-dimensional Dice, Combinatorial Optimization, and Reproducible Research: An Introduction","Brglez, Franc",2011,ELEKTROTEHNISKI VESTNIK,,https://www.webofscience.com/wos/woscc/full-record/WOS:000436077200004,adjacent-subtopic,"When throwing a solid object like a hexahedron, an octahedron or a tetrakis-hexahedron on a flat surface, we expect it to roll onto any of the faces with probabilities of exactly 1/6, 1/8, or 1/24, respectively. Informally, we view such objects as instances from the n-dimensional dice family; formally, they are instances from a hyperhedron family H(Theta,b,n). Each of the faces is assigned a label {(xi) under bar; Theta((xi) under bar)}; (xi) under bar represents a unique n-dimensional coordinate string (xi) under bar, Theta( (xi) under bar ) represents the value of the function Theta for (xi) under bar . The number of coordinates is defined as vertical bar H((xi) under bar ,b,n)vertical bar = b(n) (n!); each coordinate string is an oriented permutation with parameter b denoting the number of symbols that encode the unique orientation of each permutation. Special cases include the combinational family C(Theta,b,n) with vertical bar C(Theta,b,n)vertical bar = b(n) (each coordinate string is a unique n-tuple) and the (single orientation) permutation family P(Theta,b,n) with vertical bar P(Theta,b,n)vertical bar = n! (each coordinate string is a unique permutation). The paper introduces the hyperhedron not only as a model for instances that arise in the context of combinatorial optimization but also as a metaphor to illustrate a number of combinatorial search algorithms whose meta-structures do not change when instance coordinates change from an n-tuple to a simple or an oriented permutation of length n. The dice metaphor is applied to statistical performance experiments with instances whose dimension increases monotonically while the number of ""best faces"" remains constant. All results are archived as an integral part of reproducible research environment, controlled by components encapsulated in tcl, R, and (LTEX)-T-A.",wos,llm,0.640,unreviewed,
kept,Scribble: Closing the Book on Ad Hoc Documentation Tools,"Flatt, Matthew; Barzilay, Eli; Findler, Robert Bruce",2009,ACM SIGPLAN NOTICES,,https://www.webofscience.com/wos/woscc/full-record/WOS:000271211700013,supports-claim,"Scribble is a system for writing library documentation, user guides, and tutorials. It builds on PLT Scheme's technology for language extension, and at its heart is a new approach to connecting prose references with library bindings. Besides the base system, we have built Scribble libraries for JavaDoc-style API documentation, literate programming, and conference papers. We have used Scribble to produce thousands of pages of documentation for PLT Scheme; the new documentation is more complete, more accessible, and better organized, thanks in large part to Scribble's flexibility and the ease with which we cross-reference information across levels. This paper reports on the use of Scribble and on its design as both an extension and an extensible part of PLT Scheme.",wos,llm,0.930,unreviewed,
discarded,XML Lossy Text Compression: A Preliminary Study,"Bonifati, Angela; Lorusso, Marianna; Sileo, Domenica",2009,"DATABASE AND XML TECHNOLOGIES, PROCEEDINGS",,https://www.webofscience.com/wos/woscc/full-record/WOS:000271210700009,off-topic-false-hit,"Lossy compression techniques have been applied to image and text compression, yielding compression factors that axe vastly superior to lossless compression schemes. In this paper, we present a preliminary study on a set of lossy transformations for XML documents that preserve the semantics. Inspired by previous techniques, e.g. lossy text compression and literate programming, we apply a simple algorithm to XML syntactic constructs to loose superfluous layout information and redundant text. The obtained XML keeps the human-readability and machine-readability properties. Additionally, it can lead to a considerable reduction of its space occupancy and boost the application of conventional text compressors, thus representing a promising technology for several data management tasks.",wos,llm,0.980,unreviewed,
kept,Lightweight literate programming: A documentation practice,"Stavely, Allan; Walsh, Lynda; Shipman, John",2008,TECHNICAL COMMUNICATION,,https://www.webofscience.com/wos/woscc/full-record/WOS:000253339500002,supports-claim,,wos,llm,0.810,unreviewed,
discarded,AnnAnn and AnnAnn.Net : Tools for Teaching Programming,"Hooper, Clare J.; Carr, Leslie A.; Davis, Hugh C.; Millard, David E.; White, Su A.; Wills, Gary B.",2007,JOURNAL OF COMPUTERS,,https://www.webofscience.com/wos/woscc/full-record/WOS:000214985800002,adjacent-subtopic,"It is difficult for a student to learn about programs and to understand the rational that went into the development of the parts that led to the whole. Tools for explaining this essentially dynamic process are limited and typically static in nature, making it difficult for students to understand how it was developed, or where to start. This paper presents AnnAnn.Net, an animated code annotator which makes it possible to present the incremental development of code to large groups or for self study. The tool is designed for ease of use by both lecturers and students. The implementation and the ration for which are described in detail. The design of the system is underpinned by a sound pedagogical approach and these are discussed, along with the educational benefits of this approach are examined.",wos,llm,0.880,unreviewed,
kept,Literacy for the masses: Integrating software and knowledge reuse for end-user developers through literate programming,"Dinmore, Matthew; Norcio, Anthony F.",2007,IRI 2007: PROCEEDINGS OF THE 2007 IEEE INTERNATIONAL CONFERENCE ON INFORMATION REUSE AND INTEGRATION,,https://www.webofscience.com/wos/woscc/full-record/WOS:000250559700075,supports-claim,"We examine the potential for applying the literate programming approach to end-user development problems in which explicit knowledge capture and sharing is an objective. Research results from the literate programming literature are presented to support this concept, and recent work addressing previously recognized shortcomings of literate programming technology is highlighted. A prototype system and early experiences with an end-user literate programming are briefly described.",wos,llm,0.930,unreviewed,
discarded,How to encourage and publish reproducible research,"Kovacevic, Jelena",2007,"2007 IEEE International Conference on Acoustics, Speech, and Signal Processing, Vol IV, Pts 1-3",,https://www.webofscience.com/wos/woscc/full-record/WOS:000248909200319,adjacent-subtopic,"I discuss the ""what"", ""why"" and ""how"" or reproducible research, a concept that emerged recently in computational sciences. It refers to the idea that the ultimate product is not a published paper only, but the data, software and everything else needed to produce that paper. In signal processing, the discussion just started, and this paper attempts to add to the current efforts of bringing the issue to the forefront and looking for solutions to make it happen.",wos,llm,0.750,unreviewed,
kept,Multicomponent many-body perturbation theory for the simultaneous description of electronic and nuclear motion: Towards a practical implementation using literate programming methods,"Wilson, Stephen",2007,TOPICS IN THE THEORY OF CHEMICAL AND PHYSICAL SYSTEMS,,https://www.webofscience.com/wos/woscc/full-record/WOS:000246515800002,adjacent-subtopic,"The most widely used sequence of approximations in describing the structure and properties of molecules is first to assume the Born-Oppenheimer approximation to separate the electronic and the nuclear motions, then to decouple the electronic problem by assuming an independent particle model, and then to correct the mean field description by taking account of the instantaneous interactions of the electrons. (Nuclear degrees of freedom are often treated classically.) Many-body perturbation theory (MBPT) in its second-order form (designated MP2) remains the most widely used practical technique for describing the effects of electron correlation. MBPT is also invaluable in understanding the relation between different approaches to the electron correlation problem such as configuration interaction and various cluster expansions.

Recent years have seen a growing interest in the simultaneous description of electronic and nuclear motion. The nonadiabatic coupling between the electronic and nuclear motion manifest itself in numerous and rather diverse phenomena. An independent particle model can be formulated in which the averaged interactions between the electrons, between the electrons and the nuclei and between the nuclei are described quantum mechanically. Multicomponent MBPT can then be used to formulate the corresponding correlation problem accounting for electron-electron interactions, electron-nucleus interactions and nucleus-nucleus interactions in either algebraic or diagrammatic terms.

The practical realization of multicomponent MBPT rests on the development of efficient algorithms and the associated computer code. In recent work, we have advocated the use literate programming techniques in the development and publication of computer code for molecular structure calculations. We briefly discuss the application of these methods to the multicomponent many-body perturbation expansion.",wos,llm,0.790,unreviewed,
kept,"Literate many-body perturbation theory programming: Third-order ""ring"" diagrams","Wilson, Stephen",2007,Topics in the Theory of Chemical and Physical Systems,,https://www.webofscience.com/wos/woscc/full-record/WOS:000246515800001,adjacent-subtopic,"The application of literate programming methods in many-body perturbation theory is illustrated by considering the computation of the third-order ""ring"" diagram in the correlation energy expansion for a closed-shell, singlet system. An a posteriori application of literate programming techniques to a major component of the first published computer program for performing many-body perturbation theory calculations within the algebraic approximation is given.",wos,llm,0.830,unreviewed,
kept,An accept-and-reject algorithm to sample from a set of permutations restricted by a time constraint,"Huesing, Johannes",2006,JOURNAL OF STATISTICAL SOFTWARE,,https://www.webofscience.com/wos/woscc/full-record/WOS:000239693800001,adjacent-subtopic,"A modification of an accept-and-reject algorithm to sample from a set of restricted permutations is proposed. By concentrating on a special class of matrices obtained by restriction of the permutation in time, assuming the objects to be permuted to be events in time, the modified algorithm's running time can be shown to be linear instead of geometric in the number of elements. The implementation of the algorithm in the language R is presented in a Literate Programming style.",wos,llm,0.820,unreviewed,
discarded,Literate proving: Presenting and documenting formal proofs,"Cairns, P; Gow, J",2006,MATHEMATICAL KNOWLEDGE MANAGEMENT,,https://www.webofscience.com/wos/woscc/full-record/WOS:000236905900011,adjacent-subtopic,"Literate proving is the analogue for literate programming in the mathematical realm. That is, the goal of literate proving is for humans to produce clear. expositions of formal mathematics that could even be enjoyable for people to read whilst remaining faithful representations of the actual proofs. This paper describes maze, a generic literate proving system. Authors markup formal proof files, such as Mizar files, with arbitary XML and use maze to obtain the selected extracts and transform them for presentation, e.g. as LATEX. To aid its use, maze has built in transformations that include pretty printing and proof sketching for inclusion in LATEX documents. These transformations challenge the concept of faithfulness in literate proving but it is argued that this should be a distinguishing feature of literate proving from literate programming.",wos,llm,0.920,unreviewed,
