status,title,authors,year,venue,doi,url,tags,abstract,provider,decision_source,llm_confidence,llm_review_outcome,llm_change_direction
discarded,Reproducible research and Biostatistics,Roger D. Peng,2009,Biostatistics,10.1093/biostatistics/kxp014,https://openalex.org/W2143964357,adjacent-subtopic,"The replication of scientific findings using independent investigators, methods, data, equipment, and protocols has long been, and will continue to be, the standard by which scientific claims are evaluated. However, in many fields of study there are examples of scientific investigations that cannot be fully replicated because of a lack of time or resources. In such a situation, there is a need for a minimum standard that can fill the void between full replication and nothing. One candidate for this minimum standard is “reproducible research”, which requires that data sets and computer code be made available to others for verifying published results and conducting alternative analyses. The need for publishing reproducible research is increasing for a number of reasons. Investigators are more frequently examining weak associations and complex interactions for which the data contain a low signal-to-noise ratio. New technologies allow scientists in all areas to compile complex high-dimensional databases. The ubiquity of powerful statistical and computing capabilities allows investigators to explore those databases and identify associations of potential interest. However, with the increase in data and computing power comes a greater potential for identifying spurious associations. In addition to these developments, recent reports of fraudulent research being published in the biomedical literature have highlighted the need for reproducibility in biomedical studies and have invited the attention of the major medical journals (Laine and others, 2007). Even without the presence of deliberate fraud, it should be noted that as analyses become more complicated, the possibility of inadvertant errors resulting in misleading findings looms large. In the examples of Baggerly and others (2005) and Coombes and others (2007), the errors discovered were not necessarily simple or obvious and the examination of the problem itself required a sophisticated analysis. Misunderstandings about commonly used software can also lead to problems, particularly when such software is applied to situations not originally imagined (Dominici and others, 2002). While many might agree with the benefits of disseminating reproducible research, there is unfortunately a general lack of infrastructure for supporting such endeavors. Investigators who are willing to make their research reproducible are confronted with a number of barriers, one of which is the need to distribute, and make available for an indefinite amount of time, the supplementary materials required for reproducing the results. Another is the lack of an “instruction manual” that indicates which materials are needed and what might be the most suitable formats for making data and computer code available. In this editorial, we describe the efforts that Biostatistics is making to promote reproducibility in biostatistical research. From this issue forward, Biostatistics is willing to work with authors to publish articles that meet a standard of reproducibility. The standard involves three different dimensions that we describe in greater detail below. The purpose of defining different dimensions of reproducibility is to provide some level of continuity between “not reproducible” and “reproducible.” The journal has for some time now allowed and encouraged authors to place supplementary materials online via the journal's Web site and the reproducible research policy builds upon that framework. It should be noted that this policy is still in the early stages and it is likely that the details will evolve as we gain experience working with authors. The Associate Editor for reproducibility (AER) will handle submissions of reproducible articles. Currently, the AER's involvement with a submission begins only when an article has been accepted for publication. The AER will consider three different criteria when evaluating the reproducibility of an article. Data: The analytic data from which the principal results were derived are made available on the journal's Web site. The authors are responsible for ensuring that necessary permissions are obtained before the data are distributed. Code: Any computer code, software, or other computer instructions that were used to compute published results are provided. For software that is widely available from central repositories (e.g. CRAN, Statlib), a reference to where they can be obtained will suffice. Reproducible: An article is designated as reproducible if the AER succeeds in executing the code on the data provided and produces results matching those that the authors claim are reproducible. In reproducing these results, reasonable bounds for numerical tolerance will be considered. Authors can choose to meet a subset of these criteria if they wish. For example, an author may choose to release code showing how a particular method is implemented but may not have permission to publish the data. In such a case, the “code” criterion is satisfied, but the “data” and “reproducible” criteria are not. For authors interested in submitting materials satisfying the “reproducible” criterion, the journal is currently limiting submissions to those whose analyses are conducted using the R software environment. This limitation may change in the future and will generally be dependent on the resources of the journal and the AER. Papers that meet any or all of the above three numbered criteria will be kite marked D, C, and/or R on their title page in the journal. In general, authors should indicate in their submission that they intend to submit supplementary materials specifically for the purposes of allowing others to partially or fully reproduce their work. Authors can submit analytic data sets, computer code, or both in support of their papers. Authors may additionally indicate which results of the paper can be reproduced using the submitted materials, although such an indication is not required. Unless an author indicates that the supplementary materials satisfy the “reproducible” criterion (see below), the submitted materials will not be checked for reproducibility but, at the discretion of the Editors, may still be posted to the journal's Web site with an indication that the author has contributed the materials for the purpose of reproducing the results. When submitting data sets and code, authors should use open and documented formats rather than proprietary formats. Files containing computer code should be submitted in ASCII text format. While proprietary data formats may be standard in some subspecialties, we would prefer that an open alternative be submitted for the purposes of posting on the journal's Web site. Increasing the longevity and usefulness of the data and code is one important goal which is best supported by the use of open formats. The AER will work with authors to find appropriate formats for data and code submissions. To satisfy the “reproducible” criterion, authors should submit all the necessary materials so that the AER can execute the code on the analytic data sets and produce output similar to that obtained by the author. Currently, only submissions written using the R software environment will be accepted for satisfying this criterion. Authors should submit the following: A “main” script which directs the overall analysis. This script may load data, other software, and call the necessary functions for conducting the analysis described in the article. Other required code files, presumably called from the “main” script file. External data or auxiliary files containing the analytic data sets or other required information. A “target” file (or files) containing the results which are to be reproduced. Such a file could consist of an ASCII text file containing numerical results or a PDF file containing a figure. This will aid in the comparison of computed results with published results. Although not required, authors are encouraged to use literate programming tools such as a combination of and Sweave. Specifically for those using Sweave, submissions should include the following:If the AER is able to reproduce the stated results, the submitted materials will be posted to the journal's Web site with an indication that the results in the corresponding paper are reproducible. The original Noweb source for the article, typically a file with a .Rnw or .Snw extension. The file generated by the Sweave function, typically with file extension .tex. Any data files or auxiliary code needed to execute the Sweave function successfully on the Noweb source file. Any bibliographic database files (i.e. Bib files). In this issue, Duncan Lee and coauthors have published a paper (“Air pollution and health in Scotland: A multi-city study”) along with all the necessary data and code for reproducing the principal findings presented in their paper. In the paper, the authors relate hospital admission counts to air pollution levels with spatial Poisson regression models. These models are fitted to the data within a Bayesian framework using Markov chain Monte Carlo (MCMC) methods. The authors have provided the code implementing their MCMC sampler and have provided an “Overall script.R” file that directs the analysis.",openalex,llm,0.740,unreviewed,
discarded,limma powers differential expression analyses for RNA-sequencing and microarray studies,Matthew E. Ritchie; Belinda Phipson; Di Wu; Yifang Hu; Charity W. Law; Wei Shi; Gordon K. Smyth,2015,Nucleic Acids Research,10.1093/nar/gkv007,https://openalex.org/W2146512944,off-topic-false-hit,"limma is an R/Bioconductor software package that provides an integrated solution for analysing data from gene expression experiments. It contains rich features for handling complex experimental designs and for information borrowing to overcome the problem of small sample sizes. Over the past decade, limma has been a popular choice for gene discovery through differential expression analyses of microarray and high-throughput PCR data. The package contains particularly strong facilities for reading, normalizing and exploring such data. Recently, the capabilities of limma have been significantly expanded in two important directions. First, the package can now perform both differential expression and differential splicing analyses of RNA sequencing (RNA-seq) data. All the downstream analysis tools previously restricted to microarray data are now available for RNA-seq as well. These capabilities allow users to analyse both RNA-seq and microarray data with very similar pipelines. Second, the package is now able to go past the traditional gene-wise expression analyses in a variety of ways, analysing expression profiles in terms of co-regulated sets of genes or in terms of higher-order expression signatures. This provides enhanced possibilities for biological interpretation of gene expression differences. This article reviews the philosophy and design of the limma package, summarizing both new and historical features, with an emphasis on recent enhancements and features that have not been previously described.",openalex,llm,0.980,unreviewed,
discarded,"An introduction to Docker for reproducible research, with examples from the R environment",Carl Boettiger,2014,arXiv (Cornell University),10.48550/arxiv.1410.0846,https://openalex.org/W3113043731,adjacent-subtopic,"As computational work becomes more and more integral to many aspects of scientific research, computational reproducibility has become an issue of increasing importance to computer systems researchers and domain scientists alike. Though computational reproducibility seems more straight forward than replicating physical experiments, the complex and rapidly changing nature of computer environments makes being able to reproduce and extend such work a serious challenge. In this paper, I explore common reasons that code developed for one research project cannot be successfully executed or extended by subsequent researchers. I review current approaches to these issues, including virtual machines and workflow systems, and their limitations. I then examine how the popular emerging technology Docker combines several areas from systems research - such as operating system virtualization, cross-platform portability, modular re-usable elements, versioning, and a `DevOps' philosophy, to address these challenges. I illustrate this with several examples of Docker use with a focus on the R statistical environment.",openalex,llm,0.790,unreviewed,
discarded,"The Implementation Research Logic Model: a method for planning, executing, reporting, and synthesizing implementation projects",Justin D. Smith; Dennis H. Li; Miriam R. Rafferty,2020,Implementation Science,10.1186/s13012-020-01041-8,https://openalex.org/W3088550079,off-topic-false-hit,"BACKGROUND: Numerous models, frameworks, and theories exist for specific aspects of implementation research, including for determinants, strategies, and outcomes. However, implementation research projects often fail to provide a coherent rationale or justification for how these aspects are selected and tested in relation to one another. Despite this need to better specify the conceptual linkages between the core elements involved in projects, few tools or methods have been developed to aid in this task. The Implementation Research Logic Model (IRLM) was created for this purpose and to enhance the rigor and transparency of describing the often-complex processes of improving the adoption of evidence-based interventions in healthcare delivery systems. METHODS: The IRLM structure and guiding principles were developed through a series of preliminary activities with multiple investigators representing diverse implementation research projects in terms of contexts, research designs, and implementation strategies being evaluated. The utility of the IRLM was evaluated in the course of a 2-day training to over 130 implementation researchers and healthcare delivery system partners. RESULTS: Preliminary work with the IRLM produced a core structure and multiple variations for common implementation research designs and situations, as well as guiding principles and suggestions for use. Results of the survey indicated a high utility of the IRLM for multiple purposes, such as improving rigor and reproducibility of projects; serving as a ""roadmap"" for how the project is to be carried out; clearly reporting and specifying how the project is to be conducted; and understanding the connections between determinants, strategies, mechanisms, and outcomes for their project. CONCLUSIONS: The IRLM is a semi-structured, principle-guided tool designed to improve the specification, rigor, reproducibility, and testable causal pathways involved in implementation research projects. The IRLM can also aid implementation researchers and implementation partners in the planning and execution of practice change initiatives. Adaptation and refinement of the IRLM are ongoing, as is the development of resources for use and applications to diverse projects, to address the challenges of this complex scientific field.",openalex,llm,0.980,unreviewed,
discarded,Review of methods for solving the EEG inverse problem,Roberto D. Pascual‐Marqui,1999,,,https://openalex.org/W197076444,adjacent-subtopic,"This paper reviews the class of instantaneous, 3D, discrete, linear solutions for the EEG inverse problem. Five different inverse methods are analyzed and compared: minimum norm, weighted minimum norm, Backus and Gilbert, weighted resolution optimization (WROP), and low resolution brain electromagnetic tomography (LORETA). The inverse methods are compared by testing localization errors in the estimation of single and multiple sources. These tests constitute the minimum necessary condition to be satisfied by any tomography. Of the five inverse solutions tested, only LORETA demonstrates the ability of correct localization in 3D space. The other four inverse solutions should not be used if the research aim is to localize the neuronal generators of EEG in a 3D brain. In this sense, minimum norm, weighted minimum norm, Backus and Gilbert, and WROP can be likened to x-rays, where depth information is totally lacking. For the sake of reproducible research, all the material and methods used in this part of the study, consisting of computer programs (source code and executables) and data, are available upon request to the author. In this way, all the results and conclusions can be checked, reproduced, and validated by the interested reader. In the final part of this paper, LORETA in the standard Talairach human brain is presented. This technique allows the quantitative neuroanatomical localization of neuronal electric activity. A computer program for LORETA in Talairach space is available upon request from the author. 1. Localization properties of instantaneous, 3D, discrete, linear solutions for the EEG inverse problem One of the primary concerns in electrophysiology is the non-invasive localization of the neuronal generators responsible for measured EEG phenomena. Methods for localization are termed inverse solutions. This review is limited to the class of instantaneous, 3D, discrete, linear solutions for the EEG inverse problem. In order for an inverse solution of this class to qualify as a true functional “tomography”, it must at least be capable of localizing sources with a minimum of localization error. If an inverse solution of this class is incapable of correct localization, then it has no worth as a tomography. Harsh as this criterion may seem, it is fair and objective, but most important of all, it is applicable to any proposed method. The main difficulty impeding the development of a “good” tomography for the generators of the EEG is determined by the physics nature of the problem: the measurements do not contain enough information about the generators. This gives rise to what is known as the non-uniqueness of the inverse solution. Therefore, from the outset, it can be stated that a perfect tomography can not exist. R.D. Pascual-Marqui. Review of Methods for Solving the EEG Inverse Problem. International Journal of Bioelectromagnetism 1999, Volume 1, Number 1, pp:75-86. Printed Issue ISSN 1457-7857, Internet Issue ISSN 14567865 (http://www.tut.fi/ijbem). Author’s version. Page 2 of 13 Despite this obstacle, the search for better tomographies goes on, as witnessed by the number of papers being published in this field (see, e.g., Koles (1998) for a recent review). From a more optimistic point of view, one might expect that whatever little information is contained in EEG measurements, it should suffice to allow for the existence of at least an “approximate” tomography. Such a tomography should be capable of recovering the “true” generators with an acceptable low level of distortion (i.e., of error). Historically, the first tomography published in this field was the minimum norm inverse solution of Hamalainen and Ilmoniemi (1984). The properties of this method for 2D solution spaces (i.e., sources restricted to a plane or to a spherical surface running parallel to the measurement surface) were promising. Two-dimensional images of estimated current density corresponding to ideal point sources were recovered with blurring, but with correct localization of activity maxima. However, this method is incapable of correct localization in 3D solution spaces, as was shown in PascualMarqui (1995). The greatest challenge in the development of EEG source localization tomographies is to extend the good localization properties of the 2D minimum norm solution to 3D solution spaces. This was achieved with LORETA (low resolution brain electromagnetic tomography) (Pascual-Marqui et al., 1994; Pascual-Marqui, 1995). All the properties of a tomography, including its quality in terms of localization capability, can be completely characterized by means of the model resolution matrix (Menke, 1984; Backus and Gilbert, 1968). This approach was used by Pascual-Marqui (1995) to compare three tomographies (inverse solutions) in terms of their localization errors. The first part of this paper contains a brief review of the theory of instantaneous, 3D, discrete, linear solutions for the EEG inverse problem. A methodology is presented for the fair, objective, and rigorous comparison of EEG-based tomographies. The main results presented here correspond to a comparison of five different tomographies taken from the published literature. Some important aspects of inverse solutions not included in this study, such as the effect of noisy measurements and the effect of the reference electrode for EEG measurements, were considered in detail elsewhere (Pascual-Marqui, 1995). Other methods of source localization, such as single or multiple dipole fitting are not the object of this review. 1.1 Material and methods",openalex,llm,0.780,unreviewed,
