status,title,authors,year,venue,doi,url,tags,abstract,provider,decision_source,llm_confidence,llm_review_outcome,llm_change_direction
kept,Theme-based literate programming,"Kacofegitis, A; Churcher, N",2002,APSEC 2002: NINTH ASIA PACIFIC SOFTWARE ENGINEERING CONFERENCE,,https://www.webofscience.com/wos/woscc/full-record/WOS:000180141400056,qualifies-claim,"The source code for computer programs is destined to be read by compilers and consequently its internal structure is heavily constrained. The compiler neither knows nor cares about such things as a program's internal structure, the relationships between its components and their specifications, the way design patterns are instantiated, the best way to explain its algorithms or how it is intended to be used. People do. Literate programming (LP) was invented by Donald Knuth as a way to address such problems. The idea is appealing but LP has not been adopted widely: the lack of good tools, difficulties with object-oriented languages and the limitations of a single psychological order are among the reasons. In this paper we report the development of theme-based literate programming (TBLP). Themes are extremely flexible: they may be aimed at particular reader groups or represent aspects of the program. Features of TBLP include an extended chunk model which accommodates a richer variety of types, an extended connection model which allows chunks to be threaded together :into multiple themes, an enhanced processing model which generalises tangling and weaving and a chunk-level version management system. XML is used to represent the web structure and XML-based technologies such as XSLT are used in processing. This provides flexibility and extensibility, allowing users to define new chunk types. An application which implements TBLP is presented and the integration of TBLP with software engineering processes is discussed.",wos,llm,0.980,unreviewed,
kept,Supporting tailorable program visualisation through literate programming and fisheye views,"Cockburn, A",2001,INFORMATION AND SOFTWARE TECHNOLOGY,,https://www.webofscience.com/wos/woscc/full-record/WOS:000172077300001,adjacent-subtopic,"This paper describes the 'Jaba' program editor and browser that allows users to tailor the level of abstraction at which they visualise, browse, edit and document object-oriented programs. Its design draws on concepts from literate programming, holophrasting displays, fisheye visualisation and hypertext to allow programmers to rapidly move between abstract and detailed views of Java classes. The paper focuses on the motivation for, and user interface issues surrounding, the integration of these facilities in Jaba. Limitations in the current tools and theories for programming support are identified, and modifications are proposed and demonstrated. Examples include overcoming the static post-hoc documentation support provided by Javadoc, and normalising Fumas's 'degree of interest' fisheye visualisation formula to avoid excessive suppression of program segments. (C) 2001 Elsevier Science B.V. All rights reserved.",wos,llm,0.890,unreviewed,
discarded,Creating New Programming Experiences Inspired by Boxer to Develop Computationally Literate Society.,Mark Guzdial,2022,Programming,10.1145/3532512.3539663,https://dblp.org/rec/conf/programming/Guzdial22,off-topic-false-hit,"Boxer suggests a medium that might be used by a computationally literate society. We do not have a computationally literate society, but we do have one where computation is pervasive. Reaching computational literacy will require us to invent media that reach citizens where they are, so that they can use computation for the kinds of tasks envisioned for Boxer. Teaspoon languages are task-specific languages designed to be highly usable. By developing and disseminating Teaspoon languages, we might move towards creating a computationally literate society.",dblp,llm,0.870,unreviewed,
kept,An SGML-based programming environment for literate programming.,Daniel M. Germán,1994,CASCON,,https://dblp.org/rec/conf/cascon/Morales-German94,supports-claim,,dblp,llm,0.900,unreviewed,
discarded,Grammar-Aware Literate Generative Mathematical Programming with Compiler-in-the-Loop.,Roberto Rossi 0002; Steven D. Prestwich,2026,CoRR,10.48550/ARXIV.2601.17670,https://dblp.org/rec/journals/corr/abs-2601-17670,off-topic-false-hit,"Mathematical programming is widely employed across various sectors - such as logistics, energy, and workforce planning - to model and solve industrial optimisation problems, but its use requires substantial domain expertise. Large language models offer a promising way to translate natural-language problem descriptions into optimisation models, yet existing approaches are costly and generally produce models written in general-purpose computer code (e.g. Python), which can be difficult to inspect, validate, and reuse. In this work, we introduce SyntAGM, a system that generates optimisation models in a readable algebraic modelling language through an iterative generate-compile-assess-revise loop. SyntAGM leverages PyOPL, an OPL-like modelling language compiler designed to provide actionable feedback for iterative model repair. To obtain a valid PyOPL model that matches the problem description, SyntAGM mobilises compiler feedback and an LLM-based alignment judge. In addition, it combines in-context exposure to the target language grammar, and few-shot retrieval of modelling exemplars. Across multiple benchmarks, SyntAGM achieves a more favourable cost-quality trade-off compared to established prompting baselines.",dblp,llm,0.720,unreviewed,
kept,An Interactive and Literate Environment for Learning Programming.,Saúl-Alonso Palazuelos-Alvarado; María Lucía Barrón-Estrada; Ramón Zataraín-Cabada; Arcelia Judith Bustillos Martínez,2025,MICAI,10.1007/978-3-032-17933-3_10,https://dblp.org/rec/conf/micai/PalazuelosAlvaradoBZM25,adjacent-subtopic,,dblp,llm,0.780,unreviewed,
kept,Reproducibility Report for the Paper: &quot;DESL: A Literate Programming Language Framework for Interoperable Parallel Discrete Event Simulation&quot;.,Anibal Siguenza-Torres,2025,SIGSIM-PADS,10.1145/3726301.3734837,https://dblp.org/rec/conf/pads/Siguenza-Torres25b,adjacent-subtopic,"This reproducibility report evaluates the paper “DESL: A Literate Programming Language Framework for Interoperable Parallel Discrete Event Simulation"". This work presents a framework using literate programming and model-driven engineering to facilitate the generation of Parallel Discrete Event Simulation (PDES) models. The authors have uploaded their artifact to a permanent repository, along with documentation detailing the required dependencies, installation procedures, and running scripts. Additionally, the artifact includes detailed instructions for producing a Hello World PDES example, demonstrating how to use the framework and enabling its reuse. For these reasons, this paper receives the Artifacts Available, and Artifacts Evaluated - Reusable badges.",dblp,llm,0.790,unreviewed,
kept,Literate Programming and Cultural Practice.,Graham Nelson,2025,TFP,10.1007/978-3-031-99751-8_2,https://dblp.org/rec/conf/sfp/Nelson25,supports-claim,,dblp,llm,0.700,unreviewed,
kept,Conceptual Mathematics via Literate Programming.,Ian Benson; Jim Darby; Neil MacDonald; Jesse Sigal,2022,CoRR,10.48550/ARXIV.2202.13771,https://dblp.org/rec/journals/corr/abs-2202-13771,adjacent-subtopic,Recent developments in computer programming and in mathematics suggest that there is a strong case for a new way of introducing programming to enhance the learning of school mathematics. The article describes a collaboration of mathematics and computer science teachers to solve the Josephus problem. We demonstrate how a programming approach based on both types and functions can make a vastly improved contribution to learning mathematics than the less successful use of conventional computer programming in Scratch.,dblp,llm,0.720,unreviewed,
kept,Using Cloud Tools for Literate Programming to Redesign an AI Course for Non-Traditional College Students.,Maria L. Hwang; Calvin Williamson,2020,AAAI,10.1609/AAAI.V34I09.7069,https://dblp.org/rec/conf/aaai/HwangW20,adjacent-subtopic,"As more open source educational software applications become available, higher educational institutions have the opportunity to utilize these cost efficient tools to deliver the instruction traditionally taught off line with heavy associated costs. Here we introduce a machine learning course that uses a simple, cloud computing approach to creating course materials. We see this type of serverless, cloud-based, literate programming to be the future of computer science education in non-traditional higher educational institutions in particular serving students who will need the basic literacy for computing and computation but will not pursue the traditional computer scientist path.",dblp,llm,0.880,unreviewed,
kept,Literate Programming zur Dokumentation in der Systemadministration.,Meik Teßmer,2015,Software Engineering &amp; Management,,https://dblp.org/rec/conf/se/Tessmer15,adjacent-subtopic,,dblp,llm,0.670,unreviewed,
kept,Writing software to be understood: an exercise in Ginger using literate programming.,Eddie Hillenbrand; James Dean Palmer,2010,J. Comput. Sci. Coll.,10.5555/1858583.1858598,https://dblp.org/rec/journals/jcscoll/HillenbrandP10,adjacent-subtopic,,dblp,llm,0.790,unreviewed,
kept,LP/LISP: literate programming for Lisp.,Roy M. Turner,2010,ILC,10.1145/1869643.1869647,https://dblp.org/rec/conf/lfp/Turner10,supports-claim,,dblp,llm,0.850,unreviewed,
kept,"It Ain&apos;t What You View, But The Way That You View It: documenting spreadsheets with Excelsior, semantic wikis, and literate programming",Jocelyn Paine,2008,CoRR,,https://dblp.org/rec/journals/corr/abs-0802-3478,adjacent-subtopic,,dblp,llm,0.800,unreviewed,
kept,PIDoc: Wiki style Literate Programming for Prolog,Jan Wielemaker; Anjo Anjewierden,2007,CoRR,,https://dblp.org/rec/journals/corr/abs-0711-0618,supports-claim,,dblp,llm,0.860,unreviewed,
kept,xmLP - a Literate Programming Tool for XML &amp; Text.,Anthony B. Coates; Zarella Rendon,2002,Extreme Markup Languages®,,https://dblp.org/rec/conf/extreme/CoatesR02,supports-claim,,dblp,llm,0.840,unreviewed,
kept,Integrating literate programming and cleanroom software engineering to teach software engineering skills.,Shereef Abu Al-Maati; William D. Shoaff,1997,ACSE,10.1145/299359.299375,https://dblp.org/rec/conf/acse/Al-MaatiS97,adjacent-subtopic,"One goal of software engineering instructors is to educate students about principles underlying the various phases of the software life cycle. Instructors work towards preparing and equipping students with knowledge and experience that will accommodate the student’s transition from academia to industry. Thus, allowing the students to be an asset to the work force. To accomplish this, we as instructors need to teach students software engineering concepts at an early stage in their computer science education. In this paper, we examine how two successful methodologies, each proposed by a renowned computer scientist, can be integrated to further extend their roles into a tool useful for students in learning good software engineering skills. This integration expands the role of literate programming to several levels higher in the software life cycle and automates the box structure methodology to document the entire specification, design and implementation phases of a software system into a single artifact.",dblp,llm,0.940,unreviewed,
kept,"Engaging students and teaching modern concepts: literate, situated, object-oriented programming.",Glenn Meter; Philip Miller 0001,1994,SIGCSE,10.1145/191029.191161,https://dblp.org/rec/conf/sigcse/MeterM94,adjacent-subtopic,,dblp,llm,0.740,unreviewed,
kept,Literate programming.,Donald E. Knuth,1992,CSLI lecture notes series,,https://dblp.org/rec/books/daglib/0000763,supports-claim,,dblp,llm,0.990,unreviewed,
kept,StoL - a literate programming in SCHEME,Daniel Kobler; Daniel Hernández 0001,1991,"Forschungsberichte, TU Munich",,https://dblp.org/rec/tr/tum/FKI-157-91,supports-claim,,dblp,llm,0.900,unreviewed,
kept,An Interactive Environment for Literate Programming.,Marcus E. Brown; Bart Childs,1990,Struct. Program.,,https://dblp.org/rec/journals/stp/BrownC90,supports-claim,,dblp,llm,0.950,unreviewed,
kept,Literate Programming Applied to Conventional Software Design.,Marcus Brown 0001; David Cordes,1990,Struct. Program.,,https://dblp.org/rec/journals/stp/BrownC90a,supports-claim,,dblp,llm,0.930,unreviewed,
kept,The role of literate programming in the software engineering life-cycle.,Marcus Brown 0001; David Cordes,1990,ACM Southeast Regional Conference,10.1145/98949.99007,https://dblp.org/rec/conf/ACMse/BrownC90,supports-claim,"The software life-cycle identifies a formal strategy for the systematic development of software. It pro­ vides a broad organizational platform for the genera­ tion of both small-scale and large-scale software sys­ tems. This platform defines a methodology for the specification, design, implementation, testing and maintenance of computer systems. Knuth's Literate Programming pnradigm presents a novel approach to coding software. It has proven beneficinl to the process of system implementation. This paper ex­ plores the fundamental characteristics of the literate parndigm, and looks at how they might be utilized within other stages of system development. The current (and potential) role of a literate pnradigm within the overall software life-cycle is examined. I n t r o d u c t io n As the demand for reliable, maintainable soft­ ware continues to increase, a growing concern is be­ ing placed on a developmental process that promotes comprehension and understandability. Such a tech­ nique would provide the development team with an effective tool for mnnnging the demands plnced upon them by software that is increasing in both size nnd complexity. Additionally, the method would sim­ plify maintenance of the developed product, nnd also promote code reusability. Permission lo copy without fee nil or part of this material is granted provided that the copies nre not made or distributed for direct com­ mercial advantage, the ACM copyright notice and (lie title of the publication and its date appear, and notice is given that copying is by permission of the Association for Computing Machinery. To copy otherwise, or to republish, requires a fee and/or specific per­ mission. © 1990 ACMO-8979I-356-6/90AMOO/OIOI $1.50 Knuth’s literate programming pnradigm [8] in­ troduces a technique for the coding of software that focuses on understandability. While literate pro­ gramming is normally associated with system im­ plementation, the general concerns addressed by the literate environment are not confined to the cod­ ing phase of software development. In fact, these concerns arise during all stages of softwnre devel­ opment. Issues such as underslandnbility, compre­ hension, readability, traceability nnd documentation are realized throughout the life-cycle. The literate paradigm represents a novel approach in addressing these items. To dale, the literate paradigm has remained entrenched within the implementation phase of the software life-cycle. System specification, design, test­ ing and maintenance must all rely on other develop­ ment techniques. However, the literate paradigm addresses issues of concern to these stages of de­ velopment. This paper reviews the current literate parndigm, identifies the underlying concepts central to this paradigm, nnd exnmines the impact of a fil­ trate approach on other phases of the software lifecycle. T h e C u r r e n t LH etnl.e I’n rn d igm Typical computer programs are conceived of as a set of instructions from a human programmer to a computer telling the computer what actions to per­ form. Due to the rising costs associated with soft­ ware development, it is imperative that such pro­ grams be developed in a readable, understandable format. Therefore, emphasis in softwnre develop­ ment has shifted from a quick generation of work­ able instruction sets lo the methodical construction of readable, comprehendnble instructions. The ma­ jor concern in writing programs must now be fo­ cused on enabling the human progrnmmer(s) to undcrstnnd the program. This is the basic philosophy underlying the concept of Literate Programming. Tlie WEB system represents Knuth’s implemen­ tation of the literate programming paradigm. Orig­ inally created for the Pascal language, it has since been adapted to C [10, 15j, Ada [13] and other lan­ guages. It has been used for both small programs [2, 3, 4] and large ones [9]. In all enses, writing a program designed for user comprehension has been the primary goal. The literate program is designed for two dis­ tinct audiences: other programmers and a compiler. To address these two different audiences, the WEB program must be processed in two different paths. For the human audience, the WEB source code is pro­ cessed by WEAVE, producing a TfeX document for typesetting. This in turn generates an indexed, struc­ tured listing of the original program. For the com­ puter, the WEB source is processed by TAIGLE, pro­ ducing a source code progrnm suitable for the com­ piler but unfit for human consumption (rending). This processing path is shown in Figure 1. m y f ile .T E X Typeset listing",dblp,llm,0.970,unreviewed,
kept,Literate programming.,R. Mitchell 0001,1988,,,https://dblp.org/rec/phd/ethos/Mitchell88,supports-claim,,dblp,llm,0.750,unreviewed,
kept,Literate Programming.,Jon Louis Bentley,1986,Commun. ACM,,https://dblp.org/rec/journals/cacm/Bentley86a,supports-claim,,dblp,llm,0.960,unreviewed,
discarded,RCytoscape: tools for exploratory network analysis,Paul Shannon; Mark L. Grimes; Burak Kutlu; Jan Bot; David J. Galas,2013,BMC Bioinformatics,10.1186/1471-2105-14-217,https://openalex.org/W2127449417,off-topic-false-hit,"BACKGROUND: Biomolecular pathways and networks are dynamic and complex, and the perturbations to them which cause disease are often multiple, heterogeneous and contingent. Pathway and network visualizations, rendered on a computer or published on paper, however, tend to be static, lacking in detail, and ill-equipped to explore the variety and quantities of data available today, and the complex causes we seek to understand. RESULTS: RCytoscape integrates R (an open-ended programming environment rich in statistical power and data-handling facilities) and Cytoscape (powerful network visualization and analysis software). RCytoscape extends Cytoscape's functionality beyond what is possible with the Cytoscape graphical user interface. To illustrate the power of RCytoscape, a portion of the Glioblastoma multiforme (GBM) data set from the Cancer Genome Atlas (TCGA) is examined. Network visualization reveals previously unreported patterns in the data suggesting heterogeneous signaling mechanisms active in GBM Proneural tumors, with possible clinical relevance. CONCLUSIONS: Progress in bioinformatics and computational biology depends upon exploratory and confirmatory data analysis, upon inference, and upon modeling. These activities will eventually permit the prediction and control of complex biological systems. Network visualizations--molecular maps--created from an open-ended programming environment rich in statistical power and data-handling facilities, such as RCytoscape, will play an essential role in this progression.",openalex,llm,0.980,unreviewed,
discarded,From manual to semi-automatic semantic annotation: about ontology-based text annotation tools,Michael Erdmann; Alexander Maedche; Hans-Peter Schnurr; Steffen Staab,2026,Repository KITopen (Karlsruhe Institute of Technology),10.5445/ir/32582000,https://openalex.org/W1564124598,off-topic-false-hit,"Semantic Annotation is a basic technology for intelli- gent content and is beneficial in a wide range of content- oriented intelligent applications. In this paper we present our work in ontology-based semantic annotation, which is embedded in a scenario of a knowledge portal appli- cation. Starting with seemingly good and bad manual semantic annotation, we describe our experiences made within the KA -initiative. The experiences gave us the starting point for developing an ergonomic and knowl- edge base-supported annotation tool. Furthermore, the annotation tool described are currently extended with mechanisms for semi-automatic information-extraction based annotation. Supporting the evolving nature of semantic content we additionally describe our idea of evolving ontologies supporting semantic annotation.",openalex,llm,0.990,unreviewed,
