status,title,authors,year,venue,doi,url,tags,abstract,provider,decision_source,llm_confidence,llm_review_outcome,llm_change_direction
kept,Expressing and Checking Statistical Assumptions,Alexi Turcotte; Zheyuan Wu,2025,Proceedings of the ACM on software engineering.,10.1145/3729391,https://openalex.org/W4411450050,supports-claim,"Literate programming environments like Jupyter and R Markdown notebooks, coupled with easy-to-use languages like Python and R, put a plethora of statistical methods right at a data analyst’s fingertips. But are these methods being used correctly? Statistical methods make statistical assumptions about samples being analyzed, and in many cases produce reasonable looking results even if assumptions are not met. We propose an approach that allows library developers to annotate functions with statistical assumptions, phrases them as hypotheses about the data, and inserts hypothesis tests investigating the likelihood that the assumption is met; this way, analysts using these functions will have their data checked automatically. We implement this approach in two tools: prob-check-py for Python, and prob-check-r for R, and to evaluate them we identify common hypothesis testing and statistical modeling functions, annotate them with the relevant statistical assumptions, and run 128 Kaggle notebooks that use those methods to identify misuses. Our investigation reveals statistically significant evidence against assumptions in 84.38% of surveyed notebooks, and in 53.36% of calls to annotated functions. In the case of hypothesis tests, had an equivalent test that did not make these assumptions been chosen, a different conclusion would have been drawn in 11.51% of cases.",openalex,llm,0.880,unreviewed,
kept,An automatic documentation generator for (C)LP - Reference manual,Manuel V. Hermenegildo; José Francisco Morales Caballero,1997,UPM Digital Archive (Technical University of Madrid),,https://openalex.org/W9693951,supports-claim,"Lpdoc is an automatic program documentation generator for (C)LP systems. Lpdoc generates a reference manual automatically from one or more source files for a logic program (including ISO-Prolog, Ciao, many CLP systems, ...). It is particularly useful for documenting library modules, for which it automatically generates a description of the module interface. However, lpdoc can also be used quite successfully to document full applications and to generate nicely formatted plain ascii ""readme"" files. A fundamental advantage of using lpdoc to document programs is that it is much easier to maintain a true correspondence between the program and its documentation, and to identify precisely to what version of the program a given printed manual corresponds. The quality of the documentation generated can be greatly enhanced by including within the program text: • assertions (types, modes, etc. ...) for the predicates in the program, and • machine-readable comments (in the ""literate programming"" style). The assertions and comments included in the source file need to be written using the Ciao system assertion language. A simple compatibility library is available to make traditional (constraint) logic programming systems ignore these assertions and comments allowing normal treatment of programs documented in this way. The documentation is currently generated in HTML or texinf o format. From the texinf o output, printed and on-line manuals in several formats (dvi, ps, info, etc.) can be easily generated automatically, using publicly available tools, lpdoc can also generate 'man' pages (Unix man page format) as well as brief descriptions in html or emacs info formats suitable for inclusion in an on-line index of applications. In particular, lpdoc can create and maintain fully automatically WWW and info sites containing on-line versions of the documents it produces. The lpdoc manual (and the Ciao system manuals) are generated by lpdoc. Lpdoc is distributed under the GNU general public license. Note: lpdoc is fully supported on Linux, Mac OS X, and other Un*x-like systems. Due to the use of several Un*x-related utilities, some documentation back-ends may require Cygwin under Win32. This documentation corresponds to version 3.0 (2011/7/7, 16:33:15 CEST).",openalex,llm,0.910,unreviewed,
discarded,A Declarative Specification of Tree-Based Symbolic Arithmetic Computations,Paul Tarau,2012,Lecture notes in computer science,10.1007/978-3-642-27694-1_20,https://openalex.org/W1676288067,adjacent-subtopic,,openalex,llm,0.610,unreviewed,
kept,CROWDSOURCED ACOUSTIC OPEN DATA ANALYSIS WITH FOSS4G TOOLS,Nicolas Roelandt; Pierre Aumond; L. Moisan,2022,"The international archives of the photogrammetry, remote sensing and spatial information sciences/International archives of the photogrammetry, remote sensing and spatial information sciences",10.5194/isprs-archives-xlviii-4-w1-2022-387-2022,https://openalex.org/W4290075723,supports-claim,"Abstract. NoiseCapture is an Android application developed by the Gustave Eiffel University and the French National Centre for Scientific Research as central element of a participatory approach to environmental noise mapping. The application is open-source, and all its data are available freely. This study presents the results of the first exploratory analysis of 3 years of data collection through the lens of sound sources. This analysis is only based on the tags given by the users and not on the sound spectrum of the measurement, which will be studied at a later stage. The first results are encouraging, we were able to observe well known temporal sound source dynamics like road sounds temporal dynamic related to commuting or bird songs in the dataset. We also found correlations between wind and rain tags and their measurements by the the national meteorological service. The context of the study, the Free and Open Source Software tools and techniques used and literate programming benefits are presented.",openalex,llm,0.760,unreviewed,
kept,Coding the Coders: A Qualitative Investigation of Students’ Commenting Patterns,Mahnas Mohammadi-Aragh; Phyllis Beck; Amy J. Barton; Donna Reese; Bryan A. Jones; Monika Jankun-Kelly,2020,,10.18260/1-2--30198,https://openalex.org/W2954277266,adjacent-subtopic,"Abstract Learning to program is a complex task and has been documented as a persistent challenge. Based on literature documenting writing as a vehicle to help students learn, the authors propose integrating Writing-to-Learn (WTL) strategies in support of learning to program. WTL activities are usually short, low-stakes writing assignments that are designed to promote reflection, analysis, synthesis, and deeper understanding of course material. When integrated into a problem-solving assignment, such as a programming lab, WTL prompts allow students to think about the choices they are making and the reasons for those choices. Students’ writings become an artifact of the changes and growth that accompany learning and provide instructors with a rare insight into students’ learning, including thinking and organizational processes. While others have shown that writing reflections after programming supports learning, we are investigating the impact of fully integrating explanations and reflections into the act of programming. In our implementation, we follow the principles of Knuth’s literate programming paradigm, which views programming as authoring a document that happens to contain source code. As a first step in investigating how intermingled writing and coding can improve the process of learning to program, we have employed qualitative methods to create a qualitative codebook of students’ commenting patterns. Using systematic open coding techniques outlined by Strauss and Corbin, we examined source code comments from students’ introductory programming laboratory assignments in two phases. First, we analyzed each source code comment line-by-line to determine if it contained meaningful information about the author’s thinking process and the type of thinking it represented (e.g., explaining an action, providing justification for a design choice). Our examination resulted in five categories of comments: literal, conceptual, reflective, organizational, and insufficient. Second, we re-analyzed source code comments as a group to determine the visual organizational scheme. Our examination resulted in four categories: unitization, every-line, block-level, and insufficient. This paper will include a detailed description of the qualitative methods used to create the codebook, including an overview of open coding techniques. The current codebook will be presented including illustrative examples of each comment category. We will also present the results from our initial analysis of student source code using our codebook, which found that students in the traditional instruction laboratories used a literal/every-line or a conceptual/every-line commenting style, while students in the Writing-to-Learn laboratories used a literal/every-line or a conceptual/unitization commenting style.",openalex,llm,0.770,unreviewed,
kept,TOWARDS A DOCUMENT CENTRED COMPUTER-AIDED CONTROL SYSTEM DESIGN ENVIRONMENT,Al Sadiq ul Amin; M. Madani Halepota; Christopher P. Jobling; P.W. Grant,2002,IFAC Proceedings Volumes,10.3182/20020721-6-es-1901.00909,https://openalex.org/W159136807,supports-claim,,openalex,llm,0.680,unreviewed,
kept,"Accounting for Methods: Spreadsheets, Scripts and Programming Notebooks",Sam Leon,2021,,10.1017/9789048542079.020,https://openalex.org/W3149346737,supports-claim,"This chapter explores the ways in which literate programming environments such as Jupyter Notebooks can help make data journalism reproducible, less error prone and more collaborative. Keywords: Jupyter Notebooks, reproducibility, programming, Python, literate programming environments, data journalism With the rise of data journalism, ideas around what can be considered a journalistic source are changing. Sources come in many forms now: Public data sets, leaked troves of emails, scanned documents, satellite imagery and sensor data. In tandem with this, new methods for finding stories in these sources are emerging. Machine learning, text analysis and some of the other techniques explored elsewhere in this book are increasingly being deployed in the service of the scoop. But data, despite its aura of hard objective truth, can be distorted and misrepresented. There are many ways in which data journalists can introduce error into their interpretation of a data set and publish a misleading story. There could be issues at the point of data collection which prevent general inferences being made to a broader population. This could, for instance, be a result of a self-selection bias in the way a sample was chosen, something that has become a common problem in the age of Internet polls and surveys. Errors can also be introduced at the data-processing stage. Data processing or cleaning can involve geocoding, correcting misspelled names, harmonizing categories or excluding certain data points altogether if, for instance, they are considered statistical outliers. A good example of this kind of error at work is the inaccurate geocoding of IP addresses in a widely reported study that purported to show a correlation between political persuasion and consumption of porn (Harris, 2014). Then, of course, we have the meat of the data journalist's work, analysis. Any number of statistical fallacies may affect this portion of the work, such as mistaking correlation with causation or choosing an inappropriate statistic to summarize the data set in question. Given the ways in which collection, treatment and analysis of data can change a narrative—how does the data journalist reassure the reader that the sources they have used are reliable and that the work done to derive their conclusions is sound?",openalex,llm,0.950,unreviewed,
discarded,Studi komparatif pentingnya literasi informasi bagi mahasiswa,Phillips Iman Hery Wahyudi,2013,,,https://openalex.org/W3010838502,off-topic-false-hit,"This study is intended to reveal the difference between students which attend an information literacy
program and students which not attend an information literacy program. The method applied in this
research is a quantitative method with a study to compare sample population of students who attend
literation program (represented by the UPH School of Nursing) and sample population of students who
does not (represented by the UPH Faculty of Communications). From the statistical testing of its product
correlation, there is obvious differences of several tested variables such as identification of information
(0.377 ), access of information (0.465), retrieval of information (0.407), evaluation of information (0.405t.
and use of information (0.568). The differences of those effects are represented by a score of a t-test
(0.720). With this study, it is concluded that information literacy programs have effects on students in
identifying, accessing, finding, evaluating, and using information. / Pcnelitian inibertujuan untuk mengetahui bagaimana perbedaan antara mahasiswa yang mengikuti program
literasi informasi dengan yang tidak mengikuti program tersebut- Metode yang digunakan adalah metode
kuantitatif dengan studi komparatif, yaitu dengan membandingkan 2 sampel populasi antara mahasiswa yang
mengikuti program literasi (diwakili oleh mahasiswa ilmu keperawatan ) dengan yang tidak mengikuti program
tersebut (diwakili oleh mahasiswa ilmu komunikasi). Dari uji statistik korelasi product moment terdapai
perbedaan yang nyata pada variable yang diuji antara lain identifikasi informasi (0.377), akses informasi
(0.465), menemukan informasi (0,407), mengevaluasi informasi (0,403) dan menggunakan informasi (0.568*.
Sedangkan untuk mengetahui bagaimana perbedaan program literasi informasi pada mahaiswa adalah dengan
menggunakan uji t-test, dari hasil uji tersebut terdapat perbendaan yang nyata pemberian program literasi
pada mahasiswa (0.720). Sehingga dapat disimpulkan bahwa program literasi informasi berpengaruh terhadap
mahasiswa dalam mengidentifikasikan informasi, mengakses informasi, menemukan informasi, mengevaluasi
informasi dan menggunakan informasi.",openalex,llm,0.990,unreviewed,
kept,Making SGML work: introducing SGML into an enterprise and using its possibilities in advanced applications,Hans Holger Rath; Hans-Peter Wiedling,1996,Computer Standards & Interfaces,,https://openalex.org/W1512789990,adjacent-subtopic,"Nowadays more and more companies are evolving into worldwide operating enterprises embedded in interdependent networks of communication, information exchange and product manufacturing. An up-to-date enterprise is spread over several sites with distributed subsidiaries for administration, product launches and manufacturing. At the same time internationalization is combined with a strong need for efficient information exchange in an open system environment. Information management and dissemination is becoming a key issue to success in every phase of the product life cycle. Any solution must take all these developments into account. With SGML-based documents and tools a flexible approach can be made towards open system independent document management with re-usable portions of information. In this paper different aspects are described: the steps required to set up an SGML-based application are introduced, ideas and the benefits of Literate Programming to SGML applications are explained, database functionality in distributed environments is presented, and document exchange and hypermedia documents are considered.",openalex,llm,0.820,unreviewed,
