status,title,authors,year,venue,doi,url,tags,abstract,provider,decision_source,llm_confidence,llm_review_outcome,llm_change_direction
discarded,Synthetic-to-real transfer in vibration-based fault diagnosis: a BiLSTM approach with perfect generalization to multi-sensor data,"Nasri, Hani; Tlijani, Hayet; Nouri, Khaled",2026,MEASUREMENT SCIENCE AND TECHNOLOGY,10.1088/1361-6501/ae6dea,https://www.webofscience.com/wos/woscc/full-record/WOS:001780137600001,off-topic-false-hit,"Early and reliable fault diagnosis in rotating machinery remains challenging due to the limited availability of labeled fault data. This paper presents a deep learning-based fault diagnosis framework centered on the generalization capability of a bidirectional long short-term memory (BiLSTM) architecture. We investigate two complementary approaches for synthetic-to-real transfer: (1) architecture-level generalization where we keep the synthetic data unchanged but retrain the identical architecture on real data, achieving 100% accuracy; and (2) data-level enhancement where we keep the trained model unchanged but enhance the synthetic data to statistically match real measurements, achieving 100% accuracy on both synthetic validation and real-world data. The first approach demonstrates that a single BiLSTM design can excel across fundamentally different domains, while the second shows that statistically-matched synthetic data enables perfect generalization without retraining. Together, these approaches provide a comprehensive strategy for developing versatile diagnostic systems for industrial predictive maintenance, with our enhanced method achieving 100% accuracy on 32 000 real-world samples-a +75% improvement over baseline approaches.",wos,llm,0.990,unreviewed,
discarded,Natural language processing and computational linguistics for Vietnamese: A comprehensive review,"Tran, Khiem Vinh; Thai, Triet Minh; Luu, Son T.; Nguyen, Kiet Van; Nguyen, Ngan Luu Thuy",2026,EXPERT SYSTEMS WITH APPLICATIONS,10.1016/j.eswa.2026.132696,https://www.webofscience.com/wos/woscc/full-record/WOS:001773471600001,off-topic-false-hit,"The success of modern Natural Language Processing (NLP), underpinned by large-scale Transformer architectures, is contingent upon access to extensive benchmark datasets. This dependence has intensified the resource disparity between a handful of high-resource languages and others, such as Vietnamese, where data scarcity poses a significant barrier to scientific and technological progress. To address this, we present the most extensive unified survey of Vietnamese NLP to date, distinguishing itself from prior task-specific overviews by simultaneously synthesizing 68 publicly available datasets, a complete architectural evolution from statistical to generative models, modern LLM benchmarks (VLUE, VMLU), and a structured linguistic challenge analysis within a single, consolidated reference. Each dataset is evaluated with respect to size, domain, annotation scheme, and accessibility. Beyond the dataset review, we synthesize the current state of Vietnamese NLP by examining 21 prominent modeling techniques from neural representations to Transformer-based architectures while benchmarking their empirical performance. Our analysis reveals critical gaps in available resources, particularly in under-represented domains and task categories, and identifies methodological challenges distinctive to Vietnamese, including word segmentation and syntactic ambiguity. In response, we propose a targeted roadmap with actionable recommendations for dataset creation, model innovation, and evaluation strategies. This survey aims to catalyze robust, reproducible research in Vietnamese, contributing to greater inclusivity within the global NLP community.",wos,llm,0.990,unreviewed,
discarded,Meggie - a graphical user interface for M/EEG analysis based on MNE-Python,"Heinila, Erkka; Parviainen, Tiina",2026,HELIYON,10.1016/j.heliyon.2026.e44630,https://www.webofscience.com/wos/woscc/full-record/WOS:001772559300001,adjacent-subtopic,"In the last decades, electrophysiological imaging has made significant advances, yet many of these new methodologies remain inaccessible to neuroscience researchers without programming skills. Meggie, an open-source software, bridges this gap. It provides standard pipelines and sensible default parameters for multi-subject MEG and EEG analysis, allowing efficient and reproducible research even for those with limited programming knowledge. In addition to existing platforms like EEGLAB and Brainstorm, which are based on MATLAB, and other Pythonbased GUIs like MNELAB, Meggie is developed in Python, catering to the community's trend towards this open-source language. It uses MNE-Python for processing, offering functionalities such as preprocessing, epoching, averaging, spectral analysis, and time-frequency analysis, which can be executed for multiple subjects simultaneously. Meggie thus meets the demand for an easyto-use, extendable Python-based GUI for end-to-end M/EEG data analysis. Available under the BSD license, Meggie supports the open science ecosystem, with comprehensive documentation and tutorials hosted at https://cibr-jyu.github.io/meggie.",wos,llm,0.860,unreviewed,
discarded,A privacy preserving synthetic learner dataset for learning analytics in technology enhanced higher education,"Agal, Sanjay",2026,SCIENTIFIC REPORTS,10.1038/s41598-026-44990-8,https://www.webofscience.com/wos/woscc/full-record/WOS:001765108700001,off-topic-false-hit,"The proliferation of technology-enhanced learning in higher education generates unprecedented student data, creating opportunities for learning analytics while raising critical privacy concerns. Current data sharing practices are severely constrained by privacy regulations and ethical considerations, impeding collaborative research and methodological advancement. This study addresses this fundamental tension by introducing SynEdu-HEDL, a comprehensive privacy-preserving synthetic dataset specifically designed for learning analytics in higher education. Developed through an innovative five-phase methodological framework integrating conditional tabular generative adversarial networks, temporal sequence generators, and differential privacy mechanisms, the dataset captures authentic educational patterns while ensuring robust privacy protection. SynEdu-HEDL comprises 20,000 synthetic student records encompassing 85 features across demographic characteristics, temporal learning interactions, engagement patterns, and academic performance metrics. A comprehensive three-dimensional validation framework evaluated SynEdu-HEDL across privacy protection, statistical fidelity, and analytical utility. Results demonstrate that the dataset provides strong privacy guarantees (membership inference AUC-ROC=0.512, statistically indistinguishable from random guessing), preserves essential statistical properties (average Wasserstein distance=0.043, correlation matrix similarity=94.1%), and supports diverse learning analytics tasks with models achieving performance within 1-5% of those trained on original data. Notably, transfer learning experiments show 24.4% performance improvement with only 10% real data, demonstrating practical value for resource-constrained settings. SynEdu-HEDL advances educational data science by providing a practical solution to data sharing barriers, supporting reproducible research, and establishing methodological standards for synthetic educational data validation. SynEdu-HEDL is openly available at https://github.com/drsanjayagal/SynEdu-HEDL and has been archived in Zenodo with the permanent DOI https://doi.org/10.5281/zenodo.18884938. The repository includes comprehensive documentation, fostering community engagement and accelerating progress in privacy-preserving learning analytics.",wos,llm,0.990,unreviewed,
discarded,Process Integration and Multi-Objective Optimization for Sustainable Global Energy Systems: A Reproducible Framework Coupling ε-Constraint Pareto Generation with Multi-Criteria Compromise Selection,"Tavares, Hugo Pimentel; Sampaio, Nilo Antonio de Souza",2026,PROCESS INTEGRATION AND OPTIMIZATION FOR SUSTAINABILITY,10.1007/s41660-026-00768-z,https://www.webofscience.com/wos/woscc/full-record/WOS:001754660100001,adjacent-subtopic,"Process integration and optimization methodologies are essential for designing sustainable energy systems that balance environmental, economic, and technical objectives simultaneously. This study develops a reproducible hybrid multiobjective-multi-attribute decision-making computational framework coupling an epsilon-constraint multi-objective Linear Programming (LP) model with the Technique for Order of Preference by Similarity to Ideal Solution (TOPSIS) to evaluate sustainable energy mix configurations across diverse national contexts. Using exclusively publicly accessible open-source databases covering 25 countries over 2020-2023, the epsilon-constraint method generates a verified Pareto frontier of 20 non-dominated solutions spanning the full CO2-cost trade-off space, overcoming the arbitrary weighting inherent in single-objective or fixed-weight scalarisation approaches. TOPSIS subsequently selects the best compromise from this set: a hydro-nuclear portfolio (69.9% hydro, 29.2% nuclear) achieving 0.027 kg CO2/kWh at 79.1 USD/MWh with 55% capacity factor. Structural differentiation from antecedent hybrid frameworks is demonstrated: the epsilon-constraint formulation guarantees non-dominated solution recovery including non-convex portions, reliability is enforced as a hard constraint within each linear programming model instance, and the multi-criteria method operates exclusively on the verified non-dominated set. Country-level multi-criteria ranking identifies Norway (0.835), Brazil (0.808), and Sweden (0.756) as top performers; sensitivity analysis under +/- 5% weight perturbation confirms ranking stability. Statistical validation confirms significant inverse correlation between renewable energy share and per-capita emissions (r = -0.363, p < 0.05). All data sources and analysis code are fully open, establishing a reproducible and independently verifiable decision-support precedent adaptable to diverse national contexts.",wos,llm,0.840,unreviewed,
discarded,A Multi-Modal Benchmark Dataset for UAV Wireless Communication Research,"Alibabaie, Najmeh; Calabro, Antonello; Marchetti, Eda",2026,DRONES,10.3390/drones10040244,https://www.webofscience.com/wos/woscc/full-record/WOS:001750567700001,off-topic-false-hit,"Highlights What are the main findings? We present a large-scale, geometry-aware UAV communication dataset spanning rural, suburban, and urban regions, with static and mobile scenarios across Sub-6 GHz, MMWave, and NB-IoT bands, generated using standardized 3GPP and ITU-R channel models. The dataset integrates multi-modal information, including node-level metadata, link-level statistics, fine-grained multipath parameters, encoded ray-interaction sequences, and multi-format 3D geometries, with validated cross-source alignment in a representative urban region, showing sub-meter mean centroid agreement. What are the implications of the main findings? The structured combination of communication and environment modalities enables reproducible benchmarking for channel modeling, ML-based propagation prediction, and LOS/NLOS analysis in UAV networks. By providing open-access, geometry-aligned, and ML-compatible data without requiring proprietary simulation tools, the dataset lowers entry barriers and establishes a standardized foundation for transparent and extensible UAV communication research.Highlights What are the main findings? We present a large-scale, geometry-aware UAV communication dataset spanning rural, suburban, and urban regions, with static and mobile scenarios across Sub-6 GHz, MMWave, and NB-IoT bands, generated using standardized 3GPP and ITU-R channel models. The dataset integrates multi-modal information, including node-level metadata, link-level statistics, fine-grained multipath parameters, encoded ray-interaction sequences, and multi-format 3D geometries, with validated cross-source alignment in a representative urban region, showing sub-meter mean centroid agreement. What are the implications of the main findings? The structured combination of communication and environment modalities enables reproducible benchmarking for channel modeling, ML-based propagation prediction, and LOS/NLOS analysis in UAV networks. By providing open-access, geometry-aligned, and ML-compatible data without requiring proprietary simulation tools, the dataset lowers entry barriers and establishes a standardized foundation for transparent and extensible UAV communication research.Abstract Data-centric approaches are increasingly shaping wireless communication research, where the availability and quality of datasets directly influence the reliability of learning-based and model-driven methods. In this context, unmanned aerial vehicle (UAV) communication poses unique challenges, as it requires datasets that jointly capture geometric information, propagation conditions, and diverse link configurations. This work introduces a geometry-aware UAV communication dataset designed to support research on controlled UAV communication link directions and propagation scenarios. The dataset is generated using standardized 3GPP and ITU-R channel models across multiple urban, suburban, and rural regions, accounting for variations in altitude, carrier frequency, and node distribution. The dataset provides spatially resolved channel parameters along with geometry-rich files containing environmental features, which can be used to extract relevant parameters for UAV communication studies. These data support reproducible research in geometry-aware channel modelling, path-loss prediction, LOS/NLOS analysis, delay-related modelling, and trajectory-conditioned link-quality analysis.",wos,llm,0.990,unreviewed,
discarded,A Simulation-Based Framework for Fatigue-Aware Task Reallocation in Human-Robot Collaboration: Software Verification With 1000-Episode Digital Twin,"Urrea, Claudio",2026,IEEE ACCESS,10.1109/ACCESS.2026.3681728,https://www.webofscience.com/wos/woscc/full-record/WOS:001743145600014,off-topic-false-hit,"Collaborative robotics in Industry 4.0 manufacturing faces persistent challenges in balancing productivity with operator safety, particularly when human fatigue accumulates during extended work shifts. While physical validation remains the gold standard, computational simulation offers advantages for systematic algorithm development: perfect ground truth unavailable from self-reported fatigue measures, parameter sweeps across physiological ranges infeasible with human subjects, and controlled testing of extreme scenarios unsafe for physical trials. Unlike existing digital twin frameworks for human-robot collaboration (HRC) that treat operator capability as static or model it through coarse binary states, this work presents a simulation framework that integrates continuous physiological fatigue dynamics into the digital twin control loop, enabling fatigue-aware task reallocation algorithm development before deployment on actual collaborative robots. The framework implements a tricolor semaphore system (Green/Orange/Red thresholds at 30%/40% fatigue) with dynamic sampling rates (5.0 min baseline, 0.1 min critical monitoring) and automated robotic intervention when operator fatigue exceeds safe thresholds. Software verification across 1000 simulated episodes demonstrates 99.30% collision-free operation-approaching but not yet achieving the ISO/TS 15066:2016 safety target of 99.85%, with a 0.55 percentage point gap whose causes are characterized: 57% of collisions concentrate at episode termination (t= 45 min, fatigue $\geq 68$ %), indicating that extreme cumulative fatigue overwhelms intervention effectiveness. Friedman analysis confirms statistically significant fatigue progression (chi-squared= 3000.0, p<0.001) from 28.06% at baseline to 68.04% at 45 minutes, with all pairwise comparisons significant (p<0.001, Cohen's d= 1.18-2.34). The framework achieves 100% intervention triggering when needed, with robots active during 50.28% of episode duration. Analysis reveals strong temporal coupling between skill and fatigue (r $= +0.970$ ): operators advance from Intermediate to Advanced competence while simultaneously accumulating physiological depletion. This correlation arises naturally from the model structure where both variables increase with time, demonstrating that growing expertise does not offset fatigue-related safety risks. Four targeted refinement strategies-predictive trajectory monitoring, graduated intervention intensity, forced micro-recovery protocols, and fatigue-velocity-based dynamic thresholds-are proposed to close the ISO/TS 15066 gap. The framework's modular architecture separates physiological modeling from algorithmic decision logic, so that replacing the linear fatigue model with nonlinear alternatives requires only parameter-level changes, not system redesign. Results establish computational feasibility and provide baseline metrics for physical implementation with actual collaborative robots. The complete simulation environment, statistical analysis code, and 4000-point dataset are publicly available at https://doi.org/10.6084/m9.figshare.30983713 (GitHub: https://github.com/ClaudioUrrea/TM14X) to support reproducible research and algorithm benchmarking in human-robot collaboration safety systems.",wos,llm,0.980,unreviewed,
discarded,Publicly available soil moisture datasets: an overview and the UB-SMDC portal,"Mohseni, Farzane; Haunert, Jan-Henrik",2026,BIG EARTH DATA,10.1080/20964471.2026.2652079,https://www.webofscience.com/wos/woscc/full-record/WOS:001739266500001,off-topic-false-hit,"Soil moisture is a fundamental environmental variable essential for applications in agriculture, drought assessment, hydrological modeling, and climate research. In recent decades, numerous Soil Moisture Content (SMC) datasets have been produced from in-situ measurements, airborne and spaceborne observations, and model simulations. However, information about these datasets is fragmented across disparate repositories, publications, and portals, making data discovery, comparison, and integration a significant challenge for researchers. This study introduces the University of Bonn Soil Moisture Data Catalog (UB-SMDC), a unified, standards-compliant metadata portal designed to overcome this fragmentation. Two primary objectives drove the project: first, centralizing information on publicly available SMC datasets into a single, user-friendly, web-based interface; and second, conducting a comprehensive statistical analysis of SMC datasets to characterize the global SMC data landscape. The UB-SMDC was developed using a structured, three-phase methodology: (1) comprehensive data discovery, (2) catalog design and implementation, and (3) metadata creation and analysis. Built on the open-source GeoNetwork platform, the catalog aligns with the Geographic information, ISO19139 metadata standard, to ensure consistency and interoperability. To harmonize key attributes, a controlled keyword taxonomy was developed to standardize terms for spatial and temporal resolution, measurement depth, data format, processing level, and data version. Each metadata record is enriched with links to initial data sources and access, and includes map-based previews to visualize dataset coverage. By assessing 373 metadata records, the UB-SMDC streamlines the data discovery and selection process, supports transparent and reproducible research, and facilitates cross-dataset comparison and integration.",wos,llm,0.980,unreviewed,
discarded,kmed: An R package for reproducible distance-based k-medoids clustering,"Budiaji, Weksi; Wijaya, Ferdian Bangkit",2026,SOFTWARE IMPACTS,10.1016/j.simpa.2026.100833,https://www.webofscience.com/wos/woscc/full-record/WOS:001733616600001,adjacent-subtopic,"k-medoids clustering provides a robust alternative to k-means when data contain outliers or non-Euclidean dissimilarities. We introduce kmed, an open-source R package providing a reproducible pipeline for various distance formulations, k-medoids variants, validation techniques, and visualizations. The package emphasizes flexibility and ease of use for researchers integrating k-medoids into reproducible research workflows. kmed implements established, peer-reviewed algorithms widely applied across statistics and machine learning. By providing a standardized R framework, kmed facilitates reuse and promotes reproducibility in clustering-based research, supporting both exploratory and confirmatory data analysis.",wos,llm,0.900,unreviewed,
