status,title,authors,year,venue,doi,url,tags,abstract,provider,decision_source,llm_confidence,llm_review_outcome,llm_change_direction
discarded,Reproducible Research Practices and Transparency across the Biomedical Literature,Shareen A. Iqbal; Joshua D. Wallach; Muin J. Khoury; Sheri D. Schully; John P. A. Ioannidis,2016,PLoS Biology,10.1371/journal.pbio.1002333,https://openalex.org/W2228927609,adjacent-subtopic,"There is a growing movement to encourage reproducibility and transparency practices in the scientific community, including public access to raw data and protocols, the conduct of replication studies, systematic integration of evidence in systematic reviews, and the documentation of funding and potential conflicts of interest. In this survey, we assessed the current status of reproducibility and transparency addressing these indicators in a random sample of 441 biomedical journal articles published in 2000-2014. Only one study provided a full protocol and none made all raw data directly available. Replication studies were rare (n = 4), and only 16 studies had their data included in a subsequent systematic review or meta-analysis. The majority of studies did not mention anything about funding or conflicts of interest. The percentage of articles with no statement of conflict decreased substantially between 2000 and 2014 (94.4% in 2000 to 34.6% in 2014); the percentage of articles reporting statements of conflicts (0% in 2000, 15.4% in 2014) or no conflicts (5.6% in 2000, 50.0% in 2014) increased. Articles published in journals in the clinical medicine category versus other fields were almost twice as likely to not include any information on funding and to have private funding. This study provides baseline data to compare future progress in improving these indicators in the scientific literature.",openalex,llm,0.870,unreviewed,
discarded,"Nipype: A Flexible, Lightweight and Extensible Neuroimaging Data Processing Framework in Python",Krzysztof J. Gorgolewski; Christopher D. Burns; Cindee Madison; Dav Clark; Yaroslav O. Halchenko; Michael Waskom; Satrajit Ghosh,2011,Frontiers in Neuroinformatics,10.3389/fninf.2011.00013,https://openalex.org/W2113619522,adjacent-subtopic,"Current neuroimaging software offer users an incredible opportunity to analyze their data in different ways, with different underlying assumptions. Several sophisticated software packages (e.g., AFNI, BrainVoyager, FSL, FreeSurfer, Nipy, R, SPM) are used to process and analyze large and often diverse (highly multi-dimensional) data. However, this heterogeneous collection of specialized applications creates several issues that hinder replicable, efficient, and optimal use of neuroimaging analysis approaches: (1) No uniform access to neuroimaging analysis software and usage information; (2) No framework for comparative algorithm development and dissemination; (3) Personnel turnover in laboratories often limits methodological continuity and training new personnel takes time; (4) Neuroimaging software packages do not address computational efficiency; and (5) Methods sections in journal articles are inadequate for reproducing results. To address these issues, we present Nipype (Neuroimaging in Python: Pipelines and Interfaces; http://nipy.org/nipype), an open-source, community-developed, software package, and scriptable library. Nipype solves the issues by providing Interfaces to existing neuroimaging software with uniform usage semantics and by facilitating interaction between these packages using Workflows. Nipype provides an environment that encourages interactive exploration of algorithms, eases the design of Workflows within and between packages, allows rapid comparative development of algorithms and reduces the learning curve necessary to use different packages. Nipype supports both local and remote execution on multi-core machines and clusters, without additional scripting. Nipype is Berkeley Software Distribution licensed, allowing anyone unrestricted usage. An open, community-driven development philosophy allows the software to quickly adapt and address the varied needs of the evolving neuroimaging community, especially in the context of increasing demand for reproducible research.",openalex,llm,0.800,unreviewed,
kept,Creating and sharing reproducible research code the workflowr way,John Blischak; Peter Carbonetto; Matthew Stephens,2019,F1000Research,10.12688/f1000research.20843.1,https://openalex.org/W2979855176,supports-claim,"Making scientific analyses reproducible, well documented, and easily shareable is crucial to maximizing their impact and ensuring that others can build on them. However, accomplishing these goals is not easy, requiring careful attention to organization, workflow, and familiarity with tools that are not a regular part of every scientist's toolbox. We have developed an R package, workflowr , to help all scientists, regardless of background, overcome these challenges. Workflowr aims to instill a particular ""workflow"" — a sequence of steps to be repeated and integrated into research practice — that helps make projects more reproducible and accessible.This workflow integrates four key elements: (1) version control (via Git ); (2) literate programming (via R Markdown); (3) automatic checks and safeguards that improve code reproducibility; and (4) sharing code and results via a browsable website. These features exploit powerful existing tools, whose mastery would take considerable study. However, the workflowr interface is simple enough that novice users can quickly enjoy its many benefits. By simply following the workflowr ""workflow"", R users can create projects whose results, figures, and development history are easily accessible on a static website — thereby conveniently shareable with collaborators by sending them a URL — and accompanied by source code and reproducibility safeguards. The workflowr R package is open source and available on CRAN, with full documentation and source code available at https://github.com/jdblischak/workflowr .",openalex,llm,0.970,unreviewed,
kept,Guest Editors' Introduction: Reproducible Research,Sergey Fomel; Jon F. Claerbout,2008,Computing in Science & Engineering,10.1109/mcse.2009.14,https://openalex.org/W2052942032,adjacent-subtopic,"The articles in this special issue provide independent solutions for practical reproducible research systems. The use of Matlab-based tools such as the famous Wavelab and Sparselab packages in promoting reproducible research in computational harmonic analysis has been presented. In particular, the authors point to the success of the reproducible research discipline in increasing the reliability of computational research and reflect on the effort necessary for implementing this discipline in a research group and overcoming possible objections to it. An article also describes a Python interface to the well-known Clawpack package for solving hyperbolic partial differential equations that appear in wave propagation problems. The author argues strongly in favor of reproducible computations and shows an example using a simplified Python interface to Fortran code. An article also represents the field of bioinformatics, which has been a stronghold of reproducible research. It describes the cacher package, which is built on top of the R computing environment. Cacher enables a modular approach to reproducible computations by storing results of intermediate computations in a database. The special issue ends with an article on the legal aspects of reproducible research, including copyright and licensing issues.",openalex,llm,0.730,unreviewed,
kept,Reproducible Research with R and R Studio,Christopher Gandrud,2013,,10.1201/b15100,https://openalex.org/W1553182817,supports-claim,"Bringing together computational research tools in one accessible source, Reproducible Research with R and RStudio guides you in creating dynamic and highly reproducible research. Suitable for researchers in any quantitative empirical discipline, it presents practical tools for data collection, data analysis, and the presentation of results.With str",openalex,llm,0.930,unreviewed,
kept,Electronic documents give reproducible research a new meaning,Jon F. Claerbout; Martin Karrenbach,1992,,10.1190/1.1822162,https://openalex.org/W2020859734,qualifies-claim,"PreviousNext No AccessSEG Technical Program Expanded Abstracts 1992Electronic documents give reproducible research a new meaningAuthors: Jon F. ClaerboutMartin KarrenbachJon F. ClaerboutStanford Univ. and Martin KarrenbachStanford Univ.https://doi.org/10.1190/1.1822162 SectionsAboutPDF/ePub ToolsAdd to favoritesDownload CitationsTrack CitationsPermissions ShareFacebookTwitterLinked InRedditEmail Permalink: https://doi.org/10.1190/1.1822162FiguresReferencesRelatedDetailsCited ByPackaging research artefacts with RO-CrateData Science, Vol. 46Reproducibility in Evolutionary ComputationACM Transactions on Evolutionary Learning and Optimization, Vol. 1, No. 4Reproducible Research in R: A Tutorial on How to Do the Same Thing More Than Once9 December 2021 | Psych, Vol. 3, No. 4Preregistration in experimental linguistics: applications, challenges, and limitations24 March 2021 | Linguistics, Vol. 59, No. 5Practical Reproducibility in Geography and Geosciences13 October 2020 | Annals of the American Association of Geographers, Vol. 111, No. 5Tool-based Support for the FAIR Principles for Control Theoretic Results: The ""Automatic Control Knowledge Repository""30 June 2021 | SYSTEM THEORY, CONTROL AND COMPUTING JOURNAL, Vol. 1, No. 1Knowledge and Attitudes Among Life Scientists Toward Reproducibility Within Journal Articles: A Research Survey29 June 2021 | Frontiers in Research Metrics and Analytics, Vol. 6Benchmarking Crisis in Social Media Analytics: A Solution for the Data-Sharing Problem21 May 2021 | Social Science Computer Review, Vol. 533The fundamental principles of reproducibility29 March 2021 | Philosophical Transactions of the Royal Society A: Mathematical, Physical and Engineering Sciences, Vol. 379, No. 2197Toward Long-Term and Archivable ReproducibilityComputing in Science & Engineering, Vol. 23, No. 3Principles for data analysis workflows18 March 2021 | PLOS Computational Biology, Vol. 17, No. 3Reproducible image handling and analysis22 January 2021 | The EMBO Journal, Vol. 40, No. 3A Reproducible Data Analysis Workflow11 May 2021 | Quantitative and Computational Methods in Behavioral Sciences, Vol. 1CODECHECK: an Open Science initiative for the independent execution of computations underlying research articles during peer review to improve reproducibility30 March 2021 | F1000Research, Vol. 10CODECHECK: an Open Science initiative for the independent execution of computations underlying research articles during peer review to improve reproducibility20 July 2021 | F1000Research, Vol. 10Reproducible Workflow8 January 2022Text as big data: Develop codes of practice for rigorous computational text analysis in energy social scienceEnergy Research & Social Science, Vol. 70""Automatic Control Knowledge Repository"" – A Computational Approach for Simpler and More Robust Reproducibility of Results in Control TheoryA Survey on Collecting, Managing, and Analyzing Provenance from ScriptsACM Computing Surveys, Vol. 52, No. 3Machine learning and artificial intelligence research for patient benefit: 20 critical questions on transparency, replicability, ethics, and effectiveness20 March 2020 | BMJ, Vol. 1pyKNEEr: An image analysis workflow for open and reproducible research on femoral knee cartilage24 January 2020 | PLOS ONE, Vol. 15, No. 1The State of Reproducible Research in Computer Science12 May 2020Reproducibility and the future of MRI research10 August 2019 | Magnetic Resonance in Medicine, Vol. 82, No. 6Towards Replication in Computational Cognitive Modeling: a Machine Learning Perspective14 August 2019 | Computational Brain & Behavior, Vol. 2, No. 3-4In-depth examination of spatiotemporal figures in open reproducible research19 October 2018 | Cartography and Geographic Information Science, Vol. 46, No. 5Application of BagIt-Serialized Research Object Bundles for Packaging and Re-Execution of Computational AnalysesReproducibility by Other Means: Transparent Research ObjectsOut-of-the-Box Reproducibility: A Survey of Machine Learning PlatformsRinse and Repeat: Understanding the Value of Replication across Different Ways of Knowing17 July 2019 | Publications, Vol. 7, No. 3trackr: A Framework for Enhancing Discoverability and Reproducibility of Data Visualizations and Other Artifacts in R20 May 2019 | Journal of Computational and Graphical Statistics, Vol. 28, No. 3Reproducibility in Scientific ComputingACM Computing Surveys, Vol. 51, No. 3Computing environments for reproducibility: Capturing the ""Whole Tale""Future Generation Computer Systems, Vol. 94Reproducible big data science: A case study in continuous FAIRness11 April 2019 | PLOS ONE, Vol. 14, No. 4Open access to research artifacts: Implementing the next generation data management plan18 October 2019 | Proceedings of the Association for Information Science and Technology, Vol. 56, No. 1TIRA Integrated Research Architecture14 August 2019Applicability Study of the PRIMAD Model to LIGO Gravitational Wave Search WorkflowsScientific Tests and Continuous Integration Strategies to Enhance Reproducibility in the Scientific Software ContextReproducibility Certification in Economics ResearchSSRN Electronic JournalPraxis of Reproducible Computational ScienceComputing in Science & Engineering, Vol. 21, No. 1Successes and Struggles with Computational Reproducibility: Lessons from the Fragile Families Challenge10 September 2019 | Socius: Sociological Research for a Dynamic World, Vol. 5Replicability or reproducibility? On the replication crisis in computational neuroscience and sharing only relevant detail31 October 2018 | Journal of Computational Neuroscience, Vol. 45, No. 3Reproducible Research Using Biomodels6 September 2018 | Bulletin of Mathematical Biology, Vol. 80, No. 12Bridging the ChasmACM Computing Surveys, Vol. 50, No. 4Reproducibility vs. Replicability: A Brief History of a Confused Terminology18 January 2018 | Frontiers in Neuroinformatics, Vol. 11Implementation of a Next-Generation Course Architecture for Blended Learning14 September 2017Supporting Sustainable Process Documentation6 January 2018Fair Benchmarking Considered DifficultVerifiability in computer-aided research: the role of digital scientific notations at the human-computer interface23 July 2018 | PeerJ Computer Science, Vol. 4Provenance and Reproducibility7 December 2018A New Kind of Article for Reproducible Research in Intelligent Robotics [From the Field]IEEE Robotics & Automation Magazine, Vol. 24, No. 3Towards repeatability & verifiability in networking experiments: A stochastic frameworkJournal of Network and Computer Applications, Vol. 81Provenance and Reproducibility10 May 2017Reproducible Cartography31 May 2017Tools and techniques for computational reproducibility11 July 2016 | GigaScience, Vol. 5, No. 1Toward the Geoscience Paper of the Future: Best practices for documenting and sharing research from data to software to provenance14 October 2016 | Earth and Space Science, Vol. 3, No. 10What does research reproducibility mean?Science Translational Medicine, Vol. 8, No. 341The Open Biodiversity Knowledge Management System in Scholarly Publishing11 January 2016 | Research Ideas and Outcomes, Vol. 2Scientific MisconductAnnual Review of Psychology, Vol. 67, No. 1Advantages and Limits in the Adoption of Reproducible Research and R-Tools for the Analysis of Omic Data31 July 2016Publishing the research process17 December 2015 | Research Ideas and Outcomes, Vol. 1Toward Replicable and Measurable Robotics Research [From the Guest Editors]IEEE Robotics & Automation Magazine, Vol. 22, No. 3MINRES-QLP Pack and Reliable Reproducible Research via Supportable Scientific SoftwareJournal of Open Research Software, Vol. 2, No. 1Embedded GeoComputation: Publishing Text, Data and Software in a Reproducible Form3 July 2014Spatial science – Looking outward25 March 2014 | Dialogues in Human Geography, Vol. 4, No. 1Quantifying Reproducibility in Computational Biology: The Case of the Tuberculosis Drugome27 November 2013 | PLoS ONE, Vol. 8, No. 11IPOL: Reviewed publication and public testing of research softwareMaking neurophysiological data analysis reproducible: Why and how?Journal of Physiology-Paris, Vol. 106, No. 3-4Supporting the internet-based evaluation of research software with cloud infrastructure30 May 2010 | Software & Systems Modeling, Vol. 11, No. 1A Universal Identifier for Computational ResultsProcedia Computer Science, Vol. 4Reproducible research in signal processingIEEE Signal Processing Magazine, Vol. 26, No. 3Notice of Violation of IEEE Publication Principles - Reproducible research in various facets of signal processingExperiences with Reproducible Research in Various Facets of Signal Processing ResearchReproducible Computational Experiments using SconsEmbedding formal knowledge models in active documentsCommunications of the ACM, Vol. 42, No. 1 SEG Technical Program Expanded Abstracts 1992ISSN (print):1052-3812 ISSN (online):1949-4645Copyright: 1992 Pages: 1410 publication data© 1992 Copyright © 1992 Society of Exploration GeophysicistsPublisher:Society of Exploration Geophysicists HistoryPublished: 10 Feb 2005 CITATION INFORMATION Jon F. Claerbout and Martin Karrenbach, (1992), ""Electronic documents give reproducible research a new meaning,"" SEG Technical Program Expanded Abstracts : 601-604. https://doi.org/10.1190/1.1822162 Plain-Language Summary PDF DownloadLoading ...",openalex,llm,0.880,unreviewed,
discarded,QuPath: Open source software for digital pathology image analysis,Peter Bankhead; Maurice B. Loughrey; José A. Fernández; Yvonne Dombrowski; Darragh G. McArt; Philip D. Dunne; Stephen McQuaid; Ronan T. Gray; Liam Murray; Helen G. Coleman; Jacqueline A. James; Manuel Salto‐Tellez; Peter W. Hamilton,2017,Scientific Reports,10.1038/s41598-017-17204-5,https://openalex.org/W2952481429,off-topic-false-hit,"QuPath is new bioimage analysis software designed to meet the growing need for a user-friendly, extensible, open-source solution for digital pathology and whole slide image analysis. In addition to offering a comprehensive panel of tumor identification and high-throughput biomarker evaluation tools, QuPath provides researchers with powerful batch-processing and scripting functionality, and an extensible platform with which to develop and share new algorithms to analyze complex tissue images. Furthermore, QuPath's flexible design makes it suitable for a wide range of additional image analysis applications across biomedical research.",openalex,llm,0.990,unreviewed,
kept,Deriving chemosensitivity from cell lines: Forensic bioinformatics and reproducible research in high-throughput biology,Keith Baggerly; Kevin R. Coombes,2009,The Annals of Applied Statistics,10.1214/09-aoas291,https://openalex.org/W1979916898,adjacent-subtopic,"High-throughput biological assays such as microarrays let us ask very detailed questions about how diseases operate, and promise to let us personalize therapy. Data processing, however, is often not described well enough to allow for exact reproduction of the results, leading to exercises in “forensic bioinformatics” where aspects of raw data and reported results are used to infer what methods must have been employed. Unfortunately, poor documentation can shift from an inconvenience to an active danger when it obscures not just methods but errors. In this report we examine several related papers purporting to use microarray-based signatures of drug sensitivity derived from cell lines to predict patient response. Patients in clinical trials are currently being allocated to treatment arms on the basis of these results. However, we show in five case studies that the results incorporate several simple errors that may be putting patients at risk. One theme that emerges is that the most common errors are simple (e.g., row or column offsets); conversely, it is our experience that the most simple errors are common. We then discuss steps we are taking to avoid such errors in our own investigations.",openalex,llm,0.820,unreviewed,
