status,title,authors,year,venue,doi,url,tags,abstract,provider,decision_source,llm_confidence,llm_review_outcome,llm_change_direction
discarded,"The Galaxy platform for accessible, reproducible, and collaborative data analyses: 2024 update",The Galaxy Community; Linelle Ann L Abueg; Enis Afgan; Olivier Allart; Ahmed Awan; Wendi Bacon; Dannon Baker; Madeline E. Bassetti; Bérénice Batut; Matthias Bernt; Daniel Blankenberg; Aureliano Bombarely; Anthony Bretaudeau; Catherine Bromhead; Melissa L. Burke; Patrick K. Capon; Martin Čech; María Chavero-Diez; John Chilton; Tyler J Collins; Frederik Coppens; Nate Coraor; Gianmauro Cuccuru; Fabio Cumbo; John Davis; Paul F De Geest; Willem de Koning; Martin Demko; Assunta D DeSanto; José Manuel Domínguez Begines; Maria Doyle; Bert Droesbeke; Anika Erxleben-Eggenhofer; Melanie Christine Föll; Giulio Formenti; Anne Fouilloux; Rendani Gangazhe; Tanguy Genthon; Jeremy Goecks; Alejandra N Gonzalez Beltran; Nuwan Goonasekera; Nadia Goué; Timothy J. Griffin; Björn Grüning; Aysam Guerler; Sveinung Gundersen; Ove Gustafsson; Christina Hall; Thomas W.R. Harrop; Helge Hecht; Alireza Heidari; Tillman Heisner; Florian Heyl; Saskia Hiltemann; Hans-Rudolf Hotz; Cameron Hyde; Pratik Jagtap; Julia Jakiela; James E. Johnson; Jayadev Joshi; Marie Jossé; Khaled Jumah; Matúš Kalaš; Katarzyna Kamieniecka; Tunc Kayikcioglu; Markus Konkol; Leonid Kostrykin; Natalie Kucher; Anup Kumar; Mira Kuntz; Delphine Larivière; Ross Lazarus; Yvan Le Bras; Gildas Le Corguillé; Justin Lee; Simone Leo; Leandro Liborio; Romane Libouban; David López Tabernero; Lucille Lopez‐Delisle; Laila S Los; Alexandru Mahmoud; Igor V. Makunin; Pierre Marin; Subina Mehta; Winnie Mok; Pablo Moreno; François Antoine Morier-Genoud; Stephen Mosher; Teresa Müller; Engy Nasr; Anton Nekrutenko; Tiffanie M. Nelson; Asime J Oba; Alexander Ostrovsky; Polina V Polunina; Krzysztof Poterlowicz; Elliott J. Price; Gareth Price; Helena Rasche,2024,Nucleic Acids Research,10.1093/nar/gkae410,https://openalex.org/W4398182689,adjacent-subtopic,"Galaxy (https://galaxyproject.org) is deployed globally, predominantly through free-to-use services, supporting user-driven research that broadens in scope each year. Users are attracted to public Galaxy services by platform stability, tool and reference dataset diversity, training, support and integration, which enables complex, reproducible, shareable data analysis. Applying the principles of user experience design (UXD), has driven improvements in accessibility, tool discoverability through Galaxy Labs/subdomains, and a redesigned Galaxy ToolShed. Galaxy tool capabilities are progressing in two strategic directions: integrating general purpose graphical processing units (GPGPU) access for cutting-edge methods, and licensed tool support. Engagement with global research consortia is being increased by developing more workflows in Galaxy and by resourcing the public Galaxy services to run them. The Galaxy Training Network (GTN) portfolio has grown in both size, and accessibility, through learning paths and direct integration with Galaxy tools that feature in training courses. Code development continues in line with the Galaxy Project roadmap, with improvements to job scheduling and the user interface. Environmental impact assessment is also helping engage users and developers, reminding them of their role in sustainability, by displaying estimated CO2 emissions generated by each Galaxy job.",openalex,llm,0.790,unreviewed,
discarded,NGLview–interactive molecular graphics for Jupyter notebooks,Hai Nguyen; David A. Case; Alexander Rose,2017,Bioinformatics,10.1093/bioinformatics/btx789,https://openalex.org/W2772099288,adjacent-subtopic,"Summary: NGLview is a Jupyter/IPython widget to interactively view molecular structures as well as trajectories from molecular dynamics simulations. Fast and scalable molecular graphics are provided through the NGL Viewer. The widget supports showing data from the file-system, online data bases and from objects of many popular analysis libraries including mdanalysis, mdtraj, pytraj, rdkit and more. Availability and implementation: The source code is freely available under the MIT license at https://github.com/arose/nglview. Python packages are available from PyPI and bioconda. NGLview uses Python on the server-side and JavaScript on the client. The integration with Jupyter is done through the ipywidgets package. The NGL Viewer is embedded client-side to provide WebGL accelerated molecular graphics. Contact: asr.moin@gmail.com.",openalex,llm,0.710,unreviewed,
discarded,Sustainable data analysis with Snakemake,Felix Mölder; Kim Philipp Jablonski; Brice Letcher; Michael B. Hall; Peter C. van Dyken; Christopher H. Tomkins-Tinch; Vanessa Sochat; Jan Förster; Filipe G. Vieira; Christian Meesters; Soohyun Lee; Sven Twardziok; Alexander Kanitz; Jake VanCampen; Venkat Malladi; Andreas Wilm; Manuel Holtgrewe; Sven Rahmann; Sven Nahnsen; Johannes Köster,2021,F1000Research,10.12688/f1000research.29032.2,https://openalex.org/W3122109253,adjacent-subtopic,"Data analysis often entails a multitude of heterogeneous steps, from the application of various command line tools to the usage of scripting languages like R or Python for the generation of plots and tables. It is widely recognized that data analyses should ideally be conducted in a reproducible way. Reproducibility enables technical validation and regeneration of results on the original or even new data. However, reproducibility alone is by no means sufficient to deliver an analysis that is of lasting impact (i.e., sustainable) for the field, or even just one research group. We postulate that it is equally important to ensure adaptability and transparency. The former describes the ability to modify the analysis to answer extended or slightly different research questions. The latter describes the ability to understand the analysis in order to judge whether it is not only technically, but methodologically valid. Here, we analyze the properties needed for data analysis to become reproducible, adaptable, and transparent. We show how the popular workflow management system Snakemake can be used to guarantee this, and how it enables an ergonomic, combined, unified representation of all steps involved in data analysis, ranging from raw data processing, to quality control and fine-grained, interactive exploration and plotting of final results.",openalex,llm,0.820,unreviewed,
discarded,Sustainable data analysis with Snakemake,Felix Mölder; Kim Philipp Jablonski; Brice Letcher; Michael B. Hall; Christopher H. Tomkins-Tinch; Vanessa Sochat; Jan Förster; Soohyun Lee; Sven Twardziok; Alexander Kanitz; Andreas Wilm; Manuel Holtgrewe; Sven Rahmann; Sven Nahnsen; Johannes Köster,2021,F1000Research,10.12688/f1000research.29032.1,https://openalex.org/W4210644165,adjacent-subtopic,"Data analysis often entails a multitude of heterogeneous steps, from the application of various command line tools to the usage of scripting languages like R or Python for the generation of plots and tables. It is widely recognized that data analyses should ideally be conducted in a reproducible way. Reproducibility enables technical validation and regeneration of results on the original or even new data. However, reproducibility alone is by no means sufficient to deliver an analysis that is of lasting impact (i.e., sustainable) for the field, or even just one research group. We postulate that it is equally important to ensure adaptability and transparency. The former describes the ability to modify the analysis to answer extended or slightly different research questions. The latter describes the ability to understand the analysis in order to judge whether it is not only technically, but methodologically valid. Here, we analyze the properties needed for a data analysis to become reproducible, adaptable, and transparent. We show how the popular workflow management system Snakemake can be used to guarantee this, and how it enables an ergonomic, combined, unified representation of all steps involved in data analysis, ranging from raw data processing, to quality control and fine-grained, interactive exploration and plotting of final results.",openalex,llm,0.990,unreviewed,
kept,Assessing and restoring reproducibility of Jupyter notebooks,Jiawei Wang; Tzu-yang Kuo; Li Li; Andreas Zeller,2020,,10.1145/3324884.3416585,https://openalex.org/W3125702975,qualifies-claim; criticism,"Jupyter notebooks---documents that contain live code, equations, visualizations, and narrative text---now are among the most popular means to compute, present, discuss and disseminate scientific findings. In principle, Jupyter notebooks should easily allow to reproduce and extend scientific computations and their findings; but in practice, this is not the case. The individual code cells in Jupyter notebooks can be executed in any order, with identifier usages preceding their definitions and results preceding their computations. In a sample of 936 published notebooks that would be executable in principle, we found that 73% of them would not be reproducible with straightforward approaches, requiring humans to infer (and often guess) the order in which the authors created the cells.",openalex,llm,0.970,unreviewed,
kept,Managing Messes in Computational Notebooks,Andrew Head; Fred Hohman; Titus Barik; Steven M. Drucker; Robert DeLine,2019,,10.1145/3290605.3300500,https://openalex.org/W2941232686,qualifies-claim,"Data analysts use computational notebooks to write code for analyzing and visualizing data. Notebooks help analysts iteratively write analysis code by letting them interleave code with output, and selectively execute cells. However, as analysis progresses, analysts leave behind old code and outputs, and overwrite important code, producing cluttered and inconsistent notebooks. This paper introduces code gathering tools, extensions to computational notebooks that help analysts find, clean, recover, and compare versions of code in cluttered, inconsistent notebooks. The tools archive all versions of code outputs, allowing analysts to review these versions and recover the subsets of code that produced them. These subsets can serve as succinct summaries of analysis activity or starting points for new analyses. In a qualitative usability study, 12 professional analysts found the tools useful for cleaning notebooks and writing analysis code, and discovered new ways to use them, like generating personal documentation and lightweight versioning.",openalex,llm,0.870,unreviewed,
kept,Ten simple rules for writing and sharing computational analyses in Jupyter Notebooks,Adam Rule; Amanda Birmingham; Cristal Zúñiga; İlkay Altıntaş; Shih-Cheng Huang; Rob Knight; Niema Moshiri; Mai H. Nguyen; Sara Brin Rosenthal; Fernando Pérez; Peter W. Rose,2019,PLoS Computational Biology,10.1371/journal.pcbi.1007007,https://openalex.org/W2964148489,supports-claim; established,"Author(s): Rule, Adam; Birmingham, Amanda; Zuniga, Cristal; Altintas, Ilkay; Huang, Shih-Cheng; Knight, Rob; Moshiri, Niema; Nguyen, Mai H; Rosenthal, Sara Brin; Pérez, Fernando; Rose, Peter W | Editor(s): Lewitter, Fran",openalex,llm,0.950,unreviewed,
kept,Performance Analysis of Google Colaboratory as a Tool for Accelerating Deep Learning Applications,Tiago Carneiro; Raul Victor M. da Nóbrega; Thiago Nepomuceno; Gui‐Bin Bian; Victor Hugo C. de Albuquerque; Pedro P. Rebouças Filho,2018,IEEE Access,10.1109/access.2018.2874767,https://openalex.org/W2897722020,adjacent-subtopic,"Google Colaboratory (also known as Colab) is a cloud service based on Jupyter Notebooks for disseminating machine learning education and research. It provides a runtime fully configured for deep learning and free-of-charge access to a robust GPU. This paper presents a detailed analysis of Colaboratory regarding hardware resources, performance, and limitations. This analysis is performed through the use of Colaboratory for accelerating deep learning for computer vision and other GPU-centric applications. The chosen test-cases are a parallel tree-based combinatorial search and two computer vision applications: object detection/classification and object localization/segmentation. The hardware under the accelerated runtime is compared with a mainstream workstation and a robust Linux server equipped with 20 physical cores. Results show that the performance reached using this cloud service is equivalent to the performance of the dedicated testbeds, given similar resources. Thus, this service can be effectively exploited to accelerate not only deep learning but also other classes of GPU-centric applications. For instance, it is faster to train a CNN on Colaboratory's accelerated runtime than using 20 physical cores of a Linux server. The performance of the GPU made available by Colaboratory may be enough for several profiles of researchers and students. However, these free-of-charge hardware resources are far from enough to solve demanding real-world problems and are not scalable. The most significant limitation found is the lack of CPU cores. Finally, several strengths and limitations of this cloud service are discussed, which might be useful for helping potential users.",openalex,llm,0.660,unreviewed,
discarded,New tools for calibrating diffraction setups,Jérôme Kieffer; Valentin Valls; Nils Blanc; Christoph Hennig,2020,Journal of Synchrotron Radiation,10.1107/s1600577520000776,https://openalex.org/W3007018172,adjacent-subtopic,"New calibration tools in the pyFAI suite for processing scattering experiments acquired with area detectors are presented. These include a new graphical user interface for calibrating the detector position in a scattering experiment performed with a fixed large area detector, as well as a library to be used in Jupyter notebooks for calibrating the motion of a detector on a goniometer arm (or any other moving table) to perform diffraction experiments.",openalex,llm,0.700,unreviewed,
discarded,JBrowse 2: a modular genome browser with views of synteny and structural variation,Colin Diesh; Garrett Stevens; Peter Xie; Teresa De Jesus Martinez; Elliot A. Hershberg; Angel Leung; Emma Guo; Shihab Dider; Junjun Zhang; Caroline Bridge; Gregory Hogue; Andrew Duncan; Matthew Morgan; Tia Flores; Benjamin N. Bimber; Robin Haw; Scott Cain; Robert Buels; Lincoln Stein; Ian Holmes,2023,Genome biology,10.1186/s13059-023-02914-z,https://openalex.org/W4366224338,adjacent-subtopic,"We present JBrowse 2, a general-purpose genome annotation browser offering enhanced visualization of complex structural variation and evolutionary relationships. It retains core features of JBrowse while adding new views for synteny, dotplots, breakpoints, gene fusions, and whole-genome overviews. It allows users to share sessions, open multiple genomes, and navigate between views. It can be embedded in a web page, used as a standalone application, or run from Jupyter notebooks or R sessions. These improvements are enabled by a ground-up redesign using modern web technology. We describe application functionality, use cases, performance benchmarks, and implementation notes for web administrators and developers.",openalex,llm,0.720,unreviewed,
kept,KGTorrent: A Dataset of Python Jupyter Notebooks from Kaggle,Luigi Quaranta; Fabio Calefato; Filippo Lanubile,2021,,10.1109/msr52588.2021.00072,https://openalex.org/W3136898053,established; supports-claim,"Computational notebooks have become the tool of choice for many data scientists and practitioners for performing analyses and disseminating results. Despite their increasing popularity, the research community cannot yet count on a large, curated dataset of computational notebooks. In this paper, we fill this gap by introducing KGTorrent, a dataset of Python Jupyter notebooks with rich metadata retrieved from Kaggle, a platform hosting data science competitions for learners and practitioners with any levels of expertise. We describe how we built KGTorrent, and provide instructions on how to use it and refresh the collection to keep it up to date. Our vision is that the research community will use KGTorrent to study how data scientists, especially practitioners, use Jupyter Notebook in the wild and identify potential shortcomings to inform the design of its future extensions.",openalex,llm,0.900,unreviewed,
discarded,"A high-bias, low-variance introduction to Machine Learning for physicists",Pankaj Mehta; Marin Bukov; Ching-Hao Wang; Alexandre G.R. Day; Clint Richardson; Charles K. Fisher; David J. Schwab,2019,Physics Reports,10.1016/j.physrep.2019.03.001,https://openalex.org/W2789845225,adjacent-subtopic,"Machine Learning (ML) is one of the most exciting and dynamic areas of modern research and application. The purpose of this review is to provide an introduction to the core concepts and tools of machine learning in a manner easily understood and intuitive to physicists. The review begins by covering fundamental concepts in ML and modern statistics such as the bias-variance tradeoff, overfitting, regularization, generalization, and gradient descent before moving on to more advanced topics in both supervised and unsupervised learning. Topics covered in the review include ensemble models, deep learning and neural networks, clustering and data visualization, energy-based models (including MaxEnt models and Restricted Boltzmann Machines), and variational methods. Throughout, we emphasize the many natural connections between ML and statistical physics. A notable aspect of the review is the use of Python Jupyter notebooks to introduce modern ML/statistical packages to readers using physics-inspired datasets (the Ising Model and Monte-Carlo simulations of supersymmetric decays of proton-proton collisions). We conclude with an extended outlook discussing possible uses of machine learning for furthering our understanding of the physical world as well as open problems in ML where physicists may be able to contribute.",openalex,llm,0.770,unreviewed,
discarded,"The Galaxy platform for accessible, reproducible and collaborative biomedical analyses: 2020 update",Vahid Jalili; Enis Afgan; Qiang Gu; Dave Clements; Daniel Blankenberg; Jeremy Goecks; James Taylor; Anton Nekrutenko,2020,Nucleic Acids Research,10.1093/nar/gkaa434,https://openalex.org/W3029928583,adjacent-subtopic,"Galaxy (https://galaxyproject.org) is a web-based computational workbench used by tens of thousands of scientists across the world to analyze large biomedical datasets. Since 2005, the Galaxy project has fostered a global community focused on achieving accessible, reproducible, and collaborative research. Together, this community develops the Galaxy software framework, integrates analysis tools and visualizations into the framework, runs public servers that make Galaxy available via a web browser, performs and publishes analyses using Galaxy, leads bioinformatics workshops that introduce and use Galaxy, and develops interactive training materials for Galaxy. Over the last two years, all aspects of the Galaxy project have grown: code contributions, tools integrated, users, and training materials. Key advances in Galaxy's user interface include enhancements for analyzing large dataset collections as well as interactive tools for exploratory data analysis. Extensions to Galaxy's framework include support for federated identity and access management and increased ability to distribute analysis jobs to remote resources. New community resources include large public servers in Europe and Australia, an increasing number of regional and local Galaxy communities, and substantial growth in the Galaxy Training Network.",openalex,llm,0.790,unreviewed,
kept,Towards reproducible computational drug discovery,Nalini Schaduangrat; Samuel Lampa; Saw Simeon; M. Paul Gleeson; Ola Spjuth; Chanin Nantasenamat,2020,Journal of Cheminformatics,10.1186/s13321-020-0408-x,https://openalex.org/W3013954280,adjacent-subtopic; supports-claim,"The reproducibility of experiments has been a long standing impediment for further scientific progress. Computational methods have been instrumental in drug discovery efforts owing to its multifaceted utilization for data collection, pre-processing, analysis and inference. This article provides an in-depth coverage on the reproducibility of computational drug discovery. This review explores the following topics: (1) the current state-of-the-art on reproducible research, (2) research documentation (e.g. electronic laboratory notebook, Jupyter notebook, etc.), (3) science of reproducible research (i.e. comparison and contrast with related concepts as replicability, reusability and reliability), (4) model development in computational drug discovery, (5) computational issues on model development and deployment, (6) use case scenarios for streamlining the computational drug discovery protocol. In computational disciplines, it has become common practice to share data and programming codes used for numerical calculations as to not only facilitate reproducibility, but also to foster collaborations (i.e. to drive the project further by introducing new ideas, growing the data, augmenting the code, etc.). It is therefore inevitable that the field of computational drug design would adopt an open approach towards the collection, curation and sharing of data/code.",openalex,llm,0.840,unreviewed,
