status,title,authors,year,venue,doi,url,tags,abstract,provider,decision_source,llm_confidence,llm_review_outcome,llm_change_direction
discarded,Mito_Plot: open-source pipeline for quantification and visualization of mitochondrial DNA heteroplasmy,"Nakamura, Kohta; Matsumoto, Naoyuki; Okazaki, Yasushi",2026,BMC BIOINFORMATICS,10.1186/s12859-026-06476-2,https://www.webofscience.com/wos/woscc/full-record/WOS:001840811900001,adjacent-subtopic,"Background Mitochondrial DNA heteroplasmy plays a crucial role in mitochondrial function, aging, and a wide range of human diseases. Recent advances in high-throughput sequencing have enabled large-scale detection of heteroplasmic variants; however, effective cohort-level integration, comparison, and visualization of Mutant Allele Frequency (MAF) values remain challenging. Existing tools often focus on single-sample visualization or require substantial manual preprocessing, limiting their scalability and usability for large cohorts. To address these challenges, we developed Mito_Plot, an open-source computational pipeline designed for standardized quantification and intuitive visualization of Mitochondrial DNA (mtDNA) heteroplasmy across multiple samples.Results Mito_Plot accepts standard mitochondrial VCF files and automatically calculates MAF based on allelic depth information. MAF data from multiple samples are aggregated into a unified matrix aligned by genomic position, enabling direct cross-sample comparison. The pipeline provides interactive two-dimensional circular plots that map MAF onto the mitochondrial genome with gene-level annotations, facilitating rapid identification of mutation hotspots and sample-specific patterns. In addition, Mito_Plot offers optional three-dimensional visualizations that enhance exploration of large cohorts by separating variant distributions across samples and genomic regions. Application of Mito_Plot to multi-sample mitochondrial sequencing datasets demonstrated robust handling of both variants with low and high MAF values, efficient processing of large cohorts, and improved interpretability compared with static or single-sample visualizations.Conclusions Mito_Plot is a scalable, user-friendly software pipeline for cohort-scale quantification and visualization of mtDNA MAF. By integrating standardized MAF calculation with interactive 2D and 3D visualizations, Mito_Plot facilitates comprehensive exploration of mitochondrial variant landscapes across large datasets. The open-source and modular design of the software supports reproducible research and flexible integration into existing analysis workflows, making Mito_Plot a practical resource for mitochondrial genomics research and clinical investigations.",wos,llm,0.840,unreviewed,
discarded,Organoids as next-generation models for investigating intracranial tumours,"Roy, Subham; Zahin, Fahmida; Nkrumah-Boateng, Princess Afia; Chaudhry, Saim; Nassor, Maher; Kwarteng, Maame Fosuah Appiah; Owusu-Boampong, Akosua Bempomaa; Wireko, Andrew Awuah",2026,MOLECULAR BRAIN,10.1186/s13041-026-01317-y,https://www.webofscience.com/wos/woscc/full-record/WOS:001837390000001,off-topic-false-hit,"Tumour organoids have emerged as important tools in brain tumour research, addressing long-standing limitations of conventional two-dimensional cultures, xenograft models, and genetically engineered mouse models. By preserving patient-specific genetic alterations, cellular diversity, spatial architecture, and key microenvironmental features, organoid systems enable more faithful modelling of tumour biology across a broad range of intracranial tumours, including gliomas, meningiomas, medulloblastomas, pituitary tumours, and craniopharyngiomas. Patient-derived organoids, genetically engineered models, co-culture systems, and bioprinted platforms have collectively advanced understanding of tumour initiation, invasion, heterogeneity, and therapeutic resistance, while offering clinically relevant systems for drug screening and personalised therapy prediction. Importantly, organoid models facilitate mechanistic interrogation of tumour-microenvironment interactions that are difficult to capture in other systems, including neural-tumour crosstalk, vascular niche formation, and immune modulation. Their compatibility with high-throughput screening and integration with emerging technologies, such as single-cell and spatial omics, CRISPR-based genome editing, microfluidics, and artificial intelligence, has further expanded their utility for functional genomics, biomarker discovery, and predictive modelling of treatment response. The development of large-scale organoid biobanks that represent diverse tumour subtypes and patient populations also provides critical infrastructure for reproducible research and collaborative precision oncology efforts. While challenges remain, including variability in culture protocols, incomplete immune and vascular representation, and barriers related to cost and technical complexity, ongoing methodological innovations are progressively enhancing the physiological fidelity and translational relevance of organoid systems. Overall, tumour organoids represent a promising interface between experimental research and clinical application in neuro-oncology, with significant potential to accelerate therapeutic discovery, refine patient stratification, and ultimately improve outcomes for individuals with brain tumours.",wos,llm,0.990,unreviewed,
discarded,Scaling MadMiner with a deployment on REANA,"Espejo, Irina; Perez, Sinclert; Hurtado, Kenyi; Heinrich, Lukas; Cranmer, Kyle",2026,"21ST INTERNATIONAL WORKSHOP ON ADVANCED COMPUTING AND ANALYSIS TECHNIQUES IN PHYSICS RESEARCH, ACAT 2022",10.1088/1742-6596/3206/1/012115,https://www.webofscience.com/wos/woscc/full-record/WOS:001803734700115,adjacent-subtopic,"MadMiner is a python package that implements a powerful family of multivariate inference techniques that leverage matrix element information and machine learning. This multivariate approach neither requires the reduction of high-dimensional data to summary statistics nor any simplifications to the underlying physics or detector response. In this paper, we address some of the challenges arising from deploying MadMiner in a real-scale HEP analysis with the goal of offering a new tool in HEP that is easily accessible.

The proposed approach encapsulates a typical MadMiner pipeline into a parametrized yadage workflow described in YAML files. The general workflow is split into two yadage sub-workflows, one dealing with the physics simulations and the other with the ML inference. After that, the workflow is deployed using REANA, a reproducible research data analysis platform that takes care of flexibility, scalability, reusability, and reproducibility features. To test the performance of our method, we performed scaling experiments for a MadMiner workflow on the National Energy Research Scientific Computer (NERSC) cluster with an HT-Condor back-end. All the stages of the physics sub-workflow had a linear dependency between resources or wall time and the number of events generated. This trend has allowed us to run a typical MadMiner workflow, consisting of 11M events, in 5 hours compared to days in the original study.",wos,llm,0.930,unreviewed,
kept,Bridging Interdisciplinary Research Data Management and Data Science through Modular Research Processes,"Strohm, Steffen; Straten, Mattis thor; Goehring, Andrea; Buenning, Hartwig; Kroeger, Peer; Nakoinz, Oliver; Renz, Matthias; Rinne, Christoph",2026,PEER COMMUNITY JOURNAL,10.24072/pcjournal.755,https://www.webofscience.com/wos/woscc/full-record/WOS:001836248100001,adjacent-subtopic,"Transparent and reproducible research in large interdisciplinary projects, such as the Cluster of Excellence ROOTS, depends on combining two perspectives that are usually considered separately: the stewardship concerns of Research Data Management (RDM) and the analytical concerns of Data Science. This paper introduces Modular Research Processes (MRP), a framework representing a research endeavour as distinct, referable products and procedures described at several layers of granularity, expressing resolution rather than a hierarchy of authority. MRP provides a shared representation in which RDM and Data Science converge, focusing on the point where (materialised) products are FAIR-ready, while their procedural counterparts are not (yet)-a discrepancy that motivates the development of systematic descriptions and, where applicable, recommendations. We organise the framework's value into three application fields: illustration and communication; documentation and organisation; as well as comparison and recommendation. Our examinations and activities are based on the Data Management and Data Science Platform (DMDSP), which is an organisational component of the ROOTS project. We present the DMDSP as an example of how such a bridge can be shaped, aligned with an existing ecosystem, filled with collaborative method development, and sustained through training. Beyond the platform, it is MRP that is the transferable contribution, with a claim to cross-disciplinary and cross-project application. We report on two archaeological analyses that have been reconstructed as first proofs of concept, techniques for early empirical feedback on the conditions for adoption of an MRP-related tool, and a research roadmap anchored in this beginning.",wos,llm,0.800,unreviewed,
discarded,Ten simple rules for team synthesis in ecological research,"Elmendorf, Sarah C.; Maurer, Gregory E.; Lyon, Nicholas J.; Downs, Martha R.; LaMontagne, Jalene M.; Barry, Kathryn E.; Chen, Angel; Dee, Laura E.; Earl, Stevan; Isbell, Forest; Sokol, Eric R.; Carey, Joanna C.",2026,METHODS IN ECOLOGY AND EVOLUTION,10.1111/2041-210x.70378,https://www.webofscience.com/wos/woscc/full-record/WOS:001835320100001,adjacent-subtopic,"1. Team-based synthesis is a collaborative, data-intensive, often interdisciplinary approach to conducting science that capitalizes on existing data to answer novel questions. In ecology, synthesis has advanced understanding about the functioning and structure of ecological and environmental systems. 2. Interest in ecological synthesis has greatly expanded over the past decades due to the increasing volume of accessible data, new collaboration tools, targeting funding calls, and computational workflows that facilitate working with large, complex data. 3. The team-based nature of synthesis fosters human connections and mentorship opportunities that make the work meaningful and enjoyable, but also challenges including harmonizing disparate datasets, coordinating scientists with a range of expertise and backgrounds and managing multi-author projects that evolve over multi-year time spans among others. 4. Here, we have compiled a list of ten simple rules to help team members engage and excel throughout the entire process as they embark on ecological synthesis journeys.",wos,llm,0.810,unreviewed,
discarded,HiSpot: an integrated and accessible python framework for spatial optimization in Urban Analytics,"Wang, Shaohua; Su, Cheng; Zhao, Zixuan; Liang, Haojian; Wang, Zhenbo; Sun, Yeran; Zhong, Yang; Zheng, Jiayi; Huang, Zhuonan; Zhou, Jingyi",2026,INTERNATIONAL JOURNAL OF DIGITAL EARTH,10.1080/17538947.2026.2687273,https://www.webofscience.com/wos/woscc/full-record/WOS:001834824700001,adjacent-subtopic,"Spatial optimization plays a pivotal role in urban analytics, underpinning critical decisions from facility siting to logistics routing. However, the practical application of these methods is often hindered by a fragmented software ecosystem: commercial GIS platforms offer usability but lack algorithmic flexibility, while specialized mathematical solvers provide computational power but require steep learning curves and extensive 'glue code' for data handling. To bridge this gap, we introduce HiSpot, an open-source Python framework designed as an integrated workbench for spatial optimization. Unlike disjointed tools, HiSpot unifies the entire workflow-data processing, model formulation, solution generation, and visualization-within a cohesive, object-oriented Application Programming Interface (API). The library supports a comprehensive suite of paradigms, including Facility Location Problems (FLP), Coverage Models (MCLP/LSCP), and Location-Routing Problems (LRP), seamlessly coupling them with standard geospatial data structures. Furthermore, HiSpot addresses the scarcity of standardized testing environments by incorporating the Spatial Optimization Benchmark Dataset, which includes multi-scale instances from real-world road networks. By lowering technical barriers and standardizing the analytical pipeline, HiSpot empowers researchers and practitioners to deploy robust, reproducible spatial optimization solutions for complex urban challenges.",wos,llm,0.840,unreviewed,
discarded,HEA-Bench: An AI-Agent-Optimized Calculator of High-Entropy Alloy and Oxide Descriptors and Phase-Prediction Rules,"Fieser, David; Dewanjee, Unmanaa; Hu, Anming",2026,MATERIALS,10.3390/ma19143075,https://www.webofscience.com/wos/woscc/full-record/WOS:001832868400001,adjacent-subtopic,"The empirical descriptors of high-entropy alloys and oxides, from the mixing entropy and atomic-size mismatch to the Miedema enthalpies and the Omega , Phi , and phi stability parameters, are quoted in nearly every design study, yet they are reimplemented ad hoc by individual groups, by closed web calculators, and now inside language-model agent frameworks, where fabrication of property values is a documented failure mode. The resulting numbers disagree and cannot be traced or reproduced. We present HEA-Bench, an open calculator in which every descriptor is a closed-form expression over a curated, literature-cited element-property table, with the six canonical phase-prediction rules reported alongside their thresholds and sources rather than as predictions. One calculation core is delivered as a dependency-free Python (version 3.10 or later) library, a zero-install browser application, an offline desktop executable, and a Model Context Protocol server that exposes it to AI agents as deterministic tools, returning every value with its unit, citation key, and version so an agent's reasoning trace can be audited. The implementation reproduces published per-alloy and per-oxide anchor values to their printed precision and extends to high-entropy oxides in four structure families. The numerical instability of Omega near zero mixing enthalpy is quantified and exposed as a callable check.",wos,llm,0.820,unreviewed,
discarded,CSRcalculator: A reproducible framework for understanding plant ecological strategies,"Gaskin, Teddy; Crick, Ben; Wright, Manny; Cavanagh, Amanda P.; Huber, Katharina; Nikoloski, Zoran; Ferguson, John N.",2026,PLANTS PEOPLE PLANET,10.1002/ppp3.70254,https://www.webofscience.com/wos/woscc/full-record/WOS:001830826100001,adjacent-subtopic,"Societal Impact Statement Understanding how plants respond to environmental change is essential for conserving biodiversity and managing ecosystems under climate change. We developed CSRcalculator, an open-source platform that brings together major competitor, stress-tolerator, ruderal (CSR) models to make ecological strategy classification accessible, reproducible and scalable. The software enables users to rapidly translate plant trait data into standardised ecological strategy classifications through a simple, user-friendly interface, promoting consistent and reproducible analyses across studies. By improving access to the CSR framework and supporting reproducible research, CSRcalculator strengthens ecological monitoring, informs conservation and land management and enables more robust evidence for environmental policy and practice. Summary center dot The competitor, stress-tolerator, ruderal (CSR) theory, first proposed by John Philip Grime, is a useful framework for understanding plant ecological strategies and predicting responses to environmental changes and pressures. However, current tools for assigning CSR strategies are limited to an Excel sheet format and have yet to be integrated into modern computational platforms that enable reproducible research. center dot We present CSRcalculator (https://github.com/TeddyGaskin/CSRcalculator), an open-source R package and shiny application that calculates CSR scores and assigns strategies based on user-uploaded trait data. CSRcalculator supports CSR assignments according to the three most prominent models: the original soft approach, the global StrateFy and a morpho-physiological model. center dot The R package outputs a table including CSR scores, assigned strategies and intermediate traits for the selected model. The shiny application produces this same table alongside an interactive ternary plot to visualise the strategy distribution and an optional summary table describing the overall CSR strategy distribution, using metrics such as the modal strategy, axis means, standard deviations and ranges. Group-level analyses calculate the same statistics across user-defined categories. center dot We demonstrate the utility and reliability of CSRcalculator by validating its outputs against a published dataset and original CSR tools, as well as benchmarking its performance across dataset sizes to confirm it scales efficiently to large datasets.",wos,llm,0.930,unreviewed,
discarded,OTDDA: A discrete dipole approximation framework for computing optical scattering and related forces on arbitrarily shaped particles in optical tweezers,"Ran, Luhao; Xie, Shangran",2026,OPTICS COMMUNICATIONS,10.1016/j.optcom.2026.133546,https://www.webofscience.com/wos/woscc/full-record/WOS:001825438400001,adjacent-subtopic,"Optical tweezers are a fundamental tool for micro-and nano-object manipulation, yet accurate and efficient calculation of scattering fields and forces for particles with arbitrary shapes remains challenging. Here we introduce an efficient computational framework for optical tweezers based on discrete dipole approximation, termed OTDDA, which enables precise calculation of electromagnetic field distributions and optical forces for particles of arbitrary shapes under complex illumination conditions. Moreover, by coupling electromagnetic simulation with heat conduction equations, OTDDA can also compute temperature distributions and photophoretic forces in absorptive particles in atmospheric environments. The numerical stability and accuracy of the framework are validated against standard Mie theory for non-absorptive spherical particles. The MATLAB-based code for OTDDA is released as an open-source project to support reproducible research in optical trapping and the broader field of light-matter interactions.",wos,llm,0.830,unreviewed,
kept,Automated Documentation for Reproducible Research: The Reproducible AI Documentation (RepAID) Tool,"Haberl, Armin; Thalmann, Stefan",2026,"DESIGN FOR BETTER FUTURES: BEYOND THE SCIENCE OF THE ARTIFICIAL. COMPLETED RESEARCH, DESRIST 2026, PT III",10.1007/978-3-032-28570-6_27,https://www.webofscience.com/wos/woscc/full-record/WOS:001805476900027,adjacent-subtopic,"Artificial Intelligence (AI) and Machine Learning (ML) are increasingly transforming how researchers outside of computer and data science analyze and extract meaningful insights from data. The introduction of low-code tools, such as the KNIME Analytics Platform, empowers researchers without extensive coding expertise to leverage complex ML methods. However, the highly automated internal processes of these tools often lack transparency and complicate thorough research documentation. This is ever more problematic as scientific journals and conferences demand comprehensive documentation of ML workflows to ensure research reproducibility. To address this gap, we introduce the Reproducible AI Documentation (RepAID) tool, designed to support researchers in documenting ML workflows and meeting reproducibility standards. RepAID consists of two KNIME components that extract workflow metadata and utilize Large Language Models (LLMs) to generate custom reproducibility reports. Initial evaluation results demonstrate that RepAID can generate accurate workflow documentation and is adaptable to varying reporting guidelines and requirements. These findings contribute to the ongoing discussion on how to support reproducible research with low-code ML tools. Furthermore, feedback from researchers familiar with low-code ML highlights the utility of the prototype and encourages further development to strengthen human oversight and ensure responsible use of automated research documentation.",wos,llm,0.870,unreviewed,
