status,title,authors,year,venue,doi,url,tags,abstract,provider,decision_source,llm_confidence,llm_review_outcome,llm_change_direction
kept,Reproducible research with jupyter notebooks,Arindam Basu,2017,,10.22541/au.151460905.57485984,https://openalex.org/W2780671561,supports-claim,"Reproducible research in public health with Jupyter notebooks Reproducible and replicable research refer to a process of research where researchers share transparent and reliable work processes online or through other means so that their work can be both repeated and replicated by others. As epidemiologic research is increasingly focussed on identifying risk factors that are small in magnitude and therefore has many confounding variables that need to be adjusted for, and as increasing amount of data are now made available in the public domain for independent researchers and analysts to verify and test the validity of earlier research, Peng and Zeger (2006) suggest that for public health, reproducibility should be a minimum criterion . They write: The reproducibility of epidemiologic findings from current and future studies will be crucial to providing the substance for informed debate regarding policies affecting the public's health Using Schwab et.al. (2000) recommendations of reproducibility of research in the context of computer science, they suggest the following for public health interventions: --------------------------------- Component Requirement --------------- ----------------- Data Available Methods Data set (raw and analytical), computer code, and steps are made available to enable execution Documentation the documentation of the data set, and the codes will enable replication Distribution The codes, software, and the documentation must be made available to others --------------------------------- . While raw data can be complex and for researchers, it'd be necessary only to work on a subset of the raw data to enable replication of the results. Hence Peng and Zeger suggest that at the least, the analytical data set should be made available to the other researchers. In their study on the extent to which observational epidemiological studies were also reproducible, Peng and Zeger conducted an analysis of the published literature of observational epidemiological studies and found that in their selection of 90 studies published in 2005, none (0/90) had codes for statistical procedures were made available; further, 43/69 (62.3%) did not report the methods used for processing the data they used for analysis. They found that 93% of the articles did not report how the measured data were processed, and therefore one could not replicate the results with new data. The rise of literate programming & the need for free, open source software in reproducible research In a data-driven discipline such as Epidemiology, the way to practice reproducible research depends on how well the analysts share data and the steps involved in accessing the raw and processed data and also the details of how the methods were conducted to preprocess the data as well as analysed data, and the models and how the models were conducted. This needs three inter-related issues to be resolved: first, we need an approach where data and code are best woven together and the stories that result from this interleave are then disseminated to the wider scientific community to test and verify. We need this to make things simple so that other researchers can keep the issue of data analysis in context; we need software to be freely and openly accessible for examination: we need this so that the underlying assumptions in the analytics can be tested. Freedom here suggests not only that the user of our information do not pay for the services ('free as in free beer') but also, the freedom to study and modify the code where needed . Donald Knuth (1984) coinded the term 'literate programming' to indicate a style of computer code writing where software documentation and the procedures and codes were written together . By combining codes and context, meaning, and annotation of the written code to solve a particular problem or address an analytical task, the authors provide both a context and help others to replicate the findings within a meaningful context. Layered on this is the question of whether such processes are available for everyone freely and openly. Here, web provides a level playing ground where others can use the power of a web based solution to replicate these findings using distiributed resource. Perez and Granger (2015) call this combination of data, code, and narrative as ""computational narrative""; an app, Jupyter provides an instantiation of how this can be achieved where it is possible to write code and narrative not only in plain text but also weave in codes and text and produce the output in the format of a text document . Jupyter notebooks are digital notebooks that can be used to weave codes, and literate programming in python, julia, and R, and can be used to distribute codes and text . The world wide web has played an important role in the creation and distribution of knowledge. Collaborative resarch writing can be conducted using Google docs, or Overleaf, and Authorea. In each case, it is possible to bring in diverse groups of authors to collaborate on the same platform to write a paper. Using jupyter notebooks and hosting them in github and then in binder, it is also possible to set up a web based system where one can analyse and write a paper on the same platform. Converting a jupyter notebook to a standard article format that can be presented on a journal is possible through first converting the notebook to a markdown format and then converting the markdown format to a journal article format. Jupyter notebooks provide the mechanism to convert a notebook to a markdown format and the software pandoc provides the tools to convert a markdown document with an associated bibtex file to be converted to a journal article format that can then be put out either in the form of a pdf document, or a word document that most journals would accept for publishing. The original data set and the jupyter notebook can be shared using github with the rest of the world. Preprint servers offer opportunities to host papers before printable format for publishing to draw in comments from the community. In this way, it is possible to harness digital tools that will allow one to collect data, clean, and analyse data, and share the process of the data analysis and insights rapidly with a group of people. Method Here, we provide an instance of a workflow using jupyter notebook, github, and Authorea to analyse a data set and write a paper based on the data set as a demonstration of what can be done in a setting such as this. can live in the github repo and the text of a paper can live in Authorea where this can be pushed to Authorea through the jupyter notebook and a bibtex file can be built and worked around. The following steps will connect to be done: 1. First, set up an Authorea file using Authorea 2. Next, connect the Authorea article to github 3. Now clone the git repo on your local computer 4. Assuming that you have Jupyter installed, you can start a jupyter notebook in the same folder 5. Work on the jupyter notebook for the analyses 6. Convert the notebook to markdown but with the following features: for tables, you can either use markdown tables or convert the data tables to csv files, and save the graphs separately as png files 7. Now convert the ipynb file into markdown file 8. Modify the layout.md file & add the name of the jupyter notebook markdownified file there 9. Now add, commit, and push the files to github Once in Authorea, do as follows: 1. Upload the tables as csv files 2. Upload the images 3. From directly within the editor of Authorea, adjust the citations to meet the standards of the journal 4. The text can either be edited from within Authorea or within Jupyter and pushed to Authorea as markdown files 5. Markdown tables are left as is. Sharable jupyter notebooks can also be shared by Binder.org and the article distributed using Authorea or PeerJ or F1000. The data can be stored in figshare, or in github itself. Results: an exploratory data analysis using this method The results of this process is a description of the flow of work we have conducted in the process. We have already created an article in Authorea We have implemented the workflow we described in the above steps in the steps where we integrate literate programming below. We will read the data set, then we will conduct preprocessing of the data, and we will save the resulting tables in the folder and we will use them in the final processing in Authorea. We will also use Authorea to store the data in the form of csv file, and the analyses in the form of ipynb file for sharing. Additionally, we will share the data through figshare and the notebook through binder for anyone to reproduce and work on the findings. ## Load the packages as needed library(tidyverse) library(knitr) library(DiagrammeR) ## these three libaries are needed for constructing diagrams, conducting research in a particular # way, etc ## read the data mydata <- read_csv(""WHO.csv"", na = """") # to find out the variables loaded with the data set, #names(mydata) # to find out the structure of the data set # str(mydata) # 202 observations of 358 variables # Let's create a short version of the data set with first 12 variables mydatar <- mydata[, c(1:12)] # structure of mydatar? #str(mydatar) # 202 observations of 12 variables # variable names ## rename the variables mydatar1 <- mydatar %>% rename(afr = `Adolescent fertility rate (%)`) %>% rename(alr = `Adult literacy rate (%)`) %>% rename(gni_percap = `Gross national income per capita (PPP international $)`) %>% rename(psenrol_f = `Net primary school enrolment ratio female (%)`) %>% rename(psenrol_m = `Net primary school enrolment ratio male (%)`) %>% rename(totpop = `Population (in thousands) total` ) %>% rename(urbanpop = `Population in urban areas (%)`) %>% rename(pop_agr = `Population annual growth rate (%)`) %>% rename(pop_below_pov = `Population living below the poverty line (% living on < US$1 per day)`) ## Let's summarise the information by continent sum_mydata <- mydatar1 %>% group_by(Continent) %>% summarize(mean_afr = mean(afr, na.rm = T), mean_alr = mean(alr, na.rm = T), mean_gnipercap = mean(gni_percap, na.rm = T), mean_psenrol_f = mean(psenrol_f, na.rm = T), mean_pbp = mean(pop_below_pov, na.rm = T)) ## this has returned a data set with these five variables ## the summarised data can be presented in the form of a table kable(sum_mydata)",openalex,llm,0.920,unreviewed,
kept,Linked Open Data for Linguists: Publishing the Hartmann von Aue-Portal in RDF,Alex Stolz; Martin Hepp; Roy Α. Boggs,2017,Lecture notes in computer science,10.1007/978-3-319-69459-7_20,https://openalex.org/W2766927797,adjacent-subtopic,"The Hartmann von Aue-portal is a decade-long initiative to employ Web technology in order to support the study of the early German. It provides a comprehensive knowledge base on lexicographic and other aspects of the works of Hartmann von Aue, one of the key epic poets of Middle High German literature; namely lemmata, word forms, tagmemes, adverbs, and the like, including original contexts for entries. The portal is available for human users in the form of a Web application. Linked Open Data (LOD) is a recent approach in the evolution of Web technology that supports the publication of information on the Web in a way suitable for the intelligent consumption and processing of contents by computers instead of humans using Web browsers. In this paper, we study the use of modern LOD approaches for linguistics, describe the conversion of the complete Hartmann von Aue-portal into LOD, and show the usage for data-driven analyses via SPARQL queries and literate programming with Python.",openalex,llm,0.790,unreviewed,
kept,A DOCUMENT DRIVEN APPROACH TO CERTIFYING SCIENTIFIC COMPUTING SOFTWARE,Nirmitha Koothoor,2013,MacSphere (McMaster University),,https://openalex.org/W847712881,qualifies-claim,"With the general engineering practices being followed for the development of scientific software, scientists are seemingly able to simulate real world problems successfully and generate accurate numerical results. However, scientific software is rarely presented in such a way that an external reviewer would feel comfortable in certifying that the software is fit for its intended use. The documentation of the software development - Requirements, Design and Implementation, is not being given the importance it deserves. Often, the requirements are improperly and insufficiently recorded, which make the design decisions difficult. Similarly, incomplete documentation of design decisions and numerical algorithms make the implementation difficult. Lack of traceability between the requirements, design and the code leads to problems with building confidence in the results. To study the problems faced during certification, a case study was performed on a legacy software used by a nuclear power generating company in the 1980's for safety analysis in a nuclear reactor. Unlike many other scientific codes of that time, the nuclear power generating company included a full theory manual with their code. Although the theory manual was very helpful, the documentation and development approach still needed significant updating. During the case study, 27 issues were found with the documentation of the theory manual, 2 opportunities to update the design and 6 programming style issues were found in the original FORTRAN code. This shows room for improvement in the documentation techniques in the development of scientific software based on a physical model. This thesis provides a solution to the certification problem, by introducing software engineering methodologies in the documentation of the scientific software. This work proposes a new template for the Software Requirements Specification (SRS) to clearly and sufficiently state the functional and the non-functional requirements, while satisfying the desired qualities for a good SRS. Furthermore, the proposed template acts as a checklist and helps in systematically and adequately developing the requirements document. For developing the design and implementation, this thesis introduces Literate Programming (LP) as an alternative to traditional structured programming. Literate Programming documents the numerical algorithms, logic behind the development and the code together in the same document, the Literate Programmer's Manual (LPM). The LPM is developed in connection with the SRS. The explicit traceability between the theory, numerical algorithms and implementation (code), simplifies the process of verification and the associated certification.",openalex,llm,0.830,unreviewed,
kept,Literate Programming,Johannes Sametinger,1997,,10.1007/978-3-662-03345-6_18,https://openalex.org/W4234950615,supports-claim,,openalex,llm,0.800,unreviewed,
kept,Literate programming,Harold Thimbleby,2003,Encyclopedia of Computer Science,,https://openalex.org/W2914806519,supports-claim,"A programmer who adds documentation to a program after it is written often finds it difficult to make the documentation correspond to the program. Literate programming is a system of combining program and internal documentation, so that both may be developed together. Various automatic aids to readability are provided, such as substantial cross-referencing and indexing, pretty-printing and so on. Special macro processing allows the program to be written in any order to improve and simplify the exposition; macros are automatically numbered so that their usage is easily cross-referenced.",openalex,llm,0.970,unreviewed,
kept,Literate Programming,Andreas Klein,2013,Communications of the ACM,10.1007/978-1-4471-5079-4_20,https://openalex.org/W4256407575,supports-claim,,openalex,llm,0.770,unreviewed,
kept,"Program Text, Programming Style, Programmer Labor",Brian Lennon,2018,Cultural Politics an International Journal,10.1215/17432197-7093380,https://openalex.org/W2900839222,qualifies-claim,"Computer programming can be understood as both a kind of writing and a special class of human labor activity facilitating the automation of other human labor activities, not excluding itself. From the very beginning of the history of computer programming, it was recognized that the technical logic of programming is a logic of automation, indeed, a logic of self-automation or even recursive automation. This article suggests that a syntactic feature common to all programming languages used today serves as a register of this logic of automation, leaving traces in code that are legible if one knows where to look. That feature is the comment: natural-language text within a computer program that is written exclusively for human readers of the program and is separated from executable code, though it stands alongside it. At their most interesting, in patterns of use to which a managerial discourse of software craftspersonship is actively hostile, yet to which so-called literate programming practice is indifferent, program comments are traces of a mode of technical labor whose privilege and precarity both rest on its obscurity, an obscurity in no way resistant to reading.",openalex,llm,0.840,unreviewed,
kept,Data And Script For The Genabel Paper,Lennart C. Karssen; Cornelia M. van Duijn; Yurii S. Aulchenko,2016,Figshare,10.5281/zenodo.51008,https://openalex.org/W2346735388,adjacent-subtopic,"This dataset contains the automatically collected data used for the overview paper about the GenABEL Project (Karssen et al, 2016, DOI:10.12688/f1000research.8733.1). Some data used for the paper was collected manually and is therefore not included in this dataset. The file ""tracker_report-2016-04-16.csv"" is an export of the bug reports from the GenABEL R-forge bug tracker on the date listed in the file name. The file ""Analytics www.genabel.org Locatie Lennart 20150428-20160428.csv"" is a custom export of the Google Analytics data for visits to the GenABEL website (www.genabel.org) in the period marked by the dates listed in the file name. The columns contain the ISO code of the country, city, number of sessions, number of new viewers, bounce percentage, pages per session and average session duration, respectively. The file analysis_GenABELpaper.org contains the source code used for the automated data extraction for this paper in Emacs Org mode literate programming format (http://orgmode.org, Schulte 2012, doi:10.18637/jss.v046.i03)",openalex,llm,0.810,unreviewed,
discarded,The Essentials of Data Science: Knowledge Discovery Using R,Graham J. Williams,2017,,10.1201/9781315151458,https://openalex.org/W2895901009,adjacent-subtopic,"The Essentials of Data Science: Knowledge Discovery Using R presents the concepts of data science through a hands-on approach using free and open source software. It systematically drives an accessible journey through data analysis and machine learning to discover and share knowledge from data.Building on over thirty years’ experience in teaching and practising data science, the author encourages a programming-by-example approach to ensure students and practitioners attune to the practise of data science while building their data skills. Proven frameworks are provided as reusable templates. Real world case studies then provide insight for the data scientist to swiftly adapt the templates to new tasks and datasets. The book begins by introducing data science. It then reviews R’s capabilities for analysing data by writing computer programs. These programs are developed and explained step by step. From analysing and visualising data, the framework moves on to tried and tested machine learning techniques for predictive modelling and knowledge discovery. Literate programming and a consistent style are a focus throughout the book.",openalex,llm,0.740,unreviewed,
kept,Reproducible research: Weaving with Stata,Bill Rising,2009,RePEc: Research Papers in Economics,,https://openalex.org/W2124934911,supports-claim,"Reproducible research is one of many names for the same concept: writing a single report document that contains both the report and the commands needed to produce the results and graphics contained in the report. It is called reproducible research because any interested researcher can then reproduce the entire report from the one document. (Programmers call this same concept “literate programming”.) The utility of reproducible research documents extends far beyond research or programming. They allow rapid updates should there be additional data. They can also be used in teaching for generating differing examples or test questions, because different parameters will generate different examples. In this presentation, I will show you how to use a third-party application to embed Stata code, as well as its output, in either LaTeX or OpenOffice documents. I will also use example documents (including the talk itself) to show how you can update a report, its results, and its graphics by using new data or changing parameters.",openalex,llm,0.980,unreviewed,
