status,title,authors,year,venue,doi,url,tags,abstract,provider,decision_source,llm_confidence,llm_review_outcome,llm_change_direction
discarded,Collaborative Software Visualization for Program Comprehension,Alexander Krause-Glau; Marcel Bader; Wilhelm Hasselbring,2022,2022 Working Conference on Software Visualization (VISSOFT),10.1109/VISSOFT55257.2022.00016,https://ieeexplore.ieee.org/document/9978325/,adjacent-subtopic,"In the context of program comprehension, learning and working in teams, e.g., via pair programming, shared documentation, and discussions, can facilitate the comprehension tasks. So far, team collaboration is a relatively unexplored aspect in software visualizations, in particular approaches which are designed and explored to enable collaborative program comprehension.In this paper, we introduce our collaboratively usable software visualization environment for program comprehension. Related approaches are often limited to single-user modes, therefore neglect the advantages of multi-user collaboration, or allow only the use of a single type of device. Our approach addresses this topic and allows users to collaboratively explore software visualizations in a device-heterogeneous environment. User events, e.g., sharable pop-up information windows, are synchronized between each session participant, regardless of the employed device.To the best of our knowledge, this is one of the first approaches that combines on-screen, virtual reality, and augmented reality modes in a single web-based SV tool for program comprehension. We conducted a user study to collect initial results regarding the perceived usefulness and enjoyment of co-explored software cities In that study, 20 participants collaboratively solved program comprehension tasks while using each mode consecutively. The results indicate that the majority of participants find our approach useful and enjoyable, with AR being the least favored mode. We provide each participant’s video recording, the study’s raw results, Jupyter Notebooks, and all steps to reproduce our evaluation as supplementary package. Furthermore, a live demo of our tool is available online.1 We invite other researchers to extend our open-source software and jointly research this novel approach.Video URL: https://youtu.be/MYAkRMWLVD8",ieee,llm,0.900,unreviewed,
kept,DistilKaggle: A Distilled Dataset of Kaggle Jupyter Notebooks,Mojtaba Mostafavi Ghahfarokhi; Arash Asgari; Mohammad Abolnejadian; Abbas Heydarnoori,2024,2024 IEEE/ACM 21st International Conference on Mining Software Repositories (MSR),,https://ieeexplore.ieee.org/document/10555812/,adjacent-subtopic,"Jupyter notebooks have become indispensable tools for data analysis and processing in various domains. However, despite their widespread use, there is a notable research gap in understanding and analyzing the contents and code metrics of these notebooks. This gap is primarily attributed to the absence of datasets that encompass both Jupyter notebooks and extracted their code metrics. To address this limitation, we introduce DistilKaggle, a unique dataset specifically curated to facilitate research on code metrics in Jupyter notebooks, utilizing the Kaggle repository as a prime source. Through an extensive study, we identify thirty-four code metrics that significantly impact Jupyter notebook code quality. These features such as lines of code cell, mean number of words in markdown cells, performance tier of developer, etc., are crucial for understanding and improving the overall effectiveness of computational notebooks. The DistilKaggle dataset which is derived from a vast collection of notebooks constitutes two distinct datasets: (i) Code Cells and Markdown Cells Dataset which is presen’ workflows as dataframes. It provides a granular view of the content structure within 542,051 Jupyter notebooks, enabling detailed analysis of code and markdown cells; and (ii) The Notebook Code Metrics Dataset focused on the identified code metrics of notebooks. Researchers can leverage this dataset to access Jupyter notebooks with specific code quality characteristics, surpassing the limitations of filters available on the Kaggle website. Furthermore, the reproducibility of the notebooks in our dataset is ensured through the code cells and markdown cells datasets, offering a reliable foundation for researchers to build upon. Given the substantial size of our datasets, it becomes an invaluable resource for the research community, surpassing the capabilities of individual Kaggle users to collect such extensive data. For accessibility and transparency, both the dataset and the code utilized in crafting this dataset are publicly available at https://github.com/ISE-Research/DistilKaggle.CCS CONCEPTS•Software and its engineering → Software libraries and repositories.",ieee,llm,0.760,unreviewed,
kept,Are the Majority of Public Computational Notebooks Pathologically Non-Executable?,Tien Nguyen; Waris Gill; Muhammad Ali Gulzar,2025,2025 IEEE/ACM 22nd International Conference on Mining Software Repositories (MSR),10.1109/MSR66628.2025.00070,https://ieeexplore.ieee.org/document/11025746/,qualifies-claim,"Computational notebooks are the de facto platform for exploratory data science, offering an interactive programming environment where users can create, modify, and execute code cells in any sequence. However, this flexibility often introduces code quality issues, with prior studies showing that approximately $76 \%$ of public notebooks are non-executable, raising significant concerns about reusability. We argue that the traditional notion of executability—requiring a notebook to run fully and without error—is overly rigid, misclassifying many notebooks and overestimating their non-executability. This paper investigates pathological executability issues in public notebooks under varying notions and degrees of executability. Notebooks, by construction, are incrementally and interactively executed, where each cell execution advances logic toward the notebook’s goal. Even partially improving executability can improve code comprehension and offer a pathway for dynamic analyses. With this insight, we first categorize notebooks into potentially restorable and pathological non-executable notebooks and then measure how removing misconfiguration and superficial execution issues in notebooks can improve their executability (i.e., additional cells executed without error). For instance, we use a Large Language Model (LLM) to generate synthetic input data to restore non-executable notebooks with “FileNotFound” errors. In a dataset of 42,546 popular public notebooks, containing 34,659 non-executable notebooks, only $21.3 \%$ are truly pathologically non-executable. For restorable notebooks, LLM-based methods fully restore $5.4 \%$ of previously nonexecutable notebooks. Among the partially restored, it improves the notebooks’ executability by $\mathbf{4 0. 5 \%}$ and $\mathbf{2 8 \%}$ by installing the correct modules and generating synthetic data. These findings challenge prior assumptions, suggesting that notebooks have higher executability than previously reported, many of which offer valuable partial execution, and that their executability should be evaluated within the interactive notebook paradigm rather than through traditional software executability standards.",ieee,llm,0.880,unreviewed,
kept,A Large-Scale Comparison of Python Code in Jupyter Notebooks and Scripts,Konstantin Grotov; Sergey Titov; Vladimir Sotnikov; Yaroslav Golubev; Timofey Bryksin,2022,2022 IEEE/ACM 19th International Conference on Mining Software Repositories (MSR),10.1145/3524842.3528447,https://ieeexplore.ieee.org/document/9796343/,qualifies-claim,"In recent years, Jupyter notebooks have grown in popularity in several domains of software engineering, such as data science, machine learning, and computer science education. Their popularity has to do with their rich features for presenting and visualizing data, however, recent studies show that notebooks also share a lot of drawbacks: high number of code clones, low reproducibility, etc. In this work, we carry out a comparison between Python code written in Jupyter Notebooks and in traditional Python scripts. We compare the code from two perspectives: structural and stylistic. In the first part of the analysis, we report the difference in the number of lines, the usage of functions, as well as various complexity metrics. In the second part, we show the difference in the number of stylistic issues and provide an extensive overview of the 15 most frequent stylistic issues in the studied mediums. Overall, we demonstrate that notebooks are characterized by the lower code complexity, however, their code could be perceived as more entangled than in the scripts. As for the style, notebooks tend to have 1.4 times more stylistic issues, but at the same time, some of them are caused by specific coding practices in notebooks and should be considered as false positives. With this research, we want to pave the way to studying specific problems of notebooks that should be addressed by the development of notebook-specific tools, and provide various insights that can be useful in this regard.",ieee,llm,0.900,unreviewed,
kept,Towards Productizing AI/ML Models: An Industry Perspective from Data Scientists,Filippo Lanubile; Fabio Calefato; Luigi Quaranta; Maddalena Amoruso; Fabio Fumarola; Michele Filannino,2021,2021 IEEE/ACM 1st Workshop on AI Engineering - Software Engineering for AI (WAIN),10.1109/WAIN52551.2021.00027,https://ieeexplore.ieee.org/document/9474371/,qualifies-claim,"The transition from AI/ML models to production-ready AI-based systems is a challenge for both data scientists and software engineers. In this paper, we report the results of a workshop conducted in a consulting company to understand how this transition is perceived by practitioners. Starting from the need for making AI experiments reproducible, the main themes that emerged are related to the use of the Jupyter Notebook as the primary prototyping tool, and the lack of support for software engineering best practices as well as data science specific functionalities.",ieee,llm,0.880,unreviewed,
kept,Bridging the Prototype-Production Gap: A Multi-Agent System for Notebooks Transformation,Hanya Elhashemy; Youssef Lotfy; Yongjian Tang,2025,2025 40th IEEE/ACM International Conference on Automated Software Engineering Workshops (ASEW),10.1109/ASEW67777.2025.00061,https://ieeexplore.ieee.org/document/11334227/,criticism; qualifies-claim,"The increasing adoption of Jupyter notebooks in data science and machine learning workflows has created a gap between exploratory code development and production-ready software systems. While notebooks excel at iterative development and visualization, they often lack proper software engineering principles, making their transition to production environments challenging. This paper presents Codelevate1, a novel multiagent system that automatically transforms Jupyter notebooks into well-structured, maintainable Python code repositories. Our system employs three specialized agents - Architect, Developer, and Structure - working in concert through a shared dependency tree to ensure architectural coherence and code quality. Our experimental results validate Codelevate’s capability to bridge the prototype-to-production gap through autonomous code transformation, yielding quantifiable improvements in code quality metrics while preserving computational semantics.1Source Code: https://github.com/siemens-research/genai-for-sw-architecture.",ieee,llm,0.890,unreviewed,
discarded,Contextualized Data-Wrangling Code Generation in Computational Notebooks,Junjie Huang; Daya Guo; Chenglong Wang; Jiazhen Gu; Shuai Lu; Jeevana Priya Inala; Cong Yan; Jianfeng Gao; Nan Duan; Michael R. Lyu,2024,2024 39th IEEE/ACM International Conference on Automated Software Engineering (ASE),,https://ieeexplore.ieee.org/document/10764918/,adjacent-subtopic,"Data wrangling, the process of preparing raw data for further analysis in computational notebooks, is a crucial yet time-consuming step in data science. Code generation has the potential to automate the data wrangling process to reduce analysts’ overhead by translating user intents into executable code. Precisely generating data wrangling code necessitates a comprehensive consideration of the rich context present in notebooks, including textual context, code context and data context. However, notebooks often interleave multiple non-linear analysis tasks into linear sequence of code blocks, where the contextual dependencies are not clearly reflected. Directly training models with source code blocks fails to fully exploit the contexts for accurate wrangling code generation.To bridge the gap, we aim to construct a high quality datasets with clear and rich contexts to help training models for data wrangling code generation tasks. In this work, we first propose an automated approach, CoCoMine to mine data-wrangling code generation examples with clear multi-modal contextual dependency. It first adopts data flow analysis to identify the code blocks containing data wrangling codes. Then, CoCoMine extracts the contextualized data-wrangling code examples through tracing and replaying notebooks. With CoCoMine, we construct CoCoNote, a dataset containing 58,221 examples for Contextualized Data-wrangling Code generation in Notebooks. To demonstrate the effectiveness of our dataset, we finetune a range of pretrained code models and prompt various large language models on our task. Furthermore, we also propose DataCoder, which encodes data context and code&textual contexts separately to enhance code generation. Experiment results demonstrate the significance of incorporating data context in data-wrangling code generation and the effectiveness of our model. We release code and data at https://github.com/Jun-jie-Huang/CoCoNote.CCS CONCEPTS• Software and its engineering → Automatic programming.",ieee,llm,0.840,unreviewed,
kept,Restoring Execution Environments of Jupyter Notebooks,Jiawei Wang; Li Li; Andreas Zeller,2021,2021 IEEE/ACM 43rd International Conference on Software Engineering (ICSE),10.1109/ICSE43902.2021.00144,https://ieeexplore.ieee.org/document/9402133/,qualifies-claim,"More than ninety percent of published Jupyternotebooks do not state dependencies on external packages. This makes them non-executable and thus hinders reproducibility of scientific results. We present SnifferDog, an approach that1) collects the APIs of Python packages and versions, creating a database of APIs; 2) analyzes notebooks to determine candidates for required packages and versions; and 3) checks which packages are required to make the notebook executable(and ideally, reproduce its stored results). In its evaluation, we show thatSnifferDogprecisely restores execution environments for the largest majority of notebooks, making them immediately executable for end users.",ieee,llm,0.910,unreviewed,
discarded,Computational Notebooks in a Finite Element Analysis Course: Engineering Students' Reflections on the Value and Challenges of Computational Approaches,Camilo Vieira; David Restrepo; Jose L. De La Hoz,2023,2023 IEEE Frontiers in Education Conference (FIE),10.1109/FIE58773.2023.10342890,https://ieeexplore.ieee.org/document/10342890/,adjacent-subtopic,"This work-in-progress paper introduces an innovative approach that uses computational notebooks to teach Finite Element Analysis (FEA) in a Mechanical Engineering undergraduate course to aid the understanding of complex phenomena in Mechanics of Materials, and enhance students' computational thinking skills. Research indicates that students, irrespective of their educational level, face difficulties in grasping fundamental concepts in mechanics of materials. These challenges arise from the inherent complexity of concepts like stress, strain, torsion, and buckling, which are difficult to observe, hindering comprehension. Therefore, this work aims to leverage the synergy between mechanics of materials and computational principles to actively engage students in advanced topics such as structural strength, failure of structures, and sensitivity analysis, through the use of computational notebooks. To evaluate the effectiveness of this approach, we first asked students to analyze truss structures using hand calculations following the discrete stiffness method within a Finite Element Analysis framework. Subsequently, we implemented the same method as a simulation tool in a MATLAB Computational Notebook. Finally, we asked the students to reflect on: (1) the value of using computational methods to approach Finite Element Analysis when compared to hand calculations; (2) the difficulties they faced when implementing the activities in the MATLAB Computational Notebook; (3) the support they required to successfully complete these activities; and (4) the effectiveness of the simulation tool in understanding the effect of forces and stress distributions in structures. We anticipate that computational notebooks will provide an ideal platform for sharing lessons and tutorials, enhancing student engagement, and promoting active learning. Students have access to the complete source code, allowing them to develop computational skills. Early exposure to coding, modeling, and simulation techniques is crucial in preparing students for the computational demands of modern engineering workplaces.",ieee,llm,0.820,unreviewed,
discarded,Towards Automatic Translation of Machine Learning Visual Insights to Analytical Assertions,Arumoy Shome; Luìs Cruz; Arie Van Deursen,2024,2024 IEEE/ACM International Workshop on Natural Language-Based Software Engineering (NLBSE),,https://ieeexplore.ieee.org/document/10647145/,adjacent-subtopic,"We present our vision for developing an automated tool capable of translating visual properties observed in Machine Learning (ML) visualisations into Python assertions. The tool aims to streamline the process of manually verifying these visualisations in the ML development cycle, which is critical as real-world data and assumptions often change post-deployment. In a prior study, we mined 54, 070 Jupyter notebooks from Github and created a catalogue of 269 semantically related visualisation-assertion (VA) pairs. Building on this catalogue, we propose to build a taxonomy that organises the VA pairs based on ML verification tasks. The input feature space comprises of a rich source of information mined from the Jupyter notebooks-visualisations, Python source code, and associated markdown text. The effectiveness of various AI models, including traditional NLP4Code models and modern Large Language Models, will be compared using established machine translation metrics and evaluated through a qualitative study with human participants. The paper also plans to address the challenge of extending the existing VA pair dataset with additional pairs from Kaggle and to compare the tool’s effectiveness with commercial generative AI models like ChatGPT. This research not only contributes to the field of ML system validation but also explores novel ways to leverage AI for automating and enhancing software engineering practices in ML.",ieee,llm,0.800,unreviewed,
discarded,Unveiling Data Preprocessing Patterns in Computational Notebooks,Valentina Golendukhina; Michael Felderer,2024,2024 50th Euromicro Conference on Software Engineering and Advanced Applications (SEAA),10.1109/SEAA64295.2024.00025,https://ieeexplore.ieee.org/document/10803332/,adjacent-subtopic,"Data preprocessing, which includes data integration, cleaning, and transformation, is often a time and effort-intensive step due to its fundamental importance. This crucial phase is integral for ensuring the quality and suitability of data for sub-sequent stages, such as feature engineering and model training in Machine Learning-enabled and data-driven systems. This paper provides an extensive overview of data preprocessing functions in Python and examines their application and prevalence in computational notebooks by analyzing 149,048 computational notebooks collected from Kaggle. Despite the crucial role played by data preprocessing in model performance, our results expose a significant lack of emphasis on data preprocessing activities in the examined notebooks. Notably, users holding the highest rankings tend to skip data preprocessing steps and focus on model-related activities. Although other users exhibit more frequent incorporation of data preprocessing methods, the overall prevalence remains relatively limited. We discovered that data preparation practices such as missing values are present in 20 % to 60 % of the notebooks depending on the competition, whereas outliers handling is only present in less than 20% of the analyzed scripts. The most frequently and consistently applied practices are the data transformation methods.",ieee,llm,0.810,unreviewed,
