status,title,authors,year,venue,doi,url,tags,abstract,provider,decision_source,llm_confidence,llm_review_outcome,llm_change_direction
discarded,"Demographically oriented facial attribute recognition for skincare and grooming: dataset, benchmark, and privacy-aware reporting pipeline","Mishra, Shreyansh; Rana, Himal; Yadav, Ankit; Bhut, Chirag; Hazra, Tanmoy",2026,VISUAL COMPUTER,10.1007/s00371-026-04613-9,https://www.webofscience.com/wos/woscc/full-record/WOS:001823502500001,off-topic-false-hit,"Facial attribute recognition plays a crucial role in applications ranging from human-computer interaction to personalized digital health. However, the effectiveness of existing systems is often limited by demographic bias in training data and the absence of domain-specific annotations, particularly for nuanced tasks such as skincare and grooming analysis. Large-scale datasets like CelebA are predominantly Western-centric and lack critical attributes including Oily Skin, Wrinkles, and grooming-related characteristics. To address these limitations, we introduce the Indian Skincare and Grooming Dataset (ISGD), a manually curated dataset comprising 30,141 facial images from the Indian subcontinent, annotated across 33 fine-grained binary attributes specifically designed for skincare and grooming analysis. Building upon ISGD, we propose AKRTI , a privacy-conscious inference pipeline that decouples visual processing from report generation. The system employs a ConvNeXt-Tiny backbone for multi-label facial attribute prediction. Importantly, only the predicted binary attribute vector-never the raw facial image-is passed to a large language model (LLM) to generate a personalized, human-readable skincare and grooming report, thereby limiting exposure of raw biometric data to the report-generation stage. We position ISGD as the primary contribution of this work-a demographically oriented benchmark for fine-grained facial attribute recognition-and AKRTI as one privacy-conscious downstream application that demonstrates the dataset's utility. Experimental results demonstrate that models trained on ISGD significantly outperform those trained on a size-matched subset of CelebA, achieving 94.26% overall accuracy and an F1-score of 0.8851. Furthermore, per-attribute evaluation indicates more consistent and reliable predictions for skincare-critical features such as beard presence, skin condition, and wrinkles. By introducing a demographically oriented dataset alongside a privacy-aware reporting framework, this work establishes a foundation for equitable and practical AI-driven facial analysis systems in personalized wellness applications. AKRTI is presented as a wellness-oriented exploratory tool and is not intended for clinical or diagnostic use. To facilitate reproducible research, we publicly release the dataset, annotation guidelines, training and evaluation scripts, model checkpoints, and the AKRTI inference prompt. Source code is available at our GitHub repository: . The work is archived at Zenodo (DOI: ).",wos,llm,0.970,unreviewed,
discarded,PyGMT: Bridging Python and the Generic Mapping Tools for Geospatial Visualization and Analysis,"Tian, Dongdong; Froehlich, Yvonne; Leong, Wei Ji; Grund, Michael; Schlitzer, William; Jones, Max; Uieda, Leonardo; Luis, Joaquim Manuel Freire",2026,GEOCHEMISTRY GEOPHYSICS GEOSYSTEMS,10.1029/2026GC013105,https://www.webofscience.com/wos/woscc/full-record/WOS:001820712800001,adjacent-subtopic,"PyGMT is a free and open-source Python library that provides a high-level interface to the Generic Mapping Tools (GMT), a widely used command-line toolset for geospatial data processing, analysis, and visualization in the Earth, ocean, and planetary sciences. By bridging GMT with the Python ecosystem, PyGMT enables users to access GMT's powerful visualization and analysis capabilities directly within Python-based workflows, making them more accessible to a broader audience. PyGMT supports diverse data sources, including local and remote files, as well as familiar data structures such as numpy.ndarray, pandas.DataFrame, and xarray.DataArray objects, allowing users to process data efficiently and create a wide variety of publication-quality figures. Compared to GMT, PyGMT provides a Pythonic interface with intuitive parameters and arguments, lowering the barrier to entry for both new and experienced users, and extends GMT's functionality by integrating seamlessly with the broader scientific Python ecosystem. The project is actively maintained as a community-driven effort under the BSD 3-Clause License, with source code and issue tracking hosted on GitHub and user support provided through a Discourse forum. It emphasizes reliability, usability, and sustainability while fostering an open and welcoming community that encourages contributions of all kinds. Plain Language Summary PyGMT is a free, open-source Python library that simplifies the creation of high-quality maps and visualizations for various data types, including Cartesian and geographic data, time series, and geospatial data sets. It provides a user-friendly interface to the Generic Mapping Tools (GMT), a widely used toolset in the Earth, ocean, and planetary sciences. While GMT is powerful, its command-line interface can be challenging to learn, read, and interpret. PyGMT connects Python with GMT by allowing users to access GMT's functionality directly in Python and enhancing them with the broader Python ecosystem. With PyGMT, users can work with familiar Python data structures and generate high-quality figures efficiently. Maintained by a global community, PyGMT is available under a permissive open-source license. Anyone is welcome to contribute code, report issues, or improve documentation. The project follows modern software development practices, aiming to build a reliable and sustainable tool while maintaining an open and welcoming community.",wos,llm,0.820,unreviewed,
kept,CarboKitten.jl - an open source toolkit for carbonate stratigraphic modeling,"Hidding, Johan; Jarochowska, Emilia; Hohmann, Niklas; Liu, Xianyi; Burgess, Peter; Spreeuw, Hanno",2026,GEOSCIENTIFIC MODEL DEVELOPMENT,10.5194/gmd-19-6207-2026,https://www.webofscience.com/wos/woscc/full-record/WOS:001817147200001,supports-claim,"Stratigraphic forward modeling is a powerful tool for testing hypotheses about the geological record and conducting numerical experiments in stratigraphy at timescales not accessible to direct human observation. Open Source software for stratigraphic modeling available so far has previously focused on siliciclastic or terrestrial depositional environments. CarboKitten is a stratigraphic forward modeling toolkit for carbonate platforms. With performance and accessibility in mind, CarboKitten is implemented in Julia, using the literate programming approach.CarboKitten integrates three components: the carbonate production model of , the cellular automaton for spatial heterogeneity introduced by , and a novel finite difference transport model inspired by . The model simulates carbonate production through multiple biological factories (typically euphotic, oligophotic and aphotic), accounts for ecological processes that create spatial facies patterns through cellular automaton rules, and implements sediment transport via an active layer approach where material moves along paths of steepest descent.Key features include support for different boundary conditions, variable sea level and insolation inputs, wave-induced transport capabilities, and visualization tools aiming at beautiful plots. The software exports data in the interoperable HDF5 format and includes functions for creating stratigraphic cross-sections, chronostratigraphic (Wheeler) diagrams, topographic maps, and sediment accumulation curves. Performance benchmarks demonstrate linear scaling with grid size and time steps, enabling efficient execution on consumer hardware.CarboKitten addresses a gap in available carbonate modeling tools by providing an accessible, well-documented, and modifiable toolkit for hypothesis testing in carbonate stratigraphy. The model operates on timescales from centuries to millions of years and can simulate various scenarios including orbital forcing, sea level change, and biological succession patterns. CarboKitten's accessibility should encourage broader adoption of stratigraphic forward modeling in carbonate research and education, supporting hypothesis-driven approaches to understanding the structure of the geological record and reconstructing the history of the Earth from carbonate strata.",wos,llm,0.980,unreviewed,
discarded,Federated Urban Flow: A Model-Centric Benchmark for Reproducible Evaluation of Deep Learning in Federated Traffic Forecasting,"Silva, Matteus V. S.; Astudillo, Carlos A.; Bittencourt, Luiz F.",2025,"2025 3RD INTERNATIONAL CONFERENCE ON FEDERATED LEARNING TECHNOLOGIES AND APPLICATIONS, FLTA",10.1109/FLTA67013.2025.11336506,https://www.webofscience.com/wos/woscc/full-record/WOS:001794808500066,adjacent-subtopic,"Urban traffic forecasting is a fundamental component of Smart Cities, yet centralized Machine Learning (ML) approaches present notable challenges regarding data privacy and communication overhead. Federated Learning (FL) offers a privacy-preserving alternative to run distributed learning at the edge, but a methodological gap exists: the lack of a standardized software benchmark to systematically evaluate and compare the performance of different deep learning architectures (e.g., RNNs vs. Transformers), impeding reproducible and trustworthy research. This paper introduces Federated Urban Flow, a modular, open-source software benchmark designed specifically to probe this ""model-to-application"" axis. We demonstrate the benchmark's utility through a comprehensive case study involving 21 experimental scenarios. We evaluate on the public METRLA dataset using two aggregation rules (FedAvg, FedProx). The case study reveals that (1) contextual features are key for accuracy improvement, reducing prediction error by over 70%; (2) the Transformer architecture excels in challenging longhorizon forecasts; and (3) there are clear diminishing returns in scaling clients and communication rounds. The benchmark provides a useful tool for the community to advance research in decentralized, edge-based AI for Smart Cities.",wos,llm,0.850,unreviewed,
discarded,"MF-toolkit: A high-performance python library for multifractal analysis with automated crossover detection, source identification and application to gravitational waves data","Mendez, N.; Mariani, M.; Beccar-Varela, M.; Tweneboah, O.; Jaroszewicz, S.",2026,COMPUTER PHYSICS COMMUNICATIONS,10.1016/j.cpc.2026.110277,https://www.webofscience.com/wos/woscc/full-record/WOS:001810564700001,adjacent-subtopic,"Multifractal Detrended Fluctuation Analysis (MFDFA) is a powerful and widely used technique for characterizing the scaling properties and long-range correlations of complex time series. However, its application often involves significant practical challenges, such as the subjective identification of scaling regions (crossovers) and the disambiguation of the physical origins of multifractality. We introduce MF-toolkit, a high-performance, parallelized Python library designed to address these challenges. It integrates three key innovations: (1) fully automatic crossover detection algorithms (CDV-A and SPIC), which remove operator bias and enhance reproducibility; (2) a built-in implementation of the Iterative Amplitude Adjusted Fourier Transform (IAAFT) for generating surrogate data, enabling the robust identification of the source of multifractality; and (3) a comprehensive suite for generating synthetic time series for rigorous validation. We demonstrate the rigor and utility of MF-toolkit through its application to characterize the multifractal properties of non-stationary noise in gravitational wave (LIGO) data. The MF-toolkit library offers a robust, efficient, and user-friendly tool for advanced time series analysis, facilitating more rigorous and reproducible research across physics and other data-intensive fields. PROGRAM SUMMARY/NEW VERSION PROGRAM SUMMARY Program Title: MF-toolkit CPC Library link to program files: https://doi.org/10.17632/zwx686b23t.1 Developer's repository link: (if available) https://github.com/NahueMendez/mf-toolkit Licensing provisions: MIT Programming language: Python Supplementary material: https://app.readthedocs.org/projects/mf-toolkit/ Journal reference of previous version:* Does the new version supersede the previous version?:* Reasons for the new version:* Summary of revisions:* Nature of problem(approx. 50-250 words): Applying multifractal detrended fluctuation analysis to a time series is a widely used process in complex system physics but the time computing and the resources needed strongly depends on the number of samples of the input signal. The method in its multifractal extension require to calculate the fluctuation function for every scale size s and every moment q. This issue escalates when it is needed to analyze a group of time series to asses statistically its multifractals parameters. Solution method(approx. 50-250 words): We address the bottleneck of MFDFA by computing the fluctuation functions using CPU-based plane parallelization and Numba's just-in-time compilation taking advantage of the independency of the calculations. This drastically reduces time computing, and it can be used for processing large datasets. Additional comments including restrictions and unusual features (approx. 50-250 words):",wos,llm,0.830,unreviewed,
discarded,A four-decade global Lagrangian air-parcel trajectory dataset for atmospheric moisture and heat analysis,"Deman, Victoria M. H.; Insua-Costa, Damian; Keune, Jessica; Koppa, Akash; Miralles, Diego G.",2026,EARTH SYSTEM SCIENCE DATA,10.5194/essd-18-4593-2026,https://www.webofscience.com/wos/woscc/full-record/WOS:001811257700001,adjacent-subtopic,"Studying the pathways of atmospheric moisture and heat is crucial for understanding global water and energy cycles, and their response to climate change. Here, we present a new global dataset of atmospheric parcel trajectories generated with the FLEXible PARTicle dispersion model (FLEXPART v11) and forced by ERA5 reanalysis. The dataset spans 1979-2024 and provides a consistent and physically grounded record for studying Lagrangian moisture and heat transport. The dataset includes 20 million global, domain-filling air-parcel trajectories together with their (thermo)dynamic properties, enabling detailed investigation of long-range atmospheric transport processes. By providing the complete trajectory archive openly, the dataset enables quantitative analyses of moisture and heat pathways without the need to perform computationally expensive Lagrangian simulations. While the trajectory dataset itself can be used with any moisture and heat tracking attribution methodology, here it is explored using the new version of the Heat And MoiSture Tracking framEwoRk (HAMSTER v2). The dataset's usability is demonstrated by (i) global analyses of moisture source-sink patterns and recycling over multiple decades, (ii) global attribution of diabatic temperature increments to upwind surface sensible heat fluxes for a representative year (2021), and (iii) two local-scale case studies which showcase how the dataset and associated tools can be applied to hydrological and temperature extremes across a range of spatial and temporal scales. Overall, this resource lowers computational barriers and supports reproducible research across the atmospheric science community. The dataset is available at 10.5281/zenodo.17952362 .",wos,llm,0.800,unreviewed,
kept,Literate Exploratory Programming for Asynchronous Collaboration,"Thiede, Christoph; Beckmann, Tom; Taeumel, Marcel; Hirschfeld, Robert",2026,"COMPANION PROCEEDINGS OF THE 10TH INTERNATIONAL CONFERENCE ON THE ART, SCIENCE, AND ENGINEERING OF PROGRAMMING, PROGRAMMING COMPANION 2026",10.1145/3801119.3801129,https://www.webofscience.com/wos/woscc/full-record/WOS:001792767200009,adjacent-subtopic,"A programmer can effectively explore systems by pursuing different approaches, conducting many experiments, and interacting with artifacts of the (runtime) environment. However, multiple programmers working together on the same exploration goal face challenges when communicating asynchronously, as they have to reproduce and explain relevant experiments and artifacts from their exploration to share them with coworkers. We propose literate exploratory programming as a novel workflow that combines exploration and explanation activities and reduces communication overheads through a tracking mechanism for extracting artifacts from the exploratory session. Inspired by traditional literate programming, in which implementation and contextualization are tightly interwoven, our approach introduces exploratory journals: a programmer can share artifacts such as code, runtime objects, and active debugging sessions together with prose, and another programmer can later resume the exploration from there. We demonstrate the feasibility of our approach by implementing a prototype in Squeak/Smalltalk and applying it for a design discussion in an open-source community. Our work indicates that tool support can foster effective collaboration in asynchronous exploratory programming contexts.",wos,llm,0.900,unreviewed,
discarded,Emerging artificial intelligence advances in oncology: latest updates from the 2026 AACR annual meeting,"Li, Yan-Ruide; Shao, Zhengyao; Nan, Haochen",2026,JOURNAL OF HEMATOLOGY & ONCOLOGY,10.1186/s13045-026-01823-5,https://www.webofscience.com/wos/woscc/full-record/WOS:001811738400001,off-topic-false-hit,"Advances presented at the 2026 American Association for Cancer Research (AACR) Annual Meeting highlight a shift from standalone artificial intelligence (AI) models to integrated, agentic systems across oncology. Platforms such as Synapse enable large-scale data coordination, supporting interoperable and reproducible research. Building on this foundation, conversational and multi-agent AI tools (e.g., DrBioRight, GP CoPilot, Isabl AI Agent) allow natural language interaction with multimodal cancer data, lowering technical barriers. Agentic frameworks for real-world data (RWD) transformation, including clinical document abstraction, cohort extraction, and social determinants of health (SDOH) analysis, demonstrate high accuracy and scalability, while self-critical systems improve reliability. Clinically, AI shows growing impact through validated imaging biomarkers, enhanced trial matching, and scalable cohort identification. In parallel, multi-agent systems are accelerating therapeutic discovery, including CAR-T development and immunotherapy target identification. Collectively, these advances position AI as an active, collaborative partner in cancer research and precision oncology.",wos,llm,0.960,unreviewed,
discarded,Classifying and visualizing medication use in the ABCD study,"Lopez, Daniel A.; Overholtzer, L. Nate; Rhee, Kyung E.; Buchbinder, Natalie; Ruiz-Orozco, Gloria E.; Steinhilber, Sam; Tognoli, Mia; Flores, Arturo Lopez; Nagel, Bonnie J.",2026,SCIENTIFIC REPORTS,10.1038/s41598-026-50046-8,https://www.webofscience.com/wos/woscc/full-record/WOS:001811561500006,adjacent-subtopic,"Medication use during adolescence provides important insight into current health and treatment patterns. However, these data are often difficult to analyze due to the complexity of medication labeling and classification. We present a reproducible framework that standardizes medication categorization in the Adolescent Brain Cognitive Development Study (ABCD Study), improving analytic consistency and enabling more reliable findings across the research community. Parent-reported data on youth prescription and over-the-counter medication use from baseline through Year 6 of the ABCD Study were reviewed and harmonized. Medications were categorized using a combination of the Anatomical Therapeutic Chemical (ATC) Classification System, artificial intelligence-assisted methods, and expert clinical input. A case study illustrated the utility of this tool by examining longitudinal associations between antidepressant use and youth-reported internalizing symptoms on the Brief Problem Monitor (BPM-Y). More than 6,300 unique medication entries were consolidated into 95 clinically meaningful categories, each coded across three recall periods (past 24 h, past 2 weeks, past year). The most common unique medication labels were for cold/flu/allergy (553) and acne treatments (355). In the case study, adolescents taking antidepressants showed a significantly greater reduction in BPM-Y internalizing scores over time compared to nonusers. This study introduces a standardized and reproducible classification of prescription and over-the-counter medication use in the ABCD Study. The resulting framework-accompanied by an interactive dashboard and publicly available code-facilitates new opportunities for researchers to examine how medication exposure relates to adolescent brain, neurocognitive behavior, and developmental outcomes.",wos,llm,0.820,unreviewed,
