status,title,authors,year,venue,doi,url,tags,abstract,provider,decision_source,llm_confidence,llm_review_outcome,llm_change_direction
discarded,GEO uploader: simplifying the data deposition in the GEO repository,"Domi, Ronald; Noe, Falko; Leary, Peter; Rehrauer, Hubert",2026,BMC BIOINFORMATICS,10.1186/s12859-026-06466-4,https://www.webofscience.com/wos/woscc/full-record/WOS:001806727800001,adjacent-subtopic,"BackgroundThe Gene Expression Omnibus (GEO) (Clough and Barrett in: methods in molecular biology, Clifton, 2016) repository requires complex multistep submissions involving metadata preparation, FTP uploads, and MD5 validation. Current manual processes are error-prone, time-consuming, and require significant bioinformatics expertise, creating barriers for many researchers.ResultsWe present GEO Uploader, a web-based tool that automates the entire GEO submission workflow through an intuitive interface. The application reduces the submission initiation time from 2-3 h to under 20 s by automating file uploads, MD5 calculations, and metadata template population. Key features include parallel processing of uploads and checksum calculations, automated error prevention through template-based metadata completion, real-time progress tracking, and support for complex submission structures. Deployment across 30 + users with 50 + upload sessions, including datasets exceeding hundreds of gigabytes, demonstrates practical utility and reliability in research environments.ConclusionGEO Uploader significantly reduces the technical barrier for GEO submissions while minimizing errors through comprehensive automation. The tool supports data sharing by enabling researchers without specialized bioinformatics expertise to complete submissions independently. Available as open-source software with multiuser deployment capabilities, GEO Uploader represents a substantial improvement in research data sharing accessibility and supports broader adoption of open science practices in the genomics community.",wos,llm,0.810,unreviewed,
kept,yProv4DV: Filling the visualization gap in reproducible research workflows,"Padovani, G.; Fiore, S.",2026,SOFTWAREX,10.1016/j.softx.2026.102821,https://www.webofscience.com/wos/woscc/full-record/WOS:001806455600001,supports-claim,"While results visualization is a critical phase in the communication of new academic results, plots are frequently shared without the complete combination of code, input data, execution context and outputs required to in dependently reproduce the resulting figures. Existing reproducibility solutions tend to focus on computational pipelines or workflow management systems, not covering script-based visualization practices commonly used by researchers and practitioners. Additionally, the minimalist nature of current Python data visualization libraries tends to speed up the creation of images, disincentivizing users from spending time integrating additional tools into these short scripts. This paper proposes yProv4DV, a lightweight library designed to enable reproducible data visualization scripts through the use of provenance information, minimizing the necessity for code modi fications. Through a single call, users can track inputs, outputs and source code files, enabling saving and full reproducibility of their data visualization software. As a result, this library fills a gap in reproducible research workflows by addressing the reproducibility of plots in scientific publications.",wos,llm,0.900,unreviewed,
discarded,The Open Syndrome Definition as a Machine-Readable Standard for Public Health: Design and Implementation Study,"Ferreira, Ana Paula Gomes; Anzel, Aleksandar; Marcilio, Izabel; Hughes, Helen; Elliot, J.; Kong, Jude Dzevela; Schranz, Madlen; Ullrich, Alexander; Hattab, Georges",2026,JOURNAL OF MEDICAL INTERNET RESEARCH,10.2196/86249,https://www.webofscience.com/wos/woscc/full-record/WOS:001802656900002,adjacent-subtopic,"Background: Case definitions are essential for effectively communicating public health threats. However, the absence of a standardized, machine-readable format poses significant challenges to interoperability, epidemiological research, data sharing, and the application of computational methods, including artificial intelligence. These barriers complicate collaboration across regions and organizations and hinder technological progress in public health. Objective: This study aims to propose and release the first open, machine-readable format for representing case and syndrome definitions, together with tools and resources that enable their standardized and scalable use. Methods: We developed the Open Syndrome Definition, a structured, machine-readable schema for representing case and syndrome definitions. We compiled official public health case definitions from multiple institutions and converted them into standardized, machine-readable representations using open-source tools. These tools, available through GitHub under the Massachusetts Institute of Technology license, automate the translation of narrative definitions into structured data. We also created a platform for browsing, analyzing, and contributing new definitions on our initiative website. Results: The Open Syndrome Definition format enabled consistent, automated representation of case definitions across different diseases and jurisdictions. The conversion tools achieved high semantic fidelity, as assessed by qualitative expert review, between narrative and structured representations, supporting human verification and automated analysis. The dataset and accompanying tools demonstrated structural and semantic interoperability by standardizing definitions from various health systems into a unified format and integrating existing medical ontologies through JSON for Linked Data. To further illustrate practical applicability and downstream usage, we introduced a data filtering prototype that allows users to upload their own datasets and verify the results against the standardized definitions. Conclusions: The Open Syndrome Definition establishes a foundation for consistent and machine-readable public health definitions, facilitating reproducible research and interoperability at scale. By enabling systematic data exchange and artificial intelligence-driven analysis, it strengthens public health preparedness and supports more rapid, coordinated responses to emerging health threats.",wos,llm,0.800,unreviewed,
discarded,"STANDARDIZED FRAMEWORKS FOR MYOELECTRIC RESEARCH: SENIAM AND ISEK GUIDELINES, APPLICATIONS, AND ETHICAL PERSPECTIVES","Garikayi, Talon; Obeagu, Emmanuel; Rushambwa, Munyaradzi Charles",2026,GENETICS AND MOLECULAR RESEARCH,,https://www.webofscience.com/wos/woscc/full-record/WOS:001794316200001,adjacent-subtopic,"Surface electromyography (sEMG) serves as a versatile tool for assessing muscle activity, relying on standardized acquisition and analysis protocols to reduce variability caused by equipment differences, electrode positioning, and signal processing methods. This work examines the contributions of SENIAM and ISEK standards in establishing consistent methodologies for electrode placement, signal acquisition, and reporting, highlighting their complementary roles in enhancing data comparability and transparency. The historical evolution of electromyography standards is reviewed, emphasizing the transition from heterogeneous local practices to internationally recognized frameworks that support reproducible research and computational modeling. Principles distinguishing surface and fine-wire EMG techniques are discussed, including their operational characteristics, advantages, and limitations in capturing neuromuscular signals. Applications in clinical rehabilitation and prosthetics are explored, demonstrating how adherence to these standards improves diagnostic accuracy, therapeutic monitoring, and control of assistive devices. Ethical considerations related to participant consent, data privacy, and methodological rigor are addressed, underscoring the importance of transparent documentation and responsible data stewardship. Overall, integrating standardized acquisition protocols with comprehensive reporting facilitates reliable neuromuscular analysis across diverse research and clinical settings, supporting advancements in rehabilitation robotics and human-computer interfaces.",wos,llm,0.780,unreviewed,
kept,SemanticSeg4EO: An open-source unified framework and QGIS plugin for semantic segmentation in Earth Observation,"Le Guillou, Adrien",2026,SOFTWAREX,10.1016/j.softx.2026.102741,https://www.webofscience.com/wos/woscc/full-record/WOS:001781901400001,adjacent-subtopic,"Semantic segmentation of satellite and aerial imagery is a fundamental task in Earth Observation (EO). However, exploiting these data with state-of-the-art deep learning methods remains out of reach for most Geographic Information Systems (GIS) practitioners due to programming barriers and infrastructure complexities. While tools such as Deepness, GeoAI, and QLearn have begun to bridge this gap, they either lack a full training pipeline or suffer from dependency conflicts when loading deep learning libraries directly into the QGIS environment. This paper presents SemanticSeg4EO, a unified, fully open-source framework that bridges this gap. It provides both a Python command-line toolbox for reproducible research workflows and a QGIS plugin that makes deep learning accessible via a graphical interface. A key technical contribution is the environment isolation strategy: the plu gin delegates all computation to an external Python environment via subprocess calls, preserving QGIS stability while providing full access to GPU-accelerated deep learning. The framework supports an end-to-end pipeline from georeferenced patch extraction to large-scale prediction with Gaussian blending. With support for over 20 architectures and 15 loss functions, SemanticSeg4EO ensures transparency and reproducibility in environmental monitoring.",wos,llm,0.840,unreviewed,
kept,TrainTracks - federated learning for reproducible research on sensitive medical data,"Elwes, Mayra; Jaberansary, Mehrshad; Tang, Fu-Sung Kim-Benjamin; Aswendt, Markus; Beyan, Oya; Kutafina, Ekaterina",2026,BMC MEDICAL INFORMATICS AND DECISION MAKING,10.1186/s12911-026-03553-7,https://www.webofscience.com/wos/woscc/full-record/WOS:001773289800001,adjacent-subtopic,"Background Reproducibility of computational algorithms is a challenging but crucial requirement for medical research and an important component of trustworthy training and application of AI algorithms. Federated Learning (FL) is commonly used to enable privacy-preserving AI in medical research. One prerequisite of reproducibility is traceability. A majority of publications on traceable FL platforms leverage blockchain technology to achieve traceable FL. In healthcare settings, resource-efficient alternatives to blockchains are possible; however, their traceability features require separate design considerations. Methods To meet the growing demand for reproducible AI, as outlined in guidelines published by governing bodies such as the European Commission, we propose a novel concept TrainTracks. TrainTracks extends the established Personal Health Train (PHT) Platform for Analytics and Distributed Machine Learning for Enterprises (PADME) to support reproducible and traceable federated learning in medical research. PADME already partially supports tracing the FL and changes to the analysis algorithms used in the FL projects. We extend PADME by adding privacy-preserving change tracing of the data, metadata, and computational experiment execution through integrating it with the tools specialized in distributed data management (DataLad and MetaLad). Finally, we evaluate the proposed concept against the detailed list of requirements to analyze the advantages of the TrainTracks and the need for further design improvements. Results Evaluation of the TrainTracks concepts' compliance with a checklist for reproducible AI showed that TrainTracks improves the original PADME platform in 15 points out of 47 points applicable to FL. The greatest improvement was in data reproducibility, improving 10 of 12 points from no support to full support for automatic information extraction. No improvements were made to method reproducibility, aside from introducing a dedicated reproducibility repository. Experiment reproducibility saw upgrades in 5 of 30 applicable points, mainly through workflow and code traceability. Conclusions Our concept of combining FL technology with a data versioning tool provides a structured, automated workflow that traces the FL algorithm itself, delivered algorithms, and the used data. TrainTracks demonstrated high compliance with recommendations for reproducible AI experiments, methods, and data. Our work emphasizes the importance of complete FL process traceability, as all considered aspects individually contribute to the reproducibility of the medical research. Tracking dataset versions in FL is crucial for dynamic application areas, such as medical research, where new data, e.g. electronic health records, are continuously recorded and added.",wos,llm,0.860,unreviewed,
discarded,mailcom: Pseudonymization tool for textual data,"Tuyen, Le Kim; Laura, Gartner; Felix, Fleischle; Thore, Scholler; Sybille, Grosse; Inga, Ulusoy",2026,SOFTWAREX,10.1016/j.softx.2026.102703,https://www.webofscience.com/wos/woscc/full-record/WOS:001764904300001,adjacent-subtopic,"The rapid growth of data and its use has heightened concerns about data privacy. To support research on data that contains sensitive attributes, we developed the mailcom package for pseudonymization. mailcom is built entirely on open-source libraries and is designed for configurability and extensibility. Several languages are supported by default, with the option to add additional languages. Since pseudonymized outputs still require human review to guarantee full anonymization, the package serves as a scalable pre-processing layer that reduces manual work while establishing a principled baseline of privacy protection, enabling reproducible research on digital text under current data-ethics and governance standards.",wos,llm,0.790,unreviewed,
discarded,Revealing the True Indicators: Understanding and Improving IoC Extraction From Threat Reports,"Froudakis, Evangelos; Avgetidis, Athanasios; Frankum, Sean Tyler; Perdisci, Roberto; Antonakakis, Manos; Keromytis, Angelos D.",2025,"2025 IEEE ANNUAL COMPUTER SECURITY APPLICATIONS CONFERENCE, ACSAC",10.1109/ACSAC67867.2025.00052,https://www.webofscience.com/wos/woscc/full-record/WOS:001743777200036,off-topic-false-hit,"Indicators of Compromise (IoCs) are critical for threat detection and response, marking malicious activity across networks and systems. Yet, the effectiveness of automated IoC extraction systems is fundamentally limited by one key issue: the lack of high-quality ground truth. Current extraction tools rely either on manually extracted ground truth, which is labor-intensive and costly, or on automated ground truth creation methods that include non-malicious artifacts, leading to inflated false positive (FP) rates and unreliable threat intelligence. In this work, we analyze the shortcomings of existing ground truth creation strategies and address them by introducing the first hybrid human-in-the-loop pipeline for IoC extraction, which combines a large language model-based classifier (LANCE) with expert analyst validation. Our system improves precision through explainable, context-aware labeling and reduces analysts' work factor by 43% compared to manual annotation, as demonstrated in our evaluation with six analysts. Using this approach, we produce PRISM, a high-quality, publicly available benchmark of 1,791 labeled IoCs from 50 real-world threat reports. PRISM supports both fair evaluation and training of IoC extraction methods and enables reproducible research grounded in expert-validated indicators.",wos,llm,0.950,unreviewed,
discarded,"A Dataset Capturing Decision Processes, Tool Interactions and Provenance Links in Autonomous AI Agents","Hmimou, Yasser; Tabaa, Mohamed; Khiat, Azeddine; Hidila, Zineb",2026,DATA,10.3390/data11040066,https://www.webofscience.com/wos/woscc/full-record/WOS:001751777500001,off-topic-false-hit,"Agent-based systems built on large language models (LLMs) increasingly rely on complex internal reasoning processes, tool interactions, and memory mechanisms. However, the internal decision-making dynamics of such agents remain difficult to observe, analyze, and compare in a systematic manner. To address this limitation, we present AgentSec, a curated dataset of structured agent interaction traces designed to support the analysis of agent-level reasoning and action behaviors. The dataset consists of 30 deterministic and non-redundant scenario instances, each capturing a complete agent interaction session under a fixed and validated schema. Quantitatively, the 30 released sessions comprise 67 decision nodes and 45 tool calls (73.3% successful), with provenance graphs exhibiting an average depth of 4.53 (max 7) and a maximum branching factor of 3. Scenarios are organized according to a predefined taxonomy of agent behavioral patterns, including tool success and failure modes, fallback strategies, memory conflicts and overwrites, decision rollbacks, and provenance branching structures. Each scenario encodes a distinct analytical case rather than a parametric variation, enabling focused and interpretable study of agent decision-making processes. AgentSec provides detailed records of decision traces, tool calls, memory updates, and provenance relations, and is intended to facilitate reproducible research on agent behavior analysis, auditing, and evaluation. The dataset is released alongside its schema, scenario manifest, and validation tooling to support reuse and extension by the research community. Rather than serving as a large-scale performance benchmark, AgentSec is explicitly designed as a diagnostic and unit-test suite for auditing agent-level reasoning logic and provenance consistency under controlled structural conditions.",wos,llm,0.990,unreviewed,
discarded,Time Series Response Analyser v2.0: A Web-Based Tool for Transparent Summary Statistics From Discrete Time-Series Data,"Narang, Benjamin J.; Atkinson, Greg; Gonzalez, Javier T.; Betts, James A.",2026,INTERNATIONAL JOURNAL OF SPORT NUTRITION AND EXERCISE METABOLISM,10.1123/ijsnem.2026-0065,https://www.webofscience.com/wos/woscc/full-record/WOS:001752523200001,adjacent-subtopic,"Discrete time-series measurements collected at predefined timepoints are widely used in sport nutrition and exercise metabolism research, including tolerance tests, tracer studies, and physiological responses to experimental interventions. These data sets are commonly summarized using derived metrics such as area under the curve. The original Time Series Response Analyser, introduced in 2020 as a spreadsheet-based tool, aimed to standardize these calculations and reduced the risk of manual errors. However, spreadsheet implementations can be difficult to maintain, extend, and version control, and provide limited transparency regarding exactly how outputs are derived. Here, we present Time Series Response Analyser v2.0, a web-based successor designed to improve accessibility, usability, and long-term maintainability while preserving the analytical purpose of the original tool. The application runs in a standard web browser and guides users through a structured workflow consisting of data setup, file interpretation screening, interactive analysis, and export of results. It retains the core summary metrics of the original version while expanding visualization capabilities and export options. In summary, Time Series Response Analyser v2.0 is a free, opensource web-based application for researchers analyzing discrete time-series experiments across both repeated-measures and independent-groups designs, supporting transparent and reproducible analytical workflows while enabling future development through a code-based platform.",wos,llm,0.870,unreviewed,
discarded,Slicito: Using Computational Notebooks for Program Comprehension,Robert Husák; Jan Kofroň; Filip Zavoral,2023,2023 IEEE/ACM 31st International Conference on Program Comprehension (ICPC),10.1109/ICPC58990.2023.00019,https://ieeexplore.ieee.org/document/10174103/,adjacent-subtopic,"Although integrated development environments provide developers with code structure analysis tools, program comprehension tasks still require significant manual effort. A promising direction to solve this problem is Moldable Development, a way of programming which encourages developers to build custom program visualization tools during software development process. To foster this practice within the .NET development community, we provide a tool called SLICITO, capable of analyzing and visualizing a C# program structure in a highly configurable way. Since SLICITO is implemented as an extension to computational notebooks, it takes advantage of their interactivity and visualization principles used for data analysis, and applies them in the field of program comprehension. In contrast to similar tools for C#, SLICITO is more flexible and provides more detailed information in code inspection. Its usage is shown in a video located at https://www.slicito.com/icpc video.mp4.",ieee,llm,0.830,unreviewed,
