status,title,authors,year,venue,doi,url,tags,abstract,provider,decision_source,llm_confidence,llm_review_outcome,llm_change_direction
discarded,piqtree: a python package for seamless phylogenetic inference with IQ-TREE,"Mcarthur, Robert Neil; Wong, Thomas King-Fung; Lang, Yapeng; Morris, Richard Andrew; Caley, Katherine; Mallawaarachchi, Vijini; Minh, Bui Quang; Huttley, Gavin",2026,MOLECULAR BIOLOGY AND EVOLUTION,10.1093/molbev/msag061,https://www.webofscience.com/wos/woscc/full-record/WOS:001719543300001,adjacent-subtopic,"piqtree (pronounced pie-cue-tree) is an easy to use, open-source Python package that provides Python script based control of IQ-TREE's phylogenetic inference engine. piqtree builds IQ-TREE as a Python package, presenting a library of Python functions for performing many of IQ-TREE's capabilities including phylogenetic reconstruction, ultrafast bootstrapping, branch length optimization, model selection, rapid neighbor-joining, alignment simulation, and more. As piqtree explicitly uses IQ-TREE's phylogenetic algorithms, the computational and statistical performance of piqtree equal that of IQ-TREE. Modestly higher memory usage may be expected owing to the Python runtime and the need to load the alignment in Python. By exposing IQ-TREE's algorithms within Python, piqtree offers users a greatly simplified experience in development of phylogenetic workflows through seamless interoperability with other Python libraries and tools mediated by the cogent3 package. It enables users to perform interactive phylogenetic analyses and visualization using, for instance, Jupyter notebooks. We present the key features available in the piqtree library and a small case study that showcases its interoperability and highlight its potential for linking a high performance phylogenetic inference engine with more user friendly interfaces. piqtree is distributed for use as a standard Python package at https://pypi.org/project/piqtree/, documentation is available at https://piqtree.readthedocs.io, user contributed solutions at https://github.com/cogent3/c3codeshare, help forums at https://github.com/iqtree/piqtree/discussions, and source code at https://github.com/iqtree/piqtree.",wos,llm,0.950,unreviewed,
discarded,Feature-Based Versioning for ML-Enabled Product Lines,"Preuner, Matthias; Gruenbacher, Paul; de Paula Filho, Pedro Luiz; Egyed, Alexander",2026,"SOFTWARE ENGINEERING AND ADVANCED APPLICATIONS, SEAA 2025, PT I",10.1007/978-3-032-04190-6_1,https://www.webofscience.com/wos/woscc/full-record/WOS:001677311700001,adjacent-subtopic,"Components based on Machine Learning (ML) are important for many product lines in the industry today, strongly impacting engineering processes. In particular, engineers need to manage the variability of ML-enabled features in product lines, while at the same time dealing with their continuous evolution, integration, and deployment. MLOps approaches improve the maturity of processes and tools for engineering ML-enabled systems, however, they lack support for feature-based version control, which is essential for product lines. This paper presents an approach providing feature-based versioning for ML-enabled product lines based on the Variation Control System (VarCS) ECCO. Specifically, we present use cases and requirements based on a common MLOps process. We extend ECCO to support Python code and Jupyter Notebooks, two widely used types of artifacts in this domain. We evaluate our approach regarding correctness and performance: the evaluation confirms the extensional correctness of our approach and shows acceptable quality of the intensional checkouts for valid product configurations. Furthermore, the performance is adequate for the investigated use cases.",wos,llm,0.930,unreviewed,
discarded,"Data Science Education for Residents, Researchers, and Students in Psychiatry and Psychology: Program Development and Evaluation Study","Donnelly, Hayoung K.; Mandell, David; Hwang, Sy; Schriver, Emily; Vurgun, Ugurcan; Neill, Graydon; Patel, Esha; Reilly, Megan E.; Steinberg, Michael; Calloway, Amber; Gallop, Robert; Oquendo, Maria A.; Brown, Gregory K.; Mowery, Danielle L.",2026,JMIR MEDICAL EDUCATION,10.2196/75125,https://www.webofscience.com/wos/woscc/full-record/WOS:001700391400001,adjacent-subtopic,"Background: The use of artificial intelligence (AI) to analyze health care data has become common in behavioral health sciences. However, the lack of training opportunities for mental health professionals limits clinicians' ability to adopt AI in clinical settings. AI education is essential for trainees, equipping them with the literacy needed to implement AI tools in practice, collaborate effectively with data scientists, and develop skills as interdisciplinary researchers with computing skills. Objective: As part of the Penn Innovation in Suicide Prevention Implementation Research Center, we developed, implemented, and evaluated a virtual workshop to educate psychiatry and psychology trainees on using AI for suicide prevention research. Methods: The workshop introduced trainees to natural language processing (NLP) concepts and Python coding skills using Jupyter notebooks within a secure Microsoft Azure Databricks cloud computing and analytics environment. We designed a 3-hour workshop that covered 4 key NLP topics: data characterization, data standardization, concept extraction, and statistical analysis. To demonstrate real-world applications, we processed chief complaints from electronic health records to compare the prevalence of suicide-related encounters across populations by race, ethnicity, and age. Training materials were developed based on standard NLP techniques and domain-specific tasks, such as preprocessing psychiatry-related acronyms. Two researchers drafted and demonstrated the code, incorporating feedback from the Methods Core of the Innovation in Suicide Prevention Implementation Research to refine the materials. To evaluate the effectiveness of the workshop, we used the Kirkpatrick program evaluation model, focusing on participants' reactions (level 1) and learning outcomes (level 2). Confidence changes in knowledge and skills before and after the workshop were assessed using paired t tests, and open-ended questions were included to gather feedback for future improvements. Results: A total of 10 trainees participated in the workshop virtually, including residents, postdoctoral researchers, and graduate students from the psychiatry and psychology departments. The participants found the workshop helpful (mean 3.17 on a scale of 1-4, SD 0.41). Their overall confidence in NLP knowledge significantly increased (P=.002) from 1.35 (SD 0.47) to 2.79 (SD 0.46). Confidence in coding abilities also improved significantly (P=.01), increasing from 1.33 (SD 0.60) to 2.25 (SD 0.42). Open-ended feedback suggested incorporating thematic analysis and exploring additional datasets for future workshops. Conclusions: This study illustrates the effectiveness of a tailored data science workshop for trainees in psychiatry and psychology, focusing on applying NLP techniques for suicide prevention research. The workshop significantly enhanced participants' confidence in conducting data science research. Future workshops will cover additional topics of interest, such as working with large language models, thematic analysis, diverse datasets, and multifaceted outcomes. This includes examining how participants' learning impacts their practice and research, as well as assessing knowledge and skills beyond self-reported confidence through methods such as case studies for deeper insights. JMIR Med Educ 2026;12:e75125; doi: 10.2196/75125",wos,llm,0.940,unreviewed,
discarded,Investigating Seamless Transitions Between Immersive Computational Notebooks and Embodied Data Interactions,"In, Sungwon; Krokos, Eric; Whitley, Kirsten; North, Chris; Yang, Yalong",2025,"31ST ACM SYMPOSIUM ON VIRTUAL REALITY SOFTWARE AND TECHNOLOGY, VRST 2025",10.1145/3756884.3765984,https://www.webofscience.com/wos/woscc/full-record/WOS:001658948100057,adjacent-subtopic,"A growing interest in Immersive Analytics (IA) has led to the extension of computational notebooks (e.g., Jupyter Notebook) into an immersive environment to enhance analytical workflows. However, existing solutions rely on the WIMP (windows, icons, menus, pointer) metaphor, which remains impractical for complex data exploration. Although embodied interaction offers a more intuitive alternative, immersive computational notebooks and embodied data exploration systems are implemented as standalone tools. This separation requires analysts to invest considerable effort to transition from one environment to an entirely different one during analytical workflows. To address this, we introduce ICoN, a prototype that facilitates a seamless transition between computational notebooks and embodied data explorations within a unified, fully immersive environment. Our findings reveal that unification improves transition efficiency and intuitiveness during analytical workflows, highlighting its potential for seamless data analysis.",wos,llm,0.930,unreviewed,
kept,Introducing Pyra: A High-Level Linter for Data Science Software,"Dolcetti, Greta; Arceri, Vincenzo; Mensi, Antonella; Zaffanella, Enea; Urban, Caterina; Cortesi, Agostino",2026,"MACHINE LEARNING AND KNOWLEDGE DISCOVERY IN DATABASES. APPLIED DATA SCIENCE TRACK AND DEMO TRACK, ECML PKDD 2025, PT X",10.1007/978-3-032-06129-4_29,https://www.webofscience.com/wos/woscc/full-record/WOS:001661492700029,adjacent-subtopic; criticism; qualifies-claim,"We present Pyra, a static analysis tool that aims at detecting code smells in data science workflows. Our goal is to capture potential issues, focusing on misleading visualizations, challenges for reproducibility, as well as misleading, unreliable or unexpected results.

Link to the demo: https://www.youtube.com/watch?v=D- Asyuhs Tyo

GitHub repository: https://github.com/spangea/Pyra.",wos,llm,0.660,unreviewed,
kept,Characterising Bugs in Jupyter Platform,"Tang, Yutian; Cao, Hongchen; Chen, Yuxi; Lo, David",2025,"PROCEEDINGS OF THE 29TH INTERNATIONAL CONFERENCE ON EVALUATION AND ASSESSMENT IN SOFTWARE ENGINEERING, EASE 2025",10.1145/3756681.3756932,https://www.webofscience.com/wos/woscc/full-record/WOS:001668832700013,supports-claim,"As a representative literate programming platform, Jupyter is widely adopted by developers, data analysts, and researchers for replication, data sharing, documentation, interactive data visualization, and more. Understanding the bugs in the Jupyter platform is essential for ensuring its correctness, security, and robustness. Previous studies focused on code reuse, restoration, and repair execution environment for Jupyter notebooks. However, the bugs in Jupyter notebooks' hosting platform Jupyter are not investigated. In this paper, we investigate 387 bugs in the Jupyter platform. These Jupyter bugs are classified into 11 root causes and 11 bug symptoms. We identify 14 major findings for developers. More importantly, our study opens new directions in building tools for detecting and fixing bugs in the Jupyter platform.",wos,llm,0.970,unreviewed,
discarded,Uchimata: a toolkit for visualization of 3D genome structures on the web and in computational notebooks,"Kouril, David; Manz, Trevor; Clarence, Tereza; Gehlenborg, Nils",2026,BIOINFORMATICS,10.1093/bioinformatics/btag035,https://www.webofscience.com/wos/woscc/full-record/WOS:001689365300001,adjacent-subtopic,"Uchimata is a toolkit for visualization of 3D structures of genomes. It consists of two packages: a Javascript library facilitating the rendering of 3D models of genomes, and a Python widget for visualization in Jupyter Notebooks. Main features include an expressive way to specify visual encodings, and filtering of 3D genome structures based on genomic semantics and spatial aspects. Uchimata is designed to be highly integratable with biological tooling available in Python.Availability and implementation Uchimata is released under the MIT License. The Javascript library is available on NPM, while the widget is available as a Python package hosted on PyPI. The source code for both is available publicly on Github (https://github.com/hms-dbmi/uchimata and https://github.com/hms-dbmi/uchimata-py) and Zenodo (https://doi.org/10.5281/zenodo.17831959 and https://doi.org/10.5281/zenodo.17832045). The documentation with examples is hosted at https://hms-dbmi.github.io/uchimata/.",wos,llm,0.950,unreviewed,
kept,VisIVO interactive high performance visualization,"Sciacca, E.; Tuccari, N.; Arshad, U.; Pitari, F.; Muscianisi, G.; Carbone, C.; Vitello, F.; Montalto, B.",2026,ASTRONOMY AND COMPUTING,10.1016/j.ascom.2026.101069,https://www.webofscience.com/wos/woscc/full-record/WOS:001686668500001,adjacent-subtopic; established; supports-claim,"The exponential growth of data in Astrophysics and Cosmology demands scalable computational infrastructures coupled with interactive and reproducible visualization tools. This paper presents the integration of the VisIVO scientific visualization framework within the InterActive Computing (IAC) service at Cineca, providing realtime, GPU-accelerated visualization directly on HPC resources through a browser-based Jupyter interface. By developing dedicated Python wrappers and a custom Jupyter kernel, VisIVO can now be executed seamlessly within interactive notebooks, eliminating traditional command-line complexities and enabling immediate visualization on HPC compute nodes. Additionally, the incorporation of RESTful APIs based on the Flask framework enables the remote execution of VisIVO operations through lightweight web services, further abstracting backend complexity and enhancing interoperability with external applications. The framework improves user accessibility, fosters reproducibility, and supports high-throughput data exploration across largescale astrophysical simulations. The system has been validated through representative use cases, including visual analysis of cosmological simulations produced with the GADGET code, demonstrating its scalability, robustness, and capacity to support interactive scientific discovery on HPC infrastructures.",wos,llm,0.750,unreviewed,
discarded,SEAL: Spatially-resolved Embedding Analysis with Linked Imaging Data,"Warchol, Simon; Guo, Grace; Knitte, Johannes; Freeman, Dan; Shalla, Usha; Muhlich, Jeremy L.; Sorger, Peter K.; Pfister, Hanspeter",2026,IEEE TRANSACTIONS ON VISUALIZATION AND COMPUTER GRAPHICS,10.1109/TVCG.2025.3634794,https://www.webofscience.com/wos/woscc/full-record/WOS:001682690600003,adjacent-subtopic,"Dimensionality reduction techniques help analysts make sense of complex, high-dimensional spatial datasets, such as multiplexed tissue imaging, satellite imagery, and astronomical observations, by projecting data attributes into a two-dimensional space. However, these techniques typically abstract away crucial spatial, positional, and morphological contexts, complicating interpretation and limiting insights. To address these limitations, we present SEAL, an interactive visual analytics system designed to bridge the gap between abstract 2D embeddings and their rich spatial imaging context. SEAL introduces a novel hybrid-embedding visualization that preserves image and morphological information while integrating critical high-dimensional feature data. By adapting set visualization methods, SEAL allows analysts to identify, visualize, and compare selections-defined manually or algorithmically-in both the embedding and original spatial views, facilitating a deeper understanding of the spatial arrangement and morphological characteristics of entities of interest. To elucidate differences between selected sets of items, SEAL employs a scalable surrogate model to calculate feature importance scores, identifying the most influential features governing the position of objects within embeddings. These importance scores are visually summarized across selections, with mathematical set operations enabling detailed comparative analyses. We demonstrate SEAL's effectiveness and versatility through three case studies: colorectal cancer tissue analysis with a pharmacologist, melanoma investigation with a cell biologist, and exploration of sky survey data with an astronomer. These studies underscore the importance of integrating image context into embedding spaces when interpreting complex imaging datasets. Implemented as a standalone tool while also integrating seamlessly with computational notebooks, SEAL provides an interactive platform for spatially informed exploration of high-dimensional datasets, significantly enhancing interpretability and insight generation.",wos,llm,0.960,unreviewed,
kept,FlowBook: Enforcing Reproducibility in Computational Notebooks.,Stephen N. Freund; Emery D. Berger; Cormac Flanagan; Eunice Jun,2026,CoRR,10.48550/ARXIV.2605.01560,https://dblp.org/rec/journals/corr/abs-2605-01560,adjacent-subtopic; criticism; supports-claim,"Computational notebooks are notoriously prone to reproducibility failures. By permitting out-of-order cell execution, notebooks accumulate hidden state and implicit dependencies that cause interactive executions to silently diverge from clean top-to-bottom runs. Prior approaches either employ dependency analyses or enforce reactive dataflow models that face fundamental tradeoffs among expressiveness, precision, and performance. This paper exploits the insight that reproducibility can be enforced without precise dependency tracking: a notebook is reproducible if and only if executing its cells in top-to-bottom order from an empty store produces exactly the outputs currently recorded. We formalize this notion of reproducibility and present FlowBook, which implements a dynamic analysis that enforces reproducibility by tracking read and write sets at cell boundaries. FlowBook detects stale cells whose recorded outputs may no longer reflect the current notebook state and prevents operations that would violate reproducibility. FlowBook incurs near-imperceptible latency overhead (median: 70 ms).",dblp,llm,0.880,unreviewed,
kept,Similarity-Based Assessment of Computational Reproducibility in Jupyter Notebooks.,A. S. M. Shahadat Hossain; Colin Brown; David Koop; Tanu Malik,2025,ACM REP,10.1145/3736731.3746159,https://dblp.org/rec/conf/acmrep/HossainBKM25,adjacent-subtopic; criticism; supports-claim,"Computational reproducibility refers to obtaining consistent results when rerunning an experiment. Jupyter Notebook, a web-based computational notebook application, facilitates the execution, publication, and sharing of computational experiments along with their results. However, rerunning a Jupyter Notebook may not always produce identical results due to factors such as randomness, changes in library versions, or variations in the computational environment. This paper introduces the Similarity-based Reproducibility Index (SRI) – a metric for assessing the reproducibility of results in Jupyter Notebooks. SRI employs novel methods based on similarity metrics specific to different types of Python objects to compare rerun outputs against original outputs. For each cell that produces an output in a rerun notebook, SRI reports a quantitative score in the range [0, 1], along with qualitative insights to support reproducibility assessment. The paper also presents an evaluation in which the proposed metric is applied to a set of 100 Jupyter Notebooks, demonstrating how various similarity metrics can be leveraged to quantify computational reproducibility.",dblp,llm,0.870,unreviewed,
kept,Computational reproducibility of Jupyter notebooks from biomedical publications.,Sheeba Samuel; Daniel Mietchen,2023,CoRR,10.48550/ARXIV.2308.07333,https://dblp.org/rec/journals/corr/abs-2308-07333,adjacent-subtopic; criticism; established; supports-claim,"Jupyter notebooks facilitate the bundling of executable code with its documentation and output in one interactive environment, and they represent a popular mechanism to document and share computational workflows. The reproducibility of computational aspects of research is a key component of scientific reproducibility but has not yet been assessed at scale for Jupyter notebooks associated with biomedical publications. We address computational reproducibility at two levels: First, using fully automated workflows, we analyzed the computational reproducibility of Jupyter notebooks related to publications indexed in PubMed Central. We identified such notebooks by mining the articles full text, locating them on GitHub and re-running them in an environment as close to the original as possible. We documented reproduction success and exceptions and explored relationships between notebook reproducibility and variables related to the notebooks or publications. Second, this study represents a reproducibility attempt in and of itself, using essentially the same methodology twice on PubMed Central over two years. Out of 27271 notebooks from 2660 GitHub repositories associated with 3467 articles, 22578 notebooks were written in Python, including 15817 that had their dependencies declared in standard requirement files and that we attempted to re-run automatically. For 10388 of these, all declared dependencies could be installed successfully, and we re-ran them to assess reproducibility. Of these, 1203 notebooks ran through without any errors, including 879 that produced results identical to those reported in the original notebook and 324 for which our results differed from the originally reported ones. Running the other notebooks resulted in exceptions. We zoom in on common problems, highlight trends and discuss potential improvements to Jupyter-related workflows associated with biomedical publications.",dblp,llm,0.910,unreviewed,
