status,title,authors,year,venue,doi,url,tags,abstract,provider,decision_source,llm_confidence,llm_review_outcome,llm_change_direction
kept,Computational reproducibility of Jupyter notebooks from biomedical publications.,Sheeba Samuel; Daniel Mietchen,2022,CoRR,10.48550/ARXIV.2209.04308,https://dblp.org/rec/journals/corr/abs-2209-04308,adjacent-subtopic; criticism; established; supports-claim,"Jupyter notebooks allow to bundle executable code with its documentation and output in one interactive environment, and they represent a popular mechanism to document and share computational workflows, including for research publications. Here, we analyze the computational reproducibility of 9625 Jupyter notebooks from 1117 GitHub repositories associated with 1419 publications indexed in the biomedical literature repository PubMed Central. 8160 of these were written in Python, including 4169 that had their dependencies declared in standard requirement files and that we attempted to re-run automatically. For 2684 of these, all declared dependencies could be installed successfully, and we re-ran them to assess reproducibility. Of these, 396 notebooks ran through without any errors, including 245 that produced results identical to those reported in the original. Running the other notebooks resulted in exceptions. We zoom in on common problems and practices, highlight trends and discuss potential improvements to Jupyter-related workflows associated with biomedical publications.",dblp,llm,0.920,unreviewed,
kept,"A simple kit to use computational notebooks for more openness, reproducibility, and productivity in research.",Ludmilla Figueiredo; Cédric Scherer; Juliano Sarmento Cabral,2022,PLoS Comput. Biol.,10.1371/JOURNAL.PCBI.1010356,https://dblp.org/rec/journals/ploscb/FigueiredoSC22,adjacent-subtopic; established; supports-claim,"The ubiquitous use of computational work for data generation, processing, and modeling increased the importance of digital documentation in improving research quality and impact. Computational notebooks are files that contain descriptive text, as well as code and its outputs, in a single, dynamic, and visually appealing file that is easier to understand by nonspecialists. Traditionally used by data scientists when producing reports and informing decision-making, the use of this tool in research publication is not common, despite its potential to increase research impact and quality. For a single study, the content of such documentation partially overlaps with that of classical lab notebooks and that of the scientific manuscript reporting the study. Therefore, to minimize the amount of work required to manage all the files related to these contents and optimize their production, we present a starter kit to facilitate the implementation of computational notebooks in the research process, including publication. The kit contains the template of a computational notebook integrated into a research project that employs R, Python, or Julia. Using examples of ecological studies, we show how computational notebooks also foster the implementation of principles of Open Science, such as reproducibility and traceability. The kit is designed for beginners, but at the end we present practices that can be gradually implemented to develop a fully digital research workflow. Our hope is that such minimalist yet effective starter kit will encourage researchers to adopt this practice in their workflow, regardless of their computational background.",dblp,llm,0.890,unreviewed,
kept,phyloseq: An R Package for Reproducible Interactive Analysis and Graphics of Microbiome Census Data,Paul J. McMurdie; Susan Holmes,2013,PLoS ONE,10.1371/journal.pone.0061217,https://openalex.org/W2056279562,adjacent-subtopic,"BACKGROUND: the analysis of microbial communities through dna sequencing brings many challenges: the integration of different types of data with methods from ecology, genetics, phylogenetics, multivariate statistics, visualization and testing. With the increased breadth of experimental designs now being pursued, project-specific statistical analyses are often needed, and these analyses are often difficult (or impossible) for peer researchers to independently reproduce. The vast majority of the requisite tools for performing these analyses reproducibly are already implemented in R and its extensions (packages), but with limited support for high throughput microbiome census data. RESULTS: Here we describe a software project, phyloseq, dedicated to the object-oriented representation and analysis of microbiome census data in R. It supports importing data from a variety of common formats, as well as many analysis techniques. These include calibration, filtering, subsetting, agglomeration, multi-table comparisons, diversity analysis, parallelized Fast UniFrac, ordination methods, and production of publication-quality graphics; all in a manner that is easy to document, share, and modify. We show how to apply functions from other R packages to phyloseq-represented data, illustrating the availability of a large number of open source analysis techniques. We discuss the use of phyloseq with tools for reproducible research, a practice common in other fields but still rare in the analysis of highly parallel microbiome census data. We have made available all of the materials necessary to completely reproduce the analysis and figures included in this article, an example of best practices for reproducible research. CONCLUSIONS: The phyloseq project for R is a new open-source software package, freely available on the web from both GitHub and Bioconductor.",openalex,llm,0.830,unreviewed,
discarded,NIH Image to ImageJ: 25 years of image analysis,Caroline A Schneider; Wayne Rasband; Kevin W. Eliceiri,2012,Nature Methods,10.1038/nmeth.2089,https://openalex.org/W2099540110,off-topic-false-hit,"For the past 25 years NIH Image and ImageJ software have been pioneers as open tools for the analysis of scientific images. We discuss the origins, challenges and solutions of these two programs, and how their history can serve to advise and inform other software projects.",openalex,llm,0.970,unreviewed,
discarded,Icy: an open bioimage informatics platform for extended reproducible research,Fabrice de Chaumont; Stéphane Dallongeville; Nicolas Chenouard; Nicolas Hervé; I. Pop; Thomas Provoost; Vannary Meas‐Yedid; Praveen Pankajakshan; Timothée Lecomte; Yoann Le Montagner; Thibault Lagache; Alexandre Dufour; Jean‐Christophe Olivo‐Marín,2012,Nature Methods,10.1038/nmeth.2075,https://openalex.org/W2037947871,adjacent-subtopic,"Current research in biology uses evermore complex computational and imaging tools. Here we describe Icy, a collaborative bioimage informatics platform that combines a community website for contributing and sharing tools and material, and software with a high-end visual programming framework for seamless development of sophisticated imaging workflows. I Icy extends the reproducible research principles, by encouraging and facilitating the reusability, modularity, standardization and management of algorithms and protocols. Icy is free, open-source and available at http://icy.bioimageanalysis.org/.",openalex,llm,0.830,unreviewed,
discarded,An introduction to Docker for reproducible research,Carl Boettiger,2015,ACM SIGOPS Operating Systems Review,10.1145/2723872.2723882,https://openalex.org/W1574680346,adjacent-subtopic,"As computational work becomes more and more integral to many aspects of scientific research, computational reproducibility has become an issue of increasing importance to computer systems researchers and domain scientists alike. Though computational reproducibility seems more straight forward than replicating physical experiments, the complex and rapidly changing nature of computer environments makes being able to reproduce and extend such work a serious challenge. In this paper, I explore common reasons that code developed for one research project cannot be successfully executed or extended by subsequent researchers. I review current approaches to these issues, including virtual machines and workflow systems, and their limitations. I then examine how the popular emerging technology Docker combines several areas from systems research - such as operating system virtualization, cross-platform portability, modular re-usable elements, versioning, and a 'DevOps' philosophy, to address these challenges. I illustrate this with several examples of Docker use with a focus on the R statistical environment.",openalex,llm,0.780,unreviewed,
kept,Jupyter Notebooks – a publishing format for reproducible computational workflows,Thomas Kluyver; Benjamin Ragan-Kelley; P&eacute;rez Fernando; Brian Granger; Matthias Bussonnier; Jonathan Frederic; Kyle Kelley; Jessica B. Hamrick; Jason Grout; Sylvain Corlay; Ivanov Paul; Avila Dami&aacute;n; Safia Abdalla; Carol Willing; Jupyter Development Team,2016,IOS Press eBooks,10.3233/978-1-61499-649-1-87,https://openalex.org/W2472803348,supports-claim,"It is increasingly necessary for researchers in all fields to write computer code, and in order to reproduce research results, it is important that this code is published. We present Jupyter notebooks, a document format for publishing code, results and explanations in a form that is both readable and executable. We discuss various tools and use cases for notebook documents.",openalex,llm,0.970,unreviewed,
kept,SimpleITK Image-Analysis Notebooks: a Collaborative Environment for Education and Reproducible Research,Ziv Yaniv; Bradley Lowekamp; Hans J. Johnson; Richard Beare,2017,Journal of Imaging Informatics in Medicine,10.1007/s10278-017-0037-8,https://openalex.org/W2769556951,supports-claim,"Modern scientific endeavors increasingly require team collaborations to construct and interpret complex computational workflows. This work describes an image-analysis environment that supports the use of computational tools that facilitate reproducible research and support scientists with varying levels of software development skills. The Jupyter notebook web application is the basis of an environment that enables flexible, well-documented, and reproducible workflows via literate programming. Image-analysis software development is made accessible to scientists with varying levels of programming experience via the use of the SimpleITK toolkit, a simplified interface to the Insight Segmentation and Registration Toolkit. Additional features of the development environment include user friendly data sharing using online data repositories and a testing framework that facilitates code maintenance. SimpleITK provides a large number of examples illustrating educational and research-oriented image analysis workflows for free download from GitHub under an Apache 2.0 license: github.com/InsightSoftwareConsortium/SimpleITK-Notebooks .",openalex,llm,0.970,unreviewed,
kept,knitr: A Comprehensive Tool for Reproducible Research in R,Yihui Xie,2018,,10.1201/9781315373461-1,https://openalex.org/W2924537978,supports-claim,"Reproducibility is the ultimate standard by which scientific findings are judged. From the computer science perspective, reproducible research is often related to literate programming [ 13 ], a paradigm conceived by Donald Knuth, and the basic idea is to combine computer code and software 4 documentation in the same document; the code and documentation can be identified by different special markers. We can either compile the code and mix the results with documentation or extract the source code from the document. To some extent, this implies reproducibility because everything is generated automatically from computer code, and the code can reflect all the details about computing.",openalex,llm,0.970,unreviewed,
kept,Accessible Reproducible Research,Jill P. Mesirov,2010,Science,10.1126/science.1179653,https://openalex.org/W2096435507,adjacent-subtopic; established; supports-claim,"As use of computation in research grows, new tools are needed to expand recording, reporting, and reproduction of methods and data.",openalex,llm,0.760,unreviewed,
discarded,ITK: enabling reproducible research and open science,Matthew McCormick; Xiaoxiao Liu; Julien Jomier; Charles Marion; Luis Ibáñez,2014,Frontiers in Neuroinformatics,10.3389/fninf.2014.00013,https://openalex.org/W2063815712,adjacent-subtopic,"Reproducibility verification is essential to the practice of the scientific method. Researchers report their findings, which are strengthened as other independent groups in the scientific community share similar outcomes. In the many scientific fields where software has become a fundamental tool for capturing and analyzing data, this requirement of reproducibility implies that reliable and comprehensive software platforms and tools should be made available to the scientific community. The tools will empower them and the public to verify, through practice, the reproducibility of observations that are reported in the scientific literature. Medical image analysis is one of the fields in which the use of computational resources, both software and hardware, are an essential platform for performing experimental work. In this arena, the introduction of the Insight Toolkit (ITK) in 1999 has transformed the field and facilitates its progress by accelerating the rate at which algorithmic implementations are developed, tested, disseminated and improved. By building on the efficiency and quality of open source methodologies, ITK has provided the medical image community with an effective platform on which to build a daily workflow that incorporates the true scientific practices of reproducibility verification. This article describes the multiple tools, methodologies, and practices that the ITK community has adopted, refined, and followed during the past decade, in order to become one of the research communities with the most modern reproducibility verification infrastructure. For example, 207 contributors have created over 2400 unit tests that provide over 84% code line test coverage. The Insight Journal, an open publication journal associated with the toolkit, has seen over 360,000 publication downloads. The median normalized closeness centrality, a measure of knowledge flow, resulting from the distributed peer code review system was high, 0.46.",openalex,llm,0.750,unreviewed,
kept,Statistical Analyses and Reproducible Research,Robert Gentleman; Duncan Temple Lang,2007,Journal of Computational and Graphical Statistics,10.1198/106186007x178663,https://openalex.org/W2104279568,supports-claim,"It is important, if not essential, to integrate the computations and code used in data analyses, methodological descriptions, simulations, and so on with the documents that describe and rely on them. This integration allows readers to both verify and adapt the claims in the documents. Authors can easily reproduce the results in the future, and they can present the document's contents in a different medium, for example, with interactive controls. This article describes a software framework for both authoring and distributing these integrated, dynamic documents that contain text, code, data, and any auxiliary content needed to recreate the computations. The documents are dynamic in that the contents—including figures, tables, and so on—can be recalculated each time a view of the document is generated. Our model treats a dynamic document as a master or “source” document from which one can generate different views in the form of traditional, derived documents for different audiences.We introduce the concept of a compendium as a container for one or more dynamic documents and the different elements needed when processing them, such as code and data. The compendium serves as a means for distributing, managing, and updating the collection.The step from disseminating analyses via a compendium to reproducible research is a small one. By reproducible research, we mean research papers with accompanying software tools that allow the reader to directly reproduce the results and employ the computational methods that are presented in the research paper. Some of the issues involved in paradigms for the production, distribution, and use of such reproducible research are discussed.",openalex,llm,0.980,unreviewed,
kept,A Multi-Language Computing Environment for Literate Programming and Reproducible Research,Eric Schulte; Dan Davison; Thomas S. Dye; C. Dominik,2012,Journal of Statistical Software,10.18637/jss.v046.i03,https://openalex.org/W1879090356,supports-claim,"We present a new computing environment for authoring mixed natural and computer language documents. In this environment a single hierarchically-organized plain text source file may contain a variety of elements such as code in arbitrary programming languages, raw data, links to external resources, project management data, working notes, and text for publication. Code fragments may be executed in situ with graphical, numerical and textual output captured or linked in the file. Export to LATEX, HTML, LATEX beamer, DocBook and other formats permits working reports, presentations and manuscripts for publication to be generated from the file. In addition, functioning pure code files can be automatically extracted from the file. This environment is implemented as an extension to the Emacs text editor and provides a rich set of features for authoring both prose and code, as well as sophisticated project management capabilities.",openalex,llm,0.990,unreviewed,
