status,title,authors,year,venue,doi,url,tags,abstract,provider,decision_source,llm_confidence,llm_review_outcome,llm_change_direction
kept,Designing and explaining programs with a literate pseudocode,Geoffrey G. Roy,2006,Journal on Educational Resources in Computing,10.1145/1217862.1217863,https://openalex.org/W2140216100,adjacent-subtopic,"Designing and explaining programs are often difficult tasks, especially when novices are involved. It also concerns more experienced programmers when complex algorithms need to be carefully explained and documented as part of software development.Good practice suggests that code and documentation be tightly coupled; but there are only a few support tools specifically targeted at novices that require this as an integral part of the programming process. We propose a new tool design with this objective in mind: P-Coder gives a flexible descriptive view of the program via pseudocode notation within a graphical tree-structured model, from which the complete algorithm can be specified to retain the informal description integrated with the final code. Thus the code meets some of the key requirements for realizing a literate program.",openalex,llm,0.910,unreviewed,
kept,ActinoMation: a literate programming approach for medium-throughput robotic conjugation of Streptomyces spp,Tenna Alexiadis Møller; Thomas Booth; Simon J. Shaw; Vilhelm Krarup Møller; Rasmus John Normand Frandsen; Tilmann Weber,2024,bioRxiv (Cold Spring Harbor Laboratory),10.1101/2024.12.05.622625,https://openalex.org/W4405179115,supports-claim,"Abstract The genus Streptomyces are valuable producers of antibiotics and other pharmaceutically important bioactive compounds. Advances in molecular engineering tools, such as CRISPR, has provided some access to the metabolic potential of Streptomyces , but efficient genetic engineering of strains is hindered by laborious and slow manual transformation protocols. In this paper, we present a semi-automated medium-throughput workflow for the introduction of recombinant DNA into Streptomyces spp. using the affordable and open-sourced Opentrons (OT-2) robotics platform. To increase the accessibility of the workflow we provide an open-source protocol-creator, ActinoMation. ActinoMation is a literate programming environment using Python in Jupyter Notebook. We validated the method by transforming Streptomyces coelicolor (M1152 and M1146), S. albidoflavus (J1047), and S. venezuelae (DSM40230) with the plasmids pSETGUS and pIJ12551. We demonstrate conjugation efficiencies of 3.33*10 −3 for M1152 with pSETGUS and pIJ12551; 2.96*10 −3 for M1146 with pSETGUS and pIJ12551; 1.21*10 −5 for J1047 with pSETGUS and 4.70*10 −4 with pIJ12551, and 4.97*10 −2 for DSM40230 with pSETGUS and 6.13*10 −2 with pIJ12551 with a false positive rate between 8.33% and 54.54%. Automation of the conjugation workflow improves consistency when handling large sample sizes that facilitates easy reproducibility on a larger scale.",openalex,llm,0.970,unreviewed,
kept,Dynamic Display of Changing Posterior in Bayesian Survival Analysis: The Software,Hani Doss; Balasubramanian Narasimhan,1999,Journal of Statistical Software,10.18637/jss.v004.i03,https://openalex.org/W1765597386,supports-claim,"We consider the problem of estimating an unknown distribution function in the presence of censoring under the conditions that a parametric model is believed to hold approximately. We use a Bayesian approach, in which the prior on is a mixture of Dirichlet distributions. A hyperparameter of the prior determines the extent to which this prior concentrates its mass around the parametric family. A Gibbs sampling algorithm to estimate the posterior distributions of the parameters of interest is reviewed. An importance sampling scheme enables us to use the output of the Gibbs sampler to very quickly recalculate the posterior when we change the hyperparameters of the prior. The calculations can be done sufficiently fast to enable the dynamic display of the changing posterior as the prior hyperparameters are varied. This paper provides a literate program completely documenting the code for performing the dynamic graphics.",openalex,llm,0.920,unreviewed,
kept,Towards literate tools for novice programmers,Andy Cockburn; Neville Churcher,1996,,10.1145/299359.299376,https://openalex.org/W2014787389,qualifies-claim,"Literate programming is a powerful technique that helps expert programmers integrate code and documentation in a manner that assists human comprehension. To date, tools for literate programming have had moderately complex syntactic requirements. Consequently, the programmers who stand to gain most from the clarity of the literate technique---novice and learning programmers---have been unable to do so. This paper describes the potential bene#ts of literate programming environments within introductory programming courses. Design criteria for such environments are presented, and prototype systems demonstrating the criteria are described. Evidence of student enthusiasm for graphical user interfaces for literate programming is discussed. 1 Introduction Computer science educators invariably teach the importance of `top-down design', or `step-wise re#nement', within their introductory programming classes. Students are taught to carefully decompose large abstract probl...",openalex,llm,0.970,unreviewed,
kept,Literate programming as a mechanism for improving problem solving skills,Deborah Dunn,1995,,,https://openalex.org/W2558341522,supports-claim,"Software maintenance is becoming an increasingly important factor in determining software costs. Researchers are investigating methodologies for improving program development and documentation which may, in turn, reduce maintenance costs. The result of the design phase of software development affects the quality of the code which is written and implemented. The ability with which a programmer solves a given problem directly affects the quality of the program developed for the solution.
An increasing amount of research is being performed in the area of problem solving and methods by which we teach novice programmers to solve problems. Many of the difficulties experienced by novice programmers are not a result of misunderstanding the language constructs, but a result of problems with forming a solution to the problem. The manner in which a novice programmer solves a problem will directly affect the program that is produced.
Knuth coined the phrase to refer to programs which are meant to be read by humans, as well as executed by a computer. His WEB programming methodology was designed to encourage pseudocode development, stepwise refinement, and documentation of code, including the design rationale, prior to the actual writing of code. The methodology should also produce programs in which the documentation is highly correlated with the code.
This research involved the adaptation of a methodology which can be used to improve the software development process and the evaluation of programs which are developed in introductory computer science courses. The methodology combines literate programming with the concepts of problem solving to capture, document, and emphasize the problem solving process. The production of well-designed, readable, maintainable software for the solution of problems is the goal.
The methodology was tested and the results compared with previous introductory computer science classes. A group of novice programmers with limited programming experience utilized the methodology successfully in the development of problem solutions. The design solutions were then successfully used in the implementation of the accompanying programs. Since the implementation of the methodology was successful for the study, we feel the adaptation of the methodology is viable and should be tested in successive classes.",openalex,llm,0.930,unreviewed,
kept,Open Source Software for Spatial Data Science,Luc Anselin; Sergio J. Rey,2022,Geographical Analysis,10.1111/gean.12339,https://openalex.org/W4283706003,supports-claim,"Much progress has been made in the development of software tools for spatial analysis since the special issue of Geographical Analysis appeared in 2006, devoted to “Recent advances in software for spatial analysis in the social sciences” (Rey and Anselin 2006). The 15 some years since the publication of the issue have been marked by major changes in the spatial analytical software landscape. Arguably, three important and somewhat related phenomena can be distinguished that drove these changes: the embedding of spatial analysis into spatial data science; the growing recognition of open science/open source principles in empirical work; and the increasing adoption of a literate programming perspective.",openalex,llm,0.930,unreviewed,
discarded,Methods for enhancing the reproducibility of biomedical research findings using electronic health records,Spiros Denaxas; Kenan Direk; Arturo González-Izquierdo; Maria Pikoula; Sera Aylin Cakiroglu; Jason H. Moore; Harry Hemingway; Liam Smeeth,2017,BioData Mining,10.1186/s13040-017-0151-7,https://openalex.org/W2755621310,adjacent-subtopic,"BACKGROUND: The ability of external investigators to reproduce published scientific findings is critical for the evaluation and validation of biomedical research by the wider community. However, a substantial proportion of health research using electronic health records (EHR), data collected and generated during clinical care, is potentially not reproducible mainly due to the fact that the implementation details of most data preprocessing, cleaning, phenotyping and analysis approaches are not systematically made available or shared. With the complexity, volume and variety of electronic health record data sources made available for research steadily increasing, it is critical to ensure that scientific findings from EHR data are reproducible and replicable by researchers. Reporting guidelines, such as RECORD and STROBE, have set a solid foundation by recommending a series of items for researchers to include in their research outputs. Researchers however often lack the technical tools and methodological approaches to actuate such recommendations in an efficient and sustainable manner. RESULTS: In this paper, we review and propose a series of methods and tools utilized in adjunct scientific disciplines that can be used to enhance the reproducibility of research using electronic health records and enable researchers to report analytical approaches in a transparent manner. Specifically, we discuss the adoption of scientific software engineering principles and best-practices such as test-driven development, source code revision control systems, literate programming and the standardization and re-use of common data management and analytical approaches. CONCLUSION: The adoption of such approaches will enable scientists to systematically document and share EHR analytical workflows and increase the reproducibility of biomedical research using such complex data sources.",openalex,llm,0.860,unreviewed,
discarded,SIMPLE SMALLTALK TESTING,Kent Beck,2010,Cambridge University Press eBooks,10.1017/cbo9780511574979.033,https://openalex.org/W1490430777,off-topic-false-hit,"This was the column that generated the most interest and email for me, all of it positive. Other than that, there's not much to say, except “Get to work writing tests—yeah, you, the Smalltalk hacker.” Y ou can't argue with inspiration (or deadlines). I started to write the final column in the sequence about using patterns for design, but what came out was this. It describes some work I have been doing with a framework that takes the tedium out of writing tests. I'll get back to the pattern stuff in the next issue. Smalltalk has suffered because it lacks a testing culture. This column describes a simple testing strategy and a framework to support it. The testing strategy and framework are not intended to be complete solutions, but, rather, are intended to be starting points from which industrial strength tools and procedures can be constructed. The article is divided into four sections: Philosophy . Describes the philosophy of writing and running tests embodied by the framework. Read this section for general background. Framework . A literate program version of the testing framework. Read this for in-depth knowledge of how the framework operates. Example . An example of using the testing framework to test part of the methods in Set. Cookbook . A simple cookbook for writing your own tests.",openalex,llm,0.990,unreviewed,
kept,lpEdit: an editor to facilitate reproducible analysis via literate programming,Adam Richards; Andrzej S. Kosinski; Camille Bonneaud; Delphine Legrand; Kouros Owzar,2013,Proceedings of the Python in Science Conferences,10.25080/majora-8b375195-00e,https://openalex.org/W2113930937,supports-claim,"There is evidence to suggest that a surprising proportion of published experiments in science are difficult if not impossible to reproduce. The concepts of data sharing, leaving an audit trail and extensive documentation are fundamental to reproducible research, whether it is in the laboratory or as part of an analysis. In this work, we introduce a tool for documentation that aims to make analyses more reproducible in the general scientific community.",openalex,llm,0.970,unreviewed,
kept,"7 Papers as living documents: using literate programming to produce fully transparent, reproducible research manuscripts",M.J. Parkes,2019,,10.1136/bmjebm-2019-ebmlive.7,https://openalex.org/W2956976792,supports-claim,"Objectives The existing model of academic writing and publishing in medical research has not strayed far from its correspondence-based letter writing origins. Authors frequently complain that this system is out of date and restrictive. Currently, articles lack transparency - it is difficult to fully and concisely explain complex analyses without presenting full code and dataset structure. Analyses are also fixed and limited - should readers wish to test assumptions, conduct additional tests, or amalgamate study data with other datasets, they are limited to that which is published, or to contacting authors for datasets and code (often unsuccessfully). Literate programming is an approach which allows manuscripts to be more transparent, reproducible, and interactive. There are free, open-source tools (e.g. RMarkdown and Pweave) which allow entire research manuscripts to be generated end-to-end in one continuous interwoven block, with live code which runs upon opening the document, which can be compiled into .pdf or HTML. Method This abstract demonstrates how manuscripts can be written using the literate programming model. Using a cleaned, publicly available dataset taken from Vickers’ 2006 paper (Vickers Trials 2006, 7:15), we use the knitr, rmarkdown, and rticles packages in RStudio, to write a fully transparent example trial results paper. This paper is compiled into .pdf format using the PLOS LaTeX template (Public Library of Science 2018; https://journals.plos.org/plosone/s/latex), a commonly used manuscript template which is under Creative Commons licence. Results The resulting . pdf manuscript has a format familiar to readers, yet has increased transparency and interactivity, as the code and dataset are distributed with, and are integrated in, the manuscript. The script can be therefore be downloaded and altered to test assumptions, derive values not presented in the paper (to be used in meta-analyses, for example), and reproduce results. The compiled paper will be available at the author’s GitHub repository: https://github.com/mattyjparkes/EBMLive2019-example-paper Conclusions These ‘living papers’, whereby code, data, and interpretation are all interwoven into one live-compiled document has numerous applications for meta-level analyses, and a significantly greater level of transparency. They circumvent the limitations discussed with the current static publishing model, allowing readers to interact and unpick papers in a way that is currently not possible with manuscripts that are divorced from their datasets and analysis code.",openalex,llm,0.970,unreviewed,
discarded,"AlphaPept, a modern and open framework for MS-based proteomics",Maximilian T. Strauss; Isabell Bludau; Wen‐Feng Zeng; Eugenia Voytik; Constantin Ammar; Julia P. Schessner; Rajesh Ilango; Michelle L. Gill; Florian Meier; Sander Willems; Matthias Mann,2021,bioRxiv (Cold Spring Harbor Laboratory),10.1101/2021.07.23.453379,https://openalex.org/W3183822962,adjacent-subtopic,"ABSTRACT In common with other omics technologies, mass spectrometry (MS)-based proteomics produces ever-increasing amounts of raw data, making their efficient analysis a principal challenge. There is a plethora of different computational tools that process the raw MS data and derive peptide and protein identification and quantification. During the last decade, there has been dramatic progress in computer science and software engineering, including collaboration tools that have transformed research and industry. To leverage these advances, we developed AlphaPept, a Python-based open-source framework for efficient processing of large high-resolution MS data sets. Using Numba for just-in-time machine code compilation on CPU and GPU, we achieve hundred-fold speed improvements while maintaining clear syntax and rapid development speed. AlphaPept uses the Python scientific stack of highly optimized packages, reducing the code base to domain-specific tasks while providing access to the latest advances in machine learning. We provide an easy on-ramp for community validation and contributions through the concept of literate programming, implemented in Jupyter Notebooks of the different modules. A framework for continuous integration, testing, and benchmarking enforces solid software engineering principles. Large datasets can rapidly be processed as shown by the analysis of hundreds of cellular proteomes in minutes per file, many-fold faster than the data acquisiton. The AlphaPept framework can be used to build automated processing pipelines using efficient HDF5 based file formats, web-serving functionality and compatibility with downstream analysis tools. Easy access for end-users is provided by one-click installation of the graphical user interface, for advanced users via a modular Python library, and for developers via a fully open GitHub repository.",openalex,llm,0.950,unreviewed,
kept,Encoding Transparency: Literate Programming and Test Generation for Scientific Function Libraries,Mark D. Flood; Matthew McCormick; Nathan Palmer,2012,Balisage series on markup technologies,10.4242/balisagevol8.flood01,https://openalex.org/W3123745374,supports-claim,"We present a variation on literate programming (see Knuth: 1984, 1992) targeting multiple simultaneous readerships, both human (e.g., coders, testers, analysts, etc.) and compilers/interpreters (e.g., C++, Python, Fortran, etc.). The technique exploits existing commenting syntax available in all common programming languages to provide inline documentation and other semantic markup, which can then be used in test generation and code translation. To keep the problem manageable, we restrict attention to scientific function libraries (i.e., libraries of numerical routines adhering to the functional programming rule of “no side effects”). We offer a prototype implementation in XSLT and DocBook.",openalex,llm,0.960,unreviewed,
kept,Survival Analysis in XLISP-Stat. A semiliterate program,Thomas Lumley,1998,RePEc: Research Papers in Economics,10.18637/jss.v003.i02,https://openalex.org/W1920427878,supports-claim,"This document contains program code and examples of survival analyses in XLISP-Stat, structured using the noweb (Ramsey,'93) literate programming system. It is described as a ""semiliterate"" program because most of the code was already written before it was converted to use noweb.",openalex,llm,0.930,unreviewed,
kept,Literate programming for iterative design-build-test-learn cycles in bioengineering,Søren Dahl Petersen; Lucas Levassor; Christine M. Pedersen; Jan Madsen; Lea G. Hansen; Jie Zhang; Ahmad K. Haidar; Rasmus John Normand Frandsen; Jay D. Keasling; Tilmann Weber; Nikolaus Sonnenschein; Michael K. Jensen,2023,bioRxiv (Cold Spring Harbor Laboratory),10.1101/2023.06.18.545451,https://openalex.org/W4381185711,supports-claim,"Abstract Synthetic biology dictates the data-driven engineering of biocatalysis, cellular functions, and organism behavior. Integral to synthetic biology is the aspiration to efficiently find, access, interoperate, and reuse high-quality data on genotype-phenotype relationships of native and engineered biosystems under FAIR principles, and from this facilitate forward-engineering strategies. However, biology is complex at the regulatory level, and noisy at the operational level, thus necessitating systematic and diligent data handling at all levels of the design, build, and test phases in order to maximize learning in the iterative design-build-test-learn engineering cycle. To enable user-friendly simulation, organization, and guidance for the engineering of complex biosystems, we have developed an open-source python-based computer-aided design and analysis platform operating under a literate programming user-interface hosted on Github. The platform is called teemi and is fully compliant with FAIR principles. In this study we apply teemi for i) designing and simulating bioengineering, ii) integrating and analyzing multivariate datasets, and iii) machine-learning for predictive engineering of a metabolic pathway designs for production of a key precursor to medicinal alkaloids. The teemi platform is publicly available at PyPi and GitHub .",openalex,llm,0.940,unreviewed,
