status,title,authors,year,venue,doi,url,tags,abstract,provider,decision_source,llm_confidence,llm_review_outcome,llm_change_direction
discarded,"Waste Not, Want Not: Why Rarefying Microbiome Data Is Inadmissible",Paul J. McMurdie; Susan Holmes,2014,PLoS Computational Biology,10.1371/journal.pcbi.1003531,https://openalex.org/W2004014148,off-topic-false-hit,"Current practice in the normalization of microbiome count data is inefficient in the statistical sense. For apparently historical reasons, the common approach is either to use simple proportions (which does not address heteroscedasticity) or to use rarefying of counts, even though both of these approaches are inappropriate for detection of differentially abundant species. Well-established statistical theory is available that simultaneously accounts for library size differences and biological variability using an appropriate mixture model. Moreover, specific implementations for DNA sequencing read count data (based on a Negative Binomial model for instance) are already available in RNA-Seq focused R packages such as edgeR and DESeq. Here we summarize the supporting statistical theory and use simulations and empirical data to demonstrate substantial improvements provided by a relevant mixture model framework over simple proportions or rarefying. We show how both proportions and rarefied counts result in a high rate of false positives in tests for species that are differentially abundant across sample classes. Regarding microbiome sample-wise clustering, we also show that the rarefying procedure often discards samples that can be accurately clustered by alternative methods. We further compare different Negative Binomial methods with a recently-described zero-inflated Gaussian mixture, implemented in a package called metagenomeSeq. We find that metagenomeSeq performs well when there is an adequate number of biological replicates, but it nevertheless tends toward a higher false positive rate. Based on these results and well-established statistical theory, we advocate that investigators avoid rarefying altogether. We have provided microbiome-specific extensions to these tools in the R package, phyloseq.",openalex,llm,0.970,unreviewed,
discarded,Reproducible research practices are underused in systematic reviews of biomedical interventions,Matthew J. Page; Douglas G. Altman; Larissa Shamseer; Joanne E. McKenzie; Nadera Ahmadzai; Dianna Wolfe; Fatemeh Yazdi; Ferrán Catalá-López; Andrea C. Tricco; David Moher,2017,Journal of Clinical Epidemiology,10.1016/j.jclinepi.2017.10.017,https://openalex.org/W2766439930,adjacent-subtopic,"OBJECTIVES
To evaluate how often reproducible research practices, which allow others to recreate the findings of studies, given the original data, are used in systematic reviews (SRs) of biomedical research.


STUDY DESIGN AND SETTING
We evaluated a random sample of SRs indexed in MEDLINE during February 2014, which focused on a therapeutic intervention and reported at least one meta-analysis. Data on reproducible research practices in each SR were extracted using a 26-item form by one author, with a 20% random sample extracted in duplicate. We explored whether the use of reproducible research practices was associated with an SR being a Cochrane review, as well as with the reported use of the Preferred Reporting Items for Systematic Reviews and Meta-Analyses statement.


RESULTS
We evaluated 110 SRs of therapeutic interventions, 78 (71%) of which were non-Cochrane SRs. Across the SRs, there were 2,139 meta-analytic effects (including subgroup meta-analytic effects and sensitivity analyses), 1,551 (73%) of which were reported in sufficient detail to recreate them. Systematic reviewers reported the data needed to recreate all meta-analytic effects in 72 (65%) SRs only. This percentage was higher in Cochrane than in non-Cochrane SRs (30/32 [94%] vs. 42/78 [54%]; risk ratio 1.74, 95% confidence interval 1.39-2.18). Systematic reviewers who reported imputing, algebraically manipulating, or obtaining some data from the study author/sponsor infrequently stated which specific data were handled in this way. Only 33 (30%) SRs mentioned access to data sets and statistical code used to perform analyses.


CONCLUSION
Reproducible research practices are underused in SRs of biomedical interventions. Adoption of such practices facilitates identification of errors and allows the SR data to be reanalyzed.",openalex,llm,0.840,unreviewed,
discarded,STUDIES IN ASTRONOMICAL TIME SERIES ANALYSIS. VI. BAYESIAN BLOCK REPRESENTATIONS,Jeffrey D. Scargle; Jay P. Norris; Brad Jackson; James Chiang,2013,The Astrophysical Journal,10.1088/0004-637x/764/2/167,https://openalex.org/W2149620753,off-topic-false-hit,"This paper addresses the problem of detecting and characterizing local variability in time series and other forms of sequential data. The goal is to identify and characterize statistically significant variations, at the same time suppressing the inevitable corrupting observational errors. We present a simple nonparametric modeling technique and an algorithm implementing it—an improved and generalized version of Bayesian Blocks —that finds the optimal segmentation of the data in the observation interval. The structure of the algorithm allows it to be used in either a real-time trigger mode, or a retrospective mode. Maximum likelihood or marginal posterior functions to measure model fitness are presented for events, binned counts, and measurements at arbitrary times with known error distributions. Problems addressed include those connected with data gaps, variable exposure, extension to piecewise linear and piecewise exponential representations, multivariate time series data, analysis of variance, data on the circle, other data modes, and dispersed data. Simulations provide evidence that the detection efficiency for weak signals is close to a theoretical asymptotic limit derived by Arias-Castro et al. In the spirit of Reproducible Research all of the code and data necessary to reproduce all of the figures in this paper are included as supplementary material.",openalex,llm,0.990,unreviewed,
kept,Markdoc: Literate Programming in Stata,E. F. Haghish,2016,The Stata Journal Promoting communications on statistics and Stata,10.1177/1536867x1601600409,https://openalex.org/W2588003672,supports-claim,"Rigorous documentation of the analysis plan, procedure, and computer codes enhances the comprehensibility and transparency of data analysis. Documentation is particularly critical when the codes and data are meant to be publicly shared and examined by the scientific community to evaluate the analysis or adapt the results. The popular approach for documenting computer codes is known as literate programming, which requires preparing a trilingual script file that includes a programming language for running the data analysis, a human language for documentation, and a markup language for typesetting the document. In this article, I introduce markdoc, a software package for interactive literate programming and generating dynamic-analysis documents in Stata. markdoc recognizes Mark-down, L A T E X, and HTML markup languages and can export documents in several formats, such as PDF, Microsoft Office .docx, OpenOffice and LibreOffice .odt, L A T E X, HTML, ePub, and Markdown.",openalex,llm,0.990,unreviewed,
discarded,Invited review: Reproducible research from noisy data: Revisiting key statistical principles for the animal sciences,Nora M. Bello; David G. Renter,2018,Journal of Dairy Science,10.3168/jds.2017-13978,https://openalex.org/W2802526008,adjacent-subtopic,"Reproducible results define the very core of scientific integrity in modern research. Yet, legitimate concerns have been raised about the reproducibility of research findings, with important implications for the advancement of science and for public support. With statistical practice increasingly becoming an essential component of research efforts across the sciences, this review article highlights the compelling role of statistics in ensuring that research findings in the animal sciences are reproducible-in other words, able to withstand close interrogation and independent validation. Statistics set a formal framework and a practical toolbox that, when properly implemented, can recover signal from noisy data. Yet, misconceptions and misuse of statistics are recognized as top contributing factors to the reproducibility crisis. In this article, we revisit foundational statistical concepts relevant to reproducible research in the context of the animal sciences, raise awareness on common statistical misuse undermining it, and outline recommendations for statistical practice. Specifically, we emphasize a keen understanding of the data generation process throughout the research endeavor, from thoughtful experimental design and randomization, through rigorous data analysis and inference, to careful wording in communicating research results to peer scientists and society in general. We provide a detailed discussion of core concepts in experimental design, including data architecture, experimental replication, and subsampling, and elaborate on practical implications for proper elicitation of the scope of reach of research findings. For data analysis, we emphasize proper implementation of mixed models, in terms of both distributional assumptions and specification of fixed and random effects to explicitly recognize multilevel data architecture. This is critical to ensure that experimental error for treatments of interest is properly recognized and inference is correctly calibrated. Inferential misinterpretations associated with use of P-values, both significant and not, are clarified, and problems associated with error inflation due to multiple comparisons and selective reporting are illustrated. Overall, we advocate for a responsible practice of statistics in the animal sciences, with an emphasis on continuing quantitative education and interdisciplinary collaboration between animal scientists and statisticians to maximize reproducibility of research findings.",openalex,llm,0.800,unreviewed,
discarded,Comprehensive literature review and statistical considerations for microarray meta-analysis,George C. Tseng; Debashis Ghosh; Eleanor Feingold,2012,Nucleic Acids Research,10.1093/nar/gkr1265,https://openalex.org/W1998712640,off-topic-false-hit,"With the rapid advances of various high-throughput technologies, generation of '-omics' data is commonplace in almost every biomedical field. Effective data management and analytical approaches are essential to fully decipher the biological knowledge contained in the tremendous amount of experimental data. Meta-analysis, a set of statistical tools for combining multiple studies of a related hypothesis, has become popular in genomic research. Here, we perform a systematic search from PubMed and manual collection to obtain 620 genomic meta-analysis papers, of which 333 microarray meta-analysis papers are summarized as the basis of this paper and the other 249 GWAS meta-analysis papers are discussed in the next companion paper. The review in the present paper focuses on various biological purposes of microarray meta-analysis, databases and software and related statistical procedures. Statistical considerations of such an analysis are further scrutinized and illustrated by a case study. Finally, several open questions are listed and discussed.",openalex,llm,0.970,unreviewed,
discarded,How to Make More Published Research True,John P. A. Ioannidis,2014,PLoS Medicine,10.1371/journal.pmed.1001747,https://openalex.org/W2077181076,adjacent-subtopic,"Currently, many published research findings are false or exaggerated, and an estimated 85% of research resources are wasted.N To make more published research true, practices that have improved credibility and efficiency in specific fields may be transplanted to others which would benefit from them-possibilities include the adoption of large-scale collaborative research; replication culture; registration; sharing; reproducibility practices; better statistical methods; standardization of definitions and analyses; more appropriate (usually more stringent) statistical thresholds; and improvement in study design standards, peer review, reporting and dissemination of research, and training of the scientific workforce. N Selection of interventions to improve research practices requires rigorous examination and experimental testing whenever feasible.N Optimal interventions need to understand and harness the motives of various stakeholders who operate in scientific research and who differ on the extent to which they are interested in promoting publishable, fundable, translatable, or profitable results.N Modifications need to be made in the reward system for science, affecting the exchange rates for currencies (e.g., publications and grants) and purchased academic goods (e.g., promotion and other academic or administrative power) and introducing currencies that are better aligned with translatable and reproducible research.",openalex,llm,0.760,unreviewed,
kept,R Markdown: Integrating A Reproducible Analysis Tool into Introductory Statistics,Benjamin S. Baumer; Mine Çetinkaya-Rundel; Andrew Bray; Linda Loi; Nicholas J. Horton,2014,Technology Innovations in Statistics Education,10.5070/t581020118,https://openalex.org/W2964026766,supports-claim,"Nolan and Temple Lang argue that “the ability to express statistical computations is an es- sential skill.” A key related capacity is the ability to conduct and present data analysis in a way that another person can understand and replicate. The copy-and-paste workflow that is an artifact of antiquated user-interface design makes reproducibility of statistical analysis more difficult, especially as data become increasingly complex and statistical methods become increasingly sophisticated. R Markdown is a new technology that makes creating fully-reproducible statistical analysis simple and painless. It provides a solution suitable not only for cutting edge research, but also for use in an introductory statistics course. We present experiential and statistical evidence that R Markdown can be used effectively in introductory statistics courses, and discuss its role in the rapidly-changing world of statistical computation.",openalex,llm,0.980,unreviewed,
kept,Reproducible research in statistics: A review and guidelines for the Biometrical Journal,Benjamin Hofner; Matthias Schmid; Lutz Edler,2015,Biometrical Journal,10.1002/bimj.201500156,https://openalex.org/W2198613826,supports-claim,"Reproducible research (RR) constitutes the idea that a publication should be accompanied by all relevant material to reproduce the results and findings of a scientific work. Hence, results can be verified and researchers are able to build upon these. Efforts of the Biometrical Journal over the last five years have increased the number of manuscripts which are reproducible by a factor of 4 to almost 50%. Yet, more than half of the code submission could not be executed in the initial review due to missing code, missing data or errors in the code. Careful checks of the submitted code as part of the reviewing process are essential to eliminate these issues and to foster RR. In this article, we reviewed n=56 recent submissions of code and data to identify common reproducibility issues. Based on these findings, guidelines for structuring code submission to the Biometrical Journal have been established to help authors. These guidelines should help researchers to implement RR in general. Together with the code reviews, this supports the mission of the Biometrical Journal in publishing highest quality, novel and relevant papers on statistical methods and their applications in life sciences. Source code and data to reproduce the presented data analyses are available as Supplementary Material on the journal's web page.",openalex,llm,0.950,unreviewed,
discarded,The PRISMA 2020 statement: an updated guideline for reporting systematic reviews,Matthew J. Page; Joanne E. McKenzie; Patrick M. Bossuyt; Isabelle Boutron; Tammy Hoffmann; Cynthia D. Mulrow; Larissa Shamseer; Jennifer Tetzlaff; Elie A. Akl; Sue Brennan; Roger Chou; Julie Glanville; Jeremy Grimshaw; Asbjørn Hróbjartsson; Manoj M. Lalu; Tianjing Li; Elizabeth Loder; Evan Mayo‐Wilson; Steve McDonald; Luke A. McGuinness; Lesley Stewart; James Thomas; Andrea C. Tricco; Vivian Welch; Penny Whiting; David Moher,2021,BMJ,10.1136/bmj.n71,https://openalex.org/W3118615836,adjacent-subtopic,"The Preferred Reporting Items for Systematic reviews and Meta-Analyses (PRISMA) statement, published in 2009, was designed to help systematic reviewers transparently report why the review was done, what the authors did, and what they found. Over the past decade, advances in systematic review methodology and terminology have necessitated an update to the guideline. The PRISMA 2020 statement replaces the 2009 statement and includes new reporting guidance that reflects advances in methods to identify, select, appraise, and synthesise studies. The structure and presentation of the items have been modified to facilitate implementation. In this article, we present the PRISMA 2020 27-item checklist, an expanded checklist that details reporting recommendations for each item, the PRISMA 2020 abstract checklist, and the revised flow diagrams for original and updated reviews.",openalex,llm,0.900,unreviewed,
discarded,AI-Generated Code Not Considered Harmful,Tyson Kendon; Leanne Wu; John Aycock,2023,,10.1145/3593342.3593349,https://openalex.org/W4384834951,off-topic-false-hit,"Recent developments in AI-generated code are merely the latest in a series of challenges to traditional computer science education. AI code generators, along with the plethora of available code on the Internet and sites that facilitate contract cheating, are a striking contrast to the heroic notion of programmers toiling away to create artisanal code from whole cloth.",openalex,llm,0.950,unreviewed,
kept,"Against the Power of Algorithms Closing, Literate Programming, and Source Code Critique",Markus Krajewski,2019,Law/text/culture,10.14453/ltc.664,https://openalex.org/W3007343149,adjacent-subtopic,"Current commentaries on digital change have emphasised the reality of our increasing exposure to the power of algorithms. My intervention examines this assertion with a media-historical approach that traces arguments raised in a legal case to the point of software inception. I show that the power of algorithm is based on the eminent cultural techniques of reading and writing. As an antidote to this power, I propose the concept of source code critique, which draws upon historiography and so-called ‘literate programming’, and which could help to introduce transparency into an algorithm's opaque agency.",openalex,llm,0.730,unreviewed,
kept,Supporting tailorable program visualisation through literate programming and fisheye views,Andy Cockburn,2001,Information and Software Technology,10.1016/s0950-5849(01)00182-3,https://openalex.org/W2111690561,qualifies-claim,,openalex,llm,0.930,unreviewed,
kept,Practical Reproducibility in Geography and Geosciences,Daniel Nüst; Edzer Pebesma,2020,Annals of the American Association of Geographers,10.1080/24694452.2020.1806028,https://openalex.org/W3093171490,supports-claim,"Reproducible research is often perceived as a technological challenge, but it is rooted in the challenge to improve scholarly communication in an age of digitization. When computers become involved and researchers want to allow other scientists to inspect, understand, evaluate, and build on their work, they need to create a research compendium that includes the code, data, computing environment, and script-based workflows used. Here, we present the state of the art for approaches to reach this degree of computational reproducibility, addressing literate programming and containerization while paying attention to working with geospatial data (digital maps, geographic information systems). We argue that all researchers working with computers should understand these technologies to control their computing environment, and we present the benefits of reproducible workflows in practice. Example research compendia illustrate the presented concepts and are the basis for challenges specific to geography and geosciences. Based on existing surveys and best practices from different scientific domains, we conclude that researchers today can overcome many barriers and achieve a very high degree of reproducibility. If the geography and geosciences communities adopt reproducibility and the underlying technologies in practice and in policies, they can transform the way researchers conduct and communicate their work toward increased transparency, understandability, openness, trust, productivity, and innovation.",openalex,llm,0.980,unreviewed,
kept,Employing Literate Programming Instruction in a Microprocessors Course,Bryan A. Jones; Mahnas Mohammadi-Aragh,2016,,10.18260/p.26941,https://openalex.org/W2614089611,supports-claim,"Through her role in the Hearin Engineering First-year Experiences (EFX) Program, she is assessing the college's current first-year",openalex,llm,0.870,unreviewed,
kept,A WYSIWYG literate programming system (preliminary report),Eitan M. Gurari; Jesse Wu,1991,,10.1145/327164.327217,https://openalex.org/W2073885540,supports-claim,"Conceptually, literate programming systems are document preparation systems that are augmented with features for writing programs. They offer features for identifying the different components of the programs, for highlighting the relations that exist between the components, and for explaining the components and the relations.",openalex,llm,0.950,unreviewed,
