status,title,authors,year,venue,doi,url,tags,abstract,provider,decision_source,llm_confidence,llm_review_outcome,llm_change_direction
discarded,Recommendations for robust and reproducible research on ferroptosis,Eikan Mishima; Toshitaka Nakamura; Sebastian Doll; Bettina Proneth; Maria Fedorova; Derek A. Pratt; José Pedro Friedmann Angeli; Scott J. Dixon; Adam Wahida; Marcus Conrad,2025,Nature Reviews Molecular Cell Biology,10.1038/s41580-025-00843-2,https://openalex.org/W4409285400,off-topic-false-hit,"Ferroptosis is a necrotic, non-apoptotic cell death modality triggered by unrestrained iron-dependent lipid peroxidation. By unveiling the regulatory mechanisms of ferroptosis and its relevance to various diseases, research over the past decade has positioned ferroptosis as a promising therapeutic target. The rapid growth of this research field presents challenges, associated with potentially inadequate experimental approaches that may lead to misinterpretations in the assessment of ferroptosis. Typical examples include assessing whether an observed phenotype is indeed linked to ferroptosis, and selecting appropriate animal models and small-molecule modulators of ferroptotic cell death. This Expert Recommendation outlines state-of-the-art methods and tools to reliably study ferroptosis and increase the reproducibility and robustness of experimental results. We present highly validated compounds and animal models, and discuss their advantages and limitations. Furthermore, we provide an overview of the regulatory mechanisms and the best-studied players in ferroptosis regulation, such as GPX4, FSP1, SLC7A11 and ACSL4, discussing frequent pitfalls in experimental design and relevant guidance. These recommendations are intended for researchers at all levels, including those entering the expanding and exciting field of ferroptosis research.",openalex,llm,0.990,unreviewed,
kept,Implementing a Rigorous ODE Solver Through Literate Programming,Nedialko S. Nedialkov,2011,,10.1007/978-3-642-15956-5_1,https://openalex.org/W2136662198,supports-claim,,openalex,llm,0.830,unreviewed,
kept,Reproducible Research with R and RStudio,Christopher Gandrud,2018,,10.1201/9781315382548,https://openalex.org/W4289557732,duplicate-record-of-cited-source,"All the Tools for Gathering and Analyzing Data and Presenting Results Reproducible Research with R and RStudio, Second Edition brings together the skills and tools needed for doing and presenting computational research. Using straightforward examples, the book takes you through an entire reproducible research workflow. This practical workflow enables you to gather and analyze data as well as dynamically present results in print and on the web. New to the Second Edition The rmarkdown package that allows you to create reproducible research documents in PDF, HTML, and Microsoft Word formats using the simple and intuitive Markdown syntax Improvements to RStudio’s interface and capabilities, such as its new tools for handling R Markdown documents Expanded knitr R code chunk capabilities The kable function in the knitr package and the texreg package for dynamically creating tables to present your data and statistical results An improved discussion of file organization, enabling you to take full advantage of relative file paths so that your documents are more easily reproducible across computers and systems The dplyr, magrittr, and tidyr packages for fast data manipulation Numerous modifications to R syntax in user-created packages Changes to GitHub’s and Dropbox’s interfaces Create Dynamic and Highly Reproducible Research This updated book provides all the tools to combine your research with the presentation of your findings. It saves you time searching for information so that you can spend more time actually addressing your research questions. Supplementary files used for the examples and a reproducible research project are available on the author’s website.",openalex,llm,0.990,unreviewed,
kept,Singularity: Scientific containers for mobility of compute,Gregory M. Kurtzer; Vanessa Sochat; Michael W. Bauer,2017,PLoS ONE,10.1371/journal.pone.0177459,https://openalex.org/W2613409207,adjacent-subtopic,"Here we present Singularity, software developed to bring containers and reproducibility to scientific computing. Using Singularity containers, developers can work in reproducible environments of their choosing and design, and these complete environments can easily be copied and executed on other platforms. Singularity is an open source initiative that harnesses the expertise of system and software engineers and researchers alike, and integrates seamlessly into common workflows for both of these groups. As its primary use case, Singularity brings mobility of computing to both users and HPC centers, providing a secure means to capture and distribute software and compute environments. This ability to create and deploy reproducible environments across these centers, a previously unmet need, makes Singularity a game changing development for computational science.",openalex,llm,0.780,unreviewed,
discarded,SARTools: A DESeq2- and EdgeR-Based R Pipeline for Comprehensive Differential Analysis of RNA-Seq Data,Hugo Varet; Loraine Brillet-Guéguen; Jean‐Yves Coppée; Marie‐Agnès Dillies,2016,PLoS ONE,10.1371/journal.pone.0157022,https://openalex.org/W2950985970,adjacent-subtopic,"BACKGROUND: Several R packages exist for the detection of differentially expressed genes from RNA-Seq data. The analysis process includes three main steps, namely normalization, dispersion estimation and test for differential expression. Quality control steps along this process are recommended but not mandatory, and failing to check the characteristics of the dataset may lead to spurious results. In addition, normalization methods and statistical models are not exchangeable across the packages without adequate transformations the users are often not aware of. Thus, dedicated analysis pipelines are needed to include systematic quality control steps and prevent errors from misusing the proposed methods. RESULTS: SARTools is an R pipeline for differential analysis of RNA-Seq count data. It can handle designs involving two or more conditions of a single biological factor with or without a blocking factor (such as a batch effect or a sample pairing). It is based on DESeq2 and edgeR and is composed of an R package and two R script templates (for DESeq2 and edgeR respectively). Tuning a small number of parameters and executing one of the R scripts, users have access to the full results of the analysis, including lists of differentially expressed genes and a HTML report that (i) displays diagnostic plots for quality control and model hypotheses checking and (ii) keeps track of the whole analysis process, parameter values and versions of the R packages used. CONCLUSIONS: SARTools provides systematic quality controls of the dataset as well as diagnostic plots that help to tune the model parameters. It gives access to the main parameters of DESeq2 and edgeR and prevents untrained users from misusing some functionalities of both packages. By keeping track of all the parameters of the analysis process it fits the requirements of reproducible research.",openalex,llm,0.800,unreviewed,
kept,SWI-Prolog,Jan Wielemaker; Tom Schrijvers; Markus Triska; Torbjörn Lager,2011,Theory and Practice of Logic Programming,10.1017/s1471068411000494,https://openalex.org/W2911601159,adjacent-subtopic,"Abstract SWI-Prolog is neither a commercial Prolog system nor a purely academic enterprise, but increasingly a community project. The core system has been shaped to its current form while being used as a tool for building research prototypes, primarily for knowledge-intensive and interactive systems. Community contributions have added several interfaces and the constraint (CLP) libraries. Commercial involvement has created the initial garbage collector, added several interfaces and two development tools: PlDoc (a literate programming documentation system) and PlUnit (a unit testing environment). In this article, we present SWI-Prolog as an integrating tool, supporting a wide range of ideas developed in the Prolog community and acting as glue between foreign resources. This article itself is the glue between technical articles on SWI-Prolog, providing context and experience in applying them over a longer period.",openalex,llm,0.740,unreviewed,
discarded,Strategies to enable large-scale proteomics for reproducible research,Rebecca C. Poulos; Peter G. Hains; Rohan Shah; Natasha Lucas; Dylan Xavier; Srikanth S. Manda; Asim Anees; Jennifer M.S. Koh; Sadia Mahboob; Max Wittman; Steven G. Williams; Erin K. Sykes; Michael Hecker; Michael Dausmann; Merridee A. Wouters; Keith Ashman; Jean Yang; Peter J. Wild; Anna DeFazio; Rosemary L. Balleine; Brett Tully; Ruedi Aebersold; Terence P. Speed; Yansheng Liu; Roger R. Reddel; Phillip J. Robinson; Qing Zhong,2020,Nature Communications,10.1038/s41467-020-17641-3,https://openalex.org/W3045740289,adjacent-subtopic,"Reproducible research is the bedrock of experimental science. To enable the deployment of large-scale proteomics, we assess the reproducibility of mass spectrometry (MS) over time and across instruments and develop computational methods for improving quantitative accuracy. We perform 1560 data independent acquisition (DIA)-MS runs of eight samples containing known proportions of ovarian and prostate cancer tissue and yeast, or control HEK293T cells. Replicates are run on six mass spectrometers operating continuously with varying maintenance schedules over four months, interspersed with ~5000 other runs. We utilise negative controls and replicates to remove unwanted variation and enhance biological signal, outperforming existing methods. We also design a method for reducing missing values. Integrating these computational modules into a pipeline (ProNorM), we mitigate variation among instruments over time and accurately predict tissue proportions. We demonstrate how to improve the quantitative analysis of large-scale DIA-MS data, providing a pathway toward clinical proteomics.",openalex,llm,0.860,unreviewed,
kept,The Story in the Notebook,Mary Beth Kery; Marissa Radensky; Mahima Arya; Bonnie E. John; Brad A. Myers,2018,,10.1145/3173574.3173748,https://openalex.org/W2796040126,supports-claim,"Literate programming tools are used by millions of programmers today, and are intended to facilitate presenting data analyses in the form of a narrative. We interviewed 21 data scientists to study coding behaviors in a literate programming environment and how data scientists kept track of variants they explored. For participants who tried to keep a detailed history of their experimentation, both informal and formal versioning attempts led to problems, such as reduced notebook readability. During iteration, participants actively curated their notebooks into narratives, although primarily through cell structure rather than markdown explanations. Next, we surveyed 45 data scientists and asked them to envision how they might use their past history in an future version control system. Based on these results, we give design guidance for future literate programming tools, such as providing history search based on how programmers recall their explorations, through contextual details including images and parameters.",openalex,llm,0.980,unreviewed,
kept,GNU Octave and reproducible research,John W. Eaton,2012,Journal of Process Control,10.1016/j.jprocont.2012.04.006,https://openalex.org/W1994836320,adjacent-subtopic,"GNU Octave(1) has been available for nearly two decades. During that time the scope of the project has grown from a simple interface to numerical tools intended for classroom use to a capable system with hundreds of thousands of users worldwide.

This paper provides an overview of the Octave project, summarizes some recently completed additions, and describes in detail the ways in which Octave may be used to perform reproducible research. (c) 2012 Elsevier Ltd. All rights reserved.",openalex,llm,0.820,unreviewed,
kept,Reproducible Research: Tools and Strategies for Scientific Computing,Victoria Stodden,2012,Computing in Science & Engineering,10.1109/mcse.2012.82,https://openalex.org/W1984290725,adjacent-subtopic,The guest editor presents the articles for this special issue on reproducible research for scientific computing.,openalex,llm,0.700,unreviewed,
discarded,Radiomics: the bridge between medical imaging and personalized medicine,Philippe Lambin; Ralph T. H. Leijenaar; Timo M. Deist; Jurgen Peerlings; Evelyn E.C. de Jong; Janita E. van Timmeren; Sebastian Sanduleanu; Ruben T. H. M. Larue; Aniek J.G. Even; Arthur Jochems; Yvonka van Wijk; Henry C. Woodruff; Johan van Soest; Tim Lustberg; Erik Roelofs; Wouter van Elmpt; André Dekker; Felix M. Mottaghy; Joachim E. Wildberger; Seán Walsh,2017,Nature Reviews Clinical Oncology,10.1038/nrclinonc.2017.141,https://openalex.org/W2763355946,off-topic-false-hit,"Radiomics, the high-throughput mining of quantitative image features from standard-of-care medical imaging that enables data to be extracted and applied within clinical-decision support systems to improve diagnostic, prognostic, and predictive accuracy, is gaining importance in cancer research. Radiomic analysis exploits sophisticated image analysis tools and the rapid development and validation of medical imaging data that uses image-based signatures for precision diagnosis and treatment, providing a powerful tool in modern medicine. Herein, we describe the process of radiomics, its pitfalls, challenges, opportunities, and its capacity to improve clinical decision making, emphasizing the utility for patients with cancer. Currently, the field of radiomics lacks standardized evaluation of both the scientific integrity and the clinical relevance of the numerous published radiomics investigations resulting from the rapid growth of this area. Rigorous evaluation criteria and reporting guidelines need to be established in order for radiomics to mature as a discipline. Herein, we provide guidance for investigations to meet this urgent need in the field of radiomics.",openalex,llm,0.980,unreviewed,
kept,AMT 1.x: A toolbox for reproducible research in auditory modeling,Piotr Majdak; Clara Hollomey; Robert Baumgartner,2022,Acta Acustica,10.1051/aacus/2022011,https://openalex.org/W4285194056,adjacent-subtopic,"The Auditory Modeling Toolbox (AMT) is a MATLAB/Octave toolbox for the development and application of computational auditory models with a particular focus on binaural hearing. The AMT aims for a consistent implementation of auditory models, well-structured in-code documentation, and inclusion of auditory data required to run the models. The motivation is to provide a toolbox able to reproduce the model predictions and allowing students and researchers to work with and to advance existing models. In the AMT, model implementations can be evaluated in two stages: by running so-called demonstrations, which are quick presentations of a model, and by starting so-called experiments aimed at reproducing results from the corresponding publications. Here, we describe the tools and mechanisms available within the framework of all AMT 1.x versions. The recently released AMT 1.1 includes over 60 models and is freely available as an open-source package from https://www.amtoolbox.org .",openalex,llm,0.830,unreviewed,
discarded,deepTools: a flexible platform for exploring deep-sequencing data,Fidel Ramírez; Friederike Dündar; Sarah Diehl; Björn Grüning; Thomas Manke,2014,Nucleic Acids Research,10.1093/nar/gku365,https://openalex.org/W2158789637,adjacent-subtopic,"We present a Galaxy based web server for processing and visualizing deeply sequenced data. The web server's core functionality consists of a suite of newly developed tools, called deepTools, that enable users with little bioinformatic background to explore the results of their sequencing experiments in a standardized setting. Users can upload pre-processed files with continuous data in standard formats and generate heatmaps and summary plots in a straight-forward, yet highly customizable manner. In addition, we offer several tools for the analysis of files containing aligned reads and enable efficient and reproducible generation of normalized coverage files. As a modular and open-source platform, deepTools can easily be expanded and customized to future demands and developments. The deepTools webserver is freely available at http://deeptools.ie-freiburg.mpg.de and is accompanied by extensive documentation and tutorials aimed at conveying the principles of deep-sequencing data analysis. The web server can be used without registration. deepTools can be installed locally either stand-alone or as part of Galaxy.",openalex,llm,0.880,unreviewed,
discarded,gp3tools: An R Package for Reproducible Analysis and Reporting of Gazepoint GP3 Eye-Tracking Exports,"Balaskas, Stefanos",2026,JOURNAL OF EYE MOVEMENT RESEARCH,10.3390/jemr19040076,https://www.webofscience.com/wos/woscc/full-record/WOS:001859122400001,off-topic-false-hit,"Reproducible eye-movement research requires a documented path from device exports to structured, quality-checked, and reportable data objects. Gazepoint GP3 and Gazepoint Analysis provide accessible gaze, fixation, pupil, timing, media, and area-of-interest data, but their folder-based CSV exports are not automatically analysis-ready. Existing R tools support important stages of eye-tracking and pupillometry analysis, but they generally assume that data have already been organised into suitable structures; they do not provide a Gazepoint-aware workflow beginning with export-folder checks, all-gaze/fixation pairing, sampling and tracking-quality diagnostics, and preservation of preprocessing decisions through reporting. This article presents gp3tools, an open-source R package (R version 4.6.1) that converts Gazepoint GP3/Gazepoint Analysis exports into structured R objects, diagnostic summaries, preprocessing outputs, model-ready tables, interoperability objects, and reproducible reports. Rather than introducing a new statistical estimator, the package provides an export-aware workflow scaffold for import checking, quality control, pupil preprocessing, area-of-interest, fixation and transition summaries, model preparation, interoperability, and reporting. A synthetic Gazepoint-style demonstration dataset was used to evaluate workflow execution without exposing private participant data. The demonstration identified all expected file pairs and produced sample-level gaze/pupil tables, fixation tables, sampling-quality summaries, area-of-interest summaries, review flags, and reporting outputs. A small, private real-export compatibility check further showed that the workflow could process one empirical Gazepoint folder without manual restructuring. These results support a bounded software-evaluation claim: gp3tools executes the tested Gazepoint-style workflow and returns expected diagnostic and reporting objects, but the evidence does not establish hardware accuracy, preprocessing accuracy, computational scalability, general robustness across all Gazepoint exports, or substantive psychological or perceptual effects.",wos,llm,0.990,unreviewed,
discarded,From data acquisition to AI-based motion classification: An early-career faculty-led platform for undergraduate micro-Doppler radar experiments,"Lima, Rita Jakelyn Abad",2026,RADAR SENSOR TECHNOLOGY XXX,10.1117/12.3095067,https://www.webofscience.com/wos/woscc/full-record/WOS:001831743700019,off-topic-false-hit,"Conventional radar laboratories are typically limited to graduate-level research, which restricts undergraduate students' exposure to hands-on radar experimentation. To address this limitation, an accessible radar platform has been developed for undergraduates that integrates commercial Doppler radar modules (at 24 GHz and 60 GHz) with embedded systems and data analysis using Python or MATLAB. Students engage in all stages of the radar system workflow: understanding the operation of RF transceivers, acquiring raw data from stationary and moving targets, applying filtering techniques and the Short-Time Fourier Transform (STFT), and extracting micro-Doppler signatures.

Machine learning models, including Convolutional Neural Networks (CNNs), are utilized to classify human motion, objects, and noise. This approach enables students to investigate AI-driven motion analysis in real-world scenarios. The platform further supports experiments on optimizing radar node placement for security and facility monitoring, offering practical insights into RF system design and performance evaluation.

By integrating RF theory with practical implementation and artificial intelligence, the platform enables undergraduates to develop competencies in radar operation, signal processing, and machine learning. Early-career faculty members are able to guide students through reproducible research, while fostering interdisciplinary learning and bridging the gap between physics, electrical engineering, and computer science. This initiative demonstrates that commercially available radar hardware, combined with accessible software tools, can provide a meaningful learning experience. Additionally, it prepares students for emerging radar applications and supports reproducible research on AI-based motion classification, which are valuable assets for future academic or industry pursuits.",wos,llm,1.000,unreviewed,
