status,title,authors,year,venue,doi,url,tags,abstract,provider,decision_source,llm_confidence,llm_review_outcome,llm_change_direction
discarded,A comparison between different machine learning techniques for predicting heating energy consumption for residential buildings in a cold climate,Vaisi S.,2025,Energy Efficiency,10.1007/s12053-025-10379-1,https://www.scopus.com/inward/record.uri?partnerID=HzOxMe3b&scp=105016765073&origin=inward,off-topic-false-hit,"Since Russia invaded Ukraine in 2022, the security and sustainability of energy supply have been seriously highlighted. Approximately 90% of an urban context is residential buildings that demand a large amount of heating energy; therefore, predicting energy consumption is essential for successful energy supply and decision-making. This study aims to evaluate machine learning models for predicting the heating energy consumption for residential buildings in a cold climate, focusing on natural gas consumption for space heating and domestic hot water. Linking the building's physical characteristics to socio-cultural and occupant behavioral characteristics, a novel dataset was developed in which 44 independent relevant variables were analyzed. The results indicate that XGBoost achieved the best performance with an MAE of 2.00, MSE of 2.61, RMSE of 1.61, and R2 of 0.90, followed by RF with an MAE of 1.32, MSE of 2.59, RMSE of 1.61, and R2 of 0.89, while ANN and LR showed lower performance. The feature importance analysis method identified the key variables significantly affecting heating energy consumption; therefore, among the building physics variables, space heating system (HVAC), total unit area, conditioned unit area, building age, and type of thermal insulation were the most effective predictors. Accordingly, among the socio-cultural and occupant behaviors, blocking the cooler channel in the cold seasons was the most effective variable. These findings can guide energy policymakers in designing sustainable heating strategies and assist architects and residents in optimizing energy use for cost savings and efficiency in cold climates.","dblp, openalex, ieee, scopus",llm,1.000,unreviewed,
discarded,Do Pedagogical Agents Enhance Student Motivation? Unraveling the Evidence Through Meta-Analysis,Gladstone J.R.,2025,Educational Psychology Review,10.1007/s10648-025-10050-2,https://www.scopus.com/inward/record.uri?partnerID=HzOxMe3b&scp=105011815636&origin=inward,off-topic-false-hit,"The use of pedagogical agents (PAs) as learning tools within digital learning environments is rising. Previous research shows that PAs can aid learning across various domains and age groups, but their impact on learner motivation is unclear. As PAs become more integrated into learning systems, building an in-depth and theory-driven understanding of how PAs may influence learners’ motivation is necessary. We used four prominent motivation theories to guide our examination of the impact of PAs on learner motivation: social cognitive theory, situated expectancy-value theory, interest theory, and self-determination theory. A total of 58 articles met our inclusion criteria. We conducted seven, three-level meta-analyses that included 28 potentially moderating variables and used correlational and hierarchical effects and robust variance estimation. Our results revealed that PAs significantly influenced self-efficacy expectations and interest but did not significantly influence other theory-driven motivational beliefs. We discussed these findings from different theoretical perspectives and provided implications for practice.","dblp, openalex, ieee, scopus",llm,0.990,unreviewed,
discarded,Implementing Data Integration Self-Study: A Curriculum Development for Android Programming Learning Assistance System,Syaifudin Y.W.,2025,SN Computer Science,10.1007/s42979-025-04114-x,https://www.scopus.com/inward/record.uri?partnerID=HzOxMe3b&scp=105008280035&origin=inward,adjacent-subtopic,,"dblp, openalex, ieee, scopus",llm,0.960,unreviewed,
discarded,Harden and Catch for Just-in-Time Assured LLM-Based Software Testing: Open Research Challenges,Harman M.,2025,Proceedings of the ACM SIGSOFT Symposium on the Foundations of Software Engineering,10.1145/3696630.3734199,https://www.scopus.com/inward/record.uri?partnerID=HzOxMe3b&scp=105013971177&origin=inward,adjacent-subtopic,"Despite decades of research and practice in automated software testing, several fundamental concepts remain ill-defined and under-explored, yet offer enormous potential real-world impact. We show that these concepts raise exciting new challenges in the context of Large Language Models for software test generation. More specifically, we formally define and investigate the properties of hardening and catching tests. A hardening test is one that seeks to protect against future regressions, while a catching test is one that catches such a regression or a fault in new functionality introduced by a code change. Hardening tests can be generated at any time and may become catching tests when a future regression is caught. We also define and motivate the Catching 'Just-in-Time' (JiTTest) Challenge, in which tests are generated 'just-in-time' to catch new faults before they land into production. We show that any solution to Catching JiTTest generation can also be repurposed to catch latent faults in legacy code. We enumerate possible outcomes for hardening and catching tests and JiTTests, and discuss open research problems, deployment options, and initial results from our work on automated LLM-based hardening at Meta. This paper1 was written to accompany the keynote by the authors at the ACM International Conference on the Foundations of Software Engineering (FSE) 2025.","dblp, openalex, ieee, scopus",llm,0.980,unreviewed,
discarded,Developments in Attachment Research,Duschinsky R.,2025,Developments in Attachment Research,10.1093/9780191976643.001.0001,https://www.scopus.com/inward/record.uri?partnerID=HzOxMe3b&scp=105019124394&origin=inward,off-topic-false-hit,"
 Developments in Attachment Research explores the contributions of several research groups in developmental science that have shaped the study of attachment and caregiving in recent decades, each with a different image of the history of attachment research, of the nature of attachment, and why and how attachment research might be valuable. In tracing changes in attachment theory over time, the book examines the development of scientific evidence and breakthroughs. However, it also examines attachment research within developmental psychology as a culture, considering its leadership, kinship structures, symbols, conflicts, points of entry or exit, and the pressures and opportunities to which it has responded or failed to respond.","dblp, openalex, ieee, scopus",llm,1.000,unreviewed,
discarded,Connectome-driven neural inventory of a complete visual system,Nern A.,2025,Nature,10.1038/s41586-025-08746-0,https://www.scopus.com/inward/record.uri?partnerID=HzOxMe3b&scp=105001477877&origin=inward,off-topic-false-hit,"Vision provides animals with detailed information about their surroundings and conveys diverse features such as colour, form and movement across the visual scene. Computing these parallel spatial features requires a large and diverse network of neurons. Consequently, from flies to humans, visual regions in the brain constitute half its volume. These visual regions often have marked structure–function relationships, with neurons organized along spatial maps and with shapes that directly relate to their roles in visual processing. More than a century of anatomical studies have catalogued in detail cell types in fly visual systems1, 2–3, and parallel behavioural and physiological experiments have examined the visual capabilities of flies. To unravel the diversity of a complex visual system, careful mapping of the neural architecture matched to tools for targeted exploration of this circuitry is essential. Here we present a connectome of the right optic lobe from a male Drosophilamelanogaster acquired using focused ion beam milling and scanning electron microscopy. We established a comprehensive inventory of the visual neurons and developed a computational framework to quantify their anatomy. Together, these data establish a basis for interpreting how the shapes of visual neurons relate to spatial vision. By integrating this analysis with connectivity information, neurotransmitter identity and expert curation, we classified the approximately 53,000 neurons into 732 types. These types are systematically described and about half are newly named. Finally, we share an extensive collection of split-GAL4 lines matched to our neuron-type catalogue. Overall, this comprehensive set of tools and data unlocks new possibilities for systematic investigations of vision in Drosophila and provides a foundation for a deeper understanding of sensory processing. A connectome of the right optic lobe from a male fruitfly is presented together with an extensive collection of genetic drivers matched to a comprehensive neuron-type catalogue.","dblp, openalex, ieee, scopus",llm,1.000,unreviewed,
kept,Literate Programming and Cultural Practice,"Nelson, Graham",2026,"TRENDS IN FUNCTIONAL PROGRAMMING, TFP 2025",10.1007/978-3-031-99751-8_2,https://www.webofscience.com/wos/woscc/full-record/WOS:001686181200002,supports-claim,,wos,llm,0.930,unreviewed,
discarded,Literate Programming With LLMs? - A Study on Rosetta Code and CodeNet,"Sun, Simin; Staron, Miroslaw",2026,IEEE TRANSACTIONS ON SOFTWARE ENGINEERING,10.1109/TSE.2025.3629828,https://www.webofscience.com/wos/woscc/full-record/WOS:001695427800017,adjacent-subtopic,"Literate programming, a concept introduced by Knuth in 1984, emphasized the importance of combining human-readable documentation with machine-readable code as writing literate programs is a prerequisite for software quality. Our objective with this paper is to evaluate whether generative AI models, Large Language Models (LLM) like GPT-4, LLaMA or Falcon, are capable of literate programming because of their extensive use in software engineering. To truly achieve literate programming, LLMs must generate natural language descriptions and corresponding code with aligned semantics based on user prompts. In addition, their internal representation of programs should allow us to recognize both programming languages and their descriptions. To evaluate their capabilities, we conducted a study using the Rosetta Code and CodeNet repositories. We perform four computational experiments using the Rosetta Code repository, encompassing 1,228 tasks across 926 programming languages, and validate our findings on the larger CodeNet dataset, which includes 55 tasks and 52 languages. Our findings show that LLMs in the trillion-parameter class are capable of literate programming, while models in the million- and billion-parameter classes are better at recognizing programming languages than tasks. Based on these results, we conclude that modern LLMs inhibit a deeper ability to encode programming languages and the semantics of programming tasks, bringing us closer to realizing the full potential of literate programming.",wos,llm,0.880,unreviewed,
discarded,Design Exposition with Literate Visualization,"Wood, Jo; Kachkaev, Alexander; Dykes, Jason",2019,IEEE TRANSACTIONS ON VISUALIZATION AND COMPUTER GRAPHICS,10.1109/TVCG.2018.2864836,https://www.webofscience.com/wos/woscc/full-record/WOS:000452640000072,adjacent-subtopic,"We propose a new approach to the visualization design and communication process, literate visualization, based upon and extending, Donald Knuth's idea of literate programming. It integrates the process of writing data visualization code with description of the design choices that led to the implementation (design exposition). We develop a model of design exposition characterised by four visualization designer architypes: the evaluator, the autonomist, the didacticist and the rationalist. The model is used to justify the key characteristics of literate visualization: 'notebook' documents that integrate live coding input, rendered output and textual narrative; low cost of authoring textual narrative; guidelines to encourage structured visualization design and its documentation. We propose narrative schemas for structuring and validating a wide range of visualization design approaches and models, and branching narratives for capturing alternative designs and design views. We describe a new open source literate visualization environment, litvis, based on a declarative interface to Vega and Vega-Lite through the functional programming language Elm combined with markdown for formatted narrative. We informally assess the approach, its implementation and potential by considering three examples spanning a range of design abstractions: new visualization idioms; validation though visualization algebra; and feminist data visualization. We argue that the rich documentation of the design process provided by literate visualization offers the potential to improve the validity of visualization design and so benefit both academic visualization and visualization practice.",wos,llm,0.950,unreviewed,
discarded,Recent progress on variable projection methods for structured low-rank approximation,"Markovsky, Ivan",2014,SIGNAL PROCESSING,10.1016/j.sigpro.2013.09.021,https://www.webofscience.com/wos/woscc/full-record/WOS:000330203500029,off-topic-false-hit,"Rank deficiency of a data matrix is equivalent to the existence of an exact linear model for the data. For the purpose of linear static modeling, the matrix is unstructured and the corresponding modeling problem is an approximation of the matrix by another matrix of a lower rank. In the context of linear time-invariant dynamic models, the appropriate data matrix is Hankel and the corresponding modeling problems becomes structured low-rank approximation. Low-rank approximation has applications in: system identification; signal processing, machine learning, and computer algebra, where different types of structure and constraints occur.

This paper gives an overview of recent progress in efficient local optimization algorithms for solving weighted mosaic-Hankel structured low-rank approximation problems. In addition, the data matrix may have missing elements and elements may be specified as exact. The described algorithms are implemented in a publicly available software package. Their application to system identification, approximate common divisor, and data-driven simulation problems is described in this paper and is illustrated by reproducible simulation examples. As a data modeling paradigm the low-rank approximation setting is closely related to the behavioral approach in systems and control, total least squares, errors-in-variables modeling, principal component analysis, and rank minimization. (C) 2013 Elsevier B.V. All rights reserved.",wos,llm,0.990,unreviewed,
discarded,Implementing a new EPR lineshape parameter for organic radicals in carbonaceous matter,"Bourbin, Mathilde; Le Du, Yann; Binet, Laurent; Gourier, Didier",2013,SOURCE CODE FOR BIOLOGY AND MEDICINE,10.1186/1751-0473-8-15,https://www.webofscience.com/wos/woscc/full-record/WOS:000215861200015,off-topic-false-hit,"Background: Electron Paramagnetic Resonance (EPR) is a non-destructive, non-invasive technique useful for the characterization of organic moieties in primitive carbonaceous matter related to the origin of life. The classical EPR parameters are the peak-to-peak amplitude, the linewidth and the g factor; however, such parameters turn out not to suffice to fully determine a single EPR line.

Results: In this paper, we give the definition and practical implementation of a new EPR parameter based on the signal shape that we call the R-10 factor. This parameter was originally defined in the case of a single symmetric EPR line and used as a new datation method for organic matter in the field of exobiology.

Conclusion: Combined to classical EPR parameters, the proposed shape parameter provides a full description of an EPR spectrum and opens the way to novel applications like datation. Such a parameter is a powerful tool for future EPR studies, not only of carbonaceous matter, but also of any substance which spectrum exhibits a single symmetric line.

Reproducibility: The paper is a literate program-written using Noweb within the Org-mode as provided by the Emacs editor-and it also describes the full data analysis pipeline that computes the R-10 on a real EPR spectrum.",wos,llm,0.990,unreviewed,
discarded,Literate PSA modeling for a modular PSA,"Hibti, M.",2012,"ADVANCES IN SAFETY, RELIABILITY AND RISK MANAGEMENT",,https://www.webofscience.com/wos/woscc/full-record/WOS:000392426502047,adjacent-subtopic,"Now that PSAs are widely used to check and improve the design of many complex industrial systems, and as a key tool for maintenance planning and many Risk Informed Decision processes, it is time to take a look at the complexity of the tool and have a discussion on the way models are built and documented.

For Nuclear Power Plants, for example, many PSA models were developed and are used for maintenance and operational tasks. These models have been extended in many directions to meet licensees needs and safety authority requirements. The models nowadays deal not only with internal events, for shut-down and power states, but also with fire, flooding, and all external events in addition to other considerations with respect to different PSA applications.

These developments depend on the softwares that are used to develop the models. Moreover, the modeling was mostly performed regarding a set of needs, requirements, extensions that may not have necessarily been planned initially. This generally leads to very complex models. In this paper, we propose to pursue an idea of Donald Knuth (Literate Programming) to propose a Literate PSA Modeling. The idea is to implement PSA modeling in such a way that ""the presentation of the model"", its clarity and its accurate use shall be considered as an objective of a good PSA modeling. A prototype is proposed to give an idea of what could be a tool of literate PSA modeling. We discuss the benefits of such approach in a context of modular PSA, the reasons for which such an approach, initially introduced as Literate Programming was not successful in the computer science community and why it should be in the community of PSA modeling/programming.",wos,llm,0.780,unreviewed,
discarded,Integrated Literate Programming for Structured Light Camera Calibration,"Skarbek, Wladyslaw",2012,"2012 JOINT CONFERENCE NEW TRENDS IN AUDIO & VIDEO AND SIGNAL PROCESSING: ALGORITHMS, ARCHITECTURES, ARRANGEMENTS, & APPLICATIONS (NTAV-SPA 2012)",,https://www.webofscience.com/wos/woscc/full-record/WOS:000393825800002,adjacent-subtopic,"Literate programming is a concept initially conceived by Professor Donald Knuth who had applied it in practice while developing his TEX formatting system. In my integrated approach I advocate the concept of literate programming in a single book, i.e. all levels of a created application ( including the descriptions of new algorithms) are joined together with all source codes in one PDF document, which is created from a tree of Latex documents. The code granularity can be of any detail. Even a single line of code is possible, surrounded by necessary comments, if needed. Codes can be composed sequentially and hierarchically. The presented paper will discuss advantages of the proposed programming methodology for developing software prototypes of applications within digital media one the example of calibration algorithms for a structured light camera system.",wos,llm,0.840,unreviewed,
kept,Literate programming in quantum chemistry: a collaborative approach to the development of theory and computer code,"Quiney, HM; Wilson, S",2005,MOLECULAR PHYSICS,10.1080/000268970512331317237,https://www.webofscience.com/wos/woscc/full-record/WOS:000226264200023,supports-claim,"Literate programming has not so far found widespread application in quantum chemistry. Here we suggest that literate programming would do much to enhance the communication of the methods and algorithms of computational quantum chemistry. We argue that literate programming can foster a collaborative approach to the development of theory and code in quantum chemistry. We consider a collaborative approach to computational quantum chemistry via a collaborative virtual environment involving literate programming methods and contrast this with the more traditional approaches, such as the UK's Collaborative Computational Project 1. A sample literate program for the evaluation of the incomplete gamma function is presented using C and the literate programming conventions introduced by Knuth. This demonstrates the application of literate programming methodology to the heart of the molecular integral problem when Gaussian basis sets are employed. We briefly indicate how literate programming techniques may prove useful more generally in other computational sciences.",wos,llm,0.860,unreviewed,
kept,PROGDOC - A new program documentation system,"Simonis, V; Weiss, R",2003,PERSPECTIVES OF SYSTEM INFORMATICS,,https://www.webofscience.com/wos/woscc/full-record/WOS:000189417700044,supports-claim,"Though programming languages and programming styles evolve with remarkable speed today, there is no such evolution in the field of program documentation. And although there exist some popular approaches like Knuth's literate programming system WEB [26], and nowadays JavaDoc [15] or Doxygen [16], tools for managing software development and documentation are not as widespread as desirable.

