status,title,authors,year,venue,doi,url,tags,abstract,provider,decision_source,llm_confidence,llm_review_outcome,llm_change_direction
discarded,The Routledge Handbook of Language Revitalization,J. Shaun Nolan,2018,,10.4324/9781315561271,https://openalex.org/W2939248936,off-topic-false-hit,"Efforts to revitalize languages are situated within the wider context of efforts to maintain and revitalize intangible expressions of culture more broadly, from music to dance to ritual and ceremonial traditions. In some ways, language revitalization efforts are considerably further advanced in both theory and practice than those relating to other cultural expressions. Taking music as a example, this chapter draws together the scholarly field of language revitalization with the growing investigations into music sustainability, making the case for close collaboration between sociolinguists and applied ethnomusicologists on these issues. It argues three main reasons: first, that collaboration will help consolidate a common language to describe and discuss the issues; second, that it will advance theoretical frameworks and tools to support our combined efforts; and third, it will strengthen advocacy around the need for revitalisation efforts, in the community, scholarly, and public spheres.","dblp, openalex, ieee, scopus",llm,0.990,unreviewed,
discarded,Evaluating Training Programs,Randall W. Eberts; Christopher J. O’Leary,2005,Local economic and employment development,10.1787/9789264017092-12-en,https://openalex.org/W1482583898,off-topic-false-hit,"Evaluating Local Economic and Employment Development is one of the few books to examine best practices in evaluating programmes for local and regional economic and employment development. Appropriate for a non-technical readership, this book contains policy proposals for central and local governments aimed at improving the practice of evaluation, enlarging the evidence base for policy and developing a culture of evaluation.","dblp, openalex, ieee, scopus",llm,0.990,unreviewed,
discarded,OPTIMAL PSYCHOLINGUISTIC ENVIRONMENTS FOR DISTANCE FOREIGN LANGUAGE LEARNING,Catherine J. Doughty; Michael H. Long,2003,Institutional Repositories DataBase (IRDB),10.18999/forids.23.35,https://openalex.org/W2168064314,off-topic-false-hit,"Rational choices among the numerous technological options available for foreign language teaching need to be based, in part, on psycholinguistic considerations. Which technological advances help create an optimal psycholinguistic environment for language learning, and which may be innovative but relatively unhelpful? One potential source of guidance is offered by the ten methodological principles of Task-Based Language Teaching（Long, 1985, and elsewhere）, each realizable by a variety of pedagogic procedures. Interest in TBLT derives from several sources, including its responsiveness to learners’ precisely specified communicative needs, the potential it offers for developing functional language proficiency without sacrificing grammatical accuracy, and its attempt to harmonize the way languages are taught with what SLA research has revealed about how they are learned. TBLT’s ten methodological principles are briefly defined and motivated, and illustrations provided of how the principles can inform choices among technological options in the particular case of distance education for the less commonly taught languages.","dblp, openalex, ieee, scopus",llm,1.000,unreviewed,
discarded,Identifying Pathways Between Socioeconomic Status and Language Development,Amy Pace; Rufan Luo; Kathy Hirsh‐Pasek; Roberta Michnick Golinkoff,2016,Annual Review of Linguistics,10.1146/annurev-linguistics-011516-034226,https://openalex.org/W2291118760,off-topic-false-hit,"Children from low-income backgrounds consistently perform below their more advantaged peers on standardized measures of language ability, setting long-term trajectories that translate into gaps in academic achievement. Our primary goals in this review are to describe how and why this is so, in order to focus attention on ways to enrich early language experiences across socioeconomic strata. We first review the literature on the relation between socioeconomic status (SES) and language ability across domains in early childhood. We then identify three potential pathways by which SES might influence language development—child characteristics, parent–child interaction, and availability of learning resources—recognizing the complicated interaction between the child's own language learning skill and his/her environmental support. Finally, we review interventions that target these three pathways with an eye toward best practice. Future research should focus on the diversity of contexts in which children acquire language and adopt methods of language measurement that are sensitive to cultural variation.","dblp, openalex, ieee, scopus",llm,1.000,unreviewed,
discarded,The Programmer’s Assistant: Conversational Interaction with a Large Language Model for Software Development,Steven Ross; Fernando Martinez; Stephanie Houde; Michael Müller; Justin D. Weisz,2023,,10.1145/3581641.3584037,https://openalex.org/W4321013654,adjacent-subtopic,"Large language models (LLMs) have recently been applied in software engineering to perform tasks such as translating code between programming languages, generating code from natural language, and autocompleting code as it is being written. When used within development tools, these systems typically treat each model invocation independently from all previous invocations, and only a specific limited functionality is exposed within the user interface. This approach to user interaction misses an opportunity for users to more deeply engage with the model by having the context of their previous interactions, as well as the context of their code, inform the model’s responses. We developed a prototype system – the Programmer’s Assistant – in order to explore the utility of conversational interactions grounded in code, as well as software engineers’ receptiveness to the idea of conversing with, rather than invoking, a code-fluent LLM. Through an evaluation with 42 participants with varied levels of programming experience, we found that our system was capable of conducting extended, multi-turn discussions, and that it enabled additional knowledge and capabilities beyond code generation to emerge from the LLM. Despite skeptical initial expectations for conversational programming assistance, participants were impressed by the breadth of the assistant’s capabilities, the quality of its responses, and its potential for improving their productivity. Our work demonstrates the unique potential of conversational interactions with LLMs for co-creative processes like software development.","dblp, openalex, ieee, scopus",llm,0.970,unreviewed,
discarded,eHEALS: The eHealth Literacy Scale,Cameron D. Norman; Harvey A. Skinner,2006,Journal of Medical Internet Research,10.2196/jmir.8.4.e27,https://openalex.org/W1967390644,off-topic-false-hit,"BACKGROUND: Electronic health resources are helpful only when people are able to use them, yet there remain few tools available to assess consumers' capacity for engaging in eHealth. Over 40% of US and Canadian adults have low basic literacy levels, suggesting that eHealth resources are likely to be inaccessible to large segments of the population. Using information technology for health requires eHealth literacy-the ability to read, use computers, search for information, understand health information, and put it into context. The eHealth Literacy Scale (eHEALS) was designed (1) to assess consumers' perceived skills at using information technology for health and (2) to aid in determining the fit between eHealth programs and consumers. OBJECTIVES: The eHEALS is an 8-item measure of eHealth literacy developed to measure consumers' combined knowledge, comfort, and perceived skills at finding, evaluating, and applying electronic health information to health problems. The objective of the study was to psychometrically evaluate the properties of the eHEALS within a population context. A youth population was chosen as the focus for the initial development primarily because they have high levels of eHealth use and familiarity with information technology tools. METHODS: Data were collected at baseline, post-intervention, and 3- and 6-month follow-up using control group data as part of a single session, randomized intervention trial evaluating Web-based eHealth programs. Scale reliability was tested using item analysis for internal consistency (coefficient alpha) and test-retest reliability estimates. Principal components factor analysis was used to determine the theoretical fit of the measures with the data. RESULTS: A total of 664 participants (370 boys; 294 girls) aged 13 to 21 (mean = 14.95; SD = 1.24) completed the eHEALS at four time points over 6 months. Item analysis was performed on the 8-item scale at baseline, producing a tight fitting scale with alpha = .88. Item-scale correlations ranged from r = .51 to .76. Test-retest reliability showed modest stability over time from baseline to 6-month follow-up (r = .68 to .40). Principal components analysis produced a single factor solution (56% of variance). Factor loadings ranged from .60 to .84 among the 8 items. CONCLUSIONS: The eHEALS reliably and consistently captures the eHealth literacy concept in repeated administrations, showing promise as tool for assessing consumer comfort and skill in using information technology for health. Within a clinical environment, the eHEALS has the potential to serve as a means of identifying those who may or may not benefit from referrals to an eHealth intervention or resource. Further research needs to examine the applicability of the eHEALS to other populations and settings while exploring the relationship between eHealth literacy and health care outcomes.","dblp, openalex, ieee, scopus",llm,1.000,unreviewed,
discarded,The Cambridge Handbook of Language Standardization,Catherine Miller; Jacopo Falchetta,2021,Cambridge University Press eBooks,10.1017/9781108559249,https://openalex.org/W4206622783,off-topic-false-hit,"Language standardization is the process by which conventional forms of a language are established and maintained. Bringing together internationally renowned experts, this Handbook provides a comprehensive overview of standardization, norms and standard languages. Chapters are grouped into five thematic areas: models and theories of standardization, questions of authority and legitimacy, literacy and education, borders and boundaries, and standardization in Late Modernity. Each chapter addresses a specific issue in detail, illustrating it with linguistic case studies and taking into account the particular political, social and cultural context. Showcasing cutting-edge research, it offers fresh perspectives that go beyond traditional accounts of the standardization of national European languages, and affords new insights into minoritized, indigenous and stateless languages. Surveying a wide range of languages and approaches, this Handbook is an essential resource for all those interested in language standards and standard languages.","dblp, openalex, ieee, scopus",llm,0.990,unreviewed,
discarded,Speech and language therapy for aphasia following stroke,Marian Brady; Helen Kelly; Jon Godwin; Pam Enderby,2012,Cochrane Database of Systematic Reviews,10.1002/14651858.cd000425.pub3,https://openalex.org/W4210784362,off-topic-false-hit,"BACKGROUND: Aphasia is an acquired language impairment following brain damage that affects some or all language modalities: expression and understanding of speech, reading and writing. Approximately one-third of people who have a stroke experience aphasia. OBJECTIVES: To assess the effectiveness of speech and language therapy (SLT) for aphasia following stroke. SEARCH METHODS: We searched the Cochrane Stroke Group Trials Register (last searched June 2011), MEDLINE (1966 to July 2011) and CINAHL (1982 to July 2011). In an effort to identify further published, unpublished and ongoing trials we handsearched the International Journal of Language and Communication Disorders (1969 to 2005) and reference lists of relevant articles and contacted academic institutions and other researchers. There were no language restrictions. SELECTION CRITERIA: Randomised controlled trials (RCTs) comparing SLT (a formal intervention that aims to improve language and communication abilities, activity and participation) with (1) no SLT; (2) social support or stimulation (an intervention that provides social support and communication stimulation but does not include targeted therapeutic interventions); and (3) another SLT intervention (which differed in duration, intensity, frequency, intervention methodology or theoretical approach). DATA COLLECTION AND ANALYSIS: We independently extracted the data and assessed the quality of included trials. We sought missing data from investigators. MAIN RESULTS: We included 39 RCTs (51 randomised comparisons) involving 2518 participants in this review. Nineteen randomised comparisons (1414 participants) compared SLT with no SLT where SLT resulted in significant benefits to patients' functional communication (standardised mean difference (SMD) 0.30, 95% CI 0.08 to 0.52, P = 0.008), receptive and expressive language. Seven randomised comparisons (432 participants) compared SLT with social support and stimulation but found no evidence of a difference in functional communication. Twenty-five randomised comparisons (910 participants) compared two approaches to SLT. There was no indication of a difference in functional communication. Generally, the trials randomised small numbers of participants across a range of characteristics (age, time since stroke and severity profiles), interventions and outcomes. Suitable statistical data were unavailable for several measures. AUTHORS' CONCLUSIONS: Our review provides some evidence of the effectiveness of SLT for people with aphasia following stroke in terms of improved functional communication, receptive and expressive language. However, some trials were poorly reported. The potential benefits of intensive SLT over conventional SLT were confounded by a significantly higher dropout from intensive SLT. More participants also withdrew from social support than SLT interventions. There was insufficient evidence to draw any conclusion regarding the effectiveness of any one specific SLT approach over another.","dblp, openalex, ieee, scopus",llm,0.990,unreviewed,
discarded,Little languages: little maintenance?,Arie van Deursen; Paul Klint,1998,Journal of Software Maintenance Research and Practice,10.1002/(sici)1096-908x(199803/04)10:2<75::aid-smr168>3.0.co;2-5,https://openalex.org/W2114739399,adjacent-subtopic,"So-called little, or domain-specific languages (DSLs), have the potential to make software maintenance simpler: domain experts can directly use the DSL to make required routine modifications. On the negative side, however, more substantial changes may become more difficult: such changes may involve altering the domain-specific language. This will require compiler technology knowledge, which not every commercial enterprise has easily available. Based on experience taken from industrial practice, we discuss the role of DSLs in software maintenance, the dangers introduced by using them, and techniques for controlling the risks involved. © 1998 John Wiley & Sons, Ltd.","dblp, openalex, ieee, scopus",llm,0.950,unreviewed,
discarded,Digital Language Death,András Kornai,2013,PLoS ONE,10.1371/journal.pone.0077056,https://openalex.org/W1964045210,off-topic-false-hit,"Of the approximately 7,000 languages spoken today, some 2,500 are generally considered endangered. Here we argue that this consensus figure vastly underestimates the danger of digital language death, in that less than 5% of all languages can still ascend to the digital realm. We present evidence of a massive die-off caused by the digital divide.","dblp, openalex, ieee, scopus",llm,0.990,unreviewed,
discarded,AI and English language teaching: Affordances and challenges,Helen Crompton; Adam Edmett; Neenaz Ichaporia; Diane Burke,2024,British Journal of Educational Technology,10.1111/bjet.13460,https://openalex.org/W4393342727,off-topic-false-hit,"Abstract English is one of the most used languages for jobs, markets, tourism, discourse and international connectivity. However, English learners face many challenges in gaining English language skills. Extant studies show that AI has affordances to support in English language teaching and learning ELT/L. This study answers the call to examine specific challenges and affordances for using AI in ELT/L. A systematic review method was used with PRISMA principles to identify 42 studies. Findings reveal the geographical locations of studies, learner ages and years of study. Grounded coding was then used to identify affordances of the use of AI in ELT/L in the areas of speaking, writing, reading, pedagogy and self‐regulation. AI in ELT/L challenges uncovered were technology breakdowns, limited capabilities, fear and standardising language. Policymakers, funders, practitioners and educational leaders can use the information provided in this study to gain a holistic understanding of the current trend in the use of AI in ELT/L, and practical implications are provided to guide future use of AI. Practitioner notes What is already known about this topic English is one of the most used languages for jobs, markets, tourism, discourse and international connectivity. Empirical evidence shows that pupils can often face difficulties when learning English, with challenges such as irregularity in English spelling. AI has supported language teaching and learning with studies showing that AI can support language‐specific skills. What this paper adds Provides the scholarly community with a unique systematic review in the use of AI in ELT/L across learner levels. Identifies affordances of AI in ELT/L in speaking, writing, reading, pedagogy and self‐regulation. Identifies challenges of AI in ELT/L in technology breakdowns, limited capabilities, fear and standardising language. Provides researchers with a review of the field with identification of gaps and future research opportunities. Implications for practice and/or policy Provides practical implications from the findings for educators, policy makers and program designers. Highlights the gaps in academic knowledge as a lack in the use of AI for assessment in ELT /L.","dblp, openalex, ieee, scopus",llm,0.990,unreviewed,
discarded,Revisiting the limits of language: The odor lexicon of Maniq,Ewelina Wnuk; Asifa Majid,2014,Cognition,10.1016/j.cognition.2013.12.008,https://openalex.org/W2143838086,off-topic-false-hit,"It is widely believed that human languages cannot encode odors. While this is true for English, and other related languages, data from some non-Western languages challenge this view. Maniq, a language spoken by a small population of nomadic hunter-gatherers in southern Thailand, is such a language. It has a lexicon of over a dozen terms dedicated to smell. We examined the semantics of these smell terms in 3 experiments (exemplar listing, similarity judgment and off-line rating). The exemplar listing task confirmed that Maniq smell terms have complex meanings encoding smell qualities. Analyses of the similarity data revealed that the odor lexicon is coherently structured by two dimensions. The underlying dimensions are pleasantness and dangerousness, as verified by the off-line rating study. Ethnographic data illustrate that smell terms have detailed semantics tapping into broader cultural constructs. Contrary to the widespread view that languages cannot encode odors, the Maniq data show odor can be a coherent semantic domain, thus shedding new light on the limits of language. (C) 2014 Elsevier B.V. All rights reserved.","dblp, openalex, ieee, scopus",llm,0.990,unreviewed,
discarded,Designing payments for environmental services in theory and practice: An overview of the issues,Stefanie Engel; Stefano Pagiola; Sven Wunder,2008,Ecological Economics,10.1016/j.ecolecon.2008.03.011,https://openalex.org/W2153509701,off-topic-false-hit,"Payments for environmental services (PES) have attracted increasing interest as a mechanism to translate external, non-market values of the environment into real financial incentives for local actors to provide environmental services (ES). In this introductory paper, we set the stage for the rest of this Special Issue of Ecological Economics by reviewing the main issues arising in PES design and implementation and discussing these in the light of environmental economics. We start with a discussion of PES definition and scope. We proceed to review some of the principal dimensions and design characteristics of PES programs and then analyze how PES compares to alternative policy instruments. Finally, we examine in detail two important aspects of PES programs: their effectiveness and their distributional implications.

