status,title,authors,year,venue,doi,url,tags,abstract,provider,decision_source,llm_confidence,llm_review_outcome,llm_change_direction
discarded,The five pillars of computational reproducibility: bioinformatics and beyond,Mark Ziemann; Pierre Poulain; Anusuiya Bora,2023,Briefings in Bioinformatics,10.1093/bib/bbad375,https://openalex.org/W4387865014,adjacent-subtopic,"Computational reproducibility is a simple premise in theory, but is difficult to achieve in practice. Building upon past efforts and proposals to maximize reproducibility and rigor in bioinformatics, we present a framework called the five pillars of reproducible computational research. These include (1) literate programming, (2) code version control and sharing, (3) compute environment control, (4) persistent data sharing and (5) documentation. These practices will ensure that computational research work can be reproduced quickly and easily, long into the future. This guide is designed for bioinformatics data analysts and bioinformaticians in training, but should be relevant to other domains of study.",openalex,llm,0.870,unreviewed,
discarded,teemi: An open-source literate programming approach for iterative design-build-test-learn cycles in bioengineering,Søren D. Petersen; Lucas Levassor; Christine M. Pedersen; Jan Madsen; Lea G. Hansen; Jie Zhang; Ahmad K. Haidar; Rasmus John Normand Frandsen; Jay D. Keasling; Tilmann Weber; Nikolaus Sonnenschein; Michael K. Jensen,2024,PLoS Computational Biology,10.1371/journal.pcbi.1011929,https://openalex.org/W4392581764,adjacent-subtopic,"Synthetic biology dictates the data-driven engineering of biocatalysis, cellular functions, and organism behavior. Integral to synthetic biology is the aspiration to efficiently find, access, interoperate, and reuse high-quality data on genotype-phenotype relationships of native and engineered biosystems under FAIR principles, and from this facilitate forward-engineering strategies. However, biology is complex at the regulatory level, and noisy at the operational level, thus necessitating systematic and diligent data handling at all levels of the design, build, and test phases in order to maximize learning in the iterative design-build-test-learn engineering cycle. To enable user-friendly simulation, organization, and guidance for the engineering of biosystems, we have developed an open-source python-based computer-aided design and analysis platform operating under a literate programming user-interface hosted on Github. The platform is called teemi and is fully compliant with FAIR principles. In this study we apply teemi for i) designing and simulating bioengineering, ii) integrating and analyzing multivariate datasets, and iii) machine-learning for predictive engineering of metabolic pathway designs for production of a key precursor to medicinal alkaloids in yeast. The teemi platform is publicly available at PyPi and GitHub.",openalex,llm,0.820,unreviewed,
discarded,Practical Reproducibility in Geography and Geosciences,Daniel Nüst; Edzer Pebesma,2020,Annals of the American Association of Geographers,10.1080/24694452.2020.1806028,https://openalex.org/W3093171490,adjacent-subtopic,"Reproducible research is often perceived as a technological challenge, but it is rooted in the challenge to improve scholarly communication in an age of digitization. When computers become involved and researchers want to allow other scientists to inspect, understand, evaluate, and build on their work, they need to create a research compendium that includes the code, data, computing environment, and script-based workflows used. Here, we present the state of the art for approaches to reach this degree of computational reproducibility, addressing literate programming and containerization while paying attention to working with geospatial data (digital maps, geographic information systems). We argue that all researchers working with computers should understand these technologies to control their computing environment, and we present the benefits of reproducible workflows in practice. Example research compendia illustrate the presented concepts and are the basis for challenges specific to geography and geosciences. Based on existing surveys and best practices from different scientific domains, we conclude that researchers today can overcome many barriers and achieve a very high degree of reproducibility. If the geography and geosciences communities adopt reproducibility and the underlying technologies in practice and in policies, they can transform the way researchers conduct and communicate their work toward increased transparency, understandability, openness, trust, productivity, and innovation.",openalex,llm,0.880,unreviewed,
discarded,Practical Reproducibility in Geography and Geosciences,Daniel Nüst; Edzer Pebesma,2022,,10.31223/x5xh0z,https://openalex.org/W4220901028,adjacent-subtopic,"Reproducible research is often perceived as a technological challenge, but it is rooted in the challenge to improve scholarly communication in an age of digitisation. When computers become involved and researchers want to allow other scientists to inspect, understand, evaluate, and build upon their work, they need to create a research compendium that includes the code, data, computing environment, and script-based workflows used. Here, we present the state of the art for approaches to reach this degree of computational reproducibility, addressing literate programming and containerisation, while paying attention to working with geospatial data (digital maps, GIS). We argue that all researchers working with computers should understand these technologies to control their computing environment, and we present the benefits of reproducible workflows in practice. Example research compendia illustrate the presented concepts and are the basis for challenges specific to geography and geosciences. Based on existing surveys and best practices from different scientific domains, we conclude that researchers today can overcome many barriers and achieve a very high degree of reproducibility. If the geography and geosciences and communities adopt reproducibility and the underlying technologies in practice and in policies, they can transform the way researchers conduct and communicate their work towards increased transparency, understandability, openness, trust, productivity, and innovation.",openalex,llm,0.870,unreviewed,
discarded,Creating and sharing reproducible research code the workflowr way,John Blischak; Peter Carbonetto; Matthew Stephens,2019,F1000Research,10.12688/f1000research.20843.1,https://openalex.org/W2979855176,adjacent-subtopic,"Making scientific analyses reproducible, well documented, and easily shareable is crucial to maximizing their impact and ensuring that others can build on them. However, accomplishing these goals is not easy, requiring careful attention to organization, workflow, and familiarity with tools that are not a regular part of every scientist's toolbox. We have developed an R package, workflowr , to help all scientists, regardless of background, overcome these challenges. Workflowr aims to instill a particular ""workflow"" — a sequence of steps to be repeated and integrated into research practice — that helps make projects more reproducible and accessible.This workflow integrates four key elements: (1) version control (via Git ); (2) literate programming (via R Markdown); (3) automatic checks and safeguards that improve code reproducibility; and (4) sharing code and results via a browsable website. These features exploit powerful existing tools, whose mastery would take considerable study. However, the workflowr interface is simple enough that novice users can quickly enjoy its many benefits. By simply following the workflowr ""workflow"", R users can create projects whose results, figures, and development history are easily accessible on a static website — thereby conveniently shareable with collaborators by sending them a URL — and accompanied by source code and reproducibility safeguards. The workflowr R package is open source and available on CRAN, with full documentation and source code available at https://github.com/jdblischak/workflowr .",openalex,llm,0.890,unreviewed,
discarded,Exploration and Explanation in Computational Notebooks,Adam Rule; Aurélien Tabard; James D. Hollan,2018,,10.1145/3173574.3173606,https://openalex.org/W2784241156,adjacent-subtopic,"Computational notebooks combine code, visualizations, and text in a single document. Researchers, data analysts, and even journalists are rapidly adopting this new medium. We present three studies of how they are using notebooks to document and share exploratory data analyses. In the first, we analyzed over 1 million computational notebooks on GitHub, finding that one in four had no explanatory text but consisted entirely of visualizations or code. In a second study, we examined over 200 academic computational notebooks, finding that although the vast majority described methods, only a minority discussed reasoning or results. In a third study, we interviewed 15 academic data analysts, finding that most considered computational notebooks personal, exploratory, and messy. Importantly, they typically used other media to share analyses. These studies demonstrate a tension between exploration and explanation in constructing and sharing computational notebooks. We conclude with opportunities to encourage explanation in computational media without hindering exploration.",openalex,llm,0.840,unreviewed,
discarded,phyloseq: An R Package for Reproducible Interactive Analysis and Graphics of Microbiome Census Data,Paul J. McMurdie; Susan Holmes,2013,PLoS ONE,10.1371/journal.pone.0061217,https://openalex.org/W2056279562,adjacent-subtopic,"BACKGROUND: the analysis of microbial communities through dna sequencing brings many challenges: the integration of different types of data with methods from ecology, genetics, phylogenetics, multivariate statistics, visualization and testing. With the increased breadth of experimental designs now being pursued, project-specific statistical analyses are often needed, and these analyses are often difficult (or impossible) for peer researchers to independently reproduce. The vast majority of the requisite tools for performing these analyses reproducibly are already implemented in R and its extensions (packages), but with limited support for high throughput microbiome census data. RESULTS: Here we describe a software project, phyloseq, dedicated to the object-oriented representation and analysis of microbiome census data in R. It supports importing data from a variety of common formats, as well as many analysis techniques. These include calibration, filtering, subsetting, agglomeration, multi-table comparisons, diversity analysis, parallelized Fast UniFrac, ordination methods, and production of publication-quality graphics; all in a manner that is easy to document, share, and modify. We show how to apply functions from other R packages to phyloseq-represented data, illustrating the availability of a large number of open source analysis techniques. We discuss the use of phyloseq with tools for reproducible research, a practice common in other fields but still rare in the analysis of highly parallel microbiome census data. We have made available all of the materials necessary to completely reproduce the analysis and figures included in this article, an example of best practices for reproducible research. CONCLUSIONS: The phyloseq project for R is a new open-source software package, freely available on the web from both GitHub and Bioconductor.",openalex,llm,0.920,unreviewed,
kept,A WYSIWYG literate programming system (preliminary report),Eitan M. Gurari; Jesse Wu,1991,,10.1145/327164.327217,https://openalex.org/W2073885540,qualifies-claim,"Conceptually, literate programming systems are document preparation systems that are augmented with features for writing programs. They offer features for identifying the different components of the programs, for highlighting the relations that exist between the components, and for explaining the components and the relations.",openalex,llm,0.930,unreviewed,
discarded,Imprimer: Computational Notebooks for CNC Milling,Jasper Tran O'Leary; Gabrielle Benabdallah; Nadya Peek,2023,,10.1145/3544548.3581334,https://openalex.org/W4366549831,adjacent-subtopic,"Digital fabrication in industrial contexts involves standardized procedures that prioritize precision and repeatability. However, fabrication machines are now available for practitioners who focus instead on experimentation. In this paper, we reframe hobbyist CNC milling as writing literate programs which interleave documentation, interactive graphics, and source code for machine control. To test this approach, we present Imprimer, a machine infrastructure for a CNC mill and an associated library for a computational notebook. Imprimer lets makers learn experimentally, prototype new interactions for making, and understand physical processes by writing and debugging code. We demonstrate three experimental milling workflows as computational notebooks, conduct a user study with practitioners with a range of backgrounds, and discuss literate programming as a future vision for digital fabrication altogether.",openalex,llm,0.810,unreviewed,
discarded,Employing Literate Programming Instruction in a Microprocessors Course,Bryan A. Jones; Mahnas Mohammadi-Aragh,2016,,10.18260/p.26941,https://openalex.org/W2614089611,adjacent-subtopic,"Through her role in the Hearin Engineering First-year Experiences (EFX) Program, she is assessing the college's current first-year",openalex,llm,0.830,unreviewed,
discarded,Algorithmic Debugging and Literate Programming to Generate Feedback in Intelligent Tutoring Systems,Claus Zinn,2014,Lecture notes in computer science,10.1007/978-3-319-11206-0_4,https://openalex.org/W21646973,adjacent-subtopic,,openalex,llm,0.710,unreviewed,
kept,DESL: A Literate Programming Language Framework for Interoperable Parallel Discrete Event Simulation,Simone Bauco; Romolo Marotta; Alessandro Pellegrini,2025,,10.1145/3726301.3728420,https://openalex.org/W4411515866,adjacent-subtopic,"Simulation is indispensable for advanced scientific research, enabling accurate explorations of complex phenomena and supporting evidence-based decision-making across interdisciplinary boundaries. Parallel Discrete Event Simulation (PDES) provides substantial advantages in modelling large-scale systems by distributing computational tasks among multiple processors, enhancing scalability. However, exploiting it is extremely challenging due to obstacles in model efficiency, concurrency control, reproducibility, and maintainability. Furthermore, the large number of available PDES run-time environments makes it difficult to explore their (performance) capabilities for some specific model, hindering the identification of the best-suited technology for a certain simulation study. To address these limitations, we introduce a unified framework grounded in literate programming and model-driven engineering, integrating interwoven documentation and model logic within a single source. This design enhances intrinsic consistency between model logic and explanatory content, while enabling the generation of model implementations tailored to multiple runtime environments, thus allowing simulationists to focus on model development without being locked in to any specific technology or environment. This facilitates model reuse and performance comparisons across diverse execution environments. We show the viability of this approach by providing the first-ever experimental comparison across three different simulators, starting from the same model implementation.",openalex,llm,0.720,unreviewed,
discarded,"A functional toolkit for morphological and phonological processing, application to a Sanskrit tagger",GÉRARD HUET,2005,Journal of Functional Programming,10.1017/s0956796804005416,https://openalex.org/W2136678187,adjacent-subtopic,"We present the Zen toolkit for morphological and phonological processing of natural languages. This toolkit is presented in literate programming style, in the Pidgin ML subset of the Objective Caml functional programming language. This toolkit is based on a systematic representation of finite state automata and transducers as decorated lexical trees. All operations on the state space data structures use the zipper technology, and a uniform sharing functor permits systematic maximum sharing as dags. A particular case of lexical maps is specially convenient for building invertible morphological operations such as inflected forms dictionaries, using a notion of differential word . As a particular application, we describe a general method for tagging a natural language text given as a phoneme stream by analysing possible euphonic liaisons between words belonging to a lexicon of inflected forms. The method uses the toolkit methodology by constructing a non-deterministic transducer, implementing rational rewrite rules, by mechanical decoration of a trie representation of the lexicon index. The algorithm is linear in the size of the lexicon. A coroutine interpreter is given, and its correctness and completeness are formally proved. An application to the segmentation of Sanskrit by sandhi analysis is demonstrated.",openalex,llm,0.780,unreviewed,
kept,Language-Agnostic Reproducible Data Analysis Using Literate Programming,Boris Vassilev; Riku Louhimo; Elina Ikonen; Sampsa Hautaniemi,2016,PLoS ONE,10.1371/journal.pone.0164023,https://openalex.org/W2528118653,supports-claim,"A modern biomedical research project can easily contain hundreds of analysis steps and lack of reproducibility of the analyses has been recognized as a severe issue. While thorough documentation enables reproducibility, the number of analysis programs used can be so large that in reality reproducibility cannot be easily achieved. Literate programming is an approach to present computer programs to human readers. The code is rearranged to follow the logic of the program, and to explain that logic in a natural language. The code executed by the computer is extracted from the literate source code. As such, literate programming is an ideal formalism for systematizing analysis steps in biomedical research. We have developed the reproducible computing tool Lir (literate, reproducible computing) that allows a tool-agnostic approach to biomedical data analysis. We demonstrate the utility of Lir by applying it to a case study. Our aim was to investigate the role of endosomal trafficking regulators to the progression of breast cancer. In this analysis, a variety of tools were combined to interpret the available data: a relational database, standard command-line tools, and a statistical computing environment. The analysis revealed that the lipid transport related genes LAPTM4B and NDRG1 are coamplified in breast cancer patients, and identified genes potentially cooperating with LAPTM4B in breast cancer progression. Our case study demonstrates that with Lir, an array of tools can be combined in the same data analysis to improve efficiency, reproducibility, and ease of understanding. Lir is an open-source software available at github.com/borisvassilev/lir.",openalex,llm,0.970,unreviewed,
discarded,"LUME: Eliminating Cognitive Distance - A Deterministic Natural-Language Programming Language with Intent-Resolving Compilation, Voice Input, Certified Security, and Synthetic Organism Runtime",Ronald Jason Andrews,2026,Zenodo (CERN European Organization for Nuclear Research),10.5281/zenodo.19382282,https://openalex.org/W7148269042,off-topic-false-hit,"Lume is a deterministic natural-language programming language that accepts natural English as valid source code. The compiler uses a 7-layer intent resolution pipeline in which Layers 1 through 6 are entirely deterministic; AI is used only as an optional final fallback. Version 1.1.0 introduces the Full-Stack Expansion Block: a 31-rule Deterministic Inference Rulebook (LDIR), Ed25519-signed Lume Trust Certificates (LTC), a Synthetic Organism Runtime (SOR) with a 7-state cell lifecycle and deterministic signal bus, and the Lume Multi-Agent Deterministic Protocol (LMADP). The compiler introduces a novel three-layer security model with live AST-level scanning that produces tamper-evident certificates embedded in the compiled output — a paradigm called ""certified at birth."" [...] v6 expands the Related Work section with critical academic references including Green and Petre's Cognitive Dimensions of Notations (1996), Erlang/OTP supervision trees (Armstrong, 2003), program synthesis (Gulwani's FlashFill, Solar-Lezama's Sketch), Knuth's Literate Programming, Simonyi's Intentional Programming, and the EU AI Act (2024). Patent pending — DarkWave Studios LLC. 38 ecosystem apps, 2,358 tests across 63 test files with 0 failures, 93 source modules, 179 patterns, 10 human languages, 5 compilation targets. **v6 — Updated April 16, 2026.**",openalex,llm,0.990,unreviewed,
