status,title,authors,year,venue,doi,url,tags,abstract,provider,decision_source,llm_confidence,llm_review_outcome,llm_change_direction
discarded,Supporting tailorable program visualisation through literate programming and fisheye views,"Cockburn, A",2001,INFORMATION AND SOFTWARE TECHNOLOGY,,https://www.webofscience.com/wos/woscc/full-record/WOS:000172077300001,adjacent-subtopic,"This paper describes the 'Jaba' program editor and browser that allows users to tailor the level of abstraction at which they visualise, browse, edit and document object-oriented programs. Its design draws on concepts from literate programming, holophrasting displays, fisheye visualisation and hypertext to allow programmers to rapidly move between abstract and detailed views of Java classes. The paper focuses on the motivation for, and user interface issues surrounding, the integration of these facilities in Jaba. Limitations in the current tools and theories for programming support are identified, and modifications are proposed and demonstrated. Examples include overcoming the static post-hoc documentation support provided by Javadoc, and normalising Fumas's 'degree of interest' fisheye visualisation formula to avoid excessive suppression of program segments. (C) 2001 Elsevier Science B.V. All rights reserved.",wos,llm,0.950,unreviewed,
