status,title,authors,year,venue,doi,url,tags,abstract,provider,decision_source,llm_confidence,llm_review_outcome,llm_change_direction
kept,FWEB: a literate programming system for Fortran8x,A. Avenarius; S. Oppermann,1990,ACM SIGPLAN Notices,10.1145/74105.74112,https://openalex.org/W2006437031,qualifies-claim,The new FWEB system applies the concept of literate programming to the FORTRAN8X language. Its design and implementation provided an opportunity to field-test WEB's applicability and provoked some reflections on its underlying concepts.,openalex,llm,0.940,unreviewed,
discarded,rotl: an R package to interact with the Open Tree of Life data,François Michonneau; Joseph W. Brown; David J. Winter,2016,Methods in Ecology and Evolution,10.1111/2041-210x.12593,https://openalex.org/W2177436571,off-topic-false-hit,"Summary While phylogenies have been getting easier to build, it has been difficult to reuse, combine and synthesize the information they provide because published trees are often only available as image files, and taxonomic information is not standardized across studies. The Open Tree of Life (OTL) project addresses these issues by providing a digital tree that encompasses all organisms, built by combining taxonomic information and published phylogenies. The project also provides tools and services to query and download parts of this synthetic tree, as well as the source data used to build it. Here, we present rotl, an R package to search and download data from the Open Tree of Life directly in R. rotl uses common data structures allowing researchers to take advantage of the rich set of tools and methods that are available in R to manipulate, analyse and visualize phylogenies. Here, and in the vignettes accompanying the package, we demonstrate how rotl can be used with other R packages to analyse biodiversity data. As phylogenies are being used in a growing number of applications, rotl facilitates access to phylogenetic data and allows their integration with statistical methods and data sources available in R.",openalex,llm,0.990,unreviewed,
discarded,f90wrap: an automated tool for constructing deep Python interfaces to modern Fortran codes,James R. Kermode,2020,Journal of Physics Condensed Matter,10.1088/1361-648x/ab82d2,https://openalex.org/W3013890918,off-topic-false-hit,"f90wrap is a tool to automatically generate Python extension modules which interface to Fortran libraries that makes use of derived types. It builds on the capabilities of the popular f2py utility by generating a simpler Fortran 90 interface to the original Fortran code which is then suitable for wrapping with f2py, together with a higher-level Pythonic wrapper that makes the existance of an additional layer transparent to the final user. f90wrap has been used to wrap a number of large software packages of relevance to the condensed matter physics community, including the QUIP molecular dynamics code and the CASTEP density functional theory code.",openalex,llm,0.990,unreviewed,
kept,Using literate programming to teach good programming practices,Stephen Shum; Curtis R. Cook,1994,,10.1145/191029.191059,https://openalex.org/W2022870891,adjacent-subtopic,"The ability to comprehend a program written by other individuals is becoming increasingly important in software development and maintenance. In an attempt to encourage undergraduate Computer Science students to write informative and usable documentation, the literate programming paradigm was incorporated into the teaching of one undergraduate Computer Science course at Augustana College. This paper describes the concept of literate programming, the experience of using literate programming to teach good programming practices, and the results from the experiment that showed that literate programming encourages more documentation.",openalex,llm,0.900,unreviewed,
discarded,"Models of soil organic matter decomposition: the SoilR package, version 1.0",Carlos A. Sierra; Markus M. Müller; Susan Trumbore,2012,Geoscientific model development,10.5194/gmd-5-1045-2012,https://openalex.org/W2160907400,off-topic-false-hit,"Abstract. Soil organic matter decomposition is a very important process within the Earth system because it controls the rates of mineralization of carbon and other biogeochemical elements, determining their flux to the atmosphere and the hydrosphere. SoilR is a modeling framework that contains a library of functions and tools for modeling soil organic matter decomposition under the R environment for computing. It implements a variety of model structures and tools to represent carbon storage and release from soil organic matter. In SoilR, organic matter decomposition is represented as a linear system of ordinary differential equations that generalizes the structure of most compartment-based decomposition models. A variety of functions is also available to represent environmental effects on decomposition rates. This document presents the conceptual basis for the functions implemented in the package. It is complementary to the help pages released with the software.",openalex,llm,0.980,unreviewed,
kept,The CLiP Style of Literate Programming,E.W. van Ammers; Mark R. Kramer,2000,,,https://openalex.org/W119461750,supports-claim,"Literate programming is a method to integrate programs with their documentation. Compilable modules are no separate entities, but they are extracted from the documentation. Most literate programming tools use explicit commands in the formatter input files to guide the extraction process. The CLiP approach presented in this paper relies on coding style instead. This makes the code extraction completely independent of the text processing environment. Thus CLiP can even be used in combination with a modern wordprocessor. In addition the CLiP mechanism is independent of programming languages as well, and the CLiP style is easily adapted to any language. Keywords: Literate programming, Language independent literate programming, Text processing independent literate programming, Multi-file/multi-module literate",openalex,llm,0.960,unreviewed,
kept,ProgDOC: A new program documentation system,Volker Simonis; Roland Weiß,2003,,,https://openalex.org/W2113631256,supports-claim,"Though programming languages and programming styles evolve with remarkable speed today, there is no such evolution in the field of program documentation. And although there exist some popular approaches like Knuth’s literate programming system WEB [26], and nowadays JavaDoc [15] or Doxygen [16], tools for managing software development and documentation are not as widespread as desirable. This paper analyses a wide range of literate programming tools available during the past two decades and introduces ProgDOC, a new software documentation system. It is simple, language independent, and it keeps documentation and the documented software consistent. It uses LATEX for typesetting purposes, supports syntax highlighting for various languages, and produces output in Postscript, PDF or HTML format.",openalex,llm,0.970,unreviewed,
discarded,The Desert environment,Steven P. Reiss,1999,ACM Transactions on Software Engineering and Methodology,10.1145/322993.322994,https://openalex.org/W2041490592,off-topic-false-hit,"The Desert software engineering environment is a suite of tools developed to enhance programmer productivity through increased tool integration. It introduces an inexpensive form of data integration to provide additional tool capabilities and information sharing among tools, uses a common editor to give high-quality semantic feedback and to integrate different types of software artifacts, and builds virtual files on demand to address specific tasks. All this is done in an open and extensible environment capable of handling large software systems.",openalex,llm,0.980,unreviewed,
discarded,"YesWorkflow: A User-Oriented, Language-Independent Tool for Recovering Workflow Information from Scripts",Timothy McPhillips; Tianhong Song; Tyler Kolisnik; S. Aulenbach; Khalid Belhajjame; R. Kyle Bocinsky; Yang Cao; Fernando Chirigati; Saumen Dey; Juliana Freire; D. N. Huntzinger; Christopher S. Jones; David Koop; Paolo Missier; Mark Schildhauer; Christopher R. Schwalm; Yaxing Wei; James Cheney; Mark Bieda; Bertram Ludaescher,2015,arXiv (Cornell University),10.48550/arxiv.1502.02403,https://openalex.org/W2952864324,adjacent-subtopic,"Scientific workflow management systems offer features for composing complex computational pipelines from modular building blocks, for executing the resulting automated workflows, and for recording the provenance of data products resulting from workflow runs. Despite the advantages such features provide, many automated workflows continue to be implemented and executed outside of scientific workflow systems due to the convenience and familiarity of scripting languages (such as Perl, Python, R, and MATLAB), and to the high productivity many scientists experience when using these languages. YesWorkflow is a set of software tools that aim to provide such users of scripting languages with many of the benefits of scientific workflow systems. YesWorkflow requires neither the use of a workflow engine nor the overhead of adapting code to run effectively in such a system. Instead, YesWorkflow enables scientists to annotate existing scripts with special comments that reveal the computational modules and dataflows otherwise implicit in these scripts. YesWorkflow tools extract and analyze these comments, represent the scripts in terms of entities based on the typical scientific workflow model, and provide graphical renderings of this workflow-like view of the scripts. Future versions of YesWorkflow also will allow the prospective provenance of the data products of these scripts to be queried in ways similar to those available to users of scientific workflow systems.",openalex,llm,0.900,unreviewed,
kept,Reimagining literate programming,James D. Palmer; Eddie Hillenbrand,2009,,10.1145/1639950.1640072,https://openalex.org/W1981167718,qualifies-claim,"In this paper we describe Ginger, a new language with first class support for literate programming. Literate programming is a philosophy that argues computer programs should be written as literature with human readability and understanding of paramount importance. While the intent of literate programming is to make understanding computer programs simpler, most literate programming systems are quite complex and consist of three different languages corresponding to 1) an implementation language, 2) a documentation language, and 3) a literate programming glue language. In Knuth's original implementation these were Pascal, TeX, and WEB respectively. Antithetical to the goals that literate programming espouses, this three language paradigm creates a truly challenging environment for new programmers. In this paper we reimagine literate programming as a core programming language feature and describe a novel system for literate programming based on G-expression transformations. We show that Ginger code can be used to naturally represent code, prose, and literate connections, which in turn unifies, simplifies and significantly extends the literate programming experience.",openalex,llm,0.930,unreviewed,
discarded,Managing Messes in Computational Notebooks,Andrew Head; Fred Hohman; Titus Barik; Steven M. Drucker; Robert DeLine,2019,,10.1145/3290605.3300500,https://openalex.org/W2941232686,adjacent-subtopic,"Data analysts use computational notebooks to write code for analyzing and visualizing data. Notebooks help analysts iteratively write analysis code by letting them interleave code with output, and selectively execute cells. However, as analysis progresses, analysts leave behind old code and outputs, and overwrite important code, producing cluttered and inconsistent notebooks. This paper introduces code gathering tools, extensions to computational notebooks that help analysts find, clean, recover, and compare versions of code in cluttered, inconsistent notebooks. The tools archive all versions of code outputs, allowing analysts to review these versions and recover the subsets of code that produced them. These subsets can serve as succinct summaries of analysis activity or starting points for new analyses. In a qualitative usability study, 12 professional analysts found the tools useful for cleaning notebooks and writing analysis code, and discovered new ways to use them, like generating personal documentation and lightweight versioning.",openalex,llm,0.890,unreviewed,
discarded,CoreASM: an extensible modeling framework & tool environment for high-level design and analysis of distributed systems,Roozbeh Farahbod,2009,Summit (Simon Fraser University),,https://openalex.org/W434402513,off-topic-false-hit,"Model-based systems engineering naturally requires abstract executable specifications to facilitate simulation and testing in early stages of the system design process.Abstraction and formalization provide effective instruments for establishing critical system requirements by precisely modeling the system prior to construction so that one can analyze and reason about specification and design choices and better understand their implications.There are many approaches to formal modeling of software and hardware systems.Abstract State Machines, or ASMs, are well known for their versatility in computational and mathematical modeling of complex distributed systems with an orientation toward practical applications.They offer a good compromise between declarative, functional and operational views towards modeling of systems.The emphasis on freedom of abstraction in ASMs leads to intuitive yet accurate descriptions of the dynamic properties of systems.Since ASMs are in principle executable, the resulting models are validatable and possibly falsifiable by experiment.Finally, the welldefined notion of step-wise refinement in ASMs bridges the gap between abstract models and their final implementations.There is a variety of tools and executable languages available for ASMs, each coming with their own strengths and limitations.Building on these experiences, this work puts forward the design and development of an extensible and executable ASM language and tool architecture, called CoreASM, emphasizing freedom of experimentation and design exploration in the early phases of the software development process.CoreASM aims at preserving the very idea of ASM modeling-the design of accurate abstract models at the level of abstraction determined by the application domain, while encouraging rapid prototyping of such abstract models for testing and design space exploration.In addition, the extensible language and tool architecture of CoreASM facilitates integration of domain specific concepts and special-purpose tools into its language and modeling environment.iii CoreASM has been applied in a broad scope of R&D projects, spanning maritime surveillance, situation analysis, and computational criminology.In light of these applications, we argue that the design and implementation of CoreASM accomplishes its goals; it not only preserves the desirable characteristics of abstract mathematical models, such as conciseness, simplicity and intelligibility, but it also adheres to the methodological guidelines and best practices for ASM modeling.",openalex,llm,0.980,unreviewed,
discarded,A Language-Independent Static Checking System for Coding Conventions,Sarah Mount,2013,Wolverhampton Intellectual Repository and E-Theses (University of Wolverhampton),,https://openalex.org/W2105286820,off-topic-false-hit,A thesis submitted in partial fulfilment of the requirements of the University of Wolverhampton for the degree of Doctor of Philosophy.,openalex,llm,0.970,unreviewed,
discarded,Nonlinear Mixed‐Effects Model Development and Simulation Using nlmixr and Related R Open‐Source Packages,Matthew Fidler; Justin Wilkins; Richard Hooijmaijers; Teun M. Post; Rik C. Schoemaker; Mirjam N. Trame; Yuan Xiong; Wenping Wang,2019,CPT Pharmacometrics & Systems Pharmacology,10.1002/psp4.12445,https://openalex.org/W2950199458,off-topic-false-hit,"nlmixr is a free and open-source R package for fitting nonlinear pharmacokinetic (PK), pharmacodynamic (PD), joint PK-PD, and quantitative systems pharmacology mixed-effects models. Currently, nlmixr is capable of fitting both traditional compartmental PK models as well as more complex models implemented using ordinary differential equations. We believe that, over time, it will become a capable, credible alternative to commercial software tools, such as NONMEM, Monolix, and Phoenix NLME.",openalex,llm,0.980,unreviewed,
discarded,Using R in hydrology: a review of recent developments and future directions,Louise Slater; Guillaume Thirel; Shaun Harrigan; Olivier Delaigue; Alexander Hurley; Abdou Khouakhi; Ilaria Prosdocimi; Claudia Vitolo; Katie Smith,2019,Hydrology and earth system sciences,10.5194/hess-23-2939-2019,https://openalex.org/W2917880199,adjacent-subtopic,"Abstract. The open-source programming language R has gained a central place in the hydrological sciences over the last decade, driven by the availability of diverse hydro-meteorological data archives and the development of open-source computational tools. The growth of R's usage in hydrology is reflected in the number of newly published hydrological packages, the strengthening of online user communities, and the popularity of training courses and events. In this paper, we explore the benefits and advantages of R's usage in hydrology, such as the democratization of data science and numerical literacy, the enhancement of reproducible research and open science, the access to statistical tools, the ease of connecting R to and from other languages, and the support provided by a growing community. This paper provides an overview of a typical hydrological workflow based on reproducible principles and packages for retrieval of hydro-meteorological data, spatial analysis, hydrological modelling, statistics, and the design of static and dynamic visualizations and documents. We discuss some of the challenges that arise when using R in hydrology and useful tools to overcome them, including the use of hydrological libraries, documentation, and vignettes (long-form guides that illustrate how to use packages); the role of integrated development environments (IDEs); and the challenges of big data and parallel computing in hydrology. Lastly, this paper provides a roadmap for R's future within hydrology, with R packages as a driver of progress in the hydrological sciences, application programming interfaces (APIs) providing new avenues for data acquisition and provision, enhanced teaching of hydrology in R, and the continued growth of the community via short courses and events.",openalex,llm,0.860,unreviewed,
discarded,Remote Labs Meet Computational Notebooks: An Architecture for Simplifying the Workflow of Remote Educational Experiments,Oswaldo Andrés Vanegas Guillén; Pablo Parra; Javier Mu Muñoz-Antón; Johanna Zumba Gamboa; Carlos Dillon Vera,2023,IEEE Access,10.1109/access.2023.3336287,https://openalex.org/W4388964137,adjacent-subtopic,"Online laboratories and computational notebooks have established themselves as essential tools in the fields of engineering and science education, significantly enhancing the teaching and learning experience. Despite the benefits of remote laboratories, and although architectures, models, and tools have been proposed to facilitate the work involved in their implementation, challenges remain in the development lifecycle. This paper proposes a novel architecture that simplifies the development and management of remote experiments using a publisher-subscriber communication paradigm to securely and efficiently integrate WebAssembly computational notebooks. This approach eliminates the need for additional infrastructure for communication at the lab stations. It also avoids the need for servers to deploy notebooks, because all operations, calculations, and data processing run locally in the user’s web browser. To achieve this, a remote laboratory management system (RLMS) interoperable with virtual learning environments was designed and implemented, including notebook-based authoring, learning scenarios, and grading tools. As a case study, remote experiments were developed to characterize and evaluate the performance of heat exchangers using a thermal fluid systems test bench built for this project. Several quality criteria categorized into technical, educational, and adaptability groups were quantitatively evaluated using the responses of 70 participants from two different universities. The analysis highlighted both the advantages and challenges of the proposal, with a significant emphasis on interaction, scalability, reusability, interoperability, and accessibility. The results confirmed the effectiveness of the notebooks in each phase of the remote experiments, demonstrating an increase in students’ active and autonomous participation and exploration.",openalex,llm,0.860,unreviewed,
